<?xml version="1.0" encoding="UTF-8"?>
<testsuite xmlns:xsi="http://www.w3.org/2001/XMLSchema-instance" xsi:noNamespaceSchemaLocation="https://maven.apache.org/surefire/maven-surefire-plugin/xsd/surefire-test-report.xsd" name="org.apache.hadoop.ozone.client.rpc.TestBlockOutputStreamWithFailures" time="635.543" tests="8" errors="5" skipped="0" failures="0">
  <properties>
    <property name="awt.toolkit" value="sun.awt.X11.XToolkit"/>
    <property name="file.encoding.pkg" value="sun.io"/>
    <property name="java.specification.version" value="1.8"/>
    <property name="sun.cpu.isalist" value=""/>
    <property name="sun.jnu.encoding" value="UTF-8"/>
    <property name="java.class.path" value="/workdir/hadoop-ozone/integration-test/target/test-classes:/workdir/hadoop-ozone/integration-test/target/classes:/home/user/.m2/repository/org/apache/hadoop/hadoop-ozone-common/0.5.0-SNAPSHOT/hadoop-ozone-common-0.5.0-SNAPSHOT.jar:/home/user/.m2/repository/org/apache/commons/commons-compress/1.4.1/commons-compress-1.4.1.jar:/home/user/.m2/repository/org/tukaani/xz/1.0/xz-1.0.jar:/home/user/.m2/repository/org/apache/hadoop/hadoop-common/3.2.0/hadoop-common-3.2.0.jar:/home/user/.m2/repository/org/apache/hadoop/hadoop-hdfs/3.2.0/hadoop-hdfs-3.2.0.jar:/home/user/.m2/repository/org/apache/hadoop/hadoop-hdfs-client/3.2.0/hadoop-hdfs-client-3.2.0.jar:/home/user/.m2/repository/com/fasterxml/jackson/core/jackson-annotations/2.9.9/jackson-annotations-2.9.9.jar:/home/user/.m2/repository/org/apache/hadoop/hadoop-hdds-common/0.5.0-SNAPSHOT/hadoop-hdds-common-0.5.0-SNAPSHOT.jar:/home/user/.m2/repository/javax/annotation/javax.annotation-api/1.2/javax.annotation-api-1.2.jar:/home/user/.m2/repository/org/apache/ratis/ratis-server/0.4.0/ratis-server-0.4.0.jar:/home/user/.m2/repository/org/apache/ratis/ratis-thirdparty-misc/0.2.0/ratis-thirdparty-misc-0.2.0.jar:/home/user/.m2/repository/org/apache/ratis/ratis-proto/0.4.0/ratis-proto-0.4.0.jar:/home/user/.m2/repository/org/apache/ratis/ratis-common/0.4.0/ratis-common-0.4.0.jar:/home/user/.m2/repository/org/apache/ratis/ratis-client/0.4.0/ratis-client-0.4.0.jar:/home/user/.m2/repository/org/apache/ratis/ratis-metrics/0.4.0/ratis-metrics-0.4.0.jar:/home/user/.m2/repository/com/github/joshelser/dropwizard-metrics-hadoop-metrics2-reporter/0.1.2/dropwizard-metrics-hadoop-metrics2-reporter-0.1.2.jar:/home/user/.m2/repository/io/dropwizard/metrics/metrics-jvm/3.2.5/metrics-jvm-3.2.5.jar:/home/user/.m2/repository/io/dropwizard/metrics/metrics-ganglia/3.2.5/metrics-ganglia-3.2.5.jar:/home/user/.m2/repository/info/ganglia/gmetric4j/gmetric4j/1.0.7/gmetric4j-1.0.7.jar:/home/user/.m2/repository/org/apache/ratis/ratis-netty/0.4.0/ratis-netty-0.4.0.jar:/home/user/.m2/repository/org/apache/ratis/ratis-grpc/0.4.0/ratis-grpc-0.4.0.jar:/home/user/.m2/repository/org/rocksdb/rocksdbjni/6.0.1/rocksdbjni-6.0.1.jar:/home/user/.m2/repository/org/apache/logging/log4j/log4j-api/2.11.0/log4j-api-2.11.0.jar:/home/user/.m2/repository/org/apache/logging/log4j/log4j-core/2.11.0/log4j-core-2.11.0.jar:/home/user/.m2/repository/com/lmax/disruptor/3.4.2/disruptor-3.4.2.jar:/home/user/.m2/repository/org/apache/commons/commons-pool2/2.6.0/commons-pool2-2.6.0.jar:/home/user/.m2/repository/org/bouncycastle/bcpkix-jdk15on/1.60/bcpkix-jdk15on-1.60.jar:/home/user/.m2/repository/commons-validator/commons-validator/1.6/commons-validator-1.6.jar:/home/user/.m2/repository/commons-digester/commons-digester/1.8.1/commons-digester-1.8.1.jar:/home/user/.m2/repository/io/jaegertracing/jaeger-client/0.34.0/jaeger-client-0.34.0.jar:/home/user/.m2/repository/io/jaegertracing/jaeger-thrift/0.34.0/jaeger-thrift-0.34.0.jar:/home/user/.m2/repository/org/apache/thrift/libthrift/0.12.0/libthrift-0.12.0.jar:/home/user/.m2/repository/com/squareup/okhttp3/okhttp/3.9.0/okhttp-3.9.0.jar:/home/user/.m2/repository/com/squareup/okio/okio/1.13.0/okio-1.13.0.jar:/home/user/.m2/repository/io/jaegertracing/jaeger-core/0.34.0/jaeger-core-0.34.0.jar:/home/user/.m2/repository/io/jaegertracing/jaeger-tracerresolver/0.34.0/jaeger-tracerresolver-0.34.0.jar:/home/user/.m2/repository/io/opentracing/contrib/opentracing-tracerresolver/0.1.5/opentracing-tracerresolver-0.1.5.jar:/home/user/.m2/repository/io/opentracing/opentracing-util/0.31.0/opentracing-util-0.31.0.jar:/home/user/.m2/repository/io/opentracing/opentracing-api/0.31.0/opentracing-api-0.31.0.jar:/home/user/.m2/repository/io/opentracing/opentracing-noop/0.31.0/opentracing-noop-0.31.0.jar:/home/user/.m2/repository/org/apache/hadoop/hadoop-hdds-server-framework/0.5.0-SNAPSHOT/hadoop-hdds-server-framework-0.5.0-SNAPSHOT.jar:/home/user/.m2/repository/org/apache/hadoop/hadoop-hdds-container-service/0.5.0-SNAPSHOT/hadoop-hdds-container-service-0.5.0-SNAPSHOT.jar:/home/user/.m2/repository/org/apache/hadoop/hadoop-hdds-client/0.5.0-SNAPSHOT/hadoop-hdds-client-0.5.0-SNAPSHOT.jar:/home/user/.m2/repository/org/apache/hadoop/hadoop-hdds-tools/0.5.0-SNAPSHOT/hadoop-hdds-tools-0.5.0-SNAPSHOT.jar:/home/user/.m2/repository/org/apache/hadoop/hadoop-hdds-server-scm/0.5.0-SNAPSHOT/hadoop-hdds-server-scm-0.5.0-SNAPSHOT.jar:/home/user/.m2/repository/org/apache/hadoop/hadoop-hdds-docs/0.5.0-SNAPSHOT/hadoop-hdds-docs-0.5.0-SNAPSHOT.jar:/home/user/.m2/repository/io/dropwizard/metrics/metrics-core/3.2.4/metrics-core-3.2.4.jar:/home/user/.m2/repository/org/hamcrest/hamcrest-all/1.3/hamcrest-all-1.3.jar:/home/user/.m2/repository/org/bouncycastle/bcprov-jdk15on/1.60/bcprov-jdk15on-1.60.jar:/home/user/.m2/repository/info/picocli/picocli/3.9.6/picocli-3.9.6.jar:/home/user/.m2/repository/com/google/protobuf/protobuf-java/2.5.0/protobuf-java-2.5.0.jar:/home/user/.m2/repository/com/google/guava/guava/11.0.2/guava-11.0.2.jar:/home/user/.m2/repository/org/apache/hadoop/hadoop-ozone-ozone-manager/0.5.0-SNAPSHOT/hadoop-ozone-ozone-manager-0.5.0-SNAPSHOT.jar:/home/user/.m2/repository/org/apache/hadoop/hadoop-minikdc/3.2.0/hadoop-minikdc-3.2.0.jar:/home/user/.m2/repository/commons-io/commons-io/2.5/commons-io-2.5.jar:/home/user/.m2/repository/org/apache/kerby/kerb-simplekdc/1.0.1/kerb-simplekdc-1.0.1.jar:/home/user/.m2/repository/org/apache/kerby/kerb-client/1.0.1/kerb-client-1.0.1.jar:/home/user/.m2/repository/org/apache/kerby/kerby-config/1.0.1/kerby-config-1.0.1.jar:/home/user/.m2/repository/org/apache/kerby/kerb-core/1.0.1/kerb-core-1.0.1.jar:/home/user/.m2/repository/org/apache/kerby/kerby-pkix/1.0.1/kerby-pkix-1.0.1.jar:/home/user/.m2/repository/org/apache/kerby/kerby-asn1/1.0.1/kerby-asn1-1.0.1.jar:/home/user/.m2/repository/org/apache/kerby/kerby-util/1.0.1/kerby-util-1.0.1.jar:/home/user/.m2/repository/org/apache/kerby/kerb-common/1.0.1/kerb-common-1.0.1.jar:/home/user/.m2/repository/org/apache/kerby/kerb-crypto/1.0.1/kerb-crypto-1.0.1.jar:/home/user/.m2/repository/org/apache/kerby/kerb-util/1.0.1/kerb-util-1.0.1.jar:/home/user/.m2/repository/org/apache/kerby/token-provider/1.0.1/token-provider-1.0.1.jar:/home/user/.m2/repository/org/apache/kerby/kerb-admin/1.0.1/kerb-admin-1.0.1.jar:/home/user/.m2/repository/org/apache/kerby/kerb-server/1.0.1/kerb-server-1.0.1.jar:/home/user/.m2/repository/org/apache/kerby/kerb-identity/1.0.1/kerb-identity-1.0.1.jar:/home/user/.m2/repository/org/apache/kerby/kerby-xdr/1.0.1/kerby-xdr-1.0.1.jar:/home/user/.m2/repository/org/slf4j/slf4j-log4j12/1.7.25/slf4j-log4j12-1.7.25.jar:/home/user/.m2/repository/org/apache/hadoop/hadoop-ozone-s3gateway/0.5.0-SNAPSHOT/hadoop-ozone-s3gateway-0.5.0-SNAPSHOT.jar:/home/user/.m2/repository/org/jboss/weld/servlet/weld-servlet/2.4.7.Final/weld-servlet-2.4.7.Final.jar:/home/user/.m2/repository/org/glassfish/jersey/containers/jersey-container-servlet-core/2.27/jersey-container-servlet-core-2.27.jar:/home/user/.m2/repository/org/glassfish/hk2/external/javax.inject/2.5.0-b42/javax.inject-2.5.0-b42.jar:/home/user/.m2/repository/org/glassfish/jersey/core/jersey-common/2.27/jersey-common-2.27.jar:/home/user/.m2/repository/org/glassfish/hk2/osgi-resource-locator/1.0.1/osgi-resource-locator-1.0.1.jar:/home/user/.m2/repository/javax/ws/rs/javax.ws.rs-api/2.1/javax.ws.rs-api-2.1.jar:/home/user/.m2/repository/org/glassfish/jersey/ext/cdi/jersey-cdi1x/2.27/jersey-cdi1x-2.27.jar:/home/user/.m2/repository/org/glassfish/jersey/inject/jersey-hk2/2.27/jersey-hk2-2.27.jar:/home/user/.m2/repository/org/glassfish/hk2/hk2-locator/2.5.0-b42/hk2-locator-2.5.0-b42.jar:/home/user/.m2/repository/org/javassist/javassist/3.22.0-CR2/javassist-3.22.0-CR2.jar:/home/user/.m2/repository/org/glassfish/hk2/hk2-api/2.5.0/hk2-api-2.5.0.jar:/home/user/.m2/repository/org/glassfish/hk2/external/jakarta.inject/2.5.0/jakarta.inject-2.5.0.jar:/home/user/.m2/repository/org/glassfish/hk2/hk2-utils/2.5.0/hk2-utils-2.5.0.jar:/home/user/.m2/repository/jakarta/annotation/jakarta.annotation-api/1.3.4/jakarta.annotation-api-1.3.4.jar:/home/user/.m2/repository/org/glassfish/hk2/external/aopalliance-repackaged/2.5.0/aopalliance-repackaged-2.5.0.jar:/home/user/.m2/repository/com/fasterxml/jackson/dataformat/jackson-dataformat-xml/2.9.0/jackson-dataformat-xml-2.9.0.jar:/home/user/.m2/repository/com/fasterxml/jackson/core/jackson-core/2.9.9/jackson-core-2.9.9.jar:/home/user/.m2/repository/com/fasterxml/jackson/module/jackson-module-jaxb-annotations/2.9.9/jackson-module-jaxb-annotations-2.9.9.jar:/home/user/.m2/repository/javax/enterprise/cdi-api/1.2/cdi-api-1.2.jar:/home/user/.m2/repository/javax/el/javax.el-api/3.0.0/javax.el-api-3.0.0.jar:/home/user/.m2/repository/javax/interceptor/javax.interceptor-api/1.2/javax.interceptor-api-1.2.jar:/home/user/.m2/repository/javax/inject/javax.inject/1/javax.inject-1.jar:/home/user/.m2/repository/com/sun/xml/bind/jaxb-impl/2.3.0.1/jaxb-impl-2.3.0.1.jar:/home/user/.m2/repository/com/sun/xml/bind/jaxb-core/2.3.0.1/jaxb-core-2.3.0.1.jar:/home/user/.m2/repository/javax/xml/bind/jaxb-api/2.3.0/jaxb-api-2.3.0.jar:/home/user/.m2/repository/javax/activation/activation/1.1.1/activation-1.1.1.jar:/home/user/.m2/repository/org/apache/hadoop/hadoop-ozone-csi/0.5.0-SNAPSHOT/hadoop-ozone-csi-0.5.0-SNAPSHOT.jar:/home/user/.m2/repository/com/google/protobuf/protobuf-java-util/3.5.1/protobuf-java-util-3.5.1.jar:/home/user/.m2/repository/org/apache/hadoop/hadoop-hdds-config/0.5.0-SNAPSHOT/hadoop-hdds-config-0.5.0-SNAPSHOT.jar:/home/user/.m2/repository/io/grpc/grpc-netty/1.17.1/grpc-netty-1.17.1.jar:/home/user/.m2/repository/io/grpc/grpc-core/1.17.1/grpc-core-1.17.1.jar:/home/user/.m2/repository/io/grpc/grpc-context/1.17.1/grpc-context-1.17.1.jar:/home/user/.m2/repository/com/google/errorprone/error_prone_annotations/2.2.0/error_prone_annotations-2.2.0.jar:/home/user/.m2/repository/org/codehaus/mojo/animal-sniffer-annotations/1.17/animal-sniffer-annotations-1.17.jar:/home/user/.m2/repository/io/opencensus/opencensus-api/0.17.0/opencensus-api-0.17.0.jar:/home/user/.m2/repository/io/opencensus/opencensus-contrib-grpc-metrics/0.17.0/opencensus-contrib-grpc-metrics-0.17.0.jar:/home/user/.m2/repository/io/netty/netty-codec-http2/4.1.30.Final/netty-codec-http2-4.1.30.Final.jar:/home/user/.m2/repository/io/netty/netty-codec-http/4.1.30.Final/netty-codec-http-4.1.30.Final.jar:/home/user/.m2/repository/io/netty/netty-codec/4.1.30.Final/netty-codec-4.1.30.Final.jar:/home/user/.m2/repository/io/netty/netty-handler/4.1.30.Final/netty-handler-4.1.30.Final.jar:/home/user/.m2/repository/io/netty/netty-handler-proxy/4.1.30.Final/netty-handler-proxy-4.1.30.Final.jar:/home/user/.m2/repository/io/netty/netty-codec-socks/4.1.30.Final/netty-codec-socks-4.1.30.Final.jar:/home/user/.m2/repository/io/netty/netty-transport-native-epoll/4.1.30.Final/netty-transport-native-epoll-4.1.30.Final.jar:/home/user/.m2/repository/io/netty/netty-common/4.1.30.Final/netty-common-4.1.30.Final.jar:/home/user/.m2/repository/io/netty/netty-buffer/4.1.30.Final/netty-buffer-4.1.30.Final.jar:/home/user/.m2/repository/io/netty/netty-transport/4.1.30.Final/netty-transport-4.1.30.Final.jar:/home/user/.m2/repository/io/netty/netty-resolver/4.1.30.Final/netty-resolver-4.1.30.Final.jar:/home/user/.m2/repository/io/netty/netty-transport-native-unix-common/4.1.30.Final/netty-transport-native-unix-common-4.1.30.Final.jar:/home/user/.m2/repository/io/grpc/grpc-protobuf/1.17.1/grpc-protobuf-1.17.1.jar:/home/user/.m2/repository/com/google/api/grpc/proto-google-common-protos/1.0.0/proto-google-common-protos-1.0.0.jar:/home/user/.m2/repository/io/grpc/grpc-protobuf-lite/1.17.1/grpc-protobuf-lite-1.17.1.jar:/home/user/.m2/repository/io/grpc/grpc-stub/1.17.1/grpc-stub-1.17.1.jar:/home/user/.m2/repository/org/apache/hadoop/hadoop-ozone-recon/0.5.0-SNAPSHOT/hadoop-ozone-recon-0.5.0-SNAPSHOT.jar:/home/user/.m2/repository/org/apache/hadoop/hadoop-ozone-reconcodegen/0.5.0-SNAPSHOT/hadoop-ozone-reconcodegen-0.5.0-SNAPSHOT.jar:/home/user/.m2/repository/com/google/inject/extensions/guice-multibindings/4.0/guice-multibindings-4.0.jar:/home/user/.m2/repository/com/google/inject/guice/4.0/guice-4.0.jar:/home/user/.m2/repository/aopalliance/aopalliance/1.0/aopalliance-1.0.jar:/home/user/.m2/repository/com/google/inject/extensions/guice-servlet/4.0/guice-servlet-4.0.jar:/home/user/.m2/repository/org/glassfish/jersey/containers/jersey-container-servlet/2.27/jersey-container-servlet-2.27.jar:/home/user/.m2/repository/org/glassfish/hk2/guice-bridge/2.5.0/guice-bridge-2.5.0.jar:/home/user/.m2/repository/org/glassfish/jersey/core/jersey-server/2.27/jersey-server-2.27.jar:/home/user/.m2/repository/org/glassfish/jersey/core/jersey-client/2.27/jersey-client-2.27.jar:/home/user/.m2/repository/org/glassfish/jersey/media/jersey-media-jaxb/2.27/jersey-media-jaxb-2.27.jar:/home/user/.m2/repository/javax/validation/validation-api/1.1.0.Final/validation-api-1.1.0.Final.jar:/home/user/.m2/repository/org/glassfish/jersey/media/jersey-media-json-jackson/2.27/jersey-media-json-jackson-2.27.jar:/home/user/.m2/repository/org/glassfish/jersey/ext/jersey-entity-filtering/2.27/jersey-entity-filtering-2.27.jar:/home/user/.m2/repository/com/google/inject/extensions/guice-assistedinject/4.0/guice-assistedinject-4.0.jar:/home/user/.m2/repository/org/jooq/jooq/3.11.10/jooq-3.11.10.jar:/home/user/.m2/repository/org/jooq/jooq-meta/3.11.10/jooq-meta-3.11.10.jar:/home/user/.m2/repository/org/jooq/jooq-codegen/3.11.10/jooq-codegen-3.11.10.jar:/home/user/.m2/repository/com/jolbox/bonecp/0.8.0.RELEASE/bonecp-0.8.0.RELEASE.jar:/home/user/.m2/repository/org/xerial/sqlite-jdbc/3.25.2/sqlite-jdbc-3.25.2.jar:/home/user/.m2/repository/org/springframework/spring-jdbc/5.1.3.RELEASE/spring-jdbc-5.1.3.RELEASE.jar:/home/user/.m2/repository/org/springframework/spring-beans/5.1.3.RELEASE/spring-beans-5.1.3.RELEASE.jar:/home/user/.m2/repository/org/springframework/spring-core/5.1.3.RELEASE/spring-core-5.1.3.RELEASE.jar:/home/user/.m2/repository/org/springframework/spring-jcl/5.1.3.RELEASE/spring-jcl-5.1.3.RELEASE.jar:/home/user/.m2/repository/org/springframework/spring-tx/5.1.3.RELEASE/spring-tx-5.1.3.RELEASE.jar:/home/user/.m2/repository/org/apache/hadoop/hadoop-ozone-client/0.5.0-SNAPSHOT/hadoop-ozone-client-0.5.0-SNAPSHOT.jar:/home/user/.m2/repository/commons-lang/commons-lang/2.6/commons-lang-2.6.jar:/home/user/.m2/repository/org/apache/hadoop/hadoop-ozone-ozone-manager/0.5.0-SNAPSHOT/hadoop-ozone-ozone-manager-0.5.0-SNAPSHOT-tests.jar:/home/user/.m2/repository/junit/junit/4.11/junit-4.11.jar:/home/user/.m2/repository/org/hamcrest/hamcrest-core/1.3/hamcrest-core-1.3.jar:/home/user/.m2/repository/org/openjdk/jmh/jmh-core/1.19/jmh-core-1.19.jar:/home/user/.m2/repository/net/sf/jopt-simple/jopt-simple/4.6/jopt-simple-4.6.jar:/home/user/.m2/repository/org/apache/commons/commons-math3/3.1.1/commons-math3-3.1.1.jar:/home/user/.m2/repository/org/openjdk/jmh/jmh-generator-annprocess/1.19/jmh-generator-annprocess-1.19.jar:/home/user/.m2/repository/org/mockito/mockito-all/1.8.5/mockito-all-1.8.5.jar:/home/user/.m2/repository/org/apache/hadoop/hadoop-kms/3.2.0/hadoop-kms-3.2.0.jar:/home/user/.m2/repository/org/apache/hadoop/hadoop-auth/3.2.0/hadoop-auth-3.2.0.jar:/home/user/.m2/repository/com/nimbusds/nimbus-jose-jwt/4.41.1/nimbus-jose-jwt-4.41.1.jar:/home/user/.m2/repository/com/github/stephenc/jcip/jcip-annotations/1.0-1/jcip-annotations-1.0-1.jar:/home/user/.m2/repository/net/minidev/json-smart/2.3/json-smart-2.3.jar:/home/user/.m2/repository/net/minidev/accessors-smart/1.2/accessors-smart-1.2.jar:/home/user/.m2/repository/org/ow2/asm/asm/5.0.4/asm-5.0.4.jar:/home/user/.m2/repository/org/apache/curator/curator-framework/2.12.0/curator-framework-2.12.0.jar:/home/user/.m2/repository/com/sun/jersey/jersey-core/1.19/jersey-core-1.19.jar:/home/user/.m2/repository/javax/ws/rs/jsr311-api/1.1.1/jsr311-api-1.1.1.jar:/home/user/.m2/repository/com/sun/jersey/jersey-server/1.19/jersey-server-1.19.jar:/home/user/.m2/repository/javax/servlet/javax.servlet-api/3.1.0/javax.servlet-api-3.1.0.jar:/home/user/.m2/repository/org/eclipse/jetty/jetty-server/9.3.25.v20180904/jetty-server-9.3.25.v20180904.jar:/home/user/.m2/repository/org/eclipse/jetty/jetty-http/9.3.25.v20180904/jetty-http-9.3.25.v20180904.jar:/home/user/.m2/repository/org/eclipse/jetty/jetty-io/9.3.25.v20180904/jetty-io-9.3.25.v20180904.jar:/home/user/.m2/repository/org/eclipse/jetty/jetty-webapp/9.3.25.v20180904/jetty-webapp-9.3.25.v20180904.jar:/home/user/.m2/repository/org/eclipse/jetty/jetty-xml/9.3.25.v20180904/jetty-xml-9.3.25.v20180904.jar:/home/user/.m2/repository/log4j/log4j/1.2.17/log4j-1.2.17.jar:/home/user/.m2/repository/org/slf4j/slf4j-api/1.7.25/slf4j-api-1.7.25.jar:/home/user/.m2/repository/org/slf4j/jul-to-slf4j/1.7.25/jul-to-slf4j-1.7.25.jar:/home/user/.m2/repository/org/eclipse/jetty/jetty-util/9.3.25.v20180904/jetty-util-9.3.25.v20180904.jar:/home/user/.m2/repository/com/fasterxml/jackson/core/jackson-databind/2.9.9/jackson-databind-2.9.9.jar:/home/user/.m2/repository/org/apache/hadoop/hadoop-kms/3.2.0/hadoop-kms-3.2.0-tests.jar:/home/user/.m2/repository/org/apache/hadoop/hadoop-hdds-server-scm/0.5.0-SNAPSHOT/hadoop-hdds-server-scm-0.5.0-SNAPSHOT-tests.jar:/home/user/.m2/repository/org/apache/hadoop/hadoop-hdds-container-service/0.5.0-SNAPSHOT/hadoop-hdds-container-service-0.5.0-SNAPSHOT-tests.jar:/home/user/.m2/repository/org/yaml/snakeyaml/1.16/snakeyaml-1.16.jar:/home/user/.m2/repository/org/apache/hadoop/hadoop-common/3.2.0/hadoop-common-3.2.0-tests.jar:/home/user/.m2/repository/org/apache/hadoop/hadoop-annotations/3.2.0/hadoop-annotations-3.2.0.jar:/usr/lib/jvm/java-1.8-openjdk/jre/../lib/tools.jar:/home/user/.m2/repository/commons-cli/commons-cli/1.2/commons-cli-1.2.jar:/home/user/.m2/repository/org/apache/httpcomponents/httpclient/4.5.2/httpclient-4.5.2.jar:/home/user/.m2/repository/org/apache/httpcomponents/httpcore/4.4.4/httpcore-4.4.4.jar:/home/user/.m2/repository/commons-codec/commons-codec/1.11/commons-codec-1.11.jar:/home/user/.m2/repository/commons-net/commons-net/3.6/commons-net-3.6.jar:/home/user/.m2/repository/commons-collections/commons-collections/3.2.2/commons-collections-3.2.2.jar:/home/user/.m2/repository/org/eclipse/jetty/jetty-servlet/9.3.25.v20180904/jetty-servlet-9.3.25.v20180904.jar:/home/user/.m2/repository/org/eclipse/jetty/jetty-security/9.3.25.v20180904/jetty-security-9.3.25.v20180904.jar:/home/user/.m2/repository/javax/servlet/jsp/jsp-api/2.1/jsp-api-2.1.jar:/home/user/.m2/repository/com/sun/jersey/jersey-servlet/1.19/jersey-servlet-1.19.jar:/home/user/.m2/repository/com/sun/jersey/jersey-json/1.19/jersey-json-1.19.jar:/home/user/.m2/repository/org/codehaus/jettison/jettison/1.1/jettison-1.1.jar:/home/user/.m2/repository/org/codehaus/jackson/jackson-core-asl/1.9.13/jackson-core-asl-1.9.13.jar:/home/user/.m2/repository/org/codehaus/jackson/jackson-mapper-asl/1.9.13/jackson-mapper-asl-1.9.13.jar:/home/user/.m2/repository/org/codehaus/jackson/jackson-jaxrs/1.9.13/jackson-jaxrs-1.9.13.jar:/home/user/.m2/repository/org/codehaus/jackson/jackson-xc/1.9.13/jackson-xc-1.9.13.jar:/home/user/.m2/repository/commons-logging/commons-logging/1.1.3/commons-logging-1.1.3.jar:/home/user/.m2/repository/commons-beanutils/commons-beanutils/1.9.4/commons-beanutils-1.9.4.jar:/home/user/.m2/repository/org/apache/commons/commons-configuration2/2.1.1/commons-configuration2-2.1.1.jar:/home/user/.m2/repository/org/apache/commons/commons-lang3/3.7/commons-lang3-3.7.jar:/home/user/.m2/repository/org/apache/commons/commons-text/1.4/commons-text-1.4.jar:/home/user/.m2/repository/org/apache/avro/avro/1.7.7/avro-1.7.7.jar:/home/user/.m2/repository/com/thoughtworks/paranamer/paranamer/2.3/paranamer-2.3.jar:/home/user/.m2/repository/org/xerial/snappy/snappy-java/1.0.5/snappy-java-1.0.5.jar:/home/user/.m2/repository/com/google/re2j/re2j/1.1/re2j-1.1.jar:/home/user/.m2/repository/com/google/code/gson/gson/2.2.4/gson-2.2.4.jar:/home/user/.m2/repository/com/jcraft/jsch/0.1.54/jsch-0.1.54.jar:/home/user/.m2/repository/org/apache/curator/curator-client/2.12.0/curator-client-2.12.0.jar:/home/user/.m2/repository/org/apache/curator/curator-recipes/2.12.0/curator-recipes-2.12.0.jar:/home/user/.m2/repository/com/google/code/findbugs/jsr305/3.0.0/jsr305-3.0.0.jar:/home/user/.m2/repository/org/apache/htrace/htrace-core4/4.1.0-incubating/htrace-core4-4.1.0-incubating.jar:/home/user/.m2/repository/org/apache/zookeeper/zookeeper/3.4.13/zookeeper-3.4.13.jar:/home/user/.m2/repository/jline/jline/0.9.94/jline-0.9.94.jar:/home/user/.m2/repository/org/apache/yetus/audience-annotations/0.5.0/audience-annotations-0.5.0.jar:/home/user/.m2/repository/org/codehaus/woodstox/stax2-api/3.1.4/stax2-api-3.1.4.jar:/home/user/.m2/repository/com/fasterxml/woodstox/woodstox-core/5.0.3/woodstox-core-5.0.3.jar:/home/user/.m2/repository/dnsjava/dnsjava/2.1.7/dnsjava-2.1.7.jar:/home/user/.m2/repository/org/apache/hadoop/hadoop-hdfs/3.2.0/hadoop-hdfs-3.2.0-tests.jar:/home/user/.m2/repository/org/eclipse/jetty/jetty-util-ajax/9.3.25.v20180904/jetty-util-ajax-9.3.25.v20180904.jar:/home/user/.m2/repository/commons-daemon/commons-daemon/1.0.13/commons-daemon-1.0.13.jar:/home/user/.m2/repository/io/netty/netty/3.10.5.Final/netty-3.10.5.Final.jar:/home/user/.m2/repository/io/netty/netty-all/4.0.52.Final/netty-all-4.0.52.Final.jar:/home/user/.m2/repository/org/fusesource/leveldbjni/leveldbjni-all/1.8/leveldbjni-all-1.8.jar:"/>
    <property name="java.vm.vendor" value="IcedTea"/>
    <property name="sun.arch.data.model" value="64"/>
    <property name="test.build.dir" value="/workdir/hadoop-ozone/integration-test/target/test-dir"/>
    <property name="test.cache.data" value=""/>
    <property name="java.vendor.url" value="https://icedtea.classpath.org"/>
    <property name="user.timezone" value=""/>
    <property name="java.vm.specification.version" value="1.8"/>
    <property name="os.name" value="Linux"/>
    <property name="test.build.data" value="/workdir/hadoop-ozone/integration-test/target/test-dir"/>
    <property name="user.country" value="US"/>
    <property name="sun.java.launcher" value="SUN_STANDARD"/>
    <property name="sun.boot.library.path" value="/usr/lib/jvm/java-1.8-openjdk/jre/lib/amd64"/>
    <property name="sun.java.command" value="/workdir/hadoop-ozone/integration-test/target/surefire/surefirebooter4567751721614952561.jar /workdir/hadoop-ozone/integration-test/target/surefire 2019-09-25T11-13-37_982-jvmRun1 surefire8826164834379301899tmp surefire_635068035932533484711tmp"/>
    <property name="test" value="!TestMiniChaosOzoneCluster"/>
    <property name="surefire.test.class.path" value="/workdir/hadoop-ozone/integration-test/target/test-classes:/workdir/hadoop-ozone/integration-test/target/classes:/home/user/.m2/repository/org/apache/hadoop/hadoop-ozone-common/0.5.0-SNAPSHOT/hadoop-ozone-common-0.5.0-SNAPSHOT.jar:/home/user/.m2/repository/org/apache/commons/commons-compress/1.4.1/commons-compress-1.4.1.jar:/home/user/.m2/repository/org/tukaani/xz/1.0/xz-1.0.jar:/home/user/.m2/repository/org/apache/hadoop/hadoop-common/3.2.0/hadoop-common-3.2.0.jar:/home/user/.m2/repository/org/apache/hadoop/hadoop-hdfs/3.2.0/hadoop-hdfs-3.2.0.jar:/home/user/.m2/repository/org/apache/hadoop/hadoop-hdfs-client/3.2.0/hadoop-hdfs-client-3.2.0.jar:/home/user/.m2/repository/com/fasterxml/jackson/core/jackson-annotations/2.9.9/jackson-annotations-2.9.9.jar:/home/user/.m2/repository/org/apache/hadoop/hadoop-hdds-common/0.5.0-SNAPSHOT/hadoop-hdds-common-0.5.0-SNAPSHOT.jar:/home/user/.m2/repository/javax/annotation/javax.annotation-api/1.2/javax.annotation-api-1.2.jar:/home/user/.m2/repository/org/apache/ratis/ratis-server/0.4.0/ratis-server-0.4.0.jar:/home/user/.m2/repository/org/apache/ratis/ratis-thirdparty-misc/0.2.0/ratis-thirdparty-misc-0.2.0.jar:/home/user/.m2/repository/org/apache/ratis/ratis-proto/0.4.0/ratis-proto-0.4.0.jar:/home/user/.m2/repository/org/apache/ratis/ratis-common/0.4.0/ratis-common-0.4.0.jar:/home/user/.m2/repository/org/apache/ratis/ratis-client/0.4.0/ratis-client-0.4.0.jar:/home/user/.m2/repository/org/apache/ratis/ratis-metrics/0.4.0/ratis-metrics-0.4.0.jar:/home/user/.m2/repository/com/github/joshelser/dropwizard-metrics-hadoop-metrics2-reporter/0.1.2/dropwizard-metrics-hadoop-metrics2-reporter-0.1.2.jar:/home/user/.m2/repository/io/dropwizard/metrics/metrics-jvm/3.2.5/metrics-jvm-3.2.5.jar:/home/user/.m2/repository/io/dropwizard/metrics/metrics-ganglia/3.2.5/metrics-ganglia-3.2.5.jar:/home/user/.m2/repository/info/ganglia/gmetric4j/gmetric4j/1.0.7/gmetric4j-1.0.7.jar:/home/user/.m2/repository/org/apache/ratis/ratis-netty/0.4.0/ratis-netty-0.4.0.jar:/home/user/.m2/repository/org/apache/ratis/ratis-grpc/0.4.0/ratis-grpc-0.4.0.jar:/home/user/.m2/repository/org/rocksdb/rocksdbjni/6.0.1/rocksdbjni-6.0.1.jar:/home/user/.m2/repository/org/apache/logging/log4j/log4j-api/2.11.0/log4j-api-2.11.0.jar:/home/user/.m2/repository/org/apache/logging/log4j/log4j-core/2.11.0/log4j-core-2.11.0.jar:/home/user/.m2/repository/com/lmax/disruptor/3.4.2/disruptor-3.4.2.jar:/home/user/.m2/repository/org/apache/commons/commons-pool2/2.6.0/commons-pool2-2.6.0.jar:/home/user/.m2/repository/org/bouncycastle/bcpkix-jdk15on/1.60/bcpkix-jdk15on-1.60.jar:/home/user/.m2/repository/commons-validator/commons-validator/1.6/commons-validator-1.6.jar:/home/user/.m2/repository/commons-digester/commons-digester/1.8.1/commons-digester-1.8.1.jar:/home/user/.m2/repository/io/jaegertracing/jaeger-client/0.34.0/jaeger-client-0.34.0.jar:/home/user/.m2/repository/io/jaegertracing/jaeger-thrift/0.34.0/jaeger-thrift-0.34.0.jar:/home/user/.m2/repository/org/apache/thrift/libthrift/0.12.0/libthrift-0.12.0.jar:/home/user/.m2/repository/com/squareup/okhttp3/okhttp/3.9.0/okhttp-3.9.0.jar:/home/user/.m2/repository/com/squareup/okio/okio/1.13.0/okio-1.13.0.jar:/home/user/.m2/repository/io/jaegertracing/jaeger-core/0.34.0/jaeger-core-0.34.0.jar:/home/user/.m2/repository/io/jaegertracing/jaeger-tracerresolver/0.34.0/jaeger-tracerresolver-0.34.0.jar:/home/user/.m2/repository/io/opentracing/contrib/opentracing-tracerresolver/0.1.5/opentracing-tracerresolver-0.1.5.jar:/home/user/.m2/repository/io/opentracing/opentracing-util/0.31.0/opentracing-util-0.31.0.jar:/home/user/.m2/repository/io/opentracing/opentracing-api/0.31.0/opentracing-api-0.31.0.jar:/home/user/.m2/repository/io/opentracing/opentracing-noop/0.31.0/opentracing-noop-0.31.0.jar:/home/user/.m2/repository/org/apache/hadoop/hadoop-hdds-server-framework/0.5.0-SNAPSHOT/hadoop-hdds-server-framework-0.5.0-SNAPSHOT.jar:/home/user/.m2/repository/org/apache/hadoop/hadoop-hdds-container-service/0.5.0-SNAPSHOT/hadoop-hdds-container-service-0.5.0-SNAPSHOT.jar:/home/user/.m2/repository/org/apache/hadoop/hadoop-hdds-client/0.5.0-SNAPSHOT/hadoop-hdds-client-0.5.0-SNAPSHOT.jar:/home/user/.m2/repository/org/apache/hadoop/hadoop-hdds-tools/0.5.0-SNAPSHOT/hadoop-hdds-tools-0.5.0-SNAPSHOT.jar:/home/user/.m2/repository/org/apache/hadoop/hadoop-hdds-server-scm/0.5.0-SNAPSHOT/hadoop-hdds-server-scm-0.5.0-SNAPSHOT.jar:/home/user/.m2/repository/org/apache/hadoop/hadoop-hdds-docs/0.5.0-SNAPSHOT/hadoop-hdds-docs-0.5.0-SNAPSHOT.jar:/home/user/.m2/repository/io/dropwizard/metrics/metrics-core/3.2.4/metrics-core-3.2.4.jar:/home/user/.m2/repository/org/hamcrest/hamcrest-all/1.3/hamcrest-all-1.3.jar:/home/user/.m2/repository/org/bouncycastle/bcprov-jdk15on/1.60/bcprov-jdk15on-1.60.jar:/home/user/.m2/repository/info/picocli/picocli/3.9.6/picocli-3.9.6.jar:/home/user/.m2/repository/com/google/protobuf/protobuf-java/2.5.0/protobuf-java-2.5.0.jar:/home/user/.m2/repository/com/google/guava/guava/11.0.2/guava-11.0.2.jar:/home/user/.m2/repository/org/apache/hadoop/hadoop-ozone-ozone-manager/0.5.0-SNAPSHOT/hadoop-ozone-ozone-manager-0.5.0-SNAPSHOT.jar:/home/user/.m2/repository/org/apache/hadoop/hadoop-minikdc/3.2.0/hadoop-minikdc-3.2.0.jar:/home/user/.m2/repository/commons-io/commons-io/2.5/commons-io-2.5.jar:/home/user/.m2/repository/org/apache/kerby/kerb-simplekdc/1.0.1/kerb-simplekdc-1.0.1.jar:/home/user/.m2/repository/org/apache/kerby/kerb-client/1.0.1/kerb-client-1.0.1.jar:/home/user/.m2/repository/org/apache/kerby/kerby-config/1.0.1/kerby-config-1.0.1.jar:/home/user/.m2/repository/org/apache/kerby/kerb-core/1.0.1/kerb-core-1.0.1.jar:/home/user/.m2/repository/org/apache/kerby/kerby-pkix/1.0.1/kerby-pkix-1.0.1.jar:/home/user/.m2/repository/org/apache/kerby/kerby-asn1/1.0.1/kerby-asn1-1.0.1.jar:/home/user/.m2/repository/org/apache/kerby/kerby-util/1.0.1/kerby-util-1.0.1.jar:/home/user/.m2/repository/org/apache/kerby/kerb-common/1.0.1/kerb-common-1.0.1.jar:/home/user/.m2/repository/org/apache/kerby/kerb-crypto/1.0.1/kerb-crypto-1.0.1.jar:/home/user/.m2/repository/org/apache/kerby/kerb-util/1.0.1/kerb-util-1.0.1.jar:/home/user/.m2/repository/org/apache/kerby/token-provider/1.0.1/token-provider-1.0.1.jar:/home/user/.m2/repository/org/apache/kerby/kerb-admin/1.0.1/kerb-admin-1.0.1.jar:/home/user/.m2/repository/org/apache/kerby/kerb-server/1.0.1/kerb-server-1.0.1.jar:/home/user/.m2/repository/org/apache/kerby/kerb-identity/1.0.1/kerb-identity-1.0.1.jar:/home/user/.m2/repository/org/apache/kerby/kerby-xdr/1.0.1/kerby-xdr-1.0.1.jar:/home/user/.m2/repository/org/slf4j/slf4j-log4j12/1.7.25/slf4j-log4j12-1.7.25.jar:/home/user/.m2/repository/org/apache/hadoop/hadoop-ozone-s3gateway/0.5.0-SNAPSHOT/hadoop-ozone-s3gateway-0.5.0-SNAPSHOT.jar:/home/user/.m2/repository/org/jboss/weld/servlet/weld-servlet/2.4.7.Final/weld-servlet-2.4.7.Final.jar:/home/user/.m2/repository/org/glassfish/jersey/containers/jersey-container-servlet-core/2.27/jersey-container-servlet-core-2.27.jar:/home/user/.m2/repository/org/glassfish/hk2/external/javax.inject/2.5.0-b42/javax.inject-2.5.0-b42.jar:/home/user/.m2/repository/org/glassfish/jersey/core/jersey-common/2.27/jersey-common-2.27.jar:/home/user/.m2/repository/org/glassfish/hk2/osgi-resource-locator/1.0.1/osgi-resource-locator-1.0.1.jar:/home/user/.m2/repository/javax/ws/rs/javax.ws.rs-api/2.1/javax.ws.rs-api-2.1.jar:/home/user/.m2/repository/org/glassfish/jersey/ext/cdi/jersey-cdi1x/2.27/jersey-cdi1x-2.27.jar:/home/user/.m2/repository/org/glassfish/jersey/inject/jersey-hk2/2.27/jersey-hk2-2.27.jar:/home/user/.m2/repository/org/glassfish/hk2/hk2-locator/2.5.0-b42/hk2-locator-2.5.0-b42.jar:/home/user/.m2/repository/org/javassist/javassist/3.22.0-CR2/javassist-3.22.0-CR2.jar:/home/user/.m2/repository/org/glassfish/hk2/hk2-api/2.5.0/hk2-api-2.5.0.jar:/home/user/.m2/repository/org/glassfish/hk2/external/jakarta.inject/2.5.0/jakarta.inject-2.5.0.jar:/home/user/.m2/repository/org/glassfish/hk2/hk2-utils/2.5.0/hk2-utils-2.5.0.jar:/home/user/.m2/repository/jakarta/annotation/jakarta.annotation-api/1.3.4/jakarta.annotation-api-1.3.4.jar:/home/user/.m2/repository/org/glassfish/hk2/external/aopalliance-repackaged/2.5.0/aopalliance-repackaged-2.5.0.jar:/home/user/.m2/repository/com/fasterxml/jackson/dataformat/jackson-dataformat-xml/2.9.0/jackson-dataformat-xml-2.9.0.jar:/home/user/.m2/repository/com/fasterxml/jackson/core/jackson-core/2.9.9/jackson-core-2.9.9.jar:/home/user/.m2/repository/com/fasterxml/jackson/module/jackson-module-jaxb-annotations/2.9.9/jackson-module-jaxb-annotations-2.9.9.jar:/home/user/.m2/repository/javax/enterprise/cdi-api/1.2/cdi-api-1.2.jar:/home/user/.m2/repository/javax/el/javax.el-api/3.0.0/javax.el-api-3.0.0.jar:/home/user/.m2/repository/javax/interceptor/javax.interceptor-api/1.2/javax.interceptor-api-1.2.jar:/home/user/.m2/repository/javax/inject/javax.inject/1/javax.inject-1.jar:/home/user/.m2/repository/com/sun/xml/bind/jaxb-impl/2.3.0.1/jaxb-impl-2.3.0.1.jar:/home/user/.m2/repository/com/sun/xml/bind/jaxb-core/2.3.0.1/jaxb-core-2.3.0.1.jar:/home/user/.m2/repository/javax/xml/bind/jaxb-api/2.3.0/jaxb-api-2.3.0.jar:/home/user/.m2/repository/javax/activation/activation/1.1.1/activation-1.1.1.jar:/home/user/.m2/repository/org/apache/hadoop/hadoop-ozone-csi/0.5.0-SNAPSHOT/hadoop-ozone-csi-0.5.0-SNAPSHOT.jar:/home/user/.m2/repository/com/google/protobuf/protobuf-java-util/3.5.1/protobuf-java-util-3.5.1.jar:/home/user/.m2/repository/org/apache/hadoop/hadoop-hdds-config/0.5.0-SNAPSHOT/hadoop-hdds-config-0.5.0-SNAPSHOT.jar:/home/user/.m2/repository/io/grpc/grpc-netty/1.17.1/grpc-netty-1.17.1.jar:/home/user/.m2/repository/io/grpc/grpc-core/1.17.1/grpc-core-1.17.1.jar:/home/user/.m2/repository/io/grpc/grpc-context/1.17.1/grpc-context-1.17.1.jar:/home/user/.m2/repository/com/google/errorprone/error_prone_annotations/2.2.0/error_prone_annotations-2.2.0.jar:/home/user/.m2/repository/org/codehaus/mojo/animal-sniffer-annotations/1.17/animal-sniffer-annotations-1.17.jar:/home/user/.m2/repository/io/opencensus/opencensus-api/0.17.0/opencensus-api-0.17.0.jar:/home/user/.m2/repository/io/opencensus/opencensus-contrib-grpc-metrics/0.17.0/opencensus-contrib-grpc-metrics-0.17.0.jar:/home/user/.m2/repository/io/netty/netty-codec-http2/4.1.30.Final/netty-codec-http2-4.1.30.Final.jar:/home/user/.m2/repository/io/netty/netty-codec-http/4.1.30.Final/netty-codec-http-4.1.30.Final.jar:/home/user/.m2/repository/io/netty/netty-codec/4.1.30.Final/netty-codec-4.1.30.Final.jar:/home/user/.m2/repository/io/netty/netty-handler/4.1.30.Final/netty-handler-4.1.30.Final.jar:/home/user/.m2/repository/io/netty/netty-handler-proxy/4.1.30.Final/netty-handler-proxy-4.1.30.Final.jar:/home/user/.m2/repository/io/netty/netty-codec-socks/4.1.30.Final/netty-codec-socks-4.1.30.Final.jar:/home/user/.m2/repository/io/netty/netty-transport-native-epoll/4.1.30.Final/netty-transport-native-epoll-4.1.30.Final.jar:/home/user/.m2/repository/io/netty/netty-common/4.1.30.Final/netty-common-4.1.30.Final.jar:/home/user/.m2/repository/io/netty/netty-buffer/4.1.30.Final/netty-buffer-4.1.30.Final.jar:/home/user/.m2/repository/io/netty/netty-transport/4.1.30.Final/netty-transport-4.1.30.Final.jar:/home/user/.m2/repository/io/netty/netty-resolver/4.1.30.Final/netty-resolver-4.1.30.Final.jar:/home/user/.m2/repository/io/netty/netty-transport-native-unix-common/4.1.30.Final/netty-transport-native-unix-common-4.1.30.Final.jar:/home/user/.m2/repository/io/grpc/grpc-protobuf/1.17.1/grpc-protobuf-1.17.1.jar:/home/user/.m2/repository/com/google/api/grpc/proto-google-common-protos/1.0.0/proto-google-common-protos-1.0.0.jar:/home/user/.m2/repository/io/grpc/grpc-protobuf-lite/1.17.1/grpc-protobuf-lite-1.17.1.jar:/home/user/.m2/repository/io/grpc/grpc-stub/1.17.1/grpc-stub-1.17.1.jar:/home/user/.m2/repository/org/apache/hadoop/hadoop-ozone-recon/0.5.0-SNAPSHOT/hadoop-ozone-recon-0.5.0-SNAPSHOT.jar:/home/user/.m2/repository/org/apache/hadoop/hadoop-ozone-reconcodegen/0.5.0-SNAPSHOT/hadoop-ozone-reconcodegen-0.5.0-SNAPSHOT.jar:/home/user/.m2/repository/com/google/inject/extensions/guice-multibindings/4.0/guice-multibindings-4.0.jar:/home/user/.m2/repository/com/google/inject/guice/4.0/guice-4.0.jar:/home/user/.m2/repository/aopalliance/aopalliance/1.0/aopalliance-1.0.jar:/home/user/.m2/repository/com/google/inject/extensions/guice-servlet/4.0/guice-servlet-4.0.jar:/home/user/.m2/repository/org/glassfish/jersey/containers/jersey-container-servlet/2.27/jersey-container-servlet-2.27.jar:/home/user/.m2/repository/org/glassfish/hk2/guice-bridge/2.5.0/guice-bridge-2.5.0.jar:/home/user/.m2/repository/org/glassfish/jersey/core/jersey-server/2.27/jersey-server-2.27.jar:/home/user/.m2/repository/org/glassfish/jersey/core/jersey-client/2.27/jersey-client-2.27.jar:/home/user/.m2/repository/org/glassfish/jersey/media/jersey-media-jaxb/2.27/jersey-media-jaxb-2.27.jar:/home/user/.m2/repository/javax/validation/validation-api/1.1.0.Final/validation-api-1.1.0.Final.jar:/home/user/.m2/repository/org/glassfish/jersey/media/jersey-media-json-jackson/2.27/jersey-media-json-jackson-2.27.jar:/home/user/.m2/repository/org/glassfish/jersey/ext/jersey-entity-filtering/2.27/jersey-entity-filtering-2.27.jar:/home/user/.m2/repository/com/google/inject/extensions/guice-assistedinject/4.0/guice-assistedinject-4.0.jar:/home/user/.m2/repository/org/jooq/jooq/3.11.10/jooq-3.11.10.jar:/home/user/.m2/repository/org/jooq/jooq-meta/3.11.10/jooq-meta-3.11.10.jar:/home/user/.m2/repository/org/jooq/jooq-codegen/3.11.10/jooq-codegen-3.11.10.jar:/home/user/.m2/repository/com/jolbox/bonecp/0.8.0.RELEASE/bonecp-0.8.0.RELEASE.jar:/home/user/.m2/repository/org/xerial/sqlite-jdbc/3.25.2/sqlite-jdbc-3.25.2.jar:/home/user/.m2/repository/org/springframework/spring-jdbc/5.1.3.RELEASE/spring-jdbc-5.1.3.RELEASE.jar:/home/user/.m2/repository/org/springframework/spring-beans/5.1.3.RELEASE/spring-beans-5.1.3.RELEASE.jar:/home/user/.m2/repository/org/springframework/spring-core/5.1.3.RELEASE/spring-core-5.1.3.RELEASE.jar:/home/user/.m2/repository/org/springframework/spring-jcl/5.1.3.RELEASE/spring-jcl-5.1.3.RELEASE.jar:/home/user/.m2/repository/org/springframework/spring-tx/5.1.3.RELEASE/spring-tx-5.1.3.RELEASE.jar:/home/user/.m2/repository/org/apache/hadoop/hadoop-ozone-client/0.5.0-SNAPSHOT/hadoop-ozone-client-0.5.0-SNAPSHOT.jar:/home/user/.m2/repository/commons-lang/commons-lang/2.6/commons-lang-2.6.jar:/home/user/.m2/repository/org/apache/hadoop/hadoop-ozone-ozone-manager/0.5.0-SNAPSHOT/hadoop-ozone-ozone-manager-0.5.0-SNAPSHOT-tests.jar:/home/user/.m2/repository/junit/junit/4.11/junit-4.11.jar:/home/user/.m2/repository/org/hamcrest/hamcrest-core/1.3/hamcrest-core-1.3.jar:/home/user/.m2/repository/org/openjdk/jmh/jmh-core/1.19/jmh-core-1.19.jar:/home/user/.m2/repository/net/sf/jopt-simple/jopt-simple/4.6/jopt-simple-4.6.jar:/home/user/.m2/repository/org/apache/commons/commons-math3/3.1.1/commons-math3-3.1.1.jar:/home/user/.m2/repository/org/openjdk/jmh/jmh-generator-annprocess/1.19/jmh-generator-annprocess-1.19.jar:/home/user/.m2/repository/org/mockito/mockito-all/1.8.5/mockito-all-1.8.5.jar:/home/user/.m2/repository/org/apache/hadoop/hadoop-kms/3.2.0/hadoop-kms-3.2.0.jar:/home/user/.m2/repository/org/apache/hadoop/hadoop-auth/3.2.0/hadoop-auth-3.2.0.jar:/home/user/.m2/repository/com/nimbusds/nimbus-jose-jwt/4.41.1/nimbus-jose-jwt-4.41.1.jar:/home/user/.m2/repository/com/github/stephenc/jcip/jcip-annotations/1.0-1/jcip-annotations-1.0-1.jar:/home/user/.m2/repository/net/minidev/json-smart/2.3/json-smart-2.3.jar:/home/user/.m2/repository/net/minidev/accessors-smart/1.2/accessors-smart-1.2.jar:/home/user/.m2/repository/org/ow2/asm/asm/5.0.4/asm-5.0.4.jar:/home/user/.m2/repository/org/apache/curator/curator-framework/2.12.0/curator-framework-2.12.0.jar:/home/user/.m2/repository/com/sun/jersey/jersey-core/1.19/jersey-core-1.19.jar:/home/user/.m2/repository/javax/ws/rs/jsr311-api/1.1.1/jsr311-api-1.1.1.jar:/home/user/.m2/repository/com/sun/jersey/jersey-server/1.19/jersey-server-1.19.jar:/home/user/.m2/repository/javax/servlet/javax.servlet-api/3.1.0/javax.servlet-api-3.1.0.jar:/home/user/.m2/repository/org/eclipse/jetty/jetty-server/9.3.25.v20180904/jetty-server-9.3.25.v20180904.jar:/home/user/.m2/repository/org/eclipse/jetty/jetty-http/9.3.25.v20180904/jetty-http-9.3.25.v20180904.jar:/home/user/.m2/repository/org/eclipse/jetty/jetty-io/9.3.25.v20180904/jetty-io-9.3.25.v20180904.jar:/home/user/.m2/repository/org/eclipse/jetty/jetty-webapp/9.3.25.v20180904/jetty-webapp-9.3.25.v20180904.jar:/home/user/.m2/repository/org/eclipse/jetty/jetty-xml/9.3.25.v20180904/jetty-xml-9.3.25.v20180904.jar:/home/user/.m2/repository/log4j/log4j/1.2.17/log4j-1.2.17.jar:/home/user/.m2/repository/org/slf4j/slf4j-api/1.7.25/slf4j-api-1.7.25.jar:/home/user/.m2/repository/org/slf4j/jul-to-slf4j/1.7.25/jul-to-slf4j-1.7.25.jar:/home/user/.m2/repository/org/eclipse/jetty/jetty-util/9.3.25.v20180904/jetty-util-9.3.25.v20180904.jar:/home/user/.m2/repository/com/fasterxml/jackson/core/jackson-databind/2.9.9/jackson-databind-2.9.9.jar:/home/user/.m2/repository/org/apache/hadoop/hadoop-kms/3.2.0/hadoop-kms-3.2.0-tests.jar:/home/user/.m2/repository/org/apache/hadoop/hadoop-hdds-server-scm/0.5.0-SNAPSHOT/hadoop-hdds-server-scm-0.5.0-SNAPSHOT-tests.jar:/home/user/.m2/repository/org/apache/hadoop/hadoop-hdds-container-service/0.5.0-SNAPSHOT/hadoop-hdds-container-service-0.5.0-SNAPSHOT-tests.jar:/home/user/.m2/repository/org/yaml/snakeyaml/1.16/snakeyaml-1.16.jar:/home/user/.m2/repository/org/apache/hadoop/hadoop-common/3.2.0/hadoop-common-3.2.0-tests.jar:/home/user/.m2/repository/org/apache/hadoop/hadoop-annotations/3.2.0/hadoop-annotations-3.2.0.jar:/usr/lib/jvm/java-1.8-openjdk/jre/../lib/tools.jar:/home/user/.m2/repository/commons-cli/commons-cli/1.2/commons-cli-1.2.jar:/home/user/.m2/repository/org/apache/httpcomponents/httpclient/4.5.2/httpclient-4.5.2.jar:/home/user/.m2/repository/org/apache/httpcomponents/httpcore/4.4.4/httpcore-4.4.4.jar:/home/user/.m2/repository/commons-codec/commons-codec/1.11/commons-codec-1.11.jar:/home/user/.m2/repository/commons-net/commons-net/3.6/commons-net-3.6.jar:/home/user/.m2/repository/commons-collections/commons-collections/3.2.2/commons-collections-3.2.2.jar:/home/user/.m2/repository/org/eclipse/jetty/jetty-servlet/9.3.25.v20180904/jetty-servlet-9.3.25.v20180904.jar:/home/user/.m2/repository/org/eclipse/jetty/jetty-security/9.3.25.v20180904/jetty-security-9.3.25.v20180904.jar:/home/user/.m2/repository/javax/servlet/jsp/jsp-api/2.1/jsp-api-2.1.jar:/home/user/.m2/repository/com/sun/jersey/jersey-servlet/1.19/jersey-servlet-1.19.jar:/home/user/.m2/repository/com/sun/jersey/jersey-json/1.19/jersey-json-1.19.jar:/home/user/.m2/repository/org/codehaus/jettison/jettison/1.1/jettison-1.1.jar:/home/user/.m2/repository/org/codehaus/jackson/jackson-core-asl/1.9.13/jackson-core-asl-1.9.13.jar:/home/user/.m2/repository/org/codehaus/jackson/jackson-mapper-asl/1.9.13/jackson-mapper-asl-1.9.13.jar:/home/user/.m2/repository/org/codehaus/jackson/jackson-jaxrs/1.9.13/jackson-jaxrs-1.9.13.jar:/home/user/.m2/repository/org/codehaus/jackson/jackson-xc/1.9.13/jackson-xc-1.9.13.jar:/home/user/.m2/repository/commons-logging/commons-logging/1.1.3/commons-logging-1.1.3.jar:/home/user/.m2/repository/commons-beanutils/commons-beanutils/1.9.4/commons-beanutils-1.9.4.jar:/home/user/.m2/repository/org/apache/commons/commons-configuration2/2.1.1/commons-configuration2-2.1.1.jar:/home/user/.m2/repository/org/apache/commons/commons-lang3/3.7/commons-lang3-3.7.jar:/home/user/.m2/repository/org/apache/commons/commons-text/1.4/commons-text-1.4.jar:/home/user/.m2/repository/org/apache/avro/avro/1.7.7/avro-1.7.7.jar:/home/user/.m2/repository/com/thoughtworks/paranamer/paranamer/2.3/paranamer-2.3.jar:/home/user/.m2/repository/org/xerial/snappy/snappy-java/1.0.5/snappy-java-1.0.5.jar:/home/user/.m2/repository/com/google/re2j/re2j/1.1/re2j-1.1.jar:/home/user/.m2/repository/com/google/code/gson/gson/2.2.4/gson-2.2.4.jar:/home/user/.m2/repository/com/jcraft/jsch/0.1.54/jsch-0.1.54.jar:/home/user/.m2/repository/org/apache/curator/curator-client/2.12.0/curator-client-2.12.0.jar:/home/user/.m2/repository/org/apache/curator/curator-recipes/2.12.0/curator-recipes-2.12.0.jar:/home/user/.m2/repository/com/google/code/findbugs/jsr305/3.0.0/jsr305-3.0.0.jar:/home/user/.m2/repository/org/apache/htrace/htrace-core4/4.1.0-incubating/htrace-core4-4.1.0-incubating.jar:/home/user/.m2/repository/org/apache/zookeeper/zookeeper/3.4.13/zookeeper-3.4.13.jar:/home/user/.m2/repository/jline/jline/0.9.94/jline-0.9.94.jar:/home/user/.m2/repository/org/apache/yetus/audience-annotations/0.5.0/audience-annotations-0.5.0.jar:/home/user/.m2/repository/org/codehaus/woodstox/stax2-api/3.1.4/stax2-api-3.1.4.jar:/home/user/.m2/repository/com/fasterxml/woodstox/woodstox-core/5.0.3/woodstox-core-5.0.3.jar:/home/user/.m2/repository/dnsjava/dnsjava/2.1.7/dnsjava-2.1.7.jar:/home/user/.m2/repository/org/apache/hadoop/hadoop-hdfs/3.2.0/hadoop-hdfs-3.2.0-tests.jar:/home/user/.m2/repository/org/eclipse/jetty/jetty-util-ajax/9.3.25.v20180904/jetty-util-ajax-9.3.25.v20180904.jar:/home/user/.m2/repository/commons-daemon/commons-daemon/1.0.13/commons-daemon-1.0.13.jar:/home/user/.m2/repository/io/netty/netty/3.10.5.Final/netty-3.10.5.Final.jar:/home/user/.m2/repository/io/netty/netty-all/4.0.52.Final/netty-all-4.0.52.Final.jar:/home/user/.m2/repository/org/fusesource/leveldbjni/leveldbjni-all/1.8/leveldbjni-all-1.8.jar:"/>
    <property name="sun.cpu.endian" value="little"/>
    <property name="user.home" value="/home/user"/>
    <property name="user.language" value="en"/>
    <property name="java.specification.vendor" value="Oracle Corporation"/>
    <property name="java.home" value="/usr/lib/jvm/java-1.8-openjdk/jre"/>
    <property name="java.security.krb5.conf" value="/workdir/hadoop-ozone/integration-test/target/test-classes/krb5.conf"/>
    <property name="basedir" value="/workdir/hadoop-ozone/integration-test"/>
    <property name="file.separator" value="/"/>
    <property name="line.separator" value="&#10;"/>
    <property name="java.vm.specification.vendor" value="Oracle Corporation"/>
    <property name="java.specification.name" value="Java Platform API Specification"/>
    <property name="java.awt.graphicsenv" value="sun.awt.X11GraphicsEnvironment"/>
    <property name="surefire.real.class.path" value="/workdir/hadoop-ozone/integration-test/target/surefire/surefirebooter4567751721614952561.jar"/>
    <property name="hadoop.log.dir" value="/workdir/hadoop-ozone/integration-test/target/log"/>
    <property name="sun.boot.class.path" value="/usr/lib/jvm/java-1.8-openjdk/jre/lib/resources.jar:/usr/lib/jvm/java-1.8-openjdk/jre/lib/rt.jar:/usr/lib/jvm/java-1.8-openjdk/jre/lib/sunrsasign.jar:/usr/lib/jvm/java-1.8-openjdk/jre/lib/jsse.jar:/usr/lib/jvm/java-1.8-openjdk/jre/lib/jce.jar:/usr/lib/jvm/java-1.8-openjdk/jre/lib/charsets.jar:/usr/lib/jvm/java-1.8-openjdk/jre/lib/jfr.jar:/usr/lib/jvm/java-1.8-openjdk/jre/classes"/>
    <property name="sun.management.compiler" value="HotSpot 64-Bit Tiered Compilers"/>
    <property name="java.runtime.version" value="1.8.0_212-b04"/>
    <property name="java.net.preferIPv4Stack" value="true"/>
    <property name="user.name" value="jenkins1000"/>
    <property name="path.separator" value=":"/>
    <property name="java.security.egd" value="file:///dev/urandom"/>
    <property name="os.version" value="3.10.0-957.12.2.el7.x86_64"/>
    <property name="java.endorsed.dirs" value="/usr/lib/jvm/java-1.8-openjdk/jre/lib/endorsed"/>
    <property name="java.runtime.name" value="OpenJDK Runtime Environment"/>
    <property name="file.encoding" value="UTF-8"/>
    <property name="java.vm.name" value="OpenJDK 64-Bit Server VM"/>
    <property name="test.build.webapps" value=""/>
    <property name="localRepository" value="/home/user/.m2/repository"/>
    <property name="java.vendor.url.bug" value="https://icedtea.classpath.org/bugzilla"/>
    <property name="java.io.tmpdir" value="/tmp"/>
    <property name="require.test.libhadoop" value=""/>
    <property name="java.version" value="1.8.0_212"/>
    <property name="user.dir" value="/workdir/hadoop-ozone/integration-test"/>
    <property name="os.arch" value="amd64"/>
    <property name="java.vm.specification.name" value="Java Virtual Machine Specification"/>
    <property name="test.build.classes" value="/workdir/hadoop-ozone/integration-test/target/test-classes"/>
    <property name="java.awt.printerjob" value="sun.print.PSPrinterJob"/>
    <property name="sun.os.patch.level" value="unknown"/>
    <property name="hadoop.tmp.dir" value="/workdir/hadoop-ozone/integration-test/target/tmp"/>
    <property name="java.library.path" value="/usr/lib/jvm/java-1.8-openjdk/jre/lib/amd64/server:/usr/lib/jvm/java-1.8-openjdk/jre/lib/amd64:/usr/lib/jvm/java-1.8-openjdk/jre/../lib/amd64:/workdir/hadoop-ozone/integration-test/target/native/target/usr/local/lib:/workdir/hadoop-ozone/integration-test/../../hadoop-common-project/hadoop-common/target/native/target/usr/local/lib:/usr/java/packages/lib/amd64:/usr/lib64:/lib64:/lib:/usr/lib"/>
    <property name="java.vm.info" value="mixed mode"/>
    <property name="java.vendor" value="IcedTea"/>
    <property name="java.vm.version" value="25.212-b04"/>
    <property name="java.ext.dirs" value="/usr/lib/jvm/java-1.8-openjdk/jre/lib/ext:/usr/java/packages/lib/ext"/>
    <property name="sun.io.unicode.encoding" value="UnicodeLittle"/>
    <property name="java.class.version" value="52.0"/>
  </properties>
  <testcase name="test2DatanodesFailure" classname="org.apache.hadoop.ozone.client.rpc.TestBlockOutputStreamWithFailures" time="33.569">
    <error message="Allocated 0 blocks. Requested 1 blocks" type="INTERNAL_ERROR org.apache.hadoop.ozone.om.exceptions.OMException">INTERNAL_ERROR org.apache.hadoop.ozone.om.exceptions.OMException: Allocated 0 blocks. Requested 1 blocks
	at org.apache.hadoop.ozone.om.protocolPB.OzoneManagerProtocolClientSideTranslatorPB.handleError(OzoneManagerProtocolClientSideTranslatorPB.java:732)
	at org.apache.hadoop.ozone.om.protocolPB.OzoneManagerProtocolClientSideTranslatorPB.openKey(OzoneManagerProtocolClientSideTranslatorPB.java:723)
	at sun.reflect.NativeMethodAccessorImpl.invoke0(Native Method)
	at sun.reflect.NativeMethodAccessorImpl.invoke(NativeMethodAccessorImpl.java:62)
	at sun.reflect.DelegatingMethodAccessorImpl.invoke(DelegatingMethodAccessorImpl.java:43)
	at java.lang.reflect.Method.invoke(Method.java:498)
	at org.apache.hadoop.hdds.tracing.TraceAllMethod.invoke(TraceAllMethod.java:66)
	at com.sun.proxy.$Proxy37.openKey(Unknown Source)
	at org.apache.hadoop.ozone.client.rpc.RpcClient.createKey(RpcClient.java:614)
	at org.apache.hadoop.ozone.client.OzoneBucket.createKey(OzoneBucket.java:325)
	at org.apache.hadoop.ozone.container.ContainerTestHelper.createKey(ContainerTestHelper.java:704)
	at org.apache.hadoop.ozone.client.rpc.TestBlockOutputStreamWithFailures.createKey(TestBlockOutputStreamWithFailures.java:1210)
	at org.apache.hadoop.ozone.client.rpc.TestBlockOutputStreamWithFailures.createKey(TestBlockOutputStreamWithFailures.java:1204)
	at org.apache.hadoop.ozone.client.rpc.TestBlockOutputStreamWithFailures.test2DatanodesFailure(TestBlockOutputStreamWithFailures.java:410)
	at sun.reflect.NativeMethodAccessorImpl.invoke0(Native Method)
	at sun.reflect.NativeMethodAccessorImpl.invoke(NativeMethodAccessorImpl.java:62)
	at sun.reflect.DelegatingMethodAccessorImpl.invoke(DelegatingMethodAccessorImpl.java:43)
	at java.lang.reflect.Method.invoke(Method.java:498)
	at org.junit.runners.model.FrameworkMethod$1.runReflectiveCall(FrameworkMethod.java:47)
	at org.junit.internal.runners.model.ReflectiveCallable.run(ReflectiveCallable.java:12)
	at org.junit.runners.model.FrameworkMethod.invokeExplosively(FrameworkMethod.java:44)
	at org.junit.internal.runners.statements.InvokeMethod.evaluate(InvokeMethod.java:17)
	at org.junit.internal.runners.statements.RunBefores.evaluate(RunBefores.java:26)
	at org.junit.internal.runners.statements.RunAfters.evaluate(RunAfters.java:27)
	at org.junit.runners.ParentRunner.runLeaf(ParentRunner.java:271)
	at org.junit.runners.BlockJUnit4ClassRunner.runChild(BlockJUnit4ClassRunner.java:70)
	at org.junit.runners.BlockJUnit4ClassRunner.runChild(BlockJUnit4ClassRunner.java:50)
	at org.junit.runners.ParentRunner$3.run(ParentRunner.java:238)
	at org.junit.runners.ParentRunner$1.schedule(ParentRunner.java:63)
	at org.junit.runners.ParentRunner.runChildren(ParentRunner.java:236)
	at org.junit.runners.ParentRunner.access$000(ParentRunner.java:53)
	at org.junit.runners.ParentRunner$2.evaluate(ParentRunner.java:229)
	at org.junit.runners.ParentRunner.run(ParentRunner.java:309)
	at org.apache.maven.surefire.junit4.JUnit4Provider.execute(JUnit4Provider.java:365)
	at org.apache.maven.surefire.junit4.JUnit4Provider.executeWithRerun(JUnit4Provider.java:273)
	at org.apache.maven.surefire.junit4.JUnit4Provider.executeTestSet(JUnit4Provider.java:238)
	at org.apache.maven.surefire.junit4.JUnit4Provider.invoke(JUnit4Provider.java:159)
	at org.apache.maven.surefire.booter.ForkedBooter.invokeProviderInSameClassLoader(ForkedBooter.java:384)
	at org.apache.maven.surefire.booter.ForkedBooter.runSuitesInProcess(ForkedBooter.java:345)
	at org.apache.maven.surefire.booter.ForkedBooter.execute(ForkedBooter.java:126)
	at org.apache.maven.surefire.booter.ForkedBooter.main(ForkedBooter.java:418)
</error>
    <system-out><![CDATA[2019-09-25 11:56:47,109 [main] WARN  server.ServerUtils (ServerUtils.java:getScmDbDir(145)) - ozone.scm.db.dirs is not configured. We recommend adding this setting. Falling back to ozone.metadata.dirs instead.
2019-09-25 11:56:47,206 [main] WARN  server.ServerUtils (ServerUtils.java:getScmDbDir(145)) - ozone.scm.db.dirs is not configured. We recommend adding this setting. Falling back to ozone.metadata.dirs instead.
2019-09-25 11:56:47,209 [main] WARN  server.ServerUtils (ServerUtils.java:getScmDbDir(145)) - ozone.scm.db.dirs is not configured. We recommend adding this setting. Falling back to ozone.metadata.dirs instead.
2019-09-25 11:56:47,227 [main] INFO  util.log (Log.java:initialized(192)) - Logging initialized @872ms
2019-09-25 11:56:47,355 [main] INFO  db.DBStoreBuilder (DBStoreBuilder.java:addTable(110)) - using custom profile for table: deletedBlocks
2019-09-25 11:56:47,355 [main] INFO  db.DBStoreBuilder (DBStoreBuilder.java:processTables(161)) - Using default column profile:DBProfile.DISK for Table:deletedBlocks
2019-09-25 11:56:47,356 [main] INFO  db.DBStoreBuilder (DBStoreBuilder.java:addTable(110)) - using custom profile for table: validCerts
2019-09-25 11:56:47,356 [main] INFO  db.DBStoreBuilder (DBStoreBuilder.java:processTables(161)) - Using default column profile:DBProfile.DISK for Table:validCerts
2019-09-25 11:56:47,356 [main] INFO  db.DBStoreBuilder (DBStoreBuilder.java:addTable(110)) - using custom profile for table: revokedCerts
2019-09-25 11:56:47,357 [main] INFO  db.DBStoreBuilder (DBStoreBuilder.java:processTables(161)) - Using default column profile:DBProfile.DISK for Table:revokedCerts
2019-09-25 11:56:47,371 [main] INFO  db.DBStoreBuilder (DBStoreBuilder.java:addTable(110)) - using custom profile for table: default
2019-09-25 11:56:47,371 [main] INFO  db.DBStoreBuilder (DBStoreBuilder.java:processTables(167)) - Using default column profile:DBProfile.DISK for Table:default
2019-09-25 11:56:47,373 [main] INFO  db.DBStoreBuilder (DBStoreBuilder.java:getDbProfile(198)) - Using default options. DBProfile.DISK
2019-09-25 11:56:47,615 [main] INFO  net.NodeSchemaLoader (NodeSchemaLoader.java:loadSchemaFromFile(125)) - Loading file from sun.misc.CompoundEnumeration@71d44a3
2019-09-25 11:56:47,617 [main] INFO  net.NodeSchemaLoader (NodeSchemaLoader.java:loadSchema(171)) - Loading network topology layer schema file
2019-09-25 11:56:47,688 [main] INFO  node.SCMNodeManager (SCMNodeManager.java:<init>(114)) - Entering startup safe mode.
2019-09-25 11:56:47,761 [main] INFO  algorithms.ContainerPlacementPolicyFactory (ContainerPlacementPolicyFactory.java:getPolicy(59)) - Create container placement policy of type org.apache.hadoop.hdds.scm.container.placement.algorithms.SCMContainerPlacementRandom
2019-09-25 11:56:47,776 [main] WARN  server.ServerUtils (ServerUtils.java:getScmDbDir(145)) - ozone.scm.db.dirs is not configured. We recommend adding this setting. Falling back to ozone.metadata.dirs instead.
2019-09-25 11:56:47,834 [main] INFO  pipeline.SCMPipelineManager (SCMPipelineManager.java:initializePipelineState(132)) - No pipeline exists in current db
2019-09-25 11:56:47,836 [main] WARN  server.ServerUtils (ServerUtils.java:getScmDbDir(145)) - ozone.scm.db.dirs is not configured. We recommend adding this setting. Falling back to ozone.metadata.dirs instead.
2019-09-25 11:56:47,959 [main] WARN  events.EventQueue (EventQueue.java:fireEvent(183)) - No event handler registered for event TypedEvent{payloadType=SafeModeStatus, name='SafeModeStatus'}
2019-09-25 11:56:48,403 [main] INFO  ipc.CallQueueManager (CallQueueManager.java:<init>(84)) - Using callQueue: class java.util.concurrent.LinkedBlockingQueue, queueCapacity: 2000, scheduler: class org.apache.hadoop.ipc.DefaultRpcScheduler, ipcBackoff: false.
2019-09-25 11:56:48,430 [Socket Reader #1 for port 35217] INFO  ipc.Server (Server.java:run(1074)) - Starting Socket Reader #1 for port 35217
2019-09-25 11:56:48,583 [main] INFO  ipc.CallQueueManager (CallQueueManager.java:<init>(84)) - Using callQueue: class java.util.concurrent.LinkedBlockingQueue, queueCapacity: 2000, scheduler: class org.apache.hadoop.ipc.DefaultRpcScheduler, ipcBackoff: false.
2019-09-25 11:56:48,585 [Socket Reader #1 for port 35348] INFO  ipc.Server (Server.java:run(1074)) - Starting Socket Reader #1 for port 35348
2019-09-25 11:56:48,596 [main] INFO  ipc.CallQueueManager (CallQueueManager.java:<init>(84)) - Using callQueue: class java.util.concurrent.LinkedBlockingQueue, queueCapacity: 2000, scheduler: class org.apache.hadoop.ipc.DefaultRpcScheduler, ipcBackoff: false.
2019-09-25 11:56:48,597 [Socket Reader #1 for port 46372] INFO  ipc.Server (Server.java:run(1074)) - Starting Socket Reader #1 for port 46372
2019-09-25 11:56:48,623 [main] INFO  hdfs.DFSUtil (DFSUtil.java:httpServerTemplateForNNAndJN(1641)) - Starting Web-server for scm at: http://0.0.0.0:0
2019-09-25 11:56:48,767 [main] INFO  server.AuthenticationFilter (AuthenticationFilter.java:constructSecretProvider(240)) - Unable to initialize FileSignerSecretProvider, falling back to use random secrets.
2019-09-25 11:56:48,776 [main] WARN  http.HttpRequestLog (HttpRequestLog.java:getRequestLog(97)) - Jetty request log can only be enabled using Log4j
2019-09-25 11:56:48,784 [main] INFO  http.HttpServer2 (HttpServer2.java:addGlobalFilter(975)) - Added global filter 'safety' (class=org.apache.hadoop.http.HttpServer2$QuotingInputFilter)
2019-09-25 11:56:48,787 [main] INFO  http.HttpServer2 (HttpServer2.java:addFilter(948)) - Added filter static_user_filter (class=org.apache.hadoop.http.lib.StaticUserWebFilter$StaticUserFilter) to context scm
2019-09-25 11:56:48,787 [main] INFO  http.HttpServer2 (HttpServer2.java:addFilter(958)) - Added filter static_user_filter (class=org.apache.hadoop.http.lib.StaticUserWebFilter$StaticUserFilter) to context logs
2019-09-25 11:56:48,787 [main] INFO  http.HttpServer2 (HttpServer2.java:addFilter(958)) - Added filter static_user_filter (class=org.apache.hadoop.http.lib.StaticUserWebFilter$StaticUserFilter) to context static
2019-09-25 11:56:48,817 [main] INFO  server.StorageContainerManager (StorageContainerManager.java:start(770)) - StorageContainerLocationProtocol RPC server is listening at /0.0.0.0:46372
2019-09-25 11:56:48,881 [main] WARN  impl.MetricsConfig (MetricsConfig.java:loadFirst(134)) - Cannot locate configuration: tried hadoop-metrics2-storagecontainermanager.properties,hadoop-metrics2.properties
2019-09-25 11:56:48,896 [main] INFO  impl.MetricsSystemImpl (MetricsSystemImpl.java:startTimer(374)) - Scheduled Metric snapshot period at 10 second(s).
2019-09-25 11:56:48,896 [main] INFO  impl.MetricsSystemImpl (MetricsSystemImpl.java:start(191)) - StorageContainerManager metrics system started
2019-09-25 11:56:49,127 [main] INFO  server.SCMClientProtocolServer (SCMClientProtocolServer.java:start(151)) - RPC server for Client  is listening at /0.0.0.0:46372
2019-09-25 11:56:49,127 [IPC Server Responder] INFO  ipc.Server (Server.java:run(1314)) - IPC Server Responder: starting
2019-09-25 11:56:49,127 [IPC Server listener on 46372] INFO  ipc.Server (Server.java:run(1153)) - IPC Server listener on 46372: starting
2019-09-25 11:56:49,130 [main] INFO  server.StorageContainerManager (StorageContainerManager.java:start(780)) - ScmBlockLocationProtocol RPC server is listening at /0.0.0.0:35348
2019-09-25 11:56:49,131 [main] INFO  server.SCMBlockProtocolServer (SCMBlockProtocolServer.java:start(146)) - RPC server for Block Protocol is listening at /0.0.0.0:35348
2019-09-25 11:56:49,132 [IPC Server Responder] INFO  ipc.Server (Server.java:run(1314)) - IPC Server Responder: starting
2019-09-25 11:56:49,132 [IPC Server listener on 35348] INFO  ipc.Server (Server.java:run(1153)) - IPC Server listener on 35348: starting
2019-09-25 11:56:49,134 [main] INFO  server.StorageContainerManager (StorageContainerManager.java:start(784)) - ScmDatanodeProtocl RPC server is listening at /0.0.0.0:35217
2019-09-25 11:56:49,134 [main] INFO  server.SCMDatanodeProtocolServer (SCMDatanodeProtocolServer.java:start(191)) - RPC server for DataNodes is listening at /0.0.0.0:35217
2019-09-25 11:56:49,135 [IPC Server Responder] INFO  ipc.Server (Server.java:run(1314)) - IPC Server Responder: starting
2019-09-25 11:56:49,135 [IPC Server listener on 35217] INFO  ipc.Server (Server.java:run(1153)) - IPC Server listener on 35217: starting
2019-09-25 11:56:49,138 [main] INFO  http.HttpServer2 (HttpServer2.java:bindListener(1191)) - Jetty bound to port 37758
2019-09-25 11:56:49,140 [main] INFO  server.Server (Server.java:doStart(351)) - jetty-9.3.25.v20180904, build timestamp: 2018-09-04T21:11:46Z, git hash: 3ce520221d0240229c862b122d2b06c12a625732
2019-09-25 11:56:49,178 [main] INFO  handler.ContextHandler (ContextHandler.java:doStart(781)) - Started o.e.j.s.ServletContextHandler@4fce136b{/logs,file:///workdir/hadoop-ozone/integration-test/target/log,AVAILABLE}
2019-09-25 11:56:49,179 [main] INFO  handler.ContextHandler (ContextHandler.java:doStart(781)) - Started o.e.j.s.ServletContextHandler@43b6123e{/static,file:///workdir/hadoop-ozone/integration-test/target/test-classes/webapps/static,AVAILABLE}
2019-09-25 11:56:49,213 [main] INFO  handler.ContextHandler (ContextHandler.java:doStart(781)) - Started o.e.j.w.WebAppContext@6db66836{/,file:///workdir/hadoop-ozone/integration-test/target/test-classes/webapps/scm/,AVAILABLE}{/scm}
2019-09-25 11:56:49,219 [main] INFO  server.AbstractConnector (AbstractConnector.java:doStart(278)) - Started ServerConnector@1ee4730{HTTP/1.1,[http/1.1]}{0.0.0.0:37758}
2019-09-25 11:56:49,219 [main] INFO  server.Server (Server.java:doStart(419)) - Started @2863ms
2019-09-25 11:56:49,221 [main] INFO  impl.MetricsSinkAdapter (MetricsSinkAdapter.java:start(204)) - Sink prometheus started
2019-09-25 11:56:49,221 [main] INFO  impl.MetricsSystemImpl (MetricsSystemImpl.java:registerSink(301)) - Registered sink prometheus
2019-09-25 11:56:49,223 [main] INFO  server.BaseHttpServer (BaseHttpServer.java:updateConnectorAddress(215)) - HTTP server of SCM is listening at http://0.0.0.0:37758
2019-09-25 11:56:49,228 [org.apache.hadoop.util.JvmPauseMonitor$Monitor@51f49060] INFO  util.JvmPauseMonitor (JvmPauseMonitor.java:run(188)) - Starting JVM pause monitor
2019-09-25 11:56:49,231 [main] WARN  server.ServerUtils (ServerUtils.java:getDBPath(222)) - ozone.om.db.dirs is not configured. We recommend adding this setting. Falling back to ozone.metadata.dirs instead.
2019-09-25 11:56:49,339 [main] WARN  server.ServerUtils (ServerUtils.java:getDBPath(222)) - ozone.om.db.dirs is not configured. We recommend adding this setting. Falling back to ozone.metadata.dirs instead.
2019-09-25 11:56:49,339 [main] WARN  server.ServerUtils (ServerUtils.java:getDBPath(222)) - ozone.om.db.dirs is not configured. We recommend adding this setting. Falling back to ozone.metadata.dirs instead.
2019-09-25 11:56:49,340 [main] INFO  om.OzoneManager (OzoneManager.java:setOMNodeDetails(652)) - OM Service ID is not set. Setting it to the default ID: omServiceIdDefault
2019-09-25 11:56:49,341 [main] INFO  om.OzoneManager (OzoneManager.java:setOMNodeDetails(658)) - OM Node ID is not set. Setting it to the OmStorage's OmID: 535d28a5-6f5a-45ea-85a6-e6fa9b1091c7
2019-09-25 11:56:49,342 [main] INFO  om.OzoneManager (OzoneManager.java:loadOMHAConfigs(609)) - Found matching OM address with OMServiceId: null, OMNodeId: null, RPC Address: localhost:0 and Ratis port: 9872
2019-09-25 11:56:49,965 [main] WARN  server.ServerUtils (ServerUtils.java:getDBPath(222)) - ozone.om.db.dirs is not configured. We recommend adding this setting. Falling back to ozone.metadata.dirs instead.
2019-09-25 11:56:49,971 [main] INFO  db.DBStoreBuilder (DBStoreBuilder.java:addTable(110)) - using custom profile for table: userTable
2019-09-25 11:56:49,972 [main] INFO  db.DBStoreBuilder (DBStoreBuilder.java:processTables(161)) - Using default column profile:DBProfile.DISK for Table:userTable
2019-09-25 11:56:49,972 [main] INFO  db.DBStoreBuilder (DBStoreBuilder.java:addTable(110)) - using custom profile for table: volumeTable
2019-09-25 11:56:49,972 [main] INFO  db.DBStoreBuilder (DBStoreBuilder.java:processTables(161)) - Using default column profile:DBProfile.DISK for Table:volumeTable
2019-09-25 11:56:49,972 [main] INFO  db.DBStoreBuilder (DBStoreBuilder.java:addTable(110)) - using custom profile for table: bucketTable
2019-09-25 11:56:49,972 [main] INFO  db.DBStoreBuilder (DBStoreBuilder.java:processTables(161)) - Using default column profile:DBProfile.DISK for Table:bucketTable
2019-09-25 11:56:49,973 [main] INFO  db.DBStoreBuilder (DBStoreBuilder.java:addTable(110)) - using custom profile for table: keyTable
2019-09-25 11:56:49,973 [main] INFO  db.DBStoreBuilder (DBStoreBuilder.java:processTables(161)) - Using default column profile:DBProfile.DISK for Table:keyTable
2019-09-25 11:56:49,973 [main] INFO  db.DBStoreBuilder (DBStoreBuilder.java:addTable(110)) - using custom profile for table: deletedTable
2019-09-25 11:56:49,973 [main] INFO  db.DBStoreBuilder (DBStoreBuilder.java:processTables(161)) - Using default column profile:DBProfile.DISK for Table:deletedTable
2019-09-25 11:56:49,974 [main] INFO  db.DBStoreBuilder (DBStoreBuilder.java:addTable(110)) - using custom profile for table: openKeyTable
2019-09-25 11:56:49,974 [main] INFO  db.DBStoreBuilder (DBStoreBuilder.java:processTables(161)) - Using default column profile:DBProfile.DISK for Table:openKeyTable
2019-09-25 11:56:49,974 [main] INFO  db.DBStoreBuilder (DBStoreBuilder.java:addTable(110)) - using custom profile for table: s3Table
2019-09-25 11:56:49,974 [main] INFO  db.DBStoreBuilder (DBStoreBuilder.java:processTables(161)) - Using default column profile:DBProfile.DISK for Table:s3Table
2019-09-25 11:56:49,974 [main] INFO  db.DBStoreBuilder (DBStoreBuilder.java:addTable(110)) - using custom profile for table: multipartInfoTable
2019-09-25 11:56:49,974 [main] INFO  db.DBStoreBuilder (DBStoreBuilder.java:processTables(161)) - Using default column profile:DBProfile.DISK for Table:multipartInfoTable
2019-09-25 11:56:49,975 [main] INFO  db.DBStoreBuilder (DBStoreBuilder.java:addTable(110)) - using custom profile for table: dTokenTable
2019-09-25 11:56:49,975 [main] INFO  db.DBStoreBuilder (DBStoreBuilder.java:processTables(161)) - Using default column profile:DBProfile.DISK for Table:dTokenTable
2019-09-25 11:56:49,975 [main] INFO  db.DBStoreBuilder (DBStoreBuilder.java:addTable(110)) - using custom profile for table: s3SecretTable
2019-09-25 11:56:49,975 [main] INFO  db.DBStoreBuilder (DBStoreBuilder.java:processTables(161)) - Using default column profile:DBProfile.DISK for Table:s3SecretTable
2019-09-25 11:56:49,976 [main] INFO  db.DBStoreBuilder (DBStoreBuilder.java:addTable(110)) - using custom profile for table: prefixTable
2019-09-25 11:56:49,976 [main] INFO  db.DBStoreBuilder (DBStoreBuilder.java:processTables(161)) - Using default column profile:DBProfile.DISK for Table:prefixTable
2019-09-25 11:56:49,976 [main] INFO  db.DBStoreBuilder (DBStoreBuilder.java:addTable(110)) - using custom profile for table: default
2019-09-25 11:56:49,976 [main] INFO  db.DBStoreBuilder (DBStoreBuilder.java:processTables(167)) - Using default column profile:DBProfile.DISK for Table:default
2019-09-25 11:56:49,976 [main] INFO  db.DBStoreBuilder (DBStoreBuilder.java:getDbProfile(198)) - Using default options. DBProfile.DISK
2019-09-25 11:56:50,504 [main] INFO  ipc.CallQueueManager (CallQueueManager.java:<init>(84)) - Using callQueue: class java.util.concurrent.LinkedBlockingQueue, queueCapacity: 2000, scheduler: class org.apache.hadoop.ipc.DefaultRpcScheduler, ipcBackoff: false.
2019-09-25 11:56:50,505 [Socket Reader #1 for port 35161] INFO  ipc.Server (Server.java:run(1074)) - Starting Socket Reader #1 for port 35161
2019-09-25 11:56:50,528 [main] INFO  om.OzoneManager (OzoneManager.java:start(1243)) - OzoneManager RPC server is listening at localhost/127.0.0.1:35161
2019-09-25 11:56:50,528 [main] INFO  impl.MetricsSystemImpl (MetricsSystemImpl.java:init(158)) - OzoneManager metrics system started (again)
2019-09-25 11:56:50,530 [IPC Server Responder] INFO  ipc.Server (Server.java:run(1314)) - IPC Server Responder: starting
2019-09-25 11:56:50,530 [IPC Server listener on 35161] INFO  ipc.Server (Server.java:run(1153)) - IPC Server listener on 35161: starting
2019-09-25 11:56:50,535 [main] INFO  hdfs.DFSUtil (DFSUtil.java:httpServerTemplateForNNAndJN(1641)) - Starting Web-server for ozoneManager at: http://0.0.0.0:0
2019-09-25 11:56:50,538 [main] INFO  server.AuthenticationFilter (AuthenticationFilter.java:constructSecretProvider(240)) - Unable to initialize FileSignerSecretProvider, falling back to use random secrets.
2019-09-25 11:56:50,539 [main] WARN  http.HttpRequestLog (HttpRequestLog.java:getRequestLog(97)) - Jetty request log can only be enabled using Log4j
2019-09-25 11:56:50,543 [main] INFO  http.HttpServer2 (HttpServer2.java:addGlobalFilter(975)) - Added global filter 'safety' (class=org.apache.hadoop.http.HttpServer2$QuotingInputFilter)
2019-09-25 11:56:50,545 [main] INFO  http.HttpServer2 (HttpServer2.java:addFilter(948)) - Added filter static_user_filter (class=org.apache.hadoop.http.lib.StaticUserWebFilter$StaticUserFilter) to context ozoneManager
2019-09-25 11:56:50,545 [main] INFO  http.HttpServer2 (HttpServer2.java:addFilter(958)) - Added filter static_user_filter (class=org.apache.hadoop.http.lib.StaticUserWebFilter$StaticUserFilter) to context static
2019-09-25 11:56:50,545 [main] INFO  http.HttpServer2 (HttpServer2.java:addFilter(958)) - Added filter static_user_filter (class=org.apache.hadoop.http.lib.StaticUserWebFilter$StaticUserFilter) to context logs
2019-09-25 11:56:50,549 [main] INFO  http.HttpServer2 (HttpServer2.java:bindListener(1191)) - Jetty bound to port 37455
2019-09-25 11:56:50,549 [main] INFO  server.Server (Server.java:doStart(351)) - jetty-9.3.25.v20180904, build timestamp: 2018-09-04T21:11:46Z, git hash: 3ce520221d0240229c862b122d2b06c12a625732
2019-09-25 11:56:50,552 [main] INFO  handler.ContextHandler (ContextHandler.java:doStart(781)) - Started o.e.j.s.ServletContextHandler@20ed3303{/logs,file:///workdir/hadoop-ozone/integration-test/target/log,AVAILABLE}
2019-09-25 11:56:50,553 [main] INFO  handler.ContextHandler (ContextHandler.java:doStart(781)) - Started o.e.j.s.ServletContextHandler@3a627c80{/static,file:///workdir/hadoop-ozone/integration-test/target/test-classes/webapps/static,AVAILABLE}
2019-09-25 11:56:50,560 [main] INFO  handler.ContextHandler (ContextHandler.java:doStart(781)) - Started o.e.j.w.WebAppContext@415156bf{/,file:///workdir/hadoop-ozone/integration-test/target/test-classes/webapps/ozoneManager/,AVAILABLE}{/ozoneManager}
2019-09-25 11:56:50,561 [main] INFO  server.AbstractConnector (AbstractConnector.java:doStart(278)) - Started ServerConnector@393881f0{HTTP/1.1,[http/1.1]}{0.0.0.0:37455}
2019-09-25 11:56:50,562 [main] INFO  server.Server (Server.java:doStart(419)) - Started @4207ms
2019-09-25 11:56:50,563 [main] WARN  impl.MetricsSystemImpl (MetricsSystemImpl.java:register(276)) - Sink prometheus already exists!
2019-09-25 11:56:50,564 [main] INFO  server.BaseHttpServer (BaseHttpServer.java:updateConnectorAddress(215)) - HTTP server of OZONEMANAGER is listening at http://0.0.0.0:37455
2019-09-25 11:56:50,929 [main] INFO  impl.MetricsSystemImpl (MetricsSystemImpl.java:init(158)) - HddsDatanode metrics system started (again)
2019-09-25 11:56:50,986 [main] INFO  ozone.HddsDatanodeService (HddsDatanodeService.java:start(184)) - HddsDatanodeService host:pr-hdds-1569-shd4m-3693607622 ip:192.168.151.73
2019-09-25 11:56:51,023 [main] INFO  volume.HddsVolume (HddsVolume.java:<init>(176)) - Creating Volume: /workdir/hadoop-ozone/integration-test/target/test-dir/MiniOzoneClusterImpl-79e9daf4-eda6-4046-b710-e1fcaf4daad9/datanode-0/data/containers/hdds of  storage type : DISK and capacity : 1482555576320
2019-09-25 11:56:51,024 [main] INFO  volume.VolumeSet (VolumeSet.java:initializeVolumeSet(170)) - Added Volume : /workdir/hadoop-ozone/integration-test/target/test-dir/MiniOzoneClusterImpl-79e9daf4-eda6-4046-b710-e1fcaf4daad9/datanode-0/data/containers/hdds to VolumeSet
2019-09-25 11:56:51,027 [main] INFO  volume.ThrottledAsyncChecker (ThrottledAsyncChecker.java:schedule(139)) - Scheduling a check for org.apache.hadoop.ozone.container.common.volume.HddsVolume@59496961
2019-09-25 11:56:51,044 [main] INFO  volume.HddsVolumeChecker (HddsVolumeChecker.java:checkAllVolumes(202)) - Scheduled health check for volume org.apache.hadoop.ozone.container.common.volume.HddsVolume@59496961
2019-09-25 11:56:51,160 [main] INFO  impl.RaftServerProxy (ConfUtils.java:logGet(43)) - raft.rpc.type = GRPC (default)
2019-09-25 11:56:51,228 [main] INFO  grpc.GrpcFactory (GrpcFactory.java:checkPooledByteBufAllocatorUseCacheForAllThreads(45)) - PERFORMANCE WARNING: useCacheForAllThreads is true that may cause Netty to create a lot garbage objects and, as a result, trigger GC.
	It is recommended to disable useCacheForAllThreads by setting -Dorg.apache.ratis.thirdparty.io.netty.allocator.useCacheForAllThreads=false in command line.
2019-09-25 11:56:51,233 [main] INFO  grpc.GrpcConfigKeys$Server (ConfUtils.java:logGet(43)) - raft.grpc.server.port = 0 (default)
2019-09-25 11:56:51,234 [main] INFO  server.GrpcService (ConfUtils.java:logGet(43)) - raft.grpc.message.size.max = 33570816 (custom)
2019-09-25 11:56:51,235 [main] INFO  server.RaftServerConfigKeys (ConfUtils.java:logGet(43)) - raft.server.log.appender.buffer.byte-limit = 33554432 (custom)
2019-09-25 11:56:51,236 [main] INFO  server.GrpcService (ConfUtils.java:logGet(43)) - raft.grpc.flow.control.window = 1MB (=1048576) (default)
2019-09-25 11:56:51,237 [main] INFO  server.RaftServerConfigKeys (ConfUtils.java:logGet(43)) - raft.server.rpc.request.timeout = 3000ms (default)
2019-09-25 11:56:51,428 [main] INFO  server.RaftServerConfigKeys (ConfUtils.java:logGet(43)) - raft.server.storage.dir = [/workdir/hadoop-ozone/integration-test/target/test-dir/MiniOzoneClusterImpl-79e9daf4-eda6-4046-b710-e1fcaf4daad9/datanode-0/data/ratis] (custom)
2019-09-25 11:56:51,484 [main] INFO  hdfs.DFSUtil (DFSUtil.java:httpServerTemplateForNNAndJN(1641)) - Starting Web-server for hddsDatanode at: http://0.0.0.0:0
2019-09-25 11:56:51,486 [main] INFO  server.AuthenticationFilter (AuthenticationFilter.java:constructSecretProvider(240)) - Unable to initialize FileSignerSecretProvider, falling back to use random secrets.
2019-09-25 11:56:51,486 [main] WARN  http.HttpRequestLog (HttpRequestLog.java:getRequestLog(97)) - Jetty request log can only be enabled using Log4j
2019-09-25 11:56:51,488 [main] INFO  http.HttpServer2 (HttpServer2.java:addGlobalFilter(975)) - Added global filter 'safety' (class=org.apache.hadoop.http.HttpServer2$QuotingInputFilter)
2019-09-25 11:56:51,489 [main] INFO  http.HttpServer2 (HttpServer2.java:addFilter(948)) - Added filter static_user_filter (class=org.apache.hadoop.http.lib.StaticUserWebFilter$StaticUserFilter) to context hddsDatanode
2019-09-25 11:56:51,489 [main] INFO  http.HttpServer2 (HttpServer2.java:addFilter(958)) - Added filter static_user_filter (class=org.apache.hadoop.http.lib.StaticUserWebFilter$StaticUserFilter) to context logs
2019-09-25 11:56:51,489 [main] INFO  http.HttpServer2 (HttpServer2.java:addFilter(958)) - Added filter static_user_filter (class=org.apache.hadoop.http.lib.StaticUserWebFilter$StaticUserFilter) to context static
2019-09-25 11:56:51,490 [main] INFO  http.HttpServer2 (HttpServer2.java:bindListener(1191)) - Jetty bound to port 38417
2019-09-25 11:56:51,490 [main] INFO  server.Server (Server.java:doStart(351)) - jetty-9.3.25.v20180904, build timestamp: 2018-09-04T21:11:46Z, git hash: 3ce520221d0240229c862b122d2b06c12a625732
2019-09-25 11:56:51,492 [main] INFO  handler.ContextHandler (ContextHandler.java:doStart(781)) - Started o.e.j.s.ServletContextHandler@43045f9f{/logs,file:///workdir/hadoop-ozone/integration-test/target/log,AVAILABLE}
2019-09-25 11:56:51,493 [main] INFO  handler.ContextHandler (ContextHandler.java:doStart(781)) - Started o.e.j.s.ServletContextHandler@6403e24c{/static,jar:file:/home/user/.m2/repository/org/apache/hadoop/hadoop-hdds-container-service/0.5.0-SNAPSHOT/hadoop-hdds-container-service-0.5.0-SNAPSHOT.jar!/webapps/static,AVAILABLE}
2019-09-25 11:56:51,525 [main] INFO  handler.ContextHandler (ContextHandler.java:doStart(781)) - Started o.e.j.w.WebAppContext@5df778c3{/,file:///tmp/jetty-0.0.0.0-38417-hddsDatanode-_-any-883165175414061004.dir/webapp/,AVAILABLE}{/hddsDatanode}
2019-09-25 11:56:51,526 [main] INFO  server.AbstractConnector (AbstractConnector.java:doStart(278)) - Started ServerConnector@895416d{HTTP/1.1,[http/1.1]}{0.0.0.0:38417}
2019-09-25 11:56:51,527 [main] INFO  server.Server (Server.java:doStart(419)) - Started @5171ms
2019-09-25 11:56:51,527 [main] WARN  impl.MetricsSystemImpl (MetricsSystemImpl.java:register(276)) - Sink prometheus already exists!
2019-09-25 11:56:51,528 [main] INFO  server.BaseHttpServer (BaseHttpServer.java:updateConnectorAddress(215)) - HTTP server of HDDSDATANODE is listening at http://0.0.0.0:38417
2019-09-25 11:56:51,529 [main] INFO  impl.MetricsSystemImpl (MetricsSystemImpl.java:init(158)) - HddsDatanode metrics system started (again)
2019-09-25 11:56:51,532 [main] INFO  ozone.HddsDatanodeService (HddsDatanodeService.java:start(184)) - HddsDatanodeService host:pr-hdds-1569-shd4m-3693607622 ip:192.168.151.73
2019-09-25 11:56:51,538 [org.apache.hadoop.util.JvmPauseMonitor$Monitor@373b9f6f] INFO  util.JvmPauseMonitor (JvmPauseMonitor.java:run(188)) - Starting JVM pause monitor
2019-09-25 11:56:51,538 [main] INFO  volume.HddsVolume (HddsVolume.java:<init>(176)) - Creating Volume: /workdir/hadoop-ozone/integration-test/target/test-dir/MiniOzoneClusterImpl-79e9daf4-eda6-4046-b710-e1fcaf4daad9/datanode-1/data/containers/hdds of  storage type : DISK and capacity : 1482555576320
2019-09-25 11:56:51,539 [main] INFO  volume.VolumeSet (VolumeSet.java:initializeVolumeSet(170)) - Added Volume : /workdir/hadoop-ozone/integration-test/target/test-dir/MiniOzoneClusterImpl-79e9daf4-eda6-4046-b710-e1fcaf4daad9/datanode-1/data/containers/hdds to VolumeSet
2019-09-25 11:56:51,539 [main] INFO  volume.ThrottledAsyncChecker (ThrottledAsyncChecker.java:schedule(139)) - Scheduling a check for org.apache.hadoop.ozone.container.common.volume.HddsVolume@22a6e998
2019-09-25 11:56:51,540 [main] INFO  volume.HddsVolumeChecker (HddsVolumeChecker.java:checkAllVolumes(202)) - Scheduled health check for volume org.apache.hadoop.ozone.container.common.volume.HddsVolume@22a6e998
2019-09-25 11:56:51,554 [main] INFO  impl.RaftServerProxy (ConfUtils.java:logGet(43)) - raft.rpc.type = GRPC (default)
2019-09-25 11:56:51,555 [main] INFO  grpc.GrpcFactory (GrpcFactory.java:checkPooledByteBufAllocatorUseCacheForAllThreads(45)) - PERFORMANCE WARNING: useCacheForAllThreads is true that may cause Netty to create a lot garbage objects and, as a result, trigger GC.
	It is recommended to disable useCacheForAllThreads by setting -Dorg.apache.ratis.thirdparty.io.netty.allocator.useCacheForAllThreads=false in command line.
2019-09-25 11:56:51,555 [main] INFO  grpc.GrpcConfigKeys$Server (ConfUtils.java:logGet(43)) - raft.grpc.server.port = 0 (default)
2019-09-25 11:56:51,555 [main] INFO  server.GrpcService (ConfUtils.java:logGet(43)) - raft.grpc.message.size.max = 33570816 (custom)
2019-09-25 11:56:51,555 [main] INFO  server.RaftServerConfigKeys (ConfUtils.java:logGet(43)) - raft.server.log.appender.buffer.byte-limit = 33554432 (custom)
2019-09-25 11:56:51,556 [main] INFO  server.GrpcService (ConfUtils.java:logGet(43)) - raft.grpc.flow.control.window = 1MB (=1048576) (default)
2019-09-25 11:56:51,556 [main] INFO  server.RaftServerConfigKeys (ConfUtils.java:logGet(43)) - raft.server.rpc.request.timeout = 3000ms (default)
2019-09-25 11:56:51,557 [main] INFO  server.RaftServerConfigKeys (ConfUtils.java:logGet(43)) - raft.server.storage.dir = [/workdir/hadoop-ozone/integration-test/target/test-dir/MiniOzoneClusterImpl-79e9daf4-eda6-4046-b710-e1fcaf4daad9/datanode-1/data/ratis] (custom)
2019-09-25 11:56:51,558 [main] INFO  hdfs.DFSUtil (DFSUtil.java:httpServerTemplateForNNAndJN(1641)) - Starting Web-server for hddsDatanode at: http://0.0.0.0:0
2019-09-25 11:56:51,559 [main] INFO  server.AuthenticationFilter (AuthenticationFilter.java:constructSecretProvider(240)) - Unable to initialize FileSignerSecretProvider, falling back to use random secrets.
2019-09-25 11:56:51,560 [main] WARN  http.HttpRequestLog (HttpRequestLog.java:getRequestLog(97)) - Jetty request log can only be enabled using Log4j
2019-09-25 11:56:51,562 [main] INFO  http.HttpServer2 (HttpServer2.java:addGlobalFilter(975)) - Added global filter 'safety' (class=org.apache.hadoop.http.HttpServer2$QuotingInputFilter)
2019-09-25 11:56:51,563 [main] INFO  http.HttpServer2 (HttpServer2.java:addFilter(948)) - Added filter static_user_filter (class=org.apache.hadoop.http.lib.StaticUserWebFilter$StaticUserFilter) to context hddsDatanode
2019-09-25 11:56:51,563 [main] INFO  http.HttpServer2 (HttpServer2.java:addFilter(958)) - Added filter static_user_filter (class=org.apache.hadoop.http.lib.StaticUserWebFilter$StaticUserFilter) to context logs
2019-09-25 11:56:51,563 [main] INFO  http.HttpServer2 (HttpServer2.java:addFilter(958)) - Added filter static_user_filter (class=org.apache.hadoop.http.lib.StaticUserWebFilter$StaticUserFilter) to context static
2019-09-25 11:56:51,564 [main] INFO  http.HttpServer2 (HttpServer2.java:bindListener(1191)) - Jetty bound to port 37930
2019-09-25 11:56:51,564 [main] INFO  server.Server (Server.java:doStart(351)) - jetty-9.3.25.v20180904, build timestamp: 2018-09-04T21:11:46Z, git hash: 3ce520221d0240229c862b122d2b06c12a625732
2019-09-25 11:56:51,570 [main] INFO  handler.ContextHandler (ContextHandler.java:doStart(781)) - Started o.e.j.s.ServletContextHandler@a9f023e{/logs,file:///workdir/hadoop-ozone/integration-test/target/log,AVAILABLE}
2019-09-25 11:56:51,571 [main] INFO  handler.ContextHandler (ContextHandler.java:doStart(781)) - Started o.e.j.s.ServletContextHandler@4b200971{/static,jar:file:/home/user/.m2/repository/org/apache/hadoop/hadoop-hdds-container-service/0.5.0-SNAPSHOT/hadoop-hdds-container-service-0.5.0-SNAPSHOT.jar!/webapps/static,AVAILABLE}
2019-09-25 11:56:51,600 [main] INFO  handler.ContextHandler (ContextHandler.java:doStart(781)) - Started o.e.j.w.WebAppContext@337bbfdf{/,file:///tmp/jetty-0.0.0.0-37930-hddsDatanode-_-any-1572253194324569783.dir/webapp/,AVAILABLE}{/hddsDatanode}
2019-09-25 11:56:51,601 [main] INFO  server.AbstractConnector (AbstractConnector.java:doStart(278)) - Started ServerConnector@52d97ab6{HTTP/1.1,[http/1.1]}{0.0.0.0:37930}
2019-09-25 11:56:51,601 [main] INFO  server.Server (Server.java:doStart(419)) - Started @5246ms
2019-09-25 11:56:51,602 [main] WARN  impl.MetricsSystemImpl (MetricsSystemImpl.java:register(276)) - Sink prometheus already exists!
2019-09-25 11:56:51,603 [main] INFO  server.BaseHttpServer (BaseHttpServer.java:updateConnectorAddress(215)) - HTTP server of HDDSDATANODE is listening at http://0.0.0.0:37930
2019-09-25 11:56:51,603 [main] INFO  impl.MetricsSystemImpl (MetricsSystemImpl.java:init(158)) - HddsDatanode metrics system started (again)
2019-09-25 11:56:51,606 [org.apache.hadoop.util.JvmPauseMonitor$Monitor@17327c0e] INFO  util.JvmPauseMonitor (JvmPauseMonitor.java:run(188)) - Starting JVM pause monitor
2019-09-25 11:56:51,606 [main] INFO  ozone.HddsDatanodeService (HddsDatanodeService.java:start(184)) - HddsDatanodeService host:pr-hdds-1569-shd4m-3693607622 ip:192.168.151.73
2019-09-25 11:56:51,613 [main] INFO  volume.HddsVolume (HddsVolume.java:<init>(176)) - Creating Volume: /workdir/hadoop-ozone/integration-test/target/test-dir/MiniOzoneClusterImpl-79e9daf4-eda6-4046-b710-e1fcaf4daad9/datanode-2/data/containers/hdds of  storage type : DISK and capacity : 1482555576320
2019-09-25 11:56:51,613 [main] INFO  volume.VolumeSet (VolumeSet.java:initializeVolumeSet(170)) - Added Volume : /workdir/hadoop-ozone/integration-test/target/test-dir/MiniOzoneClusterImpl-79e9daf4-eda6-4046-b710-e1fcaf4daad9/datanode-2/data/containers/hdds to VolumeSet
2019-09-25 11:56:51,614 [main] INFO  volume.ThrottledAsyncChecker (ThrottledAsyncChecker.java:schedule(139)) - Scheduling a check for org.apache.hadoop.ozone.container.common.volume.HddsVolume@65e21ce3
2019-09-25 11:56:51,614 [main] INFO  volume.HddsVolumeChecker (HddsVolumeChecker.java:checkAllVolumes(202)) - Scheduled health check for volume org.apache.hadoop.ozone.container.common.volume.HddsVolume@65e21ce3
2019-09-25 11:56:51,628 [main] INFO  impl.RaftServerProxy (ConfUtils.java:logGet(43)) - raft.rpc.type = GRPC (default)
2019-09-25 11:56:51,628 [main] INFO  grpc.GrpcFactory (GrpcFactory.java:checkPooledByteBufAllocatorUseCacheForAllThreads(45)) - PERFORMANCE WARNING: useCacheForAllThreads is true that may cause Netty to create a lot garbage objects and, as a result, trigger GC.
	It is recommended to disable useCacheForAllThreads by setting -Dorg.apache.ratis.thirdparty.io.netty.allocator.useCacheForAllThreads=false in command line.
2019-09-25 11:56:51,628 [main] INFO  grpc.GrpcConfigKeys$Server (ConfUtils.java:logGet(43)) - raft.grpc.server.port = 0 (default)
2019-09-25 11:56:51,628 [main] INFO  server.GrpcService (ConfUtils.java:logGet(43)) - raft.grpc.message.size.max = 33570816 (custom)
2019-09-25 11:56:51,629 [main] INFO  server.RaftServerConfigKeys (ConfUtils.java:logGet(43)) - raft.server.log.appender.buffer.byte-limit = 33554432 (custom)
2019-09-25 11:56:51,629 [main] INFO  server.GrpcService (ConfUtils.java:logGet(43)) - raft.grpc.flow.control.window = 1MB (=1048576) (default)
2019-09-25 11:56:51,629 [main] INFO  server.RaftServerConfigKeys (ConfUtils.java:logGet(43)) - raft.server.rpc.request.timeout = 3000ms (default)
2019-09-25 11:56:51,630 [main] INFO  server.RaftServerConfigKeys (ConfUtils.java:logGet(43)) - raft.server.storage.dir = [/workdir/hadoop-ozone/integration-test/target/test-dir/MiniOzoneClusterImpl-79e9daf4-eda6-4046-b710-e1fcaf4daad9/datanode-2/data/ratis] (custom)
2019-09-25 11:56:51,632 [main] INFO  hdfs.DFSUtil (DFSUtil.java:httpServerTemplateForNNAndJN(1641)) - Starting Web-server for hddsDatanode at: http://0.0.0.0:0
2019-09-25 11:56:51,633 [main] INFO  server.AuthenticationFilter (AuthenticationFilter.java:constructSecretProvider(240)) - Unable to initialize FileSignerSecretProvider, falling back to use random secrets.
2019-09-25 11:56:51,633 [main] WARN  http.HttpRequestLog (HttpRequestLog.java:getRequestLog(97)) - Jetty request log can only be enabled using Log4j
2019-09-25 11:56:51,635 [main] INFO  http.HttpServer2 (HttpServer2.java:addGlobalFilter(975)) - Added global filter 'safety' (class=org.apache.hadoop.http.HttpServer2$QuotingInputFilter)
2019-09-25 11:56:51,635 [main] INFO  http.HttpServer2 (HttpServer2.java:addFilter(948)) - Added filter static_user_filter (class=org.apache.hadoop.http.lib.StaticUserWebFilter$StaticUserFilter) to context hddsDatanode
2019-09-25 11:56:51,636 [main] INFO  http.HttpServer2 (HttpServer2.java:addFilter(958)) - Added filter static_user_filter (class=org.apache.hadoop.http.lib.StaticUserWebFilter$StaticUserFilter) to context static
2019-09-25 11:56:51,636 [main] INFO  http.HttpServer2 (HttpServer2.java:addFilter(958)) - Added filter static_user_filter (class=org.apache.hadoop.http.lib.StaticUserWebFilter$StaticUserFilter) to context logs
2019-09-25 11:56:51,638 [main] INFO  http.HttpServer2 (HttpServer2.java:bindListener(1191)) - Jetty bound to port 35251
2019-09-25 11:56:51,638 [main] INFO  server.Server (Server.java:doStart(351)) - jetty-9.3.25.v20180904, build timestamp: 2018-09-04T21:11:46Z, git hash: 3ce520221d0240229c862b122d2b06c12a625732
2019-09-25 11:56:51,640 [main] INFO  handler.ContextHandler (ContextHandler.java:doStart(781)) - Started o.e.j.s.ServletContextHandler@7100dea{/logs,file:///workdir/hadoop-ozone/integration-test/target/log,AVAILABLE}
2019-09-25 11:56:51,640 [main] INFO  handler.ContextHandler (ContextHandler.java:doStart(781)) - Started o.e.j.s.ServletContextHandler@32e54a9d{/static,jar:file:/home/user/.m2/repository/org/apache/hadoop/hadoop-hdds-container-service/0.5.0-SNAPSHOT/hadoop-hdds-container-service-0.5.0-SNAPSHOT.jar!/webapps/static,AVAILABLE}
2019-09-25 11:56:51,643 [Datanode State Machine Thread - 0] INFO  datanode.InitDatanodeState (InitDatanodeState.java:persistContainerDatanodeDetails(140)) - DatanodeDetails is persisted to /workdir/hadoop-ozone/integration-test/target/test-dir/MiniOzoneClusterImpl-79e9daf4-eda6-4046-b710-e1fcaf4daad9/datanode-0/meta/datanode.id
2019-09-25 11:56:51,648 [Datanode State Machine Thread - 0] INFO  datanode.InitDatanodeState (InitDatanodeState.java:persistContainerDatanodeDetails(140)) - DatanodeDetails is persisted to /workdir/hadoop-ozone/integration-test/target/test-dir/MiniOzoneClusterImpl-79e9daf4-eda6-4046-b710-e1fcaf4daad9/datanode-1/meta/datanode.id
2019-09-25 11:56:51,672 [main] INFO  handler.ContextHandler (ContextHandler.java:doStart(781)) - Started o.e.j.w.WebAppContext@588f63c{/,file:///tmp/jetty-0.0.0.0-35251-hddsDatanode-_-any-7091412170144800425.dir/webapp/,AVAILABLE}{/hddsDatanode}
2019-09-25 11:56:51,673 [main] INFO  server.AbstractConnector (AbstractConnector.java:doStart(278)) - Started ServerConnector@5a6fa56e{HTTP/1.1,[http/1.1]}{0.0.0.0:35251}
2019-09-25 11:56:51,674 [main] INFO  server.Server (Server.java:doStart(419)) - Started @5318ms
2019-09-25 11:56:51,674 [main] WARN  impl.MetricsSystemImpl (MetricsSystemImpl.java:register(276)) - Sink prometheus already exists!
2019-09-25 11:56:51,675 [main] INFO  server.BaseHttpServer (BaseHttpServer.java:updateConnectorAddress(215)) - HTTP server of HDDSDATANODE is listening at http://0.0.0.0:35251
2019-09-25 11:56:51,675 [main] INFO  impl.MetricsSystemImpl (MetricsSystemImpl.java:init(158)) - HddsDatanode metrics system started (again)
2019-09-25 11:56:51,678 [org.apache.hadoop.util.JvmPauseMonitor$Monitor@5705512] INFO  util.JvmPauseMonitor (JvmPauseMonitor.java:run(188)) - Starting JVM pause monitor
2019-09-25 11:56:51,678 [main] INFO  ozone.HddsDatanodeService (HddsDatanodeService.java:start(184)) - HddsDatanodeService host:pr-hdds-1569-shd4m-3693607622 ip:192.168.151.73
2019-09-25 11:56:51,680 [Datanode State Machine Thread - 0] INFO  datanode.InitDatanodeState (InitDatanodeState.java:persistContainerDatanodeDetails(140)) - DatanodeDetails is persisted to /workdir/hadoop-ozone/integration-test/target/test-dir/MiniOzoneClusterImpl-79e9daf4-eda6-4046-b710-e1fcaf4daad9/datanode-2/meta/datanode.id
2019-09-25 11:56:51,685 [main] INFO  volume.HddsVolume (HddsVolume.java:<init>(176)) - Creating Volume: /workdir/hadoop-ozone/integration-test/target/test-dir/MiniOzoneClusterImpl-79e9daf4-eda6-4046-b710-e1fcaf4daad9/datanode-3/data/containers/hdds of  storage type : DISK and capacity : 1482555576320
2019-09-25 11:56:51,685 [main] INFO  volume.VolumeSet (VolumeSet.java:initializeVolumeSet(170)) - Added Volume : /workdir/hadoop-ozone/integration-test/target/test-dir/MiniOzoneClusterImpl-79e9daf4-eda6-4046-b710-e1fcaf4daad9/datanode-3/data/containers/hdds to VolumeSet
2019-09-25 11:56:51,686 [main] INFO  volume.ThrottledAsyncChecker (ThrottledAsyncChecker.java:schedule(139)) - Scheduling a check for org.apache.hadoop.ozone.container.common.volume.HddsVolume@7efb53af
2019-09-25 11:56:51,686 [main] INFO  volume.HddsVolumeChecker (HddsVolumeChecker.java:checkAllVolumes(202)) - Scheduled health check for volume org.apache.hadoop.ozone.container.common.volume.HddsVolume@7efb53af
2019-09-25 11:56:51,700 [main] INFO  impl.RaftServerProxy (ConfUtils.java:logGet(43)) - raft.rpc.type = GRPC (default)
2019-09-25 11:56:51,701 [main] INFO  grpc.GrpcFactory (GrpcFactory.java:checkPooledByteBufAllocatorUseCacheForAllThreads(45)) - PERFORMANCE WARNING: useCacheForAllThreads is true that may cause Netty to create a lot garbage objects and, as a result, trigger GC.
	It is recommended to disable useCacheForAllThreads by setting -Dorg.apache.ratis.thirdparty.io.netty.allocator.useCacheForAllThreads=false in command line.
2019-09-25 11:56:51,701 [main] INFO  grpc.GrpcConfigKeys$Server (ConfUtils.java:logGet(43)) - raft.grpc.server.port = 0 (default)
2019-09-25 11:56:51,701 [main] INFO  server.GrpcService (ConfUtils.java:logGet(43)) - raft.grpc.message.size.max = 33570816 (custom)
2019-09-25 11:56:51,701 [main] INFO  server.RaftServerConfigKeys (ConfUtils.java:logGet(43)) - raft.server.log.appender.buffer.byte-limit = 33554432 (custom)
2019-09-25 11:56:51,702 [main] INFO  server.GrpcService (ConfUtils.java:logGet(43)) - raft.grpc.flow.control.window = 1MB (=1048576) (default)
2019-09-25 11:56:51,702 [main] INFO  server.RaftServerConfigKeys (ConfUtils.java:logGet(43)) - raft.server.rpc.request.timeout = 3000ms (default)
2019-09-25 11:56:51,702 [main] INFO  server.RaftServerConfigKeys (ConfUtils.java:logGet(43)) - raft.server.storage.dir = [/workdir/hadoop-ozone/integration-test/target/test-dir/MiniOzoneClusterImpl-79e9daf4-eda6-4046-b710-e1fcaf4daad9/datanode-3/data/ratis] (custom)
2019-09-25 11:56:51,704 [main] INFO  hdfs.DFSUtil (DFSUtil.java:httpServerTemplateForNNAndJN(1641)) - Starting Web-server for hddsDatanode at: http://0.0.0.0:0
2019-09-25 11:56:51,705 [main] INFO  server.AuthenticationFilter (AuthenticationFilter.java:constructSecretProvider(240)) - Unable to initialize FileSignerSecretProvider, falling back to use random secrets.
2019-09-25 11:56:51,706 [main] WARN  http.HttpRequestLog (HttpRequestLog.java:getRequestLog(97)) - Jetty request log can only be enabled using Log4j
2019-09-25 11:56:51,707 [main] INFO  http.HttpServer2 (HttpServer2.java:addGlobalFilter(975)) - Added global filter 'safety' (class=org.apache.hadoop.http.HttpServer2$QuotingInputFilter)
2019-09-25 11:56:51,708 [main] INFO  http.HttpServer2 (HttpServer2.java:addFilter(948)) - Added filter static_user_filter (class=org.apache.hadoop.http.lib.StaticUserWebFilter$StaticUserFilter) to context hddsDatanode
2019-09-25 11:56:51,708 [main] INFO  http.HttpServer2 (HttpServer2.java:addFilter(958)) - Added filter static_user_filter (class=org.apache.hadoop.http.lib.StaticUserWebFilter$StaticUserFilter) to context logs
2019-09-25 11:56:51,708 [main] INFO  http.HttpServer2 (HttpServer2.java:addFilter(958)) - Added filter static_user_filter (class=org.apache.hadoop.http.lib.StaticUserWebFilter$StaticUserFilter) to context static
2019-09-25 11:56:51,709 [main] INFO  http.HttpServer2 (HttpServer2.java:bindListener(1191)) - Jetty bound to port 41958
2019-09-25 11:56:51,709 [main] INFO  server.Server (Server.java:doStart(351)) - jetty-9.3.25.v20180904, build timestamp: 2018-09-04T21:11:46Z, git hash: 3ce520221d0240229c862b122d2b06c12a625732
2019-09-25 11:56:51,715 [main] INFO  handler.ContextHandler (ContextHandler.java:doStart(781)) - Started o.e.j.s.ServletContextHandler@72f9f27c{/logs,file:///workdir/hadoop-ozone/integration-test/target/log,AVAILABLE}
2019-09-25 11:56:51,715 [main] INFO  handler.ContextHandler (ContextHandler.java:doStart(781)) - Started o.e.j.s.ServletContextHandler@762637be{/static,jar:file:/home/user/.m2/repository/org/apache/hadoop/hadoop-hdds-container-service/0.5.0-SNAPSHOT/hadoop-hdds-container-service-0.5.0-SNAPSHOT.jar!/webapps/static,AVAILABLE}
2019-09-25 11:56:51,759 [main] INFO  handler.ContextHandler (ContextHandler.java:doStart(781)) - Started o.e.j.w.WebAppContext@715b886f{/,file:///tmp/jetty-0.0.0.0-41958-hddsDatanode-_-any-7023734415577398487.dir/webapp/,AVAILABLE}{/hddsDatanode}
2019-09-25 11:56:51,760 [main] INFO  server.AbstractConnector (AbstractConnector.java:doStart(278)) - Started ServerConnector@7fb29ca9{HTTP/1.1,[http/1.1]}{0.0.0.0:41958}
2019-09-25 11:56:51,761 [main] INFO  server.Server (Server.java:doStart(419)) - Started @5406ms
2019-09-25 11:56:51,762 [main] WARN  impl.MetricsSystemImpl (MetricsSystemImpl.java:register(276)) - Sink prometheus already exists!
2019-09-25 11:56:51,763 [main] INFO  server.BaseHttpServer (BaseHttpServer.java:updateConnectorAddress(215)) - HTTP server of HDDSDATANODE is listening at http://0.0.0.0:41958
2019-09-25 11:56:51,764 [main] INFO  impl.MetricsSystemImpl (MetricsSystemImpl.java:init(158)) - HddsDatanode metrics system started (again)
2019-09-25 11:56:51,768 [org.apache.hadoop.util.JvmPauseMonitor$Monitor@3970232d] INFO  util.JvmPauseMonitor (JvmPauseMonitor.java:run(188)) - Starting JVM pause monitor
2019-09-25 11:56:51,770 [main] INFO  ozone.HddsDatanodeService (HddsDatanodeService.java:start(184)) - HddsDatanodeService host:pr-hdds-1569-shd4m-3693607622 ip:192.168.151.73
2019-09-25 11:56:51,772 [Datanode State Machine Thread - 0] INFO  datanode.InitDatanodeState (InitDatanodeState.java:persistContainerDatanodeDetails(140)) - DatanodeDetails is persisted to /workdir/hadoop-ozone/integration-test/target/test-dir/MiniOzoneClusterImpl-79e9daf4-eda6-4046-b710-e1fcaf4daad9/datanode-3/meta/datanode.id
2019-09-25 11:56:51,778 [main] INFO  volume.HddsVolume (HddsVolume.java:<init>(176)) - Creating Volume: /workdir/hadoop-ozone/integration-test/target/test-dir/MiniOzoneClusterImpl-79e9daf4-eda6-4046-b710-e1fcaf4daad9/datanode-4/data/containers/hdds of  storage type : DISK and capacity : 1482555576320
2019-09-25 11:56:51,780 [main] INFO  volume.VolumeSet (VolumeSet.java:initializeVolumeSet(170)) - Added Volume : /workdir/hadoop-ozone/integration-test/target/test-dir/MiniOzoneClusterImpl-79e9daf4-eda6-4046-b710-e1fcaf4daad9/datanode-4/data/containers/hdds to VolumeSet
2019-09-25 11:56:51,780 [main] INFO  volume.ThrottledAsyncChecker (ThrottledAsyncChecker.java:schedule(139)) - Scheduling a check for org.apache.hadoop.ozone.container.common.volume.HddsVolume@5d2828c9
2019-09-25 11:56:51,781 [main] INFO  volume.HddsVolumeChecker (HddsVolumeChecker.java:checkAllVolumes(202)) - Scheduled health check for volume org.apache.hadoop.ozone.container.common.volume.HddsVolume@5d2828c9
2019-09-25 11:56:51,806 [main] INFO  impl.RaftServerProxy (ConfUtils.java:logGet(43)) - raft.rpc.type = GRPC (default)
2019-09-25 11:56:51,806 [main] INFO  grpc.GrpcFactory (GrpcFactory.java:checkPooledByteBufAllocatorUseCacheForAllThreads(45)) - PERFORMANCE WARNING: useCacheForAllThreads is true that may cause Netty to create a lot garbage objects and, as a result, trigger GC.
	It is recommended to disable useCacheForAllThreads by setting -Dorg.apache.ratis.thirdparty.io.netty.allocator.useCacheForAllThreads=false in command line.
2019-09-25 11:56:51,807 [main] INFO  grpc.GrpcConfigKeys$Server (ConfUtils.java:logGet(43)) - raft.grpc.server.port = 0 (default)
2019-09-25 11:56:51,807 [main] INFO  server.GrpcService (ConfUtils.java:logGet(43)) - raft.grpc.message.size.max = 33570816 (custom)
2019-09-25 11:56:51,808 [main] INFO  server.RaftServerConfigKeys (ConfUtils.java:logGet(43)) - raft.server.log.appender.buffer.byte-limit = 33554432 (custom)
2019-09-25 11:56:51,808 [main] INFO  server.GrpcService (ConfUtils.java:logGet(43)) - raft.grpc.flow.control.window = 1MB (=1048576) (default)
2019-09-25 11:56:51,808 [main] INFO  server.RaftServerConfigKeys (ConfUtils.java:logGet(43)) - raft.server.rpc.request.timeout = 3000ms (default)
2019-09-25 11:56:51,809 [main] INFO  server.RaftServerConfigKeys (ConfUtils.java:logGet(43)) - raft.server.storage.dir = [/workdir/hadoop-ozone/integration-test/target/test-dir/MiniOzoneClusterImpl-79e9daf4-eda6-4046-b710-e1fcaf4daad9/datanode-4/data/ratis] (custom)
2019-09-25 11:56:51,811 [main] INFO  hdfs.DFSUtil (DFSUtil.java:httpServerTemplateForNNAndJN(1641)) - Starting Web-server for hddsDatanode at: http://0.0.0.0:0
2019-09-25 11:56:51,814 [main] INFO  server.AuthenticationFilter (AuthenticationFilter.java:constructSecretProvider(240)) - Unable to initialize FileSignerSecretProvider, falling back to use random secrets.
2019-09-25 11:56:51,814 [main] WARN  http.HttpRequestLog (HttpRequestLog.java:getRequestLog(97)) - Jetty request log can only be enabled using Log4j
2019-09-25 11:56:51,816 [main] INFO  http.HttpServer2 (HttpServer2.java:addGlobalFilter(975)) - Added global filter 'safety' (class=org.apache.hadoop.http.HttpServer2$QuotingInputFilter)
2019-09-25 11:56:51,817 [main] INFO  http.HttpServer2 (HttpServer2.java:addFilter(948)) - Added filter static_user_filter (class=org.apache.hadoop.http.lib.StaticUserWebFilter$StaticUserFilter) to context hddsDatanode
2019-09-25 11:56:51,818 [main] INFO  http.HttpServer2 (HttpServer2.java:addFilter(958)) - Added filter static_user_filter (class=org.apache.hadoop.http.lib.StaticUserWebFilter$StaticUserFilter) to context static
2019-09-25 11:56:51,818 [main] INFO  http.HttpServer2 (HttpServer2.java:addFilter(958)) - Added filter static_user_filter (class=org.apache.hadoop.http.lib.StaticUserWebFilter$StaticUserFilter) to context logs
2019-09-25 11:56:51,819 [main] INFO  http.HttpServer2 (HttpServer2.java:bindListener(1191)) - Jetty bound to port 44615
2019-09-25 11:56:51,819 [main] INFO  server.Server (Server.java:doStart(351)) - jetty-9.3.25.v20180904, build timestamp: 2018-09-04T21:11:46Z, git hash: 3ce520221d0240229c862b122d2b06c12a625732
2019-09-25 11:56:51,822 [main] INFO  handler.ContextHandler (ContextHandler.java:doStart(781)) - Started o.e.j.s.ServletContextHandler@6f94fb9d{/logs,file:///workdir/hadoop-ozone/integration-test/target/log,AVAILABLE}
2019-09-25 11:56:51,823 [main] INFO  handler.ContextHandler (ContextHandler.java:doStart(781)) - Started o.e.j.s.ServletContextHandler@4228bf58{/static,jar:file:/home/user/.m2/repository/org/apache/hadoop/hadoop-hdds-container-service/0.5.0-SNAPSHOT/hadoop-hdds-container-service-0.5.0-SNAPSHOT.jar!/webapps/static,AVAILABLE}
2019-09-25 11:56:51,860 [main] INFO  handler.ContextHandler (ContextHandler.java:doStart(781)) - Started o.e.j.w.WebAppContext@2630dbc4{/,file:///tmp/jetty-0.0.0.0-44615-hddsDatanode-_-any-8980281854608767526.dir/webapp/,AVAILABLE}{/hddsDatanode}
2019-09-25 11:56:51,861 [main] INFO  server.AbstractConnector (AbstractConnector.java:doStart(278)) - Started ServerConnector@5ea4300e{HTTP/1.1,[http/1.1]}{0.0.0.0:44615}
2019-09-25 11:56:51,866 [main] INFO  server.Server (Server.java:doStart(419)) - Started @5507ms
2019-09-25 11:56:51,866 [main] WARN  impl.MetricsSystemImpl (MetricsSystemImpl.java:register(276)) - Sink prometheus already exists!
2019-09-25 11:56:51,867 [main] INFO  server.BaseHttpServer (BaseHttpServer.java:updateConnectorAddress(215)) - HTTP server of HDDSDATANODE is listening at http://0.0.0.0:44615
2019-09-25 11:56:51,867 [main] INFO  impl.MetricsSystemImpl (MetricsSystemImpl.java:init(158)) - HddsDatanode metrics system started (again)
2019-09-25 11:56:51,871 [org.apache.hadoop.util.JvmPauseMonitor$Monitor@48acf707] INFO  util.JvmPauseMonitor (JvmPauseMonitor.java:run(188)) - Starting JVM pause monitor
2019-09-25 11:56:51,871 [main] INFO  ozone.HddsDatanodeService (HddsDatanodeService.java:start(184)) - HddsDatanodeService host:pr-hdds-1569-shd4m-3693607622 ip:192.168.151.73
2019-09-25 11:56:51,873 [Datanode State Machine Thread - 0] INFO  datanode.InitDatanodeState (InitDatanodeState.java:persistContainerDatanodeDetails(140)) - DatanodeDetails is persisted to /workdir/hadoop-ozone/integration-test/target/test-dir/MiniOzoneClusterImpl-79e9daf4-eda6-4046-b710-e1fcaf4daad9/datanode-4/meta/datanode.id
2019-09-25 11:56:51,879 [main] INFO  volume.HddsVolume (HddsVolume.java:<init>(176)) - Creating Volume: /workdir/hadoop-ozone/integration-test/target/test-dir/MiniOzoneClusterImpl-79e9daf4-eda6-4046-b710-e1fcaf4daad9/datanode-5/data/containers/hdds of  storage type : DISK and capacity : 1482555576320
2019-09-25 11:56:51,879 [main] INFO  volume.VolumeSet (VolumeSet.java:initializeVolumeSet(170)) - Added Volume : /workdir/hadoop-ozone/integration-test/target/test-dir/MiniOzoneClusterImpl-79e9daf4-eda6-4046-b710-e1fcaf4daad9/datanode-5/data/containers/hdds to VolumeSet
2019-09-25 11:56:51,880 [main] INFO  volume.ThrottledAsyncChecker (ThrottledAsyncChecker.java:schedule(139)) - Scheduling a check for org.apache.hadoop.ozone.container.common.volume.HddsVolume@4821aa9f
2019-09-25 11:56:51,880 [main] INFO  volume.HddsVolumeChecker (HddsVolumeChecker.java:checkAllVolumes(202)) - Scheduled health check for volume org.apache.hadoop.ozone.container.common.volume.HddsVolume@4821aa9f
2019-09-25 11:56:51,898 [main] INFO  impl.RaftServerProxy (ConfUtils.java:logGet(43)) - raft.rpc.type = GRPC (default)
2019-09-25 11:56:51,899 [main] INFO  grpc.GrpcFactory (GrpcFactory.java:checkPooledByteBufAllocatorUseCacheForAllThreads(45)) - PERFORMANCE WARNING: useCacheForAllThreads is true that may cause Netty to create a lot garbage objects and, as a result, trigger GC.
	It is recommended to disable useCacheForAllThreads by setting -Dorg.apache.ratis.thirdparty.io.netty.allocator.useCacheForAllThreads=false in command line.
2019-09-25 11:56:51,899 [main] INFO  grpc.GrpcConfigKeys$Server (ConfUtils.java:logGet(43)) - raft.grpc.server.port = 0 (default)
2019-09-25 11:56:51,899 [main] INFO  server.GrpcService (ConfUtils.java:logGet(43)) - raft.grpc.message.size.max = 33570816 (custom)
2019-09-25 11:56:51,899 [main] INFO  server.RaftServerConfigKeys (ConfUtils.java:logGet(43)) - raft.server.log.appender.buffer.byte-limit = 33554432 (custom)
2019-09-25 11:56:51,900 [main] INFO  server.GrpcService (ConfUtils.java:logGet(43)) - raft.grpc.flow.control.window = 1MB (=1048576) (default)
2019-09-25 11:56:51,900 [main] INFO  server.RaftServerConfigKeys (ConfUtils.java:logGet(43)) - raft.server.rpc.request.timeout = 3000ms (default)
2019-09-25 11:56:51,901 [main] INFO  server.RaftServerConfigKeys (ConfUtils.java:logGet(43)) - raft.server.storage.dir = [/workdir/hadoop-ozone/integration-test/target/test-dir/MiniOzoneClusterImpl-79e9daf4-eda6-4046-b710-e1fcaf4daad9/datanode-5/data/ratis] (custom)
2019-09-25 11:56:51,902 [main] INFO  hdfs.DFSUtil (DFSUtil.java:httpServerTemplateForNNAndJN(1641)) - Starting Web-server for hddsDatanode at: http://0.0.0.0:0
2019-09-25 11:56:51,903 [main] INFO  server.AuthenticationFilter (AuthenticationFilter.java:constructSecretProvider(240)) - Unable to initialize FileSignerSecretProvider, falling back to use random secrets.
2019-09-25 11:56:51,904 [main] WARN  http.HttpRequestLog (HttpRequestLog.java:getRequestLog(97)) - Jetty request log can only be enabled using Log4j
2019-09-25 11:56:51,905 [main] INFO  http.HttpServer2 (HttpServer2.java:addGlobalFilter(975)) - Added global filter 'safety' (class=org.apache.hadoop.http.HttpServer2$QuotingInputFilter)
2019-09-25 11:56:51,906 [main] INFO  http.HttpServer2 (HttpServer2.java:addFilter(948)) - Added filter static_user_filter (class=org.apache.hadoop.http.lib.StaticUserWebFilter$StaticUserFilter) to context hddsDatanode
2019-09-25 11:56:51,906 [main] INFO  http.HttpServer2 (HttpServer2.java:addFilter(958)) - Added filter static_user_filter (class=org.apache.hadoop.http.lib.StaticUserWebFilter$StaticUserFilter) to context logs
2019-09-25 11:56:51,906 [main] INFO  http.HttpServer2 (HttpServer2.java:addFilter(958)) - Added filter static_user_filter (class=org.apache.hadoop.http.lib.StaticUserWebFilter$StaticUserFilter) to context static
2019-09-25 11:56:51,907 [main] INFO  http.HttpServer2 (HttpServer2.java:bindListener(1191)) - Jetty bound to port 35809
2019-09-25 11:56:51,907 [main] INFO  server.Server (Server.java:doStart(351)) - jetty-9.3.25.v20180904, build timestamp: 2018-09-04T21:11:46Z, git hash: 3ce520221d0240229c862b122d2b06c12a625732
2019-09-25 11:56:51,909 [main] INFO  handler.ContextHandler (ContextHandler.java:doStart(781)) - Started o.e.j.s.ServletContextHandler@12eedfee{/logs,file:///workdir/hadoop-ozone/integration-test/target/log,AVAILABLE}
2019-09-25 11:56:51,909 [main] INFO  handler.ContextHandler (ContextHandler.java:doStart(781)) - Started o.e.j.s.ServletContextHandler@1352434e{/static,jar:file:/home/user/.m2/repository/org/apache/hadoop/hadoop-hdds-container-service/0.5.0-SNAPSHOT/hadoop-hdds-container-service-0.5.0-SNAPSHOT.jar!/webapps/static,AVAILABLE}
2019-09-25 11:56:51,938 [main] INFO  handler.ContextHandler (ContextHandler.java:doStart(781)) - Started o.e.j.w.WebAppContext@64d4f7c7{/,file:///tmp/jetty-0.0.0.0-35809-hddsDatanode-_-any-3582199614736937661.dir/webapp/,AVAILABLE}{/hddsDatanode}
2019-09-25 11:56:51,938 [main] INFO  server.AbstractConnector (AbstractConnector.java:doStart(278)) - Started ServerConnector@54e02f6a{HTTP/1.1,[http/1.1]}{0.0.0.0:35809}
2019-09-25 11:56:51,939 [main] INFO  server.Server (Server.java:doStart(419)) - Started @5584ms
2019-09-25 11:56:51,940 [main] WARN  impl.MetricsSystemImpl (MetricsSystemImpl.java:register(276)) - Sink prometheus already exists!
2019-09-25 11:56:51,940 [main] INFO  server.BaseHttpServer (BaseHttpServer.java:updateConnectorAddress(215)) - HTTP server of HDDSDATANODE is listening at http://0.0.0.0:35809
2019-09-25 11:56:51,941 [main] INFO  impl.MetricsSystemImpl (MetricsSystemImpl.java:init(158)) - HddsDatanode metrics system started (again)
2019-09-25 11:56:51,944 [org.apache.hadoop.util.JvmPauseMonitor$Monitor@5415df6a] INFO  util.JvmPauseMonitor (JvmPauseMonitor.java:run(188)) - Starting JVM pause monitor
2019-09-25 11:56:51,945 [main] INFO  ozone.HddsDatanodeService (HddsDatanodeService.java:start(184)) - HddsDatanodeService host:pr-hdds-1569-shd4m-3693607622 ip:192.168.151.73
2019-09-25 11:56:51,946 [Datanode State Machine Thread - 0] INFO  datanode.InitDatanodeState (InitDatanodeState.java:persistContainerDatanodeDetails(140)) - DatanodeDetails is persisted to /workdir/hadoop-ozone/integration-test/target/test-dir/MiniOzoneClusterImpl-79e9daf4-eda6-4046-b710-e1fcaf4daad9/datanode-5/meta/datanode.id
2019-09-25 11:56:51,951 [main] INFO  volume.HddsVolume (HddsVolume.java:<init>(176)) - Creating Volume: /workdir/hadoop-ozone/integration-test/target/test-dir/MiniOzoneClusterImpl-79e9daf4-eda6-4046-b710-e1fcaf4daad9/datanode-6/data/containers/hdds of  storage type : DISK and capacity : 1482555576320
2019-09-25 11:56:51,951 [main] INFO  volume.VolumeSet (VolumeSet.java:initializeVolumeSet(170)) - Added Volume : /workdir/hadoop-ozone/integration-test/target/test-dir/MiniOzoneClusterImpl-79e9daf4-eda6-4046-b710-e1fcaf4daad9/datanode-6/data/containers/hdds to VolumeSet
2019-09-25 11:56:51,951 [main] INFO  volume.ThrottledAsyncChecker (ThrottledAsyncChecker.java:schedule(139)) - Scheduling a check for org.apache.hadoop.ozone.container.common.volume.HddsVolume@524270b8
2019-09-25 11:56:51,952 [main] INFO  volume.HddsVolumeChecker (HddsVolumeChecker.java:checkAllVolumes(202)) - Scheduled health check for volume org.apache.hadoop.ozone.container.common.volume.HddsVolume@524270b8
2019-09-25 11:56:51,965 [main] INFO  impl.RaftServerProxy (ConfUtils.java:logGet(43)) - raft.rpc.type = GRPC (default)
2019-09-25 11:56:51,965 [main] INFO  grpc.GrpcFactory (GrpcFactory.java:checkPooledByteBufAllocatorUseCacheForAllThreads(45)) - PERFORMANCE WARNING: useCacheForAllThreads is true that may cause Netty to create a lot garbage objects and, as a result, trigger GC.
	It is recommended to disable useCacheForAllThreads by setting -Dorg.apache.ratis.thirdparty.io.netty.allocator.useCacheForAllThreads=false in command line.
2019-09-25 11:56:51,965 [main] INFO  grpc.GrpcConfigKeys$Server (ConfUtils.java:logGet(43)) - raft.grpc.server.port = 0 (default)
2019-09-25 11:56:51,965 [main] INFO  server.GrpcService (ConfUtils.java:logGet(43)) - raft.grpc.message.size.max = 33570816 (custom)
2019-09-25 11:56:51,965 [main] INFO  server.RaftServerConfigKeys (ConfUtils.java:logGet(43)) - raft.server.log.appender.buffer.byte-limit = 33554432 (custom)
2019-09-25 11:56:51,966 [main] INFO  server.GrpcService (ConfUtils.java:logGet(43)) - raft.grpc.flow.control.window = 1MB (=1048576) (default)
2019-09-25 11:56:51,966 [main] INFO  server.RaftServerConfigKeys (ConfUtils.java:logGet(43)) - raft.server.rpc.request.timeout = 3000ms (default)
2019-09-25 11:56:51,966 [main] INFO  server.RaftServerConfigKeys (ConfUtils.java:logGet(43)) - raft.server.storage.dir = [/workdir/hadoop-ozone/integration-test/target/test-dir/MiniOzoneClusterImpl-79e9daf4-eda6-4046-b710-e1fcaf4daad9/datanode-6/data/ratis] (custom)
2019-09-25 11:56:51,970 [main] INFO  hdfs.DFSUtil (DFSUtil.java:httpServerTemplateForNNAndJN(1641)) - Starting Web-server for hddsDatanode at: http://0.0.0.0:0
2019-09-25 11:56:51,971 [main] INFO  server.AuthenticationFilter (AuthenticationFilter.java:constructSecretProvider(240)) - Unable to initialize FileSignerSecretProvider, falling back to use random secrets.
2019-09-25 11:56:51,972 [main] WARN  http.HttpRequestLog (HttpRequestLog.java:getRequestLog(97)) - Jetty request log can only be enabled using Log4j
2019-09-25 11:56:51,973 [main] INFO  http.HttpServer2 (HttpServer2.java:addGlobalFilter(975)) - Added global filter 'safety' (class=org.apache.hadoop.http.HttpServer2$QuotingInputFilter)
2019-09-25 11:56:51,974 [main] INFO  http.HttpServer2 (HttpServer2.java:addFilter(948)) - Added filter static_user_filter (class=org.apache.hadoop.http.lib.StaticUserWebFilter$StaticUserFilter) to context hddsDatanode
2019-09-25 11:56:51,974 [main] INFO  http.HttpServer2 (HttpServer2.java:addFilter(958)) - Added filter static_user_filter (class=org.apache.hadoop.http.lib.StaticUserWebFilter$StaticUserFilter) to context static
2019-09-25 11:56:51,974 [main] INFO  http.HttpServer2 (HttpServer2.java:addFilter(958)) - Added filter static_user_filter (class=org.apache.hadoop.http.lib.StaticUserWebFilter$StaticUserFilter) to context logs
2019-09-25 11:56:51,975 [main] INFO  http.HttpServer2 (HttpServer2.java:bindListener(1191)) - Jetty bound to port 45977
2019-09-25 11:56:51,975 [main] INFO  server.Server (Server.java:doStart(351)) - jetty-9.3.25.v20180904, build timestamp: 2018-09-04T21:11:46Z, git hash: 3ce520221d0240229c862b122d2b06c12a625732
2019-09-25 11:56:51,977 [main] INFO  handler.ContextHandler (ContextHandler.java:doStart(781)) - Started o.e.j.s.ServletContextHandler@66b59b7d{/logs,file:///workdir/hadoop-ozone/integration-test/target/log,AVAILABLE}
2019-09-25 11:56:51,977 [main] INFO  handler.ContextHandler (ContextHandler.java:doStart(781)) - Started o.e.j.s.ServletContextHandler@4437ac07{/static,jar:file:/home/user/.m2/repository/org/apache/hadoop/hadoop-hdds-container-service/0.5.0-SNAPSHOT/hadoop-hdds-container-service-0.5.0-SNAPSHOT.jar!/webapps/static,AVAILABLE}
2019-09-25 11:56:52,011 [main] INFO  handler.ContextHandler (ContextHandler.java:doStart(781)) - Started o.e.j.w.WebAppContext@648d0e6d{/,file:///tmp/jetty-0.0.0.0-45977-hddsDatanode-_-any-4498477807038728112.dir/webapp/,AVAILABLE}{/hddsDatanode}
2019-09-25 11:56:52,014 [main] INFO  server.AbstractConnector (AbstractConnector.java:doStart(278)) - Started ServerConnector@79e66b2f{HTTP/1.1,[http/1.1]}{0.0.0.0:45977}
2019-09-25 11:56:52,015 [main] INFO  server.Server (Server.java:doStart(419)) - Started @5659ms
2019-09-25 11:56:52,015 [main] WARN  impl.MetricsSystemImpl (MetricsSystemImpl.java:register(276)) - Sink prometheus already exists!
2019-09-25 11:56:52,016 [main] INFO  server.BaseHttpServer (BaseHttpServer.java:updateConnectorAddress(215)) - HTTP server of HDDSDATANODE is listening at http://0.0.0.0:45977
2019-09-25 11:56:52,019 [org.apache.hadoop.util.JvmPauseMonitor$Monitor@5e25eb7a] INFO  util.JvmPauseMonitor (JvmPauseMonitor.java:run(188)) - Starting JVM pause monitor
2019-09-25 11:56:52,020 [main] INFO  ozone.MiniOzoneClusterImpl (MiniOzoneClusterImpl.java:lambda$waitForClusterToBeReady$0(147)) - Waiting for cluster to be ready. Got 0 of 7 DN Heartbeats.
2019-09-25 11:56:52,022 [Datanode State Machine Thread - 0] INFO  datanode.InitDatanodeState (InitDatanodeState.java:persistContainerDatanodeDetails(140)) - DatanodeDetails is persisted to /workdir/hadoop-ozone/integration-test/target/test-dir/MiniOzoneClusterImpl-79e9daf4-eda6-4046-b710-e1fcaf4daad9/datanode-6/meta/datanode.id
2019-09-25 11:56:53,020 [main] INFO  ozone.MiniOzoneClusterImpl (MiniOzoneClusterImpl.java:lambda$waitForClusterToBeReady$0(147)) - Waiting for cluster to be ready. Got 0 of 7 DN Heartbeats.
2019-09-25 11:56:53,598 [Datanode State Machine Thread - 0] INFO  ozoneimpl.OzoneContainer (OzoneContainer.java:start(217)) - Attempting to start container services.
2019-09-25 11:56:53,602 [Datanode State Machine Thread - 0] INFO  ozoneimpl.OzoneContainer (OzoneContainer.java:startContainerScrub(179)) - Background container scanner has been disabled.
2019-09-25 11:56:53,602 [Datanode State Machine Thread - 0] INFO  ratis.XceiverServerRatis (XceiverServerRatis.java:start(411)) - Starting XceiverServerRatis defb87f9-b552-40ae-8930-8043bdc1fda2 at port 0
2019-09-25 11:56:53,622 [Datanode State Machine Thread - 0] INFO  ozoneimpl.OzoneContainer (OzoneContainer.java:start(217)) - Attempting to start container services.
2019-09-25 11:56:53,628 [Datanode State Machine Thread - 0] INFO  ozoneimpl.OzoneContainer (OzoneContainer.java:startContainerScrub(179)) - Background container scanner has been disabled.
2019-09-25 11:56:53,629 [Datanode State Machine Thread - 0] INFO  ratis.XceiverServerRatis (XceiverServerRatis.java:start(411)) - Starting XceiverServerRatis a49539dc-5450-4b38-9858-49dc7b52b4cc at port 0
2019-09-25 11:56:53,640 [Datanode State Machine Thread - 0] INFO  impl.RaftServerProxy (RaftServerProxy.java:lambda$start$3(299)) - defb87f9-b552-40ae-8930-8043bdc1fda2: start RPC server
2019-09-25 11:56:53,641 [Datanode State Machine Thread - 0] INFO  impl.RaftServerProxy (RaftServerProxy.java:lambda$start$3(299)) - a49539dc-5450-4b38-9858-49dc7b52b4cc: start RPC server
2019-09-25 11:56:53,700 [Datanode State Machine Thread - 0] INFO  ozoneimpl.OzoneContainer (OzoneContainer.java:start(217)) - Attempting to start container services.
2019-09-25 11:56:53,706 [Datanode State Machine Thread - 0] INFO  ozoneimpl.OzoneContainer (OzoneContainer.java:startContainerScrub(179)) - Background container scanner has been disabled.
2019-09-25 11:56:53,706 [Datanode State Machine Thread - 0] INFO  ratis.XceiverServerRatis (XceiverServerRatis.java:start(411)) - Starting XceiverServerRatis f59fc06d-a561-4bda-9641-bf15daa2d5cc at port 0
2019-09-25 11:56:53,714 [Datanode State Machine Thread - 0] INFO  impl.RaftServerProxy (RaftServerProxy.java:lambda$start$3(299)) - f59fc06d-a561-4bda-9641-bf15daa2d5cc: start RPC server
2019-09-25 11:56:53,782 [Datanode State Machine Thread - 0] INFO  ozoneimpl.OzoneContainer (OzoneContainer.java:start(217)) - Attempting to start container services.
2019-09-25 11:56:53,782 [Datanode State Machine Thread - 0] INFO  ozoneimpl.OzoneContainer (OzoneContainer.java:startContainerScrub(179)) - Background container scanner has been disabled.
2019-09-25 11:56:53,784 [Datanode State Machine Thread - 0] INFO  ratis.XceiverServerRatis (XceiverServerRatis.java:start(411)) - Starting XceiverServerRatis 7361a01f-3bcc-4a30-b80f-3806f83048f3 at port 0
2019-09-25 11:56:53,802 [Datanode State Machine Thread - 0] INFO  impl.RaftServerProxy (RaftServerProxy.java:lambda$start$3(299)) - 7361a01f-3bcc-4a30-b80f-3806f83048f3: start RPC server
2019-09-25 11:56:53,818 [Datanode State Machine Thread - 0] INFO  server.GrpcService (GrpcService.java:startImpl(158)) - f59fc06d-a561-4bda-9641-bf15daa2d5cc: GrpcService started, listening on 0.0.0.0/0.0.0.0:36905
2019-09-25 11:56:53,818 [Datanode State Machine Thread - 0] INFO  server.GrpcService (GrpcService.java:startImpl(158)) - defb87f9-b552-40ae-8930-8043bdc1fda2: GrpcService started, listening on 0.0.0.0/0.0.0.0:36113
2019-09-25 11:56:53,819 [Datanode State Machine Thread - 0] INFO  ratis.XceiverServerRatis (XceiverServerRatis.java:start(421)) - XceiverServerRatis f59fc06d-a561-4bda-9641-bf15daa2d5cc is started using port 36905
2019-09-25 11:56:53,818 [Datanode State Machine Thread - 0] INFO  server.GrpcService (GrpcService.java:startImpl(158)) - 7361a01f-3bcc-4a30-b80f-3806f83048f3: GrpcService started, listening on 0.0.0.0/0.0.0.0:35812
2019-09-25 11:56:53,818 [Datanode State Machine Thread - 0] INFO  server.GrpcService (GrpcService.java:startImpl(158)) - a49539dc-5450-4b38-9858-49dc7b52b4cc: GrpcService started, listening on 0.0.0.0/0.0.0.0:39048
2019-09-25 11:56:53,819 [Datanode State Machine Thread - 0] INFO  ratis.XceiverServerRatis (XceiverServerRatis.java:start(421)) - XceiverServerRatis 7361a01f-3bcc-4a30-b80f-3806f83048f3 is started using port 35812
2019-09-25 11:56:53,819 [Datanode State Machine Thread - 0] INFO  ratis.XceiverServerRatis (XceiverServerRatis.java:start(421)) - XceiverServerRatis defb87f9-b552-40ae-8930-8043bdc1fda2 is started using port 36113
2019-09-25 11:56:53,820 [Datanode State Machine Thread - 0] INFO  ratis.XceiverServerRatis (XceiverServerRatis.java:start(421)) - XceiverServerRatis a49539dc-5450-4b38-9858-49dc7b52b4cc is started using port 39048
2019-09-25 11:56:53,827 [Datanode State Machine Thread - 0] INFO  server.XceiverServerGrpc (XceiverServerGrpc.java:start(149)) - XceiverServerGrpc 7361a01f-3bcc-4a30-b80f-3806f83048f3 is started using port 43360
2019-09-25 11:56:53,827 [Datanode State Machine Thread - 0] INFO  server.XceiverServerGrpc (XceiverServerGrpc.java:start(149)) - XceiverServerGrpc f59fc06d-a561-4bda-9641-bf15daa2d5cc is started using port 43092
2019-09-25 11:56:53,828 [Datanode State Machine Thread - 0] INFO  server.XceiverServerGrpc (XceiverServerGrpc.java:start(149)) - XceiverServerGrpc defb87f9-b552-40ae-8930-8043bdc1fda2 is started using port 39450
2019-09-25 11:56:53,827 [Datanode State Machine Thread - 0] INFO  server.XceiverServerGrpc (XceiverServerGrpc.java:start(149)) - XceiverServerGrpc a49539dc-5450-4b38-9858-49dc7b52b4cc is started using port 37734
2019-09-25 11:56:53,888 [Datanode State Machine Thread - 0] INFO  ozoneimpl.OzoneContainer (OzoneContainer.java:start(217)) - Attempting to start container services.
2019-09-25 11:56:53,888 [Datanode State Machine Thread - 0] INFO  ozoneimpl.OzoneContainer (OzoneContainer.java:startContainerScrub(179)) - Background container scanner has been disabled.
2019-09-25 11:56:53,889 [Datanode State Machine Thread - 0] INFO  ratis.XceiverServerRatis (XceiverServerRatis.java:start(411)) - Starting XceiverServerRatis f320213e-69dd-47d7-8b12-80f84f010fc9 at port 0
2019-09-25 11:56:53,896 [Datanode State Machine Thread - 0] INFO  impl.RaftServerProxy (RaftServerProxy.java:lambda$start$3(299)) - f320213e-69dd-47d7-8b12-80f84f010fc9: start RPC server
2019-09-25 11:56:53,899 [Datanode State Machine Thread - 0] INFO  server.GrpcService (GrpcService.java:startImpl(158)) - f320213e-69dd-47d7-8b12-80f84f010fc9: GrpcService started, listening on 0.0.0.0/0.0.0.0:42702
2019-09-25 11:56:53,899 [Datanode State Machine Thread - 0] INFO  ratis.XceiverServerRatis (XceiverServerRatis.java:start(421)) - XceiverServerRatis f320213e-69dd-47d7-8b12-80f84f010fc9 is started using port 42702
2019-09-25 11:56:53,901 [Datanode State Machine Thread - 0] INFO  server.XceiverServerGrpc (XceiverServerGrpc.java:start(149)) - XceiverServerGrpc f320213e-69dd-47d7-8b12-80f84f010fc9 is started using port 32794
2019-09-25 11:56:53,957 [Datanode State Machine Thread - 0] INFO  ozoneimpl.OzoneContainer (OzoneContainer.java:start(217)) - Attempting to start container services.
2019-09-25 11:56:53,958 [Datanode State Machine Thread - 0] INFO  ozoneimpl.OzoneContainer (OzoneContainer.java:startContainerScrub(179)) - Background container scanner has been disabled.
2019-09-25 11:56:53,958 [Datanode State Machine Thread - 0] INFO  ratis.XceiverServerRatis (XceiverServerRatis.java:start(411)) - Starting XceiverServerRatis c4c6e274-a2e5-461e-9f46-318649b031aa at port 0
2019-09-25 11:56:53,966 [Datanode State Machine Thread - 0] INFO  impl.RaftServerProxy (RaftServerProxy.java:lambda$start$3(299)) - c4c6e274-a2e5-461e-9f46-318649b031aa: start RPC server
2019-09-25 11:56:53,969 [Datanode State Machine Thread - 0] INFO  server.GrpcService (GrpcService.java:startImpl(158)) - c4c6e274-a2e5-461e-9f46-318649b031aa: GrpcService started, listening on 0.0.0.0/0.0.0.0:46301
2019-09-25 11:56:53,970 [Datanode State Machine Thread - 0] INFO  ratis.XceiverServerRatis (XceiverServerRatis.java:start(421)) - XceiverServerRatis c4c6e274-a2e5-461e-9f46-318649b031aa is started using port 46301
2019-09-25 11:56:53,972 [Datanode State Machine Thread - 0] INFO  server.XceiverServerGrpc (XceiverServerGrpc.java:start(149)) - XceiverServerGrpc c4c6e274-a2e5-461e-9f46-318649b031aa is started using port 43739
2019-09-25 11:56:54,021 [main] INFO  ozone.MiniOzoneClusterImpl (MiniOzoneClusterImpl.java:lambda$waitForClusterToBeReady$0(147)) - Waiting for cluster to be ready. Got 0 of 7 DN Heartbeats.
2019-09-25 11:56:54,031 [Datanode State Machine Thread - 0] INFO  ozoneimpl.OzoneContainer (OzoneContainer.java:start(217)) - Attempting to start container services.
2019-09-25 11:56:54,031 [Datanode State Machine Thread - 0] INFO  ozoneimpl.OzoneContainer (OzoneContainer.java:startContainerScrub(179)) - Background container scanner has been disabled.
2019-09-25 11:56:54,032 [Datanode State Machine Thread - 0] INFO  ratis.XceiverServerRatis (XceiverServerRatis.java:start(411)) - Starting XceiverServerRatis 59f2e4b8-41c0-4853-b4df-5d86491a517d at port 0
2019-09-25 11:56:54,040 [Datanode State Machine Thread - 0] INFO  impl.RaftServerProxy (RaftServerProxy.java:lambda$start$3(299)) - 59f2e4b8-41c0-4853-b4df-5d86491a517d: start RPC server
2019-09-25 11:56:54,044 [Datanode State Machine Thread - 0] INFO  server.GrpcService (GrpcService.java:startImpl(158)) - 59f2e4b8-41c0-4853-b4df-5d86491a517d: GrpcService started, listening on 0.0.0.0/0.0.0.0:42681
2019-09-25 11:56:54,044 [Datanode State Machine Thread - 0] INFO  ratis.XceiverServerRatis (XceiverServerRatis.java:start(421)) - XceiverServerRatis 59f2e4b8-41c0-4853-b4df-5d86491a517d is started using port 42681
2019-09-25 11:56:54,047 [Datanode State Machine Thread - 0] INFO  server.XceiverServerGrpc (XceiverServerGrpc.java:start(149)) - XceiverServerGrpc 59f2e4b8-41c0-4853-b4df-5d86491a517d is started using port 46620
2019-09-25 11:56:55,022 [main] INFO  ozone.MiniOzoneClusterImpl (MiniOzoneClusterImpl.java:lambda$waitForClusterToBeReady$0(147)) - Waiting for cluster to be ready. Got 0 of 7 DN Heartbeats.
2019-09-25 11:56:55,573 [IPC Server handler 0 on 35217] INFO  net.NetworkTopology (NetworkTopologyImpl.java:add(111)) - Added a new node: /default-rack/defb87f9-b552-40ae-8930-8043bdc1fda2
2019-09-25 11:56:55,574 [IPC Server handler 0 on 35217] INFO  node.SCMNodeManager (SCMNodeManager.java:register(266)) - Registered Data node : defb87f9-b552-40ae-8930-8043bdc1fda2{ip: 192.168.151.73, host: pr-hdds-1569-shd4m-3693607622, networkLocation: /default-rack, certSerialId: null}
2019-09-25 11:56:55,579 [EventQueue-NodeRegistrationContainerReportForDataNodeSafeModeRule] INFO  safemode.SCMSafeModeManager (DataNodeSafeModeRule.java:process(71)) - SCM in safe mode. 1 DataNodes registered, 1 required.
2019-09-25 11:56:55,580 [EventQueue-NodeRegistrationContainerReportForContainerSafeModeRule] INFO  safemode.SCMSafeModeManager (SCMSafeModeManager.java:validateSafeModeExitRules(177)) - ScmSafeModeManager, all rules are successfully validated
2019-09-25 11:56:55,580 [EventQueue-NodeRegistrationContainerReportForContainerSafeModeRule] INFO  safemode.SCMSafeModeManager (SCMSafeModeManager.java:exitSafeMode(193)) - SCM exiting safe mode.
2019-09-25 11:56:55,609 [IPC Server handler 1 on 35217] INFO  net.NetworkTopology (NetworkTopologyImpl.java:add(111)) - Added a new node: /default-rack/a49539dc-5450-4b38-9858-49dc7b52b4cc
2019-09-25 11:56:55,612 [IPC Server handler 1 on 35217] INFO  node.SCMNodeManager (SCMNodeManager.java:register(266)) - Registered Data node : a49539dc-5450-4b38-9858-49dc7b52b4cc{ip: 192.168.151.73, host: pr-hdds-1569-shd4m-3693607622, networkLocation: /default-rack, certSerialId: null}
2019-09-25 11:56:55,680 [IPC Server handler 3 on 35217] INFO  net.NetworkTopology (NetworkTopologyImpl.java:add(111)) - Added a new node: /default-rack/f59fc06d-a561-4bda-9641-bf15daa2d5cc
2019-09-25 11:56:55,680 [IPC Server handler 3 on 35217] INFO  node.SCMNodeManager (SCMNodeManager.java:register(266)) - Registered Data node : f59fc06d-a561-4bda-9641-bf15daa2d5cc{ip: 192.168.151.73, host: pr-hdds-1569-shd4m-3693607622, networkLocation: /default-rack, certSerialId: null}
2019-09-25 11:56:55,772 [IPC Server handler 2 on 35217] INFO  net.NetworkTopology (NetworkTopologyImpl.java:add(111)) - Added a new node: /default-rack/7361a01f-3bcc-4a30-b80f-3806f83048f3
2019-09-25 11:56:55,772 [IPC Server handler 2 on 35217] INFO  node.SCMNodeManager (SCMNodeManager.java:register(266)) - Registered Data node : 7361a01f-3bcc-4a30-b80f-3806f83048f3{ip: 192.168.151.73, host: pr-hdds-1569-shd4m-3693607622, networkLocation: /default-rack, certSerialId: null}
2019-09-25 11:56:55,875 [IPC Server handler 4 on 35217] INFO  net.NetworkTopology (NetworkTopologyImpl.java:add(111)) - Added a new node: /default-rack/f320213e-69dd-47d7-8b12-80f84f010fc9
2019-09-25 11:56:55,875 [IPC Server handler 4 on 35217] INFO  node.SCMNodeManager (SCMNodeManager.java:register(266)) - Registered Data node : f320213e-69dd-47d7-8b12-80f84f010fc9{ip: 192.168.151.73, host: pr-hdds-1569-shd4m-3693607622, networkLocation: /default-rack, certSerialId: null}
2019-09-25 11:56:55,961 [IPC Server handler 6 on 35217] INFO  net.NetworkTopology (NetworkTopologyImpl.java:add(111)) - Added a new node: /default-rack/c4c6e274-a2e5-461e-9f46-318649b031aa
2019-09-25 11:56:55,961 [IPC Server handler 6 on 35217] INFO  node.SCMNodeManager (SCMNodeManager.java:register(266)) - Registered Data node : c4c6e274-a2e5-461e-9f46-318649b031aa{ip: 192.168.151.73, host: pr-hdds-1569-shd4m-3693607622, networkLocation: /default-rack, certSerialId: null}
2019-09-25 11:56:56,023 [main] INFO  ozone.MiniOzoneClusterImpl (MiniOzoneClusterImpl.java:lambda$waitForClusterToBeReady$0(147)) - Waiting for cluster to be ready. Got 6 of 7 DN Heartbeats.
2019-09-25 11:56:56,024 [IPC Server handler 7 on 35217] INFO  net.NetworkTopology (NetworkTopologyImpl.java:add(111)) - Added a new node: /default-rack/59f2e4b8-41c0-4853-b4df-5d86491a517d
2019-09-25 11:56:56,024 [IPC Server handler 7 on 35217] INFO  node.SCMNodeManager (SCMNodeManager.java:register(266)) - Registered Data node : 59f2e4b8-41c0-4853-b4df-5d86491a517d{ip: 192.168.151.73, host: pr-hdds-1569-shd4m-3693607622, networkLocation: /default-rack, certSerialId: null}
2019-09-25 11:56:56,143 [grpc-default-executor-0] INFO  impl.RaftServerProxy (RaftServerProxy.java:addNew(89)) - defb87f9-b552-40ae-8930-8043bdc1fda2: addNew group-91AB4DD6DA63:[defb87f9-b552-40ae-8930-8043bdc1fda2:192.168.151.73:36113] returns group-91AB4DD6DA63:java.util.concurrent.CompletableFuture@5695361a[Not completed]
2019-09-25 11:56:56,158 [pool-27-thread-1] INFO  impl.RaftServerImpl (RaftServerImpl.java:<init>(95)) - defb87f9-b552-40ae-8930-8043bdc1fda2: new RaftServerImpl for group-91AB4DD6DA63:[defb87f9-b552-40ae-8930-8043bdc1fda2:192.168.151.73:36113] with ContainerStateMachine:uninitialized
2019-09-25 11:56:56,160 [pool-27-thread-1] INFO  server.RaftServerConfigKeys (ConfUtils.java:logGet(43)) - raft.server.rpc.timeout.min = 5s (custom)
2019-09-25 11:56:56,163 [pool-27-thread-1] INFO  server.RaftServerConfigKeys (ConfUtils.java:logGet(43)) - raft.server.rpc.timeout.max = 5200ms (custom)
2019-09-25 11:56:56,163 [pool-27-thread-1] INFO  server.RaftServerConfigKeys (ConfUtils.java:logGet(43)) - raft.server.rpcslowness.timeout = 120s (custom)
2019-09-25 11:56:56,164 [pool-27-thread-1] INFO  server.RaftServerConfigKeys (ConfUtils.java:logGet(43)) - raft.server.sleep.deviation.threshold = 300 (default)
2019-09-25 11:56:56,164 [pool-27-thread-1] INFO  server.RaftServerConfigKeys (ConfUtils.java:logGet(43)) - raft.server.log.appender.install.snapshot.enabled = false (custom)
2019-09-25 11:56:56,175 [pool-27-thread-1] INFO  impl.RaftServerImpl (ServerState.java:<init>(103)) - defb87f9-b552-40ae-8930-8043bdc1fda2@group-91AB4DD6DA63: ConfigurationManager, init=-1: [defb87f9-b552-40ae-8930-8043bdc1fda2:192.168.151.73:36113], old=null, confs=<EMPTY_MAP>
2019-09-25 11:56:56,176 [pool-27-thread-1] INFO  server.RaftServerConfigKeys (ConfUtils.java:logGet(43)) - raft.server.storage.dir = [/workdir/hadoop-ozone/integration-test/target/test-dir/MiniOzoneClusterImpl-79e9daf4-eda6-4046-b710-e1fcaf4daad9/datanode-0/data/ratis] (custom)
2019-09-25 11:56:56,186 [pool-27-thread-1] INFO  storage.RaftStorageDirectory (RaftStorageDirectory.java:analyzeStorage(246)) - The storage directory /workdir/hadoop-ozone/integration-test/target/test-dir/MiniOzoneClusterImpl-79e9daf4-eda6-4046-b710-e1fcaf4daad9/datanode-0/data/ratis/3f1f7172-44c8-49b4-8fee-91ab4dd6da63 does not exist. Creating ...
2019-09-25 11:56:56,213 [pool-27-thread-1] INFO  storage.RaftStorageDirectory (RaftStorageDirectory.java:tryLock(328)) - Lock on /workdir/hadoop-ozone/integration-test/target/test-dir/MiniOzoneClusterImpl-79e9daf4-eda6-4046-b710-e1fcaf4daad9/datanode-0/data/ratis/3f1f7172-44c8-49b4-8fee-91ab4dd6da63/in_use.lock acquired by nodename 24979@pr-hdds-1569-shd4m-3693607622
2019-09-25 11:56:56,226 [pool-27-thread-1] INFO  storage.RaftStorage (RaftStorage.java:format(72)) - Storage directory /workdir/hadoop-ozone/integration-test/target/test-dir/MiniOzoneClusterImpl-79e9daf4-eda6-4046-b710-e1fcaf4daad9/datanode-0/data/ratis/3f1f7172-44c8-49b4-8fee-91ab4dd6da63 has been successfully formatted.
2019-09-25 11:56:56,229 [pool-27-thread-1] INFO  ratis.ContainerStateMachine (ContainerStateMachine.java:loadSnapshot(230)) - group-91AB4DD6DA63: The snapshot info is null. Setting the last applied indexto:(t:0, i:~)
2019-09-25 11:56:56,229 [pool-27-thread-1] INFO  server.RaftServerConfigKeys (ConfUtils.java:logGet(43)) - raft.server.notification.no-leader.timeout = 120s (custom)
2019-09-25 11:56:56,232 [pool-27-thread-1] INFO  server.RaftServerConfigKeys (ConfUtils.java:logGet(43)) - raft.server.log.use.memory = false (default)
2019-09-25 11:56:56,239 [pool-27-thread-1] INFO  server.RaftServerConfigKeys (ConfUtils.java:logGet(43)) - raft.server.log.purge.gap = 1000000 (custom)
2019-09-25 11:56:56,239 [pool-27-thread-1] INFO  server.RaftServerConfigKeys (ConfUtils.java:logGet(43)) - raft.server.log.appender.buffer.byte-limit = 33554432 (custom)
2019-09-25 11:56:56,242 [pool-27-thread-1] INFO  server.RaftServerConfigKeys (ConfUtils.java:logGet(43)) - raft.server.log.segment.size.max = 1048576 (custom)
2019-09-25 11:56:56,248 [pool-27-thread-1] INFO  server.RaftServerConfigKeys (ConfUtils.java:logGet(43)) - raft.server.log.segment.cache.num.max = 2 (custom)
2019-09-25 11:56:56,254 [pool-27-thread-1] INFO  segmented.SegmentedRaftLogWorker (SegmentedRaftLogWorker.java:<init>(172)) - new defb87f9-b552-40ae-8930-8043bdc1fda2@group-91AB4DD6DA63-SegmentedRaftLogWorker for RaftStorage:Storage Directory /workdir/hadoop-ozone/integration-test/target/test-dir/MiniOzoneClusterImpl-79e9daf4-eda6-4046-b710-e1fcaf4daad9/datanode-0/data/ratis/3f1f7172-44c8-49b4-8fee-91ab4dd6da63
2019-09-25 11:56:56,256 [pool-27-thread-1] INFO  impl.MetricsSystemImpl (MetricsSystemImpl.java:init(158)) - ratis metrics system started (again)
2019-09-25 11:56:56,263 [pool-27-thread-1] INFO  metrics.MetricRegistries (MetricRegistriesLoader.java:load(64)) - Loaded MetricRegistries class org.apache.ratis.metrics.impl.MetricRegistriesImpl
2019-09-25 11:56:56,294 [pool-27-thread-1] INFO  server.RaftServerConfigKeys (ConfUtils.java:logGet(43)) - raft.server.log.queue.byte-limit = 2147483647 (custom)
2019-09-25 11:56:56,295 [pool-27-thread-1] INFO  server.RaftServerConfigKeys (ConfUtils.java:logGet(43)) - raft.server.log.queue.element-limit = 1024 (custom)
2019-09-25 11:56:56,298 [pool-27-thread-1] INFO  server.RaftServerConfigKeys (ConfUtils.java:logGet(43)) - raft.server.log.segment.size.max = 1048576 (custom)
2019-09-25 11:56:56,299 [pool-27-thread-1] INFO  server.RaftServerConfigKeys (ConfUtils.java:logGet(43)) - raft.server.log.preallocated.size = 16384 (custom)
2019-09-25 11:56:56,299 [pool-27-thread-1] INFO  server.RaftServerConfigKeys (ConfUtils.java:logGet(43)) - raft.server.log.write.buffer.size = 33554432 (custom)
2019-09-25 11:56:56,299 [pool-27-thread-1] INFO  server.RaftServerConfigKeys (ConfUtils.java:logGet(43)) - raft.server.log.force.sync.num = 128 (default)
2019-09-25 11:56:56,300 [pool-27-thread-1] INFO  server.RaftServerConfigKeys (ConfUtils.java:logGet(43)) - raft.server.log.statemachine.data.sync = true (default)
2019-09-25 11:56:56,301 [pool-27-thread-1] INFO  server.RaftServerConfigKeys (ConfUtils.java:logGet(43)) - raft.server.log.statemachine.data.sync.timeout = 10s (default)
2019-09-25 11:56:56,301 [pool-27-thread-1] INFO  server.RaftServerConfigKeys (ConfUtils.java:logGet(43)) - raft.server.log.statemachine.data.sync.timeout.retry = -1 (default)
2019-09-25 11:56:56,310 [pool-27-thread-1] INFO  server.RaftServerConfigKeys (ConfUtils.java:logGet(43)) - raft.server.log.statemachine.data.caching.enabled = true (custom)
2019-09-25 11:56:56,314 [pool-27-thread-1] INFO  segmented.SegmentedRaftLogWorker (SegmentedRaftLogWorker.java:lambda$new$0(132)) - defb87f9-b552-40ae-8930-8043bdc1fda2@group-91AB4DD6DA63-SegmentedRaftLogWorker: flushIndex: setUnconditionally 0 -> -1
2019-09-25 11:56:56,318 [pool-27-thread-1] INFO  server.RaftServerConfigKeys (ConfUtils.java:logGet(43)) - raft.server.snapshot.auto.trigger.enabled = true (custom)
2019-09-25 11:56:56,319 [pool-27-thread-1] INFO  server.RaftServerConfigKeys (ConfUtils.java:logGet(43)) - raft.server.snapshot.auto.trigger.threshold = 10000 (custom)
2019-09-25 11:56:56,319 [pool-27-thread-1] INFO  server.RaftServerConfigKeys (ConfUtils.java:logGet(43)) - raft.server.snapshot.retention.num.files = 5 (custom)
2019-09-25 11:56:56,320 [pool-27-thread-1] INFO  server.RaftServerConfigKeys (ConfUtils.java:logGet(43)) - raft.server.retrycache.expirytime = 600000ms (custom)
2019-09-25 11:56:56,347 [pool-27-thread-1] INFO  impl.RaftServerImpl (RaftServerImpl.java:start(185)) - defb87f9-b552-40ae-8930-8043bdc1fda2@group-91AB4DD6DA63: start as a follower, conf=-1: [defb87f9-b552-40ae-8930-8043bdc1fda2:192.168.151.73:36113], old=null
2019-09-25 11:56:56,348 [pool-27-thread-1] INFO  impl.RaftServerImpl (RaftServerImpl.java:setRole(174)) - defb87f9-b552-40ae-8930-8043bdc1fda2@group-91AB4DD6DA63: changes role from      null to FOLLOWER at term 0 for startAsFollower
2019-09-25 11:56:56,349 [pool-27-thread-1] INFO  impl.RoleInfo (RoleInfo.java:updateAndGet(143)) - defb87f9-b552-40ae-8930-8043bdc1fda2: start FollowerState
2019-09-25 11:56:56,351 [pool-27-thread-1] INFO  util.JmxRegister (JmxRegister.java:tryRegister(44)) - Successfully registered JMX Bean with object name Ratis:service=RaftServer,group=group-91AB4DD6DA63,id=defb87f9-b552-40ae-8930-8043bdc1fda2
2019-09-25 11:56:56,408 [RatisPipelineUtilsThread] INFO  pipeline.PipelineStateManager (PipelineStateManager.java:addPipeline(56)) - Created pipeline Pipeline[ Id: 3f1f7172-44c8-49b4-8fee-91ab4dd6da63, Nodes: defb87f9-b552-40ae-8930-8043bdc1fda2{ip: 192.168.151.73, host: pr-hdds-1569-shd4m-3693607622, networkLocation: /default-rack, certSerialId: null}, Type:RATIS, Factor:ONE, State:OPEN]
2019-09-25 11:56:56,434 [grpc-default-executor-0] INFO  impl.RaftServerProxy (RaftServerProxy.java:addNew(89)) - defb87f9-b552-40ae-8930-8043bdc1fda2: addNew group-A10E1FC46356:[defb87f9-b552-40ae-8930-8043bdc1fda2:192.168.151.73:36113] returns group-A10E1FC46356:java.util.concurrent.CompletableFuture@639681ec[Not completed]
2019-09-25 11:56:56,436 [pool-27-thread-1] INFO  impl.RaftServerImpl (RaftServerImpl.java:<init>(95)) - defb87f9-b552-40ae-8930-8043bdc1fda2: new RaftServerImpl for group-A10E1FC46356:[defb87f9-b552-40ae-8930-8043bdc1fda2:192.168.151.73:36113] with ContainerStateMachine:uninitialized
2019-09-25 11:56:56,436 [pool-27-thread-1] INFO  server.RaftServerConfigKeys (ConfUtils.java:logGet(43)) - raft.server.rpc.timeout.min = 5s (custom)
2019-09-25 11:56:56,437 [pool-27-thread-1] INFO  server.RaftServerConfigKeys (ConfUtils.java:logGet(43)) - raft.server.rpc.timeout.max = 5200ms (custom)
2019-09-25 11:56:56,437 [pool-27-thread-1] INFO  server.RaftServerConfigKeys (ConfUtils.java:logGet(43)) - raft.server.rpcslowness.timeout = 120s (custom)
2019-09-25 11:56:56,437 [pool-27-thread-1] INFO  server.RaftServerConfigKeys (ConfUtils.java:logGet(43)) - raft.server.sleep.deviation.threshold = 300 (default)
2019-09-25 11:56:56,437 [pool-27-thread-1] INFO  server.RaftServerConfigKeys (ConfUtils.java:logGet(43)) - raft.server.log.appender.install.snapshot.enabled = false (custom)
2019-09-25 11:56:56,437 [pool-27-thread-1] INFO  impl.RaftServerImpl (ServerState.java:<init>(103)) - defb87f9-b552-40ae-8930-8043bdc1fda2@group-A10E1FC46356: ConfigurationManager, init=-1: [defb87f9-b552-40ae-8930-8043bdc1fda2:192.168.151.73:36113], old=null, confs=<EMPTY_MAP>
2019-09-25 11:56:56,437 [pool-27-thread-1] INFO  server.RaftServerConfigKeys (ConfUtils.java:logGet(43)) - raft.server.storage.dir = [/workdir/hadoop-ozone/integration-test/target/test-dir/MiniOzoneClusterImpl-79e9daf4-eda6-4046-b710-e1fcaf4daad9/datanode-0/data/ratis] (custom)
2019-09-25 11:56:56,438 [pool-27-thread-1] INFO  storage.RaftStorageDirectory (RaftStorageDirectory.java:analyzeStorage(246)) - The storage directory /workdir/hadoop-ozone/integration-test/target/test-dir/MiniOzoneClusterImpl-79e9daf4-eda6-4046-b710-e1fcaf4daad9/datanode-0/data/ratis/8d784f25-90c0-4f64-b82b-a10e1fc46356 does not exist. Creating ...
2019-09-25 11:56:56,451 [pool-27-thread-1] INFO  storage.RaftStorageDirectory (RaftStorageDirectory.java:tryLock(328)) - Lock on /workdir/hadoop-ozone/integration-test/target/test-dir/MiniOzoneClusterImpl-79e9daf4-eda6-4046-b710-e1fcaf4daad9/datanode-0/data/ratis/8d784f25-90c0-4f64-b82b-a10e1fc46356/in_use.lock acquired by nodename 24979@pr-hdds-1569-shd4m-3693607622
2019-09-25 11:56:56,486 [pool-27-thread-1] INFO  storage.RaftStorage (RaftStorage.java:format(72)) - Storage directory /workdir/hadoop-ozone/integration-test/target/test-dir/MiniOzoneClusterImpl-79e9daf4-eda6-4046-b710-e1fcaf4daad9/datanode-0/data/ratis/8d784f25-90c0-4f64-b82b-a10e1fc46356 has been successfully formatted.
2019-09-25 11:56:56,487 [pool-27-thread-1] INFO  ratis.ContainerStateMachine (ContainerStateMachine.java:loadSnapshot(230)) - group-A10E1FC46356: The snapshot info is null. Setting the last applied indexto:(t:0, i:~)
2019-09-25 11:56:56,487 [pool-27-thread-1] INFO  server.RaftServerConfigKeys (ConfUtils.java:logGet(43)) - raft.server.notification.no-leader.timeout = 120s (custom)
2019-09-25 11:56:56,487 [pool-27-thread-1] INFO  server.RaftServerConfigKeys (ConfUtils.java:logGet(43)) - raft.server.log.use.memory = false (default)
2019-09-25 11:56:56,487 [pool-27-thread-1] INFO  server.RaftServerConfigKeys (ConfUtils.java:logGet(43)) - raft.server.log.purge.gap = 1000000 (custom)
2019-09-25 11:56:56,487 [pool-27-thread-1] INFO  server.RaftServerConfigKeys (ConfUtils.java:logGet(43)) - raft.server.log.appender.buffer.byte-limit = 33554432 (custom)
2019-09-25 11:56:56,488 [pool-27-thread-1] INFO  server.RaftServerConfigKeys (ConfUtils.java:logGet(43)) - raft.server.log.segment.size.max = 1048576 (custom)
2019-09-25 11:56:56,488 [pool-27-thread-1] INFO  server.RaftServerConfigKeys (ConfUtils.java:logGet(43)) - raft.server.log.segment.cache.num.max = 2 (custom)
2019-09-25 11:56:56,488 [pool-27-thread-1] INFO  segmented.SegmentedRaftLogWorker (SegmentedRaftLogWorker.java:<init>(172)) - new defb87f9-b552-40ae-8930-8043bdc1fda2@group-A10E1FC46356-SegmentedRaftLogWorker for RaftStorage:Storage Directory /workdir/hadoop-ozone/integration-test/target/test-dir/MiniOzoneClusterImpl-79e9daf4-eda6-4046-b710-e1fcaf4daad9/datanode-0/data/ratis/8d784f25-90c0-4f64-b82b-a10e1fc46356
2019-09-25 11:56:56,488 [pool-27-thread-1] INFO  server.RaftServerConfigKeys (ConfUtils.java:logGet(43)) - raft.server.log.queue.byte-limit = 2147483647 (custom)
2019-09-25 11:56:56,488 [pool-27-thread-1] INFO  server.RaftServerConfigKeys (ConfUtils.java:logGet(43)) - raft.server.log.queue.element-limit = 1024 (custom)
2019-09-25 11:56:56,488 [pool-27-thread-1] INFO  server.RaftServerConfigKeys (ConfUtils.java:logGet(43)) - raft.server.log.segment.size.max = 1048576 (custom)
2019-09-25 11:56:56,488 [pool-27-thread-1] INFO  server.RaftServerConfigKeys (ConfUtils.java:logGet(43)) - raft.server.log.preallocated.size = 16384 (custom)
2019-09-25 11:56:56,489 [pool-27-thread-1] INFO  server.RaftServerConfigKeys (ConfUtils.java:logGet(43)) - raft.server.log.write.buffer.size = 33554432 (custom)
2019-09-25 11:56:56,489 [pool-27-thread-1] INFO  server.RaftServerConfigKeys (ConfUtils.java:logGet(43)) - raft.server.log.force.sync.num = 128 (default)
2019-09-25 11:56:56,489 [pool-27-thread-1] INFO  server.RaftServerConfigKeys (ConfUtils.java:logGet(43)) - raft.server.log.statemachine.data.sync = true (default)
2019-09-25 11:56:56,489 [pool-27-thread-1] INFO  server.RaftServerConfigKeys (ConfUtils.java:logGet(43)) - raft.server.log.statemachine.data.sync.timeout = 10s (default)
2019-09-25 11:56:56,489 [pool-27-thread-1] INFO  server.RaftServerConfigKeys (ConfUtils.java:logGet(43)) - raft.server.log.statemachine.data.sync.timeout.retry = -1 (default)
2019-09-25 11:56:56,489 [pool-27-thread-1] INFO  server.RaftServerConfigKeys (ConfUtils.java:logGet(43)) - raft.server.log.statemachine.data.caching.enabled = true (custom)
2019-09-25 11:56:56,490 [pool-27-thread-1] INFO  segmented.SegmentedRaftLogWorker (SegmentedRaftLogWorker.java:lambda$new$0(132)) - defb87f9-b552-40ae-8930-8043bdc1fda2@group-A10E1FC46356-SegmentedRaftLogWorker: flushIndex: setUnconditionally 0 -> -1
2019-09-25 11:56:56,490 [pool-27-thread-1] INFO  server.RaftServerConfigKeys (ConfUtils.java:logGet(43)) - raft.server.snapshot.auto.trigger.enabled = true (custom)
2019-09-25 11:56:56,490 [pool-27-thread-1] INFO  server.RaftServerConfigKeys (ConfUtils.java:logGet(43)) - raft.server.snapshot.auto.trigger.threshold = 10000 (custom)
2019-09-25 11:56:56,490 [pool-27-thread-1] INFO  server.RaftServerConfigKeys (ConfUtils.java:logGet(43)) - raft.server.snapshot.retention.num.files = 5 (custom)
2019-09-25 11:56:56,490 [pool-27-thread-1] INFO  server.RaftServerConfigKeys (ConfUtils.java:logGet(43)) - raft.server.retrycache.expirytime = 600000ms (custom)
2019-09-25 11:56:56,495 [pool-27-thread-1] INFO  impl.RaftServerImpl (RaftServerImpl.java:start(185)) - defb87f9-b552-40ae-8930-8043bdc1fda2@group-A10E1FC46356: start as a follower, conf=-1: [defb87f9-b552-40ae-8930-8043bdc1fda2:192.168.151.73:36113], old=null
2019-09-25 11:56:56,495 [pool-27-thread-1] INFO  impl.RaftServerImpl (RaftServerImpl.java:setRole(174)) - defb87f9-b552-40ae-8930-8043bdc1fda2@group-A10E1FC46356: changes role from      null to FOLLOWER at term 0 for startAsFollower
2019-09-25 11:56:56,495 [pool-27-thread-1] INFO  impl.RoleInfo (RoleInfo.java:updateAndGet(143)) - defb87f9-b552-40ae-8930-8043bdc1fda2: start FollowerState
2019-09-25 11:56:56,495 [pool-27-thread-1] INFO  util.JmxRegister (JmxRegister.java:tryRegister(44)) - Successfully registered JMX Bean with object name Ratis:service=RaftServer,group=group-A10E1FC46356,id=defb87f9-b552-40ae-8930-8043bdc1fda2
2019-09-25 11:56:56,509 [RatisPipelineUtilsThread] INFO  pipeline.PipelineStateManager (PipelineStateManager.java:addPipeline(56)) - Created pipeline Pipeline[ Id: 8d784f25-90c0-4f64-b82b-a10e1fc46356, Nodes: defb87f9-b552-40ae-8930-8043bdc1fda2{ip: 192.168.151.73, host: pr-hdds-1569-shd4m-3693607622, networkLocation: /default-rack, certSerialId: null}, Type:RATIS, Factor:ONE, State:OPEN]
2019-09-25 11:56:56,532 [grpc-default-executor-0] INFO  impl.RaftServerProxy (RaftServerProxy.java:addNew(89)) - f320213e-69dd-47d7-8b12-80f84f010fc9: addNew group-15B147B75DCC:[f320213e-69dd-47d7-8b12-80f84f010fc9:192.168.151.73:42702] returns group-15B147B75DCC:java.util.concurrent.CompletableFuture@4805aff[Not completed]
2019-09-25 11:56:56,575 [pool-67-thread-1] INFO  impl.RaftServerImpl (RaftServerImpl.java:<init>(95)) - f320213e-69dd-47d7-8b12-80f84f010fc9: new RaftServerImpl for group-15B147B75DCC:[f320213e-69dd-47d7-8b12-80f84f010fc9:192.168.151.73:42702] with ContainerStateMachine:uninitialized
2019-09-25 11:56:56,576 [pool-67-thread-1] INFO  server.RaftServerConfigKeys (ConfUtils.java:logGet(43)) - raft.server.rpc.timeout.min = 5s (custom)
2019-09-25 11:56:56,576 [pool-67-thread-1] INFO  server.RaftServerConfigKeys (ConfUtils.java:logGet(43)) - raft.server.rpc.timeout.max = 5200ms (custom)
2019-09-25 11:56:56,576 [pool-67-thread-1] INFO  server.RaftServerConfigKeys (ConfUtils.java:logGet(43)) - raft.server.rpcslowness.timeout = 120s (custom)
2019-09-25 11:56:56,577 [pool-67-thread-1] INFO  server.RaftServerConfigKeys (ConfUtils.java:logGet(43)) - raft.server.sleep.deviation.threshold = 300 (default)
2019-09-25 11:56:56,577 [pool-67-thread-1] INFO  server.RaftServerConfigKeys (ConfUtils.java:logGet(43)) - raft.server.log.appender.install.snapshot.enabled = false (custom)
2019-09-25 11:56:56,577 [pool-67-thread-1] INFO  impl.RaftServerImpl (ServerState.java:<init>(103)) - f320213e-69dd-47d7-8b12-80f84f010fc9@group-15B147B75DCC: ConfigurationManager, init=-1: [f320213e-69dd-47d7-8b12-80f84f010fc9:192.168.151.73:42702], old=null, confs=<EMPTY_MAP>
2019-09-25 11:56:56,577 [pool-67-thread-1] INFO  server.RaftServerConfigKeys (ConfUtils.java:logGet(43)) - raft.server.storage.dir = [/workdir/hadoop-ozone/integration-test/target/test-dir/MiniOzoneClusterImpl-79e9daf4-eda6-4046-b710-e1fcaf4daad9/datanode-4/data/ratis] (custom)
2019-09-25 11:56:56,578 [pool-67-thread-1] INFO  storage.RaftStorageDirectory (RaftStorageDirectory.java:analyzeStorage(246)) - The storage directory /workdir/hadoop-ozone/integration-test/target/test-dir/MiniOzoneClusterImpl-79e9daf4-eda6-4046-b710-e1fcaf4daad9/datanode-4/data/ratis/d556f1af-2c18-44bf-b717-15b147b75dcc does not exist. Creating ...
2019-09-25 11:56:56,599 [pool-67-thread-1] INFO  storage.RaftStorageDirectory (RaftStorageDirectory.java:tryLock(328)) - Lock on /workdir/hadoop-ozone/integration-test/target/test-dir/MiniOzoneClusterImpl-79e9daf4-eda6-4046-b710-e1fcaf4daad9/datanode-4/data/ratis/d556f1af-2c18-44bf-b717-15b147b75dcc/in_use.lock acquired by nodename 24979@pr-hdds-1569-shd4m-3693607622
2019-09-25 11:56:56,625 [pool-67-thread-1] INFO  storage.RaftStorage (RaftStorage.java:format(72)) - Storage directory /workdir/hadoop-ozone/integration-test/target/test-dir/MiniOzoneClusterImpl-79e9daf4-eda6-4046-b710-e1fcaf4daad9/datanode-4/data/ratis/d556f1af-2c18-44bf-b717-15b147b75dcc has been successfully formatted.
2019-09-25 11:56:56,628 [pool-67-thread-1] INFO  ratis.ContainerStateMachine (ContainerStateMachine.java:loadSnapshot(230)) - group-15B147B75DCC: The snapshot info is null. Setting the last applied indexto:(t:0, i:~)
2019-09-25 11:56:56,630 [pool-67-thread-1] INFO  server.RaftServerConfigKeys (ConfUtils.java:logGet(43)) - raft.server.notification.no-leader.timeout = 120s (custom)
2019-09-25 11:56:56,631 [pool-67-thread-1] INFO  server.RaftServerConfigKeys (ConfUtils.java:logGet(43)) - raft.server.log.use.memory = false (default)
2019-09-25 11:56:56,631 [pool-67-thread-1] INFO  server.RaftServerConfigKeys (ConfUtils.java:logGet(43)) - raft.server.log.purge.gap = 1000000 (custom)
2019-09-25 11:56:56,631 [pool-67-thread-1] INFO  server.RaftServerConfigKeys (ConfUtils.java:logGet(43)) - raft.server.log.appender.buffer.byte-limit = 33554432 (custom)
2019-09-25 11:56:56,631 [pool-67-thread-1] INFO  server.RaftServerConfigKeys (ConfUtils.java:logGet(43)) - raft.server.log.segment.size.max = 1048576 (custom)
2019-09-25 11:56:56,631 [pool-67-thread-1] INFO  server.RaftServerConfigKeys (ConfUtils.java:logGet(43)) - raft.server.log.segment.cache.num.max = 2 (custom)
2019-09-25 11:56:56,632 [pool-67-thread-1] INFO  segmented.SegmentedRaftLogWorker (SegmentedRaftLogWorker.java:<init>(172)) - new f320213e-69dd-47d7-8b12-80f84f010fc9@group-15B147B75DCC-SegmentedRaftLogWorker for RaftStorage:Storage Directory /workdir/hadoop-ozone/integration-test/target/test-dir/MiniOzoneClusterImpl-79e9daf4-eda6-4046-b710-e1fcaf4daad9/datanode-4/data/ratis/d556f1af-2c18-44bf-b717-15b147b75dcc
2019-09-25 11:56:56,638 [pool-67-thread-1] INFO  server.RaftServerConfigKeys (ConfUtils.java:logGet(43)) - raft.server.log.queue.byte-limit = 2147483647 (custom)
2019-09-25 11:56:56,638 [pool-67-thread-1] INFO  server.RaftServerConfigKeys (ConfUtils.java:logGet(43)) - raft.server.log.queue.element-limit = 1024 (custom)
2019-09-25 11:56:56,639 [pool-67-thread-1] INFO  server.RaftServerConfigKeys (ConfUtils.java:logGet(43)) - raft.server.log.segment.size.max = 1048576 (custom)
2019-09-25 11:56:56,639 [pool-67-thread-1] INFO  server.RaftServerConfigKeys (ConfUtils.java:logGet(43)) - raft.server.log.preallocated.size = 16384 (custom)
2019-09-25 11:56:56,639 [pool-67-thread-1] INFO  server.RaftServerConfigKeys (ConfUtils.java:logGet(43)) - raft.server.log.write.buffer.size = 33554432 (custom)
2019-09-25 11:56:56,639 [pool-67-thread-1] INFO  server.RaftServerConfigKeys (ConfUtils.java:logGet(43)) - raft.server.log.force.sync.num = 128 (default)
2019-09-25 11:56:56,639 [pool-67-thread-1] INFO  server.RaftServerConfigKeys (ConfUtils.java:logGet(43)) - raft.server.log.statemachine.data.sync = true (default)
2019-09-25 11:56:56,639 [pool-67-thread-1] INFO  server.RaftServerConfigKeys (ConfUtils.java:logGet(43)) - raft.server.log.statemachine.data.sync.timeout = 10s (default)
2019-09-25 11:56:56,640 [pool-67-thread-1] INFO  server.RaftServerConfigKeys (ConfUtils.java:logGet(43)) - raft.server.log.statemachine.data.sync.timeout.retry = -1 (default)
2019-09-25 11:56:56,640 [pool-67-thread-1] INFO  server.RaftServerConfigKeys (ConfUtils.java:logGet(43)) - raft.server.log.statemachine.data.caching.enabled = true (custom)
2019-09-25 11:56:56,640 [pool-67-thread-1] INFO  segmented.SegmentedRaftLogWorker (SegmentedRaftLogWorker.java:lambda$new$0(132)) - f320213e-69dd-47d7-8b12-80f84f010fc9@group-15B147B75DCC-SegmentedRaftLogWorker: flushIndex: setUnconditionally 0 -> -1
2019-09-25 11:56:56,641 [pool-67-thread-1] INFO  server.RaftServerConfigKeys (ConfUtils.java:logGet(43)) - raft.server.snapshot.auto.trigger.enabled = true (custom)
2019-09-25 11:56:56,641 [pool-67-thread-1] INFO  server.RaftServerConfigKeys (ConfUtils.java:logGet(43)) - raft.server.snapshot.auto.trigger.threshold = 10000 (custom)
2019-09-25 11:56:56,641 [pool-67-thread-1] INFO  server.RaftServerConfigKeys (ConfUtils.java:logGet(43)) - raft.server.snapshot.retention.num.files = 5 (custom)
2019-09-25 11:56:56,641 [pool-67-thread-1] INFO  server.RaftServerConfigKeys (ConfUtils.java:logGet(43)) - raft.server.retrycache.expirytime = 600000ms (custom)
2019-09-25 11:56:56,647 [pool-67-thread-1] INFO  impl.RaftServerImpl (RaftServerImpl.java:start(185)) - f320213e-69dd-47d7-8b12-80f84f010fc9@group-15B147B75DCC: start as a follower, conf=-1: [f320213e-69dd-47d7-8b12-80f84f010fc9:192.168.151.73:42702], old=null
2019-09-25 11:56:56,647 [pool-67-thread-1] INFO  impl.RaftServerImpl (RaftServerImpl.java:setRole(174)) - f320213e-69dd-47d7-8b12-80f84f010fc9@group-15B147B75DCC: changes role from      null to FOLLOWER at term 0 for startAsFollower
2019-09-25 11:56:56,647 [pool-67-thread-1] INFO  impl.RoleInfo (RoleInfo.java:updateAndGet(143)) - f320213e-69dd-47d7-8b12-80f84f010fc9: start FollowerState
2019-09-25 11:56:56,649 [pool-67-thread-1] INFO  util.JmxRegister (JmxRegister.java:tryRegister(44)) - Successfully registered JMX Bean with object name Ratis:service=RaftServer,group=group-15B147B75DCC,id=f320213e-69dd-47d7-8b12-80f84f010fc9
2019-09-25 11:56:56,662 [RatisPipelineUtilsThread] INFO  pipeline.PipelineStateManager (PipelineStateManager.java:addPipeline(56)) - Created pipeline Pipeline[ Id: d556f1af-2c18-44bf-b717-15b147b75dcc, Nodes: f320213e-69dd-47d7-8b12-80f84f010fc9{ip: 192.168.151.73, host: pr-hdds-1569-shd4m-3693607622, networkLocation: /default-rack, certSerialId: null}, Type:RATIS, Factor:ONE, State:OPEN]
2019-09-25 11:56:56,679 [grpc-default-executor-0] INFO  impl.RaftServerProxy (RaftServerProxy.java:addNew(89)) - f320213e-69dd-47d7-8b12-80f84f010fc9: addNew group-90FD3E37696F:[f320213e-69dd-47d7-8b12-80f84f010fc9:192.168.151.73:42702] returns group-90FD3E37696F:java.util.concurrent.CompletableFuture@4703bf1[Not completed]
2019-09-25 11:56:56,681 [pool-67-thread-1] INFO  impl.RaftServerImpl (RaftServerImpl.java:<init>(95)) - f320213e-69dd-47d7-8b12-80f84f010fc9: new RaftServerImpl for group-90FD3E37696F:[f320213e-69dd-47d7-8b12-80f84f010fc9:192.168.151.73:42702] with ContainerStateMachine:uninitialized
2019-09-25 11:56:56,681 [pool-67-thread-1] INFO  server.RaftServerConfigKeys (ConfUtils.java:logGet(43)) - raft.server.rpc.timeout.min = 5s (custom)
2019-09-25 11:56:56,681 [pool-67-thread-1] INFO  server.RaftServerConfigKeys (ConfUtils.java:logGet(43)) - raft.server.rpc.timeout.max = 5200ms (custom)
2019-09-25 11:56:56,681 [pool-67-thread-1] INFO  server.RaftServerConfigKeys (ConfUtils.java:logGet(43)) - raft.server.rpcslowness.timeout = 120s (custom)
2019-09-25 11:56:56,682 [pool-67-thread-1] INFO  server.RaftServerConfigKeys (ConfUtils.java:logGet(43)) - raft.server.sleep.deviation.threshold = 300 (default)
2019-09-25 11:56:56,682 [pool-67-thread-1] INFO  server.RaftServerConfigKeys (ConfUtils.java:logGet(43)) - raft.server.log.appender.install.snapshot.enabled = false (custom)
2019-09-25 11:56:56,682 [pool-67-thread-1] INFO  impl.RaftServerImpl (ServerState.java:<init>(103)) - f320213e-69dd-47d7-8b12-80f84f010fc9@group-90FD3E37696F: ConfigurationManager, init=-1: [f320213e-69dd-47d7-8b12-80f84f010fc9:192.168.151.73:42702], old=null, confs=<EMPTY_MAP>
2019-09-25 11:56:56,682 [pool-67-thread-1] INFO  server.RaftServerConfigKeys (ConfUtils.java:logGet(43)) - raft.server.storage.dir = [/workdir/hadoop-ozone/integration-test/target/test-dir/MiniOzoneClusterImpl-79e9daf4-eda6-4046-b710-e1fcaf4daad9/datanode-4/data/ratis] (custom)
2019-09-25 11:56:56,682 [pool-67-thread-1] INFO  storage.RaftStorageDirectory (RaftStorageDirectory.java:analyzeStorage(246)) - The storage directory /workdir/hadoop-ozone/integration-test/target/test-dir/MiniOzoneClusterImpl-79e9daf4-eda6-4046-b710-e1fcaf4daad9/datanode-4/data/ratis/8606dbb1-26eb-438f-98a4-90fd3e37696f does not exist. Creating ...
2019-09-25 11:56:56,708 [pool-67-thread-1] INFO  storage.RaftStorageDirectory (RaftStorageDirectory.java:tryLock(328)) - Lock on /workdir/hadoop-ozone/integration-test/target/test-dir/MiniOzoneClusterImpl-79e9daf4-eda6-4046-b710-e1fcaf4daad9/datanode-4/data/ratis/8606dbb1-26eb-438f-98a4-90fd3e37696f/in_use.lock acquired by nodename 24979@pr-hdds-1569-shd4m-3693607622
2019-09-25 11:56:56,733 [pool-67-thread-1] INFO  storage.RaftStorage (RaftStorage.java:format(72)) - Storage directory /workdir/hadoop-ozone/integration-test/target/test-dir/MiniOzoneClusterImpl-79e9daf4-eda6-4046-b710-e1fcaf4daad9/datanode-4/data/ratis/8606dbb1-26eb-438f-98a4-90fd3e37696f has been successfully formatted.
2019-09-25 11:56:56,734 [pool-67-thread-1] INFO  ratis.ContainerStateMachine (ContainerStateMachine.java:loadSnapshot(230)) - group-90FD3E37696F: The snapshot info is null. Setting the last applied indexto:(t:0, i:~)
2019-09-25 11:56:56,734 [pool-67-thread-1] INFO  server.RaftServerConfigKeys (ConfUtils.java:logGet(43)) - raft.server.notification.no-leader.timeout = 120s (custom)
2019-09-25 11:56:56,734 [pool-67-thread-1] INFO  server.RaftServerConfigKeys (ConfUtils.java:logGet(43)) - raft.server.log.use.memory = false (default)
2019-09-25 11:56:56,734 [pool-67-thread-1] INFO  server.RaftServerConfigKeys (ConfUtils.java:logGet(43)) - raft.server.log.purge.gap = 1000000 (custom)
2019-09-25 11:56:56,735 [pool-67-thread-1] INFO  server.RaftServerConfigKeys (ConfUtils.java:logGet(43)) - raft.server.log.appender.buffer.byte-limit = 33554432 (custom)
2019-09-25 11:56:56,735 [pool-67-thread-1] INFO  server.RaftServerConfigKeys (ConfUtils.java:logGet(43)) - raft.server.log.segment.size.max = 1048576 (custom)
2019-09-25 11:56:56,735 [pool-67-thread-1] INFO  server.RaftServerConfigKeys (ConfUtils.java:logGet(43)) - raft.server.log.segment.cache.num.max = 2 (custom)
2019-09-25 11:56:56,735 [pool-67-thread-1] INFO  segmented.SegmentedRaftLogWorker (SegmentedRaftLogWorker.java:<init>(172)) - new f320213e-69dd-47d7-8b12-80f84f010fc9@group-90FD3E37696F-SegmentedRaftLogWorker for RaftStorage:Storage Directory /workdir/hadoop-ozone/integration-test/target/test-dir/MiniOzoneClusterImpl-79e9daf4-eda6-4046-b710-e1fcaf4daad9/datanode-4/data/ratis/8606dbb1-26eb-438f-98a4-90fd3e37696f
2019-09-25 11:56:56,735 [pool-67-thread-1] INFO  server.RaftServerConfigKeys (ConfUtils.java:logGet(43)) - raft.server.log.queue.byte-limit = 2147483647 (custom)
2019-09-25 11:56:56,736 [pool-67-thread-1] INFO  server.RaftServerConfigKeys (ConfUtils.java:logGet(43)) - raft.server.log.queue.element-limit = 1024 (custom)
2019-09-25 11:56:56,736 [pool-67-thread-1] INFO  server.RaftServerConfigKeys (ConfUtils.java:logGet(43)) - raft.server.log.segment.size.max = 1048576 (custom)
2019-09-25 11:56:56,736 [pool-67-thread-1] INFO  server.RaftServerConfigKeys (ConfUtils.java:logGet(43)) - raft.server.log.preallocated.size = 16384 (custom)
2019-09-25 11:56:56,736 [pool-67-thread-1] INFO  server.RaftServerConfigKeys (ConfUtils.java:logGet(43)) - raft.server.log.write.buffer.size = 33554432 (custom)
2019-09-25 11:56:56,736 [pool-67-thread-1] INFO  server.RaftServerConfigKeys (ConfUtils.java:logGet(43)) - raft.server.log.force.sync.num = 128 (default)
2019-09-25 11:56:56,736 [pool-67-thread-1] INFO  server.RaftServerConfigKeys (ConfUtils.java:logGet(43)) - raft.server.log.statemachine.data.sync = true (default)
2019-09-25 11:56:56,737 [pool-67-thread-1] INFO  server.RaftServerConfigKeys (ConfUtils.java:logGet(43)) - raft.server.log.statemachine.data.sync.timeout = 10s (default)
2019-09-25 11:56:56,737 [pool-67-thread-1] INFO  server.RaftServerConfigKeys (ConfUtils.java:logGet(43)) - raft.server.log.statemachine.data.sync.timeout.retry = -1 (default)
2019-09-25 11:56:56,737 [pool-67-thread-1] INFO  server.RaftServerConfigKeys (ConfUtils.java:logGet(43)) - raft.server.log.statemachine.data.caching.enabled = true (custom)
2019-09-25 11:56:56,738 [pool-67-thread-1] INFO  segmented.SegmentedRaftLogWorker (SegmentedRaftLogWorker.java:lambda$new$0(132)) - f320213e-69dd-47d7-8b12-80f84f010fc9@group-90FD3E37696F-SegmentedRaftLogWorker: flushIndex: setUnconditionally 0 -> -1
2019-09-25 11:56:56,738 [pool-67-thread-1] INFO  server.RaftServerConfigKeys (ConfUtils.java:logGet(43)) - raft.server.snapshot.auto.trigger.enabled = true (custom)
2019-09-25 11:56:56,738 [pool-67-thread-1] INFO  server.RaftServerConfigKeys (ConfUtils.java:logGet(43)) - raft.server.snapshot.auto.trigger.threshold = 10000 (custom)
2019-09-25 11:56:56,738 [pool-67-thread-1] INFO  server.RaftServerConfigKeys (ConfUtils.java:logGet(43)) - raft.server.snapshot.retention.num.files = 5 (custom)
2019-09-25 11:56:56,739 [pool-67-thread-1] INFO  server.RaftServerConfigKeys (ConfUtils.java:logGet(43)) - raft.server.retrycache.expirytime = 600000ms (custom)
2019-09-25 11:56:56,745 [pool-67-thread-1] INFO  impl.RaftServerImpl (RaftServerImpl.java:start(185)) - f320213e-69dd-47d7-8b12-80f84f010fc9@group-90FD3E37696F: start as a follower, conf=-1: [f320213e-69dd-47d7-8b12-80f84f010fc9:192.168.151.73:42702], old=null
2019-09-25 11:56:56,745 [pool-67-thread-1] INFO  impl.RaftServerImpl (RaftServerImpl.java:setRole(174)) - f320213e-69dd-47d7-8b12-80f84f010fc9@group-90FD3E37696F: changes role from      null to FOLLOWER at term 0 for startAsFollower
2019-09-25 11:56:56,746 [pool-67-thread-1] INFO  impl.RoleInfo (RoleInfo.java:updateAndGet(143)) - f320213e-69dd-47d7-8b12-80f84f010fc9: start FollowerState
2019-09-25 11:56:56,746 [pool-67-thread-1] INFO  util.JmxRegister (JmxRegister.java:tryRegister(44)) - Successfully registered JMX Bean with object name Ratis:service=RaftServer,group=group-90FD3E37696F,id=f320213e-69dd-47d7-8b12-80f84f010fc9
2019-09-25 11:56:56,761 [RatisPipelineUtilsThread] INFO  pipeline.PipelineStateManager (PipelineStateManager.java:addPipeline(56)) - Created pipeline Pipeline[ Id: 8606dbb1-26eb-438f-98a4-90fd3e37696f, Nodes: f320213e-69dd-47d7-8b12-80f84f010fc9{ip: 192.168.151.73, host: pr-hdds-1569-shd4m-3693607622, networkLocation: /default-rack, certSerialId: null}, Type:RATIS, Factor:ONE, State:OPEN]
2019-09-25 11:56:56,789 [grpc-default-executor-0] INFO  impl.RaftServerProxy (RaftServerProxy.java:addNew(89)) - defb87f9-b552-40ae-8930-8043bdc1fda2: addNew group-6114727520E2:[defb87f9-b552-40ae-8930-8043bdc1fda2:192.168.151.73:36113] returns group-6114727520E2:java.util.concurrent.CompletableFuture@61307430[Not completed]
2019-09-25 11:56:56,816 [pool-27-thread-1] INFO  impl.RaftServerImpl (RaftServerImpl.java:<init>(95)) - defb87f9-b552-40ae-8930-8043bdc1fda2: new RaftServerImpl for group-6114727520E2:[defb87f9-b552-40ae-8930-8043bdc1fda2:192.168.151.73:36113] with ContainerStateMachine:uninitialized
2019-09-25 11:56:56,816 [pool-27-thread-1] INFO  server.RaftServerConfigKeys (ConfUtils.java:logGet(43)) - raft.server.rpc.timeout.min = 5s (custom)
2019-09-25 11:56:56,816 [pool-27-thread-1] INFO  server.RaftServerConfigKeys (ConfUtils.java:logGet(43)) - raft.server.rpc.timeout.max = 5200ms (custom)
2019-09-25 11:56:56,816 [pool-27-thread-1] INFO  server.RaftServerConfigKeys (ConfUtils.java:logGet(43)) - raft.server.rpcslowness.timeout = 120s (custom)
2019-09-25 11:56:56,816 [pool-27-thread-1] INFO  server.RaftServerConfigKeys (ConfUtils.java:logGet(43)) - raft.server.sleep.deviation.threshold = 300 (default)
2019-09-25 11:56:56,817 [pool-27-thread-1] INFO  server.RaftServerConfigKeys (ConfUtils.java:logGet(43)) - raft.server.log.appender.install.snapshot.enabled = false (custom)
2019-09-25 11:56:56,817 [pool-27-thread-1] INFO  impl.RaftServerImpl (ServerState.java:<init>(103)) - defb87f9-b552-40ae-8930-8043bdc1fda2@group-6114727520E2: ConfigurationManager, init=-1: [defb87f9-b552-40ae-8930-8043bdc1fda2:192.168.151.73:36113], old=null, confs=<EMPTY_MAP>
2019-09-25 11:56:56,817 [pool-27-thread-1] INFO  server.RaftServerConfigKeys (ConfUtils.java:logGet(43)) - raft.server.storage.dir = [/workdir/hadoop-ozone/integration-test/target/test-dir/MiniOzoneClusterImpl-79e9daf4-eda6-4046-b710-e1fcaf4daad9/datanode-0/data/ratis] (custom)
2019-09-25 11:56:56,817 [pool-27-thread-1] INFO  storage.RaftStorageDirectory (RaftStorageDirectory.java:analyzeStorage(246)) - The storage directory /workdir/hadoop-ozone/integration-test/target/test-dir/MiniOzoneClusterImpl-79e9daf4-eda6-4046-b710-e1fcaf4daad9/datanode-0/data/ratis/fabcaf5b-24fa-4e5f-8f6f-6114727520e2 does not exist. Creating ...
2019-09-25 11:56:56,844 [pool-27-thread-1] INFO  storage.RaftStorageDirectory (RaftStorageDirectory.java:tryLock(328)) - Lock on /workdir/hadoop-ozone/integration-test/target/test-dir/MiniOzoneClusterImpl-79e9daf4-eda6-4046-b710-e1fcaf4daad9/datanode-0/data/ratis/fabcaf5b-24fa-4e5f-8f6f-6114727520e2/in_use.lock acquired by nodename 24979@pr-hdds-1569-shd4m-3693607622
2019-09-25 11:56:56,862 [pool-27-thread-1] INFO  storage.RaftStorage (RaftStorage.java:format(72)) - Storage directory /workdir/hadoop-ozone/integration-test/target/test-dir/MiniOzoneClusterImpl-79e9daf4-eda6-4046-b710-e1fcaf4daad9/datanode-0/data/ratis/fabcaf5b-24fa-4e5f-8f6f-6114727520e2 has been successfully formatted.
2019-09-25 11:56:56,862 [pool-27-thread-1] INFO  ratis.ContainerStateMachine (ContainerStateMachine.java:loadSnapshot(230)) - group-6114727520E2: The snapshot info is null. Setting the last applied indexto:(t:0, i:~)
2019-09-25 11:56:56,863 [pool-27-thread-1] INFO  server.RaftServerConfigKeys (ConfUtils.java:logGet(43)) - raft.server.notification.no-leader.timeout = 120s (custom)
2019-09-25 11:56:56,863 [pool-27-thread-1] INFO  server.RaftServerConfigKeys (ConfUtils.java:logGet(43)) - raft.server.log.use.memory = false (default)
2019-09-25 11:56:56,863 [pool-27-thread-1] INFO  server.RaftServerConfigKeys (ConfUtils.java:logGet(43)) - raft.server.log.purge.gap = 1000000 (custom)
2019-09-25 11:56:56,863 [pool-27-thread-1] INFO  server.RaftServerConfigKeys (ConfUtils.java:logGet(43)) - raft.server.log.appender.buffer.byte-limit = 33554432 (custom)
2019-09-25 11:56:56,863 [pool-27-thread-1] INFO  server.RaftServerConfigKeys (ConfUtils.java:logGet(43)) - raft.server.log.segment.size.max = 1048576 (custom)
2019-09-25 11:56:56,863 [pool-27-thread-1] INFO  server.RaftServerConfigKeys (ConfUtils.java:logGet(43)) - raft.server.log.segment.cache.num.max = 2 (custom)
2019-09-25 11:56:56,863 [pool-27-thread-1] INFO  segmented.SegmentedRaftLogWorker (SegmentedRaftLogWorker.java:<init>(172)) - new defb87f9-b552-40ae-8930-8043bdc1fda2@group-6114727520E2-SegmentedRaftLogWorker for RaftStorage:Storage Directory /workdir/hadoop-ozone/integration-test/target/test-dir/MiniOzoneClusterImpl-79e9daf4-eda6-4046-b710-e1fcaf4daad9/datanode-0/data/ratis/fabcaf5b-24fa-4e5f-8f6f-6114727520e2
2019-09-25 11:56:56,864 [pool-27-thread-1] INFO  server.RaftServerConfigKeys (ConfUtils.java:logGet(43)) - raft.server.log.queue.byte-limit = 2147483647 (custom)
2019-09-25 11:56:56,864 [pool-27-thread-1] INFO  server.RaftServerConfigKeys (ConfUtils.java:logGet(43)) - raft.server.log.queue.element-limit = 1024 (custom)
2019-09-25 11:56:56,864 [pool-27-thread-1] INFO  server.RaftServerConfigKeys (ConfUtils.java:logGet(43)) - raft.server.log.segment.size.max = 1048576 (custom)
2019-09-25 11:56:56,864 [pool-27-thread-1] INFO  server.RaftServerConfigKeys (ConfUtils.java:logGet(43)) - raft.server.log.preallocated.size = 16384 (custom)
2019-09-25 11:56:56,864 [pool-27-thread-1] INFO  server.RaftServerConfigKeys (ConfUtils.java:logGet(43)) - raft.server.log.write.buffer.size = 33554432 (custom)
2019-09-25 11:56:56,864 [pool-27-thread-1] INFO  server.RaftServerConfigKeys (ConfUtils.java:logGet(43)) - raft.server.log.force.sync.num = 128 (default)
2019-09-25 11:56:56,864 [pool-27-thread-1] INFO  server.RaftServerConfigKeys (ConfUtils.java:logGet(43)) - raft.server.log.statemachine.data.sync = true (default)
2019-09-25 11:56:56,865 [pool-27-thread-1] INFO  server.RaftServerConfigKeys (ConfUtils.java:logGet(43)) - raft.server.log.statemachine.data.sync.timeout = 10s (default)
2019-09-25 11:56:56,865 [pool-27-thread-1] INFO  server.RaftServerConfigKeys (ConfUtils.java:logGet(43)) - raft.server.log.statemachine.data.sync.timeout.retry = -1 (default)
2019-09-25 11:56:56,865 [pool-27-thread-1] INFO  server.RaftServerConfigKeys (ConfUtils.java:logGet(43)) - raft.server.log.statemachine.data.caching.enabled = true (custom)
2019-09-25 11:56:56,865 [pool-27-thread-1] INFO  segmented.SegmentedRaftLogWorker (SegmentedRaftLogWorker.java:lambda$new$0(132)) - defb87f9-b552-40ae-8930-8043bdc1fda2@group-6114727520E2-SegmentedRaftLogWorker: flushIndex: setUnconditionally 0 -> -1
2019-09-25 11:56:56,865 [pool-27-thread-1] INFO  server.RaftServerConfigKeys (ConfUtils.java:logGet(43)) - raft.server.snapshot.auto.trigger.enabled = true (custom)
2019-09-25 11:56:56,866 [pool-27-thread-1] INFO  server.RaftServerConfigKeys (ConfUtils.java:logGet(43)) - raft.server.snapshot.auto.trigger.threshold = 10000 (custom)
2019-09-25 11:56:56,866 [pool-27-thread-1] INFO  server.RaftServerConfigKeys (ConfUtils.java:logGet(43)) - raft.server.snapshot.retention.num.files = 5 (custom)
2019-09-25 11:56:56,866 [pool-27-thread-1] INFO  server.RaftServerConfigKeys (ConfUtils.java:logGet(43)) - raft.server.retrycache.expirytime = 600000ms (custom)
2019-09-25 11:56:56,895 [pool-27-thread-1] INFO  impl.RaftServerImpl (RaftServerImpl.java:start(185)) - defb87f9-b552-40ae-8930-8043bdc1fda2@group-6114727520E2: start as a follower, conf=-1: [defb87f9-b552-40ae-8930-8043bdc1fda2:192.168.151.73:36113], old=null
2019-09-25 11:56:56,895 [pool-27-thread-1] INFO  impl.RaftServerImpl (RaftServerImpl.java:setRole(174)) - defb87f9-b552-40ae-8930-8043bdc1fda2@group-6114727520E2: changes role from      null to FOLLOWER at term 0 for startAsFollower
2019-09-25 11:56:56,895 [pool-27-thread-1] INFO  impl.RoleInfo (RoleInfo.java:updateAndGet(143)) - defb87f9-b552-40ae-8930-8043bdc1fda2: start FollowerState
2019-09-25 11:56:56,895 [pool-27-thread-1] INFO  util.JmxRegister (JmxRegister.java:tryRegister(44)) - Successfully registered JMX Bean with object name Ratis:service=RaftServer,group=group-6114727520E2,id=defb87f9-b552-40ae-8930-8043bdc1fda2
2019-09-25 11:56:56,906 [RatisPipelineUtilsThread] INFO  pipeline.PipelineStateManager (PipelineStateManager.java:addPipeline(56)) - Created pipeline Pipeline[ Id: fabcaf5b-24fa-4e5f-8f6f-6114727520e2, Nodes: defb87f9-b552-40ae-8930-8043bdc1fda2{ip: 192.168.151.73, host: pr-hdds-1569-shd4m-3693607622, networkLocation: /default-rack, certSerialId: null}, Type:RATIS, Factor:ONE, State:OPEN]
2019-09-25 11:56:56,926 [grpc-default-executor-0] INFO  impl.RaftServerProxy (RaftServerProxy.java:addNew(89)) - a49539dc-5450-4b38-9858-49dc7b52b4cc: addNew group-5425F29DDD96:[a49539dc-5450-4b38-9858-49dc7b52b4cc:192.168.151.73:39048] returns group-5425F29DDD96:java.util.concurrent.CompletableFuture@2d8303b5[Not completed]
2019-09-25 11:56:56,928 [pool-37-thread-1] INFO  impl.RaftServerImpl (RaftServerImpl.java:<init>(95)) - a49539dc-5450-4b38-9858-49dc7b52b4cc: new RaftServerImpl for group-5425F29DDD96:[a49539dc-5450-4b38-9858-49dc7b52b4cc:192.168.151.73:39048] with ContainerStateMachine:uninitialized
2019-09-25 11:56:56,928 [pool-37-thread-1] INFO  server.RaftServerConfigKeys (ConfUtils.java:logGet(43)) - raft.server.rpc.timeout.min = 5s (custom)
2019-09-25 11:56:56,928 [pool-37-thread-1] INFO  server.RaftServerConfigKeys (ConfUtils.java:logGet(43)) - raft.server.rpc.timeout.max = 5200ms (custom)
2019-09-25 11:56:56,929 [pool-37-thread-1] INFO  server.RaftServerConfigKeys (ConfUtils.java:logGet(43)) - raft.server.rpcslowness.timeout = 120s (custom)
2019-09-25 11:56:56,929 [pool-37-thread-1] INFO  server.RaftServerConfigKeys (ConfUtils.java:logGet(43)) - raft.server.sleep.deviation.threshold = 300 (default)
2019-09-25 11:56:56,929 [pool-37-thread-1] INFO  server.RaftServerConfigKeys (ConfUtils.java:logGet(43)) - raft.server.log.appender.install.snapshot.enabled = false (custom)
2019-09-25 11:56:56,929 [pool-37-thread-1] INFO  impl.RaftServerImpl (ServerState.java:<init>(103)) - a49539dc-5450-4b38-9858-49dc7b52b4cc@group-5425F29DDD96: ConfigurationManager, init=-1: [a49539dc-5450-4b38-9858-49dc7b52b4cc:192.168.151.73:39048], old=null, confs=<EMPTY_MAP>
2019-09-25 11:56:56,929 [pool-37-thread-1] INFO  server.RaftServerConfigKeys (ConfUtils.java:logGet(43)) - raft.server.storage.dir = [/workdir/hadoop-ozone/integration-test/target/test-dir/MiniOzoneClusterImpl-79e9daf4-eda6-4046-b710-e1fcaf4daad9/datanode-1/data/ratis] (custom)
2019-09-25 11:56:56,930 [pool-37-thread-1] INFO  storage.RaftStorageDirectory (RaftStorageDirectory.java:analyzeStorage(246)) - The storage directory /workdir/hadoop-ozone/integration-test/target/test-dir/MiniOzoneClusterImpl-79e9daf4-eda6-4046-b710-e1fcaf4daad9/datanode-1/data/ratis/ba84e613-1948-4a19-94de-5425f29ddd96 does not exist. Creating ...
2019-09-25 11:56:56,944 [pool-37-thread-1] INFO  storage.RaftStorageDirectory (RaftStorageDirectory.java:tryLock(328)) - Lock on /workdir/hadoop-ozone/integration-test/target/test-dir/MiniOzoneClusterImpl-79e9daf4-eda6-4046-b710-e1fcaf4daad9/datanode-1/data/ratis/ba84e613-1948-4a19-94de-5425f29ddd96/in_use.lock acquired by nodename 24979@pr-hdds-1569-shd4m-3693607622
2019-09-25 11:56:56,957 [pool-37-thread-1] INFO  storage.RaftStorage (RaftStorage.java:format(72)) - Storage directory /workdir/hadoop-ozone/integration-test/target/test-dir/MiniOzoneClusterImpl-79e9daf4-eda6-4046-b710-e1fcaf4daad9/datanode-1/data/ratis/ba84e613-1948-4a19-94de-5425f29ddd96 has been successfully formatted.
2019-09-25 11:56:56,957 [pool-37-thread-1] INFO  ratis.ContainerStateMachine (ContainerStateMachine.java:loadSnapshot(230)) - group-5425F29DDD96: The snapshot info is null. Setting the last applied indexto:(t:0, i:~)
2019-09-25 11:56:56,957 [pool-37-thread-1] INFO  server.RaftServerConfigKeys (ConfUtils.java:logGet(43)) - raft.server.notification.no-leader.timeout = 120s (custom)
2019-09-25 11:56:56,957 [pool-37-thread-1] INFO  server.RaftServerConfigKeys (ConfUtils.java:logGet(43)) - raft.server.log.use.memory = false (default)
2019-09-25 11:56:56,957 [pool-37-thread-1] INFO  server.RaftServerConfigKeys (ConfUtils.java:logGet(43)) - raft.server.log.purge.gap = 1000000 (custom)
2019-09-25 11:56:56,958 [pool-37-thread-1] INFO  server.RaftServerConfigKeys (ConfUtils.java:logGet(43)) - raft.server.log.appender.buffer.byte-limit = 33554432 (custom)
2019-09-25 11:56:56,958 [pool-37-thread-1] INFO  server.RaftServerConfigKeys (ConfUtils.java:logGet(43)) - raft.server.log.segment.size.max = 1048576 (custom)
2019-09-25 11:56:56,958 [pool-37-thread-1] INFO  server.RaftServerConfigKeys (ConfUtils.java:logGet(43)) - raft.server.log.segment.cache.num.max = 2 (custom)
2019-09-25 11:56:56,958 [pool-37-thread-1] INFO  segmented.SegmentedRaftLogWorker (SegmentedRaftLogWorker.java:<init>(172)) - new a49539dc-5450-4b38-9858-49dc7b52b4cc@group-5425F29DDD96-SegmentedRaftLogWorker for RaftStorage:Storage Directory /workdir/hadoop-ozone/integration-test/target/test-dir/MiniOzoneClusterImpl-79e9daf4-eda6-4046-b710-e1fcaf4daad9/datanode-1/data/ratis/ba84e613-1948-4a19-94de-5425f29ddd96
2019-09-25 11:56:56,962 [pool-37-thread-1] INFO  server.RaftServerConfigKeys (ConfUtils.java:logGet(43)) - raft.server.log.queue.byte-limit = 2147483647 (custom)
2019-09-25 11:56:56,962 [pool-37-thread-1] INFO  server.RaftServerConfigKeys (ConfUtils.java:logGet(43)) - raft.server.log.queue.element-limit = 1024 (custom)
2019-09-25 11:56:56,962 [pool-37-thread-1] INFO  server.RaftServerConfigKeys (ConfUtils.java:logGet(43)) - raft.server.log.segment.size.max = 1048576 (custom)
2019-09-25 11:56:56,962 [pool-37-thread-1] INFO  server.RaftServerConfigKeys (ConfUtils.java:logGet(43)) - raft.server.log.preallocated.size = 16384 (custom)
2019-09-25 11:56:56,962 [pool-37-thread-1] INFO  server.RaftServerConfigKeys (ConfUtils.java:logGet(43)) - raft.server.log.write.buffer.size = 33554432 (custom)
2019-09-25 11:56:56,962 [pool-37-thread-1] INFO  server.RaftServerConfigKeys (ConfUtils.java:logGet(43)) - raft.server.log.force.sync.num = 128 (default)
2019-09-25 11:56:56,963 [pool-37-thread-1] INFO  server.RaftServerConfigKeys (ConfUtils.java:logGet(43)) - raft.server.log.statemachine.data.sync = true (default)
2019-09-25 11:56:56,963 [pool-37-thread-1] INFO  server.RaftServerConfigKeys (ConfUtils.java:logGet(43)) - raft.server.log.statemachine.data.sync.timeout = 10s (default)
2019-09-25 11:56:56,963 [pool-37-thread-1] INFO  server.RaftServerConfigKeys (ConfUtils.java:logGet(43)) - raft.server.log.statemachine.data.sync.timeout.retry = -1 (default)
2019-09-25 11:56:56,963 [pool-37-thread-1] INFO  server.RaftServerConfigKeys (ConfUtils.java:logGet(43)) - raft.server.log.statemachine.data.caching.enabled = true (custom)
2019-09-25 11:56:56,963 [pool-37-thread-1] INFO  segmented.SegmentedRaftLogWorker (SegmentedRaftLogWorker.java:lambda$new$0(132)) - a49539dc-5450-4b38-9858-49dc7b52b4cc@group-5425F29DDD96-SegmentedRaftLogWorker: flushIndex: setUnconditionally 0 -> -1
2019-09-25 11:56:56,964 [pool-37-thread-1] INFO  server.RaftServerConfigKeys (ConfUtils.java:logGet(43)) - raft.server.snapshot.auto.trigger.enabled = true (custom)
2019-09-25 11:56:56,964 [pool-37-thread-1] INFO  server.RaftServerConfigKeys (ConfUtils.java:logGet(43)) - raft.server.snapshot.auto.trigger.threshold = 10000 (custom)
2019-09-25 11:56:56,964 [pool-37-thread-1] INFO  server.RaftServerConfigKeys (ConfUtils.java:logGet(43)) - raft.server.snapshot.retention.num.files = 5 (custom)
2019-09-25 11:56:56,964 [pool-37-thread-1] INFO  server.RaftServerConfigKeys (ConfUtils.java:logGet(43)) - raft.server.retrycache.expirytime = 600000ms (custom)
2019-09-25 11:56:56,968 [pool-37-thread-1] INFO  impl.RaftServerImpl (RaftServerImpl.java:start(185)) - a49539dc-5450-4b38-9858-49dc7b52b4cc@group-5425F29DDD96: start as a follower, conf=-1: [a49539dc-5450-4b38-9858-49dc7b52b4cc:192.168.151.73:39048], old=null
2019-09-25 11:56:56,968 [pool-37-thread-1] INFO  impl.RaftServerImpl (RaftServerImpl.java:setRole(174)) - a49539dc-5450-4b38-9858-49dc7b52b4cc@group-5425F29DDD96: changes role from      null to FOLLOWER at term 0 for startAsFollower
2019-09-25 11:56:56,968 [pool-37-thread-1] INFO  impl.RoleInfo (RoleInfo.java:updateAndGet(143)) - a49539dc-5450-4b38-9858-49dc7b52b4cc: start FollowerState
2019-09-25 11:56:56,969 [pool-37-thread-1] INFO  util.JmxRegister (JmxRegister.java:tryRegister(44)) - Successfully registered JMX Bean with object name Ratis:service=RaftServer,group=group-5425F29DDD96,id=a49539dc-5450-4b38-9858-49dc7b52b4cc
2019-09-25 11:56:56,979 [RatisPipelineUtilsThread] INFO  pipeline.PipelineStateManager (PipelineStateManager.java:addPipeline(56)) - Created pipeline Pipeline[ Id: ba84e613-1948-4a19-94de-5425f29ddd96, Nodes: a49539dc-5450-4b38-9858-49dc7b52b4cc{ip: 192.168.151.73, host: pr-hdds-1569-shd4m-3693607622, networkLocation: /default-rack, certSerialId: null}, Type:RATIS, Factor:ONE, State:OPEN]
2019-09-25 11:56:56,996 [grpc-default-executor-0] INFO  impl.RaftServerProxy (RaftServerProxy.java:addNew(89)) - f320213e-69dd-47d7-8b12-80f84f010fc9: addNew group-83FFE55F8CB9:[f320213e-69dd-47d7-8b12-80f84f010fc9:192.168.151.73:42702] returns group-83FFE55F8CB9:java.util.concurrent.CompletableFuture@70ba28de[Not completed]
2019-09-25 11:56:56,999 [pool-67-thread-1] INFO  impl.RaftServerImpl (RaftServerImpl.java:<init>(95)) - f320213e-69dd-47d7-8b12-80f84f010fc9: new RaftServerImpl for group-83FFE55F8CB9:[f320213e-69dd-47d7-8b12-80f84f010fc9:192.168.151.73:42702] with ContainerStateMachine:uninitialized
2019-09-25 11:56:56,999 [pool-67-thread-1] INFO  server.RaftServerConfigKeys (ConfUtils.java:logGet(43)) - raft.server.rpc.timeout.min = 5s (custom)
2019-09-25 11:56:56,999 [pool-67-thread-1] INFO  server.RaftServerConfigKeys (ConfUtils.java:logGet(43)) - raft.server.rpc.timeout.max = 5200ms (custom)
2019-09-25 11:56:57,000 [pool-67-thread-1] INFO  server.RaftServerConfigKeys (ConfUtils.java:logGet(43)) - raft.server.rpcslowness.timeout = 120s (custom)
2019-09-25 11:56:57,000 [pool-67-thread-1] INFO  server.RaftServerConfigKeys (ConfUtils.java:logGet(43)) - raft.server.sleep.deviation.threshold = 300 (default)
2019-09-25 11:56:57,000 [pool-67-thread-1] INFO  server.RaftServerConfigKeys (ConfUtils.java:logGet(43)) - raft.server.log.appender.install.snapshot.enabled = false (custom)
2019-09-25 11:56:57,000 [pool-67-thread-1] INFO  impl.RaftServerImpl (ServerState.java:<init>(103)) - f320213e-69dd-47d7-8b12-80f84f010fc9@group-83FFE55F8CB9: ConfigurationManager, init=-1: [f320213e-69dd-47d7-8b12-80f84f010fc9:192.168.151.73:42702], old=null, confs=<EMPTY_MAP>
2019-09-25 11:56:57,001 [pool-67-thread-1] INFO  server.RaftServerConfigKeys (ConfUtils.java:logGet(43)) - raft.server.storage.dir = [/workdir/hadoop-ozone/integration-test/target/test-dir/MiniOzoneClusterImpl-79e9daf4-eda6-4046-b710-e1fcaf4daad9/datanode-4/data/ratis] (custom)
2019-09-25 11:56:57,001 [pool-67-thread-1] INFO  storage.RaftStorageDirectory (RaftStorageDirectory.java:analyzeStorage(246)) - The storage directory /workdir/hadoop-ozone/integration-test/target/test-dir/MiniOzoneClusterImpl-79e9daf4-eda6-4046-b710-e1fcaf4daad9/datanode-4/data/ratis/50d1910a-da62-4731-83e3-83ffe55f8cb9 does not exist. Creating ...
2019-09-25 11:56:57,018 [pool-67-thread-1] INFO  storage.RaftStorageDirectory (RaftStorageDirectory.java:tryLock(328)) - Lock on /workdir/hadoop-ozone/integration-test/target/test-dir/MiniOzoneClusterImpl-79e9daf4-eda6-4046-b710-e1fcaf4daad9/datanode-4/data/ratis/50d1910a-da62-4731-83e3-83ffe55f8cb9/in_use.lock acquired by nodename 24979@pr-hdds-1569-shd4m-3693607622
2019-09-25 11:56:57,024 [main] INFO  ozone.MiniOzoneClusterImpl (MiniOzoneClusterImpl.java:lambda$waitForClusterToBeReady$0(147)) - Cluster is ready. Got 7 of 7 DN Heartbeats.
2019-09-25 11:56:57,044 [pool-67-thread-1] INFO  storage.RaftStorage (RaftStorage.java:format(72)) - Storage directory /workdir/hadoop-ozone/integration-test/target/test-dir/MiniOzoneClusterImpl-79e9daf4-eda6-4046-b710-e1fcaf4daad9/datanode-4/data/ratis/50d1910a-da62-4731-83e3-83ffe55f8cb9 has been successfully formatted.
2019-09-25 11:56:57,044 [pool-67-thread-1] INFO  ratis.ContainerStateMachine (ContainerStateMachine.java:loadSnapshot(230)) - group-83FFE55F8CB9: The snapshot info is null. Setting the last applied indexto:(t:0, i:~)
2019-09-25 11:56:57,045 [pool-67-thread-1] INFO  server.RaftServerConfigKeys (ConfUtils.java:logGet(43)) - raft.server.notification.no-leader.timeout = 120s (custom)
2019-09-25 11:56:57,045 [pool-67-thread-1] INFO  server.RaftServerConfigKeys (ConfUtils.java:logGet(43)) - raft.server.log.use.memory = false (default)
2019-09-25 11:56:57,045 [pool-67-thread-1] INFO  server.RaftServerConfigKeys (ConfUtils.java:logGet(43)) - raft.server.log.purge.gap = 1000000 (custom)
2019-09-25 11:56:57,045 [pool-67-thread-1] INFO  server.RaftServerConfigKeys (ConfUtils.java:logGet(43)) - raft.server.log.appender.buffer.byte-limit = 33554432 (custom)
2019-09-25 11:56:57,045 [pool-67-thread-1] INFO  server.RaftServerConfigKeys (ConfUtils.java:logGet(43)) - raft.server.log.segment.size.max = 1048576 (custom)
2019-09-25 11:56:57,045 [pool-67-thread-1] INFO  server.RaftServerConfigKeys (ConfUtils.java:logGet(43)) - raft.server.log.segment.cache.num.max = 2 (custom)
2019-09-25 11:56:57,046 [pool-67-thread-1] INFO  segmented.SegmentedRaftLogWorker (SegmentedRaftLogWorker.java:<init>(172)) - new f320213e-69dd-47d7-8b12-80f84f010fc9@group-83FFE55F8CB9-SegmentedRaftLogWorker for RaftStorage:Storage Directory /workdir/hadoop-ozone/integration-test/target/test-dir/MiniOzoneClusterImpl-79e9daf4-eda6-4046-b710-e1fcaf4daad9/datanode-4/data/ratis/50d1910a-da62-4731-83e3-83ffe55f8cb9
2019-09-25 11:56:57,046 [pool-67-thread-1] INFO  server.RaftServerConfigKeys (ConfUtils.java:logGet(43)) - raft.server.log.queue.byte-limit = 2147483647 (custom)
2019-09-25 11:56:57,046 [pool-67-thread-1] INFO  server.RaftServerConfigKeys (ConfUtils.java:logGet(43)) - raft.server.log.queue.element-limit = 1024 (custom)
2019-09-25 11:56:57,046 [pool-67-thread-1] INFO  server.RaftServerConfigKeys (ConfUtils.java:logGet(43)) - raft.server.log.segment.size.max = 1048576 (custom)
2019-09-25 11:56:57,046 [pool-67-thread-1] INFO  server.RaftServerConfigKeys (ConfUtils.java:logGet(43)) - raft.server.log.preallocated.size = 16384 (custom)
2019-09-25 11:56:57,047 [pool-67-thread-1] INFO  server.RaftServerConfigKeys (ConfUtils.java:logGet(43)) - raft.server.log.write.buffer.size = 33554432 (custom)
2019-09-25 11:56:57,047 [pool-67-thread-1] INFO  server.RaftServerConfigKeys (ConfUtils.java:logGet(43)) - raft.server.log.force.sync.num = 128 (default)
2019-09-25 11:56:57,047 [pool-67-thread-1] INFO  server.RaftServerConfigKeys (ConfUtils.java:logGet(43)) - raft.server.log.statemachine.data.sync = true (default)
2019-09-25 11:56:57,047 [pool-67-thread-1] INFO  server.RaftServerConfigKeys (ConfUtils.java:logGet(43)) - raft.server.log.statemachine.data.sync.timeout = 10s (default)
2019-09-25 11:56:57,047 [pool-67-thread-1] INFO  server.RaftServerConfigKeys (ConfUtils.java:logGet(43)) - raft.server.log.statemachine.data.sync.timeout.retry = -1 (default)
2019-09-25 11:56:57,048 [pool-67-thread-1] INFO  server.RaftServerConfigKeys (ConfUtils.java:logGet(43)) - raft.server.log.statemachine.data.caching.enabled = true (custom)
2019-09-25 11:56:57,048 [pool-67-thread-1] INFO  segmented.SegmentedRaftLogWorker (SegmentedRaftLogWorker.java:lambda$new$0(132)) - f320213e-69dd-47d7-8b12-80f84f010fc9@group-83FFE55F8CB9-SegmentedRaftLogWorker: flushIndex: setUnconditionally 0 -> -1
2019-09-25 11:56:57,048 [pool-67-thread-1] INFO  server.RaftServerConfigKeys (ConfUtils.java:logGet(43)) - raft.server.snapshot.auto.trigger.enabled = true (custom)
2019-09-25 11:56:57,049 [pool-67-thread-1] INFO  server.RaftServerConfigKeys (ConfUtils.java:logGet(43)) - raft.server.snapshot.auto.trigger.threshold = 10000 (custom)
2019-09-25 11:56:57,049 [pool-67-thread-1] INFO  server.RaftServerConfigKeys (ConfUtils.java:logGet(43)) - raft.server.snapshot.retention.num.files = 5 (custom)
2019-09-25 11:56:57,049 [pool-67-thread-1] INFO  server.RaftServerConfigKeys (ConfUtils.java:logGet(43)) - raft.server.retrycache.expirytime = 600000ms (custom)
2019-09-25 11:56:57,054 [pool-67-thread-1] INFO  impl.RaftServerImpl (RaftServerImpl.java:start(185)) - f320213e-69dd-47d7-8b12-80f84f010fc9@group-83FFE55F8CB9: start as a follower, conf=-1: [f320213e-69dd-47d7-8b12-80f84f010fc9:192.168.151.73:42702], old=null
2019-09-25 11:56:57,054 [pool-67-thread-1] INFO  impl.RaftServerImpl (RaftServerImpl.java:setRole(174)) - f320213e-69dd-47d7-8b12-80f84f010fc9@group-83FFE55F8CB9: changes role from      null to FOLLOWER at term 0 for startAsFollower
2019-09-25 11:56:57,054 [pool-67-thread-1] INFO  impl.RoleInfo (RoleInfo.java:updateAndGet(143)) - f320213e-69dd-47d7-8b12-80f84f010fc9: start FollowerState
2019-09-25 11:56:57,055 [pool-67-thread-1] INFO  util.JmxRegister (JmxRegister.java:tryRegister(44)) - Successfully registered JMX Bean with object name Ratis:service=RaftServer,group=group-83FFE55F8CB9,id=f320213e-69dd-47d7-8b12-80f84f010fc9
2019-09-25 11:56:57,073 [RatisPipelineUtilsThread] INFO  pipeline.PipelineStateManager (PipelineStateManager.java:addPipeline(56)) - Created pipeline Pipeline[ Id: 50d1910a-da62-4731-83e3-83ffe55f8cb9, Nodes: f320213e-69dd-47d7-8b12-80f84f010fc9{ip: 192.168.151.73, host: pr-hdds-1569-shd4m-3693607622, networkLocation: /default-rack, certSerialId: null}, Type:RATIS, Factor:ONE, State:OPEN]
2019-09-25 11:56:57,091 [grpc-default-executor-0] INFO  impl.RaftServerProxy (RaftServerProxy.java:addNew(89)) - 59f2e4b8-41c0-4853-b4df-5d86491a517d: addNew group-633321D6ABDB:[59f2e4b8-41c0-4853-b4df-5d86491a517d:192.168.151.73:42681] returns group-633321D6ABDB:java.util.concurrent.CompletableFuture@63a7855e[Not completed]
2019-09-25 11:56:57,096 [pool-87-thread-1] INFO  impl.RaftServerImpl (RaftServerImpl.java:<init>(95)) - 59f2e4b8-41c0-4853-b4df-5d86491a517d: new RaftServerImpl for group-633321D6ABDB:[59f2e4b8-41c0-4853-b4df-5d86491a517d:192.168.151.73:42681] with ContainerStateMachine:uninitialized
2019-09-25 11:56:57,096 [pool-87-thread-1] INFO  server.RaftServerConfigKeys (ConfUtils.java:logGet(43)) - raft.server.rpc.timeout.min = 5s (custom)
2019-09-25 11:56:57,096 [pool-87-thread-1] INFO  server.RaftServerConfigKeys (ConfUtils.java:logGet(43)) - raft.server.rpc.timeout.max = 5200ms (custom)
2019-09-25 11:56:57,096 [pool-87-thread-1] INFO  server.RaftServerConfigKeys (ConfUtils.java:logGet(43)) - raft.server.rpcslowness.timeout = 120s (custom)
2019-09-25 11:56:57,097 [pool-87-thread-1] INFO  server.RaftServerConfigKeys (ConfUtils.java:logGet(43)) - raft.server.sleep.deviation.threshold = 300 (default)
2019-09-25 11:56:57,097 [pool-87-thread-1] INFO  server.RaftServerConfigKeys (ConfUtils.java:logGet(43)) - raft.server.log.appender.install.snapshot.enabled = false (custom)
2019-09-25 11:56:57,097 [pool-87-thread-1] INFO  impl.RaftServerImpl (ServerState.java:<init>(103)) - 59f2e4b8-41c0-4853-b4df-5d86491a517d@group-633321D6ABDB: ConfigurationManager, init=-1: [59f2e4b8-41c0-4853-b4df-5d86491a517d:192.168.151.73:42681], old=null, confs=<EMPTY_MAP>
2019-09-25 11:56:57,097 [pool-87-thread-1] INFO  server.RaftServerConfigKeys (ConfUtils.java:logGet(43)) - raft.server.storage.dir = [/workdir/hadoop-ozone/integration-test/target/test-dir/MiniOzoneClusterImpl-79e9daf4-eda6-4046-b710-e1fcaf4daad9/datanode-6/data/ratis] (custom)
2019-09-25 11:56:57,098 [pool-87-thread-1] INFO  storage.RaftStorageDirectory (RaftStorageDirectory.java:analyzeStorage(246)) - The storage directory /workdir/hadoop-ozone/integration-test/target/test-dir/MiniOzoneClusterImpl-79e9daf4-eda6-4046-b710-e1fcaf4daad9/datanode-6/data/ratis/c0d2044d-d3ff-4912-9a1f-633321d6abdb does not exist. Creating ...
2019-09-25 11:56:57,112 [pool-87-thread-1] INFO  storage.RaftStorageDirectory (RaftStorageDirectory.java:tryLock(328)) - Lock on /workdir/hadoop-ozone/integration-test/target/test-dir/MiniOzoneClusterImpl-79e9daf4-eda6-4046-b710-e1fcaf4daad9/datanode-6/data/ratis/c0d2044d-d3ff-4912-9a1f-633321d6abdb/in_use.lock acquired by nodename 24979@pr-hdds-1569-shd4m-3693607622
2019-09-25 11:56:57,125 [pool-87-thread-1] INFO  storage.RaftStorage (RaftStorage.java:format(72)) - Storage directory /workdir/hadoop-ozone/integration-test/target/test-dir/MiniOzoneClusterImpl-79e9daf4-eda6-4046-b710-e1fcaf4daad9/datanode-6/data/ratis/c0d2044d-d3ff-4912-9a1f-633321d6abdb has been successfully formatted.
2019-09-25 11:56:57,126 [pool-87-thread-1] INFO  ratis.ContainerStateMachine (ContainerStateMachine.java:loadSnapshot(230)) - group-633321D6ABDB: The snapshot info is null. Setting the last applied indexto:(t:0, i:~)
2019-09-25 11:56:57,126 [pool-87-thread-1] INFO  server.RaftServerConfigKeys (ConfUtils.java:logGet(43)) - raft.server.notification.no-leader.timeout = 120s (custom)
2019-09-25 11:56:57,126 [pool-87-thread-1] INFO  server.RaftServerConfigKeys (ConfUtils.java:logGet(43)) - raft.server.log.use.memory = false (default)
2019-09-25 11:56:57,126 [pool-87-thread-1] INFO  server.RaftServerConfigKeys (ConfUtils.java:logGet(43)) - raft.server.log.purge.gap = 1000000 (custom)
2019-09-25 11:56:57,126 [pool-87-thread-1] INFO  server.RaftServerConfigKeys (ConfUtils.java:logGet(43)) - raft.server.log.appender.buffer.byte-limit = 33554432 (custom)
2019-09-25 11:56:57,127 [pool-87-thread-1] INFO  server.RaftServerConfigKeys (ConfUtils.java:logGet(43)) - raft.server.log.segment.size.max = 1048576 (custom)
2019-09-25 11:56:57,127 [pool-87-thread-1] INFO  server.RaftServerConfigKeys (ConfUtils.java:logGet(43)) - raft.server.log.segment.cache.num.max = 2 (custom)
2019-09-25 11:56:57,127 [pool-87-thread-1] INFO  segmented.SegmentedRaftLogWorker (SegmentedRaftLogWorker.java:<init>(172)) - new 59f2e4b8-41c0-4853-b4df-5d86491a517d@group-633321D6ABDB-SegmentedRaftLogWorker for RaftStorage:Storage Directory /workdir/hadoop-ozone/integration-test/target/test-dir/MiniOzoneClusterImpl-79e9daf4-eda6-4046-b710-e1fcaf4daad9/datanode-6/data/ratis/c0d2044d-d3ff-4912-9a1f-633321d6abdb
2019-09-25 11:56:57,131 [pool-87-thread-1] INFO  server.RaftServerConfigKeys (ConfUtils.java:logGet(43)) - raft.server.log.queue.byte-limit = 2147483647 (custom)
2019-09-25 11:56:57,131 [pool-87-thread-1] INFO  server.RaftServerConfigKeys (ConfUtils.java:logGet(43)) - raft.server.log.queue.element-limit = 1024 (custom)
2019-09-25 11:56:57,131 [pool-87-thread-1] INFO  server.RaftServerConfigKeys (ConfUtils.java:logGet(43)) - raft.server.log.segment.size.max = 1048576 (custom)
2019-09-25 11:56:57,131 [pool-87-thread-1] INFO  server.RaftServerConfigKeys (ConfUtils.java:logGet(43)) - raft.server.log.preallocated.size = 16384 (custom)
2019-09-25 11:56:57,132 [pool-87-thread-1] INFO  server.RaftServerConfigKeys (ConfUtils.java:logGet(43)) - raft.server.log.write.buffer.size = 33554432 (custom)
2019-09-25 11:56:57,132 [pool-87-thread-1] INFO  server.RaftServerConfigKeys (ConfUtils.java:logGet(43)) - raft.server.log.force.sync.num = 128 (default)
2019-09-25 11:56:57,132 [pool-87-thread-1] INFO  server.RaftServerConfigKeys (ConfUtils.java:logGet(43)) - raft.server.log.statemachine.data.sync = true (default)
2019-09-25 11:56:57,132 [pool-87-thread-1] INFO  server.RaftServerConfigKeys (ConfUtils.java:logGet(43)) - raft.server.log.statemachine.data.sync.timeout = 10s (default)
2019-09-25 11:56:57,132 [pool-87-thread-1] INFO  server.RaftServerConfigKeys (ConfUtils.java:logGet(43)) - raft.server.log.statemachine.data.sync.timeout.retry = -1 (default)
2019-09-25 11:56:57,133 [pool-87-thread-1] INFO  server.RaftServerConfigKeys (ConfUtils.java:logGet(43)) - raft.server.log.statemachine.data.caching.enabled = true (custom)
2019-09-25 11:56:57,133 [pool-87-thread-1] INFO  segmented.SegmentedRaftLogWorker (SegmentedRaftLogWorker.java:lambda$new$0(132)) - 59f2e4b8-41c0-4853-b4df-5d86491a517d@group-633321D6ABDB-SegmentedRaftLogWorker: flushIndex: setUnconditionally 0 -> -1
2019-09-25 11:56:57,134 [pool-87-thread-1] INFO  server.RaftServerConfigKeys (ConfUtils.java:logGet(43)) - raft.server.snapshot.auto.trigger.enabled = true (custom)
2019-09-25 11:56:57,137 [pool-87-thread-1] INFO  server.RaftServerConfigKeys (ConfUtils.java:logGet(43)) - raft.server.snapshot.auto.trigger.threshold = 10000 (custom)
2019-09-25 11:56:57,137 [pool-87-thread-1] INFO  server.RaftServerConfigKeys (ConfUtils.java:logGet(43)) - raft.server.snapshot.retention.num.files = 5 (custom)
2019-09-25 11:56:57,138 [pool-87-thread-1] INFO  server.RaftServerConfigKeys (ConfUtils.java:logGet(43)) - raft.server.retrycache.expirytime = 600000ms (custom)
2019-09-25 11:56:57,141 [pool-87-thread-1] INFO  impl.RaftServerImpl (RaftServerImpl.java:start(185)) - 59f2e4b8-41c0-4853-b4df-5d86491a517d@group-633321D6ABDB: start as a follower, conf=-1: [59f2e4b8-41c0-4853-b4df-5d86491a517d:192.168.151.73:42681], old=null
2019-09-25 11:56:57,141 [pool-87-thread-1] INFO  impl.RaftServerImpl (RaftServerImpl.java:setRole(174)) - 59f2e4b8-41c0-4853-b4df-5d86491a517d@group-633321D6ABDB: changes role from      null to FOLLOWER at term 0 for startAsFollower
2019-09-25 11:56:57,141 [pool-87-thread-1] INFO  impl.RoleInfo (RoleInfo.java:updateAndGet(143)) - 59f2e4b8-41c0-4853-b4df-5d86491a517d: start FollowerState
2019-09-25 11:56:57,142 [pool-87-thread-1] INFO  util.JmxRegister (JmxRegister.java:tryRegister(44)) - Successfully registered JMX Bean with object name Ratis:service=RaftServer,group=group-633321D6ABDB,id=59f2e4b8-41c0-4853-b4df-5d86491a517d
2019-09-25 11:56:57,156 [RatisPipelineUtilsThread] INFO  pipeline.PipelineStateManager (PipelineStateManager.java:addPipeline(56)) - Created pipeline Pipeline[ Id: c0d2044d-d3ff-4912-9a1f-633321d6abdb, Nodes: 59f2e4b8-41c0-4853-b4df-5d86491a517d{ip: 192.168.151.73, host: pr-hdds-1569-shd4m-3693607622, networkLocation: /default-rack, certSerialId: null}, Type:RATIS, Factor:ONE, State:OPEN]
2019-09-25 11:56:57,172 [grpc-default-executor-0] INFO  impl.RaftServerProxy (RaftServerProxy.java:addNew(89)) - 59f2e4b8-41c0-4853-b4df-5d86491a517d: addNew group-535BA03C3E78:[59f2e4b8-41c0-4853-b4df-5d86491a517d:192.168.151.73:42681] returns group-535BA03C3E78:java.util.concurrent.CompletableFuture@2da15a77[Not completed]
2019-09-25 11:56:57,174 [pool-87-thread-1] INFO  impl.RaftServerImpl (RaftServerImpl.java:<init>(95)) - 59f2e4b8-41c0-4853-b4df-5d86491a517d: new RaftServerImpl for group-535BA03C3E78:[59f2e4b8-41c0-4853-b4df-5d86491a517d:192.168.151.73:42681] with ContainerStateMachine:uninitialized
2019-09-25 11:56:57,174 [pool-87-thread-1] INFO  server.RaftServerConfigKeys (ConfUtils.java:logGet(43)) - raft.server.rpc.timeout.min = 5s (custom)
2019-09-25 11:56:57,174 [pool-87-thread-1] INFO  server.RaftServerConfigKeys (ConfUtils.java:logGet(43)) - raft.server.rpc.timeout.max = 5200ms (custom)
2019-09-25 11:56:57,175 [pool-87-thread-1] INFO  server.RaftServerConfigKeys (ConfUtils.java:logGet(43)) - raft.server.rpcslowness.timeout = 120s (custom)
2019-09-25 11:56:57,175 [pool-87-thread-1] INFO  server.RaftServerConfigKeys (ConfUtils.java:logGet(43)) - raft.server.sleep.deviation.threshold = 300 (default)
2019-09-25 11:56:57,175 [pool-87-thread-1] INFO  server.RaftServerConfigKeys (ConfUtils.java:logGet(43)) - raft.server.log.appender.install.snapshot.enabled = false (custom)
2019-09-25 11:56:57,175 [pool-87-thread-1] INFO  impl.RaftServerImpl (ServerState.java:<init>(103)) - 59f2e4b8-41c0-4853-b4df-5d86491a517d@group-535BA03C3E78: ConfigurationManager, init=-1: [59f2e4b8-41c0-4853-b4df-5d86491a517d:192.168.151.73:42681], old=null, confs=<EMPTY_MAP>
2019-09-25 11:56:57,175 [pool-87-thread-1] INFO  server.RaftServerConfigKeys (ConfUtils.java:logGet(43)) - raft.server.storage.dir = [/workdir/hadoop-ozone/integration-test/target/test-dir/MiniOzoneClusterImpl-79e9daf4-eda6-4046-b710-e1fcaf4daad9/datanode-6/data/ratis] (custom)
2019-09-25 11:56:57,176 [pool-87-thread-1] INFO  storage.RaftStorageDirectory (RaftStorageDirectory.java:analyzeStorage(246)) - The storage directory /workdir/hadoop-ozone/integration-test/target/test-dir/MiniOzoneClusterImpl-79e9daf4-eda6-4046-b710-e1fcaf4daad9/datanode-6/data/ratis/c593ecaa-bb46-4f86-82b3-535ba03c3e78 does not exist. Creating ...
2019-09-25 11:56:57,197 [pool-87-thread-1] INFO  storage.RaftStorageDirectory (RaftStorageDirectory.java:tryLock(328)) - Lock on /workdir/hadoop-ozone/integration-test/target/test-dir/MiniOzoneClusterImpl-79e9daf4-eda6-4046-b710-e1fcaf4daad9/datanode-6/data/ratis/c593ecaa-bb46-4f86-82b3-535ba03c3e78/in_use.lock acquired by nodename 24979@pr-hdds-1569-shd4m-3693607622
2019-09-25 11:56:57,211 [pool-87-thread-1] INFO  storage.RaftStorage (RaftStorage.java:format(72)) - Storage directory /workdir/hadoop-ozone/integration-test/target/test-dir/MiniOzoneClusterImpl-79e9daf4-eda6-4046-b710-e1fcaf4daad9/datanode-6/data/ratis/c593ecaa-bb46-4f86-82b3-535ba03c3e78 has been successfully formatted.
2019-09-25 11:56:57,211 [pool-87-thread-1] INFO  ratis.ContainerStateMachine (ContainerStateMachine.java:loadSnapshot(230)) - group-535BA03C3E78: The snapshot info is null. Setting the last applied indexto:(t:0, i:~)
2019-09-25 11:56:57,211 [pool-87-thread-1] INFO  server.RaftServerConfigKeys (ConfUtils.java:logGet(43)) - raft.server.notification.no-leader.timeout = 120s (custom)
2019-09-25 11:56:57,212 [pool-87-thread-1] INFO  server.RaftServerConfigKeys (ConfUtils.java:logGet(43)) - raft.server.log.use.memory = false (default)
2019-09-25 11:56:57,212 [pool-87-thread-1] INFO  server.RaftServerConfigKeys (ConfUtils.java:logGet(43)) - raft.server.log.purge.gap = 1000000 (custom)
2019-09-25 11:56:57,212 [pool-87-thread-1] INFO  server.RaftServerConfigKeys (ConfUtils.java:logGet(43)) - raft.server.log.appender.buffer.byte-limit = 33554432 (custom)
2019-09-25 11:56:57,212 [pool-87-thread-1] INFO  server.RaftServerConfigKeys (ConfUtils.java:logGet(43)) - raft.server.log.segment.size.max = 1048576 (custom)
2019-09-25 11:56:57,212 [pool-87-thread-1] INFO  server.RaftServerConfigKeys (ConfUtils.java:logGet(43)) - raft.server.log.segment.cache.num.max = 2 (custom)
2019-09-25 11:56:57,212 [pool-87-thread-1] INFO  segmented.SegmentedRaftLogWorker (SegmentedRaftLogWorker.java:<init>(172)) - new 59f2e4b8-41c0-4853-b4df-5d86491a517d@group-535BA03C3E78-SegmentedRaftLogWorker for RaftStorage:Storage Directory /workdir/hadoop-ozone/integration-test/target/test-dir/MiniOzoneClusterImpl-79e9daf4-eda6-4046-b710-e1fcaf4daad9/datanode-6/data/ratis/c593ecaa-bb46-4f86-82b3-535ba03c3e78
2019-09-25 11:56:57,213 [pool-87-thread-1] INFO  server.RaftServerConfigKeys (ConfUtils.java:logGet(43)) - raft.server.log.queue.byte-limit = 2147483647 (custom)
2019-09-25 11:56:57,213 [pool-87-thread-1] INFO  server.RaftServerConfigKeys (ConfUtils.java:logGet(43)) - raft.server.log.queue.element-limit = 1024 (custom)
2019-09-25 11:56:57,213 [pool-87-thread-1] INFO  server.RaftServerConfigKeys (ConfUtils.java:logGet(43)) - raft.server.log.segment.size.max = 1048576 (custom)
2019-09-25 11:56:57,213 [pool-87-thread-1] INFO  server.RaftServerConfigKeys (ConfUtils.java:logGet(43)) - raft.server.log.preallocated.size = 16384 (custom)
2019-09-25 11:56:57,213 [pool-87-thread-1] INFO  server.RaftServerConfigKeys (ConfUtils.java:logGet(43)) - raft.server.log.write.buffer.size = 33554432 (custom)
2019-09-25 11:56:57,214 [pool-87-thread-1] INFO  server.RaftServerConfigKeys (ConfUtils.java:logGet(43)) - raft.server.log.force.sync.num = 128 (default)
2019-09-25 11:56:57,214 [pool-87-thread-1] INFO  server.RaftServerConfigKeys (ConfUtils.java:logGet(43)) - raft.server.log.statemachine.data.sync = true (default)
2019-09-25 11:56:57,214 [pool-87-thread-1] INFO  server.RaftServerConfigKeys (ConfUtils.java:logGet(43)) - raft.server.log.statemachine.data.sync.timeout = 10s (default)
2019-09-25 11:56:57,214 [pool-87-thread-1] INFO  server.RaftServerConfigKeys (ConfUtils.java:logGet(43)) - raft.server.log.statemachine.data.sync.timeout.retry = -1 (default)
2019-09-25 11:56:57,214 [pool-87-thread-1] INFO  server.RaftServerConfigKeys (ConfUtils.java:logGet(43)) - raft.server.log.statemachine.data.caching.enabled = true (custom)
2019-09-25 11:56:57,215 [pool-87-thread-1] INFO  segmented.SegmentedRaftLogWorker (SegmentedRaftLogWorker.java:lambda$new$0(132)) - 59f2e4b8-41c0-4853-b4df-5d86491a517d@group-535BA03C3E78-SegmentedRaftLogWorker: flushIndex: setUnconditionally 0 -> -1
2019-09-25 11:56:57,215 [pool-87-thread-1] INFO  server.RaftServerConfigKeys (ConfUtils.java:logGet(43)) - raft.server.snapshot.auto.trigger.enabled = true (custom)
2019-09-25 11:56:57,215 [pool-87-thread-1] INFO  server.RaftServerConfigKeys (ConfUtils.java:logGet(43)) - raft.server.snapshot.auto.trigger.threshold = 10000 (custom)
2019-09-25 11:56:57,215 [pool-87-thread-1] INFO  server.RaftServerConfigKeys (ConfUtils.java:logGet(43)) - raft.server.snapshot.retention.num.files = 5 (custom)
2019-09-25 11:56:57,216 [pool-87-thread-1] INFO  server.RaftServerConfigKeys (ConfUtils.java:logGet(43)) - raft.server.retrycache.expirytime = 600000ms (custom)
2019-09-25 11:56:57,219 [pool-87-thread-1] INFO  impl.RaftServerImpl (RaftServerImpl.java:start(185)) - 59f2e4b8-41c0-4853-b4df-5d86491a517d@group-535BA03C3E78: start as a follower, conf=-1: [59f2e4b8-41c0-4853-b4df-5d86491a517d:192.168.151.73:42681], old=null
2019-09-25 11:56:57,219 [pool-87-thread-1] INFO  impl.RaftServerImpl (RaftServerImpl.java:setRole(174)) - 59f2e4b8-41c0-4853-b4df-5d86491a517d@group-535BA03C3E78: changes role from      null to FOLLOWER at term 0 for startAsFollower
2019-09-25 11:56:57,220 [pool-87-thread-1] INFO  impl.RoleInfo (RoleInfo.java:updateAndGet(143)) - 59f2e4b8-41c0-4853-b4df-5d86491a517d: start FollowerState
2019-09-25 11:56:57,222 [pool-87-thread-1] INFO  util.JmxRegister (JmxRegister.java:tryRegister(44)) - Successfully registered JMX Bean with object name Ratis:service=RaftServer,group=group-535BA03C3E78,id=59f2e4b8-41c0-4853-b4df-5d86491a517d
2019-09-25 11:56:57,234 [RatisPipelineUtilsThread] INFO  pipeline.PipelineStateManager (PipelineStateManager.java:addPipeline(56)) - Created pipeline Pipeline[ Id: c593ecaa-bb46-4f86-82b3-535ba03c3e78, Nodes: 59f2e4b8-41c0-4853-b4df-5d86491a517d{ip: 192.168.151.73, host: pr-hdds-1569-shd4m-3693607622, networkLocation: /default-rack, certSerialId: null}, Type:RATIS, Factor:ONE, State:OPEN]
2019-09-25 11:56:57,247 [grpc-default-executor-0] INFO  impl.RaftServerProxy (RaftServerProxy.java:addNew(89)) - defb87f9-b552-40ae-8930-8043bdc1fda2: addNew group-41FDE4F91B8A:[defb87f9-b552-40ae-8930-8043bdc1fda2:192.168.151.73:36113] returns group-41FDE4F91B8A:java.util.concurrent.CompletableFuture@71dd3a88[Not completed]
2019-09-25 11:56:57,249 [pool-27-thread-1] INFO  impl.RaftServerImpl (RaftServerImpl.java:<init>(95)) - defb87f9-b552-40ae-8930-8043bdc1fda2: new RaftServerImpl for group-41FDE4F91B8A:[defb87f9-b552-40ae-8930-8043bdc1fda2:192.168.151.73:36113] with ContainerStateMachine:uninitialized
2019-09-25 11:56:57,249 [pool-27-thread-1] INFO  server.RaftServerConfigKeys (ConfUtils.java:logGet(43)) - raft.server.rpc.timeout.min = 5s (custom)
2019-09-25 11:56:57,250 [pool-27-thread-1] INFO  server.RaftServerConfigKeys (ConfUtils.java:logGet(43)) - raft.server.rpc.timeout.max = 5200ms (custom)
2019-09-25 11:56:57,250 [pool-27-thread-1] INFO  server.RaftServerConfigKeys (ConfUtils.java:logGet(43)) - raft.server.rpcslowness.timeout = 120s (custom)
2019-09-25 11:56:57,250 [pool-27-thread-1] INFO  server.RaftServerConfigKeys (ConfUtils.java:logGet(43)) - raft.server.sleep.deviation.threshold = 300 (default)
2019-09-25 11:56:57,250 [pool-27-thread-1] INFO  server.RaftServerConfigKeys (ConfUtils.java:logGet(43)) - raft.server.log.appender.install.snapshot.enabled = false (custom)
2019-09-25 11:56:57,250 [pool-27-thread-1] INFO  impl.RaftServerImpl (ServerState.java:<init>(103)) - defb87f9-b552-40ae-8930-8043bdc1fda2@group-41FDE4F91B8A: ConfigurationManager, init=-1: [defb87f9-b552-40ae-8930-8043bdc1fda2:192.168.151.73:36113], old=null, confs=<EMPTY_MAP>
2019-09-25 11:56:57,250 [pool-27-thread-1] INFO  server.RaftServerConfigKeys (ConfUtils.java:logGet(43)) - raft.server.storage.dir = [/workdir/hadoop-ozone/integration-test/target/test-dir/MiniOzoneClusterImpl-79e9daf4-eda6-4046-b710-e1fcaf4daad9/datanode-0/data/ratis] (custom)
2019-09-25 11:56:57,251 [pool-27-thread-1] INFO  storage.RaftStorageDirectory (RaftStorageDirectory.java:analyzeStorage(246)) - The storage directory /workdir/hadoop-ozone/integration-test/target/test-dir/MiniOzoneClusterImpl-79e9daf4-eda6-4046-b710-e1fcaf4daad9/datanode-0/data/ratis/ce77625b-4097-4edb-bc00-41fde4f91b8a does not exist. Creating ...
2019-09-25 11:56:57,267 [pool-27-thread-1] INFO  storage.RaftStorageDirectory (RaftStorageDirectory.java:tryLock(328)) - Lock on /workdir/hadoop-ozone/integration-test/target/test-dir/MiniOzoneClusterImpl-79e9daf4-eda6-4046-b710-e1fcaf4daad9/datanode-0/data/ratis/ce77625b-4097-4edb-bc00-41fde4f91b8a/in_use.lock acquired by nodename 24979@pr-hdds-1569-shd4m-3693607622
2019-09-25 11:56:57,285 [pool-27-thread-1] INFO  storage.RaftStorage (RaftStorage.java:format(72)) - Storage directory /workdir/hadoop-ozone/integration-test/target/test-dir/MiniOzoneClusterImpl-79e9daf4-eda6-4046-b710-e1fcaf4daad9/datanode-0/data/ratis/ce77625b-4097-4edb-bc00-41fde4f91b8a has been successfully formatted.
2019-09-25 11:56:57,285 [pool-27-thread-1] INFO  ratis.ContainerStateMachine (ContainerStateMachine.java:loadSnapshot(230)) - group-41FDE4F91B8A: The snapshot info is null. Setting the last applied indexto:(t:0, i:~)
2019-09-25 11:56:57,286 [pool-27-thread-1] INFO  server.RaftServerConfigKeys (ConfUtils.java:logGet(43)) - raft.server.notification.no-leader.timeout = 120s (custom)
2019-09-25 11:56:57,286 [pool-27-thread-1] INFO  server.RaftServerConfigKeys (ConfUtils.java:logGet(43)) - raft.server.log.use.memory = false (default)
2019-09-25 11:56:57,286 [pool-27-thread-1] INFO  server.RaftServerConfigKeys (ConfUtils.java:logGet(43)) - raft.server.log.purge.gap = 1000000 (custom)
2019-09-25 11:56:57,286 [pool-27-thread-1] INFO  server.RaftServerConfigKeys (ConfUtils.java:logGet(43)) - raft.server.log.appender.buffer.byte-limit = 33554432 (custom)
2019-09-25 11:56:57,286 [pool-27-thread-1] INFO  server.RaftServerConfigKeys (ConfUtils.java:logGet(43)) - raft.server.log.segment.size.max = 1048576 (custom)
2019-09-25 11:56:57,286 [pool-27-thread-1] INFO  server.RaftServerConfigKeys (ConfUtils.java:logGet(43)) - raft.server.log.segment.cache.num.max = 2 (custom)
2019-09-25 11:56:57,287 [pool-27-thread-1] INFO  segmented.SegmentedRaftLogWorker (SegmentedRaftLogWorker.java:<init>(172)) - new defb87f9-b552-40ae-8930-8043bdc1fda2@group-41FDE4F91B8A-SegmentedRaftLogWorker for RaftStorage:Storage Directory /workdir/hadoop-ozone/integration-test/target/test-dir/MiniOzoneClusterImpl-79e9daf4-eda6-4046-b710-e1fcaf4daad9/datanode-0/data/ratis/ce77625b-4097-4edb-bc00-41fde4f91b8a
2019-09-25 11:56:57,287 [pool-27-thread-1] INFO  server.RaftServerConfigKeys (ConfUtils.java:logGet(43)) - raft.server.log.queue.byte-limit = 2147483647 (custom)
2019-09-25 11:56:57,287 [pool-27-thread-1] INFO  server.RaftServerConfigKeys (ConfUtils.java:logGet(43)) - raft.server.log.queue.element-limit = 1024 (custom)
2019-09-25 11:56:57,287 [pool-27-thread-1] INFO  server.RaftServerConfigKeys (ConfUtils.java:logGet(43)) - raft.server.log.segment.size.max = 1048576 (custom)
2019-09-25 11:56:57,287 [pool-27-thread-1] INFO  server.RaftServerConfigKeys (ConfUtils.java:logGet(43)) - raft.server.log.preallocated.size = 16384 (custom)
2019-09-25 11:56:57,287 [pool-27-thread-1] INFO  server.RaftServerConfigKeys (ConfUtils.java:logGet(43)) - raft.server.log.write.buffer.size = 33554432 (custom)
2019-09-25 11:56:57,287 [pool-27-thread-1] INFO  server.RaftServerConfigKeys (ConfUtils.java:logGet(43)) - raft.server.log.force.sync.num = 128 (default)
2019-09-25 11:56:57,287 [pool-27-thread-1] INFO  server.RaftServerConfigKeys (ConfUtils.java:logGet(43)) - raft.server.log.statemachine.data.sync = true (default)
2019-09-25 11:56:57,287 [pool-27-thread-1] INFO  server.RaftServerConfigKeys (ConfUtils.java:logGet(43)) - raft.server.log.statemachine.data.sync.timeout = 10s (default)
2019-09-25 11:56:57,288 [pool-27-thread-1] INFO  server.RaftServerConfigKeys (ConfUtils.java:logGet(43)) - raft.server.log.statemachine.data.sync.timeout.retry = -1 (default)
2019-09-25 11:56:57,288 [pool-27-thread-1] INFO  server.RaftServerConfigKeys (ConfUtils.java:logGet(43)) - raft.server.log.statemachine.data.caching.enabled = true (custom)
2019-09-25 11:56:57,288 [pool-27-thread-1] INFO  segmented.SegmentedRaftLogWorker (SegmentedRaftLogWorker.java:lambda$new$0(132)) - defb87f9-b552-40ae-8930-8043bdc1fda2@group-41FDE4F91B8A-SegmentedRaftLogWorker: flushIndex: setUnconditionally 0 -> -1
2019-09-25 11:56:57,288 [pool-27-thread-1] INFO  server.RaftServerConfigKeys (ConfUtils.java:logGet(43)) - raft.server.snapshot.auto.trigger.enabled = true (custom)
2019-09-25 11:56:57,288 [pool-27-thread-1] INFO  server.RaftServerConfigKeys (ConfUtils.java:logGet(43)) - raft.server.snapshot.auto.trigger.threshold = 10000 (custom)
2019-09-25 11:56:57,289 [pool-27-thread-1] INFO  server.RaftServerConfigKeys (ConfUtils.java:logGet(43)) - raft.server.snapshot.retention.num.files = 5 (custom)
2019-09-25 11:56:57,289 [pool-27-thread-1] INFO  server.RaftServerConfigKeys (ConfUtils.java:logGet(43)) - raft.server.retrycache.expirytime = 600000ms (custom)
2019-09-25 11:56:57,291 [pool-27-thread-1] INFO  impl.RaftServerImpl (RaftServerImpl.java:start(185)) - defb87f9-b552-40ae-8930-8043bdc1fda2@group-41FDE4F91B8A: start as a follower, conf=-1: [defb87f9-b552-40ae-8930-8043bdc1fda2:192.168.151.73:36113], old=null
2019-09-25 11:56:57,291 [pool-27-thread-1] INFO  impl.RaftServerImpl (RaftServerImpl.java:setRole(174)) - defb87f9-b552-40ae-8930-8043bdc1fda2@group-41FDE4F91B8A: changes role from      null to FOLLOWER at term 0 for startAsFollower
2019-09-25 11:56:57,292 [pool-27-thread-1] INFO  impl.RoleInfo (RoleInfo.java:updateAndGet(143)) - defb87f9-b552-40ae-8930-8043bdc1fda2: start FollowerState
2019-09-25 11:56:57,292 [pool-27-thread-1] INFO  util.JmxRegister (JmxRegister.java:tryRegister(44)) - Successfully registered JMX Bean with object name Ratis:service=RaftServer,group=group-41FDE4F91B8A,id=defb87f9-b552-40ae-8930-8043bdc1fda2
2019-09-25 11:56:57,302 [RatisPipelineUtilsThread] INFO  pipeline.PipelineStateManager (PipelineStateManager.java:addPipeline(56)) - Created pipeline Pipeline[ Id: ce77625b-4097-4edb-bc00-41fde4f91b8a, Nodes: defb87f9-b552-40ae-8930-8043bdc1fda2{ip: 192.168.151.73, host: pr-hdds-1569-shd4m-3693607622, networkLocation: /default-rack, certSerialId: null}, Type:RATIS, Factor:ONE, State:OPEN]
2019-09-25 11:56:57,313 [grpc-default-executor-0] INFO  impl.RaftServerProxy (RaftServerProxy.java:addNew(89)) - a49539dc-5450-4b38-9858-49dc7b52b4cc: addNew group-534A98EDED96:[a49539dc-5450-4b38-9858-49dc7b52b4cc:192.168.151.73:39048] returns group-534A98EDED96:java.util.concurrent.CompletableFuture@410c660c[Not completed]
2019-09-25 11:56:57,315 [pool-37-thread-1] INFO  impl.RaftServerImpl (RaftServerImpl.java:<init>(95)) - a49539dc-5450-4b38-9858-49dc7b52b4cc: new RaftServerImpl for group-534A98EDED96:[a49539dc-5450-4b38-9858-49dc7b52b4cc:192.168.151.73:39048] with ContainerStateMachine:uninitialized
2019-09-25 11:56:57,315 [pool-37-thread-1] INFO  server.RaftServerConfigKeys (ConfUtils.java:logGet(43)) - raft.server.rpc.timeout.min = 5s (custom)
2019-09-25 11:56:57,315 [pool-37-thread-1] INFO  server.RaftServerConfigKeys (ConfUtils.java:logGet(43)) - raft.server.rpc.timeout.max = 5200ms (custom)
2019-09-25 11:56:57,315 [pool-37-thread-1] INFO  server.RaftServerConfigKeys (ConfUtils.java:logGet(43)) - raft.server.rpcslowness.timeout = 120s (custom)
2019-09-25 11:56:57,316 [pool-37-thread-1] INFO  server.RaftServerConfigKeys (ConfUtils.java:logGet(43)) - raft.server.sleep.deviation.threshold = 300 (default)
2019-09-25 11:56:57,316 [pool-37-thread-1] INFO  server.RaftServerConfigKeys (ConfUtils.java:logGet(43)) - raft.server.log.appender.install.snapshot.enabled = false (custom)
2019-09-25 11:56:57,316 [pool-37-thread-1] INFO  impl.RaftServerImpl (ServerState.java:<init>(103)) - a49539dc-5450-4b38-9858-49dc7b52b4cc@group-534A98EDED96: ConfigurationManager, init=-1: [a49539dc-5450-4b38-9858-49dc7b52b4cc:192.168.151.73:39048], old=null, confs=<EMPTY_MAP>
2019-09-25 11:56:57,316 [pool-37-thread-1] INFO  server.RaftServerConfigKeys (ConfUtils.java:logGet(43)) - raft.server.storage.dir = [/workdir/hadoop-ozone/integration-test/target/test-dir/MiniOzoneClusterImpl-79e9daf4-eda6-4046-b710-e1fcaf4daad9/datanode-1/data/ratis] (custom)
2019-09-25 11:56:57,316 [pool-37-thread-1] INFO  storage.RaftStorageDirectory (RaftStorageDirectory.java:analyzeStorage(246)) - The storage directory /workdir/hadoop-ozone/integration-test/target/test-dir/MiniOzoneClusterImpl-79e9daf4-eda6-4046-b710-e1fcaf4daad9/datanode-1/data/ratis/d0d38c5d-5045-4051-91f8-534a98eded96 does not exist. Creating ...
2019-09-25 11:56:57,320 [pool-37-thread-1] INFO  storage.RaftStorageDirectory (RaftStorageDirectory.java:tryLock(328)) - Lock on /workdir/hadoop-ozone/integration-test/target/test-dir/MiniOzoneClusterImpl-79e9daf4-eda6-4046-b710-e1fcaf4daad9/datanode-1/data/ratis/d0d38c5d-5045-4051-91f8-534a98eded96/in_use.lock acquired by nodename 24979@pr-hdds-1569-shd4m-3693607622
2019-09-25 11:56:57,333 [pool-37-thread-1] INFO  storage.RaftStorage (RaftStorage.java:format(72)) - Storage directory /workdir/hadoop-ozone/integration-test/target/test-dir/MiniOzoneClusterImpl-79e9daf4-eda6-4046-b710-e1fcaf4daad9/datanode-1/data/ratis/d0d38c5d-5045-4051-91f8-534a98eded96 has been successfully formatted.
2019-09-25 11:56:57,334 [pool-37-thread-1] INFO  ratis.ContainerStateMachine (ContainerStateMachine.java:loadSnapshot(230)) - group-534A98EDED96: The snapshot info is null. Setting the last applied indexto:(t:0, i:~)
2019-09-25 11:56:57,334 [pool-37-thread-1] INFO  server.RaftServerConfigKeys (ConfUtils.java:logGet(43)) - raft.server.notification.no-leader.timeout = 120s (custom)
2019-09-25 11:56:57,334 [pool-37-thread-1] INFO  server.RaftServerConfigKeys (ConfUtils.java:logGet(43)) - raft.server.log.use.memory = false (default)
2019-09-25 11:56:57,334 [pool-37-thread-1] INFO  server.RaftServerConfigKeys (ConfUtils.java:logGet(43)) - raft.server.log.purge.gap = 1000000 (custom)
2019-09-25 11:56:57,334 [pool-37-thread-1] INFO  server.RaftServerConfigKeys (ConfUtils.java:logGet(43)) - raft.server.log.appender.buffer.byte-limit = 33554432 (custom)
2019-09-25 11:56:57,334 [pool-37-thread-1] INFO  server.RaftServerConfigKeys (ConfUtils.java:logGet(43)) - raft.server.log.segment.size.max = 1048576 (custom)
2019-09-25 11:56:57,335 [pool-37-thread-1] INFO  server.RaftServerConfigKeys (ConfUtils.java:logGet(43)) - raft.server.log.segment.cache.num.max = 2 (custom)
2019-09-25 11:56:57,335 [pool-37-thread-1] INFO  segmented.SegmentedRaftLogWorker (SegmentedRaftLogWorker.java:<init>(172)) - new a49539dc-5450-4b38-9858-49dc7b52b4cc@group-534A98EDED96-SegmentedRaftLogWorker for RaftStorage:Storage Directory /workdir/hadoop-ozone/integration-test/target/test-dir/MiniOzoneClusterImpl-79e9daf4-eda6-4046-b710-e1fcaf4daad9/datanode-1/data/ratis/d0d38c5d-5045-4051-91f8-534a98eded96
2019-09-25 11:56:57,335 [pool-37-thread-1] INFO  server.RaftServerConfigKeys (ConfUtils.java:logGet(43)) - raft.server.log.queue.byte-limit = 2147483647 (custom)
2019-09-25 11:56:57,335 [pool-37-thread-1] INFO  server.RaftServerConfigKeys (ConfUtils.java:logGet(43)) - raft.server.log.queue.element-limit = 1024 (custom)
2019-09-25 11:56:57,335 [pool-37-thread-1] INFO  server.RaftServerConfigKeys (ConfUtils.java:logGet(43)) - raft.server.log.segment.size.max = 1048576 (custom)
2019-09-25 11:56:57,335 [pool-37-thread-1] INFO  server.RaftServerConfigKeys (ConfUtils.java:logGet(43)) - raft.server.log.preallocated.size = 16384 (custom)
2019-09-25 11:56:57,335 [pool-37-thread-1] INFO  server.RaftServerConfigKeys (ConfUtils.java:logGet(43)) - raft.server.log.write.buffer.size = 33554432 (custom)
2019-09-25 11:56:57,335 [pool-37-thread-1] INFO  server.RaftServerConfigKeys (ConfUtils.java:logGet(43)) - raft.server.log.force.sync.num = 128 (default)
2019-09-25 11:56:57,335 [pool-37-thread-1] INFO  server.RaftServerConfigKeys (ConfUtils.java:logGet(43)) - raft.server.log.statemachine.data.sync = true (default)
2019-09-25 11:56:57,336 [pool-37-thread-1] INFO  server.RaftServerConfigKeys (ConfUtils.java:logGet(43)) - raft.server.log.statemachine.data.sync.timeout = 10s (default)
2019-09-25 11:56:57,336 [pool-37-thread-1] INFO  server.RaftServerConfigKeys (ConfUtils.java:logGet(43)) - raft.server.log.statemachine.data.sync.timeout.retry = -1 (default)
2019-09-25 11:56:57,336 [pool-37-thread-1] INFO  server.RaftServerConfigKeys (ConfUtils.java:logGet(43)) - raft.server.log.statemachine.data.caching.enabled = true (custom)
2019-09-25 11:56:57,336 [pool-37-thread-1] INFO  segmented.SegmentedRaftLogWorker (SegmentedRaftLogWorker.java:lambda$new$0(132)) - a49539dc-5450-4b38-9858-49dc7b52b4cc@group-534A98EDED96-SegmentedRaftLogWorker: flushIndex: setUnconditionally 0 -> -1
2019-09-25 11:56:57,336 [pool-37-thread-1] INFO  server.RaftServerConfigKeys (ConfUtils.java:logGet(43)) - raft.server.snapshot.auto.trigger.enabled = true (custom)
2019-09-25 11:56:57,336 [pool-37-thread-1] INFO  server.RaftServerConfigKeys (ConfUtils.java:logGet(43)) - raft.server.snapshot.auto.trigger.threshold = 10000 (custom)
2019-09-25 11:56:57,337 [pool-37-thread-1] INFO  server.RaftServerConfigKeys (ConfUtils.java:logGet(43)) - raft.server.snapshot.retention.num.files = 5 (custom)
2019-09-25 11:56:57,337 [pool-37-thread-1] INFO  server.RaftServerConfigKeys (ConfUtils.java:logGet(43)) - raft.server.retrycache.expirytime = 600000ms (custom)
2019-09-25 11:56:57,339 [pool-37-thread-1] INFO  impl.RaftServerImpl (RaftServerImpl.java:start(185)) - a49539dc-5450-4b38-9858-49dc7b52b4cc@group-534A98EDED96: start as a follower, conf=-1: [a49539dc-5450-4b38-9858-49dc7b52b4cc:192.168.151.73:39048], old=null
2019-09-25 11:56:57,339 [pool-37-thread-1] INFO  impl.RaftServerImpl (RaftServerImpl.java:setRole(174)) - a49539dc-5450-4b38-9858-49dc7b52b4cc@group-534A98EDED96: changes role from      null to FOLLOWER at term 0 for startAsFollower
2019-09-25 11:56:57,339 [pool-37-thread-1] INFO  impl.RoleInfo (RoleInfo.java:updateAndGet(143)) - a49539dc-5450-4b38-9858-49dc7b52b4cc: start FollowerState
2019-09-25 11:56:57,340 [pool-37-thread-1] INFO  util.JmxRegister (JmxRegister.java:tryRegister(44)) - Successfully registered JMX Bean with object name Ratis:service=RaftServer,group=group-534A98EDED96,id=a49539dc-5450-4b38-9858-49dc7b52b4cc
2019-09-25 11:56:57,351 [RatisPipelineUtilsThread] INFO  pipeline.PipelineStateManager (PipelineStateManager.java:addPipeline(56)) - Created pipeline Pipeline[ Id: d0d38c5d-5045-4051-91f8-534a98eded96, Nodes: a49539dc-5450-4b38-9858-49dc7b52b4cc{ip: 192.168.151.73, host: pr-hdds-1569-shd4m-3693607622, networkLocation: /default-rack, certSerialId: null}, Type:RATIS, Factor:ONE, State:OPEN]
2019-09-25 11:56:57,363 [grpc-default-executor-0] INFO  impl.RaftServerProxy (RaftServerProxy.java:addNew(89)) - defb87f9-b552-40ae-8930-8043bdc1fda2: addNew group-8AC8CF09C0DF:[defb87f9-b552-40ae-8930-8043bdc1fda2:192.168.151.73:36113] returns group-8AC8CF09C0DF:java.util.concurrent.CompletableFuture@9797c57[Not completed]
2019-09-25 11:56:57,365 [pool-27-thread-1] INFO  impl.RaftServerImpl (RaftServerImpl.java:<init>(95)) - defb87f9-b552-40ae-8930-8043bdc1fda2: new RaftServerImpl for group-8AC8CF09C0DF:[defb87f9-b552-40ae-8930-8043bdc1fda2:192.168.151.73:36113] with ContainerStateMachine:uninitialized
2019-09-25 11:56:57,365 [pool-27-thread-1] INFO  server.RaftServerConfigKeys (ConfUtils.java:logGet(43)) - raft.server.rpc.timeout.min = 5s (custom)
2019-09-25 11:56:57,365 [pool-27-thread-1] INFO  server.RaftServerConfigKeys (ConfUtils.java:logGet(43)) - raft.server.rpc.timeout.max = 5200ms (custom)
2019-09-25 11:56:57,366 [pool-27-thread-1] INFO  server.RaftServerConfigKeys (ConfUtils.java:logGet(43)) - raft.server.rpcslowness.timeout = 120s (custom)
2019-09-25 11:56:57,366 [pool-27-thread-1] INFO  server.RaftServerConfigKeys (ConfUtils.java:logGet(43)) - raft.server.sleep.deviation.threshold = 300 (default)
2019-09-25 11:56:57,366 [pool-27-thread-1] INFO  server.RaftServerConfigKeys (ConfUtils.java:logGet(43)) - raft.server.log.appender.install.snapshot.enabled = false (custom)
2019-09-25 11:56:57,366 [pool-27-thread-1] INFO  impl.RaftServerImpl (ServerState.java:<init>(103)) - defb87f9-b552-40ae-8930-8043bdc1fda2@group-8AC8CF09C0DF: ConfigurationManager, init=-1: [defb87f9-b552-40ae-8930-8043bdc1fda2:192.168.151.73:36113], old=null, confs=<EMPTY_MAP>
2019-09-25 11:56:57,366 [pool-27-thread-1] INFO  server.RaftServerConfigKeys (ConfUtils.java:logGet(43)) - raft.server.storage.dir = [/workdir/hadoop-ozone/integration-test/target/test-dir/MiniOzoneClusterImpl-79e9daf4-eda6-4046-b710-e1fcaf4daad9/datanode-0/data/ratis] (custom)
2019-09-25 11:56:57,367 [pool-27-thread-1] INFO  storage.RaftStorageDirectory (RaftStorageDirectory.java:analyzeStorage(246)) - The storage directory /workdir/hadoop-ozone/integration-test/target/test-dir/MiniOzoneClusterImpl-79e9daf4-eda6-4046-b710-e1fcaf4daad9/datanode-0/data/ratis/a7b31b9b-7276-4c23-a0cf-8ac8cf09c0df does not exist. Creating ...
2019-09-25 11:56:57,381 [pool-27-thread-1] INFO  storage.RaftStorageDirectory (RaftStorageDirectory.java:tryLock(328)) - Lock on /workdir/hadoop-ozone/integration-test/target/test-dir/MiniOzoneClusterImpl-79e9daf4-eda6-4046-b710-e1fcaf4daad9/datanode-0/data/ratis/a7b31b9b-7276-4c23-a0cf-8ac8cf09c0df/in_use.lock acquired by nodename 24979@pr-hdds-1569-shd4m-3693607622
2019-09-25 11:56:57,385 [pool-27-thread-1] INFO  storage.RaftStorage (RaftStorage.java:format(72)) - Storage directory /workdir/hadoop-ozone/integration-test/target/test-dir/MiniOzoneClusterImpl-79e9daf4-eda6-4046-b710-e1fcaf4daad9/datanode-0/data/ratis/a7b31b9b-7276-4c23-a0cf-8ac8cf09c0df has been successfully formatted.
2019-09-25 11:56:57,385 [pool-27-thread-1] INFO  ratis.ContainerStateMachine (ContainerStateMachine.java:loadSnapshot(230)) - group-8AC8CF09C0DF: The snapshot info is null. Setting the last applied indexto:(t:0, i:~)
2019-09-25 11:56:57,386 [pool-27-thread-1] INFO  server.RaftServerConfigKeys (ConfUtils.java:logGet(43)) - raft.server.notification.no-leader.timeout = 120s (custom)
2019-09-25 11:56:57,386 [pool-27-thread-1] INFO  server.RaftServerConfigKeys (ConfUtils.java:logGet(43)) - raft.server.log.use.memory = false (default)
2019-09-25 11:56:57,386 [pool-27-thread-1] INFO  server.RaftServerConfigKeys (ConfUtils.java:logGet(43)) - raft.server.log.purge.gap = 1000000 (custom)
2019-09-25 11:56:57,386 [pool-27-thread-1] INFO  server.RaftServerConfigKeys (ConfUtils.java:logGet(43)) - raft.server.log.appender.buffer.byte-limit = 33554432 (custom)
2019-09-25 11:56:57,386 [pool-27-thread-1] INFO  server.RaftServerConfigKeys (ConfUtils.java:logGet(43)) - raft.server.log.segment.size.max = 1048576 (custom)
2019-09-25 11:56:57,386 [pool-27-thread-1] INFO  server.RaftServerConfigKeys (ConfUtils.java:logGet(43)) - raft.server.log.segment.cache.num.max = 2 (custom)
2019-09-25 11:56:57,387 [pool-27-thread-1] INFO  segmented.SegmentedRaftLogWorker (SegmentedRaftLogWorker.java:<init>(172)) - new defb87f9-b552-40ae-8930-8043bdc1fda2@group-8AC8CF09C0DF-SegmentedRaftLogWorker for RaftStorage:Storage Directory /workdir/hadoop-ozone/integration-test/target/test-dir/MiniOzoneClusterImpl-79e9daf4-eda6-4046-b710-e1fcaf4daad9/datanode-0/data/ratis/a7b31b9b-7276-4c23-a0cf-8ac8cf09c0df
2019-09-25 11:56:57,387 [pool-27-thread-1] INFO  server.RaftServerConfigKeys (ConfUtils.java:logGet(43)) - raft.server.log.queue.byte-limit = 2147483647 (custom)
2019-09-25 11:56:57,387 [pool-27-thread-1] INFO  server.RaftServerConfigKeys (ConfUtils.java:logGet(43)) - raft.server.log.queue.element-limit = 1024 (custom)
2019-09-25 11:56:57,387 [pool-27-thread-1] INFO  server.RaftServerConfigKeys (ConfUtils.java:logGet(43)) - raft.server.log.segment.size.max = 1048576 (custom)
2019-09-25 11:56:57,387 [pool-27-thread-1] INFO  server.RaftServerConfigKeys (ConfUtils.java:logGet(43)) - raft.server.log.preallocated.size = 16384 (custom)
2019-09-25 11:56:57,388 [pool-27-thread-1] INFO  server.RaftServerConfigKeys (ConfUtils.java:logGet(43)) - raft.server.log.write.buffer.size = 33554432 (custom)
2019-09-25 11:56:57,388 [pool-27-thread-1] INFO  server.RaftServerConfigKeys (ConfUtils.java:logGet(43)) - raft.server.log.force.sync.num = 128 (default)
2019-09-25 11:56:57,388 [pool-27-thread-1] INFO  server.RaftServerConfigKeys (ConfUtils.java:logGet(43)) - raft.server.log.statemachine.data.sync = true (default)
2019-09-25 11:56:57,388 [pool-27-thread-1] INFO  server.RaftServerConfigKeys (ConfUtils.java:logGet(43)) - raft.server.log.statemachine.data.sync.timeout = 10s (default)
2019-09-25 11:56:57,388 [pool-27-thread-1] INFO  server.RaftServerConfigKeys (ConfUtils.java:logGet(43)) - raft.server.log.statemachine.data.sync.timeout.retry = -1 (default)
2019-09-25 11:56:57,389 [pool-27-thread-1] INFO  server.RaftServerConfigKeys (ConfUtils.java:logGet(43)) - raft.server.log.statemachine.data.caching.enabled = true (custom)
2019-09-25 11:56:57,389 [pool-27-thread-1] INFO  segmented.SegmentedRaftLogWorker (SegmentedRaftLogWorker.java:lambda$new$0(132)) - defb87f9-b552-40ae-8930-8043bdc1fda2@group-8AC8CF09C0DF-SegmentedRaftLogWorker: flushIndex: setUnconditionally 0 -> -1
2019-09-25 11:56:57,389 [pool-27-thread-1] INFO  server.RaftServerConfigKeys (ConfUtils.java:logGet(43)) - raft.server.snapshot.auto.trigger.enabled = true (custom)
2019-09-25 11:56:57,390 [pool-27-thread-1] INFO  server.RaftServerConfigKeys (ConfUtils.java:logGet(43)) - raft.server.snapshot.auto.trigger.threshold = 10000 (custom)
2019-09-25 11:56:57,390 [pool-27-thread-1] INFO  server.RaftServerConfigKeys (ConfUtils.java:logGet(43)) - raft.server.snapshot.retention.num.files = 5 (custom)
2019-09-25 11:56:57,390 [pool-27-thread-1] INFO  server.RaftServerConfigKeys (ConfUtils.java:logGet(43)) - raft.server.retrycache.expirytime = 600000ms (custom)
2019-09-25 11:56:57,397 [pool-27-thread-1] INFO  impl.RaftServerImpl (RaftServerImpl.java:start(185)) - defb87f9-b552-40ae-8930-8043bdc1fda2@group-8AC8CF09C0DF: start as a follower, conf=-1: [defb87f9-b552-40ae-8930-8043bdc1fda2:192.168.151.73:36113], old=null
2019-09-25 11:56:57,397 [pool-27-thread-1] INFO  impl.RaftServerImpl (RaftServerImpl.java:setRole(174)) - defb87f9-b552-40ae-8930-8043bdc1fda2@group-8AC8CF09C0DF: changes role from      null to FOLLOWER at term 0 for startAsFollower
2019-09-25 11:56:57,397 [pool-27-thread-1] INFO  impl.RoleInfo (RoleInfo.java:updateAndGet(143)) - defb87f9-b552-40ae-8930-8043bdc1fda2: start FollowerState
2019-09-25 11:56:57,398 [pool-27-thread-1] INFO  util.JmxRegister (JmxRegister.java:tryRegister(44)) - Successfully registered JMX Bean with object name Ratis:service=RaftServer,group=group-8AC8CF09C0DF,id=defb87f9-b552-40ae-8930-8043bdc1fda2
2019-09-25 11:56:57,407 [RatisPipelineUtilsThread] INFO  pipeline.PipelineStateManager (PipelineStateManager.java:addPipeline(56)) - Created pipeline Pipeline[ Id: a7b31b9b-7276-4c23-a0cf-8ac8cf09c0df, Nodes: defb87f9-b552-40ae-8930-8043bdc1fda2{ip: 192.168.151.73, host: pr-hdds-1569-shd4m-3693607622, networkLocation: /default-rack, certSerialId: null}, Type:RATIS, Factor:ONE, State:OPEN]
2019-09-25 11:56:57,424 [grpc-default-executor-0] INFO  impl.RaftServerProxy (RaftServerProxy.java:addNew(89)) - defb87f9-b552-40ae-8930-8043bdc1fda2: addNew group-B7662CB68A6A:[defb87f9-b552-40ae-8930-8043bdc1fda2:192.168.151.73:36113] returns group-B7662CB68A6A:java.util.concurrent.CompletableFuture@245b241[Not completed]
2019-09-25 11:56:57,426 [pool-27-thread-1] INFO  impl.RaftServerImpl (RaftServerImpl.java:<init>(95)) - defb87f9-b552-40ae-8930-8043bdc1fda2: new RaftServerImpl for group-B7662CB68A6A:[defb87f9-b552-40ae-8930-8043bdc1fda2:192.168.151.73:36113] with ContainerStateMachine:uninitialized
2019-09-25 11:56:57,426 [pool-27-thread-1] INFO  server.RaftServerConfigKeys (ConfUtils.java:logGet(43)) - raft.server.rpc.timeout.min = 5s (custom)
2019-09-25 11:56:57,426 [pool-27-thread-1] INFO  server.RaftServerConfigKeys (ConfUtils.java:logGet(43)) - raft.server.rpc.timeout.max = 5200ms (custom)
2019-09-25 11:56:57,427 [pool-27-thread-1] INFO  server.RaftServerConfigKeys (ConfUtils.java:logGet(43)) - raft.server.rpcslowness.timeout = 120s (custom)
2019-09-25 11:56:57,427 [pool-27-thread-1] INFO  server.RaftServerConfigKeys (ConfUtils.java:logGet(43)) - raft.server.sleep.deviation.threshold = 300 (default)
2019-09-25 11:56:57,427 [pool-27-thread-1] INFO  server.RaftServerConfigKeys (ConfUtils.java:logGet(43)) - raft.server.log.appender.install.snapshot.enabled = false (custom)
2019-09-25 11:56:57,427 [pool-27-thread-1] INFO  impl.RaftServerImpl (ServerState.java:<init>(103)) - defb87f9-b552-40ae-8930-8043bdc1fda2@group-B7662CB68A6A: ConfigurationManager, init=-1: [defb87f9-b552-40ae-8930-8043bdc1fda2:192.168.151.73:36113], old=null, confs=<EMPTY_MAP>
2019-09-25 11:56:57,427 [pool-27-thread-1] INFO  server.RaftServerConfigKeys (ConfUtils.java:logGet(43)) - raft.server.storage.dir = [/workdir/hadoop-ozone/integration-test/target/test-dir/MiniOzoneClusterImpl-79e9daf4-eda6-4046-b710-e1fcaf4daad9/datanode-0/data/ratis] (custom)
2019-09-25 11:56:57,428 [pool-27-thread-1] INFO  storage.RaftStorageDirectory (RaftStorageDirectory.java:analyzeStorage(246)) - The storage directory /workdir/hadoop-ozone/integration-test/target/test-dir/MiniOzoneClusterImpl-79e9daf4-eda6-4046-b710-e1fcaf4daad9/datanode-0/data/ratis/55e168a7-905b-42f2-94b3-b7662cb68a6a does not exist. Creating ...
2019-09-25 11:56:57,440 [pool-27-thread-1] INFO  storage.RaftStorageDirectory (RaftStorageDirectory.java:tryLock(328)) - Lock on /workdir/hadoop-ozone/integration-test/target/test-dir/MiniOzoneClusterImpl-79e9daf4-eda6-4046-b710-e1fcaf4daad9/datanode-0/data/ratis/55e168a7-905b-42f2-94b3-b7662cb68a6a/in_use.lock acquired by nodename 24979@pr-hdds-1569-shd4m-3693607622
2019-09-25 11:56:57,453 [pool-27-thread-1] INFO  storage.RaftStorage (RaftStorage.java:format(72)) - Storage directory /workdir/hadoop-ozone/integration-test/target/test-dir/MiniOzoneClusterImpl-79e9daf4-eda6-4046-b710-e1fcaf4daad9/datanode-0/data/ratis/55e168a7-905b-42f2-94b3-b7662cb68a6a has been successfully formatted.
2019-09-25 11:56:57,454 [pool-27-thread-1] INFO  ratis.ContainerStateMachine (ContainerStateMachine.java:loadSnapshot(230)) - group-B7662CB68A6A: The snapshot info is null. Setting the last applied indexto:(t:0, i:~)
2019-09-25 11:56:57,454 [pool-27-thread-1] INFO  server.RaftServerConfigKeys (ConfUtils.java:logGet(43)) - raft.server.notification.no-leader.timeout = 120s (custom)
2019-09-25 11:56:57,454 [pool-27-thread-1] INFO  server.RaftServerConfigKeys (ConfUtils.java:logGet(43)) - raft.server.log.use.memory = false (default)
2019-09-25 11:56:57,455 [pool-27-thread-1] INFO  server.RaftServerConfigKeys (ConfUtils.java:logGet(43)) - raft.server.log.purge.gap = 1000000 (custom)
2019-09-25 11:56:57,455 [pool-27-thread-1] INFO  server.RaftServerConfigKeys (ConfUtils.java:logGet(43)) - raft.server.log.appender.buffer.byte-limit = 33554432 (custom)
2019-09-25 11:56:57,455 [pool-27-thread-1] INFO  server.RaftServerConfigKeys (ConfUtils.java:logGet(43)) - raft.server.log.segment.size.max = 1048576 (custom)
2019-09-25 11:56:57,455 [pool-27-thread-1] INFO  server.RaftServerConfigKeys (ConfUtils.java:logGet(43)) - raft.server.log.segment.cache.num.max = 2 (custom)
2019-09-25 11:56:57,455 [pool-27-thread-1] INFO  segmented.SegmentedRaftLogWorker (SegmentedRaftLogWorker.java:<init>(172)) - new defb87f9-b552-40ae-8930-8043bdc1fda2@group-B7662CB68A6A-SegmentedRaftLogWorker for RaftStorage:Storage Directory /workdir/hadoop-ozone/integration-test/target/test-dir/MiniOzoneClusterImpl-79e9daf4-eda6-4046-b710-e1fcaf4daad9/datanode-0/data/ratis/55e168a7-905b-42f2-94b3-b7662cb68a6a
2019-09-25 11:56:57,455 [pool-27-thread-1] INFO  server.RaftServerConfigKeys (ConfUtils.java:logGet(43)) - raft.server.log.queue.byte-limit = 2147483647 (custom)
2019-09-25 11:56:57,456 [pool-27-thread-1] INFO  server.RaftServerConfigKeys (ConfUtils.java:logGet(43)) - raft.server.log.queue.element-limit = 1024 (custom)
2019-09-25 11:56:57,456 [pool-27-thread-1] INFO  server.RaftServerConfigKeys (ConfUtils.java:logGet(43)) - raft.server.log.segment.size.max = 1048576 (custom)
2019-09-25 11:56:57,456 [pool-27-thread-1] INFO  server.RaftServerConfigKeys (ConfUtils.java:logGet(43)) - raft.server.log.preallocated.size = 16384 (custom)
2019-09-25 11:56:57,456 [pool-27-thread-1] INFO  server.RaftServerConfigKeys (ConfUtils.java:logGet(43)) - raft.server.log.write.buffer.size = 33554432 (custom)
2019-09-25 11:56:57,456 [pool-27-thread-1] INFO  server.RaftServerConfigKeys (ConfUtils.java:logGet(43)) - raft.server.log.force.sync.num = 128 (default)
2019-09-25 11:56:57,456 [pool-27-thread-1] INFO  server.RaftServerConfigKeys (ConfUtils.java:logGet(43)) - raft.server.log.statemachine.data.sync = true (default)
2019-09-25 11:56:57,457 [pool-27-thread-1] INFO  server.RaftServerConfigKeys (ConfUtils.java:logGet(43)) - raft.server.log.statemachine.data.sync.timeout = 10s (default)
2019-09-25 11:56:57,457 [pool-27-thread-1] INFO  server.RaftServerConfigKeys (ConfUtils.java:logGet(43)) - raft.server.log.statemachine.data.sync.timeout.retry = -1 (default)
2019-09-25 11:56:57,457 [pool-27-thread-1] INFO  server.RaftServerConfigKeys (ConfUtils.java:logGet(43)) - raft.server.log.statemachine.data.caching.enabled = true (custom)
2019-09-25 11:56:57,457 [pool-27-thread-1] INFO  segmented.SegmentedRaftLogWorker (SegmentedRaftLogWorker.java:lambda$new$0(132)) - defb87f9-b552-40ae-8930-8043bdc1fda2@group-B7662CB68A6A-SegmentedRaftLogWorker: flushIndex: setUnconditionally 0 -> -1
2019-09-25 11:56:57,458 [pool-27-thread-1] INFO  server.RaftServerConfigKeys (ConfUtils.java:logGet(43)) - raft.server.snapshot.auto.trigger.enabled = true (custom)
2019-09-25 11:56:57,458 [pool-27-thread-1] INFO  server.RaftServerConfigKeys (ConfUtils.java:logGet(43)) - raft.server.snapshot.auto.trigger.threshold = 10000 (custom)
2019-09-25 11:56:57,458 [pool-27-thread-1] INFO  server.RaftServerConfigKeys (ConfUtils.java:logGet(43)) - raft.server.snapshot.retention.num.files = 5 (custom)
2019-09-25 11:56:57,458 [pool-27-thread-1] INFO  server.RaftServerConfigKeys (ConfUtils.java:logGet(43)) - raft.server.retrycache.expirytime = 600000ms (custom)
2019-09-25 11:56:57,465 [pool-27-thread-1] INFO  impl.RaftServerImpl (RaftServerImpl.java:start(185)) - defb87f9-b552-40ae-8930-8043bdc1fda2@group-B7662CB68A6A: start as a follower, conf=-1: [defb87f9-b552-40ae-8930-8043bdc1fda2:192.168.151.73:36113], old=null
2019-09-25 11:56:57,465 [pool-27-thread-1] INFO  impl.RaftServerImpl (RaftServerImpl.java:setRole(174)) - defb87f9-b552-40ae-8930-8043bdc1fda2@group-B7662CB68A6A: changes role from      null to FOLLOWER at term 0 for startAsFollower
2019-09-25 11:56:57,467 [pool-27-thread-1] INFO  impl.RoleInfo (RoleInfo.java:updateAndGet(143)) - defb87f9-b552-40ae-8930-8043bdc1fda2: start FollowerState
2019-09-25 11:56:57,468 [pool-27-thread-1] INFO  util.JmxRegister (JmxRegister.java:tryRegister(44)) - Successfully registered JMX Bean with object name Ratis:service=RaftServer,group=group-B7662CB68A6A,id=defb87f9-b552-40ae-8930-8043bdc1fda2
2019-09-25 11:56:57,481 [RatisPipelineUtilsThread] INFO  pipeline.PipelineStateManager (PipelineStateManager.java:addPipeline(56)) - Created pipeline Pipeline[ Id: 55e168a7-905b-42f2-94b3-b7662cb68a6a, Nodes: defb87f9-b552-40ae-8930-8043bdc1fda2{ip: 192.168.151.73, host: pr-hdds-1569-shd4m-3693607622, networkLocation: /default-rack, certSerialId: null}, Type:RATIS, Factor:ONE, State:OPEN]
2019-09-25 11:56:57,481 [RatisPipelineUtilsThread] INFO  pipeline.PipelinePlacementPolicy (PipelinePlacementPolicy.java:meetCriteria(91)) - Pipeline Placement: can't place more pipeline on heavy datanode： defb87f9-b552-40ae-8930-8043bdc1fda2 Heaviness: 6 limit: 5
2019-09-25 11:56:57,505 [grpc-default-executor-0] INFO  impl.RaftServerProxy (RaftServerProxy.java:addNew(89)) - a49539dc-5450-4b38-9858-49dc7b52b4cc: addNew group-C84CDD09568A:[a49539dc-5450-4b38-9858-49dc7b52b4cc:192.168.151.73:39048] returns group-C84CDD09568A:java.util.concurrent.CompletableFuture@11c92e2d[Not completed]
2019-09-25 11:56:57,507 [pool-37-thread-1] INFO  impl.RaftServerImpl (RaftServerImpl.java:<init>(95)) - a49539dc-5450-4b38-9858-49dc7b52b4cc: new RaftServerImpl for group-C84CDD09568A:[a49539dc-5450-4b38-9858-49dc7b52b4cc:192.168.151.73:39048] with ContainerStateMachine:uninitialized
2019-09-25 11:56:57,507 [pool-37-thread-1] INFO  server.RaftServerConfigKeys (ConfUtils.java:logGet(43)) - raft.server.rpc.timeout.min = 5s (custom)
2019-09-25 11:56:57,508 [pool-37-thread-1] INFO  server.RaftServerConfigKeys (ConfUtils.java:logGet(43)) - raft.server.rpc.timeout.max = 5200ms (custom)
2019-09-25 11:56:57,508 [pool-37-thread-1] INFO  server.RaftServerConfigKeys (ConfUtils.java:logGet(43)) - raft.server.rpcslowness.timeout = 120s (custom)
2019-09-25 11:56:57,508 [pool-37-thread-1] INFO  server.RaftServerConfigKeys (ConfUtils.java:logGet(43)) - raft.server.sleep.deviation.threshold = 300 (default)
2019-09-25 11:56:57,508 [pool-37-thread-1] INFO  server.RaftServerConfigKeys (ConfUtils.java:logGet(43)) - raft.server.log.appender.install.snapshot.enabled = false (custom)
2019-09-25 11:56:57,508 [pool-37-thread-1] INFO  impl.RaftServerImpl (ServerState.java:<init>(103)) - a49539dc-5450-4b38-9858-49dc7b52b4cc@group-C84CDD09568A: ConfigurationManager, init=-1: [a49539dc-5450-4b38-9858-49dc7b52b4cc:192.168.151.73:39048], old=null, confs=<EMPTY_MAP>
2019-09-25 11:56:57,508 [pool-37-thread-1] INFO  server.RaftServerConfigKeys (ConfUtils.java:logGet(43)) - raft.server.storage.dir = [/workdir/hadoop-ozone/integration-test/target/test-dir/MiniOzoneClusterImpl-79e9daf4-eda6-4046-b710-e1fcaf4daad9/datanode-1/data/ratis] (custom)
2019-09-25 11:56:57,509 [pool-37-thread-1] INFO  storage.RaftStorageDirectory (RaftStorageDirectory.java:analyzeStorage(246)) - The storage directory /workdir/hadoop-ozone/integration-test/target/test-dir/MiniOzoneClusterImpl-79e9daf4-eda6-4046-b710-e1fcaf4daad9/datanode-1/data/ratis/4fa5eea3-6375-48dc-8efb-c84cdd09568a does not exist. Creating ...
2019-09-25 11:56:57,517 [pool-37-thread-1] INFO  storage.RaftStorageDirectory (RaftStorageDirectory.java:tryLock(328)) - Lock on /workdir/hadoop-ozone/integration-test/target/test-dir/MiniOzoneClusterImpl-79e9daf4-eda6-4046-b710-e1fcaf4daad9/datanode-1/data/ratis/4fa5eea3-6375-48dc-8efb-c84cdd09568a/in_use.lock acquired by nodename 24979@pr-hdds-1569-shd4m-3693607622
2019-09-25 11:56:57,520 [pool-37-thread-1] INFO  storage.RaftStorage (RaftStorage.java:format(72)) - Storage directory /workdir/hadoop-ozone/integration-test/target/test-dir/MiniOzoneClusterImpl-79e9daf4-eda6-4046-b710-e1fcaf4daad9/datanode-1/data/ratis/4fa5eea3-6375-48dc-8efb-c84cdd09568a has been successfully formatted.
2019-09-25 11:56:57,521 [pool-37-thread-1] INFO  ratis.ContainerStateMachine (ContainerStateMachine.java:loadSnapshot(230)) - group-C84CDD09568A: The snapshot info is null. Setting the last applied indexto:(t:0, i:~)
2019-09-25 11:56:57,521 [pool-37-thread-1] INFO  server.RaftServerConfigKeys (ConfUtils.java:logGet(43)) - raft.server.notification.no-leader.timeout = 120s (custom)
2019-09-25 11:56:57,521 [pool-37-thread-1] INFO  server.RaftServerConfigKeys (ConfUtils.java:logGet(43)) - raft.server.log.use.memory = false (default)
2019-09-25 11:56:57,521 [pool-37-thread-1] INFO  server.RaftServerConfigKeys (ConfUtils.java:logGet(43)) - raft.server.log.purge.gap = 1000000 (custom)
2019-09-25 11:56:57,521 [pool-37-thread-1] INFO  server.RaftServerConfigKeys (ConfUtils.java:logGet(43)) - raft.server.log.appender.buffer.byte-limit = 33554432 (custom)
2019-09-25 11:56:57,521 [pool-37-thread-1] INFO  server.RaftServerConfigKeys (ConfUtils.java:logGet(43)) - raft.server.log.segment.size.max = 1048576 (custom)
2019-09-25 11:56:57,522 [pool-37-thread-1] INFO  server.RaftServerConfigKeys (ConfUtils.java:logGet(43)) - raft.server.log.segment.cache.num.max = 2 (custom)
2019-09-25 11:56:57,522 [pool-37-thread-1] INFO  segmented.SegmentedRaftLogWorker (SegmentedRaftLogWorker.java:<init>(172)) - new a49539dc-5450-4b38-9858-49dc7b52b4cc@group-C84CDD09568A-SegmentedRaftLogWorker for RaftStorage:Storage Directory /workdir/hadoop-ozone/integration-test/target/test-dir/MiniOzoneClusterImpl-79e9daf4-eda6-4046-b710-e1fcaf4daad9/datanode-1/data/ratis/4fa5eea3-6375-48dc-8efb-c84cdd09568a
2019-09-25 11:56:57,522 [pool-37-thread-1] INFO  server.RaftServerConfigKeys (ConfUtils.java:logGet(43)) - raft.server.log.queue.byte-limit = 2147483647 (custom)
2019-09-25 11:56:57,522 [pool-37-thread-1] INFO  server.RaftServerConfigKeys (ConfUtils.java:logGet(43)) - raft.server.log.queue.element-limit = 1024 (custom)
2019-09-25 11:56:57,522 [pool-37-thread-1] INFO  server.RaftServerConfigKeys (ConfUtils.java:logGet(43)) - raft.server.log.segment.size.max = 1048576 (custom)
2019-09-25 11:56:57,522 [pool-37-thread-1] INFO  server.RaftServerConfigKeys (ConfUtils.java:logGet(43)) - raft.server.log.preallocated.size = 16384 (custom)
2019-09-25 11:56:57,523 [pool-37-thread-1] INFO  server.RaftServerConfigKeys (ConfUtils.java:logGet(43)) - raft.server.log.write.buffer.size = 33554432 (custom)
2019-09-25 11:56:57,523 [pool-37-thread-1] INFO  server.RaftServerConfigKeys (ConfUtils.java:logGet(43)) - raft.server.log.force.sync.num = 128 (default)
2019-09-25 11:56:57,523 [pool-37-thread-1] INFO  server.RaftServerConfigKeys (ConfUtils.java:logGet(43)) - raft.server.log.statemachine.data.sync = true (default)
2019-09-25 11:56:57,523 [pool-37-thread-1] INFO  server.RaftServerConfigKeys (ConfUtils.java:logGet(43)) - raft.server.log.statemachine.data.sync.timeout = 10s (default)
2019-09-25 11:56:57,523 [pool-37-thread-1] INFO  server.RaftServerConfigKeys (ConfUtils.java:logGet(43)) - raft.server.log.statemachine.data.sync.timeout.retry = -1 (default)
2019-09-25 11:56:57,523 [pool-37-thread-1] INFO  server.RaftServerConfigKeys (ConfUtils.java:logGet(43)) - raft.server.log.statemachine.data.caching.enabled = true (custom)
2019-09-25 11:56:57,524 [pool-37-thread-1] INFO  segmented.SegmentedRaftLogWorker (SegmentedRaftLogWorker.java:lambda$new$0(132)) - a49539dc-5450-4b38-9858-49dc7b52b4cc@group-C84CDD09568A-SegmentedRaftLogWorker: flushIndex: setUnconditionally 0 -> -1
2019-09-25 11:56:57,524 [pool-37-thread-1] INFO  server.RaftServerConfigKeys (ConfUtils.java:logGet(43)) - raft.server.snapshot.auto.trigger.enabled = true (custom)
2019-09-25 11:56:57,524 [pool-37-thread-1] INFO  server.RaftServerConfigKeys (ConfUtils.java:logGet(43)) - raft.server.snapshot.auto.trigger.threshold = 10000 (custom)
2019-09-25 11:56:57,524 [pool-37-thread-1] INFO  server.RaftServerConfigKeys (ConfUtils.java:logGet(43)) - raft.server.snapshot.retention.num.files = 5 (custom)
2019-09-25 11:56:57,524 [pool-37-thread-1] INFO  server.RaftServerConfigKeys (ConfUtils.java:logGet(43)) - raft.server.retrycache.expirytime = 600000ms (custom)
2019-09-25 11:56:57,537 [pool-37-thread-1] INFO  impl.RaftServerImpl (RaftServerImpl.java:start(185)) - a49539dc-5450-4b38-9858-49dc7b52b4cc@group-C84CDD09568A: start as a follower, conf=-1: [a49539dc-5450-4b38-9858-49dc7b52b4cc:192.168.151.73:39048], old=null
2019-09-25 11:56:57,537 [pool-37-thread-1] INFO  impl.RaftServerImpl (RaftServerImpl.java:setRole(174)) - a49539dc-5450-4b38-9858-49dc7b52b4cc@group-C84CDD09568A: changes role from      null to FOLLOWER at term 0 for startAsFollower
2019-09-25 11:56:57,537 [pool-37-thread-1] INFO  impl.RoleInfo (RoleInfo.java:updateAndGet(143)) - a49539dc-5450-4b38-9858-49dc7b52b4cc: start FollowerState
2019-09-25 11:56:57,538 [pool-37-thread-1] INFO  util.JmxRegister (JmxRegister.java:tryRegister(44)) - Successfully registered JMX Bean with object name Ratis:service=RaftServer,group=group-C84CDD09568A,id=a49539dc-5450-4b38-9858-49dc7b52b4cc
2019-09-25 11:56:57,556 [RatisPipelineUtilsThread] INFO  pipeline.PipelineStateManager (PipelineStateManager.java:addPipeline(56)) - Created pipeline Pipeline[ Id: 4fa5eea3-6375-48dc-8efb-c84cdd09568a, Nodes: a49539dc-5450-4b38-9858-49dc7b52b4cc{ip: 192.168.151.73, host: pr-hdds-1569-shd4m-3693607622, networkLocation: /default-rack, certSerialId: null}, Type:RATIS, Factor:ONE, State:OPEN]
2019-09-25 11:56:57,556 [RatisPipelineUtilsThread] INFO  pipeline.PipelinePlacementPolicy (PipelinePlacementPolicy.java:meetCriteria(91)) - Pipeline Placement: can't place more pipeline on heavy datanode： defb87f9-b552-40ae-8930-8043bdc1fda2 Heaviness: 6 limit: 5
2019-09-25 11:56:57,567 [grpc-default-executor-0] INFO  impl.RaftServerProxy (RaftServerProxy.java:addNew(89)) - f320213e-69dd-47d7-8b12-80f84f010fc9: addNew group-45F24147A059:[f320213e-69dd-47d7-8b12-80f84f010fc9:192.168.151.73:42702] returns group-45F24147A059:java.util.concurrent.CompletableFuture@42f4e982[Not completed]
2019-09-25 11:56:57,570 [pool-67-thread-1] INFO  impl.RaftServerImpl (RaftServerImpl.java:<init>(95)) - f320213e-69dd-47d7-8b12-80f84f010fc9: new RaftServerImpl for group-45F24147A059:[f320213e-69dd-47d7-8b12-80f84f010fc9:192.168.151.73:42702] with ContainerStateMachine:uninitialized
2019-09-25 11:56:57,570 [pool-67-thread-1] INFO  server.RaftServerConfigKeys (ConfUtils.java:logGet(43)) - raft.server.rpc.timeout.min = 5s (custom)
2019-09-25 11:56:57,570 [pool-67-thread-1] INFO  server.RaftServerConfigKeys (ConfUtils.java:logGet(43)) - raft.server.rpc.timeout.max = 5200ms (custom)
2019-09-25 11:56:57,570 [pool-67-thread-1] INFO  server.RaftServerConfigKeys (ConfUtils.java:logGet(43)) - raft.server.rpcslowness.timeout = 120s (custom)
2019-09-25 11:56:57,570 [pool-67-thread-1] INFO  server.RaftServerConfigKeys (ConfUtils.java:logGet(43)) - raft.server.sleep.deviation.threshold = 300 (default)
2019-09-25 11:56:57,571 [pool-67-thread-1] INFO  server.RaftServerConfigKeys (ConfUtils.java:logGet(43)) - raft.server.log.appender.install.snapshot.enabled = false (custom)
2019-09-25 11:56:57,571 [pool-67-thread-1] INFO  impl.RaftServerImpl (ServerState.java:<init>(103)) - f320213e-69dd-47d7-8b12-80f84f010fc9@group-45F24147A059: ConfigurationManager, init=-1: [f320213e-69dd-47d7-8b12-80f84f010fc9:192.168.151.73:42702], old=null, confs=<EMPTY_MAP>
2019-09-25 11:56:57,571 [pool-67-thread-1] INFO  server.RaftServerConfigKeys (ConfUtils.java:logGet(43)) - raft.server.storage.dir = [/workdir/hadoop-ozone/integration-test/target/test-dir/MiniOzoneClusterImpl-79e9daf4-eda6-4046-b710-e1fcaf4daad9/datanode-4/data/ratis] (custom)
2019-09-25 11:56:57,572 [pool-67-thread-1] INFO  storage.RaftStorageDirectory (RaftStorageDirectory.java:analyzeStorage(246)) - The storage directory /workdir/hadoop-ozone/integration-test/target/test-dir/MiniOzoneClusterImpl-79e9daf4-eda6-4046-b710-e1fcaf4daad9/datanode-4/data/ratis/5bb5377f-d433-4cf4-967c-45f24147a059 does not exist. Creating ...
2019-09-25 11:56:57,592 [pool-67-thread-1] INFO  storage.RaftStorageDirectory (RaftStorageDirectory.java:tryLock(328)) - Lock on /workdir/hadoop-ozone/integration-test/target/test-dir/MiniOzoneClusterImpl-79e9daf4-eda6-4046-b710-e1fcaf4daad9/datanode-4/data/ratis/5bb5377f-d433-4cf4-967c-45f24147a059/in_use.lock acquired by nodename 24979@pr-hdds-1569-shd4m-3693607622
2019-09-25 11:56:57,601 [main] INFO  rpc.RpcClient (RpcClient.java:createVolume(276)) - Creating Volume: testblockoutputstream, with jenkins1000 as owner.
2019-09-25 11:56:57,604 [pool-67-thread-1] INFO  storage.RaftStorage (RaftStorage.java:format(72)) - Storage directory /workdir/hadoop-ozone/integration-test/target/test-dir/MiniOzoneClusterImpl-79e9daf4-eda6-4046-b710-e1fcaf4daad9/datanode-4/data/ratis/5bb5377f-d433-4cf4-967c-45f24147a059 has been successfully formatted.
2019-09-25 11:56:57,604 [pool-67-thread-1] INFO  ratis.ContainerStateMachine (ContainerStateMachine.java:loadSnapshot(230)) - group-45F24147A059: The snapshot info is null. Setting the last applied indexto:(t:0, i:~)
2019-09-25 11:56:57,605 [pool-67-thread-1] INFO  server.RaftServerConfigKeys (ConfUtils.java:logGet(43)) - raft.server.notification.no-leader.timeout = 120s (custom)
2019-09-25 11:56:57,605 [pool-67-thread-1] INFO  server.RaftServerConfigKeys (ConfUtils.java:logGet(43)) - raft.server.log.use.memory = false (default)
2019-09-25 11:56:57,605 [pool-67-thread-1] INFO  server.RaftServerConfigKeys (ConfUtils.java:logGet(43)) - raft.server.log.purge.gap = 1000000 (custom)
2019-09-25 11:56:57,605 [pool-67-thread-1] INFO  server.RaftServerConfigKeys (ConfUtils.java:logGet(43)) - raft.server.log.appender.buffer.byte-limit = 33554432 (custom)
2019-09-25 11:56:57,605 [pool-67-thread-1] INFO  server.RaftServerConfigKeys (ConfUtils.java:logGet(43)) - raft.server.log.segment.size.max = 1048576 (custom)
2019-09-25 11:56:57,605 [pool-67-thread-1] INFO  server.RaftServerConfigKeys (ConfUtils.java:logGet(43)) - raft.server.log.segment.cache.num.max = 2 (custom)
2019-09-25 11:56:57,607 [pool-67-thread-1] INFO  segmented.SegmentedRaftLogWorker (SegmentedRaftLogWorker.java:<init>(172)) - new f320213e-69dd-47d7-8b12-80f84f010fc9@group-45F24147A059-SegmentedRaftLogWorker for RaftStorage:Storage Directory /workdir/hadoop-ozone/integration-test/target/test-dir/MiniOzoneClusterImpl-79e9daf4-eda6-4046-b710-e1fcaf4daad9/datanode-4/data/ratis/5bb5377f-d433-4cf4-967c-45f24147a059
2019-09-25 11:56:57,609 [pool-67-thread-1] INFO  server.RaftServerConfigKeys (ConfUtils.java:logGet(43)) - raft.server.log.queue.byte-limit = 2147483647 (custom)
2019-09-25 11:56:57,619 [pool-67-thread-1] INFO  server.RaftServerConfigKeys (ConfUtils.java:logGet(43)) - raft.server.log.queue.element-limit = 1024 (custom)
2019-09-25 11:56:57,619 [pool-67-thread-1] INFO  server.RaftServerConfigKeys (ConfUtils.java:logGet(43)) - raft.server.log.segment.size.max = 1048576 (custom)
2019-09-25 11:56:57,619 [pool-67-thread-1] INFO  server.RaftServerConfigKeys (ConfUtils.java:logGet(43)) - raft.server.log.preallocated.size = 16384 (custom)
2019-09-25 11:56:57,619 [pool-67-thread-1] INFO  server.RaftServerConfigKeys (ConfUtils.java:logGet(43)) - raft.server.log.write.buffer.size = 33554432 (custom)
2019-09-25 11:56:57,619 [pool-67-thread-1] INFO  server.RaftServerConfigKeys (ConfUtils.java:logGet(43)) - raft.server.log.force.sync.num = 128 (default)
2019-09-25 11:56:57,620 [pool-67-thread-1] INFO  server.RaftServerConfigKeys (ConfUtils.java:logGet(43)) - raft.server.log.statemachine.data.sync = true (default)
2019-09-25 11:56:57,620 [pool-67-thread-1] INFO  server.RaftServerConfigKeys (ConfUtils.java:logGet(43)) - raft.server.log.statemachine.data.sync.timeout = 10s (default)
2019-09-25 11:56:57,620 [pool-67-thread-1] INFO  server.RaftServerConfigKeys (ConfUtils.java:logGet(43)) - raft.server.log.statemachine.data.sync.timeout.retry = -1 (default)
2019-09-25 11:56:57,620 [pool-67-thread-1] INFO  server.RaftServerConfigKeys (ConfUtils.java:logGet(43)) - raft.server.log.statemachine.data.caching.enabled = true (custom)
2019-09-25 11:56:57,621 [pool-67-thread-1] INFO  segmented.SegmentedRaftLogWorker (SegmentedRaftLogWorker.java:lambda$new$0(132)) - f320213e-69dd-47d7-8b12-80f84f010fc9@group-45F24147A059-SegmentedRaftLogWorker: flushIndex: setUnconditionally 0 -> -1
2019-09-25 11:56:57,621 [pool-67-thread-1] INFO  server.RaftServerConfigKeys (ConfUtils.java:logGet(43)) - raft.server.snapshot.auto.trigger.enabled = true (custom)
2019-09-25 11:56:57,621 [pool-67-thread-1] INFO  server.RaftServerConfigKeys (ConfUtils.java:logGet(43)) - raft.server.snapshot.auto.trigger.threshold = 10000 (custom)
2019-09-25 11:56:57,621 [pool-67-thread-1] INFO  server.RaftServerConfigKeys (ConfUtils.java:logGet(43)) - raft.server.snapshot.retention.num.files = 5 (custom)
2019-09-25 11:56:57,621 [pool-67-thread-1] INFO  server.RaftServerConfigKeys (ConfUtils.java:logGet(43)) - raft.server.retrycache.expirytime = 600000ms (custom)
2019-09-25 11:56:57,625 [pool-67-thread-1] INFO  impl.RaftServerImpl (RaftServerImpl.java:start(185)) - f320213e-69dd-47d7-8b12-80f84f010fc9@group-45F24147A059: start as a follower, conf=-1: [f320213e-69dd-47d7-8b12-80f84f010fc9:192.168.151.73:42702], old=null
2019-09-25 11:56:57,625 [pool-67-thread-1] INFO  impl.RaftServerImpl (RaftServerImpl.java:setRole(174)) - f320213e-69dd-47d7-8b12-80f84f010fc9@group-45F24147A059: changes role from      null to FOLLOWER at term 0 for startAsFollower
2019-09-25 11:56:57,625 [pool-67-thread-1] INFO  impl.RoleInfo (RoleInfo.java:updateAndGet(143)) - f320213e-69dd-47d7-8b12-80f84f010fc9: start FollowerState
2019-09-25 11:56:57,626 [pool-67-thread-1] INFO  util.JmxRegister (JmxRegister.java:tryRegister(44)) - Successfully registered JMX Bean with object name Ratis:service=RaftServer,group=group-45F24147A059,id=f320213e-69dd-47d7-8b12-80f84f010fc9
2019-09-25 11:56:57,632 [RatisPipelineUtilsThread] INFO  pipeline.PipelineStateManager (PipelineStateManager.java:addPipeline(56)) - Created pipeline Pipeline[ Id: 5bb5377f-d433-4cf4-967c-45f24147a059, Nodes: f320213e-69dd-47d7-8b12-80f84f010fc9{ip: 192.168.151.73, host: pr-hdds-1569-shd4m-3693607622, networkLocation: /default-rack, certSerialId: null}, Type:RATIS, Factor:ONE, State:OPEN]
2019-09-25 11:56:57,632 [RatisPipelineUtilsThread] INFO  pipeline.PipelinePlacementPolicy (PipelinePlacementPolicy.java:meetCriteria(91)) - Pipeline Placement: can't place more pipeline on heavy datanode： defb87f9-b552-40ae-8930-8043bdc1fda2 Heaviness: 6 limit: 5
2019-09-25 11:56:57,646 [grpc-default-executor-0] INFO  impl.RaftServerProxy (RaftServerProxy.java:addNew(89)) - a49539dc-5450-4b38-9858-49dc7b52b4cc: addNew group-710C4B2F9CDC:[a49539dc-5450-4b38-9858-49dc7b52b4cc:192.168.151.73:39048] returns group-710C4B2F9CDC:java.util.concurrent.CompletableFuture@269c937e[Not completed]
2019-09-25 11:56:57,648 [pool-37-thread-1] INFO  impl.RaftServerImpl (RaftServerImpl.java:<init>(95)) - a49539dc-5450-4b38-9858-49dc7b52b4cc: new RaftServerImpl for group-710C4B2F9CDC:[a49539dc-5450-4b38-9858-49dc7b52b4cc:192.168.151.73:39048] with ContainerStateMachine:uninitialized
2019-09-25 11:56:57,648 [pool-37-thread-1] INFO  server.RaftServerConfigKeys (ConfUtils.java:logGet(43)) - raft.server.rpc.timeout.min = 5s (custom)
2019-09-25 11:56:57,648 [pool-37-thread-1] INFO  server.RaftServerConfigKeys (ConfUtils.java:logGet(43)) - raft.server.rpc.timeout.max = 5200ms (custom)
2019-09-25 11:56:57,649 [pool-37-thread-1] INFO  server.RaftServerConfigKeys (ConfUtils.java:logGet(43)) - raft.server.rpcslowness.timeout = 120s (custom)
2019-09-25 11:56:57,649 [pool-37-thread-1] INFO  server.RaftServerConfigKeys (ConfUtils.java:logGet(43)) - raft.server.sleep.deviation.threshold = 300 (default)
2019-09-25 11:56:57,649 [pool-37-thread-1] INFO  server.RaftServerConfigKeys (ConfUtils.java:logGet(43)) - raft.server.log.appender.install.snapshot.enabled = false (custom)
2019-09-25 11:56:57,649 [pool-37-thread-1] INFO  impl.RaftServerImpl (ServerState.java:<init>(103)) - a49539dc-5450-4b38-9858-49dc7b52b4cc@group-710C4B2F9CDC: ConfigurationManager, init=-1: [a49539dc-5450-4b38-9858-49dc7b52b4cc:192.168.151.73:39048], old=null, confs=<EMPTY_MAP>
2019-09-25 11:56:57,649 [pool-37-thread-1] INFO  server.RaftServerConfigKeys (ConfUtils.java:logGet(43)) - raft.server.storage.dir = [/workdir/hadoop-ozone/integration-test/target/test-dir/MiniOzoneClusterImpl-79e9daf4-eda6-4046-b710-e1fcaf4daad9/datanode-1/data/ratis] (custom)
2019-09-25 11:56:57,650 [pool-37-thread-1] INFO  storage.RaftStorageDirectory (RaftStorageDirectory.java:analyzeStorage(246)) - The storage directory /workdir/hadoop-ozone/integration-test/target/test-dir/MiniOzoneClusterImpl-79e9daf4-eda6-4046-b710-e1fcaf4daad9/datanode-1/data/ratis/fdbd45fb-b9e1-4bf6-acee-710c4b2f9cdc does not exist. Creating ...
2019-09-25 11:56:57,653 [pool-37-thread-1] INFO  storage.RaftStorageDirectory (RaftStorageDirectory.java:tryLock(328)) - Lock on /workdir/hadoop-ozone/integration-test/target/test-dir/MiniOzoneClusterImpl-79e9daf4-eda6-4046-b710-e1fcaf4daad9/datanode-1/data/ratis/fdbd45fb-b9e1-4bf6-acee-710c4b2f9cdc/in_use.lock acquired by nodename 24979@pr-hdds-1569-shd4m-3693607622
2019-09-25 11:56:57,667 [pool-37-thread-1] INFO  storage.RaftStorage (RaftStorage.java:format(72)) - Storage directory /workdir/hadoop-ozone/integration-test/target/test-dir/MiniOzoneClusterImpl-79e9daf4-eda6-4046-b710-e1fcaf4daad9/datanode-1/data/ratis/fdbd45fb-b9e1-4bf6-acee-710c4b2f9cdc has been successfully formatted.
2019-09-25 11:56:57,668 [pool-37-thread-1] INFO  ratis.ContainerStateMachine (ContainerStateMachine.java:loadSnapshot(230)) - group-710C4B2F9CDC: The snapshot info is null. Setting the last applied indexto:(t:0, i:~)
2019-09-25 11:56:57,668 [pool-37-thread-1] INFO  server.RaftServerConfigKeys (ConfUtils.java:logGet(43)) - raft.server.notification.no-leader.timeout = 120s (custom)
2019-09-25 11:56:57,668 [pool-37-thread-1] INFO  server.RaftServerConfigKeys (ConfUtils.java:logGet(43)) - raft.server.log.use.memory = false (default)
2019-09-25 11:56:57,668 [pool-37-thread-1] INFO  server.RaftServerConfigKeys (ConfUtils.java:logGet(43)) - raft.server.log.purge.gap = 1000000 (custom)
2019-09-25 11:56:57,668 [pool-37-thread-1] INFO  server.RaftServerConfigKeys (ConfUtils.java:logGet(43)) - raft.server.log.appender.buffer.byte-limit = 33554432 (custom)
2019-09-25 11:56:57,669 [pool-37-thread-1] INFO  server.RaftServerConfigKeys (ConfUtils.java:logGet(43)) - raft.server.log.segment.size.max = 1048576 (custom)
2019-09-25 11:56:57,669 [pool-37-thread-1] INFO  server.RaftServerConfigKeys (ConfUtils.java:logGet(43)) - raft.server.log.segment.cache.num.max = 2 (custom)
2019-09-25 11:56:57,669 [pool-37-thread-1] INFO  segmented.SegmentedRaftLogWorker (SegmentedRaftLogWorker.java:<init>(172)) - new a49539dc-5450-4b38-9858-49dc7b52b4cc@group-710C4B2F9CDC-SegmentedRaftLogWorker for RaftStorage:Storage Directory /workdir/hadoop-ozone/integration-test/target/test-dir/MiniOzoneClusterImpl-79e9daf4-eda6-4046-b710-e1fcaf4daad9/datanode-1/data/ratis/fdbd45fb-b9e1-4bf6-acee-710c4b2f9cdc
2019-09-25 11:56:57,669 [pool-37-thread-1] INFO  server.RaftServerConfigKeys (ConfUtils.java:logGet(43)) - raft.server.log.queue.byte-limit = 2147483647 (custom)
2019-09-25 11:56:57,669 [pool-37-thread-1] INFO  server.RaftServerConfigKeys (ConfUtils.java:logGet(43)) - raft.server.log.queue.element-limit = 1024 (custom)
2019-09-25 11:56:57,670 [pool-37-thread-1] INFO  server.RaftServerConfigKeys (ConfUtils.java:logGet(43)) - raft.server.log.segment.size.max = 1048576 (custom)
2019-09-25 11:56:57,670 [pool-37-thread-1] INFO  server.RaftServerConfigKeys (ConfUtils.java:logGet(43)) - raft.server.log.preallocated.size = 16384 (custom)
2019-09-25 11:56:57,670 [pool-37-thread-1] INFO  server.RaftServerConfigKeys (ConfUtils.java:logGet(43)) - raft.server.log.write.buffer.size = 33554432 (custom)
2019-09-25 11:56:57,670 [pool-37-thread-1] INFO  server.RaftServerConfigKeys (ConfUtils.java:logGet(43)) - raft.server.log.force.sync.num = 128 (default)
2019-09-25 11:56:57,670 [pool-37-thread-1] INFO  server.RaftServerConfigKeys (ConfUtils.java:logGet(43)) - raft.server.log.statemachine.data.sync = true (default)
2019-09-25 11:56:57,671 [pool-37-thread-1] INFO  server.RaftServerConfigKeys (ConfUtils.java:logGet(43)) - raft.server.log.statemachine.data.sync.timeout = 10s (default)
2019-09-25 11:56:57,671 [pool-37-thread-1] INFO  server.RaftServerConfigKeys (ConfUtils.java:logGet(43)) - raft.server.log.statemachine.data.sync.timeout.retry = -1 (default)
2019-09-25 11:56:57,671 [pool-37-thread-1] INFO  server.RaftServerConfigKeys (ConfUtils.java:logGet(43)) - raft.server.log.statemachine.data.caching.enabled = true (custom)
2019-09-25 11:56:57,672 [pool-37-thread-1] INFO  segmented.SegmentedRaftLogWorker (SegmentedRaftLogWorker.java:lambda$new$0(132)) - a49539dc-5450-4b38-9858-49dc7b52b4cc@group-710C4B2F9CDC-SegmentedRaftLogWorker: flushIndex: setUnconditionally 0 -> -1
2019-09-25 11:56:57,672 [pool-37-thread-1] INFO  server.RaftServerConfigKeys (ConfUtils.java:logGet(43)) - raft.server.snapshot.auto.trigger.enabled = true (custom)
2019-09-25 11:56:57,672 [pool-37-thread-1] INFO  server.RaftServerConfigKeys (ConfUtils.java:logGet(43)) - raft.server.snapshot.auto.trigger.threshold = 10000 (custom)
2019-09-25 11:56:57,672 [pool-37-thread-1] INFO  server.RaftServerConfigKeys (ConfUtils.java:logGet(43)) - raft.server.snapshot.retention.num.files = 5 (custom)
2019-09-25 11:56:57,673 [pool-37-thread-1] INFO  server.RaftServerConfigKeys (ConfUtils.java:logGet(43)) - raft.server.retrycache.expirytime = 600000ms (custom)
2019-09-25 11:56:57,676 [pool-37-thread-1] INFO  impl.RaftServerImpl (RaftServerImpl.java:start(185)) - a49539dc-5450-4b38-9858-49dc7b52b4cc@group-710C4B2F9CDC: start as a follower, conf=-1: [a49539dc-5450-4b38-9858-49dc7b52b4cc:192.168.151.73:39048], old=null
2019-09-25 11:56:57,676 [pool-37-thread-1] INFO  impl.RaftServerImpl (RaftServerImpl.java:setRole(174)) - a49539dc-5450-4b38-9858-49dc7b52b4cc@group-710C4B2F9CDC: changes role from      null to FOLLOWER at term 0 for startAsFollower
2019-09-25 11:56:57,677 [pool-37-thread-1] INFO  impl.RoleInfo (RoleInfo.java:updateAndGet(143)) - a49539dc-5450-4b38-9858-49dc7b52b4cc: start FollowerState
2019-09-25 11:56:57,677 [pool-37-thread-1] INFO  util.JmxRegister (JmxRegister.java:tryRegister(44)) - Successfully registered JMX Bean with object name Ratis:service=RaftServer,group=group-710C4B2F9CDC,id=a49539dc-5450-4b38-9858-49dc7b52b4cc
2019-09-25 11:56:57,686 [RatisPipelineUtilsThread] INFO  pipeline.PipelineStateManager (PipelineStateManager.java:addPipeline(56)) - Created pipeline Pipeline[ Id: fdbd45fb-b9e1-4bf6-acee-710c4b2f9cdc, Nodes: a49539dc-5450-4b38-9858-49dc7b52b4cc{ip: 192.168.151.73, host: pr-hdds-1569-shd4m-3693607622, networkLocation: /default-rack, certSerialId: null}, Type:RATIS, Factor:ONE, State:OPEN]
2019-09-25 11:56:57,686 [RatisPipelineUtilsThread] INFO  pipeline.PipelinePlacementPolicy (PipelinePlacementPolicy.java:meetCriteria(91)) - Pipeline Placement: can't place more pipeline on heavy datanode： defb87f9-b552-40ae-8930-8043bdc1fda2 Heaviness: 6 limit: 5
2019-09-25 11:56:57,697 [grpc-default-executor-0] INFO  impl.RaftServerProxy (RaftServerProxy.java:addNew(89)) - f59fc06d-a561-4bda-9641-bf15daa2d5cc: addNew group-50F9C5143AAA:[f59fc06d-a561-4bda-9641-bf15daa2d5cc:192.168.151.73:36905] returns group-50F9C5143AAA:java.util.concurrent.CompletableFuture@349df912[Not completed]
2019-09-25 11:56:57,700 [pool-47-thread-1] INFO  impl.RaftServerImpl (RaftServerImpl.java:<init>(95)) - f59fc06d-a561-4bda-9641-bf15daa2d5cc: new RaftServerImpl for group-50F9C5143AAA:[f59fc06d-a561-4bda-9641-bf15daa2d5cc:192.168.151.73:36905] with ContainerStateMachine:uninitialized
2019-09-25 11:56:57,700 [pool-47-thread-1] INFO  server.RaftServerConfigKeys (ConfUtils.java:logGet(43)) - raft.server.rpc.timeout.min = 5s (custom)
2019-09-25 11:56:57,700 [pool-47-thread-1] INFO  server.RaftServerConfigKeys (ConfUtils.java:logGet(43)) - raft.server.rpc.timeout.max = 5200ms (custom)
2019-09-25 11:56:57,700 [pool-47-thread-1] INFO  server.RaftServerConfigKeys (ConfUtils.java:logGet(43)) - raft.server.rpcslowness.timeout = 120s (custom)
2019-09-25 11:56:57,701 [pool-47-thread-1] INFO  server.RaftServerConfigKeys (ConfUtils.java:logGet(43)) - raft.server.sleep.deviation.threshold = 300 (default)
2019-09-25 11:56:57,701 [pool-47-thread-1] INFO  server.RaftServerConfigKeys (ConfUtils.java:logGet(43)) - raft.server.log.appender.install.snapshot.enabled = false (custom)
2019-09-25 11:56:57,701 [pool-47-thread-1] INFO  impl.RaftServerImpl (ServerState.java:<init>(103)) - f59fc06d-a561-4bda-9641-bf15daa2d5cc@group-50F9C5143AAA: ConfigurationManager, init=-1: [f59fc06d-a561-4bda-9641-bf15daa2d5cc:192.168.151.73:36905], old=null, confs=<EMPTY_MAP>
2019-09-25 11:56:57,701 [pool-47-thread-1] INFO  server.RaftServerConfigKeys (ConfUtils.java:logGet(43)) - raft.server.storage.dir = [/workdir/hadoop-ozone/integration-test/target/test-dir/MiniOzoneClusterImpl-79e9daf4-eda6-4046-b710-e1fcaf4daad9/datanode-2/data/ratis] (custom)
2019-09-25 11:56:57,701 [pool-47-thread-1] INFO  storage.RaftStorageDirectory (RaftStorageDirectory.java:analyzeStorage(246)) - The storage directory /workdir/hadoop-ozone/integration-test/target/test-dir/MiniOzoneClusterImpl-79e9daf4-eda6-4046-b710-e1fcaf4daad9/datanode-2/data/ratis/816b6e16-a76d-4877-affd-50f9c5143aaa does not exist. Creating ...
2019-09-25 11:56:57,715 [pool-47-thread-1] INFO  storage.RaftStorageDirectory (RaftStorageDirectory.java:tryLock(328)) - Lock on /workdir/hadoop-ozone/integration-test/target/test-dir/MiniOzoneClusterImpl-79e9daf4-eda6-4046-b710-e1fcaf4daad9/datanode-2/data/ratis/816b6e16-a76d-4877-affd-50f9c5143aaa/in_use.lock acquired by nodename 24979@pr-hdds-1569-shd4m-3693607622
2019-09-25 11:56:57,719 [pool-47-thread-1] INFO  storage.RaftStorage (RaftStorage.java:format(72)) - Storage directory /workdir/hadoop-ozone/integration-test/target/test-dir/MiniOzoneClusterImpl-79e9daf4-eda6-4046-b710-e1fcaf4daad9/datanode-2/data/ratis/816b6e16-a76d-4877-affd-50f9c5143aaa has been successfully formatted.
2019-09-25 11:56:57,719 [pool-47-thread-1] INFO  ratis.ContainerStateMachine (ContainerStateMachine.java:loadSnapshot(230)) - group-50F9C5143AAA: The snapshot info is null. Setting the last applied indexto:(t:0, i:~)
2019-09-25 11:56:57,719 [pool-47-thread-1] INFO  server.RaftServerConfigKeys (ConfUtils.java:logGet(43)) - raft.server.notification.no-leader.timeout = 120s (custom)
2019-09-25 11:56:57,719 [pool-47-thread-1] INFO  server.RaftServerConfigKeys (ConfUtils.java:logGet(43)) - raft.server.log.use.memory = false (default)
2019-09-25 11:56:57,719 [pool-47-thread-1] INFO  server.RaftServerConfigKeys (ConfUtils.java:logGet(43)) - raft.server.log.purge.gap = 1000000 (custom)
2019-09-25 11:56:57,720 [pool-47-thread-1] INFO  server.RaftServerConfigKeys (ConfUtils.java:logGet(43)) - raft.server.log.appender.buffer.byte-limit = 33554432 (custom)
2019-09-25 11:56:57,720 [pool-47-thread-1] INFO  server.RaftServerConfigKeys (ConfUtils.java:logGet(43)) - raft.server.log.segment.size.max = 1048576 (custom)
2019-09-25 11:56:57,720 [pool-47-thread-1] INFO  server.RaftServerConfigKeys (ConfUtils.java:logGet(43)) - raft.server.log.segment.cache.num.max = 2 (custom)
2019-09-25 11:56:57,720 [pool-47-thread-1] INFO  segmented.SegmentedRaftLogWorker (SegmentedRaftLogWorker.java:<init>(172)) - new f59fc06d-a561-4bda-9641-bf15daa2d5cc@group-50F9C5143AAA-SegmentedRaftLogWorker for RaftStorage:Storage Directory /workdir/hadoop-ozone/integration-test/target/test-dir/MiniOzoneClusterImpl-79e9daf4-eda6-4046-b710-e1fcaf4daad9/datanode-2/data/ratis/816b6e16-a76d-4877-affd-50f9c5143aaa
2019-09-25 11:56:57,722 [pool-47-thread-1] INFO  server.RaftServerConfigKeys (ConfUtils.java:logGet(43)) - raft.server.log.queue.byte-limit = 2147483647 (custom)
2019-09-25 11:56:57,723 [pool-47-thread-1] INFO  server.RaftServerConfigKeys (ConfUtils.java:logGet(43)) - raft.server.log.queue.element-limit = 1024 (custom)
2019-09-25 11:56:57,723 [pool-47-thread-1] INFO  server.RaftServerConfigKeys (ConfUtils.java:logGet(43)) - raft.server.log.segment.size.max = 1048576 (custom)
2019-09-25 11:56:57,723 [pool-47-thread-1] INFO  server.RaftServerConfigKeys (ConfUtils.java:logGet(43)) - raft.server.log.preallocated.size = 16384 (custom)
2019-09-25 11:56:57,723 [pool-47-thread-1] INFO  server.RaftServerConfigKeys (ConfUtils.java:logGet(43)) - raft.server.log.write.buffer.size = 33554432 (custom)
2019-09-25 11:56:57,723 [pool-47-thread-1] INFO  server.RaftServerConfigKeys (ConfUtils.java:logGet(43)) - raft.server.log.force.sync.num = 128 (default)
2019-09-25 11:56:57,723 [pool-47-thread-1] INFO  server.RaftServerConfigKeys (ConfUtils.java:logGet(43)) - raft.server.log.statemachine.data.sync = true (default)
2019-09-25 11:56:57,724 [pool-47-thread-1] INFO  server.RaftServerConfigKeys (ConfUtils.java:logGet(43)) - raft.server.log.statemachine.data.sync.timeout = 10s (default)
2019-09-25 11:56:57,724 [pool-47-thread-1] INFO  server.RaftServerConfigKeys (ConfUtils.java:logGet(43)) - raft.server.log.statemachine.data.sync.timeout.retry = -1 (default)
2019-09-25 11:56:57,724 [pool-47-thread-1] INFO  server.RaftServerConfigKeys (ConfUtils.java:logGet(43)) - raft.server.log.statemachine.data.caching.enabled = true (custom)
2019-09-25 11:56:57,724 [pool-47-thread-1] INFO  segmented.SegmentedRaftLogWorker (SegmentedRaftLogWorker.java:lambda$new$0(132)) - f59fc06d-a561-4bda-9641-bf15daa2d5cc@group-50F9C5143AAA-SegmentedRaftLogWorker: flushIndex: setUnconditionally 0 -> -1
2019-09-25 11:56:57,724 [pool-47-thread-1] INFO  server.RaftServerConfigKeys (ConfUtils.java:logGet(43)) - raft.server.snapshot.auto.trigger.enabled = true (custom)
2019-09-25 11:56:57,725 [pool-47-thread-1] INFO  server.RaftServerConfigKeys (ConfUtils.java:logGet(43)) - raft.server.snapshot.auto.trigger.threshold = 10000 (custom)
2019-09-25 11:56:57,725 [pool-47-thread-1] INFO  server.RaftServerConfigKeys (ConfUtils.java:logGet(43)) - raft.server.snapshot.retention.num.files = 5 (custom)
2019-09-25 11:56:57,725 [pool-47-thread-1] INFO  server.RaftServerConfigKeys (ConfUtils.java:logGet(43)) - raft.server.retrycache.expirytime = 600000ms (custom)
2019-09-25 11:56:57,727 [pool-47-thread-1] INFO  impl.RaftServerImpl (RaftServerImpl.java:start(185)) - f59fc06d-a561-4bda-9641-bf15daa2d5cc@group-50F9C5143AAA: start as a follower, conf=-1: [f59fc06d-a561-4bda-9641-bf15daa2d5cc:192.168.151.73:36905], old=null
2019-09-25 11:56:57,727 [pool-47-thread-1] INFO  impl.RaftServerImpl (RaftServerImpl.java:setRole(174)) - f59fc06d-a561-4bda-9641-bf15daa2d5cc@group-50F9C5143AAA: changes role from      null to FOLLOWER at term 0 for startAsFollower
2019-09-25 11:56:57,727 [pool-47-thread-1] INFO  impl.RoleInfo (RoleInfo.java:updateAndGet(143)) - f59fc06d-a561-4bda-9641-bf15daa2d5cc: start FollowerState
2019-09-25 11:56:57,728 [pool-47-thread-1] INFO  util.JmxRegister (JmxRegister.java:tryRegister(44)) - Successfully registered JMX Bean with object name Ratis:service=RaftServer,group=group-50F9C5143AAA,id=f59fc06d-a561-4bda-9641-bf15daa2d5cc
2019-09-25 11:56:57,733 [RatisPipelineUtilsThread] INFO  pipeline.PipelineStateManager (PipelineStateManager.java:addPipeline(56)) - Created pipeline Pipeline[ Id: 816b6e16-a76d-4877-affd-50f9c5143aaa, Nodes: f59fc06d-a561-4bda-9641-bf15daa2d5cc{ip: 192.168.151.73, host: pr-hdds-1569-shd4m-3693607622, networkLocation: /default-rack, certSerialId: null}, Type:RATIS, Factor:ONE, State:OPEN]
2019-09-25 11:56:57,733 [RatisPipelineUtilsThread] INFO  pipeline.PipelinePlacementPolicy (PipelinePlacementPolicy.java:meetCriteria(91)) - Pipeline Placement: can't place more pipeline on heavy datanode： defb87f9-b552-40ae-8930-8043bdc1fda2 Heaviness: 6 limit: 5
2019-09-25 11:56:57,738 [IPC Server handler 0 on 35161] INFO  volume.OMVolumeCreateRequest (OMVolumeCreateRequest.java:validateAndUpdateCache(189)) - created volume:testblockoutputstream for user:jenkins1000
2019-09-25 11:56:57,744 [grpc-default-executor-0] INFO  impl.RaftServerProxy (RaftServerProxy.java:addNew(89)) - f59fc06d-a561-4bda-9641-bf15daa2d5cc: addNew group-3972B91324C2:[f59fc06d-a561-4bda-9641-bf15daa2d5cc:192.168.151.73:36905] returns group-3972B91324C2:java.util.concurrent.CompletableFuture@1a8f4bf8[Not completed]
2019-09-25 11:56:57,752 [pool-47-thread-1] INFO  impl.RaftServerImpl (RaftServerImpl.java:<init>(95)) - f59fc06d-a561-4bda-9641-bf15daa2d5cc: new RaftServerImpl for group-3972B91324C2:[f59fc06d-a561-4bda-9641-bf15daa2d5cc:192.168.151.73:36905] with ContainerStateMachine:uninitialized
2019-09-25 11:56:57,753 [pool-47-thread-1] INFO  server.RaftServerConfigKeys (ConfUtils.java:logGet(43)) - raft.server.rpc.timeout.min = 5s (custom)
2019-09-25 11:56:57,753 [pool-47-thread-1] INFO  server.RaftServerConfigKeys (ConfUtils.java:logGet(43)) - raft.server.rpc.timeout.max = 5200ms (custom)
2019-09-25 11:56:57,753 [pool-47-thread-1] INFO  server.RaftServerConfigKeys (ConfUtils.java:logGet(43)) - raft.server.rpcslowness.timeout = 120s (custom)
2019-09-25 11:56:57,753 [pool-47-thread-1] INFO  server.RaftServerConfigKeys (ConfUtils.java:logGet(43)) - raft.server.sleep.deviation.threshold = 300 (default)
2019-09-25 11:56:57,753 [pool-47-thread-1] INFO  server.RaftServerConfigKeys (ConfUtils.java:logGet(43)) - raft.server.log.appender.install.snapshot.enabled = false (custom)
2019-09-25 11:56:57,753 [pool-47-thread-1] INFO  impl.RaftServerImpl (ServerState.java:<init>(103)) - f59fc06d-a561-4bda-9641-bf15daa2d5cc@group-3972B91324C2: ConfigurationManager, init=-1: [f59fc06d-a561-4bda-9641-bf15daa2d5cc:192.168.151.73:36905], old=null, confs=<EMPTY_MAP>
2019-09-25 11:56:57,754 [pool-47-thread-1] INFO  server.RaftServerConfigKeys (ConfUtils.java:logGet(43)) - raft.server.storage.dir = [/workdir/hadoop-ozone/integration-test/target/test-dir/MiniOzoneClusterImpl-79e9daf4-eda6-4046-b710-e1fcaf4daad9/datanode-2/data/ratis] (custom)
2019-09-25 11:56:57,754 [pool-47-thread-1] INFO  storage.RaftStorageDirectory (RaftStorageDirectory.java:analyzeStorage(246)) - The storage directory /workdir/hadoop-ozone/integration-test/target/test-dir/MiniOzoneClusterImpl-79e9daf4-eda6-4046-b710-e1fcaf4daad9/datanode-2/data/ratis/a5696496-b546-4e95-b6bf-3972b91324c2 does not exist. Creating ...
2019-09-25 11:56:57,762 [main] INFO  rpc.RpcClient (RpcClient.java:createBucket(415)) - Creating Bucket: testblockoutputstream/testblockoutputstream, with Versioning false and Storage Type set to DISK and Encryption set to false 
2019-09-25 11:56:57,775 [pool-47-thread-1] INFO  storage.RaftStorageDirectory (RaftStorageDirectory.java:tryLock(328)) - Lock on /workdir/hadoop-ozone/integration-test/target/test-dir/MiniOzoneClusterImpl-79e9daf4-eda6-4046-b710-e1fcaf4daad9/datanode-2/data/ratis/a5696496-b546-4e95-b6bf-3972b91324c2/in_use.lock acquired by nodename 24979@pr-hdds-1569-shd4m-3693607622
2019-09-25 11:56:57,785 [main] INFO  impl.MetricsSystemImpl (MetricsSystemImpl.java:init(158)) - XceiverClientMetrics metrics system started (again)
2019-09-25 11:56:57,789 [pool-47-thread-1] INFO  storage.RaftStorage (RaftStorage.java:format(72)) - Storage directory /workdir/hadoop-ozone/integration-test/target/test-dir/MiniOzoneClusterImpl-79e9daf4-eda6-4046-b710-e1fcaf4daad9/datanode-2/data/ratis/a5696496-b546-4e95-b6bf-3972b91324c2 has been successfully formatted.
2019-09-25 11:56:57,789 [pool-47-thread-1] INFO  ratis.ContainerStateMachine (ContainerStateMachine.java:loadSnapshot(230)) - group-3972B91324C2: The snapshot info is null. Setting the last applied indexto:(t:0, i:~)
2019-09-25 11:56:57,789 [pool-47-thread-1] INFO  server.RaftServerConfigKeys (ConfUtils.java:logGet(43)) - raft.server.notification.no-leader.timeout = 120s (custom)
2019-09-25 11:56:57,789 [pool-47-thread-1] INFO  server.RaftServerConfigKeys (ConfUtils.java:logGet(43)) - raft.server.log.use.memory = false (default)
2019-09-25 11:56:57,790 [pool-47-thread-1] INFO  server.RaftServerConfigKeys (ConfUtils.java:logGet(43)) - raft.server.log.purge.gap = 1000000 (custom)
2019-09-25 11:56:57,792 [pool-47-thread-1] INFO  server.RaftServerConfigKeys (ConfUtils.java:logGet(43)) - raft.server.log.appender.buffer.byte-limit = 33554432 (custom)
2019-09-25 11:56:57,792 [pool-47-thread-1] INFO  server.RaftServerConfigKeys (ConfUtils.java:logGet(43)) - raft.server.log.segment.size.max = 1048576 (custom)
2019-09-25 11:56:57,792 [pool-47-thread-1] INFO  server.RaftServerConfigKeys (ConfUtils.java:logGet(43)) - raft.server.log.segment.cache.num.max = 2 (custom)
2019-09-25 11:56:57,792 [pool-47-thread-1] INFO  segmented.SegmentedRaftLogWorker (SegmentedRaftLogWorker.java:<init>(172)) - new f59fc06d-a561-4bda-9641-bf15daa2d5cc@group-3972B91324C2-SegmentedRaftLogWorker for RaftStorage:Storage Directory /workdir/hadoop-ozone/integration-test/target/test-dir/MiniOzoneClusterImpl-79e9daf4-eda6-4046-b710-e1fcaf4daad9/datanode-2/data/ratis/a5696496-b546-4e95-b6bf-3972b91324c2
2019-09-25 11:56:57,792 [pool-47-thread-1] INFO  server.RaftServerConfigKeys (ConfUtils.java:logGet(43)) - raft.server.log.queue.byte-limit = 2147483647 (custom)
2019-09-25 11:56:57,792 [pool-47-thread-1] INFO  server.RaftServerConfigKeys (ConfUtils.java:logGet(43)) - raft.server.log.queue.element-limit = 1024 (custom)
2019-09-25 11:56:57,792 [pool-47-thread-1] INFO  server.RaftServerConfigKeys (ConfUtils.java:logGet(43)) - raft.server.log.segment.size.max = 1048576 (custom)
2019-09-25 11:56:57,794 [pool-47-thread-1] INFO  server.RaftServerConfigKeys (ConfUtils.java:logGet(43)) - raft.server.log.preallocated.size = 16384 (custom)
2019-09-25 11:56:57,794 [pool-47-thread-1] INFO  server.RaftServerConfigKeys (ConfUtils.java:logGet(43)) - raft.server.log.write.buffer.size = 33554432 (custom)
2019-09-25 11:56:57,794 [pool-47-thread-1] INFO  server.RaftServerConfigKeys (ConfUtils.java:logGet(43)) - raft.server.log.force.sync.num = 128 (default)
2019-09-25 11:56:57,795 [pool-47-thread-1] INFO  server.RaftServerConfigKeys (ConfUtils.java:logGet(43)) - raft.server.log.statemachine.data.sync = true (default)
2019-09-25 11:56:57,795 [pool-47-thread-1] INFO  server.RaftServerConfigKeys (ConfUtils.java:logGet(43)) - raft.server.log.statemachine.data.sync.timeout = 10s (default)
2019-09-25 11:56:57,795 [pool-47-thread-1] INFO  server.RaftServerConfigKeys (ConfUtils.java:logGet(43)) - raft.server.log.statemachine.data.sync.timeout.retry = -1 (default)
2019-09-25 11:56:57,795 [pool-47-thread-1] INFO  server.RaftServerConfigKeys (ConfUtils.java:logGet(43)) - raft.server.log.statemachine.data.caching.enabled = true (custom)
2019-09-25 11:56:57,796 [pool-47-thread-1] INFO  segmented.SegmentedRaftLogWorker (SegmentedRaftLogWorker.java:lambda$new$0(132)) - f59fc06d-a561-4bda-9641-bf15daa2d5cc@group-3972B91324C2-SegmentedRaftLogWorker: flushIndex: setUnconditionally 0 -> -1
2019-09-25 11:56:57,796 [pool-47-thread-1] INFO  server.RaftServerConfigKeys (ConfUtils.java:logGet(43)) - raft.server.snapshot.auto.trigger.enabled = true (custom)
2019-09-25 11:56:57,796 [pool-47-thread-1] INFO  server.RaftServerConfigKeys (ConfUtils.java:logGet(43)) - raft.server.snapshot.auto.trigger.threshold = 10000 (custom)
2019-09-25 11:56:57,796 [pool-47-thread-1] INFO  server.RaftServerConfigKeys (ConfUtils.java:logGet(43)) - raft.server.snapshot.retention.num.files = 5 (custom)
2019-09-25 11:56:57,796 [pool-47-thread-1] INFO  server.RaftServerConfigKeys (ConfUtils.java:logGet(43)) - raft.server.retrycache.expirytime = 600000ms (custom)
2019-09-25 11:56:57,802 [pool-47-thread-1] INFO  impl.RaftServerImpl (RaftServerImpl.java:start(185)) - f59fc06d-a561-4bda-9641-bf15daa2d5cc@group-3972B91324C2: start as a follower, conf=-1: [f59fc06d-a561-4bda-9641-bf15daa2d5cc:192.168.151.73:36905], old=null
2019-09-25 11:56:57,802 [pool-47-thread-1] INFO  impl.RaftServerImpl (RaftServerImpl.java:setRole(174)) - f59fc06d-a561-4bda-9641-bf15daa2d5cc@group-3972B91324C2: changes role from      null to FOLLOWER at term 0 for startAsFollower
2019-09-25 11:56:57,803 [pool-47-thread-1] INFO  impl.RoleInfo (RoleInfo.java:updateAndGet(143)) - f59fc06d-a561-4bda-9641-bf15daa2d5cc: start FollowerState
2019-09-25 11:56:57,803 [pool-47-thread-1] INFO  util.JmxRegister (JmxRegister.java:tryRegister(44)) - Successfully registered JMX Bean with object name Ratis:service=RaftServer,group=group-3972B91324C2,id=f59fc06d-a561-4bda-9641-bf15daa2d5cc
2019-09-25 11:56:57,808 [RatisPipelineUtilsThread] INFO  pipeline.PipelineStateManager (PipelineStateManager.java:addPipeline(56)) - Created pipeline Pipeline[ Id: a5696496-b546-4e95-b6bf-3972b91324c2, Nodes: f59fc06d-a561-4bda-9641-bf15daa2d5cc{ip: 192.168.151.73, host: pr-hdds-1569-shd4m-3693607622, networkLocation: /default-rack, certSerialId: null}, Type:RATIS, Factor:ONE, State:OPEN]
2019-09-25 11:56:57,809 [RatisPipelineUtilsThread] INFO  pipeline.PipelinePlacementPolicy (PipelinePlacementPolicy.java:meetCriteria(91)) - Pipeline Placement: can't place more pipeline on heavy datanode： defb87f9-b552-40ae-8930-8043bdc1fda2 Heaviness: 6 limit: 5
2019-09-25 11:56:57,819 [grpc-default-executor-0] INFO  impl.RaftServerProxy (RaftServerProxy.java:addNew(89)) - a49539dc-5450-4b38-9858-49dc7b52b4cc: addNew group-211BDEFBD79E:[a49539dc-5450-4b38-9858-49dc7b52b4cc:192.168.151.73:39048] returns group-211BDEFBD79E:java.util.concurrent.CompletableFuture@2a9be57b[Not completed]
2019-09-25 11:56:57,822 [pool-37-thread-1] INFO  impl.RaftServerImpl (RaftServerImpl.java:<init>(95)) - a49539dc-5450-4b38-9858-49dc7b52b4cc: new RaftServerImpl for group-211BDEFBD79E:[a49539dc-5450-4b38-9858-49dc7b52b4cc:192.168.151.73:39048] with ContainerStateMachine:uninitialized
2019-09-25 11:56:57,823 [pool-37-thread-1] INFO  server.RaftServerConfigKeys (ConfUtils.java:logGet(43)) - raft.server.rpc.timeout.min = 5s (custom)
2019-09-25 11:56:57,823 [pool-37-thread-1] INFO  server.RaftServerConfigKeys (ConfUtils.java:logGet(43)) - raft.server.rpc.timeout.max = 5200ms (custom)
2019-09-25 11:56:57,823 [pool-37-thread-1] INFO  server.RaftServerConfigKeys (ConfUtils.java:logGet(43)) - raft.server.rpcslowness.timeout = 120s (custom)
2019-09-25 11:56:57,823 [pool-37-thread-1] INFO  server.RaftServerConfigKeys (ConfUtils.java:logGet(43)) - raft.server.sleep.deviation.threshold = 300 (default)
2019-09-25 11:56:57,823 [pool-37-thread-1] INFO  server.RaftServerConfigKeys (ConfUtils.java:logGet(43)) - raft.server.log.appender.install.snapshot.enabled = false (custom)
2019-09-25 11:56:57,823 [pool-37-thread-1] INFO  impl.RaftServerImpl (ServerState.java:<init>(103)) - a49539dc-5450-4b38-9858-49dc7b52b4cc@group-211BDEFBD79E: ConfigurationManager, init=-1: [a49539dc-5450-4b38-9858-49dc7b52b4cc:192.168.151.73:39048], old=null, confs=<EMPTY_MAP>
2019-09-25 11:56:57,823 [pool-37-thread-1] INFO  server.RaftServerConfigKeys (ConfUtils.java:logGet(43)) - raft.server.storage.dir = [/workdir/hadoop-ozone/integration-test/target/test-dir/MiniOzoneClusterImpl-79e9daf4-eda6-4046-b710-e1fcaf4daad9/datanode-1/data/ratis] (custom)
2019-09-25 11:56:57,824 [pool-37-thread-1] INFO  storage.RaftStorageDirectory (RaftStorageDirectory.java:analyzeStorage(246)) - The storage directory /workdir/hadoop-ozone/integration-test/target/test-dir/MiniOzoneClusterImpl-79e9daf4-eda6-4046-b710-e1fcaf4daad9/datanode-1/data/ratis/929044d1-93f0-4d87-a091-211bdefbd79e does not exist. Creating ...
2019-09-25 11:56:58,115 [pool-37-thread-1] INFO  storage.RaftStorageDirectory (RaftStorageDirectory.java:tryLock(328)) - Lock on /workdir/hadoop-ozone/integration-test/target/test-dir/MiniOzoneClusterImpl-79e9daf4-eda6-4046-b710-e1fcaf4daad9/datanode-1/data/ratis/929044d1-93f0-4d87-a091-211bdefbd79e/in_use.lock acquired by nodename 24979@pr-hdds-1569-shd4m-3693607622
2019-09-25 11:56:58,147 [pool-37-thread-1] INFO  storage.RaftStorage (RaftStorage.java:format(72)) - Storage directory /workdir/hadoop-ozone/integration-test/target/test-dir/MiniOzoneClusterImpl-79e9daf4-eda6-4046-b710-e1fcaf4daad9/datanode-1/data/ratis/929044d1-93f0-4d87-a091-211bdefbd79e has been successfully formatted.
2019-09-25 11:56:58,147 [pool-37-thread-1] INFO  ratis.ContainerStateMachine (ContainerStateMachine.java:loadSnapshot(230)) - group-211BDEFBD79E: The snapshot info is null. Setting the last applied indexto:(t:0, i:~)
2019-09-25 11:56:58,148 [pool-37-thread-1] INFO  server.RaftServerConfigKeys (ConfUtils.java:logGet(43)) - raft.server.notification.no-leader.timeout = 120s (custom)
2019-09-25 11:56:58,148 [pool-37-thread-1] INFO  server.RaftServerConfigKeys (ConfUtils.java:logGet(43)) - raft.server.log.use.memory = false (default)
2019-09-25 11:56:58,148 [pool-37-thread-1] INFO  server.RaftServerConfigKeys (ConfUtils.java:logGet(43)) - raft.server.log.purge.gap = 1000000 (custom)
2019-09-25 11:56:58,148 [pool-37-thread-1] INFO  server.RaftServerConfigKeys (ConfUtils.java:logGet(43)) - raft.server.log.appender.buffer.byte-limit = 33554432 (custom)
2019-09-25 11:56:58,148 [pool-37-thread-1] INFO  server.RaftServerConfigKeys (ConfUtils.java:logGet(43)) - raft.server.log.segment.size.max = 1048576 (custom)
2019-09-25 11:56:58,148 [pool-37-thread-1] INFO  server.RaftServerConfigKeys (ConfUtils.java:logGet(43)) - raft.server.log.segment.cache.num.max = 2 (custom)
2019-09-25 11:56:58,149 [pool-37-thread-1] INFO  segmented.SegmentedRaftLogWorker (SegmentedRaftLogWorker.java:<init>(172)) - new a49539dc-5450-4b38-9858-49dc7b52b4cc@group-211BDEFBD79E-SegmentedRaftLogWorker for RaftStorage:Storage Directory /workdir/hadoop-ozone/integration-test/target/test-dir/MiniOzoneClusterImpl-79e9daf4-eda6-4046-b710-e1fcaf4daad9/datanode-1/data/ratis/929044d1-93f0-4d87-a091-211bdefbd79e
2019-09-25 11:56:58,149 [pool-37-thread-1] INFO  server.RaftServerConfigKeys (ConfUtils.java:logGet(43)) - raft.server.log.queue.byte-limit = 2147483647 (custom)
2019-09-25 11:56:58,149 [pool-37-thread-1] INFO  server.RaftServerConfigKeys (ConfUtils.java:logGet(43)) - raft.server.log.queue.element-limit = 1024 (custom)
2019-09-25 11:56:58,149 [pool-37-thread-1] INFO  server.RaftServerConfigKeys (ConfUtils.java:logGet(43)) - raft.server.log.segment.size.max = 1048576 (custom)
2019-09-25 11:56:58,150 [pool-37-thread-1] INFO  server.RaftServerConfigKeys (ConfUtils.java:logGet(43)) - raft.server.log.preallocated.size = 16384 (custom)
2019-09-25 11:56:58,150 [pool-37-thread-1] INFO  server.RaftServerConfigKeys (ConfUtils.java:logGet(43)) - raft.server.log.write.buffer.size = 33554432 (custom)
2019-09-25 11:56:58,150 [pool-37-thread-1] INFO  server.RaftServerConfigKeys (ConfUtils.java:logGet(43)) - raft.server.log.force.sync.num = 128 (default)
2019-09-25 11:56:58,151 [pool-37-thread-1] INFO  server.RaftServerConfigKeys (ConfUtils.java:logGet(43)) - raft.server.log.statemachine.data.sync = true (default)
2019-09-25 11:56:58,151 [pool-37-thread-1] INFO  server.RaftServerConfigKeys (ConfUtils.java:logGet(43)) - raft.server.log.statemachine.data.sync.timeout = 10s (default)
2019-09-25 11:56:58,151 [pool-37-thread-1] INFO  server.RaftServerConfigKeys (ConfUtils.java:logGet(43)) - raft.server.log.statemachine.data.sync.timeout.retry = -1 (default)
2019-09-25 11:56:58,151 [pool-37-thread-1] INFO  server.RaftServerConfigKeys (ConfUtils.java:logGet(43)) - raft.server.log.statemachine.data.caching.enabled = true (custom)
2019-09-25 11:56:58,151 [pool-37-thread-1] INFO  segmented.SegmentedRaftLogWorker (SegmentedRaftLogWorker.java:lambda$new$0(132)) - a49539dc-5450-4b38-9858-49dc7b52b4cc@group-211BDEFBD79E-SegmentedRaftLogWorker: flushIndex: setUnconditionally 0 -> -1
2019-09-25 11:56:58,152 [pool-37-thread-1] INFO  server.RaftServerConfigKeys (ConfUtils.java:logGet(43)) - raft.server.snapshot.auto.trigger.enabled = true (custom)
2019-09-25 11:56:58,152 [pool-37-thread-1] INFO  server.RaftServerConfigKeys (ConfUtils.java:logGet(43)) - raft.server.snapshot.auto.trigger.threshold = 10000 (custom)
2019-09-25 11:56:58,152 [pool-37-thread-1] INFO  server.RaftServerConfigKeys (ConfUtils.java:logGet(43)) - raft.server.snapshot.retention.num.files = 5 (custom)
2019-09-25 11:56:58,152 [pool-37-thread-1] INFO  server.RaftServerConfigKeys (ConfUtils.java:logGet(43)) - raft.server.retrycache.expirytime = 600000ms (custom)
2019-09-25 11:56:58,155 [pool-37-thread-1] INFO  impl.RaftServerImpl (RaftServerImpl.java:start(185)) - a49539dc-5450-4b38-9858-49dc7b52b4cc@group-211BDEFBD79E: start as a follower, conf=-1: [a49539dc-5450-4b38-9858-49dc7b52b4cc:192.168.151.73:39048], old=null
2019-09-25 11:56:58,155 [pool-37-thread-1] INFO  impl.RaftServerImpl (RaftServerImpl.java:setRole(174)) - a49539dc-5450-4b38-9858-49dc7b52b4cc@group-211BDEFBD79E: changes role from      null to FOLLOWER at term 0 for startAsFollower
2019-09-25 11:56:58,155 [pool-37-thread-1] INFO  impl.RoleInfo (RoleInfo.java:updateAndGet(143)) - a49539dc-5450-4b38-9858-49dc7b52b4cc: start FollowerState
2019-09-25 11:56:58,156 [pool-37-thread-1] INFO  util.JmxRegister (JmxRegister.java:tryRegister(44)) - Successfully registered JMX Bean with object name Ratis:service=RaftServer,group=group-211BDEFBD79E,id=a49539dc-5450-4b38-9858-49dc7b52b4cc
2019-09-25 11:56:58,186 [RatisPipelineUtilsThread] INFO  pipeline.PipelineStateManager (PipelineStateManager.java:addPipeline(56)) - Created pipeline Pipeline[ Id: 929044d1-93f0-4d87-a091-211bdefbd79e, Nodes: a49539dc-5450-4b38-9858-49dc7b52b4cc{ip: 192.168.151.73, host: pr-hdds-1569-shd4m-3693607622, networkLocation: /default-rack, certSerialId: null}, Type:RATIS, Factor:ONE, State:OPEN]
2019-09-25 11:56:58,186 [RatisPipelineUtilsThread] INFO  pipeline.PipelinePlacementPolicy (PipelinePlacementPolicy.java:meetCriteria(91)) - Pipeline Placement: can't place more pipeline on heavy datanode： defb87f9-b552-40ae-8930-8043bdc1fda2 Heaviness: 6 limit: 5
2019-09-25 11:56:58,213 [grpc-default-executor-0] INFO  impl.RaftServerProxy (RaftServerProxy.java:addNew(89)) - 7361a01f-3bcc-4a30-b80f-3806f83048f3: addNew group-F012BF46D53D:[7361a01f-3bcc-4a30-b80f-3806f83048f3:192.168.151.73:35812] returns group-F012BF46D53D:java.util.concurrent.CompletableFuture@27eeb35f[Not completed]
2019-09-25 11:56:58,216 [pool-57-thread-1] INFO  impl.RaftServerImpl (RaftServerImpl.java:<init>(95)) - 7361a01f-3bcc-4a30-b80f-3806f83048f3: new RaftServerImpl for group-F012BF46D53D:[7361a01f-3bcc-4a30-b80f-3806f83048f3:192.168.151.73:35812] with ContainerStateMachine:uninitialized
2019-09-25 11:56:58,217 [pool-57-thread-1] INFO  server.RaftServerConfigKeys (ConfUtils.java:logGet(43)) - raft.server.rpc.timeout.min = 5s (custom)
2019-09-25 11:56:58,217 [pool-57-thread-1] INFO  server.RaftServerConfigKeys (ConfUtils.java:logGet(43)) - raft.server.rpc.timeout.max = 5200ms (custom)
2019-09-25 11:56:58,217 [pool-57-thread-1] INFO  server.RaftServerConfigKeys (ConfUtils.java:logGet(43)) - raft.server.rpcslowness.timeout = 120s (custom)
2019-09-25 11:56:58,217 [pool-57-thread-1] INFO  server.RaftServerConfigKeys (ConfUtils.java:logGet(43)) - raft.server.sleep.deviation.threshold = 300 (default)
2019-09-25 11:56:58,217 [pool-57-thread-1] INFO  server.RaftServerConfigKeys (ConfUtils.java:logGet(43)) - raft.server.log.appender.install.snapshot.enabled = false (custom)
2019-09-25 11:56:58,217 [pool-57-thread-1] INFO  impl.RaftServerImpl (ServerState.java:<init>(103)) - 7361a01f-3bcc-4a30-b80f-3806f83048f3@group-F012BF46D53D: ConfigurationManager, init=-1: [7361a01f-3bcc-4a30-b80f-3806f83048f3:192.168.151.73:35812], old=null, confs=<EMPTY_MAP>
2019-09-25 11:56:58,217 [pool-57-thread-1] INFO  server.RaftServerConfigKeys (ConfUtils.java:logGet(43)) - raft.server.storage.dir = [/workdir/hadoop-ozone/integration-test/target/test-dir/MiniOzoneClusterImpl-79e9daf4-eda6-4046-b710-e1fcaf4daad9/datanode-3/data/ratis] (custom)
2019-09-25 11:56:58,218 [pool-57-thread-1] INFO  storage.RaftStorageDirectory (RaftStorageDirectory.java:analyzeStorage(246)) - The storage directory /workdir/hadoop-ozone/integration-test/target/test-dir/MiniOzoneClusterImpl-79e9daf4-eda6-4046-b710-e1fcaf4daad9/datanode-3/data/ratis/99c423cc-df56-4c33-850e-f012bf46d53d does not exist. Creating ...
2019-09-25 11:56:58,235 [pool-57-thread-1] INFO  storage.RaftStorageDirectory (RaftStorageDirectory.java:tryLock(328)) - Lock on /workdir/hadoop-ozone/integration-test/target/test-dir/MiniOzoneClusterImpl-79e9daf4-eda6-4046-b710-e1fcaf4daad9/datanode-3/data/ratis/99c423cc-df56-4c33-850e-f012bf46d53d/in_use.lock acquired by nodename 24979@pr-hdds-1569-shd4m-3693607622
2019-09-25 11:56:58,247 [pool-57-thread-1] INFO  storage.RaftStorage (RaftStorage.java:format(72)) - Storage directory /workdir/hadoop-ozone/integration-test/target/test-dir/MiniOzoneClusterImpl-79e9daf4-eda6-4046-b710-e1fcaf4daad9/datanode-3/data/ratis/99c423cc-df56-4c33-850e-f012bf46d53d has been successfully formatted.
2019-09-25 11:56:58,247 [pool-57-thread-1] INFO  ratis.ContainerStateMachine (ContainerStateMachine.java:loadSnapshot(230)) - group-F012BF46D53D: The snapshot info is null. Setting the last applied indexto:(t:0, i:~)
2019-09-25 11:56:58,248 [pool-57-thread-1] INFO  server.RaftServerConfigKeys (ConfUtils.java:logGet(43)) - raft.server.notification.no-leader.timeout = 120s (custom)
2019-09-25 11:56:58,248 [pool-57-thread-1] INFO  server.RaftServerConfigKeys (ConfUtils.java:logGet(43)) - raft.server.log.use.memory = false (default)
2019-09-25 11:56:58,248 [pool-57-thread-1] INFO  server.RaftServerConfigKeys (ConfUtils.java:logGet(43)) - raft.server.log.purge.gap = 1000000 (custom)
2019-09-25 11:56:58,248 [pool-57-thread-1] INFO  server.RaftServerConfigKeys (ConfUtils.java:logGet(43)) - raft.server.log.appender.buffer.byte-limit = 33554432 (custom)
2019-09-25 11:56:58,248 [pool-57-thread-1] INFO  server.RaftServerConfigKeys (ConfUtils.java:logGet(43)) - raft.server.log.segment.size.max = 1048576 (custom)
2019-09-25 11:56:58,248 [pool-57-thread-1] INFO  server.RaftServerConfigKeys (ConfUtils.java:logGet(43)) - raft.server.log.segment.cache.num.max = 2 (custom)
2019-09-25 11:56:58,248 [pool-57-thread-1] INFO  segmented.SegmentedRaftLogWorker (SegmentedRaftLogWorker.java:<init>(172)) - new 7361a01f-3bcc-4a30-b80f-3806f83048f3@group-F012BF46D53D-SegmentedRaftLogWorker for RaftStorage:Storage Directory /workdir/hadoop-ozone/integration-test/target/test-dir/MiniOzoneClusterImpl-79e9daf4-eda6-4046-b710-e1fcaf4daad9/datanode-3/data/ratis/99c423cc-df56-4c33-850e-f012bf46d53d
2019-09-25 11:56:58,250 [pool-57-thread-1] INFO  server.RaftServerConfigKeys (ConfUtils.java:logGet(43)) - raft.server.log.queue.byte-limit = 2147483647 (custom)
2019-09-25 11:56:58,250 [pool-57-thread-1] INFO  server.RaftServerConfigKeys (ConfUtils.java:logGet(43)) - raft.server.log.queue.element-limit = 1024 (custom)
2019-09-25 11:56:58,250 [pool-57-thread-1] INFO  server.RaftServerConfigKeys (ConfUtils.java:logGet(43)) - raft.server.log.segment.size.max = 1048576 (custom)
2019-09-25 11:56:58,250 [pool-57-thread-1] INFO  server.RaftServerConfigKeys (ConfUtils.java:logGet(43)) - raft.server.log.preallocated.size = 16384 (custom)
2019-09-25 11:56:58,251 [pool-57-thread-1] INFO  server.RaftServerConfigKeys (ConfUtils.java:logGet(43)) - raft.server.log.write.buffer.size = 33554432 (custom)
2019-09-25 11:56:58,251 [pool-57-thread-1] INFO  server.RaftServerConfigKeys (ConfUtils.java:logGet(43)) - raft.server.log.force.sync.num = 128 (default)
2019-09-25 11:56:58,251 [pool-57-thread-1] INFO  server.RaftServerConfigKeys (ConfUtils.java:logGet(43)) - raft.server.log.statemachine.data.sync = true (default)
2019-09-25 11:56:58,251 [pool-57-thread-1] INFO  server.RaftServerConfigKeys (ConfUtils.java:logGet(43)) - raft.server.log.statemachine.data.sync.timeout = 10s (default)
2019-09-25 11:56:58,251 [pool-57-thread-1] INFO  server.RaftServerConfigKeys (ConfUtils.java:logGet(43)) - raft.server.log.statemachine.data.sync.timeout.retry = -1 (default)
2019-09-25 11:56:58,251 [pool-57-thread-1] INFO  server.RaftServerConfigKeys (ConfUtils.java:logGet(43)) - raft.server.log.statemachine.data.caching.enabled = true (custom)
2019-09-25 11:56:58,251 [pool-57-thread-1] INFO  segmented.SegmentedRaftLogWorker (SegmentedRaftLogWorker.java:lambda$new$0(132)) - 7361a01f-3bcc-4a30-b80f-3806f83048f3@group-F012BF46D53D-SegmentedRaftLogWorker: flushIndex: setUnconditionally 0 -> -1
2019-09-25 11:56:58,252 [pool-57-thread-1] INFO  server.RaftServerConfigKeys (ConfUtils.java:logGet(43)) - raft.server.snapshot.auto.trigger.enabled = true (custom)
2019-09-25 11:56:58,252 [pool-57-thread-1] INFO  server.RaftServerConfigKeys (ConfUtils.java:logGet(43)) - raft.server.snapshot.auto.trigger.threshold = 10000 (custom)
2019-09-25 11:56:58,252 [pool-57-thread-1] INFO  server.RaftServerConfigKeys (ConfUtils.java:logGet(43)) - raft.server.snapshot.retention.num.files = 5 (custom)
2019-09-25 11:56:58,252 [pool-57-thread-1] INFO  server.RaftServerConfigKeys (ConfUtils.java:logGet(43)) - raft.server.retrycache.expirytime = 600000ms (custom)
2019-09-25 11:56:58,254 [pool-57-thread-1] INFO  impl.RaftServerImpl (RaftServerImpl.java:start(185)) - 7361a01f-3bcc-4a30-b80f-3806f83048f3@group-F012BF46D53D: start as a follower, conf=-1: [7361a01f-3bcc-4a30-b80f-3806f83048f3:192.168.151.73:35812], old=null
2019-09-25 11:56:58,254 [pool-57-thread-1] INFO  impl.RaftServerImpl (RaftServerImpl.java:setRole(174)) - 7361a01f-3bcc-4a30-b80f-3806f83048f3@group-F012BF46D53D: changes role from      null to FOLLOWER at term 0 for startAsFollower
2019-09-25 11:56:58,254 [pool-57-thread-1] INFO  impl.RoleInfo (RoleInfo.java:updateAndGet(143)) - 7361a01f-3bcc-4a30-b80f-3806f83048f3: start FollowerState
2019-09-25 11:56:58,263 [pool-57-thread-1] INFO  util.JmxRegister (JmxRegister.java:tryRegister(44)) - Successfully registered JMX Bean with object name Ratis:service=RaftServer,group=group-F012BF46D53D,id=7361a01f-3bcc-4a30-b80f-3806f83048f3
2019-09-25 11:56:58,284 [RatisPipelineUtilsThread] INFO  pipeline.PipelineStateManager (PipelineStateManager.java:addPipeline(56)) - Created pipeline Pipeline[ Id: 99c423cc-df56-4c33-850e-f012bf46d53d, Nodes: 7361a01f-3bcc-4a30-b80f-3806f83048f3{ip: 192.168.151.73, host: pr-hdds-1569-shd4m-3693607622, networkLocation: /default-rack, certSerialId: null}, Type:RATIS, Factor:ONE, State:OPEN]
2019-09-25 11:56:58,285 [RatisPipelineUtilsThread] INFO  pipeline.PipelinePlacementPolicy (PipelinePlacementPolicy.java:meetCriteria(91)) - Pipeline Placement: can't place more pipeline on heavy datanode： defb87f9-b552-40ae-8930-8043bdc1fda2 Heaviness: 6 limit: 5
2019-09-25 11:56:58,295 [grpc-default-executor-0] INFO  impl.RaftServerProxy (RaftServerProxy.java:addNew(89)) - a49539dc-5450-4b38-9858-49dc7b52b4cc: addNew group-750505F72EDC:[a49539dc-5450-4b38-9858-49dc7b52b4cc:192.168.151.73:39048] returns group-750505F72EDC:java.util.concurrent.CompletableFuture@22089419[Not completed]
2019-09-25 11:56:58,296 [pool-37-thread-1] INFO  impl.RaftServerImpl (RaftServerImpl.java:<init>(95)) - a49539dc-5450-4b38-9858-49dc7b52b4cc: new RaftServerImpl for group-750505F72EDC:[a49539dc-5450-4b38-9858-49dc7b52b4cc:192.168.151.73:39048] with ContainerStateMachine:uninitialized
2019-09-25 11:56:58,296 [pool-37-thread-1] INFO  server.RaftServerConfigKeys (ConfUtils.java:logGet(43)) - raft.server.rpc.timeout.min = 5s (custom)
2019-09-25 11:56:58,296 [pool-37-thread-1] INFO  server.RaftServerConfigKeys (ConfUtils.java:logGet(43)) - raft.server.rpc.timeout.max = 5200ms (custom)
2019-09-25 11:56:58,296 [pool-37-thread-1] INFO  server.RaftServerConfigKeys (ConfUtils.java:logGet(43)) - raft.server.rpcslowness.timeout = 120s (custom)
2019-09-25 11:56:58,297 [pool-37-thread-1] INFO  server.RaftServerConfigKeys (ConfUtils.java:logGet(43)) - raft.server.sleep.deviation.threshold = 300 (default)
2019-09-25 11:56:58,297 [pool-37-thread-1] INFO  server.RaftServerConfigKeys (ConfUtils.java:logGet(43)) - raft.server.log.appender.install.snapshot.enabled = false (custom)
2019-09-25 11:56:58,297 [pool-37-thread-1] INFO  impl.RaftServerImpl (ServerState.java:<init>(103)) - a49539dc-5450-4b38-9858-49dc7b52b4cc@group-750505F72EDC: ConfigurationManager, init=-1: [a49539dc-5450-4b38-9858-49dc7b52b4cc:192.168.151.73:39048], old=null, confs=<EMPTY_MAP>
2019-09-25 11:56:58,297 [pool-37-thread-1] INFO  server.RaftServerConfigKeys (ConfUtils.java:logGet(43)) - raft.server.storage.dir = [/workdir/hadoop-ozone/integration-test/target/test-dir/MiniOzoneClusterImpl-79e9daf4-eda6-4046-b710-e1fcaf4daad9/datanode-1/data/ratis] (custom)
2019-09-25 11:56:58,297 [pool-37-thread-1] INFO  storage.RaftStorageDirectory (RaftStorageDirectory.java:analyzeStorage(246)) - The storage directory /workdir/hadoop-ozone/integration-test/target/test-dir/MiniOzoneClusterImpl-79e9daf4-eda6-4046-b710-e1fcaf4daad9/datanode-1/data/ratis/f132a7d0-2641-49e9-8e83-750505f72edc does not exist. Creating ...
2019-09-25 11:56:58,335 [pool-37-thread-1] INFO  storage.RaftStorageDirectory (RaftStorageDirectory.java:tryLock(328)) - Lock on /workdir/hadoop-ozone/integration-test/target/test-dir/MiniOzoneClusterImpl-79e9daf4-eda6-4046-b710-e1fcaf4daad9/datanode-1/data/ratis/f132a7d0-2641-49e9-8e83-750505f72edc/in_use.lock acquired by nodename 24979@pr-hdds-1569-shd4m-3693607622
2019-09-25 11:56:58,350 [pool-37-thread-1] INFO  storage.RaftStorage (RaftStorage.java:format(72)) - Storage directory /workdir/hadoop-ozone/integration-test/target/test-dir/MiniOzoneClusterImpl-79e9daf4-eda6-4046-b710-e1fcaf4daad9/datanode-1/data/ratis/f132a7d0-2641-49e9-8e83-750505f72edc has been successfully formatted.
2019-09-25 11:56:58,350 [pool-37-thread-1] INFO  ratis.ContainerStateMachine (ContainerStateMachine.java:loadSnapshot(230)) - group-750505F72EDC: The snapshot info is null. Setting the last applied indexto:(t:0, i:~)
2019-09-25 11:56:58,350 [pool-37-thread-1] INFO  server.RaftServerConfigKeys (ConfUtils.java:logGet(43)) - raft.server.notification.no-leader.timeout = 120s (custom)
2019-09-25 11:56:58,350 [pool-37-thread-1] INFO  server.RaftServerConfigKeys (ConfUtils.java:logGet(43)) - raft.server.log.use.memory = false (default)
2019-09-25 11:56:58,350 [pool-37-thread-1] INFO  server.RaftServerConfigKeys (ConfUtils.java:logGet(43)) - raft.server.log.purge.gap = 1000000 (custom)
2019-09-25 11:56:58,351 [pool-37-thread-1] INFO  server.RaftServerConfigKeys (ConfUtils.java:logGet(43)) - raft.server.log.appender.buffer.byte-limit = 33554432 (custom)
2019-09-25 11:56:58,351 [pool-37-thread-1] INFO  server.RaftServerConfigKeys (ConfUtils.java:logGet(43)) - raft.server.log.segment.size.max = 1048576 (custom)
2019-09-25 11:56:58,351 [pool-37-thread-1] INFO  server.RaftServerConfigKeys (ConfUtils.java:logGet(43)) - raft.server.log.segment.cache.num.max = 2 (custom)
2019-09-25 11:56:58,351 [pool-37-thread-1] INFO  segmented.SegmentedRaftLogWorker (SegmentedRaftLogWorker.java:<init>(172)) - new a49539dc-5450-4b38-9858-49dc7b52b4cc@group-750505F72EDC-SegmentedRaftLogWorker for RaftStorage:Storage Directory /workdir/hadoop-ozone/integration-test/target/test-dir/MiniOzoneClusterImpl-79e9daf4-eda6-4046-b710-e1fcaf4daad9/datanode-1/data/ratis/f132a7d0-2641-49e9-8e83-750505f72edc
2019-09-25 11:56:58,351 [pool-37-thread-1] INFO  server.RaftServerConfigKeys (ConfUtils.java:logGet(43)) - raft.server.log.queue.byte-limit = 2147483647 (custom)
2019-09-25 11:56:58,352 [pool-37-thread-1] INFO  server.RaftServerConfigKeys (ConfUtils.java:logGet(43)) - raft.server.log.queue.element-limit = 1024 (custom)
2019-09-25 11:56:58,352 [pool-37-thread-1] INFO  server.RaftServerConfigKeys (ConfUtils.java:logGet(43)) - raft.server.log.segment.size.max = 1048576 (custom)
2019-09-25 11:56:58,352 [pool-37-thread-1] INFO  server.RaftServerConfigKeys (ConfUtils.java:logGet(43)) - raft.server.log.preallocated.size = 16384 (custom)
2019-09-25 11:56:58,352 [pool-37-thread-1] INFO  server.RaftServerConfigKeys (ConfUtils.java:logGet(43)) - raft.server.log.write.buffer.size = 33554432 (custom)
2019-09-25 11:56:58,352 [pool-37-thread-1] INFO  server.RaftServerConfigKeys (ConfUtils.java:logGet(43)) - raft.server.log.force.sync.num = 128 (default)
2019-09-25 11:56:58,352 [pool-37-thread-1] INFO  server.RaftServerConfigKeys (ConfUtils.java:logGet(43)) - raft.server.log.statemachine.data.sync = true (default)
2019-09-25 11:56:58,353 [pool-37-thread-1] INFO  server.RaftServerConfigKeys (ConfUtils.java:logGet(43)) - raft.server.log.statemachine.data.sync.timeout = 10s (default)
2019-09-25 11:56:58,353 [pool-37-thread-1] INFO  server.RaftServerConfigKeys (ConfUtils.java:logGet(43)) - raft.server.log.statemachine.data.sync.timeout.retry = -1 (default)
2019-09-25 11:56:58,353 [pool-37-thread-1] INFO  server.RaftServerConfigKeys (ConfUtils.java:logGet(43)) - raft.server.log.statemachine.data.caching.enabled = true (custom)
2019-09-25 11:56:58,353 [pool-37-thread-1] INFO  segmented.SegmentedRaftLogWorker (SegmentedRaftLogWorker.java:lambda$new$0(132)) - a49539dc-5450-4b38-9858-49dc7b52b4cc@group-750505F72EDC-SegmentedRaftLogWorker: flushIndex: setUnconditionally 0 -> -1
2019-09-25 11:56:58,354 [pool-37-thread-1] INFO  server.RaftServerConfigKeys (ConfUtils.java:logGet(43)) - raft.server.snapshot.auto.trigger.enabled = true (custom)
2019-09-25 11:56:58,354 [pool-37-thread-1] INFO  server.RaftServerConfigKeys (ConfUtils.java:logGet(43)) - raft.server.snapshot.auto.trigger.threshold = 10000 (custom)
2019-09-25 11:56:58,354 [pool-37-thread-1] INFO  server.RaftServerConfigKeys (ConfUtils.java:logGet(43)) - raft.server.snapshot.retention.num.files = 5 (custom)
2019-09-25 11:56:58,354 [pool-37-thread-1] INFO  server.RaftServerConfigKeys (ConfUtils.java:logGet(43)) - raft.server.retrycache.expirytime = 600000ms (custom)
2019-09-25 11:56:58,357 [pool-37-thread-1] INFO  impl.RaftServerImpl (RaftServerImpl.java:start(185)) - a49539dc-5450-4b38-9858-49dc7b52b4cc@group-750505F72EDC: start as a follower, conf=-1: [a49539dc-5450-4b38-9858-49dc7b52b4cc:192.168.151.73:39048], old=null
2019-09-25 11:56:58,358 [pool-37-thread-1] INFO  impl.RaftServerImpl (RaftServerImpl.java:setRole(174)) - a49539dc-5450-4b38-9858-49dc7b52b4cc@group-750505F72EDC: changes role from      null to FOLLOWER at term 0 for startAsFollower
2019-09-25 11:56:58,358 [pool-37-thread-1] INFO  impl.RoleInfo (RoleInfo.java:updateAndGet(143)) - a49539dc-5450-4b38-9858-49dc7b52b4cc: start FollowerState
2019-09-25 11:56:58,358 [pool-37-thread-1] INFO  util.JmxRegister (JmxRegister.java:tryRegister(44)) - Successfully registered JMX Bean with object name Ratis:service=RaftServer,group=group-750505F72EDC,id=a49539dc-5450-4b38-9858-49dc7b52b4cc
2019-09-25 11:56:58,366 [RatisPipelineUtilsThread] INFO  pipeline.PipelineStateManager (PipelineStateManager.java:addPipeline(56)) - Created pipeline Pipeline[ Id: f132a7d0-2641-49e9-8e83-750505f72edc, Nodes: a49539dc-5450-4b38-9858-49dc7b52b4cc{ip: 192.168.151.73, host: pr-hdds-1569-shd4m-3693607622, networkLocation: /default-rack, certSerialId: null}, Type:RATIS, Factor:ONE, State:OPEN]
2019-09-25 11:56:58,366 [RatisPipelineUtilsThread] INFO  pipeline.PipelinePlacementPolicy (PipelinePlacementPolicy.java:meetCriteria(91)) - Pipeline Placement: can't place more pipeline on heavy datanode： a49539dc-5450-4b38-9858-49dc7b52b4cc Heaviness: 6 limit: 5
2019-09-25 11:56:58,366 [RatisPipelineUtilsThread] INFO  pipeline.PipelinePlacementPolicy (PipelinePlacementPolicy.java:meetCriteria(91)) - Pipeline Placement: can't place more pipeline on heavy datanode： defb87f9-b552-40ae-8930-8043bdc1fda2 Heaviness: 6 limit: 5
2019-09-25 11:56:58,380 [grpc-default-executor-0] INFO  impl.RaftServerProxy (RaftServerProxy.java:addNew(89)) - c4c6e274-a2e5-461e-9f46-318649b031aa: addNew group-65F872281D4C:[c4c6e274-a2e5-461e-9f46-318649b031aa:192.168.151.73:46301] returns group-65F872281D4C:java.util.concurrent.CompletableFuture@69ebfcc0[Not completed]
2019-09-25 11:56:58,384 [pool-77-thread-1] INFO  impl.RaftServerImpl (RaftServerImpl.java:<init>(95)) - c4c6e274-a2e5-461e-9f46-318649b031aa: new RaftServerImpl for group-65F872281D4C:[c4c6e274-a2e5-461e-9f46-318649b031aa:192.168.151.73:46301] with ContainerStateMachine:uninitialized
2019-09-25 11:56:58,384 [pool-77-thread-1] INFO  server.RaftServerConfigKeys (ConfUtils.java:logGet(43)) - raft.server.rpc.timeout.min = 5s (custom)
2019-09-25 11:56:58,384 [pool-77-thread-1] INFO  server.RaftServerConfigKeys (ConfUtils.java:logGet(43)) - raft.server.rpc.timeout.max = 5200ms (custom)
2019-09-25 11:56:58,384 [pool-77-thread-1] INFO  server.RaftServerConfigKeys (ConfUtils.java:logGet(43)) - raft.server.rpcslowness.timeout = 120s (custom)
2019-09-25 11:56:58,384 [pool-77-thread-1] INFO  server.RaftServerConfigKeys (ConfUtils.java:logGet(43)) - raft.server.sleep.deviation.threshold = 300 (default)
2019-09-25 11:56:58,385 [pool-77-thread-1] INFO  server.RaftServerConfigKeys (ConfUtils.java:logGet(43)) - raft.server.log.appender.install.snapshot.enabled = false (custom)
2019-09-25 11:56:58,385 [pool-77-thread-1] INFO  impl.RaftServerImpl (ServerState.java:<init>(103)) - c4c6e274-a2e5-461e-9f46-318649b031aa@group-65F872281D4C: ConfigurationManager, init=-1: [c4c6e274-a2e5-461e-9f46-318649b031aa:192.168.151.73:46301], old=null, confs=<EMPTY_MAP>
2019-09-25 11:56:58,385 [pool-77-thread-1] INFO  server.RaftServerConfigKeys (ConfUtils.java:logGet(43)) - raft.server.storage.dir = [/workdir/hadoop-ozone/integration-test/target/test-dir/MiniOzoneClusterImpl-79e9daf4-eda6-4046-b710-e1fcaf4daad9/datanode-5/data/ratis] (custom)
2019-09-25 11:56:58,385 [pool-77-thread-1] INFO  storage.RaftStorageDirectory (RaftStorageDirectory.java:analyzeStorage(246)) - The storage directory /workdir/hadoop-ozone/integration-test/target/test-dir/MiniOzoneClusterImpl-79e9daf4-eda6-4046-b710-e1fcaf4daad9/datanode-5/data/ratis/5b9a55c4-2a85-4d40-978e-65f872281d4c does not exist. Creating ...
2019-09-25 11:56:58,410 [pool-77-thread-1] INFO  storage.RaftStorageDirectory (RaftStorageDirectory.java:tryLock(328)) - Lock on /workdir/hadoop-ozone/integration-test/target/test-dir/MiniOzoneClusterImpl-79e9daf4-eda6-4046-b710-e1fcaf4daad9/datanode-5/data/ratis/5b9a55c4-2a85-4d40-978e-65f872281d4c/in_use.lock acquired by nodename 24979@pr-hdds-1569-shd4m-3693607622
2019-09-25 11:56:58,435 [pool-77-thread-1] INFO  storage.RaftStorage (RaftStorage.java:format(72)) - Storage directory /workdir/hadoop-ozone/integration-test/target/test-dir/MiniOzoneClusterImpl-79e9daf4-eda6-4046-b710-e1fcaf4daad9/datanode-5/data/ratis/5b9a55c4-2a85-4d40-978e-65f872281d4c has been successfully formatted.
2019-09-25 11:56:58,436 [pool-77-thread-1] INFO  ratis.ContainerStateMachine (ContainerStateMachine.java:loadSnapshot(230)) - group-65F872281D4C: The snapshot info is null. Setting the last applied indexto:(t:0, i:~)
2019-09-25 11:56:58,436 [pool-77-thread-1] INFO  server.RaftServerConfigKeys (ConfUtils.java:logGet(43)) - raft.server.notification.no-leader.timeout = 120s (custom)
2019-09-25 11:56:58,436 [pool-77-thread-1] INFO  server.RaftServerConfigKeys (ConfUtils.java:logGet(43)) - raft.server.log.use.memory = false (default)
2019-09-25 11:56:58,436 [pool-77-thread-1] INFO  server.RaftServerConfigKeys (ConfUtils.java:logGet(43)) - raft.server.log.purge.gap = 1000000 (custom)
2019-09-25 11:56:58,436 [pool-77-thread-1] INFO  server.RaftServerConfigKeys (ConfUtils.java:logGet(43)) - raft.server.log.appender.buffer.byte-limit = 33554432 (custom)
2019-09-25 11:56:58,437 [pool-77-thread-1] INFO  server.RaftServerConfigKeys (ConfUtils.java:logGet(43)) - raft.server.log.segment.size.max = 1048576 (custom)
2019-09-25 11:56:58,437 [pool-77-thread-1] INFO  server.RaftServerConfigKeys (ConfUtils.java:logGet(43)) - raft.server.log.segment.cache.num.max = 2 (custom)
2019-09-25 11:56:58,437 [pool-77-thread-1] INFO  segmented.SegmentedRaftLogWorker (SegmentedRaftLogWorker.java:<init>(172)) - new c4c6e274-a2e5-461e-9f46-318649b031aa@group-65F872281D4C-SegmentedRaftLogWorker for RaftStorage:Storage Directory /workdir/hadoop-ozone/integration-test/target/test-dir/MiniOzoneClusterImpl-79e9daf4-eda6-4046-b710-e1fcaf4daad9/datanode-5/data/ratis/5b9a55c4-2a85-4d40-978e-65f872281d4c
2019-09-25 11:56:58,439 [pool-77-thread-1] INFO  server.RaftServerConfigKeys (ConfUtils.java:logGet(43)) - raft.server.log.queue.byte-limit = 2147483647 (custom)
2019-09-25 11:56:58,439 [pool-77-thread-1] INFO  server.RaftServerConfigKeys (ConfUtils.java:logGet(43)) - raft.server.log.queue.element-limit = 1024 (custom)
2019-09-25 11:56:58,439 [pool-77-thread-1] INFO  server.RaftServerConfigKeys (ConfUtils.java:logGet(43)) - raft.server.log.segment.size.max = 1048576 (custom)
2019-09-25 11:56:58,440 [pool-77-thread-1] INFO  server.RaftServerConfigKeys (ConfUtils.java:logGet(43)) - raft.server.log.preallocated.size = 16384 (custom)
2019-09-25 11:56:58,440 [pool-77-thread-1] INFO  server.RaftServerConfigKeys (ConfUtils.java:logGet(43)) - raft.server.log.write.buffer.size = 33554432 (custom)
2019-09-25 11:56:58,440 [pool-77-thread-1] INFO  server.RaftServerConfigKeys (ConfUtils.java:logGet(43)) - raft.server.log.force.sync.num = 128 (default)
2019-09-25 11:56:58,440 [pool-77-thread-1] INFO  server.RaftServerConfigKeys (ConfUtils.java:logGet(43)) - raft.server.log.statemachine.data.sync = true (default)
2019-09-25 11:56:58,440 [pool-77-thread-1] INFO  server.RaftServerConfigKeys (ConfUtils.java:logGet(43)) - raft.server.log.statemachine.data.sync.timeout = 10s (default)
2019-09-25 11:56:58,440 [pool-77-thread-1] INFO  server.RaftServerConfigKeys (ConfUtils.java:logGet(43)) - raft.server.log.statemachine.data.sync.timeout.retry = -1 (default)
2019-09-25 11:56:58,440 [pool-77-thread-1] INFO  server.RaftServerConfigKeys (ConfUtils.java:logGet(43)) - raft.server.log.statemachine.data.caching.enabled = true (custom)
2019-09-25 11:56:58,441 [pool-77-thread-1] INFO  segmented.SegmentedRaftLogWorker (SegmentedRaftLogWorker.java:lambda$new$0(132)) - c4c6e274-a2e5-461e-9f46-318649b031aa@group-65F872281D4C-SegmentedRaftLogWorker: flushIndex: setUnconditionally 0 -> -1
2019-09-25 11:56:58,441 [pool-77-thread-1] INFO  server.RaftServerConfigKeys (ConfUtils.java:logGet(43)) - raft.server.snapshot.auto.trigger.enabled = true (custom)
2019-09-25 11:56:58,441 [pool-77-thread-1] INFO  server.RaftServerConfigKeys (ConfUtils.java:logGet(43)) - raft.server.snapshot.auto.trigger.threshold = 10000 (custom)
2019-09-25 11:56:58,441 [pool-77-thread-1] INFO  server.RaftServerConfigKeys (ConfUtils.java:logGet(43)) - raft.server.snapshot.retention.num.files = 5 (custom)
2019-09-25 11:56:58,441 [pool-77-thread-1] INFO  server.RaftServerConfigKeys (ConfUtils.java:logGet(43)) - raft.server.retrycache.expirytime = 600000ms (custom)
2019-09-25 11:56:58,443 [pool-77-thread-1] INFO  impl.RaftServerImpl (RaftServerImpl.java:start(185)) - c4c6e274-a2e5-461e-9f46-318649b031aa@group-65F872281D4C: start as a follower, conf=-1: [c4c6e274-a2e5-461e-9f46-318649b031aa:192.168.151.73:46301], old=null
2019-09-25 11:56:58,444 [pool-77-thread-1] INFO  impl.RaftServerImpl (RaftServerImpl.java:setRole(174)) - c4c6e274-a2e5-461e-9f46-318649b031aa@group-65F872281D4C: changes role from      null to FOLLOWER at term 0 for startAsFollower
2019-09-25 11:56:58,444 [pool-77-thread-1] INFO  impl.RoleInfo (RoleInfo.java:updateAndGet(143)) - c4c6e274-a2e5-461e-9f46-318649b031aa: start FollowerState
2019-09-25 11:56:58,444 [pool-77-thread-1] INFO  util.JmxRegister (JmxRegister.java:tryRegister(44)) - Successfully registered JMX Bean with object name Ratis:service=RaftServer,group=group-65F872281D4C,id=c4c6e274-a2e5-461e-9f46-318649b031aa
2019-09-25 11:56:58,451 [RatisPipelineUtilsThread] INFO  pipeline.PipelineStateManager (PipelineStateManager.java:addPipeline(56)) - Created pipeline Pipeline[ Id: 5b9a55c4-2a85-4d40-978e-65f872281d4c, Nodes: c4c6e274-a2e5-461e-9f46-318649b031aa{ip: 192.168.151.73, host: pr-hdds-1569-shd4m-3693607622, networkLocation: /default-rack, certSerialId: null}, Type:RATIS, Factor:ONE, State:OPEN]
2019-09-25 11:56:58,452 [RatisPipelineUtilsThread] INFO  pipeline.PipelinePlacementPolicy (PipelinePlacementPolicy.java:meetCriteria(91)) - Pipeline Placement: can't place more pipeline on heavy datanode： a49539dc-5450-4b38-9858-49dc7b52b4cc Heaviness: 6 limit: 5
2019-09-25 11:56:58,452 [RatisPipelineUtilsThread] INFO  pipeline.PipelinePlacementPolicy (PipelinePlacementPolicy.java:meetCriteria(91)) - Pipeline Placement: can't place more pipeline on heavy datanode： defb87f9-b552-40ae-8930-8043bdc1fda2 Heaviness: 6 limit: 5
2019-09-25 11:56:58,463 [grpc-default-executor-0] INFO  impl.RaftServerProxy (RaftServerProxy.java:addNew(89)) - f320213e-69dd-47d7-8b12-80f84f010fc9: addNew group-7180C82FD287:[f320213e-69dd-47d7-8b12-80f84f010fc9:192.168.151.73:42702] returns group-7180C82FD287:java.util.concurrent.CompletableFuture@6a018afd[Not completed]
2019-09-25 11:56:58,465 [pool-67-thread-1] INFO  impl.RaftServerImpl (RaftServerImpl.java:<init>(95)) - f320213e-69dd-47d7-8b12-80f84f010fc9: new RaftServerImpl for group-7180C82FD287:[f320213e-69dd-47d7-8b12-80f84f010fc9:192.168.151.73:42702] with ContainerStateMachine:uninitialized
2019-09-25 11:56:58,465 [pool-67-thread-1] INFO  server.RaftServerConfigKeys (ConfUtils.java:logGet(43)) - raft.server.rpc.timeout.min = 5s (custom)
2019-09-25 11:56:58,465 [pool-67-thread-1] INFO  server.RaftServerConfigKeys (ConfUtils.java:logGet(43)) - raft.server.rpc.timeout.max = 5200ms (custom)
2019-09-25 11:56:58,466 [pool-67-thread-1] INFO  server.RaftServerConfigKeys (ConfUtils.java:logGet(43)) - raft.server.rpcslowness.timeout = 120s (custom)
2019-09-25 11:56:58,466 [pool-67-thread-1] INFO  server.RaftServerConfigKeys (ConfUtils.java:logGet(43)) - raft.server.sleep.deviation.threshold = 300 (default)
2019-09-25 11:56:58,466 [pool-67-thread-1] INFO  server.RaftServerConfigKeys (ConfUtils.java:logGet(43)) - raft.server.log.appender.install.snapshot.enabled = false (custom)
2019-09-25 11:56:58,466 [pool-67-thread-1] INFO  impl.RaftServerImpl (ServerState.java:<init>(103)) - f320213e-69dd-47d7-8b12-80f84f010fc9@group-7180C82FD287: ConfigurationManager, init=-1: [f320213e-69dd-47d7-8b12-80f84f010fc9:192.168.151.73:42702], old=null, confs=<EMPTY_MAP>
2019-09-25 11:56:58,467 [pool-67-thread-1] INFO  server.RaftServerConfigKeys (ConfUtils.java:logGet(43)) - raft.server.storage.dir = [/workdir/hadoop-ozone/integration-test/target/test-dir/MiniOzoneClusterImpl-79e9daf4-eda6-4046-b710-e1fcaf4daad9/datanode-4/data/ratis] (custom)
2019-09-25 11:56:58,467 [pool-67-thread-1] INFO  storage.RaftStorageDirectory (RaftStorageDirectory.java:analyzeStorage(246)) - The storage directory /workdir/hadoop-ozone/integration-test/target/test-dir/MiniOzoneClusterImpl-79e9daf4-eda6-4046-b710-e1fcaf4daad9/datanode-4/data/ratis/b1a1968f-1dc1-46a3-a9b2-7180c82fd287 does not exist. Creating ...
2019-09-25 11:56:58,480 [pool-67-thread-1] INFO  storage.RaftStorageDirectory (RaftStorageDirectory.java:tryLock(328)) - Lock on /workdir/hadoop-ozone/integration-test/target/test-dir/MiniOzoneClusterImpl-79e9daf4-eda6-4046-b710-e1fcaf4daad9/datanode-4/data/ratis/b1a1968f-1dc1-46a3-a9b2-7180c82fd287/in_use.lock acquired by nodename 24979@pr-hdds-1569-shd4m-3693607622
2019-09-25 11:56:58,494 [pool-67-thread-1] INFO  storage.RaftStorage (RaftStorage.java:format(72)) - Storage directory /workdir/hadoop-ozone/integration-test/target/test-dir/MiniOzoneClusterImpl-79e9daf4-eda6-4046-b710-e1fcaf4daad9/datanode-4/data/ratis/b1a1968f-1dc1-46a3-a9b2-7180c82fd287 has been successfully formatted.
2019-09-25 11:56:58,495 [pool-67-thread-1] INFO  ratis.ContainerStateMachine (ContainerStateMachine.java:loadSnapshot(230)) - group-7180C82FD287: The snapshot info is null. Setting the last applied indexto:(t:0, i:~)
2019-09-25 11:56:58,495 [pool-67-thread-1] INFO  server.RaftServerConfigKeys (ConfUtils.java:logGet(43)) - raft.server.notification.no-leader.timeout = 120s (custom)
2019-09-25 11:56:58,495 [pool-67-thread-1] INFO  server.RaftServerConfigKeys (ConfUtils.java:logGet(43)) - raft.server.log.use.memory = false (default)
2019-09-25 11:56:58,495 [pool-67-thread-1] INFO  server.RaftServerConfigKeys (ConfUtils.java:logGet(43)) - raft.server.log.purge.gap = 1000000 (custom)
2019-09-25 11:56:58,496 [pool-67-thread-1] INFO  server.RaftServerConfigKeys (ConfUtils.java:logGet(43)) - raft.server.log.appender.buffer.byte-limit = 33554432 (custom)
2019-09-25 11:56:58,496 [pool-67-thread-1] INFO  server.RaftServerConfigKeys (ConfUtils.java:logGet(43)) - raft.server.log.segment.size.max = 1048576 (custom)
2019-09-25 11:56:58,496 [pool-67-thread-1] INFO  server.RaftServerConfigKeys (ConfUtils.java:logGet(43)) - raft.server.log.segment.cache.num.max = 2 (custom)
2019-09-25 11:56:58,496 [pool-67-thread-1] INFO  segmented.SegmentedRaftLogWorker (SegmentedRaftLogWorker.java:<init>(172)) - new f320213e-69dd-47d7-8b12-80f84f010fc9@group-7180C82FD287-SegmentedRaftLogWorker for RaftStorage:Storage Directory /workdir/hadoop-ozone/integration-test/target/test-dir/MiniOzoneClusterImpl-79e9daf4-eda6-4046-b710-e1fcaf4daad9/datanode-4/data/ratis/b1a1968f-1dc1-46a3-a9b2-7180c82fd287
2019-09-25 11:56:58,497 [pool-67-thread-1] INFO  server.RaftServerConfigKeys (ConfUtils.java:logGet(43)) - raft.server.log.queue.byte-limit = 2147483647 (custom)
2019-09-25 11:56:58,497 [pool-67-thread-1] INFO  server.RaftServerConfigKeys (ConfUtils.java:logGet(43)) - raft.server.log.queue.element-limit = 1024 (custom)
2019-09-25 11:56:58,497 [pool-67-thread-1] INFO  server.RaftServerConfigKeys (ConfUtils.java:logGet(43)) - raft.server.log.segment.size.max = 1048576 (custom)
2019-09-25 11:56:58,497 [pool-67-thread-1] INFO  server.RaftServerConfigKeys (ConfUtils.java:logGet(43)) - raft.server.log.preallocated.size = 16384 (custom)
2019-09-25 11:56:58,497 [pool-67-thread-1] INFO  server.RaftServerConfigKeys (ConfUtils.java:logGet(43)) - raft.server.log.write.buffer.size = 33554432 (custom)
2019-09-25 11:56:58,498 [pool-67-thread-1] INFO  server.RaftServerConfigKeys (ConfUtils.java:logGet(43)) - raft.server.log.force.sync.num = 128 (default)
2019-09-25 11:56:58,498 [pool-67-thread-1] INFO  server.RaftServerConfigKeys (ConfUtils.java:logGet(43)) - raft.server.log.statemachine.data.sync = true (default)
2019-09-25 11:56:58,498 [pool-67-thread-1] INFO  server.RaftServerConfigKeys (ConfUtils.java:logGet(43)) - raft.server.log.statemachine.data.sync.timeout = 10s (default)
2019-09-25 11:56:58,498 [pool-67-thread-1] INFO  server.RaftServerConfigKeys (ConfUtils.java:logGet(43)) - raft.server.log.statemachine.data.sync.timeout.retry = -1 (default)
2019-09-25 11:56:58,499 [pool-67-thread-1] INFO  server.RaftServerConfigKeys (ConfUtils.java:logGet(43)) - raft.server.log.statemachine.data.caching.enabled = true (custom)
2019-09-25 11:56:58,499 [pool-67-thread-1] INFO  segmented.SegmentedRaftLogWorker (SegmentedRaftLogWorker.java:lambda$new$0(132)) - f320213e-69dd-47d7-8b12-80f84f010fc9@group-7180C82FD287-SegmentedRaftLogWorker: flushIndex: setUnconditionally 0 -> -1
2019-09-25 11:56:58,500 [pool-67-thread-1] INFO  server.RaftServerConfigKeys (ConfUtils.java:logGet(43)) - raft.server.snapshot.auto.trigger.enabled = true (custom)
2019-09-25 11:56:58,500 [pool-67-thread-1] INFO  server.RaftServerConfigKeys (ConfUtils.java:logGet(43)) - raft.server.snapshot.auto.trigger.threshold = 10000 (custom)
2019-09-25 11:56:58,500 [pool-67-thread-1] INFO  server.RaftServerConfigKeys (ConfUtils.java:logGet(43)) - raft.server.snapshot.retention.num.files = 5 (custom)
2019-09-25 11:56:58,501 [pool-67-thread-1] INFO  server.RaftServerConfigKeys (ConfUtils.java:logGet(43)) - raft.server.retrycache.expirytime = 600000ms (custom)
2019-09-25 11:56:58,505 [pool-67-thread-1] INFO  impl.RaftServerImpl (RaftServerImpl.java:start(185)) - f320213e-69dd-47d7-8b12-80f84f010fc9@group-7180C82FD287: start as a follower, conf=-1: [f320213e-69dd-47d7-8b12-80f84f010fc9:192.168.151.73:42702], old=null
2019-09-25 11:56:58,505 [pool-67-thread-1] INFO  impl.RaftServerImpl (RaftServerImpl.java:setRole(174)) - f320213e-69dd-47d7-8b12-80f84f010fc9@group-7180C82FD287: changes role from      null to FOLLOWER at term 0 for startAsFollower
2019-09-25 11:56:58,505 [pool-67-thread-1] INFO  impl.RoleInfo (RoleInfo.java:updateAndGet(143)) - f320213e-69dd-47d7-8b12-80f84f010fc9: start FollowerState
2019-09-25 11:56:58,506 [pool-67-thread-1] INFO  util.JmxRegister (JmxRegister.java:tryRegister(44)) - Successfully registered JMX Bean with object name Ratis:service=RaftServer,group=group-7180C82FD287,id=f320213e-69dd-47d7-8b12-80f84f010fc9
2019-09-25 11:56:58,512 [RatisPipelineUtilsThread] INFO  pipeline.PipelineStateManager (PipelineStateManager.java:addPipeline(56)) - Created pipeline Pipeline[ Id: b1a1968f-1dc1-46a3-a9b2-7180c82fd287, Nodes: f320213e-69dd-47d7-8b12-80f84f010fc9{ip: 192.168.151.73, host: pr-hdds-1569-shd4m-3693607622, networkLocation: /default-rack, certSerialId: null}, Type:RATIS, Factor:ONE, State:OPEN]
2019-09-25 11:56:58,513 [RatisPipelineUtilsThread] INFO  pipeline.PipelinePlacementPolicy (PipelinePlacementPolicy.java:meetCriteria(91)) - Pipeline Placement: can't place more pipeline on heavy datanode： a49539dc-5450-4b38-9858-49dc7b52b4cc Heaviness: 6 limit: 5
2019-09-25 11:56:58,513 [RatisPipelineUtilsThread] INFO  pipeline.PipelinePlacementPolicy (PipelinePlacementPolicy.java:meetCriteria(91)) - Pipeline Placement: can't place more pipeline on heavy datanode： defb87f9-b552-40ae-8930-8043bdc1fda2 Heaviness: 6 limit: 5
2019-09-25 11:56:58,524 [grpc-default-executor-0] INFO  impl.RaftServerProxy (RaftServerProxy.java:addNew(89)) - c4c6e274-a2e5-461e-9f46-318649b031aa: addNew group-AF3C14954E17:[c4c6e274-a2e5-461e-9f46-318649b031aa:192.168.151.73:46301] returns group-AF3C14954E17:java.util.concurrent.CompletableFuture@5a93ba07[Not completed]
2019-09-25 11:56:58,526 [pool-77-thread-1] INFO  impl.RaftServerImpl (RaftServerImpl.java:<init>(95)) - c4c6e274-a2e5-461e-9f46-318649b031aa: new RaftServerImpl for group-AF3C14954E17:[c4c6e274-a2e5-461e-9f46-318649b031aa:192.168.151.73:46301] with ContainerStateMachine:uninitialized
2019-09-25 11:56:58,526 [pool-77-thread-1] INFO  server.RaftServerConfigKeys (ConfUtils.java:logGet(43)) - raft.server.rpc.timeout.min = 5s (custom)
2019-09-25 11:56:58,526 [pool-77-thread-1] INFO  server.RaftServerConfigKeys (ConfUtils.java:logGet(43)) - raft.server.rpc.timeout.max = 5200ms (custom)
2019-09-25 11:56:58,526 [pool-77-thread-1] INFO  server.RaftServerConfigKeys (ConfUtils.java:logGet(43)) - raft.server.rpcslowness.timeout = 120s (custom)
2019-09-25 11:56:58,526 [pool-77-thread-1] INFO  server.RaftServerConfigKeys (ConfUtils.java:logGet(43)) - raft.server.sleep.deviation.threshold = 300 (default)
2019-09-25 11:56:58,527 [pool-77-thread-1] INFO  server.RaftServerConfigKeys (ConfUtils.java:logGet(43)) - raft.server.log.appender.install.snapshot.enabled = false (custom)
2019-09-25 11:56:58,527 [pool-77-thread-1] INFO  impl.RaftServerImpl (ServerState.java:<init>(103)) - c4c6e274-a2e5-461e-9f46-318649b031aa@group-AF3C14954E17: ConfigurationManager, init=-1: [c4c6e274-a2e5-461e-9f46-318649b031aa:192.168.151.73:46301], old=null, confs=<EMPTY_MAP>
2019-09-25 11:56:58,527 [pool-77-thread-1] INFO  server.RaftServerConfigKeys (ConfUtils.java:logGet(43)) - raft.server.storage.dir = [/workdir/hadoop-ozone/integration-test/target/test-dir/MiniOzoneClusterImpl-79e9daf4-eda6-4046-b710-e1fcaf4daad9/datanode-5/data/ratis] (custom)
2019-09-25 11:56:58,527 [pool-77-thread-1] INFO  storage.RaftStorageDirectory (RaftStorageDirectory.java:analyzeStorage(246)) - The storage directory /workdir/hadoop-ozone/integration-test/target/test-dir/MiniOzoneClusterImpl-79e9daf4-eda6-4046-b710-e1fcaf4daad9/datanode-5/data/ratis/53eb4a69-27c4-4d8a-ba16-af3c14954e17 does not exist. Creating ...
2019-09-25 11:56:58,530 [pool-77-thread-1] INFO  storage.RaftStorageDirectory (RaftStorageDirectory.java:tryLock(328)) - Lock on /workdir/hadoop-ozone/integration-test/target/test-dir/MiniOzoneClusterImpl-79e9daf4-eda6-4046-b710-e1fcaf4daad9/datanode-5/data/ratis/53eb4a69-27c4-4d8a-ba16-af3c14954e17/in_use.lock acquired by nodename 24979@pr-hdds-1569-shd4m-3693607622
2019-09-25 11:56:58,534 [pool-77-thread-1] INFO  storage.RaftStorage (RaftStorage.java:format(72)) - Storage directory /workdir/hadoop-ozone/integration-test/target/test-dir/MiniOzoneClusterImpl-79e9daf4-eda6-4046-b710-e1fcaf4daad9/datanode-5/data/ratis/53eb4a69-27c4-4d8a-ba16-af3c14954e17 has been successfully formatted.
2019-09-25 11:56:58,534 [pool-77-thread-1] INFO  ratis.ContainerStateMachine (ContainerStateMachine.java:loadSnapshot(230)) - group-AF3C14954E17: The snapshot info is null. Setting the last applied indexto:(t:0, i:~)
2019-09-25 11:56:58,534 [pool-77-thread-1] INFO  server.RaftServerConfigKeys (ConfUtils.java:logGet(43)) - raft.server.notification.no-leader.timeout = 120s (custom)
2019-09-25 11:56:58,534 [pool-77-thread-1] INFO  server.RaftServerConfigKeys (ConfUtils.java:logGet(43)) - raft.server.log.use.memory = false (default)
2019-09-25 11:56:58,534 [pool-77-thread-1] INFO  server.RaftServerConfigKeys (ConfUtils.java:logGet(43)) - raft.server.log.purge.gap = 1000000 (custom)
2019-09-25 11:56:58,535 [pool-77-thread-1] INFO  server.RaftServerConfigKeys (ConfUtils.java:logGet(43)) - raft.server.log.appender.buffer.byte-limit = 33554432 (custom)
2019-09-25 11:56:58,535 [pool-77-thread-1] INFO  server.RaftServerConfigKeys (ConfUtils.java:logGet(43)) - raft.server.log.segment.size.max = 1048576 (custom)
2019-09-25 11:56:58,535 [pool-77-thread-1] INFO  server.RaftServerConfigKeys (ConfUtils.java:logGet(43)) - raft.server.log.segment.cache.num.max = 2 (custom)
2019-09-25 11:56:58,535 [pool-77-thread-1] INFO  segmented.SegmentedRaftLogWorker (SegmentedRaftLogWorker.java:<init>(172)) - new c4c6e274-a2e5-461e-9f46-318649b031aa@group-AF3C14954E17-SegmentedRaftLogWorker for RaftStorage:Storage Directory /workdir/hadoop-ozone/integration-test/target/test-dir/MiniOzoneClusterImpl-79e9daf4-eda6-4046-b710-e1fcaf4daad9/datanode-5/data/ratis/53eb4a69-27c4-4d8a-ba16-af3c14954e17
2019-09-25 11:56:58,535 [pool-77-thread-1] INFO  server.RaftServerConfigKeys (ConfUtils.java:logGet(43)) - raft.server.log.queue.byte-limit = 2147483647 (custom)
2019-09-25 11:56:58,535 [pool-77-thread-1] INFO  server.RaftServerConfigKeys (ConfUtils.java:logGet(43)) - raft.server.log.queue.element-limit = 1024 (custom)
2019-09-25 11:56:58,535 [pool-77-thread-1] INFO  server.RaftServerConfigKeys (ConfUtils.java:logGet(43)) - raft.server.log.segment.size.max = 1048576 (custom)
2019-09-25 11:56:58,535 [pool-77-thread-1] INFO  server.RaftServerConfigKeys (ConfUtils.java:logGet(43)) - raft.server.log.preallocated.size = 16384 (custom)
2019-09-25 11:56:58,535 [pool-77-thread-1] INFO  server.RaftServerConfigKeys (ConfUtils.java:logGet(43)) - raft.server.log.write.buffer.size = 33554432 (custom)
2019-09-25 11:56:58,536 [pool-77-thread-1] INFO  server.RaftServerConfigKeys (ConfUtils.java:logGet(43)) - raft.server.log.force.sync.num = 128 (default)
2019-09-25 11:56:58,536 [pool-77-thread-1] INFO  server.RaftServerConfigKeys (ConfUtils.java:logGet(43)) - raft.server.log.statemachine.data.sync = true (default)
2019-09-25 11:56:58,536 [pool-77-thread-1] INFO  server.RaftServerConfigKeys (ConfUtils.java:logGet(43)) - raft.server.log.statemachine.data.sync.timeout = 10s (default)
2019-09-25 11:56:58,536 [pool-77-thread-1] INFO  server.RaftServerConfigKeys (ConfUtils.java:logGet(43)) - raft.server.log.statemachine.data.sync.timeout.retry = -1 (default)
2019-09-25 11:56:58,536 [pool-77-thread-1] INFO  server.RaftServerConfigKeys (ConfUtils.java:logGet(43)) - raft.server.log.statemachine.data.caching.enabled = true (custom)
2019-09-25 11:56:58,536 [pool-77-thread-1] INFO  segmented.SegmentedRaftLogWorker (SegmentedRaftLogWorker.java:lambda$new$0(132)) - c4c6e274-a2e5-461e-9f46-318649b031aa@group-AF3C14954E17-SegmentedRaftLogWorker: flushIndex: setUnconditionally 0 -> -1
2019-09-25 11:56:58,537 [pool-77-thread-1] INFO  server.RaftServerConfigKeys (ConfUtils.java:logGet(43)) - raft.server.snapshot.auto.trigger.enabled = true (custom)
2019-09-25 11:56:58,537 [pool-77-thread-1] INFO  server.RaftServerConfigKeys (ConfUtils.java:logGet(43)) - raft.server.snapshot.auto.trigger.threshold = 10000 (custom)
2019-09-25 11:56:58,537 [pool-77-thread-1] INFO  server.RaftServerConfigKeys (ConfUtils.java:logGet(43)) - raft.server.snapshot.retention.num.files = 5 (custom)
2019-09-25 11:56:58,537 [pool-77-thread-1] INFO  server.RaftServerConfigKeys (ConfUtils.java:logGet(43)) - raft.server.retrycache.expirytime = 600000ms (custom)
2019-09-25 11:56:58,542 [pool-77-thread-1] INFO  impl.RaftServerImpl (RaftServerImpl.java:start(185)) - c4c6e274-a2e5-461e-9f46-318649b031aa@group-AF3C14954E17: start as a follower, conf=-1: [c4c6e274-a2e5-461e-9f46-318649b031aa:192.168.151.73:46301], old=null
2019-09-25 11:56:58,542 [pool-77-thread-1] INFO  impl.RaftServerImpl (RaftServerImpl.java:setRole(174)) - c4c6e274-a2e5-461e-9f46-318649b031aa@group-AF3C14954E17: changes role from      null to FOLLOWER at term 0 for startAsFollower
2019-09-25 11:56:58,542 [pool-77-thread-1] INFO  impl.RoleInfo (RoleInfo.java:updateAndGet(143)) - c4c6e274-a2e5-461e-9f46-318649b031aa: start FollowerState
2019-09-25 11:56:58,543 [pool-77-thread-1] INFO  util.JmxRegister (JmxRegister.java:tryRegister(44)) - Successfully registered JMX Bean with object name Ratis:service=RaftServer,group=group-AF3C14954E17,id=c4c6e274-a2e5-461e-9f46-318649b031aa
2019-09-25 11:56:58,548 [RatisPipelineUtilsThread] INFO  pipeline.PipelineStateManager (PipelineStateManager.java:addPipeline(56)) - Created pipeline Pipeline[ Id: 53eb4a69-27c4-4d8a-ba16-af3c14954e17, Nodes: c4c6e274-a2e5-461e-9f46-318649b031aa{ip: 192.168.151.73, host: pr-hdds-1569-shd4m-3693607622, networkLocation: /default-rack, certSerialId: null}, Type:RATIS, Factor:ONE, State:OPEN]
2019-09-25 11:56:58,549 [RatisPipelineUtilsThread] INFO  pipeline.PipelinePlacementPolicy (PipelinePlacementPolicy.java:meetCriteria(91)) - Pipeline Placement: can't place more pipeline on heavy datanode： a49539dc-5450-4b38-9858-49dc7b52b4cc Heaviness: 6 limit: 5
2019-09-25 11:56:58,549 [RatisPipelineUtilsThread] INFO  pipeline.PipelinePlacementPolicy (PipelinePlacementPolicy.java:meetCriteria(91)) - Pipeline Placement: can't place more pipeline on heavy datanode： defb87f9-b552-40ae-8930-8043bdc1fda2 Heaviness: 6 limit: 5
2019-09-25 11:56:58,558 [grpc-default-executor-0] INFO  impl.RaftServerProxy (RaftServerProxy.java:addNew(89)) - f59fc06d-a561-4bda-9641-bf15daa2d5cc: addNew group-D067B8CD0638:[f59fc06d-a561-4bda-9641-bf15daa2d5cc:192.168.151.73:36905] returns group-D067B8CD0638:java.util.concurrent.CompletableFuture@1b0c5710[Not completed]
2019-09-25 11:56:58,559 [pool-47-thread-1] INFO  impl.RaftServerImpl (RaftServerImpl.java:<init>(95)) - f59fc06d-a561-4bda-9641-bf15daa2d5cc: new RaftServerImpl for group-D067B8CD0638:[f59fc06d-a561-4bda-9641-bf15daa2d5cc:192.168.151.73:36905] with ContainerStateMachine:uninitialized
2019-09-25 11:56:58,559 [pool-47-thread-1] INFO  server.RaftServerConfigKeys (ConfUtils.java:logGet(43)) - raft.server.rpc.timeout.min = 5s (custom)
2019-09-25 11:56:58,560 [pool-47-thread-1] INFO  server.RaftServerConfigKeys (ConfUtils.java:logGet(43)) - raft.server.rpc.timeout.max = 5200ms (custom)
2019-09-25 11:56:58,560 [pool-47-thread-1] INFO  server.RaftServerConfigKeys (ConfUtils.java:logGet(43)) - raft.server.rpcslowness.timeout = 120s (custom)
2019-09-25 11:56:58,560 [pool-47-thread-1] INFO  server.RaftServerConfigKeys (ConfUtils.java:logGet(43)) - raft.server.sleep.deviation.threshold = 300 (default)
2019-09-25 11:56:58,560 [pool-47-thread-1] INFO  server.RaftServerConfigKeys (ConfUtils.java:logGet(43)) - raft.server.log.appender.install.snapshot.enabled = false (custom)
2019-09-25 11:56:58,560 [pool-47-thread-1] INFO  impl.RaftServerImpl (ServerState.java:<init>(103)) - f59fc06d-a561-4bda-9641-bf15daa2d5cc@group-D067B8CD0638: ConfigurationManager, init=-1: [f59fc06d-a561-4bda-9641-bf15daa2d5cc:192.168.151.73:36905], old=null, confs=<EMPTY_MAP>
2019-09-25 11:56:58,560 [pool-47-thread-1] INFO  server.RaftServerConfigKeys (ConfUtils.java:logGet(43)) - raft.server.storage.dir = [/workdir/hadoop-ozone/integration-test/target/test-dir/MiniOzoneClusterImpl-79e9daf4-eda6-4046-b710-e1fcaf4daad9/datanode-2/data/ratis] (custom)
2019-09-25 11:56:58,561 [pool-47-thread-1] INFO  storage.RaftStorageDirectory (RaftStorageDirectory.java:analyzeStorage(246)) - The storage directory /workdir/hadoop-ozone/integration-test/target/test-dir/MiniOzoneClusterImpl-79e9daf4-eda6-4046-b710-e1fcaf4daad9/datanode-2/data/ratis/ec90b1aa-7549-41aa-9c46-d067b8cd0638 does not exist. Creating ...
2019-09-25 11:56:58,574 [pool-47-thread-1] INFO  storage.RaftStorageDirectory (RaftStorageDirectory.java:tryLock(328)) - Lock on /workdir/hadoop-ozone/integration-test/target/test-dir/MiniOzoneClusterImpl-79e9daf4-eda6-4046-b710-e1fcaf4daad9/datanode-2/data/ratis/ec90b1aa-7549-41aa-9c46-d067b8cd0638/in_use.lock acquired by nodename 24979@pr-hdds-1569-shd4m-3693607622
2019-09-25 11:56:58,587 [Thread-238] INFO  container.ReplicationManager (ReplicationManager.java:start(163)) - Starting Replication Monitor Thread.
2019-09-25 11:56:58,588 [pool-47-thread-1] INFO  storage.RaftStorage (RaftStorage.java:format(72)) - Storage directory /workdir/hadoop-ozone/integration-test/target/test-dir/MiniOzoneClusterImpl-79e9daf4-eda6-4046-b710-e1fcaf4daad9/datanode-2/data/ratis/ec90b1aa-7549-41aa-9c46-d067b8cd0638 has been successfully formatted.
2019-09-25 11:56:58,588 [pool-47-thread-1] INFO  ratis.ContainerStateMachine (ContainerStateMachine.java:loadSnapshot(230)) - group-D067B8CD0638: The snapshot info is null. Setting the last applied indexto:(t:0, i:~)
2019-09-25 11:56:58,588 [pool-47-thread-1] INFO  server.RaftServerConfigKeys (ConfUtils.java:logGet(43)) - raft.server.notification.no-leader.timeout = 120s (custom)
2019-09-25 11:56:58,588 [ReplicationMonitor] INFO  container.ReplicationManager (ReplicationManager.java:run(226)) - Replication Monitor Thread took 1 milliseconds for processing 0 containers.
2019-09-25 11:56:58,588 [pool-47-thread-1] INFO  server.RaftServerConfigKeys (ConfUtils.java:logGet(43)) - raft.server.log.use.memory = false (default)
2019-09-25 11:56:58,589 [pool-47-thread-1] INFO  server.RaftServerConfigKeys (ConfUtils.java:logGet(43)) - raft.server.log.purge.gap = 1000000 (custom)
2019-09-25 11:56:58,589 [pool-47-thread-1] INFO  server.RaftServerConfigKeys (ConfUtils.java:logGet(43)) - raft.server.log.appender.buffer.byte-limit = 33554432 (custom)
2019-09-25 11:56:58,589 [pool-47-thread-1] INFO  server.RaftServerConfigKeys (ConfUtils.java:logGet(43)) - raft.server.log.segment.size.max = 1048576 (custom)
2019-09-25 11:56:58,589 [pool-47-thread-1] INFO  server.RaftServerConfigKeys (ConfUtils.java:logGet(43)) - raft.server.log.segment.cache.num.max = 2 (custom)
2019-09-25 11:56:58,589 [pool-47-thread-1] INFO  segmented.SegmentedRaftLogWorker (SegmentedRaftLogWorker.java:<init>(172)) - new f59fc06d-a561-4bda-9641-bf15daa2d5cc@group-D067B8CD0638-SegmentedRaftLogWorker for RaftStorage:Storage Directory /workdir/hadoop-ozone/integration-test/target/test-dir/MiniOzoneClusterImpl-79e9daf4-eda6-4046-b710-e1fcaf4daad9/datanode-2/data/ratis/ec90b1aa-7549-41aa-9c46-d067b8cd0638
2019-09-25 11:56:58,589 [pool-47-thread-1] INFO  server.RaftServerConfigKeys (ConfUtils.java:logGet(43)) - raft.server.log.queue.byte-limit = 2147483647 (custom)
2019-09-25 11:56:58,590 [pool-47-thread-1] INFO  server.RaftServerConfigKeys (ConfUtils.java:logGet(43)) - raft.server.log.queue.element-limit = 1024 (custom)
2019-09-25 11:56:58,590 [pool-47-thread-1] INFO  server.RaftServerConfigKeys (ConfUtils.java:logGet(43)) - raft.server.log.segment.size.max = 1048576 (custom)
2019-09-25 11:56:58,590 [pool-47-thread-1] INFO  server.RaftServerConfigKeys (ConfUtils.java:logGet(43)) - raft.server.log.preallocated.size = 16384 (custom)
2019-09-25 11:56:58,590 [pool-47-thread-1] INFO  server.RaftServerConfigKeys (ConfUtils.java:logGet(43)) - raft.server.log.write.buffer.size = 33554432 (custom)
2019-09-25 11:56:58,590 [pool-47-thread-1] INFO  server.RaftServerConfigKeys (ConfUtils.java:logGet(43)) - raft.server.log.force.sync.num = 128 (default)
2019-09-25 11:56:58,590 [pool-47-thread-1] INFO  server.RaftServerConfigKeys (ConfUtils.java:logGet(43)) - raft.server.log.statemachine.data.sync = true (default)
2019-09-25 11:56:58,590 [pool-47-thread-1] INFO  server.RaftServerConfigKeys (ConfUtils.java:logGet(43)) - raft.server.log.statemachine.data.sync.timeout = 10s (default)
2019-09-25 11:56:58,590 [pool-47-thread-1] INFO  server.RaftServerConfigKeys (ConfUtils.java:logGet(43)) - raft.server.log.statemachine.data.sync.timeout.retry = -1 (default)
2019-09-25 11:56:58,591 [pool-47-thread-1] INFO  server.RaftServerConfigKeys (ConfUtils.java:logGet(43)) - raft.server.log.statemachine.data.caching.enabled = true (custom)
2019-09-25 11:56:58,591 [pool-47-thread-1] INFO  segmented.SegmentedRaftLogWorker (SegmentedRaftLogWorker.java:lambda$new$0(132)) - f59fc06d-a561-4bda-9641-bf15daa2d5cc@group-D067B8CD0638-SegmentedRaftLogWorker: flushIndex: setUnconditionally 0 -> -1
2019-09-25 11:56:58,591 [pool-47-thread-1] INFO  server.RaftServerConfigKeys (ConfUtils.java:logGet(43)) - raft.server.snapshot.auto.trigger.enabled = true (custom)
2019-09-25 11:56:58,592 [pool-47-thread-1] INFO  server.RaftServerConfigKeys (ConfUtils.java:logGet(43)) - raft.server.snapshot.auto.trigger.threshold = 10000 (custom)
2019-09-25 11:56:58,592 [pool-47-thread-1] INFO  server.RaftServerConfigKeys (ConfUtils.java:logGet(43)) - raft.server.snapshot.retention.num.files = 5 (custom)
2019-09-25 11:56:58,592 [pool-47-thread-1] INFO  server.RaftServerConfigKeys (ConfUtils.java:logGet(43)) - raft.server.retrycache.expirytime = 600000ms (custom)
2019-09-25 11:56:58,595 [pool-47-thread-1] INFO  impl.RaftServerImpl (RaftServerImpl.java:start(185)) - f59fc06d-a561-4bda-9641-bf15daa2d5cc@group-D067B8CD0638: start as a follower, conf=-1: [f59fc06d-a561-4bda-9641-bf15daa2d5cc:192.168.151.73:36905], old=null
2019-09-25 11:56:58,595 [pool-47-thread-1] INFO  impl.RaftServerImpl (RaftServerImpl.java:setRole(174)) - f59fc06d-a561-4bda-9641-bf15daa2d5cc@group-D067B8CD0638: changes role from      null to FOLLOWER at term 0 for startAsFollower
2019-09-25 11:56:58,595 [pool-47-thread-1] INFO  impl.RoleInfo (RoleInfo.java:updateAndGet(143)) - f59fc06d-a561-4bda-9641-bf15daa2d5cc: start FollowerState
2019-09-25 11:56:58,595 [pool-47-thread-1] INFO  util.JmxRegister (JmxRegister.java:tryRegister(44)) - Successfully registered JMX Bean with object name Ratis:service=RaftServer,group=group-D067B8CD0638,id=f59fc06d-a561-4bda-9641-bf15daa2d5cc
2019-09-25 11:56:58,601 [RatisPipelineUtilsThread] INFO  pipeline.PipelineStateManager (PipelineStateManager.java:addPipeline(56)) - Created pipeline Pipeline[ Id: ec90b1aa-7549-41aa-9c46-d067b8cd0638, Nodes: f59fc06d-a561-4bda-9641-bf15daa2d5cc{ip: 192.168.151.73, host: pr-hdds-1569-shd4m-3693607622, networkLocation: /default-rack, certSerialId: null}, Type:RATIS, Factor:ONE, State:OPEN]
2019-09-25 11:56:58,602 [RatisPipelineUtilsThread] INFO  pipeline.PipelinePlacementPolicy (PipelinePlacementPolicy.java:meetCriteria(91)) - Pipeline Placement: can't place more pipeline on heavy datanode： a49539dc-5450-4b38-9858-49dc7b52b4cc Heaviness: 6 limit: 5
2019-09-25 11:56:58,602 [RatisPipelineUtilsThread] INFO  pipeline.PipelinePlacementPolicy (PipelinePlacementPolicy.java:meetCriteria(91)) - Pipeline Placement: can't place more pipeline on heavy datanode： defb87f9-b552-40ae-8930-8043bdc1fda2 Heaviness: 6 limit: 5
2019-09-25 11:56:58,614 [grpc-default-executor-0] INFO  impl.RaftServerProxy (RaftServerProxy.java:addNew(89)) - c4c6e274-a2e5-461e-9f46-318649b031aa: addNew group-2279502B0BD8:[c4c6e274-a2e5-461e-9f46-318649b031aa:192.168.151.73:46301] returns group-2279502B0BD8:java.util.concurrent.CompletableFuture@723b385b[Not completed]
2019-09-25 11:56:58,615 [pool-77-thread-1] INFO  impl.RaftServerImpl (RaftServerImpl.java:<init>(95)) - c4c6e274-a2e5-461e-9f46-318649b031aa: new RaftServerImpl for group-2279502B0BD8:[c4c6e274-a2e5-461e-9f46-318649b031aa:192.168.151.73:46301] with ContainerStateMachine:uninitialized
2019-09-25 11:56:58,616 [pool-77-thread-1] INFO  server.RaftServerConfigKeys (ConfUtils.java:logGet(43)) - raft.server.rpc.timeout.min = 5s (custom)
2019-09-25 11:56:58,616 [pool-77-thread-1] INFO  server.RaftServerConfigKeys (ConfUtils.java:logGet(43)) - raft.server.rpc.timeout.max = 5200ms (custom)
2019-09-25 11:56:58,616 [pool-77-thread-1] INFO  server.RaftServerConfigKeys (ConfUtils.java:logGet(43)) - raft.server.rpcslowness.timeout = 120s (custom)
2019-09-25 11:56:58,616 [pool-77-thread-1] INFO  server.RaftServerConfigKeys (ConfUtils.java:logGet(43)) - raft.server.sleep.deviation.threshold = 300 (default)
2019-09-25 11:56:58,616 [pool-77-thread-1] INFO  server.RaftServerConfigKeys (ConfUtils.java:logGet(43)) - raft.server.log.appender.install.snapshot.enabled = false (custom)
2019-09-25 11:56:58,616 [pool-77-thread-1] INFO  impl.RaftServerImpl (ServerState.java:<init>(103)) - c4c6e274-a2e5-461e-9f46-318649b031aa@group-2279502B0BD8: ConfigurationManager, init=-1: [c4c6e274-a2e5-461e-9f46-318649b031aa:192.168.151.73:46301], old=null, confs=<EMPTY_MAP>
2019-09-25 11:56:58,616 [pool-77-thread-1] INFO  server.RaftServerConfigKeys (ConfUtils.java:logGet(43)) - raft.server.storage.dir = [/workdir/hadoop-ozone/integration-test/target/test-dir/MiniOzoneClusterImpl-79e9daf4-eda6-4046-b710-e1fcaf4daad9/datanode-5/data/ratis] (custom)
2019-09-25 11:56:58,617 [pool-77-thread-1] INFO  storage.RaftStorageDirectory (RaftStorageDirectory.java:analyzeStorage(246)) - The storage directory /workdir/hadoop-ozone/integration-test/target/test-dir/MiniOzoneClusterImpl-79e9daf4-eda6-4046-b710-e1fcaf4daad9/datanode-5/data/ratis/6f11e6d1-106d-49c2-a817-2279502b0bd8 does not exist. Creating ...
2019-09-25 11:56:58,624 [pool-77-thread-1] INFO  storage.RaftStorageDirectory (RaftStorageDirectory.java:tryLock(328)) - Lock on /workdir/hadoop-ozone/integration-test/target/test-dir/MiniOzoneClusterImpl-79e9daf4-eda6-4046-b710-e1fcaf4daad9/datanode-5/data/ratis/6f11e6d1-106d-49c2-a817-2279502b0bd8/in_use.lock acquired by nodename 24979@pr-hdds-1569-shd4m-3693607622
2019-09-25 11:56:58,628 [pool-77-thread-1] INFO  storage.RaftStorage (RaftStorage.java:format(72)) - Storage directory /workdir/hadoop-ozone/integration-test/target/test-dir/MiniOzoneClusterImpl-79e9daf4-eda6-4046-b710-e1fcaf4daad9/datanode-5/data/ratis/6f11e6d1-106d-49c2-a817-2279502b0bd8 has been successfully formatted.
2019-09-25 11:56:58,628 [pool-77-thread-1] INFO  ratis.ContainerStateMachine (ContainerStateMachine.java:loadSnapshot(230)) - group-2279502B0BD8: The snapshot info is null. Setting the last applied indexto:(t:0, i:~)
2019-09-25 11:56:58,628 [pool-77-thread-1] INFO  server.RaftServerConfigKeys (ConfUtils.java:logGet(43)) - raft.server.notification.no-leader.timeout = 120s (custom)
2019-09-25 11:56:58,628 [pool-77-thread-1] INFO  server.RaftServerConfigKeys (ConfUtils.java:logGet(43)) - raft.server.log.use.memory = false (default)
2019-09-25 11:56:58,628 [pool-77-thread-1] INFO  server.RaftServerConfigKeys (ConfUtils.java:logGet(43)) - raft.server.log.purge.gap = 1000000 (custom)
2019-09-25 11:56:58,628 [pool-77-thread-1] INFO  server.RaftServerConfigKeys (ConfUtils.java:logGet(43)) - raft.server.log.appender.buffer.byte-limit = 33554432 (custom)
2019-09-25 11:56:58,629 [pool-77-thread-1] INFO  server.RaftServerConfigKeys (ConfUtils.java:logGet(43)) - raft.server.log.segment.size.max = 1048576 (custom)
2019-09-25 11:56:58,629 [pool-77-thread-1] INFO  server.RaftServerConfigKeys (ConfUtils.java:logGet(43)) - raft.server.log.segment.cache.num.max = 2 (custom)
2019-09-25 11:56:58,629 [pool-77-thread-1] INFO  segmented.SegmentedRaftLogWorker (SegmentedRaftLogWorker.java:<init>(172)) - new c4c6e274-a2e5-461e-9f46-318649b031aa@group-2279502B0BD8-SegmentedRaftLogWorker for RaftStorage:Storage Directory /workdir/hadoop-ozone/integration-test/target/test-dir/MiniOzoneClusterImpl-79e9daf4-eda6-4046-b710-e1fcaf4daad9/datanode-5/data/ratis/6f11e6d1-106d-49c2-a817-2279502b0bd8
2019-09-25 11:56:58,629 [pool-77-thread-1] INFO  server.RaftServerConfigKeys (ConfUtils.java:logGet(43)) - raft.server.log.queue.byte-limit = 2147483647 (custom)
2019-09-25 11:56:58,629 [pool-77-thread-1] INFO  server.RaftServerConfigKeys (ConfUtils.java:logGet(43)) - raft.server.log.queue.element-limit = 1024 (custom)
2019-09-25 11:56:58,629 [pool-77-thread-1] INFO  server.RaftServerConfigKeys (ConfUtils.java:logGet(43)) - raft.server.log.segment.size.max = 1048576 (custom)
2019-09-25 11:56:58,629 [pool-77-thread-1] INFO  server.RaftServerConfigKeys (ConfUtils.java:logGet(43)) - raft.server.log.preallocated.size = 16384 (custom)
2019-09-25 11:56:58,629 [pool-77-thread-1] INFO  server.RaftServerConfigKeys (ConfUtils.java:logGet(43)) - raft.server.log.write.buffer.size = 33554432 (custom)
2019-09-25 11:56:58,629 [pool-77-thread-1] INFO  server.RaftServerConfigKeys (ConfUtils.java:logGet(43)) - raft.server.log.force.sync.num = 128 (default)
2019-09-25 11:56:58,629 [pool-77-thread-1] INFO  server.RaftServerConfigKeys (ConfUtils.java:logGet(43)) - raft.server.log.statemachine.data.sync = true (default)
2019-09-25 11:56:58,630 [pool-77-thread-1] INFO  server.RaftServerConfigKeys (ConfUtils.java:logGet(43)) - raft.server.log.statemachine.data.sync.timeout = 10s (default)
2019-09-25 11:56:58,630 [pool-77-thread-1] INFO  server.RaftServerConfigKeys (ConfUtils.java:logGet(43)) - raft.server.log.statemachine.data.sync.timeout.retry = -1 (default)
2019-09-25 11:56:58,630 [pool-77-thread-1] INFO  server.RaftServerConfigKeys (ConfUtils.java:logGet(43)) - raft.server.log.statemachine.data.caching.enabled = true (custom)
2019-09-25 11:56:58,630 [pool-77-thread-1] INFO  segmented.SegmentedRaftLogWorker (SegmentedRaftLogWorker.java:lambda$new$0(132)) - c4c6e274-a2e5-461e-9f46-318649b031aa@group-2279502B0BD8-SegmentedRaftLogWorker: flushIndex: setUnconditionally 0 -> -1
2019-09-25 11:56:58,630 [pool-77-thread-1] INFO  server.RaftServerConfigKeys (ConfUtils.java:logGet(43)) - raft.server.snapshot.auto.trigger.enabled = true (custom)
2019-09-25 11:56:58,630 [pool-77-thread-1] INFO  server.RaftServerConfigKeys (ConfUtils.java:logGet(43)) - raft.server.snapshot.auto.trigger.threshold = 10000 (custom)
2019-09-25 11:56:58,631 [pool-77-thread-1] INFO  server.RaftServerConfigKeys (ConfUtils.java:logGet(43)) - raft.server.snapshot.retention.num.files = 5 (custom)
2019-09-25 11:56:58,631 [pool-77-thread-1] INFO  server.RaftServerConfigKeys (ConfUtils.java:logGet(43)) - raft.server.retrycache.expirytime = 600000ms (custom)
2019-09-25 11:56:58,632 [pool-77-thread-1] INFO  impl.RaftServerImpl (RaftServerImpl.java:start(185)) - c4c6e274-a2e5-461e-9f46-318649b031aa@group-2279502B0BD8: start as a follower, conf=-1: [c4c6e274-a2e5-461e-9f46-318649b031aa:192.168.151.73:46301], old=null
2019-09-25 11:56:58,633 [pool-77-thread-1] INFO  impl.RaftServerImpl (RaftServerImpl.java:setRole(174)) - c4c6e274-a2e5-461e-9f46-318649b031aa@group-2279502B0BD8: changes role from      null to FOLLOWER at term 0 for startAsFollower
2019-09-25 11:56:58,633 [pool-77-thread-1] INFO  impl.RoleInfo (RoleInfo.java:updateAndGet(143)) - c4c6e274-a2e5-461e-9f46-318649b031aa: start FollowerState
2019-09-25 11:56:58,633 [pool-77-thread-1] INFO  util.JmxRegister (JmxRegister.java:tryRegister(44)) - Successfully registered JMX Bean with object name Ratis:service=RaftServer,group=group-2279502B0BD8,id=c4c6e274-a2e5-461e-9f46-318649b031aa
2019-09-25 11:56:58,639 [RatisPipelineUtilsThread] INFO  pipeline.PipelineStateManager (PipelineStateManager.java:addPipeline(56)) - Created pipeline Pipeline[ Id: 6f11e6d1-106d-49c2-a817-2279502b0bd8, Nodes: c4c6e274-a2e5-461e-9f46-318649b031aa{ip: 192.168.151.73, host: pr-hdds-1569-shd4m-3693607622, networkLocation: /default-rack, certSerialId: null}, Type:RATIS, Factor:ONE, State:OPEN]
2019-09-25 11:56:58,639 [RatisPipelineUtilsThread] INFO  pipeline.PipelinePlacementPolicy (PipelinePlacementPolicy.java:meetCriteria(91)) - Pipeline Placement: can't place more pipeline on heavy datanode： a49539dc-5450-4b38-9858-49dc7b52b4cc Heaviness: 6 limit: 5
2019-09-25 11:56:58,640 [RatisPipelineUtilsThread] INFO  pipeline.PipelinePlacementPolicy (PipelinePlacementPolicy.java:meetCriteria(91)) - Pipeline Placement: can't place more pipeline on heavy datanode： defb87f9-b552-40ae-8930-8043bdc1fda2 Heaviness: 6 limit: 5
2019-09-25 11:56:58,648 [grpc-default-executor-0] INFO  impl.RaftServerProxy (RaftServerProxy.java:addNew(89)) - 7361a01f-3bcc-4a30-b80f-3806f83048f3: addNew group-03877CA45B46:[7361a01f-3bcc-4a30-b80f-3806f83048f3:192.168.151.73:35812] returns group-03877CA45B46:java.util.concurrent.CompletableFuture@15b5b9d0[Not completed]
2019-09-25 11:56:58,650 [pool-57-thread-1] INFO  impl.RaftServerImpl (RaftServerImpl.java:<init>(95)) - 7361a01f-3bcc-4a30-b80f-3806f83048f3: new RaftServerImpl for group-03877CA45B46:[7361a01f-3bcc-4a30-b80f-3806f83048f3:192.168.151.73:35812] with ContainerStateMachine:uninitialized
2019-09-25 11:56:58,650 [pool-57-thread-1] INFO  server.RaftServerConfigKeys (ConfUtils.java:logGet(43)) - raft.server.rpc.timeout.min = 5s (custom)
2019-09-25 11:56:58,650 [pool-57-thread-1] INFO  server.RaftServerConfigKeys (ConfUtils.java:logGet(43)) - raft.server.rpc.timeout.max = 5200ms (custom)
2019-09-25 11:56:58,650 [pool-57-thread-1] INFO  server.RaftServerConfigKeys (ConfUtils.java:logGet(43)) - raft.server.rpcslowness.timeout = 120s (custom)
2019-09-25 11:56:58,650 [pool-57-thread-1] INFO  server.RaftServerConfigKeys (ConfUtils.java:logGet(43)) - raft.server.sleep.deviation.threshold = 300 (default)
2019-09-25 11:56:58,650 [pool-57-thread-1] INFO  server.RaftServerConfigKeys (ConfUtils.java:logGet(43)) - raft.server.log.appender.install.snapshot.enabled = false (custom)
2019-09-25 11:56:58,650 [pool-57-thread-1] INFO  impl.RaftServerImpl (ServerState.java:<init>(103)) - 7361a01f-3bcc-4a30-b80f-3806f83048f3@group-03877CA45B46: ConfigurationManager, init=-1: [7361a01f-3bcc-4a30-b80f-3806f83048f3:192.168.151.73:35812], old=null, confs=<EMPTY_MAP>
2019-09-25 11:56:58,651 [pool-57-thread-1] INFO  server.RaftServerConfigKeys (ConfUtils.java:logGet(43)) - raft.server.storage.dir = [/workdir/hadoop-ozone/integration-test/target/test-dir/MiniOzoneClusterImpl-79e9daf4-eda6-4046-b710-e1fcaf4daad9/datanode-3/data/ratis] (custom)
2019-09-25 11:56:58,651 [pool-57-thread-1] INFO  storage.RaftStorageDirectory (RaftStorageDirectory.java:analyzeStorage(246)) - The storage directory /workdir/hadoop-ozone/integration-test/target/test-dir/MiniOzoneClusterImpl-79e9daf4-eda6-4046-b710-e1fcaf4daad9/datanode-3/data/ratis/8082cec0-f776-47c8-a9f1-03877ca45b46 does not exist. Creating ...
2019-09-25 11:56:58,654 [pool-57-thread-1] INFO  storage.RaftStorageDirectory (RaftStorageDirectory.java:tryLock(328)) - Lock on /workdir/hadoop-ozone/integration-test/target/test-dir/MiniOzoneClusterImpl-79e9daf4-eda6-4046-b710-e1fcaf4daad9/datanode-3/data/ratis/8082cec0-f776-47c8-a9f1-03877ca45b46/in_use.lock acquired by nodename 24979@pr-hdds-1569-shd4m-3693607622
2019-09-25 11:56:58,670 [pool-57-thread-1] INFO  storage.RaftStorage (RaftStorage.java:format(72)) - Storage directory /workdir/hadoop-ozone/integration-test/target/test-dir/MiniOzoneClusterImpl-79e9daf4-eda6-4046-b710-e1fcaf4daad9/datanode-3/data/ratis/8082cec0-f776-47c8-a9f1-03877ca45b46 has been successfully formatted.
2019-09-25 11:56:58,670 [pool-57-thread-1] INFO  ratis.ContainerStateMachine (ContainerStateMachine.java:loadSnapshot(230)) - group-03877CA45B46: The snapshot info is null. Setting the last applied indexto:(t:0, i:~)
2019-09-25 11:56:58,670 [pool-57-thread-1] INFO  server.RaftServerConfigKeys (ConfUtils.java:logGet(43)) - raft.server.notification.no-leader.timeout = 120s (custom)
2019-09-25 11:56:58,670 [pool-57-thread-1] INFO  server.RaftServerConfigKeys (ConfUtils.java:logGet(43)) - raft.server.log.use.memory = false (default)
2019-09-25 11:56:58,670 [pool-57-thread-1] INFO  server.RaftServerConfigKeys (ConfUtils.java:logGet(43)) - raft.server.log.purge.gap = 1000000 (custom)
2019-09-25 11:56:58,671 [pool-57-thread-1] INFO  server.RaftServerConfigKeys (ConfUtils.java:logGet(43)) - raft.server.log.appender.buffer.byte-limit = 33554432 (custom)
2019-09-25 11:56:58,671 [pool-57-thread-1] INFO  server.RaftServerConfigKeys (ConfUtils.java:logGet(43)) - raft.server.log.segment.size.max = 1048576 (custom)
2019-09-25 11:56:58,671 [pool-57-thread-1] INFO  server.RaftServerConfigKeys (ConfUtils.java:logGet(43)) - raft.server.log.segment.cache.num.max = 2 (custom)
2019-09-25 11:56:58,671 [pool-57-thread-1] INFO  segmented.SegmentedRaftLogWorker (SegmentedRaftLogWorker.java:<init>(172)) - new 7361a01f-3bcc-4a30-b80f-3806f83048f3@group-03877CA45B46-SegmentedRaftLogWorker for RaftStorage:Storage Directory /workdir/hadoop-ozone/integration-test/target/test-dir/MiniOzoneClusterImpl-79e9daf4-eda6-4046-b710-e1fcaf4daad9/datanode-3/data/ratis/8082cec0-f776-47c8-a9f1-03877ca45b46
2019-09-25 11:56:58,671 [pool-57-thread-1] INFO  server.RaftServerConfigKeys (ConfUtils.java:logGet(43)) - raft.server.log.queue.byte-limit = 2147483647 (custom)
2019-09-25 11:56:58,671 [pool-57-thread-1] INFO  server.RaftServerConfigKeys (ConfUtils.java:logGet(43)) - raft.server.log.queue.element-limit = 1024 (custom)
2019-09-25 11:56:58,671 [pool-57-thread-1] INFO  server.RaftServerConfigKeys (ConfUtils.java:logGet(43)) - raft.server.log.segment.size.max = 1048576 (custom)
2019-09-25 11:56:58,671 [pool-57-thread-1] INFO  server.RaftServerConfigKeys (ConfUtils.java:logGet(43)) - raft.server.log.preallocated.size = 16384 (custom)
2019-09-25 11:56:58,671 [pool-57-thread-1] INFO  server.RaftServerConfigKeys (ConfUtils.java:logGet(43)) - raft.server.log.write.buffer.size = 33554432 (custom)
2019-09-25 11:56:58,672 [pool-57-thread-1] INFO  server.RaftServerConfigKeys (ConfUtils.java:logGet(43)) - raft.server.log.force.sync.num = 128 (default)
2019-09-25 11:56:58,672 [pool-57-thread-1] INFO  server.RaftServerConfigKeys (ConfUtils.java:logGet(43)) - raft.server.log.statemachine.data.sync = true (default)
2019-09-25 11:56:58,672 [pool-57-thread-1] INFO  server.RaftServerConfigKeys (ConfUtils.java:logGet(43)) - raft.server.log.statemachine.data.sync.timeout = 10s (default)
2019-09-25 11:56:58,672 [pool-57-thread-1] INFO  server.RaftServerConfigKeys (ConfUtils.java:logGet(43)) - raft.server.log.statemachine.data.sync.timeout.retry = -1 (default)
2019-09-25 11:56:58,672 [pool-57-thread-1] INFO  server.RaftServerConfigKeys (ConfUtils.java:logGet(43)) - raft.server.log.statemachine.data.caching.enabled = true (custom)
2019-09-25 11:56:58,673 [pool-57-thread-1] INFO  segmented.SegmentedRaftLogWorker (SegmentedRaftLogWorker.java:lambda$new$0(132)) - 7361a01f-3bcc-4a30-b80f-3806f83048f3@group-03877CA45B46-SegmentedRaftLogWorker: flushIndex: setUnconditionally 0 -> -1
2019-09-25 11:56:58,673 [pool-57-thread-1] INFO  server.RaftServerConfigKeys (ConfUtils.java:logGet(43)) - raft.server.snapshot.auto.trigger.enabled = true (custom)
2019-09-25 11:56:58,673 [pool-57-thread-1] INFO  server.RaftServerConfigKeys (ConfUtils.java:logGet(43)) - raft.server.snapshot.auto.trigger.threshold = 10000 (custom)
2019-09-25 11:56:58,673 [pool-57-thread-1] INFO  server.RaftServerConfigKeys (ConfUtils.java:logGet(43)) - raft.server.snapshot.retention.num.files = 5 (custom)
2019-09-25 11:56:58,673 [pool-57-thread-1] INFO  server.RaftServerConfigKeys (ConfUtils.java:logGet(43)) - raft.server.retrycache.expirytime = 600000ms (custom)
2019-09-25 11:56:58,675 [pool-57-thread-1] INFO  impl.RaftServerImpl (RaftServerImpl.java:start(185)) - 7361a01f-3bcc-4a30-b80f-3806f83048f3@group-03877CA45B46: start as a follower, conf=-1: [7361a01f-3bcc-4a30-b80f-3806f83048f3:192.168.151.73:35812], old=null
2019-09-25 11:56:58,675 [pool-57-thread-1] INFO  impl.RaftServerImpl (RaftServerImpl.java:setRole(174)) - 7361a01f-3bcc-4a30-b80f-3806f83048f3@group-03877CA45B46: changes role from      null to FOLLOWER at term 0 for startAsFollower
2019-09-25 11:56:58,675 [pool-57-thread-1] INFO  impl.RoleInfo (RoleInfo.java:updateAndGet(143)) - 7361a01f-3bcc-4a30-b80f-3806f83048f3: start FollowerState
2019-09-25 11:56:58,676 [pool-57-thread-1] INFO  util.JmxRegister (JmxRegister.java:tryRegister(44)) - Successfully registered JMX Bean with object name Ratis:service=RaftServer,group=group-03877CA45B46,id=7361a01f-3bcc-4a30-b80f-3806f83048f3
2019-09-25 11:56:58,683 [RatisPipelineUtilsThread] INFO  pipeline.PipelineStateManager (PipelineStateManager.java:addPipeline(56)) - Created pipeline Pipeline[ Id: 8082cec0-f776-47c8-a9f1-03877ca45b46, Nodes: 7361a01f-3bcc-4a30-b80f-3806f83048f3{ip: 192.168.151.73, host: pr-hdds-1569-shd4m-3693607622, networkLocation: /default-rack, certSerialId: null}, Type:RATIS, Factor:ONE, State:OPEN]
2019-09-25 11:56:58,683 [RatisPipelineUtilsThread] INFO  pipeline.PipelinePlacementPolicy (PipelinePlacementPolicy.java:meetCriteria(91)) - Pipeline Placement: can't place more pipeline on heavy datanode： a49539dc-5450-4b38-9858-49dc7b52b4cc Heaviness: 6 limit: 5
2019-09-25 11:56:58,683 [RatisPipelineUtilsThread] INFO  pipeline.PipelinePlacementPolicy (PipelinePlacementPolicy.java:meetCriteria(91)) - Pipeline Placement: can't place more pipeline on heavy datanode： defb87f9-b552-40ae-8930-8043bdc1fda2 Heaviness: 6 limit: 5
2019-09-25 11:56:58,692 [grpc-default-executor-0] INFO  impl.RaftServerProxy (RaftServerProxy.java:addNew(89)) - f320213e-69dd-47d7-8b12-80f84f010fc9: addNew group-572A4A8EDA24:[f320213e-69dd-47d7-8b12-80f84f010fc9:192.168.151.73:42702] returns group-572A4A8EDA24:java.util.concurrent.CompletableFuture@74e94a64[Not completed]
2019-09-25 11:56:58,694 [pool-67-thread-1] INFO  impl.RaftServerImpl (RaftServerImpl.java:<init>(95)) - f320213e-69dd-47d7-8b12-80f84f010fc9: new RaftServerImpl for group-572A4A8EDA24:[f320213e-69dd-47d7-8b12-80f84f010fc9:192.168.151.73:42702] with ContainerStateMachine:uninitialized
2019-09-25 11:56:58,694 [pool-67-thread-1] INFO  server.RaftServerConfigKeys (ConfUtils.java:logGet(43)) - raft.server.rpc.timeout.min = 5s (custom)
2019-09-25 11:56:58,694 [pool-67-thread-1] INFO  server.RaftServerConfigKeys (ConfUtils.java:logGet(43)) - raft.server.rpc.timeout.max = 5200ms (custom)
2019-09-25 11:56:58,694 [pool-67-thread-1] INFO  server.RaftServerConfigKeys (ConfUtils.java:logGet(43)) - raft.server.rpcslowness.timeout = 120s (custom)
2019-09-25 11:56:58,695 [pool-67-thread-1] INFO  server.RaftServerConfigKeys (ConfUtils.java:logGet(43)) - raft.server.sleep.deviation.threshold = 300 (default)
2019-09-25 11:56:58,695 [pool-67-thread-1] INFO  server.RaftServerConfigKeys (ConfUtils.java:logGet(43)) - raft.server.log.appender.install.snapshot.enabled = false (custom)
2019-09-25 11:56:58,695 [pool-67-thread-1] INFO  impl.RaftServerImpl (ServerState.java:<init>(103)) - f320213e-69dd-47d7-8b12-80f84f010fc9@group-572A4A8EDA24: ConfigurationManager, init=-1: [f320213e-69dd-47d7-8b12-80f84f010fc9:192.168.151.73:42702], old=null, confs=<EMPTY_MAP>
2019-09-25 11:56:58,695 [pool-67-thread-1] INFO  server.RaftServerConfigKeys (ConfUtils.java:logGet(43)) - raft.server.storage.dir = [/workdir/hadoop-ozone/integration-test/target/test-dir/MiniOzoneClusterImpl-79e9daf4-eda6-4046-b710-e1fcaf4daad9/datanode-4/data/ratis] (custom)
2019-09-25 11:56:58,695 [pool-67-thread-1] INFO  storage.RaftStorageDirectory (RaftStorageDirectory.java:analyzeStorage(246)) - The storage directory /workdir/hadoop-ozone/integration-test/target/test-dir/MiniOzoneClusterImpl-79e9daf4-eda6-4046-b710-e1fcaf4daad9/datanode-4/data/ratis/f38b2d42-8fea-4eca-a6d5-572a4a8eda24 does not exist. Creating ...
2019-09-25 11:56:58,708 [pool-67-thread-1] INFO  storage.RaftStorageDirectory (RaftStorageDirectory.java:tryLock(328)) - Lock on /workdir/hadoop-ozone/integration-test/target/test-dir/MiniOzoneClusterImpl-79e9daf4-eda6-4046-b710-e1fcaf4daad9/datanode-4/data/ratis/f38b2d42-8fea-4eca-a6d5-572a4a8eda24/in_use.lock acquired by nodename 24979@pr-hdds-1569-shd4m-3693607622
2019-09-25 11:56:58,721 [pool-67-thread-1] INFO  storage.RaftStorage (RaftStorage.java:format(72)) - Storage directory /workdir/hadoop-ozone/integration-test/target/test-dir/MiniOzoneClusterImpl-79e9daf4-eda6-4046-b710-e1fcaf4daad9/datanode-4/data/ratis/f38b2d42-8fea-4eca-a6d5-572a4a8eda24 has been successfully formatted.
2019-09-25 11:56:58,721 [pool-67-thread-1] INFO  ratis.ContainerStateMachine (ContainerStateMachine.java:loadSnapshot(230)) - group-572A4A8EDA24: The snapshot info is null. Setting the last applied indexto:(t:0, i:~)
2019-09-25 11:56:58,721 [pool-67-thread-1] INFO  server.RaftServerConfigKeys (ConfUtils.java:logGet(43)) - raft.server.notification.no-leader.timeout = 120s (custom)
2019-09-25 11:56:58,721 [pool-67-thread-1] INFO  server.RaftServerConfigKeys (ConfUtils.java:logGet(43)) - raft.server.log.use.memory = false (default)
2019-09-25 11:56:58,721 [pool-67-thread-1] INFO  server.RaftServerConfigKeys (ConfUtils.java:logGet(43)) - raft.server.log.purge.gap = 1000000 (custom)
2019-09-25 11:56:58,722 [pool-67-thread-1] INFO  server.RaftServerConfigKeys (ConfUtils.java:logGet(43)) - raft.server.log.appender.buffer.byte-limit = 33554432 (custom)
2019-09-25 11:56:58,722 [pool-67-thread-1] INFO  server.RaftServerConfigKeys (ConfUtils.java:logGet(43)) - raft.server.log.segment.size.max = 1048576 (custom)
2019-09-25 11:56:58,722 [pool-67-thread-1] INFO  server.RaftServerConfigKeys (ConfUtils.java:logGet(43)) - raft.server.log.segment.cache.num.max = 2 (custom)
2019-09-25 11:56:58,722 [pool-67-thread-1] INFO  segmented.SegmentedRaftLogWorker (SegmentedRaftLogWorker.java:<init>(172)) - new f320213e-69dd-47d7-8b12-80f84f010fc9@group-572A4A8EDA24-SegmentedRaftLogWorker for RaftStorage:Storage Directory /workdir/hadoop-ozone/integration-test/target/test-dir/MiniOzoneClusterImpl-79e9daf4-eda6-4046-b710-e1fcaf4daad9/datanode-4/data/ratis/f38b2d42-8fea-4eca-a6d5-572a4a8eda24
2019-09-25 11:56:58,722 [pool-67-thread-1] INFO  server.RaftServerConfigKeys (ConfUtils.java:logGet(43)) - raft.server.log.queue.byte-limit = 2147483647 (custom)
2019-09-25 11:56:58,722 [pool-67-thread-1] INFO  server.RaftServerConfigKeys (ConfUtils.java:logGet(43)) - raft.server.log.queue.element-limit = 1024 (custom)
2019-09-25 11:56:58,722 [pool-67-thread-1] INFO  server.RaftServerConfigKeys (ConfUtils.java:logGet(43)) - raft.server.log.segment.size.max = 1048576 (custom)
2019-09-25 11:56:58,723 [pool-67-thread-1] INFO  server.RaftServerConfigKeys (ConfUtils.java:logGet(43)) - raft.server.log.preallocated.size = 16384 (custom)
2019-09-25 11:56:58,723 [pool-67-thread-1] INFO  server.RaftServerConfigKeys (ConfUtils.java:logGet(43)) - raft.server.log.write.buffer.size = 33554432 (custom)
2019-09-25 11:56:58,723 [pool-67-thread-1] INFO  server.RaftServerConfigKeys (ConfUtils.java:logGet(43)) - raft.server.log.force.sync.num = 128 (default)
2019-09-25 11:56:58,723 [pool-67-thread-1] INFO  server.RaftServerConfigKeys (ConfUtils.java:logGet(43)) - raft.server.log.statemachine.data.sync = true (default)
2019-09-25 11:56:58,723 [pool-67-thread-1] INFO  server.RaftServerConfigKeys (ConfUtils.java:logGet(43)) - raft.server.log.statemachine.data.sync.timeout = 10s (default)
2019-09-25 11:56:58,723 [pool-67-thread-1] INFO  server.RaftServerConfigKeys (ConfUtils.java:logGet(43)) - raft.server.log.statemachine.data.sync.timeout.retry = -1 (default)
2019-09-25 11:56:58,723 [pool-67-thread-1] INFO  server.RaftServerConfigKeys (ConfUtils.java:logGet(43)) - raft.server.log.statemachine.data.caching.enabled = true (custom)
2019-09-25 11:56:58,724 [pool-67-thread-1] INFO  segmented.SegmentedRaftLogWorker (SegmentedRaftLogWorker.java:lambda$new$0(132)) - f320213e-69dd-47d7-8b12-80f84f010fc9@group-572A4A8EDA24-SegmentedRaftLogWorker: flushIndex: setUnconditionally 0 -> -1
2019-09-25 11:56:58,724 [pool-67-thread-1] INFO  server.RaftServerConfigKeys (ConfUtils.java:logGet(43)) - raft.server.snapshot.auto.trigger.enabled = true (custom)
2019-09-25 11:56:58,724 [pool-67-thread-1] INFO  server.RaftServerConfigKeys (ConfUtils.java:logGet(43)) - raft.server.snapshot.auto.trigger.threshold = 10000 (custom)
2019-09-25 11:56:58,724 [pool-67-thread-1] INFO  server.RaftServerConfigKeys (ConfUtils.java:logGet(43)) - raft.server.snapshot.retention.num.files = 5 (custom)
2019-09-25 11:56:58,724 [pool-67-thread-1] INFO  server.RaftServerConfigKeys (ConfUtils.java:logGet(43)) - raft.server.retrycache.expirytime = 600000ms (custom)
2019-09-25 11:56:58,727 [pool-67-thread-1] INFO  impl.RaftServerImpl (RaftServerImpl.java:start(185)) - f320213e-69dd-47d7-8b12-80f84f010fc9@group-572A4A8EDA24: start as a follower, conf=-1: [f320213e-69dd-47d7-8b12-80f84f010fc9:192.168.151.73:42702], old=null
2019-09-25 11:56:58,727 [pool-67-thread-1] INFO  impl.RaftServerImpl (RaftServerImpl.java:setRole(174)) - f320213e-69dd-47d7-8b12-80f84f010fc9@group-572A4A8EDA24: changes role from      null to FOLLOWER at term 0 for startAsFollower
2019-09-25 11:56:58,727 [pool-67-thread-1] INFO  impl.RoleInfo (RoleInfo.java:updateAndGet(143)) - f320213e-69dd-47d7-8b12-80f84f010fc9: start FollowerState
2019-09-25 11:56:58,727 [pool-67-thread-1] INFO  util.JmxRegister (JmxRegister.java:tryRegister(44)) - Successfully registered JMX Bean with object name Ratis:service=RaftServer,group=group-572A4A8EDA24,id=f320213e-69dd-47d7-8b12-80f84f010fc9
2019-09-25 11:56:58,733 [RatisPipelineUtilsThread] INFO  pipeline.PipelineStateManager (PipelineStateManager.java:addPipeline(56)) - Created pipeline Pipeline[ Id: f38b2d42-8fea-4eca-a6d5-572a4a8eda24, Nodes: f320213e-69dd-47d7-8b12-80f84f010fc9{ip: 192.168.151.73, host: pr-hdds-1569-shd4m-3693607622, networkLocation: /default-rack, certSerialId: null}, Type:RATIS, Factor:ONE, State:OPEN]
2019-09-25 11:56:58,734 [RatisPipelineUtilsThread] INFO  pipeline.PipelinePlacementPolicy (PipelinePlacementPolicy.java:meetCriteria(91)) - Pipeline Placement: can't place more pipeline on heavy datanode： f320213e-69dd-47d7-8b12-80f84f010fc9 Heaviness: 6 limit: 5
2019-09-25 11:56:58,734 [RatisPipelineUtilsThread] INFO  pipeline.PipelinePlacementPolicy (PipelinePlacementPolicy.java:meetCriteria(91)) - Pipeline Placement: can't place more pipeline on heavy datanode： a49539dc-5450-4b38-9858-49dc7b52b4cc Heaviness: 6 limit: 5
2019-09-25 11:56:58,734 [RatisPipelineUtilsThread] INFO  pipeline.PipelinePlacementPolicy (PipelinePlacementPolicy.java:meetCriteria(91)) - Pipeline Placement: can't place more pipeline on heavy datanode： defb87f9-b552-40ae-8930-8043bdc1fda2 Heaviness: 6 limit: 5
2019-09-25 11:56:58,745 [grpc-default-executor-1] INFO  impl.RaftServerProxy (RaftServerProxy.java:addNew(89)) - c4c6e274-a2e5-461e-9f46-318649b031aa: addNew group-85C07197E6FB:[c4c6e274-a2e5-461e-9f46-318649b031aa:192.168.151.73:46301] returns group-85C07197E6FB:java.util.concurrent.CompletableFuture@72d70731[Not completed]
2019-09-25 11:56:58,747 [pool-77-thread-1] INFO  impl.RaftServerImpl (RaftServerImpl.java:<init>(95)) - c4c6e274-a2e5-461e-9f46-318649b031aa: new RaftServerImpl for group-85C07197E6FB:[c4c6e274-a2e5-461e-9f46-318649b031aa:192.168.151.73:46301] with ContainerStateMachine:uninitialized
2019-09-25 11:56:58,748 [pool-77-thread-1] INFO  server.RaftServerConfigKeys (ConfUtils.java:logGet(43)) - raft.server.rpc.timeout.min = 5s (custom)
2019-09-25 11:56:58,748 [pool-77-thread-1] INFO  server.RaftServerConfigKeys (ConfUtils.java:logGet(43)) - raft.server.rpc.timeout.max = 5200ms (custom)
2019-09-25 11:56:58,748 [pool-77-thread-1] INFO  server.RaftServerConfigKeys (ConfUtils.java:logGet(43)) - raft.server.rpcslowness.timeout = 120s (custom)
2019-09-25 11:56:58,748 [pool-77-thread-1] INFO  server.RaftServerConfigKeys (ConfUtils.java:logGet(43)) - raft.server.sleep.deviation.threshold = 300 (default)
2019-09-25 11:56:58,748 [pool-77-thread-1] INFO  server.RaftServerConfigKeys (ConfUtils.java:logGet(43)) - raft.server.log.appender.install.snapshot.enabled = false (custom)
2019-09-25 11:56:58,749 [pool-77-thread-1] INFO  impl.RaftServerImpl (ServerState.java:<init>(103)) - c4c6e274-a2e5-461e-9f46-318649b031aa@group-85C07197E6FB: ConfigurationManager, init=-1: [c4c6e274-a2e5-461e-9f46-318649b031aa:192.168.151.73:46301], old=null, confs=<EMPTY_MAP>
2019-09-25 11:56:58,749 [pool-77-thread-1] INFO  server.RaftServerConfigKeys (ConfUtils.java:logGet(43)) - raft.server.storage.dir = [/workdir/hadoop-ozone/integration-test/target/test-dir/MiniOzoneClusterImpl-79e9daf4-eda6-4046-b710-e1fcaf4daad9/datanode-5/data/ratis] (custom)
2019-09-25 11:56:58,756 [pool-77-thread-1] INFO  storage.RaftStorageDirectory (RaftStorageDirectory.java:analyzeStorage(246)) - The storage directory /workdir/hadoop-ozone/integration-test/target/test-dir/MiniOzoneClusterImpl-79e9daf4-eda6-4046-b710-e1fcaf4daad9/datanode-5/data/ratis/f845184c-2067-4064-8a5e-85c07197e6fb does not exist. Creating ...
2019-09-25 11:56:58,770 [pool-77-thread-1] INFO  storage.RaftStorageDirectory (RaftStorageDirectory.java:tryLock(328)) - Lock on /workdir/hadoop-ozone/integration-test/target/test-dir/MiniOzoneClusterImpl-79e9daf4-eda6-4046-b710-e1fcaf4daad9/datanode-5/data/ratis/f845184c-2067-4064-8a5e-85c07197e6fb/in_use.lock acquired by nodename 24979@pr-hdds-1569-shd4m-3693607622
2019-09-25 11:56:58,786 [pool-77-thread-1] INFO  storage.RaftStorage (RaftStorage.java:format(72)) - Storage directory /workdir/hadoop-ozone/integration-test/target/test-dir/MiniOzoneClusterImpl-79e9daf4-eda6-4046-b710-e1fcaf4daad9/datanode-5/data/ratis/f845184c-2067-4064-8a5e-85c07197e6fb has been successfully formatted.
2019-09-25 11:56:58,787 [pool-77-thread-1] INFO  ratis.ContainerStateMachine (ContainerStateMachine.java:loadSnapshot(230)) - group-85C07197E6FB: The snapshot info is null. Setting the last applied indexto:(t:0, i:~)
2019-09-25 11:56:58,787 [pool-77-thread-1] INFO  server.RaftServerConfigKeys (ConfUtils.java:logGet(43)) - raft.server.notification.no-leader.timeout = 120s (custom)
2019-09-25 11:56:58,787 [pool-77-thread-1] INFO  server.RaftServerConfigKeys (ConfUtils.java:logGet(43)) - raft.server.log.use.memory = false (default)
2019-09-25 11:56:58,788 [pool-77-thread-1] INFO  server.RaftServerConfigKeys (ConfUtils.java:logGet(43)) - raft.server.log.purge.gap = 1000000 (custom)
2019-09-25 11:56:58,788 [pool-77-thread-1] INFO  server.RaftServerConfigKeys (ConfUtils.java:logGet(43)) - raft.server.log.appender.buffer.byte-limit = 33554432 (custom)
2019-09-25 11:56:58,788 [pool-77-thread-1] INFO  server.RaftServerConfigKeys (ConfUtils.java:logGet(43)) - raft.server.log.segment.size.max = 1048576 (custom)
2019-09-25 11:56:58,788 [pool-77-thread-1] INFO  server.RaftServerConfigKeys (ConfUtils.java:logGet(43)) - raft.server.log.segment.cache.num.max = 2 (custom)
2019-09-25 11:56:58,789 [pool-77-thread-1] INFO  segmented.SegmentedRaftLogWorker (SegmentedRaftLogWorker.java:<init>(172)) - new c4c6e274-a2e5-461e-9f46-318649b031aa@group-85C07197E6FB-SegmentedRaftLogWorker for RaftStorage:Storage Directory /workdir/hadoop-ozone/integration-test/target/test-dir/MiniOzoneClusterImpl-79e9daf4-eda6-4046-b710-e1fcaf4daad9/datanode-5/data/ratis/f845184c-2067-4064-8a5e-85c07197e6fb
2019-09-25 11:56:58,789 [pool-77-thread-1] INFO  server.RaftServerConfigKeys (ConfUtils.java:logGet(43)) - raft.server.log.queue.byte-limit = 2147483647 (custom)
2019-09-25 11:56:58,789 [pool-77-thread-1] INFO  server.RaftServerConfigKeys (ConfUtils.java:logGet(43)) - raft.server.log.queue.element-limit = 1024 (custom)
2019-09-25 11:56:58,790 [pool-77-thread-1] INFO  server.RaftServerConfigKeys (ConfUtils.java:logGet(43)) - raft.server.log.segment.size.max = 1048576 (custom)
2019-09-25 11:56:58,790 [pool-77-thread-1] INFO  server.RaftServerConfigKeys (ConfUtils.java:logGet(43)) - raft.server.log.preallocated.size = 16384 (custom)
2019-09-25 11:56:58,790 [pool-77-thread-1] INFO  server.RaftServerConfigKeys (ConfUtils.java:logGet(43)) - raft.server.log.write.buffer.size = 33554432 (custom)
2019-09-25 11:56:58,790 [pool-77-thread-1] INFO  server.RaftServerConfigKeys (ConfUtils.java:logGet(43)) - raft.server.log.force.sync.num = 128 (default)
2019-09-25 11:56:58,791 [pool-77-thread-1] INFO  server.RaftServerConfigKeys (ConfUtils.java:logGet(43)) - raft.server.log.statemachine.data.sync = true (default)
2019-09-25 11:56:58,791 [pool-77-thread-1] INFO  server.RaftServerConfigKeys (ConfUtils.java:logGet(43)) - raft.server.log.statemachine.data.sync.timeout = 10s (default)
2019-09-25 11:56:58,791 [pool-77-thread-1] INFO  server.RaftServerConfigKeys (ConfUtils.java:logGet(43)) - raft.server.log.statemachine.data.sync.timeout.retry = -1 (default)
2019-09-25 11:56:58,792 [pool-77-thread-1] INFO  server.RaftServerConfigKeys (ConfUtils.java:logGet(43)) - raft.server.log.statemachine.data.caching.enabled = true (custom)
2019-09-25 11:56:58,792 [pool-77-thread-1] INFO  segmented.SegmentedRaftLogWorker (SegmentedRaftLogWorker.java:lambda$new$0(132)) - c4c6e274-a2e5-461e-9f46-318649b031aa@group-85C07197E6FB-SegmentedRaftLogWorker: flushIndex: setUnconditionally 0 -> -1
2019-09-25 11:56:58,792 [pool-77-thread-1] INFO  server.RaftServerConfigKeys (ConfUtils.java:logGet(43)) - raft.server.snapshot.auto.trigger.enabled = true (custom)
2019-09-25 11:56:58,793 [pool-77-thread-1] INFO  server.RaftServerConfigKeys (ConfUtils.java:logGet(43)) - raft.server.snapshot.auto.trigger.threshold = 10000 (custom)
2019-09-25 11:56:58,793 [pool-77-thread-1] INFO  server.RaftServerConfigKeys (ConfUtils.java:logGet(43)) - raft.server.snapshot.retention.num.files = 5 (custom)
2019-09-25 11:56:58,793 [pool-77-thread-1] INFO  server.RaftServerConfigKeys (ConfUtils.java:logGet(43)) - raft.server.retrycache.expirytime = 600000ms (custom)
2019-09-25 11:56:58,798 [pool-77-thread-1] INFO  impl.RaftServerImpl (RaftServerImpl.java:start(185)) - c4c6e274-a2e5-461e-9f46-318649b031aa@group-85C07197E6FB: start as a follower, conf=-1: [c4c6e274-a2e5-461e-9f46-318649b031aa:192.168.151.73:46301], old=null
2019-09-25 11:56:58,799 [pool-77-thread-1] INFO  impl.RaftServerImpl (RaftServerImpl.java:setRole(174)) - c4c6e274-a2e5-461e-9f46-318649b031aa@group-85C07197E6FB: changes role from      null to FOLLOWER at term 0 for startAsFollower
2019-09-25 11:56:58,799 [pool-77-thread-1] INFO  impl.RoleInfo (RoleInfo.java:updateAndGet(143)) - c4c6e274-a2e5-461e-9f46-318649b031aa: start FollowerState
2019-09-25 11:56:58,800 [pool-77-thread-1] INFO  util.JmxRegister (JmxRegister.java:tryRegister(44)) - Successfully registered JMX Bean with object name Ratis:service=RaftServer,group=group-85C07197E6FB,id=c4c6e274-a2e5-461e-9f46-318649b031aa
2019-09-25 11:56:58,806 [RatisPipelineUtilsThread] INFO  pipeline.PipelineStateManager (PipelineStateManager.java:addPipeline(56)) - Created pipeline Pipeline[ Id: f845184c-2067-4064-8a5e-85c07197e6fb, Nodes: c4c6e274-a2e5-461e-9f46-318649b031aa{ip: 192.168.151.73, host: pr-hdds-1569-shd4m-3693607622, networkLocation: /default-rack, certSerialId: null}, Type:RATIS, Factor:ONE, State:OPEN]
2019-09-25 11:56:58,807 [RatisPipelineUtilsThread] INFO  pipeline.PipelinePlacementPolicy (PipelinePlacementPolicy.java:meetCriteria(91)) - Pipeline Placement: can't place more pipeline on heavy datanode： f320213e-69dd-47d7-8b12-80f84f010fc9 Heaviness: 6 limit: 5
2019-09-25 11:56:58,807 [RatisPipelineUtilsThread] INFO  pipeline.PipelinePlacementPolicy (PipelinePlacementPolicy.java:meetCriteria(91)) - Pipeline Placement: can't place more pipeline on heavy datanode： a49539dc-5450-4b38-9858-49dc7b52b4cc Heaviness: 6 limit: 5
2019-09-25 11:56:58,807 [RatisPipelineUtilsThread] INFO  pipeline.PipelinePlacementPolicy (PipelinePlacementPolicy.java:meetCriteria(91)) - Pipeline Placement: can't place more pipeline on heavy datanode： defb87f9-b552-40ae-8930-8043bdc1fda2 Heaviness: 6 limit: 5
2019-09-25 11:56:58,821 [grpc-default-executor-1] INFO  impl.RaftServerProxy (RaftServerProxy.java:addNew(89)) - 7361a01f-3bcc-4a30-b80f-3806f83048f3: addNew group-904CBFFFDAFF:[7361a01f-3bcc-4a30-b80f-3806f83048f3:192.168.151.73:35812] returns group-904CBFFFDAFF:java.util.concurrent.CompletableFuture@782f6c41[Not completed]
2019-09-25 11:56:58,822 [pool-57-thread-1] INFO  impl.RaftServerImpl (RaftServerImpl.java:<init>(95)) - 7361a01f-3bcc-4a30-b80f-3806f83048f3: new RaftServerImpl for group-904CBFFFDAFF:[7361a01f-3bcc-4a30-b80f-3806f83048f3:192.168.151.73:35812] with ContainerStateMachine:uninitialized
2019-09-25 11:56:58,822 [pool-57-thread-1] INFO  server.RaftServerConfigKeys (ConfUtils.java:logGet(43)) - raft.server.rpc.timeout.min = 5s (custom)
2019-09-25 11:56:58,822 [pool-57-thread-1] INFO  server.RaftServerConfigKeys (ConfUtils.java:logGet(43)) - raft.server.rpc.timeout.max = 5200ms (custom)
2019-09-25 11:56:58,822 [pool-57-thread-1] INFO  server.RaftServerConfigKeys (ConfUtils.java:logGet(43)) - raft.server.rpcslowness.timeout = 120s (custom)
2019-09-25 11:56:58,822 [pool-57-thread-1] INFO  server.RaftServerConfigKeys (ConfUtils.java:logGet(43)) - raft.server.sleep.deviation.threshold = 300 (default)
2019-09-25 11:56:58,823 [pool-57-thread-1] INFO  server.RaftServerConfigKeys (ConfUtils.java:logGet(43)) - raft.server.log.appender.install.snapshot.enabled = false (custom)
2019-09-25 11:56:58,823 [pool-57-thread-1] INFO  impl.RaftServerImpl (ServerState.java:<init>(103)) - 7361a01f-3bcc-4a30-b80f-3806f83048f3@group-904CBFFFDAFF: ConfigurationManager, init=-1: [7361a01f-3bcc-4a30-b80f-3806f83048f3:192.168.151.73:35812], old=null, confs=<EMPTY_MAP>
2019-09-25 11:56:58,823 [pool-57-thread-1] INFO  server.RaftServerConfigKeys (ConfUtils.java:logGet(43)) - raft.server.storage.dir = [/workdir/hadoop-ozone/integration-test/target/test-dir/MiniOzoneClusterImpl-79e9daf4-eda6-4046-b710-e1fcaf4daad9/datanode-3/data/ratis] (custom)
2019-09-25 11:56:58,823 [pool-57-thread-1] INFO  storage.RaftStorageDirectory (RaftStorageDirectory.java:analyzeStorage(246)) - The storage directory /workdir/hadoop-ozone/integration-test/target/test-dir/MiniOzoneClusterImpl-79e9daf4-eda6-4046-b710-e1fcaf4daad9/datanode-3/data/ratis/61c3cd1f-9445-47f1-ba9d-904cbfffdaff does not exist. Creating ...
2019-09-25 11:56:58,844 [pool-57-thread-1] INFO  storage.RaftStorageDirectory (RaftStorageDirectory.java:tryLock(328)) - Lock on /workdir/hadoop-ozone/integration-test/target/test-dir/MiniOzoneClusterImpl-79e9daf4-eda6-4046-b710-e1fcaf4daad9/datanode-3/data/ratis/61c3cd1f-9445-47f1-ba9d-904cbfffdaff/in_use.lock acquired by nodename 24979@pr-hdds-1569-shd4m-3693607622
2019-09-25 11:56:58,848 [pool-57-thread-1] INFO  storage.RaftStorage (RaftStorage.java:format(72)) - Storage directory /workdir/hadoop-ozone/integration-test/target/test-dir/MiniOzoneClusterImpl-79e9daf4-eda6-4046-b710-e1fcaf4daad9/datanode-3/data/ratis/61c3cd1f-9445-47f1-ba9d-904cbfffdaff has been successfully formatted.
2019-09-25 11:56:58,848 [pool-57-thread-1] INFO  ratis.ContainerStateMachine (ContainerStateMachine.java:loadSnapshot(230)) - group-904CBFFFDAFF: The snapshot info is null. Setting the last applied indexto:(t:0, i:~)
2019-09-25 11:56:58,848 [pool-57-thread-1] INFO  server.RaftServerConfigKeys (ConfUtils.java:logGet(43)) - raft.server.notification.no-leader.timeout = 120s (custom)
2019-09-25 11:56:58,849 [pool-57-thread-1] INFO  server.RaftServerConfigKeys (ConfUtils.java:logGet(43)) - raft.server.log.use.memory = false (default)
2019-09-25 11:56:58,849 [pool-57-thread-1] INFO  server.RaftServerConfigKeys (ConfUtils.java:logGet(43)) - raft.server.log.purge.gap = 1000000 (custom)
2019-09-25 11:56:58,849 [pool-57-thread-1] INFO  server.RaftServerConfigKeys (ConfUtils.java:logGet(43)) - raft.server.log.appender.buffer.byte-limit = 33554432 (custom)
2019-09-25 11:56:58,849 [pool-57-thread-1] INFO  server.RaftServerConfigKeys (ConfUtils.java:logGet(43)) - raft.server.log.segment.size.max = 1048576 (custom)
2019-09-25 11:56:58,849 [pool-57-thread-1] INFO  server.RaftServerConfigKeys (ConfUtils.java:logGet(43)) - raft.server.log.segment.cache.num.max = 2 (custom)
2019-09-25 11:56:58,849 [pool-57-thread-1] INFO  segmented.SegmentedRaftLogWorker (SegmentedRaftLogWorker.java:<init>(172)) - new 7361a01f-3bcc-4a30-b80f-3806f83048f3@group-904CBFFFDAFF-SegmentedRaftLogWorker for RaftStorage:Storage Directory /workdir/hadoop-ozone/integration-test/target/test-dir/MiniOzoneClusterImpl-79e9daf4-eda6-4046-b710-e1fcaf4daad9/datanode-3/data/ratis/61c3cd1f-9445-47f1-ba9d-904cbfffdaff
2019-09-25 11:56:58,849 [pool-57-thread-1] INFO  server.RaftServerConfigKeys (ConfUtils.java:logGet(43)) - raft.server.log.queue.byte-limit = 2147483647 (custom)
2019-09-25 11:56:58,849 [pool-57-thread-1] INFO  server.RaftServerConfigKeys (ConfUtils.java:logGet(43)) - raft.server.log.queue.element-limit = 1024 (custom)
2019-09-25 11:56:58,849 [pool-57-thread-1] INFO  server.RaftServerConfigKeys (ConfUtils.java:logGet(43)) - raft.server.log.segment.size.max = 1048576 (custom)
2019-09-25 11:56:58,850 [pool-57-thread-1] INFO  server.RaftServerConfigKeys (ConfUtils.java:logGet(43)) - raft.server.log.preallocated.size = 16384 (custom)
2019-09-25 11:56:58,850 [pool-57-thread-1] INFO  server.RaftServerConfigKeys (ConfUtils.java:logGet(43)) - raft.server.log.write.buffer.size = 33554432 (custom)
2019-09-25 11:56:58,850 [pool-57-thread-1] INFO  server.RaftServerConfigKeys (ConfUtils.java:logGet(43)) - raft.server.log.force.sync.num = 128 (default)
2019-09-25 11:56:58,850 [pool-57-thread-1] INFO  server.RaftServerConfigKeys (ConfUtils.java:logGet(43)) - raft.server.log.statemachine.data.sync = true (default)
2019-09-25 11:56:58,850 [pool-57-thread-1] INFO  server.RaftServerConfigKeys (ConfUtils.java:logGet(43)) - raft.server.log.statemachine.data.sync.timeout = 10s (default)
2019-09-25 11:56:58,850 [pool-57-thread-1] INFO  server.RaftServerConfigKeys (ConfUtils.java:logGet(43)) - raft.server.log.statemachine.data.sync.timeout.retry = -1 (default)
2019-09-25 11:56:58,850 [pool-57-thread-1] INFO  server.RaftServerConfigKeys (ConfUtils.java:logGet(43)) - raft.server.log.statemachine.data.caching.enabled = true (custom)
2019-09-25 11:56:58,851 [pool-57-thread-1] INFO  segmented.SegmentedRaftLogWorker (SegmentedRaftLogWorker.java:lambda$new$0(132)) - 7361a01f-3bcc-4a30-b80f-3806f83048f3@group-904CBFFFDAFF-SegmentedRaftLogWorker: flushIndex: setUnconditionally 0 -> -1
2019-09-25 11:56:58,851 [pool-57-thread-1] INFO  server.RaftServerConfigKeys (ConfUtils.java:logGet(43)) - raft.server.snapshot.auto.trigger.enabled = true (custom)
2019-09-25 11:56:58,851 [pool-57-thread-1] INFO  server.RaftServerConfigKeys (ConfUtils.java:logGet(43)) - raft.server.snapshot.auto.trigger.threshold = 10000 (custom)
2019-09-25 11:56:58,851 [pool-57-thread-1] INFO  server.RaftServerConfigKeys (ConfUtils.java:logGet(43)) - raft.server.snapshot.retention.num.files = 5 (custom)
2019-09-25 11:56:58,851 [pool-57-thread-1] INFO  server.RaftServerConfigKeys (ConfUtils.java:logGet(43)) - raft.server.retrycache.expirytime = 600000ms (custom)
2019-09-25 11:56:58,854 [pool-57-thread-1] INFO  impl.RaftServerImpl (RaftServerImpl.java:start(185)) - 7361a01f-3bcc-4a30-b80f-3806f83048f3@group-904CBFFFDAFF: start as a follower, conf=-1: [7361a01f-3bcc-4a30-b80f-3806f83048f3:192.168.151.73:35812], old=null
2019-09-25 11:56:58,854 [pool-57-thread-1] INFO  impl.RaftServerImpl (RaftServerImpl.java:setRole(174)) - 7361a01f-3bcc-4a30-b80f-3806f83048f3@group-904CBFFFDAFF: changes role from      null to FOLLOWER at term 0 for startAsFollower
2019-09-25 11:56:58,854 [pool-57-thread-1] INFO  impl.RoleInfo (RoleInfo.java:updateAndGet(143)) - 7361a01f-3bcc-4a30-b80f-3806f83048f3: start FollowerState
2019-09-25 11:56:58,854 [pool-57-thread-1] INFO  util.JmxRegister (JmxRegister.java:tryRegister(44)) - Successfully registered JMX Bean with object name Ratis:service=RaftServer,group=group-904CBFFFDAFF,id=7361a01f-3bcc-4a30-b80f-3806f83048f3
2019-09-25 11:56:58,862 [RatisPipelineUtilsThread] INFO  pipeline.PipelineStateManager (PipelineStateManager.java:addPipeline(56)) - Created pipeline Pipeline[ Id: 61c3cd1f-9445-47f1-ba9d-904cbfffdaff, Nodes: 7361a01f-3bcc-4a30-b80f-3806f83048f3{ip: 192.168.151.73, host: pr-hdds-1569-shd4m-3693607622, networkLocation: /default-rack, certSerialId: null}, Type:RATIS, Factor:ONE, State:OPEN]
2019-09-25 11:56:58,862 [RatisPipelineUtilsThread] INFO  pipeline.PipelinePlacementPolicy (PipelinePlacementPolicy.java:meetCriteria(91)) - Pipeline Placement: can't place more pipeline on heavy datanode： f320213e-69dd-47d7-8b12-80f84f010fc9 Heaviness: 6 limit: 5
2019-09-25 11:56:58,862 [RatisPipelineUtilsThread] INFO  pipeline.PipelinePlacementPolicy (PipelinePlacementPolicy.java:meetCriteria(91)) - Pipeline Placement: can't place more pipeline on heavy datanode： a49539dc-5450-4b38-9858-49dc7b52b4cc Heaviness: 6 limit: 5
2019-09-25 11:56:58,862 [RatisPipelineUtilsThread] INFO  pipeline.PipelinePlacementPolicy (PipelinePlacementPolicy.java:meetCriteria(91)) - Pipeline Placement: can't place more pipeline on heavy datanode： defb87f9-b552-40ae-8930-8043bdc1fda2 Heaviness: 6 limit: 5
2019-09-25 11:56:58,872 [grpc-default-executor-1] INFO  impl.RaftServerProxy (RaftServerProxy.java:addNew(89)) - 59f2e4b8-41c0-4853-b4df-5d86491a517d: addNew group-5321674E6DF7:[59f2e4b8-41c0-4853-b4df-5d86491a517d:192.168.151.73:42681] returns group-5321674E6DF7:java.util.concurrent.CompletableFuture@77098b3b[Not completed]
2019-09-25 11:56:58,873 [pool-87-thread-1] INFO  impl.RaftServerImpl (RaftServerImpl.java:<init>(95)) - 59f2e4b8-41c0-4853-b4df-5d86491a517d: new RaftServerImpl for group-5321674E6DF7:[59f2e4b8-41c0-4853-b4df-5d86491a517d:192.168.151.73:42681] with ContainerStateMachine:uninitialized
2019-09-25 11:56:58,873 [pool-87-thread-1] INFO  server.RaftServerConfigKeys (ConfUtils.java:logGet(43)) - raft.server.rpc.timeout.min = 5s (custom)
2019-09-25 11:56:58,874 [pool-87-thread-1] INFO  server.RaftServerConfigKeys (ConfUtils.java:logGet(43)) - raft.server.rpc.timeout.max = 5200ms (custom)
2019-09-25 11:56:58,874 [pool-87-thread-1] INFO  server.RaftServerConfigKeys (ConfUtils.java:logGet(43)) - raft.server.rpcslowness.timeout = 120s (custom)
2019-09-25 11:56:58,874 [pool-87-thread-1] INFO  server.RaftServerConfigKeys (ConfUtils.java:logGet(43)) - raft.server.sleep.deviation.threshold = 300 (default)
2019-09-25 11:56:58,874 [pool-87-thread-1] INFO  server.RaftServerConfigKeys (ConfUtils.java:logGet(43)) - raft.server.log.appender.install.snapshot.enabled = false (custom)
2019-09-25 11:56:58,874 [pool-87-thread-1] INFO  impl.RaftServerImpl (ServerState.java:<init>(103)) - 59f2e4b8-41c0-4853-b4df-5d86491a517d@group-5321674E6DF7: ConfigurationManager, init=-1: [59f2e4b8-41c0-4853-b4df-5d86491a517d:192.168.151.73:42681], old=null, confs=<EMPTY_MAP>
2019-09-25 11:56:58,874 [pool-87-thread-1] INFO  server.RaftServerConfigKeys (ConfUtils.java:logGet(43)) - raft.server.storage.dir = [/workdir/hadoop-ozone/integration-test/target/test-dir/MiniOzoneClusterImpl-79e9daf4-eda6-4046-b710-e1fcaf4daad9/datanode-6/data/ratis] (custom)
2019-09-25 11:56:58,875 [pool-87-thread-1] INFO  storage.RaftStorageDirectory (RaftStorageDirectory.java:analyzeStorage(246)) - The storage directory /workdir/hadoop-ozone/integration-test/target/test-dir/MiniOzoneClusterImpl-79e9daf4-eda6-4046-b710-e1fcaf4daad9/datanode-6/data/ratis/850353d5-062c-436e-b183-5321674e6df7 does not exist. Creating ...
2019-09-25 11:56:58,888 [pool-87-thread-1] INFO  storage.RaftStorageDirectory (RaftStorageDirectory.java:tryLock(328)) - Lock on /workdir/hadoop-ozone/integration-test/target/test-dir/MiniOzoneClusterImpl-79e9daf4-eda6-4046-b710-e1fcaf4daad9/datanode-6/data/ratis/850353d5-062c-436e-b183-5321674e6df7/in_use.lock acquired by nodename 24979@pr-hdds-1569-shd4m-3693607622
2019-09-25 11:56:58,900 [pool-87-thread-1] INFO  storage.RaftStorage (RaftStorage.java:format(72)) - Storage directory /workdir/hadoop-ozone/integration-test/target/test-dir/MiniOzoneClusterImpl-79e9daf4-eda6-4046-b710-e1fcaf4daad9/datanode-6/data/ratis/850353d5-062c-436e-b183-5321674e6df7 has been successfully formatted.
2019-09-25 11:56:58,900 [pool-87-thread-1] INFO  ratis.ContainerStateMachine (ContainerStateMachine.java:loadSnapshot(230)) - group-5321674E6DF7: The snapshot info is null. Setting the last applied indexto:(t:0, i:~)
2019-09-25 11:56:58,900 [pool-87-thread-1] INFO  server.RaftServerConfigKeys (ConfUtils.java:logGet(43)) - raft.server.notification.no-leader.timeout = 120s (custom)
2019-09-25 11:56:58,900 [pool-87-thread-1] INFO  server.RaftServerConfigKeys (ConfUtils.java:logGet(43)) - raft.server.log.use.memory = false (default)
2019-09-25 11:56:58,901 [pool-87-thread-1] INFO  server.RaftServerConfigKeys (ConfUtils.java:logGet(43)) - raft.server.log.purge.gap = 1000000 (custom)
2019-09-25 11:56:58,901 [pool-87-thread-1] INFO  server.RaftServerConfigKeys (ConfUtils.java:logGet(43)) - raft.server.log.appender.buffer.byte-limit = 33554432 (custom)
2019-09-25 11:56:58,901 [pool-87-thread-1] INFO  server.RaftServerConfigKeys (ConfUtils.java:logGet(43)) - raft.server.log.segment.size.max = 1048576 (custom)
2019-09-25 11:56:58,901 [pool-87-thread-1] INFO  server.RaftServerConfigKeys (ConfUtils.java:logGet(43)) - raft.server.log.segment.cache.num.max = 2 (custom)
2019-09-25 11:56:58,901 [pool-87-thread-1] INFO  segmented.SegmentedRaftLogWorker (SegmentedRaftLogWorker.java:<init>(172)) - new 59f2e4b8-41c0-4853-b4df-5d86491a517d@group-5321674E6DF7-SegmentedRaftLogWorker for RaftStorage:Storage Directory /workdir/hadoop-ozone/integration-test/target/test-dir/MiniOzoneClusterImpl-79e9daf4-eda6-4046-b710-e1fcaf4daad9/datanode-6/data/ratis/850353d5-062c-436e-b183-5321674e6df7
2019-09-25 11:56:58,910 [pool-87-thread-1] INFO  server.RaftServerConfigKeys (ConfUtils.java:logGet(43)) - raft.server.log.queue.byte-limit = 2147483647 (custom)
2019-09-25 11:56:58,930 [pool-87-thread-1] INFO  server.RaftServerConfigKeys (ConfUtils.java:logGet(43)) - raft.server.log.queue.element-limit = 1024 (custom)
2019-09-25 11:56:58,930 [pool-87-thread-1] INFO  server.RaftServerConfigKeys (ConfUtils.java:logGet(43)) - raft.server.log.segment.size.max = 1048576 (custom)
2019-09-25 11:56:58,931 [pool-87-thread-1] INFO  server.RaftServerConfigKeys (ConfUtils.java:logGet(43)) - raft.server.log.preallocated.size = 16384 (custom)
2019-09-25 11:56:58,931 [pool-87-thread-1] INFO  server.RaftServerConfigKeys (ConfUtils.java:logGet(43)) - raft.server.log.write.buffer.size = 33554432 (custom)
2019-09-25 11:56:58,931 [pool-87-thread-1] INFO  server.RaftServerConfigKeys (ConfUtils.java:logGet(43)) - raft.server.log.force.sync.num = 128 (default)
2019-09-25 11:56:58,931 [pool-87-thread-1] INFO  server.RaftServerConfigKeys (ConfUtils.java:logGet(43)) - raft.server.log.statemachine.data.sync = true (default)
2019-09-25 11:56:58,931 [pool-87-thread-1] INFO  server.RaftServerConfigKeys (ConfUtils.java:logGet(43)) - raft.server.log.statemachine.data.sync.timeout = 10s (default)
2019-09-25 11:56:58,931 [pool-87-thread-1] INFO  server.RaftServerConfigKeys (ConfUtils.java:logGet(43)) - raft.server.log.statemachine.data.sync.timeout.retry = -1 (default)
2019-09-25 11:56:58,932 [pool-87-thread-1] INFO  server.RaftServerConfigKeys (ConfUtils.java:logGet(43)) - raft.server.log.statemachine.data.caching.enabled = true (custom)
2019-09-25 11:56:58,932 [pool-87-thread-1] INFO  segmented.SegmentedRaftLogWorker (SegmentedRaftLogWorker.java:lambda$new$0(132)) - 59f2e4b8-41c0-4853-b4df-5d86491a517d@group-5321674E6DF7-SegmentedRaftLogWorker: flushIndex: setUnconditionally 0 -> -1
2019-09-25 11:56:58,933 [pool-87-thread-1] INFO  server.RaftServerConfigKeys (ConfUtils.java:logGet(43)) - raft.server.snapshot.auto.trigger.enabled = true (custom)
2019-09-25 11:56:58,933 [pool-87-thread-1] INFO  server.RaftServerConfigKeys (ConfUtils.java:logGet(43)) - raft.server.snapshot.auto.trigger.threshold = 10000 (custom)
2019-09-25 11:56:58,933 [pool-87-thread-1] INFO  server.RaftServerConfigKeys (ConfUtils.java:logGet(43)) - raft.server.snapshot.retention.num.files = 5 (custom)
2019-09-25 11:56:58,946 [pool-87-thread-1] INFO  server.RaftServerConfigKeys (ConfUtils.java:logGet(43)) - raft.server.retrycache.expirytime = 600000ms (custom)
2019-09-25 11:56:59,174 [pool-87-thread-1] INFO  impl.RaftServerImpl (RaftServerImpl.java:start(185)) - 59f2e4b8-41c0-4853-b4df-5d86491a517d@group-5321674E6DF7: start as a follower, conf=-1: [59f2e4b8-41c0-4853-b4df-5d86491a517d:192.168.151.73:42681], old=null
2019-09-25 11:56:59,175 [pool-87-thread-1] INFO  impl.RaftServerImpl (RaftServerImpl.java:setRole(174)) - 59f2e4b8-41c0-4853-b4df-5d86491a517d@group-5321674E6DF7: changes role from      null to FOLLOWER at term 0 for startAsFollower
2019-09-25 11:56:59,175 [pool-87-thread-1] INFO  impl.RoleInfo (RoleInfo.java:updateAndGet(143)) - 59f2e4b8-41c0-4853-b4df-5d86491a517d: start FollowerState
2019-09-25 11:56:59,175 [pool-87-thread-1] INFO  util.JmxRegister (JmxRegister.java:tryRegister(44)) - Successfully registered JMX Bean with object name Ratis:service=RaftServer,group=group-5321674E6DF7,id=59f2e4b8-41c0-4853-b4df-5d86491a517d
2019-09-25 11:56:59,180 [RatisPipelineUtilsThread] INFO  pipeline.PipelineStateManager (PipelineStateManager.java:addPipeline(56)) - Created pipeline Pipeline[ Id: 850353d5-062c-436e-b183-5321674e6df7, Nodes: 59f2e4b8-41c0-4853-b4df-5d86491a517d{ip: 192.168.151.73, host: pr-hdds-1569-shd4m-3693607622, networkLocation: /default-rack, certSerialId: null}, Type:RATIS, Factor:ONE, State:OPEN]
2019-09-25 11:56:59,180 [RatisPipelineUtilsThread] INFO  pipeline.PipelinePlacementPolicy (PipelinePlacementPolicy.java:meetCriteria(91)) - Pipeline Placement: can't place more pipeline on heavy datanode： f320213e-69dd-47d7-8b12-80f84f010fc9 Heaviness: 6 limit: 5
2019-09-25 11:56:59,180 [RatisPipelineUtilsThread] INFO  pipeline.PipelinePlacementPolicy (PipelinePlacementPolicy.java:meetCriteria(91)) - Pipeline Placement: can't place more pipeline on heavy datanode： a49539dc-5450-4b38-9858-49dc7b52b4cc Heaviness: 6 limit: 5
2019-09-25 11:56:59,180 [RatisPipelineUtilsThread] INFO  pipeline.PipelinePlacementPolicy (PipelinePlacementPolicy.java:meetCriteria(91)) - Pipeline Placement: can't place more pipeline on heavy datanode： defb87f9-b552-40ae-8930-8043bdc1fda2 Heaviness: 6 limit: 5
2019-09-25 11:56:59,190 [grpc-default-executor-1] INFO  impl.RaftServerProxy (RaftServerProxy.java:addNew(89)) - c4c6e274-a2e5-461e-9f46-318649b031aa: addNew group-AD3CCDBE33B4:[c4c6e274-a2e5-461e-9f46-318649b031aa:192.168.151.73:46301] returns group-AD3CCDBE33B4:java.util.concurrent.CompletableFuture@f142a50[Not completed]
2019-09-25 11:56:59,191 [pool-77-thread-1] INFO  impl.RaftServerImpl (RaftServerImpl.java:<init>(95)) - c4c6e274-a2e5-461e-9f46-318649b031aa: new RaftServerImpl for group-AD3CCDBE33B4:[c4c6e274-a2e5-461e-9f46-318649b031aa:192.168.151.73:46301] with ContainerStateMachine:uninitialized
2019-09-25 11:56:59,191 [pool-77-thread-1] INFO  server.RaftServerConfigKeys (ConfUtils.java:logGet(43)) - raft.server.rpc.timeout.min = 5s (custom)
2019-09-25 11:56:59,191 [pool-77-thread-1] INFO  server.RaftServerConfigKeys (ConfUtils.java:logGet(43)) - raft.server.rpc.timeout.max = 5200ms (custom)
2019-09-25 11:56:59,191 [pool-77-thread-1] INFO  server.RaftServerConfigKeys (ConfUtils.java:logGet(43)) - raft.server.rpcslowness.timeout = 120s (custom)
2019-09-25 11:56:59,191 [pool-77-thread-1] INFO  server.RaftServerConfigKeys (ConfUtils.java:logGet(43)) - raft.server.sleep.deviation.threshold = 300 (default)
2019-09-25 11:56:59,191 [pool-77-thread-1] INFO  server.RaftServerConfigKeys (ConfUtils.java:logGet(43)) - raft.server.log.appender.install.snapshot.enabled = false (custom)
2019-09-25 11:56:59,192 [pool-77-thread-1] INFO  impl.RaftServerImpl (ServerState.java:<init>(103)) - c4c6e274-a2e5-461e-9f46-318649b031aa@group-AD3CCDBE33B4: ConfigurationManager, init=-1: [c4c6e274-a2e5-461e-9f46-318649b031aa:192.168.151.73:46301], old=null, confs=<EMPTY_MAP>
2019-09-25 11:56:59,192 [pool-77-thread-1] INFO  server.RaftServerConfigKeys (ConfUtils.java:logGet(43)) - raft.server.storage.dir = [/workdir/hadoop-ozone/integration-test/target/test-dir/MiniOzoneClusterImpl-79e9daf4-eda6-4046-b710-e1fcaf4daad9/datanode-5/data/ratis] (custom)
2019-09-25 11:56:59,192 [pool-77-thread-1] INFO  storage.RaftStorageDirectory (RaftStorageDirectory.java:analyzeStorage(246)) - The storage directory /workdir/hadoop-ozone/integration-test/target/test-dir/MiniOzoneClusterImpl-79e9daf4-eda6-4046-b710-e1fcaf4daad9/datanode-5/data/ratis/f4b50e33-5020-486a-8cc9-ad3ccdbe33b4 does not exist. Creating ...
2019-09-25 11:56:59,202 [pool-77-thread-1] INFO  storage.RaftStorageDirectory (RaftStorageDirectory.java:tryLock(328)) - Lock on /workdir/hadoop-ozone/integration-test/target/test-dir/MiniOzoneClusterImpl-79e9daf4-eda6-4046-b710-e1fcaf4daad9/datanode-5/data/ratis/f4b50e33-5020-486a-8cc9-ad3ccdbe33b4/in_use.lock acquired by nodename 24979@pr-hdds-1569-shd4m-3693607622
2019-09-25 11:56:59,215 [pool-77-thread-1] INFO  storage.RaftStorage (RaftStorage.java:format(72)) - Storage directory /workdir/hadoop-ozone/integration-test/target/test-dir/MiniOzoneClusterImpl-79e9daf4-eda6-4046-b710-e1fcaf4daad9/datanode-5/data/ratis/f4b50e33-5020-486a-8cc9-ad3ccdbe33b4 has been successfully formatted.
2019-09-25 11:56:59,216 [pool-77-thread-1] INFO  ratis.ContainerStateMachine (ContainerStateMachine.java:loadSnapshot(230)) - group-AD3CCDBE33B4: The snapshot info is null. Setting the last applied indexto:(t:0, i:~)
2019-09-25 11:56:59,216 [pool-77-thread-1] INFO  server.RaftServerConfigKeys (ConfUtils.java:logGet(43)) - raft.server.notification.no-leader.timeout = 120s (custom)
2019-09-25 11:56:59,216 [pool-77-thread-1] INFO  server.RaftServerConfigKeys (ConfUtils.java:logGet(43)) - raft.server.log.use.memory = false (default)
2019-09-25 11:56:59,216 [pool-77-thread-1] INFO  server.RaftServerConfigKeys (ConfUtils.java:logGet(43)) - raft.server.log.purge.gap = 1000000 (custom)
2019-09-25 11:56:59,216 [pool-77-thread-1] INFO  server.RaftServerConfigKeys (ConfUtils.java:logGet(43)) - raft.server.log.appender.buffer.byte-limit = 33554432 (custom)
2019-09-25 11:56:59,216 [pool-77-thread-1] INFO  server.RaftServerConfigKeys (ConfUtils.java:logGet(43)) - raft.server.log.segment.size.max = 1048576 (custom)
2019-09-25 11:56:59,217 [pool-77-thread-1] INFO  server.RaftServerConfigKeys (ConfUtils.java:logGet(43)) - raft.server.log.segment.cache.num.max = 2 (custom)
2019-09-25 11:56:59,217 [pool-77-thread-1] INFO  segmented.SegmentedRaftLogWorker (SegmentedRaftLogWorker.java:<init>(172)) - new c4c6e274-a2e5-461e-9f46-318649b031aa@group-AD3CCDBE33B4-SegmentedRaftLogWorker for RaftStorage:Storage Directory /workdir/hadoop-ozone/integration-test/target/test-dir/MiniOzoneClusterImpl-79e9daf4-eda6-4046-b710-e1fcaf4daad9/datanode-5/data/ratis/f4b50e33-5020-486a-8cc9-ad3ccdbe33b4
2019-09-25 11:56:59,217 [pool-77-thread-1] INFO  server.RaftServerConfigKeys (ConfUtils.java:logGet(43)) - raft.server.log.queue.byte-limit = 2147483647 (custom)
2019-09-25 11:56:59,217 [pool-77-thread-1] INFO  server.RaftServerConfigKeys (ConfUtils.java:logGet(43)) - raft.server.log.queue.element-limit = 1024 (custom)
2019-09-25 11:56:59,217 [pool-77-thread-1] INFO  server.RaftServerConfigKeys (ConfUtils.java:logGet(43)) - raft.server.log.segment.size.max = 1048576 (custom)
2019-09-25 11:56:59,217 [pool-77-thread-1] INFO  server.RaftServerConfigKeys (ConfUtils.java:logGet(43)) - raft.server.log.preallocated.size = 16384 (custom)
2019-09-25 11:56:59,217 [pool-77-thread-1] INFO  server.RaftServerConfigKeys (ConfUtils.java:logGet(43)) - raft.server.log.write.buffer.size = 33554432 (custom)
2019-09-25 11:56:59,217 [pool-77-thread-1] INFO  server.RaftServerConfigKeys (ConfUtils.java:logGet(43)) - raft.server.log.force.sync.num = 128 (default)
2019-09-25 11:56:59,217 [pool-77-thread-1] INFO  server.RaftServerConfigKeys (ConfUtils.java:logGet(43)) - raft.server.log.statemachine.data.sync = true (default)
2019-09-25 11:56:59,218 [pool-77-thread-1] INFO  server.RaftServerConfigKeys (ConfUtils.java:logGet(43)) - raft.server.log.statemachine.data.sync.timeout = 10s (default)
2019-09-25 11:56:59,218 [pool-77-thread-1] INFO  server.RaftServerConfigKeys (ConfUtils.java:logGet(43)) - raft.server.log.statemachine.data.sync.timeout.retry = -1 (default)
2019-09-25 11:56:59,218 [pool-77-thread-1] INFO  server.RaftServerConfigKeys (ConfUtils.java:logGet(43)) - raft.server.log.statemachine.data.caching.enabled = true (custom)
2019-09-25 11:56:59,218 [pool-77-thread-1] INFO  segmented.SegmentedRaftLogWorker (SegmentedRaftLogWorker.java:lambda$new$0(132)) - c4c6e274-a2e5-461e-9f46-318649b031aa@group-AD3CCDBE33B4-SegmentedRaftLogWorker: flushIndex: setUnconditionally 0 -> -1
2019-09-25 11:56:59,218 [pool-77-thread-1] INFO  server.RaftServerConfigKeys (ConfUtils.java:logGet(43)) - raft.server.snapshot.auto.trigger.enabled = true (custom)
2019-09-25 11:56:59,218 [pool-77-thread-1] INFO  server.RaftServerConfigKeys (ConfUtils.java:logGet(43)) - raft.server.snapshot.auto.trigger.threshold = 10000 (custom)
2019-09-25 11:56:59,219 [pool-77-thread-1] INFO  server.RaftServerConfigKeys (ConfUtils.java:logGet(43)) - raft.server.snapshot.retention.num.files = 5 (custom)
2019-09-25 11:56:59,219 [pool-77-thread-1] INFO  server.RaftServerConfigKeys (ConfUtils.java:logGet(43)) - raft.server.retrycache.expirytime = 600000ms (custom)
2019-09-25 11:56:59,221 [pool-77-thread-1] INFO  impl.RaftServerImpl (RaftServerImpl.java:start(185)) - c4c6e274-a2e5-461e-9f46-318649b031aa@group-AD3CCDBE33B4: start as a follower, conf=-1: [c4c6e274-a2e5-461e-9f46-318649b031aa:192.168.151.73:46301], old=null
2019-09-25 11:56:59,221 [pool-77-thread-1] INFO  impl.RaftServerImpl (RaftServerImpl.java:setRole(174)) - c4c6e274-a2e5-461e-9f46-318649b031aa@group-AD3CCDBE33B4: changes role from      null to FOLLOWER at term 0 for startAsFollower
2019-09-25 11:56:59,221 [pool-77-thread-1] INFO  impl.RoleInfo (RoleInfo.java:updateAndGet(143)) - c4c6e274-a2e5-461e-9f46-318649b031aa: start FollowerState
2019-09-25 11:56:59,221 [pool-77-thread-1] INFO  util.JmxRegister (JmxRegister.java:tryRegister(44)) - Successfully registered JMX Bean with object name Ratis:service=RaftServer,group=group-AD3CCDBE33B4,id=c4c6e274-a2e5-461e-9f46-318649b031aa
2019-09-25 11:56:59,226 [RatisPipelineUtilsThread] INFO  pipeline.PipelineStateManager (PipelineStateManager.java:addPipeline(56)) - Created pipeline Pipeline[ Id: f4b50e33-5020-486a-8cc9-ad3ccdbe33b4, Nodes: c4c6e274-a2e5-461e-9f46-318649b031aa{ip: 192.168.151.73, host: pr-hdds-1569-shd4m-3693607622, networkLocation: /default-rack, certSerialId: null}, Type:RATIS, Factor:ONE, State:OPEN]
2019-09-25 11:56:59,227 [RatisPipelineUtilsThread] INFO  pipeline.PipelinePlacementPolicy (PipelinePlacementPolicy.java:meetCriteria(91)) - Pipeline Placement: can't place more pipeline on heavy datanode： f320213e-69dd-47d7-8b12-80f84f010fc9 Heaviness: 6 limit: 5
2019-09-25 11:56:59,227 [RatisPipelineUtilsThread] INFO  pipeline.PipelinePlacementPolicy (PipelinePlacementPolicy.java:meetCriteria(91)) - Pipeline Placement: can't place more pipeline on heavy datanode： a49539dc-5450-4b38-9858-49dc7b52b4cc Heaviness: 6 limit: 5
2019-09-25 11:56:59,227 [RatisPipelineUtilsThread] INFO  pipeline.PipelinePlacementPolicy (PipelinePlacementPolicy.java:meetCriteria(91)) - Pipeline Placement: can't place more pipeline on heavy datanode： defb87f9-b552-40ae-8930-8043bdc1fda2 Heaviness: 6 limit: 5
2019-09-25 11:56:59,237 [grpc-default-executor-1] INFO  impl.RaftServerProxy (RaftServerProxy.java:addNew(89)) - 7361a01f-3bcc-4a30-b80f-3806f83048f3: addNew group-A9491123AF0F:[7361a01f-3bcc-4a30-b80f-3806f83048f3:192.168.151.73:35812] returns group-A9491123AF0F:java.util.concurrent.CompletableFuture@66690aa7[Not completed]
2019-09-25 11:56:59,238 [pool-57-thread-1] INFO  impl.RaftServerImpl (RaftServerImpl.java:<init>(95)) - 7361a01f-3bcc-4a30-b80f-3806f83048f3: new RaftServerImpl for group-A9491123AF0F:[7361a01f-3bcc-4a30-b80f-3806f83048f3:192.168.151.73:35812] with ContainerStateMachine:uninitialized
2019-09-25 11:56:59,239 [pool-57-thread-1] INFO  server.RaftServerConfigKeys (ConfUtils.java:logGet(43)) - raft.server.rpc.timeout.min = 5s (custom)
2019-09-25 11:56:59,239 [pool-57-thread-1] INFO  server.RaftServerConfigKeys (ConfUtils.java:logGet(43)) - raft.server.rpc.timeout.max = 5200ms (custom)
2019-09-25 11:56:59,239 [pool-57-thread-1] INFO  server.RaftServerConfigKeys (ConfUtils.java:logGet(43)) - raft.server.rpcslowness.timeout = 120s (custom)
2019-09-25 11:56:59,239 [pool-57-thread-1] INFO  server.RaftServerConfigKeys (ConfUtils.java:logGet(43)) - raft.server.sleep.deviation.threshold = 300 (default)
2019-09-25 11:56:59,239 [pool-57-thread-1] INFO  server.RaftServerConfigKeys (ConfUtils.java:logGet(43)) - raft.server.log.appender.install.snapshot.enabled = false (custom)
2019-09-25 11:56:59,239 [pool-57-thread-1] INFO  impl.RaftServerImpl (ServerState.java:<init>(103)) - 7361a01f-3bcc-4a30-b80f-3806f83048f3@group-A9491123AF0F: ConfigurationManager, init=-1: [7361a01f-3bcc-4a30-b80f-3806f83048f3:192.168.151.73:35812], old=null, confs=<EMPTY_MAP>
2019-09-25 11:56:59,240 [pool-57-thread-1] INFO  server.RaftServerConfigKeys (ConfUtils.java:logGet(43)) - raft.server.storage.dir = [/workdir/hadoop-ozone/integration-test/target/test-dir/MiniOzoneClusterImpl-79e9daf4-eda6-4046-b710-e1fcaf4daad9/datanode-3/data/ratis] (custom)
2019-09-25 11:56:59,240 [pool-57-thread-1] INFO  storage.RaftStorageDirectory (RaftStorageDirectory.java:analyzeStorage(246)) - The storage directory /workdir/hadoop-ozone/integration-test/target/test-dir/MiniOzoneClusterImpl-79e9daf4-eda6-4046-b710-e1fcaf4daad9/datanode-3/data/ratis/874de2f8-9292-4fbc-ae31-a9491123af0f does not exist. Creating ...
2019-09-25 11:56:59,251 [pool-57-thread-1] INFO  storage.RaftStorageDirectory (RaftStorageDirectory.java:tryLock(328)) - Lock on /workdir/hadoop-ozone/integration-test/target/test-dir/MiniOzoneClusterImpl-79e9daf4-eda6-4046-b710-e1fcaf4daad9/datanode-3/data/ratis/874de2f8-9292-4fbc-ae31-a9491123af0f/in_use.lock acquired by nodename 24979@pr-hdds-1569-shd4m-3693607622
2019-09-25 11:56:59,254 [pool-57-thread-1] INFO  storage.RaftStorage (RaftStorage.java:format(72)) - Storage directory /workdir/hadoop-ozone/integration-test/target/test-dir/MiniOzoneClusterImpl-79e9daf4-eda6-4046-b710-e1fcaf4daad9/datanode-3/data/ratis/874de2f8-9292-4fbc-ae31-a9491123af0f has been successfully formatted.
2019-09-25 11:56:59,255 [pool-57-thread-1] INFO  ratis.ContainerStateMachine (ContainerStateMachine.java:loadSnapshot(230)) - group-A9491123AF0F: The snapshot info is null. Setting the last applied indexto:(t:0, i:~)
2019-09-25 11:56:59,255 [pool-57-thread-1] INFO  server.RaftServerConfigKeys (ConfUtils.java:logGet(43)) - raft.server.notification.no-leader.timeout = 120s (custom)
2019-09-25 11:56:59,255 [pool-57-thread-1] INFO  server.RaftServerConfigKeys (ConfUtils.java:logGet(43)) - raft.server.log.use.memory = false (default)
2019-09-25 11:56:59,255 [pool-57-thread-1] INFO  server.RaftServerConfigKeys (ConfUtils.java:logGet(43)) - raft.server.log.purge.gap = 1000000 (custom)
2019-09-25 11:56:59,255 [pool-57-thread-1] INFO  server.RaftServerConfigKeys (ConfUtils.java:logGet(43)) - raft.server.log.appender.buffer.byte-limit = 33554432 (custom)
2019-09-25 11:56:59,255 [pool-57-thread-1] INFO  server.RaftServerConfigKeys (ConfUtils.java:logGet(43)) - raft.server.log.segment.size.max = 1048576 (custom)
2019-09-25 11:56:59,255 [pool-57-thread-1] INFO  server.RaftServerConfigKeys (ConfUtils.java:logGet(43)) - raft.server.log.segment.cache.num.max = 2 (custom)
2019-09-25 11:56:59,255 [pool-57-thread-1] INFO  segmented.SegmentedRaftLogWorker (SegmentedRaftLogWorker.java:<init>(172)) - new 7361a01f-3bcc-4a30-b80f-3806f83048f3@group-A9491123AF0F-SegmentedRaftLogWorker for RaftStorage:Storage Directory /workdir/hadoop-ozone/integration-test/target/test-dir/MiniOzoneClusterImpl-79e9daf4-eda6-4046-b710-e1fcaf4daad9/datanode-3/data/ratis/874de2f8-9292-4fbc-ae31-a9491123af0f
2019-09-25 11:56:59,256 [pool-57-thread-1] INFO  server.RaftServerConfigKeys (ConfUtils.java:logGet(43)) - raft.server.log.queue.byte-limit = 2147483647 (custom)
2019-09-25 11:56:59,256 [pool-57-thread-1] INFO  server.RaftServerConfigKeys (ConfUtils.java:logGet(43)) - raft.server.log.queue.element-limit = 1024 (custom)
2019-09-25 11:56:59,256 [pool-57-thread-1] INFO  server.RaftServerConfigKeys (ConfUtils.java:logGet(43)) - raft.server.log.segment.size.max = 1048576 (custom)
2019-09-25 11:56:59,256 [pool-57-thread-1] INFO  server.RaftServerConfigKeys (ConfUtils.java:logGet(43)) - raft.server.log.preallocated.size = 16384 (custom)
2019-09-25 11:56:59,256 [pool-57-thread-1] INFO  server.RaftServerConfigKeys (ConfUtils.java:logGet(43)) - raft.server.log.write.buffer.size = 33554432 (custom)
2019-09-25 11:56:59,256 [pool-57-thread-1] INFO  server.RaftServerConfigKeys (ConfUtils.java:logGet(43)) - raft.server.log.force.sync.num = 128 (default)
2019-09-25 11:56:59,256 [pool-57-thread-1] INFO  server.RaftServerConfigKeys (ConfUtils.java:logGet(43)) - raft.server.log.statemachine.data.sync = true (default)
2019-09-25 11:56:59,256 [pool-57-thread-1] INFO  server.RaftServerConfigKeys (ConfUtils.java:logGet(43)) - raft.server.log.statemachine.data.sync.timeout = 10s (default)
2019-09-25 11:56:59,256 [pool-57-thread-1] INFO  server.RaftServerConfigKeys (ConfUtils.java:logGet(43)) - raft.server.log.statemachine.data.sync.timeout.retry = -1 (default)
2019-09-25 11:56:59,257 [pool-57-thread-1] INFO  server.RaftServerConfigKeys (ConfUtils.java:logGet(43)) - raft.server.log.statemachine.data.caching.enabled = true (custom)
2019-09-25 11:56:59,257 [pool-57-thread-1] INFO  segmented.SegmentedRaftLogWorker (SegmentedRaftLogWorker.java:lambda$new$0(132)) - 7361a01f-3bcc-4a30-b80f-3806f83048f3@group-A9491123AF0F-SegmentedRaftLogWorker: flushIndex: setUnconditionally 0 -> -1
2019-09-25 11:56:59,257 [pool-57-thread-1] INFO  server.RaftServerConfigKeys (ConfUtils.java:logGet(43)) - raft.server.snapshot.auto.trigger.enabled = true (custom)
2019-09-25 11:56:59,257 [pool-57-thread-1] INFO  server.RaftServerConfigKeys (ConfUtils.java:logGet(43)) - raft.server.snapshot.auto.trigger.threshold = 10000 (custom)
2019-09-25 11:56:59,257 [pool-57-thread-1] INFO  server.RaftServerConfigKeys (ConfUtils.java:logGet(43)) - raft.server.snapshot.retention.num.files = 5 (custom)
2019-09-25 11:56:59,258 [pool-57-thread-1] INFO  server.RaftServerConfigKeys (ConfUtils.java:logGet(43)) - raft.server.retrycache.expirytime = 600000ms (custom)
2019-09-25 11:56:59,260 [pool-57-thread-1] INFO  impl.RaftServerImpl (RaftServerImpl.java:start(185)) - 7361a01f-3bcc-4a30-b80f-3806f83048f3@group-A9491123AF0F: start as a follower, conf=-1: [7361a01f-3bcc-4a30-b80f-3806f83048f3:192.168.151.73:35812], old=null
2019-09-25 11:56:59,261 [pool-57-thread-1] INFO  impl.RaftServerImpl (RaftServerImpl.java:setRole(174)) - 7361a01f-3bcc-4a30-b80f-3806f83048f3@group-A9491123AF0F: changes role from      null to FOLLOWER at term 0 for startAsFollower
2019-09-25 11:56:59,261 [pool-57-thread-1] INFO  impl.RoleInfo (RoleInfo.java:updateAndGet(143)) - 7361a01f-3bcc-4a30-b80f-3806f83048f3: start FollowerState
2019-09-25 11:56:59,261 [pool-57-thread-1] INFO  util.JmxRegister (JmxRegister.java:tryRegister(44)) - Successfully registered JMX Bean with object name Ratis:service=RaftServer,group=group-A9491123AF0F,id=7361a01f-3bcc-4a30-b80f-3806f83048f3
2019-09-25 11:56:59,267 [RatisPipelineUtilsThread] INFO  pipeline.PipelineStateManager (PipelineStateManager.java:addPipeline(56)) - Created pipeline Pipeline[ Id: 874de2f8-9292-4fbc-ae31-a9491123af0f, Nodes: 7361a01f-3bcc-4a30-b80f-3806f83048f3{ip: 192.168.151.73, host: pr-hdds-1569-shd4m-3693607622, networkLocation: /default-rack, certSerialId: null}, Type:RATIS, Factor:ONE, State:OPEN]
2019-09-25 11:56:59,267 [RatisPipelineUtilsThread] INFO  pipeline.PipelinePlacementPolicy (PipelinePlacementPolicy.java:meetCriteria(91)) - Pipeline Placement: can't place more pipeline on heavy datanode： f320213e-69dd-47d7-8b12-80f84f010fc9 Heaviness: 6 limit: 5
2019-09-25 11:56:59,267 [RatisPipelineUtilsThread] INFO  pipeline.PipelinePlacementPolicy (PipelinePlacementPolicy.java:meetCriteria(91)) - Pipeline Placement: can't place more pipeline on heavy datanode： a49539dc-5450-4b38-9858-49dc7b52b4cc Heaviness: 6 limit: 5
2019-09-25 11:56:59,267 [RatisPipelineUtilsThread] INFO  pipeline.PipelinePlacementPolicy (PipelinePlacementPolicy.java:meetCriteria(91)) - Pipeline Placement: can't place more pipeline on heavy datanode： defb87f9-b552-40ae-8930-8043bdc1fda2 Heaviness: 6 limit: 5
2019-09-25 11:56:59,277 [grpc-default-executor-1] INFO  impl.RaftServerProxy (RaftServerProxy.java:addNew(89)) - f59fc06d-a561-4bda-9641-bf15daa2d5cc: addNew group-C5E2111D3C8F:[f59fc06d-a561-4bda-9641-bf15daa2d5cc:192.168.151.73:36905] returns group-C5E2111D3C8F:java.util.concurrent.CompletableFuture@14104243[Not completed]
2019-09-25 11:56:59,278 [pool-47-thread-1] INFO  impl.RaftServerImpl (RaftServerImpl.java:<init>(95)) - f59fc06d-a561-4bda-9641-bf15daa2d5cc: new RaftServerImpl for group-C5E2111D3C8F:[f59fc06d-a561-4bda-9641-bf15daa2d5cc:192.168.151.73:36905] with ContainerStateMachine:uninitialized
2019-09-25 11:56:59,278 [pool-47-thread-1] INFO  server.RaftServerConfigKeys (ConfUtils.java:logGet(43)) - raft.server.rpc.timeout.min = 5s (custom)
2019-09-25 11:56:59,279 [pool-47-thread-1] INFO  server.RaftServerConfigKeys (ConfUtils.java:logGet(43)) - raft.server.rpc.timeout.max = 5200ms (custom)
2019-09-25 11:56:59,279 [pool-47-thread-1] INFO  server.RaftServerConfigKeys (ConfUtils.java:logGet(43)) - raft.server.rpcslowness.timeout = 120s (custom)
2019-09-25 11:56:59,279 [pool-47-thread-1] INFO  server.RaftServerConfigKeys (ConfUtils.java:logGet(43)) - raft.server.sleep.deviation.threshold = 300 (default)
2019-09-25 11:56:59,279 [pool-47-thread-1] INFO  server.RaftServerConfigKeys (ConfUtils.java:logGet(43)) - raft.server.log.appender.install.snapshot.enabled = false (custom)
2019-09-25 11:56:59,279 [pool-47-thread-1] INFO  impl.RaftServerImpl (ServerState.java:<init>(103)) - f59fc06d-a561-4bda-9641-bf15daa2d5cc@group-C5E2111D3C8F: ConfigurationManager, init=-1: [f59fc06d-a561-4bda-9641-bf15daa2d5cc:192.168.151.73:36905], old=null, confs=<EMPTY_MAP>
2019-09-25 11:56:59,279 [pool-47-thread-1] INFO  server.RaftServerConfigKeys (ConfUtils.java:logGet(43)) - raft.server.storage.dir = [/workdir/hadoop-ozone/integration-test/target/test-dir/MiniOzoneClusterImpl-79e9daf4-eda6-4046-b710-e1fcaf4daad9/datanode-2/data/ratis] (custom)
2019-09-25 11:56:59,280 [pool-47-thread-1] INFO  storage.RaftStorageDirectory (RaftStorageDirectory.java:analyzeStorage(246)) - The storage directory /workdir/hadoop-ozone/integration-test/target/test-dir/MiniOzoneClusterImpl-79e9daf4-eda6-4046-b710-e1fcaf4daad9/datanode-2/data/ratis/0270b4e8-7547-4d03-a975-c5e2111d3c8f does not exist. Creating ...
2019-09-25 11:56:59,293 [pool-47-thread-1] INFO  storage.RaftStorageDirectory (RaftStorageDirectory.java:tryLock(328)) - Lock on /workdir/hadoop-ozone/integration-test/target/test-dir/MiniOzoneClusterImpl-79e9daf4-eda6-4046-b710-e1fcaf4daad9/datanode-2/data/ratis/0270b4e8-7547-4d03-a975-c5e2111d3c8f/in_use.lock acquired by nodename 24979@pr-hdds-1569-shd4m-3693607622
2019-09-25 11:56:59,308 [pool-47-thread-1] INFO  storage.RaftStorage (RaftStorage.java:format(72)) - Storage directory /workdir/hadoop-ozone/integration-test/target/test-dir/MiniOzoneClusterImpl-79e9daf4-eda6-4046-b710-e1fcaf4daad9/datanode-2/data/ratis/0270b4e8-7547-4d03-a975-c5e2111d3c8f has been successfully formatted.
2019-09-25 11:56:59,308 [pool-47-thread-1] INFO  ratis.ContainerStateMachine (ContainerStateMachine.java:loadSnapshot(230)) - group-C5E2111D3C8F: The snapshot info is null. Setting the last applied indexto:(t:0, i:~)
2019-09-25 11:56:59,308 [pool-47-thread-1] INFO  server.RaftServerConfigKeys (ConfUtils.java:logGet(43)) - raft.server.notification.no-leader.timeout = 120s (custom)
2019-09-25 11:56:59,308 [pool-47-thread-1] INFO  server.RaftServerConfigKeys (ConfUtils.java:logGet(43)) - raft.server.log.use.memory = false (default)
2019-09-25 11:56:59,308 [pool-47-thread-1] INFO  server.RaftServerConfigKeys (ConfUtils.java:logGet(43)) - raft.server.log.purge.gap = 1000000 (custom)
2019-09-25 11:56:59,309 [pool-47-thread-1] INFO  server.RaftServerConfigKeys (ConfUtils.java:logGet(43)) - raft.server.log.appender.buffer.byte-limit = 33554432 (custom)
2019-09-25 11:56:59,309 [pool-47-thread-1] INFO  server.RaftServerConfigKeys (ConfUtils.java:logGet(43)) - raft.server.log.segment.size.max = 1048576 (custom)
2019-09-25 11:56:59,309 [pool-47-thread-1] INFO  server.RaftServerConfigKeys (ConfUtils.java:logGet(43)) - raft.server.log.segment.cache.num.max = 2 (custom)
2019-09-25 11:56:59,309 [pool-47-thread-1] INFO  segmented.SegmentedRaftLogWorker (SegmentedRaftLogWorker.java:<init>(172)) - new f59fc06d-a561-4bda-9641-bf15daa2d5cc@group-C5E2111D3C8F-SegmentedRaftLogWorker for RaftStorage:Storage Directory /workdir/hadoop-ozone/integration-test/target/test-dir/MiniOzoneClusterImpl-79e9daf4-eda6-4046-b710-e1fcaf4daad9/datanode-2/data/ratis/0270b4e8-7547-4d03-a975-c5e2111d3c8f
2019-09-25 11:56:59,309 [pool-47-thread-1] INFO  server.RaftServerConfigKeys (ConfUtils.java:logGet(43)) - raft.server.log.queue.byte-limit = 2147483647 (custom)
2019-09-25 11:56:59,309 [pool-47-thread-1] INFO  server.RaftServerConfigKeys (ConfUtils.java:logGet(43)) - raft.server.log.queue.element-limit = 1024 (custom)
2019-09-25 11:56:59,309 [pool-47-thread-1] INFO  server.RaftServerConfigKeys (ConfUtils.java:logGet(43)) - raft.server.log.segment.size.max = 1048576 (custom)
2019-09-25 11:56:59,309 [pool-47-thread-1] INFO  server.RaftServerConfigKeys (ConfUtils.java:logGet(43)) - raft.server.log.preallocated.size = 16384 (custom)
2019-09-25 11:56:59,310 [pool-47-thread-1] INFO  server.RaftServerConfigKeys (ConfUtils.java:logGet(43)) - raft.server.log.write.buffer.size = 33554432 (custom)
2019-09-25 11:56:59,310 [pool-47-thread-1] INFO  server.RaftServerConfigKeys (ConfUtils.java:logGet(43)) - raft.server.log.force.sync.num = 128 (default)
2019-09-25 11:56:59,310 [pool-47-thread-1] INFO  server.RaftServerConfigKeys (ConfUtils.java:logGet(43)) - raft.server.log.statemachine.data.sync = true (default)
2019-09-25 11:56:59,310 [pool-47-thread-1] INFO  server.RaftServerConfigKeys (ConfUtils.java:logGet(43)) - raft.server.log.statemachine.data.sync.timeout = 10s (default)
2019-09-25 11:56:59,310 [pool-47-thread-1] INFO  server.RaftServerConfigKeys (ConfUtils.java:logGet(43)) - raft.server.log.statemachine.data.sync.timeout.retry = -1 (default)
2019-09-25 11:56:59,310 [pool-47-thread-1] INFO  server.RaftServerConfigKeys (ConfUtils.java:logGet(43)) - raft.server.log.statemachine.data.caching.enabled = true (custom)
2019-09-25 11:56:59,311 [pool-47-thread-1] INFO  segmented.SegmentedRaftLogWorker (SegmentedRaftLogWorker.java:lambda$new$0(132)) - f59fc06d-a561-4bda-9641-bf15daa2d5cc@group-C5E2111D3C8F-SegmentedRaftLogWorker: flushIndex: setUnconditionally 0 -> -1
2019-09-25 11:56:59,311 [pool-47-thread-1] INFO  server.RaftServerConfigKeys (ConfUtils.java:logGet(43)) - raft.server.snapshot.auto.trigger.enabled = true (custom)
2019-09-25 11:56:59,311 [pool-47-thread-1] INFO  server.RaftServerConfigKeys (ConfUtils.java:logGet(43)) - raft.server.snapshot.auto.trigger.threshold = 10000 (custom)
2019-09-25 11:56:59,311 [pool-47-thread-1] INFO  server.RaftServerConfigKeys (ConfUtils.java:logGet(43)) - raft.server.snapshot.retention.num.files = 5 (custom)
2019-09-25 11:56:59,311 [pool-47-thread-1] INFO  server.RaftServerConfigKeys (ConfUtils.java:logGet(43)) - raft.server.retrycache.expirytime = 600000ms (custom)
2019-09-25 11:56:59,314 [pool-47-thread-1] INFO  impl.RaftServerImpl (RaftServerImpl.java:start(185)) - f59fc06d-a561-4bda-9641-bf15daa2d5cc@group-C5E2111D3C8F: start as a follower, conf=-1: [f59fc06d-a561-4bda-9641-bf15daa2d5cc:192.168.151.73:36905], old=null
2019-09-25 11:56:59,314 [pool-47-thread-1] INFO  impl.RaftServerImpl (RaftServerImpl.java:setRole(174)) - f59fc06d-a561-4bda-9641-bf15daa2d5cc@group-C5E2111D3C8F: changes role from      null to FOLLOWER at term 0 for startAsFollower
2019-09-25 11:56:59,314 [pool-47-thread-1] INFO  impl.RoleInfo (RoleInfo.java:updateAndGet(143)) - f59fc06d-a561-4bda-9641-bf15daa2d5cc: start FollowerState
2019-09-25 11:56:59,315 [pool-47-thread-1] INFO  util.JmxRegister (JmxRegister.java:tryRegister(44)) - Successfully registered JMX Bean with object name Ratis:service=RaftServer,group=group-C5E2111D3C8F,id=f59fc06d-a561-4bda-9641-bf15daa2d5cc
2019-09-25 11:56:59,320 [RatisPipelineUtilsThread] INFO  pipeline.PipelineStateManager (PipelineStateManager.java:addPipeline(56)) - Created pipeline Pipeline[ Id: 0270b4e8-7547-4d03-a975-c5e2111d3c8f, Nodes: f59fc06d-a561-4bda-9641-bf15daa2d5cc{ip: 192.168.151.73, host: pr-hdds-1569-shd4m-3693607622, networkLocation: /default-rack, certSerialId: null}, Type:RATIS, Factor:ONE, State:OPEN]
2019-09-25 11:56:59,320 [RatisPipelineUtilsThread] INFO  pipeline.PipelinePlacementPolicy (PipelinePlacementPolicy.java:meetCriteria(91)) - Pipeline Placement: can't place more pipeline on heavy datanode： f320213e-69dd-47d7-8b12-80f84f010fc9 Heaviness: 6 limit: 5
2019-09-25 11:56:59,320 [RatisPipelineUtilsThread] INFO  pipeline.PipelinePlacementPolicy (PipelinePlacementPolicy.java:meetCriteria(91)) - Pipeline Placement: can't place more pipeline on heavy datanode： a49539dc-5450-4b38-9858-49dc7b52b4cc Heaviness: 6 limit: 5
2019-09-25 11:56:59,320 [RatisPipelineUtilsThread] INFO  pipeline.PipelinePlacementPolicy (PipelinePlacementPolicy.java:meetCriteria(91)) - Pipeline Placement: can't place more pipeline on heavy datanode： defb87f9-b552-40ae-8930-8043bdc1fda2 Heaviness: 6 limit: 5
2019-09-25 11:56:59,330 [grpc-default-executor-1] INFO  impl.RaftServerProxy (RaftServerProxy.java:addNew(89)) - f59fc06d-a561-4bda-9641-bf15daa2d5cc: addNew group-2A4196E36D76:[f59fc06d-a561-4bda-9641-bf15daa2d5cc:192.168.151.73:36905] returns group-2A4196E36D76:java.util.concurrent.CompletableFuture@775e2e68[Not completed]
2019-09-25 11:56:59,332 [pool-47-thread-1] INFO  impl.RaftServerImpl (RaftServerImpl.java:<init>(95)) - f59fc06d-a561-4bda-9641-bf15daa2d5cc: new RaftServerImpl for group-2A4196E36D76:[f59fc06d-a561-4bda-9641-bf15daa2d5cc:192.168.151.73:36905] with ContainerStateMachine:uninitialized
2019-09-25 11:56:59,332 [pool-47-thread-1] INFO  server.RaftServerConfigKeys (ConfUtils.java:logGet(43)) - raft.server.rpc.timeout.min = 5s (custom)
2019-09-25 11:56:59,332 [pool-47-thread-1] INFO  server.RaftServerConfigKeys (ConfUtils.java:logGet(43)) - raft.server.rpc.timeout.max = 5200ms (custom)
2019-09-25 11:56:59,332 [pool-47-thread-1] INFO  server.RaftServerConfigKeys (ConfUtils.java:logGet(43)) - raft.server.rpcslowness.timeout = 120s (custom)
2019-09-25 11:56:59,332 [pool-47-thread-1] INFO  server.RaftServerConfigKeys (ConfUtils.java:logGet(43)) - raft.server.sleep.deviation.threshold = 300 (default)
2019-09-25 11:56:59,333 [pool-47-thread-1] INFO  server.RaftServerConfigKeys (ConfUtils.java:logGet(43)) - raft.server.log.appender.install.snapshot.enabled = false (custom)
2019-09-25 11:56:59,333 [pool-47-thread-1] INFO  impl.RaftServerImpl (ServerState.java:<init>(103)) - f59fc06d-a561-4bda-9641-bf15daa2d5cc@group-2A4196E36D76: ConfigurationManager, init=-1: [f59fc06d-a561-4bda-9641-bf15daa2d5cc:192.168.151.73:36905], old=null, confs=<EMPTY_MAP>
2019-09-25 11:56:59,333 [pool-47-thread-1] INFO  server.RaftServerConfigKeys (ConfUtils.java:logGet(43)) - raft.server.storage.dir = [/workdir/hadoop-ozone/integration-test/target/test-dir/MiniOzoneClusterImpl-79e9daf4-eda6-4046-b710-e1fcaf4daad9/datanode-2/data/ratis] (custom)
2019-09-25 11:56:59,333 [pool-47-thread-1] INFO  storage.RaftStorageDirectory (RaftStorageDirectory.java:analyzeStorage(246)) - The storage directory /workdir/hadoop-ozone/integration-test/target/test-dir/MiniOzoneClusterImpl-79e9daf4-eda6-4046-b710-e1fcaf4daad9/datanode-2/data/ratis/bcdd55d3-d8de-4ba6-bc09-2a4196e36d76 does not exist. Creating ...
2019-09-25 11:56:59,338 [pool-47-thread-1] INFO  storage.RaftStorageDirectory (RaftStorageDirectory.java:tryLock(328)) - Lock on /workdir/hadoop-ozone/integration-test/target/test-dir/MiniOzoneClusterImpl-79e9daf4-eda6-4046-b710-e1fcaf4daad9/datanode-2/data/ratis/bcdd55d3-d8de-4ba6-bc09-2a4196e36d76/in_use.lock acquired by nodename 24979@pr-hdds-1569-shd4m-3693607622
2019-09-25 11:56:59,342 [pool-47-thread-1] INFO  storage.RaftStorage (RaftStorage.java:format(72)) - Storage directory /workdir/hadoop-ozone/integration-test/target/test-dir/MiniOzoneClusterImpl-79e9daf4-eda6-4046-b710-e1fcaf4daad9/datanode-2/data/ratis/bcdd55d3-d8de-4ba6-bc09-2a4196e36d76 has been successfully formatted.
2019-09-25 11:56:59,342 [pool-47-thread-1] INFO  ratis.ContainerStateMachine (ContainerStateMachine.java:loadSnapshot(230)) - group-2A4196E36D76: The snapshot info is null. Setting the last applied indexto:(t:0, i:~)
2019-09-25 11:56:59,342 [pool-47-thread-1] INFO  server.RaftServerConfigKeys (ConfUtils.java:logGet(43)) - raft.server.notification.no-leader.timeout = 120s (custom)
2019-09-25 11:56:59,342 [pool-47-thread-1] INFO  server.RaftServerConfigKeys (ConfUtils.java:logGet(43)) - raft.server.log.use.memory = false (default)
2019-09-25 11:56:59,342 [pool-47-thread-1] INFO  server.RaftServerConfigKeys (ConfUtils.java:logGet(43)) - raft.server.log.purge.gap = 1000000 (custom)
2019-09-25 11:56:59,342 [pool-47-thread-1] INFO  server.RaftServerConfigKeys (ConfUtils.java:logGet(43)) - raft.server.log.appender.buffer.byte-limit = 33554432 (custom)
2019-09-25 11:56:59,343 [pool-47-thread-1] INFO  server.RaftServerConfigKeys (ConfUtils.java:logGet(43)) - raft.server.log.segment.size.max = 1048576 (custom)
2019-09-25 11:56:59,343 [pool-47-thread-1] INFO  server.RaftServerConfigKeys (ConfUtils.java:logGet(43)) - raft.server.log.segment.cache.num.max = 2 (custom)
2019-09-25 11:56:59,343 [pool-47-thread-1] INFO  segmented.SegmentedRaftLogWorker (SegmentedRaftLogWorker.java:<init>(172)) - new f59fc06d-a561-4bda-9641-bf15daa2d5cc@group-2A4196E36D76-SegmentedRaftLogWorker for RaftStorage:Storage Directory /workdir/hadoop-ozone/integration-test/target/test-dir/MiniOzoneClusterImpl-79e9daf4-eda6-4046-b710-e1fcaf4daad9/datanode-2/data/ratis/bcdd55d3-d8de-4ba6-bc09-2a4196e36d76
2019-09-25 11:56:59,343 [pool-47-thread-1] INFO  server.RaftServerConfigKeys (ConfUtils.java:logGet(43)) - raft.server.log.queue.byte-limit = 2147483647 (custom)
2019-09-25 11:56:59,343 [pool-47-thread-1] INFO  server.RaftServerConfigKeys (ConfUtils.java:logGet(43)) - raft.server.log.queue.element-limit = 1024 (custom)
2019-09-25 11:56:59,343 [pool-47-thread-1] INFO  server.RaftServerConfigKeys (ConfUtils.java:logGet(43)) - raft.server.log.segment.size.max = 1048576 (custom)
2019-09-25 11:56:59,343 [pool-47-thread-1] INFO  server.RaftServerConfigKeys (ConfUtils.java:logGet(43)) - raft.server.log.preallocated.size = 16384 (custom)
2019-09-25 11:56:59,344 [pool-47-thread-1] INFO  server.RaftServerConfigKeys (ConfUtils.java:logGet(43)) - raft.server.log.write.buffer.size = 33554432 (custom)
2019-09-25 11:56:59,344 [pool-47-thread-1] INFO  server.RaftServerConfigKeys (ConfUtils.java:logGet(43)) - raft.server.log.force.sync.num = 128 (default)
2019-09-25 11:56:59,344 [pool-47-thread-1] INFO  server.RaftServerConfigKeys (ConfUtils.java:logGet(43)) - raft.server.log.statemachine.data.sync = true (default)
2019-09-25 11:56:59,344 [pool-47-thread-1] INFO  server.RaftServerConfigKeys (ConfUtils.java:logGet(43)) - raft.server.log.statemachine.data.sync.timeout = 10s (default)
2019-09-25 11:56:59,344 [pool-47-thread-1] INFO  server.RaftServerConfigKeys (ConfUtils.java:logGet(43)) - raft.server.log.statemachine.data.sync.timeout.retry = -1 (default)
2019-09-25 11:56:59,344 [pool-47-thread-1] INFO  server.RaftServerConfigKeys (ConfUtils.java:logGet(43)) - raft.server.log.statemachine.data.caching.enabled = true (custom)
2019-09-25 11:56:59,344 [pool-47-thread-1] INFO  segmented.SegmentedRaftLogWorker (SegmentedRaftLogWorker.java:lambda$new$0(132)) - f59fc06d-a561-4bda-9641-bf15daa2d5cc@group-2A4196E36D76-SegmentedRaftLogWorker: flushIndex: setUnconditionally 0 -> -1
2019-09-25 11:56:59,345 [pool-47-thread-1] INFO  server.RaftServerConfigKeys (ConfUtils.java:logGet(43)) - raft.server.snapshot.auto.trigger.enabled = true (custom)
2019-09-25 11:56:59,345 [pool-47-thread-1] INFO  server.RaftServerConfigKeys (ConfUtils.java:logGet(43)) - raft.server.snapshot.auto.trigger.threshold = 10000 (custom)
2019-09-25 11:56:59,345 [pool-47-thread-1] INFO  server.RaftServerConfigKeys (ConfUtils.java:logGet(43)) - raft.server.snapshot.retention.num.files = 5 (custom)
2019-09-25 11:56:59,345 [pool-47-thread-1] INFO  server.RaftServerConfigKeys (ConfUtils.java:logGet(43)) - raft.server.retrycache.expirytime = 600000ms (custom)
2019-09-25 11:56:59,347 [pool-47-thread-1] INFO  impl.RaftServerImpl (RaftServerImpl.java:start(185)) - f59fc06d-a561-4bda-9641-bf15daa2d5cc@group-2A4196E36D76: start as a follower, conf=-1: [f59fc06d-a561-4bda-9641-bf15daa2d5cc:192.168.151.73:36905], old=null
2019-09-25 11:56:59,348 [pool-47-thread-1] INFO  impl.RaftServerImpl (RaftServerImpl.java:setRole(174)) - f59fc06d-a561-4bda-9641-bf15daa2d5cc@group-2A4196E36D76: changes role from      null to FOLLOWER at term 0 for startAsFollower
2019-09-25 11:56:59,348 [pool-47-thread-1] INFO  impl.RoleInfo (RoleInfo.java:updateAndGet(143)) - f59fc06d-a561-4bda-9641-bf15daa2d5cc: start FollowerState
2019-09-25 11:56:59,348 [pool-47-thread-1] INFO  util.JmxRegister (JmxRegister.java:tryRegister(44)) - Successfully registered JMX Bean with object name Ratis:service=RaftServer,group=group-2A4196E36D76,id=f59fc06d-a561-4bda-9641-bf15daa2d5cc
2019-09-25 11:56:59,353 [RatisPipelineUtilsThread] INFO  pipeline.PipelineStateManager (PipelineStateManager.java:addPipeline(56)) - Created pipeline Pipeline[ Id: bcdd55d3-d8de-4ba6-bc09-2a4196e36d76, Nodes: f59fc06d-a561-4bda-9641-bf15daa2d5cc{ip: 192.168.151.73, host: pr-hdds-1569-shd4m-3693607622, networkLocation: /default-rack, certSerialId: null}, Type:RATIS, Factor:ONE, State:OPEN]
2019-09-25 11:56:59,354 [RatisPipelineUtilsThread] INFO  pipeline.PipelinePlacementPolicy (PipelinePlacementPolicy.java:meetCriteria(91)) - Pipeline Placement: can't place more pipeline on heavy datanode： f320213e-69dd-47d7-8b12-80f84f010fc9 Heaviness: 6 limit: 5
2019-09-25 11:56:59,354 [RatisPipelineUtilsThread] INFO  pipeline.PipelinePlacementPolicy (PipelinePlacementPolicy.java:meetCriteria(91)) - Pipeline Placement: can't place more pipeline on heavy datanode： a49539dc-5450-4b38-9858-49dc7b52b4cc Heaviness: 6 limit: 5
2019-09-25 11:56:59,354 [RatisPipelineUtilsThread] INFO  pipeline.PipelinePlacementPolicy (PipelinePlacementPolicy.java:meetCriteria(91)) - Pipeline Placement: can't place more pipeline on heavy datanode： defb87f9-b552-40ae-8930-8043bdc1fda2 Heaviness: 6 limit: 5
2019-09-25 11:56:59,363 [grpc-default-executor-1] INFO  impl.RaftServerProxy (RaftServerProxy.java:addNew(89)) - f59fc06d-a561-4bda-9641-bf15daa2d5cc: addNew group-D14635865EBB:[f59fc06d-a561-4bda-9641-bf15daa2d5cc:192.168.151.73:36905] returns group-D14635865EBB:java.util.concurrent.CompletableFuture@1e82c777[Not completed]
2019-09-25 11:56:59,365 [pool-47-thread-1] INFO  impl.RaftServerImpl (RaftServerImpl.java:<init>(95)) - f59fc06d-a561-4bda-9641-bf15daa2d5cc: new RaftServerImpl for group-D14635865EBB:[f59fc06d-a561-4bda-9641-bf15daa2d5cc:192.168.151.73:36905] with ContainerStateMachine:uninitialized
2019-09-25 11:56:59,365 [pool-47-thread-1] INFO  server.RaftServerConfigKeys (ConfUtils.java:logGet(43)) - raft.server.rpc.timeout.min = 5s (custom)
2019-09-25 11:56:59,365 [pool-47-thread-1] INFO  server.RaftServerConfigKeys (ConfUtils.java:logGet(43)) - raft.server.rpc.timeout.max = 5200ms (custom)
2019-09-25 11:56:59,365 [pool-47-thread-1] INFO  server.RaftServerConfigKeys (ConfUtils.java:logGet(43)) - raft.server.rpcslowness.timeout = 120s (custom)
2019-09-25 11:56:59,365 [pool-47-thread-1] INFO  server.RaftServerConfigKeys (ConfUtils.java:logGet(43)) - raft.server.sleep.deviation.threshold = 300 (default)
2019-09-25 11:56:59,365 [pool-47-thread-1] INFO  server.RaftServerConfigKeys (ConfUtils.java:logGet(43)) - raft.server.log.appender.install.snapshot.enabled = false (custom)
2019-09-25 11:56:59,365 [pool-47-thread-1] INFO  impl.RaftServerImpl (ServerState.java:<init>(103)) - f59fc06d-a561-4bda-9641-bf15daa2d5cc@group-D14635865EBB: ConfigurationManager, init=-1: [f59fc06d-a561-4bda-9641-bf15daa2d5cc:192.168.151.73:36905], old=null, confs=<EMPTY_MAP>
2019-09-25 11:56:59,365 [pool-47-thread-1] INFO  server.RaftServerConfigKeys (ConfUtils.java:logGet(43)) - raft.server.storage.dir = [/workdir/hadoop-ozone/integration-test/target/test-dir/MiniOzoneClusterImpl-79e9daf4-eda6-4046-b710-e1fcaf4daad9/datanode-2/data/ratis] (custom)
2019-09-25 11:56:59,366 [pool-47-thread-1] INFO  storage.RaftStorageDirectory (RaftStorageDirectory.java:analyzeStorage(246)) - The storage directory /workdir/hadoop-ozone/integration-test/target/test-dir/MiniOzoneClusterImpl-79e9daf4-eda6-4046-b710-e1fcaf4daad9/datanode-2/data/ratis/cdbe9b15-061e-4b16-a939-d14635865ebb does not exist. Creating ...
2019-09-25 11:56:59,386 [pool-47-thread-1] INFO  storage.RaftStorageDirectory (RaftStorageDirectory.java:tryLock(328)) - Lock on /workdir/hadoop-ozone/integration-test/target/test-dir/MiniOzoneClusterImpl-79e9daf4-eda6-4046-b710-e1fcaf4daad9/datanode-2/data/ratis/cdbe9b15-061e-4b16-a939-d14635865ebb/in_use.lock acquired by nodename 24979@pr-hdds-1569-shd4m-3693607622
2019-09-25 11:56:59,399 [pool-47-thread-1] INFO  storage.RaftStorage (RaftStorage.java:format(72)) - Storage directory /workdir/hadoop-ozone/integration-test/target/test-dir/MiniOzoneClusterImpl-79e9daf4-eda6-4046-b710-e1fcaf4daad9/datanode-2/data/ratis/cdbe9b15-061e-4b16-a939-d14635865ebb has been successfully formatted.
2019-09-25 11:56:59,400 [pool-47-thread-1] INFO  ratis.ContainerStateMachine (ContainerStateMachine.java:loadSnapshot(230)) - group-D14635865EBB: The snapshot info is null. Setting the last applied indexto:(t:0, i:~)
2019-09-25 11:56:59,400 [pool-47-thread-1] INFO  server.RaftServerConfigKeys (ConfUtils.java:logGet(43)) - raft.server.notification.no-leader.timeout = 120s (custom)
2019-09-25 11:56:59,400 [pool-47-thread-1] INFO  server.RaftServerConfigKeys (ConfUtils.java:logGet(43)) - raft.server.log.use.memory = false (default)
2019-09-25 11:56:59,400 [pool-47-thread-1] INFO  server.RaftServerConfigKeys (ConfUtils.java:logGet(43)) - raft.server.log.purge.gap = 1000000 (custom)
2019-09-25 11:56:59,400 [pool-47-thread-1] INFO  server.RaftServerConfigKeys (ConfUtils.java:logGet(43)) - raft.server.log.appender.buffer.byte-limit = 33554432 (custom)
2019-09-25 11:56:59,400 [pool-47-thread-1] INFO  server.RaftServerConfigKeys (ConfUtils.java:logGet(43)) - raft.server.log.segment.size.max = 1048576 (custom)
2019-09-25 11:56:59,401 [pool-47-thread-1] INFO  server.RaftServerConfigKeys (ConfUtils.java:logGet(43)) - raft.server.log.segment.cache.num.max = 2 (custom)
2019-09-25 11:56:59,401 [pool-47-thread-1] INFO  segmented.SegmentedRaftLogWorker (SegmentedRaftLogWorker.java:<init>(172)) - new f59fc06d-a561-4bda-9641-bf15daa2d5cc@group-D14635865EBB-SegmentedRaftLogWorker for RaftStorage:Storage Directory /workdir/hadoop-ozone/integration-test/target/test-dir/MiniOzoneClusterImpl-79e9daf4-eda6-4046-b710-e1fcaf4daad9/datanode-2/data/ratis/cdbe9b15-061e-4b16-a939-d14635865ebb
2019-09-25 11:56:59,401 [pool-47-thread-1] INFO  server.RaftServerConfigKeys (ConfUtils.java:logGet(43)) - raft.server.log.queue.byte-limit = 2147483647 (custom)
2019-09-25 11:56:59,401 [pool-47-thread-1] INFO  server.RaftServerConfigKeys (ConfUtils.java:logGet(43)) - raft.server.log.queue.element-limit = 1024 (custom)
2019-09-25 11:56:59,401 [pool-47-thread-1] INFO  server.RaftServerConfigKeys (ConfUtils.java:logGet(43)) - raft.server.log.segment.size.max = 1048576 (custom)
2019-09-25 11:56:59,401 [pool-47-thread-1] INFO  server.RaftServerConfigKeys (ConfUtils.java:logGet(43)) - raft.server.log.preallocated.size = 16384 (custom)
2019-09-25 11:56:59,401 [pool-47-thread-1] INFO  server.RaftServerConfigKeys (ConfUtils.java:logGet(43)) - raft.server.log.write.buffer.size = 33554432 (custom)
2019-09-25 11:56:59,401 [pool-47-thread-1] INFO  server.RaftServerConfigKeys (ConfUtils.java:logGet(43)) - raft.server.log.force.sync.num = 128 (default)
2019-09-25 11:56:59,401 [pool-47-thread-1] INFO  server.RaftServerConfigKeys (ConfUtils.java:logGet(43)) - raft.server.log.statemachine.data.sync = true (default)
2019-09-25 11:56:59,402 [pool-47-thread-1] INFO  server.RaftServerConfigKeys (ConfUtils.java:logGet(43)) - raft.server.log.statemachine.data.sync.timeout = 10s (default)
2019-09-25 11:56:59,402 [pool-47-thread-1] INFO  server.RaftServerConfigKeys (ConfUtils.java:logGet(43)) - raft.server.log.statemachine.data.sync.timeout.retry = -1 (default)
2019-09-25 11:56:59,402 [pool-47-thread-1] INFO  server.RaftServerConfigKeys (ConfUtils.java:logGet(43)) - raft.server.log.statemachine.data.caching.enabled = true (custom)
2019-09-25 11:56:59,402 [pool-47-thread-1] INFO  segmented.SegmentedRaftLogWorker (SegmentedRaftLogWorker.java:lambda$new$0(132)) - f59fc06d-a561-4bda-9641-bf15daa2d5cc@group-D14635865EBB-SegmentedRaftLogWorker: flushIndex: setUnconditionally 0 -> -1
2019-09-25 11:56:59,403 [pool-47-thread-1] INFO  server.RaftServerConfigKeys (ConfUtils.java:logGet(43)) - raft.server.snapshot.auto.trigger.enabled = true (custom)
2019-09-25 11:56:59,403 [pool-47-thread-1] INFO  server.RaftServerConfigKeys (ConfUtils.java:logGet(43)) - raft.server.snapshot.auto.trigger.threshold = 10000 (custom)
2019-09-25 11:56:59,403 [pool-47-thread-1] INFO  server.RaftServerConfigKeys (ConfUtils.java:logGet(43)) - raft.server.snapshot.retention.num.files = 5 (custom)
2019-09-25 11:56:59,403 [pool-47-thread-1] INFO  server.RaftServerConfigKeys (ConfUtils.java:logGet(43)) - raft.server.retrycache.expirytime = 600000ms (custom)
2019-09-25 11:56:59,405 [pool-47-thread-1] INFO  impl.RaftServerImpl (RaftServerImpl.java:start(185)) - f59fc06d-a561-4bda-9641-bf15daa2d5cc@group-D14635865EBB: start as a follower, conf=-1: [f59fc06d-a561-4bda-9641-bf15daa2d5cc:192.168.151.73:36905], old=null
2019-09-25 11:56:59,405 [pool-47-thread-1] INFO  impl.RaftServerImpl (RaftServerImpl.java:setRole(174)) - f59fc06d-a561-4bda-9641-bf15daa2d5cc@group-D14635865EBB: changes role from      null to FOLLOWER at term 0 for startAsFollower
2019-09-25 11:56:59,406 [pool-47-thread-1] INFO  impl.RoleInfo (RoleInfo.java:updateAndGet(143)) - f59fc06d-a561-4bda-9641-bf15daa2d5cc: start FollowerState
2019-09-25 11:56:59,406 [pool-47-thread-1] INFO  util.JmxRegister (JmxRegister.java:tryRegister(44)) - Successfully registered JMX Bean with object name Ratis:service=RaftServer,group=group-D14635865EBB,id=f59fc06d-a561-4bda-9641-bf15daa2d5cc
2019-09-25 11:56:59,411 [RatisPipelineUtilsThread] INFO  pipeline.PipelineStateManager (PipelineStateManager.java:addPipeline(56)) - Created pipeline Pipeline[ Id: cdbe9b15-061e-4b16-a939-d14635865ebb, Nodes: f59fc06d-a561-4bda-9641-bf15daa2d5cc{ip: 192.168.151.73, host: pr-hdds-1569-shd4m-3693607622, networkLocation: /default-rack, certSerialId: null}, Type:RATIS, Factor:ONE, State:OPEN]
2019-09-25 11:56:59,411 [RatisPipelineUtilsThread] INFO  pipeline.PipelinePlacementPolicy (PipelinePlacementPolicy.java:meetCriteria(91)) - Pipeline Placement: can't place more pipeline on heavy datanode： f59fc06d-a561-4bda-9641-bf15daa2d5cc Heaviness: 6 limit: 5
2019-09-25 11:56:59,412 [RatisPipelineUtilsThread] INFO  pipeline.PipelinePlacementPolicy (PipelinePlacementPolicy.java:meetCriteria(91)) - Pipeline Placement: can't place more pipeline on heavy datanode： f320213e-69dd-47d7-8b12-80f84f010fc9 Heaviness: 6 limit: 5
2019-09-25 11:56:59,412 [RatisPipelineUtilsThread] INFO  pipeline.PipelinePlacementPolicy (PipelinePlacementPolicy.java:meetCriteria(91)) - Pipeline Placement: can't place more pipeline on heavy datanode： a49539dc-5450-4b38-9858-49dc7b52b4cc Heaviness: 6 limit: 5
2019-09-25 11:56:59,412 [RatisPipelineUtilsThread] INFO  pipeline.PipelinePlacementPolicy (PipelinePlacementPolicy.java:meetCriteria(91)) - Pipeline Placement: can't place more pipeline on heavy datanode： defb87f9-b552-40ae-8930-8043bdc1fda2 Heaviness: 6 limit: 5
2019-09-25 11:56:59,421 [grpc-default-executor-1] INFO  impl.RaftServerProxy (RaftServerProxy.java:addNew(89)) - 7361a01f-3bcc-4a30-b80f-3806f83048f3: addNew group-995EE0122400:[7361a01f-3bcc-4a30-b80f-3806f83048f3:192.168.151.73:35812] returns group-995EE0122400:java.util.concurrent.CompletableFuture@20839a3b[Not completed]
2019-09-25 11:56:59,423 [pool-57-thread-1] INFO  impl.RaftServerImpl (RaftServerImpl.java:<init>(95)) - 7361a01f-3bcc-4a30-b80f-3806f83048f3: new RaftServerImpl for group-995EE0122400:[7361a01f-3bcc-4a30-b80f-3806f83048f3:192.168.151.73:35812] with ContainerStateMachine:uninitialized
2019-09-25 11:56:59,423 [pool-57-thread-1] INFO  server.RaftServerConfigKeys (ConfUtils.java:logGet(43)) - raft.server.rpc.timeout.min = 5s (custom)
2019-09-25 11:56:59,423 [pool-57-thread-1] INFO  server.RaftServerConfigKeys (ConfUtils.java:logGet(43)) - raft.server.rpc.timeout.max = 5200ms (custom)
2019-09-25 11:56:59,423 [pool-57-thread-1] INFO  server.RaftServerConfigKeys (ConfUtils.java:logGet(43)) - raft.server.rpcslowness.timeout = 120s (custom)
2019-09-25 11:56:59,423 [pool-57-thread-1] INFO  server.RaftServerConfigKeys (ConfUtils.java:logGet(43)) - raft.server.sleep.deviation.threshold = 300 (default)
2019-09-25 11:56:59,424 [pool-57-thread-1] INFO  server.RaftServerConfigKeys (ConfUtils.java:logGet(43)) - raft.server.log.appender.install.snapshot.enabled = false (custom)
2019-09-25 11:56:59,424 [pool-57-thread-1] INFO  impl.RaftServerImpl (ServerState.java:<init>(103)) - 7361a01f-3bcc-4a30-b80f-3806f83048f3@group-995EE0122400: ConfigurationManager, init=-1: [7361a01f-3bcc-4a30-b80f-3806f83048f3:192.168.151.73:35812], old=null, confs=<EMPTY_MAP>
2019-09-25 11:56:59,424 [pool-57-thread-1] INFO  server.RaftServerConfigKeys (ConfUtils.java:logGet(43)) - raft.server.storage.dir = [/workdir/hadoop-ozone/integration-test/target/test-dir/MiniOzoneClusterImpl-79e9daf4-eda6-4046-b710-e1fcaf4daad9/datanode-3/data/ratis] (custom)
2019-09-25 11:56:59,425 [pool-57-thread-1] INFO  storage.RaftStorageDirectory (RaftStorageDirectory.java:analyzeStorage(246)) - The storage directory /workdir/hadoop-ozone/integration-test/target/test-dir/MiniOzoneClusterImpl-79e9daf4-eda6-4046-b710-e1fcaf4daad9/datanode-3/data/ratis/7d007fab-ed38-4d8f-937c-995ee0122400 does not exist. Creating ...
2019-09-25 11:56:59,438 [pool-57-thread-1] INFO  storage.RaftStorageDirectory (RaftStorageDirectory.java:tryLock(328)) - Lock on /workdir/hadoop-ozone/integration-test/target/test-dir/MiniOzoneClusterImpl-79e9daf4-eda6-4046-b710-e1fcaf4daad9/datanode-3/data/ratis/7d007fab-ed38-4d8f-937c-995ee0122400/in_use.lock acquired by nodename 24979@pr-hdds-1569-shd4m-3693607622
2019-09-25 11:56:59,442 [pool-57-thread-1] INFO  storage.RaftStorage (RaftStorage.java:format(72)) - Storage directory /workdir/hadoop-ozone/integration-test/target/test-dir/MiniOzoneClusterImpl-79e9daf4-eda6-4046-b710-e1fcaf4daad9/datanode-3/data/ratis/7d007fab-ed38-4d8f-937c-995ee0122400 has been successfully formatted.
2019-09-25 11:56:59,442 [pool-57-thread-1] INFO  ratis.ContainerStateMachine (ContainerStateMachine.java:loadSnapshot(230)) - group-995EE0122400: The snapshot info is null. Setting the last applied indexto:(t:0, i:~)
2019-09-25 11:56:59,442 [pool-57-thread-1] INFO  server.RaftServerConfigKeys (ConfUtils.java:logGet(43)) - raft.server.notification.no-leader.timeout = 120s (custom)
2019-09-25 11:56:59,442 [pool-57-thread-1] INFO  server.RaftServerConfigKeys (ConfUtils.java:logGet(43)) - raft.server.log.use.memory = false (default)
2019-09-25 11:56:59,443 [pool-57-thread-1] INFO  server.RaftServerConfigKeys (ConfUtils.java:logGet(43)) - raft.server.log.purge.gap = 1000000 (custom)
2019-09-25 11:56:59,443 [pool-57-thread-1] INFO  server.RaftServerConfigKeys (ConfUtils.java:logGet(43)) - raft.server.log.appender.buffer.byte-limit = 33554432 (custom)
2019-09-25 11:56:59,443 [pool-57-thread-1] INFO  server.RaftServerConfigKeys (ConfUtils.java:logGet(43)) - raft.server.log.segment.size.max = 1048576 (custom)
2019-09-25 11:56:59,443 [pool-57-thread-1] INFO  server.RaftServerConfigKeys (ConfUtils.java:logGet(43)) - raft.server.log.segment.cache.num.max = 2 (custom)
2019-09-25 11:56:59,443 [pool-57-thread-1] INFO  segmented.SegmentedRaftLogWorker (SegmentedRaftLogWorker.java:<init>(172)) - new 7361a01f-3bcc-4a30-b80f-3806f83048f3@group-995EE0122400-SegmentedRaftLogWorker for RaftStorage:Storage Directory /workdir/hadoop-ozone/integration-test/target/test-dir/MiniOzoneClusterImpl-79e9daf4-eda6-4046-b710-e1fcaf4daad9/datanode-3/data/ratis/7d007fab-ed38-4d8f-937c-995ee0122400
2019-09-25 11:56:59,443 [pool-57-thread-1] INFO  server.RaftServerConfigKeys (ConfUtils.java:logGet(43)) - raft.server.log.queue.byte-limit = 2147483647 (custom)
2019-09-25 11:56:59,444 [pool-57-thread-1] INFO  server.RaftServerConfigKeys (ConfUtils.java:logGet(43)) - raft.server.log.queue.element-limit = 1024 (custom)
2019-09-25 11:56:59,444 [pool-57-thread-1] INFO  server.RaftServerConfigKeys (ConfUtils.java:logGet(43)) - raft.server.log.segment.size.max = 1048576 (custom)
2019-09-25 11:56:59,444 [pool-57-thread-1] INFO  server.RaftServerConfigKeys (ConfUtils.java:logGet(43)) - raft.server.log.preallocated.size = 16384 (custom)
2019-09-25 11:56:59,444 [pool-57-thread-1] INFO  server.RaftServerConfigKeys (ConfUtils.java:logGet(43)) - raft.server.log.write.buffer.size = 33554432 (custom)
2019-09-25 11:56:59,444 [pool-57-thread-1] INFO  server.RaftServerConfigKeys (ConfUtils.java:logGet(43)) - raft.server.log.force.sync.num = 128 (default)
2019-09-25 11:56:59,444 [pool-57-thread-1] INFO  server.RaftServerConfigKeys (ConfUtils.java:logGet(43)) - raft.server.log.statemachine.data.sync = true (default)
2019-09-25 11:56:59,445 [pool-57-thread-1] INFO  server.RaftServerConfigKeys (ConfUtils.java:logGet(43)) - raft.server.log.statemachine.data.sync.timeout = 10s (default)
2019-09-25 11:56:59,445 [pool-57-thread-1] INFO  server.RaftServerConfigKeys (ConfUtils.java:logGet(43)) - raft.server.log.statemachine.data.sync.timeout.retry = -1 (default)
2019-09-25 11:56:59,445 [pool-57-thread-1] INFO  server.RaftServerConfigKeys (ConfUtils.java:logGet(43)) - raft.server.log.statemachine.data.caching.enabled = true (custom)
2019-09-25 11:56:59,445 [pool-57-thread-1] INFO  segmented.SegmentedRaftLogWorker (SegmentedRaftLogWorker.java:lambda$new$0(132)) - 7361a01f-3bcc-4a30-b80f-3806f83048f3@group-995EE0122400-SegmentedRaftLogWorker: flushIndex: setUnconditionally 0 -> -1
2019-09-25 11:56:59,446 [pool-57-thread-1] INFO  server.RaftServerConfigKeys (ConfUtils.java:logGet(43)) - raft.server.snapshot.auto.trigger.enabled = true (custom)
2019-09-25 11:56:59,446 [pool-57-thread-1] INFO  server.RaftServerConfigKeys (ConfUtils.java:logGet(43)) - raft.server.snapshot.auto.trigger.threshold = 10000 (custom)
2019-09-25 11:56:59,446 [pool-57-thread-1] INFO  server.RaftServerConfigKeys (ConfUtils.java:logGet(43)) - raft.server.snapshot.retention.num.files = 5 (custom)
2019-09-25 11:56:59,446 [pool-57-thread-1] INFO  server.RaftServerConfigKeys (ConfUtils.java:logGet(43)) - raft.server.retrycache.expirytime = 600000ms (custom)
2019-09-25 11:56:59,449 [pool-57-thread-1] INFO  impl.RaftServerImpl (RaftServerImpl.java:start(185)) - 7361a01f-3bcc-4a30-b80f-3806f83048f3@group-995EE0122400: start as a follower, conf=-1: [7361a01f-3bcc-4a30-b80f-3806f83048f3:192.168.151.73:35812], old=null
2019-09-25 11:56:59,450 [pool-57-thread-1] INFO  impl.RaftServerImpl (RaftServerImpl.java:setRole(174)) - 7361a01f-3bcc-4a30-b80f-3806f83048f3@group-995EE0122400: changes role from      null to FOLLOWER at term 0 for startAsFollower
2019-09-25 11:56:59,450 [pool-57-thread-1] INFO  impl.RoleInfo (RoleInfo.java:updateAndGet(143)) - 7361a01f-3bcc-4a30-b80f-3806f83048f3: start FollowerState
2019-09-25 11:56:59,450 [pool-57-thread-1] INFO  util.JmxRegister (JmxRegister.java:tryRegister(44)) - Successfully registered JMX Bean with object name Ratis:service=RaftServer,group=group-995EE0122400,id=7361a01f-3bcc-4a30-b80f-3806f83048f3
2019-09-25 11:56:59,456 [RatisPipelineUtilsThread] INFO  pipeline.PipelineStateManager (PipelineStateManager.java:addPipeline(56)) - Created pipeline Pipeline[ Id: 7d007fab-ed38-4d8f-937c-995ee0122400, Nodes: 7361a01f-3bcc-4a30-b80f-3806f83048f3{ip: 192.168.151.73, host: pr-hdds-1569-shd4m-3693607622, networkLocation: /default-rack, certSerialId: null}, Type:RATIS, Factor:ONE, State:OPEN]
2019-09-25 11:56:59,456 [RatisPipelineUtilsThread] INFO  pipeline.PipelinePlacementPolicy (PipelinePlacementPolicy.java:meetCriteria(91)) - Pipeline Placement: can't place more pipeline on heavy datanode： f59fc06d-a561-4bda-9641-bf15daa2d5cc Heaviness: 6 limit: 5
2019-09-25 11:56:59,456 [RatisPipelineUtilsThread] INFO  pipeline.PipelinePlacementPolicy (PipelinePlacementPolicy.java:meetCriteria(91)) - Pipeline Placement: can't place more pipeline on heavy datanode： f320213e-69dd-47d7-8b12-80f84f010fc9 Heaviness: 6 limit: 5
2019-09-25 11:56:59,456 [RatisPipelineUtilsThread] INFO  pipeline.PipelinePlacementPolicy (PipelinePlacementPolicy.java:meetCriteria(91)) - Pipeline Placement: can't place more pipeline on heavy datanode： a49539dc-5450-4b38-9858-49dc7b52b4cc Heaviness: 6 limit: 5
2019-09-25 11:56:59,456 [RatisPipelineUtilsThread] INFO  pipeline.PipelinePlacementPolicy (PipelinePlacementPolicy.java:meetCriteria(91)) - Pipeline Placement: can't place more pipeline on heavy datanode： defb87f9-b552-40ae-8930-8043bdc1fda2 Heaviness: 6 limit: 5
2019-09-25 11:56:59,465 [grpc-default-executor-1] INFO  impl.RaftServerProxy (RaftServerProxy.java:addNew(89)) - 7361a01f-3bcc-4a30-b80f-3806f83048f3: addNew group-416EABC40FAC:[7361a01f-3bcc-4a30-b80f-3806f83048f3:192.168.151.73:35812] returns group-416EABC40FAC:java.util.concurrent.CompletableFuture@146bd0ba[Not completed]
2019-09-25 11:56:59,467 [pool-57-thread-1] INFO  impl.RaftServerImpl (RaftServerImpl.java:<init>(95)) - 7361a01f-3bcc-4a30-b80f-3806f83048f3: new RaftServerImpl for group-416EABC40FAC:[7361a01f-3bcc-4a30-b80f-3806f83048f3:192.168.151.73:35812] with ContainerStateMachine:uninitialized
2019-09-25 11:56:59,467 [pool-57-thread-1] INFO  server.RaftServerConfigKeys (ConfUtils.java:logGet(43)) - raft.server.rpc.timeout.min = 5s (custom)
2019-09-25 11:56:59,467 [pool-57-thread-1] INFO  server.RaftServerConfigKeys (ConfUtils.java:logGet(43)) - raft.server.rpc.timeout.max = 5200ms (custom)
2019-09-25 11:56:59,467 [pool-57-thread-1] INFO  server.RaftServerConfigKeys (ConfUtils.java:logGet(43)) - raft.server.rpcslowness.timeout = 120s (custom)
2019-09-25 11:56:59,467 [pool-57-thread-1] INFO  server.RaftServerConfigKeys (ConfUtils.java:logGet(43)) - raft.server.sleep.deviation.threshold = 300 (default)
2019-09-25 11:56:59,468 [pool-57-thread-1] INFO  server.RaftServerConfigKeys (ConfUtils.java:logGet(43)) - raft.server.log.appender.install.snapshot.enabled = false (custom)
2019-09-25 11:56:59,468 [pool-57-thread-1] INFO  impl.RaftServerImpl (ServerState.java:<init>(103)) - 7361a01f-3bcc-4a30-b80f-3806f83048f3@group-416EABC40FAC: ConfigurationManager, init=-1: [7361a01f-3bcc-4a30-b80f-3806f83048f3:192.168.151.73:35812], old=null, confs=<EMPTY_MAP>
2019-09-25 11:56:59,468 [pool-57-thread-1] INFO  server.RaftServerConfigKeys (ConfUtils.java:logGet(43)) - raft.server.storage.dir = [/workdir/hadoop-ozone/integration-test/target/test-dir/MiniOzoneClusterImpl-79e9daf4-eda6-4046-b710-e1fcaf4daad9/datanode-3/data/ratis] (custom)
2019-09-25 11:56:59,468 [pool-57-thread-1] INFO  storage.RaftStorageDirectory (RaftStorageDirectory.java:analyzeStorage(246)) - The storage directory /workdir/hadoop-ozone/integration-test/target/test-dir/MiniOzoneClusterImpl-79e9daf4-eda6-4046-b710-e1fcaf4daad9/datanode-3/data/ratis/01fee828-99d8-4c12-acaf-416eabc40fac does not exist. Creating ...
2019-09-25 11:56:59,494 [pool-57-thread-1] INFO  storage.RaftStorageDirectory (RaftStorageDirectory.java:tryLock(328)) - Lock on /workdir/hadoop-ozone/integration-test/target/test-dir/MiniOzoneClusterImpl-79e9daf4-eda6-4046-b710-e1fcaf4daad9/datanode-3/data/ratis/01fee828-99d8-4c12-acaf-416eabc40fac/in_use.lock acquired by nodename 24979@pr-hdds-1569-shd4m-3693607622
2019-09-25 11:56:59,507 [pool-57-thread-1] INFO  storage.RaftStorage (RaftStorage.java:format(72)) - Storage directory /workdir/hadoop-ozone/integration-test/target/test-dir/MiniOzoneClusterImpl-79e9daf4-eda6-4046-b710-e1fcaf4daad9/datanode-3/data/ratis/01fee828-99d8-4c12-acaf-416eabc40fac has been successfully formatted.
2019-09-25 11:56:59,507 [pool-57-thread-1] INFO  ratis.ContainerStateMachine (ContainerStateMachine.java:loadSnapshot(230)) - group-416EABC40FAC: The snapshot info is null. Setting the last applied indexto:(t:0, i:~)
2019-09-25 11:56:59,508 [pool-57-thread-1] INFO  server.RaftServerConfigKeys (ConfUtils.java:logGet(43)) - raft.server.notification.no-leader.timeout = 120s (custom)
2019-09-25 11:56:59,508 [pool-57-thread-1] INFO  server.RaftServerConfigKeys (ConfUtils.java:logGet(43)) - raft.server.log.use.memory = false (default)
2019-09-25 11:56:59,508 [pool-57-thread-1] INFO  server.RaftServerConfigKeys (ConfUtils.java:logGet(43)) - raft.server.log.purge.gap = 1000000 (custom)
2019-09-25 11:56:59,508 [pool-57-thread-1] INFO  server.RaftServerConfigKeys (ConfUtils.java:logGet(43)) - raft.server.log.appender.buffer.byte-limit = 33554432 (custom)
2019-09-25 11:56:59,508 [pool-57-thread-1] INFO  server.RaftServerConfigKeys (ConfUtils.java:logGet(43)) - raft.server.log.segment.size.max = 1048576 (custom)
2019-09-25 11:56:59,508 [pool-57-thread-1] INFO  server.RaftServerConfigKeys (ConfUtils.java:logGet(43)) - raft.server.log.segment.cache.num.max = 2 (custom)
2019-09-25 11:56:59,508 [pool-57-thread-1] INFO  segmented.SegmentedRaftLogWorker (SegmentedRaftLogWorker.java:<init>(172)) - new 7361a01f-3bcc-4a30-b80f-3806f83048f3@group-416EABC40FAC-SegmentedRaftLogWorker for RaftStorage:Storage Directory /workdir/hadoop-ozone/integration-test/target/test-dir/MiniOzoneClusterImpl-79e9daf4-eda6-4046-b710-e1fcaf4daad9/datanode-3/data/ratis/01fee828-99d8-4c12-acaf-416eabc40fac
2019-09-25 11:56:59,508 [pool-57-thread-1] INFO  server.RaftServerConfigKeys (ConfUtils.java:logGet(43)) - raft.server.log.queue.byte-limit = 2147483647 (custom)
2019-09-25 11:56:59,509 [pool-57-thread-1] INFO  server.RaftServerConfigKeys (ConfUtils.java:logGet(43)) - raft.server.log.queue.element-limit = 1024 (custom)
2019-09-25 11:56:59,509 [pool-57-thread-1] INFO  server.RaftServerConfigKeys (ConfUtils.java:logGet(43)) - raft.server.log.segment.size.max = 1048576 (custom)
2019-09-25 11:56:59,509 [pool-57-thread-1] INFO  server.RaftServerConfigKeys (ConfUtils.java:logGet(43)) - raft.server.log.preallocated.size = 16384 (custom)
2019-09-25 11:56:59,509 [pool-57-thread-1] INFO  server.RaftServerConfigKeys (ConfUtils.java:logGet(43)) - raft.server.log.write.buffer.size = 33554432 (custom)
2019-09-25 11:56:59,509 [pool-57-thread-1] INFO  server.RaftServerConfigKeys (ConfUtils.java:logGet(43)) - raft.server.log.force.sync.num = 128 (default)
2019-09-25 11:56:59,509 [pool-57-thread-1] INFO  server.RaftServerConfigKeys (ConfUtils.java:logGet(43)) - raft.server.log.statemachine.data.sync = true (default)
2019-09-25 11:56:59,509 [pool-57-thread-1] INFO  server.RaftServerConfigKeys (ConfUtils.java:logGet(43)) - raft.server.log.statemachine.data.sync.timeout = 10s (default)
2019-09-25 11:56:59,509 [pool-57-thread-1] INFO  server.RaftServerConfigKeys (ConfUtils.java:logGet(43)) - raft.server.log.statemachine.data.sync.timeout.retry = -1 (default)
2019-09-25 11:56:59,510 [pool-57-thread-1] INFO  server.RaftServerConfigKeys (ConfUtils.java:logGet(43)) - raft.server.log.statemachine.data.caching.enabled = true (custom)
2019-09-25 11:56:59,510 [pool-57-thread-1] INFO  segmented.SegmentedRaftLogWorker (SegmentedRaftLogWorker.java:lambda$new$0(132)) - 7361a01f-3bcc-4a30-b80f-3806f83048f3@group-416EABC40FAC-SegmentedRaftLogWorker: flushIndex: setUnconditionally 0 -> -1
2019-09-25 11:56:59,510 [pool-57-thread-1] INFO  server.RaftServerConfigKeys (ConfUtils.java:logGet(43)) - raft.server.snapshot.auto.trigger.enabled = true (custom)
2019-09-25 11:56:59,510 [pool-57-thread-1] INFO  server.RaftServerConfigKeys (ConfUtils.java:logGet(43)) - raft.server.snapshot.auto.trigger.threshold = 10000 (custom)
2019-09-25 11:56:59,510 [pool-57-thread-1] INFO  server.RaftServerConfigKeys (ConfUtils.java:logGet(43)) - raft.server.snapshot.retention.num.files = 5 (custom)
2019-09-25 11:56:59,511 [pool-57-thread-1] INFO  server.RaftServerConfigKeys (ConfUtils.java:logGet(43)) - raft.server.retrycache.expirytime = 600000ms (custom)
2019-09-25 11:56:59,513 [pool-57-thread-1] INFO  impl.RaftServerImpl (RaftServerImpl.java:start(185)) - 7361a01f-3bcc-4a30-b80f-3806f83048f3@group-416EABC40FAC: start as a follower, conf=-1: [7361a01f-3bcc-4a30-b80f-3806f83048f3:192.168.151.73:35812], old=null
2019-09-25 11:56:59,513 [pool-57-thread-1] INFO  impl.RaftServerImpl (RaftServerImpl.java:setRole(174)) - 7361a01f-3bcc-4a30-b80f-3806f83048f3@group-416EABC40FAC: changes role from      null to FOLLOWER at term 0 for startAsFollower
2019-09-25 11:56:59,514 [pool-57-thread-1] INFO  impl.RoleInfo (RoleInfo.java:updateAndGet(143)) - 7361a01f-3bcc-4a30-b80f-3806f83048f3: start FollowerState
2019-09-25 11:56:59,514 [pool-57-thread-1] INFO  util.JmxRegister (JmxRegister.java:tryRegister(44)) - Successfully registered JMX Bean with object name Ratis:service=RaftServer,group=group-416EABC40FAC,id=7361a01f-3bcc-4a30-b80f-3806f83048f3
2019-09-25 11:56:59,520 [RatisPipelineUtilsThread] INFO  pipeline.PipelineStateManager (PipelineStateManager.java:addPipeline(56)) - Created pipeline Pipeline[ Id: 01fee828-99d8-4c12-acaf-416eabc40fac, Nodes: 7361a01f-3bcc-4a30-b80f-3806f83048f3{ip: 192.168.151.73, host: pr-hdds-1569-shd4m-3693607622, networkLocation: /default-rack, certSerialId: null}, Type:RATIS, Factor:ONE, State:OPEN]
2019-09-25 11:56:59,520 [RatisPipelineUtilsThread] INFO  pipeline.PipelinePlacementPolicy (PipelinePlacementPolicy.java:meetCriteria(91)) - Pipeline Placement: can't place more pipeline on heavy datanode： f59fc06d-a561-4bda-9641-bf15daa2d5cc Heaviness: 6 limit: 5
2019-09-25 11:56:59,520 [RatisPipelineUtilsThread] INFO  pipeline.PipelinePlacementPolicy (PipelinePlacementPolicy.java:meetCriteria(91)) - Pipeline Placement: can't place more pipeline on heavy datanode： f320213e-69dd-47d7-8b12-80f84f010fc9 Heaviness: 6 limit: 5
2019-09-25 11:56:59,520 [RatisPipelineUtilsThread] INFO  pipeline.PipelinePlacementPolicy (PipelinePlacementPolicy.java:meetCriteria(91)) - Pipeline Placement: can't place more pipeline on heavy datanode： 7361a01f-3bcc-4a30-b80f-3806f83048f3 Heaviness: 6 limit: 5
2019-09-25 11:56:59,521 [RatisPipelineUtilsThread] INFO  pipeline.PipelinePlacementPolicy (PipelinePlacementPolicy.java:meetCriteria(91)) - Pipeline Placement: can't place more pipeline on heavy datanode： a49539dc-5450-4b38-9858-49dc7b52b4cc Heaviness: 6 limit: 5
2019-09-25 11:56:59,521 [RatisPipelineUtilsThread] INFO  pipeline.PipelinePlacementPolicy (PipelinePlacementPolicy.java:meetCriteria(91)) - Pipeline Placement: can't place more pipeline on heavy datanode： defb87f9-b552-40ae-8930-8043bdc1fda2 Heaviness: 6 limit: 5
2019-09-25 11:56:59,537 [grpc-default-executor-1] INFO  impl.RaftServerProxy (RaftServerProxy.java:addNew(89)) - 59f2e4b8-41c0-4853-b4df-5d86491a517d: addNew group-EBA837361168:[59f2e4b8-41c0-4853-b4df-5d86491a517d:192.168.151.73:42681] returns group-EBA837361168:java.util.concurrent.CompletableFuture@482216b2[Not completed]
2019-09-25 11:56:59,541 [pool-87-thread-1] INFO  impl.RaftServerImpl (RaftServerImpl.java:<init>(95)) - 59f2e4b8-41c0-4853-b4df-5d86491a517d: new RaftServerImpl for group-EBA837361168:[59f2e4b8-41c0-4853-b4df-5d86491a517d:192.168.151.73:42681] with ContainerStateMachine:uninitialized
2019-09-25 11:56:59,541 [pool-87-thread-1] INFO  server.RaftServerConfigKeys (ConfUtils.java:logGet(43)) - raft.server.rpc.timeout.min = 5s (custom)
2019-09-25 11:56:59,541 [pool-87-thread-1] INFO  server.RaftServerConfigKeys (ConfUtils.java:logGet(43)) - raft.server.rpc.timeout.max = 5200ms (custom)
2019-09-25 11:56:59,542 [pool-87-thread-1] INFO  server.RaftServerConfigKeys (ConfUtils.java:logGet(43)) - raft.server.rpcslowness.timeout = 120s (custom)
2019-09-25 11:56:59,542 [pool-87-thread-1] INFO  server.RaftServerConfigKeys (ConfUtils.java:logGet(43)) - raft.server.sleep.deviation.threshold = 300 (default)
2019-09-25 11:56:59,542 [pool-87-thread-1] INFO  server.RaftServerConfigKeys (ConfUtils.java:logGet(43)) - raft.server.log.appender.install.snapshot.enabled = false (custom)
2019-09-25 11:56:59,542 [pool-87-thread-1] INFO  impl.RaftServerImpl (ServerState.java:<init>(103)) - 59f2e4b8-41c0-4853-b4df-5d86491a517d@group-EBA837361168: ConfigurationManager, init=-1: [59f2e4b8-41c0-4853-b4df-5d86491a517d:192.168.151.73:42681], old=null, confs=<EMPTY_MAP>
2019-09-25 11:56:59,542 [pool-87-thread-1] INFO  server.RaftServerConfigKeys (ConfUtils.java:logGet(43)) - raft.server.storage.dir = [/workdir/hadoop-ozone/integration-test/target/test-dir/MiniOzoneClusterImpl-79e9daf4-eda6-4046-b710-e1fcaf4daad9/datanode-6/data/ratis] (custom)
2019-09-25 11:56:59,543 [pool-87-thread-1] INFO  storage.RaftStorageDirectory (RaftStorageDirectory.java:analyzeStorage(246)) - The storage directory /workdir/hadoop-ozone/integration-test/target/test-dir/MiniOzoneClusterImpl-79e9daf4-eda6-4046-b710-e1fcaf4daad9/datanode-6/data/ratis/435ff384-680f-4471-b18e-eba837361168 does not exist. Creating ...
2019-09-25 11:56:59,556 [pool-87-thread-1] INFO  storage.RaftStorageDirectory (RaftStorageDirectory.java:tryLock(328)) - Lock on /workdir/hadoop-ozone/integration-test/target/test-dir/MiniOzoneClusterImpl-79e9daf4-eda6-4046-b710-e1fcaf4daad9/datanode-6/data/ratis/435ff384-680f-4471-b18e-eba837361168/in_use.lock acquired by nodename 24979@pr-hdds-1569-shd4m-3693607622
2019-09-25 11:56:59,569 [pool-87-thread-1] INFO  storage.RaftStorage (RaftStorage.java:format(72)) - Storage directory /workdir/hadoop-ozone/integration-test/target/test-dir/MiniOzoneClusterImpl-79e9daf4-eda6-4046-b710-e1fcaf4daad9/datanode-6/data/ratis/435ff384-680f-4471-b18e-eba837361168 has been successfully formatted.
2019-09-25 11:56:59,569 [pool-87-thread-1] INFO  ratis.ContainerStateMachine (ContainerStateMachine.java:loadSnapshot(230)) - group-EBA837361168: The snapshot info is null. Setting the last applied indexto:(t:0, i:~)
2019-09-25 11:56:59,569 [pool-87-thread-1] INFO  server.RaftServerConfigKeys (ConfUtils.java:logGet(43)) - raft.server.notification.no-leader.timeout = 120s (custom)
2019-09-25 11:56:59,570 [pool-87-thread-1] INFO  server.RaftServerConfigKeys (ConfUtils.java:logGet(43)) - raft.server.log.use.memory = false (default)
2019-09-25 11:56:59,570 [pool-87-thread-1] INFO  server.RaftServerConfigKeys (ConfUtils.java:logGet(43)) - raft.server.log.purge.gap = 1000000 (custom)
2019-09-25 11:56:59,570 [pool-87-thread-1] INFO  server.RaftServerConfigKeys (ConfUtils.java:logGet(43)) - raft.server.log.appender.buffer.byte-limit = 33554432 (custom)
2019-09-25 11:56:59,570 [pool-87-thread-1] INFO  server.RaftServerConfigKeys (ConfUtils.java:logGet(43)) - raft.server.log.segment.size.max = 1048576 (custom)
2019-09-25 11:56:59,570 [pool-87-thread-1] INFO  server.RaftServerConfigKeys (ConfUtils.java:logGet(43)) - raft.server.log.segment.cache.num.max = 2 (custom)
2019-09-25 11:56:59,571 [pool-87-thread-1] INFO  segmented.SegmentedRaftLogWorker (SegmentedRaftLogWorker.java:<init>(172)) - new 59f2e4b8-41c0-4853-b4df-5d86491a517d@group-EBA837361168-SegmentedRaftLogWorker for RaftStorage:Storage Directory /workdir/hadoop-ozone/integration-test/target/test-dir/MiniOzoneClusterImpl-79e9daf4-eda6-4046-b710-e1fcaf4daad9/datanode-6/data/ratis/435ff384-680f-4471-b18e-eba837361168
2019-09-25 11:56:59,571 [pool-87-thread-1] INFO  server.RaftServerConfigKeys (ConfUtils.java:logGet(43)) - raft.server.log.queue.byte-limit = 2147483647 (custom)
2019-09-25 11:56:59,571 [pool-87-thread-1] INFO  server.RaftServerConfigKeys (ConfUtils.java:logGet(43)) - raft.server.log.queue.element-limit = 1024 (custom)
2019-09-25 11:56:59,571 [pool-87-thread-1] INFO  server.RaftServerConfigKeys (ConfUtils.java:logGet(43)) - raft.server.log.segment.size.max = 1048576 (custom)
2019-09-25 11:56:59,571 [pool-87-thread-1] INFO  server.RaftServerConfigKeys (ConfUtils.java:logGet(43)) - raft.server.log.preallocated.size = 16384 (custom)
2019-09-25 11:56:59,571 [pool-87-thread-1] INFO  server.RaftServerConfigKeys (ConfUtils.java:logGet(43)) - raft.server.log.write.buffer.size = 33554432 (custom)
2019-09-25 11:56:59,572 [pool-87-thread-1] INFO  server.RaftServerConfigKeys (ConfUtils.java:logGet(43)) - raft.server.log.force.sync.num = 128 (default)
2019-09-25 11:56:59,572 [pool-87-thread-1] INFO  server.RaftServerConfigKeys (ConfUtils.java:logGet(43)) - raft.server.log.statemachine.data.sync = true (default)
2019-09-25 11:56:59,572 [pool-87-thread-1] INFO  server.RaftServerConfigKeys (ConfUtils.java:logGet(43)) - raft.server.log.statemachine.data.sync.timeout = 10s (default)
2019-09-25 11:56:59,572 [pool-87-thread-1] INFO  server.RaftServerConfigKeys (ConfUtils.java:logGet(43)) - raft.server.log.statemachine.data.sync.timeout.retry = -1 (default)
2019-09-25 11:56:59,572 [pool-87-thread-1] INFO  server.RaftServerConfigKeys (ConfUtils.java:logGet(43)) - raft.server.log.statemachine.data.caching.enabled = true (custom)
2019-09-25 11:56:59,573 [pool-87-thread-1] INFO  segmented.SegmentedRaftLogWorker (SegmentedRaftLogWorker.java:lambda$new$0(132)) - 59f2e4b8-41c0-4853-b4df-5d86491a517d@group-EBA837361168-SegmentedRaftLogWorker: flushIndex: setUnconditionally 0 -> -1
2019-09-25 11:56:59,573 [pool-87-thread-1] INFO  server.RaftServerConfigKeys (ConfUtils.java:logGet(43)) - raft.server.snapshot.auto.trigger.enabled = true (custom)
2019-09-25 11:56:59,573 [pool-87-thread-1] INFO  server.RaftServerConfigKeys (ConfUtils.java:logGet(43)) - raft.server.snapshot.auto.trigger.threshold = 10000 (custom)
2019-09-25 11:56:59,574 [pool-87-thread-1] INFO  server.RaftServerConfigKeys (ConfUtils.java:logGet(43)) - raft.server.snapshot.retention.num.files = 5 (custom)
2019-09-25 11:56:59,574 [pool-87-thread-1] INFO  server.RaftServerConfigKeys (ConfUtils.java:logGet(43)) - raft.server.retrycache.expirytime = 600000ms (custom)
2019-09-25 11:56:59,577 [pool-87-thread-1] INFO  impl.RaftServerImpl (RaftServerImpl.java:start(185)) - 59f2e4b8-41c0-4853-b4df-5d86491a517d@group-EBA837361168: start as a follower, conf=-1: [59f2e4b8-41c0-4853-b4df-5d86491a517d:192.168.151.73:42681], old=null
2019-09-25 11:56:59,577 [pool-87-thread-1] INFO  impl.RaftServerImpl (RaftServerImpl.java:setRole(174)) - 59f2e4b8-41c0-4853-b4df-5d86491a517d@group-EBA837361168: changes role from      null to FOLLOWER at term 0 for startAsFollower
2019-09-25 11:56:59,577 [pool-87-thread-1] INFO  impl.RoleInfo (RoleInfo.java:updateAndGet(143)) - 59f2e4b8-41c0-4853-b4df-5d86491a517d: start FollowerState
2019-09-25 11:56:59,578 [pool-87-thread-1] INFO  util.JmxRegister (JmxRegister.java:tryRegister(44)) - Successfully registered JMX Bean with object name Ratis:service=RaftServer,group=group-EBA837361168,id=59f2e4b8-41c0-4853-b4df-5d86491a517d
2019-09-25 11:56:59,584 [RatisPipelineUtilsThread] INFO  pipeline.PipelineStateManager (PipelineStateManager.java:addPipeline(56)) - Created pipeline Pipeline[ Id: 435ff384-680f-4471-b18e-eba837361168, Nodes: 59f2e4b8-41c0-4853-b4df-5d86491a517d{ip: 192.168.151.73, host: pr-hdds-1569-shd4m-3693607622, networkLocation: /default-rack, certSerialId: null}, Type:RATIS, Factor:ONE, State:OPEN]
2019-09-25 11:56:59,585 [RatisPipelineUtilsThread] INFO  pipeline.PipelinePlacementPolicy (PipelinePlacementPolicy.java:meetCriteria(91)) - Pipeline Placement: can't place more pipeline on heavy datanode： f59fc06d-a561-4bda-9641-bf15daa2d5cc Heaviness: 6 limit: 5
2019-09-25 11:56:59,585 [RatisPipelineUtilsThread] INFO  pipeline.PipelinePlacementPolicy (PipelinePlacementPolicy.java:meetCriteria(91)) - Pipeline Placement: can't place more pipeline on heavy datanode： f320213e-69dd-47d7-8b12-80f84f010fc9 Heaviness: 6 limit: 5
2019-09-25 11:56:59,585 [RatisPipelineUtilsThread] INFO  pipeline.PipelinePlacementPolicy (PipelinePlacementPolicy.java:meetCriteria(91)) - Pipeline Placement: can't place more pipeline on heavy datanode： 7361a01f-3bcc-4a30-b80f-3806f83048f3 Heaviness: 6 limit: 5
2019-09-25 11:56:59,585 [RatisPipelineUtilsThread] INFO  pipeline.PipelinePlacementPolicy (PipelinePlacementPolicy.java:meetCriteria(91)) - Pipeline Placement: can't place more pipeline on heavy datanode： a49539dc-5450-4b38-9858-49dc7b52b4cc Heaviness: 6 limit: 5
2019-09-25 11:56:59,585 [RatisPipelineUtilsThread] INFO  pipeline.PipelinePlacementPolicy (PipelinePlacementPolicy.java:meetCriteria(91)) - Pipeline Placement: can't place more pipeline on heavy datanode： defb87f9-b552-40ae-8930-8043bdc1fda2 Heaviness: 6 limit: 5
2019-09-25 11:56:59,601 [grpc-default-executor-1] INFO  impl.RaftServerProxy (RaftServerProxy.java:addNew(89)) - c4c6e274-a2e5-461e-9f46-318649b031aa: addNew group-29260458704D:[c4c6e274-a2e5-461e-9f46-318649b031aa:192.168.151.73:46301] returns group-29260458704D:java.util.concurrent.CompletableFuture@4e39cf6b[Not completed]
2019-09-25 11:56:59,602 [pool-77-thread-1] INFO  impl.RaftServerImpl (RaftServerImpl.java:<init>(95)) - c4c6e274-a2e5-461e-9f46-318649b031aa: new RaftServerImpl for group-29260458704D:[c4c6e274-a2e5-461e-9f46-318649b031aa:192.168.151.73:46301] with ContainerStateMachine:uninitialized
2019-09-25 11:56:59,603 [pool-77-thread-1] INFO  server.RaftServerConfigKeys (ConfUtils.java:logGet(43)) - raft.server.rpc.timeout.min = 5s (custom)
2019-09-25 11:56:59,603 [pool-77-thread-1] INFO  server.RaftServerConfigKeys (ConfUtils.java:logGet(43)) - raft.server.rpc.timeout.max = 5200ms (custom)
2019-09-25 11:56:59,603 [pool-77-thread-1] INFO  server.RaftServerConfigKeys (ConfUtils.java:logGet(43)) - raft.server.rpcslowness.timeout = 120s (custom)
2019-09-25 11:56:59,603 [pool-77-thread-1] INFO  server.RaftServerConfigKeys (ConfUtils.java:logGet(43)) - raft.server.sleep.deviation.threshold = 300 (default)
2019-09-25 11:56:59,603 [pool-77-thread-1] INFO  server.RaftServerConfigKeys (ConfUtils.java:logGet(43)) - raft.server.log.appender.install.snapshot.enabled = false (custom)
2019-09-25 11:56:59,603 [pool-77-thread-1] INFO  impl.RaftServerImpl (ServerState.java:<init>(103)) - c4c6e274-a2e5-461e-9f46-318649b031aa@group-29260458704D: ConfigurationManager, init=-1: [c4c6e274-a2e5-461e-9f46-318649b031aa:192.168.151.73:46301], old=null, confs=<EMPTY_MAP>
2019-09-25 11:56:59,603 [pool-77-thread-1] INFO  server.RaftServerConfigKeys (ConfUtils.java:logGet(43)) - raft.server.storage.dir = [/workdir/hadoop-ozone/integration-test/target/test-dir/MiniOzoneClusterImpl-79e9daf4-eda6-4046-b710-e1fcaf4daad9/datanode-5/data/ratis] (custom)
2019-09-25 11:56:59,604 [pool-77-thread-1] INFO  storage.RaftStorageDirectory (RaftStorageDirectory.java:analyzeStorage(246)) - The storage directory /workdir/hadoop-ozone/integration-test/target/test-dir/MiniOzoneClusterImpl-79e9daf4-eda6-4046-b710-e1fcaf4daad9/datanode-5/data/ratis/b871e20b-bfb6-4858-90a9-29260458704d does not exist. Creating ...
2019-09-25 11:56:59,627 [pool-77-thread-1] INFO  storage.RaftStorageDirectory (RaftStorageDirectory.java:tryLock(328)) - Lock on /workdir/hadoop-ozone/integration-test/target/test-dir/MiniOzoneClusterImpl-79e9daf4-eda6-4046-b710-e1fcaf4daad9/datanode-5/data/ratis/b871e20b-bfb6-4858-90a9-29260458704d/in_use.lock acquired by nodename 24979@pr-hdds-1569-shd4m-3693607622
2019-09-25 11:56:59,630 [pool-77-thread-1] INFO  storage.RaftStorage (RaftStorage.java:format(72)) - Storage directory /workdir/hadoop-ozone/integration-test/target/test-dir/MiniOzoneClusterImpl-79e9daf4-eda6-4046-b710-e1fcaf4daad9/datanode-5/data/ratis/b871e20b-bfb6-4858-90a9-29260458704d has been successfully formatted.
2019-09-25 11:56:59,630 [pool-77-thread-1] INFO  ratis.ContainerStateMachine (ContainerStateMachine.java:loadSnapshot(230)) - group-29260458704D: The snapshot info is null. Setting the last applied indexto:(t:0, i:~)
2019-09-25 11:56:59,631 [pool-77-thread-1] INFO  server.RaftServerConfigKeys (ConfUtils.java:logGet(43)) - raft.server.notification.no-leader.timeout = 120s (custom)
2019-09-25 11:56:59,631 [pool-77-thread-1] INFO  server.RaftServerConfigKeys (ConfUtils.java:logGet(43)) - raft.server.log.use.memory = false (default)
2019-09-25 11:56:59,631 [pool-77-thread-1] INFO  server.RaftServerConfigKeys (ConfUtils.java:logGet(43)) - raft.server.log.purge.gap = 1000000 (custom)
2019-09-25 11:56:59,631 [pool-77-thread-1] INFO  server.RaftServerConfigKeys (ConfUtils.java:logGet(43)) - raft.server.log.appender.buffer.byte-limit = 33554432 (custom)
2019-09-25 11:56:59,631 [pool-77-thread-1] INFO  server.RaftServerConfigKeys (ConfUtils.java:logGet(43)) - raft.server.log.segment.size.max = 1048576 (custom)
2019-09-25 11:56:59,632 [pool-77-thread-1] INFO  server.RaftServerConfigKeys (ConfUtils.java:logGet(43)) - raft.server.log.segment.cache.num.max = 2 (custom)
2019-09-25 11:56:59,632 [pool-77-thread-1] INFO  segmented.SegmentedRaftLogWorker (SegmentedRaftLogWorker.java:<init>(172)) - new c4c6e274-a2e5-461e-9f46-318649b031aa@group-29260458704D-SegmentedRaftLogWorker for RaftStorage:Storage Directory /workdir/hadoop-ozone/integration-test/target/test-dir/MiniOzoneClusterImpl-79e9daf4-eda6-4046-b710-e1fcaf4daad9/datanode-5/data/ratis/b871e20b-bfb6-4858-90a9-29260458704d
2019-09-25 11:56:59,632 [pool-77-thread-1] INFO  server.RaftServerConfigKeys (ConfUtils.java:logGet(43)) - raft.server.log.queue.byte-limit = 2147483647 (custom)
2019-09-25 11:56:59,632 [pool-77-thread-1] INFO  server.RaftServerConfigKeys (ConfUtils.java:logGet(43)) - raft.server.log.queue.element-limit = 1024 (custom)
2019-09-25 11:56:59,632 [pool-77-thread-1] INFO  server.RaftServerConfigKeys (ConfUtils.java:logGet(43)) - raft.server.log.segment.size.max = 1048576 (custom)
2019-09-25 11:56:59,632 [pool-77-thread-1] INFO  server.RaftServerConfigKeys (ConfUtils.java:logGet(43)) - raft.server.log.preallocated.size = 16384 (custom)
2019-09-25 11:56:59,633 [pool-77-thread-1] INFO  server.RaftServerConfigKeys (ConfUtils.java:logGet(43)) - raft.server.log.write.buffer.size = 33554432 (custom)
2019-09-25 11:56:59,633 [pool-77-thread-1] INFO  server.RaftServerConfigKeys (ConfUtils.java:logGet(43)) - raft.server.log.force.sync.num = 128 (default)
2019-09-25 11:56:59,633 [pool-77-thread-1] INFO  server.RaftServerConfigKeys (ConfUtils.java:logGet(43)) - raft.server.log.statemachine.data.sync = true (default)
2019-09-25 11:56:59,633 [pool-77-thread-1] INFO  server.RaftServerConfigKeys (ConfUtils.java:logGet(43)) - raft.server.log.statemachine.data.sync.timeout = 10s (default)
2019-09-25 11:56:59,633 [pool-77-thread-1] INFO  server.RaftServerConfigKeys (ConfUtils.java:logGet(43)) - raft.server.log.statemachine.data.sync.timeout.retry = -1 (default)
2019-09-25 11:56:59,633 [pool-77-thread-1] INFO  server.RaftServerConfigKeys (ConfUtils.java:logGet(43)) - raft.server.log.statemachine.data.caching.enabled = true (custom)
2019-09-25 11:56:59,634 [pool-77-thread-1] INFO  segmented.SegmentedRaftLogWorker (SegmentedRaftLogWorker.java:lambda$new$0(132)) - c4c6e274-a2e5-461e-9f46-318649b031aa@group-29260458704D-SegmentedRaftLogWorker: flushIndex: setUnconditionally 0 -> -1
2019-09-25 11:56:59,634 [pool-77-thread-1] INFO  server.RaftServerConfigKeys (ConfUtils.java:logGet(43)) - raft.server.snapshot.auto.trigger.enabled = true (custom)
2019-09-25 11:56:59,634 [pool-77-thread-1] INFO  server.RaftServerConfigKeys (ConfUtils.java:logGet(43)) - raft.server.snapshot.auto.trigger.threshold = 10000 (custom)
2019-09-25 11:56:59,635 [pool-77-thread-1] INFO  server.RaftServerConfigKeys (ConfUtils.java:logGet(43)) - raft.server.snapshot.retention.num.files = 5 (custom)
2019-09-25 11:56:59,635 [pool-77-thread-1] INFO  server.RaftServerConfigKeys (ConfUtils.java:logGet(43)) - raft.server.retrycache.expirytime = 600000ms (custom)
2019-09-25 11:56:59,638 [pool-77-thread-1] INFO  impl.RaftServerImpl (RaftServerImpl.java:start(185)) - c4c6e274-a2e5-461e-9f46-318649b031aa@group-29260458704D: start as a follower, conf=-1: [c4c6e274-a2e5-461e-9f46-318649b031aa:192.168.151.73:46301], old=null
2019-09-25 11:56:59,638 [pool-77-thread-1] INFO  impl.RaftServerImpl (RaftServerImpl.java:setRole(174)) - c4c6e274-a2e5-461e-9f46-318649b031aa@group-29260458704D: changes role from      null to FOLLOWER at term 0 for startAsFollower
2019-09-25 11:56:59,638 [pool-77-thread-1] INFO  impl.RoleInfo (RoleInfo.java:updateAndGet(143)) - c4c6e274-a2e5-461e-9f46-318649b031aa: start FollowerState
2019-09-25 11:56:59,645 [pool-77-thread-1] INFO  util.JmxRegister (JmxRegister.java:tryRegister(44)) - Successfully registered JMX Bean with object name Ratis:service=RaftServer,group=group-29260458704D,id=c4c6e274-a2e5-461e-9f46-318649b031aa
2019-09-25 11:56:59,657 [RatisPipelineUtilsThread] INFO  pipeline.PipelineStateManager (PipelineStateManager.java:addPipeline(56)) - Created pipeline Pipeline[ Id: b871e20b-bfb6-4858-90a9-29260458704d, Nodes: c4c6e274-a2e5-461e-9f46-318649b031aa{ip: 192.168.151.73, host: pr-hdds-1569-shd4m-3693607622, networkLocation: /default-rack, certSerialId: null}, Type:RATIS, Factor:ONE, State:OPEN]
2019-09-25 11:56:59,658 [RatisPipelineUtilsThread] INFO  pipeline.PipelinePlacementPolicy (PipelinePlacementPolicy.java:meetCriteria(91)) - Pipeline Placement: can't place more pipeline on heavy datanode： f59fc06d-a561-4bda-9641-bf15daa2d5cc Heaviness: 6 limit: 5
2019-09-25 11:56:59,658 [RatisPipelineUtilsThread] INFO  pipeline.PipelinePlacementPolicy (PipelinePlacementPolicy.java:meetCriteria(91)) - Pipeline Placement: can't place more pipeline on heavy datanode： c4c6e274-a2e5-461e-9f46-318649b031aa Heaviness: 6 limit: 5
2019-09-25 11:56:59,658 [RatisPipelineUtilsThread] INFO  pipeline.PipelinePlacementPolicy (PipelinePlacementPolicy.java:meetCriteria(91)) - Pipeline Placement: can't place more pipeline on heavy datanode： f320213e-69dd-47d7-8b12-80f84f010fc9 Heaviness: 6 limit: 5
2019-09-25 11:56:59,658 [RatisPipelineUtilsThread] INFO  pipeline.PipelinePlacementPolicy (PipelinePlacementPolicy.java:meetCriteria(91)) - Pipeline Placement: can't place more pipeline on heavy datanode： 7361a01f-3bcc-4a30-b80f-3806f83048f3 Heaviness: 6 limit: 5
2019-09-25 11:56:59,658 [RatisPipelineUtilsThread] INFO  pipeline.PipelinePlacementPolicy (PipelinePlacementPolicy.java:meetCriteria(91)) - Pipeline Placement: can't place more pipeline on heavy datanode： a49539dc-5450-4b38-9858-49dc7b52b4cc Heaviness: 6 limit: 5
2019-09-25 11:56:59,658 [RatisPipelineUtilsThread] INFO  pipeline.PipelinePlacementPolicy (PipelinePlacementPolicy.java:meetCriteria(91)) - Pipeline Placement: can't place more pipeline on heavy datanode： defb87f9-b552-40ae-8930-8043bdc1fda2 Heaviness: 6 limit: 5
2019-09-25 11:56:59,663 [grpc-default-executor-1] INFO  impl.RaftServerProxy (RaftServerProxy.java:addNew(89)) - 59f2e4b8-41c0-4853-b4df-5d86491a517d: addNew group-EF4838D2EEAB:[59f2e4b8-41c0-4853-b4df-5d86491a517d:192.168.151.73:42681] returns group-EF4838D2EEAB:java.util.concurrent.CompletableFuture@26c4a96[Not completed]
2019-09-25 11:56:59,665 [pool-87-thread-1] INFO  impl.RaftServerImpl (RaftServerImpl.java:<init>(95)) - 59f2e4b8-41c0-4853-b4df-5d86491a517d: new RaftServerImpl for group-EF4838D2EEAB:[59f2e4b8-41c0-4853-b4df-5d86491a517d:192.168.151.73:42681] with ContainerStateMachine:uninitialized
2019-09-25 11:56:59,665 [pool-87-thread-1] INFO  server.RaftServerConfigKeys (ConfUtils.java:logGet(43)) - raft.server.rpc.timeout.min = 5s (custom)
2019-09-25 11:56:59,665 [pool-87-thread-1] INFO  server.RaftServerConfigKeys (ConfUtils.java:logGet(43)) - raft.server.rpc.timeout.max = 5200ms (custom)
2019-09-25 11:56:59,665 [pool-87-thread-1] INFO  server.RaftServerConfigKeys (ConfUtils.java:logGet(43)) - raft.server.rpcslowness.timeout = 120s (custom)
2019-09-25 11:56:59,666 [pool-87-thread-1] INFO  server.RaftServerConfigKeys (ConfUtils.java:logGet(43)) - raft.server.sleep.deviation.threshold = 300 (default)
2019-09-25 11:56:59,666 [pool-87-thread-1] INFO  server.RaftServerConfigKeys (ConfUtils.java:logGet(43)) - raft.server.log.appender.install.snapshot.enabled = false (custom)
2019-09-25 11:56:59,666 [pool-87-thread-1] INFO  impl.RaftServerImpl (ServerState.java:<init>(103)) - 59f2e4b8-41c0-4853-b4df-5d86491a517d@group-EF4838D2EEAB: ConfigurationManager, init=-1: [59f2e4b8-41c0-4853-b4df-5d86491a517d:192.168.151.73:42681], old=null, confs=<EMPTY_MAP>
2019-09-25 11:56:59,666 [pool-87-thread-1] INFO  server.RaftServerConfigKeys (ConfUtils.java:logGet(43)) - raft.server.storage.dir = [/workdir/hadoop-ozone/integration-test/target/test-dir/MiniOzoneClusterImpl-79e9daf4-eda6-4046-b710-e1fcaf4daad9/datanode-6/data/ratis] (custom)
2019-09-25 11:56:59,666 [pool-87-thread-1] INFO  storage.RaftStorageDirectory (RaftStorageDirectory.java:analyzeStorage(246)) - The storage directory /workdir/hadoop-ozone/integration-test/target/test-dir/MiniOzoneClusterImpl-79e9daf4-eda6-4046-b710-e1fcaf4daad9/datanode-6/data/ratis/8c1807e2-3929-47a5-a8c6-ef4838d2eeab does not exist. Creating ...
2019-09-25 11:56:59,680 [pool-87-thread-1] INFO  storage.RaftStorageDirectory (RaftStorageDirectory.java:tryLock(328)) - Lock on /workdir/hadoop-ozone/integration-test/target/test-dir/MiniOzoneClusterImpl-79e9daf4-eda6-4046-b710-e1fcaf4daad9/datanode-6/data/ratis/8c1807e2-3929-47a5-a8c6-ef4838d2eeab/in_use.lock acquired by nodename 24979@pr-hdds-1569-shd4m-3693607622
2019-09-25 11:56:59,701 [pool-87-thread-1] INFO  storage.RaftStorage (RaftStorage.java:format(72)) - Storage directory /workdir/hadoop-ozone/integration-test/target/test-dir/MiniOzoneClusterImpl-79e9daf4-eda6-4046-b710-e1fcaf4daad9/datanode-6/data/ratis/8c1807e2-3929-47a5-a8c6-ef4838d2eeab has been successfully formatted.
2019-09-25 11:56:59,701 [pool-87-thread-1] INFO  ratis.ContainerStateMachine (ContainerStateMachine.java:loadSnapshot(230)) - group-EF4838D2EEAB: The snapshot info is null. Setting the last applied indexto:(t:0, i:~)
2019-09-25 11:56:59,701 [pool-87-thread-1] INFO  server.RaftServerConfigKeys (ConfUtils.java:logGet(43)) - raft.server.notification.no-leader.timeout = 120s (custom)
2019-09-25 11:56:59,701 [pool-87-thread-1] INFO  server.RaftServerConfigKeys (ConfUtils.java:logGet(43)) - raft.server.log.use.memory = false (default)
2019-09-25 11:56:59,701 [pool-87-thread-1] INFO  server.RaftServerConfigKeys (ConfUtils.java:logGet(43)) - raft.server.log.purge.gap = 1000000 (custom)
2019-09-25 11:56:59,702 [pool-87-thread-1] INFO  server.RaftServerConfigKeys (ConfUtils.java:logGet(43)) - raft.server.log.appender.buffer.byte-limit = 33554432 (custom)
2019-09-25 11:56:59,702 [pool-87-thread-1] INFO  server.RaftServerConfigKeys (ConfUtils.java:logGet(43)) - raft.server.log.segment.size.max = 1048576 (custom)
2019-09-25 11:56:59,702 [pool-87-thread-1] INFO  server.RaftServerConfigKeys (ConfUtils.java:logGet(43)) - raft.server.log.segment.cache.num.max = 2 (custom)
2019-09-25 11:56:59,702 [pool-87-thread-1] INFO  segmented.SegmentedRaftLogWorker (SegmentedRaftLogWorker.java:<init>(172)) - new 59f2e4b8-41c0-4853-b4df-5d86491a517d@group-EF4838D2EEAB-SegmentedRaftLogWorker for RaftStorage:Storage Directory /workdir/hadoop-ozone/integration-test/target/test-dir/MiniOzoneClusterImpl-79e9daf4-eda6-4046-b710-e1fcaf4daad9/datanode-6/data/ratis/8c1807e2-3929-47a5-a8c6-ef4838d2eeab
2019-09-25 11:56:59,702 [pool-87-thread-1] INFO  server.RaftServerConfigKeys (ConfUtils.java:logGet(43)) - raft.server.log.queue.byte-limit = 2147483647 (custom)
2019-09-25 11:56:59,702 [pool-87-thread-1] INFO  server.RaftServerConfigKeys (ConfUtils.java:logGet(43)) - raft.server.log.queue.element-limit = 1024 (custom)
2019-09-25 11:56:59,702 [pool-87-thread-1] INFO  server.RaftServerConfigKeys (ConfUtils.java:logGet(43)) - raft.server.log.segment.size.max = 1048576 (custom)
2019-09-25 11:56:59,702 [pool-87-thread-1] INFO  server.RaftServerConfigKeys (ConfUtils.java:logGet(43)) - raft.server.log.preallocated.size = 16384 (custom)
2019-09-25 11:56:59,702 [pool-87-thread-1] INFO  server.RaftServerConfigKeys (ConfUtils.java:logGet(43)) - raft.server.log.write.buffer.size = 33554432 (custom)
2019-09-25 11:56:59,703 [pool-87-thread-1] INFO  server.RaftServerConfigKeys (ConfUtils.java:logGet(43)) - raft.server.log.force.sync.num = 128 (default)
2019-09-25 11:56:59,703 [pool-87-thread-1] INFO  server.RaftServerConfigKeys (ConfUtils.java:logGet(43)) - raft.server.log.statemachine.data.sync = true (default)
2019-09-25 11:56:59,703 [pool-87-thread-1] INFO  server.RaftServerConfigKeys (ConfUtils.java:logGet(43)) - raft.server.log.statemachine.data.sync.timeout = 10s (default)
2019-09-25 11:56:59,703 [pool-87-thread-1] INFO  server.RaftServerConfigKeys (ConfUtils.java:logGet(43)) - raft.server.log.statemachine.data.sync.timeout.retry = -1 (default)
2019-09-25 11:56:59,703 [pool-87-thread-1] INFO  server.RaftServerConfigKeys (ConfUtils.java:logGet(43)) - raft.server.log.statemachine.data.caching.enabled = true (custom)
2019-09-25 11:56:59,703 [pool-87-thread-1] INFO  segmented.SegmentedRaftLogWorker (SegmentedRaftLogWorker.java:lambda$new$0(132)) - 59f2e4b8-41c0-4853-b4df-5d86491a517d@group-EF4838D2EEAB-SegmentedRaftLogWorker: flushIndex: setUnconditionally 0 -> -1
2019-09-25 11:56:59,704 [pool-87-thread-1] INFO  server.RaftServerConfigKeys (ConfUtils.java:logGet(43)) - raft.server.snapshot.auto.trigger.enabled = true (custom)
2019-09-25 11:56:59,704 [pool-87-thread-1] INFO  server.RaftServerConfigKeys (ConfUtils.java:logGet(43)) - raft.server.snapshot.auto.trigger.threshold = 10000 (custom)
2019-09-25 11:56:59,704 [pool-87-thread-1] INFO  server.RaftServerConfigKeys (ConfUtils.java:logGet(43)) - raft.server.snapshot.retention.num.files = 5 (custom)
2019-09-25 11:56:59,704 [pool-87-thread-1] INFO  server.RaftServerConfigKeys (ConfUtils.java:logGet(43)) - raft.server.retrycache.expirytime = 600000ms (custom)
2019-09-25 11:56:59,706 [pool-87-thread-1] INFO  impl.RaftServerImpl (RaftServerImpl.java:start(185)) - 59f2e4b8-41c0-4853-b4df-5d86491a517d@group-EF4838D2EEAB: start as a follower, conf=-1: [59f2e4b8-41c0-4853-b4df-5d86491a517d:192.168.151.73:42681], old=null
2019-09-25 11:56:59,706 [pool-87-thread-1] INFO  impl.RaftServerImpl (RaftServerImpl.java:setRole(174)) - 59f2e4b8-41c0-4853-b4df-5d86491a517d@group-EF4838D2EEAB: changes role from      null to FOLLOWER at term 0 for startAsFollower
2019-09-25 11:56:59,706 [pool-87-thread-1] INFO  impl.RoleInfo (RoleInfo.java:updateAndGet(143)) - 59f2e4b8-41c0-4853-b4df-5d86491a517d: start FollowerState
2019-09-25 11:56:59,706 [pool-87-thread-1] INFO  util.JmxRegister (JmxRegister.java:tryRegister(44)) - Successfully registered JMX Bean with object name Ratis:service=RaftServer,group=group-EF4838D2EEAB,id=59f2e4b8-41c0-4853-b4df-5d86491a517d
2019-09-25 11:56:59,709 [RatisPipelineUtilsThread] INFO  pipeline.PipelineStateManager (PipelineStateManager.java:addPipeline(56)) - Created pipeline Pipeline[ Id: 8c1807e2-3929-47a5-a8c6-ef4838d2eeab, Nodes: 59f2e4b8-41c0-4853-b4df-5d86491a517d{ip: 192.168.151.73, host: pr-hdds-1569-shd4m-3693607622, networkLocation: /default-rack, certSerialId: null}, Type:RATIS, Factor:ONE, State:OPEN]
2019-09-25 11:56:59,710 [RatisPipelineUtilsThread] INFO  pipeline.PipelinePlacementPolicy (PipelinePlacementPolicy.java:meetCriteria(91)) - Pipeline Placement: can't place more pipeline on heavy datanode： f59fc06d-a561-4bda-9641-bf15daa2d5cc Heaviness: 6 limit: 5
2019-09-25 11:56:59,710 [RatisPipelineUtilsThread] INFO  pipeline.PipelinePlacementPolicy (PipelinePlacementPolicy.java:meetCriteria(91)) - Pipeline Placement: can't place more pipeline on heavy datanode： c4c6e274-a2e5-461e-9f46-318649b031aa Heaviness: 6 limit: 5
2019-09-25 11:56:59,710 [RatisPipelineUtilsThread] INFO  pipeline.PipelinePlacementPolicy (PipelinePlacementPolicy.java:meetCriteria(91)) - Pipeline Placement: can't place more pipeline on heavy datanode： f320213e-69dd-47d7-8b12-80f84f010fc9 Heaviness: 6 limit: 5
2019-09-25 11:56:59,710 [RatisPipelineUtilsThread] INFO  pipeline.PipelinePlacementPolicy (PipelinePlacementPolicy.java:meetCriteria(91)) - Pipeline Placement: can't place more pipeline on heavy datanode： 7361a01f-3bcc-4a30-b80f-3806f83048f3 Heaviness: 6 limit: 5
2019-09-25 11:56:59,710 [RatisPipelineUtilsThread] INFO  pipeline.PipelinePlacementPolicy (PipelinePlacementPolicy.java:meetCriteria(91)) - Pipeline Placement: can't place more pipeline on heavy datanode： a49539dc-5450-4b38-9858-49dc7b52b4cc Heaviness: 6 limit: 5
2019-09-25 11:56:59,710 [RatisPipelineUtilsThread] INFO  pipeline.PipelinePlacementPolicy (PipelinePlacementPolicy.java:meetCriteria(91)) - Pipeline Placement: can't place more pipeline on heavy datanode： defb87f9-b552-40ae-8930-8043bdc1fda2 Heaviness: 6 limit: 5
2019-09-25 11:56:59,715 [grpc-default-executor-1] INFO  impl.RaftServerProxy (RaftServerProxy.java:addNew(89)) - 59f2e4b8-41c0-4853-b4df-5d86491a517d: addNew group-971ACE6F5539:[59f2e4b8-41c0-4853-b4df-5d86491a517d:192.168.151.73:42681] returns group-971ACE6F5539:java.util.concurrent.CompletableFuture@6fd42436[Not completed]
2019-09-25 11:56:59,716 [pool-87-thread-1] INFO  impl.RaftServerImpl (RaftServerImpl.java:<init>(95)) - 59f2e4b8-41c0-4853-b4df-5d86491a517d: new RaftServerImpl for group-971ACE6F5539:[59f2e4b8-41c0-4853-b4df-5d86491a517d:192.168.151.73:42681] with ContainerStateMachine:uninitialized
2019-09-25 11:56:59,716 [pool-87-thread-1] INFO  server.RaftServerConfigKeys (ConfUtils.java:logGet(43)) - raft.server.rpc.timeout.min = 5s (custom)
2019-09-25 11:56:59,716 [pool-87-thread-1] INFO  server.RaftServerConfigKeys (ConfUtils.java:logGet(43)) - raft.server.rpc.timeout.max = 5200ms (custom)
2019-09-25 11:56:59,717 [pool-87-thread-1] INFO  server.RaftServerConfigKeys (ConfUtils.java:logGet(43)) - raft.server.rpcslowness.timeout = 120s (custom)
2019-09-25 11:56:59,717 [pool-87-thread-1] INFO  server.RaftServerConfigKeys (ConfUtils.java:logGet(43)) - raft.server.sleep.deviation.threshold = 300 (default)
2019-09-25 11:56:59,717 [pool-87-thread-1] INFO  server.RaftServerConfigKeys (ConfUtils.java:logGet(43)) - raft.server.log.appender.install.snapshot.enabled = false (custom)
2019-09-25 11:56:59,717 [pool-87-thread-1] INFO  impl.RaftServerImpl (ServerState.java:<init>(103)) - 59f2e4b8-41c0-4853-b4df-5d86491a517d@group-971ACE6F5539: ConfigurationManager, init=-1: [59f2e4b8-41c0-4853-b4df-5d86491a517d:192.168.151.73:42681], old=null, confs=<EMPTY_MAP>
2019-09-25 11:56:59,717 [pool-87-thread-1] INFO  server.RaftServerConfigKeys (ConfUtils.java:logGet(43)) - raft.server.storage.dir = [/workdir/hadoop-ozone/integration-test/target/test-dir/MiniOzoneClusterImpl-79e9daf4-eda6-4046-b710-e1fcaf4daad9/datanode-6/data/ratis] (custom)
2019-09-25 11:56:59,717 [pool-87-thread-1] INFO  storage.RaftStorageDirectory (RaftStorageDirectory.java:analyzeStorage(246)) - The storage directory /workdir/hadoop-ozone/integration-test/target/test-dir/MiniOzoneClusterImpl-79e9daf4-eda6-4046-b710-e1fcaf4daad9/datanode-6/data/ratis/7318e0d5-1a8f-4c67-b7ef-971ace6f5539 does not exist. Creating ...
2019-09-25 11:56:59,730 [pool-87-thread-1] INFO  storage.RaftStorageDirectory (RaftStorageDirectory.java:tryLock(328)) - Lock on /workdir/hadoop-ozone/integration-test/target/test-dir/MiniOzoneClusterImpl-79e9daf4-eda6-4046-b710-e1fcaf4daad9/datanode-6/data/ratis/7318e0d5-1a8f-4c67-b7ef-971ace6f5539/in_use.lock acquired by nodename 24979@pr-hdds-1569-shd4m-3693607622
2019-09-25 11:56:59,755 [pool-87-thread-1] INFO  storage.RaftStorage (RaftStorage.java:format(72)) - Storage directory /workdir/hadoop-ozone/integration-test/target/test-dir/MiniOzoneClusterImpl-79e9daf4-eda6-4046-b710-e1fcaf4daad9/datanode-6/data/ratis/7318e0d5-1a8f-4c67-b7ef-971ace6f5539 has been successfully formatted.
2019-09-25 11:56:59,756 [pool-87-thread-1] INFO  ratis.ContainerStateMachine (ContainerStateMachine.java:loadSnapshot(230)) - group-971ACE6F5539: The snapshot info is null. Setting the last applied indexto:(t:0, i:~)
2019-09-25 11:56:59,756 [pool-87-thread-1] INFO  server.RaftServerConfigKeys (ConfUtils.java:logGet(43)) - raft.server.notification.no-leader.timeout = 120s (custom)
2019-09-25 11:56:59,756 [pool-87-thread-1] INFO  server.RaftServerConfigKeys (ConfUtils.java:logGet(43)) - raft.server.log.use.memory = false (default)
2019-09-25 11:56:59,756 [pool-87-thread-1] INFO  server.RaftServerConfigKeys (ConfUtils.java:logGet(43)) - raft.server.log.purge.gap = 1000000 (custom)
2019-09-25 11:56:59,757 [pool-87-thread-1] INFO  server.RaftServerConfigKeys (ConfUtils.java:logGet(43)) - raft.server.log.appender.buffer.byte-limit = 33554432 (custom)
2019-09-25 11:56:59,757 [pool-87-thread-1] INFO  server.RaftServerConfigKeys (ConfUtils.java:logGet(43)) - raft.server.log.segment.size.max = 1048576 (custom)
2019-09-25 11:56:59,757 [pool-87-thread-1] INFO  server.RaftServerConfigKeys (ConfUtils.java:logGet(43)) - raft.server.log.segment.cache.num.max = 2 (custom)
2019-09-25 11:56:59,757 [pool-87-thread-1] INFO  segmented.SegmentedRaftLogWorker (SegmentedRaftLogWorker.java:<init>(172)) - new 59f2e4b8-41c0-4853-b4df-5d86491a517d@group-971ACE6F5539-SegmentedRaftLogWorker for RaftStorage:Storage Directory /workdir/hadoop-ozone/integration-test/target/test-dir/MiniOzoneClusterImpl-79e9daf4-eda6-4046-b710-e1fcaf4daad9/datanode-6/data/ratis/7318e0d5-1a8f-4c67-b7ef-971ace6f5539
2019-09-25 11:56:59,757 [pool-87-thread-1] INFO  server.RaftServerConfigKeys (ConfUtils.java:logGet(43)) - raft.server.log.queue.byte-limit = 2147483647 (custom)
2019-09-25 11:56:59,757 [pool-87-thread-1] INFO  server.RaftServerConfigKeys (ConfUtils.java:logGet(43)) - raft.server.log.queue.element-limit = 1024 (custom)
2019-09-25 11:56:59,757 [pool-87-thread-1] INFO  server.RaftServerConfigKeys (ConfUtils.java:logGet(43)) - raft.server.log.segment.size.max = 1048576 (custom)
2019-09-25 11:56:59,758 [pool-87-thread-1] INFO  server.RaftServerConfigKeys (ConfUtils.java:logGet(43)) - raft.server.log.preallocated.size = 16384 (custom)
2019-09-25 11:56:59,758 [pool-87-thread-1] INFO  server.RaftServerConfigKeys (ConfUtils.java:logGet(43)) - raft.server.log.write.buffer.size = 33554432 (custom)
2019-09-25 11:56:59,758 [pool-87-thread-1] INFO  server.RaftServerConfigKeys (ConfUtils.java:logGet(43)) - raft.server.log.force.sync.num = 128 (default)
2019-09-25 11:56:59,758 [pool-87-thread-1] INFO  server.RaftServerConfigKeys (ConfUtils.java:logGet(43)) - raft.server.log.statemachine.data.sync = true (default)
2019-09-25 11:56:59,758 [pool-87-thread-1] INFO  server.RaftServerConfigKeys (ConfUtils.java:logGet(43)) - raft.server.log.statemachine.data.sync.timeout = 10s (default)
2019-09-25 11:56:59,758 [pool-87-thread-1] INFO  server.RaftServerConfigKeys (ConfUtils.java:logGet(43)) - raft.server.log.statemachine.data.sync.timeout.retry = -1 (default)
2019-09-25 11:56:59,759 [pool-87-thread-1] INFO  server.RaftServerConfigKeys (ConfUtils.java:logGet(43)) - raft.server.log.statemachine.data.caching.enabled = true (custom)
2019-09-25 11:56:59,759 [pool-87-thread-1] INFO  segmented.SegmentedRaftLogWorker (SegmentedRaftLogWorker.java:lambda$new$0(132)) - 59f2e4b8-41c0-4853-b4df-5d86491a517d@group-971ACE6F5539-SegmentedRaftLogWorker: flushIndex: setUnconditionally 0 -> -1
2019-09-25 11:56:59,759 [pool-87-thread-1] INFO  server.RaftServerConfigKeys (ConfUtils.java:logGet(43)) - raft.server.snapshot.auto.trigger.enabled = true (custom)
2019-09-25 11:56:59,759 [pool-87-thread-1] INFO  server.RaftServerConfigKeys (ConfUtils.java:logGet(43)) - raft.server.snapshot.auto.trigger.threshold = 10000 (custom)
2019-09-25 11:56:59,760 [pool-87-thread-1] INFO  server.RaftServerConfigKeys (ConfUtils.java:logGet(43)) - raft.server.snapshot.retention.num.files = 5 (custom)
2019-09-25 11:56:59,760 [pool-87-thread-1] INFO  server.RaftServerConfigKeys (ConfUtils.java:logGet(43)) - raft.server.retrycache.expirytime = 600000ms (custom)
2019-09-25 11:56:59,763 [pool-87-thread-1] INFO  impl.RaftServerImpl (RaftServerImpl.java:start(185)) - 59f2e4b8-41c0-4853-b4df-5d86491a517d@group-971ACE6F5539: start as a follower, conf=-1: [59f2e4b8-41c0-4853-b4df-5d86491a517d:192.168.151.73:42681], old=null
2019-09-25 11:56:59,763 [pool-87-thread-1] INFO  impl.RaftServerImpl (RaftServerImpl.java:setRole(174)) - 59f2e4b8-41c0-4853-b4df-5d86491a517d@group-971ACE6F5539: changes role from      null to FOLLOWER at term 0 for startAsFollower
2019-09-25 11:56:59,763 [pool-87-thread-1] INFO  impl.RoleInfo (RoleInfo.java:updateAndGet(143)) - 59f2e4b8-41c0-4853-b4df-5d86491a517d: start FollowerState
2019-09-25 11:56:59,763 [pool-87-thread-1] INFO  util.JmxRegister (JmxRegister.java:tryRegister(44)) - Successfully registered JMX Bean with object name Ratis:service=RaftServer,group=group-971ACE6F5539,id=59f2e4b8-41c0-4853-b4df-5d86491a517d
2019-09-25 11:56:59,767 [RatisPipelineUtilsThread] INFO  pipeline.PipelineStateManager (PipelineStateManager.java:addPipeline(56)) - Created pipeline Pipeline[ Id: 7318e0d5-1a8f-4c67-b7ef-971ace6f5539, Nodes: 59f2e4b8-41c0-4853-b4df-5d86491a517d{ip: 192.168.151.73, host: pr-hdds-1569-shd4m-3693607622, networkLocation: /default-rack, certSerialId: null}, Type:RATIS, Factor:ONE, State:OPEN]
2019-09-25 11:56:59,767 [RatisPipelineUtilsThread] INFO  pipeline.PipelinePlacementPolicy (PipelinePlacementPolicy.java:meetCriteria(91)) - Pipeline Placement: can't place more pipeline on heavy datanode： f59fc06d-a561-4bda-9641-bf15daa2d5cc Heaviness: 6 limit: 5
2019-09-25 11:56:59,767 [RatisPipelineUtilsThread] INFO  pipeline.PipelinePlacementPolicy (PipelinePlacementPolicy.java:meetCriteria(91)) - Pipeline Placement: can't place more pipeline on heavy datanode： c4c6e274-a2e5-461e-9f46-318649b031aa Heaviness: 6 limit: 5
2019-09-25 11:56:59,768 [RatisPipelineUtilsThread] INFO  pipeline.PipelinePlacementPolicy (PipelinePlacementPolicy.java:meetCriteria(91)) - Pipeline Placement: can't place more pipeline on heavy datanode： f320213e-69dd-47d7-8b12-80f84f010fc9 Heaviness: 6 limit: 5
2019-09-25 11:56:59,768 [RatisPipelineUtilsThread] INFO  pipeline.PipelinePlacementPolicy (PipelinePlacementPolicy.java:meetCriteria(91)) - Pipeline Placement: can't place more pipeline on heavy datanode： 59f2e4b8-41c0-4853-b4df-5d86491a517d Heaviness: 6 limit: 5
2019-09-25 11:56:59,768 [RatisPipelineUtilsThread] INFO  pipeline.PipelinePlacementPolicy (PipelinePlacementPolicy.java:meetCriteria(91)) - Pipeline Placement: can't place more pipeline on heavy datanode： 7361a01f-3bcc-4a30-b80f-3806f83048f3 Heaviness: 6 limit: 5
2019-09-25 11:56:59,768 [RatisPipelineUtilsThread] INFO  pipeline.PipelinePlacementPolicy (PipelinePlacementPolicy.java:meetCriteria(91)) - Pipeline Placement: can't place more pipeline on heavy datanode： a49539dc-5450-4b38-9858-49dc7b52b4cc Heaviness: 6 limit: 5
2019-09-25 11:56:59,768 [RatisPipelineUtilsThread] INFO  pipeline.PipelinePlacementPolicy (PipelinePlacementPolicy.java:meetCriteria(91)) - Pipeline Placement: can't place more pipeline on heavy datanode： defb87f9-b552-40ae-8930-8043bdc1fda2 Heaviness: 6 limit: 5
2019-09-25 11:56:59,769 [RatisPipelineUtilsThread] ERROR pipeline.PipelinePlacementPolicy (PipelinePlacementPolicy.java:filterViableNodes(148)) - Unable to find enough nodes that meet the criteria that cannot engage in more than 5 pipelines. Nodes required: 1 Found: 0, healthy nodes count inNodeManager: 7.
2019-09-25 11:56:59,772 [RatisPipelineUtilsThread] ERROR pipeline.SCMPipelineManager (SCMPipelineManager.java:createPipeline(167)) - Pipeline creation failed.
org.apache.hadoop.hdds.scm.exceptions.SCMException: Unable to find enough nodes that meet the criteria that cannot engage in more than 5 pipelines. Nodes required: 1 Found: 0, healthy nodes count inNodeManager: 7.
	at org.apache.hadoop.hdds.scm.pipeline.PipelinePlacementPolicy.filterViableNodes(PipelinePlacementPolicy.java:149)
	at org.apache.hadoop.hdds.scm.pipeline.PipelinePlacementPolicy.chooseDatanodes(PipelinePlacementPolicy.java:172)
	at org.apache.hadoop.hdds.scm.pipeline.RatisPipelineProvider.create(RatisPipelineProvider.java:93)
	at org.apache.hadoop.hdds.scm.pipeline.PipelineFactory.create(PipelineFactory.java:58)
	at org.apache.hadoop.hdds.scm.pipeline.SCMPipelineManager.createPipeline(SCMPipelineManager.java:155)
	at org.apache.hadoop.hdds.scm.pipeline.BackgroundPipelineCreator.createPipelines(BackgroundPipelineCreator.java:99)
	at java.util.concurrent.Executors$RunnableAdapter.call(Executors.java:511)
	at java.util.concurrent.FutureTask.run(FutureTask.java:266)
	at java.util.concurrent.ScheduledThreadPoolExecutor$ScheduledFutureTask.access$201(ScheduledThreadPoolExecutor.java:180)
	at java.util.concurrent.ScheduledThreadPoolExecutor$ScheduledFutureTask.run(ScheduledThreadPoolExecutor.java:293)
	at java.util.concurrent.ThreadPoolExecutor.runWorker(ThreadPoolExecutor.java:1149)
	at java.util.concurrent.ThreadPoolExecutor$Worker.run(ThreadPoolExecutor.java:624)
	at java.lang.Thread.run(Thread.java:748)
2019-09-25 11:56:59,775 [RatisPipelineUtilsThread] INFO  pipeline.PipelinePlacementPolicy (PipelinePlacementPolicy.java:meetCriteria(91)) - Pipeline Placement: can't place more pipeline on heavy datanode： f59fc06d-a561-4bda-9641-bf15daa2d5cc Heaviness: 6 limit: 5
2019-09-25 11:56:59,775 [RatisPipelineUtilsThread] INFO  pipeline.PipelinePlacementPolicy (PipelinePlacementPolicy.java:meetCriteria(91)) - Pipeline Placement: can't place more pipeline on heavy datanode： c4c6e274-a2e5-461e-9f46-318649b031aa Heaviness: 6 limit: 5
2019-09-25 11:56:59,775 [RatisPipelineUtilsThread] INFO  pipeline.PipelinePlacementPolicy (PipelinePlacementPolicy.java:meetCriteria(91)) - Pipeline Placement: can't place more pipeline on heavy datanode： f320213e-69dd-47d7-8b12-80f84f010fc9 Heaviness: 6 limit: 5
2019-09-25 11:56:59,775 [RatisPipelineUtilsThread] INFO  pipeline.PipelinePlacementPolicy (PipelinePlacementPolicy.java:meetCriteria(91)) - Pipeline Placement: can't place more pipeline on heavy datanode： 59f2e4b8-41c0-4853-b4df-5d86491a517d Heaviness: 6 limit: 5
2019-09-25 11:56:59,775 [RatisPipelineUtilsThread] INFO  pipeline.PipelinePlacementPolicy (PipelinePlacementPolicy.java:meetCriteria(91)) - Pipeline Placement: can't place more pipeline on heavy datanode： 7361a01f-3bcc-4a30-b80f-3806f83048f3 Heaviness: 6 limit: 5
2019-09-25 11:56:59,776 [RatisPipelineUtilsThread] INFO  pipeline.PipelinePlacementPolicy (PipelinePlacementPolicy.java:meetCriteria(91)) - Pipeline Placement: can't place more pipeline on heavy datanode： a49539dc-5450-4b38-9858-49dc7b52b4cc Heaviness: 6 limit: 5
2019-09-25 11:56:59,776 [RatisPipelineUtilsThread] INFO  pipeline.PipelinePlacementPolicy (PipelinePlacementPolicy.java:meetCriteria(91)) - Pipeline Placement: can't place more pipeline on heavy datanode： defb87f9-b552-40ae-8930-8043bdc1fda2 Heaviness: 6 limit: 5
2019-09-25 11:56:59,776 [RatisPipelineUtilsThread] ERROR pipeline.PipelinePlacementPolicy (PipelinePlacementPolicy.java:filterViableNodes(148)) - Unable to find enough nodes that meet the criteria that cannot engage in more than 5 pipelines. Nodes required: 3 Found: 0, healthy nodes count inNodeManager: 7.
2019-09-25 11:56:59,776 [RatisPipelineUtilsThread] ERROR pipeline.SCMPipelineManager (SCMPipelineManager.java:createPipeline(167)) - Pipeline creation failed.
org.apache.hadoop.hdds.scm.exceptions.SCMException: Unable to find enough nodes that meet the criteria that cannot engage in more than 5 pipelines. Nodes required: 3 Found: 0, healthy nodes count inNodeManager: 7.
	at org.apache.hadoop.hdds.scm.pipeline.PipelinePlacementPolicy.filterViableNodes(PipelinePlacementPolicy.java:149)
	at org.apache.hadoop.hdds.scm.pipeline.PipelinePlacementPolicy.chooseDatanodes(PipelinePlacementPolicy.java:172)
	at org.apache.hadoop.hdds.scm.pipeline.RatisPipelineProvider.create(RatisPipelineProvider.java:93)
	at org.apache.hadoop.hdds.scm.pipeline.PipelineFactory.create(PipelineFactory.java:58)
	at org.apache.hadoop.hdds.scm.pipeline.SCMPipelineManager.createPipeline(SCMPipelineManager.java:155)
	at org.apache.hadoop.hdds.scm.pipeline.BackgroundPipelineCreator.createPipelines(BackgroundPipelineCreator.java:99)
	at java.util.concurrent.Executors$RunnableAdapter.call(Executors.java:511)
	at java.util.concurrent.FutureTask.run(FutureTask.java:266)
	at java.util.concurrent.ScheduledThreadPoolExecutor$ScheduledFutureTask.access$201(ScheduledThreadPoolExecutor.java:180)
	at java.util.concurrent.ScheduledThreadPoolExecutor$ScheduledFutureTask.run(ScheduledThreadPoolExecutor.java:293)
	at java.util.concurrent.ThreadPoolExecutor.runWorker(ThreadPoolExecutor.java:1149)
	at java.util.concurrent.ThreadPoolExecutor$Worker.run(ThreadPoolExecutor.java:624)
	at java.lang.Thread.run(Thread.java:748)
2019-09-25 11:56:59,779 [RatisPipelineUtilsThread] INFO  pipeline.PipelinePlacementPolicy (PipelinePlacementPolicy.java:meetCriteria(91)) - Pipeline Placement: can't place more pipeline on heavy datanode： f59fc06d-a561-4bda-9641-bf15daa2d5cc Heaviness: 6 limit: 5
2019-09-25 11:56:59,779 [RatisPipelineUtilsThread] INFO  pipeline.PipelinePlacementPolicy (PipelinePlacementPolicy.java:meetCriteria(91)) - Pipeline Placement: can't place more pipeline on heavy datanode： c4c6e274-a2e5-461e-9f46-318649b031aa Heaviness: 6 limit: 5
2019-09-25 11:56:59,779 [RatisPipelineUtilsThread] INFO  pipeline.PipelinePlacementPolicy (PipelinePlacementPolicy.java:meetCriteria(91)) - Pipeline Placement: can't place more pipeline on heavy datanode： f320213e-69dd-47d7-8b12-80f84f010fc9 Heaviness: 6 limit: 5
2019-09-25 11:56:59,779 [RatisPipelineUtilsThread] INFO  pipeline.PipelinePlacementPolicy (PipelinePlacementPolicy.java:meetCriteria(91)) - Pipeline Placement: can't place more pipeline on heavy datanode： 59f2e4b8-41c0-4853-b4df-5d86491a517d Heaviness: 6 limit: 5
2019-09-25 11:56:59,779 [RatisPipelineUtilsThread] INFO  pipeline.PipelinePlacementPolicy (PipelinePlacementPolicy.java:meetCriteria(91)) - Pipeline Placement: can't place more pipeline on heavy datanode： 7361a01f-3bcc-4a30-b80f-3806f83048f3 Heaviness: 6 limit: 5
2019-09-25 11:56:59,779 [RatisPipelineUtilsThread] INFO  pipeline.PipelinePlacementPolicy (PipelinePlacementPolicy.java:meetCriteria(91)) - Pipeline Placement: can't place more pipeline on heavy datanode： a49539dc-5450-4b38-9858-49dc7b52b4cc Heaviness: 6 limit: 5
2019-09-25 11:56:59,780 [RatisPipelineUtilsThread] INFO  pipeline.PipelinePlacementPolicy (PipelinePlacementPolicy.java:meetCriteria(91)) - Pipeline Placement: can't place more pipeline on heavy datanode： defb87f9-b552-40ae-8930-8043bdc1fda2 Heaviness: 6 limit: 5
2019-09-25 11:56:59,780 [RatisPipelineUtilsThread] ERROR pipeline.PipelinePlacementPolicy (PipelinePlacementPolicy.java:filterViableNodes(148)) - Unable to find enough nodes that meet the criteria that cannot engage in more than 5 pipelines. Nodes required: 1 Found: 0, healthy nodes count inNodeManager: 7.
2019-09-25 11:56:59,780 [RatisPipelineUtilsThread] ERROR pipeline.SCMPipelineManager (SCMPipelineManager.java:createPipeline(167)) - Pipeline creation failed.
org.apache.hadoop.hdds.scm.exceptions.SCMException: Unable to find enough nodes that meet the criteria that cannot engage in more than 5 pipelines. Nodes required: 1 Found: 0, healthy nodes count inNodeManager: 7.
	at org.apache.hadoop.hdds.scm.pipeline.PipelinePlacementPolicy.filterViableNodes(PipelinePlacementPolicy.java:149)
	at org.apache.hadoop.hdds.scm.pipeline.PipelinePlacementPolicy.chooseDatanodes(PipelinePlacementPolicy.java:172)
	at org.apache.hadoop.hdds.scm.pipeline.RatisPipelineProvider.create(RatisPipelineProvider.java:93)
	at org.apache.hadoop.hdds.scm.pipeline.PipelineFactory.create(PipelineFactory.java:58)
	at org.apache.hadoop.hdds.scm.pipeline.SCMPipelineManager.createPipeline(SCMPipelineManager.java:155)
	at org.apache.hadoop.hdds.scm.pipeline.BackgroundPipelineCreator.createPipelines(BackgroundPipelineCreator.java:99)
	at org.apache.hadoop.hdds.scm.pipeline.BackgroundPipelineCreator.lambda$startFixedIntervalPipelineCreator$0(BackgroundPipelineCreator.java:70)
	at java.util.concurrent.Executors$RunnableAdapter.call(Executors.java:511)
	at java.util.concurrent.FutureTask.runAndReset(FutureTask.java:308)
	at java.util.concurrent.ScheduledThreadPoolExecutor$ScheduledFutureTask.access$301(ScheduledThreadPoolExecutor.java:180)
	at java.util.concurrent.ScheduledThreadPoolExecutor$ScheduledFutureTask.run(ScheduledThreadPoolExecutor.java:294)
	at java.util.concurrent.ThreadPoolExecutor.runWorker(ThreadPoolExecutor.java:1149)
	at java.util.concurrent.ThreadPoolExecutor$Worker.run(ThreadPoolExecutor.java:624)
	at java.lang.Thread.run(Thread.java:748)
2019-09-25 11:56:59,781 [RatisPipelineUtilsThread] INFO  pipeline.PipelinePlacementPolicy (PipelinePlacementPolicy.java:meetCriteria(91)) - Pipeline Placement: can't place more pipeline on heavy datanode： f59fc06d-a561-4bda-9641-bf15daa2d5cc Heaviness: 6 limit: 5
2019-09-25 11:56:59,781 [RatisPipelineUtilsThread] INFO  pipeline.PipelinePlacementPolicy (PipelinePlacementPolicy.java:meetCriteria(91)) - Pipeline Placement: can't place more pipeline on heavy datanode： c4c6e274-a2e5-461e-9f46-318649b031aa Heaviness: 6 limit: 5
2019-09-25 11:56:59,781 [RatisPipelineUtilsThread] INFO  pipeline.PipelinePlacementPolicy (PipelinePlacementPolicy.java:meetCriteria(91)) - Pipeline Placement: can't place more pipeline on heavy datanode： f320213e-69dd-47d7-8b12-80f84f010fc9 Heaviness: 6 limit: 5
2019-09-25 11:56:59,781 [RatisPipelineUtilsThread] INFO  pipeline.PipelinePlacementPolicy (PipelinePlacementPolicy.java:meetCriteria(91)) - Pipeline Placement: can't place more pipeline on heavy datanode： 59f2e4b8-41c0-4853-b4df-5d86491a517d Heaviness: 6 limit: 5
2019-09-25 11:56:59,781 [RatisPipelineUtilsThread] INFO  pipeline.PipelinePlacementPolicy (PipelinePlacementPolicy.java:meetCriteria(91)) - Pipeline Placement: can't place more pipeline on heavy datanode： 7361a01f-3bcc-4a30-b80f-3806f83048f3 Heaviness: 6 limit: 5
2019-09-25 11:56:59,782 [RatisPipelineUtilsThread] INFO  pipeline.PipelinePlacementPolicy (PipelinePlacementPolicy.java:meetCriteria(91)) - Pipeline Placement: can't place more pipeline on heavy datanode： a49539dc-5450-4b38-9858-49dc7b52b4cc Heaviness: 6 limit: 5
2019-09-25 11:56:59,782 [RatisPipelineUtilsThread] INFO  pipeline.PipelinePlacementPolicy (PipelinePlacementPolicy.java:meetCriteria(91)) - Pipeline Placement: can't place more pipeline on heavy datanode： defb87f9-b552-40ae-8930-8043bdc1fda2 Heaviness: 6 limit: 5
2019-09-25 11:56:59,782 [RatisPipelineUtilsThread] ERROR pipeline.PipelinePlacementPolicy (PipelinePlacementPolicy.java:filterViableNodes(148)) - Unable to find enough nodes that meet the criteria that cannot engage in more than 5 pipelines. Nodes required: 3 Found: 0, healthy nodes count inNodeManager: 7.
2019-09-25 11:56:59,782 [RatisPipelineUtilsThread] ERROR pipeline.SCMPipelineManager (SCMPipelineManager.java:createPipeline(167)) - Pipeline creation failed.
org.apache.hadoop.hdds.scm.exceptions.SCMException: Unable to find enough nodes that meet the criteria that cannot engage in more than 5 pipelines. Nodes required: 3 Found: 0, healthy nodes count inNodeManager: 7.
	at org.apache.hadoop.hdds.scm.pipeline.PipelinePlacementPolicy.filterViableNodes(PipelinePlacementPolicy.java:149)
	at org.apache.hadoop.hdds.scm.pipeline.PipelinePlacementPolicy.chooseDatanodes(PipelinePlacementPolicy.java:172)
	at org.apache.hadoop.hdds.scm.pipeline.RatisPipelineProvider.create(RatisPipelineProvider.java:93)
	at org.apache.hadoop.hdds.scm.pipeline.PipelineFactory.create(PipelineFactory.java:58)
	at org.apache.hadoop.hdds.scm.pipeline.SCMPipelineManager.createPipeline(SCMPipelineManager.java:155)
	at org.apache.hadoop.hdds.scm.pipeline.BackgroundPipelineCreator.createPipelines(BackgroundPipelineCreator.java:99)
	at org.apache.hadoop.hdds.scm.pipeline.BackgroundPipelineCreator.lambda$startFixedIntervalPipelineCreator$0(BackgroundPipelineCreator.java:70)
	at java.util.concurrent.Executors$RunnableAdapter.call(Executors.java:511)
	at java.util.concurrent.FutureTask.runAndReset(FutureTask.java:308)
	at java.util.concurrent.ScheduledThreadPoolExecutor$ScheduledFutureTask.access$301(ScheduledThreadPoolExecutor.java:180)
	at java.util.concurrent.ScheduledThreadPoolExecutor$ScheduledFutureTask.run(ScheduledThreadPoolExecutor.java:294)
	at java.util.concurrent.ThreadPoolExecutor.runWorker(ThreadPoolExecutor.java:1149)
	at java.util.concurrent.ThreadPoolExecutor$Worker.run(ThreadPoolExecutor.java:624)
	at java.lang.Thread.run(Thread.java:748)
2019-09-25 11:56:59,783 [IPC Server handler 0 on 35348] INFO  pipeline.PipelinePlacementPolicy (PipelinePlacementPolicy.java:meetCriteria(91)) - Pipeline Placement: can't place more pipeline on heavy datanode： f59fc06d-a561-4bda-9641-bf15daa2d5cc Heaviness: 6 limit: 5
2019-09-25 11:56:59,783 [IPC Server handler 0 on 35348] INFO  pipeline.PipelinePlacementPolicy (PipelinePlacementPolicy.java:meetCriteria(91)) - Pipeline Placement: can't place more pipeline on heavy datanode： c4c6e274-a2e5-461e-9f46-318649b031aa Heaviness: 6 limit: 5
2019-09-25 11:56:59,783 [IPC Server handler 0 on 35348] INFO  pipeline.PipelinePlacementPolicy (PipelinePlacementPolicy.java:meetCriteria(91)) - Pipeline Placement: can't place more pipeline on heavy datanode： f320213e-69dd-47d7-8b12-80f84f010fc9 Heaviness: 6 limit: 5
2019-09-25 11:56:59,784 [IPC Server handler 0 on 35348] INFO  pipeline.PipelinePlacementPolicy (PipelinePlacementPolicy.java:meetCriteria(91)) - Pipeline Placement: can't place more pipeline on heavy datanode： 59f2e4b8-41c0-4853-b4df-5d86491a517d Heaviness: 6 limit: 5
2019-09-25 11:56:59,784 [IPC Server handler 0 on 35348] INFO  pipeline.PipelinePlacementPolicy (PipelinePlacementPolicy.java:meetCriteria(91)) - Pipeline Placement: can't place more pipeline on heavy datanode： 7361a01f-3bcc-4a30-b80f-3806f83048f3 Heaviness: 6 limit: 5
2019-09-25 11:56:59,784 [IPC Server handler 0 on 35348] INFO  pipeline.PipelinePlacementPolicy (PipelinePlacementPolicy.java:meetCriteria(91)) - Pipeline Placement: can't place more pipeline on heavy datanode： a49539dc-5450-4b38-9858-49dc7b52b4cc Heaviness: 6 limit: 5
2019-09-25 11:56:59,784 [IPC Server handler 0 on 35348] INFO  pipeline.PipelinePlacementPolicy (PipelinePlacementPolicy.java:meetCriteria(91)) - Pipeline Placement: can't place more pipeline on heavy datanode： defb87f9-b552-40ae-8930-8043bdc1fda2 Heaviness: 6 limit: 5
2019-09-25 11:56:59,785 [IPC Server handler 0 on 35348] ERROR pipeline.PipelinePlacementPolicy (PipelinePlacementPolicy.java:filterViableNodes(148)) - Unable to find enough nodes that meet the criteria that cannot engage in more than 5 pipelines. Nodes required: 3 Found: 0, healthy nodes count inNodeManager: 7.
2019-09-25 11:56:59,785 [IPC Server handler 0 on 35348] ERROR pipeline.SCMPipelineManager (SCMPipelineManager.java:createPipeline(167)) - Pipeline creation failed.
org.apache.hadoop.hdds.scm.exceptions.SCMException: Unable to find enough nodes that meet the criteria that cannot engage in more than 5 pipelines. Nodes required: 3 Found: 0, healthy nodes count inNodeManager: 7.
	at org.apache.hadoop.hdds.scm.pipeline.PipelinePlacementPolicy.filterViableNodes(PipelinePlacementPolicy.java:149)
	at org.apache.hadoop.hdds.scm.pipeline.PipelinePlacementPolicy.chooseDatanodes(PipelinePlacementPolicy.java:172)
	at org.apache.hadoop.hdds.scm.pipeline.RatisPipelineProvider.create(RatisPipelineProvider.java:93)
	at org.apache.hadoop.hdds.scm.pipeline.PipelineFactory.create(PipelineFactory.java:58)
	at org.apache.hadoop.hdds.scm.pipeline.SCMPipelineManager.createPipeline(SCMPipelineManager.java:155)
	at org.apache.hadoop.hdds.scm.block.BlockManagerImpl.allocateBlock(BlockManagerImpl.java:190)
	at org.apache.hadoop.hdds.scm.server.SCMBlockProtocolServer.allocateBlock(SCMBlockProtocolServer.java:182)
	at org.apache.hadoop.ozone.protocolPB.ScmBlockLocationProtocolServerSideTranslatorPB.allocateScmBlock(ScmBlockLocationProtocolServerSideTranslatorPB.java:183)
	at org.apache.hadoop.ozone.protocolPB.ScmBlockLocationProtocolServerSideTranslatorPB.processMessage(ScmBlockLocationProtocolServerSideTranslatorPB.java:141)
	at org.apache.hadoop.ozone.protocolPB.ScmBlockLocationProtocolServerSideTranslatorPB.send(ScmBlockLocationProtocolServerSideTranslatorPB.java:116)
	at org.apache.hadoop.hdds.protocol.proto.ScmBlockLocationProtocolProtos$ScmBlockLocationProtocolService$2.callBlockingMethod(ScmBlockLocationProtocolProtos.java:13157)
	at org.apache.hadoop.ipc.ProtobufRpcEngine$Server$ProtoBufRpcInvoker.call(ProtobufRpcEngine.java:524)
	at org.apache.hadoop.ipc.RPC$Server.call(RPC.java:1025)
	at org.apache.hadoop.ipc.Server$RpcCall.run(Server.java:876)
	at org.apache.hadoop.ipc.Server$RpcCall.run(Server.java:822)
	at java.security.AccessController.doPrivileged(Native Method)
	at javax.security.auth.Subject.doAs(Subject.java:422)
	at org.apache.hadoop.security.UserGroupInformation.doAs(UserGroupInformation.java:1730)
	at org.apache.hadoop.ipc.Server$Handler.run(Server.java:2682)
2019-09-25 11:56:59,785 [IPC Server handler 0 on 35348] WARN  block.BlockManagerImpl (BlockManagerImpl.java:allocateBlock(192)) - Pipeline creation failed for type:RATIS factor:THREE. Retrying get pipelines call once.
org.apache.hadoop.hdds.scm.exceptions.SCMException: Unable to find enough nodes that meet the criteria that cannot engage in more than 5 pipelines. Nodes required: 3 Found: 0, healthy nodes count inNodeManager: 7.
	at org.apache.hadoop.hdds.scm.pipeline.PipelinePlacementPolicy.filterViableNodes(PipelinePlacementPolicy.java:149)
	at org.apache.hadoop.hdds.scm.pipeline.PipelinePlacementPolicy.chooseDatanodes(PipelinePlacementPolicy.java:172)
	at org.apache.hadoop.hdds.scm.pipeline.RatisPipelineProvider.create(RatisPipelineProvider.java:93)
	at org.apache.hadoop.hdds.scm.pipeline.PipelineFactory.create(PipelineFactory.java:58)
	at org.apache.hadoop.hdds.scm.pipeline.SCMPipelineManager.createPipeline(SCMPipelineManager.java:155)
	at org.apache.hadoop.hdds.scm.block.BlockManagerImpl.allocateBlock(BlockManagerImpl.java:190)
	at org.apache.hadoop.hdds.scm.server.SCMBlockProtocolServer.allocateBlock(SCMBlockProtocolServer.java:182)
	at org.apache.hadoop.ozone.protocolPB.ScmBlockLocationProtocolServerSideTranslatorPB.allocateScmBlock(ScmBlockLocationProtocolServerSideTranslatorPB.java:183)
	at org.apache.hadoop.ozone.protocolPB.ScmBlockLocationProtocolServerSideTranslatorPB.processMessage(ScmBlockLocationProtocolServerSideTranslatorPB.java:141)
	at org.apache.hadoop.ozone.protocolPB.ScmBlockLocationProtocolServerSideTranslatorPB.send(ScmBlockLocationProtocolServerSideTranslatorPB.java:116)
	at org.apache.hadoop.hdds.protocol.proto.ScmBlockLocationProtocolProtos$ScmBlockLocationProtocolService$2.callBlockingMethod(ScmBlockLocationProtocolProtos.java:13157)
	at org.apache.hadoop.ipc.ProtobufRpcEngine$Server$ProtoBufRpcInvoker.call(ProtobufRpcEngine.java:524)
	at org.apache.hadoop.ipc.RPC$Server.call(RPC.java:1025)
	at org.apache.hadoop.ipc.Server$RpcCall.run(Server.java:876)
	at org.apache.hadoop.ipc.Server$RpcCall.run(Server.java:822)
	at java.security.AccessController.doPrivileged(Native Method)
	at javax.security.auth.Subject.doAs(Subject.java:422)
	at org.apache.hadoop.security.UserGroupInformation.doAs(UserGroupInformation.java:1730)
	at org.apache.hadoop.ipc.Server$Handler.run(Server.java:2682)
2019-09-25 11:56:59,786 [IPC Server handler 0 on 35348] INFO  block.BlockManagerImpl (BlockManagerImpl.java:allocateBlock(198)) - Could not find available pipeline of type:RATIS and factor:THREE even after retrying
2019-09-25 11:56:59,786 [IPC Server handler 0 on 35348] ERROR block.BlockManagerImpl (BlockManagerImpl.java:allocateBlock(222)) - Unable to allocate a block for the size: 800, type: RATIS, factor: THREE
2019-09-25 11:56:59,794 [main] INFO  ozone.MiniOzoneClusterImpl (MiniOzoneClusterImpl.java:shutdown(314)) - Shutting down the Mini Ozone Cluster
2019-09-25 11:56:59,795 [main] INFO  ozone.MiniOzoneClusterImpl (MiniOzoneClusterImpl.java:stop(330)) - Stopping the Mini Ozone Cluster
2019-09-25 11:56:59,795 [main] INFO  ozone.MiniOzoneClusterImpl (MiniOzoneClusterImpl.java:stopOM(400)) - Stopping the OzoneManager
2019-09-25 11:56:59,795 [main] INFO  ipc.Server (Server.java:stop(3082)) - Stopping server on 35161
2019-09-25 11:56:59,817 [IPC Server listener on 35161] INFO  ipc.Server (Server.java:run(1185)) - Stopping IPC Server listener on 35161
2019-09-25 11:56:59,821 [IPC Server Responder] INFO  ipc.Server (Server.java:run(1319)) - Stopping IPC Server Responder
2019-09-25 11:56:59,819 [main] INFO  ratis.OzoneManagerDoubleBuffer (OzoneManagerDoubleBuffer.java:stop(248)) - Stopping OMDoubleBuffer flush thread
2019-09-25 11:56:59,831 [OMDoubleBufferFlushThread] INFO  ratis.OzoneManagerDoubleBuffer (OzoneManagerDoubleBuffer.java:flushTransactions(191)) - OMDoubleBuffer flush thread OMDoubleBufferFlushThread is interrupted and will exit. OMDoubleBufferFlushThread
2019-09-25 11:56:59,833 [main] INFO  utils.BackgroundService (BackgroundService.java:shutdown(148)) - Shutting down service KeyDeletingService
2019-09-25 11:56:59,836 [main] INFO  handler.ContextHandler (ContextHandler.java:doStop(910)) - Stopped o.e.j.w.WebAppContext@415156bf{/,null,UNAVAILABLE}{/ozoneManager}
2019-09-25 11:56:59,842 [main] INFO  server.AbstractConnector (AbstractConnector.java:doStop(318)) - Stopped ServerConnector@393881f0{HTTP/1.1,[http/1.1]}{0.0.0.0:0}
2019-09-25 11:56:59,843 [main] INFO  handler.ContextHandler (ContextHandler.java:doStop(910)) - Stopped o.e.j.s.ServletContextHandler@3a627c80{/static,file:///workdir/hadoop-ozone/integration-test/target/test-classes/webapps/static,UNAVAILABLE}
2019-09-25 11:56:59,843 [main] INFO  handler.ContextHandler (ContextHandler.java:doStop(910)) - Stopped o.e.j.s.ServletContextHandler@20ed3303{/logs,file:///workdir/hadoop-ozone/integration-test/target/log,UNAVAILABLE}
2019-09-25 11:56:59,847 [main] INFO  ozone.MiniOzoneClusterImpl (MiniOzoneClusterImpl.java:stopDatanodes(377)) - Stopping the HddsDatanodes
2019-09-25 11:57:00,117 [Datanode State Machine Thread - 0] INFO  statemachine.DatanodeStateMachine (DatanodeStateMachine.java:lambda$startDaemon$0(350)) - Ozone container server started.
2019-09-25 11:57:00,605 [Datanode State Machine Thread - 0] INFO  statemachine.DatanodeStateMachine (DatanodeStateMachine.java:lambda$startDaemon$0(350)) - Ozone container server started.
2019-09-25 11:57:01,395 [Thread-240] INFO  impl.FollowerState (FollowerState.java:run(106)) - defb87f9-b552-40ae-8930-8043bdc1fda2:group-91AB4DD6DA63 changes to CANDIDATE, lastRpcTime:5045, electionTimeout:5045ms
2019-09-25 11:57:01,401 [Thread-240] INFO  impl.RoleInfo (RoleInfo.java:shutdownFollowerState(121)) - defb87f9-b552-40ae-8930-8043bdc1fda2: shutdown FollowerState
2019-09-25 11:57:01,401 [Thread-240] INFO  impl.RaftServerImpl (RaftServerImpl.java:setRole(174)) - defb87f9-b552-40ae-8930-8043bdc1fda2@group-91AB4DD6DA63: changes role from  FOLLOWER to CANDIDATE at term 0 for changeToCandidate
2019-09-25 11:57:01,409 [Thread-240] INFO  impl.RoleInfo (RoleInfo.java:updateAndGet(143)) - defb87f9-b552-40ae-8930-8043bdc1fda2: start LeaderElection
2019-09-25 11:57:01,531 [defb87f9-b552-40ae-8930-8043bdc1fda2@group-91AB4DD6DA63:LeaderElection1] INFO  impl.LeaderElection (LeaderElection.java:askForVotes(182)) - defb87f9-b552-40ae-8930-8043bdc1fda2@group-91AB4DD6DA63:LeaderElection1: begin an election at term 1 for -1: [defb87f9-b552-40ae-8930-8043bdc1fda2:192.168.151.73:36113], old=null
2019-09-25 11:57:01,533 [defb87f9-b552-40ae-8930-8043bdc1fda2@group-91AB4DD6DA63:LeaderElection1] INFO  impl.RoleInfo (RoleInfo.java:shutdownLeaderElection(134)) - defb87f9-b552-40ae-8930-8043bdc1fda2: shutdown LeaderElection
2019-09-25 11:57:01,534 [defb87f9-b552-40ae-8930-8043bdc1fda2@group-91AB4DD6DA63:LeaderElection1] INFO  impl.RaftServerImpl (RaftServerImpl.java:setRole(174)) - defb87f9-b552-40ae-8930-8043bdc1fda2@group-91AB4DD6DA63: changes role from CANDIDATE to LEADER at term 1 for changeToLeader
2019-09-25 11:57:01,534 [defb87f9-b552-40ae-8930-8043bdc1fda2@group-91AB4DD6DA63:LeaderElection1] INFO  impl.RaftServerImpl (ServerState.java:setLeader(253)) - defb87f9-b552-40ae-8930-8043bdc1fda2@group-91AB4DD6DA63: change Leader from null to defb87f9-b552-40ae-8930-8043bdc1fda2 at term 1 for becomeLeader, leader elected after 5305ms
2019-09-25 11:57:01,545 [defb87f9-b552-40ae-8930-8043bdc1fda2@group-91AB4DD6DA63:LeaderElection1] INFO  server.RaftServerConfigKeys (ConfUtils.java:logGet(43)) - raft.server.staging.catchup.gap = 1000 (default)
2019-09-25 11:57:01,546 [defb87f9-b552-40ae-8930-8043bdc1fda2@group-91AB4DD6DA63:LeaderElection1] INFO  server.RaftServerConfigKeys (ConfUtils.java:logGet(43)) - raft.server.rpc.sleep.time = 25ms (default)
2019-09-25 11:57:01,549 [defb87f9-b552-40ae-8930-8043bdc1fda2@group-91AB4DD6DA63:LeaderElection1] INFO  server.RaftServerConfigKeys (ConfUtils.java:logGet(43)) - raft.server.write.element-limit = 4096 (default)
2019-09-25 11:57:01,553 [defb87f9-b552-40ae-8930-8043bdc1fda2@group-91AB4DD6DA63:LeaderElection1] INFO  server.RaftServerConfigKeys (ConfUtils.java:logGet(43)) - raft.server.watch.timeout = 10s (default)
2019-09-25 11:57:01,556 [defb87f9-b552-40ae-8930-8043bdc1fda2@group-91AB4DD6DA63:LeaderElection1] INFO  server.RaftServerConfigKeys (ConfUtils.java:logGet(43)) - raft.server.watch.timeout.denomination = 1s (default)
2019-09-25 11:57:01,557 [defb87f9-b552-40ae-8930-8043bdc1fda2@group-91AB4DD6DA63:LeaderElection1] INFO  server.RaftServerConfigKeys (ConfUtils.java:logGet(43)) - raft.server.watch.element-limit = 65536 (default)
2019-09-25 11:57:01,571 [defb87f9-b552-40ae-8930-8043bdc1fda2@group-91AB4DD6DA63:LeaderElection1] INFO  impl.RoleInfo (RoleInfo.java:updateAndGet(143)) - defb87f9-b552-40ae-8930-8043bdc1fda2: start LeaderState
2019-09-25 11:57:01,599 [defb87f9-b552-40ae-8930-8043bdc1fda2@group-91AB4DD6DA63:LeaderElection1] INFO  segmented.SegmentedRaftLogWorker (SegmentedRaftLogWorker.java:startLogSegment(380)) - defb87f9-b552-40ae-8930-8043bdc1fda2@group-91AB4DD6DA63-SegmentedRaftLogWorker: Starting segment from index:0
2019-09-25 11:57:01,610 [defb87f9-b552-40ae-8930-8043bdc1fda2@group-91AB4DD6DA63:LeaderElection1] INFO  impl.RaftServerImpl (ServerState.java:setRaftConf(354)) - defb87f9-b552-40ae-8930-8043bdc1fda2@group-91AB4DD6DA63: set configuration 0: [defb87f9-b552-40ae-8930-8043bdc1fda2:192.168.151.73:36113], old=null at 0
2019-09-25 11:57:01,672 [Thread-246] INFO  impl.FollowerState (FollowerState.java:run(106)) - f320213e-69dd-47d7-8b12-80f84f010fc9:group-15B147B75DCC changes to CANDIDATE, lastRpcTime:5024, electionTimeout:5023ms
2019-09-25 11:57:01,685 [Thread-246] INFO  impl.RoleInfo (RoleInfo.java:shutdownFollowerState(121)) - f320213e-69dd-47d7-8b12-80f84f010fc9: shutdown FollowerState
2019-09-25 11:57:01,685 [Thread-246] INFO  impl.RaftServerImpl (RaftServerImpl.java:setRole(174)) - f320213e-69dd-47d7-8b12-80f84f010fc9@group-15B147B75DCC: changes role from  FOLLOWER to CANDIDATE at term 0 for changeToCandidate
2019-09-25 11:57:01,685 [Thread-246] INFO  impl.RoleInfo (RoleInfo.java:updateAndGet(143)) - f320213e-69dd-47d7-8b12-80f84f010fc9: start LeaderElection
2019-09-25 11:57:01,685 [Thread-243] INFO  impl.FollowerState (FollowerState.java:run(106)) - defb87f9-b552-40ae-8930-8043bdc1fda2:group-A10E1FC46356 changes to CANDIDATE, lastRpcTime:5190, electionTimeout:5190ms
2019-09-25 11:57:01,688 [Thread-243] INFO  impl.RoleInfo (RoleInfo.java:shutdownFollowerState(121)) - defb87f9-b552-40ae-8930-8043bdc1fda2: shutdown FollowerState
2019-09-25 11:57:01,693 [Thread-243] INFO  impl.RaftServerImpl (RaftServerImpl.java:setRole(174)) - defb87f9-b552-40ae-8930-8043bdc1fda2@group-A10E1FC46356: changes role from  FOLLOWER to CANDIDATE at term 0 for changeToCandidate
2019-09-25 11:57:01,694 [Thread-243] INFO  impl.RoleInfo (RoleInfo.java:updateAndGet(143)) - defb87f9-b552-40ae-8930-8043bdc1fda2: start LeaderElection
2019-09-25 11:57:01,699 [f320213e-69dd-47d7-8b12-80f84f010fc9@group-15B147B75DCC:LeaderElection2] INFO  impl.LeaderElection (LeaderElection.java:askForVotes(182)) - f320213e-69dd-47d7-8b12-80f84f010fc9@group-15B147B75DCC:LeaderElection2: begin an election at term 1 for -1: [f320213e-69dd-47d7-8b12-80f84f010fc9:192.168.151.73:42702], old=null
2019-09-25 11:57:01,699 [f320213e-69dd-47d7-8b12-80f84f010fc9@group-15B147B75DCC:LeaderElection2] INFO  impl.RoleInfo (RoleInfo.java:shutdownLeaderElection(134)) - f320213e-69dd-47d7-8b12-80f84f010fc9: shutdown LeaderElection
2019-09-25 11:57:01,699 [f320213e-69dd-47d7-8b12-80f84f010fc9@group-15B147B75DCC:LeaderElection2] INFO  impl.RaftServerImpl (RaftServerImpl.java:setRole(174)) - f320213e-69dd-47d7-8b12-80f84f010fc9@group-15B147B75DCC: changes role from CANDIDATE to LEADER at term 1 for changeToLeader
2019-09-25 11:57:01,699 [f320213e-69dd-47d7-8b12-80f84f010fc9@group-15B147B75DCC:LeaderElection2] INFO  impl.RaftServerImpl (ServerState.java:setLeader(253)) - f320213e-69dd-47d7-8b12-80f84f010fc9@group-15B147B75DCC: change Leader from null to f320213e-69dd-47d7-8b12-80f84f010fc9 at term 1 for becomeLeader, leader elected after 5069ms
2019-09-25 11:57:01,702 [f320213e-69dd-47d7-8b12-80f84f010fc9@group-15B147B75DCC:LeaderElection2] INFO  server.RaftServerConfigKeys (ConfUtils.java:logGet(43)) - raft.server.staging.catchup.gap = 1000 (default)
2019-09-25 11:57:01,702 [f320213e-69dd-47d7-8b12-80f84f010fc9@group-15B147B75DCC:LeaderElection2] INFO  server.RaftServerConfigKeys (ConfUtils.java:logGet(43)) - raft.server.rpc.sleep.time = 25ms (default)
2019-09-25 11:57:01,702 [f320213e-69dd-47d7-8b12-80f84f010fc9@group-15B147B75DCC:LeaderElection2] INFO  server.RaftServerConfigKeys (ConfUtils.java:logGet(43)) - raft.server.write.element-limit = 4096 (default)
2019-09-25 11:57:01,702 [f320213e-69dd-47d7-8b12-80f84f010fc9@group-15B147B75DCC:LeaderElection2] INFO  server.RaftServerConfigKeys (ConfUtils.java:logGet(43)) - raft.server.watch.timeout = 10s (default)
2019-09-25 11:57:01,702 [f320213e-69dd-47d7-8b12-80f84f010fc9@group-15B147B75DCC:LeaderElection2] INFO  server.RaftServerConfigKeys (ConfUtils.java:logGet(43)) - raft.server.watch.timeout.denomination = 1s (default)
2019-09-25 11:57:01,702 [f320213e-69dd-47d7-8b12-80f84f010fc9@group-15B147B75DCC:LeaderElection2] INFO  server.RaftServerConfigKeys (ConfUtils.java:logGet(43)) - raft.server.watch.element-limit = 65536 (default)
2019-09-25 11:57:01,704 [f320213e-69dd-47d7-8b12-80f84f010fc9@group-15B147B75DCC:LeaderElection2] INFO  impl.RoleInfo (RoleInfo.java:updateAndGet(143)) - f320213e-69dd-47d7-8b12-80f84f010fc9: start LeaderState
2019-09-25 11:57:01,705 [f320213e-69dd-47d7-8b12-80f84f010fc9@group-15B147B75DCC:LeaderElection2] INFO  segmented.SegmentedRaftLogWorker (SegmentedRaftLogWorker.java:startLogSegment(380)) - f320213e-69dd-47d7-8b12-80f84f010fc9@group-15B147B75DCC-SegmentedRaftLogWorker: Starting segment from index:0
2019-09-25 11:57:01,706 [f320213e-69dd-47d7-8b12-80f84f010fc9@group-15B147B75DCC:LeaderElection2] INFO  impl.RaftServerImpl (ServerState.java:setRaftConf(354)) - f320213e-69dd-47d7-8b12-80f84f010fc9@group-15B147B75DCC: set configuration 0: [f320213e-69dd-47d7-8b12-80f84f010fc9:192.168.151.73:42702], old=null at 0
2019-09-25 11:57:01,715 [defb87f9-b552-40ae-8930-8043bdc1fda2@group-A10E1FC46356:LeaderElection3] INFO  impl.LeaderElection (LeaderElection.java:askForVotes(182)) - defb87f9-b552-40ae-8930-8043bdc1fda2@group-A10E1FC46356:LeaderElection3: begin an election at term 1 for -1: [defb87f9-b552-40ae-8930-8043bdc1fda2:192.168.151.73:36113], old=null
2019-09-25 11:57:01,718 [defb87f9-b552-40ae-8930-8043bdc1fda2@group-A10E1FC46356:LeaderElection3] INFO  impl.RoleInfo (RoleInfo.java:shutdownLeaderElection(134)) - defb87f9-b552-40ae-8930-8043bdc1fda2: shutdown LeaderElection
2019-09-25 11:57:01,718 [defb87f9-b552-40ae-8930-8043bdc1fda2@group-A10E1FC46356:LeaderElection3] INFO  impl.RaftServerImpl (RaftServerImpl.java:setRole(174)) - defb87f9-b552-40ae-8930-8043bdc1fda2@group-A10E1FC46356: changes role from CANDIDATE to LEADER at term 1 for changeToLeader
2019-09-25 11:57:01,718 [defb87f9-b552-40ae-8930-8043bdc1fda2@group-A10E1FC46356:LeaderElection3] INFO  impl.RaftServerImpl (ServerState.java:setLeader(253)) - defb87f9-b552-40ae-8930-8043bdc1fda2@group-A10E1FC46356: change Leader from null to defb87f9-b552-40ae-8930-8043bdc1fda2 at term 1 for becomeLeader, leader elected after 5230ms
2019-09-25 11:57:01,718 [defb87f9-b552-40ae-8930-8043bdc1fda2@group-A10E1FC46356:LeaderElection3] INFO  server.RaftServerConfigKeys (ConfUtils.java:logGet(43)) - raft.server.staging.catchup.gap = 1000 (default)
2019-09-25 11:57:01,718 [defb87f9-b552-40ae-8930-8043bdc1fda2@group-A10E1FC46356:LeaderElection3] INFO  server.RaftServerConfigKeys (ConfUtils.java:logGet(43)) - raft.server.rpc.sleep.time = 25ms (default)
2019-09-25 11:57:01,718 [defb87f9-b552-40ae-8930-8043bdc1fda2@group-A10E1FC46356:LeaderElection3] INFO  server.RaftServerConfigKeys (ConfUtils.java:logGet(43)) - raft.server.write.element-limit = 4096 (default)
2019-09-25 11:57:01,719 [defb87f9-b552-40ae-8930-8043bdc1fda2@group-A10E1FC46356:LeaderElection3] INFO  server.RaftServerConfigKeys (ConfUtils.java:logGet(43)) - raft.server.watch.timeout = 10s (default)
2019-09-25 11:57:01,719 [defb87f9-b552-40ae-8930-8043bdc1fda2@group-A10E1FC46356:LeaderElection3] INFO  server.RaftServerConfigKeys (ConfUtils.java:logGet(43)) - raft.server.watch.timeout.denomination = 1s (default)
2019-09-25 11:57:01,719 [defb87f9-b552-40ae-8930-8043bdc1fda2@group-A10E1FC46356:LeaderElection3] INFO  server.RaftServerConfigKeys (ConfUtils.java:logGet(43)) - raft.server.watch.element-limit = 65536 (default)
2019-09-25 11:57:01,721 [defb87f9-b552-40ae-8930-8043bdc1fda2@group-A10E1FC46356:LeaderElection3] INFO  impl.RoleInfo (RoleInfo.java:updateAndGet(143)) - defb87f9-b552-40ae-8930-8043bdc1fda2: start LeaderState
2019-09-25 11:57:01,722 [defb87f9-b552-40ae-8930-8043bdc1fda2@group-A10E1FC46356:LeaderElection3] INFO  segmented.SegmentedRaftLogWorker (SegmentedRaftLogWorker.java:startLogSegment(380)) - defb87f9-b552-40ae-8930-8043bdc1fda2@group-A10E1FC46356-SegmentedRaftLogWorker: Starting segment from index:0
2019-09-25 11:57:01,722 [defb87f9-b552-40ae-8930-8043bdc1fda2@group-A10E1FC46356:LeaderElection3] INFO  impl.RaftServerImpl (ServerState.java:setRaftConf(354)) - defb87f9-b552-40ae-8930-8043bdc1fda2@group-A10E1FC46356: set configuration 0: [defb87f9-b552-40ae-8930-8043bdc1fda2:192.168.151.73:36113], old=null at 0
2019-09-25 11:57:01,777 [Thread-249] INFO  impl.FollowerState (FollowerState.java:run(106)) - f320213e-69dd-47d7-8b12-80f84f010fc9:group-90FD3E37696F changes to CANDIDATE, lastRpcTime:5031, electionTimeout:5031ms
2019-09-25 11:57:01,777 [Thread-249] INFO  impl.RoleInfo (RoleInfo.java:shutdownFollowerState(121)) - f320213e-69dd-47d7-8b12-80f84f010fc9: shutdown FollowerState
2019-09-25 11:57:01,777 [Thread-249] INFO  impl.RaftServerImpl (RaftServerImpl.java:setRole(174)) - f320213e-69dd-47d7-8b12-80f84f010fc9@group-90FD3E37696F: changes role from  FOLLOWER to CANDIDATE at term 0 for changeToCandidate
2019-09-25 11:57:01,778 [Thread-249] INFO  impl.RoleInfo (RoleInfo.java:updateAndGet(143)) - f320213e-69dd-47d7-8b12-80f84f010fc9: start LeaderElection
2019-09-25 11:57:01,792 [f320213e-69dd-47d7-8b12-80f84f010fc9@group-90FD3E37696F:LeaderElection4] INFO  impl.LeaderElection (LeaderElection.java:askForVotes(182)) - f320213e-69dd-47d7-8b12-80f84f010fc9@group-90FD3E37696F:LeaderElection4: begin an election at term 1 for -1: [f320213e-69dd-47d7-8b12-80f84f010fc9:192.168.151.73:42702], old=null
2019-09-25 11:57:01,792 [f320213e-69dd-47d7-8b12-80f84f010fc9@group-90FD3E37696F:LeaderElection4] INFO  impl.RoleInfo (RoleInfo.java:shutdownLeaderElection(134)) - f320213e-69dd-47d7-8b12-80f84f010fc9: shutdown LeaderElection
2019-09-25 11:57:01,793 [f320213e-69dd-47d7-8b12-80f84f010fc9@group-90FD3E37696F:LeaderElection4] INFO  impl.RaftServerImpl (RaftServerImpl.java:setRole(174)) - f320213e-69dd-47d7-8b12-80f84f010fc9@group-90FD3E37696F: changes role from CANDIDATE to LEADER at term 1 for changeToLeader
2019-09-25 11:57:01,793 [f320213e-69dd-47d7-8b12-80f84f010fc9@group-90FD3E37696F:LeaderElection4] INFO  impl.RaftServerImpl (ServerState.java:setLeader(253)) - f320213e-69dd-47d7-8b12-80f84f010fc9@group-90FD3E37696F: change Leader from null to f320213e-69dd-47d7-8b12-80f84f010fc9 at term 1 for becomeLeader, leader elected after 5058ms
2019-09-25 11:57:01,793 [f320213e-69dd-47d7-8b12-80f84f010fc9@group-90FD3E37696F:LeaderElection4] INFO  server.RaftServerConfigKeys (ConfUtils.java:logGet(43)) - raft.server.staging.catchup.gap = 1000 (default)
2019-09-25 11:57:01,793 [f320213e-69dd-47d7-8b12-80f84f010fc9@group-90FD3E37696F:LeaderElection4] INFO  server.RaftServerConfigKeys (ConfUtils.java:logGet(43)) - raft.server.rpc.sleep.time = 25ms (default)
2019-09-25 11:57:01,793 [f320213e-69dd-47d7-8b12-80f84f010fc9@group-90FD3E37696F:LeaderElection4] INFO  server.RaftServerConfigKeys (ConfUtils.java:logGet(43)) - raft.server.write.element-limit = 4096 (default)
2019-09-25 11:57:01,794 [f320213e-69dd-47d7-8b12-80f84f010fc9@group-90FD3E37696F:LeaderElection4] INFO  server.RaftServerConfigKeys (ConfUtils.java:logGet(43)) - raft.server.watch.timeout = 10s (default)
2019-09-25 11:57:01,794 [f320213e-69dd-47d7-8b12-80f84f010fc9@group-90FD3E37696F:LeaderElection4] INFO  server.RaftServerConfigKeys (ConfUtils.java:logGet(43)) - raft.server.watch.timeout.denomination = 1s (default)
2019-09-25 11:57:01,794 [f320213e-69dd-47d7-8b12-80f84f010fc9@group-90FD3E37696F:LeaderElection4] INFO  server.RaftServerConfigKeys (ConfUtils.java:logGet(43)) - raft.server.watch.element-limit = 65536 (default)
2019-09-25 11:57:01,798 [f320213e-69dd-47d7-8b12-80f84f010fc9@group-90FD3E37696F:LeaderElection4] INFO  impl.RoleInfo (RoleInfo.java:updateAndGet(143)) - f320213e-69dd-47d7-8b12-80f84f010fc9: start LeaderState
2019-09-25 11:57:01,798 [f320213e-69dd-47d7-8b12-80f84f010fc9@group-90FD3E37696F:LeaderElection4] INFO  segmented.SegmentedRaftLogWorker (SegmentedRaftLogWorker.java:startLogSegment(380)) - f320213e-69dd-47d7-8b12-80f84f010fc9@group-90FD3E37696F-SegmentedRaftLogWorker: Starting segment from index:0
2019-09-25 11:57:01,799 [f320213e-69dd-47d7-8b12-80f84f010fc9@group-90FD3E37696F:LeaderElection4] INFO  impl.RaftServerImpl (ServerState.java:setRaftConf(354)) - f320213e-69dd-47d7-8b12-80f84f010fc9@group-90FD3E37696F: set configuration 0: [f320213e-69dd-47d7-8b12-80f84f010fc9:192.168.151.73:42702], old=null at 0
2019-09-25 11:57:01,844 [f320213e-69dd-47d7-8b12-80f84f010fc9@group-15B147B75DCC-SegmentedRaftLogWorker] INFO  segmented.SegmentedRaftLogWorker (SegmentedRaftLogWorker.java:execute(569)) - f320213e-69dd-47d7-8b12-80f84f010fc9@group-15B147B75DCC-SegmentedRaftLogWorker: created new log segment /workdir/hadoop-ozone/integration-test/target/test-dir/MiniOzoneClusterImpl-79e9daf4-eda6-4046-b710-e1fcaf4daad9/datanode-4/data/ratis/d556f1af-2c18-44bf-b717-15b147b75dcc/current/log_inprogress_0
2019-09-25 11:57:01,844 [defb87f9-b552-40ae-8930-8043bdc1fda2@group-91AB4DD6DA63-SegmentedRaftLogWorker] INFO  segmented.SegmentedRaftLogWorker (SegmentedRaftLogWorker.java:execute(569)) - defb87f9-b552-40ae-8930-8043bdc1fda2@group-91AB4DD6DA63-SegmentedRaftLogWorker: created new log segment /workdir/hadoop-ozone/integration-test/target/test-dir/MiniOzoneClusterImpl-79e9daf4-eda6-4046-b710-e1fcaf4daad9/datanode-0/data/ratis/3f1f7172-44c8-49b4-8fee-91ab4dd6da63/current/log_inprogress_0
2019-09-25 11:57:01,844 [defb87f9-b552-40ae-8930-8043bdc1fda2@group-A10E1FC46356-SegmentedRaftLogWorker] INFO  segmented.SegmentedRaftLogWorker (SegmentedRaftLogWorker.java:execute(569)) - defb87f9-b552-40ae-8930-8043bdc1fda2@group-A10E1FC46356-SegmentedRaftLogWorker: created new log segment /workdir/hadoop-ozone/integration-test/target/test-dir/MiniOzoneClusterImpl-79e9daf4-eda6-4046-b710-e1fcaf4daad9/datanode-0/data/ratis/8d784f25-90c0-4f64-b82b-a10e1fc46356/current/log_inprogress_0
2019-09-25 11:57:01,844 [f320213e-69dd-47d7-8b12-80f84f010fc9@group-90FD3E37696F-SegmentedRaftLogWorker] INFO  segmented.SegmentedRaftLogWorker (SegmentedRaftLogWorker.java:execute(569)) - f320213e-69dd-47d7-8b12-80f84f010fc9@group-90FD3E37696F-SegmentedRaftLogWorker: created new log segment /workdir/hadoop-ozone/integration-test/target/test-dir/MiniOzoneClusterImpl-79e9daf4-eda6-4046-b710-e1fcaf4daad9/datanode-4/data/ratis/8606dbb1-26eb-438f-98a4-90fd3e37696f/current/log_inprogress_0
2019-09-25 11:57:01,924 [Thread-252] INFO  impl.FollowerState (FollowerState.java:run(106)) - defb87f9-b552-40ae-8930-8043bdc1fda2:group-6114727520E2 changes to CANDIDATE, lastRpcTime:5028, electionTimeout:5028ms
2019-09-25 11:57:01,924 [Thread-252] INFO  impl.RoleInfo (RoleInfo.java:shutdownFollowerState(121)) - defb87f9-b552-40ae-8930-8043bdc1fda2: shutdown FollowerState
2019-09-25 11:57:01,924 [Thread-252] INFO  impl.RaftServerImpl (RaftServerImpl.java:setRole(174)) - defb87f9-b552-40ae-8930-8043bdc1fda2@group-6114727520E2: changes role from  FOLLOWER to CANDIDATE at term 0 for changeToCandidate
2019-09-25 11:57:01,924 [Thread-252] INFO  impl.RoleInfo (RoleInfo.java:updateAndGet(143)) - defb87f9-b552-40ae-8930-8043bdc1fda2: start LeaderElection
2019-09-25 11:57:01,943 [defb87f9-b552-40ae-8930-8043bdc1fda2@group-6114727520E2:LeaderElection5] INFO  impl.LeaderElection (LeaderElection.java:askForVotes(182)) - defb87f9-b552-40ae-8930-8043bdc1fda2@group-6114727520E2:LeaderElection5: begin an election at term 1 for -1: [defb87f9-b552-40ae-8930-8043bdc1fda2:192.168.151.73:36113], old=null
2019-09-25 11:57:01,943 [defb87f9-b552-40ae-8930-8043bdc1fda2@group-6114727520E2:LeaderElection5] INFO  impl.RoleInfo (RoleInfo.java:shutdownLeaderElection(134)) - defb87f9-b552-40ae-8930-8043bdc1fda2: shutdown LeaderElection
2019-09-25 11:57:01,943 [defb87f9-b552-40ae-8930-8043bdc1fda2@group-6114727520E2:LeaderElection5] INFO  impl.RaftServerImpl (RaftServerImpl.java:setRole(174)) - defb87f9-b552-40ae-8930-8043bdc1fda2@group-6114727520E2: changes role from CANDIDATE to LEADER at term 1 for changeToLeader
2019-09-25 11:57:01,943 [defb87f9-b552-40ae-8930-8043bdc1fda2@group-6114727520E2:LeaderElection5] INFO  impl.RaftServerImpl (ServerState.java:setLeader(253)) - defb87f9-b552-40ae-8930-8043bdc1fda2@group-6114727520E2: change Leader from null to defb87f9-b552-40ae-8930-8043bdc1fda2 at term 1 for becomeLeader, leader elected after 5080ms
2019-09-25 11:57:01,943 [defb87f9-b552-40ae-8930-8043bdc1fda2@group-6114727520E2:LeaderElection5] INFO  server.RaftServerConfigKeys (ConfUtils.java:logGet(43)) - raft.server.staging.catchup.gap = 1000 (default)
2019-09-25 11:57:01,943 [defb87f9-b552-40ae-8930-8043bdc1fda2@group-6114727520E2:LeaderElection5] INFO  server.RaftServerConfigKeys (ConfUtils.java:logGet(43)) - raft.server.rpc.sleep.time = 25ms (default)
2019-09-25 11:57:01,944 [defb87f9-b552-40ae-8930-8043bdc1fda2@group-6114727520E2:LeaderElection5] INFO  server.RaftServerConfigKeys (ConfUtils.java:logGet(43)) - raft.server.write.element-limit = 4096 (default)
2019-09-25 11:57:01,944 [defb87f9-b552-40ae-8930-8043bdc1fda2@group-6114727520E2:LeaderElection5] INFO  server.RaftServerConfigKeys (ConfUtils.java:logGet(43)) - raft.server.watch.timeout = 10s (default)
2019-09-25 11:57:01,944 [defb87f9-b552-40ae-8930-8043bdc1fda2@group-6114727520E2:LeaderElection5] INFO  server.RaftServerConfigKeys (ConfUtils.java:logGet(43)) - raft.server.watch.timeout.denomination = 1s (default)
2019-09-25 11:57:01,944 [defb87f9-b552-40ae-8930-8043bdc1fda2@group-6114727520E2:LeaderElection5] INFO  server.RaftServerConfigKeys (ConfUtils.java:logGet(43)) - raft.server.watch.element-limit = 65536 (default)
2019-09-25 11:57:01,947 [defb87f9-b552-40ae-8930-8043bdc1fda2@group-6114727520E2:LeaderElection5] INFO  impl.RoleInfo (RoleInfo.java:updateAndGet(143)) - defb87f9-b552-40ae-8930-8043bdc1fda2: start LeaderState
2019-09-25 11:57:01,947 [defb87f9-b552-40ae-8930-8043bdc1fda2@group-6114727520E2:LeaderElection5] INFO  segmented.SegmentedRaftLogWorker (SegmentedRaftLogWorker.java:startLogSegment(380)) - defb87f9-b552-40ae-8930-8043bdc1fda2@group-6114727520E2-SegmentedRaftLogWorker: Starting segment from index:0
2019-09-25 11:57:01,947 [defb87f9-b552-40ae-8930-8043bdc1fda2@group-6114727520E2:LeaderElection5] INFO  impl.RaftServerImpl (ServerState.java:setRaftConf(354)) - defb87f9-b552-40ae-8930-8043bdc1fda2@group-6114727520E2: set configuration 0: [defb87f9-b552-40ae-8930-8043bdc1fda2:192.168.151.73:36113], old=null at 0
2019-09-25 11:57:01,994 [defb87f9-b552-40ae-8930-8043bdc1fda2@group-6114727520E2-SegmentedRaftLogWorker] INFO  segmented.SegmentedRaftLogWorker (SegmentedRaftLogWorker.java:execute(569)) - defb87f9-b552-40ae-8930-8043bdc1fda2@group-6114727520E2-SegmentedRaftLogWorker: created new log segment /workdir/hadoop-ozone/integration-test/target/test-dir/MiniOzoneClusterImpl-79e9daf4-eda6-4046-b710-e1fcaf4daad9/datanode-0/data/ratis/fabcaf5b-24fa-4e5f-8f6f-6114727520e2/current/log_inprogress_0
2019-09-25 11:57:02,083 [Thread-255] INFO  impl.FollowerState (FollowerState.java:run(106)) - a49539dc-5450-4b38-9858-49dc7b52b4cc:group-5425F29DDD96 changes to CANDIDATE, lastRpcTime:5114, electionTimeout:5114ms
2019-09-25 11:57:02,083 [Thread-255] INFO  impl.RoleInfo (RoleInfo.java:shutdownFollowerState(121)) - a49539dc-5450-4b38-9858-49dc7b52b4cc: shutdown FollowerState
2019-09-25 11:57:02,083 [Thread-255] INFO  impl.RaftServerImpl (RaftServerImpl.java:setRole(174)) - a49539dc-5450-4b38-9858-49dc7b52b4cc@group-5425F29DDD96: changes role from  FOLLOWER to CANDIDATE at term 0 for changeToCandidate
2019-09-25 11:57:02,084 [Thread-255] INFO  impl.RoleInfo (RoleInfo.java:updateAndGet(143)) - a49539dc-5450-4b38-9858-49dc7b52b4cc: start LeaderElection
2019-09-25 11:57:02,102 [Thread-258] INFO  impl.FollowerState (FollowerState.java:run(106)) - f320213e-69dd-47d7-8b12-80f84f010fc9:group-83FFE55F8CB9 changes to CANDIDATE, lastRpcTime:5047, electionTimeout:5047ms
2019-09-25 11:57:02,102 [Thread-258] INFO  impl.RoleInfo (RoleInfo.java:shutdownFollowerState(121)) - f320213e-69dd-47d7-8b12-80f84f010fc9: shutdown FollowerState
2019-09-25 11:57:02,102 [Thread-258] INFO  impl.RaftServerImpl (RaftServerImpl.java:setRole(174)) - f320213e-69dd-47d7-8b12-80f84f010fc9@group-83FFE55F8CB9: changes role from  FOLLOWER to CANDIDATE at term 0 for changeToCandidate
2019-09-25 11:57:02,102 [Thread-258] INFO  impl.RoleInfo (RoleInfo.java:updateAndGet(143)) - f320213e-69dd-47d7-8b12-80f84f010fc9: start LeaderElection
2019-09-25 11:57:02,107 [a49539dc-5450-4b38-9858-49dc7b52b4cc@group-5425F29DDD96:LeaderElection6] INFO  impl.LeaderElection (LeaderElection.java:askForVotes(182)) - a49539dc-5450-4b38-9858-49dc7b52b4cc@group-5425F29DDD96:LeaderElection6: begin an election at term 1 for -1: [a49539dc-5450-4b38-9858-49dc7b52b4cc:192.168.151.73:39048], old=null
2019-09-25 11:57:02,107 [a49539dc-5450-4b38-9858-49dc7b52b4cc@group-5425F29DDD96:LeaderElection6] INFO  impl.RoleInfo (RoleInfo.java:shutdownLeaderElection(134)) - a49539dc-5450-4b38-9858-49dc7b52b4cc: shutdown LeaderElection
2019-09-25 11:57:02,107 [a49539dc-5450-4b38-9858-49dc7b52b4cc@group-5425F29DDD96:LeaderElection6] INFO  impl.RaftServerImpl (RaftServerImpl.java:setRole(174)) - a49539dc-5450-4b38-9858-49dc7b52b4cc@group-5425F29DDD96: changes role from CANDIDATE to LEADER at term 1 for changeToLeader
2019-09-25 11:57:02,107 [a49539dc-5450-4b38-9858-49dc7b52b4cc@group-5425F29DDD96:LeaderElection6] INFO  impl.RaftServerImpl (ServerState.java:setLeader(253)) - a49539dc-5450-4b38-9858-49dc7b52b4cc@group-5425F29DDD96: change Leader from null to a49539dc-5450-4b38-9858-49dc7b52b4cc at term 1 for becomeLeader, leader elected after 5150ms
2019-09-25 11:57:02,109 [a49539dc-5450-4b38-9858-49dc7b52b4cc@group-5425F29DDD96:LeaderElection6] INFO  server.RaftServerConfigKeys (ConfUtils.java:logGet(43)) - raft.server.staging.catchup.gap = 1000 (default)
2019-09-25 11:57:02,109 [a49539dc-5450-4b38-9858-49dc7b52b4cc@group-5425F29DDD96:LeaderElection6] INFO  server.RaftServerConfigKeys (ConfUtils.java:logGet(43)) - raft.server.rpc.sleep.time = 25ms (default)
2019-09-25 11:57:02,110 [a49539dc-5450-4b38-9858-49dc7b52b4cc@group-5425F29DDD96:LeaderElection6] INFO  server.RaftServerConfigKeys (ConfUtils.java:logGet(43)) - raft.server.write.element-limit = 4096 (default)
2019-09-25 11:57:02,110 [a49539dc-5450-4b38-9858-49dc7b52b4cc@group-5425F29DDD96:LeaderElection6] INFO  server.RaftServerConfigKeys (ConfUtils.java:logGet(43)) - raft.server.watch.timeout = 10s (default)
2019-09-25 11:57:02,110 [a49539dc-5450-4b38-9858-49dc7b52b4cc@group-5425F29DDD96:LeaderElection6] INFO  server.RaftServerConfigKeys (ConfUtils.java:logGet(43)) - raft.server.watch.timeout.denomination = 1s (default)
2019-09-25 11:57:02,110 [a49539dc-5450-4b38-9858-49dc7b52b4cc@group-5425F29DDD96:LeaderElection6] INFO  server.RaftServerConfigKeys (ConfUtils.java:logGet(43)) - raft.server.watch.element-limit = 65536 (default)
2019-09-25 11:57:02,113 [a49539dc-5450-4b38-9858-49dc7b52b4cc@group-5425F29DDD96:LeaderElection6] INFO  impl.RoleInfo (RoleInfo.java:updateAndGet(143)) - a49539dc-5450-4b38-9858-49dc7b52b4cc: start LeaderState
2019-09-25 11:57:02,113 [a49539dc-5450-4b38-9858-49dc7b52b4cc@group-5425F29DDD96:LeaderElection6] INFO  segmented.SegmentedRaftLogWorker (SegmentedRaftLogWorker.java:startLogSegment(380)) - a49539dc-5450-4b38-9858-49dc7b52b4cc@group-5425F29DDD96-SegmentedRaftLogWorker: Starting segment from index:0
2019-09-25 11:57:02,114 [a49539dc-5450-4b38-9858-49dc7b52b4cc@group-5425F29DDD96:LeaderElection6] INFO  impl.RaftServerImpl (ServerState.java:setRaftConf(354)) - a49539dc-5450-4b38-9858-49dc7b52b4cc@group-5425F29DDD96: set configuration 0: [a49539dc-5450-4b38-9858-49dc7b52b4cc:192.168.151.73:39048], old=null at 0
2019-09-25 11:57:02,153 [f320213e-69dd-47d7-8b12-80f84f010fc9@group-83FFE55F8CB9:LeaderElection7] INFO  impl.LeaderElection (LeaderElection.java:askForVotes(182)) - f320213e-69dd-47d7-8b12-80f84f010fc9@group-83FFE55F8CB9:LeaderElection7: begin an election at term 1 for -1: [f320213e-69dd-47d7-8b12-80f84f010fc9:192.168.151.73:42702], old=null
2019-09-25 11:57:02,153 [f320213e-69dd-47d7-8b12-80f84f010fc9@group-83FFE55F8CB9:LeaderElection7] INFO  impl.RoleInfo (RoleInfo.java:shutdownLeaderElection(134)) - f320213e-69dd-47d7-8b12-80f84f010fc9: shutdown LeaderElection
2019-09-25 11:57:02,154 [f320213e-69dd-47d7-8b12-80f84f010fc9@group-83FFE55F8CB9:LeaderElection7] INFO  impl.RaftServerImpl (RaftServerImpl.java:setRole(174)) - f320213e-69dd-47d7-8b12-80f84f010fc9@group-83FFE55F8CB9: changes role from CANDIDATE to LEADER at term 1 for changeToLeader
2019-09-25 11:57:02,154 [f320213e-69dd-47d7-8b12-80f84f010fc9@group-83FFE55F8CB9:LeaderElection7] INFO  impl.RaftServerImpl (ServerState.java:setLeader(253)) - f320213e-69dd-47d7-8b12-80f84f010fc9@group-83FFE55F8CB9: change Leader from null to f320213e-69dd-47d7-8b12-80f84f010fc9 at term 1 for becomeLeader, leader elected after 5109ms
2019-09-25 11:57:02,154 [f320213e-69dd-47d7-8b12-80f84f010fc9@group-83FFE55F8CB9:LeaderElection7] INFO  server.RaftServerConfigKeys (ConfUtils.java:logGet(43)) - raft.server.staging.catchup.gap = 1000 (default)
2019-09-25 11:57:02,154 [a49539dc-5450-4b38-9858-49dc7b52b4cc@group-5425F29DDD96-SegmentedRaftLogWorker] INFO  segmented.SegmentedRaftLogWorker (SegmentedRaftLogWorker.java:execute(569)) - a49539dc-5450-4b38-9858-49dc7b52b4cc@group-5425F29DDD96-SegmentedRaftLogWorker: created new log segment /workdir/hadoop-ozone/integration-test/target/test-dir/MiniOzoneClusterImpl-79e9daf4-eda6-4046-b710-e1fcaf4daad9/datanode-1/data/ratis/ba84e613-1948-4a19-94de-5425f29ddd96/current/log_inprogress_0
2019-09-25 11:57:02,154 [f320213e-69dd-47d7-8b12-80f84f010fc9@group-83FFE55F8CB9:LeaderElection7] INFO  server.RaftServerConfigKeys (ConfUtils.java:logGet(43)) - raft.server.rpc.sleep.time = 25ms (default)
2019-09-25 11:57:02,155 [f320213e-69dd-47d7-8b12-80f84f010fc9@group-83FFE55F8CB9:LeaderElection7] INFO  server.RaftServerConfigKeys (ConfUtils.java:logGet(43)) - raft.server.write.element-limit = 4096 (default)
2019-09-25 11:57:02,155 [f320213e-69dd-47d7-8b12-80f84f010fc9@group-83FFE55F8CB9:LeaderElection7] INFO  server.RaftServerConfigKeys (ConfUtils.java:logGet(43)) - raft.server.watch.timeout = 10s (default)
2019-09-25 11:57:02,155 [f320213e-69dd-47d7-8b12-80f84f010fc9@group-83FFE55F8CB9:LeaderElection7] INFO  server.RaftServerConfigKeys (ConfUtils.java:logGet(43)) - raft.server.watch.timeout.denomination = 1s (default)
2019-09-25 11:57:02,155 [f320213e-69dd-47d7-8b12-80f84f010fc9@group-83FFE55F8CB9:LeaderElection7] INFO  server.RaftServerConfigKeys (ConfUtils.java:logGet(43)) - raft.server.watch.element-limit = 65536 (default)
2019-09-25 11:57:02,159 [f320213e-69dd-47d7-8b12-80f84f010fc9@group-83FFE55F8CB9:LeaderElection7] INFO  impl.RoleInfo (RoleInfo.java:updateAndGet(143)) - f320213e-69dd-47d7-8b12-80f84f010fc9: start LeaderState
2019-09-25 11:57:02,159 [f320213e-69dd-47d7-8b12-80f84f010fc9@group-83FFE55F8CB9:LeaderElection7] INFO  segmented.SegmentedRaftLogWorker (SegmentedRaftLogWorker.java:startLogSegment(380)) - f320213e-69dd-47d7-8b12-80f84f010fc9@group-83FFE55F8CB9-SegmentedRaftLogWorker: Starting segment from index:0
2019-09-25 11:57:02,160 [f320213e-69dd-47d7-8b12-80f84f010fc9@group-83FFE55F8CB9:LeaderElection7] INFO  impl.RaftServerImpl (ServerState.java:setRaftConf(354)) - f320213e-69dd-47d7-8b12-80f84f010fc9@group-83FFE55F8CB9: set configuration 0: [f320213e-69dd-47d7-8b12-80f84f010fc9:192.168.151.73:42702], old=null at 0
2019-09-25 11:57:02,207 [f320213e-69dd-47d7-8b12-80f84f010fc9@group-83FFE55F8CB9-SegmentedRaftLogWorker] INFO  segmented.SegmentedRaftLogWorker (SegmentedRaftLogWorker.java:execute(569)) - f320213e-69dd-47d7-8b12-80f84f010fc9@group-83FFE55F8CB9-SegmentedRaftLogWorker: created new log segment /workdir/hadoop-ozone/integration-test/target/test-dir/MiniOzoneClusterImpl-79e9daf4-eda6-4046-b710-e1fcaf4daad9/datanode-4/data/ratis/50d1910a-da62-4731-83e3-83ffe55f8cb9/current/log_inprogress_0
2019-09-25 11:57:02,232 [Thread-261] INFO  impl.FollowerState (FollowerState.java:run(106)) - 59f2e4b8-41c0-4853-b4df-5d86491a517d:group-633321D6ABDB changes to CANDIDATE, lastRpcTime:5090, electionTimeout:5090ms
2019-09-25 11:57:02,232 [Thread-261] INFO  impl.RoleInfo (RoleInfo.java:shutdownFollowerState(121)) - 59f2e4b8-41c0-4853-b4df-5d86491a517d: shutdown FollowerState
2019-09-25 11:57:02,232 [Thread-261] INFO  impl.RaftServerImpl (RaftServerImpl.java:setRole(174)) - 59f2e4b8-41c0-4853-b4df-5d86491a517d@group-633321D6ABDB: changes role from  FOLLOWER to CANDIDATE at term 0 for changeToCandidate
2019-09-25 11:57:02,232 [Thread-261] INFO  impl.RoleInfo (RoleInfo.java:updateAndGet(143)) - 59f2e4b8-41c0-4853-b4df-5d86491a517d: start LeaderElection
2019-09-25 11:57:02,252 [59f2e4b8-41c0-4853-b4df-5d86491a517d@group-633321D6ABDB:LeaderElection8] INFO  impl.LeaderElection (LeaderElection.java:askForVotes(182)) - 59f2e4b8-41c0-4853-b4df-5d86491a517d@group-633321D6ABDB:LeaderElection8: begin an election at term 1 for -1: [59f2e4b8-41c0-4853-b4df-5d86491a517d:192.168.151.73:42681], old=null
2019-09-25 11:57:02,252 [59f2e4b8-41c0-4853-b4df-5d86491a517d@group-633321D6ABDB:LeaderElection8] INFO  impl.RoleInfo (RoleInfo.java:shutdownLeaderElection(134)) - 59f2e4b8-41c0-4853-b4df-5d86491a517d: shutdown LeaderElection
2019-09-25 11:57:02,252 [59f2e4b8-41c0-4853-b4df-5d86491a517d@group-633321D6ABDB:LeaderElection8] INFO  impl.RaftServerImpl (RaftServerImpl.java:setRole(174)) - 59f2e4b8-41c0-4853-b4df-5d86491a517d@group-633321D6ABDB: changes role from CANDIDATE to LEADER at term 1 for changeToLeader
2019-09-25 11:57:02,252 [59f2e4b8-41c0-4853-b4df-5d86491a517d@group-633321D6ABDB:LeaderElection8] INFO  impl.RaftServerImpl (ServerState.java:setLeader(253)) - 59f2e4b8-41c0-4853-b4df-5d86491a517d@group-633321D6ABDB: change Leader from null to 59f2e4b8-41c0-4853-b4df-5d86491a517d at term 1 for becomeLeader, leader elected after 5126ms
2019-09-25 11:57:02,254 [59f2e4b8-41c0-4853-b4df-5d86491a517d@group-633321D6ABDB:LeaderElection8] INFO  server.RaftServerConfigKeys (ConfUtils.java:logGet(43)) - raft.server.staging.catchup.gap = 1000 (default)
2019-09-25 11:57:02,254 [59f2e4b8-41c0-4853-b4df-5d86491a517d@group-633321D6ABDB:LeaderElection8] INFO  server.RaftServerConfigKeys (ConfUtils.java:logGet(43)) - raft.server.rpc.sleep.time = 25ms (default)
2019-09-25 11:57:02,254 [59f2e4b8-41c0-4853-b4df-5d86491a517d@group-633321D6ABDB:LeaderElection8] INFO  server.RaftServerConfigKeys (ConfUtils.java:logGet(43)) - raft.server.write.element-limit = 4096 (default)
2019-09-25 11:57:02,254 [59f2e4b8-41c0-4853-b4df-5d86491a517d@group-633321D6ABDB:LeaderElection8] INFO  server.RaftServerConfigKeys (ConfUtils.java:logGet(43)) - raft.server.watch.timeout = 10s (default)
2019-09-25 11:57:02,254 [59f2e4b8-41c0-4853-b4df-5d86491a517d@group-633321D6ABDB:LeaderElection8] INFO  server.RaftServerConfigKeys (ConfUtils.java:logGet(43)) - raft.server.watch.timeout.denomination = 1s (default)
2019-09-25 11:57:02,255 [59f2e4b8-41c0-4853-b4df-5d86491a517d@group-633321D6ABDB:LeaderElection8] INFO  server.RaftServerConfigKeys (ConfUtils.java:logGet(43)) - raft.server.watch.element-limit = 65536 (default)
2019-09-25 11:57:02,258 [59f2e4b8-41c0-4853-b4df-5d86491a517d@group-633321D6ABDB:LeaderElection8] INFO  impl.RoleInfo (RoleInfo.java:updateAndGet(143)) - 59f2e4b8-41c0-4853-b4df-5d86491a517d: start LeaderState
2019-09-25 11:57:02,258 [59f2e4b8-41c0-4853-b4df-5d86491a517d@group-633321D6ABDB:LeaderElection8] INFO  segmented.SegmentedRaftLogWorker (SegmentedRaftLogWorker.java:startLogSegment(380)) - 59f2e4b8-41c0-4853-b4df-5d86491a517d@group-633321D6ABDB-SegmentedRaftLogWorker: Starting segment from index:0
2019-09-25 11:57:02,258 [59f2e4b8-41c0-4853-b4df-5d86491a517d@group-633321D6ABDB:LeaderElection8] INFO  impl.RaftServerImpl (ServerState.java:setRaftConf(354)) - 59f2e4b8-41c0-4853-b4df-5d86491a517d@group-633321D6ABDB: set configuration 0: [59f2e4b8-41c0-4853-b4df-5d86491a517d:192.168.151.73:42681], old=null at 0
2019-09-25 11:57:02,311 [59f2e4b8-41c0-4853-b4df-5d86491a517d@group-633321D6ABDB-SegmentedRaftLogWorker] INFO  segmented.SegmentedRaftLogWorker (SegmentedRaftLogWorker.java:execute(569)) - 59f2e4b8-41c0-4853-b4df-5d86491a517d@group-633321D6ABDB-SegmentedRaftLogWorker: created new log segment /workdir/hadoop-ozone/integration-test/target/test-dir/MiniOzoneClusterImpl-79e9daf4-eda6-4046-b710-e1fcaf4daad9/datanode-6/data/ratis/c0d2044d-d3ff-4912-9a1f-633321d6abdb/current/log_inprogress_0
2019-09-25 11:57:02,368 [Thread-268] INFO  impl.FollowerState (FollowerState.java:run(106)) - defb87f9-b552-40ae-8930-8043bdc1fda2:group-41FDE4F91B8A changes to CANDIDATE, lastRpcTime:5076, electionTimeout:5076ms
2019-09-25 11:57:02,368 [Thread-268] INFO  impl.RoleInfo (RoleInfo.java:shutdownFollowerState(121)) - defb87f9-b552-40ae-8930-8043bdc1fda2: shutdown FollowerState
2019-09-25 11:57:02,369 [Thread-268] INFO  impl.RaftServerImpl (RaftServerImpl.java:setRole(174)) - defb87f9-b552-40ae-8930-8043bdc1fda2@group-41FDE4F91B8A: changes role from  FOLLOWER to CANDIDATE at term 0 for changeToCandidate
2019-09-25 11:57:02,369 [Thread-268] INFO  impl.RoleInfo (RoleInfo.java:updateAndGet(143)) - defb87f9-b552-40ae-8930-8043bdc1fda2: start LeaderElection
2019-09-25 11:57:02,391 [defb87f9-b552-40ae-8930-8043bdc1fda2@group-41FDE4F91B8A:LeaderElection9] INFO  impl.LeaderElection (LeaderElection.java:askForVotes(182)) - defb87f9-b552-40ae-8930-8043bdc1fda2@group-41FDE4F91B8A:LeaderElection9: begin an election at term 1 for -1: [defb87f9-b552-40ae-8930-8043bdc1fda2:192.168.151.73:36113], old=null
2019-09-25 11:57:02,391 [defb87f9-b552-40ae-8930-8043bdc1fda2@group-41FDE4F91B8A:LeaderElection9] INFO  impl.RoleInfo (RoleInfo.java:shutdownLeaderElection(134)) - defb87f9-b552-40ae-8930-8043bdc1fda2: shutdown LeaderElection
2019-09-25 11:57:02,391 [defb87f9-b552-40ae-8930-8043bdc1fda2@group-41FDE4F91B8A:LeaderElection9] INFO  impl.RaftServerImpl (RaftServerImpl.java:setRole(174)) - defb87f9-b552-40ae-8930-8043bdc1fda2@group-41FDE4F91B8A: changes role from CANDIDATE to LEADER at term 1 for changeToLeader
2019-09-25 11:57:02,391 [defb87f9-b552-40ae-8930-8043bdc1fda2@group-41FDE4F91B8A:LeaderElection9] INFO  impl.RaftServerImpl (ServerState.java:setLeader(253)) - defb87f9-b552-40ae-8930-8043bdc1fda2@group-41FDE4F91B8A: change Leader from null to defb87f9-b552-40ae-8930-8043bdc1fda2 at term 1 for becomeLeader, leader elected after 5105ms
2019-09-25 11:57:02,392 [defb87f9-b552-40ae-8930-8043bdc1fda2@group-41FDE4F91B8A:LeaderElection9] INFO  server.RaftServerConfigKeys (ConfUtils.java:logGet(43)) - raft.server.staging.catchup.gap = 1000 (default)
2019-09-25 11:57:02,392 [defb87f9-b552-40ae-8930-8043bdc1fda2@group-41FDE4F91B8A:LeaderElection9] INFO  server.RaftServerConfigKeys (ConfUtils.java:logGet(43)) - raft.server.rpc.sleep.time = 25ms (default)
2019-09-25 11:57:02,392 [defb87f9-b552-40ae-8930-8043bdc1fda2@group-41FDE4F91B8A:LeaderElection9] INFO  server.RaftServerConfigKeys (ConfUtils.java:logGet(43)) - raft.server.write.element-limit = 4096 (default)
2019-09-25 11:57:02,392 [defb87f9-b552-40ae-8930-8043bdc1fda2@group-41FDE4F91B8A:LeaderElection9] INFO  server.RaftServerConfigKeys (ConfUtils.java:logGet(43)) - raft.server.watch.timeout = 10s (default)
2019-09-25 11:57:02,392 [defb87f9-b552-40ae-8930-8043bdc1fda2@group-41FDE4F91B8A:LeaderElection9] INFO  server.RaftServerConfigKeys (ConfUtils.java:logGet(43)) - raft.server.watch.timeout.denomination = 1s (default)
2019-09-25 11:57:02,392 [defb87f9-b552-40ae-8930-8043bdc1fda2@group-41FDE4F91B8A:LeaderElection9] INFO  server.RaftServerConfigKeys (ConfUtils.java:logGet(43)) - raft.server.watch.element-limit = 65536 (default)
2019-09-25 11:57:02,396 [defb87f9-b552-40ae-8930-8043bdc1fda2@group-41FDE4F91B8A:LeaderElection9] INFO  impl.RoleInfo (RoleInfo.java:updateAndGet(143)) - defb87f9-b552-40ae-8930-8043bdc1fda2: start LeaderState
2019-09-25 11:57:02,396 [defb87f9-b552-40ae-8930-8043bdc1fda2@group-41FDE4F91B8A:LeaderElection9] INFO  segmented.SegmentedRaftLogWorker (SegmentedRaftLogWorker.java:startLogSegment(380)) - defb87f9-b552-40ae-8930-8043bdc1fda2@group-41FDE4F91B8A-SegmentedRaftLogWorker: Starting segment from index:0
2019-09-25 11:57:02,397 [defb87f9-b552-40ae-8930-8043bdc1fda2@group-41FDE4F91B8A:LeaderElection9] INFO  impl.RaftServerImpl (ServerState.java:setRaftConf(354)) - defb87f9-b552-40ae-8930-8043bdc1fda2@group-41FDE4F91B8A: set configuration 0: [defb87f9-b552-40ae-8930-8043bdc1fda2:192.168.151.73:36113], old=null at 0
2019-09-25 11:57:02,430 [Thread-264] INFO  impl.FollowerState (FollowerState.java:run(106)) - 59f2e4b8-41c0-4853-b4df-5d86491a517d:group-535BA03C3E78 changes to CANDIDATE, lastRpcTime:5210, electionTimeout:5187ms
2019-09-25 11:57:02,430 [Thread-264] INFO  impl.RoleInfo (RoleInfo.java:shutdownFollowerState(121)) - 59f2e4b8-41c0-4853-b4df-5d86491a517d: shutdown FollowerState
2019-09-25 11:57:02,431 [Thread-264] INFO  impl.RaftServerImpl (RaftServerImpl.java:setRole(174)) - 59f2e4b8-41c0-4853-b4df-5d86491a517d@group-535BA03C3E78: changes role from  FOLLOWER to CANDIDATE at term 0 for changeToCandidate
2019-09-25 11:57:02,431 [Thread-264] INFO  impl.RoleInfo (RoleInfo.java:updateAndGet(143)) - 59f2e4b8-41c0-4853-b4df-5d86491a517d: start LeaderElection
2019-09-25 11:57:02,439 [defb87f9-b552-40ae-8930-8043bdc1fda2@group-41FDE4F91B8A-SegmentedRaftLogWorker] INFO  segmented.SegmentedRaftLogWorker (SegmentedRaftLogWorker.java:execute(569)) - defb87f9-b552-40ae-8930-8043bdc1fda2@group-41FDE4F91B8A-SegmentedRaftLogWorker: created new log segment /workdir/hadoop-ozone/integration-test/target/test-dir/MiniOzoneClusterImpl-79e9daf4-eda6-4046-b710-e1fcaf4daad9/datanode-0/data/ratis/ce77625b-4097-4edb-bc00-41fde4f91b8a/current/log_inprogress_0
2019-09-25 11:57:02,441 [59f2e4b8-41c0-4853-b4df-5d86491a517d@group-535BA03C3E78:LeaderElection10] INFO  impl.LeaderElection (LeaderElection.java:askForVotes(182)) - 59f2e4b8-41c0-4853-b4df-5d86491a517d@group-535BA03C3E78:LeaderElection10: begin an election at term 1 for -1: [59f2e4b8-41c0-4853-b4df-5d86491a517d:192.168.151.73:42681], old=null
2019-09-25 11:57:02,441 [59f2e4b8-41c0-4853-b4df-5d86491a517d@group-535BA03C3E78:LeaderElection10] INFO  impl.RoleInfo (RoleInfo.java:shutdownLeaderElection(134)) - 59f2e4b8-41c0-4853-b4df-5d86491a517d: shutdown LeaderElection
2019-09-25 11:57:02,441 [59f2e4b8-41c0-4853-b4df-5d86491a517d@group-535BA03C3E78:LeaderElection10] INFO  impl.RaftServerImpl (RaftServerImpl.java:setRole(174)) - 59f2e4b8-41c0-4853-b4df-5d86491a517d@group-535BA03C3E78: changes role from CANDIDATE to LEADER at term 1 for changeToLeader
2019-09-25 11:57:02,441 [59f2e4b8-41c0-4853-b4df-5d86491a517d@group-535BA03C3E78:LeaderElection10] INFO  impl.RaftServerImpl (ServerState.java:setLeader(253)) - 59f2e4b8-41c0-4853-b4df-5d86491a517d@group-535BA03C3E78: change Leader from null to 59f2e4b8-41c0-4853-b4df-5d86491a517d at term 1 for becomeLeader, leader elected after 5230ms
2019-09-25 11:57:02,442 [59f2e4b8-41c0-4853-b4df-5d86491a517d@group-535BA03C3E78:LeaderElection10] INFO  server.RaftServerConfigKeys (ConfUtils.java:logGet(43)) - raft.server.staging.catchup.gap = 1000 (default)
2019-09-25 11:57:02,442 [59f2e4b8-41c0-4853-b4df-5d86491a517d@group-535BA03C3E78:LeaderElection10] INFO  server.RaftServerConfigKeys (ConfUtils.java:logGet(43)) - raft.server.rpc.sleep.time = 25ms (default)
2019-09-25 11:57:02,442 [59f2e4b8-41c0-4853-b4df-5d86491a517d@group-535BA03C3E78:LeaderElection10] INFO  server.RaftServerConfigKeys (ConfUtils.java:logGet(43)) - raft.server.write.element-limit = 4096 (default)
2019-09-25 11:57:02,442 [59f2e4b8-41c0-4853-b4df-5d86491a517d@group-535BA03C3E78:LeaderElection10] INFO  server.RaftServerConfigKeys (ConfUtils.java:logGet(43)) - raft.server.watch.timeout = 10s (default)
2019-09-25 11:57:02,442 [59f2e4b8-41c0-4853-b4df-5d86491a517d@group-535BA03C3E78:LeaderElection10] INFO  server.RaftServerConfigKeys (ConfUtils.java:logGet(43)) - raft.server.watch.timeout.denomination = 1s (default)
2019-09-25 11:57:02,442 [59f2e4b8-41c0-4853-b4df-5d86491a517d@group-535BA03C3E78:LeaderElection10] INFO  server.RaftServerConfigKeys (ConfUtils.java:logGet(43)) - raft.server.watch.element-limit = 65536 (default)
2019-09-25 11:57:02,445 [59f2e4b8-41c0-4853-b4df-5d86491a517d@group-535BA03C3E78:LeaderElection10] INFO  impl.RoleInfo (RoleInfo.java:updateAndGet(143)) - 59f2e4b8-41c0-4853-b4df-5d86491a517d: start LeaderState
2019-09-25 11:57:02,445 [59f2e4b8-41c0-4853-b4df-5d86491a517d@group-535BA03C3E78:LeaderElection10] INFO  segmented.SegmentedRaftLogWorker (SegmentedRaftLogWorker.java:startLogSegment(380)) - 59f2e4b8-41c0-4853-b4df-5d86491a517d@group-535BA03C3E78-SegmentedRaftLogWorker: Starting segment from index:0
2019-09-25 11:57:02,446 [59f2e4b8-41c0-4853-b4df-5d86491a517d@group-535BA03C3E78:LeaderElection10] INFO  impl.RaftServerImpl (ServerState.java:setRaftConf(354)) - 59f2e4b8-41c0-4853-b4df-5d86491a517d@group-535BA03C3E78: set configuration 0: [59f2e4b8-41c0-4853-b4df-5d86491a517d:192.168.151.73:42681], old=null at 0
2019-09-25 11:57:02,480 [Thread-274] INFO  impl.FollowerState (FollowerState.java:run(106)) - defb87f9-b552-40ae-8930-8043bdc1fda2:group-8AC8CF09C0DF changes to CANDIDATE, lastRpcTime:5082, electionTimeout:5059ms
2019-09-25 11:57:02,480 [Thread-274] INFO  impl.RoleInfo (RoleInfo.java:shutdownFollowerState(121)) - defb87f9-b552-40ae-8930-8043bdc1fda2: shutdown FollowerState
2019-09-25 11:57:02,480 [Thread-274] INFO  impl.RaftServerImpl (RaftServerImpl.java:setRole(174)) - defb87f9-b552-40ae-8930-8043bdc1fda2@group-8AC8CF09C0DF: changes role from  FOLLOWER to CANDIDATE at term 0 for changeToCandidate
2019-09-25 11:57:02,480 [Thread-274] INFO  impl.RoleInfo (RoleInfo.java:updateAndGet(143)) - defb87f9-b552-40ae-8930-8043bdc1fda2: start LeaderElection
2019-09-25 11:57:02,487 [59f2e4b8-41c0-4853-b4df-5d86491a517d@group-535BA03C3E78-SegmentedRaftLogWorker] INFO  segmented.SegmentedRaftLogWorker (SegmentedRaftLogWorker.java:execute(569)) - 59f2e4b8-41c0-4853-b4df-5d86491a517d@group-535BA03C3E78-SegmentedRaftLogWorker: created new log segment /workdir/hadoop-ozone/integration-test/target/test-dir/MiniOzoneClusterImpl-79e9daf4-eda6-4046-b710-e1fcaf4daad9/datanode-6/data/ratis/c593ecaa-bb46-4f86-82b3-535ba03c3e78/current/log_inprogress_0
2019-09-25 11:57:02,490 [defb87f9-b552-40ae-8930-8043bdc1fda2@group-8AC8CF09C0DF:LeaderElection11] INFO  impl.LeaderElection (LeaderElection.java:askForVotes(182)) - defb87f9-b552-40ae-8930-8043bdc1fda2@group-8AC8CF09C0DF:LeaderElection11: begin an election at term 1 for -1: [defb87f9-b552-40ae-8930-8043bdc1fda2:192.168.151.73:36113], old=null
2019-09-25 11:57:02,491 [defb87f9-b552-40ae-8930-8043bdc1fda2@group-8AC8CF09C0DF:LeaderElection11] INFO  impl.RoleInfo (RoleInfo.java:shutdownLeaderElection(134)) - defb87f9-b552-40ae-8930-8043bdc1fda2: shutdown LeaderElection
2019-09-25 11:57:02,491 [defb87f9-b552-40ae-8930-8043bdc1fda2@group-8AC8CF09C0DF:LeaderElection11] INFO  impl.RaftServerImpl (RaftServerImpl.java:setRole(174)) - defb87f9-b552-40ae-8930-8043bdc1fda2@group-8AC8CF09C0DF: changes role from CANDIDATE to LEADER at term 1 for changeToLeader
2019-09-25 11:57:02,491 [defb87f9-b552-40ae-8930-8043bdc1fda2@group-8AC8CF09C0DF:LeaderElection11] INFO  impl.RaftServerImpl (ServerState.java:setLeader(253)) - defb87f9-b552-40ae-8930-8043bdc1fda2@group-8AC8CF09C0DF: change Leader from null to defb87f9-b552-40ae-8930-8043bdc1fda2 at term 1 for becomeLeader, leader elected after 5105ms
2019-09-25 11:57:02,491 [defb87f9-b552-40ae-8930-8043bdc1fda2@group-8AC8CF09C0DF:LeaderElection11] INFO  server.RaftServerConfigKeys (ConfUtils.java:logGet(43)) - raft.server.staging.catchup.gap = 1000 (default)
2019-09-25 11:57:02,491 [defb87f9-b552-40ae-8930-8043bdc1fda2@group-8AC8CF09C0DF:LeaderElection11] INFO  server.RaftServerConfigKeys (ConfUtils.java:logGet(43)) - raft.server.rpc.sleep.time = 25ms (default)
2019-09-25 11:57:02,491 [defb87f9-b552-40ae-8930-8043bdc1fda2@group-8AC8CF09C0DF:LeaderElection11] INFO  server.RaftServerConfigKeys (ConfUtils.java:logGet(43)) - raft.server.write.element-limit = 4096 (default)
2019-09-25 11:57:02,491 [defb87f9-b552-40ae-8930-8043bdc1fda2@group-8AC8CF09C0DF:LeaderElection11] INFO  server.RaftServerConfigKeys (ConfUtils.java:logGet(43)) - raft.server.watch.timeout = 10s (default)
2019-09-25 11:57:02,491 [defb87f9-b552-40ae-8930-8043bdc1fda2@group-8AC8CF09C0DF:LeaderElection11] INFO  server.RaftServerConfigKeys (ConfUtils.java:logGet(43)) - raft.server.watch.timeout.denomination = 1s (default)
2019-09-25 11:57:02,492 [defb87f9-b552-40ae-8930-8043bdc1fda2@group-8AC8CF09C0DF:LeaderElection11] INFO  server.RaftServerConfigKeys (ConfUtils.java:logGet(43)) - raft.server.watch.element-limit = 65536 (default)
2019-09-25 11:57:02,494 [defb87f9-b552-40ae-8930-8043bdc1fda2@group-8AC8CF09C0DF:LeaderElection11] INFO  impl.RoleInfo (RoleInfo.java:updateAndGet(143)) - defb87f9-b552-40ae-8930-8043bdc1fda2: start LeaderState
2019-09-25 11:57:02,494 [defb87f9-b552-40ae-8930-8043bdc1fda2@group-8AC8CF09C0DF:LeaderElection11] INFO  segmented.SegmentedRaftLogWorker (SegmentedRaftLogWorker.java:startLogSegment(380)) - defb87f9-b552-40ae-8930-8043bdc1fda2@group-8AC8CF09C0DF-SegmentedRaftLogWorker: Starting segment from index:0
2019-09-25 11:57:02,494 [defb87f9-b552-40ae-8930-8043bdc1fda2@group-8AC8CF09C0DF:LeaderElection11] INFO  impl.RaftServerImpl (ServerState.java:setRaftConf(354)) - defb87f9-b552-40ae-8930-8043bdc1fda2@group-8AC8CF09C0DF: set configuration 0: [defb87f9-b552-40ae-8930-8043bdc1fda2:192.168.151.73:36113], old=null at 0
2019-09-25 11:57:02,527 [Thread-271] INFO  impl.FollowerState (FollowerState.java:run(106)) - a49539dc-5450-4b38-9858-49dc7b52b4cc:group-534A98EDED96 changes to CANDIDATE, lastRpcTime:5187, electionTimeout:5181ms
2019-09-25 11:57:02,527 [Thread-271] INFO  impl.RoleInfo (RoleInfo.java:shutdownFollowerState(121)) - a49539dc-5450-4b38-9858-49dc7b52b4cc: shutdown FollowerState
2019-09-25 11:57:02,527 [Thread-271] INFO  impl.RaftServerImpl (RaftServerImpl.java:setRole(174)) - a49539dc-5450-4b38-9858-49dc7b52b4cc@group-534A98EDED96: changes role from  FOLLOWER to CANDIDATE at term 0 for changeToCandidate
2019-09-25 11:57:02,527 [Thread-271] INFO  impl.RoleInfo (RoleInfo.java:updateAndGet(143)) - a49539dc-5450-4b38-9858-49dc7b52b4cc: start LeaderElection
2019-09-25 11:57:02,534 [defb87f9-b552-40ae-8930-8043bdc1fda2@group-8AC8CF09C0DF-SegmentedRaftLogWorker] INFO  segmented.SegmentedRaftLogWorker (SegmentedRaftLogWorker.java:execute(569)) - defb87f9-b552-40ae-8930-8043bdc1fda2@group-8AC8CF09C0DF-SegmentedRaftLogWorker: created new log segment /workdir/hadoop-ozone/integration-test/target/test-dir/MiniOzoneClusterImpl-79e9daf4-eda6-4046-b710-e1fcaf4daad9/datanode-0/data/ratis/a7b31b9b-7276-4c23-a0cf-8ac8cf09c0df/current/log_inprogress_0
2019-09-25 11:57:02,538 [a49539dc-5450-4b38-9858-49dc7b52b4cc@group-534A98EDED96:LeaderElection12] INFO  impl.LeaderElection (LeaderElection.java:askForVotes(182)) - a49539dc-5450-4b38-9858-49dc7b52b4cc@group-534A98EDED96:LeaderElection12: begin an election at term 1 for -1: [a49539dc-5450-4b38-9858-49dc7b52b4cc:192.168.151.73:39048], old=null
2019-09-25 11:57:02,538 [a49539dc-5450-4b38-9858-49dc7b52b4cc@group-534A98EDED96:LeaderElection12] INFO  impl.RoleInfo (RoleInfo.java:shutdownLeaderElection(134)) - a49539dc-5450-4b38-9858-49dc7b52b4cc: shutdown LeaderElection
2019-09-25 11:57:02,539 [a49539dc-5450-4b38-9858-49dc7b52b4cc@group-534A98EDED96:LeaderElection12] INFO  impl.RaftServerImpl (RaftServerImpl.java:setRole(174)) - a49539dc-5450-4b38-9858-49dc7b52b4cc@group-534A98EDED96: changes role from CANDIDATE to LEADER at term 1 for changeToLeader
2019-09-25 11:57:02,539 [a49539dc-5450-4b38-9858-49dc7b52b4cc@group-534A98EDED96:LeaderElection12] INFO  impl.RaftServerImpl (ServerState.java:setLeader(253)) - a49539dc-5450-4b38-9858-49dc7b52b4cc@group-534A98EDED96: change Leader from null to a49539dc-5450-4b38-9858-49dc7b52b4cc at term 1 for becomeLeader, leader elected after 5204ms
2019-09-25 11:57:02,539 [a49539dc-5450-4b38-9858-49dc7b52b4cc@group-534A98EDED96:LeaderElection12] INFO  server.RaftServerConfigKeys (ConfUtils.java:logGet(43)) - raft.server.staging.catchup.gap = 1000 (default)
2019-09-25 11:57:02,539 [a49539dc-5450-4b38-9858-49dc7b52b4cc@group-534A98EDED96:LeaderElection12] INFO  server.RaftServerConfigKeys (ConfUtils.java:logGet(43)) - raft.server.rpc.sleep.time = 25ms (default)
2019-09-25 11:57:02,539 [a49539dc-5450-4b38-9858-49dc7b52b4cc@group-534A98EDED96:LeaderElection12] INFO  server.RaftServerConfigKeys (ConfUtils.java:logGet(43)) - raft.server.write.element-limit = 4096 (default)
2019-09-25 11:57:02,539 [a49539dc-5450-4b38-9858-49dc7b52b4cc@group-534A98EDED96:LeaderElection12] INFO  server.RaftServerConfigKeys (ConfUtils.java:logGet(43)) - raft.server.watch.timeout = 10s (default)
2019-09-25 11:57:02,539 [a49539dc-5450-4b38-9858-49dc7b52b4cc@group-534A98EDED96:LeaderElection12] INFO  server.RaftServerConfigKeys (ConfUtils.java:logGet(43)) - raft.server.watch.timeout.denomination = 1s (default)
2019-09-25 11:57:02,539 [a49539dc-5450-4b38-9858-49dc7b52b4cc@group-534A98EDED96:LeaderElection12] INFO  server.RaftServerConfigKeys (ConfUtils.java:logGet(43)) - raft.server.watch.element-limit = 65536 (default)
2019-09-25 11:57:02,541 [a49539dc-5450-4b38-9858-49dc7b52b4cc@group-534A98EDED96:LeaderElection12] INFO  impl.RoleInfo (RoleInfo.java:updateAndGet(143)) - a49539dc-5450-4b38-9858-49dc7b52b4cc: start LeaderState
2019-09-25 11:57:02,541 [a49539dc-5450-4b38-9858-49dc7b52b4cc@group-534A98EDED96:LeaderElection12] INFO  segmented.SegmentedRaftLogWorker (SegmentedRaftLogWorker.java:startLogSegment(380)) - a49539dc-5450-4b38-9858-49dc7b52b4cc@group-534A98EDED96-SegmentedRaftLogWorker: Starting segment from index:0
2019-09-25 11:57:02,542 [a49539dc-5450-4b38-9858-49dc7b52b4cc@group-534A98EDED96:LeaderElection12] INFO  impl.RaftServerImpl (ServerState.java:setRaftConf(354)) - a49539dc-5450-4b38-9858-49dc7b52b4cc@group-534A98EDED96: set configuration 0: [a49539dc-5450-4b38-9858-49dc7b52b4cc:192.168.151.73:39048], old=null at 0
2019-09-25 11:57:02,578 [Thread-277] INFO  impl.FollowerState (FollowerState.java:run(106)) - defb87f9-b552-40ae-8930-8043bdc1fda2:group-B7662CB68A6A changes to CANDIDATE, lastRpcTime:5110, electionTimeout:5103ms
2019-09-25 11:57:02,578 [Thread-277] INFO  impl.RoleInfo (RoleInfo.java:shutdownFollowerState(121)) - defb87f9-b552-40ae-8930-8043bdc1fda2: shutdown FollowerState
2019-09-25 11:57:02,578 [Thread-277] INFO  impl.RaftServerImpl (RaftServerImpl.java:setRole(174)) - defb87f9-b552-40ae-8930-8043bdc1fda2@group-B7662CB68A6A: changes role from  FOLLOWER to CANDIDATE at term 0 for changeToCandidate
2019-09-25 11:57:02,579 [Thread-277] INFO  impl.RoleInfo (RoleInfo.java:updateAndGet(143)) - defb87f9-b552-40ae-8930-8043bdc1fda2: start LeaderElection
2019-09-25 11:57:02,583 [a49539dc-5450-4b38-9858-49dc7b52b4cc@group-534A98EDED96-SegmentedRaftLogWorker] INFO  segmented.SegmentedRaftLogWorker (SegmentedRaftLogWorker.java:execute(569)) - a49539dc-5450-4b38-9858-49dc7b52b4cc@group-534A98EDED96-SegmentedRaftLogWorker: created new log segment /workdir/hadoop-ozone/integration-test/target/test-dir/MiniOzoneClusterImpl-79e9daf4-eda6-4046-b710-e1fcaf4daad9/datanode-1/data/ratis/d0d38c5d-5045-4051-91f8-534a98eded96/current/log_inprogress_0
2019-09-25 11:57:02,594 [defb87f9-b552-40ae-8930-8043bdc1fda2@group-B7662CB68A6A:LeaderElection13] INFO  impl.LeaderElection (LeaderElection.java:askForVotes(182)) - defb87f9-b552-40ae-8930-8043bdc1fda2@group-B7662CB68A6A:LeaderElection13: begin an election at term 1 for -1: [defb87f9-b552-40ae-8930-8043bdc1fda2:192.168.151.73:36113], old=null
2019-09-25 11:57:02,595 [defb87f9-b552-40ae-8930-8043bdc1fda2@group-B7662CB68A6A:LeaderElection13] INFO  impl.RoleInfo (RoleInfo.java:shutdownLeaderElection(134)) - defb87f9-b552-40ae-8930-8043bdc1fda2: shutdown LeaderElection
2019-09-25 11:57:02,595 [defb87f9-b552-40ae-8930-8043bdc1fda2@group-B7662CB68A6A:LeaderElection13] INFO  impl.RaftServerImpl (RaftServerImpl.java:setRole(174)) - defb87f9-b552-40ae-8930-8043bdc1fda2@group-B7662CB68A6A: changes role from CANDIDATE to LEADER at term 1 for changeToLeader
2019-09-25 11:57:02,595 [defb87f9-b552-40ae-8930-8043bdc1fda2@group-B7662CB68A6A:LeaderElection13] INFO  impl.RaftServerImpl (ServerState.java:setLeader(253)) - defb87f9-b552-40ae-8930-8043bdc1fda2@group-B7662CB68A6A: change Leader from null to defb87f9-b552-40ae-8930-8043bdc1fda2 at term 1 for becomeLeader, leader elected after 5140ms
2019-09-25 11:57:02,595 [defb87f9-b552-40ae-8930-8043bdc1fda2@group-B7662CB68A6A:LeaderElection13] INFO  server.RaftServerConfigKeys (ConfUtils.java:logGet(43)) - raft.server.staging.catchup.gap = 1000 (default)
2019-09-25 11:57:02,595 [defb87f9-b552-40ae-8930-8043bdc1fda2@group-B7662CB68A6A:LeaderElection13] INFO  server.RaftServerConfigKeys (ConfUtils.java:logGet(43)) - raft.server.rpc.sleep.time = 25ms (default)
2019-09-25 11:57:02,595 [defb87f9-b552-40ae-8930-8043bdc1fda2@group-B7662CB68A6A:LeaderElection13] INFO  server.RaftServerConfigKeys (ConfUtils.java:logGet(43)) - raft.server.write.element-limit = 4096 (default)
2019-09-25 11:57:02,595 [defb87f9-b552-40ae-8930-8043bdc1fda2@group-B7662CB68A6A:LeaderElection13] INFO  server.RaftServerConfigKeys (ConfUtils.java:logGet(43)) - raft.server.watch.timeout = 10s (default)
2019-09-25 11:57:02,596 [defb87f9-b552-40ae-8930-8043bdc1fda2@group-B7662CB68A6A:LeaderElection13] INFO  server.RaftServerConfigKeys (ConfUtils.java:logGet(43)) - raft.server.watch.timeout.denomination = 1s (default)
2019-09-25 11:57:02,596 [defb87f9-b552-40ae-8930-8043bdc1fda2@group-B7662CB68A6A:LeaderElection13] INFO  server.RaftServerConfigKeys (ConfUtils.java:logGet(43)) - raft.server.watch.element-limit = 65536 (default)
2019-09-25 11:57:02,598 [defb87f9-b552-40ae-8930-8043bdc1fda2@group-B7662CB68A6A:LeaderElection13] INFO  impl.RoleInfo (RoleInfo.java:updateAndGet(143)) - defb87f9-b552-40ae-8930-8043bdc1fda2: start LeaderState
2019-09-25 11:57:02,599 [defb87f9-b552-40ae-8930-8043bdc1fda2@group-B7662CB68A6A:LeaderElection13] INFO  segmented.SegmentedRaftLogWorker (SegmentedRaftLogWorker.java:startLogSegment(380)) - defb87f9-b552-40ae-8930-8043bdc1fda2@group-B7662CB68A6A-SegmentedRaftLogWorker: Starting segment from index:0
2019-09-25 11:57:02,599 [defb87f9-b552-40ae-8930-8043bdc1fda2@group-B7662CB68A6A:LeaderElection13] INFO  impl.RaftServerImpl (ServerState.java:setRaftConf(354)) - defb87f9-b552-40ae-8930-8043bdc1fda2@group-B7662CB68A6A: set configuration 0: [defb87f9-b552-40ae-8930-8043bdc1fda2:192.168.151.73:36113], old=null at 0
2019-09-25 11:57:02,630 [defb87f9-b552-40ae-8930-8043bdc1fda2@group-B7662CB68A6A-SegmentedRaftLogWorker] INFO  segmented.SegmentedRaftLogWorker (SegmentedRaftLogWorker.java:execute(569)) - defb87f9-b552-40ae-8930-8043bdc1fda2@group-B7662CB68A6A-SegmentedRaftLogWorker: created new log segment /workdir/hadoop-ozone/integration-test/target/test-dir/MiniOzoneClusterImpl-79e9daf4-eda6-4046-b710-e1fcaf4daad9/datanode-0/data/ratis/55e168a7-905b-42f2-94b3-b7662cb68a6a/current/log_inprogress_0
2019-09-25 11:57:02,642 [Thread-281] INFO  impl.FollowerState (FollowerState.java:run(106)) - a49539dc-5450-4b38-9858-49dc7b52b4cc:group-C84CDD09568A changes to CANDIDATE, lastRpcTime:5104, electionTimeout:5104ms
2019-09-25 11:57:02,642 [Thread-281] INFO  impl.RoleInfo (RoleInfo.java:shutdownFollowerState(121)) - a49539dc-5450-4b38-9858-49dc7b52b4cc: shutdown FollowerState
2019-09-25 11:57:02,642 [Thread-281] INFO  impl.RaftServerImpl (RaftServerImpl.java:setRole(174)) - a49539dc-5450-4b38-9858-49dc7b52b4cc@group-C84CDD09568A: changes role from  FOLLOWER to CANDIDATE at term 0 for changeToCandidate
2019-09-25 11:57:02,642 [Thread-281] INFO  impl.RoleInfo (RoleInfo.java:updateAndGet(143)) - a49539dc-5450-4b38-9858-49dc7b52b4cc: start LeaderElection
2019-09-25 11:57:02,658 [a49539dc-5450-4b38-9858-49dc7b52b4cc@group-C84CDD09568A:LeaderElection14] INFO  impl.LeaderElection (LeaderElection.java:askForVotes(182)) - a49539dc-5450-4b38-9858-49dc7b52b4cc@group-C84CDD09568A:LeaderElection14: begin an election at term 1 for -1: [a49539dc-5450-4b38-9858-49dc7b52b4cc:192.168.151.73:39048], old=null
2019-09-25 11:57:02,658 [a49539dc-5450-4b38-9858-49dc7b52b4cc@group-C84CDD09568A:LeaderElection14] INFO  impl.RoleInfo (RoleInfo.java:shutdownLeaderElection(134)) - a49539dc-5450-4b38-9858-49dc7b52b4cc: shutdown LeaderElection
2019-09-25 11:57:02,658 [a49539dc-5450-4b38-9858-49dc7b52b4cc@group-C84CDD09568A:LeaderElection14] INFO  impl.RaftServerImpl (RaftServerImpl.java:setRole(174)) - a49539dc-5450-4b38-9858-49dc7b52b4cc@group-C84CDD09568A: changes role from CANDIDATE to LEADER at term 1 for changeToLeader
2019-09-25 11:57:02,658 [a49539dc-5450-4b38-9858-49dc7b52b4cc@group-C84CDD09568A:LeaderElection14] INFO  impl.RaftServerImpl (ServerState.java:setLeader(253)) - a49539dc-5450-4b38-9858-49dc7b52b4cc@group-C84CDD09568A: change Leader from null to a49539dc-5450-4b38-9858-49dc7b52b4cc at term 1 for becomeLeader, leader elected after 5137ms
2019-09-25 11:57:02,659 [a49539dc-5450-4b38-9858-49dc7b52b4cc@group-C84CDD09568A:LeaderElection14] INFO  server.RaftServerConfigKeys (ConfUtils.java:logGet(43)) - raft.server.staging.catchup.gap = 1000 (default)
2019-09-25 11:57:02,659 [a49539dc-5450-4b38-9858-49dc7b52b4cc@group-C84CDD09568A:LeaderElection14] INFO  server.RaftServerConfigKeys (ConfUtils.java:logGet(43)) - raft.server.rpc.sleep.time = 25ms (default)
2019-09-25 11:57:02,659 [a49539dc-5450-4b38-9858-49dc7b52b4cc@group-C84CDD09568A:LeaderElection14] INFO  server.RaftServerConfigKeys (ConfUtils.java:logGet(43)) - raft.server.write.element-limit = 4096 (default)
2019-09-25 11:57:02,659 [a49539dc-5450-4b38-9858-49dc7b52b4cc@group-C84CDD09568A:LeaderElection14] INFO  server.RaftServerConfigKeys (ConfUtils.java:logGet(43)) - raft.server.watch.timeout = 10s (default)
2019-09-25 11:57:02,659 [a49539dc-5450-4b38-9858-49dc7b52b4cc@group-C84CDD09568A:LeaderElection14] INFO  server.RaftServerConfigKeys (ConfUtils.java:logGet(43)) - raft.server.watch.timeout.denomination = 1s (default)
2019-09-25 11:57:02,660 [a49539dc-5450-4b38-9858-49dc7b52b4cc@group-C84CDD09568A:LeaderElection14] INFO  server.RaftServerConfigKeys (ConfUtils.java:logGet(43)) - raft.server.watch.element-limit = 65536 (default)
2019-09-25 11:57:02,663 [a49539dc-5450-4b38-9858-49dc7b52b4cc@group-C84CDD09568A:LeaderElection14] INFO  impl.RoleInfo (RoleInfo.java:updateAndGet(143)) - a49539dc-5450-4b38-9858-49dc7b52b4cc: start LeaderState
2019-09-25 11:57:02,663 [a49539dc-5450-4b38-9858-49dc7b52b4cc@group-C84CDD09568A:LeaderElection14] INFO  segmented.SegmentedRaftLogWorker (SegmentedRaftLogWorker.java:startLogSegment(380)) - a49539dc-5450-4b38-9858-49dc7b52b4cc@group-C84CDD09568A-SegmentedRaftLogWorker: Starting segment from index:0
2019-09-25 11:57:02,664 [a49539dc-5450-4b38-9858-49dc7b52b4cc@group-C84CDD09568A:LeaderElection14] INFO  impl.RaftServerImpl (ServerState.java:setRaftConf(354)) - a49539dc-5450-4b38-9858-49dc7b52b4cc@group-C84CDD09568A: set configuration 0: [a49539dc-5450-4b38-9858-49dc7b52b4cc:192.168.151.73:39048], old=null at 0
2019-09-25 11:57:02,704 [a49539dc-5450-4b38-9858-49dc7b52b4cc@group-C84CDD09568A-SegmentedRaftLogWorker] INFO  segmented.SegmentedRaftLogWorker (SegmentedRaftLogWorker.java:execute(569)) - a49539dc-5450-4b38-9858-49dc7b52b4cc@group-C84CDD09568A-SegmentedRaftLogWorker: created new log segment /workdir/hadoop-ozone/integration-test/target/test-dir/MiniOzoneClusterImpl-79e9daf4-eda6-4046-b710-e1fcaf4daad9/datanode-1/data/ratis/4fa5eea3-6375-48dc-8efb-c84cdd09568a/current/log_inprogress_0
2019-09-25 11:57:02,737 [Thread-288] INFO  impl.FollowerState (FollowerState.java:run(106)) - a49539dc-5450-4b38-9858-49dc7b52b4cc:group-710C4B2F9CDC changes to CANDIDATE, lastRpcTime:5060, electionTimeout:5060ms
2019-09-25 11:57:02,737 [Thread-288] INFO  impl.RoleInfo (RoleInfo.java:shutdownFollowerState(121)) - a49539dc-5450-4b38-9858-49dc7b52b4cc: shutdown FollowerState
2019-09-25 11:57:02,738 [Thread-288] INFO  impl.RaftServerImpl (RaftServerImpl.java:setRole(174)) - a49539dc-5450-4b38-9858-49dc7b52b4cc@group-710C4B2F9CDC: changes role from  FOLLOWER to CANDIDATE at term 0 for changeToCandidate
2019-09-25 11:57:02,738 [Thread-288] INFO  impl.RoleInfo (RoleInfo.java:updateAndGet(143)) - a49539dc-5450-4b38-9858-49dc7b52b4cc: start LeaderElection
2019-09-25 11:57:02,755 [a49539dc-5450-4b38-9858-49dc7b52b4cc@group-710C4B2F9CDC:LeaderElection15] INFO  impl.LeaderElection (LeaderElection.java:askForVotes(182)) - a49539dc-5450-4b38-9858-49dc7b52b4cc@group-710C4B2F9CDC:LeaderElection15: begin an election at term 1 for -1: [a49539dc-5450-4b38-9858-49dc7b52b4cc:192.168.151.73:39048], old=null
2019-09-25 11:57:02,755 [a49539dc-5450-4b38-9858-49dc7b52b4cc@group-710C4B2F9CDC:LeaderElection15] INFO  impl.RoleInfo (RoleInfo.java:shutdownLeaderElection(134)) - a49539dc-5450-4b38-9858-49dc7b52b4cc: shutdown LeaderElection
2019-09-25 11:57:02,755 [a49539dc-5450-4b38-9858-49dc7b52b4cc@group-710C4B2F9CDC:LeaderElection15] INFO  impl.RaftServerImpl (RaftServerImpl.java:setRole(174)) - a49539dc-5450-4b38-9858-49dc7b52b4cc@group-710C4B2F9CDC: changes role from CANDIDATE to LEADER at term 1 for changeToLeader
2019-09-25 11:57:02,755 [a49539dc-5450-4b38-9858-49dc7b52b4cc@group-710C4B2F9CDC:LeaderElection15] INFO  impl.RaftServerImpl (ServerState.java:setLeader(253)) - a49539dc-5450-4b38-9858-49dc7b52b4cc@group-710C4B2F9CDC: change Leader from null to a49539dc-5450-4b38-9858-49dc7b52b4cc at term 1 for becomeLeader, leader elected after 5087ms
2019-09-25 11:57:02,755 [a49539dc-5450-4b38-9858-49dc7b52b4cc@group-710C4B2F9CDC:LeaderElection15] INFO  server.RaftServerConfigKeys (ConfUtils.java:logGet(43)) - raft.server.staging.catchup.gap = 1000 (default)
2019-09-25 11:57:02,755 [a49539dc-5450-4b38-9858-49dc7b52b4cc@group-710C4B2F9CDC:LeaderElection15] INFO  server.RaftServerConfigKeys (ConfUtils.java:logGet(43)) - raft.server.rpc.sleep.time = 25ms (default)
2019-09-25 11:57:02,755 [a49539dc-5450-4b38-9858-49dc7b52b4cc@group-710C4B2F9CDC:LeaderElection15] INFO  server.RaftServerConfigKeys (ConfUtils.java:logGet(43)) - raft.server.write.element-limit = 4096 (default)
2019-09-25 11:57:02,755 [a49539dc-5450-4b38-9858-49dc7b52b4cc@group-710C4B2F9CDC:LeaderElection15] INFO  server.RaftServerConfigKeys (ConfUtils.java:logGet(43)) - raft.server.watch.timeout = 10s (default)
2019-09-25 11:57:02,755 [a49539dc-5450-4b38-9858-49dc7b52b4cc@group-710C4B2F9CDC:LeaderElection15] INFO  server.RaftServerConfigKeys (ConfUtils.java:logGet(43)) - raft.server.watch.timeout.denomination = 1s (default)
2019-09-25 11:57:02,756 [a49539dc-5450-4b38-9858-49dc7b52b4cc@group-710C4B2F9CDC:LeaderElection15] INFO  server.RaftServerConfigKeys (ConfUtils.java:logGet(43)) - raft.server.watch.element-limit = 65536 (default)
2019-09-25 11:57:02,757 [a49539dc-5450-4b38-9858-49dc7b52b4cc@group-710C4B2F9CDC:LeaderElection15] INFO  impl.RoleInfo (RoleInfo.java:updateAndGet(143)) - a49539dc-5450-4b38-9858-49dc7b52b4cc: start LeaderState
2019-09-25 11:57:02,758 [a49539dc-5450-4b38-9858-49dc7b52b4cc@group-710C4B2F9CDC:LeaderElection15] INFO  segmented.SegmentedRaftLogWorker (SegmentedRaftLogWorker.java:startLogSegment(380)) - a49539dc-5450-4b38-9858-49dc7b52b4cc@group-710C4B2F9CDC-SegmentedRaftLogWorker: Starting segment from index:0
2019-09-25 11:57:02,758 [Thread-285] INFO  impl.FollowerState (FollowerState.java:run(106)) - f320213e-69dd-47d7-8b12-80f84f010fc9:group-45F24147A059 changes to CANDIDATE, lastRpcTime:5132, electionTimeout:5132ms
2019-09-25 11:57:02,758 [a49539dc-5450-4b38-9858-49dc7b52b4cc@group-710C4B2F9CDC:LeaderElection15] INFO  impl.RaftServerImpl (ServerState.java:setRaftConf(354)) - a49539dc-5450-4b38-9858-49dc7b52b4cc@group-710C4B2F9CDC: set configuration 0: [a49539dc-5450-4b38-9858-49dc7b52b4cc:192.168.151.73:39048], old=null at 0
2019-09-25 11:57:02,758 [Thread-285] INFO  impl.RoleInfo (RoleInfo.java:shutdownFollowerState(121)) - f320213e-69dd-47d7-8b12-80f84f010fc9: shutdown FollowerState
2019-09-25 11:57:02,760 [Thread-285] INFO  impl.RaftServerImpl (RaftServerImpl.java:setRole(174)) - f320213e-69dd-47d7-8b12-80f84f010fc9@group-45F24147A059: changes role from  FOLLOWER to CANDIDATE at term 0 for changeToCandidate
2019-09-25 11:57:02,760 [Thread-285] INFO  impl.RoleInfo (RoleInfo.java:updateAndGet(143)) - f320213e-69dd-47d7-8b12-80f84f010fc9: start LeaderElection
2019-09-25 11:57:02,810 [a49539dc-5450-4b38-9858-49dc7b52b4cc@group-710C4B2F9CDC-SegmentedRaftLogWorker] INFO  segmented.SegmentedRaftLogWorker (SegmentedRaftLogWorker.java:execute(569)) - a49539dc-5450-4b38-9858-49dc7b52b4cc@group-710C4B2F9CDC-SegmentedRaftLogWorker: created new log segment /workdir/hadoop-ozone/integration-test/target/test-dir/MiniOzoneClusterImpl-79e9daf4-eda6-4046-b710-e1fcaf4daad9/datanode-1/data/ratis/fdbd45fb-b9e1-4bf6-acee-710c4b2f9cdc/current/log_inprogress_0
2019-09-25 11:57:02,810 [f320213e-69dd-47d7-8b12-80f84f010fc9@group-45F24147A059:LeaderElection16] INFO  impl.LeaderElection (LeaderElection.java:askForVotes(182)) - f320213e-69dd-47d7-8b12-80f84f010fc9@group-45F24147A059:LeaderElection16: begin an election at term 1 for -1: [f320213e-69dd-47d7-8b12-80f84f010fc9:192.168.151.73:42702], old=null
2019-09-25 11:57:02,810 [f320213e-69dd-47d7-8b12-80f84f010fc9@group-45F24147A059:LeaderElection16] INFO  impl.RoleInfo (RoleInfo.java:shutdownLeaderElection(134)) - f320213e-69dd-47d7-8b12-80f84f010fc9: shutdown LeaderElection
2019-09-25 11:57:02,811 [f320213e-69dd-47d7-8b12-80f84f010fc9@group-45F24147A059:LeaderElection16] INFO  impl.RaftServerImpl (RaftServerImpl.java:setRole(174)) - f320213e-69dd-47d7-8b12-80f84f010fc9@group-45F24147A059: changes role from CANDIDATE to LEADER at term 1 for changeToLeader
2019-09-25 11:57:02,811 [f320213e-69dd-47d7-8b12-80f84f010fc9@group-45F24147A059:LeaderElection16] INFO  impl.RaftServerImpl (ServerState.java:setLeader(253)) - f320213e-69dd-47d7-8b12-80f84f010fc9@group-45F24147A059: change Leader from null to f320213e-69dd-47d7-8b12-80f84f010fc9 at term 1 for becomeLeader, leader elected after 5206ms
2019-09-25 11:57:02,811 [f320213e-69dd-47d7-8b12-80f84f010fc9@group-45F24147A059:LeaderElection16] INFO  server.RaftServerConfigKeys (ConfUtils.java:logGet(43)) - raft.server.staging.catchup.gap = 1000 (default)
2019-09-25 11:57:02,811 [f320213e-69dd-47d7-8b12-80f84f010fc9@group-45F24147A059:LeaderElection16] INFO  server.RaftServerConfigKeys (ConfUtils.java:logGet(43)) - raft.server.rpc.sleep.time = 25ms (default)
2019-09-25 11:57:02,811 [f320213e-69dd-47d7-8b12-80f84f010fc9@group-45F24147A059:LeaderElection16] INFO  server.RaftServerConfigKeys (ConfUtils.java:logGet(43)) - raft.server.write.element-limit = 4096 (default)
2019-09-25 11:57:02,811 [f320213e-69dd-47d7-8b12-80f84f010fc9@group-45F24147A059:LeaderElection16] INFO  server.RaftServerConfigKeys (ConfUtils.java:logGet(43)) - raft.server.watch.timeout = 10s (default)
2019-09-25 11:57:02,811 [f320213e-69dd-47d7-8b12-80f84f010fc9@group-45F24147A059:LeaderElection16] INFO  server.RaftServerConfigKeys (ConfUtils.java:logGet(43)) - raft.server.watch.timeout.denomination = 1s (default)
2019-09-25 11:57:02,812 [f320213e-69dd-47d7-8b12-80f84f010fc9@group-45F24147A059:LeaderElection16] INFO  server.RaftServerConfigKeys (ConfUtils.java:logGet(43)) - raft.server.watch.element-limit = 65536 (default)
2019-09-25 11:57:02,815 [f320213e-69dd-47d7-8b12-80f84f010fc9@group-45F24147A059:LeaderElection16] INFO  impl.RoleInfo (RoleInfo.java:updateAndGet(143)) - f320213e-69dd-47d7-8b12-80f84f010fc9: start LeaderState
2019-09-25 11:57:02,815 [f320213e-69dd-47d7-8b12-80f84f010fc9@group-45F24147A059:LeaderElection16] INFO  segmented.SegmentedRaftLogWorker (SegmentedRaftLogWorker.java:startLogSegment(380)) - f320213e-69dd-47d7-8b12-80f84f010fc9@group-45F24147A059-SegmentedRaftLogWorker: Starting segment from index:0
2019-09-25 11:57:02,816 [f320213e-69dd-47d7-8b12-80f84f010fc9@group-45F24147A059:LeaderElection16] INFO  impl.RaftServerImpl (ServerState.java:setRaftConf(354)) - f320213e-69dd-47d7-8b12-80f84f010fc9@group-45F24147A059: set configuration 0: [f320213e-69dd-47d7-8b12-80f84f010fc9:192.168.151.73:42702], old=null at 0
2019-09-25 11:57:02,864 [f320213e-69dd-47d7-8b12-80f84f010fc9@group-45F24147A059-SegmentedRaftLogWorker] INFO  segmented.SegmentedRaftLogWorker (SegmentedRaftLogWorker.java:execute(569)) - f320213e-69dd-47d7-8b12-80f84f010fc9@group-45F24147A059-SegmentedRaftLogWorker: created new log segment /workdir/hadoop-ozone/integration-test/target/test-dir/MiniOzoneClusterImpl-79e9daf4-eda6-4046-b710-e1fcaf4daad9/datanode-4/data/ratis/5bb5377f-d433-4cf4-967c-45f24147a059/current/log_inprogress_0
2019-09-25 11:57:02,868 [Thread-294] INFO  impl.FollowerState (FollowerState.java:run(106)) - f59fc06d-a561-4bda-9641-bf15daa2d5cc:group-3972B91324C2 changes to CANDIDATE, lastRpcTime:5065, electionTimeout:5065ms
2019-09-25 11:57:02,869 [Thread-294] INFO  impl.RoleInfo (RoleInfo.java:shutdownFollowerState(121)) - f59fc06d-a561-4bda-9641-bf15daa2d5cc: shutdown FollowerState
2019-09-25 11:57:02,869 [Thread-294] INFO  impl.RaftServerImpl (RaftServerImpl.java:setRole(174)) - f59fc06d-a561-4bda-9641-bf15daa2d5cc@group-3972B91324C2: changes role from  FOLLOWER to CANDIDATE at term 0 for changeToCandidate
2019-09-25 11:57:02,869 [Thread-294] INFO  impl.RoleInfo (RoleInfo.java:updateAndGet(143)) - f59fc06d-a561-4bda-9641-bf15daa2d5cc: start LeaderElection
2019-09-25 11:57:02,878 [f59fc06d-a561-4bda-9641-bf15daa2d5cc@group-3972B91324C2:LeaderElection17] INFO  impl.LeaderElection (LeaderElection.java:askForVotes(182)) - f59fc06d-a561-4bda-9641-bf15daa2d5cc@group-3972B91324C2:LeaderElection17: begin an election at term 1 for -1: [f59fc06d-a561-4bda-9641-bf15daa2d5cc:192.168.151.73:36905], old=null
2019-09-25 11:57:02,878 [f59fc06d-a561-4bda-9641-bf15daa2d5cc@group-3972B91324C2:LeaderElection17] INFO  impl.RoleInfo (RoleInfo.java:shutdownLeaderElection(134)) - f59fc06d-a561-4bda-9641-bf15daa2d5cc: shutdown LeaderElection
2019-09-25 11:57:02,878 [f59fc06d-a561-4bda-9641-bf15daa2d5cc@group-3972B91324C2:LeaderElection17] INFO  impl.RaftServerImpl (RaftServerImpl.java:setRole(174)) - f59fc06d-a561-4bda-9641-bf15daa2d5cc@group-3972B91324C2: changes role from CANDIDATE to LEADER at term 1 for changeToLeader
2019-09-25 11:57:02,878 [f59fc06d-a561-4bda-9641-bf15daa2d5cc@group-3972B91324C2:LeaderElection17] INFO  impl.RaftServerImpl (ServerState.java:setLeader(253)) - f59fc06d-a561-4bda-9641-bf15daa2d5cc@group-3972B91324C2: change Leader from null to f59fc06d-a561-4bda-9641-bf15daa2d5cc at term 1 for becomeLeader, leader elected after 5089ms
2019-09-25 11:57:02,880 [f59fc06d-a561-4bda-9641-bf15daa2d5cc@group-3972B91324C2:LeaderElection17] INFO  server.RaftServerConfigKeys (ConfUtils.java:logGet(43)) - raft.server.staging.catchup.gap = 1000 (default)
2019-09-25 11:57:02,881 [f59fc06d-a561-4bda-9641-bf15daa2d5cc@group-3972B91324C2:LeaderElection17] INFO  server.RaftServerConfigKeys (ConfUtils.java:logGet(43)) - raft.server.rpc.sleep.time = 25ms (default)
2019-09-25 11:57:02,881 [f59fc06d-a561-4bda-9641-bf15daa2d5cc@group-3972B91324C2:LeaderElection17] INFO  server.RaftServerConfigKeys (ConfUtils.java:logGet(43)) - raft.server.write.element-limit = 4096 (default)
2019-09-25 11:57:02,881 [f59fc06d-a561-4bda-9641-bf15daa2d5cc@group-3972B91324C2:LeaderElection17] INFO  server.RaftServerConfigKeys (ConfUtils.java:logGet(43)) - raft.server.watch.timeout = 10s (default)
2019-09-25 11:57:02,881 [f59fc06d-a561-4bda-9641-bf15daa2d5cc@group-3972B91324C2:LeaderElection17] INFO  server.RaftServerConfigKeys (ConfUtils.java:logGet(43)) - raft.server.watch.timeout.denomination = 1s (default)
2019-09-25 11:57:02,881 [f59fc06d-a561-4bda-9641-bf15daa2d5cc@group-3972B91324C2:LeaderElection17] INFO  server.RaftServerConfigKeys (ConfUtils.java:logGet(43)) - raft.server.watch.element-limit = 65536 (default)
2019-09-25 11:57:02,884 [f59fc06d-a561-4bda-9641-bf15daa2d5cc@group-3972B91324C2:LeaderElection17] INFO  impl.RoleInfo (RoleInfo.java:updateAndGet(143)) - f59fc06d-a561-4bda-9641-bf15daa2d5cc: start LeaderState
2019-09-25 11:57:02,884 [f59fc06d-a561-4bda-9641-bf15daa2d5cc@group-3972B91324C2:LeaderElection17] INFO  segmented.SegmentedRaftLogWorker (SegmentedRaftLogWorker.java:startLogSegment(380)) - f59fc06d-a561-4bda-9641-bf15daa2d5cc@group-3972B91324C2-SegmentedRaftLogWorker: Starting segment from index:0
2019-09-25 11:57:02,885 [f59fc06d-a561-4bda-9641-bf15daa2d5cc@group-3972B91324C2:LeaderElection17] INFO  impl.RaftServerImpl (ServerState.java:setRaftConf(354)) - f59fc06d-a561-4bda-9641-bf15daa2d5cc@group-3972B91324C2: set configuration 0: [f59fc06d-a561-4bda-9641-bf15daa2d5cc:192.168.151.73:36905], old=null at 0
2019-09-25 11:57:02,926 [Thread-291] INFO  impl.FollowerState (FollowerState.java:run(106)) - f59fc06d-a561-4bda-9641-bf15daa2d5cc:group-50F9C5143AAA changes to CANDIDATE, lastRpcTime:5198, electionTimeout:5190ms
2019-09-25 11:57:02,926 [Thread-291] INFO  impl.RoleInfo (RoleInfo.java:shutdownFollowerState(121)) - f59fc06d-a561-4bda-9641-bf15daa2d5cc: shutdown FollowerState
2019-09-25 11:57:02,926 [Thread-291] INFO  impl.RaftServerImpl (RaftServerImpl.java:setRole(174)) - f59fc06d-a561-4bda-9641-bf15daa2d5cc@group-50F9C5143AAA: changes role from  FOLLOWER to CANDIDATE at term 0 for changeToCandidate
2019-09-25 11:57:02,927 [Thread-291] INFO  impl.RoleInfo (RoleInfo.java:updateAndGet(143)) - f59fc06d-a561-4bda-9641-bf15daa2d5cc: start LeaderElection
2019-09-25 11:57:02,939 [f59fc06d-a561-4bda-9641-bf15daa2d5cc@group-3972B91324C2-SegmentedRaftLogWorker] INFO  segmented.SegmentedRaftLogWorker (SegmentedRaftLogWorker.java:execute(569)) - f59fc06d-a561-4bda-9641-bf15daa2d5cc@group-3972B91324C2-SegmentedRaftLogWorker: created new log segment /workdir/hadoop-ozone/integration-test/target/test-dir/MiniOzoneClusterImpl-79e9daf4-eda6-4046-b710-e1fcaf4daad9/datanode-2/data/ratis/a5696496-b546-4e95-b6bf-3972b91324c2/current/log_inprogress_0
2019-09-25 11:57:02,939 [f59fc06d-a561-4bda-9641-bf15daa2d5cc@group-50F9C5143AAA:LeaderElection18] INFO  impl.LeaderElection (LeaderElection.java:askForVotes(182)) - f59fc06d-a561-4bda-9641-bf15daa2d5cc@group-50F9C5143AAA:LeaderElection18: begin an election at term 1 for -1: [f59fc06d-a561-4bda-9641-bf15daa2d5cc:192.168.151.73:36905], old=null
2019-09-25 11:57:02,939 [f59fc06d-a561-4bda-9641-bf15daa2d5cc@group-50F9C5143AAA:LeaderElection18] INFO  impl.RoleInfo (RoleInfo.java:shutdownLeaderElection(134)) - f59fc06d-a561-4bda-9641-bf15daa2d5cc: shutdown LeaderElection
2019-09-25 11:57:02,939 [f59fc06d-a561-4bda-9641-bf15daa2d5cc@group-50F9C5143AAA:LeaderElection18] INFO  impl.RaftServerImpl (RaftServerImpl.java:setRole(174)) - f59fc06d-a561-4bda-9641-bf15daa2d5cc@group-50F9C5143AAA: changes role from CANDIDATE to LEADER at term 1 for changeToLeader
2019-09-25 11:57:02,940 [f59fc06d-a561-4bda-9641-bf15daa2d5cc@group-50F9C5143AAA:LeaderElection18] INFO  impl.RaftServerImpl (ServerState.java:setLeader(253)) - f59fc06d-a561-4bda-9641-bf15daa2d5cc@group-50F9C5143AAA: change Leader from null to f59fc06d-a561-4bda-9641-bf15daa2d5cc at term 1 for becomeLeader, leader elected after 5220ms
2019-09-25 11:57:02,940 [f59fc06d-a561-4bda-9641-bf15daa2d5cc@group-50F9C5143AAA:LeaderElection18] INFO  server.RaftServerConfigKeys (ConfUtils.java:logGet(43)) - raft.server.staging.catchup.gap = 1000 (default)
2019-09-25 11:57:02,940 [f59fc06d-a561-4bda-9641-bf15daa2d5cc@group-50F9C5143AAA:LeaderElection18] INFO  server.RaftServerConfigKeys (ConfUtils.java:logGet(43)) - raft.server.rpc.sleep.time = 25ms (default)
2019-09-25 11:57:02,940 [f59fc06d-a561-4bda-9641-bf15daa2d5cc@group-50F9C5143AAA:LeaderElection18] INFO  server.RaftServerConfigKeys (ConfUtils.java:logGet(43)) - raft.server.write.element-limit = 4096 (default)
2019-09-25 11:57:02,940 [f59fc06d-a561-4bda-9641-bf15daa2d5cc@group-50F9C5143AAA:LeaderElection18] INFO  server.RaftServerConfigKeys (ConfUtils.java:logGet(43)) - raft.server.watch.timeout = 10s (default)
2019-09-25 11:57:02,941 [f59fc06d-a561-4bda-9641-bf15daa2d5cc@group-50F9C5143AAA:LeaderElection18] INFO  server.RaftServerConfigKeys (ConfUtils.java:logGet(43)) - raft.server.watch.timeout.denomination = 1s (default)
2019-09-25 11:57:02,941 [f59fc06d-a561-4bda-9641-bf15daa2d5cc@group-50F9C5143AAA:LeaderElection18] INFO  server.RaftServerConfigKeys (ConfUtils.java:logGet(43)) - raft.server.watch.element-limit = 65536 (default)
2019-09-25 11:57:02,944 [f59fc06d-a561-4bda-9641-bf15daa2d5cc@group-50F9C5143AAA:LeaderElection18] INFO  impl.RoleInfo (RoleInfo.java:updateAndGet(143)) - f59fc06d-a561-4bda-9641-bf15daa2d5cc: start LeaderState
2019-09-25 11:57:02,944 [f59fc06d-a561-4bda-9641-bf15daa2d5cc@group-50F9C5143AAA:LeaderElection18] INFO  segmented.SegmentedRaftLogWorker (SegmentedRaftLogWorker.java:startLogSegment(380)) - f59fc06d-a561-4bda-9641-bf15daa2d5cc@group-50F9C5143AAA-SegmentedRaftLogWorker: Starting segment from index:0
2019-09-25 11:57:02,944 [f59fc06d-a561-4bda-9641-bf15daa2d5cc@group-50F9C5143AAA:LeaderElection18] INFO  impl.RaftServerImpl (ServerState.java:setRaftConf(354)) - f59fc06d-a561-4bda-9641-bf15daa2d5cc@group-50F9C5143AAA: set configuration 0: [f59fc06d-a561-4bda-9641-bf15daa2d5cc:192.168.151.73:36905], old=null at 0
2019-09-25 11:57:02,989 [f59fc06d-a561-4bda-9641-bf15daa2d5cc@group-50F9C5143AAA-SegmentedRaftLogWorker] INFO  segmented.SegmentedRaftLogWorker (SegmentedRaftLogWorker.java:execute(569)) - f59fc06d-a561-4bda-9641-bf15daa2d5cc@group-50F9C5143AAA-SegmentedRaftLogWorker: created new log segment /workdir/hadoop-ozone/integration-test/target/test-dir/MiniOzoneClusterImpl-79e9daf4-eda6-4046-b710-e1fcaf4daad9/datanode-2/data/ratis/816b6e16-a76d-4877-affd-50f9c5143aaa/current/log_inprogress_0
2019-09-25 11:57:03,325 [Thread-300] INFO  impl.FollowerState (FollowerState.java:run(106)) - 7361a01f-3bcc-4a30-b80f-3806f83048f3:group-F012BF46D53D changes to CANDIDATE, lastRpcTime:5071, electionTimeout:5062ms
2019-09-25 11:57:03,326 [Thread-300] INFO  impl.RoleInfo (RoleInfo.java:shutdownFollowerState(121)) - 7361a01f-3bcc-4a30-b80f-3806f83048f3: shutdown FollowerState
2019-09-25 11:57:03,326 [Thread-300] INFO  impl.RaftServerImpl (RaftServerImpl.java:setRole(174)) - 7361a01f-3bcc-4a30-b80f-3806f83048f3@group-F012BF46D53D: changes role from  FOLLOWER to CANDIDATE at term 0 for changeToCandidate
2019-09-25 11:57:03,326 [Thread-300] INFO  impl.RoleInfo (RoleInfo.java:updateAndGet(143)) - 7361a01f-3bcc-4a30-b80f-3806f83048f3: start LeaderElection
2019-09-25 11:57:03,338 [7361a01f-3bcc-4a30-b80f-3806f83048f3@group-F012BF46D53D:LeaderElection19] INFO  impl.LeaderElection (LeaderElection.java:askForVotes(182)) - 7361a01f-3bcc-4a30-b80f-3806f83048f3@group-F012BF46D53D:LeaderElection19: begin an election at term 1 for -1: [7361a01f-3bcc-4a30-b80f-3806f83048f3:192.168.151.73:35812], old=null
2019-09-25 11:57:03,338 [7361a01f-3bcc-4a30-b80f-3806f83048f3@group-F012BF46D53D:LeaderElection19] INFO  impl.RoleInfo (RoleInfo.java:shutdownLeaderElection(134)) - 7361a01f-3bcc-4a30-b80f-3806f83048f3: shutdown LeaderElection
2019-09-25 11:57:03,338 [7361a01f-3bcc-4a30-b80f-3806f83048f3@group-F012BF46D53D:LeaderElection19] INFO  impl.RaftServerImpl (RaftServerImpl.java:setRole(174)) - 7361a01f-3bcc-4a30-b80f-3806f83048f3@group-F012BF46D53D: changes role from CANDIDATE to LEADER at term 1 for changeToLeader
2019-09-25 11:57:03,338 [7361a01f-3bcc-4a30-b80f-3806f83048f3@group-F012BF46D53D:LeaderElection19] INFO  impl.RaftServerImpl (ServerState.java:setLeader(253)) - 7361a01f-3bcc-4a30-b80f-3806f83048f3@group-F012BF46D53D: change Leader from null to 7361a01f-3bcc-4a30-b80f-3806f83048f3 at term 1 for becomeLeader, leader elected after 5090ms
2019-09-25 11:57:03,340 [7361a01f-3bcc-4a30-b80f-3806f83048f3@group-F012BF46D53D:LeaderElection19] INFO  server.RaftServerConfigKeys (ConfUtils.java:logGet(43)) - raft.server.staging.catchup.gap = 1000 (default)
2019-09-25 11:57:03,340 [7361a01f-3bcc-4a30-b80f-3806f83048f3@group-F012BF46D53D:LeaderElection19] INFO  server.RaftServerConfigKeys (ConfUtils.java:logGet(43)) - raft.server.rpc.sleep.time = 25ms (default)
2019-09-25 11:57:03,341 [7361a01f-3bcc-4a30-b80f-3806f83048f3@group-F012BF46D53D:LeaderElection19] INFO  server.RaftServerConfigKeys (ConfUtils.java:logGet(43)) - raft.server.write.element-limit = 4096 (default)
2019-09-25 11:57:03,341 [7361a01f-3bcc-4a30-b80f-3806f83048f3@group-F012BF46D53D:LeaderElection19] INFO  server.RaftServerConfigKeys (ConfUtils.java:logGet(43)) - raft.server.watch.timeout = 10s (default)
2019-09-25 11:57:03,341 [7361a01f-3bcc-4a30-b80f-3806f83048f3@group-F012BF46D53D:LeaderElection19] INFO  server.RaftServerConfigKeys (ConfUtils.java:logGet(43)) - raft.server.watch.timeout.denomination = 1s (default)
2019-09-25 11:57:03,341 [7361a01f-3bcc-4a30-b80f-3806f83048f3@group-F012BF46D53D:LeaderElection19] INFO  server.RaftServerConfigKeys (ConfUtils.java:logGet(43)) - raft.server.watch.element-limit = 65536 (default)
2019-09-25 11:57:03,343 [7361a01f-3bcc-4a30-b80f-3806f83048f3@group-F012BF46D53D:LeaderElection19] INFO  impl.RoleInfo (RoleInfo.java:updateAndGet(143)) - 7361a01f-3bcc-4a30-b80f-3806f83048f3: start LeaderState
2019-09-25 11:57:03,344 [7361a01f-3bcc-4a30-b80f-3806f83048f3@group-F012BF46D53D:LeaderElection19] INFO  segmented.SegmentedRaftLogWorker (SegmentedRaftLogWorker.java:startLogSegment(380)) - 7361a01f-3bcc-4a30-b80f-3806f83048f3@group-F012BF46D53D-SegmentedRaftLogWorker: Starting segment from index:0
2019-09-25 11:57:03,344 [7361a01f-3bcc-4a30-b80f-3806f83048f3@group-F012BF46D53D:LeaderElection19] INFO  impl.RaftServerImpl (ServerState.java:setRaftConf(354)) - 7361a01f-3bcc-4a30-b80f-3806f83048f3@group-F012BF46D53D: set configuration 0: [7361a01f-3bcc-4a30-b80f-3806f83048f3:192.168.151.73:35812], old=null at 0
2019-09-25 11:57:03,380 [Thread-297] INFO  impl.FollowerState (FollowerState.java:run(106)) - a49539dc-5450-4b38-9858-49dc7b52b4cc:group-211BDEFBD79E changes to CANDIDATE, lastRpcTime:5224, electionTimeout:5200ms
2019-09-25 11:57:03,381 [Thread-297] INFO  impl.RoleInfo (RoleInfo.java:shutdownFollowerState(121)) - a49539dc-5450-4b38-9858-49dc7b52b4cc: shutdown FollowerState
2019-09-25 11:57:03,381 [Thread-297] INFO  impl.RaftServerImpl (RaftServerImpl.java:setRole(174)) - a49539dc-5450-4b38-9858-49dc7b52b4cc@group-211BDEFBD79E: changes role from  FOLLOWER to CANDIDATE at term 0 for changeToCandidate
2019-09-25 11:57:03,381 [Thread-297] INFO  impl.RoleInfo (RoleInfo.java:updateAndGet(143)) - a49539dc-5450-4b38-9858-49dc7b52b4cc: start LeaderElection
2019-09-25 11:57:03,392 [7361a01f-3bcc-4a30-b80f-3806f83048f3@group-F012BF46D53D-SegmentedRaftLogWorker] INFO  segmented.SegmentedRaftLogWorker (SegmentedRaftLogWorker.java:execute(569)) - 7361a01f-3bcc-4a30-b80f-3806f83048f3@group-F012BF46D53D-SegmentedRaftLogWorker: created new log segment /workdir/hadoop-ozone/integration-test/target/test-dir/MiniOzoneClusterImpl-79e9daf4-eda6-4046-b710-e1fcaf4daad9/datanode-3/data/ratis/99c423cc-df56-4c33-850e-f012bf46d53d/current/log_inprogress_0
2019-09-25 11:57:03,411 [a49539dc-5450-4b38-9858-49dc7b52b4cc@group-211BDEFBD79E:LeaderElection20] INFO  impl.LeaderElection (LeaderElection.java:askForVotes(182)) - a49539dc-5450-4b38-9858-49dc7b52b4cc@group-211BDEFBD79E:LeaderElection20: begin an election at term 1 for -1: [a49539dc-5450-4b38-9858-49dc7b52b4cc:192.168.151.73:39048], old=null
2019-09-25 11:57:03,412 [a49539dc-5450-4b38-9858-49dc7b52b4cc@group-211BDEFBD79E:LeaderElection20] INFO  impl.RoleInfo (RoleInfo.java:shutdownLeaderElection(134)) - a49539dc-5450-4b38-9858-49dc7b52b4cc: shutdown LeaderElection
2019-09-25 11:57:03,412 [a49539dc-5450-4b38-9858-49dc7b52b4cc@group-211BDEFBD79E:LeaderElection20] INFO  impl.RaftServerImpl (RaftServerImpl.java:setRole(174)) - a49539dc-5450-4b38-9858-49dc7b52b4cc@group-211BDEFBD79E: changes role from CANDIDATE to LEADER at term 1 for changeToLeader
2019-09-25 11:57:03,412 [a49539dc-5450-4b38-9858-49dc7b52b4cc@group-211BDEFBD79E:LeaderElection20] INFO  impl.RaftServerImpl (ServerState.java:setLeader(253)) - a49539dc-5450-4b38-9858-49dc7b52b4cc@group-211BDEFBD79E: change Leader from null to a49539dc-5450-4b38-9858-49dc7b52b4cc at term 1 for becomeLeader, leader elected after 5264ms
2019-09-25 11:57:03,412 [a49539dc-5450-4b38-9858-49dc7b52b4cc@group-211BDEFBD79E:LeaderElection20] INFO  server.RaftServerConfigKeys (ConfUtils.java:logGet(43)) - raft.server.staging.catchup.gap = 1000 (default)
2019-09-25 11:57:03,412 [a49539dc-5450-4b38-9858-49dc7b52b4cc@group-211BDEFBD79E:LeaderElection20] INFO  server.RaftServerConfigKeys (ConfUtils.java:logGet(43)) - raft.server.rpc.sleep.time = 25ms (default)
2019-09-25 11:57:03,413 [a49539dc-5450-4b38-9858-49dc7b52b4cc@group-211BDEFBD79E:LeaderElection20] INFO  server.RaftServerConfigKeys (ConfUtils.java:logGet(43)) - raft.server.write.element-limit = 4096 (default)
2019-09-25 11:57:03,413 [a49539dc-5450-4b38-9858-49dc7b52b4cc@group-211BDEFBD79E:LeaderElection20] INFO  server.RaftServerConfigKeys (ConfUtils.java:logGet(43)) - raft.server.watch.timeout = 10s (default)
2019-09-25 11:57:03,413 [a49539dc-5450-4b38-9858-49dc7b52b4cc@group-211BDEFBD79E:LeaderElection20] INFO  server.RaftServerConfigKeys (ConfUtils.java:logGet(43)) - raft.server.watch.timeout.denomination = 1s (default)
2019-09-25 11:57:03,413 [a49539dc-5450-4b38-9858-49dc7b52b4cc@group-211BDEFBD79E:LeaderElection20] INFO  server.RaftServerConfigKeys (ConfUtils.java:logGet(43)) - raft.server.watch.element-limit = 65536 (default)
2019-09-25 11:57:03,417 [a49539dc-5450-4b38-9858-49dc7b52b4cc@group-211BDEFBD79E:LeaderElection20] INFO  impl.RoleInfo (RoleInfo.java:updateAndGet(143)) - a49539dc-5450-4b38-9858-49dc7b52b4cc: start LeaderState
2019-09-25 11:57:03,417 [a49539dc-5450-4b38-9858-49dc7b52b4cc@group-211BDEFBD79E:LeaderElection20] INFO  segmented.SegmentedRaftLogWorker (SegmentedRaftLogWorker.java:startLogSegment(380)) - a49539dc-5450-4b38-9858-49dc7b52b4cc@group-211BDEFBD79E-SegmentedRaftLogWorker: Starting segment from index:0
2019-09-25 11:57:03,418 [a49539dc-5450-4b38-9858-49dc7b52b4cc@group-211BDEFBD79E:LeaderElection20] INFO  impl.RaftServerImpl (ServerState.java:setRaftConf(354)) - a49539dc-5450-4b38-9858-49dc7b52b4cc@group-211BDEFBD79E: set configuration 0: [a49539dc-5450-4b38-9858-49dc7b52b4cc:192.168.151.73:39048], old=null at 0
2019-09-25 11:57:03,458 [a49539dc-5450-4b38-9858-49dc7b52b4cc@group-211BDEFBD79E-SegmentedRaftLogWorker] INFO  segmented.SegmentedRaftLogWorker (SegmentedRaftLogWorker.java:execute(569)) - a49539dc-5450-4b38-9858-49dc7b52b4cc@group-211BDEFBD79E-SegmentedRaftLogWorker: created new log segment /workdir/hadoop-ozone/integration-test/target/test-dir/MiniOzoneClusterImpl-79e9daf4-eda6-4046-b710-e1fcaf4daad9/datanode-1/data/ratis/929044d1-93f0-4d87-a091-211bdefbd79e/current/log_inprogress_0
2019-09-25 11:57:03,470 [Thread-303] INFO  impl.FollowerState (FollowerState.java:run(106)) - a49539dc-5450-4b38-9858-49dc7b52b4cc:group-750505F72EDC changes to CANDIDATE, lastRpcTime:5112, electionTimeout:5112ms
2019-09-25 11:57:03,471 [Thread-303] INFO  impl.RoleInfo (RoleInfo.java:shutdownFollowerState(121)) - a49539dc-5450-4b38-9858-49dc7b52b4cc: shutdown FollowerState
2019-09-25 11:57:03,471 [Thread-303] INFO  impl.RaftServerImpl (RaftServerImpl.java:setRole(174)) - a49539dc-5450-4b38-9858-49dc7b52b4cc@group-750505F72EDC: changes role from  FOLLOWER to CANDIDATE at term 0 for changeToCandidate
2019-09-25 11:57:03,471 [Thread-303] INFO  impl.RoleInfo (RoleInfo.java:updateAndGet(143)) - a49539dc-5450-4b38-9858-49dc7b52b4cc: start LeaderElection
2019-09-25 11:57:03,488 [a49539dc-5450-4b38-9858-49dc7b52b4cc@group-750505F72EDC:LeaderElection21] INFO  impl.LeaderElection (LeaderElection.java:askForVotes(182)) - a49539dc-5450-4b38-9858-49dc7b52b4cc@group-750505F72EDC:LeaderElection21: begin an election at term 1 for -1: [a49539dc-5450-4b38-9858-49dc7b52b4cc:192.168.151.73:39048], old=null
2019-09-25 11:57:03,488 [a49539dc-5450-4b38-9858-49dc7b52b4cc@group-750505F72EDC:LeaderElection21] INFO  impl.RoleInfo (RoleInfo.java:shutdownLeaderElection(134)) - a49539dc-5450-4b38-9858-49dc7b52b4cc: shutdown LeaderElection
2019-09-25 11:57:03,489 [a49539dc-5450-4b38-9858-49dc7b52b4cc@group-750505F72EDC:LeaderElection21] INFO  impl.RaftServerImpl (RaftServerImpl.java:setRole(174)) - a49539dc-5450-4b38-9858-49dc7b52b4cc@group-750505F72EDC: changes role from CANDIDATE to LEADER at term 1 for changeToLeader
2019-09-25 11:57:03,489 [a49539dc-5450-4b38-9858-49dc7b52b4cc@group-750505F72EDC:LeaderElection21] INFO  impl.RaftServerImpl (ServerState.java:setLeader(253)) - a49539dc-5450-4b38-9858-49dc7b52b4cc@group-750505F72EDC: change Leader from null to a49539dc-5450-4b38-9858-49dc7b52b4cc at term 1 for becomeLeader, leader elected after 5138ms
2019-09-25 11:57:03,489 [a49539dc-5450-4b38-9858-49dc7b52b4cc@group-750505F72EDC:LeaderElection21] INFO  server.RaftServerConfigKeys (ConfUtils.java:logGet(43)) - raft.server.staging.catchup.gap = 1000 (default)
2019-09-25 11:57:03,489 [a49539dc-5450-4b38-9858-49dc7b52b4cc@group-750505F72EDC:LeaderElection21] INFO  server.RaftServerConfigKeys (ConfUtils.java:logGet(43)) - raft.server.rpc.sleep.time = 25ms (default)
2019-09-25 11:57:03,489 [a49539dc-5450-4b38-9858-49dc7b52b4cc@group-750505F72EDC:LeaderElection21] INFO  server.RaftServerConfigKeys (ConfUtils.java:logGet(43)) - raft.server.write.element-limit = 4096 (default)
2019-09-25 11:57:03,489 [a49539dc-5450-4b38-9858-49dc7b52b4cc@group-750505F72EDC:LeaderElection21] INFO  server.RaftServerConfigKeys (ConfUtils.java:logGet(43)) - raft.server.watch.timeout = 10s (default)
2019-09-25 11:57:03,490 [a49539dc-5450-4b38-9858-49dc7b52b4cc@group-750505F72EDC:LeaderElection21] INFO  server.RaftServerConfigKeys (ConfUtils.java:logGet(43)) - raft.server.watch.timeout.denomination = 1s (default)
2019-09-25 11:57:03,490 [a49539dc-5450-4b38-9858-49dc7b52b4cc@group-750505F72EDC:LeaderElection21] INFO  server.RaftServerConfigKeys (ConfUtils.java:logGet(43)) - raft.server.watch.element-limit = 65536 (default)
2019-09-25 11:57:03,492 [a49539dc-5450-4b38-9858-49dc7b52b4cc@group-750505F72EDC:LeaderElection21] INFO  impl.RoleInfo (RoleInfo.java:updateAndGet(143)) - a49539dc-5450-4b38-9858-49dc7b52b4cc: start LeaderState
2019-09-25 11:57:03,493 [a49539dc-5450-4b38-9858-49dc7b52b4cc@group-750505F72EDC:LeaderElection21] INFO  segmented.SegmentedRaftLogWorker (SegmentedRaftLogWorker.java:startLogSegment(380)) - a49539dc-5450-4b38-9858-49dc7b52b4cc@group-750505F72EDC-SegmentedRaftLogWorker: Starting segment from index:0
2019-09-25 11:57:03,493 [a49539dc-5450-4b38-9858-49dc7b52b4cc@group-750505F72EDC:LeaderElection21] INFO  impl.RaftServerImpl (ServerState.java:setRaftConf(354)) - a49539dc-5450-4b38-9858-49dc7b52b4cc@group-750505F72EDC: set configuration 0: [a49539dc-5450-4b38-9858-49dc7b52b4cc:192.168.151.73:39048], old=null at 0
2019-09-25 11:57:03,530 [Thread-306] INFO  impl.FollowerState (FollowerState.java:run(106)) - c4c6e274-a2e5-461e-9f46-318649b031aa:group-65F872281D4C changes to CANDIDATE, lastRpcTime:5085, electionTimeout:5068ms
2019-09-25 11:57:03,530 [Thread-306] INFO  impl.RoleInfo (RoleInfo.java:shutdownFollowerState(121)) - c4c6e274-a2e5-461e-9f46-318649b031aa: shutdown FollowerState
2019-09-25 11:57:03,530 [Thread-306] INFO  impl.RaftServerImpl (RaftServerImpl.java:setRole(174)) - c4c6e274-a2e5-461e-9f46-318649b031aa@group-65F872281D4C: changes role from  FOLLOWER to CANDIDATE at term 0 for changeToCandidate
2019-09-25 11:57:03,530 [Thread-306] INFO  impl.RoleInfo (RoleInfo.java:updateAndGet(143)) - c4c6e274-a2e5-461e-9f46-318649b031aa: start LeaderElection
2019-09-25 11:57:03,543 [a49539dc-5450-4b38-9858-49dc7b52b4cc@group-750505F72EDC-SegmentedRaftLogWorker] INFO  segmented.SegmentedRaftLogWorker (SegmentedRaftLogWorker.java:execute(569)) - a49539dc-5450-4b38-9858-49dc7b52b4cc@group-750505F72EDC-SegmentedRaftLogWorker: created new log segment /workdir/hadoop-ozone/integration-test/target/test-dir/MiniOzoneClusterImpl-79e9daf4-eda6-4046-b710-e1fcaf4daad9/datanode-1/data/ratis/f132a7d0-2641-49e9-8e83-750505f72edc/current/log_inprogress_0
2019-09-25 11:57:03,543 [c4c6e274-a2e5-461e-9f46-318649b031aa@group-65F872281D4C:LeaderElection22] INFO  impl.LeaderElection (LeaderElection.java:askForVotes(182)) - c4c6e274-a2e5-461e-9f46-318649b031aa@group-65F872281D4C:LeaderElection22: begin an election at term 1 for -1: [c4c6e274-a2e5-461e-9f46-318649b031aa:192.168.151.73:46301], old=null
2019-09-25 11:57:03,544 [c4c6e274-a2e5-461e-9f46-318649b031aa@group-65F872281D4C:LeaderElection22] INFO  impl.RoleInfo (RoleInfo.java:shutdownLeaderElection(134)) - c4c6e274-a2e5-461e-9f46-318649b031aa: shutdown LeaderElection
2019-09-25 11:57:03,544 [c4c6e274-a2e5-461e-9f46-318649b031aa@group-65F872281D4C:LeaderElection22] INFO  impl.RaftServerImpl (RaftServerImpl.java:setRole(174)) - c4c6e274-a2e5-461e-9f46-318649b031aa@group-65F872281D4C: changes role from CANDIDATE to LEADER at term 1 for changeToLeader
2019-09-25 11:57:03,544 [c4c6e274-a2e5-461e-9f46-318649b031aa@group-65F872281D4C:LeaderElection22] INFO  impl.RaftServerImpl (ServerState.java:setLeader(253)) - c4c6e274-a2e5-461e-9f46-318649b031aa@group-65F872281D4C: change Leader from null to c4c6e274-a2e5-461e-9f46-318649b031aa at term 1 for becomeLeader, leader elected after 5107ms
2019-09-25 11:57:03,547 [c4c6e274-a2e5-461e-9f46-318649b031aa@group-65F872281D4C:LeaderElection22] INFO  server.RaftServerConfigKeys (ConfUtils.java:logGet(43)) - raft.server.staging.catchup.gap = 1000 (default)
2019-09-25 11:57:03,547 [c4c6e274-a2e5-461e-9f46-318649b031aa@group-65F872281D4C:LeaderElection22] INFO  server.RaftServerConfigKeys (ConfUtils.java:logGet(43)) - raft.server.rpc.sleep.time = 25ms (default)
2019-09-25 11:57:03,547 [c4c6e274-a2e5-461e-9f46-318649b031aa@group-65F872281D4C:LeaderElection22] INFO  server.RaftServerConfigKeys (ConfUtils.java:logGet(43)) - raft.server.write.element-limit = 4096 (default)
2019-09-25 11:57:03,547 [c4c6e274-a2e5-461e-9f46-318649b031aa@group-65F872281D4C:LeaderElection22] INFO  server.RaftServerConfigKeys (ConfUtils.java:logGet(43)) - raft.server.watch.timeout = 10s (default)
2019-09-25 11:57:03,547 [c4c6e274-a2e5-461e-9f46-318649b031aa@group-65F872281D4C:LeaderElection22] INFO  server.RaftServerConfigKeys (ConfUtils.java:logGet(43)) - raft.server.watch.timeout.denomination = 1s (default)
2019-09-25 11:57:03,547 [c4c6e274-a2e5-461e-9f46-318649b031aa@group-65F872281D4C:LeaderElection22] INFO  server.RaftServerConfigKeys (ConfUtils.java:logGet(43)) - raft.server.watch.element-limit = 65536 (default)
2019-09-25 11:57:03,549 [c4c6e274-a2e5-461e-9f46-318649b031aa@group-65F872281D4C:LeaderElection22] INFO  impl.RoleInfo (RoleInfo.java:updateAndGet(143)) - c4c6e274-a2e5-461e-9f46-318649b031aa: start LeaderState
2019-09-25 11:57:03,550 [c4c6e274-a2e5-461e-9f46-318649b031aa@group-65F872281D4C:LeaderElection22] INFO  segmented.SegmentedRaftLogWorker (SegmentedRaftLogWorker.java:startLogSegment(380)) - c4c6e274-a2e5-461e-9f46-318649b031aa@group-65F872281D4C-SegmentedRaftLogWorker: Starting segment from index:0
2019-09-25 11:57:03,550 [c4c6e274-a2e5-461e-9f46-318649b031aa@group-65F872281D4C:LeaderElection22] INFO  impl.RaftServerImpl (ServerState.java:setRaftConf(354)) - c4c6e274-a2e5-461e-9f46-318649b031aa@group-65F872281D4C: set configuration 0: [c4c6e274-a2e5-461e-9f46-318649b031aa:192.168.151.73:46301], old=null at 0
2019-09-25 11:57:03,589 [c4c6e274-a2e5-461e-9f46-318649b031aa@group-65F872281D4C-SegmentedRaftLogWorker] INFO  segmented.SegmentedRaftLogWorker (SegmentedRaftLogWorker.java:execute(569)) - c4c6e274-a2e5-461e-9f46-318649b031aa@group-65F872281D4C-SegmentedRaftLogWorker: created new log segment /workdir/hadoop-ozone/integration-test/target/test-dir/MiniOzoneClusterImpl-79e9daf4-eda6-4046-b710-e1fcaf4daad9/datanode-5/data/ratis/5b9a55c4-2a85-4d40-978e-65f872281d4c/current/log_inprogress_0
2019-09-25 11:57:03,628 [Thread-309] INFO  impl.FollowerState (FollowerState.java:run(106)) - f320213e-69dd-47d7-8b12-80f84f010fc9:group-7180C82FD287 changes to CANDIDATE, lastRpcTime:5122, electionTimeout:5122ms
2019-09-25 11:57:03,628 [Thread-309] INFO  impl.RoleInfo (RoleInfo.java:shutdownFollowerState(121)) - f320213e-69dd-47d7-8b12-80f84f010fc9: shutdown FollowerState
2019-09-25 11:57:03,628 [Thread-309] INFO  impl.RaftServerImpl (RaftServerImpl.java:setRole(174)) - f320213e-69dd-47d7-8b12-80f84f010fc9@group-7180C82FD287: changes role from  FOLLOWER to CANDIDATE at term 0 for changeToCandidate
2019-09-25 11:57:03,629 [Thread-309] INFO  impl.RoleInfo (RoleInfo.java:updateAndGet(143)) - f320213e-69dd-47d7-8b12-80f84f010fc9: start LeaderElection
2019-09-25 11:57:03,634 [Thread-312] INFO  impl.FollowerState (FollowerState.java:run(106)) - c4c6e274-a2e5-461e-9f46-318649b031aa:group-AF3C14954E17 changes to CANDIDATE, lastRpcTime:5091, electionTimeout:5091ms
2019-09-25 11:57:03,634 [Thread-312] INFO  impl.RoleInfo (RoleInfo.java:shutdownFollowerState(121)) - c4c6e274-a2e5-461e-9f46-318649b031aa: shutdown FollowerState
2019-09-25 11:57:03,634 [Thread-312] INFO  impl.RaftServerImpl (RaftServerImpl.java:setRole(174)) - c4c6e274-a2e5-461e-9f46-318649b031aa@group-AF3C14954E17: changes role from  FOLLOWER to CANDIDATE at term 0 for changeToCandidate
2019-09-25 11:57:03,634 [Thread-312] INFO  impl.RoleInfo (RoleInfo.java:updateAndGet(143)) - c4c6e274-a2e5-461e-9f46-318649b031aa: start LeaderElection
2019-09-25 11:57:03,638 [Thread-319] INFO  impl.FollowerState (FollowerState.java:run(106)) - c4c6e274-a2e5-461e-9f46-318649b031aa:group-2279502B0BD8 changes to CANDIDATE, lastRpcTime:5005, electionTimeout:5005ms
2019-09-25 11:57:03,638 [Thread-319] INFO  impl.RoleInfo (RoleInfo.java:shutdownFollowerState(121)) - c4c6e274-a2e5-461e-9f46-318649b031aa: shutdown FollowerState
2019-09-25 11:57:03,638 [Thread-319] INFO  impl.RaftServerImpl (RaftServerImpl.java:setRole(174)) - c4c6e274-a2e5-461e-9f46-318649b031aa@group-2279502B0BD8: changes role from  FOLLOWER to CANDIDATE at term 0 for changeToCandidate
2019-09-25 11:57:03,639 [Thread-319] INFO  impl.RoleInfo (RoleInfo.java:updateAndGet(143)) - c4c6e274-a2e5-461e-9f46-318649b031aa: start LeaderElection
2019-09-25 11:57:03,647 [c4c6e274-a2e5-461e-9f46-318649b031aa@group-2279502B0BD8:LeaderElection25] INFO  impl.LeaderElection (LeaderElection.java:askForVotes(182)) - c4c6e274-a2e5-461e-9f46-318649b031aa@group-2279502B0BD8:LeaderElection25: begin an election at term 1 for -1: [c4c6e274-a2e5-461e-9f46-318649b031aa:192.168.151.73:46301], old=null
2019-09-25 11:57:03,647 [c4c6e274-a2e5-461e-9f46-318649b031aa@group-AF3C14954E17:LeaderElection24] INFO  impl.LeaderElection (LeaderElection.java:askForVotes(182)) - c4c6e274-a2e5-461e-9f46-318649b031aa@group-AF3C14954E17:LeaderElection24: begin an election at term 1 for -1: [c4c6e274-a2e5-461e-9f46-318649b031aa:192.168.151.73:46301], old=null
2019-09-25 11:57:03,647 [c4c6e274-a2e5-461e-9f46-318649b031aa@group-2279502B0BD8:LeaderElection25] INFO  impl.RoleInfo (RoleInfo.java:shutdownLeaderElection(134)) - c4c6e274-a2e5-461e-9f46-318649b031aa: shutdown LeaderElection
2019-09-25 11:57:03,647 [f320213e-69dd-47d7-8b12-80f84f010fc9@group-7180C82FD287:LeaderElection23] INFO  impl.LeaderElection (LeaderElection.java:askForVotes(182)) - f320213e-69dd-47d7-8b12-80f84f010fc9@group-7180C82FD287:LeaderElection23: begin an election at term 1 for -1: [f320213e-69dd-47d7-8b12-80f84f010fc9:192.168.151.73:42702], old=null
2019-09-25 11:57:03,647 [c4c6e274-a2e5-461e-9f46-318649b031aa@group-2279502B0BD8:LeaderElection25] INFO  impl.RaftServerImpl (RaftServerImpl.java:setRole(174)) - c4c6e274-a2e5-461e-9f46-318649b031aa@group-2279502B0BD8: changes role from CANDIDATE to LEADER at term 1 for changeToLeader
2019-09-25 11:57:03,647 [c4c6e274-a2e5-461e-9f46-318649b031aa@group-AF3C14954E17:LeaderElection24] INFO  impl.RoleInfo (RoleInfo.java:shutdownLeaderElection(134)) - c4c6e274-a2e5-461e-9f46-318649b031aa: shutdown LeaderElection
2019-09-25 11:57:03,647 [c4c6e274-a2e5-461e-9f46-318649b031aa@group-2279502B0BD8:LeaderElection25] INFO  impl.RaftServerImpl (ServerState.java:setLeader(253)) - c4c6e274-a2e5-461e-9f46-318649b031aa@group-2279502B0BD8: change Leader from null to c4c6e274-a2e5-461e-9f46-318649b031aa at term 1 for becomeLeader, leader elected after 5019ms
2019-09-25 11:57:03,647 [f320213e-69dd-47d7-8b12-80f84f010fc9@group-7180C82FD287:LeaderElection23] INFO  impl.RoleInfo (RoleInfo.java:shutdownLeaderElection(134)) - f320213e-69dd-47d7-8b12-80f84f010fc9: shutdown LeaderElection
2019-09-25 11:57:03,648 [c4c6e274-a2e5-461e-9f46-318649b031aa@group-2279502B0BD8:LeaderElection25] INFO  server.RaftServerConfigKeys (ConfUtils.java:logGet(43)) - raft.server.staging.catchup.gap = 1000 (default)
2019-09-25 11:57:03,648 [c4c6e274-a2e5-461e-9f46-318649b031aa@group-AF3C14954E17:LeaderElection24] INFO  impl.RaftServerImpl (RaftServerImpl.java:setRole(174)) - c4c6e274-a2e5-461e-9f46-318649b031aa@group-AF3C14954E17: changes role from CANDIDATE to LEADER at term 1 for changeToLeader
2019-09-25 11:57:03,648 [c4c6e274-a2e5-461e-9f46-318649b031aa@group-2279502B0BD8:LeaderElection25] INFO  server.RaftServerConfigKeys (ConfUtils.java:logGet(43)) - raft.server.rpc.sleep.time = 25ms (default)
2019-09-25 11:57:03,648 [f320213e-69dd-47d7-8b12-80f84f010fc9@group-7180C82FD287:LeaderElection23] INFO  impl.RaftServerImpl (RaftServerImpl.java:setRole(174)) - f320213e-69dd-47d7-8b12-80f84f010fc9@group-7180C82FD287: changes role from CANDIDATE to LEADER at term 1 for changeToLeader
2019-09-25 11:57:03,648 [c4c6e274-a2e5-461e-9f46-318649b031aa@group-2279502B0BD8:LeaderElection25] INFO  server.RaftServerConfigKeys (ConfUtils.java:logGet(43)) - raft.server.write.element-limit = 4096 (default)
2019-09-25 11:57:03,648 [c4c6e274-a2e5-461e-9f46-318649b031aa@group-AF3C14954E17:LeaderElection24] INFO  impl.RaftServerImpl (ServerState.java:setLeader(253)) - c4c6e274-a2e5-461e-9f46-318649b031aa@group-AF3C14954E17: change Leader from null to c4c6e274-a2e5-461e-9f46-318649b031aa at term 1 for becomeLeader, leader elected after 5113ms
2019-09-25 11:57:03,649 [c4c6e274-a2e5-461e-9f46-318649b031aa@group-2279502B0BD8:LeaderElection25] INFO  server.RaftServerConfigKeys (ConfUtils.java:logGet(43)) - raft.server.watch.timeout = 10s (default)
2019-09-25 11:57:03,649 [f320213e-69dd-47d7-8b12-80f84f010fc9@group-7180C82FD287:LeaderElection23] INFO  impl.RaftServerImpl (ServerState.java:setLeader(253)) - f320213e-69dd-47d7-8b12-80f84f010fc9@group-7180C82FD287: change Leader from null to f320213e-69dd-47d7-8b12-80f84f010fc9 at term 1 for becomeLeader, leader elected after 5153ms
2019-09-25 11:57:03,649 [c4c6e274-a2e5-461e-9f46-318649b031aa@group-2279502B0BD8:LeaderElection25] INFO  server.RaftServerConfigKeys (ConfUtils.java:logGet(43)) - raft.server.watch.timeout.denomination = 1s (default)
2019-09-25 11:57:03,649 [c4c6e274-a2e5-461e-9f46-318649b031aa@group-AF3C14954E17:LeaderElection24] INFO  server.RaftServerConfigKeys (ConfUtils.java:logGet(43)) - raft.server.staging.catchup.gap = 1000 (default)
2019-09-25 11:57:03,649 [c4c6e274-a2e5-461e-9f46-318649b031aa@group-2279502B0BD8:LeaderElection25] INFO  server.RaftServerConfigKeys (ConfUtils.java:logGet(43)) - raft.server.watch.element-limit = 65536 (default)
2019-09-25 11:57:03,649 [f320213e-69dd-47d7-8b12-80f84f010fc9@group-7180C82FD287:LeaderElection23] INFO  server.RaftServerConfigKeys (ConfUtils.java:logGet(43)) - raft.server.staging.catchup.gap = 1000 (default)
2019-09-25 11:57:03,650 [c4c6e274-a2e5-461e-9f46-318649b031aa@group-AF3C14954E17:LeaderElection24] INFO  server.RaftServerConfigKeys (ConfUtils.java:logGet(43)) - raft.server.rpc.sleep.time = 25ms (default)
2019-09-25 11:57:03,650 [f320213e-69dd-47d7-8b12-80f84f010fc9@group-7180C82FD287:LeaderElection23] INFO  server.RaftServerConfigKeys (ConfUtils.java:logGet(43)) - raft.server.rpc.sleep.time = 25ms (default)
2019-09-25 11:57:03,650 [c4c6e274-a2e5-461e-9f46-318649b031aa@group-AF3C14954E17:LeaderElection24] INFO  server.RaftServerConfigKeys (ConfUtils.java:logGet(43)) - raft.server.write.element-limit = 4096 (default)
2019-09-25 11:57:03,650 [f320213e-69dd-47d7-8b12-80f84f010fc9@group-7180C82FD287:LeaderElection23] INFO  server.RaftServerConfigKeys (ConfUtils.java:logGet(43)) - raft.server.write.element-limit = 4096 (default)
2019-09-25 11:57:03,650 [c4c6e274-a2e5-461e-9f46-318649b031aa@group-AF3C14954E17:LeaderElection24] INFO  server.RaftServerConfigKeys (ConfUtils.java:logGet(43)) - raft.server.watch.timeout = 10s (default)
2019-09-25 11:57:03,651 [f320213e-69dd-47d7-8b12-80f84f010fc9@group-7180C82FD287:LeaderElection23] INFO  server.RaftServerConfigKeys (ConfUtils.java:logGet(43)) - raft.server.watch.timeout = 10s (default)
2019-09-25 11:57:03,651 [c4c6e274-a2e5-461e-9f46-318649b031aa@group-AF3C14954E17:LeaderElection24] INFO  server.RaftServerConfigKeys (ConfUtils.java:logGet(43)) - raft.server.watch.timeout.denomination = 1s (default)
2019-09-25 11:57:03,651 [f320213e-69dd-47d7-8b12-80f84f010fc9@group-7180C82FD287:LeaderElection23] INFO  server.RaftServerConfigKeys (ConfUtils.java:logGet(43)) - raft.server.watch.timeout.denomination = 1s (default)
2019-09-25 11:57:03,651 [c4c6e274-a2e5-461e-9f46-318649b031aa@group-AF3C14954E17:LeaderElection24] INFO  server.RaftServerConfigKeys (ConfUtils.java:logGet(43)) - raft.server.watch.element-limit = 65536 (default)
2019-09-25 11:57:03,651 [f320213e-69dd-47d7-8b12-80f84f010fc9@group-7180C82FD287:LeaderElection23] INFO  server.RaftServerConfigKeys (ConfUtils.java:logGet(43)) - raft.server.watch.element-limit = 65536 (default)
2019-09-25 11:57:03,654 [c4c6e274-a2e5-461e-9f46-318649b031aa@group-2279502B0BD8:LeaderElection25] INFO  impl.RoleInfo (RoleInfo.java:updateAndGet(143)) - c4c6e274-a2e5-461e-9f46-318649b031aa: start LeaderState
2019-09-25 11:57:03,654 [c4c6e274-a2e5-461e-9f46-318649b031aa@group-2279502B0BD8:LeaderElection25] INFO  segmented.SegmentedRaftLogWorker (SegmentedRaftLogWorker.java:startLogSegment(380)) - c4c6e274-a2e5-461e-9f46-318649b031aa@group-2279502B0BD8-SegmentedRaftLogWorker: Starting segment from index:0
2019-09-25 11:57:03,655 [c4c6e274-a2e5-461e-9f46-318649b031aa@group-2279502B0BD8:LeaderElection25] INFO  impl.RaftServerImpl (ServerState.java:setRaftConf(354)) - c4c6e274-a2e5-461e-9f46-318649b031aa@group-2279502B0BD8: set configuration 0: [c4c6e274-a2e5-461e-9f46-318649b031aa:192.168.151.73:46301], old=null at 0
2019-09-25 11:57:03,691 [c4c6e274-a2e5-461e-9f46-318649b031aa@group-AF3C14954E17:LeaderElection24] INFO  impl.RoleInfo (RoleInfo.java:updateAndGet(143)) - c4c6e274-a2e5-461e-9f46-318649b031aa: start LeaderState
2019-09-25 11:57:03,691 [f320213e-69dd-47d7-8b12-80f84f010fc9@group-7180C82FD287:LeaderElection23] INFO  impl.RoleInfo (RoleInfo.java:updateAndGet(143)) - f320213e-69dd-47d7-8b12-80f84f010fc9: start LeaderState
2019-09-25 11:57:03,691 [c4c6e274-a2e5-461e-9f46-318649b031aa@group-AF3C14954E17:LeaderElection24] INFO  segmented.SegmentedRaftLogWorker (SegmentedRaftLogWorker.java:startLogSegment(380)) - c4c6e274-a2e5-461e-9f46-318649b031aa@group-AF3C14954E17-SegmentedRaftLogWorker: Starting segment from index:0
2019-09-25 11:57:03,691 [f320213e-69dd-47d7-8b12-80f84f010fc9@group-7180C82FD287:LeaderElection23] INFO  segmented.SegmentedRaftLogWorker (SegmentedRaftLogWorker.java:startLogSegment(380)) - f320213e-69dd-47d7-8b12-80f84f010fc9@group-7180C82FD287-SegmentedRaftLogWorker: Starting segment from index:0
2019-09-25 11:57:03,692 [c4c6e274-a2e5-461e-9f46-318649b031aa@group-AF3C14954E17:LeaderElection24] INFO  impl.RaftServerImpl (ServerState.java:setRaftConf(354)) - c4c6e274-a2e5-461e-9f46-318649b031aa@group-AF3C14954E17: set configuration 0: [c4c6e274-a2e5-461e-9f46-318649b031aa:192.168.151.73:46301], old=null at 0
2019-09-25 11:57:03,692 [f320213e-69dd-47d7-8b12-80f84f010fc9@group-7180C82FD287:LeaderElection23] INFO  impl.RaftServerImpl (ServerState.java:setRaftConf(354)) - f320213e-69dd-47d7-8b12-80f84f010fc9@group-7180C82FD287: set configuration 0: [f320213e-69dd-47d7-8b12-80f84f010fc9:192.168.151.73:42702], old=null at 0
2019-09-25 11:57:03,724 [c4c6e274-a2e5-461e-9f46-318649b031aa@group-2279502B0BD8-SegmentedRaftLogWorker] INFO  segmented.SegmentedRaftLogWorker (SegmentedRaftLogWorker.java:execute(569)) - c4c6e274-a2e5-461e-9f46-318649b031aa@group-2279502B0BD8-SegmentedRaftLogWorker: created new log segment /workdir/hadoop-ozone/integration-test/target/test-dir/MiniOzoneClusterImpl-79e9daf4-eda6-4046-b710-e1fcaf4daad9/datanode-5/data/ratis/6f11e6d1-106d-49c2-a817-2279502b0bd8/current/log_inprogress_0
2019-09-25 11:57:03,724 [Thread-316] INFO  impl.FollowerState (FollowerState.java:run(106)) - f59fc06d-a561-4bda-9641-bf15daa2d5cc:group-D067B8CD0638 changes to CANDIDATE, lastRpcTime:5129, electionTimeout:5107ms
2019-09-25 11:57:03,726 [c4c6e274-a2e5-461e-9f46-318649b031aa@group-AF3C14954E17-SegmentedRaftLogWorker] INFO  segmented.SegmentedRaftLogWorker (SegmentedRaftLogWorker.java:execute(569)) - c4c6e274-a2e5-461e-9f46-318649b031aa@group-AF3C14954E17-SegmentedRaftLogWorker: created new log segment /workdir/hadoop-ozone/integration-test/target/test-dir/MiniOzoneClusterImpl-79e9daf4-eda6-4046-b710-e1fcaf4daad9/datanode-5/data/ratis/53eb4a69-27c4-4d8a-ba16-af3c14954e17/current/log_inprogress_0
2019-09-25 11:57:03,727 [Thread-316] INFO  impl.RoleInfo (RoleInfo.java:shutdownFollowerState(121)) - f59fc06d-a561-4bda-9641-bf15daa2d5cc: shutdown FollowerState
2019-09-25 11:57:03,727 [Thread-316] INFO  impl.RaftServerImpl (RaftServerImpl.java:setRole(174)) - f59fc06d-a561-4bda-9641-bf15daa2d5cc@group-D067B8CD0638: changes role from  FOLLOWER to CANDIDATE at term 0 for changeToCandidate
2019-09-25 11:57:03,727 [Thread-316] INFO  impl.RoleInfo (RoleInfo.java:updateAndGet(143)) - f59fc06d-a561-4bda-9641-bf15daa2d5cc: start LeaderElection
2019-09-25 11:57:03,771 [f320213e-69dd-47d7-8b12-80f84f010fc9@group-7180C82FD287-SegmentedRaftLogWorker] INFO  segmented.SegmentedRaftLogWorker (SegmentedRaftLogWorker.java:execute(569)) - f320213e-69dd-47d7-8b12-80f84f010fc9@group-7180C82FD287-SegmentedRaftLogWorker: created new log segment /workdir/hadoop-ozone/integration-test/target/test-dir/MiniOzoneClusterImpl-79e9daf4-eda6-4046-b710-e1fcaf4daad9/datanode-4/data/ratis/b1a1968f-1dc1-46a3-a9b2-7180c82fd287/current/log_inprogress_0
2019-09-25 11:57:03,771 [f59fc06d-a561-4bda-9641-bf15daa2d5cc@group-D067B8CD0638:LeaderElection26] INFO  impl.LeaderElection (LeaderElection.java:askForVotes(182)) - f59fc06d-a561-4bda-9641-bf15daa2d5cc@group-D067B8CD0638:LeaderElection26: begin an election at term 1 for -1: [f59fc06d-a561-4bda-9641-bf15daa2d5cc:192.168.151.73:36905], old=null
2019-09-25 11:57:03,772 [f59fc06d-a561-4bda-9641-bf15daa2d5cc@group-D067B8CD0638:LeaderElection26] INFO  impl.RoleInfo (RoleInfo.java:shutdownLeaderElection(134)) - f59fc06d-a561-4bda-9641-bf15daa2d5cc: shutdown LeaderElection
2019-09-25 11:57:03,772 [f59fc06d-a561-4bda-9641-bf15daa2d5cc@group-D067B8CD0638:LeaderElection26] INFO  impl.RaftServerImpl (RaftServerImpl.java:setRole(174)) - f59fc06d-a561-4bda-9641-bf15daa2d5cc@group-D067B8CD0638: changes role from CANDIDATE to LEADER at term 1 for changeToLeader
2019-09-25 11:57:03,772 [f59fc06d-a561-4bda-9641-bf15daa2d5cc@group-D067B8CD0638:LeaderElection26] INFO  impl.RaftServerImpl (ServerState.java:setLeader(253)) - f59fc06d-a561-4bda-9641-bf15daa2d5cc@group-D067B8CD0638: change Leader from null to f59fc06d-a561-4bda-9641-bf15daa2d5cc at term 1 for becomeLeader, leader elected after 5183ms
2019-09-25 11:57:03,772 [f59fc06d-a561-4bda-9641-bf15daa2d5cc@group-D067B8CD0638:LeaderElection26] INFO  server.RaftServerConfigKeys (ConfUtils.java:logGet(43)) - raft.server.staging.catchup.gap = 1000 (default)
2019-09-25 11:57:03,772 [f59fc06d-a561-4bda-9641-bf15daa2d5cc@group-D067B8CD0638:LeaderElection26] INFO  server.RaftServerConfigKeys (ConfUtils.java:logGet(43)) - raft.server.rpc.sleep.time = 25ms (default)
2019-09-25 11:57:03,772 [f59fc06d-a561-4bda-9641-bf15daa2d5cc@group-D067B8CD0638:LeaderElection26] INFO  server.RaftServerConfigKeys (ConfUtils.java:logGet(43)) - raft.server.write.element-limit = 4096 (default)
2019-09-25 11:57:03,772 [f59fc06d-a561-4bda-9641-bf15daa2d5cc@group-D067B8CD0638:LeaderElection26] INFO  server.RaftServerConfigKeys (ConfUtils.java:logGet(43)) - raft.server.watch.timeout = 10s (default)
2019-09-25 11:57:03,772 [f59fc06d-a561-4bda-9641-bf15daa2d5cc@group-D067B8CD0638:LeaderElection26] INFO  server.RaftServerConfigKeys (ConfUtils.java:logGet(43)) - raft.server.watch.timeout.denomination = 1s (default)
2019-09-25 11:57:03,773 [f59fc06d-a561-4bda-9641-bf15daa2d5cc@group-D067B8CD0638:LeaderElection26] INFO  server.RaftServerConfigKeys (ConfUtils.java:logGet(43)) - raft.server.watch.element-limit = 65536 (default)
2019-09-25 11:57:03,774 [f59fc06d-a561-4bda-9641-bf15daa2d5cc@group-D067B8CD0638:LeaderElection26] INFO  impl.RoleInfo (RoleInfo.java:updateAndGet(143)) - f59fc06d-a561-4bda-9641-bf15daa2d5cc: start LeaderState
2019-09-25 11:57:03,775 [f59fc06d-a561-4bda-9641-bf15daa2d5cc@group-D067B8CD0638:LeaderElection26] INFO  segmented.SegmentedRaftLogWorker (SegmentedRaftLogWorker.java:startLogSegment(380)) - f59fc06d-a561-4bda-9641-bf15daa2d5cc@group-D067B8CD0638-SegmentedRaftLogWorker: Starting segment from index:0
2019-09-25 11:57:03,775 [f59fc06d-a561-4bda-9641-bf15daa2d5cc@group-D067B8CD0638:LeaderElection26] INFO  impl.RaftServerImpl (ServerState.java:setRaftConf(354)) - f59fc06d-a561-4bda-9641-bf15daa2d5cc@group-D067B8CD0638: set configuration 0: [f59fc06d-a561-4bda-9641-bf15daa2d5cc:192.168.151.73:36905], old=null at 0
2019-09-25 11:57:03,823 [f59fc06d-a561-4bda-9641-bf15daa2d5cc@group-D067B8CD0638-SegmentedRaftLogWorker] INFO  segmented.SegmentedRaftLogWorker (SegmentedRaftLogWorker.java:execute(569)) - f59fc06d-a561-4bda-9641-bf15daa2d5cc@group-D067B8CD0638-SegmentedRaftLogWorker: created new log segment /workdir/hadoop-ozone/integration-test/target/test-dir/MiniOzoneClusterImpl-79e9daf4-eda6-4046-b710-e1fcaf4daad9/datanode-2/data/ratis/ec90b1aa-7549-41aa-9c46-d067b8cd0638/current/log_inprogress_0
2019-09-25 11:57:03,862 [Thread-322] INFO  impl.FollowerState (FollowerState.java:run(106)) - 7361a01f-3bcc-4a30-b80f-3806f83048f3:group-03877CA45B46 changes to CANDIDATE, lastRpcTime:5186, electionTimeout:5186ms
2019-09-25 11:57:03,862 [Thread-322] INFO  impl.RoleInfo (RoleInfo.java:shutdownFollowerState(121)) - 7361a01f-3bcc-4a30-b80f-3806f83048f3: shutdown FollowerState
2019-09-25 11:57:03,862 [Thread-322] INFO  impl.RaftServerImpl (RaftServerImpl.java:setRole(174)) - 7361a01f-3bcc-4a30-b80f-3806f83048f3@group-03877CA45B46: changes role from  FOLLOWER to CANDIDATE at term 0 for changeToCandidate
2019-09-25 11:57:03,863 [Thread-322] INFO  impl.RoleInfo (RoleInfo.java:updateAndGet(143)) - 7361a01f-3bcc-4a30-b80f-3806f83048f3: start LeaderElection
2019-09-25 11:57:03,866 [Thread-328] INFO  impl.FollowerState (FollowerState.java:run(106)) - c4c6e274-a2e5-461e-9f46-318649b031aa:group-85C07197E6FB changes to CANDIDATE, lastRpcTime:5067, electionTimeout:5065ms
2019-09-25 11:57:03,866 [Thread-328] INFO  impl.RoleInfo (RoleInfo.java:shutdownFollowerState(121)) - c4c6e274-a2e5-461e-9f46-318649b031aa: shutdown FollowerState
2019-09-25 11:57:03,866 [Thread-328] INFO  impl.RaftServerImpl (RaftServerImpl.java:setRole(174)) - c4c6e274-a2e5-461e-9f46-318649b031aa@group-85C07197E6FB: changes role from  FOLLOWER to CANDIDATE at term 0 for changeToCandidate
2019-09-25 11:57:03,867 [Thread-328] INFO  impl.RoleInfo (RoleInfo.java:updateAndGet(143)) - c4c6e274-a2e5-461e-9f46-318649b031aa: start LeaderElection
2019-09-25 11:57:03,874 [7361a01f-3bcc-4a30-b80f-3806f83048f3@group-03877CA45B46:LeaderElection27] INFO  impl.LeaderElection (LeaderElection.java:askForVotes(182)) - 7361a01f-3bcc-4a30-b80f-3806f83048f3@group-03877CA45B46:LeaderElection27: begin an election at term 1 for -1: [7361a01f-3bcc-4a30-b80f-3806f83048f3:192.168.151.73:35812], old=null
2019-09-25 11:57:03,874 [c4c6e274-a2e5-461e-9f46-318649b031aa@group-85C07197E6FB:LeaderElection28] INFO  impl.LeaderElection (LeaderElection.java:askForVotes(182)) - c4c6e274-a2e5-461e-9f46-318649b031aa@group-85C07197E6FB:LeaderElection28: begin an election at term 1 for -1: [c4c6e274-a2e5-461e-9f46-318649b031aa:192.168.151.73:46301], old=null
2019-09-25 11:57:03,874 [7361a01f-3bcc-4a30-b80f-3806f83048f3@group-03877CA45B46:LeaderElection27] INFO  impl.RoleInfo (RoleInfo.java:shutdownLeaderElection(134)) - 7361a01f-3bcc-4a30-b80f-3806f83048f3: shutdown LeaderElection
2019-09-25 11:57:03,874 [c4c6e274-a2e5-461e-9f46-318649b031aa@group-85C07197E6FB:LeaderElection28] INFO  impl.RoleInfo (RoleInfo.java:shutdownLeaderElection(134)) - c4c6e274-a2e5-461e-9f46-318649b031aa: shutdown LeaderElection
2019-09-25 11:57:03,875 [7361a01f-3bcc-4a30-b80f-3806f83048f3@group-03877CA45B46:LeaderElection27] INFO  impl.RaftServerImpl (RaftServerImpl.java:setRole(174)) - 7361a01f-3bcc-4a30-b80f-3806f83048f3@group-03877CA45B46: changes role from CANDIDATE to LEADER at term 1 for changeToLeader
2019-09-25 11:57:03,875 [c4c6e274-a2e5-461e-9f46-318649b031aa@group-85C07197E6FB:LeaderElection28] INFO  impl.RaftServerImpl (RaftServerImpl.java:setRole(174)) - c4c6e274-a2e5-461e-9f46-318649b031aa@group-85C07197E6FB: changes role from CANDIDATE to LEADER at term 1 for changeToLeader
2019-09-25 11:57:03,875 [7361a01f-3bcc-4a30-b80f-3806f83048f3@group-03877CA45B46:LeaderElection27] INFO  impl.RaftServerImpl (ServerState.java:setLeader(253)) - 7361a01f-3bcc-4a30-b80f-3806f83048f3@group-03877CA45B46: change Leader from null to 7361a01f-3bcc-4a30-b80f-3806f83048f3 at term 1 for becomeLeader, leader elected after 5204ms
2019-09-25 11:57:03,875 [c4c6e274-a2e5-461e-9f46-318649b031aa@group-85C07197E6FB:LeaderElection28] INFO  impl.RaftServerImpl (ServerState.java:setLeader(253)) - c4c6e274-a2e5-461e-9f46-318649b031aa@group-85C07197E6FB: change Leader from null to c4c6e274-a2e5-461e-9f46-318649b031aa at term 1 for becomeLeader, leader elected after 5087ms
2019-09-25 11:57:03,875 [7361a01f-3bcc-4a30-b80f-3806f83048f3@group-03877CA45B46:LeaderElection27] INFO  server.RaftServerConfigKeys (ConfUtils.java:logGet(43)) - raft.server.staging.catchup.gap = 1000 (default)
2019-09-25 11:57:03,875 [c4c6e274-a2e5-461e-9f46-318649b031aa@group-85C07197E6FB:LeaderElection28] INFO  server.RaftServerConfigKeys (ConfUtils.java:logGet(43)) - raft.server.staging.catchup.gap = 1000 (default)
2019-09-25 11:57:03,875 [7361a01f-3bcc-4a30-b80f-3806f83048f3@group-03877CA45B46:LeaderElection27] INFO  server.RaftServerConfigKeys (ConfUtils.java:logGet(43)) - raft.server.rpc.sleep.time = 25ms (default)
2019-09-25 11:57:03,875 [Thread-325] INFO  impl.FollowerState (FollowerState.java:run(106)) - f320213e-69dd-47d7-8b12-80f84f010fc9:group-572A4A8EDA24 changes to CANDIDATE, lastRpcTime:5148, electionTimeout:5148ms
2019-09-25 11:57:03,876 [7361a01f-3bcc-4a30-b80f-3806f83048f3@group-03877CA45B46:LeaderElection27] INFO  server.RaftServerConfigKeys (ConfUtils.java:logGet(43)) - raft.server.write.element-limit = 4096 (default)
2019-09-25 11:57:03,875 [c4c6e274-a2e5-461e-9f46-318649b031aa@group-85C07197E6FB:LeaderElection28] INFO  server.RaftServerConfigKeys (ConfUtils.java:logGet(43)) - raft.server.rpc.sleep.time = 25ms (default)
2019-09-25 11:57:03,876 [7361a01f-3bcc-4a30-b80f-3806f83048f3@group-03877CA45B46:LeaderElection27] INFO  server.RaftServerConfigKeys (ConfUtils.java:logGet(43)) - raft.server.watch.timeout = 10s (default)
2019-09-25 11:57:03,876 [c4c6e274-a2e5-461e-9f46-318649b031aa@group-85C07197E6FB:LeaderElection28] INFO  server.RaftServerConfigKeys (ConfUtils.java:logGet(43)) - raft.server.write.element-limit = 4096 (default)
2019-09-25 11:57:03,876 [Thread-325] INFO  impl.RoleInfo (RoleInfo.java:shutdownFollowerState(121)) - f320213e-69dd-47d7-8b12-80f84f010fc9: shutdown FollowerState
2019-09-25 11:57:03,876 [c4c6e274-a2e5-461e-9f46-318649b031aa@group-85C07197E6FB:LeaderElection28] INFO  server.RaftServerConfigKeys (ConfUtils.java:logGet(43)) - raft.server.watch.timeout = 10s (default)
2019-09-25 11:57:03,876 [7361a01f-3bcc-4a30-b80f-3806f83048f3@group-03877CA45B46:LeaderElection27] INFO  server.RaftServerConfigKeys (ConfUtils.java:logGet(43)) - raft.server.watch.timeout.denomination = 1s (default)
2019-09-25 11:57:03,876 [c4c6e274-a2e5-461e-9f46-318649b031aa@group-85C07197E6FB:LeaderElection28] INFO  server.RaftServerConfigKeys (ConfUtils.java:logGet(43)) - raft.server.watch.timeout.denomination = 1s (default)
2019-09-25 11:57:03,876 [Thread-325] INFO  impl.RaftServerImpl (RaftServerImpl.java:setRole(174)) - f320213e-69dd-47d7-8b12-80f84f010fc9@group-572A4A8EDA24: changes role from  FOLLOWER to CANDIDATE at term 0 for changeToCandidate
2019-09-25 11:57:03,877 [c4c6e274-a2e5-461e-9f46-318649b031aa@group-85C07197E6FB:LeaderElection28] INFO  server.RaftServerConfigKeys (ConfUtils.java:logGet(43)) - raft.server.watch.element-limit = 65536 (default)
2019-09-25 11:57:03,876 [7361a01f-3bcc-4a30-b80f-3806f83048f3@group-03877CA45B46:LeaderElection27] INFO  server.RaftServerConfigKeys (ConfUtils.java:logGet(43)) - raft.server.watch.element-limit = 65536 (default)
2019-09-25 11:57:03,877 [Thread-325] INFO  impl.RoleInfo (RoleInfo.java:updateAndGet(143)) - f320213e-69dd-47d7-8b12-80f84f010fc9: start LeaderElection
2019-09-25 11:57:03,882 [7361a01f-3bcc-4a30-b80f-3806f83048f3@group-03877CA45B46:LeaderElection27] INFO  impl.RoleInfo (RoleInfo.java:updateAndGet(143)) - 7361a01f-3bcc-4a30-b80f-3806f83048f3: start LeaderState
2019-09-25 11:57:03,882 [7361a01f-3bcc-4a30-b80f-3806f83048f3@group-03877CA45B46:LeaderElection27] INFO  segmented.SegmentedRaftLogWorker (SegmentedRaftLogWorker.java:startLogSegment(380)) - 7361a01f-3bcc-4a30-b80f-3806f83048f3@group-03877CA45B46-SegmentedRaftLogWorker: Starting segment from index:0
2019-09-25 11:57:03,882 [c4c6e274-a2e5-461e-9f46-318649b031aa@group-85C07197E6FB:LeaderElection28] INFO  impl.RoleInfo (RoleInfo.java:updateAndGet(143)) - c4c6e274-a2e5-461e-9f46-318649b031aa: start LeaderState
2019-09-25 11:57:03,882 [c4c6e274-a2e5-461e-9f46-318649b031aa@group-85C07197E6FB:LeaderElection28] INFO  segmented.SegmentedRaftLogWorker (SegmentedRaftLogWorker.java:startLogSegment(380)) - c4c6e274-a2e5-461e-9f46-318649b031aa@group-85C07197E6FB-SegmentedRaftLogWorker: Starting segment from index:0
2019-09-25 11:57:03,883 [7361a01f-3bcc-4a30-b80f-3806f83048f3@group-03877CA45B46:LeaderElection27] INFO  impl.RaftServerImpl (ServerState.java:setRaftConf(354)) - 7361a01f-3bcc-4a30-b80f-3806f83048f3@group-03877CA45B46: set configuration 0: [7361a01f-3bcc-4a30-b80f-3806f83048f3:192.168.151.73:35812], old=null at 0
2019-09-25 11:57:03,914 [f320213e-69dd-47d7-8b12-80f84f010fc9@group-572A4A8EDA24:LeaderElection29] INFO  impl.LeaderElection (LeaderElection.java:askForVotes(182)) - f320213e-69dd-47d7-8b12-80f84f010fc9@group-572A4A8EDA24:LeaderElection29: begin an election at term 1 for -1: [f320213e-69dd-47d7-8b12-80f84f010fc9:192.168.151.73:42702], old=null
2019-09-25 11:57:03,915 [c4c6e274-a2e5-461e-9f46-318649b031aa@group-85C07197E6FB:LeaderElection28] INFO  impl.RaftServerImpl (ServerState.java:setRaftConf(354)) - c4c6e274-a2e5-461e-9f46-318649b031aa@group-85C07197E6FB: set configuration 0: [c4c6e274-a2e5-461e-9f46-318649b031aa:192.168.151.73:46301], old=null at 0
2019-09-25 11:57:03,915 [f320213e-69dd-47d7-8b12-80f84f010fc9@group-572A4A8EDA24:LeaderElection29] INFO  impl.RoleInfo (RoleInfo.java:shutdownLeaderElection(134)) - f320213e-69dd-47d7-8b12-80f84f010fc9: shutdown LeaderElection
2019-09-25 11:57:03,943 [7361a01f-3bcc-4a30-b80f-3806f83048f3@group-03877CA45B46-SegmentedRaftLogWorker] INFO  segmented.SegmentedRaftLogWorker (SegmentedRaftLogWorker.java:execute(569)) - 7361a01f-3bcc-4a30-b80f-3806f83048f3@group-03877CA45B46-SegmentedRaftLogWorker: created new log segment /workdir/hadoop-ozone/integration-test/target/test-dir/MiniOzoneClusterImpl-79e9daf4-eda6-4046-b710-e1fcaf4daad9/datanode-3/data/ratis/8082cec0-f776-47c8-a9f1-03877ca45b46/current/log_inprogress_0
2019-09-25 11:57:03,943 [f320213e-69dd-47d7-8b12-80f84f010fc9@group-572A4A8EDA24:LeaderElection29] INFO  impl.RaftServerImpl (RaftServerImpl.java:setRole(174)) - f320213e-69dd-47d7-8b12-80f84f010fc9@group-572A4A8EDA24: changes role from CANDIDATE to LEADER at term 1 for changeToLeader
2019-09-25 11:57:03,943 [f320213e-69dd-47d7-8b12-80f84f010fc9@group-572A4A8EDA24:LeaderElection29] INFO  impl.RaftServerImpl (ServerState.java:setLeader(253)) - f320213e-69dd-47d7-8b12-80f84f010fc9@group-572A4A8EDA24: change Leader from null to f320213e-69dd-47d7-8b12-80f84f010fc9 at term 1 for becomeLeader, leader elected after 5221ms
2019-09-25 11:57:03,943 [f320213e-69dd-47d7-8b12-80f84f010fc9@group-572A4A8EDA24:LeaderElection29] INFO  server.RaftServerConfigKeys (ConfUtils.java:logGet(43)) - raft.server.staging.catchup.gap = 1000 (default)
2019-09-25 11:57:03,943 [f320213e-69dd-47d7-8b12-80f84f010fc9@group-572A4A8EDA24:LeaderElection29] INFO  server.RaftServerConfigKeys (ConfUtils.java:logGet(43)) - raft.server.rpc.sleep.time = 25ms (default)
2019-09-25 11:57:03,944 [f320213e-69dd-47d7-8b12-80f84f010fc9@group-572A4A8EDA24:LeaderElection29] INFO  server.RaftServerConfigKeys (ConfUtils.java:logGet(43)) - raft.server.write.element-limit = 4096 (default)
2019-09-25 11:57:03,944 [f320213e-69dd-47d7-8b12-80f84f010fc9@group-572A4A8EDA24:LeaderElection29] INFO  server.RaftServerConfigKeys (ConfUtils.java:logGet(43)) - raft.server.watch.timeout = 10s (default)
2019-09-25 11:57:03,944 [f320213e-69dd-47d7-8b12-80f84f010fc9@group-572A4A8EDA24:LeaderElection29] INFO  server.RaftServerConfigKeys (ConfUtils.java:logGet(43)) - raft.server.watch.timeout.denomination = 1s (default)
2019-09-25 11:57:03,944 [f320213e-69dd-47d7-8b12-80f84f010fc9@group-572A4A8EDA24:LeaderElection29] INFO  server.RaftServerConfigKeys (ConfUtils.java:logGet(43)) - raft.server.watch.element-limit = 65536 (default)
2019-09-25 11:57:03,947 [f320213e-69dd-47d7-8b12-80f84f010fc9@group-572A4A8EDA24:LeaderElection29] INFO  impl.RoleInfo (RoleInfo.java:updateAndGet(143)) - f320213e-69dd-47d7-8b12-80f84f010fc9: start LeaderState
2019-09-25 11:57:03,947 [f320213e-69dd-47d7-8b12-80f84f010fc9@group-572A4A8EDA24:LeaderElection29] INFO  segmented.SegmentedRaftLogWorker (SegmentedRaftLogWorker.java:startLogSegment(380)) - f320213e-69dd-47d7-8b12-80f84f010fc9@group-572A4A8EDA24-SegmentedRaftLogWorker: Starting segment from index:0
2019-09-25 11:57:03,947 [c4c6e274-a2e5-461e-9f46-318649b031aa@group-85C07197E6FB-SegmentedRaftLogWorker] INFO  segmented.SegmentedRaftLogWorker (SegmentedRaftLogWorker.java:execute(569)) - c4c6e274-a2e5-461e-9f46-318649b031aa@group-85C07197E6FB-SegmentedRaftLogWorker: created new log segment /workdir/hadoop-ozone/integration-test/target/test-dir/MiniOzoneClusterImpl-79e9daf4-eda6-4046-b710-e1fcaf4daad9/datanode-5/data/ratis/f845184c-2067-4064-8a5e-85c07197e6fb/current/log_inprogress_0
2019-09-25 11:57:03,948 [f320213e-69dd-47d7-8b12-80f84f010fc9@group-572A4A8EDA24:LeaderElection29] INFO  impl.RaftServerImpl (ServerState.java:setRaftConf(354)) - f320213e-69dd-47d7-8b12-80f84f010fc9@group-572A4A8EDA24: set configuration 0: [f320213e-69dd-47d7-8b12-80f84f010fc9:192.168.151.73:42702], old=null at 0
2019-09-25 11:57:03,993 [f320213e-69dd-47d7-8b12-80f84f010fc9@group-572A4A8EDA24-SegmentedRaftLogWorker] INFO  segmented.SegmentedRaftLogWorker (SegmentedRaftLogWorker.java:execute(569)) - f320213e-69dd-47d7-8b12-80f84f010fc9@group-572A4A8EDA24-SegmentedRaftLogWorker: created new log segment /workdir/hadoop-ozone/integration-test/target/test-dir/MiniOzoneClusterImpl-79e9daf4-eda6-4046-b710-e1fcaf4daad9/datanode-4/data/ratis/f38b2d42-8fea-4eca-a6d5-572a4a8eda24/current/log_inprogress_0
2019-09-25 11:57:04,022 [Thread-331] INFO  impl.FollowerState (FollowerState.java:run(106)) - 7361a01f-3bcc-4a30-b80f-3806f83048f3:group-904CBFFFDAFF changes to CANDIDATE, lastRpcTime:5168, electionTimeout:5168ms
2019-09-25 11:57:04,022 [Thread-331] INFO  impl.RoleInfo (RoleInfo.java:shutdownFollowerState(121)) - 7361a01f-3bcc-4a30-b80f-3806f83048f3: shutdown FollowerState
2019-09-25 11:57:04,023 [Thread-331] INFO  impl.RaftServerImpl (RaftServerImpl.java:setRole(174)) - 7361a01f-3bcc-4a30-b80f-3806f83048f3@group-904CBFFFDAFF: changes role from  FOLLOWER to CANDIDATE at term 0 for changeToCandidate
2019-09-25 11:57:04,023 [Thread-331] INFO  impl.RoleInfo (RoleInfo.java:updateAndGet(143)) - 7361a01f-3bcc-4a30-b80f-3806f83048f3: start LeaderElection
2019-09-25 11:57:04,039 [7361a01f-3bcc-4a30-b80f-3806f83048f3@group-904CBFFFDAFF:LeaderElection30] INFO  impl.LeaderElection (LeaderElection.java:askForVotes(182)) - 7361a01f-3bcc-4a30-b80f-3806f83048f3@group-904CBFFFDAFF:LeaderElection30: begin an election at term 1 for -1: [7361a01f-3bcc-4a30-b80f-3806f83048f3:192.168.151.73:35812], old=null
2019-09-25 11:57:04,039 [7361a01f-3bcc-4a30-b80f-3806f83048f3@group-904CBFFFDAFF:LeaderElection30] INFO  impl.RoleInfo (RoleInfo.java:shutdownLeaderElection(134)) - 7361a01f-3bcc-4a30-b80f-3806f83048f3: shutdown LeaderElection
2019-09-25 11:57:04,039 [7361a01f-3bcc-4a30-b80f-3806f83048f3@group-904CBFFFDAFF:LeaderElection30] INFO  impl.RaftServerImpl (RaftServerImpl.java:setRole(174)) - 7361a01f-3bcc-4a30-b80f-3806f83048f3@group-904CBFFFDAFF: changes role from CANDIDATE to LEADER at term 1 for changeToLeader
2019-09-25 11:57:04,039 [7361a01f-3bcc-4a30-b80f-3806f83048f3@group-904CBFFFDAFF:LeaderElection30] INFO  impl.RaftServerImpl (ServerState.java:setLeader(253)) - 7361a01f-3bcc-4a30-b80f-3806f83048f3@group-904CBFFFDAFF: change Leader from null to 7361a01f-3bcc-4a30-b80f-3806f83048f3 at term 1 for becomeLeader, leader elected after 5190ms
2019-09-25 11:57:04,039 [7361a01f-3bcc-4a30-b80f-3806f83048f3@group-904CBFFFDAFF:LeaderElection30] INFO  server.RaftServerConfigKeys (ConfUtils.java:logGet(43)) - raft.server.staging.catchup.gap = 1000 (default)
2019-09-25 11:57:04,039 [7361a01f-3bcc-4a30-b80f-3806f83048f3@group-904CBFFFDAFF:LeaderElection30] INFO  server.RaftServerConfigKeys (ConfUtils.java:logGet(43)) - raft.server.rpc.sleep.time = 25ms (default)
2019-09-25 11:57:04,040 [7361a01f-3bcc-4a30-b80f-3806f83048f3@group-904CBFFFDAFF:LeaderElection30] INFO  server.RaftServerConfigKeys (ConfUtils.java:logGet(43)) - raft.server.write.element-limit = 4096 (default)
2019-09-25 11:57:04,040 [7361a01f-3bcc-4a30-b80f-3806f83048f3@group-904CBFFFDAFF:LeaderElection30] INFO  server.RaftServerConfigKeys (ConfUtils.java:logGet(43)) - raft.server.watch.timeout = 10s (default)
2019-09-25 11:57:04,040 [7361a01f-3bcc-4a30-b80f-3806f83048f3@group-904CBFFFDAFF:LeaderElection30] INFO  server.RaftServerConfigKeys (ConfUtils.java:logGet(43)) - raft.server.watch.timeout.denomination = 1s (default)
2019-09-25 11:57:04,040 [7361a01f-3bcc-4a30-b80f-3806f83048f3@group-904CBFFFDAFF:LeaderElection30] INFO  server.RaftServerConfigKeys (ConfUtils.java:logGet(43)) - raft.server.watch.element-limit = 65536 (default)
2019-09-25 11:57:04,043 [7361a01f-3bcc-4a30-b80f-3806f83048f3@group-904CBFFFDAFF:LeaderElection30] INFO  impl.RoleInfo (RoleInfo.java:updateAndGet(143)) - 7361a01f-3bcc-4a30-b80f-3806f83048f3: start LeaderState
2019-09-25 11:57:04,044 [7361a01f-3bcc-4a30-b80f-3806f83048f3@group-904CBFFFDAFF:LeaderElection30] INFO  segmented.SegmentedRaftLogWorker (SegmentedRaftLogWorker.java:startLogSegment(380)) - 7361a01f-3bcc-4a30-b80f-3806f83048f3@group-904CBFFFDAFF-SegmentedRaftLogWorker: Starting segment from index:0
2019-09-25 11:57:04,044 [7361a01f-3bcc-4a30-b80f-3806f83048f3@group-904CBFFFDAFF:LeaderElection30] INFO  impl.RaftServerImpl (ServerState.java:setRaftConf(354)) - 7361a01f-3bcc-4a30-b80f-3806f83048f3@group-904CBFFFDAFF: set configuration 0: [7361a01f-3bcc-4a30-b80f-3806f83048f3:192.168.151.73:35812], old=null at 0
2019-09-25 11:57:04,090 [7361a01f-3bcc-4a30-b80f-3806f83048f3@group-904CBFFFDAFF-SegmentedRaftLogWorker] INFO  segmented.SegmentedRaftLogWorker (SegmentedRaftLogWorker.java:execute(569)) - 7361a01f-3bcc-4a30-b80f-3806f83048f3@group-904CBFFFDAFF-SegmentedRaftLogWorker: created new log segment /workdir/hadoop-ozone/integration-test/target/test-dir/MiniOzoneClusterImpl-79e9daf4-eda6-4046-b710-e1fcaf4daad9/datanode-3/data/ratis/61c3cd1f-9445-47f1-ba9d-904cbfffdaff/current/log_inprogress_0
2019-09-25 11:57:04,181 [EventQueue-StaleNodeForStaleNodeHandler] INFO  node.StaleNodeHandler (StaleNodeHandler.java:onMessage(58)) - Datanode f320213e-69dd-47d7-8b12-80f84f010fc9{ip: 192.168.151.73, host: pr-hdds-1569-shd4m-3693607622, networkLocation: /default-rack, certSerialId: null} moved to stale state. Finalizing its pipelines [PipelineID=8606dbb1-26eb-438f-98a4-90fd3e37696f, PipelineID=50d1910a-da62-4731-83e3-83ffe55f8cb9, PipelineID=d556f1af-2c18-44bf-b717-15b147b75dcc, PipelineID=b1a1968f-1dc1-46a3-a9b2-7180c82fd287, PipelineID=f38b2d42-8fea-4eca-a6d5-572a4a8eda24, PipelineID=5bb5377f-d433-4cf4-967c-45f24147a059]
2019-09-25 11:57:04,181 [EventQueue-StaleNodeForStaleNodeHandler] INFO  pipeline.SCMPipelineManager (SCMPipelineManager.java:finalizeAndDestroyPipeline(316)) - destroying pipeline:Pipeline[ Id: 8606dbb1-26eb-438f-98a4-90fd3e37696f, Nodes: f320213e-69dd-47d7-8b12-80f84f010fc9{ip: 192.168.151.73, host: pr-hdds-1569-shd4m-3693607622, networkLocation: /default-rack, certSerialId: null}, Type:RATIS, Factor:ONE, State:OPEN]
2019-09-25 11:57:04,186 [EventQueue-StaleNodeForStaleNodeHandler] INFO  pipeline.PipelineStateManager (PipelineStateManager.java:finalizePipeline(123)) - Pipeline Pipeline[ Id: 8606dbb1-26eb-438f-98a4-90fd3e37696f, Nodes: f320213e-69dd-47d7-8b12-80f84f010fc9{ip: 192.168.151.73, host: pr-hdds-1569-shd4m-3693607622, networkLocation: /default-rack, certSerialId: null}, Type:RATIS, Factor:ONE, State:CLOSED] moved to CLOSED state
2019-09-25 11:57:04,187 [EventQueue-StaleNodeForStaleNodeHandler] INFO  pipeline.SCMPipelineManager (SCMPipelineManager.java:finalizeAndDestroyPipeline(316)) - destroying pipeline:Pipeline[ Id: 50d1910a-da62-4731-83e3-83ffe55f8cb9, Nodes: f320213e-69dd-47d7-8b12-80f84f010fc9{ip: 192.168.151.73, host: pr-hdds-1569-shd4m-3693607622, networkLocation: /default-rack, certSerialId: null}, Type:RATIS, Factor:ONE, State:OPEN]
2019-09-25 11:57:04,188 [EventQueue-StaleNodeForStaleNodeHandler] INFO  pipeline.PipelineStateManager (PipelineStateManager.java:finalizePipeline(123)) - Pipeline Pipeline[ Id: 50d1910a-da62-4731-83e3-83ffe55f8cb9, Nodes: f320213e-69dd-47d7-8b12-80f84f010fc9{ip: 192.168.151.73, host: pr-hdds-1569-shd4m-3693607622, networkLocation: /default-rack, certSerialId: null}, Type:RATIS, Factor:ONE, State:CLOSED] moved to CLOSED state
2019-09-25 11:57:04,188 [EventQueue-StaleNodeForStaleNodeHandler] INFO  pipeline.SCMPipelineManager (SCMPipelineManager.java:finalizeAndDestroyPipeline(316)) - destroying pipeline:Pipeline[ Id: d556f1af-2c18-44bf-b717-15b147b75dcc, Nodes: f320213e-69dd-47d7-8b12-80f84f010fc9{ip: 192.168.151.73, host: pr-hdds-1569-shd4m-3693607622, networkLocation: /default-rack, certSerialId: null}, Type:RATIS, Factor:ONE, State:OPEN]
2019-09-25 11:57:04,188 [EventQueue-StaleNodeForStaleNodeHandler] INFO  pipeline.PipelineStateManager (PipelineStateManager.java:finalizePipeline(123)) - Pipeline Pipeline[ Id: d556f1af-2c18-44bf-b717-15b147b75dcc, Nodes: f320213e-69dd-47d7-8b12-80f84f010fc9{ip: 192.168.151.73, host: pr-hdds-1569-shd4m-3693607622, networkLocation: /default-rack, certSerialId: null}, Type:RATIS, Factor:ONE, State:CLOSED] moved to CLOSED state
2019-09-25 11:57:04,188 [EventQueue-StaleNodeForStaleNodeHandler] INFO  pipeline.SCMPipelineManager (SCMPipelineManager.java:finalizeAndDestroyPipeline(316)) - destroying pipeline:Pipeline[ Id: b1a1968f-1dc1-46a3-a9b2-7180c82fd287, Nodes: f320213e-69dd-47d7-8b12-80f84f010fc9{ip: 192.168.151.73, host: pr-hdds-1569-shd4m-3693607622, networkLocation: /default-rack, certSerialId: null}, Type:RATIS, Factor:ONE, State:OPEN]
2019-09-25 11:57:04,189 [EventQueue-StaleNodeForStaleNodeHandler] INFO  pipeline.PipelineStateManager (PipelineStateManager.java:finalizePipeline(123)) - Pipeline Pipeline[ Id: b1a1968f-1dc1-46a3-a9b2-7180c82fd287, Nodes: f320213e-69dd-47d7-8b12-80f84f010fc9{ip: 192.168.151.73, host: pr-hdds-1569-shd4m-3693607622, networkLocation: /default-rack, certSerialId: null}, Type:RATIS, Factor:ONE, State:CLOSED] moved to CLOSED state
2019-09-25 11:57:04,189 [EventQueue-StaleNodeForStaleNodeHandler] INFO  pipeline.SCMPipelineManager (SCMPipelineManager.java:finalizeAndDestroyPipeline(316)) - destroying pipeline:Pipeline[ Id: f38b2d42-8fea-4eca-a6d5-572a4a8eda24, Nodes: f320213e-69dd-47d7-8b12-80f84f010fc9{ip: 192.168.151.73, host: pr-hdds-1569-shd4m-3693607622, networkLocation: /default-rack, certSerialId: null}, Type:RATIS, Factor:ONE, State:OPEN]
2019-09-25 11:57:04,189 [EventQueue-StaleNodeForStaleNodeHandler] INFO  pipeline.PipelineStateManager (PipelineStateManager.java:finalizePipeline(123)) - Pipeline Pipeline[ Id: f38b2d42-8fea-4eca-a6d5-572a4a8eda24, Nodes: f320213e-69dd-47d7-8b12-80f84f010fc9{ip: 192.168.151.73, host: pr-hdds-1569-shd4m-3693607622, networkLocation: /default-rack, certSerialId: null}, Type:RATIS, Factor:ONE, State:CLOSED] moved to CLOSED state
2019-09-25 11:57:04,190 [EventQueue-StaleNodeForStaleNodeHandler] INFO  pipeline.SCMPipelineManager (SCMPipelineManager.java:finalizeAndDestroyPipeline(316)) - destroying pipeline:Pipeline[ Id: 5bb5377f-d433-4cf4-967c-45f24147a059, Nodes: f320213e-69dd-47d7-8b12-80f84f010fc9{ip: 192.168.151.73, host: pr-hdds-1569-shd4m-3693607622, networkLocation: /default-rack, certSerialId: null}, Type:RATIS, Factor:ONE, State:OPEN]
2019-09-25 11:57:04,190 [EventQueue-StaleNodeForStaleNodeHandler] INFO  pipeline.PipelineStateManager (PipelineStateManager.java:finalizePipeline(123)) - Pipeline Pipeline[ Id: 5bb5377f-d433-4cf4-967c-45f24147a059, Nodes: f320213e-69dd-47d7-8b12-80f84f010fc9{ip: 192.168.151.73, host: pr-hdds-1569-shd4m-3693607622, networkLocation: /default-rack, certSerialId: null}, Type:RATIS, Factor:ONE, State:CLOSED] moved to CLOSED state
2019-09-25 11:57:04,228 [Thread-337] INFO  impl.FollowerState (FollowerState.java:run(106)) - c4c6e274-a2e5-461e-9f46-318649b031aa:group-AD3CCDBE33B4 changes to CANDIDATE, lastRpcTime:5007, electionTimeout:5007ms
2019-09-25 11:57:04,232 [Thread-337] INFO  impl.RoleInfo (RoleInfo.java:shutdownFollowerState(121)) - c4c6e274-a2e5-461e-9f46-318649b031aa: shutdown FollowerState
2019-09-25 11:57:04,232 [Thread-337] INFO  impl.RaftServerImpl (RaftServerImpl.java:setRole(174)) - c4c6e274-a2e5-461e-9f46-318649b031aa@group-AD3CCDBE33B4: changes role from  FOLLOWER to CANDIDATE at term 0 for changeToCandidate
2019-09-25 11:57:04,232 [Thread-337] INFO  impl.RoleInfo (RoleInfo.java:updateAndGet(143)) - c4c6e274-a2e5-461e-9f46-318649b031aa: start LeaderElection
2019-09-25 11:57:04,241 [Thread-334] INFO  impl.FollowerState (FollowerState.java:run(106)) - 59f2e4b8-41c0-4853-b4df-5d86491a517d:group-5321674E6DF7 changes to CANDIDATE, lastRpcTime:5066, electionTimeout:5065ms
2019-09-25 11:57:04,245 [Thread-334] INFO  impl.RoleInfo (RoleInfo.java:shutdownFollowerState(121)) - 59f2e4b8-41c0-4853-b4df-5d86491a517d: shutdown FollowerState
2019-09-25 11:57:04,245 [Thread-334] INFO  impl.RaftServerImpl (RaftServerImpl.java:setRole(174)) - 59f2e4b8-41c0-4853-b4df-5d86491a517d@group-5321674E6DF7: changes role from  FOLLOWER to CANDIDATE at term 0 for changeToCandidate
2019-09-25 11:57:04,245 [Thread-334] INFO  impl.RoleInfo (RoleInfo.java:updateAndGet(143)) - 59f2e4b8-41c0-4853-b4df-5d86491a517d: start LeaderElection
2019-09-25 11:57:04,259 [59f2e4b8-41c0-4853-b4df-5d86491a517d@group-5321674E6DF7:LeaderElection32] INFO  impl.LeaderElection (LeaderElection.java:askForVotes(182)) - 59f2e4b8-41c0-4853-b4df-5d86491a517d@group-5321674E6DF7:LeaderElection32: begin an election at term 1 for -1: [59f2e4b8-41c0-4853-b4df-5d86491a517d:192.168.151.73:42681], old=null
2019-09-25 11:57:04,259 [c4c6e274-a2e5-461e-9f46-318649b031aa@group-AD3CCDBE33B4:LeaderElection31] INFO  impl.LeaderElection (LeaderElection.java:askForVotes(182)) - c4c6e274-a2e5-461e-9f46-318649b031aa@group-AD3CCDBE33B4:LeaderElection31: begin an election at term 1 for -1: [c4c6e274-a2e5-461e-9f46-318649b031aa:192.168.151.73:46301], old=null
2019-09-25 11:57:04,260 [59f2e4b8-41c0-4853-b4df-5d86491a517d@group-5321674E6DF7:LeaderElection32] INFO  impl.RoleInfo (RoleInfo.java:shutdownLeaderElection(134)) - 59f2e4b8-41c0-4853-b4df-5d86491a517d: shutdown LeaderElection
2019-09-25 11:57:04,260 [c4c6e274-a2e5-461e-9f46-318649b031aa@group-AD3CCDBE33B4:LeaderElection31] INFO  impl.RoleInfo (RoleInfo.java:shutdownLeaderElection(134)) - c4c6e274-a2e5-461e-9f46-318649b031aa: shutdown LeaderElection
2019-09-25 11:57:04,260 [59f2e4b8-41c0-4853-b4df-5d86491a517d@group-5321674E6DF7:LeaderElection32] INFO  impl.RaftServerImpl (RaftServerImpl.java:setRole(174)) - 59f2e4b8-41c0-4853-b4df-5d86491a517d@group-5321674E6DF7: changes role from CANDIDATE to LEADER at term 1 for changeToLeader
2019-09-25 11:57:04,260 [c4c6e274-a2e5-461e-9f46-318649b031aa@group-AD3CCDBE33B4:LeaderElection31] INFO  impl.RaftServerImpl (RaftServerImpl.java:setRole(174)) - c4c6e274-a2e5-461e-9f46-318649b031aa@group-AD3CCDBE33B4: changes role from CANDIDATE to LEADER at term 1 for changeToLeader
2019-09-25 11:57:04,260 [59f2e4b8-41c0-4853-b4df-5d86491a517d@group-5321674E6DF7:LeaderElection32] INFO  impl.RaftServerImpl (ServerState.java:setLeader(253)) - 59f2e4b8-41c0-4853-b4df-5d86491a517d@group-5321674E6DF7: change Leader from null to 59f2e4b8-41c0-4853-b4df-5d86491a517d at term 1 for becomeLeader, leader elected after 5359ms
2019-09-25 11:57:04,260 [c4c6e274-a2e5-461e-9f46-318649b031aa@group-AD3CCDBE33B4:LeaderElection31] INFO  impl.RaftServerImpl (ServerState.java:setLeader(253)) - c4c6e274-a2e5-461e-9f46-318649b031aa@group-AD3CCDBE33B4: change Leader from null to c4c6e274-a2e5-461e-9f46-318649b031aa at term 1 for becomeLeader, leader elected after 5044ms
2019-09-25 11:57:04,260 [59f2e4b8-41c0-4853-b4df-5d86491a517d@group-5321674E6DF7:LeaderElection32] INFO  server.RaftServerConfigKeys (ConfUtils.java:logGet(43)) - raft.server.staging.catchup.gap = 1000 (default)
2019-09-25 11:57:04,261 [c4c6e274-a2e5-461e-9f46-318649b031aa@group-AD3CCDBE33B4:LeaderElection31] INFO  server.RaftServerConfigKeys (ConfUtils.java:logGet(43)) - raft.server.staging.catchup.gap = 1000 (default)
2019-09-25 11:57:04,261 [59f2e4b8-41c0-4853-b4df-5d86491a517d@group-5321674E6DF7:LeaderElection32] INFO  server.RaftServerConfigKeys (ConfUtils.java:logGet(43)) - raft.server.rpc.sleep.time = 25ms (default)
2019-09-25 11:57:04,261 [c4c6e274-a2e5-461e-9f46-318649b031aa@group-AD3CCDBE33B4:LeaderElection31] INFO  server.RaftServerConfigKeys (ConfUtils.java:logGet(43)) - raft.server.rpc.sleep.time = 25ms (default)
2019-09-25 11:57:04,261 [59f2e4b8-41c0-4853-b4df-5d86491a517d@group-5321674E6DF7:LeaderElection32] INFO  server.RaftServerConfigKeys (ConfUtils.java:logGet(43)) - raft.server.write.element-limit = 4096 (default)
2019-09-25 11:57:04,261 [c4c6e274-a2e5-461e-9f46-318649b031aa@group-AD3CCDBE33B4:LeaderElection31] INFO  server.RaftServerConfigKeys (ConfUtils.java:logGet(43)) - raft.server.write.element-limit = 4096 (default)
2019-09-25 11:57:04,261 [59f2e4b8-41c0-4853-b4df-5d86491a517d@group-5321674E6DF7:LeaderElection32] INFO  server.RaftServerConfigKeys (ConfUtils.java:logGet(43)) - raft.server.watch.timeout = 10s (default)
2019-09-25 11:57:04,261 [c4c6e274-a2e5-461e-9f46-318649b031aa@group-AD3CCDBE33B4:LeaderElection31] INFO  server.RaftServerConfigKeys (ConfUtils.java:logGet(43)) - raft.server.watch.timeout = 10s (default)
2019-09-25 11:57:04,262 [59f2e4b8-41c0-4853-b4df-5d86491a517d@group-5321674E6DF7:LeaderElection32] INFO  server.RaftServerConfigKeys (ConfUtils.java:logGet(43)) - raft.server.watch.timeout.denomination = 1s (default)
2019-09-25 11:57:04,262 [c4c6e274-a2e5-461e-9f46-318649b031aa@group-AD3CCDBE33B4:LeaderElection31] INFO  server.RaftServerConfigKeys (ConfUtils.java:logGet(43)) - raft.server.watch.timeout.denomination = 1s (default)
2019-09-25 11:57:04,262 [59f2e4b8-41c0-4853-b4df-5d86491a517d@group-5321674E6DF7:LeaderElection32] INFO  server.RaftServerConfigKeys (ConfUtils.java:logGet(43)) - raft.server.watch.element-limit = 65536 (default)
2019-09-25 11:57:04,262 [c4c6e274-a2e5-461e-9f46-318649b031aa@group-AD3CCDBE33B4:LeaderElection31] INFO  server.RaftServerConfigKeys (ConfUtils.java:logGet(43)) - raft.server.watch.element-limit = 65536 (default)
2019-09-25 11:57:04,266 [59f2e4b8-41c0-4853-b4df-5d86491a517d@group-5321674E6DF7:LeaderElection32] INFO  impl.RoleInfo (RoleInfo.java:updateAndGet(143)) - 59f2e4b8-41c0-4853-b4df-5d86491a517d: start LeaderState
2019-09-25 11:57:04,266 [59f2e4b8-41c0-4853-b4df-5d86491a517d@group-5321674E6DF7:LeaderElection32] INFO  segmented.SegmentedRaftLogWorker (SegmentedRaftLogWorker.java:startLogSegment(380)) - 59f2e4b8-41c0-4853-b4df-5d86491a517d@group-5321674E6DF7-SegmentedRaftLogWorker: Starting segment from index:0
2019-09-25 11:57:04,267 [c4c6e274-a2e5-461e-9f46-318649b031aa@group-AD3CCDBE33B4:LeaderElection31] INFO  impl.RoleInfo (RoleInfo.java:updateAndGet(143)) - c4c6e274-a2e5-461e-9f46-318649b031aa: start LeaderState
2019-09-25 11:57:04,267 [c4c6e274-a2e5-461e-9f46-318649b031aa@group-AD3CCDBE33B4:LeaderElection31] INFO  segmented.SegmentedRaftLogWorker (SegmentedRaftLogWorker.java:startLogSegment(380)) - c4c6e274-a2e5-461e-9f46-318649b031aa@group-AD3CCDBE33B4-SegmentedRaftLogWorker: Starting segment from index:0
2019-09-25 11:57:04,267 [59f2e4b8-41c0-4853-b4df-5d86491a517d@group-5321674E6DF7:LeaderElection32] INFO  impl.RaftServerImpl (ServerState.java:setRaftConf(354)) - 59f2e4b8-41c0-4853-b4df-5d86491a517d@group-5321674E6DF7: set configuration 0: [59f2e4b8-41c0-4853-b4df-5d86491a517d:192.168.151.73:42681], old=null at 0
2019-09-25 11:57:04,309 [c4c6e274-a2e5-461e-9f46-318649b031aa@group-AD3CCDBE33B4:LeaderElection31] INFO  impl.RaftServerImpl (ServerState.java:setRaftConf(354)) - c4c6e274-a2e5-461e-9f46-318649b031aa@group-AD3CCDBE33B4: set configuration 0: [c4c6e274-a2e5-461e-9f46-318649b031aa:192.168.151.73:46301], old=null at 0
2019-09-25 11:57:04,347 [59f2e4b8-41c0-4853-b4df-5d86491a517d@group-5321674E6DF7-SegmentedRaftLogWorker] INFO  segmented.SegmentedRaftLogWorker (SegmentedRaftLogWorker.java:execute(569)) - 59f2e4b8-41c0-4853-b4df-5d86491a517d@group-5321674E6DF7-SegmentedRaftLogWorker: created new log segment /workdir/hadoop-ozone/integration-test/target/test-dir/MiniOzoneClusterImpl-79e9daf4-eda6-4046-b710-e1fcaf4daad9/datanode-6/data/ratis/850353d5-062c-436e-b183-5321674e6df7/current/log_inprogress_0
2019-09-25 11:57:04,363 [c4c6e274-a2e5-461e-9f46-318649b031aa@group-AD3CCDBE33B4-SegmentedRaftLogWorker] INFO  segmented.SegmentedRaftLogWorker (SegmentedRaftLogWorker.java:execute(569)) - c4c6e274-a2e5-461e-9f46-318649b031aa@group-AD3CCDBE33B4-SegmentedRaftLogWorker: created new log segment /workdir/hadoop-ozone/integration-test/target/test-dir/MiniOzoneClusterImpl-79e9daf4-eda6-4046-b710-e1fcaf4daad9/datanode-5/data/ratis/f4b50e33-5020-486a-8cc9-ad3ccdbe33b4/current/log_inprogress_0
2019-09-25 11:57:04,408 [Thread-349] INFO  impl.FollowerState (FollowerState.java:run(106)) - f59fc06d-a561-4bda-9641-bf15daa2d5cc:group-D14635865EBB changes to CANDIDATE, lastRpcTime:5002, electionTimeout:5002ms
2019-09-25 11:57:04,408 [Thread-349] INFO  impl.RoleInfo (RoleInfo.java:shutdownFollowerState(121)) - f59fc06d-a561-4bda-9641-bf15daa2d5cc: shutdown FollowerState
2019-09-25 11:57:04,408 [Thread-349] INFO  impl.RaftServerImpl (RaftServerImpl.java:setRole(174)) - f59fc06d-a561-4bda-9641-bf15daa2d5cc@group-D14635865EBB: changes role from  FOLLOWER to CANDIDATE at term 0 for changeToCandidate
2019-09-25 11:57:04,409 [Thread-349] INFO  impl.RoleInfo (RoleInfo.java:updateAndGet(143)) - f59fc06d-a561-4bda-9641-bf15daa2d5cc: start LeaderElection
2019-09-25 11:57:04,426 [f59fc06d-a561-4bda-9641-bf15daa2d5cc@group-D14635865EBB:LeaderElection33] INFO  impl.LeaderElection (LeaderElection.java:askForVotes(182)) - f59fc06d-a561-4bda-9641-bf15daa2d5cc@group-D14635865EBB:LeaderElection33: begin an election at term 1 for -1: [f59fc06d-a561-4bda-9641-bf15daa2d5cc:192.168.151.73:36905], old=null
2019-09-25 11:57:04,426 [f59fc06d-a561-4bda-9641-bf15daa2d5cc@group-D14635865EBB:LeaderElection33] INFO  impl.RoleInfo (RoleInfo.java:shutdownLeaderElection(134)) - f59fc06d-a561-4bda-9641-bf15daa2d5cc: shutdown LeaderElection
2019-09-25 11:57:04,427 [f59fc06d-a561-4bda-9641-bf15daa2d5cc@group-D14635865EBB:LeaderElection33] INFO  impl.RaftServerImpl (RaftServerImpl.java:setRole(174)) - f59fc06d-a561-4bda-9641-bf15daa2d5cc@group-D14635865EBB: changes role from CANDIDATE to LEADER at term 1 for changeToLeader
2019-09-25 11:57:04,427 [f59fc06d-a561-4bda-9641-bf15daa2d5cc@group-D14635865EBB:LeaderElection33] INFO  impl.RaftServerImpl (ServerState.java:setLeader(253)) - f59fc06d-a561-4bda-9641-bf15daa2d5cc@group-D14635865EBB: change Leader from null to f59fc06d-a561-4bda-9641-bf15daa2d5cc at term 1 for becomeLeader, leader elected after 5026ms
2019-09-25 11:57:04,427 [f59fc06d-a561-4bda-9641-bf15daa2d5cc@group-D14635865EBB:LeaderElection33] INFO  server.RaftServerConfigKeys (ConfUtils.java:logGet(43)) - raft.server.staging.catchup.gap = 1000 (default)
2019-09-25 11:57:04,427 [f59fc06d-a561-4bda-9641-bf15daa2d5cc@group-D14635865EBB:LeaderElection33] INFO  server.RaftServerConfigKeys (ConfUtils.java:logGet(43)) - raft.server.rpc.sleep.time = 25ms (default)
2019-09-25 11:57:04,427 [f59fc06d-a561-4bda-9641-bf15daa2d5cc@group-D14635865EBB:LeaderElection33] INFO  server.RaftServerConfigKeys (ConfUtils.java:logGet(43)) - raft.server.write.element-limit = 4096 (default)
2019-09-25 11:57:04,427 [f59fc06d-a561-4bda-9641-bf15daa2d5cc@group-D14635865EBB:LeaderElection33] INFO  server.RaftServerConfigKeys (ConfUtils.java:logGet(43)) - raft.server.watch.timeout = 10s (default)
2019-09-25 11:57:04,427 [f59fc06d-a561-4bda-9641-bf15daa2d5cc@group-D14635865EBB:LeaderElection33] INFO  server.RaftServerConfigKeys (ConfUtils.java:logGet(43)) - raft.server.watch.timeout.denomination = 1s (default)
2019-09-25 11:57:04,427 [f59fc06d-a561-4bda-9641-bf15daa2d5cc@group-D14635865EBB:LeaderElection33] INFO  server.RaftServerConfigKeys (ConfUtils.java:logGet(43)) - raft.server.watch.element-limit = 65536 (default)
2019-09-25 11:57:04,430 [f59fc06d-a561-4bda-9641-bf15daa2d5cc@group-D14635865EBB:LeaderElection33] INFO  impl.RoleInfo (RoleInfo.java:updateAndGet(143)) - f59fc06d-a561-4bda-9641-bf15daa2d5cc: start LeaderState
2019-09-25 11:57:04,430 [f59fc06d-a561-4bda-9641-bf15daa2d5cc@group-D14635865EBB:LeaderElection33] INFO  segmented.SegmentedRaftLogWorker (SegmentedRaftLogWorker.java:startLogSegment(380)) - f59fc06d-a561-4bda-9641-bf15daa2d5cc@group-D14635865EBB-SegmentedRaftLogWorker: Starting segment from index:0
2019-09-25 11:57:04,431 [f59fc06d-a561-4bda-9641-bf15daa2d5cc@group-D14635865EBB:LeaderElection33] INFO  impl.RaftServerImpl (ServerState.java:setRaftConf(354)) - f59fc06d-a561-4bda-9641-bf15daa2d5cc@group-D14635865EBB: set configuration 0: [f59fc06d-a561-4bda-9641-bf15daa2d5cc:192.168.151.73:36905], old=null at 0
2019-09-25 11:57:04,433 [Thread-346] INFO  impl.FollowerState (FollowerState.java:run(106)) - f59fc06d-a561-4bda-9641-bf15daa2d5cc:group-2A4196E36D76 changes to CANDIDATE, lastRpcTime:5085, electionTimeout:5084ms
2019-09-25 11:57:04,433 [Thread-346] INFO  impl.RoleInfo (RoleInfo.java:shutdownFollowerState(121)) - f59fc06d-a561-4bda-9641-bf15daa2d5cc: shutdown FollowerState
2019-09-25 11:57:04,434 [Thread-346] INFO  impl.RaftServerImpl (RaftServerImpl.java:setRole(174)) - f59fc06d-a561-4bda-9641-bf15daa2d5cc@group-2A4196E36D76: changes role from  FOLLOWER to CANDIDATE at term 0 for changeToCandidate
2019-09-25 11:57:04,434 [Thread-346] INFO  impl.RoleInfo (RoleInfo.java:updateAndGet(143)) - f59fc06d-a561-4bda-9641-bf15daa2d5cc: start LeaderElection
2019-09-25 11:57:04,468 [Thread-340] INFO  impl.FollowerState (FollowerState.java:run(106)) - 7361a01f-3bcc-4a30-b80f-3806f83048f3:group-A9491123AF0F changes to CANDIDATE, lastRpcTime:5206, electionTimeout:5174ms
2019-09-25 11:57:04,468 [Thread-340] INFO  impl.RoleInfo (RoleInfo.java:shutdownFollowerState(121)) - 7361a01f-3bcc-4a30-b80f-3806f83048f3: shutdown FollowerState
2019-09-25 11:57:04,468 [Thread-340] INFO  impl.RaftServerImpl (RaftServerImpl.java:setRole(174)) - 7361a01f-3bcc-4a30-b80f-3806f83048f3@group-A9491123AF0F: changes role from  FOLLOWER to CANDIDATE at term 0 for changeToCandidate
2019-09-25 11:57:04,468 [Thread-340] INFO  impl.RoleInfo (RoleInfo.java:updateAndGet(143)) - 7361a01f-3bcc-4a30-b80f-3806f83048f3: start LeaderElection
2019-09-25 11:57:04,481 [f59fc06d-a561-4bda-9641-bf15daa2d5cc@group-D14635865EBB-SegmentedRaftLogWorker] INFO  segmented.SegmentedRaftLogWorker (SegmentedRaftLogWorker.java:execute(569)) - f59fc06d-a561-4bda-9641-bf15daa2d5cc@group-D14635865EBB-SegmentedRaftLogWorker: created new log segment /workdir/hadoop-ozone/integration-test/target/test-dir/MiniOzoneClusterImpl-79e9daf4-eda6-4046-b710-e1fcaf4daad9/datanode-2/data/ratis/cdbe9b15-061e-4b16-a939-d14635865ebb/current/log_inprogress_0
2019-09-25 11:57:04,481 [7361a01f-3bcc-4a30-b80f-3806f83048f3@group-A9491123AF0F:LeaderElection35] INFO  impl.LeaderElection (LeaderElection.java:askForVotes(182)) - 7361a01f-3bcc-4a30-b80f-3806f83048f3@group-A9491123AF0F:LeaderElection35: begin an election at term 1 for -1: [7361a01f-3bcc-4a30-b80f-3806f83048f3:192.168.151.73:35812], old=null
2019-09-25 11:57:04,481 [f59fc06d-a561-4bda-9641-bf15daa2d5cc@group-2A4196E36D76:LeaderElection34] INFO  impl.LeaderElection (LeaderElection.java:askForVotes(182)) - f59fc06d-a561-4bda-9641-bf15daa2d5cc@group-2A4196E36D76:LeaderElection34: begin an election at term 1 for -1: [f59fc06d-a561-4bda-9641-bf15daa2d5cc:192.168.151.73:36905], old=null
2019-09-25 11:57:04,481 [7361a01f-3bcc-4a30-b80f-3806f83048f3@group-A9491123AF0F:LeaderElection35] INFO  impl.RoleInfo (RoleInfo.java:shutdownLeaderElection(134)) - 7361a01f-3bcc-4a30-b80f-3806f83048f3: shutdown LeaderElection
2019-09-25 11:57:04,482 [f59fc06d-a561-4bda-9641-bf15daa2d5cc@group-2A4196E36D76:LeaderElection34] INFO  impl.RoleInfo (RoleInfo.java:shutdownLeaderElection(134)) - f59fc06d-a561-4bda-9641-bf15daa2d5cc: shutdown LeaderElection
2019-09-25 11:57:04,482 [7361a01f-3bcc-4a30-b80f-3806f83048f3@group-A9491123AF0F:LeaderElection35] INFO  impl.RaftServerImpl (RaftServerImpl.java:setRole(174)) - 7361a01f-3bcc-4a30-b80f-3806f83048f3@group-A9491123AF0F: changes role from CANDIDATE to LEADER at term 1 for changeToLeader
2019-09-25 11:57:04,482 [f59fc06d-a561-4bda-9641-bf15daa2d5cc@group-2A4196E36D76:LeaderElection34] INFO  impl.RaftServerImpl (RaftServerImpl.java:setRole(174)) - f59fc06d-a561-4bda-9641-bf15daa2d5cc@group-2A4196E36D76: changes role from CANDIDATE to LEADER at term 1 for changeToLeader
2019-09-25 11:57:04,482 [7361a01f-3bcc-4a30-b80f-3806f83048f3@group-A9491123AF0F:LeaderElection35] INFO  impl.RaftServerImpl (ServerState.java:setLeader(253)) - 7361a01f-3bcc-4a30-b80f-3806f83048f3@group-A9491123AF0F: change Leader from null to 7361a01f-3bcc-4a30-b80f-3806f83048f3 at term 1 for becomeLeader, leader elected after 5227ms
2019-09-25 11:57:04,482 [f59fc06d-a561-4bda-9641-bf15daa2d5cc@group-2A4196E36D76:LeaderElection34] INFO  impl.RaftServerImpl (ServerState.java:setLeader(253)) - f59fc06d-a561-4bda-9641-bf15daa2d5cc@group-2A4196E36D76: change Leader from null to f59fc06d-a561-4bda-9641-bf15daa2d5cc at term 1 for becomeLeader, leader elected after 5140ms
2019-09-25 11:57:04,482 [7361a01f-3bcc-4a30-b80f-3806f83048f3@group-A9491123AF0F:LeaderElection35] INFO  server.RaftServerConfigKeys (ConfUtils.java:logGet(43)) - raft.server.staging.catchup.gap = 1000 (default)
2019-09-25 11:57:04,482 [f59fc06d-a561-4bda-9641-bf15daa2d5cc@group-2A4196E36D76:LeaderElection34] INFO  server.RaftServerConfigKeys (ConfUtils.java:logGet(43)) - raft.server.staging.catchup.gap = 1000 (default)
2019-09-25 11:57:04,483 [7361a01f-3bcc-4a30-b80f-3806f83048f3@group-A9491123AF0F:LeaderElection35] INFO  server.RaftServerConfigKeys (ConfUtils.java:logGet(43)) - raft.server.rpc.sleep.time = 25ms (default)
2019-09-25 11:57:04,483 [f59fc06d-a561-4bda-9641-bf15daa2d5cc@group-2A4196E36D76:LeaderElection34] INFO  server.RaftServerConfigKeys (ConfUtils.java:logGet(43)) - raft.server.rpc.sleep.time = 25ms (default)
2019-09-25 11:57:04,483 [7361a01f-3bcc-4a30-b80f-3806f83048f3@group-A9491123AF0F:LeaderElection35] INFO  server.RaftServerConfigKeys (ConfUtils.java:logGet(43)) - raft.server.write.element-limit = 4096 (default)
2019-09-25 11:57:04,483 [f59fc06d-a561-4bda-9641-bf15daa2d5cc@group-2A4196E36D76:LeaderElection34] INFO  server.RaftServerConfigKeys (ConfUtils.java:logGet(43)) - raft.server.write.element-limit = 4096 (default)
2019-09-25 11:57:04,483 [7361a01f-3bcc-4a30-b80f-3806f83048f3@group-A9491123AF0F:LeaderElection35] INFO  server.RaftServerConfigKeys (ConfUtils.java:logGet(43)) - raft.server.watch.timeout = 10s (default)
2019-09-25 11:57:04,483 [f59fc06d-a561-4bda-9641-bf15daa2d5cc@group-2A4196E36D76:LeaderElection34] INFO  server.RaftServerConfigKeys (ConfUtils.java:logGet(43)) - raft.server.watch.timeout = 10s (default)
2019-09-25 11:57:04,483 [7361a01f-3bcc-4a30-b80f-3806f83048f3@group-A9491123AF0F:LeaderElection35] INFO  server.RaftServerConfigKeys (ConfUtils.java:logGet(43)) - raft.server.watch.timeout.denomination = 1s (default)
2019-09-25 11:57:04,483 [f59fc06d-a561-4bda-9641-bf15daa2d5cc@group-2A4196E36D76:LeaderElection34] INFO  server.RaftServerConfigKeys (ConfUtils.java:logGet(43)) - raft.server.watch.timeout.denomination = 1s (default)
2019-09-25 11:57:04,484 [7361a01f-3bcc-4a30-b80f-3806f83048f3@group-A9491123AF0F:LeaderElection35] INFO  server.RaftServerConfigKeys (ConfUtils.java:logGet(43)) - raft.server.watch.element-limit = 65536 (default)
2019-09-25 11:57:04,484 [f59fc06d-a561-4bda-9641-bf15daa2d5cc@group-2A4196E36D76:LeaderElection34] INFO  server.RaftServerConfigKeys (ConfUtils.java:logGet(43)) - raft.server.watch.element-limit = 65536 (default)
2019-09-25 11:57:04,487 [7361a01f-3bcc-4a30-b80f-3806f83048f3@group-A9491123AF0F:LeaderElection35] INFO  impl.RoleInfo (RoleInfo.java:updateAndGet(143)) - 7361a01f-3bcc-4a30-b80f-3806f83048f3: start LeaderState
2019-09-25 11:57:04,488 [f59fc06d-a561-4bda-9641-bf15daa2d5cc@group-2A4196E36D76:LeaderElection34] INFO  impl.RoleInfo (RoleInfo.java:updateAndGet(143)) - f59fc06d-a561-4bda-9641-bf15daa2d5cc: start LeaderState
2019-09-25 11:57:04,488 [7361a01f-3bcc-4a30-b80f-3806f83048f3@group-A9491123AF0F:LeaderElection35] INFO  segmented.SegmentedRaftLogWorker (SegmentedRaftLogWorker.java:startLogSegment(380)) - 7361a01f-3bcc-4a30-b80f-3806f83048f3@group-A9491123AF0F-SegmentedRaftLogWorker: Starting segment from index:0
2019-09-25 11:57:04,488 [f59fc06d-a561-4bda-9641-bf15daa2d5cc@group-2A4196E36D76:LeaderElection34] INFO  segmented.SegmentedRaftLogWorker (SegmentedRaftLogWorker.java:startLogSegment(380)) - f59fc06d-a561-4bda-9641-bf15daa2d5cc@group-2A4196E36D76-SegmentedRaftLogWorker: Starting segment from index:0
2019-09-25 11:57:04,488 [7361a01f-3bcc-4a30-b80f-3806f83048f3@group-A9491123AF0F:LeaderElection35] INFO  impl.RaftServerImpl (ServerState.java:setRaftConf(354)) - 7361a01f-3bcc-4a30-b80f-3806f83048f3@group-A9491123AF0F: set configuration 0: [7361a01f-3bcc-4a30-b80f-3806f83048f3:192.168.151.73:35812], old=null at 0
2019-09-25 11:57:04,526 [Thread-343] INFO  impl.FollowerState (FollowerState.java:run(106)) - f59fc06d-a561-4bda-9641-bf15daa2d5cc:group-C5E2111D3C8F changes to CANDIDATE, lastRpcTime:5211, electionTimeout:5175ms
2019-09-25 11:57:04,526 [f59fc06d-a561-4bda-9641-bf15daa2d5cc@group-2A4196E36D76:LeaderElection34] INFO  impl.RaftServerImpl (ServerState.java:setRaftConf(354)) - f59fc06d-a561-4bda-9641-bf15daa2d5cc@group-2A4196E36D76: set configuration 0: [f59fc06d-a561-4bda-9641-bf15daa2d5cc:192.168.151.73:36905], old=null at 0
2019-09-25 11:57:04,526 [Thread-343] INFO  impl.RoleInfo (RoleInfo.java:shutdownFollowerState(121)) - f59fc06d-a561-4bda-9641-bf15daa2d5cc: shutdown FollowerState
2019-09-25 11:57:04,529 [Thread-343] INFO  impl.RaftServerImpl (RaftServerImpl.java:setRole(174)) - f59fc06d-a561-4bda-9641-bf15daa2d5cc@group-C5E2111D3C8F: changes role from  FOLLOWER to CANDIDATE at term 0 for changeToCandidate
2019-09-25 11:57:04,529 [Thread-343] INFO  impl.RoleInfo (RoleInfo.java:updateAndGet(143)) - f59fc06d-a561-4bda-9641-bf15daa2d5cc: start LeaderElection
2019-09-25 11:57:04,539 [f59fc06d-a561-4bda-9641-bf15daa2d5cc@group-2A4196E36D76-SegmentedRaftLogWorker] INFO  segmented.SegmentedRaftLogWorker (SegmentedRaftLogWorker.java:execute(569)) - f59fc06d-a561-4bda-9641-bf15daa2d5cc@group-2A4196E36D76-SegmentedRaftLogWorker: created new log segment /workdir/hadoop-ozone/integration-test/target/test-dir/MiniOzoneClusterImpl-79e9daf4-eda6-4046-b710-e1fcaf4daad9/datanode-2/data/ratis/bcdd55d3-d8de-4ba6-bc09-2a4196e36d76/current/log_inprogress_0
2019-09-25 11:57:04,539 [7361a01f-3bcc-4a30-b80f-3806f83048f3@group-A9491123AF0F-SegmentedRaftLogWorker] INFO  segmented.SegmentedRaftLogWorker (SegmentedRaftLogWorker.java:execute(569)) - 7361a01f-3bcc-4a30-b80f-3806f83048f3@group-A9491123AF0F-SegmentedRaftLogWorker: created new log segment /workdir/hadoop-ozone/integration-test/target/test-dir/MiniOzoneClusterImpl-79e9daf4-eda6-4046-b710-e1fcaf4daad9/datanode-3/data/ratis/874de2f8-9292-4fbc-ae31-a9491123af0f/current/log_inprogress_0
2019-09-25 11:57:04,539 [f59fc06d-a561-4bda-9641-bf15daa2d5cc@group-C5E2111D3C8F:LeaderElection36] INFO  impl.LeaderElection (LeaderElection.java:askForVotes(182)) - f59fc06d-a561-4bda-9641-bf15daa2d5cc@group-C5E2111D3C8F:LeaderElection36: begin an election at term 1 for -1: [f59fc06d-a561-4bda-9641-bf15daa2d5cc:192.168.151.73:36905], old=null
2019-09-25 11:57:04,539 [f59fc06d-a561-4bda-9641-bf15daa2d5cc@group-C5E2111D3C8F:LeaderElection36] INFO  impl.RoleInfo (RoleInfo.java:shutdownLeaderElection(134)) - f59fc06d-a561-4bda-9641-bf15daa2d5cc: shutdown LeaderElection
2019-09-25 11:57:04,540 [f59fc06d-a561-4bda-9641-bf15daa2d5cc@group-C5E2111D3C8F:LeaderElection36] INFO  impl.RaftServerImpl (RaftServerImpl.java:setRole(174)) - f59fc06d-a561-4bda-9641-bf15daa2d5cc@group-C5E2111D3C8F: changes role from CANDIDATE to LEADER at term 1 for changeToLeader
2019-09-25 11:57:04,540 [f59fc06d-a561-4bda-9641-bf15daa2d5cc@group-C5E2111D3C8F:LeaderElection36] INFO  impl.RaftServerImpl (ServerState.java:setLeader(253)) - f59fc06d-a561-4bda-9641-bf15daa2d5cc@group-C5E2111D3C8F: change Leader from null to f59fc06d-a561-4bda-9641-bf15daa2d5cc at term 1 for becomeLeader, leader elected after 5231ms
2019-09-25 11:57:04,540 [f59fc06d-a561-4bda-9641-bf15daa2d5cc@group-C5E2111D3C8F:LeaderElection36] INFO  server.RaftServerConfigKeys (ConfUtils.java:logGet(43)) - raft.server.staging.catchup.gap = 1000 (default)
2019-09-25 11:57:04,540 [f59fc06d-a561-4bda-9641-bf15daa2d5cc@group-C5E2111D3C8F:LeaderElection36] INFO  server.RaftServerConfigKeys (ConfUtils.java:logGet(43)) - raft.server.rpc.sleep.time = 25ms (default)
2019-09-25 11:57:04,540 [f59fc06d-a561-4bda-9641-bf15daa2d5cc@group-C5E2111D3C8F:LeaderElection36] INFO  server.RaftServerConfigKeys (ConfUtils.java:logGet(43)) - raft.server.write.element-limit = 4096 (default)
2019-09-25 11:57:04,540 [f59fc06d-a561-4bda-9641-bf15daa2d5cc@group-C5E2111D3C8F:LeaderElection36] INFO  server.RaftServerConfigKeys (ConfUtils.java:logGet(43)) - raft.server.watch.timeout = 10s (default)
2019-09-25 11:57:04,541 [f59fc06d-a561-4bda-9641-bf15daa2d5cc@group-C5E2111D3C8F:LeaderElection36] INFO  server.RaftServerConfigKeys (ConfUtils.java:logGet(43)) - raft.server.watch.timeout.denomination = 1s (default)
2019-09-25 11:57:04,541 [f59fc06d-a561-4bda-9641-bf15daa2d5cc@group-C5E2111D3C8F:LeaderElection36] INFO  server.RaftServerConfigKeys (ConfUtils.java:logGet(43)) - raft.server.watch.element-limit = 65536 (default)
2019-09-25 11:57:04,544 [f59fc06d-a561-4bda-9641-bf15daa2d5cc@group-C5E2111D3C8F:LeaderElection36] INFO  impl.RoleInfo (RoleInfo.java:updateAndGet(143)) - f59fc06d-a561-4bda-9641-bf15daa2d5cc: start LeaderState
2019-09-25 11:57:04,544 [f59fc06d-a561-4bda-9641-bf15daa2d5cc@group-C5E2111D3C8F:LeaderElection36] INFO  segmented.SegmentedRaftLogWorker (SegmentedRaftLogWorker.java:startLogSegment(380)) - f59fc06d-a561-4bda-9641-bf15daa2d5cc@group-C5E2111D3C8F-SegmentedRaftLogWorker: Starting segment from index:0
2019-09-25 11:57:04,544 [f59fc06d-a561-4bda-9641-bf15daa2d5cc@group-C5E2111D3C8F:LeaderElection36] INFO  impl.RaftServerImpl (ServerState.java:setRaftConf(354)) - f59fc06d-a561-4bda-9641-bf15daa2d5cc@group-C5E2111D3C8F: set configuration 0: [f59fc06d-a561-4bda-9641-bf15daa2d5cc:192.168.151.73:36905], old=null at 0
2019-09-25 11:57:04,578 [Thread-352] INFO  impl.FollowerState (FollowerState.java:run(106)) - 7361a01f-3bcc-4a30-b80f-3806f83048f3:group-995EE0122400 changes to CANDIDATE, lastRpcTime:5128, electionTimeout:5125ms
2019-09-25 11:57:04,578 [Thread-355] INFO  impl.FollowerState (FollowerState.java:run(106)) - 7361a01f-3bcc-4a30-b80f-3806f83048f3:group-416EABC40FAC changes to CANDIDATE, lastRpcTime:5064, electionTimeout:5050ms
2019-09-25 11:57:04,578 [Thread-355] INFO  impl.RoleInfo (RoleInfo.java:shutdownFollowerState(121)) - 7361a01f-3bcc-4a30-b80f-3806f83048f3: shutdown FollowerState
2019-09-25 11:57:04,578 [Thread-352] INFO  impl.RoleInfo (RoleInfo.java:shutdownFollowerState(121)) - 7361a01f-3bcc-4a30-b80f-3806f83048f3: shutdown FollowerState
2019-09-25 11:57:04,578 [Thread-355] INFO  impl.RaftServerImpl (RaftServerImpl.java:setRole(174)) - 7361a01f-3bcc-4a30-b80f-3806f83048f3@group-416EABC40FAC: changes role from  FOLLOWER to CANDIDATE at term 0 for changeToCandidate
2019-09-25 11:57:04,579 [Thread-352] INFO  impl.RaftServerImpl (RaftServerImpl.java:setRole(174)) - 7361a01f-3bcc-4a30-b80f-3806f83048f3@group-995EE0122400: changes role from  FOLLOWER to CANDIDATE at term 0 for changeToCandidate
2019-09-25 11:57:04,579 [Thread-355] INFO  impl.RoleInfo (RoleInfo.java:updateAndGet(143)) - 7361a01f-3bcc-4a30-b80f-3806f83048f3: start LeaderElection
2019-09-25 11:57:04,579 [Thread-352] INFO  impl.RoleInfo (RoleInfo.java:updateAndGet(143)) - 7361a01f-3bcc-4a30-b80f-3806f83048f3: start LeaderElection
2019-09-25 11:57:04,591 [f59fc06d-a561-4bda-9641-bf15daa2d5cc@group-C5E2111D3C8F-SegmentedRaftLogWorker] INFO  segmented.SegmentedRaftLogWorker (SegmentedRaftLogWorker.java:execute(569)) - f59fc06d-a561-4bda-9641-bf15daa2d5cc@group-C5E2111D3C8F-SegmentedRaftLogWorker: created new log segment /workdir/hadoop-ozone/integration-test/target/test-dir/MiniOzoneClusterImpl-79e9daf4-eda6-4046-b710-e1fcaf4daad9/datanode-2/data/ratis/0270b4e8-7547-4d03-a975-c5e2111d3c8f/current/log_inprogress_0
2019-09-25 11:57:04,591 [7361a01f-3bcc-4a30-b80f-3806f83048f3@group-995EE0122400:LeaderElection38] INFO  impl.LeaderElection (LeaderElection.java:askForVotes(182)) - 7361a01f-3bcc-4a30-b80f-3806f83048f3@group-995EE0122400:LeaderElection38: begin an election at term 1 for -1: [7361a01f-3bcc-4a30-b80f-3806f83048f3:192.168.151.73:35812], old=null
2019-09-25 11:57:04,591 [7361a01f-3bcc-4a30-b80f-3806f83048f3@group-416EABC40FAC:LeaderElection37] INFO  impl.LeaderElection (LeaderElection.java:askForVotes(182)) - 7361a01f-3bcc-4a30-b80f-3806f83048f3@group-416EABC40FAC:LeaderElection37: begin an election at term 1 for -1: [7361a01f-3bcc-4a30-b80f-3806f83048f3:192.168.151.73:35812], old=null
2019-09-25 11:57:04,591 [7361a01f-3bcc-4a30-b80f-3806f83048f3@group-995EE0122400:LeaderElection38] INFO  impl.RoleInfo (RoleInfo.java:shutdownLeaderElection(134)) - 7361a01f-3bcc-4a30-b80f-3806f83048f3: shutdown LeaderElection
2019-09-25 11:57:04,591 [7361a01f-3bcc-4a30-b80f-3806f83048f3@group-416EABC40FAC:LeaderElection37] INFO  impl.RoleInfo (RoleInfo.java:shutdownLeaderElection(134)) - 7361a01f-3bcc-4a30-b80f-3806f83048f3: shutdown LeaderElection
2019-09-25 11:57:04,591 [7361a01f-3bcc-4a30-b80f-3806f83048f3@group-995EE0122400:LeaderElection38] INFO  impl.RaftServerImpl (RaftServerImpl.java:setRole(174)) - 7361a01f-3bcc-4a30-b80f-3806f83048f3@group-995EE0122400: changes role from CANDIDATE to LEADER at term 1 for changeToLeader
2019-09-25 11:57:04,592 [7361a01f-3bcc-4a30-b80f-3806f83048f3@group-416EABC40FAC:LeaderElection37] INFO  impl.RaftServerImpl (RaftServerImpl.java:setRole(174)) - 7361a01f-3bcc-4a30-b80f-3806f83048f3@group-416EABC40FAC: changes role from CANDIDATE to LEADER at term 1 for changeToLeader
2019-09-25 11:57:04,592 [7361a01f-3bcc-4a30-b80f-3806f83048f3@group-995EE0122400:LeaderElection38] INFO  impl.RaftServerImpl (ServerState.java:setLeader(253)) - 7361a01f-3bcc-4a30-b80f-3806f83048f3@group-995EE0122400: change Leader from null to 7361a01f-3bcc-4a30-b80f-3806f83048f3 at term 1 for becomeLeader, leader elected after 5149ms
2019-09-25 11:57:04,592 [7361a01f-3bcc-4a30-b80f-3806f83048f3@group-416EABC40FAC:LeaderElection37] INFO  impl.RaftServerImpl (ServerState.java:setLeader(253)) - 7361a01f-3bcc-4a30-b80f-3806f83048f3@group-416EABC40FAC: change Leader from null to 7361a01f-3bcc-4a30-b80f-3806f83048f3 at term 1 for becomeLeader, leader elected after 5084ms
2019-09-25 11:57:04,592 [7361a01f-3bcc-4a30-b80f-3806f83048f3@group-995EE0122400:LeaderElection38] INFO  server.RaftServerConfigKeys (ConfUtils.java:logGet(43)) - raft.server.staging.catchup.gap = 1000 (default)
2019-09-25 11:57:04,592 [7361a01f-3bcc-4a30-b80f-3806f83048f3@group-416EABC40FAC:LeaderElection37] INFO  server.RaftServerConfigKeys (ConfUtils.java:logGet(43)) - raft.server.staging.catchup.gap = 1000 (default)
2019-09-25 11:57:04,592 [7361a01f-3bcc-4a30-b80f-3806f83048f3@group-995EE0122400:LeaderElection38] INFO  server.RaftServerConfigKeys (ConfUtils.java:logGet(43)) - raft.server.rpc.sleep.time = 25ms (default)
2019-09-25 11:57:04,592 [7361a01f-3bcc-4a30-b80f-3806f83048f3@group-416EABC40FAC:LeaderElection37] INFO  server.RaftServerConfigKeys (ConfUtils.java:logGet(43)) - raft.server.rpc.sleep.time = 25ms (default)
2019-09-25 11:57:04,593 [7361a01f-3bcc-4a30-b80f-3806f83048f3@group-995EE0122400:LeaderElection38] INFO  server.RaftServerConfigKeys (ConfUtils.java:logGet(43)) - raft.server.write.element-limit = 4096 (default)
2019-09-25 11:57:04,593 [7361a01f-3bcc-4a30-b80f-3806f83048f3@group-416EABC40FAC:LeaderElection37] INFO  server.RaftServerConfigKeys (ConfUtils.java:logGet(43)) - raft.server.write.element-limit = 4096 (default)
2019-09-25 11:57:04,593 [7361a01f-3bcc-4a30-b80f-3806f83048f3@group-995EE0122400:LeaderElection38] INFO  server.RaftServerConfigKeys (ConfUtils.java:logGet(43)) - raft.server.watch.timeout = 10s (default)
2019-09-25 11:57:04,593 [7361a01f-3bcc-4a30-b80f-3806f83048f3@group-416EABC40FAC:LeaderElection37] INFO  server.RaftServerConfigKeys (ConfUtils.java:logGet(43)) - raft.server.watch.timeout = 10s (default)
2019-09-25 11:57:04,593 [7361a01f-3bcc-4a30-b80f-3806f83048f3@group-995EE0122400:LeaderElection38] INFO  server.RaftServerConfigKeys (ConfUtils.java:logGet(43)) - raft.server.watch.timeout.denomination = 1s (default)
2019-09-25 11:57:04,593 [7361a01f-3bcc-4a30-b80f-3806f83048f3@group-416EABC40FAC:LeaderElection37] INFO  server.RaftServerConfigKeys (ConfUtils.java:logGet(43)) - raft.server.watch.timeout.denomination = 1s (default)
2019-09-25 11:57:04,593 [7361a01f-3bcc-4a30-b80f-3806f83048f3@group-995EE0122400:LeaderElection38] INFO  server.RaftServerConfigKeys (ConfUtils.java:logGet(43)) - raft.server.watch.element-limit = 65536 (default)
2019-09-25 11:57:04,594 [7361a01f-3bcc-4a30-b80f-3806f83048f3@group-416EABC40FAC:LeaderElection37] INFO  server.RaftServerConfigKeys (ConfUtils.java:logGet(43)) - raft.server.watch.element-limit = 65536 (default)
2019-09-25 11:57:04,597 [7361a01f-3bcc-4a30-b80f-3806f83048f3@group-995EE0122400:LeaderElection38] INFO  impl.RoleInfo (RoleInfo.java:updateAndGet(143)) - 7361a01f-3bcc-4a30-b80f-3806f83048f3: start LeaderState
2019-09-25 11:57:04,598 [7361a01f-3bcc-4a30-b80f-3806f83048f3@group-416EABC40FAC:LeaderElection37] INFO  impl.RoleInfo (RoleInfo.java:updateAndGet(143)) - 7361a01f-3bcc-4a30-b80f-3806f83048f3: start LeaderState
2019-09-25 11:57:04,598 [7361a01f-3bcc-4a30-b80f-3806f83048f3@group-995EE0122400:LeaderElection38] INFO  segmented.SegmentedRaftLogWorker (SegmentedRaftLogWorker.java:startLogSegment(380)) - 7361a01f-3bcc-4a30-b80f-3806f83048f3@group-995EE0122400-SegmentedRaftLogWorker: Starting segment from index:0
2019-09-25 11:57:04,598 [7361a01f-3bcc-4a30-b80f-3806f83048f3@group-416EABC40FAC:LeaderElection37] INFO  segmented.SegmentedRaftLogWorker (SegmentedRaftLogWorker.java:startLogSegment(380)) - 7361a01f-3bcc-4a30-b80f-3806f83048f3@group-416EABC40FAC-SegmentedRaftLogWorker: Starting segment from index:0
2019-09-25 11:57:04,598 [7361a01f-3bcc-4a30-b80f-3806f83048f3@group-995EE0122400:LeaderElection38] INFO  impl.RaftServerImpl (ServerState.java:setRaftConf(354)) - 7361a01f-3bcc-4a30-b80f-3806f83048f3@group-995EE0122400: set configuration 0: [7361a01f-3bcc-4a30-b80f-3806f83048f3:192.168.151.73:35812], old=null at 0
2019-09-25 11:57:04,599 [7361a01f-3bcc-4a30-b80f-3806f83048f3@group-416EABC40FAC:LeaderElection37] INFO  impl.RaftServerImpl (ServerState.java:setRaftConf(354)) - 7361a01f-3bcc-4a30-b80f-3806f83048f3@group-416EABC40FAC: set configuration 0: [7361a01f-3bcc-4a30-b80f-3806f83048f3:192.168.151.73:35812], old=null at 0
2019-09-25 11:57:04,634 [EventQueue-StaleNodeForStaleNodeHandler] INFO  node.StaleNodeHandler (StaleNodeHandler.java:onMessage(58)) - Datanode a49539dc-5450-4b38-9858-49dc7b52b4cc{ip: 192.168.151.73, host: pr-hdds-1569-shd4m-3693607622, networkLocation: /default-rack, certSerialId: null} moved to stale state. Finalizing its pipelines [PipelineID=fdbd45fb-b9e1-4bf6-acee-710c4b2f9cdc, PipelineID=d0d38c5d-5045-4051-91f8-534a98eded96, PipelineID=ba84e613-1948-4a19-94de-5425f29ddd96, PipelineID=f132a7d0-2641-49e9-8e83-750505f72edc, PipelineID=929044d1-93f0-4d87-a091-211bdefbd79e, PipelineID=4fa5eea3-6375-48dc-8efb-c84cdd09568a]
2019-09-25 11:57:04,634 [EventQueue-StaleNodeForStaleNodeHandler] INFO  pipeline.SCMPipelineManager (SCMPipelineManager.java:finalizeAndDestroyPipeline(316)) - destroying pipeline:Pipeline[ Id: fdbd45fb-b9e1-4bf6-acee-710c4b2f9cdc, Nodes: a49539dc-5450-4b38-9858-49dc7b52b4cc{ip: 192.168.151.73, host: pr-hdds-1569-shd4m-3693607622, networkLocation: /default-rack, certSerialId: null}, Type:RATIS, Factor:ONE, State:OPEN]
2019-09-25 11:57:04,634 [EventQueue-StaleNodeForStaleNodeHandler] INFO  pipeline.PipelineStateManager (PipelineStateManager.java:finalizePipeline(123)) - Pipeline Pipeline[ Id: fdbd45fb-b9e1-4bf6-acee-710c4b2f9cdc, Nodes: a49539dc-5450-4b38-9858-49dc7b52b4cc{ip: 192.168.151.73, host: pr-hdds-1569-shd4m-3693607622, networkLocation: /default-rack, certSerialId: null}, Type:RATIS, Factor:ONE, State:CLOSED] moved to CLOSED state
2019-09-25 11:57:04,635 [EventQueue-StaleNodeForStaleNodeHandler] INFO  pipeline.SCMPipelineManager (SCMPipelineManager.java:finalizeAndDestroyPipeline(316)) - destroying pipeline:Pipeline[ Id: d0d38c5d-5045-4051-91f8-534a98eded96, Nodes: a49539dc-5450-4b38-9858-49dc7b52b4cc{ip: 192.168.151.73, host: pr-hdds-1569-shd4m-3693607622, networkLocation: /default-rack, certSerialId: null}, Type:RATIS, Factor:ONE, State:OPEN]
2019-09-25 11:57:04,635 [EventQueue-StaleNodeForStaleNodeHandler] INFO  pipeline.PipelineStateManager (PipelineStateManager.java:finalizePipeline(123)) - Pipeline Pipeline[ Id: d0d38c5d-5045-4051-91f8-534a98eded96, Nodes: a49539dc-5450-4b38-9858-49dc7b52b4cc{ip: 192.168.151.73, host: pr-hdds-1569-shd4m-3693607622, networkLocation: /default-rack, certSerialId: null}, Type:RATIS, Factor:ONE, State:CLOSED] moved to CLOSED state
2019-09-25 11:57:04,635 [EventQueue-StaleNodeForStaleNodeHandler] INFO  pipeline.SCMPipelineManager (SCMPipelineManager.java:finalizeAndDestroyPipeline(316)) - destroying pipeline:Pipeline[ Id: ba84e613-1948-4a19-94de-5425f29ddd96, Nodes: a49539dc-5450-4b38-9858-49dc7b52b4cc{ip: 192.168.151.73, host: pr-hdds-1569-shd4m-3693607622, networkLocation: /default-rack, certSerialId: null}, Type:RATIS, Factor:ONE, State:OPEN]
2019-09-25 11:57:04,635 [EventQueue-StaleNodeForStaleNodeHandler] INFO  pipeline.PipelineStateManager (PipelineStateManager.java:finalizePipeline(123)) - Pipeline Pipeline[ Id: ba84e613-1948-4a19-94de-5425f29ddd96, Nodes: a49539dc-5450-4b38-9858-49dc7b52b4cc{ip: 192.168.151.73, host: pr-hdds-1569-shd4m-3693607622, networkLocation: /default-rack, certSerialId: null}, Type:RATIS, Factor:ONE, State:CLOSED] moved to CLOSED state
2019-09-25 11:57:04,635 [EventQueue-StaleNodeForStaleNodeHandler] INFO  pipeline.SCMPipelineManager (SCMPipelineManager.java:finalizeAndDestroyPipeline(316)) - destroying pipeline:Pipeline[ Id: f132a7d0-2641-49e9-8e83-750505f72edc, Nodes: a49539dc-5450-4b38-9858-49dc7b52b4cc{ip: 192.168.151.73, host: pr-hdds-1569-shd4m-3693607622, networkLocation: /default-rack, certSerialId: null}, Type:RATIS, Factor:ONE, State:OPEN]
2019-09-25 11:57:04,635 [EventQueue-StaleNodeForStaleNodeHandler] INFO  pipeline.PipelineStateManager (PipelineStateManager.java:finalizePipeline(123)) - Pipeline Pipeline[ Id: f132a7d0-2641-49e9-8e83-750505f72edc, Nodes: a49539dc-5450-4b38-9858-49dc7b52b4cc{ip: 192.168.151.73, host: pr-hdds-1569-shd4m-3693607622, networkLocation: /default-rack, certSerialId: null}, Type:RATIS, Factor:ONE, State:CLOSED] moved to CLOSED state
2019-09-25 11:57:04,636 [EventQueue-StaleNodeForStaleNodeHandler] INFO  pipeline.SCMPipelineManager (SCMPipelineManager.java:finalizeAndDestroyPipeline(316)) - destroying pipeline:Pipeline[ Id: 929044d1-93f0-4d87-a091-211bdefbd79e, Nodes: a49539dc-5450-4b38-9858-49dc7b52b4cc{ip: 192.168.151.73, host: pr-hdds-1569-shd4m-3693607622, networkLocation: /default-rack, certSerialId: null}, Type:RATIS, Factor:ONE, State:OPEN]
2019-09-25 11:57:04,636 [EventQueue-StaleNodeForStaleNodeHandler] INFO  pipeline.PipelineStateManager (PipelineStateManager.java:finalizePipeline(123)) - Pipeline Pipeline[ Id: 929044d1-93f0-4d87-a091-211bdefbd79e, Nodes: a49539dc-5450-4b38-9858-49dc7b52b4cc{ip: 192.168.151.73, host: pr-hdds-1569-shd4m-3693607622, networkLocation: /default-rack, certSerialId: null}, Type:RATIS, Factor:ONE, State:CLOSED] moved to CLOSED state
2019-09-25 11:57:04,636 [EventQueue-StaleNodeForStaleNodeHandler] INFO  pipeline.SCMPipelineManager (SCMPipelineManager.java:finalizeAndDestroyPipeline(316)) - destroying pipeline:Pipeline[ Id: 4fa5eea3-6375-48dc-8efb-c84cdd09568a, Nodes: a49539dc-5450-4b38-9858-49dc7b52b4cc{ip: 192.168.151.73, host: pr-hdds-1569-shd4m-3693607622, networkLocation: /default-rack, certSerialId: null}, Type:RATIS, Factor:ONE, State:OPEN]
2019-09-25 11:57:04,636 [EventQueue-StaleNodeForStaleNodeHandler] INFO  pipeline.PipelineStateManager (PipelineStateManager.java:finalizePipeline(123)) - Pipeline Pipeline[ Id: 4fa5eea3-6375-48dc-8efb-c84cdd09568a, Nodes: a49539dc-5450-4b38-9858-49dc7b52b4cc{ip: 192.168.151.73, host: pr-hdds-1569-shd4m-3693607622, networkLocation: /default-rack, certSerialId: null}, Type:RATIS, Factor:ONE, State:CLOSED] moved to CLOSED state
2019-09-25 11:57:04,640 [7361a01f-3bcc-4a30-b80f-3806f83048f3@group-995EE0122400-SegmentedRaftLogWorker] INFO  segmented.SegmentedRaftLogWorker (SegmentedRaftLogWorker.java:execute(569)) - 7361a01f-3bcc-4a30-b80f-3806f83048f3@group-995EE0122400-SegmentedRaftLogWorker: created new log segment /workdir/hadoop-ozone/integration-test/target/test-dir/MiniOzoneClusterImpl-79e9daf4-eda6-4046-b710-e1fcaf4daad9/datanode-3/data/ratis/7d007fab-ed38-4d8f-937c-995ee0122400/current/log_inprogress_0
2019-09-25 11:57:04,640 [7361a01f-3bcc-4a30-b80f-3806f83048f3@group-416EABC40FAC-SegmentedRaftLogWorker] INFO  segmented.SegmentedRaftLogWorker (SegmentedRaftLogWorker.java:execute(569)) - 7361a01f-3bcc-4a30-b80f-3806f83048f3@group-416EABC40FAC-SegmentedRaftLogWorker: created new log segment /workdir/hadoop-ozone/integration-test/target/test-dir/MiniOzoneClusterImpl-79e9daf4-eda6-4046-b710-e1fcaf4daad9/datanode-3/data/ratis/01fee828-99d8-4c12-acaf-416eabc40fac/current/log_inprogress_0
2019-09-25 11:57:04,675 [Thread-358] INFO  impl.FollowerState (FollowerState.java:run(106)) - 59f2e4b8-41c0-4853-b4df-5d86491a517d:group-EBA837361168 changes to CANDIDATE, lastRpcTime:5097, electionTimeout:5097ms
2019-09-25 11:57:04,675 [Thread-358] INFO  impl.RoleInfo (RoleInfo.java:shutdownFollowerState(121)) - 59f2e4b8-41c0-4853-b4df-5d86491a517d: shutdown FollowerState
2019-09-25 11:57:04,675 [Thread-358] INFO  impl.RaftServerImpl (RaftServerImpl.java:setRole(174)) - 59f2e4b8-41c0-4853-b4df-5d86491a517d@group-EBA837361168: changes role from  FOLLOWER to CANDIDATE at term 0 for changeToCandidate
2019-09-25 11:57:04,676 [Thread-358] INFO  impl.RoleInfo (RoleInfo.java:updateAndGet(143)) - 59f2e4b8-41c0-4853-b4df-5d86491a517d: start LeaderElection
2019-09-25 11:57:04,690 [Thread-361] INFO  impl.FollowerState (FollowerState.java:run(106)) - c4c6e274-a2e5-461e-9f46-318649b031aa:group-29260458704D changes to CANDIDATE, lastRpcTime:5051, electionTimeout:5041ms
2019-09-25 11:57:04,690 [Thread-361] INFO  impl.RoleInfo (RoleInfo.java:shutdownFollowerState(121)) - c4c6e274-a2e5-461e-9f46-318649b031aa: shutdown FollowerState
2019-09-25 11:57:04,690 [Thread-361] INFO  impl.RaftServerImpl (RaftServerImpl.java:setRole(174)) - c4c6e274-a2e5-461e-9f46-318649b031aa@group-29260458704D: changes role from  FOLLOWER to CANDIDATE at term 0 for changeToCandidate
2019-09-25 11:57:04,690 [Thread-361] INFO  impl.RoleInfo (RoleInfo.java:updateAndGet(143)) - c4c6e274-a2e5-461e-9f46-318649b031aa: start LeaderElection
2019-09-25 11:57:04,706 [59f2e4b8-41c0-4853-b4df-5d86491a517d@group-EBA837361168:LeaderElection39] INFO  impl.LeaderElection (LeaderElection.java:askForVotes(182)) - 59f2e4b8-41c0-4853-b4df-5d86491a517d@group-EBA837361168:LeaderElection39: begin an election at term 1 for -1: [59f2e4b8-41c0-4853-b4df-5d86491a517d:192.168.151.73:42681], old=null
2019-09-25 11:57:04,707 [c4c6e274-a2e5-461e-9f46-318649b031aa@group-29260458704D:LeaderElection40] INFO  impl.LeaderElection (LeaderElection.java:askForVotes(182)) - c4c6e274-a2e5-461e-9f46-318649b031aa@group-29260458704D:LeaderElection40: begin an election at term 1 for -1: [c4c6e274-a2e5-461e-9f46-318649b031aa:192.168.151.73:46301], old=null
2019-09-25 11:57:04,707 [59f2e4b8-41c0-4853-b4df-5d86491a517d@group-EBA837361168:LeaderElection39] INFO  impl.RoleInfo (RoleInfo.java:shutdownLeaderElection(134)) - 59f2e4b8-41c0-4853-b4df-5d86491a517d: shutdown LeaderElection
2019-09-25 11:57:04,707 [c4c6e274-a2e5-461e-9f46-318649b031aa@group-29260458704D:LeaderElection40] INFO  impl.RoleInfo (RoleInfo.java:shutdownLeaderElection(134)) - c4c6e274-a2e5-461e-9f46-318649b031aa: shutdown LeaderElection
2019-09-25 11:57:04,707 [59f2e4b8-41c0-4853-b4df-5d86491a517d@group-EBA837361168:LeaderElection39] INFO  impl.RaftServerImpl (RaftServerImpl.java:setRole(174)) - 59f2e4b8-41c0-4853-b4df-5d86491a517d@group-EBA837361168: changes role from CANDIDATE to LEADER at term 1 for changeToLeader
2019-09-25 11:57:04,707 [c4c6e274-a2e5-461e-9f46-318649b031aa@group-29260458704D:LeaderElection40] INFO  impl.RaftServerImpl (RaftServerImpl.java:setRole(174)) - c4c6e274-a2e5-461e-9f46-318649b031aa@group-29260458704D: changes role from CANDIDATE to LEADER at term 1 for changeToLeader
2019-09-25 11:57:04,707 [59f2e4b8-41c0-4853-b4df-5d86491a517d@group-EBA837361168:LeaderElection39] INFO  impl.RaftServerImpl (ServerState.java:setLeader(253)) - 59f2e4b8-41c0-4853-b4df-5d86491a517d@group-EBA837361168: change Leader from null to 59f2e4b8-41c0-4853-b4df-5d86491a517d at term 1 for becomeLeader, leader elected after 5137ms
2019-09-25 11:57:04,707 [c4c6e274-a2e5-461e-9f46-318649b031aa@group-29260458704D:LeaderElection40] INFO  impl.RaftServerImpl (ServerState.java:setLeader(253)) - c4c6e274-a2e5-461e-9f46-318649b031aa@group-29260458704D: change Leader from null to c4c6e274-a2e5-461e-9f46-318649b031aa at term 1 for becomeLeader, leader elected after 5076ms
2019-09-25 11:57:04,708 [59f2e4b8-41c0-4853-b4df-5d86491a517d@group-EBA837361168:LeaderElection39] INFO  server.RaftServerConfigKeys (ConfUtils.java:logGet(43)) - raft.server.staging.catchup.gap = 1000 (default)
2019-09-25 11:57:04,708 [c4c6e274-a2e5-461e-9f46-318649b031aa@group-29260458704D:LeaderElection40] INFO  server.RaftServerConfigKeys (ConfUtils.java:logGet(43)) - raft.server.staging.catchup.gap = 1000 (default)
2019-09-25 11:57:04,708 [59f2e4b8-41c0-4853-b4df-5d86491a517d@group-EBA837361168:LeaderElection39] INFO  server.RaftServerConfigKeys (ConfUtils.java:logGet(43)) - raft.server.rpc.sleep.time = 25ms (default)
2019-09-25 11:57:04,708 [c4c6e274-a2e5-461e-9f46-318649b031aa@group-29260458704D:LeaderElection40] INFO  server.RaftServerConfigKeys (ConfUtils.java:logGet(43)) - raft.server.rpc.sleep.time = 25ms (default)
2019-09-25 11:57:04,708 [59f2e4b8-41c0-4853-b4df-5d86491a517d@group-EBA837361168:LeaderElection39] INFO  server.RaftServerConfigKeys (ConfUtils.java:logGet(43)) - raft.server.write.element-limit = 4096 (default)
2019-09-25 11:57:04,708 [c4c6e274-a2e5-461e-9f46-318649b031aa@group-29260458704D:LeaderElection40] INFO  server.RaftServerConfigKeys (ConfUtils.java:logGet(43)) - raft.server.write.element-limit = 4096 (default)
2019-09-25 11:57:04,708 [59f2e4b8-41c0-4853-b4df-5d86491a517d@group-EBA837361168:LeaderElection39] INFO  server.RaftServerConfigKeys (ConfUtils.java:logGet(43)) - raft.server.watch.timeout = 10s (default)
2019-09-25 11:57:04,708 [c4c6e274-a2e5-461e-9f46-318649b031aa@group-29260458704D:LeaderElection40] INFO  server.RaftServerConfigKeys (ConfUtils.java:logGet(43)) - raft.server.watch.timeout = 10s (default)
2019-09-25 11:57:04,709 [59f2e4b8-41c0-4853-b4df-5d86491a517d@group-EBA837361168:LeaderElection39] INFO  server.RaftServerConfigKeys (ConfUtils.java:logGet(43)) - raft.server.watch.timeout.denomination = 1s (default)
2019-09-25 11:57:04,709 [c4c6e274-a2e5-461e-9f46-318649b031aa@group-29260458704D:LeaderElection40] INFO  server.RaftServerConfigKeys (ConfUtils.java:logGet(43)) - raft.server.watch.timeout.denomination = 1s (default)
2019-09-25 11:57:04,709 [59f2e4b8-41c0-4853-b4df-5d86491a517d@group-EBA837361168:LeaderElection39] INFO  server.RaftServerConfigKeys (ConfUtils.java:logGet(43)) - raft.server.watch.element-limit = 65536 (default)
2019-09-25 11:57:04,709 [c4c6e274-a2e5-461e-9f46-318649b031aa@group-29260458704D:LeaderElection40] INFO  server.RaftServerConfigKeys (ConfUtils.java:logGet(43)) - raft.server.watch.element-limit = 65536 (default)
2019-09-25 11:57:04,712 [59f2e4b8-41c0-4853-b4df-5d86491a517d@group-EBA837361168:LeaderElection39] INFO  impl.RoleInfo (RoleInfo.java:updateAndGet(143)) - 59f2e4b8-41c0-4853-b4df-5d86491a517d: start LeaderState
2019-09-25 11:57:04,712 [59f2e4b8-41c0-4853-b4df-5d86491a517d@group-EBA837361168:LeaderElection39] INFO  segmented.SegmentedRaftLogWorker (SegmentedRaftLogWorker.java:startLogSegment(380)) - 59f2e4b8-41c0-4853-b4df-5d86491a517d@group-EBA837361168-SegmentedRaftLogWorker: Starting segment from index:0
2019-09-25 11:57:04,712 [c4c6e274-a2e5-461e-9f46-318649b031aa@group-29260458704D:LeaderElection40] INFO  impl.RoleInfo (RoleInfo.java:updateAndGet(143)) - c4c6e274-a2e5-461e-9f46-318649b031aa: start LeaderState
2019-09-25 11:57:04,713 [c4c6e274-a2e5-461e-9f46-318649b031aa@group-29260458704D:LeaderElection40] INFO  segmented.SegmentedRaftLogWorker (SegmentedRaftLogWorker.java:startLogSegment(380)) - c4c6e274-a2e5-461e-9f46-318649b031aa@group-29260458704D-SegmentedRaftLogWorker: Starting segment from index:0
2019-09-25 11:57:04,713 [59f2e4b8-41c0-4853-b4df-5d86491a517d@group-EBA837361168:LeaderElection39] INFO  impl.RaftServerImpl (ServerState.java:setRaftConf(354)) - 59f2e4b8-41c0-4853-b4df-5d86491a517d@group-EBA837361168: set configuration 0: [59f2e4b8-41c0-4853-b4df-5d86491a517d:192.168.151.73:42681], old=null at 0
2019-09-25 11:57:04,747 [c4c6e274-a2e5-461e-9f46-318649b031aa@group-29260458704D:LeaderElection40] INFO  impl.RaftServerImpl (ServerState.java:setRaftConf(354)) - c4c6e274-a2e5-461e-9f46-318649b031aa@group-29260458704D: set configuration 0: [c4c6e274-a2e5-461e-9f46-318649b031aa:192.168.151.73:46301], old=null at 0
2019-09-25 11:57:04,786 [59f2e4b8-41c0-4853-b4df-5d86491a517d@group-EBA837361168-SegmentedRaftLogWorker] INFO  segmented.SegmentedRaftLogWorker (SegmentedRaftLogWorker.java:execute(569)) - 59f2e4b8-41c0-4853-b4df-5d86491a517d@group-EBA837361168-SegmentedRaftLogWorker: created new log segment /workdir/hadoop-ozone/integration-test/target/test-dir/MiniOzoneClusterImpl-79e9daf4-eda6-4046-b710-e1fcaf4daad9/datanode-6/data/ratis/435ff384-680f-4471-b18e-eba837361168/current/log_inprogress_0
2019-09-25 11:57:04,799 [c4c6e274-a2e5-461e-9f46-318649b031aa@group-29260458704D-SegmentedRaftLogWorker] INFO  segmented.SegmentedRaftLogWorker (SegmentedRaftLogWorker.java:execute(569)) - c4c6e274-a2e5-461e-9f46-318649b031aa@group-29260458704D-SegmentedRaftLogWorker: created new log segment /workdir/hadoop-ozone/integration-test/target/test-dir/MiniOzoneClusterImpl-79e9daf4-eda6-4046-b710-e1fcaf4daad9/datanode-5/data/ratis/b871e20b-bfb6-4858-90a9-29260458704d/current/log_inprogress_0
2019-09-25 11:57:04,845 [Thread-364] INFO  impl.FollowerState (FollowerState.java:run(106)) - 59f2e4b8-41c0-4853-b4df-5d86491a517d:group-EF4838D2EEAB changes to CANDIDATE, lastRpcTime:5138, electionTimeout:5138ms
2019-09-25 11:57:04,845 [Thread-364] INFO  impl.RoleInfo (RoleInfo.java:shutdownFollowerState(121)) - 59f2e4b8-41c0-4853-b4df-5d86491a517d: shutdown FollowerState
2019-09-25 11:57:04,845 [Thread-364] INFO  impl.RaftServerImpl (RaftServerImpl.java:setRole(174)) - 59f2e4b8-41c0-4853-b4df-5d86491a517d@group-EF4838D2EEAB: changes role from  FOLLOWER to CANDIDATE at term 0 for changeToCandidate
2019-09-25 11:57:04,845 [Thread-364] INFO  impl.RoleInfo (RoleInfo.java:updateAndGet(143)) - 59f2e4b8-41c0-4853-b4df-5d86491a517d: start LeaderElection
2019-09-25 11:57:04,849 [ForkJoinPool.commonPool-worker-1] INFO  ozoneimpl.OzoneContainer (OzoneContainer.java:stop(231)) - Attempting to stop container services.
2019-09-25 11:57:04,849 [main] INFO  ozoneimpl.OzoneContainer (OzoneContainer.java:stop(231)) - Attempting to stop container services.
2019-09-25 11:57:04,850 [ForkJoinPool.commonPool-worker-1] INFO  impl.RaftServerProxy (RaftServerProxy.java:lambda$close$4(314)) - a49539dc-5450-4b38-9858-49dc7b52b4cc: close
2019-09-25 11:57:04,850 [main] INFO  impl.RaftServerProxy (RaftServerProxy.java:lambda$close$4(314)) - f320213e-69dd-47d7-8b12-80f84f010fc9: close
2019-09-25 11:57:04,852 [ForkJoinPool.commonPool-worker-1] INFO  impl.RaftServerImpl (RaftServerImpl.java:lambda$shutdown$3(251)) - a49539dc-5450-4b38-9858-49dc7b52b4cc@group-5425F29DDD96: shutdown
2019-09-25 11:57:04,852 [main] INFO  impl.RaftServerImpl (RaftServerImpl.java:lambda$shutdown$3(251)) - f320213e-69dd-47d7-8b12-80f84f010fc9@group-7180C82FD287: shutdown
2019-09-25 11:57:04,853 [ForkJoinPool.commonPool-worker-1] INFO  util.JmxRegister (JmxRegister.java:unregister(73)) - Successfully un-registered JMX Bean with object name Ratis:service=RaftServer,group=group-5425F29DDD96,id=a49539dc-5450-4b38-9858-49dc7b52b4cc
2019-09-25 11:57:04,853 [main] INFO  util.JmxRegister (JmxRegister.java:unregister(73)) - Successfully un-registered JMX Bean with object name Ratis:service=RaftServer,group=group-7180C82FD287,id=f320213e-69dd-47d7-8b12-80f84f010fc9
2019-09-25 11:57:04,853 [ForkJoinPool.commonPool-worker-1] INFO  impl.RoleInfo (RoleInfo.java:shutdownLeaderState(104)) - a49539dc-5450-4b38-9858-49dc7b52b4cc: shutdown LeaderState
2019-09-25 11:57:04,854 [main] INFO  impl.RoleInfo (RoleInfo.java:shutdownLeaderState(104)) - f320213e-69dd-47d7-8b12-80f84f010fc9: shutdown LeaderState
2019-09-25 11:57:04,855 [ForkJoinPool.commonPool-worker-1] INFO  impl.PendingRequests (PendingRequests.java:sendNotLeaderResponses(202)) - a49539dc-5450-4b38-9858-49dc7b52b4cc-PendingRequests: sendNotLeaderResponses
2019-09-25 11:57:04,855 [main] INFO  impl.PendingRequests (PendingRequests.java:sendNotLeaderResponses(202)) - f320213e-69dd-47d7-8b12-80f84f010fc9-PendingRequests: sendNotLeaderResponses
2019-09-25 11:57:04,859 [59f2e4b8-41c0-4853-b4df-5d86491a517d@group-EF4838D2EEAB:LeaderElection41] INFO  impl.LeaderElection (LeaderElection.java:askForVotes(182)) - 59f2e4b8-41c0-4853-b4df-5d86491a517d@group-EF4838D2EEAB:LeaderElection41: begin an election at term 1 for -1: [59f2e4b8-41c0-4853-b4df-5d86491a517d:192.168.151.73:42681], old=null
2019-09-25 11:57:04,860 [59f2e4b8-41c0-4853-b4df-5d86491a517d@group-EF4838D2EEAB:LeaderElection41] INFO  impl.RoleInfo (RoleInfo.java:shutdownLeaderElection(134)) - 59f2e4b8-41c0-4853-b4df-5d86491a517d: shutdown LeaderElection
2019-09-25 11:57:04,860 [main] INFO  impl.StateMachineUpdater (StateMachineUpdater.java:stopAndJoin(125)) - f320213e-69dd-47d7-8b12-80f84f010fc9@group-7180C82FD287-StateMachineUpdater: set stopIndex = 0
2019-09-25 11:57:04,860 [ForkJoinPool.commonPool-worker-1] INFO  impl.StateMachineUpdater (StateMachineUpdater.java:stopAndJoin(125)) - a49539dc-5450-4b38-9858-49dc7b52b4cc@group-5425F29DDD96-StateMachineUpdater: set stopIndex = 0
2019-09-25 11:57:04,863 [main] INFO  impl.RaftServerImpl (ServerState.java:close(385)) - f320213e-69dd-47d7-8b12-80f84f010fc9@group-7180C82FD287: closes. applyIndex: 0
2019-09-25 11:57:04,862 [59f2e4b8-41c0-4853-b4df-5d86491a517d@group-EF4838D2EEAB:LeaderElection41] INFO  impl.RaftServerImpl (RaftServerImpl.java:setRole(174)) - 59f2e4b8-41c0-4853-b4df-5d86491a517d@group-EF4838D2EEAB: changes role from CANDIDATE to LEADER at term 1 for changeToLeader
2019-09-25 11:57:04,863 [ForkJoinPool.commonPool-worker-1] INFO  impl.RaftServerImpl (ServerState.java:close(385)) - a49539dc-5450-4b38-9858-49dc7b52b4cc@group-5425F29DDD96: closes. applyIndex: 0
2019-09-25 11:57:04,863 [59f2e4b8-41c0-4853-b4df-5d86491a517d@group-EF4838D2EEAB:LeaderElection41] INFO  impl.RaftServerImpl (ServerState.java:setLeader(253)) - 59f2e4b8-41c0-4853-b4df-5d86491a517d@group-EF4838D2EEAB: change Leader from null to 59f2e4b8-41c0-4853-b4df-5d86491a517d at term 1 for becomeLeader, leader elected after 5162ms
2019-09-25 11:57:04,864 [59f2e4b8-41c0-4853-b4df-5d86491a517d@group-EF4838D2EEAB:LeaderElection41] INFO  server.RaftServerConfigKeys (ConfUtils.java:logGet(43)) - raft.server.staging.catchup.gap = 1000 (default)
2019-09-25 11:57:04,864 [59f2e4b8-41c0-4853-b4df-5d86491a517d@group-EF4838D2EEAB:LeaderElection41] INFO  server.RaftServerConfigKeys (ConfUtils.java:logGet(43)) - raft.server.rpc.sleep.time = 25ms (default)
2019-09-25 11:57:04,864 [59f2e4b8-41c0-4853-b4df-5d86491a517d@group-EF4838D2EEAB:LeaderElection41] INFO  server.RaftServerConfigKeys (ConfUtils.java:logGet(43)) - raft.server.write.element-limit = 4096 (default)
2019-09-25 11:57:04,864 [59f2e4b8-41c0-4853-b4df-5d86491a517d@group-EF4838D2EEAB:LeaderElection41] INFO  server.RaftServerConfigKeys (ConfUtils.java:logGet(43)) - raft.server.watch.timeout = 10s (default)
2019-09-25 11:57:04,865 [59f2e4b8-41c0-4853-b4df-5d86491a517d@group-EF4838D2EEAB:LeaderElection41] INFO  server.RaftServerConfigKeys (ConfUtils.java:logGet(43)) - raft.server.watch.timeout.denomination = 1s (default)
2019-09-25 11:57:04,865 [59f2e4b8-41c0-4853-b4df-5d86491a517d@group-EF4838D2EEAB:LeaderElection41] INFO  server.RaftServerConfigKeys (ConfUtils.java:logGet(43)) - raft.server.watch.element-limit = 65536 (default)
2019-09-25 11:57:04,865 [f320213e-69dd-47d7-8b12-80f84f010fc9@group-7180C82FD287-SegmentedRaftLogWorker] INFO  segmented.SegmentedRaftLogWorker (SegmentedRaftLogWorker.java:run(313)) - f320213e-69dd-47d7-8b12-80f84f010fc9@group-7180C82FD287-SegmentedRaftLogWorker was interrupted, exiting. There are 0 tasks remaining in the queue.
2019-09-25 11:57:04,865 [a49539dc-5450-4b38-9858-49dc7b52b4cc@group-5425F29DDD96-SegmentedRaftLogWorker] INFO  segmented.SegmentedRaftLogWorker (SegmentedRaftLogWorker.java:run(313)) - a49539dc-5450-4b38-9858-49dc7b52b4cc@group-5425F29DDD96-SegmentedRaftLogWorker was interrupted, exiting. There are 0 tasks remaining in the queue.
2019-09-25 11:57:04,870 [main] INFO  segmented.SegmentedRaftLogWorker (SegmentedRaftLogWorker.java:close(228)) - f320213e-69dd-47d7-8b12-80f84f010fc9@group-7180C82FD287-SegmentedRaftLogWorker close()
2019-09-25 11:57:04,872 [ForkJoinPool.commonPool-worker-1] INFO  segmented.SegmentedRaftLogWorker (SegmentedRaftLogWorker.java:close(228)) - a49539dc-5450-4b38-9858-49dc7b52b4cc@group-5425F29DDD96-SegmentedRaftLogWorker close()
2019-09-25 11:57:04,883 [ForkJoinPool.commonPool-worker-1] INFO  impl.RaftServerImpl (RaftServerImpl.java:lambda$shutdown$3(251)) - a49539dc-5450-4b38-9858-49dc7b52b4cc@group-750505F72EDC: shutdown
2019-09-25 11:57:04,883 [main] INFO  impl.RaftServerImpl (RaftServerImpl.java:lambda$shutdown$3(251)) - f320213e-69dd-47d7-8b12-80f84f010fc9@group-90FD3E37696F: shutdown
2019-09-25 11:57:04,883 [ForkJoinPool.commonPool-worker-1] INFO  util.JmxRegister (JmxRegister.java:unregister(73)) - Successfully un-registered JMX Bean with object name Ratis:service=RaftServer,group=group-750505F72EDC,id=a49539dc-5450-4b38-9858-49dc7b52b4cc
2019-09-25 11:57:04,884 [main] INFO  util.JmxRegister (JmxRegister.java:unregister(73)) - Successfully un-registered JMX Bean with object name Ratis:service=RaftServer,group=group-90FD3E37696F,id=f320213e-69dd-47d7-8b12-80f84f010fc9
2019-09-25 11:57:04,884 [ForkJoinPool.commonPool-worker-1] INFO  impl.RoleInfo (RoleInfo.java:shutdownLeaderState(104)) - a49539dc-5450-4b38-9858-49dc7b52b4cc: shutdown LeaderState
2019-09-25 11:57:04,884 [main] INFO  impl.RoleInfo (RoleInfo.java:shutdownLeaderState(104)) - f320213e-69dd-47d7-8b12-80f84f010fc9: shutdown LeaderState
2019-09-25 11:57:04,885 [ForkJoinPool.commonPool-worker-1] INFO  impl.PendingRequests (PendingRequests.java:sendNotLeaderResponses(202)) - a49539dc-5450-4b38-9858-49dc7b52b4cc-PendingRequests: sendNotLeaderResponses
2019-09-25 11:57:04,885 [main] INFO  impl.PendingRequests (PendingRequests.java:sendNotLeaderResponses(202)) - f320213e-69dd-47d7-8b12-80f84f010fc9-PendingRequests: sendNotLeaderResponses
2019-09-25 11:57:04,885 [59f2e4b8-41c0-4853-b4df-5d86491a517d@group-EF4838D2EEAB:LeaderElection41] INFO  impl.RoleInfo (RoleInfo.java:updateAndGet(143)) - 59f2e4b8-41c0-4853-b4df-5d86491a517d: start LeaderState
2019-09-25 11:57:04,885 [ForkJoinPool.commonPool-worker-1] INFO  impl.StateMachineUpdater (StateMachineUpdater.java:stopAndJoin(125)) - a49539dc-5450-4b38-9858-49dc7b52b4cc@group-750505F72EDC-StateMachineUpdater: set stopIndex = 0
2019-09-25 11:57:04,886 [59f2e4b8-41c0-4853-b4df-5d86491a517d@group-EF4838D2EEAB:LeaderElection41] INFO  segmented.SegmentedRaftLogWorker (SegmentedRaftLogWorker.java:startLogSegment(380)) - 59f2e4b8-41c0-4853-b4df-5d86491a517d@group-EF4838D2EEAB-SegmentedRaftLogWorker: Starting segment from index:0
2019-09-25 11:57:04,886 [main] INFO  impl.StateMachineUpdater (StateMachineUpdater.java:stopAndJoin(125)) - f320213e-69dd-47d7-8b12-80f84f010fc9@group-90FD3E37696F-StateMachineUpdater: set stopIndex = 0
2019-09-25 11:57:04,886 [ForkJoinPool.commonPool-worker-1] INFO  impl.RaftServerImpl (ServerState.java:close(385)) - a49539dc-5450-4b38-9858-49dc7b52b4cc@group-750505F72EDC: closes. applyIndex: 0
2019-09-25 11:57:04,887 [main] INFO  impl.RaftServerImpl (ServerState.java:close(385)) - f320213e-69dd-47d7-8b12-80f84f010fc9@group-90FD3E37696F: closes. applyIndex: 0
2019-09-25 11:57:04,887 [59f2e4b8-41c0-4853-b4df-5d86491a517d@group-EF4838D2EEAB:LeaderElection41] INFO  impl.RaftServerImpl (ServerState.java:setRaftConf(354)) - 59f2e4b8-41c0-4853-b4df-5d86491a517d@group-EF4838D2EEAB: set configuration 0: [59f2e4b8-41c0-4853-b4df-5d86491a517d:192.168.151.73:42681], old=null at 0
2019-09-25 11:57:04,888 [f320213e-69dd-47d7-8b12-80f84f010fc9@group-90FD3E37696F-SegmentedRaftLogWorker] INFO  segmented.SegmentedRaftLogWorker (SegmentedRaftLogWorker.java:run(313)) - f320213e-69dd-47d7-8b12-80f84f010fc9@group-90FD3E37696F-SegmentedRaftLogWorker was interrupted, exiting. There are 0 tasks remaining in the queue.
2019-09-25 11:57:04,887 [a49539dc-5450-4b38-9858-49dc7b52b4cc@group-750505F72EDC-SegmentedRaftLogWorker] INFO  segmented.SegmentedRaftLogWorker (SegmentedRaftLogWorker.java:run(313)) - a49539dc-5450-4b38-9858-49dc7b52b4cc@group-750505F72EDC-SegmentedRaftLogWorker was interrupted, exiting. There are 0 tasks remaining in the queue.
2019-09-25 11:57:04,920 [main] INFO  segmented.SegmentedRaftLogWorker (SegmentedRaftLogWorker.java:close(228)) - f320213e-69dd-47d7-8b12-80f84f010fc9@group-90FD3E37696F-SegmentedRaftLogWorker close()
2019-09-25 11:57:04,925 [ForkJoinPool.commonPool-worker-1] INFO  segmented.SegmentedRaftLogWorker (SegmentedRaftLogWorker.java:close(228)) - a49539dc-5450-4b38-9858-49dc7b52b4cc@group-750505F72EDC-SegmentedRaftLogWorker close()
2019-09-25 11:57:04,929 [Thread-367] INFO  impl.FollowerState (FollowerState.java:run(106)) - 59f2e4b8-41c0-4853-b4df-5d86491a517d:group-971ACE6F5539 changes to CANDIDATE, lastRpcTime:5166, electionTimeout:5163ms
2019-09-25 11:57:04,929 [main] INFO  impl.RaftServerImpl (RaftServerImpl.java:lambda$shutdown$3(251)) - f320213e-69dd-47d7-8b12-80f84f010fc9@group-83FFE55F8CB9: shutdown
2019-09-25 11:57:04,936 [Thread-367] INFO  impl.RoleInfo (RoleInfo.java:shutdownFollowerState(121)) - 59f2e4b8-41c0-4853-b4df-5d86491a517d: shutdown FollowerState
2019-09-25 11:57:04,936 [ForkJoinPool.commonPool-worker-1] INFO  impl.RaftServerImpl (RaftServerImpl.java:lambda$shutdown$3(251)) - a49539dc-5450-4b38-9858-49dc7b52b4cc@group-710C4B2F9CDC: shutdown
2019-09-25 11:57:04,936 [59f2e4b8-41c0-4853-b4df-5d86491a517d@group-EF4838D2EEAB-SegmentedRaftLogWorker] INFO  segmented.SegmentedRaftLogWorker (SegmentedRaftLogWorker.java:execute(569)) - 59f2e4b8-41c0-4853-b4df-5d86491a517d@group-EF4838D2EEAB-SegmentedRaftLogWorker: created new log segment /workdir/hadoop-ozone/integration-test/target/test-dir/MiniOzoneClusterImpl-79e9daf4-eda6-4046-b710-e1fcaf4daad9/datanode-6/data/ratis/8c1807e2-3929-47a5-a8c6-ef4838d2eeab/current/log_inprogress_0
2019-09-25 11:57:04,937 [ForkJoinPool.commonPool-worker-1] INFO  util.JmxRegister (JmxRegister.java:unregister(73)) - Successfully un-registered JMX Bean with object name Ratis:service=RaftServer,group=group-710C4B2F9CDC,id=a49539dc-5450-4b38-9858-49dc7b52b4cc
2019-09-25 11:57:04,937 [ForkJoinPool.commonPool-worker-1] INFO  impl.RoleInfo (RoleInfo.java:shutdownLeaderState(104)) - a49539dc-5450-4b38-9858-49dc7b52b4cc: shutdown LeaderState
2019-09-25 11:57:04,936 [Thread-367] INFO  impl.RaftServerImpl (RaftServerImpl.java:setRole(174)) - 59f2e4b8-41c0-4853-b4df-5d86491a517d@group-971ACE6F5539: changes role from  FOLLOWER to CANDIDATE at term 0 for changeToCandidate
2019-09-25 11:57:04,936 [main] INFO  util.JmxRegister (JmxRegister.java:unregister(73)) - Successfully un-registered JMX Bean with object name Ratis:service=RaftServer,group=group-83FFE55F8CB9,id=f320213e-69dd-47d7-8b12-80f84f010fc9
2019-09-25 11:57:04,938 [Thread-367] INFO  impl.RoleInfo (RoleInfo.java:updateAndGet(143)) - 59f2e4b8-41c0-4853-b4df-5d86491a517d: start LeaderElection
2019-09-25 11:57:04,938 [ForkJoinPool.commonPool-worker-1] INFO  impl.PendingRequests (PendingRequests.java:sendNotLeaderResponses(202)) - a49539dc-5450-4b38-9858-49dc7b52b4cc-PendingRequests: sendNotLeaderResponses
2019-09-25 11:57:04,938 [main] INFO  impl.RoleInfo (RoleInfo.java:shutdownLeaderState(104)) - f320213e-69dd-47d7-8b12-80f84f010fc9: shutdown LeaderState
2019-09-25 11:57:04,939 [ForkJoinPool.commonPool-worker-1] INFO  impl.StateMachineUpdater (StateMachineUpdater.java:stopAndJoin(125)) - a49539dc-5450-4b38-9858-49dc7b52b4cc@group-710C4B2F9CDC-StateMachineUpdater: set stopIndex = 0
2019-09-25 11:57:04,939 [main] INFO  impl.PendingRequests (PendingRequests.java:sendNotLeaderResponses(202)) - f320213e-69dd-47d7-8b12-80f84f010fc9-PendingRequests: sendNotLeaderResponses
2019-09-25 11:57:04,939 [ForkJoinPool.commonPool-worker-1] INFO  impl.RaftServerImpl (ServerState.java:close(385)) - a49539dc-5450-4b38-9858-49dc7b52b4cc@group-710C4B2F9CDC: closes. applyIndex: 0
2019-09-25 11:57:04,940 [main] INFO  impl.StateMachineUpdater (StateMachineUpdater.java:stopAndJoin(125)) - f320213e-69dd-47d7-8b12-80f84f010fc9@group-83FFE55F8CB9-StateMachineUpdater: set stopIndex = 0
2019-09-25 11:57:04,940 [a49539dc-5450-4b38-9858-49dc7b52b4cc@group-710C4B2F9CDC-SegmentedRaftLogWorker] INFO  segmented.SegmentedRaftLogWorker (SegmentedRaftLogWorker.java:run(313)) - a49539dc-5450-4b38-9858-49dc7b52b4cc@group-710C4B2F9CDC-SegmentedRaftLogWorker was interrupted, exiting. There are 0 tasks remaining in the queue.
2019-09-25 11:57:04,940 [main] INFO  impl.RaftServerImpl (ServerState.java:close(385)) - f320213e-69dd-47d7-8b12-80f84f010fc9@group-83FFE55F8CB9: closes. applyIndex: 0
2019-09-25 11:57:04,945 [ForkJoinPool.commonPool-worker-1] INFO  segmented.SegmentedRaftLogWorker (SegmentedRaftLogWorker.java:close(228)) - a49539dc-5450-4b38-9858-49dc7b52b4cc@group-710C4B2F9CDC-SegmentedRaftLogWorker close()
2019-09-25 11:57:04,945 [f320213e-69dd-47d7-8b12-80f84f010fc9@group-83FFE55F8CB9-SegmentedRaftLogWorker] INFO  segmented.SegmentedRaftLogWorker (SegmentedRaftLogWorker.java:run(313)) - f320213e-69dd-47d7-8b12-80f84f010fc9@group-83FFE55F8CB9-SegmentedRaftLogWorker was interrupted, exiting. There are 0 tasks remaining in the queue.
2019-09-25 11:57:04,949 [ForkJoinPool.commonPool-worker-1] INFO  impl.RaftServerImpl (RaftServerImpl.java:lambda$shutdown$3(251)) - a49539dc-5450-4b38-9858-49dc7b52b4cc@group-534A98EDED96: shutdown
2019-09-25 11:57:04,953 [59f2e4b8-41c0-4853-b4df-5d86491a517d@group-971ACE6F5539:LeaderElection42] INFO  impl.LeaderElection (LeaderElection.java:askForVotes(182)) - 59f2e4b8-41c0-4853-b4df-5d86491a517d@group-971ACE6F5539:LeaderElection42: begin an election at term 1 for -1: [59f2e4b8-41c0-4853-b4df-5d86491a517d:192.168.151.73:42681], old=null
2019-09-25 11:57:04,953 [main] INFO  segmented.SegmentedRaftLogWorker (SegmentedRaftLogWorker.java:close(228)) - f320213e-69dd-47d7-8b12-80f84f010fc9@group-83FFE55F8CB9-SegmentedRaftLogWorker close()
2019-09-25 11:57:04,953 [59f2e4b8-41c0-4853-b4df-5d86491a517d@group-971ACE6F5539:LeaderElection42] INFO  impl.RoleInfo (RoleInfo.java:shutdownLeaderElection(134)) - 59f2e4b8-41c0-4853-b4df-5d86491a517d: shutdown LeaderElection
2019-09-25 11:57:04,953 [ForkJoinPool.commonPool-worker-1] INFO  util.JmxRegister (JmxRegister.java:unregister(73)) - Successfully un-registered JMX Bean with object name Ratis:service=RaftServer,group=group-534A98EDED96,id=a49539dc-5450-4b38-9858-49dc7b52b4cc
2019-09-25 11:57:04,958 [main] INFO  impl.RaftServerImpl (RaftServerImpl.java:lambda$shutdown$3(251)) - f320213e-69dd-47d7-8b12-80f84f010fc9@group-15B147B75DCC: shutdown
2019-09-25 11:57:04,958 [59f2e4b8-41c0-4853-b4df-5d86491a517d@group-971ACE6F5539:LeaderElection42] INFO  impl.RaftServerImpl (RaftServerImpl.java:setRole(174)) - 59f2e4b8-41c0-4853-b4df-5d86491a517d@group-971ACE6F5539: changes role from CANDIDATE to LEADER at term 1 for changeToLeader
2019-09-25 11:57:04,959 [main] INFO  util.JmxRegister (JmxRegister.java:unregister(73)) - Successfully un-registered JMX Bean with object name Ratis:service=RaftServer,group=group-15B147B75DCC,id=f320213e-69dd-47d7-8b12-80f84f010fc9
2019-09-25 11:57:04,959 [main] INFO  impl.RoleInfo (RoleInfo.java:shutdownLeaderState(104)) - f320213e-69dd-47d7-8b12-80f84f010fc9: shutdown LeaderState
2019-09-25 11:57:04,958 [ForkJoinPool.commonPool-worker-1] INFO  impl.RoleInfo (RoleInfo.java:shutdownLeaderState(104)) - a49539dc-5450-4b38-9858-49dc7b52b4cc: shutdown LeaderState
2019-09-25 11:57:04,960 [main] INFO  impl.PendingRequests (PendingRequests.java:sendNotLeaderResponses(202)) - f320213e-69dd-47d7-8b12-80f84f010fc9-PendingRequests: sendNotLeaderResponses
2019-09-25 11:57:04,959 [59f2e4b8-41c0-4853-b4df-5d86491a517d@group-971ACE6F5539:LeaderElection42] INFO  impl.RaftServerImpl (ServerState.java:setLeader(253)) - 59f2e4b8-41c0-4853-b4df-5d86491a517d@group-971ACE6F5539: change Leader from null to 59f2e4b8-41c0-4853-b4df-5d86491a517d at term 1 for becomeLeader, leader elected after 5202ms
2019-09-25 11:57:04,960 [main] INFO  impl.StateMachineUpdater (StateMachineUpdater.java:stopAndJoin(125)) - f320213e-69dd-47d7-8b12-80f84f010fc9@group-15B147B75DCC-StateMachineUpdater: set stopIndex = 0
2019-09-25 11:57:04,960 [ForkJoinPool.commonPool-worker-1] INFO  impl.PendingRequests (PendingRequests.java:sendNotLeaderResponses(202)) - a49539dc-5450-4b38-9858-49dc7b52b4cc-PendingRequests: sendNotLeaderResponses
2019-09-25 11:57:04,961 [main] INFO  impl.RaftServerImpl (ServerState.java:close(385)) - f320213e-69dd-47d7-8b12-80f84f010fc9@group-15B147B75DCC: closes. applyIndex: 0
2019-09-25 11:57:04,960 [59f2e4b8-41c0-4853-b4df-5d86491a517d@group-971ACE6F5539:LeaderElection42] INFO  server.RaftServerConfigKeys (ConfUtils.java:logGet(43)) - raft.server.staging.catchup.gap = 1000 (default)
2019-09-25 11:57:04,961 [ForkJoinPool.commonPool-worker-1] INFO  impl.StateMachineUpdater (StateMachineUpdater.java:stopAndJoin(125)) - a49539dc-5450-4b38-9858-49dc7b52b4cc@group-534A98EDED96-StateMachineUpdater: set stopIndex = 0
2019-09-25 11:57:04,962 [ForkJoinPool.commonPool-worker-1] INFO  impl.RaftServerImpl (ServerState.java:close(385)) - a49539dc-5450-4b38-9858-49dc7b52b4cc@group-534A98EDED96: closes. applyIndex: 0
2019-09-25 11:57:04,962 [59f2e4b8-41c0-4853-b4df-5d86491a517d@group-971ACE6F5539:LeaderElection42] INFO  server.RaftServerConfigKeys (ConfUtils.java:logGet(43)) - raft.server.rpc.sleep.time = 25ms (default)
2019-09-25 11:57:04,962 [a49539dc-5450-4b38-9858-49dc7b52b4cc@group-534A98EDED96-SegmentedRaftLogWorker] INFO  segmented.SegmentedRaftLogWorker (SegmentedRaftLogWorker.java:run(313)) - a49539dc-5450-4b38-9858-49dc7b52b4cc@group-534A98EDED96-SegmentedRaftLogWorker was interrupted, exiting. There are 0 tasks remaining in the queue.
2019-09-25 11:57:04,962 [f320213e-69dd-47d7-8b12-80f84f010fc9@group-15B147B75DCC-SegmentedRaftLogWorker] INFO  segmented.SegmentedRaftLogWorker (SegmentedRaftLogWorker.java:run(313)) - f320213e-69dd-47d7-8b12-80f84f010fc9@group-15B147B75DCC-SegmentedRaftLogWorker was interrupted, exiting. There are 0 tasks remaining in the queue.
2019-09-25 11:57:04,962 [59f2e4b8-41c0-4853-b4df-5d86491a517d@group-971ACE6F5539:LeaderElection42] INFO  server.RaftServerConfigKeys (ConfUtils.java:logGet(43)) - raft.server.write.element-limit = 4096 (default)
2019-09-25 11:57:04,971 [main] INFO  segmented.SegmentedRaftLogWorker (SegmentedRaftLogWorker.java:close(228)) - f320213e-69dd-47d7-8b12-80f84f010fc9@group-15B147B75DCC-SegmentedRaftLogWorker close()
2019-09-25 11:57:04,967 [ForkJoinPool.commonPool-worker-1] INFO  segmented.SegmentedRaftLogWorker (SegmentedRaftLogWorker.java:close(228)) - a49539dc-5450-4b38-9858-49dc7b52b4cc@group-534A98EDED96-SegmentedRaftLogWorker close()
2019-09-25 11:57:04,975 [main] INFO  impl.RaftServerImpl (RaftServerImpl.java:lambda$shutdown$3(251)) - f320213e-69dd-47d7-8b12-80f84f010fc9@group-572A4A8EDA24: shutdown
2019-09-25 11:57:04,971 [59f2e4b8-41c0-4853-b4df-5d86491a517d@group-971ACE6F5539:LeaderElection42] INFO  server.RaftServerConfigKeys (ConfUtils.java:logGet(43)) - raft.server.watch.timeout = 10s (default)
2019-09-25 11:57:04,979 [main] INFO  util.JmxRegister (JmxRegister.java:unregister(73)) - Successfully un-registered JMX Bean with object name Ratis:service=RaftServer,group=group-572A4A8EDA24,id=f320213e-69dd-47d7-8b12-80f84f010fc9
2019-09-25 11:57:04,980 [main] INFO  impl.RoleInfo (RoleInfo.java:shutdownLeaderState(104)) - f320213e-69dd-47d7-8b12-80f84f010fc9: shutdown LeaderState
2019-09-25 11:57:04,979 [ForkJoinPool.commonPool-worker-1] INFO  impl.RaftServerImpl (RaftServerImpl.java:lambda$shutdown$3(251)) - a49539dc-5450-4b38-9858-49dc7b52b4cc@group-211BDEFBD79E: shutdown
2019-09-25 11:57:04,980 [main] INFO  impl.PendingRequests (PendingRequests.java:sendNotLeaderResponses(202)) - f320213e-69dd-47d7-8b12-80f84f010fc9-PendingRequests: sendNotLeaderResponses
2019-09-25 11:57:04,979 [59f2e4b8-41c0-4853-b4df-5d86491a517d@group-971ACE6F5539:LeaderElection42] INFO  server.RaftServerConfigKeys (ConfUtils.java:logGet(43)) - raft.server.watch.timeout.denomination = 1s (default)
2019-09-25 11:57:04,981 [main] INFO  impl.StateMachineUpdater (StateMachineUpdater.java:stopAndJoin(125)) - f320213e-69dd-47d7-8b12-80f84f010fc9@group-572A4A8EDA24-StateMachineUpdater: set stopIndex = 0
2019-09-25 11:57:04,980 [ForkJoinPool.commonPool-worker-1] INFO  util.JmxRegister (JmxRegister.java:unregister(73)) - Successfully un-registered JMX Bean with object name Ratis:service=RaftServer,group=group-211BDEFBD79E,id=a49539dc-5450-4b38-9858-49dc7b52b4cc
2019-09-25 11:57:04,981 [main] INFO  impl.RaftServerImpl (ServerState.java:close(385)) - f320213e-69dd-47d7-8b12-80f84f010fc9@group-572A4A8EDA24: closes. applyIndex: 0
2019-09-25 11:57:04,981 [59f2e4b8-41c0-4853-b4df-5d86491a517d@group-971ACE6F5539:LeaderElection42] INFO  server.RaftServerConfigKeys (ConfUtils.java:logGet(43)) - raft.server.watch.element-limit = 65536 (default)
2019-09-25 11:57:04,982 [ForkJoinPool.commonPool-worker-1] INFO  impl.RoleInfo (RoleInfo.java:shutdownLeaderState(104)) - a49539dc-5450-4b38-9858-49dc7b52b4cc: shutdown LeaderState
2019-09-25 11:57:04,982 [f320213e-69dd-47d7-8b12-80f84f010fc9@group-572A4A8EDA24-SegmentedRaftLogWorker] INFO  segmented.SegmentedRaftLogWorker (SegmentedRaftLogWorker.java:run(313)) - f320213e-69dd-47d7-8b12-80f84f010fc9@group-572A4A8EDA24-SegmentedRaftLogWorker was interrupted, exiting. There are 0 tasks remaining in the queue.
2019-09-25 11:57:04,982 [ForkJoinPool.commonPool-worker-1] INFO  impl.PendingRequests (PendingRequests.java:sendNotLeaderResponses(202)) - a49539dc-5450-4b38-9858-49dc7b52b4cc-PendingRequests: sendNotLeaderResponses
2019-09-25 11:57:04,987 [main] INFO  segmented.SegmentedRaftLogWorker (SegmentedRaftLogWorker.java:close(228)) - f320213e-69dd-47d7-8b12-80f84f010fc9@group-572A4A8EDA24-SegmentedRaftLogWorker close()
2019-09-25 11:57:04,987 [ForkJoinPool.commonPool-worker-1] INFO  impl.StateMachineUpdater (StateMachineUpdater.java:stopAndJoin(125)) - a49539dc-5450-4b38-9858-49dc7b52b4cc@group-211BDEFBD79E-StateMachineUpdater: set stopIndex = 0
2019-09-25 11:57:04,996 [ForkJoinPool.commonPool-worker-1] INFO  impl.RaftServerImpl (ServerState.java:close(385)) - a49539dc-5450-4b38-9858-49dc7b52b4cc@group-211BDEFBD79E: closes. applyIndex: 0
2019-09-25 11:57:04,996 [main] INFO  impl.RaftServerImpl (RaftServerImpl.java:lambda$shutdown$3(251)) - f320213e-69dd-47d7-8b12-80f84f010fc9@group-45F24147A059: shutdown
2019-09-25 11:57:04,997 [a49539dc-5450-4b38-9858-49dc7b52b4cc@group-211BDEFBD79E-SegmentedRaftLogWorker] INFO  segmented.SegmentedRaftLogWorker (SegmentedRaftLogWorker.java:run(313)) - a49539dc-5450-4b38-9858-49dc7b52b4cc@group-211BDEFBD79E-SegmentedRaftLogWorker was interrupted, exiting. There are 0 tasks remaining in the queue.
2019-09-25 11:57:04,997 [59f2e4b8-41c0-4853-b4df-5d86491a517d@group-971ACE6F5539:LeaderElection42] INFO  impl.RoleInfo (RoleInfo.java:updateAndGet(143)) - 59f2e4b8-41c0-4853-b4df-5d86491a517d: start LeaderState
2019-09-25 11:57:04,997 [main] INFO  util.JmxRegister (JmxRegister.java:unregister(73)) - Successfully un-registered JMX Bean with object name Ratis:service=RaftServer,group=group-45F24147A059,id=f320213e-69dd-47d7-8b12-80f84f010fc9
2019-09-25 11:57:04,999 [59f2e4b8-41c0-4853-b4df-5d86491a517d@group-971ACE6F5539:LeaderElection42] INFO  segmented.SegmentedRaftLogWorker (SegmentedRaftLogWorker.java:startLogSegment(380)) - 59f2e4b8-41c0-4853-b4df-5d86491a517d@group-971ACE6F5539-SegmentedRaftLogWorker: Starting segment from index:0
2019-09-25 11:57:04,999 [ForkJoinPool.commonPool-worker-1] INFO  segmented.SegmentedRaftLogWorker (SegmentedRaftLogWorker.java:close(228)) - a49539dc-5450-4b38-9858-49dc7b52b4cc@group-211BDEFBD79E-SegmentedRaftLogWorker close()
2019-09-25 11:57:04,999 [main] INFO  impl.RoleInfo (RoleInfo.java:shutdownLeaderState(104)) - f320213e-69dd-47d7-8b12-80f84f010fc9: shutdown LeaderState
2019-09-25 11:57:05,033 [ForkJoinPool.commonPool-worker-1] INFO  impl.RaftServerImpl (RaftServerImpl.java:lambda$shutdown$3(251)) - a49539dc-5450-4b38-9858-49dc7b52b4cc@group-C84CDD09568A: shutdown
2019-09-25 11:57:05,000 [59f2e4b8-41c0-4853-b4df-5d86491a517d@group-971ACE6F5539:LeaderElection42] INFO  impl.RaftServerImpl (ServerState.java:setRaftConf(354)) - 59f2e4b8-41c0-4853-b4df-5d86491a517d@group-971ACE6F5539: set configuration 0: [59f2e4b8-41c0-4853-b4df-5d86491a517d:192.168.151.73:42681], old=null at 0
2019-09-25 11:57:05,034 [ForkJoinPool.commonPool-worker-1] INFO  util.JmxRegister (JmxRegister.java:unregister(73)) - Successfully un-registered JMX Bean with object name Ratis:service=RaftServer,group=group-C84CDD09568A,id=a49539dc-5450-4b38-9858-49dc7b52b4cc
2019-09-25 11:57:05,034 [ForkJoinPool.commonPool-worker-1] INFO  impl.RoleInfo (RoleInfo.java:shutdownLeaderState(104)) - a49539dc-5450-4b38-9858-49dc7b52b4cc: shutdown LeaderState
2019-09-25 11:57:05,033 [main] INFO  impl.PendingRequests (PendingRequests.java:sendNotLeaderResponses(202)) - f320213e-69dd-47d7-8b12-80f84f010fc9-PendingRequests: sendNotLeaderResponses
2019-09-25 11:57:05,034 [ForkJoinPool.commonPool-worker-1] INFO  impl.PendingRequests (PendingRequests.java:sendNotLeaderResponses(202)) - a49539dc-5450-4b38-9858-49dc7b52b4cc-PendingRequests: sendNotLeaderResponses
2019-09-25 11:57:05,035 [main] INFO  impl.StateMachineUpdater (StateMachineUpdater.java:stopAndJoin(125)) - f320213e-69dd-47d7-8b12-80f84f010fc9@group-45F24147A059-StateMachineUpdater: set stopIndex = 0
2019-09-25 11:57:05,035 [ForkJoinPool.commonPool-worker-1] INFO  impl.StateMachineUpdater (StateMachineUpdater.java:stopAndJoin(125)) - a49539dc-5450-4b38-9858-49dc7b52b4cc@group-C84CDD09568A-StateMachineUpdater: set stopIndex = 0
2019-09-25 11:57:05,036 [main] INFO  impl.RaftServerImpl (ServerState.java:close(385)) - f320213e-69dd-47d7-8b12-80f84f010fc9@group-45F24147A059: closes. applyIndex: 0
2019-09-25 11:57:05,036 [ForkJoinPool.commonPool-worker-1] INFO  impl.RaftServerImpl (ServerState.java:close(385)) - a49539dc-5450-4b38-9858-49dc7b52b4cc@group-C84CDD09568A: closes. applyIndex: 0
2019-09-25 11:57:05,036 [f320213e-69dd-47d7-8b12-80f84f010fc9@group-45F24147A059-SegmentedRaftLogWorker] INFO  segmented.SegmentedRaftLogWorker (SegmentedRaftLogWorker.java:run(313)) - f320213e-69dd-47d7-8b12-80f84f010fc9@group-45F24147A059-SegmentedRaftLogWorker was interrupted, exiting. There are 0 tasks remaining in the queue.
2019-09-25 11:57:05,037 [a49539dc-5450-4b38-9858-49dc7b52b4cc@group-C84CDD09568A-SegmentedRaftLogWorker] INFO  segmented.SegmentedRaftLogWorker (SegmentedRaftLogWorker.java:run(313)) - a49539dc-5450-4b38-9858-49dc7b52b4cc@group-C84CDD09568A-SegmentedRaftLogWorker was interrupted, exiting. There are 0 tasks remaining in the queue.
2019-09-25 11:57:05,037 [main] INFO  segmented.SegmentedRaftLogWorker (SegmentedRaftLogWorker.java:close(228)) - f320213e-69dd-47d7-8b12-80f84f010fc9@group-45F24147A059-SegmentedRaftLogWorker close()
2019-09-25 11:57:05,037 [ForkJoinPool.commonPool-worker-1] INFO  segmented.SegmentedRaftLogWorker (SegmentedRaftLogWorker.java:close(228)) - a49539dc-5450-4b38-9858-49dc7b52b4cc@group-C84CDD09568A-SegmentedRaftLogWorker close()
2019-09-25 11:57:05,042 [ForkJoinPool.commonPool-worker-1] INFO  server.GrpcService (GrpcService.java:closeImpl(164)) - a49539dc-5450-4b38-9858-49dc7b52b4cc: shutdown server with port 39048 now
2019-09-25 11:57:05,042 [main] INFO  server.GrpcService (GrpcService.java:closeImpl(164)) - f320213e-69dd-47d7-8b12-80f84f010fc9: shutdown server with port 42702 now
2019-09-25 11:57:05,045 [ForkJoinPool.commonPool-worker-1] INFO  server.GrpcService (GrpcService.java:closeImpl(172)) - a49539dc-5450-4b38-9858-49dc7b52b4cc: shutdown server with port 39048 successfully
2019-09-25 11:57:05,047 [59f2e4b8-41c0-4853-b4df-5d86491a517d@group-971ACE6F5539-SegmentedRaftLogWorker] INFO  segmented.SegmentedRaftLogWorker (SegmentedRaftLogWorker.java:execute(569)) - 59f2e4b8-41c0-4853-b4df-5d86491a517d@group-971ACE6F5539-SegmentedRaftLogWorker: created new log segment /workdir/hadoop-ozone/integration-test/target/test-dir/MiniOzoneClusterImpl-79e9daf4-eda6-4046-b710-e1fcaf4daad9/datanode-6/data/ratis/7318e0d5-1a8f-4c67-b7ef-971ace6f5539/current/log_inprogress_0
2019-09-25 11:57:05,047 [main] INFO  server.GrpcService (GrpcService.java:closeImpl(172)) - f320213e-69dd-47d7-8b12-80f84f010fc9: shutdown server with port 42702 successfully
2019-09-25 11:57:05,049 [refreshUsed-/workdir/hadoop-ozone/integration-test/target/test-dir/MiniOzoneClusterImpl-79e9daf4-eda6-4046-b710-e1fcaf4daad9/datanode-1/data/containers] WARN  fs.CachingGetSpaceUsed (CachingGetSpaceUsed.java:run(183)) - Thread Interrupted waiting to refresh disk information: sleep interrupted
2019-09-25 11:57:05,056 [refreshUsed-/workdir/hadoop-ozone/integration-test/target/test-dir/MiniOzoneClusterImpl-79e9daf4-eda6-4046-b710-e1fcaf4daad9/datanode-4/data/containers] WARN  fs.CachingGetSpaceUsed (CachingGetSpaceUsed.java:run(183)) - Thread Interrupted waiting to refresh disk information: sleep interrupted
2019-09-25 11:57:05,070 [ForkJoinPool.commonPool-worker-1] INFO  utils.BackgroundService (BackgroundService.java:shutdown(148)) - Shutting down service BlockDeletingService
2019-09-25 11:57:05,074 [ForkJoinPool.commonPool-worker-1] INFO  statemachine.DatanodeStateMachine (DatanodeStateMachine.java:stopDaemon(395)) - Ozone container server stopped.
2019-09-25 11:57:05,078 [ForkJoinPool.commonPool-worker-1] INFO  handler.ContextHandler (ContextHandler.java:doStop(910)) - Stopped o.e.j.w.WebAppContext@337bbfdf{/,null,UNAVAILABLE}{/hddsDatanode}
2019-09-25 11:57:05,079 [ForkJoinPool.commonPool-worker-1] INFO  server.AbstractConnector (AbstractConnector.java:doStop(318)) - Stopped ServerConnector@52d97ab6{HTTP/1.1,[http/1.1]}{0.0.0.0:0}
2019-09-25 11:57:05,080 [ForkJoinPool.commonPool-worker-1] INFO  handler.ContextHandler (ContextHandler.java:doStop(910)) - Stopped o.e.j.s.ServletContextHandler@4b200971{/static,jar:file:/home/user/.m2/repository/org/apache/hadoop/hadoop-hdds-container-service/0.5.0-SNAPSHOT/hadoop-hdds-container-service-0.5.0-SNAPSHOT.jar!/webapps/static,UNAVAILABLE}
2019-09-25 11:57:05,081 [ForkJoinPool.commonPool-worker-1] INFO  handler.ContextHandler (ContextHandler.java:doStop(910)) - Stopped o.e.j.s.ServletContextHandler@a9f023e{/logs,file:///workdir/hadoop-ozone/integration-test/target/log,UNAVAILABLE}
2019-09-25 11:57:05,090 [main] INFO  utils.BackgroundService (BackgroundService.java:shutdown(148)) - Shutting down service BlockDeletingService
2019-09-25 11:57:05,095 [main] INFO  statemachine.DatanodeStateMachine (DatanodeStateMachine.java:stopDaemon(395)) - Ozone container server stopped.
2019-09-25 11:57:05,096 [main] INFO  handler.ContextHandler (ContextHandler.java:doStop(910)) - Stopped o.e.j.w.WebAppContext@2630dbc4{/,null,UNAVAILABLE}{/hddsDatanode}
2019-09-25 11:57:05,097 [main] INFO  server.AbstractConnector (AbstractConnector.java:doStop(318)) - Stopped ServerConnector@5ea4300e{HTTP/1.1,[http/1.1]}{0.0.0.0:0}
2019-09-25 11:57:05,097 [main] INFO  handler.ContextHandler (ContextHandler.java:doStop(910)) - Stopped o.e.j.s.ServletContextHandler@4228bf58{/static,jar:file:/home/user/.m2/repository/org/apache/hadoop/hadoop-hdds-container-service/0.5.0-SNAPSHOT/hadoop-hdds-container-service-0.5.0-SNAPSHOT.jar!/webapps/static,UNAVAILABLE}
2019-09-25 11:57:05,097 [main] INFO  handler.ContextHandler (ContextHandler.java:doStop(910)) - Stopped o.e.j.s.ServletContextHandler@6f94fb9d{/logs,file:///workdir/hadoop-ozone/integration-test/target/log,UNAVAILABLE}
2019-09-25 11:57:05,747 [Datanode State Machine Thread - 0] INFO  statemachine.DatanodeStateMachine (DatanodeStateMachine.java:lambda$startDaemon$0(350)) - Ozone container server started.
2019-09-25 11:57:05,811 [Datanode State Machine Thread - 0] INFO  statemachine.DatanodeStateMachine (DatanodeStateMachine.java:lambda$startDaemon$0(350)) - Ozone container server started.
2019-09-25 11:57:09,859 [EventQueue-StaleNodeForStaleNodeHandler] INFO  node.StaleNodeHandler (StaleNodeHandler.java:onMessage(58)) - Datanode f59fc06d-a561-4bda-9641-bf15daa2d5cc{ip: 192.168.151.73, host: pr-hdds-1569-shd4m-3693607622, networkLocation: /default-rack, certSerialId: null} moved to stale state. Finalizing its pipelines [PipelineID=a5696496-b546-4e95-b6bf-3972b91324c2, PipelineID=cdbe9b15-061e-4b16-a939-d14635865ebb, PipelineID=0270b4e8-7547-4d03-a975-c5e2111d3c8f, PipelineID=bcdd55d3-d8de-4ba6-bc09-2a4196e36d76, PipelineID=816b6e16-a76d-4877-affd-50f9c5143aaa, PipelineID=ec90b1aa-7549-41aa-9c46-d067b8cd0638]
2019-09-25 11:57:09,859 [EventQueue-StaleNodeForStaleNodeHandler] INFO  pipeline.SCMPipelineManager (SCMPipelineManager.java:finalizeAndDestroyPipeline(316)) - destroying pipeline:Pipeline[ Id: a5696496-b546-4e95-b6bf-3972b91324c2, Nodes: f59fc06d-a561-4bda-9641-bf15daa2d5cc{ip: 192.168.151.73, host: pr-hdds-1569-shd4m-3693607622, networkLocation: /default-rack, certSerialId: null}, Type:RATIS, Factor:ONE, State:OPEN]
2019-09-25 11:57:09,860 [EventQueue-StaleNodeForStaleNodeHandler] INFO  pipeline.PipelineStateManager (PipelineStateManager.java:finalizePipeline(123)) - Pipeline Pipeline[ Id: a5696496-b546-4e95-b6bf-3972b91324c2, Nodes: f59fc06d-a561-4bda-9641-bf15daa2d5cc{ip: 192.168.151.73, host: pr-hdds-1569-shd4m-3693607622, networkLocation: /default-rack, certSerialId: null}, Type:RATIS, Factor:ONE, State:CLOSED] moved to CLOSED state
2019-09-25 11:57:09,860 [EventQueue-StaleNodeForStaleNodeHandler] INFO  pipeline.SCMPipelineManager (SCMPipelineManager.java:finalizeAndDestroyPipeline(316)) - destroying pipeline:Pipeline[ Id: cdbe9b15-061e-4b16-a939-d14635865ebb, Nodes: f59fc06d-a561-4bda-9641-bf15daa2d5cc{ip: 192.168.151.73, host: pr-hdds-1569-shd4m-3693607622, networkLocation: /default-rack, certSerialId: null}, Type:RATIS, Factor:ONE, State:OPEN]
2019-09-25 11:57:09,860 [EventQueue-StaleNodeForStaleNodeHandler] INFO  pipeline.PipelineStateManager (PipelineStateManager.java:finalizePipeline(123)) - Pipeline Pipeline[ Id: cdbe9b15-061e-4b16-a939-d14635865ebb, Nodes: f59fc06d-a561-4bda-9641-bf15daa2d5cc{ip: 192.168.151.73, host: pr-hdds-1569-shd4m-3693607622, networkLocation: /default-rack, certSerialId: null}, Type:RATIS, Factor:ONE, State:CLOSED] moved to CLOSED state
2019-09-25 11:57:09,860 [EventQueue-StaleNodeForStaleNodeHandler] INFO  pipeline.SCMPipelineManager (SCMPipelineManager.java:finalizeAndDestroyPipeline(316)) - destroying pipeline:Pipeline[ Id: 0270b4e8-7547-4d03-a975-c5e2111d3c8f, Nodes: f59fc06d-a561-4bda-9641-bf15daa2d5cc{ip: 192.168.151.73, host: pr-hdds-1569-shd4m-3693607622, networkLocation: /default-rack, certSerialId: null}, Type:RATIS, Factor:ONE, State:OPEN]
2019-09-25 11:57:09,860 [EventQueue-StaleNodeForStaleNodeHandler] INFO  pipeline.PipelineStateManager (PipelineStateManager.java:finalizePipeline(123)) - Pipeline Pipeline[ Id: 0270b4e8-7547-4d03-a975-c5e2111d3c8f, Nodes: f59fc06d-a561-4bda-9641-bf15daa2d5cc{ip: 192.168.151.73, host: pr-hdds-1569-shd4m-3693607622, networkLocation: /default-rack, certSerialId: null}, Type:RATIS, Factor:ONE, State:CLOSED] moved to CLOSED state
2019-09-25 11:57:09,861 [EventQueue-StaleNodeForStaleNodeHandler] INFO  pipeline.SCMPipelineManager (SCMPipelineManager.java:finalizeAndDestroyPipeline(316)) - destroying pipeline:Pipeline[ Id: bcdd55d3-d8de-4ba6-bc09-2a4196e36d76, Nodes: f59fc06d-a561-4bda-9641-bf15daa2d5cc{ip: 192.168.151.73, host: pr-hdds-1569-shd4m-3693607622, networkLocation: /default-rack, certSerialId: null}, Type:RATIS, Factor:ONE, State:OPEN]
2019-09-25 11:57:09,861 [EventQueue-StaleNodeForStaleNodeHandler] INFO  pipeline.PipelineStateManager (PipelineStateManager.java:finalizePipeline(123)) - Pipeline Pipeline[ Id: bcdd55d3-d8de-4ba6-bc09-2a4196e36d76, Nodes: f59fc06d-a561-4bda-9641-bf15daa2d5cc{ip: 192.168.151.73, host: pr-hdds-1569-shd4m-3693607622, networkLocation: /default-rack, certSerialId: null}, Type:RATIS, Factor:ONE, State:CLOSED] moved to CLOSED state
2019-09-25 11:57:09,861 [EventQueue-StaleNodeForStaleNodeHandler] INFO  pipeline.SCMPipelineManager (SCMPipelineManager.java:finalizeAndDestroyPipeline(316)) - destroying pipeline:Pipeline[ Id: 816b6e16-a76d-4877-affd-50f9c5143aaa, Nodes: f59fc06d-a561-4bda-9641-bf15daa2d5cc{ip: 192.168.151.73, host: pr-hdds-1569-shd4m-3693607622, networkLocation: /default-rack, certSerialId: null}, Type:RATIS, Factor:ONE, State:OPEN]
2019-09-25 11:57:09,861 [EventQueue-StaleNodeForStaleNodeHandler] INFO  pipeline.PipelineStateManager (PipelineStateManager.java:finalizePipeline(123)) - Pipeline Pipeline[ Id: 816b6e16-a76d-4877-affd-50f9c5143aaa, Nodes: f59fc06d-a561-4bda-9641-bf15daa2d5cc{ip: 192.168.151.73, host: pr-hdds-1569-shd4m-3693607622, networkLocation: /default-rack, certSerialId: null}, Type:RATIS, Factor:ONE, State:CLOSED] moved to CLOSED state
2019-09-25 11:57:09,861 [EventQueue-StaleNodeForStaleNodeHandler] INFO  pipeline.SCMPipelineManager (SCMPipelineManager.java:finalizeAndDestroyPipeline(316)) - destroying pipeline:Pipeline[ Id: ec90b1aa-7549-41aa-9c46-d067b8cd0638, Nodes: f59fc06d-a561-4bda-9641-bf15daa2d5cc{ip: 192.168.151.73, host: pr-hdds-1569-shd4m-3693607622, networkLocation: /default-rack, certSerialId: null}, Type:RATIS, Factor:ONE, State:OPEN]
2019-09-25 11:57:09,861 [EventQueue-StaleNodeForStaleNodeHandler] INFO  pipeline.PipelineStateManager (PipelineStateManager.java:finalizePipeline(123)) - Pipeline Pipeline[ Id: ec90b1aa-7549-41aa-9c46-d067b8cd0638, Nodes: f59fc06d-a561-4bda-9641-bf15daa2d5cc{ip: 192.168.151.73, host: pr-hdds-1569-shd4m-3693607622, networkLocation: /default-rack, certSerialId: null}, Type:RATIS, Factor:ONE, State:CLOSED] moved to CLOSED state
2019-09-25 11:57:09,861 [EventQueue-StaleNodeForStaleNodeHandler] INFO  node.StaleNodeHandler (StaleNodeHandler.java:onMessage(58)) - Datanode 7361a01f-3bcc-4a30-b80f-3806f83048f3{ip: 192.168.151.73, host: pr-hdds-1569-shd4m-3693607622, networkLocation: /default-rack, certSerialId: null} moved to stale state. Finalizing its pipelines [PipelineID=01fee828-99d8-4c12-acaf-416eabc40fac, PipelineID=8082cec0-f776-47c8-a9f1-03877ca45b46, PipelineID=61c3cd1f-9445-47f1-ba9d-904cbfffdaff, PipelineID=99c423cc-df56-4c33-850e-f012bf46d53d, PipelineID=7d007fab-ed38-4d8f-937c-995ee0122400, PipelineID=874de2f8-9292-4fbc-ae31-a9491123af0f]
2019-09-25 11:57:09,862 [EventQueue-StaleNodeForStaleNodeHandler] INFO  pipeline.SCMPipelineManager (SCMPipelineManager.java:finalizeAndDestroyPipeline(316)) - destroying pipeline:Pipeline[ Id: 01fee828-99d8-4c12-acaf-416eabc40fac, Nodes: 7361a01f-3bcc-4a30-b80f-3806f83048f3{ip: 192.168.151.73, host: pr-hdds-1569-shd4m-3693607622, networkLocation: /default-rack, certSerialId: null}, Type:RATIS, Factor:ONE, State:OPEN]
2019-09-25 11:57:09,862 [EventQueue-StaleNodeForStaleNodeHandler] INFO  pipeline.PipelineStateManager (PipelineStateManager.java:finalizePipeline(123)) - Pipeline Pipeline[ Id: 01fee828-99d8-4c12-acaf-416eabc40fac, Nodes: 7361a01f-3bcc-4a30-b80f-3806f83048f3{ip: 192.168.151.73, host: pr-hdds-1569-shd4m-3693607622, networkLocation: /default-rack, certSerialId: null}, Type:RATIS, Factor:ONE, State:CLOSED] moved to CLOSED state
2019-09-25 11:57:09,862 [EventQueue-StaleNodeForStaleNodeHandler] INFO  pipeline.SCMPipelineManager (SCMPipelineManager.java:finalizeAndDestroyPipeline(316)) - destroying pipeline:Pipeline[ Id: 8082cec0-f776-47c8-a9f1-03877ca45b46, Nodes: 7361a01f-3bcc-4a30-b80f-3806f83048f3{ip: 192.168.151.73, host: pr-hdds-1569-shd4m-3693607622, networkLocation: /default-rack, certSerialId: null}, Type:RATIS, Factor:ONE, State:OPEN]
2019-09-25 11:57:09,862 [EventQueue-StaleNodeForStaleNodeHandler] INFO  pipeline.PipelineStateManager (PipelineStateManager.java:finalizePipeline(123)) - Pipeline Pipeline[ Id: 8082cec0-f776-47c8-a9f1-03877ca45b46, Nodes: 7361a01f-3bcc-4a30-b80f-3806f83048f3{ip: 192.168.151.73, host: pr-hdds-1569-shd4m-3693607622, networkLocation: /default-rack, certSerialId: null}, Type:RATIS, Factor:ONE, State:CLOSED] moved to CLOSED state
2019-09-25 11:57:09,862 [EventQueue-StaleNodeForStaleNodeHandler] INFO  pipeline.SCMPipelineManager (SCMPipelineManager.java:finalizeAndDestroyPipeline(316)) - destroying pipeline:Pipeline[ Id: 61c3cd1f-9445-47f1-ba9d-904cbfffdaff, Nodes: 7361a01f-3bcc-4a30-b80f-3806f83048f3{ip: 192.168.151.73, host: pr-hdds-1569-shd4m-3693607622, networkLocation: /default-rack, certSerialId: null}, Type:RATIS, Factor:ONE, State:OPEN]
2019-09-25 11:57:09,862 [EventQueue-StaleNodeForStaleNodeHandler] INFO  pipeline.PipelineStateManager (PipelineStateManager.java:finalizePipeline(123)) - Pipeline Pipeline[ Id: 61c3cd1f-9445-47f1-ba9d-904cbfffdaff, Nodes: 7361a01f-3bcc-4a30-b80f-3806f83048f3{ip: 192.168.151.73, host: pr-hdds-1569-shd4m-3693607622, networkLocation: /default-rack, certSerialId: null}, Type:RATIS, Factor:ONE, State:CLOSED] moved to CLOSED state
2019-09-25 11:57:09,862 [EventQueue-StaleNodeForStaleNodeHandler] INFO  pipeline.SCMPipelineManager (SCMPipelineManager.java:finalizeAndDestroyPipeline(316)) - destroying pipeline:Pipeline[ Id: 99c423cc-df56-4c33-850e-f012bf46d53d, Nodes: 7361a01f-3bcc-4a30-b80f-3806f83048f3{ip: 192.168.151.73, host: pr-hdds-1569-shd4m-3693607622, networkLocation: /default-rack, certSerialId: null}, Type:RATIS, Factor:ONE, State:OPEN]
2019-09-25 11:57:09,863 [EventQueue-StaleNodeForStaleNodeHandler] INFO  pipeline.PipelineStateManager (PipelineStateManager.java:finalizePipeline(123)) - Pipeline Pipeline[ Id: 99c423cc-df56-4c33-850e-f012bf46d53d, Nodes: 7361a01f-3bcc-4a30-b80f-3806f83048f3{ip: 192.168.151.73, host: pr-hdds-1569-shd4m-3693607622, networkLocation: /default-rack, certSerialId: null}, Type:RATIS, Factor:ONE, State:CLOSED] moved to CLOSED state
2019-09-25 11:57:09,863 [EventQueue-StaleNodeForStaleNodeHandler] INFO  pipeline.SCMPipelineManager (SCMPipelineManager.java:finalizeAndDestroyPipeline(316)) - destroying pipeline:Pipeline[ Id: 7d007fab-ed38-4d8f-937c-995ee0122400, Nodes: 7361a01f-3bcc-4a30-b80f-3806f83048f3{ip: 192.168.151.73, host: pr-hdds-1569-shd4m-3693607622, networkLocation: /default-rack, certSerialId: null}, Type:RATIS, Factor:ONE, State:OPEN]
2019-09-25 11:57:09,863 [EventQueue-StaleNodeForStaleNodeHandler] INFO  pipeline.PipelineStateManager (PipelineStateManager.java:finalizePipeline(123)) - Pipeline Pipeline[ Id: 7d007fab-ed38-4d8f-937c-995ee0122400, Nodes: 7361a01f-3bcc-4a30-b80f-3806f83048f3{ip: 192.168.151.73, host: pr-hdds-1569-shd4m-3693607622, networkLocation: /default-rack, certSerialId: null}, Type:RATIS, Factor:ONE, State:CLOSED] moved to CLOSED state
2019-09-25 11:57:09,863 [EventQueue-StaleNodeForStaleNodeHandler] INFO  pipeline.SCMPipelineManager (SCMPipelineManager.java:finalizeAndDestroyPipeline(316)) - destroying pipeline:Pipeline[ Id: 874de2f8-9292-4fbc-ae31-a9491123af0f, Nodes: 7361a01f-3bcc-4a30-b80f-3806f83048f3{ip: 192.168.151.73, host: pr-hdds-1569-shd4m-3693607622, networkLocation: /default-rack, certSerialId: null}, Type:RATIS, Factor:ONE, State:OPEN]
2019-09-25 11:57:09,863 [EventQueue-StaleNodeForStaleNodeHandler] INFO  pipeline.PipelineStateManager (PipelineStateManager.java:finalizePipeline(123)) - Pipeline Pipeline[ Id: 874de2f8-9292-4fbc-ae31-a9491123af0f, Nodes: 7361a01f-3bcc-4a30-b80f-3806f83048f3{ip: 192.168.151.73, host: pr-hdds-1569-shd4m-3693607622, networkLocation: /default-rack, certSerialId: null}, Type:RATIS, Factor:ONE, State:CLOSED] moved to CLOSED state
2019-09-25 11:57:10,083 [ForkJoinPool.commonPool-worker-1] INFO  ozoneimpl.OzoneContainer (OzoneContainer.java:stop(231)) - Attempting to stop container services.
2019-09-25 11:57:10,086 [ForkJoinPool.commonPool-worker-1] INFO  impl.RaftServerProxy (RaftServerProxy.java:lambda$close$4(314)) - f59fc06d-a561-4bda-9641-bf15daa2d5cc: close
2019-09-25 11:57:10,086 [ForkJoinPool.commonPool-worker-1] INFO  impl.RaftServerImpl (RaftServerImpl.java:lambda$shutdown$3(251)) - f59fc06d-a561-4bda-9641-bf15daa2d5cc@group-3972B91324C2: shutdown
2019-09-25 11:57:10,087 [ForkJoinPool.commonPool-worker-1] INFO  util.JmxRegister (JmxRegister.java:unregister(73)) - Successfully un-registered JMX Bean with object name Ratis:service=RaftServer,group=group-3972B91324C2,id=f59fc06d-a561-4bda-9641-bf15daa2d5cc
2019-09-25 11:57:10,087 [ForkJoinPool.commonPool-worker-1] INFO  impl.RoleInfo (RoleInfo.java:shutdownLeaderState(104)) - f59fc06d-a561-4bda-9641-bf15daa2d5cc: shutdown LeaderState
2019-09-25 11:57:10,087 [ForkJoinPool.commonPool-worker-1] INFO  impl.PendingRequests (PendingRequests.java:sendNotLeaderResponses(202)) - f59fc06d-a561-4bda-9641-bf15daa2d5cc-PendingRequests: sendNotLeaderResponses
2019-09-25 11:57:10,088 [ForkJoinPool.commonPool-worker-1] INFO  impl.StateMachineUpdater (StateMachineUpdater.java:stopAndJoin(125)) - f59fc06d-a561-4bda-9641-bf15daa2d5cc@group-3972B91324C2-StateMachineUpdater: set stopIndex = 0
2019-09-25 11:57:10,088 [ForkJoinPool.commonPool-worker-1] INFO  impl.RaftServerImpl (ServerState.java:close(385)) - f59fc06d-a561-4bda-9641-bf15daa2d5cc@group-3972B91324C2: closes. applyIndex: 0
2019-09-25 11:57:10,089 [f59fc06d-a561-4bda-9641-bf15daa2d5cc@group-3972B91324C2-SegmentedRaftLogWorker] INFO  segmented.SegmentedRaftLogWorker (SegmentedRaftLogWorker.java:run(313)) - f59fc06d-a561-4bda-9641-bf15daa2d5cc@group-3972B91324C2-SegmentedRaftLogWorker was interrupted, exiting. There are 0 tasks remaining in the queue.
2019-09-25 11:57:10,089 [ForkJoinPool.commonPool-worker-1] INFO  segmented.SegmentedRaftLogWorker (SegmentedRaftLogWorker.java:close(228)) - f59fc06d-a561-4bda-9641-bf15daa2d5cc@group-3972B91324C2-SegmentedRaftLogWorker close()
2019-09-25 11:57:10,091 [ForkJoinPool.commonPool-worker-1] INFO  impl.RaftServerImpl (RaftServerImpl.java:lambda$shutdown$3(251)) - f59fc06d-a561-4bda-9641-bf15daa2d5cc@group-D14635865EBB: shutdown
2019-09-25 11:57:10,092 [ForkJoinPool.commonPool-worker-1] INFO  util.JmxRegister (JmxRegister.java:unregister(73)) - Successfully un-registered JMX Bean with object name Ratis:service=RaftServer,group=group-D14635865EBB,id=f59fc06d-a561-4bda-9641-bf15daa2d5cc
2019-09-25 11:57:10,092 [ForkJoinPool.commonPool-worker-1] INFO  impl.RoleInfo (RoleInfo.java:shutdownLeaderState(104)) - f59fc06d-a561-4bda-9641-bf15daa2d5cc: shutdown LeaderState
2019-09-25 11:57:10,092 [ForkJoinPool.commonPool-worker-1] INFO  impl.PendingRequests (PendingRequests.java:sendNotLeaderResponses(202)) - f59fc06d-a561-4bda-9641-bf15daa2d5cc-PendingRequests: sendNotLeaderResponses
2019-09-25 11:57:10,092 [ForkJoinPool.commonPool-worker-1] INFO  impl.StateMachineUpdater (StateMachineUpdater.java:stopAndJoin(125)) - f59fc06d-a561-4bda-9641-bf15daa2d5cc@group-D14635865EBB-StateMachineUpdater: set stopIndex = 0
2019-09-25 11:57:10,093 [ForkJoinPool.commonPool-worker-1] INFO  impl.RaftServerImpl (ServerState.java:close(385)) - f59fc06d-a561-4bda-9641-bf15daa2d5cc@group-D14635865EBB: closes. applyIndex: 0
2019-09-25 11:57:10,093 [f59fc06d-a561-4bda-9641-bf15daa2d5cc@group-D14635865EBB-SegmentedRaftLogWorker] INFO  segmented.SegmentedRaftLogWorker (SegmentedRaftLogWorker.java:run(313)) - f59fc06d-a561-4bda-9641-bf15daa2d5cc@group-D14635865EBB-SegmentedRaftLogWorker was interrupted, exiting. There are 0 tasks remaining in the queue.
2019-09-25 11:57:10,094 [ForkJoinPool.commonPool-worker-1] INFO  segmented.SegmentedRaftLogWorker (SegmentedRaftLogWorker.java:close(228)) - f59fc06d-a561-4bda-9641-bf15daa2d5cc@group-D14635865EBB-SegmentedRaftLogWorker close()
2019-09-25 11:57:10,096 [ForkJoinPool.commonPool-worker-1] INFO  impl.RaftServerImpl (RaftServerImpl.java:lambda$shutdown$3(251)) - f59fc06d-a561-4bda-9641-bf15daa2d5cc@group-C5E2111D3C8F: shutdown
2019-09-25 11:57:10,096 [ForkJoinPool.commonPool-worker-1] INFO  util.JmxRegister (JmxRegister.java:unregister(73)) - Successfully un-registered JMX Bean with object name Ratis:service=RaftServer,group=group-C5E2111D3C8F,id=f59fc06d-a561-4bda-9641-bf15daa2d5cc
2019-09-25 11:57:10,096 [ForkJoinPool.commonPool-worker-1] INFO  impl.RoleInfo (RoleInfo.java:shutdownLeaderState(104)) - f59fc06d-a561-4bda-9641-bf15daa2d5cc: shutdown LeaderState
2019-09-25 11:57:10,096 [ForkJoinPool.commonPool-worker-1] INFO  impl.PendingRequests (PendingRequests.java:sendNotLeaderResponses(202)) - f59fc06d-a561-4bda-9641-bf15daa2d5cc-PendingRequests: sendNotLeaderResponses
2019-09-25 11:57:10,097 [ForkJoinPool.commonPool-worker-1] INFO  impl.StateMachineUpdater (StateMachineUpdater.java:stopAndJoin(125)) - f59fc06d-a561-4bda-9641-bf15daa2d5cc@group-C5E2111D3C8F-StateMachineUpdater: set stopIndex = 0
2019-09-25 11:57:10,097 [ForkJoinPool.commonPool-worker-1] INFO  impl.RaftServerImpl (ServerState.java:close(385)) - f59fc06d-a561-4bda-9641-bf15daa2d5cc@group-C5E2111D3C8F: closes. applyIndex: 0
2019-09-25 11:57:10,097 [f59fc06d-a561-4bda-9641-bf15daa2d5cc@group-C5E2111D3C8F-SegmentedRaftLogWorker] INFO  segmented.SegmentedRaftLogWorker (SegmentedRaftLogWorker.java:run(313)) - f59fc06d-a561-4bda-9641-bf15daa2d5cc@group-C5E2111D3C8F-SegmentedRaftLogWorker was interrupted, exiting. There are 0 tasks remaining in the queue.
2019-09-25 11:57:10,098 [ForkJoinPool.commonPool-worker-1] INFO  segmented.SegmentedRaftLogWorker (SegmentedRaftLogWorker.java:close(228)) - f59fc06d-a561-4bda-9641-bf15daa2d5cc@group-C5E2111D3C8F-SegmentedRaftLogWorker close()
2019-09-25 11:57:10,100 [ForkJoinPool.commonPool-worker-1] INFO  impl.RaftServerImpl (RaftServerImpl.java:lambda$shutdown$3(251)) - f59fc06d-a561-4bda-9641-bf15daa2d5cc@group-2A4196E36D76: shutdown
2019-09-25 11:57:10,100 [ForkJoinPool.commonPool-worker-1] INFO  util.JmxRegister (JmxRegister.java:unregister(73)) - Successfully un-registered JMX Bean with object name Ratis:service=RaftServer,group=group-2A4196E36D76,id=f59fc06d-a561-4bda-9641-bf15daa2d5cc
2019-09-25 11:57:10,100 [main] INFO  ozoneimpl.OzoneContainer (OzoneContainer.java:stop(231)) - Attempting to stop container services.
2019-09-25 11:57:10,100 [ForkJoinPool.commonPool-worker-1] INFO  impl.RoleInfo (RoleInfo.java:shutdownLeaderState(104)) - f59fc06d-a561-4bda-9641-bf15daa2d5cc: shutdown LeaderState
2019-09-25 11:57:10,101 [main] INFO  impl.RaftServerProxy (RaftServerProxy.java:lambda$close$4(314)) - 7361a01f-3bcc-4a30-b80f-3806f83048f3: close
2019-09-25 11:57:10,101 [ForkJoinPool.commonPool-worker-1] INFO  impl.PendingRequests (PendingRequests.java:sendNotLeaderResponses(202)) - f59fc06d-a561-4bda-9641-bf15daa2d5cc-PendingRequests: sendNotLeaderResponses
2019-09-25 11:57:10,101 [main] INFO  impl.RaftServerImpl (RaftServerImpl.java:lambda$shutdown$3(251)) - 7361a01f-3bcc-4a30-b80f-3806f83048f3@group-416EABC40FAC: shutdown
2019-09-25 11:57:10,101 [ForkJoinPool.commonPool-worker-1] INFO  impl.StateMachineUpdater (StateMachineUpdater.java:stopAndJoin(125)) - f59fc06d-a561-4bda-9641-bf15daa2d5cc@group-2A4196E36D76-StateMachineUpdater: set stopIndex = 0
2019-09-25 11:57:10,101 [main] INFO  util.JmxRegister (JmxRegister.java:unregister(73)) - Successfully un-registered JMX Bean with object name Ratis:service=RaftServer,group=group-416EABC40FAC,id=7361a01f-3bcc-4a30-b80f-3806f83048f3
2019-09-25 11:57:10,102 [ForkJoinPool.commonPool-worker-1] INFO  impl.RaftServerImpl (ServerState.java:close(385)) - f59fc06d-a561-4bda-9641-bf15daa2d5cc@group-2A4196E36D76: closes. applyIndex: 0
2019-09-25 11:57:10,102 [main] INFO  impl.RoleInfo (RoleInfo.java:shutdownLeaderState(104)) - 7361a01f-3bcc-4a30-b80f-3806f83048f3: shutdown LeaderState
2019-09-25 11:57:10,102 [f59fc06d-a561-4bda-9641-bf15daa2d5cc@group-2A4196E36D76-SegmentedRaftLogWorker] INFO  segmented.SegmentedRaftLogWorker (SegmentedRaftLogWorker.java:run(313)) - f59fc06d-a561-4bda-9641-bf15daa2d5cc@group-2A4196E36D76-SegmentedRaftLogWorker was interrupted, exiting. There are 0 tasks remaining in the queue.
2019-09-25 11:57:10,102 [main] INFO  impl.PendingRequests (PendingRequests.java:sendNotLeaderResponses(202)) - 7361a01f-3bcc-4a30-b80f-3806f83048f3-PendingRequests: sendNotLeaderResponses
2019-09-25 11:57:10,103 [ForkJoinPool.commonPool-worker-1] INFO  segmented.SegmentedRaftLogWorker (SegmentedRaftLogWorker.java:close(228)) - f59fc06d-a561-4bda-9641-bf15daa2d5cc@group-2A4196E36D76-SegmentedRaftLogWorker close()
2019-09-25 11:57:10,103 [main] INFO  impl.StateMachineUpdater (StateMachineUpdater.java:stopAndJoin(125)) - 7361a01f-3bcc-4a30-b80f-3806f83048f3@group-416EABC40FAC-StateMachineUpdater: set stopIndex = 0
2019-09-25 11:57:10,105 [ForkJoinPool.commonPool-worker-1] INFO  impl.RaftServerImpl (RaftServerImpl.java:lambda$shutdown$3(251)) - f59fc06d-a561-4bda-9641-bf15daa2d5cc@group-50F9C5143AAA: shutdown
2019-09-25 11:57:10,105 [main] INFO  impl.RaftServerImpl (ServerState.java:close(385)) - 7361a01f-3bcc-4a30-b80f-3806f83048f3@group-416EABC40FAC: closes. applyIndex: 0
2019-09-25 11:57:10,105 [ForkJoinPool.commonPool-worker-1] INFO  util.JmxRegister (JmxRegister.java:unregister(73)) - Successfully un-registered JMX Bean with object name Ratis:service=RaftServer,group=group-50F9C5143AAA,id=f59fc06d-a561-4bda-9641-bf15daa2d5cc
2019-09-25 11:57:10,106 [7361a01f-3bcc-4a30-b80f-3806f83048f3@group-416EABC40FAC-SegmentedRaftLogWorker] INFO  segmented.SegmentedRaftLogWorker (SegmentedRaftLogWorker.java:run(313)) - 7361a01f-3bcc-4a30-b80f-3806f83048f3@group-416EABC40FAC-SegmentedRaftLogWorker was interrupted, exiting. There are 0 tasks remaining in the queue.
2019-09-25 11:57:10,106 [ForkJoinPool.commonPool-worker-1] INFO  impl.RoleInfo (RoleInfo.java:shutdownLeaderState(104)) - f59fc06d-a561-4bda-9641-bf15daa2d5cc: shutdown LeaderState
2019-09-25 11:57:10,106 [main] INFO  segmented.SegmentedRaftLogWorker (SegmentedRaftLogWorker.java:close(228)) - 7361a01f-3bcc-4a30-b80f-3806f83048f3@group-416EABC40FAC-SegmentedRaftLogWorker close()
2019-09-25 11:57:10,106 [ForkJoinPool.commonPool-worker-1] INFO  impl.PendingRequests (PendingRequests.java:sendNotLeaderResponses(202)) - f59fc06d-a561-4bda-9641-bf15daa2d5cc-PendingRequests: sendNotLeaderResponses
2019-09-25 11:57:10,108 [main] INFO  impl.RaftServerImpl (RaftServerImpl.java:lambda$shutdown$3(251)) - 7361a01f-3bcc-4a30-b80f-3806f83048f3@group-03877CA45B46: shutdown
2019-09-25 11:57:10,109 [ForkJoinPool.commonPool-worker-1] INFO  impl.StateMachineUpdater (StateMachineUpdater.java:stopAndJoin(125)) - f59fc06d-a561-4bda-9641-bf15daa2d5cc@group-50F9C5143AAA-StateMachineUpdater: set stopIndex = 0
2019-09-25 11:57:10,109 [main] INFO  util.JmxRegister (JmxRegister.java:unregister(73)) - Successfully un-registered JMX Bean with object name Ratis:service=RaftServer,group=group-03877CA45B46,id=7361a01f-3bcc-4a30-b80f-3806f83048f3
2019-09-25 11:57:10,109 [ForkJoinPool.commonPool-worker-1] INFO  impl.RaftServerImpl (ServerState.java:close(385)) - f59fc06d-a561-4bda-9641-bf15daa2d5cc@group-50F9C5143AAA: closes. applyIndex: 0
2019-09-25 11:57:10,109 [main] INFO  impl.RoleInfo (RoleInfo.java:shutdownLeaderState(104)) - 7361a01f-3bcc-4a30-b80f-3806f83048f3: shutdown LeaderState
2019-09-25 11:57:10,110 [f59fc06d-a561-4bda-9641-bf15daa2d5cc@group-50F9C5143AAA-SegmentedRaftLogWorker] INFO  segmented.SegmentedRaftLogWorker (SegmentedRaftLogWorker.java:run(313)) - f59fc06d-a561-4bda-9641-bf15daa2d5cc@group-50F9C5143AAA-SegmentedRaftLogWorker was interrupted, exiting. There are 0 tasks remaining in the queue.
2019-09-25 11:57:10,110 [main] INFO  impl.PendingRequests (PendingRequests.java:sendNotLeaderResponses(202)) - 7361a01f-3bcc-4a30-b80f-3806f83048f3-PendingRequests: sendNotLeaderResponses
2019-09-25 11:57:10,110 [ForkJoinPool.commonPool-worker-1] INFO  segmented.SegmentedRaftLogWorker (SegmentedRaftLogWorker.java:close(228)) - f59fc06d-a561-4bda-9641-bf15daa2d5cc@group-50F9C5143AAA-SegmentedRaftLogWorker close()
2019-09-25 11:57:10,111 [main] INFO  impl.StateMachineUpdater (StateMachineUpdater.java:stopAndJoin(125)) - 7361a01f-3bcc-4a30-b80f-3806f83048f3@group-03877CA45B46-StateMachineUpdater: set stopIndex = 0
2019-09-25 11:57:10,113 [ForkJoinPool.commonPool-worker-1] INFO  impl.RaftServerImpl (RaftServerImpl.java:lambda$shutdown$3(251)) - f59fc06d-a561-4bda-9641-bf15daa2d5cc@group-D067B8CD0638: shutdown
2019-09-25 11:57:10,113 [main] INFO  impl.RaftServerImpl (ServerState.java:close(385)) - 7361a01f-3bcc-4a30-b80f-3806f83048f3@group-03877CA45B46: closes. applyIndex: 0
2019-09-25 11:57:10,113 [ForkJoinPool.commonPool-worker-1] INFO  util.JmxRegister (JmxRegister.java:unregister(73)) - Successfully un-registered JMX Bean with object name Ratis:service=RaftServer,group=group-D067B8CD0638,id=f59fc06d-a561-4bda-9641-bf15daa2d5cc
2019-09-25 11:57:10,114 [7361a01f-3bcc-4a30-b80f-3806f83048f3@group-03877CA45B46-SegmentedRaftLogWorker] INFO  segmented.SegmentedRaftLogWorker (SegmentedRaftLogWorker.java:run(313)) - 7361a01f-3bcc-4a30-b80f-3806f83048f3@group-03877CA45B46-SegmentedRaftLogWorker was interrupted, exiting. There are 0 tasks remaining in the queue.
2019-09-25 11:57:10,114 [ForkJoinPool.commonPool-worker-1] INFO  impl.RoleInfo (RoleInfo.java:shutdownLeaderState(104)) - f59fc06d-a561-4bda-9641-bf15daa2d5cc: shutdown LeaderState
2019-09-25 11:57:10,114 [main] INFO  segmented.SegmentedRaftLogWorker (SegmentedRaftLogWorker.java:close(228)) - 7361a01f-3bcc-4a30-b80f-3806f83048f3@group-03877CA45B46-SegmentedRaftLogWorker close()
2019-09-25 11:57:10,114 [ForkJoinPool.commonPool-worker-1] INFO  impl.PendingRequests (PendingRequests.java:sendNotLeaderResponses(202)) - f59fc06d-a561-4bda-9641-bf15daa2d5cc-PendingRequests: sendNotLeaderResponses
2019-09-25 11:57:10,117 [main] INFO  impl.RaftServerImpl (RaftServerImpl.java:lambda$shutdown$3(251)) - 7361a01f-3bcc-4a30-b80f-3806f83048f3@group-904CBFFFDAFF: shutdown
2019-09-25 11:57:10,117 [ForkJoinPool.commonPool-worker-1] INFO  impl.StateMachineUpdater (StateMachineUpdater.java:stopAndJoin(125)) - f59fc06d-a561-4bda-9641-bf15daa2d5cc@group-D067B8CD0638-StateMachineUpdater: set stopIndex = 0
2019-09-25 11:57:10,117 [main] INFO  util.JmxRegister (JmxRegister.java:unregister(73)) - Successfully un-registered JMX Bean with object name Ratis:service=RaftServer,group=group-904CBFFFDAFF,id=7361a01f-3bcc-4a30-b80f-3806f83048f3
2019-09-25 11:57:10,117 [ForkJoinPool.commonPool-worker-1] INFO  impl.RaftServerImpl (ServerState.java:close(385)) - f59fc06d-a561-4bda-9641-bf15daa2d5cc@group-D067B8CD0638: closes. applyIndex: 0
2019-09-25 11:57:10,118 [main] INFO  impl.RoleInfo (RoleInfo.java:shutdownLeaderState(104)) - 7361a01f-3bcc-4a30-b80f-3806f83048f3: shutdown LeaderState
2019-09-25 11:57:10,118 [f59fc06d-a561-4bda-9641-bf15daa2d5cc@group-D067B8CD0638-SegmentedRaftLogWorker] INFO  segmented.SegmentedRaftLogWorker (SegmentedRaftLogWorker.java:run(313)) - f59fc06d-a561-4bda-9641-bf15daa2d5cc@group-D067B8CD0638-SegmentedRaftLogWorker was interrupted, exiting. There are 0 tasks remaining in the queue.
2019-09-25 11:57:10,118 [main] INFO  impl.PendingRequests (PendingRequests.java:sendNotLeaderResponses(202)) - 7361a01f-3bcc-4a30-b80f-3806f83048f3-PendingRequests: sendNotLeaderResponses
2019-09-25 11:57:10,119 [ForkJoinPool.commonPool-worker-1] INFO  segmented.SegmentedRaftLogWorker (SegmentedRaftLogWorker.java:close(228)) - f59fc06d-a561-4bda-9641-bf15daa2d5cc@group-D067B8CD0638-SegmentedRaftLogWorker close()
2019-09-25 11:57:10,119 [main] INFO  impl.StateMachineUpdater (StateMachineUpdater.java:stopAndJoin(125)) - 7361a01f-3bcc-4a30-b80f-3806f83048f3@group-904CBFFFDAFF-StateMachineUpdater: set stopIndex = 0
2019-09-25 11:57:10,126 [ForkJoinPool.commonPool-worker-1] INFO  server.GrpcService (GrpcService.java:closeImpl(164)) - f59fc06d-a561-4bda-9641-bf15daa2d5cc: shutdown server with port 36905 now
2019-09-25 11:57:10,126 [main] INFO  impl.RaftServerImpl (ServerState.java:close(385)) - 7361a01f-3bcc-4a30-b80f-3806f83048f3@group-904CBFFFDAFF: closes. applyIndex: 0
2019-09-25 11:57:10,128 [ForkJoinPool.commonPool-worker-1] INFO  server.GrpcService (GrpcService.java:closeImpl(172)) - f59fc06d-a561-4bda-9641-bf15daa2d5cc: shutdown server with port 36905 successfully
2019-09-25 11:57:10,128 [7361a01f-3bcc-4a30-b80f-3806f83048f3@group-904CBFFFDAFF-SegmentedRaftLogWorker] INFO  segmented.SegmentedRaftLogWorker (SegmentedRaftLogWorker.java:run(313)) - 7361a01f-3bcc-4a30-b80f-3806f83048f3@group-904CBFFFDAFF-SegmentedRaftLogWorker was interrupted, exiting. There are 0 tasks remaining in the queue.
2019-09-25 11:57:10,129 [main] INFO  segmented.SegmentedRaftLogWorker (SegmentedRaftLogWorker.java:close(228)) - 7361a01f-3bcc-4a30-b80f-3806f83048f3@group-904CBFFFDAFF-SegmentedRaftLogWorker close()
2019-09-25 11:57:10,129 [main] INFO  impl.RaftServerImpl (RaftServerImpl.java:lambda$shutdown$3(251)) - 7361a01f-3bcc-4a30-b80f-3806f83048f3@group-F012BF46D53D: shutdown
2019-09-25 11:57:10,129 [main] INFO  util.JmxRegister (JmxRegister.java:unregister(73)) - Successfully un-registered JMX Bean with object name Ratis:service=RaftServer,group=group-F012BF46D53D,id=7361a01f-3bcc-4a30-b80f-3806f83048f3
2019-09-25 11:57:10,130 [main] INFO  impl.RoleInfo (RoleInfo.java:shutdownLeaderState(104)) - 7361a01f-3bcc-4a30-b80f-3806f83048f3: shutdown LeaderState
2019-09-25 11:57:10,130 [main] INFO  impl.PendingRequests (PendingRequests.java:sendNotLeaderResponses(202)) - 7361a01f-3bcc-4a30-b80f-3806f83048f3-PendingRequests: sendNotLeaderResponses
2019-09-25 11:57:10,130 [main] INFO  impl.StateMachineUpdater (StateMachineUpdater.java:stopAndJoin(125)) - 7361a01f-3bcc-4a30-b80f-3806f83048f3@group-F012BF46D53D-StateMachineUpdater: set stopIndex = 0
2019-09-25 11:57:10,131 [main] INFO  impl.RaftServerImpl (ServerState.java:close(385)) - 7361a01f-3bcc-4a30-b80f-3806f83048f3@group-F012BF46D53D: closes. applyIndex: 0
2019-09-25 11:57:10,131 [7361a01f-3bcc-4a30-b80f-3806f83048f3@group-F012BF46D53D-SegmentedRaftLogWorker] INFO  segmented.SegmentedRaftLogWorker (SegmentedRaftLogWorker.java:run(313)) - 7361a01f-3bcc-4a30-b80f-3806f83048f3@group-F012BF46D53D-SegmentedRaftLogWorker was interrupted, exiting. There are 0 tasks remaining in the queue.
2019-09-25 11:57:10,132 [main] INFO  segmented.SegmentedRaftLogWorker (SegmentedRaftLogWorker.java:close(228)) - 7361a01f-3bcc-4a30-b80f-3806f83048f3@group-F012BF46D53D-SegmentedRaftLogWorker close()
2019-09-25 11:57:10,134 [main] INFO  impl.RaftServerImpl (RaftServerImpl.java:lambda$shutdown$3(251)) - 7361a01f-3bcc-4a30-b80f-3806f83048f3@group-995EE0122400: shutdown
2019-09-25 11:57:10,134 [main] INFO  util.JmxRegister (JmxRegister.java:unregister(73)) - Successfully un-registered JMX Bean with object name Ratis:service=RaftServer,group=group-995EE0122400,id=7361a01f-3bcc-4a30-b80f-3806f83048f3
2019-09-25 11:57:10,134 [refreshUsed-/workdir/hadoop-ozone/integration-test/target/test-dir/MiniOzoneClusterImpl-79e9daf4-eda6-4046-b710-e1fcaf4daad9/datanode-2/data/containers] WARN  fs.CachingGetSpaceUsed (CachingGetSpaceUsed.java:run(183)) - Thread Interrupted waiting to refresh disk information: sleep interrupted
2019-09-25 11:57:10,135 [main] INFO  impl.RoleInfo (RoleInfo.java:shutdownLeaderState(104)) - 7361a01f-3bcc-4a30-b80f-3806f83048f3: shutdown LeaderState
2019-09-25 11:57:10,135 [main] INFO  impl.PendingRequests (PendingRequests.java:sendNotLeaderResponses(202)) - 7361a01f-3bcc-4a30-b80f-3806f83048f3-PendingRequests: sendNotLeaderResponses
2019-09-25 11:57:10,135 [main] INFO  impl.StateMachineUpdater (StateMachineUpdater.java:stopAndJoin(125)) - 7361a01f-3bcc-4a30-b80f-3806f83048f3@group-995EE0122400-StateMachineUpdater: set stopIndex = 0
2019-09-25 11:57:10,136 [main] INFO  impl.RaftServerImpl (ServerState.java:close(385)) - 7361a01f-3bcc-4a30-b80f-3806f83048f3@group-995EE0122400: closes. applyIndex: 0
2019-09-25 11:57:10,136 [7361a01f-3bcc-4a30-b80f-3806f83048f3@group-995EE0122400-SegmentedRaftLogWorker] INFO  segmented.SegmentedRaftLogWorker (SegmentedRaftLogWorker.java:run(313)) - 7361a01f-3bcc-4a30-b80f-3806f83048f3@group-995EE0122400-SegmentedRaftLogWorker was interrupted, exiting. There are 0 tasks remaining in the queue.
2019-09-25 11:57:10,136 [main] INFO  segmented.SegmentedRaftLogWorker (SegmentedRaftLogWorker.java:close(228)) - 7361a01f-3bcc-4a30-b80f-3806f83048f3@group-995EE0122400-SegmentedRaftLogWorker close()
2019-09-25 11:57:10,136 [main] INFO  impl.RaftServerImpl (RaftServerImpl.java:lambda$shutdown$3(251)) - 7361a01f-3bcc-4a30-b80f-3806f83048f3@group-A9491123AF0F: shutdown
2019-09-25 11:57:10,137 [main] INFO  util.JmxRegister (JmxRegister.java:unregister(73)) - Successfully un-registered JMX Bean with object name Ratis:service=RaftServer,group=group-A9491123AF0F,id=7361a01f-3bcc-4a30-b80f-3806f83048f3
2019-09-25 11:57:10,137 [main] INFO  impl.RoleInfo (RoleInfo.java:shutdownLeaderState(104)) - 7361a01f-3bcc-4a30-b80f-3806f83048f3: shutdown LeaderState
2019-09-25 11:57:10,137 [main] INFO  impl.PendingRequests (PendingRequests.java:sendNotLeaderResponses(202)) - 7361a01f-3bcc-4a30-b80f-3806f83048f3-PendingRequests: sendNotLeaderResponses
2019-09-25 11:57:10,137 [main] INFO  impl.StateMachineUpdater (StateMachineUpdater.java:stopAndJoin(125)) - 7361a01f-3bcc-4a30-b80f-3806f83048f3@group-A9491123AF0F-StateMachineUpdater: set stopIndex = 0
2019-09-25 11:57:10,138 [main] INFO  impl.RaftServerImpl (ServerState.java:close(385)) - 7361a01f-3bcc-4a30-b80f-3806f83048f3@group-A9491123AF0F: closes. applyIndex: 0
2019-09-25 11:57:10,138 [7361a01f-3bcc-4a30-b80f-3806f83048f3@group-A9491123AF0F-SegmentedRaftLogWorker] INFO  segmented.SegmentedRaftLogWorker (SegmentedRaftLogWorker.java:run(313)) - 7361a01f-3bcc-4a30-b80f-3806f83048f3@group-A9491123AF0F-SegmentedRaftLogWorker was interrupted, exiting. There are 0 tasks remaining in the queue.
2019-09-25 11:57:10,138 [main] INFO  segmented.SegmentedRaftLogWorker (SegmentedRaftLogWorker.java:close(228)) - 7361a01f-3bcc-4a30-b80f-3806f83048f3@group-A9491123AF0F-SegmentedRaftLogWorker close()
2019-09-25 11:57:10,139 [main] INFO  server.GrpcService (GrpcService.java:closeImpl(164)) - 7361a01f-3bcc-4a30-b80f-3806f83048f3: shutdown server with port 35812 now
2019-09-25 11:57:10,141 [main] INFO  server.GrpcService (GrpcService.java:closeImpl(172)) - 7361a01f-3bcc-4a30-b80f-3806f83048f3: shutdown server with port 35812 successfully
2019-09-25 11:57:10,146 [refreshUsed-/workdir/hadoop-ozone/integration-test/target/test-dir/MiniOzoneClusterImpl-79e9daf4-eda6-4046-b710-e1fcaf4daad9/datanode-3/data/containers] WARN  fs.CachingGetSpaceUsed (CachingGetSpaceUsed.java:run(183)) - Thread Interrupted waiting to refresh disk information: sleep interrupted
2019-09-25 11:57:10,158 [ForkJoinPool.commonPool-worker-1] INFO  utils.BackgroundService (BackgroundService.java:shutdown(148)) - Shutting down service BlockDeletingService
2019-09-25 11:57:10,158 [main] INFO  utils.BackgroundService (BackgroundService.java:shutdown(148)) - Shutting down service BlockDeletingService
2019-09-25 11:57:10,165 [ForkJoinPool.commonPool-worker-1] INFO  statemachine.DatanodeStateMachine (DatanodeStateMachine.java:stopDaemon(395)) - Ozone container server stopped.
2019-09-25 11:57:10,165 [main] INFO  statemachine.DatanodeStateMachine (DatanodeStateMachine.java:stopDaemon(395)) - Ozone container server stopped.
2019-09-25 11:57:10,168 [main] INFO  handler.ContextHandler (ContextHandler.java:doStop(910)) - Stopped o.e.j.w.WebAppContext@715b886f{/,null,UNAVAILABLE}{/hddsDatanode}
2019-09-25 11:57:10,169 [ForkJoinPool.commonPool-worker-1] INFO  handler.ContextHandler (ContextHandler.java:doStop(910)) - Stopped o.e.j.w.WebAppContext@588f63c{/,null,UNAVAILABLE}{/hddsDatanode}
2019-09-25 11:57:10,170 [main] INFO  server.AbstractConnector (AbstractConnector.java:doStop(318)) - Stopped ServerConnector@7fb29ca9{HTTP/1.1,[http/1.1]}{0.0.0.0:0}
2019-09-25 11:57:10,170 [ForkJoinPool.commonPool-worker-1] INFO  server.AbstractConnector (AbstractConnector.java:doStop(318)) - Stopped ServerConnector@5a6fa56e{HTTP/1.1,[http/1.1]}{0.0.0.0:0}
2019-09-25 11:57:10,170 [main] INFO  handler.ContextHandler (ContextHandler.java:doStop(910)) - Stopped o.e.j.s.ServletContextHandler@762637be{/static,jar:file:/home/user/.m2/repository/org/apache/hadoop/hadoop-hdds-container-service/0.5.0-SNAPSHOT/hadoop-hdds-container-service-0.5.0-SNAPSHOT.jar!/webapps/static,UNAVAILABLE}
2019-09-25 11:57:10,171 [ForkJoinPool.commonPool-worker-1] INFO  handler.ContextHandler (ContextHandler.java:doStop(910)) - Stopped o.e.j.s.ServletContextHandler@32e54a9d{/static,jar:file:/home/user/.m2/repository/org/apache/hadoop/hadoop-hdds-container-service/0.5.0-SNAPSHOT/hadoop-hdds-container-service-0.5.0-SNAPSHOT.jar!/webapps/static,UNAVAILABLE}
2019-09-25 11:57:10,172 [main] INFO  handler.ContextHandler (ContextHandler.java:doStop(910)) - Stopped o.e.j.s.ServletContextHandler@72f9f27c{/logs,file:///workdir/hadoop-ozone/integration-test/target/log,UNAVAILABLE}
2019-09-25 11:57:10,173 [ForkJoinPool.commonPool-worker-1] INFO  handler.ContextHandler (ContextHandler.java:doStop(910)) - Stopped o.e.j.s.ServletContextHandler@7100dea{/logs,file:///workdir/hadoop-ozone/integration-test/target/log,UNAVAILABLE}
2019-09-25 11:57:10,539 [Datanode State Machine Thread - 0] INFO  statemachine.DatanodeStateMachine (DatanodeStateMachine.java:lambda$startDaemon$0(350)) - Ozone container server started.
2019-09-25 11:57:11,115 [Datanode State Machine Thread - 0] INFO  statemachine.DatanodeStateMachine (DatanodeStateMachine.java:lambda$startDaemon$0(350)) - Ozone container server started.
2019-09-25 11:57:14,574 [EventQueue-StaleNodeForStaleNodeHandler] INFO  node.StaleNodeHandler (StaleNodeHandler.java:onMessage(58)) - Datanode defb87f9-b552-40ae-8930-8043bdc1fda2{ip: 192.168.151.73, host: pr-hdds-1569-shd4m-3693607622, networkLocation: /default-rack, certSerialId: null} moved to stale state. Finalizing its pipelines [PipelineID=3f1f7172-44c8-49b4-8fee-91ab4dd6da63, PipelineID=55e168a7-905b-42f2-94b3-b7662cb68a6a, PipelineID=a7b31b9b-7276-4c23-a0cf-8ac8cf09c0df, PipelineID=8d784f25-90c0-4f64-b82b-a10e1fc46356, PipelineID=fabcaf5b-24fa-4e5f-8f6f-6114727520e2, PipelineID=ce77625b-4097-4edb-bc00-41fde4f91b8a]
2019-09-25 11:57:14,574 [EventQueue-StaleNodeForStaleNodeHandler] INFO  pipeline.SCMPipelineManager (SCMPipelineManager.java:finalizeAndDestroyPipeline(316)) - destroying pipeline:Pipeline[ Id: 3f1f7172-44c8-49b4-8fee-91ab4dd6da63, Nodes: defb87f9-b552-40ae-8930-8043bdc1fda2{ip: 192.168.151.73, host: pr-hdds-1569-shd4m-3693607622, networkLocation: /default-rack, certSerialId: null}, Type:RATIS, Factor:ONE, State:OPEN]
2019-09-25 11:57:14,575 [EventQueue-StaleNodeForStaleNodeHandler] INFO  pipeline.PipelineStateManager (PipelineStateManager.java:finalizePipeline(123)) - Pipeline Pipeline[ Id: 3f1f7172-44c8-49b4-8fee-91ab4dd6da63, Nodes: defb87f9-b552-40ae-8930-8043bdc1fda2{ip: 192.168.151.73, host: pr-hdds-1569-shd4m-3693607622, networkLocation: /default-rack, certSerialId: null}, Type:RATIS, Factor:ONE, State:CLOSED] moved to CLOSED state
2019-09-25 11:57:14,575 [EventQueue-StaleNodeForStaleNodeHandler] INFO  pipeline.SCMPipelineManager (SCMPipelineManager.java:finalizeAndDestroyPipeline(316)) - destroying pipeline:Pipeline[ Id: 55e168a7-905b-42f2-94b3-b7662cb68a6a, Nodes: defb87f9-b552-40ae-8930-8043bdc1fda2{ip: 192.168.151.73, host: pr-hdds-1569-shd4m-3693607622, networkLocation: /default-rack, certSerialId: null}, Type:RATIS, Factor:ONE, State:OPEN]
2019-09-25 11:57:14,575 [EventQueue-StaleNodeForStaleNodeHandler] INFO  pipeline.PipelineStateManager (PipelineStateManager.java:finalizePipeline(123)) - Pipeline Pipeline[ Id: 55e168a7-905b-42f2-94b3-b7662cb68a6a, Nodes: defb87f9-b552-40ae-8930-8043bdc1fda2{ip: 192.168.151.73, host: pr-hdds-1569-shd4m-3693607622, networkLocation: /default-rack, certSerialId: null}, Type:RATIS, Factor:ONE, State:CLOSED] moved to CLOSED state
2019-09-25 11:57:14,575 [EventQueue-StaleNodeForStaleNodeHandler] INFO  pipeline.SCMPipelineManager (SCMPipelineManager.java:finalizeAndDestroyPipeline(316)) - destroying pipeline:Pipeline[ Id: a7b31b9b-7276-4c23-a0cf-8ac8cf09c0df, Nodes: defb87f9-b552-40ae-8930-8043bdc1fda2{ip: 192.168.151.73, host: pr-hdds-1569-shd4m-3693607622, networkLocation: /default-rack, certSerialId: null}, Type:RATIS, Factor:ONE, State:OPEN]
2019-09-25 11:57:14,576 [EventQueue-StaleNodeForStaleNodeHandler] INFO  pipeline.PipelineStateManager (PipelineStateManager.java:finalizePipeline(123)) - Pipeline Pipeline[ Id: a7b31b9b-7276-4c23-a0cf-8ac8cf09c0df, Nodes: defb87f9-b552-40ae-8930-8043bdc1fda2{ip: 192.168.151.73, host: pr-hdds-1569-shd4m-3693607622, networkLocation: /default-rack, certSerialId: null}, Type:RATIS, Factor:ONE, State:CLOSED] moved to CLOSED state
2019-09-25 11:57:14,576 [EventQueue-StaleNodeForStaleNodeHandler] INFO  pipeline.SCMPipelineManager (SCMPipelineManager.java:finalizeAndDestroyPipeline(316)) - destroying pipeline:Pipeline[ Id: 8d784f25-90c0-4f64-b82b-a10e1fc46356, Nodes: defb87f9-b552-40ae-8930-8043bdc1fda2{ip: 192.168.151.73, host: pr-hdds-1569-shd4m-3693607622, networkLocation: /default-rack, certSerialId: null}, Type:RATIS, Factor:ONE, State:OPEN]
2019-09-25 11:57:14,576 [EventQueue-StaleNodeForStaleNodeHandler] INFO  pipeline.PipelineStateManager (PipelineStateManager.java:finalizePipeline(123)) - Pipeline Pipeline[ Id: 8d784f25-90c0-4f64-b82b-a10e1fc46356, Nodes: defb87f9-b552-40ae-8930-8043bdc1fda2{ip: 192.168.151.73, host: pr-hdds-1569-shd4m-3693607622, networkLocation: /default-rack, certSerialId: null}, Type:RATIS, Factor:ONE, State:CLOSED] moved to CLOSED state
2019-09-25 11:57:14,576 [EventQueue-StaleNodeForStaleNodeHandler] INFO  pipeline.SCMPipelineManager (SCMPipelineManager.java:finalizeAndDestroyPipeline(316)) - destroying pipeline:Pipeline[ Id: fabcaf5b-24fa-4e5f-8f6f-6114727520e2, Nodes: defb87f9-b552-40ae-8930-8043bdc1fda2{ip: 192.168.151.73, host: pr-hdds-1569-shd4m-3693607622, networkLocation: /default-rack, certSerialId: null}, Type:RATIS, Factor:ONE, State:OPEN]
2019-09-25 11:57:14,576 [EventQueue-StaleNodeForStaleNodeHandler] INFO  pipeline.PipelineStateManager (PipelineStateManager.java:finalizePipeline(123)) - Pipeline Pipeline[ Id: fabcaf5b-24fa-4e5f-8f6f-6114727520e2, Nodes: defb87f9-b552-40ae-8930-8043bdc1fda2{ip: 192.168.151.73, host: pr-hdds-1569-shd4m-3693607622, networkLocation: /default-rack, certSerialId: null}, Type:RATIS, Factor:ONE, State:CLOSED] moved to CLOSED state
2019-09-25 11:57:14,577 [EventQueue-StaleNodeForStaleNodeHandler] INFO  pipeline.SCMPipelineManager (SCMPipelineManager.java:finalizeAndDestroyPipeline(316)) - destroying pipeline:Pipeline[ Id: ce77625b-4097-4edb-bc00-41fde4f91b8a, Nodes: defb87f9-b552-40ae-8930-8043bdc1fda2{ip: 192.168.151.73, host: pr-hdds-1569-shd4m-3693607622, networkLocation: /default-rack, certSerialId: null}, Type:RATIS, Factor:ONE, State:OPEN]
2019-09-25 11:57:14,577 [EventQueue-StaleNodeForStaleNodeHandler] INFO  pipeline.PipelineStateManager (PipelineStateManager.java:finalizePipeline(123)) - Pipeline Pipeline[ Id: ce77625b-4097-4edb-bc00-41fde4f91b8a, Nodes: defb87f9-b552-40ae-8930-8043bdc1fda2{ip: 192.168.151.73, host: pr-hdds-1569-shd4m-3693607622, networkLocation: /default-rack, certSerialId: null}, Type:RATIS, Factor:ONE, State:CLOSED] moved to CLOSED state
2019-09-25 11:57:15,175 [main] INFO  ozoneimpl.OzoneContainer (OzoneContainer.java:stop(231)) - Attempting to stop container services.
2019-09-25 11:57:15,177 [EventQueue-StaleNodeForStaleNodeHandler] INFO  node.StaleNodeHandler (StaleNodeHandler.java:onMessage(58)) - Datanode 59f2e4b8-41c0-4853-b4df-5d86491a517d{ip: 192.168.151.73, host: pr-hdds-1569-shd4m-3693607622, networkLocation: /default-rack, certSerialId: null} moved to stale state. Finalizing its pipelines [PipelineID=8c1807e2-3929-47a5-a8c6-ef4838d2eeab, PipelineID=c0d2044d-d3ff-4912-9a1f-633321d6abdb, PipelineID=c593ecaa-bb46-4f86-82b3-535ba03c3e78, PipelineID=7318e0d5-1a8f-4c67-b7ef-971ace6f5539, PipelineID=435ff384-680f-4471-b18e-eba837361168, PipelineID=850353d5-062c-436e-b183-5321674e6df7]
2019-09-25 11:57:15,175 [ForkJoinPool.commonPool-worker-1] INFO  ozoneimpl.OzoneContainer (OzoneContainer.java:stop(231)) - Attempting to stop container services.
2019-09-25 11:57:15,178 [main] INFO  impl.RaftServerProxy (RaftServerProxy.java:lambda$close$4(314)) - 59f2e4b8-41c0-4853-b4df-5d86491a517d: close
2019-09-25 11:57:15,178 [EventQueue-StaleNodeForStaleNodeHandler] INFO  pipeline.SCMPipelineManager (SCMPipelineManager.java:finalizeAndDestroyPipeline(316)) - destroying pipeline:Pipeline[ Id: 8c1807e2-3929-47a5-a8c6-ef4838d2eeab, Nodes: 59f2e4b8-41c0-4853-b4df-5d86491a517d{ip: 192.168.151.73, host: pr-hdds-1569-shd4m-3693607622, networkLocation: /default-rack, certSerialId: null}, Type:RATIS, Factor:ONE, State:OPEN]
2019-09-25 11:57:15,180 [main] INFO  impl.RaftServerImpl (RaftServerImpl.java:lambda$shutdown$3(251)) - 59f2e4b8-41c0-4853-b4df-5d86491a517d@group-535BA03C3E78: shutdown
2019-09-25 11:57:15,180 [ForkJoinPool.commonPool-worker-1] INFO  impl.RaftServerProxy (RaftServerProxy.java:lambda$close$4(314)) - defb87f9-b552-40ae-8930-8043bdc1fda2: close
2019-09-25 11:57:15,180 [main] INFO  util.JmxRegister (JmxRegister.java:unregister(73)) - Successfully un-registered JMX Bean with object name Ratis:service=RaftServer,group=group-535BA03C3E78,id=59f2e4b8-41c0-4853-b4df-5d86491a517d
2019-09-25 11:57:15,180 [EventQueue-StaleNodeForStaleNodeHandler] INFO  pipeline.PipelineStateManager (PipelineStateManager.java:finalizePipeline(123)) - Pipeline Pipeline[ Id: 8c1807e2-3929-47a5-a8c6-ef4838d2eeab, Nodes: 59f2e4b8-41c0-4853-b4df-5d86491a517d{ip: 192.168.151.73, host: pr-hdds-1569-shd4m-3693607622, networkLocation: /default-rack, certSerialId: null}, Type:RATIS, Factor:ONE, State:CLOSED] moved to CLOSED state
2019-09-25 11:57:15,181 [main] INFO  impl.RoleInfo (RoleInfo.java:shutdownLeaderState(104)) - 59f2e4b8-41c0-4853-b4df-5d86491a517d: shutdown LeaderState
2019-09-25 11:57:15,181 [ForkJoinPool.commonPool-worker-1] INFO  impl.RaftServerImpl (RaftServerImpl.java:lambda$shutdown$3(251)) - defb87f9-b552-40ae-8930-8043bdc1fda2@group-B7662CB68A6A: shutdown
2019-09-25 11:57:15,182 [main] INFO  impl.PendingRequests (PendingRequests.java:sendNotLeaderResponses(202)) - 59f2e4b8-41c0-4853-b4df-5d86491a517d-PendingRequests: sendNotLeaderResponses
2019-09-25 11:57:15,181 [EventQueue-StaleNodeForStaleNodeHandler] INFO  pipeline.SCMPipelineManager (SCMPipelineManager.java:finalizeAndDestroyPipeline(316)) - destroying pipeline:Pipeline[ Id: c0d2044d-d3ff-4912-9a1f-633321d6abdb, Nodes: 59f2e4b8-41c0-4853-b4df-5d86491a517d{ip: 192.168.151.73, host: pr-hdds-1569-shd4m-3693607622, networkLocation: /default-rack, certSerialId: null}, Type:RATIS, Factor:ONE, State:OPEN]
2019-09-25 11:57:15,182 [main] INFO  impl.StateMachineUpdater (StateMachineUpdater.java:stopAndJoin(125)) - 59f2e4b8-41c0-4853-b4df-5d86491a517d@group-535BA03C3E78-StateMachineUpdater: set stopIndex = 0
2019-09-25 11:57:15,182 [ForkJoinPool.commonPool-worker-1] INFO  util.JmxRegister (JmxRegister.java:unregister(73)) - Successfully un-registered JMX Bean with object name Ratis:service=RaftServer,group=group-B7662CB68A6A,id=defb87f9-b552-40ae-8930-8043bdc1fda2
2019-09-25 11:57:15,183 [main] INFO  impl.RaftServerImpl (ServerState.java:close(385)) - 59f2e4b8-41c0-4853-b4df-5d86491a517d@group-535BA03C3E78: closes. applyIndex: 0
2019-09-25 11:57:15,183 [EventQueue-StaleNodeForStaleNodeHandler] INFO  pipeline.PipelineStateManager (PipelineStateManager.java:finalizePipeline(123)) - Pipeline Pipeline[ Id: c0d2044d-d3ff-4912-9a1f-633321d6abdb, Nodes: 59f2e4b8-41c0-4853-b4df-5d86491a517d{ip: 192.168.151.73, host: pr-hdds-1569-shd4m-3693607622, networkLocation: /default-rack, certSerialId: null}, Type:RATIS, Factor:ONE, State:CLOSED] moved to CLOSED state
2019-09-25 11:57:15,184 [59f2e4b8-41c0-4853-b4df-5d86491a517d@group-535BA03C3E78-SegmentedRaftLogWorker] INFO  segmented.SegmentedRaftLogWorker (SegmentedRaftLogWorker.java:run(313)) - 59f2e4b8-41c0-4853-b4df-5d86491a517d@group-535BA03C3E78-SegmentedRaftLogWorker was interrupted, exiting. There are 0 tasks remaining in the queue.
2019-09-25 11:57:15,184 [EventQueue-StaleNodeForStaleNodeHandler] INFO  pipeline.SCMPipelineManager (SCMPipelineManager.java:finalizeAndDestroyPipeline(316)) - destroying pipeline:Pipeline[ Id: c593ecaa-bb46-4f86-82b3-535ba03c3e78, Nodes: 59f2e4b8-41c0-4853-b4df-5d86491a517d{ip: 192.168.151.73, host: pr-hdds-1569-shd4m-3693607622, networkLocation: /default-rack, certSerialId: null}, Type:RATIS, Factor:ONE, State:OPEN]
2019-09-25 11:57:15,183 [ForkJoinPool.commonPool-worker-1] INFO  impl.RoleInfo (RoleInfo.java:shutdownLeaderState(104)) - defb87f9-b552-40ae-8930-8043bdc1fda2: shutdown LeaderState
2019-09-25 11:57:15,184 [EventQueue-StaleNodeForStaleNodeHandler] INFO  pipeline.PipelineStateManager (PipelineStateManager.java:finalizePipeline(123)) - Pipeline Pipeline[ Id: c593ecaa-bb46-4f86-82b3-535ba03c3e78, Nodes: 59f2e4b8-41c0-4853-b4df-5d86491a517d{ip: 192.168.151.73, host: pr-hdds-1569-shd4m-3693607622, networkLocation: /default-rack, certSerialId: null}, Type:RATIS, Factor:ONE, State:CLOSED] moved to CLOSED state
2019-09-25 11:57:15,184 [main] INFO  segmented.SegmentedRaftLogWorker (SegmentedRaftLogWorker.java:close(228)) - 59f2e4b8-41c0-4853-b4df-5d86491a517d@group-535BA03C3E78-SegmentedRaftLogWorker close()
2019-09-25 11:57:15,185 [EventQueue-StaleNodeForStaleNodeHandler] INFO  pipeline.SCMPipelineManager (SCMPipelineManager.java:finalizeAndDestroyPipeline(316)) - destroying pipeline:Pipeline[ Id: 7318e0d5-1a8f-4c67-b7ef-971ace6f5539, Nodes: 59f2e4b8-41c0-4853-b4df-5d86491a517d{ip: 192.168.151.73, host: pr-hdds-1569-shd4m-3693607622, networkLocation: /default-rack, certSerialId: null}, Type:RATIS, Factor:ONE, State:OPEN]
2019-09-25 11:57:15,184 [ForkJoinPool.commonPool-worker-1] INFO  impl.PendingRequests (PendingRequests.java:sendNotLeaderResponses(202)) - defb87f9-b552-40ae-8930-8043bdc1fda2-PendingRequests: sendNotLeaderResponses
2019-09-25 11:57:15,185 [EventQueue-StaleNodeForStaleNodeHandler] INFO  pipeline.PipelineStateManager (PipelineStateManager.java:finalizePipeline(123)) - Pipeline Pipeline[ Id: 7318e0d5-1a8f-4c67-b7ef-971ace6f5539, Nodes: 59f2e4b8-41c0-4853-b4df-5d86491a517d{ip: 192.168.151.73, host: pr-hdds-1569-shd4m-3693607622, networkLocation: /default-rack, certSerialId: null}, Type:RATIS, Factor:ONE, State:CLOSED] moved to CLOSED state
2019-09-25 11:57:15,185 [main] INFO  impl.RaftServerImpl (RaftServerImpl.java:lambda$shutdown$3(251)) - 59f2e4b8-41c0-4853-b4df-5d86491a517d@group-971ACE6F5539: shutdown
2019-09-25 11:57:15,186 [EventQueue-StaleNodeForStaleNodeHandler] INFO  pipeline.SCMPipelineManager (SCMPipelineManager.java:finalizeAndDestroyPipeline(316)) - destroying pipeline:Pipeline[ Id: 435ff384-680f-4471-b18e-eba837361168, Nodes: 59f2e4b8-41c0-4853-b4df-5d86491a517d{ip: 192.168.151.73, host: pr-hdds-1569-shd4m-3693607622, networkLocation: /default-rack, certSerialId: null}, Type:RATIS, Factor:ONE, State:OPEN]
2019-09-25 11:57:15,186 [ForkJoinPool.commonPool-worker-1] INFO  impl.StateMachineUpdater (StateMachineUpdater.java:stopAndJoin(125)) - defb87f9-b552-40ae-8930-8043bdc1fda2@group-B7662CB68A6A-StateMachineUpdater: set stopIndex = 0
2019-09-25 11:57:15,186 [EventQueue-StaleNodeForStaleNodeHandler] INFO  pipeline.PipelineStateManager (PipelineStateManager.java:finalizePipeline(123)) - Pipeline Pipeline[ Id: 435ff384-680f-4471-b18e-eba837361168, Nodes: 59f2e4b8-41c0-4853-b4df-5d86491a517d{ip: 192.168.151.73, host: pr-hdds-1569-shd4m-3693607622, networkLocation: /default-rack, certSerialId: null}, Type:RATIS, Factor:ONE, State:CLOSED] moved to CLOSED state
2019-09-25 11:57:15,186 [main] INFO  util.JmxRegister (JmxRegister.java:unregister(73)) - Successfully un-registered JMX Bean with object name Ratis:service=RaftServer,group=group-971ACE6F5539,id=59f2e4b8-41c0-4853-b4df-5d86491a517d
2019-09-25 11:57:15,187 [EventQueue-StaleNodeForStaleNodeHandler] INFO  pipeline.SCMPipelineManager (SCMPipelineManager.java:finalizeAndDestroyPipeline(316)) - destroying pipeline:Pipeline[ Id: 850353d5-062c-436e-b183-5321674e6df7, Nodes: 59f2e4b8-41c0-4853-b4df-5d86491a517d{ip: 192.168.151.73, host: pr-hdds-1569-shd4m-3693607622, networkLocation: /default-rack, certSerialId: null}, Type:RATIS, Factor:ONE, State:OPEN]
2019-09-25 11:57:15,187 [ForkJoinPool.commonPool-worker-1] INFO  impl.RaftServerImpl (ServerState.java:close(385)) - defb87f9-b552-40ae-8930-8043bdc1fda2@group-B7662CB68A6A: closes. applyIndex: 0
2019-09-25 11:57:15,187 [EventQueue-StaleNodeForStaleNodeHandler] INFO  pipeline.PipelineStateManager (PipelineStateManager.java:finalizePipeline(123)) - Pipeline Pipeline[ Id: 850353d5-062c-436e-b183-5321674e6df7, Nodes: 59f2e4b8-41c0-4853-b4df-5d86491a517d{ip: 192.168.151.73, host: pr-hdds-1569-shd4m-3693607622, networkLocation: /default-rack, certSerialId: null}, Type:RATIS, Factor:ONE, State:CLOSED] moved to CLOSED state
2019-09-25 11:57:15,187 [main] INFO  impl.RoleInfo (RoleInfo.java:shutdownLeaderState(104)) - 59f2e4b8-41c0-4853-b4df-5d86491a517d: shutdown LeaderState
2019-09-25 11:57:15,188 [defb87f9-b552-40ae-8930-8043bdc1fda2@group-B7662CB68A6A-SegmentedRaftLogWorker] INFO  segmented.SegmentedRaftLogWorker (SegmentedRaftLogWorker.java:run(313)) - defb87f9-b552-40ae-8930-8043bdc1fda2@group-B7662CB68A6A-SegmentedRaftLogWorker was interrupted, exiting. There are 0 tasks remaining in the queue.
2019-09-25 11:57:15,188 [main] INFO  impl.PendingRequests (PendingRequests.java:sendNotLeaderResponses(202)) - 59f2e4b8-41c0-4853-b4df-5d86491a517d-PendingRequests: sendNotLeaderResponses
2019-09-25 11:57:15,189 [ForkJoinPool.commonPool-worker-1] INFO  segmented.SegmentedRaftLogWorker (SegmentedRaftLogWorker.java:close(228)) - defb87f9-b552-40ae-8930-8043bdc1fda2@group-B7662CB68A6A-SegmentedRaftLogWorker close()
2019-09-25 11:57:15,189 [main] INFO  impl.StateMachineUpdater (StateMachineUpdater.java:stopAndJoin(125)) - 59f2e4b8-41c0-4853-b4df-5d86491a517d@group-971ACE6F5539-StateMachineUpdater: set stopIndex = 0
2019-09-25 11:57:15,190 [main] INFO  impl.RaftServerImpl (ServerState.java:close(385)) - 59f2e4b8-41c0-4853-b4df-5d86491a517d@group-971ACE6F5539: closes. applyIndex: 0
2019-09-25 11:57:15,189 [ForkJoinPool.commonPool-worker-1] INFO  impl.RaftServerImpl (RaftServerImpl.java:lambda$shutdown$3(251)) - defb87f9-b552-40ae-8930-8043bdc1fda2@group-91AB4DD6DA63: shutdown
2019-09-25 11:57:15,190 [59f2e4b8-41c0-4853-b4df-5d86491a517d@group-971ACE6F5539-SegmentedRaftLogWorker] INFO  segmented.SegmentedRaftLogWorker (SegmentedRaftLogWorker.java:run(313)) - 59f2e4b8-41c0-4853-b4df-5d86491a517d@group-971ACE6F5539-SegmentedRaftLogWorker was interrupted, exiting. There are 0 tasks remaining in the queue.
2019-09-25 11:57:15,190 [ForkJoinPool.commonPool-worker-1] INFO  util.JmxRegister (JmxRegister.java:unregister(73)) - Successfully un-registered JMX Bean with object name Ratis:service=RaftServer,group=group-91AB4DD6DA63,id=defb87f9-b552-40ae-8930-8043bdc1fda2
2019-09-25 11:57:15,193 [main] INFO  segmented.SegmentedRaftLogWorker (SegmentedRaftLogWorker.java:close(228)) - 59f2e4b8-41c0-4853-b4df-5d86491a517d@group-971ACE6F5539-SegmentedRaftLogWorker close()
2019-09-25 11:57:15,193 [ForkJoinPool.commonPool-worker-1] INFO  impl.RoleInfo (RoleInfo.java:shutdownLeaderState(104)) - defb87f9-b552-40ae-8930-8043bdc1fda2: shutdown LeaderState
2019-09-25 11:57:15,193 [main] INFO  impl.RaftServerImpl (RaftServerImpl.java:lambda$shutdown$3(251)) - 59f2e4b8-41c0-4853-b4df-5d86491a517d@group-EF4838D2EEAB: shutdown
2019-09-25 11:57:15,194 [ForkJoinPool.commonPool-worker-1] INFO  impl.PendingRequests (PendingRequests.java:sendNotLeaderResponses(202)) - defb87f9-b552-40ae-8930-8043bdc1fda2-PendingRequests: sendNotLeaderResponses
2019-09-25 11:57:15,194 [main] INFO  util.JmxRegister (JmxRegister.java:unregister(73)) - Successfully un-registered JMX Bean with object name Ratis:service=RaftServer,group=group-EF4838D2EEAB,id=59f2e4b8-41c0-4853-b4df-5d86491a517d
2019-09-25 11:57:15,195 [main] INFO  impl.RoleInfo (RoleInfo.java:shutdownLeaderState(104)) - 59f2e4b8-41c0-4853-b4df-5d86491a517d: shutdown LeaderState
2019-09-25 11:57:15,194 [ForkJoinPool.commonPool-worker-1] INFO  impl.StateMachineUpdater (StateMachineUpdater.java:stopAndJoin(125)) - defb87f9-b552-40ae-8930-8043bdc1fda2@group-91AB4DD6DA63-StateMachineUpdater: set stopIndex = 0
2019-09-25 11:57:15,195 [main] INFO  impl.PendingRequests (PendingRequests.java:sendNotLeaderResponses(202)) - 59f2e4b8-41c0-4853-b4df-5d86491a517d-PendingRequests: sendNotLeaderResponses
2019-09-25 11:57:15,195 [ForkJoinPool.commonPool-worker-1] INFO  impl.RaftServerImpl (ServerState.java:close(385)) - defb87f9-b552-40ae-8930-8043bdc1fda2@group-91AB4DD6DA63: closes. applyIndex: 0
2019-09-25 11:57:15,196 [main] INFO  impl.StateMachineUpdater (StateMachineUpdater.java:stopAndJoin(125)) - 59f2e4b8-41c0-4853-b4df-5d86491a517d@group-EF4838D2EEAB-StateMachineUpdater: set stopIndex = 0
2019-09-25 11:57:15,196 [main] INFO  impl.RaftServerImpl (ServerState.java:close(385)) - 59f2e4b8-41c0-4853-b4df-5d86491a517d@group-EF4838D2EEAB: closes. applyIndex: 0
2019-09-25 11:57:15,196 [defb87f9-b552-40ae-8930-8043bdc1fda2@group-91AB4DD6DA63-SegmentedRaftLogWorker] INFO  segmented.SegmentedRaftLogWorker (SegmentedRaftLogWorker.java:run(313)) - defb87f9-b552-40ae-8930-8043bdc1fda2@group-91AB4DD6DA63-SegmentedRaftLogWorker was interrupted, exiting. There are 0 tasks remaining in the queue.
2019-09-25 11:57:15,197 [59f2e4b8-41c0-4853-b4df-5d86491a517d@group-EF4838D2EEAB-SegmentedRaftLogWorker] INFO  segmented.SegmentedRaftLogWorker (SegmentedRaftLogWorker.java:run(313)) - 59f2e4b8-41c0-4853-b4df-5d86491a517d@group-EF4838D2EEAB-SegmentedRaftLogWorker was interrupted, exiting. There are 0 tasks remaining in the queue.
2019-09-25 11:57:15,197 [ForkJoinPool.commonPool-worker-1] INFO  segmented.SegmentedRaftLogWorker (SegmentedRaftLogWorker.java:close(228)) - defb87f9-b552-40ae-8930-8043bdc1fda2@group-91AB4DD6DA63-SegmentedRaftLogWorker close()
2019-09-25 11:57:15,197 [main] INFO  segmented.SegmentedRaftLogWorker (SegmentedRaftLogWorker.java:close(228)) - 59f2e4b8-41c0-4853-b4df-5d86491a517d@group-EF4838D2EEAB-SegmentedRaftLogWorker close()
2019-09-25 11:57:15,198 [ForkJoinPool.commonPool-worker-1] INFO  impl.RaftServerImpl (RaftServerImpl.java:lambda$shutdown$3(251)) - defb87f9-b552-40ae-8930-8043bdc1fda2@group-8AC8CF09C0DF: shutdown
2019-09-25 11:57:15,198 [main] INFO  impl.RaftServerImpl (RaftServerImpl.java:lambda$shutdown$3(251)) - 59f2e4b8-41c0-4853-b4df-5d86491a517d@group-633321D6ABDB: shutdown
2019-09-25 11:57:15,198 [ForkJoinPool.commonPool-worker-1] INFO  util.JmxRegister (JmxRegister.java:unregister(73)) - Successfully un-registered JMX Bean with object name Ratis:service=RaftServer,group=group-8AC8CF09C0DF,id=defb87f9-b552-40ae-8930-8043bdc1fda2
2019-09-25 11:57:15,199 [main] INFO  util.JmxRegister (JmxRegister.java:unregister(73)) - Successfully un-registered JMX Bean with object name Ratis:service=RaftServer,group=group-633321D6ABDB,id=59f2e4b8-41c0-4853-b4df-5d86491a517d
2019-09-25 11:57:15,199 [ForkJoinPool.commonPool-worker-1] INFO  impl.RoleInfo (RoleInfo.java:shutdownLeaderState(104)) - defb87f9-b552-40ae-8930-8043bdc1fda2: shutdown LeaderState
2019-09-25 11:57:15,199 [main] INFO  impl.RoleInfo (RoleInfo.java:shutdownLeaderState(104)) - 59f2e4b8-41c0-4853-b4df-5d86491a517d: shutdown LeaderState
2019-09-25 11:57:15,200 [ForkJoinPool.commonPool-worker-1] INFO  impl.PendingRequests (PendingRequests.java:sendNotLeaderResponses(202)) - defb87f9-b552-40ae-8930-8043bdc1fda2-PendingRequests: sendNotLeaderResponses
2019-09-25 11:57:15,200 [main] INFO  impl.PendingRequests (PendingRequests.java:sendNotLeaderResponses(202)) - 59f2e4b8-41c0-4853-b4df-5d86491a517d-PendingRequests: sendNotLeaderResponses
2019-09-25 11:57:15,200 [ForkJoinPool.commonPool-worker-1] INFO  impl.StateMachineUpdater (StateMachineUpdater.java:stopAndJoin(125)) - defb87f9-b552-40ae-8930-8043bdc1fda2@group-8AC8CF09C0DF-StateMachineUpdater: set stopIndex = 0
2019-09-25 11:57:15,201 [main] INFO  impl.StateMachineUpdater (StateMachineUpdater.java:stopAndJoin(125)) - 59f2e4b8-41c0-4853-b4df-5d86491a517d@group-633321D6ABDB-StateMachineUpdater: set stopIndex = 0
2019-09-25 11:57:15,201 [ForkJoinPool.commonPool-worker-1] INFO  impl.RaftServerImpl (ServerState.java:close(385)) - defb87f9-b552-40ae-8930-8043bdc1fda2@group-8AC8CF09C0DF: closes. applyIndex: 0
2019-09-25 11:57:15,201 [main] INFO  impl.RaftServerImpl (ServerState.java:close(385)) - 59f2e4b8-41c0-4853-b4df-5d86491a517d@group-633321D6ABDB: closes. applyIndex: 0
2019-09-25 11:57:15,202 [defb87f9-b552-40ae-8930-8043bdc1fda2@group-8AC8CF09C0DF-SegmentedRaftLogWorker] INFO  segmented.SegmentedRaftLogWorker (SegmentedRaftLogWorker.java:run(313)) - defb87f9-b552-40ae-8930-8043bdc1fda2@group-8AC8CF09C0DF-SegmentedRaftLogWorker was interrupted, exiting. There are 0 tasks remaining in the queue.
2019-09-25 11:57:15,202 [59f2e4b8-41c0-4853-b4df-5d86491a517d@group-633321D6ABDB-SegmentedRaftLogWorker] INFO  segmented.SegmentedRaftLogWorker (SegmentedRaftLogWorker.java:run(313)) - 59f2e4b8-41c0-4853-b4df-5d86491a517d@group-633321D6ABDB-SegmentedRaftLogWorker was interrupted, exiting. There are 0 tasks remaining in the queue.
2019-09-25 11:57:15,202 [ForkJoinPool.commonPool-worker-1] INFO  segmented.SegmentedRaftLogWorker (SegmentedRaftLogWorker.java:close(228)) - defb87f9-b552-40ae-8930-8043bdc1fda2@group-8AC8CF09C0DF-SegmentedRaftLogWorker close()
2019-09-25 11:57:15,202 [main] INFO  segmented.SegmentedRaftLogWorker (SegmentedRaftLogWorker.java:close(228)) - 59f2e4b8-41c0-4853-b4df-5d86491a517d@group-633321D6ABDB-SegmentedRaftLogWorker close()
2019-09-25 11:57:15,203 [ForkJoinPool.commonPool-worker-1] INFO  impl.RaftServerImpl (RaftServerImpl.java:lambda$shutdown$3(251)) - defb87f9-b552-40ae-8930-8043bdc1fda2@group-A10E1FC46356: shutdown
2019-09-25 11:57:15,203 [main] INFO  impl.RaftServerImpl (RaftServerImpl.java:lambda$shutdown$3(251)) - 59f2e4b8-41c0-4853-b4df-5d86491a517d@group-EBA837361168: shutdown
2019-09-25 11:57:15,203 [ForkJoinPool.commonPool-worker-1] INFO  util.JmxRegister (JmxRegister.java:unregister(73)) - Successfully un-registered JMX Bean with object name Ratis:service=RaftServer,group=group-A10E1FC46356,id=defb87f9-b552-40ae-8930-8043bdc1fda2
2019-09-25 11:57:15,204 [main] INFO  util.JmxRegister (JmxRegister.java:unregister(73)) - Successfully un-registered JMX Bean with object name Ratis:service=RaftServer,group=group-EBA837361168,id=59f2e4b8-41c0-4853-b4df-5d86491a517d
2019-09-25 11:57:15,204 [ForkJoinPool.commonPool-worker-1] INFO  impl.RoleInfo (RoleInfo.java:shutdownLeaderState(104)) - defb87f9-b552-40ae-8930-8043bdc1fda2: shutdown LeaderState
2019-09-25 11:57:15,204 [main] INFO  impl.RoleInfo (RoleInfo.java:shutdownLeaderState(104)) - 59f2e4b8-41c0-4853-b4df-5d86491a517d: shutdown LeaderState
2019-09-25 11:57:15,205 [ForkJoinPool.commonPool-worker-1] INFO  impl.PendingRequests (PendingRequests.java:sendNotLeaderResponses(202)) - defb87f9-b552-40ae-8930-8043bdc1fda2-PendingRequests: sendNotLeaderResponses
2019-09-25 11:57:15,205 [main] INFO  impl.PendingRequests (PendingRequests.java:sendNotLeaderResponses(202)) - 59f2e4b8-41c0-4853-b4df-5d86491a517d-PendingRequests: sendNotLeaderResponses
2019-09-25 11:57:15,205 [ForkJoinPool.commonPool-worker-1] INFO  impl.StateMachineUpdater (StateMachineUpdater.java:stopAndJoin(125)) - defb87f9-b552-40ae-8930-8043bdc1fda2@group-A10E1FC46356-StateMachineUpdater: set stopIndex = 0
2019-09-25 11:57:15,206 [main] INFO  impl.StateMachineUpdater (StateMachineUpdater.java:stopAndJoin(125)) - 59f2e4b8-41c0-4853-b4df-5d86491a517d@group-EBA837361168-StateMachineUpdater: set stopIndex = 0
2019-09-25 11:57:15,206 [ForkJoinPool.commonPool-worker-1] INFO  impl.RaftServerImpl (ServerState.java:close(385)) - defb87f9-b552-40ae-8930-8043bdc1fda2@group-A10E1FC46356: closes. applyIndex: 0
2019-09-25 11:57:15,207 [main] INFO  impl.RaftServerImpl (ServerState.java:close(385)) - 59f2e4b8-41c0-4853-b4df-5d86491a517d@group-EBA837361168: closes. applyIndex: 0
2019-09-25 11:57:15,207 [defb87f9-b552-40ae-8930-8043bdc1fda2@group-A10E1FC46356-SegmentedRaftLogWorker] INFO  segmented.SegmentedRaftLogWorker (SegmentedRaftLogWorker.java:run(313)) - defb87f9-b552-40ae-8930-8043bdc1fda2@group-A10E1FC46356-SegmentedRaftLogWorker was interrupted, exiting. There are 0 tasks remaining in the queue.
2019-09-25 11:57:15,207 [59f2e4b8-41c0-4853-b4df-5d86491a517d@group-EBA837361168-SegmentedRaftLogWorker] INFO  segmented.SegmentedRaftLogWorker (SegmentedRaftLogWorker.java:run(313)) - 59f2e4b8-41c0-4853-b4df-5d86491a517d@group-EBA837361168-SegmentedRaftLogWorker was interrupted, exiting. There are 0 tasks remaining in the queue.
2019-09-25 11:57:15,208 [ForkJoinPool.commonPool-worker-1] INFO  segmented.SegmentedRaftLogWorker (SegmentedRaftLogWorker.java:close(228)) - defb87f9-b552-40ae-8930-8043bdc1fda2@group-A10E1FC46356-SegmentedRaftLogWorker close()
2019-09-25 11:57:15,208 [main] INFO  segmented.SegmentedRaftLogWorker (SegmentedRaftLogWorker.java:close(228)) - 59f2e4b8-41c0-4853-b4df-5d86491a517d@group-EBA837361168-SegmentedRaftLogWorker close()
2019-09-25 11:57:15,208 [ForkJoinPool.commonPool-worker-1] INFO  impl.RaftServerImpl (RaftServerImpl.java:lambda$shutdown$3(251)) - defb87f9-b552-40ae-8930-8043bdc1fda2@group-6114727520E2: shutdown
2019-09-25 11:57:15,208 [main] INFO  impl.RaftServerImpl (RaftServerImpl.java:lambda$shutdown$3(251)) - 59f2e4b8-41c0-4853-b4df-5d86491a517d@group-5321674E6DF7: shutdown
2019-09-25 11:57:15,209 [ForkJoinPool.commonPool-worker-1] INFO  util.JmxRegister (JmxRegister.java:unregister(73)) - Successfully un-registered JMX Bean with object name Ratis:service=RaftServer,group=group-6114727520E2,id=defb87f9-b552-40ae-8930-8043bdc1fda2
2019-09-25 11:57:15,209 [main] INFO  util.JmxRegister (JmxRegister.java:unregister(73)) - Successfully un-registered JMX Bean with object name Ratis:service=RaftServer,group=group-5321674E6DF7,id=59f2e4b8-41c0-4853-b4df-5d86491a517d
2019-09-25 11:57:15,209 [main] INFO  impl.RoleInfo (RoleInfo.java:shutdownLeaderState(104)) - 59f2e4b8-41c0-4853-b4df-5d86491a517d: shutdown LeaderState
2019-09-25 11:57:15,209 [ForkJoinPool.commonPool-worker-1] INFO  impl.RoleInfo (RoleInfo.java:shutdownLeaderState(104)) - defb87f9-b552-40ae-8930-8043bdc1fda2: shutdown LeaderState
2019-09-25 11:57:15,210 [main] INFO  impl.PendingRequests (PendingRequests.java:sendNotLeaderResponses(202)) - 59f2e4b8-41c0-4853-b4df-5d86491a517d-PendingRequests: sendNotLeaderResponses
2019-09-25 11:57:15,210 [ForkJoinPool.commonPool-worker-1] INFO  impl.PendingRequests (PendingRequests.java:sendNotLeaderResponses(202)) - defb87f9-b552-40ae-8930-8043bdc1fda2-PendingRequests: sendNotLeaderResponses
2019-09-25 11:57:15,211 [main] INFO  impl.StateMachineUpdater (StateMachineUpdater.java:stopAndJoin(125)) - 59f2e4b8-41c0-4853-b4df-5d86491a517d@group-5321674E6DF7-StateMachineUpdater: set stopIndex = 0
2019-09-25 11:57:15,211 [main] INFO  impl.RaftServerImpl (ServerState.java:close(385)) - 59f2e4b8-41c0-4853-b4df-5d86491a517d@group-5321674E6DF7: closes. applyIndex: 0
2019-09-25 11:57:15,211 [ForkJoinPool.commonPool-worker-1] INFO  impl.StateMachineUpdater (StateMachineUpdater.java:stopAndJoin(125)) - defb87f9-b552-40ae-8930-8043bdc1fda2@group-6114727520E2-StateMachineUpdater: set stopIndex = 0
2019-09-25 11:57:15,212 [59f2e4b8-41c0-4853-b4df-5d86491a517d@group-5321674E6DF7-SegmentedRaftLogWorker] INFO  segmented.SegmentedRaftLogWorker (SegmentedRaftLogWorker.java:run(313)) - 59f2e4b8-41c0-4853-b4df-5d86491a517d@group-5321674E6DF7-SegmentedRaftLogWorker was interrupted, exiting. There are 0 tasks remaining in the queue.
2019-09-25 11:57:15,212 [ForkJoinPool.commonPool-worker-1] INFO  impl.RaftServerImpl (ServerState.java:close(385)) - defb87f9-b552-40ae-8930-8043bdc1fda2@group-6114727520E2: closes. applyIndex: 0
2019-09-25 11:57:15,212 [main] INFO  segmented.SegmentedRaftLogWorker (SegmentedRaftLogWorker.java:close(228)) - 59f2e4b8-41c0-4853-b4df-5d86491a517d@group-5321674E6DF7-SegmentedRaftLogWorker close()
2019-09-25 11:57:15,212 [defb87f9-b552-40ae-8930-8043bdc1fda2@group-6114727520E2-SegmentedRaftLogWorker] INFO  segmented.SegmentedRaftLogWorker (SegmentedRaftLogWorker.java:run(313)) - defb87f9-b552-40ae-8930-8043bdc1fda2@group-6114727520E2-SegmentedRaftLogWorker was interrupted, exiting. There are 0 tasks remaining in the queue.
2019-09-25 11:57:15,213 [main] INFO  server.GrpcService (GrpcService.java:closeImpl(164)) - 59f2e4b8-41c0-4853-b4df-5d86491a517d: shutdown server with port 42681 now
2019-09-25 11:57:15,213 [ForkJoinPool.commonPool-worker-1] INFO  segmented.SegmentedRaftLogWorker (SegmentedRaftLogWorker.java:close(228)) - defb87f9-b552-40ae-8930-8043bdc1fda2@group-6114727520E2-SegmentedRaftLogWorker close()
2019-09-25 11:57:15,216 [main] INFO  server.GrpcService (GrpcService.java:closeImpl(172)) - 59f2e4b8-41c0-4853-b4df-5d86491a517d: shutdown server with port 42681 successfully
2019-09-25 11:57:15,216 [ForkJoinPool.commonPool-worker-1] INFO  impl.RaftServerImpl (RaftServerImpl.java:lambda$shutdown$3(251)) - defb87f9-b552-40ae-8930-8043bdc1fda2@group-41FDE4F91B8A: shutdown
2019-09-25 11:57:15,216 [ForkJoinPool.commonPool-worker-1] INFO  util.JmxRegister (JmxRegister.java:unregister(73)) - Successfully un-registered JMX Bean with object name Ratis:service=RaftServer,group=group-41FDE4F91B8A,id=defb87f9-b552-40ae-8930-8043bdc1fda2
2019-09-25 11:57:15,217 [ForkJoinPool.commonPool-worker-1] INFO  impl.RoleInfo (RoleInfo.java:shutdownLeaderState(104)) - defb87f9-b552-40ae-8930-8043bdc1fda2: shutdown LeaderState
2019-09-25 11:57:15,217 [refreshUsed-/workdir/hadoop-ozone/integration-test/target/test-dir/MiniOzoneClusterImpl-79e9daf4-eda6-4046-b710-e1fcaf4daad9/datanode-6/data/containers] WARN  fs.CachingGetSpaceUsed (CachingGetSpaceUsed.java:run(183)) - Thread Interrupted waiting to refresh disk information: sleep interrupted
2019-09-25 11:57:15,217 [ForkJoinPool.commonPool-worker-1] INFO  impl.PendingRequests (PendingRequests.java:sendNotLeaderResponses(202)) - defb87f9-b552-40ae-8930-8043bdc1fda2-PendingRequests: sendNotLeaderResponses
2019-09-25 11:57:15,218 [ForkJoinPool.commonPool-worker-1] INFO  impl.StateMachineUpdater (StateMachineUpdater.java:stopAndJoin(125)) - defb87f9-b552-40ae-8930-8043bdc1fda2@group-41FDE4F91B8A-StateMachineUpdater: set stopIndex = 0
2019-09-25 11:57:15,218 [ForkJoinPool.commonPool-worker-1] INFO  impl.RaftServerImpl (ServerState.java:close(385)) - defb87f9-b552-40ae-8930-8043bdc1fda2@group-41FDE4F91B8A: closes. applyIndex: 0
2019-09-25 11:57:15,218 [defb87f9-b552-40ae-8930-8043bdc1fda2@group-41FDE4F91B8A-SegmentedRaftLogWorker] INFO  segmented.SegmentedRaftLogWorker (SegmentedRaftLogWorker.java:run(313)) - defb87f9-b552-40ae-8930-8043bdc1fda2@group-41FDE4F91B8A-SegmentedRaftLogWorker was interrupted, exiting. There are 0 tasks remaining in the queue.
2019-09-25 11:57:15,219 [ForkJoinPool.commonPool-worker-1] INFO  segmented.SegmentedRaftLogWorker (SegmentedRaftLogWorker.java:close(228)) - defb87f9-b552-40ae-8930-8043bdc1fda2@group-41FDE4F91B8A-SegmentedRaftLogWorker close()
2019-09-25 11:57:15,222 [ForkJoinPool.commonPool-worker-1] INFO  server.GrpcService (GrpcService.java:closeImpl(164)) - defb87f9-b552-40ae-8930-8043bdc1fda2: shutdown server with port 36113 now
2019-09-25 11:57:15,223 [ForkJoinPool.commonPool-worker-1] INFO  server.GrpcService (GrpcService.java:closeImpl(172)) - defb87f9-b552-40ae-8930-8043bdc1fda2: shutdown server with port 36113 successfully
2019-09-25 11:57:15,231 [refreshUsed-/workdir/hadoop-ozone/integration-test/target/test-dir/MiniOzoneClusterImpl-79e9daf4-eda6-4046-b710-e1fcaf4daad9/datanode-0/data/containers] WARN  fs.CachingGetSpaceUsed (CachingGetSpaceUsed.java:run(183)) - Thread Interrupted waiting to refresh disk information: sleep interrupted
2019-09-25 11:57:15,246 [main] INFO  utils.BackgroundService (BackgroundService.java:shutdown(148)) - Shutting down service BlockDeletingService
2019-09-25 11:57:15,249 [main] INFO  statemachine.DatanodeStateMachine (DatanodeStateMachine.java:stopDaemon(395)) - Ozone container server stopped.
2019-09-25 11:57:15,250 [main] INFO  handler.ContextHandler (ContextHandler.java:doStop(910)) - Stopped o.e.j.w.WebAppContext@648d0e6d{/,null,UNAVAILABLE}{/hddsDatanode}
2019-09-25 11:57:15,251 [main] INFO  server.AbstractConnector (AbstractConnector.java:doStop(318)) - Stopped ServerConnector@79e66b2f{HTTP/1.1,[http/1.1]}{0.0.0.0:0}
2019-09-25 11:57:15,251 [main] INFO  handler.ContextHandler (ContextHandler.java:doStop(910)) - Stopped o.e.j.s.ServletContextHandler@4437ac07{/static,jar:file:/home/user/.m2/repository/org/apache/hadoop/hadoop-hdds-container-service/0.5.0-SNAPSHOT/hadoop-hdds-container-service-0.5.0-SNAPSHOT.jar!/webapps/static,UNAVAILABLE}
2019-09-25 11:57:15,252 [main] INFO  handler.ContextHandler (ContextHandler.java:doStop(910)) - Stopped o.e.j.s.ServletContextHandler@66b59b7d{/logs,file:///workdir/hadoop-ozone/integration-test/target/log,UNAVAILABLE}
2019-09-25 11:57:15,256 [ForkJoinPool.commonPool-worker-1] INFO  utils.BackgroundService (BackgroundService.java:shutdown(148)) - Shutting down service BlockDeletingService
2019-09-25 11:57:15,259 [ForkJoinPool.commonPool-worker-1] INFO  statemachine.DatanodeStateMachine (DatanodeStateMachine.java:stopDaemon(395)) - Ozone container server stopped.
2019-09-25 11:57:15,263 [ForkJoinPool.commonPool-worker-1] INFO  handler.ContextHandler (ContextHandler.java:doStop(910)) - Stopped o.e.j.w.WebAppContext@5df778c3{/,null,UNAVAILABLE}{/hddsDatanode}
2019-09-25 11:57:15,263 [ForkJoinPool.commonPool-worker-1] INFO  server.AbstractConnector (AbstractConnector.java:doStop(318)) - Stopped ServerConnector@895416d{HTTP/1.1,[http/1.1]}{0.0.0.0:0}
2019-09-25 11:57:15,264 [ForkJoinPool.commonPool-worker-1] INFO  handler.ContextHandler (ContextHandler.java:doStop(910)) - Stopped o.e.j.s.ServletContextHandler@6403e24c{/static,jar:file:/home/user/.m2/repository/org/apache/hadoop/hadoop-hdds-container-service/0.5.0-SNAPSHOT/hadoop-hdds-container-service-0.5.0-SNAPSHOT.jar!/webapps/static,UNAVAILABLE}
2019-09-25 11:57:15,266 [ForkJoinPool.commonPool-worker-1] INFO  handler.ContextHandler (ContextHandler.java:doStop(910)) - Stopped o.e.j.s.ServletContextHandler@43045f9f{/logs,file:///workdir/hadoop-ozone/integration-test/target/log,UNAVAILABLE}
2019-09-25 11:57:16,116 [Datanode State Machine Thread - 0] INFO  statemachine.DatanodeStateMachine (DatanodeStateMachine.java:lambda$startDaemon$0(350)) - Ozone container server started.
2019-09-25 11:57:20,185 [EventQueue-StaleNodeForStaleNodeHandler] INFO  node.StaleNodeHandler (StaleNodeHandler.java:onMessage(58)) - Datanode c4c6e274-a2e5-461e-9f46-318649b031aa{ip: 192.168.151.73, host: pr-hdds-1569-shd4m-3693607622, networkLocation: /default-rack, certSerialId: null} moved to stale state. Finalizing its pipelines [PipelineID=6f11e6d1-106d-49c2-a817-2279502b0bd8, PipelineID=f4b50e33-5020-486a-8cc9-ad3ccdbe33b4, PipelineID=53eb4a69-27c4-4d8a-ba16-af3c14954e17, PipelineID=f845184c-2067-4064-8a5e-85c07197e6fb, PipelineID=5b9a55c4-2a85-4d40-978e-65f872281d4c, PipelineID=b871e20b-bfb6-4858-90a9-29260458704d]
2019-09-25 11:57:20,186 [EventQueue-StaleNodeForStaleNodeHandler] INFO  pipeline.SCMPipelineManager (SCMPipelineManager.java:finalizeAndDestroyPipeline(316)) - destroying pipeline:Pipeline[ Id: 6f11e6d1-106d-49c2-a817-2279502b0bd8, Nodes: c4c6e274-a2e5-461e-9f46-318649b031aa{ip: 192.168.151.73, host: pr-hdds-1569-shd4m-3693607622, networkLocation: /default-rack, certSerialId: null}, Type:RATIS, Factor:ONE, State:OPEN]
2019-09-25 11:57:20,186 [EventQueue-StaleNodeForStaleNodeHandler] INFO  pipeline.PipelineStateManager (PipelineStateManager.java:finalizePipeline(123)) - Pipeline Pipeline[ Id: 6f11e6d1-106d-49c2-a817-2279502b0bd8, Nodes: c4c6e274-a2e5-461e-9f46-318649b031aa{ip: 192.168.151.73, host: pr-hdds-1569-shd4m-3693607622, networkLocation: /default-rack, certSerialId: null}, Type:RATIS, Factor:ONE, State:CLOSED] moved to CLOSED state
2019-09-25 11:57:20,186 [EventQueue-StaleNodeForStaleNodeHandler] INFO  pipeline.SCMPipelineManager (SCMPipelineManager.java:finalizeAndDestroyPipeline(316)) - destroying pipeline:Pipeline[ Id: f4b50e33-5020-486a-8cc9-ad3ccdbe33b4, Nodes: c4c6e274-a2e5-461e-9f46-318649b031aa{ip: 192.168.151.73, host: pr-hdds-1569-shd4m-3693607622, networkLocation: /default-rack, certSerialId: null}, Type:RATIS, Factor:ONE, State:OPEN]
2019-09-25 11:57:20,186 [EventQueue-StaleNodeForStaleNodeHandler] INFO  pipeline.PipelineStateManager (PipelineStateManager.java:finalizePipeline(123)) - Pipeline Pipeline[ Id: f4b50e33-5020-486a-8cc9-ad3ccdbe33b4, Nodes: c4c6e274-a2e5-461e-9f46-318649b031aa{ip: 192.168.151.73, host: pr-hdds-1569-shd4m-3693607622, networkLocation: /default-rack, certSerialId: null}, Type:RATIS, Factor:ONE, State:CLOSED] moved to CLOSED state
2019-09-25 11:57:20,187 [EventQueue-StaleNodeForStaleNodeHandler] INFO  pipeline.SCMPipelineManager (SCMPipelineManager.java:finalizeAndDestroyPipeline(316)) - destroying pipeline:Pipeline[ Id: 53eb4a69-27c4-4d8a-ba16-af3c14954e17, Nodes: c4c6e274-a2e5-461e-9f46-318649b031aa{ip: 192.168.151.73, host: pr-hdds-1569-shd4m-3693607622, networkLocation: /default-rack, certSerialId: null}, Type:RATIS, Factor:ONE, State:OPEN]
2019-09-25 11:57:20,187 [EventQueue-StaleNodeForStaleNodeHandler] INFO  pipeline.PipelineStateManager (PipelineStateManager.java:finalizePipeline(123)) - Pipeline Pipeline[ Id: 53eb4a69-27c4-4d8a-ba16-af3c14954e17, Nodes: c4c6e274-a2e5-461e-9f46-318649b031aa{ip: 192.168.151.73, host: pr-hdds-1569-shd4m-3693607622, networkLocation: /default-rack, certSerialId: null}, Type:RATIS, Factor:ONE, State:CLOSED] moved to CLOSED state
2019-09-25 11:57:20,187 [EventQueue-StaleNodeForStaleNodeHandler] INFO  pipeline.SCMPipelineManager (SCMPipelineManager.java:finalizeAndDestroyPipeline(316)) - destroying pipeline:Pipeline[ Id: f845184c-2067-4064-8a5e-85c07197e6fb, Nodes: c4c6e274-a2e5-461e-9f46-318649b031aa{ip: 192.168.151.73, host: pr-hdds-1569-shd4m-3693607622, networkLocation: /default-rack, certSerialId: null}, Type:RATIS, Factor:ONE, State:OPEN]
2019-09-25 11:57:20,187 [EventQueue-StaleNodeForStaleNodeHandler] INFO  pipeline.PipelineStateManager (PipelineStateManager.java:finalizePipeline(123)) - Pipeline Pipeline[ Id: f845184c-2067-4064-8a5e-85c07197e6fb, Nodes: c4c6e274-a2e5-461e-9f46-318649b031aa{ip: 192.168.151.73, host: pr-hdds-1569-shd4m-3693607622, networkLocation: /default-rack, certSerialId: null}, Type:RATIS, Factor:ONE, State:CLOSED] moved to CLOSED state
2019-09-25 11:57:20,187 [EventQueue-StaleNodeForStaleNodeHandler] INFO  pipeline.SCMPipelineManager (SCMPipelineManager.java:finalizeAndDestroyPipeline(316)) - destroying pipeline:Pipeline[ Id: 5b9a55c4-2a85-4d40-978e-65f872281d4c, Nodes: c4c6e274-a2e5-461e-9f46-318649b031aa{ip: 192.168.151.73, host: pr-hdds-1569-shd4m-3693607622, networkLocation: /default-rack, certSerialId: null}, Type:RATIS, Factor:ONE, State:OPEN]
2019-09-25 11:57:20,188 [EventQueue-StaleNodeForStaleNodeHandler] INFO  pipeline.PipelineStateManager (PipelineStateManager.java:finalizePipeline(123)) - Pipeline Pipeline[ Id: 5b9a55c4-2a85-4d40-978e-65f872281d4c, Nodes: c4c6e274-a2e5-461e-9f46-318649b031aa{ip: 192.168.151.73, host: pr-hdds-1569-shd4m-3693607622, networkLocation: /default-rack, certSerialId: null}, Type:RATIS, Factor:ONE, State:CLOSED] moved to CLOSED state
2019-09-25 11:57:20,188 [EventQueue-StaleNodeForStaleNodeHandler] INFO  pipeline.SCMPipelineManager (SCMPipelineManager.java:finalizeAndDestroyPipeline(316)) - destroying pipeline:Pipeline[ Id: b871e20b-bfb6-4858-90a9-29260458704d, Nodes: c4c6e274-a2e5-461e-9f46-318649b031aa{ip: 192.168.151.73, host: pr-hdds-1569-shd4m-3693607622, networkLocation: /default-rack, certSerialId: null}, Type:RATIS, Factor:ONE, State:OPEN]
2019-09-25 11:57:20,188 [EventQueue-StaleNodeForStaleNodeHandler] INFO  pipeline.PipelineStateManager (PipelineStateManager.java:finalizePipeline(123)) - Pipeline Pipeline[ Id: b871e20b-bfb6-4858-90a9-29260458704d, Nodes: c4c6e274-a2e5-461e-9f46-318649b031aa{ip: 192.168.151.73, host: pr-hdds-1569-shd4m-3693607622, networkLocation: /default-rack, certSerialId: null}, Type:RATIS, Factor:ONE, State:CLOSED] moved to CLOSED state
2019-09-25 11:57:20,253 [main] INFO  ozoneimpl.OzoneContainer (OzoneContainer.java:stop(231)) - Attempting to stop container services.
2019-09-25 11:57:20,255 [main] INFO  impl.RaftServerProxy (RaftServerProxy.java:lambda$close$4(314)) - c4c6e274-a2e5-461e-9f46-318649b031aa: close
2019-09-25 11:57:20,256 [main] INFO  impl.RaftServerImpl (RaftServerImpl.java:lambda$shutdown$3(251)) - c4c6e274-a2e5-461e-9f46-318649b031aa@group-AF3C14954E17: shutdown
2019-09-25 11:57:20,256 [ForkJoinPool.commonPool-worker-0] INFO  impl.RaftServerImpl (RaftServerImpl.java:lambda$shutdown$3(251)) - c4c6e274-a2e5-461e-9f46-318649b031aa@group-85C07197E6FB: shutdown
2019-09-25 11:57:20,256 [main] INFO  util.JmxRegister (JmxRegister.java:unregister(73)) - Successfully un-registered JMX Bean with object name Ratis:service=RaftServer,group=group-AF3C14954E17,id=c4c6e274-a2e5-461e-9f46-318649b031aa
2019-09-25 11:57:20,257 [ForkJoinPool.commonPool-worker-0] INFO  util.JmxRegister (JmxRegister.java:unregister(73)) - Successfully un-registered JMX Bean with object name Ratis:service=RaftServer,group=group-85C07197E6FB,id=c4c6e274-a2e5-461e-9f46-318649b031aa
2019-09-25 11:57:20,257 [main] INFO  impl.RoleInfo (RoleInfo.java:shutdownLeaderState(104)) - c4c6e274-a2e5-461e-9f46-318649b031aa: shutdown LeaderState
2019-09-25 11:57:20,257 [ForkJoinPool.commonPool-worker-0] INFO  impl.RoleInfo (RoleInfo.java:shutdownLeaderState(104)) - c4c6e274-a2e5-461e-9f46-318649b031aa: shutdown LeaderState
2019-09-25 11:57:20,258 [main] INFO  impl.PendingRequests (PendingRequests.java:sendNotLeaderResponses(202)) - c4c6e274-a2e5-461e-9f46-318649b031aa-PendingRequests: sendNotLeaderResponses
2019-09-25 11:57:20,258 [ForkJoinPool.commonPool-worker-0] INFO  impl.PendingRequests (PendingRequests.java:sendNotLeaderResponses(202)) - c4c6e274-a2e5-461e-9f46-318649b031aa-PendingRequests: sendNotLeaderResponses
2019-09-25 11:57:20,258 [main] INFO  impl.StateMachineUpdater (StateMachineUpdater.java:stopAndJoin(125)) - c4c6e274-a2e5-461e-9f46-318649b031aa@group-AF3C14954E17-StateMachineUpdater: set stopIndex = 0
2019-09-25 11:57:20,258 [ForkJoinPool.commonPool-worker-0] INFO  impl.StateMachineUpdater (StateMachineUpdater.java:stopAndJoin(125)) - c4c6e274-a2e5-461e-9f46-318649b031aa@group-85C07197E6FB-StateMachineUpdater: set stopIndex = 0
2019-09-25 11:57:20,259 [main] INFO  impl.RaftServerImpl (ServerState.java:close(385)) - c4c6e274-a2e5-461e-9f46-318649b031aa@group-AF3C14954E17: closes. applyIndex: 0
2019-09-25 11:57:20,259 [ForkJoinPool.commonPool-worker-0] INFO  impl.RaftServerImpl (ServerState.java:close(385)) - c4c6e274-a2e5-461e-9f46-318649b031aa@group-85C07197E6FB: closes. applyIndex: 0
2019-09-25 11:57:20,260 [c4c6e274-a2e5-461e-9f46-318649b031aa@group-AF3C14954E17-SegmentedRaftLogWorker] INFO  segmented.SegmentedRaftLogWorker (SegmentedRaftLogWorker.java:run(313)) - c4c6e274-a2e5-461e-9f46-318649b031aa@group-AF3C14954E17-SegmentedRaftLogWorker was interrupted, exiting. There are 0 tasks remaining in the queue.
2019-09-25 11:57:20,260 [c4c6e274-a2e5-461e-9f46-318649b031aa@group-85C07197E6FB-SegmentedRaftLogWorker] INFO  segmented.SegmentedRaftLogWorker (SegmentedRaftLogWorker.java:run(313)) - c4c6e274-a2e5-461e-9f46-318649b031aa@group-85C07197E6FB-SegmentedRaftLogWorker was interrupted, exiting. There are 0 tasks remaining in the queue.
2019-09-25 11:57:20,260 [main] INFO  segmented.SegmentedRaftLogWorker (SegmentedRaftLogWorker.java:close(228)) - c4c6e274-a2e5-461e-9f46-318649b031aa@group-AF3C14954E17-SegmentedRaftLogWorker close()
2019-09-25 11:57:20,260 [ForkJoinPool.commonPool-worker-0] INFO  segmented.SegmentedRaftLogWorker (SegmentedRaftLogWorker.java:close(228)) - c4c6e274-a2e5-461e-9f46-318649b031aa@group-85C07197E6FB-SegmentedRaftLogWorker close()
2019-09-25 11:57:20,260 [main] INFO  impl.RaftServerImpl (RaftServerImpl.java:lambda$shutdown$3(251)) - c4c6e274-a2e5-461e-9f46-318649b031aa@group-2279502B0BD8: shutdown
2019-09-25 11:57:20,261 [ForkJoinPool.commonPool-worker-0] INFO  impl.RaftServerImpl (RaftServerImpl.java:lambda$shutdown$3(251)) - c4c6e274-a2e5-461e-9f46-318649b031aa@group-65F872281D4C: shutdown
2019-09-25 11:57:20,261 [main] INFO  util.JmxRegister (JmxRegister.java:unregister(73)) - Successfully un-registered JMX Bean with object name Ratis:service=RaftServer,group=group-2279502B0BD8,id=c4c6e274-a2e5-461e-9f46-318649b031aa
2019-09-25 11:57:20,262 [main] INFO  impl.RoleInfo (RoleInfo.java:shutdownLeaderState(104)) - c4c6e274-a2e5-461e-9f46-318649b031aa: shutdown LeaderState
2019-09-25 11:57:20,261 [ForkJoinPool.commonPool-worker-0] INFO  util.JmxRegister (JmxRegister.java:unregister(73)) - Successfully un-registered JMX Bean with object name Ratis:service=RaftServer,group=group-65F872281D4C,id=c4c6e274-a2e5-461e-9f46-318649b031aa
2019-09-25 11:57:20,262 [main] INFO  impl.PendingRequests (PendingRequests.java:sendNotLeaderResponses(202)) - c4c6e274-a2e5-461e-9f46-318649b031aa-PendingRequests: sendNotLeaderResponses
2019-09-25 11:57:20,262 [ForkJoinPool.commonPool-worker-0] INFO  impl.RoleInfo (RoleInfo.java:shutdownLeaderState(104)) - c4c6e274-a2e5-461e-9f46-318649b031aa: shutdown LeaderState
2019-09-25 11:57:20,263 [main] INFO  impl.StateMachineUpdater (StateMachineUpdater.java:stopAndJoin(125)) - c4c6e274-a2e5-461e-9f46-318649b031aa@group-2279502B0BD8-StateMachineUpdater: set stopIndex = 0
2019-09-25 11:57:20,263 [main] INFO  impl.RaftServerImpl (ServerState.java:close(385)) - c4c6e274-a2e5-461e-9f46-318649b031aa@group-2279502B0BD8: closes. applyIndex: 0
2019-09-25 11:57:20,263 [ForkJoinPool.commonPool-worker-0] INFO  impl.PendingRequests (PendingRequests.java:sendNotLeaderResponses(202)) - c4c6e274-a2e5-461e-9f46-318649b031aa-PendingRequests: sendNotLeaderResponses
2019-09-25 11:57:20,264 [c4c6e274-a2e5-461e-9f46-318649b031aa@group-2279502B0BD8-SegmentedRaftLogWorker] INFO  segmented.SegmentedRaftLogWorker (SegmentedRaftLogWorker.java:run(313)) - c4c6e274-a2e5-461e-9f46-318649b031aa@group-2279502B0BD8-SegmentedRaftLogWorker was interrupted, exiting. There are 0 tasks remaining in the queue.
2019-09-25 11:57:20,264 [ForkJoinPool.commonPool-worker-0] INFO  impl.StateMachineUpdater (StateMachineUpdater.java:stopAndJoin(125)) - c4c6e274-a2e5-461e-9f46-318649b031aa@group-65F872281D4C-StateMachineUpdater: set stopIndex = 0
2019-09-25 11:57:20,264 [main] INFO  segmented.SegmentedRaftLogWorker (SegmentedRaftLogWorker.java:close(228)) - c4c6e274-a2e5-461e-9f46-318649b031aa@group-2279502B0BD8-SegmentedRaftLogWorker close()
2019-09-25 11:57:20,264 [ForkJoinPool.commonPool-worker-0] INFO  impl.RaftServerImpl (ServerState.java:close(385)) - c4c6e274-a2e5-461e-9f46-318649b031aa@group-65F872281D4C: closes. applyIndex: 0
2019-09-25 11:57:20,264 [main] INFO  impl.RaftServerImpl (RaftServerImpl.java:lambda$shutdown$3(251)) - c4c6e274-a2e5-461e-9f46-318649b031aa@group-AD3CCDBE33B4: shutdown
2019-09-25 11:57:20,265 [c4c6e274-a2e5-461e-9f46-318649b031aa@group-65F872281D4C-SegmentedRaftLogWorker] INFO  segmented.SegmentedRaftLogWorker (SegmentedRaftLogWorker.java:run(313)) - c4c6e274-a2e5-461e-9f46-318649b031aa@group-65F872281D4C-SegmentedRaftLogWorker was interrupted, exiting. There are 0 tasks remaining in the queue.
2019-09-25 11:57:20,265 [main] INFO  util.JmxRegister (JmxRegister.java:unregister(73)) - Successfully un-registered JMX Bean with object name Ratis:service=RaftServer,group=group-AD3CCDBE33B4,id=c4c6e274-a2e5-461e-9f46-318649b031aa
2019-09-25 11:57:20,265 [ForkJoinPool.commonPool-worker-0] INFO  segmented.SegmentedRaftLogWorker (SegmentedRaftLogWorker.java:close(228)) - c4c6e274-a2e5-461e-9f46-318649b031aa@group-65F872281D4C-SegmentedRaftLogWorker close()
2019-09-25 11:57:20,266 [main] INFO  impl.RoleInfo (RoleInfo.java:shutdownLeaderState(104)) - c4c6e274-a2e5-461e-9f46-318649b031aa: shutdown LeaderState
2019-09-25 11:57:20,266 [ForkJoinPool.commonPool-worker-0] INFO  impl.RaftServerImpl (RaftServerImpl.java:lambda$shutdown$3(251)) - c4c6e274-a2e5-461e-9f46-318649b031aa@group-29260458704D: shutdown
2019-09-25 11:57:20,266 [main] INFO  impl.PendingRequests (PendingRequests.java:sendNotLeaderResponses(202)) - c4c6e274-a2e5-461e-9f46-318649b031aa-PendingRequests: sendNotLeaderResponses
2019-09-25 11:57:20,266 [ForkJoinPool.commonPool-worker-0] INFO  util.JmxRegister (JmxRegister.java:unregister(73)) - Successfully un-registered JMX Bean with object name Ratis:service=RaftServer,group=group-29260458704D,id=c4c6e274-a2e5-461e-9f46-318649b031aa
2019-09-25 11:57:20,267 [main] INFO  impl.StateMachineUpdater (StateMachineUpdater.java:stopAndJoin(125)) - c4c6e274-a2e5-461e-9f46-318649b031aa@group-AD3CCDBE33B4-StateMachineUpdater: set stopIndex = 0
2019-09-25 11:57:20,267 [ForkJoinPool.commonPool-worker-0] INFO  impl.RoleInfo (RoleInfo.java:shutdownLeaderState(104)) - c4c6e274-a2e5-461e-9f46-318649b031aa: shutdown LeaderState
2019-09-25 11:57:20,267 [main] INFO  impl.RaftServerImpl (ServerState.java:close(385)) - c4c6e274-a2e5-461e-9f46-318649b031aa@group-AD3CCDBE33B4: closes. applyIndex: 0
2019-09-25 11:57:20,267 [ForkJoinPool.commonPool-worker-0] INFO  impl.PendingRequests (PendingRequests.java:sendNotLeaderResponses(202)) - c4c6e274-a2e5-461e-9f46-318649b031aa-PendingRequests: sendNotLeaderResponses
2019-09-25 11:57:20,268 [c4c6e274-a2e5-461e-9f46-318649b031aa@group-AD3CCDBE33B4-SegmentedRaftLogWorker] INFO  segmented.SegmentedRaftLogWorker (SegmentedRaftLogWorker.java:run(313)) - c4c6e274-a2e5-461e-9f46-318649b031aa@group-AD3CCDBE33B4-SegmentedRaftLogWorker was interrupted, exiting. There are 0 tasks remaining in the queue.
2019-09-25 11:57:20,268 [ForkJoinPool.commonPool-worker-0] INFO  impl.StateMachineUpdater (StateMachineUpdater.java:stopAndJoin(125)) - c4c6e274-a2e5-461e-9f46-318649b031aa@group-29260458704D-StateMachineUpdater: set stopIndex = 0
2019-09-25 11:57:20,268 [main] INFO  segmented.SegmentedRaftLogWorker (SegmentedRaftLogWorker.java:close(228)) - c4c6e274-a2e5-461e-9f46-318649b031aa@group-AD3CCDBE33B4-SegmentedRaftLogWorker close()
2019-09-25 11:57:20,268 [ForkJoinPool.commonPool-worker-0] INFO  impl.RaftServerImpl (ServerState.java:close(385)) - c4c6e274-a2e5-461e-9f46-318649b031aa@group-29260458704D: closes. applyIndex: 0
2019-09-25 11:57:20,269 [c4c6e274-a2e5-461e-9f46-318649b031aa@group-29260458704D-SegmentedRaftLogWorker] INFO  segmented.SegmentedRaftLogWorker (SegmentedRaftLogWorker.java:run(313)) - c4c6e274-a2e5-461e-9f46-318649b031aa@group-29260458704D-SegmentedRaftLogWorker was interrupted, exiting. There are 0 tasks remaining in the queue.
2019-09-25 11:57:20,269 [ForkJoinPool.commonPool-worker-0] INFO  segmented.SegmentedRaftLogWorker (SegmentedRaftLogWorker.java:close(228)) - c4c6e274-a2e5-461e-9f46-318649b031aa@group-29260458704D-SegmentedRaftLogWorker close()
2019-09-25 11:57:20,269 [main] INFO  server.GrpcService (GrpcService.java:closeImpl(164)) - c4c6e274-a2e5-461e-9f46-318649b031aa: shutdown server with port 46301 now
2019-09-25 11:57:20,271 [main] INFO  server.GrpcService (GrpcService.java:closeImpl(172)) - c4c6e274-a2e5-461e-9f46-318649b031aa: shutdown server with port 46301 successfully
2019-09-25 11:57:20,277 [refreshUsed-/workdir/hadoop-ozone/integration-test/target/test-dir/MiniOzoneClusterImpl-79e9daf4-eda6-4046-b710-e1fcaf4daad9/datanode-5/data/containers] WARN  fs.CachingGetSpaceUsed (CachingGetSpaceUsed.java:run(183)) - Thread Interrupted waiting to refresh disk information: sleep interrupted
2019-09-25 11:57:20,287 [main] INFO  utils.BackgroundService (BackgroundService.java:shutdown(148)) - Shutting down service BlockDeletingService
2019-09-25 11:57:20,290 [main] INFO  statemachine.DatanodeStateMachine (DatanodeStateMachine.java:stopDaemon(395)) - Ozone container server stopped.
2019-09-25 11:57:20,303 [main] INFO  handler.ContextHandler (ContextHandler.java:doStop(910)) - Stopped o.e.j.w.WebAppContext@64d4f7c7{/,null,UNAVAILABLE}{/hddsDatanode}
2019-09-25 11:57:20,303 [main] INFO  server.AbstractConnector (AbstractConnector.java:doStop(318)) - Stopped ServerConnector@54e02f6a{HTTP/1.1,[http/1.1]}{0.0.0.0:0}
2019-09-25 11:57:20,304 [main] INFO  handler.ContextHandler (ContextHandler.java:doStop(910)) - Stopped o.e.j.s.ServletContextHandler@1352434e{/static,jar:file:/home/user/.m2/repository/org/apache/hadoop/hadoop-hdds-container-service/0.5.0-SNAPSHOT/hadoop-hdds-container-service-0.5.0-SNAPSHOT.jar!/webapps/static,UNAVAILABLE}
2019-09-25 11:57:20,304 [main] INFO  handler.ContextHandler (ContextHandler.java:doStop(910)) - Stopped o.e.j.s.ServletContextHandler@12eedfee{/logs,file:///workdir/hadoop-ozone/integration-test/target/log,UNAVAILABLE}
2019-09-25 11:57:20,305 [main] INFO  ozone.MiniOzoneClusterImpl (MiniOzoneClusterImpl.java:stopSCM(392)) - Stopping the StorageContainerManager
2019-09-25 11:57:20,305 [main] INFO  server.StorageContainerManager (StorageContainerManager.java:stop(808)) - Stopping Replication Manager Service.
2019-09-25 11:57:20,306 [main] INFO  container.ReplicationManager (ReplicationManager.java:stop(204)) - Stopping Replication Monitor Thread.
2019-09-25 11:57:20,306 [main] INFO  server.StorageContainerManager (StorageContainerManager.java:stop(815)) - Stopping Lease Manager of the command watchers
2019-09-25 11:57:20,306 [main] INFO  server.StorageContainerManager (StorageContainerManager.java:stop(822)) - Stopping datanode service RPC server
2019-09-25 11:57:20,306 [main] INFO  server.SCMDatanodeProtocolServer (SCMDatanodeProtocolServer.java:stop(367)) - Stopping the RPC server for DataNodes
2019-09-25 11:57:20,307 [main] INFO  ipc.Server (Server.java:stop(3082)) - Stopping server on 35217
2019-09-25 11:57:20,308 [IPC Server listener on 35217] INFO  ipc.Server (Server.java:run(1185)) - Stopping IPC Server listener on 35217
2019-09-25 11:57:20,309 [IPC Server Responder] INFO  ipc.Server (Server.java:run(1319)) - Stopping IPC Server Responder
2019-09-25 11:57:20,385 [SCM Heartbeat Processing Thread - 0] WARN  node.NodeStateManager (NodeStateManager.java:scheduleNextHealthCheck(655)) - Current Thread is interrupted, shutting down HB processing thread for Node Manager.
2019-09-25 11:57:20,386 [main] INFO  server.StorageContainerManager (StorageContainerManager.java:stop(830)) - Stopping block service RPC server
2019-09-25 11:57:20,386 [main] INFO  server.SCMBlockProtocolServer (SCMBlockProtocolServer.java:stop(155)) - Stopping the RPC server for Block Protocol
2019-09-25 11:57:20,386 [main] INFO  ipc.Server (Server.java:stop(3082)) - Stopping server on 35348
2019-09-25 11:57:20,387 [main] INFO  server.StorageContainerManager (StorageContainerManager.java:stop(837)) - Stopping the StorageContainerLocationProtocol RPC server
2019-09-25 11:57:20,389 [main] INFO  server.SCMClientProtocolServer (SCMClientProtocolServer.java:stop(159)) - Stopping the RPC server for Client Protocol
2019-09-25 11:57:20,389 [IPC Server Responder] INFO  ipc.Server (Server.java:run(1319)) - Stopping IPC Server Responder
2019-09-25 11:57:20,389 [IPC Server listener on 35348] INFO  ipc.Server (Server.java:run(1185)) - Stopping IPC Server listener on 35348
2019-09-25 11:57:20,389 [main] INFO  ipc.Server (Server.java:stop(3082)) - Stopping server on 46372
2019-09-25 11:57:20,390 [IPC Server listener on 46372] INFO  ipc.Server (Server.java:run(1185)) - Stopping IPC Server listener on 46372
2019-09-25 11:57:20,391 [main] INFO  server.StorageContainerManager (StorageContainerManager.java:stop(844)) - Stopping Storage Container Manager HTTP server.
2019-09-25 11:57:20,392 [IPC Server Responder] INFO  ipc.Server (Server.java:run(1319)) - Stopping IPC Server Responder
2019-09-25 11:57:20,392 [main] INFO  handler.ContextHandler (ContextHandler.java:doStop(910)) - Stopped o.e.j.w.WebAppContext@6db66836{/,null,UNAVAILABLE}{/scm}
2019-09-25 11:57:20,393 [main] INFO  server.AbstractConnector (AbstractConnector.java:doStop(318)) - Stopped ServerConnector@1ee4730{HTTP/1.1,[http/1.1]}{0.0.0.0:0}
2019-09-25 11:57:20,394 [main] INFO  handler.ContextHandler (ContextHandler.java:doStop(910)) - Stopped o.e.j.s.ServletContextHandler@43b6123e{/static,file:///workdir/hadoop-ozone/integration-test/target/test-classes/webapps/static,UNAVAILABLE}
2019-09-25 11:57:20,394 [main] INFO  handler.ContextHandler (ContextHandler.java:doStop(910)) - Stopped o.e.j.s.ServletContextHandler@4fce136b{/logs,file:///workdir/hadoop-ozone/integration-test/target/log,UNAVAILABLE}
2019-09-25 11:57:20,395 [main] INFO  server.StorageContainerManager (StorageContainerManager.java:stop(855)) - Stopping Block Manager Service.
2019-09-25 11:57:20,395 [main] INFO  utils.BackgroundService (BackgroundService.java:shutdown(148)) - Shutting down service SCMBlockDeletingService
2019-09-25 11:57:20,396 [main] INFO  utils.BackgroundService (BackgroundService.java:shutdown(148)) - Shutting down service SCMBlockDeletingService
2019-09-25 11:57:20,397 [main] INFO  server.StorageContainerManager (StorageContainerManager.java:stop(877)) - Stopping SCM Event Queue.
2019-09-25 11:57:20,416 [main] INFO  impl.MetricsSystemImpl (MetricsSystemImpl.java:stop(210)) - Stopping XceiverClientMetrics metrics system...
2019-09-25 11:57:20,431 [prometheus] INFO  impl.MetricsSinkAdapter (MetricsSinkAdapter.java:publishMetricsFromQueue(141)) - prometheus thread interrupted.
2019-09-25 11:57:20,431 [main] INFO  impl.MetricsSystemImpl (MetricsSystemImpl.java:stop(216)) - XceiverClientMetrics metrics system stopped.
]]></system-out>
    <system-err><![CDATA[ERROR StatusLogger No Log4j 2 configuration file found. Using default configuration (logging only errors to the console), or user programmatically provided configurations. Set system property 'log4j2.debug' to show Log4j 2 internal initialization logging. See https://logging.apache.org/log4j/2.x/manual/configuration.html for instructions on how to configure Log4j 2
]]></system-err>
  </testcase>
  <testcase name="testDatanodeFailureWithPreAllocation" classname="org.apache.hadoop.ozone.client.rpc.TestBlockOutputStreamWithFailures" time="227.68"/>
  <testcase name="testDatanodeFailureWithSingleNodeRatis" classname="org.apache.hadoop.ozone.client.rpc.TestBlockOutputStreamWithFailures" time="224.745"/>
  <testcase name="testWatchForCommitWithSingleNodeRatis" classname="org.apache.hadoop.ozone.client.rpc.TestBlockOutputStreamWithFailures" time="35.041"/>
  <testcase name="testWatchForCommitDatanodeFailure" classname="org.apache.hadoop.ozone.client.rpc.TestBlockOutputStreamWithFailures" time="28.204">
    <error message="Allocated 0 blocks. Requested 1 blocks" type="INTERNAL_ERROR org.apache.hadoop.ozone.om.exceptions.OMException">INTERNAL_ERROR org.apache.hadoop.ozone.om.exceptions.OMException: Allocated 0 blocks. Requested 1 blocks
	at org.apache.hadoop.ozone.om.protocolPB.OzoneManagerProtocolClientSideTranslatorPB.handleError(OzoneManagerProtocolClientSideTranslatorPB.java:732)
	at org.apache.hadoop.ozone.om.protocolPB.OzoneManagerProtocolClientSideTranslatorPB.openKey(OzoneManagerProtocolClientSideTranslatorPB.java:723)
	at sun.reflect.NativeMethodAccessorImpl.invoke0(Native Method)
	at sun.reflect.NativeMethodAccessorImpl.invoke(NativeMethodAccessorImpl.java:62)
	at sun.reflect.DelegatingMethodAccessorImpl.invoke(DelegatingMethodAccessorImpl.java:43)
	at java.lang.reflect.Method.invoke(Method.java:498)
	at org.apache.hadoop.hdds.tracing.TraceAllMethod.invoke(TraceAllMethod.java:66)
	at com.sun.proxy.$Proxy37.openKey(Unknown Source)
	at org.apache.hadoop.ozone.client.rpc.RpcClient.createKey(RpcClient.java:614)
	at org.apache.hadoop.ozone.client.OzoneBucket.createKey(OzoneBucket.java:325)
	at org.apache.hadoop.ozone.container.ContainerTestHelper.createKey(ContainerTestHelper.java:704)
	at org.apache.hadoop.ozone.client.rpc.TestBlockOutputStreamWithFailures.createKey(TestBlockOutputStreamWithFailures.java:1210)
	at org.apache.hadoop.ozone.client.rpc.TestBlockOutputStreamWithFailures.createKey(TestBlockOutputStreamWithFailures.java:1204)
	at org.apache.hadoop.ozone.client.rpc.TestBlockOutputStreamWithFailures.testWatchForCommitDatanodeFailure(TestBlockOutputStreamWithFailures.java:277)
	at sun.reflect.NativeMethodAccessorImpl.invoke0(Native Method)
	at sun.reflect.NativeMethodAccessorImpl.invoke(NativeMethodAccessorImpl.java:62)
	at sun.reflect.DelegatingMethodAccessorImpl.invoke(DelegatingMethodAccessorImpl.java:43)
	at java.lang.reflect.Method.invoke(Method.java:498)
	at org.junit.runners.model.FrameworkMethod$1.runReflectiveCall(FrameworkMethod.java:47)
	at org.junit.internal.runners.model.ReflectiveCallable.run(ReflectiveCallable.java:12)
	at org.junit.runners.model.FrameworkMethod.invokeExplosively(FrameworkMethod.java:44)
	at org.junit.internal.runners.statements.InvokeMethod.evaluate(InvokeMethod.java:17)
	at org.junit.internal.runners.statements.RunBefores.evaluate(RunBefores.java:26)
	at org.junit.internal.runners.statements.RunAfters.evaluate(RunAfters.java:27)
	at org.junit.runners.ParentRunner.runLeaf(ParentRunner.java:271)
	at org.junit.runners.BlockJUnit4ClassRunner.runChild(BlockJUnit4ClassRunner.java:70)
	at org.junit.runners.BlockJUnit4ClassRunner.runChild(BlockJUnit4ClassRunner.java:50)
	at org.junit.runners.ParentRunner$3.run(ParentRunner.java:238)
	at org.junit.runners.ParentRunner$1.schedule(ParentRunner.java:63)
	at org.junit.runners.ParentRunner.runChildren(ParentRunner.java:236)
	at org.junit.runners.ParentRunner.access$000(ParentRunner.java:53)
	at org.junit.runners.ParentRunner$2.evaluate(ParentRunner.java:229)
	at org.junit.runners.ParentRunner.run(ParentRunner.java:309)
	at org.apache.maven.surefire.junit4.JUnit4Provider.execute(JUnit4Provider.java:365)
	at org.apache.maven.surefire.junit4.JUnit4Provider.executeWithRerun(JUnit4Provider.java:273)
	at org.apache.maven.surefire.junit4.JUnit4Provider.executeTestSet(JUnit4Provider.java:238)
	at org.apache.maven.surefire.junit4.JUnit4Provider.invoke(JUnit4Provider.java:159)
	at org.apache.maven.surefire.booter.ForkedBooter.invokeProviderInSameClassLoader(ForkedBooter.java:384)
	at org.apache.maven.surefire.booter.ForkedBooter.runSuitesInProcess(ForkedBooter.java:345)
	at org.apache.maven.surefire.booter.ForkedBooter.execute(ForkedBooter.java:126)
	at org.apache.maven.surefire.booter.ForkedBooter.main(ForkedBooter.java:418)
</error>
    <system-out><![CDATA[2019-09-25 12:05:27,982 [main] WARN  server.ServerUtils (ServerUtils.java:getScmDbDir(145)) - ozone.scm.db.dirs is not configured. We recommend adding this setting. Falling back to ozone.metadata.dirs instead.
2019-09-25 12:05:27,998 [main] WARN  server.ServerUtils (ServerUtils.java:getScmDbDir(145)) - ozone.scm.db.dirs is not configured. We recommend adding this setting. Falling back to ozone.metadata.dirs instead.
2019-09-25 12:05:27,998 [main] WARN  server.ServerUtils (ServerUtils.java:getScmDbDir(145)) - ozone.scm.db.dirs is not configured. We recommend adding this setting. Falling back to ozone.metadata.dirs instead.
2019-09-25 12:05:27,999 [main] INFO  db.DBStoreBuilder (DBStoreBuilder.java:addTable(110)) - using custom profile for table: deletedBlocks
2019-09-25 12:05:27,999 [main] INFO  db.DBStoreBuilder (DBStoreBuilder.java:processTables(161)) - Using default column profile:DBProfile.DISK for Table:deletedBlocks
2019-09-25 12:05:27,999 [main] INFO  db.DBStoreBuilder (DBStoreBuilder.java:addTable(110)) - using custom profile for table: validCerts
2019-09-25 12:05:27,999 [main] INFO  db.DBStoreBuilder (DBStoreBuilder.java:processTables(161)) - Using default column profile:DBProfile.DISK for Table:validCerts
2019-09-25 12:05:28,000 [main] INFO  db.DBStoreBuilder (DBStoreBuilder.java:addTable(110)) - using custom profile for table: revokedCerts
2019-09-25 12:05:28,000 [main] INFO  db.DBStoreBuilder (DBStoreBuilder.java:processTables(161)) - Using default column profile:DBProfile.DISK for Table:revokedCerts
2019-09-25 12:05:28,000 [main] INFO  db.DBStoreBuilder (DBStoreBuilder.java:addTable(110)) - using custom profile for table: default
2019-09-25 12:05:28,000 [main] INFO  db.DBStoreBuilder (DBStoreBuilder.java:processTables(167)) - Using default column profile:DBProfile.DISK for Table:default
2019-09-25 12:05:28,001 [main] INFO  db.DBStoreBuilder (DBStoreBuilder.java:getDbProfile(198)) - Using default options. DBProfile.DISK
2019-09-25 12:05:28,179 [main] INFO  net.NodeSchemaLoader (NodeSchemaLoader.java:loadSchemaFromFile(125)) - Loading file from sun.misc.CompoundEnumeration@72c9ebfa
2019-09-25 12:05:28,179 [main] INFO  net.NodeSchemaLoader (NodeSchemaLoader.java:loadSchema(171)) - Loading network topology layer schema file
2019-09-25 12:05:28,185 [main] INFO  node.SCMNodeManager (SCMNodeManager.java:<init>(114)) - Entering startup safe mode.
2019-09-25 12:05:28,186 [main] INFO  algorithms.ContainerPlacementPolicyFactory (ContainerPlacementPolicyFactory.java:getPolicy(59)) - Create container placement policy of type org.apache.hadoop.hdds.scm.container.placement.algorithms.SCMContainerPlacementRandom
2019-09-25 12:05:28,186 [main] WARN  server.ServerUtils (ServerUtils.java:getScmDbDir(145)) - ozone.scm.db.dirs is not configured. We recommend adding this setting. Falling back to ozone.metadata.dirs instead.
2019-09-25 12:05:28,235 [main] INFO  pipeline.SCMPipelineManager (SCMPipelineManager.java:initializePipelineState(132)) - No pipeline exists in current db
2019-09-25 12:05:28,236 [main] WARN  server.ServerUtils (ServerUtils.java:getScmDbDir(145)) - ozone.scm.db.dirs is not configured. We recommend adding this setting. Falling back to ozone.metadata.dirs instead.
2019-09-25 12:05:28,279 [main] WARN  events.EventQueue (EventQueue.java:fireEvent(183)) - No event handler registered for event TypedEvent{payloadType=SafeModeStatus, name='SafeModeStatus'}
2019-09-25 12:05:28,280 [main] INFO  ipc.CallQueueManager (CallQueueManager.java:<init>(84)) - Using callQueue: class java.util.concurrent.LinkedBlockingQueue, queueCapacity: 2000, scheduler: class org.apache.hadoop.ipc.DefaultRpcScheduler, ipcBackoff: false.
2019-09-25 12:05:28,281 [Socket Reader #1 for port 33125] INFO  ipc.Server (Server.java:run(1074)) - Starting Socket Reader #1 for port 33125
2019-09-25 12:05:28,283 [main] INFO  ipc.CallQueueManager (CallQueueManager.java:<init>(84)) - Using callQueue: class java.util.concurrent.LinkedBlockingQueue, queueCapacity: 2000, scheduler: class org.apache.hadoop.ipc.DefaultRpcScheduler, ipcBackoff: false.
2019-09-25 12:05:28,284 [Socket Reader #1 for port 43014] INFO  ipc.Server (Server.java:run(1074)) - Starting Socket Reader #1 for port 43014
2019-09-25 12:05:28,286 [main] INFO  ipc.CallQueueManager (CallQueueManager.java:<init>(84)) - Using callQueue: class java.util.concurrent.LinkedBlockingQueue, queueCapacity: 2000, scheduler: class org.apache.hadoop.ipc.DefaultRpcScheduler, ipcBackoff: false.
2019-09-25 12:05:28,286 [Socket Reader #1 for port 40472] INFO  ipc.Server (Server.java:run(1074)) - Starting Socket Reader #1 for port 40472
2019-09-25 12:05:28,289 [main] INFO  hdfs.DFSUtil (DFSUtil.java:httpServerTemplateForNNAndJN(1641)) - Starting Web-server for scm at: http://0.0.0.0:0
2019-09-25 12:05:28,291 [main] INFO  server.AuthenticationFilter (AuthenticationFilter.java:constructSecretProvider(240)) - Unable to initialize FileSignerSecretProvider, falling back to use random secrets.
2019-09-25 12:05:28,291 [main] WARN  http.HttpRequestLog (HttpRequestLog.java:getRequestLog(97)) - Jetty request log can only be enabled using Log4j
2019-09-25 12:05:28,293 [main] INFO  http.HttpServer2 (HttpServer2.java:addGlobalFilter(975)) - Added global filter 'safety' (class=org.apache.hadoop.http.HttpServer2$QuotingInputFilter)
2019-09-25 12:05:28,294 [main] INFO  http.HttpServer2 (HttpServer2.java:addFilter(948)) - Added filter static_user_filter (class=org.apache.hadoop.http.lib.StaticUserWebFilter$StaticUserFilter) to context scm
2019-09-25 12:05:28,294 [main] INFO  http.HttpServer2 (HttpServer2.java:addFilter(958)) - Added filter static_user_filter (class=org.apache.hadoop.http.lib.StaticUserWebFilter$StaticUserFilter) to context logs
2019-09-25 12:05:28,294 [main] INFO  http.HttpServer2 (HttpServer2.java:addFilter(958)) - Added filter static_user_filter (class=org.apache.hadoop.http.lib.StaticUserWebFilter$StaticUserFilter) to context static
2019-09-25 12:05:28,296 [main] INFO  server.StorageContainerManager (StorageContainerManager.java:start(770)) - StorageContainerLocationProtocol RPC server is listening at /0.0.0.0:40472
2019-09-25 12:05:28,298 [main] WARN  impl.MetricsConfig (MetricsConfig.java:loadFirst(134)) - Cannot locate configuration: tried hadoop-metrics2-storagecontainermanager.properties,hadoop-metrics2.properties
2019-09-25 12:05:28,299 [main] INFO  impl.MetricsSystemImpl (MetricsSystemImpl.java:startTimer(374)) - Scheduled Metric snapshot period at 10 second(s).
2019-09-25 12:05:28,299 [main] INFO  impl.MetricsSystemImpl (MetricsSystemImpl.java:start(191)) - StorageContainerManager metrics system started
2019-09-25 12:05:28,444 [main] WARN  impl.MetricsSystemImpl (MetricsSystemImpl.java:register(276)) - Sink prometheus already exists!
2019-09-25 12:05:28,544 [main] INFO  server.SCMClientProtocolServer (SCMClientProtocolServer.java:start(151)) - RPC server for Client  is listening at /0.0.0.0:40472
2019-09-25 12:05:28,544 [IPC Server Responder] INFO  ipc.Server (Server.java:run(1314)) - IPC Server Responder: starting
2019-09-25 12:05:28,545 [IPC Server listener on 40472] INFO  ipc.Server (Server.java:run(1153)) - IPC Server listener on 40472: starting
2019-09-25 12:05:28,552 [main] INFO  server.StorageContainerManager (StorageContainerManager.java:start(780)) - ScmBlockLocationProtocol RPC server is listening at /0.0.0.0:43014
2019-09-25 12:05:28,552 [main] INFO  server.SCMBlockProtocolServer (SCMBlockProtocolServer.java:start(146)) - RPC server for Block Protocol is listening at /0.0.0.0:43014
2019-09-25 12:05:28,553 [IPC Server Responder] INFO  ipc.Server (Server.java:run(1314)) - IPC Server Responder: starting
2019-09-25 12:05:28,553 [IPC Server listener on 43014] INFO  ipc.Server (Server.java:run(1153)) - IPC Server listener on 43014: starting
2019-09-25 12:05:28,556 [main] INFO  server.StorageContainerManager (StorageContainerManager.java:start(784)) - ScmDatanodeProtocl RPC server is listening at /0.0.0.0:33125
2019-09-25 12:05:28,556 [main] INFO  server.SCMDatanodeProtocolServer (SCMDatanodeProtocolServer.java:start(191)) - RPC server for DataNodes is listening at /0.0.0.0:33125
2019-09-25 12:05:28,557 [IPC Server Responder] INFO  ipc.Server (Server.java:run(1314)) - IPC Server Responder: starting
2019-09-25 12:05:28,557 [IPC Server listener on 33125] INFO  ipc.Server (Server.java:run(1153)) - IPC Server listener on 33125: starting
2019-09-25 12:05:28,561 [main] INFO  http.HttpServer2 (HttpServer2.java:bindListener(1191)) - Jetty bound to port 45609
2019-09-25 12:05:28,561 [main] INFO  server.Server (Server.java:doStart(351)) - jetty-9.3.25.v20180904, build timestamp: 2018-09-04T21:11:46Z, git hash: 3ce520221d0240229c862b122d2b06c12a625732
2019-09-25 12:05:28,562 [main] INFO  handler.ContextHandler (ContextHandler.java:doStart(781)) - Started o.e.j.s.ServletContextHandler@5939e24{/logs,file:///workdir/hadoop-ozone/integration-test/target/log,AVAILABLE}
2019-09-25 12:05:28,563 [main] INFO  handler.ContextHandler (ContextHandler.java:doStart(781)) - Started o.e.j.s.ServletContextHandler@2055833f{/static,file:///workdir/hadoop-ozone/integration-test/target/test-classes/webapps/static,AVAILABLE}
2019-09-25 12:05:28,566 [main] INFO  handler.ContextHandler (ContextHandler.java:doStart(781)) - Started o.e.j.w.WebAppContext@7b9e25bd{/,file:///workdir/hadoop-ozone/integration-test/target/test-classes/webapps/scm/,AVAILABLE}{/scm}
2019-09-25 12:05:28,566 [main] INFO  server.AbstractConnector (AbstractConnector.java:doStart(278)) - Started ServerConnector@2d206a71{HTTP/1.1,[http/1.1]}{0.0.0.0:45609}
2019-09-25 12:05:28,568 [main] INFO  server.Server (Server.java:doStart(419)) - Started @522212ms
2019-09-25 12:05:28,568 [main] WARN  impl.MetricsSystemImpl (MetricsSystemImpl.java:register(276)) - Sink prometheus already exists!
2019-09-25 12:05:28,569 [main] INFO  server.BaseHttpServer (BaseHttpServer.java:updateConnectorAddress(215)) - HTTP server of SCM is listening at http://0.0.0.0:45609
2019-09-25 12:05:28,570 [main] WARN  server.ServerUtils (ServerUtils.java:getDBPath(222)) - ozone.om.db.dirs is not configured. We recommend adding this setting. Falling back to ozone.metadata.dirs instead.
2019-09-25 12:05:28,571 [org.apache.hadoop.util.JvmPauseMonitor$Monitor@3a40bb52] INFO  util.JvmPauseMonitor (JvmPauseMonitor.java:run(188)) - Starting JVM pause monitor
2019-09-25 12:05:28,584 [main] WARN  server.ServerUtils (ServerUtils.java:getDBPath(222)) - ozone.om.db.dirs is not configured. We recommend adding this setting. Falling back to ozone.metadata.dirs instead.
2019-09-25 12:05:28,585 [main] WARN  server.ServerUtils (ServerUtils.java:getDBPath(222)) - ozone.om.db.dirs is not configured. We recommend adding this setting. Falling back to ozone.metadata.dirs instead.
2019-09-25 12:05:28,585 [main] INFO  om.OzoneManager (OzoneManager.java:setOMNodeDetails(652)) - OM Service ID is not set. Setting it to the default ID: omServiceIdDefault
2019-09-25 12:05:28,585 [main] INFO  om.OzoneManager (OzoneManager.java:setOMNodeDetails(658)) - OM Node ID is not set. Setting it to the OmStorage's OmID: 3516f3eb-be59-4c45-accd-9cfe804f10d3
2019-09-25 12:05:28,586 [main] INFO  om.OzoneManager (OzoneManager.java:loadOMHAConfigs(609)) - Found matching OM address with OMServiceId: null, OMNodeId: null, RPC Address: localhost:0 and Ratis port: 9872
2019-09-25 12:05:28,594 [main] WARN  server.ServerUtils (ServerUtils.java:getDBPath(222)) - ozone.om.db.dirs is not configured. We recommend adding this setting. Falling back to ozone.metadata.dirs instead.
2019-09-25 12:05:28,595 [main] INFO  db.DBStoreBuilder (DBStoreBuilder.java:addTable(110)) - using custom profile for table: userTable
2019-09-25 12:05:28,595 [main] INFO  db.DBStoreBuilder (DBStoreBuilder.java:processTables(161)) - Using default column profile:DBProfile.DISK for Table:userTable
2019-09-25 12:05:28,595 [main] INFO  db.DBStoreBuilder (DBStoreBuilder.java:addTable(110)) - using custom profile for table: volumeTable
2019-09-25 12:05:28,596 [main] INFO  db.DBStoreBuilder (DBStoreBuilder.java:processTables(161)) - Using default column profile:DBProfile.DISK for Table:volumeTable
2019-09-25 12:05:28,596 [main] INFO  db.DBStoreBuilder (DBStoreBuilder.java:addTable(110)) - using custom profile for table: bucketTable
2019-09-25 12:05:28,596 [main] INFO  db.DBStoreBuilder (DBStoreBuilder.java:processTables(161)) - Using default column profile:DBProfile.DISK for Table:bucketTable
2019-09-25 12:05:28,596 [main] INFO  db.DBStoreBuilder (DBStoreBuilder.java:addTable(110)) - using custom profile for table: keyTable
2019-09-25 12:05:28,597 [main] INFO  db.DBStoreBuilder (DBStoreBuilder.java:processTables(161)) - Using default column profile:DBProfile.DISK for Table:keyTable
2019-09-25 12:05:28,597 [main] INFO  db.DBStoreBuilder (DBStoreBuilder.java:addTable(110)) - using custom profile for table: deletedTable
2019-09-25 12:05:28,597 [main] INFO  db.DBStoreBuilder (DBStoreBuilder.java:processTables(161)) - Using default column profile:DBProfile.DISK for Table:deletedTable
2019-09-25 12:05:28,597 [main] INFO  db.DBStoreBuilder (DBStoreBuilder.java:addTable(110)) - using custom profile for table: openKeyTable
2019-09-25 12:05:28,597 [main] INFO  db.DBStoreBuilder (DBStoreBuilder.java:processTables(161)) - Using default column profile:DBProfile.DISK for Table:openKeyTable
2019-09-25 12:05:28,598 [main] INFO  db.DBStoreBuilder (DBStoreBuilder.java:addTable(110)) - using custom profile for table: s3Table
2019-09-25 12:05:28,598 [main] INFO  db.DBStoreBuilder (DBStoreBuilder.java:processTables(161)) - Using default column profile:DBProfile.DISK for Table:s3Table
2019-09-25 12:05:28,598 [main] INFO  db.DBStoreBuilder (DBStoreBuilder.java:addTable(110)) - using custom profile for table: multipartInfoTable
2019-09-25 12:05:28,598 [main] INFO  db.DBStoreBuilder (DBStoreBuilder.java:processTables(161)) - Using default column profile:DBProfile.DISK for Table:multipartInfoTable
2019-09-25 12:05:28,599 [main] INFO  db.DBStoreBuilder (DBStoreBuilder.java:addTable(110)) - using custom profile for table: dTokenTable
2019-09-25 12:05:28,599 [main] INFO  db.DBStoreBuilder (DBStoreBuilder.java:processTables(161)) - Using default column profile:DBProfile.DISK for Table:dTokenTable
2019-09-25 12:05:28,599 [main] INFO  db.DBStoreBuilder (DBStoreBuilder.java:addTable(110)) - using custom profile for table: s3SecretTable
2019-09-25 12:05:28,599 [main] INFO  db.DBStoreBuilder (DBStoreBuilder.java:processTables(161)) - Using default column profile:DBProfile.DISK for Table:s3SecretTable
2019-09-25 12:05:28,600 [main] INFO  db.DBStoreBuilder (DBStoreBuilder.java:addTable(110)) - using custom profile for table: prefixTable
2019-09-25 12:05:28,600 [main] INFO  db.DBStoreBuilder (DBStoreBuilder.java:processTables(161)) - Using default column profile:DBProfile.DISK for Table:prefixTable
2019-09-25 12:05:28,600 [main] INFO  db.DBStoreBuilder (DBStoreBuilder.java:addTable(110)) - using custom profile for table: default
2019-09-25 12:05:28,600 [main] INFO  db.DBStoreBuilder (DBStoreBuilder.java:processTables(167)) - Using default column profile:DBProfile.DISK for Table:default
2019-09-25 12:05:28,600 [main] INFO  db.DBStoreBuilder (DBStoreBuilder.java:getDbProfile(198)) - Using default options. DBProfile.DISK
2019-09-25 12:05:29,110 [main] INFO  ipc.CallQueueManager (CallQueueManager.java:<init>(84)) - Using callQueue: class java.util.concurrent.LinkedBlockingQueue, queueCapacity: 2000, scheduler: class org.apache.hadoop.ipc.DefaultRpcScheduler, ipcBackoff: false.
2019-09-25 12:05:29,111 [Socket Reader #1 for port 33175] INFO  ipc.Server (Server.java:run(1074)) - Starting Socket Reader #1 for port 33175
2019-09-25 12:05:29,131 [main] INFO  om.OzoneManager (OzoneManager.java:start(1243)) - OzoneManager RPC server is listening at localhost/127.0.0.1:33175
2019-09-25 12:05:29,131 [main] INFO  impl.MetricsSystemImpl (MetricsSystemImpl.java:init(158)) - OzoneManager metrics system started (again)
2019-09-25 12:05:29,132 [IPC Server Responder] INFO  ipc.Server (Server.java:run(1314)) - IPC Server Responder: starting
2019-09-25 12:05:29,135 [IPC Server listener on 33175] INFO  ipc.Server (Server.java:run(1153)) - IPC Server listener on 33175: starting
2019-09-25 12:05:29,142 [main] INFO  hdfs.DFSUtil (DFSUtil.java:httpServerTemplateForNNAndJN(1641)) - Starting Web-server for ozoneManager at: http://0.0.0.0:0
2019-09-25 12:05:29,143 [main] INFO  server.AuthenticationFilter (AuthenticationFilter.java:constructSecretProvider(240)) - Unable to initialize FileSignerSecretProvider, falling back to use random secrets.
2019-09-25 12:05:29,144 [main] WARN  http.HttpRequestLog (HttpRequestLog.java:getRequestLog(97)) - Jetty request log can only be enabled using Log4j
2019-09-25 12:05:29,146 [main] INFO  http.HttpServer2 (HttpServer2.java:addGlobalFilter(975)) - Added global filter 'safety' (class=org.apache.hadoop.http.HttpServer2$QuotingInputFilter)
2019-09-25 12:05:29,146 [main] INFO  http.HttpServer2 (HttpServer2.java:addFilter(948)) - Added filter static_user_filter (class=org.apache.hadoop.http.lib.StaticUserWebFilter$StaticUserFilter) to context ozoneManager
2019-09-25 12:05:29,146 [main] INFO  http.HttpServer2 (HttpServer2.java:addFilter(958)) - Added filter static_user_filter (class=org.apache.hadoop.http.lib.StaticUserWebFilter$StaticUserFilter) to context logs
2019-09-25 12:05:29,146 [main] INFO  http.HttpServer2 (HttpServer2.java:addFilter(958)) - Added filter static_user_filter (class=org.apache.hadoop.http.lib.StaticUserWebFilter$StaticUserFilter) to context static
2019-09-25 12:05:29,147 [main] INFO  http.HttpServer2 (HttpServer2.java:bindListener(1191)) - Jetty bound to port 41806
2019-09-25 12:05:29,147 [main] INFO  server.Server (Server.java:doStart(351)) - jetty-9.3.25.v20180904, build timestamp: 2018-09-04T21:11:46Z, git hash: 3ce520221d0240229c862b122d2b06c12a625732
2019-09-25 12:05:29,149 [main] INFO  handler.ContextHandler (ContextHandler.java:doStart(781)) - Started o.e.j.s.ServletContextHandler@27f71195{/logs,file:///workdir/hadoop-ozone/integration-test/target/log,AVAILABLE}
2019-09-25 12:05:29,150 [main] INFO  handler.ContextHandler (ContextHandler.java:doStart(781)) - Started o.e.j.s.ServletContextHandler@6238d5e0{/static,file:///workdir/hadoop-ozone/integration-test/target/test-classes/webapps/static,AVAILABLE}
2019-09-25 12:05:29,153 [main] INFO  handler.ContextHandler (ContextHandler.java:doStart(781)) - Started o.e.j.w.WebAppContext@13192275{/,file:///workdir/hadoop-ozone/integration-test/target/test-classes/webapps/ozoneManager/,AVAILABLE}{/ozoneManager}
2019-09-25 12:05:29,154 [main] INFO  server.AbstractConnector (AbstractConnector.java:doStart(278)) - Started ServerConnector@79195c22{HTTP/1.1,[http/1.1]}{0.0.0.0:41806}
2019-09-25 12:05:29,156 [main] INFO  server.Server (Server.java:doStart(419)) - Started @522801ms
2019-09-25 12:05:29,156 [main] WARN  impl.MetricsSystemImpl (MetricsSystemImpl.java:register(276)) - Sink prometheus already exists!
2019-09-25 12:05:29,157 [main] INFO  server.BaseHttpServer (BaseHttpServer.java:updateConnectorAddress(215)) - HTTP server of OZONEMANAGER is listening at http://0.0.0.0:41806
2019-09-25 12:05:29,171 [main] INFO  impl.MetricsSystemImpl (MetricsSystemImpl.java:init(158)) - HddsDatanode metrics system started (again)
2019-09-25 12:05:29,179 [main] INFO  ozone.HddsDatanodeService (HddsDatanodeService.java:start(184)) - HddsDatanodeService host:pr-hdds-1569-shd4m-3693607622 ip:192.168.151.73
2019-09-25 12:05:29,186 [main] INFO  volume.HddsVolume (HddsVolume.java:<init>(176)) - Creating Volume: /workdir/hadoop-ozone/integration-test/target/test-dir/MiniOzoneClusterImpl-0814cdd2-95b4-491b-95c0-a7203a111cc5/datanode-0/data/containers/hdds of  storage type : DISK and capacity : 1482555576320
2019-09-25 12:05:29,186 [main] INFO  volume.VolumeSet (VolumeSet.java:initializeVolumeSet(170)) - Added Volume : /workdir/hadoop-ozone/integration-test/target/test-dir/MiniOzoneClusterImpl-0814cdd2-95b4-491b-95c0-a7203a111cc5/datanode-0/data/containers/hdds to VolumeSet
2019-09-25 12:05:29,186 [main] INFO  volume.ThrottledAsyncChecker (ThrottledAsyncChecker.java:schedule(139)) - Scheduling a check for org.apache.hadoop.ozone.container.common.volume.HddsVolume@1ecf0ac6
2019-09-25 12:05:29,187 [main] INFO  volume.HddsVolumeChecker (HddsVolumeChecker.java:checkAllVolumes(202)) - Scheduled health check for volume org.apache.hadoop.ozone.container.common.volume.HddsVolume@1ecf0ac6
2019-09-25 12:05:29,202 [main] INFO  impl.RaftServerProxy (ConfUtils.java:logGet(43)) - raft.rpc.type = GRPC (default)
2019-09-25 12:05:29,202 [main] INFO  grpc.GrpcFactory (GrpcFactory.java:checkPooledByteBufAllocatorUseCacheForAllThreads(45)) - PERFORMANCE WARNING: useCacheForAllThreads is true that may cause Netty to create a lot garbage objects and, as a result, trigger GC.
	It is recommended to disable useCacheForAllThreads by setting -Dorg.apache.ratis.thirdparty.io.netty.allocator.useCacheForAllThreads=false in command line.
2019-09-25 12:05:29,203 [main] INFO  grpc.GrpcConfigKeys$Server (ConfUtils.java:logGet(43)) - raft.grpc.server.port = 0 (default)
2019-09-25 12:05:29,203 [main] INFO  server.GrpcService (ConfUtils.java:logGet(43)) - raft.grpc.message.size.max = 33570816 (custom)
2019-09-25 12:05:29,203 [main] INFO  server.RaftServerConfigKeys (ConfUtils.java:logGet(43)) - raft.server.log.appender.buffer.byte-limit = 33554432 (custom)
2019-09-25 12:05:29,203 [main] INFO  server.GrpcService (ConfUtils.java:logGet(43)) - raft.grpc.flow.control.window = 1MB (=1048576) (default)
2019-09-25 12:05:29,204 [main] INFO  server.RaftServerConfigKeys (ConfUtils.java:logGet(43)) - raft.server.rpc.request.timeout = 3000ms (default)
2019-09-25 12:05:29,204 [main] INFO  server.RaftServerConfigKeys (ConfUtils.java:logGet(43)) - raft.server.storage.dir = [/workdir/hadoop-ozone/integration-test/target/test-dir/MiniOzoneClusterImpl-0814cdd2-95b4-491b-95c0-a7203a111cc5/datanode-0/data/ratis] (custom)
2019-09-25 12:05:29,206 [main] INFO  hdfs.DFSUtil (DFSUtil.java:httpServerTemplateForNNAndJN(1641)) - Starting Web-server for hddsDatanode at: http://0.0.0.0:0
2019-09-25 12:05:29,207 [main] INFO  server.AuthenticationFilter (AuthenticationFilter.java:constructSecretProvider(240)) - Unable to initialize FileSignerSecretProvider, falling back to use random secrets.
2019-09-25 12:05:29,207 [main] WARN  http.HttpRequestLog (HttpRequestLog.java:getRequestLog(97)) - Jetty request log can only be enabled using Log4j
2019-09-25 12:05:29,209 [main] INFO  http.HttpServer2 (HttpServer2.java:addGlobalFilter(975)) - Added global filter 'safety' (class=org.apache.hadoop.http.HttpServer2$QuotingInputFilter)
2019-09-25 12:05:29,209 [main] INFO  http.HttpServer2 (HttpServer2.java:addFilter(948)) - Added filter static_user_filter (class=org.apache.hadoop.http.lib.StaticUserWebFilter$StaticUserFilter) to context hddsDatanode
2019-09-25 12:05:29,209 [main] INFO  http.HttpServer2 (HttpServer2.java:addFilter(958)) - Added filter static_user_filter (class=org.apache.hadoop.http.lib.StaticUserWebFilter$StaticUserFilter) to context logs
2019-09-25 12:05:29,209 [main] INFO  http.HttpServer2 (HttpServer2.java:addFilter(958)) - Added filter static_user_filter (class=org.apache.hadoop.http.lib.StaticUserWebFilter$StaticUserFilter) to context static
2019-09-25 12:05:29,210 [main] INFO  http.HttpServer2 (HttpServer2.java:bindListener(1191)) - Jetty bound to port 42955
2019-09-25 12:05:29,210 [main] INFO  server.Server (Server.java:doStart(351)) - jetty-9.3.25.v20180904, build timestamp: 2018-09-04T21:11:46Z, git hash: 3ce520221d0240229c862b122d2b06c12a625732
2019-09-25 12:05:29,212 [main] INFO  handler.ContextHandler (ContextHandler.java:doStart(781)) - Started o.e.j.s.ServletContextHandler@2f09e6b2{/logs,file:///workdir/hadoop-ozone/integration-test/target/log,AVAILABLE}
2019-09-25 12:05:29,212 [main] INFO  handler.ContextHandler (ContextHandler.java:doStart(781)) - Started o.e.j.s.ServletContextHandler@16e1219f{/static,jar:file:/home/user/.m2/repository/org/apache/hadoop/hadoop-hdds-container-service/0.5.0-SNAPSHOT/hadoop-hdds-container-service-0.5.0-SNAPSHOT.jar!/webapps/static,AVAILABLE}
2019-09-25 12:05:29,245 [main] INFO  handler.ContextHandler (ContextHandler.java:doStart(781)) - Started o.e.j.w.WebAppContext@154b8cb6{/,file:///tmp/jetty-0.0.0.0-42955-hddsDatanode-_-any-5784389472886104985.dir/webapp/,AVAILABLE}{/hddsDatanode}
2019-09-25 12:05:29,246 [main] INFO  server.AbstractConnector (AbstractConnector.java:doStart(278)) - Started ServerConnector@7b297740{HTTP/1.1,[http/1.1]}{0.0.0.0:42955}
2019-09-25 12:05:29,246 [main] INFO  server.Server (Server.java:doStart(419)) - Started @522890ms
2019-09-25 12:05:29,248 [main] WARN  impl.MetricsSystemImpl (MetricsSystemImpl.java:register(276)) - Sink prometheus already exists!
2019-09-25 12:05:29,249 [main] INFO  server.BaseHttpServer (BaseHttpServer.java:updateConnectorAddress(215)) - HTTP server of HDDSDATANODE is listening at http://0.0.0.0:42955
2019-09-25 12:05:29,249 [main] INFO  impl.MetricsSystemImpl (MetricsSystemImpl.java:init(158)) - HddsDatanode metrics system started (again)
2019-09-25 12:05:29,256 [org.apache.hadoop.util.JvmPauseMonitor$Monitor@6c6e1180] INFO  util.JvmPauseMonitor (JvmPauseMonitor.java:run(188)) - Starting JVM pause monitor
2019-09-25 12:05:29,257 [main] INFO  ozone.HddsDatanodeService (HddsDatanodeService.java:start(184)) - HddsDatanodeService host:pr-hdds-1569-shd4m-3693607622 ip:192.168.151.73
2019-09-25 12:05:29,258 [Datanode State Machine Thread - 0] INFO  datanode.InitDatanodeState (InitDatanodeState.java:persistContainerDatanodeDetails(140)) - DatanodeDetails is persisted to /workdir/hadoop-ozone/integration-test/target/test-dir/MiniOzoneClusterImpl-0814cdd2-95b4-491b-95c0-a7203a111cc5/datanode-0/meta/datanode.id
2019-09-25 12:05:29,263 [main] INFO  volume.HddsVolume (HddsVolume.java:<init>(176)) - Creating Volume: /workdir/hadoop-ozone/integration-test/target/test-dir/MiniOzoneClusterImpl-0814cdd2-95b4-491b-95c0-a7203a111cc5/datanode-1/data/containers/hdds of  storage type : DISK and capacity : 1482555576320
2019-09-25 12:05:29,263 [main] INFO  volume.VolumeSet (VolumeSet.java:initializeVolumeSet(170)) - Added Volume : /workdir/hadoop-ozone/integration-test/target/test-dir/MiniOzoneClusterImpl-0814cdd2-95b4-491b-95c0-a7203a111cc5/datanode-1/data/containers/hdds to VolumeSet
2019-09-25 12:05:29,263 [main] INFO  volume.ThrottledAsyncChecker (ThrottledAsyncChecker.java:schedule(139)) - Scheduling a check for org.apache.hadoop.ozone.container.common.volume.HddsVolume@6dd79214
2019-09-25 12:05:29,264 [main] INFO  volume.HddsVolumeChecker (HddsVolumeChecker.java:checkAllVolumes(202)) - Scheduled health check for volume org.apache.hadoop.ozone.container.common.volume.HddsVolume@6dd79214
2019-09-25 12:05:29,276 [main] INFO  impl.RaftServerProxy (ConfUtils.java:logGet(43)) - raft.rpc.type = GRPC (default)
2019-09-25 12:05:29,276 [main] INFO  grpc.GrpcFactory (GrpcFactory.java:checkPooledByteBufAllocatorUseCacheForAllThreads(45)) - PERFORMANCE WARNING: useCacheForAllThreads is true that may cause Netty to create a lot garbage objects and, as a result, trigger GC.
	It is recommended to disable useCacheForAllThreads by setting -Dorg.apache.ratis.thirdparty.io.netty.allocator.useCacheForAllThreads=false in command line.
2019-09-25 12:05:29,276 [main] INFO  grpc.GrpcConfigKeys$Server (ConfUtils.java:logGet(43)) - raft.grpc.server.port = 0 (default)
2019-09-25 12:05:29,276 [main] INFO  server.GrpcService (ConfUtils.java:logGet(43)) - raft.grpc.message.size.max = 33570816 (custom)
2019-09-25 12:05:29,277 [main] INFO  server.RaftServerConfigKeys (ConfUtils.java:logGet(43)) - raft.server.log.appender.buffer.byte-limit = 33554432 (custom)
2019-09-25 12:05:29,277 [main] INFO  server.GrpcService (ConfUtils.java:logGet(43)) - raft.grpc.flow.control.window = 1MB (=1048576) (default)
2019-09-25 12:05:29,277 [main] INFO  server.RaftServerConfigKeys (ConfUtils.java:logGet(43)) - raft.server.rpc.request.timeout = 3000ms (default)
2019-09-25 12:05:29,277 [main] INFO  server.RaftServerConfigKeys (ConfUtils.java:logGet(43)) - raft.server.storage.dir = [/workdir/hadoop-ozone/integration-test/target/test-dir/MiniOzoneClusterImpl-0814cdd2-95b4-491b-95c0-a7203a111cc5/datanode-1/data/ratis] (custom)
2019-09-25 12:05:29,279 [main] INFO  hdfs.DFSUtil (DFSUtil.java:httpServerTemplateForNNAndJN(1641)) - Starting Web-server for hddsDatanode at: http://0.0.0.0:0
2019-09-25 12:05:29,280 [main] INFO  server.AuthenticationFilter (AuthenticationFilter.java:constructSecretProvider(240)) - Unable to initialize FileSignerSecretProvider, falling back to use random secrets.
2019-09-25 12:05:29,280 [main] WARN  http.HttpRequestLog (HttpRequestLog.java:getRequestLog(97)) - Jetty request log can only be enabled using Log4j
2019-09-25 12:05:29,282 [main] INFO  http.HttpServer2 (HttpServer2.java:addGlobalFilter(975)) - Added global filter 'safety' (class=org.apache.hadoop.http.HttpServer2$QuotingInputFilter)
2019-09-25 12:05:29,283 [main] INFO  http.HttpServer2 (HttpServer2.java:addFilter(948)) - Added filter static_user_filter (class=org.apache.hadoop.http.lib.StaticUserWebFilter$StaticUserFilter) to context hddsDatanode
2019-09-25 12:05:29,283 [main] INFO  http.HttpServer2 (HttpServer2.java:addFilter(958)) - Added filter static_user_filter (class=org.apache.hadoop.http.lib.StaticUserWebFilter$StaticUserFilter) to context static
2019-09-25 12:05:29,283 [main] INFO  http.HttpServer2 (HttpServer2.java:addFilter(958)) - Added filter static_user_filter (class=org.apache.hadoop.http.lib.StaticUserWebFilter$StaticUserFilter) to context logs
2019-09-25 12:05:29,284 [main] INFO  http.HttpServer2 (HttpServer2.java:bindListener(1191)) - Jetty bound to port 32981
2019-09-25 12:05:29,284 [main] INFO  server.Server (Server.java:doStart(351)) - jetty-9.3.25.v20180904, build timestamp: 2018-09-04T21:11:46Z, git hash: 3ce520221d0240229c862b122d2b06c12a625732
2019-09-25 12:05:29,285 [main] INFO  handler.ContextHandler (ContextHandler.java:doStart(781)) - Started o.e.j.s.ServletContextHandler@2bf2d6eb{/logs,file:///workdir/hadoop-ozone/integration-test/target/log,AVAILABLE}
2019-09-25 12:05:29,286 [main] INFO  handler.ContextHandler (ContextHandler.java:doStart(781)) - Started o.e.j.s.ServletContextHandler@76a9a009{/static,jar:file:/home/user/.m2/repository/org/apache/hadoop/hadoop-hdds-container-service/0.5.0-SNAPSHOT/hadoop-hdds-container-service-0.5.0-SNAPSHOT.jar!/webapps/static,AVAILABLE}
2019-09-25 12:05:29,320 [main] INFO  handler.ContextHandler (ContextHandler.java:doStart(781)) - Started o.e.j.w.WebAppContext@19cdc217{/,file:///tmp/jetty-0.0.0.0-32981-hddsDatanode-_-any-1852782252793153780.dir/webapp/,AVAILABLE}{/hddsDatanode}
2019-09-25 12:05:29,320 [main] INFO  server.AbstractConnector (AbstractConnector.java:doStart(278)) - Started ServerConnector@5f5297e3{HTTP/1.1,[http/1.1]}{0.0.0.0:32981}
2019-09-25 12:05:29,323 [main] INFO  server.Server (Server.java:doStart(419)) - Started @522967ms
2019-09-25 12:05:29,323 [main] WARN  impl.MetricsSystemImpl (MetricsSystemImpl.java:register(276)) - Sink prometheus already exists!
2019-09-25 12:05:29,323 [main] INFO  server.BaseHttpServer (BaseHttpServer.java:updateConnectorAddress(215)) - HTTP server of HDDSDATANODE is listening at http://0.0.0.0:32981
2019-09-25 12:05:29,324 [main] INFO  impl.MetricsSystemImpl (MetricsSystemImpl.java:init(158)) - HddsDatanode metrics system started (again)
2019-09-25 12:05:29,332 [org.apache.hadoop.util.JvmPauseMonitor$Monitor@781535f6] INFO  util.JvmPauseMonitor (JvmPauseMonitor.java:run(188)) - Starting JVM pause monitor
2019-09-25 12:05:29,332 [main] INFO  ozone.HddsDatanodeService (HddsDatanodeService.java:start(184)) - HddsDatanodeService host:pr-hdds-1569-shd4m-3693607622 ip:192.168.151.73
2019-09-25 12:05:29,333 [Datanode State Machine Thread - 0] INFO  datanode.InitDatanodeState (InitDatanodeState.java:persistContainerDatanodeDetails(140)) - DatanodeDetails is persisted to /workdir/hadoop-ozone/integration-test/target/test-dir/MiniOzoneClusterImpl-0814cdd2-95b4-491b-95c0-a7203a111cc5/datanode-1/meta/datanode.id
2019-09-25 12:05:29,339 [main] INFO  volume.HddsVolume (HddsVolume.java:<init>(176)) - Creating Volume: /workdir/hadoop-ozone/integration-test/target/test-dir/MiniOzoneClusterImpl-0814cdd2-95b4-491b-95c0-a7203a111cc5/datanode-2/data/containers/hdds of  storage type : DISK and capacity : 1482555576320
2019-09-25 12:05:29,339 [main] INFO  volume.VolumeSet (VolumeSet.java:initializeVolumeSet(170)) - Added Volume : /workdir/hadoop-ozone/integration-test/target/test-dir/MiniOzoneClusterImpl-0814cdd2-95b4-491b-95c0-a7203a111cc5/datanode-2/data/containers/hdds to VolumeSet
2019-09-25 12:05:29,339 [main] INFO  volume.ThrottledAsyncChecker (ThrottledAsyncChecker.java:schedule(139)) - Scheduling a check for org.apache.hadoop.ozone.container.common.volume.HddsVolume@3be3e76c
2019-09-25 12:05:29,339 [main] INFO  volume.HddsVolumeChecker (HddsVolumeChecker.java:checkAllVolumes(202)) - Scheduled health check for volume org.apache.hadoop.ozone.container.common.volume.HddsVolume@3be3e76c
2019-09-25 12:05:29,352 [main] INFO  impl.RaftServerProxy (ConfUtils.java:logGet(43)) - raft.rpc.type = GRPC (default)
2019-09-25 12:05:29,353 [main] INFO  grpc.GrpcFactory (GrpcFactory.java:checkPooledByteBufAllocatorUseCacheForAllThreads(45)) - PERFORMANCE WARNING: useCacheForAllThreads is true that may cause Netty to create a lot garbage objects and, as a result, trigger GC.
	It is recommended to disable useCacheForAllThreads by setting -Dorg.apache.ratis.thirdparty.io.netty.allocator.useCacheForAllThreads=false in command line.
2019-09-25 12:05:29,353 [main] INFO  grpc.GrpcConfigKeys$Server (ConfUtils.java:logGet(43)) - raft.grpc.server.port = 0 (default)
2019-09-25 12:05:29,353 [main] INFO  server.GrpcService (ConfUtils.java:logGet(43)) - raft.grpc.message.size.max = 33570816 (custom)
2019-09-25 12:05:29,353 [main] INFO  server.RaftServerConfigKeys (ConfUtils.java:logGet(43)) - raft.server.log.appender.buffer.byte-limit = 33554432 (custom)
2019-09-25 12:05:29,353 [main] INFO  server.GrpcService (ConfUtils.java:logGet(43)) - raft.grpc.flow.control.window = 1MB (=1048576) (default)
2019-09-25 12:05:29,354 [main] INFO  server.RaftServerConfigKeys (ConfUtils.java:logGet(43)) - raft.server.rpc.request.timeout = 3000ms (default)
2019-09-25 12:05:29,354 [main] INFO  server.RaftServerConfigKeys (ConfUtils.java:logGet(43)) - raft.server.storage.dir = [/workdir/hadoop-ozone/integration-test/target/test-dir/MiniOzoneClusterImpl-0814cdd2-95b4-491b-95c0-a7203a111cc5/datanode-2/data/ratis] (custom)
2019-09-25 12:05:29,355 [main] INFO  hdfs.DFSUtil (DFSUtil.java:httpServerTemplateForNNAndJN(1641)) - Starting Web-server for hddsDatanode at: http://0.0.0.0:0
2019-09-25 12:05:29,357 [main] INFO  server.AuthenticationFilter (AuthenticationFilter.java:constructSecretProvider(240)) - Unable to initialize FileSignerSecretProvider, falling back to use random secrets.
2019-09-25 12:05:29,357 [main] WARN  http.HttpRequestLog (HttpRequestLog.java:getRequestLog(97)) - Jetty request log can only be enabled using Log4j
2019-09-25 12:05:29,359 [main] INFO  http.HttpServer2 (HttpServer2.java:addGlobalFilter(975)) - Added global filter 'safety' (class=org.apache.hadoop.http.HttpServer2$QuotingInputFilter)
2019-09-25 12:05:29,359 [main] INFO  http.HttpServer2 (HttpServer2.java:addFilter(948)) - Added filter static_user_filter (class=org.apache.hadoop.http.lib.StaticUserWebFilter$StaticUserFilter) to context hddsDatanode
2019-09-25 12:05:29,359 [main] INFO  http.HttpServer2 (HttpServer2.java:addFilter(958)) - Added filter static_user_filter (class=org.apache.hadoop.http.lib.StaticUserWebFilter$StaticUserFilter) to context static
2019-09-25 12:05:29,360 [main] INFO  http.HttpServer2 (HttpServer2.java:addFilter(958)) - Added filter static_user_filter (class=org.apache.hadoop.http.lib.StaticUserWebFilter$StaticUserFilter) to context logs
2019-09-25 12:05:29,361 [main] INFO  http.HttpServer2 (HttpServer2.java:bindListener(1191)) - Jetty bound to port 42220
2019-09-25 12:05:29,361 [main] INFO  server.Server (Server.java:doStart(351)) - jetty-9.3.25.v20180904, build timestamp: 2018-09-04T21:11:46Z, git hash: 3ce520221d0240229c862b122d2b06c12a625732
2019-09-25 12:05:29,362 [main] INFO  handler.ContextHandler (ContextHandler.java:doStart(781)) - Started o.e.j.s.ServletContextHandler@1c1fa494{/logs,file:///workdir/hadoop-ozone/integration-test/target/log,AVAILABLE}
2019-09-25 12:05:29,363 [main] INFO  handler.ContextHandler (ContextHandler.java:doStart(781)) - Started o.e.j.s.ServletContextHandler@649b5891{/static,jar:file:/home/user/.m2/repository/org/apache/hadoop/hadoop-hdds-container-service/0.5.0-SNAPSHOT/hadoop-hdds-container-service-0.5.0-SNAPSHOT.jar!/webapps/static,AVAILABLE}
2019-09-25 12:05:29,397 [main] INFO  handler.ContextHandler (ContextHandler.java:doStart(781)) - Started o.e.j.w.WebAppContext@2616b618{/,file:///tmp/jetty-0.0.0.0-42220-hddsDatanode-_-any-1678496800274014609.dir/webapp/,AVAILABLE}{/hddsDatanode}
2019-09-25 12:05:29,397 [main] INFO  server.AbstractConnector (AbstractConnector.java:doStart(278)) - Started ServerConnector@73bb573d{HTTP/1.1,[http/1.1]}{0.0.0.0:42220}
2019-09-25 12:05:29,400 [main] INFO  server.Server (Server.java:doStart(419)) - Started @523044ms
2019-09-25 12:05:29,400 [main] WARN  impl.MetricsSystemImpl (MetricsSystemImpl.java:register(276)) - Sink prometheus already exists!
2019-09-25 12:05:29,401 [main] INFO  server.BaseHttpServer (BaseHttpServer.java:updateConnectorAddress(215)) - HTTP server of HDDSDATANODE is listening at http://0.0.0.0:42220
2019-09-25 12:05:29,401 [main] INFO  impl.MetricsSystemImpl (MetricsSystemImpl.java:init(158)) - HddsDatanode metrics system started (again)
2019-09-25 12:05:29,409 [org.apache.hadoop.util.JvmPauseMonitor$Monitor@628bf44f] INFO  util.JvmPauseMonitor (JvmPauseMonitor.java:run(188)) - Starting JVM pause monitor
2019-09-25 12:05:29,410 [main] INFO  ozone.HddsDatanodeService (HddsDatanodeService.java:start(184)) - HddsDatanodeService host:pr-hdds-1569-shd4m-3693607622 ip:192.168.151.73
2019-09-25 12:05:29,411 [Datanode State Machine Thread - 0] INFO  datanode.InitDatanodeState (InitDatanodeState.java:persistContainerDatanodeDetails(140)) - DatanodeDetails is persisted to /workdir/hadoop-ozone/integration-test/target/test-dir/MiniOzoneClusterImpl-0814cdd2-95b4-491b-95c0-a7203a111cc5/datanode-2/meta/datanode.id
2019-09-25 12:05:29,416 [main] INFO  volume.HddsVolume (HddsVolume.java:<init>(176)) - Creating Volume: /workdir/hadoop-ozone/integration-test/target/test-dir/MiniOzoneClusterImpl-0814cdd2-95b4-491b-95c0-a7203a111cc5/datanode-3/data/containers/hdds of  storage type : DISK and capacity : 1482555576320
2019-09-25 12:05:29,416 [main] INFO  volume.VolumeSet (VolumeSet.java:initializeVolumeSet(170)) - Added Volume : /workdir/hadoop-ozone/integration-test/target/test-dir/MiniOzoneClusterImpl-0814cdd2-95b4-491b-95c0-a7203a111cc5/datanode-3/data/containers/hdds to VolumeSet
2019-09-25 12:05:29,417 [main] INFO  volume.ThrottledAsyncChecker (ThrottledAsyncChecker.java:schedule(139)) - Scheduling a check for org.apache.hadoop.ozone.container.common.volume.HddsVolume@5c59a0f7
2019-09-25 12:05:29,417 [main] INFO  volume.HddsVolumeChecker (HddsVolumeChecker.java:checkAllVolumes(202)) - Scheduled health check for volume org.apache.hadoop.ozone.container.common.volume.HddsVolume@5c59a0f7
2019-09-25 12:05:29,430 [main] INFO  impl.RaftServerProxy (ConfUtils.java:logGet(43)) - raft.rpc.type = GRPC (default)
2019-09-25 12:05:29,430 [main] INFO  grpc.GrpcFactory (GrpcFactory.java:checkPooledByteBufAllocatorUseCacheForAllThreads(45)) - PERFORMANCE WARNING: useCacheForAllThreads is true that may cause Netty to create a lot garbage objects and, as a result, trigger GC.
	It is recommended to disable useCacheForAllThreads by setting -Dorg.apache.ratis.thirdparty.io.netty.allocator.useCacheForAllThreads=false in command line.
2019-09-25 12:05:29,431 [main] INFO  grpc.GrpcConfigKeys$Server (ConfUtils.java:logGet(43)) - raft.grpc.server.port = 0 (default)
2019-09-25 12:05:29,431 [main] INFO  server.GrpcService (ConfUtils.java:logGet(43)) - raft.grpc.message.size.max = 33570816 (custom)
2019-09-25 12:05:29,431 [main] INFO  server.RaftServerConfigKeys (ConfUtils.java:logGet(43)) - raft.server.log.appender.buffer.byte-limit = 33554432 (custom)
2019-09-25 12:05:29,431 [main] INFO  server.GrpcService (ConfUtils.java:logGet(43)) - raft.grpc.flow.control.window = 1MB (=1048576) (default)
2019-09-25 12:05:29,431 [main] INFO  server.RaftServerConfigKeys (ConfUtils.java:logGet(43)) - raft.server.rpc.request.timeout = 3000ms (default)
2019-09-25 12:05:29,432 [main] INFO  server.RaftServerConfigKeys (ConfUtils.java:logGet(43)) - raft.server.storage.dir = [/workdir/hadoop-ozone/integration-test/target/test-dir/MiniOzoneClusterImpl-0814cdd2-95b4-491b-95c0-a7203a111cc5/datanode-3/data/ratis] (custom)
2019-09-25 12:05:29,433 [main] INFO  hdfs.DFSUtil (DFSUtil.java:httpServerTemplateForNNAndJN(1641)) - Starting Web-server for hddsDatanode at: http://0.0.0.0:0
2019-09-25 12:05:29,434 [main] INFO  server.AuthenticationFilter (AuthenticationFilter.java:constructSecretProvider(240)) - Unable to initialize FileSignerSecretProvider, falling back to use random secrets.
2019-09-25 12:05:29,434 [main] WARN  http.HttpRequestLog (HttpRequestLog.java:getRequestLog(97)) - Jetty request log can only be enabled using Log4j
2019-09-25 12:05:29,436 [main] INFO  http.HttpServer2 (HttpServer2.java:addGlobalFilter(975)) - Added global filter 'safety' (class=org.apache.hadoop.http.HttpServer2$QuotingInputFilter)
2019-09-25 12:05:29,436 [main] INFO  http.HttpServer2 (HttpServer2.java:addFilter(948)) - Added filter static_user_filter (class=org.apache.hadoop.http.lib.StaticUserWebFilter$StaticUserFilter) to context hddsDatanode
2019-09-25 12:05:29,436 [main] INFO  http.HttpServer2 (HttpServer2.java:addFilter(958)) - Added filter static_user_filter (class=org.apache.hadoop.http.lib.StaticUserWebFilter$StaticUserFilter) to context static
2019-09-25 12:05:29,436 [main] INFO  http.HttpServer2 (HttpServer2.java:addFilter(958)) - Added filter static_user_filter (class=org.apache.hadoop.http.lib.StaticUserWebFilter$StaticUserFilter) to context logs
2019-09-25 12:05:29,437 [main] INFO  http.HttpServer2 (HttpServer2.java:bindListener(1191)) - Jetty bound to port 45471
2019-09-25 12:05:29,437 [main] INFO  server.Server (Server.java:doStart(351)) - jetty-9.3.25.v20180904, build timestamp: 2018-09-04T21:11:46Z, git hash: 3ce520221d0240229c862b122d2b06c12a625732
2019-09-25 12:05:29,438 [main] INFO  handler.ContextHandler (ContextHandler.java:doStart(781)) - Started o.e.j.s.ServletContextHandler@65593327{/logs,file:///workdir/hadoop-ozone/integration-test/target/log,AVAILABLE}
2019-09-25 12:05:29,439 [main] INFO  handler.ContextHandler (ContextHandler.java:doStart(781)) - Started o.e.j.s.ServletContextHandler@68bd8ca7{/static,jar:file:/home/user/.m2/repository/org/apache/hadoop/hadoop-hdds-container-service/0.5.0-SNAPSHOT/hadoop-hdds-container-service-0.5.0-SNAPSHOT.jar!/webapps/static,AVAILABLE}
2019-09-25 12:05:29,466 [main] INFO  handler.ContextHandler (ContextHandler.java:doStart(781)) - Started o.e.j.w.WebAppContext@165614f5{/,file:///tmp/jetty-0.0.0.0-45471-hddsDatanode-_-any-1779193780560078208.dir/webapp/,AVAILABLE}{/hddsDatanode}
2019-09-25 12:05:29,466 [main] INFO  server.AbstractConnector (AbstractConnector.java:doStart(278)) - Started ServerConnector@6e685e6c{HTTP/1.1,[http/1.1]}{0.0.0.0:45471}
2019-09-25 12:05:29,468 [main] INFO  server.Server (Server.java:doStart(419)) - Started @523112ms
2019-09-25 12:05:29,468 [main] WARN  impl.MetricsSystemImpl (MetricsSystemImpl.java:register(276)) - Sink prometheus already exists!
2019-09-25 12:05:29,468 [main] INFO  server.BaseHttpServer (BaseHttpServer.java:updateConnectorAddress(215)) - HTTP server of HDDSDATANODE is listening at http://0.0.0.0:45471
2019-09-25 12:05:29,469 [main] INFO  impl.MetricsSystemImpl (MetricsSystemImpl.java:init(158)) - HddsDatanode metrics system started (again)
2019-09-25 12:05:29,477 [org.apache.hadoop.util.JvmPauseMonitor$Monitor@1d3fbc33] INFO  util.JvmPauseMonitor (JvmPauseMonitor.java:run(188)) - Starting JVM pause monitor
2019-09-25 12:05:29,477 [main] INFO  ozone.HddsDatanodeService (HddsDatanodeService.java:start(184)) - HddsDatanodeService host:pr-hdds-1569-shd4m-3693607622 ip:192.168.151.73
2019-09-25 12:05:29,478 [Datanode State Machine Thread - 0] INFO  datanode.InitDatanodeState (InitDatanodeState.java:persistContainerDatanodeDetails(140)) - DatanodeDetails is persisted to /workdir/hadoop-ozone/integration-test/target/test-dir/MiniOzoneClusterImpl-0814cdd2-95b4-491b-95c0-a7203a111cc5/datanode-3/meta/datanode.id
2019-09-25 12:05:29,483 [main] INFO  volume.HddsVolume (HddsVolume.java:<init>(176)) - Creating Volume: /workdir/hadoop-ozone/integration-test/target/test-dir/MiniOzoneClusterImpl-0814cdd2-95b4-491b-95c0-a7203a111cc5/datanode-4/data/containers/hdds of  storage type : DISK and capacity : 1482555576320
2019-09-25 12:05:29,483 [main] INFO  volume.VolumeSet (VolumeSet.java:initializeVolumeSet(170)) - Added Volume : /workdir/hadoop-ozone/integration-test/target/test-dir/MiniOzoneClusterImpl-0814cdd2-95b4-491b-95c0-a7203a111cc5/datanode-4/data/containers/hdds to VolumeSet
2019-09-25 12:05:29,483 [main] INFO  volume.ThrottledAsyncChecker (ThrottledAsyncChecker.java:schedule(139)) - Scheduling a check for org.apache.hadoop.ozone.container.common.volume.HddsVolume@66756662
2019-09-25 12:05:29,484 [main] INFO  volume.HddsVolumeChecker (HddsVolumeChecker.java:checkAllVolumes(202)) - Scheduled health check for volume org.apache.hadoop.ozone.container.common.volume.HddsVolume@66756662
2019-09-25 12:05:29,496 [main] INFO  impl.RaftServerProxy (ConfUtils.java:logGet(43)) - raft.rpc.type = GRPC (default)
2019-09-25 12:05:29,497 [main] INFO  grpc.GrpcFactory (GrpcFactory.java:checkPooledByteBufAllocatorUseCacheForAllThreads(45)) - PERFORMANCE WARNING: useCacheForAllThreads is true that may cause Netty to create a lot garbage objects and, as a result, trigger GC.
	It is recommended to disable useCacheForAllThreads by setting -Dorg.apache.ratis.thirdparty.io.netty.allocator.useCacheForAllThreads=false in command line.
2019-09-25 12:05:29,497 [main] INFO  grpc.GrpcConfigKeys$Server (ConfUtils.java:logGet(43)) - raft.grpc.server.port = 0 (default)
2019-09-25 12:05:29,497 [main] INFO  server.GrpcService (ConfUtils.java:logGet(43)) - raft.grpc.message.size.max = 33570816 (custom)
2019-09-25 12:05:29,497 [main] INFO  server.RaftServerConfigKeys (ConfUtils.java:logGet(43)) - raft.server.log.appender.buffer.byte-limit = 33554432 (custom)
2019-09-25 12:05:29,497 [main] INFO  server.GrpcService (ConfUtils.java:logGet(43)) - raft.grpc.flow.control.window = 1MB (=1048576) (default)
2019-09-25 12:05:29,497 [main] INFO  server.RaftServerConfigKeys (ConfUtils.java:logGet(43)) - raft.server.rpc.request.timeout = 3000ms (default)
2019-09-25 12:05:29,498 [main] INFO  server.RaftServerConfigKeys (ConfUtils.java:logGet(43)) - raft.server.storage.dir = [/workdir/hadoop-ozone/integration-test/target/test-dir/MiniOzoneClusterImpl-0814cdd2-95b4-491b-95c0-a7203a111cc5/datanode-4/data/ratis] (custom)
2019-09-25 12:05:29,499 [main] INFO  hdfs.DFSUtil (DFSUtil.java:httpServerTemplateForNNAndJN(1641)) - Starting Web-server for hddsDatanode at: http://0.0.0.0:0
2019-09-25 12:05:29,500 [main] INFO  server.AuthenticationFilter (AuthenticationFilter.java:constructSecretProvider(240)) - Unable to initialize FileSignerSecretProvider, falling back to use random secrets.
2019-09-25 12:05:29,500 [main] WARN  http.HttpRequestLog (HttpRequestLog.java:getRequestLog(97)) - Jetty request log can only be enabled using Log4j
2019-09-25 12:05:29,501 [main] INFO  http.HttpServer2 (HttpServer2.java:addGlobalFilter(975)) - Added global filter 'safety' (class=org.apache.hadoop.http.HttpServer2$QuotingInputFilter)
2019-09-25 12:05:29,502 [main] INFO  http.HttpServer2 (HttpServer2.java:addFilter(948)) - Added filter static_user_filter (class=org.apache.hadoop.http.lib.StaticUserWebFilter$StaticUserFilter) to context hddsDatanode
2019-09-25 12:05:29,502 [main] INFO  http.HttpServer2 (HttpServer2.java:addFilter(958)) - Added filter static_user_filter (class=org.apache.hadoop.http.lib.StaticUserWebFilter$StaticUserFilter) to context static
2019-09-25 12:05:29,502 [main] INFO  http.HttpServer2 (HttpServer2.java:addFilter(958)) - Added filter static_user_filter (class=org.apache.hadoop.http.lib.StaticUserWebFilter$StaticUserFilter) to context logs
2019-09-25 12:05:29,503 [main] INFO  http.HttpServer2 (HttpServer2.java:bindListener(1191)) - Jetty bound to port 39789
2019-09-25 12:05:29,503 [main] INFO  server.Server (Server.java:doStart(351)) - jetty-9.3.25.v20180904, build timestamp: 2018-09-04T21:11:46Z, git hash: 3ce520221d0240229c862b122d2b06c12a625732
2019-09-25 12:05:29,504 [main] INFO  handler.ContextHandler (ContextHandler.java:doStart(781)) - Started o.e.j.s.ServletContextHandler@45d4421d{/logs,file:///workdir/hadoop-ozone/integration-test/target/log,AVAILABLE}
2019-09-25 12:05:29,505 [main] INFO  handler.ContextHandler (ContextHandler.java:doStart(781)) - Started o.e.j.s.ServletContextHandler@1537c744{/static,jar:file:/home/user/.m2/repository/org/apache/hadoop/hadoop-hdds-container-service/0.5.0-SNAPSHOT/hadoop-hdds-container-service-0.5.0-SNAPSHOT.jar!/webapps/static,AVAILABLE}
2019-09-25 12:05:29,531 [main] INFO  handler.ContextHandler (ContextHandler.java:doStart(781)) - Started o.e.j.w.WebAppContext@133aacbe{/,file:///tmp/jetty-0.0.0.0-39789-hddsDatanode-_-any-5613848092060496922.dir/webapp/,AVAILABLE}{/hddsDatanode}
2019-09-25 12:05:29,532 [main] INFO  server.AbstractConnector (AbstractConnector.java:doStart(278)) - Started ServerConnector@2aa5bd48{HTTP/1.1,[http/1.1]}{0.0.0.0:39789}
2019-09-25 12:05:29,532 [main] INFO  server.Server (Server.java:doStart(419)) - Started @523176ms
2019-09-25 12:05:29,534 [main] WARN  impl.MetricsSystemImpl (MetricsSystemImpl.java:register(276)) - Sink prometheus already exists!
2019-09-25 12:05:29,535 [main] INFO  server.BaseHttpServer (BaseHttpServer.java:updateConnectorAddress(215)) - HTTP server of HDDSDATANODE is listening at http://0.0.0.0:39789
2019-09-25 12:05:29,535 [main] INFO  impl.MetricsSystemImpl (MetricsSystemImpl.java:init(158)) - HddsDatanode metrics system started (again)
2019-09-25 12:05:29,544 [org.apache.hadoop.util.JvmPauseMonitor$Monitor@3688034f] INFO  util.JvmPauseMonitor (JvmPauseMonitor.java:run(188)) - Starting JVM pause monitor
2019-09-25 12:05:29,545 [main] INFO  ozone.HddsDatanodeService (HddsDatanodeService.java:start(184)) - HddsDatanodeService host:pr-hdds-1569-shd4m-3693607622 ip:192.168.151.73
2019-09-25 12:05:29,545 [Datanode State Machine Thread - 0] INFO  datanode.InitDatanodeState (InitDatanodeState.java:persistContainerDatanodeDetails(140)) - DatanodeDetails is persisted to /workdir/hadoop-ozone/integration-test/target/test-dir/MiniOzoneClusterImpl-0814cdd2-95b4-491b-95c0-a7203a111cc5/datanode-4/meta/datanode.id
2019-09-25 12:05:29,552 [main] INFO  volume.HddsVolume (HddsVolume.java:<init>(176)) - Creating Volume: /workdir/hadoop-ozone/integration-test/target/test-dir/MiniOzoneClusterImpl-0814cdd2-95b4-491b-95c0-a7203a111cc5/datanode-5/data/containers/hdds of  storage type : DISK and capacity : 1482555576320
2019-09-25 12:05:29,552 [main] INFO  volume.VolumeSet (VolumeSet.java:initializeVolumeSet(170)) - Added Volume : /workdir/hadoop-ozone/integration-test/target/test-dir/MiniOzoneClusterImpl-0814cdd2-95b4-491b-95c0-a7203a111cc5/datanode-5/data/containers/hdds to VolumeSet
2019-09-25 12:05:29,552 [main] INFO  volume.ThrottledAsyncChecker (ThrottledAsyncChecker.java:schedule(139)) - Scheduling a check for org.apache.hadoop.ozone.container.common.volume.HddsVolume@6aff97d6
2019-09-25 12:05:29,553 [main] INFO  volume.HddsVolumeChecker (HddsVolumeChecker.java:checkAllVolumes(202)) - Scheduled health check for volume org.apache.hadoop.ozone.container.common.volume.HddsVolume@6aff97d6
2019-09-25 12:05:29,566 [main] INFO  impl.RaftServerProxy (ConfUtils.java:logGet(43)) - raft.rpc.type = GRPC (default)
2019-09-25 12:05:29,566 [main] INFO  grpc.GrpcFactory (GrpcFactory.java:checkPooledByteBufAllocatorUseCacheForAllThreads(45)) - PERFORMANCE WARNING: useCacheForAllThreads is true that may cause Netty to create a lot garbage objects and, as a result, trigger GC.
	It is recommended to disable useCacheForAllThreads by setting -Dorg.apache.ratis.thirdparty.io.netty.allocator.useCacheForAllThreads=false in command line.
2019-09-25 12:05:29,567 [main] INFO  grpc.GrpcConfigKeys$Server (ConfUtils.java:logGet(43)) - raft.grpc.server.port = 0 (default)
2019-09-25 12:05:29,567 [main] INFO  server.GrpcService (ConfUtils.java:logGet(43)) - raft.grpc.message.size.max = 33570816 (custom)
2019-09-25 12:05:29,567 [main] INFO  server.RaftServerConfigKeys (ConfUtils.java:logGet(43)) - raft.server.log.appender.buffer.byte-limit = 33554432 (custom)
2019-09-25 12:05:29,567 [main] INFO  server.GrpcService (ConfUtils.java:logGet(43)) - raft.grpc.flow.control.window = 1MB (=1048576) (default)
2019-09-25 12:05:29,567 [main] INFO  server.RaftServerConfigKeys (ConfUtils.java:logGet(43)) - raft.server.rpc.request.timeout = 3000ms (default)
2019-09-25 12:05:29,568 [main] INFO  server.RaftServerConfigKeys (ConfUtils.java:logGet(43)) - raft.server.storage.dir = [/workdir/hadoop-ozone/integration-test/target/test-dir/MiniOzoneClusterImpl-0814cdd2-95b4-491b-95c0-a7203a111cc5/datanode-5/data/ratis] (custom)
2019-09-25 12:05:29,569 [main] INFO  hdfs.DFSUtil (DFSUtil.java:httpServerTemplateForNNAndJN(1641)) - Starting Web-server for hddsDatanode at: http://0.0.0.0:0
2019-09-25 12:05:29,570 [main] INFO  server.AuthenticationFilter (AuthenticationFilter.java:constructSecretProvider(240)) - Unable to initialize FileSignerSecretProvider, falling back to use random secrets.
2019-09-25 12:05:29,570 [main] WARN  http.HttpRequestLog (HttpRequestLog.java:getRequestLog(97)) - Jetty request log can only be enabled using Log4j
2019-09-25 12:05:29,571 [main] INFO  http.HttpServer2 (HttpServer2.java:addGlobalFilter(975)) - Added global filter 'safety' (class=org.apache.hadoop.http.HttpServer2$QuotingInputFilter)
2019-09-25 12:05:29,572 [main] INFO  http.HttpServer2 (HttpServer2.java:addFilter(948)) - Added filter static_user_filter (class=org.apache.hadoop.http.lib.StaticUserWebFilter$StaticUserFilter) to context hddsDatanode
2019-09-25 12:05:29,572 [main] INFO  http.HttpServer2 (HttpServer2.java:addFilter(958)) - Added filter static_user_filter (class=org.apache.hadoop.http.lib.StaticUserWebFilter$StaticUserFilter) to context logs
2019-09-25 12:05:29,572 [main] INFO  http.HttpServer2 (HttpServer2.java:addFilter(958)) - Added filter static_user_filter (class=org.apache.hadoop.http.lib.StaticUserWebFilter$StaticUserFilter) to context static
2019-09-25 12:05:29,572 [main] INFO  http.HttpServer2 (HttpServer2.java:bindListener(1191)) - Jetty bound to port 44554
2019-09-25 12:05:29,573 [main] INFO  server.Server (Server.java:doStart(351)) - jetty-9.3.25.v20180904, build timestamp: 2018-09-04T21:11:46Z, git hash: 3ce520221d0240229c862b122d2b06c12a625732
2019-09-25 12:05:29,574 [main] INFO  handler.ContextHandler (ContextHandler.java:doStart(781)) - Started o.e.j.s.ServletContextHandler@1e92c3b6{/logs,file:///workdir/hadoop-ozone/integration-test/target/log,AVAILABLE}
2019-09-25 12:05:29,574 [main] INFO  handler.ContextHandler (ContextHandler.java:doStart(781)) - Started o.e.j.s.ServletContextHandler@207dd1b7{/static,jar:file:/home/user/.m2/repository/org/apache/hadoop/hadoop-hdds-container-service/0.5.0-SNAPSHOT/hadoop-hdds-container-service-0.5.0-SNAPSHOT.jar!/webapps/static,AVAILABLE}
2019-09-25 12:05:29,601 [main] INFO  handler.ContextHandler (ContextHandler.java:doStart(781)) - Started o.e.j.w.WebAppContext@59918c8f{/,file:///tmp/jetty-0.0.0.0-44554-hddsDatanode-_-any-872439071573624858.dir/webapp/,AVAILABLE}{/hddsDatanode}
2019-09-25 12:05:29,601 [main] INFO  server.AbstractConnector (AbstractConnector.java:doStart(278)) - Started ServerConnector@2b7facc7{HTTP/1.1,[http/1.1]}{0.0.0.0:44554}
2019-09-25 12:05:29,604 [main] INFO  server.Server (Server.java:doStart(419)) - Started @523248ms
2019-09-25 12:05:29,604 [main] WARN  impl.MetricsSystemImpl (MetricsSystemImpl.java:register(276)) - Sink prometheus already exists!
2019-09-25 12:05:29,605 [main] INFO  server.BaseHttpServer (BaseHttpServer.java:updateConnectorAddress(215)) - HTTP server of HDDSDATANODE is listening at http://0.0.0.0:44554
2019-09-25 12:05:29,605 [main] INFO  impl.MetricsSystemImpl (MetricsSystemImpl.java:init(158)) - HddsDatanode metrics system started (again)
2019-09-25 12:05:29,614 [org.apache.hadoop.util.JvmPauseMonitor$Monitor@ecd083d] INFO  util.JvmPauseMonitor (JvmPauseMonitor.java:run(188)) - Starting JVM pause monitor
2019-09-25 12:05:29,615 [main] INFO  ozone.HddsDatanodeService (HddsDatanodeService.java:start(184)) - HddsDatanodeService host:pr-hdds-1569-shd4m-3693607622 ip:192.168.151.73
2019-09-25 12:05:29,615 [Datanode State Machine Thread - 0] INFO  datanode.InitDatanodeState (InitDatanodeState.java:persistContainerDatanodeDetails(140)) - DatanodeDetails is persisted to /workdir/hadoop-ozone/integration-test/target/test-dir/MiniOzoneClusterImpl-0814cdd2-95b4-491b-95c0-a7203a111cc5/datanode-5/meta/datanode.id
2019-09-25 12:05:29,622 [main] INFO  volume.HddsVolume (HddsVolume.java:<init>(176)) - Creating Volume: /workdir/hadoop-ozone/integration-test/target/test-dir/MiniOzoneClusterImpl-0814cdd2-95b4-491b-95c0-a7203a111cc5/datanode-6/data/containers/hdds of  storage type : DISK and capacity : 1482555576320
2019-09-25 12:05:29,622 [main] INFO  volume.VolumeSet (VolumeSet.java:initializeVolumeSet(170)) - Added Volume : /workdir/hadoop-ozone/integration-test/target/test-dir/MiniOzoneClusterImpl-0814cdd2-95b4-491b-95c0-a7203a111cc5/datanode-6/data/containers/hdds to VolumeSet
2019-09-25 12:05:29,622 [main] INFO  volume.ThrottledAsyncChecker (ThrottledAsyncChecker.java:schedule(139)) - Scheduling a check for org.apache.hadoop.ozone.container.common.volume.HddsVolume@401e02b4
2019-09-25 12:05:29,623 [main] INFO  volume.HddsVolumeChecker (HddsVolumeChecker.java:checkAllVolumes(202)) - Scheduled health check for volume org.apache.hadoop.ozone.container.common.volume.HddsVolume@401e02b4
2019-09-25 12:05:29,638 [main] INFO  impl.RaftServerProxy (ConfUtils.java:logGet(43)) - raft.rpc.type = GRPC (default)
2019-09-25 12:05:29,638 [main] INFO  grpc.GrpcFactory (GrpcFactory.java:checkPooledByteBufAllocatorUseCacheForAllThreads(45)) - PERFORMANCE WARNING: useCacheForAllThreads is true that may cause Netty to create a lot garbage objects and, as a result, trigger GC.
	It is recommended to disable useCacheForAllThreads by setting -Dorg.apache.ratis.thirdparty.io.netty.allocator.useCacheForAllThreads=false in command line.
2019-09-25 12:05:29,639 [main] INFO  grpc.GrpcConfigKeys$Server (ConfUtils.java:logGet(43)) - raft.grpc.server.port = 0 (default)
2019-09-25 12:05:29,639 [main] INFO  server.GrpcService (ConfUtils.java:logGet(43)) - raft.grpc.message.size.max = 33570816 (custom)
2019-09-25 12:05:29,639 [main] INFO  server.RaftServerConfigKeys (ConfUtils.java:logGet(43)) - raft.server.log.appender.buffer.byte-limit = 33554432 (custom)
2019-09-25 12:05:29,639 [main] INFO  server.GrpcService (ConfUtils.java:logGet(43)) - raft.grpc.flow.control.window = 1MB (=1048576) (default)
2019-09-25 12:05:29,639 [main] INFO  server.RaftServerConfigKeys (ConfUtils.java:logGet(43)) - raft.server.rpc.request.timeout = 3000ms (default)
2019-09-25 12:05:29,640 [main] INFO  server.RaftServerConfigKeys (ConfUtils.java:logGet(43)) - raft.server.storage.dir = [/workdir/hadoop-ozone/integration-test/target/test-dir/MiniOzoneClusterImpl-0814cdd2-95b4-491b-95c0-a7203a111cc5/datanode-6/data/ratis] (custom)
2019-09-25 12:05:29,641 [main] INFO  hdfs.DFSUtil (DFSUtil.java:httpServerTemplateForNNAndJN(1641)) - Starting Web-server for hddsDatanode at: http://0.0.0.0:0
2019-09-25 12:05:29,642 [main] INFO  server.AuthenticationFilter (AuthenticationFilter.java:constructSecretProvider(240)) - Unable to initialize FileSignerSecretProvider, falling back to use random secrets.
2019-09-25 12:05:29,642 [main] WARN  http.HttpRequestLog (HttpRequestLog.java:getRequestLog(97)) - Jetty request log can only be enabled using Log4j
2019-09-25 12:05:29,643 [main] INFO  http.HttpServer2 (HttpServer2.java:addGlobalFilter(975)) - Added global filter 'safety' (class=org.apache.hadoop.http.HttpServer2$QuotingInputFilter)
2019-09-25 12:05:29,644 [main] INFO  http.HttpServer2 (HttpServer2.java:addFilter(948)) - Added filter static_user_filter (class=org.apache.hadoop.http.lib.StaticUserWebFilter$StaticUserFilter) to context hddsDatanode
2019-09-25 12:05:29,644 [main] INFO  http.HttpServer2 (HttpServer2.java:addFilter(958)) - Added filter static_user_filter (class=org.apache.hadoop.http.lib.StaticUserWebFilter$StaticUserFilter) to context logs
2019-09-25 12:05:29,644 [main] INFO  http.HttpServer2 (HttpServer2.java:addFilter(958)) - Added filter static_user_filter (class=org.apache.hadoop.http.lib.StaticUserWebFilter$StaticUserFilter) to context static
2019-09-25 12:05:29,645 [main] INFO  http.HttpServer2 (HttpServer2.java:bindListener(1191)) - Jetty bound to port 33392
2019-09-25 12:05:29,645 [main] INFO  server.Server (Server.java:doStart(351)) - jetty-9.3.25.v20180904, build timestamp: 2018-09-04T21:11:46Z, git hash: 3ce520221d0240229c862b122d2b06c12a625732
2019-09-25 12:05:29,646 [main] INFO  handler.ContextHandler (ContextHandler.java:doStart(781)) - Started o.e.j.s.ServletContextHandler@7c0df4ab{/logs,file:///workdir/hadoop-ozone/integration-test/target/log,AVAILABLE}
2019-09-25 12:05:29,646 [main] INFO  handler.ContextHandler (ContextHandler.java:doStart(781)) - Started o.e.j.s.ServletContextHandler@388be5fd{/static,jar:file:/home/user/.m2/repository/org/apache/hadoop/hadoop-hdds-container-service/0.5.0-SNAPSHOT/hadoop-hdds-container-service-0.5.0-SNAPSHOT.jar!/webapps/static,AVAILABLE}
2019-09-25 12:05:29,673 [main] INFO  handler.ContextHandler (ContextHandler.java:doStart(781)) - Started o.e.j.w.WebAppContext@4662752a{/,file:///tmp/jetty-0.0.0.0-33392-hddsDatanode-_-any-7159778292859316344.dir/webapp/,AVAILABLE}{/hddsDatanode}
2019-09-25 12:05:29,673 [main] INFO  server.AbstractConnector (AbstractConnector.java:doStart(278)) - Started ServerConnector@693f2213{HTTP/1.1,[http/1.1]}{0.0.0.0:33392}
2019-09-25 12:05:29,681 [main] INFO  server.Server (Server.java:doStart(419)) - Started @523326ms
2019-09-25 12:05:29,681 [main] WARN  impl.MetricsSystemImpl (MetricsSystemImpl.java:register(276)) - Sink prometheus already exists!
2019-09-25 12:05:29,682 [main] INFO  server.BaseHttpServer (BaseHttpServer.java:updateConnectorAddress(215)) - HTTP server of HDDSDATANODE is listening at http://0.0.0.0:33392
2019-09-25 12:05:29,682 [main] INFO  ozone.MiniOzoneClusterImpl (MiniOzoneClusterImpl.java:lambda$waitForClusterToBeReady$0(147)) - Waiting for cluster to be ready. Got 0 of 7 DN Heartbeats.
2019-09-25 12:05:29,683 [org.apache.hadoop.util.JvmPauseMonitor$Monitor@5d39117c] INFO  util.JvmPauseMonitor (JvmPauseMonitor.java:run(188)) - Starting JVM pause monitor
2019-09-25 12:05:29,684 [Datanode State Machine Thread - 0] INFO  datanode.InitDatanodeState (InitDatanodeState.java:persistContainerDatanodeDetails(140)) - DatanodeDetails is persisted to /workdir/hadoop-ozone/integration-test/target/test-dir/MiniOzoneClusterImpl-0814cdd2-95b4-491b-95c0-a7203a111cc5/datanode-6/meta/datanode.id
2019-09-25 12:05:30,682 [main] INFO  ozone.MiniOzoneClusterImpl (MiniOzoneClusterImpl.java:lambda$waitForClusterToBeReady$0(147)) - Waiting for cluster to be ready. Got 0 of 7 DN Heartbeats.
2019-09-25 12:05:31,294 [Datanode State Machine Thread - 0] INFO  ozoneimpl.OzoneContainer (OzoneContainer.java:start(217)) - Attempting to start container services.
2019-09-25 12:05:31,296 [Datanode State Machine Thread - 0] INFO  ozoneimpl.OzoneContainer (OzoneContainer.java:startContainerScrub(179)) - Background container scanner has been disabled.
2019-09-25 12:05:31,297 [Datanode State Machine Thread - 0] INFO  ratis.XceiverServerRatis (XceiverServerRatis.java:start(411)) - Starting XceiverServerRatis 4a53ed6f-dce3-4b1f-9e89-8e0e17f074cc at port 0
2019-09-25 12:05:31,304 [Datanode State Machine Thread - 0] INFO  impl.RaftServerProxy (RaftServerProxy.java:lambda$start$3(299)) - 4a53ed6f-dce3-4b1f-9e89-8e0e17f074cc: start RPC server
2019-09-25 12:05:31,308 [Datanode State Machine Thread - 0] INFO  server.GrpcService (GrpcService.java:startImpl(158)) - 4a53ed6f-dce3-4b1f-9e89-8e0e17f074cc: GrpcService started, listening on 0.0.0.0/0.0.0.0:34104
2019-09-25 12:05:31,308 [Datanode State Machine Thread - 0] INFO  ratis.XceiverServerRatis (XceiverServerRatis.java:start(421)) - XceiverServerRatis 4a53ed6f-dce3-4b1f-9e89-8e0e17f074cc is started using port 34104
2019-09-25 12:05:31,309 [Datanode State Machine Thread - 0] INFO  server.XceiverServerGrpc (XceiverServerGrpc.java:start(149)) - XceiverServerGrpc 4a53ed6f-dce3-4b1f-9e89-8e0e17f074cc is started using port 33819
2019-09-25 12:05:31,360 [Datanode State Machine Thread - 0] INFO  ozoneimpl.OzoneContainer (OzoneContainer.java:start(217)) - Attempting to start container services.
2019-09-25 12:05:31,360 [Datanode State Machine Thread - 0] INFO  ozoneimpl.OzoneContainer (OzoneContainer.java:startContainerScrub(179)) - Background container scanner has been disabled.
2019-09-25 12:05:31,360 [Datanode State Machine Thread - 0] INFO  ratis.XceiverServerRatis (XceiverServerRatis.java:start(411)) - Starting XceiverServerRatis dd53ae84-fcc6-4953-b3df-628fab38f53c at port 0
2019-09-25 12:05:31,366 [Datanode State Machine Thread - 0] INFO  impl.RaftServerProxy (RaftServerProxy.java:lambda$start$3(299)) - dd53ae84-fcc6-4953-b3df-628fab38f53c: start RPC server
2019-09-25 12:05:31,367 [Datanode State Machine Thread - 0] INFO  server.GrpcService (GrpcService.java:startImpl(158)) - dd53ae84-fcc6-4953-b3df-628fab38f53c: GrpcService started, listening on 0.0.0.0/0.0.0.0:42918
2019-09-25 12:05:31,367 [Datanode State Machine Thread - 0] INFO  ratis.XceiverServerRatis (XceiverServerRatis.java:start(421)) - XceiverServerRatis dd53ae84-fcc6-4953-b3df-628fab38f53c is started using port 42918
2019-09-25 12:05:31,370 [Datanode State Machine Thread - 0] INFO  server.XceiverServerGrpc (XceiverServerGrpc.java:start(149)) - XceiverServerGrpc dd53ae84-fcc6-4953-b3df-628fab38f53c is started using port 45838
2019-09-25 12:05:31,434 [Datanode State Machine Thread - 0] INFO  ozoneimpl.OzoneContainer (OzoneContainer.java:start(217)) - Attempting to start container services.
2019-09-25 12:05:31,434 [Datanode State Machine Thread - 0] INFO  ozoneimpl.OzoneContainer (OzoneContainer.java:startContainerScrub(179)) - Background container scanner has been disabled.
2019-09-25 12:05:31,434 [Datanode State Machine Thread - 0] INFO  ratis.XceiverServerRatis (XceiverServerRatis.java:start(411)) - Starting XceiverServerRatis 1b5f48e1-875d-49d5-a3ca-2607cd8d3943 at port 0
2019-09-25 12:05:31,441 [Datanode State Machine Thread - 0] INFO  impl.RaftServerProxy (RaftServerProxy.java:lambda$start$3(299)) - 1b5f48e1-875d-49d5-a3ca-2607cd8d3943: start RPC server
2019-09-25 12:05:31,441 [Datanode State Machine Thread - 0] INFO  server.GrpcService (GrpcService.java:startImpl(158)) - 1b5f48e1-875d-49d5-a3ca-2607cd8d3943: GrpcService started, listening on 0.0.0.0/0.0.0.0:34544
2019-09-25 12:05:31,442 [Datanode State Machine Thread - 0] INFO  ratis.XceiverServerRatis (XceiverServerRatis.java:start(421)) - XceiverServerRatis 1b5f48e1-875d-49d5-a3ca-2607cd8d3943 is started using port 34544
2019-09-25 12:05:31,442 [Datanode State Machine Thread - 0] INFO  server.XceiverServerGrpc (XceiverServerGrpc.java:start(149)) - XceiverServerGrpc 1b5f48e1-875d-49d5-a3ca-2607cd8d3943 is started using port 38022
2019-09-25 12:05:31,498 [Datanode State Machine Thread - 0] INFO  ozoneimpl.OzoneContainer (OzoneContainer.java:start(217)) - Attempting to start container services.
2019-09-25 12:05:31,498 [Datanode State Machine Thread - 0] INFO  ozoneimpl.OzoneContainer (OzoneContainer.java:startContainerScrub(179)) - Background container scanner has been disabled.
2019-09-25 12:05:31,498 [Datanode State Machine Thread - 0] INFO  ratis.XceiverServerRatis (XceiverServerRatis.java:start(411)) - Starting XceiverServerRatis 29c22799-2be0-4ff1-960a-e2f5fb4c56d9 at port 0
2019-09-25 12:05:31,504 [Datanode State Machine Thread - 0] INFO  impl.RaftServerProxy (RaftServerProxy.java:lambda$start$3(299)) - 29c22799-2be0-4ff1-960a-e2f5fb4c56d9: start RPC server
2019-09-25 12:05:31,507 [Datanode State Machine Thread - 0] INFO  server.GrpcService (GrpcService.java:startImpl(158)) - 29c22799-2be0-4ff1-960a-e2f5fb4c56d9: GrpcService started, listening on 0.0.0.0/0.0.0.0:46053
2019-09-25 12:05:31,507 [Datanode State Machine Thread - 0] INFO  ratis.XceiverServerRatis (XceiverServerRatis.java:start(421)) - XceiverServerRatis 29c22799-2be0-4ff1-960a-e2f5fb4c56d9 is started using port 46053
2019-09-25 12:05:31,508 [Datanode State Machine Thread - 0] INFO  server.XceiverServerGrpc (XceiverServerGrpc.java:start(149)) - XceiverServerGrpc 29c22799-2be0-4ff1-960a-e2f5fb4c56d9 is started using port 38340
2019-09-25 12:05:31,558 [Datanode State Machine Thread - 0] INFO  ozoneimpl.OzoneContainer (OzoneContainer.java:start(217)) - Attempting to start container services.
2019-09-25 12:05:31,558 [Datanode State Machine Thread - 0] INFO  ozoneimpl.OzoneContainer (OzoneContainer.java:startContainerScrub(179)) - Background container scanner has been disabled.
2019-09-25 12:05:31,558 [Datanode State Machine Thread - 0] INFO  ratis.XceiverServerRatis (XceiverServerRatis.java:start(411)) - Starting XceiverServerRatis aa2320bf-b2b0-4764-9bc5-2df8b93b85ea at port 0
2019-09-25 12:05:31,565 [Datanode State Machine Thread - 0] INFO  impl.RaftServerProxy (RaftServerProxy.java:lambda$start$3(299)) - aa2320bf-b2b0-4764-9bc5-2df8b93b85ea: start RPC server
2019-09-25 12:05:31,580 [Datanode State Machine Thread - 0] INFO  server.GrpcService (GrpcService.java:startImpl(158)) - aa2320bf-b2b0-4764-9bc5-2df8b93b85ea: GrpcService started, listening on 0.0.0.0/0.0.0.0:39809
2019-09-25 12:05:31,580 [Datanode State Machine Thread - 0] INFO  ratis.XceiverServerRatis (XceiverServerRatis.java:start(421)) - XceiverServerRatis aa2320bf-b2b0-4764-9bc5-2df8b93b85ea is started using port 39809
2019-09-25 12:05:31,581 [Datanode State Machine Thread - 0] INFO  server.XceiverServerGrpc (XceiverServerGrpc.java:start(149)) - XceiverServerGrpc aa2320bf-b2b0-4764-9bc5-2df8b93b85ea is started using port 45250
2019-09-25 12:05:31,624 [Datanode State Machine Thread - 0] INFO  ozoneimpl.OzoneContainer (OzoneContainer.java:start(217)) - Attempting to start container services.
2019-09-25 12:05:31,624 [Datanode State Machine Thread - 0] INFO  ozoneimpl.OzoneContainer (OzoneContainer.java:startContainerScrub(179)) - Background container scanner has been disabled.
2019-09-25 12:05:31,624 [Datanode State Machine Thread - 0] INFO  ratis.XceiverServerRatis (XceiverServerRatis.java:start(411)) - Starting XceiverServerRatis e20b9d38-a0cd-4cc2-b07d-99b310028cde at port 0
2019-09-25 12:05:31,630 [Datanode State Machine Thread - 0] INFO  impl.RaftServerProxy (RaftServerProxy.java:lambda$start$3(299)) - e20b9d38-a0cd-4cc2-b07d-99b310028cde: start RPC server
2019-09-25 12:05:31,634 [Datanode State Machine Thread - 0] INFO  server.GrpcService (GrpcService.java:startImpl(158)) - e20b9d38-a0cd-4cc2-b07d-99b310028cde: GrpcService started, listening on 0.0.0.0/0.0.0.0:45208
2019-09-25 12:05:31,634 [Datanode State Machine Thread - 0] INFO  ratis.XceiverServerRatis (XceiverServerRatis.java:start(421)) - XceiverServerRatis e20b9d38-a0cd-4cc2-b07d-99b310028cde is started using port 45208
2019-09-25 12:05:31,638 [Datanode State Machine Thread - 0] INFO  server.XceiverServerGrpc (XceiverServerGrpc.java:start(149)) - XceiverServerGrpc e20b9d38-a0cd-4cc2-b07d-99b310028cde is started using port 33524
2019-09-25 12:05:31,683 [main] INFO  ozone.MiniOzoneClusterImpl (MiniOzoneClusterImpl.java:lambda$waitForClusterToBeReady$0(147)) - Waiting for cluster to be ready. Got 0 of 7 DN Heartbeats.
2019-09-25 12:05:31,686 [Datanode State Machine Thread - 0] INFO  ozoneimpl.OzoneContainer (OzoneContainer.java:start(217)) - Attempting to start container services.
2019-09-25 12:05:31,686 [Datanode State Machine Thread - 0] INFO  ozoneimpl.OzoneContainer (OzoneContainer.java:startContainerScrub(179)) - Background container scanner has been disabled.
2019-09-25 12:05:31,686 [Datanode State Machine Thread - 0] INFO  ratis.XceiverServerRatis (XceiverServerRatis.java:start(411)) - Starting XceiverServerRatis efa15652-5c5a-4832-a509-1d419d802ac5 at port 0
2019-09-25 12:05:31,694 [Datanode State Machine Thread - 0] INFO  impl.RaftServerProxy (RaftServerProxy.java:lambda$start$3(299)) - efa15652-5c5a-4832-a509-1d419d802ac5: start RPC server
2019-09-25 12:05:31,697 [Datanode State Machine Thread - 0] INFO  server.GrpcService (GrpcService.java:startImpl(158)) - efa15652-5c5a-4832-a509-1d419d802ac5: GrpcService started, listening on 0.0.0.0/0.0.0.0:43628
2019-09-25 12:05:31,697 [Datanode State Machine Thread - 0] INFO  ratis.XceiverServerRatis (XceiverServerRatis.java:start(421)) - XceiverServerRatis efa15652-5c5a-4832-a509-1d419d802ac5 is started using port 43628
2019-09-25 12:05:31,701 [Datanode State Machine Thread - 0] INFO  server.XceiverServerGrpc (XceiverServerGrpc.java:start(149)) - XceiverServerGrpc efa15652-5c5a-4832-a509-1d419d802ac5 is started using port 42012
2019-09-25 12:05:32,683 [main] INFO  ozone.MiniOzoneClusterImpl (MiniOzoneClusterImpl.java:lambda$waitForClusterToBeReady$0(147)) - Waiting for cluster to be ready. Got 0 of 7 DN Heartbeats.
2019-09-25 12:05:33,263 [IPC Server handler 3 on 33125] INFO  net.NetworkTopology (NetworkTopologyImpl.java:add(111)) - Added a new node: /default-rack/4a53ed6f-dce3-4b1f-9e89-8e0e17f074cc
2019-09-25 12:05:33,267 [IPC Server handler 3 on 33125] INFO  node.SCMNodeManager (SCMNodeManager.java:register(266)) - Registered Data node : 4a53ed6f-dce3-4b1f-9e89-8e0e17f074cc{ip: 192.168.151.73, host: pr-hdds-1569-shd4m-3693607622, networkLocation: /default-rack, certSerialId: null}
2019-09-25 12:05:33,268 [EventQueue-NodeRegistrationContainerReportForDataNodeSafeModeRule] INFO  safemode.SCMSafeModeManager (DataNodeSafeModeRule.java:process(71)) - SCM in safe mode. 1 DataNodes registered, 1 required.
2019-09-25 12:05:33,272 [EventQueue-NodeRegistrationContainerReportForDataNodeSafeModeRule] INFO  safemode.SCMSafeModeManager (SCMSafeModeManager.java:validateSafeModeExitRules(177)) - ScmSafeModeManager, all rules are successfully validated
2019-09-25 12:05:33,272 [EventQueue-NodeRegistrationContainerReportForDataNodeSafeModeRule] INFO  safemode.SCMSafeModeManager (SCMSafeModeManager.java:exitSafeMode(193)) - SCM exiting safe mode.
2019-09-25 12:05:33,289 [grpc-default-executor-2] INFO  impl.RaftServerProxy (RaftServerProxy.java:addNew(89)) - 4a53ed6f-dce3-4b1f-9e89-8e0e17f074cc: addNew group-674BBE556ADE:[4a53ed6f-dce3-4b1f-9e89-8e0e17f074cc:192.168.151.73:34104] returns group-674BBE556ADE:java.util.concurrent.CompletableFuture@789b177[Not completed]
2019-09-25 12:05:33,293 [pool-409-thread-1] INFO  impl.RaftServerImpl (RaftServerImpl.java:<init>(95)) - 4a53ed6f-dce3-4b1f-9e89-8e0e17f074cc: new RaftServerImpl for group-674BBE556ADE:[4a53ed6f-dce3-4b1f-9e89-8e0e17f074cc:192.168.151.73:34104] with ContainerStateMachine:uninitialized
2019-09-25 12:05:33,293 [pool-409-thread-1] INFO  server.RaftServerConfigKeys (ConfUtils.java:logGet(43)) - raft.server.rpc.timeout.min = 5s (custom)
2019-09-25 12:05:33,294 [pool-409-thread-1] INFO  server.RaftServerConfigKeys (ConfUtils.java:logGet(43)) - raft.server.rpc.timeout.max = 5200ms (custom)
2019-09-25 12:05:33,294 [pool-409-thread-1] INFO  server.RaftServerConfigKeys (ConfUtils.java:logGet(43)) - raft.server.rpcslowness.timeout = 120s (custom)
2019-09-25 12:05:33,294 [pool-409-thread-1] INFO  server.RaftServerConfigKeys (ConfUtils.java:logGet(43)) - raft.server.sleep.deviation.threshold = 300 (default)
2019-09-25 12:05:33,294 [pool-409-thread-1] INFO  server.RaftServerConfigKeys (ConfUtils.java:logGet(43)) - raft.server.log.appender.install.snapshot.enabled = false (custom)
2019-09-25 12:05:33,295 [pool-409-thread-1] INFO  impl.RaftServerImpl (ServerState.java:<init>(103)) - 4a53ed6f-dce3-4b1f-9e89-8e0e17f074cc@group-674BBE556ADE: ConfigurationManager, init=-1: [4a53ed6f-dce3-4b1f-9e89-8e0e17f074cc:192.168.151.73:34104], old=null, confs=<EMPTY_MAP>
2019-09-25 12:05:33,295 [pool-409-thread-1] INFO  server.RaftServerConfigKeys (ConfUtils.java:logGet(43)) - raft.server.storage.dir = [/workdir/hadoop-ozone/integration-test/target/test-dir/MiniOzoneClusterImpl-0814cdd2-95b4-491b-95c0-a7203a111cc5/datanode-0/data/ratis] (custom)
2019-09-25 12:05:33,296 [pool-409-thread-1] INFO  storage.RaftStorageDirectory (RaftStorageDirectory.java:analyzeStorage(246)) - The storage directory /workdir/hadoop-ozone/integration-test/target/test-dir/MiniOzoneClusterImpl-0814cdd2-95b4-491b-95c0-a7203a111cc5/datanode-0/data/ratis/49972224-f781-4836-b27b-674bbe556ade does not exist. Creating ...
2019-09-25 12:05:33,310 [pool-409-thread-1] INFO  storage.RaftStorageDirectory (RaftStorageDirectory.java:tryLock(328)) - Lock on /workdir/hadoop-ozone/integration-test/target/test-dir/MiniOzoneClusterImpl-0814cdd2-95b4-491b-95c0-a7203a111cc5/datanode-0/data/ratis/49972224-f781-4836-b27b-674bbe556ade/in_use.lock acquired by nodename 24979@pr-hdds-1569-shd4m-3693607622
2019-09-25 12:05:33,322 [pool-409-thread-1] INFO  storage.RaftStorage (RaftStorage.java:format(72)) - Storage directory /workdir/hadoop-ozone/integration-test/target/test-dir/MiniOzoneClusterImpl-0814cdd2-95b4-491b-95c0-a7203a111cc5/datanode-0/data/ratis/49972224-f781-4836-b27b-674bbe556ade has been successfully formatted.
2019-09-25 12:05:33,323 [pool-409-thread-1] INFO  ratis.ContainerStateMachine (ContainerStateMachine.java:loadSnapshot(230)) - group-674BBE556ADE: The snapshot info is null. Setting the last applied indexto:(t:0, i:~)
2019-09-25 12:05:33,323 [pool-409-thread-1] INFO  server.RaftServerConfigKeys (ConfUtils.java:logGet(43)) - raft.server.notification.no-leader.timeout = 120s (custom)
2019-09-25 12:05:33,323 [pool-409-thread-1] INFO  server.RaftServerConfigKeys (ConfUtils.java:logGet(43)) - raft.server.log.use.memory = false (default)
2019-09-25 12:05:33,323 [pool-409-thread-1] INFO  server.RaftServerConfigKeys (ConfUtils.java:logGet(43)) - raft.server.log.purge.gap = 1000000 (custom)
2019-09-25 12:05:33,324 [pool-409-thread-1] INFO  server.RaftServerConfigKeys (ConfUtils.java:logGet(43)) - raft.server.log.appender.buffer.byte-limit = 33554432 (custom)
2019-09-25 12:05:33,324 [pool-409-thread-1] INFO  server.RaftServerConfigKeys (ConfUtils.java:logGet(43)) - raft.server.log.segment.size.max = 1048576 (custom)
2019-09-25 12:05:33,324 [pool-409-thread-1] INFO  server.RaftServerConfigKeys (ConfUtils.java:logGet(43)) - raft.server.log.segment.cache.num.max = 2 (custom)
2019-09-25 12:05:33,324 [pool-409-thread-1] INFO  segmented.SegmentedRaftLogWorker (SegmentedRaftLogWorker.java:<init>(172)) - new 4a53ed6f-dce3-4b1f-9e89-8e0e17f074cc@group-674BBE556ADE-SegmentedRaftLogWorker for RaftStorage:Storage Directory /workdir/hadoop-ozone/integration-test/target/test-dir/MiniOzoneClusterImpl-0814cdd2-95b4-491b-95c0-a7203a111cc5/datanode-0/data/ratis/49972224-f781-4836-b27b-674bbe556ade
2019-09-25 12:05:33,326 [pool-409-thread-1] INFO  server.RaftServerConfigKeys (ConfUtils.java:logGet(43)) - raft.server.log.queue.byte-limit = 2147483647 (custom)
2019-09-25 12:05:33,326 [pool-409-thread-1] INFO  server.RaftServerConfigKeys (ConfUtils.java:logGet(43)) - raft.server.log.queue.element-limit = 1024 (custom)
2019-09-25 12:05:33,327 [pool-409-thread-1] INFO  server.RaftServerConfigKeys (ConfUtils.java:logGet(43)) - raft.server.log.segment.size.max = 1048576 (custom)
2019-09-25 12:05:33,327 [pool-409-thread-1] INFO  server.RaftServerConfigKeys (ConfUtils.java:logGet(43)) - raft.server.log.preallocated.size = 16384 (custom)
2019-09-25 12:05:33,327 [pool-409-thread-1] INFO  server.RaftServerConfigKeys (ConfUtils.java:logGet(43)) - raft.server.log.write.buffer.size = 33554432 (custom)
2019-09-25 12:05:33,327 [pool-409-thread-1] INFO  server.RaftServerConfigKeys (ConfUtils.java:logGet(43)) - raft.server.log.force.sync.num = 128 (default)
2019-09-25 12:05:33,327 [pool-409-thread-1] INFO  server.RaftServerConfigKeys (ConfUtils.java:logGet(43)) - raft.server.log.statemachine.data.sync = true (default)
2019-09-25 12:05:33,327 [pool-409-thread-1] INFO  server.RaftServerConfigKeys (ConfUtils.java:logGet(43)) - raft.server.log.statemachine.data.sync.timeout = 10s (default)
2019-09-25 12:05:33,327 [pool-409-thread-1] INFO  server.RaftServerConfigKeys (ConfUtils.java:logGet(43)) - raft.server.log.statemachine.data.sync.timeout.retry = -1 (default)
2019-09-25 12:05:33,328 [pool-409-thread-1] INFO  server.RaftServerConfigKeys (ConfUtils.java:logGet(43)) - raft.server.log.statemachine.data.caching.enabled = true (custom)
2019-09-25 12:05:33,328 [pool-409-thread-1] INFO  segmented.SegmentedRaftLogWorker (SegmentedRaftLogWorker.java:lambda$new$0(132)) - 4a53ed6f-dce3-4b1f-9e89-8e0e17f074cc@group-674BBE556ADE-SegmentedRaftLogWorker: flushIndex: setUnconditionally 0 -> -1
2019-09-25 12:05:33,329 [pool-409-thread-1] INFO  server.RaftServerConfigKeys (ConfUtils.java:logGet(43)) - raft.server.snapshot.auto.trigger.enabled = true (custom)
2019-09-25 12:05:33,329 [pool-409-thread-1] INFO  server.RaftServerConfigKeys (ConfUtils.java:logGet(43)) - raft.server.snapshot.auto.trigger.threshold = 10000 (custom)
2019-09-25 12:05:33,329 [pool-409-thread-1] INFO  server.RaftServerConfigKeys (ConfUtils.java:logGet(43)) - raft.server.snapshot.retention.num.files = 5 (custom)
2019-09-25 12:05:33,329 [pool-409-thread-1] INFO  server.RaftServerConfigKeys (ConfUtils.java:logGet(43)) - raft.server.retrycache.expirytime = 600000ms (custom)
2019-09-25 12:05:33,331 [pool-409-thread-1] INFO  impl.RaftServerImpl (RaftServerImpl.java:start(185)) - 4a53ed6f-dce3-4b1f-9e89-8e0e17f074cc@group-674BBE556ADE: start as a follower, conf=-1: [4a53ed6f-dce3-4b1f-9e89-8e0e17f074cc:192.168.151.73:34104], old=null
2019-09-25 12:05:33,331 [pool-409-thread-1] INFO  impl.RaftServerImpl (RaftServerImpl.java:setRole(174)) - 4a53ed6f-dce3-4b1f-9e89-8e0e17f074cc@group-674BBE556ADE: changes role from      null to FOLLOWER at term 0 for startAsFollower
2019-09-25 12:05:33,331 [pool-409-thread-1] INFO  impl.RoleInfo (RoleInfo.java:updateAndGet(143)) - 4a53ed6f-dce3-4b1f-9e89-8e0e17f074cc: start FollowerState
2019-09-25 12:05:33,332 [pool-409-thread-1] INFO  util.JmxRegister (JmxRegister.java:tryRegister(44)) - Successfully registered JMX Bean with object name Ratis:service=RaftServer,group=group-674BBE556ADE,id=4a53ed6f-dce3-4b1f-9e89-8e0e17f074cc
2019-09-25 12:05:33,332 [IPC Server handler 4 on 33125] INFO  net.NetworkTopology (NetworkTopologyImpl.java:add(111)) - Added a new node: /default-rack/dd53ae84-fcc6-4953-b3df-628fab38f53c
2019-09-25 12:05:33,332 [IPC Server handler 4 on 33125] INFO  node.SCMNodeManager (SCMNodeManager.java:register(266)) - Registered Data node : dd53ae84-fcc6-4953-b3df-628fab38f53c{ip: 192.168.151.73, host: pr-hdds-1569-shd4m-3693607622, networkLocation: /default-rack, certSerialId: null}
2019-09-25 12:05:33,351 [RatisPipelineUtilsThread] INFO  pipeline.PipelineStateManager (PipelineStateManager.java:addPipeline(56)) - Created pipeline Pipeline[ Id: 49972224-f781-4836-b27b-674bbe556ade, Nodes: 4a53ed6f-dce3-4b1f-9e89-8e0e17f074cc{ip: 192.168.151.73, host: pr-hdds-1569-shd4m-3693607622, networkLocation: /default-rack, certSerialId: null}, Type:RATIS, Factor:ONE, State:OPEN]
2019-09-25 12:05:33,355 [grpc-default-executor-2] INFO  impl.RaftServerProxy (RaftServerProxy.java:addNew(89)) - 4a53ed6f-dce3-4b1f-9e89-8e0e17f074cc: addNew group-6B23330BEB6D:[4a53ed6f-dce3-4b1f-9e89-8e0e17f074cc:192.168.151.73:34104] returns group-6B23330BEB6D:java.util.concurrent.CompletableFuture@11ca4e88[Not completed]
2019-09-25 12:05:33,355 [pool-409-thread-1] INFO  impl.RaftServerImpl (RaftServerImpl.java:<init>(95)) - 4a53ed6f-dce3-4b1f-9e89-8e0e17f074cc: new RaftServerImpl for group-6B23330BEB6D:[4a53ed6f-dce3-4b1f-9e89-8e0e17f074cc:192.168.151.73:34104] with ContainerStateMachine:uninitialized
2019-09-25 12:05:33,356 [pool-409-thread-1] INFO  server.RaftServerConfigKeys (ConfUtils.java:logGet(43)) - raft.server.rpc.timeout.min = 5s (custom)
2019-09-25 12:05:33,356 [pool-409-thread-1] INFO  server.RaftServerConfigKeys (ConfUtils.java:logGet(43)) - raft.server.rpc.timeout.max = 5200ms (custom)
2019-09-25 12:05:33,356 [pool-409-thread-1] INFO  server.RaftServerConfigKeys (ConfUtils.java:logGet(43)) - raft.server.rpcslowness.timeout = 120s (custom)
2019-09-25 12:05:33,356 [pool-409-thread-1] INFO  server.RaftServerConfigKeys (ConfUtils.java:logGet(43)) - raft.server.sleep.deviation.threshold = 300 (default)
2019-09-25 12:05:33,356 [pool-409-thread-1] INFO  server.RaftServerConfigKeys (ConfUtils.java:logGet(43)) - raft.server.log.appender.install.snapshot.enabled = false (custom)
2019-09-25 12:05:33,356 [pool-409-thread-1] INFO  impl.RaftServerImpl (ServerState.java:<init>(103)) - 4a53ed6f-dce3-4b1f-9e89-8e0e17f074cc@group-6B23330BEB6D: ConfigurationManager, init=-1: [4a53ed6f-dce3-4b1f-9e89-8e0e17f074cc:192.168.151.73:34104], old=null, confs=<EMPTY_MAP>
2019-09-25 12:05:33,356 [pool-409-thread-1] INFO  server.RaftServerConfigKeys (ConfUtils.java:logGet(43)) - raft.server.storage.dir = [/workdir/hadoop-ozone/integration-test/target/test-dir/MiniOzoneClusterImpl-0814cdd2-95b4-491b-95c0-a7203a111cc5/datanode-0/data/ratis] (custom)
2019-09-25 12:05:33,356 [pool-409-thread-1] INFO  storage.RaftStorageDirectory (RaftStorageDirectory.java:analyzeStorage(246)) - The storage directory /workdir/hadoop-ozone/integration-test/target/test-dir/MiniOzoneClusterImpl-0814cdd2-95b4-491b-95c0-a7203a111cc5/datanode-0/data/ratis/a3d64f74-45f7-40d2-8da5-6b23330beb6d does not exist. Creating ...
2019-09-25 12:05:33,369 [pool-409-thread-1] INFO  storage.RaftStorageDirectory (RaftStorageDirectory.java:tryLock(328)) - Lock on /workdir/hadoop-ozone/integration-test/target/test-dir/MiniOzoneClusterImpl-0814cdd2-95b4-491b-95c0-a7203a111cc5/datanode-0/data/ratis/a3d64f74-45f7-40d2-8da5-6b23330beb6d/in_use.lock acquired by nodename 24979@pr-hdds-1569-shd4m-3693607622
2019-09-25 12:05:33,381 [pool-409-thread-1] INFO  storage.RaftStorage (RaftStorage.java:format(72)) - Storage directory /workdir/hadoop-ozone/integration-test/target/test-dir/MiniOzoneClusterImpl-0814cdd2-95b4-491b-95c0-a7203a111cc5/datanode-0/data/ratis/a3d64f74-45f7-40d2-8da5-6b23330beb6d has been successfully formatted.
2019-09-25 12:05:33,381 [pool-409-thread-1] INFO  ratis.ContainerStateMachine (ContainerStateMachine.java:loadSnapshot(230)) - group-6B23330BEB6D: The snapshot info is null. Setting the last applied indexto:(t:0, i:~)
2019-09-25 12:05:33,381 [pool-409-thread-1] INFO  server.RaftServerConfigKeys (ConfUtils.java:logGet(43)) - raft.server.notification.no-leader.timeout = 120s (custom)
2019-09-25 12:05:33,381 [pool-409-thread-1] INFO  server.RaftServerConfigKeys (ConfUtils.java:logGet(43)) - raft.server.log.use.memory = false (default)
2019-09-25 12:05:33,381 [pool-409-thread-1] INFO  server.RaftServerConfigKeys (ConfUtils.java:logGet(43)) - raft.server.log.purge.gap = 1000000 (custom)
2019-09-25 12:05:33,381 [pool-409-thread-1] INFO  server.RaftServerConfigKeys (ConfUtils.java:logGet(43)) - raft.server.log.appender.buffer.byte-limit = 33554432 (custom)
2019-09-25 12:05:33,381 [pool-409-thread-1] INFO  server.RaftServerConfigKeys (ConfUtils.java:logGet(43)) - raft.server.log.segment.size.max = 1048576 (custom)
2019-09-25 12:05:33,381 [pool-409-thread-1] INFO  server.RaftServerConfigKeys (ConfUtils.java:logGet(43)) - raft.server.log.segment.cache.num.max = 2 (custom)
2019-09-25 12:05:33,381 [pool-409-thread-1] INFO  segmented.SegmentedRaftLogWorker (SegmentedRaftLogWorker.java:<init>(172)) - new 4a53ed6f-dce3-4b1f-9e89-8e0e17f074cc@group-6B23330BEB6D-SegmentedRaftLogWorker for RaftStorage:Storage Directory /workdir/hadoop-ozone/integration-test/target/test-dir/MiniOzoneClusterImpl-0814cdd2-95b4-491b-95c0-a7203a111cc5/datanode-0/data/ratis/a3d64f74-45f7-40d2-8da5-6b23330beb6d
2019-09-25 12:05:33,382 [pool-409-thread-1] INFO  server.RaftServerConfigKeys (ConfUtils.java:logGet(43)) - raft.server.log.queue.byte-limit = 2147483647 (custom)
2019-09-25 12:05:33,382 [pool-409-thread-1] INFO  server.RaftServerConfigKeys (ConfUtils.java:logGet(43)) - raft.server.log.queue.element-limit = 1024 (custom)
2019-09-25 12:05:33,382 [pool-409-thread-1] INFO  server.RaftServerConfigKeys (ConfUtils.java:logGet(43)) - raft.server.log.segment.size.max = 1048576 (custom)
2019-09-25 12:05:33,382 [pool-409-thread-1] INFO  server.RaftServerConfigKeys (ConfUtils.java:logGet(43)) - raft.server.log.preallocated.size = 16384 (custom)
2019-09-25 12:05:33,382 [pool-409-thread-1] INFO  server.RaftServerConfigKeys (ConfUtils.java:logGet(43)) - raft.server.log.write.buffer.size = 33554432 (custom)
2019-09-25 12:05:33,382 [pool-409-thread-1] INFO  server.RaftServerConfigKeys (ConfUtils.java:logGet(43)) - raft.server.log.force.sync.num = 128 (default)
2019-09-25 12:05:33,382 [pool-409-thread-1] INFO  server.RaftServerConfigKeys (ConfUtils.java:logGet(43)) - raft.server.log.statemachine.data.sync = true (default)
2019-09-25 12:05:33,382 [pool-409-thread-1] INFO  server.RaftServerConfigKeys (ConfUtils.java:logGet(43)) - raft.server.log.statemachine.data.sync.timeout = 10s (default)
2019-09-25 12:05:33,382 [pool-409-thread-1] INFO  server.RaftServerConfigKeys (ConfUtils.java:logGet(43)) - raft.server.log.statemachine.data.sync.timeout.retry = -1 (default)
2019-09-25 12:05:33,382 [pool-409-thread-1] INFO  server.RaftServerConfigKeys (ConfUtils.java:logGet(43)) - raft.server.log.statemachine.data.caching.enabled = true (custom)
2019-09-25 12:05:33,383 [pool-409-thread-1] INFO  segmented.SegmentedRaftLogWorker (SegmentedRaftLogWorker.java:lambda$new$0(132)) - 4a53ed6f-dce3-4b1f-9e89-8e0e17f074cc@group-6B23330BEB6D-SegmentedRaftLogWorker: flushIndex: setUnconditionally 0 -> -1
2019-09-25 12:05:33,383 [pool-409-thread-1] INFO  server.RaftServerConfigKeys (ConfUtils.java:logGet(43)) - raft.server.snapshot.auto.trigger.enabled = true (custom)
2019-09-25 12:05:33,383 [pool-409-thread-1] INFO  server.RaftServerConfigKeys (ConfUtils.java:logGet(43)) - raft.server.snapshot.auto.trigger.threshold = 10000 (custom)
2019-09-25 12:05:33,383 [pool-409-thread-1] INFO  server.RaftServerConfigKeys (ConfUtils.java:logGet(43)) - raft.server.snapshot.retention.num.files = 5 (custom)
2019-09-25 12:05:33,383 [pool-409-thread-1] INFO  server.RaftServerConfigKeys (ConfUtils.java:logGet(43)) - raft.server.retrycache.expirytime = 600000ms (custom)
2019-09-25 12:05:33,384 [pool-409-thread-1] INFO  impl.RaftServerImpl (RaftServerImpl.java:start(185)) - 4a53ed6f-dce3-4b1f-9e89-8e0e17f074cc@group-6B23330BEB6D: start as a follower, conf=-1: [4a53ed6f-dce3-4b1f-9e89-8e0e17f074cc:192.168.151.73:34104], old=null
2019-09-25 12:05:33,384 [pool-409-thread-1] INFO  impl.RaftServerImpl (RaftServerImpl.java:setRole(174)) - 4a53ed6f-dce3-4b1f-9e89-8e0e17f074cc@group-6B23330BEB6D: changes role from      null to FOLLOWER at term 0 for startAsFollower
2019-09-25 12:05:33,384 [pool-409-thread-1] INFO  impl.RoleInfo (RoleInfo.java:updateAndGet(143)) - 4a53ed6f-dce3-4b1f-9e89-8e0e17f074cc: start FollowerState
2019-09-25 12:05:33,385 [pool-409-thread-1] INFO  util.JmxRegister (JmxRegister.java:tryRegister(44)) - Successfully registered JMX Bean with object name Ratis:service=RaftServer,group=group-6B23330BEB6D,id=4a53ed6f-dce3-4b1f-9e89-8e0e17f074cc
2019-09-25 12:05:33,387 [RatisPipelineUtilsThread] INFO  pipeline.PipelineStateManager (PipelineStateManager.java:addPipeline(56)) - Created pipeline Pipeline[ Id: a3d64f74-45f7-40d2-8da5-6b23330beb6d, Nodes: 4a53ed6f-dce3-4b1f-9e89-8e0e17f074cc{ip: 192.168.151.73, host: pr-hdds-1569-shd4m-3693607622, networkLocation: /default-rack, certSerialId: null}, Type:RATIS, Factor:ONE, State:OPEN]
2019-09-25 12:05:33,390 [grpc-default-executor-2] INFO  impl.RaftServerProxy (RaftServerProxy.java:addNew(89)) - 4a53ed6f-dce3-4b1f-9e89-8e0e17f074cc: addNew group-1B9BC9EA6282:[4a53ed6f-dce3-4b1f-9e89-8e0e17f074cc:192.168.151.73:34104] returns group-1B9BC9EA6282:java.util.concurrent.CompletableFuture@4b6d91a6[Not completed]
2019-09-25 12:05:33,391 [pool-409-thread-1] INFO  impl.RaftServerImpl (RaftServerImpl.java:<init>(95)) - 4a53ed6f-dce3-4b1f-9e89-8e0e17f074cc: new RaftServerImpl for group-1B9BC9EA6282:[4a53ed6f-dce3-4b1f-9e89-8e0e17f074cc:192.168.151.73:34104] with ContainerStateMachine:uninitialized
2019-09-25 12:05:33,391 [pool-409-thread-1] INFO  server.RaftServerConfigKeys (ConfUtils.java:logGet(43)) - raft.server.rpc.timeout.min = 5s (custom)
2019-09-25 12:05:33,391 [pool-409-thread-1] INFO  server.RaftServerConfigKeys (ConfUtils.java:logGet(43)) - raft.server.rpc.timeout.max = 5200ms (custom)
2019-09-25 12:05:33,391 [pool-409-thread-1] INFO  server.RaftServerConfigKeys (ConfUtils.java:logGet(43)) - raft.server.rpcslowness.timeout = 120s (custom)
2019-09-25 12:05:33,391 [pool-409-thread-1] INFO  server.RaftServerConfigKeys (ConfUtils.java:logGet(43)) - raft.server.sleep.deviation.threshold = 300 (default)
2019-09-25 12:05:33,391 [pool-409-thread-1] INFO  server.RaftServerConfigKeys (ConfUtils.java:logGet(43)) - raft.server.log.appender.install.snapshot.enabled = false (custom)
2019-09-25 12:05:33,391 [pool-409-thread-1] INFO  impl.RaftServerImpl (ServerState.java:<init>(103)) - 4a53ed6f-dce3-4b1f-9e89-8e0e17f074cc@group-1B9BC9EA6282: ConfigurationManager, init=-1: [4a53ed6f-dce3-4b1f-9e89-8e0e17f074cc:192.168.151.73:34104], old=null, confs=<EMPTY_MAP>
2019-09-25 12:05:33,391 [pool-409-thread-1] INFO  server.RaftServerConfigKeys (ConfUtils.java:logGet(43)) - raft.server.storage.dir = [/workdir/hadoop-ozone/integration-test/target/test-dir/MiniOzoneClusterImpl-0814cdd2-95b4-491b-95c0-a7203a111cc5/datanode-0/data/ratis] (custom)
2019-09-25 12:05:33,392 [pool-409-thread-1] INFO  storage.RaftStorageDirectory (RaftStorageDirectory.java:analyzeStorage(246)) - The storage directory /workdir/hadoop-ozone/integration-test/target/test-dir/MiniOzoneClusterImpl-0814cdd2-95b4-491b-95c0-a7203a111cc5/datanode-0/data/ratis/0fe91097-e10b-4c2b-bb34-1b9bc9ea6282 does not exist. Creating ...
2019-09-25 12:05:33,404 [pool-409-thread-1] INFO  storage.RaftStorageDirectory (RaftStorageDirectory.java:tryLock(328)) - Lock on /workdir/hadoop-ozone/integration-test/target/test-dir/MiniOzoneClusterImpl-0814cdd2-95b4-491b-95c0-a7203a111cc5/datanode-0/data/ratis/0fe91097-e10b-4c2b-bb34-1b9bc9ea6282/in_use.lock acquired by nodename 24979@pr-hdds-1569-shd4m-3693607622
2019-09-25 12:05:33,411 [IPC Server handler 5 on 33125] INFO  net.NetworkTopology (NetworkTopologyImpl.java:add(111)) - Added a new node: /default-rack/1b5f48e1-875d-49d5-a3ca-2607cd8d3943
2019-09-25 12:05:33,411 [IPC Server handler 5 on 33125] INFO  node.SCMNodeManager (SCMNodeManager.java:register(266)) - Registered Data node : 1b5f48e1-875d-49d5-a3ca-2607cd8d3943{ip: 192.168.151.73, host: pr-hdds-1569-shd4m-3693607622, networkLocation: /default-rack, certSerialId: null}
2019-09-25 12:05:33,416 [pool-409-thread-1] INFO  storage.RaftStorage (RaftStorage.java:format(72)) - Storage directory /workdir/hadoop-ozone/integration-test/target/test-dir/MiniOzoneClusterImpl-0814cdd2-95b4-491b-95c0-a7203a111cc5/datanode-0/data/ratis/0fe91097-e10b-4c2b-bb34-1b9bc9ea6282 has been successfully formatted.
2019-09-25 12:05:33,416 [pool-409-thread-1] INFO  ratis.ContainerStateMachine (ContainerStateMachine.java:loadSnapshot(230)) - group-1B9BC9EA6282: The snapshot info is null. Setting the last applied indexto:(t:0, i:~)
2019-09-25 12:05:33,417 [pool-409-thread-1] INFO  server.RaftServerConfigKeys (ConfUtils.java:logGet(43)) - raft.server.notification.no-leader.timeout = 120s (custom)
2019-09-25 12:05:33,417 [pool-409-thread-1] INFO  server.RaftServerConfigKeys (ConfUtils.java:logGet(43)) - raft.server.log.use.memory = false (default)
2019-09-25 12:05:33,417 [pool-409-thread-1] INFO  server.RaftServerConfigKeys (ConfUtils.java:logGet(43)) - raft.server.log.purge.gap = 1000000 (custom)
2019-09-25 12:05:33,417 [pool-409-thread-1] INFO  server.RaftServerConfigKeys (ConfUtils.java:logGet(43)) - raft.server.log.appender.buffer.byte-limit = 33554432 (custom)
2019-09-25 12:05:33,417 [pool-409-thread-1] INFO  server.RaftServerConfigKeys (ConfUtils.java:logGet(43)) - raft.server.log.segment.size.max = 1048576 (custom)
2019-09-25 12:05:33,417 [pool-409-thread-1] INFO  server.RaftServerConfigKeys (ConfUtils.java:logGet(43)) - raft.server.log.segment.cache.num.max = 2 (custom)
2019-09-25 12:05:33,418 [pool-409-thread-1] INFO  segmented.SegmentedRaftLogWorker (SegmentedRaftLogWorker.java:<init>(172)) - new 4a53ed6f-dce3-4b1f-9e89-8e0e17f074cc@group-1B9BC9EA6282-SegmentedRaftLogWorker for RaftStorage:Storage Directory /workdir/hadoop-ozone/integration-test/target/test-dir/MiniOzoneClusterImpl-0814cdd2-95b4-491b-95c0-a7203a111cc5/datanode-0/data/ratis/0fe91097-e10b-4c2b-bb34-1b9bc9ea6282
2019-09-25 12:05:33,418 [pool-409-thread-1] INFO  server.RaftServerConfigKeys (ConfUtils.java:logGet(43)) - raft.server.log.queue.byte-limit = 2147483647 (custom)
2019-09-25 12:05:33,418 [pool-409-thread-1] INFO  server.RaftServerConfigKeys (ConfUtils.java:logGet(43)) - raft.server.log.queue.element-limit = 1024 (custom)
2019-09-25 12:05:33,418 [pool-409-thread-1] INFO  server.RaftServerConfigKeys (ConfUtils.java:logGet(43)) - raft.server.log.segment.size.max = 1048576 (custom)
2019-09-25 12:05:33,418 [pool-409-thread-1] INFO  server.RaftServerConfigKeys (ConfUtils.java:logGet(43)) - raft.server.log.preallocated.size = 16384 (custom)
2019-09-25 12:05:33,418 [pool-409-thread-1] INFO  server.RaftServerConfigKeys (ConfUtils.java:logGet(43)) - raft.server.log.write.buffer.size = 33554432 (custom)
2019-09-25 12:05:33,418 [pool-409-thread-1] INFO  server.RaftServerConfigKeys (ConfUtils.java:logGet(43)) - raft.server.log.force.sync.num = 128 (default)
2019-09-25 12:05:33,419 [pool-409-thread-1] INFO  server.RaftServerConfigKeys (ConfUtils.java:logGet(43)) - raft.server.log.statemachine.data.sync = true (default)
2019-09-25 12:05:33,419 [pool-409-thread-1] INFO  server.RaftServerConfigKeys (ConfUtils.java:logGet(43)) - raft.server.log.statemachine.data.sync.timeout = 10s (default)
2019-09-25 12:05:33,419 [pool-409-thread-1] INFO  server.RaftServerConfigKeys (ConfUtils.java:logGet(43)) - raft.server.log.statemachine.data.sync.timeout.retry = -1 (default)
2019-09-25 12:05:33,419 [pool-409-thread-1] INFO  server.RaftServerConfigKeys (ConfUtils.java:logGet(43)) - raft.server.log.statemachine.data.caching.enabled = true (custom)
2019-09-25 12:05:33,419 [pool-409-thread-1] INFO  segmented.SegmentedRaftLogWorker (SegmentedRaftLogWorker.java:lambda$new$0(132)) - 4a53ed6f-dce3-4b1f-9e89-8e0e17f074cc@group-1B9BC9EA6282-SegmentedRaftLogWorker: flushIndex: setUnconditionally 0 -> -1
2019-09-25 12:05:33,420 [pool-409-thread-1] INFO  server.RaftServerConfigKeys (ConfUtils.java:logGet(43)) - raft.server.snapshot.auto.trigger.enabled = true (custom)
2019-09-25 12:05:33,420 [pool-409-thread-1] INFO  server.RaftServerConfigKeys (ConfUtils.java:logGet(43)) - raft.server.snapshot.auto.trigger.threshold = 10000 (custom)
2019-09-25 12:05:33,420 [pool-409-thread-1] INFO  server.RaftServerConfigKeys (ConfUtils.java:logGet(43)) - raft.server.snapshot.retention.num.files = 5 (custom)
2019-09-25 12:05:33,420 [pool-409-thread-1] INFO  server.RaftServerConfigKeys (ConfUtils.java:logGet(43)) - raft.server.retrycache.expirytime = 600000ms (custom)
2019-09-25 12:05:33,422 [pool-409-thread-1] INFO  impl.RaftServerImpl (RaftServerImpl.java:start(185)) - 4a53ed6f-dce3-4b1f-9e89-8e0e17f074cc@group-1B9BC9EA6282: start as a follower, conf=-1: [4a53ed6f-dce3-4b1f-9e89-8e0e17f074cc:192.168.151.73:34104], old=null
2019-09-25 12:05:33,422 [pool-409-thread-1] INFO  impl.RaftServerImpl (RaftServerImpl.java:setRole(174)) - 4a53ed6f-dce3-4b1f-9e89-8e0e17f074cc@group-1B9BC9EA6282: changes role from      null to FOLLOWER at term 0 for startAsFollower
2019-09-25 12:05:33,422 [pool-409-thread-1] INFO  impl.RoleInfo (RoleInfo.java:updateAndGet(143)) - 4a53ed6f-dce3-4b1f-9e89-8e0e17f074cc: start FollowerState
2019-09-25 12:05:33,422 [pool-409-thread-1] INFO  util.JmxRegister (JmxRegister.java:tryRegister(44)) - Successfully registered JMX Bean with object name Ratis:service=RaftServer,group=group-1B9BC9EA6282,id=4a53ed6f-dce3-4b1f-9e89-8e0e17f074cc
2019-09-25 12:05:33,425 [RatisPipelineUtilsThread] INFO  pipeline.PipelineStateManager (PipelineStateManager.java:addPipeline(56)) - Created pipeline Pipeline[ Id: 0fe91097-e10b-4c2b-bb34-1b9bc9ea6282, Nodes: 4a53ed6f-dce3-4b1f-9e89-8e0e17f074cc{ip: 192.168.151.73, host: pr-hdds-1569-shd4m-3693607622, networkLocation: /default-rack, certSerialId: null}, Type:RATIS, Factor:ONE, State:OPEN]
2019-09-25 12:05:33,432 [grpc-default-executor-2] INFO  impl.RaftServerProxy (RaftServerProxy.java:addNew(89)) - dd53ae84-fcc6-4953-b3df-628fab38f53c: addNew group-34C648F7C651:[dd53ae84-fcc6-4953-b3df-628fab38f53c:192.168.151.73:42918] returns group-34C648F7C651:java.util.concurrent.CompletableFuture@1f107893[Not completed]
2019-09-25 12:05:33,433 [pool-419-thread-1] INFO  impl.RaftServerImpl (RaftServerImpl.java:<init>(95)) - dd53ae84-fcc6-4953-b3df-628fab38f53c: new RaftServerImpl for group-34C648F7C651:[dd53ae84-fcc6-4953-b3df-628fab38f53c:192.168.151.73:42918] with ContainerStateMachine:uninitialized
2019-09-25 12:05:33,433 [pool-419-thread-1] INFO  server.RaftServerConfigKeys (ConfUtils.java:logGet(43)) - raft.server.rpc.timeout.min = 5s (custom)
2019-09-25 12:05:33,433 [pool-419-thread-1] INFO  server.RaftServerConfigKeys (ConfUtils.java:logGet(43)) - raft.server.rpc.timeout.max = 5200ms (custom)
2019-09-25 12:05:33,433 [pool-419-thread-1] INFO  server.RaftServerConfigKeys (ConfUtils.java:logGet(43)) - raft.server.rpcslowness.timeout = 120s (custom)
2019-09-25 12:05:33,433 [pool-419-thread-1] INFO  server.RaftServerConfigKeys (ConfUtils.java:logGet(43)) - raft.server.sleep.deviation.threshold = 300 (default)
2019-09-25 12:05:33,434 [pool-419-thread-1] INFO  server.RaftServerConfigKeys (ConfUtils.java:logGet(43)) - raft.server.log.appender.install.snapshot.enabled = false (custom)
2019-09-25 12:05:33,434 [pool-419-thread-1] INFO  impl.RaftServerImpl (ServerState.java:<init>(103)) - dd53ae84-fcc6-4953-b3df-628fab38f53c@group-34C648F7C651: ConfigurationManager, init=-1: [dd53ae84-fcc6-4953-b3df-628fab38f53c:192.168.151.73:42918], old=null, confs=<EMPTY_MAP>
2019-09-25 12:05:33,434 [pool-419-thread-1] INFO  server.RaftServerConfigKeys (ConfUtils.java:logGet(43)) - raft.server.storage.dir = [/workdir/hadoop-ozone/integration-test/target/test-dir/MiniOzoneClusterImpl-0814cdd2-95b4-491b-95c0-a7203a111cc5/datanode-1/data/ratis] (custom)
2019-09-25 12:05:33,434 [pool-419-thread-1] INFO  storage.RaftStorageDirectory (RaftStorageDirectory.java:analyzeStorage(246)) - The storage directory /workdir/hadoop-ozone/integration-test/target/test-dir/MiniOzoneClusterImpl-0814cdd2-95b4-491b-95c0-a7203a111cc5/datanode-1/data/ratis/8739295d-9f9e-44df-af57-34c648f7c651 does not exist. Creating ...
2019-09-25 12:05:33,447 [pool-419-thread-1] INFO  storage.RaftStorageDirectory (RaftStorageDirectory.java:tryLock(328)) - Lock on /workdir/hadoop-ozone/integration-test/target/test-dir/MiniOzoneClusterImpl-0814cdd2-95b4-491b-95c0-a7203a111cc5/datanode-1/data/ratis/8739295d-9f9e-44df-af57-34c648f7c651/in_use.lock acquired by nodename 24979@pr-hdds-1569-shd4m-3693607622
2019-09-25 12:05:33,459 [pool-419-thread-1] INFO  storage.RaftStorage (RaftStorage.java:format(72)) - Storage directory /workdir/hadoop-ozone/integration-test/target/test-dir/MiniOzoneClusterImpl-0814cdd2-95b4-491b-95c0-a7203a111cc5/datanode-1/data/ratis/8739295d-9f9e-44df-af57-34c648f7c651 has been successfully formatted.
2019-09-25 12:05:33,459 [pool-419-thread-1] INFO  ratis.ContainerStateMachine (ContainerStateMachine.java:loadSnapshot(230)) - group-34C648F7C651: The snapshot info is null. Setting the last applied indexto:(t:0, i:~)
2019-09-25 12:05:33,459 [pool-419-thread-1] INFO  server.RaftServerConfigKeys (ConfUtils.java:logGet(43)) - raft.server.notification.no-leader.timeout = 120s (custom)
2019-09-25 12:05:33,459 [pool-419-thread-1] INFO  server.RaftServerConfigKeys (ConfUtils.java:logGet(43)) - raft.server.log.use.memory = false (default)
2019-09-25 12:05:33,460 [pool-419-thread-1] INFO  server.RaftServerConfigKeys (ConfUtils.java:logGet(43)) - raft.server.log.purge.gap = 1000000 (custom)
2019-09-25 12:05:33,460 [pool-419-thread-1] INFO  server.RaftServerConfigKeys (ConfUtils.java:logGet(43)) - raft.server.log.appender.buffer.byte-limit = 33554432 (custom)
2019-09-25 12:05:33,460 [pool-419-thread-1] INFO  server.RaftServerConfigKeys (ConfUtils.java:logGet(43)) - raft.server.log.segment.size.max = 1048576 (custom)
2019-09-25 12:05:33,460 [pool-419-thread-1] INFO  server.RaftServerConfigKeys (ConfUtils.java:logGet(43)) - raft.server.log.segment.cache.num.max = 2 (custom)
2019-09-25 12:05:33,460 [pool-419-thread-1] INFO  segmented.SegmentedRaftLogWorker (SegmentedRaftLogWorker.java:<init>(172)) - new dd53ae84-fcc6-4953-b3df-628fab38f53c@group-34C648F7C651-SegmentedRaftLogWorker for RaftStorage:Storage Directory /workdir/hadoop-ozone/integration-test/target/test-dir/MiniOzoneClusterImpl-0814cdd2-95b4-491b-95c0-a7203a111cc5/datanode-1/data/ratis/8739295d-9f9e-44df-af57-34c648f7c651
2019-09-25 12:05:33,461 [pool-419-thread-1] INFO  server.RaftServerConfigKeys (ConfUtils.java:logGet(43)) - raft.server.log.queue.byte-limit = 2147483647 (custom)
2019-09-25 12:05:33,461 [pool-419-thread-1] INFO  server.RaftServerConfigKeys (ConfUtils.java:logGet(43)) - raft.server.log.queue.element-limit = 1024 (custom)
2019-09-25 12:05:33,461 [pool-419-thread-1] INFO  server.RaftServerConfigKeys (ConfUtils.java:logGet(43)) - raft.server.log.segment.size.max = 1048576 (custom)
2019-09-25 12:05:33,461 [pool-419-thread-1] INFO  server.RaftServerConfigKeys (ConfUtils.java:logGet(43)) - raft.server.log.preallocated.size = 16384 (custom)
2019-09-25 12:05:33,462 [pool-419-thread-1] INFO  server.RaftServerConfigKeys (ConfUtils.java:logGet(43)) - raft.server.log.write.buffer.size = 33554432 (custom)
2019-09-25 12:05:33,462 [pool-419-thread-1] INFO  server.RaftServerConfigKeys (ConfUtils.java:logGet(43)) - raft.server.log.force.sync.num = 128 (default)
2019-09-25 12:05:33,462 [pool-419-thread-1] INFO  server.RaftServerConfigKeys (ConfUtils.java:logGet(43)) - raft.server.log.statemachine.data.sync = true (default)
2019-09-25 12:05:33,462 [pool-419-thread-1] INFO  server.RaftServerConfigKeys (ConfUtils.java:logGet(43)) - raft.server.log.statemachine.data.sync.timeout = 10s (default)
2019-09-25 12:05:33,462 [pool-419-thread-1] INFO  server.RaftServerConfigKeys (ConfUtils.java:logGet(43)) - raft.server.log.statemachine.data.sync.timeout.retry = -1 (default)
2019-09-25 12:05:33,462 [pool-419-thread-1] INFO  server.RaftServerConfigKeys (ConfUtils.java:logGet(43)) - raft.server.log.statemachine.data.caching.enabled = true (custom)
2019-09-25 12:05:33,462 [pool-419-thread-1] INFO  segmented.SegmentedRaftLogWorker (SegmentedRaftLogWorker.java:lambda$new$0(132)) - dd53ae84-fcc6-4953-b3df-628fab38f53c@group-34C648F7C651-SegmentedRaftLogWorker: flushIndex: setUnconditionally 0 -> -1
2019-09-25 12:05:33,463 [pool-419-thread-1] INFO  server.RaftServerConfigKeys (ConfUtils.java:logGet(43)) - raft.server.snapshot.auto.trigger.enabled = true (custom)
2019-09-25 12:05:33,463 [pool-419-thread-1] INFO  server.RaftServerConfigKeys (ConfUtils.java:logGet(43)) - raft.server.snapshot.auto.trigger.threshold = 10000 (custom)
2019-09-25 12:05:33,463 [pool-419-thread-1] INFO  server.RaftServerConfigKeys (ConfUtils.java:logGet(43)) - raft.server.snapshot.retention.num.files = 5 (custom)
2019-09-25 12:05:33,463 [pool-419-thread-1] INFO  server.RaftServerConfigKeys (ConfUtils.java:logGet(43)) - raft.server.retrycache.expirytime = 600000ms (custom)
2019-09-25 12:05:33,464 [pool-419-thread-1] INFO  impl.RaftServerImpl (RaftServerImpl.java:start(185)) - dd53ae84-fcc6-4953-b3df-628fab38f53c@group-34C648F7C651: start as a follower, conf=-1: [dd53ae84-fcc6-4953-b3df-628fab38f53c:192.168.151.73:42918], old=null
2019-09-25 12:05:33,464 [pool-419-thread-1] INFO  impl.RaftServerImpl (RaftServerImpl.java:setRole(174)) - dd53ae84-fcc6-4953-b3df-628fab38f53c@group-34C648F7C651: changes role from      null to FOLLOWER at term 0 for startAsFollower
2019-09-25 12:05:33,464 [pool-419-thread-1] INFO  impl.RoleInfo (RoleInfo.java:updateAndGet(143)) - dd53ae84-fcc6-4953-b3df-628fab38f53c: start FollowerState
2019-09-25 12:05:33,464 [pool-419-thread-1] INFO  util.JmxRegister (JmxRegister.java:tryRegister(44)) - Successfully registered JMX Bean with object name Ratis:service=RaftServer,group=group-34C648F7C651,id=dd53ae84-fcc6-4953-b3df-628fab38f53c
2019-09-25 12:05:33,466 [RatisPipelineUtilsThread] INFO  pipeline.PipelineStateManager (PipelineStateManager.java:addPipeline(56)) - Created pipeline Pipeline[ Id: 8739295d-9f9e-44df-af57-34c648f7c651, Nodes: dd53ae84-fcc6-4953-b3df-628fab38f53c{ip: 192.168.151.73, host: pr-hdds-1569-shd4m-3693607622, networkLocation: /default-rack, certSerialId: null}, Type:RATIS, Factor:ONE, State:OPEN]
2019-09-25 12:05:33,473 [grpc-default-executor-2] INFO  impl.RaftServerProxy (RaftServerProxy.java:addNew(89)) - 1b5f48e1-875d-49d5-a3ca-2607cd8d3943: addNew group-9D730E9969B8:[1b5f48e1-875d-49d5-a3ca-2607cd8d3943:192.168.151.73:34544] returns group-9D730E9969B8:java.util.concurrent.CompletableFuture@1671901a[Not completed]
2019-09-25 12:05:33,474 [pool-429-thread-1] INFO  impl.RaftServerImpl (RaftServerImpl.java:<init>(95)) - 1b5f48e1-875d-49d5-a3ca-2607cd8d3943: new RaftServerImpl for group-9D730E9969B8:[1b5f48e1-875d-49d5-a3ca-2607cd8d3943:192.168.151.73:34544] with ContainerStateMachine:uninitialized
2019-09-25 12:05:33,474 [pool-429-thread-1] INFO  server.RaftServerConfigKeys (ConfUtils.java:logGet(43)) - raft.server.rpc.timeout.min = 5s (custom)
2019-09-25 12:05:33,474 [pool-429-thread-1] INFO  server.RaftServerConfigKeys (ConfUtils.java:logGet(43)) - raft.server.rpc.timeout.max = 5200ms (custom)
2019-09-25 12:05:33,474 [pool-429-thread-1] INFO  server.RaftServerConfigKeys (ConfUtils.java:logGet(43)) - raft.server.rpcslowness.timeout = 120s (custom)
2019-09-25 12:05:33,474 [pool-429-thread-1] INFO  server.RaftServerConfigKeys (ConfUtils.java:logGet(43)) - raft.server.sleep.deviation.threshold = 300 (default)
2019-09-25 12:05:33,474 [pool-429-thread-1] INFO  server.RaftServerConfigKeys (ConfUtils.java:logGet(43)) - raft.server.log.appender.install.snapshot.enabled = false (custom)
2019-09-25 12:05:33,474 [pool-429-thread-1] INFO  impl.RaftServerImpl (ServerState.java:<init>(103)) - 1b5f48e1-875d-49d5-a3ca-2607cd8d3943@group-9D730E9969B8: ConfigurationManager, init=-1: [1b5f48e1-875d-49d5-a3ca-2607cd8d3943:192.168.151.73:34544], old=null, confs=<EMPTY_MAP>
2019-09-25 12:05:33,475 [pool-429-thread-1] INFO  server.RaftServerConfigKeys (ConfUtils.java:logGet(43)) - raft.server.storage.dir = [/workdir/hadoop-ozone/integration-test/target/test-dir/MiniOzoneClusterImpl-0814cdd2-95b4-491b-95c0-a7203a111cc5/datanode-2/data/ratis] (custom)
2019-09-25 12:05:33,475 [pool-429-thread-1] INFO  storage.RaftStorageDirectory (RaftStorageDirectory.java:analyzeStorage(246)) - The storage directory /workdir/hadoop-ozone/integration-test/target/test-dir/MiniOzoneClusterImpl-0814cdd2-95b4-491b-95c0-a7203a111cc5/datanode-2/data/ratis/145e4da3-1d49-4c9c-a637-9d730e9969b8 does not exist. Creating ...
2019-09-25 12:05:33,478 [IPC Server handler 6 on 33125] INFO  net.NetworkTopology (NetworkTopologyImpl.java:add(111)) - Added a new node: /default-rack/29c22799-2be0-4ff1-960a-e2f5fb4c56d9
2019-09-25 12:05:33,478 [IPC Server handler 6 on 33125] INFO  node.SCMNodeManager (SCMNodeManager.java:register(266)) - Registered Data node : 29c22799-2be0-4ff1-960a-e2f5fb4c56d9{ip: 192.168.151.73, host: pr-hdds-1569-shd4m-3693607622, networkLocation: /default-rack, certSerialId: null}
2019-09-25 12:05:33,487 [pool-429-thread-1] INFO  storage.RaftStorageDirectory (RaftStorageDirectory.java:tryLock(328)) - Lock on /workdir/hadoop-ozone/integration-test/target/test-dir/MiniOzoneClusterImpl-0814cdd2-95b4-491b-95c0-a7203a111cc5/datanode-2/data/ratis/145e4da3-1d49-4c9c-a637-9d730e9969b8/in_use.lock acquired by nodename 24979@pr-hdds-1569-shd4m-3693607622
2019-09-25 12:05:33,500 [pool-429-thread-1] INFO  storage.RaftStorage (RaftStorage.java:format(72)) - Storage directory /workdir/hadoop-ozone/integration-test/target/test-dir/MiniOzoneClusterImpl-0814cdd2-95b4-491b-95c0-a7203a111cc5/datanode-2/data/ratis/145e4da3-1d49-4c9c-a637-9d730e9969b8 has been successfully formatted.
2019-09-25 12:05:33,500 [pool-429-thread-1] INFO  ratis.ContainerStateMachine (ContainerStateMachine.java:loadSnapshot(230)) - group-9D730E9969B8: The snapshot info is null. Setting the last applied indexto:(t:0, i:~)
2019-09-25 12:05:33,500 [pool-429-thread-1] INFO  server.RaftServerConfigKeys (ConfUtils.java:logGet(43)) - raft.server.notification.no-leader.timeout = 120s (custom)
2019-09-25 12:05:33,500 [pool-429-thread-1] INFO  server.RaftServerConfigKeys (ConfUtils.java:logGet(43)) - raft.server.log.use.memory = false (default)
2019-09-25 12:05:33,500 [pool-429-thread-1] INFO  server.RaftServerConfigKeys (ConfUtils.java:logGet(43)) - raft.server.log.purge.gap = 1000000 (custom)
2019-09-25 12:05:33,500 [pool-429-thread-1] INFO  server.RaftServerConfigKeys (ConfUtils.java:logGet(43)) - raft.server.log.appender.buffer.byte-limit = 33554432 (custom)
2019-09-25 12:05:33,500 [pool-429-thread-1] INFO  server.RaftServerConfigKeys (ConfUtils.java:logGet(43)) - raft.server.log.segment.size.max = 1048576 (custom)
2019-09-25 12:05:33,500 [pool-429-thread-1] INFO  server.RaftServerConfigKeys (ConfUtils.java:logGet(43)) - raft.server.log.segment.cache.num.max = 2 (custom)
2019-09-25 12:05:33,500 [pool-429-thread-1] INFO  segmented.SegmentedRaftLogWorker (SegmentedRaftLogWorker.java:<init>(172)) - new 1b5f48e1-875d-49d5-a3ca-2607cd8d3943@group-9D730E9969B8-SegmentedRaftLogWorker for RaftStorage:Storage Directory /workdir/hadoop-ozone/integration-test/target/test-dir/MiniOzoneClusterImpl-0814cdd2-95b4-491b-95c0-a7203a111cc5/datanode-2/data/ratis/145e4da3-1d49-4c9c-a637-9d730e9969b8
2019-09-25 12:05:33,501 [pool-429-thread-1] INFO  server.RaftServerConfigKeys (ConfUtils.java:logGet(43)) - raft.server.log.queue.byte-limit = 2147483647 (custom)
2019-09-25 12:05:33,501 [pool-429-thread-1] INFO  server.RaftServerConfigKeys (ConfUtils.java:logGet(43)) - raft.server.log.queue.element-limit = 1024 (custom)
2019-09-25 12:05:33,501 [pool-429-thread-1] INFO  server.RaftServerConfigKeys (ConfUtils.java:logGet(43)) - raft.server.log.segment.size.max = 1048576 (custom)
2019-09-25 12:05:33,501 [pool-429-thread-1] INFO  server.RaftServerConfigKeys (ConfUtils.java:logGet(43)) - raft.server.log.preallocated.size = 16384 (custom)
2019-09-25 12:05:33,502 [pool-429-thread-1] INFO  server.RaftServerConfigKeys (ConfUtils.java:logGet(43)) - raft.server.log.write.buffer.size = 33554432 (custom)
2019-09-25 12:05:33,502 [pool-429-thread-1] INFO  server.RaftServerConfigKeys (ConfUtils.java:logGet(43)) - raft.server.log.force.sync.num = 128 (default)
2019-09-25 12:05:33,502 [pool-429-thread-1] INFO  server.RaftServerConfigKeys (ConfUtils.java:logGet(43)) - raft.server.log.statemachine.data.sync = true (default)
2019-09-25 12:05:33,502 [pool-429-thread-1] INFO  server.RaftServerConfigKeys (ConfUtils.java:logGet(43)) - raft.server.log.statemachine.data.sync.timeout = 10s (default)
2019-09-25 12:05:33,502 [pool-429-thread-1] INFO  server.RaftServerConfigKeys (ConfUtils.java:logGet(43)) - raft.server.log.statemachine.data.sync.timeout.retry = -1 (default)
2019-09-25 12:05:33,502 [pool-429-thread-1] INFO  server.RaftServerConfigKeys (ConfUtils.java:logGet(43)) - raft.server.log.statemachine.data.caching.enabled = true (custom)
2019-09-25 12:05:33,502 [pool-429-thread-1] INFO  segmented.SegmentedRaftLogWorker (SegmentedRaftLogWorker.java:lambda$new$0(132)) - 1b5f48e1-875d-49d5-a3ca-2607cd8d3943@group-9D730E9969B8-SegmentedRaftLogWorker: flushIndex: setUnconditionally 0 -> -1
2019-09-25 12:05:33,502 [pool-429-thread-1] INFO  server.RaftServerConfigKeys (ConfUtils.java:logGet(43)) - raft.server.snapshot.auto.trigger.enabled = true (custom)
2019-09-25 12:05:33,502 [pool-429-thread-1] INFO  server.RaftServerConfigKeys (ConfUtils.java:logGet(43)) - raft.server.snapshot.auto.trigger.threshold = 10000 (custom)
2019-09-25 12:05:33,502 [pool-429-thread-1] INFO  server.RaftServerConfigKeys (ConfUtils.java:logGet(43)) - raft.server.snapshot.retention.num.files = 5 (custom)
2019-09-25 12:05:33,503 [pool-429-thread-1] INFO  server.RaftServerConfigKeys (ConfUtils.java:logGet(43)) - raft.server.retrycache.expirytime = 600000ms (custom)
2019-09-25 12:05:33,504 [pool-429-thread-1] INFO  impl.RaftServerImpl (RaftServerImpl.java:start(185)) - 1b5f48e1-875d-49d5-a3ca-2607cd8d3943@group-9D730E9969B8: start as a follower, conf=-1: [1b5f48e1-875d-49d5-a3ca-2607cd8d3943:192.168.151.73:34544], old=null
2019-09-25 12:05:33,504 [pool-429-thread-1] INFO  impl.RaftServerImpl (RaftServerImpl.java:setRole(174)) - 1b5f48e1-875d-49d5-a3ca-2607cd8d3943@group-9D730E9969B8: changes role from      null to FOLLOWER at term 0 for startAsFollower
2019-09-25 12:05:33,504 [pool-429-thread-1] INFO  impl.RoleInfo (RoleInfo.java:updateAndGet(143)) - 1b5f48e1-875d-49d5-a3ca-2607cd8d3943: start FollowerState
2019-09-25 12:05:33,504 [pool-429-thread-1] INFO  util.JmxRegister (JmxRegister.java:tryRegister(44)) - Successfully registered JMX Bean with object name Ratis:service=RaftServer,group=group-9D730E9969B8,id=1b5f48e1-875d-49d5-a3ca-2607cd8d3943
2019-09-25 12:05:33,506 [RatisPipelineUtilsThread] INFO  pipeline.PipelineStateManager (PipelineStateManager.java:addPipeline(56)) - Created pipeline Pipeline[ Id: 145e4da3-1d49-4c9c-a637-9d730e9969b8, Nodes: 1b5f48e1-875d-49d5-a3ca-2607cd8d3943{ip: 192.168.151.73, host: pr-hdds-1569-shd4m-3693607622, networkLocation: /default-rack, certSerialId: null}, Type:RATIS, Factor:ONE, State:OPEN]
2019-09-25 12:05:33,509 [grpc-default-executor-2] INFO  impl.RaftServerProxy (RaftServerProxy.java:addNew(89)) - 4a53ed6f-dce3-4b1f-9e89-8e0e17f074cc: addNew group-5BED89A24C71:[4a53ed6f-dce3-4b1f-9e89-8e0e17f074cc:192.168.151.73:34104] returns group-5BED89A24C71:java.util.concurrent.CompletableFuture@bbc391c[Not completed]
2019-09-25 12:05:33,510 [pool-409-thread-1] INFO  impl.RaftServerImpl (RaftServerImpl.java:<init>(95)) - 4a53ed6f-dce3-4b1f-9e89-8e0e17f074cc: new RaftServerImpl for group-5BED89A24C71:[4a53ed6f-dce3-4b1f-9e89-8e0e17f074cc:192.168.151.73:34104] with ContainerStateMachine:uninitialized
2019-09-25 12:05:33,510 [pool-409-thread-1] INFO  server.RaftServerConfigKeys (ConfUtils.java:logGet(43)) - raft.server.rpc.timeout.min = 5s (custom)
2019-09-25 12:05:33,510 [pool-409-thread-1] INFO  server.RaftServerConfigKeys (ConfUtils.java:logGet(43)) - raft.server.rpc.timeout.max = 5200ms (custom)
2019-09-25 12:05:33,511 [pool-409-thread-1] INFO  server.RaftServerConfigKeys (ConfUtils.java:logGet(43)) - raft.server.rpcslowness.timeout = 120s (custom)
2019-09-25 12:05:33,511 [pool-409-thread-1] INFO  server.RaftServerConfigKeys (ConfUtils.java:logGet(43)) - raft.server.sleep.deviation.threshold = 300 (default)
2019-09-25 12:05:33,511 [pool-409-thread-1] INFO  server.RaftServerConfigKeys (ConfUtils.java:logGet(43)) - raft.server.log.appender.install.snapshot.enabled = false (custom)
2019-09-25 12:05:33,511 [pool-409-thread-1] INFO  impl.RaftServerImpl (ServerState.java:<init>(103)) - 4a53ed6f-dce3-4b1f-9e89-8e0e17f074cc@group-5BED89A24C71: ConfigurationManager, init=-1: [4a53ed6f-dce3-4b1f-9e89-8e0e17f074cc:192.168.151.73:34104], old=null, confs=<EMPTY_MAP>
2019-09-25 12:05:33,511 [pool-409-thread-1] INFO  server.RaftServerConfigKeys (ConfUtils.java:logGet(43)) - raft.server.storage.dir = [/workdir/hadoop-ozone/integration-test/target/test-dir/MiniOzoneClusterImpl-0814cdd2-95b4-491b-95c0-a7203a111cc5/datanode-0/data/ratis] (custom)
2019-09-25 12:05:33,511 [pool-409-thread-1] INFO  storage.RaftStorageDirectory (RaftStorageDirectory.java:analyzeStorage(246)) - The storage directory /workdir/hadoop-ozone/integration-test/target/test-dir/MiniOzoneClusterImpl-0814cdd2-95b4-491b-95c0-a7203a111cc5/datanode-0/data/ratis/6a31ec78-688f-4e4c-b274-5bed89a24c71 does not exist. Creating ...
2019-09-25 12:05:33,524 [pool-409-thread-1] INFO  storage.RaftStorageDirectory (RaftStorageDirectory.java:tryLock(328)) - Lock on /workdir/hadoop-ozone/integration-test/target/test-dir/MiniOzoneClusterImpl-0814cdd2-95b4-491b-95c0-a7203a111cc5/datanode-0/data/ratis/6a31ec78-688f-4e4c-b274-5bed89a24c71/in_use.lock acquired by nodename 24979@pr-hdds-1569-shd4m-3693607622
2019-09-25 12:05:33,536 [pool-409-thread-1] INFO  storage.RaftStorage (RaftStorage.java:format(72)) - Storage directory /workdir/hadoop-ozone/integration-test/target/test-dir/MiniOzoneClusterImpl-0814cdd2-95b4-491b-95c0-a7203a111cc5/datanode-0/data/ratis/6a31ec78-688f-4e4c-b274-5bed89a24c71 has been successfully formatted.
2019-09-25 12:05:33,536 [pool-409-thread-1] INFO  ratis.ContainerStateMachine (ContainerStateMachine.java:loadSnapshot(230)) - group-5BED89A24C71: The snapshot info is null. Setting the last applied indexto:(t:0, i:~)
2019-09-25 12:05:33,537 [pool-409-thread-1] INFO  server.RaftServerConfigKeys (ConfUtils.java:logGet(43)) - raft.server.notification.no-leader.timeout = 120s (custom)
2019-09-25 12:05:33,537 [pool-409-thread-1] INFO  server.RaftServerConfigKeys (ConfUtils.java:logGet(43)) - raft.server.log.use.memory = false (default)
2019-09-25 12:05:33,537 [pool-409-thread-1] INFO  server.RaftServerConfigKeys (ConfUtils.java:logGet(43)) - raft.server.log.purge.gap = 1000000 (custom)
2019-09-25 12:05:33,537 [pool-409-thread-1] INFO  server.RaftServerConfigKeys (ConfUtils.java:logGet(43)) - raft.server.log.appender.buffer.byte-limit = 33554432 (custom)
2019-09-25 12:05:33,537 [pool-409-thread-1] INFO  server.RaftServerConfigKeys (ConfUtils.java:logGet(43)) - raft.server.log.segment.size.max = 1048576 (custom)
2019-09-25 12:05:33,537 [pool-409-thread-1] INFO  server.RaftServerConfigKeys (ConfUtils.java:logGet(43)) - raft.server.log.segment.cache.num.max = 2 (custom)
2019-09-25 12:05:33,537 [pool-409-thread-1] INFO  segmented.SegmentedRaftLogWorker (SegmentedRaftLogWorker.java:<init>(172)) - new 4a53ed6f-dce3-4b1f-9e89-8e0e17f074cc@group-5BED89A24C71-SegmentedRaftLogWorker for RaftStorage:Storage Directory /workdir/hadoop-ozone/integration-test/target/test-dir/MiniOzoneClusterImpl-0814cdd2-95b4-491b-95c0-a7203a111cc5/datanode-0/data/ratis/6a31ec78-688f-4e4c-b274-5bed89a24c71
2019-09-25 12:05:33,538 [pool-409-thread-1] INFO  server.RaftServerConfigKeys (ConfUtils.java:logGet(43)) - raft.server.log.queue.byte-limit = 2147483647 (custom)
2019-09-25 12:05:33,538 [pool-409-thread-1] INFO  server.RaftServerConfigKeys (ConfUtils.java:logGet(43)) - raft.server.log.queue.element-limit = 1024 (custom)
2019-09-25 12:05:33,538 [pool-409-thread-1] INFO  server.RaftServerConfigKeys (ConfUtils.java:logGet(43)) - raft.server.log.segment.size.max = 1048576 (custom)
2019-09-25 12:05:33,538 [pool-409-thread-1] INFO  server.RaftServerConfigKeys (ConfUtils.java:logGet(43)) - raft.server.log.preallocated.size = 16384 (custom)
2019-09-25 12:05:33,538 [pool-409-thread-1] INFO  server.RaftServerConfigKeys (ConfUtils.java:logGet(43)) - raft.server.log.write.buffer.size = 33554432 (custom)
2019-09-25 12:05:33,538 [pool-409-thread-1] INFO  server.RaftServerConfigKeys (ConfUtils.java:logGet(43)) - raft.server.log.force.sync.num = 128 (default)
2019-09-25 12:05:33,538 [pool-409-thread-1] INFO  server.RaftServerConfigKeys (ConfUtils.java:logGet(43)) - raft.server.log.statemachine.data.sync = true (default)
2019-09-25 12:05:33,538 [pool-409-thread-1] INFO  server.RaftServerConfigKeys (ConfUtils.java:logGet(43)) - raft.server.log.statemachine.data.sync.timeout = 10s (default)
2019-09-25 12:05:33,539 [pool-409-thread-1] INFO  server.RaftServerConfigKeys (ConfUtils.java:logGet(43)) - raft.server.log.statemachine.data.sync.timeout.retry = -1 (default)
2019-09-25 12:05:33,539 [pool-409-thread-1] INFO  server.RaftServerConfigKeys (ConfUtils.java:logGet(43)) - raft.server.log.statemachine.data.caching.enabled = true (custom)
2019-09-25 12:05:33,539 [pool-409-thread-1] INFO  segmented.SegmentedRaftLogWorker (SegmentedRaftLogWorker.java:lambda$new$0(132)) - 4a53ed6f-dce3-4b1f-9e89-8e0e17f074cc@group-5BED89A24C71-SegmentedRaftLogWorker: flushIndex: setUnconditionally 0 -> -1
2019-09-25 12:05:33,539 [pool-409-thread-1] INFO  server.RaftServerConfigKeys (ConfUtils.java:logGet(43)) - raft.server.snapshot.auto.trigger.enabled = true (custom)
2019-09-25 12:05:33,539 [pool-409-thread-1] INFO  server.RaftServerConfigKeys (ConfUtils.java:logGet(43)) - raft.server.snapshot.auto.trigger.threshold = 10000 (custom)
2019-09-25 12:05:33,540 [pool-409-thread-1] INFO  server.RaftServerConfigKeys (ConfUtils.java:logGet(43)) - raft.server.snapshot.retention.num.files = 5 (custom)
2019-09-25 12:05:33,540 [pool-409-thread-1] INFO  server.RaftServerConfigKeys (ConfUtils.java:logGet(43)) - raft.server.retrycache.expirytime = 600000ms (custom)
2019-09-25 12:05:33,541 [pool-409-thread-1] INFO  impl.RaftServerImpl (RaftServerImpl.java:start(185)) - 4a53ed6f-dce3-4b1f-9e89-8e0e17f074cc@group-5BED89A24C71: start as a follower, conf=-1: [4a53ed6f-dce3-4b1f-9e89-8e0e17f074cc:192.168.151.73:34104], old=null
2019-09-25 12:05:33,541 [pool-409-thread-1] INFO  impl.RaftServerImpl (RaftServerImpl.java:setRole(174)) - 4a53ed6f-dce3-4b1f-9e89-8e0e17f074cc@group-5BED89A24C71: changes role from      null to FOLLOWER at term 0 for startAsFollower
2019-09-25 12:05:33,542 [pool-409-thread-1] INFO  impl.RoleInfo (RoleInfo.java:updateAndGet(143)) - 4a53ed6f-dce3-4b1f-9e89-8e0e17f074cc: start FollowerState
2019-09-25 12:05:33,542 [pool-409-thread-1] INFO  util.JmxRegister (JmxRegister.java:tryRegister(44)) - Successfully registered JMX Bean with object name Ratis:service=RaftServer,group=group-5BED89A24C71,id=4a53ed6f-dce3-4b1f-9e89-8e0e17f074cc
2019-09-25 12:05:33,544 [RatisPipelineUtilsThread] INFO  pipeline.PipelineStateManager (PipelineStateManager.java:addPipeline(56)) - Created pipeline Pipeline[ Id: 6a31ec78-688f-4e4c-b274-5bed89a24c71, Nodes: 4a53ed6f-dce3-4b1f-9e89-8e0e17f074cc{ip: 192.168.151.73, host: pr-hdds-1569-shd4m-3693607622, networkLocation: /default-rack, certSerialId: null}, Type:RATIS, Factor:ONE, State:OPEN]
2019-09-25 12:05:33,546 [IPC Server handler 1 on 33125] INFO  net.NetworkTopology (NetworkTopologyImpl.java:add(111)) - Added a new node: /default-rack/aa2320bf-b2b0-4764-9bc5-2df8b93b85ea
2019-09-25 12:05:33,546 [IPC Server handler 1 on 33125] INFO  node.SCMNodeManager (SCMNodeManager.java:register(266)) - Registered Data node : aa2320bf-b2b0-4764-9bc5-2df8b93b85ea{ip: 192.168.151.73, host: pr-hdds-1569-shd4m-3693607622, networkLocation: /default-rack, certSerialId: null}
2019-09-25 12:05:33,547 [grpc-default-executor-2] INFO  impl.RaftServerProxy (RaftServerProxy.java:addNew(89)) - dd53ae84-fcc6-4953-b3df-628fab38f53c: addNew group-24943789054F:[dd53ae84-fcc6-4953-b3df-628fab38f53c:192.168.151.73:42918] returns group-24943789054F:java.util.concurrent.CompletableFuture@41c3f6dc[Not completed]
2019-09-25 12:05:33,548 [pool-419-thread-1] INFO  impl.RaftServerImpl (RaftServerImpl.java:<init>(95)) - dd53ae84-fcc6-4953-b3df-628fab38f53c: new RaftServerImpl for group-24943789054F:[dd53ae84-fcc6-4953-b3df-628fab38f53c:192.168.151.73:42918] with ContainerStateMachine:uninitialized
2019-09-25 12:05:33,548 [pool-419-thread-1] INFO  server.RaftServerConfigKeys (ConfUtils.java:logGet(43)) - raft.server.rpc.timeout.min = 5s (custom)
2019-09-25 12:05:33,548 [pool-419-thread-1] INFO  server.RaftServerConfigKeys (ConfUtils.java:logGet(43)) - raft.server.rpc.timeout.max = 5200ms (custom)
2019-09-25 12:05:33,548 [pool-419-thread-1] INFO  server.RaftServerConfigKeys (ConfUtils.java:logGet(43)) - raft.server.rpcslowness.timeout = 120s (custom)
2019-09-25 12:05:33,548 [pool-419-thread-1] INFO  server.RaftServerConfigKeys (ConfUtils.java:logGet(43)) - raft.server.sleep.deviation.threshold = 300 (default)
2019-09-25 12:05:33,549 [pool-419-thread-1] INFO  server.RaftServerConfigKeys (ConfUtils.java:logGet(43)) - raft.server.log.appender.install.snapshot.enabled = false (custom)
2019-09-25 12:05:33,549 [pool-419-thread-1] INFO  impl.RaftServerImpl (ServerState.java:<init>(103)) - dd53ae84-fcc6-4953-b3df-628fab38f53c@group-24943789054F: ConfigurationManager, init=-1: [dd53ae84-fcc6-4953-b3df-628fab38f53c:192.168.151.73:42918], old=null, confs=<EMPTY_MAP>
2019-09-25 12:05:33,549 [pool-419-thread-1] INFO  server.RaftServerConfigKeys (ConfUtils.java:logGet(43)) - raft.server.storage.dir = [/workdir/hadoop-ozone/integration-test/target/test-dir/MiniOzoneClusterImpl-0814cdd2-95b4-491b-95c0-a7203a111cc5/datanode-1/data/ratis] (custom)
2019-09-25 12:05:33,549 [pool-419-thread-1] INFO  storage.RaftStorageDirectory (RaftStorageDirectory.java:analyzeStorage(246)) - The storage directory /workdir/hadoop-ozone/integration-test/target/test-dir/MiniOzoneClusterImpl-0814cdd2-95b4-491b-95c0-a7203a111cc5/datanode-1/data/ratis/20bfe9cf-b42a-4b9d-88b4-24943789054f does not exist. Creating ...
2019-09-25 12:05:33,562 [pool-419-thread-1] INFO  storage.RaftStorageDirectory (RaftStorageDirectory.java:tryLock(328)) - Lock on /workdir/hadoop-ozone/integration-test/target/test-dir/MiniOzoneClusterImpl-0814cdd2-95b4-491b-95c0-a7203a111cc5/datanode-1/data/ratis/20bfe9cf-b42a-4b9d-88b4-24943789054f/in_use.lock acquired by nodename 24979@pr-hdds-1569-shd4m-3693607622
2019-09-25 12:05:33,565 [pool-419-thread-1] INFO  storage.RaftStorage (RaftStorage.java:format(72)) - Storage directory /workdir/hadoop-ozone/integration-test/target/test-dir/MiniOzoneClusterImpl-0814cdd2-95b4-491b-95c0-a7203a111cc5/datanode-1/data/ratis/20bfe9cf-b42a-4b9d-88b4-24943789054f has been successfully formatted.
2019-09-25 12:05:33,566 [pool-419-thread-1] INFO  ratis.ContainerStateMachine (ContainerStateMachine.java:loadSnapshot(230)) - group-24943789054F: The snapshot info is null. Setting the last applied indexto:(t:0, i:~)
2019-09-25 12:05:33,566 [pool-419-thread-1] INFO  server.RaftServerConfigKeys (ConfUtils.java:logGet(43)) - raft.server.notification.no-leader.timeout = 120s (custom)
2019-09-25 12:05:33,566 [pool-419-thread-1] INFO  server.RaftServerConfigKeys (ConfUtils.java:logGet(43)) - raft.server.log.use.memory = false (default)
2019-09-25 12:05:33,566 [pool-419-thread-1] INFO  server.RaftServerConfigKeys (ConfUtils.java:logGet(43)) - raft.server.log.purge.gap = 1000000 (custom)
2019-09-25 12:05:33,566 [pool-419-thread-1] INFO  server.RaftServerConfigKeys (ConfUtils.java:logGet(43)) - raft.server.log.appender.buffer.byte-limit = 33554432 (custom)
2019-09-25 12:05:33,566 [pool-419-thread-1] INFO  server.RaftServerConfigKeys (ConfUtils.java:logGet(43)) - raft.server.log.segment.size.max = 1048576 (custom)
2019-09-25 12:05:33,566 [pool-419-thread-1] INFO  server.RaftServerConfigKeys (ConfUtils.java:logGet(43)) - raft.server.log.segment.cache.num.max = 2 (custom)
2019-09-25 12:05:33,567 [pool-419-thread-1] INFO  segmented.SegmentedRaftLogWorker (SegmentedRaftLogWorker.java:<init>(172)) - new dd53ae84-fcc6-4953-b3df-628fab38f53c@group-24943789054F-SegmentedRaftLogWorker for RaftStorage:Storage Directory /workdir/hadoop-ozone/integration-test/target/test-dir/MiniOzoneClusterImpl-0814cdd2-95b4-491b-95c0-a7203a111cc5/datanode-1/data/ratis/20bfe9cf-b42a-4b9d-88b4-24943789054f
2019-09-25 12:05:33,567 [pool-419-thread-1] INFO  server.RaftServerConfigKeys (ConfUtils.java:logGet(43)) - raft.server.log.queue.byte-limit = 2147483647 (custom)
2019-09-25 12:05:33,567 [pool-419-thread-1] INFO  server.RaftServerConfigKeys (ConfUtils.java:logGet(43)) - raft.server.log.queue.element-limit = 1024 (custom)
2019-09-25 12:05:33,567 [pool-419-thread-1] INFO  server.RaftServerConfigKeys (ConfUtils.java:logGet(43)) - raft.server.log.segment.size.max = 1048576 (custom)
2019-09-25 12:05:33,567 [pool-419-thread-1] INFO  server.RaftServerConfigKeys (ConfUtils.java:logGet(43)) - raft.server.log.preallocated.size = 16384 (custom)
2019-09-25 12:05:33,567 [pool-419-thread-1] INFO  server.RaftServerConfigKeys (ConfUtils.java:logGet(43)) - raft.server.log.write.buffer.size = 33554432 (custom)
2019-09-25 12:05:33,567 [pool-419-thread-1] INFO  server.RaftServerConfigKeys (ConfUtils.java:logGet(43)) - raft.server.log.force.sync.num = 128 (default)
2019-09-25 12:05:33,568 [pool-419-thread-1] INFO  server.RaftServerConfigKeys (ConfUtils.java:logGet(43)) - raft.server.log.statemachine.data.sync = true (default)
2019-09-25 12:05:33,568 [pool-419-thread-1] INFO  server.RaftServerConfigKeys (ConfUtils.java:logGet(43)) - raft.server.log.statemachine.data.sync.timeout = 10s (default)
2019-09-25 12:05:33,568 [pool-419-thread-1] INFO  server.RaftServerConfigKeys (ConfUtils.java:logGet(43)) - raft.server.log.statemachine.data.sync.timeout.retry = -1 (default)
2019-09-25 12:05:33,568 [pool-419-thread-1] INFO  server.RaftServerConfigKeys (ConfUtils.java:logGet(43)) - raft.server.log.statemachine.data.caching.enabled = true (custom)
2019-09-25 12:05:33,568 [pool-419-thread-1] INFO  segmented.SegmentedRaftLogWorker (SegmentedRaftLogWorker.java:lambda$new$0(132)) - dd53ae84-fcc6-4953-b3df-628fab38f53c@group-24943789054F-SegmentedRaftLogWorker: flushIndex: setUnconditionally 0 -> -1
2019-09-25 12:05:33,568 [pool-419-thread-1] INFO  server.RaftServerConfigKeys (ConfUtils.java:logGet(43)) - raft.server.snapshot.auto.trigger.enabled = true (custom)
2019-09-25 12:05:33,569 [pool-419-thread-1] INFO  server.RaftServerConfigKeys (ConfUtils.java:logGet(43)) - raft.server.snapshot.auto.trigger.threshold = 10000 (custom)
2019-09-25 12:05:33,569 [pool-419-thread-1] INFO  server.RaftServerConfigKeys (ConfUtils.java:logGet(43)) - raft.server.snapshot.retention.num.files = 5 (custom)
2019-09-25 12:05:33,569 [pool-419-thread-1] INFO  server.RaftServerConfigKeys (ConfUtils.java:logGet(43)) - raft.server.retrycache.expirytime = 600000ms (custom)
2019-09-25 12:05:33,570 [pool-419-thread-1] INFO  impl.RaftServerImpl (RaftServerImpl.java:start(185)) - dd53ae84-fcc6-4953-b3df-628fab38f53c@group-24943789054F: start as a follower, conf=-1: [dd53ae84-fcc6-4953-b3df-628fab38f53c:192.168.151.73:42918], old=null
2019-09-25 12:05:33,571 [pool-419-thread-1] INFO  impl.RaftServerImpl (RaftServerImpl.java:setRole(174)) - dd53ae84-fcc6-4953-b3df-628fab38f53c@group-24943789054F: changes role from      null to FOLLOWER at term 0 for startAsFollower
2019-09-25 12:05:33,571 [pool-419-thread-1] INFO  impl.RoleInfo (RoleInfo.java:updateAndGet(143)) - dd53ae84-fcc6-4953-b3df-628fab38f53c: start FollowerState
2019-09-25 12:05:33,571 [pool-419-thread-1] INFO  util.JmxRegister (JmxRegister.java:tryRegister(44)) - Successfully registered JMX Bean with object name Ratis:service=RaftServer,group=group-24943789054F,id=dd53ae84-fcc6-4953-b3df-628fab38f53c
2019-09-25 12:05:33,573 [RatisPipelineUtilsThread] INFO  pipeline.PipelineStateManager (PipelineStateManager.java:addPipeline(56)) - Created pipeline Pipeline[ Id: 20bfe9cf-b42a-4b9d-88b4-24943789054f, Nodes: dd53ae84-fcc6-4953-b3df-628fab38f53c{ip: 192.168.151.73, host: pr-hdds-1569-shd4m-3693607622, networkLocation: /default-rack, certSerialId: null}, Type:RATIS, Factor:ONE, State:OPEN]
2019-09-25 12:05:33,576 [grpc-default-executor-2] INFO  impl.RaftServerProxy (RaftServerProxy.java:addNew(89)) - 4a53ed6f-dce3-4b1f-9e89-8e0e17f074cc: addNew group-B4CB4A1EA249:[4a53ed6f-dce3-4b1f-9e89-8e0e17f074cc:192.168.151.73:34104] returns group-B4CB4A1EA249:java.util.concurrent.CompletableFuture@6c9641d9[Not completed]
2019-09-25 12:05:33,577 [pool-409-thread-1] INFO  impl.RaftServerImpl (RaftServerImpl.java:<init>(95)) - 4a53ed6f-dce3-4b1f-9e89-8e0e17f074cc: new RaftServerImpl for group-B4CB4A1EA249:[4a53ed6f-dce3-4b1f-9e89-8e0e17f074cc:192.168.151.73:34104] with ContainerStateMachine:uninitialized
2019-09-25 12:05:33,577 [pool-409-thread-1] INFO  server.RaftServerConfigKeys (ConfUtils.java:logGet(43)) - raft.server.rpc.timeout.min = 5s (custom)
2019-09-25 12:05:33,577 [pool-409-thread-1] INFO  server.RaftServerConfigKeys (ConfUtils.java:logGet(43)) - raft.server.rpc.timeout.max = 5200ms (custom)
2019-09-25 12:05:33,578 [pool-409-thread-1] INFO  server.RaftServerConfigKeys (ConfUtils.java:logGet(43)) - raft.server.rpcslowness.timeout = 120s (custom)
2019-09-25 12:05:33,578 [pool-409-thread-1] INFO  server.RaftServerConfigKeys (ConfUtils.java:logGet(43)) - raft.server.sleep.deviation.threshold = 300 (default)
2019-09-25 12:05:33,578 [pool-409-thread-1] INFO  server.RaftServerConfigKeys (ConfUtils.java:logGet(43)) - raft.server.log.appender.install.snapshot.enabled = false (custom)
2019-09-25 12:05:33,578 [pool-409-thread-1] INFO  impl.RaftServerImpl (ServerState.java:<init>(103)) - 4a53ed6f-dce3-4b1f-9e89-8e0e17f074cc@group-B4CB4A1EA249: ConfigurationManager, init=-1: [4a53ed6f-dce3-4b1f-9e89-8e0e17f074cc:192.168.151.73:34104], old=null, confs=<EMPTY_MAP>
2019-09-25 12:05:33,578 [pool-409-thread-1] INFO  server.RaftServerConfigKeys (ConfUtils.java:logGet(43)) - raft.server.storage.dir = [/workdir/hadoop-ozone/integration-test/target/test-dir/MiniOzoneClusterImpl-0814cdd2-95b4-491b-95c0-a7203a111cc5/datanode-0/data/ratis] (custom)
2019-09-25 12:05:33,578 [pool-409-thread-1] INFO  storage.RaftStorageDirectory (RaftStorageDirectory.java:analyzeStorage(246)) - The storage directory /workdir/hadoop-ozone/integration-test/target/test-dir/MiniOzoneClusterImpl-0814cdd2-95b4-491b-95c0-a7203a111cc5/datanode-0/data/ratis/71142c78-9daf-43e4-9c55-b4cb4a1ea249 does not exist. Creating ...
2019-09-25 12:05:33,582 [pool-409-thread-1] INFO  storage.RaftStorageDirectory (RaftStorageDirectory.java:tryLock(328)) - Lock on /workdir/hadoop-ozone/integration-test/target/test-dir/MiniOzoneClusterImpl-0814cdd2-95b4-491b-95c0-a7203a111cc5/datanode-0/data/ratis/71142c78-9daf-43e4-9c55-b4cb4a1ea249/in_use.lock acquired by nodename 24979@pr-hdds-1569-shd4m-3693607622
2019-09-25 12:05:33,585 [pool-409-thread-1] INFO  storage.RaftStorage (RaftStorage.java:format(72)) - Storage directory /workdir/hadoop-ozone/integration-test/target/test-dir/MiniOzoneClusterImpl-0814cdd2-95b4-491b-95c0-a7203a111cc5/datanode-0/data/ratis/71142c78-9daf-43e4-9c55-b4cb4a1ea249 has been successfully formatted.
2019-09-25 12:05:33,585 [pool-409-thread-1] INFO  ratis.ContainerStateMachine (ContainerStateMachine.java:loadSnapshot(230)) - group-B4CB4A1EA249: The snapshot info is null. Setting the last applied indexto:(t:0, i:~)
2019-09-25 12:05:33,586 [pool-409-thread-1] INFO  server.RaftServerConfigKeys (ConfUtils.java:logGet(43)) - raft.server.notification.no-leader.timeout = 120s (custom)
2019-09-25 12:05:33,586 [pool-409-thread-1] INFO  server.RaftServerConfigKeys (ConfUtils.java:logGet(43)) - raft.server.log.use.memory = false (default)
2019-09-25 12:05:33,586 [pool-409-thread-1] INFO  server.RaftServerConfigKeys (ConfUtils.java:logGet(43)) - raft.server.log.purge.gap = 1000000 (custom)
2019-09-25 12:05:33,586 [pool-409-thread-1] INFO  server.RaftServerConfigKeys (ConfUtils.java:logGet(43)) - raft.server.log.appender.buffer.byte-limit = 33554432 (custom)
2019-09-25 12:05:33,586 [pool-409-thread-1] INFO  server.RaftServerConfigKeys (ConfUtils.java:logGet(43)) - raft.server.log.segment.size.max = 1048576 (custom)
2019-09-25 12:05:33,586 [pool-409-thread-1] INFO  server.RaftServerConfigKeys (ConfUtils.java:logGet(43)) - raft.server.log.segment.cache.num.max = 2 (custom)
2019-09-25 12:05:33,586 [pool-409-thread-1] INFO  segmented.SegmentedRaftLogWorker (SegmentedRaftLogWorker.java:<init>(172)) - new 4a53ed6f-dce3-4b1f-9e89-8e0e17f074cc@group-B4CB4A1EA249-SegmentedRaftLogWorker for RaftStorage:Storage Directory /workdir/hadoop-ozone/integration-test/target/test-dir/MiniOzoneClusterImpl-0814cdd2-95b4-491b-95c0-a7203a111cc5/datanode-0/data/ratis/71142c78-9daf-43e4-9c55-b4cb4a1ea249
2019-09-25 12:05:33,586 [pool-409-thread-1] INFO  server.RaftServerConfigKeys (ConfUtils.java:logGet(43)) - raft.server.log.queue.byte-limit = 2147483647 (custom)
2019-09-25 12:05:33,587 [pool-409-thread-1] INFO  server.RaftServerConfigKeys (ConfUtils.java:logGet(43)) - raft.server.log.queue.element-limit = 1024 (custom)
2019-09-25 12:05:33,587 [pool-409-thread-1] INFO  server.RaftServerConfigKeys (ConfUtils.java:logGet(43)) - raft.server.log.segment.size.max = 1048576 (custom)
2019-09-25 12:05:33,587 [pool-409-thread-1] INFO  server.RaftServerConfigKeys (ConfUtils.java:logGet(43)) - raft.server.log.preallocated.size = 16384 (custom)
2019-09-25 12:05:33,587 [pool-409-thread-1] INFO  server.RaftServerConfigKeys (ConfUtils.java:logGet(43)) - raft.server.log.write.buffer.size = 33554432 (custom)
2019-09-25 12:05:33,587 [pool-409-thread-1] INFO  server.RaftServerConfigKeys (ConfUtils.java:logGet(43)) - raft.server.log.force.sync.num = 128 (default)
2019-09-25 12:05:33,587 [pool-409-thread-1] INFO  server.RaftServerConfigKeys (ConfUtils.java:logGet(43)) - raft.server.log.statemachine.data.sync = true (default)
2019-09-25 12:05:33,587 [pool-409-thread-1] INFO  server.RaftServerConfigKeys (ConfUtils.java:logGet(43)) - raft.server.log.statemachine.data.sync.timeout = 10s (default)
2019-09-25 12:05:33,587 [pool-409-thread-1] INFO  server.RaftServerConfigKeys (ConfUtils.java:logGet(43)) - raft.server.log.statemachine.data.sync.timeout.retry = -1 (default)
2019-09-25 12:05:33,588 [pool-409-thread-1] INFO  server.RaftServerConfigKeys (ConfUtils.java:logGet(43)) - raft.server.log.statemachine.data.caching.enabled = true (custom)
2019-09-25 12:05:33,588 [pool-409-thread-1] INFO  segmented.SegmentedRaftLogWorker (SegmentedRaftLogWorker.java:lambda$new$0(132)) - 4a53ed6f-dce3-4b1f-9e89-8e0e17f074cc@group-B4CB4A1EA249-SegmentedRaftLogWorker: flushIndex: setUnconditionally 0 -> -1
2019-09-25 12:05:33,588 [pool-409-thread-1] INFO  server.RaftServerConfigKeys (ConfUtils.java:logGet(43)) - raft.server.snapshot.auto.trigger.enabled = true (custom)
2019-09-25 12:05:33,588 [pool-409-thread-1] INFO  server.RaftServerConfigKeys (ConfUtils.java:logGet(43)) - raft.server.snapshot.auto.trigger.threshold = 10000 (custom)
2019-09-25 12:05:33,588 [pool-409-thread-1] INFO  server.RaftServerConfigKeys (ConfUtils.java:logGet(43)) - raft.server.snapshot.retention.num.files = 5 (custom)
2019-09-25 12:05:33,588 [pool-409-thread-1] INFO  server.RaftServerConfigKeys (ConfUtils.java:logGet(43)) - raft.server.retrycache.expirytime = 600000ms (custom)
2019-09-25 12:05:33,590 [pool-409-thread-1] INFO  impl.RaftServerImpl (RaftServerImpl.java:start(185)) - 4a53ed6f-dce3-4b1f-9e89-8e0e17f074cc@group-B4CB4A1EA249: start as a follower, conf=-1: [4a53ed6f-dce3-4b1f-9e89-8e0e17f074cc:192.168.151.73:34104], old=null
2019-09-25 12:05:33,590 [pool-409-thread-1] INFO  impl.RaftServerImpl (RaftServerImpl.java:setRole(174)) - 4a53ed6f-dce3-4b1f-9e89-8e0e17f074cc@group-B4CB4A1EA249: changes role from      null to FOLLOWER at term 0 for startAsFollower
2019-09-25 12:05:33,590 [pool-409-thread-1] INFO  impl.RoleInfo (RoleInfo.java:updateAndGet(143)) - 4a53ed6f-dce3-4b1f-9e89-8e0e17f074cc: start FollowerState
2019-09-25 12:05:33,590 [pool-409-thread-1] INFO  util.JmxRegister (JmxRegister.java:tryRegister(44)) - Successfully registered JMX Bean with object name Ratis:service=RaftServer,group=group-B4CB4A1EA249,id=4a53ed6f-dce3-4b1f-9e89-8e0e17f074cc
2019-09-25 12:05:33,592 [RatisPipelineUtilsThread] INFO  pipeline.PipelineStateManager (PipelineStateManager.java:addPipeline(56)) - Created pipeline Pipeline[ Id: 71142c78-9daf-43e4-9c55-b4cb4a1ea249, Nodes: 4a53ed6f-dce3-4b1f-9e89-8e0e17f074cc{ip: 192.168.151.73, host: pr-hdds-1569-shd4m-3693607622, networkLocation: /default-rack, certSerialId: null}, Type:RATIS, Factor:ONE, State:OPEN]
2019-09-25 12:05:33,595 [grpc-default-executor-2] INFO  impl.RaftServerProxy (RaftServerProxy.java:addNew(89)) - 4a53ed6f-dce3-4b1f-9e89-8e0e17f074cc: addNew group-F80C7622BF2E:[4a53ed6f-dce3-4b1f-9e89-8e0e17f074cc:192.168.151.73:34104] returns group-F80C7622BF2E:java.util.concurrent.CompletableFuture@2beb3a8e[Not completed]
2019-09-25 12:05:33,596 [pool-409-thread-1] INFO  impl.RaftServerImpl (RaftServerImpl.java:<init>(95)) - 4a53ed6f-dce3-4b1f-9e89-8e0e17f074cc: new RaftServerImpl for group-F80C7622BF2E:[4a53ed6f-dce3-4b1f-9e89-8e0e17f074cc:192.168.151.73:34104] with ContainerStateMachine:uninitialized
2019-09-25 12:05:33,596 [pool-409-thread-1] INFO  server.RaftServerConfigKeys (ConfUtils.java:logGet(43)) - raft.server.rpc.timeout.min = 5s (custom)
2019-09-25 12:05:33,596 [pool-409-thread-1] INFO  server.RaftServerConfigKeys (ConfUtils.java:logGet(43)) - raft.server.rpc.timeout.max = 5200ms (custom)
2019-09-25 12:05:33,597 [pool-409-thread-1] INFO  server.RaftServerConfigKeys (ConfUtils.java:logGet(43)) - raft.server.rpcslowness.timeout = 120s (custom)
2019-09-25 12:05:33,597 [pool-409-thread-1] INFO  server.RaftServerConfigKeys (ConfUtils.java:logGet(43)) - raft.server.sleep.deviation.threshold = 300 (default)
2019-09-25 12:05:33,597 [pool-409-thread-1] INFO  server.RaftServerConfigKeys (ConfUtils.java:logGet(43)) - raft.server.log.appender.install.snapshot.enabled = false (custom)
2019-09-25 12:05:33,597 [pool-409-thread-1] INFO  impl.RaftServerImpl (ServerState.java:<init>(103)) - 4a53ed6f-dce3-4b1f-9e89-8e0e17f074cc@group-F80C7622BF2E: ConfigurationManager, init=-1: [4a53ed6f-dce3-4b1f-9e89-8e0e17f074cc:192.168.151.73:34104], old=null, confs=<EMPTY_MAP>
2019-09-25 12:05:33,597 [pool-409-thread-1] INFO  server.RaftServerConfigKeys (ConfUtils.java:logGet(43)) - raft.server.storage.dir = [/workdir/hadoop-ozone/integration-test/target/test-dir/MiniOzoneClusterImpl-0814cdd2-95b4-491b-95c0-a7203a111cc5/datanode-0/data/ratis] (custom)
2019-09-25 12:05:33,597 [pool-409-thread-1] INFO  storage.RaftStorageDirectory (RaftStorageDirectory.java:analyzeStorage(246)) - The storage directory /workdir/hadoop-ozone/integration-test/target/test-dir/MiniOzoneClusterImpl-0814cdd2-95b4-491b-95c0-a7203a111cc5/datanode-0/data/ratis/351631d1-52c9-4b57-a3a9-f80c7622bf2e does not exist. Creating ...
2019-09-25 12:05:33,600 [pool-409-thread-1] INFO  storage.RaftStorageDirectory (RaftStorageDirectory.java:tryLock(328)) - Lock on /workdir/hadoop-ozone/integration-test/target/test-dir/MiniOzoneClusterImpl-0814cdd2-95b4-491b-95c0-a7203a111cc5/datanode-0/data/ratis/351631d1-52c9-4b57-a3a9-f80c7622bf2e/in_use.lock acquired by nodename 24979@pr-hdds-1569-shd4m-3693607622
2019-09-25 12:05:33,605 [pool-409-thread-1] INFO  storage.RaftStorage (RaftStorage.java:format(72)) - Storage directory /workdir/hadoop-ozone/integration-test/target/test-dir/MiniOzoneClusterImpl-0814cdd2-95b4-491b-95c0-a7203a111cc5/datanode-0/data/ratis/351631d1-52c9-4b57-a3a9-f80c7622bf2e has been successfully formatted.
2019-09-25 12:05:33,606 [pool-409-thread-1] INFO  ratis.ContainerStateMachine (ContainerStateMachine.java:loadSnapshot(230)) - group-F80C7622BF2E: The snapshot info is null. Setting the last applied indexto:(t:0, i:~)
2019-09-25 12:05:33,606 [pool-409-thread-1] INFO  server.RaftServerConfigKeys (ConfUtils.java:logGet(43)) - raft.server.notification.no-leader.timeout = 120s (custom)
2019-09-25 12:05:33,606 [pool-409-thread-1] INFO  server.RaftServerConfigKeys (ConfUtils.java:logGet(43)) - raft.server.log.use.memory = false (default)
2019-09-25 12:05:33,606 [pool-409-thread-1] INFO  server.RaftServerConfigKeys (ConfUtils.java:logGet(43)) - raft.server.log.purge.gap = 1000000 (custom)
2019-09-25 12:05:33,606 [pool-409-thread-1] INFO  server.RaftServerConfigKeys (ConfUtils.java:logGet(43)) - raft.server.log.appender.buffer.byte-limit = 33554432 (custom)
2019-09-25 12:05:33,606 [pool-409-thread-1] INFO  server.RaftServerConfigKeys (ConfUtils.java:logGet(43)) - raft.server.log.segment.size.max = 1048576 (custom)
2019-09-25 12:05:33,606 [pool-409-thread-1] INFO  server.RaftServerConfigKeys (ConfUtils.java:logGet(43)) - raft.server.log.segment.cache.num.max = 2 (custom)
2019-09-25 12:05:33,607 [pool-409-thread-1] INFO  segmented.SegmentedRaftLogWorker (SegmentedRaftLogWorker.java:<init>(172)) - new 4a53ed6f-dce3-4b1f-9e89-8e0e17f074cc@group-F80C7622BF2E-SegmentedRaftLogWorker for RaftStorage:Storage Directory /workdir/hadoop-ozone/integration-test/target/test-dir/MiniOzoneClusterImpl-0814cdd2-95b4-491b-95c0-a7203a111cc5/datanode-0/data/ratis/351631d1-52c9-4b57-a3a9-f80c7622bf2e
2019-09-25 12:05:33,607 [pool-409-thread-1] INFO  server.RaftServerConfigKeys (ConfUtils.java:logGet(43)) - raft.server.log.queue.byte-limit = 2147483647 (custom)
2019-09-25 12:05:33,607 [pool-409-thread-1] INFO  server.RaftServerConfigKeys (ConfUtils.java:logGet(43)) - raft.server.log.queue.element-limit = 1024 (custom)
2019-09-25 12:05:33,607 [pool-409-thread-1] INFO  server.RaftServerConfigKeys (ConfUtils.java:logGet(43)) - raft.server.log.segment.size.max = 1048576 (custom)
2019-09-25 12:05:33,607 [pool-409-thread-1] INFO  server.RaftServerConfigKeys (ConfUtils.java:logGet(43)) - raft.server.log.preallocated.size = 16384 (custom)
2019-09-25 12:05:33,607 [pool-409-thread-1] INFO  server.RaftServerConfigKeys (ConfUtils.java:logGet(43)) - raft.server.log.write.buffer.size = 33554432 (custom)
2019-09-25 12:05:33,607 [pool-409-thread-1] INFO  server.RaftServerConfigKeys (ConfUtils.java:logGet(43)) - raft.server.log.force.sync.num = 128 (default)
2019-09-25 12:05:33,607 [pool-409-thread-1] INFO  server.RaftServerConfigKeys (ConfUtils.java:logGet(43)) - raft.server.log.statemachine.data.sync = true (default)
2019-09-25 12:05:33,607 [pool-409-thread-1] INFO  server.RaftServerConfigKeys (ConfUtils.java:logGet(43)) - raft.server.log.statemachine.data.sync.timeout = 10s (default)
2019-09-25 12:05:33,607 [pool-409-thread-1] INFO  server.RaftServerConfigKeys (ConfUtils.java:logGet(43)) - raft.server.log.statemachine.data.sync.timeout.retry = -1 (default)
2019-09-25 12:05:33,608 [pool-409-thread-1] INFO  server.RaftServerConfigKeys (ConfUtils.java:logGet(43)) - raft.server.log.statemachine.data.caching.enabled = true (custom)
2019-09-25 12:05:33,608 [pool-409-thread-1] INFO  segmented.SegmentedRaftLogWorker (SegmentedRaftLogWorker.java:lambda$new$0(132)) - 4a53ed6f-dce3-4b1f-9e89-8e0e17f074cc@group-F80C7622BF2E-SegmentedRaftLogWorker: flushIndex: setUnconditionally 0 -> -1
2019-09-25 12:05:33,608 [pool-409-thread-1] INFO  server.RaftServerConfigKeys (ConfUtils.java:logGet(43)) - raft.server.snapshot.auto.trigger.enabled = true (custom)
2019-09-25 12:05:33,608 [pool-409-thread-1] INFO  server.RaftServerConfigKeys (ConfUtils.java:logGet(43)) - raft.server.snapshot.auto.trigger.threshold = 10000 (custom)
2019-09-25 12:05:33,608 [pool-409-thread-1] INFO  server.RaftServerConfigKeys (ConfUtils.java:logGet(43)) - raft.server.snapshot.retention.num.files = 5 (custom)
2019-09-25 12:05:33,608 [pool-409-thread-1] INFO  server.RaftServerConfigKeys (ConfUtils.java:logGet(43)) - raft.server.retrycache.expirytime = 600000ms (custom)
2019-09-25 12:05:33,610 [pool-409-thread-1] INFO  impl.RaftServerImpl (RaftServerImpl.java:start(185)) - 4a53ed6f-dce3-4b1f-9e89-8e0e17f074cc@group-F80C7622BF2E: start as a follower, conf=-1: [4a53ed6f-dce3-4b1f-9e89-8e0e17f074cc:192.168.151.73:34104], old=null
2019-09-25 12:05:33,610 [pool-409-thread-1] INFO  impl.RaftServerImpl (RaftServerImpl.java:setRole(174)) - 4a53ed6f-dce3-4b1f-9e89-8e0e17f074cc@group-F80C7622BF2E: changes role from      null to FOLLOWER at term 0 for startAsFollower
2019-09-25 12:05:33,610 [pool-409-thread-1] INFO  impl.RoleInfo (RoleInfo.java:updateAndGet(143)) - 4a53ed6f-dce3-4b1f-9e89-8e0e17f074cc: start FollowerState
2019-09-25 12:05:33,610 [pool-409-thread-1] INFO  util.JmxRegister (JmxRegister.java:tryRegister(44)) - Successfully registered JMX Bean with object name Ratis:service=RaftServer,group=group-F80C7622BF2E,id=4a53ed6f-dce3-4b1f-9e89-8e0e17f074cc
2019-09-25 12:05:33,612 [RatisPipelineUtilsThread] INFO  pipeline.PipelineStateManager (PipelineStateManager.java:addPipeline(56)) - Created pipeline Pipeline[ Id: 351631d1-52c9-4b57-a3a9-f80c7622bf2e, Nodes: 4a53ed6f-dce3-4b1f-9e89-8e0e17f074cc{ip: 192.168.151.73, host: pr-hdds-1569-shd4m-3693607622, networkLocation: /default-rack, certSerialId: null}, Type:RATIS, Factor:ONE, State:OPEN]
2019-09-25 12:05:33,612 [RatisPipelineUtilsThread] INFO  pipeline.PipelinePlacementPolicy (PipelinePlacementPolicy.java:meetCriteria(91)) - Pipeline Placement: can't place more pipeline on heavy datanode： 4a53ed6f-dce3-4b1f-9e89-8e0e17f074cc Heaviness: 6 limit: 5
2019-09-25 12:05:33,615 [grpc-default-executor-2] INFO  impl.RaftServerProxy (RaftServerProxy.java:addNew(89)) - dd53ae84-fcc6-4953-b3df-628fab38f53c: addNew group-B1464C5BF144:[dd53ae84-fcc6-4953-b3df-628fab38f53c:192.168.151.73:42918] returns group-B1464C5BF144:java.util.concurrent.CompletableFuture@3482c9b2[Not completed]
2019-09-25 12:05:33,615 [IPC Server handler 0 on 33125] INFO  net.NetworkTopology (NetworkTopologyImpl.java:add(111)) - Added a new node: /default-rack/e20b9d38-a0cd-4cc2-b07d-99b310028cde
2019-09-25 12:05:33,615 [IPC Server handler 0 on 33125] INFO  node.SCMNodeManager (SCMNodeManager.java:register(266)) - Registered Data node : e20b9d38-a0cd-4cc2-b07d-99b310028cde{ip: 192.168.151.73, host: pr-hdds-1569-shd4m-3693607622, networkLocation: /default-rack, certSerialId: null}
2019-09-25 12:05:33,616 [pool-419-thread-1] INFO  impl.RaftServerImpl (RaftServerImpl.java:<init>(95)) - dd53ae84-fcc6-4953-b3df-628fab38f53c: new RaftServerImpl for group-B1464C5BF144:[dd53ae84-fcc6-4953-b3df-628fab38f53c:192.168.151.73:42918] with ContainerStateMachine:uninitialized
2019-09-25 12:05:33,616 [pool-419-thread-1] INFO  server.RaftServerConfigKeys (ConfUtils.java:logGet(43)) - raft.server.rpc.timeout.min = 5s (custom)
2019-09-25 12:05:33,616 [pool-419-thread-1] INFO  server.RaftServerConfigKeys (ConfUtils.java:logGet(43)) - raft.server.rpc.timeout.max = 5200ms (custom)
2019-09-25 12:05:33,616 [pool-419-thread-1] INFO  server.RaftServerConfigKeys (ConfUtils.java:logGet(43)) - raft.server.rpcslowness.timeout = 120s (custom)
2019-09-25 12:05:33,616 [pool-419-thread-1] INFO  server.RaftServerConfigKeys (ConfUtils.java:logGet(43)) - raft.server.sleep.deviation.threshold = 300 (default)
2019-09-25 12:05:33,616 [pool-419-thread-1] INFO  server.RaftServerConfigKeys (ConfUtils.java:logGet(43)) - raft.server.log.appender.install.snapshot.enabled = false (custom)
2019-09-25 12:05:33,616 [pool-419-thread-1] INFO  impl.RaftServerImpl (ServerState.java:<init>(103)) - dd53ae84-fcc6-4953-b3df-628fab38f53c@group-B1464C5BF144: ConfigurationManager, init=-1: [dd53ae84-fcc6-4953-b3df-628fab38f53c:192.168.151.73:42918], old=null, confs=<EMPTY_MAP>
2019-09-25 12:05:33,617 [pool-419-thread-1] INFO  server.RaftServerConfigKeys (ConfUtils.java:logGet(43)) - raft.server.storage.dir = [/workdir/hadoop-ozone/integration-test/target/test-dir/MiniOzoneClusterImpl-0814cdd2-95b4-491b-95c0-a7203a111cc5/datanode-1/data/ratis] (custom)
2019-09-25 12:05:33,617 [pool-419-thread-1] INFO  storage.RaftStorageDirectory (RaftStorageDirectory.java:analyzeStorage(246)) - The storage directory /workdir/hadoop-ozone/integration-test/target/test-dir/MiniOzoneClusterImpl-0814cdd2-95b4-491b-95c0-a7203a111cc5/datanode-1/data/ratis/23f68642-bbdc-4dce-b576-b1464c5bf144 does not exist. Creating ...
2019-09-25 12:05:33,621 [pool-419-thread-1] INFO  storage.RaftStorageDirectory (RaftStorageDirectory.java:tryLock(328)) - Lock on /workdir/hadoop-ozone/integration-test/target/test-dir/MiniOzoneClusterImpl-0814cdd2-95b4-491b-95c0-a7203a111cc5/datanode-1/data/ratis/23f68642-bbdc-4dce-b576-b1464c5bf144/in_use.lock acquired by nodename 24979@pr-hdds-1569-shd4m-3693607622
2019-09-25 12:05:33,645 [pool-419-thread-1] INFO  storage.RaftStorage (RaftStorage.java:format(72)) - Storage directory /workdir/hadoop-ozone/integration-test/target/test-dir/MiniOzoneClusterImpl-0814cdd2-95b4-491b-95c0-a7203a111cc5/datanode-1/data/ratis/23f68642-bbdc-4dce-b576-b1464c5bf144 has been successfully formatted.
2019-09-25 12:05:33,646 [pool-419-thread-1] INFO  ratis.ContainerStateMachine (ContainerStateMachine.java:loadSnapshot(230)) - group-B1464C5BF144: The snapshot info is null. Setting the last applied indexto:(t:0, i:~)
2019-09-25 12:05:33,646 [pool-419-thread-1] INFO  server.RaftServerConfigKeys (ConfUtils.java:logGet(43)) - raft.server.notification.no-leader.timeout = 120s (custom)
2019-09-25 12:05:33,646 [pool-419-thread-1] INFO  server.RaftServerConfigKeys (ConfUtils.java:logGet(43)) - raft.server.log.use.memory = false (default)
2019-09-25 12:05:33,646 [pool-419-thread-1] INFO  server.RaftServerConfigKeys (ConfUtils.java:logGet(43)) - raft.server.log.purge.gap = 1000000 (custom)
2019-09-25 12:05:33,646 [pool-419-thread-1] INFO  server.RaftServerConfigKeys (ConfUtils.java:logGet(43)) - raft.server.log.appender.buffer.byte-limit = 33554432 (custom)
2019-09-25 12:05:33,646 [pool-419-thread-1] INFO  server.RaftServerConfigKeys (ConfUtils.java:logGet(43)) - raft.server.log.segment.size.max = 1048576 (custom)
2019-09-25 12:05:33,647 [pool-419-thread-1] INFO  server.RaftServerConfigKeys (ConfUtils.java:logGet(43)) - raft.server.log.segment.cache.num.max = 2 (custom)
2019-09-25 12:05:33,647 [pool-419-thread-1] INFO  segmented.SegmentedRaftLogWorker (SegmentedRaftLogWorker.java:<init>(172)) - new dd53ae84-fcc6-4953-b3df-628fab38f53c@group-B1464C5BF144-SegmentedRaftLogWorker for RaftStorage:Storage Directory /workdir/hadoop-ozone/integration-test/target/test-dir/MiniOzoneClusterImpl-0814cdd2-95b4-491b-95c0-a7203a111cc5/datanode-1/data/ratis/23f68642-bbdc-4dce-b576-b1464c5bf144
2019-09-25 12:05:33,647 [pool-419-thread-1] INFO  server.RaftServerConfigKeys (ConfUtils.java:logGet(43)) - raft.server.log.queue.byte-limit = 2147483647 (custom)
2019-09-25 12:05:33,647 [pool-419-thread-1] INFO  server.RaftServerConfigKeys (ConfUtils.java:logGet(43)) - raft.server.log.queue.element-limit = 1024 (custom)
2019-09-25 12:05:33,647 [pool-419-thread-1] INFO  server.RaftServerConfigKeys (ConfUtils.java:logGet(43)) - raft.server.log.segment.size.max = 1048576 (custom)
2019-09-25 12:05:33,647 [pool-419-thread-1] INFO  server.RaftServerConfigKeys (ConfUtils.java:logGet(43)) - raft.server.log.preallocated.size = 16384 (custom)
2019-09-25 12:05:33,648 [pool-419-thread-1] INFO  server.RaftServerConfigKeys (ConfUtils.java:logGet(43)) - raft.server.log.write.buffer.size = 33554432 (custom)
2019-09-25 12:05:33,648 [pool-419-thread-1] INFO  server.RaftServerConfigKeys (ConfUtils.java:logGet(43)) - raft.server.log.force.sync.num = 128 (default)
2019-09-25 12:05:33,648 [pool-419-thread-1] INFO  server.RaftServerConfigKeys (ConfUtils.java:logGet(43)) - raft.server.log.statemachine.data.sync = true (default)
2019-09-25 12:05:33,648 [pool-419-thread-1] INFO  server.RaftServerConfigKeys (ConfUtils.java:logGet(43)) - raft.server.log.statemachine.data.sync.timeout = 10s (default)
2019-09-25 12:05:33,648 [pool-419-thread-1] INFO  server.RaftServerConfigKeys (ConfUtils.java:logGet(43)) - raft.server.log.statemachine.data.sync.timeout.retry = -1 (default)
2019-09-25 12:05:33,648 [pool-419-thread-1] INFO  server.RaftServerConfigKeys (ConfUtils.java:logGet(43)) - raft.server.log.statemachine.data.caching.enabled = true (custom)
2019-09-25 12:05:33,649 [pool-419-thread-1] INFO  segmented.SegmentedRaftLogWorker (SegmentedRaftLogWorker.java:lambda$new$0(132)) - dd53ae84-fcc6-4953-b3df-628fab38f53c@group-B1464C5BF144-SegmentedRaftLogWorker: flushIndex: setUnconditionally 0 -> -1
2019-09-25 12:05:33,649 [pool-419-thread-1] INFO  server.RaftServerConfigKeys (ConfUtils.java:logGet(43)) - raft.server.snapshot.auto.trigger.enabled = true (custom)
2019-09-25 12:05:33,649 [pool-419-thread-1] INFO  server.RaftServerConfigKeys (ConfUtils.java:logGet(43)) - raft.server.snapshot.auto.trigger.threshold = 10000 (custom)
2019-09-25 12:05:33,649 [pool-419-thread-1] INFO  server.RaftServerConfigKeys (ConfUtils.java:logGet(43)) - raft.server.snapshot.retention.num.files = 5 (custom)
2019-09-25 12:05:33,649 [pool-419-thread-1] INFO  server.RaftServerConfigKeys (ConfUtils.java:logGet(43)) - raft.server.retrycache.expirytime = 600000ms (custom)
2019-09-25 12:05:33,651 [pool-419-thread-1] INFO  impl.RaftServerImpl (RaftServerImpl.java:start(185)) - dd53ae84-fcc6-4953-b3df-628fab38f53c@group-B1464C5BF144: start as a follower, conf=-1: [dd53ae84-fcc6-4953-b3df-628fab38f53c:192.168.151.73:42918], old=null
2019-09-25 12:05:33,651 [pool-419-thread-1] INFO  impl.RaftServerImpl (RaftServerImpl.java:setRole(174)) - dd53ae84-fcc6-4953-b3df-628fab38f53c@group-B1464C5BF144: changes role from      null to FOLLOWER at term 0 for startAsFollower
2019-09-25 12:05:33,651 [pool-419-thread-1] INFO  impl.RoleInfo (RoleInfo.java:updateAndGet(143)) - dd53ae84-fcc6-4953-b3df-628fab38f53c: start FollowerState
2019-09-25 12:05:33,652 [pool-419-thread-1] INFO  util.JmxRegister (JmxRegister.java:tryRegister(44)) - Successfully registered JMX Bean with object name Ratis:service=RaftServer,group=group-B1464C5BF144,id=dd53ae84-fcc6-4953-b3df-628fab38f53c
2019-09-25 12:05:33,654 [RatisPipelineUtilsThread] INFO  pipeline.PipelineStateManager (PipelineStateManager.java:addPipeline(56)) - Created pipeline Pipeline[ Id: 23f68642-bbdc-4dce-b576-b1464c5bf144, Nodes: dd53ae84-fcc6-4953-b3df-628fab38f53c{ip: 192.168.151.73, host: pr-hdds-1569-shd4m-3693607622, networkLocation: /default-rack, certSerialId: null}, Type:RATIS, Factor:ONE, State:OPEN]
2019-09-25 12:05:33,654 [RatisPipelineUtilsThread] INFO  pipeline.PipelinePlacementPolicy (PipelinePlacementPolicy.java:meetCriteria(91)) - Pipeline Placement: can't place more pipeline on heavy datanode： 4a53ed6f-dce3-4b1f-9e89-8e0e17f074cc Heaviness: 6 limit: 5
2019-09-25 12:05:33,657 [grpc-default-executor-2] INFO  impl.RaftServerProxy (RaftServerProxy.java:addNew(89)) - dd53ae84-fcc6-4953-b3df-628fab38f53c: addNew group-4575C91DAB15:[dd53ae84-fcc6-4953-b3df-628fab38f53c:192.168.151.73:42918] returns group-4575C91DAB15:java.util.concurrent.CompletableFuture@3147facc[Not completed]
2019-09-25 12:05:33,658 [pool-419-thread-1] INFO  impl.RaftServerImpl (RaftServerImpl.java:<init>(95)) - dd53ae84-fcc6-4953-b3df-628fab38f53c: new RaftServerImpl for group-4575C91DAB15:[dd53ae84-fcc6-4953-b3df-628fab38f53c:192.168.151.73:42918] with ContainerStateMachine:uninitialized
2019-09-25 12:05:33,659 [pool-419-thread-1] INFO  server.RaftServerConfigKeys (ConfUtils.java:logGet(43)) - raft.server.rpc.timeout.min = 5s (custom)
2019-09-25 12:05:33,659 [pool-419-thread-1] INFO  server.RaftServerConfigKeys (ConfUtils.java:logGet(43)) - raft.server.rpc.timeout.max = 5200ms (custom)
2019-09-25 12:05:33,659 [pool-419-thread-1] INFO  server.RaftServerConfigKeys (ConfUtils.java:logGet(43)) - raft.server.rpcslowness.timeout = 120s (custom)
2019-09-25 12:05:33,659 [pool-419-thread-1] INFO  server.RaftServerConfigKeys (ConfUtils.java:logGet(43)) - raft.server.sleep.deviation.threshold = 300 (default)
2019-09-25 12:05:33,659 [pool-419-thread-1] INFO  server.RaftServerConfigKeys (ConfUtils.java:logGet(43)) - raft.server.log.appender.install.snapshot.enabled = false (custom)
2019-09-25 12:05:33,659 [pool-419-thread-1] INFO  impl.RaftServerImpl (ServerState.java:<init>(103)) - dd53ae84-fcc6-4953-b3df-628fab38f53c@group-4575C91DAB15: ConfigurationManager, init=-1: [dd53ae84-fcc6-4953-b3df-628fab38f53c:192.168.151.73:42918], old=null, confs=<EMPTY_MAP>
2019-09-25 12:05:33,659 [pool-419-thread-1] INFO  server.RaftServerConfigKeys (ConfUtils.java:logGet(43)) - raft.server.storage.dir = [/workdir/hadoop-ozone/integration-test/target/test-dir/MiniOzoneClusterImpl-0814cdd2-95b4-491b-95c0-a7203a111cc5/datanode-1/data/ratis] (custom)
2019-09-25 12:05:33,660 [pool-419-thread-1] INFO  storage.RaftStorageDirectory (RaftStorageDirectory.java:analyzeStorage(246)) - The storage directory /workdir/hadoop-ozone/integration-test/target/test-dir/MiniOzoneClusterImpl-0814cdd2-95b4-491b-95c0-a7203a111cc5/datanode-1/data/ratis/6aa51a72-d8fa-451f-b1cd-4575c91dab15 does not exist. Creating ...
2019-09-25 12:05:33,672 [pool-419-thread-1] INFO  storage.RaftStorageDirectory (RaftStorageDirectory.java:tryLock(328)) - Lock on /workdir/hadoop-ozone/integration-test/target/test-dir/MiniOzoneClusterImpl-0814cdd2-95b4-491b-95c0-a7203a111cc5/datanode-1/data/ratis/6aa51a72-d8fa-451f-b1cd-4575c91dab15/in_use.lock acquired by nodename 24979@pr-hdds-1569-shd4m-3693607622
2019-09-25 12:05:33,683 [IPC Server handler 3 on 33125] INFO  net.NetworkTopology (NetworkTopologyImpl.java:add(111)) - Added a new node: /default-rack/efa15652-5c5a-4832-a509-1d419d802ac5
2019-09-25 12:05:33,684 [IPC Server handler 3 on 33125] INFO  node.SCMNodeManager (SCMNodeManager.java:register(266)) - Registered Data node : efa15652-5c5a-4832-a509-1d419d802ac5{ip: 192.168.151.73, host: pr-hdds-1569-shd4m-3693607622, networkLocation: /default-rack, certSerialId: null}
2019-09-25 12:05:33,684 [main] INFO  ozone.MiniOzoneClusterImpl (MiniOzoneClusterImpl.java:lambda$waitForClusterToBeReady$0(147)) - Cluster is ready. Got 7 of 7 DN Heartbeats.
2019-09-25 12:05:33,685 [pool-419-thread-1] INFO  storage.RaftStorage (RaftStorage.java:format(72)) - Storage directory /workdir/hadoop-ozone/integration-test/target/test-dir/MiniOzoneClusterImpl-0814cdd2-95b4-491b-95c0-a7203a111cc5/datanode-1/data/ratis/6aa51a72-d8fa-451f-b1cd-4575c91dab15 has been successfully formatted.
2019-09-25 12:05:33,686 [pool-419-thread-1] INFO  ratis.ContainerStateMachine (ContainerStateMachine.java:loadSnapshot(230)) - group-4575C91DAB15: The snapshot info is null. Setting the last applied indexto:(t:0, i:~)
2019-09-25 12:05:33,686 [pool-419-thread-1] INFO  server.RaftServerConfigKeys (ConfUtils.java:logGet(43)) - raft.server.notification.no-leader.timeout = 120s (custom)
2019-09-25 12:05:33,686 [pool-419-thread-1] INFO  server.RaftServerConfigKeys (ConfUtils.java:logGet(43)) - raft.server.log.use.memory = false (default)
2019-09-25 12:05:33,686 [pool-419-thread-1] INFO  server.RaftServerConfigKeys (ConfUtils.java:logGet(43)) - raft.server.log.purge.gap = 1000000 (custom)
2019-09-25 12:05:33,686 [pool-419-thread-1] INFO  server.RaftServerConfigKeys (ConfUtils.java:logGet(43)) - raft.server.log.appender.buffer.byte-limit = 33554432 (custom)
2019-09-25 12:05:33,686 [pool-419-thread-1] INFO  server.RaftServerConfigKeys (ConfUtils.java:logGet(43)) - raft.server.log.segment.size.max = 1048576 (custom)
2019-09-25 12:05:33,686 [pool-419-thread-1] INFO  server.RaftServerConfigKeys (ConfUtils.java:logGet(43)) - raft.server.log.segment.cache.num.max = 2 (custom)
2019-09-25 12:05:33,687 [pool-419-thread-1] INFO  segmented.SegmentedRaftLogWorker (SegmentedRaftLogWorker.java:<init>(172)) - new dd53ae84-fcc6-4953-b3df-628fab38f53c@group-4575C91DAB15-SegmentedRaftLogWorker for RaftStorage:Storage Directory /workdir/hadoop-ozone/integration-test/target/test-dir/MiniOzoneClusterImpl-0814cdd2-95b4-491b-95c0-a7203a111cc5/datanode-1/data/ratis/6aa51a72-d8fa-451f-b1cd-4575c91dab15
2019-09-25 12:05:33,687 [pool-419-thread-1] INFO  server.RaftServerConfigKeys (ConfUtils.java:logGet(43)) - raft.server.log.queue.byte-limit = 2147483647 (custom)
2019-09-25 12:05:33,687 [pool-419-thread-1] INFO  server.RaftServerConfigKeys (ConfUtils.java:logGet(43)) - raft.server.log.queue.element-limit = 1024 (custom)
2019-09-25 12:05:33,687 [pool-419-thread-1] INFO  server.RaftServerConfigKeys (ConfUtils.java:logGet(43)) - raft.server.log.segment.size.max = 1048576 (custom)
2019-09-25 12:05:33,687 [pool-419-thread-1] INFO  server.RaftServerConfigKeys (ConfUtils.java:logGet(43)) - raft.server.log.preallocated.size = 16384 (custom)
2019-09-25 12:05:33,687 [pool-419-thread-1] INFO  server.RaftServerConfigKeys (ConfUtils.java:logGet(43)) - raft.server.log.write.buffer.size = 33554432 (custom)
2019-09-25 12:05:33,687 [pool-419-thread-1] INFO  server.RaftServerConfigKeys (ConfUtils.java:logGet(43)) - raft.server.log.force.sync.num = 128 (default)
2019-09-25 12:05:33,687 [pool-419-thread-1] INFO  server.RaftServerConfigKeys (ConfUtils.java:logGet(43)) - raft.server.log.statemachine.data.sync = true (default)
2019-09-25 12:05:33,693 [pool-419-thread-1] INFO  server.RaftServerConfigKeys (ConfUtils.java:logGet(43)) - raft.server.log.statemachine.data.sync.timeout = 10s (default)
2019-09-25 12:05:33,697 [pool-419-thread-1] INFO  server.RaftServerConfigKeys (ConfUtils.java:logGet(43)) - raft.server.log.statemachine.data.sync.timeout.retry = -1 (default)
2019-09-25 12:05:33,697 [pool-419-thread-1] INFO  server.RaftServerConfigKeys (ConfUtils.java:logGet(43)) - raft.server.log.statemachine.data.caching.enabled = true (custom)
2019-09-25 12:05:33,697 [pool-419-thread-1] INFO  segmented.SegmentedRaftLogWorker (SegmentedRaftLogWorker.java:lambda$new$0(132)) - dd53ae84-fcc6-4953-b3df-628fab38f53c@group-4575C91DAB15-SegmentedRaftLogWorker: flushIndex: setUnconditionally 0 -> -1
2019-09-25 12:05:33,697 [pool-419-thread-1] INFO  server.RaftServerConfigKeys (ConfUtils.java:logGet(43)) - raft.server.snapshot.auto.trigger.enabled = true (custom)
2019-09-25 12:05:33,698 [pool-419-thread-1] INFO  server.RaftServerConfigKeys (ConfUtils.java:logGet(43)) - raft.server.snapshot.auto.trigger.threshold = 10000 (custom)
2019-09-25 12:05:33,698 [pool-419-thread-1] INFO  server.RaftServerConfigKeys (ConfUtils.java:logGet(43)) - raft.server.snapshot.retention.num.files = 5 (custom)
2019-09-25 12:05:33,698 [pool-419-thread-1] INFO  server.RaftServerConfigKeys (ConfUtils.java:logGet(43)) - raft.server.retrycache.expirytime = 600000ms (custom)
2019-09-25 12:05:33,699 [pool-419-thread-1] INFO  impl.RaftServerImpl (RaftServerImpl.java:start(185)) - dd53ae84-fcc6-4953-b3df-628fab38f53c@group-4575C91DAB15: start as a follower, conf=-1: [dd53ae84-fcc6-4953-b3df-628fab38f53c:192.168.151.73:42918], old=null
2019-09-25 12:05:33,703 [pool-419-thread-1] INFO  impl.RaftServerImpl (RaftServerImpl.java:setRole(174)) - dd53ae84-fcc6-4953-b3df-628fab38f53c@group-4575C91DAB15: changes role from      null to FOLLOWER at term 0 for startAsFollower
2019-09-25 12:05:33,703 [pool-419-thread-1] INFO  impl.RoleInfo (RoleInfo.java:updateAndGet(143)) - dd53ae84-fcc6-4953-b3df-628fab38f53c: start FollowerState
2019-09-25 12:05:33,703 [pool-419-thread-1] INFO  util.JmxRegister (JmxRegister.java:tryRegister(44)) - Successfully registered JMX Bean with object name Ratis:service=RaftServer,group=group-4575C91DAB15,id=dd53ae84-fcc6-4953-b3df-628fab38f53c
2019-09-25 12:05:33,739 [RatisPipelineUtilsThread] INFO  pipeline.PipelineStateManager (PipelineStateManager.java:addPipeline(56)) - Created pipeline Pipeline[ Id: 6aa51a72-d8fa-451f-b1cd-4575c91dab15, Nodes: dd53ae84-fcc6-4953-b3df-628fab38f53c{ip: 192.168.151.73, host: pr-hdds-1569-shd4m-3693607622, networkLocation: /default-rack, certSerialId: null}, Type:RATIS, Factor:ONE, State:OPEN]
2019-09-25 12:05:33,740 [RatisPipelineUtilsThread] INFO  pipeline.PipelinePlacementPolicy (PipelinePlacementPolicy.java:meetCriteria(91)) - Pipeline Placement: can't place more pipeline on heavy datanode： 4a53ed6f-dce3-4b1f-9e89-8e0e17f074cc Heaviness: 6 limit: 5
2019-09-25 12:05:33,747 [main] INFO  rpc.RpcClient (RpcClient.java:createVolume(276)) - Creating Volume: testblockoutputstream, with jenkins1000 as owner.
2019-09-25 12:05:33,748 [grpc-default-executor-2] INFO  impl.RaftServerProxy (RaftServerProxy.java:addNew(89)) - dd53ae84-fcc6-4953-b3df-628fab38f53c: addNew group-8A6F5D53C235:[dd53ae84-fcc6-4953-b3df-628fab38f53c:192.168.151.73:42918] returns group-8A6F5D53C235:java.util.concurrent.CompletableFuture@5f0f099c[Not completed]
2019-09-25 12:05:33,750 [pool-419-thread-1] INFO  impl.RaftServerImpl (RaftServerImpl.java:<init>(95)) - dd53ae84-fcc6-4953-b3df-628fab38f53c: new RaftServerImpl for group-8A6F5D53C235:[dd53ae84-fcc6-4953-b3df-628fab38f53c:192.168.151.73:42918] with ContainerStateMachine:uninitialized
2019-09-25 12:05:33,750 [pool-419-thread-1] INFO  server.RaftServerConfigKeys (ConfUtils.java:logGet(43)) - raft.server.rpc.timeout.min = 5s (custom)
2019-09-25 12:05:33,750 [pool-419-thread-1] INFO  server.RaftServerConfigKeys (ConfUtils.java:logGet(43)) - raft.server.rpc.timeout.max = 5200ms (custom)
2019-09-25 12:05:33,750 [pool-419-thread-1] INFO  server.RaftServerConfigKeys (ConfUtils.java:logGet(43)) - raft.server.rpcslowness.timeout = 120s (custom)
2019-09-25 12:05:33,750 [pool-419-thread-1] INFO  server.RaftServerConfigKeys (ConfUtils.java:logGet(43)) - raft.server.sleep.deviation.threshold = 300 (default)
2019-09-25 12:05:33,750 [pool-419-thread-1] INFO  server.RaftServerConfigKeys (ConfUtils.java:logGet(43)) - raft.server.log.appender.install.snapshot.enabled = false (custom)
2019-09-25 12:05:33,750 [pool-419-thread-1] INFO  impl.RaftServerImpl (ServerState.java:<init>(103)) - dd53ae84-fcc6-4953-b3df-628fab38f53c@group-8A6F5D53C235: ConfigurationManager, init=-1: [dd53ae84-fcc6-4953-b3df-628fab38f53c:192.168.151.73:42918], old=null, confs=<EMPTY_MAP>
2019-09-25 12:05:33,750 [pool-419-thread-1] INFO  server.RaftServerConfigKeys (ConfUtils.java:logGet(43)) - raft.server.storage.dir = [/workdir/hadoop-ozone/integration-test/target/test-dir/MiniOzoneClusterImpl-0814cdd2-95b4-491b-95c0-a7203a111cc5/datanode-1/data/ratis] (custom)
2019-09-25 12:05:33,751 [pool-419-thread-1] INFO  storage.RaftStorageDirectory (RaftStorageDirectory.java:analyzeStorage(246)) - The storage directory /workdir/hadoop-ozone/integration-test/target/test-dir/MiniOzoneClusterImpl-0814cdd2-95b4-491b-95c0-a7203a111cc5/datanode-1/data/ratis/43e2eacb-223f-4352-9d13-8a6f5d53c235 does not exist. Creating ...
2019-09-25 12:05:33,752 [IPC Server handler 2 on 33175] INFO  volume.OMVolumeCreateRequest (OMVolumeCreateRequest.java:validateAndUpdateCache(189)) - created volume:testblockoutputstream for user:jenkins1000
2019-09-25 12:05:33,768 [pool-419-thread-1] INFO  storage.RaftStorageDirectory (RaftStorageDirectory.java:tryLock(328)) - Lock on /workdir/hadoop-ozone/integration-test/target/test-dir/MiniOzoneClusterImpl-0814cdd2-95b4-491b-95c0-a7203a111cc5/datanode-1/data/ratis/43e2eacb-223f-4352-9d13-8a6f5d53c235/in_use.lock acquired by nodename 24979@pr-hdds-1569-shd4m-3693607622
2019-09-25 12:05:33,772 [main] INFO  rpc.RpcClient (RpcClient.java:createBucket(415)) - Creating Bucket: testblockoutputstream/testblockoutputstream, with Versioning false and Storage Type set to DISK and Encryption set to false 
2019-09-25 12:05:33,786 [pool-419-thread-1] INFO  storage.RaftStorage (RaftStorage.java:format(72)) - Storage directory /workdir/hadoop-ozone/integration-test/target/test-dir/MiniOzoneClusterImpl-0814cdd2-95b4-491b-95c0-a7203a111cc5/datanode-1/data/ratis/43e2eacb-223f-4352-9d13-8a6f5d53c235 has been successfully formatted.
2019-09-25 12:05:33,787 [pool-419-thread-1] INFO  ratis.ContainerStateMachine (ContainerStateMachine.java:loadSnapshot(230)) - group-8A6F5D53C235: The snapshot info is null. Setting the last applied indexto:(t:0, i:~)
2019-09-25 12:05:33,787 [pool-419-thread-1] INFO  server.RaftServerConfigKeys (ConfUtils.java:logGet(43)) - raft.server.notification.no-leader.timeout = 120s (custom)
2019-09-25 12:05:33,787 [pool-419-thread-1] INFO  server.RaftServerConfigKeys (ConfUtils.java:logGet(43)) - raft.server.log.use.memory = false (default)
2019-09-25 12:05:33,787 [pool-419-thread-1] INFO  server.RaftServerConfigKeys (ConfUtils.java:logGet(43)) - raft.server.log.purge.gap = 1000000 (custom)
2019-09-25 12:05:33,787 [pool-419-thread-1] INFO  server.RaftServerConfigKeys (ConfUtils.java:logGet(43)) - raft.server.log.appender.buffer.byte-limit = 33554432 (custom)
2019-09-25 12:05:33,787 [pool-419-thread-1] INFO  server.RaftServerConfigKeys (ConfUtils.java:logGet(43)) - raft.server.log.segment.size.max = 1048576 (custom)
2019-09-25 12:05:33,788 [pool-419-thread-1] INFO  server.RaftServerConfigKeys (ConfUtils.java:logGet(43)) - raft.server.log.segment.cache.num.max = 2 (custom)
2019-09-25 12:05:33,788 [pool-419-thread-1] INFO  segmented.SegmentedRaftLogWorker (SegmentedRaftLogWorker.java:<init>(172)) - new dd53ae84-fcc6-4953-b3df-628fab38f53c@group-8A6F5D53C235-SegmentedRaftLogWorker for RaftStorage:Storage Directory /workdir/hadoop-ozone/integration-test/target/test-dir/MiniOzoneClusterImpl-0814cdd2-95b4-491b-95c0-a7203a111cc5/datanode-1/data/ratis/43e2eacb-223f-4352-9d13-8a6f5d53c235
2019-09-25 12:05:33,788 [pool-419-thread-1] INFO  server.RaftServerConfigKeys (ConfUtils.java:logGet(43)) - raft.server.log.queue.byte-limit = 2147483647 (custom)
2019-09-25 12:05:33,788 [pool-419-thread-1] INFO  server.RaftServerConfigKeys (ConfUtils.java:logGet(43)) - raft.server.log.queue.element-limit = 1024 (custom)
2019-09-25 12:05:33,788 [pool-419-thread-1] INFO  server.RaftServerConfigKeys (ConfUtils.java:logGet(43)) - raft.server.log.segment.size.max = 1048576 (custom)
2019-09-25 12:05:33,788 [pool-419-thread-1] INFO  server.RaftServerConfigKeys (ConfUtils.java:logGet(43)) - raft.server.log.preallocated.size = 16384 (custom)
2019-09-25 12:05:33,788 [pool-419-thread-1] INFO  server.RaftServerConfigKeys (ConfUtils.java:logGet(43)) - raft.server.log.write.buffer.size = 33554432 (custom)
2019-09-25 12:05:33,788 [pool-419-thread-1] INFO  server.RaftServerConfigKeys (ConfUtils.java:logGet(43)) - raft.server.log.force.sync.num = 128 (default)
2019-09-25 12:05:33,788 [pool-419-thread-1] INFO  server.RaftServerConfigKeys (ConfUtils.java:logGet(43)) - raft.server.log.statemachine.data.sync = true (default)
2019-09-25 12:05:33,789 [pool-419-thread-1] INFO  server.RaftServerConfigKeys (ConfUtils.java:logGet(43)) - raft.server.log.statemachine.data.sync.timeout = 10s (default)
2019-09-25 12:05:33,789 [pool-419-thread-1] INFO  server.RaftServerConfigKeys (ConfUtils.java:logGet(43)) - raft.server.log.statemachine.data.sync.timeout.retry = -1 (default)
2019-09-25 12:05:33,789 [pool-419-thread-1] INFO  server.RaftServerConfigKeys (ConfUtils.java:logGet(43)) - raft.server.log.statemachine.data.caching.enabled = true (custom)
2019-09-25 12:05:33,789 [pool-419-thread-1] INFO  segmented.SegmentedRaftLogWorker (SegmentedRaftLogWorker.java:lambda$new$0(132)) - dd53ae84-fcc6-4953-b3df-628fab38f53c@group-8A6F5D53C235-SegmentedRaftLogWorker: flushIndex: setUnconditionally 0 -> -1
2019-09-25 12:05:33,789 [pool-419-thread-1] INFO  server.RaftServerConfigKeys (ConfUtils.java:logGet(43)) - raft.server.snapshot.auto.trigger.enabled = true (custom)
2019-09-25 12:05:33,789 [pool-419-thread-1] INFO  server.RaftServerConfigKeys (ConfUtils.java:logGet(43)) - raft.server.snapshot.auto.trigger.threshold = 10000 (custom)
2019-09-25 12:05:33,789 [pool-419-thread-1] INFO  server.RaftServerConfigKeys (ConfUtils.java:logGet(43)) - raft.server.snapshot.retention.num.files = 5 (custom)
2019-09-25 12:05:33,789 [pool-419-thread-1] INFO  server.RaftServerConfigKeys (ConfUtils.java:logGet(43)) - raft.server.retrycache.expirytime = 600000ms (custom)
2019-09-25 12:05:33,791 [pool-419-thread-1] INFO  impl.RaftServerImpl (RaftServerImpl.java:start(185)) - dd53ae84-fcc6-4953-b3df-628fab38f53c@group-8A6F5D53C235: start as a follower, conf=-1: [dd53ae84-fcc6-4953-b3df-628fab38f53c:192.168.151.73:42918], old=null
2019-09-25 12:05:33,791 [pool-419-thread-1] INFO  impl.RaftServerImpl (RaftServerImpl.java:setRole(174)) - dd53ae84-fcc6-4953-b3df-628fab38f53c@group-8A6F5D53C235: changes role from      null to FOLLOWER at term 0 for startAsFollower
2019-09-25 12:05:33,791 [pool-419-thread-1] INFO  impl.RoleInfo (RoleInfo.java:updateAndGet(143)) - dd53ae84-fcc6-4953-b3df-628fab38f53c: start FollowerState
2019-09-25 12:05:33,791 [pool-419-thread-1] INFO  util.JmxRegister (JmxRegister.java:tryRegister(44)) - Successfully registered JMX Bean with object name Ratis:service=RaftServer,group=group-8A6F5D53C235,id=dd53ae84-fcc6-4953-b3df-628fab38f53c
2019-09-25 12:05:33,793 [RatisPipelineUtilsThread] INFO  pipeline.PipelineStateManager (PipelineStateManager.java:addPipeline(56)) - Created pipeline Pipeline[ Id: 43e2eacb-223f-4352-9d13-8a6f5d53c235, Nodes: dd53ae84-fcc6-4953-b3df-628fab38f53c{ip: 192.168.151.73, host: pr-hdds-1569-shd4m-3693607622, networkLocation: /default-rack, certSerialId: null}, Type:RATIS, Factor:ONE, State:OPEN]
2019-09-25 12:05:33,793 [RatisPipelineUtilsThread] INFO  pipeline.PipelinePlacementPolicy (PipelinePlacementPolicy.java:meetCriteria(91)) - Pipeline Placement: can't place more pipeline on heavy datanode： 4a53ed6f-dce3-4b1f-9e89-8e0e17f074cc Heaviness: 6 limit: 5
2019-09-25 12:05:33,797 [grpc-default-executor-2] INFO  impl.RaftServerProxy (RaftServerProxy.java:addNew(89)) - dd53ae84-fcc6-4953-b3df-628fab38f53c: addNew group-7219E0FB6851:[dd53ae84-fcc6-4953-b3df-628fab38f53c:192.168.151.73:42918] returns group-7219E0FB6851:java.util.concurrent.CompletableFuture@46367e18[Not completed]
2019-09-25 12:05:33,798 [pool-419-thread-1] INFO  impl.RaftServerImpl (RaftServerImpl.java:<init>(95)) - dd53ae84-fcc6-4953-b3df-628fab38f53c: new RaftServerImpl for group-7219E0FB6851:[dd53ae84-fcc6-4953-b3df-628fab38f53c:192.168.151.73:42918] with ContainerStateMachine:uninitialized
2019-09-25 12:05:33,798 [pool-419-thread-1] INFO  server.RaftServerConfigKeys (ConfUtils.java:logGet(43)) - raft.server.rpc.timeout.min = 5s (custom)
2019-09-25 12:05:33,798 [pool-419-thread-1] INFO  server.RaftServerConfigKeys (ConfUtils.java:logGet(43)) - raft.server.rpc.timeout.max = 5200ms (custom)
2019-09-25 12:05:33,798 [pool-419-thread-1] INFO  server.RaftServerConfigKeys (ConfUtils.java:logGet(43)) - raft.server.rpcslowness.timeout = 120s (custom)
2019-09-25 12:05:33,798 [pool-419-thread-1] INFO  server.RaftServerConfigKeys (ConfUtils.java:logGet(43)) - raft.server.sleep.deviation.threshold = 300 (default)
2019-09-25 12:05:33,798 [pool-419-thread-1] INFO  server.RaftServerConfigKeys (ConfUtils.java:logGet(43)) - raft.server.log.appender.install.snapshot.enabled = false (custom)
2019-09-25 12:05:33,798 [pool-419-thread-1] INFO  impl.RaftServerImpl (ServerState.java:<init>(103)) - dd53ae84-fcc6-4953-b3df-628fab38f53c@group-7219E0FB6851: ConfigurationManager, init=-1: [dd53ae84-fcc6-4953-b3df-628fab38f53c:192.168.151.73:42918], old=null, confs=<EMPTY_MAP>
2019-09-25 12:05:33,798 [pool-419-thread-1] INFO  server.RaftServerConfigKeys (ConfUtils.java:logGet(43)) - raft.server.storage.dir = [/workdir/hadoop-ozone/integration-test/target/test-dir/MiniOzoneClusterImpl-0814cdd2-95b4-491b-95c0-a7203a111cc5/datanode-1/data/ratis] (custom)
2019-09-25 12:05:33,799 [pool-419-thread-1] INFO  storage.RaftStorageDirectory (RaftStorageDirectory.java:analyzeStorage(246)) - The storage directory /workdir/hadoop-ozone/integration-test/target/test-dir/MiniOzoneClusterImpl-0814cdd2-95b4-491b-95c0-a7203a111cc5/datanode-1/data/ratis/14d1ca9c-16cc-48ba-953e-7219e0fb6851 does not exist. Creating ...
2019-09-25 12:05:33,812 [pool-419-thread-1] INFO  storage.RaftStorageDirectory (RaftStorageDirectory.java:tryLock(328)) - Lock on /workdir/hadoop-ozone/integration-test/target/test-dir/MiniOzoneClusterImpl-0814cdd2-95b4-491b-95c0-a7203a111cc5/datanode-1/data/ratis/14d1ca9c-16cc-48ba-953e-7219e0fb6851/in_use.lock acquired by nodename 24979@pr-hdds-1569-shd4m-3693607622
2019-09-25 12:05:33,824 [pool-419-thread-1] INFO  storage.RaftStorage (RaftStorage.java:format(72)) - Storage directory /workdir/hadoop-ozone/integration-test/target/test-dir/MiniOzoneClusterImpl-0814cdd2-95b4-491b-95c0-a7203a111cc5/datanode-1/data/ratis/14d1ca9c-16cc-48ba-953e-7219e0fb6851 has been successfully formatted.
2019-09-25 12:05:33,824 [pool-419-thread-1] INFO  ratis.ContainerStateMachine (ContainerStateMachine.java:loadSnapshot(230)) - group-7219E0FB6851: The snapshot info is null. Setting the last applied indexto:(t:0, i:~)
2019-09-25 12:05:33,824 [pool-419-thread-1] INFO  server.RaftServerConfigKeys (ConfUtils.java:logGet(43)) - raft.server.notification.no-leader.timeout = 120s (custom)
2019-09-25 12:05:33,824 [pool-419-thread-1] INFO  server.RaftServerConfigKeys (ConfUtils.java:logGet(43)) - raft.server.log.use.memory = false (default)
2019-09-25 12:05:33,824 [pool-419-thread-1] INFO  server.RaftServerConfigKeys (ConfUtils.java:logGet(43)) - raft.server.log.purge.gap = 1000000 (custom)
2019-09-25 12:05:33,824 [pool-419-thread-1] INFO  server.RaftServerConfigKeys (ConfUtils.java:logGet(43)) - raft.server.log.appender.buffer.byte-limit = 33554432 (custom)
2019-09-25 12:05:33,824 [pool-419-thread-1] INFO  server.RaftServerConfigKeys (ConfUtils.java:logGet(43)) - raft.server.log.segment.size.max = 1048576 (custom)
2019-09-25 12:05:33,824 [pool-419-thread-1] INFO  server.RaftServerConfigKeys (ConfUtils.java:logGet(43)) - raft.server.log.segment.cache.num.max = 2 (custom)
2019-09-25 12:05:33,825 [pool-419-thread-1] INFO  segmented.SegmentedRaftLogWorker (SegmentedRaftLogWorker.java:<init>(172)) - new dd53ae84-fcc6-4953-b3df-628fab38f53c@group-7219E0FB6851-SegmentedRaftLogWorker for RaftStorage:Storage Directory /workdir/hadoop-ozone/integration-test/target/test-dir/MiniOzoneClusterImpl-0814cdd2-95b4-491b-95c0-a7203a111cc5/datanode-1/data/ratis/14d1ca9c-16cc-48ba-953e-7219e0fb6851
2019-09-25 12:05:33,825 [pool-419-thread-1] INFO  server.RaftServerConfigKeys (ConfUtils.java:logGet(43)) - raft.server.log.queue.byte-limit = 2147483647 (custom)
2019-09-25 12:05:33,825 [pool-419-thread-1] INFO  server.RaftServerConfigKeys (ConfUtils.java:logGet(43)) - raft.server.log.queue.element-limit = 1024 (custom)
2019-09-25 12:05:33,825 [pool-419-thread-1] INFO  server.RaftServerConfigKeys (ConfUtils.java:logGet(43)) - raft.server.log.segment.size.max = 1048576 (custom)
2019-09-25 12:05:33,825 [pool-419-thread-1] INFO  server.RaftServerConfigKeys (ConfUtils.java:logGet(43)) - raft.server.log.preallocated.size = 16384 (custom)
2019-09-25 12:05:33,825 [pool-419-thread-1] INFO  server.RaftServerConfigKeys (ConfUtils.java:logGet(43)) - raft.server.log.write.buffer.size = 33554432 (custom)
2019-09-25 12:05:33,825 [pool-419-thread-1] INFO  server.RaftServerConfigKeys (ConfUtils.java:logGet(43)) - raft.server.log.force.sync.num = 128 (default)
2019-09-25 12:05:33,825 [pool-419-thread-1] INFO  server.RaftServerConfigKeys (ConfUtils.java:logGet(43)) - raft.server.log.statemachine.data.sync = true (default)
2019-09-25 12:05:33,825 [pool-419-thread-1] INFO  server.RaftServerConfigKeys (ConfUtils.java:logGet(43)) - raft.server.log.statemachine.data.sync.timeout = 10s (default)
2019-09-25 12:05:33,825 [pool-419-thread-1] INFO  server.RaftServerConfigKeys (ConfUtils.java:logGet(43)) - raft.server.log.statemachine.data.sync.timeout.retry = -1 (default)
2019-09-25 12:05:33,825 [pool-419-thread-1] INFO  server.RaftServerConfigKeys (ConfUtils.java:logGet(43)) - raft.server.log.statemachine.data.caching.enabled = true (custom)
2019-09-25 12:05:33,826 [pool-419-thread-1] INFO  segmented.SegmentedRaftLogWorker (SegmentedRaftLogWorker.java:lambda$new$0(132)) - dd53ae84-fcc6-4953-b3df-628fab38f53c@group-7219E0FB6851-SegmentedRaftLogWorker: flushIndex: setUnconditionally 0 -> -1
2019-09-25 12:05:33,826 [pool-419-thread-1] INFO  server.RaftServerConfigKeys (ConfUtils.java:logGet(43)) - raft.server.snapshot.auto.trigger.enabled = true (custom)
2019-09-25 12:05:33,826 [pool-419-thread-1] INFO  server.RaftServerConfigKeys (ConfUtils.java:logGet(43)) - raft.server.snapshot.auto.trigger.threshold = 10000 (custom)
2019-09-25 12:05:33,826 [pool-419-thread-1] INFO  server.RaftServerConfigKeys (ConfUtils.java:logGet(43)) - raft.server.snapshot.retention.num.files = 5 (custom)
2019-09-25 12:05:33,826 [pool-419-thread-1] INFO  server.RaftServerConfigKeys (ConfUtils.java:logGet(43)) - raft.server.retrycache.expirytime = 600000ms (custom)
2019-09-25 12:05:33,827 [pool-419-thread-1] INFO  impl.RaftServerImpl (RaftServerImpl.java:start(185)) - dd53ae84-fcc6-4953-b3df-628fab38f53c@group-7219E0FB6851: start as a follower, conf=-1: [dd53ae84-fcc6-4953-b3df-628fab38f53c:192.168.151.73:42918], old=null
2019-09-25 12:05:33,827 [pool-419-thread-1] INFO  impl.RaftServerImpl (RaftServerImpl.java:setRole(174)) - dd53ae84-fcc6-4953-b3df-628fab38f53c@group-7219E0FB6851: changes role from      null to FOLLOWER at term 0 for startAsFollower
2019-09-25 12:05:33,827 [pool-419-thread-1] INFO  impl.RoleInfo (RoleInfo.java:updateAndGet(143)) - dd53ae84-fcc6-4953-b3df-628fab38f53c: start FollowerState
2019-09-25 12:05:33,827 [pool-419-thread-1] INFO  util.JmxRegister (JmxRegister.java:tryRegister(44)) - Successfully registered JMX Bean with object name Ratis:service=RaftServer,group=group-7219E0FB6851,id=dd53ae84-fcc6-4953-b3df-628fab38f53c
2019-09-25 12:05:33,830 [RatisPipelineUtilsThread] INFO  pipeline.PipelineStateManager (PipelineStateManager.java:addPipeline(56)) - Created pipeline Pipeline[ Id: 14d1ca9c-16cc-48ba-953e-7219e0fb6851, Nodes: dd53ae84-fcc6-4953-b3df-628fab38f53c{ip: 192.168.151.73, host: pr-hdds-1569-shd4m-3693607622, networkLocation: /default-rack, certSerialId: null}, Type:RATIS, Factor:ONE, State:OPEN]
2019-09-25 12:05:33,830 [RatisPipelineUtilsThread] INFO  pipeline.PipelinePlacementPolicy (PipelinePlacementPolicy.java:meetCriteria(91)) - Pipeline Placement: can't place more pipeline on heavy datanode： dd53ae84-fcc6-4953-b3df-628fab38f53c Heaviness: 6 limit: 5
2019-09-25 12:05:33,830 [RatisPipelineUtilsThread] INFO  pipeline.PipelinePlacementPolicy (PipelinePlacementPolicy.java:meetCriteria(91)) - Pipeline Placement: can't place more pipeline on heavy datanode： 4a53ed6f-dce3-4b1f-9e89-8e0e17f074cc Heaviness: 6 limit: 5
2019-09-25 12:05:33,834 [grpc-default-executor-2] INFO  impl.RaftServerProxy (RaftServerProxy.java:addNew(89)) - 1b5f48e1-875d-49d5-a3ca-2607cd8d3943: addNew group-54FBA95C6F49:[1b5f48e1-875d-49d5-a3ca-2607cd8d3943:192.168.151.73:34544] returns group-54FBA95C6F49:java.util.concurrent.CompletableFuture@85f754f[Not completed]
2019-09-25 12:05:33,836 [pool-429-thread-1] INFO  impl.RaftServerImpl (RaftServerImpl.java:<init>(95)) - 1b5f48e1-875d-49d5-a3ca-2607cd8d3943: new RaftServerImpl for group-54FBA95C6F49:[1b5f48e1-875d-49d5-a3ca-2607cd8d3943:192.168.151.73:34544] with ContainerStateMachine:uninitialized
2019-09-25 12:05:33,836 [pool-429-thread-1] INFO  server.RaftServerConfigKeys (ConfUtils.java:logGet(43)) - raft.server.rpc.timeout.min = 5s (custom)
2019-09-25 12:05:33,837 [pool-429-thread-1] INFO  server.RaftServerConfigKeys (ConfUtils.java:logGet(43)) - raft.server.rpc.timeout.max = 5200ms (custom)
2019-09-25 12:05:33,837 [pool-429-thread-1] INFO  server.RaftServerConfigKeys (ConfUtils.java:logGet(43)) - raft.server.rpcslowness.timeout = 120s (custom)
2019-09-25 12:05:33,837 [pool-429-thread-1] INFO  server.RaftServerConfigKeys (ConfUtils.java:logGet(43)) - raft.server.sleep.deviation.threshold = 300 (default)
2019-09-25 12:05:33,837 [pool-429-thread-1] INFO  server.RaftServerConfigKeys (ConfUtils.java:logGet(43)) - raft.server.log.appender.install.snapshot.enabled = false (custom)
2019-09-25 12:05:33,837 [pool-429-thread-1] INFO  impl.RaftServerImpl (ServerState.java:<init>(103)) - 1b5f48e1-875d-49d5-a3ca-2607cd8d3943@group-54FBA95C6F49: ConfigurationManager, init=-1: [1b5f48e1-875d-49d5-a3ca-2607cd8d3943:192.168.151.73:34544], old=null, confs=<EMPTY_MAP>
2019-09-25 12:05:33,838 [pool-429-thread-1] INFO  server.RaftServerConfigKeys (ConfUtils.java:logGet(43)) - raft.server.storage.dir = [/workdir/hadoop-ozone/integration-test/target/test-dir/MiniOzoneClusterImpl-0814cdd2-95b4-491b-95c0-a7203a111cc5/datanode-2/data/ratis] (custom)
2019-09-25 12:05:33,838 [pool-429-thread-1] INFO  storage.RaftStorageDirectory (RaftStorageDirectory.java:analyzeStorage(246)) - The storage directory /workdir/hadoop-ozone/integration-test/target/test-dir/MiniOzoneClusterImpl-0814cdd2-95b4-491b-95c0-a7203a111cc5/datanode-2/data/ratis/0a018c84-41f3-418d-a30e-54fba95c6f49 does not exist. Creating ...
2019-09-25 12:05:33,852 [pool-429-thread-1] INFO  storage.RaftStorageDirectory (RaftStorageDirectory.java:tryLock(328)) - Lock on /workdir/hadoop-ozone/integration-test/target/test-dir/MiniOzoneClusterImpl-0814cdd2-95b4-491b-95c0-a7203a111cc5/datanode-2/data/ratis/0a018c84-41f3-418d-a30e-54fba95c6f49/in_use.lock acquired by nodename 24979@pr-hdds-1569-shd4m-3693607622
2019-09-25 12:05:33,865 [pool-429-thread-1] INFO  storage.RaftStorage (RaftStorage.java:format(72)) - Storage directory /workdir/hadoop-ozone/integration-test/target/test-dir/MiniOzoneClusterImpl-0814cdd2-95b4-491b-95c0-a7203a111cc5/datanode-2/data/ratis/0a018c84-41f3-418d-a30e-54fba95c6f49 has been successfully formatted.
2019-09-25 12:05:33,865 [pool-429-thread-1] INFO  ratis.ContainerStateMachine (ContainerStateMachine.java:loadSnapshot(230)) - group-54FBA95C6F49: The snapshot info is null. Setting the last applied indexto:(t:0, i:~)
2019-09-25 12:05:33,865 [pool-429-thread-1] INFO  server.RaftServerConfigKeys (ConfUtils.java:logGet(43)) - raft.server.notification.no-leader.timeout = 120s (custom)
2019-09-25 12:05:33,866 [pool-429-thread-1] INFO  server.RaftServerConfigKeys (ConfUtils.java:logGet(43)) - raft.server.log.use.memory = false (default)
2019-09-25 12:05:33,866 [pool-429-thread-1] INFO  server.RaftServerConfigKeys (ConfUtils.java:logGet(43)) - raft.server.log.purge.gap = 1000000 (custom)
2019-09-25 12:05:33,866 [pool-429-thread-1] INFO  server.RaftServerConfigKeys (ConfUtils.java:logGet(43)) - raft.server.log.appender.buffer.byte-limit = 33554432 (custom)
2019-09-25 12:05:33,866 [pool-429-thread-1] INFO  server.RaftServerConfigKeys (ConfUtils.java:logGet(43)) - raft.server.log.segment.size.max = 1048576 (custom)
2019-09-25 12:05:33,866 [pool-429-thread-1] INFO  server.RaftServerConfigKeys (ConfUtils.java:logGet(43)) - raft.server.log.segment.cache.num.max = 2 (custom)
2019-09-25 12:05:33,866 [pool-429-thread-1] INFO  segmented.SegmentedRaftLogWorker (SegmentedRaftLogWorker.java:<init>(172)) - new 1b5f48e1-875d-49d5-a3ca-2607cd8d3943@group-54FBA95C6F49-SegmentedRaftLogWorker for RaftStorage:Storage Directory /workdir/hadoop-ozone/integration-test/target/test-dir/MiniOzoneClusterImpl-0814cdd2-95b4-491b-95c0-a7203a111cc5/datanode-2/data/ratis/0a018c84-41f3-418d-a30e-54fba95c6f49
2019-09-25 12:05:33,866 [pool-429-thread-1] INFO  server.RaftServerConfigKeys (ConfUtils.java:logGet(43)) - raft.server.log.queue.byte-limit = 2147483647 (custom)
2019-09-25 12:05:33,867 [pool-429-thread-1] INFO  server.RaftServerConfigKeys (ConfUtils.java:logGet(43)) - raft.server.log.queue.element-limit = 1024 (custom)
2019-09-25 12:05:33,867 [pool-429-thread-1] INFO  server.RaftServerConfigKeys (ConfUtils.java:logGet(43)) - raft.server.log.segment.size.max = 1048576 (custom)
2019-09-25 12:05:33,867 [pool-429-thread-1] INFO  server.RaftServerConfigKeys (ConfUtils.java:logGet(43)) - raft.server.log.preallocated.size = 16384 (custom)
2019-09-25 12:05:33,867 [pool-429-thread-1] INFO  server.RaftServerConfigKeys (ConfUtils.java:logGet(43)) - raft.server.log.write.buffer.size = 33554432 (custom)
2019-09-25 12:05:33,867 [pool-429-thread-1] INFO  server.RaftServerConfigKeys (ConfUtils.java:logGet(43)) - raft.server.log.force.sync.num = 128 (default)
2019-09-25 12:05:33,867 [pool-429-thread-1] INFO  server.RaftServerConfigKeys (ConfUtils.java:logGet(43)) - raft.server.log.statemachine.data.sync = true (default)
2019-09-25 12:05:33,867 [pool-429-thread-1] INFO  server.RaftServerConfigKeys (ConfUtils.java:logGet(43)) - raft.server.log.statemachine.data.sync.timeout = 10s (default)
2019-09-25 12:05:33,867 [pool-429-thread-1] INFO  server.RaftServerConfigKeys (ConfUtils.java:logGet(43)) - raft.server.log.statemachine.data.sync.timeout.retry = -1 (default)
2019-09-25 12:05:33,868 [pool-429-thread-1] INFO  server.RaftServerConfigKeys (ConfUtils.java:logGet(43)) - raft.server.log.statemachine.data.caching.enabled = true (custom)
2019-09-25 12:05:33,868 [pool-429-thread-1] INFO  segmented.SegmentedRaftLogWorker (SegmentedRaftLogWorker.java:lambda$new$0(132)) - 1b5f48e1-875d-49d5-a3ca-2607cd8d3943@group-54FBA95C6F49-SegmentedRaftLogWorker: flushIndex: setUnconditionally 0 -> -1
2019-09-25 12:05:33,868 [pool-429-thread-1] INFO  server.RaftServerConfigKeys (ConfUtils.java:logGet(43)) - raft.server.snapshot.auto.trigger.enabled = true (custom)
2019-09-25 12:05:33,868 [pool-429-thread-1] INFO  server.RaftServerConfigKeys (ConfUtils.java:logGet(43)) - raft.server.snapshot.auto.trigger.threshold = 10000 (custom)
2019-09-25 12:05:33,868 [pool-429-thread-1] INFO  server.RaftServerConfigKeys (ConfUtils.java:logGet(43)) - raft.server.snapshot.retention.num.files = 5 (custom)
2019-09-25 12:05:33,868 [pool-429-thread-1] INFO  server.RaftServerConfigKeys (ConfUtils.java:logGet(43)) - raft.server.retrycache.expirytime = 600000ms (custom)
2019-09-25 12:05:33,870 [pool-429-thread-1] INFO  impl.RaftServerImpl (RaftServerImpl.java:start(185)) - 1b5f48e1-875d-49d5-a3ca-2607cd8d3943@group-54FBA95C6F49: start as a follower, conf=-1: [1b5f48e1-875d-49d5-a3ca-2607cd8d3943:192.168.151.73:34544], old=null
2019-09-25 12:05:33,870 [pool-429-thread-1] INFO  impl.RaftServerImpl (RaftServerImpl.java:setRole(174)) - 1b5f48e1-875d-49d5-a3ca-2607cd8d3943@group-54FBA95C6F49: changes role from      null to FOLLOWER at term 0 for startAsFollower
2019-09-25 12:05:33,870 [pool-429-thread-1] INFO  impl.RoleInfo (RoleInfo.java:updateAndGet(143)) - 1b5f48e1-875d-49d5-a3ca-2607cd8d3943: start FollowerState
2019-09-25 12:05:33,870 [pool-429-thread-1] INFO  util.JmxRegister (JmxRegister.java:tryRegister(44)) - Successfully registered JMX Bean with object name Ratis:service=RaftServer,group=group-54FBA95C6F49,id=1b5f48e1-875d-49d5-a3ca-2607cd8d3943
2019-09-25 12:05:33,872 [RatisPipelineUtilsThread] INFO  pipeline.PipelineStateManager (PipelineStateManager.java:addPipeline(56)) - Created pipeline Pipeline[ Id: 0a018c84-41f3-418d-a30e-54fba95c6f49, Nodes: 1b5f48e1-875d-49d5-a3ca-2607cd8d3943{ip: 192.168.151.73, host: pr-hdds-1569-shd4m-3693607622, networkLocation: /default-rack, certSerialId: null}, Type:RATIS, Factor:ONE, State:OPEN]
2019-09-25 12:05:33,872 [RatisPipelineUtilsThread] INFO  pipeline.PipelinePlacementPolicy (PipelinePlacementPolicy.java:meetCriteria(91)) - Pipeline Placement: can't place more pipeline on heavy datanode： dd53ae84-fcc6-4953-b3df-628fab38f53c Heaviness: 6 limit: 5
2019-09-25 12:05:33,873 [RatisPipelineUtilsThread] INFO  pipeline.PipelinePlacementPolicy (PipelinePlacementPolicy.java:meetCriteria(91)) - Pipeline Placement: can't place more pipeline on heavy datanode： 4a53ed6f-dce3-4b1f-9e89-8e0e17f074cc Heaviness: 6 limit: 5
2019-09-25 12:05:33,881 [grpc-default-executor-2] INFO  impl.RaftServerProxy (RaftServerProxy.java:addNew(89)) - 29c22799-2be0-4ff1-960a-e2f5fb4c56d9: addNew group-36959136CB44:[29c22799-2be0-4ff1-960a-e2f5fb4c56d9:192.168.151.73:46053] returns group-36959136CB44:java.util.concurrent.CompletableFuture@fb82244[Not completed]
2019-09-25 12:05:33,883 [pool-439-thread-1] INFO  impl.RaftServerImpl (RaftServerImpl.java:<init>(95)) - 29c22799-2be0-4ff1-960a-e2f5fb4c56d9: new RaftServerImpl for group-36959136CB44:[29c22799-2be0-4ff1-960a-e2f5fb4c56d9:192.168.151.73:46053] with ContainerStateMachine:uninitialized
2019-09-25 12:05:33,883 [pool-439-thread-1] INFO  server.RaftServerConfigKeys (ConfUtils.java:logGet(43)) - raft.server.rpc.timeout.min = 5s (custom)
2019-09-25 12:05:33,883 [pool-439-thread-1] INFO  server.RaftServerConfigKeys (ConfUtils.java:logGet(43)) - raft.server.rpc.timeout.max = 5200ms (custom)
2019-09-25 12:05:33,883 [pool-439-thread-1] INFO  server.RaftServerConfigKeys (ConfUtils.java:logGet(43)) - raft.server.rpcslowness.timeout = 120s (custom)
2019-09-25 12:05:33,883 [pool-439-thread-1] INFO  server.RaftServerConfigKeys (ConfUtils.java:logGet(43)) - raft.server.sleep.deviation.threshold = 300 (default)
2019-09-25 12:05:33,883 [pool-439-thread-1] INFO  server.RaftServerConfigKeys (ConfUtils.java:logGet(43)) - raft.server.log.appender.install.snapshot.enabled = false (custom)
2019-09-25 12:05:33,883 [pool-439-thread-1] INFO  impl.RaftServerImpl (ServerState.java:<init>(103)) - 29c22799-2be0-4ff1-960a-e2f5fb4c56d9@group-36959136CB44: ConfigurationManager, init=-1: [29c22799-2be0-4ff1-960a-e2f5fb4c56d9:192.168.151.73:46053], old=null, confs=<EMPTY_MAP>
2019-09-25 12:05:33,884 [pool-439-thread-1] INFO  server.RaftServerConfigKeys (ConfUtils.java:logGet(43)) - raft.server.storage.dir = [/workdir/hadoop-ozone/integration-test/target/test-dir/MiniOzoneClusterImpl-0814cdd2-95b4-491b-95c0-a7203a111cc5/datanode-3/data/ratis] (custom)
2019-09-25 12:05:33,884 [pool-439-thread-1] INFO  storage.RaftStorageDirectory (RaftStorageDirectory.java:analyzeStorage(246)) - The storage directory /workdir/hadoop-ozone/integration-test/target/test-dir/MiniOzoneClusterImpl-0814cdd2-95b4-491b-95c0-a7203a111cc5/datanode-3/data/ratis/34f90e28-7fa0-4c6a-8003-36959136cb44 does not exist. Creating ...
2019-09-25 12:05:33,896 [pool-439-thread-1] INFO  storage.RaftStorageDirectory (RaftStorageDirectory.java:tryLock(328)) - Lock on /workdir/hadoop-ozone/integration-test/target/test-dir/MiniOzoneClusterImpl-0814cdd2-95b4-491b-95c0-a7203a111cc5/datanode-3/data/ratis/34f90e28-7fa0-4c6a-8003-36959136cb44/in_use.lock acquired by nodename 24979@pr-hdds-1569-shd4m-3693607622
2019-09-25 12:05:33,924 [pool-439-thread-1] INFO  storage.RaftStorage (RaftStorage.java:format(72)) - Storage directory /workdir/hadoop-ozone/integration-test/target/test-dir/MiniOzoneClusterImpl-0814cdd2-95b4-491b-95c0-a7203a111cc5/datanode-3/data/ratis/34f90e28-7fa0-4c6a-8003-36959136cb44 has been successfully formatted.
2019-09-25 12:05:33,925 [pool-439-thread-1] INFO  ratis.ContainerStateMachine (ContainerStateMachine.java:loadSnapshot(230)) - group-36959136CB44: The snapshot info is null. Setting the last applied indexto:(t:0, i:~)
2019-09-25 12:05:33,925 [pool-439-thread-1] INFO  server.RaftServerConfigKeys (ConfUtils.java:logGet(43)) - raft.server.notification.no-leader.timeout = 120s (custom)
2019-09-25 12:05:33,925 [pool-439-thread-1] INFO  server.RaftServerConfigKeys (ConfUtils.java:logGet(43)) - raft.server.log.use.memory = false (default)
2019-09-25 12:05:33,925 [pool-439-thread-1] INFO  server.RaftServerConfigKeys (ConfUtils.java:logGet(43)) - raft.server.log.purge.gap = 1000000 (custom)
2019-09-25 12:05:33,925 [pool-439-thread-1] INFO  server.RaftServerConfigKeys (ConfUtils.java:logGet(43)) - raft.server.log.appender.buffer.byte-limit = 33554432 (custom)
2019-09-25 12:05:33,925 [pool-439-thread-1] INFO  server.RaftServerConfigKeys (ConfUtils.java:logGet(43)) - raft.server.log.segment.size.max = 1048576 (custom)
2019-09-25 12:05:33,926 [pool-439-thread-1] INFO  server.RaftServerConfigKeys (ConfUtils.java:logGet(43)) - raft.server.log.segment.cache.num.max = 2 (custom)
2019-09-25 12:05:33,926 [pool-439-thread-1] INFO  segmented.SegmentedRaftLogWorker (SegmentedRaftLogWorker.java:<init>(172)) - new 29c22799-2be0-4ff1-960a-e2f5fb4c56d9@group-36959136CB44-SegmentedRaftLogWorker for RaftStorage:Storage Directory /workdir/hadoop-ozone/integration-test/target/test-dir/MiniOzoneClusterImpl-0814cdd2-95b4-491b-95c0-a7203a111cc5/datanode-3/data/ratis/34f90e28-7fa0-4c6a-8003-36959136cb44
2019-09-25 12:05:33,928 [pool-439-thread-1] INFO  server.RaftServerConfigKeys (ConfUtils.java:logGet(43)) - raft.server.log.queue.byte-limit = 2147483647 (custom)
2019-09-25 12:05:33,928 [pool-439-thread-1] INFO  server.RaftServerConfigKeys (ConfUtils.java:logGet(43)) - raft.server.log.queue.element-limit = 1024 (custom)
2019-09-25 12:05:33,928 [pool-439-thread-1] INFO  server.RaftServerConfigKeys (ConfUtils.java:logGet(43)) - raft.server.log.segment.size.max = 1048576 (custom)
2019-09-25 12:05:33,928 [pool-439-thread-1] INFO  server.RaftServerConfigKeys (ConfUtils.java:logGet(43)) - raft.server.log.preallocated.size = 16384 (custom)
2019-09-25 12:05:33,928 [pool-439-thread-1] INFO  server.RaftServerConfigKeys (ConfUtils.java:logGet(43)) - raft.server.log.write.buffer.size = 33554432 (custom)
2019-09-25 12:05:33,928 [pool-439-thread-1] INFO  server.RaftServerConfigKeys (ConfUtils.java:logGet(43)) - raft.server.log.force.sync.num = 128 (default)
2019-09-25 12:05:33,928 [pool-439-thread-1] INFO  server.RaftServerConfigKeys (ConfUtils.java:logGet(43)) - raft.server.log.statemachine.data.sync = true (default)
2019-09-25 12:05:33,928 [pool-439-thread-1] INFO  server.RaftServerConfigKeys (ConfUtils.java:logGet(43)) - raft.server.log.statemachine.data.sync.timeout = 10s (default)
2019-09-25 12:05:33,929 [pool-439-thread-1] INFO  server.RaftServerConfigKeys (ConfUtils.java:logGet(43)) - raft.server.log.statemachine.data.sync.timeout.retry = -1 (default)
2019-09-25 12:05:33,929 [pool-439-thread-1] INFO  server.RaftServerConfigKeys (ConfUtils.java:logGet(43)) - raft.server.log.statemachine.data.caching.enabled = true (custom)
2019-09-25 12:05:33,929 [pool-439-thread-1] INFO  segmented.SegmentedRaftLogWorker (SegmentedRaftLogWorker.java:lambda$new$0(132)) - 29c22799-2be0-4ff1-960a-e2f5fb4c56d9@group-36959136CB44-SegmentedRaftLogWorker: flushIndex: setUnconditionally 0 -> -1
2019-09-25 12:05:33,929 [pool-439-thread-1] INFO  server.RaftServerConfigKeys (ConfUtils.java:logGet(43)) - raft.server.snapshot.auto.trigger.enabled = true (custom)
2019-09-25 12:05:33,930 [pool-439-thread-1] INFO  server.RaftServerConfigKeys (ConfUtils.java:logGet(43)) - raft.server.snapshot.auto.trigger.threshold = 10000 (custom)
2019-09-25 12:05:33,930 [pool-439-thread-1] INFO  server.RaftServerConfigKeys (ConfUtils.java:logGet(43)) - raft.server.snapshot.retention.num.files = 5 (custom)
2019-09-25 12:05:33,930 [pool-439-thread-1] INFO  server.RaftServerConfigKeys (ConfUtils.java:logGet(43)) - raft.server.retrycache.expirytime = 600000ms (custom)
2019-09-25 12:05:33,932 [pool-439-thread-1] INFO  impl.RaftServerImpl (RaftServerImpl.java:start(185)) - 29c22799-2be0-4ff1-960a-e2f5fb4c56d9@group-36959136CB44: start as a follower, conf=-1: [29c22799-2be0-4ff1-960a-e2f5fb4c56d9:192.168.151.73:46053], old=null
2019-09-25 12:05:33,932 [pool-439-thread-1] INFO  impl.RaftServerImpl (RaftServerImpl.java:setRole(174)) - 29c22799-2be0-4ff1-960a-e2f5fb4c56d9@group-36959136CB44: changes role from      null to FOLLOWER at term 0 for startAsFollower
2019-09-25 12:05:33,932 [pool-439-thread-1] INFO  impl.RoleInfo (RoleInfo.java:updateAndGet(143)) - 29c22799-2be0-4ff1-960a-e2f5fb4c56d9: start FollowerState
2019-09-25 12:05:33,932 [pool-439-thread-1] INFO  util.JmxRegister (JmxRegister.java:tryRegister(44)) - Successfully registered JMX Bean with object name Ratis:service=RaftServer,group=group-36959136CB44,id=29c22799-2be0-4ff1-960a-e2f5fb4c56d9
2019-09-25 12:05:33,935 [RatisPipelineUtilsThread] INFO  pipeline.PipelineStateManager (PipelineStateManager.java:addPipeline(56)) - Created pipeline Pipeline[ Id: 34f90e28-7fa0-4c6a-8003-36959136cb44, Nodes: 29c22799-2be0-4ff1-960a-e2f5fb4c56d9{ip: 192.168.151.73, host: pr-hdds-1569-shd4m-3693607622, networkLocation: /default-rack, certSerialId: null}, Type:RATIS, Factor:ONE, State:OPEN]
2019-09-25 12:05:33,935 [RatisPipelineUtilsThread] INFO  pipeline.PipelinePlacementPolicy (PipelinePlacementPolicy.java:meetCriteria(91)) - Pipeline Placement: can't place more pipeline on heavy datanode： dd53ae84-fcc6-4953-b3df-628fab38f53c Heaviness: 6 limit: 5
2019-09-25 12:05:33,935 [RatisPipelineUtilsThread] INFO  pipeline.PipelinePlacementPolicy (PipelinePlacementPolicy.java:meetCriteria(91)) - Pipeline Placement: can't place more pipeline on heavy datanode： 4a53ed6f-dce3-4b1f-9e89-8e0e17f074cc Heaviness: 6 limit: 5
2019-09-25 12:05:33,944 [grpc-default-executor-2] INFO  impl.RaftServerProxy (RaftServerProxy.java:addNew(89)) - aa2320bf-b2b0-4764-9bc5-2df8b93b85ea: addNew group-327C7E377098:[aa2320bf-b2b0-4764-9bc5-2df8b93b85ea:192.168.151.73:39809] returns group-327C7E377098:java.util.concurrent.CompletableFuture@12ade903[Not completed]
2019-09-25 12:05:33,945 [pool-449-thread-1] INFO  impl.RaftServerImpl (RaftServerImpl.java:<init>(95)) - aa2320bf-b2b0-4764-9bc5-2df8b93b85ea: new RaftServerImpl for group-327C7E377098:[aa2320bf-b2b0-4764-9bc5-2df8b93b85ea:192.168.151.73:39809] with ContainerStateMachine:uninitialized
2019-09-25 12:05:33,945 [pool-449-thread-1] INFO  server.RaftServerConfigKeys (ConfUtils.java:logGet(43)) - raft.server.rpc.timeout.min = 5s (custom)
2019-09-25 12:05:33,945 [pool-449-thread-1] INFO  server.RaftServerConfigKeys (ConfUtils.java:logGet(43)) - raft.server.rpc.timeout.max = 5200ms (custom)
2019-09-25 12:05:33,945 [pool-449-thread-1] INFO  server.RaftServerConfigKeys (ConfUtils.java:logGet(43)) - raft.server.rpcslowness.timeout = 120s (custom)
2019-09-25 12:05:33,945 [pool-449-thread-1] INFO  server.RaftServerConfigKeys (ConfUtils.java:logGet(43)) - raft.server.sleep.deviation.threshold = 300 (default)
2019-09-25 12:05:33,945 [pool-449-thread-1] INFO  server.RaftServerConfigKeys (ConfUtils.java:logGet(43)) - raft.server.log.appender.install.snapshot.enabled = false (custom)
2019-09-25 12:05:33,945 [pool-449-thread-1] INFO  impl.RaftServerImpl (ServerState.java:<init>(103)) - aa2320bf-b2b0-4764-9bc5-2df8b93b85ea@group-327C7E377098: ConfigurationManager, init=-1: [aa2320bf-b2b0-4764-9bc5-2df8b93b85ea:192.168.151.73:39809], old=null, confs=<EMPTY_MAP>
2019-09-25 12:05:33,945 [pool-449-thread-1] INFO  server.RaftServerConfigKeys (ConfUtils.java:logGet(43)) - raft.server.storage.dir = [/workdir/hadoop-ozone/integration-test/target/test-dir/MiniOzoneClusterImpl-0814cdd2-95b4-491b-95c0-a7203a111cc5/datanode-4/data/ratis] (custom)
2019-09-25 12:05:33,945 [pool-449-thread-1] INFO  storage.RaftStorageDirectory (RaftStorageDirectory.java:analyzeStorage(246)) - The storage directory /workdir/hadoop-ozone/integration-test/target/test-dir/MiniOzoneClusterImpl-0814cdd2-95b4-491b-95c0-a7203a111cc5/datanode-4/data/ratis/70caa2b8-fc64-4667-99f4-327c7e377098 does not exist. Creating ...
2019-09-25 12:05:33,958 [pool-449-thread-1] INFO  storage.RaftStorageDirectory (RaftStorageDirectory.java:tryLock(328)) - Lock on /workdir/hadoop-ozone/integration-test/target/test-dir/MiniOzoneClusterImpl-0814cdd2-95b4-491b-95c0-a7203a111cc5/datanode-4/data/ratis/70caa2b8-fc64-4667-99f4-327c7e377098/in_use.lock acquired by nodename 24979@pr-hdds-1569-shd4m-3693607622
2019-09-25 12:05:33,980 [pool-449-thread-1] INFO  storage.RaftStorage (RaftStorage.java:format(72)) - Storage directory /workdir/hadoop-ozone/integration-test/target/test-dir/MiniOzoneClusterImpl-0814cdd2-95b4-491b-95c0-a7203a111cc5/datanode-4/data/ratis/70caa2b8-fc64-4667-99f4-327c7e377098 has been successfully formatted.
2019-09-25 12:05:33,980 [pool-449-thread-1] INFO  ratis.ContainerStateMachine (ContainerStateMachine.java:loadSnapshot(230)) - group-327C7E377098: The snapshot info is null. Setting the last applied indexto:(t:0, i:~)
2019-09-25 12:05:33,980 [pool-449-thread-1] INFO  server.RaftServerConfigKeys (ConfUtils.java:logGet(43)) - raft.server.notification.no-leader.timeout = 120s (custom)
2019-09-25 12:05:33,980 [pool-449-thread-1] INFO  server.RaftServerConfigKeys (ConfUtils.java:logGet(43)) - raft.server.log.use.memory = false (default)
2019-09-25 12:05:33,980 [pool-449-thread-1] INFO  server.RaftServerConfigKeys (ConfUtils.java:logGet(43)) - raft.server.log.purge.gap = 1000000 (custom)
2019-09-25 12:05:33,980 [pool-449-thread-1] INFO  server.RaftServerConfigKeys (ConfUtils.java:logGet(43)) - raft.server.log.appender.buffer.byte-limit = 33554432 (custom)
2019-09-25 12:05:33,980 [pool-449-thread-1] INFO  server.RaftServerConfigKeys (ConfUtils.java:logGet(43)) - raft.server.log.segment.size.max = 1048576 (custom)
2019-09-25 12:05:33,980 [pool-449-thread-1] INFO  server.RaftServerConfigKeys (ConfUtils.java:logGet(43)) - raft.server.log.segment.cache.num.max = 2 (custom)
2019-09-25 12:05:33,980 [pool-449-thread-1] INFO  segmented.SegmentedRaftLogWorker (SegmentedRaftLogWorker.java:<init>(172)) - new aa2320bf-b2b0-4764-9bc5-2df8b93b85ea@group-327C7E377098-SegmentedRaftLogWorker for RaftStorage:Storage Directory /workdir/hadoop-ozone/integration-test/target/test-dir/MiniOzoneClusterImpl-0814cdd2-95b4-491b-95c0-a7203a111cc5/datanode-4/data/ratis/70caa2b8-fc64-4667-99f4-327c7e377098
2019-09-25 12:05:33,982 [pool-449-thread-1] INFO  server.RaftServerConfigKeys (ConfUtils.java:logGet(43)) - raft.server.log.queue.byte-limit = 2147483647 (custom)
2019-09-25 12:05:33,982 [pool-449-thread-1] INFO  server.RaftServerConfigKeys (ConfUtils.java:logGet(43)) - raft.server.log.queue.element-limit = 1024 (custom)
2019-09-25 12:05:33,982 [pool-449-thread-1] INFO  server.RaftServerConfigKeys (ConfUtils.java:logGet(43)) - raft.server.log.segment.size.max = 1048576 (custom)
2019-09-25 12:05:33,982 [pool-449-thread-1] INFO  server.RaftServerConfigKeys (ConfUtils.java:logGet(43)) - raft.server.log.preallocated.size = 16384 (custom)
2019-09-25 12:05:33,982 [pool-449-thread-1] INFO  server.RaftServerConfigKeys (ConfUtils.java:logGet(43)) - raft.server.log.write.buffer.size = 33554432 (custom)
2019-09-25 12:05:33,982 [pool-449-thread-1] INFO  server.RaftServerConfigKeys (ConfUtils.java:logGet(43)) - raft.server.log.force.sync.num = 128 (default)
2019-09-25 12:05:33,982 [pool-449-thread-1] INFO  server.RaftServerConfigKeys (ConfUtils.java:logGet(43)) - raft.server.log.statemachine.data.sync = true (default)
2019-09-25 12:05:33,982 [pool-449-thread-1] INFO  server.RaftServerConfigKeys (ConfUtils.java:logGet(43)) - raft.server.log.statemachine.data.sync.timeout = 10s (default)
2019-09-25 12:05:33,982 [pool-449-thread-1] INFO  server.RaftServerConfigKeys (ConfUtils.java:logGet(43)) - raft.server.log.statemachine.data.sync.timeout.retry = -1 (default)
2019-09-25 12:05:33,983 [pool-449-thread-1] INFO  server.RaftServerConfigKeys (ConfUtils.java:logGet(43)) - raft.server.log.statemachine.data.caching.enabled = true (custom)
2019-09-25 12:05:33,983 [pool-449-thread-1] INFO  segmented.SegmentedRaftLogWorker (SegmentedRaftLogWorker.java:lambda$new$0(132)) - aa2320bf-b2b0-4764-9bc5-2df8b93b85ea@group-327C7E377098-SegmentedRaftLogWorker: flushIndex: setUnconditionally 0 -> -1
2019-09-25 12:05:33,983 [pool-449-thread-1] INFO  server.RaftServerConfigKeys (ConfUtils.java:logGet(43)) - raft.server.snapshot.auto.trigger.enabled = true (custom)
2019-09-25 12:05:33,983 [pool-449-thread-1] INFO  server.RaftServerConfigKeys (ConfUtils.java:logGet(43)) - raft.server.snapshot.auto.trigger.threshold = 10000 (custom)
2019-09-25 12:05:33,983 [pool-449-thread-1] INFO  server.RaftServerConfigKeys (ConfUtils.java:logGet(43)) - raft.server.snapshot.retention.num.files = 5 (custom)
2019-09-25 12:05:33,983 [pool-449-thread-1] INFO  server.RaftServerConfigKeys (ConfUtils.java:logGet(43)) - raft.server.retrycache.expirytime = 600000ms (custom)
2019-09-25 12:05:33,985 [pool-449-thread-1] INFO  impl.RaftServerImpl (RaftServerImpl.java:start(185)) - aa2320bf-b2b0-4764-9bc5-2df8b93b85ea@group-327C7E377098: start as a follower, conf=-1: [aa2320bf-b2b0-4764-9bc5-2df8b93b85ea:192.168.151.73:39809], old=null
2019-09-25 12:05:33,985 [pool-449-thread-1] INFO  impl.RaftServerImpl (RaftServerImpl.java:setRole(174)) - aa2320bf-b2b0-4764-9bc5-2df8b93b85ea@group-327C7E377098: changes role from      null to FOLLOWER at term 0 for startAsFollower
2019-09-25 12:05:33,985 [pool-449-thread-1] INFO  impl.RoleInfo (RoleInfo.java:updateAndGet(143)) - aa2320bf-b2b0-4764-9bc5-2df8b93b85ea: start FollowerState
2019-09-25 12:05:33,985 [pool-449-thread-1] INFO  util.JmxRegister (JmxRegister.java:tryRegister(44)) - Successfully registered JMX Bean with object name Ratis:service=RaftServer,group=group-327C7E377098,id=aa2320bf-b2b0-4764-9bc5-2df8b93b85ea
2019-09-25 12:05:33,987 [RatisPipelineUtilsThread] INFO  pipeline.PipelineStateManager (PipelineStateManager.java:addPipeline(56)) - Created pipeline Pipeline[ Id: 70caa2b8-fc64-4667-99f4-327c7e377098, Nodes: aa2320bf-b2b0-4764-9bc5-2df8b93b85ea{ip: 192.168.151.73, host: pr-hdds-1569-shd4m-3693607622, networkLocation: /default-rack, certSerialId: null}, Type:RATIS, Factor:ONE, State:OPEN]
2019-09-25 12:05:33,987 [RatisPipelineUtilsThread] INFO  pipeline.PipelinePlacementPolicy (PipelinePlacementPolicy.java:meetCriteria(91)) - Pipeline Placement: can't place more pipeline on heavy datanode： dd53ae84-fcc6-4953-b3df-628fab38f53c Heaviness: 6 limit: 5
2019-09-25 12:05:33,987 [RatisPipelineUtilsThread] INFO  pipeline.PipelinePlacementPolicy (PipelinePlacementPolicy.java:meetCriteria(91)) - Pipeline Placement: can't place more pipeline on heavy datanode： 4a53ed6f-dce3-4b1f-9e89-8e0e17f074cc Heaviness: 6 limit: 5
2019-09-25 12:05:33,996 [grpc-default-executor-2] INFO  impl.RaftServerProxy (RaftServerProxy.java:addNew(89)) - e20b9d38-a0cd-4cc2-b07d-99b310028cde: addNew group-F8A1E0859D00:[e20b9d38-a0cd-4cc2-b07d-99b310028cde:192.168.151.73:45208] returns group-F8A1E0859D00:java.util.concurrent.CompletableFuture@23fcf6cc[Not completed]
2019-09-25 12:05:33,997 [pool-459-thread-1] INFO  impl.RaftServerImpl (RaftServerImpl.java:<init>(95)) - e20b9d38-a0cd-4cc2-b07d-99b310028cde: new RaftServerImpl for group-F8A1E0859D00:[e20b9d38-a0cd-4cc2-b07d-99b310028cde:192.168.151.73:45208] with ContainerStateMachine:uninitialized
2019-09-25 12:05:33,998 [pool-459-thread-1] INFO  server.RaftServerConfigKeys (ConfUtils.java:logGet(43)) - raft.server.rpc.timeout.min = 5s (custom)
2019-09-25 12:05:33,998 [pool-459-thread-1] INFO  server.RaftServerConfigKeys (ConfUtils.java:logGet(43)) - raft.server.rpc.timeout.max = 5200ms (custom)
2019-09-25 12:05:33,998 [pool-459-thread-1] INFO  server.RaftServerConfigKeys (ConfUtils.java:logGet(43)) - raft.server.rpcslowness.timeout = 120s (custom)
2019-09-25 12:05:33,998 [pool-459-thread-1] INFO  server.RaftServerConfigKeys (ConfUtils.java:logGet(43)) - raft.server.sleep.deviation.threshold = 300 (default)
2019-09-25 12:05:33,998 [pool-459-thread-1] INFO  server.RaftServerConfigKeys (ConfUtils.java:logGet(43)) - raft.server.log.appender.install.snapshot.enabled = false (custom)
2019-09-25 12:05:33,998 [pool-459-thread-1] INFO  impl.RaftServerImpl (ServerState.java:<init>(103)) - e20b9d38-a0cd-4cc2-b07d-99b310028cde@group-F8A1E0859D00: ConfigurationManager, init=-1: [e20b9d38-a0cd-4cc2-b07d-99b310028cde:192.168.151.73:45208], old=null, confs=<EMPTY_MAP>
2019-09-25 12:05:33,998 [pool-459-thread-1] INFO  server.RaftServerConfigKeys (ConfUtils.java:logGet(43)) - raft.server.storage.dir = [/workdir/hadoop-ozone/integration-test/target/test-dir/MiniOzoneClusterImpl-0814cdd2-95b4-491b-95c0-a7203a111cc5/datanode-5/data/ratis] (custom)
2019-09-25 12:05:33,998 [pool-459-thread-1] INFO  storage.RaftStorageDirectory (RaftStorageDirectory.java:analyzeStorage(246)) - The storage directory /workdir/hadoop-ozone/integration-test/target/test-dir/MiniOzoneClusterImpl-0814cdd2-95b4-491b-95c0-a7203a111cc5/datanode-5/data/ratis/9a42331c-4b44-4803-9437-f8a1e0859d00 does not exist. Creating ...
2019-09-25 12:05:34,011 [pool-459-thread-1] INFO  storage.RaftStorageDirectory (RaftStorageDirectory.java:tryLock(328)) - Lock on /workdir/hadoop-ozone/integration-test/target/test-dir/MiniOzoneClusterImpl-0814cdd2-95b4-491b-95c0-a7203a111cc5/datanode-5/data/ratis/9a42331c-4b44-4803-9437-f8a1e0859d00/in_use.lock acquired by nodename 24979@pr-hdds-1569-shd4m-3693607622
2019-09-25 12:05:34,024 [pool-459-thread-1] INFO  storage.RaftStorage (RaftStorage.java:format(72)) - Storage directory /workdir/hadoop-ozone/integration-test/target/test-dir/MiniOzoneClusterImpl-0814cdd2-95b4-491b-95c0-a7203a111cc5/datanode-5/data/ratis/9a42331c-4b44-4803-9437-f8a1e0859d00 has been successfully formatted.
2019-09-25 12:05:34,024 [pool-459-thread-1] INFO  ratis.ContainerStateMachine (ContainerStateMachine.java:loadSnapshot(230)) - group-F8A1E0859D00: The snapshot info is null. Setting the last applied indexto:(t:0, i:~)
2019-09-25 12:05:34,024 [pool-459-thread-1] INFO  server.RaftServerConfigKeys (ConfUtils.java:logGet(43)) - raft.server.notification.no-leader.timeout = 120s (custom)
2019-09-25 12:05:34,024 [pool-459-thread-1] INFO  server.RaftServerConfigKeys (ConfUtils.java:logGet(43)) - raft.server.log.use.memory = false (default)
2019-09-25 12:05:34,024 [pool-459-thread-1] INFO  server.RaftServerConfigKeys (ConfUtils.java:logGet(43)) - raft.server.log.purge.gap = 1000000 (custom)
2019-09-25 12:05:34,024 [pool-459-thread-1] INFO  server.RaftServerConfigKeys (ConfUtils.java:logGet(43)) - raft.server.log.appender.buffer.byte-limit = 33554432 (custom)
2019-09-25 12:05:34,025 [pool-459-thread-1] INFO  server.RaftServerConfigKeys (ConfUtils.java:logGet(43)) - raft.server.log.segment.size.max = 1048576 (custom)
2019-09-25 12:05:34,025 [pool-459-thread-1] INFO  server.RaftServerConfigKeys (ConfUtils.java:logGet(43)) - raft.server.log.segment.cache.num.max = 2 (custom)
2019-09-25 12:05:34,025 [pool-459-thread-1] INFO  segmented.SegmentedRaftLogWorker (SegmentedRaftLogWorker.java:<init>(172)) - new e20b9d38-a0cd-4cc2-b07d-99b310028cde@group-F8A1E0859D00-SegmentedRaftLogWorker for RaftStorage:Storage Directory /workdir/hadoop-ozone/integration-test/target/test-dir/MiniOzoneClusterImpl-0814cdd2-95b4-491b-95c0-a7203a111cc5/datanode-5/data/ratis/9a42331c-4b44-4803-9437-f8a1e0859d00
2019-09-25 12:05:34,026 [pool-459-thread-1] INFO  server.RaftServerConfigKeys (ConfUtils.java:logGet(43)) - raft.server.log.queue.byte-limit = 2147483647 (custom)
2019-09-25 12:05:34,026 [pool-459-thread-1] INFO  server.RaftServerConfigKeys (ConfUtils.java:logGet(43)) - raft.server.log.queue.element-limit = 1024 (custom)
2019-09-25 12:05:34,026 [pool-459-thread-1] INFO  server.RaftServerConfigKeys (ConfUtils.java:logGet(43)) - raft.server.log.segment.size.max = 1048576 (custom)
2019-09-25 12:05:34,026 [pool-459-thread-1] INFO  server.RaftServerConfigKeys (ConfUtils.java:logGet(43)) - raft.server.log.preallocated.size = 16384 (custom)
2019-09-25 12:05:34,026 [pool-459-thread-1] INFO  server.RaftServerConfigKeys (ConfUtils.java:logGet(43)) - raft.server.log.write.buffer.size = 33554432 (custom)
2019-09-25 12:05:34,026 [pool-459-thread-1] INFO  server.RaftServerConfigKeys (ConfUtils.java:logGet(43)) - raft.server.log.force.sync.num = 128 (default)
2019-09-25 12:05:34,026 [pool-459-thread-1] INFO  server.RaftServerConfigKeys (ConfUtils.java:logGet(43)) - raft.server.log.statemachine.data.sync = true (default)
2019-09-25 12:05:34,026 [pool-459-thread-1] INFO  server.RaftServerConfigKeys (ConfUtils.java:logGet(43)) - raft.server.log.statemachine.data.sync.timeout = 10s (default)
2019-09-25 12:05:34,027 [pool-459-thread-1] INFO  server.RaftServerConfigKeys (ConfUtils.java:logGet(43)) - raft.server.log.statemachine.data.sync.timeout.retry = -1 (default)
2019-09-25 12:05:34,027 [pool-459-thread-1] INFO  server.RaftServerConfigKeys (ConfUtils.java:logGet(43)) - raft.server.log.statemachine.data.caching.enabled = true (custom)
2019-09-25 12:05:34,027 [pool-459-thread-1] INFO  segmented.SegmentedRaftLogWorker (SegmentedRaftLogWorker.java:lambda$new$0(132)) - e20b9d38-a0cd-4cc2-b07d-99b310028cde@group-F8A1E0859D00-SegmentedRaftLogWorker: flushIndex: setUnconditionally 0 -> -1
2019-09-25 12:05:34,027 [pool-459-thread-1] INFO  server.RaftServerConfigKeys (ConfUtils.java:logGet(43)) - raft.server.snapshot.auto.trigger.enabled = true (custom)
2019-09-25 12:05:34,027 [pool-459-thread-1] INFO  server.RaftServerConfigKeys (ConfUtils.java:logGet(43)) - raft.server.snapshot.auto.trigger.threshold = 10000 (custom)
2019-09-25 12:05:34,027 [pool-459-thread-1] INFO  server.RaftServerConfigKeys (ConfUtils.java:logGet(43)) - raft.server.snapshot.retention.num.files = 5 (custom)
2019-09-25 12:05:34,027 [pool-459-thread-1] INFO  server.RaftServerConfigKeys (ConfUtils.java:logGet(43)) - raft.server.retrycache.expirytime = 600000ms (custom)
2019-09-25 12:05:34,029 [pool-459-thread-1] INFO  impl.RaftServerImpl (RaftServerImpl.java:start(185)) - e20b9d38-a0cd-4cc2-b07d-99b310028cde@group-F8A1E0859D00: start as a follower, conf=-1: [e20b9d38-a0cd-4cc2-b07d-99b310028cde:192.168.151.73:45208], old=null
2019-09-25 12:05:34,029 [pool-459-thread-1] INFO  impl.RaftServerImpl (RaftServerImpl.java:setRole(174)) - e20b9d38-a0cd-4cc2-b07d-99b310028cde@group-F8A1E0859D00: changes role from      null to FOLLOWER at term 0 for startAsFollower
2019-09-25 12:05:34,029 [pool-459-thread-1] INFO  impl.RoleInfo (RoleInfo.java:updateAndGet(143)) - e20b9d38-a0cd-4cc2-b07d-99b310028cde: start FollowerState
2019-09-25 12:05:34,029 [pool-459-thread-1] INFO  util.JmxRegister (JmxRegister.java:tryRegister(44)) - Successfully registered JMX Bean with object name Ratis:service=RaftServer,group=group-F8A1E0859D00,id=e20b9d38-a0cd-4cc2-b07d-99b310028cde
2019-09-25 12:05:34,031 [RatisPipelineUtilsThread] INFO  pipeline.PipelineStateManager (PipelineStateManager.java:addPipeline(56)) - Created pipeline Pipeline[ Id: 9a42331c-4b44-4803-9437-f8a1e0859d00, Nodes: e20b9d38-a0cd-4cc2-b07d-99b310028cde{ip: 192.168.151.73, host: pr-hdds-1569-shd4m-3693607622, networkLocation: /default-rack, certSerialId: null}, Type:RATIS, Factor:ONE, State:OPEN]
2019-09-25 12:05:34,031 [RatisPipelineUtilsThread] INFO  pipeline.PipelinePlacementPolicy (PipelinePlacementPolicy.java:meetCriteria(91)) - Pipeline Placement: can't place more pipeline on heavy datanode： dd53ae84-fcc6-4953-b3df-628fab38f53c Heaviness: 6 limit: 5
2019-09-25 12:05:34,031 [RatisPipelineUtilsThread] INFO  pipeline.PipelinePlacementPolicy (PipelinePlacementPolicy.java:meetCriteria(91)) - Pipeline Placement: can't place more pipeline on heavy datanode： 4a53ed6f-dce3-4b1f-9e89-8e0e17f074cc Heaviness: 6 limit: 5
2019-09-25 12:05:34,035 [grpc-default-executor-2] INFO  impl.RaftServerProxy (RaftServerProxy.java:addNew(89)) - 1b5f48e1-875d-49d5-a3ca-2607cd8d3943: addNew group-2388CA4C89F7:[1b5f48e1-875d-49d5-a3ca-2607cd8d3943:192.168.151.73:34544] returns group-2388CA4C89F7:java.util.concurrent.CompletableFuture@48a37f5e[Not completed]
2019-09-25 12:05:34,036 [pool-429-thread-1] INFO  impl.RaftServerImpl (RaftServerImpl.java:<init>(95)) - 1b5f48e1-875d-49d5-a3ca-2607cd8d3943: new RaftServerImpl for group-2388CA4C89F7:[1b5f48e1-875d-49d5-a3ca-2607cd8d3943:192.168.151.73:34544] with ContainerStateMachine:uninitialized
2019-09-25 12:05:34,036 [pool-429-thread-1] INFO  server.RaftServerConfigKeys (ConfUtils.java:logGet(43)) - raft.server.rpc.timeout.min = 5s (custom)
2019-09-25 12:05:34,036 [pool-429-thread-1] INFO  server.RaftServerConfigKeys (ConfUtils.java:logGet(43)) - raft.server.rpc.timeout.max = 5200ms (custom)
2019-09-25 12:05:34,036 [pool-429-thread-1] INFO  server.RaftServerConfigKeys (ConfUtils.java:logGet(43)) - raft.server.rpcslowness.timeout = 120s (custom)
2019-09-25 12:05:34,036 [pool-429-thread-1] INFO  server.RaftServerConfigKeys (ConfUtils.java:logGet(43)) - raft.server.sleep.deviation.threshold = 300 (default)
2019-09-25 12:05:34,036 [pool-429-thread-1] INFO  server.RaftServerConfigKeys (ConfUtils.java:logGet(43)) - raft.server.log.appender.install.snapshot.enabled = false (custom)
2019-09-25 12:05:34,037 [pool-429-thread-1] INFO  impl.RaftServerImpl (ServerState.java:<init>(103)) - 1b5f48e1-875d-49d5-a3ca-2607cd8d3943@group-2388CA4C89F7: ConfigurationManager, init=-1: [1b5f48e1-875d-49d5-a3ca-2607cd8d3943:192.168.151.73:34544], old=null, confs=<EMPTY_MAP>
2019-09-25 12:05:34,037 [pool-429-thread-1] INFO  server.RaftServerConfigKeys (ConfUtils.java:logGet(43)) - raft.server.storage.dir = [/workdir/hadoop-ozone/integration-test/target/test-dir/MiniOzoneClusterImpl-0814cdd2-95b4-491b-95c0-a7203a111cc5/datanode-2/data/ratis] (custom)
2019-09-25 12:05:34,037 [pool-429-thread-1] INFO  storage.RaftStorageDirectory (RaftStorageDirectory.java:analyzeStorage(246)) - The storage directory /workdir/hadoop-ozone/integration-test/target/test-dir/MiniOzoneClusterImpl-0814cdd2-95b4-491b-95c0-a7203a111cc5/datanode-2/data/ratis/a4ac3900-0131-48a0-b213-2388ca4c89f7 does not exist. Creating ...
2019-09-25 12:05:34,050 [pool-429-thread-1] INFO  storage.RaftStorageDirectory (RaftStorageDirectory.java:tryLock(328)) - Lock on /workdir/hadoop-ozone/integration-test/target/test-dir/MiniOzoneClusterImpl-0814cdd2-95b4-491b-95c0-a7203a111cc5/datanode-2/data/ratis/a4ac3900-0131-48a0-b213-2388ca4c89f7/in_use.lock acquired by nodename 24979@pr-hdds-1569-shd4m-3693607622
2019-09-25 12:05:34,062 [pool-429-thread-1] INFO  storage.RaftStorage (RaftStorage.java:format(72)) - Storage directory /workdir/hadoop-ozone/integration-test/target/test-dir/MiniOzoneClusterImpl-0814cdd2-95b4-491b-95c0-a7203a111cc5/datanode-2/data/ratis/a4ac3900-0131-48a0-b213-2388ca4c89f7 has been successfully formatted.
2019-09-25 12:05:34,062 [pool-429-thread-1] INFO  ratis.ContainerStateMachine (ContainerStateMachine.java:loadSnapshot(230)) - group-2388CA4C89F7: The snapshot info is null. Setting the last applied indexto:(t:0, i:~)
2019-09-25 12:05:34,062 [pool-429-thread-1] INFO  server.RaftServerConfigKeys (ConfUtils.java:logGet(43)) - raft.server.notification.no-leader.timeout = 120s (custom)
2019-09-25 12:05:34,063 [pool-429-thread-1] INFO  server.RaftServerConfigKeys (ConfUtils.java:logGet(43)) - raft.server.log.use.memory = false (default)
2019-09-25 12:05:34,063 [pool-429-thread-1] INFO  server.RaftServerConfigKeys (ConfUtils.java:logGet(43)) - raft.server.log.purge.gap = 1000000 (custom)
2019-09-25 12:05:34,063 [pool-429-thread-1] INFO  server.RaftServerConfigKeys (ConfUtils.java:logGet(43)) - raft.server.log.appender.buffer.byte-limit = 33554432 (custom)
2019-09-25 12:05:34,063 [pool-429-thread-1] INFO  server.RaftServerConfigKeys (ConfUtils.java:logGet(43)) - raft.server.log.segment.size.max = 1048576 (custom)
2019-09-25 12:05:34,063 [pool-429-thread-1] INFO  server.RaftServerConfigKeys (ConfUtils.java:logGet(43)) - raft.server.log.segment.cache.num.max = 2 (custom)
2019-09-25 12:05:34,063 [pool-429-thread-1] INFO  segmented.SegmentedRaftLogWorker (SegmentedRaftLogWorker.java:<init>(172)) - new 1b5f48e1-875d-49d5-a3ca-2607cd8d3943@group-2388CA4C89F7-SegmentedRaftLogWorker for RaftStorage:Storage Directory /workdir/hadoop-ozone/integration-test/target/test-dir/MiniOzoneClusterImpl-0814cdd2-95b4-491b-95c0-a7203a111cc5/datanode-2/data/ratis/a4ac3900-0131-48a0-b213-2388ca4c89f7
2019-09-25 12:05:34,064 [pool-429-thread-1] INFO  server.RaftServerConfigKeys (ConfUtils.java:logGet(43)) - raft.server.log.queue.byte-limit = 2147483647 (custom)
2019-09-25 12:05:34,064 [pool-429-thread-1] INFO  server.RaftServerConfigKeys (ConfUtils.java:logGet(43)) - raft.server.log.queue.element-limit = 1024 (custom)
2019-09-25 12:05:34,064 [pool-429-thread-1] INFO  server.RaftServerConfigKeys (ConfUtils.java:logGet(43)) - raft.server.log.segment.size.max = 1048576 (custom)
2019-09-25 12:05:34,064 [pool-429-thread-1] INFO  server.RaftServerConfigKeys (ConfUtils.java:logGet(43)) - raft.server.log.preallocated.size = 16384 (custom)
2019-09-25 12:05:34,064 [pool-429-thread-1] INFO  server.RaftServerConfigKeys (ConfUtils.java:logGet(43)) - raft.server.log.write.buffer.size = 33554432 (custom)
2019-09-25 12:05:34,064 [pool-429-thread-1] INFO  server.RaftServerConfigKeys (ConfUtils.java:logGet(43)) - raft.server.log.force.sync.num = 128 (default)
2019-09-25 12:05:34,064 [pool-429-thread-1] INFO  server.RaftServerConfigKeys (ConfUtils.java:logGet(43)) - raft.server.log.statemachine.data.sync = true (default)
2019-09-25 12:05:34,064 [pool-429-thread-1] INFO  server.RaftServerConfigKeys (ConfUtils.java:logGet(43)) - raft.server.log.statemachine.data.sync.timeout = 10s (default)
2019-09-25 12:05:34,065 [pool-429-thread-1] INFO  server.RaftServerConfigKeys (ConfUtils.java:logGet(43)) - raft.server.log.statemachine.data.sync.timeout.retry = -1 (default)
2019-09-25 12:05:34,065 [pool-429-thread-1] INFO  server.RaftServerConfigKeys (ConfUtils.java:logGet(43)) - raft.server.log.statemachine.data.caching.enabled = true (custom)
2019-09-25 12:05:34,065 [pool-429-thread-1] INFO  segmented.SegmentedRaftLogWorker (SegmentedRaftLogWorker.java:lambda$new$0(132)) - 1b5f48e1-875d-49d5-a3ca-2607cd8d3943@group-2388CA4C89F7-SegmentedRaftLogWorker: flushIndex: setUnconditionally 0 -> -1
2019-09-25 12:05:34,065 [pool-429-thread-1] INFO  server.RaftServerConfigKeys (ConfUtils.java:logGet(43)) - raft.server.snapshot.auto.trigger.enabled = true (custom)
2019-09-25 12:05:34,066 [pool-429-thread-1] INFO  server.RaftServerConfigKeys (ConfUtils.java:logGet(43)) - raft.server.snapshot.auto.trigger.threshold = 10000 (custom)
2019-09-25 12:05:34,066 [pool-429-thread-1] INFO  server.RaftServerConfigKeys (ConfUtils.java:logGet(43)) - raft.server.snapshot.retention.num.files = 5 (custom)
2019-09-25 12:05:34,066 [pool-429-thread-1] INFO  server.RaftServerConfigKeys (ConfUtils.java:logGet(43)) - raft.server.retrycache.expirytime = 600000ms (custom)
2019-09-25 12:05:34,068 [pool-429-thread-1] INFO  impl.RaftServerImpl (RaftServerImpl.java:start(185)) - 1b5f48e1-875d-49d5-a3ca-2607cd8d3943@group-2388CA4C89F7: start as a follower, conf=-1: [1b5f48e1-875d-49d5-a3ca-2607cd8d3943:192.168.151.73:34544], old=null
2019-09-25 12:05:34,068 [pool-429-thread-1] INFO  impl.RaftServerImpl (RaftServerImpl.java:setRole(174)) - 1b5f48e1-875d-49d5-a3ca-2607cd8d3943@group-2388CA4C89F7: changes role from      null to FOLLOWER at term 0 for startAsFollower
2019-09-25 12:05:34,068 [pool-429-thread-1] INFO  impl.RoleInfo (RoleInfo.java:updateAndGet(143)) - 1b5f48e1-875d-49d5-a3ca-2607cd8d3943: start FollowerState
2019-09-25 12:05:34,068 [pool-429-thread-1] INFO  util.JmxRegister (JmxRegister.java:tryRegister(44)) - Successfully registered JMX Bean with object name Ratis:service=RaftServer,group=group-2388CA4C89F7,id=1b5f48e1-875d-49d5-a3ca-2607cd8d3943
2019-09-25 12:05:34,070 [RatisPipelineUtilsThread] INFO  pipeline.PipelineStateManager (PipelineStateManager.java:addPipeline(56)) - Created pipeline Pipeline[ Id: a4ac3900-0131-48a0-b213-2388ca4c89f7, Nodes: 1b5f48e1-875d-49d5-a3ca-2607cd8d3943{ip: 192.168.151.73, host: pr-hdds-1569-shd4m-3693607622, networkLocation: /default-rack, certSerialId: null}, Type:RATIS, Factor:ONE, State:OPEN]
2019-09-25 12:05:34,070 [RatisPipelineUtilsThread] INFO  pipeline.PipelinePlacementPolicy (PipelinePlacementPolicy.java:meetCriteria(91)) - Pipeline Placement: can't place more pipeline on heavy datanode： dd53ae84-fcc6-4953-b3df-628fab38f53c Heaviness: 6 limit: 5
2019-09-25 12:05:34,071 [RatisPipelineUtilsThread] INFO  pipeline.PipelinePlacementPolicy (PipelinePlacementPolicy.java:meetCriteria(91)) - Pipeline Placement: can't place more pipeline on heavy datanode： 4a53ed6f-dce3-4b1f-9e89-8e0e17f074cc Heaviness: 6 limit: 5
2019-09-25 12:05:34,074 [grpc-default-executor-2] INFO  impl.RaftServerProxy (RaftServerProxy.java:addNew(89)) - e20b9d38-a0cd-4cc2-b07d-99b310028cde: addNew group-C9CED72A4D86:[e20b9d38-a0cd-4cc2-b07d-99b310028cde:192.168.151.73:45208] returns group-C9CED72A4D86:java.util.concurrent.CompletableFuture@4d1ffabb[Not completed]
2019-09-25 12:05:34,075 [pool-459-thread-1] INFO  impl.RaftServerImpl (RaftServerImpl.java:<init>(95)) - e20b9d38-a0cd-4cc2-b07d-99b310028cde: new RaftServerImpl for group-C9CED72A4D86:[e20b9d38-a0cd-4cc2-b07d-99b310028cde:192.168.151.73:45208] with ContainerStateMachine:uninitialized
2019-09-25 12:05:34,075 [pool-459-thread-1] INFO  server.RaftServerConfigKeys (ConfUtils.java:logGet(43)) - raft.server.rpc.timeout.min = 5s (custom)
2019-09-25 12:05:34,075 [pool-459-thread-1] INFO  server.RaftServerConfigKeys (ConfUtils.java:logGet(43)) - raft.server.rpc.timeout.max = 5200ms (custom)
2019-09-25 12:05:34,075 [pool-459-thread-1] INFO  server.RaftServerConfigKeys (ConfUtils.java:logGet(43)) - raft.server.rpcslowness.timeout = 120s (custom)
2019-09-25 12:05:34,076 [pool-459-thread-1] INFO  server.RaftServerConfigKeys (ConfUtils.java:logGet(43)) - raft.server.sleep.deviation.threshold = 300 (default)
2019-09-25 12:05:34,076 [pool-459-thread-1] INFO  server.RaftServerConfigKeys (ConfUtils.java:logGet(43)) - raft.server.log.appender.install.snapshot.enabled = false (custom)
2019-09-25 12:05:34,076 [pool-459-thread-1] INFO  impl.RaftServerImpl (ServerState.java:<init>(103)) - e20b9d38-a0cd-4cc2-b07d-99b310028cde@group-C9CED72A4D86: ConfigurationManager, init=-1: [e20b9d38-a0cd-4cc2-b07d-99b310028cde:192.168.151.73:45208], old=null, confs=<EMPTY_MAP>
2019-09-25 12:05:34,076 [pool-459-thread-1] INFO  server.RaftServerConfigKeys (ConfUtils.java:logGet(43)) - raft.server.storage.dir = [/workdir/hadoop-ozone/integration-test/target/test-dir/MiniOzoneClusterImpl-0814cdd2-95b4-491b-95c0-a7203a111cc5/datanode-5/data/ratis] (custom)
2019-09-25 12:05:34,076 [pool-459-thread-1] INFO  storage.RaftStorageDirectory (RaftStorageDirectory.java:analyzeStorage(246)) - The storage directory /workdir/hadoop-ozone/integration-test/target/test-dir/MiniOzoneClusterImpl-0814cdd2-95b4-491b-95c0-a7203a111cc5/datanode-5/data/ratis/6bcc149d-067b-4bb9-bec7-c9ced72a4d86 does not exist. Creating ...
2019-09-25 12:05:34,089 [pool-459-thread-1] INFO  storage.RaftStorageDirectory (RaftStorageDirectory.java:tryLock(328)) - Lock on /workdir/hadoop-ozone/integration-test/target/test-dir/MiniOzoneClusterImpl-0814cdd2-95b4-491b-95c0-a7203a111cc5/datanode-5/data/ratis/6bcc149d-067b-4bb9-bec7-c9ced72a4d86/in_use.lock acquired by nodename 24979@pr-hdds-1569-shd4m-3693607622
2019-09-25 12:05:34,102 [pool-459-thread-1] INFO  storage.RaftStorage (RaftStorage.java:format(72)) - Storage directory /workdir/hadoop-ozone/integration-test/target/test-dir/MiniOzoneClusterImpl-0814cdd2-95b4-491b-95c0-a7203a111cc5/datanode-5/data/ratis/6bcc149d-067b-4bb9-bec7-c9ced72a4d86 has been successfully formatted.
2019-09-25 12:05:34,102 [pool-459-thread-1] INFO  ratis.ContainerStateMachine (ContainerStateMachine.java:loadSnapshot(230)) - group-C9CED72A4D86: The snapshot info is null. Setting the last applied indexto:(t:0, i:~)
2019-09-25 12:05:34,102 [pool-459-thread-1] INFO  server.RaftServerConfigKeys (ConfUtils.java:logGet(43)) - raft.server.notification.no-leader.timeout = 120s (custom)
2019-09-25 12:05:34,102 [pool-459-thread-1] INFO  server.RaftServerConfigKeys (ConfUtils.java:logGet(43)) - raft.server.log.use.memory = false (default)
2019-09-25 12:05:34,102 [pool-459-thread-1] INFO  server.RaftServerConfigKeys (ConfUtils.java:logGet(43)) - raft.server.log.purge.gap = 1000000 (custom)
2019-09-25 12:05:34,102 [pool-459-thread-1] INFO  server.RaftServerConfigKeys (ConfUtils.java:logGet(43)) - raft.server.log.appender.buffer.byte-limit = 33554432 (custom)
2019-09-25 12:05:34,103 [pool-459-thread-1] INFO  server.RaftServerConfigKeys (ConfUtils.java:logGet(43)) - raft.server.log.segment.size.max = 1048576 (custom)
2019-09-25 12:05:34,103 [pool-459-thread-1] INFO  server.RaftServerConfigKeys (ConfUtils.java:logGet(43)) - raft.server.log.segment.cache.num.max = 2 (custom)
2019-09-25 12:05:34,103 [pool-459-thread-1] INFO  segmented.SegmentedRaftLogWorker (SegmentedRaftLogWorker.java:<init>(172)) - new e20b9d38-a0cd-4cc2-b07d-99b310028cde@group-C9CED72A4D86-SegmentedRaftLogWorker for RaftStorage:Storage Directory /workdir/hadoop-ozone/integration-test/target/test-dir/MiniOzoneClusterImpl-0814cdd2-95b4-491b-95c0-a7203a111cc5/datanode-5/data/ratis/6bcc149d-067b-4bb9-bec7-c9ced72a4d86
2019-09-25 12:05:34,103 [pool-459-thread-1] INFO  server.RaftServerConfigKeys (ConfUtils.java:logGet(43)) - raft.server.log.queue.byte-limit = 2147483647 (custom)
2019-09-25 12:05:34,103 [pool-459-thread-1] INFO  server.RaftServerConfigKeys (ConfUtils.java:logGet(43)) - raft.server.log.queue.element-limit = 1024 (custom)
2019-09-25 12:05:34,103 [pool-459-thread-1] INFO  server.RaftServerConfigKeys (ConfUtils.java:logGet(43)) - raft.server.log.segment.size.max = 1048576 (custom)
2019-09-25 12:05:34,104 [pool-459-thread-1] INFO  server.RaftServerConfigKeys (ConfUtils.java:logGet(43)) - raft.server.log.preallocated.size = 16384 (custom)
2019-09-25 12:05:34,104 [pool-459-thread-1] INFO  server.RaftServerConfigKeys (ConfUtils.java:logGet(43)) - raft.server.log.write.buffer.size = 33554432 (custom)
2019-09-25 12:05:34,104 [pool-459-thread-1] INFO  server.RaftServerConfigKeys (ConfUtils.java:logGet(43)) - raft.server.log.force.sync.num = 128 (default)
2019-09-25 12:05:34,104 [pool-459-thread-1] INFO  server.RaftServerConfigKeys (ConfUtils.java:logGet(43)) - raft.server.log.statemachine.data.sync = true (default)
2019-09-25 12:05:34,104 [pool-459-thread-1] INFO  server.RaftServerConfigKeys (ConfUtils.java:logGet(43)) - raft.server.log.statemachine.data.sync.timeout = 10s (default)
2019-09-25 12:05:34,104 [pool-459-thread-1] INFO  server.RaftServerConfigKeys (ConfUtils.java:logGet(43)) - raft.server.log.statemachine.data.sync.timeout.retry = -1 (default)
2019-09-25 12:05:34,104 [pool-459-thread-1] INFO  server.RaftServerConfigKeys (ConfUtils.java:logGet(43)) - raft.server.log.statemachine.data.caching.enabled = true (custom)
2019-09-25 12:05:34,105 [pool-459-thread-1] INFO  segmented.SegmentedRaftLogWorker (SegmentedRaftLogWorker.java:lambda$new$0(132)) - e20b9d38-a0cd-4cc2-b07d-99b310028cde@group-C9CED72A4D86-SegmentedRaftLogWorker: flushIndex: setUnconditionally 0 -> -1
2019-09-25 12:05:34,105 [pool-459-thread-1] INFO  server.RaftServerConfigKeys (ConfUtils.java:logGet(43)) - raft.server.snapshot.auto.trigger.enabled = true (custom)
2019-09-25 12:05:34,105 [pool-459-thread-1] INFO  server.RaftServerConfigKeys (ConfUtils.java:logGet(43)) - raft.server.snapshot.auto.trigger.threshold = 10000 (custom)
2019-09-25 12:05:34,105 [pool-459-thread-1] INFO  server.RaftServerConfigKeys (ConfUtils.java:logGet(43)) - raft.server.snapshot.retention.num.files = 5 (custom)
2019-09-25 12:05:34,105 [pool-459-thread-1] INFO  server.RaftServerConfigKeys (ConfUtils.java:logGet(43)) - raft.server.retrycache.expirytime = 600000ms (custom)
2019-09-25 12:05:34,107 [pool-459-thread-1] INFO  impl.RaftServerImpl (RaftServerImpl.java:start(185)) - e20b9d38-a0cd-4cc2-b07d-99b310028cde@group-C9CED72A4D86: start as a follower, conf=-1: [e20b9d38-a0cd-4cc2-b07d-99b310028cde:192.168.151.73:45208], old=null
2019-09-25 12:05:34,107 [pool-459-thread-1] INFO  impl.RaftServerImpl (RaftServerImpl.java:setRole(174)) - e20b9d38-a0cd-4cc2-b07d-99b310028cde@group-C9CED72A4D86: changes role from      null to FOLLOWER at term 0 for startAsFollower
2019-09-25 12:05:34,108 [pool-459-thread-1] INFO  impl.RoleInfo (RoleInfo.java:updateAndGet(143)) - e20b9d38-a0cd-4cc2-b07d-99b310028cde: start FollowerState
2019-09-25 12:05:34,108 [pool-459-thread-1] INFO  util.JmxRegister (JmxRegister.java:tryRegister(44)) - Successfully registered JMX Bean with object name Ratis:service=RaftServer,group=group-C9CED72A4D86,id=e20b9d38-a0cd-4cc2-b07d-99b310028cde
2019-09-25 12:05:34,110 [RatisPipelineUtilsThread] INFO  pipeline.PipelineStateManager (PipelineStateManager.java:addPipeline(56)) - Created pipeline Pipeline[ Id: 6bcc149d-067b-4bb9-bec7-c9ced72a4d86, Nodes: e20b9d38-a0cd-4cc2-b07d-99b310028cde{ip: 192.168.151.73, host: pr-hdds-1569-shd4m-3693607622, networkLocation: /default-rack, certSerialId: null}, Type:RATIS, Factor:ONE, State:OPEN]
2019-09-25 12:05:34,110 [RatisPipelineUtilsThread] INFO  pipeline.PipelinePlacementPolicy (PipelinePlacementPolicy.java:meetCriteria(91)) - Pipeline Placement: can't place more pipeline on heavy datanode： dd53ae84-fcc6-4953-b3df-628fab38f53c Heaviness: 6 limit: 5
2019-09-25 12:05:34,110 [RatisPipelineUtilsThread] INFO  pipeline.PipelinePlacementPolicy (PipelinePlacementPolicy.java:meetCriteria(91)) - Pipeline Placement: can't place more pipeline on heavy datanode： 4a53ed6f-dce3-4b1f-9e89-8e0e17f074cc Heaviness: 6 limit: 5
2019-09-25 12:05:34,113 [grpc-default-executor-2] INFO  impl.RaftServerProxy (RaftServerProxy.java:addNew(89)) - e20b9d38-a0cd-4cc2-b07d-99b310028cde: addNew group-B4BD938A9CA1:[e20b9d38-a0cd-4cc2-b07d-99b310028cde:192.168.151.73:45208] returns group-B4BD938A9CA1:java.util.concurrent.CompletableFuture@67ba0be0[Not completed]
2019-09-25 12:05:34,114 [pool-459-thread-1] INFO  impl.RaftServerImpl (RaftServerImpl.java:<init>(95)) - e20b9d38-a0cd-4cc2-b07d-99b310028cde: new RaftServerImpl for group-B4BD938A9CA1:[e20b9d38-a0cd-4cc2-b07d-99b310028cde:192.168.151.73:45208] with ContainerStateMachine:uninitialized
2019-09-25 12:05:34,114 [pool-459-thread-1] INFO  server.RaftServerConfigKeys (ConfUtils.java:logGet(43)) - raft.server.rpc.timeout.min = 5s (custom)
2019-09-25 12:05:34,114 [pool-459-thread-1] INFO  server.RaftServerConfigKeys (ConfUtils.java:logGet(43)) - raft.server.rpc.timeout.max = 5200ms (custom)
2019-09-25 12:05:34,115 [pool-459-thread-1] INFO  server.RaftServerConfigKeys (ConfUtils.java:logGet(43)) - raft.server.rpcslowness.timeout = 120s (custom)
2019-09-25 12:05:34,115 [pool-459-thread-1] INFO  server.RaftServerConfigKeys (ConfUtils.java:logGet(43)) - raft.server.sleep.deviation.threshold = 300 (default)
2019-09-25 12:05:34,115 [pool-459-thread-1] INFO  server.RaftServerConfigKeys (ConfUtils.java:logGet(43)) - raft.server.log.appender.install.snapshot.enabled = false (custom)
2019-09-25 12:05:34,115 [pool-459-thread-1] INFO  impl.RaftServerImpl (ServerState.java:<init>(103)) - e20b9d38-a0cd-4cc2-b07d-99b310028cde@group-B4BD938A9CA1: ConfigurationManager, init=-1: [e20b9d38-a0cd-4cc2-b07d-99b310028cde:192.168.151.73:45208], old=null, confs=<EMPTY_MAP>
2019-09-25 12:05:34,115 [pool-459-thread-1] INFO  server.RaftServerConfigKeys (ConfUtils.java:logGet(43)) - raft.server.storage.dir = [/workdir/hadoop-ozone/integration-test/target/test-dir/MiniOzoneClusterImpl-0814cdd2-95b4-491b-95c0-a7203a111cc5/datanode-5/data/ratis] (custom)
2019-09-25 12:05:34,115 [pool-459-thread-1] INFO  storage.RaftStorageDirectory (RaftStorageDirectory.java:analyzeStorage(246)) - The storage directory /workdir/hadoop-ozone/integration-test/target/test-dir/MiniOzoneClusterImpl-0814cdd2-95b4-491b-95c0-a7203a111cc5/datanode-5/data/ratis/85ceaf79-d34a-458e-9a5a-b4bd938a9ca1 does not exist. Creating ...
2019-09-25 12:05:34,128 [pool-459-thread-1] INFO  storage.RaftStorageDirectory (RaftStorageDirectory.java:tryLock(328)) - Lock on /workdir/hadoop-ozone/integration-test/target/test-dir/MiniOzoneClusterImpl-0814cdd2-95b4-491b-95c0-a7203a111cc5/datanode-5/data/ratis/85ceaf79-d34a-458e-9a5a-b4bd938a9ca1/in_use.lock acquired by nodename 24979@pr-hdds-1569-shd4m-3693607622
2019-09-25 12:05:34,140 [pool-459-thread-1] INFO  storage.RaftStorage (RaftStorage.java:format(72)) - Storage directory /workdir/hadoop-ozone/integration-test/target/test-dir/MiniOzoneClusterImpl-0814cdd2-95b4-491b-95c0-a7203a111cc5/datanode-5/data/ratis/85ceaf79-d34a-458e-9a5a-b4bd938a9ca1 has been successfully formatted.
2019-09-25 12:05:34,141 [pool-459-thread-1] INFO  ratis.ContainerStateMachine (ContainerStateMachine.java:loadSnapshot(230)) - group-B4BD938A9CA1: The snapshot info is null. Setting the last applied indexto:(t:0, i:~)
2019-09-25 12:05:34,141 [pool-459-thread-1] INFO  server.RaftServerConfigKeys (ConfUtils.java:logGet(43)) - raft.server.notification.no-leader.timeout = 120s (custom)
2019-09-25 12:05:34,141 [pool-459-thread-1] INFO  server.RaftServerConfigKeys (ConfUtils.java:logGet(43)) - raft.server.log.use.memory = false (default)
2019-09-25 12:05:34,141 [pool-459-thread-1] INFO  server.RaftServerConfigKeys (ConfUtils.java:logGet(43)) - raft.server.log.purge.gap = 1000000 (custom)
2019-09-25 12:05:34,141 [pool-459-thread-1] INFO  server.RaftServerConfigKeys (ConfUtils.java:logGet(43)) - raft.server.log.appender.buffer.byte-limit = 33554432 (custom)
2019-09-25 12:05:34,141 [pool-459-thread-1] INFO  server.RaftServerConfigKeys (ConfUtils.java:logGet(43)) - raft.server.log.segment.size.max = 1048576 (custom)
2019-09-25 12:05:34,141 [pool-459-thread-1] INFO  server.RaftServerConfigKeys (ConfUtils.java:logGet(43)) - raft.server.log.segment.cache.num.max = 2 (custom)
2019-09-25 12:05:34,141 [pool-459-thread-1] INFO  segmented.SegmentedRaftLogWorker (SegmentedRaftLogWorker.java:<init>(172)) - new e20b9d38-a0cd-4cc2-b07d-99b310028cde@group-B4BD938A9CA1-SegmentedRaftLogWorker for RaftStorage:Storage Directory /workdir/hadoop-ozone/integration-test/target/test-dir/MiniOzoneClusterImpl-0814cdd2-95b4-491b-95c0-a7203a111cc5/datanode-5/data/ratis/85ceaf79-d34a-458e-9a5a-b4bd938a9ca1
2019-09-25 12:05:34,142 [pool-459-thread-1] INFO  server.RaftServerConfigKeys (ConfUtils.java:logGet(43)) - raft.server.log.queue.byte-limit = 2147483647 (custom)
2019-09-25 12:05:34,142 [pool-459-thread-1] INFO  server.RaftServerConfigKeys (ConfUtils.java:logGet(43)) - raft.server.log.queue.element-limit = 1024 (custom)
2019-09-25 12:05:34,142 [pool-459-thread-1] INFO  server.RaftServerConfigKeys (ConfUtils.java:logGet(43)) - raft.server.log.segment.size.max = 1048576 (custom)
2019-09-25 12:05:34,142 [pool-459-thread-1] INFO  server.RaftServerConfigKeys (ConfUtils.java:logGet(43)) - raft.server.log.preallocated.size = 16384 (custom)
2019-09-25 12:05:34,142 [pool-459-thread-1] INFO  server.RaftServerConfigKeys (ConfUtils.java:logGet(43)) - raft.server.log.write.buffer.size = 33554432 (custom)
2019-09-25 12:05:34,142 [pool-459-thread-1] INFO  server.RaftServerConfigKeys (ConfUtils.java:logGet(43)) - raft.server.log.force.sync.num = 128 (default)
2019-09-25 12:05:34,142 [pool-459-thread-1] INFO  server.RaftServerConfigKeys (ConfUtils.java:logGet(43)) - raft.server.log.statemachine.data.sync = true (default)
2019-09-25 12:05:34,142 [pool-459-thread-1] INFO  server.RaftServerConfigKeys (ConfUtils.java:logGet(43)) - raft.server.log.statemachine.data.sync.timeout = 10s (default)
2019-09-25 12:05:34,142 [pool-459-thread-1] INFO  server.RaftServerConfigKeys (ConfUtils.java:logGet(43)) - raft.server.log.statemachine.data.sync.timeout.retry = -1 (default)
2019-09-25 12:05:34,143 [pool-459-thread-1] INFO  server.RaftServerConfigKeys (ConfUtils.java:logGet(43)) - raft.server.log.statemachine.data.caching.enabled = true (custom)
2019-09-25 12:05:34,143 [pool-459-thread-1] INFO  segmented.SegmentedRaftLogWorker (SegmentedRaftLogWorker.java:lambda$new$0(132)) - e20b9d38-a0cd-4cc2-b07d-99b310028cde@group-B4BD938A9CA1-SegmentedRaftLogWorker: flushIndex: setUnconditionally 0 -> -1
2019-09-25 12:05:34,143 [pool-459-thread-1] INFO  server.RaftServerConfigKeys (ConfUtils.java:logGet(43)) - raft.server.snapshot.auto.trigger.enabled = true (custom)
2019-09-25 12:05:34,143 [pool-459-thread-1] INFO  server.RaftServerConfigKeys (ConfUtils.java:logGet(43)) - raft.server.snapshot.auto.trigger.threshold = 10000 (custom)
2019-09-25 12:05:34,143 [pool-459-thread-1] INFO  server.RaftServerConfigKeys (ConfUtils.java:logGet(43)) - raft.server.snapshot.retention.num.files = 5 (custom)
2019-09-25 12:05:34,143 [pool-459-thread-1] INFO  server.RaftServerConfigKeys (ConfUtils.java:logGet(43)) - raft.server.retrycache.expirytime = 600000ms (custom)
2019-09-25 12:05:34,145 [pool-459-thread-1] INFO  impl.RaftServerImpl (RaftServerImpl.java:start(185)) - e20b9d38-a0cd-4cc2-b07d-99b310028cde@group-B4BD938A9CA1: start as a follower, conf=-1: [e20b9d38-a0cd-4cc2-b07d-99b310028cde:192.168.151.73:45208], old=null
2019-09-25 12:05:34,145 [pool-459-thread-1] INFO  impl.RaftServerImpl (RaftServerImpl.java:setRole(174)) - e20b9d38-a0cd-4cc2-b07d-99b310028cde@group-B4BD938A9CA1: changes role from      null to FOLLOWER at term 0 for startAsFollower
2019-09-25 12:05:34,145 [pool-459-thread-1] INFO  impl.RoleInfo (RoleInfo.java:updateAndGet(143)) - e20b9d38-a0cd-4cc2-b07d-99b310028cde: start FollowerState
2019-09-25 12:05:34,145 [pool-459-thread-1] INFO  util.JmxRegister (JmxRegister.java:tryRegister(44)) - Successfully registered JMX Bean with object name Ratis:service=RaftServer,group=group-B4BD938A9CA1,id=e20b9d38-a0cd-4cc2-b07d-99b310028cde
2019-09-25 12:05:34,148 [RatisPipelineUtilsThread] INFO  pipeline.PipelineStateManager (PipelineStateManager.java:addPipeline(56)) - Created pipeline Pipeline[ Id: 85ceaf79-d34a-458e-9a5a-b4bd938a9ca1, Nodes: e20b9d38-a0cd-4cc2-b07d-99b310028cde{ip: 192.168.151.73, host: pr-hdds-1569-shd4m-3693607622, networkLocation: /default-rack, certSerialId: null}, Type:RATIS, Factor:ONE, State:OPEN]
2019-09-25 12:05:34,148 [RatisPipelineUtilsThread] INFO  pipeline.PipelinePlacementPolicy (PipelinePlacementPolicy.java:meetCriteria(91)) - Pipeline Placement: can't place more pipeline on heavy datanode： dd53ae84-fcc6-4953-b3df-628fab38f53c Heaviness: 6 limit: 5
2019-09-25 12:05:34,148 [RatisPipelineUtilsThread] INFO  pipeline.PipelinePlacementPolicy (PipelinePlacementPolicy.java:meetCriteria(91)) - Pipeline Placement: can't place more pipeline on heavy datanode： 4a53ed6f-dce3-4b1f-9e89-8e0e17f074cc Heaviness: 6 limit: 5
2019-09-25 12:05:34,151 [grpc-default-executor-2] INFO  impl.RaftServerProxy (RaftServerProxy.java:addNew(89)) - aa2320bf-b2b0-4764-9bc5-2df8b93b85ea: addNew group-702752648CCA:[aa2320bf-b2b0-4764-9bc5-2df8b93b85ea:192.168.151.73:39809] returns group-702752648CCA:java.util.concurrent.CompletableFuture@556de310[Not completed]
2019-09-25 12:05:34,152 [pool-449-thread-1] INFO  impl.RaftServerImpl (RaftServerImpl.java:<init>(95)) - aa2320bf-b2b0-4764-9bc5-2df8b93b85ea: new RaftServerImpl for group-702752648CCA:[aa2320bf-b2b0-4764-9bc5-2df8b93b85ea:192.168.151.73:39809] with ContainerStateMachine:uninitialized
2019-09-25 12:05:34,152 [pool-449-thread-1] INFO  server.RaftServerConfigKeys (ConfUtils.java:logGet(43)) - raft.server.rpc.timeout.min = 5s (custom)
2019-09-25 12:05:34,152 [pool-449-thread-1] INFO  server.RaftServerConfigKeys (ConfUtils.java:logGet(43)) - raft.server.rpc.timeout.max = 5200ms (custom)
2019-09-25 12:05:34,152 [pool-449-thread-1] INFO  server.RaftServerConfigKeys (ConfUtils.java:logGet(43)) - raft.server.rpcslowness.timeout = 120s (custom)
2019-09-25 12:05:34,152 [pool-449-thread-1] INFO  server.RaftServerConfigKeys (ConfUtils.java:logGet(43)) - raft.server.sleep.deviation.threshold = 300 (default)
2019-09-25 12:05:34,153 [pool-449-thread-1] INFO  server.RaftServerConfigKeys (ConfUtils.java:logGet(43)) - raft.server.log.appender.install.snapshot.enabled = false (custom)
2019-09-25 12:05:34,153 [pool-449-thread-1] INFO  impl.RaftServerImpl (ServerState.java:<init>(103)) - aa2320bf-b2b0-4764-9bc5-2df8b93b85ea@group-702752648CCA: ConfigurationManager, init=-1: [aa2320bf-b2b0-4764-9bc5-2df8b93b85ea:192.168.151.73:39809], old=null, confs=<EMPTY_MAP>
2019-09-25 12:05:34,153 [pool-449-thread-1] INFO  server.RaftServerConfigKeys (ConfUtils.java:logGet(43)) - raft.server.storage.dir = [/workdir/hadoop-ozone/integration-test/target/test-dir/MiniOzoneClusterImpl-0814cdd2-95b4-491b-95c0-a7203a111cc5/datanode-4/data/ratis] (custom)
2019-09-25 12:05:34,153 [pool-449-thread-1] INFO  storage.RaftStorageDirectory (RaftStorageDirectory.java:analyzeStorage(246)) - The storage directory /workdir/hadoop-ozone/integration-test/target/test-dir/MiniOzoneClusterImpl-0814cdd2-95b4-491b-95c0-a7203a111cc5/datanode-4/data/ratis/5056772b-34eb-4aa5-a74c-702752648cca does not exist. Creating ...
2019-09-25 12:05:34,161 [pool-449-thread-1] INFO  storage.RaftStorageDirectory (RaftStorageDirectory.java:tryLock(328)) - Lock on /workdir/hadoop-ozone/integration-test/target/test-dir/MiniOzoneClusterImpl-0814cdd2-95b4-491b-95c0-a7203a111cc5/datanode-4/data/ratis/5056772b-34eb-4aa5-a74c-702752648cca/in_use.lock acquired by nodename 24979@pr-hdds-1569-shd4m-3693607622
2019-09-25 12:05:34,174 [pool-449-thread-1] INFO  storage.RaftStorage (RaftStorage.java:format(72)) - Storage directory /workdir/hadoop-ozone/integration-test/target/test-dir/MiniOzoneClusterImpl-0814cdd2-95b4-491b-95c0-a7203a111cc5/datanode-4/data/ratis/5056772b-34eb-4aa5-a74c-702752648cca has been successfully formatted.
2019-09-25 12:05:34,174 [pool-449-thread-1] INFO  ratis.ContainerStateMachine (ContainerStateMachine.java:loadSnapshot(230)) - group-702752648CCA: The snapshot info is null. Setting the last applied indexto:(t:0, i:~)
2019-09-25 12:05:34,175 [pool-449-thread-1] INFO  server.RaftServerConfigKeys (ConfUtils.java:logGet(43)) - raft.server.notification.no-leader.timeout = 120s (custom)
2019-09-25 12:05:34,175 [pool-449-thread-1] INFO  server.RaftServerConfigKeys (ConfUtils.java:logGet(43)) - raft.server.log.use.memory = false (default)
2019-09-25 12:05:34,175 [pool-449-thread-1] INFO  server.RaftServerConfigKeys (ConfUtils.java:logGet(43)) - raft.server.log.purge.gap = 1000000 (custom)
2019-09-25 12:05:34,175 [pool-449-thread-1] INFO  server.RaftServerConfigKeys (ConfUtils.java:logGet(43)) - raft.server.log.appender.buffer.byte-limit = 33554432 (custom)
2019-09-25 12:05:34,175 [pool-449-thread-1] INFO  server.RaftServerConfigKeys (ConfUtils.java:logGet(43)) - raft.server.log.segment.size.max = 1048576 (custom)
2019-09-25 12:05:34,175 [pool-449-thread-1] INFO  server.RaftServerConfigKeys (ConfUtils.java:logGet(43)) - raft.server.log.segment.cache.num.max = 2 (custom)
2019-09-25 12:05:34,175 [pool-449-thread-1] INFO  segmented.SegmentedRaftLogWorker (SegmentedRaftLogWorker.java:<init>(172)) - new aa2320bf-b2b0-4764-9bc5-2df8b93b85ea@group-702752648CCA-SegmentedRaftLogWorker for RaftStorage:Storage Directory /workdir/hadoop-ozone/integration-test/target/test-dir/MiniOzoneClusterImpl-0814cdd2-95b4-491b-95c0-a7203a111cc5/datanode-4/data/ratis/5056772b-34eb-4aa5-a74c-702752648cca
2019-09-25 12:05:34,176 [pool-449-thread-1] INFO  server.RaftServerConfigKeys (ConfUtils.java:logGet(43)) - raft.server.log.queue.byte-limit = 2147483647 (custom)
2019-09-25 12:05:34,176 [pool-449-thread-1] INFO  server.RaftServerConfigKeys (ConfUtils.java:logGet(43)) - raft.server.log.queue.element-limit = 1024 (custom)
2019-09-25 12:05:34,176 [pool-449-thread-1] INFO  server.RaftServerConfigKeys (ConfUtils.java:logGet(43)) - raft.server.log.segment.size.max = 1048576 (custom)
2019-09-25 12:05:34,176 [pool-449-thread-1] INFO  server.RaftServerConfigKeys (ConfUtils.java:logGet(43)) - raft.server.log.preallocated.size = 16384 (custom)
2019-09-25 12:05:34,176 [pool-449-thread-1] INFO  server.RaftServerConfigKeys (ConfUtils.java:logGet(43)) - raft.server.log.write.buffer.size = 33554432 (custom)
2019-09-25 12:05:34,176 [pool-449-thread-1] INFO  server.RaftServerConfigKeys (ConfUtils.java:logGet(43)) - raft.server.log.force.sync.num = 128 (default)
2019-09-25 12:05:34,177 [pool-449-thread-1] INFO  server.RaftServerConfigKeys (ConfUtils.java:logGet(43)) - raft.server.log.statemachine.data.sync = true (default)
2019-09-25 12:05:34,177 [pool-449-thread-1] INFO  server.RaftServerConfigKeys (ConfUtils.java:logGet(43)) - raft.server.log.statemachine.data.sync.timeout = 10s (default)
2019-09-25 12:05:34,177 [pool-449-thread-1] INFO  server.RaftServerConfigKeys (ConfUtils.java:logGet(43)) - raft.server.log.statemachine.data.sync.timeout.retry = -1 (default)
2019-09-25 12:05:34,177 [pool-449-thread-1] INFO  server.RaftServerConfigKeys (ConfUtils.java:logGet(43)) - raft.server.log.statemachine.data.caching.enabled = true (custom)
2019-09-25 12:05:34,177 [pool-449-thread-1] INFO  segmented.SegmentedRaftLogWorker (SegmentedRaftLogWorker.java:lambda$new$0(132)) - aa2320bf-b2b0-4764-9bc5-2df8b93b85ea@group-702752648CCA-SegmentedRaftLogWorker: flushIndex: setUnconditionally 0 -> -1
2019-09-25 12:05:34,178 [pool-449-thread-1] INFO  server.RaftServerConfigKeys (ConfUtils.java:logGet(43)) - raft.server.snapshot.auto.trigger.enabled = true (custom)
2019-09-25 12:05:34,178 [pool-449-thread-1] INFO  server.RaftServerConfigKeys (ConfUtils.java:logGet(43)) - raft.server.snapshot.auto.trigger.threshold = 10000 (custom)
2019-09-25 12:05:34,178 [pool-449-thread-1] INFO  server.RaftServerConfigKeys (ConfUtils.java:logGet(43)) - raft.server.snapshot.retention.num.files = 5 (custom)
2019-09-25 12:05:34,178 [pool-449-thread-1] INFO  server.RaftServerConfigKeys (ConfUtils.java:logGet(43)) - raft.server.retrycache.expirytime = 600000ms (custom)
2019-09-25 12:05:34,180 [pool-449-thread-1] INFO  impl.RaftServerImpl (RaftServerImpl.java:start(185)) - aa2320bf-b2b0-4764-9bc5-2df8b93b85ea@group-702752648CCA: start as a follower, conf=-1: [aa2320bf-b2b0-4764-9bc5-2df8b93b85ea:192.168.151.73:39809], old=null
2019-09-25 12:05:34,180 [pool-449-thread-1] INFO  impl.RaftServerImpl (RaftServerImpl.java:setRole(174)) - aa2320bf-b2b0-4764-9bc5-2df8b93b85ea@group-702752648CCA: changes role from      null to FOLLOWER at term 0 for startAsFollower
2019-09-25 12:05:34,180 [pool-449-thread-1] INFO  impl.RoleInfo (RoleInfo.java:updateAndGet(143)) - aa2320bf-b2b0-4764-9bc5-2df8b93b85ea: start FollowerState
2019-09-25 12:05:34,181 [pool-449-thread-1] INFO  util.JmxRegister (JmxRegister.java:tryRegister(44)) - Successfully registered JMX Bean with object name Ratis:service=RaftServer,group=group-702752648CCA,id=aa2320bf-b2b0-4764-9bc5-2df8b93b85ea
2019-09-25 12:05:34,182 [RatisPipelineUtilsThread] INFO  pipeline.PipelineStateManager (PipelineStateManager.java:addPipeline(56)) - Created pipeline Pipeline[ Id: 5056772b-34eb-4aa5-a74c-702752648cca, Nodes: aa2320bf-b2b0-4764-9bc5-2df8b93b85ea{ip: 192.168.151.73, host: pr-hdds-1569-shd4m-3693607622, networkLocation: /default-rack, certSerialId: null}, Type:RATIS, Factor:ONE, State:OPEN]
2019-09-25 12:05:34,183 [RatisPipelineUtilsThread] INFO  pipeline.PipelinePlacementPolicy (PipelinePlacementPolicy.java:meetCriteria(91)) - Pipeline Placement: can't place more pipeline on heavy datanode： dd53ae84-fcc6-4953-b3df-628fab38f53c Heaviness: 6 limit: 5
2019-09-25 12:05:34,183 [RatisPipelineUtilsThread] INFO  pipeline.PipelinePlacementPolicy (PipelinePlacementPolicy.java:meetCriteria(91)) - Pipeline Placement: can't place more pipeline on heavy datanode： 4a53ed6f-dce3-4b1f-9e89-8e0e17f074cc Heaviness: 6 limit: 5
2019-09-25 12:05:34,186 [grpc-default-executor-2] INFO  impl.RaftServerProxy (RaftServerProxy.java:addNew(89)) - 29c22799-2be0-4ff1-960a-e2f5fb4c56d9: addNew group-FF5723060E79:[29c22799-2be0-4ff1-960a-e2f5fb4c56d9:192.168.151.73:46053] returns group-FF5723060E79:java.util.concurrent.CompletableFuture@50e09564[Not completed]
2019-09-25 12:05:34,187 [pool-439-thread-1] INFO  impl.RaftServerImpl (RaftServerImpl.java:<init>(95)) - 29c22799-2be0-4ff1-960a-e2f5fb4c56d9: new RaftServerImpl for group-FF5723060E79:[29c22799-2be0-4ff1-960a-e2f5fb4c56d9:192.168.151.73:46053] with ContainerStateMachine:uninitialized
2019-09-25 12:05:34,187 [pool-439-thread-1] INFO  server.RaftServerConfigKeys (ConfUtils.java:logGet(43)) - raft.server.rpc.timeout.min = 5s (custom)
2019-09-25 12:05:34,188 [pool-439-thread-1] INFO  server.RaftServerConfigKeys (ConfUtils.java:logGet(43)) - raft.server.rpc.timeout.max = 5200ms (custom)
2019-09-25 12:05:34,188 [pool-439-thread-1] INFO  server.RaftServerConfigKeys (ConfUtils.java:logGet(43)) - raft.server.rpcslowness.timeout = 120s (custom)
2019-09-25 12:05:34,188 [pool-439-thread-1] INFO  server.RaftServerConfigKeys (ConfUtils.java:logGet(43)) - raft.server.sleep.deviation.threshold = 300 (default)
2019-09-25 12:05:34,188 [pool-439-thread-1] INFO  server.RaftServerConfigKeys (ConfUtils.java:logGet(43)) - raft.server.log.appender.install.snapshot.enabled = false (custom)
2019-09-25 12:05:34,188 [pool-439-thread-1] INFO  impl.RaftServerImpl (ServerState.java:<init>(103)) - 29c22799-2be0-4ff1-960a-e2f5fb4c56d9@group-FF5723060E79: ConfigurationManager, init=-1: [29c22799-2be0-4ff1-960a-e2f5fb4c56d9:192.168.151.73:46053], old=null, confs=<EMPTY_MAP>
2019-09-25 12:05:34,188 [pool-439-thread-1] INFO  server.RaftServerConfigKeys (ConfUtils.java:logGet(43)) - raft.server.storage.dir = [/workdir/hadoop-ozone/integration-test/target/test-dir/MiniOzoneClusterImpl-0814cdd2-95b4-491b-95c0-a7203a111cc5/datanode-3/data/ratis] (custom)
2019-09-25 12:05:34,189 [pool-439-thread-1] INFO  storage.RaftStorageDirectory (RaftStorageDirectory.java:analyzeStorage(246)) - The storage directory /workdir/hadoop-ozone/integration-test/target/test-dir/MiniOzoneClusterImpl-0814cdd2-95b4-491b-95c0-a7203a111cc5/datanode-3/data/ratis/5897c79e-c024-4f93-b837-ff5723060e79 does not exist. Creating ...
2019-09-25 12:05:34,202 [pool-439-thread-1] INFO  storage.RaftStorageDirectory (RaftStorageDirectory.java:tryLock(328)) - Lock on /workdir/hadoop-ozone/integration-test/target/test-dir/MiniOzoneClusterImpl-0814cdd2-95b4-491b-95c0-a7203a111cc5/datanode-3/data/ratis/5897c79e-c024-4f93-b837-ff5723060e79/in_use.lock acquired by nodename 24979@pr-hdds-1569-shd4m-3693607622
2019-09-25 12:05:34,215 [pool-439-thread-1] INFO  storage.RaftStorage (RaftStorage.java:format(72)) - Storage directory /workdir/hadoop-ozone/integration-test/target/test-dir/MiniOzoneClusterImpl-0814cdd2-95b4-491b-95c0-a7203a111cc5/datanode-3/data/ratis/5897c79e-c024-4f93-b837-ff5723060e79 has been successfully formatted.
2019-09-25 12:05:34,215 [pool-439-thread-1] INFO  ratis.ContainerStateMachine (ContainerStateMachine.java:loadSnapshot(230)) - group-FF5723060E79: The snapshot info is null. Setting the last applied indexto:(t:0, i:~)
2019-09-25 12:05:34,216 [pool-439-thread-1] INFO  server.RaftServerConfigKeys (ConfUtils.java:logGet(43)) - raft.server.notification.no-leader.timeout = 120s (custom)
2019-09-25 12:05:34,216 [pool-439-thread-1] INFO  server.RaftServerConfigKeys (ConfUtils.java:logGet(43)) - raft.server.log.use.memory = false (default)
2019-09-25 12:05:34,216 [pool-439-thread-1] INFO  server.RaftServerConfigKeys (ConfUtils.java:logGet(43)) - raft.server.log.purge.gap = 1000000 (custom)
2019-09-25 12:05:34,216 [pool-439-thread-1] INFO  server.RaftServerConfigKeys (ConfUtils.java:logGet(43)) - raft.server.log.appender.buffer.byte-limit = 33554432 (custom)
2019-09-25 12:05:34,216 [pool-439-thread-1] INFO  server.RaftServerConfigKeys (ConfUtils.java:logGet(43)) - raft.server.log.segment.size.max = 1048576 (custom)
2019-09-25 12:05:34,216 [pool-439-thread-1] INFO  server.RaftServerConfigKeys (ConfUtils.java:logGet(43)) - raft.server.log.segment.cache.num.max = 2 (custom)
2019-09-25 12:05:34,216 [pool-439-thread-1] INFO  segmented.SegmentedRaftLogWorker (SegmentedRaftLogWorker.java:<init>(172)) - new 29c22799-2be0-4ff1-960a-e2f5fb4c56d9@group-FF5723060E79-SegmentedRaftLogWorker for RaftStorage:Storage Directory /workdir/hadoop-ozone/integration-test/target/test-dir/MiniOzoneClusterImpl-0814cdd2-95b4-491b-95c0-a7203a111cc5/datanode-3/data/ratis/5897c79e-c024-4f93-b837-ff5723060e79
2019-09-25 12:05:34,216 [pool-439-thread-1] INFO  server.RaftServerConfigKeys (ConfUtils.java:logGet(43)) - raft.server.log.queue.byte-limit = 2147483647 (custom)
2019-09-25 12:05:34,217 [pool-439-thread-1] INFO  server.RaftServerConfigKeys (ConfUtils.java:logGet(43)) - raft.server.log.queue.element-limit = 1024 (custom)
2019-09-25 12:05:34,217 [pool-439-thread-1] INFO  server.RaftServerConfigKeys (ConfUtils.java:logGet(43)) - raft.server.log.segment.size.max = 1048576 (custom)
2019-09-25 12:05:34,217 [pool-439-thread-1] INFO  server.RaftServerConfigKeys (ConfUtils.java:logGet(43)) - raft.server.log.preallocated.size = 16384 (custom)
2019-09-25 12:05:34,217 [pool-439-thread-1] INFO  server.RaftServerConfigKeys (ConfUtils.java:logGet(43)) - raft.server.log.write.buffer.size = 33554432 (custom)
2019-09-25 12:05:34,217 [pool-439-thread-1] INFO  server.RaftServerConfigKeys (ConfUtils.java:logGet(43)) - raft.server.log.force.sync.num = 128 (default)
2019-09-25 12:05:34,217 [pool-439-thread-1] INFO  server.RaftServerConfigKeys (ConfUtils.java:logGet(43)) - raft.server.log.statemachine.data.sync = true (default)
2019-09-25 12:05:34,217 [pool-439-thread-1] INFO  server.RaftServerConfigKeys (ConfUtils.java:logGet(43)) - raft.server.log.statemachine.data.sync.timeout = 10s (default)
2019-09-25 12:05:34,217 [pool-439-thread-1] INFO  server.RaftServerConfigKeys (ConfUtils.java:logGet(43)) - raft.server.log.statemachine.data.sync.timeout.retry = -1 (default)
2019-09-25 12:05:34,218 [pool-439-thread-1] INFO  server.RaftServerConfigKeys (ConfUtils.java:logGet(43)) - raft.server.log.statemachine.data.caching.enabled = true (custom)
2019-09-25 12:05:34,218 [pool-439-thread-1] INFO  segmented.SegmentedRaftLogWorker (SegmentedRaftLogWorker.java:lambda$new$0(132)) - 29c22799-2be0-4ff1-960a-e2f5fb4c56d9@group-FF5723060E79-SegmentedRaftLogWorker: flushIndex: setUnconditionally 0 -> -1
2019-09-25 12:05:34,218 [pool-439-thread-1] INFO  server.RaftServerConfigKeys (ConfUtils.java:logGet(43)) - raft.server.snapshot.auto.trigger.enabled = true (custom)
2019-09-25 12:05:34,218 [pool-439-thread-1] INFO  server.RaftServerConfigKeys (ConfUtils.java:logGet(43)) - raft.server.snapshot.auto.trigger.threshold = 10000 (custom)
2019-09-25 12:05:34,218 [pool-439-thread-1] INFO  server.RaftServerConfigKeys (ConfUtils.java:logGet(43)) - raft.server.snapshot.retention.num.files = 5 (custom)
2019-09-25 12:05:34,218 [pool-439-thread-1] INFO  server.RaftServerConfigKeys (ConfUtils.java:logGet(43)) - raft.server.retrycache.expirytime = 600000ms (custom)
2019-09-25 12:05:34,220 [pool-439-thread-1] INFO  impl.RaftServerImpl (RaftServerImpl.java:start(185)) - 29c22799-2be0-4ff1-960a-e2f5fb4c56d9@group-FF5723060E79: start as a follower, conf=-1: [29c22799-2be0-4ff1-960a-e2f5fb4c56d9:192.168.151.73:46053], old=null
2019-09-25 12:05:34,220 [pool-439-thread-1] INFO  impl.RaftServerImpl (RaftServerImpl.java:setRole(174)) - 29c22799-2be0-4ff1-960a-e2f5fb4c56d9@group-FF5723060E79: changes role from      null to FOLLOWER at term 0 for startAsFollower
2019-09-25 12:05:34,220 [pool-439-thread-1] INFO  impl.RoleInfo (RoleInfo.java:updateAndGet(143)) - 29c22799-2be0-4ff1-960a-e2f5fb4c56d9: start FollowerState
2019-09-25 12:05:34,221 [pool-439-thread-1] INFO  util.JmxRegister (JmxRegister.java:tryRegister(44)) - Successfully registered JMX Bean with object name Ratis:service=RaftServer,group=group-FF5723060E79,id=29c22799-2be0-4ff1-960a-e2f5fb4c56d9
2019-09-25 12:05:34,222 [RatisPipelineUtilsThread] INFO  pipeline.PipelineStateManager (PipelineStateManager.java:addPipeline(56)) - Created pipeline Pipeline[ Id: 5897c79e-c024-4f93-b837-ff5723060e79, Nodes: 29c22799-2be0-4ff1-960a-e2f5fb4c56d9{ip: 192.168.151.73, host: pr-hdds-1569-shd4m-3693607622, networkLocation: /default-rack, certSerialId: null}, Type:RATIS, Factor:ONE, State:OPEN]
2019-09-25 12:05:34,222 [RatisPipelineUtilsThread] INFO  pipeline.PipelinePlacementPolicy (PipelinePlacementPolicy.java:meetCriteria(91)) - Pipeline Placement: can't place more pipeline on heavy datanode： dd53ae84-fcc6-4953-b3df-628fab38f53c Heaviness: 6 limit: 5
2019-09-25 12:05:34,223 [RatisPipelineUtilsThread] INFO  pipeline.PipelinePlacementPolicy (PipelinePlacementPolicy.java:meetCriteria(91)) - Pipeline Placement: can't place more pipeline on heavy datanode： 4a53ed6f-dce3-4b1f-9e89-8e0e17f074cc Heaviness: 6 limit: 5
2019-09-25 12:05:34,226 [grpc-default-executor-2] INFO  impl.RaftServerProxy (RaftServerProxy.java:addNew(89)) - 1b5f48e1-875d-49d5-a3ca-2607cd8d3943: addNew group-DC7432019B65:[1b5f48e1-875d-49d5-a3ca-2607cd8d3943:192.168.151.73:34544] returns group-DC7432019B65:java.util.concurrent.CompletableFuture@25ceeb5f[Not completed]
2019-09-25 12:05:34,228 [pool-429-thread-1] INFO  impl.RaftServerImpl (RaftServerImpl.java:<init>(95)) - 1b5f48e1-875d-49d5-a3ca-2607cd8d3943: new RaftServerImpl for group-DC7432019B65:[1b5f48e1-875d-49d5-a3ca-2607cd8d3943:192.168.151.73:34544] with ContainerStateMachine:uninitialized
2019-09-25 12:05:34,228 [pool-429-thread-1] INFO  server.RaftServerConfigKeys (ConfUtils.java:logGet(43)) - raft.server.rpc.timeout.min = 5s (custom)
2019-09-25 12:05:34,228 [pool-429-thread-1] INFO  server.RaftServerConfigKeys (ConfUtils.java:logGet(43)) - raft.server.rpc.timeout.max = 5200ms (custom)
2019-09-25 12:05:34,228 [pool-429-thread-1] INFO  server.RaftServerConfigKeys (ConfUtils.java:logGet(43)) - raft.server.rpcslowness.timeout = 120s (custom)
2019-09-25 12:05:34,228 [pool-429-thread-1] INFO  server.RaftServerConfigKeys (ConfUtils.java:logGet(43)) - raft.server.sleep.deviation.threshold = 300 (default)
2019-09-25 12:05:34,228 [pool-429-thread-1] INFO  server.RaftServerConfigKeys (ConfUtils.java:logGet(43)) - raft.server.log.appender.install.snapshot.enabled = false (custom)
2019-09-25 12:05:34,228 [pool-429-thread-1] INFO  impl.RaftServerImpl (ServerState.java:<init>(103)) - 1b5f48e1-875d-49d5-a3ca-2607cd8d3943@group-DC7432019B65: ConfigurationManager, init=-1: [1b5f48e1-875d-49d5-a3ca-2607cd8d3943:192.168.151.73:34544], old=null, confs=<EMPTY_MAP>
2019-09-25 12:05:34,229 [pool-429-thread-1] INFO  server.RaftServerConfigKeys (ConfUtils.java:logGet(43)) - raft.server.storage.dir = [/workdir/hadoop-ozone/integration-test/target/test-dir/MiniOzoneClusterImpl-0814cdd2-95b4-491b-95c0-a7203a111cc5/datanode-2/data/ratis] (custom)
2019-09-25 12:05:34,229 [pool-429-thread-1] INFO  storage.RaftStorageDirectory (RaftStorageDirectory.java:analyzeStorage(246)) - The storage directory /workdir/hadoop-ozone/integration-test/target/test-dir/MiniOzoneClusterImpl-0814cdd2-95b4-491b-95c0-a7203a111cc5/datanode-2/data/ratis/6f4bf8cb-6907-4f58-a1f7-dc7432019b65 does not exist. Creating ...
2019-09-25 12:05:34,242 [pool-429-thread-1] INFO  storage.RaftStorageDirectory (RaftStorageDirectory.java:tryLock(328)) - Lock on /workdir/hadoop-ozone/integration-test/target/test-dir/MiniOzoneClusterImpl-0814cdd2-95b4-491b-95c0-a7203a111cc5/datanode-2/data/ratis/6f4bf8cb-6907-4f58-a1f7-dc7432019b65/in_use.lock acquired by nodename 24979@pr-hdds-1569-shd4m-3693607622
2019-09-25 12:05:34,255 [pool-429-thread-1] INFO  storage.RaftStorage (RaftStorage.java:format(72)) - Storage directory /workdir/hadoop-ozone/integration-test/target/test-dir/MiniOzoneClusterImpl-0814cdd2-95b4-491b-95c0-a7203a111cc5/datanode-2/data/ratis/6f4bf8cb-6907-4f58-a1f7-dc7432019b65 has been successfully formatted.
2019-09-25 12:05:34,255 [pool-429-thread-1] INFO  ratis.ContainerStateMachine (ContainerStateMachine.java:loadSnapshot(230)) - group-DC7432019B65: The snapshot info is null. Setting the last applied indexto:(t:0, i:~)
2019-09-25 12:05:34,255 [pool-429-thread-1] INFO  server.RaftServerConfigKeys (ConfUtils.java:logGet(43)) - raft.server.notification.no-leader.timeout = 120s (custom)
2019-09-25 12:05:34,256 [pool-429-thread-1] INFO  server.RaftServerConfigKeys (ConfUtils.java:logGet(43)) - raft.server.log.use.memory = false (default)
2019-09-25 12:05:34,256 [pool-429-thread-1] INFO  server.RaftServerConfigKeys (ConfUtils.java:logGet(43)) - raft.server.log.purge.gap = 1000000 (custom)
2019-09-25 12:05:34,256 [pool-429-thread-1] INFO  server.RaftServerConfigKeys (ConfUtils.java:logGet(43)) - raft.server.log.appender.buffer.byte-limit = 33554432 (custom)
2019-09-25 12:05:34,256 [pool-429-thread-1] INFO  server.RaftServerConfigKeys (ConfUtils.java:logGet(43)) - raft.server.log.segment.size.max = 1048576 (custom)
2019-09-25 12:05:34,256 [pool-429-thread-1] INFO  server.RaftServerConfigKeys (ConfUtils.java:logGet(43)) - raft.server.log.segment.cache.num.max = 2 (custom)
2019-09-25 12:05:34,256 [pool-429-thread-1] INFO  segmented.SegmentedRaftLogWorker (SegmentedRaftLogWorker.java:<init>(172)) - new 1b5f48e1-875d-49d5-a3ca-2607cd8d3943@group-DC7432019B65-SegmentedRaftLogWorker for RaftStorage:Storage Directory /workdir/hadoop-ozone/integration-test/target/test-dir/MiniOzoneClusterImpl-0814cdd2-95b4-491b-95c0-a7203a111cc5/datanode-2/data/ratis/6f4bf8cb-6907-4f58-a1f7-dc7432019b65
2019-09-25 12:05:34,257 [pool-429-thread-1] INFO  server.RaftServerConfigKeys (ConfUtils.java:logGet(43)) - raft.server.log.queue.byte-limit = 2147483647 (custom)
2019-09-25 12:05:34,257 [pool-429-thread-1] INFO  server.RaftServerConfigKeys (ConfUtils.java:logGet(43)) - raft.server.log.queue.element-limit = 1024 (custom)
2019-09-25 12:05:34,257 [pool-429-thread-1] INFO  server.RaftServerConfigKeys (ConfUtils.java:logGet(43)) - raft.server.log.segment.size.max = 1048576 (custom)
2019-09-25 12:05:34,257 [pool-429-thread-1] INFO  server.RaftServerConfigKeys (ConfUtils.java:logGet(43)) - raft.server.log.preallocated.size = 16384 (custom)
2019-09-25 12:05:34,257 [pool-429-thread-1] INFO  server.RaftServerConfigKeys (ConfUtils.java:logGet(43)) - raft.server.log.write.buffer.size = 33554432 (custom)
2019-09-25 12:05:34,257 [pool-429-thread-1] INFO  server.RaftServerConfigKeys (ConfUtils.java:logGet(43)) - raft.server.log.force.sync.num = 128 (default)
2019-09-25 12:05:34,258 [pool-429-thread-1] INFO  server.RaftServerConfigKeys (ConfUtils.java:logGet(43)) - raft.server.log.statemachine.data.sync = true (default)
2019-09-25 12:05:34,258 [pool-429-thread-1] INFO  server.RaftServerConfigKeys (ConfUtils.java:logGet(43)) - raft.server.log.statemachine.data.sync.timeout = 10s (default)
2019-09-25 12:05:34,258 [pool-429-thread-1] INFO  server.RaftServerConfigKeys (ConfUtils.java:logGet(43)) - raft.server.log.statemachine.data.sync.timeout.retry = -1 (default)
2019-09-25 12:05:34,258 [pool-429-thread-1] INFO  server.RaftServerConfigKeys (ConfUtils.java:logGet(43)) - raft.server.log.statemachine.data.caching.enabled = true (custom)
2019-09-25 12:05:34,259 [pool-429-thread-1] INFO  segmented.SegmentedRaftLogWorker (SegmentedRaftLogWorker.java:lambda$new$0(132)) - 1b5f48e1-875d-49d5-a3ca-2607cd8d3943@group-DC7432019B65-SegmentedRaftLogWorker: flushIndex: setUnconditionally 0 -> -1
2019-09-25 12:05:34,259 [pool-429-thread-1] INFO  server.RaftServerConfigKeys (ConfUtils.java:logGet(43)) - raft.server.snapshot.auto.trigger.enabled = true (custom)
2019-09-25 12:05:34,259 [pool-429-thread-1] INFO  server.RaftServerConfigKeys (ConfUtils.java:logGet(43)) - raft.server.snapshot.auto.trigger.threshold = 10000 (custom)
2019-09-25 12:05:34,259 [pool-429-thread-1] INFO  server.RaftServerConfigKeys (ConfUtils.java:logGet(43)) - raft.server.snapshot.retention.num.files = 5 (custom)
2019-09-25 12:05:34,259 [pool-429-thread-1] INFO  server.RaftServerConfigKeys (ConfUtils.java:logGet(43)) - raft.server.retrycache.expirytime = 600000ms (custom)
2019-09-25 12:05:34,261 [pool-429-thread-1] INFO  impl.RaftServerImpl (RaftServerImpl.java:start(185)) - 1b5f48e1-875d-49d5-a3ca-2607cd8d3943@group-DC7432019B65: start as a follower, conf=-1: [1b5f48e1-875d-49d5-a3ca-2607cd8d3943:192.168.151.73:34544], old=null
2019-09-25 12:05:34,262 [pool-429-thread-1] INFO  impl.RaftServerImpl (RaftServerImpl.java:setRole(174)) - 1b5f48e1-875d-49d5-a3ca-2607cd8d3943@group-DC7432019B65: changes role from      null to FOLLOWER at term 0 for startAsFollower
2019-09-25 12:05:34,262 [pool-429-thread-1] INFO  impl.RoleInfo (RoleInfo.java:updateAndGet(143)) - 1b5f48e1-875d-49d5-a3ca-2607cd8d3943: start FollowerState
2019-09-25 12:05:34,262 [pool-429-thread-1] INFO  util.JmxRegister (JmxRegister.java:tryRegister(44)) - Successfully registered JMX Bean with object name Ratis:service=RaftServer,group=group-DC7432019B65,id=1b5f48e1-875d-49d5-a3ca-2607cd8d3943
2019-09-25 12:05:34,264 [RatisPipelineUtilsThread] INFO  pipeline.PipelineStateManager (PipelineStateManager.java:addPipeline(56)) - Created pipeline Pipeline[ Id: 6f4bf8cb-6907-4f58-a1f7-dc7432019b65, Nodes: 1b5f48e1-875d-49d5-a3ca-2607cd8d3943{ip: 192.168.151.73, host: pr-hdds-1569-shd4m-3693607622, networkLocation: /default-rack, certSerialId: null}, Type:RATIS, Factor:ONE, State:OPEN]
2019-09-25 12:05:34,265 [RatisPipelineUtilsThread] INFO  pipeline.PipelinePlacementPolicy (PipelinePlacementPolicy.java:meetCriteria(91)) - Pipeline Placement: can't place more pipeline on heavy datanode： dd53ae84-fcc6-4953-b3df-628fab38f53c Heaviness: 6 limit: 5
2019-09-25 12:05:34,265 [RatisPipelineUtilsThread] INFO  pipeline.PipelinePlacementPolicy (PipelinePlacementPolicy.java:meetCriteria(91)) - Pipeline Placement: can't place more pipeline on heavy datanode： 4a53ed6f-dce3-4b1f-9e89-8e0e17f074cc Heaviness: 6 limit: 5
2019-09-25 12:05:34,268 [grpc-default-executor-2] INFO  impl.RaftServerProxy (RaftServerProxy.java:addNew(89)) - 29c22799-2be0-4ff1-960a-e2f5fb4c56d9: addNew group-0B84192FA04D:[29c22799-2be0-4ff1-960a-e2f5fb4c56d9:192.168.151.73:46053] returns group-0B84192FA04D:java.util.concurrent.CompletableFuture@52c3d47[Not completed]
2019-09-25 12:05:34,270 [pool-439-thread-1] INFO  impl.RaftServerImpl (RaftServerImpl.java:<init>(95)) - 29c22799-2be0-4ff1-960a-e2f5fb4c56d9: new RaftServerImpl for group-0B84192FA04D:[29c22799-2be0-4ff1-960a-e2f5fb4c56d9:192.168.151.73:46053] with ContainerStateMachine:uninitialized
2019-09-25 12:05:34,270 [pool-439-thread-1] INFO  server.RaftServerConfigKeys (ConfUtils.java:logGet(43)) - raft.server.rpc.timeout.min = 5s (custom)
2019-09-25 12:05:34,270 [pool-439-thread-1] INFO  server.RaftServerConfigKeys (ConfUtils.java:logGet(43)) - raft.server.rpc.timeout.max = 5200ms (custom)
2019-09-25 12:05:34,270 [pool-439-thread-1] INFO  server.RaftServerConfigKeys (ConfUtils.java:logGet(43)) - raft.server.rpcslowness.timeout = 120s (custom)
2019-09-25 12:05:34,270 [pool-439-thread-1] INFO  server.RaftServerConfigKeys (ConfUtils.java:logGet(43)) - raft.server.sleep.deviation.threshold = 300 (default)
2019-09-25 12:05:34,270 [pool-439-thread-1] INFO  server.RaftServerConfigKeys (ConfUtils.java:logGet(43)) - raft.server.log.appender.install.snapshot.enabled = false (custom)
2019-09-25 12:05:34,270 [pool-439-thread-1] INFO  impl.RaftServerImpl (ServerState.java:<init>(103)) - 29c22799-2be0-4ff1-960a-e2f5fb4c56d9@group-0B84192FA04D: ConfigurationManager, init=-1: [29c22799-2be0-4ff1-960a-e2f5fb4c56d9:192.168.151.73:46053], old=null, confs=<EMPTY_MAP>
2019-09-25 12:05:34,271 [pool-439-thread-1] INFO  server.RaftServerConfigKeys (ConfUtils.java:logGet(43)) - raft.server.storage.dir = [/workdir/hadoop-ozone/integration-test/target/test-dir/MiniOzoneClusterImpl-0814cdd2-95b4-491b-95c0-a7203a111cc5/datanode-3/data/ratis] (custom)
2019-09-25 12:05:34,271 [pool-439-thread-1] INFO  storage.RaftStorageDirectory (RaftStorageDirectory.java:analyzeStorage(246)) - The storage directory /workdir/hadoop-ozone/integration-test/target/test-dir/MiniOzoneClusterImpl-0814cdd2-95b4-491b-95c0-a7203a111cc5/datanode-3/data/ratis/67b3a295-1b99-41d3-bc47-0b84192fa04d does not exist. Creating ...
2019-09-25 12:05:34,284 [pool-439-thread-1] INFO  storage.RaftStorageDirectory (RaftStorageDirectory.java:tryLock(328)) - Lock on /workdir/hadoop-ozone/integration-test/target/test-dir/MiniOzoneClusterImpl-0814cdd2-95b4-491b-95c0-a7203a111cc5/datanode-3/data/ratis/67b3a295-1b99-41d3-bc47-0b84192fa04d/in_use.lock acquired by nodename 24979@pr-hdds-1569-shd4m-3693607622
2019-09-25 12:05:34,296 [pool-439-thread-1] INFO  storage.RaftStorage (RaftStorage.java:format(72)) - Storage directory /workdir/hadoop-ozone/integration-test/target/test-dir/MiniOzoneClusterImpl-0814cdd2-95b4-491b-95c0-a7203a111cc5/datanode-3/data/ratis/67b3a295-1b99-41d3-bc47-0b84192fa04d has been successfully formatted.
2019-09-25 12:05:34,296 [pool-439-thread-1] INFO  ratis.ContainerStateMachine (ContainerStateMachine.java:loadSnapshot(230)) - group-0B84192FA04D: The snapshot info is null. Setting the last applied indexto:(t:0, i:~)
2019-09-25 12:05:34,296 [pool-439-thread-1] INFO  server.RaftServerConfigKeys (ConfUtils.java:logGet(43)) - raft.server.notification.no-leader.timeout = 120s (custom)
2019-09-25 12:05:34,297 [pool-439-thread-1] INFO  server.RaftServerConfigKeys (ConfUtils.java:logGet(43)) - raft.server.log.use.memory = false (default)
2019-09-25 12:05:34,297 [pool-439-thread-1] INFO  server.RaftServerConfigKeys (ConfUtils.java:logGet(43)) - raft.server.log.purge.gap = 1000000 (custom)
2019-09-25 12:05:34,297 [pool-439-thread-1] INFO  server.RaftServerConfigKeys (ConfUtils.java:logGet(43)) - raft.server.log.appender.buffer.byte-limit = 33554432 (custom)
2019-09-25 12:05:34,297 [pool-439-thread-1] INFO  server.RaftServerConfigKeys (ConfUtils.java:logGet(43)) - raft.server.log.segment.size.max = 1048576 (custom)
2019-09-25 12:05:34,297 [pool-439-thread-1] INFO  server.RaftServerConfigKeys (ConfUtils.java:logGet(43)) - raft.server.log.segment.cache.num.max = 2 (custom)
2019-09-25 12:05:34,297 [pool-439-thread-1] INFO  segmented.SegmentedRaftLogWorker (SegmentedRaftLogWorker.java:<init>(172)) - new 29c22799-2be0-4ff1-960a-e2f5fb4c56d9@group-0B84192FA04D-SegmentedRaftLogWorker for RaftStorage:Storage Directory /workdir/hadoop-ozone/integration-test/target/test-dir/MiniOzoneClusterImpl-0814cdd2-95b4-491b-95c0-a7203a111cc5/datanode-3/data/ratis/67b3a295-1b99-41d3-bc47-0b84192fa04d
2019-09-25 12:05:34,297 [pool-439-thread-1] INFO  server.RaftServerConfigKeys (ConfUtils.java:logGet(43)) - raft.server.log.queue.byte-limit = 2147483647 (custom)
2019-09-25 12:05:34,297 [pool-439-thread-1] INFO  server.RaftServerConfigKeys (ConfUtils.java:logGet(43)) - raft.server.log.queue.element-limit = 1024 (custom)
2019-09-25 12:05:34,297 [pool-439-thread-1] INFO  server.RaftServerConfigKeys (ConfUtils.java:logGet(43)) - raft.server.log.segment.size.max = 1048576 (custom)
2019-09-25 12:05:34,298 [pool-439-thread-1] INFO  server.RaftServerConfigKeys (ConfUtils.java:logGet(43)) - raft.server.log.preallocated.size = 16384 (custom)
2019-09-25 12:05:34,298 [pool-439-thread-1] INFO  server.RaftServerConfigKeys (ConfUtils.java:logGet(43)) - raft.server.log.write.buffer.size = 33554432 (custom)
2019-09-25 12:05:34,298 [pool-439-thread-1] INFO  server.RaftServerConfigKeys (ConfUtils.java:logGet(43)) - raft.server.log.force.sync.num = 128 (default)
2019-09-25 12:05:34,298 [pool-439-thread-1] INFO  server.RaftServerConfigKeys (ConfUtils.java:logGet(43)) - raft.server.log.statemachine.data.sync = true (default)
2019-09-25 12:05:34,298 [pool-439-thread-1] INFO  server.RaftServerConfigKeys (ConfUtils.java:logGet(43)) - raft.server.log.statemachine.data.sync.timeout = 10s (default)
2019-09-25 12:05:34,298 [pool-439-thread-1] INFO  server.RaftServerConfigKeys (ConfUtils.java:logGet(43)) - raft.server.log.statemachine.data.sync.timeout.retry = -1 (default)
2019-09-25 12:05:34,298 [pool-439-thread-1] INFO  server.RaftServerConfigKeys (ConfUtils.java:logGet(43)) - raft.server.log.statemachine.data.caching.enabled = true (custom)
2019-09-25 12:05:34,298 [pool-439-thread-1] INFO  segmented.SegmentedRaftLogWorker (SegmentedRaftLogWorker.java:lambda$new$0(132)) - 29c22799-2be0-4ff1-960a-e2f5fb4c56d9@group-0B84192FA04D-SegmentedRaftLogWorker: flushIndex: setUnconditionally 0 -> -1
2019-09-25 12:05:34,299 [pool-439-thread-1] INFO  server.RaftServerConfigKeys (ConfUtils.java:logGet(43)) - raft.server.snapshot.auto.trigger.enabled = true (custom)
2019-09-25 12:05:34,299 [pool-439-thread-1] INFO  server.RaftServerConfigKeys (ConfUtils.java:logGet(43)) - raft.server.snapshot.auto.trigger.threshold = 10000 (custom)
2019-09-25 12:05:34,299 [pool-439-thread-1] INFO  server.RaftServerConfigKeys (ConfUtils.java:logGet(43)) - raft.server.snapshot.retention.num.files = 5 (custom)
2019-09-25 12:05:34,299 [pool-439-thread-1] INFO  server.RaftServerConfigKeys (ConfUtils.java:logGet(43)) - raft.server.retrycache.expirytime = 600000ms (custom)
2019-09-25 12:05:34,300 [pool-439-thread-1] INFO  impl.RaftServerImpl (RaftServerImpl.java:start(185)) - 29c22799-2be0-4ff1-960a-e2f5fb4c56d9@group-0B84192FA04D: start as a follower, conf=-1: [29c22799-2be0-4ff1-960a-e2f5fb4c56d9:192.168.151.73:46053], old=null
2019-09-25 12:05:34,300 [pool-439-thread-1] INFO  impl.RaftServerImpl (RaftServerImpl.java:setRole(174)) - 29c22799-2be0-4ff1-960a-e2f5fb4c56d9@group-0B84192FA04D: changes role from      null to FOLLOWER at term 0 for startAsFollower
2019-09-25 12:05:34,301 [pool-439-thread-1] INFO  impl.RoleInfo (RoleInfo.java:updateAndGet(143)) - 29c22799-2be0-4ff1-960a-e2f5fb4c56d9: start FollowerState
2019-09-25 12:05:34,301 [pool-439-thread-1] INFO  util.JmxRegister (JmxRegister.java:tryRegister(44)) - Successfully registered JMX Bean with object name Ratis:service=RaftServer,group=group-0B84192FA04D,id=29c22799-2be0-4ff1-960a-e2f5fb4c56d9
2019-09-25 12:05:34,303 [RatisPipelineUtilsThread] INFO  pipeline.PipelineStateManager (PipelineStateManager.java:addPipeline(56)) - Created pipeline Pipeline[ Id: 67b3a295-1b99-41d3-bc47-0b84192fa04d, Nodes: 29c22799-2be0-4ff1-960a-e2f5fb4c56d9{ip: 192.168.151.73, host: pr-hdds-1569-shd4m-3693607622, networkLocation: /default-rack, certSerialId: null}, Type:RATIS, Factor:ONE, State:OPEN]
2019-09-25 12:05:34,303 [RatisPipelineUtilsThread] INFO  pipeline.PipelinePlacementPolicy (PipelinePlacementPolicy.java:meetCriteria(91)) - Pipeline Placement: can't place more pipeline on heavy datanode： dd53ae84-fcc6-4953-b3df-628fab38f53c Heaviness: 6 limit: 5
2019-09-25 12:05:34,303 [RatisPipelineUtilsThread] INFO  pipeline.PipelinePlacementPolicy (PipelinePlacementPolicy.java:meetCriteria(91)) - Pipeline Placement: can't place more pipeline on heavy datanode： 4a53ed6f-dce3-4b1f-9e89-8e0e17f074cc Heaviness: 6 limit: 5
2019-09-25 12:05:34,307 [grpc-default-executor-2] INFO  impl.RaftServerProxy (RaftServerProxy.java:addNew(89)) - aa2320bf-b2b0-4764-9bc5-2df8b93b85ea: addNew group-6644E7B6B2C2:[aa2320bf-b2b0-4764-9bc5-2df8b93b85ea:192.168.151.73:39809] returns group-6644E7B6B2C2:java.util.concurrent.CompletableFuture@478dd1c5[Not completed]
2019-09-25 12:05:34,308 [pool-449-thread-1] INFO  impl.RaftServerImpl (RaftServerImpl.java:<init>(95)) - aa2320bf-b2b0-4764-9bc5-2df8b93b85ea: new RaftServerImpl for group-6644E7B6B2C2:[aa2320bf-b2b0-4764-9bc5-2df8b93b85ea:192.168.151.73:39809] with ContainerStateMachine:uninitialized
2019-09-25 12:05:34,308 [pool-449-thread-1] INFO  server.RaftServerConfigKeys (ConfUtils.java:logGet(43)) - raft.server.rpc.timeout.min = 5s (custom)
2019-09-25 12:05:34,308 [pool-449-thread-1] INFO  server.RaftServerConfigKeys (ConfUtils.java:logGet(43)) - raft.server.rpc.timeout.max = 5200ms (custom)
2019-09-25 12:05:34,308 [pool-449-thread-1] INFO  server.RaftServerConfigKeys (ConfUtils.java:logGet(43)) - raft.server.rpcslowness.timeout = 120s (custom)
2019-09-25 12:05:34,308 [pool-449-thread-1] INFO  server.RaftServerConfigKeys (ConfUtils.java:logGet(43)) - raft.server.sleep.deviation.threshold = 300 (default)
2019-09-25 12:05:34,309 [pool-449-thread-1] INFO  server.RaftServerConfigKeys (ConfUtils.java:logGet(43)) - raft.server.log.appender.install.snapshot.enabled = false (custom)
2019-09-25 12:05:34,309 [pool-449-thread-1] INFO  impl.RaftServerImpl (ServerState.java:<init>(103)) - aa2320bf-b2b0-4764-9bc5-2df8b93b85ea@group-6644E7B6B2C2: ConfigurationManager, init=-1: [aa2320bf-b2b0-4764-9bc5-2df8b93b85ea:192.168.151.73:39809], old=null, confs=<EMPTY_MAP>
2019-09-25 12:05:34,309 [pool-449-thread-1] INFO  server.RaftServerConfigKeys (ConfUtils.java:logGet(43)) - raft.server.storage.dir = [/workdir/hadoop-ozone/integration-test/target/test-dir/MiniOzoneClusterImpl-0814cdd2-95b4-491b-95c0-a7203a111cc5/datanode-4/data/ratis] (custom)
2019-09-25 12:05:34,309 [pool-449-thread-1] INFO  storage.RaftStorageDirectory (RaftStorageDirectory.java:analyzeStorage(246)) - The storage directory /workdir/hadoop-ozone/integration-test/target/test-dir/MiniOzoneClusterImpl-0814cdd2-95b4-491b-95c0-a7203a111cc5/datanode-4/data/ratis/a09a60ee-8e09-44dd-9db3-6644e7b6b2c2 does not exist. Creating ...
2019-09-25 12:05:34,321 [pool-449-thread-1] INFO  storage.RaftStorageDirectory (RaftStorageDirectory.java:tryLock(328)) - Lock on /workdir/hadoop-ozone/integration-test/target/test-dir/MiniOzoneClusterImpl-0814cdd2-95b4-491b-95c0-a7203a111cc5/datanode-4/data/ratis/a09a60ee-8e09-44dd-9db3-6644e7b6b2c2/in_use.lock acquired by nodename 24979@pr-hdds-1569-shd4m-3693607622
2019-09-25 12:05:34,334 [pool-449-thread-1] INFO  storage.RaftStorage (RaftStorage.java:format(72)) - Storage directory /workdir/hadoop-ozone/integration-test/target/test-dir/MiniOzoneClusterImpl-0814cdd2-95b4-491b-95c0-a7203a111cc5/datanode-4/data/ratis/a09a60ee-8e09-44dd-9db3-6644e7b6b2c2 has been successfully formatted.
2019-09-25 12:05:34,334 [pool-449-thread-1] INFO  ratis.ContainerStateMachine (ContainerStateMachine.java:loadSnapshot(230)) - group-6644E7B6B2C2: The snapshot info is null. Setting the last applied indexto:(t:0, i:~)
2019-09-25 12:05:34,334 [pool-449-thread-1] INFO  server.RaftServerConfigKeys (ConfUtils.java:logGet(43)) - raft.server.notification.no-leader.timeout = 120s (custom)
2019-09-25 12:05:34,334 [pool-449-thread-1] INFO  server.RaftServerConfigKeys (ConfUtils.java:logGet(43)) - raft.server.log.use.memory = false (default)
2019-09-25 12:05:34,335 [pool-449-thread-1] INFO  server.RaftServerConfigKeys (ConfUtils.java:logGet(43)) - raft.server.log.purge.gap = 1000000 (custom)
2019-09-25 12:05:34,335 [pool-449-thread-1] INFO  server.RaftServerConfigKeys (ConfUtils.java:logGet(43)) - raft.server.log.appender.buffer.byte-limit = 33554432 (custom)
2019-09-25 12:05:34,335 [pool-449-thread-1] INFO  server.RaftServerConfigKeys (ConfUtils.java:logGet(43)) - raft.server.log.segment.size.max = 1048576 (custom)
2019-09-25 12:05:34,335 [pool-449-thread-1] INFO  server.RaftServerConfigKeys (ConfUtils.java:logGet(43)) - raft.server.log.segment.cache.num.max = 2 (custom)
2019-09-25 12:05:34,335 [pool-449-thread-1] INFO  segmented.SegmentedRaftLogWorker (SegmentedRaftLogWorker.java:<init>(172)) - new aa2320bf-b2b0-4764-9bc5-2df8b93b85ea@group-6644E7B6B2C2-SegmentedRaftLogWorker for RaftStorage:Storage Directory /workdir/hadoop-ozone/integration-test/target/test-dir/MiniOzoneClusterImpl-0814cdd2-95b4-491b-95c0-a7203a111cc5/datanode-4/data/ratis/a09a60ee-8e09-44dd-9db3-6644e7b6b2c2
2019-09-25 12:05:34,335 [pool-449-thread-1] INFO  server.RaftServerConfigKeys (ConfUtils.java:logGet(43)) - raft.server.log.queue.byte-limit = 2147483647 (custom)
2019-09-25 12:05:34,335 [pool-449-thread-1] INFO  server.RaftServerConfigKeys (ConfUtils.java:logGet(43)) - raft.server.log.queue.element-limit = 1024 (custom)
2019-09-25 12:05:34,335 [pool-449-thread-1] INFO  server.RaftServerConfigKeys (ConfUtils.java:logGet(43)) - raft.server.log.segment.size.max = 1048576 (custom)
2019-09-25 12:05:34,336 [pool-449-thread-1] INFO  server.RaftServerConfigKeys (ConfUtils.java:logGet(43)) - raft.server.log.preallocated.size = 16384 (custom)
2019-09-25 12:05:34,336 [pool-449-thread-1] INFO  server.RaftServerConfigKeys (ConfUtils.java:logGet(43)) - raft.server.log.write.buffer.size = 33554432 (custom)
2019-09-25 12:05:34,336 [pool-449-thread-1] INFO  server.RaftServerConfigKeys (ConfUtils.java:logGet(43)) - raft.server.log.force.sync.num = 128 (default)
2019-09-25 12:05:34,336 [pool-449-thread-1] INFO  server.RaftServerConfigKeys (ConfUtils.java:logGet(43)) - raft.server.log.statemachine.data.sync = true (default)
2019-09-25 12:05:34,336 [pool-449-thread-1] INFO  server.RaftServerConfigKeys (ConfUtils.java:logGet(43)) - raft.server.log.statemachine.data.sync.timeout = 10s (default)
2019-09-25 12:05:34,336 [pool-449-thread-1] INFO  server.RaftServerConfigKeys (ConfUtils.java:logGet(43)) - raft.server.log.statemachine.data.sync.timeout.retry = -1 (default)
2019-09-25 12:05:34,336 [pool-449-thread-1] INFO  server.RaftServerConfigKeys (ConfUtils.java:logGet(43)) - raft.server.log.statemachine.data.caching.enabled = true (custom)
2019-09-25 12:05:34,336 [pool-449-thread-1] INFO  segmented.SegmentedRaftLogWorker (SegmentedRaftLogWorker.java:lambda$new$0(132)) - aa2320bf-b2b0-4764-9bc5-2df8b93b85ea@group-6644E7B6B2C2-SegmentedRaftLogWorker: flushIndex: setUnconditionally 0 -> -1
2019-09-25 12:05:34,337 [pool-449-thread-1] INFO  server.RaftServerConfigKeys (ConfUtils.java:logGet(43)) - raft.server.snapshot.auto.trigger.enabled = true (custom)
2019-09-25 12:05:34,337 [pool-449-thread-1] INFO  server.RaftServerConfigKeys (ConfUtils.java:logGet(43)) - raft.server.snapshot.auto.trigger.threshold = 10000 (custom)
2019-09-25 12:05:34,337 [pool-449-thread-1] INFO  server.RaftServerConfigKeys (ConfUtils.java:logGet(43)) - raft.server.snapshot.retention.num.files = 5 (custom)
2019-09-25 12:05:34,337 [pool-449-thread-1] INFO  server.RaftServerConfigKeys (ConfUtils.java:logGet(43)) - raft.server.retrycache.expirytime = 600000ms (custom)
2019-09-25 12:05:34,339 [pool-449-thread-1] INFO  impl.RaftServerImpl (RaftServerImpl.java:start(185)) - aa2320bf-b2b0-4764-9bc5-2df8b93b85ea@group-6644E7B6B2C2: start as a follower, conf=-1: [aa2320bf-b2b0-4764-9bc5-2df8b93b85ea:192.168.151.73:39809], old=null
2019-09-25 12:05:34,339 [pool-449-thread-1] INFO  impl.RaftServerImpl (RaftServerImpl.java:setRole(174)) - aa2320bf-b2b0-4764-9bc5-2df8b93b85ea@group-6644E7B6B2C2: changes role from      null to FOLLOWER at term 0 for startAsFollower
2019-09-25 12:05:34,339 [pool-449-thread-1] INFO  impl.RoleInfo (RoleInfo.java:updateAndGet(143)) - aa2320bf-b2b0-4764-9bc5-2df8b93b85ea: start FollowerState
2019-09-25 12:05:34,339 [pool-449-thread-1] INFO  util.JmxRegister (JmxRegister.java:tryRegister(44)) - Successfully registered JMX Bean with object name Ratis:service=RaftServer,group=group-6644E7B6B2C2,id=aa2320bf-b2b0-4764-9bc5-2df8b93b85ea
2019-09-25 12:05:34,341 [RatisPipelineUtilsThread] INFO  pipeline.PipelineStateManager (PipelineStateManager.java:addPipeline(56)) - Created pipeline Pipeline[ Id: a09a60ee-8e09-44dd-9db3-6644e7b6b2c2, Nodes: aa2320bf-b2b0-4764-9bc5-2df8b93b85ea{ip: 192.168.151.73, host: pr-hdds-1569-shd4m-3693607622, networkLocation: /default-rack, certSerialId: null}, Type:RATIS, Factor:ONE, State:OPEN]
2019-09-25 12:05:34,342 [RatisPipelineUtilsThread] INFO  pipeline.PipelinePlacementPolicy (PipelinePlacementPolicy.java:meetCriteria(91)) - Pipeline Placement: can't place more pipeline on heavy datanode： dd53ae84-fcc6-4953-b3df-628fab38f53c Heaviness: 6 limit: 5
2019-09-25 12:05:34,342 [RatisPipelineUtilsThread] INFO  pipeline.PipelinePlacementPolicy (PipelinePlacementPolicy.java:meetCriteria(91)) - Pipeline Placement: can't place more pipeline on heavy datanode： 4a53ed6f-dce3-4b1f-9e89-8e0e17f074cc Heaviness: 6 limit: 5
2019-09-25 12:05:34,345 [grpc-default-executor-2] INFO  impl.RaftServerProxy (RaftServerProxy.java:addNew(89)) - 1b5f48e1-875d-49d5-a3ca-2607cd8d3943: addNew group-903B2DCC4617:[1b5f48e1-875d-49d5-a3ca-2607cd8d3943:192.168.151.73:34544] returns group-903B2DCC4617:java.util.concurrent.CompletableFuture@6c9e3c08[Not completed]
2019-09-25 12:05:34,346 [pool-429-thread-1] INFO  impl.RaftServerImpl (RaftServerImpl.java:<init>(95)) - 1b5f48e1-875d-49d5-a3ca-2607cd8d3943: new RaftServerImpl for group-903B2DCC4617:[1b5f48e1-875d-49d5-a3ca-2607cd8d3943:192.168.151.73:34544] with ContainerStateMachine:uninitialized
2019-09-25 12:05:34,346 [pool-429-thread-1] INFO  server.RaftServerConfigKeys (ConfUtils.java:logGet(43)) - raft.server.rpc.timeout.min = 5s (custom)
2019-09-25 12:05:34,347 [pool-429-thread-1] INFO  server.RaftServerConfigKeys (ConfUtils.java:logGet(43)) - raft.server.rpc.timeout.max = 5200ms (custom)
2019-09-25 12:05:34,347 [pool-429-thread-1] INFO  server.RaftServerConfigKeys (ConfUtils.java:logGet(43)) - raft.server.rpcslowness.timeout = 120s (custom)
2019-09-25 12:05:34,347 [pool-429-thread-1] INFO  server.RaftServerConfigKeys (ConfUtils.java:logGet(43)) - raft.server.sleep.deviation.threshold = 300 (default)
2019-09-25 12:05:34,347 [pool-429-thread-1] INFO  server.RaftServerConfigKeys (ConfUtils.java:logGet(43)) - raft.server.log.appender.install.snapshot.enabled = false (custom)
2019-09-25 12:05:34,347 [pool-429-thread-1] INFO  impl.RaftServerImpl (ServerState.java:<init>(103)) - 1b5f48e1-875d-49d5-a3ca-2607cd8d3943@group-903B2DCC4617: ConfigurationManager, init=-1: [1b5f48e1-875d-49d5-a3ca-2607cd8d3943:192.168.151.73:34544], old=null, confs=<EMPTY_MAP>
2019-09-25 12:05:34,347 [pool-429-thread-1] INFO  server.RaftServerConfigKeys (ConfUtils.java:logGet(43)) - raft.server.storage.dir = [/workdir/hadoop-ozone/integration-test/target/test-dir/MiniOzoneClusterImpl-0814cdd2-95b4-491b-95c0-a7203a111cc5/datanode-2/data/ratis] (custom)
2019-09-25 12:05:34,348 [pool-429-thread-1] INFO  storage.RaftStorageDirectory (RaftStorageDirectory.java:analyzeStorage(246)) - The storage directory /workdir/hadoop-ozone/integration-test/target/test-dir/MiniOzoneClusterImpl-0814cdd2-95b4-491b-95c0-a7203a111cc5/datanode-2/data/ratis/27c6bb66-ce0b-4984-9d35-903b2dcc4617 does not exist. Creating ...
2019-09-25 12:05:34,360 [pool-429-thread-1] INFO  storage.RaftStorageDirectory (RaftStorageDirectory.java:tryLock(328)) - Lock on /workdir/hadoop-ozone/integration-test/target/test-dir/MiniOzoneClusterImpl-0814cdd2-95b4-491b-95c0-a7203a111cc5/datanode-2/data/ratis/27c6bb66-ce0b-4984-9d35-903b2dcc4617/in_use.lock acquired by nodename 24979@pr-hdds-1569-shd4m-3693607622
2019-09-25 12:05:34,373 [pool-429-thread-1] INFO  storage.RaftStorage (RaftStorage.java:format(72)) - Storage directory /workdir/hadoop-ozone/integration-test/target/test-dir/MiniOzoneClusterImpl-0814cdd2-95b4-491b-95c0-a7203a111cc5/datanode-2/data/ratis/27c6bb66-ce0b-4984-9d35-903b2dcc4617 has been successfully formatted.
2019-09-25 12:05:34,373 [pool-429-thread-1] INFO  ratis.ContainerStateMachine (ContainerStateMachine.java:loadSnapshot(230)) - group-903B2DCC4617: The snapshot info is null. Setting the last applied indexto:(t:0, i:~)
2019-09-25 12:05:34,373 [pool-429-thread-1] INFO  server.RaftServerConfigKeys (ConfUtils.java:logGet(43)) - raft.server.notification.no-leader.timeout = 120s (custom)
2019-09-25 12:05:34,373 [pool-429-thread-1] INFO  server.RaftServerConfigKeys (ConfUtils.java:logGet(43)) - raft.server.log.use.memory = false (default)
2019-09-25 12:05:34,373 [pool-429-thread-1] INFO  server.RaftServerConfigKeys (ConfUtils.java:logGet(43)) - raft.server.log.purge.gap = 1000000 (custom)
2019-09-25 12:05:34,373 [pool-429-thread-1] INFO  server.RaftServerConfigKeys (ConfUtils.java:logGet(43)) - raft.server.log.appender.buffer.byte-limit = 33554432 (custom)
2019-09-25 12:05:34,374 [pool-429-thread-1] INFO  server.RaftServerConfigKeys (ConfUtils.java:logGet(43)) - raft.server.log.segment.size.max = 1048576 (custom)
2019-09-25 12:05:34,374 [pool-429-thread-1] INFO  server.RaftServerConfigKeys (ConfUtils.java:logGet(43)) - raft.server.log.segment.cache.num.max = 2 (custom)
2019-09-25 12:05:34,374 [pool-429-thread-1] INFO  segmented.SegmentedRaftLogWorker (SegmentedRaftLogWorker.java:<init>(172)) - new 1b5f48e1-875d-49d5-a3ca-2607cd8d3943@group-903B2DCC4617-SegmentedRaftLogWorker for RaftStorage:Storage Directory /workdir/hadoop-ozone/integration-test/target/test-dir/MiniOzoneClusterImpl-0814cdd2-95b4-491b-95c0-a7203a111cc5/datanode-2/data/ratis/27c6bb66-ce0b-4984-9d35-903b2dcc4617
2019-09-25 12:05:34,374 [pool-429-thread-1] INFO  server.RaftServerConfigKeys (ConfUtils.java:logGet(43)) - raft.server.log.queue.byte-limit = 2147483647 (custom)
2019-09-25 12:05:34,374 [pool-429-thread-1] INFO  server.RaftServerConfigKeys (ConfUtils.java:logGet(43)) - raft.server.log.queue.element-limit = 1024 (custom)
2019-09-25 12:05:34,374 [pool-429-thread-1] INFO  server.RaftServerConfigKeys (ConfUtils.java:logGet(43)) - raft.server.log.segment.size.max = 1048576 (custom)
2019-09-25 12:05:34,374 [pool-429-thread-1] INFO  server.RaftServerConfigKeys (ConfUtils.java:logGet(43)) - raft.server.log.preallocated.size = 16384 (custom)
2019-09-25 12:05:34,375 [pool-429-thread-1] INFO  server.RaftServerConfigKeys (ConfUtils.java:logGet(43)) - raft.server.log.write.buffer.size = 33554432 (custom)
2019-09-25 12:05:34,375 [pool-429-thread-1] INFO  server.RaftServerConfigKeys (ConfUtils.java:logGet(43)) - raft.server.log.force.sync.num = 128 (default)
2019-09-25 12:05:34,375 [pool-429-thread-1] INFO  server.RaftServerConfigKeys (ConfUtils.java:logGet(43)) - raft.server.log.statemachine.data.sync = true (default)
2019-09-25 12:05:34,375 [pool-429-thread-1] INFO  server.RaftServerConfigKeys (ConfUtils.java:logGet(43)) - raft.server.log.statemachine.data.sync.timeout = 10s (default)
2019-09-25 12:05:34,375 [pool-429-thread-1] INFO  server.RaftServerConfigKeys (ConfUtils.java:logGet(43)) - raft.server.log.statemachine.data.sync.timeout.retry = -1 (default)
2019-09-25 12:05:34,375 [pool-429-thread-1] INFO  server.RaftServerConfigKeys (ConfUtils.java:logGet(43)) - raft.server.log.statemachine.data.caching.enabled = true (custom)
2019-09-25 12:05:34,376 [pool-429-thread-1] INFO  segmented.SegmentedRaftLogWorker (SegmentedRaftLogWorker.java:lambda$new$0(132)) - 1b5f48e1-875d-49d5-a3ca-2607cd8d3943@group-903B2DCC4617-SegmentedRaftLogWorker: flushIndex: setUnconditionally 0 -> -1
2019-09-25 12:05:34,376 [pool-429-thread-1] INFO  server.RaftServerConfigKeys (ConfUtils.java:logGet(43)) - raft.server.snapshot.auto.trigger.enabled = true (custom)
2019-09-25 12:05:34,376 [pool-429-thread-1] INFO  server.RaftServerConfigKeys (ConfUtils.java:logGet(43)) - raft.server.snapshot.auto.trigger.threshold = 10000 (custom)
2019-09-25 12:05:34,376 [pool-429-thread-1] INFO  server.RaftServerConfigKeys (ConfUtils.java:logGet(43)) - raft.server.snapshot.retention.num.files = 5 (custom)
2019-09-25 12:05:34,376 [pool-429-thread-1] INFO  server.RaftServerConfigKeys (ConfUtils.java:logGet(43)) - raft.server.retrycache.expirytime = 600000ms (custom)
2019-09-25 12:05:34,378 [pool-429-thread-1] INFO  impl.RaftServerImpl (RaftServerImpl.java:start(185)) - 1b5f48e1-875d-49d5-a3ca-2607cd8d3943@group-903B2DCC4617: start as a follower, conf=-1: [1b5f48e1-875d-49d5-a3ca-2607cd8d3943:192.168.151.73:34544], old=null
2019-09-25 12:05:34,378 [pool-429-thread-1] INFO  impl.RaftServerImpl (RaftServerImpl.java:setRole(174)) - 1b5f48e1-875d-49d5-a3ca-2607cd8d3943@group-903B2DCC4617: changes role from      null to FOLLOWER at term 0 for startAsFollower
2019-09-25 12:05:34,378 [pool-429-thread-1] INFO  impl.RoleInfo (RoleInfo.java:updateAndGet(143)) - 1b5f48e1-875d-49d5-a3ca-2607cd8d3943: start FollowerState
2019-09-25 12:05:34,379 [pool-429-thread-1] INFO  util.JmxRegister (JmxRegister.java:tryRegister(44)) - Successfully registered JMX Bean with object name Ratis:service=RaftServer,group=group-903B2DCC4617,id=1b5f48e1-875d-49d5-a3ca-2607cd8d3943
2019-09-25 12:05:34,381 [RatisPipelineUtilsThread] INFO  pipeline.PipelineStateManager (PipelineStateManager.java:addPipeline(56)) - Created pipeline Pipeline[ Id: 27c6bb66-ce0b-4984-9d35-903b2dcc4617, Nodes: 1b5f48e1-875d-49d5-a3ca-2607cd8d3943{ip: 192.168.151.73, host: pr-hdds-1569-shd4m-3693607622, networkLocation: /default-rack, certSerialId: null}, Type:RATIS, Factor:ONE, State:OPEN]
2019-09-25 12:05:34,381 [RatisPipelineUtilsThread] INFO  pipeline.PipelinePlacementPolicy (PipelinePlacementPolicy.java:meetCriteria(91)) - Pipeline Placement: can't place more pipeline on heavy datanode： dd53ae84-fcc6-4953-b3df-628fab38f53c Heaviness: 6 limit: 5
2019-09-25 12:05:34,381 [RatisPipelineUtilsThread] INFO  pipeline.PipelinePlacementPolicy (PipelinePlacementPolicy.java:meetCriteria(91)) - Pipeline Placement: can't place more pipeline on heavy datanode： 4a53ed6f-dce3-4b1f-9e89-8e0e17f074cc Heaviness: 6 limit: 5
2019-09-25 12:05:34,384 [grpc-default-executor-2] INFO  impl.RaftServerProxy (RaftServerProxy.java:addNew(89)) - 1b5f48e1-875d-49d5-a3ca-2607cd8d3943: addNew group-117708339C66:[1b5f48e1-875d-49d5-a3ca-2607cd8d3943:192.168.151.73:34544] returns group-117708339C66:java.util.concurrent.CompletableFuture@a91f1a4[Not completed]
2019-09-25 12:05:34,385 [pool-429-thread-1] INFO  impl.RaftServerImpl (RaftServerImpl.java:<init>(95)) - 1b5f48e1-875d-49d5-a3ca-2607cd8d3943: new RaftServerImpl for group-117708339C66:[1b5f48e1-875d-49d5-a3ca-2607cd8d3943:192.168.151.73:34544] with ContainerStateMachine:uninitialized
2019-09-25 12:05:34,385 [pool-429-thread-1] INFO  server.RaftServerConfigKeys (ConfUtils.java:logGet(43)) - raft.server.rpc.timeout.min = 5s (custom)
2019-09-25 12:05:34,386 [pool-429-thread-1] INFO  server.RaftServerConfigKeys (ConfUtils.java:logGet(43)) - raft.server.rpc.timeout.max = 5200ms (custom)
2019-09-25 12:05:34,386 [pool-429-thread-1] INFO  server.RaftServerConfigKeys (ConfUtils.java:logGet(43)) - raft.server.rpcslowness.timeout = 120s (custom)
2019-09-25 12:05:34,386 [pool-429-thread-1] INFO  server.RaftServerConfigKeys (ConfUtils.java:logGet(43)) - raft.server.sleep.deviation.threshold = 300 (default)
2019-09-25 12:05:34,386 [pool-429-thread-1] INFO  server.RaftServerConfigKeys (ConfUtils.java:logGet(43)) - raft.server.log.appender.install.snapshot.enabled = false (custom)
2019-09-25 12:05:34,386 [pool-429-thread-1] INFO  impl.RaftServerImpl (ServerState.java:<init>(103)) - 1b5f48e1-875d-49d5-a3ca-2607cd8d3943@group-117708339C66: ConfigurationManager, init=-1: [1b5f48e1-875d-49d5-a3ca-2607cd8d3943:192.168.151.73:34544], old=null, confs=<EMPTY_MAP>
2019-09-25 12:05:34,386 [pool-429-thread-1] INFO  server.RaftServerConfigKeys (ConfUtils.java:logGet(43)) - raft.server.storage.dir = [/workdir/hadoop-ozone/integration-test/target/test-dir/MiniOzoneClusterImpl-0814cdd2-95b4-491b-95c0-a7203a111cc5/datanode-2/data/ratis] (custom)
2019-09-25 12:05:34,387 [pool-429-thread-1] INFO  storage.RaftStorageDirectory (RaftStorageDirectory.java:analyzeStorage(246)) - The storage directory /workdir/hadoop-ozone/integration-test/target/test-dir/MiniOzoneClusterImpl-0814cdd2-95b4-491b-95c0-a7203a111cc5/datanode-2/data/ratis/b3b57161-896b-4e66-a271-117708339c66 does not exist. Creating ...
2019-09-25 12:05:34,390 [pool-429-thread-1] INFO  storage.RaftStorageDirectory (RaftStorageDirectory.java:tryLock(328)) - Lock on /workdir/hadoop-ozone/integration-test/target/test-dir/MiniOzoneClusterImpl-0814cdd2-95b4-491b-95c0-a7203a111cc5/datanode-2/data/ratis/b3b57161-896b-4e66-a271-117708339c66/in_use.lock acquired by nodename 24979@pr-hdds-1569-shd4m-3693607622
2019-09-25 12:05:34,394 [pool-429-thread-1] INFO  storage.RaftStorage (RaftStorage.java:format(72)) - Storage directory /workdir/hadoop-ozone/integration-test/target/test-dir/MiniOzoneClusterImpl-0814cdd2-95b4-491b-95c0-a7203a111cc5/datanode-2/data/ratis/b3b57161-896b-4e66-a271-117708339c66 has been successfully formatted.
2019-09-25 12:05:34,394 [pool-429-thread-1] INFO  ratis.ContainerStateMachine (ContainerStateMachine.java:loadSnapshot(230)) - group-117708339C66: The snapshot info is null. Setting the last applied indexto:(t:0, i:~)
2019-09-25 12:05:34,394 [pool-429-thread-1] INFO  server.RaftServerConfigKeys (ConfUtils.java:logGet(43)) - raft.server.notification.no-leader.timeout = 120s (custom)
2019-09-25 12:05:34,394 [pool-429-thread-1] INFO  server.RaftServerConfigKeys (ConfUtils.java:logGet(43)) - raft.server.log.use.memory = false (default)
2019-09-25 12:05:34,394 [pool-429-thread-1] INFO  server.RaftServerConfigKeys (ConfUtils.java:logGet(43)) - raft.server.log.purge.gap = 1000000 (custom)
2019-09-25 12:05:34,394 [pool-429-thread-1] INFO  server.RaftServerConfigKeys (ConfUtils.java:logGet(43)) - raft.server.log.appender.buffer.byte-limit = 33554432 (custom)
2019-09-25 12:05:34,394 [pool-429-thread-1] INFO  server.RaftServerConfigKeys (ConfUtils.java:logGet(43)) - raft.server.log.segment.size.max = 1048576 (custom)
2019-09-25 12:05:34,395 [pool-429-thread-1] INFO  server.RaftServerConfigKeys (ConfUtils.java:logGet(43)) - raft.server.log.segment.cache.num.max = 2 (custom)
2019-09-25 12:05:34,395 [pool-429-thread-1] INFO  segmented.SegmentedRaftLogWorker (SegmentedRaftLogWorker.java:<init>(172)) - new 1b5f48e1-875d-49d5-a3ca-2607cd8d3943@group-117708339C66-SegmentedRaftLogWorker for RaftStorage:Storage Directory /workdir/hadoop-ozone/integration-test/target/test-dir/MiniOzoneClusterImpl-0814cdd2-95b4-491b-95c0-a7203a111cc5/datanode-2/data/ratis/b3b57161-896b-4e66-a271-117708339c66
2019-09-25 12:05:34,395 [pool-429-thread-1] INFO  server.RaftServerConfigKeys (ConfUtils.java:logGet(43)) - raft.server.log.queue.byte-limit = 2147483647 (custom)
2019-09-25 12:05:34,395 [pool-429-thread-1] INFO  server.RaftServerConfigKeys (ConfUtils.java:logGet(43)) - raft.server.log.queue.element-limit = 1024 (custom)
2019-09-25 12:05:34,395 [pool-429-thread-1] INFO  server.RaftServerConfigKeys (ConfUtils.java:logGet(43)) - raft.server.log.segment.size.max = 1048576 (custom)
2019-09-25 12:05:34,395 [pool-429-thread-1] INFO  server.RaftServerConfigKeys (ConfUtils.java:logGet(43)) - raft.server.log.preallocated.size = 16384 (custom)
2019-09-25 12:05:34,395 [pool-429-thread-1] INFO  server.RaftServerConfigKeys (ConfUtils.java:logGet(43)) - raft.server.log.write.buffer.size = 33554432 (custom)
2019-09-25 12:05:34,395 [pool-429-thread-1] INFO  server.RaftServerConfigKeys (ConfUtils.java:logGet(43)) - raft.server.log.force.sync.num = 128 (default)
2019-09-25 12:05:34,396 [pool-429-thread-1] INFO  server.RaftServerConfigKeys (ConfUtils.java:logGet(43)) - raft.server.log.statemachine.data.sync = true (default)
2019-09-25 12:05:34,396 [pool-429-thread-1] INFO  server.RaftServerConfigKeys (ConfUtils.java:logGet(43)) - raft.server.log.statemachine.data.sync.timeout = 10s (default)
2019-09-25 12:05:34,396 [pool-429-thread-1] INFO  server.RaftServerConfigKeys (ConfUtils.java:logGet(43)) - raft.server.log.statemachine.data.sync.timeout.retry = -1 (default)
2019-09-25 12:05:34,396 [pool-429-thread-1] INFO  server.RaftServerConfigKeys (ConfUtils.java:logGet(43)) - raft.server.log.statemachine.data.caching.enabled = true (custom)
2019-09-25 12:05:34,396 [pool-429-thread-1] INFO  segmented.SegmentedRaftLogWorker (SegmentedRaftLogWorker.java:lambda$new$0(132)) - 1b5f48e1-875d-49d5-a3ca-2607cd8d3943@group-117708339C66-SegmentedRaftLogWorker: flushIndex: setUnconditionally 0 -> -1
2019-09-25 12:05:34,397 [pool-429-thread-1] INFO  server.RaftServerConfigKeys (ConfUtils.java:logGet(43)) - raft.server.snapshot.auto.trigger.enabled = true (custom)
2019-09-25 12:05:34,397 [pool-429-thread-1] INFO  server.RaftServerConfigKeys (ConfUtils.java:logGet(43)) - raft.server.snapshot.auto.trigger.threshold = 10000 (custom)
2019-09-25 12:05:34,397 [pool-429-thread-1] INFO  server.RaftServerConfigKeys (ConfUtils.java:logGet(43)) - raft.server.snapshot.retention.num.files = 5 (custom)
2019-09-25 12:05:34,397 [pool-429-thread-1] INFO  server.RaftServerConfigKeys (ConfUtils.java:logGet(43)) - raft.server.retrycache.expirytime = 600000ms (custom)
2019-09-25 12:05:34,398 [pool-429-thread-1] INFO  impl.RaftServerImpl (RaftServerImpl.java:start(185)) - 1b5f48e1-875d-49d5-a3ca-2607cd8d3943@group-117708339C66: start as a follower, conf=-1: [1b5f48e1-875d-49d5-a3ca-2607cd8d3943:192.168.151.73:34544], old=null
2019-09-25 12:05:34,399 [pool-429-thread-1] INFO  impl.RaftServerImpl (RaftServerImpl.java:setRole(174)) - 1b5f48e1-875d-49d5-a3ca-2607cd8d3943@group-117708339C66: changes role from      null to FOLLOWER at term 0 for startAsFollower
2019-09-25 12:05:34,399 [pool-429-thread-1] INFO  impl.RoleInfo (RoleInfo.java:updateAndGet(143)) - 1b5f48e1-875d-49d5-a3ca-2607cd8d3943: start FollowerState
2019-09-25 12:05:34,399 [pool-429-thread-1] INFO  util.JmxRegister (JmxRegister.java:tryRegister(44)) - Successfully registered JMX Bean with object name Ratis:service=RaftServer,group=group-117708339C66,id=1b5f48e1-875d-49d5-a3ca-2607cd8d3943
2019-09-25 12:05:34,401 [RatisPipelineUtilsThread] INFO  pipeline.PipelineStateManager (PipelineStateManager.java:addPipeline(56)) - Created pipeline Pipeline[ Id: b3b57161-896b-4e66-a271-117708339c66, Nodes: 1b5f48e1-875d-49d5-a3ca-2607cd8d3943{ip: 192.168.151.73, host: pr-hdds-1569-shd4m-3693607622, networkLocation: /default-rack, certSerialId: null}, Type:RATIS, Factor:ONE, State:OPEN]
2019-09-25 12:05:34,401 [RatisPipelineUtilsThread] INFO  pipeline.PipelinePlacementPolicy (PipelinePlacementPolicy.java:meetCriteria(91)) - Pipeline Placement: can't place more pipeline on heavy datanode： 1b5f48e1-875d-49d5-a3ca-2607cd8d3943 Heaviness: 6 limit: 5
2019-09-25 12:05:34,401 [RatisPipelineUtilsThread] INFO  pipeline.PipelinePlacementPolicy (PipelinePlacementPolicy.java:meetCriteria(91)) - Pipeline Placement: can't place more pipeline on heavy datanode： dd53ae84-fcc6-4953-b3df-628fab38f53c Heaviness: 6 limit: 5
2019-09-25 12:05:34,401 [RatisPipelineUtilsThread] INFO  pipeline.PipelinePlacementPolicy (PipelinePlacementPolicy.java:meetCriteria(91)) - Pipeline Placement: can't place more pipeline on heavy datanode： 4a53ed6f-dce3-4b1f-9e89-8e0e17f074cc Heaviness: 6 limit: 5
2019-09-25 12:05:34,404 [grpc-default-executor-2] INFO  impl.RaftServerProxy (RaftServerProxy.java:addNew(89)) - aa2320bf-b2b0-4764-9bc5-2df8b93b85ea: addNew group-765C6A2948E4:[aa2320bf-b2b0-4764-9bc5-2df8b93b85ea:192.168.151.73:39809] returns group-765C6A2948E4:java.util.concurrent.CompletableFuture@7853b66f[Not completed]
2019-09-25 12:05:34,405 [pool-449-thread-1] INFO  impl.RaftServerImpl (RaftServerImpl.java:<init>(95)) - aa2320bf-b2b0-4764-9bc5-2df8b93b85ea: new RaftServerImpl for group-765C6A2948E4:[aa2320bf-b2b0-4764-9bc5-2df8b93b85ea:192.168.151.73:39809] with ContainerStateMachine:uninitialized
2019-09-25 12:05:34,405 [pool-449-thread-1] INFO  server.RaftServerConfigKeys (ConfUtils.java:logGet(43)) - raft.server.rpc.timeout.min = 5s (custom)
2019-09-25 12:05:34,405 [pool-449-thread-1] INFO  server.RaftServerConfigKeys (ConfUtils.java:logGet(43)) - raft.server.rpc.timeout.max = 5200ms (custom)
2019-09-25 12:05:34,405 [pool-449-thread-1] INFO  server.RaftServerConfigKeys (ConfUtils.java:logGet(43)) - raft.server.rpcslowness.timeout = 120s (custom)
2019-09-25 12:05:34,405 [pool-449-thread-1] INFO  server.RaftServerConfigKeys (ConfUtils.java:logGet(43)) - raft.server.sleep.deviation.threshold = 300 (default)
2019-09-25 12:05:34,405 [pool-449-thread-1] INFO  server.RaftServerConfigKeys (ConfUtils.java:logGet(43)) - raft.server.log.appender.install.snapshot.enabled = false (custom)
2019-09-25 12:05:34,405 [pool-449-thread-1] INFO  impl.RaftServerImpl (ServerState.java:<init>(103)) - aa2320bf-b2b0-4764-9bc5-2df8b93b85ea@group-765C6A2948E4: ConfigurationManager, init=-1: [aa2320bf-b2b0-4764-9bc5-2df8b93b85ea:192.168.151.73:39809], old=null, confs=<EMPTY_MAP>
2019-09-25 12:05:34,406 [pool-449-thread-1] INFO  server.RaftServerConfigKeys (ConfUtils.java:logGet(43)) - raft.server.storage.dir = [/workdir/hadoop-ozone/integration-test/target/test-dir/MiniOzoneClusterImpl-0814cdd2-95b4-491b-95c0-a7203a111cc5/datanode-4/data/ratis] (custom)
2019-09-25 12:05:34,406 [pool-449-thread-1] INFO  storage.RaftStorageDirectory (RaftStorageDirectory.java:analyzeStorage(246)) - The storage directory /workdir/hadoop-ozone/integration-test/target/test-dir/MiniOzoneClusterImpl-0814cdd2-95b4-491b-95c0-a7203a111cc5/datanode-4/data/ratis/53837c5f-6655-4079-b68e-765c6a2948e4 does not exist. Creating ...
2019-09-25 12:05:34,444 [pool-449-thread-1] INFO  storage.RaftStorageDirectory (RaftStorageDirectory.java:tryLock(328)) - Lock on /workdir/hadoop-ozone/integration-test/target/test-dir/MiniOzoneClusterImpl-0814cdd2-95b4-491b-95c0-a7203a111cc5/datanode-4/data/ratis/53837c5f-6655-4079-b68e-765c6a2948e4/in_use.lock acquired by nodename 24979@pr-hdds-1569-shd4m-3693607622
2019-09-25 12:05:34,458 [pool-449-thread-1] INFO  storage.RaftStorage (RaftStorage.java:format(72)) - Storage directory /workdir/hadoop-ozone/integration-test/target/test-dir/MiniOzoneClusterImpl-0814cdd2-95b4-491b-95c0-a7203a111cc5/datanode-4/data/ratis/53837c5f-6655-4079-b68e-765c6a2948e4 has been successfully formatted.
2019-09-25 12:05:34,458 [pool-449-thread-1] INFO  ratis.ContainerStateMachine (ContainerStateMachine.java:loadSnapshot(230)) - group-765C6A2948E4: The snapshot info is null. Setting the last applied indexto:(t:0, i:~)
2019-09-25 12:05:34,458 [pool-449-thread-1] INFO  server.RaftServerConfigKeys (ConfUtils.java:logGet(43)) - raft.server.notification.no-leader.timeout = 120s (custom)
2019-09-25 12:05:34,458 [pool-449-thread-1] INFO  server.RaftServerConfigKeys (ConfUtils.java:logGet(43)) - raft.server.log.use.memory = false (default)
2019-09-25 12:05:34,458 [pool-449-thread-1] INFO  server.RaftServerConfigKeys (ConfUtils.java:logGet(43)) - raft.server.log.purge.gap = 1000000 (custom)
2019-09-25 12:05:34,458 [pool-449-thread-1] INFO  server.RaftServerConfigKeys (ConfUtils.java:logGet(43)) - raft.server.log.appender.buffer.byte-limit = 33554432 (custom)
2019-09-25 12:05:34,458 [pool-449-thread-1] INFO  server.RaftServerConfigKeys (ConfUtils.java:logGet(43)) - raft.server.log.segment.size.max = 1048576 (custom)
2019-09-25 12:05:34,458 [pool-449-thread-1] INFO  server.RaftServerConfigKeys (ConfUtils.java:logGet(43)) - raft.server.log.segment.cache.num.max = 2 (custom)
2019-09-25 12:05:34,459 [pool-449-thread-1] INFO  segmented.SegmentedRaftLogWorker (SegmentedRaftLogWorker.java:<init>(172)) - new aa2320bf-b2b0-4764-9bc5-2df8b93b85ea@group-765C6A2948E4-SegmentedRaftLogWorker for RaftStorage:Storage Directory /workdir/hadoop-ozone/integration-test/target/test-dir/MiniOzoneClusterImpl-0814cdd2-95b4-491b-95c0-a7203a111cc5/datanode-4/data/ratis/53837c5f-6655-4079-b68e-765c6a2948e4
2019-09-25 12:05:34,459 [pool-449-thread-1] INFO  server.RaftServerConfigKeys (ConfUtils.java:logGet(43)) - raft.server.log.queue.byte-limit = 2147483647 (custom)
2019-09-25 12:05:34,459 [pool-449-thread-1] INFO  server.RaftServerConfigKeys (ConfUtils.java:logGet(43)) - raft.server.log.queue.element-limit = 1024 (custom)
2019-09-25 12:05:34,459 [pool-449-thread-1] INFO  server.RaftServerConfigKeys (ConfUtils.java:logGet(43)) - raft.server.log.segment.size.max = 1048576 (custom)
2019-09-25 12:05:34,459 [pool-449-thread-1] INFO  server.RaftServerConfigKeys (ConfUtils.java:logGet(43)) - raft.server.log.preallocated.size = 16384 (custom)
2019-09-25 12:05:34,459 [pool-449-thread-1] INFO  server.RaftServerConfigKeys (ConfUtils.java:logGet(43)) - raft.server.log.write.buffer.size = 33554432 (custom)
2019-09-25 12:05:34,459 [pool-449-thread-1] INFO  server.RaftServerConfigKeys (ConfUtils.java:logGet(43)) - raft.server.log.force.sync.num = 128 (default)
2019-09-25 12:05:34,459 [pool-449-thread-1] INFO  server.RaftServerConfigKeys (ConfUtils.java:logGet(43)) - raft.server.log.statemachine.data.sync = true (default)
2019-09-25 12:05:34,460 [pool-449-thread-1] INFO  server.RaftServerConfigKeys (ConfUtils.java:logGet(43)) - raft.server.log.statemachine.data.sync.timeout = 10s (default)
2019-09-25 12:05:34,460 [pool-449-thread-1] INFO  server.RaftServerConfigKeys (ConfUtils.java:logGet(43)) - raft.server.log.statemachine.data.sync.timeout.retry = -1 (default)
2019-09-25 12:05:34,460 [pool-449-thread-1] INFO  server.RaftServerConfigKeys (ConfUtils.java:logGet(43)) - raft.server.log.statemachine.data.caching.enabled = true (custom)
2019-09-25 12:05:34,460 [pool-449-thread-1] INFO  segmented.SegmentedRaftLogWorker (SegmentedRaftLogWorker.java:lambda$new$0(132)) - aa2320bf-b2b0-4764-9bc5-2df8b93b85ea@group-765C6A2948E4-SegmentedRaftLogWorker: flushIndex: setUnconditionally 0 -> -1
2019-09-25 12:05:34,460 [pool-449-thread-1] INFO  server.RaftServerConfigKeys (ConfUtils.java:logGet(43)) - raft.server.snapshot.auto.trigger.enabled = true (custom)
2019-09-25 12:05:34,460 [pool-449-thread-1] INFO  server.RaftServerConfigKeys (ConfUtils.java:logGet(43)) - raft.server.snapshot.auto.trigger.threshold = 10000 (custom)
2019-09-25 12:05:34,461 [pool-449-thread-1] INFO  server.RaftServerConfigKeys (ConfUtils.java:logGet(43)) - raft.server.snapshot.retention.num.files = 5 (custom)
2019-09-25 12:05:34,461 [pool-449-thread-1] INFO  server.RaftServerConfigKeys (ConfUtils.java:logGet(43)) - raft.server.retrycache.expirytime = 600000ms (custom)
2019-09-25 12:05:34,462 [pool-449-thread-1] INFO  impl.RaftServerImpl (RaftServerImpl.java:start(185)) - aa2320bf-b2b0-4764-9bc5-2df8b93b85ea@group-765C6A2948E4: start as a follower, conf=-1: [aa2320bf-b2b0-4764-9bc5-2df8b93b85ea:192.168.151.73:39809], old=null
2019-09-25 12:05:34,462 [pool-449-thread-1] INFO  impl.RaftServerImpl (RaftServerImpl.java:setRole(174)) - aa2320bf-b2b0-4764-9bc5-2df8b93b85ea@group-765C6A2948E4: changes role from      null to FOLLOWER at term 0 for startAsFollower
2019-09-25 12:05:34,462 [pool-449-thread-1] INFO  impl.RoleInfo (RoleInfo.java:updateAndGet(143)) - aa2320bf-b2b0-4764-9bc5-2df8b93b85ea: start FollowerState
2019-09-25 12:05:34,463 [pool-449-thread-1] INFO  util.JmxRegister (JmxRegister.java:tryRegister(44)) - Successfully registered JMX Bean with object name Ratis:service=RaftServer,group=group-765C6A2948E4,id=aa2320bf-b2b0-4764-9bc5-2df8b93b85ea
2019-09-25 12:05:34,465 [RatisPipelineUtilsThread] INFO  pipeline.PipelineStateManager (PipelineStateManager.java:addPipeline(56)) - Created pipeline Pipeline[ Id: 53837c5f-6655-4079-b68e-765c6a2948e4, Nodes: aa2320bf-b2b0-4764-9bc5-2df8b93b85ea{ip: 192.168.151.73, host: pr-hdds-1569-shd4m-3693607622, networkLocation: /default-rack, certSerialId: null}, Type:RATIS, Factor:ONE, State:OPEN]
2019-09-25 12:05:34,465 [RatisPipelineUtilsThread] INFO  pipeline.PipelinePlacementPolicy (PipelinePlacementPolicy.java:meetCriteria(91)) - Pipeline Placement: can't place more pipeline on heavy datanode： 1b5f48e1-875d-49d5-a3ca-2607cd8d3943 Heaviness: 6 limit: 5
2019-09-25 12:05:34,465 [RatisPipelineUtilsThread] INFO  pipeline.PipelinePlacementPolicy (PipelinePlacementPolicy.java:meetCriteria(91)) - Pipeline Placement: can't place more pipeline on heavy datanode： dd53ae84-fcc6-4953-b3df-628fab38f53c Heaviness: 6 limit: 5
2019-09-25 12:05:34,465 [RatisPipelineUtilsThread] INFO  pipeline.PipelinePlacementPolicy (PipelinePlacementPolicy.java:meetCriteria(91)) - Pipeline Placement: can't place more pipeline on heavy datanode： 4a53ed6f-dce3-4b1f-9e89-8e0e17f074cc Heaviness: 6 limit: 5
2019-09-25 12:05:34,469 [grpc-default-executor-2] INFO  impl.RaftServerProxy (RaftServerProxy.java:addNew(89)) - aa2320bf-b2b0-4764-9bc5-2df8b93b85ea: addNew group-A62D50D9174B:[aa2320bf-b2b0-4764-9bc5-2df8b93b85ea:192.168.151.73:39809] returns group-A62D50D9174B:java.util.concurrent.CompletableFuture@6f5d765[Not completed]
2019-09-25 12:05:34,470 [pool-449-thread-1] INFO  impl.RaftServerImpl (RaftServerImpl.java:<init>(95)) - aa2320bf-b2b0-4764-9bc5-2df8b93b85ea: new RaftServerImpl for group-A62D50D9174B:[aa2320bf-b2b0-4764-9bc5-2df8b93b85ea:192.168.151.73:39809] with ContainerStateMachine:uninitialized
2019-09-25 12:05:34,470 [pool-449-thread-1] INFO  server.RaftServerConfigKeys (ConfUtils.java:logGet(43)) - raft.server.rpc.timeout.min = 5s (custom)
2019-09-25 12:05:34,470 [pool-449-thread-1] INFO  server.RaftServerConfigKeys (ConfUtils.java:logGet(43)) - raft.server.rpc.timeout.max = 5200ms (custom)
2019-09-25 12:05:34,470 [pool-449-thread-1] INFO  server.RaftServerConfigKeys (ConfUtils.java:logGet(43)) - raft.server.rpcslowness.timeout = 120s (custom)
2019-09-25 12:05:34,471 [pool-449-thread-1] INFO  server.RaftServerConfigKeys (ConfUtils.java:logGet(43)) - raft.server.sleep.deviation.threshold = 300 (default)
2019-09-25 12:05:34,471 [pool-449-thread-1] INFO  server.RaftServerConfigKeys (ConfUtils.java:logGet(43)) - raft.server.log.appender.install.snapshot.enabled = false (custom)
2019-09-25 12:05:34,471 [pool-449-thread-1] INFO  impl.RaftServerImpl (ServerState.java:<init>(103)) - aa2320bf-b2b0-4764-9bc5-2df8b93b85ea@group-A62D50D9174B: ConfigurationManager, init=-1: [aa2320bf-b2b0-4764-9bc5-2df8b93b85ea:192.168.151.73:39809], old=null, confs=<EMPTY_MAP>
2019-09-25 12:05:34,471 [pool-449-thread-1] INFO  server.RaftServerConfigKeys (ConfUtils.java:logGet(43)) - raft.server.storage.dir = [/workdir/hadoop-ozone/integration-test/target/test-dir/MiniOzoneClusterImpl-0814cdd2-95b4-491b-95c0-a7203a111cc5/datanode-4/data/ratis] (custom)
2019-09-25 12:05:34,471 [pool-449-thread-1] INFO  storage.RaftStorageDirectory (RaftStorageDirectory.java:analyzeStorage(246)) - The storage directory /workdir/hadoop-ozone/integration-test/target/test-dir/MiniOzoneClusterImpl-0814cdd2-95b4-491b-95c0-a7203a111cc5/datanode-4/data/ratis/d23be601-ab10-42fd-8734-a62d50d9174b does not exist. Creating ...
2019-09-25 12:05:34,475 [pool-449-thread-1] INFO  storage.RaftStorageDirectory (RaftStorageDirectory.java:tryLock(328)) - Lock on /workdir/hadoop-ozone/integration-test/target/test-dir/MiniOzoneClusterImpl-0814cdd2-95b4-491b-95c0-a7203a111cc5/datanode-4/data/ratis/d23be601-ab10-42fd-8734-a62d50d9174b/in_use.lock acquired by nodename 24979@pr-hdds-1569-shd4m-3693607622
2019-09-25 12:05:34,488 [pool-449-thread-1] INFO  storage.RaftStorage (RaftStorage.java:format(72)) - Storage directory /workdir/hadoop-ozone/integration-test/target/test-dir/MiniOzoneClusterImpl-0814cdd2-95b4-491b-95c0-a7203a111cc5/datanode-4/data/ratis/d23be601-ab10-42fd-8734-a62d50d9174b has been successfully formatted.
2019-09-25 12:05:34,488 [pool-449-thread-1] INFO  ratis.ContainerStateMachine (ContainerStateMachine.java:loadSnapshot(230)) - group-A62D50D9174B: The snapshot info is null. Setting the last applied indexto:(t:0, i:~)
2019-09-25 12:05:34,488 [pool-449-thread-1] INFO  server.RaftServerConfigKeys (ConfUtils.java:logGet(43)) - raft.server.notification.no-leader.timeout = 120s (custom)
2019-09-25 12:05:34,489 [pool-449-thread-1] INFO  server.RaftServerConfigKeys (ConfUtils.java:logGet(43)) - raft.server.log.use.memory = false (default)
2019-09-25 12:05:34,489 [pool-449-thread-1] INFO  server.RaftServerConfigKeys (ConfUtils.java:logGet(43)) - raft.server.log.purge.gap = 1000000 (custom)
2019-09-25 12:05:34,489 [pool-449-thread-1] INFO  server.RaftServerConfigKeys (ConfUtils.java:logGet(43)) - raft.server.log.appender.buffer.byte-limit = 33554432 (custom)
2019-09-25 12:05:34,489 [pool-449-thread-1] INFO  server.RaftServerConfigKeys (ConfUtils.java:logGet(43)) - raft.server.log.segment.size.max = 1048576 (custom)
2019-09-25 12:05:34,489 [pool-449-thread-1] INFO  server.RaftServerConfigKeys (ConfUtils.java:logGet(43)) - raft.server.log.segment.cache.num.max = 2 (custom)
2019-09-25 12:05:34,489 [pool-449-thread-1] INFO  segmented.SegmentedRaftLogWorker (SegmentedRaftLogWorker.java:<init>(172)) - new aa2320bf-b2b0-4764-9bc5-2df8b93b85ea@group-A62D50D9174B-SegmentedRaftLogWorker for RaftStorage:Storage Directory /workdir/hadoop-ozone/integration-test/target/test-dir/MiniOzoneClusterImpl-0814cdd2-95b4-491b-95c0-a7203a111cc5/datanode-4/data/ratis/d23be601-ab10-42fd-8734-a62d50d9174b
2019-09-25 12:05:34,489 [pool-449-thread-1] INFO  server.RaftServerConfigKeys (ConfUtils.java:logGet(43)) - raft.server.log.queue.byte-limit = 2147483647 (custom)
2019-09-25 12:05:34,489 [pool-449-thread-1] INFO  server.RaftServerConfigKeys (ConfUtils.java:logGet(43)) - raft.server.log.queue.element-limit = 1024 (custom)
2019-09-25 12:05:34,489 [pool-449-thread-1] INFO  server.RaftServerConfigKeys (ConfUtils.java:logGet(43)) - raft.server.log.segment.size.max = 1048576 (custom)
2019-09-25 12:05:34,490 [pool-449-thread-1] INFO  server.RaftServerConfigKeys (ConfUtils.java:logGet(43)) - raft.server.log.preallocated.size = 16384 (custom)
2019-09-25 12:05:34,490 [pool-449-thread-1] INFO  server.RaftServerConfigKeys (ConfUtils.java:logGet(43)) - raft.server.log.write.buffer.size = 33554432 (custom)
2019-09-25 12:05:34,490 [pool-449-thread-1] INFO  server.RaftServerConfigKeys (ConfUtils.java:logGet(43)) - raft.server.log.force.sync.num = 128 (default)
2019-09-25 12:05:34,490 [pool-449-thread-1] INFO  server.RaftServerConfigKeys (ConfUtils.java:logGet(43)) - raft.server.log.statemachine.data.sync = true (default)
2019-09-25 12:05:34,490 [pool-449-thread-1] INFO  server.RaftServerConfigKeys (ConfUtils.java:logGet(43)) - raft.server.log.statemachine.data.sync.timeout = 10s (default)
2019-09-25 12:05:34,490 [pool-449-thread-1] INFO  server.RaftServerConfigKeys (ConfUtils.java:logGet(43)) - raft.server.log.statemachine.data.sync.timeout.retry = -1 (default)
2019-09-25 12:05:34,490 [pool-449-thread-1] INFO  server.RaftServerConfigKeys (ConfUtils.java:logGet(43)) - raft.server.log.statemachine.data.caching.enabled = true (custom)
2019-09-25 12:05:34,491 [pool-449-thread-1] INFO  segmented.SegmentedRaftLogWorker (SegmentedRaftLogWorker.java:lambda$new$0(132)) - aa2320bf-b2b0-4764-9bc5-2df8b93b85ea@group-A62D50D9174B-SegmentedRaftLogWorker: flushIndex: setUnconditionally 0 -> -1
2019-09-25 12:05:34,491 [pool-449-thread-1] INFO  server.RaftServerConfigKeys (ConfUtils.java:logGet(43)) - raft.server.snapshot.auto.trigger.enabled = true (custom)
2019-09-25 12:05:34,491 [pool-449-thread-1] INFO  server.RaftServerConfigKeys (ConfUtils.java:logGet(43)) - raft.server.snapshot.auto.trigger.threshold = 10000 (custom)
2019-09-25 12:05:34,491 [pool-449-thread-1] INFO  server.RaftServerConfigKeys (ConfUtils.java:logGet(43)) - raft.server.snapshot.retention.num.files = 5 (custom)
2019-09-25 12:05:34,491 [pool-449-thread-1] INFO  server.RaftServerConfigKeys (ConfUtils.java:logGet(43)) - raft.server.retrycache.expirytime = 600000ms (custom)
2019-09-25 12:05:34,493 [pool-449-thread-1] INFO  impl.RaftServerImpl (RaftServerImpl.java:start(185)) - aa2320bf-b2b0-4764-9bc5-2df8b93b85ea@group-A62D50D9174B: start as a follower, conf=-1: [aa2320bf-b2b0-4764-9bc5-2df8b93b85ea:192.168.151.73:39809], old=null
2019-09-25 12:05:34,493 [pool-449-thread-1] INFO  impl.RaftServerImpl (RaftServerImpl.java:setRole(174)) - aa2320bf-b2b0-4764-9bc5-2df8b93b85ea@group-A62D50D9174B: changes role from      null to FOLLOWER at term 0 for startAsFollower
2019-09-25 12:05:34,493 [pool-449-thread-1] INFO  impl.RoleInfo (RoleInfo.java:updateAndGet(143)) - aa2320bf-b2b0-4764-9bc5-2df8b93b85ea: start FollowerState
2019-09-25 12:05:34,493 [pool-449-thread-1] INFO  util.JmxRegister (JmxRegister.java:tryRegister(44)) - Successfully registered JMX Bean with object name Ratis:service=RaftServer,group=group-A62D50D9174B,id=aa2320bf-b2b0-4764-9bc5-2df8b93b85ea
2019-09-25 12:05:34,495 [RatisPipelineUtilsThread] INFO  pipeline.PipelineStateManager (PipelineStateManager.java:addPipeline(56)) - Created pipeline Pipeline[ Id: d23be601-ab10-42fd-8734-a62d50d9174b, Nodes: aa2320bf-b2b0-4764-9bc5-2df8b93b85ea{ip: 192.168.151.73, host: pr-hdds-1569-shd4m-3693607622, networkLocation: /default-rack, certSerialId: null}, Type:RATIS, Factor:ONE, State:OPEN]
2019-09-25 12:05:34,495 [RatisPipelineUtilsThread] INFO  pipeline.PipelinePlacementPolicy (PipelinePlacementPolicy.java:meetCriteria(91)) - Pipeline Placement: can't place more pipeline on heavy datanode： 1b5f48e1-875d-49d5-a3ca-2607cd8d3943 Heaviness: 6 limit: 5
2019-09-25 12:05:34,496 [RatisPipelineUtilsThread] INFO  pipeline.PipelinePlacementPolicy (PipelinePlacementPolicy.java:meetCriteria(91)) - Pipeline Placement: can't place more pipeline on heavy datanode： dd53ae84-fcc6-4953-b3df-628fab38f53c Heaviness: 6 limit: 5
2019-09-25 12:05:34,496 [RatisPipelineUtilsThread] INFO  pipeline.PipelinePlacementPolicy (PipelinePlacementPolicy.java:meetCriteria(91)) - Pipeline Placement: can't place more pipeline on heavy datanode： 4a53ed6f-dce3-4b1f-9e89-8e0e17f074cc Heaviness: 6 limit: 5
2019-09-25 12:05:34,499 [grpc-default-executor-2] INFO  impl.RaftServerProxy (RaftServerProxy.java:addNew(89)) - e20b9d38-a0cd-4cc2-b07d-99b310028cde: addNew group-4CB6A622FE84:[e20b9d38-a0cd-4cc2-b07d-99b310028cde:192.168.151.73:45208] returns group-4CB6A622FE84:java.util.concurrent.CompletableFuture@3e5402b[Not completed]
2019-09-25 12:05:34,500 [pool-459-thread-1] INFO  impl.RaftServerImpl (RaftServerImpl.java:<init>(95)) - e20b9d38-a0cd-4cc2-b07d-99b310028cde: new RaftServerImpl for group-4CB6A622FE84:[e20b9d38-a0cd-4cc2-b07d-99b310028cde:192.168.151.73:45208] with ContainerStateMachine:uninitialized
2019-09-25 12:05:34,500 [pool-459-thread-1] INFO  server.RaftServerConfigKeys (ConfUtils.java:logGet(43)) - raft.server.rpc.timeout.min = 5s (custom)
2019-09-25 12:05:34,500 [pool-459-thread-1] INFO  server.RaftServerConfigKeys (ConfUtils.java:logGet(43)) - raft.server.rpc.timeout.max = 5200ms (custom)
2019-09-25 12:05:34,500 [pool-459-thread-1] INFO  server.RaftServerConfigKeys (ConfUtils.java:logGet(43)) - raft.server.rpcslowness.timeout = 120s (custom)
2019-09-25 12:05:34,500 [pool-459-thread-1] INFO  server.RaftServerConfigKeys (ConfUtils.java:logGet(43)) - raft.server.sleep.deviation.threshold = 300 (default)
2019-09-25 12:05:34,501 [pool-459-thread-1] INFO  server.RaftServerConfigKeys (ConfUtils.java:logGet(43)) - raft.server.log.appender.install.snapshot.enabled = false (custom)
2019-09-25 12:05:34,501 [pool-459-thread-1] INFO  impl.RaftServerImpl (ServerState.java:<init>(103)) - e20b9d38-a0cd-4cc2-b07d-99b310028cde@group-4CB6A622FE84: ConfigurationManager, init=-1: [e20b9d38-a0cd-4cc2-b07d-99b310028cde:192.168.151.73:45208], old=null, confs=<EMPTY_MAP>
2019-09-25 12:05:34,501 [pool-459-thread-1] INFO  server.RaftServerConfigKeys (ConfUtils.java:logGet(43)) - raft.server.storage.dir = [/workdir/hadoop-ozone/integration-test/target/test-dir/MiniOzoneClusterImpl-0814cdd2-95b4-491b-95c0-a7203a111cc5/datanode-5/data/ratis] (custom)
2019-09-25 12:05:34,501 [pool-459-thread-1] INFO  storage.RaftStorageDirectory (RaftStorageDirectory.java:analyzeStorage(246)) - The storage directory /workdir/hadoop-ozone/integration-test/target/test-dir/MiniOzoneClusterImpl-0814cdd2-95b4-491b-95c0-a7203a111cc5/datanode-5/data/ratis/4f02b282-8ba4-4b4c-b95a-4cb6a622fe84 does not exist. Creating ...
2019-09-25 12:05:34,514 [pool-459-thread-1] INFO  storage.RaftStorageDirectory (RaftStorageDirectory.java:tryLock(328)) - Lock on /workdir/hadoop-ozone/integration-test/target/test-dir/MiniOzoneClusterImpl-0814cdd2-95b4-491b-95c0-a7203a111cc5/datanode-5/data/ratis/4f02b282-8ba4-4b4c-b95a-4cb6a622fe84/in_use.lock acquired by nodename 24979@pr-hdds-1569-shd4m-3693607622
2019-09-25 12:05:34,527 [pool-459-thread-1] INFO  storage.RaftStorage (RaftStorage.java:format(72)) - Storage directory /workdir/hadoop-ozone/integration-test/target/test-dir/MiniOzoneClusterImpl-0814cdd2-95b4-491b-95c0-a7203a111cc5/datanode-5/data/ratis/4f02b282-8ba4-4b4c-b95a-4cb6a622fe84 has been successfully formatted.
2019-09-25 12:05:34,527 [pool-459-thread-1] INFO  ratis.ContainerStateMachine (ContainerStateMachine.java:loadSnapshot(230)) - group-4CB6A622FE84: The snapshot info is null. Setting the last applied indexto:(t:0, i:~)
2019-09-25 12:05:34,527 [pool-459-thread-1] INFO  server.RaftServerConfigKeys (ConfUtils.java:logGet(43)) - raft.server.notification.no-leader.timeout = 120s (custom)
2019-09-25 12:05:34,527 [pool-459-thread-1] INFO  server.RaftServerConfigKeys (ConfUtils.java:logGet(43)) - raft.server.log.use.memory = false (default)
2019-09-25 12:05:34,527 [pool-459-thread-1] INFO  server.RaftServerConfigKeys (ConfUtils.java:logGet(43)) - raft.server.log.purge.gap = 1000000 (custom)
2019-09-25 12:05:34,527 [pool-459-thread-1] INFO  server.RaftServerConfigKeys (ConfUtils.java:logGet(43)) - raft.server.log.appender.buffer.byte-limit = 33554432 (custom)
2019-09-25 12:05:34,527 [pool-459-thread-1] INFO  server.RaftServerConfigKeys (ConfUtils.java:logGet(43)) - raft.server.log.segment.size.max = 1048576 (custom)
2019-09-25 12:05:34,527 [pool-459-thread-1] INFO  server.RaftServerConfigKeys (ConfUtils.java:logGet(43)) - raft.server.log.segment.cache.num.max = 2 (custom)
2019-09-25 12:05:34,528 [pool-459-thread-1] INFO  segmented.SegmentedRaftLogWorker (SegmentedRaftLogWorker.java:<init>(172)) - new e20b9d38-a0cd-4cc2-b07d-99b310028cde@group-4CB6A622FE84-SegmentedRaftLogWorker for RaftStorage:Storage Directory /workdir/hadoop-ozone/integration-test/target/test-dir/MiniOzoneClusterImpl-0814cdd2-95b4-491b-95c0-a7203a111cc5/datanode-5/data/ratis/4f02b282-8ba4-4b4c-b95a-4cb6a622fe84
2019-09-25 12:05:34,528 [pool-459-thread-1] INFO  server.RaftServerConfigKeys (ConfUtils.java:logGet(43)) - raft.server.log.queue.byte-limit = 2147483647 (custom)
2019-09-25 12:05:34,528 [pool-459-thread-1] INFO  server.RaftServerConfigKeys (ConfUtils.java:logGet(43)) - raft.server.log.queue.element-limit = 1024 (custom)
2019-09-25 12:05:34,528 [pool-459-thread-1] INFO  server.RaftServerConfigKeys (ConfUtils.java:logGet(43)) - raft.server.log.segment.size.max = 1048576 (custom)
2019-09-25 12:05:34,528 [pool-459-thread-1] INFO  server.RaftServerConfigKeys (ConfUtils.java:logGet(43)) - raft.server.log.preallocated.size = 16384 (custom)
2019-09-25 12:05:34,528 [pool-459-thread-1] INFO  server.RaftServerConfigKeys (ConfUtils.java:logGet(43)) - raft.server.log.write.buffer.size = 33554432 (custom)
2019-09-25 12:05:34,528 [pool-459-thread-1] INFO  server.RaftServerConfigKeys (ConfUtils.java:logGet(43)) - raft.server.log.force.sync.num = 128 (default)
2019-09-25 12:05:34,528 [pool-459-thread-1] INFO  server.RaftServerConfigKeys (ConfUtils.java:logGet(43)) - raft.server.log.statemachine.data.sync = true (default)
2019-09-25 12:05:34,529 [pool-459-thread-1] INFO  server.RaftServerConfigKeys (ConfUtils.java:logGet(43)) - raft.server.log.statemachine.data.sync.timeout = 10s (default)
2019-09-25 12:05:34,529 [pool-459-thread-1] INFO  server.RaftServerConfigKeys (ConfUtils.java:logGet(43)) - raft.server.log.statemachine.data.sync.timeout.retry = -1 (default)
2019-09-25 12:05:34,529 [pool-459-thread-1] INFO  server.RaftServerConfigKeys (ConfUtils.java:logGet(43)) - raft.server.log.statemachine.data.caching.enabled = true (custom)
2019-09-25 12:05:34,529 [pool-459-thread-1] INFO  segmented.SegmentedRaftLogWorker (SegmentedRaftLogWorker.java:lambda$new$0(132)) - e20b9d38-a0cd-4cc2-b07d-99b310028cde@group-4CB6A622FE84-SegmentedRaftLogWorker: flushIndex: setUnconditionally 0 -> -1
2019-09-25 12:05:34,529 [pool-459-thread-1] INFO  server.RaftServerConfigKeys (ConfUtils.java:logGet(43)) - raft.server.snapshot.auto.trigger.enabled = true (custom)
2019-09-25 12:05:34,529 [pool-459-thread-1] INFO  server.RaftServerConfigKeys (ConfUtils.java:logGet(43)) - raft.server.snapshot.auto.trigger.threshold = 10000 (custom)
2019-09-25 12:05:34,530 [pool-459-thread-1] INFO  server.RaftServerConfigKeys (ConfUtils.java:logGet(43)) - raft.server.snapshot.retention.num.files = 5 (custom)
2019-09-25 12:05:34,530 [pool-459-thread-1] INFO  server.RaftServerConfigKeys (ConfUtils.java:logGet(43)) - raft.server.retrycache.expirytime = 600000ms (custom)
2019-09-25 12:05:34,531 [pool-459-thread-1] INFO  impl.RaftServerImpl (RaftServerImpl.java:start(185)) - e20b9d38-a0cd-4cc2-b07d-99b310028cde@group-4CB6A622FE84: start as a follower, conf=-1: [e20b9d38-a0cd-4cc2-b07d-99b310028cde:192.168.151.73:45208], old=null
2019-09-25 12:05:34,531 [pool-459-thread-1] INFO  impl.RaftServerImpl (RaftServerImpl.java:setRole(174)) - e20b9d38-a0cd-4cc2-b07d-99b310028cde@group-4CB6A622FE84: changes role from      null to FOLLOWER at term 0 for startAsFollower
2019-09-25 12:05:34,531 [pool-459-thread-1] INFO  impl.RoleInfo (RoleInfo.java:updateAndGet(143)) - e20b9d38-a0cd-4cc2-b07d-99b310028cde: start FollowerState
2019-09-25 12:05:34,532 [pool-459-thread-1] INFO  util.JmxRegister (JmxRegister.java:tryRegister(44)) - Successfully registered JMX Bean with object name Ratis:service=RaftServer,group=group-4CB6A622FE84,id=e20b9d38-a0cd-4cc2-b07d-99b310028cde
2019-09-25 12:05:34,534 [RatisPipelineUtilsThread] INFO  pipeline.PipelineStateManager (PipelineStateManager.java:addPipeline(56)) - Created pipeline Pipeline[ Id: 4f02b282-8ba4-4b4c-b95a-4cb6a622fe84, Nodes: e20b9d38-a0cd-4cc2-b07d-99b310028cde{ip: 192.168.151.73, host: pr-hdds-1569-shd4m-3693607622, networkLocation: /default-rack, certSerialId: null}, Type:RATIS, Factor:ONE, State:OPEN]
2019-09-25 12:05:34,534 [RatisPipelineUtilsThread] INFO  pipeline.PipelinePlacementPolicy (PipelinePlacementPolicy.java:meetCriteria(91)) - Pipeline Placement: can't place more pipeline on heavy datanode： 1b5f48e1-875d-49d5-a3ca-2607cd8d3943 Heaviness: 6 limit: 5
2019-09-25 12:05:34,534 [RatisPipelineUtilsThread] INFO  pipeline.PipelinePlacementPolicy (PipelinePlacementPolicy.java:meetCriteria(91)) - Pipeline Placement: can't place more pipeline on heavy datanode： dd53ae84-fcc6-4953-b3df-628fab38f53c Heaviness: 6 limit: 5
2019-09-25 12:05:34,534 [RatisPipelineUtilsThread] INFO  pipeline.PipelinePlacementPolicy (PipelinePlacementPolicy.java:meetCriteria(91)) - Pipeline Placement: can't place more pipeline on heavy datanode： 4a53ed6f-dce3-4b1f-9e89-8e0e17f074cc Heaviness: 6 limit: 5
2019-09-25 12:05:34,538 [grpc-default-executor-2] INFO  impl.RaftServerProxy (RaftServerProxy.java:addNew(89)) - 29c22799-2be0-4ff1-960a-e2f5fb4c56d9: addNew group-F5FB9DACBD0A:[29c22799-2be0-4ff1-960a-e2f5fb4c56d9:192.168.151.73:46053] returns group-F5FB9DACBD0A:java.util.concurrent.CompletableFuture@48df30d5[Not completed]
2019-09-25 12:05:34,538 [pool-439-thread-1] INFO  impl.RaftServerImpl (RaftServerImpl.java:<init>(95)) - 29c22799-2be0-4ff1-960a-e2f5fb4c56d9: new RaftServerImpl for group-F5FB9DACBD0A:[29c22799-2be0-4ff1-960a-e2f5fb4c56d9:192.168.151.73:46053] with ContainerStateMachine:uninitialized
2019-09-25 12:05:34,538 [pool-439-thread-1] INFO  server.RaftServerConfigKeys (ConfUtils.java:logGet(43)) - raft.server.rpc.timeout.min = 5s (custom)
2019-09-25 12:05:34,538 [pool-439-thread-1] INFO  server.RaftServerConfigKeys (ConfUtils.java:logGet(43)) - raft.server.rpc.timeout.max = 5200ms (custom)
2019-09-25 12:05:34,539 [pool-439-thread-1] INFO  server.RaftServerConfigKeys (ConfUtils.java:logGet(43)) - raft.server.rpcslowness.timeout = 120s (custom)
2019-09-25 12:05:34,539 [pool-439-thread-1] INFO  server.RaftServerConfigKeys (ConfUtils.java:logGet(43)) - raft.server.sleep.deviation.threshold = 300 (default)
2019-09-25 12:05:34,539 [pool-439-thread-1] INFO  server.RaftServerConfigKeys (ConfUtils.java:logGet(43)) - raft.server.log.appender.install.snapshot.enabled = false (custom)
2019-09-25 12:05:34,539 [pool-439-thread-1] INFO  impl.RaftServerImpl (ServerState.java:<init>(103)) - 29c22799-2be0-4ff1-960a-e2f5fb4c56d9@group-F5FB9DACBD0A: ConfigurationManager, init=-1: [29c22799-2be0-4ff1-960a-e2f5fb4c56d9:192.168.151.73:46053], old=null, confs=<EMPTY_MAP>
2019-09-25 12:05:34,539 [pool-439-thread-1] INFO  server.RaftServerConfigKeys (ConfUtils.java:logGet(43)) - raft.server.storage.dir = [/workdir/hadoop-ozone/integration-test/target/test-dir/MiniOzoneClusterImpl-0814cdd2-95b4-491b-95c0-a7203a111cc5/datanode-3/data/ratis] (custom)
2019-09-25 12:05:34,539 [pool-439-thread-1] INFO  storage.RaftStorageDirectory (RaftStorageDirectory.java:analyzeStorage(246)) - The storage directory /workdir/hadoop-ozone/integration-test/target/test-dir/MiniOzoneClusterImpl-0814cdd2-95b4-491b-95c0-a7203a111cc5/datanode-3/data/ratis/91a42051-18e5-4041-9bdb-f5fb9dacbd0a does not exist. Creating ...
2019-09-25 12:05:34,552 [pool-439-thread-1] INFO  storage.RaftStorageDirectory (RaftStorageDirectory.java:tryLock(328)) - Lock on /workdir/hadoop-ozone/integration-test/target/test-dir/MiniOzoneClusterImpl-0814cdd2-95b4-491b-95c0-a7203a111cc5/datanode-3/data/ratis/91a42051-18e5-4041-9bdb-f5fb9dacbd0a/in_use.lock acquired by nodename 24979@pr-hdds-1569-shd4m-3693607622
2019-09-25 12:05:34,565 [pool-439-thread-1] INFO  storage.RaftStorage (RaftStorage.java:format(72)) - Storage directory /workdir/hadoop-ozone/integration-test/target/test-dir/MiniOzoneClusterImpl-0814cdd2-95b4-491b-95c0-a7203a111cc5/datanode-3/data/ratis/91a42051-18e5-4041-9bdb-f5fb9dacbd0a has been successfully formatted.
2019-09-25 12:05:34,565 [pool-439-thread-1] INFO  ratis.ContainerStateMachine (ContainerStateMachine.java:loadSnapshot(230)) - group-F5FB9DACBD0A: The snapshot info is null. Setting the last applied indexto:(t:0, i:~)
2019-09-25 12:05:34,565 [pool-439-thread-1] INFO  server.RaftServerConfigKeys (ConfUtils.java:logGet(43)) - raft.server.notification.no-leader.timeout = 120s (custom)
2019-09-25 12:05:34,565 [pool-439-thread-1] INFO  server.RaftServerConfigKeys (ConfUtils.java:logGet(43)) - raft.server.log.use.memory = false (default)
2019-09-25 12:05:34,565 [pool-439-thread-1] INFO  server.RaftServerConfigKeys (ConfUtils.java:logGet(43)) - raft.server.log.purge.gap = 1000000 (custom)
2019-09-25 12:05:34,566 [pool-439-thread-1] INFO  server.RaftServerConfigKeys (ConfUtils.java:logGet(43)) - raft.server.log.appender.buffer.byte-limit = 33554432 (custom)
2019-09-25 12:05:34,566 [pool-439-thread-1] INFO  server.RaftServerConfigKeys (ConfUtils.java:logGet(43)) - raft.server.log.segment.size.max = 1048576 (custom)
2019-09-25 12:05:34,566 [pool-439-thread-1] INFO  server.RaftServerConfigKeys (ConfUtils.java:logGet(43)) - raft.server.log.segment.cache.num.max = 2 (custom)
2019-09-25 12:05:34,566 [pool-439-thread-1] INFO  segmented.SegmentedRaftLogWorker (SegmentedRaftLogWorker.java:<init>(172)) - new 29c22799-2be0-4ff1-960a-e2f5fb4c56d9@group-F5FB9DACBD0A-SegmentedRaftLogWorker for RaftStorage:Storage Directory /workdir/hadoop-ozone/integration-test/target/test-dir/MiniOzoneClusterImpl-0814cdd2-95b4-491b-95c0-a7203a111cc5/datanode-3/data/ratis/91a42051-18e5-4041-9bdb-f5fb9dacbd0a
2019-09-25 12:05:34,566 [pool-439-thread-1] INFO  server.RaftServerConfigKeys (ConfUtils.java:logGet(43)) - raft.server.log.queue.byte-limit = 2147483647 (custom)
2019-09-25 12:05:34,566 [pool-439-thread-1] INFO  server.RaftServerConfigKeys (ConfUtils.java:logGet(43)) - raft.server.log.queue.element-limit = 1024 (custom)
2019-09-25 12:05:34,566 [pool-439-thread-1] INFO  server.RaftServerConfigKeys (ConfUtils.java:logGet(43)) - raft.server.log.segment.size.max = 1048576 (custom)
2019-09-25 12:05:34,566 [pool-439-thread-1] INFO  server.RaftServerConfigKeys (ConfUtils.java:logGet(43)) - raft.server.log.preallocated.size = 16384 (custom)
2019-09-25 12:05:34,567 [pool-439-thread-1] INFO  server.RaftServerConfigKeys (ConfUtils.java:logGet(43)) - raft.server.log.write.buffer.size = 33554432 (custom)
2019-09-25 12:05:34,567 [pool-439-thread-1] INFO  server.RaftServerConfigKeys (ConfUtils.java:logGet(43)) - raft.server.log.force.sync.num = 128 (default)
2019-09-25 12:05:34,567 [pool-439-thread-1] INFO  server.RaftServerConfigKeys (ConfUtils.java:logGet(43)) - raft.server.log.statemachine.data.sync = true (default)
2019-09-25 12:05:34,567 [pool-439-thread-1] INFO  server.RaftServerConfigKeys (ConfUtils.java:logGet(43)) - raft.server.log.statemachine.data.sync.timeout = 10s (default)
2019-09-25 12:05:34,567 [pool-439-thread-1] INFO  server.RaftServerConfigKeys (ConfUtils.java:logGet(43)) - raft.server.log.statemachine.data.sync.timeout.retry = -1 (default)
2019-09-25 12:05:34,567 [pool-439-thread-1] INFO  server.RaftServerConfigKeys (ConfUtils.java:logGet(43)) - raft.server.log.statemachine.data.caching.enabled = true (custom)
2019-09-25 12:05:34,567 [pool-439-thread-1] INFO  segmented.SegmentedRaftLogWorker (SegmentedRaftLogWorker.java:lambda$new$0(132)) - 29c22799-2be0-4ff1-960a-e2f5fb4c56d9@group-F5FB9DACBD0A-SegmentedRaftLogWorker: flushIndex: setUnconditionally 0 -> -1
2019-09-25 12:05:34,568 [pool-439-thread-1] INFO  server.RaftServerConfigKeys (ConfUtils.java:logGet(43)) - raft.server.snapshot.auto.trigger.enabled = true (custom)
2019-09-25 12:05:34,568 [pool-439-thread-1] INFO  server.RaftServerConfigKeys (ConfUtils.java:logGet(43)) - raft.server.snapshot.auto.trigger.threshold = 10000 (custom)
2019-09-25 12:05:34,568 [pool-439-thread-1] INFO  server.RaftServerConfigKeys (ConfUtils.java:logGet(43)) - raft.server.snapshot.retention.num.files = 5 (custom)
2019-09-25 12:05:34,568 [pool-439-thread-1] INFO  server.RaftServerConfigKeys (ConfUtils.java:logGet(43)) - raft.server.retrycache.expirytime = 600000ms (custom)
2019-09-25 12:05:34,569 [pool-439-thread-1] INFO  impl.RaftServerImpl (RaftServerImpl.java:start(185)) - 29c22799-2be0-4ff1-960a-e2f5fb4c56d9@group-F5FB9DACBD0A: start as a follower, conf=-1: [29c22799-2be0-4ff1-960a-e2f5fb4c56d9:192.168.151.73:46053], old=null
2019-09-25 12:05:34,570 [pool-439-thread-1] INFO  impl.RaftServerImpl (RaftServerImpl.java:setRole(174)) - 29c22799-2be0-4ff1-960a-e2f5fb4c56d9@group-F5FB9DACBD0A: changes role from      null to FOLLOWER at term 0 for startAsFollower
2019-09-25 12:05:34,570 [pool-439-thread-1] INFO  impl.RoleInfo (RoleInfo.java:updateAndGet(143)) - 29c22799-2be0-4ff1-960a-e2f5fb4c56d9: start FollowerState
2019-09-25 12:05:34,570 [pool-439-thread-1] INFO  util.JmxRegister (JmxRegister.java:tryRegister(44)) - Successfully registered JMX Bean with object name Ratis:service=RaftServer,group=group-F5FB9DACBD0A,id=29c22799-2be0-4ff1-960a-e2f5fb4c56d9
2019-09-25 12:05:34,572 [RatisPipelineUtilsThread] INFO  pipeline.PipelineStateManager (PipelineStateManager.java:addPipeline(56)) - Created pipeline Pipeline[ Id: 91a42051-18e5-4041-9bdb-f5fb9dacbd0a, Nodes: 29c22799-2be0-4ff1-960a-e2f5fb4c56d9{ip: 192.168.151.73, host: pr-hdds-1569-shd4m-3693607622, networkLocation: /default-rack, certSerialId: null}, Type:RATIS, Factor:ONE, State:OPEN]
2019-09-25 12:05:34,573 [RatisPipelineUtilsThread] INFO  pipeline.PipelinePlacementPolicy (PipelinePlacementPolicy.java:meetCriteria(91)) - Pipeline Placement: can't place more pipeline on heavy datanode： 1b5f48e1-875d-49d5-a3ca-2607cd8d3943 Heaviness: 6 limit: 5
2019-09-25 12:05:34,573 [RatisPipelineUtilsThread] INFO  pipeline.PipelinePlacementPolicy (PipelinePlacementPolicy.java:meetCriteria(91)) - Pipeline Placement: can't place more pipeline on heavy datanode： dd53ae84-fcc6-4953-b3df-628fab38f53c Heaviness: 6 limit: 5
2019-09-25 12:05:34,573 [RatisPipelineUtilsThread] INFO  pipeline.PipelinePlacementPolicy (PipelinePlacementPolicy.java:meetCriteria(91)) - Pipeline Placement: can't place more pipeline on heavy datanode： 4a53ed6f-dce3-4b1f-9e89-8e0e17f074cc Heaviness: 6 limit: 5
2019-09-25 12:05:34,576 [grpc-default-executor-2] INFO  impl.RaftServerProxy (RaftServerProxy.java:addNew(89)) - e20b9d38-a0cd-4cc2-b07d-99b310028cde: addNew group-90B47A199028:[e20b9d38-a0cd-4cc2-b07d-99b310028cde:192.168.151.73:45208] returns group-90B47A199028:java.util.concurrent.CompletableFuture@405e0d0[Not completed]
2019-09-25 12:05:34,577 [pool-459-thread-1] INFO  impl.RaftServerImpl (RaftServerImpl.java:<init>(95)) - e20b9d38-a0cd-4cc2-b07d-99b310028cde: new RaftServerImpl for group-90B47A199028:[e20b9d38-a0cd-4cc2-b07d-99b310028cde:192.168.151.73:45208] with ContainerStateMachine:uninitialized
2019-09-25 12:05:34,577 [pool-459-thread-1] INFO  server.RaftServerConfigKeys (ConfUtils.java:logGet(43)) - raft.server.rpc.timeout.min = 5s (custom)
2019-09-25 12:05:34,577 [pool-459-thread-1] INFO  server.RaftServerConfigKeys (ConfUtils.java:logGet(43)) - raft.server.rpc.timeout.max = 5200ms (custom)
2019-09-25 12:05:34,577 [pool-459-thread-1] INFO  server.RaftServerConfigKeys (ConfUtils.java:logGet(43)) - raft.server.rpcslowness.timeout = 120s (custom)
2019-09-25 12:05:34,577 [pool-459-thread-1] INFO  server.RaftServerConfigKeys (ConfUtils.java:logGet(43)) - raft.server.sleep.deviation.threshold = 300 (default)
2019-09-25 12:05:34,577 [pool-459-thread-1] INFO  server.RaftServerConfigKeys (ConfUtils.java:logGet(43)) - raft.server.log.appender.install.snapshot.enabled = false (custom)
2019-09-25 12:05:34,577 [pool-459-thread-1] INFO  impl.RaftServerImpl (ServerState.java:<init>(103)) - e20b9d38-a0cd-4cc2-b07d-99b310028cde@group-90B47A199028: ConfigurationManager, init=-1: [e20b9d38-a0cd-4cc2-b07d-99b310028cde:192.168.151.73:45208], old=null, confs=<EMPTY_MAP>
2019-09-25 12:05:34,577 [pool-459-thread-1] INFO  server.RaftServerConfigKeys (ConfUtils.java:logGet(43)) - raft.server.storage.dir = [/workdir/hadoop-ozone/integration-test/target/test-dir/MiniOzoneClusterImpl-0814cdd2-95b4-491b-95c0-a7203a111cc5/datanode-5/data/ratis] (custom)
2019-09-25 12:05:34,578 [pool-459-thread-1] INFO  storage.RaftStorageDirectory (RaftStorageDirectory.java:analyzeStorage(246)) - The storage directory /workdir/hadoop-ozone/integration-test/target/test-dir/MiniOzoneClusterImpl-0814cdd2-95b4-491b-95c0-a7203a111cc5/datanode-5/data/ratis/10095e5f-2a2b-4dcc-93fb-90b47a199028 does not exist. Creating ...
2019-09-25 12:05:34,590 [pool-459-thread-1] INFO  storage.RaftStorageDirectory (RaftStorageDirectory.java:tryLock(328)) - Lock on /workdir/hadoop-ozone/integration-test/target/test-dir/MiniOzoneClusterImpl-0814cdd2-95b4-491b-95c0-a7203a111cc5/datanode-5/data/ratis/10095e5f-2a2b-4dcc-93fb-90b47a199028/in_use.lock acquired by nodename 24979@pr-hdds-1569-shd4m-3693607622
2019-09-25 12:05:34,603 [pool-459-thread-1] INFO  storage.RaftStorage (RaftStorage.java:format(72)) - Storage directory /workdir/hadoop-ozone/integration-test/target/test-dir/MiniOzoneClusterImpl-0814cdd2-95b4-491b-95c0-a7203a111cc5/datanode-5/data/ratis/10095e5f-2a2b-4dcc-93fb-90b47a199028 has been successfully formatted.
2019-09-25 12:05:34,603 [pool-459-thread-1] INFO  ratis.ContainerStateMachine (ContainerStateMachine.java:loadSnapshot(230)) - group-90B47A199028: The snapshot info is null. Setting the last applied indexto:(t:0, i:~)
2019-09-25 12:05:34,603 [pool-459-thread-1] INFO  server.RaftServerConfigKeys (ConfUtils.java:logGet(43)) - raft.server.notification.no-leader.timeout = 120s (custom)
2019-09-25 12:05:34,603 [pool-459-thread-1] INFO  server.RaftServerConfigKeys (ConfUtils.java:logGet(43)) - raft.server.log.use.memory = false (default)
2019-09-25 12:05:34,603 [pool-459-thread-1] INFO  server.RaftServerConfigKeys (ConfUtils.java:logGet(43)) - raft.server.log.purge.gap = 1000000 (custom)
2019-09-25 12:05:34,603 [pool-459-thread-1] INFO  server.RaftServerConfigKeys (ConfUtils.java:logGet(43)) - raft.server.log.appender.buffer.byte-limit = 33554432 (custom)
2019-09-25 12:05:34,604 [pool-459-thread-1] INFO  server.RaftServerConfigKeys (ConfUtils.java:logGet(43)) - raft.server.log.segment.size.max = 1048576 (custom)
2019-09-25 12:05:34,604 [pool-459-thread-1] INFO  server.RaftServerConfigKeys (ConfUtils.java:logGet(43)) - raft.server.log.segment.cache.num.max = 2 (custom)
2019-09-25 12:05:34,604 [pool-459-thread-1] INFO  segmented.SegmentedRaftLogWorker (SegmentedRaftLogWorker.java:<init>(172)) - new e20b9d38-a0cd-4cc2-b07d-99b310028cde@group-90B47A199028-SegmentedRaftLogWorker for RaftStorage:Storage Directory /workdir/hadoop-ozone/integration-test/target/test-dir/MiniOzoneClusterImpl-0814cdd2-95b4-491b-95c0-a7203a111cc5/datanode-5/data/ratis/10095e5f-2a2b-4dcc-93fb-90b47a199028
2019-09-25 12:05:34,604 [pool-459-thread-1] INFO  server.RaftServerConfigKeys (ConfUtils.java:logGet(43)) - raft.server.log.queue.byte-limit = 2147483647 (custom)
2019-09-25 12:05:34,604 [pool-459-thread-1] INFO  server.RaftServerConfigKeys (ConfUtils.java:logGet(43)) - raft.server.log.queue.element-limit = 1024 (custom)
2019-09-25 12:05:34,604 [pool-459-thread-1] INFO  server.RaftServerConfigKeys (ConfUtils.java:logGet(43)) - raft.server.log.segment.size.max = 1048576 (custom)
2019-09-25 12:05:34,604 [pool-459-thread-1] INFO  server.RaftServerConfigKeys (ConfUtils.java:logGet(43)) - raft.server.log.preallocated.size = 16384 (custom)
2019-09-25 12:05:34,604 [pool-459-thread-1] INFO  server.RaftServerConfigKeys (ConfUtils.java:logGet(43)) - raft.server.log.write.buffer.size = 33554432 (custom)
2019-09-25 12:05:34,604 [pool-459-thread-1] INFO  server.RaftServerConfigKeys (ConfUtils.java:logGet(43)) - raft.server.log.force.sync.num = 128 (default)
2019-09-25 12:05:34,604 [pool-459-thread-1] INFO  server.RaftServerConfigKeys (ConfUtils.java:logGet(43)) - raft.server.log.statemachine.data.sync = true (default)
2019-09-25 12:05:34,604 [pool-459-thread-1] INFO  server.RaftServerConfigKeys (ConfUtils.java:logGet(43)) - raft.server.log.statemachine.data.sync.timeout = 10s (default)
2019-09-25 12:05:34,604 [pool-459-thread-1] INFO  server.RaftServerConfigKeys (ConfUtils.java:logGet(43)) - raft.server.log.statemachine.data.sync.timeout.retry = -1 (default)
2019-09-25 12:05:34,604 [pool-459-thread-1] INFO  server.RaftServerConfigKeys (ConfUtils.java:logGet(43)) - raft.server.log.statemachine.data.caching.enabled = true (custom)
2019-09-25 12:05:34,605 [pool-459-thread-1] INFO  segmented.SegmentedRaftLogWorker (SegmentedRaftLogWorker.java:lambda$new$0(132)) - e20b9d38-a0cd-4cc2-b07d-99b310028cde@group-90B47A199028-SegmentedRaftLogWorker: flushIndex: setUnconditionally 0 -> -1
2019-09-25 12:05:34,605 [pool-459-thread-1] INFO  server.RaftServerConfigKeys (ConfUtils.java:logGet(43)) - raft.server.snapshot.auto.trigger.enabled = true (custom)
2019-09-25 12:05:34,605 [pool-459-thread-1] INFO  server.RaftServerConfigKeys (ConfUtils.java:logGet(43)) - raft.server.snapshot.auto.trigger.threshold = 10000 (custom)
2019-09-25 12:05:34,605 [pool-459-thread-1] INFO  server.RaftServerConfigKeys (ConfUtils.java:logGet(43)) - raft.server.snapshot.retention.num.files = 5 (custom)
2019-09-25 12:05:34,605 [pool-459-thread-1] INFO  server.RaftServerConfigKeys (ConfUtils.java:logGet(43)) - raft.server.retrycache.expirytime = 600000ms (custom)
2019-09-25 12:05:34,606 [pool-459-thread-1] INFO  impl.RaftServerImpl (RaftServerImpl.java:start(185)) - e20b9d38-a0cd-4cc2-b07d-99b310028cde@group-90B47A199028: start as a follower, conf=-1: [e20b9d38-a0cd-4cc2-b07d-99b310028cde:192.168.151.73:45208], old=null
2019-09-25 12:05:34,606 [pool-459-thread-1] INFO  impl.RaftServerImpl (RaftServerImpl.java:setRole(174)) - e20b9d38-a0cd-4cc2-b07d-99b310028cde@group-90B47A199028: changes role from      null to FOLLOWER at term 0 for startAsFollower
2019-09-25 12:05:34,606 [pool-459-thread-1] INFO  impl.RoleInfo (RoleInfo.java:updateAndGet(143)) - e20b9d38-a0cd-4cc2-b07d-99b310028cde: start FollowerState
2019-09-25 12:05:34,606 [pool-459-thread-1] INFO  util.JmxRegister (JmxRegister.java:tryRegister(44)) - Successfully registered JMX Bean with object name Ratis:service=RaftServer,group=group-90B47A199028,id=e20b9d38-a0cd-4cc2-b07d-99b310028cde
2019-09-25 12:05:34,608 [RatisPipelineUtilsThread] INFO  pipeline.PipelineStateManager (PipelineStateManager.java:addPipeline(56)) - Created pipeline Pipeline[ Id: 10095e5f-2a2b-4dcc-93fb-90b47a199028, Nodes: e20b9d38-a0cd-4cc2-b07d-99b310028cde{ip: 192.168.151.73, host: pr-hdds-1569-shd4m-3693607622, networkLocation: /default-rack, certSerialId: null}, Type:RATIS, Factor:ONE, State:OPEN]
2019-09-25 12:05:34,608 [RatisPipelineUtilsThread] INFO  pipeline.PipelinePlacementPolicy (PipelinePlacementPolicy.java:meetCriteria(91)) - Pipeline Placement: can't place more pipeline on heavy datanode： 1b5f48e1-875d-49d5-a3ca-2607cd8d3943 Heaviness: 6 limit: 5
2019-09-25 12:05:34,608 [RatisPipelineUtilsThread] INFO  pipeline.PipelinePlacementPolicy (PipelinePlacementPolicy.java:meetCriteria(91)) - Pipeline Placement: can't place more pipeline on heavy datanode： dd53ae84-fcc6-4953-b3df-628fab38f53c Heaviness: 6 limit: 5
2019-09-25 12:05:34,609 [RatisPipelineUtilsThread] INFO  pipeline.PipelinePlacementPolicy (PipelinePlacementPolicy.java:meetCriteria(91)) - Pipeline Placement: can't place more pipeline on heavy datanode： 4a53ed6f-dce3-4b1f-9e89-8e0e17f074cc Heaviness: 6 limit: 5
2019-09-25 12:05:34,611 [grpc-default-executor-2] INFO  impl.RaftServerProxy (RaftServerProxy.java:addNew(89)) - e20b9d38-a0cd-4cc2-b07d-99b310028cde: addNew group-E91693ACC2EB:[e20b9d38-a0cd-4cc2-b07d-99b310028cde:192.168.151.73:45208] returns group-E91693ACC2EB:java.util.concurrent.CompletableFuture@1992aa07[Not completed]
2019-09-25 12:05:34,612 [pool-459-thread-1] INFO  impl.RaftServerImpl (RaftServerImpl.java:<init>(95)) - e20b9d38-a0cd-4cc2-b07d-99b310028cde: new RaftServerImpl for group-E91693ACC2EB:[e20b9d38-a0cd-4cc2-b07d-99b310028cde:192.168.151.73:45208] with ContainerStateMachine:uninitialized
2019-09-25 12:05:34,612 [pool-459-thread-1] INFO  server.RaftServerConfigKeys (ConfUtils.java:logGet(43)) - raft.server.rpc.timeout.min = 5s (custom)
2019-09-25 12:05:34,612 [pool-459-thread-1] INFO  server.RaftServerConfigKeys (ConfUtils.java:logGet(43)) - raft.server.rpc.timeout.max = 5200ms (custom)
2019-09-25 12:05:34,612 [pool-459-thread-1] INFO  server.RaftServerConfigKeys (ConfUtils.java:logGet(43)) - raft.server.rpcslowness.timeout = 120s (custom)
2019-09-25 12:05:34,612 [pool-459-thread-1] INFO  server.RaftServerConfigKeys (ConfUtils.java:logGet(43)) - raft.server.sleep.deviation.threshold = 300 (default)
2019-09-25 12:05:34,612 [pool-459-thread-1] INFO  server.RaftServerConfigKeys (ConfUtils.java:logGet(43)) - raft.server.log.appender.install.snapshot.enabled = false (custom)
2019-09-25 12:05:34,612 [pool-459-thread-1] INFO  impl.RaftServerImpl (ServerState.java:<init>(103)) - e20b9d38-a0cd-4cc2-b07d-99b310028cde@group-E91693ACC2EB: ConfigurationManager, init=-1: [e20b9d38-a0cd-4cc2-b07d-99b310028cde:192.168.151.73:45208], old=null, confs=<EMPTY_MAP>
2019-09-25 12:05:34,612 [pool-459-thread-1] INFO  server.RaftServerConfigKeys (ConfUtils.java:logGet(43)) - raft.server.storage.dir = [/workdir/hadoop-ozone/integration-test/target/test-dir/MiniOzoneClusterImpl-0814cdd2-95b4-491b-95c0-a7203a111cc5/datanode-5/data/ratis] (custom)
2019-09-25 12:05:34,612 [pool-459-thread-1] INFO  storage.RaftStorageDirectory (RaftStorageDirectory.java:analyzeStorage(246)) - The storage directory /workdir/hadoop-ozone/integration-test/target/test-dir/MiniOzoneClusterImpl-0814cdd2-95b4-491b-95c0-a7203a111cc5/datanode-5/data/ratis/55ea7fd9-717f-4f6b-9e5e-e91693acc2eb does not exist. Creating ...
2019-09-25 12:05:34,625 [pool-459-thread-1] INFO  storage.RaftStorageDirectory (RaftStorageDirectory.java:tryLock(328)) - Lock on /workdir/hadoop-ozone/integration-test/target/test-dir/MiniOzoneClusterImpl-0814cdd2-95b4-491b-95c0-a7203a111cc5/datanode-5/data/ratis/55ea7fd9-717f-4f6b-9e5e-e91693acc2eb/in_use.lock acquired by nodename 24979@pr-hdds-1569-shd4m-3693607622
2019-09-25 12:05:34,637 [pool-459-thread-1] INFO  storage.RaftStorage (RaftStorage.java:format(72)) - Storage directory /workdir/hadoop-ozone/integration-test/target/test-dir/MiniOzoneClusterImpl-0814cdd2-95b4-491b-95c0-a7203a111cc5/datanode-5/data/ratis/55ea7fd9-717f-4f6b-9e5e-e91693acc2eb has been successfully formatted.
2019-09-25 12:05:34,637 [pool-459-thread-1] INFO  ratis.ContainerStateMachine (ContainerStateMachine.java:loadSnapshot(230)) - group-E91693ACC2EB: The snapshot info is null. Setting the last applied indexto:(t:0, i:~)
2019-09-25 12:05:34,638 [pool-459-thread-1] INFO  server.RaftServerConfigKeys (ConfUtils.java:logGet(43)) - raft.server.notification.no-leader.timeout = 120s (custom)
2019-09-25 12:05:34,638 [pool-459-thread-1] INFO  server.RaftServerConfigKeys (ConfUtils.java:logGet(43)) - raft.server.log.use.memory = false (default)
2019-09-25 12:05:34,638 [pool-459-thread-1] INFO  server.RaftServerConfigKeys (ConfUtils.java:logGet(43)) - raft.server.log.purge.gap = 1000000 (custom)
2019-09-25 12:05:34,638 [pool-459-thread-1] INFO  server.RaftServerConfigKeys (ConfUtils.java:logGet(43)) - raft.server.log.appender.buffer.byte-limit = 33554432 (custom)
2019-09-25 12:05:34,638 [pool-459-thread-1] INFO  server.RaftServerConfigKeys (ConfUtils.java:logGet(43)) - raft.server.log.segment.size.max = 1048576 (custom)
2019-09-25 12:05:34,638 [pool-459-thread-1] INFO  server.RaftServerConfigKeys (ConfUtils.java:logGet(43)) - raft.server.log.segment.cache.num.max = 2 (custom)
2019-09-25 12:05:34,638 [pool-459-thread-1] INFO  segmented.SegmentedRaftLogWorker (SegmentedRaftLogWorker.java:<init>(172)) - new e20b9d38-a0cd-4cc2-b07d-99b310028cde@group-E91693ACC2EB-SegmentedRaftLogWorker for RaftStorage:Storage Directory /workdir/hadoop-ozone/integration-test/target/test-dir/MiniOzoneClusterImpl-0814cdd2-95b4-491b-95c0-a7203a111cc5/datanode-5/data/ratis/55ea7fd9-717f-4f6b-9e5e-e91693acc2eb
2019-09-25 12:05:34,638 [pool-459-thread-1] INFO  server.RaftServerConfigKeys (ConfUtils.java:logGet(43)) - raft.server.log.queue.byte-limit = 2147483647 (custom)
2019-09-25 12:05:34,638 [pool-459-thread-1] INFO  server.RaftServerConfigKeys (ConfUtils.java:logGet(43)) - raft.server.log.queue.element-limit = 1024 (custom)
2019-09-25 12:05:34,638 [pool-459-thread-1] INFO  server.RaftServerConfigKeys (ConfUtils.java:logGet(43)) - raft.server.log.segment.size.max = 1048576 (custom)
2019-09-25 12:05:34,638 [pool-459-thread-1] INFO  server.RaftServerConfigKeys (ConfUtils.java:logGet(43)) - raft.server.log.preallocated.size = 16384 (custom)
2019-09-25 12:05:34,638 [pool-459-thread-1] INFO  server.RaftServerConfigKeys (ConfUtils.java:logGet(43)) - raft.server.log.write.buffer.size = 33554432 (custom)
2019-09-25 12:05:34,638 [pool-459-thread-1] INFO  server.RaftServerConfigKeys (ConfUtils.java:logGet(43)) - raft.server.log.force.sync.num = 128 (default)
2019-09-25 12:05:34,638 [pool-459-thread-1] INFO  server.RaftServerConfigKeys (ConfUtils.java:logGet(43)) - raft.server.log.statemachine.data.sync = true (default)
2019-09-25 12:05:34,639 [pool-459-thread-1] INFO  server.RaftServerConfigKeys (ConfUtils.java:logGet(43)) - raft.server.log.statemachine.data.sync.timeout = 10s (default)
2019-09-25 12:05:34,639 [pool-459-thread-1] INFO  server.RaftServerConfigKeys (ConfUtils.java:logGet(43)) - raft.server.log.statemachine.data.sync.timeout.retry = -1 (default)
2019-09-25 12:05:34,639 [pool-459-thread-1] INFO  server.RaftServerConfigKeys (ConfUtils.java:logGet(43)) - raft.server.log.statemachine.data.caching.enabled = true (custom)
2019-09-25 12:05:34,639 [pool-459-thread-1] INFO  segmented.SegmentedRaftLogWorker (SegmentedRaftLogWorker.java:lambda$new$0(132)) - e20b9d38-a0cd-4cc2-b07d-99b310028cde@group-E91693ACC2EB-SegmentedRaftLogWorker: flushIndex: setUnconditionally 0 -> -1
2019-09-25 12:05:34,639 [pool-459-thread-1] INFO  server.RaftServerConfigKeys (ConfUtils.java:logGet(43)) - raft.server.snapshot.auto.trigger.enabled = true (custom)
2019-09-25 12:05:34,639 [pool-459-thread-1] INFO  server.RaftServerConfigKeys (ConfUtils.java:logGet(43)) - raft.server.snapshot.auto.trigger.threshold = 10000 (custom)
2019-09-25 12:05:34,639 [pool-459-thread-1] INFO  server.RaftServerConfigKeys (ConfUtils.java:logGet(43)) - raft.server.snapshot.retention.num.files = 5 (custom)
2019-09-25 12:05:34,639 [pool-459-thread-1] INFO  server.RaftServerConfigKeys (ConfUtils.java:logGet(43)) - raft.server.retrycache.expirytime = 600000ms (custom)
2019-09-25 12:05:34,640 [pool-459-thread-1] INFO  impl.RaftServerImpl (RaftServerImpl.java:start(185)) - e20b9d38-a0cd-4cc2-b07d-99b310028cde@group-E91693ACC2EB: start as a follower, conf=-1: [e20b9d38-a0cd-4cc2-b07d-99b310028cde:192.168.151.73:45208], old=null
2019-09-25 12:05:34,640 [pool-459-thread-1] INFO  impl.RaftServerImpl (RaftServerImpl.java:setRole(174)) - e20b9d38-a0cd-4cc2-b07d-99b310028cde@group-E91693ACC2EB: changes role from      null to FOLLOWER at term 0 for startAsFollower
2019-09-25 12:05:34,640 [pool-459-thread-1] INFO  impl.RoleInfo (RoleInfo.java:updateAndGet(143)) - e20b9d38-a0cd-4cc2-b07d-99b310028cde: start FollowerState
2019-09-25 12:05:34,640 [pool-459-thread-1] INFO  util.JmxRegister (JmxRegister.java:tryRegister(44)) - Successfully registered JMX Bean with object name Ratis:service=RaftServer,group=group-E91693ACC2EB,id=e20b9d38-a0cd-4cc2-b07d-99b310028cde
2019-09-25 12:05:34,642 [RatisPipelineUtilsThread] INFO  pipeline.PipelineStateManager (PipelineStateManager.java:addPipeline(56)) - Created pipeline Pipeline[ Id: 55ea7fd9-717f-4f6b-9e5e-e91693acc2eb, Nodes: e20b9d38-a0cd-4cc2-b07d-99b310028cde{ip: 192.168.151.73, host: pr-hdds-1569-shd4m-3693607622, networkLocation: /default-rack, certSerialId: null}, Type:RATIS, Factor:ONE, State:OPEN]
2019-09-25 12:05:34,642 [RatisPipelineUtilsThread] INFO  pipeline.PipelinePlacementPolicy (PipelinePlacementPolicy.java:meetCriteria(91)) - Pipeline Placement: can't place more pipeline on heavy datanode： 1b5f48e1-875d-49d5-a3ca-2607cd8d3943 Heaviness: 6 limit: 5
2019-09-25 12:05:34,642 [RatisPipelineUtilsThread] INFO  pipeline.PipelinePlacementPolicy (PipelinePlacementPolicy.java:meetCriteria(91)) - Pipeline Placement: can't place more pipeline on heavy datanode： dd53ae84-fcc6-4953-b3df-628fab38f53c Heaviness: 6 limit: 5
2019-09-25 12:05:34,643 [RatisPipelineUtilsThread] INFO  pipeline.PipelinePlacementPolicy (PipelinePlacementPolicy.java:meetCriteria(91)) - Pipeline Placement: can't place more pipeline on heavy datanode： 4a53ed6f-dce3-4b1f-9e89-8e0e17f074cc Heaviness: 6 limit: 5
2019-09-25 12:05:34,643 [RatisPipelineUtilsThread] INFO  pipeline.PipelinePlacementPolicy (PipelinePlacementPolicy.java:meetCriteria(91)) - Pipeline Placement: can't place more pipeline on heavy datanode： e20b9d38-a0cd-4cc2-b07d-99b310028cde Heaviness: 6 limit: 5
2019-09-25 12:05:34,645 [grpc-default-executor-2] INFO  impl.RaftServerProxy (RaftServerProxy.java:addNew(89)) - 29c22799-2be0-4ff1-960a-e2f5fb4c56d9: addNew group-7EB7F035A074:[29c22799-2be0-4ff1-960a-e2f5fb4c56d9:192.168.151.73:46053] returns group-7EB7F035A074:java.util.concurrent.CompletableFuture@5fd50f09[Not completed]
2019-09-25 12:05:34,646 [pool-439-thread-1] INFO  impl.RaftServerImpl (RaftServerImpl.java:<init>(95)) - 29c22799-2be0-4ff1-960a-e2f5fb4c56d9: new RaftServerImpl for group-7EB7F035A074:[29c22799-2be0-4ff1-960a-e2f5fb4c56d9:192.168.151.73:46053] with ContainerStateMachine:uninitialized
2019-09-25 12:05:34,647 [pool-439-thread-1] INFO  server.RaftServerConfigKeys (ConfUtils.java:logGet(43)) - raft.server.rpc.timeout.min = 5s (custom)
2019-09-25 12:05:34,647 [pool-439-thread-1] INFO  server.RaftServerConfigKeys (ConfUtils.java:logGet(43)) - raft.server.rpc.timeout.max = 5200ms (custom)
2019-09-25 12:05:34,647 [pool-439-thread-1] INFO  server.RaftServerConfigKeys (ConfUtils.java:logGet(43)) - raft.server.rpcslowness.timeout = 120s (custom)
2019-09-25 12:05:34,647 [pool-439-thread-1] INFO  server.RaftServerConfigKeys (ConfUtils.java:logGet(43)) - raft.server.sleep.deviation.threshold = 300 (default)
2019-09-25 12:05:34,647 [pool-439-thread-1] INFO  server.RaftServerConfigKeys (ConfUtils.java:logGet(43)) - raft.server.log.appender.install.snapshot.enabled = false (custom)
2019-09-25 12:05:34,647 [pool-439-thread-1] INFO  impl.RaftServerImpl (ServerState.java:<init>(103)) - 29c22799-2be0-4ff1-960a-e2f5fb4c56d9@group-7EB7F035A074: ConfigurationManager, init=-1: [29c22799-2be0-4ff1-960a-e2f5fb4c56d9:192.168.151.73:46053], old=null, confs=<EMPTY_MAP>
2019-09-25 12:05:34,647 [pool-439-thread-1] INFO  server.RaftServerConfigKeys (ConfUtils.java:logGet(43)) - raft.server.storage.dir = [/workdir/hadoop-ozone/integration-test/target/test-dir/MiniOzoneClusterImpl-0814cdd2-95b4-491b-95c0-a7203a111cc5/datanode-3/data/ratis] (custom)
2019-09-25 12:05:34,648 [pool-439-thread-1] INFO  storage.RaftStorageDirectory (RaftStorageDirectory.java:analyzeStorage(246)) - The storage directory /workdir/hadoop-ozone/integration-test/target/test-dir/MiniOzoneClusterImpl-0814cdd2-95b4-491b-95c0-a7203a111cc5/datanode-3/data/ratis/5711c404-3f06-43cd-aabe-7eb7f035a074 does not exist. Creating ...
2019-09-25 12:05:34,676 [pool-439-thread-1] INFO  storage.RaftStorageDirectory (RaftStorageDirectory.java:tryLock(328)) - Lock on /workdir/hadoop-ozone/integration-test/target/test-dir/MiniOzoneClusterImpl-0814cdd2-95b4-491b-95c0-a7203a111cc5/datanode-3/data/ratis/5711c404-3f06-43cd-aabe-7eb7f035a074/in_use.lock acquired by nodename 24979@pr-hdds-1569-shd4m-3693607622
2019-09-25 12:05:34,689 [pool-439-thread-1] INFO  storage.RaftStorage (RaftStorage.java:format(72)) - Storage directory /workdir/hadoop-ozone/integration-test/target/test-dir/MiniOzoneClusterImpl-0814cdd2-95b4-491b-95c0-a7203a111cc5/datanode-3/data/ratis/5711c404-3f06-43cd-aabe-7eb7f035a074 has been successfully formatted.
2019-09-25 12:05:34,689 [pool-439-thread-1] INFO  ratis.ContainerStateMachine (ContainerStateMachine.java:loadSnapshot(230)) - group-7EB7F035A074: The snapshot info is null. Setting the last applied indexto:(t:0, i:~)
2019-09-25 12:05:34,690 [pool-439-thread-1] INFO  server.RaftServerConfigKeys (ConfUtils.java:logGet(43)) - raft.server.notification.no-leader.timeout = 120s (custom)
2019-09-25 12:05:34,690 [pool-439-thread-1] INFO  server.RaftServerConfigKeys (ConfUtils.java:logGet(43)) - raft.server.log.use.memory = false (default)
2019-09-25 12:05:34,690 [pool-439-thread-1] INFO  server.RaftServerConfigKeys (ConfUtils.java:logGet(43)) - raft.server.log.purge.gap = 1000000 (custom)
2019-09-25 12:05:34,690 [pool-439-thread-1] INFO  server.RaftServerConfigKeys (ConfUtils.java:logGet(43)) - raft.server.log.appender.buffer.byte-limit = 33554432 (custom)
2019-09-25 12:05:34,690 [pool-439-thread-1] INFO  server.RaftServerConfigKeys (ConfUtils.java:logGet(43)) - raft.server.log.segment.size.max = 1048576 (custom)
2019-09-25 12:05:34,690 [pool-439-thread-1] INFO  server.RaftServerConfigKeys (ConfUtils.java:logGet(43)) - raft.server.log.segment.cache.num.max = 2 (custom)
2019-09-25 12:05:34,690 [pool-439-thread-1] INFO  segmented.SegmentedRaftLogWorker (SegmentedRaftLogWorker.java:<init>(172)) - new 29c22799-2be0-4ff1-960a-e2f5fb4c56d9@group-7EB7F035A074-SegmentedRaftLogWorker for RaftStorage:Storage Directory /workdir/hadoop-ozone/integration-test/target/test-dir/MiniOzoneClusterImpl-0814cdd2-95b4-491b-95c0-a7203a111cc5/datanode-3/data/ratis/5711c404-3f06-43cd-aabe-7eb7f035a074
2019-09-25 12:05:34,691 [pool-439-thread-1] INFO  server.RaftServerConfigKeys (ConfUtils.java:logGet(43)) - raft.server.log.queue.byte-limit = 2147483647 (custom)
2019-09-25 12:05:34,691 [pool-439-thread-1] INFO  server.RaftServerConfigKeys (ConfUtils.java:logGet(43)) - raft.server.log.queue.element-limit = 1024 (custom)
2019-09-25 12:05:34,691 [pool-439-thread-1] INFO  server.RaftServerConfigKeys (ConfUtils.java:logGet(43)) - raft.server.log.segment.size.max = 1048576 (custom)
2019-09-25 12:05:34,691 [pool-439-thread-1] INFO  server.RaftServerConfigKeys (ConfUtils.java:logGet(43)) - raft.server.log.preallocated.size = 16384 (custom)
2019-09-25 12:05:34,691 [pool-439-thread-1] INFO  server.RaftServerConfigKeys (ConfUtils.java:logGet(43)) - raft.server.log.write.buffer.size = 33554432 (custom)
2019-09-25 12:05:34,691 [pool-439-thread-1] INFO  server.RaftServerConfigKeys (ConfUtils.java:logGet(43)) - raft.server.log.force.sync.num = 128 (default)
2019-09-25 12:05:34,691 [pool-439-thread-1] INFO  server.RaftServerConfigKeys (ConfUtils.java:logGet(43)) - raft.server.log.statemachine.data.sync = true (default)
2019-09-25 12:05:34,691 [pool-439-thread-1] INFO  server.RaftServerConfigKeys (ConfUtils.java:logGet(43)) - raft.server.log.statemachine.data.sync.timeout = 10s (default)
2019-09-25 12:05:34,692 [pool-439-thread-1] INFO  server.RaftServerConfigKeys (ConfUtils.java:logGet(43)) - raft.server.log.statemachine.data.sync.timeout.retry = -1 (default)
2019-09-25 12:05:34,692 [pool-439-thread-1] INFO  server.RaftServerConfigKeys (ConfUtils.java:logGet(43)) - raft.server.log.statemachine.data.caching.enabled = true (custom)
2019-09-25 12:05:34,692 [pool-439-thread-1] INFO  segmented.SegmentedRaftLogWorker (SegmentedRaftLogWorker.java:lambda$new$0(132)) - 29c22799-2be0-4ff1-960a-e2f5fb4c56d9@group-7EB7F035A074-SegmentedRaftLogWorker: flushIndex: setUnconditionally 0 -> -1
2019-09-25 12:05:34,692 [pool-439-thread-1] INFO  server.RaftServerConfigKeys (ConfUtils.java:logGet(43)) - raft.server.snapshot.auto.trigger.enabled = true (custom)
2019-09-25 12:05:34,693 [pool-439-thread-1] INFO  server.RaftServerConfigKeys (ConfUtils.java:logGet(43)) - raft.server.snapshot.auto.trigger.threshold = 10000 (custom)
2019-09-25 12:05:34,693 [pool-439-thread-1] INFO  server.RaftServerConfigKeys (ConfUtils.java:logGet(43)) - raft.server.snapshot.retention.num.files = 5 (custom)
2019-09-25 12:05:34,693 [pool-439-thread-1] INFO  server.RaftServerConfigKeys (ConfUtils.java:logGet(43)) - raft.server.retrycache.expirytime = 600000ms (custom)
2019-09-25 12:05:34,694 [pool-439-thread-1] INFO  impl.RaftServerImpl (RaftServerImpl.java:start(185)) - 29c22799-2be0-4ff1-960a-e2f5fb4c56d9@group-7EB7F035A074: start as a follower, conf=-1: [29c22799-2be0-4ff1-960a-e2f5fb4c56d9:192.168.151.73:46053], old=null
2019-09-25 12:05:34,695 [pool-439-thread-1] INFO  impl.RaftServerImpl (RaftServerImpl.java:setRole(174)) - 29c22799-2be0-4ff1-960a-e2f5fb4c56d9@group-7EB7F035A074: changes role from      null to FOLLOWER at term 0 for startAsFollower
2019-09-25 12:05:34,695 [pool-439-thread-1] INFO  impl.RoleInfo (RoleInfo.java:updateAndGet(143)) - 29c22799-2be0-4ff1-960a-e2f5fb4c56d9: start FollowerState
2019-09-25 12:05:34,695 [pool-439-thread-1] INFO  util.JmxRegister (JmxRegister.java:tryRegister(44)) - Successfully registered JMX Bean with object name Ratis:service=RaftServer,group=group-7EB7F035A074,id=29c22799-2be0-4ff1-960a-e2f5fb4c56d9
2019-09-25 12:05:34,697 [RatisPipelineUtilsThread] INFO  pipeline.PipelineStateManager (PipelineStateManager.java:addPipeline(56)) - Created pipeline Pipeline[ Id: 5711c404-3f06-43cd-aabe-7eb7f035a074, Nodes: 29c22799-2be0-4ff1-960a-e2f5fb4c56d9{ip: 192.168.151.73, host: pr-hdds-1569-shd4m-3693607622, networkLocation: /default-rack, certSerialId: null}, Type:RATIS, Factor:ONE, State:OPEN]
2019-09-25 12:05:34,697 [RatisPipelineUtilsThread] INFO  pipeline.PipelinePlacementPolicy (PipelinePlacementPolicy.java:meetCriteria(91)) - Pipeline Placement: can't place more pipeline on heavy datanode： 1b5f48e1-875d-49d5-a3ca-2607cd8d3943 Heaviness: 6 limit: 5
2019-09-25 12:05:34,697 [RatisPipelineUtilsThread] INFO  pipeline.PipelinePlacementPolicy (PipelinePlacementPolicy.java:meetCriteria(91)) - Pipeline Placement: can't place more pipeline on heavy datanode： dd53ae84-fcc6-4953-b3df-628fab38f53c Heaviness: 6 limit: 5
2019-09-25 12:05:34,697 [RatisPipelineUtilsThread] INFO  pipeline.PipelinePlacementPolicy (PipelinePlacementPolicy.java:meetCriteria(91)) - Pipeline Placement: can't place more pipeline on heavy datanode： 4a53ed6f-dce3-4b1f-9e89-8e0e17f074cc Heaviness: 6 limit: 5
2019-09-25 12:05:34,698 [RatisPipelineUtilsThread] INFO  pipeline.PipelinePlacementPolicy (PipelinePlacementPolicy.java:meetCriteria(91)) - Pipeline Placement: can't place more pipeline on heavy datanode： e20b9d38-a0cd-4cc2-b07d-99b310028cde Heaviness: 6 limit: 5
2019-09-25 12:05:34,701 [grpc-default-executor-2] INFO  impl.RaftServerProxy (RaftServerProxy.java:addNew(89)) - 29c22799-2be0-4ff1-960a-e2f5fb4c56d9: addNew group-7C8C72F54EB9:[29c22799-2be0-4ff1-960a-e2f5fb4c56d9:192.168.151.73:46053] returns group-7C8C72F54EB9:java.util.concurrent.CompletableFuture@28e80ee1[Not completed]
2019-09-25 12:05:34,702 [pool-439-thread-1] INFO  impl.RaftServerImpl (RaftServerImpl.java:<init>(95)) - 29c22799-2be0-4ff1-960a-e2f5fb4c56d9: new RaftServerImpl for group-7C8C72F54EB9:[29c22799-2be0-4ff1-960a-e2f5fb4c56d9:192.168.151.73:46053] with ContainerStateMachine:uninitialized
2019-09-25 12:05:34,702 [pool-439-thread-1] INFO  server.RaftServerConfigKeys (ConfUtils.java:logGet(43)) - raft.server.rpc.timeout.min = 5s (custom)
2019-09-25 12:05:34,702 [pool-439-thread-1] INFO  server.RaftServerConfigKeys (ConfUtils.java:logGet(43)) - raft.server.rpc.timeout.max = 5200ms (custom)
2019-09-25 12:05:34,702 [pool-439-thread-1] INFO  server.RaftServerConfigKeys (ConfUtils.java:logGet(43)) - raft.server.rpcslowness.timeout = 120s (custom)
2019-09-25 12:05:34,702 [pool-439-thread-1] INFO  server.RaftServerConfigKeys (ConfUtils.java:logGet(43)) - raft.server.sleep.deviation.threshold = 300 (default)
2019-09-25 12:05:34,702 [pool-439-thread-1] INFO  server.RaftServerConfigKeys (ConfUtils.java:logGet(43)) - raft.server.log.appender.install.snapshot.enabled = false (custom)
2019-09-25 12:05:34,702 [pool-439-thread-1] INFO  impl.RaftServerImpl (ServerState.java:<init>(103)) - 29c22799-2be0-4ff1-960a-e2f5fb4c56d9@group-7C8C72F54EB9: ConfigurationManager, init=-1: [29c22799-2be0-4ff1-960a-e2f5fb4c56d9:192.168.151.73:46053], old=null, confs=<EMPTY_MAP>
2019-09-25 12:05:34,702 [pool-439-thread-1] INFO  server.RaftServerConfigKeys (ConfUtils.java:logGet(43)) - raft.server.storage.dir = [/workdir/hadoop-ozone/integration-test/target/test-dir/MiniOzoneClusterImpl-0814cdd2-95b4-491b-95c0-a7203a111cc5/datanode-3/data/ratis] (custom)
2019-09-25 12:05:34,703 [pool-439-thread-1] INFO  storage.RaftStorageDirectory (RaftStorageDirectory.java:analyzeStorage(246)) - The storage directory /workdir/hadoop-ozone/integration-test/target/test-dir/MiniOzoneClusterImpl-0814cdd2-95b4-491b-95c0-a7203a111cc5/datanode-3/data/ratis/6e519314-aabf-4867-ae64-7c8c72f54eb9 does not exist. Creating ...
2019-09-25 12:05:34,732 [pool-439-thread-1] INFO  storage.RaftStorageDirectory (RaftStorageDirectory.java:tryLock(328)) - Lock on /workdir/hadoop-ozone/integration-test/target/test-dir/MiniOzoneClusterImpl-0814cdd2-95b4-491b-95c0-a7203a111cc5/datanode-3/data/ratis/6e519314-aabf-4867-ae64-7c8c72f54eb9/in_use.lock acquired by nodename 24979@pr-hdds-1569-shd4m-3693607622
2019-09-25 12:05:34,736 [pool-439-thread-1] INFO  storage.RaftStorage (RaftStorage.java:format(72)) - Storage directory /workdir/hadoop-ozone/integration-test/target/test-dir/MiniOzoneClusterImpl-0814cdd2-95b4-491b-95c0-a7203a111cc5/datanode-3/data/ratis/6e519314-aabf-4867-ae64-7c8c72f54eb9 has been successfully formatted.
2019-09-25 12:05:34,736 [pool-439-thread-1] INFO  ratis.ContainerStateMachine (ContainerStateMachine.java:loadSnapshot(230)) - group-7C8C72F54EB9: The snapshot info is null. Setting the last applied indexto:(t:0, i:~)
2019-09-25 12:05:34,736 [pool-439-thread-1] INFO  server.RaftServerConfigKeys (ConfUtils.java:logGet(43)) - raft.server.notification.no-leader.timeout = 120s (custom)
2019-09-25 12:05:34,736 [pool-439-thread-1] INFO  server.RaftServerConfigKeys (ConfUtils.java:logGet(43)) - raft.server.log.use.memory = false (default)
2019-09-25 12:05:34,737 [pool-439-thread-1] INFO  server.RaftServerConfigKeys (ConfUtils.java:logGet(43)) - raft.server.log.purge.gap = 1000000 (custom)
2019-09-25 12:05:34,737 [pool-439-thread-1] INFO  server.RaftServerConfigKeys (ConfUtils.java:logGet(43)) - raft.server.log.appender.buffer.byte-limit = 33554432 (custom)
2019-09-25 12:05:34,737 [pool-439-thread-1] INFO  server.RaftServerConfigKeys (ConfUtils.java:logGet(43)) - raft.server.log.segment.size.max = 1048576 (custom)
2019-09-25 12:05:34,737 [pool-439-thread-1] INFO  server.RaftServerConfigKeys (ConfUtils.java:logGet(43)) - raft.server.log.segment.cache.num.max = 2 (custom)
2019-09-25 12:05:34,737 [pool-439-thread-1] INFO  segmented.SegmentedRaftLogWorker (SegmentedRaftLogWorker.java:<init>(172)) - new 29c22799-2be0-4ff1-960a-e2f5fb4c56d9@group-7C8C72F54EB9-SegmentedRaftLogWorker for RaftStorage:Storage Directory /workdir/hadoop-ozone/integration-test/target/test-dir/MiniOzoneClusterImpl-0814cdd2-95b4-491b-95c0-a7203a111cc5/datanode-3/data/ratis/6e519314-aabf-4867-ae64-7c8c72f54eb9
2019-09-25 12:05:34,737 [pool-439-thread-1] INFO  server.RaftServerConfigKeys (ConfUtils.java:logGet(43)) - raft.server.log.queue.byte-limit = 2147483647 (custom)
2019-09-25 12:05:34,737 [pool-439-thread-1] INFO  server.RaftServerConfigKeys (ConfUtils.java:logGet(43)) - raft.server.log.queue.element-limit = 1024 (custom)
2019-09-25 12:05:34,738 [pool-439-thread-1] INFO  server.RaftServerConfigKeys (ConfUtils.java:logGet(43)) - raft.server.log.segment.size.max = 1048576 (custom)
2019-09-25 12:05:34,738 [pool-439-thread-1] INFO  server.RaftServerConfigKeys (ConfUtils.java:logGet(43)) - raft.server.log.preallocated.size = 16384 (custom)
2019-09-25 12:05:34,738 [pool-439-thread-1] INFO  server.RaftServerConfigKeys (ConfUtils.java:logGet(43)) - raft.server.log.write.buffer.size = 33554432 (custom)
2019-09-25 12:05:34,738 [pool-439-thread-1] INFO  server.RaftServerConfigKeys (ConfUtils.java:logGet(43)) - raft.server.log.force.sync.num = 128 (default)
2019-09-25 12:05:34,738 [pool-439-thread-1] INFO  server.RaftServerConfigKeys (ConfUtils.java:logGet(43)) - raft.server.log.statemachine.data.sync = true (default)
2019-09-25 12:05:34,738 [pool-439-thread-1] INFO  server.RaftServerConfigKeys (ConfUtils.java:logGet(43)) - raft.server.log.statemachine.data.sync.timeout = 10s (default)
2019-09-25 12:05:34,738 [pool-439-thread-1] INFO  server.RaftServerConfigKeys (ConfUtils.java:logGet(43)) - raft.server.log.statemachine.data.sync.timeout.retry = -1 (default)
2019-09-25 12:05:34,739 [pool-439-thread-1] INFO  server.RaftServerConfigKeys (ConfUtils.java:logGet(43)) - raft.server.log.statemachine.data.caching.enabled = true (custom)
2019-09-25 12:05:34,739 [pool-439-thread-1] INFO  segmented.SegmentedRaftLogWorker (SegmentedRaftLogWorker.java:lambda$new$0(132)) - 29c22799-2be0-4ff1-960a-e2f5fb4c56d9@group-7C8C72F54EB9-SegmentedRaftLogWorker: flushIndex: setUnconditionally 0 -> -1
2019-09-25 12:05:34,739 [pool-439-thread-1] INFO  server.RaftServerConfigKeys (ConfUtils.java:logGet(43)) - raft.server.snapshot.auto.trigger.enabled = true (custom)
2019-09-25 12:05:34,739 [pool-439-thread-1] INFO  server.RaftServerConfigKeys (ConfUtils.java:logGet(43)) - raft.server.snapshot.auto.trigger.threshold = 10000 (custom)
2019-09-25 12:05:34,740 [pool-439-thread-1] INFO  server.RaftServerConfigKeys (ConfUtils.java:logGet(43)) - raft.server.snapshot.retention.num.files = 5 (custom)
2019-09-25 12:05:34,740 [pool-439-thread-1] INFO  server.RaftServerConfigKeys (ConfUtils.java:logGet(43)) - raft.server.retrycache.expirytime = 600000ms (custom)
2019-09-25 12:05:34,741 [pool-439-thread-1] INFO  impl.RaftServerImpl (RaftServerImpl.java:start(185)) - 29c22799-2be0-4ff1-960a-e2f5fb4c56d9@group-7C8C72F54EB9: start as a follower, conf=-1: [29c22799-2be0-4ff1-960a-e2f5fb4c56d9:192.168.151.73:46053], old=null
2019-09-25 12:05:34,742 [pool-439-thread-1] INFO  impl.RaftServerImpl (RaftServerImpl.java:setRole(174)) - 29c22799-2be0-4ff1-960a-e2f5fb4c56d9@group-7C8C72F54EB9: changes role from      null to FOLLOWER at term 0 for startAsFollower
2019-09-25 12:05:34,742 [pool-439-thread-1] INFO  impl.RoleInfo (RoleInfo.java:updateAndGet(143)) - 29c22799-2be0-4ff1-960a-e2f5fb4c56d9: start FollowerState
2019-09-25 12:05:34,742 [pool-439-thread-1] INFO  util.JmxRegister (JmxRegister.java:tryRegister(44)) - Successfully registered JMX Bean with object name Ratis:service=RaftServer,group=group-7C8C72F54EB9,id=29c22799-2be0-4ff1-960a-e2f5fb4c56d9
2019-09-25 12:05:34,744 [RatisPipelineUtilsThread] INFO  pipeline.PipelineStateManager (PipelineStateManager.java:addPipeline(56)) - Created pipeline Pipeline[ Id: 6e519314-aabf-4867-ae64-7c8c72f54eb9, Nodes: 29c22799-2be0-4ff1-960a-e2f5fb4c56d9{ip: 192.168.151.73, host: pr-hdds-1569-shd4m-3693607622, networkLocation: /default-rack, certSerialId: null}, Type:RATIS, Factor:ONE, State:OPEN]
2019-09-25 12:05:34,744 [RatisPipelineUtilsThread] INFO  pipeline.PipelinePlacementPolicy (PipelinePlacementPolicy.java:meetCriteria(91)) - Pipeline Placement: can't place more pipeline on heavy datanode： 29c22799-2be0-4ff1-960a-e2f5fb4c56d9 Heaviness: 6 limit: 5
2019-09-25 12:05:34,745 [RatisPipelineUtilsThread] INFO  pipeline.PipelinePlacementPolicy (PipelinePlacementPolicy.java:meetCriteria(91)) - Pipeline Placement: can't place more pipeline on heavy datanode： 1b5f48e1-875d-49d5-a3ca-2607cd8d3943 Heaviness: 6 limit: 5
2019-09-25 12:05:34,745 [RatisPipelineUtilsThread] INFO  pipeline.PipelinePlacementPolicy (PipelinePlacementPolicy.java:meetCriteria(91)) - Pipeline Placement: can't place more pipeline on heavy datanode： dd53ae84-fcc6-4953-b3df-628fab38f53c Heaviness: 6 limit: 5
2019-09-25 12:05:34,745 [RatisPipelineUtilsThread] INFO  pipeline.PipelinePlacementPolicy (PipelinePlacementPolicy.java:meetCriteria(91)) - Pipeline Placement: can't place more pipeline on heavy datanode： 4a53ed6f-dce3-4b1f-9e89-8e0e17f074cc Heaviness: 6 limit: 5
2019-09-25 12:05:34,745 [RatisPipelineUtilsThread] INFO  pipeline.PipelinePlacementPolicy (PipelinePlacementPolicy.java:meetCriteria(91)) - Pipeline Placement: can't place more pipeline on heavy datanode： e20b9d38-a0cd-4cc2-b07d-99b310028cde Heaviness: 6 limit: 5
2019-09-25 12:05:34,748 [grpc-default-executor-2] INFO  impl.RaftServerProxy (RaftServerProxy.java:addNew(89)) - aa2320bf-b2b0-4764-9bc5-2df8b93b85ea: addNew group-C0F71AA56592:[aa2320bf-b2b0-4764-9bc5-2df8b93b85ea:192.168.151.73:39809] returns group-C0F71AA56592:java.util.concurrent.CompletableFuture@4041c9a5[Not completed]
2019-09-25 12:05:34,749 [pool-449-thread-1] INFO  impl.RaftServerImpl (RaftServerImpl.java:<init>(95)) - aa2320bf-b2b0-4764-9bc5-2df8b93b85ea: new RaftServerImpl for group-C0F71AA56592:[aa2320bf-b2b0-4764-9bc5-2df8b93b85ea:192.168.151.73:39809] with ContainerStateMachine:uninitialized
2019-09-25 12:05:34,749 [pool-449-thread-1] INFO  server.RaftServerConfigKeys (ConfUtils.java:logGet(43)) - raft.server.rpc.timeout.min = 5s (custom)
2019-09-25 12:05:34,749 [pool-449-thread-1] INFO  server.RaftServerConfigKeys (ConfUtils.java:logGet(43)) - raft.server.rpc.timeout.max = 5200ms (custom)
2019-09-25 12:05:34,749 [pool-449-thread-1] INFO  server.RaftServerConfigKeys (ConfUtils.java:logGet(43)) - raft.server.rpcslowness.timeout = 120s (custom)
2019-09-25 12:05:34,749 [pool-449-thread-1] INFO  server.RaftServerConfigKeys (ConfUtils.java:logGet(43)) - raft.server.sleep.deviation.threshold = 300 (default)
2019-09-25 12:05:34,749 [pool-449-thread-1] INFO  server.RaftServerConfigKeys (ConfUtils.java:logGet(43)) - raft.server.log.appender.install.snapshot.enabled = false (custom)
2019-09-25 12:05:34,749 [pool-449-thread-1] INFO  impl.RaftServerImpl (ServerState.java:<init>(103)) - aa2320bf-b2b0-4764-9bc5-2df8b93b85ea@group-C0F71AA56592: ConfigurationManager, init=-1: [aa2320bf-b2b0-4764-9bc5-2df8b93b85ea:192.168.151.73:39809], old=null, confs=<EMPTY_MAP>
2019-09-25 12:05:34,749 [pool-449-thread-1] INFO  server.RaftServerConfigKeys (ConfUtils.java:logGet(43)) - raft.server.storage.dir = [/workdir/hadoop-ozone/integration-test/target/test-dir/MiniOzoneClusterImpl-0814cdd2-95b4-491b-95c0-a7203a111cc5/datanode-4/data/ratis] (custom)
2019-09-25 12:05:34,750 [pool-449-thread-1] INFO  storage.RaftStorageDirectory (RaftStorageDirectory.java:analyzeStorage(246)) - The storage directory /workdir/hadoop-ozone/integration-test/target/test-dir/MiniOzoneClusterImpl-0814cdd2-95b4-491b-95c0-a7203a111cc5/datanode-4/data/ratis/75c24ff1-853c-4903-a51e-c0f71aa56592 does not exist. Creating ...
2019-09-25 12:05:34,789 [pool-449-thread-1] INFO  storage.RaftStorageDirectory (RaftStorageDirectory.java:tryLock(328)) - Lock on /workdir/hadoop-ozone/integration-test/target/test-dir/MiniOzoneClusterImpl-0814cdd2-95b4-491b-95c0-a7203a111cc5/datanode-4/data/ratis/75c24ff1-853c-4903-a51e-c0f71aa56592/in_use.lock acquired by nodename 24979@pr-hdds-1569-shd4m-3693607622
2019-09-25 12:05:34,802 [pool-449-thread-1] INFO  storage.RaftStorage (RaftStorage.java:format(72)) - Storage directory /workdir/hadoop-ozone/integration-test/target/test-dir/MiniOzoneClusterImpl-0814cdd2-95b4-491b-95c0-a7203a111cc5/datanode-4/data/ratis/75c24ff1-853c-4903-a51e-c0f71aa56592 has been successfully formatted.
2019-09-25 12:05:34,802 [pool-449-thread-1] INFO  ratis.ContainerStateMachine (ContainerStateMachine.java:loadSnapshot(230)) - group-C0F71AA56592: The snapshot info is null. Setting the last applied indexto:(t:0, i:~)
2019-09-25 12:05:34,802 [pool-449-thread-1] INFO  server.RaftServerConfigKeys (ConfUtils.java:logGet(43)) - raft.server.notification.no-leader.timeout = 120s (custom)
2019-09-25 12:05:34,802 [pool-449-thread-1] INFO  server.RaftServerConfigKeys (ConfUtils.java:logGet(43)) - raft.server.log.use.memory = false (default)
2019-09-25 12:05:34,802 [pool-449-thread-1] INFO  server.RaftServerConfigKeys (ConfUtils.java:logGet(43)) - raft.server.log.purge.gap = 1000000 (custom)
2019-09-25 12:05:34,802 [pool-449-thread-1] INFO  server.RaftServerConfigKeys (ConfUtils.java:logGet(43)) - raft.server.log.appender.buffer.byte-limit = 33554432 (custom)
2019-09-25 12:05:34,803 [pool-449-thread-1] INFO  server.RaftServerConfigKeys (ConfUtils.java:logGet(43)) - raft.server.log.segment.size.max = 1048576 (custom)
2019-09-25 12:05:34,803 [pool-449-thread-1] INFO  server.RaftServerConfigKeys (ConfUtils.java:logGet(43)) - raft.server.log.segment.cache.num.max = 2 (custom)
2019-09-25 12:05:34,803 [pool-449-thread-1] INFO  segmented.SegmentedRaftLogWorker (SegmentedRaftLogWorker.java:<init>(172)) - new aa2320bf-b2b0-4764-9bc5-2df8b93b85ea@group-C0F71AA56592-SegmentedRaftLogWorker for RaftStorage:Storage Directory /workdir/hadoop-ozone/integration-test/target/test-dir/MiniOzoneClusterImpl-0814cdd2-95b4-491b-95c0-a7203a111cc5/datanode-4/data/ratis/75c24ff1-853c-4903-a51e-c0f71aa56592
2019-09-25 12:05:34,803 [pool-449-thread-1] INFO  server.RaftServerConfigKeys (ConfUtils.java:logGet(43)) - raft.server.log.queue.byte-limit = 2147483647 (custom)
2019-09-25 12:05:34,803 [pool-449-thread-1] INFO  server.RaftServerConfigKeys (ConfUtils.java:logGet(43)) - raft.server.log.queue.element-limit = 1024 (custom)
2019-09-25 12:05:34,803 [pool-449-thread-1] INFO  server.RaftServerConfigKeys (ConfUtils.java:logGet(43)) - raft.server.log.segment.size.max = 1048576 (custom)
2019-09-25 12:05:34,803 [pool-449-thread-1] INFO  server.RaftServerConfigKeys (ConfUtils.java:logGet(43)) - raft.server.log.preallocated.size = 16384 (custom)
2019-09-25 12:05:34,803 [pool-449-thread-1] INFO  server.RaftServerConfigKeys (ConfUtils.java:logGet(43)) - raft.server.log.write.buffer.size = 33554432 (custom)
2019-09-25 12:05:34,803 [pool-449-thread-1] INFO  server.RaftServerConfigKeys (ConfUtils.java:logGet(43)) - raft.server.log.force.sync.num = 128 (default)
2019-09-25 12:05:34,804 [pool-449-thread-1] INFO  server.RaftServerConfigKeys (ConfUtils.java:logGet(43)) - raft.server.log.statemachine.data.sync = true (default)
2019-09-25 12:05:34,804 [pool-449-thread-1] INFO  server.RaftServerConfigKeys (ConfUtils.java:logGet(43)) - raft.server.log.statemachine.data.sync.timeout = 10s (default)
2019-09-25 12:05:34,804 [pool-449-thread-1] INFO  server.RaftServerConfigKeys (ConfUtils.java:logGet(43)) - raft.server.log.statemachine.data.sync.timeout.retry = -1 (default)
2019-09-25 12:05:34,804 [pool-449-thread-1] INFO  server.RaftServerConfigKeys (ConfUtils.java:logGet(43)) - raft.server.log.statemachine.data.caching.enabled = true (custom)
2019-09-25 12:05:34,804 [pool-449-thread-1] INFO  segmented.SegmentedRaftLogWorker (SegmentedRaftLogWorker.java:lambda$new$0(132)) - aa2320bf-b2b0-4764-9bc5-2df8b93b85ea@group-C0F71AA56592-SegmentedRaftLogWorker: flushIndex: setUnconditionally 0 -> -1
2019-09-25 12:05:34,804 [pool-449-thread-1] INFO  server.RaftServerConfigKeys (ConfUtils.java:logGet(43)) - raft.server.snapshot.auto.trigger.enabled = true (custom)
2019-09-25 12:05:34,804 [pool-449-thread-1] INFO  server.RaftServerConfigKeys (ConfUtils.java:logGet(43)) - raft.server.snapshot.auto.trigger.threshold = 10000 (custom)
2019-09-25 12:05:34,805 [pool-449-thread-1] INFO  server.RaftServerConfigKeys (ConfUtils.java:logGet(43)) - raft.server.snapshot.retention.num.files = 5 (custom)
2019-09-25 12:05:34,805 [pool-449-thread-1] INFO  server.RaftServerConfigKeys (ConfUtils.java:logGet(43)) - raft.server.retrycache.expirytime = 600000ms (custom)
2019-09-25 12:05:34,806 [pool-449-thread-1] INFO  impl.RaftServerImpl (RaftServerImpl.java:start(185)) - aa2320bf-b2b0-4764-9bc5-2df8b93b85ea@group-C0F71AA56592: start as a follower, conf=-1: [aa2320bf-b2b0-4764-9bc5-2df8b93b85ea:192.168.151.73:39809], old=null
2019-09-25 12:05:34,806 [pool-449-thread-1] INFO  impl.RaftServerImpl (RaftServerImpl.java:setRole(174)) - aa2320bf-b2b0-4764-9bc5-2df8b93b85ea@group-C0F71AA56592: changes role from      null to FOLLOWER at term 0 for startAsFollower
2019-09-25 12:05:34,806 [pool-449-thread-1] INFO  impl.RoleInfo (RoleInfo.java:updateAndGet(143)) - aa2320bf-b2b0-4764-9bc5-2df8b93b85ea: start FollowerState
2019-09-25 12:05:34,806 [pool-449-thread-1] INFO  util.JmxRegister (JmxRegister.java:tryRegister(44)) - Successfully registered JMX Bean with object name Ratis:service=RaftServer,group=group-C0F71AA56592,id=aa2320bf-b2b0-4764-9bc5-2df8b93b85ea
2019-09-25 12:05:34,808 [RatisPipelineUtilsThread] INFO  pipeline.PipelineStateManager (PipelineStateManager.java:addPipeline(56)) - Created pipeline Pipeline[ Id: 75c24ff1-853c-4903-a51e-c0f71aa56592, Nodes: aa2320bf-b2b0-4764-9bc5-2df8b93b85ea{ip: 192.168.151.73, host: pr-hdds-1569-shd4m-3693607622, networkLocation: /default-rack, certSerialId: null}, Type:RATIS, Factor:ONE, State:OPEN]
2019-09-25 12:05:34,809 [RatisPipelineUtilsThread] INFO  pipeline.PipelinePlacementPolicy (PipelinePlacementPolicy.java:meetCriteria(91)) - Pipeline Placement: can't place more pipeline on heavy datanode： 29c22799-2be0-4ff1-960a-e2f5fb4c56d9 Heaviness: 6 limit: 5
2019-09-25 12:05:34,809 [RatisPipelineUtilsThread] INFO  pipeline.PipelinePlacementPolicy (PipelinePlacementPolicy.java:meetCriteria(91)) - Pipeline Placement: can't place more pipeline on heavy datanode： aa2320bf-b2b0-4764-9bc5-2df8b93b85ea Heaviness: 6 limit: 5
2019-09-25 12:05:34,809 [RatisPipelineUtilsThread] INFO  pipeline.PipelinePlacementPolicy (PipelinePlacementPolicy.java:meetCriteria(91)) - Pipeline Placement: can't place more pipeline on heavy datanode： 1b5f48e1-875d-49d5-a3ca-2607cd8d3943 Heaviness: 6 limit: 5
2019-09-25 12:05:34,809 [RatisPipelineUtilsThread] INFO  pipeline.PipelinePlacementPolicy (PipelinePlacementPolicy.java:meetCriteria(91)) - Pipeline Placement: can't place more pipeline on heavy datanode： dd53ae84-fcc6-4953-b3df-628fab38f53c Heaviness: 6 limit: 5
2019-09-25 12:05:34,809 [RatisPipelineUtilsThread] INFO  pipeline.PipelinePlacementPolicy (PipelinePlacementPolicy.java:meetCriteria(91)) - Pipeline Placement: can't place more pipeline on heavy datanode： 4a53ed6f-dce3-4b1f-9e89-8e0e17f074cc Heaviness: 6 limit: 5
2019-09-25 12:05:34,809 [RatisPipelineUtilsThread] INFO  pipeline.PipelinePlacementPolicy (PipelinePlacementPolicy.java:meetCriteria(91)) - Pipeline Placement: can't place more pipeline on heavy datanode： e20b9d38-a0cd-4cc2-b07d-99b310028cde Heaviness: 6 limit: 5
2019-09-25 12:05:34,818 [grpc-default-executor-2] INFO  impl.RaftServerProxy (RaftServerProxy.java:addNew(89)) - efa15652-5c5a-4832-a509-1d419d802ac5: addNew group-67D7A5AE2FEF:[efa15652-5c5a-4832-a509-1d419d802ac5:192.168.151.73:43628] returns group-67D7A5AE2FEF:java.util.concurrent.CompletableFuture@500c3803[Not completed]
2019-09-25 12:05:34,819 [pool-469-thread-1] INFO  impl.RaftServerImpl (RaftServerImpl.java:<init>(95)) - efa15652-5c5a-4832-a509-1d419d802ac5: new RaftServerImpl for group-67D7A5AE2FEF:[efa15652-5c5a-4832-a509-1d419d802ac5:192.168.151.73:43628] with ContainerStateMachine:uninitialized
2019-09-25 12:05:34,819 [pool-469-thread-1] INFO  server.RaftServerConfigKeys (ConfUtils.java:logGet(43)) - raft.server.rpc.timeout.min = 5s (custom)
2019-09-25 12:05:34,820 [pool-469-thread-1] INFO  server.RaftServerConfigKeys (ConfUtils.java:logGet(43)) - raft.server.rpc.timeout.max = 5200ms (custom)
2019-09-25 12:05:34,820 [pool-469-thread-1] INFO  server.RaftServerConfigKeys (ConfUtils.java:logGet(43)) - raft.server.rpcslowness.timeout = 120s (custom)
2019-09-25 12:05:34,820 [pool-469-thread-1] INFO  server.RaftServerConfigKeys (ConfUtils.java:logGet(43)) - raft.server.sleep.deviation.threshold = 300 (default)
2019-09-25 12:05:34,820 [pool-469-thread-1] INFO  server.RaftServerConfigKeys (ConfUtils.java:logGet(43)) - raft.server.log.appender.install.snapshot.enabled = false (custom)
2019-09-25 12:05:34,820 [pool-469-thread-1] INFO  impl.RaftServerImpl (ServerState.java:<init>(103)) - efa15652-5c5a-4832-a509-1d419d802ac5@group-67D7A5AE2FEF: ConfigurationManager, init=-1: [efa15652-5c5a-4832-a509-1d419d802ac5:192.168.151.73:43628], old=null, confs=<EMPTY_MAP>
2019-09-25 12:05:34,820 [pool-469-thread-1] INFO  server.RaftServerConfigKeys (ConfUtils.java:logGet(43)) - raft.server.storage.dir = [/workdir/hadoop-ozone/integration-test/target/test-dir/MiniOzoneClusterImpl-0814cdd2-95b4-491b-95c0-a7203a111cc5/datanode-6/data/ratis] (custom)
2019-09-25 12:05:34,821 [pool-469-thread-1] INFO  storage.RaftStorageDirectory (RaftStorageDirectory.java:analyzeStorage(246)) - The storage directory /workdir/hadoop-ozone/integration-test/target/test-dir/MiniOzoneClusterImpl-0814cdd2-95b4-491b-95c0-a7203a111cc5/datanode-6/data/ratis/1b83f4cf-2ce7-4c35-bddc-67d7a5ae2fef does not exist. Creating ...
2019-09-25 12:05:34,833 [pool-469-thread-1] INFO  storage.RaftStorageDirectory (RaftStorageDirectory.java:tryLock(328)) - Lock on /workdir/hadoop-ozone/integration-test/target/test-dir/MiniOzoneClusterImpl-0814cdd2-95b4-491b-95c0-a7203a111cc5/datanode-6/data/ratis/1b83f4cf-2ce7-4c35-bddc-67d7a5ae2fef/in_use.lock acquired by nodename 24979@pr-hdds-1569-shd4m-3693607622
2019-09-25 12:05:34,846 [pool-469-thread-1] INFO  storage.RaftStorage (RaftStorage.java:format(72)) - Storage directory /workdir/hadoop-ozone/integration-test/target/test-dir/MiniOzoneClusterImpl-0814cdd2-95b4-491b-95c0-a7203a111cc5/datanode-6/data/ratis/1b83f4cf-2ce7-4c35-bddc-67d7a5ae2fef has been successfully formatted.
2019-09-25 12:05:34,846 [pool-469-thread-1] INFO  ratis.ContainerStateMachine (ContainerStateMachine.java:loadSnapshot(230)) - group-67D7A5AE2FEF: The snapshot info is null. Setting the last applied indexto:(t:0, i:~)
2019-09-25 12:05:34,846 [pool-469-thread-1] INFO  server.RaftServerConfigKeys (ConfUtils.java:logGet(43)) - raft.server.notification.no-leader.timeout = 120s (custom)
2019-09-25 12:05:34,847 [pool-469-thread-1] INFO  server.RaftServerConfigKeys (ConfUtils.java:logGet(43)) - raft.server.log.use.memory = false (default)
2019-09-25 12:05:34,847 [pool-469-thread-1] INFO  server.RaftServerConfigKeys (ConfUtils.java:logGet(43)) - raft.server.log.purge.gap = 1000000 (custom)
2019-09-25 12:05:34,847 [pool-469-thread-1] INFO  server.RaftServerConfigKeys (ConfUtils.java:logGet(43)) - raft.server.log.appender.buffer.byte-limit = 33554432 (custom)
2019-09-25 12:05:34,847 [pool-469-thread-1] INFO  server.RaftServerConfigKeys (ConfUtils.java:logGet(43)) - raft.server.log.segment.size.max = 1048576 (custom)
2019-09-25 12:05:34,847 [pool-469-thread-1] INFO  server.RaftServerConfigKeys (ConfUtils.java:logGet(43)) - raft.server.log.segment.cache.num.max = 2 (custom)
2019-09-25 12:05:34,847 [pool-469-thread-1] INFO  segmented.SegmentedRaftLogWorker (SegmentedRaftLogWorker.java:<init>(172)) - new efa15652-5c5a-4832-a509-1d419d802ac5@group-67D7A5AE2FEF-SegmentedRaftLogWorker for RaftStorage:Storage Directory /workdir/hadoop-ozone/integration-test/target/test-dir/MiniOzoneClusterImpl-0814cdd2-95b4-491b-95c0-a7203a111cc5/datanode-6/data/ratis/1b83f4cf-2ce7-4c35-bddc-67d7a5ae2fef
2019-09-25 12:05:34,849 [pool-469-thread-1] INFO  server.RaftServerConfigKeys (ConfUtils.java:logGet(43)) - raft.server.log.queue.byte-limit = 2147483647 (custom)
2019-09-25 12:05:34,849 [pool-469-thread-1] INFO  server.RaftServerConfigKeys (ConfUtils.java:logGet(43)) - raft.server.log.queue.element-limit = 1024 (custom)
2019-09-25 12:05:34,849 [pool-469-thread-1] INFO  server.RaftServerConfigKeys (ConfUtils.java:logGet(43)) - raft.server.log.segment.size.max = 1048576 (custom)
2019-09-25 12:05:34,849 [pool-469-thread-1] INFO  server.RaftServerConfigKeys (ConfUtils.java:logGet(43)) - raft.server.log.preallocated.size = 16384 (custom)
2019-09-25 12:05:34,849 [pool-469-thread-1] INFO  server.RaftServerConfigKeys (ConfUtils.java:logGet(43)) - raft.server.log.write.buffer.size = 33554432 (custom)
2019-09-25 12:05:34,850 [pool-469-thread-1] INFO  server.RaftServerConfigKeys (ConfUtils.java:logGet(43)) - raft.server.log.force.sync.num = 128 (default)
2019-09-25 12:05:34,850 [pool-469-thread-1] INFO  server.RaftServerConfigKeys (ConfUtils.java:logGet(43)) - raft.server.log.statemachine.data.sync = true (default)
2019-09-25 12:05:34,850 [pool-469-thread-1] INFO  server.RaftServerConfigKeys (ConfUtils.java:logGet(43)) - raft.server.log.statemachine.data.sync.timeout = 10s (default)
2019-09-25 12:05:34,850 [pool-469-thread-1] INFO  server.RaftServerConfigKeys (ConfUtils.java:logGet(43)) - raft.server.log.statemachine.data.sync.timeout.retry = -1 (default)
2019-09-25 12:05:34,850 [pool-469-thread-1] INFO  server.RaftServerConfigKeys (ConfUtils.java:logGet(43)) - raft.server.log.statemachine.data.caching.enabled = true (custom)
2019-09-25 12:05:34,850 [pool-469-thread-1] INFO  segmented.SegmentedRaftLogWorker (SegmentedRaftLogWorker.java:lambda$new$0(132)) - efa15652-5c5a-4832-a509-1d419d802ac5@group-67D7A5AE2FEF-SegmentedRaftLogWorker: flushIndex: setUnconditionally 0 -> -1
2019-09-25 12:05:34,851 [pool-469-thread-1] INFO  server.RaftServerConfigKeys (ConfUtils.java:logGet(43)) - raft.server.snapshot.auto.trigger.enabled = true (custom)
2019-09-25 12:05:34,851 [pool-469-thread-1] INFO  server.RaftServerConfigKeys (ConfUtils.java:logGet(43)) - raft.server.snapshot.auto.trigger.threshold = 10000 (custom)
2019-09-25 12:05:34,851 [pool-469-thread-1] INFO  server.RaftServerConfigKeys (ConfUtils.java:logGet(43)) - raft.server.snapshot.retention.num.files = 5 (custom)
2019-09-25 12:05:34,851 [pool-469-thread-1] INFO  server.RaftServerConfigKeys (ConfUtils.java:logGet(43)) - raft.server.retrycache.expirytime = 600000ms (custom)
2019-09-25 12:05:34,853 [pool-469-thread-1] INFO  impl.RaftServerImpl (RaftServerImpl.java:start(185)) - efa15652-5c5a-4832-a509-1d419d802ac5@group-67D7A5AE2FEF: start as a follower, conf=-1: [efa15652-5c5a-4832-a509-1d419d802ac5:192.168.151.73:43628], old=null
2019-09-25 12:05:34,853 [pool-469-thread-1] INFO  impl.RaftServerImpl (RaftServerImpl.java:setRole(174)) - efa15652-5c5a-4832-a509-1d419d802ac5@group-67D7A5AE2FEF: changes role from      null to FOLLOWER at term 0 for startAsFollower
2019-09-25 12:05:34,853 [pool-469-thread-1] INFO  impl.RoleInfo (RoleInfo.java:updateAndGet(143)) - efa15652-5c5a-4832-a509-1d419d802ac5: start FollowerState
2019-09-25 12:05:34,853 [pool-469-thread-1] INFO  util.JmxRegister (JmxRegister.java:tryRegister(44)) - Successfully registered JMX Bean with object name Ratis:service=RaftServer,group=group-67D7A5AE2FEF,id=efa15652-5c5a-4832-a509-1d419d802ac5
2019-09-25 12:05:34,855 [RatisPipelineUtilsThread] INFO  pipeline.PipelineStateManager (PipelineStateManager.java:addPipeline(56)) - Created pipeline Pipeline[ Id: 1b83f4cf-2ce7-4c35-bddc-67d7a5ae2fef, Nodes: efa15652-5c5a-4832-a509-1d419d802ac5{ip: 192.168.151.73, host: pr-hdds-1569-shd4m-3693607622, networkLocation: /default-rack, certSerialId: null}, Type:RATIS, Factor:ONE, State:OPEN]
2019-09-25 12:05:34,855 [RatisPipelineUtilsThread] INFO  pipeline.PipelinePlacementPolicy (PipelinePlacementPolicy.java:meetCriteria(91)) - Pipeline Placement: can't place more pipeline on heavy datanode： 29c22799-2be0-4ff1-960a-e2f5fb4c56d9 Heaviness: 6 limit: 5
2019-09-25 12:05:34,856 [RatisPipelineUtilsThread] INFO  pipeline.PipelinePlacementPolicy (PipelinePlacementPolicy.java:meetCriteria(91)) - Pipeline Placement: can't place more pipeline on heavy datanode： aa2320bf-b2b0-4764-9bc5-2df8b93b85ea Heaviness: 6 limit: 5
2019-09-25 12:05:34,856 [RatisPipelineUtilsThread] INFO  pipeline.PipelinePlacementPolicy (PipelinePlacementPolicy.java:meetCriteria(91)) - Pipeline Placement: can't place more pipeline on heavy datanode： 1b5f48e1-875d-49d5-a3ca-2607cd8d3943 Heaviness: 6 limit: 5
2019-09-25 12:05:34,856 [RatisPipelineUtilsThread] INFO  pipeline.PipelinePlacementPolicy (PipelinePlacementPolicy.java:meetCriteria(91)) - Pipeline Placement: can't place more pipeline on heavy datanode： dd53ae84-fcc6-4953-b3df-628fab38f53c Heaviness: 6 limit: 5
2019-09-25 12:05:34,856 [RatisPipelineUtilsThread] INFO  pipeline.PipelinePlacementPolicy (PipelinePlacementPolicy.java:meetCriteria(91)) - Pipeline Placement: can't place more pipeline on heavy datanode： 4a53ed6f-dce3-4b1f-9e89-8e0e17f074cc Heaviness: 6 limit: 5
2019-09-25 12:05:34,856 [RatisPipelineUtilsThread] INFO  pipeline.PipelinePlacementPolicy (PipelinePlacementPolicy.java:meetCriteria(91)) - Pipeline Placement: can't place more pipeline on heavy datanode： e20b9d38-a0cd-4cc2-b07d-99b310028cde Heaviness: 6 limit: 5
2019-09-25 12:05:34,859 [grpc-default-executor-2] INFO  impl.RaftServerProxy (RaftServerProxy.java:addNew(89)) - efa15652-5c5a-4832-a509-1d419d802ac5: addNew group-907A17EBD695:[efa15652-5c5a-4832-a509-1d419d802ac5:192.168.151.73:43628] returns group-907A17EBD695:java.util.concurrent.CompletableFuture@7bd96cda[Not completed]
2019-09-25 12:05:34,860 [pool-469-thread-1] INFO  impl.RaftServerImpl (RaftServerImpl.java:<init>(95)) - efa15652-5c5a-4832-a509-1d419d802ac5: new RaftServerImpl for group-907A17EBD695:[efa15652-5c5a-4832-a509-1d419d802ac5:192.168.151.73:43628] with ContainerStateMachine:uninitialized
2019-09-25 12:05:34,860 [pool-469-thread-1] INFO  server.RaftServerConfigKeys (ConfUtils.java:logGet(43)) - raft.server.rpc.timeout.min = 5s (custom)
2019-09-25 12:05:34,860 [pool-469-thread-1] INFO  server.RaftServerConfigKeys (ConfUtils.java:logGet(43)) - raft.server.rpc.timeout.max = 5200ms (custom)
2019-09-25 12:05:34,860 [pool-469-thread-1] INFO  server.RaftServerConfigKeys (ConfUtils.java:logGet(43)) - raft.server.rpcslowness.timeout = 120s (custom)
2019-09-25 12:05:34,861 [pool-469-thread-1] INFO  server.RaftServerConfigKeys (ConfUtils.java:logGet(43)) - raft.server.sleep.deviation.threshold = 300 (default)
2019-09-25 12:05:34,861 [pool-469-thread-1] INFO  server.RaftServerConfigKeys (ConfUtils.java:logGet(43)) - raft.server.log.appender.install.snapshot.enabled = false (custom)
2019-09-25 12:05:34,861 [pool-469-thread-1] INFO  impl.RaftServerImpl (ServerState.java:<init>(103)) - efa15652-5c5a-4832-a509-1d419d802ac5@group-907A17EBD695: ConfigurationManager, init=-1: [efa15652-5c5a-4832-a509-1d419d802ac5:192.168.151.73:43628], old=null, confs=<EMPTY_MAP>
2019-09-25 12:05:34,861 [pool-469-thread-1] INFO  server.RaftServerConfigKeys (ConfUtils.java:logGet(43)) - raft.server.storage.dir = [/workdir/hadoop-ozone/integration-test/target/test-dir/MiniOzoneClusterImpl-0814cdd2-95b4-491b-95c0-a7203a111cc5/datanode-6/data/ratis] (custom)
2019-09-25 12:05:34,861 [pool-469-thread-1] INFO  storage.RaftStorageDirectory (RaftStorageDirectory.java:analyzeStorage(246)) - The storage directory /workdir/hadoop-ozone/integration-test/target/test-dir/MiniOzoneClusterImpl-0814cdd2-95b4-491b-95c0-a7203a111cc5/datanode-6/data/ratis/aa8fe271-2adf-43f0-81c7-907a17ebd695 does not exist. Creating ...
2019-09-25 12:05:34,874 [pool-469-thread-1] INFO  storage.RaftStorageDirectory (RaftStorageDirectory.java:tryLock(328)) - Lock on /workdir/hadoop-ozone/integration-test/target/test-dir/MiniOzoneClusterImpl-0814cdd2-95b4-491b-95c0-a7203a111cc5/datanode-6/data/ratis/aa8fe271-2adf-43f0-81c7-907a17ebd695/in_use.lock acquired by nodename 24979@pr-hdds-1569-shd4m-3693607622
2019-09-25 12:05:34,886 [pool-469-thread-1] INFO  storage.RaftStorage (RaftStorage.java:format(72)) - Storage directory /workdir/hadoop-ozone/integration-test/target/test-dir/MiniOzoneClusterImpl-0814cdd2-95b4-491b-95c0-a7203a111cc5/datanode-6/data/ratis/aa8fe271-2adf-43f0-81c7-907a17ebd695 has been successfully formatted.
2019-09-25 12:05:34,887 [pool-469-thread-1] INFO  ratis.ContainerStateMachine (ContainerStateMachine.java:loadSnapshot(230)) - group-907A17EBD695: The snapshot info is null. Setting the last applied indexto:(t:0, i:~)
2019-09-25 12:05:34,887 [pool-469-thread-1] INFO  server.RaftServerConfigKeys (ConfUtils.java:logGet(43)) - raft.server.notification.no-leader.timeout = 120s (custom)
2019-09-25 12:05:34,887 [pool-469-thread-1] INFO  server.RaftServerConfigKeys (ConfUtils.java:logGet(43)) - raft.server.log.use.memory = false (default)
2019-09-25 12:05:34,887 [pool-469-thread-1] INFO  server.RaftServerConfigKeys (ConfUtils.java:logGet(43)) - raft.server.log.purge.gap = 1000000 (custom)
2019-09-25 12:05:34,887 [pool-469-thread-1] INFO  server.RaftServerConfigKeys (ConfUtils.java:logGet(43)) - raft.server.log.appender.buffer.byte-limit = 33554432 (custom)
2019-09-25 12:05:34,887 [pool-469-thread-1] INFO  server.RaftServerConfigKeys (ConfUtils.java:logGet(43)) - raft.server.log.segment.size.max = 1048576 (custom)
2019-09-25 12:05:34,887 [pool-469-thread-1] INFO  server.RaftServerConfigKeys (ConfUtils.java:logGet(43)) - raft.server.log.segment.cache.num.max = 2 (custom)
2019-09-25 12:05:34,888 [pool-469-thread-1] INFO  segmented.SegmentedRaftLogWorker (SegmentedRaftLogWorker.java:<init>(172)) - new efa15652-5c5a-4832-a509-1d419d802ac5@group-907A17EBD695-SegmentedRaftLogWorker for RaftStorage:Storage Directory /workdir/hadoop-ozone/integration-test/target/test-dir/MiniOzoneClusterImpl-0814cdd2-95b4-491b-95c0-a7203a111cc5/datanode-6/data/ratis/aa8fe271-2adf-43f0-81c7-907a17ebd695
2019-09-25 12:05:34,888 [pool-469-thread-1] INFO  server.RaftServerConfigKeys (ConfUtils.java:logGet(43)) - raft.server.log.queue.byte-limit = 2147483647 (custom)
2019-09-25 12:05:34,888 [pool-469-thread-1] INFO  server.RaftServerConfigKeys (ConfUtils.java:logGet(43)) - raft.server.log.queue.element-limit = 1024 (custom)
2019-09-25 12:05:34,888 [pool-469-thread-1] INFO  server.RaftServerConfigKeys (ConfUtils.java:logGet(43)) - raft.server.log.segment.size.max = 1048576 (custom)
2019-09-25 12:05:34,888 [pool-469-thread-1] INFO  server.RaftServerConfigKeys (ConfUtils.java:logGet(43)) - raft.server.log.preallocated.size = 16384 (custom)
2019-09-25 12:05:34,888 [pool-469-thread-1] INFO  server.RaftServerConfigKeys (ConfUtils.java:logGet(43)) - raft.server.log.write.buffer.size = 33554432 (custom)
2019-09-25 12:05:34,888 [pool-469-thread-1] INFO  server.RaftServerConfigKeys (ConfUtils.java:logGet(43)) - raft.server.log.force.sync.num = 128 (default)
2019-09-25 12:05:34,888 [pool-469-thread-1] INFO  server.RaftServerConfigKeys (ConfUtils.java:logGet(43)) - raft.server.log.statemachine.data.sync = true (default)
2019-09-25 12:05:34,888 [pool-469-thread-1] INFO  server.RaftServerConfigKeys (ConfUtils.java:logGet(43)) - raft.server.log.statemachine.data.sync.timeout = 10s (default)
2019-09-25 12:05:34,889 [pool-469-thread-1] INFO  server.RaftServerConfigKeys (ConfUtils.java:logGet(43)) - raft.server.log.statemachine.data.sync.timeout.retry = -1 (default)
2019-09-25 12:05:34,889 [pool-469-thread-1] INFO  server.RaftServerConfigKeys (ConfUtils.java:logGet(43)) - raft.server.log.statemachine.data.caching.enabled = true (custom)
2019-09-25 12:05:34,889 [pool-469-thread-1] INFO  segmented.SegmentedRaftLogWorker (SegmentedRaftLogWorker.java:lambda$new$0(132)) - efa15652-5c5a-4832-a509-1d419d802ac5@group-907A17EBD695-SegmentedRaftLogWorker: flushIndex: setUnconditionally 0 -> -1
2019-09-25 12:05:34,889 [pool-469-thread-1] INFO  server.RaftServerConfigKeys (ConfUtils.java:logGet(43)) - raft.server.snapshot.auto.trigger.enabled = true (custom)
2019-09-25 12:05:34,889 [pool-469-thread-1] INFO  server.RaftServerConfigKeys (ConfUtils.java:logGet(43)) - raft.server.snapshot.auto.trigger.threshold = 10000 (custom)
2019-09-25 12:05:34,889 [pool-469-thread-1] INFO  server.RaftServerConfigKeys (ConfUtils.java:logGet(43)) - raft.server.snapshot.retention.num.files = 5 (custom)
2019-09-25 12:05:34,889 [pool-469-thread-1] INFO  server.RaftServerConfigKeys (ConfUtils.java:logGet(43)) - raft.server.retrycache.expirytime = 600000ms (custom)
2019-09-25 12:05:34,891 [pool-469-thread-1] INFO  impl.RaftServerImpl (RaftServerImpl.java:start(185)) - efa15652-5c5a-4832-a509-1d419d802ac5@group-907A17EBD695: start as a follower, conf=-1: [efa15652-5c5a-4832-a509-1d419d802ac5:192.168.151.73:43628], old=null
2019-09-25 12:05:34,891 [pool-469-thread-1] INFO  impl.RaftServerImpl (RaftServerImpl.java:setRole(174)) - efa15652-5c5a-4832-a509-1d419d802ac5@group-907A17EBD695: changes role from      null to FOLLOWER at term 0 for startAsFollower
2019-09-25 12:05:34,891 [pool-469-thread-1] INFO  impl.RoleInfo (RoleInfo.java:updateAndGet(143)) - efa15652-5c5a-4832-a509-1d419d802ac5: start FollowerState
2019-09-25 12:05:34,891 [pool-469-thread-1] INFO  util.JmxRegister (JmxRegister.java:tryRegister(44)) - Successfully registered JMX Bean with object name Ratis:service=RaftServer,group=group-907A17EBD695,id=efa15652-5c5a-4832-a509-1d419d802ac5
2019-09-25 12:05:34,893 [RatisPipelineUtilsThread] INFO  pipeline.PipelineStateManager (PipelineStateManager.java:addPipeline(56)) - Created pipeline Pipeline[ Id: aa8fe271-2adf-43f0-81c7-907a17ebd695, Nodes: efa15652-5c5a-4832-a509-1d419d802ac5{ip: 192.168.151.73, host: pr-hdds-1569-shd4m-3693607622, networkLocation: /default-rack, certSerialId: null}, Type:RATIS, Factor:ONE, State:OPEN]
2019-09-25 12:05:34,893 [RatisPipelineUtilsThread] INFO  pipeline.PipelinePlacementPolicy (PipelinePlacementPolicy.java:meetCriteria(91)) - Pipeline Placement: can't place more pipeline on heavy datanode： 29c22799-2be0-4ff1-960a-e2f5fb4c56d9 Heaviness: 6 limit: 5
2019-09-25 12:05:34,893 [RatisPipelineUtilsThread] INFO  pipeline.PipelinePlacementPolicy (PipelinePlacementPolicy.java:meetCriteria(91)) - Pipeline Placement: can't place more pipeline on heavy datanode： aa2320bf-b2b0-4764-9bc5-2df8b93b85ea Heaviness: 6 limit: 5
2019-09-25 12:05:34,893 [RatisPipelineUtilsThread] INFO  pipeline.PipelinePlacementPolicy (PipelinePlacementPolicy.java:meetCriteria(91)) - Pipeline Placement: can't place more pipeline on heavy datanode： 1b5f48e1-875d-49d5-a3ca-2607cd8d3943 Heaviness: 6 limit: 5
2019-09-25 12:05:34,894 [RatisPipelineUtilsThread] INFO  pipeline.PipelinePlacementPolicy (PipelinePlacementPolicy.java:meetCriteria(91)) - Pipeline Placement: can't place more pipeline on heavy datanode： dd53ae84-fcc6-4953-b3df-628fab38f53c Heaviness: 6 limit: 5
2019-09-25 12:05:34,894 [RatisPipelineUtilsThread] INFO  pipeline.PipelinePlacementPolicy (PipelinePlacementPolicy.java:meetCriteria(91)) - Pipeline Placement: can't place more pipeline on heavy datanode： 4a53ed6f-dce3-4b1f-9e89-8e0e17f074cc Heaviness: 6 limit: 5
2019-09-25 12:05:34,894 [RatisPipelineUtilsThread] INFO  pipeline.PipelinePlacementPolicy (PipelinePlacementPolicy.java:meetCriteria(91)) - Pipeline Placement: can't place more pipeline on heavy datanode： e20b9d38-a0cd-4cc2-b07d-99b310028cde Heaviness: 6 limit: 5
2019-09-25 12:05:34,897 [grpc-default-executor-1] INFO  impl.RaftServerProxy (RaftServerProxy.java:addNew(89)) - efa15652-5c5a-4832-a509-1d419d802ac5: addNew group-C5C18B249B7A:[efa15652-5c5a-4832-a509-1d419d802ac5:192.168.151.73:43628] returns group-C5C18B249B7A:java.util.concurrent.CompletableFuture@739d5e05[Not completed]
2019-09-25 12:05:34,898 [pool-469-thread-1] INFO  impl.RaftServerImpl (RaftServerImpl.java:<init>(95)) - efa15652-5c5a-4832-a509-1d419d802ac5: new RaftServerImpl for group-C5C18B249B7A:[efa15652-5c5a-4832-a509-1d419d802ac5:192.168.151.73:43628] with ContainerStateMachine:uninitialized
2019-09-25 12:05:34,898 [pool-469-thread-1] INFO  server.RaftServerConfigKeys (ConfUtils.java:logGet(43)) - raft.server.rpc.timeout.min = 5s (custom)
2019-09-25 12:05:34,898 [pool-469-thread-1] INFO  server.RaftServerConfigKeys (ConfUtils.java:logGet(43)) - raft.server.rpc.timeout.max = 5200ms (custom)
2019-09-25 12:05:34,898 [pool-469-thread-1] INFO  server.RaftServerConfigKeys (ConfUtils.java:logGet(43)) - raft.server.rpcslowness.timeout = 120s (custom)
2019-09-25 12:05:34,898 [pool-469-thread-1] INFO  server.RaftServerConfigKeys (ConfUtils.java:logGet(43)) - raft.server.sleep.deviation.threshold = 300 (default)
2019-09-25 12:05:34,898 [pool-469-thread-1] INFO  server.RaftServerConfigKeys (ConfUtils.java:logGet(43)) - raft.server.log.appender.install.snapshot.enabled = false (custom)
2019-09-25 12:05:34,898 [pool-469-thread-1] INFO  impl.RaftServerImpl (ServerState.java:<init>(103)) - efa15652-5c5a-4832-a509-1d419d802ac5@group-C5C18B249B7A: ConfigurationManager, init=-1: [efa15652-5c5a-4832-a509-1d419d802ac5:192.168.151.73:43628], old=null, confs=<EMPTY_MAP>
2019-09-25 12:05:34,899 [pool-469-thread-1] INFO  server.RaftServerConfigKeys (ConfUtils.java:logGet(43)) - raft.server.storage.dir = [/workdir/hadoop-ozone/integration-test/target/test-dir/MiniOzoneClusterImpl-0814cdd2-95b4-491b-95c0-a7203a111cc5/datanode-6/data/ratis] (custom)
2019-09-25 12:05:34,899 [pool-469-thread-1] INFO  storage.RaftStorageDirectory (RaftStorageDirectory.java:analyzeStorage(246)) - The storage directory /workdir/hadoop-ozone/integration-test/target/test-dir/MiniOzoneClusterImpl-0814cdd2-95b4-491b-95c0-a7203a111cc5/datanode-6/data/ratis/a2d95065-9ae4-45b3-8623-c5c18b249b7a does not exist. Creating ...
2019-09-25 12:05:34,917 [pool-469-thread-1] INFO  storage.RaftStorageDirectory (RaftStorageDirectory.java:tryLock(328)) - Lock on /workdir/hadoop-ozone/integration-test/target/test-dir/MiniOzoneClusterImpl-0814cdd2-95b4-491b-95c0-a7203a111cc5/datanode-6/data/ratis/a2d95065-9ae4-45b3-8623-c5c18b249b7a/in_use.lock acquired by nodename 24979@pr-hdds-1569-shd4m-3693607622
2019-09-25 12:05:34,930 [pool-469-thread-1] INFO  storage.RaftStorage (RaftStorage.java:format(72)) - Storage directory /workdir/hadoop-ozone/integration-test/target/test-dir/MiniOzoneClusterImpl-0814cdd2-95b4-491b-95c0-a7203a111cc5/datanode-6/data/ratis/a2d95065-9ae4-45b3-8623-c5c18b249b7a has been successfully formatted.
2019-09-25 12:05:34,931 [pool-469-thread-1] INFO  ratis.ContainerStateMachine (ContainerStateMachine.java:loadSnapshot(230)) - group-C5C18B249B7A: The snapshot info is null. Setting the last applied indexto:(t:0, i:~)
2019-09-25 12:05:34,931 [pool-469-thread-1] INFO  server.RaftServerConfigKeys (ConfUtils.java:logGet(43)) - raft.server.notification.no-leader.timeout = 120s (custom)
2019-09-25 12:05:34,931 [pool-469-thread-1] INFO  server.RaftServerConfigKeys (ConfUtils.java:logGet(43)) - raft.server.log.use.memory = false (default)
2019-09-25 12:05:34,931 [pool-469-thread-1] INFO  server.RaftServerConfigKeys (ConfUtils.java:logGet(43)) - raft.server.log.purge.gap = 1000000 (custom)
2019-09-25 12:05:34,931 [pool-469-thread-1] INFO  server.RaftServerConfigKeys (ConfUtils.java:logGet(43)) - raft.server.log.appender.buffer.byte-limit = 33554432 (custom)
2019-09-25 12:05:34,931 [pool-469-thread-1] INFO  server.RaftServerConfigKeys (ConfUtils.java:logGet(43)) - raft.server.log.segment.size.max = 1048576 (custom)
2019-09-25 12:05:34,931 [pool-469-thread-1] INFO  server.RaftServerConfigKeys (ConfUtils.java:logGet(43)) - raft.server.log.segment.cache.num.max = 2 (custom)
2019-09-25 12:05:34,931 [pool-469-thread-1] INFO  segmented.SegmentedRaftLogWorker (SegmentedRaftLogWorker.java:<init>(172)) - new efa15652-5c5a-4832-a509-1d419d802ac5@group-C5C18B249B7A-SegmentedRaftLogWorker for RaftStorage:Storage Directory /workdir/hadoop-ozone/integration-test/target/test-dir/MiniOzoneClusterImpl-0814cdd2-95b4-491b-95c0-a7203a111cc5/datanode-6/data/ratis/a2d95065-9ae4-45b3-8623-c5c18b249b7a
2019-09-25 12:05:34,931 [pool-469-thread-1] INFO  server.RaftServerConfigKeys (ConfUtils.java:logGet(43)) - raft.server.log.queue.byte-limit = 2147483647 (custom)
2019-09-25 12:05:34,932 [pool-469-thread-1] INFO  server.RaftServerConfigKeys (ConfUtils.java:logGet(43)) - raft.server.log.queue.element-limit = 1024 (custom)
2019-09-25 12:05:34,932 [pool-469-thread-1] INFO  server.RaftServerConfigKeys (ConfUtils.java:logGet(43)) - raft.server.log.segment.size.max = 1048576 (custom)
2019-09-25 12:05:34,932 [pool-469-thread-1] INFO  server.RaftServerConfigKeys (ConfUtils.java:logGet(43)) - raft.server.log.preallocated.size = 16384 (custom)
2019-09-25 12:05:34,932 [pool-469-thread-1] INFO  server.RaftServerConfigKeys (ConfUtils.java:logGet(43)) - raft.server.log.write.buffer.size = 33554432 (custom)
2019-09-25 12:05:34,932 [pool-469-thread-1] INFO  server.RaftServerConfigKeys (ConfUtils.java:logGet(43)) - raft.server.log.force.sync.num = 128 (default)
2019-09-25 12:05:34,932 [pool-469-thread-1] INFO  server.RaftServerConfigKeys (ConfUtils.java:logGet(43)) - raft.server.log.statemachine.data.sync = true (default)
2019-09-25 12:05:34,932 [pool-469-thread-1] INFO  server.RaftServerConfigKeys (ConfUtils.java:logGet(43)) - raft.server.log.statemachine.data.sync.timeout = 10s (default)
2019-09-25 12:05:34,932 [pool-469-thread-1] INFO  server.RaftServerConfigKeys (ConfUtils.java:logGet(43)) - raft.server.log.statemachine.data.sync.timeout.retry = -1 (default)
2019-09-25 12:05:34,932 [pool-469-thread-1] INFO  server.RaftServerConfigKeys (ConfUtils.java:logGet(43)) - raft.server.log.statemachine.data.caching.enabled = true (custom)
2019-09-25 12:05:34,933 [pool-469-thread-1] INFO  segmented.SegmentedRaftLogWorker (SegmentedRaftLogWorker.java:lambda$new$0(132)) - efa15652-5c5a-4832-a509-1d419d802ac5@group-C5C18B249B7A-SegmentedRaftLogWorker: flushIndex: setUnconditionally 0 -> -1
2019-09-25 12:05:34,933 [pool-469-thread-1] INFO  server.RaftServerConfigKeys (ConfUtils.java:logGet(43)) - raft.server.snapshot.auto.trigger.enabled = true (custom)
2019-09-25 12:05:34,933 [pool-469-thread-1] INFO  server.RaftServerConfigKeys (ConfUtils.java:logGet(43)) - raft.server.snapshot.auto.trigger.threshold = 10000 (custom)
2019-09-25 12:05:34,933 [pool-469-thread-1] INFO  server.RaftServerConfigKeys (ConfUtils.java:logGet(43)) - raft.server.snapshot.retention.num.files = 5 (custom)
2019-09-25 12:05:34,933 [pool-469-thread-1] INFO  server.RaftServerConfigKeys (ConfUtils.java:logGet(43)) - raft.server.retrycache.expirytime = 600000ms (custom)
2019-09-25 12:05:34,935 [pool-469-thread-1] INFO  impl.RaftServerImpl (RaftServerImpl.java:start(185)) - efa15652-5c5a-4832-a509-1d419d802ac5@group-C5C18B249B7A: start as a follower, conf=-1: [efa15652-5c5a-4832-a509-1d419d802ac5:192.168.151.73:43628], old=null
2019-09-25 12:05:34,935 [pool-469-thread-1] INFO  impl.RaftServerImpl (RaftServerImpl.java:setRole(174)) - efa15652-5c5a-4832-a509-1d419d802ac5@group-C5C18B249B7A: changes role from      null to FOLLOWER at term 0 for startAsFollower
2019-09-25 12:05:34,935 [pool-469-thread-1] INFO  impl.RoleInfo (RoleInfo.java:updateAndGet(143)) - efa15652-5c5a-4832-a509-1d419d802ac5: start FollowerState
2019-09-25 12:05:34,935 [pool-469-thread-1] INFO  util.JmxRegister (JmxRegister.java:tryRegister(44)) - Successfully registered JMX Bean with object name Ratis:service=RaftServer,group=group-C5C18B249B7A,id=efa15652-5c5a-4832-a509-1d419d802ac5
2019-09-25 12:05:34,937 [RatisPipelineUtilsThread] INFO  pipeline.PipelineStateManager (PipelineStateManager.java:addPipeline(56)) - Created pipeline Pipeline[ Id: a2d95065-9ae4-45b3-8623-c5c18b249b7a, Nodes: efa15652-5c5a-4832-a509-1d419d802ac5{ip: 192.168.151.73, host: pr-hdds-1569-shd4m-3693607622, networkLocation: /default-rack, certSerialId: null}, Type:RATIS, Factor:ONE, State:OPEN]
2019-09-25 12:05:34,937 [RatisPipelineUtilsThread] INFO  pipeline.PipelinePlacementPolicy (PipelinePlacementPolicy.java:meetCriteria(91)) - Pipeline Placement: can't place more pipeline on heavy datanode： 29c22799-2be0-4ff1-960a-e2f5fb4c56d9 Heaviness: 6 limit: 5
2019-09-25 12:05:34,937 [RatisPipelineUtilsThread] INFO  pipeline.PipelinePlacementPolicy (PipelinePlacementPolicy.java:meetCriteria(91)) - Pipeline Placement: can't place more pipeline on heavy datanode： aa2320bf-b2b0-4764-9bc5-2df8b93b85ea Heaviness: 6 limit: 5
2019-09-25 12:05:34,937 [RatisPipelineUtilsThread] INFO  pipeline.PipelinePlacementPolicy (PipelinePlacementPolicy.java:meetCriteria(91)) - Pipeline Placement: can't place more pipeline on heavy datanode： 1b5f48e1-875d-49d5-a3ca-2607cd8d3943 Heaviness: 6 limit: 5
2019-09-25 12:05:34,937 [RatisPipelineUtilsThread] INFO  pipeline.PipelinePlacementPolicy (PipelinePlacementPolicy.java:meetCriteria(91)) - Pipeline Placement: can't place more pipeline on heavy datanode： dd53ae84-fcc6-4953-b3df-628fab38f53c Heaviness: 6 limit: 5
2019-09-25 12:05:34,938 [RatisPipelineUtilsThread] INFO  pipeline.PipelinePlacementPolicy (PipelinePlacementPolicy.java:meetCriteria(91)) - Pipeline Placement: can't place more pipeline on heavy datanode： 4a53ed6f-dce3-4b1f-9e89-8e0e17f074cc Heaviness: 6 limit: 5
2019-09-25 12:05:34,938 [RatisPipelineUtilsThread] INFO  pipeline.PipelinePlacementPolicy (PipelinePlacementPolicy.java:meetCriteria(91)) - Pipeline Placement: can't place more pipeline on heavy datanode： e20b9d38-a0cd-4cc2-b07d-99b310028cde Heaviness: 6 limit: 5
2019-09-25 12:05:34,941 [grpc-default-executor-1] INFO  impl.RaftServerProxy (RaftServerProxy.java:addNew(89)) - efa15652-5c5a-4832-a509-1d419d802ac5: addNew group-598E75AD1213:[efa15652-5c5a-4832-a509-1d419d802ac5:192.168.151.73:43628] returns group-598E75AD1213:java.util.concurrent.CompletableFuture@254a051e[Not completed]
2019-09-25 12:05:34,941 [pool-469-thread-1] INFO  impl.RaftServerImpl (RaftServerImpl.java:<init>(95)) - efa15652-5c5a-4832-a509-1d419d802ac5: new RaftServerImpl for group-598E75AD1213:[efa15652-5c5a-4832-a509-1d419d802ac5:192.168.151.73:43628] with ContainerStateMachine:uninitialized
2019-09-25 12:05:34,942 [pool-469-thread-1] INFO  server.RaftServerConfigKeys (ConfUtils.java:logGet(43)) - raft.server.rpc.timeout.min = 5s (custom)
2019-09-25 12:05:34,942 [pool-469-thread-1] INFO  server.RaftServerConfigKeys (ConfUtils.java:logGet(43)) - raft.server.rpc.timeout.max = 5200ms (custom)
2019-09-25 12:05:34,942 [pool-469-thread-1] INFO  server.RaftServerConfigKeys (ConfUtils.java:logGet(43)) - raft.server.rpcslowness.timeout = 120s (custom)
2019-09-25 12:05:34,942 [pool-469-thread-1] INFO  server.RaftServerConfigKeys (ConfUtils.java:logGet(43)) - raft.server.sleep.deviation.threshold = 300 (default)
2019-09-25 12:05:34,942 [pool-469-thread-1] INFO  server.RaftServerConfigKeys (ConfUtils.java:logGet(43)) - raft.server.log.appender.install.snapshot.enabled = false (custom)
2019-09-25 12:05:34,942 [pool-469-thread-1] INFO  impl.RaftServerImpl (ServerState.java:<init>(103)) - efa15652-5c5a-4832-a509-1d419d802ac5@group-598E75AD1213: ConfigurationManager, init=-1: [efa15652-5c5a-4832-a509-1d419d802ac5:192.168.151.73:43628], old=null, confs=<EMPTY_MAP>
2019-09-25 12:05:34,942 [pool-469-thread-1] INFO  server.RaftServerConfigKeys (ConfUtils.java:logGet(43)) - raft.server.storage.dir = [/workdir/hadoop-ozone/integration-test/target/test-dir/MiniOzoneClusterImpl-0814cdd2-95b4-491b-95c0-a7203a111cc5/datanode-6/data/ratis] (custom)
2019-09-25 12:05:34,942 [pool-469-thread-1] INFO  storage.RaftStorageDirectory (RaftStorageDirectory.java:analyzeStorage(246)) - The storage directory /workdir/hadoop-ozone/integration-test/target/test-dir/MiniOzoneClusterImpl-0814cdd2-95b4-491b-95c0-a7203a111cc5/datanode-6/data/ratis/668fd5a6-df87-4aae-9feb-598e75ad1213 does not exist. Creating ...
2019-09-25 12:05:34,966 [pool-469-thread-1] INFO  storage.RaftStorageDirectory (RaftStorageDirectory.java:tryLock(328)) - Lock on /workdir/hadoop-ozone/integration-test/target/test-dir/MiniOzoneClusterImpl-0814cdd2-95b4-491b-95c0-a7203a111cc5/datanode-6/data/ratis/668fd5a6-df87-4aae-9feb-598e75ad1213/in_use.lock acquired by nodename 24979@pr-hdds-1569-shd4m-3693607622
2019-09-25 12:05:34,978 [pool-469-thread-1] INFO  storage.RaftStorage (RaftStorage.java:format(72)) - Storage directory /workdir/hadoop-ozone/integration-test/target/test-dir/MiniOzoneClusterImpl-0814cdd2-95b4-491b-95c0-a7203a111cc5/datanode-6/data/ratis/668fd5a6-df87-4aae-9feb-598e75ad1213 has been successfully formatted.
2019-09-25 12:05:34,979 [pool-469-thread-1] INFO  ratis.ContainerStateMachine (ContainerStateMachine.java:loadSnapshot(230)) - group-598E75AD1213: The snapshot info is null. Setting the last applied indexto:(t:0, i:~)
2019-09-25 12:05:34,979 [pool-469-thread-1] INFO  server.RaftServerConfigKeys (ConfUtils.java:logGet(43)) - raft.server.notification.no-leader.timeout = 120s (custom)
2019-09-25 12:05:34,979 [pool-469-thread-1] INFO  server.RaftServerConfigKeys (ConfUtils.java:logGet(43)) - raft.server.log.use.memory = false (default)
2019-09-25 12:05:34,979 [pool-469-thread-1] INFO  server.RaftServerConfigKeys (ConfUtils.java:logGet(43)) - raft.server.log.purge.gap = 1000000 (custom)
2019-09-25 12:05:34,979 [pool-469-thread-1] INFO  server.RaftServerConfigKeys (ConfUtils.java:logGet(43)) - raft.server.log.appender.buffer.byte-limit = 33554432 (custom)
2019-09-25 12:05:34,979 [pool-469-thread-1] INFO  server.RaftServerConfigKeys (ConfUtils.java:logGet(43)) - raft.server.log.segment.size.max = 1048576 (custom)
2019-09-25 12:05:34,979 [pool-469-thread-1] INFO  server.RaftServerConfigKeys (ConfUtils.java:logGet(43)) - raft.server.log.segment.cache.num.max = 2 (custom)
2019-09-25 12:05:34,979 [pool-469-thread-1] INFO  segmented.SegmentedRaftLogWorker (SegmentedRaftLogWorker.java:<init>(172)) - new efa15652-5c5a-4832-a509-1d419d802ac5@group-598E75AD1213-SegmentedRaftLogWorker for RaftStorage:Storage Directory /workdir/hadoop-ozone/integration-test/target/test-dir/MiniOzoneClusterImpl-0814cdd2-95b4-491b-95c0-a7203a111cc5/datanode-6/data/ratis/668fd5a6-df87-4aae-9feb-598e75ad1213
2019-09-25 12:05:34,980 [pool-469-thread-1] INFO  server.RaftServerConfigKeys (ConfUtils.java:logGet(43)) - raft.server.log.queue.byte-limit = 2147483647 (custom)
2019-09-25 12:05:34,980 [pool-469-thread-1] INFO  server.RaftServerConfigKeys (ConfUtils.java:logGet(43)) - raft.server.log.queue.element-limit = 1024 (custom)
2019-09-25 12:05:34,980 [pool-469-thread-1] INFO  server.RaftServerConfigKeys (ConfUtils.java:logGet(43)) - raft.server.log.segment.size.max = 1048576 (custom)
2019-09-25 12:05:34,980 [pool-469-thread-1] INFO  server.RaftServerConfigKeys (ConfUtils.java:logGet(43)) - raft.server.log.preallocated.size = 16384 (custom)
2019-09-25 12:05:34,980 [pool-469-thread-1] INFO  server.RaftServerConfigKeys (ConfUtils.java:logGet(43)) - raft.server.log.write.buffer.size = 33554432 (custom)
2019-09-25 12:05:34,980 [pool-469-thread-1] INFO  server.RaftServerConfigKeys (ConfUtils.java:logGet(43)) - raft.server.log.force.sync.num = 128 (default)
2019-09-25 12:05:34,980 [pool-469-thread-1] INFO  server.RaftServerConfigKeys (ConfUtils.java:logGet(43)) - raft.server.log.statemachine.data.sync = true (default)
2019-09-25 12:05:34,980 [pool-469-thread-1] INFO  server.RaftServerConfigKeys (ConfUtils.java:logGet(43)) - raft.server.log.statemachine.data.sync.timeout = 10s (default)
2019-09-25 12:05:34,980 [pool-469-thread-1] INFO  server.RaftServerConfigKeys (ConfUtils.java:logGet(43)) - raft.server.log.statemachine.data.sync.timeout.retry = -1 (default)
2019-09-25 12:05:34,980 [pool-469-thread-1] INFO  server.RaftServerConfigKeys (ConfUtils.java:logGet(43)) - raft.server.log.statemachine.data.caching.enabled = true (custom)
2019-09-25 12:05:34,981 [pool-469-thread-1] INFO  segmented.SegmentedRaftLogWorker (SegmentedRaftLogWorker.java:lambda$new$0(132)) - efa15652-5c5a-4832-a509-1d419d802ac5@group-598E75AD1213-SegmentedRaftLogWorker: flushIndex: setUnconditionally 0 -> -1
2019-09-25 12:05:34,981 [pool-469-thread-1] INFO  server.RaftServerConfigKeys (ConfUtils.java:logGet(43)) - raft.server.snapshot.auto.trigger.enabled = true (custom)
2019-09-25 12:05:34,981 [pool-469-thread-1] INFO  server.RaftServerConfigKeys (ConfUtils.java:logGet(43)) - raft.server.snapshot.auto.trigger.threshold = 10000 (custom)
2019-09-25 12:05:34,981 [pool-469-thread-1] INFO  server.RaftServerConfigKeys (ConfUtils.java:logGet(43)) - raft.server.snapshot.retention.num.files = 5 (custom)
2019-09-25 12:05:34,981 [pool-469-thread-1] INFO  server.RaftServerConfigKeys (ConfUtils.java:logGet(43)) - raft.server.retrycache.expirytime = 600000ms (custom)
2019-09-25 12:05:34,982 [pool-469-thread-1] INFO  impl.RaftServerImpl (RaftServerImpl.java:start(185)) - efa15652-5c5a-4832-a509-1d419d802ac5@group-598E75AD1213: start as a follower, conf=-1: [efa15652-5c5a-4832-a509-1d419d802ac5:192.168.151.73:43628], old=null
2019-09-25 12:05:34,982 [pool-469-thread-1] INFO  impl.RaftServerImpl (RaftServerImpl.java:setRole(174)) - efa15652-5c5a-4832-a509-1d419d802ac5@group-598E75AD1213: changes role from      null to FOLLOWER at term 0 for startAsFollower
2019-09-25 12:05:34,983 [pool-469-thread-1] INFO  impl.RoleInfo (RoleInfo.java:updateAndGet(143)) - efa15652-5c5a-4832-a509-1d419d802ac5: start FollowerState
2019-09-25 12:05:34,983 [pool-469-thread-1] INFO  util.JmxRegister (JmxRegister.java:tryRegister(44)) - Successfully registered JMX Bean with object name Ratis:service=RaftServer,group=group-598E75AD1213,id=efa15652-5c5a-4832-a509-1d419d802ac5
2019-09-25 12:05:34,984 [RatisPipelineUtilsThread] INFO  pipeline.PipelineStateManager (PipelineStateManager.java:addPipeline(56)) - Created pipeline Pipeline[ Id: 668fd5a6-df87-4aae-9feb-598e75ad1213, Nodes: efa15652-5c5a-4832-a509-1d419d802ac5{ip: 192.168.151.73, host: pr-hdds-1569-shd4m-3693607622, networkLocation: /default-rack, certSerialId: null}, Type:RATIS, Factor:ONE, State:OPEN]
2019-09-25 12:05:34,985 [RatisPipelineUtilsThread] INFO  pipeline.PipelinePlacementPolicy (PipelinePlacementPolicy.java:meetCriteria(91)) - Pipeline Placement: can't place more pipeline on heavy datanode： 29c22799-2be0-4ff1-960a-e2f5fb4c56d9 Heaviness: 6 limit: 5
2019-09-25 12:05:34,985 [RatisPipelineUtilsThread] INFO  pipeline.PipelinePlacementPolicy (PipelinePlacementPolicy.java:meetCriteria(91)) - Pipeline Placement: can't place more pipeline on heavy datanode： aa2320bf-b2b0-4764-9bc5-2df8b93b85ea Heaviness: 6 limit: 5
2019-09-25 12:05:34,985 [RatisPipelineUtilsThread] INFO  pipeline.PipelinePlacementPolicy (PipelinePlacementPolicy.java:meetCriteria(91)) - Pipeline Placement: can't place more pipeline on heavy datanode： 1b5f48e1-875d-49d5-a3ca-2607cd8d3943 Heaviness: 6 limit: 5
2019-09-25 12:05:34,985 [RatisPipelineUtilsThread] INFO  pipeline.PipelinePlacementPolicy (PipelinePlacementPolicy.java:meetCriteria(91)) - Pipeline Placement: can't place more pipeline on heavy datanode： dd53ae84-fcc6-4953-b3df-628fab38f53c Heaviness: 6 limit: 5
2019-09-25 12:05:34,985 [RatisPipelineUtilsThread] INFO  pipeline.PipelinePlacementPolicy (PipelinePlacementPolicy.java:meetCriteria(91)) - Pipeline Placement: can't place more pipeline on heavy datanode： 4a53ed6f-dce3-4b1f-9e89-8e0e17f074cc Heaviness: 6 limit: 5
2019-09-25 12:05:34,986 [RatisPipelineUtilsThread] INFO  pipeline.PipelinePlacementPolicy (PipelinePlacementPolicy.java:meetCriteria(91)) - Pipeline Placement: can't place more pipeline on heavy datanode： e20b9d38-a0cd-4cc2-b07d-99b310028cde Heaviness: 6 limit: 5
2019-09-25 12:05:34,989 [grpc-default-executor-1] INFO  impl.RaftServerProxy (RaftServerProxy.java:addNew(89)) - efa15652-5c5a-4832-a509-1d419d802ac5: addNew group-A06825C1DCF1:[efa15652-5c5a-4832-a509-1d419d802ac5:192.168.151.73:43628] returns group-A06825C1DCF1:java.util.concurrent.CompletableFuture@7a9e5ad8[Not completed]
2019-09-25 12:05:34,989 [pool-469-thread-1] INFO  impl.RaftServerImpl (RaftServerImpl.java:<init>(95)) - efa15652-5c5a-4832-a509-1d419d802ac5: new RaftServerImpl for group-A06825C1DCF1:[efa15652-5c5a-4832-a509-1d419d802ac5:192.168.151.73:43628] with ContainerStateMachine:uninitialized
2019-09-25 12:05:34,989 [pool-469-thread-1] INFO  server.RaftServerConfigKeys (ConfUtils.java:logGet(43)) - raft.server.rpc.timeout.min = 5s (custom)
2019-09-25 12:05:34,989 [pool-469-thread-1] INFO  server.RaftServerConfigKeys (ConfUtils.java:logGet(43)) - raft.server.rpc.timeout.max = 5200ms (custom)
2019-09-25 12:05:34,989 [pool-469-thread-1] INFO  server.RaftServerConfigKeys (ConfUtils.java:logGet(43)) - raft.server.rpcslowness.timeout = 120s (custom)
2019-09-25 12:05:34,990 [pool-469-thread-1] INFO  server.RaftServerConfigKeys (ConfUtils.java:logGet(43)) - raft.server.sleep.deviation.threshold = 300 (default)
2019-09-25 12:05:34,990 [pool-469-thread-1] INFO  server.RaftServerConfigKeys (ConfUtils.java:logGet(43)) - raft.server.log.appender.install.snapshot.enabled = false (custom)
2019-09-25 12:05:34,990 [pool-469-thread-1] INFO  impl.RaftServerImpl (ServerState.java:<init>(103)) - efa15652-5c5a-4832-a509-1d419d802ac5@group-A06825C1DCF1: ConfigurationManager, init=-1: [efa15652-5c5a-4832-a509-1d419d802ac5:192.168.151.73:43628], old=null, confs=<EMPTY_MAP>
2019-09-25 12:05:34,990 [pool-469-thread-1] INFO  server.RaftServerConfigKeys (ConfUtils.java:logGet(43)) - raft.server.storage.dir = [/workdir/hadoop-ozone/integration-test/target/test-dir/MiniOzoneClusterImpl-0814cdd2-95b4-491b-95c0-a7203a111cc5/datanode-6/data/ratis] (custom)
2019-09-25 12:05:34,990 [pool-469-thread-1] INFO  storage.RaftStorageDirectory (RaftStorageDirectory.java:analyzeStorage(246)) - The storage directory /workdir/hadoop-ozone/integration-test/target/test-dir/MiniOzoneClusterImpl-0814cdd2-95b4-491b-95c0-a7203a111cc5/datanode-6/data/ratis/9d4fe772-543d-4b68-9236-a06825c1dcf1 does not exist. Creating ...
2019-09-25 12:05:35,003 [pool-469-thread-1] INFO  storage.RaftStorageDirectory (RaftStorageDirectory.java:tryLock(328)) - Lock on /workdir/hadoop-ozone/integration-test/target/test-dir/MiniOzoneClusterImpl-0814cdd2-95b4-491b-95c0-a7203a111cc5/datanode-6/data/ratis/9d4fe772-543d-4b68-9236-a06825c1dcf1/in_use.lock acquired by nodename 24979@pr-hdds-1569-shd4m-3693607622
2019-09-25 12:05:35,016 [pool-469-thread-1] INFO  storage.RaftStorage (RaftStorage.java:format(72)) - Storage directory /workdir/hadoop-ozone/integration-test/target/test-dir/MiniOzoneClusterImpl-0814cdd2-95b4-491b-95c0-a7203a111cc5/datanode-6/data/ratis/9d4fe772-543d-4b68-9236-a06825c1dcf1 has been successfully formatted.
2019-09-25 12:05:35,016 [pool-469-thread-1] INFO  ratis.ContainerStateMachine (ContainerStateMachine.java:loadSnapshot(230)) - group-A06825C1DCF1: The snapshot info is null. Setting the last applied indexto:(t:0, i:~)
2019-09-25 12:05:35,016 [pool-469-thread-1] INFO  server.RaftServerConfigKeys (ConfUtils.java:logGet(43)) - raft.server.notification.no-leader.timeout = 120s (custom)
2019-09-25 12:05:35,016 [pool-469-thread-1] INFO  server.RaftServerConfigKeys (ConfUtils.java:logGet(43)) - raft.server.log.use.memory = false (default)
2019-09-25 12:05:35,016 [pool-469-thread-1] INFO  server.RaftServerConfigKeys (ConfUtils.java:logGet(43)) - raft.server.log.purge.gap = 1000000 (custom)
2019-09-25 12:05:35,016 [pool-469-thread-1] INFO  server.RaftServerConfigKeys (ConfUtils.java:logGet(43)) - raft.server.log.appender.buffer.byte-limit = 33554432 (custom)
2019-09-25 12:05:35,016 [pool-469-thread-1] INFO  server.RaftServerConfigKeys (ConfUtils.java:logGet(43)) - raft.server.log.segment.size.max = 1048576 (custom)
2019-09-25 12:05:35,017 [pool-469-thread-1] INFO  server.RaftServerConfigKeys (ConfUtils.java:logGet(43)) - raft.server.log.segment.cache.num.max = 2 (custom)
2019-09-25 12:05:35,017 [pool-469-thread-1] INFO  segmented.SegmentedRaftLogWorker (SegmentedRaftLogWorker.java:<init>(172)) - new efa15652-5c5a-4832-a509-1d419d802ac5@group-A06825C1DCF1-SegmentedRaftLogWorker for RaftStorage:Storage Directory /workdir/hadoop-ozone/integration-test/target/test-dir/MiniOzoneClusterImpl-0814cdd2-95b4-491b-95c0-a7203a111cc5/datanode-6/data/ratis/9d4fe772-543d-4b68-9236-a06825c1dcf1
2019-09-25 12:05:35,017 [pool-469-thread-1] INFO  server.RaftServerConfigKeys (ConfUtils.java:logGet(43)) - raft.server.log.queue.byte-limit = 2147483647 (custom)
2019-09-25 12:05:35,017 [pool-469-thread-1] INFO  server.RaftServerConfigKeys (ConfUtils.java:logGet(43)) - raft.server.log.queue.element-limit = 1024 (custom)
2019-09-25 12:05:35,017 [pool-469-thread-1] INFO  server.RaftServerConfigKeys (ConfUtils.java:logGet(43)) - raft.server.log.segment.size.max = 1048576 (custom)
2019-09-25 12:05:35,017 [pool-469-thread-1] INFO  server.RaftServerConfigKeys (ConfUtils.java:logGet(43)) - raft.server.log.preallocated.size = 16384 (custom)
2019-09-25 12:05:35,017 [pool-469-thread-1] INFO  server.RaftServerConfigKeys (ConfUtils.java:logGet(43)) - raft.server.log.write.buffer.size = 33554432 (custom)
2019-09-25 12:05:35,017 [pool-469-thread-1] INFO  server.RaftServerConfigKeys (ConfUtils.java:logGet(43)) - raft.server.log.force.sync.num = 128 (default)
2019-09-25 12:05:35,018 [pool-469-thread-1] INFO  server.RaftServerConfigKeys (ConfUtils.java:logGet(43)) - raft.server.log.statemachine.data.sync = true (default)
2019-09-25 12:05:35,018 [pool-469-thread-1] INFO  server.RaftServerConfigKeys (ConfUtils.java:logGet(43)) - raft.server.log.statemachine.data.sync.timeout = 10s (default)
2019-09-25 12:05:35,018 [pool-469-thread-1] INFO  server.RaftServerConfigKeys (ConfUtils.java:logGet(43)) - raft.server.log.statemachine.data.sync.timeout.retry = -1 (default)
2019-09-25 12:05:35,018 [pool-469-thread-1] INFO  server.RaftServerConfigKeys (ConfUtils.java:logGet(43)) - raft.server.log.statemachine.data.caching.enabled = true (custom)
2019-09-25 12:05:35,018 [pool-469-thread-1] INFO  segmented.SegmentedRaftLogWorker (SegmentedRaftLogWorker.java:lambda$new$0(132)) - efa15652-5c5a-4832-a509-1d419d802ac5@group-A06825C1DCF1-SegmentedRaftLogWorker: flushIndex: setUnconditionally 0 -> -1
2019-09-25 12:05:35,018 [pool-469-thread-1] INFO  server.RaftServerConfigKeys (ConfUtils.java:logGet(43)) - raft.server.snapshot.auto.trigger.enabled = true (custom)
2019-09-25 12:05:35,019 [pool-469-thread-1] INFO  server.RaftServerConfigKeys (ConfUtils.java:logGet(43)) - raft.server.snapshot.auto.trigger.threshold = 10000 (custom)
2019-09-25 12:05:35,019 [pool-469-thread-1] INFO  server.RaftServerConfigKeys (ConfUtils.java:logGet(43)) - raft.server.snapshot.retention.num.files = 5 (custom)
2019-09-25 12:05:35,019 [pool-469-thread-1] INFO  server.RaftServerConfigKeys (ConfUtils.java:logGet(43)) - raft.server.retrycache.expirytime = 600000ms (custom)
2019-09-25 12:05:35,020 [pool-469-thread-1] INFO  impl.RaftServerImpl (RaftServerImpl.java:start(185)) - efa15652-5c5a-4832-a509-1d419d802ac5@group-A06825C1DCF1: start as a follower, conf=-1: [efa15652-5c5a-4832-a509-1d419d802ac5:192.168.151.73:43628], old=null
2019-09-25 12:05:35,020 [pool-469-thread-1] INFO  impl.RaftServerImpl (RaftServerImpl.java:setRole(174)) - efa15652-5c5a-4832-a509-1d419d802ac5@group-A06825C1DCF1: changes role from      null to FOLLOWER at term 0 for startAsFollower
2019-09-25 12:05:35,020 [pool-469-thread-1] INFO  impl.RoleInfo (RoleInfo.java:updateAndGet(143)) - efa15652-5c5a-4832-a509-1d419d802ac5: start FollowerState
2019-09-25 12:05:35,021 [pool-469-thread-1] INFO  util.JmxRegister (JmxRegister.java:tryRegister(44)) - Successfully registered JMX Bean with object name Ratis:service=RaftServer,group=group-A06825C1DCF1,id=efa15652-5c5a-4832-a509-1d419d802ac5
2019-09-25 12:05:35,023 [RatisPipelineUtilsThread] INFO  pipeline.PipelineStateManager (PipelineStateManager.java:addPipeline(56)) - Created pipeline Pipeline[ Id: 9d4fe772-543d-4b68-9236-a06825c1dcf1, Nodes: efa15652-5c5a-4832-a509-1d419d802ac5{ip: 192.168.151.73, host: pr-hdds-1569-shd4m-3693607622, networkLocation: /default-rack, certSerialId: null}, Type:RATIS, Factor:ONE, State:OPEN]
2019-09-25 12:05:35,023 [RatisPipelineUtilsThread] INFO  pipeline.PipelinePlacementPolicy (PipelinePlacementPolicy.java:meetCriteria(91)) - Pipeline Placement: can't place more pipeline on heavy datanode： 29c22799-2be0-4ff1-960a-e2f5fb4c56d9 Heaviness: 6 limit: 5
2019-09-25 12:05:35,023 [RatisPipelineUtilsThread] INFO  pipeline.PipelinePlacementPolicy (PipelinePlacementPolicy.java:meetCriteria(91)) - Pipeline Placement: can't place more pipeline on heavy datanode： aa2320bf-b2b0-4764-9bc5-2df8b93b85ea Heaviness: 6 limit: 5
2019-09-25 12:05:35,023 [RatisPipelineUtilsThread] INFO  pipeline.PipelinePlacementPolicy (PipelinePlacementPolicy.java:meetCriteria(91)) - Pipeline Placement: can't place more pipeline on heavy datanode： 1b5f48e1-875d-49d5-a3ca-2607cd8d3943 Heaviness: 6 limit: 5
2019-09-25 12:05:35,023 [RatisPipelineUtilsThread] INFO  pipeline.PipelinePlacementPolicy (PipelinePlacementPolicy.java:meetCriteria(91)) - Pipeline Placement: can't place more pipeline on heavy datanode： dd53ae84-fcc6-4953-b3df-628fab38f53c Heaviness: 6 limit: 5
2019-09-25 12:05:35,023 [RatisPipelineUtilsThread] INFO  pipeline.PipelinePlacementPolicy (PipelinePlacementPolicy.java:meetCriteria(91)) - Pipeline Placement: can't place more pipeline on heavy datanode： 4a53ed6f-dce3-4b1f-9e89-8e0e17f074cc Heaviness: 6 limit: 5
2019-09-25 12:05:35,024 [RatisPipelineUtilsThread] INFO  pipeline.PipelinePlacementPolicy (PipelinePlacementPolicy.java:meetCriteria(91)) - Pipeline Placement: can't place more pipeline on heavy datanode： e20b9d38-a0cd-4cc2-b07d-99b310028cde Heaviness: 6 limit: 5
2019-09-25 12:05:35,027 [grpc-default-executor-1] INFO  impl.RaftServerProxy (RaftServerProxy.java:addNew(89)) - efa15652-5c5a-4832-a509-1d419d802ac5: addNew group-2FCD5710C3C4:[efa15652-5c5a-4832-a509-1d419d802ac5:192.168.151.73:43628] returns group-2FCD5710C3C4:java.util.concurrent.CompletableFuture@73cfe5b2[Not completed]
2019-09-25 12:05:35,028 [pool-469-thread-1] INFO  impl.RaftServerImpl (RaftServerImpl.java:<init>(95)) - efa15652-5c5a-4832-a509-1d419d802ac5: new RaftServerImpl for group-2FCD5710C3C4:[efa15652-5c5a-4832-a509-1d419d802ac5:192.168.151.73:43628] with ContainerStateMachine:uninitialized
2019-09-25 12:05:35,028 [pool-469-thread-1] INFO  server.RaftServerConfigKeys (ConfUtils.java:logGet(43)) - raft.server.rpc.timeout.min = 5s (custom)
2019-09-25 12:05:35,028 [pool-469-thread-1] INFO  server.RaftServerConfigKeys (ConfUtils.java:logGet(43)) - raft.server.rpc.timeout.max = 5200ms (custom)
2019-09-25 12:05:35,028 [pool-469-thread-1] INFO  server.RaftServerConfigKeys (ConfUtils.java:logGet(43)) - raft.server.rpcslowness.timeout = 120s (custom)
2019-09-25 12:05:35,028 [pool-469-thread-1] INFO  server.RaftServerConfigKeys (ConfUtils.java:logGet(43)) - raft.server.sleep.deviation.threshold = 300 (default)
2019-09-25 12:05:35,028 [pool-469-thread-1] INFO  server.RaftServerConfigKeys (ConfUtils.java:logGet(43)) - raft.server.log.appender.install.snapshot.enabled = false (custom)
2019-09-25 12:05:35,029 [pool-469-thread-1] INFO  impl.RaftServerImpl (ServerState.java:<init>(103)) - efa15652-5c5a-4832-a509-1d419d802ac5@group-2FCD5710C3C4: ConfigurationManager, init=-1: [efa15652-5c5a-4832-a509-1d419d802ac5:192.168.151.73:43628], old=null, confs=<EMPTY_MAP>
2019-09-25 12:05:35,029 [pool-469-thread-1] INFO  server.RaftServerConfigKeys (ConfUtils.java:logGet(43)) - raft.server.storage.dir = [/workdir/hadoop-ozone/integration-test/target/test-dir/MiniOzoneClusterImpl-0814cdd2-95b4-491b-95c0-a7203a111cc5/datanode-6/data/ratis] (custom)
2019-09-25 12:05:35,029 [pool-469-thread-1] INFO  storage.RaftStorageDirectory (RaftStorageDirectory.java:analyzeStorage(246)) - The storage directory /workdir/hadoop-ozone/integration-test/target/test-dir/MiniOzoneClusterImpl-0814cdd2-95b4-491b-95c0-a7203a111cc5/datanode-6/data/ratis/87196c1c-e7d3-4c7b-9f53-2fcd5710c3c4 does not exist. Creating ...
2019-09-25 12:05:35,041 [pool-469-thread-1] INFO  storage.RaftStorageDirectory (RaftStorageDirectory.java:tryLock(328)) - Lock on /workdir/hadoop-ozone/integration-test/target/test-dir/MiniOzoneClusterImpl-0814cdd2-95b4-491b-95c0-a7203a111cc5/datanode-6/data/ratis/87196c1c-e7d3-4c7b-9f53-2fcd5710c3c4/in_use.lock acquired by nodename 24979@pr-hdds-1569-shd4m-3693607622
2019-09-25 12:05:35,054 [pool-469-thread-1] INFO  storage.RaftStorage (RaftStorage.java:format(72)) - Storage directory /workdir/hadoop-ozone/integration-test/target/test-dir/MiniOzoneClusterImpl-0814cdd2-95b4-491b-95c0-a7203a111cc5/datanode-6/data/ratis/87196c1c-e7d3-4c7b-9f53-2fcd5710c3c4 has been successfully formatted.
2019-09-25 12:05:35,054 [pool-469-thread-1] INFO  ratis.ContainerStateMachine (ContainerStateMachine.java:loadSnapshot(230)) - group-2FCD5710C3C4: The snapshot info is null. Setting the last applied indexto:(t:0, i:~)
2019-09-25 12:05:35,054 [pool-469-thread-1] INFO  server.RaftServerConfigKeys (ConfUtils.java:logGet(43)) - raft.server.notification.no-leader.timeout = 120s (custom)
2019-09-25 12:05:35,055 [pool-469-thread-1] INFO  server.RaftServerConfigKeys (ConfUtils.java:logGet(43)) - raft.server.log.use.memory = false (default)
2019-09-25 12:05:35,055 [pool-469-thread-1] INFO  server.RaftServerConfigKeys (ConfUtils.java:logGet(43)) - raft.server.log.purge.gap = 1000000 (custom)
2019-09-25 12:05:35,055 [pool-469-thread-1] INFO  server.RaftServerConfigKeys (ConfUtils.java:logGet(43)) - raft.server.log.appender.buffer.byte-limit = 33554432 (custom)
2019-09-25 12:05:35,055 [pool-469-thread-1] INFO  server.RaftServerConfigKeys (ConfUtils.java:logGet(43)) - raft.server.log.segment.size.max = 1048576 (custom)
2019-09-25 12:05:35,055 [pool-469-thread-1] INFO  server.RaftServerConfigKeys (ConfUtils.java:logGet(43)) - raft.server.log.segment.cache.num.max = 2 (custom)
2019-09-25 12:05:35,055 [pool-469-thread-1] INFO  segmented.SegmentedRaftLogWorker (SegmentedRaftLogWorker.java:<init>(172)) - new efa15652-5c5a-4832-a509-1d419d802ac5@group-2FCD5710C3C4-SegmentedRaftLogWorker for RaftStorage:Storage Directory /workdir/hadoop-ozone/integration-test/target/test-dir/MiniOzoneClusterImpl-0814cdd2-95b4-491b-95c0-a7203a111cc5/datanode-6/data/ratis/87196c1c-e7d3-4c7b-9f53-2fcd5710c3c4
2019-09-25 12:05:35,055 [pool-469-thread-1] INFO  server.RaftServerConfigKeys (ConfUtils.java:logGet(43)) - raft.server.log.queue.byte-limit = 2147483647 (custom)
2019-09-25 12:05:35,055 [pool-469-thread-1] INFO  server.RaftServerConfigKeys (ConfUtils.java:logGet(43)) - raft.server.log.queue.element-limit = 1024 (custom)
2019-09-25 12:05:35,056 [pool-469-thread-1] INFO  server.RaftServerConfigKeys (ConfUtils.java:logGet(43)) - raft.server.log.segment.size.max = 1048576 (custom)
2019-09-25 12:05:35,056 [pool-469-thread-1] INFO  server.RaftServerConfigKeys (ConfUtils.java:logGet(43)) - raft.server.log.preallocated.size = 16384 (custom)
2019-09-25 12:05:35,056 [pool-469-thread-1] INFO  server.RaftServerConfigKeys (ConfUtils.java:logGet(43)) - raft.server.log.write.buffer.size = 33554432 (custom)
2019-09-25 12:05:35,056 [pool-469-thread-1] INFO  server.RaftServerConfigKeys (ConfUtils.java:logGet(43)) - raft.server.log.force.sync.num = 128 (default)
2019-09-25 12:05:35,056 [pool-469-thread-1] INFO  server.RaftServerConfigKeys (ConfUtils.java:logGet(43)) - raft.server.log.statemachine.data.sync = true (default)
2019-09-25 12:05:35,056 [pool-469-thread-1] INFO  server.RaftServerConfigKeys (ConfUtils.java:logGet(43)) - raft.server.log.statemachine.data.sync.timeout = 10s (default)
2019-09-25 12:05:35,056 [pool-469-thread-1] INFO  server.RaftServerConfigKeys (ConfUtils.java:logGet(43)) - raft.server.log.statemachine.data.sync.timeout.retry = -1 (default)
2019-09-25 12:05:35,056 [pool-469-thread-1] INFO  server.RaftServerConfigKeys (ConfUtils.java:logGet(43)) - raft.server.log.statemachine.data.caching.enabled = true (custom)
2019-09-25 12:05:35,057 [pool-469-thread-1] INFO  segmented.SegmentedRaftLogWorker (SegmentedRaftLogWorker.java:lambda$new$0(132)) - efa15652-5c5a-4832-a509-1d419d802ac5@group-2FCD5710C3C4-SegmentedRaftLogWorker: flushIndex: setUnconditionally 0 -> -1
2019-09-25 12:05:35,057 [pool-469-thread-1] INFO  server.RaftServerConfigKeys (ConfUtils.java:logGet(43)) - raft.server.snapshot.auto.trigger.enabled = true (custom)
2019-09-25 12:05:35,057 [pool-469-thread-1] INFO  server.RaftServerConfigKeys (ConfUtils.java:logGet(43)) - raft.server.snapshot.auto.trigger.threshold = 10000 (custom)
2019-09-25 12:05:35,057 [pool-469-thread-1] INFO  server.RaftServerConfigKeys (ConfUtils.java:logGet(43)) - raft.server.snapshot.retention.num.files = 5 (custom)
2019-09-25 12:05:35,057 [pool-469-thread-1] INFO  server.RaftServerConfigKeys (ConfUtils.java:logGet(43)) - raft.server.retrycache.expirytime = 600000ms (custom)
2019-09-25 12:05:35,058 [pool-469-thread-1] INFO  impl.RaftServerImpl (RaftServerImpl.java:start(185)) - efa15652-5c5a-4832-a509-1d419d802ac5@group-2FCD5710C3C4: start as a follower, conf=-1: [efa15652-5c5a-4832-a509-1d419d802ac5:192.168.151.73:43628], old=null
2019-09-25 12:05:35,059 [pool-469-thread-1] INFO  impl.RaftServerImpl (RaftServerImpl.java:setRole(174)) - efa15652-5c5a-4832-a509-1d419d802ac5@group-2FCD5710C3C4: changes role from      null to FOLLOWER at term 0 for startAsFollower
2019-09-25 12:05:35,059 [pool-469-thread-1] INFO  impl.RoleInfo (RoleInfo.java:updateAndGet(143)) - efa15652-5c5a-4832-a509-1d419d802ac5: start FollowerState
2019-09-25 12:05:35,059 [pool-469-thread-1] INFO  util.JmxRegister (JmxRegister.java:tryRegister(44)) - Successfully registered JMX Bean with object name Ratis:service=RaftServer,group=group-2FCD5710C3C4,id=efa15652-5c5a-4832-a509-1d419d802ac5
2019-09-25 12:05:35,061 [RatisPipelineUtilsThread] INFO  pipeline.PipelineStateManager (PipelineStateManager.java:addPipeline(56)) - Created pipeline Pipeline[ Id: 87196c1c-e7d3-4c7b-9f53-2fcd5710c3c4, Nodes: efa15652-5c5a-4832-a509-1d419d802ac5{ip: 192.168.151.73, host: pr-hdds-1569-shd4m-3693607622, networkLocation: /default-rack, certSerialId: null}, Type:RATIS, Factor:ONE, State:OPEN]
2019-09-25 12:05:35,061 [RatisPipelineUtilsThread] INFO  pipeline.PipelinePlacementPolicy (PipelinePlacementPolicy.java:meetCriteria(91)) - Pipeline Placement: can't place more pipeline on heavy datanode： 29c22799-2be0-4ff1-960a-e2f5fb4c56d9 Heaviness: 6 limit: 5
2019-09-25 12:05:35,061 [RatisPipelineUtilsThread] INFO  pipeline.PipelinePlacementPolicy (PipelinePlacementPolicy.java:meetCriteria(91)) - Pipeline Placement: can't place more pipeline on heavy datanode： aa2320bf-b2b0-4764-9bc5-2df8b93b85ea Heaviness: 6 limit: 5
2019-09-25 12:05:35,061 [RatisPipelineUtilsThread] INFO  pipeline.PipelinePlacementPolicy (PipelinePlacementPolicy.java:meetCriteria(91)) - Pipeline Placement: can't place more pipeline on heavy datanode： 1b5f48e1-875d-49d5-a3ca-2607cd8d3943 Heaviness: 6 limit: 5
2019-09-25 12:05:35,061 [RatisPipelineUtilsThread] INFO  pipeline.PipelinePlacementPolicy (PipelinePlacementPolicy.java:meetCriteria(91)) - Pipeline Placement: can't place more pipeline on heavy datanode： dd53ae84-fcc6-4953-b3df-628fab38f53c Heaviness: 6 limit: 5
2019-09-25 12:05:35,062 [RatisPipelineUtilsThread] INFO  pipeline.PipelinePlacementPolicy (PipelinePlacementPolicy.java:meetCriteria(91)) - Pipeline Placement: can't place more pipeline on heavy datanode： efa15652-5c5a-4832-a509-1d419d802ac5 Heaviness: 6 limit: 5
2019-09-25 12:05:35,062 [RatisPipelineUtilsThread] INFO  pipeline.PipelinePlacementPolicy (PipelinePlacementPolicy.java:meetCriteria(91)) - Pipeline Placement: can't place more pipeline on heavy datanode： 4a53ed6f-dce3-4b1f-9e89-8e0e17f074cc Heaviness: 6 limit: 5
2019-09-25 12:05:35,062 [RatisPipelineUtilsThread] INFO  pipeline.PipelinePlacementPolicy (PipelinePlacementPolicy.java:meetCriteria(91)) - Pipeline Placement: can't place more pipeline on heavy datanode： e20b9d38-a0cd-4cc2-b07d-99b310028cde Heaviness: 6 limit: 5
2019-09-25 12:05:35,062 [RatisPipelineUtilsThread] ERROR pipeline.PipelinePlacementPolicy (PipelinePlacementPolicy.java:filterViableNodes(148)) - Unable to find enough nodes that meet the criteria that cannot engage in more than 5 pipelines. Nodes required: 1 Found: 0, healthy nodes count inNodeManager: 7.
2019-09-25 12:05:35,062 [RatisPipelineUtilsThread] ERROR pipeline.SCMPipelineManager (SCMPipelineManager.java:createPipeline(167)) - Pipeline creation failed.
org.apache.hadoop.hdds.scm.exceptions.SCMException: Unable to find enough nodes that meet the criteria that cannot engage in more than 5 pipelines. Nodes required: 1 Found: 0, healthy nodes count inNodeManager: 7.
	at org.apache.hadoop.hdds.scm.pipeline.PipelinePlacementPolicy.filterViableNodes(PipelinePlacementPolicy.java:149)
	at org.apache.hadoop.hdds.scm.pipeline.PipelinePlacementPolicy.chooseDatanodes(PipelinePlacementPolicy.java:172)
	at org.apache.hadoop.hdds.scm.pipeline.RatisPipelineProvider.create(RatisPipelineProvider.java:93)
	at org.apache.hadoop.hdds.scm.pipeline.PipelineFactory.create(PipelineFactory.java:58)
	at org.apache.hadoop.hdds.scm.pipeline.SCMPipelineManager.createPipeline(SCMPipelineManager.java:155)
	at org.apache.hadoop.hdds.scm.pipeline.BackgroundPipelineCreator.createPipelines(BackgroundPipelineCreator.java:99)
	at java.util.concurrent.Executors$RunnableAdapter.call(Executors.java:511)
	at java.util.concurrent.FutureTask.run(FutureTask.java:266)
	at java.util.concurrent.ScheduledThreadPoolExecutor$ScheduledFutureTask.access$201(ScheduledThreadPoolExecutor.java:180)
	at java.util.concurrent.ScheduledThreadPoolExecutor$ScheduledFutureTask.run(ScheduledThreadPoolExecutor.java:293)
	at java.util.concurrent.ThreadPoolExecutor.runWorker(ThreadPoolExecutor.java:1149)
	at java.util.concurrent.ThreadPoolExecutor$Worker.run(ThreadPoolExecutor.java:624)
	at java.lang.Thread.run(Thread.java:748)
2019-09-25 12:05:35,063 [RatisPipelineUtilsThread] INFO  pipeline.PipelinePlacementPolicy (PipelinePlacementPolicy.java:meetCriteria(91)) - Pipeline Placement: can't place more pipeline on heavy datanode： 29c22799-2be0-4ff1-960a-e2f5fb4c56d9 Heaviness: 6 limit: 5
2019-09-25 12:05:35,063 [RatisPipelineUtilsThread] INFO  pipeline.PipelinePlacementPolicy (PipelinePlacementPolicy.java:meetCriteria(91)) - Pipeline Placement: can't place more pipeline on heavy datanode： aa2320bf-b2b0-4764-9bc5-2df8b93b85ea Heaviness: 6 limit: 5
2019-09-25 12:05:35,063 [RatisPipelineUtilsThread] INFO  pipeline.PipelinePlacementPolicy (PipelinePlacementPolicy.java:meetCriteria(91)) - Pipeline Placement: can't place more pipeline on heavy datanode： 1b5f48e1-875d-49d5-a3ca-2607cd8d3943 Heaviness: 6 limit: 5
2019-09-25 12:05:35,063 [RatisPipelineUtilsThread] INFO  pipeline.PipelinePlacementPolicy (PipelinePlacementPolicy.java:meetCriteria(91)) - Pipeline Placement: can't place more pipeline on heavy datanode： dd53ae84-fcc6-4953-b3df-628fab38f53c Heaviness: 6 limit: 5
2019-09-25 12:05:35,064 [RatisPipelineUtilsThread] INFO  pipeline.PipelinePlacementPolicy (PipelinePlacementPolicy.java:meetCriteria(91)) - Pipeline Placement: can't place more pipeline on heavy datanode： efa15652-5c5a-4832-a509-1d419d802ac5 Heaviness: 6 limit: 5
2019-09-25 12:05:35,064 [RatisPipelineUtilsThread] INFO  pipeline.PipelinePlacementPolicy (PipelinePlacementPolicy.java:meetCriteria(91)) - Pipeline Placement: can't place more pipeline on heavy datanode： 4a53ed6f-dce3-4b1f-9e89-8e0e17f074cc Heaviness: 6 limit: 5
2019-09-25 12:05:35,064 [RatisPipelineUtilsThread] INFO  pipeline.PipelinePlacementPolicy (PipelinePlacementPolicy.java:meetCriteria(91)) - Pipeline Placement: can't place more pipeline on heavy datanode： e20b9d38-a0cd-4cc2-b07d-99b310028cde Heaviness: 6 limit: 5
2019-09-25 12:05:35,064 [RatisPipelineUtilsThread] ERROR pipeline.PipelinePlacementPolicy (PipelinePlacementPolicy.java:filterViableNodes(148)) - Unable to find enough nodes that meet the criteria that cannot engage in more than 5 pipelines. Nodes required: 3 Found: 0, healthy nodes count inNodeManager: 7.
2019-09-25 12:05:35,064 [RatisPipelineUtilsThread] ERROR pipeline.SCMPipelineManager (SCMPipelineManager.java:createPipeline(167)) - Pipeline creation failed.
org.apache.hadoop.hdds.scm.exceptions.SCMException: Unable to find enough nodes that meet the criteria that cannot engage in more than 5 pipelines. Nodes required: 3 Found: 0, healthy nodes count inNodeManager: 7.
	at org.apache.hadoop.hdds.scm.pipeline.PipelinePlacementPolicy.filterViableNodes(PipelinePlacementPolicy.java:149)
	at org.apache.hadoop.hdds.scm.pipeline.PipelinePlacementPolicy.chooseDatanodes(PipelinePlacementPolicy.java:172)
	at org.apache.hadoop.hdds.scm.pipeline.RatisPipelineProvider.create(RatisPipelineProvider.java:93)
	at org.apache.hadoop.hdds.scm.pipeline.PipelineFactory.create(PipelineFactory.java:58)
	at org.apache.hadoop.hdds.scm.pipeline.SCMPipelineManager.createPipeline(SCMPipelineManager.java:155)
	at org.apache.hadoop.hdds.scm.pipeline.BackgroundPipelineCreator.createPipelines(BackgroundPipelineCreator.java:99)
	at java.util.concurrent.Executors$RunnableAdapter.call(Executors.java:511)
	at java.util.concurrent.FutureTask.run(FutureTask.java:266)
	at java.util.concurrent.ScheduledThreadPoolExecutor$ScheduledFutureTask.access$201(ScheduledThreadPoolExecutor.java:180)
	at java.util.concurrent.ScheduledThreadPoolExecutor$ScheduledFutureTask.run(ScheduledThreadPoolExecutor.java:293)
	at java.util.concurrent.ThreadPoolExecutor.runWorker(ThreadPoolExecutor.java:1149)
	at java.util.concurrent.ThreadPoolExecutor$Worker.run(ThreadPoolExecutor.java:624)
	at java.lang.Thread.run(Thread.java:748)
2019-09-25 12:05:35,065 [RatisPipelineUtilsThread] INFO  pipeline.PipelinePlacementPolicy (PipelinePlacementPolicy.java:meetCriteria(91)) - Pipeline Placement: can't place more pipeline on heavy datanode： 29c22799-2be0-4ff1-960a-e2f5fb4c56d9 Heaviness: 6 limit: 5
2019-09-25 12:05:35,065 [RatisPipelineUtilsThread] INFO  pipeline.PipelinePlacementPolicy (PipelinePlacementPolicy.java:meetCriteria(91)) - Pipeline Placement: can't place more pipeline on heavy datanode： aa2320bf-b2b0-4764-9bc5-2df8b93b85ea Heaviness: 6 limit: 5
2019-09-25 12:05:35,065 [RatisPipelineUtilsThread] INFO  pipeline.PipelinePlacementPolicy (PipelinePlacementPolicy.java:meetCriteria(91)) - Pipeline Placement: can't place more pipeline on heavy datanode： 1b5f48e1-875d-49d5-a3ca-2607cd8d3943 Heaviness: 6 limit: 5
2019-09-25 12:05:35,065 [RatisPipelineUtilsThread] INFO  pipeline.PipelinePlacementPolicy (PipelinePlacementPolicy.java:meetCriteria(91)) - Pipeline Placement: can't place more pipeline on heavy datanode： dd53ae84-fcc6-4953-b3df-628fab38f53c Heaviness: 6 limit: 5
2019-09-25 12:05:35,065 [RatisPipelineUtilsThread] INFO  pipeline.PipelinePlacementPolicy (PipelinePlacementPolicy.java:meetCriteria(91)) - Pipeline Placement: can't place more pipeline on heavy datanode： efa15652-5c5a-4832-a509-1d419d802ac5 Heaviness: 6 limit: 5
2019-09-25 12:05:35,066 [RatisPipelineUtilsThread] INFO  pipeline.PipelinePlacementPolicy (PipelinePlacementPolicy.java:meetCriteria(91)) - Pipeline Placement: can't place more pipeline on heavy datanode： 4a53ed6f-dce3-4b1f-9e89-8e0e17f074cc Heaviness: 6 limit: 5
2019-09-25 12:05:35,066 [RatisPipelineUtilsThread] INFO  pipeline.PipelinePlacementPolicy (PipelinePlacementPolicy.java:meetCriteria(91)) - Pipeline Placement: can't place more pipeline on heavy datanode： e20b9d38-a0cd-4cc2-b07d-99b310028cde Heaviness: 6 limit: 5
2019-09-25 12:05:35,066 [RatisPipelineUtilsThread] ERROR pipeline.PipelinePlacementPolicy (PipelinePlacementPolicy.java:filterViableNodes(148)) - Unable to find enough nodes that meet the criteria that cannot engage in more than 5 pipelines. Nodes required: 1 Found: 0, healthy nodes count inNodeManager: 7.
2019-09-25 12:05:35,066 [RatisPipelineUtilsThread] ERROR pipeline.SCMPipelineManager (SCMPipelineManager.java:createPipeline(167)) - Pipeline creation failed.
org.apache.hadoop.hdds.scm.exceptions.SCMException: Unable to find enough nodes that meet the criteria that cannot engage in more than 5 pipelines. Nodes required: 1 Found: 0, healthy nodes count inNodeManager: 7.
	at org.apache.hadoop.hdds.scm.pipeline.PipelinePlacementPolicy.filterViableNodes(PipelinePlacementPolicy.java:149)
	at org.apache.hadoop.hdds.scm.pipeline.PipelinePlacementPolicy.chooseDatanodes(PipelinePlacementPolicy.java:172)
	at org.apache.hadoop.hdds.scm.pipeline.RatisPipelineProvider.create(RatisPipelineProvider.java:93)
	at org.apache.hadoop.hdds.scm.pipeline.PipelineFactory.create(PipelineFactory.java:58)
	at org.apache.hadoop.hdds.scm.pipeline.SCMPipelineManager.createPipeline(SCMPipelineManager.java:155)
	at org.apache.hadoop.hdds.scm.pipeline.BackgroundPipelineCreator.createPipelines(BackgroundPipelineCreator.java:99)
	at org.apache.hadoop.hdds.scm.pipeline.BackgroundPipelineCreator.lambda$startFixedIntervalPipelineCreator$0(BackgroundPipelineCreator.java:70)
	at java.util.concurrent.Executors$RunnableAdapter.call(Executors.java:511)
	at java.util.concurrent.FutureTask.runAndReset(FutureTask.java:308)
	at java.util.concurrent.ScheduledThreadPoolExecutor$ScheduledFutureTask.access$301(ScheduledThreadPoolExecutor.java:180)
	at java.util.concurrent.ScheduledThreadPoolExecutor$ScheduledFutureTask.run(ScheduledThreadPoolExecutor.java:294)
	at java.util.concurrent.ThreadPoolExecutor.runWorker(ThreadPoolExecutor.java:1149)
	at java.util.concurrent.ThreadPoolExecutor$Worker.run(ThreadPoolExecutor.java:624)
	at java.lang.Thread.run(Thread.java:748)
2019-09-25 12:05:35,066 [RatisPipelineUtilsThread] INFO  pipeline.PipelinePlacementPolicy (PipelinePlacementPolicy.java:meetCriteria(91)) - Pipeline Placement: can't place more pipeline on heavy datanode： 29c22799-2be0-4ff1-960a-e2f5fb4c56d9 Heaviness: 6 limit: 5
2019-09-25 12:05:35,067 [RatisPipelineUtilsThread] INFO  pipeline.PipelinePlacementPolicy (PipelinePlacementPolicy.java:meetCriteria(91)) - Pipeline Placement: can't place more pipeline on heavy datanode： aa2320bf-b2b0-4764-9bc5-2df8b93b85ea Heaviness: 6 limit: 5
2019-09-25 12:05:35,067 [RatisPipelineUtilsThread] INFO  pipeline.PipelinePlacementPolicy (PipelinePlacementPolicy.java:meetCriteria(91)) - Pipeline Placement: can't place more pipeline on heavy datanode： 1b5f48e1-875d-49d5-a3ca-2607cd8d3943 Heaviness: 6 limit: 5
2019-09-25 12:05:35,067 [RatisPipelineUtilsThread] INFO  pipeline.PipelinePlacementPolicy (PipelinePlacementPolicy.java:meetCriteria(91)) - Pipeline Placement: can't place more pipeline on heavy datanode： dd53ae84-fcc6-4953-b3df-628fab38f53c Heaviness: 6 limit: 5
2019-09-25 12:05:35,067 [RatisPipelineUtilsThread] INFO  pipeline.PipelinePlacementPolicy (PipelinePlacementPolicy.java:meetCriteria(91)) - Pipeline Placement: can't place more pipeline on heavy datanode： efa15652-5c5a-4832-a509-1d419d802ac5 Heaviness: 6 limit: 5
2019-09-25 12:05:35,067 [RatisPipelineUtilsThread] INFO  pipeline.PipelinePlacementPolicy (PipelinePlacementPolicy.java:meetCriteria(91)) - Pipeline Placement: can't place more pipeline on heavy datanode： 4a53ed6f-dce3-4b1f-9e89-8e0e17f074cc Heaviness: 6 limit: 5
2019-09-25 12:05:35,067 [RatisPipelineUtilsThread] INFO  pipeline.PipelinePlacementPolicy (PipelinePlacementPolicy.java:meetCriteria(91)) - Pipeline Placement: can't place more pipeline on heavy datanode： e20b9d38-a0cd-4cc2-b07d-99b310028cde Heaviness: 6 limit: 5
2019-09-25 12:05:35,068 [RatisPipelineUtilsThread] ERROR pipeline.PipelinePlacementPolicy (PipelinePlacementPolicy.java:filterViableNodes(148)) - Unable to find enough nodes that meet the criteria that cannot engage in more than 5 pipelines. Nodes required: 3 Found: 0, healthy nodes count inNodeManager: 7.
2019-09-25 12:05:35,068 [RatisPipelineUtilsThread] ERROR pipeline.SCMPipelineManager (SCMPipelineManager.java:createPipeline(167)) - Pipeline creation failed.
org.apache.hadoop.hdds.scm.exceptions.SCMException: Unable to find enough nodes that meet the criteria that cannot engage in more than 5 pipelines. Nodes required: 3 Found: 0, healthy nodes count inNodeManager: 7.
	at org.apache.hadoop.hdds.scm.pipeline.PipelinePlacementPolicy.filterViableNodes(PipelinePlacementPolicy.java:149)
	at org.apache.hadoop.hdds.scm.pipeline.PipelinePlacementPolicy.chooseDatanodes(PipelinePlacementPolicy.java:172)
	at org.apache.hadoop.hdds.scm.pipeline.RatisPipelineProvider.create(RatisPipelineProvider.java:93)
	at org.apache.hadoop.hdds.scm.pipeline.PipelineFactory.create(PipelineFactory.java:58)
	at org.apache.hadoop.hdds.scm.pipeline.SCMPipelineManager.createPipeline(SCMPipelineManager.java:155)
	at org.apache.hadoop.hdds.scm.pipeline.BackgroundPipelineCreator.createPipelines(BackgroundPipelineCreator.java:99)
	at org.apache.hadoop.hdds.scm.pipeline.BackgroundPipelineCreator.lambda$startFixedIntervalPipelineCreator$0(BackgroundPipelineCreator.java:70)
	at java.util.concurrent.Executors$RunnableAdapter.call(Executors.java:511)
	at java.util.concurrent.FutureTask.runAndReset(FutureTask.java:308)
	at java.util.concurrent.ScheduledThreadPoolExecutor$ScheduledFutureTask.access$301(ScheduledThreadPoolExecutor.java:180)
	at java.util.concurrent.ScheduledThreadPoolExecutor$ScheduledFutureTask.run(ScheduledThreadPoolExecutor.java:294)
	at java.util.concurrent.ThreadPoolExecutor.runWorker(ThreadPoolExecutor.java:1149)
	at java.util.concurrent.ThreadPoolExecutor$Worker.run(ThreadPoolExecutor.java:624)
	at java.lang.Thread.run(Thread.java:748)
2019-09-25 12:05:35,068 [IPC Server handler 2 on 43014] INFO  pipeline.PipelinePlacementPolicy (PipelinePlacementPolicy.java:meetCriteria(91)) - Pipeline Placement: can't place more pipeline on heavy datanode： 29c22799-2be0-4ff1-960a-e2f5fb4c56d9 Heaviness: 6 limit: 5
2019-09-25 12:05:35,069 [IPC Server handler 2 on 43014] INFO  pipeline.PipelinePlacementPolicy (PipelinePlacementPolicy.java:meetCriteria(91)) - Pipeline Placement: can't place more pipeline on heavy datanode： aa2320bf-b2b0-4764-9bc5-2df8b93b85ea Heaviness: 6 limit: 5
2019-09-25 12:05:35,069 [IPC Server handler 2 on 43014] INFO  pipeline.PipelinePlacementPolicy (PipelinePlacementPolicy.java:meetCriteria(91)) - Pipeline Placement: can't place more pipeline on heavy datanode： 1b5f48e1-875d-49d5-a3ca-2607cd8d3943 Heaviness: 6 limit: 5
2019-09-25 12:05:35,069 [IPC Server handler 2 on 43014] INFO  pipeline.PipelinePlacementPolicy (PipelinePlacementPolicy.java:meetCriteria(91)) - Pipeline Placement: can't place more pipeline on heavy datanode： dd53ae84-fcc6-4953-b3df-628fab38f53c Heaviness: 6 limit: 5
2019-09-25 12:05:35,069 [IPC Server handler 2 on 43014] INFO  pipeline.PipelinePlacementPolicy (PipelinePlacementPolicy.java:meetCriteria(91)) - Pipeline Placement: can't place more pipeline on heavy datanode： efa15652-5c5a-4832-a509-1d419d802ac5 Heaviness: 6 limit: 5
2019-09-25 12:05:35,070 [IPC Server handler 2 on 43014] INFO  pipeline.PipelinePlacementPolicy (PipelinePlacementPolicy.java:meetCriteria(91)) - Pipeline Placement: can't place more pipeline on heavy datanode： 4a53ed6f-dce3-4b1f-9e89-8e0e17f074cc Heaviness: 6 limit: 5
2019-09-25 12:05:35,070 [IPC Server handler 2 on 43014] INFO  pipeline.PipelinePlacementPolicy (PipelinePlacementPolicy.java:meetCriteria(91)) - Pipeline Placement: can't place more pipeline on heavy datanode： e20b9d38-a0cd-4cc2-b07d-99b310028cde Heaviness: 6 limit: 5
2019-09-25 12:05:35,070 [IPC Server handler 2 on 43014] ERROR pipeline.PipelinePlacementPolicy (PipelinePlacementPolicy.java:filterViableNodes(148)) - Unable to find enough nodes that meet the criteria that cannot engage in more than 5 pipelines. Nodes required: 3 Found: 0, healthy nodes count inNodeManager: 7.
2019-09-25 12:05:35,070 [IPC Server handler 2 on 43014] ERROR pipeline.SCMPipelineManager (SCMPipelineManager.java:createPipeline(167)) - Pipeline creation failed.
org.apache.hadoop.hdds.scm.exceptions.SCMException: Unable to find enough nodes that meet the criteria that cannot engage in more than 5 pipelines. Nodes required: 3 Found: 0, healthy nodes count inNodeManager: 7.
	at org.apache.hadoop.hdds.scm.pipeline.PipelinePlacementPolicy.filterViableNodes(PipelinePlacementPolicy.java:149)
	at org.apache.hadoop.hdds.scm.pipeline.PipelinePlacementPolicy.chooseDatanodes(PipelinePlacementPolicy.java:172)
	at org.apache.hadoop.hdds.scm.pipeline.RatisPipelineProvider.create(RatisPipelineProvider.java:93)
	at org.apache.hadoop.hdds.scm.pipeline.PipelineFactory.create(PipelineFactory.java:58)
	at org.apache.hadoop.hdds.scm.pipeline.SCMPipelineManager.createPipeline(SCMPipelineManager.java:155)
	at org.apache.hadoop.hdds.scm.block.BlockManagerImpl.allocateBlock(BlockManagerImpl.java:190)
	at org.apache.hadoop.hdds.scm.server.SCMBlockProtocolServer.allocateBlock(SCMBlockProtocolServer.java:182)
	at org.apache.hadoop.ozone.protocolPB.ScmBlockLocationProtocolServerSideTranslatorPB.allocateScmBlock(ScmBlockLocationProtocolServerSideTranslatorPB.java:183)
	at org.apache.hadoop.ozone.protocolPB.ScmBlockLocationProtocolServerSideTranslatorPB.processMessage(ScmBlockLocationProtocolServerSideTranslatorPB.java:141)
	at org.apache.hadoop.ozone.protocolPB.ScmBlockLocationProtocolServerSideTranslatorPB.send(ScmBlockLocationProtocolServerSideTranslatorPB.java:116)
	at org.apache.hadoop.hdds.protocol.proto.ScmBlockLocationProtocolProtos$ScmBlockLocationProtocolService$2.callBlockingMethod(ScmBlockLocationProtocolProtos.java:13157)
	at org.apache.hadoop.ipc.ProtobufRpcEngine$Server$ProtoBufRpcInvoker.call(ProtobufRpcEngine.java:524)
	at org.apache.hadoop.ipc.RPC$Server.call(RPC.java:1025)
	at org.apache.hadoop.ipc.Server$RpcCall.run(Server.java:876)
	at org.apache.hadoop.ipc.Server$RpcCall.run(Server.java:822)
	at java.security.AccessController.doPrivileged(Native Method)
	at javax.security.auth.Subject.doAs(Subject.java:422)
	at org.apache.hadoop.security.UserGroupInformation.doAs(UserGroupInformation.java:1730)
	at org.apache.hadoop.ipc.Server$Handler.run(Server.java:2682)
2019-09-25 12:05:35,071 [IPC Server handler 2 on 43014] WARN  block.BlockManagerImpl (BlockManagerImpl.java:allocateBlock(192)) - Pipeline creation failed for type:RATIS factor:THREE. Retrying get pipelines call once.
org.apache.hadoop.hdds.scm.exceptions.SCMException: Unable to find enough nodes that meet the criteria that cannot engage in more than 5 pipelines. Nodes required: 3 Found: 0, healthy nodes count inNodeManager: 7.
	at org.apache.hadoop.hdds.scm.pipeline.PipelinePlacementPolicy.filterViableNodes(PipelinePlacementPolicy.java:149)
	at org.apache.hadoop.hdds.scm.pipeline.PipelinePlacementPolicy.chooseDatanodes(PipelinePlacementPolicy.java:172)
	at org.apache.hadoop.hdds.scm.pipeline.RatisPipelineProvider.create(RatisPipelineProvider.java:93)
	at org.apache.hadoop.hdds.scm.pipeline.PipelineFactory.create(PipelineFactory.java:58)
	at org.apache.hadoop.hdds.scm.pipeline.SCMPipelineManager.createPipeline(SCMPipelineManager.java:155)
	at org.apache.hadoop.hdds.scm.block.BlockManagerImpl.allocateBlock(BlockManagerImpl.java:190)
	at org.apache.hadoop.hdds.scm.server.SCMBlockProtocolServer.allocateBlock(SCMBlockProtocolServer.java:182)
	at org.apache.hadoop.ozone.protocolPB.ScmBlockLocationProtocolServerSideTranslatorPB.allocateScmBlock(ScmBlockLocationProtocolServerSideTranslatorPB.java:183)
	at org.apache.hadoop.ozone.protocolPB.ScmBlockLocationProtocolServerSideTranslatorPB.processMessage(ScmBlockLocationProtocolServerSideTranslatorPB.java:141)
	at org.apache.hadoop.ozone.protocolPB.ScmBlockLocationProtocolServerSideTranslatorPB.send(ScmBlockLocationProtocolServerSideTranslatorPB.java:116)
	at org.apache.hadoop.hdds.protocol.proto.ScmBlockLocationProtocolProtos$ScmBlockLocationProtocolService$2.callBlockingMethod(ScmBlockLocationProtocolProtos.java:13157)
	at org.apache.hadoop.ipc.ProtobufRpcEngine$Server$ProtoBufRpcInvoker.call(ProtobufRpcEngine.java:524)
	at org.apache.hadoop.ipc.RPC$Server.call(RPC.java:1025)
	at org.apache.hadoop.ipc.Server$RpcCall.run(Server.java:876)
	at org.apache.hadoop.ipc.Server$RpcCall.run(Server.java:822)
	at java.security.AccessController.doPrivileged(Native Method)
	at javax.security.auth.Subject.doAs(Subject.java:422)
	at org.apache.hadoop.security.UserGroupInformation.doAs(UserGroupInformation.java:1730)
	at org.apache.hadoop.ipc.Server$Handler.run(Server.java:2682)
2019-09-25 12:05:35,071 [IPC Server handler 2 on 43014] INFO  block.BlockManagerImpl (BlockManagerImpl.java:allocateBlock(198)) - Could not find available pipeline of type:RATIS and factor:THREE even after retrying
2019-09-25 12:05:35,071 [IPC Server handler 2 on 43014] ERROR block.BlockManagerImpl (BlockManagerImpl.java:allocateBlock(222)) - Unable to allocate a block for the size: 800, type: RATIS, factor: THREE
2019-09-25 12:05:35,077 [main] INFO  ozone.MiniOzoneClusterImpl (MiniOzoneClusterImpl.java:shutdown(314)) - Shutting down the Mini Ozone Cluster
2019-09-25 12:05:35,078 [main] INFO  ozone.MiniOzoneClusterImpl (MiniOzoneClusterImpl.java:stop(330)) - Stopping the Mini Ozone Cluster
2019-09-25 12:05:35,078 [main] INFO  ozone.MiniOzoneClusterImpl (MiniOzoneClusterImpl.java:stopOM(400)) - Stopping the OzoneManager
2019-09-25 12:05:35,078 [main] INFO  ipc.Server (Server.java:stop(3082)) - Stopping server on 33175
2019-09-25 12:05:35,094 [IPC Server listener on 33175] INFO  ipc.Server (Server.java:run(1185)) - Stopping IPC Server listener on 33175
2019-09-25 12:05:35,094 [main] INFO  ratis.OzoneManagerDoubleBuffer (OzoneManagerDoubleBuffer.java:stop(248)) - Stopping OMDoubleBuffer flush thread
2019-09-25 12:05:35,095 [IPC Server Responder] INFO  ipc.Server (Server.java:run(1319)) - Stopping IPC Server Responder
2019-09-25 12:05:35,101 [OMDoubleBufferFlushThread] INFO  ratis.OzoneManagerDoubleBuffer (OzoneManagerDoubleBuffer.java:flushTransactions(191)) - OMDoubleBuffer flush thread OMDoubleBufferFlushThread is interrupted and will exit. OMDoubleBufferFlushThread
2019-09-25 12:05:35,118 [main] INFO  utils.BackgroundService (BackgroundService.java:shutdown(148)) - Shutting down service KeyDeletingService
2019-09-25 12:05:35,119 [main] INFO  handler.ContextHandler (ContextHandler.java:doStop(910)) - Stopped o.e.j.w.WebAppContext@13192275{/,null,UNAVAILABLE}{/ozoneManager}
2019-09-25 12:05:35,120 [main] INFO  server.AbstractConnector (AbstractConnector.java:doStop(318)) - Stopped ServerConnector@79195c22{HTTP/1.1,[http/1.1]}{0.0.0.0:0}
2019-09-25 12:05:35,120 [main] INFO  handler.ContextHandler (ContextHandler.java:doStop(910)) - Stopped o.e.j.s.ServletContextHandler@6238d5e0{/static,file:///workdir/hadoop-ozone/integration-test/target/test-classes/webapps/static,UNAVAILABLE}
2019-09-25 12:05:35,121 [main] INFO  handler.ContextHandler (ContextHandler.java:doStop(910)) - Stopped o.e.j.s.ServletContextHandler@27f71195{/logs,file:///workdir/hadoop-ozone/integration-test/target/log,UNAVAILABLE}
2019-09-25 12:05:35,123 [main] INFO  ozone.MiniOzoneClusterImpl (MiniOzoneClusterImpl.java:stopDatanodes(377)) - Stopping the HddsDatanodes
2019-09-25 12:05:35,332 [Datanode State Machine Thread - 0] INFO  statemachine.DatanodeStateMachine (DatanodeStateMachine.java:lambda$startDaemon$0(350)) - Ozone container server started.
2019-09-25 12:05:35,545 [Datanode State Machine Thread - 0] INFO  statemachine.DatanodeStateMachine (DatanodeStateMachine.java:lambda$startDaemon$0(350)) - Ozone container server started.
2019-09-25 12:05:36,273 [Thread-2645] INFO  container.ReplicationManager (ReplicationManager.java:start(163)) - Starting Replication Monitor Thread.
2019-09-25 12:05:36,277 [ReplicationMonitor] INFO  container.ReplicationManager (ReplicationManager.java:run(226)) - Replication Monitor Thread took 0 milliseconds for processing 0 containers.
2019-09-25 12:05:38,402 [EventQueue-StaleNodeForStaleNodeHandler] INFO  node.StaleNodeHandler (StaleNodeHandler.java:onMessage(58)) - Datanode dd53ae84-fcc6-4953-b3df-628fab38f53c{ip: 192.168.151.73, host: pr-hdds-1569-shd4m-3693607622, networkLocation: /default-rack, certSerialId: null} moved to stale state. Finalizing its pipelines [PipelineID=20bfe9cf-b42a-4b9d-88b4-24943789054f, PipelineID=8739295d-9f9e-44df-af57-34c648f7c651, PipelineID=6aa51a72-d8fa-451f-b1cd-4575c91dab15, PipelineID=14d1ca9c-16cc-48ba-953e-7219e0fb6851, PipelineID=23f68642-bbdc-4dce-b576-b1464c5bf144, PipelineID=43e2eacb-223f-4352-9d13-8a6f5d53c235]
2019-09-25 12:05:38,403 [Thread-2647] INFO  impl.FollowerState (FollowerState.java:run(106)) - 4a53ed6f-dce3-4b1f-9e89-8e0e17f074cc:group-674BBE556ADE changes to CANDIDATE, lastRpcTime:5071, electionTimeout:5071ms
2019-09-25 12:05:38,403 [EventQueue-StaleNodeForStaleNodeHandler] INFO  pipeline.SCMPipelineManager (SCMPipelineManager.java:finalizeAndDestroyPipeline(316)) - destroying pipeline:Pipeline[ Id: 20bfe9cf-b42a-4b9d-88b4-24943789054f, Nodes: dd53ae84-fcc6-4953-b3df-628fab38f53c{ip: 192.168.151.73, host: pr-hdds-1569-shd4m-3693607622, networkLocation: /default-rack, certSerialId: null}, Type:RATIS, Factor:ONE, State:OPEN]
2019-09-25 12:05:38,408 [Thread-2647] INFO  impl.RoleInfo (RoleInfo.java:shutdownFollowerState(121)) - 4a53ed6f-dce3-4b1f-9e89-8e0e17f074cc: shutdown FollowerState
2019-09-25 12:05:38,408 [EventQueue-StaleNodeForStaleNodeHandler] INFO  pipeline.PipelineStateManager (PipelineStateManager.java:finalizePipeline(123)) - Pipeline Pipeline[ Id: 20bfe9cf-b42a-4b9d-88b4-24943789054f, Nodes: dd53ae84-fcc6-4953-b3df-628fab38f53c{ip: 192.168.151.73, host: pr-hdds-1569-shd4m-3693607622, networkLocation: /default-rack, certSerialId: null}, Type:RATIS, Factor:ONE, State:CLOSED] moved to CLOSED state
2019-09-25 12:05:38,408 [Thread-2647] INFO  impl.RaftServerImpl (RaftServerImpl.java:setRole(174)) - 4a53ed6f-dce3-4b1f-9e89-8e0e17f074cc@group-674BBE556ADE: changes role from  FOLLOWER to CANDIDATE at term 0 for changeToCandidate
2019-09-25 12:05:38,408 [Thread-2647] INFO  impl.RoleInfo (RoleInfo.java:updateAndGet(143)) - 4a53ed6f-dce3-4b1f-9e89-8e0e17f074cc: start LeaderElection
2019-09-25 12:05:38,408 [EventQueue-StaleNodeForStaleNodeHandler] INFO  pipeline.SCMPipelineManager (SCMPipelineManager.java:finalizeAndDestroyPipeline(316)) - destroying pipeline:Pipeline[ Id: 8739295d-9f9e-44df-af57-34c648f7c651, Nodes: dd53ae84-fcc6-4953-b3df-628fab38f53c{ip: 192.168.151.73, host: pr-hdds-1569-shd4m-3693607622, networkLocation: /default-rack, certSerialId: null}, Type:RATIS, Factor:ONE, State:OPEN]
2019-09-25 12:05:38,409 [EventQueue-StaleNodeForStaleNodeHandler] INFO  pipeline.PipelineStateManager (PipelineStateManager.java:finalizePipeline(123)) - Pipeline Pipeline[ Id: 8739295d-9f9e-44df-af57-34c648f7c651, Nodes: dd53ae84-fcc6-4953-b3df-628fab38f53c{ip: 192.168.151.73, host: pr-hdds-1569-shd4m-3693607622, networkLocation: /default-rack, certSerialId: null}, Type:RATIS, Factor:ONE, State:CLOSED] moved to CLOSED state
2019-09-25 12:05:38,413 [EventQueue-StaleNodeForStaleNodeHandler] INFO  pipeline.SCMPipelineManager (SCMPipelineManager.java:finalizeAndDestroyPipeline(316)) - destroying pipeline:Pipeline[ Id: 6aa51a72-d8fa-451f-b1cd-4575c91dab15, Nodes: dd53ae84-fcc6-4953-b3df-628fab38f53c{ip: 192.168.151.73, host: pr-hdds-1569-shd4m-3693607622, networkLocation: /default-rack, certSerialId: null}, Type:RATIS, Factor:ONE, State:OPEN]
2019-09-25 12:05:38,413 [EventQueue-StaleNodeForStaleNodeHandler] INFO  pipeline.PipelineStateManager (PipelineStateManager.java:finalizePipeline(123)) - Pipeline Pipeline[ Id: 6aa51a72-d8fa-451f-b1cd-4575c91dab15, Nodes: dd53ae84-fcc6-4953-b3df-628fab38f53c{ip: 192.168.151.73, host: pr-hdds-1569-shd4m-3693607622, networkLocation: /default-rack, certSerialId: null}, Type:RATIS, Factor:ONE, State:CLOSED] moved to CLOSED state
2019-09-25 12:05:38,413 [EventQueue-StaleNodeForStaleNodeHandler] INFO  pipeline.SCMPipelineManager (SCMPipelineManager.java:finalizeAndDestroyPipeline(316)) - destroying pipeline:Pipeline[ Id: 14d1ca9c-16cc-48ba-953e-7219e0fb6851, Nodes: dd53ae84-fcc6-4953-b3df-628fab38f53c{ip: 192.168.151.73, host: pr-hdds-1569-shd4m-3693607622, networkLocation: /default-rack, certSerialId: null}, Type:RATIS, Factor:ONE, State:OPEN]
2019-09-25 12:05:38,413 [EventQueue-StaleNodeForStaleNodeHandler] INFO  pipeline.PipelineStateManager (PipelineStateManager.java:finalizePipeline(123)) - Pipeline Pipeline[ Id: 14d1ca9c-16cc-48ba-953e-7219e0fb6851, Nodes: dd53ae84-fcc6-4953-b3df-628fab38f53c{ip: 192.168.151.73, host: pr-hdds-1569-shd4m-3693607622, networkLocation: /default-rack, certSerialId: null}, Type:RATIS, Factor:ONE, State:CLOSED] moved to CLOSED state
2019-09-25 12:05:38,414 [EventQueue-StaleNodeForStaleNodeHandler] INFO  pipeline.SCMPipelineManager (SCMPipelineManager.java:finalizeAndDestroyPipeline(316)) - destroying pipeline:Pipeline[ Id: 23f68642-bbdc-4dce-b576-b1464c5bf144, Nodes: dd53ae84-fcc6-4953-b3df-628fab38f53c{ip: 192.168.151.73, host: pr-hdds-1569-shd4m-3693607622, networkLocation: /default-rack, certSerialId: null}, Type:RATIS, Factor:ONE, State:OPEN]
2019-09-25 12:05:38,414 [EventQueue-StaleNodeForStaleNodeHandler] INFO  pipeline.PipelineStateManager (PipelineStateManager.java:finalizePipeline(123)) - Pipeline Pipeline[ Id: 23f68642-bbdc-4dce-b576-b1464c5bf144, Nodes: dd53ae84-fcc6-4953-b3df-628fab38f53c{ip: 192.168.151.73, host: pr-hdds-1569-shd4m-3693607622, networkLocation: /default-rack, certSerialId: null}, Type:RATIS, Factor:ONE, State:CLOSED] moved to CLOSED state
2019-09-25 12:05:38,414 [EventQueue-StaleNodeForStaleNodeHandler] INFO  pipeline.SCMPipelineManager (SCMPipelineManager.java:finalizeAndDestroyPipeline(316)) - destroying pipeline:Pipeline[ Id: 43e2eacb-223f-4352-9d13-8a6f5d53c235, Nodes: dd53ae84-fcc6-4953-b3df-628fab38f53c{ip: 192.168.151.73, host: pr-hdds-1569-shd4m-3693607622, networkLocation: /default-rack, certSerialId: null}, Type:RATIS, Factor:ONE, State:OPEN]
2019-09-25 12:05:38,414 [EventQueue-StaleNodeForStaleNodeHandler] INFO  pipeline.PipelineStateManager (PipelineStateManager.java:finalizePipeline(123)) - Pipeline Pipeline[ Id: 43e2eacb-223f-4352-9d13-8a6f5d53c235, Nodes: dd53ae84-fcc6-4953-b3df-628fab38f53c{ip: 192.168.151.73, host: pr-hdds-1569-shd4m-3693607622, networkLocation: /default-rack, certSerialId: null}, Type:RATIS, Factor:ONE, State:CLOSED] moved to CLOSED state
2019-09-25 12:05:38,426 [4a53ed6f-dce3-4b1f-9e89-8e0e17f074cc@group-674BBE556ADE:LeaderElection181] INFO  impl.LeaderElection (LeaderElection.java:askForVotes(182)) - 4a53ed6f-dce3-4b1f-9e89-8e0e17f074cc@group-674BBE556ADE:LeaderElection181: begin an election at term 1 for -1: [4a53ed6f-dce3-4b1f-9e89-8e0e17f074cc:192.168.151.73:34104], old=null
2019-09-25 12:05:38,427 [4a53ed6f-dce3-4b1f-9e89-8e0e17f074cc@group-674BBE556ADE:LeaderElection181] INFO  impl.RoleInfo (RoleInfo.java:shutdownLeaderElection(134)) - 4a53ed6f-dce3-4b1f-9e89-8e0e17f074cc: shutdown LeaderElection
2019-09-25 12:05:38,427 [4a53ed6f-dce3-4b1f-9e89-8e0e17f074cc@group-674BBE556ADE:LeaderElection181] INFO  impl.RaftServerImpl (RaftServerImpl.java:setRole(174)) - 4a53ed6f-dce3-4b1f-9e89-8e0e17f074cc@group-674BBE556ADE: changes role from CANDIDATE to LEADER at term 1 for changeToLeader
2019-09-25 12:05:38,427 [4a53ed6f-dce3-4b1f-9e89-8e0e17f074cc@group-674BBE556ADE:LeaderElection181] INFO  impl.RaftServerImpl (ServerState.java:setLeader(253)) - 4a53ed6f-dce3-4b1f-9e89-8e0e17f074cc@group-674BBE556ADE: change Leader from null to 4a53ed6f-dce3-4b1f-9e89-8e0e17f074cc at term 1 for becomeLeader, leader elected after 5103ms
2019-09-25 12:05:38,427 [4a53ed6f-dce3-4b1f-9e89-8e0e17f074cc@group-674BBE556ADE:LeaderElection181] INFO  server.RaftServerConfigKeys (ConfUtils.java:logGet(43)) - raft.server.staging.catchup.gap = 1000 (default)
2019-09-25 12:05:38,427 [4a53ed6f-dce3-4b1f-9e89-8e0e17f074cc@group-674BBE556ADE:LeaderElection181] INFO  server.RaftServerConfigKeys (ConfUtils.java:logGet(43)) - raft.server.rpc.sleep.time = 25ms (default)
2019-09-25 12:05:38,427 [4a53ed6f-dce3-4b1f-9e89-8e0e17f074cc@group-674BBE556ADE:LeaderElection181] INFO  server.RaftServerConfigKeys (ConfUtils.java:logGet(43)) - raft.server.write.element-limit = 4096 (default)
2019-09-25 12:05:38,428 [4a53ed6f-dce3-4b1f-9e89-8e0e17f074cc@group-674BBE556ADE:LeaderElection181] INFO  server.RaftServerConfigKeys (ConfUtils.java:logGet(43)) - raft.server.watch.timeout = 10s (default)
2019-09-25 12:05:38,428 [4a53ed6f-dce3-4b1f-9e89-8e0e17f074cc@group-674BBE556ADE:LeaderElection181] INFO  server.RaftServerConfigKeys (ConfUtils.java:logGet(43)) - raft.server.watch.timeout.denomination = 1s (default)
2019-09-25 12:05:38,428 [4a53ed6f-dce3-4b1f-9e89-8e0e17f074cc@group-674BBE556ADE:LeaderElection181] INFO  server.RaftServerConfigKeys (ConfUtils.java:logGet(43)) - raft.server.watch.element-limit = 65536 (default)
2019-09-25 12:05:38,430 [4a53ed6f-dce3-4b1f-9e89-8e0e17f074cc@group-674BBE556ADE:LeaderElection181] INFO  impl.RoleInfo (RoleInfo.java:updateAndGet(143)) - 4a53ed6f-dce3-4b1f-9e89-8e0e17f074cc: start LeaderState
2019-09-25 12:05:38,431 [4a53ed6f-dce3-4b1f-9e89-8e0e17f074cc@group-674BBE556ADE:LeaderElection181] INFO  segmented.SegmentedRaftLogWorker (SegmentedRaftLogWorker.java:startLogSegment(380)) - 4a53ed6f-dce3-4b1f-9e89-8e0e17f074cc@group-674BBE556ADE-SegmentedRaftLogWorker: Starting segment from index:0
2019-09-25 12:05:38,432 [4a53ed6f-dce3-4b1f-9e89-8e0e17f074cc@group-674BBE556ADE:LeaderElection181] INFO  impl.RaftServerImpl (ServerState.java:setRaftConf(354)) - 4a53ed6f-dce3-4b1f-9e89-8e0e17f074cc@group-674BBE556ADE: set configuration 0: [4a53ed6f-dce3-4b1f-9e89-8e0e17f074cc:192.168.151.73:34104], old=null at 0
2019-09-25 12:05:38,476 [4a53ed6f-dce3-4b1f-9e89-8e0e17f074cc@group-674BBE556ADE-SegmentedRaftLogWorker] INFO  segmented.SegmentedRaftLogWorker (SegmentedRaftLogWorker.java:execute(569)) - 4a53ed6f-dce3-4b1f-9e89-8e0e17f074cc@group-674BBE556ADE-SegmentedRaftLogWorker: created new log segment /workdir/hadoop-ozone/integration-test/target/test-dir/MiniOzoneClusterImpl-0814cdd2-95b4-491b-95c0-a7203a111cc5/datanode-0/data/ratis/49972224-f781-4836-b27b-674bbe556ade/current/log_inprogress_0
2019-09-25 12:05:38,563 [Thread-2653] INFO  impl.FollowerState (FollowerState.java:run(106)) - 4a53ed6f-dce3-4b1f-9e89-8e0e17f074cc:group-1B9BC9EA6282 changes to CANDIDATE, lastRpcTime:5140, electionTimeout:5140ms
2019-09-25 12:05:38,563 [Thread-2653] INFO  impl.RoleInfo (RoleInfo.java:shutdownFollowerState(121)) - 4a53ed6f-dce3-4b1f-9e89-8e0e17f074cc: shutdown FollowerState
2019-09-25 12:05:38,563 [Thread-2653] INFO  impl.RaftServerImpl (RaftServerImpl.java:setRole(174)) - 4a53ed6f-dce3-4b1f-9e89-8e0e17f074cc@group-1B9BC9EA6282: changes role from  FOLLOWER to CANDIDATE at term 0 for changeToCandidate
2019-09-25 12:05:38,563 [Thread-2653] INFO  impl.RoleInfo (RoleInfo.java:updateAndGet(143)) - 4a53ed6f-dce3-4b1f-9e89-8e0e17f074cc: start LeaderElection
2019-09-25 12:05:38,573 [Thread-2650] INFO  impl.FollowerState (FollowerState.java:run(106)) - 4a53ed6f-dce3-4b1f-9e89-8e0e17f074cc:group-6B23330BEB6D changes to CANDIDATE, lastRpcTime:5188, electionTimeout:5188ms
2019-09-25 12:05:38,573 [Thread-2650] INFO  impl.RoleInfo (RoleInfo.java:shutdownFollowerState(121)) - 4a53ed6f-dce3-4b1f-9e89-8e0e17f074cc: shutdown FollowerState
2019-09-25 12:05:38,573 [Thread-2650] INFO  impl.RaftServerImpl (RaftServerImpl.java:setRole(174)) - 4a53ed6f-dce3-4b1f-9e89-8e0e17f074cc@group-6B23330BEB6D: changes role from  FOLLOWER to CANDIDATE at term 0 for changeToCandidate
2019-09-25 12:05:38,573 [Thread-2650] INFO  impl.RoleInfo (RoleInfo.java:updateAndGet(143)) - 4a53ed6f-dce3-4b1f-9e89-8e0e17f074cc: start LeaderElection
2019-09-25 12:05:38,590 [4a53ed6f-dce3-4b1f-9e89-8e0e17f074cc@group-6B23330BEB6D:LeaderElection183] INFO  impl.LeaderElection (LeaderElection.java:askForVotes(182)) - 4a53ed6f-dce3-4b1f-9e89-8e0e17f074cc@group-6B23330BEB6D:LeaderElection183: begin an election at term 1 for -1: [4a53ed6f-dce3-4b1f-9e89-8e0e17f074cc:192.168.151.73:34104], old=null
2019-09-25 12:05:38,590 [4a53ed6f-dce3-4b1f-9e89-8e0e17f074cc@group-1B9BC9EA6282:LeaderElection182] INFO  impl.LeaderElection (LeaderElection.java:askForVotes(182)) - 4a53ed6f-dce3-4b1f-9e89-8e0e17f074cc@group-1B9BC9EA6282:LeaderElection182: begin an election at term 1 for -1: [4a53ed6f-dce3-4b1f-9e89-8e0e17f074cc:192.168.151.73:34104], old=null
2019-09-25 12:05:38,590 [4a53ed6f-dce3-4b1f-9e89-8e0e17f074cc@group-6B23330BEB6D:LeaderElection183] INFO  impl.RoleInfo (RoleInfo.java:shutdownLeaderElection(134)) - 4a53ed6f-dce3-4b1f-9e89-8e0e17f074cc: shutdown LeaderElection
2019-09-25 12:05:38,590 [4a53ed6f-dce3-4b1f-9e89-8e0e17f074cc@group-1B9BC9EA6282:LeaderElection182] INFO  impl.RoleInfo (RoleInfo.java:shutdownLeaderElection(134)) - 4a53ed6f-dce3-4b1f-9e89-8e0e17f074cc: shutdown LeaderElection
2019-09-25 12:05:38,590 [4a53ed6f-dce3-4b1f-9e89-8e0e17f074cc@group-6B23330BEB6D:LeaderElection183] INFO  impl.RaftServerImpl (RaftServerImpl.java:setRole(174)) - 4a53ed6f-dce3-4b1f-9e89-8e0e17f074cc@group-6B23330BEB6D: changes role from CANDIDATE to LEADER at term 1 for changeToLeader
2019-09-25 12:05:38,591 [4a53ed6f-dce3-4b1f-9e89-8e0e17f074cc@group-1B9BC9EA6282:LeaderElection182] INFO  impl.RaftServerImpl (RaftServerImpl.java:setRole(174)) - 4a53ed6f-dce3-4b1f-9e89-8e0e17f074cc@group-1B9BC9EA6282: changes role from CANDIDATE to LEADER at term 1 for changeToLeader
2019-09-25 12:05:38,591 [4a53ed6f-dce3-4b1f-9e89-8e0e17f074cc@group-6B23330BEB6D:LeaderElection183] INFO  impl.RaftServerImpl (ServerState.java:setLeader(253)) - 4a53ed6f-dce3-4b1f-9e89-8e0e17f074cc@group-6B23330BEB6D: change Leader from null to 4a53ed6f-dce3-4b1f-9e89-8e0e17f074cc at term 1 for becomeLeader, leader elected after 5209ms
2019-09-25 12:05:38,591 [4a53ed6f-dce3-4b1f-9e89-8e0e17f074cc@group-1B9BC9EA6282:LeaderElection182] INFO  impl.RaftServerImpl (ServerState.java:setLeader(253)) - 4a53ed6f-dce3-4b1f-9e89-8e0e17f074cc@group-1B9BC9EA6282: change Leader from null to 4a53ed6f-dce3-4b1f-9e89-8e0e17f074cc at term 1 for becomeLeader, leader elected after 5174ms
2019-09-25 12:05:38,591 [4a53ed6f-dce3-4b1f-9e89-8e0e17f074cc@group-6B23330BEB6D:LeaderElection183] INFO  server.RaftServerConfigKeys (ConfUtils.java:logGet(43)) - raft.server.staging.catchup.gap = 1000 (default)
2019-09-25 12:05:38,591 [4a53ed6f-dce3-4b1f-9e89-8e0e17f074cc@group-1B9BC9EA6282:LeaderElection182] INFO  server.RaftServerConfigKeys (ConfUtils.java:logGet(43)) - raft.server.staging.catchup.gap = 1000 (default)
2019-09-25 12:05:38,591 [4a53ed6f-dce3-4b1f-9e89-8e0e17f074cc@group-6B23330BEB6D:LeaderElection183] INFO  server.RaftServerConfigKeys (ConfUtils.java:logGet(43)) - raft.server.rpc.sleep.time = 25ms (default)
2019-09-25 12:05:38,591 [4a53ed6f-dce3-4b1f-9e89-8e0e17f074cc@group-1B9BC9EA6282:LeaderElection182] INFO  server.RaftServerConfigKeys (ConfUtils.java:logGet(43)) - raft.server.rpc.sleep.time = 25ms (default)
2019-09-25 12:05:38,591 [4a53ed6f-dce3-4b1f-9e89-8e0e17f074cc@group-6B23330BEB6D:LeaderElection183] INFO  server.RaftServerConfigKeys (ConfUtils.java:logGet(43)) - raft.server.write.element-limit = 4096 (default)
2019-09-25 12:05:38,591 [4a53ed6f-dce3-4b1f-9e89-8e0e17f074cc@group-1B9BC9EA6282:LeaderElection182] INFO  server.RaftServerConfigKeys (ConfUtils.java:logGet(43)) - raft.server.write.element-limit = 4096 (default)
2019-09-25 12:05:38,591 [4a53ed6f-dce3-4b1f-9e89-8e0e17f074cc@group-6B23330BEB6D:LeaderElection183] INFO  server.RaftServerConfigKeys (ConfUtils.java:logGet(43)) - raft.server.watch.timeout = 10s (default)
2019-09-25 12:05:38,591 [4a53ed6f-dce3-4b1f-9e89-8e0e17f074cc@group-1B9BC9EA6282:LeaderElection182] INFO  server.RaftServerConfigKeys (ConfUtils.java:logGet(43)) - raft.server.watch.timeout = 10s (default)
2019-09-25 12:05:38,592 [4a53ed6f-dce3-4b1f-9e89-8e0e17f074cc@group-6B23330BEB6D:LeaderElection183] INFO  server.RaftServerConfigKeys (ConfUtils.java:logGet(43)) - raft.server.watch.timeout.denomination = 1s (default)
2019-09-25 12:05:38,592 [4a53ed6f-dce3-4b1f-9e89-8e0e17f074cc@group-1B9BC9EA6282:LeaderElection182] INFO  server.RaftServerConfigKeys (ConfUtils.java:logGet(43)) - raft.server.watch.timeout.denomination = 1s (default)
2019-09-25 12:05:38,592 [4a53ed6f-dce3-4b1f-9e89-8e0e17f074cc@group-6B23330BEB6D:LeaderElection183] INFO  server.RaftServerConfigKeys (ConfUtils.java:logGet(43)) - raft.server.watch.element-limit = 65536 (default)
2019-09-25 12:05:38,592 [4a53ed6f-dce3-4b1f-9e89-8e0e17f074cc@group-1B9BC9EA6282:LeaderElection182] INFO  server.RaftServerConfigKeys (ConfUtils.java:logGet(43)) - raft.server.watch.element-limit = 65536 (default)
2019-09-25 12:05:38,594 [4a53ed6f-dce3-4b1f-9e89-8e0e17f074cc@group-6B23330BEB6D:LeaderElection183] INFO  impl.RoleInfo (RoleInfo.java:updateAndGet(143)) - 4a53ed6f-dce3-4b1f-9e89-8e0e17f074cc: start LeaderState
2019-09-25 12:05:38,594 [4a53ed6f-dce3-4b1f-9e89-8e0e17f074cc@group-6B23330BEB6D:LeaderElection183] INFO  segmented.SegmentedRaftLogWorker (SegmentedRaftLogWorker.java:startLogSegment(380)) - 4a53ed6f-dce3-4b1f-9e89-8e0e17f074cc@group-6B23330BEB6D-SegmentedRaftLogWorker: Starting segment from index:0
2019-09-25 12:05:38,594 [4a53ed6f-dce3-4b1f-9e89-8e0e17f074cc@group-1B9BC9EA6282:LeaderElection182] INFO  impl.RoleInfo (RoleInfo.java:updateAndGet(143)) - 4a53ed6f-dce3-4b1f-9e89-8e0e17f074cc: start LeaderState
2019-09-25 12:05:38,594 [4a53ed6f-dce3-4b1f-9e89-8e0e17f074cc@group-1B9BC9EA6282:LeaderElection182] INFO  segmented.SegmentedRaftLogWorker (SegmentedRaftLogWorker.java:startLogSegment(380)) - 4a53ed6f-dce3-4b1f-9e89-8e0e17f074cc@group-1B9BC9EA6282-SegmentedRaftLogWorker: Starting segment from index:0
2019-09-25 12:05:38,594 [4a53ed6f-dce3-4b1f-9e89-8e0e17f074cc@group-6B23330BEB6D:LeaderElection183] INFO  impl.RaftServerImpl (ServerState.java:setRaftConf(354)) - 4a53ed6f-dce3-4b1f-9e89-8e0e17f074cc@group-6B23330BEB6D: set configuration 0: [4a53ed6f-dce3-4b1f-9e89-8e0e17f074cc:192.168.151.73:34104], old=null at 0
2019-09-25 12:05:38,595 [4a53ed6f-dce3-4b1f-9e89-8e0e17f074cc@group-1B9BC9EA6282:LeaderElection182] INFO  impl.RaftServerImpl (ServerState.java:setRaftConf(354)) - 4a53ed6f-dce3-4b1f-9e89-8e0e17f074cc@group-1B9BC9EA6282: set configuration 0: [4a53ed6f-dce3-4b1f-9e89-8e0e17f074cc:192.168.151.73:34104], old=null at 0
2019-09-25 12:05:38,601 [Thread-2656] INFO  impl.FollowerState (FollowerState.java:run(106)) - dd53ae84-fcc6-4953-b3df-628fab38f53c:group-34C648F7C651 changes to CANDIDATE, lastRpcTime:5136, electionTimeout:5136ms
2019-09-25 12:05:38,601 [Thread-2656] INFO  impl.RoleInfo (RoleInfo.java:shutdownFollowerState(121)) - dd53ae84-fcc6-4953-b3df-628fab38f53c: shutdown FollowerState
2019-09-25 12:05:38,601 [Thread-2656] INFO  impl.RaftServerImpl (RaftServerImpl.java:setRole(174)) - dd53ae84-fcc6-4953-b3df-628fab38f53c@group-34C648F7C651: changes role from  FOLLOWER to CANDIDATE at term 0 for changeToCandidate
2019-09-25 12:05:38,601 [Thread-2656] INFO  impl.RoleInfo (RoleInfo.java:updateAndGet(143)) - dd53ae84-fcc6-4953-b3df-628fab38f53c: start LeaderElection
2019-09-25 12:05:38,626 [Thread-2659] INFO  impl.FollowerState (FollowerState.java:run(106)) - 1b5f48e1-875d-49d5-a3ca-2607cd8d3943:group-9D730E9969B8 changes to CANDIDATE, lastRpcTime:5122, electionTimeout:5107ms
2019-09-25 12:05:38,626 [Thread-2659] INFO  impl.RoleInfo (RoleInfo.java:shutdownFollowerState(121)) - 1b5f48e1-875d-49d5-a3ca-2607cd8d3943: shutdown FollowerState
2019-09-25 12:05:38,627 [Thread-2659] INFO  impl.RaftServerImpl (RaftServerImpl.java:setRole(174)) - 1b5f48e1-875d-49d5-a3ca-2607cd8d3943@group-9D730E9969B8: changes role from  FOLLOWER to CANDIDATE at term 0 for changeToCandidate
2019-09-25 12:05:38,627 [EventQueue-StaleNodeForStaleNodeHandler] INFO  node.StaleNodeHandler (StaleNodeHandler.java:onMessage(58)) - Datanode aa2320bf-b2b0-4764-9bc5-2df8b93b85ea{ip: 192.168.151.73, host: pr-hdds-1569-shd4m-3693607622, networkLocation: /default-rack, certSerialId: null} moved to stale state. Finalizing its pipelines [PipelineID=75c24ff1-853c-4903-a51e-c0f71aa56592, PipelineID=a09a60ee-8e09-44dd-9db3-6644e7b6b2c2, PipelineID=70caa2b8-fc64-4667-99f4-327c7e377098, PipelineID=5056772b-34eb-4aa5-a74c-702752648cca, PipelineID=d23be601-ab10-42fd-8734-a62d50d9174b, PipelineID=53837c5f-6655-4079-b68e-765c6a2948e4]
2019-09-25 12:05:38,627 [Thread-2659] INFO  impl.RoleInfo (RoleInfo.java:updateAndGet(143)) - 1b5f48e1-875d-49d5-a3ca-2607cd8d3943: start LeaderElection
2019-09-25 12:05:38,627 [EventQueue-StaleNodeForStaleNodeHandler] INFO  pipeline.SCMPipelineManager (SCMPipelineManager.java:finalizeAndDestroyPipeline(316)) - destroying pipeline:Pipeline[ Id: 75c24ff1-853c-4903-a51e-c0f71aa56592, Nodes: aa2320bf-b2b0-4764-9bc5-2df8b93b85ea{ip: 192.168.151.73, host: pr-hdds-1569-shd4m-3693607622, networkLocation: /default-rack, certSerialId: null}, Type:RATIS, Factor:ONE, State:OPEN]
2019-09-25 12:05:38,633 [EventQueue-StaleNodeForStaleNodeHandler] INFO  pipeline.PipelineStateManager (PipelineStateManager.java:finalizePipeline(123)) - Pipeline Pipeline[ Id: 75c24ff1-853c-4903-a51e-c0f71aa56592, Nodes: aa2320bf-b2b0-4764-9bc5-2df8b93b85ea{ip: 192.168.151.73, host: pr-hdds-1569-shd4m-3693607622, networkLocation: /default-rack, certSerialId: null}, Type:RATIS, Factor:ONE, State:CLOSED] moved to CLOSED state
2019-09-25 12:05:38,633 [EventQueue-StaleNodeForStaleNodeHandler] INFO  pipeline.SCMPipelineManager (SCMPipelineManager.java:finalizeAndDestroyPipeline(316)) - destroying pipeline:Pipeline[ Id: a09a60ee-8e09-44dd-9db3-6644e7b6b2c2, Nodes: aa2320bf-b2b0-4764-9bc5-2df8b93b85ea{ip: 192.168.151.73, host: pr-hdds-1569-shd4m-3693607622, networkLocation: /default-rack, certSerialId: null}, Type:RATIS, Factor:ONE, State:OPEN]
2019-09-25 12:05:38,633 [EventQueue-StaleNodeForStaleNodeHandler] INFO  pipeline.PipelineStateManager (PipelineStateManager.java:finalizePipeline(123)) - Pipeline Pipeline[ Id: a09a60ee-8e09-44dd-9db3-6644e7b6b2c2, Nodes: aa2320bf-b2b0-4764-9bc5-2df8b93b85ea{ip: 192.168.151.73, host: pr-hdds-1569-shd4m-3693607622, networkLocation: /default-rack, certSerialId: null}, Type:RATIS, Factor:ONE, State:CLOSED] moved to CLOSED state
2019-09-25 12:05:38,633 [EventQueue-StaleNodeForStaleNodeHandler] INFO  pipeline.SCMPipelineManager (SCMPipelineManager.java:finalizeAndDestroyPipeline(316)) - destroying pipeline:Pipeline[ Id: 70caa2b8-fc64-4667-99f4-327c7e377098, Nodes: aa2320bf-b2b0-4764-9bc5-2df8b93b85ea{ip: 192.168.151.73, host: pr-hdds-1569-shd4m-3693607622, networkLocation: /default-rack, certSerialId: null}, Type:RATIS, Factor:ONE, State:OPEN]
2019-09-25 12:05:38,633 [EventQueue-StaleNodeForStaleNodeHandler] INFO  pipeline.PipelineStateManager (PipelineStateManager.java:finalizePipeline(123)) - Pipeline Pipeline[ Id: 70caa2b8-fc64-4667-99f4-327c7e377098, Nodes: aa2320bf-b2b0-4764-9bc5-2df8b93b85ea{ip: 192.168.151.73, host: pr-hdds-1569-shd4m-3693607622, networkLocation: /default-rack, certSerialId: null}, Type:RATIS, Factor:ONE, State:CLOSED] moved to CLOSED state
2019-09-25 12:05:38,634 [EventQueue-StaleNodeForStaleNodeHandler] INFO  pipeline.SCMPipelineManager (SCMPipelineManager.java:finalizeAndDestroyPipeline(316)) - destroying pipeline:Pipeline[ Id: 5056772b-34eb-4aa5-a74c-702752648cca, Nodes: aa2320bf-b2b0-4764-9bc5-2df8b93b85ea{ip: 192.168.151.73, host: pr-hdds-1569-shd4m-3693607622, networkLocation: /default-rack, certSerialId: null}, Type:RATIS, Factor:ONE, State:OPEN]
2019-09-25 12:05:38,634 [EventQueue-StaleNodeForStaleNodeHandler] INFO  pipeline.PipelineStateManager (PipelineStateManager.java:finalizePipeline(123)) - Pipeline Pipeline[ Id: 5056772b-34eb-4aa5-a74c-702752648cca, Nodes: aa2320bf-b2b0-4764-9bc5-2df8b93b85ea{ip: 192.168.151.73, host: pr-hdds-1569-shd4m-3693607622, networkLocation: /default-rack, certSerialId: null}, Type:RATIS, Factor:ONE, State:CLOSED] moved to CLOSED state
2019-09-25 12:05:38,634 [EventQueue-StaleNodeForStaleNodeHandler] INFO  pipeline.SCMPipelineManager (SCMPipelineManager.java:finalizeAndDestroyPipeline(316)) - destroying pipeline:Pipeline[ Id: d23be601-ab10-42fd-8734-a62d50d9174b, Nodes: aa2320bf-b2b0-4764-9bc5-2df8b93b85ea{ip: 192.168.151.73, host: pr-hdds-1569-shd4m-3693607622, networkLocation: /default-rack, certSerialId: null}, Type:RATIS, Factor:ONE, State:OPEN]
2019-09-25 12:05:38,634 [EventQueue-StaleNodeForStaleNodeHandler] INFO  pipeline.PipelineStateManager (PipelineStateManager.java:finalizePipeline(123)) - Pipeline Pipeline[ Id: d23be601-ab10-42fd-8734-a62d50d9174b, Nodes: aa2320bf-b2b0-4764-9bc5-2df8b93b85ea{ip: 192.168.151.73, host: pr-hdds-1569-shd4m-3693607622, networkLocation: /default-rack, certSerialId: null}, Type:RATIS, Factor:ONE, State:CLOSED] moved to CLOSED state
2019-09-25 12:05:38,634 [EventQueue-StaleNodeForStaleNodeHandler] INFO  pipeline.SCMPipelineManager (SCMPipelineManager.java:finalizeAndDestroyPipeline(316)) - destroying pipeline:Pipeline[ Id: 53837c5f-6655-4079-b68e-765c6a2948e4, Nodes: aa2320bf-b2b0-4764-9bc5-2df8b93b85ea{ip: 192.168.151.73, host: pr-hdds-1569-shd4m-3693607622, networkLocation: /default-rack, certSerialId: null}, Type:RATIS, Factor:ONE, State:OPEN]
2019-09-25 12:05:38,634 [EventQueue-StaleNodeForStaleNodeHandler] INFO  pipeline.PipelineStateManager (PipelineStateManager.java:finalizePipeline(123)) - Pipeline Pipeline[ Id: 53837c5f-6655-4079-b68e-765c6a2948e4, Nodes: aa2320bf-b2b0-4764-9bc5-2df8b93b85ea{ip: 192.168.151.73, host: pr-hdds-1569-shd4m-3693607622, networkLocation: /default-rack, certSerialId: null}, Type:RATIS, Factor:ONE, State:CLOSED] moved to CLOSED state
2019-09-25 12:05:38,639 [4a53ed6f-dce3-4b1f-9e89-8e0e17f074cc@group-6B23330BEB6D-SegmentedRaftLogWorker] INFO  segmented.SegmentedRaftLogWorker (SegmentedRaftLogWorker.java:execute(569)) - 4a53ed6f-dce3-4b1f-9e89-8e0e17f074cc@group-6B23330BEB6D-SegmentedRaftLogWorker: created new log segment /workdir/hadoop-ozone/integration-test/target/test-dir/MiniOzoneClusterImpl-0814cdd2-95b4-491b-95c0-a7203a111cc5/datanode-0/data/ratis/a3d64f74-45f7-40d2-8da5-6b23330beb6d/current/log_inprogress_0
2019-09-25 12:05:38,639 [4a53ed6f-dce3-4b1f-9e89-8e0e17f074cc@group-1B9BC9EA6282-SegmentedRaftLogWorker] INFO  segmented.SegmentedRaftLogWorker (SegmentedRaftLogWorker.java:execute(569)) - 4a53ed6f-dce3-4b1f-9e89-8e0e17f074cc@group-1B9BC9EA6282-SegmentedRaftLogWorker: created new log segment /workdir/hadoop-ozone/integration-test/target/test-dir/MiniOzoneClusterImpl-0814cdd2-95b4-491b-95c0-a7203a111cc5/datanode-0/data/ratis/0fe91097-e10b-4c2b-bb34-1b9bc9ea6282/current/log_inprogress_0
2019-09-25 12:05:38,639 [1b5f48e1-875d-49d5-a3ca-2607cd8d3943@group-9D730E9969B8:LeaderElection185] INFO  impl.LeaderElection (LeaderElection.java:askForVotes(182)) - 1b5f48e1-875d-49d5-a3ca-2607cd8d3943@group-9D730E9969B8:LeaderElection185: begin an election at term 1 for -1: [1b5f48e1-875d-49d5-a3ca-2607cd8d3943:192.168.151.73:34544], old=null
2019-09-25 12:05:38,639 [dd53ae84-fcc6-4953-b3df-628fab38f53c@group-34C648F7C651:LeaderElection184] INFO  impl.LeaderElection (LeaderElection.java:askForVotes(182)) - dd53ae84-fcc6-4953-b3df-628fab38f53c@group-34C648F7C651:LeaderElection184: begin an election at term 1 for -1: [dd53ae84-fcc6-4953-b3df-628fab38f53c:192.168.151.73:42918], old=null
2019-09-25 12:05:38,639 [1b5f48e1-875d-49d5-a3ca-2607cd8d3943@group-9D730E9969B8:LeaderElection185] INFO  impl.RoleInfo (RoleInfo.java:shutdownLeaderElection(134)) - 1b5f48e1-875d-49d5-a3ca-2607cd8d3943: shutdown LeaderElection
2019-09-25 12:05:38,639 [dd53ae84-fcc6-4953-b3df-628fab38f53c@group-34C648F7C651:LeaderElection184] INFO  impl.RoleInfo (RoleInfo.java:shutdownLeaderElection(134)) - dd53ae84-fcc6-4953-b3df-628fab38f53c: shutdown LeaderElection
2019-09-25 12:05:38,639 [1b5f48e1-875d-49d5-a3ca-2607cd8d3943@group-9D730E9969B8:LeaderElection185] INFO  impl.RaftServerImpl (RaftServerImpl.java:setRole(174)) - 1b5f48e1-875d-49d5-a3ca-2607cd8d3943@group-9D730E9969B8: changes role from CANDIDATE to LEADER at term 1 for changeToLeader
2019-09-25 12:05:38,639 [dd53ae84-fcc6-4953-b3df-628fab38f53c@group-34C648F7C651:LeaderElection184] INFO  impl.RaftServerImpl (RaftServerImpl.java:setRole(174)) - dd53ae84-fcc6-4953-b3df-628fab38f53c@group-34C648F7C651: changes role from CANDIDATE to LEADER at term 1 for changeToLeader
2019-09-25 12:05:38,640 [1b5f48e1-875d-49d5-a3ca-2607cd8d3943@group-9D730E9969B8:LeaderElection185] INFO  impl.RaftServerImpl (ServerState.java:setLeader(253)) - 1b5f48e1-875d-49d5-a3ca-2607cd8d3943@group-9D730E9969B8: change Leader from null to 1b5f48e1-875d-49d5-a3ca-2607cd8d3943 at term 1 for becomeLeader, leader elected after 5139ms
2019-09-25 12:05:38,640 [dd53ae84-fcc6-4953-b3df-628fab38f53c@group-34C648F7C651:LeaderElection184] INFO  impl.RaftServerImpl (ServerState.java:setLeader(253)) - dd53ae84-fcc6-4953-b3df-628fab38f53c@group-34C648F7C651: change Leader from null to dd53ae84-fcc6-4953-b3df-628fab38f53c at term 1 for becomeLeader, leader elected after 5180ms
2019-09-25 12:05:38,640 [1b5f48e1-875d-49d5-a3ca-2607cd8d3943@group-9D730E9969B8:LeaderElection185] INFO  server.RaftServerConfigKeys (ConfUtils.java:logGet(43)) - raft.server.staging.catchup.gap = 1000 (default)
2019-09-25 12:05:38,640 [dd53ae84-fcc6-4953-b3df-628fab38f53c@group-34C648F7C651:LeaderElection184] INFO  server.RaftServerConfigKeys (ConfUtils.java:logGet(43)) - raft.server.staging.catchup.gap = 1000 (default)
2019-09-25 12:05:38,640 [1b5f48e1-875d-49d5-a3ca-2607cd8d3943@group-9D730E9969B8:LeaderElection185] INFO  server.RaftServerConfigKeys (ConfUtils.java:logGet(43)) - raft.server.rpc.sleep.time = 25ms (default)
2019-09-25 12:05:38,640 [dd53ae84-fcc6-4953-b3df-628fab38f53c@group-34C648F7C651:LeaderElection184] INFO  server.RaftServerConfigKeys (ConfUtils.java:logGet(43)) - raft.server.rpc.sleep.time = 25ms (default)
2019-09-25 12:05:38,640 [1b5f48e1-875d-49d5-a3ca-2607cd8d3943@group-9D730E9969B8:LeaderElection185] INFO  server.RaftServerConfigKeys (ConfUtils.java:logGet(43)) - raft.server.write.element-limit = 4096 (default)
2019-09-25 12:05:38,640 [dd53ae84-fcc6-4953-b3df-628fab38f53c@group-34C648F7C651:LeaderElection184] INFO  server.RaftServerConfigKeys (ConfUtils.java:logGet(43)) - raft.server.write.element-limit = 4096 (default)
2019-09-25 12:05:38,640 [1b5f48e1-875d-49d5-a3ca-2607cd8d3943@group-9D730E9969B8:LeaderElection185] INFO  server.RaftServerConfigKeys (ConfUtils.java:logGet(43)) - raft.server.watch.timeout = 10s (default)
2019-09-25 12:05:38,641 [dd53ae84-fcc6-4953-b3df-628fab38f53c@group-34C648F7C651:LeaderElection184] INFO  server.RaftServerConfigKeys (ConfUtils.java:logGet(43)) - raft.server.watch.timeout = 10s (default)
2019-09-25 12:05:38,641 [1b5f48e1-875d-49d5-a3ca-2607cd8d3943@group-9D730E9969B8:LeaderElection185] INFO  server.RaftServerConfigKeys (ConfUtils.java:logGet(43)) - raft.server.watch.timeout.denomination = 1s (default)
2019-09-25 12:05:38,641 [dd53ae84-fcc6-4953-b3df-628fab38f53c@group-34C648F7C651:LeaderElection184] INFO  server.RaftServerConfigKeys (ConfUtils.java:logGet(43)) - raft.server.watch.timeout.denomination = 1s (default)
2019-09-25 12:05:38,641 [1b5f48e1-875d-49d5-a3ca-2607cd8d3943@group-9D730E9969B8:LeaderElection185] INFO  server.RaftServerConfigKeys (ConfUtils.java:logGet(43)) - raft.server.watch.element-limit = 65536 (default)
2019-09-25 12:05:38,641 [dd53ae84-fcc6-4953-b3df-628fab38f53c@group-34C648F7C651:LeaderElection184] INFO  server.RaftServerConfigKeys (ConfUtils.java:logGet(43)) - raft.server.watch.element-limit = 65536 (default)
2019-09-25 12:05:38,643 [1b5f48e1-875d-49d5-a3ca-2607cd8d3943@group-9D730E9969B8:LeaderElection185] INFO  impl.RoleInfo (RoleInfo.java:updateAndGet(143)) - 1b5f48e1-875d-49d5-a3ca-2607cd8d3943: start LeaderState
2019-09-25 12:05:38,643 [1b5f48e1-875d-49d5-a3ca-2607cd8d3943@group-9D730E9969B8:LeaderElection185] INFO  segmented.SegmentedRaftLogWorker (SegmentedRaftLogWorker.java:startLogSegment(380)) - 1b5f48e1-875d-49d5-a3ca-2607cd8d3943@group-9D730E9969B8-SegmentedRaftLogWorker: Starting segment from index:0
2019-09-25 12:05:38,643 [dd53ae84-fcc6-4953-b3df-628fab38f53c@group-34C648F7C651:LeaderElection184] INFO  impl.RoleInfo (RoleInfo.java:updateAndGet(143)) - dd53ae84-fcc6-4953-b3df-628fab38f53c: start LeaderState
2019-09-25 12:05:38,643 [dd53ae84-fcc6-4953-b3df-628fab38f53c@group-34C648F7C651:LeaderElection184] INFO  segmented.SegmentedRaftLogWorker (SegmentedRaftLogWorker.java:startLogSegment(380)) - dd53ae84-fcc6-4953-b3df-628fab38f53c@group-34C648F7C651-SegmentedRaftLogWorker: Starting segment from index:0
2019-09-25 12:05:38,643 [1b5f48e1-875d-49d5-a3ca-2607cd8d3943@group-9D730E9969B8:LeaderElection185] INFO  impl.RaftServerImpl (ServerState.java:setRaftConf(354)) - 1b5f48e1-875d-49d5-a3ca-2607cd8d3943@group-9D730E9969B8: set configuration 0: [1b5f48e1-875d-49d5-a3ca-2607cd8d3943:192.168.151.73:34544], old=null at 0
2019-09-25 12:05:38,644 [dd53ae84-fcc6-4953-b3df-628fab38f53c@group-34C648F7C651:LeaderElection184] INFO  impl.RaftServerImpl (ServerState.java:setRaftConf(354)) - dd53ae84-fcc6-4953-b3df-628fab38f53c@group-34C648F7C651: set configuration 0: [dd53ae84-fcc6-4953-b3df-628fab38f53c:192.168.151.73:42918], old=null at 0
2019-09-25 12:05:38,654 [Thread-2674] INFO  impl.FollowerState (FollowerState.java:run(106)) - dd53ae84-fcc6-4953-b3df-628fab38f53c:group-B1464C5BF144 changes to CANDIDATE, lastRpcTime:5002, electionTimeout:5002ms
2019-09-25 12:05:38,654 [Thread-2674] INFO  impl.RoleInfo (RoleInfo.java:shutdownFollowerState(121)) - dd53ae84-fcc6-4953-b3df-628fab38f53c: shutdown FollowerState
2019-09-25 12:05:38,654 [Thread-2674] INFO  impl.RaftServerImpl (RaftServerImpl.java:setRole(174)) - dd53ae84-fcc6-4953-b3df-628fab38f53c@group-B1464C5BF144: changes role from  FOLLOWER to CANDIDATE at term 0 for changeToCandidate
2019-09-25 12:05:38,655 [Thread-2674] INFO  impl.RoleInfo (RoleInfo.java:updateAndGet(143)) - dd53ae84-fcc6-4953-b3df-628fab38f53c: start LeaderElection
2019-09-25 12:05:38,677 [Thread-2662] INFO  impl.FollowerState (FollowerState.java:run(106)) - 4a53ed6f-dce3-4b1f-9e89-8e0e17f074cc:group-5BED89A24C71 changes to CANDIDATE, lastRpcTime:5135, electionTimeout:5135ms
2019-09-25 12:05:38,677 [Thread-2662] INFO  impl.RoleInfo (RoleInfo.java:shutdownFollowerState(121)) - 4a53ed6f-dce3-4b1f-9e89-8e0e17f074cc: shutdown FollowerState
2019-09-25 12:05:38,677 [Thread-2662] INFO  impl.RaftServerImpl (RaftServerImpl.java:setRole(174)) - 4a53ed6f-dce3-4b1f-9e89-8e0e17f074cc@group-5BED89A24C71: changes role from  FOLLOWER to CANDIDATE at term 0 for changeToCandidate
2019-09-25 12:05:38,678 [Thread-2662] INFO  impl.RoleInfo (RoleInfo.java:updateAndGet(143)) - 4a53ed6f-dce3-4b1f-9e89-8e0e17f074cc: start LeaderElection
2019-09-25 12:05:38,707 [1b5f48e1-875d-49d5-a3ca-2607cd8d3943@group-9D730E9969B8-SegmentedRaftLogWorker] INFO  segmented.SegmentedRaftLogWorker (SegmentedRaftLogWorker.java:execute(569)) - 1b5f48e1-875d-49d5-a3ca-2607cd8d3943@group-9D730E9969B8-SegmentedRaftLogWorker: created new log segment /workdir/hadoop-ozone/integration-test/target/test-dir/MiniOzoneClusterImpl-0814cdd2-95b4-491b-95c0-a7203a111cc5/datanode-2/data/ratis/145e4da3-1d49-4c9c-a637-9d730e9969b8/current/log_inprogress_0
2019-09-25 12:05:38,707 [dd53ae84-fcc6-4953-b3df-628fab38f53c@group-B1464C5BF144:LeaderElection186] INFO  impl.LeaderElection (LeaderElection.java:askForVotes(182)) - dd53ae84-fcc6-4953-b3df-628fab38f53c@group-B1464C5BF144:LeaderElection186: begin an election at term 1 for -1: [dd53ae84-fcc6-4953-b3df-628fab38f53c:192.168.151.73:42918], old=null
2019-09-25 12:05:38,707 [4a53ed6f-dce3-4b1f-9e89-8e0e17f074cc@group-5BED89A24C71:LeaderElection187] INFO  impl.LeaderElection (LeaderElection.java:askForVotes(182)) - 4a53ed6f-dce3-4b1f-9e89-8e0e17f074cc@group-5BED89A24C71:LeaderElection187: begin an election at term 1 for -1: [4a53ed6f-dce3-4b1f-9e89-8e0e17f074cc:192.168.151.73:34104], old=null
2019-09-25 12:05:38,707 [dd53ae84-fcc6-4953-b3df-628fab38f53c@group-34C648F7C651-SegmentedRaftLogWorker] INFO  segmented.SegmentedRaftLogWorker (SegmentedRaftLogWorker.java:execute(569)) - dd53ae84-fcc6-4953-b3df-628fab38f53c@group-34C648F7C651-SegmentedRaftLogWorker: created new log segment /workdir/hadoop-ozone/integration-test/target/test-dir/MiniOzoneClusterImpl-0814cdd2-95b4-491b-95c0-a7203a111cc5/datanode-1/data/ratis/8739295d-9f9e-44df-af57-34c648f7c651/current/log_inprogress_0
2019-09-25 12:05:38,707 [4a53ed6f-dce3-4b1f-9e89-8e0e17f074cc@group-5BED89A24C71:LeaderElection187] INFO  impl.RoleInfo (RoleInfo.java:shutdownLeaderElection(134)) - 4a53ed6f-dce3-4b1f-9e89-8e0e17f074cc: shutdown LeaderElection
2019-09-25 12:05:38,707 [dd53ae84-fcc6-4953-b3df-628fab38f53c@group-B1464C5BF144:LeaderElection186] INFO  impl.RoleInfo (RoleInfo.java:shutdownLeaderElection(134)) - dd53ae84-fcc6-4953-b3df-628fab38f53c: shutdown LeaderElection
2019-09-25 12:05:38,707 [4a53ed6f-dce3-4b1f-9e89-8e0e17f074cc@group-5BED89A24C71:LeaderElection187] INFO  impl.RaftServerImpl (RaftServerImpl.java:setRole(174)) - 4a53ed6f-dce3-4b1f-9e89-8e0e17f074cc@group-5BED89A24C71: changes role from CANDIDATE to LEADER at term 1 for changeToLeader
2019-09-25 12:05:38,708 [dd53ae84-fcc6-4953-b3df-628fab38f53c@group-B1464C5BF144:LeaderElection186] INFO  impl.RaftServerImpl (RaftServerImpl.java:setRole(174)) - dd53ae84-fcc6-4953-b3df-628fab38f53c@group-B1464C5BF144: changes role from CANDIDATE to LEADER at term 1 for changeToLeader
2019-09-25 12:05:38,708 [4a53ed6f-dce3-4b1f-9e89-8e0e17f074cc@group-5BED89A24C71:LeaderElection187] INFO  impl.RaftServerImpl (ServerState.java:setLeader(253)) - 4a53ed6f-dce3-4b1f-9e89-8e0e17f074cc@group-5BED89A24C71: change Leader from null to 4a53ed6f-dce3-4b1f-9e89-8e0e17f074cc at term 1 for becomeLeader, leader elected after 5171ms
2019-09-25 12:05:38,708 [dd53ae84-fcc6-4953-b3df-628fab38f53c@group-B1464C5BF144:LeaderElection186] INFO  impl.RaftServerImpl (ServerState.java:setLeader(253)) - dd53ae84-fcc6-4953-b3df-628fab38f53c@group-B1464C5BF144: change Leader from null to dd53ae84-fcc6-4953-b3df-628fab38f53c at term 1 for becomeLeader, leader elected after 5061ms
2019-09-25 12:05:38,708 [4a53ed6f-dce3-4b1f-9e89-8e0e17f074cc@group-5BED89A24C71:LeaderElection187] INFO  server.RaftServerConfigKeys (ConfUtils.java:logGet(43)) - raft.server.staging.catchup.gap = 1000 (default)
2019-09-25 12:05:38,708 [dd53ae84-fcc6-4953-b3df-628fab38f53c@group-B1464C5BF144:LeaderElection186] INFO  server.RaftServerConfigKeys (ConfUtils.java:logGet(43)) - raft.server.staging.catchup.gap = 1000 (default)
2019-09-25 12:05:38,708 [4a53ed6f-dce3-4b1f-9e89-8e0e17f074cc@group-5BED89A24C71:LeaderElection187] INFO  server.RaftServerConfigKeys (ConfUtils.java:logGet(43)) - raft.server.rpc.sleep.time = 25ms (default)
2019-09-25 12:05:38,708 [dd53ae84-fcc6-4953-b3df-628fab38f53c@group-B1464C5BF144:LeaderElection186] INFO  server.RaftServerConfigKeys (ConfUtils.java:logGet(43)) - raft.server.rpc.sleep.time = 25ms (default)
2019-09-25 12:05:38,708 [4a53ed6f-dce3-4b1f-9e89-8e0e17f074cc@group-5BED89A24C71:LeaderElection187] INFO  server.RaftServerConfigKeys (ConfUtils.java:logGet(43)) - raft.server.write.element-limit = 4096 (default)
2019-09-25 12:05:38,709 [dd53ae84-fcc6-4953-b3df-628fab38f53c@group-B1464C5BF144:LeaderElection186] INFO  server.RaftServerConfigKeys (ConfUtils.java:logGet(43)) - raft.server.write.element-limit = 4096 (default)
2019-09-25 12:05:38,709 [4a53ed6f-dce3-4b1f-9e89-8e0e17f074cc@group-5BED89A24C71:LeaderElection187] INFO  server.RaftServerConfigKeys (ConfUtils.java:logGet(43)) - raft.server.watch.timeout = 10s (default)
2019-09-25 12:05:38,709 [dd53ae84-fcc6-4953-b3df-628fab38f53c@group-B1464C5BF144:LeaderElection186] INFO  server.RaftServerConfigKeys (ConfUtils.java:logGet(43)) - raft.server.watch.timeout = 10s (default)
2019-09-25 12:05:38,709 [4a53ed6f-dce3-4b1f-9e89-8e0e17f074cc@group-5BED89A24C71:LeaderElection187] INFO  server.RaftServerConfigKeys (ConfUtils.java:logGet(43)) - raft.server.watch.timeout.denomination = 1s (default)
2019-09-25 12:05:38,709 [dd53ae84-fcc6-4953-b3df-628fab38f53c@group-B1464C5BF144:LeaderElection186] INFO  server.RaftServerConfigKeys (ConfUtils.java:logGet(43)) - raft.server.watch.timeout.denomination = 1s (default)
2019-09-25 12:05:38,709 [4a53ed6f-dce3-4b1f-9e89-8e0e17f074cc@group-5BED89A24C71:LeaderElection187] INFO  server.RaftServerConfigKeys (ConfUtils.java:logGet(43)) - raft.server.watch.element-limit = 65536 (default)
2019-09-25 12:05:38,709 [dd53ae84-fcc6-4953-b3df-628fab38f53c@group-B1464C5BF144:LeaderElection186] INFO  server.RaftServerConfigKeys (ConfUtils.java:logGet(43)) - raft.server.watch.element-limit = 65536 (default)
2019-09-25 12:05:38,712 [4a53ed6f-dce3-4b1f-9e89-8e0e17f074cc@group-5BED89A24C71:LeaderElection187] INFO  impl.RoleInfo (RoleInfo.java:updateAndGet(143)) - 4a53ed6f-dce3-4b1f-9e89-8e0e17f074cc: start LeaderState
2019-09-25 12:05:38,712 [dd53ae84-fcc6-4953-b3df-628fab38f53c@group-B1464C5BF144:LeaderElection186] INFO  impl.RoleInfo (RoleInfo.java:updateAndGet(143)) - dd53ae84-fcc6-4953-b3df-628fab38f53c: start LeaderState
2019-09-25 12:05:38,712 [4a53ed6f-dce3-4b1f-9e89-8e0e17f074cc@group-5BED89A24C71:LeaderElection187] INFO  segmented.SegmentedRaftLogWorker (SegmentedRaftLogWorker.java:startLogSegment(380)) - 4a53ed6f-dce3-4b1f-9e89-8e0e17f074cc@group-5BED89A24C71-SegmentedRaftLogWorker: Starting segment from index:0
2019-09-25 12:05:38,712 [dd53ae84-fcc6-4953-b3df-628fab38f53c@group-B1464C5BF144:LeaderElection186] INFO  segmented.SegmentedRaftLogWorker (SegmentedRaftLogWorker.java:startLogSegment(380)) - dd53ae84-fcc6-4953-b3df-628fab38f53c@group-B1464C5BF144-SegmentedRaftLogWorker: Starting segment from index:0
2019-09-25 12:05:38,713 [4a53ed6f-dce3-4b1f-9e89-8e0e17f074cc@group-5BED89A24C71:LeaderElection187] INFO  impl.RaftServerImpl (ServerState.java:setRaftConf(354)) - 4a53ed6f-dce3-4b1f-9e89-8e0e17f074cc@group-5BED89A24C71: set configuration 0: [4a53ed6f-dce3-4b1f-9e89-8e0e17f074cc:192.168.151.73:34104], old=null at 0
2019-09-25 12:05:38,713 [dd53ae84-fcc6-4953-b3df-628fab38f53c@group-B1464C5BF144:LeaderElection186] INFO  impl.RaftServerImpl (ServerState.java:setRaftConf(354)) - dd53ae84-fcc6-4953-b3df-628fab38f53c@group-B1464C5BF144: set configuration 0: [dd53ae84-fcc6-4953-b3df-628fab38f53c:192.168.151.73:42918], old=null at 0
2019-09-25 12:05:38,727 [Thread-2679] INFO  impl.FollowerState (FollowerState.java:run(106)) - dd53ae84-fcc6-4953-b3df-628fab38f53c:group-4575C91DAB15 changes to CANDIDATE, lastRpcTime:5023, electionTimeout:5023ms
2019-09-25 12:05:38,727 [Thread-2679] INFO  impl.RoleInfo (RoleInfo.java:shutdownFollowerState(121)) - dd53ae84-fcc6-4953-b3df-628fab38f53c: shutdown FollowerState
2019-09-25 12:05:38,727 [Thread-2679] INFO  impl.RaftServerImpl (RaftServerImpl.java:setRole(174)) - dd53ae84-fcc6-4953-b3df-628fab38f53c@group-4575C91DAB15: changes role from  FOLLOWER to CANDIDATE at term 0 for changeToCandidate
2019-09-25 12:05:38,727 [Thread-2679] INFO  impl.RoleInfo (RoleInfo.java:updateAndGet(143)) - dd53ae84-fcc6-4953-b3df-628fab38f53c: start LeaderElection
2019-09-25 12:05:38,754 [Thread-2668] INFO  impl.FollowerState (FollowerState.java:run(106)) - 4a53ed6f-dce3-4b1f-9e89-8e0e17f074cc:group-B4CB4A1EA249 changes to CANDIDATE, lastRpcTime:5163, electionTimeout:5158ms
2019-09-25 12:05:38,754 [Thread-2668] INFO  impl.RoleInfo (RoleInfo.java:shutdownFollowerState(121)) - 4a53ed6f-dce3-4b1f-9e89-8e0e17f074cc: shutdown FollowerState
2019-09-25 12:05:38,754 [Thread-2668] INFO  impl.RaftServerImpl (RaftServerImpl.java:setRole(174)) - 4a53ed6f-dce3-4b1f-9e89-8e0e17f074cc@group-B4CB4A1EA249: changes role from  FOLLOWER to CANDIDATE at term 0 for changeToCandidate
2019-09-25 12:05:38,754 [Thread-2668] INFO  impl.RoleInfo (RoleInfo.java:updateAndGet(143)) - 4a53ed6f-dce3-4b1f-9e89-8e0e17f074cc: start LeaderElection
2019-09-25 12:05:38,758 [Thread-2665] INFO  impl.FollowerState (FollowerState.java:run(106)) - dd53ae84-fcc6-4953-b3df-628fab38f53c:group-24943789054F changes to CANDIDATE, lastRpcTime:5187, electionTimeout:5186ms
2019-09-25 12:05:38,758 [Thread-2665] INFO  impl.RoleInfo (RoleInfo.java:shutdownFollowerState(121)) - dd53ae84-fcc6-4953-b3df-628fab38f53c: shutdown FollowerState
2019-09-25 12:05:38,759 [Thread-2665] INFO  impl.RaftServerImpl (RaftServerImpl.java:setRole(174)) - dd53ae84-fcc6-4953-b3df-628fab38f53c@group-24943789054F: changes role from  FOLLOWER to CANDIDATE at term 0 for changeToCandidate
2019-09-25 12:05:38,759 [Thread-2665] INFO  impl.RoleInfo (RoleInfo.java:updateAndGet(143)) - dd53ae84-fcc6-4953-b3df-628fab38f53c: start LeaderElection
2019-09-25 12:05:38,779 [4a53ed6f-dce3-4b1f-9e89-8e0e17f074cc@group-5BED89A24C71-SegmentedRaftLogWorker] INFO  segmented.SegmentedRaftLogWorker (SegmentedRaftLogWorker.java:execute(569)) - 4a53ed6f-dce3-4b1f-9e89-8e0e17f074cc@group-5BED89A24C71-SegmentedRaftLogWorker: created new log segment /workdir/hadoop-ozone/integration-test/target/test-dir/MiniOzoneClusterImpl-0814cdd2-95b4-491b-95c0-a7203a111cc5/datanode-0/data/ratis/6a31ec78-688f-4e4c-b274-5bed89a24c71/current/log_inprogress_0
2019-09-25 12:05:38,779 [dd53ae84-fcc6-4953-b3df-628fab38f53c@group-4575C91DAB15:LeaderElection188] INFO  impl.LeaderElection (LeaderElection.java:askForVotes(182)) - dd53ae84-fcc6-4953-b3df-628fab38f53c@group-4575C91DAB15:LeaderElection188: begin an election at term 1 for -1: [dd53ae84-fcc6-4953-b3df-628fab38f53c:192.168.151.73:42918], old=null
2019-09-25 12:05:38,779 [4a53ed6f-dce3-4b1f-9e89-8e0e17f074cc@group-B4CB4A1EA249:LeaderElection189] INFO  impl.LeaderElection (LeaderElection.java:askForVotes(182)) - 4a53ed6f-dce3-4b1f-9e89-8e0e17f074cc@group-B4CB4A1EA249:LeaderElection189: begin an election at term 1 for -1: [4a53ed6f-dce3-4b1f-9e89-8e0e17f074cc:192.168.151.73:34104], old=null
2019-09-25 12:05:38,779 [dd53ae84-fcc6-4953-b3df-628fab38f53c@group-B1464C5BF144-SegmentedRaftLogWorker] INFO  segmented.SegmentedRaftLogWorker (SegmentedRaftLogWorker.java:execute(569)) - dd53ae84-fcc6-4953-b3df-628fab38f53c@group-B1464C5BF144-SegmentedRaftLogWorker: created new log segment /workdir/hadoop-ozone/integration-test/target/test-dir/MiniOzoneClusterImpl-0814cdd2-95b4-491b-95c0-a7203a111cc5/datanode-1/data/ratis/23f68642-bbdc-4dce-b576-b1464c5bf144/current/log_inprogress_0
2019-09-25 12:05:38,779 [dd53ae84-fcc6-4953-b3df-628fab38f53c@group-24943789054F:LeaderElection190] INFO  impl.LeaderElection (LeaderElection.java:askForVotes(182)) - dd53ae84-fcc6-4953-b3df-628fab38f53c@group-24943789054F:LeaderElection190: begin an election at term 1 for -1: [dd53ae84-fcc6-4953-b3df-628fab38f53c:192.168.151.73:42918], old=null
2019-09-25 12:05:38,779 [4a53ed6f-dce3-4b1f-9e89-8e0e17f074cc@group-B4CB4A1EA249:LeaderElection189] INFO  impl.RoleInfo (RoleInfo.java:shutdownLeaderElection(134)) - 4a53ed6f-dce3-4b1f-9e89-8e0e17f074cc: shutdown LeaderElection
2019-09-25 12:05:38,779 [dd53ae84-fcc6-4953-b3df-628fab38f53c@group-4575C91DAB15:LeaderElection188] INFO  impl.RoleInfo (RoleInfo.java:shutdownLeaderElection(134)) - dd53ae84-fcc6-4953-b3df-628fab38f53c: shutdown LeaderElection
2019-09-25 12:05:38,780 [4a53ed6f-dce3-4b1f-9e89-8e0e17f074cc@group-B4CB4A1EA249:LeaderElection189] INFO  impl.RaftServerImpl (RaftServerImpl.java:setRole(174)) - 4a53ed6f-dce3-4b1f-9e89-8e0e17f074cc@group-B4CB4A1EA249: changes role from CANDIDATE to LEADER at term 1 for changeToLeader
2019-09-25 12:05:38,780 [dd53ae84-fcc6-4953-b3df-628fab38f53c@group-24943789054F:LeaderElection190] INFO  impl.RoleInfo (RoleInfo.java:shutdownLeaderElection(134)) - dd53ae84-fcc6-4953-b3df-628fab38f53c: shutdown LeaderElection
2019-09-25 12:05:38,780 [4a53ed6f-dce3-4b1f-9e89-8e0e17f074cc@group-B4CB4A1EA249:LeaderElection189] INFO  impl.RaftServerImpl (ServerState.java:setLeader(253)) - 4a53ed6f-dce3-4b1f-9e89-8e0e17f074cc@group-B4CB4A1EA249: change Leader from null to 4a53ed6f-dce3-4b1f-9e89-8e0e17f074cc at term 1 for becomeLeader, leader elected after 5194ms
2019-09-25 12:05:38,780 [dd53ae84-fcc6-4953-b3df-628fab38f53c@group-4575C91DAB15:LeaderElection188] INFO  impl.RaftServerImpl (RaftServerImpl.java:setRole(174)) - dd53ae84-fcc6-4953-b3df-628fab38f53c@group-4575C91DAB15: changes role from CANDIDATE to LEADER at term 1 for changeToLeader
2019-09-25 12:05:38,780 [4a53ed6f-dce3-4b1f-9e89-8e0e17f074cc@group-B4CB4A1EA249:LeaderElection189] INFO  server.RaftServerConfigKeys (ConfUtils.java:logGet(43)) - raft.server.staging.catchup.gap = 1000 (default)
2019-09-25 12:05:38,780 [4a53ed6f-dce3-4b1f-9e89-8e0e17f074cc@group-B4CB4A1EA249:LeaderElection189] INFO  server.RaftServerConfigKeys (ConfUtils.java:logGet(43)) - raft.server.rpc.sleep.time = 25ms (default)
2019-09-25 12:05:38,780 [dd53ae84-fcc6-4953-b3df-628fab38f53c@group-24943789054F:LeaderElection190] INFO  impl.RaftServerImpl (RaftServerImpl.java:setRole(174)) - dd53ae84-fcc6-4953-b3df-628fab38f53c@group-24943789054F: changes role from CANDIDATE to LEADER at term 1 for changeToLeader
2019-09-25 12:05:38,780 [4a53ed6f-dce3-4b1f-9e89-8e0e17f074cc@group-B4CB4A1EA249:LeaderElection189] INFO  server.RaftServerConfigKeys (ConfUtils.java:logGet(43)) - raft.server.write.element-limit = 4096 (default)
2019-09-25 12:05:38,780 [dd53ae84-fcc6-4953-b3df-628fab38f53c@group-4575C91DAB15:LeaderElection188] INFO  impl.RaftServerImpl (ServerState.java:setLeader(253)) - dd53ae84-fcc6-4953-b3df-628fab38f53c@group-4575C91DAB15: change Leader from null to dd53ae84-fcc6-4953-b3df-628fab38f53c at term 1 for becomeLeader, leader elected after 5094ms
2019-09-25 12:05:38,781 [Thread-2671] INFO  impl.FollowerState (FollowerState.java:run(106)) - 4a53ed6f-dce3-4b1f-9e89-8e0e17f074cc:group-F80C7622BF2E changes to CANDIDATE, lastRpcTime:5170, electionTimeout:5170ms
2019-09-25 12:05:38,781 [4a53ed6f-dce3-4b1f-9e89-8e0e17f074cc@group-B4CB4A1EA249:LeaderElection189] INFO  server.RaftServerConfigKeys (ConfUtils.java:logGet(43)) - raft.server.watch.timeout = 10s (default)
2019-09-25 12:05:38,781 [4a53ed6f-dce3-4b1f-9e89-8e0e17f074cc@group-B4CB4A1EA249:LeaderElection189] INFO  server.RaftServerConfigKeys (ConfUtils.java:logGet(43)) - raft.server.watch.timeout.denomination = 1s (default)
2019-09-25 12:05:38,781 [dd53ae84-fcc6-4953-b3df-628fab38f53c@group-24943789054F:LeaderElection190] INFO  impl.RaftServerImpl (ServerState.java:setLeader(253)) - dd53ae84-fcc6-4953-b3df-628fab38f53c@group-24943789054F: change Leader from null to dd53ae84-fcc6-4953-b3df-628fab38f53c at term 1 for becomeLeader, leader elected after 5214ms
2019-09-25 12:05:38,781 [4a53ed6f-dce3-4b1f-9e89-8e0e17f074cc@group-B4CB4A1EA249:LeaderElection189] INFO  server.RaftServerConfigKeys (ConfUtils.java:logGet(43)) - raft.server.watch.element-limit = 65536 (default)
2019-09-25 12:05:38,781 [Thread-2671] INFO  impl.RoleInfo (RoleInfo.java:shutdownFollowerState(121)) - 4a53ed6f-dce3-4b1f-9e89-8e0e17f074cc: shutdown FollowerState
2019-09-25 12:05:38,781 [dd53ae84-fcc6-4953-b3df-628fab38f53c@group-4575C91DAB15:LeaderElection188] INFO  server.RaftServerConfigKeys (ConfUtils.java:logGet(43)) - raft.server.staging.catchup.gap = 1000 (default)
2019-09-25 12:05:38,782 [Thread-2671] INFO  impl.RaftServerImpl (RaftServerImpl.java:setRole(174)) - 4a53ed6f-dce3-4b1f-9e89-8e0e17f074cc@group-F80C7622BF2E: changes role from  FOLLOWER to CANDIDATE at term 0 for changeToCandidate
2019-09-25 12:05:38,781 [dd53ae84-fcc6-4953-b3df-628fab38f53c@group-24943789054F:LeaderElection190] INFO  server.RaftServerConfigKeys (ConfUtils.java:logGet(43)) - raft.server.staging.catchup.gap = 1000 (default)
2019-09-25 12:05:38,782 [Thread-2671] INFO  impl.RoleInfo (RoleInfo.java:updateAndGet(143)) - 4a53ed6f-dce3-4b1f-9e89-8e0e17f074cc: start LeaderElection
2019-09-25 12:05:38,782 [dd53ae84-fcc6-4953-b3df-628fab38f53c@group-4575C91DAB15:LeaderElection188] INFO  server.RaftServerConfigKeys (ConfUtils.java:logGet(43)) - raft.server.rpc.sleep.time = 25ms (default)
2019-09-25 12:05:38,782 [dd53ae84-fcc6-4953-b3df-628fab38f53c@group-24943789054F:LeaderElection190] INFO  server.RaftServerConfigKeys (ConfUtils.java:logGet(43)) - raft.server.rpc.sleep.time = 25ms (default)
2019-09-25 12:05:38,782 [dd53ae84-fcc6-4953-b3df-628fab38f53c@group-4575C91DAB15:LeaderElection188] INFO  server.RaftServerConfigKeys (ConfUtils.java:logGet(43)) - raft.server.write.element-limit = 4096 (default)
2019-09-25 12:05:38,785 [dd53ae84-fcc6-4953-b3df-628fab38f53c@group-24943789054F:LeaderElection190] INFO  server.RaftServerConfigKeys (ConfUtils.java:logGet(43)) - raft.server.write.element-limit = 4096 (default)
2019-09-25 12:05:38,785 [dd53ae84-fcc6-4953-b3df-628fab38f53c@group-4575C91DAB15:LeaderElection188] INFO  server.RaftServerConfigKeys (ConfUtils.java:logGet(43)) - raft.server.watch.timeout = 10s (default)
2019-09-25 12:05:38,786 [dd53ae84-fcc6-4953-b3df-628fab38f53c@group-24943789054F:LeaderElection190] INFO  server.RaftServerConfigKeys (ConfUtils.java:logGet(43)) - raft.server.watch.timeout = 10s (default)
2019-09-25 12:05:38,786 [dd53ae84-fcc6-4953-b3df-628fab38f53c@group-4575C91DAB15:LeaderElection188] INFO  server.RaftServerConfigKeys (ConfUtils.java:logGet(43)) - raft.server.watch.timeout.denomination = 1s (default)
2019-09-25 12:05:38,786 [dd53ae84-fcc6-4953-b3df-628fab38f53c@group-24943789054F:LeaderElection190] INFO  server.RaftServerConfigKeys (ConfUtils.java:logGet(43)) - raft.server.watch.timeout.denomination = 1s (default)
2019-09-25 12:05:38,786 [4a53ed6f-dce3-4b1f-9e89-8e0e17f074cc@group-B4CB4A1EA249:LeaderElection189] INFO  impl.RoleInfo (RoleInfo.java:updateAndGet(143)) - 4a53ed6f-dce3-4b1f-9e89-8e0e17f074cc: start LeaderState
2019-09-25 12:05:38,786 [dd53ae84-fcc6-4953-b3df-628fab38f53c@group-4575C91DAB15:LeaderElection188] INFO  server.RaftServerConfigKeys (ConfUtils.java:logGet(43)) - raft.server.watch.element-limit = 65536 (default)
2019-09-25 12:05:38,786 [dd53ae84-fcc6-4953-b3df-628fab38f53c@group-24943789054F:LeaderElection190] INFO  server.RaftServerConfigKeys (ConfUtils.java:logGet(43)) - raft.server.watch.element-limit = 65536 (default)
2019-09-25 12:05:38,786 [4a53ed6f-dce3-4b1f-9e89-8e0e17f074cc@group-B4CB4A1EA249:LeaderElection189] INFO  segmented.SegmentedRaftLogWorker (SegmentedRaftLogWorker.java:startLogSegment(380)) - 4a53ed6f-dce3-4b1f-9e89-8e0e17f074cc@group-B4CB4A1EA249-SegmentedRaftLogWorker: Starting segment from index:0
2019-09-25 12:05:38,787 [4a53ed6f-dce3-4b1f-9e89-8e0e17f074cc@group-B4CB4A1EA249:LeaderElection189] INFO  impl.RaftServerImpl (ServerState.java:setRaftConf(354)) - 4a53ed6f-dce3-4b1f-9e89-8e0e17f074cc@group-B4CB4A1EA249: set configuration 0: [4a53ed6f-dce3-4b1f-9e89-8e0e17f074cc:192.168.151.73:34104], old=null at 0
2019-09-25 12:05:38,789 [dd53ae84-fcc6-4953-b3df-628fab38f53c@group-4575C91DAB15:LeaderElection188] INFO  impl.RoleInfo (RoleInfo.java:updateAndGet(143)) - dd53ae84-fcc6-4953-b3df-628fab38f53c: start LeaderState
2019-09-25 12:05:38,789 [dd53ae84-fcc6-4953-b3df-628fab38f53c@group-24943789054F:LeaderElection190] INFO  impl.RoleInfo (RoleInfo.java:updateAndGet(143)) - dd53ae84-fcc6-4953-b3df-628fab38f53c: start LeaderState
2019-09-25 12:05:38,790 [dd53ae84-fcc6-4953-b3df-628fab38f53c@group-24943789054F:LeaderElection190] INFO  segmented.SegmentedRaftLogWorker (SegmentedRaftLogWorker.java:startLogSegment(380)) - dd53ae84-fcc6-4953-b3df-628fab38f53c@group-24943789054F-SegmentedRaftLogWorker: Starting segment from index:0
2019-09-25 12:05:38,790 [dd53ae84-fcc6-4953-b3df-628fab38f53c@group-4575C91DAB15:LeaderElection188] INFO  segmented.SegmentedRaftLogWorker (SegmentedRaftLogWorker.java:startLogSegment(380)) - dd53ae84-fcc6-4953-b3df-628fab38f53c@group-4575C91DAB15-SegmentedRaftLogWorker: Starting segment from index:0
2019-09-25 12:05:38,790 [dd53ae84-fcc6-4953-b3df-628fab38f53c@group-24943789054F:LeaderElection190] INFO  impl.RaftServerImpl (ServerState.java:setRaftConf(354)) - dd53ae84-fcc6-4953-b3df-628fab38f53c@group-24943789054F: set configuration 0: [dd53ae84-fcc6-4953-b3df-628fab38f53c:192.168.151.73:42918], old=null at 0
2019-09-25 12:05:38,790 [dd53ae84-fcc6-4953-b3df-628fab38f53c@group-4575C91DAB15:LeaderElection188] INFO  impl.RaftServerImpl (ServerState.java:setRaftConf(354)) - dd53ae84-fcc6-4953-b3df-628fab38f53c@group-4575C91DAB15: set configuration 0: [dd53ae84-fcc6-4953-b3df-628fab38f53c:192.168.151.73:42918], old=null at 0
2019-09-25 12:05:38,793 [4a53ed6f-dce3-4b1f-9e89-8e0e17f074cc@group-F80C7622BF2E:LeaderElection191] INFO  impl.LeaderElection (LeaderElection.java:askForVotes(182)) - 4a53ed6f-dce3-4b1f-9e89-8e0e17f074cc@group-F80C7622BF2E:LeaderElection191: begin an election at term 1 for -1: [4a53ed6f-dce3-4b1f-9e89-8e0e17f074cc:192.168.151.73:34104], old=null
2019-09-25 12:05:38,793 [4a53ed6f-dce3-4b1f-9e89-8e0e17f074cc@group-F80C7622BF2E:LeaderElection191] INFO  impl.RoleInfo (RoleInfo.java:shutdownLeaderElection(134)) - 4a53ed6f-dce3-4b1f-9e89-8e0e17f074cc: shutdown LeaderElection
2019-09-25 12:05:38,793 [4a53ed6f-dce3-4b1f-9e89-8e0e17f074cc@group-F80C7622BF2E:LeaderElection191] INFO  impl.RaftServerImpl (RaftServerImpl.java:setRole(174)) - 4a53ed6f-dce3-4b1f-9e89-8e0e17f074cc@group-F80C7622BF2E: changes role from CANDIDATE to LEADER at term 1 for changeToLeader
2019-09-25 12:05:38,793 [4a53ed6f-dce3-4b1f-9e89-8e0e17f074cc@group-F80C7622BF2E:LeaderElection191] INFO  impl.RaftServerImpl (ServerState.java:setLeader(253)) - 4a53ed6f-dce3-4b1f-9e89-8e0e17f074cc@group-F80C7622BF2E: change Leader from null to 4a53ed6f-dce3-4b1f-9e89-8e0e17f074cc at term 1 for becomeLeader, leader elected after 5187ms
2019-09-25 12:05:38,793 [4a53ed6f-dce3-4b1f-9e89-8e0e17f074cc@group-F80C7622BF2E:LeaderElection191] INFO  server.RaftServerConfigKeys (ConfUtils.java:logGet(43)) - raft.server.staging.catchup.gap = 1000 (default)
2019-09-25 12:05:38,793 [4a53ed6f-dce3-4b1f-9e89-8e0e17f074cc@group-F80C7622BF2E:LeaderElection191] INFO  server.RaftServerConfigKeys (ConfUtils.java:logGet(43)) - raft.server.rpc.sleep.time = 25ms (default)
2019-09-25 12:05:38,794 [4a53ed6f-dce3-4b1f-9e89-8e0e17f074cc@group-F80C7622BF2E:LeaderElection191] INFO  server.RaftServerConfigKeys (ConfUtils.java:logGet(43)) - raft.server.write.element-limit = 4096 (default)
2019-09-25 12:05:38,794 [4a53ed6f-dce3-4b1f-9e89-8e0e17f074cc@group-F80C7622BF2E:LeaderElection191] INFO  server.RaftServerConfigKeys (ConfUtils.java:logGet(43)) - raft.server.watch.timeout = 10s (default)
2019-09-25 12:05:38,794 [4a53ed6f-dce3-4b1f-9e89-8e0e17f074cc@group-F80C7622BF2E:LeaderElection191] INFO  server.RaftServerConfigKeys (ConfUtils.java:logGet(43)) - raft.server.watch.timeout.denomination = 1s (default)
2019-09-25 12:05:38,794 [4a53ed6f-dce3-4b1f-9e89-8e0e17f074cc@group-F80C7622BF2E:LeaderElection191] INFO  server.RaftServerConfigKeys (ConfUtils.java:logGet(43)) - raft.server.watch.element-limit = 65536 (default)
2019-09-25 12:05:38,796 [4a53ed6f-dce3-4b1f-9e89-8e0e17f074cc@group-F80C7622BF2E:LeaderElection191] INFO  impl.RoleInfo (RoleInfo.java:updateAndGet(143)) - 4a53ed6f-dce3-4b1f-9e89-8e0e17f074cc: start LeaderState
2019-09-25 12:05:38,796 [4a53ed6f-dce3-4b1f-9e89-8e0e17f074cc@group-F80C7622BF2E:LeaderElection191] INFO  segmented.SegmentedRaftLogWorker (SegmentedRaftLogWorker.java:startLogSegment(380)) - 4a53ed6f-dce3-4b1f-9e89-8e0e17f074cc@group-F80C7622BF2E-SegmentedRaftLogWorker: Starting segment from index:0
2019-09-25 12:05:38,797 [4a53ed6f-dce3-4b1f-9e89-8e0e17f074cc@group-F80C7622BF2E:LeaderElection191] INFO  impl.RaftServerImpl (ServerState.java:setRaftConf(354)) - 4a53ed6f-dce3-4b1f-9e89-8e0e17f074cc@group-F80C7622BF2E: set configuration 0: [4a53ed6f-dce3-4b1f-9e89-8e0e17f074cc:192.168.151.73:34104], old=null at 0
2019-09-25 12:05:38,811 [Thread-2682] INFO  impl.FollowerState (FollowerState.java:run(106)) - dd53ae84-fcc6-4953-b3df-628fab38f53c:group-8A6F5D53C235 changes to CANDIDATE, lastRpcTime:5020, electionTimeout:5020ms
2019-09-25 12:05:38,811 [Thread-2682] INFO  impl.RoleInfo (RoleInfo.java:shutdownFollowerState(121)) - dd53ae84-fcc6-4953-b3df-628fab38f53c: shutdown FollowerState
2019-09-25 12:05:38,811 [Thread-2682] INFO  impl.RaftServerImpl (RaftServerImpl.java:setRole(174)) - dd53ae84-fcc6-4953-b3df-628fab38f53c@group-8A6F5D53C235: changes role from  FOLLOWER to CANDIDATE at term 0 for changeToCandidate
2019-09-25 12:05:38,812 [Thread-2682] INFO  impl.RoleInfo (RoleInfo.java:updateAndGet(143)) - dd53ae84-fcc6-4953-b3df-628fab38f53c: start LeaderElection
2019-09-25 12:05:38,866 [4a53ed6f-dce3-4b1f-9e89-8e0e17f074cc@group-B4CB4A1EA249-SegmentedRaftLogWorker] INFO  segmented.SegmentedRaftLogWorker (SegmentedRaftLogWorker.java:execute(569)) - 4a53ed6f-dce3-4b1f-9e89-8e0e17f074cc@group-B4CB4A1EA249-SegmentedRaftLogWorker: created new log segment /workdir/hadoop-ozone/integration-test/target/test-dir/MiniOzoneClusterImpl-0814cdd2-95b4-491b-95c0-a7203a111cc5/datanode-0/data/ratis/71142c78-9daf-43e4-9c55-b4cb4a1ea249/current/log_inprogress_0
2019-09-25 12:05:38,866 [dd53ae84-fcc6-4953-b3df-628fab38f53c@group-8A6F5D53C235:LeaderElection192] INFO  impl.LeaderElection (LeaderElection.java:askForVotes(182)) - dd53ae84-fcc6-4953-b3df-628fab38f53c@group-8A6F5D53C235:LeaderElection192: begin an election at term 1 for -1: [dd53ae84-fcc6-4953-b3df-628fab38f53c:192.168.151.73:42918], old=null
2019-09-25 12:05:38,866 [dd53ae84-fcc6-4953-b3df-628fab38f53c@group-24943789054F-SegmentedRaftLogWorker] INFO  segmented.SegmentedRaftLogWorker (SegmentedRaftLogWorker.java:execute(569)) - dd53ae84-fcc6-4953-b3df-628fab38f53c@group-24943789054F-SegmentedRaftLogWorker: created new log segment /workdir/hadoop-ozone/integration-test/target/test-dir/MiniOzoneClusterImpl-0814cdd2-95b4-491b-95c0-a7203a111cc5/datanode-1/data/ratis/20bfe9cf-b42a-4b9d-88b4-24943789054f/current/log_inprogress_0
2019-09-25 12:05:38,866 [4a53ed6f-dce3-4b1f-9e89-8e0e17f074cc@group-F80C7622BF2E-SegmentedRaftLogWorker] INFO  segmented.SegmentedRaftLogWorker (SegmentedRaftLogWorker.java:execute(569)) - 4a53ed6f-dce3-4b1f-9e89-8e0e17f074cc@group-F80C7622BF2E-SegmentedRaftLogWorker: created new log segment /workdir/hadoop-ozone/integration-test/target/test-dir/MiniOzoneClusterImpl-0814cdd2-95b4-491b-95c0-a7203a111cc5/datanode-0/data/ratis/351631d1-52c9-4b57-a3a9-f80c7622bf2e/current/log_inprogress_0
2019-09-25 12:05:38,866 [dd53ae84-fcc6-4953-b3df-628fab38f53c@group-4575C91DAB15-SegmentedRaftLogWorker] INFO  segmented.SegmentedRaftLogWorker (SegmentedRaftLogWorker.java:execute(569)) - dd53ae84-fcc6-4953-b3df-628fab38f53c@group-4575C91DAB15-SegmentedRaftLogWorker: created new log segment /workdir/hadoop-ozone/integration-test/target/test-dir/MiniOzoneClusterImpl-0814cdd2-95b4-491b-95c0-a7203a111cc5/datanode-1/data/ratis/6aa51a72-d8fa-451f-b1cd-4575c91dab15/current/log_inprogress_0
2019-09-25 12:05:38,866 [dd53ae84-fcc6-4953-b3df-628fab38f53c@group-8A6F5D53C235:LeaderElection192] INFO  impl.RoleInfo (RoleInfo.java:shutdownLeaderElection(134)) - dd53ae84-fcc6-4953-b3df-628fab38f53c: shutdown LeaderElection
2019-09-25 12:05:38,867 [dd53ae84-fcc6-4953-b3df-628fab38f53c@group-8A6F5D53C235:LeaderElection192] INFO  impl.RaftServerImpl (RaftServerImpl.java:setRole(174)) - dd53ae84-fcc6-4953-b3df-628fab38f53c@group-8A6F5D53C235: changes role from CANDIDATE to LEADER at term 1 for changeToLeader
2019-09-25 12:05:38,867 [dd53ae84-fcc6-4953-b3df-628fab38f53c@group-8A6F5D53C235:LeaderElection192] INFO  impl.RaftServerImpl (ServerState.java:setLeader(253)) - dd53ae84-fcc6-4953-b3df-628fab38f53c@group-8A6F5D53C235: change Leader from null to dd53ae84-fcc6-4953-b3df-628fab38f53c at term 1 for becomeLeader, leader elected after 5079ms
2019-09-25 12:05:38,867 [dd53ae84-fcc6-4953-b3df-628fab38f53c@group-8A6F5D53C235:LeaderElection192] INFO  server.RaftServerConfigKeys (ConfUtils.java:logGet(43)) - raft.server.staging.catchup.gap = 1000 (default)
2019-09-25 12:05:38,867 [dd53ae84-fcc6-4953-b3df-628fab38f53c@group-8A6F5D53C235:LeaderElection192] INFO  server.RaftServerConfigKeys (ConfUtils.java:logGet(43)) - raft.server.rpc.sleep.time = 25ms (default)
2019-09-25 12:05:38,867 [dd53ae84-fcc6-4953-b3df-628fab38f53c@group-8A6F5D53C235:LeaderElection192] INFO  server.RaftServerConfigKeys (ConfUtils.java:logGet(43)) - raft.server.write.element-limit = 4096 (default)
2019-09-25 12:05:38,867 [dd53ae84-fcc6-4953-b3df-628fab38f53c@group-8A6F5D53C235:LeaderElection192] INFO  server.RaftServerConfigKeys (ConfUtils.java:logGet(43)) - raft.server.watch.timeout = 10s (default)
2019-09-25 12:05:38,867 [dd53ae84-fcc6-4953-b3df-628fab38f53c@group-8A6F5D53C235:LeaderElection192] INFO  server.RaftServerConfigKeys (ConfUtils.java:logGet(43)) - raft.server.watch.timeout.denomination = 1s (default)
2019-09-25 12:05:38,868 [dd53ae84-fcc6-4953-b3df-628fab38f53c@group-8A6F5D53C235:LeaderElection192] INFO  server.RaftServerConfigKeys (ConfUtils.java:logGet(43)) - raft.server.watch.element-limit = 65536 (default)
2019-09-25 12:05:38,870 [dd53ae84-fcc6-4953-b3df-628fab38f53c@group-8A6F5D53C235:LeaderElection192] INFO  impl.RoleInfo (RoleInfo.java:updateAndGet(143)) - dd53ae84-fcc6-4953-b3df-628fab38f53c: start LeaderState
2019-09-25 12:05:38,870 [dd53ae84-fcc6-4953-b3df-628fab38f53c@group-8A6F5D53C235:LeaderElection192] INFO  segmented.SegmentedRaftLogWorker (SegmentedRaftLogWorker.java:startLogSegment(380)) - dd53ae84-fcc6-4953-b3df-628fab38f53c@group-8A6F5D53C235-SegmentedRaftLogWorker: Starting segment from index:0
2019-09-25 12:05:38,871 [dd53ae84-fcc6-4953-b3df-628fab38f53c@group-8A6F5D53C235:LeaderElection192] INFO  impl.RaftServerImpl (ServerState.java:setRaftConf(354)) - dd53ae84-fcc6-4953-b3df-628fab38f53c@group-8A6F5D53C235: set configuration 0: [dd53ae84-fcc6-4953-b3df-628fab38f53c:192.168.151.73:42918], old=null at 0
2019-09-25 12:05:38,881 [Thread-2685] INFO  impl.FollowerState (FollowerState.java:run(106)) - dd53ae84-fcc6-4953-b3df-628fab38f53c:group-7219E0FB6851 changes to CANDIDATE, lastRpcTime:5053, electionTimeout:5053ms
2019-09-25 12:05:38,881 [Thread-2685] INFO  impl.RoleInfo (RoleInfo.java:shutdownFollowerState(121)) - dd53ae84-fcc6-4953-b3df-628fab38f53c: shutdown FollowerState
2019-09-25 12:05:38,881 [Thread-2685] INFO  impl.RaftServerImpl (RaftServerImpl.java:setRole(174)) - dd53ae84-fcc6-4953-b3df-628fab38f53c@group-7219E0FB6851: changes role from  FOLLOWER to CANDIDATE at term 0 for changeToCandidate
2019-09-25 12:05:38,881 [Thread-2685] INFO  impl.RoleInfo (RoleInfo.java:updateAndGet(143)) - dd53ae84-fcc6-4953-b3df-628fab38f53c: start LeaderElection
2019-09-25 12:05:38,913 [dd53ae84-fcc6-4953-b3df-628fab38f53c@group-8A6F5D53C235-SegmentedRaftLogWorker] INFO  segmented.SegmentedRaftLogWorker (SegmentedRaftLogWorker.java:execute(569)) - dd53ae84-fcc6-4953-b3df-628fab38f53c@group-8A6F5D53C235-SegmentedRaftLogWorker: created new log segment /workdir/hadoop-ozone/integration-test/target/test-dir/MiniOzoneClusterImpl-0814cdd2-95b4-491b-95c0-a7203a111cc5/datanode-1/data/ratis/43e2eacb-223f-4352-9d13-8a6f5d53c235/current/log_inprogress_0
2019-09-25 12:05:38,913 [dd53ae84-fcc6-4953-b3df-628fab38f53c@group-7219E0FB6851:LeaderElection193] INFO  impl.LeaderElection (LeaderElection.java:askForVotes(182)) - dd53ae84-fcc6-4953-b3df-628fab38f53c@group-7219E0FB6851:LeaderElection193: begin an election at term 1 for -1: [dd53ae84-fcc6-4953-b3df-628fab38f53c:192.168.151.73:42918], old=null
2019-09-25 12:05:38,914 [dd53ae84-fcc6-4953-b3df-628fab38f53c@group-7219E0FB6851:LeaderElection193] INFO  impl.RoleInfo (RoleInfo.java:shutdownLeaderElection(134)) - dd53ae84-fcc6-4953-b3df-628fab38f53c: shutdown LeaderElection
2019-09-25 12:05:38,914 [dd53ae84-fcc6-4953-b3df-628fab38f53c@group-7219E0FB6851:LeaderElection193] INFO  impl.RaftServerImpl (RaftServerImpl.java:setRole(174)) - dd53ae84-fcc6-4953-b3df-628fab38f53c@group-7219E0FB6851: changes role from CANDIDATE to LEADER at term 1 for changeToLeader
2019-09-25 12:05:38,914 [dd53ae84-fcc6-4953-b3df-628fab38f53c@group-7219E0FB6851:LeaderElection193] INFO  impl.RaftServerImpl (ServerState.java:setLeader(253)) - dd53ae84-fcc6-4953-b3df-628fab38f53c@group-7219E0FB6851: change Leader from null to dd53ae84-fcc6-4953-b3df-628fab38f53c at term 1 for becomeLeader, leader elected after 5090ms
2019-09-25 12:05:38,914 [dd53ae84-fcc6-4953-b3df-628fab38f53c@group-7219E0FB6851:LeaderElection193] INFO  server.RaftServerConfigKeys (ConfUtils.java:logGet(43)) - raft.server.staging.catchup.gap = 1000 (default)
2019-09-25 12:05:38,914 [dd53ae84-fcc6-4953-b3df-628fab38f53c@group-7219E0FB6851:LeaderElection193] INFO  server.RaftServerConfigKeys (ConfUtils.java:logGet(43)) - raft.server.rpc.sleep.time = 25ms (default)
2019-09-25 12:05:38,914 [dd53ae84-fcc6-4953-b3df-628fab38f53c@group-7219E0FB6851:LeaderElection193] INFO  server.RaftServerConfigKeys (ConfUtils.java:logGet(43)) - raft.server.write.element-limit = 4096 (default)
2019-09-25 12:05:38,915 [dd53ae84-fcc6-4953-b3df-628fab38f53c@group-7219E0FB6851:LeaderElection193] INFO  server.RaftServerConfigKeys (ConfUtils.java:logGet(43)) - raft.server.watch.timeout = 10s (default)
2019-09-25 12:05:38,915 [dd53ae84-fcc6-4953-b3df-628fab38f53c@group-7219E0FB6851:LeaderElection193] INFO  server.RaftServerConfigKeys (ConfUtils.java:logGet(43)) - raft.server.watch.timeout.denomination = 1s (default)
2019-09-25 12:05:38,915 [dd53ae84-fcc6-4953-b3df-628fab38f53c@group-7219E0FB6851:LeaderElection193] INFO  server.RaftServerConfigKeys (ConfUtils.java:logGet(43)) - raft.server.watch.element-limit = 65536 (default)
2019-09-25 12:05:38,917 [dd53ae84-fcc6-4953-b3df-628fab38f53c@group-7219E0FB6851:LeaderElection193] INFO  impl.RoleInfo (RoleInfo.java:updateAndGet(143)) - dd53ae84-fcc6-4953-b3df-628fab38f53c: start LeaderState
2019-09-25 12:05:38,917 [dd53ae84-fcc6-4953-b3df-628fab38f53c@group-7219E0FB6851:LeaderElection193] INFO  segmented.SegmentedRaftLogWorker (SegmentedRaftLogWorker.java:startLogSegment(380)) - dd53ae84-fcc6-4953-b3df-628fab38f53c@group-7219E0FB6851-SegmentedRaftLogWorker: Starting segment from index:0
2019-09-25 12:05:38,917 [dd53ae84-fcc6-4953-b3df-628fab38f53c@group-7219E0FB6851:LeaderElection193] INFO  impl.RaftServerImpl (ServerState.java:setRaftConf(354)) - dd53ae84-fcc6-4953-b3df-628fab38f53c@group-7219E0FB6851: set configuration 0: [dd53ae84-fcc6-4953-b3df-628fab38f53c:192.168.151.73:42918], old=null at 0
2019-09-25 12:05:38,977 [dd53ae84-fcc6-4953-b3df-628fab38f53c@group-7219E0FB6851-SegmentedRaftLogWorker] INFO  segmented.SegmentedRaftLogWorker (SegmentedRaftLogWorker.java:execute(569)) - dd53ae84-fcc6-4953-b3df-628fab38f53c@group-7219E0FB6851-SegmentedRaftLogWorker: created new log segment /workdir/hadoop-ozone/integration-test/target/test-dir/MiniOzoneClusterImpl-0814cdd2-95b4-491b-95c0-a7203a111cc5/datanode-1/data/ratis/14d1ca9c-16cc-48ba-953e-7219e0fb6851/current/log_inprogress_0
2019-09-25 12:05:39,045 [Thread-2691] INFO  impl.FollowerState (FollowerState.java:run(106)) - 29c22799-2be0-4ff1-960a-e2f5fb4c56d9:group-36959136CB44 changes to CANDIDATE, lastRpcTime:5112, electionTimeout:5112ms
2019-09-25 12:05:39,045 [Thread-2691] INFO  impl.RoleInfo (RoleInfo.java:shutdownFollowerState(121)) - 29c22799-2be0-4ff1-960a-e2f5fb4c56d9: shutdown FollowerState
2019-09-25 12:05:39,045 [Thread-2691] INFO  impl.RaftServerImpl (RaftServerImpl.java:setRole(174)) - 29c22799-2be0-4ff1-960a-e2f5fb4c56d9@group-36959136CB44: changes role from  FOLLOWER to CANDIDATE at term 0 for changeToCandidate
2019-09-25 12:05:39,045 [Thread-2691] INFO  impl.RoleInfo (RoleInfo.java:updateAndGet(143)) - 29c22799-2be0-4ff1-960a-e2f5fb4c56d9: start LeaderElection
2019-09-25 12:05:39,059 [Thread-2688] INFO  impl.FollowerState (FollowerState.java:run(106)) - 1b5f48e1-875d-49d5-a3ca-2607cd8d3943:group-54FBA95C6F49 changes to CANDIDATE, lastRpcTime:5188, electionTimeout:5188ms
2019-09-25 12:05:39,059 [Thread-2688] INFO  impl.RoleInfo (RoleInfo.java:shutdownFollowerState(121)) - 1b5f48e1-875d-49d5-a3ca-2607cd8d3943: shutdown FollowerState
2019-09-25 12:05:39,059 [Thread-2688] INFO  impl.RaftServerImpl (RaftServerImpl.java:setRole(174)) - 1b5f48e1-875d-49d5-a3ca-2607cd8d3943@group-54FBA95C6F49: changes role from  FOLLOWER to CANDIDATE at term 0 for changeToCandidate
2019-09-25 12:05:39,059 [Thread-2688] INFO  impl.RoleInfo (RoleInfo.java:updateAndGet(143)) - 1b5f48e1-875d-49d5-a3ca-2607cd8d3943: start LeaderElection
2019-09-25 12:05:39,064 [29c22799-2be0-4ff1-960a-e2f5fb4c56d9@group-36959136CB44:LeaderElection194] INFO  impl.LeaderElection (LeaderElection.java:askForVotes(182)) - 29c22799-2be0-4ff1-960a-e2f5fb4c56d9@group-36959136CB44:LeaderElection194: begin an election at term 1 for -1: [29c22799-2be0-4ff1-960a-e2f5fb4c56d9:192.168.151.73:46053], old=null
2019-09-25 12:05:39,064 [29c22799-2be0-4ff1-960a-e2f5fb4c56d9@group-36959136CB44:LeaderElection194] INFO  impl.RoleInfo (RoleInfo.java:shutdownLeaderElection(134)) - 29c22799-2be0-4ff1-960a-e2f5fb4c56d9: shutdown LeaderElection
2019-09-25 12:05:39,064 [29c22799-2be0-4ff1-960a-e2f5fb4c56d9@group-36959136CB44:LeaderElection194] INFO  impl.RaftServerImpl (RaftServerImpl.java:setRole(174)) - 29c22799-2be0-4ff1-960a-e2f5fb4c56d9@group-36959136CB44: changes role from CANDIDATE to LEADER at term 1 for changeToLeader
2019-09-25 12:05:39,064 [29c22799-2be0-4ff1-960a-e2f5fb4c56d9@group-36959136CB44:LeaderElection194] INFO  impl.RaftServerImpl (ServerState.java:setLeader(253)) - 29c22799-2be0-4ff1-960a-e2f5fb4c56d9@group-36959136CB44: change Leader from null to 29c22799-2be0-4ff1-960a-e2f5fb4c56d9 at term 1 for becomeLeader, leader elected after 5139ms
2019-09-25 12:05:39,064 [29c22799-2be0-4ff1-960a-e2f5fb4c56d9@group-36959136CB44:LeaderElection194] INFO  server.RaftServerConfigKeys (ConfUtils.java:logGet(43)) - raft.server.staging.catchup.gap = 1000 (default)
2019-09-25 12:05:39,064 [29c22799-2be0-4ff1-960a-e2f5fb4c56d9@group-36959136CB44:LeaderElection194] INFO  server.RaftServerConfigKeys (ConfUtils.java:logGet(43)) - raft.server.rpc.sleep.time = 25ms (default)
2019-09-25 12:05:39,065 [29c22799-2be0-4ff1-960a-e2f5fb4c56d9@group-36959136CB44:LeaderElection194] INFO  server.RaftServerConfigKeys (ConfUtils.java:logGet(43)) - raft.server.write.element-limit = 4096 (default)
2019-09-25 12:05:39,065 [29c22799-2be0-4ff1-960a-e2f5fb4c56d9@group-36959136CB44:LeaderElection194] INFO  server.RaftServerConfigKeys (ConfUtils.java:logGet(43)) - raft.server.watch.timeout = 10s (default)
2019-09-25 12:05:39,065 [29c22799-2be0-4ff1-960a-e2f5fb4c56d9@group-36959136CB44:LeaderElection194] INFO  server.RaftServerConfigKeys (ConfUtils.java:logGet(43)) - raft.server.watch.timeout.denomination = 1s (default)
2019-09-25 12:05:39,065 [29c22799-2be0-4ff1-960a-e2f5fb4c56d9@group-36959136CB44:LeaderElection194] INFO  server.RaftServerConfigKeys (ConfUtils.java:logGet(43)) - raft.server.watch.element-limit = 65536 (default)
2019-09-25 12:05:39,066 [1b5f48e1-875d-49d5-a3ca-2607cd8d3943@group-54FBA95C6F49:LeaderElection195] INFO  impl.LeaderElection (LeaderElection.java:askForVotes(182)) - 1b5f48e1-875d-49d5-a3ca-2607cd8d3943@group-54FBA95C6F49:LeaderElection195: begin an election at term 1 for -1: [1b5f48e1-875d-49d5-a3ca-2607cd8d3943:192.168.151.73:34544], old=null
2019-09-25 12:05:39,066 [1b5f48e1-875d-49d5-a3ca-2607cd8d3943@group-54FBA95C6F49:LeaderElection195] INFO  impl.RoleInfo (RoleInfo.java:shutdownLeaderElection(134)) - 1b5f48e1-875d-49d5-a3ca-2607cd8d3943: shutdown LeaderElection
2019-09-25 12:05:39,066 [1b5f48e1-875d-49d5-a3ca-2607cd8d3943@group-54FBA95C6F49:LeaderElection195] INFO  impl.RaftServerImpl (RaftServerImpl.java:setRole(174)) - 1b5f48e1-875d-49d5-a3ca-2607cd8d3943@group-54FBA95C6F49: changes role from CANDIDATE to LEADER at term 1 for changeToLeader
2019-09-25 12:05:39,066 [1b5f48e1-875d-49d5-a3ca-2607cd8d3943@group-54FBA95C6F49:LeaderElection195] INFO  impl.RaftServerImpl (ServerState.java:setLeader(253)) - 1b5f48e1-875d-49d5-a3ca-2607cd8d3943@group-54FBA95C6F49: change Leader from null to 1b5f48e1-875d-49d5-a3ca-2607cd8d3943 at term 1 for becomeLeader, leader elected after 5200ms
2019-09-25 12:05:39,066 [1b5f48e1-875d-49d5-a3ca-2607cd8d3943@group-54FBA95C6F49:LeaderElection195] INFO  server.RaftServerConfigKeys (ConfUtils.java:logGet(43)) - raft.server.staging.catchup.gap = 1000 (default)
2019-09-25 12:05:39,066 [1b5f48e1-875d-49d5-a3ca-2607cd8d3943@group-54FBA95C6F49:LeaderElection195] INFO  server.RaftServerConfigKeys (ConfUtils.java:logGet(43)) - raft.server.rpc.sleep.time = 25ms (default)
2019-09-25 12:05:39,067 [1b5f48e1-875d-49d5-a3ca-2607cd8d3943@group-54FBA95C6F49:LeaderElection195] INFO  server.RaftServerConfigKeys (ConfUtils.java:logGet(43)) - raft.server.write.element-limit = 4096 (default)
2019-09-25 12:05:39,067 [1b5f48e1-875d-49d5-a3ca-2607cd8d3943@group-54FBA95C6F49:LeaderElection195] INFO  server.RaftServerConfigKeys (ConfUtils.java:logGet(43)) - raft.server.watch.timeout = 10s (default)
2019-09-25 12:05:39,067 [1b5f48e1-875d-49d5-a3ca-2607cd8d3943@group-54FBA95C6F49:LeaderElection195] INFO  server.RaftServerConfigKeys (ConfUtils.java:logGet(43)) - raft.server.watch.timeout.denomination = 1s (default)
2019-09-25 12:05:39,067 [1b5f48e1-875d-49d5-a3ca-2607cd8d3943@group-54FBA95C6F49:LeaderElection195] INFO  server.RaftServerConfigKeys (ConfUtils.java:logGet(43)) - raft.server.watch.element-limit = 65536 (default)
2019-09-25 12:05:39,067 [29c22799-2be0-4ff1-960a-e2f5fb4c56d9@group-36959136CB44:LeaderElection194] INFO  impl.RoleInfo (RoleInfo.java:updateAndGet(143)) - 29c22799-2be0-4ff1-960a-e2f5fb4c56d9: start LeaderState
2019-09-25 12:05:39,067 [29c22799-2be0-4ff1-960a-e2f5fb4c56d9@group-36959136CB44:LeaderElection194] INFO  segmented.SegmentedRaftLogWorker (SegmentedRaftLogWorker.java:startLogSegment(380)) - 29c22799-2be0-4ff1-960a-e2f5fb4c56d9@group-36959136CB44-SegmentedRaftLogWorker: Starting segment from index:0
2019-09-25 12:05:39,068 [29c22799-2be0-4ff1-960a-e2f5fb4c56d9@group-36959136CB44:LeaderElection194] INFO  impl.RaftServerImpl (ServerState.java:setRaftConf(354)) - 29c22799-2be0-4ff1-960a-e2f5fb4c56d9@group-36959136CB44: set configuration 0: [29c22799-2be0-4ff1-960a-e2f5fb4c56d9:192.168.151.73:46053], old=null at 0
2019-09-25 12:05:39,069 [1b5f48e1-875d-49d5-a3ca-2607cd8d3943@group-54FBA95C6F49:LeaderElection195] INFO  impl.RoleInfo (RoleInfo.java:updateAndGet(143)) - 1b5f48e1-875d-49d5-a3ca-2607cd8d3943: start LeaderState
2019-09-25 12:05:39,069 [1b5f48e1-875d-49d5-a3ca-2607cd8d3943@group-54FBA95C6F49:LeaderElection195] INFO  segmented.SegmentedRaftLogWorker (SegmentedRaftLogWorker.java:startLogSegment(380)) - 1b5f48e1-875d-49d5-a3ca-2607cd8d3943@group-54FBA95C6F49-SegmentedRaftLogWorker: Starting segment from index:0
2019-09-25 12:05:39,070 [1b5f48e1-875d-49d5-a3ca-2607cd8d3943@group-54FBA95C6F49:LeaderElection195] INFO  impl.RaftServerImpl (ServerState.java:setRaftConf(354)) - 1b5f48e1-875d-49d5-a3ca-2607cd8d3943@group-54FBA95C6F49: set configuration 0: [1b5f48e1-875d-49d5-a3ca-2607cd8d3943:192.168.151.73:34544], old=null at 0
2019-09-25 12:05:39,105 [Thread-2697] INFO  impl.FollowerState (FollowerState.java:run(106)) - e20b9d38-a0cd-4cc2-b07d-99b310028cde:group-F8A1E0859D00 changes to CANDIDATE, lastRpcTime:5075, electionTimeout:5075ms
2019-09-25 12:05:39,105 [Thread-2697] INFO  impl.RoleInfo (RoleInfo.java:shutdownFollowerState(121)) - e20b9d38-a0cd-4cc2-b07d-99b310028cde: shutdown FollowerState
2019-09-25 12:05:39,105 [Thread-2697] INFO  impl.RaftServerImpl (RaftServerImpl.java:setRole(174)) - e20b9d38-a0cd-4cc2-b07d-99b310028cde@group-F8A1E0859D00: changes role from  FOLLOWER to CANDIDATE at term 0 for changeToCandidate
2019-09-25 12:05:39,105 [Thread-2697] INFO  impl.RoleInfo (RoleInfo.java:updateAndGet(143)) - e20b9d38-a0cd-4cc2-b07d-99b310028cde: start LeaderElection
2019-09-25 12:05:39,111 [Thread-2694] INFO  impl.FollowerState (FollowerState.java:run(106)) - aa2320bf-b2b0-4764-9bc5-2df8b93b85ea:group-327C7E377098 changes to CANDIDATE, lastRpcTime:5125, electionTimeout:5121ms
2019-09-25 12:05:39,111 [Thread-2694] INFO  impl.RoleInfo (RoleInfo.java:shutdownFollowerState(121)) - aa2320bf-b2b0-4764-9bc5-2df8b93b85ea: shutdown FollowerState
2019-09-25 12:05:39,111 [Thread-2694] INFO  impl.RaftServerImpl (RaftServerImpl.java:setRole(174)) - aa2320bf-b2b0-4764-9bc5-2df8b93b85ea@group-327C7E377098: changes role from  FOLLOWER to CANDIDATE at term 0 for changeToCandidate
2019-09-25 12:05:39,111 [Thread-2694] INFO  impl.RoleInfo (RoleInfo.java:updateAndGet(143)) - aa2320bf-b2b0-4764-9bc5-2df8b93b85ea: start LeaderElection
2019-09-25 12:05:39,116 [29c22799-2be0-4ff1-960a-e2f5fb4c56d9@group-36959136CB44-SegmentedRaftLogWorker] INFO  segmented.SegmentedRaftLogWorker (SegmentedRaftLogWorker.java:execute(569)) - 29c22799-2be0-4ff1-960a-e2f5fb4c56d9@group-36959136CB44-SegmentedRaftLogWorker: created new log segment /workdir/hadoop-ozone/integration-test/target/test-dir/MiniOzoneClusterImpl-0814cdd2-95b4-491b-95c0-a7203a111cc5/datanode-3/data/ratis/34f90e28-7fa0-4c6a-8003-36959136cb44/current/log_inprogress_0
2019-09-25 12:05:39,116 [1b5f48e1-875d-49d5-a3ca-2607cd8d3943@group-54FBA95C6F49-SegmentedRaftLogWorker] INFO  segmented.SegmentedRaftLogWorker (SegmentedRaftLogWorker.java:execute(569)) - 1b5f48e1-875d-49d5-a3ca-2607cd8d3943@group-54FBA95C6F49-SegmentedRaftLogWorker: created new log segment /workdir/hadoop-ozone/integration-test/target/test-dir/MiniOzoneClusterImpl-0814cdd2-95b4-491b-95c0-a7203a111cc5/datanode-2/data/ratis/0a018c84-41f3-418d-a30e-54fba95c6f49/current/log_inprogress_0
2019-09-25 12:05:39,118 [e20b9d38-a0cd-4cc2-b07d-99b310028cde@group-F8A1E0859D00:LeaderElection196] INFO  impl.LeaderElection (LeaderElection.java:askForVotes(182)) - e20b9d38-a0cd-4cc2-b07d-99b310028cde@group-F8A1E0859D00:LeaderElection196: begin an election at term 1 for -1: [e20b9d38-a0cd-4cc2-b07d-99b310028cde:192.168.151.73:45208], old=null
2019-09-25 12:05:39,118 [aa2320bf-b2b0-4764-9bc5-2df8b93b85ea@group-327C7E377098:LeaderElection197] INFO  impl.LeaderElection (LeaderElection.java:askForVotes(182)) - aa2320bf-b2b0-4764-9bc5-2df8b93b85ea@group-327C7E377098:LeaderElection197: begin an election at term 1 for -1: [aa2320bf-b2b0-4764-9bc5-2df8b93b85ea:192.168.151.73:39809], old=null
2019-09-25 12:05:39,119 [e20b9d38-a0cd-4cc2-b07d-99b310028cde@group-F8A1E0859D00:LeaderElection196] INFO  impl.RoleInfo (RoleInfo.java:shutdownLeaderElection(134)) - e20b9d38-a0cd-4cc2-b07d-99b310028cde: shutdown LeaderElection
2019-09-25 12:05:39,119 [aa2320bf-b2b0-4764-9bc5-2df8b93b85ea@group-327C7E377098:LeaderElection197] INFO  impl.RoleInfo (RoleInfo.java:shutdownLeaderElection(134)) - aa2320bf-b2b0-4764-9bc5-2df8b93b85ea: shutdown LeaderElection
2019-09-25 12:05:39,119 [e20b9d38-a0cd-4cc2-b07d-99b310028cde@group-F8A1E0859D00:LeaderElection196] INFO  impl.RaftServerImpl (RaftServerImpl.java:setRole(174)) - e20b9d38-a0cd-4cc2-b07d-99b310028cde@group-F8A1E0859D00: changes role from CANDIDATE to LEADER at term 1 for changeToLeader
2019-09-25 12:05:39,119 [aa2320bf-b2b0-4764-9bc5-2df8b93b85ea@group-327C7E377098:LeaderElection197] INFO  impl.RaftServerImpl (RaftServerImpl.java:setRole(174)) - aa2320bf-b2b0-4764-9bc5-2df8b93b85ea@group-327C7E377098: changes role from CANDIDATE to LEADER at term 1 for changeToLeader
2019-09-25 12:05:39,119 [e20b9d38-a0cd-4cc2-b07d-99b310028cde@group-F8A1E0859D00:LeaderElection196] INFO  impl.RaftServerImpl (ServerState.java:setLeader(253)) - e20b9d38-a0cd-4cc2-b07d-99b310028cde@group-F8A1E0859D00: change Leader from null to e20b9d38-a0cd-4cc2-b07d-99b310028cde at term 1 for becomeLeader, leader elected after 5094ms
2019-09-25 12:05:39,119 [aa2320bf-b2b0-4764-9bc5-2df8b93b85ea@group-327C7E377098:LeaderElection197] INFO  impl.RaftServerImpl (ServerState.java:setLeader(253)) - aa2320bf-b2b0-4764-9bc5-2df8b93b85ea@group-327C7E377098: change Leader from null to aa2320bf-b2b0-4764-9bc5-2df8b93b85ea at term 1 for becomeLeader, leader elected after 5139ms
2019-09-25 12:05:39,119 [e20b9d38-a0cd-4cc2-b07d-99b310028cde@group-F8A1E0859D00:LeaderElection196] INFO  server.RaftServerConfigKeys (ConfUtils.java:logGet(43)) - raft.server.staging.catchup.gap = 1000 (default)
2019-09-25 12:05:39,119 [aa2320bf-b2b0-4764-9bc5-2df8b93b85ea@group-327C7E377098:LeaderElection197] INFO  server.RaftServerConfigKeys (ConfUtils.java:logGet(43)) - raft.server.staging.catchup.gap = 1000 (default)
2019-09-25 12:05:39,119 [Thread-2700] INFO  impl.FollowerState (FollowerState.java:run(106)) - 1b5f48e1-875d-49d5-a3ca-2607cd8d3943:group-2388CA4C89F7 changes to CANDIDATE, lastRpcTime:5051, electionTimeout:5051ms
2019-09-25 12:05:39,120 [e20b9d38-a0cd-4cc2-b07d-99b310028cde@group-F8A1E0859D00:LeaderElection196] INFO  server.RaftServerConfigKeys (ConfUtils.java:logGet(43)) - raft.server.rpc.sleep.time = 25ms (default)
2019-09-25 12:05:39,120 [Thread-2700] INFO  impl.RoleInfo (RoleInfo.java:shutdownFollowerState(121)) - 1b5f48e1-875d-49d5-a3ca-2607cd8d3943: shutdown FollowerState
2019-09-25 12:05:39,120 [aa2320bf-b2b0-4764-9bc5-2df8b93b85ea@group-327C7E377098:LeaderElection197] INFO  server.RaftServerConfigKeys (ConfUtils.java:logGet(43)) - raft.server.rpc.sleep.time = 25ms (default)
2019-09-25 12:05:39,120 [Thread-2700] INFO  impl.RaftServerImpl (RaftServerImpl.java:setRole(174)) - 1b5f48e1-875d-49d5-a3ca-2607cd8d3943@group-2388CA4C89F7: changes role from  FOLLOWER to CANDIDATE at term 0 for changeToCandidate
2019-09-25 12:05:39,120 [e20b9d38-a0cd-4cc2-b07d-99b310028cde@group-F8A1E0859D00:LeaderElection196] INFO  server.RaftServerConfigKeys (ConfUtils.java:logGet(43)) - raft.server.write.element-limit = 4096 (default)
2019-09-25 12:05:39,120 [Thread-2700] INFO  impl.RoleInfo (RoleInfo.java:updateAndGet(143)) - 1b5f48e1-875d-49d5-a3ca-2607cd8d3943: start LeaderElection
2019-09-25 12:05:39,120 [aa2320bf-b2b0-4764-9bc5-2df8b93b85ea@group-327C7E377098:LeaderElection197] INFO  server.RaftServerConfigKeys (ConfUtils.java:logGet(43)) - raft.server.write.element-limit = 4096 (default)
2019-09-25 12:05:39,120 [e20b9d38-a0cd-4cc2-b07d-99b310028cde@group-F8A1E0859D00:LeaderElection196] INFO  server.RaftServerConfigKeys (ConfUtils.java:logGet(43)) - raft.server.watch.timeout = 10s (default)
2019-09-25 12:05:39,124 [aa2320bf-b2b0-4764-9bc5-2df8b93b85ea@group-327C7E377098:LeaderElection197] INFO  server.RaftServerConfigKeys (ConfUtils.java:logGet(43)) - raft.server.watch.timeout = 10s (default)
2019-09-25 12:05:39,124 [e20b9d38-a0cd-4cc2-b07d-99b310028cde@group-F8A1E0859D00:LeaderElection196] INFO  server.RaftServerConfigKeys (ConfUtils.java:logGet(43)) - raft.server.watch.timeout.denomination = 1s (default)
2019-09-25 12:05:39,124 [aa2320bf-b2b0-4764-9bc5-2df8b93b85ea@group-327C7E377098:LeaderElection197] INFO  server.RaftServerConfigKeys (ConfUtils.java:logGet(43)) - raft.server.watch.timeout.denomination = 1s (default)
2019-09-25 12:05:39,124 [e20b9d38-a0cd-4cc2-b07d-99b310028cde@group-F8A1E0859D00:LeaderElection196] INFO  server.RaftServerConfigKeys (ConfUtils.java:logGet(43)) - raft.server.watch.element-limit = 65536 (default)
2019-09-25 12:05:39,124 [aa2320bf-b2b0-4764-9bc5-2df8b93b85ea@group-327C7E377098:LeaderElection197] INFO  server.RaftServerConfigKeys (ConfUtils.java:logGet(43)) - raft.server.watch.element-limit = 65536 (default)
2019-09-25 12:05:39,127 [e20b9d38-a0cd-4cc2-b07d-99b310028cde@group-F8A1E0859D00:LeaderElection196] INFO  impl.RoleInfo (RoleInfo.java:updateAndGet(143)) - e20b9d38-a0cd-4cc2-b07d-99b310028cde: start LeaderState
2019-09-25 12:05:39,127 [e20b9d38-a0cd-4cc2-b07d-99b310028cde@group-F8A1E0859D00:LeaderElection196] INFO  segmented.SegmentedRaftLogWorker (SegmentedRaftLogWorker.java:startLogSegment(380)) - e20b9d38-a0cd-4cc2-b07d-99b310028cde@group-F8A1E0859D00-SegmentedRaftLogWorker: Starting segment from index:0
2019-09-25 12:05:39,127 [aa2320bf-b2b0-4764-9bc5-2df8b93b85ea@group-327C7E377098:LeaderElection197] INFO  impl.RoleInfo (RoleInfo.java:updateAndGet(143)) - aa2320bf-b2b0-4764-9bc5-2df8b93b85ea: start LeaderState
2019-09-25 12:05:39,127 [aa2320bf-b2b0-4764-9bc5-2df8b93b85ea@group-327C7E377098:LeaderElection197] INFO  segmented.SegmentedRaftLogWorker (SegmentedRaftLogWorker.java:startLogSegment(380)) - aa2320bf-b2b0-4764-9bc5-2df8b93b85ea@group-327C7E377098-SegmentedRaftLogWorker: Starting segment from index:0
2019-09-25 12:05:39,127 [e20b9d38-a0cd-4cc2-b07d-99b310028cde@group-F8A1E0859D00:LeaderElection196] INFO  impl.RaftServerImpl (ServerState.java:setRaftConf(354)) - e20b9d38-a0cd-4cc2-b07d-99b310028cde@group-F8A1E0859D00: set configuration 0: [e20b9d38-a0cd-4cc2-b07d-99b310028cde:192.168.151.73:45208], old=null at 0
2019-09-25 12:05:39,128 [aa2320bf-b2b0-4764-9bc5-2df8b93b85ea@group-327C7E377098:LeaderElection197] INFO  impl.RaftServerImpl (ServerState.java:setRaftConf(354)) - aa2320bf-b2b0-4764-9bc5-2df8b93b85ea@group-327C7E377098: set configuration 0: [aa2320bf-b2b0-4764-9bc5-2df8b93b85ea:192.168.151.73:39809], old=null at 0
2019-09-25 12:05:39,137 [1b5f48e1-875d-49d5-a3ca-2607cd8d3943@group-2388CA4C89F7:LeaderElection198] INFO  impl.LeaderElection (LeaderElection.java:askForVotes(182)) - 1b5f48e1-875d-49d5-a3ca-2607cd8d3943@group-2388CA4C89F7:LeaderElection198: begin an election at term 1 for -1: [1b5f48e1-875d-49d5-a3ca-2607cd8d3943:192.168.151.73:34544], old=null
2019-09-25 12:05:39,137 [1b5f48e1-875d-49d5-a3ca-2607cd8d3943@group-2388CA4C89F7:LeaderElection198] INFO  impl.RoleInfo (RoleInfo.java:shutdownLeaderElection(134)) - 1b5f48e1-875d-49d5-a3ca-2607cd8d3943: shutdown LeaderElection
2019-09-25 12:05:39,137 [1b5f48e1-875d-49d5-a3ca-2607cd8d3943@group-2388CA4C89F7:LeaderElection198] INFO  impl.RaftServerImpl (RaftServerImpl.java:setRole(174)) - 1b5f48e1-875d-49d5-a3ca-2607cd8d3943@group-2388CA4C89F7: changes role from CANDIDATE to LEADER at term 1 for changeToLeader
2019-09-25 12:05:39,137 [1b5f48e1-875d-49d5-a3ca-2607cd8d3943@group-2388CA4C89F7:LeaderElection198] INFO  impl.RaftServerImpl (ServerState.java:setLeader(253)) - 1b5f48e1-875d-49d5-a3ca-2607cd8d3943@group-2388CA4C89F7: change Leader from null to 1b5f48e1-875d-49d5-a3ca-2607cd8d3943 at term 1 for becomeLeader, leader elected after 5074ms
2019-09-25 12:05:39,137 [1b5f48e1-875d-49d5-a3ca-2607cd8d3943@group-2388CA4C89F7:LeaderElection198] INFO  server.RaftServerConfigKeys (ConfUtils.java:logGet(43)) - raft.server.staging.catchup.gap = 1000 (default)
2019-09-25 12:05:39,137 [1b5f48e1-875d-49d5-a3ca-2607cd8d3943@group-2388CA4C89F7:LeaderElection198] INFO  server.RaftServerConfigKeys (ConfUtils.java:logGet(43)) - raft.server.rpc.sleep.time = 25ms (default)
2019-09-25 12:05:39,137 [1b5f48e1-875d-49d5-a3ca-2607cd8d3943@group-2388CA4C89F7:LeaderElection198] INFO  server.RaftServerConfigKeys (ConfUtils.java:logGet(43)) - raft.server.write.element-limit = 4096 (default)
2019-09-25 12:05:39,138 [1b5f48e1-875d-49d5-a3ca-2607cd8d3943@group-2388CA4C89F7:LeaderElection198] INFO  server.RaftServerConfigKeys (ConfUtils.java:logGet(43)) - raft.server.watch.timeout = 10s (default)
2019-09-25 12:05:39,138 [1b5f48e1-875d-49d5-a3ca-2607cd8d3943@group-2388CA4C89F7:LeaderElection198] INFO  server.RaftServerConfigKeys (ConfUtils.java:logGet(43)) - raft.server.watch.timeout.denomination = 1s (default)
2019-09-25 12:05:39,138 [1b5f48e1-875d-49d5-a3ca-2607cd8d3943@group-2388CA4C89F7:LeaderElection198] INFO  server.RaftServerConfigKeys (ConfUtils.java:logGet(43)) - raft.server.watch.element-limit = 65536 (default)
2019-09-25 12:05:39,140 [1b5f48e1-875d-49d5-a3ca-2607cd8d3943@group-2388CA4C89F7:LeaderElection198] INFO  impl.RoleInfo (RoleInfo.java:updateAndGet(143)) - 1b5f48e1-875d-49d5-a3ca-2607cd8d3943: start LeaderState
2019-09-25 12:05:39,140 [1b5f48e1-875d-49d5-a3ca-2607cd8d3943@group-2388CA4C89F7:LeaderElection198] INFO  segmented.SegmentedRaftLogWorker (SegmentedRaftLogWorker.java:startLogSegment(380)) - 1b5f48e1-875d-49d5-a3ca-2607cd8d3943@group-2388CA4C89F7-SegmentedRaftLogWorker: Starting segment from index:0
2019-09-25 12:05:39,140 [1b5f48e1-875d-49d5-a3ca-2607cd8d3943@group-2388CA4C89F7:LeaderElection198] INFO  impl.RaftServerImpl (ServerState.java:setRaftConf(354)) - 1b5f48e1-875d-49d5-a3ca-2607cd8d3943@group-2388CA4C89F7: set configuration 0: [1b5f48e1-875d-49d5-a3ca-2607cd8d3943:192.168.151.73:34544], old=null at 0
2019-09-25 12:05:39,173 [aa2320bf-b2b0-4764-9bc5-2df8b93b85ea@group-327C7E377098-SegmentedRaftLogWorker] INFO  segmented.SegmentedRaftLogWorker (SegmentedRaftLogWorker.java:execute(569)) - aa2320bf-b2b0-4764-9bc5-2df8b93b85ea@group-327C7E377098-SegmentedRaftLogWorker: created new log segment /workdir/hadoop-ozone/integration-test/target/test-dir/MiniOzoneClusterImpl-0814cdd2-95b4-491b-95c0-a7203a111cc5/datanode-4/data/ratis/70caa2b8-fc64-4667-99f4-327c7e377098/current/log_inprogress_0
2019-09-25 12:05:39,173 [e20b9d38-a0cd-4cc2-b07d-99b310028cde@group-F8A1E0859D00-SegmentedRaftLogWorker] INFO  segmented.SegmentedRaftLogWorker (SegmentedRaftLogWorker.java:execute(569)) - e20b9d38-a0cd-4cc2-b07d-99b310028cde@group-F8A1E0859D00-SegmentedRaftLogWorker: created new log segment /workdir/hadoop-ozone/integration-test/target/test-dir/MiniOzoneClusterImpl-0814cdd2-95b4-491b-95c0-a7203a111cc5/datanode-5/data/ratis/9a42331c-4b44-4803-9437-f8a1e0859d00/current/log_inprogress_0
2019-09-25 12:05:39,186 [1b5f48e1-875d-49d5-a3ca-2607cd8d3943@group-2388CA4C89F7-SegmentedRaftLogWorker] INFO  segmented.SegmentedRaftLogWorker (SegmentedRaftLogWorker.java:execute(569)) - 1b5f48e1-875d-49d5-a3ca-2607cd8d3943@group-2388CA4C89F7-SegmentedRaftLogWorker: created new log segment /workdir/hadoop-ozone/integration-test/target/test-dir/MiniOzoneClusterImpl-0814cdd2-95b4-491b-95c0-a7203a111cc5/datanode-2/data/ratis/a4ac3900-0131-48a0-b213-2388ca4c89f7/current/log_inprogress_0
2019-09-25 12:05:39,223 [Thread-2709] INFO  impl.FollowerState (FollowerState.java:run(106)) - aa2320bf-b2b0-4764-9bc5-2df8b93b85ea:group-702752648CCA changes to CANDIDATE, lastRpcTime:5042, electionTimeout:5042ms
2019-09-25 12:05:39,223 [Thread-2709] INFO  impl.RoleInfo (RoleInfo.java:shutdownFollowerState(121)) - aa2320bf-b2b0-4764-9bc5-2df8b93b85ea: shutdown FollowerState
2019-09-25 12:05:39,223 [Thread-2709] INFO  impl.RaftServerImpl (RaftServerImpl.java:setRole(174)) - aa2320bf-b2b0-4764-9bc5-2df8b93b85ea@group-702752648CCA: changes role from  FOLLOWER to CANDIDATE at term 0 for changeToCandidate
2019-09-25 12:05:39,223 [Thread-2709] INFO  impl.RoleInfo (RoleInfo.java:updateAndGet(143)) - aa2320bf-b2b0-4764-9bc5-2df8b93b85ea: start LeaderElection
2019-09-25 12:05:39,241 [aa2320bf-b2b0-4764-9bc5-2df8b93b85ea@group-702752648CCA:LeaderElection199] INFO  impl.LeaderElection (LeaderElection.java:askForVotes(182)) - aa2320bf-b2b0-4764-9bc5-2df8b93b85ea@group-702752648CCA:LeaderElection199: begin an election at term 1 for -1: [aa2320bf-b2b0-4764-9bc5-2df8b93b85ea:192.168.151.73:39809], old=null
2019-09-25 12:05:39,241 [aa2320bf-b2b0-4764-9bc5-2df8b93b85ea@group-702752648CCA:LeaderElection199] INFO  impl.RoleInfo (RoleInfo.java:shutdownLeaderElection(134)) - aa2320bf-b2b0-4764-9bc5-2df8b93b85ea: shutdown LeaderElection
2019-09-25 12:05:39,242 [aa2320bf-b2b0-4764-9bc5-2df8b93b85ea@group-702752648CCA:LeaderElection199] INFO  impl.RaftServerImpl (RaftServerImpl.java:setRole(174)) - aa2320bf-b2b0-4764-9bc5-2df8b93b85ea@group-702752648CCA: changes role from CANDIDATE to LEADER at term 1 for changeToLeader
2019-09-25 12:05:39,242 [aa2320bf-b2b0-4764-9bc5-2df8b93b85ea@group-702752648CCA:LeaderElection199] INFO  impl.RaftServerImpl (ServerState.java:setLeader(253)) - aa2320bf-b2b0-4764-9bc5-2df8b93b85ea@group-702752648CCA: change Leader from null to aa2320bf-b2b0-4764-9bc5-2df8b93b85ea at term 1 for becomeLeader, leader elected after 5067ms
2019-09-25 12:05:39,242 [aa2320bf-b2b0-4764-9bc5-2df8b93b85ea@group-702752648CCA:LeaderElection199] INFO  server.RaftServerConfigKeys (ConfUtils.java:logGet(43)) - raft.server.staging.catchup.gap = 1000 (default)
2019-09-25 12:05:39,242 [aa2320bf-b2b0-4764-9bc5-2df8b93b85ea@group-702752648CCA:LeaderElection199] INFO  server.RaftServerConfigKeys (ConfUtils.java:logGet(43)) - raft.server.rpc.sleep.time = 25ms (default)
2019-09-25 12:05:39,242 [aa2320bf-b2b0-4764-9bc5-2df8b93b85ea@group-702752648CCA:LeaderElection199] INFO  server.RaftServerConfigKeys (ConfUtils.java:logGet(43)) - raft.server.write.element-limit = 4096 (default)
2019-09-25 12:05:39,242 [aa2320bf-b2b0-4764-9bc5-2df8b93b85ea@group-702752648CCA:LeaderElection199] INFO  server.RaftServerConfigKeys (ConfUtils.java:logGet(43)) - raft.server.watch.timeout = 10s (default)
2019-09-25 12:05:39,242 [aa2320bf-b2b0-4764-9bc5-2df8b93b85ea@group-702752648CCA:LeaderElection199] INFO  server.RaftServerConfigKeys (ConfUtils.java:logGet(43)) - raft.server.watch.timeout.denomination = 1s (default)
2019-09-25 12:05:39,242 [aa2320bf-b2b0-4764-9bc5-2df8b93b85ea@group-702752648CCA:LeaderElection199] INFO  server.RaftServerConfigKeys (ConfUtils.java:logGet(43)) - raft.server.watch.element-limit = 65536 (default)
2019-09-25 12:05:39,244 [aa2320bf-b2b0-4764-9bc5-2df8b93b85ea@group-702752648CCA:LeaderElection199] INFO  impl.RoleInfo (RoleInfo.java:updateAndGet(143)) - aa2320bf-b2b0-4764-9bc5-2df8b93b85ea: start LeaderState
2019-09-25 12:05:39,244 [aa2320bf-b2b0-4764-9bc5-2df8b93b85ea@group-702752648CCA:LeaderElection199] INFO  segmented.SegmentedRaftLogWorker (SegmentedRaftLogWorker.java:startLogSegment(380)) - aa2320bf-b2b0-4764-9bc5-2df8b93b85ea@group-702752648CCA-SegmentedRaftLogWorker: Starting segment from index:0
2019-09-25 12:05:39,245 [aa2320bf-b2b0-4764-9bc5-2df8b93b85ea@group-702752648CCA:LeaderElection199] INFO  impl.RaftServerImpl (ServerState.java:setRaftConf(354)) - aa2320bf-b2b0-4764-9bc5-2df8b93b85ea@group-702752648CCA: set configuration 0: [aa2320bf-b2b0-4764-9bc5-2df8b93b85ea:192.168.151.73:39809], old=null at 0
2019-09-25 12:05:39,271 [Thread-2703] INFO  impl.FollowerState (FollowerState.java:run(106)) - e20b9d38-a0cd-4cc2-b07d-99b310028cde:group-C9CED72A4D86 changes to CANDIDATE, lastRpcTime:5163, electionTimeout:5163ms
2019-09-25 12:05:39,271 [Thread-2703] INFO  impl.RoleInfo (RoleInfo.java:shutdownFollowerState(121)) - e20b9d38-a0cd-4cc2-b07d-99b310028cde: shutdown FollowerState
2019-09-25 12:05:39,271 [Thread-2703] INFO  impl.RaftServerImpl (RaftServerImpl.java:setRole(174)) - e20b9d38-a0cd-4cc2-b07d-99b310028cde@group-C9CED72A4D86: changes role from  FOLLOWER to CANDIDATE at term 0 for changeToCandidate
2019-09-25 12:05:39,271 [Thread-2703] INFO  impl.RoleInfo (RoleInfo.java:updateAndGet(143)) - e20b9d38-a0cd-4cc2-b07d-99b310028cde: start LeaderElection
2019-09-25 12:05:39,306 [Thread-2706] INFO  impl.FollowerState (FollowerState.java:run(106)) - e20b9d38-a0cd-4cc2-b07d-99b310028cde:group-B4BD938A9CA1 changes to CANDIDATE, lastRpcTime:5160, electionTimeout:5138ms
2019-09-25 12:05:39,306 [Thread-2706] INFO  impl.RoleInfo (RoleInfo.java:shutdownFollowerState(121)) - e20b9d38-a0cd-4cc2-b07d-99b310028cde: shutdown FollowerState
2019-09-25 12:05:39,306 [Thread-2706] INFO  impl.RaftServerImpl (RaftServerImpl.java:setRole(174)) - e20b9d38-a0cd-4cc2-b07d-99b310028cde@group-B4BD938A9CA1: changes role from  FOLLOWER to CANDIDATE at term 0 for changeToCandidate
2019-09-25 12:05:39,306 [Thread-2706] INFO  impl.RoleInfo (RoleInfo.java:updateAndGet(143)) - e20b9d38-a0cd-4cc2-b07d-99b310028cde: start LeaderElection
2019-09-25 12:05:39,319 [aa2320bf-b2b0-4764-9bc5-2df8b93b85ea@group-702752648CCA-SegmentedRaftLogWorker] INFO  segmented.SegmentedRaftLogWorker (SegmentedRaftLogWorker.java:execute(569)) - aa2320bf-b2b0-4764-9bc5-2df8b93b85ea@group-702752648CCA-SegmentedRaftLogWorker: created new log segment /workdir/hadoop-ozone/integration-test/target/test-dir/MiniOzoneClusterImpl-0814cdd2-95b4-491b-95c0-a7203a111cc5/datanode-4/data/ratis/5056772b-34eb-4aa5-a74c-702752648cca/current/log_inprogress_0
2019-09-25 12:05:39,319 [e20b9d38-a0cd-4cc2-b07d-99b310028cde@group-B4BD938A9CA1:LeaderElection201] INFO  impl.LeaderElection (LeaderElection.java:askForVotes(182)) - e20b9d38-a0cd-4cc2-b07d-99b310028cde@group-B4BD938A9CA1:LeaderElection201: begin an election at term 1 for -1: [e20b9d38-a0cd-4cc2-b07d-99b310028cde:192.168.151.73:45208], old=null
2019-09-25 12:05:39,319 [e20b9d38-a0cd-4cc2-b07d-99b310028cde@group-C9CED72A4D86:LeaderElection200] INFO  impl.LeaderElection (LeaderElection.java:askForVotes(182)) - e20b9d38-a0cd-4cc2-b07d-99b310028cde@group-C9CED72A4D86:LeaderElection200: begin an election at term 1 for -1: [e20b9d38-a0cd-4cc2-b07d-99b310028cde:192.168.151.73:45208], old=null
2019-09-25 12:05:39,319 [e20b9d38-a0cd-4cc2-b07d-99b310028cde@group-B4BD938A9CA1:LeaderElection201] INFO  impl.RoleInfo (RoleInfo.java:shutdownLeaderElection(134)) - e20b9d38-a0cd-4cc2-b07d-99b310028cde: shutdown LeaderElection
2019-09-25 12:05:39,319 [e20b9d38-a0cd-4cc2-b07d-99b310028cde@group-C9CED72A4D86:LeaderElection200] INFO  impl.RoleInfo (RoleInfo.java:shutdownLeaderElection(134)) - e20b9d38-a0cd-4cc2-b07d-99b310028cde: shutdown LeaderElection
2019-09-25 12:05:39,320 [e20b9d38-a0cd-4cc2-b07d-99b310028cde@group-B4BD938A9CA1:LeaderElection201] INFO  impl.RaftServerImpl (RaftServerImpl.java:setRole(174)) - e20b9d38-a0cd-4cc2-b07d-99b310028cde@group-B4BD938A9CA1: changes role from CANDIDATE to LEADER at term 1 for changeToLeader
2019-09-25 12:05:39,320 [e20b9d38-a0cd-4cc2-b07d-99b310028cde@group-C9CED72A4D86:LeaderElection200] INFO  impl.RaftServerImpl (RaftServerImpl.java:setRole(174)) - e20b9d38-a0cd-4cc2-b07d-99b310028cde@group-C9CED72A4D86: changes role from CANDIDATE to LEADER at term 1 for changeToLeader
2019-09-25 12:05:39,320 [e20b9d38-a0cd-4cc2-b07d-99b310028cde@group-B4BD938A9CA1:LeaderElection201] INFO  impl.RaftServerImpl (ServerState.java:setLeader(253)) - e20b9d38-a0cd-4cc2-b07d-99b310028cde@group-B4BD938A9CA1: change Leader from null to e20b9d38-a0cd-4cc2-b07d-99b310028cde at term 1 for becomeLeader, leader elected after 5179ms
2019-09-25 12:05:39,320 [e20b9d38-a0cd-4cc2-b07d-99b310028cde@group-C9CED72A4D86:LeaderElection200] INFO  impl.RaftServerImpl (ServerState.java:setLeader(253)) - e20b9d38-a0cd-4cc2-b07d-99b310028cde@group-C9CED72A4D86: change Leader from null to e20b9d38-a0cd-4cc2-b07d-99b310028cde at term 1 for becomeLeader, leader elected after 5217ms
2019-09-25 12:05:39,320 [e20b9d38-a0cd-4cc2-b07d-99b310028cde@group-C9CED72A4D86:LeaderElection200] INFO  server.RaftServerConfigKeys (ConfUtils.java:logGet(43)) - raft.server.staging.catchup.gap = 1000 (default)
2019-09-25 12:05:39,320 [e20b9d38-a0cd-4cc2-b07d-99b310028cde@group-B4BD938A9CA1:LeaderElection201] INFO  server.RaftServerConfigKeys (ConfUtils.java:logGet(43)) - raft.server.staging.catchup.gap = 1000 (default)
2019-09-25 12:05:39,320 [e20b9d38-a0cd-4cc2-b07d-99b310028cde@group-C9CED72A4D86:LeaderElection200] INFO  server.RaftServerConfigKeys (ConfUtils.java:logGet(43)) - raft.server.rpc.sleep.time = 25ms (default)
2019-09-25 12:05:39,320 [e20b9d38-a0cd-4cc2-b07d-99b310028cde@group-B4BD938A9CA1:LeaderElection201] INFO  server.RaftServerConfigKeys (ConfUtils.java:logGet(43)) - raft.server.rpc.sleep.time = 25ms (default)
2019-09-25 12:05:39,320 [e20b9d38-a0cd-4cc2-b07d-99b310028cde@group-C9CED72A4D86:LeaderElection200] INFO  server.RaftServerConfigKeys (ConfUtils.java:logGet(43)) - raft.server.write.element-limit = 4096 (default)
2019-09-25 12:05:39,320 [e20b9d38-a0cd-4cc2-b07d-99b310028cde@group-B4BD938A9CA1:LeaderElection201] INFO  server.RaftServerConfigKeys (ConfUtils.java:logGet(43)) - raft.server.write.element-limit = 4096 (default)
2019-09-25 12:05:39,321 [e20b9d38-a0cd-4cc2-b07d-99b310028cde@group-C9CED72A4D86:LeaderElection200] INFO  server.RaftServerConfigKeys (ConfUtils.java:logGet(43)) - raft.server.watch.timeout = 10s (default)
2019-09-25 12:05:39,321 [e20b9d38-a0cd-4cc2-b07d-99b310028cde@group-B4BD938A9CA1:LeaderElection201] INFO  server.RaftServerConfigKeys (ConfUtils.java:logGet(43)) - raft.server.watch.timeout = 10s (default)
2019-09-25 12:05:39,321 [e20b9d38-a0cd-4cc2-b07d-99b310028cde@group-C9CED72A4D86:LeaderElection200] INFO  server.RaftServerConfigKeys (ConfUtils.java:logGet(43)) - raft.server.watch.timeout.denomination = 1s (default)
2019-09-25 12:05:39,321 [e20b9d38-a0cd-4cc2-b07d-99b310028cde@group-B4BD938A9CA1:LeaderElection201] INFO  server.RaftServerConfigKeys (ConfUtils.java:logGet(43)) - raft.server.watch.timeout.denomination = 1s (default)
2019-09-25 12:05:39,321 [e20b9d38-a0cd-4cc2-b07d-99b310028cde@group-C9CED72A4D86:LeaderElection200] INFO  server.RaftServerConfigKeys (ConfUtils.java:logGet(43)) - raft.server.watch.element-limit = 65536 (default)
2019-09-25 12:05:39,321 [e20b9d38-a0cd-4cc2-b07d-99b310028cde@group-B4BD938A9CA1:LeaderElection201] INFO  server.RaftServerConfigKeys (ConfUtils.java:logGet(43)) - raft.server.watch.element-limit = 65536 (default)
2019-09-25 12:05:39,323 [e20b9d38-a0cd-4cc2-b07d-99b310028cde@group-C9CED72A4D86:LeaderElection200] INFO  impl.RoleInfo (RoleInfo.java:updateAndGet(143)) - e20b9d38-a0cd-4cc2-b07d-99b310028cde: start LeaderState
2019-09-25 12:05:39,323 [e20b9d38-a0cd-4cc2-b07d-99b310028cde@group-C9CED72A4D86:LeaderElection200] INFO  segmented.SegmentedRaftLogWorker (SegmentedRaftLogWorker.java:startLogSegment(380)) - e20b9d38-a0cd-4cc2-b07d-99b310028cde@group-C9CED72A4D86-SegmentedRaftLogWorker: Starting segment from index:0
2019-09-25 12:05:39,323 [e20b9d38-a0cd-4cc2-b07d-99b310028cde@group-B4BD938A9CA1:LeaderElection201] INFO  impl.RoleInfo (RoleInfo.java:updateAndGet(143)) - e20b9d38-a0cd-4cc2-b07d-99b310028cde: start LeaderState
2019-09-25 12:05:39,323 [e20b9d38-a0cd-4cc2-b07d-99b310028cde@group-C9CED72A4D86:LeaderElection200] INFO  impl.RaftServerImpl (ServerState.java:setRaftConf(354)) - e20b9d38-a0cd-4cc2-b07d-99b310028cde@group-C9CED72A4D86: set configuration 0: [e20b9d38-a0cd-4cc2-b07d-99b310028cde:192.168.151.73:45208], old=null at 0
2019-09-25 12:05:39,973 [e20b9d38-a0cd-4cc2-b07d-99b310028cde@group-B4BD938A9CA1:LeaderElection201] INFO  segmented.SegmentedRaftLogWorker (SegmentedRaftLogWorker.java:startLogSegment(380)) - e20b9d38-a0cd-4cc2-b07d-99b310028cde@group-B4BD938A9CA1-SegmentedRaftLogWorker: Starting segment from index:0
2019-09-25 12:05:39,972 [Thread-2736] INFO  impl.FollowerState (FollowerState.java:run(106)) - e20b9d38-a0cd-4cc2-b07d-99b310028cde:group-4CB6A622FE84 changes to CANDIDATE, lastRpcTime:5440, electionTimeout:5155ms
2019-09-25 12:05:39,972 [Thread-2748] INFO  impl.FollowerState (FollowerState.java:run(106)) - 29c22799-2be0-4ff1-960a-e2f5fb4c56d9:group-7EB7F035A074 changes to CANDIDATE, lastRpcTime:5277, electionTimeout:5007ms
2019-09-25 12:05:39,972 [Thread-2742] INFO  impl.FollowerState (FollowerState.java:run(106)) - e20b9d38-a0cd-4cc2-b07d-99b310028cde:group-90B47A199028 changes to CANDIDATE, lastRpcTime:5365, electionTimeout:5172ms
2019-09-25 12:05:39,972 [Thread-2760] INFO  impl.FollowerState (FollowerState.java:run(106)) - efa15652-5c5a-4832-a509-1d419d802ac5:group-907A17EBD695 changes to CANDIDATE, lastRpcTime:5080, electionTimeout:5004ms
2019-09-25 12:05:39,972 [Thread-2745] INFO  impl.FollowerState (FollowerState.java:run(106)) - e20b9d38-a0cd-4cc2-b07d-99b310028cde:group-E91693ACC2EB changes to CANDIDATE, lastRpcTime:5331, electionTimeout:5175ms
2019-09-25 12:05:39,972 [Thread-2751] INFO  impl.FollowerState (FollowerState.java:run(106)) - 29c22799-2be0-4ff1-960a-e2f5fb4c56d9:group-7C8C72F54EB9 changes to CANDIDATE, lastRpcTime:5229, electionTimeout:5136ms
2019-09-25 12:05:40,003 [Thread-2742] INFO  impl.RoleInfo (RoleInfo.java:shutdownFollowerState(121)) - e20b9d38-a0cd-4cc2-b07d-99b310028cde: shutdown FollowerState
2019-09-25 12:05:40,003 [Thread-2748] INFO  impl.RoleInfo (RoleInfo.java:shutdownFollowerState(121)) - 29c22799-2be0-4ff1-960a-e2f5fb4c56d9: shutdown FollowerState
2019-09-25 12:05:40,028 [Thread-2748] INFO  impl.RaftServerImpl (RaftServerImpl.java:setRole(174)) - 29c22799-2be0-4ff1-960a-e2f5fb4c56d9@group-7EB7F035A074: changes role from  FOLLOWER to CANDIDATE at term 0 for changeToCandidate
2019-09-25 12:05:40,003 [Thread-2715] WARN  util.JavaUtils (JavaUtils.java:sleep(250)) - Unexpected long sleep: sleep(5062ms) actually took 5715ms which is over the threshold 300ms
2019-09-25 12:05:40,003 [Thread-2730] WARN  util.JavaUtils (JavaUtils.java:sleep(250)) - Unexpected long sleep: sleep(5179ms) actually took 5509ms which is over the threshold 300ms
2019-09-25 12:05:39,997 [Thread-2718] WARN  util.JavaUtils (JavaUtils.java:sleep(250)) - Unexpected long sleep: sleep(5163ms) actually took 5671ms which is over the threshold 300ms
2019-09-25 12:05:39,988 [Thread-2754] INFO  impl.FollowerState (FollowerState.java:run(106)) - aa2320bf-b2b0-4764-9bc5-2df8b93b85ea:group-C0F71AA56592 changes to CANDIDATE, lastRpcTime:5181, electionTimeout:5175ms
2019-09-25 12:05:39,988 [Thread-2724] WARN  util.JavaUtils (JavaUtils.java:sleep(250)) - Unexpected long sleep: sleep(5036ms) actually took 5593ms which is over the threshold 300ms
2019-09-25 12:05:39,988 [Thread-2712] WARN  util.JavaUtils (JavaUtils.java:sleep(250)) - Unexpected long sleep: sleep(5170ms) actually took 5756ms which is over the threshold 300ms
2019-09-25 12:05:39,983 [e20b9d38-a0cd-4cc2-b07d-99b310028cde@group-B4BD938A9CA1:LeaderElection201] INFO  impl.RaftServerImpl (ServerState.java:setRaftConf(354)) - e20b9d38-a0cd-4cc2-b07d-99b310028cde@group-B4BD938A9CA1: set configuration 0: [e20b9d38-a0cd-4cc2-b07d-99b310028cde:192.168.151.73:45208], old=null at 0
2019-09-25 12:05:39,977 [Thread-2739] WARN  util.JavaUtils (JavaUtils.java:sleep(250)) - Unexpected long sleep: sleep(5036ms) actually took 5401ms which is over the threshold 300ms
2019-09-25 12:05:39,983 [Thread-2727] WARN  util.JavaUtils (JavaUtils.java:sleep(250)) - Unexpected long sleep: sleep(5181ms) actually took 5572ms which is over the threshold 300ms
2019-09-25 12:05:39,977 [Thread-2733] WARN  util.JavaUtils (JavaUtils.java:sleep(250)) - Unexpected long sleep: sleep(5025ms) actually took 5478ms which is over the threshold 300ms
2019-09-25 12:05:39,977 [Thread-2721] WARN  util.JavaUtils (JavaUtils.java:sleep(250)) - Unexpected long sleep: sleep(5072ms) actually took 5632ms which is over the threshold 300ms
2019-09-25 12:05:40,042 [Thread-2757] INFO  impl.FollowerState (FollowerState.java:run(106)) - efa15652-5c5a-4832-a509-1d419d802ac5:group-67D7A5AE2FEF changes to CANDIDATE, lastRpcTime:5189, electionTimeout:5183ms
2019-09-25 12:05:40,099 [Thread-2757] INFO  impl.RoleInfo (RoleInfo.java:shutdownFollowerState(121)) - efa15652-5c5a-4832-a509-1d419d802ac5: shutdown FollowerState
2019-09-25 12:05:40,033 [Thread-2763] INFO  impl.FollowerState (FollowerState.java:run(106)) - efa15652-5c5a-4832-a509-1d419d802ac5:group-C5C18B249B7A changes to CANDIDATE, lastRpcTime:5098, electionTimeout:5091ms
2019-09-25 12:05:40,028 [Thread-2748] INFO  impl.RoleInfo (RoleInfo.java:updateAndGet(143)) - 29c22799-2be0-4ff1-960a-e2f5fb4c56d9: start LeaderElection
2019-09-25 12:05:40,028 [Thread-2742] INFO  impl.RaftServerImpl (RaftServerImpl.java:setRole(174)) - e20b9d38-a0cd-4cc2-b07d-99b310028cde@group-90B47A199028: changes role from  FOLLOWER to CANDIDATE at term 0 for changeToCandidate
2019-09-25 12:05:40,099 [Thread-2757] INFO  impl.RaftServerImpl (RaftServerImpl.java:setRole(174)) - efa15652-5c5a-4832-a509-1d419d802ac5@group-67D7A5AE2FEF: changes role from  FOLLOWER to CANDIDATE at term 0 for changeToCandidate
2019-09-25 12:05:40,085 [Thread-2745] INFO  impl.RoleInfo (RoleInfo.java:shutdownFollowerState(121)) - e20b9d38-a0cd-4cc2-b07d-99b310028cde: shutdown FollowerState
2019-09-25 12:05:40,085 [Thread-2769] INFO  impl.FollowerState (FollowerState.java:run(106)) - efa15652-5c5a-4832-a509-1d419d802ac5:group-A06825C1DCF1 changes to CANDIDATE, lastRpcTime:5064, electionTimeout:5055ms
2019-09-25 12:05:40,072 [Thread-2751] INFO  impl.RoleInfo (RoleInfo.java:shutdownFollowerState(121)) - 29c22799-2be0-4ff1-960a-e2f5fb4c56d9: shutdown FollowerState
2019-09-25 12:05:40,058 [Thread-2760] INFO  impl.RoleInfo (RoleInfo.java:shutdownFollowerState(121)) - efa15652-5c5a-4832-a509-1d419d802ac5: shutdown FollowerState
2019-09-25 12:05:40,118 [Thread-2760] INFO  impl.RaftServerImpl (RaftServerImpl.java:setRole(174)) - efa15652-5c5a-4832-a509-1d419d802ac5@group-907A17EBD695: changes role from  FOLLOWER to CANDIDATE at term 0 for changeToCandidate
2019-09-25 12:05:40,050 [Thread-2736] INFO  impl.RoleInfo (RoleInfo.java:shutdownFollowerState(121)) - e20b9d38-a0cd-4cc2-b07d-99b310028cde: shutdown FollowerState
2019-09-25 12:05:40,118 [Thread-2736] INFO  impl.RaftServerImpl (RaftServerImpl.java:setRole(174)) - e20b9d38-a0cd-4cc2-b07d-99b310028cde@group-4CB6A622FE84: changes role from  FOLLOWER to CANDIDATE at term 0 for changeToCandidate
2019-09-25 12:05:40,047 [Thread-2766] INFO  impl.FollowerState (FollowerState.java:run(106)) - efa15652-5c5a-4832-a509-1d419d802ac5:group-598E75AD1213 changes to CANDIDATE, lastRpcTime:5064, electionTimeout:5057ms
2019-09-25 12:05:40,124 [ForkJoinPool.commonPool-worker-0] INFO  ozoneimpl.OzoneContainer (OzoneContainer.java:stop(231)) - Attempting to stop container services.
2019-09-25 12:05:40,124 [main] INFO  ozoneimpl.OzoneContainer (OzoneContainer.java:stop(231)) - Attempting to stop container services.
2019-09-25 12:05:40,118 [Thread-2736] INFO  impl.RoleInfo (RoleInfo.java:updateAndGet(143)) - e20b9d38-a0cd-4cc2-b07d-99b310028cde: start LeaderElection
2019-09-25 12:05:40,118 [Thread-2760] INFO  impl.RoleInfo (RoleInfo.java:updateAndGet(143)) - efa15652-5c5a-4832-a509-1d419d802ac5: start LeaderElection
2019-09-25 12:05:40,118 [Thread-2751] INFO  impl.RaftServerImpl (RaftServerImpl.java:setRole(174)) - 29c22799-2be0-4ff1-960a-e2f5fb4c56d9@group-7C8C72F54EB9: changes role from  FOLLOWER to CANDIDATE at term 0 for changeToCandidate
2019-09-25 12:05:40,113 [Thread-2742] INFO  impl.RoleInfo (RoleInfo.java:updateAndGet(143)) - e20b9d38-a0cd-4cc2-b07d-99b310028cde: start LeaderElection
2019-09-25 12:05:40,113 [Thread-2757] INFO  impl.RoleInfo (RoleInfo.java:updateAndGet(143)) - efa15652-5c5a-4832-a509-1d419d802ac5: start LeaderElection
2019-09-25 12:05:40,112 [Thread-2754] INFO  impl.RoleInfo (RoleInfo.java:shutdownFollowerState(121)) - aa2320bf-b2b0-4764-9bc5-2df8b93b85ea: shutdown FollowerState
2019-09-25 12:05:40,108 [Thread-2745] INFO  impl.RaftServerImpl (RaftServerImpl.java:setRole(174)) - e20b9d38-a0cd-4cc2-b07d-99b310028cde@group-E91693ACC2EB: changes role from  FOLLOWER to CANDIDATE at term 0 for changeToCandidate
2019-09-25 12:05:40,127 [Thread-2754] INFO  impl.RaftServerImpl (RaftServerImpl.java:setRole(174)) - aa2320bf-b2b0-4764-9bc5-2df8b93b85ea@group-C0F71AA56592: changes role from  FOLLOWER to CANDIDATE at term 0 for changeToCandidate
2019-09-25 12:05:40,130 [Thread-2763] INFO  impl.RoleInfo (RoleInfo.java:shutdownFollowerState(121)) - efa15652-5c5a-4832-a509-1d419d802ac5: shutdown FollowerState
2019-09-25 12:05:40,131 [ForkJoinPool.commonPool-worker-0] INFO  impl.RaftServerProxy (RaftServerProxy.java:lambda$close$4(314)) - dd53ae84-fcc6-4953-b3df-628fab38f53c: close
2019-09-25 12:05:40,131 [Thread-2769] INFO  impl.RoleInfo (RoleInfo.java:shutdownFollowerState(121)) - efa15652-5c5a-4832-a509-1d419d802ac5: shutdown FollowerState
2019-09-25 12:05:40,131 [Thread-2745] INFO  impl.RoleInfo (RoleInfo.java:updateAndGet(143)) - e20b9d38-a0cd-4cc2-b07d-99b310028cde: start LeaderElection
2019-09-25 12:05:40,131 [Thread-2763] INFO  impl.RaftServerImpl (RaftServerImpl.java:setRole(174)) - efa15652-5c5a-4832-a509-1d419d802ac5@group-C5C18B249B7A: changes role from  FOLLOWER to CANDIDATE at term 0 for changeToCandidate
2019-09-25 12:05:40,131 [Thread-2754] INFO  impl.RoleInfo (RoleInfo.java:updateAndGet(143)) - aa2320bf-b2b0-4764-9bc5-2df8b93b85ea: start LeaderElection
2019-09-25 12:05:40,131 [Thread-2769] INFO  impl.RaftServerImpl (RaftServerImpl.java:setRole(174)) - efa15652-5c5a-4832-a509-1d419d802ac5@group-A06825C1DCF1: changes role from  FOLLOWER to CANDIDATE at term 0 for changeToCandidate
2019-09-25 12:05:40,135 [Thread-2772] INFO  impl.FollowerState (FollowerState.java:run(106)) - efa15652-5c5a-4832-a509-1d419d802ac5:group-2FCD5710C3C4 changes to CANDIDATE, lastRpcTime:5076, electionTimeout:5067ms
2019-09-25 12:05:40,135 [ForkJoinPool.commonPool-worker-0] INFO  impl.RaftServerImpl (RaftServerImpl.java:lambda$shutdown$3(251)) - dd53ae84-fcc6-4953-b3df-628fab38f53c@group-7219E0FB6851: shutdown
2019-09-25 12:05:40,139 [ForkJoinPool.commonPool-worker-0] INFO  util.JmxRegister (JmxRegister.java:unregister(73)) - Successfully un-registered JMX Bean with object name Ratis:service=RaftServer,group=group-7219E0FB6851,id=dd53ae84-fcc6-4953-b3df-628fab38f53c
2019-09-25 12:05:40,140 [ForkJoinPool.commonPool-worker-0] INFO  impl.RoleInfo (RoleInfo.java:shutdownLeaderState(104)) - dd53ae84-fcc6-4953-b3df-628fab38f53c: shutdown LeaderState
2019-09-25 12:05:40,140 [ForkJoinPool.commonPool-worker-0] INFO  impl.PendingRequests (PendingRequests.java:sendNotLeaderResponses(202)) - dd53ae84-fcc6-4953-b3df-628fab38f53c-PendingRequests: sendNotLeaderResponses
2019-09-25 12:05:40,143 [ForkJoinPool.commonPool-worker-0] INFO  impl.StateMachineUpdater (StateMachineUpdater.java:stopAndJoin(125)) - dd53ae84-fcc6-4953-b3df-628fab38f53c@group-7219E0FB6851-StateMachineUpdater: set stopIndex = 0
2019-09-25 12:05:40,144 [Thread-2751] INFO  impl.RoleInfo (RoleInfo.java:updateAndGet(143)) - 29c22799-2be0-4ff1-960a-e2f5fb4c56d9: start LeaderElection
2019-09-25 12:05:40,144 [ForkJoinPool.commonPool-worker-0] INFO  impl.RaftServerImpl (ServerState.java:close(385)) - dd53ae84-fcc6-4953-b3df-628fab38f53c@group-7219E0FB6851: closes. applyIndex: 0
2019-09-25 12:05:40,148 [dd53ae84-fcc6-4953-b3df-628fab38f53c@group-7219E0FB6851-SegmentedRaftLogWorker] INFO  segmented.SegmentedRaftLogWorker (SegmentedRaftLogWorker.java:run(313)) - dd53ae84-fcc6-4953-b3df-628fab38f53c@group-7219E0FB6851-SegmentedRaftLogWorker was interrupted, exiting. There are 0 tasks remaining in the queue.
2019-09-25 12:05:40,158 [Thread-2772] INFO  impl.RoleInfo (RoleInfo.java:shutdownFollowerState(121)) - efa15652-5c5a-4832-a509-1d419d802ac5: shutdown FollowerState
2019-09-25 12:05:40,159 [main] INFO  impl.RaftServerProxy (RaftServerProxy.java:lambda$close$4(314)) - aa2320bf-b2b0-4764-9bc5-2df8b93b85ea: close
2019-09-25 12:05:40,159 [Thread-2769] INFO  impl.RoleInfo (RoleInfo.java:updateAndGet(143)) - efa15652-5c5a-4832-a509-1d419d802ac5: start LeaderElection
2019-09-25 12:05:40,159 [Thread-2763] INFO  impl.RoleInfo (RoleInfo.java:updateAndGet(143)) - efa15652-5c5a-4832-a509-1d419d802ac5: start LeaderElection
2019-09-25 12:05:40,159 [Thread-2772] INFO  impl.RaftServerImpl (RaftServerImpl.java:setRole(174)) - efa15652-5c5a-4832-a509-1d419d802ac5@group-2FCD5710C3C4: changes role from  FOLLOWER to CANDIDATE at term 0 for changeToCandidate
2019-09-25 12:05:40,159 [Thread-2766] INFO  impl.RoleInfo (RoleInfo.java:shutdownFollowerState(121)) - efa15652-5c5a-4832-a509-1d419d802ac5: shutdown FollowerState
2019-09-25 12:05:40,159 [main] INFO  impl.RaftServerImpl (RaftServerImpl.java:lambda$shutdown$3(251)) - aa2320bf-b2b0-4764-9bc5-2df8b93b85ea@group-327C7E377098: shutdown
2019-09-25 12:05:40,198 [e20b9d38-a0cd-4cc2-b07d-99b310028cde@group-90B47A199028:LeaderElection203] INFO  impl.LeaderElection (LeaderElection.java:askForVotes(182)) - e20b9d38-a0cd-4cc2-b07d-99b310028cde@group-90B47A199028:LeaderElection203: begin an election at term 1 for -1: [e20b9d38-a0cd-4cc2-b07d-99b310028cde:192.168.151.73:45208], old=null
2019-09-25 12:05:40,198 [efa15652-5c5a-4832-a509-1d419d802ac5@group-907A17EBD695:LeaderElection205] INFO  impl.LeaderElection (LeaderElection.java:askForVotes(182)) - efa15652-5c5a-4832-a509-1d419d802ac5@group-907A17EBD695:LeaderElection205: begin an election at term 1 for -1: [efa15652-5c5a-4832-a509-1d419d802ac5:192.168.151.73:43628], old=null
2019-09-25 12:05:40,198 [e20b9d38-a0cd-4cc2-b07d-99b310028cde@group-4CB6A622FE84:LeaderElection206] INFO  impl.LeaderElection (LeaderElection.java:askForVotes(182)) - e20b9d38-a0cd-4cc2-b07d-99b310028cde@group-4CB6A622FE84:LeaderElection206: begin an election at term 1 for -1: [e20b9d38-a0cd-4cc2-b07d-99b310028cde:192.168.151.73:45208], old=null
2019-09-25 12:05:40,198 [efa15652-5c5a-4832-a509-1d419d802ac5@group-67D7A5AE2FEF:LeaderElection204] INFO  impl.LeaderElection (LeaderElection.java:askForVotes(182)) - efa15652-5c5a-4832-a509-1d419d802ac5@group-67D7A5AE2FEF:LeaderElection204: begin an election at term 1 for -1: [efa15652-5c5a-4832-a509-1d419d802ac5:192.168.151.73:43628], old=null
2019-09-25 12:05:40,273 [efa15652-5c5a-4832-a509-1d419d802ac5@group-67D7A5AE2FEF:LeaderElection204] INFO  impl.RoleInfo (RoleInfo.java:shutdownLeaderElection(134)) - efa15652-5c5a-4832-a509-1d419d802ac5: shutdown LeaderElection
2019-09-25 12:05:40,198 [29c22799-2be0-4ff1-960a-e2f5fb4c56d9@group-7EB7F035A074:LeaderElection202] INFO  impl.LeaderElection (LeaderElection.java:askForVotes(182)) - 29c22799-2be0-4ff1-960a-e2f5fb4c56d9@group-7EB7F035A074:LeaderElection202: begin an election at term 1 for -1: [29c22799-2be0-4ff1-960a-e2f5fb4c56d9:192.168.151.73:46053], old=null
2019-09-25 12:05:40,197 [ForkJoinPool.commonPool-worker-0] INFO  segmented.SegmentedRaftLogWorker (SegmentedRaftLogWorker.java:close(228)) - dd53ae84-fcc6-4953-b3df-628fab38f53c@group-7219E0FB6851-SegmentedRaftLogWorker close()
2019-09-25 12:05:40,159 [Thread-2766] INFO  impl.RaftServerImpl (RaftServerImpl.java:setRole(174)) - efa15652-5c5a-4832-a509-1d419d802ac5@group-598E75AD1213: changes role from  FOLLOWER to CANDIDATE at term 0 for changeToCandidate
2019-09-25 12:05:40,279 [e20b9d38-a0cd-4cc2-b07d-99b310028cde@group-B4BD938A9CA1-SegmentedRaftLogWorker] INFO  segmented.SegmentedRaftLogWorker (SegmentedRaftLogWorker.java:execute(569)) - e20b9d38-a0cd-4cc2-b07d-99b310028cde@group-B4BD938A9CA1-SegmentedRaftLogWorker: created new log segment /workdir/hadoop-ozone/integration-test/target/test-dir/MiniOzoneClusterImpl-0814cdd2-95b4-491b-95c0-a7203a111cc5/datanode-5/data/ratis/85ceaf79-d34a-458e-9a5a-b4bd938a9ca1/current/log_inprogress_0
2019-09-25 12:05:40,278 [29c22799-2be0-4ff1-960a-e2f5fb4c56d9@group-7C8C72F54EB9:LeaderElection207] INFO  impl.LeaderElection (LeaderElection.java:askForVotes(182)) - 29c22799-2be0-4ff1-960a-e2f5fb4c56d9@group-7C8C72F54EB9:LeaderElection207: begin an election at term 1 for -1: [29c22799-2be0-4ff1-960a-e2f5fb4c56d9:192.168.151.73:46053], old=null
2019-09-25 12:05:40,279 [29c22799-2be0-4ff1-960a-e2f5fb4c56d9@group-7C8C72F54EB9:LeaderElection207] INFO  impl.RoleInfo (RoleInfo.java:shutdownLeaderElection(134)) - 29c22799-2be0-4ff1-960a-e2f5fb4c56d9: shutdown LeaderElection
2019-09-25 12:05:40,278 [ForkJoinPool.commonPool-worker-0] INFO  impl.RaftServerImpl (RaftServerImpl.java:lambda$shutdown$3(251)) - dd53ae84-fcc6-4953-b3df-628fab38f53c@group-24943789054F: shutdown
2019-09-25 12:05:40,273 [29c22799-2be0-4ff1-960a-e2f5fb4c56d9@group-7EB7F035A074:LeaderElection202] INFO  impl.RoleInfo (RoleInfo.java:shutdownLeaderElection(134)) - 29c22799-2be0-4ff1-960a-e2f5fb4c56d9: shutdown LeaderElection
2019-09-25 12:05:40,280 [29c22799-2be0-4ff1-960a-e2f5fb4c56d9@group-7EB7F035A074:LeaderElection202] INFO  impl.RaftServerImpl (RaftServerImpl.java:setRole(174)) - 29c22799-2be0-4ff1-960a-e2f5fb4c56d9@group-7EB7F035A074: changes role from CANDIDATE to LEADER at term 1 for changeToLeader
2019-09-25 12:05:40,273 [efa15652-5c5a-4832-a509-1d419d802ac5@group-67D7A5AE2FEF:LeaderElection204] INFO  impl.RaftServerImpl (RaftServerImpl.java:setRole(174)) - efa15652-5c5a-4832-a509-1d419d802ac5@group-67D7A5AE2FEF: changes role from CANDIDATE to LEADER at term 1 for changeToLeader
2019-09-25 12:05:40,280 [efa15652-5c5a-4832-a509-1d419d802ac5@group-67D7A5AE2FEF:LeaderElection204] INFO  impl.RaftServerImpl (ServerState.java:setLeader(253)) - efa15652-5c5a-4832-a509-1d419d802ac5@group-67D7A5AE2FEF: change Leader from null to efa15652-5c5a-4832-a509-1d419d802ac5 at term 1 for becomeLeader, leader elected after 5433ms
2019-09-25 12:05:40,273 [e20b9d38-a0cd-4cc2-b07d-99b310028cde@group-4CB6A622FE84:LeaderElection206] INFO  impl.RoleInfo (RoleInfo.java:shutdownLeaderElection(134)) - e20b9d38-a0cd-4cc2-b07d-99b310028cde: shutdown LeaderElection
2019-09-25 12:05:40,273 [efa15652-5c5a-4832-a509-1d419d802ac5@group-907A17EBD695:LeaderElection205] INFO  impl.RoleInfo (RoleInfo.java:shutdownLeaderElection(134)) - efa15652-5c5a-4832-a509-1d419d802ac5: shutdown LeaderElection
2019-09-25 12:05:40,202 [Thread-2772] INFO  impl.RoleInfo (RoleInfo.java:updateAndGet(143)) - efa15652-5c5a-4832-a509-1d419d802ac5: start LeaderElection
2019-09-25 12:05:40,198 [e20b9d38-a0cd-4cc2-b07d-99b310028cde@group-90B47A199028:LeaderElection203] INFO  impl.RoleInfo (RoleInfo.java:shutdownLeaderElection(134)) - e20b9d38-a0cd-4cc2-b07d-99b310028cde: shutdown LeaderElection
2019-09-25 12:05:40,198 [main] INFO  util.JmxRegister (JmxRegister.java:unregister(73)) - Successfully un-registered JMX Bean with object name Ratis:service=RaftServer,group=group-327C7E377098,id=aa2320bf-b2b0-4764-9bc5-2df8b93b85ea
2019-09-25 12:05:40,281 [e20b9d38-a0cd-4cc2-b07d-99b310028cde@group-90B47A199028:LeaderElection203] INFO  impl.RaftServerImpl (RaftServerImpl.java:setRole(174)) - e20b9d38-a0cd-4cc2-b07d-99b310028cde@group-90B47A199028: changes role from CANDIDATE to LEADER at term 1 for changeToLeader
2019-09-25 12:05:40,282 [e20b9d38-a0cd-4cc2-b07d-99b310028cde@group-90B47A199028:LeaderElection203] INFO  impl.RaftServerImpl (ServerState.java:setLeader(253)) - e20b9d38-a0cd-4cc2-b07d-99b310028cde@group-90B47A199028: change Leader from null to e20b9d38-a0cd-4cc2-b07d-99b310028cde at term 1 for becomeLeader, leader elected after 5678ms
2019-09-25 12:05:40,281 [efa15652-5c5a-4832-a509-1d419d802ac5@group-907A17EBD695:LeaderElection205] INFO  impl.RaftServerImpl (RaftServerImpl.java:setRole(174)) - efa15652-5c5a-4832-a509-1d419d802ac5@group-907A17EBD695: changes role from CANDIDATE to LEADER at term 1 for changeToLeader
2019-09-25 12:05:40,282 [efa15652-5c5a-4832-a509-1d419d802ac5@group-907A17EBD695:LeaderElection205] INFO  impl.RaftServerImpl (ServerState.java:setLeader(253)) - efa15652-5c5a-4832-a509-1d419d802ac5@group-907A17EBD695: change Leader from null to efa15652-5c5a-4832-a509-1d419d802ac5 at term 1 for becomeLeader, leader elected after 5395ms
2019-09-25 12:05:40,280 [e20b9d38-a0cd-4cc2-b07d-99b310028cde@group-4CB6A622FE84:LeaderElection206] INFO  impl.RaftServerImpl (RaftServerImpl.java:setRole(174)) - e20b9d38-a0cd-4cc2-b07d-99b310028cde@group-4CB6A622FE84: changes role from CANDIDATE to LEADER at term 1 for changeToLeader
2019-09-25 12:05:40,280 [efa15652-5c5a-4832-a509-1d419d802ac5@group-67D7A5AE2FEF:LeaderElection204] INFO  server.RaftServerConfigKeys (ConfUtils.java:logGet(43)) - raft.server.staging.catchup.gap = 1000 (default)
2019-09-25 12:05:40,280 [29c22799-2be0-4ff1-960a-e2f5fb4c56d9@group-7EB7F035A074:LeaderElection202] INFO  impl.RaftServerImpl (ServerState.java:setLeader(253)) - 29c22799-2be0-4ff1-960a-e2f5fb4c56d9@group-7EB7F035A074: change Leader from null to 29c22799-2be0-4ff1-960a-e2f5fb4c56d9 at term 1 for becomeLeader, leader elected after 5590ms
2019-09-25 12:05:40,280 [ForkJoinPool.commonPool-worker-0] INFO  util.JmxRegister (JmxRegister.java:unregister(73)) - Successfully un-registered JMX Bean with object name Ratis:service=RaftServer,group=group-24943789054F,id=dd53ae84-fcc6-4953-b3df-628fab38f53c
2019-09-25 12:05:40,283 [ForkJoinPool.commonPool-worker-0] INFO  impl.RoleInfo (RoleInfo.java:shutdownLeaderState(104)) - dd53ae84-fcc6-4953-b3df-628fab38f53c: shutdown LeaderState
2019-09-25 12:05:40,279 [29c22799-2be0-4ff1-960a-e2f5fb4c56d9@group-7C8C72F54EB9:LeaderElection207] INFO  impl.RaftServerImpl (RaftServerImpl.java:setRole(174)) - 29c22799-2be0-4ff1-960a-e2f5fb4c56d9@group-7C8C72F54EB9: changes role from CANDIDATE to LEADER at term 1 for changeToLeader
2019-09-25 12:05:40,283 [29c22799-2be0-4ff1-960a-e2f5fb4c56d9@group-7C8C72F54EB9:LeaderElection207] INFO  impl.RaftServerImpl (ServerState.java:setLeader(253)) - 29c22799-2be0-4ff1-960a-e2f5fb4c56d9@group-7C8C72F54EB9: change Leader from null to 29c22799-2be0-4ff1-960a-e2f5fb4c56d9 at term 1 for becomeLeader, leader elected after 5546ms
2019-09-25 12:05:40,279 [Thread-2766] INFO  impl.RoleInfo (RoleInfo.java:updateAndGet(143)) - efa15652-5c5a-4832-a509-1d419d802ac5: start LeaderElection
2019-09-25 12:05:40,279 [e20b9d38-a0cd-4cc2-b07d-99b310028cde@group-C9CED72A4D86-SegmentedRaftLogWorker] INFO  segmented.SegmentedRaftLogWorker (SegmentedRaftLogWorker.java:execute(569)) - e20b9d38-a0cd-4cc2-b07d-99b310028cde@group-C9CED72A4D86-SegmentedRaftLogWorker: created new log segment /workdir/hadoop-ozone/integration-test/target/test-dir/MiniOzoneClusterImpl-0814cdd2-95b4-491b-95c0-a7203a111cc5/datanode-5/data/ratis/6bcc149d-067b-4bb9-bec7-c9ced72a4d86/current/log_inprogress_0
2019-09-25 12:05:40,283 [29c22799-2be0-4ff1-960a-e2f5fb4c56d9@group-7C8C72F54EB9:LeaderElection207] INFO  server.RaftServerConfigKeys (ConfUtils.java:logGet(43)) - raft.server.staging.catchup.gap = 1000 (default)
2019-09-25 12:05:40,283 [ForkJoinPool.commonPool-worker-0] INFO  impl.PendingRequests (PendingRequests.java:sendNotLeaderResponses(202)) - dd53ae84-fcc6-4953-b3df-628fab38f53c-PendingRequests: sendNotLeaderResponses
2019-09-25 12:05:40,283 [29c22799-2be0-4ff1-960a-e2f5fb4c56d9@group-7EB7F035A074:LeaderElection202] INFO  server.RaftServerConfigKeys (ConfUtils.java:logGet(43)) - raft.server.staging.catchup.gap = 1000 (default)
2019-09-25 12:05:40,282 [efa15652-5c5a-4832-a509-1d419d802ac5@group-67D7A5AE2FEF:LeaderElection204] INFO  server.RaftServerConfigKeys (ConfUtils.java:logGet(43)) - raft.server.rpc.sleep.time = 25ms (default)
2019-09-25 12:05:40,282 [e20b9d38-a0cd-4cc2-b07d-99b310028cde@group-4CB6A622FE84:LeaderElection206] INFO  impl.RaftServerImpl (ServerState.java:setLeader(253)) - e20b9d38-a0cd-4cc2-b07d-99b310028cde@group-4CB6A622FE84: change Leader from null to e20b9d38-a0cd-4cc2-b07d-99b310028cde at term 1 for becomeLeader, leader elected after 5755ms
2019-09-25 12:05:40,282 [efa15652-5c5a-4832-a509-1d419d802ac5@group-907A17EBD695:LeaderElection205] INFO  server.RaftServerConfigKeys (ConfUtils.java:logGet(43)) - raft.server.staging.catchup.gap = 1000 (default)
2019-09-25 12:05:40,285 [efa15652-5c5a-4832-a509-1d419d802ac5@group-907A17EBD695:LeaderElection205] INFO  server.RaftServerConfigKeys (ConfUtils.java:logGet(43)) - raft.server.rpc.sleep.time = 25ms (default)
2019-09-25 12:05:40,282 [e20b9d38-a0cd-4cc2-b07d-99b310028cde@group-90B47A199028:LeaderElection203] INFO  server.RaftServerConfigKeys (ConfUtils.java:logGet(43)) - raft.server.staging.catchup.gap = 1000 (default)
2019-09-25 12:05:40,282 [main] INFO  impl.RoleInfo (RoleInfo.java:shutdownLeaderState(104)) - aa2320bf-b2b0-4764-9bc5-2df8b93b85ea: shutdown LeaderState
2019-09-25 12:05:40,285 [e20b9d38-a0cd-4cc2-b07d-99b310028cde@group-90B47A199028:LeaderElection203] INFO  server.RaftServerConfigKeys (ConfUtils.java:logGet(43)) - raft.server.rpc.sleep.time = 25ms (default)
2019-09-25 12:05:40,285 [efa15652-5c5a-4832-a509-1d419d802ac5@group-907A17EBD695:LeaderElection205] INFO  server.RaftServerConfigKeys (ConfUtils.java:logGet(43)) - raft.server.write.element-limit = 4096 (default)
2019-09-25 12:05:40,285 [e20b9d38-a0cd-4cc2-b07d-99b310028cde@group-4CB6A622FE84:LeaderElection206] INFO  server.RaftServerConfigKeys (ConfUtils.java:logGet(43)) - raft.server.staging.catchup.gap = 1000 (default)
2019-09-25 12:05:40,286 [efa15652-5c5a-4832-a509-1d419d802ac5@group-A06825C1DCF1:LeaderElection211] INFO  impl.LeaderElection (LeaderElection.java:askForVotes(182)) - efa15652-5c5a-4832-a509-1d419d802ac5@group-A06825C1DCF1:LeaderElection211: begin an election at term 1 for -1: [efa15652-5c5a-4832-a509-1d419d802ac5:192.168.151.73:43628], old=null
2019-09-25 12:05:40,285 [efa15652-5c5a-4832-a509-1d419d802ac5@group-67D7A5AE2FEF:LeaderElection204] INFO  server.RaftServerConfigKeys (ConfUtils.java:logGet(43)) - raft.server.write.element-limit = 4096 (default)
2019-09-25 12:05:40,286 [efa15652-5c5a-4832-a509-1d419d802ac5@group-67D7A5AE2FEF:LeaderElection204] INFO  server.RaftServerConfigKeys (ConfUtils.java:logGet(43)) - raft.server.watch.timeout = 10s (default)
2019-09-25 12:05:40,284 [29c22799-2be0-4ff1-960a-e2f5fb4c56d9@group-7EB7F035A074:LeaderElection202] INFO  server.RaftServerConfigKeys (ConfUtils.java:logGet(43)) - raft.server.rpc.sleep.time = 25ms (default)
2019-09-25 12:05:40,284 [ForkJoinPool.commonPool-worker-0] INFO  impl.StateMachineUpdater (StateMachineUpdater.java:stopAndJoin(125)) - dd53ae84-fcc6-4953-b3df-628fab38f53c@group-24943789054F-StateMachineUpdater: set stopIndex = 0
2019-09-25 12:05:40,284 [29c22799-2be0-4ff1-960a-e2f5fb4c56d9@group-7C8C72F54EB9:LeaderElection207] INFO  server.RaftServerConfigKeys (ConfUtils.java:logGet(43)) - raft.server.rpc.sleep.time = 25ms (default)
2019-09-25 12:05:40,287 [ForkJoinPool.commonPool-worker-0] INFO  impl.RaftServerImpl (ServerState.java:close(385)) - dd53ae84-fcc6-4953-b3df-628fab38f53c@group-24943789054F: closes. applyIndex: 0
2019-09-25 12:05:40,287 [29c22799-2be0-4ff1-960a-e2f5fb4c56d9@group-7EB7F035A074:LeaderElection202] INFO  server.RaftServerConfigKeys (ConfUtils.java:logGet(43)) - raft.server.write.element-limit = 4096 (default)
2019-09-25 12:05:40,288 [29c22799-2be0-4ff1-960a-e2f5fb4c56d9@group-7EB7F035A074:LeaderElection202] INFO  server.RaftServerConfigKeys (ConfUtils.java:logGet(43)) - raft.server.watch.timeout = 10s (default)
2019-09-25 12:05:40,286 [efa15652-5c5a-4832-a509-1d419d802ac5@group-67D7A5AE2FEF:LeaderElection204] INFO  server.RaftServerConfigKeys (ConfUtils.java:logGet(43)) - raft.server.watch.timeout.denomination = 1s (default)
2019-09-25 12:05:40,286 [efa15652-5c5a-4832-a509-1d419d802ac5@group-A06825C1DCF1:LeaderElection211] INFO  impl.RoleInfo (RoleInfo.java:shutdownLeaderElection(134)) - efa15652-5c5a-4832-a509-1d419d802ac5: shutdown LeaderElection
2019-09-25 12:05:40,286 [e20b9d38-a0cd-4cc2-b07d-99b310028cde@group-4CB6A622FE84:LeaderElection206] INFO  server.RaftServerConfigKeys (ConfUtils.java:logGet(43)) - raft.server.rpc.sleep.time = 25ms (default)
2019-09-25 12:05:40,286 [efa15652-5c5a-4832-a509-1d419d802ac5@group-C5C18B249B7A:LeaderElection210] INFO  impl.LeaderElection (LeaderElection.java:askForVotes(182)) - efa15652-5c5a-4832-a509-1d419d802ac5@group-C5C18B249B7A:LeaderElection210: begin an election at term 1 for -1: [efa15652-5c5a-4832-a509-1d419d802ac5:192.168.151.73:43628], old=null
2019-09-25 12:05:40,288 [efa15652-5c5a-4832-a509-1d419d802ac5@group-C5C18B249B7A:LeaderElection210] INFO  impl.RoleInfo (RoleInfo.java:shutdownLeaderElection(134)) - efa15652-5c5a-4832-a509-1d419d802ac5: shutdown LeaderElection
2019-09-25 12:05:40,286 [e20b9d38-a0cd-4cc2-b07d-99b310028cde@group-E91693ACC2EB:LeaderElection208] INFO  impl.LeaderElection (LeaderElection.java:askForVotes(182)) - e20b9d38-a0cd-4cc2-b07d-99b310028cde@group-E91693ACC2EB:LeaderElection208: begin an election at term 1 for -1: [e20b9d38-a0cd-4cc2-b07d-99b310028cde:192.168.151.73:45208], old=null
2019-09-25 12:05:40,289 [e20b9d38-a0cd-4cc2-b07d-99b310028cde@group-E91693ACC2EB:LeaderElection208] INFO  impl.RoleInfo (RoleInfo.java:shutdownLeaderElection(134)) - e20b9d38-a0cd-4cc2-b07d-99b310028cde: shutdown LeaderElection
2019-09-25 12:05:40,286 [efa15652-5c5a-4832-a509-1d419d802ac5@group-2FCD5710C3C4:LeaderElection212] INFO  impl.LeaderElection (LeaderElection.java:askForVotes(182)) - efa15652-5c5a-4832-a509-1d419d802ac5@group-2FCD5710C3C4:LeaderElection212: begin an election at term 1 for -1: [efa15652-5c5a-4832-a509-1d419d802ac5:192.168.151.73:43628], old=null
2019-09-25 12:05:40,286 [aa2320bf-b2b0-4764-9bc5-2df8b93b85ea@group-C0F71AA56592:LeaderElection209] INFO  impl.LeaderElection (LeaderElection.java:askForVotes(182)) - aa2320bf-b2b0-4764-9bc5-2df8b93b85ea@group-C0F71AA56592:LeaderElection209: begin an election at term 1 for -1: [aa2320bf-b2b0-4764-9bc5-2df8b93b85ea:192.168.151.73:39809], old=null
2019-09-25 12:05:40,289 [aa2320bf-b2b0-4764-9bc5-2df8b93b85ea@group-C0F71AA56592:LeaderElection209] INFO  impl.RoleInfo (RoleInfo.java:shutdownLeaderElection(134)) - aa2320bf-b2b0-4764-9bc5-2df8b93b85ea: shutdown LeaderElection
2019-09-25 12:05:40,286 [efa15652-5c5a-4832-a509-1d419d802ac5@group-907A17EBD695:LeaderElection205] INFO  server.RaftServerConfigKeys (ConfUtils.java:logGet(43)) - raft.server.watch.timeout = 10s (default)
2019-09-25 12:05:40,289 [efa15652-5c5a-4832-a509-1d419d802ac5@group-907A17EBD695:LeaderElection205] INFO  server.RaftServerConfigKeys (ConfUtils.java:logGet(43)) - raft.server.watch.timeout.denomination = 1s (default)
2019-09-25 12:05:40,286 [e20b9d38-a0cd-4cc2-b07d-99b310028cde@group-90B47A199028:LeaderElection203] INFO  server.RaftServerConfigKeys (ConfUtils.java:logGet(43)) - raft.server.write.element-limit = 4096 (default)
2019-09-25 12:05:40,286 [main] INFO  impl.PendingRequests (PendingRequests.java:sendNotLeaderResponses(202)) - aa2320bf-b2b0-4764-9bc5-2df8b93b85ea-PendingRequests: sendNotLeaderResponses
2019-09-25 12:05:40,290 [e20b9d38-a0cd-4cc2-b07d-99b310028cde@group-90B47A199028:LeaderElection203] INFO  server.RaftServerConfigKeys (ConfUtils.java:logGet(43)) - raft.server.watch.timeout = 10s (default)
2019-09-25 12:05:40,290 [e20b9d38-a0cd-4cc2-b07d-99b310028cde@group-90B47A199028:LeaderElection203] INFO  server.RaftServerConfigKeys (ConfUtils.java:logGet(43)) - raft.server.watch.timeout.denomination = 1s (default)
2019-09-25 12:05:40,289 [efa15652-5c5a-4832-a509-1d419d802ac5@group-907A17EBD695:LeaderElection205] INFO  server.RaftServerConfigKeys (ConfUtils.java:logGet(43)) - raft.server.watch.element-limit = 65536 (default)
2019-09-25 12:05:40,289 [aa2320bf-b2b0-4764-9bc5-2df8b93b85ea@group-C0F71AA56592:LeaderElection209] INFO  impl.RaftServerImpl (RaftServerImpl.java:setRole(174)) - aa2320bf-b2b0-4764-9bc5-2df8b93b85ea@group-C0F71AA56592: changes role from CANDIDATE to LEADER at term 1 for changeToLeader
2019-09-25 12:05:40,291 [aa2320bf-b2b0-4764-9bc5-2df8b93b85ea@group-C0F71AA56592:LeaderElection209] INFO  impl.RaftServerImpl (ServerState.java:setLeader(253)) - aa2320bf-b2b0-4764-9bc5-2df8b93b85ea@group-C0F71AA56592: change Leader from null to aa2320bf-b2b0-4764-9bc5-2df8b93b85ea at term 1 for becomeLeader, leader elected after 5488ms
2019-09-25 12:05:40,289 [efa15652-5c5a-4832-a509-1d419d802ac5@group-2FCD5710C3C4:LeaderElection212] INFO  impl.RoleInfo (RoleInfo.java:shutdownLeaderElection(134)) - efa15652-5c5a-4832-a509-1d419d802ac5: shutdown LeaderElection
2019-09-25 12:05:40,289 [e20b9d38-a0cd-4cc2-b07d-99b310028cde@group-E91693ACC2EB:LeaderElection208] INFO  impl.RaftServerImpl (RaftServerImpl.java:setRole(174)) - e20b9d38-a0cd-4cc2-b07d-99b310028cde@group-E91693ACC2EB: changes role from CANDIDATE to LEADER at term 1 for changeToLeader
2019-09-25 12:05:40,291 [e20b9d38-a0cd-4cc2-b07d-99b310028cde@group-E91693ACC2EB:LeaderElection208] INFO  impl.RaftServerImpl (ServerState.java:setLeader(253)) - e20b9d38-a0cd-4cc2-b07d-99b310028cde@group-E91693ACC2EB: change Leader from null to e20b9d38-a0cd-4cc2-b07d-99b310028cde at term 1 for becomeLeader, leader elected after 5653ms
2019-09-25 12:05:40,288 [efa15652-5c5a-4832-a509-1d419d802ac5@group-C5C18B249B7A:LeaderElection210] INFO  impl.RaftServerImpl (RaftServerImpl.java:setRole(174)) - efa15652-5c5a-4832-a509-1d419d802ac5@group-C5C18B249B7A: changes role from CANDIDATE to LEADER at term 1 for changeToLeader
2019-09-25 12:05:40,291 [efa15652-5c5a-4832-a509-1d419d802ac5@group-C5C18B249B7A:LeaderElection210] INFO  impl.RaftServerImpl (ServerState.java:setLeader(253)) - efa15652-5c5a-4832-a509-1d419d802ac5@group-C5C18B249B7A: change Leader from null to efa15652-5c5a-4832-a509-1d419d802ac5 at term 1 for becomeLeader, leader elected after 5360ms
2019-09-25 12:05:40,288 [e20b9d38-a0cd-4cc2-b07d-99b310028cde@group-4CB6A622FE84:LeaderElection206] INFO  server.RaftServerConfigKeys (ConfUtils.java:logGet(43)) - raft.server.write.element-limit = 4096 (default)
2019-09-25 12:05:40,288 [efa15652-5c5a-4832-a509-1d419d802ac5@group-A06825C1DCF1:LeaderElection211] INFO  impl.RaftServerImpl (RaftServerImpl.java:setRole(174)) - efa15652-5c5a-4832-a509-1d419d802ac5@group-A06825C1DCF1: changes role from CANDIDATE to LEADER at term 1 for changeToLeader
2019-09-25 12:05:40,292 [efa15652-5c5a-4832-a509-1d419d802ac5@group-A06825C1DCF1:LeaderElection211] INFO  impl.RaftServerImpl (ServerState.java:setLeader(253)) - efa15652-5c5a-4832-a509-1d419d802ac5@group-A06825C1DCF1: change Leader from null to efa15652-5c5a-4832-a509-1d419d802ac5 at term 1 for becomeLeader, leader elected after 5275ms
2019-09-25 12:05:40,288 [efa15652-5c5a-4832-a509-1d419d802ac5@group-67D7A5AE2FEF:LeaderElection204] INFO  server.RaftServerConfigKeys (ConfUtils.java:logGet(43)) - raft.server.watch.element-limit = 65536 (default)
2019-09-25 12:05:40,288 [29c22799-2be0-4ff1-960a-e2f5fb4c56d9@group-7EB7F035A074:LeaderElection202] INFO  server.RaftServerConfigKeys (ConfUtils.java:logGet(43)) - raft.server.watch.timeout.denomination = 1s (default)
2019-09-25 12:05:40,292 [29c22799-2be0-4ff1-960a-e2f5fb4c56d9@group-7EB7F035A074:LeaderElection202] INFO  server.RaftServerConfigKeys (ConfUtils.java:logGet(43)) - raft.server.watch.element-limit = 65536 (default)
2019-09-25 12:05:40,287 [dd53ae84-fcc6-4953-b3df-628fab38f53c@group-24943789054F-SegmentedRaftLogWorker] INFO  segmented.SegmentedRaftLogWorker (SegmentedRaftLogWorker.java:run(313)) - dd53ae84-fcc6-4953-b3df-628fab38f53c@group-24943789054F-SegmentedRaftLogWorker was interrupted, exiting. There are 0 tasks remaining in the queue.
2019-09-25 12:05:40,287 [29c22799-2be0-4ff1-960a-e2f5fb4c56d9@group-7C8C72F54EB9:LeaderElection207] INFO  server.RaftServerConfigKeys (ConfUtils.java:logGet(43)) - raft.server.write.element-limit = 4096 (default)
2019-09-25 12:05:40,292 [efa15652-5c5a-4832-a509-1d419d802ac5@group-907A17EBD695:LeaderElection205] INFO  impl.RoleInfo (RoleInfo.java:updateAndGet(143)) - efa15652-5c5a-4832-a509-1d419d802ac5: start LeaderState
2019-09-25 12:05:40,292 [efa15652-5c5a-4832-a509-1d419d802ac5@group-A06825C1DCF1:LeaderElection211] INFO  server.RaftServerConfigKeys (ConfUtils.java:logGet(43)) - raft.server.staging.catchup.gap = 1000 (default)
2019-09-25 12:05:40,296 [efa15652-5c5a-4832-a509-1d419d802ac5@group-907A17EBD695:LeaderElection205] INFO  segmented.SegmentedRaftLogWorker (SegmentedRaftLogWorker.java:startLogSegment(380)) - efa15652-5c5a-4832-a509-1d419d802ac5@group-907A17EBD695-SegmentedRaftLogWorker: Starting segment from index:0
2019-09-25 12:05:40,291 [e20b9d38-a0cd-4cc2-b07d-99b310028cde@group-4CB6A622FE84:LeaderElection206] INFO  server.RaftServerConfigKeys (ConfUtils.java:logGet(43)) - raft.server.watch.timeout = 10s (default)
2019-09-25 12:05:40,297 [e20b9d38-a0cd-4cc2-b07d-99b310028cde@group-4CB6A622FE84:LeaderElection206] INFO  server.RaftServerConfigKeys (ConfUtils.java:logGet(43)) - raft.server.watch.timeout.denomination = 1s (default)
2019-09-25 12:05:40,291 [efa15652-5c5a-4832-a509-1d419d802ac5@group-C5C18B249B7A:LeaderElection210] INFO  server.RaftServerConfigKeys (ConfUtils.java:logGet(43)) - raft.server.staging.catchup.gap = 1000 (default)
2019-09-25 12:05:40,291 [e20b9d38-a0cd-4cc2-b07d-99b310028cde@group-E91693ACC2EB:LeaderElection208] INFO  server.RaftServerConfigKeys (ConfUtils.java:logGet(43)) - raft.server.staging.catchup.gap = 1000 (default)
2019-09-25 12:05:40,291 [efa15652-5c5a-4832-a509-1d419d802ac5@group-2FCD5710C3C4:LeaderElection212] INFO  impl.RaftServerImpl (RaftServerImpl.java:setRole(174)) - efa15652-5c5a-4832-a509-1d419d802ac5@group-2FCD5710C3C4: changes role from CANDIDATE to LEADER at term 1 for changeToLeader
2019-09-25 12:05:40,297 [efa15652-5c5a-4832-a509-1d419d802ac5@group-2FCD5710C3C4:LeaderElection212] INFO  impl.RaftServerImpl (ServerState.java:setLeader(253)) - efa15652-5c5a-4832-a509-1d419d802ac5@group-2FCD5710C3C4: change Leader from null to efa15652-5c5a-4832-a509-1d419d802ac5 at term 1 for becomeLeader, leader elected after 5242ms
2019-09-25 12:05:40,291 [aa2320bf-b2b0-4764-9bc5-2df8b93b85ea@group-C0F71AA56592:LeaderElection209] INFO  server.RaftServerConfigKeys (ConfUtils.java:logGet(43)) - raft.server.staging.catchup.gap = 1000 (default)
2019-09-25 12:05:40,290 [e20b9d38-a0cd-4cc2-b07d-99b310028cde@group-90B47A199028:LeaderElection203] INFO  server.RaftServerConfigKeys (ConfUtils.java:logGet(43)) - raft.server.watch.element-limit = 65536 (default)
2019-09-25 12:05:40,290 [main] INFO  impl.StateMachineUpdater (StateMachineUpdater.java:stopAndJoin(125)) - aa2320bf-b2b0-4764-9bc5-2df8b93b85ea@group-327C7E377098-StateMachineUpdater: set stopIndex = 0
2019-09-25 12:05:40,298 [efa15652-5c5a-4832-a509-1d419d802ac5@group-67D7A5AE2FEF:LeaderElection204] INFO  impl.RoleInfo (RoleInfo.java:updateAndGet(143)) - efa15652-5c5a-4832-a509-1d419d802ac5: start LeaderState
2019-09-25 12:05:40,297 [aa2320bf-b2b0-4764-9bc5-2df8b93b85ea@group-C0F71AA56592:LeaderElection209] INFO  server.RaftServerConfigKeys (ConfUtils.java:logGet(43)) - raft.server.rpc.sleep.time = 25ms (default)
2019-09-25 12:05:40,297 [efa15652-5c5a-4832-a509-1d419d802ac5@group-2FCD5710C3C4:LeaderElection212] INFO  server.RaftServerConfigKeys (ConfUtils.java:logGet(43)) - raft.server.staging.catchup.gap = 1000 (default)
2019-09-25 12:05:40,297 [e20b9d38-a0cd-4cc2-b07d-99b310028cde@group-E91693ACC2EB:LeaderElection208] INFO  server.RaftServerConfigKeys (ConfUtils.java:logGet(43)) - raft.server.rpc.sleep.time = 25ms (default)
2019-09-25 12:05:40,297 [efa15652-5c5a-4832-a509-1d419d802ac5@group-C5C18B249B7A:LeaderElection210] INFO  server.RaftServerConfigKeys (ConfUtils.java:logGet(43)) - raft.server.rpc.sleep.time = 25ms (default)
2019-09-25 12:05:40,297 [efa15652-5c5a-4832-a509-1d419d802ac5@group-907A17EBD695:LeaderElection205] INFO  impl.RaftServerImpl (ServerState.java:setRaftConf(354)) - efa15652-5c5a-4832-a509-1d419d802ac5@group-907A17EBD695: set configuration 0: [efa15652-5c5a-4832-a509-1d419d802ac5:192.168.151.73:43628], old=null at 0
2019-09-25 12:05:40,297 [e20b9d38-a0cd-4cc2-b07d-99b310028cde@group-4CB6A622FE84:LeaderElection206] INFO  server.RaftServerConfigKeys (ConfUtils.java:logGet(43)) - raft.server.watch.element-limit = 65536 (default)
2019-09-25 12:05:40,296 [efa15652-5c5a-4832-a509-1d419d802ac5@group-A06825C1DCF1:LeaderElection211] INFO  server.RaftServerConfigKeys (ConfUtils.java:logGet(43)) - raft.server.rpc.sleep.time = 25ms (default)
2019-09-25 12:05:40,296 [29c22799-2be0-4ff1-960a-e2f5fb4c56d9@group-7C8C72F54EB9:LeaderElection207] INFO  server.RaftServerConfigKeys (ConfUtils.java:logGet(43)) - raft.server.watch.timeout = 10s (default)
2019-09-25 12:05:40,299 [efa15652-5c5a-4832-a509-1d419d802ac5@group-A06825C1DCF1:LeaderElection211] INFO  server.RaftServerConfigKeys (ConfUtils.java:logGet(43)) - raft.server.write.element-limit = 4096 (default)
2019-09-25 12:05:40,299 [e20b9d38-a0cd-4cc2-b07d-99b310028cde@group-90B47A199028:LeaderElection203] INFO  impl.RoleInfo (RoleInfo.java:updateAndGet(143)) - e20b9d38-a0cd-4cc2-b07d-99b310028cde: start LeaderState
2019-09-25 12:05:40,299 [ForkJoinPool.commonPool-worker-0] INFO  segmented.SegmentedRaftLogWorker (SegmentedRaftLogWorker.java:close(228)) - dd53ae84-fcc6-4953-b3df-628fab38f53c@group-24943789054F-SegmentedRaftLogWorker close()
2019-09-25 12:05:40,299 [efa15652-5c5a-4832-a509-1d419d802ac5@group-C5C18B249B7A:LeaderElection210] INFO  server.RaftServerConfigKeys (ConfUtils.java:logGet(43)) - raft.server.write.element-limit = 4096 (default)
2019-09-25 12:05:40,342 [efa15652-5c5a-4832-a509-1d419d802ac5@group-C5C18B249B7A:LeaderElection210] INFO  server.RaftServerConfigKeys (ConfUtils.java:logGet(43)) - raft.server.watch.timeout = 10s (default)
2019-09-25 12:05:40,299 [e20b9d38-a0cd-4cc2-b07d-99b310028cde@group-E91693ACC2EB:LeaderElection208] INFO  server.RaftServerConfigKeys (ConfUtils.java:logGet(43)) - raft.server.write.element-limit = 4096 (default)
2019-09-25 12:05:40,299 [efa15652-5c5a-4832-a509-1d419d802ac5@group-2FCD5710C3C4:LeaderElection212] INFO  server.RaftServerConfigKeys (ConfUtils.java:logGet(43)) - raft.server.rpc.sleep.time = 25ms (default)
2019-09-25 12:05:40,298 [29c22799-2be0-4ff1-960a-e2f5fb4c56d9@group-7EB7F035A074:LeaderElection202] INFO  impl.RoleInfo (RoleInfo.java:updateAndGet(143)) - 29c22799-2be0-4ff1-960a-e2f5fb4c56d9: start LeaderState
2019-09-25 12:05:40,298 [aa2320bf-b2b0-4764-9bc5-2df8b93b85ea@group-C0F71AA56592:LeaderElection209] INFO  server.RaftServerConfigKeys (ConfUtils.java:logGet(43)) - raft.server.write.element-limit = 4096 (default)
2019-09-25 12:05:40,298 [efa15652-5c5a-4832-a509-1d419d802ac5@group-67D7A5AE2FEF:LeaderElection204] INFO  segmented.SegmentedRaftLogWorker (SegmentedRaftLogWorker.java:startLogSegment(380)) - efa15652-5c5a-4832-a509-1d419d802ac5@group-67D7A5AE2FEF-SegmentedRaftLogWorker: Starting segment from index:0
2019-09-25 12:05:40,298 [main] INFO  impl.RaftServerImpl (ServerState.java:close(385)) - aa2320bf-b2b0-4764-9bc5-2df8b93b85ea@group-327C7E377098: closes. applyIndex: 0
2019-09-25 12:05:40,343 [efa15652-5c5a-4832-a509-1d419d802ac5@group-67D7A5AE2FEF:LeaderElection204] INFO  impl.RaftServerImpl (ServerState.java:setRaftConf(354)) - efa15652-5c5a-4832-a509-1d419d802ac5@group-67D7A5AE2FEF: set configuration 0: [efa15652-5c5a-4832-a509-1d419d802ac5:192.168.151.73:43628], old=null at 0
2019-09-25 12:05:40,343 [aa2320bf-b2b0-4764-9bc5-2df8b93b85ea@group-C0F71AA56592:LeaderElection209] INFO  server.RaftServerConfigKeys (ConfUtils.java:logGet(43)) - raft.server.watch.timeout = 10s (default)
2019-09-25 12:05:40,343 [29c22799-2be0-4ff1-960a-e2f5fb4c56d9@group-7EB7F035A074:LeaderElection202] INFO  segmented.SegmentedRaftLogWorker (SegmentedRaftLogWorker.java:startLogSegment(380)) - 29c22799-2be0-4ff1-960a-e2f5fb4c56d9@group-7EB7F035A074-SegmentedRaftLogWorker: Starting segment from index:0
2019-09-25 12:05:40,343 [efa15652-5c5a-4832-a509-1d419d802ac5@group-2FCD5710C3C4:LeaderElection212] INFO  server.RaftServerConfigKeys (ConfUtils.java:logGet(43)) - raft.server.write.element-limit = 4096 (default)
2019-09-25 12:05:40,342 [e20b9d38-a0cd-4cc2-b07d-99b310028cde@group-E91693ACC2EB:LeaderElection208] INFO  server.RaftServerConfigKeys (ConfUtils.java:logGet(43)) - raft.server.watch.timeout = 10s (default)
2019-09-25 12:05:40,342 [e20b9d38-a0cd-4cc2-b07d-99b310028cde@group-4CB6A622FE84:LeaderElection206] INFO  impl.RoleInfo (RoleInfo.java:updateAndGet(143)) - e20b9d38-a0cd-4cc2-b07d-99b310028cde: start LeaderState
2019-09-25 12:05:40,342 [efa15652-5c5a-4832-a509-1d419d802ac5@group-C5C18B249B7A:LeaderElection210] INFO  server.RaftServerConfigKeys (ConfUtils.java:logGet(43)) - raft.server.watch.timeout.denomination = 1s (default)
2019-09-25 12:05:40,341 [ForkJoinPool.commonPool-worker-0] INFO  impl.RaftServerImpl (RaftServerImpl.java:lambda$shutdown$3(251)) - dd53ae84-fcc6-4953-b3df-628fab38f53c@group-34C648F7C651: shutdown
2019-09-25 12:05:40,300 [efa15652-5c5a-4832-a509-1d419d802ac5@group-598E75AD1213:LeaderElection213] INFO  impl.LeaderElection (LeaderElection.java:askForVotes(182)) - efa15652-5c5a-4832-a509-1d419d802ac5@group-598E75AD1213:LeaderElection213: begin an election at term 1 for -1: [efa15652-5c5a-4832-a509-1d419d802ac5:192.168.151.73:43628], old=null
2019-09-25 12:05:40,300 [e20b9d38-a0cd-4cc2-b07d-99b310028cde@group-90B47A199028:LeaderElection203] INFO  segmented.SegmentedRaftLogWorker (SegmentedRaftLogWorker.java:startLogSegment(380)) - e20b9d38-a0cd-4cc2-b07d-99b310028cde@group-90B47A199028-SegmentedRaftLogWorker: Starting segment from index:0
2019-09-25 12:05:40,300 [efa15652-5c5a-4832-a509-1d419d802ac5@group-A06825C1DCF1:LeaderElection211] INFO  server.RaftServerConfigKeys (ConfUtils.java:logGet(43)) - raft.server.watch.timeout = 10s (default)
2019-09-25 12:05:40,346 [efa15652-5c5a-4832-a509-1d419d802ac5@group-A06825C1DCF1:LeaderElection211] INFO  server.RaftServerConfigKeys (ConfUtils.java:logGet(43)) - raft.server.watch.timeout.denomination = 1s (default)
2019-09-25 12:05:40,299 [29c22799-2be0-4ff1-960a-e2f5fb4c56d9@group-7C8C72F54EB9:LeaderElection207] INFO  server.RaftServerConfigKeys (ConfUtils.java:logGet(43)) - raft.server.watch.timeout.denomination = 1s (default)
2019-09-25 12:05:40,346 [efa15652-5c5a-4832-a509-1d419d802ac5@group-A06825C1DCF1:LeaderElection211] INFO  server.RaftServerConfigKeys (ConfUtils.java:logGet(43)) - raft.server.watch.element-limit = 65536 (default)
2019-09-25 12:05:40,345 [efa15652-5c5a-4832-a509-1d419d802ac5@group-598E75AD1213:LeaderElection213] INFO  impl.RoleInfo (RoleInfo.java:shutdownLeaderElection(134)) - efa15652-5c5a-4832-a509-1d419d802ac5: shutdown LeaderElection
2019-09-25 12:05:40,346 [efa15652-5c5a-4832-a509-1d419d802ac5@group-598E75AD1213:LeaderElection213] INFO  impl.RaftServerImpl (RaftServerImpl.java:setRole(174)) - efa15652-5c5a-4832-a509-1d419d802ac5@group-598E75AD1213: changes role from CANDIDATE to LEADER at term 1 for changeToLeader
2019-09-25 12:05:40,345 [ForkJoinPool.commonPool-worker-0] INFO  util.JmxRegister (JmxRegister.java:unregister(73)) - Successfully un-registered JMX Bean with object name Ratis:service=RaftServer,group=group-34C648F7C651,id=dd53ae84-fcc6-4953-b3df-628fab38f53c
2019-09-25 12:05:40,347 [ForkJoinPool.commonPool-worker-0] INFO  impl.RoleInfo (RoleInfo.java:shutdownLeaderState(104)) - dd53ae84-fcc6-4953-b3df-628fab38f53c: shutdown LeaderState
2019-09-25 12:05:40,345 [efa15652-5c5a-4832-a509-1d419d802ac5@group-C5C18B249B7A:LeaderElection210] INFO  server.RaftServerConfigKeys (ConfUtils.java:logGet(43)) - raft.server.watch.element-limit = 65536 (default)
2019-09-25 12:05:40,345 [e20b9d38-a0cd-4cc2-b07d-99b310028cde@group-4CB6A622FE84:LeaderElection206] INFO  segmented.SegmentedRaftLogWorker (SegmentedRaftLogWorker.java:startLogSegment(380)) - e20b9d38-a0cd-4cc2-b07d-99b310028cde@group-4CB6A622FE84-SegmentedRaftLogWorker: Starting segment from index:0
2019-09-25 12:05:40,345 [e20b9d38-a0cd-4cc2-b07d-99b310028cde@group-E91693ACC2EB:LeaderElection208] INFO  server.RaftServerConfigKeys (ConfUtils.java:logGet(43)) - raft.server.watch.timeout.denomination = 1s (default)
2019-09-25 12:05:40,345 [29c22799-2be0-4ff1-960a-e2f5fb4c56d9@group-7EB7F035A074:LeaderElection202] INFO  impl.RaftServerImpl (ServerState.java:setRaftConf(354)) - 29c22799-2be0-4ff1-960a-e2f5fb4c56d9@group-7EB7F035A074: set configuration 0: [29c22799-2be0-4ff1-960a-e2f5fb4c56d9:192.168.151.73:46053], old=null at 0
2019-09-25 12:05:40,344 [efa15652-5c5a-4832-a509-1d419d802ac5@group-2FCD5710C3C4:LeaderElection212] INFO  server.RaftServerConfigKeys (ConfUtils.java:logGet(43)) - raft.server.watch.timeout = 10s (default)
2019-09-25 12:05:40,344 [aa2320bf-b2b0-4764-9bc5-2df8b93b85ea@group-C0F71AA56592:LeaderElection209] INFO  server.RaftServerConfigKeys (ConfUtils.java:logGet(43)) - raft.server.watch.timeout.denomination = 1s (default)
2019-09-25 12:05:40,344 [aa2320bf-b2b0-4764-9bc5-2df8b93b85ea@group-327C7E377098-SegmentedRaftLogWorker] INFO  segmented.SegmentedRaftLogWorker (SegmentedRaftLogWorker.java:run(313)) - aa2320bf-b2b0-4764-9bc5-2df8b93b85ea@group-327C7E377098-SegmentedRaftLogWorker was interrupted, exiting. There are 0 tasks remaining in the queue.
2019-09-25 12:05:40,348 [aa2320bf-b2b0-4764-9bc5-2df8b93b85ea@group-C0F71AA56592:LeaderElection209] INFO  server.RaftServerConfigKeys (ConfUtils.java:logGet(43)) - raft.server.watch.element-limit = 65536 (default)
2019-09-25 12:05:40,348 [e20b9d38-a0cd-4cc2-b07d-99b310028cde@group-4CB6A622FE84:LeaderElection206] INFO  impl.RaftServerImpl (ServerState.java:setRaftConf(354)) - e20b9d38-a0cd-4cc2-b07d-99b310028cde@group-4CB6A622FE84: set configuration 0: [e20b9d38-a0cd-4cc2-b07d-99b310028cde:192.168.151.73:45208], old=null at 0
2019-09-25 12:05:40,348 [efa15652-5c5a-4832-a509-1d419d802ac5@group-2FCD5710C3C4:LeaderElection212] INFO  server.RaftServerConfigKeys (ConfUtils.java:logGet(43)) - raft.server.watch.timeout.denomination = 1s (default)
2019-09-25 12:05:40,348 [e20b9d38-a0cd-4cc2-b07d-99b310028cde@group-E91693ACC2EB:LeaderElection208] INFO  server.RaftServerConfigKeys (ConfUtils.java:logGet(43)) - raft.server.watch.element-limit = 65536 (default)
2019-09-25 12:05:40,347 [ForkJoinPool.commonPool-worker-0] INFO  impl.PendingRequests (PendingRequests.java:sendNotLeaderResponses(202)) - dd53ae84-fcc6-4953-b3df-628fab38f53c-PendingRequests: sendNotLeaderResponses
2019-09-25 12:05:40,346 [efa15652-5c5a-4832-a509-1d419d802ac5@group-598E75AD1213:LeaderElection213] INFO  impl.RaftServerImpl (ServerState.java:setLeader(253)) - efa15652-5c5a-4832-a509-1d419d802ac5@group-598E75AD1213: change Leader from null to efa15652-5c5a-4832-a509-1d419d802ac5 at term 1 for becomeLeader, leader elected after 5367ms
2019-09-25 12:05:40,346 [e20b9d38-a0cd-4cc2-b07d-99b310028cde@group-90B47A199028:LeaderElection203] INFO  impl.RaftServerImpl (ServerState.java:setRaftConf(354)) - e20b9d38-a0cd-4cc2-b07d-99b310028cde@group-90B47A199028: set configuration 0: [e20b9d38-a0cd-4cc2-b07d-99b310028cde:192.168.151.73:45208], old=null at 0
2019-09-25 12:05:40,346 [29c22799-2be0-4ff1-960a-e2f5fb4c56d9@group-7C8C72F54EB9:LeaderElection207] INFO  server.RaftServerConfigKeys (ConfUtils.java:logGet(43)) - raft.server.watch.element-limit = 65536 (default)
2019-09-25 12:05:40,397 [efa15652-5c5a-4832-a509-1d419d802ac5@group-598E75AD1213:LeaderElection213] INFO  server.RaftServerConfigKeys (ConfUtils.java:logGet(43)) - raft.server.staging.catchup.gap = 1000 (default)
2019-09-25 12:05:40,397 [efa15652-5c5a-4832-a509-1d419d802ac5@group-598E75AD1213:LeaderElection213] INFO  server.RaftServerConfigKeys (ConfUtils.java:logGet(43)) - raft.server.rpc.sleep.time = 25ms (default)
2019-09-25 12:05:40,397 [ForkJoinPool.commonPool-worker-0] INFO  impl.StateMachineUpdater (StateMachineUpdater.java:stopAndJoin(125)) - dd53ae84-fcc6-4953-b3df-628fab38f53c@group-34C648F7C651-StateMachineUpdater: set stopIndex = 0
2019-09-25 12:05:40,398 [ForkJoinPool.commonPool-worker-0] INFO  impl.RaftServerImpl (ServerState.java:close(385)) - dd53ae84-fcc6-4953-b3df-628fab38f53c@group-34C648F7C651: closes. applyIndex: 0
2019-09-25 12:05:40,396 [efa15652-5c5a-4832-a509-1d419d802ac5@group-2FCD5710C3C4:LeaderElection212] INFO  server.RaftServerConfigKeys (ConfUtils.java:logGet(43)) - raft.server.watch.element-limit = 65536 (default)
2019-09-25 12:05:40,395 [efa15652-5c5a-4832-a509-1d419d802ac5@group-907A17EBD695-SegmentedRaftLogWorker] INFO  segmented.SegmentedRaftLogWorker (SegmentedRaftLogWorker.java:execute(569)) - efa15652-5c5a-4832-a509-1d419d802ac5@group-907A17EBD695-SegmentedRaftLogWorker: created new log segment /workdir/hadoop-ozone/integration-test/target/test-dir/MiniOzoneClusterImpl-0814cdd2-95b4-491b-95c0-a7203a111cc5/datanode-6/data/ratis/aa8fe271-2adf-43f0-81c7-907a17ebd695/current/log_inprogress_0
2019-09-25 12:05:40,395 [main] INFO  segmented.SegmentedRaftLogWorker (SegmentedRaftLogWorker.java:close(228)) - aa2320bf-b2b0-4764-9bc5-2df8b93b85ea@group-327C7E377098-SegmentedRaftLogWorker close()
2019-09-25 12:05:40,398 [dd53ae84-fcc6-4953-b3df-628fab38f53c@group-34C648F7C651-SegmentedRaftLogWorker] INFO  segmented.SegmentedRaftLogWorker (SegmentedRaftLogWorker.java:run(313)) - dd53ae84-fcc6-4953-b3df-628fab38f53c@group-34C648F7C651-SegmentedRaftLogWorker was interrupted, exiting. There are 0 tasks remaining in the queue.
2019-09-25 12:05:40,398 [efa15652-5c5a-4832-a509-1d419d802ac5@group-598E75AD1213:LeaderElection213] INFO  server.RaftServerConfigKeys (ConfUtils.java:logGet(43)) - raft.server.write.element-limit = 4096 (default)
2019-09-25 12:05:40,405 [main] INFO  impl.RaftServerImpl (RaftServerImpl.java:lambda$shutdown$3(251)) - aa2320bf-b2b0-4764-9bc5-2df8b93b85ea@group-702752648CCA: shutdown
2019-09-25 12:05:40,406 [efa15652-5c5a-4832-a509-1d419d802ac5@group-598E75AD1213:LeaderElection213] INFO  server.RaftServerConfigKeys (ConfUtils.java:logGet(43)) - raft.server.watch.timeout = 10s (default)
2019-09-25 12:05:40,410 [efa15652-5c5a-4832-a509-1d419d802ac5@group-598E75AD1213:LeaderElection213] INFO  server.RaftServerConfigKeys (ConfUtils.java:logGet(43)) - raft.server.watch.timeout.denomination = 1s (default)
2019-09-25 12:05:40,410 [efa15652-5c5a-4832-a509-1d419d802ac5@group-A06825C1DCF1:LeaderElection211] INFO  impl.RoleInfo (RoleInfo.java:updateAndGet(143)) - efa15652-5c5a-4832-a509-1d419d802ac5: start LeaderState
2019-09-25 12:05:40,410 [main] INFO  util.JmxRegister (JmxRegister.java:unregister(73)) - Successfully un-registered JMX Bean with object name Ratis:service=RaftServer,group=group-702752648CCA,id=aa2320bf-b2b0-4764-9bc5-2df8b93b85ea
2019-09-25 12:05:40,410 [efa15652-5c5a-4832-a509-1d419d802ac5@group-598E75AD1213:LeaderElection213] INFO  server.RaftServerConfigKeys (ConfUtils.java:logGet(43)) - raft.server.watch.element-limit = 65536 (default)
2019-09-25 12:05:40,411 [main] INFO  impl.RoleInfo (RoleInfo.java:shutdownLeaderState(104)) - aa2320bf-b2b0-4764-9bc5-2df8b93b85ea: shutdown LeaderState
2019-09-25 12:05:40,411 [efa15652-5c5a-4832-a509-1d419d802ac5@group-A06825C1DCF1:LeaderElection211] INFO  segmented.SegmentedRaftLogWorker (SegmentedRaftLogWorker.java:startLogSegment(380)) - efa15652-5c5a-4832-a509-1d419d802ac5@group-A06825C1DCF1-SegmentedRaftLogWorker: Starting segment from index:0
2019-09-25 12:05:40,411 [main] INFO  impl.PendingRequests (PendingRequests.java:sendNotLeaderResponses(202)) - aa2320bf-b2b0-4764-9bc5-2df8b93b85ea-PendingRequests: sendNotLeaderResponses
2019-09-25 12:05:40,412 [efa15652-5c5a-4832-a509-1d419d802ac5@group-A06825C1DCF1:LeaderElection211] INFO  impl.RaftServerImpl (ServerState.java:setRaftConf(354)) - efa15652-5c5a-4832-a509-1d419d802ac5@group-A06825C1DCF1: set configuration 0: [efa15652-5c5a-4832-a509-1d419d802ac5:192.168.151.73:43628], old=null at 0
2019-09-25 12:05:40,412 [main] INFO  impl.StateMachineUpdater (StateMachineUpdater.java:stopAndJoin(125)) - aa2320bf-b2b0-4764-9bc5-2df8b93b85ea@group-702752648CCA-StateMachineUpdater: set stopIndex = 0
2019-09-25 12:05:40,412 [main] INFO  impl.RaftServerImpl (ServerState.java:close(385)) - aa2320bf-b2b0-4764-9bc5-2df8b93b85ea@group-702752648CCA: closes. applyIndex: 0
2019-09-25 12:05:40,412 [efa15652-5c5a-4832-a509-1d419d802ac5@group-C5C18B249B7A:LeaderElection210] INFO  impl.RoleInfo (RoleInfo.java:updateAndGet(143)) - efa15652-5c5a-4832-a509-1d419d802ac5: start LeaderState
2019-09-25 12:05:40,413 [aa2320bf-b2b0-4764-9bc5-2df8b93b85ea@group-702752648CCA-SegmentedRaftLogWorker] INFO  segmented.SegmentedRaftLogWorker (SegmentedRaftLogWorker.java:run(313)) - aa2320bf-b2b0-4764-9bc5-2df8b93b85ea@group-702752648CCA-SegmentedRaftLogWorker was interrupted, exiting. There are 0 tasks remaining in the queue.
2019-09-25 12:05:40,413 [efa15652-5c5a-4832-a509-1d419d802ac5@group-C5C18B249B7A:LeaderElection210] INFO  segmented.SegmentedRaftLogWorker (SegmentedRaftLogWorker.java:startLogSegment(380)) - efa15652-5c5a-4832-a509-1d419d802ac5@group-C5C18B249B7A-SegmentedRaftLogWorker: Starting segment from index:0
2019-09-25 12:05:40,443 [ForkJoinPool.commonPool-worker-0] INFO  segmented.SegmentedRaftLogWorker (SegmentedRaftLogWorker.java:close(228)) - dd53ae84-fcc6-4953-b3df-628fab38f53c@group-34C648F7C651-SegmentedRaftLogWorker close()
2019-09-25 12:05:40,443 [efa15652-5c5a-4832-a509-1d419d802ac5@group-67D7A5AE2FEF-SegmentedRaftLogWorker] INFO  segmented.SegmentedRaftLogWorker (SegmentedRaftLogWorker.java:execute(569)) - efa15652-5c5a-4832-a509-1d419d802ac5@group-67D7A5AE2FEF-SegmentedRaftLogWorker: created new log segment /workdir/hadoop-ozone/integration-test/target/test-dir/MiniOzoneClusterImpl-0814cdd2-95b4-491b-95c0-a7203a111cc5/datanode-6/data/ratis/1b83f4cf-2ce7-4c35-bddc-67d7a5ae2fef/current/log_inprogress_0
2019-09-25 12:05:40,443 [29c22799-2be0-4ff1-960a-e2f5fb4c56d9@group-7EB7F035A074-SegmentedRaftLogWorker] INFO  segmented.SegmentedRaftLogWorker (SegmentedRaftLogWorker.java:execute(569)) - 29c22799-2be0-4ff1-960a-e2f5fb4c56d9@group-7EB7F035A074-SegmentedRaftLogWorker: created new log segment /workdir/hadoop-ozone/integration-test/target/test-dir/MiniOzoneClusterImpl-0814cdd2-95b4-491b-95c0-a7203a111cc5/datanode-3/data/ratis/5711c404-3f06-43cd-aabe-7eb7f035a074/current/log_inprogress_0
2019-09-25 12:05:40,443 [e20b9d38-a0cd-4cc2-b07d-99b310028cde@group-90B47A199028-SegmentedRaftLogWorker] INFO  segmented.SegmentedRaftLogWorker (SegmentedRaftLogWorker.java:execute(569)) - e20b9d38-a0cd-4cc2-b07d-99b310028cde@group-90B47A199028-SegmentedRaftLogWorker: created new log segment /workdir/hadoop-ozone/integration-test/target/test-dir/MiniOzoneClusterImpl-0814cdd2-95b4-491b-95c0-a7203a111cc5/datanode-5/data/ratis/10095e5f-2a2b-4dcc-93fb-90b47a199028/current/log_inprogress_0
2019-09-25 12:05:40,443 [e20b9d38-a0cd-4cc2-b07d-99b310028cde@group-4CB6A622FE84-SegmentedRaftLogWorker] INFO  segmented.SegmentedRaftLogWorker (SegmentedRaftLogWorker.java:execute(569)) - e20b9d38-a0cd-4cc2-b07d-99b310028cde@group-4CB6A622FE84-SegmentedRaftLogWorker: created new log segment /workdir/hadoop-ozone/integration-test/target/test-dir/MiniOzoneClusterImpl-0814cdd2-95b4-491b-95c0-a7203a111cc5/datanode-5/data/ratis/4f02b282-8ba4-4b4c-b95a-4cb6a622fe84/current/log_inprogress_0
2019-09-25 12:05:40,442 [main] INFO  segmented.SegmentedRaftLogWorker (SegmentedRaftLogWorker.java:close(228)) - aa2320bf-b2b0-4764-9bc5-2df8b93b85ea@group-702752648CCA-SegmentedRaftLogWorker close()
2019-09-25 12:05:40,478 [aa2320bf-b2b0-4764-9bc5-2df8b93b85ea@group-C0F71AA56592:LeaderElection209] INFO  impl.RoleInfo (RoleInfo.java:updateAndGet(143)) - aa2320bf-b2b0-4764-9bc5-2df8b93b85ea: start LeaderState
2019-09-25 12:05:40,477 [efa15652-5c5a-4832-a509-1d419d802ac5@group-A06825C1DCF1-SegmentedRaftLogWorker] INFO  segmented.SegmentedRaftLogWorker (SegmentedRaftLogWorker.java:execute(569)) - efa15652-5c5a-4832-a509-1d419d802ac5@group-A06825C1DCF1-SegmentedRaftLogWorker: created new log segment /workdir/hadoop-ozone/integration-test/target/test-dir/MiniOzoneClusterImpl-0814cdd2-95b4-491b-95c0-a7203a111cc5/datanode-6/data/ratis/9d4fe772-543d-4b68-9236-a06825c1dcf1/current/log_inprogress_0
2019-09-25 12:05:40,486 [aa2320bf-b2b0-4764-9bc5-2df8b93b85ea@group-C0F71AA56592:LeaderElection209] INFO  segmented.SegmentedRaftLogWorker (SegmentedRaftLogWorker.java:startLogSegment(380)) - aa2320bf-b2b0-4764-9bc5-2df8b93b85ea@group-C0F71AA56592-SegmentedRaftLogWorker: Starting segment from index:0
2019-09-25 12:05:40,476 [ForkJoinPool.commonPool-worker-0] INFO  impl.RaftServerImpl (RaftServerImpl.java:lambda$shutdown$3(251)) - dd53ae84-fcc6-4953-b3df-628fab38f53c@group-4575C91DAB15: shutdown
2019-09-25 12:05:40,443 [efa15652-5c5a-4832-a509-1d419d802ac5@group-C5C18B249B7A:LeaderElection210] INFO  impl.RaftServerImpl (ServerState.java:setRaftConf(354)) - efa15652-5c5a-4832-a509-1d419d802ac5@group-C5C18B249B7A: set configuration 0: [efa15652-5c5a-4832-a509-1d419d802ac5:192.168.151.73:43628], old=null at 0
2019-09-25 12:05:40,486 [aa2320bf-b2b0-4764-9bc5-2df8b93b85ea@group-C0F71AA56592:LeaderElection209] INFO  impl.RaftServerImpl (ServerState.java:setRaftConf(354)) - aa2320bf-b2b0-4764-9bc5-2df8b93b85ea@group-C0F71AA56592: set configuration 0: [aa2320bf-b2b0-4764-9bc5-2df8b93b85ea:192.168.151.73:39809], old=null at 0
2019-09-25 12:05:40,486 [efa15652-5c5a-4832-a509-1d419d802ac5@group-C5C18B249B7A-SegmentedRaftLogWorker] INFO  segmented.SegmentedRaftLogWorker (SegmentedRaftLogWorker.java:execute(569)) - efa15652-5c5a-4832-a509-1d419d802ac5@group-C5C18B249B7A-SegmentedRaftLogWorker: created new log segment /workdir/hadoop-ozone/integration-test/target/test-dir/MiniOzoneClusterImpl-0814cdd2-95b4-491b-95c0-a7203a111cc5/datanode-6/data/ratis/a2d95065-9ae4-45b3-8623-c5c18b249b7a/current/log_inprogress_0
2019-09-25 12:05:40,486 [main] INFO  impl.RaftServerImpl (RaftServerImpl.java:lambda$shutdown$3(251)) - aa2320bf-b2b0-4764-9bc5-2df8b93b85ea@group-C0F71AA56592: shutdown
2019-09-25 12:05:40,487 [ForkJoinPool.commonPool-worker-0] INFO  util.JmxRegister (JmxRegister.java:unregister(73)) - Successfully un-registered JMX Bean with object name Ratis:service=RaftServer,group=group-4575C91DAB15,id=dd53ae84-fcc6-4953-b3df-628fab38f53c
2019-09-25 12:05:40,488 [main] INFO  util.JmxRegister (JmxRegister.java:unregister(73)) - Successfully un-registered JMX Bean with object name Ratis:service=RaftServer,group=group-C0F71AA56592,id=aa2320bf-b2b0-4764-9bc5-2df8b93b85ea
2019-09-25 12:05:40,488 [e20b9d38-a0cd-4cc2-b07d-99b310028cde@group-E91693ACC2EB:LeaderElection208] INFO  impl.RoleInfo (RoleInfo.java:updateAndGet(143)) - e20b9d38-a0cd-4cc2-b07d-99b310028cde: start LeaderState
2019-09-25 12:05:40,488 [ForkJoinPool.commonPool-worker-0] INFO  impl.RoleInfo (RoleInfo.java:shutdownLeaderState(104)) - dd53ae84-fcc6-4953-b3df-628fab38f53c: shutdown LeaderState
2019-09-25 12:05:40,488 [29c22799-2be0-4ff1-960a-e2f5fb4c56d9@group-7C8C72F54EB9:LeaderElection207] INFO  impl.RoleInfo (RoleInfo.java:updateAndGet(143)) - 29c22799-2be0-4ff1-960a-e2f5fb4c56d9: start LeaderState
2019-09-25 12:05:40,488 [e20b9d38-a0cd-4cc2-b07d-99b310028cde@group-E91693ACC2EB:LeaderElection208] INFO  segmented.SegmentedRaftLogWorker (SegmentedRaftLogWorker.java:startLogSegment(380)) - e20b9d38-a0cd-4cc2-b07d-99b310028cde@group-E91693ACC2EB-SegmentedRaftLogWorker: Starting segment from index:0
2019-09-25 12:05:40,488 [main] INFO  impl.RoleInfo (RoleInfo.java:shutdownLeaderState(104)) - aa2320bf-b2b0-4764-9bc5-2df8b93b85ea: shutdown LeaderState
2019-09-25 12:05:40,489 [efa15652-5c5a-4832-a509-1d419d802ac5@group-598E75AD1213:LeaderElection213] INFO  impl.RoleInfo (RoleInfo.java:updateAndGet(143)) - efa15652-5c5a-4832-a509-1d419d802ac5: start LeaderState
2019-09-25 12:05:40,489 [efa15652-5c5a-4832-a509-1d419d802ac5@group-2FCD5710C3C4:LeaderElection212] INFO  impl.RoleInfo (RoleInfo.java:updateAndGet(143)) - efa15652-5c5a-4832-a509-1d419d802ac5: start LeaderState
2019-09-25 12:05:40,489 [29c22799-2be0-4ff1-960a-e2f5fb4c56d9@group-7C8C72F54EB9:LeaderElection207] INFO  segmented.SegmentedRaftLogWorker (SegmentedRaftLogWorker.java:startLogSegment(380)) - 29c22799-2be0-4ff1-960a-e2f5fb4c56d9@group-7C8C72F54EB9-SegmentedRaftLogWorker: Starting segment from index:0
2019-09-25 12:05:40,489 [ForkJoinPool.commonPool-worker-0] INFO  impl.PendingRequests (PendingRequests.java:sendNotLeaderResponses(202)) - dd53ae84-fcc6-4953-b3df-628fab38f53c-PendingRequests: sendNotLeaderResponses
2019-09-25 12:05:40,490 [29c22799-2be0-4ff1-960a-e2f5fb4c56d9@group-7C8C72F54EB9:LeaderElection207] INFO  impl.RaftServerImpl (ServerState.java:setRaftConf(354)) - 29c22799-2be0-4ff1-960a-e2f5fb4c56d9@group-7C8C72F54EB9: set configuration 0: [29c22799-2be0-4ff1-960a-e2f5fb4c56d9:192.168.151.73:46053], old=null at 0
2019-09-25 12:05:40,490 [efa15652-5c5a-4832-a509-1d419d802ac5@group-2FCD5710C3C4:LeaderElection212] INFO  segmented.SegmentedRaftLogWorker (SegmentedRaftLogWorker.java:startLogSegment(380)) - efa15652-5c5a-4832-a509-1d419d802ac5@group-2FCD5710C3C4-SegmentedRaftLogWorker: Starting segment from index:0
2019-09-25 12:05:40,489 [efa15652-5c5a-4832-a509-1d419d802ac5@group-598E75AD1213:LeaderElection213] INFO  segmented.SegmentedRaftLogWorker (SegmentedRaftLogWorker.java:startLogSegment(380)) - efa15652-5c5a-4832-a509-1d419d802ac5@group-598E75AD1213-SegmentedRaftLogWorker: Starting segment from index:0
2019-09-25 12:05:40,489 [e20b9d38-a0cd-4cc2-b07d-99b310028cde@group-E91693ACC2EB:LeaderElection208] INFO  impl.RaftServerImpl (ServerState.java:setRaftConf(354)) - e20b9d38-a0cd-4cc2-b07d-99b310028cde@group-E91693ACC2EB: set configuration 0: [e20b9d38-a0cd-4cc2-b07d-99b310028cde:192.168.151.73:45208], old=null at 0
2019-09-25 12:05:40,489 [main] INFO  impl.PendingRequests (PendingRequests.java:sendNotLeaderResponses(202)) - aa2320bf-b2b0-4764-9bc5-2df8b93b85ea-PendingRequests: sendNotLeaderResponses
2019-09-25 12:05:40,491 [efa15652-5c5a-4832-a509-1d419d802ac5@group-2FCD5710C3C4:LeaderElection212] INFO  impl.RaftServerImpl (ServerState.java:setRaftConf(354)) - efa15652-5c5a-4832-a509-1d419d802ac5@group-2FCD5710C3C4: set configuration 0: [efa15652-5c5a-4832-a509-1d419d802ac5:192.168.151.73:43628], old=null at 0
2019-09-25 12:05:40,491 [efa15652-5c5a-4832-a509-1d419d802ac5@group-598E75AD1213:LeaderElection213] INFO  impl.RaftServerImpl (ServerState.java:setRaftConf(354)) - efa15652-5c5a-4832-a509-1d419d802ac5@group-598E75AD1213: set configuration 0: [efa15652-5c5a-4832-a509-1d419d802ac5:192.168.151.73:43628], old=null at 0
2019-09-25 12:05:40,490 [ForkJoinPool.commonPool-worker-0] INFO  impl.StateMachineUpdater (StateMachineUpdater.java:stopAndJoin(125)) - dd53ae84-fcc6-4953-b3df-628fab38f53c@group-4575C91DAB15-StateMachineUpdater: set stopIndex = 0
2019-09-25 12:05:40,491 [main] INFO  impl.StateMachineUpdater (StateMachineUpdater.java:stopAndJoin(125)) - aa2320bf-b2b0-4764-9bc5-2df8b93b85ea@group-C0F71AA56592-StateMachineUpdater: set stopIndex = -1
2019-09-25 12:05:40,492 [main] INFO  impl.RaftServerImpl (ServerState.java:close(385)) - aa2320bf-b2b0-4764-9bc5-2df8b93b85ea@group-C0F71AA56592: closes. applyIndex: -1
2019-09-25 12:05:40,491 [ForkJoinPool.commonPool-worker-0] INFO  impl.RaftServerImpl (ServerState.java:close(385)) - dd53ae84-fcc6-4953-b3df-628fab38f53c@group-4575C91DAB15: closes. applyIndex: 0
2019-09-25 12:05:40,493 [dd53ae84-fcc6-4953-b3df-628fab38f53c@group-4575C91DAB15-SegmentedRaftLogWorker] INFO  segmented.SegmentedRaftLogWorker (SegmentedRaftLogWorker.java:run(313)) - dd53ae84-fcc6-4953-b3df-628fab38f53c@group-4575C91DAB15-SegmentedRaftLogWorker was interrupted, exiting. There are 0 tasks remaining in the queue.
2019-09-25 12:05:40,536 [ForkJoinPool.commonPool-worker-0] INFO  segmented.SegmentedRaftLogWorker (SegmentedRaftLogWorker.java:close(228)) - dd53ae84-fcc6-4953-b3df-628fab38f53c@group-4575C91DAB15-SegmentedRaftLogWorker close()
2019-09-25 12:05:40,543 [ForkJoinPool.commonPool-worker-0] INFO  impl.RaftServerImpl (RaftServerImpl.java:lambda$shutdown$3(251)) - dd53ae84-fcc6-4953-b3df-628fab38f53c@group-B1464C5BF144: shutdown
2019-09-25 12:05:40,544 [ForkJoinPool.commonPool-worker-0] INFO  util.JmxRegister (JmxRegister.java:unregister(73)) - Successfully un-registered JMX Bean with object name Ratis:service=RaftServer,group=group-B1464C5BF144,id=dd53ae84-fcc6-4953-b3df-628fab38f53c
2019-09-25 12:05:40,544 [ForkJoinPool.commonPool-worker-0] INFO  impl.RoleInfo (RoleInfo.java:shutdownLeaderState(104)) - dd53ae84-fcc6-4953-b3df-628fab38f53c: shutdown LeaderState
2019-09-25 12:05:40,544 [ForkJoinPool.commonPool-worker-0] INFO  impl.PendingRequests (PendingRequests.java:sendNotLeaderResponses(202)) - dd53ae84-fcc6-4953-b3df-628fab38f53c-PendingRequests: sendNotLeaderResponses
2019-09-25 12:05:40,545 [ForkJoinPool.commonPool-worker-0] INFO  impl.StateMachineUpdater (StateMachineUpdater.java:stopAndJoin(125)) - dd53ae84-fcc6-4953-b3df-628fab38f53c@group-B1464C5BF144-StateMachineUpdater: set stopIndex = 0
2019-09-25 12:05:40,545 [aa2320bf-b2b0-4764-9bc5-2df8b93b85ea@group-C0F71AA56592-SegmentedRaftLogWorker] WARN  segmented.SegmentedRaftLogOutputStream (SegmentedRaftLogOutputStream.java:<init>(77)) - Hit IOException while creating log segment /workdir/hadoop-ozone/integration-test/target/test-dir/MiniOzoneClusterImpl-0814cdd2-95b4-491b-95c0-a7203a111cc5/datanode-4/data/ratis/75c24ff1-853c-4903-a51e-c0f71aa56592/current/log_inprogress_0, delete the partial file.
2019-09-25 12:05:40,545 [ForkJoinPool.commonPool-worker-0] INFO  impl.RaftServerImpl (ServerState.java:close(385)) - dd53ae84-fcc6-4953-b3df-628fab38f53c@group-B1464C5BF144: closes. applyIndex: 0
2019-09-25 12:05:40,545 [dd53ae84-fcc6-4953-b3df-628fab38f53c@group-B1464C5BF144-SegmentedRaftLogWorker] INFO  segmented.SegmentedRaftLogWorker (SegmentedRaftLogWorker.java:run(313)) - dd53ae84-fcc6-4953-b3df-628fab38f53c@group-B1464C5BF144-SegmentedRaftLogWorker was interrupted, exiting. There are 0 tasks remaining in the queue.
2019-09-25 12:05:40,549 [main] INFO  segmented.SegmentedRaftLogWorker (SegmentedRaftLogWorker.java:close(228)) - aa2320bf-b2b0-4764-9bc5-2df8b93b85ea@group-C0F71AA56592-SegmentedRaftLogWorker close()
2019-09-25 12:05:40,553 [ForkJoinPool.commonPool-worker-0] INFO  segmented.SegmentedRaftLogWorker (SegmentedRaftLogWorker.java:close(228)) - dd53ae84-fcc6-4953-b3df-628fab38f53c@group-B1464C5BF144-SegmentedRaftLogWorker close()
2019-09-25 12:05:40,557 [main] INFO  impl.RaftServerImpl (RaftServerImpl.java:lambda$shutdown$3(251)) - aa2320bf-b2b0-4764-9bc5-2df8b93b85ea@group-6644E7B6B2C2: shutdown
2019-09-25 12:05:40,564 [29c22799-2be0-4ff1-960a-e2f5fb4c56d9@group-7C8C72F54EB9-SegmentedRaftLogWorker] INFO  segmented.SegmentedRaftLogWorker (SegmentedRaftLogWorker.java:execute(569)) - 29c22799-2be0-4ff1-960a-e2f5fb4c56d9@group-7C8C72F54EB9-SegmentedRaftLogWorker: created new log segment /workdir/hadoop-ozone/integration-test/target/test-dir/MiniOzoneClusterImpl-0814cdd2-95b4-491b-95c0-a7203a111cc5/datanode-3/data/ratis/6e519314-aabf-4867-ae64-7c8c72f54eb9/current/log_inprogress_0
2019-09-25 12:05:40,564 [ForkJoinPool.commonPool-worker-0] INFO  impl.RaftServerImpl (RaftServerImpl.java:lambda$shutdown$3(251)) - dd53ae84-fcc6-4953-b3df-628fab38f53c@group-8A6F5D53C235: shutdown
2019-09-25 12:05:40,564 [efa15652-5c5a-4832-a509-1d419d802ac5@group-598E75AD1213-SegmentedRaftLogWorker] INFO  segmented.SegmentedRaftLogWorker (SegmentedRaftLogWorker.java:execute(569)) - efa15652-5c5a-4832-a509-1d419d802ac5@group-598E75AD1213-SegmentedRaftLogWorker: created new log segment /workdir/hadoop-ozone/integration-test/target/test-dir/MiniOzoneClusterImpl-0814cdd2-95b4-491b-95c0-a7203a111cc5/datanode-6/data/ratis/668fd5a6-df87-4aae-9feb-598e75ad1213/current/log_inprogress_0
2019-09-25 12:05:40,564 [efa15652-5c5a-4832-a509-1d419d802ac5@group-2FCD5710C3C4-SegmentedRaftLogWorker] INFO  segmented.SegmentedRaftLogWorker (SegmentedRaftLogWorker.java:execute(569)) - efa15652-5c5a-4832-a509-1d419d802ac5@group-2FCD5710C3C4-SegmentedRaftLogWorker: created new log segment /workdir/hadoop-ozone/integration-test/target/test-dir/MiniOzoneClusterImpl-0814cdd2-95b4-491b-95c0-a7203a111cc5/datanode-6/data/ratis/87196c1c-e7d3-4c7b-9f53-2fcd5710c3c4/current/log_inprogress_0
2019-09-25 12:05:40,564 [e20b9d38-a0cd-4cc2-b07d-99b310028cde@group-E91693ACC2EB-SegmentedRaftLogWorker] INFO  segmented.SegmentedRaftLogWorker (SegmentedRaftLogWorker.java:execute(569)) - e20b9d38-a0cd-4cc2-b07d-99b310028cde@group-E91693ACC2EB-SegmentedRaftLogWorker: created new log segment /workdir/hadoop-ozone/integration-test/target/test-dir/MiniOzoneClusterImpl-0814cdd2-95b4-491b-95c0-a7203a111cc5/datanode-5/data/ratis/55ea7fd9-717f-4f6b-9e5e-e91693acc2eb/current/log_inprogress_0
2019-09-25 12:05:40,564 [main] INFO  util.JmxRegister (JmxRegister.java:unregister(73)) - Successfully un-registered JMX Bean with object name Ratis:service=RaftServer,group=group-6644E7B6B2C2,id=aa2320bf-b2b0-4764-9bc5-2df8b93b85ea
2019-09-25 12:05:40,565 [ForkJoinPool.commonPool-worker-0] INFO  util.JmxRegister (JmxRegister.java:unregister(73)) - Successfully un-registered JMX Bean with object name Ratis:service=RaftServer,group=group-8A6F5D53C235,id=dd53ae84-fcc6-4953-b3df-628fab38f53c
2019-09-25 12:05:40,566 [main] INFO  impl.RoleInfo (RoleInfo.java:shutdownFollowerState(121)) - aa2320bf-b2b0-4764-9bc5-2df8b93b85ea: shutdown FollowerState
2019-09-25 12:05:40,566 [ForkJoinPool.commonPool-worker-0] INFO  impl.RoleInfo (RoleInfo.java:shutdownLeaderState(104)) - dd53ae84-fcc6-4953-b3df-628fab38f53c: shutdown LeaderState
2019-09-25 12:05:40,566 [Thread-2721] INFO  impl.FollowerState (FollowerState.java:run(115)) - aa2320bf-b2b0-4764-9bc5-2df8b93b85ea: FollowerState was interrupted: java.lang.InterruptedException: sleep interrupted
2019-09-25 12:05:40,566 [main] INFO  impl.StateMachineUpdater (StateMachineUpdater.java:stopAndJoin(125)) - aa2320bf-b2b0-4764-9bc5-2df8b93b85ea@group-6644E7B6B2C2-StateMachineUpdater: set stopIndex = -1
2019-09-25 12:05:40,567 [main] INFO  impl.RaftServerImpl (ServerState.java:close(385)) - aa2320bf-b2b0-4764-9bc5-2df8b93b85ea@group-6644E7B6B2C2: closes. applyIndex: -1
2019-09-25 12:05:40,567 [ForkJoinPool.commonPool-worker-0] INFO  impl.PendingRequests (PendingRequests.java:sendNotLeaderResponses(202)) - dd53ae84-fcc6-4953-b3df-628fab38f53c-PendingRequests: sendNotLeaderResponses
2019-09-25 12:05:40,568 [aa2320bf-b2b0-4764-9bc5-2df8b93b85ea@group-6644E7B6B2C2-SegmentedRaftLogWorker] INFO  segmented.SegmentedRaftLogWorker (SegmentedRaftLogWorker.java:run(313)) - aa2320bf-b2b0-4764-9bc5-2df8b93b85ea@group-6644E7B6B2C2-SegmentedRaftLogWorker was interrupted, exiting. There are 0 tasks remaining in the queue.
2019-09-25 12:05:40,568 [ForkJoinPool.commonPool-worker-0] INFO  impl.StateMachineUpdater (StateMachineUpdater.java:stopAndJoin(125)) - dd53ae84-fcc6-4953-b3df-628fab38f53c@group-8A6F5D53C235-StateMachineUpdater: set stopIndex = 0
2019-09-25 12:05:40,568 [ForkJoinPool.commonPool-worker-0] INFO  impl.RaftServerImpl (ServerState.java:close(385)) - dd53ae84-fcc6-4953-b3df-628fab38f53c@group-8A6F5D53C235: closes. applyIndex: 0
2019-09-25 12:05:40,568 [main] INFO  segmented.SegmentedRaftLogWorker (SegmentedRaftLogWorker.java:close(228)) - aa2320bf-b2b0-4764-9bc5-2df8b93b85ea@group-6644E7B6B2C2-SegmentedRaftLogWorker close()
2019-09-25 12:05:40,569 [dd53ae84-fcc6-4953-b3df-628fab38f53c@group-8A6F5D53C235-SegmentedRaftLogWorker] INFO  segmented.SegmentedRaftLogWorker (SegmentedRaftLogWorker.java:run(313)) - dd53ae84-fcc6-4953-b3df-628fab38f53c@group-8A6F5D53C235-SegmentedRaftLogWorker was interrupted, exiting. There are 0 tasks remaining in the queue.
2019-09-25 12:05:40,575 [main] INFO  impl.RaftServerImpl (RaftServerImpl.java:lambda$shutdown$3(251)) - aa2320bf-b2b0-4764-9bc5-2df8b93b85ea@group-A62D50D9174B: shutdown
2019-09-25 12:05:40,580 [ForkJoinPool.commonPool-worker-0] INFO  segmented.SegmentedRaftLogWorker (SegmentedRaftLogWorker.java:close(228)) - dd53ae84-fcc6-4953-b3df-628fab38f53c@group-8A6F5D53C235-SegmentedRaftLogWorker close()
2019-09-25 12:05:40,580 [main] INFO  util.JmxRegister (JmxRegister.java:unregister(73)) - Successfully un-registered JMX Bean with object name Ratis:service=RaftServer,group=group-A62D50D9174B,id=aa2320bf-b2b0-4764-9bc5-2df8b93b85ea
2019-09-25 12:05:40,587 [main] INFO  impl.RoleInfo (RoleInfo.java:shutdownFollowerState(121)) - aa2320bf-b2b0-4764-9bc5-2df8b93b85ea: shutdown FollowerState
2019-09-25 12:05:40,587 [ForkJoinPool.commonPool-worker-0] INFO  server.GrpcService (GrpcService.java:closeImpl(164)) - dd53ae84-fcc6-4953-b3df-628fab38f53c: shutdown server with port 42918 now
2019-09-25 12:05:40,588 [Thread-2733] INFO  impl.FollowerState (FollowerState.java:run(115)) - aa2320bf-b2b0-4764-9bc5-2df8b93b85ea: FollowerState was interrupted: java.lang.InterruptedException: sleep interrupted
2019-09-25 12:05:40,587 [main] INFO  impl.StateMachineUpdater (StateMachineUpdater.java:stopAndJoin(125)) - aa2320bf-b2b0-4764-9bc5-2df8b93b85ea@group-A62D50D9174B-StateMachineUpdater: set stopIndex = -1
2019-09-25 12:05:40,591 [main] INFO  impl.RaftServerImpl (ServerState.java:close(385)) - aa2320bf-b2b0-4764-9bc5-2df8b93b85ea@group-A62D50D9174B: closes. applyIndex: -1
2019-09-25 12:05:40,591 [ForkJoinPool.commonPool-worker-0] INFO  server.GrpcService (GrpcService.java:closeImpl(172)) - dd53ae84-fcc6-4953-b3df-628fab38f53c: shutdown server with port 42918 successfully
2019-09-25 12:05:40,592 [aa2320bf-b2b0-4764-9bc5-2df8b93b85ea@group-A62D50D9174B-SegmentedRaftLogWorker] INFO  segmented.SegmentedRaftLogWorker (SegmentedRaftLogWorker.java:run(313)) - aa2320bf-b2b0-4764-9bc5-2df8b93b85ea@group-A62D50D9174B-SegmentedRaftLogWorker was interrupted, exiting. There are 0 tasks remaining in the queue.
2019-09-25 12:05:40,592 [main] INFO  segmented.SegmentedRaftLogWorker (SegmentedRaftLogWorker.java:close(228)) - aa2320bf-b2b0-4764-9bc5-2df8b93b85ea@group-A62D50D9174B-SegmentedRaftLogWorker close()
2019-09-25 12:05:40,599 [main] INFO  impl.RaftServerImpl (RaftServerImpl.java:lambda$shutdown$3(251)) - aa2320bf-b2b0-4764-9bc5-2df8b93b85ea@group-765C6A2948E4: shutdown
2019-09-25 12:05:40,599 [main] INFO  util.JmxRegister (JmxRegister.java:unregister(73)) - Successfully un-registered JMX Bean with object name Ratis:service=RaftServer,group=group-765C6A2948E4,id=aa2320bf-b2b0-4764-9bc5-2df8b93b85ea
2019-09-25 12:05:40,600 [main] INFO  impl.RoleInfo (RoleInfo.java:shutdownFollowerState(121)) - aa2320bf-b2b0-4764-9bc5-2df8b93b85ea: shutdown FollowerState
2019-09-25 12:05:40,600 [refreshUsed-/workdir/hadoop-ozone/integration-test/target/test-dir/MiniOzoneClusterImpl-0814cdd2-95b4-491b-95c0-a7203a111cc5/datanode-1/data/containers] WARN  fs.CachingGetSpaceUsed (CachingGetSpaceUsed.java:run(183)) - Thread Interrupted waiting to refresh disk information: sleep interrupted
2019-09-25 12:05:40,600 [Thread-2730] INFO  impl.FollowerState (FollowerState.java:run(115)) - aa2320bf-b2b0-4764-9bc5-2df8b93b85ea: FollowerState was interrupted: java.lang.InterruptedException: sleep interrupted
2019-09-25 12:05:40,600 [main] INFO  impl.StateMachineUpdater (StateMachineUpdater.java:stopAndJoin(125)) - aa2320bf-b2b0-4764-9bc5-2df8b93b85ea@group-765C6A2948E4-StateMachineUpdater: set stopIndex = -1
2019-09-25 12:05:40,601 [main] INFO  impl.RaftServerImpl (ServerState.java:close(385)) - aa2320bf-b2b0-4764-9bc5-2df8b93b85ea@group-765C6A2948E4: closes. applyIndex: -1
2019-09-25 12:05:40,601 [aa2320bf-b2b0-4764-9bc5-2df8b93b85ea@group-765C6A2948E4-SegmentedRaftLogWorker] INFO  segmented.SegmentedRaftLogWorker (SegmentedRaftLogWorker.java:run(313)) - aa2320bf-b2b0-4764-9bc5-2df8b93b85ea@group-765C6A2948E4-SegmentedRaftLogWorker was interrupted, exiting. There are 0 tasks remaining in the queue.
2019-09-25 12:05:40,601 [main] INFO  segmented.SegmentedRaftLogWorker (SegmentedRaftLogWorker.java:close(228)) - aa2320bf-b2b0-4764-9bc5-2df8b93b85ea@group-765C6A2948E4-SegmentedRaftLogWorker close()
2019-09-25 12:05:40,619 [main] INFO  server.GrpcService (GrpcService.java:closeImpl(164)) - aa2320bf-b2b0-4764-9bc5-2df8b93b85ea: shutdown server with port 39809 now
2019-09-25 12:05:40,622 [main] INFO  server.GrpcService (GrpcService.java:closeImpl(172)) - aa2320bf-b2b0-4764-9bc5-2df8b93b85ea: shutdown server with port 39809 successfully
2019-09-25 12:05:40,626 [refreshUsed-/workdir/hadoop-ozone/integration-test/target/test-dir/MiniOzoneClusterImpl-0814cdd2-95b4-491b-95c0-a7203a111cc5/datanode-4/data/containers] WARN  fs.CachingGetSpaceUsed (CachingGetSpaceUsed.java:run(183)) - Thread Interrupted waiting to refresh disk information: sleep interrupted
2019-09-25 12:05:40,635 [ForkJoinPool.commonPool-worker-0] INFO  utils.BackgroundService (BackgroundService.java:shutdown(148)) - Shutting down service BlockDeletingService
2019-09-25 12:05:40,645 [ForkJoinPool.commonPool-worker-0] INFO  statemachine.DatanodeStateMachine (DatanodeStateMachine.java:stopDaemon(395)) - Ozone container server stopped.
2019-09-25 12:05:40,654 [ForkJoinPool.commonPool-worker-0] INFO  handler.ContextHandler (ContextHandler.java:doStop(910)) - Stopped o.e.j.w.WebAppContext@19cdc217{/,null,UNAVAILABLE}{/hddsDatanode}
2019-09-25 12:05:40,654 [ForkJoinPool.commonPool-worker-0] INFO  server.AbstractConnector (AbstractConnector.java:doStop(318)) - Stopped ServerConnector@5f5297e3{HTTP/1.1,[http/1.1]}{0.0.0.0:0}
2019-09-25 12:05:40,657 [ForkJoinPool.commonPool-worker-0] INFO  handler.ContextHandler (ContextHandler.java:doStop(910)) - Stopped o.e.j.s.ServletContextHandler@76a9a009{/static,jar:file:/home/user/.m2/repository/org/apache/hadoop/hadoop-hdds-container-service/0.5.0-SNAPSHOT/hadoop-hdds-container-service-0.5.0-SNAPSHOT.jar!/webapps/static,UNAVAILABLE}
2019-09-25 12:05:40,660 [ForkJoinPool.commonPool-worker-0] INFO  handler.ContextHandler (ContextHandler.java:doStop(910)) - Stopped o.e.j.s.ServletContextHandler@2bf2d6eb{/logs,file:///workdir/hadoop-ozone/integration-test/target/log,UNAVAILABLE}
2019-09-25 12:05:40,664 [main] INFO  utils.BackgroundService (BackgroundService.java:shutdown(148)) - Shutting down service BlockDeletingService
2019-09-25 12:05:40,674 [main] INFO  statemachine.DatanodeStateMachine (DatanodeStateMachine.java:stopDaemon(395)) - Ozone container server stopped.
2019-09-25 12:05:40,674 [main] INFO  handler.ContextHandler (ContextHandler.java:doStop(910)) - Stopped o.e.j.w.WebAppContext@133aacbe{/,null,UNAVAILABLE}{/hddsDatanode}
2019-09-25 12:05:40,675 [main] INFO  server.AbstractConnector (AbstractConnector.java:doStop(318)) - Stopped ServerConnector@2aa5bd48{HTTP/1.1,[http/1.1]}{0.0.0.0:0}
2019-09-25 12:05:40,676 [main] INFO  handler.ContextHandler (ContextHandler.java:doStop(910)) - Stopped o.e.j.s.ServletContextHandler@1537c744{/static,jar:file:/home/user/.m2/repository/org/apache/hadoop/hadoop-hdds-container-service/0.5.0-SNAPSHOT/hadoop-hdds-container-service-0.5.0-SNAPSHOT.jar!/webapps/static,UNAVAILABLE}
2019-09-25 12:05:40,676 [main] INFO  handler.ContextHandler (ContextHandler.java:doStop(910)) - Stopped o.e.j.s.ServletContextHandler@45d4421d{/logs,file:///workdir/hadoop-ozone/integration-test/target/log,UNAVAILABLE}
2019-09-25 12:05:40,969 [Datanode State Machine Thread - 0] INFO  statemachine.DatanodeStateMachine (DatanodeStateMachine.java:lambda$startDaemon$0(350)) - Ozone container server started.
2019-09-25 12:05:40,971 [Datanode State Machine Thread - 0] INFO  statemachine.DatanodeStateMachine (DatanodeStateMachine.java:lambda$startDaemon$0(350)) - Ozone container server started.
2019-09-25 12:05:45,048 [Thread-2727] INFO  impl.FollowerState (FollowerState.java:run(106)) - 1b5f48e1-875d-49d5-a3ca-2607cd8d3943:group-117708339C66 changes to CANDIDATE, lastRpcTime:10649, electionTimeout:5005ms
2019-09-25 12:05:45,049 [Thread-2727] INFO  impl.RoleInfo (RoleInfo.java:shutdownFollowerState(121)) - 1b5f48e1-875d-49d5-a3ca-2607cd8d3943: shutdown FollowerState
2019-09-25 12:05:45,050 [Thread-2727] INFO  impl.RaftServerImpl (RaftServerImpl.java:setRole(174)) - 1b5f48e1-875d-49d5-a3ca-2607cd8d3943@group-117708339C66: changes role from  FOLLOWER to CANDIDATE at term 0 for changeToCandidate
2019-09-25 12:05:45,050 [Thread-2727] INFO  impl.RoleInfo (RoleInfo.java:updateAndGet(143)) - 1b5f48e1-875d-49d5-a3ca-2607cd8d3943: start LeaderElection
2019-09-25 12:05:45,052 [EventQueue-StaleNodeForStaleNodeHandler] INFO  node.StaleNodeHandler (StaleNodeHandler.java:onMessage(58)) - Datanode 29c22799-2be0-4ff1-960a-e2f5fb4c56d9{ip: 192.168.151.73, host: pr-hdds-1569-shd4m-3693607622, networkLocation: /default-rack, certSerialId: null} moved to stale state. Finalizing its pipelines [PipelineID=5897c79e-c024-4f93-b837-ff5723060e79, PipelineID=5711c404-3f06-43cd-aabe-7eb7f035a074, PipelineID=91a42051-18e5-4041-9bdb-f5fb9dacbd0a, PipelineID=6e519314-aabf-4867-ae64-7c8c72f54eb9, PipelineID=67b3a295-1b99-41d3-bc47-0b84192fa04d, PipelineID=34f90e28-7fa0-4c6a-8003-36959136cb44]
2019-09-25 12:05:45,052 [EventQueue-StaleNodeForStaleNodeHandler] INFO  pipeline.SCMPipelineManager (SCMPipelineManager.java:finalizeAndDestroyPipeline(316)) - destroying pipeline:Pipeline[ Id: 5897c79e-c024-4f93-b837-ff5723060e79, Nodes: 29c22799-2be0-4ff1-960a-e2f5fb4c56d9{ip: 192.168.151.73, host: pr-hdds-1569-shd4m-3693607622, networkLocation: /default-rack, certSerialId: null}, Type:RATIS, Factor:ONE, State:OPEN]
2019-09-25 12:05:45,053 [EventQueue-StaleNodeForStaleNodeHandler] INFO  pipeline.PipelineStateManager (PipelineStateManager.java:finalizePipeline(123)) - Pipeline Pipeline[ Id: 5897c79e-c024-4f93-b837-ff5723060e79, Nodes: 29c22799-2be0-4ff1-960a-e2f5fb4c56d9{ip: 192.168.151.73, host: pr-hdds-1569-shd4m-3693607622, networkLocation: /default-rack, certSerialId: null}, Type:RATIS, Factor:ONE, State:CLOSED] moved to CLOSED state
2019-09-25 12:05:45,054 [EventQueue-StaleNodeForStaleNodeHandler] INFO  pipeline.SCMPipelineManager (SCMPipelineManager.java:finalizeAndDestroyPipeline(316)) - destroying pipeline:Pipeline[ Id: 5711c404-3f06-43cd-aabe-7eb7f035a074, Nodes: 29c22799-2be0-4ff1-960a-e2f5fb4c56d9{ip: 192.168.151.73, host: pr-hdds-1569-shd4m-3693607622, networkLocation: /default-rack, certSerialId: null}, Type:RATIS, Factor:ONE, State:OPEN]
2019-09-25 12:05:45,054 [EventQueue-StaleNodeForStaleNodeHandler] INFO  pipeline.PipelineStateManager (PipelineStateManager.java:finalizePipeline(123)) - Pipeline Pipeline[ Id: 5711c404-3f06-43cd-aabe-7eb7f035a074, Nodes: 29c22799-2be0-4ff1-960a-e2f5fb4c56d9{ip: 192.168.151.73, host: pr-hdds-1569-shd4m-3693607622, networkLocation: /default-rack, certSerialId: null}, Type:RATIS, Factor:ONE, State:CLOSED] moved to CLOSED state
2019-09-25 12:05:45,054 [EventQueue-StaleNodeForStaleNodeHandler] INFO  pipeline.SCMPipelineManager (SCMPipelineManager.java:finalizeAndDestroyPipeline(316)) - destroying pipeline:Pipeline[ Id: 91a42051-18e5-4041-9bdb-f5fb9dacbd0a, Nodes: 29c22799-2be0-4ff1-960a-e2f5fb4c56d9{ip: 192.168.151.73, host: pr-hdds-1569-shd4m-3693607622, networkLocation: /default-rack, certSerialId: null}, Type:RATIS, Factor:ONE, State:OPEN]
2019-09-25 12:05:45,054 [EventQueue-StaleNodeForStaleNodeHandler] INFO  pipeline.PipelineStateManager (PipelineStateManager.java:finalizePipeline(123)) - Pipeline Pipeline[ Id: 91a42051-18e5-4041-9bdb-f5fb9dacbd0a, Nodes: 29c22799-2be0-4ff1-960a-e2f5fb4c56d9{ip: 192.168.151.73, host: pr-hdds-1569-shd4m-3693607622, networkLocation: /default-rack, certSerialId: null}, Type:RATIS, Factor:ONE, State:CLOSED] moved to CLOSED state
2019-09-25 12:05:45,055 [EventQueue-StaleNodeForStaleNodeHandler] INFO  pipeline.SCMPipelineManager (SCMPipelineManager.java:finalizeAndDestroyPipeline(316)) - destroying pipeline:Pipeline[ Id: 6e519314-aabf-4867-ae64-7c8c72f54eb9, Nodes: 29c22799-2be0-4ff1-960a-e2f5fb4c56d9{ip: 192.168.151.73, host: pr-hdds-1569-shd4m-3693607622, networkLocation: /default-rack, certSerialId: null}, Type:RATIS, Factor:ONE, State:OPEN]
2019-09-25 12:05:45,055 [EventQueue-StaleNodeForStaleNodeHandler] INFO  pipeline.PipelineStateManager (PipelineStateManager.java:finalizePipeline(123)) - Pipeline Pipeline[ Id: 6e519314-aabf-4867-ae64-7c8c72f54eb9, Nodes: 29c22799-2be0-4ff1-960a-e2f5fb4c56d9{ip: 192.168.151.73, host: pr-hdds-1569-shd4m-3693607622, networkLocation: /default-rack, certSerialId: null}, Type:RATIS, Factor:ONE, State:CLOSED] moved to CLOSED state
2019-09-25 12:05:45,055 [EventQueue-StaleNodeForStaleNodeHandler] INFO  pipeline.SCMPipelineManager (SCMPipelineManager.java:finalizeAndDestroyPipeline(316)) - destroying pipeline:Pipeline[ Id: 67b3a295-1b99-41d3-bc47-0b84192fa04d, Nodes: 29c22799-2be0-4ff1-960a-e2f5fb4c56d9{ip: 192.168.151.73, host: pr-hdds-1569-shd4m-3693607622, networkLocation: /default-rack, certSerialId: null}, Type:RATIS, Factor:ONE, State:OPEN]
2019-09-25 12:05:45,055 [EventQueue-StaleNodeForStaleNodeHandler] INFO  pipeline.PipelineStateManager (PipelineStateManager.java:finalizePipeline(123)) - Pipeline Pipeline[ Id: 67b3a295-1b99-41d3-bc47-0b84192fa04d, Nodes: 29c22799-2be0-4ff1-960a-e2f5fb4c56d9{ip: 192.168.151.73, host: pr-hdds-1569-shd4m-3693607622, networkLocation: /default-rack, certSerialId: null}, Type:RATIS, Factor:ONE, State:CLOSED] moved to CLOSED state
2019-09-25 12:05:45,055 [EventQueue-StaleNodeForStaleNodeHandler] INFO  pipeline.SCMPipelineManager (SCMPipelineManager.java:finalizeAndDestroyPipeline(316)) - destroying pipeline:Pipeline[ Id: 34f90e28-7fa0-4c6a-8003-36959136cb44, Nodes: 29c22799-2be0-4ff1-960a-e2f5fb4c56d9{ip: 192.168.151.73, host: pr-hdds-1569-shd4m-3693607622, networkLocation: /default-rack, certSerialId: null}, Type:RATIS, Factor:ONE, State:OPEN]
2019-09-25 12:05:45,056 [EventQueue-StaleNodeForStaleNodeHandler] INFO  pipeline.PipelineStateManager (PipelineStateManager.java:finalizePipeline(123)) - Pipeline Pipeline[ Id: 34f90e28-7fa0-4c6a-8003-36959136cb44, Nodes: 29c22799-2be0-4ff1-960a-e2f5fb4c56d9{ip: 192.168.151.73, host: pr-hdds-1569-shd4m-3693607622, networkLocation: /default-rack, certSerialId: null}, Type:RATIS, Factor:ONE, State:CLOSED] moved to CLOSED state
2019-09-25 12:05:45,056 [EventQueue-StaleNodeForStaleNodeHandler] INFO  node.StaleNodeHandler (StaleNodeHandler.java:onMessage(58)) - Datanode 1b5f48e1-875d-49d5-a3ca-2607cd8d3943{ip: 192.168.151.73, host: pr-hdds-1569-shd4m-3693607622, networkLocation: /default-rack, certSerialId: null} moved to stale state. Finalizing its pipelines [PipelineID=6f4bf8cb-6907-4f58-a1f7-dc7432019b65, PipelineID=27c6bb66-ce0b-4984-9d35-903b2dcc4617, PipelineID=b3b57161-896b-4e66-a271-117708339c66, PipelineID=0a018c84-41f3-418d-a30e-54fba95c6f49, PipelineID=145e4da3-1d49-4c9c-a637-9d730e9969b8, PipelineID=a4ac3900-0131-48a0-b213-2388ca4c89f7]
2019-09-25 12:05:45,056 [EventQueue-StaleNodeForStaleNodeHandler] INFO  pipeline.SCMPipelineManager (SCMPipelineManager.java:finalizeAndDestroyPipeline(316)) - destroying pipeline:Pipeline[ Id: 6f4bf8cb-6907-4f58-a1f7-dc7432019b65, Nodes: 1b5f48e1-875d-49d5-a3ca-2607cd8d3943{ip: 192.168.151.73, host: pr-hdds-1569-shd4m-3693607622, networkLocation: /default-rack, certSerialId: null}, Type:RATIS, Factor:ONE, State:OPEN]
2019-09-25 12:05:45,056 [EventQueue-StaleNodeForStaleNodeHandler] INFO  pipeline.PipelineStateManager (PipelineStateManager.java:finalizePipeline(123)) - Pipeline Pipeline[ Id: 6f4bf8cb-6907-4f58-a1f7-dc7432019b65, Nodes: 1b5f48e1-875d-49d5-a3ca-2607cd8d3943{ip: 192.168.151.73, host: pr-hdds-1569-shd4m-3693607622, networkLocation: /default-rack, certSerialId: null}, Type:RATIS, Factor:ONE, State:CLOSED] moved to CLOSED state
2019-09-25 12:05:45,056 [EventQueue-StaleNodeForStaleNodeHandler] INFO  pipeline.SCMPipelineManager (SCMPipelineManager.java:finalizeAndDestroyPipeline(316)) - destroying pipeline:Pipeline[ Id: 27c6bb66-ce0b-4984-9d35-903b2dcc4617, Nodes: 1b5f48e1-875d-49d5-a3ca-2607cd8d3943{ip: 192.168.151.73, host: pr-hdds-1569-shd4m-3693607622, networkLocation: /default-rack, certSerialId: null}, Type:RATIS, Factor:ONE, State:OPEN]
2019-09-25 12:05:45,056 [EventQueue-StaleNodeForStaleNodeHandler] INFO  pipeline.PipelineStateManager (PipelineStateManager.java:finalizePipeline(123)) - Pipeline Pipeline[ Id: 27c6bb66-ce0b-4984-9d35-903b2dcc4617, Nodes: 1b5f48e1-875d-49d5-a3ca-2607cd8d3943{ip: 192.168.151.73, host: pr-hdds-1569-shd4m-3693607622, networkLocation: /default-rack, certSerialId: null}, Type:RATIS, Factor:ONE, State:CLOSED] moved to CLOSED state
2019-09-25 12:05:45,056 [EventQueue-StaleNodeForStaleNodeHandler] INFO  pipeline.SCMPipelineManager (SCMPipelineManager.java:finalizeAndDestroyPipeline(316)) - destroying pipeline:Pipeline[ Id: b3b57161-896b-4e66-a271-117708339c66, Nodes: 1b5f48e1-875d-49d5-a3ca-2607cd8d3943{ip: 192.168.151.73, host: pr-hdds-1569-shd4m-3693607622, networkLocation: /default-rack, certSerialId: null}, Type:RATIS, Factor:ONE, State:OPEN]
2019-09-25 12:05:45,057 [EventQueue-StaleNodeForStaleNodeHandler] INFO  pipeline.PipelineStateManager (PipelineStateManager.java:finalizePipeline(123)) - Pipeline Pipeline[ Id: b3b57161-896b-4e66-a271-117708339c66, Nodes: 1b5f48e1-875d-49d5-a3ca-2607cd8d3943{ip: 192.168.151.73, host: pr-hdds-1569-shd4m-3693607622, networkLocation: /default-rack, certSerialId: null}, Type:RATIS, Factor:ONE, State:CLOSED] moved to CLOSED state
2019-09-25 12:05:45,057 [EventQueue-StaleNodeForStaleNodeHandler] INFO  pipeline.SCMPipelineManager (SCMPipelineManager.java:finalizeAndDestroyPipeline(316)) - destroying pipeline:Pipeline[ Id: 0a018c84-41f3-418d-a30e-54fba95c6f49, Nodes: 1b5f48e1-875d-49d5-a3ca-2607cd8d3943{ip: 192.168.151.73, host: pr-hdds-1569-shd4m-3693607622, networkLocation: /default-rack, certSerialId: null}, Type:RATIS, Factor:ONE, State:OPEN]
2019-09-25 12:05:45,057 [EventQueue-StaleNodeForStaleNodeHandler] INFO  pipeline.PipelineStateManager (PipelineStateManager.java:finalizePipeline(123)) - Pipeline Pipeline[ Id: 0a018c84-41f3-418d-a30e-54fba95c6f49, Nodes: 1b5f48e1-875d-49d5-a3ca-2607cd8d3943{ip: 192.168.151.73, host: pr-hdds-1569-shd4m-3693607622, networkLocation: /default-rack, certSerialId: null}, Type:RATIS, Factor:ONE, State:CLOSED] moved to CLOSED state
2019-09-25 12:05:45,057 [EventQueue-StaleNodeForStaleNodeHandler] INFO  pipeline.SCMPipelineManager (SCMPipelineManager.java:finalizeAndDestroyPipeline(316)) - destroying pipeline:Pipeline[ Id: 145e4da3-1d49-4c9c-a637-9d730e9969b8, Nodes: 1b5f48e1-875d-49d5-a3ca-2607cd8d3943{ip: 192.168.151.73, host: pr-hdds-1569-shd4m-3693607622, networkLocation: /default-rack, certSerialId: null}, Type:RATIS, Factor:ONE, State:OPEN]
2019-09-25 12:05:45,057 [EventQueue-StaleNodeForStaleNodeHandler] INFO  pipeline.PipelineStateManager (PipelineStateManager.java:finalizePipeline(123)) - Pipeline Pipeline[ Id: 145e4da3-1d49-4c9c-a637-9d730e9969b8, Nodes: 1b5f48e1-875d-49d5-a3ca-2607cd8d3943{ip: 192.168.151.73, host: pr-hdds-1569-shd4m-3693607622, networkLocation: /default-rack, certSerialId: null}, Type:RATIS, Factor:ONE, State:CLOSED] moved to CLOSED state
2019-09-25 12:05:45,057 [EventQueue-StaleNodeForStaleNodeHandler] INFO  pipeline.SCMPipelineManager (SCMPipelineManager.java:finalizeAndDestroyPipeline(316)) - destroying pipeline:Pipeline[ Id: a4ac3900-0131-48a0-b213-2388ca4c89f7, Nodes: 1b5f48e1-875d-49d5-a3ca-2607cd8d3943{ip: 192.168.151.73, host: pr-hdds-1569-shd4m-3693607622, networkLocation: /default-rack, certSerialId: null}, Type:RATIS, Factor:ONE, State:OPEN]
2019-09-25 12:05:45,058 [EventQueue-StaleNodeForStaleNodeHandler] INFO  pipeline.PipelineStateManager (PipelineStateManager.java:finalizePipeline(123)) - Pipeline Pipeline[ Id: a4ac3900-0131-48a0-b213-2388ca4c89f7, Nodes: 1b5f48e1-875d-49d5-a3ca-2607cd8d3943{ip: 192.168.151.73, host: pr-hdds-1569-shd4m-3693607622, networkLocation: /default-rack, certSerialId: null}, Type:RATIS, Factor:ONE, State:CLOSED] moved to CLOSED state
2019-09-25 12:05:45,066 [1b5f48e1-875d-49d5-a3ca-2607cd8d3943@group-117708339C66:LeaderElection214] INFO  impl.LeaderElection (LeaderElection.java:askForVotes(182)) - 1b5f48e1-875d-49d5-a3ca-2607cd8d3943@group-117708339C66:LeaderElection214: begin an election at term 1 for -1: [1b5f48e1-875d-49d5-a3ca-2607cd8d3943:192.168.151.73:34544], old=null
2019-09-25 12:05:45,071 [1b5f48e1-875d-49d5-a3ca-2607cd8d3943@group-117708339C66:LeaderElection214] INFO  impl.RoleInfo (RoleInfo.java:shutdownLeaderElection(134)) - 1b5f48e1-875d-49d5-a3ca-2607cd8d3943: shutdown LeaderElection
2019-09-25 12:05:45,071 [1b5f48e1-875d-49d5-a3ca-2607cd8d3943@group-117708339C66:LeaderElection214] INFO  impl.RaftServerImpl (RaftServerImpl.java:setRole(174)) - 1b5f48e1-875d-49d5-a3ca-2607cd8d3943@group-117708339C66: changes role from CANDIDATE to LEADER at term 1 for changeToLeader
2019-09-25 12:05:45,072 [1b5f48e1-875d-49d5-a3ca-2607cd8d3943@group-117708339C66:LeaderElection214] INFO  impl.RaftServerImpl (ServerState.java:setLeader(253)) - 1b5f48e1-875d-49d5-a3ca-2607cd8d3943@group-117708339C66: change Leader from null to 1b5f48e1-875d-49d5-a3ca-2607cd8d3943 at term 1 for becomeLeader, leader elected after 10677ms
2019-09-25 12:05:45,072 [1b5f48e1-875d-49d5-a3ca-2607cd8d3943@group-117708339C66:LeaderElection214] INFO  server.RaftServerConfigKeys (ConfUtils.java:logGet(43)) - raft.server.staging.catchup.gap = 1000 (default)
2019-09-25 12:05:45,072 [1b5f48e1-875d-49d5-a3ca-2607cd8d3943@group-117708339C66:LeaderElection214] INFO  server.RaftServerConfigKeys (ConfUtils.java:logGet(43)) - raft.server.rpc.sleep.time = 25ms (default)
2019-09-25 12:05:45,073 [1b5f48e1-875d-49d5-a3ca-2607cd8d3943@group-117708339C66:LeaderElection214] INFO  server.RaftServerConfigKeys (ConfUtils.java:logGet(43)) - raft.server.write.element-limit = 4096 (default)
2019-09-25 12:05:45,073 [1b5f48e1-875d-49d5-a3ca-2607cd8d3943@group-117708339C66:LeaderElection214] INFO  server.RaftServerConfigKeys (ConfUtils.java:logGet(43)) - raft.server.watch.timeout = 10s (default)
2019-09-25 12:05:45,073 [1b5f48e1-875d-49d5-a3ca-2607cd8d3943@group-117708339C66:LeaderElection214] INFO  server.RaftServerConfigKeys (ConfUtils.java:logGet(43)) - raft.server.watch.timeout.denomination = 1s (default)
2019-09-25 12:05:45,073 [1b5f48e1-875d-49d5-a3ca-2607cd8d3943@group-117708339C66:LeaderElection214] INFO  server.RaftServerConfigKeys (ConfUtils.java:logGet(43)) - raft.server.watch.element-limit = 65536 (default)
2019-09-25 12:05:45,077 [Thread-2712] INFO  impl.FollowerState (FollowerState.java:run(106)) - 29c22799-2be0-4ff1-960a-e2f5fb4c56d9:group-FF5723060E79 changes to CANDIDATE, lastRpcTime:10856, electionTimeout:5034ms
2019-09-25 12:05:45,077 [Thread-2712] INFO  impl.RoleInfo (RoleInfo.java:shutdownFollowerState(121)) - 29c22799-2be0-4ff1-960a-e2f5fb4c56d9: shutdown FollowerState
2019-09-25 12:05:45,077 [Thread-2712] INFO  impl.RaftServerImpl (RaftServerImpl.java:setRole(174)) - 29c22799-2be0-4ff1-960a-e2f5fb4c56d9@group-FF5723060E79: changes role from  FOLLOWER to CANDIDATE at term 0 for changeToCandidate
2019-09-25 12:05:45,077 [Thread-2712] INFO  impl.RoleInfo (RoleInfo.java:updateAndGet(143)) - 29c22799-2be0-4ff1-960a-e2f5fb4c56d9: start LeaderElection
2019-09-25 12:05:45,078 [1b5f48e1-875d-49d5-a3ca-2607cd8d3943@group-117708339C66:LeaderElection214] INFO  impl.RoleInfo (RoleInfo.java:updateAndGet(143)) - 1b5f48e1-875d-49d5-a3ca-2607cd8d3943: start LeaderState
2019-09-25 12:05:45,079 [1b5f48e1-875d-49d5-a3ca-2607cd8d3943@group-117708339C66:LeaderElection214] INFO  segmented.SegmentedRaftLogWorker (SegmentedRaftLogWorker.java:startLogSegment(380)) - 1b5f48e1-875d-49d5-a3ca-2607cd8d3943@group-117708339C66-SegmentedRaftLogWorker: Starting segment from index:0
2019-09-25 12:05:45,080 [1b5f48e1-875d-49d5-a3ca-2607cd8d3943@group-117708339C66:LeaderElection214] INFO  impl.RaftServerImpl (ServerState.java:setRaftConf(354)) - 1b5f48e1-875d-49d5-a3ca-2607cd8d3943@group-117708339C66: set configuration 0: [1b5f48e1-875d-49d5-a3ca-2607cd8d3943:192.168.151.73:34544], old=null at 0
2019-09-25 12:05:45,085 [Thread-2718] INFO  impl.FollowerState (FollowerState.java:run(106)) - 29c22799-2be0-4ff1-960a-e2f5fb4c56d9:group-0B84192FA04D changes to CANDIDATE, lastRpcTime:10784, electionTimeout:5052ms
2019-09-25 12:05:45,085 [Thread-2718] INFO  impl.RoleInfo (RoleInfo.java:shutdownFollowerState(121)) - 29c22799-2be0-4ff1-960a-e2f5fb4c56d9: shutdown FollowerState
2019-09-25 12:05:45,085 [Thread-2718] INFO  impl.RaftServerImpl (RaftServerImpl.java:setRole(174)) - 29c22799-2be0-4ff1-960a-e2f5fb4c56d9@group-0B84192FA04D: changes role from  FOLLOWER to CANDIDATE at term 0 for changeToCandidate
2019-09-25 12:05:45,085 [Thread-2718] INFO  impl.RoleInfo (RoleInfo.java:updateAndGet(143)) - 29c22799-2be0-4ff1-960a-e2f5fb4c56d9: start LeaderElection
2019-09-25 12:05:45,091 [29c22799-2be0-4ff1-960a-e2f5fb4c56d9@group-FF5723060E79:LeaderElection215] INFO  impl.LeaderElection (LeaderElection.java:askForVotes(182)) - 29c22799-2be0-4ff1-960a-e2f5fb4c56d9@group-FF5723060E79:LeaderElection215: begin an election at term 1 for -1: [29c22799-2be0-4ff1-960a-e2f5fb4c56d9:192.168.151.73:46053], old=null
2019-09-25 12:05:45,091 [29c22799-2be0-4ff1-960a-e2f5fb4c56d9@group-0B84192FA04D:LeaderElection216] INFO  impl.LeaderElection (LeaderElection.java:askForVotes(182)) - 29c22799-2be0-4ff1-960a-e2f5fb4c56d9@group-0B84192FA04D:LeaderElection216: begin an election at term 1 for -1: [29c22799-2be0-4ff1-960a-e2f5fb4c56d9:192.168.151.73:46053], old=null
2019-09-25 12:05:45,091 [29c22799-2be0-4ff1-960a-e2f5fb4c56d9@group-FF5723060E79:LeaderElection215] INFO  impl.RoleInfo (RoleInfo.java:shutdownLeaderElection(134)) - 29c22799-2be0-4ff1-960a-e2f5fb4c56d9: shutdown LeaderElection
2019-09-25 12:05:45,091 [29c22799-2be0-4ff1-960a-e2f5fb4c56d9@group-0B84192FA04D:LeaderElection216] INFO  impl.RoleInfo (RoleInfo.java:shutdownLeaderElection(134)) - 29c22799-2be0-4ff1-960a-e2f5fb4c56d9: shutdown LeaderElection
2019-09-25 12:05:45,092 [29c22799-2be0-4ff1-960a-e2f5fb4c56d9@group-FF5723060E79:LeaderElection215] INFO  impl.RaftServerImpl (RaftServerImpl.java:setRole(174)) - 29c22799-2be0-4ff1-960a-e2f5fb4c56d9@group-FF5723060E79: changes role from CANDIDATE to LEADER at term 1 for changeToLeader
2019-09-25 12:05:45,092 [29c22799-2be0-4ff1-960a-e2f5fb4c56d9@group-0B84192FA04D:LeaderElection216] INFO  impl.RaftServerImpl (RaftServerImpl.java:setRole(174)) - 29c22799-2be0-4ff1-960a-e2f5fb4c56d9@group-0B84192FA04D: changes role from CANDIDATE to LEADER at term 1 for changeToLeader
2019-09-25 12:05:45,092 [29c22799-2be0-4ff1-960a-e2f5fb4c56d9@group-FF5723060E79:LeaderElection215] INFO  impl.RaftServerImpl (ServerState.java:setLeader(253)) - 29c22799-2be0-4ff1-960a-e2f5fb4c56d9@group-FF5723060E79: change Leader from null to 29c22799-2be0-4ff1-960a-e2f5fb4c56d9 at term 1 for becomeLeader, leader elected after 10876ms
2019-09-25 12:05:45,092 [29c22799-2be0-4ff1-960a-e2f5fb4c56d9@group-0B84192FA04D:LeaderElection216] INFO  impl.RaftServerImpl (ServerState.java:setLeader(253)) - 29c22799-2be0-4ff1-960a-e2f5fb4c56d9@group-0B84192FA04D: change Leader from null to 29c22799-2be0-4ff1-960a-e2f5fb4c56d9 at term 1 for becomeLeader, leader elected after 10795ms
2019-09-25 12:05:45,092 [29c22799-2be0-4ff1-960a-e2f5fb4c56d9@group-FF5723060E79:LeaderElection215] INFO  server.RaftServerConfigKeys (ConfUtils.java:logGet(43)) - raft.server.staging.catchup.gap = 1000 (default)
2019-09-25 12:05:45,092 [29c22799-2be0-4ff1-960a-e2f5fb4c56d9@group-0B84192FA04D:LeaderElection216] INFO  server.RaftServerConfigKeys (ConfUtils.java:logGet(43)) - raft.server.staging.catchup.gap = 1000 (default)
2019-09-25 12:05:45,092 [29c22799-2be0-4ff1-960a-e2f5fb4c56d9@group-FF5723060E79:LeaderElection215] INFO  server.RaftServerConfigKeys (ConfUtils.java:logGet(43)) - raft.server.rpc.sleep.time = 25ms (default)
2019-09-25 12:05:45,092 [29c22799-2be0-4ff1-960a-e2f5fb4c56d9@group-0B84192FA04D:LeaderElection216] INFO  server.RaftServerConfigKeys (ConfUtils.java:logGet(43)) - raft.server.rpc.sleep.time = 25ms (default)
2019-09-25 12:05:45,092 [29c22799-2be0-4ff1-960a-e2f5fb4c56d9@group-FF5723060E79:LeaderElection215] INFO  server.RaftServerConfigKeys (ConfUtils.java:logGet(43)) - raft.server.write.element-limit = 4096 (default)
2019-09-25 12:05:45,093 [29c22799-2be0-4ff1-960a-e2f5fb4c56d9@group-0B84192FA04D:LeaderElection216] INFO  server.RaftServerConfigKeys (ConfUtils.java:logGet(43)) - raft.server.write.element-limit = 4096 (default)
2019-09-25 12:05:45,093 [29c22799-2be0-4ff1-960a-e2f5fb4c56d9@group-FF5723060E79:LeaderElection215] INFO  server.RaftServerConfigKeys (ConfUtils.java:logGet(43)) - raft.server.watch.timeout = 10s (default)
2019-09-25 12:05:45,093 [29c22799-2be0-4ff1-960a-e2f5fb4c56d9@group-0B84192FA04D:LeaderElection216] INFO  server.RaftServerConfigKeys (ConfUtils.java:logGet(43)) - raft.server.watch.timeout = 10s (default)
2019-09-25 12:05:45,093 [29c22799-2be0-4ff1-960a-e2f5fb4c56d9@group-FF5723060E79:LeaderElection215] INFO  server.RaftServerConfigKeys (ConfUtils.java:logGet(43)) - raft.server.watch.timeout.denomination = 1s (default)
2019-09-25 12:05:45,093 [29c22799-2be0-4ff1-960a-e2f5fb4c56d9@group-0B84192FA04D:LeaderElection216] INFO  server.RaftServerConfigKeys (ConfUtils.java:logGet(43)) - raft.server.watch.timeout.denomination = 1s (default)
2019-09-25 12:05:45,093 [29c22799-2be0-4ff1-960a-e2f5fb4c56d9@group-FF5723060E79:LeaderElection215] INFO  server.RaftServerConfigKeys (ConfUtils.java:logGet(43)) - raft.server.watch.element-limit = 65536 (default)
2019-09-25 12:05:45,093 [29c22799-2be0-4ff1-960a-e2f5fb4c56d9@group-0B84192FA04D:LeaderElection216] INFO  server.RaftServerConfigKeys (ConfUtils.java:logGet(43)) - raft.server.watch.element-limit = 65536 (default)
2019-09-25 12:05:45,096 [29c22799-2be0-4ff1-960a-e2f5fb4c56d9@group-FF5723060E79:LeaderElection215] INFO  impl.RoleInfo (RoleInfo.java:updateAndGet(143)) - 29c22799-2be0-4ff1-960a-e2f5fb4c56d9: start LeaderState
2019-09-25 12:05:45,096 [29c22799-2be0-4ff1-960a-e2f5fb4c56d9@group-FF5723060E79:LeaderElection215] INFO  segmented.SegmentedRaftLogWorker (SegmentedRaftLogWorker.java:startLogSegment(380)) - 29c22799-2be0-4ff1-960a-e2f5fb4c56d9@group-FF5723060E79-SegmentedRaftLogWorker: Starting segment from index:0
2019-09-25 12:05:45,096 [29c22799-2be0-4ff1-960a-e2f5fb4c56d9@group-0B84192FA04D:LeaderElection216] INFO  impl.RoleInfo (RoleInfo.java:updateAndGet(143)) - 29c22799-2be0-4ff1-960a-e2f5fb4c56d9: start LeaderState
2019-09-25 12:05:45,097 [29c22799-2be0-4ff1-960a-e2f5fb4c56d9@group-0B84192FA04D:LeaderElection216] INFO  segmented.SegmentedRaftLogWorker (SegmentedRaftLogWorker.java:startLogSegment(380)) - 29c22799-2be0-4ff1-960a-e2f5fb4c56d9@group-0B84192FA04D-SegmentedRaftLogWorker: Starting segment from index:0
2019-09-25 12:05:45,097 [29c22799-2be0-4ff1-960a-e2f5fb4c56d9@group-FF5723060E79:LeaderElection215] INFO  impl.RaftServerImpl (ServerState.java:setRaftConf(354)) - 29c22799-2be0-4ff1-960a-e2f5fb4c56d9@group-FF5723060E79: set configuration 0: [29c22799-2be0-4ff1-960a-e2f5fb4c56d9:192.168.151.73:46053], old=null at 0
2019-09-25 12:05:45,097 [29c22799-2be0-4ff1-960a-e2f5fb4c56d9@group-0B84192FA04D:LeaderElection216] INFO  impl.RaftServerImpl (ServerState.java:setRaftConf(354)) - 29c22799-2be0-4ff1-960a-e2f5fb4c56d9@group-0B84192FA04D: set configuration 0: [29c22799-2be0-4ff1-960a-e2f5fb4c56d9:192.168.151.73:46053], old=null at 0
2019-09-25 12:05:45,145 [29c22799-2be0-4ff1-960a-e2f5fb4c56d9@group-FF5723060E79-SegmentedRaftLogWorker] INFO  segmented.SegmentedRaftLogWorker (SegmentedRaftLogWorker.java:execute(569)) - 29c22799-2be0-4ff1-960a-e2f5fb4c56d9@group-FF5723060E79-SegmentedRaftLogWorker: created new log segment /workdir/hadoop-ozone/integration-test/target/test-dir/MiniOzoneClusterImpl-0814cdd2-95b4-491b-95c0-a7203a111cc5/datanode-3/data/ratis/5897c79e-c024-4f93-b837-ff5723060e79/current/log_inprogress_0
2019-09-25 12:05:45,145 [29c22799-2be0-4ff1-960a-e2f5fb4c56d9@group-0B84192FA04D-SegmentedRaftLogWorker] INFO  segmented.SegmentedRaftLogWorker (SegmentedRaftLogWorker.java:execute(569)) - 29c22799-2be0-4ff1-960a-e2f5fb4c56d9@group-0B84192FA04D-SegmentedRaftLogWorker: created new log segment /workdir/hadoop-ozone/integration-test/target/test-dir/MiniOzoneClusterImpl-0814cdd2-95b4-491b-95c0-a7203a111cc5/datanode-3/data/ratis/67b3a295-1b99-41d3-bc47-0b84192fa04d/current/log_inprogress_0
2019-09-25 12:05:45,145 [1b5f48e1-875d-49d5-a3ca-2607cd8d3943@group-117708339C66-SegmentedRaftLogWorker] INFO  segmented.SegmentedRaftLogWorker (SegmentedRaftLogWorker.java:execute(569)) - 1b5f48e1-875d-49d5-a3ca-2607cd8d3943@group-117708339C66-SegmentedRaftLogWorker: created new log segment /workdir/hadoop-ozone/integration-test/target/test-dir/MiniOzoneClusterImpl-0814cdd2-95b4-491b-95c0-a7203a111cc5/datanode-2/data/ratis/b3b57161-896b-4e66-a271-117708339c66/current/log_inprogress_0
2019-09-25 12:05:45,152 [Thread-2724] INFO  impl.FollowerState (FollowerState.java:run(106)) - 1b5f48e1-875d-49d5-a3ca-2607cd8d3943:group-903B2DCC4617 changes to CANDIDATE, lastRpcTime:10773, electionTimeout:5109ms
2019-09-25 12:05:45,152 [Thread-2724] INFO  impl.RoleInfo (RoleInfo.java:shutdownFollowerState(121)) - 1b5f48e1-875d-49d5-a3ca-2607cd8d3943: shutdown FollowerState
2019-09-25 12:05:45,152 [Thread-2724] INFO  impl.RaftServerImpl (RaftServerImpl.java:setRole(174)) - 1b5f48e1-875d-49d5-a3ca-2607cd8d3943@group-903B2DCC4617: changes role from  FOLLOWER to CANDIDATE at term 0 for changeToCandidate
2019-09-25 12:05:45,152 [Thread-2724] INFO  impl.RoleInfo (RoleInfo.java:updateAndGet(143)) - 1b5f48e1-875d-49d5-a3ca-2607cd8d3943: start LeaderElection
2019-09-25 12:05:45,158 [1b5f48e1-875d-49d5-a3ca-2607cd8d3943@group-903B2DCC4617:LeaderElection217] INFO  impl.LeaderElection (LeaderElection.java:askForVotes(182)) - 1b5f48e1-875d-49d5-a3ca-2607cd8d3943@group-903B2DCC4617:LeaderElection217: begin an election at term 1 for -1: [1b5f48e1-875d-49d5-a3ca-2607cd8d3943:192.168.151.73:34544], old=null
2019-09-25 12:05:45,159 [1b5f48e1-875d-49d5-a3ca-2607cd8d3943@group-903B2DCC4617:LeaderElection217] INFO  impl.RoleInfo (RoleInfo.java:shutdownLeaderElection(134)) - 1b5f48e1-875d-49d5-a3ca-2607cd8d3943: shutdown LeaderElection
2019-09-25 12:05:45,159 [1b5f48e1-875d-49d5-a3ca-2607cd8d3943@group-903B2DCC4617:LeaderElection217] INFO  impl.RaftServerImpl (RaftServerImpl.java:setRole(174)) - 1b5f48e1-875d-49d5-a3ca-2607cd8d3943@group-903B2DCC4617: changes role from CANDIDATE to LEADER at term 1 for changeToLeader
2019-09-25 12:05:45,159 [1b5f48e1-875d-49d5-a3ca-2607cd8d3943@group-903B2DCC4617:LeaderElection217] INFO  impl.RaftServerImpl (ServerState.java:setLeader(253)) - 1b5f48e1-875d-49d5-a3ca-2607cd8d3943@group-903B2DCC4617: change Leader from null to 1b5f48e1-875d-49d5-a3ca-2607cd8d3943 at term 1 for becomeLeader, leader elected after 10785ms
2019-09-25 12:05:45,159 [1b5f48e1-875d-49d5-a3ca-2607cd8d3943@group-903B2DCC4617:LeaderElection217] INFO  server.RaftServerConfigKeys (ConfUtils.java:logGet(43)) - raft.server.staging.catchup.gap = 1000 (default)
2019-09-25 12:05:45,159 [1b5f48e1-875d-49d5-a3ca-2607cd8d3943@group-903B2DCC4617:LeaderElection217] INFO  server.RaftServerConfigKeys (ConfUtils.java:logGet(43)) - raft.server.rpc.sleep.time = 25ms (default)
2019-09-25 12:05:45,159 [1b5f48e1-875d-49d5-a3ca-2607cd8d3943@group-903B2DCC4617:LeaderElection217] INFO  server.RaftServerConfigKeys (ConfUtils.java:logGet(43)) - raft.server.write.element-limit = 4096 (default)
2019-09-25 12:05:45,159 [1b5f48e1-875d-49d5-a3ca-2607cd8d3943@group-903B2DCC4617:LeaderElection217] INFO  server.RaftServerConfigKeys (ConfUtils.java:logGet(43)) - raft.server.watch.timeout = 10s (default)
2019-09-25 12:05:45,160 [1b5f48e1-875d-49d5-a3ca-2607cd8d3943@group-903B2DCC4617:LeaderElection217] INFO  server.RaftServerConfigKeys (ConfUtils.java:logGet(43)) - raft.server.watch.timeout.denomination = 1s (default)
2019-09-25 12:05:45,160 [1b5f48e1-875d-49d5-a3ca-2607cd8d3943@group-903B2DCC4617:LeaderElection217] INFO  server.RaftServerConfigKeys (ConfUtils.java:logGet(43)) - raft.server.watch.element-limit = 65536 (default)
2019-09-25 12:05:45,162 [1b5f48e1-875d-49d5-a3ca-2607cd8d3943@group-903B2DCC4617:LeaderElection217] INFO  impl.RoleInfo (RoleInfo.java:updateAndGet(143)) - 1b5f48e1-875d-49d5-a3ca-2607cd8d3943: start LeaderState
2019-09-25 12:05:45,162 [1b5f48e1-875d-49d5-a3ca-2607cd8d3943@group-903B2DCC4617:LeaderElection217] INFO  segmented.SegmentedRaftLogWorker (SegmentedRaftLogWorker.java:startLogSegment(380)) - 1b5f48e1-875d-49d5-a3ca-2607cd8d3943@group-903B2DCC4617-SegmentedRaftLogWorker: Starting segment from index:0
2019-09-25 12:05:45,163 [1b5f48e1-875d-49d5-a3ca-2607cd8d3943@group-903B2DCC4617:LeaderElection217] INFO  impl.RaftServerImpl (ServerState.java:setRaftConf(354)) - 1b5f48e1-875d-49d5-a3ca-2607cd8d3943@group-903B2DCC4617: set configuration 0: [1b5f48e1-875d-49d5-a3ca-2607cd8d3943:192.168.151.73:34544], old=null at 0
2019-09-25 12:05:45,198 [Thread-2739] INFO  impl.FollowerState (FollowerState.java:run(106)) - 29c22799-2be0-4ff1-960a-e2f5fb4c56d9:group-F5FB9DACBD0A changes to CANDIDATE, lastRpcTime:10628, electionTimeout:5155ms
2019-09-25 12:05:45,198 [Thread-2739] INFO  impl.RoleInfo (RoleInfo.java:shutdownFollowerState(121)) - 29c22799-2be0-4ff1-960a-e2f5fb4c56d9: shutdown FollowerState
2019-09-25 12:05:45,198 [Thread-2739] INFO  impl.RaftServerImpl (RaftServerImpl.java:setRole(174)) - 29c22799-2be0-4ff1-960a-e2f5fb4c56d9@group-F5FB9DACBD0A: changes role from  FOLLOWER to CANDIDATE at term 0 for changeToCandidate
2019-09-25 12:05:45,198 [Thread-2739] INFO  impl.RoleInfo (RoleInfo.java:updateAndGet(143)) - 29c22799-2be0-4ff1-960a-e2f5fb4c56d9: start LeaderElection
2019-09-25 12:05:45,214 [Thread-2715] INFO  impl.FollowerState (FollowerState.java:run(106)) - 1b5f48e1-875d-49d5-a3ca-2607cd8d3943:group-DC7432019B65 changes to CANDIDATE, lastRpcTime:10952, electionTimeout:5185ms
2019-09-25 12:05:45,214 [Thread-2715] INFO  impl.RoleInfo (RoleInfo.java:shutdownFollowerState(121)) - 1b5f48e1-875d-49d5-a3ca-2607cd8d3943: shutdown FollowerState
2019-09-25 12:05:45,214 [Thread-2715] INFO  impl.RaftServerImpl (RaftServerImpl.java:setRole(174)) - 1b5f48e1-875d-49d5-a3ca-2607cd8d3943@group-DC7432019B65: changes role from  FOLLOWER to CANDIDATE at term 0 for changeToCandidate
2019-09-25 12:05:45,214 [Thread-2715] INFO  impl.RoleInfo (RoleInfo.java:updateAndGet(143)) - 1b5f48e1-875d-49d5-a3ca-2607cd8d3943: start LeaderElection
2019-09-25 12:05:45,221 [1b5f48e1-875d-49d5-a3ca-2607cd8d3943@group-903B2DCC4617-SegmentedRaftLogWorker] INFO  segmented.SegmentedRaftLogWorker (SegmentedRaftLogWorker.java:execute(569)) - 1b5f48e1-875d-49d5-a3ca-2607cd8d3943@group-903B2DCC4617-SegmentedRaftLogWorker: created new log segment /workdir/hadoop-ozone/integration-test/target/test-dir/MiniOzoneClusterImpl-0814cdd2-95b4-491b-95c0-a7203a111cc5/datanode-2/data/ratis/27c6bb66-ce0b-4984-9d35-903b2dcc4617/current/log_inprogress_0
2019-09-25 12:05:45,221 [29c22799-2be0-4ff1-960a-e2f5fb4c56d9@group-F5FB9DACBD0A:LeaderElection218] INFO  impl.LeaderElection (LeaderElection.java:askForVotes(182)) - 29c22799-2be0-4ff1-960a-e2f5fb4c56d9@group-F5FB9DACBD0A:LeaderElection218: begin an election at term 1 for -1: [29c22799-2be0-4ff1-960a-e2f5fb4c56d9:192.168.151.73:46053], old=null
2019-09-25 12:05:45,221 [29c22799-2be0-4ff1-960a-e2f5fb4c56d9@group-F5FB9DACBD0A:LeaderElection218] INFO  impl.RoleInfo (RoleInfo.java:shutdownLeaderElection(134)) - 29c22799-2be0-4ff1-960a-e2f5fb4c56d9: shutdown LeaderElection
2019-09-25 12:05:45,221 [29c22799-2be0-4ff1-960a-e2f5fb4c56d9@group-F5FB9DACBD0A:LeaderElection218] INFO  impl.RaftServerImpl (RaftServerImpl.java:setRole(174)) - 29c22799-2be0-4ff1-960a-e2f5fb4c56d9@group-F5FB9DACBD0A: changes role from CANDIDATE to LEADER at term 1 for changeToLeader
2019-09-25 12:05:45,221 [29c22799-2be0-4ff1-960a-e2f5fb4c56d9@group-F5FB9DACBD0A:LeaderElection218] INFO  impl.RaftServerImpl (ServerState.java:setLeader(253)) - 29c22799-2be0-4ff1-960a-e2f5fb4c56d9@group-F5FB9DACBD0A: change Leader from null to 29c22799-2be0-4ff1-960a-e2f5fb4c56d9 at term 1 for becomeLeader, leader elected after 10656ms
2019-09-25 12:05:45,221 [29c22799-2be0-4ff1-960a-e2f5fb4c56d9@group-F5FB9DACBD0A:LeaderElection218] INFO  server.RaftServerConfigKeys (ConfUtils.java:logGet(43)) - raft.server.staging.catchup.gap = 1000 (default)
2019-09-25 12:05:45,222 [29c22799-2be0-4ff1-960a-e2f5fb4c56d9@group-F5FB9DACBD0A:LeaderElection218] INFO  server.RaftServerConfigKeys (ConfUtils.java:logGet(43)) - raft.server.rpc.sleep.time = 25ms (default)
2019-09-25 12:05:45,222 [29c22799-2be0-4ff1-960a-e2f5fb4c56d9@group-F5FB9DACBD0A:LeaderElection218] INFO  server.RaftServerConfigKeys (ConfUtils.java:logGet(43)) - raft.server.write.element-limit = 4096 (default)
2019-09-25 12:05:45,222 [29c22799-2be0-4ff1-960a-e2f5fb4c56d9@group-F5FB9DACBD0A:LeaderElection218] INFO  server.RaftServerConfigKeys (ConfUtils.java:logGet(43)) - raft.server.watch.timeout = 10s (default)
2019-09-25 12:05:45,222 [29c22799-2be0-4ff1-960a-e2f5fb4c56d9@group-F5FB9DACBD0A:LeaderElection218] INFO  server.RaftServerConfigKeys (ConfUtils.java:logGet(43)) - raft.server.watch.timeout.denomination = 1s (default)
2019-09-25 12:05:45,222 [29c22799-2be0-4ff1-960a-e2f5fb4c56d9@group-F5FB9DACBD0A:LeaderElection218] INFO  server.RaftServerConfigKeys (ConfUtils.java:logGet(43)) - raft.server.watch.element-limit = 65536 (default)
2019-09-25 12:05:45,224 [29c22799-2be0-4ff1-960a-e2f5fb4c56d9@group-F5FB9DACBD0A:LeaderElection218] INFO  impl.RoleInfo (RoleInfo.java:updateAndGet(143)) - 29c22799-2be0-4ff1-960a-e2f5fb4c56d9: start LeaderState
2019-09-25 12:05:45,224 [29c22799-2be0-4ff1-960a-e2f5fb4c56d9@group-F5FB9DACBD0A:LeaderElection218] INFO  segmented.SegmentedRaftLogWorker (SegmentedRaftLogWorker.java:startLogSegment(380)) - 29c22799-2be0-4ff1-960a-e2f5fb4c56d9@group-F5FB9DACBD0A-SegmentedRaftLogWorker: Starting segment from index:0
2019-09-25 12:05:45,225 [29c22799-2be0-4ff1-960a-e2f5fb4c56d9@group-F5FB9DACBD0A:LeaderElection218] INFO  impl.RaftServerImpl (ServerState.java:setRaftConf(354)) - 29c22799-2be0-4ff1-960a-e2f5fb4c56d9@group-F5FB9DACBD0A: set configuration 0: [29c22799-2be0-4ff1-960a-e2f5fb4c56d9:192.168.151.73:46053], old=null at 0
2019-09-25 12:05:45,234 [1b5f48e1-875d-49d5-a3ca-2607cd8d3943@group-DC7432019B65:LeaderElection219] INFO  impl.LeaderElection (LeaderElection.java:askForVotes(182)) - 1b5f48e1-875d-49d5-a3ca-2607cd8d3943@group-DC7432019B65:LeaderElection219: begin an election at term 1 for -1: [1b5f48e1-875d-49d5-a3ca-2607cd8d3943:192.168.151.73:34544], old=null
2019-09-25 12:05:45,234 [1b5f48e1-875d-49d5-a3ca-2607cd8d3943@group-DC7432019B65:LeaderElection219] INFO  impl.RoleInfo (RoleInfo.java:shutdownLeaderElection(134)) - 1b5f48e1-875d-49d5-a3ca-2607cd8d3943: shutdown LeaderElection
2019-09-25 12:05:45,234 [1b5f48e1-875d-49d5-a3ca-2607cd8d3943@group-DC7432019B65:LeaderElection219] INFO  impl.RaftServerImpl (RaftServerImpl.java:setRole(174)) - 1b5f48e1-875d-49d5-a3ca-2607cd8d3943@group-DC7432019B65: changes role from CANDIDATE to LEADER at term 1 for changeToLeader
2019-09-25 12:05:45,234 [1b5f48e1-875d-49d5-a3ca-2607cd8d3943@group-DC7432019B65:LeaderElection219] INFO  impl.RaftServerImpl (ServerState.java:setLeader(253)) - 1b5f48e1-875d-49d5-a3ca-2607cd8d3943@group-DC7432019B65: change Leader from null to 1b5f48e1-875d-49d5-a3ca-2607cd8d3943 at term 1 for becomeLeader, leader elected after 10978ms
2019-09-25 12:05:45,234 [1b5f48e1-875d-49d5-a3ca-2607cd8d3943@group-DC7432019B65:LeaderElection219] INFO  server.RaftServerConfigKeys (ConfUtils.java:logGet(43)) - raft.server.staging.catchup.gap = 1000 (default)
2019-09-25 12:05:45,234 [1b5f48e1-875d-49d5-a3ca-2607cd8d3943@group-DC7432019B65:LeaderElection219] INFO  server.RaftServerConfigKeys (ConfUtils.java:logGet(43)) - raft.server.rpc.sleep.time = 25ms (default)
2019-09-25 12:05:45,234 [1b5f48e1-875d-49d5-a3ca-2607cd8d3943@group-DC7432019B65:LeaderElection219] INFO  server.RaftServerConfigKeys (ConfUtils.java:logGet(43)) - raft.server.write.element-limit = 4096 (default)
2019-09-25 12:05:45,235 [1b5f48e1-875d-49d5-a3ca-2607cd8d3943@group-DC7432019B65:LeaderElection219] INFO  server.RaftServerConfigKeys (ConfUtils.java:logGet(43)) - raft.server.watch.timeout = 10s (default)
2019-09-25 12:05:45,235 [1b5f48e1-875d-49d5-a3ca-2607cd8d3943@group-DC7432019B65:LeaderElection219] INFO  server.RaftServerConfigKeys (ConfUtils.java:logGet(43)) - raft.server.watch.timeout.denomination = 1s (default)
2019-09-25 12:05:45,235 [1b5f48e1-875d-49d5-a3ca-2607cd8d3943@group-DC7432019B65:LeaderElection219] INFO  server.RaftServerConfigKeys (ConfUtils.java:logGet(43)) - raft.server.watch.element-limit = 65536 (default)
2019-09-25 12:05:45,237 [1b5f48e1-875d-49d5-a3ca-2607cd8d3943@group-DC7432019B65:LeaderElection219] INFO  impl.RoleInfo (RoleInfo.java:updateAndGet(143)) - 1b5f48e1-875d-49d5-a3ca-2607cd8d3943: start LeaderState
2019-09-25 12:05:45,237 [1b5f48e1-875d-49d5-a3ca-2607cd8d3943@group-DC7432019B65:LeaderElection219] INFO  segmented.SegmentedRaftLogWorker (SegmentedRaftLogWorker.java:startLogSegment(380)) - 1b5f48e1-875d-49d5-a3ca-2607cd8d3943@group-DC7432019B65-SegmentedRaftLogWorker: Starting segment from index:0
2019-09-25 12:05:45,237 [1b5f48e1-875d-49d5-a3ca-2607cd8d3943@group-DC7432019B65:LeaderElection219] INFO  impl.RaftServerImpl (ServerState.java:setRaftConf(354)) - 1b5f48e1-875d-49d5-a3ca-2607cd8d3943@group-DC7432019B65: set configuration 0: [1b5f48e1-875d-49d5-a3ca-2607cd8d3943:192.168.151.73:34544], old=null at 0
2019-09-25 12:05:45,278 [1b5f48e1-875d-49d5-a3ca-2607cd8d3943@group-DC7432019B65-SegmentedRaftLogWorker] INFO  segmented.SegmentedRaftLogWorker (SegmentedRaftLogWorker.java:execute(569)) - 1b5f48e1-875d-49d5-a3ca-2607cd8d3943@group-DC7432019B65-SegmentedRaftLogWorker: created new log segment /workdir/hadoop-ozone/integration-test/target/test-dir/MiniOzoneClusterImpl-0814cdd2-95b4-491b-95c0-a7203a111cc5/datanode-2/data/ratis/6f4bf8cb-6907-4f58-a1f7-dc7432019b65/current/log_inprogress_0
2019-09-25 12:05:45,278 [29c22799-2be0-4ff1-960a-e2f5fb4c56d9@group-F5FB9DACBD0A-SegmentedRaftLogWorker] INFO  segmented.SegmentedRaftLogWorker (SegmentedRaftLogWorker.java:execute(569)) - 29c22799-2be0-4ff1-960a-e2f5fb4c56d9@group-F5FB9DACBD0A-SegmentedRaftLogWorker: created new log segment /workdir/hadoop-ozone/integration-test/target/test-dir/MiniOzoneClusterImpl-0814cdd2-95b4-491b-95c0-a7203a111cc5/datanode-3/data/ratis/91a42051-18e5-4041-9bdb-f5fb9dacbd0a/current/log_inprogress_0
2019-09-25 12:05:45,662 [ForkJoinPool.commonPool-worker-0] INFO  ozoneimpl.OzoneContainer (OzoneContainer.java:stop(231)) - Attempting to stop container services.
2019-09-25 12:05:45,663 [ForkJoinPool.commonPool-worker-0] INFO  impl.RaftServerProxy (RaftServerProxy.java:lambda$close$4(314)) - 1b5f48e1-875d-49d5-a3ca-2607cd8d3943: close
2019-09-25 12:05:45,663 [ForkJoinPool.commonPool-worker-0] INFO  impl.RaftServerImpl (RaftServerImpl.java:lambda$shutdown$3(251)) - 1b5f48e1-875d-49d5-a3ca-2607cd8d3943@group-DC7432019B65: shutdown
2019-09-25 12:05:45,663 [ForkJoinPool.commonPool-worker-0] INFO  util.JmxRegister (JmxRegister.java:unregister(73)) - Successfully un-registered JMX Bean with object name Ratis:service=RaftServer,group=group-DC7432019B65,id=1b5f48e1-875d-49d5-a3ca-2607cd8d3943
2019-09-25 12:05:45,664 [ForkJoinPool.commonPool-worker-0] INFO  impl.RoleInfo (RoleInfo.java:shutdownLeaderState(104)) - 1b5f48e1-875d-49d5-a3ca-2607cd8d3943: shutdown LeaderState
2019-09-25 12:05:45,664 [ForkJoinPool.commonPool-worker-0] INFO  impl.PendingRequests (PendingRequests.java:sendNotLeaderResponses(202)) - 1b5f48e1-875d-49d5-a3ca-2607cd8d3943-PendingRequests: sendNotLeaderResponses
2019-09-25 12:05:45,664 [ForkJoinPool.commonPool-worker-0] INFO  impl.StateMachineUpdater (StateMachineUpdater.java:stopAndJoin(125)) - 1b5f48e1-875d-49d5-a3ca-2607cd8d3943@group-DC7432019B65-StateMachineUpdater: set stopIndex = 0
2019-09-25 12:05:45,665 [ForkJoinPool.commonPool-worker-0] INFO  impl.RaftServerImpl (ServerState.java:close(385)) - 1b5f48e1-875d-49d5-a3ca-2607cd8d3943@group-DC7432019B65: closes. applyIndex: 0
2019-09-25 12:05:45,665 [1b5f48e1-875d-49d5-a3ca-2607cd8d3943@group-DC7432019B65-SegmentedRaftLogWorker] INFO  segmented.SegmentedRaftLogWorker (SegmentedRaftLogWorker.java:run(313)) - 1b5f48e1-875d-49d5-a3ca-2607cd8d3943@group-DC7432019B65-SegmentedRaftLogWorker was interrupted, exiting. There are 0 tasks remaining in the queue.
2019-09-25 12:05:45,669 [ForkJoinPool.commonPool-worker-0] INFO  segmented.SegmentedRaftLogWorker (SegmentedRaftLogWorker.java:close(228)) - 1b5f48e1-875d-49d5-a3ca-2607cd8d3943@group-DC7432019B65-SegmentedRaftLogWorker close()
2019-09-25 12:05:45,671 [ForkJoinPool.commonPool-worker-0] INFO  impl.RaftServerImpl (RaftServerImpl.java:lambda$shutdown$3(251)) - 1b5f48e1-875d-49d5-a3ca-2607cd8d3943@group-903B2DCC4617: shutdown
2019-09-25 12:05:45,671 [ForkJoinPool.commonPool-worker-0] INFO  util.JmxRegister (JmxRegister.java:unregister(73)) - Successfully un-registered JMX Bean with object name Ratis:service=RaftServer,group=group-903B2DCC4617,id=1b5f48e1-875d-49d5-a3ca-2607cd8d3943
2019-09-25 12:05:45,671 [ForkJoinPool.commonPool-worker-0] INFO  impl.RoleInfo (RoleInfo.java:shutdownLeaderState(104)) - 1b5f48e1-875d-49d5-a3ca-2607cd8d3943: shutdown LeaderState
2019-09-25 12:05:45,672 [ForkJoinPool.commonPool-worker-0] INFO  impl.PendingRequests (PendingRequests.java:sendNotLeaderResponses(202)) - 1b5f48e1-875d-49d5-a3ca-2607cd8d3943-PendingRequests: sendNotLeaderResponses
2019-09-25 12:05:45,672 [ForkJoinPool.commonPool-worker-0] INFO  impl.StateMachineUpdater (StateMachineUpdater.java:stopAndJoin(125)) - 1b5f48e1-875d-49d5-a3ca-2607cd8d3943@group-903B2DCC4617-StateMachineUpdater: set stopIndex = 0
2019-09-25 12:05:45,673 [ForkJoinPool.commonPool-worker-0] INFO  impl.RaftServerImpl (ServerState.java:close(385)) - 1b5f48e1-875d-49d5-a3ca-2607cd8d3943@group-903B2DCC4617: closes. applyIndex: 0
2019-09-25 12:05:45,673 [1b5f48e1-875d-49d5-a3ca-2607cd8d3943@group-903B2DCC4617-SegmentedRaftLogWorker] INFO  segmented.SegmentedRaftLogWorker (SegmentedRaftLogWorker.java:run(313)) - 1b5f48e1-875d-49d5-a3ca-2607cd8d3943@group-903B2DCC4617-SegmentedRaftLogWorker was interrupted, exiting. There are 0 tasks remaining in the queue.
2019-09-25 12:05:45,675 [ForkJoinPool.commonPool-worker-0] INFO  segmented.SegmentedRaftLogWorker (SegmentedRaftLogWorker.java:close(228)) - 1b5f48e1-875d-49d5-a3ca-2607cd8d3943@group-903B2DCC4617-SegmentedRaftLogWorker close()
2019-09-25 12:05:45,677 [ForkJoinPool.commonPool-worker-0] INFO  impl.RaftServerImpl (RaftServerImpl.java:lambda$shutdown$3(251)) - 1b5f48e1-875d-49d5-a3ca-2607cd8d3943@group-117708339C66: shutdown
2019-09-25 12:05:45,678 [main] INFO  ozoneimpl.OzoneContainer (OzoneContainer.java:stop(231)) - Attempting to stop container services.
2019-09-25 12:05:45,678 [ForkJoinPool.commonPool-worker-0] INFO  util.JmxRegister (JmxRegister.java:unregister(73)) - Successfully un-registered JMX Bean with object name Ratis:service=RaftServer,group=group-117708339C66,id=1b5f48e1-875d-49d5-a3ca-2607cd8d3943
2019-09-25 12:05:45,678 [main] INFO  impl.RaftServerProxy (RaftServerProxy.java:lambda$close$4(314)) - 29c22799-2be0-4ff1-960a-e2f5fb4c56d9: close
2019-09-25 12:05:45,678 [ForkJoinPool.commonPool-worker-0] INFO  impl.RoleInfo (RoleInfo.java:shutdownLeaderState(104)) - 1b5f48e1-875d-49d5-a3ca-2607cd8d3943: shutdown LeaderState
2019-09-25 12:05:45,679 [main] INFO  impl.RaftServerImpl (RaftServerImpl.java:lambda$shutdown$3(251)) - 29c22799-2be0-4ff1-960a-e2f5fb4c56d9@group-7EB7F035A074: shutdown
2019-09-25 12:05:45,680 [main] INFO  util.JmxRegister (JmxRegister.java:unregister(73)) - Successfully un-registered JMX Bean with object name Ratis:service=RaftServer,group=group-7EB7F035A074,id=29c22799-2be0-4ff1-960a-e2f5fb4c56d9
2019-09-25 12:05:45,679 [ForkJoinPool.commonPool-worker-0] INFO  impl.PendingRequests (PendingRequests.java:sendNotLeaderResponses(202)) - 1b5f48e1-875d-49d5-a3ca-2607cd8d3943-PendingRequests: sendNotLeaderResponses
2019-09-25 12:05:45,680 [main] INFO  impl.RoleInfo (RoleInfo.java:shutdownLeaderState(104)) - 29c22799-2be0-4ff1-960a-e2f5fb4c56d9: shutdown LeaderState
2019-09-25 12:05:45,680 [ForkJoinPool.commonPool-worker-0] INFO  impl.StateMachineUpdater (StateMachineUpdater.java:stopAndJoin(125)) - 1b5f48e1-875d-49d5-a3ca-2607cd8d3943@group-117708339C66-StateMachineUpdater: set stopIndex = 0
2019-09-25 12:05:45,681 [main] INFO  impl.PendingRequests (PendingRequests.java:sendNotLeaderResponses(202)) - 29c22799-2be0-4ff1-960a-e2f5fb4c56d9-PendingRequests: sendNotLeaderResponses
2019-09-25 12:05:45,681 [ForkJoinPool.commonPool-worker-0] INFO  impl.RaftServerImpl (ServerState.java:close(385)) - 1b5f48e1-875d-49d5-a3ca-2607cd8d3943@group-117708339C66: closes. applyIndex: 0
2019-09-25 12:05:45,681 [main] INFO  impl.StateMachineUpdater (StateMachineUpdater.java:stopAndJoin(125)) - 29c22799-2be0-4ff1-960a-e2f5fb4c56d9@group-7EB7F035A074-StateMachineUpdater: set stopIndex = 0
2019-09-25 12:05:45,682 [main] INFO  impl.RaftServerImpl (ServerState.java:close(385)) - 29c22799-2be0-4ff1-960a-e2f5fb4c56d9@group-7EB7F035A074: closes. applyIndex: 0
2019-09-25 12:05:45,682 [1b5f48e1-875d-49d5-a3ca-2607cd8d3943@group-117708339C66-SegmentedRaftLogWorker] INFO  segmented.SegmentedRaftLogWorker (SegmentedRaftLogWorker.java:run(313)) - 1b5f48e1-875d-49d5-a3ca-2607cd8d3943@group-117708339C66-SegmentedRaftLogWorker was interrupted, exiting. There are 0 tasks remaining in the queue.
2019-09-25 12:05:45,683 [29c22799-2be0-4ff1-960a-e2f5fb4c56d9@group-7EB7F035A074-SegmentedRaftLogWorker] INFO  segmented.SegmentedRaftLogWorker (SegmentedRaftLogWorker.java:run(313)) - 29c22799-2be0-4ff1-960a-e2f5fb4c56d9@group-7EB7F035A074-SegmentedRaftLogWorker was interrupted, exiting. There are 0 tasks remaining in the queue.
2019-09-25 12:05:45,685 [ForkJoinPool.commonPool-worker-0] INFO  segmented.SegmentedRaftLogWorker (SegmentedRaftLogWorker.java:close(228)) - 1b5f48e1-875d-49d5-a3ca-2607cd8d3943@group-117708339C66-SegmentedRaftLogWorker close()
2019-09-25 12:05:45,685 [main] INFO  segmented.SegmentedRaftLogWorker (SegmentedRaftLogWorker.java:close(228)) - 29c22799-2be0-4ff1-960a-e2f5fb4c56d9@group-7EB7F035A074-SegmentedRaftLogWorker close()
2019-09-25 12:05:45,687 [ForkJoinPool.commonPool-worker-0] INFO  impl.RaftServerImpl (RaftServerImpl.java:lambda$shutdown$3(251)) - 1b5f48e1-875d-49d5-a3ca-2607cd8d3943@group-54FBA95C6F49: shutdown
2019-09-25 12:05:45,693 [ForkJoinPool.commonPool-worker-0] INFO  util.JmxRegister (JmxRegister.java:unregister(73)) - Successfully un-registered JMX Bean with object name Ratis:service=RaftServer,group=group-54FBA95C6F49,id=1b5f48e1-875d-49d5-a3ca-2607cd8d3943
2019-09-25 12:05:45,694 [ForkJoinPool.commonPool-worker-0] INFO  impl.RoleInfo (RoleInfo.java:shutdownLeaderState(104)) - 1b5f48e1-875d-49d5-a3ca-2607cd8d3943: shutdown LeaderState
2019-09-25 12:05:45,693 [main] INFO  impl.RaftServerImpl (RaftServerImpl.java:lambda$shutdown$3(251)) - 29c22799-2be0-4ff1-960a-e2f5fb4c56d9@group-F5FB9DACBD0A: shutdown
2019-09-25 12:05:45,694 [ForkJoinPool.commonPool-worker-0] INFO  impl.PendingRequests (PendingRequests.java:sendNotLeaderResponses(202)) - 1b5f48e1-875d-49d5-a3ca-2607cd8d3943-PendingRequests: sendNotLeaderResponses
2019-09-25 12:05:45,694 [main] INFO  util.JmxRegister (JmxRegister.java:unregister(73)) - Successfully un-registered JMX Bean with object name Ratis:service=RaftServer,group=group-F5FB9DACBD0A,id=29c22799-2be0-4ff1-960a-e2f5fb4c56d9
2019-09-25 12:05:45,694 [ForkJoinPool.commonPool-worker-0] INFO  impl.StateMachineUpdater (StateMachineUpdater.java:stopAndJoin(125)) - 1b5f48e1-875d-49d5-a3ca-2607cd8d3943@group-54FBA95C6F49-StateMachineUpdater: set stopIndex = 0
2019-09-25 12:05:45,695 [main] INFO  impl.RoleInfo (RoleInfo.java:shutdownLeaderState(104)) - 29c22799-2be0-4ff1-960a-e2f5fb4c56d9: shutdown LeaderState
2019-09-25 12:05:45,695 [ForkJoinPool.commonPool-worker-0] INFO  impl.RaftServerImpl (ServerState.java:close(385)) - 1b5f48e1-875d-49d5-a3ca-2607cd8d3943@group-54FBA95C6F49: closes. applyIndex: 0
2019-09-25 12:05:45,696 [main] INFO  impl.PendingRequests (PendingRequests.java:sendNotLeaderResponses(202)) - 29c22799-2be0-4ff1-960a-e2f5fb4c56d9-PendingRequests: sendNotLeaderResponses
2019-09-25 12:05:45,696 [1b5f48e1-875d-49d5-a3ca-2607cd8d3943@group-54FBA95C6F49-SegmentedRaftLogWorker] INFO  segmented.SegmentedRaftLogWorker (SegmentedRaftLogWorker.java:run(313)) - 1b5f48e1-875d-49d5-a3ca-2607cd8d3943@group-54FBA95C6F49-SegmentedRaftLogWorker was interrupted, exiting. There are 0 tasks remaining in the queue.
2019-09-25 12:05:45,696 [main] INFO  impl.StateMachineUpdater (StateMachineUpdater.java:stopAndJoin(125)) - 29c22799-2be0-4ff1-960a-e2f5fb4c56d9@group-F5FB9DACBD0A-StateMachineUpdater: set stopIndex = 0
2019-09-25 12:05:45,696 [ForkJoinPool.commonPool-worker-0] INFO  segmented.SegmentedRaftLogWorker (SegmentedRaftLogWorker.java:close(228)) - 1b5f48e1-875d-49d5-a3ca-2607cd8d3943@group-54FBA95C6F49-SegmentedRaftLogWorker close()
2019-09-25 12:05:45,697 [main] INFO  impl.RaftServerImpl (ServerState.java:close(385)) - 29c22799-2be0-4ff1-960a-e2f5fb4c56d9@group-F5FB9DACBD0A: closes. applyIndex: 0
2019-09-25 12:05:45,699 [ForkJoinPool.commonPool-worker-0] INFO  impl.RaftServerImpl (RaftServerImpl.java:lambda$shutdown$3(251)) - 1b5f48e1-875d-49d5-a3ca-2607cd8d3943@group-9D730E9969B8: shutdown
2019-09-25 12:05:45,699 [29c22799-2be0-4ff1-960a-e2f5fb4c56d9@group-F5FB9DACBD0A-SegmentedRaftLogWorker] INFO  segmented.SegmentedRaftLogWorker (SegmentedRaftLogWorker.java:run(313)) - 29c22799-2be0-4ff1-960a-e2f5fb4c56d9@group-F5FB9DACBD0A-SegmentedRaftLogWorker was interrupted, exiting. There are 0 tasks remaining in the queue.
2019-09-25 12:05:45,700 [ForkJoinPool.commonPool-worker-0] INFO  util.JmxRegister (JmxRegister.java:unregister(73)) - Successfully un-registered JMX Bean with object name Ratis:service=RaftServer,group=group-9D730E9969B8,id=1b5f48e1-875d-49d5-a3ca-2607cd8d3943
2019-09-25 12:05:45,703 [main] INFO  segmented.SegmentedRaftLogWorker (SegmentedRaftLogWorker.java:close(228)) - 29c22799-2be0-4ff1-960a-e2f5fb4c56d9@group-F5FB9DACBD0A-SegmentedRaftLogWorker close()
2019-09-25 12:05:45,703 [ForkJoinPool.commonPool-worker-0] INFO  impl.RoleInfo (RoleInfo.java:shutdownLeaderState(104)) - 1b5f48e1-875d-49d5-a3ca-2607cd8d3943: shutdown LeaderState
2019-09-25 12:05:45,706 [main] INFO  impl.RaftServerImpl (RaftServerImpl.java:lambda$shutdown$3(251)) - 29c22799-2be0-4ff1-960a-e2f5fb4c56d9@group-FF5723060E79: shutdown
2019-09-25 12:05:45,707 [ForkJoinPool.commonPool-worker-0] INFO  impl.PendingRequests (PendingRequests.java:sendNotLeaderResponses(202)) - 1b5f48e1-875d-49d5-a3ca-2607cd8d3943-PendingRequests: sendNotLeaderResponses
2019-09-25 12:05:45,707 [main] INFO  util.JmxRegister (JmxRegister.java:unregister(73)) - Successfully un-registered JMX Bean with object name Ratis:service=RaftServer,group=group-FF5723060E79,id=29c22799-2be0-4ff1-960a-e2f5fb4c56d9
2019-09-25 12:05:45,707 [ForkJoinPool.commonPool-worker-0] INFO  impl.StateMachineUpdater (StateMachineUpdater.java:stopAndJoin(125)) - 1b5f48e1-875d-49d5-a3ca-2607cd8d3943@group-9D730E9969B8-StateMachineUpdater: set stopIndex = 0
2019-09-25 12:05:45,708 [main] INFO  impl.RoleInfo (RoleInfo.java:shutdownLeaderState(104)) - 29c22799-2be0-4ff1-960a-e2f5fb4c56d9: shutdown LeaderState
2019-09-25 12:05:45,708 [ForkJoinPool.commonPool-worker-0] INFO  impl.RaftServerImpl (ServerState.java:close(385)) - 1b5f48e1-875d-49d5-a3ca-2607cd8d3943@group-9D730E9969B8: closes. applyIndex: 0
2019-09-25 12:05:45,708 [main] INFO  impl.PendingRequests (PendingRequests.java:sendNotLeaderResponses(202)) - 29c22799-2be0-4ff1-960a-e2f5fb4c56d9-PendingRequests: sendNotLeaderResponses
2019-09-25 12:05:45,709 [1b5f48e1-875d-49d5-a3ca-2607cd8d3943@group-9D730E9969B8-SegmentedRaftLogWorker] INFO  segmented.SegmentedRaftLogWorker (SegmentedRaftLogWorker.java:run(313)) - 1b5f48e1-875d-49d5-a3ca-2607cd8d3943@group-9D730E9969B8-SegmentedRaftLogWorker was interrupted, exiting. There are 0 tasks remaining in the queue.
2019-09-25 12:05:45,709 [main] INFO  impl.StateMachineUpdater (StateMachineUpdater.java:stopAndJoin(125)) - 29c22799-2be0-4ff1-960a-e2f5fb4c56d9@group-FF5723060E79-StateMachineUpdater: set stopIndex = 0
2019-09-25 12:05:45,709 [main] INFO  impl.RaftServerImpl (ServerState.java:close(385)) - 29c22799-2be0-4ff1-960a-e2f5fb4c56d9@group-FF5723060E79: closes. applyIndex: 0
2019-09-25 12:05:45,709 [ForkJoinPool.commonPool-worker-0] INFO  segmented.SegmentedRaftLogWorker (SegmentedRaftLogWorker.java:close(228)) - 1b5f48e1-875d-49d5-a3ca-2607cd8d3943@group-9D730E9969B8-SegmentedRaftLogWorker close()
2019-09-25 12:05:45,710 [29c22799-2be0-4ff1-960a-e2f5fb4c56d9@group-FF5723060E79-SegmentedRaftLogWorker] INFO  segmented.SegmentedRaftLogWorker (SegmentedRaftLogWorker.java:run(313)) - 29c22799-2be0-4ff1-960a-e2f5fb4c56d9@group-FF5723060E79-SegmentedRaftLogWorker was interrupted, exiting. There are 0 tasks remaining in the queue.
2019-09-25 12:05:45,713 [ForkJoinPool.commonPool-worker-0] INFO  impl.RaftServerImpl (RaftServerImpl.java:lambda$shutdown$3(251)) - 1b5f48e1-875d-49d5-a3ca-2607cd8d3943@group-2388CA4C89F7: shutdown
2019-09-25 12:05:45,716 [main] INFO  segmented.SegmentedRaftLogWorker (SegmentedRaftLogWorker.java:close(228)) - 29c22799-2be0-4ff1-960a-e2f5fb4c56d9@group-FF5723060E79-SegmentedRaftLogWorker close()
2019-09-25 12:05:45,717 [ForkJoinPool.commonPool-worker-0] INFO  util.JmxRegister (JmxRegister.java:unregister(73)) - Successfully un-registered JMX Bean with object name Ratis:service=RaftServer,group=group-2388CA4C89F7,id=1b5f48e1-875d-49d5-a3ca-2607cd8d3943
2019-09-25 12:05:45,720 [main] INFO  impl.RaftServerImpl (RaftServerImpl.java:lambda$shutdown$3(251)) - 29c22799-2be0-4ff1-960a-e2f5fb4c56d9@group-7C8C72F54EB9: shutdown
2019-09-25 12:05:45,720 [ForkJoinPool.commonPool-worker-0] INFO  impl.RoleInfo (RoleInfo.java:shutdownLeaderState(104)) - 1b5f48e1-875d-49d5-a3ca-2607cd8d3943: shutdown LeaderState
2019-09-25 12:05:45,720 [main] INFO  util.JmxRegister (JmxRegister.java:unregister(73)) - Successfully un-registered JMX Bean with object name Ratis:service=RaftServer,group=group-7C8C72F54EB9,id=29c22799-2be0-4ff1-960a-e2f5fb4c56d9
2019-09-25 12:05:45,721 [ForkJoinPool.commonPool-worker-0] INFO  impl.PendingRequests (PendingRequests.java:sendNotLeaderResponses(202)) - 1b5f48e1-875d-49d5-a3ca-2607cd8d3943-PendingRequests: sendNotLeaderResponses
2019-09-25 12:05:45,721 [main] INFO  impl.RoleInfo (RoleInfo.java:shutdownLeaderState(104)) - 29c22799-2be0-4ff1-960a-e2f5fb4c56d9: shutdown LeaderState
2019-09-25 12:05:45,721 [ForkJoinPool.commonPool-worker-0] INFO  impl.StateMachineUpdater (StateMachineUpdater.java:stopAndJoin(125)) - 1b5f48e1-875d-49d5-a3ca-2607cd8d3943@group-2388CA4C89F7-StateMachineUpdater: set stopIndex = 0
2019-09-25 12:05:45,721 [main] INFO  impl.PendingRequests (PendingRequests.java:sendNotLeaderResponses(202)) - 29c22799-2be0-4ff1-960a-e2f5fb4c56d9-PendingRequests: sendNotLeaderResponses
2019-09-25 12:05:45,722 [ForkJoinPool.commonPool-worker-0] INFO  impl.RaftServerImpl (ServerState.java:close(385)) - 1b5f48e1-875d-49d5-a3ca-2607cd8d3943@group-2388CA4C89F7: closes. applyIndex: 0
2019-09-25 12:05:45,722 [main] INFO  impl.StateMachineUpdater (StateMachineUpdater.java:stopAndJoin(125)) - 29c22799-2be0-4ff1-960a-e2f5fb4c56d9@group-7C8C72F54EB9-StateMachineUpdater: set stopIndex = 0
2019-09-25 12:05:45,722 [main] INFO  impl.RaftServerImpl (ServerState.java:close(385)) - 29c22799-2be0-4ff1-960a-e2f5fb4c56d9@group-7C8C72F54EB9: closes. applyIndex: 0
2019-09-25 12:05:45,722 [1b5f48e1-875d-49d5-a3ca-2607cd8d3943@group-2388CA4C89F7-SegmentedRaftLogWorker] INFO  segmented.SegmentedRaftLogWorker (SegmentedRaftLogWorker.java:run(313)) - 1b5f48e1-875d-49d5-a3ca-2607cd8d3943@group-2388CA4C89F7-SegmentedRaftLogWorker was interrupted, exiting. There are 0 tasks remaining in the queue.
2019-09-25 12:05:45,723 [29c22799-2be0-4ff1-960a-e2f5fb4c56d9@group-7C8C72F54EB9-SegmentedRaftLogWorker] INFO  segmented.SegmentedRaftLogWorker (SegmentedRaftLogWorker.java:run(313)) - 29c22799-2be0-4ff1-960a-e2f5fb4c56d9@group-7C8C72F54EB9-SegmentedRaftLogWorker was interrupted, exiting. There are 0 tasks remaining in the queue.
2019-09-25 12:05:45,723 [ForkJoinPool.commonPool-worker-0] INFO  segmented.SegmentedRaftLogWorker (SegmentedRaftLogWorker.java:close(228)) - 1b5f48e1-875d-49d5-a3ca-2607cd8d3943@group-2388CA4C89F7-SegmentedRaftLogWorker close()
2019-09-25 12:05:45,723 [main] INFO  segmented.SegmentedRaftLogWorker (SegmentedRaftLogWorker.java:close(228)) - 29c22799-2be0-4ff1-960a-e2f5fb4c56d9@group-7C8C72F54EB9-SegmentedRaftLogWorker close()
2019-09-25 12:05:45,726 [ForkJoinPool.commonPool-worker-0] INFO  server.GrpcService (GrpcService.java:closeImpl(164)) - 1b5f48e1-875d-49d5-a3ca-2607cd8d3943: shutdown server with port 34544 now
2019-09-25 12:05:45,729 [main] INFO  impl.RaftServerImpl (RaftServerImpl.java:lambda$shutdown$3(251)) - 29c22799-2be0-4ff1-960a-e2f5fb4c56d9@group-0B84192FA04D: shutdown
2019-09-25 12:05:45,730 [main] INFO  util.JmxRegister (JmxRegister.java:unregister(73)) - Successfully un-registered JMX Bean with object name Ratis:service=RaftServer,group=group-0B84192FA04D,id=29c22799-2be0-4ff1-960a-e2f5fb4c56d9
2019-09-25 12:05:45,733 [ForkJoinPool.commonPool-worker-0] INFO  server.GrpcService (GrpcService.java:closeImpl(172)) - 1b5f48e1-875d-49d5-a3ca-2607cd8d3943: shutdown server with port 34544 successfully
2019-09-25 12:05:45,733 [main] INFO  impl.RoleInfo (RoleInfo.java:shutdownLeaderState(104)) - 29c22799-2be0-4ff1-960a-e2f5fb4c56d9: shutdown LeaderState
2019-09-25 12:05:45,733 [main] INFO  impl.PendingRequests (PendingRequests.java:sendNotLeaderResponses(202)) - 29c22799-2be0-4ff1-960a-e2f5fb4c56d9-PendingRequests: sendNotLeaderResponses
2019-09-25 12:05:45,734 [main] INFO  impl.StateMachineUpdater (StateMachineUpdater.java:stopAndJoin(125)) - 29c22799-2be0-4ff1-960a-e2f5fb4c56d9@group-0B84192FA04D-StateMachineUpdater: set stopIndex = 0
2019-09-25 12:05:45,734 [main] INFO  impl.RaftServerImpl (ServerState.java:close(385)) - 29c22799-2be0-4ff1-960a-e2f5fb4c56d9@group-0B84192FA04D: closes. applyIndex: 0
2019-09-25 12:05:45,735 [29c22799-2be0-4ff1-960a-e2f5fb4c56d9@group-0B84192FA04D-SegmentedRaftLogWorker] INFO  segmented.SegmentedRaftLogWorker (SegmentedRaftLogWorker.java:run(313)) - 29c22799-2be0-4ff1-960a-e2f5fb4c56d9@group-0B84192FA04D-SegmentedRaftLogWorker was interrupted, exiting. There are 0 tasks remaining in the queue.
2019-09-25 12:05:45,738 [main] INFO  segmented.SegmentedRaftLogWorker (SegmentedRaftLogWorker.java:close(228)) - 29c22799-2be0-4ff1-960a-e2f5fb4c56d9@group-0B84192FA04D-SegmentedRaftLogWorker close()
2019-09-25 12:05:45,738 [refreshUsed-/workdir/hadoop-ozone/integration-test/target/test-dir/MiniOzoneClusterImpl-0814cdd2-95b4-491b-95c0-a7203a111cc5/datanode-2/data/containers] WARN  fs.CachingGetSpaceUsed (CachingGetSpaceUsed.java:run(183)) - Thread Interrupted waiting to refresh disk information: sleep interrupted
2019-09-25 12:05:45,742 [main] INFO  impl.RaftServerImpl (RaftServerImpl.java:lambda$shutdown$3(251)) - 29c22799-2be0-4ff1-960a-e2f5fb4c56d9@group-36959136CB44: shutdown
2019-09-25 12:05:45,743 [main] INFO  util.JmxRegister (JmxRegister.java:unregister(73)) - Successfully un-registered JMX Bean with object name Ratis:service=RaftServer,group=group-36959136CB44,id=29c22799-2be0-4ff1-960a-e2f5fb4c56d9
2019-09-25 12:05:45,744 [main] INFO  impl.RoleInfo (RoleInfo.java:shutdownLeaderState(104)) - 29c22799-2be0-4ff1-960a-e2f5fb4c56d9: shutdown LeaderState
2019-09-25 12:05:45,744 [main] INFO  impl.PendingRequests (PendingRequests.java:sendNotLeaderResponses(202)) - 29c22799-2be0-4ff1-960a-e2f5fb4c56d9-PendingRequests: sendNotLeaderResponses
2019-09-25 12:05:45,745 [main] INFO  impl.StateMachineUpdater (StateMachineUpdater.java:stopAndJoin(125)) - 29c22799-2be0-4ff1-960a-e2f5fb4c56d9@group-36959136CB44-StateMachineUpdater: set stopIndex = 0
2019-09-25 12:05:45,746 [main] INFO  impl.RaftServerImpl (ServerState.java:close(385)) - 29c22799-2be0-4ff1-960a-e2f5fb4c56d9@group-36959136CB44: closes. applyIndex: 0
2019-09-25 12:05:45,746 [29c22799-2be0-4ff1-960a-e2f5fb4c56d9@group-36959136CB44-SegmentedRaftLogWorker] INFO  segmented.SegmentedRaftLogWorker (SegmentedRaftLogWorker.java:run(313)) - 29c22799-2be0-4ff1-960a-e2f5fb4c56d9@group-36959136CB44-SegmentedRaftLogWorker was interrupted, exiting. There are 0 tasks remaining in the queue.
2019-09-25 12:05:45,746 [main] INFO  segmented.SegmentedRaftLogWorker (SegmentedRaftLogWorker.java:close(228)) - 29c22799-2be0-4ff1-960a-e2f5fb4c56d9@group-36959136CB44-SegmentedRaftLogWorker close()
2019-09-25 12:05:45,750 [main] INFO  server.GrpcService (GrpcService.java:closeImpl(164)) - 29c22799-2be0-4ff1-960a-e2f5fb4c56d9: shutdown server with port 46053 now
2019-09-25 12:05:45,753 [main] INFO  server.GrpcService (GrpcService.java:closeImpl(172)) - 29c22799-2be0-4ff1-960a-e2f5fb4c56d9: shutdown server with port 46053 successfully
2019-09-25 12:05:45,758 [refreshUsed-/workdir/hadoop-ozone/integration-test/target/test-dir/MiniOzoneClusterImpl-0814cdd2-95b4-491b-95c0-a7203a111cc5/datanode-3/data/containers] WARN  fs.CachingGetSpaceUsed (CachingGetSpaceUsed.java:run(183)) - Thread Interrupted waiting to refresh disk information: sleep interrupted
2019-09-25 12:05:45,774 [ForkJoinPool.commonPool-worker-0] INFO  utils.BackgroundService (BackgroundService.java:shutdown(148)) - Shutting down service BlockDeletingService
2019-09-25 12:05:45,782 [ForkJoinPool.commonPool-worker-0] INFO  statemachine.DatanodeStateMachine (DatanodeStateMachine.java:stopDaemon(395)) - Ozone container server stopped.
2019-09-25 12:05:45,791 [ForkJoinPool.commonPool-worker-0] INFO  handler.ContextHandler (ContextHandler.java:doStop(910)) - Stopped o.e.j.w.WebAppContext@2616b618{/,null,UNAVAILABLE}{/hddsDatanode}
2019-09-25 12:05:45,792 [main] INFO  utils.BackgroundService (BackgroundService.java:shutdown(148)) - Shutting down service BlockDeletingService
2019-09-25 12:05:45,792 [ForkJoinPool.commonPool-worker-0] INFO  server.AbstractConnector (AbstractConnector.java:doStop(318)) - Stopped ServerConnector@73bb573d{HTTP/1.1,[http/1.1]}{0.0.0.0:0}
2019-09-25 12:05:45,800 [main] INFO  statemachine.DatanodeStateMachine (DatanodeStateMachine.java:stopDaemon(395)) - Ozone container server stopped.
2019-09-25 12:05:45,800 [ForkJoinPool.commonPool-worker-0] INFO  handler.ContextHandler (ContextHandler.java:doStop(910)) - Stopped o.e.j.s.ServletContextHandler@649b5891{/static,jar:file:/home/user/.m2/repository/org/apache/hadoop/hadoop-hdds-container-service/0.5.0-SNAPSHOT/hadoop-hdds-container-service-0.5.0-SNAPSHOT.jar!/webapps/static,UNAVAILABLE}
2019-09-25 12:05:45,803 [ForkJoinPool.commonPool-worker-0] INFO  handler.ContextHandler (ContextHandler.java:doStop(910)) - Stopped o.e.j.s.ServletContextHandler@1c1fa494{/logs,file:///workdir/hadoop-ozone/integration-test/target/log,UNAVAILABLE}
2019-09-25 12:05:45,803 [main] INFO  handler.ContextHandler (ContextHandler.java:doStop(910)) - Stopped o.e.j.w.WebAppContext@165614f5{/,null,UNAVAILABLE}{/hddsDatanode}
2019-09-25 12:05:45,804 [main] INFO  server.AbstractConnector (AbstractConnector.java:doStop(318)) - Stopped ServerConnector@6e685e6c{HTTP/1.1,[http/1.1]}{0.0.0.0:0}
2019-09-25 12:05:45,805 [main] INFO  handler.ContextHandler (ContextHandler.java:doStop(910)) - Stopped o.e.j.s.ServletContextHandler@68bd8ca7{/static,jar:file:/home/user/.m2/repository/org/apache/hadoop/hadoop-hdds-container-service/0.5.0-SNAPSHOT/hadoop-hdds-container-service-0.5.0-SNAPSHOT.jar!/webapps/static,UNAVAILABLE}
2019-09-25 12:05:45,805 [main] INFO  handler.ContextHandler (ContextHandler.java:doStop(910)) - Stopped o.e.j.s.ServletContextHandler@65593327{/logs,file:///workdir/hadoop-ozone/integration-test/target/log,UNAVAILABLE}
2019-09-25 12:05:45,964 [Datanode State Machine Thread - 0] INFO  statemachine.DatanodeStateMachine (DatanodeStateMachine.java:lambda$startDaemon$0(350)) - Ozone container server started.
2019-09-25 12:05:46,273 [Datanode State Machine Thread - 0] INFO  statemachine.DatanodeStateMachine (DatanodeStateMachine.java:lambda$startDaemon$0(350)) - Ozone container server started.
2019-09-25 12:05:50,058 [EventQueue-StaleNodeForStaleNodeHandler] INFO  node.StaleNodeHandler (StaleNodeHandler.java:onMessage(58)) - Datanode efa15652-5c5a-4832-a509-1d419d802ac5{ip: 192.168.151.73, host: pr-hdds-1569-shd4m-3693607622, networkLocation: /default-rack, certSerialId: null} moved to stale state. Finalizing its pipelines [PipelineID=aa8fe271-2adf-43f0-81c7-907a17ebd695, PipelineID=1b83f4cf-2ce7-4c35-bddc-67d7a5ae2fef, PipelineID=9d4fe772-543d-4b68-9236-a06825c1dcf1, PipelineID=a2d95065-9ae4-45b3-8623-c5c18b249b7a, PipelineID=87196c1c-e7d3-4c7b-9f53-2fcd5710c3c4, PipelineID=668fd5a6-df87-4aae-9feb-598e75ad1213]
2019-09-25 12:05:50,059 [EventQueue-StaleNodeForStaleNodeHandler] INFO  pipeline.SCMPipelineManager (SCMPipelineManager.java:finalizeAndDestroyPipeline(316)) - destroying pipeline:Pipeline[ Id: aa8fe271-2adf-43f0-81c7-907a17ebd695, Nodes: efa15652-5c5a-4832-a509-1d419d802ac5{ip: 192.168.151.73, host: pr-hdds-1569-shd4m-3693607622, networkLocation: /default-rack, certSerialId: null}, Type:RATIS, Factor:ONE, State:OPEN]
2019-09-25 12:05:50,059 [EventQueue-StaleNodeForStaleNodeHandler] INFO  pipeline.PipelineStateManager (PipelineStateManager.java:finalizePipeline(123)) - Pipeline Pipeline[ Id: aa8fe271-2adf-43f0-81c7-907a17ebd695, Nodes: efa15652-5c5a-4832-a509-1d419d802ac5{ip: 192.168.151.73, host: pr-hdds-1569-shd4m-3693607622, networkLocation: /default-rack, certSerialId: null}, Type:RATIS, Factor:ONE, State:CLOSED] moved to CLOSED state
2019-09-25 12:05:50,059 [EventQueue-StaleNodeForStaleNodeHandler] INFO  pipeline.SCMPipelineManager (SCMPipelineManager.java:finalizeAndDestroyPipeline(316)) - destroying pipeline:Pipeline[ Id: 1b83f4cf-2ce7-4c35-bddc-67d7a5ae2fef, Nodes: efa15652-5c5a-4832-a509-1d419d802ac5{ip: 192.168.151.73, host: pr-hdds-1569-shd4m-3693607622, networkLocation: /default-rack, certSerialId: null}, Type:RATIS, Factor:ONE, State:OPEN]
2019-09-25 12:05:50,060 [EventQueue-StaleNodeForStaleNodeHandler] INFO  pipeline.PipelineStateManager (PipelineStateManager.java:finalizePipeline(123)) - Pipeline Pipeline[ Id: 1b83f4cf-2ce7-4c35-bddc-67d7a5ae2fef, Nodes: efa15652-5c5a-4832-a509-1d419d802ac5{ip: 192.168.151.73, host: pr-hdds-1569-shd4m-3693607622, networkLocation: /default-rack, certSerialId: null}, Type:RATIS, Factor:ONE, State:CLOSED] moved to CLOSED state
2019-09-25 12:05:50,060 [EventQueue-StaleNodeForStaleNodeHandler] INFO  pipeline.SCMPipelineManager (SCMPipelineManager.java:finalizeAndDestroyPipeline(316)) - destroying pipeline:Pipeline[ Id: 9d4fe772-543d-4b68-9236-a06825c1dcf1, Nodes: efa15652-5c5a-4832-a509-1d419d802ac5{ip: 192.168.151.73, host: pr-hdds-1569-shd4m-3693607622, networkLocation: /default-rack, certSerialId: null}, Type:RATIS, Factor:ONE, State:OPEN]
2019-09-25 12:05:50,060 [EventQueue-StaleNodeForStaleNodeHandler] INFO  pipeline.PipelineStateManager (PipelineStateManager.java:finalizePipeline(123)) - Pipeline Pipeline[ Id: 9d4fe772-543d-4b68-9236-a06825c1dcf1, Nodes: efa15652-5c5a-4832-a509-1d419d802ac5{ip: 192.168.151.73, host: pr-hdds-1569-shd4m-3693607622, networkLocation: /default-rack, certSerialId: null}, Type:RATIS, Factor:ONE, State:CLOSED] moved to CLOSED state
2019-09-25 12:05:50,060 [EventQueue-StaleNodeForStaleNodeHandler] INFO  pipeline.SCMPipelineManager (SCMPipelineManager.java:finalizeAndDestroyPipeline(316)) - destroying pipeline:Pipeline[ Id: a2d95065-9ae4-45b3-8623-c5c18b249b7a, Nodes: efa15652-5c5a-4832-a509-1d419d802ac5{ip: 192.168.151.73, host: pr-hdds-1569-shd4m-3693607622, networkLocation: /default-rack, certSerialId: null}, Type:RATIS, Factor:ONE, State:OPEN]
2019-09-25 12:05:50,060 [EventQueue-StaleNodeForStaleNodeHandler] INFO  pipeline.PipelineStateManager (PipelineStateManager.java:finalizePipeline(123)) - Pipeline Pipeline[ Id: a2d95065-9ae4-45b3-8623-c5c18b249b7a, Nodes: efa15652-5c5a-4832-a509-1d419d802ac5{ip: 192.168.151.73, host: pr-hdds-1569-shd4m-3693607622, networkLocation: /default-rack, certSerialId: null}, Type:RATIS, Factor:ONE, State:CLOSED] moved to CLOSED state
2019-09-25 12:05:50,060 [EventQueue-StaleNodeForStaleNodeHandler] INFO  pipeline.SCMPipelineManager (SCMPipelineManager.java:finalizeAndDestroyPipeline(316)) - destroying pipeline:Pipeline[ Id: 87196c1c-e7d3-4c7b-9f53-2fcd5710c3c4, Nodes: efa15652-5c5a-4832-a509-1d419d802ac5{ip: 192.168.151.73, host: pr-hdds-1569-shd4m-3693607622, networkLocation: /default-rack, certSerialId: null}, Type:RATIS, Factor:ONE, State:OPEN]
2019-09-25 12:05:50,061 [EventQueue-StaleNodeForStaleNodeHandler] INFO  pipeline.PipelineStateManager (PipelineStateManager.java:finalizePipeline(123)) - Pipeline Pipeline[ Id: 87196c1c-e7d3-4c7b-9f53-2fcd5710c3c4, Nodes: efa15652-5c5a-4832-a509-1d419d802ac5{ip: 192.168.151.73, host: pr-hdds-1569-shd4m-3693607622, networkLocation: /default-rack, certSerialId: null}, Type:RATIS, Factor:ONE, State:CLOSED] moved to CLOSED state
2019-09-25 12:05:50,061 [EventQueue-StaleNodeForStaleNodeHandler] INFO  pipeline.SCMPipelineManager (SCMPipelineManager.java:finalizeAndDestroyPipeline(316)) - destroying pipeline:Pipeline[ Id: 668fd5a6-df87-4aae-9feb-598e75ad1213, Nodes: efa15652-5c5a-4832-a509-1d419d802ac5{ip: 192.168.151.73, host: pr-hdds-1569-shd4m-3693607622, networkLocation: /default-rack, certSerialId: null}, Type:RATIS, Factor:ONE, State:OPEN]
2019-09-25 12:05:50,061 [EventQueue-StaleNodeForStaleNodeHandler] INFO  pipeline.PipelineStateManager (PipelineStateManager.java:finalizePipeline(123)) - Pipeline Pipeline[ Id: 668fd5a6-df87-4aae-9feb-598e75ad1213, Nodes: efa15652-5c5a-4832-a509-1d419d802ac5{ip: 192.168.151.73, host: pr-hdds-1569-shd4m-3693607622, networkLocation: /default-rack, certSerialId: null}, Type:RATIS, Factor:ONE, State:CLOSED] moved to CLOSED state
2019-09-25 12:05:50,362 [EventQueue-StaleNodeForStaleNodeHandler] INFO  node.StaleNodeHandler (StaleNodeHandler.java:onMessage(58)) - Datanode 4a53ed6f-dce3-4b1f-9e89-8e0e17f074cc{ip: 192.168.151.73, host: pr-hdds-1569-shd4m-3693607622, networkLocation: /default-rack, certSerialId: null} moved to stale state. Finalizing its pipelines [PipelineID=6a31ec78-688f-4e4c-b274-5bed89a24c71, PipelineID=351631d1-52c9-4b57-a3a9-f80c7622bf2e, PipelineID=a3d64f74-45f7-40d2-8da5-6b23330beb6d, PipelineID=0fe91097-e10b-4c2b-bb34-1b9bc9ea6282, PipelineID=71142c78-9daf-43e4-9c55-b4cb4a1ea249, PipelineID=49972224-f781-4836-b27b-674bbe556ade]
2019-09-25 12:05:50,362 [EventQueue-StaleNodeForStaleNodeHandler] INFO  pipeline.SCMPipelineManager (SCMPipelineManager.java:finalizeAndDestroyPipeline(316)) - destroying pipeline:Pipeline[ Id: 6a31ec78-688f-4e4c-b274-5bed89a24c71, Nodes: 4a53ed6f-dce3-4b1f-9e89-8e0e17f074cc{ip: 192.168.151.73, host: pr-hdds-1569-shd4m-3693607622, networkLocation: /default-rack, certSerialId: null}, Type:RATIS, Factor:ONE, State:OPEN]
2019-09-25 12:05:50,363 [EventQueue-StaleNodeForStaleNodeHandler] INFO  pipeline.PipelineStateManager (PipelineStateManager.java:finalizePipeline(123)) - Pipeline Pipeline[ Id: 6a31ec78-688f-4e4c-b274-5bed89a24c71, Nodes: 4a53ed6f-dce3-4b1f-9e89-8e0e17f074cc{ip: 192.168.151.73, host: pr-hdds-1569-shd4m-3693607622, networkLocation: /default-rack, certSerialId: null}, Type:RATIS, Factor:ONE, State:CLOSED] moved to CLOSED state
2019-09-25 12:05:50,363 [EventQueue-StaleNodeForStaleNodeHandler] INFO  pipeline.SCMPipelineManager (SCMPipelineManager.java:finalizeAndDestroyPipeline(316)) - destroying pipeline:Pipeline[ Id: 351631d1-52c9-4b57-a3a9-f80c7622bf2e, Nodes: 4a53ed6f-dce3-4b1f-9e89-8e0e17f074cc{ip: 192.168.151.73, host: pr-hdds-1569-shd4m-3693607622, networkLocation: /default-rack, certSerialId: null}, Type:RATIS, Factor:ONE, State:OPEN]
2019-09-25 12:05:50,363 [EventQueue-StaleNodeForStaleNodeHandler] INFO  pipeline.PipelineStateManager (PipelineStateManager.java:finalizePipeline(123)) - Pipeline Pipeline[ Id: 351631d1-52c9-4b57-a3a9-f80c7622bf2e, Nodes: 4a53ed6f-dce3-4b1f-9e89-8e0e17f074cc{ip: 192.168.151.73, host: pr-hdds-1569-shd4m-3693607622, networkLocation: /default-rack, certSerialId: null}, Type:RATIS, Factor:ONE, State:CLOSED] moved to CLOSED state
2019-09-25 12:05:50,363 [EventQueue-StaleNodeForStaleNodeHandler] INFO  pipeline.SCMPipelineManager (SCMPipelineManager.java:finalizeAndDestroyPipeline(316)) - destroying pipeline:Pipeline[ Id: a3d64f74-45f7-40d2-8da5-6b23330beb6d, Nodes: 4a53ed6f-dce3-4b1f-9e89-8e0e17f074cc{ip: 192.168.151.73, host: pr-hdds-1569-shd4m-3693607622, networkLocation: /default-rack, certSerialId: null}, Type:RATIS, Factor:ONE, State:OPEN]
2019-09-25 12:05:50,363 [EventQueue-StaleNodeForStaleNodeHandler] INFO  pipeline.PipelineStateManager (PipelineStateManager.java:finalizePipeline(123)) - Pipeline Pipeline[ Id: a3d64f74-45f7-40d2-8da5-6b23330beb6d, Nodes: 4a53ed6f-dce3-4b1f-9e89-8e0e17f074cc{ip: 192.168.151.73, host: pr-hdds-1569-shd4m-3693607622, networkLocation: /default-rack, certSerialId: null}, Type:RATIS, Factor:ONE, State:CLOSED] moved to CLOSED state
2019-09-25 12:05:50,364 [EventQueue-StaleNodeForStaleNodeHandler] INFO  pipeline.SCMPipelineManager (SCMPipelineManager.java:finalizeAndDestroyPipeline(316)) - destroying pipeline:Pipeline[ Id: 0fe91097-e10b-4c2b-bb34-1b9bc9ea6282, Nodes: 4a53ed6f-dce3-4b1f-9e89-8e0e17f074cc{ip: 192.168.151.73, host: pr-hdds-1569-shd4m-3693607622, networkLocation: /default-rack, certSerialId: null}, Type:RATIS, Factor:ONE, State:OPEN]
2019-09-25 12:05:50,364 [EventQueue-StaleNodeForStaleNodeHandler] INFO  pipeline.PipelineStateManager (PipelineStateManager.java:finalizePipeline(123)) - Pipeline Pipeline[ Id: 0fe91097-e10b-4c2b-bb34-1b9bc9ea6282, Nodes: 4a53ed6f-dce3-4b1f-9e89-8e0e17f074cc{ip: 192.168.151.73, host: pr-hdds-1569-shd4m-3693607622, networkLocation: /default-rack, certSerialId: null}, Type:RATIS, Factor:ONE, State:CLOSED] moved to CLOSED state
2019-09-25 12:05:50,364 [EventQueue-StaleNodeForStaleNodeHandler] INFO  pipeline.SCMPipelineManager (SCMPipelineManager.java:finalizeAndDestroyPipeline(316)) - destroying pipeline:Pipeline[ Id: 71142c78-9daf-43e4-9c55-b4cb4a1ea249, Nodes: 4a53ed6f-dce3-4b1f-9e89-8e0e17f074cc{ip: 192.168.151.73, host: pr-hdds-1569-shd4m-3693607622, networkLocation: /default-rack, certSerialId: null}, Type:RATIS, Factor:ONE, State:OPEN]
2019-09-25 12:05:50,364 [EventQueue-StaleNodeForStaleNodeHandler] INFO  pipeline.PipelineStateManager (PipelineStateManager.java:finalizePipeline(123)) - Pipeline Pipeline[ Id: 71142c78-9daf-43e4-9c55-b4cb4a1ea249, Nodes: 4a53ed6f-dce3-4b1f-9e89-8e0e17f074cc{ip: 192.168.151.73, host: pr-hdds-1569-shd4m-3693607622, networkLocation: /default-rack, certSerialId: null}, Type:RATIS, Factor:ONE, State:CLOSED] moved to CLOSED state
2019-09-25 12:05:50,364 [EventQueue-StaleNodeForStaleNodeHandler] INFO  pipeline.SCMPipelineManager (SCMPipelineManager.java:finalizeAndDestroyPipeline(316)) - destroying pipeline:Pipeline[ Id: 49972224-f781-4836-b27b-674bbe556ade, Nodes: 4a53ed6f-dce3-4b1f-9e89-8e0e17f074cc{ip: 192.168.151.73, host: pr-hdds-1569-shd4m-3693607622, networkLocation: /default-rack, certSerialId: null}, Type:RATIS, Factor:ONE, State:OPEN]
2019-09-25 12:05:50,364 [EventQueue-StaleNodeForStaleNodeHandler] INFO  pipeline.PipelineStateManager (PipelineStateManager.java:finalizePipeline(123)) - Pipeline Pipeline[ Id: 49972224-f781-4836-b27b-674bbe556ade, Nodes: 4a53ed6f-dce3-4b1f-9e89-8e0e17f074cc{ip: 192.168.151.73, host: pr-hdds-1569-shd4m-3693607622, networkLocation: /default-rack, certSerialId: null}, Type:RATIS, Factor:ONE, State:CLOSED] moved to CLOSED state
2019-09-25 12:05:50,807 [ForkJoinPool.commonPool-worker-0] INFO  ozoneimpl.OzoneContainer (OzoneContainer.java:stop(231)) - Attempting to stop container services.
2019-09-25 12:05:50,811 [main] INFO  ozoneimpl.OzoneContainer (OzoneContainer.java:stop(231)) - Attempting to stop container services.
2019-09-25 12:05:50,813 [ForkJoinPool.commonPool-worker-0] INFO  impl.RaftServerProxy (RaftServerProxy.java:lambda$close$4(314)) - 4a53ed6f-dce3-4b1f-9e89-8e0e17f074cc: close
2019-09-25 12:05:50,814 [main] INFO  impl.RaftServerProxy (RaftServerProxy.java:lambda$close$4(314)) - efa15652-5c5a-4832-a509-1d419d802ac5: close
2019-09-25 12:05:50,815 [ForkJoinPool.commonPool-worker-0] INFO  impl.RaftServerImpl (RaftServerImpl.java:lambda$shutdown$3(251)) - 4a53ed6f-dce3-4b1f-9e89-8e0e17f074cc@group-6B23330BEB6D: shutdown
2019-09-25 12:05:50,815 [main] INFO  impl.RaftServerImpl (RaftServerImpl.java:lambda$shutdown$3(251)) - efa15652-5c5a-4832-a509-1d419d802ac5@group-67D7A5AE2FEF: shutdown
2019-09-25 12:05:50,815 [ForkJoinPool.commonPool-worker-0] INFO  util.JmxRegister (JmxRegister.java:unregister(73)) - Successfully un-registered JMX Bean with object name Ratis:service=RaftServer,group=group-6B23330BEB6D,id=4a53ed6f-dce3-4b1f-9e89-8e0e17f074cc
2019-09-25 12:05:50,816 [main] INFO  util.JmxRegister (JmxRegister.java:unregister(73)) - Successfully un-registered JMX Bean with object name Ratis:service=RaftServer,group=group-67D7A5AE2FEF,id=efa15652-5c5a-4832-a509-1d419d802ac5
2019-09-25 12:05:50,816 [ForkJoinPool.commonPool-worker-0] INFO  impl.RoleInfo (RoleInfo.java:shutdownLeaderState(104)) - 4a53ed6f-dce3-4b1f-9e89-8e0e17f074cc: shutdown LeaderState
2019-09-25 12:05:50,816 [main] INFO  impl.RoleInfo (RoleInfo.java:shutdownLeaderState(104)) - efa15652-5c5a-4832-a509-1d419d802ac5: shutdown LeaderState
2019-09-25 12:05:50,817 [ForkJoinPool.commonPool-worker-0] INFO  impl.PendingRequests (PendingRequests.java:sendNotLeaderResponses(202)) - 4a53ed6f-dce3-4b1f-9e89-8e0e17f074cc-PendingRequests: sendNotLeaderResponses
2019-09-25 12:05:50,817 [main] INFO  impl.PendingRequests (PendingRequests.java:sendNotLeaderResponses(202)) - efa15652-5c5a-4832-a509-1d419d802ac5-PendingRequests: sendNotLeaderResponses
2019-09-25 12:05:50,819 [main] INFO  impl.StateMachineUpdater (StateMachineUpdater.java:stopAndJoin(125)) - efa15652-5c5a-4832-a509-1d419d802ac5@group-67D7A5AE2FEF-StateMachineUpdater: set stopIndex = 0
2019-09-25 12:05:50,819 [ForkJoinPool.commonPool-worker-0] INFO  impl.StateMachineUpdater (StateMachineUpdater.java:stopAndJoin(125)) - 4a53ed6f-dce3-4b1f-9e89-8e0e17f074cc@group-6B23330BEB6D-StateMachineUpdater: set stopIndex = 0
2019-09-25 12:05:50,819 [main] INFO  impl.RaftServerImpl (ServerState.java:close(385)) - efa15652-5c5a-4832-a509-1d419d802ac5@group-67D7A5AE2FEF: closes. applyIndex: 0
2019-09-25 12:05:50,819 [ForkJoinPool.commonPool-worker-0] INFO  impl.RaftServerImpl (ServerState.java:close(385)) - 4a53ed6f-dce3-4b1f-9e89-8e0e17f074cc@group-6B23330BEB6D: closes. applyIndex: 0
2019-09-25 12:05:50,820 [efa15652-5c5a-4832-a509-1d419d802ac5@group-67D7A5AE2FEF-SegmentedRaftLogWorker] INFO  segmented.SegmentedRaftLogWorker (SegmentedRaftLogWorker.java:run(313)) - efa15652-5c5a-4832-a509-1d419d802ac5@group-67D7A5AE2FEF-SegmentedRaftLogWorker was interrupted, exiting. There are 0 tasks remaining in the queue.
2019-09-25 12:05:50,821 [4a53ed6f-dce3-4b1f-9e89-8e0e17f074cc@group-6B23330BEB6D-SegmentedRaftLogWorker] INFO  segmented.SegmentedRaftLogWorker (SegmentedRaftLogWorker.java:run(313)) - 4a53ed6f-dce3-4b1f-9e89-8e0e17f074cc@group-6B23330BEB6D-SegmentedRaftLogWorker was interrupted, exiting. There are 0 tasks remaining in the queue.
2019-09-25 12:05:50,821 [main] INFO  segmented.SegmentedRaftLogWorker (SegmentedRaftLogWorker.java:close(228)) - efa15652-5c5a-4832-a509-1d419d802ac5@group-67D7A5AE2FEF-SegmentedRaftLogWorker close()
2019-09-25 12:05:50,821 [ForkJoinPool.commonPool-worker-0] INFO  segmented.SegmentedRaftLogWorker (SegmentedRaftLogWorker.java:close(228)) - 4a53ed6f-dce3-4b1f-9e89-8e0e17f074cc@group-6B23330BEB6D-SegmentedRaftLogWorker close()
2019-09-25 12:05:50,824 [main] INFO  impl.RaftServerImpl (RaftServerImpl.java:lambda$shutdown$3(251)) - efa15652-5c5a-4832-a509-1d419d802ac5@group-A06825C1DCF1: shutdown
2019-09-25 12:05:50,827 [ForkJoinPool.commonPool-worker-0] INFO  impl.RaftServerImpl (RaftServerImpl.java:lambda$shutdown$3(251)) - 4a53ed6f-dce3-4b1f-9e89-8e0e17f074cc@group-5BED89A24C71: shutdown
2019-09-25 12:05:50,828 [main] INFO  util.JmxRegister (JmxRegister.java:unregister(73)) - Successfully un-registered JMX Bean with object name Ratis:service=RaftServer,group=group-A06825C1DCF1,id=efa15652-5c5a-4832-a509-1d419d802ac5
2019-09-25 12:05:50,828 [ForkJoinPool.commonPool-worker-0] INFO  util.JmxRegister (JmxRegister.java:unregister(73)) - Successfully un-registered JMX Bean with object name Ratis:service=RaftServer,group=group-5BED89A24C71,id=4a53ed6f-dce3-4b1f-9e89-8e0e17f074cc
2019-09-25 12:05:50,828 [main] INFO  impl.RoleInfo (RoleInfo.java:shutdownLeaderState(104)) - efa15652-5c5a-4832-a509-1d419d802ac5: shutdown LeaderState
2019-09-25 12:05:50,829 [ForkJoinPool.commonPool-worker-0] INFO  impl.RoleInfo (RoleInfo.java:shutdownLeaderState(104)) - 4a53ed6f-dce3-4b1f-9e89-8e0e17f074cc: shutdown LeaderState
2019-09-25 12:05:50,829 [main] INFO  impl.PendingRequests (PendingRequests.java:sendNotLeaderResponses(202)) - efa15652-5c5a-4832-a509-1d419d802ac5-PendingRequests: sendNotLeaderResponses
2019-09-25 12:05:50,829 [ForkJoinPool.commonPool-worker-0] INFO  impl.PendingRequests (PendingRequests.java:sendNotLeaderResponses(202)) - 4a53ed6f-dce3-4b1f-9e89-8e0e17f074cc-PendingRequests: sendNotLeaderResponses
2019-09-25 12:05:50,830 [main] INFO  impl.StateMachineUpdater (StateMachineUpdater.java:stopAndJoin(125)) - efa15652-5c5a-4832-a509-1d419d802ac5@group-A06825C1DCF1-StateMachineUpdater: set stopIndex = 0
2019-09-25 12:05:50,830 [ForkJoinPool.commonPool-worker-0] INFO  impl.StateMachineUpdater (StateMachineUpdater.java:stopAndJoin(125)) - 4a53ed6f-dce3-4b1f-9e89-8e0e17f074cc@group-5BED89A24C71-StateMachineUpdater: set stopIndex = 0
2019-09-25 12:05:50,830 [main] INFO  impl.RaftServerImpl (ServerState.java:close(385)) - efa15652-5c5a-4832-a509-1d419d802ac5@group-A06825C1DCF1: closes. applyIndex: 0
2019-09-25 12:05:50,831 [ForkJoinPool.commonPool-worker-0] INFO  impl.RaftServerImpl (ServerState.java:close(385)) - 4a53ed6f-dce3-4b1f-9e89-8e0e17f074cc@group-5BED89A24C71: closes. applyIndex: 0
2019-09-25 12:05:50,831 [efa15652-5c5a-4832-a509-1d419d802ac5@group-A06825C1DCF1-SegmentedRaftLogWorker] INFO  segmented.SegmentedRaftLogWorker (SegmentedRaftLogWorker.java:run(313)) - efa15652-5c5a-4832-a509-1d419d802ac5@group-A06825C1DCF1-SegmentedRaftLogWorker was interrupted, exiting. There are 0 tasks remaining in the queue.
2019-09-25 12:05:50,832 [main] INFO  segmented.SegmentedRaftLogWorker (SegmentedRaftLogWorker.java:close(228)) - efa15652-5c5a-4832-a509-1d419d802ac5@group-A06825C1DCF1-SegmentedRaftLogWorker close()
2019-09-25 12:05:50,832 [4a53ed6f-dce3-4b1f-9e89-8e0e17f074cc@group-5BED89A24C71-SegmentedRaftLogWorker] INFO  segmented.SegmentedRaftLogWorker (SegmentedRaftLogWorker.java:run(313)) - 4a53ed6f-dce3-4b1f-9e89-8e0e17f074cc@group-5BED89A24C71-SegmentedRaftLogWorker was interrupted, exiting. There are 0 tasks remaining in the queue.
2019-09-25 12:05:50,834 [main] INFO  impl.RaftServerImpl (RaftServerImpl.java:lambda$shutdown$3(251)) - efa15652-5c5a-4832-a509-1d419d802ac5@group-C5C18B249B7A: shutdown
2019-09-25 12:05:50,835 [ForkJoinPool.commonPool-worker-0] INFO  segmented.SegmentedRaftLogWorker (SegmentedRaftLogWorker.java:close(228)) - 4a53ed6f-dce3-4b1f-9e89-8e0e17f074cc@group-5BED89A24C71-SegmentedRaftLogWorker close()
2019-09-25 12:05:50,835 [main] INFO  util.JmxRegister (JmxRegister.java:unregister(73)) - Successfully un-registered JMX Bean with object name Ratis:service=RaftServer,group=group-C5C18B249B7A,id=efa15652-5c5a-4832-a509-1d419d802ac5
2019-09-25 12:05:50,838 [ForkJoinPool.commonPool-worker-0] INFO  impl.RaftServerImpl (RaftServerImpl.java:lambda$shutdown$3(251)) - 4a53ed6f-dce3-4b1f-9e89-8e0e17f074cc@group-F80C7622BF2E: shutdown
2019-09-25 12:05:50,838 [main] INFO  impl.RoleInfo (RoleInfo.java:shutdownLeaderState(104)) - efa15652-5c5a-4832-a509-1d419d802ac5: shutdown LeaderState
2019-09-25 12:05:50,838 [ForkJoinPool.commonPool-worker-0] INFO  util.JmxRegister (JmxRegister.java:unregister(73)) - Successfully un-registered JMX Bean with object name Ratis:service=RaftServer,group=group-F80C7622BF2E,id=4a53ed6f-dce3-4b1f-9e89-8e0e17f074cc
2019-09-25 12:05:50,839 [main] INFO  impl.PendingRequests (PendingRequests.java:sendNotLeaderResponses(202)) - efa15652-5c5a-4832-a509-1d419d802ac5-PendingRequests: sendNotLeaderResponses
2019-09-25 12:05:50,839 [ForkJoinPool.commonPool-worker-0] INFO  impl.RoleInfo (RoleInfo.java:shutdownLeaderState(104)) - 4a53ed6f-dce3-4b1f-9e89-8e0e17f074cc: shutdown LeaderState
2019-09-25 12:05:50,839 [main] INFO  impl.StateMachineUpdater (StateMachineUpdater.java:stopAndJoin(125)) - efa15652-5c5a-4832-a509-1d419d802ac5@group-C5C18B249B7A-StateMachineUpdater: set stopIndex = 0
2019-09-25 12:05:50,840 [ForkJoinPool.commonPool-worker-0] INFO  impl.PendingRequests (PendingRequests.java:sendNotLeaderResponses(202)) - 4a53ed6f-dce3-4b1f-9e89-8e0e17f074cc-PendingRequests: sendNotLeaderResponses
2019-09-25 12:05:50,840 [main] INFO  impl.RaftServerImpl (ServerState.java:close(385)) - efa15652-5c5a-4832-a509-1d419d802ac5@group-C5C18B249B7A: closes. applyIndex: 0
2019-09-25 12:05:50,840 [ForkJoinPool.commonPool-worker-0] INFO  impl.StateMachineUpdater (StateMachineUpdater.java:stopAndJoin(125)) - 4a53ed6f-dce3-4b1f-9e89-8e0e17f074cc@group-F80C7622BF2E-StateMachineUpdater: set stopIndex = 0
2019-09-25 12:05:50,841 [ForkJoinPool.commonPool-worker-0] INFO  impl.RaftServerImpl (ServerState.java:close(385)) - 4a53ed6f-dce3-4b1f-9e89-8e0e17f074cc@group-F80C7622BF2E: closes. applyIndex: 0
2019-09-25 12:05:50,841 [efa15652-5c5a-4832-a509-1d419d802ac5@group-C5C18B249B7A-SegmentedRaftLogWorker] INFO  segmented.SegmentedRaftLogWorker (SegmentedRaftLogWorker.java:run(313)) - efa15652-5c5a-4832-a509-1d419d802ac5@group-C5C18B249B7A-SegmentedRaftLogWorker was interrupted, exiting. There are 0 tasks remaining in the queue.
2019-09-25 12:05:50,841 [4a53ed6f-dce3-4b1f-9e89-8e0e17f074cc@group-F80C7622BF2E-SegmentedRaftLogWorker] INFO  segmented.SegmentedRaftLogWorker (SegmentedRaftLogWorker.java:run(313)) - 4a53ed6f-dce3-4b1f-9e89-8e0e17f074cc@group-F80C7622BF2E-SegmentedRaftLogWorker was interrupted, exiting. There are 0 tasks remaining in the queue.
2019-09-25 12:05:50,841 [main] INFO  segmented.SegmentedRaftLogWorker (SegmentedRaftLogWorker.java:close(228)) - efa15652-5c5a-4832-a509-1d419d802ac5@group-C5C18B249B7A-SegmentedRaftLogWorker close()
2019-09-25 12:05:50,842 [ForkJoinPool.commonPool-worker-0] INFO  segmented.SegmentedRaftLogWorker (SegmentedRaftLogWorker.java:close(228)) - 4a53ed6f-dce3-4b1f-9e89-8e0e17f074cc@group-F80C7622BF2E-SegmentedRaftLogWorker close()
2019-09-25 12:05:50,844 [main] INFO  impl.RaftServerImpl (RaftServerImpl.java:lambda$shutdown$3(251)) - efa15652-5c5a-4832-a509-1d419d802ac5@group-2FCD5710C3C4: shutdown
2019-09-25 12:05:50,847 [ForkJoinPool.commonPool-worker-0] INFO  impl.RaftServerImpl (RaftServerImpl.java:lambda$shutdown$3(251)) - 4a53ed6f-dce3-4b1f-9e89-8e0e17f074cc@group-1B9BC9EA6282: shutdown
2019-09-25 12:05:50,847 [main] INFO  util.JmxRegister (JmxRegister.java:unregister(73)) - Successfully un-registered JMX Bean with object name Ratis:service=RaftServer,group=group-2FCD5710C3C4,id=efa15652-5c5a-4832-a509-1d419d802ac5
2019-09-25 12:05:50,847 [ForkJoinPool.commonPool-worker-0] INFO  util.JmxRegister (JmxRegister.java:unregister(73)) - Successfully un-registered JMX Bean with object name Ratis:service=RaftServer,group=group-1B9BC9EA6282,id=4a53ed6f-dce3-4b1f-9e89-8e0e17f074cc
2019-09-25 12:05:50,848 [main] INFO  impl.RoleInfo (RoleInfo.java:shutdownLeaderState(104)) - efa15652-5c5a-4832-a509-1d419d802ac5: shutdown LeaderState
2019-09-25 12:05:50,848 [ForkJoinPool.commonPool-worker-0] INFO  impl.RoleInfo (RoleInfo.java:shutdownLeaderState(104)) - 4a53ed6f-dce3-4b1f-9e89-8e0e17f074cc: shutdown LeaderState
2019-09-25 12:05:50,848 [main] INFO  impl.PendingRequests (PendingRequests.java:sendNotLeaderResponses(202)) - efa15652-5c5a-4832-a509-1d419d802ac5-PendingRequests: sendNotLeaderResponses
2019-09-25 12:05:50,849 [ForkJoinPool.commonPool-worker-0] INFO  impl.PendingRequests (PendingRequests.java:sendNotLeaderResponses(202)) - 4a53ed6f-dce3-4b1f-9e89-8e0e17f074cc-PendingRequests: sendNotLeaderResponses
2019-09-25 12:05:50,849 [main] INFO  impl.StateMachineUpdater (StateMachineUpdater.java:stopAndJoin(125)) - efa15652-5c5a-4832-a509-1d419d802ac5@group-2FCD5710C3C4-StateMachineUpdater: set stopIndex = 0
2019-09-25 12:05:50,849 [ForkJoinPool.commonPool-worker-0] INFO  impl.StateMachineUpdater (StateMachineUpdater.java:stopAndJoin(125)) - 4a53ed6f-dce3-4b1f-9e89-8e0e17f074cc@group-1B9BC9EA6282-StateMachineUpdater: set stopIndex = 0
2019-09-25 12:05:50,850 [main] INFO  impl.RaftServerImpl (ServerState.java:close(385)) - efa15652-5c5a-4832-a509-1d419d802ac5@group-2FCD5710C3C4: closes. applyIndex: 0
2019-09-25 12:05:50,850 [ForkJoinPool.commonPool-worker-0] INFO  impl.RaftServerImpl (ServerState.java:close(385)) - 4a53ed6f-dce3-4b1f-9e89-8e0e17f074cc@group-1B9BC9EA6282: closes. applyIndex: 0
2019-09-25 12:05:50,850 [efa15652-5c5a-4832-a509-1d419d802ac5@group-2FCD5710C3C4-SegmentedRaftLogWorker] INFO  segmented.SegmentedRaftLogWorker (SegmentedRaftLogWorker.java:run(313)) - efa15652-5c5a-4832-a509-1d419d802ac5@group-2FCD5710C3C4-SegmentedRaftLogWorker was interrupted, exiting. There are 0 tasks remaining in the queue.
2019-09-25 12:05:50,851 [4a53ed6f-dce3-4b1f-9e89-8e0e17f074cc@group-1B9BC9EA6282-SegmentedRaftLogWorker] INFO  segmented.SegmentedRaftLogWorker (SegmentedRaftLogWorker.java:run(313)) - 4a53ed6f-dce3-4b1f-9e89-8e0e17f074cc@group-1B9BC9EA6282-SegmentedRaftLogWorker was interrupted, exiting. There are 0 tasks remaining in the queue.
2019-09-25 12:05:50,851 [main] INFO  segmented.SegmentedRaftLogWorker (SegmentedRaftLogWorker.java:close(228)) - efa15652-5c5a-4832-a509-1d419d802ac5@group-2FCD5710C3C4-SegmentedRaftLogWorker close()
2019-09-25 12:05:50,851 [ForkJoinPool.commonPool-worker-0] INFO  segmented.SegmentedRaftLogWorker (SegmentedRaftLogWorker.java:close(228)) - 4a53ed6f-dce3-4b1f-9e89-8e0e17f074cc@group-1B9BC9EA6282-SegmentedRaftLogWorker close()
2019-09-25 12:05:50,853 [main] INFO  impl.RaftServerImpl (RaftServerImpl.java:lambda$shutdown$3(251)) - efa15652-5c5a-4832-a509-1d419d802ac5@group-907A17EBD695: shutdown
2019-09-25 12:05:50,872 [ForkJoinPool.commonPool-worker-0] INFO  impl.RaftServerImpl (RaftServerImpl.java:lambda$shutdown$3(251)) - 4a53ed6f-dce3-4b1f-9e89-8e0e17f074cc@group-B4CB4A1EA249: shutdown
2019-09-25 12:05:50,873 [main] INFO  util.JmxRegister (JmxRegister.java:unregister(73)) - Successfully un-registered JMX Bean with object name Ratis:service=RaftServer,group=group-907A17EBD695,id=efa15652-5c5a-4832-a509-1d419d802ac5
2019-09-25 12:05:50,874 [main] INFO  impl.RoleInfo (RoleInfo.java:shutdownLeaderState(104)) - efa15652-5c5a-4832-a509-1d419d802ac5: shutdown LeaderState
2019-09-25 12:05:50,873 [ForkJoinPool.commonPool-worker-0] INFO  util.JmxRegister (JmxRegister.java:unregister(73)) - Successfully un-registered JMX Bean with object name Ratis:service=RaftServer,group=group-B4CB4A1EA249,id=4a53ed6f-dce3-4b1f-9e89-8e0e17f074cc
2019-09-25 12:05:50,874 [main] INFO  impl.PendingRequests (PendingRequests.java:sendNotLeaderResponses(202)) - efa15652-5c5a-4832-a509-1d419d802ac5-PendingRequests: sendNotLeaderResponses
2019-09-25 12:05:50,874 [ForkJoinPool.commonPool-worker-0] INFO  impl.RoleInfo (RoleInfo.java:shutdownLeaderState(104)) - 4a53ed6f-dce3-4b1f-9e89-8e0e17f074cc: shutdown LeaderState
2019-09-25 12:05:50,875 [main] INFO  impl.StateMachineUpdater (StateMachineUpdater.java:stopAndJoin(125)) - efa15652-5c5a-4832-a509-1d419d802ac5@group-907A17EBD695-StateMachineUpdater: set stopIndex = 0
2019-09-25 12:05:50,875 [ForkJoinPool.commonPool-worker-0] INFO  impl.PendingRequests (PendingRequests.java:sendNotLeaderResponses(202)) - 4a53ed6f-dce3-4b1f-9e89-8e0e17f074cc-PendingRequests: sendNotLeaderResponses
2019-09-25 12:05:50,875 [main] INFO  impl.RaftServerImpl (ServerState.java:close(385)) - efa15652-5c5a-4832-a509-1d419d802ac5@group-907A17EBD695: closes. applyIndex: 0
2019-09-25 12:05:50,876 [ForkJoinPool.commonPool-worker-0] INFO  impl.StateMachineUpdater (StateMachineUpdater.java:stopAndJoin(125)) - 4a53ed6f-dce3-4b1f-9e89-8e0e17f074cc@group-B4CB4A1EA249-StateMachineUpdater: set stopIndex = 0
2019-09-25 12:05:50,876 [efa15652-5c5a-4832-a509-1d419d802ac5@group-907A17EBD695-SegmentedRaftLogWorker] INFO  segmented.SegmentedRaftLogWorker (SegmentedRaftLogWorker.java:run(313)) - efa15652-5c5a-4832-a509-1d419d802ac5@group-907A17EBD695-SegmentedRaftLogWorker was interrupted, exiting. There are 0 tasks remaining in the queue.
2019-09-25 12:05:50,876 [ForkJoinPool.commonPool-worker-0] INFO  impl.RaftServerImpl (ServerState.java:close(385)) - 4a53ed6f-dce3-4b1f-9e89-8e0e17f074cc@group-B4CB4A1EA249: closes. applyIndex: 0
2019-09-25 12:05:50,876 [main] INFO  segmented.SegmentedRaftLogWorker (SegmentedRaftLogWorker.java:close(228)) - efa15652-5c5a-4832-a509-1d419d802ac5@group-907A17EBD695-SegmentedRaftLogWorker close()
2019-09-25 12:05:50,877 [4a53ed6f-dce3-4b1f-9e89-8e0e17f074cc@group-B4CB4A1EA249-SegmentedRaftLogWorker] INFO  segmented.SegmentedRaftLogWorker (SegmentedRaftLogWorker.java:run(313)) - 4a53ed6f-dce3-4b1f-9e89-8e0e17f074cc@group-B4CB4A1EA249-SegmentedRaftLogWorker was interrupted, exiting. There are 0 tasks remaining in the queue.
2019-09-25 12:05:50,877 [main] INFO  impl.RaftServerImpl (RaftServerImpl.java:lambda$shutdown$3(251)) - efa15652-5c5a-4832-a509-1d419d802ac5@group-598E75AD1213: shutdown
2019-09-25 12:05:50,877 [ForkJoinPool.commonPool-worker-0] INFO  segmented.SegmentedRaftLogWorker (SegmentedRaftLogWorker.java:close(228)) - 4a53ed6f-dce3-4b1f-9e89-8e0e17f074cc@group-B4CB4A1EA249-SegmentedRaftLogWorker close()
2019-09-25 12:05:50,877 [main] INFO  util.JmxRegister (JmxRegister.java:unregister(73)) - Successfully un-registered JMX Bean with object name Ratis:service=RaftServer,group=group-598E75AD1213,id=efa15652-5c5a-4832-a509-1d419d802ac5
2019-09-25 12:05:50,878 [ForkJoinPool.commonPool-worker-0] INFO  impl.RaftServerImpl (RaftServerImpl.java:lambda$shutdown$3(251)) - 4a53ed6f-dce3-4b1f-9e89-8e0e17f074cc@group-674BBE556ADE: shutdown
2019-09-25 12:05:50,878 [main] INFO  impl.RoleInfo (RoleInfo.java:shutdownLeaderState(104)) - efa15652-5c5a-4832-a509-1d419d802ac5: shutdown LeaderState
2019-09-25 12:05:50,878 [ForkJoinPool.commonPool-worker-0] INFO  util.JmxRegister (JmxRegister.java:unregister(73)) - Successfully un-registered JMX Bean with object name Ratis:service=RaftServer,group=group-674BBE556ADE,id=4a53ed6f-dce3-4b1f-9e89-8e0e17f074cc
2019-09-25 12:05:50,879 [main] INFO  impl.PendingRequests (PendingRequests.java:sendNotLeaderResponses(202)) - efa15652-5c5a-4832-a509-1d419d802ac5-PendingRequests: sendNotLeaderResponses
2019-09-25 12:05:50,879 [ForkJoinPool.commonPool-worker-0] INFO  impl.RoleInfo (RoleInfo.java:shutdownLeaderState(104)) - 4a53ed6f-dce3-4b1f-9e89-8e0e17f074cc: shutdown LeaderState
2019-09-25 12:05:50,879 [main] INFO  impl.StateMachineUpdater (StateMachineUpdater.java:stopAndJoin(125)) - efa15652-5c5a-4832-a509-1d419d802ac5@group-598E75AD1213-StateMachineUpdater: set stopIndex = 0
2019-09-25 12:05:50,879 [ForkJoinPool.commonPool-worker-0] INFO  impl.PendingRequests (PendingRequests.java:sendNotLeaderResponses(202)) - 4a53ed6f-dce3-4b1f-9e89-8e0e17f074cc-PendingRequests: sendNotLeaderResponses
2019-09-25 12:05:50,880 [main] INFO  impl.RaftServerImpl (ServerState.java:close(385)) - efa15652-5c5a-4832-a509-1d419d802ac5@group-598E75AD1213: closes. applyIndex: 0
2019-09-25 12:05:50,880 [ForkJoinPool.commonPool-worker-0] INFO  impl.StateMachineUpdater (StateMachineUpdater.java:stopAndJoin(125)) - 4a53ed6f-dce3-4b1f-9e89-8e0e17f074cc@group-674BBE556ADE-StateMachineUpdater: set stopIndex = 0
2019-09-25 12:05:50,880 [efa15652-5c5a-4832-a509-1d419d802ac5@group-598E75AD1213-SegmentedRaftLogWorker] INFO  segmented.SegmentedRaftLogWorker (SegmentedRaftLogWorker.java:run(313)) - efa15652-5c5a-4832-a509-1d419d802ac5@group-598E75AD1213-SegmentedRaftLogWorker was interrupted, exiting. There are 0 tasks remaining in the queue.
2019-09-25 12:05:50,881 [ForkJoinPool.commonPool-worker-0] INFO  impl.RaftServerImpl (ServerState.java:close(385)) - 4a53ed6f-dce3-4b1f-9e89-8e0e17f074cc@group-674BBE556ADE: closes. applyIndex: 0
2019-09-25 12:05:50,881 [main] INFO  segmented.SegmentedRaftLogWorker (SegmentedRaftLogWorker.java:close(228)) - efa15652-5c5a-4832-a509-1d419d802ac5@group-598E75AD1213-SegmentedRaftLogWorker close()
2019-09-25 12:05:50,881 [4a53ed6f-dce3-4b1f-9e89-8e0e17f074cc@group-674BBE556ADE-SegmentedRaftLogWorker] INFO  segmented.SegmentedRaftLogWorker (SegmentedRaftLogWorker.java:run(313)) - 4a53ed6f-dce3-4b1f-9e89-8e0e17f074cc@group-674BBE556ADE-SegmentedRaftLogWorker was interrupted, exiting. There are 0 tasks remaining in the queue.
2019-09-25 12:05:50,882 [ForkJoinPool.commonPool-worker-0] INFO  segmented.SegmentedRaftLogWorker (SegmentedRaftLogWorker.java:close(228)) - 4a53ed6f-dce3-4b1f-9e89-8e0e17f074cc@group-674BBE556ADE-SegmentedRaftLogWorker close()
2019-09-25 12:05:50,882 [main] INFO  server.GrpcService (GrpcService.java:closeImpl(164)) - efa15652-5c5a-4832-a509-1d419d802ac5: shutdown server with port 43628 now
2019-09-25 12:05:50,882 [ForkJoinPool.commonPool-worker-0] INFO  server.GrpcService (GrpcService.java:closeImpl(164)) - 4a53ed6f-dce3-4b1f-9e89-8e0e17f074cc: shutdown server with port 34104 now
2019-09-25 12:05:50,885 [main] INFO  server.GrpcService (GrpcService.java:closeImpl(172)) - efa15652-5c5a-4832-a509-1d419d802ac5: shutdown server with port 43628 successfully
2019-09-25 12:05:50,887 [ForkJoinPool.commonPool-worker-0] INFO  server.GrpcService (GrpcService.java:closeImpl(172)) - 4a53ed6f-dce3-4b1f-9e89-8e0e17f074cc: shutdown server with port 34104 successfully
2019-09-25 12:05:50,895 [refreshUsed-/workdir/hadoop-ozone/integration-test/target/test-dir/MiniOzoneClusterImpl-0814cdd2-95b4-491b-95c0-a7203a111cc5/datanode-6/data/containers] WARN  fs.CachingGetSpaceUsed (CachingGetSpaceUsed.java:run(183)) - Thread Interrupted waiting to refresh disk information: sleep interrupted
2019-09-25 12:05:50,895 [refreshUsed-/workdir/hadoop-ozone/integration-test/target/test-dir/MiniOzoneClusterImpl-0814cdd2-95b4-491b-95c0-a7203a111cc5/datanode-0/data/containers] WARN  fs.CachingGetSpaceUsed (CachingGetSpaceUsed.java:run(183)) - Thread Interrupted waiting to refresh disk information: sleep interrupted
2019-09-25 12:05:50,916 [main] INFO  utils.BackgroundService (BackgroundService.java:shutdown(148)) - Shutting down service BlockDeletingService
2019-09-25 12:05:50,924 [main] INFO  statemachine.DatanodeStateMachine (DatanodeStateMachine.java:stopDaemon(395)) - Ozone container server stopped.
2019-09-25 12:05:50,926 [main] INFO  handler.ContextHandler (ContextHandler.java:doStop(910)) - Stopped o.e.j.w.WebAppContext@4662752a{/,null,UNAVAILABLE}{/hddsDatanode}
2019-09-25 12:05:50,929 [ForkJoinPool.commonPool-worker-0] INFO  utils.BackgroundService (BackgroundService.java:shutdown(148)) - Shutting down service BlockDeletingService
2019-09-25 12:05:50,929 [main] INFO  server.AbstractConnector (AbstractConnector.java:doStop(318)) - Stopped ServerConnector@693f2213{HTTP/1.1,[http/1.1]}{0.0.0.0:0}
2019-09-25 12:05:50,933 [main] INFO  handler.ContextHandler (ContextHandler.java:doStop(910)) - Stopped o.e.j.s.ServletContextHandler@388be5fd{/static,jar:file:/home/user/.m2/repository/org/apache/hadoop/hadoop-hdds-container-service/0.5.0-SNAPSHOT/hadoop-hdds-container-service-0.5.0-SNAPSHOT.jar!/webapps/static,UNAVAILABLE}
2019-09-25 12:05:50,935 [ForkJoinPool.commonPool-worker-0] INFO  statemachine.DatanodeStateMachine (DatanodeStateMachine.java:stopDaemon(395)) - Ozone container server stopped.
2019-09-25 12:05:50,935 [main] INFO  handler.ContextHandler (ContextHandler.java:doStop(910)) - Stopped o.e.j.s.ServletContextHandler@7c0df4ab{/logs,file:///workdir/hadoop-ozone/integration-test/target/log,UNAVAILABLE}
2019-09-25 12:05:50,940 [ForkJoinPool.commonPool-worker-0] INFO  handler.ContextHandler (ContextHandler.java:doStop(910)) - Stopped o.e.j.w.WebAppContext@154b8cb6{/,null,UNAVAILABLE}{/hddsDatanode}
2019-09-25 12:05:50,941 [ForkJoinPool.commonPool-worker-0] INFO  server.AbstractConnector (AbstractConnector.java:doStop(318)) - Stopped ServerConnector@7b297740{HTTP/1.1,[http/1.1]}{0.0.0.0:0}
2019-09-25 12:05:50,943 [ForkJoinPool.commonPool-worker-0] INFO  handler.ContextHandler (ContextHandler.java:doStop(910)) - Stopped o.e.j.s.ServletContextHandler@16e1219f{/static,jar:file:/home/user/.m2/repository/org/apache/hadoop/hadoop-hdds-container-service/0.5.0-SNAPSHOT/hadoop-hdds-container-service-0.5.0-SNAPSHOT.jar!/webapps/static,UNAVAILABLE}
2019-09-25 12:05:50,945 [ForkJoinPool.commonPool-worker-0] INFO  handler.ContextHandler (ContextHandler.java:doStop(910)) - Stopped o.e.j.s.ServletContextHandler@2f09e6b2{/logs,file:///workdir/hadoop-ozone/integration-test/target/log,UNAVAILABLE}
2019-09-25 12:05:50,966 [Datanode State Machine Thread - 0] INFO  statemachine.DatanodeStateMachine (DatanodeStateMachine.java:lambda$startDaemon$0(350)) - Ozone container server started.
2019-09-25 12:05:54,978 [EventQueue-StaleNodeForStaleNodeHandler] INFO  node.StaleNodeHandler (StaleNodeHandler.java:onMessage(58)) - Datanode e20b9d38-a0cd-4cc2-b07d-99b310028cde{ip: 192.168.151.73, host: pr-hdds-1569-shd4m-3693607622, networkLocation: /default-rack, certSerialId: null} moved to stale state. Finalizing its pipelines [PipelineID=4f02b282-8ba4-4b4c-b95a-4cb6a622fe84, PipelineID=6bcc149d-067b-4bb9-bec7-c9ced72a4d86, PipelineID=55ea7fd9-717f-4f6b-9e5e-e91693acc2eb, PipelineID=9a42331c-4b44-4803-9437-f8a1e0859d00, PipelineID=85ceaf79-d34a-458e-9a5a-b4bd938a9ca1, PipelineID=10095e5f-2a2b-4dcc-93fb-90b47a199028]
2019-09-25 12:05:54,979 [EventQueue-StaleNodeForStaleNodeHandler] INFO  pipeline.SCMPipelineManager (SCMPipelineManager.java:finalizeAndDestroyPipeline(316)) - destroying pipeline:Pipeline[ Id: 4f02b282-8ba4-4b4c-b95a-4cb6a622fe84, Nodes: e20b9d38-a0cd-4cc2-b07d-99b310028cde{ip: 192.168.151.73, host: pr-hdds-1569-shd4m-3693607622, networkLocation: /default-rack, certSerialId: null}, Type:RATIS, Factor:ONE, State:OPEN]
2019-09-25 12:05:54,979 [EventQueue-StaleNodeForStaleNodeHandler] INFO  pipeline.PipelineStateManager (PipelineStateManager.java:finalizePipeline(123)) - Pipeline Pipeline[ Id: 4f02b282-8ba4-4b4c-b95a-4cb6a622fe84, Nodes: e20b9d38-a0cd-4cc2-b07d-99b310028cde{ip: 192.168.151.73, host: pr-hdds-1569-shd4m-3693607622, networkLocation: /default-rack, certSerialId: null}, Type:RATIS, Factor:ONE, State:CLOSED] moved to CLOSED state
2019-09-25 12:05:54,980 [EventQueue-StaleNodeForStaleNodeHandler] INFO  pipeline.SCMPipelineManager (SCMPipelineManager.java:finalizeAndDestroyPipeline(316)) - destroying pipeline:Pipeline[ Id: 6bcc149d-067b-4bb9-bec7-c9ced72a4d86, Nodes: e20b9d38-a0cd-4cc2-b07d-99b310028cde{ip: 192.168.151.73, host: pr-hdds-1569-shd4m-3693607622, networkLocation: /default-rack, certSerialId: null}, Type:RATIS, Factor:ONE, State:OPEN]
2019-09-25 12:05:54,980 [EventQueue-StaleNodeForStaleNodeHandler] INFO  pipeline.PipelineStateManager (PipelineStateManager.java:finalizePipeline(123)) - Pipeline Pipeline[ Id: 6bcc149d-067b-4bb9-bec7-c9ced72a4d86, Nodes: e20b9d38-a0cd-4cc2-b07d-99b310028cde{ip: 192.168.151.73, host: pr-hdds-1569-shd4m-3693607622, networkLocation: /default-rack, certSerialId: null}, Type:RATIS, Factor:ONE, State:CLOSED] moved to CLOSED state
2019-09-25 12:05:54,980 [EventQueue-StaleNodeForStaleNodeHandler] INFO  pipeline.SCMPipelineManager (SCMPipelineManager.java:finalizeAndDestroyPipeline(316)) - destroying pipeline:Pipeline[ Id: 55ea7fd9-717f-4f6b-9e5e-e91693acc2eb, Nodes: e20b9d38-a0cd-4cc2-b07d-99b310028cde{ip: 192.168.151.73, host: pr-hdds-1569-shd4m-3693607622, networkLocation: /default-rack, certSerialId: null}, Type:RATIS, Factor:ONE, State:OPEN]
2019-09-25 12:05:54,980 [EventQueue-StaleNodeForStaleNodeHandler] INFO  pipeline.PipelineStateManager (PipelineStateManager.java:finalizePipeline(123)) - Pipeline Pipeline[ Id: 55ea7fd9-717f-4f6b-9e5e-e91693acc2eb, Nodes: e20b9d38-a0cd-4cc2-b07d-99b310028cde{ip: 192.168.151.73, host: pr-hdds-1569-shd4m-3693607622, networkLocation: /default-rack, certSerialId: null}, Type:RATIS, Factor:ONE, State:CLOSED] moved to CLOSED state
2019-09-25 12:05:54,981 [EventQueue-StaleNodeForStaleNodeHandler] INFO  pipeline.SCMPipelineManager (SCMPipelineManager.java:finalizeAndDestroyPipeline(316)) - destroying pipeline:Pipeline[ Id: 9a42331c-4b44-4803-9437-f8a1e0859d00, Nodes: e20b9d38-a0cd-4cc2-b07d-99b310028cde{ip: 192.168.151.73, host: pr-hdds-1569-shd4m-3693607622, networkLocation: /default-rack, certSerialId: null}, Type:RATIS, Factor:ONE, State:OPEN]
2019-09-25 12:05:54,981 [EventQueue-StaleNodeForStaleNodeHandler] INFO  pipeline.PipelineStateManager (PipelineStateManager.java:finalizePipeline(123)) - Pipeline Pipeline[ Id: 9a42331c-4b44-4803-9437-f8a1e0859d00, Nodes: e20b9d38-a0cd-4cc2-b07d-99b310028cde{ip: 192.168.151.73, host: pr-hdds-1569-shd4m-3693607622, networkLocation: /default-rack, certSerialId: null}, Type:RATIS, Factor:ONE, State:CLOSED] moved to CLOSED state
2019-09-25 12:05:54,981 [EventQueue-StaleNodeForStaleNodeHandler] INFO  pipeline.SCMPipelineManager (SCMPipelineManager.java:finalizeAndDestroyPipeline(316)) - destroying pipeline:Pipeline[ Id: 85ceaf79-d34a-458e-9a5a-b4bd938a9ca1, Nodes: e20b9d38-a0cd-4cc2-b07d-99b310028cde{ip: 192.168.151.73, host: pr-hdds-1569-shd4m-3693607622, networkLocation: /default-rack, certSerialId: null}, Type:RATIS, Factor:ONE, State:OPEN]
2019-09-25 12:05:54,981 [EventQueue-StaleNodeForStaleNodeHandler] INFO  pipeline.PipelineStateManager (PipelineStateManager.java:finalizePipeline(123)) - Pipeline Pipeline[ Id: 85ceaf79-d34a-458e-9a5a-b4bd938a9ca1, Nodes: e20b9d38-a0cd-4cc2-b07d-99b310028cde{ip: 192.168.151.73, host: pr-hdds-1569-shd4m-3693607622, networkLocation: /default-rack, certSerialId: null}, Type:RATIS, Factor:ONE, State:CLOSED] moved to CLOSED state
2019-09-25 12:05:54,981 [EventQueue-StaleNodeForStaleNodeHandler] INFO  pipeline.SCMPipelineManager (SCMPipelineManager.java:finalizeAndDestroyPipeline(316)) - destroying pipeline:Pipeline[ Id: 10095e5f-2a2b-4dcc-93fb-90b47a199028, Nodes: e20b9d38-a0cd-4cc2-b07d-99b310028cde{ip: 192.168.151.73, host: pr-hdds-1569-shd4m-3693607622, networkLocation: /default-rack, certSerialId: null}, Type:RATIS, Factor:ONE, State:OPEN]
2019-09-25 12:05:54,981 [EventQueue-StaleNodeForStaleNodeHandler] INFO  pipeline.PipelineStateManager (PipelineStateManager.java:finalizePipeline(123)) - Pipeline Pipeline[ Id: 10095e5f-2a2b-4dcc-93fb-90b47a199028, Nodes: e20b9d38-a0cd-4cc2-b07d-99b310028cde{ip: 192.168.151.73, host: pr-hdds-1569-shd4m-3693607622, networkLocation: /default-rack, certSerialId: null}, Type:RATIS, Factor:ONE, State:CLOSED] moved to CLOSED state
2019-09-25 12:05:55,943 [main] INFO  ozoneimpl.OzoneContainer (OzoneContainer.java:stop(231)) - Attempting to stop container services.
2019-09-25 12:05:55,950 [main] INFO  impl.RaftServerProxy (RaftServerProxy.java:lambda$close$4(314)) - e20b9d38-a0cd-4cc2-b07d-99b310028cde: close
2019-09-25 12:05:55,951 [main] INFO  impl.RaftServerImpl (RaftServerImpl.java:lambda$shutdown$3(251)) - e20b9d38-a0cd-4cc2-b07d-99b310028cde@group-C9CED72A4D86: shutdown
2019-09-25 12:05:55,951 [ForkJoinPool.commonPool-worker-1] INFO  impl.RaftServerImpl (RaftServerImpl.java:lambda$shutdown$3(251)) - e20b9d38-a0cd-4cc2-b07d-99b310028cde@group-E91693ACC2EB: shutdown
2019-09-25 12:05:55,952 [main] INFO  util.JmxRegister (JmxRegister.java:unregister(73)) - Successfully un-registered JMX Bean with object name Ratis:service=RaftServer,group=group-C9CED72A4D86,id=e20b9d38-a0cd-4cc2-b07d-99b310028cde
2019-09-25 12:05:55,952 [ForkJoinPool.commonPool-worker-1] INFO  util.JmxRegister (JmxRegister.java:unregister(73)) - Successfully un-registered JMX Bean with object name Ratis:service=RaftServer,group=group-E91693ACC2EB,id=e20b9d38-a0cd-4cc2-b07d-99b310028cde
2019-09-25 12:05:55,952 [main] INFO  impl.RoleInfo (RoleInfo.java:shutdownLeaderState(104)) - e20b9d38-a0cd-4cc2-b07d-99b310028cde: shutdown LeaderState
2019-09-25 12:05:55,952 [ForkJoinPool.commonPool-worker-1] INFO  impl.RoleInfo (RoleInfo.java:shutdownLeaderState(104)) - e20b9d38-a0cd-4cc2-b07d-99b310028cde: shutdown LeaderState
2019-09-25 12:05:55,953 [ForkJoinPool.commonPool-worker-1] INFO  impl.PendingRequests (PendingRequests.java:sendNotLeaderResponses(202)) - e20b9d38-a0cd-4cc2-b07d-99b310028cde-PendingRequests: sendNotLeaderResponses
2019-09-25 12:05:55,953 [main] INFO  impl.PendingRequests (PendingRequests.java:sendNotLeaderResponses(202)) - e20b9d38-a0cd-4cc2-b07d-99b310028cde-PendingRequests: sendNotLeaderResponses
2019-09-25 12:05:55,954 [main] INFO  impl.StateMachineUpdater (StateMachineUpdater.java:stopAndJoin(125)) - e20b9d38-a0cd-4cc2-b07d-99b310028cde@group-C9CED72A4D86-StateMachineUpdater: set stopIndex = 0
2019-09-25 12:05:55,954 [ForkJoinPool.commonPool-worker-1] INFO  impl.StateMachineUpdater (StateMachineUpdater.java:stopAndJoin(125)) - e20b9d38-a0cd-4cc2-b07d-99b310028cde@group-E91693ACC2EB-StateMachineUpdater: set stopIndex = 0
2019-09-25 12:05:55,955 [main] INFO  impl.RaftServerImpl (ServerState.java:close(385)) - e20b9d38-a0cd-4cc2-b07d-99b310028cde@group-C9CED72A4D86: closes. applyIndex: 0
2019-09-25 12:05:55,955 [ForkJoinPool.commonPool-worker-1] INFO  impl.RaftServerImpl (ServerState.java:close(385)) - e20b9d38-a0cd-4cc2-b07d-99b310028cde@group-E91693ACC2EB: closes. applyIndex: 0
2019-09-25 12:05:55,955 [e20b9d38-a0cd-4cc2-b07d-99b310028cde@group-E91693ACC2EB-SegmentedRaftLogWorker] INFO  segmented.SegmentedRaftLogWorker (SegmentedRaftLogWorker.java:run(313)) - e20b9d38-a0cd-4cc2-b07d-99b310028cde@group-E91693ACC2EB-SegmentedRaftLogWorker was interrupted, exiting. There are 0 tasks remaining in the queue.
2019-09-25 12:05:55,955 [e20b9d38-a0cd-4cc2-b07d-99b310028cde@group-C9CED72A4D86-SegmentedRaftLogWorker] INFO  segmented.SegmentedRaftLogWorker (SegmentedRaftLogWorker.java:run(313)) - e20b9d38-a0cd-4cc2-b07d-99b310028cde@group-C9CED72A4D86-SegmentedRaftLogWorker was interrupted, exiting. There are 0 tasks remaining in the queue.
2019-09-25 12:05:55,956 [ForkJoinPool.commonPool-worker-1] INFO  segmented.SegmentedRaftLogWorker (SegmentedRaftLogWorker.java:close(228)) - e20b9d38-a0cd-4cc2-b07d-99b310028cde@group-E91693ACC2EB-SegmentedRaftLogWorker close()
2019-09-25 12:05:55,956 [main] INFO  segmented.SegmentedRaftLogWorker (SegmentedRaftLogWorker.java:close(228)) - e20b9d38-a0cd-4cc2-b07d-99b310028cde@group-C9CED72A4D86-SegmentedRaftLogWorker close()
2019-09-25 12:05:55,956 [ForkJoinPool.commonPool-worker-1] INFO  impl.RaftServerImpl (RaftServerImpl.java:lambda$shutdown$3(251)) - e20b9d38-a0cd-4cc2-b07d-99b310028cde@group-F8A1E0859D00: shutdown
2019-09-25 12:05:55,957 [main] INFO  impl.RaftServerImpl (RaftServerImpl.java:lambda$shutdown$3(251)) - e20b9d38-a0cd-4cc2-b07d-99b310028cde@group-4CB6A622FE84: shutdown
2019-09-25 12:05:55,957 [ForkJoinPool.commonPool-worker-1] INFO  util.JmxRegister (JmxRegister.java:unregister(73)) - Successfully un-registered JMX Bean with object name Ratis:service=RaftServer,group=group-F8A1E0859D00,id=e20b9d38-a0cd-4cc2-b07d-99b310028cde
2019-09-25 12:05:55,957 [main] INFO  util.JmxRegister (JmxRegister.java:unregister(73)) - Successfully un-registered JMX Bean with object name Ratis:service=RaftServer,group=group-4CB6A622FE84,id=e20b9d38-a0cd-4cc2-b07d-99b310028cde
2019-09-25 12:05:55,957 [ForkJoinPool.commonPool-worker-1] INFO  impl.RoleInfo (RoleInfo.java:shutdownLeaderState(104)) - e20b9d38-a0cd-4cc2-b07d-99b310028cde: shutdown LeaderState
2019-09-25 12:05:55,958 [main] INFO  impl.RoleInfo (RoleInfo.java:shutdownLeaderState(104)) - e20b9d38-a0cd-4cc2-b07d-99b310028cde: shutdown LeaderState
2019-09-25 12:05:55,958 [ForkJoinPool.commonPool-worker-1] INFO  impl.PendingRequests (PendingRequests.java:sendNotLeaderResponses(202)) - e20b9d38-a0cd-4cc2-b07d-99b310028cde-PendingRequests: sendNotLeaderResponses
2019-09-25 12:05:55,958 [main] INFO  impl.PendingRequests (PendingRequests.java:sendNotLeaderResponses(202)) - e20b9d38-a0cd-4cc2-b07d-99b310028cde-PendingRequests: sendNotLeaderResponses
2019-09-25 12:05:55,958 [ForkJoinPool.commonPool-worker-1] INFO  impl.StateMachineUpdater (StateMachineUpdater.java:stopAndJoin(125)) - e20b9d38-a0cd-4cc2-b07d-99b310028cde@group-F8A1E0859D00-StateMachineUpdater: set stopIndex = 0
2019-09-25 12:05:55,959 [main] INFO  impl.StateMachineUpdater (StateMachineUpdater.java:stopAndJoin(125)) - e20b9d38-a0cd-4cc2-b07d-99b310028cde@group-4CB6A622FE84-StateMachineUpdater: set stopIndex = 0
2019-09-25 12:05:55,959 [main] INFO  impl.RaftServerImpl (ServerState.java:close(385)) - e20b9d38-a0cd-4cc2-b07d-99b310028cde@group-4CB6A622FE84: closes. applyIndex: 0
2019-09-25 12:05:55,959 [ForkJoinPool.commonPool-worker-1] INFO  impl.RaftServerImpl (ServerState.java:close(385)) - e20b9d38-a0cd-4cc2-b07d-99b310028cde@group-F8A1E0859D00: closes. applyIndex: 0
2019-09-25 12:05:55,960 [e20b9d38-a0cd-4cc2-b07d-99b310028cde@group-4CB6A622FE84-SegmentedRaftLogWorker] INFO  segmented.SegmentedRaftLogWorker (SegmentedRaftLogWorker.java:run(313)) - e20b9d38-a0cd-4cc2-b07d-99b310028cde@group-4CB6A622FE84-SegmentedRaftLogWorker was interrupted, exiting. There are 0 tasks remaining in the queue.
2019-09-25 12:05:55,960 [e20b9d38-a0cd-4cc2-b07d-99b310028cde@group-F8A1E0859D00-SegmentedRaftLogWorker] INFO  segmented.SegmentedRaftLogWorker (SegmentedRaftLogWorker.java:run(313)) - e20b9d38-a0cd-4cc2-b07d-99b310028cde@group-F8A1E0859D00-SegmentedRaftLogWorker was interrupted, exiting. There are 0 tasks remaining in the queue.
2019-09-25 12:05:55,960 [main] INFO  segmented.SegmentedRaftLogWorker (SegmentedRaftLogWorker.java:close(228)) - e20b9d38-a0cd-4cc2-b07d-99b310028cde@group-4CB6A622FE84-SegmentedRaftLogWorker close()
2019-09-25 12:05:55,960 [ForkJoinPool.commonPool-worker-1] INFO  segmented.SegmentedRaftLogWorker (SegmentedRaftLogWorker.java:close(228)) - e20b9d38-a0cd-4cc2-b07d-99b310028cde@group-F8A1E0859D00-SegmentedRaftLogWorker close()
2019-09-25 12:05:55,961 [main] INFO  impl.RaftServerImpl (RaftServerImpl.java:lambda$shutdown$3(251)) - e20b9d38-a0cd-4cc2-b07d-99b310028cde@group-B4BD938A9CA1: shutdown
2019-09-25 12:05:55,961 [main] INFO  util.JmxRegister (JmxRegister.java:unregister(73)) - Successfully un-registered JMX Bean with object name Ratis:service=RaftServer,group=group-B4BD938A9CA1,id=e20b9d38-a0cd-4cc2-b07d-99b310028cde
2019-09-25 12:05:55,962 [main] INFO  impl.RoleInfo (RoleInfo.java:shutdownLeaderState(104)) - e20b9d38-a0cd-4cc2-b07d-99b310028cde: shutdown LeaderState
2019-09-25 12:05:55,963 [main] INFO  impl.PendingRequests (PendingRequests.java:sendNotLeaderResponses(202)) - e20b9d38-a0cd-4cc2-b07d-99b310028cde-PendingRequests: sendNotLeaderResponses
2019-09-25 12:05:55,963 [main] INFO  impl.StateMachineUpdater (StateMachineUpdater.java:stopAndJoin(125)) - e20b9d38-a0cd-4cc2-b07d-99b310028cde@group-B4BD938A9CA1-StateMachineUpdater: set stopIndex = 0
2019-09-25 12:05:55,964 [main] INFO  impl.RaftServerImpl (ServerState.java:close(385)) - e20b9d38-a0cd-4cc2-b07d-99b310028cde@group-B4BD938A9CA1: closes. applyIndex: 0
2019-09-25 12:05:55,964 [e20b9d38-a0cd-4cc2-b07d-99b310028cde@group-B4BD938A9CA1-SegmentedRaftLogWorker] INFO  segmented.SegmentedRaftLogWorker (SegmentedRaftLogWorker.java:run(313)) - e20b9d38-a0cd-4cc2-b07d-99b310028cde@group-B4BD938A9CA1-SegmentedRaftLogWorker was interrupted, exiting. There are 0 tasks remaining in the queue.
2019-09-25 12:05:55,964 [main] INFO  segmented.SegmentedRaftLogWorker (SegmentedRaftLogWorker.java:close(228)) - e20b9d38-a0cd-4cc2-b07d-99b310028cde@group-B4BD938A9CA1-SegmentedRaftLogWorker close()
2019-09-25 12:05:55,965 [main] INFO  impl.RaftServerImpl (RaftServerImpl.java:lambda$shutdown$3(251)) - e20b9d38-a0cd-4cc2-b07d-99b310028cde@group-90B47A199028: shutdown
2019-09-25 12:05:55,965 [main] INFO  util.JmxRegister (JmxRegister.java:unregister(73)) - Successfully un-registered JMX Bean with object name Ratis:service=RaftServer,group=group-90B47A199028,id=e20b9d38-a0cd-4cc2-b07d-99b310028cde
2019-09-25 12:05:55,966 [main] INFO  impl.RoleInfo (RoleInfo.java:shutdownLeaderState(104)) - e20b9d38-a0cd-4cc2-b07d-99b310028cde: shutdown LeaderState
2019-09-25 12:05:55,966 [main] INFO  impl.PendingRequests (PendingRequests.java:sendNotLeaderResponses(202)) - e20b9d38-a0cd-4cc2-b07d-99b310028cde-PendingRequests: sendNotLeaderResponses
2019-09-25 12:05:55,967 [main] INFO  impl.StateMachineUpdater (StateMachineUpdater.java:stopAndJoin(125)) - e20b9d38-a0cd-4cc2-b07d-99b310028cde@group-90B47A199028-StateMachineUpdater: set stopIndex = 0
2019-09-25 12:05:55,967 [main] INFO  impl.RaftServerImpl (ServerState.java:close(385)) - e20b9d38-a0cd-4cc2-b07d-99b310028cde@group-90B47A199028: closes. applyIndex: 0
2019-09-25 12:05:55,968 [e20b9d38-a0cd-4cc2-b07d-99b310028cde@group-90B47A199028-SegmentedRaftLogWorker] INFO  segmented.SegmentedRaftLogWorker (SegmentedRaftLogWorker.java:run(313)) - e20b9d38-a0cd-4cc2-b07d-99b310028cde@group-90B47A199028-SegmentedRaftLogWorker was interrupted, exiting. There are 0 tasks remaining in the queue.
2019-09-25 12:05:55,968 [main] INFO  segmented.SegmentedRaftLogWorker (SegmentedRaftLogWorker.java:close(228)) - e20b9d38-a0cd-4cc2-b07d-99b310028cde@group-90B47A199028-SegmentedRaftLogWorker close()
2019-09-25 12:05:55,969 [main] INFO  server.GrpcService (GrpcService.java:closeImpl(164)) - e20b9d38-a0cd-4cc2-b07d-99b310028cde: shutdown server with port 45208 now
2019-09-25 12:05:55,973 [main] INFO  server.GrpcService (GrpcService.java:closeImpl(172)) - e20b9d38-a0cd-4cc2-b07d-99b310028cde: shutdown server with port 45208 successfully
2019-09-25 12:05:55,979 [refreshUsed-/workdir/hadoop-ozone/integration-test/target/test-dir/MiniOzoneClusterImpl-0814cdd2-95b4-491b-95c0-a7203a111cc5/datanode-5/data/containers] WARN  fs.CachingGetSpaceUsed (CachingGetSpaceUsed.java:run(183)) - Thread Interrupted waiting to refresh disk information: sleep interrupted
2019-09-25 12:05:56,000 [main] INFO  utils.BackgroundService (BackgroundService.java:shutdown(148)) - Shutting down service BlockDeletingService
2019-09-25 12:05:56,007 [main] INFO  statemachine.DatanodeStateMachine (DatanodeStateMachine.java:stopDaemon(395)) - Ozone container server stopped.
2019-09-25 12:05:56,009 [main] INFO  handler.ContextHandler (ContextHandler.java:doStop(910)) - Stopped o.e.j.w.WebAppContext@59918c8f{/,null,UNAVAILABLE}{/hddsDatanode}
2019-09-25 12:05:56,010 [main] INFO  server.AbstractConnector (AbstractConnector.java:doStop(318)) - Stopped ServerConnector@2b7facc7{HTTP/1.1,[http/1.1]}{0.0.0.0:0}
2019-09-25 12:05:56,010 [main] INFO  handler.ContextHandler (ContextHandler.java:doStop(910)) - Stopped o.e.j.s.ServletContextHandler@207dd1b7{/static,jar:file:/home/user/.m2/repository/org/apache/hadoop/hadoop-hdds-container-service/0.5.0-SNAPSHOT/hadoop-hdds-container-service-0.5.0-SNAPSHOT.jar!/webapps/static,UNAVAILABLE}
2019-09-25 12:05:56,011 [main] INFO  handler.ContextHandler (ContextHandler.java:doStop(910)) - Stopped o.e.j.s.ServletContextHandler@1e92c3b6{/logs,file:///workdir/hadoop-ozone/integration-test/target/log,UNAVAILABLE}
2019-09-25 12:05:56,012 [main] INFO  ozone.MiniOzoneClusterImpl (MiniOzoneClusterImpl.java:stopSCM(392)) - Stopping the StorageContainerManager
2019-09-25 12:05:56,012 [main] INFO  server.StorageContainerManager (StorageContainerManager.java:stop(808)) - Stopping Replication Manager Service.
2019-09-25 12:05:56,012 [main] INFO  container.ReplicationManager (ReplicationManager.java:stop(204)) - Stopping Replication Monitor Thread.
2019-09-25 12:05:56,012 [main] INFO  server.StorageContainerManager (StorageContainerManager.java:stop(815)) - Stopping Lease Manager of the command watchers
2019-09-25 12:05:56,013 [main] INFO  server.StorageContainerManager (StorageContainerManager.java:stop(822)) - Stopping datanode service RPC server
2019-09-25 12:05:56,013 [main] INFO  server.SCMDatanodeProtocolServer (SCMDatanodeProtocolServer.java:stop(367)) - Stopping the RPC server for DataNodes
2019-09-25 12:05:56,013 [main] INFO  ipc.Server (Server.java:stop(3082)) - Stopping server on 33125
2019-09-25 12:05:56,017 [IPC Server listener on 33125] INFO  ipc.Server (Server.java:run(1185)) - Stopping IPC Server listener on 33125
2019-09-25 12:05:56,017 [IPC Server Responder] INFO  ipc.Server (Server.java:run(1319)) - Stopping IPC Server Responder
2019-09-25 12:05:56,079 [SCM Heartbeat Processing Thread - 0] WARN  node.NodeStateManager (NodeStateManager.java:scheduleNextHealthCheck(655)) - Current Thread is interrupted, shutting down HB processing thread for Node Manager.
2019-09-25 12:05:56,080 [main] INFO  server.StorageContainerManager (StorageContainerManager.java:stop(830)) - Stopping block service RPC server
2019-09-25 12:05:56,080 [main] INFO  server.SCMBlockProtocolServer (SCMBlockProtocolServer.java:stop(155)) - Stopping the RPC server for Block Protocol
2019-09-25 12:05:56,080 [main] INFO  ipc.Server (Server.java:stop(3082)) - Stopping server on 43014
2019-09-25 12:05:56,083 [IPC Server listener on 43014] INFO  ipc.Server (Server.java:run(1185)) - Stopping IPC Server listener on 43014
2019-09-25 12:05:56,084 [main] INFO  server.StorageContainerManager (StorageContainerManager.java:stop(837)) - Stopping the StorageContainerLocationProtocol RPC server
2019-09-25 12:05:56,084 [main] INFO  server.SCMClientProtocolServer (SCMClientProtocolServer.java:stop(159)) - Stopping the RPC server for Client Protocol
2019-09-25 12:05:56,084 [main] INFO  ipc.Server (Server.java:stop(3082)) - Stopping server on 40472
2019-09-25 12:05:56,084 [IPC Server Responder] INFO  ipc.Server (Server.java:run(1319)) - Stopping IPC Server Responder
2019-09-25 12:05:56,091 [IPC Server listener on 40472] INFO  ipc.Server (Server.java:run(1185)) - Stopping IPC Server listener on 40472
2019-09-25 12:05:56,091 [main] INFO  server.StorageContainerManager (StorageContainerManager.java:stop(844)) - Stopping Storage Container Manager HTTP server.
2019-09-25 12:05:56,091 [IPC Server Responder] INFO  ipc.Server (Server.java:run(1319)) - Stopping IPC Server Responder
2019-09-25 12:05:56,093 [main] INFO  handler.ContextHandler (ContextHandler.java:doStop(910)) - Stopped o.e.j.w.WebAppContext@7b9e25bd{/,null,UNAVAILABLE}{/scm}
2019-09-25 12:05:56,094 [main] INFO  server.AbstractConnector (AbstractConnector.java:doStop(318)) - Stopped ServerConnector@2d206a71{HTTP/1.1,[http/1.1]}{0.0.0.0:0}
2019-09-25 12:05:56,094 [main] INFO  handler.ContextHandler (ContextHandler.java:doStop(910)) - Stopped o.e.j.s.ServletContextHandler@2055833f{/static,file:///workdir/hadoop-ozone/integration-test/target/test-classes/webapps/static,UNAVAILABLE}
2019-09-25 12:05:56,094 [main] INFO  handler.ContextHandler (ContextHandler.java:doStop(910)) - Stopped o.e.j.s.ServletContextHandler@5939e24{/logs,file:///workdir/hadoop-ozone/integration-test/target/log,UNAVAILABLE}
2019-09-25 12:05:56,095 [main] INFO  server.StorageContainerManager (StorageContainerManager.java:stop(855)) - Stopping Block Manager Service.
2019-09-25 12:05:56,095 [main] INFO  utils.BackgroundService (BackgroundService.java:shutdown(148)) - Shutting down service SCMBlockDeletingService
2019-09-25 12:05:56,096 [main] INFO  utils.BackgroundService (BackgroundService.java:shutdown(148)) - Shutting down service SCMBlockDeletingService
2019-09-25 12:05:56,096 [main] INFO  server.StorageContainerManager (StorageContainerManager.java:stop(877)) - Stopping SCM Event Queue.
2019-09-25 12:05:56,101 [main] INFO  impl.MetricsSystemImpl (MetricsSystemImpl.java:stop(210)) - Stopping HddsDatanode metrics system...
2019-09-25 12:05:56,144 [main] INFO  impl.MetricsSystemImpl (MetricsSystemImpl.java:stop(216)) - HddsDatanode metrics system stopped.
]]></system-out>
  </testcase>
  <testcase name="testFailureWithPrimeSizedData" classname="org.apache.hadoop.ozone.client.rpc.TestBlockOutputStreamWithFailures" time="28.305">
    <error message="Allocated 0 blocks. Requested 1 blocks" type="INTERNAL_ERROR org.apache.hadoop.ozone.om.exceptions.OMException">INTERNAL_ERROR org.apache.hadoop.ozone.om.exceptions.OMException: Allocated 0 blocks. Requested 1 blocks
	at org.apache.hadoop.ozone.om.protocolPB.OzoneManagerProtocolClientSideTranslatorPB.handleError(OzoneManagerProtocolClientSideTranslatorPB.java:732)
	at org.apache.hadoop.ozone.om.protocolPB.OzoneManagerProtocolClientSideTranslatorPB.openKey(OzoneManagerProtocolClientSideTranslatorPB.java:723)
	at sun.reflect.NativeMethodAccessorImpl.invoke0(Native Method)
	at sun.reflect.NativeMethodAccessorImpl.invoke(NativeMethodAccessorImpl.java:62)
	at sun.reflect.DelegatingMethodAccessorImpl.invoke(DelegatingMethodAccessorImpl.java:43)
	at java.lang.reflect.Method.invoke(Method.java:498)
	at org.apache.hadoop.hdds.tracing.TraceAllMethod.invoke(TraceAllMethod.java:66)
	at com.sun.proxy.$Proxy37.openKey(Unknown Source)
	at org.apache.hadoop.ozone.client.rpc.RpcClient.createKey(RpcClient.java:614)
	at org.apache.hadoop.ozone.client.OzoneBucket.createKey(OzoneBucket.java:325)
	at org.apache.hadoop.ozone.container.ContainerTestHelper.createKey(ContainerTestHelper.java:704)
	at org.apache.hadoop.ozone.client.rpc.TestBlockOutputStreamWithFailures.createKey(TestBlockOutputStreamWithFailures.java:1210)
	at org.apache.hadoop.ozone.client.rpc.TestBlockOutputStreamWithFailures.createKey(TestBlockOutputStreamWithFailures.java:1204)
	at org.apache.hadoop.ozone.client.rpc.TestBlockOutputStreamWithFailures.testFailureWithPrimeSizedData(TestBlockOutputStreamWithFailures.java:558)
	at sun.reflect.NativeMethodAccessorImpl.invoke0(Native Method)
	at sun.reflect.NativeMethodAccessorImpl.invoke(NativeMethodAccessorImpl.java:62)
	at sun.reflect.DelegatingMethodAccessorImpl.invoke(DelegatingMethodAccessorImpl.java:43)
	at java.lang.reflect.Method.invoke(Method.java:498)
	at org.junit.runners.model.FrameworkMethod$1.runReflectiveCall(FrameworkMethod.java:47)
	at org.junit.internal.runners.model.ReflectiveCallable.run(ReflectiveCallable.java:12)
	at org.junit.runners.model.FrameworkMethod.invokeExplosively(FrameworkMethod.java:44)
	at org.junit.internal.runners.statements.InvokeMethod.evaluate(InvokeMethod.java:17)
	at org.junit.internal.runners.statements.RunBefores.evaluate(RunBefores.java:26)
	at org.junit.internal.runners.statements.RunAfters.evaluate(RunAfters.java:27)
	at org.junit.runners.ParentRunner.runLeaf(ParentRunner.java:271)
	at org.junit.runners.BlockJUnit4ClassRunner.runChild(BlockJUnit4ClassRunner.java:70)
	at org.junit.runners.BlockJUnit4ClassRunner.runChild(BlockJUnit4ClassRunner.java:50)
	at org.junit.runners.ParentRunner$3.run(ParentRunner.java:238)
	at org.junit.runners.ParentRunner$1.schedule(ParentRunner.java:63)
	at org.junit.runners.ParentRunner.runChildren(ParentRunner.java:236)
	at org.junit.runners.ParentRunner.access$000(ParentRunner.java:53)
	at org.junit.runners.ParentRunner$2.evaluate(ParentRunner.java:229)
	at org.junit.runners.ParentRunner.run(ParentRunner.java:309)
	at org.apache.maven.surefire.junit4.JUnit4Provider.execute(JUnit4Provider.java:365)
	at org.apache.maven.surefire.junit4.JUnit4Provider.executeWithRerun(JUnit4Provider.java:273)
	at org.apache.maven.surefire.junit4.JUnit4Provider.executeTestSet(JUnit4Provider.java:238)
	at org.apache.maven.surefire.junit4.JUnit4Provider.invoke(JUnit4Provider.java:159)
	at org.apache.maven.surefire.booter.ForkedBooter.invokeProviderInSameClassLoader(ForkedBooter.java:384)
	at org.apache.maven.surefire.booter.ForkedBooter.runSuitesInProcess(ForkedBooter.java:345)
	at org.apache.maven.surefire.booter.ForkedBooter.execute(ForkedBooter.java:126)
	at org.apache.maven.surefire.booter.ForkedBooter.main(ForkedBooter.java:418)
</error>
    <system-out><![CDATA[2019-09-25 12:05:56,189 [main] WARN  server.ServerUtils (ServerUtils.java:getScmDbDir(145)) - ozone.scm.db.dirs is not configured. We recommend adding this setting. Falling back to ozone.metadata.dirs instead.
2019-09-25 12:05:56,216 [main] WARN  server.ServerUtils (ServerUtils.java:getScmDbDir(145)) - ozone.scm.db.dirs is not configured. We recommend adding this setting. Falling back to ozone.metadata.dirs instead.
2019-09-25 12:05:56,216 [main] WARN  server.ServerUtils (ServerUtils.java:getScmDbDir(145)) - ozone.scm.db.dirs is not configured. We recommend adding this setting. Falling back to ozone.metadata.dirs instead.
2019-09-25 12:05:56,217 [main] INFO  db.DBStoreBuilder (DBStoreBuilder.java:addTable(110)) - using custom profile for table: deletedBlocks
2019-09-25 12:05:56,217 [main] INFO  db.DBStoreBuilder (DBStoreBuilder.java:processTables(161)) - Using default column profile:DBProfile.DISK for Table:deletedBlocks
2019-09-25 12:05:56,217 [main] INFO  db.DBStoreBuilder (DBStoreBuilder.java:addTable(110)) - using custom profile for table: validCerts
2019-09-25 12:05:56,218 [main] INFO  db.DBStoreBuilder (DBStoreBuilder.java:processTables(161)) - Using default column profile:DBProfile.DISK for Table:validCerts
2019-09-25 12:05:56,218 [main] INFO  db.DBStoreBuilder (DBStoreBuilder.java:addTable(110)) - using custom profile for table: revokedCerts
2019-09-25 12:05:56,218 [main] INFO  db.DBStoreBuilder (DBStoreBuilder.java:processTables(161)) - Using default column profile:DBProfile.DISK for Table:revokedCerts
2019-09-25 12:05:56,218 [main] INFO  db.DBStoreBuilder (DBStoreBuilder.java:addTable(110)) - using custom profile for table: default
2019-09-25 12:05:56,219 [main] INFO  db.DBStoreBuilder (DBStoreBuilder.java:processTables(167)) - Using default column profile:DBProfile.DISK for Table:default
2019-09-25 12:05:56,219 [main] INFO  db.DBStoreBuilder (DBStoreBuilder.java:getDbProfile(198)) - Using default options. DBProfile.DISK
2019-09-25 12:05:56,373 [main] INFO  net.NodeSchemaLoader (NodeSchemaLoader.java:loadSchemaFromFile(125)) - Loading file from sun.misc.CompoundEnumeration@b5d9f1e
2019-09-25 12:05:56,374 [main] INFO  net.NodeSchemaLoader (NodeSchemaLoader.java:loadSchema(171)) - Loading network topology layer schema file
2019-09-25 12:05:56,380 [main] INFO  node.SCMNodeManager (SCMNodeManager.java:<init>(114)) - Entering startup safe mode.
2019-09-25 12:05:56,381 [main] INFO  algorithms.ContainerPlacementPolicyFactory (ContainerPlacementPolicyFactory.java:getPolicy(59)) - Create container placement policy of type org.apache.hadoop.hdds.scm.container.placement.algorithms.SCMContainerPlacementRandom
2019-09-25 12:05:56,381 [main] WARN  server.ServerUtils (ServerUtils.java:getScmDbDir(145)) - ozone.scm.db.dirs is not configured. We recommend adding this setting. Falling back to ozone.metadata.dirs instead.
2019-09-25 12:05:56,420 [main] INFO  pipeline.SCMPipelineManager (SCMPipelineManager.java:initializePipelineState(132)) - No pipeline exists in current db
2019-09-25 12:05:56,420 [main] WARN  server.ServerUtils (ServerUtils.java:getScmDbDir(145)) - ozone.scm.db.dirs is not configured. We recommend adding this setting. Falling back to ozone.metadata.dirs instead.
2019-09-25 12:05:56,466 [main] WARN  events.EventQueue (EventQueue.java:fireEvent(183)) - No event handler registered for event TypedEvent{payloadType=SafeModeStatus, name='SafeModeStatus'}
2019-09-25 12:05:56,467 [main] INFO  ipc.CallQueueManager (CallQueueManager.java:<init>(84)) - Using callQueue: class java.util.concurrent.LinkedBlockingQueue, queueCapacity: 2000, scheduler: class org.apache.hadoop.ipc.DefaultRpcScheduler, ipcBackoff: false.
2019-09-25 12:05:56,468 [Socket Reader #1 for port 36473] INFO  ipc.Server (Server.java:run(1074)) - Starting Socket Reader #1 for port 36473
2019-09-25 12:05:56,471 [main] INFO  ipc.CallQueueManager (CallQueueManager.java:<init>(84)) - Using callQueue: class java.util.concurrent.LinkedBlockingQueue, queueCapacity: 2000, scheduler: class org.apache.hadoop.ipc.DefaultRpcScheduler, ipcBackoff: false.
2019-09-25 12:05:56,472 [Socket Reader #1 for port 38641] INFO  ipc.Server (Server.java:run(1074)) - Starting Socket Reader #1 for port 38641
2019-09-25 12:05:56,474 [main] INFO  ipc.CallQueueManager (CallQueueManager.java:<init>(84)) - Using callQueue: class java.util.concurrent.LinkedBlockingQueue, queueCapacity: 2000, scheduler: class org.apache.hadoop.ipc.DefaultRpcScheduler, ipcBackoff: false.
2019-09-25 12:05:56,475 [Socket Reader #1 for port 46727] INFO  ipc.Server (Server.java:run(1074)) - Starting Socket Reader #1 for port 46727
2019-09-25 12:05:56,484 [main] INFO  hdfs.DFSUtil (DFSUtil.java:httpServerTemplateForNNAndJN(1641)) - Starting Web-server for scm at: http://0.0.0.0:0
2019-09-25 12:05:56,492 [main] INFO  server.AuthenticationFilter (AuthenticationFilter.java:constructSecretProvider(240)) - Unable to initialize FileSignerSecretProvider, falling back to use random secrets.
2019-09-25 12:05:56,492 [main] WARN  http.HttpRequestLog (HttpRequestLog.java:getRequestLog(97)) - Jetty request log can only be enabled using Log4j
2019-09-25 12:05:56,494 [main] INFO  http.HttpServer2 (HttpServer2.java:addGlobalFilter(975)) - Added global filter 'safety' (class=org.apache.hadoop.http.HttpServer2$QuotingInputFilter)
2019-09-25 12:05:56,495 [main] INFO  http.HttpServer2 (HttpServer2.java:addFilter(948)) - Added filter static_user_filter (class=org.apache.hadoop.http.lib.StaticUserWebFilter$StaticUserFilter) to context scm
2019-09-25 12:05:56,495 [main] INFO  http.HttpServer2 (HttpServer2.java:addFilter(958)) - Added filter static_user_filter (class=org.apache.hadoop.http.lib.StaticUserWebFilter$StaticUserFilter) to context logs
2019-09-25 12:05:56,495 [main] INFO  http.HttpServer2 (HttpServer2.java:addFilter(958)) - Added filter static_user_filter (class=org.apache.hadoop.http.lib.StaticUserWebFilter$StaticUserFilter) to context static
2019-09-25 12:05:56,497 [main] INFO  server.StorageContainerManager (StorageContainerManager.java:start(770)) - StorageContainerLocationProtocol RPC server is listening at /0.0.0.0:46727
2019-09-25 12:05:56,500 [main] WARN  impl.MetricsConfig (MetricsConfig.java:loadFirst(134)) - Cannot locate configuration: tried hadoop-metrics2-storagecontainermanager.properties,hadoop-metrics2.properties
2019-09-25 12:05:56,501 [main] INFO  impl.MetricsSystemImpl (MetricsSystemImpl.java:startTimer(374)) - Scheduled Metric snapshot period at 10 second(s).
2019-09-25 12:05:56,501 [main] INFO  impl.MetricsSystemImpl (MetricsSystemImpl.java:start(191)) - StorageContainerManager metrics system started
2019-09-25 12:05:56,616 [main] WARN  impl.MetricsSystemImpl (MetricsSystemImpl.java:register(276)) - Sink prometheus already exists!
2019-09-25 12:05:56,925 [main] INFO  server.SCMClientProtocolServer (SCMClientProtocolServer.java:start(151)) - RPC server for Client  is listening at /0.0.0.0:46727
2019-09-25 12:05:56,926 [IPC Server Responder] INFO  ipc.Server (Server.java:run(1314)) - IPC Server Responder: starting
2019-09-25 12:05:56,926 [IPC Server listener on 46727] INFO  ipc.Server (Server.java:run(1153)) - IPC Server listener on 46727: starting
2019-09-25 12:05:56,932 [main] INFO  server.StorageContainerManager (StorageContainerManager.java:start(780)) - ScmBlockLocationProtocol RPC server is listening at /0.0.0.0:38641
2019-09-25 12:05:56,932 [main] INFO  server.SCMBlockProtocolServer (SCMBlockProtocolServer.java:start(146)) - RPC server for Block Protocol is listening at /0.0.0.0:38641
2019-09-25 12:05:56,933 [IPC Server Responder] INFO  ipc.Server (Server.java:run(1314)) - IPC Server Responder: starting
2019-09-25 12:05:56,933 [IPC Server listener on 38641] INFO  ipc.Server (Server.java:run(1153)) - IPC Server listener on 38641: starting
2019-09-25 12:05:56,938 [main] INFO  server.StorageContainerManager (StorageContainerManager.java:start(784)) - ScmDatanodeProtocl RPC server is listening at /0.0.0.0:36473
2019-09-25 12:05:56,938 [main] INFO  server.SCMDatanodeProtocolServer (SCMDatanodeProtocolServer.java:start(191)) - RPC server for DataNodes is listening at /0.0.0.0:36473
2019-09-25 12:05:56,939 [IPC Server Responder] INFO  ipc.Server (Server.java:run(1314)) - IPC Server Responder: starting
2019-09-25 12:05:56,939 [IPC Server listener on 36473] INFO  ipc.Server (Server.java:run(1153)) - IPC Server listener on 36473: starting
2019-09-25 12:05:56,950 [main] INFO  http.HttpServer2 (HttpServer2.java:bindListener(1191)) - Jetty bound to port 43916
2019-09-25 12:05:56,950 [main] INFO  server.Server (Server.java:doStart(351)) - jetty-9.3.25.v20180904, build timestamp: 2018-09-04T21:11:46Z, git hash: 3ce520221d0240229c862b122d2b06c12a625732
2019-09-25 12:05:56,952 [main] INFO  handler.ContextHandler (ContextHandler.java:doStart(781)) - Started o.e.j.s.ServletContextHandler@34d9df9f{/logs,file:///workdir/hadoop-ozone/integration-test/target/log,AVAILABLE}
2019-09-25 12:05:56,952 [main] INFO  handler.ContextHandler (ContextHandler.java:doStart(781)) - Started o.e.j.s.ServletContextHandler@60807fd9{/static,file:///workdir/hadoop-ozone/integration-test/target/test-classes/webapps/static,AVAILABLE}
2019-09-25 12:05:56,956 [main] INFO  handler.ContextHandler (ContextHandler.java:doStart(781)) - Started o.e.j.w.WebAppContext@733534f9{/,file:///workdir/hadoop-ozone/integration-test/target/test-classes/webapps/scm/,AVAILABLE}{/scm}
2019-09-25 12:05:56,957 [main] INFO  server.AbstractConnector (AbstractConnector.java:doStart(278)) - Started ServerConnector@661e279d{HTTP/1.1,[http/1.1]}{0.0.0.0:43916}
2019-09-25 12:05:56,959 [main] INFO  server.Server (Server.java:doStart(419)) - Started @550603ms
2019-09-25 12:05:56,959 [main] WARN  impl.MetricsSystemImpl (MetricsSystemImpl.java:register(276)) - Sink prometheus already exists!
2019-09-25 12:05:56,960 [main] INFO  server.BaseHttpServer (BaseHttpServer.java:updateConnectorAddress(215)) - HTTP server of SCM is listening at http://0.0.0.0:43916
2019-09-25 12:05:56,962 [org.apache.hadoop.util.JvmPauseMonitor$Monitor@38de5daf] INFO  util.JvmPauseMonitor (JvmPauseMonitor.java:run(188)) - Starting JVM pause monitor
2019-09-25 12:05:56,962 [main] WARN  server.ServerUtils (ServerUtils.java:getDBPath(222)) - ozone.om.db.dirs is not configured. We recommend adding this setting. Falling back to ozone.metadata.dirs instead.
2019-09-25 12:05:56,977 [main] WARN  server.ServerUtils (ServerUtils.java:getDBPath(222)) - ozone.om.db.dirs is not configured. We recommend adding this setting. Falling back to ozone.metadata.dirs instead.
2019-09-25 12:05:56,980 [main] WARN  server.ServerUtils (ServerUtils.java:getDBPath(222)) - ozone.om.db.dirs is not configured. We recommend adding this setting. Falling back to ozone.metadata.dirs instead.
2019-09-25 12:05:56,980 [main] INFO  om.OzoneManager (OzoneManager.java:setOMNodeDetails(652)) - OM Service ID is not set. Setting it to the default ID: omServiceIdDefault
2019-09-25 12:05:56,981 [main] INFO  om.OzoneManager (OzoneManager.java:setOMNodeDetails(658)) - OM Node ID is not set. Setting it to the OmStorage's OmID: 121ec9a4-98fd-482a-be12-6956b186d8d2
2019-09-25 12:05:56,981 [main] INFO  om.OzoneManager (OzoneManager.java:loadOMHAConfigs(609)) - Found matching OM address with OMServiceId: null, OMNodeId: null, RPC Address: localhost:0 and Ratis port: 9872
2019-09-25 12:05:56,991 [main] WARN  server.ServerUtils (ServerUtils.java:getDBPath(222)) - ozone.om.db.dirs is not configured. We recommend adding this setting. Falling back to ozone.metadata.dirs instead.
2019-09-25 12:05:56,991 [main] INFO  db.DBStoreBuilder (DBStoreBuilder.java:addTable(110)) - using custom profile for table: userTable
2019-09-25 12:05:56,991 [main] INFO  db.DBStoreBuilder (DBStoreBuilder.java:processTables(161)) - Using default column profile:DBProfile.DISK for Table:userTable
2019-09-25 12:05:56,992 [main] INFO  db.DBStoreBuilder (DBStoreBuilder.java:addTable(110)) - using custom profile for table: volumeTable
2019-09-25 12:05:56,992 [main] INFO  db.DBStoreBuilder (DBStoreBuilder.java:processTables(161)) - Using default column profile:DBProfile.DISK for Table:volumeTable
2019-09-25 12:05:56,992 [main] INFO  db.DBStoreBuilder (DBStoreBuilder.java:addTable(110)) - using custom profile for table: bucketTable
2019-09-25 12:05:56,992 [main] INFO  db.DBStoreBuilder (DBStoreBuilder.java:processTables(161)) - Using default column profile:DBProfile.DISK for Table:bucketTable
2019-09-25 12:05:56,993 [main] INFO  db.DBStoreBuilder (DBStoreBuilder.java:addTable(110)) - using custom profile for table: keyTable
2019-09-25 12:05:56,993 [main] INFO  db.DBStoreBuilder (DBStoreBuilder.java:processTables(161)) - Using default column profile:DBProfile.DISK for Table:keyTable
2019-09-25 12:05:56,993 [main] INFO  db.DBStoreBuilder (DBStoreBuilder.java:addTable(110)) - using custom profile for table: deletedTable
2019-09-25 12:05:56,994 [main] INFO  db.DBStoreBuilder (DBStoreBuilder.java:processTables(161)) - Using default column profile:DBProfile.DISK for Table:deletedTable
2019-09-25 12:05:56,994 [main] INFO  db.DBStoreBuilder (DBStoreBuilder.java:addTable(110)) - using custom profile for table: openKeyTable
2019-09-25 12:05:56,994 [main] INFO  db.DBStoreBuilder (DBStoreBuilder.java:processTables(161)) - Using default column profile:DBProfile.DISK for Table:openKeyTable
2019-09-25 12:05:56,995 [main] INFO  db.DBStoreBuilder (DBStoreBuilder.java:addTable(110)) - using custom profile for table: s3Table
2019-09-25 12:05:56,995 [main] INFO  db.DBStoreBuilder (DBStoreBuilder.java:processTables(161)) - Using default column profile:DBProfile.DISK for Table:s3Table
2019-09-25 12:05:56,995 [main] INFO  db.DBStoreBuilder (DBStoreBuilder.java:addTable(110)) - using custom profile for table: multipartInfoTable
2019-09-25 12:05:56,995 [main] INFO  db.DBStoreBuilder (DBStoreBuilder.java:processTables(161)) - Using default column profile:DBProfile.DISK for Table:multipartInfoTable
2019-09-25 12:05:56,996 [main] INFO  db.DBStoreBuilder (DBStoreBuilder.java:addTable(110)) - using custom profile for table: dTokenTable
2019-09-25 12:05:56,996 [main] INFO  db.DBStoreBuilder (DBStoreBuilder.java:processTables(161)) - Using default column profile:DBProfile.DISK for Table:dTokenTable
2019-09-25 12:05:56,996 [main] INFO  db.DBStoreBuilder (DBStoreBuilder.java:addTable(110)) - using custom profile for table: s3SecretTable
2019-09-25 12:05:56,997 [main] INFO  db.DBStoreBuilder (DBStoreBuilder.java:processTables(161)) - Using default column profile:DBProfile.DISK for Table:s3SecretTable
2019-09-25 12:05:56,997 [main] INFO  db.DBStoreBuilder (DBStoreBuilder.java:addTable(110)) - using custom profile for table: prefixTable
2019-09-25 12:05:56,997 [main] INFO  db.DBStoreBuilder (DBStoreBuilder.java:processTables(161)) - Using default column profile:DBProfile.DISK for Table:prefixTable
2019-09-25 12:05:56,997 [main] INFO  db.DBStoreBuilder (DBStoreBuilder.java:addTable(110)) - using custom profile for table: default
2019-09-25 12:05:56,998 [main] INFO  db.DBStoreBuilder (DBStoreBuilder.java:processTables(167)) - Using default column profile:DBProfile.DISK for Table:default
2019-09-25 12:05:56,998 [main] INFO  db.DBStoreBuilder (DBStoreBuilder.java:getDbProfile(198)) - Using default options. DBProfile.DISK
2019-09-25 12:05:57,486 [main] INFO  ipc.CallQueueManager (CallQueueManager.java:<init>(84)) - Using callQueue: class java.util.concurrent.LinkedBlockingQueue, queueCapacity: 2000, scheduler: class org.apache.hadoop.ipc.DefaultRpcScheduler, ipcBackoff: false.
2019-09-25 12:05:57,487 [Socket Reader #1 for port 44353] INFO  ipc.Server (Server.java:run(1074)) - Starting Socket Reader #1 for port 44353
2019-09-25 12:05:57,500 [main] INFO  om.OzoneManager (OzoneManager.java:start(1243)) - OzoneManager RPC server is listening at localhost/127.0.0.1:44353
2019-09-25 12:05:57,501 [main] INFO  impl.MetricsSystemImpl (MetricsSystemImpl.java:init(158)) - OzoneManager metrics system started (again)
2019-09-25 12:05:57,501 [IPC Server Responder] INFO  ipc.Server (Server.java:run(1314)) - IPC Server Responder: starting
2019-09-25 12:05:57,501 [IPC Server listener on 44353] INFO  ipc.Server (Server.java:run(1153)) - IPC Server listener on 44353: starting
2019-09-25 12:05:57,509 [main] INFO  hdfs.DFSUtil (DFSUtil.java:httpServerTemplateForNNAndJN(1641)) - Starting Web-server for ozoneManager at: http://0.0.0.0:0
2019-09-25 12:05:57,510 [main] INFO  server.AuthenticationFilter (AuthenticationFilter.java:constructSecretProvider(240)) - Unable to initialize FileSignerSecretProvider, falling back to use random secrets.
2019-09-25 12:05:57,510 [main] WARN  http.HttpRequestLog (HttpRequestLog.java:getRequestLog(97)) - Jetty request log can only be enabled using Log4j
2019-09-25 12:05:57,512 [main] INFO  http.HttpServer2 (HttpServer2.java:addGlobalFilter(975)) - Added global filter 'safety' (class=org.apache.hadoop.http.HttpServer2$QuotingInputFilter)
2019-09-25 12:05:57,512 [main] INFO  http.HttpServer2 (HttpServer2.java:addFilter(948)) - Added filter static_user_filter (class=org.apache.hadoop.http.lib.StaticUserWebFilter$StaticUserFilter) to context ozoneManager
2019-09-25 12:05:57,512 [main] INFO  http.HttpServer2 (HttpServer2.java:addFilter(958)) - Added filter static_user_filter (class=org.apache.hadoop.http.lib.StaticUserWebFilter$StaticUserFilter) to context logs
2019-09-25 12:05:57,512 [main] INFO  http.HttpServer2 (HttpServer2.java:addFilter(958)) - Added filter static_user_filter (class=org.apache.hadoop.http.lib.StaticUserWebFilter$StaticUserFilter) to context static
2019-09-25 12:05:57,513 [main] INFO  http.HttpServer2 (HttpServer2.java:bindListener(1191)) - Jetty bound to port 38457
2019-09-25 12:05:57,513 [main] INFO  server.Server (Server.java:doStart(351)) - jetty-9.3.25.v20180904, build timestamp: 2018-09-04T21:11:46Z, git hash: 3ce520221d0240229c862b122d2b06c12a625732
2019-09-25 12:05:57,515 [main] INFO  handler.ContextHandler (ContextHandler.java:doStart(781)) - Started o.e.j.s.ServletContextHandler@77fc19cf{/logs,file:///workdir/hadoop-ozone/integration-test/target/log,AVAILABLE}
2019-09-25 12:05:57,515 [main] INFO  handler.ContextHandler (ContextHandler.java:doStart(781)) - Started o.e.j.s.ServletContextHandler@1b31af02{/static,file:///workdir/hadoop-ozone/integration-test/target/test-classes/webapps/static,AVAILABLE}
2019-09-25 12:05:57,519 [main] INFO  handler.ContextHandler (ContextHandler.java:doStart(781)) - Started o.e.j.w.WebAppContext@34cd65ac{/,file:///workdir/hadoop-ozone/integration-test/target/test-classes/webapps/ozoneManager/,AVAILABLE}{/ozoneManager}
2019-09-25 12:05:57,519 [main] INFO  server.AbstractConnector (AbstractConnector.java:doStart(278)) - Started ServerConnector@61911947{HTTP/1.1,[http/1.1]}{0.0.0.0:38457}
2019-09-25 12:05:57,521 [main] INFO  server.Server (Server.java:doStart(419)) - Started @551165ms
2019-09-25 12:05:57,521 [main] WARN  impl.MetricsSystemImpl (MetricsSystemImpl.java:register(276)) - Sink prometheus already exists!
2019-09-25 12:05:57,522 [main] INFO  server.BaseHttpServer (BaseHttpServer.java:updateConnectorAddress(215)) - HTTP server of OZONEMANAGER is listening at http://0.0.0.0:38457
2019-09-25 12:05:57,537 [main] INFO  impl.MetricsSystemImpl (MetricsSystemImpl.java:init(158)) - HddsDatanode metrics system started (again)
2019-09-25 12:05:57,547 [main] INFO  ozone.HddsDatanodeService (HddsDatanodeService.java:start(184)) - HddsDatanodeService host:pr-hdds-1569-shd4m-3693607622 ip:192.168.151.73
2019-09-25 12:05:57,554 [main] INFO  volume.HddsVolume (HddsVolume.java:<init>(176)) - Creating Volume: /workdir/hadoop-ozone/integration-test/target/test-dir/MiniOzoneClusterImpl-757e75c3-29a2-41d1-adb4-db6d7805a8c7/datanode-0/data/containers/hdds of  storage type : DISK and capacity : 1482555576320
2019-09-25 12:05:57,554 [main] INFO  volume.VolumeSet (VolumeSet.java:initializeVolumeSet(170)) - Added Volume : /workdir/hadoop-ozone/integration-test/target/test-dir/MiniOzoneClusterImpl-757e75c3-29a2-41d1-adb4-db6d7805a8c7/datanode-0/data/containers/hdds to VolumeSet
2019-09-25 12:05:57,555 [main] INFO  volume.ThrottledAsyncChecker (ThrottledAsyncChecker.java:schedule(139)) - Scheduling a check for org.apache.hadoop.ozone.container.common.volume.HddsVolume@1f7e52d1
2019-09-25 12:05:57,556 [main] INFO  volume.HddsVolumeChecker (HddsVolumeChecker.java:checkAllVolumes(202)) - Scheduled health check for volume org.apache.hadoop.ozone.container.common.volume.HddsVolume@1f7e52d1
2019-09-25 12:05:57,575 [main] INFO  impl.RaftServerProxy (ConfUtils.java:logGet(43)) - raft.rpc.type = GRPC (default)
2019-09-25 12:05:57,575 [main] INFO  grpc.GrpcFactory (GrpcFactory.java:checkPooledByteBufAllocatorUseCacheForAllThreads(45)) - PERFORMANCE WARNING: useCacheForAllThreads is true that may cause Netty to create a lot garbage objects and, as a result, trigger GC.
	It is recommended to disable useCacheForAllThreads by setting -Dorg.apache.ratis.thirdparty.io.netty.allocator.useCacheForAllThreads=false in command line.
2019-09-25 12:05:57,575 [main] INFO  grpc.GrpcConfigKeys$Server (ConfUtils.java:logGet(43)) - raft.grpc.server.port = 0 (default)
2019-09-25 12:05:57,576 [main] INFO  server.GrpcService (ConfUtils.java:logGet(43)) - raft.grpc.message.size.max = 33570816 (custom)
2019-09-25 12:05:57,576 [main] INFO  server.RaftServerConfigKeys (ConfUtils.java:logGet(43)) - raft.server.log.appender.buffer.byte-limit = 33554432 (custom)
2019-09-25 12:05:57,576 [main] INFO  server.GrpcService (ConfUtils.java:logGet(43)) - raft.grpc.flow.control.window = 1MB (=1048576) (default)
2019-09-25 12:05:57,576 [main] INFO  server.RaftServerConfigKeys (ConfUtils.java:logGet(43)) - raft.server.rpc.request.timeout = 3000ms (default)
2019-09-25 12:05:57,577 [main] INFO  server.RaftServerConfigKeys (ConfUtils.java:logGet(43)) - raft.server.storage.dir = [/workdir/hadoop-ozone/integration-test/target/test-dir/MiniOzoneClusterImpl-757e75c3-29a2-41d1-adb4-db6d7805a8c7/datanode-0/data/ratis] (custom)
2019-09-25 12:05:57,579 [main] INFO  hdfs.DFSUtil (DFSUtil.java:httpServerTemplateForNNAndJN(1641)) - Starting Web-server for hddsDatanode at: http://0.0.0.0:0
2019-09-25 12:05:57,580 [main] INFO  server.AuthenticationFilter (AuthenticationFilter.java:constructSecretProvider(240)) - Unable to initialize FileSignerSecretProvider, falling back to use random secrets.
2019-09-25 12:05:57,581 [main] WARN  http.HttpRequestLog (HttpRequestLog.java:getRequestLog(97)) - Jetty request log can only be enabled using Log4j
2019-09-25 12:05:57,583 [main] INFO  http.HttpServer2 (HttpServer2.java:addGlobalFilter(975)) - Added global filter 'safety' (class=org.apache.hadoop.http.HttpServer2$QuotingInputFilter)
2019-09-25 12:05:57,583 [main] INFO  http.HttpServer2 (HttpServer2.java:addFilter(948)) - Added filter static_user_filter (class=org.apache.hadoop.http.lib.StaticUserWebFilter$StaticUserFilter) to context hddsDatanode
2019-09-25 12:05:57,584 [main] INFO  http.HttpServer2 (HttpServer2.java:addFilter(958)) - Added filter static_user_filter (class=org.apache.hadoop.http.lib.StaticUserWebFilter$StaticUserFilter) to context logs
2019-09-25 12:05:57,584 [main] INFO  http.HttpServer2 (HttpServer2.java:addFilter(958)) - Added filter static_user_filter (class=org.apache.hadoop.http.lib.StaticUserWebFilter$StaticUserFilter) to context static
2019-09-25 12:05:57,585 [main] INFO  http.HttpServer2 (HttpServer2.java:bindListener(1191)) - Jetty bound to port 46260
2019-09-25 12:05:57,585 [main] INFO  server.Server (Server.java:doStart(351)) - jetty-9.3.25.v20180904, build timestamp: 2018-09-04T21:11:46Z, git hash: 3ce520221d0240229c862b122d2b06c12a625732
2019-09-25 12:05:57,587 [main] INFO  handler.ContextHandler (ContextHandler.java:doStart(781)) - Started o.e.j.s.ServletContextHandler@641ed324{/logs,file:///workdir/hadoop-ozone/integration-test/target/log,AVAILABLE}
2019-09-25 12:05:57,587 [main] INFO  handler.ContextHandler (ContextHandler.java:doStart(781)) - Started o.e.j.s.ServletContextHandler@4c5406b{/static,jar:file:/home/user/.m2/repository/org/apache/hadoop/hadoop-hdds-container-service/0.5.0-SNAPSHOT/hadoop-hdds-container-service-0.5.0-SNAPSHOT.jar!/webapps/static,AVAILABLE}
2019-09-25 12:05:57,626 [main] INFO  handler.ContextHandler (ContextHandler.java:doStart(781)) - Started o.e.j.w.WebAppContext@65859b44{/,file:///tmp/jetty-0.0.0.0-46260-hddsDatanode-_-any-2614297844469572606.dir/webapp/,AVAILABLE}{/hddsDatanode}
2019-09-25 12:05:57,626 [main] INFO  server.AbstractConnector (AbstractConnector.java:doStart(278)) - Started ServerConnector@d9f5fce{HTTP/1.1,[http/1.1]}{0.0.0.0:46260}
2019-09-25 12:05:57,629 [main] INFO  server.Server (Server.java:doStart(419)) - Started @551271ms
2019-09-25 12:05:57,629 [main] WARN  impl.MetricsSystemImpl (MetricsSystemImpl.java:register(276)) - Sink prometheus already exists!
2019-09-25 12:05:57,630 [main] INFO  server.BaseHttpServer (BaseHttpServer.java:updateConnectorAddress(215)) - HTTP server of HDDSDATANODE is listening at http://0.0.0.0:46260
2019-09-25 12:05:57,630 [main] INFO  impl.MetricsSystemImpl (MetricsSystemImpl.java:init(158)) - HddsDatanode metrics system started (again)
2019-09-25 12:05:57,641 [org.apache.hadoop.util.JvmPauseMonitor$Monitor@751bb3c1] INFO  util.JvmPauseMonitor (JvmPauseMonitor.java:run(188)) - Starting JVM pause monitor
2019-09-25 12:05:57,643 [main] INFO  ozone.HddsDatanodeService (HddsDatanodeService.java:start(184)) - HddsDatanodeService host:pr-hdds-1569-shd4m-3693607622 ip:192.168.151.73
2019-09-25 12:05:57,644 [Datanode State Machine Thread - 0] INFO  datanode.InitDatanodeState (InitDatanodeState.java:persistContainerDatanodeDetails(140)) - DatanodeDetails is persisted to /workdir/hadoop-ozone/integration-test/target/test-dir/MiniOzoneClusterImpl-757e75c3-29a2-41d1-adb4-db6d7805a8c7/datanode-0/meta/datanode.id
2019-09-25 12:05:57,651 [main] INFO  volume.HddsVolume (HddsVolume.java:<init>(176)) - Creating Volume: /workdir/hadoop-ozone/integration-test/target/test-dir/MiniOzoneClusterImpl-757e75c3-29a2-41d1-adb4-db6d7805a8c7/datanode-1/data/containers/hdds of  storage type : DISK and capacity : 1482555576320
2019-09-25 12:05:57,651 [main] INFO  volume.VolumeSet (VolumeSet.java:initializeVolumeSet(170)) - Added Volume : /workdir/hadoop-ozone/integration-test/target/test-dir/MiniOzoneClusterImpl-757e75c3-29a2-41d1-adb4-db6d7805a8c7/datanode-1/data/containers/hdds to VolumeSet
2019-09-25 12:05:57,651 [main] INFO  volume.ThrottledAsyncChecker (ThrottledAsyncChecker.java:schedule(139)) - Scheduling a check for org.apache.hadoop.ozone.container.common.volume.HddsVolume@5d5d3a5c
2019-09-25 12:05:57,652 [main] INFO  volume.HddsVolumeChecker (HddsVolumeChecker.java:checkAllVolumes(202)) - Scheduled health check for volume org.apache.hadoop.ozone.container.common.volume.HddsVolume@5d5d3a5c
2019-09-25 12:05:57,668 [main] INFO  impl.RaftServerProxy (ConfUtils.java:logGet(43)) - raft.rpc.type = GRPC (default)
2019-09-25 12:05:57,668 [main] INFO  grpc.GrpcFactory (GrpcFactory.java:checkPooledByteBufAllocatorUseCacheForAllThreads(45)) - PERFORMANCE WARNING: useCacheForAllThreads is true that may cause Netty to create a lot garbage objects and, as a result, trigger GC.
	It is recommended to disable useCacheForAllThreads by setting -Dorg.apache.ratis.thirdparty.io.netty.allocator.useCacheForAllThreads=false in command line.
2019-09-25 12:05:57,668 [main] INFO  grpc.GrpcConfigKeys$Server (ConfUtils.java:logGet(43)) - raft.grpc.server.port = 0 (default)
2019-09-25 12:05:57,668 [main] INFO  server.GrpcService (ConfUtils.java:logGet(43)) - raft.grpc.message.size.max = 33570816 (custom)
2019-09-25 12:05:57,668 [main] INFO  server.RaftServerConfigKeys (ConfUtils.java:logGet(43)) - raft.server.log.appender.buffer.byte-limit = 33554432 (custom)
2019-09-25 12:05:57,669 [main] INFO  server.GrpcService (ConfUtils.java:logGet(43)) - raft.grpc.flow.control.window = 1MB (=1048576) (default)
2019-09-25 12:05:57,669 [main] INFO  server.RaftServerConfigKeys (ConfUtils.java:logGet(43)) - raft.server.rpc.request.timeout = 3000ms (default)
2019-09-25 12:05:57,669 [main] INFO  server.RaftServerConfigKeys (ConfUtils.java:logGet(43)) - raft.server.storage.dir = [/workdir/hadoop-ozone/integration-test/target/test-dir/MiniOzoneClusterImpl-757e75c3-29a2-41d1-adb4-db6d7805a8c7/datanode-1/data/ratis] (custom)
2019-09-25 12:05:57,670 [main] INFO  hdfs.DFSUtil (DFSUtil.java:httpServerTemplateForNNAndJN(1641)) - Starting Web-server for hddsDatanode at: http://0.0.0.0:0
2019-09-25 12:05:57,671 [main] INFO  server.AuthenticationFilter (AuthenticationFilter.java:constructSecretProvider(240)) - Unable to initialize FileSignerSecretProvider, falling back to use random secrets.
2019-09-25 12:05:57,672 [main] WARN  http.HttpRequestLog (HttpRequestLog.java:getRequestLog(97)) - Jetty request log can only be enabled using Log4j
2019-09-25 12:05:57,673 [main] INFO  http.HttpServer2 (HttpServer2.java:addGlobalFilter(975)) - Added global filter 'safety' (class=org.apache.hadoop.http.HttpServer2$QuotingInputFilter)
2019-09-25 12:05:57,674 [main] INFO  http.HttpServer2 (HttpServer2.java:addFilter(948)) - Added filter static_user_filter (class=org.apache.hadoop.http.lib.StaticUserWebFilter$StaticUserFilter) to context hddsDatanode
2019-09-25 12:05:57,674 [main] INFO  http.HttpServer2 (HttpServer2.java:addFilter(958)) - Added filter static_user_filter (class=org.apache.hadoop.http.lib.StaticUserWebFilter$StaticUserFilter) to context logs
2019-09-25 12:05:57,674 [main] INFO  http.HttpServer2 (HttpServer2.java:addFilter(958)) - Added filter static_user_filter (class=org.apache.hadoop.http.lib.StaticUserWebFilter$StaticUserFilter) to context static
2019-09-25 12:05:57,674 [main] INFO  http.HttpServer2 (HttpServer2.java:bindListener(1191)) - Jetty bound to port 44535
2019-09-25 12:05:57,675 [main] INFO  server.Server (Server.java:doStart(351)) - jetty-9.3.25.v20180904, build timestamp: 2018-09-04T21:11:46Z, git hash: 3ce520221d0240229c862b122d2b06c12a625732
2019-09-25 12:05:57,676 [main] INFO  handler.ContextHandler (ContextHandler.java:doStart(781)) - Started o.e.j.s.ServletContextHandler@1d17423f{/logs,file:///workdir/hadoop-ozone/integration-test/target/log,AVAILABLE}
2019-09-25 12:05:57,677 [main] INFO  handler.ContextHandler (ContextHandler.java:doStart(781)) - Started o.e.j.s.ServletContextHandler@582dcd35{/static,jar:file:/home/user/.m2/repository/org/apache/hadoop/hadoop-hdds-container-service/0.5.0-SNAPSHOT/hadoop-hdds-container-service-0.5.0-SNAPSHOT.jar!/webapps/static,AVAILABLE}
2019-09-25 12:05:57,705 [main] INFO  handler.ContextHandler (ContextHandler.java:doStart(781)) - Started o.e.j.w.WebAppContext@1c6e3ff9{/,file:///tmp/jetty-0.0.0.0-44535-hddsDatanode-_-any-4924367497600522423.dir/webapp/,AVAILABLE}{/hddsDatanode}
2019-09-25 12:05:57,705 [main] INFO  server.AbstractConnector (AbstractConnector.java:doStart(278)) - Started ServerConnector@76e6c070{HTTP/1.1,[http/1.1]}{0.0.0.0:44535}
2019-09-25 12:05:57,708 [main] INFO  server.Server (Server.java:doStart(419)) - Started @551353ms
2019-09-25 12:05:57,708 [main] WARN  impl.MetricsSystemImpl (MetricsSystemImpl.java:register(276)) - Sink prometheus already exists!
2019-09-25 12:05:57,709 [main] INFO  server.BaseHttpServer (BaseHttpServer.java:updateConnectorAddress(215)) - HTTP server of HDDSDATANODE is listening at http://0.0.0.0:44535
2019-09-25 12:05:57,709 [main] INFO  impl.MetricsSystemImpl (MetricsSystemImpl.java:init(158)) - HddsDatanode metrics system started (again)
2019-09-25 12:05:57,724 [org.apache.hadoop.util.JvmPauseMonitor$Monitor@2ed16fce] INFO  util.JvmPauseMonitor (JvmPauseMonitor.java:run(188)) - Starting JVM pause monitor
2019-09-25 12:05:57,724 [main] INFO  ozone.HddsDatanodeService (HddsDatanodeService.java:start(184)) - HddsDatanodeService host:pr-hdds-1569-shd4m-3693607622 ip:192.168.151.73
2019-09-25 12:05:57,725 [Datanode State Machine Thread - 0] INFO  datanode.InitDatanodeState (InitDatanodeState.java:persistContainerDatanodeDetails(140)) - DatanodeDetails is persisted to /workdir/hadoop-ozone/integration-test/target/test-dir/MiniOzoneClusterImpl-757e75c3-29a2-41d1-adb4-db6d7805a8c7/datanode-1/meta/datanode.id
2019-09-25 12:05:57,732 [main] INFO  volume.HddsVolume (HddsVolume.java:<init>(176)) - Creating Volume: /workdir/hadoop-ozone/integration-test/target/test-dir/MiniOzoneClusterImpl-757e75c3-29a2-41d1-adb4-db6d7805a8c7/datanode-2/data/containers/hdds of  storage type : DISK and capacity : 1482555576320
2019-09-25 12:05:57,732 [main] INFO  volume.VolumeSet (VolumeSet.java:initializeVolumeSet(170)) - Added Volume : /workdir/hadoop-ozone/integration-test/target/test-dir/MiniOzoneClusterImpl-757e75c3-29a2-41d1-adb4-db6d7805a8c7/datanode-2/data/containers/hdds to VolumeSet
2019-09-25 12:05:57,733 [main] INFO  volume.ThrottledAsyncChecker (ThrottledAsyncChecker.java:schedule(139)) - Scheduling a check for org.apache.hadoop.ozone.container.common.volume.HddsVolume@42730828
2019-09-25 12:05:57,733 [main] INFO  volume.HddsVolumeChecker (HddsVolumeChecker.java:checkAllVolumes(202)) - Scheduled health check for volume org.apache.hadoop.ozone.container.common.volume.HddsVolume@42730828
2019-09-25 12:05:57,746 [main] INFO  impl.RaftServerProxy (ConfUtils.java:logGet(43)) - raft.rpc.type = GRPC (default)
2019-09-25 12:05:57,746 [main] INFO  grpc.GrpcFactory (GrpcFactory.java:checkPooledByteBufAllocatorUseCacheForAllThreads(45)) - PERFORMANCE WARNING: useCacheForAllThreads is true that may cause Netty to create a lot garbage objects and, as a result, trigger GC.
	It is recommended to disable useCacheForAllThreads by setting -Dorg.apache.ratis.thirdparty.io.netty.allocator.useCacheForAllThreads=false in command line.
2019-09-25 12:05:57,747 [main] INFO  grpc.GrpcConfigKeys$Server (ConfUtils.java:logGet(43)) - raft.grpc.server.port = 0 (default)
2019-09-25 12:05:57,747 [main] INFO  server.GrpcService (ConfUtils.java:logGet(43)) - raft.grpc.message.size.max = 33570816 (custom)
2019-09-25 12:05:57,747 [main] INFO  server.RaftServerConfigKeys (ConfUtils.java:logGet(43)) - raft.server.log.appender.buffer.byte-limit = 33554432 (custom)
2019-09-25 12:05:57,747 [main] INFO  server.GrpcService (ConfUtils.java:logGet(43)) - raft.grpc.flow.control.window = 1MB (=1048576) (default)
2019-09-25 12:05:57,747 [main] INFO  server.RaftServerConfigKeys (ConfUtils.java:logGet(43)) - raft.server.rpc.request.timeout = 3000ms (default)
2019-09-25 12:05:57,748 [main] INFO  server.RaftServerConfigKeys (ConfUtils.java:logGet(43)) - raft.server.storage.dir = [/workdir/hadoop-ozone/integration-test/target/test-dir/MiniOzoneClusterImpl-757e75c3-29a2-41d1-adb4-db6d7805a8c7/datanode-2/data/ratis] (custom)
2019-09-25 12:05:57,749 [main] INFO  hdfs.DFSUtil (DFSUtil.java:httpServerTemplateForNNAndJN(1641)) - Starting Web-server for hddsDatanode at: http://0.0.0.0:0
2019-09-25 12:05:57,750 [main] INFO  server.AuthenticationFilter (AuthenticationFilter.java:constructSecretProvider(240)) - Unable to initialize FileSignerSecretProvider, falling back to use random secrets.
2019-09-25 12:05:57,750 [main] WARN  http.HttpRequestLog (HttpRequestLog.java:getRequestLog(97)) - Jetty request log can only be enabled using Log4j
2019-09-25 12:05:57,751 [main] INFO  http.HttpServer2 (HttpServer2.java:addGlobalFilter(975)) - Added global filter 'safety' (class=org.apache.hadoop.http.HttpServer2$QuotingInputFilter)
2019-09-25 12:05:57,752 [main] INFO  http.HttpServer2 (HttpServer2.java:addFilter(948)) - Added filter static_user_filter (class=org.apache.hadoop.http.lib.StaticUserWebFilter$StaticUserFilter) to context hddsDatanode
2019-09-25 12:05:57,752 [main] INFO  http.HttpServer2 (HttpServer2.java:addFilter(958)) - Added filter static_user_filter (class=org.apache.hadoop.http.lib.StaticUserWebFilter$StaticUserFilter) to context logs
2019-09-25 12:05:57,752 [main] INFO  http.HttpServer2 (HttpServer2.java:addFilter(958)) - Added filter static_user_filter (class=org.apache.hadoop.http.lib.StaticUserWebFilter$StaticUserFilter) to context static
2019-09-25 12:05:57,752 [main] INFO  http.HttpServer2 (HttpServer2.java:bindListener(1191)) - Jetty bound to port 44166
2019-09-25 12:05:57,753 [main] INFO  server.Server (Server.java:doStart(351)) - jetty-9.3.25.v20180904, build timestamp: 2018-09-04T21:11:46Z, git hash: 3ce520221d0240229c862b122d2b06c12a625732
2019-09-25 12:05:57,754 [main] INFO  handler.ContextHandler (ContextHandler.java:doStart(781)) - Started o.e.j.s.ServletContextHandler@13d289c7{/logs,file:///workdir/hadoop-ozone/integration-test/target/log,AVAILABLE}
2019-09-25 12:05:57,754 [main] INFO  handler.ContextHandler (ContextHandler.java:doStart(781)) - Started o.e.j.s.ServletContextHandler@1412682c{/static,jar:file:/home/user/.m2/repository/org/apache/hadoop/hadoop-hdds-container-service/0.5.0-SNAPSHOT/hadoop-hdds-container-service-0.5.0-SNAPSHOT.jar!/webapps/static,AVAILABLE}
2019-09-25 12:05:57,781 [main] INFO  handler.ContextHandler (ContextHandler.java:doStart(781)) - Started o.e.j.w.WebAppContext@17134190{/,file:///tmp/jetty-0.0.0.0-44166-hddsDatanode-_-any-6527275293971951574.dir/webapp/,AVAILABLE}{/hddsDatanode}
2019-09-25 12:05:57,782 [main] INFO  server.AbstractConnector (AbstractConnector.java:doStart(278)) - Started ServerConnector@7d8b66d9{HTTP/1.1,[http/1.1]}{0.0.0.0:44166}
2019-09-25 12:05:57,782 [main] INFO  server.Server (Server.java:doStart(419)) - Started @551426ms
2019-09-25 12:05:57,785 [main] WARN  impl.MetricsSystemImpl (MetricsSystemImpl.java:register(276)) - Sink prometheus already exists!
2019-09-25 12:05:57,785 [main] INFO  server.BaseHttpServer (BaseHttpServer.java:updateConnectorAddress(215)) - HTTP server of HDDSDATANODE is listening at http://0.0.0.0:44166
2019-09-25 12:05:57,786 [main] INFO  impl.MetricsSystemImpl (MetricsSystemImpl.java:init(158)) - HddsDatanode metrics system started (again)
2019-09-25 12:05:57,796 [org.apache.hadoop.util.JvmPauseMonitor$Monitor@18add0d] INFO  util.JvmPauseMonitor (JvmPauseMonitor.java:run(188)) - Starting JVM pause monitor
2019-09-25 12:05:57,797 [main] INFO  ozone.HddsDatanodeService (HddsDatanodeService.java:start(184)) - HddsDatanodeService host:pr-hdds-1569-shd4m-3693607622 ip:192.168.151.73
2019-09-25 12:05:57,798 [Datanode State Machine Thread - 0] INFO  datanode.InitDatanodeState (InitDatanodeState.java:persistContainerDatanodeDetails(140)) - DatanodeDetails is persisted to /workdir/hadoop-ozone/integration-test/target/test-dir/MiniOzoneClusterImpl-757e75c3-29a2-41d1-adb4-db6d7805a8c7/datanode-2/meta/datanode.id
2019-09-25 12:05:57,804 [main] INFO  volume.HddsVolume (HddsVolume.java:<init>(176)) - Creating Volume: /workdir/hadoop-ozone/integration-test/target/test-dir/MiniOzoneClusterImpl-757e75c3-29a2-41d1-adb4-db6d7805a8c7/datanode-3/data/containers/hdds of  storage type : DISK and capacity : 1482555576320
2019-09-25 12:05:57,804 [main] INFO  volume.VolumeSet (VolumeSet.java:initializeVolumeSet(170)) - Added Volume : /workdir/hadoop-ozone/integration-test/target/test-dir/MiniOzoneClusterImpl-757e75c3-29a2-41d1-adb4-db6d7805a8c7/datanode-3/data/containers/hdds to VolumeSet
2019-09-25 12:05:57,805 [main] INFO  volume.ThrottledAsyncChecker (ThrottledAsyncChecker.java:schedule(139)) - Scheduling a check for org.apache.hadoop.ozone.container.common.volume.HddsVolume@362a561e
2019-09-25 12:05:57,805 [main] INFO  volume.HddsVolumeChecker (HddsVolumeChecker.java:checkAllVolumes(202)) - Scheduled health check for volume org.apache.hadoop.ozone.container.common.volume.HddsVolume@362a561e
2019-09-25 12:05:57,828 [main] INFO  impl.RaftServerProxy (ConfUtils.java:logGet(43)) - raft.rpc.type = GRPC (default)
2019-09-25 12:05:57,828 [main] INFO  grpc.GrpcFactory (GrpcFactory.java:checkPooledByteBufAllocatorUseCacheForAllThreads(45)) - PERFORMANCE WARNING: useCacheForAllThreads is true that may cause Netty to create a lot garbage objects and, as a result, trigger GC.
	It is recommended to disable useCacheForAllThreads by setting -Dorg.apache.ratis.thirdparty.io.netty.allocator.useCacheForAllThreads=false in command line.
2019-09-25 12:05:57,829 [main] INFO  grpc.GrpcConfigKeys$Server (ConfUtils.java:logGet(43)) - raft.grpc.server.port = 0 (default)
2019-09-25 12:05:57,829 [main] INFO  server.GrpcService (ConfUtils.java:logGet(43)) - raft.grpc.message.size.max = 33570816 (custom)
2019-09-25 12:05:57,829 [main] INFO  server.RaftServerConfigKeys (ConfUtils.java:logGet(43)) - raft.server.log.appender.buffer.byte-limit = 33554432 (custom)
2019-09-25 12:05:57,829 [main] INFO  server.GrpcService (ConfUtils.java:logGet(43)) - raft.grpc.flow.control.window = 1MB (=1048576) (default)
2019-09-25 12:05:57,829 [main] INFO  server.RaftServerConfigKeys (ConfUtils.java:logGet(43)) - raft.server.rpc.request.timeout = 3000ms (default)
2019-09-25 12:05:57,830 [main] INFO  server.RaftServerConfigKeys (ConfUtils.java:logGet(43)) - raft.server.storage.dir = [/workdir/hadoop-ozone/integration-test/target/test-dir/MiniOzoneClusterImpl-757e75c3-29a2-41d1-adb4-db6d7805a8c7/datanode-3/data/ratis] (custom)
2019-09-25 12:05:57,831 [main] INFO  hdfs.DFSUtil (DFSUtil.java:httpServerTemplateForNNAndJN(1641)) - Starting Web-server for hddsDatanode at: http://0.0.0.0:0
2019-09-25 12:05:57,832 [main] INFO  server.AuthenticationFilter (AuthenticationFilter.java:constructSecretProvider(240)) - Unable to initialize FileSignerSecretProvider, falling back to use random secrets.
2019-09-25 12:05:57,833 [main] WARN  http.HttpRequestLog (HttpRequestLog.java:getRequestLog(97)) - Jetty request log can only be enabled using Log4j
2019-09-25 12:05:57,834 [main] INFO  http.HttpServer2 (HttpServer2.java:addGlobalFilter(975)) - Added global filter 'safety' (class=org.apache.hadoop.http.HttpServer2$QuotingInputFilter)
2019-09-25 12:05:57,835 [main] INFO  http.HttpServer2 (HttpServer2.java:addFilter(948)) - Added filter static_user_filter (class=org.apache.hadoop.http.lib.StaticUserWebFilter$StaticUserFilter) to context hddsDatanode
2019-09-25 12:05:57,835 [main] INFO  http.HttpServer2 (HttpServer2.java:addFilter(958)) - Added filter static_user_filter (class=org.apache.hadoop.http.lib.StaticUserWebFilter$StaticUserFilter) to context logs
2019-09-25 12:05:57,835 [main] INFO  http.HttpServer2 (HttpServer2.java:addFilter(958)) - Added filter static_user_filter (class=org.apache.hadoop.http.lib.StaticUserWebFilter$StaticUserFilter) to context static
2019-09-25 12:05:57,836 [main] INFO  http.HttpServer2 (HttpServer2.java:bindListener(1191)) - Jetty bound to port 36922
2019-09-25 12:05:57,836 [main] INFO  server.Server (Server.java:doStart(351)) - jetty-9.3.25.v20180904, build timestamp: 2018-09-04T21:11:46Z, git hash: 3ce520221d0240229c862b122d2b06c12a625732
2019-09-25 12:05:57,837 [main] INFO  handler.ContextHandler (ContextHandler.java:doStart(781)) - Started o.e.j.s.ServletContextHandler@19bfbe28{/logs,file:///workdir/hadoop-ozone/integration-test/target/log,AVAILABLE}
2019-09-25 12:05:57,838 [main] INFO  handler.ContextHandler (ContextHandler.java:doStart(781)) - Started o.e.j.s.ServletContextHandler@49ced9c7{/static,jar:file:/home/user/.m2/repository/org/apache/hadoop/hadoop-hdds-container-service/0.5.0-SNAPSHOT/hadoop-hdds-container-service-0.5.0-SNAPSHOT.jar!/webapps/static,AVAILABLE}
2019-09-25 12:05:57,865 [main] INFO  handler.ContextHandler (ContextHandler.java:doStart(781)) - Started o.e.j.w.WebAppContext@3120495d{/,file:///tmp/jetty-0.0.0.0-36922-hddsDatanode-_-any-3033128866157198484.dir/webapp/,AVAILABLE}{/hddsDatanode}
2019-09-25 12:05:57,865 [main] INFO  server.AbstractConnector (AbstractConnector.java:doStart(278)) - Started ServerConnector@781c2497{HTTP/1.1,[http/1.1]}{0.0.0.0:36922}
2019-09-25 12:05:57,865 [main] INFO  server.Server (Server.java:doStart(419)) - Started @551510ms
2019-09-25 12:05:57,869 [main] WARN  impl.MetricsSystemImpl (MetricsSystemImpl.java:register(276)) - Sink prometheus already exists!
2019-09-25 12:05:57,869 [main] INFO  server.BaseHttpServer (BaseHttpServer.java:updateConnectorAddress(215)) - HTTP server of HDDSDATANODE is listening at http://0.0.0.0:36922
2019-09-25 12:05:57,870 [main] INFO  impl.MetricsSystemImpl (MetricsSystemImpl.java:init(158)) - HddsDatanode metrics system started (again)
2019-09-25 12:05:57,881 [org.apache.hadoop.util.JvmPauseMonitor$Monitor@2dd3e0d2] INFO  util.JvmPauseMonitor (JvmPauseMonitor.java:run(188)) - Starting JVM pause monitor
2019-09-25 12:05:57,882 [main] INFO  ozone.HddsDatanodeService (HddsDatanodeService.java:start(184)) - HddsDatanodeService host:pr-hdds-1569-shd4m-3693607622 ip:192.168.151.73
2019-09-25 12:05:57,883 [Datanode State Machine Thread - 0] INFO  datanode.InitDatanodeState (InitDatanodeState.java:persistContainerDatanodeDetails(140)) - DatanodeDetails is persisted to /workdir/hadoop-ozone/integration-test/target/test-dir/MiniOzoneClusterImpl-757e75c3-29a2-41d1-adb4-db6d7805a8c7/datanode-3/meta/datanode.id
2019-09-25 12:05:57,904 [main] INFO  volume.HddsVolume (HddsVolume.java:<init>(176)) - Creating Volume: /workdir/hadoop-ozone/integration-test/target/test-dir/MiniOzoneClusterImpl-757e75c3-29a2-41d1-adb4-db6d7805a8c7/datanode-4/data/containers/hdds of  storage type : DISK and capacity : 1482555576320
2019-09-25 12:05:57,905 [main] INFO  volume.VolumeSet (VolumeSet.java:initializeVolumeSet(170)) - Added Volume : /workdir/hadoop-ozone/integration-test/target/test-dir/MiniOzoneClusterImpl-757e75c3-29a2-41d1-adb4-db6d7805a8c7/datanode-4/data/containers/hdds to VolumeSet
2019-09-25 12:05:57,905 [main] INFO  volume.ThrottledAsyncChecker (ThrottledAsyncChecker.java:schedule(139)) - Scheduling a check for org.apache.hadoop.ozone.container.common.volume.HddsVolume@6def0632
2019-09-25 12:05:57,905 [main] INFO  volume.HddsVolumeChecker (HddsVolumeChecker.java:checkAllVolumes(202)) - Scheduled health check for volume org.apache.hadoop.ozone.container.common.volume.HddsVolume@6def0632
2019-09-25 12:05:57,921 [main] INFO  impl.RaftServerProxy (ConfUtils.java:logGet(43)) - raft.rpc.type = GRPC (default)
2019-09-25 12:05:57,921 [main] INFO  grpc.GrpcFactory (GrpcFactory.java:checkPooledByteBufAllocatorUseCacheForAllThreads(45)) - PERFORMANCE WARNING: useCacheForAllThreads is true that may cause Netty to create a lot garbage objects and, as a result, trigger GC.
	It is recommended to disable useCacheForAllThreads by setting -Dorg.apache.ratis.thirdparty.io.netty.allocator.useCacheForAllThreads=false in command line.
2019-09-25 12:05:57,921 [main] INFO  grpc.GrpcConfigKeys$Server (ConfUtils.java:logGet(43)) - raft.grpc.server.port = 0 (default)
2019-09-25 12:05:57,922 [main] INFO  server.GrpcService (ConfUtils.java:logGet(43)) - raft.grpc.message.size.max = 33570816 (custom)
2019-09-25 12:05:57,922 [main] INFO  server.RaftServerConfigKeys (ConfUtils.java:logGet(43)) - raft.server.log.appender.buffer.byte-limit = 33554432 (custom)
2019-09-25 12:05:57,922 [main] INFO  server.GrpcService (ConfUtils.java:logGet(43)) - raft.grpc.flow.control.window = 1MB (=1048576) (default)
2019-09-25 12:05:57,922 [main] INFO  server.RaftServerConfigKeys (ConfUtils.java:logGet(43)) - raft.server.rpc.request.timeout = 3000ms (default)
2019-09-25 12:05:57,923 [main] INFO  server.RaftServerConfigKeys (ConfUtils.java:logGet(43)) - raft.server.storage.dir = [/workdir/hadoop-ozone/integration-test/target/test-dir/MiniOzoneClusterImpl-757e75c3-29a2-41d1-adb4-db6d7805a8c7/datanode-4/data/ratis] (custom)
2019-09-25 12:05:57,924 [main] INFO  hdfs.DFSUtil (DFSUtil.java:httpServerTemplateForNNAndJN(1641)) - Starting Web-server for hddsDatanode at: http://0.0.0.0:0
2019-09-25 12:05:57,925 [main] INFO  server.AuthenticationFilter (AuthenticationFilter.java:constructSecretProvider(240)) - Unable to initialize FileSignerSecretProvider, falling back to use random secrets.
2019-09-25 12:05:57,926 [main] WARN  http.HttpRequestLog (HttpRequestLog.java:getRequestLog(97)) - Jetty request log can only be enabled using Log4j
2019-09-25 12:05:57,927 [main] INFO  http.HttpServer2 (HttpServer2.java:addGlobalFilter(975)) - Added global filter 'safety' (class=org.apache.hadoop.http.HttpServer2$QuotingInputFilter)
2019-09-25 12:05:57,927 [main] INFO  http.HttpServer2 (HttpServer2.java:addFilter(948)) - Added filter static_user_filter (class=org.apache.hadoop.http.lib.StaticUserWebFilter$StaticUserFilter) to context hddsDatanode
2019-09-25 12:05:57,927 [main] INFO  http.HttpServer2 (HttpServer2.java:addFilter(958)) - Added filter static_user_filter (class=org.apache.hadoop.http.lib.StaticUserWebFilter$StaticUserFilter) to context static
2019-09-25 12:05:57,928 [main] INFO  http.HttpServer2 (HttpServer2.java:addFilter(958)) - Added filter static_user_filter (class=org.apache.hadoop.http.lib.StaticUserWebFilter$StaticUserFilter) to context logs
2019-09-25 12:05:57,928 [main] INFO  http.HttpServer2 (HttpServer2.java:bindListener(1191)) - Jetty bound to port 43022
2019-09-25 12:05:57,929 [main] INFO  server.Server (Server.java:doStart(351)) - jetty-9.3.25.v20180904, build timestamp: 2018-09-04T21:11:46Z, git hash: 3ce520221d0240229c862b122d2b06c12a625732
2019-09-25 12:05:57,930 [main] INFO  handler.ContextHandler (ContextHandler.java:doStart(781)) - Started o.e.j.s.ServletContextHandler@3d4ecc67{/logs,file:///workdir/hadoop-ozone/integration-test/target/log,AVAILABLE}
2019-09-25 12:05:57,931 [main] INFO  handler.ContextHandler (ContextHandler.java:doStart(781)) - Started o.e.j.s.ServletContextHandler@7606bd03{/static,jar:file:/home/user/.m2/repository/org/apache/hadoop/hadoop-hdds-container-service/0.5.0-SNAPSHOT/hadoop-hdds-container-service-0.5.0-SNAPSHOT.jar!/webapps/static,AVAILABLE}
2019-09-25 12:05:57,958 [main] INFO  handler.ContextHandler (ContextHandler.java:doStart(781)) - Started o.e.j.w.WebAppContext@4cb24e2{/,file:///tmp/jetty-0.0.0.0-43022-hddsDatanode-_-any-6617226162097039555.dir/webapp/,AVAILABLE}{/hddsDatanode}
2019-09-25 12:05:57,958 [main] INFO  server.AbstractConnector (AbstractConnector.java:doStart(278)) - Started ServerConnector@7be38eba{HTTP/1.1,[http/1.1]}{0.0.0.0:43022}
2019-09-25 12:05:57,959 [main] INFO  server.Server (Server.java:doStart(419)) - Started @551603ms
2019-09-25 12:05:57,965 [main] WARN  impl.MetricsSystemImpl (MetricsSystemImpl.java:register(276)) - Sink prometheus already exists!
2019-09-25 12:05:57,965 [main] INFO  server.BaseHttpServer (BaseHttpServer.java:updateConnectorAddress(215)) - HTTP server of HDDSDATANODE is listening at http://0.0.0.0:43022
2019-09-25 12:05:57,966 [main] INFO  impl.MetricsSystemImpl (MetricsSystemImpl.java:init(158)) - HddsDatanode metrics system started (again)
2019-09-25 12:05:57,979 [org.apache.hadoop.util.JvmPauseMonitor$Monitor@194a1657] INFO  util.JvmPauseMonitor (JvmPauseMonitor.java:run(188)) - Starting JVM pause monitor
2019-09-25 12:05:57,980 [Datanode State Machine Thread - 0] INFO  datanode.InitDatanodeState (InitDatanodeState.java:persistContainerDatanodeDetails(140)) - DatanodeDetails is persisted to /workdir/hadoop-ozone/integration-test/target/test-dir/MiniOzoneClusterImpl-757e75c3-29a2-41d1-adb4-db6d7805a8c7/datanode-4/meta/datanode.id
2019-09-25 12:05:57,980 [main] INFO  ozone.HddsDatanodeService (HddsDatanodeService.java:start(184)) - HddsDatanodeService host:pr-hdds-1569-shd4m-3693607622 ip:192.168.151.73
2019-09-25 12:05:57,989 [main] INFO  volume.HddsVolume (HddsVolume.java:<init>(176)) - Creating Volume: /workdir/hadoop-ozone/integration-test/target/test-dir/MiniOzoneClusterImpl-757e75c3-29a2-41d1-adb4-db6d7805a8c7/datanode-5/data/containers/hdds of  storage type : DISK and capacity : 1482555576320
2019-09-25 12:05:57,989 [main] INFO  volume.VolumeSet (VolumeSet.java:initializeVolumeSet(170)) - Added Volume : /workdir/hadoop-ozone/integration-test/target/test-dir/MiniOzoneClusterImpl-757e75c3-29a2-41d1-adb4-db6d7805a8c7/datanode-5/data/containers/hdds to VolumeSet
2019-09-25 12:05:57,989 [main] INFO  volume.ThrottledAsyncChecker (ThrottledAsyncChecker.java:schedule(139)) - Scheduling a check for org.apache.hadoop.ozone.container.common.volume.HddsVolume@5c5a91b4
2019-09-25 12:05:57,989 [main] INFO  volume.HddsVolumeChecker (HddsVolumeChecker.java:checkAllVolumes(202)) - Scheduled health check for volume org.apache.hadoop.ozone.container.common.volume.HddsVolume@5c5a91b4
2019-09-25 12:05:58,011 [main] INFO  impl.RaftServerProxy (ConfUtils.java:logGet(43)) - raft.rpc.type = GRPC (default)
2019-09-25 12:05:58,011 [main] INFO  grpc.GrpcFactory (GrpcFactory.java:checkPooledByteBufAllocatorUseCacheForAllThreads(45)) - PERFORMANCE WARNING: useCacheForAllThreads is true that may cause Netty to create a lot garbage objects and, as a result, trigger GC.
	It is recommended to disable useCacheForAllThreads by setting -Dorg.apache.ratis.thirdparty.io.netty.allocator.useCacheForAllThreads=false in command line.
2019-09-25 12:05:58,012 [main] INFO  grpc.GrpcConfigKeys$Server (ConfUtils.java:logGet(43)) - raft.grpc.server.port = 0 (default)
2019-09-25 12:05:58,012 [main] INFO  server.GrpcService (ConfUtils.java:logGet(43)) - raft.grpc.message.size.max = 33570816 (custom)
2019-09-25 12:05:58,012 [main] INFO  server.RaftServerConfigKeys (ConfUtils.java:logGet(43)) - raft.server.log.appender.buffer.byte-limit = 33554432 (custom)
2019-09-25 12:05:58,012 [main] INFO  server.GrpcService (ConfUtils.java:logGet(43)) - raft.grpc.flow.control.window = 1MB (=1048576) (default)
2019-09-25 12:05:58,013 [main] INFO  server.RaftServerConfigKeys (ConfUtils.java:logGet(43)) - raft.server.rpc.request.timeout = 3000ms (default)
2019-09-25 12:05:58,013 [main] INFO  server.RaftServerConfigKeys (ConfUtils.java:logGet(43)) - raft.server.storage.dir = [/workdir/hadoop-ozone/integration-test/target/test-dir/MiniOzoneClusterImpl-757e75c3-29a2-41d1-adb4-db6d7805a8c7/datanode-5/data/ratis] (custom)
2019-09-25 12:05:58,014 [main] INFO  hdfs.DFSUtil (DFSUtil.java:httpServerTemplateForNNAndJN(1641)) - Starting Web-server for hddsDatanode at: http://0.0.0.0:0
2019-09-25 12:05:58,016 [main] INFO  server.AuthenticationFilter (AuthenticationFilter.java:constructSecretProvider(240)) - Unable to initialize FileSignerSecretProvider, falling back to use random secrets.
2019-09-25 12:05:58,016 [main] WARN  http.HttpRequestLog (HttpRequestLog.java:getRequestLog(97)) - Jetty request log can only be enabled using Log4j
2019-09-25 12:05:58,017 [main] INFO  http.HttpServer2 (HttpServer2.java:addGlobalFilter(975)) - Added global filter 'safety' (class=org.apache.hadoop.http.HttpServer2$QuotingInputFilter)
2019-09-25 12:05:58,018 [main] INFO  http.HttpServer2 (HttpServer2.java:addFilter(948)) - Added filter static_user_filter (class=org.apache.hadoop.http.lib.StaticUserWebFilter$StaticUserFilter) to context hddsDatanode
2019-09-25 12:05:58,018 [main] INFO  http.HttpServer2 (HttpServer2.java:addFilter(958)) - Added filter static_user_filter (class=org.apache.hadoop.http.lib.StaticUserWebFilter$StaticUserFilter) to context logs
2019-09-25 12:05:58,018 [main] INFO  http.HttpServer2 (HttpServer2.java:addFilter(958)) - Added filter static_user_filter (class=org.apache.hadoop.http.lib.StaticUserWebFilter$StaticUserFilter) to context static
2019-09-25 12:05:58,019 [main] INFO  http.HttpServer2 (HttpServer2.java:bindListener(1191)) - Jetty bound to port 45633
2019-09-25 12:05:58,019 [main] INFO  server.Server (Server.java:doStart(351)) - jetty-9.3.25.v20180904, build timestamp: 2018-09-04T21:11:46Z, git hash: 3ce520221d0240229c862b122d2b06c12a625732
2019-09-25 12:05:58,020 [main] INFO  handler.ContextHandler (ContextHandler.java:doStart(781)) - Started o.e.j.s.ServletContextHandler@83b0d0f{/logs,file:///workdir/hadoop-ozone/integration-test/target/log,AVAILABLE}
2019-09-25 12:05:58,021 [main] INFO  handler.ContextHandler (ContextHandler.java:doStart(781)) - Started o.e.j.s.ServletContextHandler@7afe0e67{/static,jar:file:/home/user/.m2/repository/org/apache/hadoop/hadoop-hdds-container-service/0.5.0-SNAPSHOT/hadoop-hdds-container-service-0.5.0-SNAPSHOT.jar!/webapps/static,AVAILABLE}
2019-09-25 12:05:58,047 [main] INFO  handler.ContextHandler (ContextHandler.java:doStart(781)) - Started o.e.j.w.WebAppContext@577bfadb{/,file:///tmp/jetty-0.0.0.0-45633-hddsDatanode-_-any-2315644281381356339.dir/webapp/,AVAILABLE}{/hddsDatanode}
2019-09-25 12:05:58,048 [main] INFO  server.AbstractConnector (AbstractConnector.java:doStart(278)) - Started ServerConnector@25ae1f80{HTTP/1.1,[http/1.1]}{0.0.0.0:45633}
2019-09-25 12:05:58,051 [main] INFO  server.Server (Server.java:doStart(419)) - Started @551692ms
2019-09-25 12:05:58,051 [main] WARN  impl.MetricsSystemImpl (MetricsSystemImpl.java:register(276)) - Sink prometheus already exists!
2019-09-25 12:05:58,051 [main] INFO  server.BaseHttpServer (BaseHttpServer.java:updateConnectorAddress(215)) - HTTP server of HDDSDATANODE is listening at http://0.0.0.0:45633
2019-09-25 12:05:58,052 [main] INFO  impl.MetricsSystemImpl (MetricsSystemImpl.java:init(158)) - HddsDatanode metrics system started (again)
2019-09-25 12:05:58,065 [org.apache.hadoop.util.JvmPauseMonitor$Monitor@5042e548] INFO  util.JvmPauseMonitor (JvmPauseMonitor.java:run(188)) - Starting JVM pause monitor
2019-09-25 12:05:58,067 [main] INFO  ozone.HddsDatanodeService (HddsDatanodeService.java:start(184)) - HddsDatanodeService host:pr-hdds-1569-shd4m-3693607622 ip:192.168.151.73
2019-09-25 12:05:58,067 [Datanode State Machine Thread - 0] INFO  datanode.InitDatanodeState (InitDatanodeState.java:persistContainerDatanodeDetails(140)) - DatanodeDetails is persisted to /workdir/hadoop-ozone/integration-test/target/test-dir/MiniOzoneClusterImpl-757e75c3-29a2-41d1-adb4-db6d7805a8c7/datanode-5/meta/datanode.id
2019-09-25 12:05:58,075 [main] INFO  volume.HddsVolume (HddsVolume.java:<init>(176)) - Creating Volume: /workdir/hadoop-ozone/integration-test/target/test-dir/MiniOzoneClusterImpl-757e75c3-29a2-41d1-adb4-db6d7805a8c7/datanode-6/data/containers/hdds of  storage type : DISK and capacity : 1482555576320
2019-09-25 12:05:58,075 [main] INFO  volume.VolumeSet (VolumeSet.java:initializeVolumeSet(170)) - Added Volume : /workdir/hadoop-ozone/integration-test/target/test-dir/MiniOzoneClusterImpl-757e75c3-29a2-41d1-adb4-db6d7805a8c7/datanode-6/data/containers/hdds to VolumeSet
2019-09-25 12:05:58,076 [main] INFO  volume.ThrottledAsyncChecker (ThrottledAsyncChecker.java:schedule(139)) - Scheduling a check for org.apache.hadoop.ozone.container.common.volume.HddsVolume@4baf997
2019-09-25 12:05:58,076 [main] INFO  volume.HddsVolumeChecker (HddsVolumeChecker.java:checkAllVolumes(202)) - Scheduled health check for volume org.apache.hadoop.ozone.container.common.volume.HddsVolume@4baf997
2019-09-25 12:05:58,098 [main] INFO  impl.RaftServerProxy (ConfUtils.java:logGet(43)) - raft.rpc.type = GRPC (default)
2019-09-25 12:05:58,099 [main] INFO  grpc.GrpcFactory (GrpcFactory.java:checkPooledByteBufAllocatorUseCacheForAllThreads(45)) - PERFORMANCE WARNING: useCacheForAllThreads is true that may cause Netty to create a lot garbage objects and, as a result, trigger GC.
	It is recommended to disable useCacheForAllThreads by setting -Dorg.apache.ratis.thirdparty.io.netty.allocator.useCacheForAllThreads=false in command line.
2019-09-25 12:05:58,099 [main] INFO  grpc.GrpcConfigKeys$Server (ConfUtils.java:logGet(43)) - raft.grpc.server.port = 0 (default)
2019-09-25 12:05:58,099 [main] INFO  server.GrpcService (ConfUtils.java:logGet(43)) - raft.grpc.message.size.max = 33570816 (custom)
2019-09-25 12:05:58,100 [main] INFO  server.RaftServerConfigKeys (ConfUtils.java:logGet(43)) - raft.server.log.appender.buffer.byte-limit = 33554432 (custom)
2019-09-25 12:05:58,100 [main] INFO  server.GrpcService (ConfUtils.java:logGet(43)) - raft.grpc.flow.control.window = 1MB (=1048576) (default)
2019-09-25 12:05:58,100 [main] INFO  server.RaftServerConfigKeys (ConfUtils.java:logGet(43)) - raft.server.rpc.request.timeout = 3000ms (default)
2019-09-25 12:05:58,101 [main] INFO  server.RaftServerConfigKeys (ConfUtils.java:logGet(43)) - raft.server.storage.dir = [/workdir/hadoop-ozone/integration-test/target/test-dir/MiniOzoneClusterImpl-757e75c3-29a2-41d1-adb4-db6d7805a8c7/datanode-6/data/ratis] (custom)
2019-09-25 12:05:58,102 [main] INFO  hdfs.DFSUtil (DFSUtil.java:httpServerTemplateForNNAndJN(1641)) - Starting Web-server for hddsDatanode at: http://0.0.0.0:0
2019-09-25 12:05:58,103 [main] INFO  server.AuthenticationFilter (AuthenticationFilter.java:constructSecretProvider(240)) - Unable to initialize FileSignerSecretProvider, falling back to use random secrets.
2019-09-25 12:05:58,104 [main] WARN  http.HttpRequestLog (HttpRequestLog.java:getRequestLog(97)) - Jetty request log can only be enabled using Log4j
2019-09-25 12:05:58,105 [main] INFO  http.HttpServer2 (HttpServer2.java:addGlobalFilter(975)) - Added global filter 'safety' (class=org.apache.hadoop.http.HttpServer2$QuotingInputFilter)
2019-09-25 12:05:58,106 [main] INFO  http.HttpServer2 (HttpServer2.java:addFilter(948)) - Added filter static_user_filter (class=org.apache.hadoop.http.lib.StaticUserWebFilter$StaticUserFilter) to context hddsDatanode
2019-09-25 12:05:58,106 [main] INFO  http.HttpServer2 (HttpServer2.java:addFilter(958)) - Added filter static_user_filter (class=org.apache.hadoop.http.lib.StaticUserWebFilter$StaticUserFilter) to context logs
2019-09-25 12:05:58,106 [main] INFO  http.HttpServer2 (HttpServer2.java:addFilter(958)) - Added filter static_user_filter (class=org.apache.hadoop.http.lib.StaticUserWebFilter$StaticUserFilter) to context static
2019-09-25 12:05:58,107 [main] INFO  http.HttpServer2 (HttpServer2.java:bindListener(1191)) - Jetty bound to port 39322
2019-09-25 12:05:58,107 [main] INFO  server.Server (Server.java:doStart(351)) - jetty-9.3.25.v20180904, build timestamp: 2018-09-04T21:11:46Z, git hash: 3ce520221d0240229c862b122d2b06c12a625732
2019-09-25 12:05:58,108 [main] INFO  handler.ContextHandler (ContextHandler.java:doStart(781)) - Started o.e.j.s.ServletContextHandler@bfb93cf{/logs,file:///workdir/hadoop-ozone/integration-test/target/log,AVAILABLE}
2019-09-25 12:05:58,109 [main] INFO  handler.ContextHandler (ContextHandler.java:doStart(781)) - Started o.e.j.s.ServletContextHandler@7bc2ae16{/static,jar:file:/home/user/.m2/repository/org/apache/hadoop/hadoop-hdds-container-service/0.5.0-SNAPSHOT/hadoop-hdds-container-service-0.5.0-SNAPSHOT.jar!/webapps/static,AVAILABLE}
2019-09-25 12:05:58,135 [main] INFO  handler.ContextHandler (ContextHandler.java:doStart(781)) - Started o.e.j.w.WebAppContext@2353354a{/,file:///tmp/jetty-0.0.0.0-39322-hddsDatanode-_-any-7954827824116816879.dir/webapp/,AVAILABLE}{/hddsDatanode}
2019-09-25 12:05:58,136 [main] INFO  server.AbstractConnector (AbstractConnector.java:doStart(278)) - Started ServerConnector@7c7ed72a{HTTP/1.1,[http/1.1]}{0.0.0.0:39322}
2019-09-25 12:05:58,136 [main] INFO  server.Server (Server.java:doStart(419)) - Started @551780ms
2019-09-25 12:05:58,139 [main] WARN  impl.MetricsSystemImpl (MetricsSystemImpl.java:register(276)) - Sink prometheus already exists!
2019-09-25 12:05:58,139 [main] INFO  server.BaseHttpServer (BaseHttpServer.java:updateConnectorAddress(215)) - HTTP server of HDDSDATANODE is listening at http://0.0.0.0:39322
2019-09-25 12:05:58,140 [main] INFO  ozone.MiniOzoneClusterImpl (MiniOzoneClusterImpl.java:lambda$waitForClusterToBeReady$0(147)) - Waiting for cluster to be ready. Got 0 of 7 DN Heartbeats.
2019-09-25 12:05:58,141 [org.apache.hadoop.util.JvmPauseMonitor$Monitor@ba62c8] INFO  util.JvmPauseMonitor (JvmPauseMonitor.java:run(188)) - Starting JVM pause monitor
2019-09-25 12:05:58,142 [Datanode State Machine Thread - 0] INFO  datanode.InitDatanodeState (InitDatanodeState.java:persistContainerDatanodeDetails(140)) - DatanodeDetails is persisted to /workdir/hadoop-ozone/integration-test/target/test-dir/MiniOzoneClusterImpl-757e75c3-29a2-41d1-adb4-db6d7805a8c7/datanode-6/meta/datanode.id
2019-09-25 12:05:59,140 [main] INFO  ozone.MiniOzoneClusterImpl (MiniOzoneClusterImpl.java:lambda$waitForClusterToBeReady$0(147)) - Waiting for cluster to be ready. Got 0 of 7 DN Heartbeats.
2019-09-25 12:05:59,670 [Datanode State Machine Thread - 0] INFO  ozoneimpl.OzoneContainer (OzoneContainer.java:start(217)) - Attempting to start container services.
2019-09-25 12:05:59,671 [Datanode State Machine Thread - 0] INFO  ozoneimpl.OzoneContainer (OzoneContainer.java:startContainerScrub(179)) - Background container scanner has been disabled.
2019-09-25 12:05:59,671 [Datanode State Machine Thread - 0] INFO  ratis.XceiverServerRatis (XceiverServerRatis.java:start(411)) - Starting XceiverServerRatis 159c7809-d8ec-4cf8-a31c-e2f384cc14d2 at port 0
2019-09-25 12:05:59,678 [Datanode State Machine Thread - 0] INFO  impl.RaftServerProxy (RaftServerProxy.java:lambda$start$3(299)) - 159c7809-d8ec-4cf8-a31c-e2f384cc14d2: start RPC server
2019-09-25 12:05:59,682 [Datanode State Machine Thread - 0] INFO  server.GrpcService (GrpcService.java:startImpl(158)) - 159c7809-d8ec-4cf8-a31c-e2f384cc14d2: GrpcService started, listening on 0.0.0.0/0.0.0.0:46254
2019-09-25 12:05:59,682 [Datanode State Machine Thread - 0] INFO  ratis.XceiverServerRatis (XceiverServerRatis.java:start(421)) - XceiverServerRatis 159c7809-d8ec-4cf8-a31c-e2f384cc14d2 is started using port 46254
2019-09-25 12:05:59,682 [Datanode State Machine Thread - 0] INFO  server.XceiverServerGrpc (XceiverServerGrpc.java:start(149)) - XceiverServerGrpc 159c7809-d8ec-4cf8-a31c-e2f384cc14d2 is started using port 36358
2019-09-25 12:05:59,740 [Datanode State Machine Thread - 0] INFO  ozoneimpl.OzoneContainer (OzoneContainer.java:start(217)) - Attempting to start container services.
2019-09-25 12:05:59,740 [Datanode State Machine Thread - 0] INFO  ozoneimpl.OzoneContainer (OzoneContainer.java:startContainerScrub(179)) - Background container scanner has been disabled.
2019-09-25 12:05:59,740 [Datanode State Machine Thread - 0] INFO  ratis.XceiverServerRatis (XceiverServerRatis.java:start(411)) - Starting XceiverServerRatis de2e4d40-31b5-4e53-8675-f16775b3ddb7 at port 0
2019-09-25 12:05:59,748 [Datanode State Machine Thread - 0] INFO  impl.RaftServerProxy (RaftServerProxy.java:lambda$start$3(299)) - de2e4d40-31b5-4e53-8675-f16775b3ddb7: start RPC server
2019-09-25 12:05:59,755 [Datanode State Machine Thread - 0] INFO  server.GrpcService (GrpcService.java:startImpl(158)) - de2e4d40-31b5-4e53-8675-f16775b3ddb7: GrpcService started, listening on 0.0.0.0/0.0.0.0:38679
2019-09-25 12:05:59,755 [Datanode State Machine Thread - 0] INFO  ratis.XceiverServerRatis (XceiverServerRatis.java:start(421)) - XceiverServerRatis de2e4d40-31b5-4e53-8675-f16775b3ddb7 is started using port 38679
2019-09-25 12:05:59,758 [Datanode State Machine Thread - 0] INFO  server.XceiverServerGrpc (XceiverServerGrpc.java:start(149)) - XceiverServerGrpc de2e4d40-31b5-4e53-8675-f16775b3ddb7 is started using port 42428
2019-09-25 12:05:59,810 [Datanode State Machine Thread - 0] INFO  ozoneimpl.OzoneContainer (OzoneContainer.java:start(217)) - Attempting to start container services.
2019-09-25 12:05:59,811 [Datanode State Machine Thread - 0] INFO  ozoneimpl.OzoneContainer (OzoneContainer.java:startContainerScrub(179)) - Background container scanner has been disabled.
2019-09-25 12:05:59,811 [Datanode State Machine Thread - 0] INFO  ratis.XceiverServerRatis (XceiverServerRatis.java:start(411)) - Starting XceiverServerRatis 992d69e5-6cba-4869-b94d-c8d2dc420a77 at port 0
2019-09-25 12:05:59,819 [Datanode State Machine Thread - 0] INFO  impl.RaftServerProxy (RaftServerProxy.java:lambda$start$3(299)) - 992d69e5-6cba-4869-b94d-c8d2dc420a77: start RPC server
2019-09-25 12:05:59,846 [Datanode State Machine Thread - 0] INFO  server.GrpcService (GrpcService.java:startImpl(158)) - 992d69e5-6cba-4869-b94d-c8d2dc420a77: GrpcService started, listening on 0.0.0.0/0.0.0.0:40135
2019-09-25 12:05:59,846 [Datanode State Machine Thread - 0] INFO  ratis.XceiverServerRatis (XceiverServerRatis.java:start(421)) - XceiverServerRatis 992d69e5-6cba-4869-b94d-c8d2dc420a77 is started using port 40135
2019-09-25 12:05:59,848 [Datanode State Machine Thread - 0] INFO  server.XceiverServerGrpc (XceiverServerGrpc.java:start(149)) - XceiverServerGrpc 992d69e5-6cba-4869-b94d-c8d2dc420a77 is started using port 41703
2019-09-25 12:05:59,895 [Datanode State Machine Thread - 0] INFO  ozoneimpl.OzoneContainer (OzoneContainer.java:start(217)) - Attempting to start container services.
2019-09-25 12:05:59,895 [Datanode State Machine Thread - 0] INFO  ozoneimpl.OzoneContainer (OzoneContainer.java:startContainerScrub(179)) - Background container scanner has been disabled.
2019-09-25 12:05:59,895 [Datanode State Machine Thread - 0] INFO  ratis.XceiverServerRatis (XceiverServerRatis.java:start(411)) - Starting XceiverServerRatis 2bd0627d-72ad-45ef-ab03-a55c09ad6c3a at port 0
2019-09-25 12:05:59,902 [Datanode State Machine Thread - 0] INFO  impl.RaftServerProxy (RaftServerProxy.java:lambda$start$3(299)) - 2bd0627d-72ad-45ef-ab03-a55c09ad6c3a: start RPC server
2019-09-25 12:05:59,906 [Datanode State Machine Thread - 0] INFO  server.GrpcService (GrpcService.java:startImpl(158)) - 2bd0627d-72ad-45ef-ab03-a55c09ad6c3a: GrpcService started, listening on 0.0.0.0/0.0.0.0:33385
2019-09-25 12:05:59,906 [Datanode State Machine Thread - 0] INFO  ratis.XceiverServerRatis (XceiverServerRatis.java:start(421)) - XceiverServerRatis 2bd0627d-72ad-45ef-ab03-a55c09ad6c3a is started using port 33385
2019-09-25 12:05:59,907 [Datanode State Machine Thread - 0] INFO  server.XceiverServerGrpc (XceiverServerGrpc.java:start(149)) - XceiverServerGrpc 2bd0627d-72ad-45ef-ab03-a55c09ad6c3a is started using port 32797
2019-09-25 12:05:59,994 [Datanode State Machine Thread - 0] INFO  ozoneimpl.OzoneContainer (OzoneContainer.java:start(217)) - Attempting to start container services.
2019-09-25 12:05:59,994 [Datanode State Machine Thread - 0] INFO  ozoneimpl.OzoneContainer (OzoneContainer.java:startContainerScrub(179)) - Background container scanner has been disabled.
2019-09-25 12:05:59,994 [Datanode State Machine Thread - 0] INFO  ratis.XceiverServerRatis (XceiverServerRatis.java:start(411)) - Starting XceiverServerRatis 96c68fd9-263a-4bce-9480-8d54d9f28f1c at port 0
2019-09-25 12:06:00,001 [Datanode State Machine Thread - 0] INFO  impl.RaftServerProxy (RaftServerProxy.java:lambda$start$3(299)) - 96c68fd9-263a-4bce-9480-8d54d9f28f1c: start RPC server
2019-09-25 12:06:00,002 [Datanode State Machine Thread - 0] INFO  server.GrpcService (GrpcService.java:startImpl(158)) - 96c68fd9-263a-4bce-9480-8d54d9f28f1c: GrpcService started, listening on 0.0.0.0/0.0.0.0:45392
2019-09-25 12:06:00,002 [Datanode State Machine Thread - 0] INFO  ratis.XceiverServerRatis (XceiverServerRatis.java:start(421)) - XceiverServerRatis 96c68fd9-263a-4bce-9480-8d54d9f28f1c is started using port 45392
2019-09-25 12:06:00,002 [Datanode State Machine Thread - 0] INFO  server.XceiverServerGrpc (XceiverServerGrpc.java:start(149)) - XceiverServerGrpc 96c68fd9-263a-4bce-9480-8d54d9f28f1c is started using port 39428
2019-09-25 12:06:00,091 [Datanode State Machine Thread - 0] INFO  ozoneimpl.OzoneContainer (OzoneContainer.java:start(217)) - Attempting to start container services.
2019-09-25 12:06:00,092 [Datanode State Machine Thread - 0] INFO  ozoneimpl.OzoneContainer (OzoneContainer.java:startContainerScrub(179)) - Background container scanner has been disabled.
2019-09-25 12:06:00,092 [Datanode State Machine Thread - 0] INFO  ratis.XceiverServerRatis (XceiverServerRatis.java:start(411)) - Starting XceiverServerRatis 50493258-76a6-47fc-92c1-a180d5b1121a at port 0
2019-09-25 12:06:00,100 [Datanode State Machine Thread - 0] INFO  impl.RaftServerProxy (RaftServerProxy.java:lambda$start$3(299)) - 50493258-76a6-47fc-92c1-a180d5b1121a: start RPC server
2019-09-25 12:06:00,105 [Datanode State Machine Thread - 0] INFO  server.GrpcService (GrpcService.java:startImpl(158)) - 50493258-76a6-47fc-92c1-a180d5b1121a: GrpcService started, listening on 0.0.0.0/0.0.0.0:40355
2019-09-25 12:06:00,105 [Datanode State Machine Thread - 0] INFO  ratis.XceiverServerRatis (XceiverServerRatis.java:start(421)) - XceiverServerRatis 50493258-76a6-47fc-92c1-a180d5b1121a is started using port 40355
2019-09-25 12:06:00,106 [Datanode State Machine Thread - 0] INFO  server.XceiverServerGrpc (XceiverServerGrpc.java:start(149)) - XceiverServerGrpc 50493258-76a6-47fc-92c1-a180d5b1121a is started using port 35578
2019-09-25 12:06:00,141 [main] INFO  ozone.MiniOzoneClusterImpl (MiniOzoneClusterImpl.java:lambda$waitForClusterToBeReady$0(147)) - Waiting for cluster to be ready. Got 0 of 7 DN Heartbeats.
2019-09-25 12:06:00,155 [Datanode State Machine Thread - 0] INFO  ozoneimpl.OzoneContainer (OzoneContainer.java:start(217)) - Attempting to start container services.
2019-09-25 12:06:00,156 [Datanode State Machine Thread - 0] INFO  ozoneimpl.OzoneContainer (OzoneContainer.java:startContainerScrub(179)) - Background container scanner has been disabled.
2019-09-25 12:06:00,156 [Datanode State Machine Thread - 0] INFO  ratis.XceiverServerRatis (XceiverServerRatis.java:start(411)) - Starting XceiverServerRatis 2594d298-a87d-48a4-bedb-7d37d8f76d4c at port 0
2019-09-25 12:06:00,163 [Datanode State Machine Thread - 0] INFO  impl.RaftServerProxy (RaftServerProxy.java:lambda$start$3(299)) - 2594d298-a87d-48a4-bedb-7d37d8f76d4c: start RPC server
2019-09-25 12:06:00,179 [Datanode State Machine Thread - 0] INFO  server.GrpcService (GrpcService.java:startImpl(158)) - 2594d298-a87d-48a4-bedb-7d37d8f76d4c: GrpcService started, listening on 0.0.0.0/0.0.0.0:46535
2019-09-25 12:06:00,179 [Datanode State Machine Thread - 0] INFO  ratis.XceiverServerRatis (XceiverServerRatis.java:start(421)) - XceiverServerRatis 2594d298-a87d-48a4-bedb-7d37d8f76d4c is started using port 46535
2019-09-25 12:06:00,179 [Datanode State Machine Thread - 0] INFO  server.XceiverServerGrpc (XceiverServerGrpc.java:start(149)) - XceiverServerGrpc 2594d298-a87d-48a4-bedb-7d37d8f76d4c is started using port 40003
2019-09-25 12:06:01,141 [main] INFO  ozone.MiniOzoneClusterImpl (MiniOzoneClusterImpl.java:lambda$waitForClusterToBeReady$0(147)) - Waiting for cluster to be ready. Got 0 of 7 DN Heartbeats.
2019-09-25 12:06:01,650 [IPC Server handler 3 on 36473] INFO  net.NetworkTopology (NetworkTopologyImpl.java:add(111)) - Added a new node: /default-rack/159c7809-d8ec-4cf8-a31c-e2f384cc14d2
2019-09-25 12:06:01,655 [IPC Server handler 3 on 36473] INFO  node.SCMNodeManager (SCMNodeManager.java:register(266)) - Registered Data node : 159c7809-d8ec-4cf8-a31c-e2f384cc14d2{ip: 192.168.151.73, host: pr-hdds-1569-shd4m-3693607622, networkLocation: /default-rack, certSerialId: null}
2019-09-25 12:06:01,656 [EventQueue-NodeRegistrationContainerReportForDataNodeSafeModeRule] INFO  safemode.SCMSafeModeManager (DataNodeSafeModeRule.java:process(71)) - SCM in safe mode. 1 DataNodes registered, 1 required.
2019-09-25 12:06:01,660 [EventQueue-NodeRegistrationContainerReportForDataNodeSafeModeRule] INFO  safemode.SCMSafeModeManager (SCMSafeModeManager.java:validateSafeModeExitRules(177)) - ScmSafeModeManager, all rules are successfully validated
2019-09-25 12:06:01,660 [EventQueue-NodeRegistrationContainerReportForDataNodeSafeModeRule] INFO  safemode.SCMSafeModeManager (SCMSafeModeManager.java:exitSafeMode(193)) - SCM exiting safe mode.
2019-09-25 12:06:01,693 [grpc-default-executor-1] INFO  impl.RaftServerProxy (RaftServerProxy.java:addNew(89)) - 159c7809-d8ec-4cf8-a31c-e2f384cc14d2: addNew group-3C0FEC3E1274:[159c7809-d8ec-4cf8-a31c-e2f384cc14d2:192.168.151.73:46254] returns group-3C0FEC3E1274:java.util.concurrent.CompletableFuture@f337f5a[Not completed]
2019-09-25 12:06:01,696 [pool-497-thread-1] INFO  impl.RaftServerImpl (RaftServerImpl.java:<init>(95)) - 159c7809-d8ec-4cf8-a31c-e2f384cc14d2: new RaftServerImpl for group-3C0FEC3E1274:[159c7809-d8ec-4cf8-a31c-e2f384cc14d2:192.168.151.73:46254] with ContainerStateMachine:uninitialized
2019-09-25 12:06:01,696 [pool-497-thread-1] INFO  server.RaftServerConfigKeys (ConfUtils.java:logGet(43)) - raft.server.rpc.timeout.min = 5s (custom)
2019-09-25 12:06:01,696 [pool-497-thread-1] INFO  server.RaftServerConfigKeys (ConfUtils.java:logGet(43)) - raft.server.rpc.timeout.max = 5200ms (custom)
2019-09-25 12:06:01,696 [pool-497-thread-1] INFO  server.RaftServerConfigKeys (ConfUtils.java:logGet(43)) - raft.server.rpcslowness.timeout = 120s (custom)
2019-09-25 12:06:01,696 [pool-497-thread-1] INFO  server.RaftServerConfigKeys (ConfUtils.java:logGet(43)) - raft.server.sleep.deviation.threshold = 300 (default)
2019-09-25 12:06:01,696 [pool-497-thread-1] INFO  server.RaftServerConfigKeys (ConfUtils.java:logGet(43)) - raft.server.log.appender.install.snapshot.enabled = false (custom)
2019-09-25 12:06:01,697 [pool-497-thread-1] INFO  impl.RaftServerImpl (ServerState.java:<init>(103)) - 159c7809-d8ec-4cf8-a31c-e2f384cc14d2@group-3C0FEC3E1274: ConfigurationManager, init=-1: [159c7809-d8ec-4cf8-a31c-e2f384cc14d2:192.168.151.73:46254], old=null, confs=<EMPTY_MAP>
2019-09-25 12:06:01,697 [pool-497-thread-1] INFO  server.RaftServerConfigKeys (ConfUtils.java:logGet(43)) - raft.server.storage.dir = [/workdir/hadoop-ozone/integration-test/target/test-dir/MiniOzoneClusterImpl-757e75c3-29a2-41d1-adb4-db6d7805a8c7/datanode-0/data/ratis] (custom)
2019-09-25 12:06:01,697 [pool-497-thread-1] INFO  storage.RaftStorageDirectory (RaftStorageDirectory.java:analyzeStorage(246)) - The storage directory /workdir/hadoop-ozone/integration-test/target/test-dir/MiniOzoneClusterImpl-757e75c3-29a2-41d1-adb4-db6d7805a8c7/datanode-0/data/ratis/6fc25d08-0d76-44bb-b3dd-3c0fec3e1274 does not exist. Creating ...
2019-09-25 12:06:01,710 [pool-497-thread-1] INFO  storage.RaftStorageDirectory (RaftStorageDirectory.java:tryLock(328)) - Lock on /workdir/hadoop-ozone/integration-test/target/test-dir/MiniOzoneClusterImpl-757e75c3-29a2-41d1-adb4-db6d7805a8c7/datanode-0/data/ratis/6fc25d08-0d76-44bb-b3dd-3c0fec3e1274/in_use.lock acquired by nodename 24979@pr-hdds-1569-shd4m-3693607622
2019-09-25 12:06:01,724 [pool-497-thread-1] INFO  storage.RaftStorage (RaftStorage.java:format(72)) - Storage directory /workdir/hadoop-ozone/integration-test/target/test-dir/MiniOzoneClusterImpl-757e75c3-29a2-41d1-adb4-db6d7805a8c7/datanode-0/data/ratis/6fc25d08-0d76-44bb-b3dd-3c0fec3e1274 has been successfully formatted.
2019-09-25 12:06:01,724 [pool-497-thread-1] INFO  ratis.ContainerStateMachine (ContainerStateMachine.java:loadSnapshot(230)) - group-3C0FEC3E1274: The snapshot info is null. Setting the last applied indexto:(t:0, i:~)
2019-09-25 12:06:01,724 [pool-497-thread-1] INFO  server.RaftServerConfigKeys (ConfUtils.java:logGet(43)) - raft.server.notification.no-leader.timeout = 120s (custom)
2019-09-25 12:06:01,724 [pool-497-thread-1] INFO  server.RaftServerConfigKeys (ConfUtils.java:logGet(43)) - raft.server.log.use.memory = false (default)
2019-09-25 12:06:01,725 [pool-497-thread-1] INFO  server.RaftServerConfigKeys (ConfUtils.java:logGet(43)) - raft.server.log.purge.gap = 1000000 (custom)
2019-09-25 12:06:01,725 [pool-497-thread-1] INFO  server.RaftServerConfigKeys (ConfUtils.java:logGet(43)) - raft.server.log.appender.buffer.byte-limit = 33554432 (custom)
2019-09-25 12:06:01,725 [pool-497-thread-1] INFO  server.RaftServerConfigKeys (ConfUtils.java:logGet(43)) - raft.server.log.segment.size.max = 1048576 (custom)
2019-09-25 12:06:01,725 [IPC Server handler 4 on 36473] INFO  net.NetworkTopology (NetworkTopologyImpl.java:add(111)) - Added a new node: /default-rack/de2e4d40-31b5-4e53-8675-f16775b3ddb7
2019-09-25 12:06:01,725 [pool-497-thread-1] INFO  server.RaftServerConfigKeys (ConfUtils.java:logGet(43)) - raft.server.log.segment.cache.num.max = 2 (custom)
2019-09-25 12:06:01,725 [IPC Server handler 4 on 36473] INFO  node.SCMNodeManager (SCMNodeManager.java:register(266)) - Registered Data node : de2e4d40-31b5-4e53-8675-f16775b3ddb7{ip: 192.168.151.73, host: pr-hdds-1569-shd4m-3693607622, networkLocation: /default-rack, certSerialId: null}
2019-09-25 12:06:01,725 [pool-497-thread-1] INFO  segmented.SegmentedRaftLogWorker (SegmentedRaftLogWorker.java:<init>(172)) - new 159c7809-d8ec-4cf8-a31c-e2f384cc14d2@group-3C0FEC3E1274-SegmentedRaftLogWorker for RaftStorage:Storage Directory /workdir/hadoop-ozone/integration-test/target/test-dir/MiniOzoneClusterImpl-757e75c3-29a2-41d1-adb4-db6d7805a8c7/datanode-0/data/ratis/6fc25d08-0d76-44bb-b3dd-3c0fec3e1274
2019-09-25 12:06:01,727 [pool-497-thread-1] INFO  server.RaftServerConfigKeys (ConfUtils.java:logGet(43)) - raft.server.log.queue.byte-limit = 2147483647 (custom)
2019-09-25 12:06:01,727 [pool-497-thread-1] INFO  server.RaftServerConfigKeys (ConfUtils.java:logGet(43)) - raft.server.log.queue.element-limit = 1024 (custom)
2019-09-25 12:06:01,727 [pool-497-thread-1] INFO  server.RaftServerConfigKeys (ConfUtils.java:logGet(43)) - raft.server.log.segment.size.max = 1048576 (custom)
2019-09-25 12:06:01,727 [pool-497-thread-1] INFO  server.RaftServerConfigKeys (ConfUtils.java:logGet(43)) - raft.server.log.preallocated.size = 16384 (custom)
2019-09-25 12:06:01,727 [pool-497-thread-1] INFO  server.RaftServerConfigKeys (ConfUtils.java:logGet(43)) - raft.server.log.write.buffer.size = 33554432 (custom)
2019-09-25 12:06:01,727 [pool-497-thread-1] INFO  server.RaftServerConfigKeys (ConfUtils.java:logGet(43)) - raft.server.log.force.sync.num = 128 (default)
2019-09-25 12:06:01,727 [pool-497-thread-1] INFO  server.RaftServerConfigKeys (ConfUtils.java:logGet(43)) - raft.server.log.statemachine.data.sync = true (default)
2019-09-25 12:06:01,727 [pool-497-thread-1] INFO  server.RaftServerConfigKeys (ConfUtils.java:logGet(43)) - raft.server.log.statemachine.data.sync.timeout = 10s (default)
2019-09-25 12:06:01,728 [pool-497-thread-1] INFO  server.RaftServerConfigKeys (ConfUtils.java:logGet(43)) - raft.server.log.statemachine.data.sync.timeout.retry = -1 (default)
2019-09-25 12:06:01,728 [pool-497-thread-1] INFO  server.RaftServerConfigKeys (ConfUtils.java:logGet(43)) - raft.server.log.statemachine.data.caching.enabled = true (custom)
2019-09-25 12:06:01,728 [pool-497-thread-1] INFO  segmented.SegmentedRaftLogWorker (SegmentedRaftLogWorker.java:lambda$new$0(132)) - 159c7809-d8ec-4cf8-a31c-e2f384cc14d2@group-3C0FEC3E1274-SegmentedRaftLogWorker: flushIndex: setUnconditionally 0 -> -1
2019-09-25 12:06:01,728 [pool-497-thread-1] INFO  server.RaftServerConfigKeys (ConfUtils.java:logGet(43)) - raft.server.snapshot.auto.trigger.enabled = true (custom)
2019-09-25 12:06:01,728 [pool-497-thread-1] INFO  server.RaftServerConfigKeys (ConfUtils.java:logGet(43)) - raft.server.snapshot.auto.trigger.threshold = 10000 (custom)
2019-09-25 12:06:01,728 [pool-497-thread-1] INFO  server.RaftServerConfigKeys (ConfUtils.java:logGet(43)) - raft.server.snapshot.retention.num.files = 5 (custom)
2019-09-25 12:06:01,729 [pool-497-thread-1] INFO  server.RaftServerConfigKeys (ConfUtils.java:logGet(43)) - raft.server.retrycache.expirytime = 600000ms (custom)
2019-09-25 12:06:01,730 [pool-497-thread-1] INFO  impl.RaftServerImpl (RaftServerImpl.java:start(185)) - 159c7809-d8ec-4cf8-a31c-e2f384cc14d2@group-3C0FEC3E1274: start as a follower, conf=-1: [159c7809-d8ec-4cf8-a31c-e2f384cc14d2:192.168.151.73:46254], old=null
2019-09-25 12:06:01,730 [pool-497-thread-1] INFO  impl.RaftServerImpl (RaftServerImpl.java:setRole(174)) - 159c7809-d8ec-4cf8-a31c-e2f384cc14d2@group-3C0FEC3E1274: changes role from      null to FOLLOWER at term 0 for startAsFollower
2019-09-25 12:06:01,730 [pool-497-thread-1] INFO  impl.RoleInfo (RoleInfo.java:updateAndGet(143)) - 159c7809-d8ec-4cf8-a31c-e2f384cc14d2: start FollowerState
2019-09-25 12:06:01,730 [pool-497-thread-1] INFO  util.JmxRegister (JmxRegister.java:tryRegister(44)) - Successfully registered JMX Bean with object name Ratis:service=RaftServer,group=group-3C0FEC3E1274,id=159c7809-d8ec-4cf8-a31c-e2f384cc14d2
2019-09-25 12:06:01,733 [RatisPipelineUtilsThread] INFO  pipeline.PipelineStateManager (PipelineStateManager.java:addPipeline(56)) - Created pipeline Pipeline[ Id: 6fc25d08-0d76-44bb-b3dd-3c0fec3e1274, Nodes: 159c7809-d8ec-4cf8-a31c-e2f384cc14d2{ip: 192.168.151.73, host: pr-hdds-1569-shd4m-3693607622, networkLocation: /default-rack, certSerialId: null}, Type:RATIS, Factor:ONE, State:OPEN]
2019-09-25 12:06:01,737 [grpc-default-executor-1] INFO  impl.RaftServerProxy (RaftServerProxy.java:addNew(89)) - 159c7809-d8ec-4cf8-a31c-e2f384cc14d2: addNew group-07DB10D4AEAD:[159c7809-d8ec-4cf8-a31c-e2f384cc14d2:192.168.151.73:46254] returns group-07DB10D4AEAD:java.util.concurrent.CompletableFuture@11260262[Not completed]
2019-09-25 12:06:01,737 [pool-497-thread-1] INFO  impl.RaftServerImpl (RaftServerImpl.java:<init>(95)) - 159c7809-d8ec-4cf8-a31c-e2f384cc14d2: new RaftServerImpl for group-07DB10D4AEAD:[159c7809-d8ec-4cf8-a31c-e2f384cc14d2:192.168.151.73:46254] with ContainerStateMachine:uninitialized
2019-09-25 12:06:01,737 [pool-497-thread-1] INFO  server.RaftServerConfigKeys (ConfUtils.java:logGet(43)) - raft.server.rpc.timeout.min = 5s (custom)
2019-09-25 12:06:01,737 [pool-497-thread-1] INFO  server.RaftServerConfigKeys (ConfUtils.java:logGet(43)) - raft.server.rpc.timeout.max = 5200ms (custom)
2019-09-25 12:06:01,738 [pool-497-thread-1] INFO  server.RaftServerConfigKeys (ConfUtils.java:logGet(43)) - raft.server.rpcslowness.timeout = 120s (custom)
2019-09-25 12:06:01,738 [pool-497-thread-1] INFO  server.RaftServerConfigKeys (ConfUtils.java:logGet(43)) - raft.server.sleep.deviation.threshold = 300 (default)
2019-09-25 12:06:01,738 [pool-497-thread-1] INFO  server.RaftServerConfigKeys (ConfUtils.java:logGet(43)) - raft.server.log.appender.install.snapshot.enabled = false (custom)
2019-09-25 12:06:01,738 [pool-497-thread-1] INFO  impl.RaftServerImpl (ServerState.java:<init>(103)) - 159c7809-d8ec-4cf8-a31c-e2f384cc14d2@group-07DB10D4AEAD: ConfigurationManager, init=-1: [159c7809-d8ec-4cf8-a31c-e2f384cc14d2:192.168.151.73:46254], old=null, confs=<EMPTY_MAP>
2019-09-25 12:06:01,738 [pool-497-thread-1] INFO  server.RaftServerConfigKeys (ConfUtils.java:logGet(43)) - raft.server.storage.dir = [/workdir/hadoop-ozone/integration-test/target/test-dir/MiniOzoneClusterImpl-757e75c3-29a2-41d1-adb4-db6d7805a8c7/datanode-0/data/ratis] (custom)
2019-09-25 12:06:01,738 [pool-497-thread-1] INFO  storage.RaftStorageDirectory (RaftStorageDirectory.java:analyzeStorage(246)) - The storage directory /workdir/hadoop-ozone/integration-test/target/test-dir/MiniOzoneClusterImpl-757e75c3-29a2-41d1-adb4-db6d7805a8c7/datanode-0/data/ratis/6618933e-d13f-4c45-8aba-07db10d4aead does not exist. Creating ...
2019-09-25 12:06:01,752 [pool-497-thread-1] INFO  storage.RaftStorageDirectory (RaftStorageDirectory.java:tryLock(328)) - Lock on /workdir/hadoop-ozone/integration-test/target/test-dir/MiniOzoneClusterImpl-757e75c3-29a2-41d1-adb4-db6d7805a8c7/datanode-0/data/ratis/6618933e-d13f-4c45-8aba-07db10d4aead/in_use.lock acquired by nodename 24979@pr-hdds-1569-shd4m-3693607622
2019-09-25 12:06:01,764 [pool-497-thread-1] INFO  storage.RaftStorage (RaftStorage.java:format(72)) - Storage directory /workdir/hadoop-ozone/integration-test/target/test-dir/MiniOzoneClusterImpl-757e75c3-29a2-41d1-adb4-db6d7805a8c7/datanode-0/data/ratis/6618933e-d13f-4c45-8aba-07db10d4aead has been successfully formatted.
2019-09-25 12:06:01,765 [pool-497-thread-1] INFO  ratis.ContainerStateMachine (ContainerStateMachine.java:loadSnapshot(230)) - group-07DB10D4AEAD: The snapshot info is null. Setting the last applied indexto:(t:0, i:~)
2019-09-25 12:06:01,765 [pool-497-thread-1] INFO  server.RaftServerConfigKeys (ConfUtils.java:logGet(43)) - raft.server.notification.no-leader.timeout = 120s (custom)
2019-09-25 12:06:01,765 [pool-497-thread-1] INFO  server.RaftServerConfigKeys (ConfUtils.java:logGet(43)) - raft.server.log.use.memory = false (default)
2019-09-25 12:06:01,765 [pool-497-thread-1] INFO  server.RaftServerConfigKeys (ConfUtils.java:logGet(43)) - raft.server.log.purge.gap = 1000000 (custom)
2019-09-25 12:06:01,765 [pool-497-thread-1] INFO  server.RaftServerConfigKeys (ConfUtils.java:logGet(43)) - raft.server.log.appender.buffer.byte-limit = 33554432 (custom)
2019-09-25 12:06:01,765 [pool-497-thread-1] INFO  server.RaftServerConfigKeys (ConfUtils.java:logGet(43)) - raft.server.log.segment.size.max = 1048576 (custom)
2019-09-25 12:06:01,765 [pool-497-thread-1] INFO  server.RaftServerConfigKeys (ConfUtils.java:logGet(43)) - raft.server.log.segment.cache.num.max = 2 (custom)
2019-09-25 12:06:01,765 [pool-497-thread-1] INFO  segmented.SegmentedRaftLogWorker (SegmentedRaftLogWorker.java:<init>(172)) - new 159c7809-d8ec-4cf8-a31c-e2f384cc14d2@group-07DB10D4AEAD-SegmentedRaftLogWorker for RaftStorage:Storage Directory /workdir/hadoop-ozone/integration-test/target/test-dir/MiniOzoneClusterImpl-757e75c3-29a2-41d1-adb4-db6d7805a8c7/datanode-0/data/ratis/6618933e-d13f-4c45-8aba-07db10d4aead
2019-09-25 12:06:01,765 [pool-497-thread-1] INFO  server.RaftServerConfigKeys (ConfUtils.java:logGet(43)) - raft.server.log.queue.byte-limit = 2147483647 (custom)
2019-09-25 12:06:01,765 [pool-497-thread-1] INFO  server.RaftServerConfigKeys (ConfUtils.java:logGet(43)) - raft.server.log.queue.element-limit = 1024 (custom)
2019-09-25 12:06:01,765 [pool-497-thread-1] INFO  server.RaftServerConfigKeys (ConfUtils.java:logGet(43)) - raft.server.log.segment.size.max = 1048576 (custom)
2019-09-25 12:06:01,765 [pool-497-thread-1] INFO  server.RaftServerConfigKeys (ConfUtils.java:logGet(43)) - raft.server.log.preallocated.size = 16384 (custom)
2019-09-25 12:06:01,766 [pool-497-thread-1] INFO  server.RaftServerConfigKeys (ConfUtils.java:logGet(43)) - raft.server.log.write.buffer.size = 33554432 (custom)
2019-09-25 12:06:01,766 [pool-497-thread-1] INFO  server.RaftServerConfigKeys (ConfUtils.java:logGet(43)) - raft.server.log.force.sync.num = 128 (default)
2019-09-25 12:06:01,766 [pool-497-thread-1] INFO  server.RaftServerConfigKeys (ConfUtils.java:logGet(43)) - raft.server.log.statemachine.data.sync = true (default)
2019-09-25 12:06:01,766 [pool-497-thread-1] INFO  server.RaftServerConfigKeys (ConfUtils.java:logGet(43)) - raft.server.log.statemachine.data.sync.timeout = 10s (default)
2019-09-25 12:06:01,766 [pool-497-thread-1] INFO  server.RaftServerConfigKeys (ConfUtils.java:logGet(43)) - raft.server.log.statemachine.data.sync.timeout.retry = -1 (default)
2019-09-25 12:06:01,766 [pool-497-thread-1] INFO  server.RaftServerConfigKeys (ConfUtils.java:logGet(43)) - raft.server.log.statemachine.data.caching.enabled = true (custom)
2019-09-25 12:06:01,766 [pool-497-thread-1] INFO  segmented.SegmentedRaftLogWorker (SegmentedRaftLogWorker.java:lambda$new$0(132)) - 159c7809-d8ec-4cf8-a31c-e2f384cc14d2@group-07DB10D4AEAD-SegmentedRaftLogWorker: flushIndex: setUnconditionally 0 -> -1
2019-09-25 12:06:01,766 [pool-497-thread-1] INFO  server.RaftServerConfigKeys (ConfUtils.java:logGet(43)) - raft.server.snapshot.auto.trigger.enabled = true (custom)
2019-09-25 12:06:01,766 [pool-497-thread-1] INFO  server.RaftServerConfigKeys (ConfUtils.java:logGet(43)) - raft.server.snapshot.auto.trigger.threshold = 10000 (custom)
2019-09-25 12:06:01,766 [pool-497-thread-1] INFO  server.RaftServerConfigKeys (ConfUtils.java:logGet(43)) - raft.server.snapshot.retention.num.files = 5 (custom)
2019-09-25 12:06:01,767 [pool-497-thread-1] INFO  server.RaftServerConfigKeys (ConfUtils.java:logGet(43)) - raft.server.retrycache.expirytime = 600000ms (custom)
2019-09-25 12:06:01,768 [pool-497-thread-1] INFO  impl.RaftServerImpl (RaftServerImpl.java:start(185)) - 159c7809-d8ec-4cf8-a31c-e2f384cc14d2@group-07DB10D4AEAD: start as a follower, conf=-1: [159c7809-d8ec-4cf8-a31c-e2f384cc14d2:192.168.151.73:46254], old=null
2019-09-25 12:06:01,768 [pool-497-thread-1] INFO  impl.RaftServerImpl (RaftServerImpl.java:setRole(174)) - 159c7809-d8ec-4cf8-a31c-e2f384cc14d2@group-07DB10D4AEAD: changes role from      null to FOLLOWER at term 0 for startAsFollower
2019-09-25 12:06:01,768 [pool-497-thread-1] INFO  impl.RoleInfo (RoleInfo.java:updateAndGet(143)) - 159c7809-d8ec-4cf8-a31c-e2f384cc14d2: start FollowerState
2019-09-25 12:06:01,768 [pool-497-thread-1] INFO  util.JmxRegister (JmxRegister.java:tryRegister(44)) - Successfully registered JMX Bean with object name Ratis:service=RaftServer,group=group-07DB10D4AEAD,id=159c7809-d8ec-4cf8-a31c-e2f384cc14d2
2019-09-25 12:06:01,770 [RatisPipelineUtilsThread] INFO  pipeline.PipelineStateManager (PipelineStateManager.java:addPipeline(56)) - Created pipeline Pipeline[ Id: 6618933e-d13f-4c45-8aba-07db10d4aead, Nodes: 159c7809-d8ec-4cf8-a31c-e2f384cc14d2{ip: 192.168.151.73, host: pr-hdds-1569-shd4m-3693607622, networkLocation: /default-rack, certSerialId: null}, Type:RATIS, Factor:ONE, State:OPEN]
2019-09-25 12:06:01,779 [grpc-default-executor-1] INFO  impl.RaftServerProxy (RaftServerProxy.java:addNew(89)) - de2e4d40-31b5-4e53-8675-f16775b3ddb7: addNew group-B34C45C00CC2:[de2e4d40-31b5-4e53-8675-f16775b3ddb7:192.168.151.73:38679] returns group-B34C45C00CC2:java.util.concurrent.CompletableFuture@75e48a2f[Not completed]
2019-09-25 12:06:01,781 [pool-507-thread-1] INFO  impl.RaftServerImpl (RaftServerImpl.java:<init>(95)) - de2e4d40-31b5-4e53-8675-f16775b3ddb7: new RaftServerImpl for group-B34C45C00CC2:[de2e4d40-31b5-4e53-8675-f16775b3ddb7:192.168.151.73:38679] with ContainerStateMachine:uninitialized
2019-09-25 12:06:01,781 [pool-507-thread-1] INFO  server.RaftServerConfigKeys (ConfUtils.java:logGet(43)) - raft.server.rpc.timeout.min = 5s (custom)
2019-09-25 12:06:01,781 [pool-507-thread-1] INFO  server.RaftServerConfigKeys (ConfUtils.java:logGet(43)) - raft.server.rpc.timeout.max = 5200ms (custom)
2019-09-25 12:06:01,781 [pool-507-thread-1] INFO  server.RaftServerConfigKeys (ConfUtils.java:logGet(43)) - raft.server.rpcslowness.timeout = 120s (custom)
2019-09-25 12:06:01,781 [pool-507-thread-1] INFO  server.RaftServerConfigKeys (ConfUtils.java:logGet(43)) - raft.server.sleep.deviation.threshold = 300 (default)
2019-09-25 12:06:01,781 [pool-507-thread-1] INFO  server.RaftServerConfigKeys (ConfUtils.java:logGet(43)) - raft.server.log.appender.install.snapshot.enabled = false (custom)
2019-09-25 12:06:01,781 [pool-507-thread-1] INFO  impl.RaftServerImpl (ServerState.java:<init>(103)) - de2e4d40-31b5-4e53-8675-f16775b3ddb7@group-B34C45C00CC2: ConfigurationManager, init=-1: [de2e4d40-31b5-4e53-8675-f16775b3ddb7:192.168.151.73:38679], old=null, confs=<EMPTY_MAP>
2019-09-25 12:06:01,782 [pool-507-thread-1] INFO  server.RaftServerConfigKeys (ConfUtils.java:logGet(43)) - raft.server.storage.dir = [/workdir/hadoop-ozone/integration-test/target/test-dir/MiniOzoneClusterImpl-757e75c3-29a2-41d1-adb4-db6d7805a8c7/datanode-1/data/ratis] (custom)
2019-09-25 12:06:01,782 [pool-507-thread-1] INFO  storage.RaftStorageDirectory (RaftStorageDirectory.java:analyzeStorage(246)) - The storage directory /workdir/hadoop-ozone/integration-test/target/test-dir/MiniOzoneClusterImpl-757e75c3-29a2-41d1-adb4-db6d7805a8c7/datanode-1/data/ratis/7daee3ba-9d3c-4d10-9f31-b34c45c00cc2 does not exist. Creating ...
2019-09-25 12:06:01,795 [pool-507-thread-1] INFO  storage.RaftStorageDirectory (RaftStorageDirectory.java:tryLock(328)) - Lock on /workdir/hadoop-ozone/integration-test/target/test-dir/MiniOzoneClusterImpl-757e75c3-29a2-41d1-adb4-db6d7805a8c7/datanode-1/data/ratis/7daee3ba-9d3c-4d10-9f31-b34c45c00cc2/in_use.lock acquired by nodename 24979@pr-hdds-1569-shd4m-3693607622
2019-09-25 12:06:01,797 [IPC Server handler 6 on 36473] INFO  net.NetworkTopology (NetworkTopologyImpl.java:add(111)) - Added a new node: /default-rack/992d69e5-6cba-4869-b94d-c8d2dc420a77
2019-09-25 12:06:01,798 [IPC Server handler 6 on 36473] INFO  node.SCMNodeManager (SCMNodeManager.java:register(266)) - Registered Data node : 992d69e5-6cba-4869-b94d-c8d2dc420a77{ip: 192.168.151.73, host: pr-hdds-1569-shd4m-3693607622, networkLocation: /default-rack, certSerialId: null}
2019-09-25 12:06:01,808 [pool-507-thread-1] INFO  storage.RaftStorage (RaftStorage.java:format(72)) - Storage directory /workdir/hadoop-ozone/integration-test/target/test-dir/MiniOzoneClusterImpl-757e75c3-29a2-41d1-adb4-db6d7805a8c7/datanode-1/data/ratis/7daee3ba-9d3c-4d10-9f31-b34c45c00cc2 has been successfully formatted.
2019-09-25 12:06:01,808 [pool-507-thread-1] INFO  ratis.ContainerStateMachine (ContainerStateMachine.java:loadSnapshot(230)) - group-B34C45C00CC2: The snapshot info is null. Setting the last applied indexto:(t:0, i:~)
2019-09-25 12:06:01,808 [pool-507-thread-1] INFO  server.RaftServerConfigKeys (ConfUtils.java:logGet(43)) - raft.server.notification.no-leader.timeout = 120s (custom)
2019-09-25 12:06:01,808 [pool-507-thread-1] INFO  server.RaftServerConfigKeys (ConfUtils.java:logGet(43)) - raft.server.log.use.memory = false (default)
2019-09-25 12:06:01,809 [pool-507-thread-1] INFO  server.RaftServerConfigKeys (ConfUtils.java:logGet(43)) - raft.server.log.purge.gap = 1000000 (custom)
2019-09-25 12:06:01,809 [pool-507-thread-1] INFO  server.RaftServerConfigKeys (ConfUtils.java:logGet(43)) - raft.server.log.appender.buffer.byte-limit = 33554432 (custom)
2019-09-25 12:06:01,809 [pool-507-thread-1] INFO  server.RaftServerConfigKeys (ConfUtils.java:logGet(43)) - raft.server.log.segment.size.max = 1048576 (custom)
2019-09-25 12:06:01,809 [pool-507-thread-1] INFO  server.RaftServerConfigKeys (ConfUtils.java:logGet(43)) - raft.server.log.segment.cache.num.max = 2 (custom)
2019-09-25 12:06:01,809 [pool-507-thread-1] INFO  segmented.SegmentedRaftLogWorker (SegmentedRaftLogWorker.java:<init>(172)) - new de2e4d40-31b5-4e53-8675-f16775b3ddb7@group-B34C45C00CC2-SegmentedRaftLogWorker for RaftStorage:Storage Directory /workdir/hadoop-ozone/integration-test/target/test-dir/MiniOzoneClusterImpl-757e75c3-29a2-41d1-adb4-db6d7805a8c7/datanode-1/data/ratis/7daee3ba-9d3c-4d10-9f31-b34c45c00cc2
2019-09-25 12:06:01,812 [pool-507-thread-1] INFO  server.RaftServerConfigKeys (ConfUtils.java:logGet(43)) - raft.server.log.queue.byte-limit = 2147483647 (custom)
2019-09-25 12:06:01,812 [pool-507-thread-1] INFO  server.RaftServerConfigKeys (ConfUtils.java:logGet(43)) - raft.server.log.queue.element-limit = 1024 (custom)
2019-09-25 12:06:01,812 [pool-507-thread-1] INFO  server.RaftServerConfigKeys (ConfUtils.java:logGet(43)) - raft.server.log.segment.size.max = 1048576 (custom)
2019-09-25 12:06:01,812 [pool-507-thread-1] INFO  server.RaftServerConfigKeys (ConfUtils.java:logGet(43)) - raft.server.log.preallocated.size = 16384 (custom)
2019-09-25 12:06:01,812 [pool-507-thread-1] INFO  server.RaftServerConfigKeys (ConfUtils.java:logGet(43)) - raft.server.log.write.buffer.size = 33554432 (custom)
2019-09-25 12:06:01,812 [pool-507-thread-1] INFO  server.RaftServerConfigKeys (ConfUtils.java:logGet(43)) - raft.server.log.force.sync.num = 128 (default)
2019-09-25 12:06:01,813 [pool-507-thread-1] INFO  server.RaftServerConfigKeys (ConfUtils.java:logGet(43)) - raft.server.log.statemachine.data.sync = true (default)
2019-09-25 12:06:01,813 [pool-507-thread-1] INFO  server.RaftServerConfigKeys (ConfUtils.java:logGet(43)) - raft.server.log.statemachine.data.sync.timeout = 10s (default)
2019-09-25 12:06:01,813 [pool-507-thread-1] INFO  server.RaftServerConfigKeys (ConfUtils.java:logGet(43)) - raft.server.log.statemachine.data.sync.timeout.retry = -1 (default)
2019-09-25 12:06:01,813 [pool-507-thread-1] INFO  server.RaftServerConfigKeys (ConfUtils.java:logGet(43)) - raft.server.log.statemachine.data.caching.enabled = true (custom)
2019-09-25 12:06:01,813 [pool-507-thread-1] INFO  segmented.SegmentedRaftLogWorker (SegmentedRaftLogWorker.java:lambda$new$0(132)) - de2e4d40-31b5-4e53-8675-f16775b3ddb7@group-B34C45C00CC2-SegmentedRaftLogWorker: flushIndex: setUnconditionally 0 -> -1
2019-09-25 12:06:01,814 [pool-507-thread-1] INFO  server.RaftServerConfigKeys (ConfUtils.java:logGet(43)) - raft.server.snapshot.auto.trigger.enabled = true (custom)
2019-09-25 12:06:01,814 [pool-507-thread-1] INFO  server.RaftServerConfigKeys (ConfUtils.java:logGet(43)) - raft.server.snapshot.auto.trigger.threshold = 10000 (custom)
2019-09-25 12:06:01,814 [pool-507-thread-1] INFO  server.RaftServerConfigKeys (ConfUtils.java:logGet(43)) - raft.server.snapshot.retention.num.files = 5 (custom)
2019-09-25 12:06:01,814 [pool-507-thread-1] INFO  server.RaftServerConfigKeys (ConfUtils.java:logGet(43)) - raft.server.retrycache.expirytime = 600000ms (custom)
2019-09-25 12:06:01,816 [pool-507-thread-1] INFO  impl.RaftServerImpl (RaftServerImpl.java:start(185)) - de2e4d40-31b5-4e53-8675-f16775b3ddb7@group-B34C45C00CC2: start as a follower, conf=-1: [de2e4d40-31b5-4e53-8675-f16775b3ddb7:192.168.151.73:38679], old=null
2019-09-25 12:06:01,816 [pool-507-thread-1] INFO  impl.RaftServerImpl (RaftServerImpl.java:setRole(174)) - de2e4d40-31b5-4e53-8675-f16775b3ddb7@group-B34C45C00CC2: changes role from      null to FOLLOWER at term 0 for startAsFollower
2019-09-25 12:06:01,816 [pool-507-thread-1] INFO  impl.RoleInfo (RoleInfo.java:updateAndGet(143)) - de2e4d40-31b5-4e53-8675-f16775b3ddb7: start FollowerState
2019-09-25 12:06:01,817 [pool-507-thread-1] INFO  util.JmxRegister (JmxRegister.java:tryRegister(44)) - Successfully registered JMX Bean with object name Ratis:service=RaftServer,group=group-B34C45C00CC2,id=de2e4d40-31b5-4e53-8675-f16775b3ddb7
2019-09-25 12:06:01,818 [RatisPipelineUtilsThread] INFO  pipeline.PipelineStateManager (PipelineStateManager.java:addPipeline(56)) - Created pipeline Pipeline[ Id: 7daee3ba-9d3c-4d10-9f31-b34c45c00cc2, Nodes: de2e4d40-31b5-4e53-8675-f16775b3ddb7{ip: 192.168.151.73, host: pr-hdds-1569-shd4m-3693607622, networkLocation: /default-rack, certSerialId: null}, Type:RATIS, Factor:ONE, State:OPEN]
2019-09-25 12:06:01,822 [grpc-default-executor-1] INFO  impl.RaftServerProxy (RaftServerProxy.java:addNew(89)) - 159c7809-d8ec-4cf8-a31c-e2f384cc14d2: addNew group-E4A98D1C683A:[159c7809-d8ec-4cf8-a31c-e2f384cc14d2:192.168.151.73:46254] returns group-E4A98D1C683A:java.util.concurrent.CompletableFuture@436c23e7[Not completed]
2019-09-25 12:06:01,823 [pool-497-thread-1] INFO  impl.RaftServerImpl (RaftServerImpl.java:<init>(95)) - 159c7809-d8ec-4cf8-a31c-e2f384cc14d2: new RaftServerImpl for group-E4A98D1C683A:[159c7809-d8ec-4cf8-a31c-e2f384cc14d2:192.168.151.73:46254] with ContainerStateMachine:uninitialized
2019-09-25 12:06:01,823 [pool-497-thread-1] INFO  server.RaftServerConfigKeys (ConfUtils.java:logGet(43)) - raft.server.rpc.timeout.min = 5s (custom)
2019-09-25 12:06:01,823 [pool-497-thread-1] INFO  server.RaftServerConfigKeys (ConfUtils.java:logGet(43)) - raft.server.rpc.timeout.max = 5200ms (custom)
2019-09-25 12:06:01,823 [pool-497-thread-1] INFO  server.RaftServerConfigKeys (ConfUtils.java:logGet(43)) - raft.server.rpcslowness.timeout = 120s (custom)
2019-09-25 12:06:01,823 [pool-497-thread-1] INFO  server.RaftServerConfigKeys (ConfUtils.java:logGet(43)) - raft.server.sleep.deviation.threshold = 300 (default)
2019-09-25 12:06:01,823 [pool-497-thread-1] INFO  server.RaftServerConfigKeys (ConfUtils.java:logGet(43)) - raft.server.log.appender.install.snapshot.enabled = false (custom)
2019-09-25 12:06:01,823 [pool-497-thread-1] INFO  impl.RaftServerImpl (ServerState.java:<init>(103)) - 159c7809-d8ec-4cf8-a31c-e2f384cc14d2@group-E4A98D1C683A: ConfigurationManager, init=-1: [159c7809-d8ec-4cf8-a31c-e2f384cc14d2:192.168.151.73:46254], old=null, confs=<EMPTY_MAP>
2019-09-25 12:06:01,823 [pool-497-thread-1] INFO  server.RaftServerConfigKeys (ConfUtils.java:logGet(43)) - raft.server.storage.dir = [/workdir/hadoop-ozone/integration-test/target/test-dir/MiniOzoneClusterImpl-757e75c3-29a2-41d1-adb4-db6d7805a8c7/datanode-0/data/ratis] (custom)
2019-09-25 12:06:01,823 [pool-497-thread-1] INFO  storage.RaftStorageDirectory (RaftStorageDirectory.java:analyzeStorage(246)) - The storage directory /workdir/hadoop-ozone/integration-test/target/test-dir/MiniOzoneClusterImpl-757e75c3-29a2-41d1-adb4-db6d7805a8c7/datanode-0/data/ratis/7b23da87-660a-41e1-b81e-e4a98d1c683a does not exist. Creating ...
2019-09-25 12:06:01,835 [pool-497-thread-1] INFO  storage.RaftStorageDirectory (RaftStorageDirectory.java:tryLock(328)) - Lock on /workdir/hadoop-ozone/integration-test/target/test-dir/MiniOzoneClusterImpl-757e75c3-29a2-41d1-adb4-db6d7805a8c7/datanode-0/data/ratis/7b23da87-660a-41e1-b81e-e4a98d1c683a/in_use.lock acquired by nodename 24979@pr-hdds-1569-shd4m-3693607622
2019-09-25 12:06:01,848 [pool-497-thread-1] INFO  storage.RaftStorage (RaftStorage.java:format(72)) - Storage directory /workdir/hadoop-ozone/integration-test/target/test-dir/MiniOzoneClusterImpl-757e75c3-29a2-41d1-adb4-db6d7805a8c7/datanode-0/data/ratis/7b23da87-660a-41e1-b81e-e4a98d1c683a has been successfully formatted.
2019-09-25 12:06:01,848 [pool-497-thread-1] INFO  ratis.ContainerStateMachine (ContainerStateMachine.java:loadSnapshot(230)) - group-E4A98D1C683A: The snapshot info is null. Setting the last applied indexto:(t:0, i:~)
2019-09-25 12:06:01,848 [pool-497-thread-1] INFO  server.RaftServerConfigKeys (ConfUtils.java:logGet(43)) - raft.server.notification.no-leader.timeout = 120s (custom)
2019-09-25 12:06:01,848 [pool-497-thread-1] INFO  server.RaftServerConfigKeys (ConfUtils.java:logGet(43)) - raft.server.log.use.memory = false (default)
2019-09-25 12:06:01,848 [pool-497-thread-1] INFO  server.RaftServerConfigKeys (ConfUtils.java:logGet(43)) - raft.server.log.purge.gap = 1000000 (custom)
2019-09-25 12:06:01,848 [pool-497-thread-1] INFO  server.RaftServerConfigKeys (ConfUtils.java:logGet(43)) - raft.server.log.appender.buffer.byte-limit = 33554432 (custom)
2019-09-25 12:06:01,848 [pool-497-thread-1] INFO  server.RaftServerConfigKeys (ConfUtils.java:logGet(43)) - raft.server.log.segment.size.max = 1048576 (custom)
2019-09-25 12:06:01,848 [pool-497-thread-1] INFO  server.RaftServerConfigKeys (ConfUtils.java:logGet(43)) - raft.server.log.segment.cache.num.max = 2 (custom)
2019-09-25 12:06:01,849 [pool-497-thread-1] INFO  segmented.SegmentedRaftLogWorker (SegmentedRaftLogWorker.java:<init>(172)) - new 159c7809-d8ec-4cf8-a31c-e2f384cc14d2@group-E4A98D1C683A-SegmentedRaftLogWorker for RaftStorage:Storage Directory /workdir/hadoop-ozone/integration-test/target/test-dir/MiniOzoneClusterImpl-757e75c3-29a2-41d1-adb4-db6d7805a8c7/datanode-0/data/ratis/7b23da87-660a-41e1-b81e-e4a98d1c683a
2019-09-25 12:06:01,849 [pool-497-thread-1] INFO  server.RaftServerConfigKeys (ConfUtils.java:logGet(43)) - raft.server.log.queue.byte-limit = 2147483647 (custom)
2019-09-25 12:06:01,849 [pool-497-thread-1] INFO  server.RaftServerConfigKeys (ConfUtils.java:logGet(43)) - raft.server.log.queue.element-limit = 1024 (custom)
2019-09-25 12:06:01,849 [pool-497-thread-1] INFO  server.RaftServerConfigKeys (ConfUtils.java:logGet(43)) - raft.server.log.segment.size.max = 1048576 (custom)
2019-09-25 12:06:01,849 [pool-497-thread-1] INFO  server.RaftServerConfigKeys (ConfUtils.java:logGet(43)) - raft.server.log.preallocated.size = 16384 (custom)
2019-09-25 12:06:01,849 [pool-497-thread-1] INFO  server.RaftServerConfigKeys (ConfUtils.java:logGet(43)) - raft.server.log.write.buffer.size = 33554432 (custom)
2019-09-25 12:06:01,849 [pool-497-thread-1] INFO  server.RaftServerConfigKeys (ConfUtils.java:logGet(43)) - raft.server.log.force.sync.num = 128 (default)
2019-09-25 12:06:01,849 [pool-497-thread-1] INFO  server.RaftServerConfigKeys (ConfUtils.java:logGet(43)) - raft.server.log.statemachine.data.sync = true (default)
2019-09-25 12:06:01,849 [pool-497-thread-1] INFO  server.RaftServerConfigKeys (ConfUtils.java:logGet(43)) - raft.server.log.statemachine.data.sync.timeout = 10s (default)
2019-09-25 12:06:01,849 [pool-497-thread-1] INFO  server.RaftServerConfigKeys (ConfUtils.java:logGet(43)) - raft.server.log.statemachine.data.sync.timeout.retry = -1 (default)
2019-09-25 12:06:01,849 [pool-497-thread-1] INFO  server.RaftServerConfigKeys (ConfUtils.java:logGet(43)) - raft.server.log.statemachine.data.caching.enabled = true (custom)
2019-09-25 12:06:01,850 [pool-497-thread-1] INFO  segmented.SegmentedRaftLogWorker (SegmentedRaftLogWorker.java:lambda$new$0(132)) - 159c7809-d8ec-4cf8-a31c-e2f384cc14d2@group-E4A98D1C683A-SegmentedRaftLogWorker: flushIndex: setUnconditionally 0 -> -1
2019-09-25 12:06:01,850 [pool-497-thread-1] INFO  server.RaftServerConfigKeys (ConfUtils.java:logGet(43)) - raft.server.snapshot.auto.trigger.enabled = true (custom)
2019-09-25 12:06:01,850 [pool-497-thread-1] INFO  server.RaftServerConfigKeys (ConfUtils.java:logGet(43)) - raft.server.snapshot.auto.trigger.threshold = 10000 (custom)
2019-09-25 12:06:01,850 [pool-497-thread-1] INFO  server.RaftServerConfigKeys (ConfUtils.java:logGet(43)) - raft.server.snapshot.retention.num.files = 5 (custom)
2019-09-25 12:06:01,850 [pool-497-thread-1] INFO  server.RaftServerConfigKeys (ConfUtils.java:logGet(43)) - raft.server.retrycache.expirytime = 600000ms (custom)
2019-09-25 12:06:01,851 [pool-497-thread-1] INFO  impl.RaftServerImpl (RaftServerImpl.java:start(185)) - 159c7809-d8ec-4cf8-a31c-e2f384cc14d2@group-E4A98D1C683A: start as a follower, conf=-1: [159c7809-d8ec-4cf8-a31c-e2f384cc14d2:192.168.151.73:46254], old=null
2019-09-25 12:06:01,851 [pool-497-thread-1] INFO  impl.RaftServerImpl (RaftServerImpl.java:setRole(174)) - 159c7809-d8ec-4cf8-a31c-e2f384cc14d2@group-E4A98D1C683A: changes role from      null to FOLLOWER at term 0 for startAsFollower
2019-09-25 12:06:01,851 [pool-497-thread-1] INFO  impl.RoleInfo (RoleInfo.java:updateAndGet(143)) - 159c7809-d8ec-4cf8-a31c-e2f384cc14d2: start FollowerState
2019-09-25 12:06:01,852 [pool-497-thread-1] INFO  util.JmxRegister (JmxRegister.java:tryRegister(44)) - Successfully registered JMX Bean with object name Ratis:service=RaftServer,group=group-E4A98D1C683A,id=159c7809-d8ec-4cf8-a31c-e2f384cc14d2
2019-09-25 12:06:01,853 [RatisPipelineUtilsThread] INFO  pipeline.PipelineStateManager (PipelineStateManager.java:addPipeline(56)) - Created pipeline Pipeline[ Id: 7b23da87-660a-41e1-b81e-e4a98d1c683a, Nodes: 159c7809-d8ec-4cf8-a31c-e2f384cc14d2{ip: 192.168.151.73, host: pr-hdds-1569-shd4m-3693607622, networkLocation: /default-rack, certSerialId: null}, Type:RATIS, Factor:ONE, State:OPEN]
2019-09-25 12:06:01,856 [grpc-default-executor-1] INFO  impl.RaftServerProxy (RaftServerProxy.java:addNew(89)) - 159c7809-d8ec-4cf8-a31c-e2f384cc14d2: addNew group-917EDF206353:[159c7809-d8ec-4cf8-a31c-e2f384cc14d2:192.168.151.73:46254] returns group-917EDF206353:java.util.concurrent.CompletableFuture@7a0c0bf2[Not completed]
2019-09-25 12:06:01,857 [pool-497-thread-1] INFO  impl.RaftServerImpl (RaftServerImpl.java:<init>(95)) - 159c7809-d8ec-4cf8-a31c-e2f384cc14d2: new RaftServerImpl for group-917EDF206353:[159c7809-d8ec-4cf8-a31c-e2f384cc14d2:192.168.151.73:46254] with ContainerStateMachine:uninitialized
2019-09-25 12:06:01,857 [pool-497-thread-1] INFO  server.RaftServerConfigKeys (ConfUtils.java:logGet(43)) - raft.server.rpc.timeout.min = 5s (custom)
2019-09-25 12:06:01,857 [pool-497-thread-1] INFO  server.RaftServerConfigKeys (ConfUtils.java:logGet(43)) - raft.server.rpc.timeout.max = 5200ms (custom)
2019-09-25 12:06:01,857 [pool-497-thread-1] INFO  server.RaftServerConfigKeys (ConfUtils.java:logGet(43)) - raft.server.rpcslowness.timeout = 120s (custom)
2019-09-25 12:06:01,858 [pool-497-thread-1] INFO  server.RaftServerConfigKeys (ConfUtils.java:logGet(43)) - raft.server.sleep.deviation.threshold = 300 (default)
2019-09-25 12:06:01,858 [pool-497-thread-1] INFO  server.RaftServerConfigKeys (ConfUtils.java:logGet(43)) - raft.server.log.appender.install.snapshot.enabled = false (custom)
2019-09-25 12:06:01,858 [pool-497-thread-1] INFO  impl.RaftServerImpl (ServerState.java:<init>(103)) - 159c7809-d8ec-4cf8-a31c-e2f384cc14d2@group-917EDF206353: ConfigurationManager, init=-1: [159c7809-d8ec-4cf8-a31c-e2f384cc14d2:192.168.151.73:46254], old=null, confs=<EMPTY_MAP>
2019-09-25 12:06:01,858 [pool-497-thread-1] INFO  server.RaftServerConfigKeys (ConfUtils.java:logGet(43)) - raft.server.storage.dir = [/workdir/hadoop-ozone/integration-test/target/test-dir/MiniOzoneClusterImpl-757e75c3-29a2-41d1-adb4-db6d7805a8c7/datanode-0/data/ratis] (custom)
2019-09-25 12:06:01,858 [pool-497-thread-1] INFO  storage.RaftStorageDirectory (RaftStorageDirectory.java:analyzeStorage(246)) - The storage directory /workdir/hadoop-ozone/integration-test/target/test-dir/MiniOzoneClusterImpl-757e75c3-29a2-41d1-adb4-db6d7805a8c7/datanode-0/data/ratis/2dab06fc-0fd9-40dd-9326-917edf206353 does not exist. Creating ...
2019-09-25 12:06:01,870 [pool-497-thread-1] INFO  storage.RaftStorageDirectory (RaftStorageDirectory.java:tryLock(328)) - Lock on /workdir/hadoop-ozone/integration-test/target/test-dir/MiniOzoneClusterImpl-757e75c3-29a2-41d1-adb4-db6d7805a8c7/datanode-0/data/ratis/2dab06fc-0fd9-40dd-9326-917edf206353/in_use.lock acquired by nodename 24979@pr-hdds-1569-shd4m-3693607622
2019-09-25 12:06:01,882 [IPC Server handler 7 on 36473] INFO  net.NetworkTopology (NetworkTopologyImpl.java:add(111)) - Added a new node: /default-rack/2bd0627d-72ad-45ef-ab03-a55c09ad6c3a
2019-09-25 12:06:01,882 [pool-497-thread-1] INFO  storage.RaftStorage (RaftStorage.java:format(72)) - Storage directory /workdir/hadoop-ozone/integration-test/target/test-dir/MiniOzoneClusterImpl-757e75c3-29a2-41d1-adb4-db6d7805a8c7/datanode-0/data/ratis/2dab06fc-0fd9-40dd-9326-917edf206353 has been successfully formatted.
2019-09-25 12:06:01,883 [IPC Server handler 7 on 36473] INFO  node.SCMNodeManager (SCMNodeManager.java:register(266)) - Registered Data node : 2bd0627d-72ad-45ef-ab03-a55c09ad6c3a{ip: 192.168.151.73, host: pr-hdds-1569-shd4m-3693607622, networkLocation: /default-rack, certSerialId: null}
2019-09-25 12:06:01,883 [pool-497-thread-1] INFO  ratis.ContainerStateMachine (ContainerStateMachine.java:loadSnapshot(230)) - group-917EDF206353: The snapshot info is null. Setting the last applied indexto:(t:0, i:~)
2019-09-25 12:06:01,883 [pool-497-thread-1] INFO  server.RaftServerConfigKeys (ConfUtils.java:logGet(43)) - raft.server.notification.no-leader.timeout = 120s (custom)
2019-09-25 12:06:01,883 [pool-497-thread-1] INFO  server.RaftServerConfigKeys (ConfUtils.java:logGet(43)) - raft.server.log.use.memory = false (default)
2019-09-25 12:06:01,883 [pool-497-thread-1] INFO  server.RaftServerConfigKeys (ConfUtils.java:logGet(43)) - raft.server.log.purge.gap = 1000000 (custom)
2019-09-25 12:06:01,883 [pool-497-thread-1] INFO  server.RaftServerConfigKeys (ConfUtils.java:logGet(43)) - raft.server.log.appender.buffer.byte-limit = 33554432 (custom)
2019-09-25 12:06:01,883 [pool-497-thread-1] INFO  server.RaftServerConfigKeys (ConfUtils.java:logGet(43)) - raft.server.log.segment.size.max = 1048576 (custom)
2019-09-25 12:06:01,883 [pool-497-thread-1] INFO  server.RaftServerConfigKeys (ConfUtils.java:logGet(43)) - raft.server.log.segment.cache.num.max = 2 (custom)
2019-09-25 12:06:01,883 [pool-497-thread-1] INFO  segmented.SegmentedRaftLogWorker (SegmentedRaftLogWorker.java:<init>(172)) - new 159c7809-d8ec-4cf8-a31c-e2f384cc14d2@group-917EDF206353-SegmentedRaftLogWorker for RaftStorage:Storage Directory /workdir/hadoop-ozone/integration-test/target/test-dir/MiniOzoneClusterImpl-757e75c3-29a2-41d1-adb4-db6d7805a8c7/datanode-0/data/ratis/2dab06fc-0fd9-40dd-9326-917edf206353
2019-09-25 12:06:01,883 [pool-497-thread-1] INFO  server.RaftServerConfigKeys (ConfUtils.java:logGet(43)) - raft.server.log.queue.byte-limit = 2147483647 (custom)
2019-09-25 12:06:01,884 [pool-497-thread-1] INFO  server.RaftServerConfigKeys (ConfUtils.java:logGet(43)) - raft.server.log.queue.element-limit = 1024 (custom)
2019-09-25 12:06:01,884 [pool-497-thread-1] INFO  server.RaftServerConfigKeys (ConfUtils.java:logGet(43)) - raft.server.log.segment.size.max = 1048576 (custom)
2019-09-25 12:06:01,884 [pool-497-thread-1] INFO  server.RaftServerConfigKeys (ConfUtils.java:logGet(43)) - raft.server.log.preallocated.size = 16384 (custom)
2019-09-25 12:06:01,884 [pool-497-thread-1] INFO  server.RaftServerConfigKeys (ConfUtils.java:logGet(43)) - raft.server.log.write.buffer.size = 33554432 (custom)
2019-09-25 12:06:01,884 [pool-497-thread-1] INFO  server.RaftServerConfigKeys (ConfUtils.java:logGet(43)) - raft.server.log.force.sync.num = 128 (default)
2019-09-25 12:06:01,884 [pool-497-thread-1] INFO  server.RaftServerConfigKeys (ConfUtils.java:logGet(43)) - raft.server.log.statemachine.data.sync = true (default)
2019-09-25 12:06:01,884 [pool-497-thread-1] INFO  server.RaftServerConfigKeys (ConfUtils.java:logGet(43)) - raft.server.log.statemachine.data.sync.timeout = 10s (default)
2019-09-25 12:06:01,884 [pool-497-thread-1] INFO  server.RaftServerConfigKeys (ConfUtils.java:logGet(43)) - raft.server.log.statemachine.data.sync.timeout.retry = -1 (default)
2019-09-25 12:06:01,884 [pool-497-thread-1] INFO  server.RaftServerConfigKeys (ConfUtils.java:logGet(43)) - raft.server.log.statemachine.data.caching.enabled = true (custom)
2019-09-25 12:06:01,884 [pool-497-thread-1] INFO  segmented.SegmentedRaftLogWorker (SegmentedRaftLogWorker.java:lambda$new$0(132)) - 159c7809-d8ec-4cf8-a31c-e2f384cc14d2@group-917EDF206353-SegmentedRaftLogWorker: flushIndex: setUnconditionally 0 -> -1
2019-09-25 12:06:01,885 [pool-497-thread-1] INFO  server.RaftServerConfigKeys (ConfUtils.java:logGet(43)) - raft.server.snapshot.auto.trigger.enabled = true (custom)
2019-09-25 12:06:01,885 [pool-497-thread-1] INFO  server.RaftServerConfigKeys (ConfUtils.java:logGet(43)) - raft.server.snapshot.auto.trigger.threshold = 10000 (custom)
2019-09-25 12:06:01,885 [pool-497-thread-1] INFO  server.RaftServerConfigKeys (ConfUtils.java:logGet(43)) - raft.server.snapshot.retention.num.files = 5 (custom)
2019-09-25 12:06:01,885 [pool-497-thread-1] INFO  server.RaftServerConfigKeys (ConfUtils.java:logGet(43)) - raft.server.retrycache.expirytime = 600000ms (custom)
2019-09-25 12:06:01,886 [pool-497-thread-1] INFO  impl.RaftServerImpl (RaftServerImpl.java:start(185)) - 159c7809-d8ec-4cf8-a31c-e2f384cc14d2@group-917EDF206353: start as a follower, conf=-1: [159c7809-d8ec-4cf8-a31c-e2f384cc14d2:192.168.151.73:46254], old=null
2019-09-25 12:06:01,886 [pool-497-thread-1] INFO  impl.RaftServerImpl (RaftServerImpl.java:setRole(174)) - 159c7809-d8ec-4cf8-a31c-e2f384cc14d2@group-917EDF206353: changes role from      null to FOLLOWER at term 0 for startAsFollower
2019-09-25 12:06:01,886 [pool-497-thread-1] INFO  impl.RoleInfo (RoleInfo.java:updateAndGet(143)) - 159c7809-d8ec-4cf8-a31c-e2f384cc14d2: start FollowerState
2019-09-25 12:06:01,886 [pool-497-thread-1] INFO  util.JmxRegister (JmxRegister.java:tryRegister(44)) - Successfully registered JMX Bean with object name Ratis:service=RaftServer,group=group-917EDF206353,id=159c7809-d8ec-4cf8-a31c-e2f384cc14d2
2019-09-25 12:06:01,888 [RatisPipelineUtilsThread] INFO  pipeline.PipelineStateManager (PipelineStateManager.java:addPipeline(56)) - Created pipeline Pipeline[ Id: 2dab06fc-0fd9-40dd-9326-917edf206353, Nodes: 159c7809-d8ec-4cf8-a31c-e2f384cc14d2{ip: 192.168.151.73, host: pr-hdds-1569-shd4m-3693607622, networkLocation: /default-rack, certSerialId: null}, Type:RATIS, Factor:ONE, State:OPEN]
2019-09-25 12:06:01,892 [grpc-default-executor-1] INFO  impl.RaftServerProxy (RaftServerProxy.java:addNew(89)) - de2e4d40-31b5-4e53-8675-f16775b3ddb7: addNew group-B46AACECAC68:[de2e4d40-31b5-4e53-8675-f16775b3ddb7:192.168.151.73:38679] returns group-B46AACECAC68:java.util.concurrent.CompletableFuture@963ad61[Not completed]
2019-09-25 12:06:01,893 [pool-507-thread-1] INFO  impl.RaftServerImpl (RaftServerImpl.java:<init>(95)) - de2e4d40-31b5-4e53-8675-f16775b3ddb7: new RaftServerImpl for group-B46AACECAC68:[de2e4d40-31b5-4e53-8675-f16775b3ddb7:192.168.151.73:38679] with ContainerStateMachine:uninitialized
2019-09-25 12:06:01,893 [pool-507-thread-1] INFO  server.RaftServerConfigKeys (ConfUtils.java:logGet(43)) - raft.server.rpc.timeout.min = 5s (custom)
2019-09-25 12:06:01,893 [pool-507-thread-1] INFO  server.RaftServerConfigKeys (ConfUtils.java:logGet(43)) - raft.server.rpc.timeout.max = 5200ms (custom)
2019-09-25 12:06:01,893 [pool-507-thread-1] INFO  server.RaftServerConfigKeys (ConfUtils.java:logGet(43)) - raft.server.rpcslowness.timeout = 120s (custom)
2019-09-25 12:06:01,893 [pool-507-thread-1] INFO  server.RaftServerConfigKeys (ConfUtils.java:logGet(43)) - raft.server.sleep.deviation.threshold = 300 (default)
2019-09-25 12:06:01,894 [pool-507-thread-1] INFO  server.RaftServerConfigKeys (ConfUtils.java:logGet(43)) - raft.server.log.appender.install.snapshot.enabled = false (custom)
2019-09-25 12:06:01,894 [pool-507-thread-1] INFO  impl.RaftServerImpl (ServerState.java:<init>(103)) - de2e4d40-31b5-4e53-8675-f16775b3ddb7@group-B46AACECAC68: ConfigurationManager, init=-1: [de2e4d40-31b5-4e53-8675-f16775b3ddb7:192.168.151.73:38679], old=null, confs=<EMPTY_MAP>
2019-09-25 12:06:01,894 [pool-507-thread-1] INFO  server.RaftServerConfigKeys (ConfUtils.java:logGet(43)) - raft.server.storage.dir = [/workdir/hadoop-ozone/integration-test/target/test-dir/MiniOzoneClusterImpl-757e75c3-29a2-41d1-adb4-db6d7805a8c7/datanode-1/data/ratis] (custom)
2019-09-25 12:06:01,894 [pool-507-thread-1] INFO  storage.RaftStorageDirectory (RaftStorageDirectory.java:analyzeStorage(246)) - The storage directory /workdir/hadoop-ozone/integration-test/target/test-dir/MiniOzoneClusterImpl-757e75c3-29a2-41d1-adb4-db6d7805a8c7/datanode-1/data/ratis/d16fd746-e728-43fa-b00f-b46aacecac68 does not exist. Creating ...
2019-09-25 12:06:01,897 [pool-507-thread-1] INFO  storage.RaftStorageDirectory (RaftStorageDirectory.java:tryLock(328)) - Lock on /workdir/hadoop-ozone/integration-test/target/test-dir/MiniOzoneClusterImpl-757e75c3-29a2-41d1-adb4-db6d7805a8c7/datanode-1/data/ratis/d16fd746-e728-43fa-b00f-b46aacecac68/in_use.lock acquired by nodename 24979@pr-hdds-1569-shd4m-3693607622
2019-09-25 12:06:01,901 [pool-507-thread-1] INFO  storage.RaftStorage (RaftStorage.java:format(72)) - Storage directory /workdir/hadoop-ozone/integration-test/target/test-dir/MiniOzoneClusterImpl-757e75c3-29a2-41d1-adb4-db6d7805a8c7/datanode-1/data/ratis/d16fd746-e728-43fa-b00f-b46aacecac68 has been successfully formatted.
2019-09-25 12:06:01,901 [pool-507-thread-1] INFO  ratis.ContainerStateMachine (ContainerStateMachine.java:loadSnapshot(230)) - group-B46AACECAC68: The snapshot info is null. Setting the last applied indexto:(t:0, i:~)
2019-09-25 12:06:01,901 [pool-507-thread-1] INFO  server.RaftServerConfigKeys (ConfUtils.java:logGet(43)) - raft.server.notification.no-leader.timeout = 120s (custom)
2019-09-25 12:06:01,902 [pool-507-thread-1] INFO  server.RaftServerConfigKeys (ConfUtils.java:logGet(43)) - raft.server.log.use.memory = false (default)
2019-09-25 12:06:01,902 [pool-507-thread-1] INFO  server.RaftServerConfigKeys (ConfUtils.java:logGet(43)) - raft.server.log.purge.gap = 1000000 (custom)
2019-09-25 12:06:01,902 [pool-507-thread-1] INFO  server.RaftServerConfigKeys (ConfUtils.java:logGet(43)) - raft.server.log.appender.buffer.byte-limit = 33554432 (custom)
2019-09-25 12:06:01,902 [pool-507-thread-1] INFO  server.RaftServerConfigKeys (ConfUtils.java:logGet(43)) - raft.server.log.segment.size.max = 1048576 (custom)
2019-09-25 12:06:01,902 [pool-507-thread-1] INFO  server.RaftServerConfigKeys (ConfUtils.java:logGet(43)) - raft.server.log.segment.cache.num.max = 2 (custom)
2019-09-25 12:06:01,902 [pool-507-thread-1] INFO  segmented.SegmentedRaftLogWorker (SegmentedRaftLogWorker.java:<init>(172)) - new de2e4d40-31b5-4e53-8675-f16775b3ddb7@group-B46AACECAC68-SegmentedRaftLogWorker for RaftStorage:Storage Directory /workdir/hadoop-ozone/integration-test/target/test-dir/MiniOzoneClusterImpl-757e75c3-29a2-41d1-adb4-db6d7805a8c7/datanode-1/data/ratis/d16fd746-e728-43fa-b00f-b46aacecac68
2019-09-25 12:06:01,902 [pool-507-thread-1] INFO  server.RaftServerConfigKeys (ConfUtils.java:logGet(43)) - raft.server.log.queue.byte-limit = 2147483647 (custom)
2019-09-25 12:06:01,903 [pool-507-thread-1] INFO  server.RaftServerConfigKeys (ConfUtils.java:logGet(43)) - raft.server.log.queue.element-limit = 1024 (custom)
2019-09-25 12:06:01,903 [pool-507-thread-1] INFO  server.RaftServerConfigKeys (ConfUtils.java:logGet(43)) - raft.server.log.segment.size.max = 1048576 (custom)
2019-09-25 12:06:01,903 [pool-507-thread-1] INFO  server.RaftServerConfigKeys (ConfUtils.java:logGet(43)) - raft.server.log.preallocated.size = 16384 (custom)
2019-09-25 12:06:01,903 [pool-507-thread-1] INFO  server.RaftServerConfigKeys (ConfUtils.java:logGet(43)) - raft.server.log.write.buffer.size = 33554432 (custom)
2019-09-25 12:06:01,903 [pool-507-thread-1] INFO  server.RaftServerConfigKeys (ConfUtils.java:logGet(43)) - raft.server.log.force.sync.num = 128 (default)
2019-09-25 12:06:01,903 [pool-507-thread-1] INFO  server.RaftServerConfigKeys (ConfUtils.java:logGet(43)) - raft.server.log.statemachine.data.sync = true (default)
2019-09-25 12:06:01,903 [pool-507-thread-1] INFO  server.RaftServerConfigKeys (ConfUtils.java:logGet(43)) - raft.server.log.statemachine.data.sync.timeout = 10s (default)
2019-09-25 12:06:01,904 [pool-507-thread-1] INFO  server.RaftServerConfigKeys (ConfUtils.java:logGet(43)) - raft.server.log.statemachine.data.sync.timeout.retry = -1 (default)
2019-09-25 12:06:01,904 [pool-507-thread-1] INFO  server.RaftServerConfigKeys (ConfUtils.java:logGet(43)) - raft.server.log.statemachine.data.caching.enabled = true (custom)
2019-09-25 12:06:01,904 [pool-507-thread-1] INFO  segmented.SegmentedRaftLogWorker (SegmentedRaftLogWorker.java:lambda$new$0(132)) - de2e4d40-31b5-4e53-8675-f16775b3ddb7@group-B46AACECAC68-SegmentedRaftLogWorker: flushIndex: setUnconditionally 0 -> -1
2019-09-25 12:06:01,904 [pool-507-thread-1] INFO  server.RaftServerConfigKeys (ConfUtils.java:logGet(43)) - raft.server.snapshot.auto.trigger.enabled = true (custom)
2019-09-25 12:06:01,904 [pool-507-thread-1] INFO  server.RaftServerConfigKeys (ConfUtils.java:logGet(43)) - raft.server.snapshot.auto.trigger.threshold = 10000 (custom)
2019-09-25 12:06:01,905 [pool-507-thread-1] INFO  server.RaftServerConfigKeys (ConfUtils.java:logGet(43)) - raft.server.snapshot.retention.num.files = 5 (custom)
2019-09-25 12:06:01,905 [pool-507-thread-1] INFO  server.RaftServerConfigKeys (ConfUtils.java:logGet(43)) - raft.server.retrycache.expirytime = 600000ms (custom)
2019-09-25 12:06:01,907 [pool-507-thread-1] INFO  impl.RaftServerImpl (RaftServerImpl.java:start(185)) - de2e4d40-31b5-4e53-8675-f16775b3ddb7@group-B46AACECAC68: start as a follower, conf=-1: [de2e4d40-31b5-4e53-8675-f16775b3ddb7:192.168.151.73:38679], old=null
2019-09-25 12:06:01,907 [pool-507-thread-1] INFO  impl.RaftServerImpl (RaftServerImpl.java:setRole(174)) - de2e4d40-31b5-4e53-8675-f16775b3ddb7@group-B46AACECAC68: changes role from      null to FOLLOWER at term 0 for startAsFollower
2019-09-25 12:06:01,907 [pool-507-thread-1] INFO  impl.RoleInfo (RoleInfo.java:updateAndGet(143)) - de2e4d40-31b5-4e53-8675-f16775b3ddb7: start FollowerState
2019-09-25 12:06:01,908 [pool-507-thread-1] INFO  util.JmxRegister (JmxRegister.java:tryRegister(44)) - Successfully registered JMX Bean with object name Ratis:service=RaftServer,group=group-B46AACECAC68,id=de2e4d40-31b5-4e53-8675-f16775b3ddb7
2019-09-25 12:06:01,909 [RatisPipelineUtilsThread] INFO  pipeline.PipelineStateManager (PipelineStateManager.java:addPipeline(56)) - Created pipeline Pipeline[ Id: d16fd746-e728-43fa-b00f-b46aacecac68, Nodes: de2e4d40-31b5-4e53-8675-f16775b3ddb7{ip: 192.168.151.73, host: pr-hdds-1569-shd4m-3693607622, networkLocation: /default-rack, certSerialId: null}, Type:RATIS, Factor:ONE, State:OPEN]
2019-09-25 12:06:01,937 [grpc-default-executor-1] INFO  impl.RaftServerProxy (RaftServerProxy.java:addNew(89)) - 992d69e5-6cba-4869-b94d-c8d2dc420a77: addNew group-0DC9EACEC55A:[992d69e5-6cba-4869-b94d-c8d2dc420a77:192.168.151.73:40135] returns group-0DC9EACEC55A:java.util.concurrent.CompletableFuture@47e9a185[Not completed]
2019-09-25 12:06:01,938 [pool-517-thread-1] INFO  impl.RaftServerImpl (RaftServerImpl.java:<init>(95)) - 992d69e5-6cba-4869-b94d-c8d2dc420a77: new RaftServerImpl for group-0DC9EACEC55A:[992d69e5-6cba-4869-b94d-c8d2dc420a77:192.168.151.73:40135] with ContainerStateMachine:uninitialized
2019-09-25 12:06:01,938 [pool-517-thread-1] INFO  server.RaftServerConfigKeys (ConfUtils.java:logGet(43)) - raft.server.rpc.timeout.min = 5s (custom)
2019-09-25 12:06:01,938 [pool-517-thread-1] INFO  server.RaftServerConfigKeys (ConfUtils.java:logGet(43)) - raft.server.rpc.timeout.max = 5200ms (custom)
2019-09-25 12:06:01,938 [pool-517-thread-1] INFO  server.RaftServerConfigKeys (ConfUtils.java:logGet(43)) - raft.server.rpcslowness.timeout = 120s (custom)
2019-09-25 12:06:01,938 [pool-517-thread-1] INFO  server.RaftServerConfigKeys (ConfUtils.java:logGet(43)) - raft.server.sleep.deviation.threshold = 300 (default)
2019-09-25 12:06:01,938 [pool-517-thread-1] INFO  server.RaftServerConfigKeys (ConfUtils.java:logGet(43)) - raft.server.log.appender.install.snapshot.enabled = false (custom)
2019-09-25 12:06:01,939 [pool-517-thread-1] INFO  impl.RaftServerImpl (ServerState.java:<init>(103)) - 992d69e5-6cba-4869-b94d-c8d2dc420a77@group-0DC9EACEC55A: ConfigurationManager, init=-1: [992d69e5-6cba-4869-b94d-c8d2dc420a77:192.168.151.73:40135], old=null, confs=<EMPTY_MAP>
2019-09-25 12:06:01,939 [pool-517-thread-1] INFO  server.RaftServerConfigKeys (ConfUtils.java:logGet(43)) - raft.server.storage.dir = [/workdir/hadoop-ozone/integration-test/target/test-dir/MiniOzoneClusterImpl-757e75c3-29a2-41d1-adb4-db6d7805a8c7/datanode-2/data/ratis] (custom)
2019-09-25 12:06:01,939 [pool-517-thread-1] INFO  storage.RaftStorageDirectory (RaftStorageDirectory.java:analyzeStorage(246)) - The storage directory /workdir/hadoop-ozone/integration-test/target/test-dir/MiniOzoneClusterImpl-757e75c3-29a2-41d1-adb4-db6d7805a8c7/datanode-2/data/ratis/7036324b-5385-4d1b-8d72-0dc9eacec55a does not exist. Creating ...
2019-09-25 12:06:01,953 [pool-517-thread-1] INFO  storage.RaftStorageDirectory (RaftStorageDirectory.java:tryLock(328)) - Lock on /workdir/hadoop-ozone/integration-test/target/test-dir/MiniOzoneClusterImpl-757e75c3-29a2-41d1-adb4-db6d7805a8c7/datanode-2/data/ratis/7036324b-5385-4d1b-8d72-0dc9eacec55a/in_use.lock acquired by nodename 24979@pr-hdds-1569-shd4m-3693607622
2019-09-25 12:06:01,956 [pool-517-thread-1] INFO  storage.RaftStorage (RaftStorage.java:format(72)) - Storage directory /workdir/hadoop-ozone/integration-test/target/test-dir/MiniOzoneClusterImpl-757e75c3-29a2-41d1-adb4-db6d7805a8c7/datanode-2/data/ratis/7036324b-5385-4d1b-8d72-0dc9eacec55a has been successfully formatted.
2019-09-25 12:06:01,957 [pool-517-thread-1] INFO  ratis.ContainerStateMachine (ContainerStateMachine.java:loadSnapshot(230)) - group-0DC9EACEC55A: The snapshot info is null. Setting the last applied indexto:(t:0, i:~)
2019-09-25 12:06:01,957 [pool-517-thread-1] INFO  server.RaftServerConfigKeys (ConfUtils.java:logGet(43)) - raft.server.notification.no-leader.timeout = 120s (custom)
2019-09-25 12:06:01,957 [pool-517-thread-1] INFO  server.RaftServerConfigKeys (ConfUtils.java:logGet(43)) - raft.server.log.use.memory = false (default)
2019-09-25 12:06:01,957 [pool-517-thread-1] INFO  server.RaftServerConfigKeys (ConfUtils.java:logGet(43)) - raft.server.log.purge.gap = 1000000 (custom)
2019-09-25 12:06:01,957 [pool-517-thread-1] INFO  server.RaftServerConfigKeys (ConfUtils.java:logGet(43)) - raft.server.log.appender.buffer.byte-limit = 33554432 (custom)
2019-09-25 12:06:01,957 [pool-517-thread-1] INFO  server.RaftServerConfigKeys (ConfUtils.java:logGet(43)) - raft.server.log.segment.size.max = 1048576 (custom)
2019-09-25 12:06:01,958 [pool-517-thread-1] INFO  server.RaftServerConfigKeys (ConfUtils.java:logGet(43)) - raft.server.log.segment.cache.num.max = 2 (custom)
2019-09-25 12:06:01,958 [pool-517-thread-1] INFO  segmented.SegmentedRaftLogWorker (SegmentedRaftLogWorker.java:<init>(172)) - new 992d69e5-6cba-4869-b94d-c8d2dc420a77@group-0DC9EACEC55A-SegmentedRaftLogWorker for RaftStorage:Storage Directory /workdir/hadoop-ozone/integration-test/target/test-dir/MiniOzoneClusterImpl-757e75c3-29a2-41d1-adb4-db6d7805a8c7/datanode-2/data/ratis/7036324b-5385-4d1b-8d72-0dc9eacec55a
2019-09-25 12:06:01,960 [pool-517-thread-1] INFO  server.RaftServerConfigKeys (ConfUtils.java:logGet(43)) - raft.server.log.queue.byte-limit = 2147483647 (custom)
2019-09-25 12:06:01,960 [pool-517-thread-1] INFO  server.RaftServerConfigKeys (ConfUtils.java:logGet(43)) - raft.server.log.queue.element-limit = 1024 (custom)
2019-09-25 12:06:01,960 [pool-517-thread-1] INFO  server.RaftServerConfigKeys (ConfUtils.java:logGet(43)) - raft.server.log.segment.size.max = 1048576 (custom)
2019-09-25 12:06:01,960 [pool-517-thread-1] INFO  server.RaftServerConfigKeys (ConfUtils.java:logGet(43)) - raft.server.log.preallocated.size = 16384 (custom)
2019-09-25 12:06:01,960 [pool-517-thread-1] INFO  server.RaftServerConfigKeys (ConfUtils.java:logGet(43)) - raft.server.log.write.buffer.size = 33554432 (custom)
2019-09-25 12:06:01,961 [pool-517-thread-1] INFO  server.RaftServerConfigKeys (ConfUtils.java:logGet(43)) - raft.server.log.force.sync.num = 128 (default)
2019-09-25 12:06:01,961 [pool-517-thread-1] INFO  server.RaftServerConfigKeys (ConfUtils.java:logGet(43)) - raft.server.log.statemachine.data.sync = true (default)
2019-09-25 12:06:01,961 [pool-517-thread-1] INFO  server.RaftServerConfigKeys (ConfUtils.java:logGet(43)) - raft.server.log.statemachine.data.sync.timeout = 10s (default)
2019-09-25 12:06:01,961 [pool-517-thread-1] INFO  server.RaftServerConfigKeys (ConfUtils.java:logGet(43)) - raft.server.log.statemachine.data.sync.timeout.retry = -1 (default)
2019-09-25 12:06:01,961 [pool-517-thread-1] INFO  server.RaftServerConfigKeys (ConfUtils.java:logGet(43)) - raft.server.log.statemachine.data.caching.enabled = true (custom)
2019-09-25 12:06:01,962 [pool-517-thread-1] INFO  segmented.SegmentedRaftLogWorker (SegmentedRaftLogWorker.java:lambda$new$0(132)) - 992d69e5-6cba-4869-b94d-c8d2dc420a77@group-0DC9EACEC55A-SegmentedRaftLogWorker: flushIndex: setUnconditionally 0 -> -1
2019-09-25 12:06:01,962 [pool-517-thread-1] INFO  server.RaftServerConfigKeys (ConfUtils.java:logGet(43)) - raft.server.snapshot.auto.trigger.enabled = true (custom)
2019-09-25 12:06:01,962 [pool-517-thread-1] INFO  server.RaftServerConfigKeys (ConfUtils.java:logGet(43)) - raft.server.snapshot.auto.trigger.threshold = 10000 (custom)
2019-09-25 12:06:01,962 [pool-517-thread-1] INFO  server.RaftServerConfigKeys (ConfUtils.java:logGet(43)) - raft.server.snapshot.retention.num.files = 5 (custom)
2019-09-25 12:06:01,962 [pool-517-thread-1] INFO  server.RaftServerConfigKeys (ConfUtils.java:logGet(43)) - raft.server.retrycache.expirytime = 600000ms (custom)
2019-09-25 12:06:01,964 [pool-517-thread-1] INFO  impl.RaftServerImpl (RaftServerImpl.java:start(185)) - 992d69e5-6cba-4869-b94d-c8d2dc420a77@group-0DC9EACEC55A: start as a follower, conf=-1: [992d69e5-6cba-4869-b94d-c8d2dc420a77:192.168.151.73:40135], old=null
2019-09-25 12:06:01,965 [pool-517-thread-1] INFO  impl.RaftServerImpl (RaftServerImpl.java:setRole(174)) - 992d69e5-6cba-4869-b94d-c8d2dc420a77@group-0DC9EACEC55A: changes role from      null to FOLLOWER at term 0 for startAsFollower
2019-09-25 12:06:01,965 [pool-517-thread-1] INFO  impl.RoleInfo (RoleInfo.java:updateAndGet(143)) - 992d69e5-6cba-4869-b94d-c8d2dc420a77: start FollowerState
2019-09-25 12:06:01,965 [pool-517-thread-1] INFO  util.JmxRegister (JmxRegister.java:tryRegister(44)) - Successfully registered JMX Bean with object name Ratis:service=RaftServer,group=group-0DC9EACEC55A,id=992d69e5-6cba-4869-b94d-c8d2dc420a77
2019-09-25 12:06:01,967 [RatisPipelineUtilsThread] INFO  pipeline.PipelineStateManager (PipelineStateManager.java:addPipeline(56)) - Created pipeline Pipeline[ Id: 7036324b-5385-4d1b-8d72-0dc9eacec55a, Nodes: 992d69e5-6cba-4869-b94d-c8d2dc420a77{ip: 192.168.151.73, host: pr-hdds-1569-shd4m-3693607622, networkLocation: /default-rack, certSerialId: null}, Type:RATIS, Factor:ONE, State:OPEN]
2019-09-25 12:06:01,970 [grpc-default-executor-1] INFO  impl.RaftServerProxy (RaftServerProxy.java:addNew(89)) - 159c7809-d8ec-4cf8-a31c-e2f384cc14d2: addNew group-A589F3DDDADC:[159c7809-d8ec-4cf8-a31c-e2f384cc14d2:192.168.151.73:46254] returns group-A589F3DDDADC:java.util.concurrent.CompletableFuture@71456bf3[Not completed]
2019-09-25 12:06:01,971 [pool-497-thread-1] INFO  impl.RaftServerImpl (RaftServerImpl.java:<init>(95)) - 159c7809-d8ec-4cf8-a31c-e2f384cc14d2: new RaftServerImpl for group-A589F3DDDADC:[159c7809-d8ec-4cf8-a31c-e2f384cc14d2:192.168.151.73:46254] with ContainerStateMachine:uninitialized
2019-09-25 12:06:01,971 [pool-497-thread-1] INFO  server.RaftServerConfigKeys (ConfUtils.java:logGet(43)) - raft.server.rpc.timeout.min = 5s (custom)
2019-09-25 12:06:01,971 [pool-497-thread-1] INFO  server.RaftServerConfigKeys (ConfUtils.java:logGet(43)) - raft.server.rpc.timeout.max = 5200ms (custom)
2019-09-25 12:06:01,971 [pool-497-thread-1] INFO  server.RaftServerConfigKeys (ConfUtils.java:logGet(43)) - raft.server.rpcslowness.timeout = 120s (custom)
2019-09-25 12:06:01,971 [pool-497-thread-1] INFO  server.RaftServerConfigKeys (ConfUtils.java:logGet(43)) - raft.server.sleep.deviation.threshold = 300 (default)
2019-09-25 12:06:01,971 [pool-497-thread-1] INFO  server.RaftServerConfigKeys (ConfUtils.java:logGet(43)) - raft.server.log.appender.install.snapshot.enabled = false (custom)
2019-09-25 12:06:01,971 [pool-497-thread-1] INFO  impl.RaftServerImpl (ServerState.java:<init>(103)) - 159c7809-d8ec-4cf8-a31c-e2f384cc14d2@group-A589F3DDDADC: ConfigurationManager, init=-1: [159c7809-d8ec-4cf8-a31c-e2f384cc14d2:192.168.151.73:46254], old=null, confs=<EMPTY_MAP>
2019-09-25 12:06:01,971 [pool-497-thread-1] INFO  server.RaftServerConfigKeys (ConfUtils.java:logGet(43)) - raft.server.storage.dir = [/workdir/hadoop-ozone/integration-test/target/test-dir/MiniOzoneClusterImpl-757e75c3-29a2-41d1-adb4-db6d7805a8c7/datanode-0/data/ratis] (custom)
2019-09-25 12:06:01,972 [pool-497-thread-1] INFO  storage.RaftStorageDirectory (RaftStorageDirectory.java:analyzeStorage(246)) - The storage directory /workdir/hadoop-ozone/integration-test/target/test-dir/MiniOzoneClusterImpl-757e75c3-29a2-41d1-adb4-db6d7805a8c7/datanode-0/data/ratis/fb1871a0-1eef-4388-881f-a589f3dddadc does not exist. Creating ...
2019-09-25 12:06:01,975 [pool-497-thread-1] INFO  storage.RaftStorageDirectory (RaftStorageDirectory.java:tryLock(328)) - Lock on /workdir/hadoop-ozone/integration-test/target/test-dir/MiniOzoneClusterImpl-757e75c3-29a2-41d1-adb4-db6d7805a8c7/datanode-0/data/ratis/fb1871a0-1eef-4388-881f-a589f3dddadc/in_use.lock acquired by nodename 24979@pr-hdds-1569-shd4m-3693607622
2019-09-25 12:06:01,979 [pool-497-thread-1] INFO  storage.RaftStorage (RaftStorage.java:format(72)) - Storage directory /workdir/hadoop-ozone/integration-test/target/test-dir/MiniOzoneClusterImpl-757e75c3-29a2-41d1-adb4-db6d7805a8c7/datanode-0/data/ratis/fb1871a0-1eef-4388-881f-a589f3dddadc has been successfully formatted.
2019-09-25 12:06:01,979 [pool-497-thread-1] INFO  ratis.ContainerStateMachine (ContainerStateMachine.java:loadSnapshot(230)) - group-A589F3DDDADC: The snapshot info is null. Setting the last applied indexto:(t:0, i:~)
2019-09-25 12:06:01,979 [pool-497-thread-1] INFO  server.RaftServerConfigKeys (ConfUtils.java:logGet(43)) - raft.server.notification.no-leader.timeout = 120s (custom)
2019-09-25 12:06:01,979 [pool-497-thread-1] INFO  server.RaftServerConfigKeys (ConfUtils.java:logGet(43)) - raft.server.log.use.memory = false (default)
2019-09-25 12:06:01,980 [pool-497-thread-1] INFO  server.RaftServerConfigKeys (ConfUtils.java:logGet(43)) - raft.server.log.purge.gap = 1000000 (custom)
2019-09-25 12:06:01,980 [pool-497-thread-1] INFO  server.RaftServerConfigKeys (ConfUtils.java:logGet(43)) - raft.server.log.appender.buffer.byte-limit = 33554432 (custom)
2019-09-25 12:06:01,980 [IPC Server handler 1 on 36473] INFO  net.NetworkTopology (NetworkTopologyImpl.java:add(111)) - Added a new node: /default-rack/96c68fd9-263a-4bce-9480-8d54d9f28f1c
2019-09-25 12:06:01,980 [pool-497-thread-1] INFO  server.RaftServerConfigKeys (ConfUtils.java:logGet(43)) - raft.server.log.segment.size.max = 1048576 (custom)
2019-09-25 12:06:01,980 [IPC Server handler 1 on 36473] INFO  node.SCMNodeManager (SCMNodeManager.java:register(266)) - Registered Data node : 96c68fd9-263a-4bce-9480-8d54d9f28f1c{ip: 192.168.151.73, host: pr-hdds-1569-shd4m-3693607622, networkLocation: /default-rack, certSerialId: null}
2019-09-25 12:06:01,980 [pool-497-thread-1] INFO  server.RaftServerConfigKeys (ConfUtils.java:logGet(43)) - raft.server.log.segment.cache.num.max = 2 (custom)
2019-09-25 12:06:01,981 [pool-497-thread-1] INFO  segmented.SegmentedRaftLogWorker (SegmentedRaftLogWorker.java:<init>(172)) - new 159c7809-d8ec-4cf8-a31c-e2f384cc14d2@group-A589F3DDDADC-SegmentedRaftLogWorker for RaftStorage:Storage Directory /workdir/hadoop-ozone/integration-test/target/test-dir/MiniOzoneClusterImpl-757e75c3-29a2-41d1-adb4-db6d7805a8c7/datanode-0/data/ratis/fb1871a0-1eef-4388-881f-a589f3dddadc
2019-09-25 12:06:01,981 [pool-497-thread-1] INFO  server.RaftServerConfigKeys (ConfUtils.java:logGet(43)) - raft.server.log.queue.byte-limit = 2147483647 (custom)
2019-09-25 12:06:01,981 [pool-497-thread-1] INFO  server.RaftServerConfigKeys (ConfUtils.java:logGet(43)) - raft.server.log.queue.element-limit = 1024 (custom)
2019-09-25 12:06:01,981 [pool-497-thread-1] INFO  server.RaftServerConfigKeys (ConfUtils.java:logGet(43)) - raft.server.log.segment.size.max = 1048576 (custom)
2019-09-25 12:06:01,981 [pool-497-thread-1] INFO  server.RaftServerConfigKeys (ConfUtils.java:logGet(43)) - raft.server.log.preallocated.size = 16384 (custom)
2019-09-25 12:06:01,981 [pool-497-thread-1] INFO  server.RaftServerConfigKeys (ConfUtils.java:logGet(43)) - raft.server.log.write.buffer.size = 33554432 (custom)
2019-09-25 12:06:01,982 [pool-497-thread-1] INFO  server.RaftServerConfigKeys (ConfUtils.java:logGet(43)) - raft.server.log.force.sync.num = 128 (default)
2019-09-25 12:06:01,982 [pool-497-thread-1] INFO  server.RaftServerConfigKeys (ConfUtils.java:logGet(43)) - raft.server.log.statemachine.data.sync = true (default)
2019-09-25 12:06:01,982 [pool-497-thread-1] INFO  server.RaftServerConfigKeys (ConfUtils.java:logGet(43)) - raft.server.log.statemachine.data.sync.timeout = 10s (default)
2019-09-25 12:06:01,982 [pool-497-thread-1] INFO  server.RaftServerConfigKeys (ConfUtils.java:logGet(43)) - raft.server.log.statemachine.data.sync.timeout.retry = -1 (default)
2019-09-25 12:06:01,982 [pool-497-thread-1] INFO  server.RaftServerConfigKeys (ConfUtils.java:logGet(43)) - raft.server.log.statemachine.data.caching.enabled = true (custom)
2019-09-25 12:06:01,982 [pool-497-thread-1] INFO  segmented.SegmentedRaftLogWorker (SegmentedRaftLogWorker.java:lambda$new$0(132)) - 159c7809-d8ec-4cf8-a31c-e2f384cc14d2@group-A589F3DDDADC-SegmentedRaftLogWorker: flushIndex: setUnconditionally 0 -> -1
2019-09-25 12:06:01,983 [pool-497-thread-1] INFO  server.RaftServerConfigKeys (ConfUtils.java:logGet(43)) - raft.server.snapshot.auto.trigger.enabled = true (custom)
2019-09-25 12:06:01,983 [pool-497-thread-1] INFO  server.RaftServerConfigKeys (ConfUtils.java:logGet(43)) - raft.server.snapshot.auto.trigger.threshold = 10000 (custom)
2019-09-25 12:06:01,983 [pool-497-thread-1] INFO  server.RaftServerConfigKeys (ConfUtils.java:logGet(43)) - raft.server.snapshot.retention.num.files = 5 (custom)
2019-09-25 12:06:01,983 [pool-497-thread-1] INFO  server.RaftServerConfigKeys (ConfUtils.java:logGet(43)) - raft.server.retrycache.expirytime = 600000ms (custom)
2019-09-25 12:06:01,985 [pool-497-thread-1] INFO  impl.RaftServerImpl (RaftServerImpl.java:start(185)) - 159c7809-d8ec-4cf8-a31c-e2f384cc14d2@group-A589F3DDDADC: start as a follower, conf=-1: [159c7809-d8ec-4cf8-a31c-e2f384cc14d2:192.168.151.73:46254], old=null
2019-09-25 12:06:01,986 [pool-497-thread-1] INFO  impl.RaftServerImpl (RaftServerImpl.java:setRole(174)) - 159c7809-d8ec-4cf8-a31c-e2f384cc14d2@group-A589F3DDDADC: changes role from      null to FOLLOWER at term 0 for startAsFollower
2019-09-25 12:06:01,986 [pool-497-thread-1] INFO  impl.RoleInfo (RoleInfo.java:updateAndGet(143)) - 159c7809-d8ec-4cf8-a31c-e2f384cc14d2: start FollowerState
2019-09-25 12:06:01,986 [pool-497-thread-1] INFO  util.JmxRegister (JmxRegister.java:tryRegister(44)) - Successfully registered JMX Bean with object name Ratis:service=RaftServer,group=group-A589F3DDDADC,id=159c7809-d8ec-4cf8-a31c-e2f384cc14d2
2019-09-25 12:06:01,988 [RatisPipelineUtilsThread] INFO  pipeline.PipelineStateManager (PipelineStateManager.java:addPipeline(56)) - Created pipeline Pipeline[ Id: fb1871a0-1eef-4388-881f-a589f3dddadc, Nodes: 159c7809-d8ec-4cf8-a31c-e2f384cc14d2{ip: 192.168.151.73, host: pr-hdds-1569-shd4m-3693607622, networkLocation: /default-rack, certSerialId: null}, Type:RATIS, Factor:ONE, State:OPEN]
2019-09-25 12:06:01,991 [grpc-default-executor-1] INFO  impl.RaftServerProxy (RaftServerProxy.java:addNew(89)) - de2e4d40-31b5-4e53-8675-f16775b3ddb7: addNew group-D10484B12F98:[de2e4d40-31b5-4e53-8675-f16775b3ddb7:192.168.151.73:38679] returns group-D10484B12F98:java.util.concurrent.CompletableFuture@da422d7[Not completed]
2019-09-25 12:06:01,992 [pool-507-thread-1] INFO  impl.RaftServerImpl (RaftServerImpl.java:<init>(95)) - de2e4d40-31b5-4e53-8675-f16775b3ddb7: new RaftServerImpl for group-D10484B12F98:[de2e4d40-31b5-4e53-8675-f16775b3ddb7:192.168.151.73:38679] with ContainerStateMachine:uninitialized
2019-09-25 12:06:01,992 [pool-507-thread-1] INFO  server.RaftServerConfigKeys (ConfUtils.java:logGet(43)) - raft.server.rpc.timeout.min = 5s (custom)
2019-09-25 12:06:01,992 [pool-507-thread-1] INFO  server.RaftServerConfigKeys (ConfUtils.java:logGet(43)) - raft.server.rpc.timeout.max = 5200ms (custom)
2019-09-25 12:06:01,993 [pool-507-thread-1] INFO  server.RaftServerConfigKeys (ConfUtils.java:logGet(43)) - raft.server.rpcslowness.timeout = 120s (custom)
2019-09-25 12:06:01,993 [pool-507-thread-1] INFO  server.RaftServerConfigKeys (ConfUtils.java:logGet(43)) - raft.server.sleep.deviation.threshold = 300 (default)
2019-09-25 12:06:01,993 [pool-507-thread-1] INFO  server.RaftServerConfigKeys (ConfUtils.java:logGet(43)) - raft.server.log.appender.install.snapshot.enabled = false (custom)
2019-09-25 12:06:01,993 [pool-507-thread-1] INFO  impl.RaftServerImpl (ServerState.java:<init>(103)) - de2e4d40-31b5-4e53-8675-f16775b3ddb7@group-D10484B12F98: ConfigurationManager, init=-1: [de2e4d40-31b5-4e53-8675-f16775b3ddb7:192.168.151.73:38679], old=null, confs=<EMPTY_MAP>
2019-09-25 12:06:01,993 [pool-507-thread-1] INFO  server.RaftServerConfigKeys (ConfUtils.java:logGet(43)) - raft.server.storage.dir = [/workdir/hadoop-ozone/integration-test/target/test-dir/MiniOzoneClusterImpl-757e75c3-29a2-41d1-adb4-db6d7805a8c7/datanode-1/data/ratis] (custom)
2019-09-25 12:06:01,993 [pool-507-thread-1] INFO  storage.RaftStorageDirectory (RaftStorageDirectory.java:analyzeStorage(246)) - The storage directory /workdir/hadoop-ozone/integration-test/target/test-dir/MiniOzoneClusterImpl-757e75c3-29a2-41d1-adb4-db6d7805a8c7/datanode-1/data/ratis/a9b14e7e-3761-4102-95ac-d10484b12f98 does not exist. Creating ...
2019-09-25 12:06:02,002 [pool-507-thread-1] INFO  storage.RaftStorageDirectory (RaftStorageDirectory.java:tryLock(328)) - Lock on /workdir/hadoop-ozone/integration-test/target/test-dir/MiniOzoneClusterImpl-757e75c3-29a2-41d1-adb4-db6d7805a8c7/datanode-1/data/ratis/a9b14e7e-3761-4102-95ac-d10484b12f98/in_use.lock acquired by nodename 24979@pr-hdds-1569-shd4m-3693607622
2019-09-25 12:06:02,017 [pool-507-thread-1] INFO  storage.RaftStorage (RaftStorage.java:format(72)) - Storage directory /workdir/hadoop-ozone/integration-test/target/test-dir/MiniOzoneClusterImpl-757e75c3-29a2-41d1-adb4-db6d7805a8c7/datanode-1/data/ratis/a9b14e7e-3761-4102-95ac-d10484b12f98 has been successfully formatted.
2019-09-25 12:06:02,017 [pool-507-thread-1] INFO  ratis.ContainerStateMachine (ContainerStateMachine.java:loadSnapshot(230)) - group-D10484B12F98: The snapshot info is null. Setting the last applied indexto:(t:0, i:~)
2019-09-25 12:06:02,018 [pool-507-thread-1] INFO  server.RaftServerConfigKeys (ConfUtils.java:logGet(43)) - raft.server.notification.no-leader.timeout = 120s (custom)
2019-09-25 12:06:02,018 [pool-507-thread-1] INFO  server.RaftServerConfigKeys (ConfUtils.java:logGet(43)) - raft.server.log.use.memory = false (default)
2019-09-25 12:06:02,018 [pool-507-thread-1] INFO  server.RaftServerConfigKeys (ConfUtils.java:logGet(43)) - raft.server.log.purge.gap = 1000000 (custom)
2019-09-25 12:06:02,018 [pool-507-thread-1] INFO  server.RaftServerConfigKeys (ConfUtils.java:logGet(43)) - raft.server.log.appender.buffer.byte-limit = 33554432 (custom)
2019-09-25 12:06:02,018 [pool-507-thread-1] INFO  server.RaftServerConfigKeys (ConfUtils.java:logGet(43)) - raft.server.log.segment.size.max = 1048576 (custom)
2019-09-25 12:06:02,018 [pool-507-thread-1] INFO  server.RaftServerConfigKeys (ConfUtils.java:logGet(43)) - raft.server.log.segment.cache.num.max = 2 (custom)
2019-09-25 12:06:02,019 [pool-507-thread-1] INFO  segmented.SegmentedRaftLogWorker (SegmentedRaftLogWorker.java:<init>(172)) - new de2e4d40-31b5-4e53-8675-f16775b3ddb7@group-D10484B12F98-SegmentedRaftLogWorker for RaftStorage:Storage Directory /workdir/hadoop-ozone/integration-test/target/test-dir/MiniOzoneClusterImpl-757e75c3-29a2-41d1-adb4-db6d7805a8c7/datanode-1/data/ratis/a9b14e7e-3761-4102-95ac-d10484b12f98
2019-09-25 12:06:02,019 [pool-507-thread-1] INFO  server.RaftServerConfigKeys (ConfUtils.java:logGet(43)) - raft.server.log.queue.byte-limit = 2147483647 (custom)
2019-09-25 12:06:02,019 [pool-507-thread-1] INFO  server.RaftServerConfigKeys (ConfUtils.java:logGet(43)) - raft.server.log.queue.element-limit = 1024 (custom)
2019-09-25 12:06:02,019 [pool-507-thread-1] INFO  server.RaftServerConfigKeys (ConfUtils.java:logGet(43)) - raft.server.log.segment.size.max = 1048576 (custom)
2019-09-25 12:06:02,019 [pool-507-thread-1] INFO  server.RaftServerConfigKeys (ConfUtils.java:logGet(43)) - raft.server.log.preallocated.size = 16384 (custom)
2019-09-25 12:06:02,019 [pool-507-thread-1] INFO  server.RaftServerConfigKeys (ConfUtils.java:logGet(43)) - raft.server.log.write.buffer.size = 33554432 (custom)
2019-09-25 12:06:02,019 [pool-507-thread-1] INFO  server.RaftServerConfigKeys (ConfUtils.java:logGet(43)) - raft.server.log.force.sync.num = 128 (default)
2019-09-25 12:06:02,020 [pool-507-thread-1] INFO  server.RaftServerConfigKeys (ConfUtils.java:logGet(43)) - raft.server.log.statemachine.data.sync = true (default)
2019-09-25 12:06:02,020 [pool-507-thread-1] INFO  server.RaftServerConfigKeys (ConfUtils.java:logGet(43)) - raft.server.log.statemachine.data.sync.timeout = 10s (default)
2019-09-25 12:06:02,020 [pool-507-thread-1] INFO  server.RaftServerConfigKeys (ConfUtils.java:logGet(43)) - raft.server.log.statemachine.data.sync.timeout.retry = -1 (default)
2019-09-25 12:06:02,020 [pool-507-thread-1] INFO  server.RaftServerConfigKeys (ConfUtils.java:logGet(43)) - raft.server.log.statemachine.data.caching.enabled = true (custom)
2019-09-25 12:06:02,020 [pool-507-thread-1] INFO  segmented.SegmentedRaftLogWorker (SegmentedRaftLogWorker.java:lambda$new$0(132)) - de2e4d40-31b5-4e53-8675-f16775b3ddb7@group-D10484B12F98-SegmentedRaftLogWorker: flushIndex: setUnconditionally 0 -> -1
2019-09-25 12:06:02,021 [pool-507-thread-1] INFO  server.RaftServerConfigKeys (ConfUtils.java:logGet(43)) - raft.server.snapshot.auto.trigger.enabled = true (custom)
2019-09-25 12:06:02,021 [pool-507-thread-1] INFO  server.RaftServerConfigKeys (ConfUtils.java:logGet(43)) - raft.server.snapshot.auto.trigger.threshold = 10000 (custom)
2019-09-25 12:06:02,021 [pool-507-thread-1] INFO  server.RaftServerConfigKeys (ConfUtils.java:logGet(43)) - raft.server.snapshot.retention.num.files = 5 (custom)
2019-09-25 12:06:02,021 [pool-507-thread-1] INFO  server.RaftServerConfigKeys (ConfUtils.java:logGet(43)) - raft.server.retrycache.expirytime = 600000ms (custom)
2019-09-25 12:06:02,023 [pool-507-thread-1] INFO  impl.RaftServerImpl (RaftServerImpl.java:start(185)) - de2e4d40-31b5-4e53-8675-f16775b3ddb7@group-D10484B12F98: start as a follower, conf=-1: [de2e4d40-31b5-4e53-8675-f16775b3ddb7:192.168.151.73:38679], old=null
2019-09-25 12:06:02,024 [pool-507-thread-1] INFO  impl.RaftServerImpl (RaftServerImpl.java:setRole(174)) - de2e4d40-31b5-4e53-8675-f16775b3ddb7@group-D10484B12F98: changes role from      null to FOLLOWER at term 0 for startAsFollower
2019-09-25 12:06:02,024 [pool-507-thread-1] INFO  impl.RoleInfo (RoleInfo.java:updateAndGet(143)) - de2e4d40-31b5-4e53-8675-f16775b3ddb7: start FollowerState
2019-09-25 12:06:02,024 [pool-507-thread-1] INFO  util.JmxRegister (JmxRegister.java:tryRegister(44)) - Successfully registered JMX Bean with object name Ratis:service=RaftServer,group=group-D10484B12F98,id=de2e4d40-31b5-4e53-8675-f16775b3ddb7
2019-09-25 12:06:02,026 [RatisPipelineUtilsThread] INFO  pipeline.PipelineStateManager (PipelineStateManager.java:addPipeline(56)) - Created pipeline Pipeline[ Id: a9b14e7e-3761-4102-95ac-d10484b12f98, Nodes: de2e4d40-31b5-4e53-8675-f16775b3ddb7{ip: 192.168.151.73, host: pr-hdds-1569-shd4m-3693607622, networkLocation: /default-rack, certSerialId: null}, Type:RATIS, Factor:ONE, State:OPEN]
2019-09-25 12:06:02,029 [grpc-default-executor-1] INFO  impl.RaftServerProxy (RaftServerProxy.java:addNew(89)) - de2e4d40-31b5-4e53-8675-f16775b3ddb7: addNew group-53B5CEC05F10:[de2e4d40-31b5-4e53-8675-f16775b3ddb7:192.168.151.73:38679] returns group-53B5CEC05F10:java.util.concurrent.CompletableFuture@2c4fe0ea[Not completed]
2019-09-25 12:06:02,030 [pool-507-thread-1] INFO  impl.RaftServerImpl (RaftServerImpl.java:<init>(95)) - de2e4d40-31b5-4e53-8675-f16775b3ddb7: new RaftServerImpl for group-53B5CEC05F10:[de2e4d40-31b5-4e53-8675-f16775b3ddb7:192.168.151.73:38679] with ContainerStateMachine:uninitialized
2019-09-25 12:06:02,031 [pool-507-thread-1] INFO  server.RaftServerConfigKeys (ConfUtils.java:logGet(43)) - raft.server.rpc.timeout.min = 5s (custom)
2019-09-25 12:06:02,031 [pool-507-thread-1] INFO  server.RaftServerConfigKeys (ConfUtils.java:logGet(43)) - raft.server.rpc.timeout.max = 5200ms (custom)
2019-09-25 12:06:02,031 [pool-507-thread-1] INFO  server.RaftServerConfigKeys (ConfUtils.java:logGet(43)) - raft.server.rpcslowness.timeout = 120s (custom)
2019-09-25 12:06:02,031 [pool-507-thread-1] INFO  server.RaftServerConfigKeys (ConfUtils.java:logGet(43)) - raft.server.sleep.deviation.threshold = 300 (default)
2019-09-25 12:06:02,031 [pool-507-thread-1] INFO  server.RaftServerConfigKeys (ConfUtils.java:logGet(43)) - raft.server.log.appender.install.snapshot.enabled = false (custom)
2019-09-25 12:06:02,031 [pool-507-thread-1] INFO  impl.RaftServerImpl (ServerState.java:<init>(103)) - de2e4d40-31b5-4e53-8675-f16775b3ddb7@group-53B5CEC05F10: ConfigurationManager, init=-1: [de2e4d40-31b5-4e53-8675-f16775b3ddb7:192.168.151.73:38679], old=null, confs=<EMPTY_MAP>
2019-09-25 12:06:02,031 [pool-507-thread-1] INFO  server.RaftServerConfigKeys (ConfUtils.java:logGet(43)) - raft.server.storage.dir = [/workdir/hadoop-ozone/integration-test/target/test-dir/MiniOzoneClusterImpl-757e75c3-29a2-41d1-adb4-db6d7805a8c7/datanode-1/data/ratis] (custom)
2019-09-25 12:06:02,032 [pool-507-thread-1] INFO  storage.RaftStorageDirectory (RaftStorageDirectory.java:analyzeStorage(246)) - The storage directory /workdir/hadoop-ozone/integration-test/target/test-dir/MiniOzoneClusterImpl-757e75c3-29a2-41d1-adb4-db6d7805a8c7/datanode-1/data/ratis/0f8e071a-6168-4773-a18a-53b5cec05f10 does not exist. Creating ...
2019-09-25 12:06:02,044 [pool-507-thread-1] INFO  storage.RaftStorageDirectory (RaftStorageDirectory.java:tryLock(328)) - Lock on /workdir/hadoop-ozone/integration-test/target/test-dir/MiniOzoneClusterImpl-757e75c3-29a2-41d1-adb4-db6d7805a8c7/datanode-1/data/ratis/0f8e071a-6168-4773-a18a-53b5cec05f10/in_use.lock acquired by nodename 24979@pr-hdds-1569-shd4m-3693607622
2019-09-25 12:06:02,057 [pool-507-thread-1] INFO  storage.RaftStorage (RaftStorage.java:format(72)) - Storage directory /workdir/hadoop-ozone/integration-test/target/test-dir/MiniOzoneClusterImpl-757e75c3-29a2-41d1-adb4-db6d7805a8c7/datanode-1/data/ratis/0f8e071a-6168-4773-a18a-53b5cec05f10 has been successfully formatted.
2019-09-25 12:06:02,057 [pool-507-thread-1] INFO  ratis.ContainerStateMachine (ContainerStateMachine.java:loadSnapshot(230)) - group-53B5CEC05F10: The snapshot info is null. Setting the last applied indexto:(t:0, i:~)
2019-09-25 12:06:02,057 [pool-507-thread-1] INFO  server.RaftServerConfigKeys (ConfUtils.java:logGet(43)) - raft.server.notification.no-leader.timeout = 120s (custom)
2019-09-25 12:06:02,057 [pool-507-thread-1] INFO  server.RaftServerConfigKeys (ConfUtils.java:logGet(43)) - raft.server.log.use.memory = false (default)
2019-09-25 12:06:02,058 [pool-507-thread-1] INFO  server.RaftServerConfigKeys (ConfUtils.java:logGet(43)) - raft.server.log.purge.gap = 1000000 (custom)
2019-09-25 12:06:02,058 [pool-507-thread-1] INFO  server.RaftServerConfigKeys (ConfUtils.java:logGet(43)) - raft.server.log.appender.buffer.byte-limit = 33554432 (custom)
2019-09-25 12:06:02,058 [pool-507-thread-1] INFO  server.RaftServerConfigKeys (ConfUtils.java:logGet(43)) - raft.server.log.segment.size.max = 1048576 (custom)
2019-09-25 12:06:02,058 [pool-507-thread-1] INFO  server.RaftServerConfigKeys (ConfUtils.java:logGet(43)) - raft.server.log.segment.cache.num.max = 2 (custom)
2019-09-25 12:06:02,058 [pool-507-thread-1] INFO  segmented.SegmentedRaftLogWorker (SegmentedRaftLogWorker.java:<init>(172)) - new de2e4d40-31b5-4e53-8675-f16775b3ddb7@group-53B5CEC05F10-SegmentedRaftLogWorker for RaftStorage:Storage Directory /workdir/hadoop-ozone/integration-test/target/test-dir/MiniOzoneClusterImpl-757e75c3-29a2-41d1-adb4-db6d7805a8c7/datanode-1/data/ratis/0f8e071a-6168-4773-a18a-53b5cec05f10
2019-09-25 12:06:02,058 [pool-507-thread-1] INFO  server.RaftServerConfigKeys (ConfUtils.java:logGet(43)) - raft.server.log.queue.byte-limit = 2147483647 (custom)
2019-09-25 12:06:02,058 [pool-507-thread-1] INFO  server.RaftServerConfigKeys (ConfUtils.java:logGet(43)) - raft.server.log.queue.element-limit = 1024 (custom)
2019-09-25 12:06:02,059 [pool-507-thread-1] INFO  server.RaftServerConfigKeys (ConfUtils.java:logGet(43)) - raft.server.log.segment.size.max = 1048576 (custom)
2019-09-25 12:06:02,059 [pool-507-thread-1] INFO  server.RaftServerConfigKeys (ConfUtils.java:logGet(43)) - raft.server.log.preallocated.size = 16384 (custom)
2019-09-25 12:06:02,059 [pool-507-thread-1] INFO  server.RaftServerConfigKeys (ConfUtils.java:logGet(43)) - raft.server.log.write.buffer.size = 33554432 (custom)
2019-09-25 12:06:02,059 [pool-507-thread-1] INFO  server.RaftServerConfigKeys (ConfUtils.java:logGet(43)) - raft.server.log.force.sync.num = 128 (default)
2019-09-25 12:06:02,059 [pool-507-thread-1] INFO  server.RaftServerConfigKeys (ConfUtils.java:logGet(43)) - raft.server.log.statemachine.data.sync = true (default)
2019-09-25 12:06:02,059 [pool-507-thread-1] INFO  server.RaftServerConfigKeys (ConfUtils.java:logGet(43)) - raft.server.log.statemachine.data.sync.timeout = 10s (default)
2019-09-25 12:06:02,059 [pool-507-thread-1] INFO  server.RaftServerConfigKeys (ConfUtils.java:logGet(43)) - raft.server.log.statemachine.data.sync.timeout.retry = -1 (default)
2019-09-25 12:06:02,060 [pool-507-thread-1] INFO  server.RaftServerConfigKeys (ConfUtils.java:logGet(43)) - raft.server.log.statemachine.data.caching.enabled = true (custom)
2019-09-25 12:06:02,060 [pool-507-thread-1] INFO  segmented.SegmentedRaftLogWorker (SegmentedRaftLogWorker.java:lambda$new$0(132)) - de2e4d40-31b5-4e53-8675-f16775b3ddb7@group-53B5CEC05F10-SegmentedRaftLogWorker: flushIndex: setUnconditionally 0 -> -1
2019-09-25 12:06:02,060 [pool-507-thread-1] INFO  server.RaftServerConfigKeys (ConfUtils.java:logGet(43)) - raft.server.snapshot.auto.trigger.enabled = true (custom)
2019-09-25 12:06:02,061 [pool-507-thread-1] INFO  server.RaftServerConfigKeys (ConfUtils.java:logGet(43)) - raft.server.snapshot.auto.trigger.threshold = 10000 (custom)
2019-09-25 12:06:02,061 [pool-507-thread-1] INFO  server.RaftServerConfigKeys (ConfUtils.java:logGet(43)) - raft.server.snapshot.retention.num.files = 5 (custom)
2019-09-25 12:06:02,061 [pool-507-thread-1] INFO  server.RaftServerConfigKeys (ConfUtils.java:logGet(43)) - raft.server.retrycache.expirytime = 600000ms (custom)
2019-09-25 12:06:02,063 [pool-507-thread-1] INFO  impl.RaftServerImpl (RaftServerImpl.java:start(185)) - de2e4d40-31b5-4e53-8675-f16775b3ddb7@group-53B5CEC05F10: start as a follower, conf=-1: [de2e4d40-31b5-4e53-8675-f16775b3ddb7:192.168.151.73:38679], old=null
2019-09-25 12:06:02,064 [pool-507-thread-1] INFO  impl.RaftServerImpl (RaftServerImpl.java:setRole(174)) - de2e4d40-31b5-4e53-8675-f16775b3ddb7@group-53B5CEC05F10: changes role from      null to FOLLOWER at term 0 for startAsFollower
2019-09-25 12:06:02,064 [pool-507-thread-1] INFO  impl.RoleInfo (RoleInfo.java:updateAndGet(143)) - de2e4d40-31b5-4e53-8675-f16775b3ddb7: start FollowerState
2019-09-25 12:06:02,064 [pool-507-thread-1] INFO  util.JmxRegister (JmxRegister.java:tryRegister(44)) - Successfully registered JMX Bean with object name Ratis:service=RaftServer,group=group-53B5CEC05F10,id=de2e4d40-31b5-4e53-8675-f16775b3ddb7
2019-09-25 12:06:02,066 [RatisPipelineUtilsThread] INFO  pipeline.PipelineStateManager (PipelineStateManager.java:addPipeline(56)) - Created pipeline Pipeline[ Id: 0f8e071a-6168-4773-a18a-53b5cec05f10, Nodes: de2e4d40-31b5-4e53-8675-f16775b3ddb7{ip: 192.168.151.73, host: pr-hdds-1569-shd4m-3693607622, networkLocation: /default-rack, certSerialId: null}, Type:RATIS, Factor:ONE, State:OPEN]
2019-09-25 12:06:02,066 [IPC Server handler 2 on 36473] INFO  net.NetworkTopology (NetworkTopologyImpl.java:add(111)) - Added a new node: /default-rack/50493258-76a6-47fc-92c1-a180d5b1121a
2019-09-25 12:06:02,066 [IPC Server handler 2 on 36473] INFO  node.SCMNodeManager (SCMNodeManager.java:register(266)) - Registered Data node : 50493258-76a6-47fc-92c1-a180d5b1121a{ip: 192.168.151.73, host: pr-hdds-1569-shd4m-3693607622, networkLocation: /default-rack, certSerialId: null}
2019-09-25 12:06:02,069 [grpc-default-executor-1] INFO  impl.RaftServerProxy (RaftServerProxy.java:addNew(89)) - 992d69e5-6cba-4869-b94d-c8d2dc420a77: addNew group-E4B4678FB402:[992d69e5-6cba-4869-b94d-c8d2dc420a77:192.168.151.73:40135] returns group-E4B4678FB402:java.util.concurrent.CompletableFuture@5db627e7[Not completed]
2019-09-25 12:06:02,070 [pool-517-thread-1] INFO  impl.RaftServerImpl (RaftServerImpl.java:<init>(95)) - 992d69e5-6cba-4869-b94d-c8d2dc420a77: new RaftServerImpl for group-E4B4678FB402:[992d69e5-6cba-4869-b94d-c8d2dc420a77:192.168.151.73:40135] with ContainerStateMachine:uninitialized
2019-09-25 12:06:02,070 [pool-517-thread-1] INFO  server.RaftServerConfigKeys (ConfUtils.java:logGet(43)) - raft.server.rpc.timeout.min = 5s (custom)
2019-09-25 12:06:02,070 [pool-517-thread-1] INFO  server.RaftServerConfigKeys (ConfUtils.java:logGet(43)) - raft.server.rpc.timeout.max = 5200ms (custom)
2019-09-25 12:06:02,071 [pool-517-thread-1] INFO  server.RaftServerConfigKeys (ConfUtils.java:logGet(43)) - raft.server.rpcslowness.timeout = 120s (custom)
2019-09-25 12:06:02,071 [pool-517-thread-1] INFO  server.RaftServerConfigKeys (ConfUtils.java:logGet(43)) - raft.server.sleep.deviation.threshold = 300 (default)
2019-09-25 12:06:02,071 [pool-517-thread-1] INFO  server.RaftServerConfigKeys (ConfUtils.java:logGet(43)) - raft.server.log.appender.install.snapshot.enabled = false (custom)
2019-09-25 12:06:02,071 [pool-517-thread-1] INFO  impl.RaftServerImpl (ServerState.java:<init>(103)) - 992d69e5-6cba-4869-b94d-c8d2dc420a77@group-E4B4678FB402: ConfigurationManager, init=-1: [992d69e5-6cba-4869-b94d-c8d2dc420a77:192.168.151.73:40135], old=null, confs=<EMPTY_MAP>
2019-09-25 12:06:02,071 [pool-517-thread-1] INFO  server.RaftServerConfigKeys (ConfUtils.java:logGet(43)) - raft.server.storage.dir = [/workdir/hadoop-ozone/integration-test/target/test-dir/MiniOzoneClusterImpl-757e75c3-29a2-41d1-adb4-db6d7805a8c7/datanode-2/data/ratis] (custom)
2019-09-25 12:06:02,072 [pool-517-thread-1] INFO  storage.RaftStorageDirectory (RaftStorageDirectory.java:analyzeStorage(246)) - The storage directory /workdir/hadoop-ozone/integration-test/target/test-dir/MiniOzoneClusterImpl-757e75c3-29a2-41d1-adb4-db6d7805a8c7/datanode-2/data/ratis/c9d61d13-b8c4-466f-929d-e4b4678fb402 does not exist. Creating ...
2019-09-25 12:06:02,084 [pool-517-thread-1] INFO  storage.RaftStorageDirectory (RaftStorageDirectory.java:tryLock(328)) - Lock on /workdir/hadoop-ozone/integration-test/target/test-dir/MiniOzoneClusterImpl-757e75c3-29a2-41d1-adb4-db6d7805a8c7/datanode-2/data/ratis/c9d61d13-b8c4-466f-929d-e4b4678fb402/in_use.lock acquired by nodename 24979@pr-hdds-1569-shd4m-3693607622
2019-09-25 12:06:02,097 [pool-517-thread-1] INFO  storage.RaftStorage (RaftStorage.java:format(72)) - Storage directory /workdir/hadoop-ozone/integration-test/target/test-dir/MiniOzoneClusterImpl-757e75c3-29a2-41d1-adb4-db6d7805a8c7/datanode-2/data/ratis/c9d61d13-b8c4-466f-929d-e4b4678fb402 has been successfully formatted.
2019-09-25 12:06:02,097 [pool-517-thread-1] INFO  ratis.ContainerStateMachine (ContainerStateMachine.java:loadSnapshot(230)) - group-E4B4678FB402: The snapshot info is null. Setting the last applied indexto:(t:0, i:~)
2019-09-25 12:06:02,097 [pool-517-thread-1] INFO  server.RaftServerConfigKeys (ConfUtils.java:logGet(43)) - raft.server.notification.no-leader.timeout = 120s (custom)
2019-09-25 12:06:02,097 [pool-517-thread-1] INFO  server.RaftServerConfigKeys (ConfUtils.java:logGet(43)) - raft.server.log.use.memory = false (default)
2019-09-25 12:06:02,097 [pool-517-thread-1] INFO  server.RaftServerConfigKeys (ConfUtils.java:logGet(43)) - raft.server.log.purge.gap = 1000000 (custom)
2019-09-25 12:06:02,097 [pool-517-thread-1] INFO  server.RaftServerConfigKeys (ConfUtils.java:logGet(43)) - raft.server.log.appender.buffer.byte-limit = 33554432 (custom)
2019-09-25 12:06:02,097 [pool-517-thread-1] INFO  server.RaftServerConfigKeys (ConfUtils.java:logGet(43)) - raft.server.log.segment.size.max = 1048576 (custom)
2019-09-25 12:06:02,098 [pool-517-thread-1] INFO  server.RaftServerConfigKeys (ConfUtils.java:logGet(43)) - raft.server.log.segment.cache.num.max = 2 (custom)
2019-09-25 12:06:02,098 [pool-517-thread-1] INFO  segmented.SegmentedRaftLogWorker (SegmentedRaftLogWorker.java:<init>(172)) - new 992d69e5-6cba-4869-b94d-c8d2dc420a77@group-E4B4678FB402-SegmentedRaftLogWorker for RaftStorage:Storage Directory /workdir/hadoop-ozone/integration-test/target/test-dir/MiniOzoneClusterImpl-757e75c3-29a2-41d1-adb4-db6d7805a8c7/datanode-2/data/ratis/c9d61d13-b8c4-466f-929d-e4b4678fb402
2019-09-25 12:06:02,098 [pool-517-thread-1] INFO  server.RaftServerConfigKeys (ConfUtils.java:logGet(43)) - raft.server.log.queue.byte-limit = 2147483647 (custom)
2019-09-25 12:06:02,098 [pool-517-thread-1] INFO  server.RaftServerConfigKeys (ConfUtils.java:logGet(43)) - raft.server.log.queue.element-limit = 1024 (custom)
2019-09-25 12:06:02,098 [pool-517-thread-1] INFO  server.RaftServerConfigKeys (ConfUtils.java:logGet(43)) - raft.server.log.segment.size.max = 1048576 (custom)
2019-09-25 12:06:02,098 [pool-517-thread-1] INFO  server.RaftServerConfigKeys (ConfUtils.java:logGet(43)) - raft.server.log.preallocated.size = 16384 (custom)
2019-09-25 12:06:02,098 [pool-517-thread-1] INFO  server.RaftServerConfigKeys (ConfUtils.java:logGet(43)) - raft.server.log.write.buffer.size = 33554432 (custom)
2019-09-25 12:06:02,099 [pool-517-thread-1] INFO  server.RaftServerConfigKeys (ConfUtils.java:logGet(43)) - raft.server.log.force.sync.num = 128 (default)
2019-09-25 12:06:02,099 [pool-517-thread-1] INFO  server.RaftServerConfigKeys (ConfUtils.java:logGet(43)) - raft.server.log.statemachine.data.sync = true (default)
2019-09-25 12:06:02,099 [pool-517-thread-1] INFO  server.RaftServerConfigKeys (ConfUtils.java:logGet(43)) - raft.server.log.statemachine.data.sync.timeout = 10s (default)
2019-09-25 12:06:02,099 [pool-517-thread-1] INFO  server.RaftServerConfigKeys (ConfUtils.java:logGet(43)) - raft.server.log.statemachine.data.sync.timeout.retry = -1 (default)
2019-09-25 12:06:02,099 [pool-517-thread-1] INFO  server.RaftServerConfigKeys (ConfUtils.java:logGet(43)) - raft.server.log.statemachine.data.caching.enabled = true (custom)
2019-09-25 12:06:02,099 [pool-517-thread-1] INFO  segmented.SegmentedRaftLogWorker (SegmentedRaftLogWorker.java:lambda$new$0(132)) - 992d69e5-6cba-4869-b94d-c8d2dc420a77@group-E4B4678FB402-SegmentedRaftLogWorker: flushIndex: setUnconditionally 0 -> -1
2019-09-25 12:06:02,100 [pool-517-thread-1] INFO  server.RaftServerConfigKeys (ConfUtils.java:logGet(43)) - raft.server.snapshot.auto.trigger.enabled = true (custom)
2019-09-25 12:06:02,100 [pool-517-thread-1] INFO  server.RaftServerConfigKeys (ConfUtils.java:logGet(43)) - raft.server.snapshot.auto.trigger.threshold = 10000 (custom)
2019-09-25 12:06:02,100 [pool-517-thread-1] INFO  server.RaftServerConfigKeys (ConfUtils.java:logGet(43)) - raft.server.snapshot.retention.num.files = 5 (custom)
2019-09-25 12:06:02,100 [pool-517-thread-1] INFO  server.RaftServerConfigKeys (ConfUtils.java:logGet(43)) - raft.server.retrycache.expirytime = 600000ms (custom)
2019-09-25 12:06:02,102 [pool-517-thread-1] INFO  impl.RaftServerImpl (RaftServerImpl.java:start(185)) - 992d69e5-6cba-4869-b94d-c8d2dc420a77@group-E4B4678FB402: start as a follower, conf=-1: [992d69e5-6cba-4869-b94d-c8d2dc420a77:192.168.151.73:40135], old=null
2019-09-25 12:06:02,102 [pool-517-thread-1] INFO  impl.RaftServerImpl (RaftServerImpl.java:setRole(174)) - 992d69e5-6cba-4869-b94d-c8d2dc420a77@group-E4B4678FB402: changes role from      null to FOLLOWER at term 0 for startAsFollower
2019-09-25 12:06:02,102 [pool-517-thread-1] INFO  impl.RoleInfo (RoleInfo.java:updateAndGet(143)) - 992d69e5-6cba-4869-b94d-c8d2dc420a77: start FollowerState
2019-09-25 12:06:02,103 [pool-517-thread-1] INFO  util.JmxRegister (JmxRegister.java:tryRegister(44)) - Successfully registered JMX Bean with object name Ratis:service=RaftServer,group=group-E4B4678FB402,id=992d69e5-6cba-4869-b94d-c8d2dc420a77
2019-09-25 12:06:02,105 [RatisPipelineUtilsThread] INFO  pipeline.PipelineStateManager (PipelineStateManager.java:addPipeline(56)) - Created pipeline Pipeline[ Id: c9d61d13-b8c4-466f-929d-e4b4678fb402, Nodes: 992d69e5-6cba-4869-b94d-c8d2dc420a77{ip: 192.168.151.73, host: pr-hdds-1569-shd4m-3693607622, networkLocation: /default-rack, certSerialId: null}, Type:RATIS, Factor:ONE, State:OPEN]
2019-09-25 12:06:02,108 [grpc-default-executor-1] INFO  impl.RaftServerProxy (RaftServerProxy.java:addNew(89)) - 159c7809-d8ec-4cf8-a31c-e2f384cc14d2: addNew group-A74500E63B31:[159c7809-d8ec-4cf8-a31c-e2f384cc14d2:192.168.151.73:46254] returns group-A74500E63B31:java.util.concurrent.CompletableFuture@15379e[Not completed]
2019-09-25 12:06:02,109 [pool-497-thread-1] INFO  impl.RaftServerImpl (RaftServerImpl.java:<init>(95)) - 159c7809-d8ec-4cf8-a31c-e2f384cc14d2: new RaftServerImpl for group-A74500E63B31:[159c7809-d8ec-4cf8-a31c-e2f384cc14d2:192.168.151.73:46254] with ContainerStateMachine:uninitialized
2019-09-25 12:06:02,109 [pool-497-thread-1] INFO  server.RaftServerConfigKeys (ConfUtils.java:logGet(43)) - raft.server.rpc.timeout.min = 5s (custom)
2019-09-25 12:06:02,109 [pool-497-thread-1] INFO  server.RaftServerConfigKeys (ConfUtils.java:logGet(43)) - raft.server.rpc.timeout.max = 5200ms (custom)
2019-09-25 12:06:02,109 [pool-497-thread-1] INFO  server.RaftServerConfigKeys (ConfUtils.java:logGet(43)) - raft.server.rpcslowness.timeout = 120s (custom)
2019-09-25 12:06:02,109 [pool-497-thread-1] INFO  server.RaftServerConfigKeys (ConfUtils.java:logGet(43)) - raft.server.sleep.deviation.threshold = 300 (default)
2019-09-25 12:06:02,110 [pool-497-thread-1] INFO  server.RaftServerConfigKeys (ConfUtils.java:logGet(43)) - raft.server.log.appender.install.snapshot.enabled = false (custom)
2019-09-25 12:06:02,110 [pool-497-thread-1] INFO  impl.RaftServerImpl (ServerState.java:<init>(103)) - 159c7809-d8ec-4cf8-a31c-e2f384cc14d2@group-A74500E63B31: ConfigurationManager, init=-1: [159c7809-d8ec-4cf8-a31c-e2f384cc14d2:192.168.151.73:46254], old=null, confs=<EMPTY_MAP>
2019-09-25 12:06:02,110 [pool-497-thread-1] INFO  server.RaftServerConfigKeys (ConfUtils.java:logGet(43)) - raft.server.storage.dir = [/workdir/hadoop-ozone/integration-test/target/test-dir/MiniOzoneClusterImpl-757e75c3-29a2-41d1-adb4-db6d7805a8c7/datanode-0/data/ratis] (custom)
2019-09-25 12:06:02,110 [pool-497-thread-1] INFO  storage.RaftStorageDirectory (RaftStorageDirectory.java:analyzeStorage(246)) - The storage directory /workdir/hadoop-ozone/integration-test/target/test-dir/MiniOzoneClusterImpl-757e75c3-29a2-41d1-adb4-db6d7805a8c7/datanode-0/data/ratis/61734bce-cac1-4369-ae4d-a74500e63b31 does not exist. Creating ...
2019-09-25 12:06:02,123 [pool-497-thread-1] INFO  storage.RaftStorageDirectory (RaftStorageDirectory.java:tryLock(328)) - Lock on /workdir/hadoop-ozone/integration-test/target/test-dir/MiniOzoneClusterImpl-757e75c3-29a2-41d1-adb4-db6d7805a8c7/datanode-0/data/ratis/61734bce-cac1-4369-ae4d-a74500e63b31/in_use.lock acquired by nodename 24979@pr-hdds-1569-shd4m-3693607622
2019-09-25 12:06:02,136 [pool-497-thread-1] INFO  storage.RaftStorage (RaftStorage.java:format(72)) - Storage directory /workdir/hadoop-ozone/integration-test/target/test-dir/MiniOzoneClusterImpl-757e75c3-29a2-41d1-adb4-db6d7805a8c7/datanode-0/data/ratis/61734bce-cac1-4369-ae4d-a74500e63b31 has been successfully formatted.
2019-09-25 12:06:02,136 [pool-497-thread-1] INFO  ratis.ContainerStateMachine (ContainerStateMachine.java:loadSnapshot(230)) - group-A74500E63B31: The snapshot info is null. Setting the last applied indexto:(t:0, i:~)
2019-09-25 12:06:02,136 [pool-497-thread-1] INFO  server.RaftServerConfigKeys (ConfUtils.java:logGet(43)) - raft.server.notification.no-leader.timeout = 120s (custom)
2019-09-25 12:06:02,136 [pool-497-thread-1] INFO  server.RaftServerConfigKeys (ConfUtils.java:logGet(43)) - raft.server.log.use.memory = false (default)
2019-09-25 12:06:02,136 [pool-497-thread-1] INFO  server.RaftServerConfigKeys (ConfUtils.java:logGet(43)) - raft.server.log.purge.gap = 1000000 (custom)
2019-09-25 12:06:02,137 [pool-497-thread-1] INFO  server.RaftServerConfigKeys (ConfUtils.java:logGet(43)) - raft.server.log.appender.buffer.byte-limit = 33554432 (custom)
2019-09-25 12:06:02,137 [pool-497-thread-1] INFO  server.RaftServerConfigKeys (ConfUtils.java:logGet(43)) - raft.server.log.segment.size.max = 1048576 (custom)
2019-09-25 12:06:02,137 [pool-497-thread-1] INFO  server.RaftServerConfigKeys (ConfUtils.java:logGet(43)) - raft.server.log.segment.cache.num.max = 2 (custom)
2019-09-25 12:06:02,137 [pool-497-thread-1] INFO  segmented.SegmentedRaftLogWorker (SegmentedRaftLogWorker.java:<init>(172)) - new 159c7809-d8ec-4cf8-a31c-e2f384cc14d2@group-A74500E63B31-SegmentedRaftLogWorker for RaftStorage:Storage Directory /workdir/hadoop-ozone/integration-test/target/test-dir/MiniOzoneClusterImpl-757e75c3-29a2-41d1-adb4-db6d7805a8c7/datanode-0/data/ratis/61734bce-cac1-4369-ae4d-a74500e63b31
2019-09-25 12:06:02,137 [pool-497-thread-1] INFO  server.RaftServerConfigKeys (ConfUtils.java:logGet(43)) - raft.server.log.queue.byte-limit = 2147483647 (custom)
2019-09-25 12:06:02,137 [pool-497-thread-1] INFO  server.RaftServerConfigKeys (ConfUtils.java:logGet(43)) - raft.server.log.queue.element-limit = 1024 (custom)
2019-09-25 12:06:02,138 [pool-497-thread-1] INFO  server.RaftServerConfigKeys (ConfUtils.java:logGet(43)) - raft.server.log.segment.size.max = 1048576 (custom)
2019-09-25 12:06:02,138 [pool-497-thread-1] INFO  server.RaftServerConfigKeys (ConfUtils.java:logGet(43)) - raft.server.log.preallocated.size = 16384 (custom)
2019-09-25 12:06:02,138 [pool-497-thread-1] INFO  server.RaftServerConfigKeys (ConfUtils.java:logGet(43)) - raft.server.log.write.buffer.size = 33554432 (custom)
2019-09-25 12:06:02,138 [pool-497-thread-1] INFO  server.RaftServerConfigKeys (ConfUtils.java:logGet(43)) - raft.server.log.force.sync.num = 128 (default)
2019-09-25 12:06:02,138 [pool-497-thread-1] INFO  server.RaftServerConfigKeys (ConfUtils.java:logGet(43)) - raft.server.log.statemachine.data.sync = true (default)
2019-09-25 12:06:02,138 [pool-497-thread-1] INFO  server.RaftServerConfigKeys (ConfUtils.java:logGet(43)) - raft.server.log.statemachine.data.sync.timeout = 10s (default)
2019-09-25 12:06:02,138 [pool-497-thread-1] INFO  server.RaftServerConfigKeys (ConfUtils.java:logGet(43)) - raft.server.log.statemachine.data.sync.timeout.retry = -1 (default)
2019-09-25 12:06:02,139 [pool-497-thread-1] INFO  server.RaftServerConfigKeys (ConfUtils.java:logGet(43)) - raft.server.log.statemachine.data.caching.enabled = true (custom)
2019-09-25 12:06:02,139 [pool-497-thread-1] INFO  segmented.SegmentedRaftLogWorker (SegmentedRaftLogWorker.java:lambda$new$0(132)) - 159c7809-d8ec-4cf8-a31c-e2f384cc14d2@group-A74500E63B31-SegmentedRaftLogWorker: flushIndex: setUnconditionally 0 -> -1
2019-09-25 12:06:02,139 [pool-497-thread-1] INFO  server.RaftServerConfigKeys (ConfUtils.java:logGet(43)) - raft.server.snapshot.auto.trigger.enabled = true (custom)
2019-09-25 12:06:02,139 [pool-497-thread-1] INFO  server.RaftServerConfigKeys (ConfUtils.java:logGet(43)) - raft.server.snapshot.auto.trigger.threshold = 10000 (custom)
2019-09-25 12:06:02,139 [pool-497-thread-1] INFO  server.RaftServerConfigKeys (ConfUtils.java:logGet(43)) - raft.server.snapshot.retention.num.files = 5 (custom)
2019-09-25 12:06:02,140 [pool-497-thread-1] INFO  server.RaftServerConfigKeys (ConfUtils.java:logGet(43)) - raft.server.retrycache.expirytime = 600000ms (custom)
2019-09-25 12:06:02,142 [pool-497-thread-1] INFO  impl.RaftServerImpl (RaftServerImpl.java:start(185)) - 159c7809-d8ec-4cf8-a31c-e2f384cc14d2@group-A74500E63B31: start as a follower, conf=-1: [159c7809-d8ec-4cf8-a31c-e2f384cc14d2:192.168.151.73:46254], old=null
2019-09-25 12:06:02,142 [pool-497-thread-1] INFO  impl.RaftServerImpl (RaftServerImpl.java:setRole(174)) - 159c7809-d8ec-4cf8-a31c-e2f384cc14d2@group-A74500E63B31: changes role from      null to FOLLOWER at term 0 for startAsFollower
2019-09-25 12:06:02,142 [pool-497-thread-1] INFO  impl.RoleInfo (RoleInfo.java:updateAndGet(143)) - 159c7809-d8ec-4cf8-a31c-e2f384cc14d2: start FollowerState
2019-09-25 12:06:02,142 [main] INFO  ozone.MiniOzoneClusterImpl (MiniOzoneClusterImpl.java:lambda$waitForClusterToBeReady$0(147)) - Waiting for cluster to be ready. Got 6 of 7 DN Heartbeats.
2019-09-25 12:06:02,142 [pool-497-thread-1] INFO  util.JmxRegister (JmxRegister.java:tryRegister(44)) - Successfully registered JMX Bean with object name Ratis:service=RaftServer,group=group-A74500E63B31,id=159c7809-d8ec-4cf8-a31c-e2f384cc14d2
2019-09-25 12:06:02,143 [IPC Server handler 3 on 36473] INFO  net.NetworkTopology (NetworkTopologyImpl.java:add(111)) - Added a new node: /default-rack/2594d298-a87d-48a4-bedb-7d37d8f76d4c
2019-09-25 12:06:02,143 [IPC Server handler 3 on 36473] INFO  node.SCMNodeManager (SCMNodeManager.java:register(266)) - Registered Data node : 2594d298-a87d-48a4-bedb-7d37d8f76d4c{ip: 192.168.151.73, host: pr-hdds-1569-shd4m-3693607622, networkLocation: /default-rack, certSerialId: null}
2019-09-25 12:06:02,145 [RatisPipelineUtilsThread] INFO  pipeline.PipelineStateManager (PipelineStateManager.java:addPipeline(56)) - Created pipeline Pipeline[ Id: 61734bce-cac1-4369-ae4d-a74500e63b31, Nodes: 159c7809-d8ec-4cf8-a31c-e2f384cc14d2{ip: 192.168.151.73, host: pr-hdds-1569-shd4m-3693607622, networkLocation: /default-rack, certSerialId: null}, Type:RATIS, Factor:ONE, State:OPEN]
2019-09-25 12:06:02,145 [RatisPipelineUtilsThread] INFO  pipeline.PipelinePlacementPolicy (PipelinePlacementPolicy.java:meetCriteria(91)) - Pipeline Placement: can't place more pipeline on heavy datanode： 159c7809-d8ec-4cf8-a31c-e2f384cc14d2 Heaviness: 6 limit: 5
2019-09-25 12:06:02,148 [grpc-default-executor-1] INFO  impl.RaftServerProxy (RaftServerProxy.java:addNew(89)) - de2e4d40-31b5-4e53-8675-f16775b3ddb7: addNew group-D20A09E9E1E1:[de2e4d40-31b5-4e53-8675-f16775b3ddb7:192.168.151.73:38679] returns group-D20A09E9E1E1:java.util.concurrent.CompletableFuture@5d65fab2[Not completed]
2019-09-25 12:06:02,149 [pool-507-thread-1] INFO  impl.RaftServerImpl (RaftServerImpl.java:<init>(95)) - de2e4d40-31b5-4e53-8675-f16775b3ddb7: new RaftServerImpl for group-D20A09E9E1E1:[de2e4d40-31b5-4e53-8675-f16775b3ddb7:192.168.151.73:38679] with ContainerStateMachine:uninitialized
2019-09-25 12:06:02,149 [pool-507-thread-1] INFO  server.RaftServerConfigKeys (ConfUtils.java:logGet(43)) - raft.server.rpc.timeout.min = 5s (custom)
2019-09-25 12:06:02,149 [pool-507-thread-1] INFO  server.RaftServerConfigKeys (ConfUtils.java:logGet(43)) - raft.server.rpc.timeout.max = 5200ms (custom)
2019-09-25 12:06:02,150 [pool-507-thread-1] INFO  server.RaftServerConfigKeys (ConfUtils.java:logGet(43)) - raft.server.rpcslowness.timeout = 120s (custom)
2019-09-25 12:06:02,150 [pool-507-thread-1] INFO  server.RaftServerConfigKeys (ConfUtils.java:logGet(43)) - raft.server.sleep.deviation.threshold = 300 (default)
2019-09-25 12:06:02,150 [pool-507-thread-1] INFO  server.RaftServerConfigKeys (ConfUtils.java:logGet(43)) - raft.server.log.appender.install.snapshot.enabled = false (custom)
2019-09-25 12:06:02,150 [pool-507-thread-1] INFO  impl.RaftServerImpl (ServerState.java:<init>(103)) - de2e4d40-31b5-4e53-8675-f16775b3ddb7@group-D20A09E9E1E1: ConfigurationManager, init=-1: [de2e4d40-31b5-4e53-8675-f16775b3ddb7:192.168.151.73:38679], old=null, confs=<EMPTY_MAP>
2019-09-25 12:06:02,150 [pool-507-thread-1] INFO  server.RaftServerConfigKeys (ConfUtils.java:logGet(43)) - raft.server.storage.dir = [/workdir/hadoop-ozone/integration-test/target/test-dir/MiniOzoneClusterImpl-757e75c3-29a2-41d1-adb4-db6d7805a8c7/datanode-1/data/ratis] (custom)
2019-09-25 12:06:02,151 [pool-507-thread-1] INFO  storage.RaftStorageDirectory (RaftStorageDirectory.java:analyzeStorage(246)) - The storage directory /workdir/hadoop-ozone/integration-test/target/test-dir/MiniOzoneClusterImpl-757e75c3-29a2-41d1-adb4-db6d7805a8c7/datanode-1/data/ratis/2e387404-9032-4672-91cf-d20a09e9e1e1 does not exist. Creating ...
2019-09-25 12:06:02,163 [pool-507-thread-1] INFO  storage.RaftStorageDirectory (RaftStorageDirectory.java:tryLock(328)) - Lock on /workdir/hadoop-ozone/integration-test/target/test-dir/MiniOzoneClusterImpl-757e75c3-29a2-41d1-adb4-db6d7805a8c7/datanode-1/data/ratis/2e387404-9032-4672-91cf-d20a09e9e1e1/in_use.lock acquired by nodename 24979@pr-hdds-1569-shd4m-3693607622
2019-09-25 12:06:02,176 [pool-507-thread-1] INFO  storage.RaftStorage (RaftStorage.java:format(72)) - Storage directory /workdir/hadoop-ozone/integration-test/target/test-dir/MiniOzoneClusterImpl-757e75c3-29a2-41d1-adb4-db6d7805a8c7/datanode-1/data/ratis/2e387404-9032-4672-91cf-d20a09e9e1e1 has been successfully formatted.
2019-09-25 12:06:02,176 [pool-507-thread-1] INFO  ratis.ContainerStateMachine (ContainerStateMachine.java:loadSnapshot(230)) - group-D20A09E9E1E1: The snapshot info is null. Setting the last applied indexto:(t:0, i:~)
2019-09-25 12:06:02,177 [pool-507-thread-1] INFO  server.RaftServerConfigKeys (ConfUtils.java:logGet(43)) - raft.server.notification.no-leader.timeout = 120s (custom)
2019-09-25 12:06:02,177 [pool-507-thread-1] INFO  server.RaftServerConfigKeys (ConfUtils.java:logGet(43)) - raft.server.log.use.memory = false (default)
2019-09-25 12:06:02,177 [pool-507-thread-1] INFO  server.RaftServerConfigKeys (ConfUtils.java:logGet(43)) - raft.server.log.purge.gap = 1000000 (custom)
2019-09-25 12:06:02,177 [pool-507-thread-1] INFO  server.RaftServerConfigKeys (ConfUtils.java:logGet(43)) - raft.server.log.appender.buffer.byte-limit = 33554432 (custom)
2019-09-25 12:06:02,177 [pool-507-thread-1] INFO  server.RaftServerConfigKeys (ConfUtils.java:logGet(43)) - raft.server.log.segment.size.max = 1048576 (custom)
2019-09-25 12:06:02,177 [pool-507-thread-1] INFO  server.RaftServerConfigKeys (ConfUtils.java:logGet(43)) - raft.server.log.segment.cache.num.max = 2 (custom)
2019-09-25 12:06:02,177 [pool-507-thread-1] INFO  segmented.SegmentedRaftLogWorker (SegmentedRaftLogWorker.java:<init>(172)) - new de2e4d40-31b5-4e53-8675-f16775b3ddb7@group-D20A09E9E1E1-SegmentedRaftLogWorker for RaftStorage:Storage Directory /workdir/hadoop-ozone/integration-test/target/test-dir/MiniOzoneClusterImpl-757e75c3-29a2-41d1-adb4-db6d7805a8c7/datanode-1/data/ratis/2e387404-9032-4672-91cf-d20a09e9e1e1
2019-09-25 12:06:02,178 [pool-507-thread-1] INFO  server.RaftServerConfigKeys (ConfUtils.java:logGet(43)) - raft.server.log.queue.byte-limit = 2147483647 (custom)
2019-09-25 12:06:02,178 [pool-507-thread-1] INFO  server.RaftServerConfigKeys (ConfUtils.java:logGet(43)) - raft.server.log.queue.element-limit = 1024 (custom)
2019-09-25 12:06:02,178 [pool-507-thread-1] INFO  server.RaftServerConfigKeys (ConfUtils.java:logGet(43)) - raft.server.log.segment.size.max = 1048576 (custom)
2019-09-25 12:06:02,178 [pool-507-thread-1] INFO  server.RaftServerConfigKeys (ConfUtils.java:logGet(43)) - raft.server.log.preallocated.size = 16384 (custom)
2019-09-25 12:06:02,178 [pool-507-thread-1] INFO  server.RaftServerConfigKeys (ConfUtils.java:logGet(43)) - raft.server.log.write.buffer.size = 33554432 (custom)
2019-09-25 12:06:02,178 [pool-507-thread-1] INFO  server.RaftServerConfigKeys (ConfUtils.java:logGet(43)) - raft.server.log.force.sync.num = 128 (default)
2019-09-25 12:06:02,178 [pool-507-thread-1] INFO  server.RaftServerConfigKeys (ConfUtils.java:logGet(43)) - raft.server.log.statemachine.data.sync = true (default)
2019-09-25 12:06:02,179 [pool-507-thread-1] INFO  server.RaftServerConfigKeys (ConfUtils.java:logGet(43)) - raft.server.log.statemachine.data.sync.timeout = 10s (default)
2019-09-25 12:06:02,179 [pool-507-thread-1] INFO  server.RaftServerConfigKeys (ConfUtils.java:logGet(43)) - raft.server.log.statemachine.data.sync.timeout.retry = -1 (default)
2019-09-25 12:06:02,179 [pool-507-thread-1] INFO  server.RaftServerConfigKeys (ConfUtils.java:logGet(43)) - raft.server.log.statemachine.data.caching.enabled = true (custom)
2019-09-25 12:06:02,179 [pool-507-thread-1] INFO  segmented.SegmentedRaftLogWorker (SegmentedRaftLogWorker.java:lambda$new$0(132)) - de2e4d40-31b5-4e53-8675-f16775b3ddb7@group-D20A09E9E1E1-SegmentedRaftLogWorker: flushIndex: setUnconditionally 0 -> -1
2019-09-25 12:06:02,180 [pool-507-thread-1] INFO  server.RaftServerConfigKeys (ConfUtils.java:logGet(43)) - raft.server.snapshot.auto.trigger.enabled = true (custom)
2019-09-25 12:06:02,180 [pool-507-thread-1] INFO  server.RaftServerConfigKeys (ConfUtils.java:logGet(43)) - raft.server.snapshot.auto.trigger.threshold = 10000 (custom)
2019-09-25 12:06:02,180 [pool-507-thread-1] INFO  server.RaftServerConfigKeys (ConfUtils.java:logGet(43)) - raft.server.snapshot.retention.num.files = 5 (custom)
2019-09-25 12:06:02,180 [pool-507-thread-1] INFO  server.RaftServerConfigKeys (ConfUtils.java:logGet(43)) - raft.server.retrycache.expirytime = 600000ms (custom)
2019-09-25 12:06:02,182 [pool-507-thread-1] INFO  impl.RaftServerImpl (RaftServerImpl.java:start(185)) - de2e4d40-31b5-4e53-8675-f16775b3ddb7@group-D20A09E9E1E1: start as a follower, conf=-1: [de2e4d40-31b5-4e53-8675-f16775b3ddb7:192.168.151.73:38679], old=null
2019-09-25 12:06:02,183 [pool-507-thread-1] INFO  impl.RaftServerImpl (RaftServerImpl.java:setRole(174)) - de2e4d40-31b5-4e53-8675-f16775b3ddb7@group-D20A09E9E1E1: changes role from      null to FOLLOWER at term 0 for startAsFollower
2019-09-25 12:06:02,183 [pool-507-thread-1] INFO  impl.RoleInfo (RoleInfo.java:updateAndGet(143)) - de2e4d40-31b5-4e53-8675-f16775b3ddb7: start FollowerState
2019-09-25 12:06:02,183 [pool-507-thread-1] INFO  util.JmxRegister (JmxRegister.java:tryRegister(44)) - Successfully registered JMX Bean with object name Ratis:service=RaftServer,group=group-D20A09E9E1E1,id=de2e4d40-31b5-4e53-8675-f16775b3ddb7
2019-09-25 12:06:02,185 [RatisPipelineUtilsThread] INFO  pipeline.PipelineStateManager (PipelineStateManager.java:addPipeline(56)) - Created pipeline Pipeline[ Id: 2e387404-9032-4672-91cf-d20a09e9e1e1, Nodes: de2e4d40-31b5-4e53-8675-f16775b3ddb7{ip: 192.168.151.73, host: pr-hdds-1569-shd4m-3693607622, networkLocation: /default-rack, certSerialId: null}, Type:RATIS, Factor:ONE, State:OPEN]
2019-09-25 12:06:02,186 [RatisPipelineUtilsThread] INFO  pipeline.PipelinePlacementPolicy (PipelinePlacementPolicy.java:meetCriteria(91)) - Pipeline Placement: can't place more pipeline on heavy datanode： 159c7809-d8ec-4cf8-a31c-e2f384cc14d2 Heaviness: 6 limit: 5
2019-09-25 12:06:02,189 [grpc-default-executor-1] INFO  impl.RaftServerProxy (RaftServerProxy.java:addNew(89)) - 2bd0627d-72ad-45ef-ab03-a55c09ad6c3a: addNew group-F5FDC0374C07:[2bd0627d-72ad-45ef-ab03-a55c09ad6c3a:192.168.151.73:33385] returns group-F5FDC0374C07:java.util.concurrent.CompletableFuture@63823d6f[Not completed]
2019-09-25 12:06:02,190 [pool-527-thread-1] INFO  impl.RaftServerImpl (RaftServerImpl.java:<init>(95)) - 2bd0627d-72ad-45ef-ab03-a55c09ad6c3a: new RaftServerImpl for group-F5FDC0374C07:[2bd0627d-72ad-45ef-ab03-a55c09ad6c3a:192.168.151.73:33385] with ContainerStateMachine:uninitialized
2019-09-25 12:06:02,190 [pool-527-thread-1] INFO  server.RaftServerConfigKeys (ConfUtils.java:logGet(43)) - raft.server.rpc.timeout.min = 5s (custom)
2019-09-25 12:06:02,191 [pool-527-thread-1] INFO  server.RaftServerConfigKeys (ConfUtils.java:logGet(43)) - raft.server.rpc.timeout.max = 5200ms (custom)
2019-09-25 12:06:02,191 [pool-527-thread-1] INFO  server.RaftServerConfigKeys (ConfUtils.java:logGet(43)) - raft.server.rpcslowness.timeout = 120s (custom)
2019-09-25 12:06:02,191 [pool-527-thread-1] INFO  server.RaftServerConfigKeys (ConfUtils.java:logGet(43)) - raft.server.sleep.deviation.threshold = 300 (default)
2019-09-25 12:06:02,191 [pool-527-thread-1] INFO  server.RaftServerConfigKeys (ConfUtils.java:logGet(43)) - raft.server.log.appender.install.snapshot.enabled = false (custom)
2019-09-25 12:06:02,191 [pool-527-thread-1] INFO  impl.RaftServerImpl (ServerState.java:<init>(103)) - 2bd0627d-72ad-45ef-ab03-a55c09ad6c3a@group-F5FDC0374C07: ConfigurationManager, init=-1: [2bd0627d-72ad-45ef-ab03-a55c09ad6c3a:192.168.151.73:33385], old=null, confs=<EMPTY_MAP>
2019-09-25 12:06:02,191 [pool-527-thread-1] INFO  server.RaftServerConfigKeys (ConfUtils.java:logGet(43)) - raft.server.storage.dir = [/workdir/hadoop-ozone/integration-test/target/test-dir/MiniOzoneClusterImpl-757e75c3-29a2-41d1-adb4-db6d7805a8c7/datanode-3/data/ratis] (custom)
2019-09-25 12:06:02,192 [pool-527-thread-1] INFO  storage.RaftStorageDirectory (RaftStorageDirectory.java:analyzeStorage(246)) - The storage directory /workdir/hadoop-ozone/integration-test/target/test-dir/MiniOzoneClusterImpl-757e75c3-29a2-41d1-adb4-db6d7805a8c7/datanode-3/data/ratis/899de903-8f25-4fd3-8a1c-f5fdc0374c07 does not exist. Creating ...
2019-09-25 12:06:02,206 [pool-527-thread-1] INFO  storage.RaftStorageDirectory (RaftStorageDirectory.java:tryLock(328)) - Lock on /workdir/hadoop-ozone/integration-test/target/test-dir/MiniOzoneClusterImpl-757e75c3-29a2-41d1-adb4-db6d7805a8c7/datanode-3/data/ratis/899de903-8f25-4fd3-8a1c-f5fdc0374c07/in_use.lock acquired by nodename 24979@pr-hdds-1569-shd4m-3693607622
2019-09-25 12:06:02,209 [pool-527-thread-1] INFO  storage.RaftStorage (RaftStorage.java:format(72)) - Storage directory /workdir/hadoop-ozone/integration-test/target/test-dir/MiniOzoneClusterImpl-757e75c3-29a2-41d1-adb4-db6d7805a8c7/datanode-3/data/ratis/899de903-8f25-4fd3-8a1c-f5fdc0374c07 has been successfully formatted.
2019-09-25 12:06:02,210 [pool-527-thread-1] INFO  ratis.ContainerStateMachine (ContainerStateMachine.java:loadSnapshot(230)) - group-F5FDC0374C07: The snapshot info is null. Setting the last applied indexto:(t:0, i:~)
2019-09-25 12:06:02,210 [pool-527-thread-1] INFO  server.RaftServerConfigKeys (ConfUtils.java:logGet(43)) - raft.server.notification.no-leader.timeout = 120s (custom)
2019-09-25 12:06:02,210 [pool-527-thread-1] INFO  server.RaftServerConfigKeys (ConfUtils.java:logGet(43)) - raft.server.log.use.memory = false (default)
2019-09-25 12:06:02,210 [pool-527-thread-1] INFO  server.RaftServerConfigKeys (ConfUtils.java:logGet(43)) - raft.server.log.purge.gap = 1000000 (custom)
2019-09-25 12:06:02,210 [pool-527-thread-1] INFO  server.RaftServerConfigKeys (ConfUtils.java:logGet(43)) - raft.server.log.appender.buffer.byte-limit = 33554432 (custom)
2019-09-25 12:06:02,211 [pool-527-thread-1] INFO  server.RaftServerConfigKeys (ConfUtils.java:logGet(43)) - raft.server.log.segment.size.max = 1048576 (custom)
2019-09-25 12:06:02,211 [pool-527-thread-1] INFO  server.RaftServerConfigKeys (ConfUtils.java:logGet(43)) - raft.server.log.segment.cache.num.max = 2 (custom)
2019-09-25 12:06:02,211 [pool-527-thread-1] INFO  segmented.SegmentedRaftLogWorker (SegmentedRaftLogWorker.java:<init>(172)) - new 2bd0627d-72ad-45ef-ab03-a55c09ad6c3a@group-F5FDC0374C07-SegmentedRaftLogWorker for RaftStorage:Storage Directory /workdir/hadoop-ozone/integration-test/target/test-dir/MiniOzoneClusterImpl-757e75c3-29a2-41d1-adb4-db6d7805a8c7/datanode-3/data/ratis/899de903-8f25-4fd3-8a1c-f5fdc0374c07
2019-09-25 12:06:02,213 [pool-527-thread-1] INFO  server.RaftServerConfigKeys (ConfUtils.java:logGet(43)) - raft.server.log.queue.byte-limit = 2147483647 (custom)
2019-09-25 12:06:02,214 [pool-527-thread-1] INFO  server.RaftServerConfigKeys (ConfUtils.java:logGet(43)) - raft.server.log.queue.element-limit = 1024 (custom)
2019-09-25 12:06:02,214 [pool-527-thread-1] INFO  server.RaftServerConfigKeys (ConfUtils.java:logGet(43)) - raft.server.log.segment.size.max = 1048576 (custom)
2019-09-25 12:06:02,214 [pool-527-thread-1] INFO  server.RaftServerConfigKeys (ConfUtils.java:logGet(43)) - raft.server.log.preallocated.size = 16384 (custom)
2019-09-25 12:06:02,214 [pool-527-thread-1] INFO  server.RaftServerConfigKeys (ConfUtils.java:logGet(43)) - raft.server.log.write.buffer.size = 33554432 (custom)
2019-09-25 12:06:02,214 [pool-527-thread-1] INFO  server.RaftServerConfigKeys (ConfUtils.java:logGet(43)) - raft.server.log.force.sync.num = 128 (default)
2019-09-25 12:06:02,214 [pool-527-thread-1] INFO  server.RaftServerConfigKeys (ConfUtils.java:logGet(43)) - raft.server.log.statemachine.data.sync = true (default)
2019-09-25 12:06:02,214 [pool-527-thread-1] INFO  server.RaftServerConfigKeys (ConfUtils.java:logGet(43)) - raft.server.log.statemachine.data.sync.timeout = 10s (default)
2019-09-25 12:06:02,215 [pool-527-thread-1] INFO  server.RaftServerConfigKeys (ConfUtils.java:logGet(43)) - raft.server.log.statemachine.data.sync.timeout.retry = -1 (default)
2019-09-25 12:06:02,215 [pool-527-thread-1] INFO  server.RaftServerConfigKeys (ConfUtils.java:logGet(43)) - raft.server.log.statemachine.data.caching.enabled = true (custom)
2019-09-25 12:06:02,215 [pool-527-thread-1] INFO  segmented.SegmentedRaftLogWorker (SegmentedRaftLogWorker.java:lambda$new$0(132)) - 2bd0627d-72ad-45ef-ab03-a55c09ad6c3a@group-F5FDC0374C07-SegmentedRaftLogWorker: flushIndex: setUnconditionally 0 -> -1
2019-09-25 12:06:02,216 [pool-527-thread-1] INFO  server.RaftServerConfigKeys (ConfUtils.java:logGet(43)) - raft.server.snapshot.auto.trigger.enabled = true (custom)
2019-09-25 12:06:02,216 [pool-527-thread-1] INFO  server.RaftServerConfigKeys (ConfUtils.java:logGet(43)) - raft.server.snapshot.auto.trigger.threshold = 10000 (custom)
2019-09-25 12:06:02,216 [pool-527-thread-1] INFO  server.RaftServerConfigKeys (ConfUtils.java:logGet(43)) - raft.server.snapshot.retention.num.files = 5 (custom)
2019-09-25 12:06:02,216 [pool-527-thread-1] INFO  server.RaftServerConfigKeys (ConfUtils.java:logGet(43)) - raft.server.retrycache.expirytime = 600000ms (custom)
2019-09-25 12:06:02,218 [pool-527-thread-1] INFO  impl.RaftServerImpl (RaftServerImpl.java:start(185)) - 2bd0627d-72ad-45ef-ab03-a55c09ad6c3a@group-F5FDC0374C07: start as a follower, conf=-1: [2bd0627d-72ad-45ef-ab03-a55c09ad6c3a:192.168.151.73:33385], old=null
2019-09-25 12:06:02,218 [pool-527-thread-1] INFO  impl.RaftServerImpl (RaftServerImpl.java:setRole(174)) - 2bd0627d-72ad-45ef-ab03-a55c09ad6c3a@group-F5FDC0374C07: changes role from      null to FOLLOWER at term 0 for startAsFollower
2019-09-25 12:06:02,218 [pool-527-thread-1] INFO  impl.RoleInfo (RoleInfo.java:updateAndGet(143)) - 2bd0627d-72ad-45ef-ab03-a55c09ad6c3a: start FollowerState
2019-09-25 12:06:02,219 [pool-527-thread-1] INFO  util.JmxRegister (JmxRegister.java:tryRegister(44)) - Successfully registered JMX Bean with object name Ratis:service=RaftServer,group=group-F5FDC0374C07,id=2bd0627d-72ad-45ef-ab03-a55c09ad6c3a
2019-09-25 12:06:02,221 [RatisPipelineUtilsThread] INFO  pipeline.PipelineStateManager (PipelineStateManager.java:addPipeline(56)) - Created pipeline Pipeline[ Id: 899de903-8f25-4fd3-8a1c-f5fdc0374c07, Nodes: 2bd0627d-72ad-45ef-ab03-a55c09ad6c3a{ip: 192.168.151.73, host: pr-hdds-1569-shd4m-3693607622, networkLocation: /default-rack, certSerialId: null}, Type:RATIS, Factor:ONE, State:OPEN]
2019-09-25 12:06:02,221 [RatisPipelineUtilsThread] INFO  pipeline.PipelinePlacementPolicy (PipelinePlacementPolicy.java:meetCriteria(91)) - Pipeline Placement: can't place more pipeline on heavy datanode： 159c7809-d8ec-4cf8-a31c-e2f384cc14d2 Heaviness: 6 limit: 5
2019-09-25 12:06:02,224 [grpc-default-executor-1] INFO  impl.RaftServerProxy (RaftServerProxy.java:addNew(89)) - de2e4d40-31b5-4e53-8675-f16775b3ddb7: addNew group-5588D645AD65:[de2e4d40-31b5-4e53-8675-f16775b3ddb7:192.168.151.73:38679] returns group-5588D645AD65:java.util.concurrent.CompletableFuture@74bc6f36[Not completed]
2019-09-25 12:06:02,226 [pool-507-thread-1] INFO  impl.RaftServerImpl (RaftServerImpl.java:<init>(95)) - de2e4d40-31b5-4e53-8675-f16775b3ddb7: new RaftServerImpl for group-5588D645AD65:[de2e4d40-31b5-4e53-8675-f16775b3ddb7:192.168.151.73:38679] with ContainerStateMachine:uninitialized
2019-09-25 12:06:02,226 [pool-507-thread-1] INFO  server.RaftServerConfigKeys (ConfUtils.java:logGet(43)) - raft.server.rpc.timeout.min = 5s (custom)
2019-09-25 12:06:02,226 [pool-507-thread-1] INFO  server.RaftServerConfigKeys (ConfUtils.java:logGet(43)) - raft.server.rpc.timeout.max = 5200ms (custom)
2019-09-25 12:06:02,226 [pool-507-thread-1] INFO  server.RaftServerConfigKeys (ConfUtils.java:logGet(43)) - raft.server.rpcslowness.timeout = 120s (custom)
2019-09-25 12:06:02,226 [pool-507-thread-1] INFO  server.RaftServerConfigKeys (ConfUtils.java:logGet(43)) - raft.server.sleep.deviation.threshold = 300 (default)
2019-09-25 12:06:02,226 [pool-507-thread-1] INFO  server.RaftServerConfigKeys (ConfUtils.java:logGet(43)) - raft.server.log.appender.install.snapshot.enabled = false (custom)
2019-09-25 12:06:02,227 [pool-507-thread-1] INFO  impl.RaftServerImpl (ServerState.java:<init>(103)) - de2e4d40-31b5-4e53-8675-f16775b3ddb7@group-5588D645AD65: ConfigurationManager, init=-1: [de2e4d40-31b5-4e53-8675-f16775b3ddb7:192.168.151.73:38679], old=null, confs=<EMPTY_MAP>
2019-09-25 12:06:02,227 [pool-507-thread-1] INFO  server.RaftServerConfigKeys (ConfUtils.java:logGet(43)) - raft.server.storage.dir = [/workdir/hadoop-ozone/integration-test/target/test-dir/MiniOzoneClusterImpl-757e75c3-29a2-41d1-adb4-db6d7805a8c7/datanode-1/data/ratis] (custom)
2019-09-25 12:06:02,227 [pool-507-thread-1] INFO  storage.RaftStorageDirectory (RaftStorageDirectory.java:analyzeStorage(246)) - The storage directory /workdir/hadoop-ozone/integration-test/target/test-dir/MiniOzoneClusterImpl-757e75c3-29a2-41d1-adb4-db6d7805a8c7/datanode-1/data/ratis/9e99fa8f-a7b3-4b83-b66a-5588d645ad65 does not exist. Creating ...
2019-09-25 12:06:02,230 [pool-507-thread-1] INFO  storage.RaftStorageDirectory (RaftStorageDirectory.java:tryLock(328)) - Lock on /workdir/hadoop-ozone/integration-test/target/test-dir/MiniOzoneClusterImpl-757e75c3-29a2-41d1-adb4-db6d7805a8c7/datanode-1/data/ratis/9e99fa8f-a7b3-4b83-b66a-5588d645ad65/in_use.lock acquired by nodename 24979@pr-hdds-1569-shd4m-3693607622
2019-09-25 12:06:02,251 [pool-507-thread-1] INFO  storage.RaftStorage (RaftStorage.java:format(72)) - Storage directory /workdir/hadoop-ozone/integration-test/target/test-dir/MiniOzoneClusterImpl-757e75c3-29a2-41d1-adb4-db6d7805a8c7/datanode-1/data/ratis/9e99fa8f-a7b3-4b83-b66a-5588d645ad65 has been successfully formatted.
2019-09-25 12:06:02,251 [pool-507-thread-1] INFO  ratis.ContainerStateMachine (ContainerStateMachine.java:loadSnapshot(230)) - group-5588D645AD65: The snapshot info is null. Setting the last applied indexto:(t:0, i:~)
2019-09-25 12:06:02,251 [pool-507-thread-1] INFO  server.RaftServerConfigKeys (ConfUtils.java:logGet(43)) - raft.server.notification.no-leader.timeout = 120s (custom)
2019-09-25 12:06:02,252 [pool-507-thread-1] INFO  server.RaftServerConfigKeys (ConfUtils.java:logGet(43)) - raft.server.log.use.memory = false (default)
2019-09-25 12:06:02,252 [pool-507-thread-1] INFO  server.RaftServerConfigKeys (ConfUtils.java:logGet(43)) - raft.server.log.purge.gap = 1000000 (custom)
2019-09-25 12:06:02,252 [pool-507-thread-1] INFO  server.RaftServerConfigKeys (ConfUtils.java:logGet(43)) - raft.server.log.appender.buffer.byte-limit = 33554432 (custom)
2019-09-25 12:06:02,252 [pool-507-thread-1] INFO  server.RaftServerConfigKeys (ConfUtils.java:logGet(43)) - raft.server.log.segment.size.max = 1048576 (custom)
2019-09-25 12:06:02,252 [pool-507-thread-1] INFO  server.RaftServerConfigKeys (ConfUtils.java:logGet(43)) - raft.server.log.segment.cache.num.max = 2 (custom)
2019-09-25 12:06:02,252 [pool-507-thread-1] INFO  segmented.SegmentedRaftLogWorker (SegmentedRaftLogWorker.java:<init>(172)) - new de2e4d40-31b5-4e53-8675-f16775b3ddb7@group-5588D645AD65-SegmentedRaftLogWorker for RaftStorage:Storage Directory /workdir/hadoop-ozone/integration-test/target/test-dir/MiniOzoneClusterImpl-757e75c3-29a2-41d1-adb4-db6d7805a8c7/datanode-1/data/ratis/9e99fa8f-a7b3-4b83-b66a-5588d645ad65
2019-09-25 12:06:02,253 [pool-507-thread-1] INFO  server.RaftServerConfigKeys (ConfUtils.java:logGet(43)) - raft.server.log.queue.byte-limit = 2147483647 (custom)
2019-09-25 12:06:02,253 [pool-507-thread-1] INFO  server.RaftServerConfigKeys (ConfUtils.java:logGet(43)) - raft.server.log.queue.element-limit = 1024 (custom)
2019-09-25 12:06:02,253 [pool-507-thread-1] INFO  server.RaftServerConfigKeys (ConfUtils.java:logGet(43)) - raft.server.log.segment.size.max = 1048576 (custom)
2019-09-25 12:06:02,253 [pool-507-thread-1] INFO  server.RaftServerConfigKeys (ConfUtils.java:logGet(43)) - raft.server.log.preallocated.size = 16384 (custom)
2019-09-25 12:06:02,253 [pool-507-thread-1] INFO  server.RaftServerConfigKeys (ConfUtils.java:logGet(43)) - raft.server.log.write.buffer.size = 33554432 (custom)
2019-09-25 12:06:02,253 [pool-507-thread-1] INFO  server.RaftServerConfigKeys (ConfUtils.java:logGet(43)) - raft.server.log.force.sync.num = 128 (default)
2019-09-25 12:06:02,253 [pool-507-thread-1] INFO  server.RaftServerConfigKeys (ConfUtils.java:logGet(43)) - raft.server.log.statemachine.data.sync = true (default)
2019-09-25 12:06:02,254 [pool-507-thread-1] INFO  server.RaftServerConfigKeys (ConfUtils.java:logGet(43)) - raft.server.log.statemachine.data.sync.timeout = 10s (default)
2019-09-25 12:06:02,254 [pool-507-thread-1] INFO  server.RaftServerConfigKeys (ConfUtils.java:logGet(43)) - raft.server.log.statemachine.data.sync.timeout.retry = -1 (default)
2019-09-25 12:06:02,254 [pool-507-thread-1] INFO  server.RaftServerConfigKeys (ConfUtils.java:logGet(43)) - raft.server.log.statemachine.data.caching.enabled = true (custom)
2019-09-25 12:06:02,254 [pool-507-thread-1] INFO  segmented.SegmentedRaftLogWorker (SegmentedRaftLogWorker.java:lambda$new$0(132)) - de2e4d40-31b5-4e53-8675-f16775b3ddb7@group-5588D645AD65-SegmentedRaftLogWorker: flushIndex: setUnconditionally 0 -> -1
2019-09-25 12:06:02,255 [pool-507-thread-1] INFO  server.RaftServerConfigKeys (ConfUtils.java:logGet(43)) - raft.server.snapshot.auto.trigger.enabled = true (custom)
2019-09-25 12:06:02,255 [pool-507-thread-1] INFO  server.RaftServerConfigKeys (ConfUtils.java:logGet(43)) - raft.server.snapshot.auto.trigger.threshold = 10000 (custom)
2019-09-25 12:06:02,255 [pool-507-thread-1] INFO  server.RaftServerConfigKeys (ConfUtils.java:logGet(43)) - raft.server.snapshot.retention.num.files = 5 (custom)
2019-09-25 12:06:02,255 [pool-507-thread-1] INFO  server.RaftServerConfigKeys (ConfUtils.java:logGet(43)) - raft.server.retrycache.expirytime = 600000ms (custom)
2019-09-25 12:06:02,257 [pool-507-thread-1] INFO  impl.RaftServerImpl (RaftServerImpl.java:start(185)) - de2e4d40-31b5-4e53-8675-f16775b3ddb7@group-5588D645AD65: start as a follower, conf=-1: [de2e4d40-31b5-4e53-8675-f16775b3ddb7:192.168.151.73:38679], old=null
2019-09-25 12:06:02,257 [pool-507-thread-1] INFO  impl.RaftServerImpl (RaftServerImpl.java:setRole(174)) - de2e4d40-31b5-4e53-8675-f16775b3ddb7@group-5588D645AD65: changes role from      null to FOLLOWER at term 0 for startAsFollower
2019-09-25 12:06:02,257 [pool-507-thread-1] INFO  impl.RoleInfo (RoleInfo.java:updateAndGet(143)) - de2e4d40-31b5-4e53-8675-f16775b3ddb7: start FollowerState
2019-09-25 12:06:02,258 [pool-507-thread-1] INFO  util.JmxRegister (JmxRegister.java:tryRegister(44)) - Successfully registered JMX Bean with object name Ratis:service=RaftServer,group=group-5588D645AD65,id=de2e4d40-31b5-4e53-8675-f16775b3ddb7
2019-09-25 12:06:02,260 [RatisPipelineUtilsThread] INFO  pipeline.PipelineStateManager (PipelineStateManager.java:addPipeline(56)) - Created pipeline Pipeline[ Id: 9e99fa8f-a7b3-4b83-b66a-5588d645ad65, Nodes: de2e4d40-31b5-4e53-8675-f16775b3ddb7{ip: 192.168.151.73, host: pr-hdds-1569-shd4m-3693607622, networkLocation: /default-rack, certSerialId: null}, Type:RATIS, Factor:ONE, State:OPEN]
2019-09-25 12:06:02,260 [RatisPipelineUtilsThread] INFO  pipeline.PipelinePlacementPolicy (PipelinePlacementPolicy.java:meetCriteria(91)) - Pipeline Placement: can't place more pipeline on heavy datanode： 159c7809-d8ec-4cf8-a31c-e2f384cc14d2 Heaviness: 6 limit: 5
2019-09-25 12:06:02,260 [RatisPipelineUtilsThread] INFO  pipeline.PipelinePlacementPolicy (PipelinePlacementPolicy.java:meetCriteria(91)) - Pipeline Placement: can't place more pipeline on heavy datanode： de2e4d40-31b5-4e53-8675-f16775b3ddb7 Heaviness: 6 limit: 5
2019-09-25 12:06:02,264 [grpc-default-executor-1] INFO  impl.RaftServerProxy (RaftServerProxy.java:addNew(89)) - 2bd0627d-72ad-45ef-ab03-a55c09ad6c3a: addNew group-6678B6C397DD:[2bd0627d-72ad-45ef-ab03-a55c09ad6c3a:192.168.151.73:33385] returns group-6678B6C397DD:java.util.concurrent.CompletableFuture@497b0fb2[Not completed]
2019-09-25 12:06:02,265 [pool-527-thread-1] INFO  impl.RaftServerImpl (RaftServerImpl.java:<init>(95)) - 2bd0627d-72ad-45ef-ab03-a55c09ad6c3a: new RaftServerImpl for group-6678B6C397DD:[2bd0627d-72ad-45ef-ab03-a55c09ad6c3a:192.168.151.73:33385] with ContainerStateMachine:uninitialized
2019-09-25 12:06:02,265 [pool-527-thread-1] INFO  server.RaftServerConfigKeys (ConfUtils.java:logGet(43)) - raft.server.rpc.timeout.min = 5s (custom)
2019-09-25 12:06:02,265 [pool-527-thread-1] INFO  server.RaftServerConfigKeys (ConfUtils.java:logGet(43)) - raft.server.rpc.timeout.max = 5200ms (custom)
2019-09-25 12:06:02,265 [pool-527-thread-1] INFO  server.RaftServerConfigKeys (ConfUtils.java:logGet(43)) - raft.server.rpcslowness.timeout = 120s (custom)
2019-09-25 12:06:02,265 [pool-527-thread-1] INFO  server.RaftServerConfigKeys (ConfUtils.java:logGet(43)) - raft.server.sleep.deviation.threshold = 300 (default)
2019-09-25 12:06:02,265 [pool-527-thread-1] INFO  server.RaftServerConfigKeys (ConfUtils.java:logGet(43)) - raft.server.log.appender.install.snapshot.enabled = false (custom)
2019-09-25 12:06:02,266 [pool-527-thread-1] INFO  impl.RaftServerImpl (ServerState.java:<init>(103)) - 2bd0627d-72ad-45ef-ab03-a55c09ad6c3a@group-6678B6C397DD: ConfigurationManager, init=-1: [2bd0627d-72ad-45ef-ab03-a55c09ad6c3a:192.168.151.73:33385], old=null, confs=<EMPTY_MAP>
2019-09-25 12:06:02,266 [pool-527-thread-1] INFO  server.RaftServerConfigKeys (ConfUtils.java:logGet(43)) - raft.server.storage.dir = [/workdir/hadoop-ozone/integration-test/target/test-dir/MiniOzoneClusterImpl-757e75c3-29a2-41d1-adb4-db6d7805a8c7/datanode-3/data/ratis] (custom)
2019-09-25 12:06:02,266 [pool-527-thread-1] INFO  storage.RaftStorageDirectory (RaftStorageDirectory.java:analyzeStorage(246)) - The storage directory /workdir/hadoop-ozone/integration-test/target/test-dir/MiniOzoneClusterImpl-757e75c3-29a2-41d1-adb4-db6d7805a8c7/datanode-3/data/ratis/f731452d-40aa-4664-a612-6678b6c397dd does not exist. Creating ...
2019-09-25 12:06:02,279 [pool-527-thread-1] INFO  storage.RaftStorageDirectory (RaftStorageDirectory.java:tryLock(328)) - Lock on /workdir/hadoop-ozone/integration-test/target/test-dir/MiniOzoneClusterImpl-757e75c3-29a2-41d1-adb4-db6d7805a8c7/datanode-3/data/ratis/f731452d-40aa-4664-a612-6678b6c397dd/in_use.lock acquired by nodename 24979@pr-hdds-1569-shd4m-3693607622
2019-09-25 12:06:02,293 [pool-527-thread-1] INFO  storage.RaftStorage (RaftStorage.java:format(72)) - Storage directory /workdir/hadoop-ozone/integration-test/target/test-dir/MiniOzoneClusterImpl-757e75c3-29a2-41d1-adb4-db6d7805a8c7/datanode-3/data/ratis/f731452d-40aa-4664-a612-6678b6c397dd has been successfully formatted.
2019-09-25 12:06:02,293 [pool-527-thread-1] INFO  ratis.ContainerStateMachine (ContainerStateMachine.java:loadSnapshot(230)) - group-6678B6C397DD: The snapshot info is null. Setting the last applied indexto:(t:0, i:~)
2019-09-25 12:06:02,293 [pool-527-thread-1] INFO  server.RaftServerConfigKeys (ConfUtils.java:logGet(43)) - raft.server.notification.no-leader.timeout = 120s (custom)
2019-09-25 12:06:02,293 [pool-527-thread-1] INFO  server.RaftServerConfigKeys (ConfUtils.java:logGet(43)) - raft.server.log.use.memory = false (default)
2019-09-25 12:06:02,293 [pool-527-thread-1] INFO  server.RaftServerConfigKeys (ConfUtils.java:logGet(43)) - raft.server.log.purge.gap = 1000000 (custom)
2019-09-25 12:06:02,293 [pool-527-thread-1] INFO  server.RaftServerConfigKeys (ConfUtils.java:logGet(43)) - raft.server.log.appender.buffer.byte-limit = 33554432 (custom)
2019-09-25 12:06:02,294 [pool-527-thread-1] INFO  server.RaftServerConfigKeys (ConfUtils.java:logGet(43)) - raft.server.log.segment.size.max = 1048576 (custom)
2019-09-25 12:06:02,294 [pool-527-thread-1] INFO  server.RaftServerConfigKeys (ConfUtils.java:logGet(43)) - raft.server.log.segment.cache.num.max = 2 (custom)
2019-09-25 12:06:02,294 [pool-527-thread-1] INFO  segmented.SegmentedRaftLogWorker (SegmentedRaftLogWorker.java:<init>(172)) - new 2bd0627d-72ad-45ef-ab03-a55c09ad6c3a@group-6678B6C397DD-SegmentedRaftLogWorker for RaftStorage:Storage Directory /workdir/hadoop-ozone/integration-test/target/test-dir/MiniOzoneClusterImpl-757e75c3-29a2-41d1-adb4-db6d7805a8c7/datanode-3/data/ratis/f731452d-40aa-4664-a612-6678b6c397dd
2019-09-25 12:06:02,294 [pool-527-thread-1] INFO  server.RaftServerConfigKeys (ConfUtils.java:logGet(43)) - raft.server.log.queue.byte-limit = 2147483647 (custom)
2019-09-25 12:06:02,294 [pool-527-thread-1] INFO  server.RaftServerConfigKeys (ConfUtils.java:logGet(43)) - raft.server.log.queue.element-limit = 1024 (custom)
2019-09-25 12:06:02,294 [pool-527-thread-1] INFO  server.RaftServerConfigKeys (ConfUtils.java:logGet(43)) - raft.server.log.segment.size.max = 1048576 (custom)
2019-09-25 12:06:02,294 [pool-527-thread-1] INFO  server.RaftServerConfigKeys (ConfUtils.java:logGet(43)) - raft.server.log.preallocated.size = 16384 (custom)
2019-09-25 12:06:02,295 [pool-527-thread-1] INFO  server.RaftServerConfigKeys (ConfUtils.java:logGet(43)) - raft.server.log.write.buffer.size = 33554432 (custom)
2019-09-25 12:06:02,295 [pool-527-thread-1] INFO  server.RaftServerConfigKeys (ConfUtils.java:logGet(43)) - raft.server.log.force.sync.num = 128 (default)
2019-09-25 12:06:02,295 [pool-527-thread-1] INFO  server.RaftServerConfigKeys (ConfUtils.java:logGet(43)) - raft.server.log.statemachine.data.sync = true (default)
2019-09-25 12:06:02,295 [pool-527-thread-1] INFO  server.RaftServerConfigKeys (ConfUtils.java:logGet(43)) - raft.server.log.statemachine.data.sync.timeout = 10s (default)
2019-09-25 12:06:02,295 [pool-527-thread-1] INFO  server.RaftServerConfigKeys (ConfUtils.java:logGet(43)) - raft.server.log.statemachine.data.sync.timeout.retry = -1 (default)
2019-09-25 12:06:02,295 [pool-527-thread-1] INFO  server.RaftServerConfigKeys (ConfUtils.java:logGet(43)) - raft.server.log.statemachine.data.caching.enabled = true (custom)
2019-09-25 12:06:02,295 [pool-527-thread-1] INFO  segmented.SegmentedRaftLogWorker (SegmentedRaftLogWorker.java:lambda$new$0(132)) - 2bd0627d-72ad-45ef-ab03-a55c09ad6c3a@group-6678B6C397DD-SegmentedRaftLogWorker: flushIndex: setUnconditionally 0 -> -1
2019-09-25 12:06:02,296 [pool-527-thread-1] INFO  server.RaftServerConfigKeys (ConfUtils.java:logGet(43)) - raft.server.snapshot.auto.trigger.enabled = true (custom)
2019-09-25 12:06:02,296 [pool-527-thread-1] INFO  server.RaftServerConfigKeys (ConfUtils.java:logGet(43)) - raft.server.snapshot.auto.trigger.threshold = 10000 (custom)
2019-09-25 12:06:02,296 [pool-527-thread-1] INFO  server.RaftServerConfigKeys (ConfUtils.java:logGet(43)) - raft.server.snapshot.retention.num.files = 5 (custom)
2019-09-25 12:06:02,296 [pool-527-thread-1] INFO  server.RaftServerConfigKeys (ConfUtils.java:logGet(43)) - raft.server.retrycache.expirytime = 600000ms (custom)
2019-09-25 12:06:02,298 [pool-527-thread-1] INFO  impl.RaftServerImpl (RaftServerImpl.java:start(185)) - 2bd0627d-72ad-45ef-ab03-a55c09ad6c3a@group-6678B6C397DD: start as a follower, conf=-1: [2bd0627d-72ad-45ef-ab03-a55c09ad6c3a:192.168.151.73:33385], old=null
2019-09-25 12:06:02,298 [pool-527-thread-1] INFO  impl.RaftServerImpl (RaftServerImpl.java:setRole(174)) - 2bd0627d-72ad-45ef-ab03-a55c09ad6c3a@group-6678B6C397DD: changes role from      null to FOLLOWER at term 0 for startAsFollower
2019-09-25 12:06:02,298 [pool-527-thread-1] INFO  impl.RoleInfo (RoleInfo.java:updateAndGet(143)) - 2bd0627d-72ad-45ef-ab03-a55c09ad6c3a: start FollowerState
2019-09-25 12:06:02,298 [pool-527-thread-1] INFO  util.JmxRegister (JmxRegister.java:tryRegister(44)) - Successfully registered JMX Bean with object name Ratis:service=RaftServer,group=group-6678B6C397DD,id=2bd0627d-72ad-45ef-ab03-a55c09ad6c3a
2019-09-25 12:06:02,300 [RatisPipelineUtilsThread] INFO  pipeline.PipelineStateManager (PipelineStateManager.java:addPipeline(56)) - Created pipeline Pipeline[ Id: f731452d-40aa-4664-a612-6678b6c397dd, Nodes: 2bd0627d-72ad-45ef-ab03-a55c09ad6c3a{ip: 192.168.151.73, host: pr-hdds-1569-shd4m-3693607622, networkLocation: /default-rack, certSerialId: null}, Type:RATIS, Factor:ONE, State:OPEN]
2019-09-25 12:06:02,300 [RatisPipelineUtilsThread] INFO  pipeline.PipelinePlacementPolicy (PipelinePlacementPolicy.java:meetCriteria(91)) - Pipeline Placement: can't place more pipeline on heavy datanode： 159c7809-d8ec-4cf8-a31c-e2f384cc14d2 Heaviness: 6 limit: 5
2019-09-25 12:06:02,301 [RatisPipelineUtilsThread] INFO  pipeline.PipelinePlacementPolicy (PipelinePlacementPolicy.java:meetCriteria(91)) - Pipeline Placement: can't place more pipeline on heavy datanode： de2e4d40-31b5-4e53-8675-f16775b3ddb7 Heaviness: 6 limit: 5
2019-09-25 12:06:02,309 [grpc-default-executor-1] INFO  impl.RaftServerProxy (RaftServerProxy.java:addNew(89)) - 2594d298-a87d-48a4-bedb-7d37d8f76d4c: addNew group-843D0A6DE7BC:[2594d298-a87d-48a4-bedb-7d37d8f76d4c:192.168.151.73:46535] returns group-843D0A6DE7BC:java.util.concurrent.CompletableFuture@72dc10ea[Not completed]
2019-09-25 12:06:02,310 [pool-557-thread-1] INFO  impl.RaftServerImpl (RaftServerImpl.java:<init>(95)) - 2594d298-a87d-48a4-bedb-7d37d8f76d4c: new RaftServerImpl for group-843D0A6DE7BC:[2594d298-a87d-48a4-bedb-7d37d8f76d4c:192.168.151.73:46535] with ContainerStateMachine:uninitialized
2019-09-25 12:06:02,310 [pool-557-thread-1] INFO  server.RaftServerConfigKeys (ConfUtils.java:logGet(43)) - raft.server.rpc.timeout.min = 5s (custom)
2019-09-25 12:06:02,310 [pool-557-thread-1] INFO  server.RaftServerConfigKeys (ConfUtils.java:logGet(43)) - raft.server.rpc.timeout.max = 5200ms (custom)
2019-09-25 12:06:02,310 [pool-557-thread-1] INFO  server.RaftServerConfigKeys (ConfUtils.java:logGet(43)) - raft.server.rpcslowness.timeout = 120s (custom)
2019-09-25 12:06:02,310 [pool-557-thread-1] INFO  server.RaftServerConfigKeys (ConfUtils.java:logGet(43)) - raft.server.sleep.deviation.threshold = 300 (default)
2019-09-25 12:06:02,310 [pool-557-thread-1] INFO  server.RaftServerConfigKeys (ConfUtils.java:logGet(43)) - raft.server.log.appender.install.snapshot.enabled = false (custom)
2019-09-25 12:06:02,310 [pool-557-thread-1] INFO  impl.RaftServerImpl (ServerState.java:<init>(103)) - 2594d298-a87d-48a4-bedb-7d37d8f76d4c@group-843D0A6DE7BC: ConfigurationManager, init=-1: [2594d298-a87d-48a4-bedb-7d37d8f76d4c:192.168.151.73:46535], old=null, confs=<EMPTY_MAP>
2019-09-25 12:06:02,310 [pool-557-thread-1] INFO  server.RaftServerConfigKeys (ConfUtils.java:logGet(43)) - raft.server.storage.dir = [/workdir/hadoop-ozone/integration-test/target/test-dir/MiniOzoneClusterImpl-757e75c3-29a2-41d1-adb4-db6d7805a8c7/datanode-6/data/ratis] (custom)
2019-09-25 12:06:02,311 [pool-557-thread-1] INFO  storage.RaftStorageDirectory (RaftStorageDirectory.java:analyzeStorage(246)) - The storage directory /workdir/hadoop-ozone/integration-test/target/test-dir/MiniOzoneClusterImpl-757e75c3-29a2-41d1-adb4-db6d7805a8c7/datanode-6/data/ratis/d2bfaa60-9167-4571-968a-843d0a6de7bc does not exist. Creating ...
2019-09-25 12:06:02,332 [pool-557-thread-1] INFO  storage.RaftStorageDirectory (RaftStorageDirectory.java:tryLock(328)) - Lock on /workdir/hadoop-ozone/integration-test/target/test-dir/MiniOzoneClusterImpl-757e75c3-29a2-41d1-adb4-db6d7805a8c7/datanode-6/data/ratis/d2bfaa60-9167-4571-968a-843d0a6de7bc/in_use.lock acquired by nodename 24979@pr-hdds-1569-shd4m-3693607622
2019-09-25 12:06:02,344 [pool-557-thread-1] INFO  storage.RaftStorage (RaftStorage.java:format(72)) - Storage directory /workdir/hadoop-ozone/integration-test/target/test-dir/MiniOzoneClusterImpl-757e75c3-29a2-41d1-adb4-db6d7805a8c7/datanode-6/data/ratis/d2bfaa60-9167-4571-968a-843d0a6de7bc has been successfully formatted.
2019-09-25 12:06:02,345 [pool-557-thread-1] INFO  ratis.ContainerStateMachine (ContainerStateMachine.java:loadSnapshot(230)) - group-843D0A6DE7BC: The snapshot info is null. Setting the last applied indexto:(t:0, i:~)
2019-09-25 12:06:02,345 [pool-557-thread-1] INFO  server.RaftServerConfigKeys (ConfUtils.java:logGet(43)) - raft.server.notification.no-leader.timeout = 120s (custom)
2019-09-25 12:06:02,345 [pool-557-thread-1] INFO  server.RaftServerConfigKeys (ConfUtils.java:logGet(43)) - raft.server.log.use.memory = false (default)
2019-09-25 12:06:02,345 [pool-557-thread-1] INFO  server.RaftServerConfigKeys (ConfUtils.java:logGet(43)) - raft.server.log.purge.gap = 1000000 (custom)
2019-09-25 12:06:02,345 [pool-557-thread-1] INFO  server.RaftServerConfigKeys (ConfUtils.java:logGet(43)) - raft.server.log.appender.buffer.byte-limit = 33554432 (custom)
2019-09-25 12:06:02,345 [pool-557-thread-1] INFO  server.RaftServerConfigKeys (ConfUtils.java:logGet(43)) - raft.server.log.segment.size.max = 1048576 (custom)
2019-09-25 12:06:02,346 [pool-557-thread-1] INFO  server.RaftServerConfigKeys (ConfUtils.java:logGet(43)) - raft.server.log.segment.cache.num.max = 2 (custom)
2019-09-25 12:06:02,346 [pool-557-thread-1] INFO  segmented.SegmentedRaftLogWorker (SegmentedRaftLogWorker.java:<init>(172)) - new 2594d298-a87d-48a4-bedb-7d37d8f76d4c@group-843D0A6DE7BC-SegmentedRaftLogWorker for RaftStorage:Storage Directory /workdir/hadoop-ozone/integration-test/target/test-dir/MiniOzoneClusterImpl-757e75c3-29a2-41d1-adb4-db6d7805a8c7/datanode-6/data/ratis/d2bfaa60-9167-4571-968a-843d0a6de7bc
2019-09-25 12:06:02,348 [pool-557-thread-1] INFO  server.RaftServerConfigKeys (ConfUtils.java:logGet(43)) - raft.server.log.queue.byte-limit = 2147483647 (custom)
2019-09-25 12:06:02,348 [pool-557-thread-1] INFO  server.RaftServerConfigKeys (ConfUtils.java:logGet(43)) - raft.server.log.queue.element-limit = 1024 (custom)
2019-09-25 12:06:02,348 [pool-557-thread-1] INFO  server.RaftServerConfigKeys (ConfUtils.java:logGet(43)) - raft.server.log.segment.size.max = 1048576 (custom)
2019-09-25 12:06:02,348 [pool-557-thread-1] INFO  server.RaftServerConfigKeys (ConfUtils.java:logGet(43)) - raft.server.log.preallocated.size = 16384 (custom)
2019-09-25 12:06:02,348 [pool-557-thread-1] INFO  server.RaftServerConfigKeys (ConfUtils.java:logGet(43)) - raft.server.log.write.buffer.size = 33554432 (custom)
2019-09-25 12:06:02,348 [pool-557-thread-1] INFO  server.RaftServerConfigKeys (ConfUtils.java:logGet(43)) - raft.server.log.force.sync.num = 128 (default)
2019-09-25 12:06:02,349 [pool-557-thread-1] INFO  server.RaftServerConfigKeys (ConfUtils.java:logGet(43)) - raft.server.log.statemachine.data.sync = true (default)
2019-09-25 12:06:02,349 [pool-557-thread-1] INFO  server.RaftServerConfigKeys (ConfUtils.java:logGet(43)) - raft.server.log.statemachine.data.sync.timeout = 10s (default)
2019-09-25 12:06:02,349 [pool-557-thread-1] INFO  server.RaftServerConfigKeys (ConfUtils.java:logGet(43)) - raft.server.log.statemachine.data.sync.timeout.retry = -1 (default)
2019-09-25 12:06:02,349 [pool-557-thread-1] INFO  server.RaftServerConfigKeys (ConfUtils.java:logGet(43)) - raft.server.log.statemachine.data.caching.enabled = true (custom)
2019-09-25 12:06:02,349 [pool-557-thread-1] INFO  segmented.SegmentedRaftLogWorker (SegmentedRaftLogWorker.java:lambda$new$0(132)) - 2594d298-a87d-48a4-bedb-7d37d8f76d4c@group-843D0A6DE7BC-SegmentedRaftLogWorker: flushIndex: setUnconditionally 0 -> -1
2019-09-25 12:06:02,350 [pool-557-thread-1] INFO  server.RaftServerConfigKeys (ConfUtils.java:logGet(43)) - raft.server.snapshot.auto.trigger.enabled = true (custom)
2019-09-25 12:06:02,350 [pool-557-thread-1] INFO  server.RaftServerConfigKeys (ConfUtils.java:logGet(43)) - raft.server.snapshot.auto.trigger.threshold = 10000 (custom)
2019-09-25 12:06:02,350 [pool-557-thread-1] INFO  server.RaftServerConfigKeys (ConfUtils.java:logGet(43)) - raft.server.snapshot.retention.num.files = 5 (custom)
2019-09-25 12:06:02,350 [pool-557-thread-1] INFO  server.RaftServerConfigKeys (ConfUtils.java:logGet(43)) - raft.server.retrycache.expirytime = 600000ms (custom)
2019-09-25 12:06:02,352 [pool-557-thread-1] INFO  impl.RaftServerImpl (RaftServerImpl.java:start(185)) - 2594d298-a87d-48a4-bedb-7d37d8f76d4c@group-843D0A6DE7BC: start as a follower, conf=-1: [2594d298-a87d-48a4-bedb-7d37d8f76d4c:192.168.151.73:46535], old=null
2019-09-25 12:06:02,352 [pool-557-thread-1] INFO  impl.RaftServerImpl (RaftServerImpl.java:setRole(174)) - 2594d298-a87d-48a4-bedb-7d37d8f76d4c@group-843D0A6DE7BC: changes role from      null to FOLLOWER at term 0 for startAsFollower
2019-09-25 12:06:02,352 [pool-557-thread-1] INFO  impl.RoleInfo (RoleInfo.java:updateAndGet(143)) - 2594d298-a87d-48a4-bedb-7d37d8f76d4c: start FollowerState
2019-09-25 12:06:02,353 [pool-557-thread-1] INFO  util.JmxRegister (JmxRegister.java:tryRegister(44)) - Successfully registered JMX Bean with object name Ratis:service=RaftServer,group=group-843D0A6DE7BC,id=2594d298-a87d-48a4-bedb-7d37d8f76d4c
2019-09-25 12:06:02,355 [RatisPipelineUtilsThread] INFO  pipeline.PipelineStateManager (PipelineStateManager.java:addPipeline(56)) - Created pipeline Pipeline[ Id: d2bfaa60-9167-4571-968a-843d0a6de7bc, Nodes: 2594d298-a87d-48a4-bedb-7d37d8f76d4c{ip: 192.168.151.73, host: pr-hdds-1569-shd4m-3693607622, networkLocation: /default-rack, certSerialId: null}, Type:RATIS, Factor:ONE, State:OPEN]
2019-09-25 12:06:02,355 [RatisPipelineUtilsThread] INFO  pipeline.PipelinePlacementPolicy (PipelinePlacementPolicy.java:meetCriteria(91)) - Pipeline Placement: can't place more pipeline on heavy datanode： 159c7809-d8ec-4cf8-a31c-e2f384cc14d2 Heaviness: 6 limit: 5
2019-09-25 12:06:02,355 [RatisPipelineUtilsThread] INFO  pipeline.PipelinePlacementPolicy (PipelinePlacementPolicy.java:meetCriteria(91)) - Pipeline Placement: can't place more pipeline on heavy datanode： de2e4d40-31b5-4e53-8675-f16775b3ddb7 Heaviness: 6 limit: 5
2019-09-25 12:06:02,359 [grpc-default-executor-1] INFO  impl.RaftServerProxy (RaftServerProxy.java:addNew(89)) - 2bd0627d-72ad-45ef-ab03-a55c09ad6c3a: addNew group-C8DCF59EDE4E:[2bd0627d-72ad-45ef-ab03-a55c09ad6c3a:192.168.151.73:33385] returns group-C8DCF59EDE4E:java.util.concurrent.CompletableFuture@22a537ff[Not completed]
2019-09-25 12:06:02,360 [pool-527-thread-1] INFO  impl.RaftServerImpl (RaftServerImpl.java:<init>(95)) - 2bd0627d-72ad-45ef-ab03-a55c09ad6c3a: new RaftServerImpl for group-C8DCF59EDE4E:[2bd0627d-72ad-45ef-ab03-a55c09ad6c3a:192.168.151.73:33385] with ContainerStateMachine:uninitialized
2019-09-25 12:06:02,360 [pool-527-thread-1] INFO  server.RaftServerConfigKeys (ConfUtils.java:logGet(43)) - raft.server.rpc.timeout.min = 5s (custom)
2019-09-25 12:06:02,360 [pool-527-thread-1] INFO  server.RaftServerConfigKeys (ConfUtils.java:logGet(43)) - raft.server.rpc.timeout.max = 5200ms (custom)
2019-09-25 12:06:02,360 [pool-527-thread-1] INFO  server.RaftServerConfigKeys (ConfUtils.java:logGet(43)) - raft.server.rpcslowness.timeout = 120s (custom)
2019-09-25 12:06:02,360 [pool-527-thread-1] INFO  server.RaftServerConfigKeys (ConfUtils.java:logGet(43)) - raft.server.sleep.deviation.threshold = 300 (default)
2019-09-25 12:06:02,360 [pool-527-thread-1] INFO  server.RaftServerConfigKeys (ConfUtils.java:logGet(43)) - raft.server.log.appender.install.snapshot.enabled = false (custom)
2019-09-25 12:06:02,361 [pool-527-thread-1] INFO  impl.RaftServerImpl (ServerState.java:<init>(103)) - 2bd0627d-72ad-45ef-ab03-a55c09ad6c3a@group-C8DCF59EDE4E: ConfigurationManager, init=-1: [2bd0627d-72ad-45ef-ab03-a55c09ad6c3a:192.168.151.73:33385], old=null, confs=<EMPTY_MAP>
2019-09-25 12:06:02,361 [pool-527-thread-1] INFO  server.RaftServerConfigKeys (ConfUtils.java:logGet(43)) - raft.server.storage.dir = [/workdir/hadoop-ozone/integration-test/target/test-dir/MiniOzoneClusterImpl-757e75c3-29a2-41d1-adb4-db6d7805a8c7/datanode-3/data/ratis] (custom)
2019-09-25 12:06:02,361 [pool-527-thread-1] INFO  storage.RaftStorageDirectory (RaftStorageDirectory.java:analyzeStorage(246)) - The storage directory /workdir/hadoop-ozone/integration-test/target/test-dir/MiniOzoneClusterImpl-757e75c3-29a2-41d1-adb4-db6d7805a8c7/datanode-3/data/ratis/a404c122-9b58-42cc-95c1-c8dcf59ede4e does not exist. Creating ...
2019-09-25 12:06:02,374 [pool-527-thread-1] INFO  storage.RaftStorageDirectory (RaftStorageDirectory.java:tryLock(328)) - Lock on /workdir/hadoop-ozone/integration-test/target/test-dir/MiniOzoneClusterImpl-757e75c3-29a2-41d1-adb4-db6d7805a8c7/datanode-3/data/ratis/a404c122-9b58-42cc-95c1-c8dcf59ede4e/in_use.lock acquired by nodename 24979@pr-hdds-1569-shd4m-3693607622
2019-09-25 12:06:02,386 [pool-527-thread-1] INFO  storage.RaftStorage (RaftStorage.java:format(72)) - Storage directory /workdir/hadoop-ozone/integration-test/target/test-dir/MiniOzoneClusterImpl-757e75c3-29a2-41d1-adb4-db6d7805a8c7/datanode-3/data/ratis/a404c122-9b58-42cc-95c1-c8dcf59ede4e has been successfully formatted.
2019-09-25 12:06:02,386 [pool-527-thread-1] INFO  ratis.ContainerStateMachine (ContainerStateMachine.java:loadSnapshot(230)) - group-C8DCF59EDE4E: The snapshot info is null. Setting the last applied indexto:(t:0, i:~)
2019-09-25 12:06:02,386 [pool-527-thread-1] INFO  server.RaftServerConfigKeys (ConfUtils.java:logGet(43)) - raft.server.notification.no-leader.timeout = 120s (custom)
2019-09-25 12:06:02,387 [pool-527-thread-1] INFO  server.RaftServerConfigKeys (ConfUtils.java:logGet(43)) - raft.server.log.use.memory = false (default)
2019-09-25 12:06:02,387 [pool-527-thread-1] INFO  server.RaftServerConfigKeys (ConfUtils.java:logGet(43)) - raft.server.log.purge.gap = 1000000 (custom)
2019-09-25 12:06:02,387 [pool-527-thread-1] INFO  server.RaftServerConfigKeys (ConfUtils.java:logGet(43)) - raft.server.log.appender.buffer.byte-limit = 33554432 (custom)
2019-09-25 12:06:02,387 [pool-527-thread-1] INFO  server.RaftServerConfigKeys (ConfUtils.java:logGet(43)) - raft.server.log.segment.size.max = 1048576 (custom)
2019-09-25 12:06:02,387 [pool-527-thread-1] INFO  server.RaftServerConfigKeys (ConfUtils.java:logGet(43)) - raft.server.log.segment.cache.num.max = 2 (custom)
2019-09-25 12:06:02,387 [pool-527-thread-1] INFO  segmented.SegmentedRaftLogWorker (SegmentedRaftLogWorker.java:<init>(172)) - new 2bd0627d-72ad-45ef-ab03-a55c09ad6c3a@group-C8DCF59EDE4E-SegmentedRaftLogWorker for RaftStorage:Storage Directory /workdir/hadoop-ozone/integration-test/target/test-dir/MiniOzoneClusterImpl-757e75c3-29a2-41d1-adb4-db6d7805a8c7/datanode-3/data/ratis/a404c122-9b58-42cc-95c1-c8dcf59ede4e
2019-09-25 12:06:02,387 [pool-527-thread-1] INFO  server.RaftServerConfigKeys (ConfUtils.java:logGet(43)) - raft.server.log.queue.byte-limit = 2147483647 (custom)
2019-09-25 12:06:02,388 [pool-527-thread-1] INFO  server.RaftServerConfigKeys (ConfUtils.java:logGet(43)) - raft.server.log.queue.element-limit = 1024 (custom)
2019-09-25 12:06:02,388 [pool-527-thread-1] INFO  server.RaftServerConfigKeys (ConfUtils.java:logGet(43)) - raft.server.log.segment.size.max = 1048576 (custom)
2019-09-25 12:06:02,388 [pool-527-thread-1] INFO  server.RaftServerConfigKeys (ConfUtils.java:logGet(43)) - raft.server.log.preallocated.size = 16384 (custom)
2019-09-25 12:06:02,388 [pool-527-thread-1] INFO  server.RaftServerConfigKeys (ConfUtils.java:logGet(43)) - raft.server.log.write.buffer.size = 33554432 (custom)
2019-09-25 12:06:02,388 [pool-527-thread-1] INFO  server.RaftServerConfigKeys (ConfUtils.java:logGet(43)) - raft.server.log.force.sync.num = 128 (default)
2019-09-25 12:06:02,388 [pool-527-thread-1] INFO  server.RaftServerConfigKeys (ConfUtils.java:logGet(43)) - raft.server.log.statemachine.data.sync = true (default)
2019-09-25 12:06:02,388 [pool-527-thread-1] INFO  server.RaftServerConfigKeys (ConfUtils.java:logGet(43)) - raft.server.log.statemachine.data.sync.timeout = 10s (default)
2019-09-25 12:06:02,389 [pool-527-thread-1] INFO  server.RaftServerConfigKeys (ConfUtils.java:logGet(43)) - raft.server.log.statemachine.data.sync.timeout.retry = -1 (default)
2019-09-25 12:06:02,389 [pool-527-thread-1] INFO  server.RaftServerConfigKeys (ConfUtils.java:logGet(43)) - raft.server.log.statemachine.data.caching.enabled = true (custom)
2019-09-25 12:06:02,389 [pool-527-thread-1] INFO  segmented.SegmentedRaftLogWorker (SegmentedRaftLogWorker.java:lambda$new$0(132)) - 2bd0627d-72ad-45ef-ab03-a55c09ad6c3a@group-C8DCF59EDE4E-SegmentedRaftLogWorker: flushIndex: setUnconditionally 0 -> -1
2019-09-25 12:06:02,389 [pool-527-thread-1] INFO  server.RaftServerConfigKeys (ConfUtils.java:logGet(43)) - raft.server.snapshot.auto.trigger.enabled = true (custom)
2019-09-25 12:06:02,390 [pool-527-thread-1] INFO  server.RaftServerConfigKeys (ConfUtils.java:logGet(43)) - raft.server.snapshot.auto.trigger.threshold = 10000 (custom)
2019-09-25 12:06:02,390 [pool-527-thread-1] INFO  server.RaftServerConfigKeys (ConfUtils.java:logGet(43)) - raft.server.snapshot.retention.num.files = 5 (custom)
2019-09-25 12:06:02,390 [pool-527-thread-1] INFO  server.RaftServerConfigKeys (ConfUtils.java:logGet(43)) - raft.server.retrycache.expirytime = 600000ms (custom)
2019-09-25 12:06:02,392 [pool-527-thread-1] INFO  impl.RaftServerImpl (RaftServerImpl.java:start(185)) - 2bd0627d-72ad-45ef-ab03-a55c09ad6c3a@group-C8DCF59EDE4E: start as a follower, conf=-1: [2bd0627d-72ad-45ef-ab03-a55c09ad6c3a:192.168.151.73:33385], old=null
2019-09-25 12:06:02,392 [pool-527-thread-1] INFO  impl.RaftServerImpl (RaftServerImpl.java:setRole(174)) - 2bd0627d-72ad-45ef-ab03-a55c09ad6c3a@group-C8DCF59EDE4E: changes role from      null to FOLLOWER at term 0 for startAsFollower
2019-09-25 12:06:02,392 [pool-527-thread-1] INFO  impl.RoleInfo (RoleInfo.java:updateAndGet(143)) - 2bd0627d-72ad-45ef-ab03-a55c09ad6c3a: start FollowerState
2019-09-25 12:06:02,392 [pool-527-thread-1] INFO  util.JmxRegister (JmxRegister.java:tryRegister(44)) - Successfully registered JMX Bean with object name Ratis:service=RaftServer,group=group-C8DCF59EDE4E,id=2bd0627d-72ad-45ef-ab03-a55c09ad6c3a
2019-09-25 12:06:02,394 [RatisPipelineUtilsThread] INFO  pipeline.PipelineStateManager (PipelineStateManager.java:addPipeline(56)) - Created pipeline Pipeline[ Id: a404c122-9b58-42cc-95c1-c8dcf59ede4e, Nodes: 2bd0627d-72ad-45ef-ab03-a55c09ad6c3a{ip: 192.168.151.73, host: pr-hdds-1569-shd4m-3693607622, networkLocation: /default-rack, certSerialId: null}, Type:RATIS, Factor:ONE, State:OPEN]
2019-09-25 12:06:02,394 [RatisPipelineUtilsThread] INFO  pipeline.PipelinePlacementPolicy (PipelinePlacementPolicy.java:meetCriteria(91)) - Pipeline Placement: can't place more pipeline on heavy datanode： 159c7809-d8ec-4cf8-a31c-e2f384cc14d2 Heaviness: 6 limit: 5
2019-09-25 12:06:02,395 [RatisPipelineUtilsThread] INFO  pipeline.PipelinePlacementPolicy (PipelinePlacementPolicy.java:meetCriteria(91)) - Pipeline Placement: can't place more pipeline on heavy datanode： de2e4d40-31b5-4e53-8675-f16775b3ddb7 Heaviness: 6 limit: 5
2019-09-25 12:06:02,398 [grpc-default-executor-1] INFO  impl.RaftServerProxy (RaftServerProxy.java:addNew(89)) - 2bd0627d-72ad-45ef-ab03-a55c09ad6c3a: addNew group-C274777AA561:[2bd0627d-72ad-45ef-ab03-a55c09ad6c3a:192.168.151.73:33385] returns group-C274777AA561:java.util.concurrent.CompletableFuture@765ffbb7[Not completed]
2019-09-25 12:06:02,399 [pool-527-thread-1] INFO  impl.RaftServerImpl (RaftServerImpl.java:<init>(95)) - 2bd0627d-72ad-45ef-ab03-a55c09ad6c3a: new RaftServerImpl for group-C274777AA561:[2bd0627d-72ad-45ef-ab03-a55c09ad6c3a:192.168.151.73:33385] with ContainerStateMachine:uninitialized
2019-09-25 12:06:02,399 [pool-527-thread-1] INFO  server.RaftServerConfigKeys (ConfUtils.java:logGet(43)) - raft.server.rpc.timeout.min = 5s (custom)
2019-09-25 12:06:02,399 [pool-527-thread-1] INFO  server.RaftServerConfigKeys (ConfUtils.java:logGet(43)) - raft.server.rpc.timeout.max = 5200ms (custom)
2019-09-25 12:06:02,399 [pool-527-thread-1] INFO  server.RaftServerConfigKeys (ConfUtils.java:logGet(43)) - raft.server.rpcslowness.timeout = 120s (custom)
2019-09-25 12:06:02,399 [pool-527-thread-1] INFO  server.RaftServerConfigKeys (ConfUtils.java:logGet(43)) - raft.server.sleep.deviation.threshold = 300 (default)
2019-09-25 12:06:02,399 [pool-527-thread-1] INFO  server.RaftServerConfigKeys (ConfUtils.java:logGet(43)) - raft.server.log.appender.install.snapshot.enabled = false (custom)
2019-09-25 12:06:02,399 [pool-527-thread-1] INFO  impl.RaftServerImpl (ServerState.java:<init>(103)) - 2bd0627d-72ad-45ef-ab03-a55c09ad6c3a@group-C274777AA561: ConfigurationManager, init=-1: [2bd0627d-72ad-45ef-ab03-a55c09ad6c3a:192.168.151.73:33385], old=null, confs=<EMPTY_MAP>
2019-09-25 12:06:02,400 [pool-527-thread-1] INFO  server.RaftServerConfigKeys (ConfUtils.java:logGet(43)) - raft.server.storage.dir = [/workdir/hadoop-ozone/integration-test/target/test-dir/MiniOzoneClusterImpl-757e75c3-29a2-41d1-adb4-db6d7805a8c7/datanode-3/data/ratis] (custom)
2019-09-25 12:06:02,400 [pool-527-thread-1] INFO  storage.RaftStorageDirectory (RaftStorageDirectory.java:analyzeStorage(246)) - The storage directory /workdir/hadoop-ozone/integration-test/target/test-dir/MiniOzoneClusterImpl-757e75c3-29a2-41d1-adb4-db6d7805a8c7/datanode-3/data/ratis/14523189-a623-42d1-94bb-c274777aa561 does not exist. Creating ...
2019-09-25 12:06:02,412 [pool-527-thread-1] INFO  storage.RaftStorageDirectory (RaftStorageDirectory.java:tryLock(328)) - Lock on /workdir/hadoop-ozone/integration-test/target/test-dir/MiniOzoneClusterImpl-757e75c3-29a2-41d1-adb4-db6d7805a8c7/datanode-3/data/ratis/14523189-a623-42d1-94bb-c274777aa561/in_use.lock acquired by nodename 24979@pr-hdds-1569-shd4m-3693607622
2019-09-25 12:06:02,425 [pool-527-thread-1] INFO  storage.RaftStorage (RaftStorage.java:format(72)) - Storage directory /workdir/hadoop-ozone/integration-test/target/test-dir/MiniOzoneClusterImpl-757e75c3-29a2-41d1-adb4-db6d7805a8c7/datanode-3/data/ratis/14523189-a623-42d1-94bb-c274777aa561 has been successfully formatted.
2019-09-25 12:06:02,425 [pool-527-thread-1] INFO  ratis.ContainerStateMachine (ContainerStateMachine.java:loadSnapshot(230)) - group-C274777AA561: The snapshot info is null. Setting the last applied indexto:(t:0, i:~)
2019-09-25 12:06:02,425 [pool-527-thread-1] INFO  server.RaftServerConfigKeys (ConfUtils.java:logGet(43)) - raft.server.notification.no-leader.timeout = 120s (custom)
2019-09-25 12:06:02,425 [pool-527-thread-1] INFO  server.RaftServerConfigKeys (ConfUtils.java:logGet(43)) - raft.server.log.use.memory = false (default)
2019-09-25 12:06:02,425 [pool-527-thread-1] INFO  server.RaftServerConfigKeys (ConfUtils.java:logGet(43)) - raft.server.log.purge.gap = 1000000 (custom)
2019-09-25 12:06:02,425 [pool-527-thread-1] INFO  server.RaftServerConfigKeys (ConfUtils.java:logGet(43)) - raft.server.log.appender.buffer.byte-limit = 33554432 (custom)
2019-09-25 12:06:02,426 [pool-527-thread-1] INFO  server.RaftServerConfigKeys (ConfUtils.java:logGet(43)) - raft.server.log.segment.size.max = 1048576 (custom)
2019-09-25 12:06:02,426 [pool-527-thread-1] INFO  server.RaftServerConfigKeys (ConfUtils.java:logGet(43)) - raft.server.log.segment.cache.num.max = 2 (custom)
2019-09-25 12:06:02,426 [pool-527-thread-1] INFO  segmented.SegmentedRaftLogWorker (SegmentedRaftLogWorker.java:<init>(172)) - new 2bd0627d-72ad-45ef-ab03-a55c09ad6c3a@group-C274777AA561-SegmentedRaftLogWorker for RaftStorage:Storage Directory /workdir/hadoop-ozone/integration-test/target/test-dir/MiniOzoneClusterImpl-757e75c3-29a2-41d1-adb4-db6d7805a8c7/datanode-3/data/ratis/14523189-a623-42d1-94bb-c274777aa561
2019-09-25 12:06:02,426 [pool-527-thread-1] INFO  server.RaftServerConfigKeys (ConfUtils.java:logGet(43)) - raft.server.log.queue.byte-limit = 2147483647 (custom)
2019-09-25 12:06:02,426 [pool-527-thread-1] INFO  server.RaftServerConfigKeys (ConfUtils.java:logGet(43)) - raft.server.log.queue.element-limit = 1024 (custom)
2019-09-25 12:06:02,426 [pool-527-thread-1] INFO  server.RaftServerConfigKeys (ConfUtils.java:logGet(43)) - raft.server.log.segment.size.max = 1048576 (custom)
2019-09-25 12:06:02,426 [pool-527-thread-1] INFO  server.RaftServerConfigKeys (ConfUtils.java:logGet(43)) - raft.server.log.preallocated.size = 16384 (custom)
2019-09-25 12:06:02,427 [pool-527-thread-1] INFO  server.RaftServerConfigKeys (ConfUtils.java:logGet(43)) - raft.server.log.write.buffer.size = 33554432 (custom)
2019-09-25 12:06:02,427 [pool-527-thread-1] INFO  server.RaftServerConfigKeys (ConfUtils.java:logGet(43)) - raft.server.log.force.sync.num = 128 (default)
2019-09-25 12:06:02,427 [pool-527-thread-1] INFO  server.RaftServerConfigKeys (ConfUtils.java:logGet(43)) - raft.server.log.statemachine.data.sync = true (default)
2019-09-25 12:06:02,427 [pool-527-thread-1] INFO  server.RaftServerConfigKeys (ConfUtils.java:logGet(43)) - raft.server.log.statemachine.data.sync.timeout = 10s (default)
2019-09-25 12:06:02,427 [pool-527-thread-1] INFO  server.RaftServerConfigKeys (ConfUtils.java:logGet(43)) - raft.server.log.statemachine.data.sync.timeout.retry = -1 (default)
2019-09-25 12:06:02,427 [pool-527-thread-1] INFO  server.RaftServerConfigKeys (ConfUtils.java:logGet(43)) - raft.server.log.statemachine.data.caching.enabled = true (custom)
2019-09-25 12:06:02,428 [pool-527-thread-1] INFO  segmented.SegmentedRaftLogWorker (SegmentedRaftLogWorker.java:lambda$new$0(132)) - 2bd0627d-72ad-45ef-ab03-a55c09ad6c3a@group-C274777AA561-SegmentedRaftLogWorker: flushIndex: setUnconditionally 0 -> -1
2019-09-25 12:06:02,428 [pool-527-thread-1] INFO  server.RaftServerConfigKeys (ConfUtils.java:logGet(43)) - raft.server.snapshot.auto.trigger.enabled = true (custom)
2019-09-25 12:06:02,428 [pool-527-thread-1] INFO  server.RaftServerConfigKeys (ConfUtils.java:logGet(43)) - raft.server.snapshot.auto.trigger.threshold = 10000 (custom)
2019-09-25 12:06:02,428 [pool-527-thread-1] INFO  server.RaftServerConfigKeys (ConfUtils.java:logGet(43)) - raft.server.snapshot.retention.num.files = 5 (custom)
2019-09-25 12:06:02,428 [pool-527-thread-1] INFO  server.RaftServerConfigKeys (ConfUtils.java:logGet(43)) - raft.server.retrycache.expirytime = 600000ms (custom)
2019-09-25 12:06:02,430 [pool-527-thread-1] INFO  impl.RaftServerImpl (RaftServerImpl.java:start(185)) - 2bd0627d-72ad-45ef-ab03-a55c09ad6c3a@group-C274777AA561: start as a follower, conf=-1: [2bd0627d-72ad-45ef-ab03-a55c09ad6c3a:192.168.151.73:33385], old=null
2019-09-25 12:06:02,430 [pool-527-thread-1] INFO  impl.RaftServerImpl (RaftServerImpl.java:setRole(174)) - 2bd0627d-72ad-45ef-ab03-a55c09ad6c3a@group-C274777AA561: changes role from      null to FOLLOWER at term 0 for startAsFollower
2019-09-25 12:06:02,430 [pool-527-thread-1] INFO  impl.RoleInfo (RoleInfo.java:updateAndGet(143)) - 2bd0627d-72ad-45ef-ab03-a55c09ad6c3a: start FollowerState
2019-09-25 12:06:02,431 [pool-527-thread-1] INFO  util.JmxRegister (JmxRegister.java:tryRegister(44)) - Successfully registered JMX Bean with object name Ratis:service=RaftServer,group=group-C274777AA561,id=2bd0627d-72ad-45ef-ab03-a55c09ad6c3a
2019-09-25 12:06:02,432 [RatisPipelineUtilsThread] INFO  pipeline.PipelineStateManager (PipelineStateManager.java:addPipeline(56)) - Created pipeline Pipeline[ Id: 14523189-a623-42d1-94bb-c274777aa561, Nodes: 2bd0627d-72ad-45ef-ab03-a55c09ad6c3a{ip: 192.168.151.73, host: pr-hdds-1569-shd4m-3693607622, networkLocation: /default-rack, certSerialId: null}, Type:RATIS, Factor:ONE, State:OPEN]
2019-09-25 12:06:02,433 [RatisPipelineUtilsThread] INFO  pipeline.PipelinePlacementPolicy (PipelinePlacementPolicy.java:meetCriteria(91)) - Pipeline Placement: can't place more pipeline on heavy datanode： 159c7809-d8ec-4cf8-a31c-e2f384cc14d2 Heaviness: 6 limit: 5
2019-09-25 12:06:02,433 [RatisPipelineUtilsThread] INFO  pipeline.PipelinePlacementPolicy (PipelinePlacementPolicy.java:meetCriteria(91)) - Pipeline Placement: can't place more pipeline on heavy datanode： de2e4d40-31b5-4e53-8675-f16775b3ddb7 Heaviness: 6 limit: 5
2019-09-25 12:06:02,441 [grpc-default-executor-1] INFO  impl.RaftServerProxy (RaftServerProxy.java:addNew(89)) - 50493258-76a6-47fc-92c1-a180d5b1121a: addNew group-EB893D903F46:[50493258-76a6-47fc-92c1-a180d5b1121a:192.168.151.73:40355] returns group-EB893D903F46:java.util.concurrent.CompletableFuture@11a747ce[Not completed]
2019-09-25 12:06:02,442 [pool-547-thread-1] INFO  impl.RaftServerImpl (RaftServerImpl.java:<init>(95)) - 50493258-76a6-47fc-92c1-a180d5b1121a: new RaftServerImpl for group-EB893D903F46:[50493258-76a6-47fc-92c1-a180d5b1121a:192.168.151.73:40355] with ContainerStateMachine:uninitialized
2019-09-25 12:06:02,442 [pool-547-thread-1] INFO  server.RaftServerConfigKeys (ConfUtils.java:logGet(43)) - raft.server.rpc.timeout.min = 5s (custom)
2019-09-25 12:06:02,442 [pool-547-thread-1] INFO  server.RaftServerConfigKeys (ConfUtils.java:logGet(43)) - raft.server.rpc.timeout.max = 5200ms (custom)
2019-09-25 12:06:02,442 [pool-547-thread-1] INFO  server.RaftServerConfigKeys (ConfUtils.java:logGet(43)) - raft.server.rpcslowness.timeout = 120s (custom)
2019-09-25 12:06:02,442 [pool-547-thread-1] INFO  server.RaftServerConfigKeys (ConfUtils.java:logGet(43)) - raft.server.sleep.deviation.threshold = 300 (default)
2019-09-25 12:06:02,442 [pool-547-thread-1] INFO  server.RaftServerConfigKeys (ConfUtils.java:logGet(43)) - raft.server.log.appender.install.snapshot.enabled = false (custom)
2019-09-25 12:06:02,442 [pool-547-thread-1] INFO  impl.RaftServerImpl (ServerState.java:<init>(103)) - 50493258-76a6-47fc-92c1-a180d5b1121a@group-EB893D903F46: ConfigurationManager, init=-1: [50493258-76a6-47fc-92c1-a180d5b1121a:192.168.151.73:40355], old=null, confs=<EMPTY_MAP>
2019-09-25 12:06:02,442 [pool-547-thread-1] INFO  server.RaftServerConfigKeys (ConfUtils.java:logGet(43)) - raft.server.storage.dir = [/workdir/hadoop-ozone/integration-test/target/test-dir/MiniOzoneClusterImpl-757e75c3-29a2-41d1-adb4-db6d7805a8c7/datanode-5/data/ratis] (custom)
2019-09-25 12:06:02,443 [pool-547-thread-1] INFO  storage.RaftStorageDirectory (RaftStorageDirectory.java:analyzeStorage(246)) - The storage directory /workdir/hadoop-ozone/integration-test/target/test-dir/MiniOzoneClusterImpl-757e75c3-29a2-41d1-adb4-db6d7805a8c7/datanode-5/data/ratis/2e28dcdb-3fbb-467a-8855-eb893d903f46 does not exist. Creating ...
2019-09-25 12:06:02,455 [pool-547-thread-1] INFO  storage.RaftStorageDirectory (RaftStorageDirectory.java:tryLock(328)) - Lock on /workdir/hadoop-ozone/integration-test/target/test-dir/MiniOzoneClusterImpl-757e75c3-29a2-41d1-adb4-db6d7805a8c7/datanode-5/data/ratis/2e28dcdb-3fbb-467a-8855-eb893d903f46/in_use.lock acquired by nodename 24979@pr-hdds-1569-shd4m-3693607622
2019-09-25 12:06:02,468 [pool-547-thread-1] INFO  storage.RaftStorage (RaftStorage.java:format(72)) - Storage directory /workdir/hadoop-ozone/integration-test/target/test-dir/MiniOzoneClusterImpl-757e75c3-29a2-41d1-adb4-db6d7805a8c7/datanode-5/data/ratis/2e28dcdb-3fbb-467a-8855-eb893d903f46 has been successfully formatted.
2019-09-25 12:06:02,468 [pool-547-thread-1] INFO  ratis.ContainerStateMachine (ContainerStateMachine.java:loadSnapshot(230)) - group-EB893D903F46: The snapshot info is null. Setting the last applied indexto:(t:0, i:~)
2019-09-25 12:06:02,468 [pool-547-thread-1] INFO  server.RaftServerConfigKeys (ConfUtils.java:logGet(43)) - raft.server.notification.no-leader.timeout = 120s (custom)
2019-09-25 12:06:02,468 [pool-547-thread-1] INFO  server.RaftServerConfigKeys (ConfUtils.java:logGet(43)) - raft.server.log.use.memory = false (default)
2019-09-25 12:06:02,468 [pool-547-thread-1] INFO  server.RaftServerConfigKeys (ConfUtils.java:logGet(43)) - raft.server.log.purge.gap = 1000000 (custom)
2019-09-25 12:06:02,468 [pool-547-thread-1] INFO  server.RaftServerConfigKeys (ConfUtils.java:logGet(43)) - raft.server.log.appender.buffer.byte-limit = 33554432 (custom)
2019-09-25 12:06:02,468 [pool-547-thread-1] INFO  server.RaftServerConfigKeys (ConfUtils.java:logGet(43)) - raft.server.log.segment.size.max = 1048576 (custom)
2019-09-25 12:06:02,468 [pool-547-thread-1] INFO  server.RaftServerConfigKeys (ConfUtils.java:logGet(43)) - raft.server.log.segment.cache.num.max = 2 (custom)
2019-09-25 12:06:02,469 [pool-547-thread-1] INFO  segmented.SegmentedRaftLogWorker (SegmentedRaftLogWorker.java:<init>(172)) - new 50493258-76a6-47fc-92c1-a180d5b1121a@group-EB893D903F46-SegmentedRaftLogWorker for RaftStorage:Storage Directory /workdir/hadoop-ozone/integration-test/target/test-dir/MiniOzoneClusterImpl-757e75c3-29a2-41d1-adb4-db6d7805a8c7/datanode-5/data/ratis/2e28dcdb-3fbb-467a-8855-eb893d903f46
2019-09-25 12:06:02,470 [pool-547-thread-1] INFO  server.RaftServerConfigKeys (ConfUtils.java:logGet(43)) - raft.server.log.queue.byte-limit = 2147483647 (custom)
2019-09-25 12:06:02,470 [pool-547-thread-1] INFO  server.RaftServerConfigKeys (ConfUtils.java:logGet(43)) - raft.server.log.queue.element-limit = 1024 (custom)
2019-09-25 12:06:02,471 [pool-547-thread-1] INFO  server.RaftServerConfigKeys (ConfUtils.java:logGet(43)) - raft.server.log.segment.size.max = 1048576 (custom)
2019-09-25 12:06:02,471 [pool-547-thread-1] INFO  server.RaftServerConfigKeys (ConfUtils.java:logGet(43)) - raft.server.log.preallocated.size = 16384 (custom)
2019-09-25 12:06:02,471 [pool-547-thread-1] INFO  server.RaftServerConfigKeys (ConfUtils.java:logGet(43)) - raft.server.log.write.buffer.size = 33554432 (custom)
2019-09-25 12:06:02,471 [pool-547-thread-1] INFO  server.RaftServerConfigKeys (ConfUtils.java:logGet(43)) - raft.server.log.force.sync.num = 128 (default)
2019-09-25 12:06:02,471 [pool-547-thread-1] INFO  server.RaftServerConfigKeys (ConfUtils.java:logGet(43)) - raft.server.log.statemachine.data.sync = true (default)
2019-09-25 12:06:02,471 [pool-547-thread-1] INFO  server.RaftServerConfigKeys (ConfUtils.java:logGet(43)) - raft.server.log.statemachine.data.sync.timeout = 10s (default)
2019-09-25 12:06:02,471 [pool-547-thread-1] INFO  server.RaftServerConfigKeys (ConfUtils.java:logGet(43)) - raft.server.log.statemachine.data.sync.timeout.retry = -1 (default)
2019-09-25 12:06:02,472 [pool-547-thread-1] INFO  server.RaftServerConfigKeys (ConfUtils.java:logGet(43)) - raft.server.log.statemachine.data.caching.enabled = true (custom)
2019-09-25 12:06:02,472 [pool-547-thread-1] INFO  segmented.SegmentedRaftLogWorker (SegmentedRaftLogWorker.java:lambda$new$0(132)) - 50493258-76a6-47fc-92c1-a180d5b1121a@group-EB893D903F46-SegmentedRaftLogWorker: flushIndex: setUnconditionally 0 -> -1
2019-09-25 12:06:02,472 [pool-547-thread-1] INFO  server.RaftServerConfigKeys (ConfUtils.java:logGet(43)) - raft.server.snapshot.auto.trigger.enabled = true (custom)
2019-09-25 12:06:02,472 [pool-547-thread-1] INFO  server.RaftServerConfigKeys (ConfUtils.java:logGet(43)) - raft.server.snapshot.auto.trigger.threshold = 10000 (custom)
2019-09-25 12:06:02,472 [pool-547-thread-1] INFO  server.RaftServerConfigKeys (ConfUtils.java:logGet(43)) - raft.server.snapshot.retention.num.files = 5 (custom)
2019-09-25 12:06:02,472 [pool-547-thread-1] INFO  server.RaftServerConfigKeys (ConfUtils.java:logGet(43)) - raft.server.retrycache.expirytime = 600000ms (custom)
2019-09-25 12:06:02,474 [pool-547-thread-1] INFO  impl.RaftServerImpl (RaftServerImpl.java:start(185)) - 50493258-76a6-47fc-92c1-a180d5b1121a@group-EB893D903F46: start as a follower, conf=-1: [50493258-76a6-47fc-92c1-a180d5b1121a:192.168.151.73:40355], old=null
2019-09-25 12:06:02,474 [pool-547-thread-1] INFO  impl.RaftServerImpl (RaftServerImpl.java:setRole(174)) - 50493258-76a6-47fc-92c1-a180d5b1121a@group-EB893D903F46: changes role from      null to FOLLOWER at term 0 for startAsFollower
2019-09-25 12:06:02,474 [pool-547-thread-1] INFO  impl.RoleInfo (RoleInfo.java:updateAndGet(143)) - 50493258-76a6-47fc-92c1-a180d5b1121a: start FollowerState
2019-09-25 12:06:02,475 [pool-547-thread-1] INFO  util.JmxRegister (JmxRegister.java:tryRegister(44)) - Successfully registered JMX Bean with object name Ratis:service=RaftServer,group=group-EB893D903F46,id=50493258-76a6-47fc-92c1-a180d5b1121a
2019-09-25 12:06:02,477 [RatisPipelineUtilsThread] INFO  pipeline.PipelineStateManager (PipelineStateManager.java:addPipeline(56)) - Created pipeline Pipeline[ Id: 2e28dcdb-3fbb-467a-8855-eb893d903f46, Nodes: 50493258-76a6-47fc-92c1-a180d5b1121a{ip: 192.168.151.73, host: pr-hdds-1569-shd4m-3693607622, networkLocation: /default-rack, certSerialId: null}, Type:RATIS, Factor:ONE, State:OPEN]
2019-09-25 12:06:02,477 [RatisPipelineUtilsThread] INFO  pipeline.PipelinePlacementPolicy (PipelinePlacementPolicy.java:meetCriteria(91)) - Pipeline Placement: can't place more pipeline on heavy datanode： 159c7809-d8ec-4cf8-a31c-e2f384cc14d2 Heaviness: 6 limit: 5
2019-09-25 12:06:02,477 [RatisPipelineUtilsThread] INFO  pipeline.PipelinePlacementPolicy (PipelinePlacementPolicy.java:meetCriteria(91)) - Pipeline Placement: can't place more pipeline on heavy datanode： de2e4d40-31b5-4e53-8675-f16775b3ddb7 Heaviness: 6 limit: 5
2019-09-25 12:06:02,480 [grpc-default-executor-1] INFO  impl.RaftServerProxy (RaftServerProxy.java:addNew(89)) - 2bd0627d-72ad-45ef-ab03-a55c09ad6c3a: addNew group-5DED97F94C66:[2bd0627d-72ad-45ef-ab03-a55c09ad6c3a:192.168.151.73:33385] returns group-5DED97F94C66:java.util.concurrent.CompletableFuture@6ee17141[Not completed]
2019-09-25 12:06:02,481 [pool-527-thread-1] INFO  impl.RaftServerImpl (RaftServerImpl.java:<init>(95)) - 2bd0627d-72ad-45ef-ab03-a55c09ad6c3a: new RaftServerImpl for group-5DED97F94C66:[2bd0627d-72ad-45ef-ab03-a55c09ad6c3a:192.168.151.73:33385] with ContainerStateMachine:uninitialized
2019-09-25 12:06:02,481 [pool-527-thread-1] INFO  server.RaftServerConfigKeys (ConfUtils.java:logGet(43)) - raft.server.rpc.timeout.min = 5s (custom)
2019-09-25 12:06:02,481 [pool-527-thread-1] INFO  server.RaftServerConfigKeys (ConfUtils.java:logGet(43)) - raft.server.rpc.timeout.max = 5200ms (custom)
2019-09-25 12:06:02,481 [pool-527-thread-1] INFO  server.RaftServerConfigKeys (ConfUtils.java:logGet(43)) - raft.server.rpcslowness.timeout = 120s (custom)
2019-09-25 12:06:02,482 [pool-527-thread-1] INFO  server.RaftServerConfigKeys (ConfUtils.java:logGet(43)) - raft.server.sleep.deviation.threshold = 300 (default)
2019-09-25 12:06:02,482 [pool-527-thread-1] INFO  server.RaftServerConfigKeys (ConfUtils.java:logGet(43)) - raft.server.log.appender.install.snapshot.enabled = false (custom)
2019-09-25 12:06:02,482 [pool-527-thread-1] INFO  impl.RaftServerImpl (ServerState.java:<init>(103)) - 2bd0627d-72ad-45ef-ab03-a55c09ad6c3a@group-5DED97F94C66: ConfigurationManager, init=-1: [2bd0627d-72ad-45ef-ab03-a55c09ad6c3a:192.168.151.73:33385], old=null, confs=<EMPTY_MAP>
2019-09-25 12:06:02,482 [pool-527-thread-1] INFO  server.RaftServerConfigKeys (ConfUtils.java:logGet(43)) - raft.server.storage.dir = [/workdir/hadoop-ozone/integration-test/target/test-dir/MiniOzoneClusterImpl-757e75c3-29a2-41d1-adb4-db6d7805a8c7/datanode-3/data/ratis] (custom)
2019-09-25 12:06:02,482 [pool-527-thread-1] INFO  storage.RaftStorageDirectory (RaftStorageDirectory.java:analyzeStorage(246)) - The storage directory /workdir/hadoop-ozone/integration-test/target/test-dir/MiniOzoneClusterImpl-757e75c3-29a2-41d1-adb4-db6d7805a8c7/datanode-3/data/ratis/cca2d079-bc4f-44df-a3ec-5ded97f94c66 does not exist. Creating ...
2019-09-25 12:06:02,485 [pool-527-thread-1] INFO  storage.RaftStorageDirectory (RaftStorageDirectory.java:tryLock(328)) - Lock on /workdir/hadoop-ozone/integration-test/target/test-dir/MiniOzoneClusterImpl-757e75c3-29a2-41d1-adb4-db6d7805a8c7/datanode-3/data/ratis/cca2d079-bc4f-44df-a3ec-5ded97f94c66/in_use.lock acquired by nodename 24979@pr-hdds-1569-shd4m-3693607622
2019-09-25 12:06:02,488 [pool-527-thread-1] INFO  storage.RaftStorage (RaftStorage.java:format(72)) - Storage directory /workdir/hadoop-ozone/integration-test/target/test-dir/MiniOzoneClusterImpl-757e75c3-29a2-41d1-adb4-db6d7805a8c7/datanode-3/data/ratis/cca2d079-bc4f-44df-a3ec-5ded97f94c66 has been successfully formatted.
2019-09-25 12:06:02,489 [pool-527-thread-1] INFO  ratis.ContainerStateMachine (ContainerStateMachine.java:loadSnapshot(230)) - group-5DED97F94C66: The snapshot info is null. Setting the last applied indexto:(t:0, i:~)
2019-09-25 12:06:02,489 [pool-527-thread-1] INFO  server.RaftServerConfigKeys (ConfUtils.java:logGet(43)) - raft.server.notification.no-leader.timeout = 120s (custom)
2019-09-25 12:06:02,489 [pool-527-thread-1] INFO  server.RaftServerConfigKeys (ConfUtils.java:logGet(43)) - raft.server.log.use.memory = false (default)
2019-09-25 12:06:02,489 [pool-527-thread-1] INFO  server.RaftServerConfigKeys (ConfUtils.java:logGet(43)) - raft.server.log.purge.gap = 1000000 (custom)
2019-09-25 12:06:02,489 [pool-527-thread-1] INFO  server.RaftServerConfigKeys (ConfUtils.java:logGet(43)) - raft.server.log.appender.buffer.byte-limit = 33554432 (custom)
2019-09-25 12:06:02,489 [pool-527-thread-1] INFO  server.RaftServerConfigKeys (ConfUtils.java:logGet(43)) - raft.server.log.segment.size.max = 1048576 (custom)
2019-09-25 12:06:02,489 [pool-527-thread-1] INFO  server.RaftServerConfigKeys (ConfUtils.java:logGet(43)) - raft.server.log.segment.cache.num.max = 2 (custom)
2019-09-25 12:06:02,489 [pool-527-thread-1] INFO  segmented.SegmentedRaftLogWorker (SegmentedRaftLogWorker.java:<init>(172)) - new 2bd0627d-72ad-45ef-ab03-a55c09ad6c3a@group-5DED97F94C66-SegmentedRaftLogWorker for RaftStorage:Storage Directory /workdir/hadoop-ozone/integration-test/target/test-dir/MiniOzoneClusterImpl-757e75c3-29a2-41d1-adb4-db6d7805a8c7/datanode-3/data/ratis/cca2d079-bc4f-44df-a3ec-5ded97f94c66
2019-09-25 12:06:02,490 [pool-527-thread-1] INFO  server.RaftServerConfigKeys (ConfUtils.java:logGet(43)) - raft.server.log.queue.byte-limit = 2147483647 (custom)
2019-09-25 12:06:02,490 [pool-527-thread-1] INFO  server.RaftServerConfigKeys (ConfUtils.java:logGet(43)) - raft.server.log.queue.element-limit = 1024 (custom)
2019-09-25 12:06:02,490 [pool-527-thread-1] INFO  server.RaftServerConfigKeys (ConfUtils.java:logGet(43)) - raft.server.log.segment.size.max = 1048576 (custom)
2019-09-25 12:06:02,490 [pool-527-thread-1] INFO  server.RaftServerConfigKeys (ConfUtils.java:logGet(43)) - raft.server.log.preallocated.size = 16384 (custom)
2019-09-25 12:06:02,490 [pool-527-thread-1] INFO  server.RaftServerConfigKeys (ConfUtils.java:logGet(43)) - raft.server.log.write.buffer.size = 33554432 (custom)
2019-09-25 12:06:02,490 [pool-527-thread-1] INFO  server.RaftServerConfigKeys (ConfUtils.java:logGet(43)) - raft.server.log.force.sync.num = 128 (default)
2019-09-25 12:06:02,490 [pool-527-thread-1] INFO  server.RaftServerConfigKeys (ConfUtils.java:logGet(43)) - raft.server.log.statemachine.data.sync = true (default)
2019-09-25 12:06:02,490 [pool-527-thread-1] INFO  server.RaftServerConfigKeys (ConfUtils.java:logGet(43)) - raft.server.log.statemachine.data.sync.timeout = 10s (default)
2019-09-25 12:06:02,490 [pool-527-thread-1] INFO  server.RaftServerConfigKeys (ConfUtils.java:logGet(43)) - raft.server.log.statemachine.data.sync.timeout.retry = -1 (default)
2019-09-25 12:06:02,491 [pool-527-thread-1] INFO  server.RaftServerConfigKeys (ConfUtils.java:logGet(43)) - raft.server.log.statemachine.data.caching.enabled = true (custom)
2019-09-25 12:06:02,491 [pool-527-thread-1] INFO  segmented.SegmentedRaftLogWorker (SegmentedRaftLogWorker.java:lambda$new$0(132)) - 2bd0627d-72ad-45ef-ab03-a55c09ad6c3a@group-5DED97F94C66-SegmentedRaftLogWorker: flushIndex: setUnconditionally 0 -> -1
2019-09-25 12:06:02,491 [pool-527-thread-1] INFO  server.RaftServerConfigKeys (ConfUtils.java:logGet(43)) - raft.server.snapshot.auto.trigger.enabled = true (custom)
2019-09-25 12:06:02,491 [pool-527-thread-1] INFO  server.RaftServerConfigKeys (ConfUtils.java:logGet(43)) - raft.server.snapshot.auto.trigger.threshold = 10000 (custom)
2019-09-25 12:06:02,491 [pool-527-thread-1] INFO  server.RaftServerConfigKeys (ConfUtils.java:logGet(43)) - raft.server.snapshot.retention.num.files = 5 (custom)
2019-09-25 12:06:02,491 [pool-527-thread-1] INFO  server.RaftServerConfigKeys (ConfUtils.java:logGet(43)) - raft.server.retrycache.expirytime = 600000ms (custom)
2019-09-25 12:06:02,493 [pool-527-thread-1] INFO  impl.RaftServerImpl (RaftServerImpl.java:start(185)) - 2bd0627d-72ad-45ef-ab03-a55c09ad6c3a@group-5DED97F94C66: start as a follower, conf=-1: [2bd0627d-72ad-45ef-ab03-a55c09ad6c3a:192.168.151.73:33385], old=null
2019-09-25 12:06:02,493 [pool-527-thread-1] INFO  impl.RaftServerImpl (RaftServerImpl.java:setRole(174)) - 2bd0627d-72ad-45ef-ab03-a55c09ad6c3a@group-5DED97F94C66: changes role from      null to FOLLOWER at term 0 for startAsFollower
2019-09-25 12:06:02,493 [pool-527-thread-1] INFO  impl.RoleInfo (RoleInfo.java:updateAndGet(143)) - 2bd0627d-72ad-45ef-ab03-a55c09ad6c3a: start FollowerState
2019-09-25 12:06:02,493 [pool-527-thread-1] INFO  util.JmxRegister (JmxRegister.java:tryRegister(44)) - Successfully registered JMX Bean with object name Ratis:service=RaftServer,group=group-5DED97F94C66,id=2bd0627d-72ad-45ef-ab03-a55c09ad6c3a
2019-09-25 12:06:02,495 [RatisPipelineUtilsThread] INFO  pipeline.PipelineStateManager (PipelineStateManager.java:addPipeline(56)) - Created pipeline Pipeline[ Id: cca2d079-bc4f-44df-a3ec-5ded97f94c66, Nodes: 2bd0627d-72ad-45ef-ab03-a55c09ad6c3a{ip: 192.168.151.73, host: pr-hdds-1569-shd4m-3693607622, networkLocation: /default-rack, certSerialId: null}, Type:RATIS, Factor:ONE, State:OPEN]
2019-09-25 12:06:02,495 [RatisPipelineUtilsThread] INFO  pipeline.PipelinePlacementPolicy (PipelinePlacementPolicy.java:meetCriteria(91)) - Pipeline Placement: can't place more pipeline on heavy datanode： 159c7809-d8ec-4cf8-a31c-e2f384cc14d2 Heaviness: 6 limit: 5
2019-09-25 12:06:02,495 [RatisPipelineUtilsThread] INFO  pipeline.PipelinePlacementPolicy (PipelinePlacementPolicy.java:meetCriteria(91)) - Pipeline Placement: can't place more pipeline on heavy datanode： de2e4d40-31b5-4e53-8675-f16775b3ddb7 Heaviness: 6 limit: 5
2019-09-25 12:06:02,498 [grpc-default-executor-1] INFO  impl.RaftServerProxy (RaftServerProxy.java:addNew(89)) - 992d69e5-6cba-4869-b94d-c8d2dc420a77: addNew group-CA5E20385C5C:[992d69e5-6cba-4869-b94d-c8d2dc420a77:192.168.151.73:40135] returns group-CA5E20385C5C:java.util.concurrent.CompletableFuture@366a1a4b[Not completed]
2019-09-25 12:06:02,499 [pool-517-thread-1] INFO  impl.RaftServerImpl (RaftServerImpl.java:<init>(95)) - 992d69e5-6cba-4869-b94d-c8d2dc420a77: new RaftServerImpl for group-CA5E20385C5C:[992d69e5-6cba-4869-b94d-c8d2dc420a77:192.168.151.73:40135] with ContainerStateMachine:uninitialized
2019-09-25 12:06:02,499 [pool-517-thread-1] INFO  server.RaftServerConfigKeys (ConfUtils.java:logGet(43)) - raft.server.rpc.timeout.min = 5s (custom)
2019-09-25 12:06:02,499 [pool-517-thread-1] INFO  server.RaftServerConfigKeys (ConfUtils.java:logGet(43)) - raft.server.rpc.timeout.max = 5200ms (custom)
2019-09-25 12:06:02,499 [pool-517-thread-1] INFO  server.RaftServerConfigKeys (ConfUtils.java:logGet(43)) - raft.server.rpcslowness.timeout = 120s (custom)
2019-09-25 12:06:02,500 [pool-517-thread-1] INFO  server.RaftServerConfigKeys (ConfUtils.java:logGet(43)) - raft.server.sleep.deviation.threshold = 300 (default)
2019-09-25 12:06:02,500 [pool-517-thread-1] INFO  server.RaftServerConfigKeys (ConfUtils.java:logGet(43)) - raft.server.log.appender.install.snapshot.enabled = false (custom)
2019-09-25 12:06:02,500 [pool-517-thread-1] INFO  impl.RaftServerImpl (ServerState.java:<init>(103)) - 992d69e5-6cba-4869-b94d-c8d2dc420a77@group-CA5E20385C5C: ConfigurationManager, init=-1: [992d69e5-6cba-4869-b94d-c8d2dc420a77:192.168.151.73:40135], old=null, confs=<EMPTY_MAP>
2019-09-25 12:06:02,500 [pool-517-thread-1] INFO  server.RaftServerConfigKeys (ConfUtils.java:logGet(43)) - raft.server.storage.dir = [/workdir/hadoop-ozone/integration-test/target/test-dir/MiniOzoneClusterImpl-757e75c3-29a2-41d1-adb4-db6d7805a8c7/datanode-2/data/ratis] (custom)
2019-09-25 12:06:02,500 [pool-517-thread-1] INFO  storage.RaftStorageDirectory (RaftStorageDirectory.java:analyzeStorage(246)) - The storage directory /workdir/hadoop-ozone/integration-test/target/test-dir/MiniOzoneClusterImpl-757e75c3-29a2-41d1-adb4-db6d7805a8c7/datanode-2/data/ratis/e8e2315f-4cff-49e9-9c16-ca5e20385c5c does not exist. Creating ...
2019-09-25 12:06:02,506 [pool-517-thread-1] INFO  storage.RaftStorageDirectory (RaftStorageDirectory.java:tryLock(328)) - Lock on /workdir/hadoop-ozone/integration-test/target/test-dir/MiniOzoneClusterImpl-757e75c3-29a2-41d1-adb4-db6d7805a8c7/datanode-2/data/ratis/e8e2315f-4cff-49e9-9c16-ca5e20385c5c/in_use.lock acquired by nodename 24979@pr-hdds-1569-shd4m-3693607622
2019-09-25 12:06:02,542 [pool-517-thread-1] INFO  storage.RaftStorage (RaftStorage.java:format(72)) - Storage directory /workdir/hadoop-ozone/integration-test/target/test-dir/MiniOzoneClusterImpl-757e75c3-29a2-41d1-adb4-db6d7805a8c7/datanode-2/data/ratis/e8e2315f-4cff-49e9-9c16-ca5e20385c5c has been successfully formatted.
2019-09-25 12:06:02,543 [pool-517-thread-1] INFO  ratis.ContainerStateMachine (ContainerStateMachine.java:loadSnapshot(230)) - group-CA5E20385C5C: The snapshot info is null. Setting the last applied indexto:(t:0, i:~)
2019-09-25 12:06:02,543 [pool-517-thread-1] INFO  server.RaftServerConfigKeys (ConfUtils.java:logGet(43)) - raft.server.notification.no-leader.timeout = 120s (custom)
2019-09-25 12:06:02,543 [pool-517-thread-1] INFO  server.RaftServerConfigKeys (ConfUtils.java:logGet(43)) - raft.server.log.use.memory = false (default)
2019-09-25 12:06:02,543 [pool-517-thread-1] INFO  server.RaftServerConfigKeys (ConfUtils.java:logGet(43)) - raft.server.log.purge.gap = 1000000 (custom)
2019-09-25 12:06:02,543 [pool-517-thread-1] INFO  server.RaftServerConfigKeys (ConfUtils.java:logGet(43)) - raft.server.log.appender.buffer.byte-limit = 33554432 (custom)
2019-09-25 12:06:02,544 [pool-517-thread-1] INFO  server.RaftServerConfigKeys (ConfUtils.java:logGet(43)) - raft.server.log.segment.size.max = 1048576 (custom)
2019-09-25 12:06:02,544 [pool-517-thread-1] INFO  server.RaftServerConfigKeys (ConfUtils.java:logGet(43)) - raft.server.log.segment.cache.num.max = 2 (custom)
2019-09-25 12:06:02,544 [pool-517-thread-1] INFO  segmented.SegmentedRaftLogWorker (SegmentedRaftLogWorker.java:<init>(172)) - new 992d69e5-6cba-4869-b94d-c8d2dc420a77@group-CA5E20385C5C-SegmentedRaftLogWorker for RaftStorage:Storage Directory /workdir/hadoop-ozone/integration-test/target/test-dir/MiniOzoneClusterImpl-757e75c3-29a2-41d1-adb4-db6d7805a8c7/datanode-2/data/ratis/e8e2315f-4cff-49e9-9c16-ca5e20385c5c
2019-09-25 12:06:02,544 [pool-517-thread-1] INFO  server.RaftServerConfigKeys (ConfUtils.java:logGet(43)) - raft.server.log.queue.byte-limit = 2147483647 (custom)
2019-09-25 12:06:02,544 [pool-517-thread-1] INFO  server.RaftServerConfigKeys (ConfUtils.java:logGet(43)) - raft.server.log.queue.element-limit = 1024 (custom)
2019-09-25 12:06:02,544 [pool-517-thread-1] INFO  server.RaftServerConfigKeys (ConfUtils.java:logGet(43)) - raft.server.log.segment.size.max = 1048576 (custom)
2019-09-25 12:06:02,545 [pool-517-thread-1] INFO  server.RaftServerConfigKeys (ConfUtils.java:logGet(43)) - raft.server.log.preallocated.size = 16384 (custom)
2019-09-25 12:06:02,545 [pool-517-thread-1] INFO  server.RaftServerConfigKeys (ConfUtils.java:logGet(43)) - raft.server.log.write.buffer.size = 33554432 (custom)
2019-09-25 12:06:02,545 [pool-517-thread-1] INFO  server.RaftServerConfigKeys (ConfUtils.java:logGet(43)) - raft.server.log.force.sync.num = 128 (default)
2019-09-25 12:06:02,545 [pool-517-thread-1] INFO  server.RaftServerConfigKeys (ConfUtils.java:logGet(43)) - raft.server.log.statemachine.data.sync = true (default)
2019-09-25 12:06:02,545 [pool-517-thread-1] INFO  server.RaftServerConfigKeys (ConfUtils.java:logGet(43)) - raft.server.log.statemachine.data.sync.timeout = 10s (default)
2019-09-25 12:06:02,545 [pool-517-thread-1] INFO  server.RaftServerConfigKeys (ConfUtils.java:logGet(43)) - raft.server.log.statemachine.data.sync.timeout.retry = -1 (default)
2019-09-25 12:06:02,546 [pool-517-thread-1] INFO  server.RaftServerConfigKeys (ConfUtils.java:logGet(43)) - raft.server.log.statemachine.data.caching.enabled = true (custom)
2019-09-25 12:06:02,546 [pool-517-thread-1] INFO  segmented.SegmentedRaftLogWorker (SegmentedRaftLogWorker.java:lambda$new$0(132)) - 992d69e5-6cba-4869-b94d-c8d2dc420a77@group-CA5E20385C5C-SegmentedRaftLogWorker: flushIndex: setUnconditionally 0 -> -1
2019-09-25 12:06:02,546 [pool-517-thread-1] INFO  server.RaftServerConfigKeys (ConfUtils.java:logGet(43)) - raft.server.snapshot.auto.trigger.enabled = true (custom)
2019-09-25 12:06:02,546 [pool-517-thread-1] INFO  server.RaftServerConfigKeys (ConfUtils.java:logGet(43)) - raft.server.snapshot.auto.trigger.threshold = 10000 (custom)
2019-09-25 12:06:02,547 [pool-517-thread-1] INFO  server.RaftServerConfigKeys (ConfUtils.java:logGet(43)) - raft.server.snapshot.retention.num.files = 5 (custom)
2019-09-25 12:06:02,547 [pool-517-thread-1] INFO  server.RaftServerConfigKeys (ConfUtils.java:logGet(43)) - raft.server.retrycache.expirytime = 600000ms (custom)
2019-09-25 12:06:02,549 [pool-517-thread-1] INFO  impl.RaftServerImpl (RaftServerImpl.java:start(185)) - 992d69e5-6cba-4869-b94d-c8d2dc420a77@group-CA5E20385C5C: start as a follower, conf=-1: [992d69e5-6cba-4869-b94d-c8d2dc420a77:192.168.151.73:40135], old=null
2019-09-25 12:06:02,549 [pool-517-thread-1] INFO  impl.RaftServerImpl (RaftServerImpl.java:setRole(174)) - 992d69e5-6cba-4869-b94d-c8d2dc420a77@group-CA5E20385C5C: changes role from      null to FOLLOWER at term 0 for startAsFollower
2019-09-25 12:06:02,549 [pool-517-thread-1] INFO  impl.RoleInfo (RoleInfo.java:updateAndGet(143)) - 992d69e5-6cba-4869-b94d-c8d2dc420a77: start FollowerState
2019-09-25 12:06:02,549 [pool-517-thread-1] INFO  util.JmxRegister (JmxRegister.java:tryRegister(44)) - Successfully registered JMX Bean with object name Ratis:service=RaftServer,group=group-CA5E20385C5C,id=992d69e5-6cba-4869-b94d-c8d2dc420a77
2019-09-25 12:06:02,552 [RatisPipelineUtilsThread] INFO  pipeline.PipelineStateManager (PipelineStateManager.java:addPipeline(56)) - Created pipeline Pipeline[ Id: e8e2315f-4cff-49e9-9c16-ca5e20385c5c, Nodes: 992d69e5-6cba-4869-b94d-c8d2dc420a77{ip: 192.168.151.73, host: pr-hdds-1569-shd4m-3693607622, networkLocation: /default-rack, certSerialId: null}, Type:RATIS, Factor:ONE, State:OPEN]
2019-09-25 12:06:02,552 [RatisPipelineUtilsThread] INFO  pipeline.PipelinePlacementPolicy (PipelinePlacementPolicy.java:meetCriteria(91)) - Pipeline Placement: can't place more pipeline on heavy datanode： 159c7809-d8ec-4cf8-a31c-e2f384cc14d2 Heaviness: 6 limit: 5
2019-09-25 12:06:02,552 [RatisPipelineUtilsThread] INFO  pipeline.PipelinePlacementPolicy (PipelinePlacementPolicy.java:meetCriteria(91)) - Pipeline Placement: can't place more pipeline on heavy datanode： de2e4d40-31b5-4e53-8675-f16775b3ddb7 Heaviness: 6 limit: 5
2019-09-25 12:06:02,555 [grpc-default-executor-1] INFO  impl.RaftServerProxy (RaftServerProxy.java:addNew(89)) - 992d69e5-6cba-4869-b94d-c8d2dc420a77: addNew group-EEAF51056AFE:[992d69e5-6cba-4869-b94d-c8d2dc420a77:192.168.151.73:40135] returns group-EEAF51056AFE:java.util.concurrent.CompletableFuture@2f147f17[Not completed]
2019-09-25 12:06:02,556 [pool-517-thread-1] INFO  impl.RaftServerImpl (RaftServerImpl.java:<init>(95)) - 992d69e5-6cba-4869-b94d-c8d2dc420a77: new RaftServerImpl for group-EEAF51056AFE:[992d69e5-6cba-4869-b94d-c8d2dc420a77:192.168.151.73:40135] with ContainerStateMachine:uninitialized
2019-09-25 12:06:02,556 [pool-517-thread-1] INFO  server.RaftServerConfigKeys (ConfUtils.java:logGet(43)) - raft.server.rpc.timeout.min = 5s (custom)
2019-09-25 12:06:02,556 [pool-517-thread-1] INFO  server.RaftServerConfigKeys (ConfUtils.java:logGet(43)) - raft.server.rpc.timeout.max = 5200ms (custom)
2019-09-25 12:06:02,557 [pool-517-thread-1] INFO  server.RaftServerConfigKeys (ConfUtils.java:logGet(43)) - raft.server.rpcslowness.timeout = 120s (custom)
2019-09-25 12:06:02,557 [pool-517-thread-1] INFO  server.RaftServerConfigKeys (ConfUtils.java:logGet(43)) - raft.server.sleep.deviation.threshold = 300 (default)
2019-09-25 12:06:02,557 [pool-517-thread-1] INFO  server.RaftServerConfigKeys (ConfUtils.java:logGet(43)) - raft.server.log.appender.install.snapshot.enabled = false (custom)
2019-09-25 12:06:02,557 [pool-517-thread-1] INFO  impl.RaftServerImpl (ServerState.java:<init>(103)) - 992d69e5-6cba-4869-b94d-c8d2dc420a77@group-EEAF51056AFE: ConfigurationManager, init=-1: [992d69e5-6cba-4869-b94d-c8d2dc420a77:192.168.151.73:40135], old=null, confs=<EMPTY_MAP>
2019-09-25 12:06:02,557 [pool-517-thread-1] INFO  server.RaftServerConfigKeys (ConfUtils.java:logGet(43)) - raft.server.storage.dir = [/workdir/hadoop-ozone/integration-test/target/test-dir/MiniOzoneClusterImpl-757e75c3-29a2-41d1-adb4-db6d7805a8c7/datanode-2/data/ratis] (custom)
2019-09-25 12:06:02,558 [pool-517-thread-1] INFO  storage.RaftStorageDirectory (RaftStorageDirectory.java:analyzeStorage(246)) - The storage directory /workdir/hadoop-ozone/integration-test/target/test-dir/MiniOzoneClusterImpl-757e75c3-29a2-41d1-adb4-db6d7805a8c7/datanode-2/data/ratis/e22a04a9-d086-4969-819d-eeaf51056afe does not exist. Creating ...
2019-09-25 12:06:02,570 [pool-517-thread-1] INFO  storage.RaftStorageDirectory (RaftStorageDirectory.java:tryLock(328)) - Lock on /workdir/hadoop-ozone/integration-test/target/test-dir/MiniOzoneClusterImpl-757e75c3-29a2-41d1-adb4-db6d7805a8c7/datanode-2/data/ratis/e22a04a9-d086-4969-819d-eeaf51056afe/in_use.lock acquired by nodename 24979@pr-hdds-1569-shd4m-3693607622
2019-09-25 12:06:02,583 [pool-517-thread-1] INFO  storage.RaftStorage (RaftStorage.java:format(72)) - Storage directory /workdir/hadoop-ozone/integration-test/target/test-dir/MiniOzoneClusterImpl-757e75c3-29a2-41d1-adb4-db6d7805a8c7/datanode-2/data/ratis/e22a04a9-d086-4969-819d-eeaf51056afe has been successfully formatted.
2019-09-25 12:06:02,583 [pool-517-thread-1] INFO  ratis.ContainerStateMachine (ContainerStateMachine.java:loadSnapshot(230)) - group-EEAF51056AFE: The snapshot info is null. Setting the last applied indexto:(t:0, i:~)
2019-09-25 12:06:02,583 [pool-517-thread-1] INFO  server.RaftServerConfigKeys (ConfUtils.java:logGet(43)) - raft.server.notification.no-leader.timeout = 120s (custom)
2019-09-25 12:06:02,583 [pool-517-thread-1] INFO  server.RaftServerConfigKeys (ConfUtils.java:logGet(43)) - raft.server.log.use.memory = false (default)
2019-09-25 12:06:02,584 [pool-517-thread-1] INFO  server.RaftServerConfigKeys (ConfUtils.java:logGet(43)) - raft.server.log.purge.gap = 1000000 (custom)
2019-09-25 12:06:02,584 [pool-517-thread-1] INFO  server.RaftServerConfigKeys (ConfUtils.java:logGet(43)) - raft.server.log.appender.buffer.byte-limit = 33554432 (custom)
2019-09-25 12:06:02,584 [pool-517-thread-1] INFO  server.RaftServerConfigKeys (ConfUtils.java:logGet(43)) - raft.server.log.segment.size.max = 1048576 (custom)
2019-09-25 12:06:02,584 [pool-517-thread-1] INFO  server.RaftServerConfigKeys (ConfUtils.java:logGet(43)) - raft.server.log.segment.cache.num.max = 2 (custom)
2019-09-25 12:06:02,584 [pool-517-thread-1] INFO  segmented.SegmentedRaftLogWorker (SegmentedRaftLogWorker.java:<init>(172)) - new 992d69e5-6cba-4869-b94d-c8d2dc420a77@group-EEAF51056AFE-SegmentedRaftLogWorker for RaftStorage:Storage Directory /workdir/hadoop-ozone/integration-test/target/test-dir/MiniOzoneClusterImpl-757e75c3-29a2-41d1-adb4-db6d7805a8c7/datanode-2/data/ratis/e22a04a9-d086-4969-819d-eeaf51056afe
2019-09-25 12:06:02,584 [pool-517-thread-1] INFO  server.RaftServerConfigKeys (ConfUtils.java:logGet(43)) - raft.server.log.queue.byte-limit = 2147483647 (custom)
2019-09-25 12:06:02,584 [pool-517-thread-1] INFO  server.RaftServerConfigKeys (ConfUtils.java:logGet(43)) - raft.server.log.queue.element-limit = 1024 (custom)
2019-09-25 12:06:02,584 [pool-517-thread-1] INFO  server.RaftServerConfigKeys (ConfUtils.java:logGet(43)) - raft.server.log.segment.size.max = 1048576 (custom)
2019-09-25 12:06:02,585 [pool-517-thread-1] INFO  server.RaftServerConfigKeys (ConfUtils.java:logGet(43)) - raft.server.log.preallocated.size = 16384 (custom)
2019-09-25 12:06:02,585 [pool-517-thread-1] INFO  server.RaftServerConfigKeys (ConfUtils.java:logGet(43)) - raft.server.log.write.buffer.size = 33554432 (custom)
2019-09-25 12:06:02,585 [pool-517-thread-1] INFO  server.RaftServerConfigKeys (ConfUtils.java:logGet(43)) - raft.server.log.force.sync.num = 128 (default)
2019-09-25 12:06:02,585 [pool-517-thread-1] INFO  server.RaftServerConfigKeys (ConfUtils.java:logGet(43)) - raft.server.log.statemachine.data.sync = true (default)
2019-09-25 12:06:02,585 [pool-517-thread-1] INFO  server.RaftServerConfigKeys (ConfUtils.java:logGet(43)) - raft.server.log.statemachine.data.sync.timeout = 10s (default)
2019-09-25 12:06:02,585 [pool-517-thread-1] INFO  server.RaftServerConfigKeys (ConfUtils.java:logGet(43)) - raft.server.log.statemachine.data.sync.timeout.retry = -1 (default)
2019-09-25 12:06:02,585 [pool-517-thread-1] INFO  server.RaftServerConfigKeys (ConfUtils.java:logGet(43)) - raft.server.log.statemachine.data.caching.enabled = true (custom)
2019-09-25 12:06:02,586 [pool-517-thread-1] INFO  segmented.SegmentedRaftLogWorker (SegmentedRaftLogWorker.java:lambda$new$0(132)) - 992d69e5-6cba-4869-b94d-c8d2dc420a77@group-EEAF51056AFE-SegmentedRaftLogWorker: flushIndex: setUnconditionally 0 -> -1
2019-09-25 12:06:02,586 [pool-517-thread-1] INFO  server.RaftServerConfigKeys (ConfUtils.java:logGet(43)) - raft.server.snapshot.auto.trigger.enabled = true (custom)
2019-09-25 12:06:02,586 [pool-517-thread-1] INFO  server.RaftServerConfigKeys (ConfUtils.java:logGet(43)) - raft.server.snapshot.auto.trigger.threshold = 10000 (custom)
2019-09-25 12:06:02,586 [pool-517-thread-1] INFO  server.RaftServerConfigKeys (ConfUtils.java:logGet(43)) - raft.server.snapshot.retention.num.files = 5 (custom)
2019-09-25 12:06:02,586 [pool-517-thread-1] INFO  server.RaftServerConfigKeys (ConfUtils.java:logGet(43)) - raft.server.retrycache.expirytime = 600000ms (custom)
2019-09-25 12:06:02,588 [pool-517-thread-1] INFO  impl.RaftServerImpl (RaftServerImpl.java:start(185)) - 992d69e5-6cba-4869-b94d-c8d2dc420a77@group-EEAF51056AFE: start as a follower, conf=-1: [992d69e5-6cba-4869-b94d-c8d2dc420a77:192.168.151.73:40135], old=null
2019-09-25 12:06:02,588 [pool-517-thread-1] INFO  impl.RaftServerImpl (RaftServerImpl.java:setRole(174)) - 992d69e5-6cba-4869-b94d-c8d2dc420a77@group-EEAF51056AFE: changes role from      null to FOLLOWER at term 0 for startAsFollower
2019-09-25 12:06:02,588 [pool-517-thread-1] INFO  impl.RoleInfo (RoleInfo.java:updateAndGet(143)) - 992d69e5-6cba-4869-b94d-c8d2dc420a77: start FollowerState
2019-09-25 12:06:02,588 [pool-517-thread-1] INFO  util.JmxRegister (JmxRegister.java:tryRegister(44)) - Successfully registered JMX Bean with object name Ratis:service=RaftServer,group=group-EEAF51056AFE,id=992d69e5-6cba-4869-b94d-c8d2dc420a77
2019-09-25 12:06:02,590 [RatisPipelineUtilsThread] INFO  pipeline.PipelineStateManager (PipelineStateManager.java:addPipeline(56)) - Created pipeline Pipeline[ Id: e22a04a9-d086-4969-819d-eeaf51056afe, Nodes: 992d69e5-6cba-4869-b94d-c8d2dc420a77{ip: 192.168.151.73, host: pr-hdds-1569-shd4m-3693607622, networkLocation: /default-rack, certSerialId: null}, Type:RATIS, Factor:ONE, State:OPEN]
2019-09-25 12:06:02,590 [RatisPipelineUtilsThread] INFO  pipeline.PipelinePlacementPolicy (PipelinePlacementPolicy.java:meetCriteria(91)) - Pipeline Placement: can't place more pipeline on heavy datanode： 159c7809-d8ec-4cf8-a31c-e2f384cc14d2 Heaviness: 6 limit: 5
2019-09-25 12:06:02,591 [RatisPipelineUtilsThread] INFO  pipeline.PipelinePlacementPolicy (PipelinePlacementPolicy.java:meetCriteria(91)) - Pipeline Placement: can't place more pipeline on heavy datanode： de2e4d40-31b5-4e53-8675-f16775b3ddb7 Heaviness: 6 limit: 5
2019-09-25 12:06:02,594 [grpc-default-executor-1] INFO  impl.RaftServerProxy (RaftServerProxy.java:addNew(89)) - 2bd0627d-72ad-45ef-ab03-a55c09ad6c3a: addNew group-59C51C53F0A6:[2bd0627d-72ad-45ef-ab03-a55c09ad6c3a:192.168.151.73:33385] returns group-59C51C53F0A6:java.util.concurrent.CompletableFuture@1172017f[Not completed]
2019-09-25 12:06:02,595 [pool-527-thread-1] INFO  impl.RaftServerImpl (RaftServerImpl.java:<init>(95)) - 2bd0627d-72ad-45ef-ab03-a55c09ad6c3a: new RaftServerImpl for group-59C51C53F0A6:[2bd0627d-72ad-45ef-ab03-a55c09ad6c3a:192.168.151.73:33385] with ContainerStateMachine:uninitialized
2019-09-25 12:06:02,595 [pool-527-thread-1] INFO  server.RaftServerConfigKeys (ConfUtils.java:logGet(43)) - raft.server.rpc.timeout.min = 5s (custom)
2019-09-25 12:06:02,595 [pool-527-thread-1] INFO  server.RaftServerConfigKeys (ConfUtils.java:logGet(43)) - raft.server.rpc.timeout.max = 5200ms (custom)
2019-09-25 12:06:02,595 [pool-527-thread-1] INFO  server.RaftServerConfigKeys (ConfUtils.java:logGet(43)) - raft.server.rpcslowness.timeout = 120s (custom)
2019-09-25 12:06:02,595 [pool-527-thread-1] INFO  server.RaftServerConfigKeys (ConfUtils.java:logGet(43)) - raft.server.sleep.deviation.threshold = 300 (default)
2019-09-25 12:06:02,596 [pool-527-thread-1] INFO  server.RaftServerConfigKeys (ConfUtils.java:logGet(43)) - raft.server.log.appender.install.snapshot.enabled = false (custom)
2019-09-25 12:06:02,596 [pool-527-thread-1] INFO  impl.RaftServerImpl (ServerState.java:<init>(103)) - 2bd0627d-72ad-45ef-ab03-a55c09ad6c3a@group-59C51C53F0A6: ConfigurationManager, init=-1: [2bd0627d-72ad-45ef-ab03-a55c09ad6c3a:192.168.151.73:33385], old=null, confs=<EMPTY_MAP>
2019-09-25 12:06:02,596 [pool-527-thread-1] INFO  server.RaftServerConfigKeys (ConfUtils.java:logGet(43)) - raft.server.storage.dir = [/workdir/hadoop-ozone/integration-test/target/test-dir/MiniOzoneClusterImpl-757e75c3-29a2-41d1-adb4-db6d7805a8c7/datanode-3/data/ratis] (custom)
2019-09-25 12:06:02,596 [pool-527-thread-1] INFO  storage.RaftStorageDirectory (RaftStorageDirectory.java:analyzeStorage(246)) - The storage directory /workdir/hadoop-ozone/integration-test/target/test-dir/MiniOzoneClusterImpl-757e75c3-29a2-41d1-adb4-db6d7805a8c7/datanode-3/data/ratis/4bac4332-4b7b-43f3-a01d-59c51c53f0a6 does not exist. Creating ...
2019-09-25 12:06:02,618 [pool-527-thread-1] INFO  storage.RaftStorageDirectory (RaftStorageDirectory.java:tryLock(328)) - Lock on /workdir/hadoop-ozone/integration-test/target/test-dir/MiniOzoneClusterImpl-757e75c3-29a2-41d1-adb4-db6d7805a8c7/datanode-3/data/ratis/4bac4332-4b7b-43f3-a01d-59c51c53f0a6/in_use.lock acquired by nodename 24979@pr-hdds-1569-shd4m-3693607622
2019-09-25 12:06:02,638 [pool-527-thread-1] INFO  storage.RaftStorage (RaftStorage.java:format(72)) - Storage directory /workdir/hadoop-ozone/integration-test/target/test-dir/MiniOzoneClusterImpl-757e75c3-29a2-41d1-adb4-db6d7805a8c7/datanode-3/data/ratis/4bac4332-4b7b-43f3-a01d-59c51c53f0a6 has been successfully formatted.
2019-09-25 12:06:02,639 [pool-527-thread-1] INFO  ratis.ContainerStateMachine (ContainerStateMachine.java:loadSnapshot(230)) - group-59C51C53F0A6: The snapshot info is null. Setting the last applied indexto:(t:0, i:~)
2019-09-25 12:06:02,639 [pool-527-thread-1] INFO  server.RaftServerConfigKeys (ConfUtils.java:logGet(43)) - raft.server.notification.no-leader.timeout = 120s (custom)
2019-09-25 12:06:02,639 [pool-527-thread-1] INFO  server.RaftServerConfigKeys (ConfUtils.java:logGet(43)) - raft.server.log.use.memory = false (default)
2019-09-25 12:06:02,639 [pool-527-thread-1] INFO  server.RaftServerConfigKeys (ConfUtils.java:logGet(43)) - raft.server.log.purge.gap = 1000000 (custom)
2019-09-25 12:06:02,639 [pool-527-thread-1] INFO  server.RaftServerConfigKeys (ConfUtils.java:logGet(43)) - raft.server.log.appender.buffer.byte-limit = 33554432 (custom)
2019-09-25 12:06:02,639 [pool-527-thread-1] INFO  server.RaftServerConfigKeys (ConfUtils.java:logGet(43)) - raft.server.log.segment.size.max = 1048576 (custom)
2019-09-25 12:06:02,639 [pool-527-thread-1] INFO  server.RaftServerConfigKeys (ConfUtils.java:logGet(43)) - raft.server.log.segment.cache.num.max = 2 (custom)
2019-09-25 12:06:02,639 [pool-527-thread-1] INFO  segmented.SegmentedRaftLogWorker (SegmentedRaftLogWorker.java:<init>(172)) - new 2bd0627d-72ad-45ef-ab03-a55c09ad6c3a@group-59C51C53F0A6-SegmentedRaftLogWorker for RaftStorage:Storage Directory /workdir/hadoop-ozone/integration-test/target/test-dir/MiniOzoneClusterImpl-757e75c3-29a2-41d1-adb4-db6d7805a8c7/datanode-3/data/ratis/4bac4332-4b7b-43f3-a01d-59c51c53f0a6
2019-09-25 12:06:02,640 [pool-527-thread-1] INFO  server.RaftServerConfigKeys (ConfUtils.java:logGet(43)) - raft.server.log.queue.byte-limit = 2147483647 (custom)
2019-09-25 12:06:02,640 [pool-527-thread-1] INFO  server.RaftServerConfigKeys (ConfUtils.java:logGet(43)) - raft.server.log.queue.element-limit = 1024 (custom)
2019-09-25 12:06:02,640 [pool-527-thread-1] INFO  server.RaftServerConfigKeys (ConfUtils.java:logGet(43)) - raft.server.log.segment.size.max = 1048576 (custom)
2019-09-25 12:06:02,640 [pool-527-thread-1] INFO  server.RaftServerConfigKeys (ConfUtils.java:logGet(43)) - raft.server.log.preallocated.size = 16384 (custom)
2019-09-25 12:06:02,640 [pool-527-thread-1] INFO  server.RaftServerConfigKeys (ConfUtils.java:logGet(43)) - raft.server.log.write.buffer.size = 33554432 (custom)
2019-09-25 12:06:02,640 [pool-527-thread-1] INFO  server.RaftServerConfigKeys (ConfUtils.java:logGet(43)) - raft.server.log.force.sync.num = 128 (default)
2019-09-25 12:06:02,640 [pool-527-thread-1] INFO  server.RaftServerConfigKeys (ConfUtils.java:logGet(43)) - raft.server.log.statemachine.data.sync = true (default)
2019-09-25 12:06:02,640 [pool-527-thread-1] INFO  server.RaftServerConfigKeys (ConfUtils.java:logGet(43)) - raft.server.log.statemachine.data.sync.timeout = 10s (default)
2019-09-25 12:06:02,640 [pool-527-thread-1] INFO  server.RaftServerConfigKeys (ConfUtils.java:logGet(43)) - raft.server.log.statemachine.data.sync.timeout.retry = -1 (default)
2019-09-25 12:06:02,641 [pool-527-thread-1] INFO  server.RaftServerConfigKeys (ConfUtils.java:logGet(43)) - raft.server.log.statemachine.data.caching.enabled = true (custom)
2019-09-25 12:06:02,641 [pool-527-thread-1] INFO  segmented.SegmentedRaftLogWorker (SegmentedRaftLogWorker.java:lambda$new$0(132)) - 2bd0627d-72ad-45ef-ab03-a55c09ad6c3a@group-59C51C53F0A6-SegmentedRaftLogWorker: flushIndex: setUnconditionally 0 -> -1
2019-09-25 12:06:02,641 [pool-527-thread-1] INFO  server.RaftServerConfigKeys (ConfUtils.java:logGet(43)) - raft.server.snapshot.auto.trigger.enabled = true (custom)
2019-09-25 12:06:02,641 [pool-527-thread-1] INFO  server.RaftServerConfigKeys (ConfUtils.java:logGet(43)) - raft.server.snapshot.auto.trigger.threshold = 10000 (custom)
2019-09-25 12:06:02,641 [pool-527-thread-1] INFO  server.RaftServerConfigKeys (ConfUtils.java:logGet(43)) - raft.server.snapshot.retention.num.files = 5 (custom)
2019-09-25 12:06:02,641 [pool-527-thread-1] INFO  server.RaftServerConfigKeys (ConfUtils.java:logGet(43)) - raft.server.retrycache.expirytime = 600000ms (custom)
2019-09-25 12:06:02,643 [pool-527-thread-1] INFO  impl.RaftServerImpl (RaftServerImpl.java:start(185)) - 2bd0627d-72ad-45ef-ab03-a55c09ad6c3a@group-59C51C53F0A6: start as a follower, conf=-1: [2bd0627d-72ad-45ef-ab03-a55c09ad6c3a:192.168.151.73:33385], old=null
2019-09-25 12:06:02,643 [pool-527-thread-1] INFO  impl.RaftServerImpl (RaftServerImpl.java:setRole(174)) - 2bd0627d-72ad-45ef-ab03-a55c09ad6c3a@group-59C51C53F0A6: changes role from      null to FOLLOWER at term 0 for startAsFollower
2019-09-25 12:06:02,643 [pool-527-thread-1] INFO  impl.RoleInfo (RoleInfo.java:updateAndGet(143)) - 2bd0627d-72ad-45ef-ab03-a55c09ad6c3a: start FollowerState
2019-09-25 12:06:02,643 [pool-527-thread-1] INFO  util.JmxRegister (JmxRegister.java:tryRegister(44)) - Successfully registered JMX Bean with object name Ratis:service=RaftServer,group=group-59C51C53F0A6,id=2bd0627d-72ad-45ef-ab03-a55c09ad6c3a
2019-09-25 12:06:02,645 [RatisPipelineUtilsThread] INFO  pipeline.PipelineStateManager (PipelineStateManager.java:addPipeline(56)) - Created pipeline Pipeline[ Id: 4bac4332-4b7b-43f3-a01d-59c51c53f0a6, Nodes: 2bd0627d-72ad-45ef-ab03-a55c09ad6c3a{ip: 192.168.151.73, host: pr-hdds-1569-shd4m-3693607622, networkLocation: /default-rack, certSerialId: null}, Type:RATIS, Factor:ONE, State:OPEN]
2019-09-25 12:06:02,645 [RatisPipelineUtilsThread] INFO  pipeline.PipelinePlacementPolicy (PipelinePlacementPolicy.java:meetCriteria(91)) - Pipeline Placement: can't place more pipeline on heavy datanode： 159c7809-d8ec-4cf8-a31c-e2f384cc14d2 Heaviness: 6 limit: 5
2019-09-25 12:06:02,646 [RatisPipelineUtilsThread] INFO  pipeline.PipelinePlacementPolicy (PipelinePlacementPolicy.java:meetCriteria(91)) - Pipeline Placement: can't place more pipeline on heavy datanode： 2bd0627d-72ad-45ef-ab03-a55c09ad6c3a Heaviness: 6 limit: 5
2019-09-25 12:06:02,646 [RatisPipelineUtilsThread] INFO  pipeline.PipelinePlacementPolicy (PipelinePlacementPolicy.java:meetCriteria(91)) - Pipeline Placement: can't place more pipeline on heavy datanode： de2e4d40-31b5-4e53-8675-f16775b3ddb7 Heaviness: 6 limit: 5
2019-09-25 12:06:02,654 [grpc-default-executor-1] INFO  impl.RaftServerProxy (RaftServerProxy.java:addNew(89)) - 96c68fd9-263a-4bce-9480-8d54d9f28f1c: addNew group-4554EEB7B3DD:[96c68fd9-263a-4bce-9480-8d54d9f28f1c:192.168.151.73:45392] returns group-4554EEB7B3DD:java.util.concurrent.CompletableFuture@1422798b[Not completed]
2019-09-25 12:06:02,655 [pool-537-thread-1] INFO  impl.RaftServerImpl (RaftServerImpl.java:<init>(95)) - 96c68fd9-263a-4bce-9480-8d54d9f28f1c: new RaftServerImpl for group-4554EEB7B3DD:[96c68fd9-263a-4bce-9480-8d54d9f28f1c:192.168.151.73:45392] with ContainerStateMachine:uninitialized
2019-09-25 12:06:02,655 [pool-537-thread-1] INFO  server.RaftServerConfigKeys (ConfUtils.java:logGet(43)) - raft.server.rpc.timeout.min = 5s (custom)
2019-09-25 12:06:02,655 [pool-537-thread-1] INFO  server.RaftServerConfigKeys (ConfUtils.java:logGet(43)) - raft.server.rpc.timeout.max = 5200ms (custom)
2019-09-25 12:06:02,656 [pool-537-thread-1] INFO  server.RaftServerConfigKeys (ConfUtils.java:logGet(43)) - raft.server.rpcslowness.timeout = 120s (custom)
2019-09-25 12:06:02,656 [pool-537-thread-1] INFO  server.RaftServerConfigKeys (ConfUtils.java:logGet(43)) - raft.server.sleep.deviation.threshold = 300 (default)
2019-09-25 12:06:02,656 [pool-537-thread-1] INFO  server.RaftServerConfigKeys (ConfUtils.java:logGet(43)) - raft.server.log.appender.install.snapshot.enabled = false (custom)
2019-09-25 12:06:02,656 [pool-537-thread-1] INFO  impl.RaftServerImpl (ServerState.java:<init>(103)) - 96c68fd9-263a-4bce-9480-8d54d9f28f1c@group-4554EEB7B3DD: ConfigurationManager, init=-1: [96c68fd9-263a-4bce-9480-8d54d9f28f1c:192.168.151.73:45392], old=null, confs=<EMPTY_MAP>
2019-09-25 12:06:02,656 [pool-537-thread-1] INFO  server.RaftServerConfigKeys (ConfUtils.java:logGet(43)) - raft.server.storage.dir = [/workdir/hadoop-ozone/integration-test/target/test-dir/MiniOzoneClusterImpl-757e75c3-29a2-41d1-adb4-db6d7805a8c7/datanode-4/data/ratis] (custom)
2019-09-25 12:06:02,656 [pool-537-thread-1] INFO  storage.RaftStorageDirectory (RaftStorageDirectory.java:analyzeStorage(246)) - The storage directory /workdir/hadoop-ozone/integration-test/target/test-dir/MiniOzoneClusterImpl-757e75c3-29a2-41d1-adb4-db6d7805a8c7/datanode-4/data/ratis/ea97bf04-7bcc-4926-83e6-4554eeb7b3dd does not exist. Creating ...
2019-09-25 12:06:02,669 [pool-537-thread-1] INFO  storage.RaftStorageDirectory (RaftStorageDirectory.java:tryLock(328)) - Lock on /workdir/hadoop-ozone/integration-test/target/test-dir/MiniOzoneClusterImpl-757e75c3-29a2-41d1-adb4-db6d7805a8c7/datanode-4/data/ratis/ea97bf04-7bcc-4926-83e6-4554eeb7b3dd/in_use.lock acquired by nodename 24979@pr-hdds-1569-shd4m-3693607622
2019-09-25 12:06:02,681 [pool-537-thread-1] INFO  storage.RaftStorage (RaftStorage.java:format(72)) - Storage directory /workdir/hadoop-ozone/integration-test/target/test-dir/MiniOzoneClusterImpl-757e75c3-29a2-41d1-adb4-db6d7805a8c7/datanode-4/data/ratis/ea97bf04-7bcc-4926-83e6-4554eeb7b3dd has been successfully formatted.
2019-09-25 12:06:02,681 [pool-537-thread-1] INFO  ratis.ContainerStateMachine (ContainerStateMachine.java:loadSnapshot(230)) - group-4554EEB7B3DD: The snapshot info is null. Setting the last applied indexto:(t:0, i:~)
2019-09-25 12:06:02,682 [pool-537-thread-1] INFO  server.RaftServerConfigKeys (ConfUtils.java:logGet(43)) - raft.server.notification.no-leader.timeout = 120s (custom)
2019-09-25 12:06:02,682 [pool-537-thread-1] INFO  server.RaftServerConfigKeys (ConfUtils.java:logGet(43)) - raft.server.log.use.memory = false (default)
2019-09-25 12:06:02,682 [pool-537-thread-1] INFO  server.RaftServerConfigKeys (ConfUtils.java:logGet(43)) - raft.server.log.purge.gap = 1000000 (custom)
2019-09-25 12:06:02,682 [pool-537-thread-1] INFO  server.RaftServerConfigKeys (ConfUtils.java:logGet(43)) - raft.server.log.appender.buffer.byte-limit = 33554432 (custom)
2019-09-25 12:06:02,682 [pool-537-thread-1] INFO  server.RaftServerConfigKeys (ConfUtils.java:logGet(43)) - raft.server.log.segment.size.max = 1048576 (custom)
2019-09-25 12:06:02,682 [pool-537-thread-1] INFO  server.RaftServerConfigKeys (ConfUtils.java:logGet(43)) - raft.server.log.segment.cache.num.max = 2 (custom)
2019-09-25 12:06:02,682 [pool-537-thread-1] INFO  segmented.SegmentedRaftLogWorker (SegmentedRaftLogWorker.java:<init>(172)) - new 96c68fd9-263a-4bce-9480-8d54d9f28f1c@group-4554EEB7B3DD-SegmentedRaftLogWorker for RaftStorage:Storage Directory /workdir/hadoop-ozone/integration-test/target/test-dir/MiniOzoneClusterImpl-757e75c3-29a2-41d1-adb4-db6d7805a8c7/datanode-4/data/ratis/ea97bf04-7bcc-4926-83e6-4554eeb7b3dd
2019-09-25 12:06:02,683 [pool-537-thread-1] INFO  server.RaftServerConfigKeys (ConfUtils.java:logGet(43)) - raft.server.log.queue.byte-limit = 2147483647 (custom)
2019-09-25 12:06:02,684 [pool-537-thread-1] INFO  server.RaftServerConfigKeys (ConfUtils.java:logGet(43)) - raft.server.log.queue.element-limit = 1024 (custom)
2019-09-25 12:06:02,684 [pool-537-thread-1] INFO  server.RaftServerConfigKeys (ConfUtils.java:logGet(43)) - raft.server.log.segment.size.max = 1048576 (custom)
2019-09-25 12:06:02,684 [pool-537-thread-1] INFO  server.RaftServerConfigKeys (ConfUtils.java:logGet(43)) - raft.server.log.preallocated.size = 16384 (custom)
2019-09-25 12:06:02,684 [pool-537-thread-1] INFO  server.RaftServerConfigKeys (ConfUtils.java:logGet(43)) - raft.server.log.write.buffer.size = 33554432 (custom)
2019-09-25 12:06:02,684 [pool-537-thread-1] INFO  server.RaftServerConfigKeys (ConfUtils.java:logGet(43)) - raft.server.log.force.sync.num = 128 (default)
2019-09-25 12:06:02,684 [pool-537-thread-1] INFO  server.RaftServerConfigKeys (ConfUtils.java:logGet(43)) - raft.server.log.statemachine.data.sync = true (default)
2019-09-25 12:06:02,684 [pool-537-thread-1] INFO  server.RaftServerConfigKeys (ConfUtils.java:logGet(43)) - raft.server.log.statemachine.data.sync.timeout = 10s (default)
2019-09-25 12:06:02,684 [pool-537-thread-1] INFO  server.RaftServerConfigKeys (ConfUtils.java:logGet(43)) - raft.server.log.statemachine.data.sync.timeout.retry = -1 (default)
2019-09-25 12:06:02,685 [pool-537-thread-1] INFO  server.RaftServerConfigKeys (ConfUtils.java:logGet(43)) - raft.server.log.statemachine.data.caching.enabled = true (custom)
2019-09-25 12:06:02,685 [pool-537-thread-1] INFO  segmented.SegmentedRaftLogWorker (SegmentedRaftLogWorker.java:lambda$new$0(132)) - 96c68fd9-263a-4bce-9480-8d54d9f28f1c@group-4554EEB7B3DD-SegmentedRaftLogWorker: flushIndex: setUnconditionally 0 -> -1
2019-09-25 12:06:02,685 [pool-537-thread-1] INFO  server.RaftServerConfigKeys (ConfUtils.java:logGet(43)) - raft.server.snapshot.auto.trigger.enabled = true (custom)
2019-09-25 12:06:02,685 [pool-537-thread-1] INFO  server.RaftServerConfigKeys (ConfUtils.java:logGet(43)) - raft.server.snapshot.auto.trigger.threshold = 10000 (custom)
2019-09-25 12:06:02,685 [pool-537-thread-1] INFO  server.RaftServerConfigKeys (ConfUtils.java:logGet(43)) - raft.server.snapshot.retention.num.files = 5 (custom)
2019-09-25 12:06:02,685 [pool-537-thread-1] INFO  server.RaftServerConfigKeys (ConfUtils.java:logGet(43)) - raft.server.retrycache.expirytime = 600000ms (custom)
2019-09-25 12:06:02,687 [pool-537-thread-1] INFO  impl.RaftServerImpl (RaftServerImpl.java:start(185)) - 96c68fd9-263a-4bce-9480-8d54d9f28f1c@group-4554EEB7B3DD: start as a follower, conf=-1: [96c68fd9-263a-4bce-9480-8d54d9f28f1c:192.168.151.73:45392], old=null
2019-09-25 12:06:02,687 [pool-537-thread-1] INFO  impl.RaftServerImpl (RaftServerImpl.java:setRole(174)) - 96c68fd9-263a-4bce-9480-8d54d9f28f1c@group-4554EEB7B3DD: changes role from      null to FOLLOWER at term 0 for startAsFollower
2019-09-25 12:06:02,687 [pool-537-thread-1] INFO  impl.RoleInfo (RoleInfo.java:updateAndGet(143)) - 96c68fd9-263a-4bce-9480-8d54d9f28f1c: start FollowerState
2019-09-25 12:06:02,688 [pool-537-thread-1] INFO  util.JmxRegister (JmxRegister.java:tryRegister(44)) - Successfully registered JMX Bean with object name Ratis:service=RaftServer,group=group-4554EEB7B3DD,id=96c68fd9-263a-4bce-9480-8d54d9f28f1c
2019-09-25 12:06:02,689 [RatisPipelineUtilsThread] INFO  pipeline.PipelineStateManager (PipelineStateManager.java:addPipeline(56)) - Created pipeline Pipeline[ Id: ea97bf04-7bcc-4926-83e6-4554eeb7b3dd, Nodes: 96c68fd9-263a-4bce-9480-8d54d9f28f1c{ip: 192.168.151.73, host: pr-hdds-1569-shd4m-3693607622, networkLocation: /default-rack, certSerialId: null}, Type:RATIS, Factor:ONE, State:OPEN]
2019-09-25 12:06:02,689 [RatisPipelineUtilsThread] INFO  pipeline.PipelinePlacementPolicy (PipelinePlacementPolicy.java:meetCriteria(91)) - Pipeline Placement: can't place more pipeline on heavy datanode： 159c7809-d8ec-4cf8-a31c-e2f384cc14d2 Heaviness: 6 limit: 5
2019-09-25 12:06:02,690 [RatisPipelineUtilsThread] INFO  pipeline.PipelinePlacementPolicy (PipelinePlacementPolicy.java:meetCriteria(91)) - Pipeline Placement: can't place more pipeline on heavy datanode： 2bd0627d-72ad-45ef-ab03-a55c09ad6c3a Heaviness: 6 limit: 5
2019-09-25 12:06:02,690 [RatisPipelineUtilsThread] INFO  pipeline.PipelinePlacementPolicy (PipelinePlacementPolicy.java:meetCriteria(91)) - Pipeline Placement: can't place more pipeline on heavy datanode： de2e4d40-31b5-4e53-8675-f16775b3ddb7 Heaviness: 6 limit: 5
2019-09-25 12:06:02,692 [grpc-default-executor-1] INFO  impl.RaftServerProxy (RaftServerProxy.java:addNew(89)) - 96c68fd9-263a-4bce-9480-8d54d9f28f1c: addNew group-43AAE228BA57:[96c68fd9-263a-4bce-9480-8d54d9f28f1c:192.168.151.73:45392] returns group-43AAE228BA57:java.util.concurrent.CompletableFuture@ce03cfd[Not completed]
2019-09-25 12:06:02,693 [pool-537-thread-1] INFO  impl.RaftServerImpl (RaftServerImpl.java:<init>(95)) - 96c68fd9-263a-4bce-9480-8d54d9f28f1c: new RaftServerImpl for group-43AAE228BA57:[96c68fd9-263a-4bce-9480-8d54d9f28f1c:192.168.151.73:45392] with ContainerStateMachine:uninitialized
2019-09-25 12:06:02,693 [pool-537-thread-1] INFO  server.RaftServerConfigKeys (ConfUtils.java:logGet(43)) - raft.server.rpc.timeout.min = 5s (custom)
2019-09-25 12:06:02,693 [pool-537-thread-1] INFO  server.RaftServerConfigKeys (ConfUtils.java:logGet(43)) - raft.server.rpc.timeout.max = 5200ms (custom)
2019-09-25 12:06:02,693 [pool-537-thread-1] INFO  server.RaftServerConfigKeys (ConfUtils.java:logGet(43)) - raft.server.rpcslowness.timeout = 120s (custom)
2019-09-25 12:06:02,693 [pool-537-thread-1] INFO  server.RaftServerConfigKeys (ConfUtils.java:logGet(43)) - raft.server.sleep.deviation.threshold = 300 (default)
2019-09-25 12:06:02,694 [pool-537-thread-1] INFO  server.RaftServerConfigKeys (ConfUtils.java:logGet(43)) - raft.server.log.appender.install.snapshot.enabled = false (custom)
2019-09-25 12:06:02,694 [pool-537-thread-1] INFO  impl.RaftServerImpl (ServerState.java:<init>(103)) - 96c68fd9-263a-4bce-9480-8d54d9f28f1c@group-43AAE228BA57: ConfigurationManager, init=-1: [96c68fd9-263a-4bce-9480-8d54d9f28f1c:192.168.151.73:45392], old=null, confs=<EMPTY_MAP>
2019-09-25 12:06:02,694 [pool-537-thread-1] INFO  server.RaftServerConfigKeys (ConfUtils.java:logGet(43)) - raft.server.storage.dir = [/workdir/hadoop-ozone/integration-test/target/test-dir/MiniOzoneClusterImpl-757e75c3-29a2-41d1-adb4-db6d7805a8c7/datanode-4/data/ratis] (custom)
2019-09-25 12:06:02,694 [pool-537-thread-1] INFO  storage.RaftStorageDirectory (RaftStorageDirectory.java:analyzeStorage(246)) - The storage directory /workdir/hadoop-ozone/integration-test/target/test-dir/MiniOzoneClusterImpl-757e75c3-29a2-41d1-adb4-db6d7805a8c7/datanode-4/data/ratis/47093c03-a3e2-45cc-961a-43aae228ba57 does not exist. Creating ...
2019-09-25 12:06:02,708 [pool-537-thread-1] INFO  storage.RaftStorageDirectory (RaftStorageDirectory.java:tryLock(328)) - Lock on /workdir/hadoop-ozone/integration-test/target/test-dir/MiniOzoneClusterImpl-757e75c3-29a2-41d1-adb4-db6d7805a8c7/datanode-4/data/ratis/47093c03-a3e2-45cc-961a-43aae228ba57/in_use.lock acquired by nodename 24979@pr-hdds-1569-shd4m-3693607622
2019-09-25 12:06:02,720 [pool-537-thread-1] INFO  storage.RaftStorage (RaftStorage.java:format(72)) - Storage directory /workdir/hadoop-ozone/integration-test/target/test-dir/MiniOzoneClusterImpl-757e75c3-29a2-41d1-adb4-db6d7805a8c7/datanode-4/data/ratis/47093c03-a3e2-45cc-961a-43aae228ba57 has been successfully formatted.
2019-09-25 12:06:02,721 [pool-537-thread-1] INFO  ratis.ContainerStateMachine (ContainerStateMachine.java:loadSnapshot(230)) - group-43AAE228BA57: The snapshot info is null. Setting the last applied indexto:(t:0, i:~)
2019-09-25 12:06:02,721 [pool-537-thread-1] INFO  server.RaftServerConfigKeys (ConfUtils.java:logGet(43)) - raft.server.notification.no-leader.timeout = 120s (custom)
2019-09-25 12:06:02,721 [pool-537-thread-1] INFO  server.RaftServerConfigKeys (ConfUtils.java:logGet(43)) - raft.server.log.use.memory = false (default)
2019-09-25 12:06:02,721 [pool-537-thread-1] INFO  server.RaftServerConfigKeys (ConfUtils.java:logGet(43)) - raft.server.log.purge.gap = 1000000 (custom)
2019-09-25 12:06:02,721 [pool-537-thread-1] INFO  server.RaftServerConfigKeys (ConfUtils.java:logGet(43)) - raft.server.log.appender.buffer.byte-limit = 33554432 (custom)
2019-09-25 12:06:02,721 [pool-537-thread-1] INFO  server.RaftServerConfigKeys (ConfUtils.java:logGet(43)) - raft.server.log.segment.size.max = 1048576 (custom)
2019-09-25 12:06:02,721 [pool-537-thread-1] INFO  server.RaftServerConfigKeys (ConfUtils.java:logGet(43)) - raft.server.log.segment.cache.num.max = 2 (custom)
2019-09-25 12:06:02,721 [pool-537-thread-1] INFO  segmented.SegmentedRaftLogWorker (SegmentedRaftLogWorker.java:<init>(172)) - new 96c68fd9-263a-4bce-9480-8d54d9f28f1c@group-43AAE228BA57-SegmentedRaftLogWorker for RaftStorage:Storage Directory /workdir/hadoop-ozone/integration-test/target/test-dir/MiniOzoneClusterImpl-757e75c3-29a2-41d1-adb4-db6d7805a8c7/datanode-4/data/ratis/47093c03-a3e2-45cc-961a-43aae228ba57
2019-09-25 12:06:02,721 [pool-537-thread-1] INFO  server.RaftServerConfigKeys (ConfUtils.java:logGet(43)) - raft.server.log.queue.byte-limit = 2147483647 (custom)
2019-09-25 12:06:02,722 [pool-537-thread-1] INFO  server.RaftServerConfigKeys (ConfUtils.java:logGet(43)) - raft.server.log.queue.element-limit = 1024 (custom)
2019-09-25 12:06:02,722 [pool-537-thread-1] INFO  server.RaftServerConfigKeys (ConfUtils.java:logGet(43)) - raft.server.log.segment.size.max = 1048576 (custom)
2019-09-25 12:06:02,722 [pool-537-thread-1] INFO  server.RaftServerConfigKeys (ConfUtils.java:logGet(43)) - raft.server.log.preallocated.size = 16384 (custom)
2019-09-25 12:06:02,722 [pool-537-thread-1] INFO  server.RaftServerConfigKeys (ConfUtils.java:logGet(43)) - raft.server.log.write.buffer.size = 33554432 (custom)
2019-09-25 12:06:02,722 [pool-537-thread-1] INFO  server.RaftServerConfigKeys (ConfUtils.java:logGet(43)) - raft.server.log.force.sync.num = 128 (default)
2019-09-25 12:06:02,722 [pool-537-thread-1] INFO  server.RaftServerConfigKeys (ConfUtils.java:logGet(43)) - raft.server.log.statemachine.data.sync = true (default)
2019-09-25 12:06:02,722 [pool-537-thread-1] INFO  server.RaftServerConfigKeys (ConfUtils.java:logGet(43)) - raft.server.log.statemachine.data.sync.timeout = 10s (default)
2019-09-25 12:06:02,722 [pool-537-thread-1] INFO  server.RaftServerConfigKeys (ConfUtils.java:logGet(43)) - raft.server.log.statemachine.data.sync.timeout.retry = -1 (default)
2019-09-25 12:06:02,722 [pool-537-thread-1] INFO  server.RaftServerConfigKeys (ConfUtils.java:logGet(43)) - raft.server.log.statemachine.data.caching.enabled = true (custom)
2019-09-25 12:06:02,723 [pool-537-thread-1] INFO  segmented.SegmentedRaftLogWorker (SegmentedRaftLogWorker.java:lambda$new$0(132)) - 96c68fd9-263a-4bce-9480-8d54d9f28f1c@group-43AAE228BA57-SegmentedRaftLogWorker: flushIndex: setUnconditionally 0 -> -1
2019-09-25 12:06:02,723 [pool-537-thread-1] INFO  server.RaftServerConfigKeys (ConfUtils.java:logGet(43)) - raft.server.snapshot.auto.trigger.enabled = true (custom)
2019-09-25 12:06:02,723 [pool-537-thread-1] INFO  server.RaftServerConfigKeys (ConfUtils.java:logGet(43)) - raft.server.snapshot.auto.trigger.threshold = 10000 (custom)
2019-09-25 12:06:02,723 [pool-537-thread-1] INFO  server.RaftServerConfigKeys (ConfUtils.java:logGet(43)) - raft.server.snapshot.retention.num.files = 5 (custom)
2019-09-25 12:06:02,723 [pool-537-thread-1] INFO  server.RaftServerConfigKeys (ConfUtils.java:logGet(43)) - raft.server.retrycache.expirytime = 600000ms (custom)
2019-09-25 12:06:02,724 [pool-537-thread-1] INFO  impl.RaftServerImpl (RaftServerImpl.java:start(185)) - 96c68fd9-263a-4bce-9480-8d54d9f28f1c@group-43AAE228BA57: start as a follower, conf=-1: [96c68fd9-263a-4bce-9480-8d54d9f28f1c:192.168.151.73:45392], old=null
2019-09-25 12:06:02,724 [pool-537-thread-1] INFO  impl.RaftServerImpl (RaftServerImpl.java:setRole(174)) - 96c68fd9-263a-4bce-9480-8d54d9f28f1c@group-43AAE228BA57: changes role from      null to FOLLOWER at term 0 for startAsFollower
2019-09-25 12:06:02,725 [pool-537-thread-1] INFO  impl.RoleInfo (RoleInfo.java:updateAndGet(143)) - 96c68fd9-263a-4bce-9480-8d54d9f28f1c: start FollowerState
2019-09-25 12:06:02,725 [pool-537-thread-1] INFO  util.JmxRegister (JmxRegister.java:tryRegister(44)) - Successfully registered JMX Bean with object name Ratis:service=RaftServer,group=group-43AAE228BA57,id=96c68fd9-263a-4bce-9480-8d54d9f28f1c
2019-09-25 12:06:02,726 [RatisPipelineUtilsThread] INFO  pipeline.PipelineStateManager (PipelineStateManager.java:addPipeline(56)) - Created pipeline Pipeline[ Id: 47093c03-a3e2-45cc-961a-43aae228ba57, Nodes: 96c68fd9-263a-4bce-9480-8d54d9f28f1c{ip: 192.168.151.73, host: pr-hdds-1569-shd4m-3693607622, networkLocation: /default-rack, certSerialId: null}, Type:RATIS, Factor:ONE, State:OPEN]
2019-09-25 12:06:02,727 [RatisPipelineUtilsThread] INFO  pipeline.PipelinePlacementPolicy (PipelinePlacementPolicy.java:meetCriteria(91)) - Pipeline Placement: can't place more pipeline on heavy datanode： 159c7809-d8ec-4cf8-a31c-e2f384cc14d2 Heaviness: 6 limit: 5
2019-09-25 12:06:02,727 [RatisPipelineUtilsThread] INFO  pipeline.PipelinePlacementPolicy (PipelinePlacementPolicy.java:meetCriteria(91)) - Pipeline Placement: can't place more pipeline on heavy datanode： 2bd0627d-72ad-45ef-ab03-a55c09ad6c3a Heaviness: 6 limit: 5
2019-09-25 12:06:02,727 [RatisPipelineUtilsThread] INFO  pipeline.PipelinePlacementPolicy (PipelinePlacementPolicy.java:meetCriteria(91)) - Pipeline Placement: can't place more pipeline on heavy datanode： de2e4d40-31b5-4e53-8675-f16775b3ddb7 Heaviness: 6 limit: 5
2019-09-25 12:06:02,729 [grpc-default-executor-1] INFO  impl.RaftServerProxy (RaftServerProxy.java:addNew(89)) - 992d69e5-6cba-4869-b94d-c8d2dc420a77: addNew group-21513A76A79E:[992d69e5-6cba-4869-b94d-c8d2dc420a77:192.168.151.73:40135] returns group-21513A76A79E:java.util.concurrent.CompletableFuture@1f88e8b8[Not completed]
2019-09-25 12:06:02,730 [pool-517-thread-1] INFO  impl.RaftServerImpl (RaftServerImpl.java:<init>(95)) - 992d69e5-6cba-4869-b94d-c8d2dc420a77: new RaftServerImpl for group-21513A76A79E:[992d69e5-6cba-4869-b94d-c8d2dc420a77:192.168.151.73:40135] with ContainerStateMachine:uninitialized
2019-09-25 12:06:02,730 [pool-517-thread-1] INFO  server.RaftServerConfigKeys (ConfUtils.java:logGet(43)) - raft.server.rpc.timeout.min = 5s (custom)
2019-09-25 12:06:02,731 [pool-517-thread-1] INFO  server.RaftServerConfigKeys (ConfUtils.java:logGet(43)) - raft.server.rpc.timeout.max = 5200ms (custom)
2019-09-25 12:06:02,731 [pool-517-thread-1] INFO  server.RaftServerConfigKeys (ConfUtils.java:logGet(43)) - raft.server.rpcslowness.timeout = 120s (custom)
2019-09-25 12:06:02,731 [pool-517-thread-1] INFO  server.RaftServerConfigKeys (ConfUtils.java:logGet(43)) - raft.server.sleep.deviation.threshold = 300 (default)
2019-09-25 12:06:02,731 [pool-517-thread-1] INFO  server.RaftServerConfigKeys (ConfUtils.java:logGet(43)) - raft.server.log.appender.install.snapshot.enabled = false (custom)
2019-09-25 12:06:02,731 [pool-517-thread-1] INFO  impl.RaftServerImpl (ServerState.java:<init>(103)) - 992d69e5-6cba-4869-b94d-c8d2dc420a77@group-21513A76A79E: ConfigurationManager, init=-1: [992d69e5-6cba-4869-b94d-c8d2dc420a77:192.168.151.73:40135], old=null, confs=<EMPTY_MAP>
2019-09-25 12:06:02,731 [pool-517-thread-1] INFO  server.RaftServerConfigKeys (ConfUtils.java:logGet(43)) - raft.server.storage.dir = [/workdir/hadoop-ozone/integration-test/target/test-dir/MiniOzoneClusterImpl-757e75c3-29a2-41d1-adb4-db6d7805a8c7/datanode-2/data/ratis] (custom)
2019-09-25 12:06:02,732 [pool-517-thread-1] INFO  storage.RaftStorageDirectory (RaftStorageDirectory.java:analyzeStorage(246)) - The storage directory /workdir/hadoop-ozone/integration-test/target/test-dir/MiniOzoneClusterImpl-757e75c3-29a2-41d1-adb4-db6d7805a8c7/datanode-2/data/ratis/372b003e-06c7-4487-9f8a-21513a76a79e does not exist. Creating ...
2019-09-25 12:06:02,744 [pool-517-thread-1] INFO  storage.RaftStorageDirectory (RaftStorageDirectory.java:tryLock(328)) - Lock on /workdir/hadoop-ozone/integration-test/target/test-dir/MiniOzoneClusterImpl-757e75c3-29a2-41d1-adb4-db6d7805a8c7/datanode-2/data/ratis/372b003e-06c7-4487-9f8a-21513a76a79e/in_use.lock acquired by nodename 24979@pr-hdds-1569-shd4m-3693607622
2019-09-25 12:06:02,757 [pool-517-thread-1] INFO  storage.RaftStorage (RaftStorage.java:format(72)) - Storage directory /workdir/hadoop-ozone/integration-test/target/test-dir/MiniOzoneClusterImpl-757e75c3-29a2-41d1-adb4-db6d7805a8c7/datanode-2/data/ratis/372b003e-06c7-4487-9f8a-21513a76a79e has been successfully formatted.
2019-09-25 12:06:02,757 [pool-517-thread-1] INFO  ratis.ContainerStateMachine (ContainerStateMachine.java:loadSnapshot(230)) - group-21513A76A79E: The snapshot info is null. Setting the last applied indexto:(t:0, i:~)
2019-09-25 12:06:02,758 [pool-517-thread-1] INFO  server.RaftServerConfigKeys (ConfUtils.java:logGet(43)) - raft.server.notification.no-leader.timeout = 120s (custom)
2019-09-25 12:06:02,758 [pool-517-thread-1] INFO  server.RaftServerConfigKeys (ConfUtils.java:logGet(43)) - raft.server.log.use.memory = false (default)
2019-09-25 12:06:02,758 [pool-517-thread-1] INFO  server.RaftServerConfigKeys (ConfUtils.java:logGet(43)) - raft.server.log.purge.gap = 1000000 (custom)
2019-09-25 12:06:02,758 [pool-517-thread-1] INFO  server.RaftServerConfigKeys (ConfUtils.java:logGet(43)) - raft.server.log.appender.buffer.byte-limit = 33554432 (custom)
2019-09-25 12:06:02,758 [pool-517-thread-1] INFO  server.RaftServerConfigKeys (ConfUtils.java:logGet(43)) - raft.server.log.segment.size.max = 1048576 (custom)
2019-09-25 12:06:02,758 [pool-517-thread-1] INFO  server.RaftServerConfigKeys (ConfUtils.java:logGet(43)) - raft.server.log.segment.cache.num.max = 2 (custom)
2019-09-25 12:06:02,758 [pool-517-thread-1] INFO  segmented.SegmentedRaftLogWorker (SegmentedRaftLogWorker.java:<init>(172)) - new 992d69e5-6cba-4869-b94d-c8d2dc420a77@group-21513A76A79E-SegmentedRaftLogWorker for RaftStorage:Storage Directory /workdir/hadoop-ozone/integration-test/target/test-dir/MiniOzoneClusterImpl-757e75c3-29a2-41d1-adb4-db6d7805a8c7/datanode-2/data/ratis/372b003e-06c7-4487-9f8a-21513a76a79e
2019-09-25 12:06:02,758 [pool-517-thread-1] INFO  server.RaftServerConfigKeys (ConfUtils.java:logGet(43)) - raft.server.log.queue.byte-limit = 2147483647 (custom)
2019-09-25 12:06:02,759 [pool-517-thread-1] INFO  server.RaftServerConfigKeys (ConfUtils.java:logGet(43)) - raft.server.log.queue.element-limit = 1024 (custom)
2019-09-25 12:06:02,759 [pool-517-thread-1] INFO  server.RaftServerConfigKeys (ConfUtils.java:logGet(43)) - raft.server.log.segment.size.max = 1048576 (custom)
2019-09-25 12:06:02,759 [pool-517-thread-1] INFO  server.RaftServerConfigKeys (ConfUtils.java:logGet(43)) - raft.server.log.preallocated.size = 16384 (custom)
2019-09-25 12:06:02,759 [pool-517-thread-1] INFO  server.RaftServerConfigKeys (ConfUtils.java:logGet(43)) - raft.server.log.write.buffer.size = 33554432 (custom)
2019-09-25 12:06:02,759 [pool-517-thread-1] INFO  server.RaftServerConfigKeys (ConfUtils.java:logGet(43)) - raft.server.log.force.sync.num = 128 (default)
2019-09-25 12:06:02,759 [pool-517-thread-1] INFO  server.RaftServerConfigKeys (ConfUtils.java:logGet(43)) - raft.server.log.statemachine.data.sync = true (default)
2019-09-25 12:06:02,759 [pool-517-thread-1] INFO  server.RaftServerConfigKeys (ConfUtils.java:logGet(43)) - raft.server.log.statemachine.data.sync.timeout = 10s (default)
2019-09-25 12:06:02,759 [pool-517-thread-1] INFO  server.RaftServerConfigKeys (ConfUtils.java:logGet(43)) - raft.server.log.statemachine.data.sync.timeout.retry = -1 (default)
2019-09-25 12:06:02,760 [pool-517-thread-1] INFO  server.RaftServerConfigKeys (ConfUtils.java:logGet(43)) - raft.server.log.statemachine.data.caching.enabled = true (custom)
2019-09-25 12:06:02,760 [pool-517-thread-1] INFO  segmented.SegmentedRaftLogWorker (SegmentedRaftLogWorker.java:lambda$new$0(132)) - 992d69e5-6cba-4869-b94d-c8d2dc420a77@group-21513A76A79E-SegmentedRaftLogWorker: flushIndex: setUnconditionally 0 -> -1
2019-09-25 12:06:02,760 [pool-517-thread-1] INFO  server.RaftServerConfigKeys (ConfUtils.java:logGet(43)) - raft.server.snapshot.auto.trigger.enabled = true (custom)
2019-09-25 12:06:02,760 [pool-517-thread-1] INFO  server.RaftServerConfigKeys (ConfUtils.java:logGet(43)) - raft.server.snapshot.auto.trigger.threshold = 10000 (custom)
2019-09-25 12:06:02,760 [pool-517-thread-1] INFO  server.RaftServerConfigKeys (ConfUtils.java:logGet(43)) - raft.server.snapshot.retention.num.files = 5 (custom)
2019-09-25 12:06:02,761 [pool-517-thread-1] INFO  server.RaftServerConfigKeys (ConfUtils.java:logGet(43)) - raft.server.retrycache.expirytime = 600000ms (custom)
2019-09-25 12:06:02,762 [pool-517-thread-1] INFO  impl.RaftServerImpl (RaftServerImpl.java:start(185)) - 992d69e5-6cba-4869-b94d-c8d2dc420a77@group-21513A76A79E: start as a follower, conf=-1: [992d69e5-6cba-4869-b94d-c8d2dc420a77:192.168.151.73:40135], old=null
2019-09-25 12:06:02,762 [pool-517-thread-1] INFO  impl.RaftServerImpl (RaftServerImpl.java:setRole(174)) - 992d69e5-6cba-4869-b94d-c8d2dc420a77@group-21513A76A79E: changes role from      null to FOLLOWER at term 0 for startAsFollower
2019-09-25 12:06:02,762 [pool-517-thread-1] INFO  impl.RoleInfo (RoleInfo.java:updateAndGet(143)) - 992d69e5-6cba-4869-b94d-c8d2dc420a77: start FollowerState
2019-09-25 12:06:02,763 [pool-517-thread-1] INFO  util.JmxRegister (JmxRegister.java:tryRegister(44)) - Successfully registered JMX Bean with object name Ratis:service=RaftServer,group=group-21513A76A79E,id=992d69e5-6cba-4869-b94d-c8d2dc420a77
2019-09-25 12:06:02,764 [RatisPipelineUtilsThread] INFO  pipeline.PipelineStateManager (PipelineStateManager.java:addPipeline(56)) - Created pipeline Pipeline[ Id: 372b003e-06c7-4487-9f8a-21513a76a79e, Nodes: 992d69e5-6cba-4869-b94d-c8d2dc420a77{ip: 192.168.151.73, host: pr-hdds-1569-shd4m-3693607622, networkLocation: /default-rack, certSerialId: null}, Type:RATIS, Factor:ONE, State:OPEN]
2019-09-25 12:06:02,765 [RatisPipelineUtilsThread] INFO  pipeline.PipelinePlacementPolicy (PipelinePlacementPolicy.java:meetCriteria(91)) - Pipeline Placement: can't place more pipeline on heavy datanode： 159c7809-d8ec-4cf8-a31c-e2f384cc14d2 Heaviness: 6 limit: 5
2019-09-25 12:06:02,765 [RatisPipelineUtilsThread] INFO  pipeline.PipelinePlacementPolicy (PipelinePlacementPolicy.java:meetCriteria(91)) - Pipeline Placement: can't place more pipeline on heavy datanode： 2bd0627d-72ad-45ef-ab03-a55c09ad6c3a Heaviness: 6 limit: 5
2019-09-25 12:06:02,765 [RatisPipelineUtilsThread] INFO  pipeline.PipelinePlacementPolicy (PipelinePlacementPolicy.java:meetCriteria(91)) - Pipeline Placement: can't place more pipeline on heavy datanode： de2e4d40-31b5-4e53-8675-f16775b3ddb7 Heaviness: 6 limit: 5
2019-09-25 12:06:02,767 [grpc-default-executor-1] INFO  impl.RaftServerProxy (RaftServerProxy.java:addNew(89)) - 50493258-76a6-47fc-92c1-a180d5b1121a: addNew group-42F2FE33D741:[50493258-76a6-47fc-92c1-a180d5b1121a:192.168.151.73:40355] returns group-42F2FE33D741:java.util.concurrent.CompletableFuture@50c606f3[Not completed]
2019-09-25 12:06:02,768 [pool-547-thread-1] INFO  impl.RaftServerImpl (RaftServerImpl.java:<init>(95)) - 50493258-76a6-47fc-92c1-a180d5b1121a: new RaftServerImpl for group-42F2FE33D741:[50493258-76a6-47fc-92c1-a180d5b1121a:192.168.151.73:40355] with ContainerStateMachine:uninitialized
2019-09-25 12:06:02,768 [pool-547-thread-1] INFO  server.RaftServerConfigKeys (ConfUtils.java:logGet(43)) - raft.server.rpc.timeout.min = 5s (custom)
2019-09-25 12:06:02,768 [pool-547-thread-1] INFO  server.RaftServerConfigKeys (ConfUtils.java:logGet(43)) - raft.server.rpc.timeout.max = 5200ms (custom)
2019-09-25 12:06:02,768 [pool-547-thread-1] INFO  server.RaftServerConfigKeys (ConfUtils.java:logGet(43)) - raft.server.rpcslowness.timeout = 120s (custom)
2019-09-25 12:06:02,769 [pool-547-thread-1] INFO  server.RaftServerConfigKeys (ConfUtils.java:logGet(43)) - raft.server.sleep.deviation.threshold = 300 (default)
2019-09-25 12:06:02,769 [pool-547-thread-1] INFO  server.RaftServerConfigKeys (ConfUtils.java:logGet(43)) - raft.server.log.appender.install.snapshot.enabled = false (custom)
2019-09-25 12:06:02,769 [pool-547-thread-1] INFO  impl.RaftServerImpl (ServerState.java:<init>(103)) - 50493258-76a6-47fc-92c1-a180d5b1121a@group-42F2FE33D741: ConfigurationManager, init=-1: [50493258-76a6-47fc-92c1-a180d5b1121a:192.168.151.73:40355], old=null, confs=<EMPTY_MAP>
2019-09-25 12:06:02,769 [pool-547-thread-1] INFO  server.RaftServerConfigKeys (ConfUtils.java:logGet(43)) - raft.server.storage.dir = [/workdir/hadoop-ozone/integration-test/target/test-dir/MiniOzoneClusterImpl-757e75c3-29a2-41d1-adb4-db6d7805a8c7/datanode-5/data/ratis] (custom)
2019-09-25 12:06:02,769 [pool-547-thread-1] INFO  storage.RaftStorageDirectory (RaftStorageDirectory.java:analyzeStorage(246)) - The storage directory /workdir/hadoop-ozone/integration-test/target/test-dir/MiniOzoneClusterImpl-757e75c3-29a2-41d1-adb4-db6d7805a8c7/datanode-5/data/ratis/1129f765-1cf6-4bd1-ac56-42f2fe33d741 does not exist. Creating ...
2019-09-25 12:06:02,776 [pool-547-thread-1] INFO  storage.RaftStorageDirectory (RaftStorageDirectory.java:tryLock(328)) - Lock on /workdir/hadoop-ozone/integration-test/target/test-dir/MiniOzoneClusterImpl-757e75c3-29a2-41d1-adb4-db6d7805a8c7/datanode-5/data/ratis/1129f765-1cf6-4bd1-ac56-42f2fe33d741/in_use.lock acquired by nodename 24979@pr-hdds-1569-shd4m-3693607622
2019-09-25 12:06:02,789 [pool-547-thread-1] INFO  storage.RaftStorage (RaftStorage.java:format(72)) - Storage directory /workdir/hadoop-ozone/integration-test/target/test-dir/MiniOzoneClusterImpl-757e75c3-29a2-41d1-adb4-db6d7805a8c7/datanode-5/data/ratis/1129f765-1cf6-4bd1-ac56-42f2fe33d741 has been successfully formatted.
2019-09-25 12:06:02,789 [pool-547-thread-1] INFO  ratis.ContainerStateMachine (ContainerStateMachine.java:loadSnapshot(230)) - group-42F2FE33D741: The snapshot info is null. Setting the last applied indexto:(t:0, i:~)
2019-09-25 12:06:02,789 [pool-547-thread-1] INFO  server.RaftServerConfigKeys (ConfUtils.java:logGet(43)) - raft.server.notification.no-leader.timeout = 120s (custom)
2019-09-25 12:06:02,789 [pool-547-thread-1] INFO  server.RaftServerConfigKeys (ConfUtils.java:logGet(43)) - raft.server.log.use.memory = false (default)
2019-09-25 12:06:02,789 [pool-547-thread-1] INFO  server.RaftServerConfigKeys (ConfUtils.java:logGet(43)) - raft.server.log.purge.gap = 1000000 (custom)
2019-09-25 12:06:02,789 [pool-547-thread-1] INFO  server.RaftServerConfigKeys (ConfUtils.java:logGet(43)) - raft.server.log.appender.buffer.byte-limit = 33554432 (custom)
2019-09-25 12:06:02,789 [pool-547-thread-1] INFO  server.RaftServerConfigKeys (ConfUtils.java:logGet(43)) - raft.server.log.segment.size.max = 1048576 (custom)
2019-09-25 12:06:02,789 [pool-547-thread-1] INFO  server.RaftServerConfigKeys (ConfUtils.java:logGet(43)) - raft.server.log.segment.cache.num.max = 2 (custom)
2019-09-25 12:06:02,789 [pool-547-thread-1] INFO  segmented.SegmentedRaftLogWorker (SegmentedRaftLogWorker.java:<init>(172)) - new 50493258-76a6-47fc-92c1-a180d5b1121a@group-42F2FE33D741-SegmentedRaftLogWorker for RaftStorage:Storage Directory /workdir/hadoop-ozone/integration-test/target/test-dir/MiniOzoneClusterImpl-757e75c3-29a2-41d1-adb4-db6d7805a8c7/datanode-5/data/ratis/1129f765-1cf6-4bd1-ac56-42f2fe33d741
2019-09-25 12:06:02,789 [pool-547-thread-1] INFO  server.RaftServerConfigKeys (ConfUtils.java:logGet(43)) - raft.server.log.queue.byte-limit = 2147483647 (custom)
2019-09-25 12:06:02,790 [pool-547-thread-1] INFO  server.RaftServerConfigKeys (ConfUtils.java:logGet(43)) - raft.server.log.queue.element-limit = 1024 (custom)
2019-09-25 12:06:02,790 [pool-547-thread-1] INFO  server.RaftServerConfigKeys (ConfUtils.java:logGet(43)) - raft.server.log.segment.size.max = 1048576 (custom)
2019-09-25 12:06:02,790 [pool-547-thread-1] INFO  server.RaftServerConfigKeys (ConfUtils.java:logGet(43)) - raft.server.log.preallocated.size = 16384 (custom)
2019-09-25 12:06:02,790 [pool-547-thread-1] INFO  server.RaftServerConfigKeys (ConfUtils.java:logGet(43)) - raft.server.log.write.buffer.size = 33554432 (custom)
2019-09-25 12:06:02,790 [pool-547-thread-1] INFO  server.RaftServerConfigKeys (ConfUtils.java:logGet(43)) - raft.server.log.force.sync.num = 128 (default)
2019-09-25 12:06:02,790 [pool-547-thread-1] INFO  server.RaftServerConfigKeys (ConfUtils.java:logGet(43)) - raft.server.log.statemachine.data.sync = true (default)
2019-09-25 12:06:02,790 [pool-547-thread-1] INFO  server.RaftServerConfigKeys (ConfUtils.java:logGet(43)) - raft.server.log.statemachine.data.sync.timeout = 10s (default)
2019-09-25 12:06:02,790 [pool-547-thread-1] INFO  server.RaftServerConfigKeys (ConfUtils.java:logGet(43)) - raft.server.log.statemachine.data.sync.timeout.retry = -1 (default)
2019-09-25 12:06:02,790 [pool-547-thread-1] INFO  server.RaftServerConfigKeys (ConfUtils.java:logGet(43)) - raft.server.log.statemachine.data.caching.enabled = true (custom)
2019-09-25 12:06:02,790 [pool-547-thread-1] INFO  segmented.SegmentedRaftLogWorker (SegmentedRaftLogWorker.java:lambda$new$0(132)) - 50493258-76a6-47fc-92c1-a180d5b1121a@group-42F2FE33D741-SegmentedRaftLogWorker: flushIndex: setUnconditionally 0 -> -1
2019-09-25 12:06:02,791 [pool-547-thread-1] INFO  server.RaftServerConfigKeys (ConfUtils.java:logGet(43)) - raft.server.snapshot.auto.trigger.enabled = true (custom)
2019-09-25 12:06:02,791 [pool-547-thread-1] INFO  server.RaftServerConfigKeys (ConfUtils.java:logGet(43)) - raft.server.snapshot.auto.trigger.threshold = 10000 (custom)
2019-09-25 12:06:02,791 [pool-547-thread-1] INFO  server.RaftServerConfigKeys (ConfUtils.java:logGet(43)) - raft.server.snapshot.retention.num.files = 5 (custom)
2019-09-25 12:06:02,791 [pool-547-thread-1] INFO  server.RaftServerConfigKeys (ConfUtils.java:logGet(43)) - raft.server.retrycache.expirytime = 600000ms (custom)
2019-09-25 12:06:02,792 [pool-547-thread-1] INFO  impl.RaftServerImpl (RaftServerImpl.java:start(185)) - 50493258-76a6-47fc-92c1-a180d5b1121a@group-42F2FE33D741: start as a follower, conf=-1: [50493258-76a6-47fc-92c1-a180d5b1121a:192.168.151.73:40355], old=null
2019-09-25 12:06:02,792 [pool-547-thread-1] INFO  impl.RaftServerImpl (RaftServerImpl.java:setRole(174)) - 50493258-76a6-47fc-92c1-a180d5b1121a@group-42F2FE33D741: changes role from      null to FOLLOWER at term 0 for startAsFollower
2019-09-25 12:06:02,792 [pool-547-thread-1] INFO  impl.RoleInfo (RoleInfo.java:updateAndGet(143)) - 50493258-76a6-47fc-92c1-a180d5b1121a: start FollowerState
2019-09-25 12:06:02,792 [pool-547-thread-1] INFO  util.JmxRegister (JmxRegister.java:tryRegister(44)) - Successfully registered JMX Bean with object name Ratis:service=RaftServer,group=group-42F2FE33D741,id=50493258-76a6-47fc-92c1-a180d5b1121a
2019-09-25 12:06:02,794 [RatisPipelineUtilsThread] INFO  pipeline.PipelineStateManager (PipelineStateManager.java:addPipeline(56)) - Created pipeline Pipeline[ Id: 1129f765-1cf6-4bd1-ac56-42f2fe33d741, Nodes: 50493258-76a6-47fc-92c1-a180d5b1121a{ip: 192.168.151.73, host: pr-hdds-1569-shd4m-3693607622, networkLocation: /default-rack, certSerialId: null}, Type:RATIS, Factor:ONE, State:OPEN]
2019-09-25 12:06:02,794 [RatisPipelineUtilsThread] INFO  pipeline.PipelinePlacementPolicy (PipelinePlacementPolicy.java:meetCriteria(91)) - Pipeline Placement: can't place more pipeline on heavy datanode： 159c7809-d8ec-4cf8-a31c-e2f384cc14d2 Heaviness: 6 limit: 5
2019-09-25 12:06:02,794 [RatisPipelineUtilsThread] INFO  pipeline.PipelinePlacementPolicy (PipelinePlacementPolicy.java:meetCriteria(91)) - Pipeline Placement: can't place more pipeline on heavy datanode： 2bd0627d-72ad-45ef-ab03-a55c09ad6c3a Heaviness: 6 limit: 5
2019-09-25 12:06:02,794 [RatisPipelineUtilsThread] INFO  pipeline.PipelinePlacementPolicy (PipelinePlacementPolicy.java:meetCriteria(91)) - Pipeline Placement: can't place more pipeline on heavy datanode： de2e4d40-31b5-4e53-8675-f16775b3ddb7 Heaviness: 6 limit: 5
2019-09-25 12:06:02,797 [grpc-default-executor-1] INFO  impl.RaftServerProxy (RaftServerProxy.java:addNew(89)) - 992d69e5-6cba-4869-b94d-c8d2dc420a77: addNew group-C386DD39428D:[992d69e5-6cba-4869-b94d-c8d2dc420a77:192.168.151.73:40135] returns group-C386DD39428D:java.util.concurrent.CompletableFuture@1983f413[Not completed]
2019-09-25 12:06:02,798 [pool-517-thread-1] INFO  impl.RaftServerImpl (RaftServerImpl.java:<init>(95)) - 992d69e5-6cba-4869-b94d-c8d2dc420a77: new RaftServerImpl for group-C386DD39428D:[992d69e5-6cba-4869-b94d-c8d2dc420a77:192.168.151.73:40135] with ContainerStateMachine:uninitialized
2019-09-25 12:06:02,798 [pool-517-thread-1] INFO  server.RaftServerConfigKeys (ConfUtils.java:logGet(43)) - raft.server.rpc.timeout.min = 5s (custom)
2019-09-25 12:06:02,798 [pool-517-thread-1] INFO  server.RaftServerConfigKeys (ConfUtils.java:logGet(43)) - raft.server.rpc.timeout.max = 5200ms (custom)
2019-09-25 12:06:02,798 [pool-517-thread-1] INFO  server.RaftServerConfigKeys (ConfUtils.java:logGet(43)) - raft.server.rpcslowness.timeout = 120s (custom)
2019-09-25 12:06:02,798 [pool-517-thread-1] INFO  server.RaftServerConfigKeys (ConfUtils.java:logGet(43)) - raft.server.sleep.deviation.threshold = 300 (default)
2019-09-25 12:06:02,798 [pool-517-thread-1] INFO  server.RaftServerConfigKeys (ConfUtils.java:logGet(43)) - raft.server.log.appender.install.snapshot.enabled = false (custom)
2019-09-25 12:06:02,798 [pool-517-thread-1] INFO  impl.RaftServerImpl (ServerState.java:<init>(103)) - 992d69e5-6cba-4869-b94d-c8d2dc420a77@group-C386DD39428D: ConfigurationManager, init=-1: [992d69e5-6cba-4869-b94d-c8d2dc420a77:192.168.151.73:40135], old=null, confs=<EMPTY_MAP>
2019-09-25 12:06:02,799 [pool-517-thread-1] INFO  server.RaftServerConfigKeys (ConfUtils.java:logGet(43)) - raft.server.storage.dir = [/workdir/hadoop-ozone/integration-test/target/test-dir/MiniOzoneClusterImpl-757e75c3-29a2-41d1-adb4-db6d7805a8c7/datanode-2/data/ratis] (custom)
2019-09-25 12:06:02,799 [pool-517-thread-1] INFO  storage.RaftStorageDirectory (RaftStorageDirectory.java:analyzeStorage(246)) - The storage directory /workdir/hadoop-ozone/integration-test/target/test-dir/MiniOzoneClusterImpl-757e75c3-29a2-41d1-adb4-db6d7805a8c7/datanode-2/data/ratis/acd850be-9a97-43e6-8c6b-c386dd39428d does not exist. Creating ...
2019-09-25 12:06:02,815 [pool-517-thread-1] INFO  storage.RaftStorageDirectory (RaftStorageDirectory.java:tryLock(328)) - Lock on /workdir/hadoop-ozone/integration-test/target/test-dir/MiniOzoneClusterImpl-757e75c3-29a2-41d1-adb4-db6d7805a8c7/datanode-2/data/ratis/acd850be-9a97-43e6-8c6b-c386dd39428d/in_use.lock acquired by nodename 24979@pr-hdds-1569-shd4m-3693607622
2019-09-25 12:06:02,828 [pool-517-thread-1] INFO  storage.RaftStorage (RaftStorage.java:format(72)) - Storage directory /workdir/hadoop-ozone/integration-test/target/test-dir/MiniOzoneClusterImpl-757e75c3-29a2-41d1-adb4-db6d7805a8c7/datanode-2/data/ratis/acd850be-9a97-43e6-8c6b-c386dd39428d has been successfully formatted.
2019-09-25 12:06:02,828 [pool-517-thread-1] INFO  ratis.ContainerStateMachine (ContainerStateMachine.java:loadSnapshot(230)) - group-C386DD39428D: The snapshot info is null. Setting the last applied indexto:(t:0, i:~)
2019-09-25 12:06:02,828 [pool-517-thread-1] INFO  server.RaftServerConfigKeys (ConfUtils.java:logGet(43)) - raft.server.notification.no-leader.timeout = 120s (custom)
2019-09-25 12:06:02,828 [pool-517-thread-1] INFO  server.RaftServerConfigKeys (ConfUtils.java:logGet(43)) - raft.server.log.use.memory = false (default)
2019-09-25 12:06:02,828 [pool-517-thread-1] INFO  server.RaftServerConfigKeys (ConfUtils.java:logGet(43)) - raft.server.log.purge.gap = 1000000 (custom)
2019-09-25 12:06:02,828 [pool-517-thread-1] INFO  server.RaftServerConfigKeys (ConfUtils.java:logGet(43)) - raft.server.log.appender.buffer.byte-limit = 33554432 (custom)
2019-09-25 12:06:02,829 [pool-517-thread-1] INFO  server.RaftServerConfigKeys (ConfUtils.java:logGet(43)) - raft.server.log.segment.size.max = 1048576 (custom)
2019-09-25 12:06:02,829 [pool-517-thread-1] INFO  server.RaftServerConfigKeys (ConfUtils.java:logGet(43)) - raft.server.log.segment.cache.num.max = 2 (custom)
2019-09-25 12:06:02,829 [pool-517-thread-1] INFO  segmented.SegmentedRaftLogWorker (SegmentedRaftLogWorker.java:<init>(172)) - new 992d69e5-6cba-4869-b94d-c8d2dc420a77@group-C386DD39428D-SegmentedRaftLogWorker for RaftStorage:Storage Directory /workdir/hadoop-ozone/integration-test/target/test-dir/MiniOzoneClusterImpl-757e75c3-29a2-41d1-adb4-db6d7805a8c7/datanode-2/data/ratis/acd850be-9a97-43e6-8c6b-c386dd39428d
2019-09-25 12:06:02,829 [pool-517-thread-1] INFO  server.RaftServerConfigKeys (ConfUtils.java:logGet(43)) - raft.server.log.queue.byte-limit = 2147483647 (custom)
2019-09-25 12:06:02,829 [pool-517-thread-1] INFO  server.RaftServerConfigKeys (ConfUtils.java:logGet(43)) - raft.server.log.queue.element-limit = 1024 (custom)
2019-09-25 12:06:02,829 [pool-517-thread-1] INFO  server.RaftServerConfigKeys (ConfUtils.java:logGet(43)) - raft.server.log.segment.size.max = 1048576 (custom)
2019-09-25 12:06:02,829 [pool-517-thread-1] INFO  server.RaftServerConfigKeys (ConfUtils.java:logGet(43)) - raft.server.log.preallocated.size = 16384 (custom)
2019-09-25 12:06:02,829 [pool-517-thread-1] INFO  server.RaftServerConfigKeys (ConfUtils.java:logGet(43)) - raft.server.log.write.buffer.size = 33554432 (custom)
2019-09-25 12:06:02,830 [pool-517-thread-1] INFO  server.RaftServerConfigKeys (ConfUtils.java:logGet(43)) - raft.server.log.force.sync.num = 128 (default)
2019-09-25 12:06:02,830 [pool-517-thread-1] INFO  server.RaftServerConfigKeys (ConfUtils.java:logGet(43)) - raft.server.log.statemachine.data.sync = true (default)
2019-09-25 12:06:02,830 [pool-517-thread-1] INFO  server.RaftServerConfigKeys (ConfUtils.java:logGet(43)) - raft.server.log.statemachine.data.sync.timeout = 10s (default)
2019-09-25 12:06:02,830 [pool-517-thread-1] INFO  server.RaftServerConfigKeys (ConfUtils.java:logGet(43)) - raft.server.log.statemachine.data.sync.timeout.retry = -1 (default)
2019-09-25 12:06:02,830 [pool-517-thread-1] INFO  server.RaftServerConfigKeys (ConfUtils.java:logGet(43)) - raft.server.log.statemachine.data.caching.enabled = true (custom)
2019-09-25 12:06:02,830 [pool-517-thread-1] INFO  segmented.SegmentedRaftLogWorker (SegmentedRaftLogWorker.java:lambda$new$0(132)) - 992d69e5-6cba-4869-b94d-c8d2dc420a77@group-C386DD39428D-SegmentedRaftLogWorker: flushIndex: setUnconditionally 0 -> -1
2019-09-25 12:06:02,831 [pool-517-thread-1] INFO  server.RaftServerConfigKeys (ConfUtils.java:logGet(43)) - raft.server.snapshot.auto.trigger.enabled = true (custom)
2019-09-25 12:06:02,831 [pool-517-thread-1] INFO  server.RaftServerConfigKeys (ConfUtils.java:logGet(43)) - raft.server.snapshot.auto.trigger.threshold = 10000 (custom)
2019-09-25 12:06:02,831 [pool-517-thread-1] INFO  server.RaftServerConfigKeys (ConfUtils.java:logGet(43)) - raft.server.snapshot.retention.num.files = 5 (custom)
2019-09-25 12:06:02,831 [pool-517-thread-1] INFO  server.RaftServerConfigKeys (ConfUtils.java:logGet(43)) - raft.server.retrycache.expirytime = 600000ms (custom)
2019-09-25 12:06:02,833 [pool-517-thread-1] INFO  impl.RaftServerImpl (RaftServerImpl.java:start(185)) - 992d69e5-6cba-4869-b94d-c8d2dc420a77@group-C386DD39428D: start as a follower, conf=-1: [992d69e5-6cba-4869-b94d-c8d2dc420a77:192.168.151.73:40135], old=null
2019-09-25 12:06:02,833 [pool-517-thread-1] INFO  impl.RaftServerImpl (RaftServerImpl.java:setRole(174)) - 992d69e5-6cba-4869-b94d-c8d2dc420a77@group-C386DD39428D: changes role from      null to FOLLOWER at term 0 for startAsFollower
2019-09-25 12:06:02,833 [pool-517-thread-1] INFO  impl.RoleInfo (RoleInfo.java:updateAndGet(143)) - 992d69e5-6cba-4869-b94d-c8d2dc420a77: start FollowerState
2019-09-25 12:06:02,833 [pool-517-thread-1] INFO  util.JmxRegister (JmxRegister.java:tryRegister(44)) - Successfully registered JMX Bean with object name Ratis:service=RaftServer,group=group-C386DD39428D,id=992d69e5-6cba-4869-b94d-c8d2dc420a77
2019-09-25 12:06:02,835 [RatisPipelineUtilsThread] INFO  pipeline.PipelineStateManager (PipelineStateManager.java:addPipeline(56)) - Created pipeline Pipeline[ Id: acd850be-9a97-43e6-8c6b-c386dd39428d, Nodes: 992d69e5-6cba-4869-b94d-c8d2dc420a77{ip: 192.168.151.73, host: pr-hdds-1569-shd4m-3693607622, networkLocation: /default-rack, certSerialId: null}, Type:RATIS, Factor:ONE, State:OPEN]
2019-09-25 12:06:02,835 [RatisPipelineUtilsThread] INFO  pipeline.PipelinePlacementPolicy (PipelinePlacementPolicy.java:meetCriteria(91)) - Pipeline Placement: can't place more pipeline on heavy datanode： 159c7809-d8ec-4cf8-a31c-e2f384cc14d2 Heaviness: 6 limit: 5
2019-09-25 12:06:02,835 [RatisPipelineUtilsThread] INFO  pipeline.PipelinePlacementPolicy (PipelinePlacementPolicy.java:meetCriteria(91)) - Pipeline Placement: can't place more pipeline on heavy datanode： 992d69e5-6cba-4869-b94d-c8d2dc420a77 Heaviness: 6 limit: 5
2019-09-25 12:06:02,835 [RatisPipelineUtilsThread] INFO  pipeline.PipelinePlacementPolicy (PipelinePlacementPolicy.java:meetCriteria(91)) - Pipeline Placement: can't place more pipeline on heavy datanode： 2bd0627d-72ad-45ef-ab03-a55c09ad6c3a Heaviness: 6 limit: 5
2019-09-25 12:06:02,835 [RatisPipelineUtilsThread] INFO  pipeline.PipelinePlacementPolicy (PipelinePlacementPolicy.java:meetCriteria(91)) - Pipeline Placement: can't place more pipeline on heavy datanode： de2e4d40-31b5-4e53-8675-f16775b3ddb7 Heaviness: 6 limit: 5
2019-09-25 12:06:02,838 [grpc-default-executor-1] INFO  impl.RaftServerProxy (RaftServerProxy.java:addNew(89)) - 2594d298-a87d-48a4-bedb-7d37d8f76d4c: addNew group-F81D0CD6008F:[2594d298-a87d-48a4-bedb-7d37d8f76d4c:192.168.151.73:46535] returns group-F81D0CD6008F:java.util.concurrent.CompletableFuture@4296e5ab[Not completed]
2019-09-25 12:06:02,839 [pool-557-thread-1] INFO  impl.RaftServerImpl (RaftServerImpl.java:<init>(95)) - 2594d298-a87d-48a4-bedb-7d37d8f76d4c: new RaftServerImpl for group-F81D0CD6008F:[2594d298-a87d-48a4-bedb-7d37d8f76d4c:192.168.151.73:46535] with ContainerStateMachine:uninitialized
2019-09-25 12:06:02,839 [pool-557-thread-1] INFO  server.RaftServerConfigKeys (ConfUtils.java:logGet(43)) - raft.server.rpc.timeout.min = 5s (custom)
2019-09-25 12:06:02,839 [pool-557-thread-1] INFO  server.RaftServerConfigKeys (ConfUtils.java:logGet(43)) - raft.server.rpc.timeout.max = 5200ms (custom)
2019-09-25 12:06:02,839 [pool-557-thread-1] INFO  server.RaftServerConfigKeys (ConfUtils.java:logGet(43)) - raft.server.rpcslowness.timeout = 120s (custom)
2019-09-25 12:06:02,839 [pool-557-thread-1] INFO  server.RaftServerConfigKeys (ConfUtils.java:logGet(43)) - raft.server.sleep.deviation.threshold = 300 (default)
2019-09-25 12:06:02,839 [pool-557-thread-1] INFO  server.RaftServerConfigKeys (ConfUtils.java:logGet(43)) - raft.server.log.appender.install.snapshot.enabled = false (custom)
2019-09-25 12:06:02,840 [pool-557-thread-1] INFO  impl.RaftServerImpl (ServerState.java:<init>(103)) - 2594d298-a87d-48a4-bedb-7d37d8f76d4c@group-F81D0CD6008F: ConfigurationManager, init=-1: [2594d298-a87d-48a4-bedb-7d37d8f76d4c:192.168.151.73:46535], old=null, confs=<EMPTY_MAP>
2019-09-25 12:06:02,840 [pool-557-thread-1] INFO  server.RaftServerConfigKeys (ConfUtils.java:logGet(43)) - raft.server.storage.dir = [/workdir/hadoop-ozone/integration-test/target/test-dir/MiniOzoneClusterImpl-757e75c3-29a2-41d1-adb4-db6d7805a8c7/datanode-6/data/ratis] (custom)
2019-09-25 12:06:02,840 [pool-557-thread-1] INFO  storage.RaftStorageDirectory (RaftStorageDirectory.java:analyzeStorage(246)) - The storage directory /workdir/hadoop-ozone/integration-test/target/test-dir/MiniOzoneClusterImpl-757e75c3-29a2-41d1-adb4-db6d7805a8c7/datanode-6/data/ratis/a5cad66e-a22f-475b-9863-f81d0cd6008f does not exist. Creating ...
2019-09-25 12:06:02,853 [pool-557-thread-1] INFO  storage.RaftStorageDirectory (RaftStorageDirectory.java:tryLock(328)) - Lock on /workdir/hadoop-ozone/integration-test/target/test-dir/MiniOzoneClusterImpl-757e75c3-29a2-41d1-adb4-db6d7805a8c7/datanode-6/data/ratis/a5cad66e-a22f-475b-9863-f81d0cd6008f/in_use.lock acquired by nodename 24979@pr-hdds-1569-shd4m-3693607622
2019-09-25 12:06:02,865 [pool-557-thread-1] INFO  storage.RaftStorage (RaftStorage.java:format(72)) - Storage directory /workdir/hadoop-ozone/integration-test/target/test-dir/MiniOzoneClusterImpl-757e75c3-29a2-41d1-adb4-db6d7805a8c7/datanode-6/data/ratis/a5cad66e-a22f-475b-9863-f81d0cd6008f has been successfully formatted.
2019-09-25 12:06:02,865 [pool-557-thread-1] INFO  ratis.ContainerStateMachine (ContainerStateMachine.java:loadSnapshot(230)) - group-F81D0CD6008F: The snapshot info is null. Setting the last applied indexto:(t:0, i:~)
2019-09-25 12:06:02,865 [pool-557-thread-1] INFO  server.RaftServerConfigKeys (ConfUtils.java:logGet(43)) - raft.server.notification.no-leader.timeout = 120s (custom)
2019-09-25 12:06:02,865 [pool-557-thread-1] INFO  server.RaftServerConfigKeys (ConfUtils.java:logGet(43)) - raft.server.log.use.memory = false (default)
2019-09-25 12:06:02,865 [pool-557-thread-1] INFO  server.RaftServerConfigKeys (ConfUtils.java:logGet(43)) - raft.server.log.purge.gap = 1000000 (custom)
2019-09-25 12:06:02,866 [pool-557-thread-1] INFO  server.RaftServerConfigKeys (ConfUtils.java:logGet(43)) - raft.server.log.appender.buffer.byte-limit = 33554432 (custom)
2019-09-25 12:06:02,866 [pool-557-thread-1] INFO  server.RaftServerConfigKeys (ConfUtils.java:logGet(43)) - raft.server.log.segment.size.max = 1048576 (custom)
2019-09-25 12:06:02,866 [pool-557-thread-1] INFO  server.RaftServerConfigKeys (ConfUtils.java:logGet(43)) - raft.server.log.segment.cache.num.max = 2 (custom)
2019-09-25 12:06:02,866 [pool-557-thread-1] INFO  segmented.SegmentedRaftLogWorker (SegmentedRaftLogWorker.java:<init>(172)) - new 2594d298-a87d-48a4-bedb-7d37d8f76d4c@group-F81D0CD6008F-SegmentedRaftLogWorker for RaftStorage:Storage Directory /workdir/hadoop-ozone/integration-test/target/test-dir/MiniOzoneClusterImpl-757e75c3-29a2-41d1-adb4-db6d7805a8c7/datanode-6/data/ratis/a5cad66e-a22f-475b-9863-f81d0cd6008f
2019-09-25 12:06:02,866 [pool-557-thread-1] INFO  server.RaftServerConfigKeys (ConfUtils.java:logGet(43)) - raft.server.log.queue.byte-limit = 2147483647 (custom)
2019-09-25 12:06:02,866 [pool-557-thread-1] INFO  server.RaftServerConfigKeys (ConfUtils.java:logGet(43)) - raft.server.log.queue.element-limit = 1024 (custom)
2019-09-25 12:06:02,866 [pool-557-thread-1] INFO  server.RaftServerConfigKeys (ConfUtils.java:logGet(43)) - raft.server.log.segment.size.max = 1048576 (custom)
2019-09-25 12:06:02,866 [pool-557-thread-1] INFO  server.RaftServerConfigKeys (ConfUtils.java:logGet(43)) - raft.server.log.preallocated.size = 16384 (custom)
2019-09-25 12:06:02,866 [pool-557-thread-1] INFO  server.RaftServerConfigKeys (ConfUtils.java:logGet(43)) - raft.server.log.write.buffer.size = 33554432 (custom)
2019-09-25 12:06:02,866 [pool-557-thread-1] INFO  server.RaftServerConfigKeys (ConfUtils.java:logGet(43)) - raft.server.log.force.sync.num = 128 (default)
2019-09-25 12:06:02,866 [pool-557-thread-1] INFO  server.RaftServerConfigKeys (ConfUtils.java:logGet(43)) - raft.server.log.statemachine.data.sync = true (default)
2019-09-25 12:06:02,867 [pool-557-thread-1] INFO  server.RaftServerConfigKeys (ConfUtils.java:logGet(43)) - raft.server.log.statemachine.data.sync.timeout = 10s (default)
2019-09-25 12:06:02,867 [pool-557-thread-1] INFO  server.RaftServerConfigKeys (ConfUtils.java:logGet(43)) - raft.server.log.statemachine.data.sync.timeout.retry = -1 (default)
2019-09-25 12:06:02,867 [pool-557-thread-1] INFO  server.RaftServerConfigKeys (ConfUtils.java:logGet(43)) - raft.server.log.statemachine.data.caching.enabled = true (custom)
2019-09-25 12:06:02,867 [pool-557-thread-1] INFO  segmented.SegmentedRaftLogWorker (SegmentedRaftLogWorker.java:lambda$new$0(132)) - 2594d298-a87d-48a4-bedb-7d37d8f76d4c@group-F81D0CD6008F-SegmentedRaftLogWorker: flushIndex: setUnconditionally 0 -> -1
2019-09-25 12:06:02,867 [pool-557-thread-1] INFO  server.RaftServerConfigKeys (ConfUtils.java:logGet(43)) - raft.server.snapshot.auto.trigger.enabled = true (custom)
2019-09-25 12:06:02,867 [pool-557-thread-1] INFO  server.RaftServerConfigKeys (ConfUtils.java:logGet(43)) - raft.server.snapshot.auto.trigger.threshold = 10000 (custom)
2019-09-25 12:06:02,867 [pool-557-thread-1] INFO  server.RaftServerConfigKeys (ConfUtils.java:logGet(43)) - raft.server.snapshot.retention.num.files = 5 (custom)
2019-09-25 12:06:02,867 [pool-557-thread-1] INFO  server.RaftServerConfigKeys (ConfUtils.java:logGet(43)) - raft.server.retrycache.expirytime = 600000ms (custom)
2019-09-25 12:06:02,869 [pool-557-thread-1] INFO  impl.RaftServerImpl (RaftServerImpl.java:start(185)) - 2594d298-a87d-48a4-bedb-7d37d8f76d4c@group-F81D0CD6008F: start as a follower, conf=-1: [2594d298-a87d-48a4-bedb-7d37d8f76d4c:192.168.151.73:46535], old=null
2019-09-25 12:06:02,869 [pool-557-thread-1] INFO  impl.RaftServerImpl (RaftServerImpl.java:setRole(174)) - 2594d298-a87d-48a4-bedb-7d37d8f76d4c@group-F81D0CD6008F: changes role from      null to FOLLOWER at term 0 for startAsFollower
2019-09-25 12:06:02,869 [pool-557-thread-1] INFO  impl.RoleInfo (RoleInfo.java:updateAndGet(143)) - 2594d298-a87d-48a4-bedb-7d37d8f76d4c: start FollowerState
2019-09-25 12:06:02,869 [pool-557-thread-1] INFO  util.JmxRegister (JmxRegister.java:tryRegister(44)) - Successfully registered JMX Bean with object name Ratis:service=RaftServer,group=group-F81D0CD6008F,id=2594d298-a87d-48a4-bedb-7d37d8f76d4c
2019-09-25 12:06:02,871 [RatisPipelineUtilsThread] INFO  pipeline.PipelineStateManager (PipelineStateManager.java:addPipeline(56)) - Created pipeline Pipeline[ Id: a5cad66e-a22f-475b-9863-f81d0cd6008f, Nodes: 2594d298-a87d-48a4-bedb-7d37d8f76d4c{ip: 192.168.151.73, host: pr-hdds-1569-shd4m-3693607622, networkLocation: /default-rack, certSerialId: null}, Type:RATIS, Factor:ONE, State:OPEN]
2019-09-25 12:06:02,871 [RatisPipelineUtilsThread] INFO  pipeline.PipelinePlacementPolicy (PipelinePlacementPolicy.java:meetCriteria(91)) - Pipeline Placement: can't place more pipeline on heavy datanode： 159c7809-d8ec-4cf8-a31c-e2f384cc14d2 Heaviness: 6 limit: 5
2019-09-25 12:06:02,871 [RatisPipelineUtilsThread] INFO  pipeline.PipelinePlacementPolicy (PipelinePlacementPolicy.java:meetCriteria(91)) - Pipeline Placement: can't place more pipeline on heavy datanode： 992d69e5-6cba-4869-b94d-c8d2dc420a77 Heaviness: 6 limit: 5
2019-09-25 12:06:02,871 [RatisPipelineUtilsThread] INFO  pipeline.PipelinePlacementPolicy (PipelinePlacementPolicy.java:meetCriteria(91)) - Pipeline Placement: can't place more pipeline on heavy datanode： 2bd0627d-72ad-45ef-ab03-a55c09ad6c3a Heaviness: 6 limit: 5
2019-09-25 12:06:02,871 [RatisPipelineUtilsThread] INFO  pipeline.PipelinePlacementPolicy (PipelinePlacementPolicy.java:meetCriteria(91)) - Pipeline Placement: can't place more pipeline on heavy datanode： de2e4d40-31b5-4e53-8675-f16775b3ddb7 Heaviness: 6 limit: 5
2019-09-25 12:06:02,874 [grpc-default-executor-1] INFO  impl.RaftServerProxy (RaftServerProxy.java:addNew(89)) - 50493258-76a6-47fc-92c1-a180d5b1121a: addNew group-D44B1458F5B4:[50493258-76a6-47fc-92c1-a180d5b1121a:192.168.151.73:40355] returns group-D44B1458F5B4:java.util.concurrent.CompletableFuture@35997e41[Not completed]
2019-09-25 12:06:02,875 [pool-547-thread-1] INFO  impl.RaftServerImpl (RaftServerImpl.java:<init>(95)) - 50493258-76a6-47fc-92c1-a180d5b1121a: new RaftServerImpl for group-D44B1458F5B4:[50493258-76a6-47fc-92c1-a180d5b1121a:192.168.151.73:40355] with ContainerStateMachine:uninitialized
2019-09-25 12:06:02,875 [pool-547-thread-1] INFO  server.RaftServerConfigKeys (ConfUtils.java:logGet(43)) - raft.server.rpc.timeout.min = 5s (custom)
2019-09-25 12:06:02,875 [pool-547-thread-1] INFO  server.RaftServerConfigKeys (ConfUtils.java:logGet(43)) - raft.server.rpc.timeout.max = 5200ms (custom)
2019-09-25 12:06:02,875 [pool-547-thread-1] INFO  server.RaftServerConfigKeys (ConfUtils.java:logGet(43)) - raft.server.rpcslowness.timeout = 120s (custom)
2019-09-25 12:06:02,875 [pool-547-thread-1] INFO  server.RaftServerConfigKeys (ConfUtils.java:logGet(43)) - raft.server.sleep.deviation.threshold = 300 (default)
2019-09-25 12:06:02,875 [pool-547-thread-1] INFO  server.RaftServerConfigKeys (ConfUtils.java:logGet(43)) - raft.server.log.appender.install.snapshot.enabled = false (custom)
2019-09-25 12:06:02,875 [pool-547-thread-1] INFO  impl.RaftServerImpl (ServerState.java:<init>(103)) - 50493258-76a6-47fc-92c1-a180d5b1121a@group-D44B1458F5B4: ConfigurationManager, init=-1: [50493258-76a6-47fc-92c1-a180d5b1121a:192.168.151.73:40355], old=null, confs=<EMPTY_MAP>
2019-09-25 12:06:02,875 [pool-547-thread-1] INFO  server.RaftServerConfigKeys (ConfUtils.java:logGet(43)) - raft.server.storage.dir = [/workdir/hadoop-ozone/integration-test/target/test-dir/MiniOzoneClusterImpl-757e75c3-29a2-41d1-adb4-db6d7805a8c7/datanode-5/data/ratis] (custom)
2019-09-25 12:06:02,876 [pool-547-thread-1] INFO  storage.RaftStorageDirectory (RaftStorageDirectory.java:analyzeStorage(246)) - The storage directory /workdir/hadoop-ozone/integration-test/target/test-dir/MiniOzoneClusterImpl-757e75c3-29a2-41d1-adb4-db6d7805a8c7/datanode-5/data/ratis/ecaca113-a018-4acc-bc61-d44b1458f5b4 does not exist. Creating ...
2019-09-25 12:06:02,888 [pool-547-thread-1] INFO  storage.RaftStorageDirectory (RaftStorageDirectory.java:tryLock(328)) - Lock on /workdir/hadoop-ozone/integration-test/target/test-dir/MiniOzoneClusterImpl-757e75c3-29a2-41d1-adb4-db6d7805a8c7/datanode-5/data/ratis/ecaca113-a018-4acc-bc61-d44b1458f5b4/in_use.lock acquired by nodename 24979@pr-hdds-1569-shd4m-3693607622
2019-09-25 12:06:02,900 [pool-547-thread-1] INFO  storage.RaftStorage (RaftStorage.java:format(72)) - Storage directory /workdir/hadoop-ozone/integration-test/target/test-dir/MiniOzoneClusterImpl-757e75c3-29a2-41d1-adb4-db6d7805a8c7/datanode-5/data/ratis/ecaca113-a018-4acc-bc61-d44b1458f5b4 has been successfully formatted.
2019-09-25 12:06:02,900 [pool-547-thread-1] INFO  ratis.ContainerStateMachine (ContainerStateMachine.java:loadSnapshot(230)) - group-D44B1458F5B4: The snapshot info is null. Setting the last applied indexto:(t:0, i:~)
2019-09-25 12:06:02,900 [pool-547-thread-1] INFO  server.RaftServerConfigKeys (ConfUtils.java:logGet(43)) - raft.server.notification.no-leader.timeout = 120s (custom)
2019-09-25 12:06:02,900 [pool-547-thread-1] INFO  server.RaftServerConfigKeys (ConfUtils.java:logGet(43)) - raft.server.log.use.memory = false (default)
2019-09-25 12:06:02,901 [pool-547-thread-1] INFO  server.RaftServerConfigKeys (ConfUtils.java:logGet(43)) - raft.server.log.purge.gap = 1000000 (custom)
2019-09-25 12:06:02,901 [pool-547-thread-1] INFO  server.RaftServerConfigKeys (ConfUtils.java:logGet(43)) - raft.server.log.appender.buffer.byte-limit = 33554432 (custom)
2019-09-25 12:06:02,901 [pool-547-thread-1] INFO  server.RaftServerConfigKeys (ConfUtils.java:logGet(43)) - raft.server.log.segment.size.max = 1048576 (custom)
2019-09-25 12:06:02,901 [pool-547-thread-1] INFO  server.RaftServerConfigKeys (ConfUtils.java:logGet(43)) - raft.server.log.segment.cache.num.max = 2 (custom)
2019-09-25 12:06:02,901 [pool-547-thread-1] INFO  segmented.SegmentedRaftLogWorker (SegmentedRaftLogWorker.java:<init>(172)) - new 50493258-76a6-47fc-92c1-a180d5b1121a@group-D44B1458F5B4-SegmentedRaftLogWorker for RaftStorage:Storage Directory /workdir/hadoop-ozone/integration-test/target/test-dir/MiniOzoneClusterImpl-757e75c3-29a2-41d1-adb4-db6d7805a8c7/datanode-5/data/ratis/ecaca113-a018-4acc-bc61-d44b1458f5b4
2019-09-25 12:06:02,901 [pool-547-thread-1] INFO  server.RaftServerConfigKeys (ConfUtils.java:logGet(43)) - raft.server.log.queue.byte-limit = 2147483647 (custom)
2019-09-25 12:06:02,901 [pool-547-thread-1] INFO  server.RaftServerConfigKeys (ConfUtils.java:logGet(43)) - raft.server.log.queue.element-limit = 1024 (custom)
2019-09-25 12:06:02,901 [pool-547-thread-1] INFO  server.RaftServerConfigKeys (ConfUtils.java:logGet(43)) - raft.server.log.segment.size.max = 1048576 (custom)
2019-09-25 12:06:02,901 [pool-547-thread-1] INFO  server.RaftServerConfigKeys (ConfUtils.java:logGet(43)) - raft.server.log.preallocated.size = 16384 (custom)
2019-09-25 12:06:02,901 [pool-547-thread-1] INFO  server.RaftServerConfigKeys (ConfUtils.java:logGet(43)) - raft.server.log.write.buffer.size = 33554432 (custom)
2019-09-25 12:06:02,901 [pool-547-thread-1] INFO  server.RaftServerConfigKeys (ConfUtils.java:logGet(43)) - raft.server.log.force.sync.num = 128 (default)
2019-09-25 12:06:02,902 [pool-547-thread-1] INFO  server.RaftServerConfigKeys (ConfUtils.java:logGet(43)) - raft.server.log.statemachine.data.sync = true (default)
2019-09-25 12:06:02,902 [pool-547-thread-1] INFO  server.RaftServerConfigKeys (ConfUtils.java:logGet(43)) - raft.server.log.statemachine.data.sync.timeout = 10s (default)
2019-09-25 12:06:02,902 [pool-547-thread-1] INFO  server.RaftServerConfigKeys (ConfUtils.java:logGet(43)) - raft.server.log.statemachine.data.sync.timeout.retry = -1 (default)
2019-09-25 12:06:02,902 [pool-547-thread-1] INFO  server.RaftServerConfigKeys (ConfUtils.java:logGet(43)) - raft.server.log.statemachine.data.caching.enabled = true (custom)
2019-09-25 12:06:02,902 [pool-547-thread-1] INFO  segmented.SegmentedRaftLogWorker (SegmentedRaftLogWorker.java:lambda$new$0(132)) - 50493258-76a6-47fc-92c1-a180d5b1121a@group-D44B1458F5B4-SegmentedRaftLogWorker: flushIndex: setUnconditionally 0 -> -1
2019-09-25 12:06:02,902 [pool-547-thread-1] INFO  server.RaftServerConfigKeys (ConfUtils.java:logGet(43)) - raft.server.snapshot.auto.trigger.enabled = true (custom)
2019-09-25 12:06:02,902 [pool-547-thread-1] INFO  server.RaftServerConfigKeys (ConfUtils.java:logGet(43)) - raft.server.snapshot.auto.trigger.threshold = 10000 (custom)
2019-09-25 12:06:02,902 [pool-547-thread-1] INFO  server.RaftServerConfigKeys (ConfUtils.java:logGet(43)) - raft.server.snapshot.retention.num.files = 5 (custom)
2019-09-25 12:06:02,902 [pool-547-thread-1] INFO  server.RaftServerConfigKeys (ConfUtils.java:logGet(43)) - raft.server.retrycache.expirytime = 600000ms (custom)
2019-09-25 12:06:02,904 [pool-547-thread-1] INFO  impl.RaftServerImpl (RaftServerImpl.java:start(185)) - 50493258-76a6-47fc-92c1-a180d5b1121a@group-D44B1458F5B4: start as a follower, conf=-1: [50493258-76a6-47fc-92c1-a180d5b1121a:192.168.151.73:40355], old=null
2019-09-25 12:06:02,904 [pool-547-thread-1] INFO  impl.RaftServerImpl (RaftServerImpl.java:setRole(174)) - 50493258-76a6-47fc-92c1-a180d5b1121a@group-D44B1458F5B4: changes role from      null to FOLLOWER at term 0 for startAsFollower
2019-09-25 12:06:02,904 [pool-547-thread-1] INFO  impl.RoleInfo (RoleInfo.java:updateAndGet(143)) - 50493258-76a6-47fc-92c1-a180d5b1121a: start FollowerState
2019-09-25 12:06:02,904 [pool-547-thread-1] INFO  util.JmxRegister (JmxRegister.java:tryRegister(44)) - Successfully registered JMX Bean with object name Ratis:service=RaftServer,group=group-D44B1458F5B4,id=50493258-76a6-47fc-92c1-a180d5b1121a
2019-09-25 12:06:02,905 [RatisPipelineUtilsThread] INFO  pipeline.PipelineStateManager (PipelineStateManager.java:addPipeline(56)) - Created pipeline Pipeline[ Id: ecaca113-a018-4acc-bc61-d44b1458f5b4, Nodes: 50493258-76a6-47fc-92c1-a180d5b1121a{ip: 192.168.151.73, host: pr-hdds-1569-shd4m-3693607622, networkLocation: /default-rack, certSerialId: null}, Type:RATIS, Factor:ONE, State:OPEN]
2019-09-25 12:06:02,905 [RatisPipelineUtilsThread] INFO  pipeline.PipelinePlacementPolicy (PipelinePlacementPolicy.java:meetCriteria(91)) - Pipeline Placement: can't place more pipeline on heavy datanode： 159c7809-d8ec-4cf8-a31c-e2f384cc14d2 Heaviness: 6 limit: 5
2019-09-25 12:06:02,906 [RatisPipelineUtilsThread] INFO  pipeline.PipelinePlacementPolicy (PipelinePlacementPolicy.java:meetCriteria(91)) - Pipeline Placement: can't place more pipeline on heavy datanode： 992d69e5-6cba-4869-b94d-c8d2dc420a77 Heaviness: 6 limit: 5
2019-09-25 12:06:02,906 [RatisPipelineUtilsThread] INFO  pipeline.PipelinePlacementPolicy (PipelinePlacementPolicy.java:meetCriteria(91)) - Pipeline Placement: can't place more pipeline on heavy datanode： 2bd0627d-72ad-45ef-ab03-a55c09ad6c3a Heaviness: 6 limit: 5
2019-09-25 12:06:02,906 [RatisPipelineUtilsThread] INFO  pipeline.PipelinePlacementPolicy (PipelinePlacementPolicy.java:meetCriteria(91)) - Pipeline Placement: can't place more pipeline on heavy datanode： de2e4d40-31b5-4e53-8675-f16775b3ddb7 Heaviness: 6 limit: 5
2019-09-25 12:06:02,909 [grpc-default-executor-1] INFO  impl.RaftServerProxy (RaftServerProxy.java:addNew(89)) - 2594d298-a87d-48a4-bedb-7d37d8f76d4c: addNew group-23A03A915FCA:[2594d298-a87d-48a4-bedb-7d37d8f76d4c:192.168.151.73:46535] returns group-23A03A915FCA:java.util.concurrent.CompletableFuture@5e3a3632[Not completed]
2019-09-25 12:06:02,909 [pool-557-thread-1] INFO  impl.RaftServerImpl (RaftServerImpl.java:<init>(95)) - 2594d298-a87d-48a4-bedb-7d37d8f76d4c: new RaftServerImpl for group-23A03A915FCA:[2594d298-a87d-48a4-bedb-7d37d8f76d4c:192.168.151.73:46535] with ContainerStateMachine:uninitialized
2019-09-25 12:06:02,909 [pool-557-thread-1] INFO  server.RaftServerConfigKeys (ConfUtils.java:logGet(43)) - raft.server.rpc.timeout.min = 5s (custom)
2019-09-25 12:06:02,909 [pool-557-thread-1] INFO  server.RaftServerConfigKeys (ConfUtils.java:logGet(43)) - raft.server.rpc.timeout.max = 5200ms (custom)
2019-09-25 12:06:02,909 [pool-557-thread-1] INFO  server.RaftServerConfigKeys (ConfUtils.java:logGet(43)) - raft.server.rpcslowness.timeout = 120s (custom)
2019-09-25 12:06:02,909 [pool-557-thread-1] INFO  server.RaftServerConfigKeys (ConfUtils.java:logGet(43)) - raft.server.sleep.deviation.threshold = 300 (default)
2019-09-25 12:06:02,909 [pool-557-thread-1] INFO  server.RaftServerConfigKeys (ConfUtils.java:logGet(43)) - raft.server.log.appender.install.snapshot.enabled = false (custom)
2019-09-25 12:06:02,909 [pool-557-thread-1] INFO  impl.RaftServerImpl (ServerState.java:<init>(103)) - 2594d298-a87d-48a4-bedb-7d37d8f76d4c@group-23A03A915FCA: ConfigurationManager, init=-1: [2594d298-a87d-48a4-bedb-7d37d8f76d4c:192.168.151.73:46535], old=null, confs=<EMPTY_MAP>
2019-09-25 12:06:02,910 [pool-557-thread-1] INFO  server.RaftServerConfigKeys (ConfUtils.java:logGet(43)) - raft.server.storage.dir = [/workdir/hadoop-ozone/integration-test/target/test-dir/MiniOzoneClusterImpl-757e75c3-29a2-41d1-adb4-db6d7805a8c7/datanode-6/data/ratis] (custom)
2019-09-25 12:06:02,910 [pool-557-thread-1] INFO  storage.RaftStorageDirectory (RaftStorageDirectory.java:analyzeStorage(246)) - The storage directory /workdir/hadoop-ozone/integration-test/target/test-dir/MiniOzoneClusterImpl-757e75c3-29a2-41d1-adb4-db6d7805a8c7/datanode-6/data/ratis/33fcaed2-096c-46ae-ada5-23a03a915fca does not exist. Creating ...
2019-09-25 12:06:02,922 [pool-557-thread-1] INFO  storage.RaftStorageDirectory (RaftStorageDirectory.java:tryLock(328)) - Lock on /workdir/hadoop-ozone/integration-test/target/test-dir/MiniOzoneClusterImpl-757e75c3-29a2-41d1-adb4-db6d7805a8c7/datanode-6/data/ratis/33fcaed2-096c-46ae-ada5-23a03a915fca/in_use.lock acquired by nodename 24979@pr-hdds-1569-shd4m-3693607622
2019-09-25 12:06:02,935 [pool-557-thread-1] INFO  storage.RaftStorage (RaftStorage.java:format(72)) - Storage directory /workdir/hadoop-ozone/integration-test/target/test-dir/MiniOzoneClusterImpl-757e75c3-29a2-41d1-adb4-db6d7805a8c7/datanode-6/data/ratis/33fcaed2-096c-46ae-ada5-23a03a915fca has been successfully formatted.
2019-09-25 12:06:02,935 [pool-557-thread-1] INFO  ratis.ContainerStateMachine (ContainerStateMachine.java:loadSnapshot(230)) - group-23A03A915FCA: The snapshot info is null. Setting the last applied indexto:(t:0, i:~)
2019-09-25 12:06:02,935 [pool-557-thread-1] INFO  server.RaftServerConfigKeys (ConfUtils.java:logGet(43)) - raft.server.notification.no-leader.timeout = 120s (custom)
2019-09-25 12:06:02,935 [pool-557-thread-1] INFO  server.RaftServerConfigKeys (ConfUtils.java:logGet(43)) - raft.server.log.use.memory = false (default)
2019-09-25 12:06:02,935 [pool-557-thread-1] INFO  server.RaftServerConfigKeys (ConfUtils.java:logGet(43)) - raft.server.log.purge.gap = 1000000 (custom)
2019-09-25 12:06:02,935 [pool-557-thread-1] INFO  server.RaftServerConfigKeys (ConfUtils.java:logGet(43)) - raft.server.log.appender.buffer.byte-limit = 33554432 (custom)
2019-09-25 12:06:02,936 [pool-557-thread-1] INFO  server.RaftServerConfigKeys (ConfUtils.java:logGet(43)) - raft.server.log.segment.size.max = 1048576 (custom)
2019-09-25 12:06:02,936 [pool-557-thread-1] INFO  server.RaftServerConfigKeys (ConfUtils.java:logGet(43)) - raft.server.log.segment.cache.num.max = 2 (custom)
2019-09-25 12:06:02,936 [pool-557-thread-1] INFO  segmented.SegmentedRaftLogWorker (SegmentedRaftLogWorker.java:<init>(172)) - new 2594d298-a87d-48a4-bedb-7d37d8f76d4c@group-23A03A915FCA-SegmentedRaftLogWorker for RaftStorage:Storage Directory /workdir/hadoop-ozone/integration-test/target/test-dir/MiniOzoneClusterImpl-757e75c3-29a2-41d1-adb4-db6d7805a8c7/datanode-6/data/ratis/33fcaed2-096c-46ae-ada5-23a03a915fca
2019-09-25 12:06:02,936 [pool-557-thread-1] INFO  server.RaftServerConfigKeys (ConfUtils.java:logGet(43)) - raft.server.log.queue.byte-limit = 2147483647 (custom)
2019-09-25 12:06:02,936 [pool-557-thread-1] INFO  server.RaftServerConfigKeys (ConfUtils.java:logGet(43)) - raft.server.log.queue.element-limit = 1024 (custom)
2019-09-25 12:06:02,936 [pool-557-thread-1] INFO  server.RaftServerConfigKeys (ConfUtils.java:logGet(43)) - raft.server.log.segment.size.max = 1048576 (custom)
2019-09-25 12:06:02,936 [pool-557-thread-1] INFO  server.RaftServerConfigKeys (ConfUtils.java:logGet(43)) - raft.server.log.preallocated.size = 16384 (custom)
2019-09-25 12:06:02,936 [pool-557-thread-1] INFO  server.RaftServerConfigKeys (ConfUtils.java:logGet(43)) - raft.server.log.write.buffer.size = 33554432 (custom)
2019-09-25 12:06:02,936 [pool-557-thread-1] INFO  server.RaftServerConfigKeys (ConfUtils.java:logGet(43)) - raft.server.log.force.sync.num = 128 (default)
2019-09-25 12:06:02,936 [pool-557-thread-1] INFO  server.RaftServerConfigKeys (ConfUtils.java:logGet(43)) - raft.server.log.statemachine.data.sync = true (default)
2019-09-25 12:06:02,937 [pool-557-thread-1] INFO  server.RaftServerConfigKeys (ConfUtils.java:logGet(43)) - raft.server.log.statemachine.data.sync.timeout = 10s (default)
2019-09-25 12:06:02,937 [pool-557-thread-1] INFO  server.RaftServerConfigKeys (ConfUtils.java:logGet(43)) - raft.server.log.statemachine.data.sync.timeout.retry = -1 (default)
2019-09-25 12:06:02,937 [pool-557-thread-1] INFO  server.RaftServerConfigKeys (ConfUtils.java:logGet(43)) - raft.server.log.statemachine.data.caching.enabled = true (custom)
2019-09-25 12:06:02,937 [pool-557-thread-1] INFO  segmented.SegmentedRaftLogWorker (SegmentedRaftLogWorker.java:lambda$new$0(132)) - 2594d298-a87d-48a4-bedb-7d37d8f76d4c@group-23A03A915FCA-SegmentedRaftLogWorker: flushIndex: setUnconditionally 0 -> -1
2019-09-25 12:06:02,937 [pool-557-thread-1] INFO  server.RaftServerConfigKeys (ConfUtils.java:logGet(43)) - raft.server.snapshot.auto.trigger.enabled = true (custom)
2019-09-25 12:06:02,937 [pool-557-thread-1] INFO  server.RaftServerConfigKeys (ConfUtils.java:logGet(43)) - raft.server.snapshot.auto.trigger.threshold = 10000 (custom)
2019-09-25 12:06:02,938 [pool-557-thread-1] INFO  server.RaftServerConfigKeys (ConfUtils.java:logGet(43)) - raft.server.snapshot.retention.num.files = 5 (custom)
2019-09-25 12:06:02,938 [pool-557-thread-1] INFO  server.RaftServerConfigKeys (ConfUtils.java:logGet(43)) - raft.server.retrycache.expirytime = 600000ms (custom)
2019-09-25 12:06:02,939 [pool-557-thread-1] INFO  impl.RaftServerImpl (RaftServerImpl.java:start(185)) - 2594d298-a87d-48a4-bedb-7d37d8f76d4c@group-23A03A915FCA: start as a follower, conf=-1: [2594d298-a87d-48a4-bedb-7d37d8f76d4c:192.168.151.73:46535], old=null
2019-09-25 12:06:02,939 [pool-557-thread-1] INFO  impl.RaftServerImpl (RaftServerImpl.java:setRole(174)) - 2594d298-a87d-48a4-bedb-7d37d8f76d4c@group-23A03A915FCA: changes role from      null to FOLLOWER at term 0 for startAsFollower
2019-09-25 12:06:02,939 [pool-557-thread-1] INFO  impl.RoleInfo (RoleInfo.java:updateAndGet(143)) - 2594d298-a87d-48a4-bedb-7d37d8f76d4c: start FollowerState
2019-09-25 12:06:02,940 [pool-557-thread-1] INFO  util.JmxRegister (JmxRegister.java:tryRegister(44)) - Successfully registered JMX Bean with object name Ratis:service=RaftServer,group=group-23A03A915FCA,id=2594d298-a87d-48a4-bedb-7d37d8f76d4c
2019-09-25 12:06:02,941 [RatisPipelineUtilsThread] INFO  pipeline.PipelineStateManager (PipelineStateManager.java:addPipeline(56)) - Created pipeline Pipeline[ Id: 33fcaed2-096c-46ae-ada5-23a03a915fca, Nodes: 2594d298-a87d-48a4-bedb-7d37d8f76d4c{ip: 192.168.151.73, host: pr-hdds-1569-shd4m-3693607622, networkLocation: /default-rack, certSerialId: null}, Type:RATIS, Factor:ONE, State:OPEN]
2019-09-25 12:06:02,941 [RatisPipelineUtilsThread] INFO  pipeline.PipelinePlacementPolicy (PipelinePlacementPolicy.java:meetCriteria(91)) - Pipeline Placement: can't place more pipeline on heavy datanode： 159c7809-d8ec-4cf8-a31c-e2f384cc14d2 Heaviness: 6 limit: 5
2019-09-25 12:06:02,942 [RatisPipelineUtilsThread] INFO  pipeline.PipelinePlacementPolicy (PipelinePlacementPolicy.java:meetCriteria(91)) - Pipeline Placement: can't place more pipeline on heavy datanode： 992d69e5-6cba-4869-b94d-c8d2dc420a77 Heaviness: 6 limit: 5
2019-09-25 12:06:02,942 [RatisPipelineUtilsThread] INFO  pipeline.PipelinePlacementPolicy (PipelinePlacementPolicy.java:meetCriteria(91)) - Pipeline Placement: can't place more pipeline on heavy datanode： 2bd0627d-72ad-45ef-ab03-a55c09ad6c3a Heaviness: 6 limit: 5
2019-09-25 12:06:02,942 [RatisPipelineUtilsThread] INFO  pipeline.PipelinePlacementPolicy (PipelinePlacementPolicy.java:meetCriteria(91)) - Pipeline Placement: can't place more pipeline on heavy datanode： de2e4d40-31b5-4e53-8675-f16775b3ddb7 Heaviness: 6 limit: 5
2019-09-25 12:06:02,945 [grpc-default-executor-1] INFO  impl.RaftServerProxy (RaftServerProxy.java:addNew(89)) - 96c68fd9-263a-4bce-9480-8d54d9f28f1c: addNew group-D96478E01FA6:[96c68fd9-263a-4bce-9480-8d54d9f28f1c:192.168.151.73:45392] returns group-D96478E01FA6:java.util.concurrent.CompletableFuture@72fbc879[Not completed]
2019-09-25 12:06:02,945 [pool-537-thread-1] INFO  impl.RaftServerImpl (RaftServerImpl.java:<init>(95)) - 96c68fd9-263a-4bce-9480-8d54d9f28f1c: new RaftServerImpl for group-D96478E01FA6:[96c68fd9-263a-4bce-9480-8d54d9f28f1c:192.168.151.73:45392] with ContainerStateMachine:uninitialized
2019-09-25 12:06:02,945 [pool-537-thread-1] INFO  server.RaftServerConfigKeys (ConfUtils.java:logGet(43)) - raft.server.rpc.timeout.min = 5s (custom)
2019-09-25 12:06:02,946 [pool-537-thread-1] INFO  server.RaftServerConfigKeys (ConfUtils.java:logGet(43)) - raft.server.rpc.timeout.max = 5200ms (custom)
2019-09-25 12:06:02,946 [pool-537-thread-1] INFO  server.RaftServerConfigKeys (ConfUtils.java:logGet(43)) - raft.server.rpcslowness.timeout = 120s (custom)
2019-09-25 12:06:02,946 [pool-537-thread-1] INFO  server.RaftServerConfigKeys (ConfUtils.java:logGet(43)) - raft.server.sleep.deviation.threshold = 300 (default)
2019-09-25 12:06:02,946 [pool-537-thread-1] INFO  server.RaftServerConfigKeys (ConfUtils.java:logGet(43)) - raft.server.log.appender.install.snapshot.enabled = false (custom)
2019-09-25 12:06:02,946 [pool-537-thread-1] INFO  impl.RaftServerImpl (ServerState.java:<init>(103)) - 96c68fd9-263a-4bce-9480-8d54d9f28f1c@group-D96478E01FA6: ConfigurationManager, init=-1: [96c68fd9-263a-4bce-9480-8d54d9f28f1c:192.168.151.73:45392], old=null, confs=<EMPTY_MAP>
2019-09-25 12:06:02,946 [pool-537-thread-1] INFO  server.RaftServerConfigKeys (ConfUtils.java:logGet(43)) - raft.server.storage.dir = [/workdir/hadoop-ozone/integration-test/target/test-dir/MiniOzoneClusterImpl-757e75c3-29a2-41d1-adb4-db6d7805a8c7/datanode-4/data/ratis] (custom)
2019-09-25 12:06:02,946 [pool-537-thread-1] INFO  storage.RaftStorageDirectory (RaftStorageDirectory.java:analyzeStorage(246)) - The storage directory /workdir/hadoop-ozone/integration-test/target/test-dir/MiniOzoneClusterImpl-757e75c3-29a2-41d1-adb4-db6d7805a8c7/datanode-4/data/ratis/48ae164a-d99a-4e8b-9149-d96478e01fa6 does not exist. Creating ...
2019-09-25 12:06:02,958 [pool-537-thread-1] INFO  storage.RaftStorageDirectory (RaftStorageDirectory.java:tryLock(328)) - Lock on /workdir/hadoop-ozone/integration-test/target/test-dir/MiniOzoneClusterImpl-757e75c3-29a2-41d1-adb4-db6d7805a8c7/datanode-4/data/ratis/48ae164a-d99a-4e8b-9149-d96478e01fa6/in_use.lock acquired by nodename 24979@pr-hdds-1569-shd4m-3693607622
2019-09-25 12:06:02,971 [pool-537-thread-1] INFO  storage.RaftStorage (RaftStorage.java:format(72)) - Storage directory /workdir/hadoop-ozone/integration-test/target/test-dir/MiniOzoneClusterImpl-757e75c3-29a2-41d1-adb4-db6d7805a8c7/datanode-4/data/ratis/48ae164a-d99a-4e8b-9149-d96478e01fa6 has been successfully formatted.
2019-09-25 12:06:02,971 [pool-537-thread-1] INFO  ratis.ContainerStateMachine (ContainerStateMachine.java:loadSnapshot(230)) - group-D96478E01FA6: The snapshot info is null. Setting the last applied indexto:(t:0, i:~)
2019-09-25 12:06:02,971 [pool-537-thread-1] INFO  server.RaftServerConfigKeys (ConfUtils.java:logGet(43)) - raft.server.notification.no-leader.timeout = 120s (custom)
2019-09-25 12:06:02,971 [pool-537-thread-1] INFO  server.RaftServerConfigKeys (ConfUtils.java:logGet(43)) - raft.server.log.use.memory = false (default)
2019-09-25 12:06:02,971 [pool-537-thread-1] INFO  server.RaftServerConfigKeys (ConfUtils.java:logGet(43)) - raft.server.log.purge.gap = 1000000 (custom)
2019-09-25 12:06:02,971 [pool-537-thread-1] INFO  server.RaftServerConfigKeys (ConfUtils.java:logGet(43)) - raft.server.log.appender.buffer.byte-limit = 33554432 (custom)
2019-09-25 12:06:02,972 [pool-537-thread-1] INFO  server.RaftServerConfigKeys (ConfUtils.java:logGet(43)) - raft.server.log.segment.size.max = 1048576 (custom)
2019-09-25 12:06:02,972 [pool-537-thread-1] INFO  server.RaftServerConfigKeys (ConfUtils.java:logGet(43)) - raft.server.log.segment.cache.num.max = 2 (custom)
2019-09-25 12:06:02,972 [pool-537-thread-1] INFO  segmented.SegmentedRaftLogWorker (SegmentedRaftLogWorker.java:<init>(172)) - new 96c68fd9-263a-4bce-9480-8d54d9f28f1c@group-D96478E01FA6-SegmentedRaftLogWorker for RaftStorage:Storage Directory /workdir/hadoop-ozone/integration-test/target/test-dir/MiniOzoneClusterImpl-757e75c3-29a2-41d1-adb4-db6d7805a8c7/datanode-4/data/ratis/48ae164a-d99a-4e8b-9149-d96478e01fa6
2019-09-25 12:06:02,972 [pool-537-thread-1] INFO  server.RaftServerConfigKeys (ConfUtils.java:logGet(43)) - raft.server.log.queue.byte-limit = 2147483647 (custom)
2019-09-25 12:06:02,972 [pool-537-thread-1] INFO  server.RaftServerConfigKeys (ConfUtils.java:logGet(43)) - raft.server.log.queue.element-limit = 1024 (custom)
2019-09-25 12:06:02,972 [pool-537-thread-1] INFO  server.RaftServerConfigKeys (ConfUtils.java:logGet(43)) - raft.server.log.segment.size.max = 1048576 (custom)
2019-09-25 12:06:02,972 [pool-537-thread-1] INFO  server.RaftServerConfigKeys (ConfUtils.java:logGet(43)) - raft.server.log.preallocated.size = 16384 (custom)
2019-09-25 12:06:02,972 [pool-537-thread-1] INFO  server.RaftServerConfigKeys (ConfUtils.java:logGet(43)) - raft.server.log.write.buffer.size = 33554432 (custom)
2019-09-25 12:06:02,972 [pool-537-thread-1] INFO  server.RaftServerConfigKeys (ConfUtils.java:logGet(43)) - raft.server.log.force.sync.num = 128 (default)
2019-09-25 12:06:02,972 [pool-537-thread-1] INFO  server.RaftServerConfigKeys (ConfUtils.java:logGet(43)) - raft.server.log.statemachine.data.sync = true (default)
2019-09-25 12:06:02,973 [pool-537-thread-1] INFO  server.RaftServerConfigKeys (ConfUtils.java:logGet(43)) - raft.server.log.statemachine.data.sync.timeout = 10s (default)
2019-09-25 12:06:02,973 [pool-537-thread-1] INFO  server.RaftServerConfigKeys (ConfUtils.java:logGet(43)) - raft.server.log.statemachine.data.sync.timeout.retry = -1 (default)
2019-09-25 12:06:02,973 [pool-537-thread-1] INFO  server.RaftServerConfigKeys (ConfUtils.java:logGet(43)) - raft.server.log.statemachine.data.caching.enabled = true (custom)
2019-09-25 12:06:02,973 [pool-537-thread-1] INFO  segmented.SegmentedRaftLogWorker (SegmentedRaftLogWorker.java:lambda$new$0(132)) - 96c68fd9-263a-4bce-9480-8d54d9f28f1c@group-D96478E01FA6-SegmentedRaftLogWorker: flushIndex: setUnconditionally 0 -> -1
2019-09-25 12:06:02,973 [pool-537-thread-1] INFO  server.RaftServerConfigKeys (ConfUtils.java:logGet(43)) - raft.server.snapshot.auto.trigger.enabled = true (custom)
2019-09-25 12:06:02,973 [pool-537-thread-1] INFO  server.RaftServerConfigKeys (ConfUtils.java:logGet(43)) - raft.server.snapshot.auto.trigger.threshold = 10000 (custom)
2019-09-25 12:06:02,973 [pool-537-thread-1] INFO  server.RaftServerConfigKeys (ConfUtils.java:logGet(43)) - raft.server.snapshot.retention.num.files = 5 (custom)
2019-09-25 12:06:02,974 [pool-537-thread-1] INFO  server.RaftServerConfigKeys (ConfUtils.java:logGet(43)) - raft.server.retrycache.expirytime = 600000ms (custom)
2019-09-25 12:06:02,975 [pool-537-thread-1] INFO  impl.RaftServerImpl (RaftServerImpl.java:start(185)) - 96c68fd9-263a-4bce-9480-8d54d9f28f1c@group-D96478E01FA6: start as a follower, conf=-1: [96c68fd9-263a-4bce-9480-8d54d9f28f1c:192.168.151.73:45392], old=null
2019-09-25 12:06:02,975 [pool-537-thread-1] INFO  impl.RaftServerImpl (RaftServerImpl.java:setRole(174)) - 96c68fd9-263a-4bce-9480-8d54d9f28f1c@group-D96478E01FA6: changes role from      null to FOLLOWER at term 0 for startAsFollower
2019-09-25 12:06:02,975 [pool-537-thread-1] INFO  impl.RoleInfo (RoleInfo.java:updateAndGet(143)) - 96c68fd9-263a-4bce-9480-8d54d9f28f1c: start FollowerState
2019-09-25 12:06:02,975 [pool-537-thread-1] INFO  util.JmxRegister (JmxRegister.java:tryRegister(44)) - Successfully registered JMX Bean with object name Ratis:service=RaftServer,group=group-D96478E01FA6,id=96c68fd9-263a-4bce-9480-8d54d9f28f1c
2019-09-25 12:06:02,977 [RatisPipelineUtilsThread] INFO  pipeline.PipelineStateManager (PipelineStateManager.java:addPipeline(56)) - Created pipeline Pipeline[ Id: 48ae164a-d99a-4e8b-9149-d96478e01fa6, Nodes: 96c68fd9-263a-4bce-9480-8d54d9f28f1c{ip: 192.168.151.73, host: pr-hdds-1569-shd4m-3693607622, networkLocation: /default-rack, certSerialId: null}, Type:RATIS, Factor:ONE, State:OPEN]
2019-09-25 12:06:02,978 [RatisPipelineUtilsThread] INFO  pipeline.PipelinePlacementPolicy (PipelinePlacementPolicy.java:meetCriteria(91)) - Pipeline Placement: can't place more pipeline on heavy datanode： 159c7809-d8ec-4cf8-a31c-e2f384cc14d2 Heaviness: 6 limit: 5
2019-09-25 12:06:02,978 [RatisPipelineUtilsThread] INFO  pipeline.PipelinePlacementPolicy (PipelinePlacementPolicy.java:meetCriteria(91)) - Pipeline Placement: can't place more pipeline on heavy datanode： 992d69e5-6cba-4869-b94d-c8d2dc420a77 Heaviness: 6 limit: 5
2019-09-25 12:06:02,978 [RatisPipelineUtilsThread] INFO  pipeline.PipelinePlacementPolicy (PipelinePlacementPolicy.java:meetCriteria(91)) - Pipeline Placement: can't place more pipeline on heavy datanode： 2bd0627d-72ad-45ef-ab03-a55c09ad6c3a Heaviness: 6 limit: 5
2019-09-25 12:06:02,978 [RatisPipelineUtilsThread] INFO  pipeline.PipelinePlacementPolicy (PipelinePlacementPolicy.java:meetCriteria(91)) - Pipeline Placement: can't place more pipeline on heavy datanode： de2e4d40-31b5-4e53-8675-f16775b3ddb7 Heaviness: 6 limit: 5
2019-09-25 12:06:02,982 [grpc-default-executor-1] INFO  impl.RaftServerProxy (RaftServerProxy.java:addNew(89)) - 96c68fd9-263a-4bce-9480-8d54d9f28f1c: addNew group-D6AB42894A37:[96c68fd9-263a-4bce-9480-8d54d9f28f1c:192.168.151.73:45392] returns group-D6AB42894A37:java.util.concurrent.CompletableFuture@772b4f88[Not completed]
2019-09-25 12:06:02,983 [pool-537-thread-1] INFO  impl.RaftServerImpl (RaftServerImpl.java:<init>(95)) - 96c68fd9-263a-4bce-9480-8d54d9f28f1c: new RaftServerImpl for group-D6AB42894A37:[96c68fd9-263a-4bce-9480-8d54d9f28f1c:192.168.151.73:45392] with ContainerStateMachine:uninitialized
2019-09-25 12:06:02,983 [pool-537-thread-1] INFO  server.RaftServerConfigKeys (ConfUtils.java:logGet(43)) - raft.server.rpc.timeout.min = 5s (custom)
2019-09-25 12:06:02,983 [pool-537-thread-1] INFO  server.RaftServerConfigKeys (ConfUtils.java:logGet(43)) - raft.server.rpc.timeout.max = 5200ms (custom)
2019-09-25 12:06:02,983 [pool-537-thread-1] INFO  server.RaftServerConfigKeys (ConfUtils.java:logGet(43)) - raft.server.rpcslowness.timeout = 120s (custom)
2019-09-25 12:06:02,983 [pool-537-thread-1] INFO  server.RaftServerConfigKeys (ConfUtils.java:logGet(43)) - raft.server.sleep.deviation.threshold = 300 (default)
2019-09-25 12:06:02,983 [pool-537-thread-1] INFO  server.RaftServerConfigKeys (ConfUtils.java:logGet(43)) - raft.server.log.appender.install.snapshot.enabled = false (custom)
2019-09-25 12:06:02,983 [pool-537-thread-1] INFO  impl.RaftServerImpl (ServerState.java:<init>(103)) - 96c68fd9-263a-4bce-9480-8d54d9f28f1c@group-D6AB42894A37: ConfigurationManager, init=-1: [96c68fd9-263a-4bce-9480-8d54d9f28f1c:192.168.151.73:45392], old=null, confs=<EMPTY_MAP>
2019-09-25 12:06:02,983 [pool-537-thread-1] INFO  server.RaftServerConfigKeys (ConfUtils.java:logGet(43)) - raft.server.storage.dir = [/workdir/hadoop-ozone/integration-test/target/test-dir/MiniOzoneClusterImpl-757e75c3-29a2-41d1-adb4-db6d7805a8c7/datanode-4/data/ratis] (custom)
2019-09-25 12:06:02,984 [pool-537-thread-1] INFO  storage.RaftStorageDirectory (RaftStorageDirectory.java:analyzeStorage(246)) - The storage directory /workdir/hadoop-ozone/integration-test/target/test-dir/MiniOzoneClusterImpl-757e75c3-29a2-41d1-adb4-db6d7805a8c7/datanode-4/data/ratis/7b4c1bf9-6175-42cd-a84e-d6ab42894a37 does not exist. Creating ...
2019-09-25 12:06:02,988 [pool-537-thread-1] INFO  storage.RaftStorageDirectory (RaftStorageDirectory.java:tryLock(328)) - Lock on /workdir/hadoop-ozone/integration-test/target/test-dir/MiniOzoneClusterImpl-757e75c3-29a2-41d1-adb4-db6d7805a8c7/datanode-4/data/ratis/7b4c1bf9-6175-42cd-a84e-d6ab42894a37/in_use.lock acquired by nodename 24979@pr-hdds-1569-shd4m-3693607622
2019-09-25 12:06:03,006 [pool-537-thread-1] INFO  storage.RaftStorage (RaftStorage.java:format(72)) - Storage directory /workdir/hadoop-ozone/integration-test/target/test-dir/MiniOzoneClusterImpl-757e75c3-29a2-41d1-adb4-db6d7805a8c7/datanode-4/data/ratis/7b4c1bf9-6175-42cd-a84e-d6ab42894a37 has been successfully formatted.
2019-09-25 12:06:03,006 [pool-537-thread-1] INFO  ratis.ContainerStateMachine (ContainerStateMachine.java:loadSnapshot(230)) - group-D6AB42894A37: The snapshot info is null. Setting the last applied indexto:(t:0, i:~)
2019-09-25 12:06:03,006 [pool-537-thread-1] INFO  server.RaftServerConfigKeys (ConfUtils.java:logGet(43)) - raft.server.notification.no-leader.timeout = 120s (custom)
2019-09-25 12:06:03,006 [pool-537-thread-1] INFO  server.RaftServerConfigKeys (ConfUtils.java:logGet(43)) - raft.server.log.use.memory = false (default)
2019-09-25 12:06:03,006 [pool-537-thread-1] INFO  server.RaftServerConfigKeys (ConfUtils.java:logGet(43)) - raft.server.log.purge.gap = 1000000 (custom)
2019-09-25 12:06:03,007 [pool-537-thread-1] INFO  server.RaftServerConfigKeys (ConfUtils.java:logGet(43)) - raft.server.log.appender.buffer.byte-limit = 33554432 (custom)
2019-09-25 12:06:03,007 [pool-537-thread-1] INFO  server.RaftServerConfigKeys (ConfUtils.java:logGet(43)) - raft.server.log.segment.size.max = 1048576 (custom)
2019-09-25 12:06:03,007 [pool-537-thread-1] INFO  server.RaftServerConfigKeys (ConfUtils.java:logGet(43)) - raft.server.log.segment.cache.num.max = 2 (custom)
2019-09-25 12:06:03,007 [pool-537-thread-1] INFO  segmented.SegmentedRaftLogWorker (SegmentedRaftLogWorker.java:<init>(172)) - new 96c68fd9-263a-4bce-9480-8d54d9f28f1c@group-D6AB42894A37-SegmentedRaftLogWorker for RaftStorage:Storage Directory /workdir/hadoop-ozone/integration-test/target/test-dir/MiniOzoneClusterImpl-757e75c3-29a2-41d1-adb4-db6d7805a8c7/datanode-4/data/ratis/7b4c1bf9-6175-42cd-a84e-d6ab42894a37
2019-09-25 12:06:03,007 [pool-537-thread-1] INFO  server.RaftServerConfigKeys (ConfUtils.java:logGet(43)) - raft.server.log.queue.byte-limit = 2147483647 (custom)
2019-09-25 12:06:03,007 [pool-537-thread-1] INFO  server.RaftServerConfigKeys (ConfUtils.java:logGet(43)) - raft.server.log.queue.element-limit = 1024 (custom)
2019-09-25 12:06:03,007 [pool-537-thread-1] INFO  server.RaftServerConfigKeys (ConfUtils.java:logGet(43)) - raft.server.log.segment.size.max = 1048576 (custom)
2019-09-25 12:06:03,007 [pool-537-thread-1] INFO  server.RaftServerConfigKeys (ConfUtils.java:logGet(43)) - raft.server.log.preallocated.size = 16384 (custom)
2019-09-25 12:06:03,008 [pool-537-thread-1] INFO  server.RaftServerConfigKeys (ConfUtils.java:logGet(43)) - raft.server.log.write.buffer.size = 33554432 (custom)
2019-09-25 12:06:03,008 [pool-537-thread-1] INFO  server.RaftServerConfigKeys (ConfUtils.java:logGet(43)) - raft.server.log.force.sync.num = 128 (default)
2019-09-25 12:06:03,008 [pool-537-thread-1] INFO  server.RaftServerConfigKeys (ConfUtils.java:logGet(43)) - raft.server.log.statemachine.data.sync = true (default)
2019-09-25 12:06:03,008 [pool-537-thread-1] INFO  server.RaftServerConfigKeys (ConfUtils.java:logGet(43)) - raft.server.log.statemachine.data.sync.timeout = 10s (default)
2019-09-25 12:06:03,008 [pool-537-thread-1] INFO  server.RaftServerConfigKeys (ConfUtils.java:logGet(43)) - raft.server.log.statemachine.data.sync.timeout.retry = -1 (default)
2019-09-25 12:06:03,008 [pool-537-thread-1] INFO  server.RaftServerConfigKeys (ConfUtils.java:logGet(43)) - raft.server.log.statemachine.data.caching.enabled = true (custom)
2019-09-25 12:06:03,008 [pool-537-thread-1] INFO  segmented.SegmentedRaftLogWorker (SegmentedRaftLogWorker.java:lambda$new$0(132)) - 96c68fd9-263a-4bce-9480-8d54d9f28f1c@group-D6AB42894A37-SegmentedRaftLogWorker: flushIndex: setUnconditionally 0 -> -1
2019-09-25 12:06:03,009 [pool-537-thread-1] INFO  server.RaftServerConfigKeys (ConfUtils.java:logGet(43)) - raft.server.snapshot.auto.trigger.enabled = true (custom)
2019-09-25 12:06:03,009 [pool-537-thread-1] INFO  server.RaftServerConfigKeys (ConfUtils.java:logGet(43)) - raft.server.snapshot.auto.trigger.threshold = 10000 (custom)
2019-09-25 12:06:03,009 [pool-537-thread-1] INFO  server.RaftServerConfigKeys (ConfUtils.java:logGet(43)) - raft.server.snapshot.retention.num.files = 5 (custom)
2019-09-25 12:06:03,009 [pool-537-thread-1] INFO  server.RaftServerConfigKeys (ConfUtils.java:logGet(43)) - raft.server.retrycache.expirytime = 600000ms (custom)
2019-09-25 12:06:03,010 [pool-537-thread-1] INFO  impl.RaftServerImpl (RaftServerImpl.java:start(185)) - 96c68fd9-263a-4bce-9480-8d54d9f28f1c@group-D6AB42894A37: start as a follower, conf=-1: [96c68fd9-263a-4bce-9480-8d54d9f28f1c:192.168.151.73:45392], old=null
2019-09-25 12:06:03,010 [pool-537-thread-1] INFO  impl.RaftServerImpl (RaftServerImpl.java:setRole(174)) - 96c68fd9-263a-4bce-9480-8d54d9f28f1c@group-D6AB42894A37: changes role from      null to FOLLOWER at term 0 for startAsFollower
2019-09-25 12:06:03,010 [pool-537-thread-1] INFO  impl.RoleInfo (RoleInfo.java:updateAndGet(143)) - 96c68fd9-263a-4bce-9480-8d54d9f28f1c: start FollowerState
2019-09-25 12:06:03,011 [pool-537-thread-1] INFO  util.JmxRegister (JmxRegister.java:tryRegister(44)) - Successfully registered JMX Bean with object name Ratis:service=RaftServer,group=group-D6AB42894A37,id=96c68fd9-263a-4bce-9480-8d54d9f28f1c
2019-09-25 12:06:03,012 [RatisPipelineUtilsThread] INFO  pipeline.PipelineStateManager (PipelineStateManager.java:addPipeline(56)) - Created pipeline Pipeline[ Id: 7b4c1bf9-6175-42cd-a84e-d6ab42894a37, Nodes: 96c68fd9-263a-4bce-9480-8d54d9f28f1c{ip: 192.168.151.73, host: pr-hdds-1569-shd4m-3693607622, networkLocation: /default-rack, certSerialId: null}, Type:RATIS, Factor:ONE, State:OPEN]
2019-09-25 12:06:03,013 [RatisPipelineUtilsThread] INFO  pipeline.PipelinePlacementPolicy (PipelinePlacementPolicy.java:meetCriteria(91)) - Pipeline Placement: can't place more pipeline on heavy datanode： 159c7809-d8ec-4cf8-a31c-e2f384cc14d2 Heaviness: 6 limit: 5
2019-09-25 12:06:03,013 [RatisPipelineUtilsThread] INFO  pipeline.PipelinePlacementPolicy (PipelinePlacementPolicy.java:meetCriteria(91)) - Pipeline Placement: can't place more pipeline on heavy datanode： 992d69e5-6cba-4869-b94d-c8d2dc420a77 Heaviness: 6 limit: 5
2019-09-25 12:06:03,013 [RatisPipelineUtilsThread] INFO  pipeline.PipelinePlacementPolicy (PipelinePlacementPolicy.java:meetCriteria(91)) - Pipeline Placement: can't place more pipeline on heavy datanode： 2bd0627d-72ad-45ef-ab03-a55c09ad6c3a Heaviness: 6 limit: 5
2019-09-25 12:06:03,013 [RatisPipelineUtilsThread] INFO  pipeline.PipelinePlacementPolicy (PipelinePlacementPolicy.java:meetCriteria(91)) - Pipeline Placement: can't place more pipeline on heavy datanode： de2e4d40-31b5-4e53-8675-f16775b3ddb7 Heaviness: 6 limit: 5
2019-09-25 12:06:03,016 [grpc-default-executor-1] INFO  impl.RaftServerProxy (RaftServerProxy.java:addNew(89)) - 96c68fd9-263a-4bce-9480-8d54d9f28f1c: addNew group-2B1299979C4A:[96c68fd9-263a-4bce-9480-8d54d9f28f1c:192.168.151.73:45392] returns group-2B1299979C4A:java.util.concurrent.CompletableFuture@218d7c38[Not completed]
2019-09-25 12:06:03,017 [pool-537-thread-1] INFO  impl.RaftServerImpl (RaftServerImpl.java:<init>(95)) - 96c68fd9-263a-4bce-9480-8d54d9f28f1c: new RaftServerImpl for group-2B1299979C4A:[96c68fd9-263a-4bce-9480-8d54d9f28f1c:192.168.151.73:45392] with ContainerStateMachine:uninitialized
2019-09-25 12:06:03,017 [pool-537-thread-1] INFO  server.RaftServerConfigKeys (ConfUtils.java:logGet(43)) - raft.server.rpc.timeout.min = 5s (custom)
2019-09-25 12:06:03,017 [pool-537-thread-1] INFO  server.RaftServerConfigKeys (ConfUtils.java:logGet(43)) - raft.server.rpc.timeout.max = 5200ms (custom)
2019-09-25 12:06:03,017 [pool-537-thread-1] INFO  server.RaftServerConfigKeys (ConfUtils.java:logGet(43)) - raft.server.rpcslowness.timeout = 120s (custom)
2019-09-25 12:06:03,017 [pool-537-thread-1] INFO  server.RaftServerConfigKeys (ConfUtils.java:logGet(43)) - raft.server.sleep.deviation.threshold = 300 (default)
2019-09-25 12:06:03,017 [pool-537-thread-1] INFO  server.RaftServerConfigKeys (ConfUtils.java:logGet(43)) - raft.server.log.appender.install.snapshot.enabled = false (custom)
2019-09-25 12:06:03,017 [pool-537-thread-1] INFO  impl.RaftServerImpl (ServerState.java:<init>(103)) - 96c68fd9-263a-4bce-9480-8d54d9f28f1c@group-2B1299979C4A: ConfigurationManager, init=-1: [96c68fd9-263a-4bce-9480-8d54d9f28f1c:192.168.151.73:45392], old=null, confs=<EMPTY_MAP>
2019-09-25 12:06:03,017 [pool-537-thread-1] INFO  server.RaftServerConfigKeys (ConfUtils.java:logGet(43)) - raft.server.storage.dir = [/workdir/hadoop-ozone/integration-test/target/test-dir/MiniOzoneClusterImpl-757e75c3-29a2-41d1-adb4-db6d7805a8c7/datanode-4/data/ratis] (custom)
2019-09-25 12:06:03,017 [pool-537-thread-1] INFO  storage.RaftStorageDirectory (RaftStorageDirectory.java:analyzeStorage(246)) - The storage directory /workdir/hadoop-ozone/integration-test/target/test-dir/MiniOzoneClusterImpl-757e75c3-29a2-41d1-adb4-db6d7805a8c7/datanode-4/data/ratis/c16aed9f-7d11-4d22-a0e0-2b1299979c4a does not exist. Creating ...
2019-09-25 12:06:03,046 [pool-537-thread-1] INFO  storage.RaftStorageDirectory (RaftStorageDirectory.java:tryLock(328)) - Lock on /workdir/hadoop-ozone/integration-test/target/test-dir/MiniOzoneClusterImpl-757e75c3-29a2-41d1-adb4-db6d7805a8c7/datanode-4/data/ratis/c16aed9f-7d11-4d22-a0e0-2b1299979c4a/in_use.lock acquired by nodename 24979@pr-hdds-1569-shd4m-3693607622
2019-09-25 12:06:03,060 [pool-537-thread-1] INFO  storage.RaftStorage (RaftStorage.java:format(72)) - Storage directory /workdir/hadoop-ozone/integration-test/target/test-dir/MiniOzoneClusterImpl-757e75c3-29a2-41d1-adb4-db6d7805a8c7/datanode-4/data/ratis/c16aed9f-7d11-4d22-a0e0-2b1299979c4a has been successfully formatted.
2019-09-25 12:06:03,060 [pool-537-thread-1] INFO  ratis.ContainerStateMachine (ContainerStateMachine.java:loadSnapshot(230)) - group-2B1299979C4A: The snapshot info is null. Setting the last applied indexto:(t:0, i:~)
2019-09-25 12:06:03,060 [pool-537-thread-1] INFO  server.RaftServerConfigKeys (ConfUtils.java:logGet(43)) - raft.server.notification.no-leader.timeout = 120s (custom)
2019-09-25 12:06:03,060 [pool-537-thread-1] INFO  server.RaftServerConfigKeys (ConfUtils.java:logGet(43)) - raft.server.log.use.memory = false (default)
2019-09-25 12:06:03,060 [pool-537-thread-1] INFO  server.RaftServerConfigKeys (ConfUtils.java:logGet(43)) - raft.server.log.purge.gap = 1000000 (custom)
2019-09-25 12:06:03,061 [pool-537-thread-1] INFO  server.RaftServerConfigKeys (ConfUtils.java:logGet(43)) - raft.server.log.appender.buffer.byte-limit = 33554432 (custom)
2019-09-25 12:06:03,061 [pool-537-thread-1] INFO  server.RaftServerConfigKeys (ConfUtils.java:logGet(43)) - raft.server.log.segment.size.max = 1048576 (custom)
2019-09-25 12:06:03,061 [pool-537-thread-1] INFO  server.RaftServerConfigKeys (ConfUtils.java:logGet(43)) - raft.server.log.segment.cache.num.max = 2 (custom)
2019-09-25 12:06:03,061 [pool-537-thread-1] INFO  segmented.SegmentedRaftLogWorker (SegmentedRaftLogWorker.java:<init>(172)) - new 96c68fd9-263a-4bce-9480-8d54d9f28f1c@group-2B1299979C4A-SegmentedRaftLogWorker for RaftStorage:Storage Directory /workdir/hadoop-ozone/integration-test/target/test-dir/MiniOzoneClusterImpl-757e75c3-29a2-41d1-adb4-db6d7805a8c7/datanode-4/data/ratis/c16aed9f-7d11-4d22-a0e0-2b1299979c4a
2019-09-25 12:06:03,061 [pool-537-thread-1] INFO  server.RaftServerConfigKeys (ConfUtils.java:logGet(43)) - raft.server.log.queue.byte-limit = 2147483647 (custom)
2019-09-25 12:06:03,061 [pool-537-thread-1] INFO  server.RaftServerConfigKeys (ConfUtils.java:logGet(43)) - raft.server.log.queue.element-limit = 1024 (custom)
2019-09-25 12:06:03,061 [pool-537-thread-1] INFO  server.RaftServerConfigKeys (ConfUtils.java:logGet(43)) - raft.server.log.segment.size.max = 1048576 (custom)
2019-09-25 12:06:03,061 [pool-537-thread-1] INFO  server.RaftServerConfigKeys (ConfUtils.java:logGet(43)) - raft.server.log.preallocated.size = 16384 (custom)
2019-09-25 12:06:03,061 [pool-537-thread-1] INFO  server.RaftServerConfigKeys (ConfUtils.java:logGet(43)) - raft.server.log.write.buffer.size = 33554432 (custom)
2019-09-25 12:06:03,061 [pool-537-thread-1] INFO  server.RaftServerConfigKeys (ConfUtils.java:logGet(43)) - raft.server.log.force.sync.num = 128 (default)
2019-09-25 12:06:03,062 [pool-537-thread-1] INFO  server.RaftServerConfigKeys (ConfUtils.java:logGet(43)) - raft.server.log.statemachine.data.sync = true (default)
2019-09-25 12:06:03,062 [pool-537-thread-1] INFO  server.RaftServerConfigKeys (ConfUtils.java:logGet(43)) - raft.server.log.statemachine.data.sync.timeout = 10s (default)
2019-09-25 12:06:03,062 [pool-537-thread-1] INFO  server.RaftServerConfigKeys (ConfUtils.java:logGet(43)) - raft.server.log.statemachine.data.sync.timeout.retry = -1 (default)
2019-09-25 12:06:03,062 [pool-537-thread-1] INFO  server.RaftServerConfigKeys (ConfUtils.java:logGet(43)) - raft.server.log.statemachine.data.caching.enabled = true (custom)
2019-09-25 12:06:03,062 [pool-537-thread-1] INFO  segmented.SegmentedRaftLogWorker (SegmentedRaftLogWorker.java:lambda$new$0(132)) - 96c68fd9-263a-4bce-9480-8d54d9f28f1c@group-2B1299979C4A-SegmentedRaftLogWorker: flushIndex: setUnconditionally 0 -> -1
2019-09-25 12:06:03,062 [pool-537-thread-1] INFO  server.RaftServerConfigKeys (ConfUtils.java:logGet(43)) - raft.server.snapshot.auto.trigger.enabled = true (custom)
2019-09-25 12:06:03,062 [pool-537-thread-1] INFO  server.RaftServerConfigKeys (ConfUtils.java:logGet(43)) - raft.server.snapshot.auto.trigger.threshold = 10000 (custom)
2019-09-25 12:06:03,063 [pool-537-thread-1] INFO  server.RaftServerConfigKeys (ConfUtils.java:logGet(43)) - raft.server.snapshot.retention.num.files = 5 (custom)
2019-09-25 12:06:03,063 [pool-537-thread-1] INFO  server.RaftServerConfigKeys (ConfUtils.java:logGet(43)) - raft.server.retrycache.expirytime = 600000ms (custom)
2019-09-25 12:06:03,064 [pool-537-thread-1] INFO  impl.RaftServerImpl (RaftServerImpl.java:start(185)) - 96c68fd9-263a-4bce-9480-8d54d9f28f1c@group-2B1299979C4A: start as a follower, conf=-1: [96c68fd9-263a-4bce-9480-8d54d9f28f1c:192.168.151.73:45392], old=null
2019-09-25 12:06:03,064 [pool-537-thread-1] INFO  impl.RaftServerImpl (RaftServerImpl.java:setRole(174)) - 96c68fd9-263a-4bce-9480-8d54d9f28f1c@group-2B1299979C4A: changes role from      null to FOLLOWER at term 0 for startAsFollower
2019-09-25 12:06:03,064 [pool-537-thread-1] INFO  impl.RoleInfo (RoleInfo.java:updateAndGet(143)) - 96c68fd9-263a-4bce-9480-8d54d9f28f1c: start FollowerState
2019-09-25 12:06:03,064 [pool-537-thread-1] INFO  util.JmxRegister (JmxRegister.java:tryRegister(44)) - Successfully registered JMX Bean with object name Ratis:service=RaftServer,group=group-2B1299979C4A,id=96c68fd9-263a-4bce-9480-8d54d9f28f1c
2019-09-25 12:06:03,066 [RatisPipelineUtilsThread] INFO  pipeline.PipelineStateManager (PipelineStateManager.java:addPipeline(56)) - Created pipeline Pipeline[ Id: c16aed9f-7d11-4d22-a0e0-2b1299979c4a, Nodes: 96c68fd9-263a-4bce-9480-8d54d9f28f1c{ip: 192.168.151.73, host: pr-hdds-1569-shd4m-3693607622, networkLocation: /default-rack, certSerialId: null}, Type:RATIS, Factor:ONE, State:OPEN]
2019-09-25 12:06:03,066 [RatisPipelineUtilsThread] INFO  pipeline.PipelinePlacementPolicy (PipelinePlacementPolicy.java:meetCriteria(91)) - Pipeline Placement: can't place more pipeline on heavy datanode： 159c7809-d8ec-4cf8-a31c-e2f384cc14d2 Heaviness: 6 limit: 5
2019-09-25 12:06:03,066 [RatisPipelineUtilsThread] INFO  pipeline.PipelinePlacementPolicy (PipelinePlacementPolicy.java:meetCriteria(91)) - Pipeline Placement: can't place more pipeline on heavy datanode： 992d69e5-6cba-4869-b94d-c8d2dc420a77 Heaviness: 6 limit: 5
2019-09-25 12:06:03,066 [RatisPipelineUtilsThread] INFO  pipeline.PipelinePlacementPolicy (PipelinePlacementPolicy.java:meetCriteria(91)) - Pipeline Placement: can't place more pipeline on heavy datanode： 2bd0627d-72ad-45ef-ab03-a55c09ad6c3a Heaviness: 6 limit: 5
2019-09-25 12:06:03,066 [RatisPipelineUtilsThread] INFO  pipeline.PipelinePlacementPolicy (PipelinePlacementPolicy.java:meetCriteria(91)) - Pipeline Placement: can't place more pipeline on heavy datanode： de2e4d40-31b5-4e53-8675-f16775b3ddb7 Heaviness: 6 limit: 5
2019-09-25 12:06:03,069 [grpc-default-executor-1] INFO  impl.RaftServerProxy (RaftServerProxy.java:addNew(89)) - 50493258-76a6-47fc-92c1-a180d5b1121a: addNew group-069E06021009:[50493258-76a6-47fc-92c1-a180d5b1121a:192.168.151.73:40355] returns group-069E06021009:java.util.concurrent.CompletableFuture@f33c6eb[Not completed]
2019-09-25 12:06:03,070 [pool-547-thread-1] INFO  impl.RaftServerImpl (RaftServerImpl.java:<init>(95)) - 50493258-76a6-47fc-92c1-a180d5b1121a: new RaftServerImpl for group-069E06021009:[50493258-76a6-47fc-92c1-a180d5b1121a:192.168.151.73:40355] with ContainerStateMachine:uninitialized
2019-09-25 12:06:03,070 [pool-547-thread-1] INFO  server.RaftServerConfigKeys (ConfUtils.java:logGet(43)) - raft.server.rpc.timeout.min = 5s (custom)
2019-09-25 12:06:03,070 [pool-547-thread-1] INFO  server.RaftServerConfigKeys (ConfUtils.java:logGet(43)) - raft.server.rpc.timeout.max = 5200ms (custom)
2019-09-25 12:06:03,070 [pool-547-thread-1] INFO  server.RaftServerConfigKeys (ConfUtils.java:logGet(43)) - raft.server.rpcslowness.timeout = 120s (custom)
2019-09-25 12:06:03,070 [pool-547-thread-1] INFO  server.RaftServerConfigKeys (ConfUtils.java:logGet(43)) - raft.server.sleep.deviation.threshold = 300 (default)
2019-09-25 12:06:03,071 [pool-547-thread-1] INFO  server.RaftServerConfigKeys (ConfUtils.java:logGet(43)) - raft.server.log.appender.install.snapshot.enabled = false (custom)
2019-09-25 12:06:03,071 [pool-547-thread-1] INFO  impl.RaftServerImpl (ServerState.java:<init>(103)) - 50493258-76a6-47fc-92c1-a180d5b1121a@group-069E06021009: ConfigurationManager, init=-1: [50493258-76a6-47fc-92c1-a180d5b1121a:192.168.151.73:40355], old=null, confs=<EMPTY_MAP>
2019-09-25 12:06:03,071 [pool-547-thread-1] INFO  server.RaftServerConfigKeys (ConfUtils.java:logGet(43)) - raft.server.storage.dir = [/workdir/hadoop-ozone/integration-test/target/test-dir/MiniOzoneClusterImpl-757e75c3-29a2-41d1-adb4-db6d7805a8c7/datanode-5/data/ratis] (custom)
2019-09-25 12:06:03,071 [pool-547-thread-1] INFO  storage.RaftStorageDirectory (RaftStorageDirectory.java:analyzeStorage(246)) - The storage directory /workdir/hadoop-ozone/integration-test/target/test-dir/MiniOzoneClusterImpl-757e75c3-29a2-41d1-adb4-db6d7805a8c7/datanode-5/data/ratis/4165f47d-82ec-47e0-9eee-069e06021009 does not exist. Creating ...
2019-09-25 12:06:03,084 [pool-547-thread-1] INFO  storage.RaftStorageDirectory (RaftStorageDirectory.java:tryLock(328)) - Lock on /workdir/hadoop-ozone/integration-test/target/test-dir/MiniOzoneClusterImpl-757e75c3-29a2-41d1-adb4-db6d7805a8c7/datanode-5/data/ratis/4165f47d-82ec-47e0-9eee-069e06021009/in_use.lock acquired by nodename 24979@pr-hdds-1569-shd4m-3693607622
2019-09-25 12:06:03,096 [pool-547-thread-1] INFO  storage.RaftStorage (RaftStorage.java:format(72)) - Storage directory /workdir/hadoop-ozone/integration-test/target/test-dir/MiniOzoneClusterImpl-757e75c3-29a2-41d1-adb4-db6d7805a8c7/datanode-5/data/ratis/4165f47d-82ec-47e0-9eee-069e06021009 has been successfully formatted.
2019-09-25 12:06:03,097 [pool-547-thread-1] INFO  ratis.ContainerStateMachine (ContainerStateMachine.java:loadSnapshot(230)) - group-069E06021009: The snapshot info is null. Setting the last applied indexto:(t:0, i:~)
2019-09-25 12:06:03,097 [pool-547-thread-1] INFO  server.RaftServerConfigKeys (ConfUtils.java:logGet(43)) - raft.server.notification.no-leader.timeout = 120s (custom)
2019-09-25 12:06:03,097 [pool-547-thread-1] INFO  server.RaftServerConfigKeys (ConfUtils.java:logGet(43)) - raft.server.log.use.memory = false (default)
2019-09-25 12:06:03,097 [pool-547-thread-1] INFO  server.RaftServerConfigKeys (ConfUtils.java:logGet(43)) - raft.server.log.purge.gap = 1000000 (custom)
2019-09-25 12:06:03,097 [pool-547-thread-1] INFO  server.RaftServerConfigKeys (ConfUtils.java:logGet(43)) - raft.server.log.appender.buffer.byte-limit = 33554432 (custom)
2019-09-25 12:06:03,097 [pool-547-thread-1] INFO  server.RaftServerConfigKeys (ConfUtils.java:logGet(43)) - raft.server.log.segment.size.max = 1048576 (custom)
2019-09-25 12:06:03,097 [pool-547-thread-1] INFO  server.RaftServerConfigKeys (ConfUtils.java:logGet(43)) - raft.server.log.segment.cache.num.max = 2 (custom)
2019-09-25 12:06:03,097 [pool-547-thread-1] INFO  segmented.SegmentedRaftLogWorker (SegmentedRaftLogWorker.java:<init>(172)) - new 50493258-76a6-47fc-92c1-a180d5b1121a@group-069E06021009-SegmentedRaftLogWorker for RaftStorage:Storage Directory /workdir/hadoop-ozone/integration-test/target/test-dir/MiniOzoneClusterImpl-757e75c3-29a2-41d1-adb4-db6d7805a8c7/datanode-5/data/ratis/4165f47d-82ec-47e0-9eee-069e06021009
2019-09-25 12:06:03,097 [pool-547-thread-1] INFO  server.RaftServerConfigKeys (ConfUtils.java:logGet(43)) - raft.server.log.queue.byte-limit = 2147483647 (custom)
2019-09-25 12:06:03,097 [pool-547-thread-1] INFO  server.RaftServerConfigKeys (ConfUtils.java:logGet(43)) - raft.server.log.queue.element-limit = 1024 (custom)
2019-09-25 12:06:03,097 [pool-547-thread-1] INFO  server.RaftServerConfigKeys (ConfUtils.java:logGet(43)) - raft.server.log.segment.size.max = 1048576 (custom)
2019-09-25 12:06:03,098 [pool-547-thread-1] INFO  server.RaftServerConfigKeys (ConfUtils.java:logGet(43)) - raft.server.log.preallocated.size = 16384 (custom)
2019-09-25 12:06:03,098 [pool-547-thread-1] INFO  server.RaftServerConfigKeys (ConfUtils.java:logGet(43)) - raft.server.log.write.buffer.size = 33554432 (custom)
2019-09-25 12:06:03,098 [pool-547-thread-1] INFO  server.RaftServerConfigKeys (ConfUtils.java:logGet(43)) - raft.server.log.force.sync.num = 128 (default)
2019-09-25 12:06:03,098 [pool-547-thread-1] INFO  server.RaftServerConfigKeys (ConfUtils.java:logGet(43)) - raft.server.log.statemachine.data.sync = true (default)
2019-09-25 12:06:03,098 [pool-547-thread-1] INFO  server.RaftServerConfigKeys (ConfUtils.java:logGet(43)) - raft.server.log.statemachine.data.sync.timeout = 10s (default)
2019-09-25 12:06:03,098 [pool-547-thread-1] INFO  server.RaftServerConfigKeys (ConfUtils.java:logGet(43)) - raft.server.log.statemachine.data.sync.timeout.retry = -1 (default)
2019-09-25 12:06:03,098 [pool-547-thread-1] INFO  server.RaftServerConfigKeys (ConfUtils.java:logGet(43)) - raft.server.log.statemachine.data.caching.enabled = true (custom)
2019-09-25 12:06:03,098 [pool-547-thread-1] INFO  segmented.SegmentedRaftLogWorker (SegmentedRaftLogWorker.java:lambda$new$0(132)) - 50493258-76a6-47fc-92c1-a180d5b1121a@group-069E06021009-SegmentedRaftLogWorker: flushIndex: setUnconditionally 0 -> -1
2019-09-25 12:06:03,099 [pool-547-thread-1] INFO  server.RaftServerConfigKeys (ConfUtils.java:logGet(43)) - raft.server.snapshot.auto.trigger.enabled = true (custom)
2019-09-25 12:06:03,099 [pool-547-thread-1] INFO  server.RaftServerConfigKeys (ConfUtils.java:logGet(43)) - raft.server.snapshot.auto.trigger.threshold = 10000 (custom)
2019-09-25 12:06:03,099 [pool-547-thread-1] INFO  server.RaftServerConfigKeys (ConfUtils.java:logGet(43)) - raft.server.snapshot.retention.num.files = 5 (custom)
2019-09-25 12:06:03,099 [pool-547-thread-1] INFO  server.RaftServerConfigKeys (ConfUtils.java:logGet(43)) - raft.server.retrycache.expirytime = 600000ms (custom)
2019-09-25 12:06:03,100 [pool-547-thread-1] INFO  impl.RaftServerImpl (RaftServerImpl.java:start(185)) - 50493258-76a6-47fc-92c1-a180d5b1121a@group-069E06021009: start as a follower, conf=-1: [50493258-76a6-47fc-92c1-a180d5b1121a:192.168.151.73:40355], old=null
2019-09-25 12:06:03,100 [pool-547-thread-1] INFO  impl.RaftServerImpl (RaftServerImpl.java:setRole(174)) - 50493258-76a6-47fc-92c1-a180d5b1121a@group-069E06021009: changes role from      null to FOLLOWER at term 0 for startAsFollower
2019-09-25 12:06:03,100 [pool-547-thread-1] INFO  impl.RoleInfo (RoleInfo.java:updateAndGet(143)) - 50493258-76a6-47fc-92c1-a180d5b1121a: start FollowerState
2019-09-25 12:06:03,101 [pool-547-thread-1] INFO  util.JmxRegister (JmxRegister.java:tryRegister(44)) - Successfully registered JMX Bean with object name Ratis:service=RaftServer,group=group-069E06021009,id=50493258-76a6-47fc-92c1-a180d5b1121a
2019-09-25 12:06:03,102 [RatisPipelineUtilsThread] INFO  pipeline.PipelineStateManager (PipelineStateManager.java:addPipeline(56)) - Created pipeline Pipeline[ Id: 4165f47d-82ec-47e0-9eee-069e06021009, Nodes: 50493258-76a6-47fc-92c1-a180d5b1121a{ip: 192.168.151.73, host: pr-hdds-1569-shd4m-3693607622, networkLocation: /default-rack, certSerialId: null}, Type:RATIS, Factor:ONE, State:OPEN]
2019-09-25 12:06:03,102 [RatisPipelineUtilsThread] INFO  pipeline.PipelinePlacementPolicy (PipelinePlacementPolicy.java:meetCriteria(91)) - Pipeline Placement: can't place more pipeline on heavy datanode： 159c7809-d8ec-4cf8-a31c-e2f384cc14d2 Heaviness: 6 limit: 5
2019-09-25 12:06:03,103 [RatisPipelineUtilsThread] INFO  pipeline.PipelinePlacementPolicy (PipelinePlacementPolicy.java:meetCriteria(91)) - Pipeline Placement: can't place more pipeline on heavy datanode： 992d69e5-6cba-4869-b94d-c8d2dc420a77 Heaviness: 6 limit: 5
2019-09-25 12:06:03,103 [RatisPipelineUtilsThread] INFO  pipeline.PipelinePlacementPolicy (PipelinePlacementPolicy.java:meetCriteria(91)) - Pipeline Placement: can't place more pipeline on heavy datanode： 2bd0627d-72ad-45ef-ab03-a55c09ad6c3a Heaviness: 6 limit: 5
2019-09-25 12:06:03,103 [RatisPipelineUtilsThread] INFO  pipeline.PipelinePlacementPolicy (PipelinePlacementPolicy.java:meetCriteria(91)) - Pipeline Placement: can't place more pipeline on heavy datanode： de2e4d40-31b5-4e53-8675-f16775b3ddb7 Heaviness: 6 limit: 5
2019-09-25 12:06:03,106 [grpc-default-executor-1] INFO  impl.RaftServerProxy (RaftServerProxy.java:addNew(89)) - 96c68fd9-263a-4bce-9480-8d54d9f28f1c: addNew group-22C8F449FD48:[96c68fd9-263a-4bce-9480-8d54d9f28f1c:192.168.151.73:45392] returns group-22C8F449FD48:java.util.concurrent.CompletableFuture@6606d36[Not completed]
2019-09-25 12:06:03,107 [pool-537-thread-1] INFO  impl.RaftServerImpl (RaftServerImpl.java:<init>(95)) - 96c68fd9-263a-4bce-9480-8d54d9f28f1c: new RaftServerImpl for group-22C8F449FD48:[96c68fd9-263a-4bce-9480-8d54d9f28f1c:192.168.151.73:45392] with ContainerStateMachine:uninitialized
2019-09-25 12:06:03,107 [pool-537-thread-1] INFO  server.RaftServerConfigKeys (ConfUtils.java:logGet(43)) - raft.server.rpc.timeout.min = 5s (custom)
2019-09-25 12:06:03,107 [pool-537-thread-1] INFO  server.RaftServerConfigKeys (ConfUtils.java:logGet(43)) - raft.server.rpc.timeout.max = 5200ms (custom)
2019-09-25 12:06:03,107 [pool-537-thread-1] INFO  server.RaftServerConfigKeys (ConfUtils.java:logGet(43)) - raft.server.rpcslowness.timeout = 120s (custom)
2019-09-25 12:06:03,107 [pool-537-thread-1] INFO  server.RaftServerConfigKeys (ConfUtils.java:logGet(43)) - raft.server.sleep.deviation.threshold = 300 (default)
2019-09-25 12:06:03,107 [pool-537-thread-1] INFO  server.RaftServerConfigKeys (ConfUtils.java:logGet(43)) - raft.server.log.appender.install.snapshot.enabled = false (custom)
2019-09-25 12:06:03,107 [pool-537-thread-1] INFO  impl.RaftServerImpl (ServerState.java:<init>(103)) - 96c68fd9-263a-4bce-9480-8d54d9f28f1c@group-22C8F449FD48: ConfigurationManager, init=-1: [96c68fd9-263a-4bce-9480-8d54d9f28f1c:192.168.151.73:45392], old=null, confs=<EMPTY_MAP>
2019-09-25 12:06:03,107 [pool-537-thread-1] INFO  server.RaftServerConfigKeys (ConfUtils.java:logGet(43)) - raft.server.storage.dir = [/workdir/hadoop-ozone/integration-test/target/test-dir/MiniOzoneClusterImpl-757e75c3-29a2-41d1-adb4-db6d7805a8c7/datanode-4/data/ratis] (custom)
2019-09-25 12:06:03,107 [pool-537-thread-1] INFO  storage.RaftStorageDirectory (RaftStorageDirectory.java:analyzeStorage(246)) - The storage directory /workdir/hadoop-ozone/integration-test/target/test-dir/MiniOzoneClusterImpl-757e75c3-29a2-41d1-adb4-db6d7805a8c7/datanode-4/data/ratis/4d5343fa-58d2-47a2-925f-22c8f449fd48 does not exist. Creating ...
2019-09-25 12:06:03,119 [pool-537-thread-1] INFO  storage.RaftStorageDirectory (RaftStorageDirectory.java:tryLock(328)) - Lock on /workdir/hadoop-ozone/integration-test/target/test-dir/MiniOzoneClusterImpl-757e75c3-29a2-41d1-adb4-db6d7805a8c7/datanode-4/data/ratis/4d5343fa-58d2-47a2-925f-22c8f449fd48/in_use.lock acquired by nodename 24979@pr-hdds-1569-shd4m-3693607622
2019-09-25 12:06:03,132 [pool-537-thread-1] INFO  storage.RaftStorage (RaftStorage.java:format(72)) - Storage directory /workdir/hadoop-ozone/integration-test/target/test-dir/MiniOzoneClusterImpl-757e75c3-29a2-41d1-adb4-db6d7805a8c7/datanode-4/data/ratis/4d5343fa-58d2-47a2-925f-22c8f449fd48 has been successfully formatted.
2019-09-25 12:06:03,132 [pool-537-thread-1] INFO  ratis.ContainerStateMachine (ContainerStateMachine.java:loadSnapshot(230)) - group-22C8F449FD48: The snapshot info is null. Setting the last applied indexto:(t:0, i:~)
2019-09-25 12:06:03,133 [pool-537-thread-1] INFO  server.RaftServerConfigKeys (ConfUtils.java:logGet(43)) - raft.server.notification.no-leader.timeout = 120s (custom)
2019-09-25 12:06:03,133 [pool-537-thread-1] INFO  server.RaftServerConfigKeys (ConfUtils.java:logGet(43)) - raft.server.log.use.memory = false (default)
2019-09-25 12:06:03,133 [pool-537-thread-1] INFO  server.RaftServerConfigKeys (ConfUtils.java:logGet(43)) - raft.server.log.purge.gap = 1000000 (custom)
2019-09-25 12:06:03,133 [pool-537-thread-1] INFO  server.RaftServerConfigKeys (ConfUtils.java:logGet(43)) - raft.server.log.appender.buffer.byte-limit = 33554432 (custom)
2019-09-25 12:06:03,133 [pool-537-thread-1] INFO  server.RaftServerConfigKeys (ConfUtils.java:logGet(43)) - raft.server.log.segment.size.max = 1048576 (custom)
2019-09-25 12:06:03,133 [pool-537-thread-1] INFO  server.RaftServerConfigKeys (ConfUtils.java:logGet(43)) - raft.server.log.segment.cache.num.max = 2 (custom)
2019-09-25 12:06:03,133 [pool-537-thread-1] INFO  segmented.SegmentedRaftLogWorker (SegmentedRaftLogWorker.java:<init>(172)) - new 96c68fd9-263a-4bce-9480-8d54d9f28f1c@group-22C8F449FD48-SegmentedRaftLogWorker for RaftStorage:Storage Directory /workdir/hadoop-ozone/integration-test/target/test-dir/MiniOzoneClusterImpl-757e75c3-29a2-41d1-adb4-db6d7805a8c7/datanode-4/data/ratis/4d5343fa-58d2-47a2-925f-22c8f449fd48
2019-09-25 12:06:03,133 [pool-537-thread-1] INFO  server.RaftServerConfigKeys (ConfUtils.java:logGet(43)) - raft.server.log.queue.byte-limit = 2147483647 (custom)
2019-09-25 12:06:03,133 [pool-537-thread-1] INFO  server.RaftServerConfigKeys (ConfUtils.java:logGet(43)) - raft.server.log.queue.element-limit = 1024 (custom)
2019-09-25 12:06:03,133 [pool-537-thread-1] INFO  server.RaftServerConfigKeys (ConfUtils.java:logGet(43)) - raft.server.log.segment.size.max = 1048576 (custom)
2019-09-25 12:06:03,133 [pool-537-thread-1] INFO  server.RaftServerConfigKeys (ConfUtils.java:logGet(43)) - raft.server.log.preallocated.size = 16384 (custom)
2019-09-25 12:06:03,134 [pool-537-thread-1] INFO  server.RaftServerConfigKeys (ConfUtils.java:logGet(43)) - raft.server.log.write.buffer.size = 33554432 (custom)
2019-09-25 12:06:03,134 [pool-537-thread-1] INFO  server.RaftServerConfigKeys (ConfUtils.java:logGet(43)) - raft.server.log.force.sync.num = 128 (default)
2019-09-25 12:06:03,134 [pool-537-thread-1] INFO  server.RaftServerConfigKeys (ConfUtils.java:logGet(43)) - raft.server.log.statemachine.data.sync = true (default)
2019-09-25 12:06:03,134 [pool-537-thread-1] INFO  server.RaftServerConfigKeys (ConfUtils.java:logGet(43)) - raft.server.log.statemachine.data.sync.timeout = 10s (default)
2019-09-25 12:06:03,134 [pool-537-thread-1] INFO  server.RaftServerConfigKeys (ConfUtils.java:logGet(43)) - raft.server.log.statemachine.data.sync.timeout.retry = -1 (default)
2019-09-25 12:06:03,134 [pool-537-thread-1] INFO  server.RaftServerConfigKeys (ConfUtils.java:logGet(43)) - raft.server.log.statemachine.data.caching.enabled = true (custom)
2019-09-25 12:06:03,134 [pool-537-thread-1] INFO  segmented.SegmentedRaftLogWorker (SegmentedRaftLogWorker.java:lambda$new$0(132)) - 96c68fd9-263a-4bce-9480-8d54d9f28f1c@group-22C8F449FD48-SegmentedRaftLogWorker: flushIndex: setUnconditionally 0 -> -1
2019-09-25 12:06:03,134 [pool-537-thread-1] INFO  server.RaftServerConfigKeys (ConfUtils.java:logGet(43)) - raft.server.snapshot.auto.trigger.enabled = true (custom)
2019-09-25 12:06:03,134 [pool-537-thread-1] INFO  server.RaftServerConfigKeys (ConfUtils.java:logGet(43)) - raft.server.snapshot.auto.trigger.threshold = 10000 (custom)
2019-09-25 12:06:03,135 [pool-537-thread-1] INFO  server.RaftServerConfigKeys (ConfUtils.java:logGet(43)) - raft.server.snapshot.retention.num.files = 5 (custom)
2019-09-25 12:06:03,135 [pool-537-thread-1] INFO  server.RaftServerConfigKeys (ConfUtils.java:logGet(43)) - raft.server.retrycache.expirytime = 600000ms (custom)
2019-09-25 12:06:03,136 [pool-537-thread-1] INFO  impl.RaftServerImpl (RaftServerImpl.java:start(185)) - 96c68fd9-263a-4bce-9480-8d54d9f28f1c@group-22C8F449FD48: start as a follower, conf=-1: [96c68fd9-263a-4bce-9480-8d54d9f28f1c:192.168.151.73:45392], old=null
2019-09-25 12:06:03,136 [pool-537-thread-1] INFO  impl.RaftServerImpl (RaftServerImpl.java:setRole(174)) - 96c68fd9-263a-4bce-9480-8d54d9f28f1c@group-22C8F449FD48: changes role from      null to FOLLOWER at term 0 for startAsFollower
2019-09-25 12:06:03,136 [pool-537-thread-1] INFO  impl.RoleInfo (RoleInfo.java:updateAndGet(143)) - 96c68fd9-263a-4bce-9480-8d54d9f28f1c: start FollowerState
2019-09-25 12:06:03,136 [pool-537-thread-1] INFO  util.JmxRegister (JmxRegister.java:tryRegister(44)) - Successfully registered JMX Bean with object name Ratis:service=RaftServer,group=group-22C8F449FD48,id=96c68fd9-263a-4bce-9480-8d54d9f28f1c
2019-09-25 12:06:03,138 [RatisPipelineUtilsThread] INFO  pipeline.PipelineStateManager (PipelineStateManager.java:addPipeline(56)) - Created pipeline Pipeline[ Id: 4d5343fa-58d2-47a2-925f-22c8f449fd48, Nodes: 96c68fd9-263a-4bce-9480-8d54d9f28f1c{ip: 192.168.151.73, host: pr-hdds-1569-shd4m-3693607622, networkLocation: /default-rack, certSerialId: null}, Type:RATIS, Factor:ONE, State:OPEN]
2019-09-25 12:06:03,138 [RatisPipelineUtilsThread] INFO  pipeline.PipelinePlacementPolicy (PipelinePlacementPolicy.java:meetCriteria(91)) - Pipeline Placement: can't place more pipeline on heavy datanode： 159c7809-d8ec-4cf8-a31c-e2f384cc14d2 Heaviness: 6 limit: 5
2019-09-25 12:06:03,138 [RatisPipelineUtilsThread] INFO  pipeline.PipelinePlacementPolicy (PipelinePlacementPolicy.java:meetCriteria(91)) - Pipeline Placement: can't place more pipeline on heavy datanode： 992d69e5-6cba-4869-b94d-c8d2dc420a77 Heaviness: 6 limit: 5
2019-09-25 12:06:03,138 [RatisPipelineUtilsThread] INFO  pipeline.PipelinePlacementPolicy (PipelinePlacementPolicy.java:meetCriteria(91)) - Pipeline Placement: can't place more pipeline on heavy datanode： 96c68fd9-263a-4bce-9480-8d54d9f28f1c Heaviness: 6 limit: 5
2019-09-25 12:06:03,138 [RatisPipelineUtilsThread] INFO  pipeline.PipelinePlacementPolicy (PipelinePlacementPolicy.java:meetCriteria(91)) - Pipeline Placement: can't place more pipeline on heavy datanode： 2bd0627d-72ad-45ef-ab03-a55c09ad6c3a Heaviness: 6 limit: 5
2019-09-25 12:06:03,139 [RatisPipelineUtilsThread] INFO  pipeline.PipelinePlacementPolicy (PipelinePlacementPolicy.java:meetCriteria(91)) - Pipeline Placement: can't place more pipeline on heavy datanode： de2e4d40-31b5-4e53-8675-f16775b3ddb7 Heaviness: 6 limit: 5
2019-09-25 12:06:03,141 [grpc-default-executor-1] INFO  impl.RaftServerProxy (RaftServerProxy.java:addNew(89)) - 50493258-76a6-47fc-92c1-a180d5b1121a: addNew group-B5B9EC7173BD:[50493258-76a6-47fc-92c1-a180d5b1121a:192.168.151.73:40355] returns group-B5B9EC7173BD:java.util.concurrent.CompletableFuture@7983501a[Not completed]
2019-09-25 12:06:03,141 [pool-547-thread-1] INFO  impl.RaftServerImpl (RaftServerImpl.java:<init>(95)) - 50493258-76a6-47fc-92c1-a180d5b1121a: new RaftServerImpl for group-B5B9EC7173BD:[50493258-76a6-47fc-92c1-a180d5b1121a:192.168.151.73:40355] with ContainerStateMachine:uninitialized
2019-09-25 12:06:03,142 [pool-547-thread-1] INFO  server.RaftServerConfigKeys (ConfUtils.java:logGet(43)) - raft.server.rpc.timeout.min = 5s (custom)
2019-09-25 12:06:03,142 [pool-547-thread-1] INFO  server.RaftServerConfigKeys (ConfUtils.java:logGet(43)) - raft.server.rpc.timeout.max = 5200ms (custom)
2019-09-25 12:06:03,142 [pool-547-thread-1] INFO  server.RaftServerConfigKeys (ConfUtils.java:logGet(43)) - raft.server.rpcslowness.timeout = 120s (custom)
2019-09-25 12:06:03,142 [pool-547-thread-1] INFO  server.RaftServerConfigKeys (ConfUtils.java:logGet(43)) - raft.server.sleep.deviation.threshold = 300 (default)
2019-09-25 12:06:03,142 [pool-547-thread-1] INFO  server.RaftServerConfigKeys (ConfUtils.java:logGet(43)) - raft.server.log.appender.install.snapshot.enabled = false (custom)
2019-09-25 12:06:03,142 [pool-547-thread-1] INFO  impl.RaftServerImpl (ServerState.java:<init>(103)) - 50493258-76a6-47fc-92c1-a180d5b1121a@group-B5B9EC7173BD: ConfigurationManager, init=-1: [50493258-76a6-47fc-92c1-a180d5b1121a:192.168.151.73:40355], old=null, confs=<EMPTY_MAP>
2019-09-25 12:06:03,142 [pool-547-thread-1] INFO  server.RaftServerConfigKeys (ConfUtils.java:logGet(43)) - raft.server.storage.dir = [/workdir/hadoop-ozone/integration-test/target/test-dir/MiniOzoneClusterImpl-757e75c3-29a2-41d1-adb4-db6d7805a8c7/datanode-5/data/ratis] (custom)
2019-09-25 12:06:03,142 [pool-547-thread-1] INFO  storage.RaftStorageDirectory (RaftStorageDirectory.java:analyzeStorage(246)) - The storage directory /workdir/hadoop-ozone/integration-test/target/test-dir/MiniOzoneClusterImpl-757e75c3-29a2-41d1-adb4-db6d7805a8c7/datanode-5/data/ratis/cc904481-b4ef-4e72-9389-b5b9ec7173bd does not exist. Creating ...
2019-09-25 12:06:03,142 [main] INFO  ozone.MiniOzoneClusterImpl (MiniOzoneClusterImpl.java:lambda$waitForClusterToBeReady$0(147)) - Cluster is ready. Got 7 of 7 DN Heartbeats.
2019-09-25 12:06:03,157 [pool-547-thread-1] INFO  storage.RaftStorageDirectory (RaftStorageDirectory.java:tryLock(328)) - Lock on /workdir/hadoop-ozone/integration-test/target/test-dir/MiniOzoneClusterImpl-757e75c3-29a2-41d1-adb4-db6d7805a8c7/datanode-5/data/ratis/cc904481-b4ef-4e72-9389-b5b9ec7173bd/in_use.lock acquired by nodename 24979@pr-hdds-1569-shd4m-3693607622
2019-09-25 12:06:03,172 [pool-547-thread-1] INFO  storage.RaftStorage (RaftStorage.java:format(72)) - Storage directory /workdir/hadoop-ozone/integration-test/target/test-dir/MiniOzoneClusterImpl-757e75c3-29a2-41d1-adb4-db6d7805a8c7/datanode-5/data/ratis/cc904481-b4ef-4e72-9389-b5b9ec7173bd has been successfully formatted.
2019-09-25 12:06:03,186 [pool-547-thread-1] INFO  ratis.ContainerStateMachine (ContainerStateMachine.java:loadSnapshot(230)) - group-B5B9EC7173BD: The snapshot info is null. Setting the last applied indexto:(t:0, i:~)
2019-09-25 12:06:03,186 [pool-547-thread-1] INFO  server.RaftServerConfigKeys (ConfUtils.java:logGet(43)) - raft.server.notification.no-leader.timeout = 120s (custom)
2019-09-25 12:06:03,186 [pool-547-thread-1] INFO  server.RaftServerConfigKeys (ConfUtils.java:logGet(43)) - raft.server.log.use.memory = false (default)
2019-09-25 12:06:03,186 [pool-547-thread-1] INFO  server.RaftServerConfigKeys (ConfUtils.java:logGet(43)) - raft.server.log.purge.gap = 1000000 (custom)
2019-09-25 12:06:03,186 [pool-547-thread-1] INFO  server.RaftServerConfigKeys (ConfUtils.java:logGet(43)) - raft.server.log.appender.buffer.byte-limit = 33554432 (custom)
2019-09-25 12:06:03,186 [pool-547-thread-1] INFO  server.RaftServerConfigKeys (ConfUtils.java:logGet(43)) - raft.server.log.segment.size.max = 1048576 (custom)
2019-09-25 12:06:03,186 [pool-547-thread-1] INFO  server.RaftServerConfigKeys (ConfUtils.java:logGet(43)) - raft.server.log.segment.cache.num.max = 2 (custom)
2019-09-25 12:06:03,186 [pool-547-thread-1] INFO  segmented.SegmentedRaftLogWorker (SegmentedRaftLogWorker.java:<init>(172)) - new 50493258-76a6-47fc-92c1-a180d5b1121a@group-B5B9EC7173BD-SegmentedRaftLogWorker for RaftStorage:Storage Directory /workdir/hadoop-ozone/integration-test/target/test-dir/MiniOzoneClusterImpl-757e75c3-29a2-41d1-adb4-db6d7805a8c7/datanode-5/data/ratis/cc904481-b4ef-4e72-9389-b5b9ec7173bd
2019-09-25 12:06:03,186 [pool-547-thread-1] INFO  server.RaftServerConfigKeys (ConfUtils.java:logGet(43)) - raft.server.log.queue.byte-limit = 2147483647 (custom)
2019-09-25 12:06:03,187 [pool-547-thread-1] INFO  server.RaftServerConfigKeys (ConfUtils.java:logGet(43)) - raft.server.log.queue.element-limit = 1024 (custom)
2019-09-25 12:06:03,187 [pool-547-thread-1] INFO  server.RaftServerConfigKeys (ConfUtils.java:logGet(43)) - raft.server.log.segment.size.max = 1048576 (custom)
2019-09-25 12:06:03,187 [pool-547-thread-1] INFO  server.RaftServerConfigKeys (ConfUtils.java:logGet(43)) - raft.server.log.preallocated.size = 16384 (custom)
2019-09-25 12:06:03,187 [pool-547-thread-1] INFO  server.RaftServerConfigKeys (ConfUtils.java:logGet(43)) - raft.server.log.write.buffer.size = 33554432 (custom)
2019-09-25 12:06:03,187 [pool-547-thread-1] INFO  server.RaftServerConfigKeys (ConfUtils.java:logGet(43)) - raft.server.log.force.sync.num = 128 (default)
2019-09-25 12:06:03,187 [pool-547-thread-1] INFO  server.RaftServerConfigKeys (ConfUtils.java:logGet(43)) - raft.server.log.statemachine.data.sync = true (default)
2019-09-25 12:06:03,187 [pool-547-thread-1] INFO  server.RaftServerConfigKeys (ConfUtils.java:logGet(43)) - raft.server.log.statemachine.data.sync.timeout = 10s (default)
2019-09-25 12:06:03,187 [pool-547-thread-1] INFO  server.RaftServerConfigKeys (ConfUtils.java:logGet(43)) - raft.server.log.statemachine.data.sync.timeout.retry = -1 (default)
2019-09-25 12:06:03,187 [pool-547-thread-1] INFO  server.RaftServerConfigKeys (ConfUtils.java:logGet(43)) - raft.server.log.statemachine.data.caching.enabled = true (custom)
2019-09-25 12:06:03,187 [pool-547-thread-1] INFO  segmented.SegmentedRaftLogWorker (SegmentedRaftLogWorker.java:lambda$new$0(132)) - 50493258-76a6-47fc-92c1-a180d5b1121a@group-B5B9EC7173BD-SegmentedRaftLogWorker: flushIndex: setUnconditionally 0 -> -1
2019-09-25 12:06:03,188 [pool-547-thread-1] INFO  server.RaftServerConfigKeys (ConfUtils.java:logGet(43)) - raft.server.snapshot.auto.trigger.enabled = true (custom)
2019-09-25 12:06:03,188 [pool-547-thread-1] INFO  server.RaftServerConfigKeys (ConfUtils.java:logGet(43)) - raft.server.snapshot.auto.trigger.threshold = 10000 (custom)
2019-09-25 12:06:03,188 [pool-547-thread-1] INFO  server.RaftServerConfigKeys (ConfUtils.java:logGet(43)) - raft.server.snapshot.retention.num.files = 5 (custom)
2019-09-25 12:06:03,188 [pool-547-thread-1] INFO  server.RaftServerConfigKeys (ConfUtils.java:logGet(43)) - raft.server.retrycache.expirytime = 600000ms (custom)
2019-09-25 12:06:03,189 [pool-547-thread-1] INFO  impl.RaftServerImpl (RaftServerImpl.java:start(185)) - 50493258-76a6-47fc-92c1-a180d5b1121a@group-B5B9EC7173BD: start as a follower, conf=-1: [50493258-76a6-47fc-92c1-a180d5b1121a:192.168.151.73:40355], old=null
2019-09-25 12:06:03,193 [pool-547-thread-1] INFO  impl.RaftServerImpl (RaftServerImpl.java:setRole(174)) - 50493258-76a6-47fc-92c1-a180d5b1121a@group-B5B9EC7173BD: changes role from      null to FOLLOWER at term 0 for startAsFollower
2019-09-25 12:06:03,193 [pool-547-thread-1] INFO  impl.RoleInfo (RoleInfo.java:updateAndGet(143)) - 50493258-76a6-47fc-92c1-a180d5b1121a: start FollowerState
2019-09-25 12:06:03,193 [pool-547-thread-1] INFO  util.JmxRegister (JmxRegister.java:tryRegister(44)) - Successfully registered JMX Bean with object name Ratis:service=RaftServer,group=group-B5B9EC7173BD,id=50493258-76a6-47fc-92c1-a180d5b1121a
2019-09-25 12:06:03,194 [RatisPipelineUtilsThread] INFO  pipeline.PipelineStateManager (PipelineStateManager.java:addPipeline(56)) - Created pipeline Pipeline[ Id: cc904481-b4ef-4e72-9389-b5b9ec7173bd, Nodes: 50493258-76a6-47fc-92c1-a180d5b1121a{ip: 192.168.151.73, host: pr-hdds-1569-shd4m-3693607622, networkLocation: /default-rack, certSerialId: null}, Type:RATIS, Factor:ONE, State:OPEN]
2019-09-25 12:06:03,195 [RatisPipelineUtilsThread] INFO  pipeline.PipelinePlacementPolicy (PipelinePlacementPolicy.java:meetCriteria(91)) - Pipeline Placement: can't place more pipeline on heavy datanode： 159c7809-d8ec-4cf8-a31c-e2f384cc14d2 Heaviness: 6 limit: 5
2019-09-25 12:06:03,195 [main] INFO  rpc.RpcClient (RpcClient.java:createVolume(276)) - Creating Volume: testblockoutputstream, with jenkins1000 as owner.
2019-09-25 12:06:03,195 [RatisPipelineUtilsThread] INFO  pipeline.PipelinePlacementPolicy (PipelinePlacementPolicy.java:meetCriteria(91)) - Pipeline Placement: can't place more pipeline on heavy datanode： 992d69e5-6cba-4869-b94d-c8d2dc420a77 Heaviness: 6 limit: 5
2019-09-25 12:06:03,195 [RatisPipelineUtilsThread] INFO  pipeline.PipelinePlacementPolicy (PipelinePlacementPolicy.java:meetCriteria(91)) - Pipeline Placement: can't place more pipeline on heavy datanode： 96c68fd9-263a-4bce-9480-8d54d9f28f1c Heaviness: 6 limit: 5
2019-09-25 12:06:03,195 [RatisPipelineUtilsThread] INFO  pipeline.PipelinePlacementPolicy (PipelinePlacementPolicy.java:meetCriteria(91)) - Pipeline Placement: can't place more pipeline on heavy datanode： 2bd0627d-72ad-45ef-ab03-a55c09ad6c3a Heaviness: 6 limit: 5
2019-09-25 12:06:03,195 [RatisPipelineUtilsThread] INFO  pipeline.PipelinePlacementPolicy (PipelinePlacementPolicy.java:meetCriteria(91)) - Pipeline Placement: can't place more pipeline on heavy datanode： de2e4d40-31b5-4e53-8675-f16775b3ddb7 Heaviness: 6 limit: 5
2019-09-25 12:06:03,198 [IPC Server handler 1 on 44353] INFO  volume.OMVolumeCreateRequest (OMVolumeCreateRequest.java:validateAndUpdateCache(189)) - created volume:testblockoutputstream for user:jenkins1000
2019-09-25 12:06:03,198 [grpc-default-executor-1] INFO  impl.RaftServerProxy (RaftServerProxy.java:addNew(89)) - 2594d298-a87d-48a4-bedb-7d37d8f76d4c: addNew group-48751B4E3AE9:[2594d298-a87d-48a4-bedb-7d37d8f76d4c:192.168.151.73:46535] returns group-48751B4E3AE9:java.util.concurrent.CompletableFuture@591880c[Not completed]
2019-09-25 12:06:03,199 [pool-557-thread-1] INFO  impl.RaftServerImpl (RaftServerImpl.java:<init>(95)) - 2594d298-a87d-48a4-bedb-7d37d8f76d4c: new RaftServerImpl for group-48751B4E3AE9:[2594d298-a87d-48a4-bedb-7d37d8f76d4c:192.168.151.73:46535] with ContainerStateMachine:uninitialized
2019-09-25 12:06:03,199 [pool-557-thread-1] INFO  server.RaftServerConfigKeys (ConfUtils.java:logGet(43)) - raft.server.rpc.timeout.min = 5s (custom)
2019-09-25 12:06:03,199 [pool-557-thread-1] INFO  server.RaftServerConfigKeys (ConfUtils.java:logGet(43)) - raft.server.rpc.timeout.max = 5200ms (custom)
2019-09-25 12:06:03,199 [pool-557-thread-1] INFO  server.RaftServerConfigKeys (ConfUtils.java:logGet(43)) - raft.server.rpcslowness.timeout = 120s (custom)
2019-09-25 12:06:03,200 [pool-557-thread-1] INFO  server.RaftServerConfigKeys (ConfUtils.java:logGet(43)) - raft.server.sleep.deviation.threshold = 300 (default)
2019-09-25 12:06:03,200 [pool-557-thread-1] INFO  server.RaftServerConfigKeys (ConfUtils.java:logGet(43)) - raft.server.log.appender.install.snapshot.enabled = false (custom)
2019-09-25 12:06:03,200 [pool-557-thread-1] INFO  impl.RaftServerImpl (ServerState.java:<init>(103)) - 2594d298-a87d-48a4-bedb-7d37d8f76d4c@group-48751B4E3AE9: ConfigurationManager, init=-1: [2594d298-a87d-48a4-bedb-7d37d8f76d4c:192.168.151.73:46535], old=null, confs=<EMPTY_MAP>
2019-09-25 12:06:03,200 [pool-557-thread-1] INFO  server.RaftServerConfigKeys (ConfUtils.java:logGet(43)) - raft.server.storage.dir = [/workdir/hadoop-ozone/integration-test/target/test-dir/MiniOzoneClusterImpl-757e75c3-29a2-41d1-adb4-db6d7805a8c7/datanode-6/data/ratis] (custom)
2019-09-25 12:06:03,204 [pool-557-thread-1] INFO  storage.RaftStorageDirectory (RaftStorageDirectory.java:analyzeStorage(246)) - The storage directory /workdir/hadoop-ozone/integration-test/target/test-dir/MiniOzoneClusterImpl-757e75c3-29a2-41d1-adb4-db6d7805a8c7/datanode-6/data/ratis/72271d49-5b69-48f7-a6a5-48751b4e3ae9 does not exist. Creating ...
2019-09-25 12:06:03,216 [pool-557-thread-1] INFO  storage.RaftStorageDirectory (RaftStorageDirectory.java:tryLock(328)) - Lock on /workdir/hadoop-ozone/integration-test/target/test-dir/MiniOzoneClusterImpl-757e75c3-29a2-41d1-adb4-db6d7805a8c7/datanode-6/data/ratis/72271d49-5b69-48f7-a6a5-48751b4e3ae9/in_use.lock acquired by nodename 24979@pr-hdds-1569-shd4m-3693607622
2019-09-25 12:06:03,217 [main] INFO  rpc.RpcClient (RpcClient.java:createBucket(415)) - Creating Bucket: testblockoutputstream/testblockoutputstream, with Versioning false and Storage Type set to DISK and Encryption set to false 
2019-09-25 12:06:03,228 [pool-557-thread-1] INFO  storage.RaftStorage (RaftStorage.java:format(72)) - Storage directory /workdir/hadoop-ozone/integration-test/target/test-dir/MiniOzoneClusterImpl-757e75c3-29a2-41d1-adb4-db6d7805a8c7/datanode-6/data/ratis/72271d49-5b69-48f7-a6a5-48751b4e3ae9 has been successfully formatted.
2019-09-25 12:06:03,228 [pool-557-thread-1] INFO  ratis.ContainerStateMachine (ContainerStateMachine.java:loadSnapshot(230)) - group-48751B4E3AE9: The snapshot info is null. Setting the last applied indexto:(t:0, i:~)
2019-09-25 12:06:03,229 [pool-557-thread-1] INFO  server.RaftServerConfigKeys (ConfUtils.java:logGet(43)) - raft.server.notification.no-leader.timeout = 120s (custom)
2019-09-25 12:06:03,229 [pool-557-thread-1] INFO  server.RaftServerConfigKeys (ConfUtils.java:logGet(43)) - raft.server.log.use.memory = false (default)
2019-09-25 12:06:03,229 [pool-557-thread-1] INFO  server.RaftServerConfigKeys (ConfUtils.java:logGet(43)) - raft.server.log.purge.gap = 1000000 (custom)
2019-09-25 12:06:03,229 [pool-557-thread-1] INFO  server.RaftServerConfigKeys (ConfUtils.java:logGet(43)) - raft.server.log.appender.buffer.byte-limit = 33554432 (custom)
2019-09-25 12:06:03,229 [pool-557-thread-1] INFO  server.RaftServerConfigKeys (ConfUtils.java:logGet(43)) - raft.server.log.segment.size.max = 1048576 (custom)
2019-09-25 12:06:03,229 [pool-557-thread-1] INFO  server.RaftServerConfigKeys (ConfUtils.java:logGet(43)) - raft.server.log.segment.cache.num.max = 2 (custom)
2019-09-25 12:06:03,229 [pool-557-thread-1] INFO  segmented.SegmentedRaftLogWorker (SegmentedRaftLogWorker.java:<init>(172)) - new 2594d298-a87d-48a4-bedb-7d37d8f76d4c@group-48751B4E3AE9-SegmentedRaftLogWorker for RaftStorage:Storage Directory /workdir/hadoop-ozone/integration-test/target/test-dir/MiniOzoneClusterImpl-757e75c3-29a2-41d1-adb4-db6d7805a8c7/datanode-6/data/ratis/72271d49-5b69-48f7-a6a5-48751b4e3ae9
2019-09-25 12:06:03,229 [pool-557-thread-1] INFO  server.RaftServerConfigKeys (ConfUtils.java:logGet(43)) - raft.server.log.queue.byte-limit = 2147483647 (custom)
2019-09-25 12:06:03,229 [pool-557-thread-1] INFO  server.RaftServerConfigKeys (ConfUtils.java:logGet(43)) - raft.server.log.queue.element-limit = 1024 (custom)
2019-09-25 12:06:03,229 [pool-557-thread-1] INFO  server.RaftServerConfigKeys (ConfUtils.java:logGet(43)) - raft.server.log.segment.size.max = 1048576 (custom)
2019-09-25 12:06:03,229 [pool-557-thread-1] INFO  server.RaftServerConfigKeys (ConfUtils.java:logGet(43)) - raft.server.log.preallocated.size = 16384 (custom)
2019-09-25 12:06:03,230 [pool-557-thread-1] INFO  server.RaftServerConfigKeys (ConfUtils.java:logGet(43)) - raft.server.log.write.buffer.size = 33554432 (custom)
2019-09-25 12:06:03,230 [pool-557-thread-1] INFO  server.RaftServerConfigKeys (ConfUtils.java:logGet(43)) - raft.server.log.force.sync.num = 128 (default)
2019-09-25 12:06:03,230 [pool-557-thread-1] INFO  server.RaftServerConfigKeys (ConfUtils.java:logGet(43)) - raft.server.log.statemachine.data.sync = true (default)
2019-09-25 12:06:03,230 [pool-557-thread-1] INFO  server.RaftServerConfigKeys (ConfUtils.java:logGet(43)) - raft.server.log.statemachine.data.sync.timeout = 10s (default)
2019-09-25 12:06:03,230 [pool-557-thread-1] INFO  server.RaftServerConfigKeys (ConfUtils.java:logGet(43)) - raft.server.log.statemachine.data.sync.timeout.retry = -1 (default)
2019-09-25 12:06:03,230 [pool-557-thread-1] INFO  server.RaftServerConfigKeys (ConfUtils.java:logGet(43)) - raft.server.log.statemachine.data.caching.enabled = true (custom)
2019-09-25 12:06:03,230 [pool-557-thread-1] INFO  segmented.SegmentedRaftLogWorker (SegmentedRaftLogWorker.java:lambda$new$0(132)) - 2594d298-a87d-48a4-bedb-7d37d8f76d4c@group-48751B4E3AE9-SegmentedRaftLogWorker: flushIndex: setUnconditionally 0 -> -1
2019-09-25 12:06:03,230 [pool-557-thread-1] INFO  server.RaftServerConfigKeys (ConfUtils.java:logGet(43)) - raft.server.snapshot.auto.trigger.enabled = true (custom)
2019-09-25 12:06:03,230 [pool-557-thread-1] INFO  server.RaftServerConfigKeys (ConfUtils.java:logGet(43)) - raft.server.snapshot.auto.trigger.threshold = 10000 (custom)
2019-09-25 12:06:03,231 [pool-557-thread-1] INFO  server.RaftServerConfigKeys (ConfUtils.java:logGet(43)) - raft.server.snapshot.retention.num.files = 5 (custom)
2019-09-25 12:06:03,231 [pool-557-thread-1] INFO  server.RaftServerConfigKeys (ConfUtils.java:logGet(43)) - raft.server.retrycache.expirytime = 600000ms (custom)
2019-09-25 12:06:03,232 [pool-557-thread-1] INFO  impl.RaftServerImpl (RaftServerImpl.java:start(185)) - 2594d298-a87d-48a4-bedb-7d37d8f76d4c@group-48751B4E3AE9: start as a follower, conf=-1: [2594d298-a87d-48a4-bedb-7d37d8f76d4c:192.168.151.73:46535], old=null
2019-09-25 12:06:03,232 [pool-557-thread-1] INFO  impl.RaftServerImpl (RaftServerImpl.java:setRole(174)) - 2594d298-a87d-48a4-bedb-7d37d8f76d4c@group-48751B4E3AE9: changes role from      null to FOLLOWER at term 0 for startAsFollower
2019-09-25 12:06:03,232 [pool-557-thread-1] INFO  impl.RoleInfo (RoleInfo.java:updateAndGet(143)) - 2594d298-a87d-48a4-bedb-7d37d8f76d4c: start FollowerState
2019-09-25 12:06:03,232 [pool-557-thread-1] INFO  util.JmxRegister (JmxRegister.java:tryRegister(44)) - Successfully registered JMX Bean with object name Ratis:service=RaftServer,group=group-48751B4E3AE9,id=2594d298-a87d-48a4-bedb-7d37d8f76d4c
2019-09-25 12:06:03,234 [RatisPipelineUtilsThread] INFO  pipeline.PipelineStateManager (PipelineStateManager.java:addPipeline(56)) - Created pipeline Pipeline[ Id: 72271d49-5b69-48f7-a6a5-48751b4e3ae9, Nodes: 2594d298-a87d-48a4-bedb-7d37d8f76d4c{ip: 192.168.151.73, host: pr-hdds-1569-shd4m-3693607622, networkLocation: /default-rack, certSerialId: null}, Type:RATIS, Factor:ONE, State:OPEN]
2019-09-25 12:06:03,234 [RatisPipelineUtilsThread] INFO  pipeline.PipelinePlacementPolicy (PipelinePlacementPolicy.java:meetCriteria(91)) - Pipeline Placement: can't place more pipeline on heavy datanode： 159c7809-d8ec-4cf8-a31c-e2f384cc14d2 Heaviness: 6 limit: 5
2019-09-25 12:06:03,234 [RatisPipelineUtilsThread] INFO  pipeline.PipelinePlacementPolicy (PipelinePlacementPolicy.java:meetCriteria(91)) - Pipeline Placement: can't place more pipeline on heavy datanode： 992d69e5-6cba-4869-b94d-c8d2dc420a77 Heaviness: 6 limit: 5
2019-09-25 12:06:03,234 [RatisPipelineUtilsThread] INFO  pipeline.PipelinePlacementPolicy (PipelinePlacementPolicy.java:meetCriteria(91)) - Pipeline Placement: can't place more pipeline on heavy datanode： 96c68fd9-263a-4bce-9480-8d54d9f28f1c Heaviness: 6 limit: 5
2019-09-25 12:06:03,234 [RatisPipelineUtilsThread] INFO  pipeline.PipelinePlacementPolicy (PipelinePlacementPolicy.java:meetCriteria(91)) - Pipeline Placement: can't place more pipeline on heavy datanode： 2bd0627d-72ad-45ef-ab03-a55c09ad6c3a Heaviness: 6 limit: 5
2019-09-25 12:06:03,234 [RatisPipelineUtilsThread] INFO  pipeline.PipelinePlacementPolicy (PipelinePlacementPolicy.java:meetCriteria(91)) - Pipeline Placement: can't place more pipeline on heavy datanode： de2e4d40-31b5-4e53-8675-f16775b3ddb7 Heaviness: 6 limit: 5
2019-09-25 12:06:03,237 [grpc-default-executor-1] INFO  impl.RaftServerProxy (RaftServerProxy.java:addNew(89)) - 50493258-76a6-47fc-92c1-a180d5b1121a: addNew group-DE5D9AE95F7E:[50493258-76a6-47fc-92c1-a180d5b1121a:192.168.151.73:40355] returns group-DE5D9AE95F7E:java.util.concurrent.CompletableFuture@3802121a[Not completed]
2019-09-25 12:06:03,237 [pool-547-thread-1] INFO  impl.RaftServerImpl (RaftServerImpl.java:<init>(95)) - 50493258-76a6-47fc-92c1-a180d5b1121a: new RaftServerImpl for group-DE5D9AE95F7E:[50493258-76a6-47fc-92c1-a180d5b1121a:192.168.151.73:40355] with ContainerStateMachine:uninitialized
2019-09-25 12:06:03,237 [pool-547-thread-1] INFO  server.RaftServerConfigKeys (ConfUtils.java:logGet(43)) - raft.server.rpc.timeout.min = 5s (custom)
2019-09-25 12:06:03,238 [pool-547-thread-1] INFO  server.RaftServerConfigKeys (ConfUtils.java:logGet(43)) - raft.server.rpc.timeout.max = 5200ms (custom)
2019-09-25 12:06:03,238 [pool-547-thread-1] INFO  server.RaftServerConfigKeys (ConfUtils.java:logGet(43)) - raft.server.rpcslowness.timeout = 120s (custom)
2019-09-25 12:06:03,238 [pool-547-thread-1] INFO  server.RaftServerConfigKeys (ConfUtils.java:logGet(43)) - raft.server.sleep.deviation.threshold = 300 (default)
2019-09-25 12:06:03,238 [pool-547-thread-1] INFO  server.RaftServerConfigKeys (ConfUtils.java:logGet(43)) - raft.server.log.appender.install.snapshot.enabled = false (custom)
2019-09-25 12:06:03,238 [pool-547-thread-1] INFO  impl.RaftServerImpl (ServerState.java:<init>(103)) - 50493258-76a6-47fc-92c1-a180d5b1121a@group-DE5D9AE95F7E: ConfigurationManager, init=-1: [50493258-76a6-47fc-92c1-a180d5b1121a:192.168.151.73:40355], old=null, confs=<EMPTY_MAP>
2019-09-25 12:06:03,238 [pool-547-thread-1] INFO  server.RaftServerConfigKeys (ConfUtils.java:logGet(43)) - raft.server.storage.dir = [/workdir/hadoop-ozone/integration-test/target/test-dir/MiniOzoneClusterImpl-757e75c3-29a2-41d1-adb4-db6d7805a8c7/datanode-5/data/ratis] (custom)
2019-09-25 12:06:03,238 [pool-547-thread-1] INFO  storage.RaftStorageDirectory (RaftStorageDirectory.java:analyzeStorage(246)) - The storage directory /workdir/hadoop-ozone/integration-test/target/test-dir/MiniOzoneClusterImpl-757e75c3-29a2-41d1-adb4-db6d7805a8c7/datanode-5/data/ratis/97b0de8a-6aa5-462e-b648-de5d9ae95f7e does not exist. Creating ...
2019-09-25 12:06:03,241 [pool-547-thread-1] INFO  storage.RaftStorageDirectory (RaftStorageDirectory.java:tryLock(328)) - Lock on /workdir/hadoop-ozone/integration-test/target/test-dir/MiniOzoneClusterImpl-757e75c3-29a2-41d1-adb4-db6d7805a8c7/datanode-5/data/ratis/97b0de8a-6aa5-462e-b648-de5d9ae95f7e/in_use.lock acquired by nodename 24979@pr-hdds-1569-shd4m-3693607622
2019-09-25 12:06:03,245 [pool-547-thread-1] INFO  storage.RaftStorage (RaftStorage.java:format(72)) - Storage directory /workdir/hadoop-ozone/integration-test/target/test-dir/MiniOzoneClusterImpl-757e75c3-29a2-41d1-adb4-db6d7805a8c7/datanode-5/data/ratis/97b0de8a-6aa5-462e-b648-de5d9ae95f7e has been successfully formatted.
2019-09-25 12:06:03,245 [pool-547-thread-1] INFO  ratis.ContainerStateMachine (ContainerStateMachine.java:loadSnapshot(230)) - group-DE5D9AE95F7E: The snapshot info is null. Setting the last applied indexto:(t:0, i:~)
2019-09-25 12:06:03,245 [pool-547-thread-1] INFO  server.RaftServerConfigKeys (ConfUtils.java:logGet(43)) - raft.server.notification.no-leader.timeout = 120s (custom)
2019-09-25 12:06:03,245 [pool-547-thread-1] INFO  server.RaftServerConfigKeys (ConfUtils.java:logGet(43)) - raft.server.log.use.memory = false (default)
2019-09-25 12:06:03,245 [pool-547-thread-1] INFO  server.RaftServerConfigKeys (ConfUtils.java:logGet(43)) - raft.server.log.purge.gap = 1000000 (custom)
2019-09-25 12:06:03,245 [pool-547-thread-1] INFO  server.RaftServerConfigKeys (ConfUtils.java:logGet(43)) - raft.server.log.appender.buffer.byte-limit = 33554432 (custom)
2019-09-25 12:06:03,245 [pool-547-thread-1] INFO  server.RaftServerConfigKeys (ConfUtils.java:logGet(43)) - raft.server.log.segment.size.max = 1048576 (custom)
2019-09-25 12:06:03,245 [pool-547-thread-1] INFO  server.RaftServerConfigKeys (ConfUtils.java:logGet(43)) - raft.server.log.segment.cache.num.max = 2 (custom)
2019-09-25 12:06:03,245 [pool-547-thread-1] INFO  segmented.SegmentedRaftLogWorker (SegmentedRaftLogWorker.java:<init>(172)) - new 50493258-76a6-47fc-92c1-a180d5b1121a@group-DE5D9AE95F7E-SegmentedRaftLogWorker for RaftStorage:Storage Directory /workdir/hadoop-ozone/integration-test/target/test-dir/MiniOzoneClusterImpl-757e75c3-29a2-41d1-adb4-db6d7805a8c7/datanode-5/data/ratis/97b0de8a-6aa5-462e-b648-de5d9ae95f7e
2019-09-25 12:06:03,245 [pool-547-thread-1] INFO  server.RaftServerConfigKeys (ConfUtils.java:logGet(43)) - raft.server.log.queue.byte-limit = 2147483647 (custom)
2019-09-25 12:06:03,246 [pool-547-thread-1] INFO  server.RaftServerConfigKeys (ConfUtils.java:logGet(43)) - raft.server.log.queue.element-limit = 1024 (custom)
2019-09-25 12:06:03,246 [pool-547-thread-1] INFO  server.RaftServerConfigKeys (ConfUtils.java:logGet(43)) - raft.server.log.segment.size.max = 1048576 (custom)
2019-09-25 12:06:03,246 [pool-547-thread-1] INFO  server.RaftServerConfigKeys (ConfUtils.java:logGet(43)) - raft.server.log.preallocated.size = 16384 (custom)
2019-09-25 12:06:03,246 [pool-547-thread-1] INFO  server.RaftServerConfigKeys (ConfUtils.java:logGet(43)) - raft.server.log.write.buffer.size = 33554432 (custom)
2019-09-25 12:06:03,246 [pool-547-thread-1] INFO  server.RaftServerConfigKeys (ConfUtils.java:logGet(43)) - raft.server.log.force.sync.num = 128 (default)
2019-09-25 12:06:03,246 [pool-547-thread-1] INFO  server.RaftServerConfigKeys (ConfUtils.java:logGet(43)) - raft.server.log.statemachine.data.sync = true (default)
2019-09-25 12:06:03,246 [pool-547-thread-1] INFO  server.RaftServerConfigKeys (ConfUtils.java:logGet(43)) - raft.server.log.statemachine.data.sync.timeout = 10s (default)
2019-09-25 12:06:03,246 [pool-547-thread-1] INFO  server.RaftServerConfigKeys (ConfUtils.java:logGet(43)) - raft.server.log.statemachine.data.sync.timeout.retry = -1 (default)
2019-09-25 12:06:03,246 [pool-547-thread-1] INFO  server.RaftServerConfigKeys (ConfUtils.java:logGet(43)) - raft.server.log.statemachine.data.caching.enabled = true (custom)
2019-09-25 12:06:03,246 [pool-547-thread-1] INFO  segmented.SegmentedRaftLogWorker (SegmentedRaftLogWorker.java:lambda$new$0(132)) - 50493258-76a6-47fc-92c1-a180d5b1121a@group-DE5D9AE95F7E-SegmentedRaftLogWorker: flushIndex: setUnconditionally 0 -> -1
2019-09-25 12:06:03,247 [pool-547-thread-1] INFO  server.RaftServerConfigKeys (ConfUtils.java:logGet(43)) - raft.server.snapshot.auto.trigger.enabled = true (custom)
2019-09-25 12:06:03,247 [pool-547-thread-1] INFO  server.RaftServerConfigKeys (ConfUtils.java:logGet(43)) - raft.server.snapshot.auto.trigger.threshold = 10000 (custom)
2019-09-25 12:06:03,247 [pool-547-thread-1] INFO  server.RaftServerConfigKeys (ConfUtils.java:logGet(43)) - raft.server.snapshot.retention.num.files = 5 (custom)
2019-09-25 12:06:03,247 [pool-547-thread-1] INFO  server.RaftServerConfigKeys (ConfUtils.java:logGet(43)) - raft.server.retrycache.expirytime = 600000ms (custom)
2019-09-25 12:06:03,248 [pool-547-thread-1] INFO  impl.RaftServerImpl (RaftServerImpl.java:start(185)) - 50493258-76a6-47fc-92c1-a180d5b1121a@group-DE5D9AE95F7E: start as a follower, conf=-1: [50493258-76a6-47fc-92c1-a180d5b1121a:192.168.151.73:40355], old=null
2019-09-25 12:06:03,248 [pool-547-thread-1] INFO  impl.RaftServerImpl (RaftServerImpl.java:setRole(174)) - 50493258-76a6-47fc-92c1-a180d5b1121a@group-DE5D9AE95F7E: changes role from      null to FOLLOWER at term 0 for startAsFollower
2019-09-25 12:06:03,248 [pool-547-thread-1] INFO  impl.RoleInfo (RoleInfo.java:updateAndGet(143)) - 50493258-76a6-47fc-92c1-a180d5b1121a: start FollowerState
2019-09-25 12:06:03,249 [pool-547-thread-1] INFO  util.JmxRegister (JmxRegister.java:tryRegister(44)) - Successfully registered JMX Bean with object name Ratis:service=RaftServer,group=group-DE5D9AE95F7E,id=50493258-76a6-47fc-92c1-a180d5b1121a
2019-09-25 12:06:03,250 [RatisPipelineUtilsThread] INFO  pipeline.PipelineStateManager (PipelineStateManager.java:addPipeline(56)) - Created pipeline Pipeline[ Id: 97b0de8a-6aa5-462e-b648-de5d9ae95f7e, Nodes: 50493258-76a6-47fc-92c1-a180d5b1121a{ip: 192.168.151.73, host: pr-hdds-1569-shd4m-3693607622, networkLocation: /default-rack, certSerialId: null}, Type:RATIS, Factor:ONE, State:OPEN]
2019-09-25 12:06:03,250 [RatisPipelineUtilsThread] INFO  pipeline.PipelinePlacementPolicy (PipelinePlacementPolicy.java:meetCriteria(91)) - Pipeline Placement: can't place more pipeline on heavy datanode： 159c7809-d8ec-4cf8-a31c-e2f384cc14d2 Heaviness: 6 limit: 5
2019-09-25 12:06:03,250 [RatisPipelineUtilsThread] INFO  pipeline.PipelinePlacementPolicy (PipelinePlacementPolicy.java:meetCriteria(91)) - Pipeline Placement: can't place more pipeline on heavy datanode： 992d69e5-6cba-4869-b94d-c8d2dc420a77 Heaviness: 6 limit: 5
2019-09-25 12:06:03,250 [RatisPipelineUtilsThread] INFO  pipeline.PipelinePlacementPolicy (PipelinePlacementPolicy.java:meetCriteria(91)) - Pipeline Placement: can't place more pipeline on heavy datanode： 96c68fd9-263a-4bce-9480-8d54d9f28f1c Heaviness: 6 limit: 5
2019-09-25 12:06:03,251 [RatisPipelineUtilsThread] INFO  pipeline.PipelinePlacementPolicy (PipelinePlacementPolicy.java:meetCriteria(91)) - Pipeline Placement: can't place more pipeline on heavy datanode： 50493258-76a6-47fc-92c1-a180d5b1121a Heaviness: 6 limit: 5
2019-09-25 12:06:03,251 [RatisPipelineUtilsThread] INFO  pipeline.PipelinePlacementPolicy (PipelinePlacementPolicy.java:meetCriteria(91)) - Pipeline Placement: can't place more pipeline on heavy datanode： 2bd0627d-72ad-45ef-ab03-a55c09ad6c3a Heaviness: 6 limit: 5
2019-09-25 12:06:03,251 [RatisPipelineUtilsThread] INFO  pipeline.PipelinePlacementPolicy (PipelinePlacementPolicy.java:meetCriteria(91)) - Pipeline Placement: can't place more pipeline on heavy datanode： de2e4d40-31b5-4e53-8675-f16775b3ddb7 Heaviness: 6 limit: 5
2019-09-25 12:06:03,253 [grpc-default-executor-1] INFO  impl.RaftServerProxy (RaftServerProxy.java:addNew(89)) - 2594d298-a87d-48a4-bedb-7d37d8f76d4c: addNew group-0A9821578A75:[2594d298-a87d-48a4-bedb-7d37d8f76d4c:192.168.151.73:46535] returns group-0A9821578A75:java.util.concurrent.CompletableFuture@5bcab0a4[Not completed]
2019-09-25 12:06:03,254 [pool-557-thread-1] INFO  impl.RaftServerImpl (RaftServerImpl.java:<init>(95)) - 2594d298-a87d-48a4-bedb-7d37d8f76d4c: new RaftServerImpl for group-0A9821578A75:[2594d298-a87d-48a4-bedb-7d37d8f76d4c:192.168.151.73:46535] with ContainerStateMachine:uninitialized
2019-09-25 12:06:03,254 [pool-557-thread-1] INFO  server.RaftServerConfigKeys (ConfUtils.java:logGet(43)) - raft.server.rpc.timeout.min = 5s (custom)
2019-09-25 12:06:03,255 [pool-557-thread-1] INFO  server.RaftServerConfigKeys (ConfUtils.java:logGet(43)) - raft.server.rpc.timeout.max = 5200ms (custom)
2019-09-25 12:06:03,255 [pool-557-thread-1] INFO  server.RaftServerConfigKeys (ConfUtils.java:logGet(43)) - raft.server.rpcslowness.timeout = 120s (custom)
2019-09-25 12:06:03,255 [pool-557-thread-1] INFO  server.RaftServerConfigKeys (ConfUtils.java:logGet(43)) - raft.server.sleep.deviation.threshold = 300 (default)
2019-09-25 12:06:03,255 [pool-557-thread-1] INFO  server.RaftServerConfigKeys (ConfUtils.java:logGet(43)) - raft.server.log.appender.install.snapshot.enabled = false (custom)
2019-09-25 12:06:03,255 [pool-557-thread-1] INFO  impl.RaftServerImpl (ServerState.java:<init>(103)) - 2594d298-a87d-48a4-bedb-7d37d8f76d4c@group-0A9821578A75: ConfigurationManager, init=-1: [2594d298-a87d-48a4-bedb-7d37d8f76d4c:192.168.151.73:46535], old=null, confs=<EMPTY_MAP>
2019-09-25 12:06:03,255 [pool-557-thread-1] INFO  server.RaftServerConfigKeys (ConfUtils.java:logGet(43)) - raft.server.storage.dir = [/workdir/hadoop-ozone/integration-test/target/test-dir/MiniOzoneClusterImpl-757e75c3-29a2-41d1-adb4-db6d7805a8c7/datanode-6/data/ratis] (custom)
2019-09-25 12:06:03,255 [pool-557-thread-1] INFO  storage.RaftStorageDirectory (RaftStorageDirectory.java:analyzeStorage(246)) - The storage directory /workdir/hadoop-ozone/integration-test/target/test-dir/MiniOzoneClusterImpl-757e75c3-29a2-41d1-adb4-db6d7805a8c7/datanode-6/data/ratis/9048c37d-298a-4d7f-8f46-0a9821578a75 does not exist. Creating ...
2019-09-25 12:06:03,273 [pool-557-thread-1] INFO  storage.RaftStorageDirectory (RaftStorageDirectory.java:tryLock(328)) - Lock on /workdir/hadoop-ozone/integration-test/target/test-dir/MiniOzoneClusterImpl-757e75c3-29a2-41d1-adb4-db6d7805a8c7/datanode-6/data/ratis/9048c37d-298a-4d7f-8f46-0a9821578a75/in_use.lock acquired by nodename 24979@pr-hdds-1569-shd4m-3693607622
2019-09-25 12:06:03,287 [pool-557-thread-1] INFO  storage.RaftStorage (RaftStorage.java:format(72)) - Storage directory /workdir/hadoop-ozone/integration-test/target/test-dir/MiniOzoneClusterImpl-757e75c3-29a2-41d1-adb4-db6d7805a8c7/datanode-6/data/ratis/9048c37d-298a-4d7f-8f46-0a9821578a75 has been successfully formatted.
2019-09-25 12:06:03,287 [pool-557-thread-1] INFO  ratis.ContainerStateMachine (ContainerStateMachine.java:loadSnapshot(230)) - group-0A9821578A75: The snapshot info is null. Setting the last applied indexto:(t:0, i:~)
2019-09-25 12:06:03,287 [pool-557-thread-1] INFO  server.RaftServerConfigKeys (ConfUtils.java:logGet(43)) - raft.server.notification.no-leader.timeout = 120s (custom)
2019-09-25 12:06:03,287 [pool-557-thread-1] INFO  server.RaftServerConfigKeys (ConfUtils.java:logGet(43)) - raft.server.log.use.memory = false (default)
2019-09-25 12:06:03,287 [pool-557-thread-1] INFO  server.RaftServerConfigKeys (ConfUtils.java:logGet(43)) - raft.server.log.purge.gap = 1000000 (custom)
2019-09-25 12:06:03,287 [pool-557-thread-1] INFO  server.RaftServerConfigKeys (ConfUtils.java:logGet(43)) - raft.server.log.appender.buffer.byte-limit = 33554432 (custom)
2019-09-25 12:06:03,287 [pool-557-thread-1] INFO  server.RaftServerConfigKeys (ConfUtils.java:logGet(43)) - raft.server.log.segment.size.max = 1048576 (custom)
2019-09-25 12:06:03,288 [pool-557-thread-1] INFO  server.RaftServerConfigKeys (ConfUtils.java:logGet(43)) - raft.server.log.segment.cache.num.max = 2 (custom)
2019-09-25 12:06:03,288 [pool-557-thread-1] INFO  segmented.SegmentedRaftLogWorker (SegmentedRaftLogWorker.java:<init>(172)) - new 2594d298-a87d-48a4-bedb-7d37d8f76d4c@group-0A9821578A75-SegmentedRaftLogWorker for RaftStorage:Storage Directory /workdir/hadoop-ozone/integration-test/target/test-dir/MiniOzoneClusterImpl-757e75c3-29a2-41d1-adb4-db6d7805a8c7/datanode-6/data/ratis/9048c37d-298a-4d7f-8f46-0a9821578a75
2019-09-25 12:06:03,288 [pool-557-thread-1] INFO  server.RaftServerConfigKeys (ConfUtils.java:logGet(43)) - raft.server.log.queue.byte-limit = 2147483647 (custom)
2019-09-25 12:06:03,288 [pool-557-thread-1] INFO  server.RaftServerConfigKeys (ConfUtils.java:logGet(43)) - raft.server.log.queue.element-limit = 1024 (custom)
2019-09-25 12:06:03,288 [pool-557-thread-1] INFO  server.RaftServerConfigKeys (ConfUtils.java:logGet(43)) - raft.server.log.segment.size.max = 1048576 (custom)
2019-09-25 12:06:03,288 [pool-557-thread-1] INFO  server.RaftServerConfigKeys (ConfUtils.java:logGet(43)) - raft.server.log.preallocated.size = 16384 (custom)
2019-09-25 12:06:03,288 [pool-557-thread-1] INFO  server.RaftServerConfigKeys (ConfUtils.java:logGet(43)) - raft.server.log.write.buffer.size = 33554432 (custom)
2019-09-25 12:06:03,288 [pool-557-thread-1] INFO  server.RaftServerConfigKeys (ConfUtils.java:logGet(43)) - raft.server.log.force.sync.num = 128 (default)
2019-09-25 12:06:03,288 [pool-557-thread-1] INFO  server.RaftServerConfigKeys (ConfUtils.java:logGet(43)) - raft.server.log.statemachine.data.sync = true (default)
2019-09-25 12:06:03,288 [pool-557-thread-1] INFO  server.RaftServerConfigKeys (ConfUtils.java:logGet(43)) - raft.server.log.statemachine.data.sync.timeout = 10s (default)
2019-09-25 12:06:03,289 [pool-557-thread-1] INFO  server.RaftServerConfigKeys (ConfUtils.java:logGet(43)) - raft.server.log.statemachine.data.sync.timeout.retry = -1 (default)
2019-09-25 12:06:03,289 [pool-557-thread-1] INFO  server.RaftServerConfigKeys (ConfUtils.java:logGet(43)) - raft.server.log.statemachine.data.caching.enabled = true (custom)
2019-09-25 12:06:03,289 [pool-557-thread-1] INFO  segmented.SegmentedRaftLogWorker (SegmentedRaftLogWorker.java:lambda$new$0(132)) - 2594d298-a87d-48a4-bedb-7d37d8f76d4c@group-0A9821578A75-SegmentedRaftLogWorker: flushIndex: setUnconditionally 0 -> -1
2019-09-25 12:06:03,289 [pool-557-thread-1] INFO  server.RaftServerConfigKeys (ConfUtils.java:logGet(43)) - raft.server.snapshot.auto.trigger.enabled = true (custom)
2019-09-25 12:06:03,289 [pool-557-thread-1] INFO  server.RaftServerConfigKeys (ConfUtils.java:logGet(43)) - raft.server.snapshot.auto.trigger.threshold = 10000 (custom)
2019-09-25 12:06:03,289 [pool-557-thread-1] INFO  server.RaftServerConfigKeys (ConfUtils.java:logGet(43)) - raft.server.snapshot.retention.num.files = 5 (custom)
2019-09-25 12:06:03,289 [pool-557-thread-1] INFO  server.RaftServerConfigKeys (ConfUtils.java:logGet(43)) - raft.server.retrycache.expirytime = 600000ms (custom)
2019-09-25 12:06:03,290 [pool-557-thread-1] INFO  impl.RaftServerImpl (RaftServerImpl.java:start(185)) - 2594d298-a87d-48a4-bedb-7d37d8f76d4c@group-0A9821578A75: start as a follower, conf=-1: [2594d298-a87d-48a4-bedb-7d37d8f76d4c:192.168.151.73:46535], old=null
2019-09-25 12:06:03,290 [pool-557-thread-1] INFO  impl.RaftServerImpl (RaftServerImpl.java:setRole(174)) - 2594d298-a87d-48a4-bedb-7d37d8f76d4c@group-0A9821578A75: changes role from      null to FOLLOWER at term 0 for startAsFollower
2019-09-25 12:06:03,291 [pool-557-thread-1] INFO  impl.RoleInfo (RoleInfo.java:updateAndGet(143)) - 2594d298-a87d-48a4-bedb-7d37d8f76d4c: start FollowerState
2019-09-25 12:06:03,291 [pool-557-thread-1] INFO  util.JmxRegister (JmxRegister.java:tryRegister(44)) - Successfully registered JMX Bean with object name Ratis:service=RaftServer,group=group-0A9821578A75,id=2594d298-a87d-48a4-bedb-7d37d8f76d4c
2019-09-25 12:06:03,293 [RatisPipelineUtilsThread] INFO  pipeline.PipelineStateManager (PipelineStateManager.java:addPipeline(56)) - Created pipeline Pipeline[ Id: 9048c37d-298a-4d7f-8f46-0a9821578a75, Nodes: 2594d298-a87d-48a4-bedb-7d37d8f76d4c{ip: 192.168.151.73, host: pr-hdds-1569-shd4m-3693607622, networkLocation: /default-rack, certSerialId: null}, Type:RATIS, Factor:ONE, State:OPEN]
2019-09-25 12:06:03,293 [RatisPipelineUtilsThread] INFO  pipeline.PipelinePlacementPolicy (PipelinePlacementPolicy.java:meetCriteria(91)) - Pipeline Placement: can't place more pipeline on heavy datanode： 159c7809-d8ec-4cf8-a31c-e2f384cc14d2 Heaviness: 6 limit: 5
2019-09-25 12:06:03,293 [RatisPipelineUtilsThread] INFO  pipeline.PipelinePlacementPolicy (PipelinePlacementPolicy.java:meetCriteria(91)) - Pipeline Placement: can't place more pipeline on heavy datanode： 992d69e5-6cba-4869-b94d-c8d2dc420a77 Heaviness: 6 limit: 5
2019-09-25 12:06:03,293 [RatisPipelineUtilsThread] INFO  pipeline.PipelinePlacementPolicy (PipelinePlacementPolicy.java:meetCriteria(91)) - Pipeline Placement: can't place more pipeline on heavy datanode： 96c68fd9-263a-4bce-9480-8d54d9f28f1c Heaviness: 6 limit: 5
2019-09-25 12:06:03,293 [RatisPipelineUtilsThread] INFO  pipeline.PipelinePlacementPolicy (PipelinePlacementPolicy.java:meetCriteria(91)) - Pipeline Placement: can't place more pipeline on heavy datanode： 50493258-76a6-47fc-92c1-a180d5b1121a Heaviness: 6 limit: 5
2019-09-25 12:06:03,293 [RatisPipelineUtilsThread] INFO  pipeline.PipelinePlacementPolicy (PipelinePlacementPolicy.java:meetCriteria(91)) - Pipeline Placement: can't place more pipeline on heavy datanode： 2bd0627d-72ad-45ef-ab03-a55c09ad6c3a Heaviness: 6 limit: 5
2019-09-25 12:06:03,293 [RatisPipelineUtilsThread] INFO  pipeline.PipelinePlacementPolicy (PipelinePlacementPolicy.java:meetCriteria(91)) - Pipeline Placement: can't place more pipeline on heavy datanode： de2e4d40-31b5-4e53-8675-f16775b3ddb7 Heaviness: 6 limit: 5
2019-09-25 12:06:03,296 [grpc-default-executor-1] INFO  impl.RaftServerProxy (RaftServerProxy.java:addNew(89)) - 2594d298-a87d-48a4-bedb-7d37d8f76d4c: addNew group-2F5942151154:[2594d298-a87d-48a4-bedb-7d37d8f76d4c:192.168.151.73:46535] returns group-2F5942151154:java.util.concurrent.CompletableFuture@3c8aa615[Not completed]
2019-09-25 12:06:03,297 [pool-557-thread-1] INFO  impl.RaftServerImpl (RaftServerImpl.java:<init>(95)) - 2594d298-a87d-48a4-bedb-7d37d8f76d4c: new RaftServerImpl for group-2F5942151154:[2594d298-a87d-48a4-bedb-7d37d8f76d4c:192.168.151.73:46535] with ContainerStateMachine:uninitialized
2019-09-25 12:06:03,297 [pool-557-thread-1] INFO  server.RaftServerConfigKeys (ConfUtils.java:logGet(43)) - raft.server.rpc.timeout.min = 5s (custom)
2019-09-25 12:06:03,297 [pool-557-thread-1] INFO  server.RaftServerConfigKeys (ConfUtils.java:logGet(43)) - raft.server.rpc.timeout.max = 5200ms (custom)
2019-09-25 12:06:03,297 [pool-557-thread-1] INFO  server.RaftServerConfigKeys (ConfUtils.java:logGet(43)) - raft.server.rpcslowness.timeout = 120s (custom)
2019-09-25 12:06:03,297 [pool-557-thread-1] INFO  server.RaftServerConfigKeys (ConfUtils.java:logGet(43)) - raft.server.sleep.deviation.threshold = 300 (default)
2019-09-25 12:06:03,297 [pool-557-thread-1] INFO  server.RaftServerConfigKeys (ConfUtils.java:logGet(43)) - raft.server.log.appender.install.snapshot.enabled = false (custom)
2019-09-25 12:06:03,298 [pool-557-thread-1] INFO  impl.RaftServerImpl (ServerState.java:<init>(103)) - 2594d298-a87d-48a4-bedb-7d37d8f76d4c@group-2F5942151154: ConfigurationManager, init=-1: [2594d298-a87d-48a4-bedb-7d37d8f76d4c:192.168.151.73:46535], old=null, confs=<EMPTY_MAP>
2019-09-25 12:06:03,298 [pool-557-thread-1] INFO  server.RaftServerConfigKeys (ConfUtils.java:logGet(43)) - raft.server.storage.dir = [/workdir/hadoop-ozone/integration-test/target/test-dir/MiniOzoneClusterImpl-757e75c3-29a2-41d1-adb4-db6d7805a8c7/datanode-6/data/ratis] (custom)
2019-09-25 12:06:03,298 [pool-557-thread-1] INFO  storage.RaftStorageDirectory (RaftStorageDirectory.java:analyzeStorage(246)) - The storage directory /workdir/hadoop-ozone/integration-test/target/test-dir/MiniOzoneClusterImpl-757e75c3-29a2-41d1-adb4-db6d7805a8c7/datanode-6/data/ratis/a6256e88-404a-4232-be31-2f5942151154 does not exist. Creating ...
2019-09-25 12:06:03,324 [pool-557-thread-1] INFO  storage.RaftStorageDirectory (RaftStorageDirectory.java:tryLock(328)) - Lock on /workdir/hadoop-ozone/integration-test/target/test-dir/MiniOzoneClusterImpl-757e75c3-29a2-41d1-adb4-db6d7805a8c7/datanode-6/data/ratis/a6256e88-404a-4232-be31-2f5942151154/in_use.lock acquired by nodename 24979@pr-hdds-1569-shd4m-3693607622
2019-09-25 12:06:03,338 [pool-557-thread-1] INFO  storage.RaftStorage (RaftStorage.java:format(72)) - Storage directory /workdir/hadoop-ozone/integration-test/target/test-dir/MiniOzoneClusterImpl-757e75c3-29a2-41d1-adb4-db6d7805a8c7/datanode-6/data/ratis/a6256e88-404a-4232-be31-2f5942151154 has been successfully formatted.
2019-09-25 12:06:03,338 [pool-557-thread-1] INFO  ratis.ContainerStateMachine (ContainerStateMachine.java:loadSnapshot(230)) - group-2F5942151154: The snapshot info is null. Setting the last applied indexto:(t:0, i:~)
2019-09-25 12:06:03,338 [pool-557-thread-1] INFO  server.RaftServerConfigKeys (ConfUtils.java:logGet(43)) - raft.server.notification.no-leader.timeout = 120s (custom)
2019-09-25 12:06:03,338 [pool-557-thread-1] INFO  server.RaftServerConfigKeys (ConfUtils.java:logGet(43)) - raft.server.log.use.memory = false (default)
2019-09-25 12:06:03,338 [pool-557-thread-1] INFO  server.RaftServerConfigKeys (ConfUtils.java:logGet(43)) - raft.server.log.purge.gap = 1000000 (custom)
2019-09-25 12:06:03,338 [pool-557-thread-1] INFO  server.RaftServerConfigKeys (ConfUtils.java:logGet(43)) - raft.server.log.appender.buffer.byte-limit = 33554432 (custom)
2019-09-25 12:06:03,338 [pool-557-thread-1] INFO  server.RaftServerConfigKeys (ConfUtils.java:logGet(43)) - raft.server.log.segment.size.max = 1048576 (custom)
2019-09-25 12:06:03,339 [pool-557-thread-1] INFO  server.RaftServerConfigKeys (ConfUtils.java:logGet(43)) - raft.server.log.segment.cache.num.max = 2 (custom)
2019-09-25 12:06:03,339 [pool-557-thread-1] INFO  segmented.SegmentedRaftLogWorker (SegmentedRaftLogWorker.java:<init>(172)) - new 2594d298-a87d-48a4-bedb-7d37d8f76d4c@group-2F5942151154-SegmentedRaftLogWorker for RaftStorage:Storage Directory /workdir/hadoop-ozone/integration-test/target/test-dir/MiniOzoneClusterImpl-757e75c3-29a2-41d1-adb4-db6d7805a8c7/datanode-6/data/ratis/a6256e88-404a-4232-be31-2f5942151154
2019-09-25 12:06:03,339 [pool-557-thread-1] INFO  server.RaftServerConfigKeys (ConfUtils.java:logGet(43)) - raft.server.log.queue.byte-limit = 2147483647 (custom)
2019-09-25 12:06:03,339 [pool-557-thread-1] INFO  server.RaftServerConfigKeys (ConfUtils.java:logGet(43)) - raft.server.log.queue.element-limit = 1024 (custom)
2019-09-25 12:06:03,339 [pool-557-thread-1] INFO  server.RaftServerConfigKeys (ConfUtils.java:logGet(43)) - raft.server.log.segment.size.max = 1048576 (custom)
2019-09-25 12:06:03,339 [pool-557-thread-1] INFO  server.RaftServerConfigKeys (ConfUtils.java:logGet(43)) - raft.server.log.preallocated.size = 16384 (custom)
2019-09-25 12:06:03,339 [pool-557-thread-1] INFO  server.RaftServerConfigKeys (ConfUtils.java:logGet(43)) - raft.server.log.write.buffer.size = 33554432 (custom)
2019-09-25 12:06:03,339 [pool-557-thread-1] INFO  server.RaftServerConfigKeys (ConfUtils.java:logGet(43)) - raft.server.log.force.sync.num = 128 (default)
2019-09-25 12:06:03,339 [pool-557-thread-1] INFO  server.RaftServerConfigKeys (ConfUtils.java:logGet(43)) - raft.server.log.statemachine.data.sync = true (default)
2019-09-25 12:06:03,339 [pool-557-thread-1] INFO  server.RaftServerConfigKeys (ConfUtils.java:logGet(43)) - raft.server.log.statemachine.data.sync.timeout = 10s (default)
2019-09-25 12:06:03,339 [pool-557-thread-1] INFO  server.RaftServerConfigKeys (ConfUtils.java:logGet(43)) - raft.server.log.statemachine.data.sync.timeout.retry = -1 (default)
2019-09-25 12:06:03,340 [pool-557-thread-1] INFO  server.RaftServerConfigKeys (ConfUtils.java:logGet(43)) - raft.server.log.statemachine.data.caching.enabled = true (custom)
2019-09-25 12:06:03,340 [pool-557-thread-1] INFO  segmented.SegmentedRaftLogWorker (SegmentedRaftLogWorker.java:lambda$new$0(132)) - 2594d298-a87d-48a4-bedb-7d37d8f76d4c@group-2F5942151154-SegmentedRaftLogWorker: flushIndex: setUnconditionally 0 -> -1
2019-09-25 12:06:03,340 [pool-557-thread-1] INFO  server.RaftServerConfigKeys (ConfUtils.java:logGet(43)) - raft.server.snapshot.auto.trigger.enabled = true (custom)
2019-09-25 12:06:03,340 [pool-557-thread-1] INFO  server.RaftServerConfigKeys (ConfUtils.java:logGet(43)) - raft.server.snapshot.auto.trigger.threshold = 10000 (custom)
2019-09-25 12:06:03,340 [pool-557-thread-1] INFO  server.RaftServerConfigKeys (ConfUtils.java:logGet(43)) - raft.server.snapshot.retention.num.files = 5 (custom)
2019-09-25 12:06:03,340 [pool-557-thread-1] INFO  server.RaftServerConfigKeys (ConfUtils.java:logGet(43)) - raft.server.retrycache.expirytime = 600000ms (custom)
2019-09-25 12:06:03,341 [pool-557-thread-1] INFO  impl.RaftServerImpl (RaftServerImpl.java:start(185)) - 2594d298-a87d-48a4-bedb-7d37d8f76d4c@group-2F5942151154: start as a follower, conf=-1: [2594d298-a87d-48a4-bedb-7d37d8f76d4c:192.168.151.73:46535], old=null
2019-09-25 12:06:03,341 [pool-557-thread-1] INFO  impl.RaftServerImpl (RaftServerImpl.java:setRole(174)) - 2594d298-a87d-48a4-bedb-7d37d8f76d4c@group-2F5942151154: changes role from      null to FOLLOWER at term 0 for startAsFollower
2019-09-25 12:06:03,342 [pool-557-thread-1] INFO  impl.RoleInfo (RoleInfo.java:updateAndGet(143)) - 2594d298-a87d-48a4-bedb-7d37d8f76d4c: start FollowerState
2019-09-25 12:06:03,342 [pool-557-thread-1] INFO  util.JmxRegister (JmxRegister.java:tryRegister(44)) - Successfully registered JMX Bean with object name Ratis:service=RaftServer,group=group-2F5942151154,id=2594d298-a87d-48a4-bedb-7d37d8f76d4c
2019-09-25 12:06:03,343 [RatisPipelineUtilsThread] INFO  pipeline.PipelineStateManager (PipelineStateManager.java:addPipeline(56)) - Created pipeline Pipeline[ Id: a6256e88-404a-4232-be31-2f5942151154, Nodes: 2594d298-a87d-48a4-bedb-7d37d8f76d4c{ip: 192.168.151.73, host: pr-hdds-1569-shd4m-3693607622, networkLocation: /default-rack, certSerialId: null}, Type:RATIS, Factor:ONE, State:OPEN]
2019-09-25 12:06:03,343 [RatisPipelineUtilsThread] INFO  pipeline.PipelinePlacementPolicy (PipelinePlacementPolicy.java:meetCriteria(91)) - Pipeline Placement: can't place more pipeline on heavy datanode： 159c7809-d8ec-4cf8-a31c-e2f384cc14d2 Heaviness: 6 limit: 5
2019-09-25 12:06:03,343 [RatisPipelineUtilsThread] INFO  pipeline.PipelinePlacementPolicy (PipelinePlacementPolicy.java:meetCriteria(91)) - Pipeline Placement: can't place more pipeline on heavy datanode： 992d69e5-6cba-4869-b94d-c8d2dc420a77 Heaviness: 6 limit: 5
2019-09-25 12:06:03,343 [RatisPipelineUtilsThread] INFO  pipeline.PipelinePlacementPolicy (PipelinePlacementPolicy.java:meetCriteria(91)) - Pipeline Placement: can't place more pipeline on heavy datanode： 96c68fd9-263a-4bce-9480-8d54d9f28f1c Heaviness: 6 limit: 5
2019-09-25 12:06:03,344 [RatisPipelineUtilsThread] INFO  pipeline.PipelinePlacementPolicy (PipelinePlacementPolicy.java:meetCriteria(91)) - Pipeline Placement: can't place more pipeline on heavy datanode： 50493258-76a6-47fc-92c1-a180d5b1121a Heaviness: 6 limit: 5
2019-09-25 12:06:03,344 [RatisPipelineUtilsThread] INFO  pipeline.PipelinePlacementPolicy (PipelinePlacementPolicy.java:meetCriteria(91)) - Pipeline Placement: can't place more pipeline on heavy datanode： 2594d298-a87d-48a4-bedb-7d37d8f76d4c Heaviness: 6 limit: 5
2019-09-25 12:06:03,344 [RatisPipelineUtilsThread] INFO  pipeline.PipelinePlacementPolicy (PipelinePlacementPolicy.java:meetCriteria(91)) - Pipeline Placement: can't place more pipeline on heavy datanode： 2bd0627d-72ad-45ef-ab03-a55c09ad6c3a Heaviness: 6 limit: 5
2019-09-25 12:06:03,344 [RatisPipelineUtilsThread] INFO  pipeline.PipelinePlacementPolicy (PipelinePlacementPolicy.java:meetCriteria(91)) - Pipeline Placement: can't place more pipeline on heavy datanode： de2e4d40-31b5-4e53-8675-f16775b3ddb7 Heaviness: 6 limit: 5
2019-09-25 12:06:03,344 [RatisPipelineUtilsThread] ERROR pipeline.PipelinePlacementPolicy (PipelinePlacementPolicy.java:filterViableNodes(148)) - Unable to find enough nodes that meet the criteria that cannot engage in more than 5 pipelines. Nodes required: 1 Found: 0, healthy nodes count inNodeManager: 7.
2019-09-25 12:06:03,344 [RatisPipelineUtilsThread] ERROR pipeline.SCMPipelineManager (SCMPipelineManager.java:createPipeline(167)) - Pipeline creation failed.
org.apache.hadoop.hdds.scm.exceptions.SCMException: Unable to find enough nodes that meet the criteria that cannot engage in more than 5 pipelines. Nodes required: 1 Found: 0, healthy nodes count inNodeManager: 7.
	at org.apache.hadoop.hdds.scm.pipeline.PipelinePlacementPolicy.filterViableNodes(PipelinePlacementPolicy.java:149)
	at org.apache.hadoop.hdds.scm.pipeline.PipelinePlacementPolicy.chooseDatanodes(PipelinePlacementPolicy.java:172)
	at org.apache.hadoop.hdds.scm.pipeline.RatisPipelineProvider.create(RatisPipelineProvider.java:93)
	at org.apache.hadoop.hdds.scm.pipeline.PipelineFactory.create(PipelineFactory.java:58)
	at org.apache.hadoop.hdds.scm.pipeline.SCMPipelineManager.createPipeline(SCMPipelineManager.java:155)
	at org.apache.hadoop.hdds.scm.pipeline.BackgroundPipelineCreator.createPipelines(BackgroundPipelineCreator.java:99)
	at java.util.concurrent.Executors$RunnableAdapter.call(Executors.java:511)
	at java.util.concurrent.FutureTask.run(FutureTask.java:266)
	at java.util.concurrent.ScheduledThreadPoolExecutor$ScheduledFutureTask.access$201(ScheduledThreadPoolExecutor.java:180)
	at java.util.concurrent.ScheduledThreadPoolExecutor$ScheduledFutureTask.run(ScheduledThreadPoolExecutor.java:293)
	at java.util.concurrent.ThreadPoolExecutor.runWorker(ThreadPoolExecutor.java:1149)
	at java.util.concurrent.ThreadPoolExecutor$Worker.run(ThreadPoolExecutor.java:624)
	at java.lang.Thread.run(Thread.java:748)
2019-09-25 12:06:03,344 [RatisPipelineUtilsThread] INFO  pipeline.PipelinePlacementPolicy (PipelinePlacementPolicy.java:meetCriteria(91)) - Pipeline Placement: can't place more pipeline on heavy datanode： 159c7809-d8ec-4cf8-a31c-e2f384cc14d2 Heaviness: 6 limit: 5
2019-09-25 12:06:03,345 [RatisPipelineUtilsThread] INFO  pipeline.PipelinePlacementPolicy (PipelinePlacementPolicy.java:meetCriteria(91)) - Pipeline Placement: can't place more pipeline on heavy datanode： 992d69e5-6cba-4869-b94d-c8d2dc420a77 Heaviness: 6 limit: 5
2019-09-25 12:06:03,345 [RatisPipelineUtilsThread] INFO  pipeline.PipelinePlacementPolicy (PipelinePlacementPolicy.java:meetCriteria(91)) - Pipeline Placement: can't place more pipeline on heavy datanode： 96c68fd9-263a-4bce-9480-8d54d9f28f1c Heaviness: 6 limit: 5
2019-09-25 12:06:03,345 [RatisPipelineUtilsThread] INFO  pipeline.PipelinePlacementPolicy (PipelinePlacementPolicy.java:meetCriteria(91)) - Pipeline Placement: can't place more pipeline on heavy datanode： 50493258-76a6-47fc-92c1-a180d5b1121a Heaviness: 6 limit: 5
2019-09-25 12:06:03,345 [RatisPipelineUtilsThread] INFO  pipeline.PipelinePlacementPolicy (PipelinePlacementPolicy.java:meetCriteria(91)) - Pipeline Placement: can't place more pipeline on heavy datanode： 2594d298-a87d-48a4-bedb-7d37d8f76d4c Heaviness: 6 limit: 5
2019-09-25 12:06:03,345 [RatisPipelineUtilsThread] INFO  pipeline.PipelinePlacementPolicy (PipelinePlacementPolicy.java:meetCriteria(91)) - Pipeline Placement: can't place more pipeline on heavy datanode： 2bd0627d-72ad-45ef-ab03-a55c09ad6c3a Heaviness: 6 limit: 5
2019-09-25 12:06:03,345 [RatisPipelineUtilsThread] INFO  pipeline.PipelinePlacementPolicy (PipelinePlacementPolicy.java:meetCriteria(91)) - Pipeline Placement: can't place more pipeline on heavy datanode： de2e4d40-31b5-4e53-8675-f16775b3ddb7 Heaviness: 6 limit: 5
2019-09-25 12:06:03,345 [RatisPipelineUtilsThread] ERROR pipeline.PipelinePlacementPolicy (PipelinePlacementPolicy.java:filterViableNodes(148)) - Unable to find enough nodes that meet the criteria that cannot engage in more than 5 pipelines. Nodes required: 3 Found: 0, healthy nodes count inNodeManager: 7.
2019-09-25 12:06:03,345 [RatisPipelineUtilsThread] ERROR pipeline.SCMPipelineManager (SCMPipelineManager.java:createPipeline(167)) - Pipeline creation failed.
org.apache.hadoop.hdds.scm.exceptions.SCMException: Unable to find enough nodes that meet the criteria that cannot engage in more than 5 pipelines. Nodes required: 3 Found: 0, healthy nodes count inNodeManager: 7.
	at org.apache.hadoop.hdds.scm.pipeline.PipelinePlacementPolicy.filterViableNodes(PipelinePlacementPolicy.java:149)
	at org.apache.hadoop.hdds.scm.pipeline.PipelinePlacementPolicy.chooseDatanodes(PipelinePlacementPolicy.java:172)
	at org.apache.hadoop.hdds.scm.pipeline.RatisPipelineProvider.create(RatisPipelineProvider.java:93)
	at org.apache.hadoop.hdds.scm.pipeline.PipelineFactory.create(PipelineFactory.java:58)
	at org.apache.hadoop.hdds.scm.pipeline.SCMPipelineManager.createPipeline(SCMPipelineManager.java:155)
	at org.apache.hadoop.hdds.scm.pipeline.BackgroundPipelineCreator.createPipelines(BackgroundPipelineCreator.java:99)
	at java.util.concurrent.Executors$RunnableAdapter.call(Executors.java:511)
	at java.util.concurrent.FutureTask.run(FutureTask.java:266)
	at java.util.concurrent.ScheduledThreadPoolExecutor$ScheduledFutureTask.access$201(ScheduledThreadPoolExecutor.java:180)
	at java.util.concurrent.ScheduledThreadPoolExecutor$ScheduledFutureTask.run(ScheduledThreadPoolExecutor.java:293)
	at java.util.concurrent.ThreadPoolExecutor.runWorker(ThreadPoolExecutor.java:1149)
	at java.util.concurrent.ThreadPoolExecutor$Worker.run(ThreadPoolExecutor.java:624)
	at java.lang.Thread.run(Thread.java:748)
2019-09-25 12:06:03,346 [RatisPipelineUtilsThread] INFO  pipeline.PipelinePlacementPolicy (PipelinePlacementPolicy.java:meetCriteria(91)) - Pipeline Placement: can't place more pipeline on heavy datanode： 159c7809-d8ec-4cf8-a31c-e2f384cc14d2 Heaviness: 6 limit: 5
2019-09-25 12:06:03,346 [RatisPipelineUtilsThread] INFO  pipeline.PipelinePlacementPolicy (PipelinePlacementPolicy.java:meetCriteria(91)) - Pipeline Placement: can't place more pipeline on heavy datanode： 992d69e5-6cba-4869-b94d-c8d2dc420a77 Heaviness: 6 limit: 5
2019-09-25 12:06:03,346 [RatisPipelineUtilsThread] INFO  pipeline.PipelinePlacementPolicy (PipelinePlacementPolicy.java:meetCriteria(91)) - Pipeline Placement: can't place more pipeline on heavy datanode： 96c68fd9-263a-4bce-9480-8d54d9f28f1c Heaviness: 6 limit: 5
2019-09-25 12:06:03,346 [RatisPipelineUtilsThread] INFO  pipeline.PipelinePlacementPolicy (PipelinePlacementPolicy.java:meetCriteria(91)) - Pipeline Placement: can't place more pipeline on heavy datanode： 50493258-76a6-47fc-92c1-a180d5b1121a Heaviness: 6 limit: 5
2019-09-25 12:06:03,346 [RatisPipelineUtilsThread] INFO  pipeline.PipelinePlacementPolicy (PipelinePlacementPolicy.java:meetCriteria(91)) - Pipeline Placement: can't place more pipeline on heavy datanode： 2594d298-a87d-48a4-bedb-7d37d8f76d4c Heaviness: 6 limit: 5
2019-09-25 12:06:03,346 [RatisPipelineUtilsThread] INFO  pipeline.PipelinePlacementPolicy (PipelinePlacementPolicy.java:meetCriteria(91)) - Pipeline Placement: can't place more pipeline on heavy datanode： 2bd0627d-72ad-45ef-ab03-a55c09ad6c3a Heaviness: 6 limit: 5
2019-09-25 12:06:03,346 [RatisPipelineUtilsThread] INFO  pipeline.PipelinePlacementPolicy (PipelinePlacementPolicy.java:meetCriteria(91)) - Pipeline Placement: can't place more pipeline on heavy datanode： de2e4d40-31b5-4e53-8675-f16775b3ddb7 Heaviness: 6 limit: 5
2019-09-25 12:06:03,346 [RatisPipelineUtilsThread] ERROR pipeline.PipelinePlacementPolicy (PipelinePlacementPolicy.java:filterViableNodes(148)) - Unable to find enough nodes that meet the criteria that cannot engage in more than 5 pipelines. Nodes required: 1 Found: 0, healthy nodes count inNodeManager: 7.
2019-09-25 12:06:03,346 [RatisPipelineUtilsThread] ERROR pipeline.SCMPipelineManager (SCMPipelineManager.java:createPipeline(167)) - Pipeline creation failed.
org.apache.hadoop.hdds.scm.exceptions.SCMException: Unable to find enough nodes that meet the criteria that cannot engage in more than 5 pipelines. Nodes required: 1 Found: 0, healthy nodes count inNodeManager: 7.
	at org.apache.hadoop.hdds.scm.pipeline.PipelinePlacementPolicy.filterViableNodes(PipelinePlacementPolicy.java:149)
	at org.apache.hadoop.hdds.scm.pipeline.PipelinePlacementPolicy.chooseDatanodes(PipelinePlacementPolicy.java:172)
	at org.apache.hadoop.hdds.scm.pipeline.RatisPipelineProvider.create(RatisPipelineProvider.java:93)
	at org.apache.hadoop.hdds.scm.pipeline.PipelineFactory.create(PipelineFactory.java:58)
	at org.apache.hadoop.hdds.scm.pipeline.SCMPipelineManager.createPipeline(SCMPipelineManager.java:155)
	at org.apache.hadoop.hdds.scm.pipeline.BackgroundPipelineCreator.createPipelines(BackgroundPipelineCreator.java:99)
	at org.apache.hadoop.hdds.scm.pipeline.BackgroundPipelineCreator.lambda$startFixedIntervalPipelineCreator$0(BackgroundPipelineCreator.java:70)
	at java.util.concurrent.Executors$RunnableAdapter.call(Executors.java:511)
	at java.util.concurrent.FutureTask.runAndReset(FutureTask.java:308)
	at java.util.concurrent.ScheduledThreadPoolExecutor$ScheduledFutureTask.access$301(ScheduledThreadPoolExecutor.java:180)
	at java.util.concurrent.ScheduledThreadPoolExecutor$ScheduledFutureTask.run(ScheduledThreadPoolExecutor.java:294)
	at java.util.concurrent.ThreadPoolExecutor.runWorker(ThreadPoolExecutor.java:1149)
	at java.util.concurrent.ThreadPoolExecutor$Worker.run(ThreadPoolExecutor.java:624)
	at java.lang.Thread.run(Thread.java:748)
2019-09-25 12:06:03,347 [RatisPipelineUtilsThread] INFO  pipeline.PipelinePlacementPolicy (PipelinePlacementPolicy.java:meetCriteria(91)) - Pipeline Placement: can't place more pipeline on heavy datanode： 159c7809-d8ec-4cf8-a31c-e2f384cc14d2 Heaviness: 6 limit: 5
2019-09-25 12:06:03,347 [RatisPipelineUtilsThread] INFO  pipeline.PipelinePlacementPolicy (PipelinePlacementPolicy.java:meetCriteria(91)) - Pipeline Placement: can't place more pipeline on heavy datanode： 992d69e5-6cba-4869-b94d-c8d2dc420a77 Heaviness: 6 limit: 5
2019-09-25 12:06:03,347 [RatisPipelineUtilsThread] INFO  pipeline.PipelinePlacementPolicy (PipelinePlacementPolicy.java:meetCriteria(91)) - Pipeline Placement: can't place more pipeline on heavy datanode： 96c68fd9-263a-4bce-9480-8d54d9f28f1c Heaviness: 6 limit: 5
2019-09-25 12:06:03,347 [RatisPipelineUtilsThread] INFO  pipeline.PipelinePlacementPolicy (PipelinePlacementPolicy.java:meetCriteria(91)) - Pipeline Placement: can't place more pipeline on heavy datanode： 50493258-76a6-47fc-92c1-a180d5b1121a Heaviness: 6 limit: 5
2019-09-25 12:06:03,347 [RatisPipelineUtilsThread] INFO  pipeline.PipelinePlacementPolicy (PipelinePlacementPolicy.java:meetCriteria(91)) - Pipeline Placement: can't place more pipeline on heavy datanode： 2594d298-a87d-48a4-bedb-7d37d8f76d4c Heaviness: 6 limit: 5
2019-09-25 12:06:03,347 [RatisPipelineUtilsThread] INFO  pipeline.PipelinePlacementPolicy (PipelinePlacementPolicy.java:meetCriteria(91)) - Pipeline Placement: can't place more pipeline on heavy datanode： 2bd0627d-72ad-45ef-ab03-a55c09ad6c3a Heaviness: 6 limit: 5
2019-09-25 12:06:03,347 [RatisPipelineUtilsThread] INFO  pipeline.PipelinePlacementPolicy (PipelinePlacementPolicy.java:meetCriteria(91)) - Pipeline Placement: can't place more pipeline on heavy datanode： de2e4d40-31b5-4e53-8675-f16775b3ddb7 Heaviness: 6 limit: 5
2019-09-25 12:06:03,347 [RatisPipelineUtilsThread] ERROR pipeline.PipelinePlacementPolicy (PipelinePlacementPolicy.java:filterViableNodes(148)) - Unable to find enough nodes that meet the criteria that cannot engage in more than 5 pipelines. Nodes required: 3 Found: 0, healthy nodes count inNodeManager: 7.
2019-09-25 12:06:03,347 [RatisPipelineUtilsThread] ERROR pipeline.SCMPipelineManager (SCMPipelineManager.java:createPipeline(167)) - Pipeline creation failed.
org.apache.hadoop.hdds.scm.exceptions.SCMException: Unable to find enough nodes that meet the criteria that cannot engage in more than 5 pipelines. Nodes required: 3 Found: 0, healthy nodes count inNodeManager: 7.
	at org.apache.hadoop.hdds.scm.pipeline.PipelinePlacementPolicy.filterViableNodes(PipelinePlacementPolicy.java:149)
	at org.apache.hadoop.hdds.scm.pipeline.PipelinePlacementPolicy.chooseDatanodes(PipelinePlacementPolicy.java:172)
	at org.apache.hadoop.hdds.scm.pipeline.RatisPipelineProvider.create(RatisPipelineProvider.java:93)
	at org.apache.hadoop.hdds.scm.pipeline.PipelineFactory.create(PipelineFactory.java:58)
	at org.apache.hadoop.hdds.scm.pipeline.SCMPipelineManager.createPipeline(SCMPipelineManager.java:155)
	at org.apache.hadoop.hdds.scm.pipeline.BackgroundPipelineCreator.createPipelines(BackgroundPipelineCreator.java:99)
	at org.apache.hadoop.hdds.scm.pipeline.BackgroundPipelineCreator.lambda$startFixedIntervalPipelineCreator$0(BackgroundPipelineCreator.java:70)
	at java.util.concurrent.Executors$RunnableAdapter.call(Executors.java:511)
	at java.util.concurrent.FutureTask.runAndReset(FutureTask.java:308)
	at java.util.concurrent.ScheduledThreadPoolExecutor$ScheduledFutureTask.access$301(ScheduledThreadPoolExecutor.java:180)
	at java.util.concurrent.ScheduledThreadPoolExecutor$ScheduledFutureTask.run(ScheduledThreadPoolExecutor.java:294)
	at java.util.concurrent.ThreadPoolExecutor.runWorker(ThreadPoolExecutor.java:1149)
	at java.util.concurrent.ThreadPoolExecutor$Worker.run(ThreadPoolExecutor.java:624)
	at java.lang.Thread.run(Thread.java:748)
2019-09-25 12:06:03,348 [IPC Server handler 6 on 38641] INFO  pipeline.PipelinePlacementPolicy (PipelinePlacementPolicy.java:meetCriteria(91)) - Pipeline Placement: can't place more pipeline on heavy datanode： 159c7809-d8ec-4cf8-a31c-e2f384cc14d2 Heaviness: 6 limit: 5
2019-09-25 12:06:03,348 [IPC Server handler 6 on 38641] INFO  pipeline.PipelinePlacementPolicy (PipelinePlacementPolicy.java:meetCriteria(91)) - Pipeline Placement: can't place more pipeline on heavy datanode： 992d69e5-6cba-4869-b94d-c8d2dc420a77 Heaviness: 6 limit: 5
2019-09-25 12:06:03,348 [IPC Server handler 6 on 38641] INFO  pipeline.PipelinePlacementPolicy (PipelinePlacementPolicy.java:meetCriteria(91)) - Pipeline Placement: can't place more pipeline on heavy datanode： 96c68fd9-263a-4bce-9480-8d54d9f28f1c Heaviness: 6 limit: 5
2019-09-25 12:06:03,349 [IPC Server handler 6 on 38641] INFO  pipeline.PipelinePlacementPolicy (PipelinePlacementPolicy.java:meetCriteria(91)) - Pipeline Placement: can't place more pipeline on heavy datanode： 50493258-76a6-47fc-92c1-a180d5b1121a Heaviness: 6 limit: 5
2019-09-25 12:06:03,349 [IPC Server handler 6 on 38641] INFO  pipeline.PipelinePlacementPolicy (PipelinePlacementPolicy.java:meetCriteria(91)) - Pipeline Placement: can't place more pipeline on heavy datanode： 2594d298-a87d-48a4-bedb-7d37d8f76d4c Heaviness: 6 limit: 5
2019-09-25 12:06:03,349 [IPC Server handler 6 on 38641] INFO  pipeline.PipelinePlacementPolicy (PipelinePlacementPolicy.java:meetCriteria(91)) - Pipeline Placement: can't place more pipeline on heavy datanode： 2bd0627d-72ad-45ef-ab03-a55c09ad6c3a Heaviness: 6 limit: 5
2019-09-25 12:06:03,349 [IPC Server handler 6 on 38641] INFO  pipeline.PipelinePlacementPolicy (PipelinePlacementPolicy.java:meetCriteria(91)) - Pipeline Placement: can't place more pipeline on heavy datanode： de2e4d40-31b5-4e53-8675-f16775b3ddb7 Heaviness: 6 limit: 5
2019-09-25 12:06:03,350 [IPC Server handler 6 on 38641] ERROR pipeline.PipelinePlacementPolicy (PipelinePlacementPolicy.java:filterViableNodes(148)) - Unable to find enough nodes that meet the criteria that cannot engage in more than 5 pipelines. Nodes required: 3 Found: 0, healthy nodes count inNodeManager: 7.
2019-09-25 12:06:03,350 [IPC Server handler 6 on 38641] ERROR pipeline.SCMPipelineManager (SCMPipelineManager.java:createPipeline(167)) - Pipeline creation failed.
org.apache.hadoop.hdds.scm.exceptions.SCMException: Unable to find enough nodes that meet the criteria that cannot engage in more than 5 pipelines. Nodes required: 3 Found: 0, healthy nodes count inNodeManager: 7.
	at org.apache.hadoop.hdds.scm.pipeline.PipelinePlacementPolicy.filterViableNodes(PipelinePlacementPolicy.java:149)
	at org.apache.hadoop.hdds.scm.pipeline.PipelinePlacementPolicy.chooseDatanodes(PipelinePlacementPolicy.java:172)
	at org.apache.hadoop.hdds.scm.pipeline.RatisPipelineProvider.create(RatisPipelineProvider.java:93)
	at org.apache.hadoop.hdds.scm.pipeline.PipelineFactory.create(PipelineFactory.java:58)
	at org.apache.hadoop.hdds.scm.pipeline.SCMPipelineManager.createPipeline(SCMPipelineManager.java:155)
	at org.apache.hadoop.hdds.scm.block.BlockManagerImpl.allocateBlock(BlockManagerImpl.java:190)
	at org.apache.hadoop.hdds.scm.server.SCMBlockProtocolServer.allocateBlock(SCMBlockProtocolServer.java:182)
	at org.apache.hadoop.ozone.protocolPB.ScmBlockLocationProtocolServerSideTranslatorPB.allocateScmBlock(ScmBlockLocationProtocolServerSideTranslatorPB.java:183)
	at org.apache.hadoop.ozone.protocolPB.ScmBlockLocationProtocolServerSideTranslatorPB.processMessage(ScmBlockLocationProtocolServerSideTranslatorPB.java:141)
	at org.apache.hadoop.ozone.protocolPB.ScmBlockLocationProtocolServerSideTranslatorPB.send(ScmBlockLocationProtocolServerSideTranslatorPB.java:116)
	at org.apache.hadoop.hdds.protocol.proto.ScmBlockLocationProtocolProtos$ScmBlockLocationProtocolService$2.callBlockingMethod(ScmBlockLocationProtocolProtos.java:13157)
	at org.apache.hadoop.ipc.ProtobufRpcEngine$Server$ProtoBufRpcInvoker.call(ProtobufRpcEngine.java:524)
	at org.apache.hadoop.ipc.RPC$Server.call(RPC.java:1025)
	at org.apache.hadoop.ipc.Server$RpcCall.run(Server.java:876)
	at org.apache.hadoop.ipc.Server$RpcCall.run(Server.java:822)
	at java.security.AccessController.doPrivileged(Native Method)
	at javax.security.auth.Subject.doAs(Subject.java:422)
	at org.apache.hadoop.security.UserGroupInformation.doAs(UserGroupInformation.java:1730)
	at org.apache.hadoop.ipc.Server$Handler.run(Server.java:2682)
2019-09-25 12:06:03,350 [IPC Server handler 6 on 38641] WARN  block.BlockManagerImpl (BlockManagerImpl.java:allocateBlock(192)) - Pipeline creation failed for type:RATIS factor:THREE. Retrying get pipelines call once.
org.apache.hadoop.hdds.scm.exceptions.SCMException: Unable to find enough nodes that meet the criteria that cannot engage in more than 5 pipelines. Nodes required: 3 Found: 0, healthy nodes count inNodeManager: 7.
	at org.apache.hadoop.hdds.scm.pipeline.PipelinePlacementPolicy.filterViableNodes(PipelinePlacementPolicy.java:149)
	at org.apache.hadoop.hdds.scm.pipeline.PipelinePlacementPolicy.chooseDatanodes(PipelinePlacementPolicy.java:172)
	at org.apache.hadoop.hdds.scm.pipeline.RatisPipelineProvider.create(RatisPipelineProvider.java:93)
	at org.apache.hadoop.hdds.scm.pipeline.PipelineFactory.create(PipelineFactory.java:58)
	at org.apache.hadoop.hdds.scm.pipeline.SCMPipelineManager.createPipeline(SCMPipelineManager.java:155)
	at org.apache.hadoop.hdds.scm.block.BlockManagerImpl.allocateBlock(BlockManagerImpl.java:190)
	at org.apache.hadoop.hdds.scm.server.SCMBlockProtocolServer.allocateBlock(SCMBlockProtocolServer.java:182)
	at org.apache.hadoop.ozone.protocolPB.ScmBlockLocationProtocolServerSideTranslatorPB.allocateScmBlock(ScmBlockLocationProtocolServerSideTranslatorPB.java:183)
	at org.apache.hadoop.ozone.protocolPB.ScmBlockLocationProtocolServerSideTranslatorPB.processMessage(ScmBlockLocationProtocolServerSideTranslatorPB.java:141)
	at org.apache.hadoop.ozone.protocolPB.ScmBlockLocationProtocolServerSideTranslatorPB.send(ScmBlockLocationProtocolServerSideTranslatorPB.java:116)
	at org.apache.hadoop.hdds.protocol.proto.ScmBlockLocationProtocolProtos$ScmBlockLocationProtocolService$2.callBlockingMethod(ScmBlockLocationProtocolProtos.java:13157)
	at org.apache.hadoop.ipc.ProtobufRpcEngine$Server$ProtoBufRpcInvoker.call(ProtobufRpcEngine.java:524)
	at org.apache.hadoop.ipc.RPC$Server.call(RPC.java:1025)
	at org.apache.hadoop.ipc.Server$RpcCall.run(Server.java:876)
	at org.apache.hadoop.ipc.Server$RpcCall.run(Server.java:822)
	at java.security.AccessController.doPrivileged(Native Method)
	at javax.security.auth.Subject.doAs(Subject.java:422)
	at org.apache.hadoop.security.UserGroupInformation.doAs(UserGroupInformation.java:1730)
	at org.apache.hadoop.ipc.Server$Handler.run(Server.java:2682)
2019-09-25 12:06:03,351 [IPC Server handler 6 on 38641] INFO  block.BlockManagerImpl (BlockManagerImpl.java:allocateBlock(198)) - Could not find available pipeline of type:RATIS and factor:THREE even after retrying
2019-09-25 12:06:03,351 [IPC Server handler 6 on 38641] ERROR block.BlockManagerImpl (BlockManagerImpl.java:allocateBlock(222)) - Unable to allocate a block for the size: 800, type: RATIS, factor: THREE
2019-09-25 12:06:03,352 [main] INFO  ozone.MiniOzoneClusterImpl (MiniOzoneClusterImpl.java:shutdown(314)) - Shutting down the Mini Ozone Cluster
2019-09-25 12:06:03,353 [main] INFO  ozone.MiniOzoneClusterImpl (MiniOzoneClusterImpl.java:stop(330)) - Stopping the Mini Ozone Cluster
2019-09-25 12:06:03,353 [main] INFO  ozone.MiniOzoneClusterImpl (MiniOzoneClusterImpl.java:stopOM(400)) - Stopping the OzoneManager
2019-09-25 12:06:03,353 [main] INFO  ipc.Server (Server.java:stop(3082)) - Stopping server on 44353
2019-09-25 12:06:03,364 [IPC Server listener on 44353] INFO  ipc.Server (Server.java:run(1185)) - Stopping IPC Server listener on 44353
2019-09-25 12:06:03,369 [IPC Server Responder] INFO  ipc.Server (Server.java:run(1319)) - Stopping IPC Server Responder
2019-09-25 12:06:03,364 [main] INFO  ratis.OzoneManagerDoubleBuffer (OzoneManagerDoubleBuffer.java:stop(248)) - Stopping OMDoubleBuffer flush thread
2019-09-25 12:06:03,391 [OMDoubleBufferFlushThread] INFO  ratis.OzoneManagerDoubleBuffer (OzoneManagerDoubleBuffer.java:flushTransactions(191)) - OMDoubleBuffer flush thread OMDoubleBufferFlushThread is interrupted and will exit. OMDoubleBufferFlushThread
2019-09-25 12:06:03,418 [main] INFO  utils.BackgroundService (BackgroundService.java:shutdown(148)) - Shutting down service KeyDeletingService
2019-09-25 12:06:03,419 [main] INFO  handler.ContextHandler (ContextHandler.java:doStop(910)) - Stopped o.e.j.w.WebAppContext@34cd65ac{/,null,UNAVAILABLE}{/ozoneManager}
2019-09-25 12:06:03,420 [main] INFO  server.AbstractConnector (AbstractConnector.java:doStop(318)) - Stopped ServerConnector@61911947{HTTP/1.1,[http/1.1]}{0.0.0.0:0}
2019-09-25 12:06:03,420 [main] INFO  handler.ContextHandler (ContextHandler.java:doStop(910)) - Stopped o.e.j.s.ServletContextHandler@1b31af02{/static,file:///workdir/hadoop-ozone/integration-test/target/test-classes/webapps/static,UNAVAILABLE}
2019-09-25 12:06:03,420 [main] INFO  handler.ContextHandler (ContextHandler.java:doStop(910)) - Stopped o.e.j.s.ServletContextHandler@77fc19cf{/logs,file:///workdir/hadoop-ozone/integration-test/target/log,UNAVAILABLE}
2019-09-25 12:06:03,423 [main] INFO  ozone.MiniOzoneClusterImpl (MiniOzoneClusterImpl.java:stopDatanodes(377)) - Stopping the HddsDatanodes
2019-09-25 12:06:03,725 [Datanode State Machine Thread - 0] INFO  statemachine.DatanodeStateMachine (DatanodeStateMachine.java:lambda$startDaemon$0(350)) - Ozone container server started.
2019-09-25 12:06:03,978 [Datanode State Machine Thread - 0] INFO  statemachine.DatanodeStateMachine (DatanodeStateMachine.java:lambda$startDaemon$0(350)) - Ozone container server started.
2019-09-25 12:06:04,662 [Thread-3085] INFO  container.ReplicationManager (ReplicationManager.java:start(163)) - Starting Replication Monitor Thread.
2019-09-25 12:06:04,666 [ReplicationMonitor] INFO  container.ReplicationManager (ReplicationManager.java:run(226)) - Replication Monitor Thread took 0 milliseconds for processing 0 containers.
2019-09-25 12:06:06,728 [EventQueue-StaleNodeForStaleNodeHandler] INFO  node.StaleNodeHandler (StaleNodeHandler.java:onMessage(58)) - Datanode de2e4d40-31b5-4e53-8675-f16775b3ddb7{ip: 192.168.151.73, host: pr-hdds-1569-shd4m-3693607622, networkLocation: /default-rack, certSerialId: null} moved to stale state. Finalizing its pipelines [PipelineID=0f8e071a-6168-4773-a18a-53b5cec05f10, PipelineID=2e387404-9032-4672-91cf-d20a09e9e1e1, PipelineID=9e99fa8f-a7b3-4b83-b66a-5588d645ad65, PipelineID=7daee3ba-9d3c-4d10-9f31-b34c45c00cc2, PipelineID=d16fd746-e728-43fa-b00f-b46aacecac68, PipelineID=a9b14e7e-3761-4102-95ac-d10484b12f98]
2019-09-25 12:06:06,729 [EventQueue-StaleNodeForStaleNodeHandler] INFO  pipeline.SCMPipelineManager (SCMPipelineManager.java:finalizeAndDestroyPipeline(316)) - destroying pipeline:Pipeline[ Id: 0f8e071a-6168-4773-a18a-53b5cec05f10, Nodes: de2e4d40-31b5-4e53-8675-f16775b3ddb7{ip: 192.168.151.73, host: pr-hdds-1569-shd4m-3693607622, networkLocation: /default-rack, certSerialId: null}, Type:RATIS, Factor:ONE, State:OPEN]
2019-09-25 12:06:06,729 [EventQueue-StaleNodeForStaleNodeHandler] INFO  pipeline.PipelineStateManager (PipelineStateManager.java:finalizePipeline(123)) - Pipeline Pipeline[ Id: 0f8e071a-6168-4773-a18a-53b5cec05f10, Nodes: de2e4d40-31b5-4e53-8675-f16775b3ddb7{ip: 192.168.151.73, host: pr-hdds-1569-shd4m-3693607622, networkLocation: /default-rack, certSerialId: null}, Type:RATIS, Factor:ONE, State:CLOSED] moved to CLOSED state
2019-09-25 12:06:06,730 [EventQueue-StaleNodeForStaleNodeHandler] INFO  pipeline.SCMPipelineManager (SCMPipelineManager.java:finalizeAndDestroyPipeline(316)) - destroying pipeline:Pipeline[ Id: 2e387404-9032-4672-91cf-d20a09e9e1e1, Nodes: de2e4d40-31b5-4e53-8675-f16775b3ddb7{ip: 192.168.151.73, host: pr-hdds-1569-shd4m-3693607622, networkLocation: /default-rack, certSerialId: null}, Type:RATIS, Factor:ONE, State:OPEN]
2019-09-25 12:06:06,730 [EventQueue-StaleNodeForStaleNodeHandler] INFO  pipeline.PipelineStateManager (PipelineStateManager.java:finalizePipeline(123)) - Pipeline Pipeline[ Id: 2e387404-9032-4672-91cf-d20a09e9e1e1, Nodes: de2e4d40-31b5-4e53-8675-f16775b3ddb7{ip: 192.168.151.73, host: pr-hdds-1569-shd4m-3693607622, networkLocation: /default-rack, certSerialId: null}, Type:RATIS, Factor:ONE, State:CLOSED] moved to CLOSED state
2019-09-25 12:06:06,730 [EventQueue-StaleNodeForStaleNodeHandler] INFO  pipeline.SCMPipelineManager (SCMPipelineManager.java:finalizeAndDestroyPipeline(316)) - destroying pipeline:Pipeline[ Id: 9e99fa8f-a7b3-4b83-b66a-5588d645ad65, Nodes: de2e4d40-31b5-4e53-8675-f16775b3ddb7{ip: 192.168.151.73, host: pr-hdds-1569-shd4m-3693607622, networkLocation: /default-rack, certSerialId: null}, Type:RATIS, Factor:ONE, State:OPEN]
2019-09-25 12:06:06,730 [EventQueue-StaleNodeForStaleNodeHandler] INFO  pipeline.PipelineStateManager (PipelineStateManager.java:finalizePipeline(123)) - Pipeline Pipeline[ Id: 9e99fa8f-a7b3-4b83-b66a-5588d645ad65, Nodes: de2e4d40-31b5-4e53-8675-f16775b3ddb7{ip: 192.168.151.73, host: pr-hdds-1569-shd4m-3693607622, networkLocation: /default-rack, certSerialId: null}, Type:RATIS, Factor:ONE, State:CLOSED] moved to CLOSED state
2019-09-25 12:06:06,731 [EventQueue-StaleNodeForStaleNodeHandler] INFO  pipeline.SCMPipelineManager (SCMPipelineManager.java:finalizeAndDestroyPipeline(316)) - destroying pipeline:Pipeline[ Id: 7daee3ba-9d3c-4d10-9f31-b34c45c00cc2, Nodes: de2e4d40-31b5-4e53-8675-f16775b3ddb7{ip: 192.168.151.73, host: pr-hdds-1569-shd4m-3693607622, networkLocation: /default-rack, certSerialId: null}, Type:RATIS, Factor:ONE, State:OPEN]
2019-09-25 12:06:06,731 [EventQueue-StaleNodeForStaleNodeHandler] INFO  pipeline.PipelineStateManager (PipelineStateManager.java:finalizePipeline(123)) - Pipeline Pipeline[ Id: 7daee3ba-9d3c-4d10-9f31-b34c45c00cc2, Nodes: de2e4d40-31b5-4e53-8675-f16775b3ddb7{ip: 192.168.151.73, host: pr-hdds-1569-shd4m-3693607622, networkLocation: /default-rack, certSerialId: null}, Type:RATIS, Factor:ONE, State:CLOSED] moved to CLOSED state
2019-09-25 12:06:06,731 [EventQueue-StaleNodeForStaleNodeHandler] INFO  pipeline.SCMPipelineManager (SCMPipelineManager.java:finalizeAndDestroyPipeline(316)) - destroying pipeline:Pipeline[ Id: d16fd746-e728-43fa-b00f-b46aacecac68, Nodes: de2e4d40-31b5-4e53-8675-f16775b3ddb7{ip: 192.168.151.73, host: pr-hdds-1569-shd4m-3693607622, networkLocation: /default-rack, certSerialId: null}, Type:RATIS, Factor:ONE, State:OPEN]
2019-09-25 12:06:06,731 [EventQueue-StaleNodeForStaleNodeHandler] INFO  pipeline.PipelineStateManager (PipelineStateManager.java:finalizePipeline(123)) - Pipeline Pipeline[ Id: d16fd746-e728-43fa-b00f-b46aacecac68, Nodes: de2e4d40-31b5-4e53-8675-f16775b3ddb7{ip: 192.168.151.73, host: pr-hdds-1569-shd4m-3693607622, networkLocation: /default-rack, certSerialId: null}, Type:RATIS, Factor:ONE, State:CLOSED] moved to CLOSED state
2019-09-25 12:06:06,731 [EventQueue-StaleNodeForStaleNodeHandler] INFO  pipeline.SCMPipelineManager (SCMPipelineManager.java:finalizeAndDestroyPipeline(316)) - destroying pipeline:Pipeline[ Id: a9b14e7e-3761-4102-95ac-d10484b12f98, Nodes: de2e4d40-31b5-4e53-8675-f16775b3ddb7{ip: 192.168.151.73, host: pr-hdds-1569-shd4m-3693607622, networkLocation: /default-rack, certSerialId: null}, Type:RATIS, Factor:ONE, State:OPEN]
2019-09-25 12:06:06,731 [EventQueue-StaleNodeForStaleNodeHandler] INFO  pipeline.PipelineStateManager (PipelineStateManager.java:finalizePipeline(123)) - Pipeline Pipeline[ Id: a9b14e7e-3761-4102-95ac-d10484b12f98, Nodes: de2e4d40-31b5-4e53-8675-f16775b3ddb7{ip: 192.168.151.73, host: pr-hdds-1569-shd4m-3693607622, networkLocation: /default-rack, certSerialId: null}, Type:RATIS, Factor:ONE, State:CLOSED] moved to CLOSED state
2019-09-25 12:06:06,766 [Thread-3087] INFO  impl.FollowerState (FollowerState.java:run(106)) - 159c7809-d8ec-4cf8-a31c-e2f384cc14d2:group-3C0FEC3E1274 changes to CANDIDATE, lastRpcTime:5035, electionTimeout:5035ms
2019-09-25 12:06:06,774 [Thread-3087] INFO  impl.RoleInfo (RoleInfo.java:shutdownFollowerState(121)) - 159c7809-d8ec-4cf8-a31c-e2f384cc14d2: shutdown FollowerState
2019-09-25 12:06:06,774 [Thread-3087] INFO  impl.RaftServerImpl (RaftServerImpl.java:setRole(174)) - 159c7809-d8ec-4cf8-a31c-e2f384cc14d2@group-3C0FEC3E1274: changes role from  FOLLOWER to CANDIDATE at term 0 for changeToCandidate
2019-09-25 12:06:06,775 [Thread-3087] INFO  impl.RoleInfo (RoleInfo.java:updateAndGet(143)) - 159c7809-d8ec-4cf8-a31c-e2f384cc14d2: start LeaderElection
2019-09-25 12:06:06,791 [159c7809-d8ec-4cf8-a31c-e2f384cc14d2@group-3C0FEC3E1274:LeaderElection220] INFO  impl.LeaderElection (LeaderElection.java:askForVotes(182)) - 159c7809-d8ec-4cf8-a31c-e2f384cc14d2@group-3C0FEC3E1274:LeaderElection220: begin an election at term 1 for -1: [159c7809-d8ec-4cf8-a31c-e2f384cc14d2:192.168.151.73:46254], old=null
2019-09-25 12:06:06,791 [159c7809-d8ec-4cf8-a31c-e2f384cc14d2@group-3C0FEC3E1274:LeaderElection220] INFO  impl.RoleInfo (RoleInfo.java:shutdownLeaderElection(134)) - 159c7809-d8ec-4cf8-a31c-e2f384cc14d2: shutdown LeaderElection
2019-09-25 12:06:06,791 [159c7809-d8ec-4cf8-a31c-e2f384cc14d2@group-3C0FEC3E1274:LeaderElection220] INFO  impl.RaftServerImpl (RaftServerImpl.java:setRole(174)) - 159c7809-d8ec-4cf8-a31c-e2f384cc14d2@group-3C0FEC3E1274: changes role from CANDIDATE to LEADER at term 1 for changeToLeader
2019-09-25 12:06:06,792 [159c7809-d8ec-4cf8-a31c-e2f384cc14d2@group-3C0FEC3E1274:LeaderElection220] INFO  impl.RaftServerImpl (ServerState.java:setLeader(253)) - 159c7809-d8ec-4cf8-a31c-e2f384cc14d2@group-3C0FEC3E1274: change Leader from null to 159c7809-d8ec-4cf8-a31c-e2f384cc14d2 at term 1 for becomeLeader, leader elected after 5067ms
2019-09-25 12:06:06,792 [159c7809-d8ec-4cf8-a31c-e2f384cc14d2@group-3C0FEC3E1274:LeaderElection220] INFO  server.RaftServerConfigKeys (ConfUtils.java:logGet(43)) - raft.server.staging.catchup.gap = 1000 (default)
2019-09-25 12:06:06,792 [159c7809-d8ec-4cf8-a31c-e2f384cc14d2@group-3C0FEC3E1274:LeaderElection220] INFO  server.RaftServerConfigKeys (ConfUtils.java:logGet(43)) - raft.server.rpc.sleep.time = 25ms (default)
2019-09-25 12:06:06,792 [159c7809-d8ec-4cf8-a31c-e2f384cc14d2@group-3C0FEC3E1274:LeaderElection220] INFO  server.RaftServerConfigKeys (ConfUtils.java:logGet(43)) - raft.server.write.element-limit = 4096 (default)
2019-09-25 12:06:06,793 [159c7809-d8ec-4cf8-a31c-e2f384cc14d2@group-3C0FEC3E1274:LeaderElection220] INFO  server.RaftServerConfigKeys (ConfUtils.java:logGet(43)) - raft.server.watch.timeout = 10s (default)
2019-09-25 12:06:06,793 [159c7809-d8ec-4cf8-a31c-e2f384cc14d2@group-3C0FEC3E1274:LeaderElection220] INFO  server.RaftServerConfigKeys (ConfUtils.java:logGet(43)) - raft.server.watch.timeout.denomination = 1s (default)
2019-09-25 12:06:06,793 [159c7809-d8ec-4cf8-a31c-e2f384cc14d2@group-3C0FEC3E1274:LeaderElection220] INFO  server.RaftServerConfigKeys (ConfUtils.java:logGet(43)) - raft.server.watch.element-limit = 65536 (default)
2019-09-25 12:06:06,796 [159c7809-d8ec-4cf8-a31c-e2f384cc14d2@group-3C0FEC3E1274:LeaderElection220] INFO  impl.RoleInfo (RoleInfo.java:updateAndGet(143)) - 159c7809-d8ec-4cf8-a31c-e2f384cc14d2: start LeaderState
2019-09-25 12:06:06,797 [159c7809-d8ec-4cf8-a31c-e2f384cc14d2@group-3C0FEC3E1274:LeaderElection220] INFO  segmented.SegmentedRaftLogWorker (SegmentedRaftLogWorker.java:startLogSegment(380)) - 159c7809-d8ec-4cf8-a31c-e2f384cc14d2@group-3C0FEC3E1274-SegmentedRaftLogWorker: Starting segment from index:0
2019-09-25 12:06:06,798 [159c7809-d8ec-4cf8-a31c-e2f384cc14d2@group-3C0FEC3E1274:LeaderElection220] INFO  impl.RaftServerImpl (ServerState.java:setRaftConf(354)) - 159c7809-d8ec-4cf8-a31c-e2f384cc14d2@group-3C0FEC3E1274: set configuration 0: [159c7809-d8ec-4cf8-a31c-e2f384cc14d2:192.168.151.73:46254], old=null at 0
2019-09-25 12:06:06,842 [159c7809-d8ec-4cf8-a31c-e2f384cc14d2@group-3C0FEC3E1274-SegmentedRaftLogWorker] INFO  segmented.SegmentedRaftLogWorker (SegmentedRaftLogWorker.java:execute(569)) - 159c7809-d8ec-4cf8-a31c-e2f384cc14d2@group-3C0FEC3E1274-SegmentedRaftLogWorker: created new log segment /workdir/hadoop-ozone/integration-test/target/test-dir/MiniOzoneClusterImpl-757e75c3-29a2-41d1-adb4-db6d7805a8c7/datanode-0/data/ratis/6fc25d08-0d76-44bb-b3dd-3c0fec3e1274/current/log_inprogress_0
2019-09-25 12:06:06,852 [Thread-3090] INFO  impl.FollowerState (FollowerState.java:run(106)) - 159c7809-d8ec-4cf8-a31c-e2f384cc14d2:group-07DB10D4AEAD changes to CANDIDATE, lastRpcTime:5084, electionTimeout:5084ms
2019-09-25 12:06:06,852 [Thread-3090] INFO  impl.RoleInfo (RoleInfo.java:shutdownFollowerState(121)) - 159c7809-d8ec-4cf8-a31c-e2f384cc14d2: shutdown FollowerState
2019-09-25 12:06:06,853 [Thread-3090] INFO  impl.RaftServerImpl (RaftServerImpl.java:setRole(174)) - 159c7809-d8ec-4cf8-a31c-e2f384cc14d2@group-07DB10D4AEAD: changes role from  FOLLOWER to CANDIDATE at term 0 for changeToCandidate
2019-09-25 12:06:06,853 [Thread-3090] INFO  impl.RoleInfo (RoleInfo.java:updateAndGet(143)) - 159c7809-d8ec-4cf8-a31c-e2f384cc14d2: start LeaderElection
2019-09-25 12:06:06,863 [159c7809-d8ec-4cf8-a31c-e2f384cc14d2@group-07DB10D4AEAD:LeaderElection221] INFO  impl.LeaderElection (LeaderElection.java:askForVotes(182)) - 159c7809-d8ec-4cf8-a31c-e2f384cc14d2@group-07DB10D4AEAD:LeaderElection221: begin an election at term 1 for -1: [159c7809-d8ec-4cf8-a31c-e2f384cc14d2:192.168.151.73:46254], old=null
2019-09-25 12:06:06,863 [159c7809-d8ec-4cf8-a31c-e2f384cc14d2@group-07DB10D4AEAD:LeaderElection221] INFO  impl.RoleInfo (RoleInfo.java:shutdownLeaderElection(134)) - 159c7809-d8ec-4cf8-a31c-e2f384cc14d2: shutdown LeaderElection
2019-09-25 12:06:06,863 [159c7809-d8ec-4cf8-a31c-e2f384cc14d2@group-07DB10D4AEAD:LeaderElection221] INFO  impl.RaftServerImpl (RaftServerImpl.java:setRole(174)) - 159c7809-d8ec-4cf8-a31c-e2f384cc14d2@group-07DB10D4AEAD: changes role from CANDIDATE to LEADER at term 1 for changeToLeader
2019-09-25 12:06:06,863 [159c7809-d8ec-4cf8-a31c-e2f384cc14d2@group-07DB10D4AEAD:LeaderElection221] INFO  impl.RaftServerImpl (ServerState.java:setLeader(253)) - 159c7809-d8ec-4cf8-a31c-e2f384cc14d2@group-07DB10D4AEAD: change Leader from null to 159c7809-d8ec-4cf8-a31c-e2f384cc14d2 at term 1 for becomeLeader, leader elected after 5098ms
2019-09-25 12:06:06,863 [159c7809-d8ec-4cf8-a31c-e2f384cc14d2@group-07DB10D4AEAD:LeaderElection221] INFO  server.RaftServerConfigKeys (ConfUtils.java:logGet(43)) - raft.server.staging.catchup.gap = 1000 (default)
2019-09-25 12:06:06,863 [159c7809-d8ec-4cf8-a31c-e2f384cc14d2@group-07DB10D4AEAD:LeaderElection221] INFO  server.RaftServerConfigKeys (ConfUtils.java:logGet(43)) - raft.server.rpc.sleep.time = 25ms (default)
2019-09-25 12:06:06,863 [159c7809-d8ec-4cf8-a31c-e2f384cc14d2@group-07DB10D4AEAD:LeaderElection221] INFO  server.RaftServerConfigKeys (ConfUtils.java:logGet(43)) - raft.server.write.element-limit = 4096 (default)
2019-09-25 12:06:06,864 [159c7809-d8ec-4cf8-a31c-e2f384cc14d2@group-07DB10D4AEAD:LeaderElection221] INFO  server.RaftServerConfigKeys (ConfUtils.java:logGet(43)) - raft.server.watch.timeout = 10s (default)
2019-09-25 12:06:06,864 [159c7809-d8ec-4cf8-a31c-e2f384cc14d2@group-07DB10D4AEAD:LeaderElection221] INFO  server.RaftServerConfigKeys (ConfUtils.java:logGet(43)) - raft.server.watch.timeout.denomination = 1s (default)
2019-09-25 12:06:06,864 [159c7809-d8ec-4cf8-a31c-e2f384cc14d2@group-07DB10D4AEAD:LeaderElection221] INFO  server.RaftServerConfigKeys (ConfUtils.java:logGet(43)) - raft.server.watch.element-limit = 65536 (default)
2019-09-25 12:06:06,865 [159c7809-d8ec-4cf8-a31c-e2f384cc14d2@group-07DB10D4AEAD:LeaderElection221] INFO  impl.RoleInfo (RoleInfo.java:updateAndGet(143)) - 159c7809-d8ec-4cf8-a31c-e2f384cc14d2: start LeaderState
2019-09-25 12:06:06,866 [159c7809-d8ec-4cf8-a31c-e2f384cc14d2@group-07DB10D4AEAD:LeaderElection221] INFO  segmented.SegmentedRaftLogWorker (SegmentedRaftLogWorker.java:startLogSegment(380)) - 159c7809-d8ec-4cf8-a31c-e2f384cc14d2@group-07DB10D4AEAD-SegmentedRaftLogWorker: Starting segment from index:0
2019-09-25 12:06:06,866 [159c7809-d8ec-4cf8-a31c-e2f384cc14d2@group-07DB10D4AEAD:LeaderElection221] INFO  impl.RaftServerImpl (ServerState.java:setRaftConf(354)) - 159c7809-d8ec-4cf8-a31c-e2f384cc14d2@group-07DB10D4AEAD: set configuration 0: [159c7809-d8ec-4cf8-a31c-e2f384cc14d2:192.168.151.73:46254], old=null at 0
2019-09-25 12:06:06,907 [Thread-3093] INFO  impl.FollowerState (FollowerState.java:run(106)) - de2e4d40-31b5-4e53-8675-f16775b3ddb7:group-B34C45C00CC2 changes to CANDIDATE, lastRpcTime:5090, electionTimeout:5090ms
2019-09-25 12:06:06,907 [Thread-3093] INFO  impl.RoleInfo (RoleInfo.java:shutdownFollowerState(121)) - de2e4d40-31b5-4e53-8675-f16775b3ddb7: shutdown FollowerState
2019-09-25 12:06:06,907 [Thread-3093] INFO  impl.RaftServerImpl (RaftServerImpl.java:setRole(174)) - de2e4d40-31b5-4e53-8675-f16775b3ddb7@group-B34C45C00CC2: changes role from  FOLLOWER to CANDIDATE at term 0 for changeToCandidate
2019-09-25 12:06:06,907 [Thread-3093] INFO  impl.RoleInfo (RoleInfo.java:updateAndGet(143)) - de2e4d40-31b5-4e53-8675-f16775b3ddb7: start LeaderElection
2019-09-25 12:06:06,920 [159c7809-d8ec-4cf8-a31c-e2f384cc14d2@group-07DB10D4AEAD-SegmentedRaftLogWorker] INFO  segmented.SegmentedRaftLogWorker (SegmentedRaftLogWorker.java:execute(569)) - 159c7809-d8ec-4cf8-a31c-e2f384cc14d2@group-07DB10D4AEAD-SegmentedRaftLogWorker: created new log segment /workdir/hadoop-ozone/integration-test/target/test-dir/MiniOzoneClusterImpl-757e75c3-29a2-41d1-adb4-db6d7805a8c7/datanode-0/data/ratis/6618933e-d13f-4c45-8aba-07db10d4aead/current/log_inprogress_0
2019-09-25 12:06:06,920 [de2e4d40-31b5-4e53-8675-f16775b3ddb7@group-B34C45C00CC2:LeaderElection222] INFO  impl.LeaderElection (LeaderElection.java:askForVotes(182)) - de2e4d40-31b5-4e53-8675-f16775b3ddb7@group-B34C45C00CC2:LeaderElection222: begin an election at term 1 for -1: [de2e4d40-31b5-4e53-8675-f16775b3ddb7:192.168.151.73:38679], old=null
2019-09-25 12:06:06,920 [de2e4d40-31b5-4e53-8675-f16775b3ddb7@group-B34C45C00CC2:LeaderElection222] INFO  impl.RoleInfo (RoleInfo.java:shutdownLeaderElection(134)) - de2e4d40-31b5-4e53-8675-f16775b3ddb7: shutdown LeaderElection
2019-09-25 12:06:06,920 [de2e4d40-31b5-4e53-8675-f16775b3ddb7@group-B34C45C00CC2:LeaderElection222] INFO  impl.RaftServerImpl (RaftServerImpl.java:setRole(174)) - de2e4d40-31b5-4e53-8675-f16775b3ddb7@group-B34C45C00CC2: changes role from CANDIDATE to LEADER at term 1 for changeToLeader
2019-09-25 12:06:06,920 [de2e4d40-31b5-4e53-8675-f16775b3ddb7@group-B34C45C00CC2:LeaderElection222] INFO  impl.RaftServerImpl (ServerState.java:setLeader(253)) - de2e4d40-31b5-4e53-8675-f16775b3ddb7@group-B34C45C00CC2: change Leader from null to de2e4d40-31b5-4e53-8675-f16775b3ddb7 at term 1 for becomeLeader, leader elected after 5111ms
2019-09-25 12:06:06,920 [de2e4d40-31b5-4e53-8675-f16775b3ddb7@group-B34C45C00CC2:LeaderElection222] INFO  server.RaftServerConfigKeys (ConfUtils.java:logGet(43)) - raft.server.staging.catchup.gap = 1000 (default)
2019-09-25 12:06:06,920 [de2e4d40-31b5-4e53-8675-f16775b3ddb7@group-B34C45C00CC2:LeaderElection222] INFO  server.RaftServerConfigKeys (ConfUtils.java:logGet(43)) - raft.server.rpc.sleep.time = 25ms (default)
2019-09-25 12:06:06,921 [de2e4d40-31b5-4e53-8675-f16775b3ddb7@group-B34C45C00CC2:LeaderElection222] INFO  server.RaftServerConfigKeys (ConfUtils.java:logGet(43)) - raft.server.write.element-limit = 4096 (default)
2019-09-25 12:06:06,921 [de2e4d40-31b5-4e53-8675-f16775b3ddb7@group-B34C45C00CC2:LeaderElection222] INFO  server.RaftServerConfigKeys (ConfUtils.java:logGet(43)) - raft.server.watch.timeout = 10s (default)
2019-09-25 12:06:06,921 [de2e4d40-31b5-4e53-8675-f16775b3ddb7@group-B34C45C00CC2:LeaderElection222] INFO  server.RaftServerConfigKeys (ConfUtils.java:logGet(43)) - raft.server.watch.timeout.denomination = 1s (default)
2019-09-25 12:06:06,921 [de2e4d40-31b5-4e53-8675-f16775b3ddb7@group-B34C45C00CC2:LeaderElection222] INFO  server.RaftServerConfigKeys (ConfUtils.java:logGet(43)) - raft.server.watch.element-limit = 65536 (default)
2019-09-25 12:06:06,923 [de2e4d40-31b5-4e53-8675-f16775b3ddb7@group-B34C45C00CC2:LeaderElection222] INFO  impl.RoleInfo (RoleInfo.java:updateAndGet(143)) - de2e4d40-31b5-4e53-8675-f16775b3ddb7: start LeaderState
2019-09-25 12:06:06,923 [de2e4d40-31b5-4e53-8675-f16775b3ddb7@group-B34C45C00CC2:LeaderElection222] INFO  segmented.SegmentedRaftLogWorker (SegmentedRaftLogWorker.java:startLogSegment(380)) - de2e4d40-31b5-4e53-8675-f16775b3ddb7@group-B34C45C00CC2-SegmentedRaftLogWorker: Starting segment from index:0
2019-09-25 12:06:06,923 [de2e4d40-31b5-4e53-8675-f16775b3ddb7@group-B34C45C00CC2:LeaderElection222] INFO  impl.RaftServerImpl (ServerState.java:setRaftConf(354)) - de2e4d40-31b5-4e53-8675-f16775b3ddb7@group-B34C45C00CC2: set configuration 0: [de2e4d40-31b5-4e53-8675-f16775b3ddb7:192.168.151.73:38679], old=null at 0
2019-09-25 12:06:06,929 [Thread-3096] INFO  impl.FollowerState (FollowerState.java:run(106)) - 159c7809-d8ec-4cf8-a31c-e2f384cc14d2:group-E4A98D1C683A changes to CANDIDATE, lastRpcTime:5077, electionTimeout:5077ms
2019-09-25 12:06:06,929 [Thread-3096] INFO  impl.RoleInfo (RoleInfo.java:shutdownFollowerState(121)) - 159c7809-d8ec-4cf8-a31c-e2f384cc14d2: shutdown FollowerState
2019-09-25 12:06:06,929 [Thread-3096] INFO  impl.RaftServerImpl (RaftServerImpl.java:setRole(174)) - 159c7809-d8ec-4cf8-a31c-e2f384cc14d2@group-E4A98D1C683A: changes role from  FOLLOWER to CANDIDATE at term 0 for changeToCandidate
2019-09-25 12:06:06,930 [Thread-3096] INFO  impl.RoleInfo (RoleInfo.java:updateAndGet(143)) - 159c7809-d8ec-4cf8-a31c-e2f384cc14d2: start LeaderElection
2019-09-25 12:06:06,972 [de2e4d40-31b5-4e53-8675-f16775b3ddb7@group-B34C45C00CC2-SegmentedRaftLogWorker] INFO  segmented.SegmentedRaftLogWorker (SegmentedRaftLogWorker.java:execute(569)) - de2e4d40-31b5-4e53-8675-f16775b3ddb7@group-B34C45C00CC2-SegmentedRaftLogWorker: created new log segment /workdir/hadoop-ozone/integration-test/target/test-dir/MiniOzoneClusterImpl-757e75c3-29a2-41d1-adb4-db6d7805a8c7/datanode-1/data/ratis/7daee3ba-9d3c-4d10-9f31-b34c45c00cc2/current/log_inprogress_0
2019-09-25 12:06:06,972 [159c7809-d8ec-4cf8-a31c-e2f384cc14d2@group-E4A98D1C683A:LeaderElection223] INFO  impl.LeaderElection (LeaderElection.java:askForVotes(182)) - 159c7809-d8ec-4cf8-a31c-e2f384cc14d2@group-E4A98D1C683A:LeaderElection223: begin an election at term 1 for -1: [159c7809-d8ec-4cf8-a31c-e2f384cc14d2:192.168.151.73:46254], old=null
2019-09-25 12:06:06,972 [159c7809-d8ec-4cf8-a31c-e2f384cc14d2@group-E4A98D1C683A:LeaderElection223] INFO  impl.RoleInfo (RoleInfo.java:shutdownLeaderElection(134)) - 159c7809-d8ec-4cf8-a31c-e2f384cc14d2: shutdown LeaderElection
2019-09-25 12:06:06,973 [159c7809-d8ec-4cf8-a31c-e2f384cc14d2@group-E4A98D1C683A:LeaderElection223] INFO  impl.RaftServerImpl (RaftServerImpl.java:setRole(174)) - 159c7809-d8ec-4cf8-a31c-e2f384cc14d2@group-E4A98D1C683A: changes role from CANDIDATE to LEADER at term 1 for changeToLeader
2019-09-25 12:06:06,973 [159c7809-d8ec-4cf8-a31c-e2f384cc14d2@group-E4A98D1C683A:LeaderElection223] INFO  impl.RaftServerImpl (ServerState.java:setLeader(253)) - 159c7809-d8ec-4cf8-a31c-e2f384cc14d2@group-E4A98D1C683A: change Leader from null to 159c7809-d8ec-4cf8-a31c-e2f384cc14d2 at term 1 for becomeLeader, leader elected after 5124ms
2019-09-25 12:06:06,973 [159c7809-d8ec-4cf8-a31c-e2f384cc14d2@group-E4A98D1C683A:LeaderElection223] INFO  server.RaftServerConfigKeys (ConfUtils.java:logGet(43)) - raft.server.staging.catchup.gap = 1000 (default)
2019-09-25 12:06:06,973 [159c7809-d8ec-4cf8-a31c-e2f384cc14d2@group-E4A98D1C683A:LeaderElection223] INFO  server.RaftServerConfigKeys (ConfUtils.java:logGet(43)) - raft.server.rpc.sleep.time = 25ms (default)
2019-09-25 12:06:06,973 [159c7809-d8ec-4cf8-a31c-e2f384cc14d2@group-E4A98D1C683A:LeaderElection223] INFO  server.RaftServerConfigKeys (ConfUtils.java:logGet(43)) - raft.server.write.element-limit = 4096 (default)
2019-09-25 12:06:06,973 [159c7809-d8ec-4cf8-a31c-e2f384cc14d2@group-E4A98D1C683A:LeaderElection223] INFO  server.RaftServerConfigKeys (ConfUtils.java:logGet(43)) - raft.server.watch.timeout = 10s (default)
2019-09-25 12:06:06,974 [159c7809-d8ec-4cf8-a31c-e2f384cc14d2@group-E4A98D1C683A:LeaderElection223] INFO  server.RaftServerConfigKeys (ConfUtils.java:logGet(43)) - raft.server.watch.timeout.denomination = 1s (default)
2019-09-25 12:06:06,974 [159c7809-d8ec-4cf8-a31c-e2f384cc14d2@group-E4A98D1C683A:LeaderElection223] INFO  server.RaftServerConfigKeys (ConfUtils.java:logGet(43)) - raft.server.watch.element-limit = 65536 (default)
2019-09-25 12:06:06,975 [159c7809-d8ec-4cf8-a31c-e2f384cc14d2@group-E4A98D1C683A:LeaderElection223] INFO  impl.RoleInfo (RoleInfo.java:updateAndGet(143)) - 159c7809-d8ec-4cf8-a31c-e2f384cc14d2: start LeaderState
2019-09-25 12:06:06,976 [159c7809-d8ec-4cf8-a31c-e2f384cc14d2@group-E4A98D1C683A:LeaderElection223] INFO  segmented.SegmentedRaftLogWorker (SegmentedRaftLogWorker.java:startLogSegment(380)) - 159c7809-d8ec-4cf8-a31c-e2f384cc14d2@group-E4A98D1C683A-SegmentedRaftLogWorker: Starting segment from index:0
2019-09-25 12:06:06,976 [159c7809-d8ec-4cf8-a31c-e2f384cc14d2@group-E4A98D1C683A:LeaderElection223] INFO  impl.RaftServerImpl (ServerState.java:setRaftConf(354)) - 159c7809-d8ec-4cf8-a31c-e2f384cc14d2@group-E4A98D1C683A: set configuration 0: [159c7809-d8ec-4cf8-a31c-e2f384cc14d2:192.168.151.73:46254], old=null at 0
2019-09-25 12:06:07,027 [159c7809-d8ec-4cf8-a31c-e2f384cc14d2@group-E4A98D1C683A-SegmentedRaftLogWorker] INFO  segmented.SegmentedRaftLogWorker (SegmentedRaftLogWorker.java:execute(569)) - 159c7809-d8ec-4cf8-a31c-e2f384cc14d2@group-E4A98D1C683A-SegmentedRaftLogWorker: created new log segment /workdir/hadoop-ozone/integration-test/target/test-dir/MiniOzoneClusterImpl-757e75c3-29a2-41d1-adb4-db6d7805a8c7/datanode-0/data/ratis/7b23da87-660a-41e1-b81e-e4a98d1c683a/current/log_inprogress_0
2019-09-25 12:06:07,028 [EventQueue-StaleNodeForStaleNodeHandler] INFO  node.StaleNodeHandler (StaleNodeHandler.java:onMessage(58)) - Datanode 96c68fd9-263a-4bce-9480-8d54d9f28f1c{ip: 192.168.151.73, host: pr-hdds-1569-shd4m-3693607622, networkLocation: /default-rack, certSerialId: null} moved to stale state. Finalizing its pipelines [PipelineID=ea97bf04-7bcc-4926-83e6-4554eeb7b3dd, PipelineID=7b4c1bf9-6175-42cd-a84e-d6ab42894a37, PipelineID=c16aed9f-7d11-4d22-a0e0-2b1299979c4a, PipelineID=47093c03-a3e2-45cc-961a-43aae228ba57, PipelineID=48ae164a-d99a-4e8b-9149-d96478e01fa6, PipelineID=4d5343fa-58d2-47a2-925f-22c8f449fd48]
2019-09-25 12:06:07,028 [EventQueue-StaleNodeForStaleNodeHandler] INFO  pipeline.SCMPipelineManager (SCMPipelineManager.java:finalizeAndDestroyPipeline(316)) - destroying pipeline:Pipeline[ Id: ea97bf04-7bcc-4926-83e6-4554eeb7b3dd, Nodes: 96c68fd9-263a-4bce-9480-8d54d9f28f1c{ip: 192.168.151.73, host: pr-hdds-1569-shd4m-3693607622, networkLocation: /default-rack, certSerialId: null}, Type:RATIS, Factor:ONE, State:OPEN]
2019-09-25 12:06:07,029 [EventQueue-StaleNodeForStaleNodeHandler] INFO  pipeline.PipelineStateManager (PipelineStateManager.java:finalizePipeline(123)) - Pipeline Pipeline[ Id: ea97bf04-7bcc-4926-83e6-4554eeb7b3dd, Nodes: 96c68fd9-263a-4bce-9480-8d54d9f28f1c{ip: 192.168.151.73, host: pr-hdds-1569-shd4m-3693607622, networkLocation: /default-rack, certSerialId: null}, Type:RATIS, Factor:ONE, State:CLOSED] moved to CLOSED state
2019-09-25 12:06:07,029 [EventQueue-StaleNodeForStaleNodeHandler] INFO  pipeline.SCMPipelineManager (SCMPipelineManager.java:finalizeAndDestroyPipeline(316)) - destroying pipeline:Pipeline[ Id: 7b4c1bf9-6175-42cd-a84e-d6ab42894a37, Nodes: 96c68fd9-263a-4bce-9480-8d54d9f28f1c{ip: 192.168.151.73, host: pr-hdds-1569-shd4m-3693607622, networkLocation: /default-rack, certSerialId: null}, Type:RATIS, Factor:ONE, State:OPEN]
2019-09-25 12:06:07,029 [EventQueue-StaleNodeForStaleNodeHandler] INFO  pipeline.PipelineStateManager (PipelineStateManager.java:finalizePipeline(123)) - Pipeline Pipeline[ Id: 7b4c1bf9-6175-42cd-a84e-d6ab42894a37, Nodes: 96c68fd9-263a-4bce-9480-8d54d9f28f1c{ip: 192.168.151.73, host: pr-hdds-1569-shd4m-3693607622, networkLocation: /default-rack, certSerialId: null}, Type:RATIS, Factor:ONE, State:CLOSED] moved to CLOSED state
2019-09-25 12:06:07,029 [EventQueue-StaleNodeForStaleNodeHandler] INFO  pipeline.SCMPipelineManager (SCMPipelineManager.java:finalizeAndDestroyPipeline(316)) - destroying pipeline:Pipeline[ Id: c16aed9f-7d11-4d22-a0e0-2b1299979c4a, Nodes: 96c68fd9-263a-4bce-9480-8d54d9f28f1c{ip: 192.168.151.73, host: pr-hdds-1569-shd4m-3693607622, networkLocation: /default-rack, certSerialId: null}, Type:RATIS, Factor:ONE, State:OPEN]
2019-09-25 12:06:07,029 [EventQueue-StaleNodeForStaleNodeHandler] INFO  pipeline.PipelineStateManager (PipelineStateManager.java:finalizePipeline(123)) - Pipeline Pipeline[ Id: c16aed9f-7d11-4d22-a0e0-2b1299979c4a, Nodes: 96c68fd9-263a-4bce-9480-8d54d9f28f1c{ip: 192.168.151.73, host: pr-hdds-1569-shd4m-3693607622, networkLocation: /default-rack, certSerialId: null}, Type:RATIS, Factor:ONE, State:CLOSED] moved to CLOSED state
2019-09-25 12:06:07,029 [EventQueue-StaleNodeForStaleNodeHandler] INFO  pipeline.SCMPipelineManager (SCMPipelineManager.java:finalizeAndDestroyPipeline(316)) - destroying pipeline:Pipeline[ Id: 47093c03-a3e2-45cc-961a-43aae228ba57, Nodes: 96c68fd9-263a-4bce-9480-8d54d9f28f1c{ip: 192.168.151.73, host: pr-hdds-1569-shd4m-3693607622, networkLocation: /default-rack, certSerialId: null}, Type:RATIS, Factor:ONE, State:OPEN]
2019-09-25 12:06:07,030 [EventQueue-StaleNodeForStaleNodeHandler] INFO  pipeline.PipelineStateManager (PipelineStateManager.java:finalizePipeline(123)) - Pipeline Pipeline[ Id: 47093c03-a3e2-45cc-961a-43aae228ba57, Nodes: 96c68fd9-263a-4bce-9480-8d54d9f28f1c{ip: 192.168.151.73, host: pr-hdds-1569-shd4m-3693607622, networkLocation: /default-rack, certSerialId: null}, Type:RATIS, Factor:ONE, State:CLOSED] moved to CLOSED state
2019-09-25 12:06:07,030 [EventQueue-StaleNodeForStaleNodeHandler] INFO  pipeline.SCMPipelineManager (SCMPipelineManager.java:finalizeAndDestroyPipeline(316)) - destroying pipeline:Pipeline[ Id: 48ae164a-d99a-4e8b-9149-d96478e01fa6, Nodes: 96c68fd9-263a-4bce-9480-8d54d9f28f1c{ip: 192.168.151.73, host: pr-hdds-1569-shd4m-3693607622, networkLocation: /default-rack, certSerialId: null}, Type:RATIS, Factor:ONE, State:OPEN]
2019-09-25 12:06:07,030 [EventQueue-StaleNodeForStaleNodeHandler] INFO  pipeline.PipelineStateManager (PipelineStateManager.java:finalizePipeline(123)) - Pipeline Pipeline[ Id: 48ae164a-d99a-4e8b-9149-d96478e01fa6, Nodes: 96c68fd9-263a-4bce-9480-8d54d9f28f1c{ip: 192.168.151.73, host: pr-hdds-1569-shd4m-3693607622, networkLocation: /default-rack, certSerialId: null}, Type:RATIS, Factor:ONE, State:CLOSED] moved to CLOSED state
2019-09-25 12:06:07,030 [EventQueue-StaleNodeForStaleNodeHandler] INFO  pipeline.SCMPipelineManager (SCMPipelineManager.java:finalizeAndDestroyPipeline(316)) - destroying pipeline:Pipeline[ Id: 4d5343fa-58d2-47a2-925f-22c8f449fd48, Nodes: 96c68fd9-263a-4bce-9480-8d54d9f28f1c{ip: 192.168.151.73, host: pr-hdds-1569-shd4m-3693607622, networkLocation: /default-rack, certSerialId: null}, Type:RATIS, Factor:ONE, State:OPEN]
2019-09-25 12:06:07,030 [EventQueue-StaleNodeForStaleNodeHandler] INFO  pipeline.PipelineStateManager (PipelineStateManager.java:finalizePipeline(123)) - Pipeline Pipeline[ Id: 4d5343fa-58d2-47a2-925f-22c8f449fd48, Nodes: 96c68fd9-263a-4bce-9480-8d54d9f28f1c{ip: 192.168.151.73, host: pr-hdds-1569-shd4m-3693607622, networkLocation: /default-rack, certSerialId: null}, Type:RATIS, Factor:ONE, State:CLOSED] moved to CLOSED state
2019-09-25 12:06:07,060 [Thread-3099] INFO  impl.FollowerState (FollowerState.java:run(106)) - 159c7809-d8ec-4cf8-a31c-e2f384cc14d2:group-917EDF206353 changes to CANDIDATE, lastRpcTime:5173, electionTimeout:5173ms
2019-09-25 12:06:07,067 [Thread-3099] INFO  impl.RoleInfo (RoleInfo.java:shutdownFollowerState(121)) - 159c7809-d8ec-4cf8-a31c-e2f384cc14d2: shutdown FollowerState
2019-09-25 12:06:07,067 [Thread-3108] INFO  impl.FollowerState (FollowerState.java:run(106)) - 159c7809-d8ec-4cf8-a31c-e2f384cc14d2:group-A589F3DDDADC changes to CANDIDATE, lastRpcTime:5081, electionTimeout:5077ms
2019-09-25 12:06:07,067 [Thread-3099] INFO  impl.RaftServerImpl (RaftServerImpl.java:setRole(174)) - 159c7809-d8ec-4cf8-a31c-e2f384cc14d2@group-917EDF206353: changes role from  FOLLOWER to CANDIDATE at term 0 for changeToCandidate
2019-09-25 12:06:07,067 [Thread-3114] INFO  impl.FollowerState (FollowerState.java:run(106)) - de2e4d40-31b5-4e53-8675-f16775b3ddb7:group-53B5CEC05F10 changes to CANDIDATE, lastRpcTime:5003, electionTimeout:5003ms
2019-09-25 12:06:07,067 [Thread-3108] INFO  impl.RoleInfo (RoleInfo.java:shutdownFollowerState(121)) - 159c7809-d8ec-4cf8-a31c-e2f384cc14d2: shutdown FollowerState
2019-09-25 12:06:07,068 [Thread-3114] INFO  impl.RoleInfo (RoleInfo.java:shutdownFollowerState(121)) - de2e4d40-31b5-4e53-8675-f16775b3ddb7: shutdown FollowerState
2019-09-25 12:06:07,067 [Thread-3099] INFO  impl.RoleInfo (RoleInfo.java:updateAndGet(143)) - 159c7809-d8ec-4cf8-a31c-e2f384cc14d2: start LeaderElection
2019-09-25 12:06:07,068 [Thread-3114] INFO  impl.RaftServerImpl (RaftServerImpl.java:setRole(174)) - de2e4d40-31b5-4e53-8675-f16775b3ddb7@group-53B5CEC05F10: changes role from  FOLLOWER to CANDIDATE at term 0 for changeToCandidate
2019-09-25 12:06:07,068 [Thread-3108] INFO  impl.RaftServerImpl (RaftServerImpl.java:setRole(174)) - 159c7809-d8ec-4cf8-a31c-e2f384cc14d2@group-A589F3DDDADC: changes role from  FOLLOWER to CANDIDATE at term 0 for changeToCandidate
2019-09-25 12:06:07,068 [Thread-3114] INFO  impl.RoleInfo (RoleInfo.java:updateAndGet(143)) - de2e4d40-31b5-4e53-8675-f16775b3ddb7: start LeaderElection
2019-09-25 12:06:07,074 [Thread-3108] INFO  impl.RoleInfo (RoleInfo.java:updateAndGet(143)) - 159c7809-d8ec-4cf8-a31c-e2f384cc14d2: start LeaderElection
2019-09-25 12:06:07,079 [Thread-3102] INFO  impl.FollowerState (FollowerState.java:run(106)) - de2e4d40-31b5-4e53-8675-f16775b3ddb7:group-B46AACECAC68 changes to CANDIDATE, lastRpcTime:5171, electionTimeout:5170ms
2019-09-25 12:06:07,079 [Thread-3102] INFO  impl.RoleInfo (RoleInfo.java:shutdownFollowerState(121)) - de2e4d40-31b5-4e53-8675-f16775b3ddb7: shutdown FollowerState
2019-09-25 12:06:07,079 [Thread-3102] INFO  impl.RaftServerImpl (RaftServerImpl.java:setRole(174)) - de2e4d40-31b5-4e53-8675-f16775b3ddb7@group-B46AACECAC68: changes role from  FOLLOWER to CANDIDATE at term 0 for changeToCandidate
2019-09-25 12:06:07,084 [Thread-3102] INFO  impl.RoleInfo (RoleInfo.java:updateAndGet(143)) - de2e4d40-31b5-4e53-8675-f16775b3ddb7: start LeaderElection
2019-09-25 12:06:07,089 [Thread-3105] INFO  impl.FollowerState (FollowerState.java:run(106)) - 992d69e5-6cba-4869-b94d-c8d2dc420a77:group-0DC9EACEC55A changes to CANDIDATE, lastRpcTime:5124, electionTimeout:5124ms
2019-09-25 12:06:07,089 [Thread-3105] INFO  impl.RoleInfo (RoleInfo.java:shutdownFollowerState(121)) - 992d69e5-6cba-4869-b94d-c8d2dc420a77: shutdown FollowerState
2019-09-25 12:06:07,089 [Thread-3105] INFO  impl.RaftServerImpl (RaftServerImpl.java:setRole(174)) - 992d69e5-6cba-4869-b94d-c8d2dc420a77@group-0DC9EACEC55A: changes role from  FOLLOWER to CANDIDATE at term 0 for changeToCandidate
2019-09-25 12:06:07,090 [Thread-3105] INFO  impl.RoleInfo (RoleInfo.java:updateAndGet(143)) - 992d69e5-6cba-4869-b94d-c8d2dc420a77: start LeaderElection
2019-09-25 12:06:07,099 [de2e4d40-31b5-4e53-8675-f16775b3ddb7@group-53B5CEC05F10:LeaderElection225] INFO  impl.LeaderElection (LeaderElection.java:askForVotes(182)) - de2e4d40-31b5-4e53-8675-f16775b3ddb7@group-53B5CEC05F10:LeaderElection225: begin an election at term 1 for -1: [de2e4d40-31b5-4e53-8675-f16775b3ddb7:192.168.151.73:38679], old=null
2019-09-25 12:06:07,099 [159c7809-d8ec-4cf8-a31c-e2f384cc14d2@group-A589F3DDDADC:LeaderElection226] INFO  impl.LeaderElection (LeaderElection.java:askForVotes(182)) - 159c7809-d8ec-4cf8-a31c-e2f384cc14d2@group-A589F3DDDADC:LeaderElection226: begin an election at term 1 for -1: [159c7809-d8ec-4cf8-a31c-e2f384cc14d2:192.168.151.73:46254], old=null
2019-09-25 12:06:07,099 [de2e4d40-31b5-4e53-8675-f16775b3ddb7@group-53B5CEC05F10:LeaderElection225] INFO  impl.RoleInfo (RoleInfo.java:shutdownLeaderElection(134)) - de2e4d40-31b5-4e53-8675-f16775b3ddb7: shutdown LeaderElection
2019-09-25 12:06:07,099 [159c7809-d8ec-4cf8-a31c-e2f384cc14d2@group-917EDF206353:LeaderElection224] INFO  impl.LeaderElection (LeaderElection.java:askForVotes(182)) - 159c7809-d8ec-4cf8-a31c-e2f384cc14d2@group-917EDF206353:LeaderElection224: begin an election at term 1 for -1: [159c7809-d8ec-4cf8-a31c-e2f384cc14d2:192.168.151.73:46254], old=null
2019-09-25 12:06:07,099 [992d69e5-6cba-4869-b94d-c8d2dc420a77@group-0DC9EACEC55A:LeaderElection228] INFO  impl.LeaderElection (LeaderElection.java:askForVotes(182)) - 992d69e5-6cba-4869-b94d-c8d2dc420a77@group-0DC9EACEC55A:LeaderElection228: begin an election at term 1 for -1: [992d69e5-6cba-4869-b94d-c8d2dc420a77:192.168.151.73:40135], old=null
2019-09-25 12:06:07,099 [de2e4d40-31b5-4e53-8675-f16775b3ddb7@group-B46AACECAC68:LeaderElection227] INFO  impl.LeaderElection (LeaderElection.java:askForVotes(182)) - de2e4d40-31b5-4e53-8675-f16775b3ddb7@group-B46AACECAC68:LeaderElection227: begin an election at term 1 for -1: [de2e4d40-31b5-4e53-8675-f16775b3ddb7:192.168.151.73:38679], old=null
2019-09-25 12:06:07,099 [992d69e5-6cba-4869-b94d-c8d2dc420a77@group-0DC9EACEC55A:LeaderElection228] INFO  impl.RoleInfo (RoleInfo.java:shutdownLeaderElection(134)) - 992d69e5-6cba-4869-b94d-c8d2dc420a77: shutdown LeaderElection
2019-09-25 12:06:07,099 [159c7809-d8ec-4cf8-a31c-e2f384cc14d2@group-917EDF206353:LeaderElection224] INFO  impl.RoleInfo (RoleInfo.java:shutdownLeaderElection(134)) - 159c7809-d8ec-4cf8-a31c-e2f384cc14d2: shutdown LeaderElection
2019-09-25 12:06:07,099 [de2e4d40-31b5-4e53-8675-f16775b3ddb7@group-53B5CEC05F10:LeaderElection225] INFO  impl.RaftServerImpl (RaftServerImpl.java:setRole(174)) - de2e4d40-31b5-4e53-8675-f16775b3ddb7@group-53B5CEC05F10: changes role from CANDIDATE to LEADER at term 1 for changeToLeader
2019-09-25 12:06:07,099 [159c7809-d8ec-4cf8-a31c-e2f384cc14d2@group-A589F3DDDADC:LeaderElection226] INFO  impl.RoleInfo (RoleInfo.java:shutdownLeaderElection(134)) - 159c7809-d8ec-4cf8-a31c-e2f384cc14d2: shutdown LeaderElection
2019-09-25 12:06:07,100 [de2e4d40-31b5-4e53-8675-f16775b3ddb7@group-53B5CEC05F10:LeaderElection225] INFO  impl.RaftServerImpl (ServerState.java:setLeader(253)) - de2e4d40-31b5-4e53-8675-f16775b3ddb7@group-53B5CEC05F10: change Leader from null to de2e4d40-31b5-4e53-8675-f16775b3ddb7 at term 1 for becomeLeader, leader elected after 5042ms
2019-09-25 12:06:07,099 [159c7809-d8ec-4cf8-a31c-e2f384cc14d2@group-917EDF206353:LeaderElection224] INFO  impl.RaftServerImpl (RaftServerImpl.java:setRole(174)) - 159c7809-d8ec-4cf8-a31c-e2f384cc14d2@group-917EDF206353: changes role from CANDIDATE to LEADER at term 1 for changeToLeader
2019-09-25 12:06:07,099 [992d69e5-6cba-4869-b94d-c8d2dc420a77@group-0DC9EACEC55A:LeaderElection228] INFO  impl.RaftServerImpl (RaftServerImpl.java:setRole(174)) - 992d69e5-6cba-4869-b94d-c8d2dc420a77@group-0DC9EACEC55A: changes role from CANDIDATE to LEADER at term 1 for changeToLeader
2019-09-25 12:06:07,099 [de2e4d40-31b5-4e53-8675-f16775b3ddb7@group-B46AACECAC68:LeaderElection227] INFO  impl.RoleInfo (RoleInfo.java:shutdownLeaderElection(134)) - de2e4d40-31b5-4e53-8675-f16775b3ddb7: shutdown LeaderElection
2019-09-25 12:06:07,100 [992d69e5-6cba-4869-b94d-c8d2dc420a77@group-0DC9EACEC55A:LeaderElection228] INFO  impl.RaftServerImpl (ServerState.java:setLeader(253)) - 992d69e5-6cba-4869-b94d-c8d2dc420a77@group-0DC9EACEC55A: change Leader from null to 992d69e5-6cba-4869-b94d-c8d2dc420a77 at term 1 for becomeLeader, leader elected after 5142ms
2019-09-25 12:06:07,100 [159c7809-d8ec-4cf8-a31c-e2f384cc14d2@group-917EDF206353:LeaderElection224] INFO  impl.RaftServerImpl (ServerState.java:setLeader(253)) - 159c7809-d8ec-4cf8-a31c-e2f384cc14d2@group-917EDF206353: change Leader from null to 159c7809-d8ec-4cf8-a31c-e2f384cc14d2 at term 1 for becomeLeader, leader elected after 5216ms
2019-09-25 12:06:07,100 [992d69e5-6cba-4869-b94d-c8d2dc420a77@group-0DC9EACEC55A:LeaderElection228] INFO  server.RaftServerConfigKeys (ConfUtils.java:logGet(43)) - raft.server.staging.catchup.gap = 1000 (default)
2019-09-25 12:06:07,100 [992d69e5-6cba-4869-b94d-c8d2dc420a77@group-0DC9EACEC55A:LeaderElection228] INFO  server.RaftServerConfigKeys (ConfUtils.java:logGet(43)) - raft.server.rpc.sleep.time = 25ms (default)
2019-09-25 12:06:07,100 [de2e4d40-31b5-4e53-8675-f16775b3ddb7@group-53B5CEC05F10:LeaderElection225] INFO  server.RaftServerConfigKeys (ConfUtils.java:logGet(43)) - raft.server.staging.catchup.gap = 1000 (default)
2019-09-25 12:06:07,101 [de2e4d40-31b5-4e53-8675-f16775b3ddb7@group-53B5CEC05F10:LeaderElection225] INFO  server.RaftServerConfigKeys (ConfUtils.java:logGet(43)) - raft.server.rpc.sleep.time = 25ms (default)
2019-09-25 12:06:07,100 [159c7809-d8ec-4cf8-a31c-e2f384cc14d2@group-A589F3DDDADC:LeaderElection226] INFO  impl.RaftServerImpl (RaftServerImpl.java:setRole(174)) - 159c7809-d8ec-4cf8-a31c-e2f384cc14d2@group-A589F3DDDADC: changes role from CANDIDATE to LEADER at term 1 for changeToLeader
2019-09-25 12:06:07,101 [de2e4d40-31b5-4e53-8675-f16775b3ddb7@group-53B5CEC05F10:LeaderElection225] INFO  server.RaftServerConfigKeys (ConfUtils.java:logGet(43)) - raft.server.write.element-limit = 4096 (default)
2019-09-25 12:06:07,101 [992d69e5-6cba-4869-b94d-c8d2dc420a77@group-0DC9EACEC55A:LeaderElection228] INFO  server.RaftServerConfigKeys (ConfUtils.java:logGet(43)) - raft.server.write.element-limit = 4096 (default)
2019-09-25 12:06:07,100 [159c7809-d8ec-4cf8-a31c-e2f384cc14d2@group-917EDF206353:LeaderElection224] INFO  server.RaftServerConfigKeys (ConfUtils.java:logGet(43)) - raft.server.staging.catchup.gap = 1000 (default)
2019-09-25 12:06:07,100 [de2e4d40-31b5-4e53-8675-f16775b3ddb7@group-B46AACECAC68:LeaderElection227] INFO  impl.RaftServerImpl (RaftServerImpl.java:setRole(174)) - de2e4d40-31b5-4e53-8675-f16775b3ddb7@group-B46AACECAC68: changes role from CANDIDATE to LEADER at term 1 for changeToLeader
2019-09-25 12:06:07,101 [de2e4d40-31b5-4e53-8675-f16775b3ddb7@group-B46AACECAC68:LeaderElection227] INFO  impl.RaftServerImpl (ServerState.java:setLeader(253)) - de2e4d40-31b5-4e53-8675-f16775b3ddb7@group-B46AACECAC68: change Leader from null to de2e4d40-31b5-4e53-8675-f16775b3ddb7 at term 1 for becomeLeader, leader elected after 5199ms
2019-09-25 12:06:07,101 [159c7809-d8ec-4cf8-a31c-e2f384cc14d2@group-917EDF206353:LeaderElection224] INFO  server.RaftServerConfigKeys (ConfUtils.java:logGet(43)) - raft.server.rpc.sleep.time = 25ms (default)
2019-09-25 12:06:07,101 [992d69e5-6cba-4869-b94d-c8d2dc420a77@group-0DC9EACEC55A:LeaderElection228] INFO  server.RaftServerConfigKeys (ConfUtils.java:logGet(43)) - raft.server.watch.timeout = 10s (default)
2019-09-25 12:06:07,101 [de2e4d40-31b5-4e53-8675-f16775b3ddb7@group-53B5CEC05F10:LeaderElection225] INFO  server.RaftServerConfigKeys (ConfUtils.java:logGet(43)) - raft.server.watch.timeout = 10s (default)
2019-09-25 12:06:07,102 [de2e4d40-31b5-4e53-8675-f16775b3ddb7@group-53B5CEC05F10:LeaderElection225] INFO  server.RaftServerConfigKeys (ConfUtils.java:logGet(43)) - raft.server.watch.timeout.denomination = 1s (default)
2019-09-25 12:06:07,101 [159c7809-d8ec-4cf8-a31c-e2f384cc14d2@group-A589F3DDDADC:LeaderElection226] INFO  impl.RaftServerImpl (ServerState.java:setLeader(253)) - 159c7809-d8ec-4cf8-a31c-e2f384cc14d2@group-A589F3DDDADC: change Leader from null to 159c7809-d8ec-4cf8-a31c-e2f384cc14d2 at term 1 for becomeLeader, leader elected after 5121ms
2019-09-25 12:06:07,102 [de2e4d40-31b5-4e53-8675-f16775b3ddb7@group-53B5CEC05F10:LeaderElection225] INFO  server.RaftServerConfigKeys (ConfUtils.java:logGet(43)) - raft.server.watch.element-limit = 65536 (default)
2019-09-25 12:06:07,102 [992d69e5-6cba-4869-b94d-c8d2dc420a77@group-0DC9EACEC55A:LeaderElection228] INFO  server.RaftServerConfigKeys (ConfUtils.java:logGet(43)) - raft.server.watch.timeout.denomination = 1s (default)
2019-09-25 12:06:07,101 [159c7809-d8ec-4cf8-a31c-e2f384cc14d2@group-917EDF206353:LeaderElection224] INFO  server.RaftServerConfigKeys (ConfUtils.java:logGet(43)) - raft.server.write.element-limit = 4096 (default)
2019-09-25 12:06:07,101 [de2e4d40-31b5-4e53-8675-f16775b3ddb7@group-B46AACECAC68:LeaderElection227] INFO  server.RaftServerConfigKeys (ConfUtils.java:logGet(43)) - raft.server.staging.catchup.gap = 1000 (default)
2019-09-25 12:06:07,102 [159c7809-d8ec-4cf8-a31c-e2f384cc14d2@group-917EDF206353:LeaderElection224] INFO  server.RaftServerConfigKeys (ConfUtils.java:logGet(43)) - raft.server.watch.timeout = 10s (default)
2019-09-25 12:06:07,102 [992d69e5-6cba-4869-b94d-c8d2dc420a77@group-0DC9EACEC55A:LeaderElection228] INFO  server.RaftServerConfigKeys (ConfUtils.java:logGet(43)) - raft.server.watch.element-limit = 65536 (default)
2019-09-25 12:06:07,102 [159c7809-d8ec-4cf8-a31c-e2f384cc14d2@group-A589F3DDDADC:LeaderElection226] INFO  server.RaftServerConfigKeys (ConfUtils.java:logGet(43)) - raft.server.staging.catchup.gap = 1000 (default)
2019-09-25 12:06:07,102 [159c7809-d8ec-4cf8-a31c-e2f384cc14d2@group-917EDF206353:LeaderElection224] INFO  server.RaftServerConfigKeys (ConfUtils.java:logGet(43)) - raft.server.watch.timeout.denomination = 1s (default)
2019-09-25 12:06:07,102 [de2e4d40-31b5-4e53-8675-f16775b3ddb7@group-B46AACECAC68:LeaderElection227] INFO  server.RaftServerConfigKeys (ConfUtils.java:logGet(43)) - raft.server.rpc.sleep.time = 25ms (default)
2019-09-25 12:06:07,103 [159c7809-d8ec-4cf8-a31c-e2f384cc14d2@group-917EDF206353:LeaderElection224] INFO  server.RaftServerConfigKeys (ConfUtils.java:logGet(43)) - raft.server.watch.element-limit = 65536 (default)
2019-09-25 12:06:07,103 [de2e4d40-31b5-4e53-8675-f16775b3ddb7@group-B46AACECAC68:LeaderElection227] INFO  server.RaftServerConfigKeys (ConfUtils.java:logGet(43)) - raft.server.write.element-limit = 4096 (default)
2019-09-25 12:06:07,103 [159c7809-d8ec-4cf8-a31c-e2f384cc14d2@group-A589F3DDDADC:LeaderElection226] INFO  server.RaftServerConfigKeys (ConfUtils.java:logGet(43)) - raft.server.rpc.sleep.time = 25ms (default)
2019-09-25 12:06:07,103 [de2e4d40-31b5-4e53-8675-f16775b3ddb7@group-B46AACECAC68:LeaderElection227] INFO  server.RaftServerConfigKeys (ConfUtils.java:logGet(43)) - raft.server.watch.timeout = 10s (default)
2019-09-25 12:06:07,103 [de2e4d40-31b5-4e53-8675-f16775b3ddb7@group-53B5CEC05F10:LeaderElection225] INFO  impl.RoleInfo (RoleInfo.java:updateAndGet(143)) - de2e4d40-31b5-4e53-8675-f16775b3ddb7: start LeaderState
2019-09-25 12:06:07,103 [de2e4d40-31b5-4e53-8675-f16775b3ddb7@group-B46AACECAC68:LeaderElection227] INFO  server.RaftServerConfigKeys (ConfUtils.java:logGet(43)) - raft.server.watch.timeout.denomination = 1s (default)
2019-09-25 12:06:07,103 [159c7809-d8ec-4cf8-a31c-e2f384cc14d2@group-A589F3DDDADC:LeaderElection226] INFO  server.RaftServerConfigKeys (ConfUtils.java:logGet(43)) - raft.server.write.element-limit = 4096 (default)
2019-09-25 12:06:07,104 [de2e4d40-31b5-4e53-8675-f16775b3ddb7@group-B46AACECAC68:LeaderElection227] INFO  server.RaftServerConfigKeys (ConfUtils.java:logGet(43)) - raft.server.watch.element-limit = 65536 (default)
2019-09-25 12:06:07,104 [de2e4d40-31b5-4e53-8675-f16775b3ddb7@group-53B5CEC05F10:LeaderElection225] INFO  segmented.SegmentedRaftLogWorker (SegmentedRaftLogWorker.java:startLogSegment(380)) - de2e4d40-31b5-4e53-8675-f16775b3ddb7@group-53B5CEC05F10-SegmentedRaftLogWorker: Starting segment from index:0
2019-09-25 12:06:07,104 [159c7809-d8ec-4cf8-a31c-e2f384cc14d2@group-A589F3DDDADC:LeaderElection226] INFO  server.RaftServerConfigKeys (ConfUtils.java:logGet(43)) - raft.server.watch.timeout = 10s (default)
2019-09-25 12:06:07,104 [159c7809-d8ec-4cf8-a31c-e2f384cc14d2@group-A589F3DDDADC:LeaderElection226] INFO  server.RaftServerConfigKeys (ConfUtils.java:logGet(43)) - raft.server.watch.timeout.denomination = 1s (default)
2019-09-25 12:06:07,104 [de2e4d40-31b5-4e53-8675-f16775b3ddb7@group-53B5CEC05F10:LeaderElection225] INFO  impl.RaftServerImpl (ServerState.java:setRaftConf(354)) - de2e4d40-31b5-4e53-8675-f16775b3ddb7@group-53B5CEC05F10: set configuration 0: [de2e4d40-31b5-4e53-8675-f16775b3ddb7:192.168.151.73:38679], old=null at 0
2019-09-25 12:06:07,104 [159c7809-d8ec-4cf8-a31c-e2f384cc14d2@group-A589F3DDDADC:LeaderElection226] INFO  server.RaftServerConfigKeys (ConfUtils.java:logGet(43)) - raft.server.watch.element-limit = 65536 (default)
2019-09-25 12:06:07,107 [992d69e5-6cba-4869-b94d-c8d2dc420a77@group-0DC9EACEC55A:LeaderElection228] INFO  impl.RoleInfo (RoleInfo.java:updateAndGet(143)) - 992d69e5-6cba-4869-b94d-c8d2dc420a77: start LeaderState
2019-09-25 12:06:07,107 [992d69e5-6cba-4869-b94d-c8d2dc420a77@group-0DC9EACEC55A:LeaderElection228] INFO  segmented.SegmentedRaftLogWorker (SegmentedRaftLogWorker.java:startLogSegment(380)) - 992d69e5-6cba-4869-b94d-c8d2dc420a77@group-0DC9EACEC55A-SegmentedRaftLogWorker: Starting segment from index:0
2019-09-25 12:06:07,107 [992d69e5-6cba-4869-b94d-c8d2dc420a77@group-0DC9EACEC55A:LeaderElection228] INFO  impl.RaftServerImpl (ServerState.java:setRaftConf(354)) - 992d69e5-6cba-4869-b94d-c8d2dc420a77@group-0DC9EACEC55A: set configuration 0: [992d69e5-6cba-4869-b94d-c8d2dc420a77:192.168.151.73:40135], old=null at 0
2019-09-25 12:06:07,107 [159c7809-d8ec-4cf8-a31c-e2f384cc14d2@group-917EDF206353:LeaderElection224] INFO  impl.RoleInfo (RoleInfo.java:updateAndGet(143)) - 159c7809-d8ec-4cf8-a31c-e2f384cc14d2: start LeaderState
2019-09-25 12:06:07,108 [159c7809-d8ec-4cf8-a31c-e2f384cc14d2@group-917EDF206353:LeaderElection224] INFO  segmented.SegmentedRaftLogWorker (SegmentedRaftLogWorker.java:startLogSegment(380)) - 159c7809-d8ec-4cf8-a31c-e2f384cc14d2@group-917EDF206353-SegmentedRaftLogWorker: Starting segment from index:0
2019-09-25 12:06:07,108 [159c7809-d8ec-4cf8-a31c-e2f384cc14d2@group-917EDF206353:LeaderElection224] INFO  impl.RaftServerImpl (ServerState.java:setRaftConf(354)) - 159c7809-d8ec-4cf8-a31c-e2f384cc14d2@group-917EDF206353: set configuration 0: [159c7809-d8ec-4cf8-a31c-e2f384cc14d2:192.168.151.73:46254], old=null at 0
2019-09-25 12:06:07,108 [de2e4d40-31b5-4e53-8675-f16775b3ddb7@group-B46AACECAC68:LeaderElection227] INFO  impl.RoleInfo (RoleInfo.java:updateAndGet(143)) - de2e4d40-31b5-4e53-8675-f16775b3ddb7: start LeaderState
2019-09-25 12:06:07,108 [de2e4d40-31b5-4e53-8675-f16775b3ddb7@group-B46AACECAC68:LeaderElection227] INFO  segmented.SegmentedRaftLogWorker (SegmentedRaftLogWorker.java:startLogSegment(380)) - de2e4d40-31b5-4e53-8675-f16775b3ddb7@group-B46AACECAC68-SegmentedRaftLogWorker: Starting segment from index:0
2019-09-25 12:06:07,108 [159c7809-d8ec-4cf8-a31c-e2f384cc14d2@group-A589F3DDDADC:LeaderElection226] INFO  impl.RoleInfo (RoleInfo.java:updateAndGet(143)) - 159c7809-d8ec-4cf8-a31c-e2f384cc14d2: start LeaderState
2019-09-25 12:06:07,108 [de2e4d40-31b5-4e53-8675-f16775b3ddb7@group-B46AACECAC68:LeaderElection227] INFO  impl.RaftServerImpl (ServerState.java:setRaftConf(354)) - de2e4d40-31b5-4e53-8675-f16775b3ddb7@group-B46AACECAC68: set configuration 0: [de2e4d40-31b5-4e53-8675-f16775b3ddb7:192.168.151.73:38679], old=null at 0
2019-09-25 12:06:07,108 [159c7809-d8ec-4cf8-a31c-e2f384cc14d2@group-A589F3DDDADC:LeaderElection226] INFO  segmented.SegmentedRaftLogWorker (SegmentedRaftLogWorker.java:startLogSegment(380)) - 159c7809-d8ec-4cf8-a31c-e2f384cc14d2@group-A589F3DDDADC-SegmentedRaftLogWorker: Starting segment from index:0
2019-09-25 12:06:07,109 [159c7809-d8ec-4cf8-a31c-e2f384cc14d2@group-A589F3DDDADC:LeaderElection226] INFO  impl.RaftServerImpl (ServerState.java:setRaftConf(354)) - 159c7809-d8ec-4cf8-a31c-e2f384cc14d2@group-A589F3DDDADC: set configuration 0: [159c7809-d8ec-4cf8-a31c-e2f384cc14d2:192.168.151.73:46254], old=null at 0
2019-09-25 12:06:07,128 [Thread-3111] INFO  impl.FollowerState (FollowerState.java:run(106)) - de2e4d40-31b5-4e53-8675-f16775b3ddb7:group-D10484B12F98 changes to CANDIDATE, lastRpcTime:5104, electionTimeout:5104ms
2019-09-25 12:06:07,129 [Thread-3111] INFO  impl.RoleInfo (RoleInfo.java:shutdownFollowerState(121)) - de2e4d40-31b5-4e53-8675-f16775b3ddb7: shutdown FollowerState
2019-09-25 12:06:07,129 [Thread-3111] INFO  impl.RaftServerImpl (RaftServerImpl.java:setRole(174)) - de2e4d40-31b5-4e53-8675-f16775b3ddb7@group-D10484B12F98: changes role from  FOLLOWER to CANDIDATE at term 0 for changeToCandidate
2019-09-25 12:06:07,129 [Thread-3111] INFO  impl.RoleInfo (RoleInfo.java:updateAndGet(143)) - de2e4d40-31b5-4e53-8675-f16775b3ddb7: start LeaderElection
2019-09-25 12:06:07,183 [159c7809-d8ec-4cf8-a31c-e2f384cc14d2@group-A589F3DDDADC-SegmentedRaftLogWorker] INFO  segmented.SegmentedRaftLogWorker (SegmentedRaftLogWorker.java:execute(569)) - 159c7809-d8ec-4cf8-a31c-e2f384cc14d2@group-A589F3DDDADC-SegmentedRaftLogWorker: created new log segment /workdir/hadoop-ozone/integration-test/target/test-dir/MiniOzoneClusterImpl-757e75c3-29a2-41d1-adb4-db6d7805a8c7/datanode-0/data/ratis/fb1871a0-1eef-4388-881f-a589f3dddadc/current/log_inprogress_0
2019-09-25 12:06:07,183 [de2e4d40-31b5-4e53-8675-f16775b3ddb7@group-D10484B12F98:LeaderElection229] INFO  impl.LeaderElection (LeaderElection.java:askForVotes(182)) - de2e4d40-31b5-4e53-8675-f16775b3ddb7@group-D10484B12F98:LeaderElection229: begin an election at term 1 for -1: [de2e4d40-31b5-4e53-8675-f16775b3ddb7:192.168.151.73:38679], old=null
2019-09-25 12:06:07,183 [de2e4d40-31b5-4e53-8675-f16775b3ddb7@group-53B5CEC05F10-SegmentedRaftLogWorker] INFO  segmented.SegmentedRaftLogWorker (SegmentedRaftLogWorker.java:execute(569)) - de2e4d40-31b5-4e53-8675-f16775b3ddb7@group-53B5CEC05F10-SegmentedRaftLogWorker: created new log segment /workdir/hadoop-ozone/integration-test/target/test-dir/MiniOzoneClusterImpl-757e75c3-29a2-41d1-adb4-db6d7805a8c7/datanode-1/data/ratis/0f8e071a-6168-4773-a18a-53b5cec05f10/current/log_inprogress_0
2019-09-25 12:06:07,183 [159c7809-d8ec-4cf8-a31c-e2f384cc14d2@group-917EDF206353-SegmentedRaftLogWorker] INFO  segmented.SegmentedRaftLogWorker (SegmentedRaftLogWorker.java:execute(569)) - 159c7809-d8ec-4cf8-a31c-e2f384cc14d2@group-917EDF206353-SegmentedRaftLogWorker: created new log segment /workdir/hadoop-ozone/integration-test/target/test-dir/MiniOzoneClusterImpl-757e75c3-29a2-41d1-adb4-db6d7805a8c7/datanode-0/data/ratis/2dab06fc-0fd9-40dd-9326-917edf206353/current/log_inprogress_0
2019-09-25 12:06:07,183 [de2e4d40-31b5-4e53-8675-f16775b3ddb7@group-B46AACECAC68-SegmentedRaftLogWorker] INFO  segmented.SegmentedRaftLogWorker (SegmentedRaftLogWorker.java:execute(569)) - de2e4d40-31b5-4e53-8675-f16775b3ddb7@group-B46AACECAC68-SegmentedRaftLogWorker: created new log segment /workdir/hadoop-ozone/integration-test/target/test-dir/MiniOzoneClusterImpl-757e75c3-29a2-41d1-adb4-db6d7805a8c7/datanode-1/data/ratis/d16fd746-e728-43fa-b00f-b46aacecac68/current/log_inprogress_0
2019-09-25 12:06:07,183 [992d69e5-6cba-4869-b94d-c8d2dc420a77@group-0DC9EACEC55A-SegmentedRaftLogWorker] INFO  segmented.SegmentedRaftLogWorker (SegmentedRaftLogWorker.java:execute(569)) - 992d69e5-6cba-4869-b94d-c8d2dc420a77@group-0DC9EACEC55A-SegmentedRaftLogWorker: created new log segment /workdir/hadoop-ozone/integration-test/target/test-dir/MiniOzoneClusterImpl-757e75c3-29a2-41d1-adb4-db6d7805a8c7/datanode-2/data/ratis/7036324b-5385-4d1b-8d72-0dc9eacec55a/current/log_inprogress_0
2019-09-25 12:06:07,183 [Thread-3123] INFO  impl.FollowerState (FollowerState.java:run(106)) - de2e4d40-31b5-4e53-8675-f16775b3ddb7:group-D20A09E9E1E1 changes to CANDIDATE, lastRpcTime:5000, electionTimeout:5000ms
2019-09-25 12:06:07,183 [de2e4d40-31b5-4e53-8675-f16775b3ddb7@group-D10484B12F98:LeaderElection229] INFO  impl.RoleInfo (RoleInfo.java:shutdownLeaderElection(134)) - de2e4d40-31b5-4e53-8675-f16775b3ddb7: shutdown LeaderElection
2019-09-25 12:06:07,184 [Thread-3123] INFO  impl.RoleInfo (RoleInfo.java:shutdownFollowerState(121)) - de2e4d40-31b5-4e53-8675-f16775b3ddb7: shutdown FollowerState
2019-09-25 12:06:07,184 [de2e4d40-31b5-4e53-8675-f16775b3ddb7@group-D10484B12F98:LeaderElection229] INFO  impl.RaftServerImpl (RaftServerImpl.java:setRole(174)) - de2e4d40-31b5-4e53-8675-f16775b3ddb7@group-D10484B12F98: changes role from CANDIDATE to LEADER at term 1 for changeToLeader
2019-09-25 12:06:07,184 [Thread-3123] INFO  impl.RaftServerImpl (RaftServerImpl.java:setRole(174)) - de2e4d40-31b5-4e53-8675-f16775b3ddb7@group-D20A09E9E1E1: changes role from  FOLLOWER to CANDIDATE at term 0 for changeToCandidate
2019-09-25 12:06:07,184 [de2e4d40-31b5-4e53-8675-f16775b3ddb7@group-D10484B12F98:LeaderElection229] INFO  impl.RaftServerImpl (ServerState.java:setLeader(253)) - de2e4d40-31b5-4e53-8675-f16775b3ddb7@group-D10484B12F98: change Leader from null to de2e4d40-31b5-4e53-8675-f16775b3ddb7 at term 1 for becomeLeader, leader elected after 5166ms
2019-09-25 12:06:07,184 [Thread-3123] INFO  impl.RoleInfo (RoleInfo.java:updateAndGet(143)) - de2e4d40-31b5-4e53-8675-f16775b3ddb7: start LeaderElection
2019-09-25 12:06:07,184 [de2e4d40-31b5-4e53-8675-f16775b3ddb7@group-D10484B12F98:LeaderElection229] INFO  server.RaftServerConfigKeys (ConfUtils.java:logGet(43)) - raft.server.staging.catchup.gap = 1000 (default)
2019-09-25 12:06:07,184 [de2e4d40-31b5-4e53-8675-f16775b3ddb7@group-D10484B12F98:LeaderElection229] INFO  server.RaftServerConfigKeys (ConfUtils.java:logGet(43)) - raft.server.rpc.sleep.time = 25ms (default)
2019-09-25 12:06:07,191 [de2e4d40-31b5-4e53-8675-f16775b3ddb7@group-D10484B12F98:LeaderElection229] INFO  server.RaftServerConfigKeys (ConfUtils.java:logGet(43)) - raft.server.write.element-limit = 4096 (default)
2019-09-25 12:06:07,191 [de2e4d40-31b5-4e53-8675-f16775b3ddb7@group-D10484B12F98:LeaderElection229] INFO  server.RaftServerConfigKeys (ConfUtils.java:logGet(43)) - raft.server.watch.timeout = 10s (default)
2019-09-25 12:06:07,191 [de2e4d40-31b5-4e53-8675-f16775b3ddb7@group-D10484B12F98:LeaderElection229] INFO  server.RaftServerConfigKeys (ConfUtils.java:logGet(43)) - raft.server.watch.timeout.denomination = 1s (default)
2019-09-25 12:06:07,191 [de2e4d40-31b5-4e53-8675-f16775b3ddb7@group-D10484B12F98:LeaderElection229] INFO  server.RaftServerConfigKeys (ConfUtils.java:logGet(43)) - raft.server.watch.element-limit = 65536 (default)
2019-09-25 12:06:07,193 [de2e4d40-31b5-4e53-8675-f16775b3ddb7@group-D10484B12F98:LeaderElection229] INFO  impl.RoleInfo (RoleInfo.java:updateAndGet(143)) - de2e4d40-31b5-4e53-8675-f16775b3ddb7: start LeaderState
2019-09-25 12:06:07,193 [de2e4d40-31b5-4e53-8675-f16775b3ddb7@group-D10484B12F98:LeaderElection229] INFO  segmented.SegmentedRaftLogWorker (SegmentedRaftLogWorker.java:startLogSegment(380)) - de2e4d40-31b5-4e53-8675-f16775b3ddb7@group-D10484B12F98-SegmentedRaftLogWorker: Starting segment from index:0
2019-09-25 12:06:07,194 [de2e4d40-31b5-4e53-8675-f16775b3ddb7@group-D10484B12F98:LeaderElection229] INFO  impl.RaftServerImpl (ServerState.java:setRaftConf(354)) - de2e4d40-31b5-4e53-8675-f16775b3ddb7@group-D10484B12F98: set configuration 0: [de2e4d40-31b5-4e53-8675-f16775b3ddb7:192.168.151.73:38679], old=null at 0
2019-09-25 12:06:07,210 [de2e4d40-31b5-4e53-8675-f16775b3ddb7@group-D20A09E9E1E1:LeaderElection230] INFO  impl.LeaderElection (LeaderElection.java:askForVotes(182)) - de2e4d40-31b5-4e53-8675-f16775b3ddb7@group-D20A09E9E1E1:LeaderElection230: begin an election at term 1 for -1: [de2e4d40-31b5-4e53-8675-f16775b3ddb7:192.168.151.73:38679], old=null
2019-09-25 12:06:07,210 [de2e4d40-31b5-4e53-8675-f16775b3ddb7@group-D20A09E9E1E1:LeaderElection230] INFO  impl.RoleInfo (RoleInfo.java:shutdownLeaderElection(134)) - de2e4d40-31b5-4e53-8675-f16775b3ddb7: shutdown LeaderElection
2019-09-25 12:06:07,210 [de2e4d40-31b5-4e53-8675-f16775b3ddb7@group-D20A09E9E1E1:LeaderElection230] INFO  impl.RaftServerImpl (RaftServerImpl.java:setRole(174)) - de2e4d40-31b5-4e53-8675-f16775b3ddb7@group-D20A09E9E1E1: changes role from CANDIDATE to LEADER at term 1 for changeToLeader
2019-09-25 12:06:07,211 [de2e4d40-31b5-4e53-8675-f16775b3ddb7@group-D20A09E9E1E1:LeaderElection230] INFO  impl.RaftServerImpl (ServerState.java:setLeader(253)) - de2e4d40-31b5-4e53-8675-f16775b3ddb7@group-D20A09E9E1E1: change Leader from null to de2e4d40-31b5-4e53-8675-f16775b3ddb7 at term 1 for becomeLeader, leader elected after 5034ms
2019-09-25 12:06:07,211 [de2e4d40-31b5-4e53-8675-f16775b3ddb7@group-D20A09E9E1E1:LeaderElection230] INFO  server.RaftServerConfigKeys (ConfUtils.java:logGet(43)) - raft.server.staging.catchup.gap = 1000 (default)
2019-09-25 12:06:07,211 [de2e4d40-31b5-4e53-8675-f16775b3ddb7@group-D20A09E9E1E1:LeaderElection230] INFO  server.RaftServerConfigKeys (ConfUtils.java:logGet(43)) - raft.server.rpc.sleep.time = 25ms (default)
2019-09-25 12:06:07,211 [de2e4d40-31b5-4e53-8675-f16775b3ddb7@group-D20A09E9E1E1:LeaderElection230] INFO  server.RaftServerConfigKeys (ConfUtils.java:logGet(43)) - raft.server.write.element-limit = 4096 (default)
2019-09-25 12:06:07,211 [de2e4d40-31b5-4e53-8675-f16775b3ddb7@group-D20A09E9E1E1:LeaderElection230] INFO  server.RaftServerConfigKeys (ConfUtils.java:logGet(43)) - raft.server.watch.timeout = 10s (default)
2019-09-25 12:06:07,211 [de2e4d40-31b5-4e53-8675-f16775b3ddb7@group-D20A09E9E1E1:LeaderElection230] INFO  server.RaftServerConfigKeys (ConfUtils.java:logGet(43)) - raft.server.watch.timeout.denomination = 1s (default)
2019-09-25 12:06:07,211 [de2e4d40-31b5-4e53-8675-f16775b3ddb7@group-D20A09E9E1E1:LeaderElection230] INFO  server.RaftServerConfigKeys (ConfUtils.java:logGet(43)) - raft.server.watch.element-limit = 65536 (default)
2019-09-25 12:06:07,213 [de2e4d40-31b5-4e53-8675-f16775b3ddb7@group-D20A09E9E1E1:LeaderElection230] INFO  impl.RoleInfo (RoleInfo.java:updateAndGet(143)) - de2e4d40-31b5-4e53-8675-f16775b3ddb7: start LeaderState
2019-09-25 12:06:07,213 [de2e4d40-31b5-4e53-8675-f16775b3ddb7@group-D20A09E9E1E1:LeaderElection230] INFO  segmented.SegmentedRaftLogWorker (SegmentedRaftLogWorker.java:startLogSegment(380)) - de2e4d40-31b5-4e53-8675-f16775b3ddb7@group-D20A09E9E1E1-SegmentedRaftLogWorker: Starting segment from index:0
2019-09-25 12:06:07,214 [de2e4d40-31b5-4e53-8675-f16775b3ddb7@group-D20A09E9E1E1:LeaderElection230] INFO  impl.RaftServerImpl (ServerState.java:setRaftConf(354)) - de2e4d40-31b5-4e53-8675-f16775b3ddb7@group-D20A09E9E1E1: set configuration 0: [de2e4d40-31b5-4e53-8675-f16775b3ddb7:192.168.151.73:38679], old=null at 0
2019-09-25 12:06:07,215 [Thread-3117] INFO  impl.FollowerState (FollowerState.java:run(106)) - 992d69e5-6cba-4869-b94d-c8d2dc420a77:group-E4B4678FB402 changes to CANDIDATE, lastRpcTime:5112, electionTimeout:5112ms
2019-09-25 12:06:07,215 [Thread-3117] INFO  impl.RoleInfo (RoleInfo.java:shutdownFollowerState(121)) - 992d69e5-6cba-4869-b94d-c8d2dc420a77: shutdown FollowerState
2019-09-25 12:06:07,215 [Thread-3117] INFO  impl.RaftServerImpl (RaftServerImpl.java:setRole(174)) - 992d69e5-6cba-4869-b94d-c8d2dc420a77@group-E4B4678FB402: changes role from  FOLLOWER to CANDIDATE at term 0 for changeToCandidate
2019-09-25 12:06:07,215 [Thread-3117] INFO  impl.RoleInfo (RoleInfo.java:updateAndGet(143)) - 992d69e5-6cba-4869-b94d-c8d2dc420a77: start LeaderElection
2019-09-25 12:06:07,256 [de2e4d40-31b5-4e53-8675-f16775b3ddb7@group-D10484B12F98-SegmentedRaftLogWorker] INFO  segmented.SegmentedRaftLogWorker (SegmentedRaftLogWorker.java:execute(569)) - de2e4d40-31b5-4e53-8675-f16775b3ddb7@group-D10484B12F98-SegmentedRaftLogWorker: created new log segment /workdir/hadoop-ozone/integration-test/target/test-dir/MiniOzoneClusterImpl-757e75c3-29a2-41d1-adb4-db6d7805a8c7/datanode-1/data/ratis/a9b14e7e-3761-4102-95ac-d10484b12f98/current/log_inprogress_0
2019-09-25 12:06:07,257 [992d69e5-6cba-4869-b94d-c8d2dc420a77@group-E4B4678FB402:LeaderElection231] INFO  impl.LeaderElection (LeaderElection.java:askForVotes(182)) - 992d69e5-6cba-4869-b94d-c8d2dc420a77@group-E4B4678FB402:LeaderElection231: begin an election at term 1 for -1: [992d69e5-6cba-4869-b94d-c8d2dc420a77:192.168.151.73:40135], old=null
2019-09-25 12:06:07,256 [de2e4d40-31b5-4e53-8675-f16775b3ddb7@group-D20A09E9E1E1-SegmentedRaftLogWorker] INFO  segmented.SegmentedRaftLogWorker (SegmentedRaftLogWorker.java:execute(569)) - de2e4d40-31b5-4e53-8675-f16775b3ddb7@group-D20A09E9E1E1-SegmentedRaftLogWorker: created new log segment /workdir/hadoop-ozone/integration-test/target/test-dir/MiniOzoneClusterImpl-757e75c3-29a2-41d1-adb4-db6d7805a8c7/datanode-1/data/ratis/2e387404-9032-4672-91cf-d20a09e9e1e1/current/log_inprogress_0
2019-09-25 12:06:07,257 [992d69e5-6cba-4869-b94d-c8d2dc420a77@group-E4B4678FB402:LeaderElection231] INFO  impl.RoleInfo (RoleInfo.java:shutdownLeaderElection(134)) - 992d69e5-6cba-4869-b94d-c8d2dc420a77: shutdown LeaderElection
2019-09-25 12:06:07,257 [992d69e5-6cba-4869-b94d-c8d2dc420a77@group-E4B4678FB402:LeaderElection231] INFO  impl.RaftServerImpl (RaftServerImpl.java:setRole(174)) - 992d69e5-6cba-4869-b94d-c8d2dc420a77@group-E4B4678FB402: changes role from CANDIDATE to LEADER at term 1 for changeToLeader
2019-09-25 12:06:07,257 [992d69e5-6cba-4869-b94d-c8d2dc420a77@group-E4B4678FB402:LeaderElection231] INFO  impl.RaftServerImpl (ServerState.java:setLeader(253)) - 992d69e5-6cba-4869-b94d-c8d2dc420a77@group-E4B4678FB402: change Leader from null to 992d69e5-6cba-4869-b94d-c8d2dc420a77 at term 1 for becomeLeader, leader elected after 5160ms
2019-09-25 12:06:07,257 [992d69e5-6cba-4869-b94d-c8d2dc420a77@group-E4B4678FB402:LeaderElection231] INFO  server.RaftServerConfigKeys (ConfUtils.java:logGet(43)) - raft.server.staging.catchup.gap = 1000 (default)
2019-09-25 12:06:07,257 [992d69e5-6cba-4869-b94d-c8d2dc420a77@group-E4B4678FB402:LeaderElection231] INFO  server.RaftServerConfigKeys (ConfUtils.java:logGet(43)) - raft.server.rpc.sleep.time = 25ms (default)
2019-09-25 12:06:07,258 [992d69e5-6cba-4869-b94d-c8d2dc420a77@group-E4B4678FB402:LeaderElection231] INFO  server.RaftServerConfigKeys (ConfUtils.java:logGet(43)) - raft.server.write.element-limit = 4096 (default)
2019-09-25 12:06:07,258 [992d69e5-6cba-4869-b94d-c8d2dc420a77@group-E4B4678FB402:LeaderElection231] INFO  server.RaftServerConfigKeys (ConfUtils.java:logGet(43)) - raft.server.watch.timeout = 10s (default)
2019-09-25 12:06:07,258 [992d69e5-6cba-4869-b94d-c8d2dc420a77@group-E4B4678FB402:LeaderElection231] INFO  server.RaftServerConfigKeys (ConfUtils.java:logGet(43)) - raft.server.watch.timeout.denomination = 1s (default)
2019-09-25 12:06:07,258 [992d69e5-6cba-4869-b94d-c8d2dc420a77@group-E4B4678FB402:LeaderElection231] INFO  server.RaftServerConfigKeys (ConfUtils.java:logGet(43)) - raft.server.watch.element-limit = 65536 (default)
2019-09-25 12:06:07,259 [Thread-3120] INFO  impl.FollowerState (FollowerState.java:run(106)) - 159c7809-d8ec-4cf8-a31c-e2f384cc14d2:group-A74500E63B31 changes to CANDIDATE, lastRpcTime:5116, electionTimeout:5116ms
2019-09-25 12:06:07,259 [Thread-3120] INFO  impl.RoleInfo (RoleInfo.java:shutdownFollowerState(121)) - 159c7809-d8ec-4cf8-a31c-e2f384cc14d2: shutdown FollowerState
2019-09-25 12:06:07,259 [Thread-3120] INFO  impl.RaftServerImpl (RaftServerImpl.java:setRole(174)) - 159c7809-d8ec-4cf8-a31c-e2f384cc14d2@group-A74500E63B31: changes role from  FOLLOWER to CANDIDATE at term 0 for changeToCandidate
2019-09-25 12:06:07,259 [Thread-3120] INFO  impl.RoleInfo (RoleInfo.java:updateAndGet(143)) - 159c7809-d8ec-4cf8-a31c-e2f384cc14d2: start LeaderElection
2019-09-25 12:06:07,265 [992d69e5-6cba-4869-b94d-c8d2dc420a77@group-E4B4678FB402:LeaderElection231] INFO  impl.RoleInfo (RoleInfo.java:updateAndGet(143)) - 992d69e5-6cba-4869-b94d-c8d2dc420a77: start LeaderState
2019-09-25 12:06:07,266 [992d69e5-6cba-4869-b94d-c8d2dc420a77@group-E4B4678FB402:LeaderElection231] INFO  segmented.SegmentedRaftLogWorker (SegmentedRaftLogWorker.java:startLogSegment(380)) - 992d69e5-6cba-4869-b94d-c8d2dc420a77@group-E4B4678FB402-SegmentedRaftLogWorker: Starting segment from index:0
2019-09-25 12:06:07,266 [992d69e5-6cba-4869-b94d-c8d2dc420a77@group-E4B4678FB402:LeaderElection231] INFO  impl.RaftServerImpl (ServerState.java:setRaftConf(354)) - 992d69e5-6cba-4869-b94d-c8d2dc420a77@group-E4B4678FB402: set configuration 0: [992d69e5-6cba-4869-b94d-c8d2dc420a77:192.168.151.73:40135], old=null at 0
2019-09-25 12:06:07,275 [Thread-3126] INFO  impl.FollowerState (FollowerState.java:run(106)) - 2bd0627d-72ad-45ef-ab03-a55c09ad6c3a:group-F5FDC0374C07 changes to CANDIDATE, lastRpcTime:5056, electionTimeout:5056ms
2019-09-25 12:06:07,275 [Thread-3126] INFO  impl.RoleInfo (RoleInfo.java:shutdownFollowerState(121)) - 2bd0627d-72ad-45ef-ab03-a55c09ad6c3a: shutdown FollowerState
2019-09-25 12:06:07,275 [Thread-3126] INFO  impl.RaftServerImpl (RaftServerImpl.java:setRole(174)) - 2bd0627d-72ad-45ef-ab03-a55c09ad6c3a@group-F5FDC0374C07: changes role from  FOLLOWER to CANDIDATE at term 0 for changeToCandidate
2019-09-25 12:06:07,275 [Thread-3126] INFO  impl.RoleInfo (RoleInfo.java:updateAndGet(143)) - 2bd0627d-72ad-45ef-ab03-a55c09ad6c3a: start LeaderElection
2019-09-25 12:06:07,306 [159c7809-d8ec-4cf8-a31c-e2f384cc14d2@group-A74500E63B31:LeaderElection232] INFO  impl.LeaderElection (LeaderElection.java:askForVotes(182)) - 159c7809-d8ec-4cf8-a31c-e2f384cc14d2@group-A74500E63B31:LeaderElection232: begin an election at term 1 for -1: [159c7809-d8ec-4cf8-a31c-e2f384cc14d2:192.168.151.73:46254], old=null
2019-09-25 12:06:07,306 [159c7809-d8ec-4cf8-a31c-e2f384cc14d2@group-A74500E63B31:LeaderElection232] INFO  impl.RoleInfo (RoleInfo.java:shutdownLeaderElection(134)) - 159c7809-d8ec-4cf8-a31c-e2f384cc14d2: shutdown LeaderElection
2019-09-25 12:06:07,306 [159c7809-d8ec-4cf8-a31c-e2f384cc14d2@group-A74500E63B31:LeaderElection232] INFO  impl.RaftServerImpl (RaftServerImpl.java:setRole(174)) - 159c7809-d8ec-4cf8-a31c-e2f384cc14d2@group-A74500E63B31: changes role from CANDIDATE to LEADER at term 1 for changeToLeader
2019-09-25 12:06:07,306 [159c7809-d8ec-4cf8-a31c-e2f384cc14d2@group-A74500E63B31:LeaderElection232] INFO  impl.RaftServerImpl (ServerState.java:setLeader(253)) - 159c7809-d8ec-4cf8-a31c-e2f384cc14d2@group-A74500E63B31: change Leader from null to 159c7809-d8ec-4cf8-a31c-e2f384cc14d2 at term 1 for becomeLeader, leader elected after 5170ms
2019-09-25 12:06:07,306 [159c7809-d8ec-4cf8-a31c-e2f384cc14d2@group-A74500E63B31:LeaderElection232] INFO  server.RaftServerConfigKeys (ConfUtils.java:logGet(43)) - raft.server.staging.catchup.gap = 1000 (default)
2019-09-25 12:06:07,307 [159c7809-d8ec-4cf8-a31c-e2f384cc14d2@group-A74500E63B31:LeaderElection232] INFO  server.RaftServerConfigKeys (ConfUtils.java:logGet(43)) - raft.server.rpc.sleep.time = 25ms (default)
2019-09-25 12:06:07,307 [159c7809-d8ec-4cf8-a31c-e2f384cc14d2@group-A74500E63B31:LeaderElection232] INFO  server.RaftServerConfigKeys (ConfUtils.java:logGet(43)) - raft.server.write.element-limit = 4096 (default)
2019-09-25 12:06:07,307 [159c7809-d8ec-4cf8-a31c-e2f384cc14d2@group-A74500E63B31:LeaderElection232] INFO  server.RaftServerConfigKeys (ConfUtils.java:logGet(43)) - raft.server.watch.timeout = 10s (default)
2019-09-25 12:06:07,307 [159c7809-d8ec-4cf8-a31c-e2f384cc14d2@group-A74500E63B31:LeaderElection232] INFO  server.RaftServerConfigKeys (ConfUtils.java:logGet(43)) - raft.server.watch.timeout.denomination = 1s (default)
2019-09-25 12:06:07,307 [159c7809-d8ec-4cf8-a31c-e2f384cc14d2@group-A74500E63B31:LeaderElection232] INFO  server.RaftServerConfigKeys (ConfUtils.java:logGet(43)) - raft.server.watch.element-limit = 65536 (default)
2019-09-25 12:06:07,309 [159c7809-d8ec-4cf8-a31c-e2f384cc14d2@group-A74500E63B31:LeaderElection232] INFO  impl.RoleInfo (RoleInfo.java:updateAndGet(143)) - 159c7809-d8ec-4cf8-a31c-e2f384cc14d2: start LeaderState
2019-09-25 12:06:07,309 [159c7809-d8ec-4cf8-a31c-e2f384cc14d2@group-A74500E63B31:LeaderElection232] INFO  segmented.SegmentedRaftLogWorker (SegmentedRaftLogWorker.java:startLogSegment(380)) - 159c7809-d8ec-4cf8-a31c-e2f384cc14d2@group-A74500E63B31-SegmentedRaftLogWorker: Starting segment from index:0
2019-09-25 12:06:07,309 [159c7809-d8ec-4cf8-a31c-e2f384cc14d2@group-A74500E63B31:LeaderElection232] INFO  impl.RaftServerImpl (ServerState.java:setRaftConf(354)) - 159c7809-d8ec-4cf8-a31c-e2f384cc14d2@group-A74500E63B31: set configuration 0: [159c7809-d8ec-4cf8-a31c-e2f384cc14d2:192.168.151.73:46254], old=null at 0
2019-09-25 12:06:07,330 [992d69e5-6cba-4869-b94d-c8d2dc420a77@group-E4B4678FB402-SegmentedRaftLogWorker] INFO  segmented.SegmentedRaftLogWorker (SegmentedRaftLogWorker.java:execute(569)) - 992d69e5-6cba-4869-b94d-c8d2dc420a77@group-E4B4678FB402-SegmentedRaftLogWorker: created new log segment /workdir/hadoop-ozone/integration-test/target/test-dir/MiniOzoneClusterImpl-757e75c3-29a2-41d1-adb4-db6d7805a8c7/datanode-2/data/ratis/c9d61d13-b8c4-466f-929d-e4b4678fb402/current/log_inprogress_0
2019-09-25 12:06:07,331 [2bd0627d-72ad-45ef-ab03-a55c09ad6c3a@group-F5FDC0374C07:LeaderElection233] INFO  impl.LeaderElection (LeaderElection.java:askForVotes(182)) - 2bd0627d-72ad-45ef-ab03-a55c09ad6c3a@group-F5FDC0374C07:LeaderElection233: begin an election at term 1 for -1: [2bd0627d-72ad-45ef-ab03-a55c09ad6c3a:192.168.151.73:33385], old=null
2019-09-25 12:06:07,331 [2bd0627d-72ad-45ef-ab03-a55c09ad6c3a@group-F5FDC0374C07:LeaderElection233] INFO  impl.RoleInfo (RoleInfo.java:shutdownLeaderElection(134)) - 2bd0627d-72ad-45ef-ab03-a55c09ad6c3a: shutdown LeaderElection
2019-09-25 12:06:07,331 [2bd0627d-72ad-45ef-ab03-a55c09ad6c3a@group-F5FDC0374C07:LeaderElection233] INFO  impl.RaftServerImpl (RaftServerImpl.java:setRole(174)) - 2bd0627d-72ad-45ef-ab03-a55c09ad6c3a@group-F5FDC0374C07: changes role from CANDIDATE to LEADER at term 1 for changeToLeader
2019-09-25 12:06:07,331 [2bd0627d-72ad-45ef-ab03-a55c09ad6c3a@group-F5FDC0374C07:LeaderElection233] INFO  impl.RaftServerImpl (ServerState.java:setLeader(253)) - 2bd0627d-72ad-45ef-ab03-a55c09ad6c3a@group-F5FDC0374C07: change Leader from null to 2bd0627d-72ad-45ef-ab03-a55c09ad6c3a at term 1 for becomeLeader, leader elected after 5120ms
2019-09-25 12:06:07,331 [2bd0627d-72ad-45ef-ab03-a55c09ad6c3a@group-F5FDC0374C07:LeaderElection233] INFO  server.RaftServerConfigKeys (ConfUtils.java:logGet(43)) - raft.server.staging.catchup.gap = 1000 (default)
2019-09-25 12:06:07,331 [2bd0627d-72ad-45ef-ab03-a55c09ad6c3a@group-F5FDC0374C07:LeaderElection233] INFO  server.RaftServerConfigKeys (ConfUtils.java:logGet(43)) - raft.server.rpc.sleep.time = 25ms (default)
2019-09-25 12:06:07,331 [2bd0627d-72ad-45ef-ab03-a55c09ad6c3a@group-F5FDC0374C07:LeaderElection233] INFO  server.RaftServerConfigKeys (ConfUtils.java:logGet(43)) - raft.server.write.element-limit = 4096 (default)
2019-09-25 12:06:07,331 [2bd0627d-72ad-45ef-ab03-a55c09ad6c3a@group-F5FDC0374C07:LeaderElection233] INFO  server.RaftServerConfigKeys (ConfUtils.java:logGet(43)) - raft.server.watch.timeout = 10s (default)
2019-09-25 12:06:07,331 [2bd0627d-72ad-45ef-ab03-a55c09ad6c3a@group-F5FDC0374C07:LeaderElection233] INFO  server.RaftServerConfigKeys (ConfUtils.java:logGet(43)) - raft.server.watch.timeout.denomination = 1s (default)
2019-09-25 12:06:07,331 [2bd0627d-72ad-45ef-ab03-a55c09ad6c3a@group-F5FDC0374C07:LeaderElection233] INFO  server.RaftServerConfigKeys (ConfUtils.java:logGet(43)) - raft.server.watch.element-limit = 65536 (default)
2019-09-25 12:06:07,332 [2bd0627d-72ad-45ef-ab03-a55c09ad6c3a@group-F5FDC0374C07:LeaderElection233] INFO  impl.RoleInfo (RoleInfo.java:updateAndGet(143)) - 2bd0627d-72ad-45ef-ab03-a55c09ad6c3a: start LeaderState
2019-09-25 12:06:07,333 [2bd0627d-72ad-45ef-ab03-a55c09ad6c3a@group-F5FDC0374C07:LeaderElection233] INFO  segmented.SegmentedRaftLogWorker (SegmentedRaftLogWorker.java:startLogSegment(380)) - 2bd0627d-72ad-45ef-ab03-a55c09ad6c3a@group-F5FDC0374C07-SegmentedRaftLogWorker: Starting segment from index:0
2019-09-25 12:06:07,333 [2bd0627d-72ad-45ef-ab03-a55c09ad6c3a@group-F5FDC0374C07:LeaderElection233] INFO  impl.RaftServerImpl (ServerState.java:setRaftConf(354)) - 2bd0627d-72ad-45ef-ab03-a55c09ad6c3a@group-F5FDC0374C07: set configuration 0: [2bd0627d-72ad-45ef-ab03-a55c09ad6c3a:192.168.151.73:33385], old=null at 0
2019-09-25 12:06:07,367 [159c7809-d8ec-4cf8-a31c-e2f384cc14d2@group-A74500E63B31-SegmentedRaftLogWorker] INFO  segmented.SegmentedRaftLogWorker (SegmentedRaftLogWorker.java:execute(569)) - 159c7809-d8ec-4cf8-a31c-e2f384cc14d2@group-A74500E63B31-SegmentedRaftLogWorker: created new log segment /workdir/hadoop-ozone/integration-test/target/test-dir/MiniOzoneClusterImpl-757e75c3-29a2-41d1-adb4-db6d7805a8c7/datanode-0/data/ratis/61734bce-cac1-4369-ae4d-a74500e63b31/current/log_inprogress_0
2019-09-25 12:06:07,369 [2bd0627d-72ad-45ef-ab03-a55c09ad6c3a@group-F5FDC0374C07-SegmentedRaftLogWorker] INFO  segmented.SegmentedRaftLogWorker (SegmentedRaftLogWorker.java:execute(569)) - 2bd0627d-72ad-45ef-ab03-a55c09ad6c3a@group-F5FDC0374C07-SegmentedRaftLogWorker: created new log segment /workdir/hadoop-ozone/integration-test/target/test-dir/MiniOzoneClusterImpl-757e75c3-29a2-41d1-adb4-db6d7805a8c7/datanode-3/data/ratis/899de903-8f25-4fd3-8a1c-f5fdc0374c07/current/log_inprogress_0
2019-09-25 12:06:07,387 [Thread-3129] INFO  impl.FollowerState (FollowerState.java:run(106)) - de2e4d40-31b5-4e53-8675-f16775b3ddb7:group-5588D645AD65 changes to CANDIDATE, lastRpcTime:5129, electionTimeout:5129ms
2019-09-25 12:06:07,387 [Thread-3129] INFO  impl.RoleInfo (RoleInfo.java:shutdownFollowerState(121)) - de2e4d40-31b5-4e53-8675-f16775b3ddb7: shutdown FollowerState
2019-09-25 12:06:07,387 [Thread-3129] INFO  impl.RaftServerImpl (RaftServerImpl.java:setRole(174)) - de2e4d40-31b5-4e53-8675-f16775b3ddb7@group-5588D645AD65: changes role from  FOLLOWER to CANDIDATE at term 0 for changeToCandidate
2019-09-25 12:06:07,387 [Thread-3129] INFO  impl.RoleInfo (RoleInfo.java:updateAndGet(143)) - de2e4d40-31b5-4e53-8675-f16775b3ddb7: start LeaderElection
2019-09-25 12:06:07,406 [de2e4d40-31b5-4e53-8675-f16775b3ddb7@group-5588D645AD65:LeaderElection234] INFO  impl.LeaderElection (LeaderElection.java:askForVotes(182)) - de2e4d40-31b5-4e53-8675-f16775b3ddb7@group-5588D645AD65:LeaderElection234: begin an election at term 1 for -1: [de2e4d40-31b5-4e53-8675-f16775b3ddb7:192.168.151.73:38679], old=null
2019-09-25 12:06:07,406 [de2e4d40-31b5-4e53-8675-f16775b3ddb7@group-5588D645AD65:LeaderElection234] INFO  impl.RoleInfo (RoleInfo.java:shutdownLeaderElection(134)) - de2e4d40-31b5-4e53-8675-f16775b3ddb7: shutdown LeaderElection
2019-09-25 12:06:07,406 [de2e4d40-31b5-4e53-8675-f16775b3ddb7@group-5588D645AD65:LeaderElection234] INFO  impl.RaftServerImpl (RaftServerImpl.java:setRole(174)) - de2e4d40-31b5-4e53-8675-f16775b3ddb7@group-5588D645AD65: changes role from CANDIDATE to LEADER at term 1 for changeToLeader
2019-09-25 12:06:07,406 [de2e4d40-31b5-4e53-8675-f16775b3ddb7@group-5588D645AD65:LeaderElection234] INFO  impl.RaftServerImpl (ServerState.java:setLeader(253)) - de2e4d40-31b5-4e53-8675-f16775b3ddb7@group-5588D645AD65: change Leader from null to de2e4d40-31b5-4e53-8675-f16775b3ddb7 at term 1 for becomeLeader, leader elected after 5154ms
2019-09-25 12:06:07,406 [de2e4d40-31b5-4e53-8675-f16775b3ddb7@group-5588D645AD65:LeaderElection234] INFO  server.RaftServerConfigKeys (ConfUtils.java:logGet(43)) - raft.server.staging.catchup.gap = 1000 (default)
2019-09-25 12:06:07,406 [de2e4d40-31b5-4e53-8675-f16775b3ddb7@group-5588D645AD65:LeaderElection234] INFO  server.RaftServerConfigKeys (ConfUtils.java:logGet(43)) - raft.server.rpc.sleep.time = 25ms (default)
2019-09-25 12:06:07,406 [de2e4d40-31b5-4e53-8675-f16775b3ddb7@group-5588D645AD65:LeaderElection234] INFO  server.RaftServerConfigKeys (ConfUtils.java:logGet(43)) - raft.server.write.element-limit = 4096 (default)
2019-09-25 12:06:07,406 [de2e4d40-31b5-4e53-8675-f16775b3ddb7@group-5588D645AD65:LeaderElection234] INFO  server.RaftServerConfigKeys (ConfUtils.java:logGet(43)) - raft.server.watch.timeout = 10s (default)
2019-09-25 12:06:07,407 [de2e4d40-31b5-4e53-8675-f16775b3ddb7@group-5588D645AD65:LeaderElection234] INFO  server.RaftServerConfigKeys (ConfUtils.java:logGet(43)) - raft.server.watch.timeout.denomination = 1s (default)
2019-09-25 12:06:07,407 [de2e4d40-31b5-4e53-8675-f16775b3ddb7@group-5588D645AD65:LeaderElection234] INFO  server.RaftServerConfigKeys (ConfUtils.java:logGet(43)) - raft.server.watch.element-limit = 65536 (default)
2019-09-25 12:06:07,408 [de2e4d40-31b5-4e53-8675-f16775b3ddb7@group-5588D645AD65:LeaderElection234] INFO  impl.RoleInfo (RoleInfo.java:updateAndGet(143)) - de2e4d40-31b5-4e53-8675-f16775b3ddb7: start LeaderState
2019-09-25 12:06:07,408 [de2e4d40-31b5-4e53-8675-f16775b3ddb7@group-5588D645AD65:LeaderElection234] INFO  segmented.SegmentedRaftLogWorker (SegmentedRaftLogWorker.java:startLogSegment(380)) - de2e4d40-31b5-4e53-8675-f16775b3ddb7@group-5588D645AD65-SegmentedRaftLogWorker: Starting segment from index:0
2019-09-25 12:06:07,408 [de2e4d40-31b5-4e53-8675-f16775b3ddb7@group-5588D645AD65:LeaderElection234] INFO  impl.RaftServerImpl (ServerState.java:setRaftConf(354)) - de2e4d40-31b5-4e53-8675-f16775b3ddb7@group-5588D645AD65: set configuration 0: [de2e4d40-31b5-4e53-8675-f16775b3ddb7:192.168.151.73:38679], old=null at 0
2019-09-25 12:06:07,423 [Thread-3135] INFO  impl.FollowerState (FollowerState.java:run(106)) - 2594d298-a87d-48a4-bedb-7d37d8f76d4c:group-843D0A6DE7BC changes to CANDIDATE, lastRpcTime:5070, electionTimeout:5070ms
2019-09-25 12:06:07,423 [Thread-3135] INFO  impl.RoleInfo (RoleInfo.java:shutdownFollowerState(121)) - 2594d298-a87d-48a4-bedb-7d37d8f76d4c: shutdown FollowerState
2019-09-25 12:06:07,423 [Thread-3135] INFO  impl.RaftServerImpl (RaftServerImpl.java:setRole(174)) - 2594d298-a87d-48a4-bedb-7d37d8f76d4c@group-843D0A6DE7BC: changes role from  FOLLOWER to CANDIDATE at term 0 for changeToCandidate
2019-09-25 12:06:07,424 [Thread-3135] INFO  impl.RoleInfo (RoleInfo.java:updateAndGet(143)) - 2594d298-a87d-48a4-bedb-7d37d8f76d4c: start LeaderElection
2019-09-25 12:06:07,448 [Thread-3141] INFO  impl.FollowerState (FollowerState.java:run(106)) - 2bd0627d-72ad-45ef-ab03-a55c09ad6c3a:group-C274777AA561 changes to CANDIDATE, lastRpcTime:5017, electionTimeout:5004ms
2019-09-25 12:06:07,448 [Thread-3141] INFO  impl.RoleInfo (RoleInfo.java:shutdownFollowerState(121)) - 2bd0627d-72ad-45ef-ab03-a55c09ad6c3a: shutdown FollowerState
2019-09-25 12:06:07,448 [Thread-3138] INFO  impl.FollowerState (FollowerState.java:run(106)) - 2bd0627d-72ad-45ef-ab03-a55c09ad6c3a:group-C8DCF59EDE4E changes to CANDIDATE, lastRpcTime:5056, electionTimeout:5035ms
2019-09-25 12:06:07,448 [Thread-3141] INFO  impl.RaftServerImpl (RaftServerImpl.java:setRole(174)) - 2bd0627d-72ad-45ef-ab03-a55c09ad6c3a@group-C274777AA561: changes role from  FOLLOWER to CANDIDATE at term 0 for changeToCandidate
2019-09-25 12:06:07,448 [Thread-3138] INFO  impl.RoleInfo (RoleInfo.java:shutdownFollowerState(121)) - 2bd0627d-72ad-45ef-ab03-a55c09ad6c3a: shutdown FollowerState
2019-09-25 12:06:07,448 [Thread-3141] INFO  impl.RoleInfo (RoleInfo.java:updateAndGet(143)) - 2bd0627d-72ad-45ef-ab03-a55c09ad6c3a: start LeaderElection
2019-09-25 12:06:07,448 [Thread-3138] INFO  impl.RaftServerImpl (RaftServerImpl.java:setRole(174)) - 2bd0627d-72ad-45ef-ab03-a55c09ad6c3a@group-C8DCF59EDE4E: changes role from  FOLLOWER to CANDIDATE at term 0 for changeToCandidate
2019-09-25 12:06:07,449 [Thread-3138] INFO  impl.RoleInfo (RoleInfo.java:updateAndGet(143)) - 2bd0627d-72ad-45ef-ab03-a55c09ad6c3a: start LeaderElection
2019-09-25 12:06:07,461 [de2e4d40-31b5-4e53-8675-f16775b3ddb7@group-5588D645AD65-SegmentedRaftLogWorker] INFO  segmented.SegmentedRaftLogWorker (SegmentedRaftLogWorker.java:execute(569)) - de2e4d40-31b5-4e53-8675-f16775b3ddb7@group-5588D645AD65-SegmentedRaftLogWorker: created new log segment /workdir/hadoop-ozone/integration-test/target/test-dir/MiniOzoneClusterImpl-757e75c3-29a2-41d1-adb4-db6d7805a8c7/datanode-1/data/ratis/9e99fa8f-a7b3-4b83-b66a-5588d645ad65/current/log_inprogress_0
2019-09-25 12:06:07,461 [2594d298-a87d-48a4-bedb-7d37d8f76d4c@group-843D0A6DE7BC:LeaderElection235] INFO  impl.LeaderElection (LeaderElection.java:askForVotes(182)) - 2594d298-a87d-48a4-bedb-7d37d8f76d4c@group-843D0A6DE7BC:LeaderElection235: begin an election at term 1 for -1: [2594d298-a87d-48a4-bedb-7d37d8f76d4c:192.168.151.73:46535], old=null
2019-09-25 12:06:07,461 [2594d298-a87d-48a4-bedb-7d37d8f76d4c@group-843D0A6DE7BC:LeaderElection235] INFO  impl.RoleInfo (RoleInfo.java:shutdownLeaderElection(134)) - 2594d298-a87d-48a4-bedb-7d37d8f76d4c: shutdown LeaderElection
2019-09-25 12:06:07,461 [2594d298-a87d-48a4-bedb-7d37d8f76d4c@group-843D0A6DE7BC:LeaderElection235] INFO  impl.RaftServerImpl (RaftServerImpl.java:setRole(174)) - 2594d298-a87d-48a4-bedb-7d37d8f76d4c@group-843D0A6DE7BC: changes role from CANDIDATE to LEADER at term 1 for changeToLeader
2019-09-25 12:06:07,461 [2594d298-a87d-48a4-bedb-7d37d8f76d4c@group-843D0A6DE7BC:LeaderElection235] INFO  impl.RaftServerImpl (ServerState.java:setLeader(253)) - 2594d298-a87d-48a4-bedb-7d37d8f76d4c@group-843D0A6DE7BC: change Leader from null to 2594d298-a87d-48a4-bedb-7d37d8f76d4c at term 1 for becomeLeader, leader elected after 5116ms
2019-09-25 12:06:07,462 [2594d298-a87d-48a4-bedb-7d37d8f76d4c@group-843D0A6DE7BC:LeaderElection235] INFO  server.RaftServerConfigKeys (ConfUtils.java:logGet(43)) - raft.server.staging.catchup.gap = 1000 (default)
2019-09-25 12:06:07,462 [2594d298-a87d-48a4-bedb-7d37d8f76d4c@group-843D0A6DE7BC:LeaderElection235] INFO  server.RaftServerConfigKeys (ConfUtils.java:logGet(43)) - raft.server.rpc.sleep.time = 25ms (default)
2019-09-25 12:06:07,462 [2594d298-a87d-48a4-bedb-7d37d8f76d4c@group-843D0A6DE7BC:LeaderElection235] INFO  server.RaftServerConfigKeys (ConfUtils.java:logGet(43)) - raft.server.write.element-limit = 4096 (default)
2019-09-25 12:06:07,462 [2594d298-a87d-48a4-bedb-7d37d8f76d4c@group-843D0A6DE7BC:LeaderElection235] INFO  server.RaftServerConfigKeys (ConfUtils.java:logGet(43)) - raft.server.watch.timeout = 10s (default)
2019-09-25 12:06:07,462 [2594d298-a87d-48a4-bedb-7d37d8f76d4c@group-843D0A6DE7BC:LeaderElection235] INFO  server.RaftServerConfigKeys (ConfUtils.java:logGet(43)) - raft.server.watch.timeout.denomination = 1s (default)
2019-09-25 12:06:07,462 [2594d298-a87d-48a4-bedb-7d37d8f76d4c@group-843D0A6DE7BC:LeaderElection235] INFO  server.RaftServerConfigKeys (ConfUtils.java:logGet(43)) - raft.server.watch.element-limit = 65536 (default)
2019-09-25 12:06:07,464 [2594d298-a87d-48a4-bedb-7d37d8f76d4c@group-843D0A6DE7BC:LeaderElection235] INFO  impl.RoleInfo (RoleInfo.java:updateAndGet(143)) - 2594d298-a87d-48a4-bedb-7d37d8f76d4c: start LeaderState
2019-09-25 12:06:07,464 [2594d298-a87d-48a4-bedb-7d37d8f76d4c@group-843D0A6DE7BC:LeaderElection235] INFO  segmented.SegmentedRaftLogWorker (SegmentedRaftLogWorker.java:startLogSegment(380)) - 2594d298-a87d-48a4-bedb-7d37d8f76d4c@group-843D0A6DE7BC-SegmentedRaftLogWorker: Starting segment from index:0
2019-09-25 12:06:07,465 [2594d298-a87d-48a4-bedb-7d37d8f76d4c@group-843D0A6DE7BC:LeaderElection235] INFO  impl.RaftServerImpl (ServerState.java:setRaftConf(354)) - 2594d298-a87d-48a4-bedb-7d37d8f76d4c@group-843D0A6DE7BC: set configuration 0: [2594d298-a87d-48a4-bedb-7d37d8f76d4c:192.168.151.73:46535], old=null at 0
2019-09-25 12:06:07,476 [2bd0627d-72ad-45ef-ab03-a55c09ad6c3a@group-C8DCF59EDE4E:LeaderElection237] INFO  impl.LeaderElection (LeaderElection.java:askForVotes(182)) - 2bd0627d-72ad-45ef-ab03-a55c09ad6c3a@group-C8DCF59EDE4E:LeaderElection237: begin an election at term 1 for -1: [2bd0627d-72ad-45ef-ab03-a55c09ad6c3a:192.168.151.73:33385], old=null
2019-09-25 12:06:07,476 [2bd0627d-72ad-45ef-ab03-a55c09ad6c3a@group-C274777AA561:LeaderElection236] INFO  impl.LeaderElection (LeaderElection.java:askForVotes(182)) - 2bd0627d-72ad-45ef-ab03-a55c09ad6c3a@group-C274777AA561:LeaderElection236: begin an election at term 1 for -1: [2bd0627d-72ad-45ef-ab03-a55c09ad6c3a:192.168.151.73:33385], old=null
2019-09-25 12:06:07,476 [2bd0627d-72ad-45ef-ab03-a55c09ad6c3a@group-C8DCF59EDE4E:LeaderElection237] INFO  impl.RoleInfo (RoleInfo.java:shutdownLeaderElection(134)) - 2bd0627d-72ad-45ef-ab03-a55c09ad6c3a: shutdown LeaderElection
2019-09-25 12:06:07,477 [2bd0627d-72ad-45ef-ab03-a55c09ad6c3a@group-C274777AA561:LeaderElection236] INFO  impl.RoleInfo (RoleInfo.java:shutdownLeaderElection(134)) - 2bd0627d-72ad-45ef-ab03-a55c09ad6c3a: shutdown LeaderElection
2019-09-25 12:06:07,477 [2bd0627d-72ad-45ef-ab03-a55c09ad6c3a@group-C8DCF59EDE4E:LeaderElection237] INFO  impl.RaftServerImpl (RaftServerImpl.java:setRole(174)) - 2bd0627d-72ad-45ef-ab03-a55c09ad6c3a@group-C8DCF59EDE4E: changes role from CANDIDATE to LEADER at term 1 for changeToLeader
2019-09-25 12:06:07,477 [2bd0627d-72ad-45ef-ab03-a55c09ad6c3a@group-C274777AA561:LeaderElection236] INFO  impl.RaftServerImpl (RaftServerImpl.java:setRole(174)) - 2bd0627d-72ad-45ef-ab03-a55c09ad6c3a@group-C274777AA561: changes role from CANDIDATE to LEADER at term 1 for changeToLeader
2019-09-25 12:06:07,477 [2bd0627d-72ad-45ef-ab03-a55c09ad6c3a@group-C8DCF59EDE4E:LeaderElection237] INFO  impl.RaftServerImpl (ServerState.java:setLeader(253)) - 2bd0627d-72ad-45ef-ab03-a55c09ad6c3a@group-C8DCF59EDE4E: change Leader from null to 2bd0627d-72ad-45ef-ab03-a55c09ad6c3a at term 1 for becomeLeader, leader elected after 5090ms
2019-09-25 12:06:07,477 [2bd0627d-72ad-45ef-ab03-a55c09ad6c3a@group-C274777AA561:LeaderElection236] INFO  impl.RaftServerImpl (ServerState.java:setLeader(253)) - 2bd0627d-72ad-45ef-ab03-a55c09ad6c3a@group-C274777AA561: change Leader from null to 2bd0627d-72ad-45ef-ab03-a55c09ad6c3a at term 1 for becomeLeader, leader elected after 5051ms
2019-09-25 12:06:07,477 [2bd0627d-72ad-45ef-ab03-a55c09ad6c3a@group-C8DCF59EDE4E:LeaderElection237] INFO  server.RaftServerConfigKeys (ConfUtils.java:logGet(43)) - raft.server.staging.catchup.gap = 1000 (default)
2019-09-25 12:06:07,477 [2bd0627d-72ad-45ef-ab03-a55c09ad6c3a@group-C274777AA561:LeaderElection236] INFO  server.RaftServerConfigKeys (ConfUtils.java:logGet(43)) - raft.server.staging.catchup.gap = 1000 (default)
2019-09-25 12:06:07,477 [2bd0627d-72ad-45ef-ab03-a55c09ad6c3a@group-C8DCF59EDE4E:LeaderElection237] INFO  server.RaftServerConfigKeys (ConfUtils.java:logGet(43)) - raft.server.rpc.sleep.time = 25ms (default)
2019-09-25 12:06:07,478 [2bd0627d-72ad-45ef-ab03-a55c09ad6c3a@group-C274777AA561:LeaderElection236] INFO  server.RaftServerConfigKeys (ConfUtils.java:logGet(43)) - raft.server.rpc.sleep.time = 25ms (default)
2019-09-25 12:06:07,478 [2bd0627d-72ad-45ef-ab03-a55c09ad6c3a@group-C8DCF59EDE4E:LeaderElection237] INFO  server.RaftServerConfigKeys (ConfUtils.java:logGet(43)) - raft.server.write.element-limit = 4096 (default)
2019-09-25 12:06:07,478 [2bd0627d-72ad-45ef-ab03-a55c09ad6c3a@group-C274777AA561:LeaderElection236] INFO  server.RaftServerConfigKeys (ConfUtils.java:logGet(43)) - raft.server.write.element-limit = 4096 (default)
2019-09-25 12:06:07,478 [2bd0627d-72ad-45ef-ab03-a55c09ad6c3a@group-C8DCF59EDE4E:LeaderElection237] INFO  server.RaftServerConfigKeys (ConfUtils.java:logGet(43)) - raft.server.watch.timeout = 10s (default)
2019-09-25 12:06:07,478 [2bd0627d-72ad-45ef-ab03-a55c09ad6c3a@group-C274777AA561:LeaderElection236] INFO  server.RaftServerConfigKeys (ConfUtils.java:logGet(43)) - raft.server.watch.timeout = 10s (default)
2019-09-25 12:06:07,478 [2bd0627d-72ad-45ef-ab03-a55c09ad6c3a@group-C8DCF59EDE4E:LeaderElection237] INFO  server.RaftServerConfigKeys (ConfUtils.java:logGet(43)) - raft.server.watch.timeout.denomination = 1s (default)
2019-09-25 12:06:07,478 [2bd0627d-72ad-45ef-ab03-a55c09ad6c3a@group-C274777AA561:LeaderElection236] INFO  server.RaftServerConfigKeys (ConfUtils.java:logGet(43)) - raft.server.watch.timeout.denomination = 1s (default)
2019-09-25 12:06:07,478 [2bd0627d-72ad-45ef-ab03-a55c09ad6c3a@group-C8DCF59EDE4E:LeaderElection237] INFO  server.RaftServerConfigKeys (ConfUtils.java:logGet(43)) - raft.server.watch.element-limit = 65536 (default)
2019-09-25 12:06:07,479 [2bd0627d-72ad-45ef-ab03-a55c09ad6c3a@group-C274777AA561:LeaderElection236] INFO  server.RaftServerConfigKeys (ConfUtils.java:logGet(43)) - raft.server.watch.element-limit = 65536 (default)
2019-09-25 12:06:07,481 [2bd0627d-72ad-45ef-ab03-a55c09ad6c3a@group-C8DCF59EDE4E:LeaderElection237] INFO  impl.RoleInfo (RoleInfo.java:updateAndGet(143)) - 2bd0627d-72ad-45ef-ab03-a55c09ad6c3a: start LeaderState
2019-09-25 12:06:07,481 [2bd0627d-72ad-45ef-ab03-a55c09ad6c3a@group-C274777AA561:LeaderElection236] INFO  impl.RoleInfo (RoleInfo.java:updateAndGet(143)) - 2bd0627d-72ad-45ef-ab03-a55c09ad6c3a: start LeaderState
2019-09-25 12:06:07,481 [2bd0627d-72ad-45ef-ab03-a55c09ad6c3a@group-C8DCF59EDE4E:LeaderElection237] INFO  segmented.SegmentedRaftLogWorker (SegmentedRaftLogWorker.java:startLogSegment(380)) - 2bd0627d-72ad-45ef-ab03-a55c09ad6c3a@group-C8DCF59EDE4E-SegmentedRaftLogWorker: Starting segment from index:0
2019-09-25 12:06:07,482 [2bd0627d-72ad-45ef-ab03-a55c09ad6c3a@group-C274777AA561:LeaderElection236] INFO  segmented.SegmentedRaftLogWorker (SegmentedRaftLogWorker.java:startLogSegment(380)) - 2bd0627d-72ad-45ef-ab03-a55c09ad6c3a@group-C274777AA561-SegmentedRaftLogWorker: Starting segment from index:0
2019-09-25 12:06:07,482 [2bd0627d-72ad-45ef-ab03-a55c09ad6c3a@group-C8DCF59EDE4E:LeaderElection237] INFO  impl.RaftServerImpl (ServerState.java:setRaftConf(354)) - 2bd0627d-72ad-45ef-ab03-a55c09ad6c3a@group-C8DCF59EDE4E: set configuration 0: [2bd0627d-72ad-45ef-ab03-a55c09ad6c3a:192.168.151.73:33385], old=null at 0
2019-09-25 12:06:07,482 [2bd0627d-72ad-45ef-ab03-a55c09ad6c3a@group-C274777AA561:LeaderElection236] INFO  impl.RaftServerImpl (ServerState.java:setRaftConf(354)) - 2bd0627d-72ad-45ef-ab03-a55c09ad6c3a@group-C274777AA561: set configuration 0: [2bd0627d-72ad-45ef-ab03-a55c09ad6c3a:192.168.151.73:33385], old=null at 0
2019-09-25 12:06:07,499 [Thread-3132] INFO  impl.FollowerState (FollowerState.java:run(106)) - 2bd0627d-72ad-45ef-ab03-a55c09ad6c3a:group-6678B6C397DD changes to CANDIDATE, lastRpcTime:5200, electionTimeout:5200ms
2019-09-25 12:06:07,499 [Thread-3132] INFO  impl.RoleInfo (RoleInfo.java:shutdownFollowerState(121)) - 2bd0627d-72ad-45ef-ab03-a55c09ad6c3a: shutdown FollowerState
2019-09-25 12:06:07,499 [Thread-3132] INFO  impl.RaftServerImpl (RaftServerImpl.java:setRole(174)) - 2bd0627d-72ad-45ef-ab03-a55c09ad6c3a@group-6678B6C397DD: changes role from  FOLLOWER to CANDIDATE at term 0 for changeToCandidate
2019-09-25 12:06:07,499 [Thread-3132] INFO  impl.RoleInfo (RoleInfo.java:updateAndGet(143)) - 2bd0627d-72ad-45ef-ab03-a55c09ad6c3a: start LeaderElection
2019-09-25 12:06:07,533 [2bd0627d-72ad-45ef-ab03-a55c09ad6c3a@group-C274777AA561-SegmentedRaftLogWorker] INFO  segmented.SegmentedRaftLogWorker (SegmentedRaftLogWorker.java:execute(569)) - 2bd0627d-72ad-45ef-ab03-a55c09ad6c3a@group-C274777AA561-SegmentedRaftLogWorker: created new log segment /workdir/hadoop-ozone/integration-test/target/test-dir/MiniOzoneClusterImpl-757e75c3-29a2-41d1-adb4-db6d7805a8c7/datanode-3/data/ratis/14523189-a623-42d1-94bb-c274777aa561/current/log_inprogress_0
2019-09-25 12:06:07,533 [2bd0627d-72ad-45ef-ab03-a55c09ad6c3a@group-6678B6C397DD:LeaderElection238] INFO  impl.LeaderElection (LeaderElection.java:askForVotes(182)) - 2bd0627d-72ad-45ef-ab03-a55c09ad6c3a@group-6678B6C397DD:LeaderElection238: begin an election at term 1 for -1: [2bd0627d-72ad-45ef-ab03-a55c09ad6c3a:192.168.151.73:33385], old=null
2019-09-25 12:06:07,533 [2594d298-a87d-48a4-bedb-7d37d8f76d4c@group-843D0A6DE7BC-SegmentedRaftLogWorker] INFO  segmented.SegmentedRaftLogWorker (SegmentedRaftLogWorker.java:execute(569)) - 2594d298-a87d-48a4-bedb-7d37d8f76d4c@group-843D0A6DE7BC-SegmentedRaftLogWorker: created new log segment /workdir/hadoop-ozone/integration-test/target/test-dir/MiniOzoneClusterImpl-757e75c3-29a2-41d1-adb4-db6d7805a8c7/datanode-6/data/ratis/d2bfaa60-9167-4571-968a-843d0a6de7bc/current/log_inprogress_0
2019-09-25 12:06:07,533 [2bd0627d-72ad-45ef-ab03-a55c09ad6c3a@group-C8DCF59EDE4E-SegmentedRaftLogWorker] INFO  segmented.SegmentedRaftLogWorker (SegmentedRaftLogWorker.java:execute(569)) - 2bd0627d-72ad-45ef-ab03-a55c09ad6c3a@group-C8DCF59EDE4E-SegmentedRaftLogWorker: created new log segment /workdir/hadoop-ozone/integration-test/target/test-dir/MiniOzoneClusterImpl-757e75c3-29a2-41d1-adb4-db6d7805a8c7/datanode-3/data/ratis/a404c122-9b58-42cc-95c1-c8dcf59ede4e/current/log_inprogress_0
2019-09-25 12:06:07,533 [2bd0627d-72ad-45ef-ab03-a55c09ad6c3a@group-6678B6C397DD:LeaderElection238] INFO  impl.RoleInfo (RoleInfo.java:shutdownLeaderElection(134)) - 2bd0627d-72ad-45ef-ab03-a55c09ad6c3a: shutdown LeaderElection
2019-09-25 12:06:07,534 [2bd0627d-72ad-45ef-ab03-a55c09ad6c3a@group-6678B6C397DD:LeaderElection238] INFO  impl.RaftServerImpl (RaftServerImpl.java:setRole(174)) - 2bd0627d-72ad-45ef-ab03-a55c09ad6c3a@group-6678B6C397DD: changes role from CANDIDATE to LEADER at term 1 for changeToLeader
2019-09-25 12:06:07,534 [2bd0627d-72ad-45ef-ab03-a55c09ad6c3a@group-6678B6C397DD:LeaderElection238] INFO  impl.RaftServerImpl (ServerState.java:setLeader(253)) - 2bd0627d-72ad-45ef-ab03-a55c09ad6c3a@group-6678B6C397DD: change Leader from null to 2bd0627d-72ad-45ef-ab03-a55c09ad6c3a at term 1 for becomeLeader, leader elected after 5240ms
2019-09-25 12:06:07,534 [2bd0627d-72ad-45ef-ab03-a55c09ad6c3a@group-6678B6C397DD:LeaderElection238] INFO  server.RaftServerConfigKeys (ConfUtils.java:logGet(43)) - raft.server.staging.catchup.gap = 1000 (default)
2019-09-25 12:06:07,534 [2bd0627d-72ad-45ef-ab03-a55c09ad6c3a@group-6678B6C397DD:LeaderElection238] INFO  server.RaftServerConfigKeys (ConfUtils.java:logGet(43)) - raft.server.rpc.sleep.time = 25ms (default)
2019-09-25 12:06:07,534 [2bd0627d-72ad-45ef-ab03-a55c09ad6c3a@group-6678B6C397DD:LeaderElection238] INFO  server.RaftServerConfigKeys (ConfUtils.java:logGet(43)) - raft.server.write.element-limit = 4096 (default)
2019-09-25 12:06:07,535 [2bd0627d-72ad-45ef-ab03-a55c09ad6c3a@group-6678B6C397DD:LeaderElection238] INFO  server.RaftServerConfigKeys (ConfUtils.java:logGet(43)) - raft.server.watch.timeout = 10s (default)
2019-09-25 12:06:07,535 [2bd0627d-72ad-45ef-ab03-a55c09ad6c3a@group-6678B6C397DD:LeaderElection238] INFO  server.RaftServerConfigKeys (ConfUtils.java:logGet(43)) - raft.server.watch.timeout.denomination = 1s (default)
2019-09-25 12:06:07,535 [2bd0627d-72ad-45ef-ab03-a55c09ad6c3a@group-6678B6C397DD:LeaderElection238] INFO  server.RaftServerConfigKeys (ConfUtils.java:logGet(43)) - raft.server.watch.element-limit = 65536 (default)
2019-09-25 12:06:07,537 [2bd0627d-72ad-45ef-ab03-a55c09ad6c3a@group-6678B6C397DD:LeaderElection238] INFO  impl.RoleInfo (RoleInfo.java:updateAndGet(143)) - 2bd0627d-72ad-45ef-ab03-a55c09ad6c3a: start LeaderState
2019-09-25 12:06:07,537 [2bd0627d-72ad-45ef-ab03-a55c09ad6c3a@group-6678B6C397DD:LeaderElection238] INFO  segmented.SegmentedRaftLogWorker (SegmentedRaftLogWorker.java:startLogSegment(380)) - 2bd0627d-72ad-45ef-ab03-a55c09ad6c3a@group-6678B6C397DD-SegmentedRaftLogWorker: Starting segment from index:0
2019-09-25 12:06:07,538 [2bd0627d-72ad-45ef-ab03-a55c09ad6c3a@group-6678B6C397DD:LeaderElection238] INFO  impl.RaftServerImpl (ServerState.java:setRaftConf(354)) - 2bd0627d-72ad-45ef-ab03-a55c09ad6c3a@group-6678B6C397DD: set configuration 0: [2bd0627d-72ad-45ef-ab03-a55c09ad6c3a:192.168.151.73:33385], old=null at 0
2019-09-25 12:06:07,588 [2bd0627d-72ad-45ef-ab03-a55c09ad6c3a@group-6678B6C397DD-SegmentedRaftLogWorker] INFO  segmented.SegmentedRaftLogWorker (SegmentedRaftLogWorker.java:execute(569)) - 2bd0627d-72ad-45ef-ab03-a55c09ad6c3a@group-6678B6C397DD-SegmentedRaftLogWorker: created new log segment /workdir/hadoop-ozone/integration-test/target/test-dir/MiniOzoneClusterImpl-757e75c3-29a2-41d1-adb4-db6d7805a8c7/datanode-3/data/ratis/f731452d-40aa-4664-a612-6678b6c397dd/current/log_inprogress_0
2019-09-25 12:06:07,613 [Thread-3147] INFO  impl.FollowerState (FollowerState.java:run(106)) - 2bd0627d-72ad-45ef-ab03-a55c09ad6c3a:group-5DED97F94C66 changes to CANDIDATE, lastRpcTime:5120, electionTimeout:5120ms
2019-09-25 12:06:07,614 [Thread-3147] INFO  impl.RoleInfo (RoleInfo.java:shutdownFollowerState(121)) - 2bd0627d-72ad-45ef-ab03-a55c09ad6c3a: shutdown FollowerState
2019-09-25 12:06:07,614 [Thread-3147] INFO  impl.RaftServerImpl (RaftServerImpl.java:setRole(174)) - 2bd0627d-72ad-45ef-ab03-a55c09ad6c3a@group-5DED97F94C66: changes role from  FOLLOWER to CANDIDATE at term 0 for changeToCandidate
2019-09-25 12:06:07,614 [Thread-3147] INFO  impl.RoleInfo (RoleInfo.java:updateAndGet(143)) - 2bd0627d-72ad-45ef-ab03-a55c09ad6c3a: start LeaderElection
2019-09-25 12:06:07,659 [Thread-3153] INFO  impl.FollowerState (FollowerState.java:run(106)) - 992d69e5-6cba-4869-b94d-c8d2dc420a77:group-EEAF51056AFE changes to CANDIDATE, lastRpcTime:5071, electionTimeout:5063ms
2019-09-25 12:06:07,659 [Thread-3153] INFO  impl.RoleInfo (RoleInfo.java:shutdownFollowerState(121)) - 992d69e5-6cba-4869-b94d-c8d2dc420a77: shutdown FollowerState
2019-09-25 12:06:07,659 [Thread-3153] INFO  impl.RaftServerImpl (RaftServerImpl.java:setRole(174)) - 992d69e5-6cba-4869-b94d-c8d2dc420a77@group-EEAF51056AFE: changes role from  FOLLOWER to CANDIDATE at term 0 for changeToCandidate
2019-09-25 12:06:07,659 [Thread-3153] INFO  impl.RoleInfo (RoleInfo.java:updateAndGet(143)) - 992d69e5-6cba-4869-b94d-c8d2dc420a77: start LeaderElection
2019-09-25 12:06:07,660 [Thread-3150] INFO  impl.FollowerState (FollowerState.java:run(106)) - 992d69e5-6cba-4869-b94d-c8d2dc420a77:group-CA5E20385C5C changes to CANDIDATE, lastRpcTime:5110, electionTimeout:5090ms
2019-09-25 12:06:07,660 [Thread-3150] INFO  impl.RoleInfo (RoleInfo.java:shutdownFollowerState(121)) - 992d69e5-6cba-4869-b94d-c8d2dc420a77: shutdown FollowerState
2019-09-25 12:06:07,660 [Thread-3144] INFO  impl.FollowerState (FollowerState.java:run(106)) - 50493258-76a6-47fc-92c1-a180d5b1121a:group-EB893D903F46 changes to CANDIDATE, lastRpcTime:5185, electionTimeout:5149ms
2019-09-25 12:06:07,660 [Thread-3150] INFO  impl.RaftServerImpl (RaftServerImpl.java:setRole(174)) - 992d69e5-6cba-4869-b94d-c8d2dc420a77@group-CA5E20385C5C: changes role from  FOLLOWER to CANDIDATE at term 0 for changeToCandidate
2019-09-25 12:06:07,660 [Thread-3144] INFO  impl.RoleInfo (RoleInfo.java:shutdownFollowerState(121)) - 50493258-76a6-47fc-92c1-a180d5b1121a: shutdown FollowerState
2019-09-25 12:06:07,660 [Thread-3150] INFO  impl.RoleInfo (RoleInfo.java:updateAndGet(143)) - 992d69e5-6cba-4869-b94d-c8d2dc420a77: start LeaderElection
2019-09-25 12:06:07,660 [Thread-3144] INFO  impl.RaftServerImpl (RaftServerImpl.java:setRole(174)) - 50493258-76a6-47fc-92c1-a180d5b1121a@group-EB893D903F46: changes role from  FOLLOWER to CANDIDATE at term 0 for changeToCandidate
2019-09-25 12:06:07,661 [Thread-3144] INFO  impl.RoleInfo (RoleInfo.java:updateAndGet(143)) - 50493258-76a6-47fc-92c1-a180d5b1121a: start LeaderElection
2019-09-25 12:06:07,686 [992d69e5-6cba-4869-b94d-c8d2dc420a77@group-CA5E20385C5C:LeaderElection241] INFO  impl.LeaderElection (LeaderElection.java:askForVotes(182)) - 992d69e5-6cba-4869-b94d-c8d2dc420a77@group-CA5E20385C5C:LeaderElection241: begin an election at term 1 for -1: [992d69e5-6cba-4869-b94d-c8d2dc420a77:192.168.151.73:40135], old=null
2019-09-25 12:06:07,686 [992d69e5-6cba-4869-b94d-c8d2dc420a77@group-EEAF51056AFE:LeaderElection240] INFO  impl.LeaderElection (LeaderElection.java:askForVotes(182)) - 992d69e5-6cba-4869-b94d-c8d2dc420a77@group-EEAF51056AFE:LeaderElection240: begin an election at term 1 for -1: [992d69e5-6cba-4869-b94d-c8d2dc420a77:192.168.151.73:40135], old=null
2019-09-25 12:06:07,686 [50493258-76a6-47fc-92c1-a180d5b1121a@group-EB893D903F46:LeaderElection242] INFO  impl.LeaderElection (LeaderElection.java:askForVotes(182)) - 50493258-76a6-47fc-92c1-a180d5b1121a@group-EB893D903F46:LeaderElection242: begin an election at term 1 for -1: [50493258-76a6-47fc-92c1-a180d5b1121a:192.168.151.73:40355], old=null
2019-09-25 12:06:07,686 [2bd0627d-72ad-45ef-ab03-a55c09ad6c3a@group-5DED97F94C66:LeaderElection239] INFO  impl.LeaderElection (LeaderElection.java:askForVotes(182)) - 2bd0627d-72ad-45ef-ab03-a55c09ad6c3a@group-5DED97F94C66:LeaderElection239: begin an election at term 1 for -1: [2bd0627d-72ad-45ef-ab03-a55c09ad6c3a:192.168.151.73:33385], old=null
2019-09-25 12:06:07,686 [50493258-76a6-47fc-92c1-a180d5b1121a@group-EB893D903F46:LeaderElection242] INFO  impl.RoleInfo (RoleInfo.java:shutdownLeaderElection(134)) - 50493258-76a6-47fc-92c1-a180d5b1121a: shutdown LeaderElection
2019-09-25 12:06:07,686 [992d69e5-6cba-4869-b94d-c8d2dc420a77@group-EEAF51056AFE:LeaderElection240] INFO  impl.RoleInfo (RoleInfo.java:shutdownLeaderElection(134)) - 992d69e5-6cba-4869-b94d-c8d2dc420a77: shutdown LeaderElection
2019-09-25 12:06:07,686 [992d69e5-6cba-4869-b94d-c8d2dc420a77@group-CA5E20385C5C:LeaderElection241] INFO  impl.RoleInfo (RoleInfo.java:shutdownLeaderElection(134)) - 992d69e5-6cba-4869-b94d-c8d2dc420a77: shutdown LeaderElection
2019-09-25 12:06:07,687 [992d69e5-6cba-4869-b94d-c8d2dc420a77@group-EEAF51056AFE:LeaderElection240] INFO  impl.RaftServerImpl (RaftServerImpl.java:setRole(174)) - 992d69e5-6cba-4869-b94d-c8d2dc420a77@group-EEAF51056AFE: changes role from CANDIDATE to LEADER at term 1 for changeToLeader
2019-09-25 12:06:07,687 [50493258-76a6-47fc-92c1-a180d5b1121a@group-EB893D903F46:LeaderElection242] INFO  impl.RaftServerImpl (RaftServerImpl.java:setRole(174)) - 50493258-76a6-47fc-92c1-a180d5b1121a@group-EB893D903F46: changes role from CANDIDATE to LEADER at term 1 for changeToLeader
2019-09-25 12:06:07,687 [50493258-76a6-47fc-92c1-a180d5b1121a@group-EB893D903F46:LeaderElection242] INFO  impl.RaftServerImpl (ServerState.java:setLeader(253)) - 50493258-76a6-47fc-92c1-a180d5b1121a@group-EB893D903F46: change Leader from null to 50493258-76a6-47fc-92c1-a180d5b1121a at term 1 for becomeLeader, leader elected after 5219ms
2019-09-25 12:06:07,686 [2bd0627d-72ad-45ef-ab03-a55c09ad6c3a@group-5DED97F94C66:LeaderElection239] INFO  impl.RoleInfo (RoleInfo.java:shutdownLeaderElection(134)) - 2bd0627d-72ad-45ef-ab03-a55c09ad6c3a: shutdown LeaderElection
2019-09-25 12:06:07,687 [992d69e5-6cba-4869-b94d-c8d2dc420a77@group-EEAF51056AFE:LeaderElection240] INFO  impl.RaftServerImpl (ServerState.java:setLeader(253)) - 992d69e5-6cba-4869-b94d-c8d2dc420a77@group-EEAF51056AFE: change Leader from null to 992d69e5-6cba-4869-b94d-c8d2dc420a77 at term 1 for becomeLeader, leader elected after 5103ms
2019-09-25 12:06:07,687 [992d69e5-6cba-4869-b94d-c8d2dc420a77@group-CA5E20385C5C:LeaderElection241] INFO  impl.RaftServerImpl (RaftServerImpl.java:setRole(174)) - 992d69e5-6cba-4869-b94d-c8d2dc420a77@group-CA5E20385C5C: changes role from CANDIDATE to LEADER at term 1 for changeToLeader
2019-09-25 12:06:07,688 [992d69e5-6cba-4869-b94d-c8d2dc420a77@group-EEAF51056AFE:LeaderElection240] INFO  server.RaftServerConfigKeys (ConfUtils.java:logGet(43)) - raft.server.staging.catchup.gap = 1000 (default)
2019-09-25 12:06:07,687 [50493258-76a6-47fc-92c1-a180d5b1121a@group-EB893D903F46:LeaderElection242] INFO  server.RaftServerConfigKeys (ConfUtils.java:logGet(43)) - raft.server.staging.catchup.gap = 1000 (default)
2019-09-25 12:06:07,687 [2bd0627d-72ad-45ef-ab03-a55c09ad6c3a@group-5DED97F94C66:LeaderElection239] INFO  impl.RaftServerImpl (RaftServerImpl.java:setRole(174)) - 2bd0627d-72ad-45ef-ab03-a55c09ad6c3a@group-5DED97F94C66: changes role from CANDIDATE to LEADER at term 1 for changeToLeader
2019-09-25 12:06:07,688 [50493258-76a6-47fc-92c1-a180d5b1121a@group-EB893D903F46:LeaderElection242] INFO  server.RaftServerConfigKeys (ConfUtils.java:logGet(43)) - raft.server.rpc.sleep.time = 25ms (default)
2019-09-25 12:06:07,688 [992d69e5-6cba-4869-b94d-c8d2dc420a77@group-EEAF51056AFE:LeaderElection240] INFO  server.RaftServerConfigKeys (ConfUtils.java:logGet(43)) - raft.server.rpc.sleep.time = 25ms (default)
2019-09-25 12:06:07,688 [992d69e5-6cba-4869-b94d-c8d2dc420a77@group-CA5E20385C5C:LeaderElection241] INFO  impl.RaftServerImpl (ServerState.java:setLeader(253)) - 992d69e5-6cba-4869-b94d-c8d2dc420a77@group-CA5E20385C5C: change Leader from null to 992d69e5-6cba-4869-b94d-c8d2dc420a77 at term 1 for becomeLeader, leader elected after 5144ms
2019-09-25 12:06:07,688 [992d69e5-6cba-4869-b94d-c8d2dc420a77@group-EEAF51056AFE:LeaderElection240] INFO  server.RaftServerConfigKeys (ConfUtils.java:logGet(43)) - raft.server.write.element-limit = 4096 (default)
2019-09-25 12:06:07,688 [50493258-76a6-47fc-92c1-a180d5b1121a@group-EB893D903F46:LeaderElection242] INFO  server.RaftServerConfigKeys (ConfUtils.java:logGet(43)) - raft.server.write.element-limit = 4096 (default)
2019-09-25 12:06:07,688 [2bd0627d-72ad-45ef-ab03-a55c09ad6c3a@group-5DED97F94C66:LeaderElection239] INFO  impl.RaftServerImpl (ServerState.java:setLeader(253)) - 2bd0627d-72ad-45ef-ab03-a55c09ad6c3a@group-5DED97F94C66: change Leader from null to 2bd0627d-72ad-45ef-ab03-a55c09ad6c3a at term 1 for becomeLeader, leader elected after 5199ms
2019-09-25 12:06:07,689 [50493258-76a6-47fc-92c1-a180d5b1121a@group-EB893D903F46:LeaderElection242] INFO  server.RaftServerConfigKeys (ConfUtils.java:logGet(43)) - raft.server.watch.timeout = 10s (default)
2019-09-25 12:06:07,689 [992d69e5-6cba-4869-b94d-c8d2dc420a77@group-EEAF51056AFE:LeaderElection240] INFO  server.RaftServerConfigKeys (ConfUtils.java:logGet(43)) - raft.server.watch.timeout = 10s (default)
2019-09-25 12:06:07,689 [992d69e5-6cba-4869-b94d-c8d2dc420a77@group-CA5E20385C5C:LeaderElection241] INFO  server.RaftServerConfigKeys (ConfUtils.java:logGet(43)) - raft.server.staging.catchup.gap = 1000 (default)
2019-09-25 12:06:07,689 [992d69e5-6cba-4869-b94d-c8d2dc420a77@group-EEAF51056AFE:LeaderElection240] INFO  server.RaftServerConfigKeys (ConfUtils.java:logGet(43)) - raft.server.watch.timeout.denomination = 1s (default)
2019-09-25 12:06:07,689 [50493258-76a6-47fc-92c1-a180d5b1121a@group-EB893D903F46:LeaderElection242] INFO  server.RaftServerConfigKeys (ConfUtils.java:logGet(43)) - raft.server.watch.timeout.denomination = 1s (default)
2019-09-25 12:06:07,689 [2bd0627d-72ad-45ef-ab03-a55c09ad6c3a@group-5DED97F94C66:LeaderElection239] INFO  server.RaftServerConfigKeys (ConfUtils.java:logGet(43)) - raft.server.staging.catchup.gap = 1000 (default)
2019-09-25 12:06:07,690 [50493258-76a6-47fc-92c1-a180d5b1121a@group-EB893D903F46:LeaderElection242] INFO  server.RaftServerConfigKeys (ConfUtils.java:logGet(43)) - raft.server.watch.element-limit = 65536 (default)
2019-09-25 12:06:07,690 [992d69e5-6cba-4869-b94d-c8d2dc420a77@group-EEAF51056AFE:LeaderElection240] INFO  server.RaftServerConfigKeys (ConfUtils.java:logGet(43)) - raft.server.watch.element-limit = 65536 (default)
2019-09-25 12:06:07,689 [992d69e5-6cba-4869-b94d-c8d2dc420a77@group-CA5E20385C5C:LeaderElection241] INFO  server.RaftServerConfigKeys (ConfUtils.java:logGet(43)) - raft.server.rpc.sleep.time = 25ms (default)
2019-09-25 12:06:07,690 [2bd0627d-72ad-45ef-ab03-a55c09ad6c3a@group-5DED97F94C66:LeaderElection239] INFO  server.RaftServerConfigKeys (ConfUtils.java:logGet(43)) - raft.server.rpc.sleep.time = 25ms (default)
2019-09-25 12:06:07,690 [992d69e5-6cba-4869-b94d-c8d2dc420a77@group-CA5E20385C5C:LeaderElection241] INFO  server.RaftServerConfigKeys (ConfUtils.java:logGet(43)) - raft.server.write.element-limit = 4096 (default)
2019-09-25 12:06:07,690 [2bd0627d-72ad-45ef-ab03-a55c09ad6c3a@group-5DED97F94C66:LeaderElection239] INFO  server.RaftServerConfigKeys (ConfUtils.java:logGet(43)) - raft.server.write.element-limit = 4096 (default)
2019-09-25 12:06:07,691 [992d69e5-6cba-4869-b94d-c8d2dc420a77@group-CA5E20385C5C:LeaderElection241] INFO  server.RaftServerConfigKeys (ConfUtils.java:logGet(43)) - raft.server.watch.timeout = 10s (default)
2019-09-25 12:06:07,691 [2bd0627d-72ad-45ef-ab03-a55c09ad6c3a@group-5DED97F94C66:LeaderElection239] INFO  server.RaftServerConfigKeys (ConfUtils.java:logGet(43)) - raft.server.watch.timeout = 10s (default)
2019-09-25 12:06:07,691 [992d69e5-6cba-4869-b94d-c8d2dc420a77@group-CA5E20385C5C:LeaderElection241] INFO  server.RaftServerConfigKeys (ConfUtils.java:logGet(43)) - raft.server.watch.timeout.denomination = 1s (default)
2019-09-25 12:06:07,691 [2bd0627d-72ad-45ef-ab03-a55c09ad6c3a@group-5DED97F94C66:LeaderElection239] INFO  server.RaftServerConfigKeys (ConfUtils.java:logGet(43)) - raft.server.watch.timeout.denomination = 1s (default)
2019-09-25 12:06:07,691 [992d69e5-6cba-4869-b94d-c8d2dc420a77@group-CA5E20385C5C:LeaderElection241] INFO  server.RaftServerConfigKeys (ConfUtils.java:logGet(43)) - raft.server.watch.element-limit = 65536 (default)
2019-09-25 12:06:07,691 [2bd0627d-72ad-45ef-ab03-a55c09ad6c3a@group-5DED97F94C66:LeaderElection239] INFO  server.RaftServerConfigKeys (ConfUtils.java:logGet(43)) - raft.server.watch.element-limit = 65536 (default)
2019-09-25 12:06:07,695 [50493258-76a6-47fc-92c1-a180d5b1121a@group-EB893D903F46:LeaderElection242] INFO  impl.RoleInfo (RoleInfo.java:updateAndGet(143)) - 50493258-76a6-47fc-92c1-a180d5b1121a: start LeaderState
2019-09-25 12:06:07,695 [992d69e5-6cba-4869-b94d-c8d2dc420a77@group-EEAF51056AFE:LeaderElection240] INFO  impl.RoleInfo (RoleInfo.java:updateAndGet(143)) - 992d69e5-6cba-4869-b94d-c8d2dc420a77: start LeaderState
2019-09-25 12:06:07,695 [50493258-76a6-47fc-92c1-a180d5b1121a@group-EB893D903F46:LeaderElection242] INFO  segmented.SegmentedRaftLogWorker (SegmentedRaftLogWorker.java:startLogSegment(380)) - 50493258-76a6-47fc-92c1-a180d5b1121a@group-EB893D903F46-SegmentedRaftLogWorker: Starting segment from index:0
2019-09-25 12:06:07,696 [992d69e5-6cba-4869-b94d-c8d2dc420a77@group-EEAF51056AFE:LeaderElection240] INFO  segmented.SegmentedRaftLogWorker (SegmentedRaftLogWorker.java:startLogSegment(380)) - 992d69e5-6cba-4869-b94d-c8d2dc420a77@group-EEAF51056AFE-SegmentedRaftLogWorker: Starting segment from index:0
2019-09-25 12:06:07,696 [992d69e5-6cba-4869-b94d-c8d2dc420a77@group-CA5E20385C5C:LeaderElection241] INFO  impl.RoleInfo (RoleInfo.java:updateAndGet(143)) - 992d69e5-6cba-4869-b94d-c8d2dc420a77: start LeaderState
2019-09-25 12:06:07,696 [50493258-76a6-47fc-92c1-a180d5b1121a@group-EB893D903F46:LeaderElection242] INFO  impl.RaftServerImpl (ServerState.java:setRaftConf(354)) - 50493258-76a6-47fc-92c1-a180d5b1121a@group-EB893D903F46: set configuration 0: [50493258-76a6-47fc-92c1-a180d5b1121a:192.168.151.73:40355], old=null at 0
2019-09-25 12:06:07,696 [992d69e5-6cba-4869-b94d-c8d2dc420a77@group-CA5E20385C5C:LeaderElection241] INFO  segmented.SegmentedRaftLogWorker (SegmentedRaftLogWorker.java:startLogSegment(380)) - 992d69e5-6cba-4869-b94d-c8d2dc420a77@group-CA5E20385C5C-SegmentedRaftLogWorker: Starting segment from index:0
2019-09-25 12:06:07,696 [992d69e5-6cba-4869-b94d-c8d2dc420a77@group-EEAF51056AFE:LeaderElection240] INFO  impl.RaftServerImpl (ServerState.java:setRaftConf(354)) - 992d69e5-6cba-4869-b94d-c8d2dc420a77@group-EEAF51056AFE: set configuration 0: [992d69e5-6cba-4869-b94d-c8d2dc420a77:192.168.151.73:40135], old=null at 0
2019-09-25 12:06:07,697 [Thread-3156] INFO  impl.FollowerState (FollowerState.java:run(106)) - 2bd0627d-72ad-45ef-ab03-a55c09ad6c3a:group-59C51C53F0A6 changes to CANDIDATE, lastRpcTime:5053, electionTimeout:5053ms
2019-09-25 12:06:07,697 [2bd0627d-72ad-45ef-ab03-a55c09ad6c3a@group-5DED97F94C66:LeaderElection239] INFO  impl.RoleInfo (RoleInfo.java:updateAndGet(143)) - 2bd0627d-72ad-45ef-ab03-a55c09ad6c3a: start LeaderState
2019-09-25 12:06:07,697 [Thread-3156] INFO  impl.RoleInfo (RoleInfo.java:shutdownFollowerState(121)) - 2bd0627d-72ad-45ef-ab03-a55c09ad6c3a: shutdown FollowerState
2019-09-25 12:06:07,697 [992d69e5-6cba-4869-b94d-c8d2dc420a77@group-CA5E20385C5C:LeaderElection241] INFO  impl.RaftServerImpl (ServerState.java:setRaftConf(354)) - 992d69e5-6cba-4869-b94d-c8d2dc420a77@group-CA5E20385C5C: set configuration 0: [992d69e5-6cba-4869-b94d-c8d2dc420a77:192.168.151.73:40135], old=null at 0
2019-09-25 12:06:07,697 [Thread-3156] INFO  impl.RaftServerImpl (RaftServerImpl.java:setRole(174)) - 2bd0627d-72ad-45ef-ab03-a55c09ad6c3a@group-59C51C53F0A6: changes role from  FOLLOWER to CANDIDATE at term 0 for changeToCandidate
2019-09-25 12:06:07,697 [2bd0627d-72ad-45ef-ab03-a55c09ad6c3a@group-5DED97F94C66:LeaderElection239] INFO  segmented.SegmentedRaftLogWorker (SegmentedRaftLogWorker.java:startLogSegment(380)) - 2bd0627d-72ad-45ef-ab03-a55c09ad6c3a@group-5DED97F94C66-SegmentedRaftLogWorker: Starting segment from index:0
2019-09-25 12:06:07,698 [Thread-3156] INFO  impl.RoleInfo (RoleInfo.java:updateAndGet(143)) - 2bd0627d-72ad-45ef-ab03-a55c09ad6c3a: start LeaderElection
2019-09-25 12:06:07,698 [2bd0627d-72ad-45ef-ab03-a55c09ad6c3a@group-5DED97F94C66:LeaderElection239] INFO  impl.RaftServerImpl (ServerState.java:setRaftConf(354)) - 2bd0627d-72ad-45ef-ab03-a55c09ad6c3a@group-5DED97F94C66: set configuration 0: [2bd0627d-72ad-45ef-ab03-a55c09ad6c3a:192.168.151.73:33385], old=null at 0
2019-09-25 12:06:08,325 [Thread-3192] INFO  impl.FollowerState (FollowerState.java:run(106)) - 50493258-76a6-47fc-92c1-a180d5b1121a:group-069E06021009 changes to CANDIDATE, lastRpcTime:5224, electionTimeout:5035ms
2019-09-25 12:06:08,325 [Thread-3189] INFO  impl.FollowerState (FollowerState.java:run(106)) - 96c68fd9-263a-4bce-9480-8d54d9f28f1c:group-2B1299979C4A changes to CANDIDATE, lastRpcTime:5260, electionTimeout:5035ms
2019-09-25 12:06:08,324 [Thread-3186] INFO  impl.FollowerState (FollowerState.java:run(106)) - 96c68fd9-263a-4bce-9480-8d54d9f28f1c:group-D6AB42894A37 changes to CANDIDATE, lastRpcTime:5314, electionTimeout:5193ms
2019-09-25 12:06:08,324 [Thread-3200] INFO  impl.FollowerState (FollowerState.java:run(106)) - 50493258-76a6-47fc-92c1-a180d5b1121a:group-B5B9EC7173BD changes to CANDIDATE, lastRpcTime:5131, electionTimeout:5079ms
2019-09-25 12:06:08,319 [Thread-3203] INFO  impl.FollowerState (FollowerState.java:run(106)) - 2594d298-a87d-48a4-bedb-7d37d8f76d4c:group-48751B4E3AE9 changes to CANDIDATE, lastRpcTime:5086, electionTimeout:5077ms
2019-09-25 12:06:08,319 [Thread-3195] INFO  impl.FollowerState (FollowerState.java:run(106)) - 96c68fd9-263a-4bce-9480-8d54d9f28f1c:group-22C8F449FD48 changes to CANDIDATE, lastRpcTime:5182, electionTimeout:5180ms
2019-09-25 12:06:08,439 [Thread-3186] INFO  impl.RoleInfo (RoleInfo.java:shutdownFollowerState(121)) - 96c68fd9-263a-4bce-9480-8d54d9f28f1c: shutdown FollowerState
2019-09-25 12:06:08,435 [2bd0627d-72ad-45ef-ab03-a55c09ad6c3a@group-59C51C53F0A6:LeaderElection243] INFO  impl.LeaderElection (LeaderElection.java:askForVotes(182)) - 2bd0627d-72ad-45ef-ab03-a55c09ad6c3a@group-59C51C53F0A6:LeaderElection243: begin an election at term 1 for -1: [2bd0627d-72ad-45ef-ab03-a55c09ad6c3a:192.168.151.73:33385], old=null
2019-09-25 12:06:08,432 [Thread-3189] INFO  impl.RoleInfo (RoleInfo.java:shutdownFollowerState(121)) - 96c68fd9-263a-4bce-9480-8d54d9f28f1c: shutdown FollowerState
2019-09-25 12:06:08,452 [Thread-3189] INFO  impl.RaftServerImpl (RaftServerImpl.java:setRole(174)) - 96c68fd9-263a-4bce-9480-8d54d9f28f1c@group-2B1299979C4A: changes role from  FOLLOWER to CANDIDATE at term 0 for changeToCandidate
2019-09-25 12:06:08,432 [ForkJoinPool.commonPool-worker-0] INFO  ozoneimpl.OzoneContainer (OzoneContainer.java:stop(231)) - Attempting to stop container services.
2019-09-25 12:06:08,432 [main] INFO  ozoneimpl.OzoneContainer (OzoneContainer.java:stop(231)) - Attempting to stop container services.
2019-09-25 12:06:08,432 [Thread-3206] INFO  impl.FollowerState (FollowerState.java:run(106)) - 50493258-76a6-47fc-92c1-a180d5b1121a:group-DE5D9AE95F7E changes to CANDIDATE, lastRpcTime:5183, electionTimeout:5176ms
2019-09-25 12:06:08,432 [Thread-3171] WARN  util.JavaUtils (JavaUtils.java:sleep(250)) - Unexpected long sleep: sleep(5096ms) actually took 5491ms which is over the threshold 300ms
2019-09-25 12:06:08,427 [Thread-3177] WARN  util.JavaUtils (JavaUtils.java:sleep(250)) - Unexpected long sleep: sleep(5006ms) actually took 5421ms which is over the threshold 300ms
2019-09-25 12:06:08,408 [Thread-3192] INFO  impl.RoleInfo (RoleInfo.java:shutdownFollowerState(121)) - 50493258-76a6-47fc-92c1-a180d5b1121a: shutdown FollowerState
2019-09-25 12:06:08,460 [Thread-3192] INFO  impl.RaftServerImpl (RaftServerImpl.java:setRole(174)) - 50493258-76a6-47fc-92c1-a180d5b1121a@group-069E06021009: changes role from  FOLLOWER to CANDIDATE at term 0 for changeToCandidate
2019-09-25 12:06:08,407 [Thread-3209] INFO  impl.FollowerState (FollowerState.java:run(106)) - 2594d298-a87d-48a4-bedb-7d37d8f76d4c:group-0A9821578A75 changes to CANDIDATE, lastRpcTime:5116, electionTimeout:5109ms
2019-09-25 12:06:08,407 [Thread-3168] WARN  util.JavaUtils (JavaUtils.java:sleep(250)) - Unexpected long sleep: sleep(5124ms) actually took 5532ms which is over the threshold 300ms
2019-09-25 12:06:08,403 [Thread-3183] WARN  util.JavaUtils (JavaUtils.java:sleep(250)) - Unexpected long sleep: sleep(5027ms) actually took 5347ms which is over the threshold 300ms
2019-09-25 12:06:08,399 [Thread-3162] WARN  util.JavaUtils (JavaUtils.java:sleep(250)) - Unexpected long sleep: sleep(5130ms) actually took 5601ms which is over the threshold 300ms
2019-09-25 12:06:08,376 [Thread-3180] WARN  util.JavaUtils (JavaUtils.java:sleep(250)) - Unexpected long sleep: sleep(5079ms) actually took 5382ms which is over the threshold 300ms
2019-09-25 12:06:08,357 [Thread-3165] WARN  util.JavaUtils (JavaUtils.java:sleep(250)) - Unexpected long sleep: sleep(5043ms) actually took 5564ms which is over the threshold 300ms
2019-09-25 12:06:08,357 [Thread-3159] WARN  util.JavaUtils (JavaUtils.java:sleep(250)) - Unexpected long sleep: sleep(5102ms) actually took 5640ms which is over the threshold 300ms
2019-09-25 12:06:08,351 [Thread-3174] WARN  util.JavaUtils (JavaUtils.java:sleep(250)) - Unexpected long sleep: sleep(5052ms) actually took 5455ms which is over the threshold 300ms
2019-09-25 12:06:08,342 [992d69e5-6cba-4869-b94d-c8d2dc420a77@group-CA5E20385C5C-SegmentedRaftLogWorker] INFO  segmented.SegmentedRaftLogWorker (SegmentedRaftLogWorker.java:execute(569)) - 992d69e5-6cba-4869-b94d-c8d2dc420a77@group-CA5E20385C5C-SegmentedRaftLogWorker: created new log segment /workdir/hadoop-ozone/integration-test/target/test-dir/MiniOzoneClusterImpl-757e75c3-29a2-41d1-adb4-db6d7805a8c7/datanode-2/data/ratis/e8e2315f-4cff-49e9-9c16-ca5e20385c5c/current/log_inprogress_0
2019-09-25 12:06:08,342 [992d69e5-6cba-4869-b94d-c8d2dc420a77@group-EEAF51056AFE-SegmentedRaftLogWorker] INFO  segmented.SegmentedRaftLogWorker (SegmentedRaftLogWorker.java:execute(569)) - 992d69e5-6cba-4869-b94d-c8d2dc420a77@group-EEAF51056AFE-SegmentedRaftLogWorker: created new log segment /workdir/hadoop-ozone/integration-test/target/test-dir/MiniOzoneClusterImpl-757e75c3-29a2-41d1-adb4-db6d7805a8c7/datanode-2/data/ratis/e22a04a9-d086-4969-819d-eeaf51056afe/current/log_inprogress_0
2019-09-25 12:06:08,342 [50493258-76a6-47fc-92c1-a180d5b1121a@group-EB893D903F46-SegmentedRaftLogWorker] INFO  segmented.SegmentedRaftLogWorker (SegmentedRaftLogWorker.java:execute(569)) - 50493258-76a6-47fc-92c1-a180d5b1121a@group-EB893D903F46-SegmentedRaftLogWorker: created new log segment /workdir/hadoop-ozone/integration-test/target/test-dir/MiniOzoneClusterImpl-757e75c3-29a2-41d1-adb4-db6d7805a8c7/datanode-5/data/ratis/2e28dcdb-3fbb-467a-8855-eb893d903f46/current/log_inprogress_0
2019-09-25 12:06:08,460 [Thread-3192] INFO  impl.RoleInfo (RoleInfo.java:updateAndGet(143)) - 50493258-76a6-47fc-92c1-a180d5b1121a: start LeaderElection
2019-09-25 12:06:08,453 [Thread-3189] INFO  impl.RoleInfo (RoleInfo.java:updateAndGet(143)) - 96c68fd9-263a-4bce-9480-8d54d9f28f1c: start LeaderElection
2019-09-25 12:06:08,452 [2bd0627d-72ad-45ef-ab03-a55c09ad6c3a@group-59C51C53F0A6:LeaderElection243] INFO  impl.RoleInfo (RoleInfo.java:shutdownLeaderElection(134)) - 2bd0627d-72ad-45ef-ab03-a55c09ad6c3a: shutdown LeaderElection
2019-09-25 12:06:08,452 [Thread-3186] INFO  impl.RaftServerImpl (RaftServerImpl.java:setRole(174)) - 96c68fd9-263a-4bce-9480-8d54d9f28f1c@group-D6AB42894A37: changes role from  FOLLOWER to CANDIDATE at term 0 for changeToCandidate
2019-09-25 12:06:08,475 [2bd0627d-72ad-45ef-ab03-a55c09ad6c3a@group-59C51C53F0A6:LeaderElection243] INFO  impl.RaftServerImpl (RaftServerImpl.java:setRole(174)) - 2bd0627d-72ad-45ef-ab03-a55c09ad6c3a@group-59C51C53F0A6: changes role from CANDIDATE to LEADER at term 1 for changeToLeader
2019-09-25 12:06:08,476 [2bd0627d-72ad-45ef-ab03-a55c09ad6c3a@group-59C51C53F0A6:LeaderElection243] INFO  impl.RaftServerImpl (ServerState.java:setLeader(253)) - 2bd0627d-72ad-45ef-ab03-a55c09ad6c3a@group-59C51C53F0A6: change Leader from null to 2bd0627d-72ad-45ef-ab03-a55c09ad6c3a at term 1 for becomeLeader, leader elected after 5836ms
2019-09-25 12:06:08,476 [2bd0627d-72ad-45ef-ab03-a55c09ad6c3a@group-59C51C53F0A6:LeaderElection243] INFO  server.RaftServerConfigKeys (ConfUtils.java:logGet(43)) - raft.server.staging.catchup.gap = 1000 (default)
2019-09-25 12:06:08,476 [2bd0627d-72ad-45ef-ab03-a55c09ad6c3a@group-59C51C53F0A6:LeaderElection243] INFO  server.RaftServerConfigKeys (ConfUtils.java:logGet(43)) - raft.server.rpc.sleep.time = 25ms (default)
2019-09-25 12:06:08,479 [2bd0627d-72ad-45ef-ab03-a55c09ad6c3a@group-59C51C53F0A6:LeaderElection243] INFO  server.RaftServerConfigKeys (ConfUtils.java:logGet(43)) - raft.server.write.element-limit = 4096 (default)
2019-09-25 12:06:08,479 [Thread-3186] INFO  impl.RoleInfo (RoleInfo.java:updateAndGet(143)) - 96c68fd9-263a-4bce-9480-8d54d9f28f1c: start LeaderElection
2019-09-25 12:06:08,479 [2bd0627d-72ad-45ef-ab03-a55c09ad6c3a@group-59C51C53F0A6:LeaderElection243] INFO  server.RaftServerConfigKeys (ConfUtils.java:logGet(43)) - raft.server.watch.timeout = 10s (default)
2019-09-25 12:06:08,479 [2bd0627d-72ad-45ef-ab03-a55c09ad6c3a@group-59C51C53F0A6:LeaderElection243] INFO  server.RaftServerConfigKeys (ConfUtils.java:logGet(43)) - raft.server.watch.timeout.denomination = 1s (default)
2019-09-25 12:06:08,479 [2bd0627d-72ad-45ef-ab03-a55c09ad6c3a@group-59C51C53F0A6:LeaderElection243] INFO  server.RaftServerConfigKeys (ConfUtils.java:logGet(43)) - raft.server.watch.element-limit = 65536 (default)
2019-09-25 12:06:08,483 [Thread-3200] INFO  impl.RoleInfo (RoleInfo.java:shutdownFollowerState(121)) - 50493258-76a6-47fc-92c1-a180d5b1121a: shutdown FollowerState
2019-09-25 12:06:08,483 [Thread-3200] INFO  impl.RaftServerImpl (RaftServerImpl.java:setRole(174)) - 50493258-76a6-47fc-92c1-a180d5b1121a@group-B5B9EC7173BD: changes role from  FOLLOWER to CANDIDATE at term 0 for changeToCandidate
2019-09-25 12:06:08,488 [Thread-3206] INFO  impl.RoleInfo (RoleInfo.java:shutdownFollowerState(121)) - 50493258-76a6-47fc-92c1-a180d5b1121a: shutdown FollowerState
2019-09-25 12:06:08,488 [Thread-3206] INFO  impl.RaftServerImpl (RaftServerImpl.java:setRole(174)) - 50493258-76a6-47fc-92c1-a180d5b1121a@group-DE5D9AE95F7E: changes role from  FOLLOWER to CANDIDATE at term 0 for changeToCandidate
2019-09-25 12:06:08,488 [Thread-3200] INFO  impl.RoleInfo (RoleInfo.java:updateAndGet(143)) - 50493258-76a6-47fc-92c1-a180d5b1121a: start LeaderElection
2019-09-25 12:06:08,493 [Thread-3203] INFO  impl.RoleInfo (RoleInfo.java:shutdownFollowerState(121)) - 2594d298-a87d-48a4-bedb-7d37d8f76d4c: shutdown FollowerState
2019-09-25 12:06:08,493 [Thread-3203] INFO  impl.RaftServerImpl (RaftServerImpl.java:setRole(174)) - 2594d298-a87d-48a4-bedb-7d37d8f76d4c@group-48751B4E3AE9: changes role from  FOLLOWER to CANDIDATE at term 0 for changeToCandidate
2019-09-25 12:06:08,494 [2bd0627d-72ad-45ef-ab03-a55c09ad6c3a@group-59C51C53F0A6:LeaderElection243] INFO  impl.RoleInfo (RoleInfo.java:updateAndGet(143)) - 2bd0627d-72ad-45ef-ab03-a55c09ad6c3a: start LeaderState
2019-09-25 12:06:08,494 [2bd0627d-72ad-45ef-ab03-a55c09ad6c3a@group-59C51C53F0A6:LeaderElection243] INFO  segmented.SegmentedRaftLogWorker (SegmentedRaftLogWorker.java:startLogSegment(380)) - 2bd0627d-72ad-45ef-ab03-a55c09ad6c3a@group-59C51C53F0A6-SegmentedRaftLogWorker: Starting segment from index:0
2019-09-25 12:06:08,497 [Thread-3209] INFO  impl.RoleInfo (RoleInfo.java:shutdownFollowerState(121)) - 2594d298-a87d-48a4-bedb-7d37d8f76d4c: shutdown FollowerState
2019-09-25 12:06:08,497 [Thread-3203] INFO  impl.RoleInfo (RoleInfo.java:updateAndGet(143)) - 2594d298-a87d-48a4-bedb-7d37d8f76d4c: start LeaderElection
2019-09-25 12:06:08,497 [Thread-3209] INFO  impl.RaftServerImpl (RaftServerImpl.java:setRole(174)) - 2594d298-a87d-48a4-bedb-7d37d8f76d4c@group-0A9821578A75: changes role from  FOLLOWER to CANDIDATE at term 0 for changeToCandidate
2019-09-25 12:06:08,501 [main] INFO  impl.RaftServerProxy (RaftServerProxy.java:lambda$close$4(314)) - 96c68fd9-263a-4bce-9480-8d54d9f28f1c: close
2019-09-25 12:06:08,502 [Thread-3209] INFO  impl.RoleInfo (RoleInfo.java:updateAndGet(143)) - 2594d298-a87d-48a4-bedb-7d37d8f76d4c: start LeaderElection
2019-09-25 12:06:08,501 [Thread-3206] INFO  impl.RoleInfo (RoleInfo.java:updateAndGet(143)) - 50493258-76a6-47fc-92c1-a180d5b1121a: start LeaderElection
2019-09-25 12:06:08,501 [ForkJoinPool.commonPool-worker-0] INFO  impl.RaftServerProxy (RaftServerProxy.java:lambda$close$4(314)) - de2e4d40-31b5-4e53-8675-f16775b3ddb7: close
2019-09-25 12:06:08,502 [main] INFO  impl.RaftServerImpl (RaftServerImpl.java:lambda$shutdown$3(251)) - 96c68fd9-263a-4bce-9480-8d54d9f28f1c@group-D6AB42894A37: shutdown
2019-09-25 12:06:08,502 [main] INFO  util.JmxRegister (JmxRegister.java:unregister(73)) - Successfully un-registered JMX Bean with object name Ratis:service=RaftServer,group=group-D6AB42894A37,id=96c68fd9-263a-4bce-9480-8d54d9f28f1c
2019-09-25 12:06:08,503 [main] INFO  impl.RoleInfo (RoleInfo.java:shutdownLeaderElection(134)) - 96c68fd9-263a-4bce-9480-8d54d9f28f1c: shutdown LeaderElection
2019-09-25 12:06:08,508 [ForkJoinPool.commonPool-worker-0] INFO  impl.RaftServerImpl (RaftServerImpl.java:lambda$shutdown$3(251)) - de2e4d40-31b5-4e53-8675-f16775b3ddb7@group-5588D645AD65: shutdown
2019-09-25 12:06:08,508 [main] INFO  impl.StateMachineUpdater (StateMachineUpdater.java:stopAndJoin(125)) - 96c68fd9-263a-4bce-9480-8d54d9f28f1c@group-D6AB42894A37-StateMachineUpdater: set stopIndex = -1
2019-09-25 12:06:08,508 [ForkJoinPool.commonPool-worker-0] INFO  util.JmxRegister (JmxRegister.java:unregister(73)) - Successfully un-registered JMX Bean with object name Ratis:service=RaftServer,group=group-5588D645AD65,id=de2e4d40-31b5-4e53-8675-f16775b3ddb7
2019-09-25 12:06:08,509 [ForkJoinPool.commonPool-worker-0] INFO  impl.RoleInfo (RoleInfo.java:shutdownLeaderState(104)) - de2e4d40-31b5-4e53-8675-f16775b3ddb7: shutdown LeaderState
2019-09-25 12:06:08,509 [ForkJoinPool.commonPool-worker-0] INFO  impl.PendingRequests (PendingRequests.java:sendNotLeaderResponses(202)) - de2e4d40-31b5-4e53-8675-f16775b3ddb7-PendingRequests: sendNotLeaderResponses
2019-09-25 12:06:08,513 [ForkJoinPool.commonPool-worker-0] INFO  impl.StateMachineUpdater (StateMachineUpdater.java:stopAndJoin(125)) - de2e4d40-31b5-4e53-8675-f16775b3ddb7@group-5588D645AD65-StateMachineUpdater: set stopIndex = 0
2019-09-25 12:06:08,518 [2bd0627d-72ad-45ef-ab03-a55c09ad6c3a@group-59C51C53F0A6:LeaderElection243] INFO  impl.RaftServerImpl (ServerState.java:setRaftConf(354)) - 2bd0627d-72ad-45ef-ab03-a55c09ad6c3a@group-59C51C53F0A6: set configuration 0: [2bd0627d-72ad-45ef-ab03-a55c09ad6c3a:192.168.151.73:33385], old=null at 0
2019-09-25 12:06:08,523 [ForkJoinPool.commonPool-worker-0] INFO  impl.RaftServerImpl (ServerState.java:close(385)) - de2e4d40-31b5-4e53-8675-f16775b3ddb7@group-5588D645AD65: closes. applyIndex: 0
2019-09-25 12:06:08,523 [main] INFO  impl.RaftServerImpl (ServerState.java:close(385)) - 96c68fd9-263a-4bce-9480-8d54d9f28f1c@group-D6AB42894A37: closes. applyIndex: -1
2019-09-25 12:06:08,523 [Thread-3195] INFO  impl.RoleInfo (RoleInfo.java:shutdownFollowerState(121)) - 96c68fd9-263a-4bce-9480-8d54d9f28f1c: shutdown FollowerState
2019-09-25 12:06:08,524 [Thread-3195] INFO  impl.RaftServerImpl (RaftServerImpl.java:setRole(174)) - 96c68fd9-263a-4bce-9480-8d54d9f28f1c@group-22C8F449FD48: changes role from  FOLLOWER to CANDIDATE at term 0 for changeToCandidate
2019-09-25 12:06:08,524 [Thread-3195] INFO  impl.RoleInfo (RoleInfo.java:updateAndGet(143)) - 96c68fd9-263a-4bce-9480-8d54d9f28f1c: start LeaderElection
2019-09-25 12:06:08,653 [de2e4d40-31b5-4e53-8675-f16775b3ddb7@group-5588D645AD65-SegmentedRaftLogWorker] INFO  segmented.SegmentedRaftLogWorker (SegmentedRaftLogWorker.java:run(313)) - de2e4d40-31b5-4e53-8675-f16775b3ddb7@group-5588D645AD65-SegmentedRaftLogWorker was interrupted, exiting. There are 0 tasks remaining in the queue.
2019-09-25 12:06:08,653 [50493258-76a6-47fc-92c1-a180d5b1121a@group-069E06021009:LeaderElection245] INFO  impl.LeaderElection (LeaderElection.java:askForVotes(182)) - 50493258-76a6-47fc-92c1-a180d5b1121a@group-069E06021009:LeaderElection245: begin an election at term 1 for -1: [50493258-76a6-47fc-92c1-a180d5b1121a:192.168.151.73:40355], old=null
2019-09-25 12:06:08,657 [96c68fd9-263a-4bce-9480-8d54d9f28f1c@group-D6AB42894A37-SegmentedRaftLogWorker] INFO  segmented.SegmentedRaftLogWorker (SegmentedRaftLogWorker.java:run(313)) - 96c68fd9-263a-4bce-9480-8d54d9f28f1c@group-D6AB42894A37-SegmentedRaftLogWorker was interrupted, exiting. There are 0 tasks remaining in the queue.
2019-09-25 12:06:08,657 [ForkJoinPool.commonPool-worker-0] INFO  segmented.SegmentedRaftLogWorker (SegmentedRaftLogWorker.java:close(228)) - de2e4d40-31b5-4e53-8675-f16775b3ddb7@group-5588D645AD65-SegmentedRaftLogWorker close()
2019-09-25 12:06:08,657 [main] INFO  segmented.SegmentedRaftLogWorker (SegmentedRaftLogWorker.java:close(228)) - 96c68fd9-263a-4bce-9480-8d54d9f28f1c@group-D6AB42894A37-SegmentedRaftLogWorker close()
2019-09-25 12:06:08,657 [50493258-76a6-47fc-92c1-a180d5b1121a@group-069E06021009:LeaderElection245] INFO  impl.RoleInfo (RoleInfo.java:shutdownLeaderElection(134)) - 50493258-76a6-47fc-92c1-a180d5b1121a: shutdown LeaderElection
2019-09-25 12:06:08,671 [main] INFO  impl.RaftServerImpl (RaftServerImpl.java:lambda$shutdown$3(251)) - 96c68fd9-263a-4bce-9480-8d54d9f28f1c@group-4554EEB7B3DD: shutdown
2019-09-25 12:06:08,665 [Thread-3212] INFO  impl.FollowerState (FollowerState.java:run(106)) - 2594d298-a87d-48a4-bedb-7d37d8f76d4c:group-2F5942151154 changes to CANDIDATE, lastRpcTime:5323, electionTimeout:5198ms
2019-09-25 12:06:08,665 [50493258-76a6-47fc-92c1-a180d5b1121a@group-B5B9EC7173BD:LeaderElection247] INFO  impl.LeaderElection (LeaderElection.java:askForVotes(182)) - 50493258-76a6-47fc-92c1-a180d5b1121a@group-B5B9EC7173BD:LeaderElection247: begin an election at term 1 for -1: [50493258-76a6-47fc-92c1-a180d5b1121a:192.168.151.73:40355], old=null
2019-09-25 12:06:08,664 [96c68fd9-263a-4bce-9480-8d54d9f28f1c@group-2B1299979C4A:LeaderElection244] INFO  impl.LeaderElection (LeaderElection.java:askForVotes(182)) - 96c68fd9-263a-4bce-9480-8d54d9f28f1c@group-2B1299979C4A:LeaderElection244: begin an election at term 1 for -1: [96c68fd9-263a-4bce-9480-8d54d9f28f1c:192.168.151.73:45392], old=null
2019-09-25 12:06:08,664 [2594d298-a87d-48a4-bedb-7d37d8f76d4c@group-48751B4E3AE9:LeaderElection249] INFO  impl.LeaderElection (LeaderElection.java:askForVotes(182)) - 2594d298-a87d-48a4-bedb-7d37d8f76d4c@group-48751B4E3AE9:LeaderElection249: begin an election at term 1 for -1: [2594d298-a87d-48a4-bedb-7d37d8f76d4c:192.168.151.73:46535], old=null
2019-09-25 12:06:08,663 [ForkJoinPool.commonPool-worker-0] INFO  impl.RaftServerImpl (RaftServerImpl.java:lambda$shutdown$3(251)) - de2e4d40-31b5-4e53-8675-f16775b3ddb7@group-B34C45C00CC2: shutdown
2019-09-25 12:06:08,672 [2594d298-a87d-48a4-bedb-7d37d8f76d4c@group-48751B4E3AE9:LeaderElection249] INFO  impl.RoleInfo (RoleInfo.java:shutdownLeaderElection(134)) - 2594d298-a87d-48a4-bedb-7d37d8f76d4c: shutdown LeaderElection
2019-09-25 12:06:08,672 [96c68fd9-263a-4bce-9480-8d54d9f28f1c@group-2B1299979C4A:LeaderElection244] INFO  impl.RoleInfo (RoleInfo.java:shutdownLeaderElection(134)) - 96c68fd9-263a-4bce-9480-8d54d9f28f1c: shutdown LeaderElection
2019-09-25 12:06:08,673 [96c68fd9-263a-4bce-9480-8d54d9f28f1c@group-2B1299979C4A:LeaderElection244] INFO  impl.RaftServerImpl (RaftServerImpl.java:setRole(174)) - 96c68fd9-263a-4bce-9480-8d54d9f28f1c@group-2B1299979C4A: changes role from CANDIDATE to LEADER at term 1 for changeToLeader
2019-09-25 12:06:08,672 [50493258-76a6-47fc-92c1-a180d5b1121a@group-B5B9EC7173BD:LeaderElection247] INFO  impl.RoleInfo (RoleInfo.java:shutdownLeaderElection(134)) - 50493258-76a6-47fc-92c1-a180d5b1121a: shutdown LeaderElection
2019-09-25 12:06:08,673 [50493258-76a6-47fc-92c1-a180d5b1121a@group-B5B9EC7173BD:LeaderElection247] INFO  impl.RaftServerImpl (RaftServerImpl.java:setRole(174)) - 50493258-76a6-47fc-92c1-a180d5b1121a@group-B5B9EC7173BD: changes role from CANDIDATE to LEADER at term 1 for changeToLeader
2019-09-25 12:06:08,672 [Thread-3212] INFO  impl.RoleInfo (RoleInfo.java:shutdownFollowerState(121)) - 2594d298-a87d-48a4-bedb-7d37d8f76d4c: shutdown FollowerState
2019-09-25 12:06:08,673 [Thread-3212] INFO  impl.RaftServerImpl (RaftServerImpl.java:setRole(174)) - 2594d298-a87d-48a4-bedb-7d37d8f76d4c@group-2F5942151154: changes role from  FOLLOWER to CANDIDATE at term 0 for changeToCandidate
2019-09-25 12:06:08,672 [main] INFO  util.JmxRegister (JmxRegister.java:unregister(73)) - Successfully un-registered JMX Bean with object name Ratis:service=RaftServer,group=group-4554EEB7B3DD,id=96c68fd9-263a-4bce-9480-8d54d9f28f1c
2019-09-25 12:06:08,672 [50493258-76a6-47fc-92c1-a180d5b1121a@group-DE5D9AE95F7E:LeaderElection248] INFO  impl.LeaderElection (LeaderElection.java:askForVotes(182)) - 50493258-76a6-47fc-92c1-a180d5b1121a@group-DE5D9AE95F7E:LeaderElection248: begin an election at term 1 for -1: [50493258-76a6-47fc-92c1-a180d5b1121a:192.168.151.73:40355], old=null
2019-09-25 12:06:08,674 [50493258-76a6-47fc-92c1-a180d5b1121a@group-DE5D9AE95F7E:LeaderElection248] INFO  impl.RoleInfo (RoleInfo.java:shutdownLeaderElection(134)) - 50493258-76a6-47fc-92c1-a180d5b1121a: shutdown LeaderElection
2019-09-25 12:06:08,672 [2594d298-a87d-48a4-bedb-7d37d8f76d4c@group-0A9821578A75:LeaderElection250] INFO  impl.LeaderElection (LeaderElection.java:askForVotes(182)) - 2594d298-a87d-48a4-bedb-7d37d8f76d4c@group-0A9821578A75:LeaderElection250: begin an election at term 1 for -1: [2594d298-a87d-48a4-bedb-7d37d8f76d4c:192.168.151.73:46535], old=null
2019-09-25 12:06:08,671 [2bd0627d-72ad-45ef-ab03-a55c09ad6c3a@group-5DED97F94C66-SegmentedRaftLogWorker] INFO  segmented.SegmentedRaftLogWorker (SegmentedRaftLogWorker.java:execute(569)) - 2bd0627d-72ad-45ef-ab03-a55c09ad6c3a@group-5DED97F94C66-SegmentedRaftLogWorker: created new log segment /workdir/hadoop-ozone/integration-test/target/test-dir/MiniOzoneClusterImpl-757e75c3-29a2-41d1-adb4-db6d7805a8c7/datanode-3/data/ratis/cca2d079-bc4f-44df-a3ec-5ded97f94c66/current/log_inprogress_0
2019-09-25 12:06:08,672 [2bd0627d-72ad-45ef-ab03-a55c09ad6c3a@group-59C51C53F0A6-SegmentedRaftLogWorker] INFO  segmented.SegmentedRaftLogWorker (SegmentedRaftLogWorker.java:execute(569)) - 2bd0627d-72ad-45ef-ab03-a55c09ad6c3a@group-59C51C53F0A6-SegmentedRaftLogWorker: created new log segment /workdir/hadoop-ozone/integration-test/target/test-dir/MiniOzoneClusterImpl-757e75c3-29a2-41d1-adb4-db6d7805a8c7/datanode-3/data/ratis/4bac4332-4b7b-43f3-a01d-59c51c53f0a6/current/log_inprogress_0
2019-09-25 12:06:08,671 [50493258-76a6-47fc-92c1-a180d5b1121a@group-069E06021009:LeaderElection245] INFO  impl.RaftServerImpl (RaftServerImpl.java:setRole(174)) - 50493258-76a6-47fc-92c1-a180d5b1121a@group-069E06021009: changes role from CANDIDATE to LEADER at term 1 for changeToLeader
2019-09-25 12:06:08,674 [2594d298-a87d-48a4-bedb-7d37d8f76d4c@group-0A9821578A75:LeaderElection250] INFO  impl.RoleInfo (RoleInfo.java:shutdownLeaderElection(134)) - 2594d298-a87d-48a4-bedb-7d37d8f76d4c: shutdown LeaderElection
2019-09-25 12:06:08,675 [2594d298-a87d-48a4-bedb-7d37d8f76d4c@group-0A9821578A75:LeaderElection250] INFO  impl.RaftServerImpl (RaftServerImpl.java:setRole(174)) - 2594d298-a87d-48a4-bedb-7d37d8f76d4c@group-0A9821578A75: changes role from CANDIDATE to LEADER at term 1 for changeToLeader
2019-09-25 12:06:08,675 [2594d298-a87d-48a4-bedb-7d37d8f76d4c@group-0A9821578A75:LeaderElection250] INFO  impl.RaftServerImpl (ServerState.java:setLeader(253)) - 2594d298-a87d-48a4-bedb-7d37d8f76d4c@group-0A9821578A75: change Leader from null to 2594d298-a87d-48a4-bedb-7d37d8f76d4c at term 1 for becomeLeader, leader elected after 5387ms
2019-09-25 12:06:08,674 [50493258-76a6-47fc-92c1-a180d5b1121a@group-DE5D9AE95F7E:LeaderElection248] INFO  impl.RaftServerImpl (RaftServerImpl.java:setRole(174)) - 50493258-76a6-47fc-92c1-a180d5b1121a@group-DE5D9AE95F7E: changes role from CANDIDATE to LEADER at term 1 for changeToLeader
2019-09-25 12:06:08,674 [main] INFO  impl.RoleInfo (RoleInfo.java:shutdownFollowerState(121)) - 96c68fd9-263a-4bce-9480-8d54d9f28f1c: shutdown FollowerState
2019-09-25 12:06:08,675 [main] INFO  impl.StateMachineUpdater (StateMachineUpdater.java:stopAndJoin(125)) - 96c68fd9-263a-4bce-9480-8d54d9f28f1c@group-4554EEB7B3DD-StateMachineUpdater: set stopIndex = -1
2019-09-25 12:06:08,676 [main] INFO  impl.RaftServerImpl (ServerState.java:close(385)) - 96c68fd9-263a-4bce-9480-8d54d9f28f1c@group-4554EEB7B3DD: closes. applyIndex: -1
2019-09-25 12:06:08,674 [Thread-3212] INFO  impl.RoleInfo (RoleInfo.java:updateAndGet(143)) - 2594d298-a87d-48a4-bedb-7d37d8f76d4c: start LeaderElection
2019-09-25 12:06:08,673 [50493258-76a6-47fc-92c1-a180d5b1121a@group-B5B9EC7173BD:LeaderElection247] INFO  impl.RaftServerImpl (ServerState.java:setLeader(253)) - 50493258-76a6-47fc-92c1-a180d5b1121a@group-B5B9EC7173BD: change Leader from null to 50493258-76a6-47fc-92c1-a180d5b1121a at term 1 for becomeLeader, leader elected after 5487ms
2019-09-25 12:06:08,673 [96c68fd9-263a-4bce-9480-8d54d9f28f1c@group-2B1299979C4A:LeaderElection244] INFO  impl.RaftServerImpl (ServerState.java:setLeader(253)) - 96c68fd9-263a-4bce-9480-8d54d9f28f1c@group-2B1299979C4A: change Leader from null to 96c68fd9-263a-4bce-9480-8d54d9f28f1c at term 1 for becomeLeader, leader elected after 5612ms
2019-09-25 12:06:08,673 [2594d298-a87d-48a4-bedb-7d37d8f76d4c@group-48751B4E3AE9:LeaderElection249] INFO  impl.RaftServerImpl (RaftServerImpl.java:setRole(174)) - 2594d298-a87d-48a4-bedb-7d37d8f76d4c@group-48751B4E3AE9: changes role from CANDIDATE to LEADER at term 1 for changeToLeader
2019-09-25 12:06:08,676 [2594d298-a87d-48a4-bedb-7d37d8f76d4c@group-48751B4E3AE9:LeaderElection249] INFO  impl.RaftServerImpl (ServerState.java:setLeader(253)) - 2594d298-a87d-48a4-bedb-7d37d8f76d4c@group-48751B4E3AE9: change Leader from null to 2594d298-a87d-48a4-bedb-7d37d8f76d4c at term 1 for becomeLeader, leader elected after 5447ms
2019-09-25 12:06:08,673 [ForkJoinPool.commonPool-worker-0] INFO  util.JmxRegister (JmxRegister.java:unregister(73)) - Successfully un-registered JMX Bean with object name Ratis:service=RaftServer,group=group-B34C45C00CC2,id=de2e4d40-31b5-4e53-8675-f16775b3ddb7
2019-09-25 12:06:08,677 [2594d298-a87d-48a4-bedb-7d37d8f76d4c@group-48751B4E3AE9:LeaderElection249] INFO  server.RaftServerConfigKeys (ConfUtils.java:logGet(43)) - raft.server.staging.catchup.gap = 1000 (default)
2019-09-25 12:06:08,676 [96c68fd9-263a-4bce-9480-8d54d9f28f1c@group-2B1299979C4A:LeaderElection244] INFO  server.RaftServerConfigKeys (ConfUtils.java:logGet(43)) - raft.server.staging.catchup.gap = 1000 (default)
2019-09-25 12:06:08,677 [96c68fd9-263a-4bce-9480-8d54d9f28f1c@group-2B1299979C4A:LeaderElection244] INFO  server.RaftServerConfigKeys (ConfUtils.java:logGet(43)) - raft.server.rpc.sleep.time = 25ms (default)
2019-09-25 12:06:08,676 [50493258-76a6-47fc-92c1-a180d5b1121a@group-B5B9EC7173BD:LeaderElection247] INFO  server.RaftServerConfigKeys (ConfUtils.java:logGet(43)) - raft.server.staging.catchup.gap = 1000 (default)
2019-09-25 12:06:08,676 [96c68fd9-263a-4bce-9480-8d54d9f28f1c@group-4554EEB7B3DD-SegmentedRaftLogWorker] INFO  segmented.SegmentedRaftLogWorker (SegmentedRaftLogWorker.java:run(313)) - 96c68fd9-263a-4bce-9480-8d54d9f28f1c@group-4554EEB7B3DD-SegmentedRaftLogWorker was interrupted, exiting. There are 0 tasks remaining in the queue.
2019-09-25 12:06:08,675 [Thread-3159] INFO  impl.FollowerState (FollowerState.java:run(115)) - 96c68fd9-263a-4bce-9480-8d54d9f28f1c: FollowerState was interrupted: java.lang.InterruptedException: sleep interrupted
2019-09-25 12:06:08,675 [50493258-76a6-47fc-92c1-a180d5b1121a@group-DE5D9AE95F7E:LeaderElection248] INFO  impl.RaftServerImpl (ServerState.java:setLeader(253)) - 50493258-76a6-47fc-92c1-a180d5b1121a@group-DE5D9AE95F7E: change Leader from null to 50493258-76a6-47fc-92c1-a180d5b1121a at term 1 for becomeLeader, leader elected after 5429ms
2019-09-25 12:06:08,675 [2594d298-a87d-48a4-bedb-7d37d8f76d4c@group-0A9821578A75:LeaderElection250] INFO  server.RaftServerConfigKeys (ConfUtils.java:logGet(43)) - raft.server.staging.catchup.gap = 1000 (default)
2019-09-25 12:06:08,675 [50493258-76a6-47fc-92c1-a180d5b1121a@group-069E06021009:LeaderElection245] INFO  impl.RaftServerImpl (ServerState.java:setLeader(253)) - 50493258-76a6-47fc-92c1-a180d5b1121a@group-069E06021009: change Leader from null to 50493258-76a6-47fc-92c1-a180d5b1121a at term 1 for becomeLeader, leader elected after 5577ms
2019-09-25 12:06:08,678 [2594d298-a87d-48a4-bedb-7d37d8f76d4c@group-0A9821578A75:LeaderElection250] INFO  server.RaftServerConfigKeys (ConfUtils.java:logGet(43)) - raft.server.rpc.sleep.time = 25ms (default)
2019-09-25 12:06:08,678 [50493258-76a6-47fc-92c1-a180d5b1121a@group-DE5D9AE95F7E:LeaderElection248] INFO  server.RaftServerConfigKeys (ConfUtils.java:logGet(43)) - raft.server.staging.catchup.gap = 1000 (default)
2019-09-25 12:06:08,678 [50493258-76a6-47fc-92c1-a180d5b1121a@group-DE5D9AE95F7E:LeaderElection248] INFO  server.RaftServerConfigKeys (ConfUtils.java:logGet(43)) - raft.server.rpc.sleep.time = 25ms (default)
2019-09-25 12:06:08,678 [main] INFO  segmented.SegmentedRaftLogWorker (SegmentedRaftLogWorker.java:close(228)) - 96c68fd9-263a-4bce-9480-8d54d9f28f1c@group-4554EEB7B3DD-SegmentedRaftLogWorker close()
2019-09-25 12:06:08,678 [50493258-76a6-47fc-92c1-a180d5b1121a@group-B5B9EC7173BD:LeaderElection247] INFO  server.RaftServerConfigKeys (ConfUtils.java:logGet(43)) - raft.server.rpc.sleep.time = 25ms (default)
2019-09-25 12:06:08,677 [96c68fd9-263a-4bce-9480-8d54d9f28f1c@group-2B1299979C4A:LeaderElection244] INFO  server.RaftServerConfigKeys (ConfUtils.java:logGet(43)) - raft.server.write.element-limit = 4096 (default)
2019-09-25 12:06:08,677 [2594d298-a87d-48a4-bedb-7d37d8f76d4c@group-48751B4E3AE9:LeaderElection249] INFO  server.RaftServerConfigKeys (ConfUtils.java:logGet(43)) - raft.server.rpc.sleep.time = 25ms (default)
2019-09-25 12:06:08,677 [ForkJoinPool.commonPool-worker-0] INFO  impl.RoleInfo (RoleInfo.java:shutdownLeaderState(104)) - de2e4d40-31b5-4e53-8675-f16775b3ddb7: shutdown LeaderState
2019-09-25 12:06:08,684 [2594d298-a87d-48a4-bedb-7d37d8f76d4c@group-48751B4E3AE9:LeaderElection249] INFO  server.RaftServerConfigKeys (ConfUtils.java:logGet(43)) - raft.server.write.element-limit = 4096 (default)
2019-09-25 12:06:08,684 [96c68fd9-263a-4bce-9480-8d54d9f28f1c@group-2B1299979C4A:LeaderElection244] INFO  server.RaftServerConfigKeys (ConfUtils.java:logGet(43)) - raft.server.watch.timeout = 10s (default)
2019-09-25 12:06:08,684 [50493258-76a6-47fc-92c1-a180d5b1121a@group-B5B9EC7173BD:LeaderElection247] INFO  server.RaftServerConfigKeys (ConfUtils.java:logGet(43)) - raft.server.write.element-limit = 4096 (default)
2019-09-25 12:06:08,683 [main] INFO  impl.RaftServerImpl (RaftServerImpl.java:lambda$shutdown$3(251)) - 96c68fd9-263a-4bce-9480-8d54d9f28f1c@group-2B1299979C4A: shutdown
2019-09-25 12:06:08,678 [50493258-76a6-47fc-92c1-a180d5b1121a@group-DE5D9AE95F7E:LeaderElection248] INFO  server.RaftServerConfigKeys (ConfUtils.java:logGet(43)) - raft.server.write.element-limit = 4096 (default)
2019-09-25 12:06:08,678 [2594d298-a87d-48a4-bedb-7d37d8f76d4c@group-0A9821578A75:LeaderElection250] INFO  server.RaftServerConfigKeys (ConfUtils.java:logGet(43)) - raft.server.write.element-limit = 4096 (default)
2019-09-25 12:06:08,678 [50493258-76a6-47fc-92c1-a180d5b1121a@group-069E06021009:LeaderElection245] INFO  server.RaftServerConfigKeys (ConfUtils.java:logGet(43)) - raft.server.staging.catchup.gap = 1000 (default)
2019-09-25 12:06:08,686 [2594d298-a87d-48a4-bedb-7d37d8f76d4c@group-0A9821578A75:LeaderElection250] INFO  server.RaftServerConfigKeys (ConfUtils.java:logGet(43)) - raft.server.watch.timeout = 10s (default)
2019-09-25 12:06:08,685 [50493258-76a6-47fc-92c1-a180d5b1121a@group-DE5D9AE95F7E:LeaderElection248] INFO  server.RaftServerConfigKeys (ConfUtils.java:logGet(43)) - raft.server.watch.timeout = 10s (default)
2019-09-25 12:06:08,685 [main] INFO  util.JmxRegister (JmxRegister.java:unregister(73)) - Successfully un-registered JMX Bean with object name Ratis:service=RaftServer,group=group-2B1299979C4A,id=96c68fd9-263a-4bce-9480-8d54d9f28f1c
2019-09-25 12:06:08,685 [2594d298-a87d-48a4-bedb-7d37d8f76d4c@group-2F5942151154:LeaderElection252] INFO  impl.LeaderElection (LeaderElection.java:askForVotes(182)) - 2594d298-a87d-48a4-bedb-7d37d8f76d4c@group-2F5942151154:LeaderElection252: begin an election at term 1 for -1: [2594d298-a87d-48a4-bedb-7d37d8f76d4c:192.168.151.73:46535], old=null
2019-09-25 12:06:08,686 [2594d298-a87d-48a4-bedb-7d37d8f76d4c@group-2F5942151154:LeaderElection252] INFO  impl.RoleInfo (RoleInfo.java:shutdownLeaderElection(134)) - 2594d298-a87d-48a4-bedb-7d37d8f76d4c: shutdown LeaderElection
2019-09-25 12:06:08,685 [96c68fd9-263a-4bce-9480-8d54d9f28f1c@group-22C8F449FD48:LeaderElection251] INFO  impl.LeaderElection (LeaderElection.java:askForVotes(182)) - 96c68fd9-263a-4bce-9480-8d54d9f28f1c@group-22C8F449FD48:LeaderElection251: begin an election at term 1 for -1: [96c68fd9-263a-4bce-9480-8d54d9f28f1c:192.168.151.73:45392], old=null
2019-09-25 12:06:08,685 [50493258-76a6-47fc-92c1-a180d5b1121a@group-B5B9EC7173BD:LeaderElection247] INFO  server.RaftServerConfigKeys (ConfUtils.java:logGet(43)) - raft.server.watch.timeout = 10s (default)
2019-09-25 12:06:08,685 [96c68fd9-263a-4bce-9480-8d54d9f28f1c@group-2B1299979C4A:LeaderElection244] INFO  server.RaftServerConfigKeys (ConfUtils.java:logGet(43)) - raft.server.watch.timeout.denomination = 1s (default)
2019-09-25 12:06:08,684 [2594d298-a87d-48a4-bedb-7d37d8f76d4c@group-48751B4E3AE9:LeaderElection249] INFO  server.RaftServerConfigKeys (ConfUtils.java:logGet(43)) - raft.server.watch.timeout = 10s (default)
2019-09-25 12:06:08,684 [ForkJoinPool.commonPool-worker-0] INFO  impl.PendingRequests (PendingRequests.java:sendNotLeaderResponses(202)) - de2e4d40-31b5-4e53-8675-f16775b3ddb7-PendingRequests: sendNotLeaderResponses
2019-09-25 12:06:08,687 [2594d298-a87d-48a4-bedb-7d37d8f76d4c@group-48751B4E3AE9:LeaderElection249] INFO  server.RaftServerConfigKeys (ConfUtils.java:logGet(43)) - raft.server.watch.timeout.denomination = 1s (default)
2019-09-25 12:06:08,687 [96c68fd9-263a-4bce-9480-8d54d9f28f1c@group-2B1299979C4A:LeaderElection244] INFO  server.RaftServerConfigKeys (ConfUtils.java:logGet(43)) - raft.server.watch.element-limit = 65536 (default)
2019-09-25 12:06:08,687 [50493258-76a6-47fc-92c1-a180d5b1121a@group-B5B9EC7173BD:LeaderElection247] INFO  server.RaftServerConfigKeys (ConfUtils.java:logGet(43)) - raft.server.watch.timeout.denomination = 1s (default)
2019-09-25 12:06:08,688 [50493258-76a6-47fc-92c1-a180d5b1121a@group-B5B9EC7173BD:LeaderElection247] INFO  server.RaftServerConfigKeys (ConfUtils.java:logGet(43)) - raft.server.watch.element-limit = 65536 (default)
2019-09-25 12:06:08,687 [96c68fd9-263a-4bce-9480-8d54d9f28f1c@group-22C8F449FD48:LeaderElection251] INFO  impl.RoleInfo (RoleInfo.java:shutdownLeaderElection(134)) - 96c68fd9-263a-4bce-9480-8d54d9f28f1c: shutdown LeaderElection
2019-09-25 12:06:08,686 [2594d298-a87d-48a4-bedb-7d37d8f76d4c@group-2F5942151154:LeaderElection252] INFO  impl.RaftServerImpl (RaftServerImpl.java:setRole(174)) - 2594d298-a87d-48a4-bedb-7d37d8f76d4c@group-2F5942151154: changes role from CANDIDATE to LEADER at term 1 for changeToLeader
2019-09-25 12:06:08,686 [main] INFO  impl.StateMachineUpdater (StateMachineUpdater.java:stopAndJoin(125)) - 96c68fd9-263a-4bce-9480-8d54d9f28f1c@group-2B1299979C4A-StateMachineUpdater: set stopIndex = -1
2019-09-25 12:06:08,688 [main] INFO  impl.RaftServerImpl (ServerState.java:close(385)) - 96c68fd9-263a-4bce-9480-8d54d9f28f1c@group-2B1299979C4A: closes. applyIndex: -1
2019-09-25 12:06:08,686 [50493258-76a6-47fc-92c1-a180d5b1121a@group-DE5D9AE95F7E:LeaderElection248] INFO  server.RaftServerConfigKeys (ConfUtils.java:logGet(43)) - raft.server.watch.timeout.denomination = 1s (default)
2019-09-25 12:06:08,686 [2594d298-a87d-48a4-bedb-7d37d8f76d4c@group-0A9821578A75:LeaderElection250] INFO  server.RaftServerConfigKeys (ConfUtils.java:logGet(43)) - raft.server.watch.timeout.denomination = 1s (default)
2019-09-25 12:06:08,686 [50493258-76a6-47fc-92c1-a180d5b1121a@group-069E06021009:LeaderElection245] INFO  server.RaftServerConfigKeys (ConfUtils.java:logGet(43)) - raft.server.rpc.sleep.time = 25ms (default)
2019-09-25 12:06:08,689 [2594d298-a87d-48a4-bedb-7d37d8f76d4c@group-0A9821578A75:LeaderElection250] INFO  server.RaftServerConfigKeys (ConfUtils.java:logGet(43)) - raft.server.watch.element-limit = 65536 (default)
2019-09-25 12:06:08,689 [50493258-76a6-47fc-92c1-a180d5b1121a@group-DE5D9AE95F7E:LeaderElection248] INFO  server.RaftServerConfigKeys (ConfUtils.java:logGet(43)) - raft.server.watch.element-limit = 65536 (default)
2019-09-25 12:06:08,689 [96c68fd9-263a-4bce-9480-8d54d9f28f1c@group-2B1299979C4A-SegmentedRaftLogWorker] INFO  segmented.SegmentedRaftLogWorker (SegmentedRaftLogWorker.java:run(313)) - 96c68fd9-263a-4bce-9480-8d54d9f28f1c@group-2B1299979C4A-SegmentedRaftLogWorker was interrupted, exiting. There are 0 tasks remaining in the queue.
2019-09-25 12:06:08,688 [2594d298-a87d-48a4-bedb-7d37d8f76d4c@group-2F5942151154:LeaderElection252] INFO  impl.RaftServerImpl (ServerState.java:setLeader(253)) - 2594d298-a87d-48a4-bedb-7d37d8f76d4c@group-2F5942151154: change Leader from null to 2594d298-a87d-48a4-bedb-7d37d8f76d4c at term 1 for becomeLeader, leader elected after 5349ms
2019-09-25 12:06:08,688 [96c68fd9-263a-4bce-9480-8d54d9f28f1c@group-22C8F449FD48:LeaderElection251] INFO  impl.RaftServerImpl (RaftServerImpl.java:setRole(174)) - 96c68fd9-263a-4bce-9480-8d54d9f28f1c@group-22C8F449FD48: changes role from CANDIDATE to LEADER at term 1 for changeToLeader
2019-09-25 12:06:08,690 [96c68fd9-263a-4bce-9480-8d54d9f28f1c@group-22C8F449FD48:LeaderElection251] INFO  impl.RaftServerImpl (ServerState.java:setLeader(253)) - 96c68fd9-263a-4bce-9480-8d54d9f28f1c@group-22C8F449FD48: change Leader from null to 96c68fd9-263a-4bce-9480-8d54d9f28f1c at term 1 for becomeLeader, leader elected after 5557ms
2019-09-25 12:06:08,687 [2594d298-a87d-48a4-bedb-7d37d8f76d4c@group-48751B4E3AE9:LeaderElection249] INFO  server.RaftServerConfigKeys (ConfUtils.java:logGet(43)) - raft.server.watch.element-limit = 65536 (default)
2019-09-25 12:06:08,687 [ForkJoinPool.commonPool-worker-0] INFO  impl.StateMachineUpdater (StateMachineUpdater.java:stopAndJoin(125)) - de2e4d40-31b5-4e53-8675-f16775b3ddb7@group-B34C45C00CC2-StateMachineUpdater: set stopIndex = 0
2019-09-25 12:06:08,690 [96c68fd9-263a-4bce-9480-8d54d9f28f1c@group-22C8F449FD48:LeaderElection251] INFO  server.RaftServerConfigKeys (ConfUtils.java:logGet(43)) - raft.server.staging.catchup.gap = 1000 (default)
2019-09-25 12:06:08,690 [2594d298-a87d-48a4-bedb-7d37d8f76d4c@group-2F5942151154:LeaderElection252] INFO  server.RaftServerConfigKeys (ConfUtils.java:logGet(43)) - raft.server.staging.catchup.gap = 1000 (default)
2019-09-25 12:06:08,690 [main] INFO  segmented.SegmentedRaftLogWorker (SegmentedRaftLogWorker.java:close(228)) - 96c68fd9-263a-4bce-9480-8d54d9f28f1c@group-2B1299979C4A-SegmentedRaftLogWorker close()
2019-09-25 12:06:08,689 [50493258-76a6-47fc-92c1-a180d5b1121a@group-069E06021009:LeaderElection245] INFO  server.RaftServerConfigKeys (ConfUtils.java:logGet(43)) - raft.server.write.element-limit = 4096 (default)
2019-09-25 12:06:08,696 [main] INFO  impl.RaftServerImpl (RaftServerImpl.java:lambda$shutdown$3(251)) - 96c68fd9-263a-4bce-9480-8d54d9f28f1c@group-43AAE228BA57: shutdown
2019-09-25 12:06:08,690 [2594d298-a87d-48a4-bedb-7d37d8f76d4c@group-2F5942151154:LeaderElection252] INFO  server.RaftServerConfigKeys (ConfUtils.java:logGet(43)) - raft.server.rpc.sleep.time = 25ms (default)
2019-09-25 12:06:08,690 [96c68fd9-263a-4bce-9480-8d54d9f28f1c@group-22C8F449FD48:LeaderElection251] INFO  server.RaftServerConfigKeys (ConfUtils.java:logGet(43)) - raft.server.rpc.sleep.time = 25ms (default)
2019-09-25 12:06:08,690 [96c68fd9-263a-4bce-9480-8d54d9f28f1c@group-2B1299979C4A:LeaderElection244] INFO  impl.RoleInfo (RoleInfo.java:updateAndGet(143)) - 96c68fd9-263a-4bce-9480-8d54d9f28f1c: start LeaderState
2019-09-25 12:06:08,690 [ForkJoinPool.commonPool-worker-0] INFO  impl.RaftServerImpl (ServerState.java:close(385)) - de2e4d40-31b5-4e53-8675-f16775b3ddb7@group-B34C45C00CC2: closes. applyIndex: 0
2019-09-25 12:06:08,697 [96c68fd9-263a-4bce-9480-8d54d9f28f1c@group-22C8F449FD48:LeaderElection251] INFO  server.RaftServerConfigKeys (ConfUtils.java:logGet(43)) - raft.server.write.element-limit = 4096 (default)
2019-09-25 12:06:08,697 [de2e4d40-31b5-4e53-8675-f16775b3ddb7@group-B34C45C00CC2-SegmentedRaftLogWorker] INFO  segmented.SegmentedRaftLogWorker (SegmentedRaftLogWorker.java:run(313)) - de2e4d40-31b5-4e53-8675-f16775b3ddb7@group-B34C45C00CC2-SegmentedRaftLogWorker was interrupted, exiting. There are 0 tasks remaining in the queue.
2019-09-25 12:06:08,697 [main] INFO  util.JmxRegister (JmxRegister.java:unregister(73)) - Successfully un-registered JMX Bean with object name Ratis:service=RaftServer,group=group-43AAE228BA57,id=96c68fd9-263a-4bce-9480-8d54d9f28f1c
2019-09-25 12:06:08,700 [main] INFO  impl.RoleInfo (RoleInfo.java:shutdownFollowerState(121)) - 96c68fd9-263a-4bce-9480-8d54d9f28f1c: shutdown FollowerState
2019-09-25 12:06:08,697 [2594d298-a87d-48a4-bedb-7d37d8f76d4c@group-2F5942151154:LeaderElection252] INFO  server.RaftServerConfigKeys (ConfUtils.java:logGet(43)) - raft.server.write.element-limit = 4096 (default)
2019-09-25 12:06:08,696 [50493258-76a6-47fc-92c1-a180d5b1121a@group-B5B9EC7173BD:LeaderElection247] INFO  impl.RoleInfo (RoleInfo.java:updateAndGet(143)) - 50493258-76a6-47fc-92c1-a180d5b1121a: start LeaderState
2019-09-25 12:06:08,696 [50493258-76a6-47fc-92c1-a180d5b1121a@group-069E06021009:LeaderElection245] INFO  server.RaftServerConfigKeys (ConfUtils.java:logGet(43)) - raft.server.watch.timeout = 10s (default)
2019-09-25 12:06:08,701 [2594d298-a87d-48a4-bedb-7d37d8f76d4c@group-2F5942151154:LeaderElection252] INFO  server.RaftServerConfigKeys (ConfUtils.java:logGet(43)) - raft.server.watch.timeout = 10s (default)
2019-09-25 12:06:08,701 [2594d298-a87d-48a4-bedb-7d37d8f76d4c@group-0A9821578A75:LeaderElection250] INFO  impl.RoleInfo (RoleInfo.java:updateAndGet(143)) - 2594d298-a87d-48a4-bedb-7d37d8f76d4c: start LeaderState
2019-09-25 12:06:08,701 [Thread-3162] INFO  impl.FollowerState (FollowerState.java:run(115)) - 96c68fd9-263a-4bce-9480-8d54d9f28f1c: FollowerState was interrupted: java.lang.InterruptedException: sleep interrupted
2019-09-25 12:06:08,701 [main] INFO  impl.StateMachineUpdater (StateMachineUpdater.java:stopAndJoin(125)) - 96c68fd9-263a-4bce-9480-8d54d9f28f1c@group-43AAE228BA57-StateMachineUpdater: set stopIndex = -1
2019-09-25 12:06:08,702 [main] INFO  impl.RaftServerImpl (ServerState.java:close(385)) - 96c68fd9-263a-4bce-9480-8d54d9f28f1c@group-43AAE228BA57: closes. applyIndex: -1
2019-09-25 12:06:08,700 [96c68fd9-263a-4bce-9480-8d54d9f28f1c@group-2B1299979C4A:LeaderElection244] INFO  impl.LeaderElection (LogUtils.java:infoOrTrace(149)) - Failed 96c68fd9-263a-4bce-9480-8d54d9f28f1c@group-2B1299979C4A:LeaderElection244, state=CLOSING: {}
java.lang.IllegalArgumentException: 96c68fd9-263a-4bce-9480-8d54d9f28f1c@group-2B1299979C4A-SegmentedRaftLog is expected to be opened but it is CLOSED
	at org.apache.ratis.util.OpenCloseState.assertOpen(OpenCloseState.java:63)
	at org.apache.ratis.server.raftlog.RaftLog.checkLogState(RaftLog.java:102)
	at org.apache.ratis.server.raftlog.segmented.SegmentedRaftLog.getLastEntryTermIndex(SegmentedRaftLog.java:324)
	at org.apache.ratis.server.raftlog.RaftLog.getNextIndex(RaftLog.java:148)
	at org.apache.ratis.server.impl.LeaderState.start(LeaderState.java:227)
	at org.apache.ratis.server.impl.RoleInfo.startLeaderState(RoleInfo.java:94)
	at org.apache.ratis.server.impl.RaftServerImpl.changeToLeader(RaftServerImpl.java:341)
	at org.apache.ratis.server.impl.LeaderElection.askForVotes(LeaderElection.java:214)
	at org.apache.ratis.server.impl.LeaderElection.run(LeaderElection.java:133)
	at java.lang.Thread.run(Thread.java:748)
Caused by: org.apache.ratis.util.OpenCloseState$CloseTrace: Close 96c68fd9-263a-4bce-9480-8d54d9f28f1c@group-2B1299979C4A-SegmentedRaftLog
	at org.apache.ratis.util.OpenCloseState.lambda$close$1(OpenCloseState.java:109)
	at java.util.concurrent.atomic.AtomicReference.getAndUpdate(AtomicReference.java:160)
	at org.apache.ratis.util.OpenCloseState.close(OpenCloseState.java:109)
	at org.apache.ratis.server.raftlog.RaftLog.close(RaftLog.java:437)
	at org.apache.ratis.server.raftlog.segmented.SegmentedRaftLog.close(SegmentedRaftLog.java:476)
	at org.apache.ratis.server.impl.ServerState.close(ServerState.java:387)
	at org.apache.ratis.server.impl.RaftServerImpl.lambda$shutdown$3(RaftServerImpl.java:273)
	at org.apache.ratis.util.LifeCycle.lambda$checkStateAndClose$2(LifeCycle.java:231)
	at org.apache.ratis.util.LifeCycle.checkStateAndClose(LifeCycle.java:251)
	at org.apache.ratis.util.LifeCycle.checkStateAndClose(LifeCycle.java:229)
	at org.apache.ratis.server.impl.RaftServerImpl.shutdown(RaftServerImpl.java:250)
	at org.apache.ratis.server.impl.RaftServerProxy$ImplMap.lambda$close$0(RaftServerProxy.java:107)
	at java.util.stream.ForEachOps$ForEachOp$OfRef.accept(ForEachOps.java:184)
	at java.util.stream.ReferencePipeline$3$1.accept(ReferencePipeline.java:193)
	at java.util.concurrent.ConcurrentHashMap$ValueSpliterator.forEachRemaining(ConcurrentHashMap.java:3566)
	at java.util.stream.AbstractPipeline.copyInto(AbstractPipeline.java:482)
	at java.util.stream.ForEachOps$ForEachTask.compute(ForEachOps.java:291)
	at java.util.concurrent.CountedCompleter.exec(CountedCompleter.java:731)
	at java.util.concurrent.ForkJoinTask.doExec(ForkJoinTask.java:289)
	at java.util.concurrent.ForkJoinPool.helpComplete(ForkJoinPool.java:1870)
	at java.util.concurrent.ForkJoinPool.externalHelpComplete(ForkJoinPool.java:2467)
	at java.util.concurrent.ForkJoinTask.externalAwaitDone(ForkJoinTask.java:324)
	at java.util.concurrent.ForkJoinTask.doInvoke(ForkJoinTask.java:405)
	at java.util.concurrent.ForkJoinTask.invoke(ForkJoinTask.java:734)
	at java.util.stream.ForEachOps$ForEachOp.evaluateParallel(ForEachOps.java:160)
	at java.util.stream.ForEachOps$ForEachOp$OfRef.evaluateParallel(ForEachOps.java:174)
	at java.util.stream.AbstractPipeline.evaluate(AbstractPipeline.java:233)
	at java.util.stream.ReferencePipeline.forEach(ReferencePipeline.java:418)
	at org.apache.ratis.server.impl.RaftServerProxy$ImplMap.close(RaftServerProxy.java:107)
	at org.apache.ratis.server.impl.RaftServerProxy.lambda$close$4(RaftServerProxy.java:315)
	at org.apache.ratis.util.LifeCycle.lambda$checkStateAndClose$2(LifeCycle.java:231)
	at org.apache.ratis.util.LifeCycle.checkStateAndClose(LifeCycle.java:251)
	at org.apache.ratis.util.LifeCycle.checkStateAndClose(LifeCycle.java:229)
	at org.apache.ratis.server.impl.RaftServerProxy.close(RaftServerProxy.java:313)
	at org.apache.hadoop.ozone.container.common.transport.server.ratis.XceiverServerRatis.stop(XceiverServerRatis.java:441)
	at org.apache.hadoop.ozone.container.ozoneimpl.OzoneContainer.stop(OzoneContainer.java:233)
	at org.apache.hadoop.ozone.container.common.statemachine.DatanodeStateMachine.close(DatanodeStateMachine.java:270)
	at org.apache.hadoop.ozone.container.common.statemachine.DatanodeStateMachine.stopDaemon(DatanodeStateMachine.java:394)
	at org.apache.hadoop.ozone.HddsDatanodeService.stop(HddsDatanodeService.java:457)
	at org.apache.hadoop.ozone.MiniOzoneClusterImpl.stopDatanode(MiniOzoneClusterImpl.java:385)
	at java.util.stream.ForEachOps$ForEachOp$OfRef.accept(ForEachOps.java:184)
	at java.util.ArrayList$ArrayListSpliterator.forEachRemaining(ArrayList.java:1382)
	at java.util.stream.AbstractPipeline.copyInto(AbstractPipeline.java:482)
	at java.util.stream.ForEachOps$ForEachTask.compute(ForEachOps.java:291)
	at java.util.concurrent.CountedCompleter.exec(CountedCompleter.java:731)
	at java.util.concurrent.ForkJoinTask.doExec(ForkJoinTask.java:289)
	at java.util.concurrent.ForkJoinTask.doInvoke(ForkJoinTask.java:401)
	at java.util.concurrent.ForkJoinTask.invoke(ForkJoinTask.java:734)
	at java.util.stream.ForEachOps$ForEachOp.evaluateParallel(ForEachOps.java:160)
	at java.util.stream.ForEachOps$ForEachOp$OfRef.evaluateParallel(ForEachOps.java:174)
	at java.util.stream.AbstractPipeline.evaluate(AbstractPipeline.java:233)
	at java.util.stream.ReferencePipeline.forEach(ReferencePipeline.java:418)
	at java.util.stream.ReferencePipeline$Head.forEach(ReferencePipeline.java:583)
	at org.apache.hadoop.ozone.MiniOzoneClusterImpl.stopDatanodes(MiniOzoneClusterImpl.java:379)
	at org.apache.hadoop.ozone.MiniOzoneClusterImpl.stop(MiniOzoneClusterImpl.java:332)
	at org.apache.hadoop.ozone.MiniOzoneClusterImpl.shutdown(MiniOzoneClusterImpl.java:319)
	at org.apache.hadoop.ozone.client.rpc.TestBlockOutputStreamWithFailures.shutdown(TestBlockOutputStreamWithFailures.java:118)
	at sun.reflect.NativeMethodAccessorImpl.invoke0(Native Method)
	at sun.reflect.NativeMethodAccessorImpl.invoke(NativeMethodAccessorImpl.java:62)
	at sun.reflect.DelegatingMethodAccessorImpl.invoke(DelegatingMethodAccessorImpl.java:43)
	at java.lang.reflect.Method.invoke(Method.java:498)
	at org.junit.runners.model.FrameworkMethod$1.runReflectiveCall(FrameworkMethod.java:47)
	at org.junit.internal.runners.model.ReflectiveCallable.run(ReflectiveCallable.java:12)
	at org.junit.runners.model.FrameworkMethod.invokeExplosively(FrameworkMethod.java:44)
	at org.junit.internal.runners.statements.RunAfters.evaluate(RunAfters.java:33)
	at org.junit.runners.ParentRunner.runLeaf(ParentRunner.java:271)
	at org.junit.runners.BlockJUnit4ClassRunner.runChild(BlockJUnit4ClassRunner.java:70)
	at org.junit.runners.BlockJUnit4ClassRunner.runChild(BlockJUnit4ClassRunner.java:50)
	at org.junit.runners.ParentRunner$3.run(ParentRunner.java:238)
	at org.junit.runners.ParentRunner$1.schedule(ParentRunner.java:63)
	at org.junit.runners.ParentRunner.runChildren(ParentRunner.java:236)
	at org.junit.runners.ParentRunner.access$000(ParentRunner.java:53)
	at org.junit.runners.ParentRunner$2.evaluate(ParentRunner.java:229)
	at org.junit.runners.ParentRunner.run(ParentRunner.java:309)
	at org.apache.maven.surefire.junit4.JUnit4Provider.execute(JUnit4Provider.java:365)
	at org.apache.maven.surefire.junit4.JUnit4Provider.executeWithRerun(JUnit4Provider.java:273)
	at org.apache.maven.surefire.junit4.JUnit4Provider.executeTestSet(JUnit4Provider.java:238)
	at org.apache.maven.surefire.junit4.JUnit4Provider.invoke(JUnit4Provider.java:159)
	at org.apache.maven.surefire.booter.ForkedBooter.invokeProviderInSameClassLoader(ForkedBooter.java:384)
	at org.apache.maven.surefire.booter.ForkedBooter.runSuitesInProcess(ForkedBooter.java:345)
	at org.apache.maven.surefire.booter.ForkedBooter.execute(ForkedBooter.java:126)
	at org.apache.maven.surefire.booter.ForkedBooter.main(ForkedBooter.java:418)
2019-09-25 12:06:08,705 [96c68fd9-263a-4bce-9480-8d54d9f28f1c@group-2B1299979C4A:LeaderElection244] INFO  impl.LeaderElection (LeaderElection.java:run(140)) - 96c68fd9-263a-4bce-9480-8d54d9f28f1c@group-2B1299979C4A:LeaderElection244: IllegalArgumentException is safely ignored since this is already CLOSING
2019-09-25 12:06:08,700 [ForkJoinPool.commonPool-worker-0] INFO  segmented.SegmentedRaftLogWorker (SegmentedRaftLogWorker.java:close(228)) - de2e4d40-31b5-4e53-8675-f16775b3ddb7@group-B34C45C00CC2-SegmentedRaftLogWorker close()
2019-09-25 12:06:08,697 [96c68fd9-263a-4bce-9480-8d54d9f28f1c@group-22C8F449FD48:LeaderElection251] INFO  server.RaftServerConfigKeys (ConfUtils.java:logGet(43)) - raft.server.watch.timeout = 10s (default)
2019-09-25 12:06:08,710 [ForkJoinPool.commonPool-worker-0] INFO  impl.RaftServerImpl (RaftServerImpl.java:lambda$shutdown$3(251)) - de2e4d40-31b5-4e53-8675-f16775b3ddb7@group-53B5CEC05F10: shutdown
2019-09-25 12:06:08,702 [96c68fd9-263a-4bce-9480-8d54d9f28f1c@group-43AAE228BA57-SegmentedRaftLogWorker] INFO  segmented.SegmentedRaftLogWorker (SegmentedRaftLogWorker.java:run(313)) - 96c68fd9-263a-4bce-9480-8d54d9f28f1c@group-43AAE228BA57-SegmentedRaftLogWorker was interrupted, exiting. There are 0 tasks remaining in the queue.
2019-09-25 12:06:08,701 [2594d298-a87d-48a4-bedb-7d37d8f76d4c@group-0A9821578A75:LeaderElection250] INFO  segmented.SegmentedRaftLogWorker (SegmentedRaftLogWorker.java:startLogSegment(380)) - 2594d298-a87d-48a4-bedb-7d37d8f76d4c@group-0A9821578A75-SegmentedRaftLogWorker: Starting segment from index:0
2019-09-25 12:06:08,701 [2594d298-a87d-48a4-bedb-7d37d8f76d4c@group-2F5942151154:LeaderElection252] INFO  server.RaftServerConfigKeys (ConfUtils.java:logGet(43)) - raft.server.watch.timeout.denomination = 1s (default)
2019-09-25 12:06:08,711 [2594d298-a87d-48a4-bedb-7d37d8f76d4c@group-2F5942151154:LeaderElection252] INFO  server.RaftServerConfigKeys (ConfUtils.java:logGet(43)) - raft.server.watch.element-limit = 65536 (default)
2019-09-25 12:06:08,701 [50493258-76a6-47fc-92c1-a180d5b1121a@group-B5B9EC7173BD:LeaderElection247] INFO  segmented.SegmentedRaftLogWorker (SegmentedRaftLogWorker.java:startLogSegment(380)) - 50493258-76a6-47fc-92c1-a180d5b1121a@group-B5B9EC7173BD-SegmentedRaftLogWorker: Starting segment from index:0
2019-09-25 12:06:08,701 [2594d298-a87d-48a4-bedb-7d37d8f76d4c@group-48751B4E3AE9:LeaderElection249] INFO  impl.RoleInfo (RoleInfo.java:updateAndGet(143)) - 2594d298-a87d-48a4-bedb-7d37d8f76d4c: start LeaderState
2019-09-25 12:06:08,701 [50493258-76a6-47fc-92c1-a180d5b1121a@group-DE5D9AE95F7E:LeaderElection248] INFO  impl.RoleInfo (RoleInfo.java:updateAndGet(143)) - 50493258-76a6-47fc-92c1-a180d5b1121a: start LeaderState
2019-09-25 12:06:08,712 [2594d298-a87d-48a4-bedb-7d37d8f76d4c@group-48751B4E3AE9:LeaderElection249] INFO  segmented.SegmentedRaftLogWorker (SegmentedRaftLogWorker.java:startLogSegment(380)) - 2594d298-a87d-48a4-bedb-7d37d8f76d4c@group-48751B4E3AE9-SegmentedRaftLogWorker: Starting segment from index:0
2019-09-25 12:06:08,701 [50493258-76a6-47fc-92c1-a180d5b1121a@group-069E06021009:LeaderElection245] INFO  server.RaftServerConfigKeys (ConfUtils.java:logGet(43)) - raft.server.watch.timeout.denomination = 1s (default)
2019-09-25 12:06:08,712 [50493258-76a6-47fc-92c1-a180d5b1121a@group-DE5D9AE95F7E:LeaderElection248] INFO  segmented.SegmentedRaftLogWorker (SegmentedRaftLogWorker.java:startLogSegment(380)) - 50493258-76a6-47fc-92c1-a180d5b1121a@group-DE5D9AE95F7E-SegmentedRaftLogWorker: Starting segment from index:0
2019-09-25 12:06:08,712 [50493258-76a6-47fc-92c1-a180d5b1121a@group-B5B9EC7173BD:LeaderElection247] INFO  impl.RaftServerImpl (ServerState.java:setRaftConf(354)) - 50493258-76a6-47fc-92c1-a180d5b1121a@group-B5B9EC7173BD: set configuration 0: [50493258-76a6-47fc-92c1-a180d5b1121a:192.168.151.73:40355], old=null at 0
2019-09-25 12:06:08,711 [2594d298-a87d-48a4-bedb-7d37d8f76d4c@group-0A9821578A75:LeaderElection250] INFO  impl.RaftServerImpl (ServerState.java:setRaftConf(354)) - 2594d298-a87d-48a4-bedb-7d37d8f76d4c@group-0A9821578A75: set configuration 0: [2594d298-a87d-48a4-bedb-7d37d8f76d4c:192.168.151.73:46535], old=null at 0
2019-09-25 12:06:08,711 [main] INFO  segmented.SegmentedRaftLogWorker (SegmentedRaftLogWorker.java:close(228)) - 96c68fd9-263a-4bce-9480-8d54d9f28f1c@group-43AAE228BA57-SegmentedRaftLogWorker close()
2019-09-25 12:06:08,711 [ForkJoinPool.commonPool-worker-0] INFO  util.JmxRegister (JmxRegister.java:unregister(73)) - Successfully un-registered JMX Bean with object name Ratis:service=RaftServer,group=group-53B5CEC05F10,id=de2e4d40-31b5-4e53-8675-f16775b3ddb7
2019-09-25 12:06:08,710 [96c68fd9-263a-4bce-9480-8d54d9f28f1c@group-22C8F449FD48:LeaderElection251] INFO  server.RaftServerConfigKeys (ConfUtils.java:logGet(43)) - raft.server.watch.timeout.denomination = 1s (default)
2019-09-25 12:06:08,762 [ForkJoinPool.commonPool-worker-0] INFO  impl.RoleInfo (RoleInfo.java:shutdownLeaderState(104)) - de2e4d40-31b5-4e53-8675-f16775b3ddb7: shutdown LeaderState
2019-09-25 12:06:08,762 [2594d298-a87d-48a4-bedb-7d37d8f76d4c@group-2F5942151154:LeaderElection252] INFO  impl.RoleInfo (RoleInfo.java:updateAndGet(143)) - 2594d298-a87d-48a4-bedb-7d37d8f76d4c: start LeaderState
2019-09-25 12:06:08,761 [main] INFO  impl.RaftServerImpl (RaftServerImpl.java:lambda$shutdown$3(251)) - 96c68fd9-263a-4bce-9480-8d54d9f28f1c@group-D96478E01FA6: shutdown
2019-09-25 12:06:08,712 [50493258-76a6-47fc-92c1-a180d5b1121a@group-DE5D9AE95F7E:LeaderElection248] INFO  impl.RaftServerImpl (ServerState.java:setRaftConf(354)) - 50493258-76a6-47fc-92c1-a180d5b1121a@group-DE5D9AE95F7E: set configuration 0: [50493258-76a6-47fc-92c1-a180d5b1121a:192.168.151.73:40355], old=null at 0
2019-09-25 12:06:08,712 [2594d298-a87d-48a4-bedb-7d37d8f76d4c@group-48751B4E3AE9:LeaderElection249] INFO  impl.RaftServerImpl (ServerState.java:setRaftConf(354)) - 2594d298-a87d-48a4-bedb-7d37d8f76d4c@group-48751B4E3AE9: set configuration 0: [2594d298-a87d-48a4-bedb-7d37d8f76d4c:192.168.151.73:46535], old=null at 0
2019-09-25 12:06:08,712 [50493258-76a6-47fc-92c1-a180d5b1121a@group-069E06021009:LeaderElection245] INFO  server.RaftServerConfigKeys (ConfUtils.java:logGet(43)) - raft.server.watch.element-limit = 65536 (default)
2019-09-25 12:06:08,763 [main] INFO  util.JmxRegister (JmxRegister.java:unregister(73)) - Successfully un-registered JMX Bean with object name Ratis:service=RaftServer,group=group-D96478E01FA6,id=96c68fd9-263a-4bce-9480-8d54d9f28f1c
2019-09-25 12:06:08,764 [main] INFO  impl.RoleInfo (RoleInfo.java:shutdownFollowerState(121)) - 96c68fd9-263a-4bce-9480-8d54d9f28f1c: shutdown FollowerState
2019-09-25 12:06:08,763 [2594d298-a87d-48a4-bedb-7d37d8f76d4c@group-2F5942151154:LeaderElection252] INFO  segmented.SegmentedRaftLogWorker (SegmentedRaftLogWorker.java:startLogSegment(380)) - 2594d298-a87d-48a4-bedb-7d37d8f76d4c@group-2F5942151154-SegmentedRaftLogWorker: Starting segment from index:0
2019-09-25 12:06:08,763 [ForkJoinPool.commonPool-worker-0] INFO  impl.PendingRequests (PendingRequests.java:sendNotLeaderResponses(202)) - de2e4d40-31b5-4e53-8675-f16775b3ddb7-PendingRequests: sendNotLeaderResponses
2019-09-25 12:06:08,763 [96c68fd9-263a-4bce-9480-8d54d9f28f1c@group-22C8F449FD48:LeaderElection251] INFO  server.RaftServerConfigKeys (ConfUtils.java:logGet(43)) - raft.server.watch.element-limit = 65536 (default)
2019-09-25 12:06:08,765 [2594d298-a87d-48a4-bedb-7d37d8f76d4c@group-2F5942151154:LeaderElection252] INFO  impl.RaftServerImpl (ServerState.java:setRaftConf(354)) - 2594d298-a87d-48a4-bedb-7d37d8f76d4c@group-2F5942151154: set configuration 0: [2594d298-a87d-48a4-bedb-7d37d8f76d4c:192.168.151.73:46535], old=null at 0
2019-09-25 12:06:08,765 [ForkJoinPool.commonPool-worker-0] INFO  impl.StateMachineUpdater (StateMachineUpdater.java:stopAndJoin(125)) - de2e4d40-31b5-4e53-8675-f16775b3ddb7@group-53B5CEC05F10-StateMachineUpdater: set stopIndex = 0
2019-09-25 12:06:08,764 [Thread-3183] INFO  impl.FollowerState (FollowerState.java:run(115)) - 96c68fd9-263a-4bce-9480-8d54d9f28f1c: FollowerState was interrupted: java.lang.InterruptedException: sleep interrupted
2019-09-25 12:06:08,764 [main] INFO  impl.StateMachineUpdater (StateMachineUpdater.java:stopAndJoin(125)) - 96c68fd9-263a-4bce-9480-8d54d9f28f1c@group-D96478E01FA6-StateMachineUpdater: set stopIndex = -1
2019-09-25 12:06:08,766 [main] INFO  impl.RaftServerImpl (ServerState.java:close(385)) - 96c68fd9-263a-4bce-9480-8d54d9f28f1c@group-D96478E01FA6: closes. applyIndex: -1
2019-09-25 12:06:08,766 [50493258-76a6-47fc-92c1-a180d5b1121a@group-069E06021009:LeaderElection245] INFO  impl.RoleInfo (RoleInfo.java:updateAndGet(143)) - 50493258-76a6-47fc-92c1-a180d5b1121a: start LeaderState
2019-09-25 12:06:08,765 [ForkJoinPool.commonPool-worker-0] INFO  impl.RaftServerImpl (ServerState.java:close(385)) - de2e4d40-31b5-4e53-8675-f16775b3ddb7@group-53B5CEC05F10: closes. applyIndex: 0
2019-09-25 12:06:08,766 [50493258-76a6-47fc-92c1-a180d5b1121a@group-069E06021009:LeaderElection245] INFO  segmented.SegmentedRaftLogWorker (SegmentedRaftLogWorker.java:startLogSegment(380)) - 50493258-76a6-47fc-92c1-a180d5b1121a@group-069E06021009-SegmentedRaftLogWorker: Starting segment from index:0
2019-09-25 12:06:08,766 [96c68fd9-263a-4bce-9480-8d54d9f28f1c@group-D96478E01FA6-SegmentedRaftLogWorker] INFO  segmented.SegmentedRaftLogWorker (SegmentedRaftLogWorker.java:run(313)) - 96c68fd9-263a-4bce-9480-8d54d9f28f1c@group-D96478E01FA6-SegmentedRaftLogWorker was interrupted, exiting. There are 0 tasks remaining in the queue.
2019-09-25 12:06:08,766 [96c68fd9-263a-4bce-9480-8d54d9f28f1c@group-22C8F449FD48:LeaderElection251] INFO  impl.RoleInfo (RoleInfo.java:updateAndGet(143)) - 96c68fd9-263a-4bce-9480-8d54d9f28f1c: start LeaderState
2019-09-25 12:06:08,767 [main] INFO  segmented.SegmentedRaftLogWorker (SegmentedRaftLogWorker.java:close(228)) - 96c68fd9-263a-4bce-9480-8d54d9f28f1c@group-D96478E01FA6-SegmentedRaftLogWorker close()
2019-09-25 12:06:08,767 [de2e4d40-31b5-4e53-8675-f16775b3ddb7@group-53B5CEC05F10-SegmentedRaftLogWorker] INFO  segmented.SegmentedRaftLogWorker (SegmentedRaftLogWorker.java:run(313)) - de2e4d40-31b5-4e53-8675-f16775b3ddb7@group-53B5CEC05F10-SegmentedRaftLogWorker was interrupted, exiting. There are 0 tasks remaining in the queue.
2019-09-25 12:06:08,811 [2594d298-a87d-48a4-bedb-7d37d8f76d4c@group-48751B4E3AE9-SegmentedRaftLogWorker] INFO  segmented.SegmentedRaftLogWorker (SegmentedRaftLogWorker.java:execute(569)) - 2594d298-a87d-48a4-bedb-7d37d8f76d4c@group-48751B4E3AE9-SegmentedRaftLogWorker: created new log segment /workdir/hadoop-ozone/integration-test/target/test-dir/MiniOzoneClusterImpl-757e75c3-29a2-41d1-adb4-db6d7805a8c7/datanode-6/data/ratis/72271d49-5b69-48f7-a6a5-48751b4e3ae9/current/log_inprogress_0
2019-09-25 12:06:08,811 [2594d298-a87d-48a4-bedb-7d37d8f76d4c@group-0A9821578A75-SegmentedRaftLogWorker] INFO  segmented.SegmentedRaftLogWorker (SegmentedRaftLogWorker.java:execute(569)) - 2594d298-a87d-48a4-bedb-7d37d8f76d4c@group-0A9821578A75-SegmentedRaftLogWorker: created new log segment /workdir/hadoop-ozone/integration-test/target/test-dir/MiniOzoneClusterImpl-757e75c3-29a2-41d1-adb4-db6d7805a8c7/datanode-6/data/ratis/9048c37d-298a-4d7f-8f46-0a9821578a75/current/log_inprogress_0
2019-09-25 12:06:08,811 [50493258-76a6-47fc-92c1-a180d5b1121a@group-DE5D9AE95F7E-SegmentedRaftLogWorker] INFO  segmented.SegmentedRaftLogWorker (SegmentedRaftLogWorker.java:execute(569)) - 50493258-76a6-47fc-92c1-a180d5b1121a@group-DE5D9AE95F7E-SegmentedRaftLogWorker: created new log segment /workdir/hadoop-ozone/integration-test/target/test-dir/MiniOzoneClusterImpl-757e75c3-29a2-41d1-adb4-db6d7805a8c7/datanode-5/data/ratis/97b0de8a-6aa5-462e-b648-de5d9ae95f7e/current/log_inprogress_0
2019-09-25 12:06:08,811 [50493258-76a6-47fc-92c1-a180d5b1121a@group-B5B9EC7173BD-SegmentedRaftLogWorker] INFO  segmented.SegmentedRaftLogWorker (SegmentedRaftLogWorker.java:execute(569)) - 50493258-76a6-47fc-92c1-a180d5b1121a@group-B5B9EC7173BD-SegmentedRaftLogWorker: created new log segment /workdir/hadoop-ozone/integration-test/target/test-dir/MiniOzoneClusterImpl-757e75c3-29a2-41d1-adb4-db6d7805a8c7/datanode-5/data/ratis/cc904481-b4ef-4e72-9389-b5b9ec7173bd/current/log_inprogress_0
2019-09-25 12:06:08,811 [main] INFO  impl.RaftServerImpl (RaftServerImpl.java:lambda$shutdown$3(251)) - 96c68fd9-263a-4bce-9480-8d54d9f28f1c@group-22C8F449FD48: shutdown
2019-09-25 12:06:08,767 [96c68fd9-263a-4bce-9480-8d54d9f28f1c@group-22C8F449FD48:LeaderElection251] INFO  segmented.SegmentedRaftLogWorker (SegmentedRaftLogWorker.java:startLogSegment(380)) - 96c68fd9-263a-4bce-9480-8d54d9f28f1c@group-22C8F449FD48-SegmentedRaftLogWorker: Starting segment from index:0
2019-09-25 12:06:08,767 [50493258-76a6-47fc-92c1-a180d5b1121a@group-069E06021009:LeaderElection245] INFO  impl.RaftServerImpl (ServerState.java:setRaftConf(354)) - 50493258-76a6-47fc-92c1-a180d5b1121a@group-069E06021009: set configuration 0: [50493258-76a6-47fc-92c1-a180d5b1121a:192.168.151.73:40355], old=null at 0
2019-09-25 12:06:08,817 [96c68fd9-263a-4bce-9480-8d54d9f28f1c@group-22C8F449FD48:LeaderElection251] INFO  impl.RaftServerImpl (ServerState.java:setRaftConf(354)) - 96c68fd9-263a-4bce-9480-8d54d9f28f1c@group-22C8F449FD48: set configuration 0: [96c68fd9-263a-4bce-9480-8d54d9f28f1c:192.168.151.73:45392], old=null at 0
2019-09-25 12:06:08,817 [main] INFO  util.JmxRegister (JmxRegister.java:unregister(73)) - Successfully un-registered JMX Bean with object name Ratis:service=RaftServer,group=group-22C8F449FD48,id=96c68fd9-263a-4bce-9480-8d54d9f28f1c
2019-09-25 12:06:08,818 [main] INFO  impl.RoleInfo (RoleInfo.java:shutdownLeaderState(104)) - 96c68fd9-263a-4bce-9480-8d54d9f28f1c: shutdown LeaderState
2019-09-25 12:06:08,816 [ForkJoinPool.commonPool-worker-0] INFO  segmented.SegmentedRaftLogWorker (SegmentedRaftLogWorker.java:close(228)) - de2e4d40-31b5-4e53-8675-f16775b3ddb7@group-53B5CEC05F10-SegmentedRaftLogWorker close()
2019-09-25 12:06:08,819 [main] INFO  impl.PendingRequests (PendingRequests.java:sendNotLeaderResponses(202)) - 96c68fd9-263a-4bce-9480-8d54d9f28f1c-PendingRequests: sendNotLeaderResponses
2019-09-25 12:06:08,860 [2594d298-a87d-48a4-bedb-7d37d8f76d4c@group-2F5942151154-SegmentedRaftLogWorker] INFO  segmented.SegmentedRaftLogWorker (SegmentedRaftLogWorker.java:execute(569)) - 2594d298-a87d-48a4-bedb-7d37d8f76d4c@group-2F5942151154-SegmentedRaftLogWorker: created new log segment /workdir/hadoop-ozone/integration-test/target/test-dir/MiniOzoneClusterImpl-757e75c3-29a2-41d1-adb4-db6d7805a8c7/datanode-6/data/ratis/a6256e88-404a-4232-be31-2f5942151154/current/log_inprogress_0
2019-09-25 12:06:08,860 [50493258-76a6-47fc-92c1-a180d5b1121a@group-069E06021009-SegmentedRaftLogWorker] INFO  segmented.SegmentedRaftLogWorker (SegmentedRaftLogWorker.java:execute(569)) - 50493258-76a6-47fc-92c1-a180d5b1121a@group-069E06021009-SegmentedRaftLogWorker: created new log segment /workdir/hadoop-ozone/integration-test/target/test-dir/MiniOzoneClusterImpl-757e75c3-29a2-41d1-adb4-db6d7805a8c7/datanode-5/data/ratis/4165f47d-82ec-47e0-9eee-069e06021009/current/log_inprogress_0
2019-09-25 12:06:08,860 [ForkJoinPool.commonPool-worker-0] INFO  impl.RaftServerImpl (RaftServerImpl.java:lambda$shutdown$3(251)) - de2e4d40-31b5-4e53-8675-f16775b3ddb7@group-D20A09E9E1E1: shutdown
2019-09-25 12:06:08,861 [main] INFO  impl.StateMachineUpdater (StateMachineUpdater.java:stopAndJoin(125)) - 96c68fd9-263a-4bce-9480-8d54d9f28f1c@group-22C8F449FD48-StateMachineUpdater: set stopIndex = -1
2019-09-25 12:06:08,862 [ForkJoinPool.commonPool-worker-0] INFO  util.JmxRegister (JmxRegister.java:unregister(73)) - Successfully un-registered JMX Bean with object name Ratis:service=RaftServer,group=group-D20A09E9E1E1,id=de2e4d40-31b5-4e53-8675-f16775b3ddb7
2019-09-25 12:06:08,863 [ForkJoinPool.commonPool-worker-0] INFO  impl.RoleInfo (RoleInfo.java:shutdownLeaderState(104)) - de2e4d40-31b5-4e53-8675-f16775b3ddb7: shutdown LeaderState
2019-09-25 12:06:08,862 [main] INFO  impl.RaftServerImpl (ServerState.java:close(385)) - 96c68fd9-263a-4bce-9480-8d54d9f28f1c@group-22C8F449FD48: closes. applyIndex: -1
2019-09-25 12:06:08,863 [ForkJoinPool.commonPool-worker-0] INFO  impl.PendingRequests (PendingRequests.java:sendNotLeaderResponses(202)) - de2e4d40-31b5-4e53-8675-f16775b3ddb7-PendingRequests: sendNotLeaderResponses
2019-09-25 12:06:08,867 [ForkJoinPool.commonPool-worker-0] INFO  impl.StateMachineUpdater (StateMachineUpdater.java:stopAndJoin(125)) - de2e4d40-31b5-4e53-8675-f16775b3ddb7@group-D20A09E9E1E1-StateMachineUpdater: set stopIndex = 0
2019-09-25 12:06:08,868 [ForkJoinPool.commonPool-worker-0] INFO  impl.RaftServerImpl (ServerState.java:close(385)) - de2e4d40-31b5-4e53-8675-f16775b3ddb7@group-D20A09E9E1E1: closes. applyIndex: 0
2019-09-25 12:06:08,868 [de2e4d40-31b5-4e53-8675-f16775b3ddb7@group-D20A09E9E1E1-SegmentedRaftLogWorker] INFO  segmented.SegmentedRaftLogWorker (SegmentedRaftLogWorker.java:run(313)) - de2e4d40-31b5-4e53-8675-f16775b3ddb7@group-D20A09E9E1E1-SegmentedRaftLogWorker was interrupted, exiting. There are 0 tasks remaining in the queue.
2019-09-25 12:06:08,872 [ForkJoinPool.commonPool-worker-0] INFO  segmented.SegmentedRaftLogWorker (SegmentedRaftLogWorker.java:close(228)) - de2e4d40-31b5-4e53-8675-f16775b3ddb7@group-D20A09E9E1E1-SegmentedRaftLogWorker close()
2019-09-25 12:06:08,879 [ForkJoinPool.commonPool-worker-0] INFO  impl.RaftServerImpl (RaftServerImpl.java:lambda$shutdown$3(251)) - de2e4d40-31b5-4e53-8675-f16775b3ddb7@group-B46AACECAC68: shutdown
2019-09-25 12:06:08,880 [ForkJoinPool.commonPool-worker-0] INFO  util.JmxRegister (JmxRegister.java:unregister(73)) - Successfully un-registered JMX Bean with object name Ratis:service=RaftServer,group=group-B46AACECAC68,id=de2e4d40-31b5-4e53-8675-f16775b3ddb7
2019-09-25 12:06:08,880 [96c68fd9-263a-4bce-9480-8d54d9f28f1c@group-22C8F449FD48-SegmentedRaftLogWorker] WARN  segmented.SegmentedRaftLogOutputStream (SegmentedRaftLogOutputStream.java:<init>(77)) - Hit IOException while creating log segment /workdir/hadoop-ozone/integration-test/target/test-dir/MiniOzoneClusterImpl-757e75c3-29a2-41d1-adb4-db6d7805a8c7/datanode-4/data/ratis/4d5343fa-58d2-47a2-925f-22c8f449fd48/current/log_inprogress_0, delete the partial file.
2019-09-25 12:06:08,883 [ForkJoinPool.commonPool-worker-0] INFO  impl.RoleInfo (RoleInfo.java:shutdownLeaderState(104)) - de2e4d40-31b5-4e53-8675-f16775b3ddb7: shutdown LeaderState
2019-09-25 12:06:08,884 [ForkJoinPool.commonPool-worker-0] INFO  impl.PendingRequests (PendingRequests.java:sendNotLeaderResponses(202)) - de2e4d40-31b5-4e53-8675-f16775b3ddb7-PendingRequests: sendNotLeaderResponses
2019-09-25 12:06:08,884 [main] INFO  segmented.SegmentedRaftLogWorker (SegmentedRaftLogWorker.java:close(228)) - 96c68fd9-263a-4bce-9480-8d54d9f28f1c@group-22C8F449FD48-SegmentedRaftLogWorker close()
2019-09-25 12:06:08,884 [ForkJoinPool.commonPool-worker-0] INFO  impl.StateMachineUpdater (StateMachineUpdater.java:stopAndJoin(125)) - de2e4d40-31b5-4e53-8675-f16775b3ddb7@group-B46AACECAC68-StateMachineUpdater: set stopIndex = 0
2019-09-25 12:06:08,891 [main] INFO  server.GrpcService (GrpcService.java:closeImpl(164)) - 96c68fd9-263a-4bce-9480-8d54d9f28f1c: shutdown server with port 45392 now
2019-09-25 12:06:08,891 [ForkJoinPool.commonPool-worker-0] INFO  impl.RaftServerImpl (ServerState.java:close(385)) - de2e4d40-31b5-4e53-8675-f16775b3ddb7@group-B46AACECAC68: closes. applyIndex: 0
2019-09-25 12:06:08,895 [main] INFO  server.GrpcService (GrpcService.java:closeImpl(172)) - 96c68fd9-263a-4bce-9480-8d54d9f28f1c: shutdown server with port 45392 successfully
2019-09-25 12:06:08,897 [de2e4d40-31b5-4e53-8675-f16775b3ddb7@group-B46AACECAC68-SegmentedRaftLogWorker] INFO  segmented.SegmentedRaftLogWorker (SegmentedRaftLogWorker.java:run(313)) - de2e4d40-31b5-4e53-8675-f16775b3ddb7@group-B46AACECAC68-SegmentedRaftLogWorker was interrupted, exiting. There are 0 tasks remaining in the queue.
2019-09-25 12:06:08,900 [ForkJoinPool.commonPool-worker-0] INFO  segmented.SegmentedRaftLogWorker (SegmentedRaftLogWorker.java:close(228)) - de2e4d40-31b5-4e53-8675-f16775b3ddb7@group-B46AACECAC68-SegmentedRaftLogWorker close()
2019-09-25 12:06:08,908 [ForkJoinPool.commonPool-worker-0] INFO  impl.RaftServerImpl (RaftServerImpl.java:lambda$shutdown$3(251)) - de2e4d40-31b5-4e53-8675-f16775b3ddb7@group-D10484B12F98: shutdown
2019-09-25 12:06:08,908 [ForkJoinPool.commonPool-worker-0] INFO  util.JmxRegister (JmxRegister.java:unregister(73)) - Successfully un-registered JMX Bean with object name Ratis:service=RaftServer,group=group-D10484B12F98,id=de2e4d40-31b5-4e53-8675-f16775b3ddb7
2019-09-25 12:06:08,908 [refreshUsed-/workdir/hadoop-ozone/integration-test/target/test-dir/MiniOzoneClusterImpl-757e75c3-29a2-41d1-adb4-db6d7805a8c7/datanode-4/data/containers] WARN  fs.CachingGetSpaceUsed (CachingGetSpaceUsed.java:run(183)) - Thread Interrupted waiting to refresh disk information: sleep interrupted
2019-09-25 12:06:08,909 [ForkJoinPool.commonPool-worker-0] INFO  impl.RoleInfo (RoleInfo.java:shutdownLeaderState(104)) - de2e4d40-31b5-4e53-8675-f16775b3ddb7: shutdown LeaderState
2019-09-25 12:06:08,909 [ForkJoinPool.commonPool-worker-0] INFO  impl.PendingRequests (PendingRequests.java:sendNotLeaderResponses(202)) - de2e4d40-31b5-4e53-8675-f16775b3ddb7-PendingRequests: sendNotLeaderResponses
2019-09-25 12:06:08,909 [ForkJoinPool.commonPool-worker-0] INFO  impl.StateMachineUpdater (StateMachineUpdater.java:stopAndJoin(125)) - de2e4d40-31b5-4e53-8675-f16775b3ddb7@group-D10484B12F98-StateMachineUpdater: set stopIndex = 0
2019-09-25 12:06:08,910 [ForkJoinPool.commonPool-worker-0] INFO  impl.RaftServerImpl (ServerState.java:close(385)) - de2e4d40-31b5-4e53-8675-f16775b3ddb7@group-D10484B12F98: closes. applyIndex: 0
2019-09-25 12:06:08,910 [de2e4d40-31b5-4e53-8675-f16775b3ddb7@group-D10484B12F98-SegmentedRaftLogWorker] INFO  segmented.SegmentedRaftLogWorker (SegmentedRaftLogWorker.java:run(313)) - de2e4d40-31b5-4e53-8675-f16775b3ddb7@group-D10484B12F98-SegmentedRaftLogWorker was interrupted, exiting. There are 0 tasks remaining in the queue.
2019-09-25 12:06:08,915 [ForkJoinPool.commonPool-worker-0] INFO  segmented.SegmentedRaftLogWorker (SegmentedRaftLogWorker.java:close(228)) - de2e4d40-31b5-4e53-8675-f16775b3ddb7@group-D10484B12F98-SegmentedRaftLogWorker close()
2019-09-25 12:06:08,924 [ForkJoinPool.commonPool-worker-0] INFO  server.GrpcService (GrpcService.java:closeImpl(164)) - de2e4d40-31b5-4e53-8675-f16775b3ddb7: shutdown server with port 38679 now
2019-09-25 12:06:08,928 [ForkJoinPool.commonPool-worker-0] INFO  server.GrpcService (GrpcService.java:closeImpl(172)) - de2e4d40-31b5-4e53-8675-f16775b3ddb7: shutdown server with port 38679 successfully
2019-09-25 12:06:08,929 [refreshUsed-/workdir/hadoop-ozone/integration-test/target/test-dir/MiniOzoneClusterImpl-757e75c3-29a2-41d1-adb4-db6d7805a8c7/datanode-1/data/containers] WARN  fs.CachingGetSpaceUsed (CachingGetSpaceUsed.java:run(183)) - Thread Interrupted waiting to refresh disk information: sleep interrupted
2019-09-25 12:06:08,942 [main] INFO  utils.BackgroundService (BackgroundService.java:shutdown(148)) - Shutting down service BlockDeletingService
2019-09-25 12:06:08,963 [main] INFO  statemachine.DatanodeStateMachine (DatanodeStateMachine.java:stopDaemon(395)) - Ozone container server stopped.
2019-09-25 12:06:08,964 [main] INFO  handler.ContextHandler (ContextHandler.java:doStop(910)) - Stopped o.e.j.w.WebAppContext@4cb24e2{/,null,UNAVAILABLE}{/hddsDatanode}
2019-09-25 12:06:08,964 [main] INFO  server.AbstractConnector (AbstractConnector.java:doStop(318)) - Stopped ServerConnector@7be38eba{HTTP/1.1,[http/1.1]}{0.0.0.0:0}
2019-09-25 12:06:08,965 [main] INFO  handler.ContextHandler (ContextHandler.java:doStop(910)) - Stopped o.e.j.s.ServletContextHandler@7606bd03{/static,jar:file:/home/user/.m2/repository/org/apache/hadoop/hadoop-hdds-container-service/0.5.0-SNAPSHOT/hadoop-hdds-container-service-0.5.0-SNAPSHOT.jar!/webapps/static,UNAVAILABLE}
2019-09-25 12:06:08,965 [main] INFO  handler.ContextHandler (ContextHandler.java:doStop(910)) - Stopped o.e.j.s.ServletContextHandler@3d4ecc67{/logs,file:///workdir/hadoop-ozone/integration-test/target/log,UNAVAILABLE}
2019-09-25 12:06:08,966 [ForkJoinPool.commonPool-worker-0] INFO  utils.BackgroundService (BackgroundService.java:shutdown(148)) - Shutting down service BlockDeletingService
2019-09-25 12:06:08,972 [ForkJoinPool.commonPool-worker-0] INFO  statemachine.DatanodeStateMachine (DatanodeStateMachine.java:stopDaemon(395)) - Ozone container server stopped.
2019-09-25 12:06:08,981 [ForkJoinPool.commonPool-worker-0] INFO  handler.ContextHandler (ContextHandler.java:doStop(910)) - Stopped o.e.j.w.WebAppContext@1c6e3ff9{/,null,UNAVAILABLE}{/hddsDatanode}
2019-09-25 12:06:08,982 [ForkJoinPool.commonPool-worker-0] INFO  server.AbstractConnector (AbstractConnector.java:doStop(318)) - Stopped ServerConnector@76e6c070{HTTP/1.1,[http/1.1]}{0.0.0.0:0}
2019-09-25 12:06:08,985 [ForkJoinPool.commonPool-worker-0] INFO  handler.ContextHandler (ContextHandler.java:doStop(910)) - Stopped o.e.j.s.ServletContextHandler@582dcd35{/static,jar:file:/home/user/.m2/repository/org/apache/hadoop/hadoop-hdds-container-service/0.5.0-SNAPSHOT/hadoop-hdds-container-service-0.5.0-SNAPSHOT.jar!/webapps/static,UNAVAILABLE}
2019-09-25 12:06:08,988 [ForkJoinPool.commonPool-worker-0] INFO  handler.ContextHandler (ContextHandler.java:doStop(910)) - Stopped o.e.j.s.ServletContextHandler@1d17423f{/logs,file:///workdir/hadoop-ozone/integration-test/target/log,UNAVAILABLE}
2019-09-25 12:06:09,326 [Datanode State Machine Thread - 0] INFO  statemachine.DatanodeStateMachine (DatanodeStateMachine.java:lambda$startDaemon$0(350)) - Ozone container server started.
2019-09-25 12:06:09,327 [Datanode State Machine Thread - 0] INFO  statemachine.DatanodeStateMachine (DatanodeStateMachine.java:lambda$startDaemon$0(350)) - Ozone container server started.
2019-09-25 12:06:13,421 [EventQueue-StaleNodeForStaleNodeHandler] INFO  node.StaleNodeHandler (StaleNodeHandler.java:onMessage(58)) - Datanode 992d69e5-6cba-4869-b94d-c8d2dc420a77{ip: 192.168.151.73, host: pr-hdds-1569-shd4m-3693607622, networkLocation: /default-rack, certSerialId: null} moved to stale state. Finalizing its pipelines [PipelineID=e22a04a9-d086-4969-819d-eeaf51056afe, PipelineID=372b003e-06c7-4487-9f8a-21513a76a79e, PipelineID=e8e2315f-4cff-49e9-9c16-ca5e20385c5c, PipelineID=c9d61d13-b8c4-466f-929d-e4b4678fb402, PipelineID=7036324b-5385-4d1b-8d72-0dc9eacec55a, PipelineID=acd850be-9a97-43e6-8c6b-c386dd39428d]
2019-09-25 12:06:13,421 [EventQueue-StaleNodeForStaleNodeHandler] INFO  pipeline.SCMPipelineManager (SCMPipelineManager.java:finalizeAndDestroyPipeline(316)) - destroying pipeline:Pipeline[ Id: e22a04a9-d086-4969-819d-eeaf51056afe, Nodes: 992d69e5-6cba-4869-b94d-c8d2dc420a77{ip: 192.168.151.73, host: pr-hdds-1569-shd4m-3693607622, networkLocation: /default-rack, certSerialId: null}, Type:RATIS, Factor:ONE, State:OPEN]
2019-09-25 12:06:13,422 [EventQueue-StaleNodeForStaleNodeHandler] INFO  pipeline.PipelineStateManager (PipelineStateManager.java:finalizePipeline(123)) - Pipeline Pipeline[ Id: e22a04a9-d086-4969-819d-eeaf51056afe, Nodes: 992d69e5-6cba-4869-b94d-c8d2dc420a77{ip: 192.168.151.73, host: pr-hdds-1569-shd4m-3693607622, networkLocation: /default-rack, certSerialId: null}, Type:RATIS, Factor:ONE, State:CLOSED] moved to CLOSED state
2019-09-25 12:06:13,422 [EventQueue-StaleNodeForStaleNodeHandler] INFO  pipeline.SCMPipelineManager (SCMPipelineManager.java:finalizeAndDestroyPipeline(316)) - destroying pipeline:Pipeline[ Id: 372b003e-06c7-4487-9f8a-21513a76a79e, Nodes: 992d69e5-6cba-4869-b94d-c8d2dc420a77{ip: 192.168.151.73, host: pr-hdds-1569-shd4m-3693607622, networkLocation: /default-rack, certSerialId: null}, Type:RATIS, Factor:ONE, State:OPEN]
2019-09-25 12:06:13,422 [EventQueue-StaleNodeForStaleNodeHandler] INFO  pipeline.PipelineStateManager (PipelineStateManager.java:finalizePipeline(123)) - Pipeline Pipeline[ Id: 372b003e-06c7-4487-9f8a-21513a76a79e, Nodes: 992d69e5-6cba-4869-b94d-c8d2dc420a77{ip: 192.168.151.73, host: pr-hdds-1569-shd4m-3693607622, networkLocation: /default-rack, certSerialId: null}, Type:RATIS, Factor:ONE, State:CLOSED] moved to CLOSED state
2019-09-25 12:06:13,422 [EventQueue-StaleNodeForStaleNodeHandler] INFO  pipeline.SCMPipelineManager (SCMPipelineManager.java:finalizeAndDestroyPipeline(316)) - destroying pipeline:Pipeline[ Id: e8e2315f-4cff-49e9-9c16-ca5e20385c5c, Nodes: 992d69e5-6cba-4869-b94d-c8d2dc420a77{ip: 192.168.151.73, host: pr-hdds-1569-shd4m-3693607622, networkLocation: /default-rack, certSerialId: null}, Type:RATIS, Factor:ONE, State:OPEN]
2019-09-25 12:06:13,423 [EventQueue-StaleNodeForStaleNodeHandler] INFO  pipeline.PipelineStateManager (PipelineStateManager.java:finalizePipeline(123)) - Pipeline Pipeline[ Id: e8e2315f-4cff-49e9-9c16-ca5e20385c5c, Nodes: 992d69e5-6cba-4869-b94d-c8d2dc420a77{ip: 192.168.151.73, host: pr-hdds-1569-shd4m-3693607622, networkLocation: /default-rack, certSerialId: null}, Type:RATIS, Factor:ONE, State:CLOSED] moved to CLOSED state
2019-09-25 12:06:13,423 [EventQueue-StaleNodeForStaleNodeHandler] INFO  pipeline.SCMPipelineManager (SCMPipelineManager.java:finalizeAndDestroyPipeline(316)) - destroying pipeline:Pipeline[ Id: c9d61d13-b8c4-466f-929d-e4b4678fb402, Nodes: 992d69e5-6cba-4869-b94d-c8d2dc420a77{ip: 192.168.151.73, host: pr-hdds-1569-shd4m-3693607622, networkLocation: /default-rack, certSerialId: null}, Type:RATIS, Factor:ONE, State:OPEN]
2019-09-25 12:06:13,423 [EventQueue-StaleNodeForStaleNodeHandler] INFO  pipeline.PipelineStateManager (PipelineStateManager.java:finalizePipeline(123)) - Pipeline Pipeline[ Id: c9d61d13-b8c4-466f-929d-e4b4678fb402, Nodes: 992d69e5-6cba-4869-b94d-c8d2dc420a77{ip: 192.168.151.73, host: pr-hdds-1569-shd4m-3693607622, networkLocation: /default-rack, certSerialId: null}, Type:RATIS, Factor:ONE, State:CLOSED] moved to CLOSED state
2019-09-25 12:06:13,423 [EventQueue-StaleNodeForStaleNodeHandler] INFO  pipeline.SCMPipelineManager (SCMPipelineManager.java:finalizeAndDestroyPipeline(316)) - destroying pipeline:Pipeline[ Id: 7036324b-5385-4d1b-8d72-0dc9eacec55a, Nodes: 992d69e5-6cba-4869-b94d-c8d2dc420a77{ip: 192.168.151.73, host: pr-hdds-1569-shd4m-3693607622, networkLocation: /default-rack, certSerialId: null}, Type:RATIS, Factor:ONE, State:OPEN]
2019-09-25 12:06:13,424 [EventQueue-StaleNodeForStaleNodeHandler] INFO  pipeline.PipelineStateManager (PipelineStateManager.java:finalizePipeline(123)) - Pipeline Pipeline[ Id: 7036324b-5385-4d1b-8d72-0dc9eacec55a, Nodes: 992d69e5-6cba-4869-b94d-c8d2dc420a77{ip: 192.168.151.73, host: pr-hdds-1569-shd4m-3693607622, networkLocation: /default-rack, certSerialId: null}, Type:RATIS, Factor:ONE, State:CLOSED] moved to CLOSED state
2019-09-25 12:06:13,424 [EventQueue-StaleNodeForStaleNodeHandler] INFO  pipeline.SCMPipelineManager (SCMPipelineManager.java:finalizeAndDestroyPipeline(316)) - destroying pipeline:Pipeline[ Id: acd850be-9a97-43e6-8c6b-c386dd39428d, Nodes: 992d69e5-6cba-4869-b94d-c8d2dc420a77{ip: 192.168.151.73, host: pr-hdds-1569-shd4m-3693607622, networkLocation: /default-rack, certSerialId: null}, Type:RATIS, Factor:ONE, State:OPEN]
2019-09-25 12:06:13,424 [EventQueue-StaleNodeForStaleNodeHandler] INFO  pipeline.PipelineStateManager (PipelineStateManager.java:finalizePipeline(123)) - Pipeline Pipeline[ Id: acd850be-9a97-43e6-8c6b-c386dd39428d, Nodes: 992d69e5-6cba-4869-b94d-c8d2dc420a77{ip: 192.168.151.73, host: pr-hdds-1569-shd4m-3693607622, networkLocation: /default-rack, certSerialId: null}, Type:RATIS, Factor:ONE, State:CLOSED] moved to CLOSED state
2019-09-25 12:06:13,424 [EventQueue-StaleNodeForStaleNodeHandler] INFO  node.StaleNodeHandler (StaleNodeHandler.java:onMessage(58)) - Datanode 2bd0627d-72ad-45ef-ab03-a55c09ad6c3a{ip: 192.168.151.73, host: pr-hdds-1569-shd4m-3693607622, networkLocation: /default-rack, certSerialId: null} moved to stale state. Finalizing its pipelines [PipelineID=cca2d079-bc4f-44df-a3ec-5ded97f94c66, PipelineID=f731452d-40aa-4664-a612-6678b6c397dd, PipelineID=899de903-8f25-4fd3-8a1c-f5fdc0374c07, PipelineID=4bac4332-4b7b-43f3-a01d-59c51c53f0a6, PipelineID=14523189-a623-42d1-94bb-c274777aa561, PipelineID=a404c122-9b58-42cc-95c1-c8dcf59ede4e]
2019-09-25 12:06:13,424 [EventQueue-StaleNodeForStaleNodeHandler] INFO  pipeline.SCMPipelineManager (SCMPipelineManager.java:finalizeAndDestroyPipeline(316)) - destroying pipeline:Pipeline[ Id: cca2d079-bc4f-44df-a3ec-5ded97f94c66, Nodes: 2bd0627d-72ad-45ef-ab03-a55c09ad6c3a{ip: 192.168.151.73, host: pr-hdds-1569-shd4m-3693607622, networkLocation: /default-rack, certSerialId: null}, Type:RATIS, Factor:ONE, State:OPEN]
2019-09-25 12:06:13,425 [EventQueue-StaleNodeForStaleNodeHandler] INFO  pipeline.PipelineStateManager (PipelineStateManager.java:finalizePipeline(123)) - Pipeline Pipeline[ Id: cca2d079-bc4f-44df-a3ec-5ded97f94c66, Nodes: 2bd0627d-72ad-45ef-ab03-a55c09ad6c3a{ip: 192.168.151.73, host: pr-hdds-1569-shd4m-3693607622, networkLocation: /default-rack, certSerialId: null}, Type:RATIS, Factor:ONE, State:CLOSED] moved to CLOSED state
2019-09-25 12:06:13,425 [EventQueue-StaleNodeForStaleNodeHandler] INFO  pipeline.SCMPipelineManager (SCMPipelineManager.java:finalizeAndDestroyPipeline(316)) - destroying pipeline:Pipeline[ Id: f731452d-40aa-4664-a612-6678b6c397dd, Nodes: 2bd0627d-72ad-45ef-ab03-a55c09ad6c3a{ip: 192.168.151.73, host: pr-hdds-1569-shd4m-3693607622, networkLocation: /default-rack, certSerialId: null}, Type:RATIS, Factor:ONE, State:OPEN]
2019-09-25 12:06:13,425 [EventQueue-StaleNodeForStaleNodeHandler] INFO  pipeline.PipelineStateManager (PipelineStateManager.java:finalizePipeline(123)) - Pipeline Pipeline[ Id: f731452d-40aa-4664-a612-6678b6c397dd, Nodes: 2bd0627d-72ad-45ef-ab03-a55c09ad6c3a{ip: 192.168.151.73, host: pr-hdds-1569-shd4m-3693607622, networkLocation: /default-rack, certSerialId: null}, Type:RATIS, Factor:ONE, State:CLOSED] moved to CLOSED state
2019-09-25 12:06:13,425 [EventQueue-StaleNodeForStaleNodeHandler] INFO  pipeline.SCMPipelineManager (SCMPipelineManager.java:finalizeAndDestroyPipeline(316)) - destroying pipeline:Pipeline[ Id: 899de903-8f25-4fd3-8a1c-f5fdc0374c07, Nodes: 2bd0627d-72ad-45ef-ab03-a55c09ad6c3a{ip: 192.168.151.73, host: pr-hdds-1569-shd4m-3693607622, networkLocation: /default-rack, certSerialId: null}, Type:RATIS, Factor:ONE, State:OPEN]
2019-09-25 12:06:13,425 [EventQueue-StaleNodeForStaleNodeHandler] INFO  pipeline.PipelineStateManager (PipelineStateManager.java:finalizePipeline(123)) - Pipeline Pipeline[ Id: 899de903-8f25-4fd3-8a1c-f5fdc0374c07, Nodes: 2bd0627d-72ad-45ef-ab03-a55c09ad6c3a{ip: 192.168.151.73, host: pr-hdds-1569-shd4m-3693607622, networkLocation: /default-rack, certSerialId: null}, Type:RATIS, Factor:ONE, State:CLOSED] moved to CLOSED state
2019-09-25 12:06:13,425 [EventQueue-StaleNodeForStaleNodeHandler] INFO  pipeline.SCMPipelineManager (SCMPipelineManager.java:finalizeAndDestroyPipeline(316)) - destroying pipeline:Pipeline[ Id: 4bac4332-4b7b-43f3-a01d-59c51c53f0a6, Nodes: 2bd0627d-72ad-45ef-ab03-a55c09ad6c3a{ip: 192.168.151.73, host: pr-hdds-1569-shd4m-3693607622, networkLocation: /default-rack, certSerialId: null}, Type:RATIS, Factor:ONE, State:OPEN]
2019-09-25 12:06:13,426 [EventQueue-StaleNodeForStaleNodeHandler] INFO  pipeline.PipelineStateManager (PipelineStateManager.java:finalizePipeline(123)) - Pipeline Pipeline[ Id: 4bac4332-4b7b-43f3-a01d-59c51c53f0a6, Nodes: 2bd0627d-72ad-45ef-ab03-a55c09ad6c3a{ip: 192.168.151.73, host: pr-hdds-1569-shd4m-3693607622, networkLocation: /default-rack, certSerialId: null}, Type:RATIS, Factor:ONE, State:CLOSED] moved to CLOSED state
2019-09-25 12:06:13,426 [EventQueue-StaleNodeForStaleNodeHandler] INFO  pipeline.SCMPipelineManager (SCMPipelineManager.java:finalizeAndDestroyPipeline(316)) - destroying pipeline:Pipeline[ Id: 14523189-a623-42d1-94bb-c274777aa561, Nodes: 2bd0627d-72ad-45ef-ab03-a55c09ad6c3a{ip: 192.168.151.73, host: pr-hdds-1569-shd4m-3693607622, networkLocation: /default-rack, certSerialId: null}, Type:RATIS, Factor:ONE, State:OPEN]
2019-09-25 12:06:13,426 [EventQueue-StaleNodeForStaleNodeHandler] INFO  pipeline.PipelineStateManager (PipelineStateManager.java:finalizePipeline(123)) - Pipeline Pipeline[ Id: 14523189-a623-42d1-94bb-c274777aa561, Nodes: 2bd0627d-72ad-45ef-ab03-a55c09ad6c3a{ip: 192.168.151.73, host: pr-hdds-1569-shd4m-3693607622, networkLocation: /default-rack, certSerialId: null}, Type:RATIS, Factor:ONE, State:CLOSED] moved to CLOSED state
2019-09-25 12:06:13,426 [EventQueue-StaleNodeForStaleNodeHandler] INFO  pipeline.SCMPipelineManager (SCMPipelineManager.java:finalizeAndDestroyPipeline(316)) - destroying pipeline:Pipeline[ Id: a404c122-9b58-42cc-95c1-c8dcf59ede4e, Nodes: 2bd0627d-72ad-45ef-ab03-a55c09ad6c3a{ip: 192.168.151.73, host: pr-hdds-1569-shd4m-3693607622, networkLocation: /default-rack, certSerialId: null}, Type:RATIS, Factor:ONE, State:OPEN]
2019-09-25 12:06:13,426 [EventQueue-StaleNodeForStaleNodeHandler] INFO  pipeline.PipelineStateManager (PipelineStateManager.java:finalizePipeline(123)) - Pipeline Pipeline[ Id: a404c122-9b58-42cc-95c1-c8dcf59ede4e, Nodes: 2bd0627d-72ad-45ef-ab03-a55c09ad6c3a{ip: 192.168.151.73, host: pr-hdds-1569-shd4m-3693607622, networkLocation: /default-rack, certSerialId: null}, Type:RATIS, Factor:ONE, State:CLOSED] moved to CLOSED state
2019-09-25 12:06:13,488 [Thread-3171] INFO  impl.FollowerState (FollowerState.java:run(106)) - 992d69e5-6cba-4869-b94d-c8d2dc420a77:group-C386DD39428D changes to CANDIDATE, lastRpcTime:10654, electionTimeout:5028ms
2019-09-25 12:06:13,494 [Thread-3171] INFO  impl.RoleInfo (RoleInfo.java:shutdownFollowerState(121)) - 992d69e5-6cba-4869-b94d-c8d2dc420a77: shutdown FollowerState
2019-09-25 12:06:13,494 [Thread-3171] INFO  impl.RaftServerImpl (RaftServerImpl.java:setRole(174)) - 992d69e5-6cba-4869-b94d-c8d2dc420a77@group-C386DD39428D: changes role from  FOLLOWER to CANDIDATE at term 0 for changeToCandidate
2019-09-25 12:06:13,495 [Thread-3171] INFO  impl.RoleInfo (RoleInfo.java:updateAndGet(143)) - 992d69e5-6cba-4869-b94d-c8d2dc420a77: start LeaderElection
2019-09-25 12:06:13,517 [992d69e5-6cba-4869-b94d-c8d2dc420a77@group-C386DD39428D:LeaderElection253] INFO  impl.LeaderElection (LeaderElection.java:askForVotes(182)) - 992d69e5-6cba-4869-b94d-c8d2dc420a77@group-C386DD39428D:LeaderElection253: begin an election at term 1 for -1: [992d69e5-6cba-4869-b94d-c8d2dc420a77:192.168.151.73:40135], old=null
2019-09-25 12:06:13,517 [992d69e5-6cba-4869-b94d-c8d2dc420a77@group-C386DD39428D:LeaderElection253] INFO  impl.RoleInfo (RoleInfo.java:shutdownLeaderElection(134)) - 992d69e5-6cba-4869-b94d-c8d2dc420a77: shutdown LeaderElection
2019-09-25 12:06:13,517 [992d69e5-6cba-4869-b94d-c8d2dc420a77@group-C386DD39428D:LeaderElection253] INFO  impl.RaftServerImpl (RaftServerImpl.java:setRole(174)) - 992d69e5-6cba-4869-b94d-c8d2dc420a77@group-C386DD39428D: changes role from CANDIDATE to LEADER at term 1 for changeToLeader
2019-09-25 12:06:13,517 [992d69e5-6cba-4869-b94d-c8d2dc420a77@group-C386DD39428D:LeaderElection253] INFO  impl.RaftServerImpl (ServerState.java:setLeader(253)) - 992d69e5-6cba-4869-b94d-c8d2dc420a77@group-C386DD39428D: change Leader from null to 992d69e5-6cba-4869-b94d-c8d2dc420a77 at term 1 for becomeLeader, leader elected after 10689ms
2019-09-25 12:06:13,518 [992d69e5-6cba-4869-b94d-c8d2dc420a77@group-C386DD39428D:LeaderElection253] INFO  server.RaftServerConfigKeys (ConfUtils.java:logGet(43)) - raft.server.staging.catchup.gap = 1000 (default)
2019-09-25 12:06:13,518 [992d69e5-6cba-4869-b94d-c8d2dc420a77@group-C386DD39428D:LeaderElection253] INFO  server.RaftServerConfigKeys (ConfUtils.java:logGet(43)) - raft.server.rpc.sleep.time = 25ms (default)
2019-09-25 12:06:13,518 [992d69e5-6cba-4869-b94d-c8d2dc420a77@group-C386DD39428D:LeaderElection253] INFO  server.RaftServerConfigKeys (ConfUtils.java:logGet(43)) - raft.server.write.element-limit = 4096 (default)
2019-09-25 12:06:13,518 [992d69e5-6cba-4869-b94d-c8d2dc420a77@group-C386DD39428D:LeaderElection253] INFO  server.RaftServerConfigKeys (ConfUtils.java:logGet(43)) - raft.server.watch.timeout = 10s (default)
2019-09-25 12:06:13,518 [992d69e5-6cba-4869-b94d-c8d2dc420a77@group-C386DD39428D:LeaderElection253] INFO  server.RaftServerConfigKeys (ConfUtils.java:logGet(43)) - raft.server.watch.timeout.denomination = 1s (default)
2019-09-25 12:06:13,519 [992d69e5-6cba-4869-b94d-c8d2dc420a77@group-C386DD39428D:LeaderElection253] INFO  server.RaftServerConfigKeys (ConfUtils.java:logGet(43)) - raft.server.watch.element-limit = 65536 (default)
2019-09-25 12:06:13,521 [992d69e5-6cba-4869-b94d-c8d2dc420a77@group-C386DD39428D:LeaderElection253] INFO  impl.RoleInfo (RoleInfo.java:updateAndGet(143)) - 992d69e5-6cba-4869-b94d-c8d2dc420a77: start LeaderState
2019-09-25 12:06:13,521 [992d69e5-6cba-4869-b94d-c8d2dc420a77@group-C386DD39428D:LeaderElection253] INFO  segmented.SegmentedRaftLogWorker (SegmentedRaftLogWorker.java:startLogSegment(380)) - 992d69e5-6cba-4869-b94d-c8d2dc420a77@group-C386DD39428D-SegmentedRaftLogWorker: Starting segment from index:0
2019-09-25 12:06:13,522 [992d69e5-6cba-4869-b94d-c8d2dc420a77@group-C386DD39428D:LeaderElection253] INFO  impl.RaftServerImpl (ServerState.java:setRaftConf(354)) - 992d69e5-6cba-4869-b94d-c8d2dc420a77@group-C386DD39428D: set configuration 0: [992d69e5-6cba-4869-b94d-c8d2dc420a77:192.168.151.73:40135], old=null at 0
2019-09-25 12:06:13,541 [Thread-3174] INFO  impl.FollowerState (FollowerState.java:run(106)) - 2594d298-a87d-48a4-bedb-7d37d8f76d4c:group-F81D0CD6008F changes to CANDIDATE, lastRpcTime:10671, electionTimeout:5066ms
2019-09-25 12:06:13,541 [Thread-3174] INFO  impl.RoleInfo (RoleInfo.java:shutdownFollowerState(121)) - 2594d298-a87d-48a4-bedb-7d37d8f76d4c: shutdown FollowerState
2019-09-25 12:06:13,541 [Thread-3174] INFO  impl.RaftServerImpl (RaftServerImpl.java:setRole(174)) - 2594d298-a87d-48a4-bedb-7d37d8f76d4c@group-F81D0CD6008F: changes role from  FOLLOWER to CANDIDATE at term 0 for changeToCandidate
2019-09-25 12:06:13,541 [Thread-3174] INFO  impl.RoleInfo (RoleInfo.java:updateAndGet(143)) - 2594d298-a87d-48a4-bedb-7d37d8f76d4c: start LeaderElection
2019-09-25 12:06:13,556 [2594d298-a87d-48a4-bedb-7d37d8f76d4c@group-F81D0CD6008F:LeaderElection254] INFO  impl.LeaderElection (LeaderElection.java:askForVotes(182)) - 2594d298-a87d-48a4-bedb-7d37d8f76d4c@group-F81D0CD6008F:LeaderElection254: begin an election at term 1 for -1: [2594d298-a87d-48a4-bedb-7d37d8f76d4c:192.168.151.73:46535], old=null
2019-09-25 12:06:13,557 [2594d298-a87d-48a4-bedb-7d37d8f76d4c@group-F81D0CD6008F:LeaderElection254] INFO  impl.RoleInfo (RoleInfo.java:shutdownLeaderElection(134)) - 2594d298-a87d-48a4-bedb-7d37d8f76d4c: shutdown LeaderElection
2019-09-25 12:06:13,557 [2594d298-a87d-48a4-bedb-7d37d8f76d4c@group-F81D0CD6008F:LeaderElection254] INFO  impl.RaftServerImpl (RaftServerImpl.java:setRole(174)) - 2594d298-a87d-48a4-bedb-7d37d8f76d4c@group-F81D0CD6008F: changes role from CANDIDATE to LEADER at term 1 for changeToLeader
2019-09-25 12:06:13,557 [2594d298-a87d-48a4-bedb-7d37d8f76d4c@group-F81D0CD6008F:LeaderElection254] INFO  impl.RaftServerImpl (ServerState.java:setLeader(253)) - 2594d298-a87d-48a4-bedb-7d37d8f76d4c@group-F81D0CD6008F: change Leader from null to 2594d298-a87d-48a4-bedb-7d37d8f76d4c at term 1 for becomeLeader, leader elected after 10691ms
2019-09-25 12:06:13,557 [2594d298-a87d-48a4-bedb-7d37d8f76d4c@group-F81D0CD6008F:LeaderElection254] INFO  server.RaftServerConfigKeys (ConfUtils.java:logGet(43)) - raft.server.staging.catchup.gap = 1000 (default)
2019-09-25 12:06:13,557 [2594d298-a87d-48a4-bedb-7d37d8f76d4c@group-F81D0CD6008F:LeaderElection254] INFO  server.RaftServerConfigKeys (ConfUtils.java:logGet(43)) - raft.server.rpc.sleep.time = 25ms (default)
2019-09-25 12:06:13,557 [2594d298-a87d-48a4-bedb-7d37d8f76d4c@group-F81D0CD6008F:LeaderElection254] INFO  server.RaftServerConfigKeys (ConfUtils.java:logGet(43)) - raft.server.write.element-limit = 4096 (default)
2019-09-25 12:06:13,558 [2594d298-a87d-48a4-bedb-7d37d8f76d4c@group-F81D0CD6008F:LeaderElection254] INFO  server.RaftServerConfigKeys (ConfUtils.java:logGet(43)) - raft.server.watch.timeout = 10s (default)
2019-09-25 12:06:13,558 [2594d298-a87d-48a4-bedb-7d37d8f76d4c@group-F81D0CD6008F:LeaderElection254] INFO  server.RaftServerConfigKeys (ConfUtils.java:logGet(43)) - raft.server.watch.timeout.denomination = 1s (default)
2019-09-25 12:06:13,558 [2594d298-a87d-48a4-bedb-7d37d8f76d4c@group-F81D0CD6008F:LeaderElection254] INFO  server.RaftServerConfigKeys (ConfUtils.java:logGet(43)) - raft.server.watch.element-limit = 65536 (default)
2019-09-25 12:06:13,560 [2594d298-a87d-48a4-bedb-7d37d8f76d4c@group-F81D0CD6008F:LeaderElection254] INFO  impl.RoleInfo (RoleInfo.java:updateAndGet(143)) - 2594d298-a87d-48a4-bedb-7d37d8f76d4c: start LeaderState
2019-09-25 12:06:13,560 [2594d298-a87d-48a4-bedb-7d37d8f76d4c@group-F81D0CD6008F:LeaderElection254] INFO  segmented.SegmentedRaftLogWorker (SegmentedRaftLogWorker.java:startLogSegment(380)) - 2594d298-a87d-48a4-bedb-7d37d8f76d4c@group-F81D0CD6008F-SegmentedRaftLogWorker: Starting segment from index:0
2019-09-25 12:06:13,561 [2594d298-a87d-48a4-bedb-7d37d8f76d4c@group-F81D0CD6008F:LeaderElection254] INFO  impl.RaftServerImpl (ServerState.java:setRaftConf(354)) - 2594d298-a87d-48a4-bedb-7d37d8f76d4c@group-F81D0CD6008F: set configuration 0: [2594d298-a87d-48a4-bedb-7d37d8f76d4c:192.168.151.73:46535], old=null at 0
2019-09-25 12:06:13,572 [Thread-3165] INFO  impl.FollowerState (FollowerState.java:run(106)) - 992d69e5-6cba-4869-b94d-c8d2dc420a77:group-21513A76A79E changes to CANDIDATE, lastRpcTime:10809, electionTimeout:5098ms
2019-09-25 12:06:13,573 [Thread-3165] INFO  impl.RoleInfo (RoleInfo.java:shutdownFollowerState(121)) - 992d69e5-6cba-4869-b94d-c8d2dc420a77: shutdown FollowerState
2019-09-25 12:06:13,573 [Thread-3165] INFO  impl.RaftServerImpl (RaftServerImpl.java:setRole(174)) - 992d69e5-6cba-4869-b94d-c8d2dc420a77@group-21513A76A79E: changes role from  FOLLOWER to CANDIDATE at term 0 for changeToCandidate
2019-09-25 12:06:13,573 [Thread-3165] INFO  impl.RoleInfo (RoleInfo.java:updateAndGet(143)) - 992d69e5-6cba-4869-b94d-c8d2dc420a77: start LeaderElection
2019-09-25 12:06:13,587 [992d69e5-6cba-4869-b94d-c8d2dc420a77@group-C386DD39428D-SegmentedRaftLogWorker] INFO  segmented.SegmentedRaftLogWorker (SegmentedRaftLogWorker.java:execute(569)) - 992d69e5-6cba-4869-b94d-c8d2dc420a77@group-C386DD39428D-SegmentedRaftLogWorker: created new log segment /workdir/hadoop-ozone/integration-test/target/test-dir/MiniOzoneClusterImpl-757e75c3-29a2-41d1-adb4-db6d7805a8c7/datanode-2/data/ratis/acd850be-9a97-43e6-8c6b-c386dd39428d/current/log_inprogress_0
2019-09-25 12:06:13,589 [992d69e5-6cba-4869-b94d-c8d2dc420a77@group-21513A76A79E:LeaderElection255] INFO  impl.LeaderElection (LeaderElection.java:askForVotes(182)) - 992d69e5-6cba-4869-b94d-c8d2dc420a77@group-21513A76A79E:LeaderElection255: begin an election at term 1 for -1: [992d69e5-6cba-4869-b94d-c8d2dc420a77:192.168.151.73:40135], old=null
2019-09-25 12:06:13,589 [992d69e5-6cba-4869-b94d-c8d2dc420a77@group-21513A76A79E:LeaderElection255] INFO  impl.RoleInfo (RoleInfo.java:shutdownLeaderElection(134)) - 992d69e5-6cba-4869-b94d-c8d2dc420a77: shutdown LeaderElection
2019-09-25 12:06:13,589 [992d69e5-6cba-4869-b94d-c8d2dc420a77@group-21513A76A79E:LeaderElection255] INFO  impl.RaftServerImpl (RaftServerImpl.java:setRole(174)) - 992d69e5-6cba-4869-b94d-c8d2dc420a77@group-21513A76A79E: changes role from CANDIDATE to LEADER at term 1 for changeToLeader
2019-09-25 12:06:13,589 [992d69e5-6cba-4869-b94d-c8d2dc420a77@group-21513A76A79E:LeaderElection255] INFO  impl.RaftServerImpl (ServerState.java:setLeader(253)) - 992d69e5-6cba-4869-b94d-c8d2dc420a77@group-21513A76A79E: change Leader from null to 992d69e5-6cba-4869-b94d-c8d2dc420a77 at term 1 for becomeLeader, leader elected after 10831ms
2019-09-25 12:06:13,589 [992d69e5-6cba-4869-b94d-c8d2dc420a77@group-21513A76A79E:LeaderElection255] INFO  server.RaftServerConfigKeys (ConfUtils.java:logGet(43)) - raft.server.staging.catchup.gap = 1000 (default)
2019-09-25 12:06:13,589 [992d69e5-6cba-4869-b94d-c8d2dc420a77@group-21513A76A79E:LeaderElection255] INFO  server.RaftServerConfigKeys (ConfUtils.java:logGet(43)) - raft.server.rpc.sleep.time = 25ms (default)
2019-09-25 12:06:13,589 [992d69e5-6cba-4869-b94d-c8d2dc420a77@group-21513A76A79E:LeaderElection255] INFO  server.RaftServerConfigKeys (ConfUtils.java:logGet(43)) - raft.server.write.element-limit = 4096 (default)
2019-09-25 12:06:13,590 [992d69e5-6cba-4869-b94d-c8d2dc420a77@group-21513A76A79E:LeaderElection255] INFO  server.RaftServerConfigKeys (ConfUtils.java:logGet(43)) - raft.server.watch.timeout = 10s (default)
2019-09-25 12:06:13,590 [992d69e5-6cba-4869-b94d-c8d2dc420a77@group-21513A76A79E:LeaderElection255] INFO  server.RaftServerConfigKeys (ConfUtils.java:logGet(43)) - raft.server.watch.timeout.denomination = 1s (default)
2019-09-25 12:06:13,590 [992d69e5-6cba-4869-b94d-c8d2dc420a77@group-21513A76A79E:LeaderElection255] INFO  server.RaftServerConfigKeys (ConfUtils.java:logGet(43)) - raft.server.watch.element-limit = 65536 (default)
2019-09-25 12:06:13,592 [992d69e5-6cba-4869-b94d-c8d2dc420a77@group-21513A76A79E:LeaderElection255] INFO  impl.RoleInfo (RoleInfo.java:updateAndGet(143)) - 992d69e5-6cba-4869-b94d-c8d2dc420a77: start LeaderState
2019-09-25 12:06:13,592 [992d69e5-6cba-4869-b94d-c8d2dc420a77@group-21513A76A79E:LeaderElection255] INFO  segmented.SegmentedRaftLogWorker (SegmentedRaftLogWorker.java:startLogSegment(380)) - 992d69e5-6cba-4869-b94d-c8d2dc420a77@group-21513A76A79E-SegmentedRaftLogWorker: Starting segment from index:0
2019-09-25 12:06:13,593 [992d69e5-6cba-4869-b94d-c8d2dc420a77@group-21513A76A79E:LeaderElection255] INFO  impl.RaftServerImpl (ServerState.java:setRaftConf(354)) - 992d69e5-6cba-4869-b94d-c8d2dc420a77@group-21513A76A79E: set configuration 0: [992d69e5-6cba-4869-b94d-c8d2dc420a77:192.168.151.73:40135], old=null at 0
2019-09-25 12:06:13,599 [Thread-3177] INFO  impl.FollowerState (FollowerState.java:run(106)) - 50493258-76a6-47fc-92c1-a180d5b1121a:group-D44B1458F5B4 changes to CANDIDATE, lastRpcTime:10694, electionTimeout:5139ms
2019-09-25 12:06:13,599 [Thread-3177] INFO  impl.RoleInfo (RoleInfo.java:shutdownFollowerState(121)) - 50493258-76a6-47fc-92c1-a180d5b1121a: shutdown FollowerState
2019-09-25 12:06:13,599 [Thread-3177] INFO  impl.RaftServerImpl (RaftServerImpl.java:setRole(174)) - 50493258-76a6-47fc-92c1-a180d5b1121a@group-D44B1458F5B4: changes role from  FOLLOWER to CANDIDATE at term 0 for changeToCandidate
2019-09-25 12:06:13,599 [Thread-3177] INFO  impl.RoleInfo (RoleInfo.java:updateAndGet(143)) - 50493258-76a6-47fc-92c1-a180d5b1121a: start LeaderElection
2019-09-25 12:06:13,613 [2594d298-a87d-48a4-bedb-7d37d8f76d4c@group-F81D0CD6008F-SegmentedRaftLogWorker] INFO  segmented.SegmentedRaftLogWorker (SegmentedRaftLogWorker.java:execute(569)) - 2594d298-a87d-48a4-bedb-7d37d8f76d4c@group-F81D0CD6008F-SegmentedRaftLogWorker: created new log segment /workdir/hadoop-ozone/integration-test/target/test-dir/MiniOzoneClusterImpl-757e75c3-29a2-41d1-adb4-db6d7805a8c7/datanode-6/data/ratis/a5cad66e-a22f-475b-9863-f81d0cd6008f/current/log_inprogress_0
2019-09-25 12:06:13,613 [50493258-76a6-47fc-92c1-a180d5b1121a@group-D44B1458F5B4:LeaderElection256] INFO  impl.LeaderElection (LeaderElection.java:askForVotes(182)) - 50493258-76a6-47fc-92c1-a180d5b1121a@group-D44B1458F5B4:LeaderElection256: begin an election at term 1 for -1: [50493258-76a6-47fc-92c1-a180d5b1121a:192.168.151.73:40355], old=null
2019-09-25 12:06:13,613 [50493258-76a6-47fc-92c1-a180d5b1121a@group-D44B1458F5B4:LeaderElection256] INFO  impl.RoleInfo (RoleInfo.java:shutdownLeaderElection(134)) - 50493258-76a6-47fc-92c1-a180d5b1121a: shutdown LeaderElection
2019-09-25 12:06:13,614 [50493258-76a6-47fc-92c1-a180d5b1121a@group-D44B1458F5B4:LeaderElection256] INFO  impl.RaftServerImpl (RaftServerImpl.java:setRole(174)) - 50493258-76a6-47fc-92c1-a180d5b1121a@group-D44B1458F5B4: changes role from CANDIDATE to LEADER at term 1 for changeToLeader
2019-09-25 12:06:13,614 [50493258-76a6-47fc-92c1-a180d5b1121a@group-D44B1458F5B4:LeaderElection256] INFO  impl.RaftServerImpl (ServerState.java:setLeader(253)) - 50493258-76a6-47fc-92c1-a180d5b1121a@group-D44B1458F5B4: change Leader from null to 50493258-76a6-47fc-92c1-a180d5b1121a at term 1 for becomeLeader, leader elected after 10713ms
2019-09-25 12:06:13,614 [50493258-76a6-47fc-92c1-a180d5b1121a@group-D44B1458F5B4:LeaderElection256] INFO  server.RaftServerConfigKeys (ConfUtils.java:logGet(43)) - raft.server.staging.catchup.gap = 1000 (default)
2019-09-25 12:06:13,614 [50493258-76a6-47fc-92c1-a180d5b1121a@group-D44B1458F5B4:LeaderElection256] INFO  server.RaftServerConfigKeys (ConfUtils.java:logGet(43)) - raft.server.rpc.sleep.time = 25ms (default)
2019-09-25 12:06:13,614 [50493258-76a6-47fc-92c1-a180d5b1121a@group-D44B1458F5B4:LeaderElection256] INFO  server.RaftServerConfigKeys (ConfUtils.java:logGet(43)) - raft.server.write.element-limit = 4096 (default)
2019-09-25 12:06:13,614 [50493258-76a6-47fc-92c1-a180d5b1121a@group-D44B1458F5B4:LeaderElection256] INFO  server.RaftServerConfigKeys (ConfUtils.java:logGet(43)) - raft.server.watch.timeout = 10s (default)
2019-09-25 12:06:13,614 [50493258-76a6-47fc-92c1-a180d5b1121a@group-D44B1458F5B4:LeaderElection256] INFO  server.RaftServerConfigKeys (ConfUtils.java:logGet(43)) - raft.server.watch.timeout.denomination = 1s (default)
2019-09-25 12:06:13,614 [50493258-76a6-47fc-92c1-a180d5b1121a@group-D44B1458F5B4:LeaderElection256] INFO  server.RaftServerConfigKeys (ConfUtils.java:logGet(43)) - raft.server.watch.element-limit = 65536 (default)
2019-09-25 12:06:13,616 [50493258-76a6-47fc-92c1-a180d5b1121a@group-D44B1458F5B4:LeaderElection256] INFO  impl.RoleInfo (RoleInfo.java:updateAndGet(143)) - 50493258-76a6-47fc-92c1-a180d5b1121a: start LeaderState
2019-09-25 12:06:13,616 [50493258-76a6-47fc-92c1-a180d5b1121a@group-D44B1458F5B4:LeaderElection256] INFO  segmented.SegmentedRaftLogWorker (SegmentedRaftLogWorker.java:startLogSegment(380)) - 50493258-76a6-47fc-92c1-a180d5b1121a@group-D44B1458F5B4-SegmentedRaftLogWorker: Starting segment from index:0
2019-09-25 12:06:13,617 [50493258-76a6-47fc-92c1-a180d5b1121a@group-D44B1458F5B4:LeaderElection256] INFO  impl.RaftServerImpl (ServerState.java:setRaftConf(354)) - 50493258-76a6-47fc-92c1-a180d5b1121a@group-D44B1458F5B4: set configuration 0: [50493258-76a6-47fc-92c1-a180d5b1121a:192.168.151.73:40355], old=null at 0
2019-09-25 12:06:13,640 [992d69e5-6cba-4869-b94d-c8d2dc420a77@group-21513A76A79E-SegmentedRaftLogWorker] INFO  segmented.SegmentedRaftLogWorker (SegmentedRaftLogWorker.java:execute(569)) - 992d69e5-6cba-4869-b94d-c8d2dc420a77@group-21513A76A79E-SegmentedRaftLogWorker: created new log segment /workdir/hadoop-ozone/integration-test/target/test-dir/MiniOzoneClusterImpl-757e75c3-29a2-41d1-adb4-db6d7805a8c7/datanode-2/data/ratis/372b003e-06c7-4487-9f8a-21513a76a79e/current/log_inprogress_0
2019-09-25 12:06:13,652 [Thread-3168] INFO  impl.FollowerState (FollowerState.java:run(106)) - 50493258-76a6-47fc-92c1-a180d5b1121a:group-42F2FE33D741 changes to CANDIDATE, lastRpcTime:10859, electionTimeout:5178ms
2019-09-25 12:06:13,652 [Thread-3168] INFO  impl.RoleInfo (RoleInfo.java:shutdownFollowerState(121)) - 50493258-76a6-47fc-92c1-a180d5b1121a: shutdown FollowerState
2019-09-25 12:06:13,652 [Thread-3168] INFO  impl.RaftServerImpl (RaftServerImpl.java:setRole(174)) - 50493258-76a6-47fc-92c1-a180d5b1121a@group-42F2FE33D741: changes role from  FOLLOWER to CANDIDATE at term 0 for changeToCandidate
2019-09-25 12:06:13,653 [Thread-3168] INFO  impl.RoleInfo (RoleInfo.java:updateAndGet(143)) - 50493258-76a6-47fc-92c1-a180d5b1121a: start LeaderElection
2019-09-25 12:06:13,666 [Thread-3180] INFO  impl.FollowerState (FollowerState.java:run(106)) - 2594d298-a87d-48a4-bedb-7d37d8f76d4c:group-23A03A915FCA changes to CANDIDATE, lastRpcTime:10726, electionTimeout:5192ms
2019-09-25 12:06:13,666 [Thread-3180] INFO  impl.RoleInfo (RoleInfo.java:shutdownFollowerState(121)) - 2594d298-a87d-48a4-bedb-7d37d8f76d4c: shutdown FollowerState
2019-09-25 12:06:13,667 [Thread-3180] INFO  impl.RaftServerImpl (RaftServerImpl.java:setRole(174)) - 2594d298-a87d-48a4-bedb-7d37d8f76d4c@group-23A03A915FCA: changes role from  FOLLOWER to CANDIDATE at term 0 for changeToCandidate
2019-09-25 12:06:13,667 [Thread-3180] INFO  impl.RoleInfo (RoleInfo.java:updateAndGet(143)) - 2594d298-a87d-48a4-bedb-7d37d8f76d4c: start LeaderElection
2019-09-25 12:06:13,675 [50493258-76a6-47fc-92c1-a180d5b1121a@group-D44B1458F5B4-SegmentedRaftLogWorker] INFO  segmented.SegmentedRaftLogWorker (SegmentedRaftLogWorker.java:execute(569)) - 50493258-76a6-47fc-92c1-a180d5b1121a@group-D44B1458F5B4-SegmentedRaftLogWorker: created new log segment /workdir/hadoop-ozone/integration-test/target/test-dir/MiniOzoneClusterImpl-757e75c3-29a2-41d1-adb4-db6d7805a8c7/datanode-5/data/ratis/ecaca113-a018-4acc-bc61-d44b1458f5b4/current/log_inprogress_0
2019-09-25 12:06:13,675 [50493258-76a6-47fc-92c1-a180d5b1121a@group-42F2FE33D741:LeaderElection257] INFO  impl.LeaderElection (LeaderElection.java:askForVotes(182)) - 50493258-76a6-47fc-92c1-a180d5b1121a@group-42F2FE33D741:LeaderElection257: begin an election at term 1 for -1: [50493258-76a6-47fc-92c1-a180d5b1121a:192.168.151.73:40355], old=null
2019-09-25 12:06:13,675 [50493258-76a6-47fc-92c1-a180d5b1121a@group-42F2FE33D741:LeaderElection257] INFO  impl.RoleInfo (RoleInfo.java:shutdownLeaderElection(134)) - 50493258-76a6-47fc-92c1-a180d5b1121a: shutdown LeaderElection
2019-09-25 12:06:13,675 [50493258-76a6-47fc-92c1-a180d5b1121a@group-42F2FE33D741:LeaderElection257] INFO  impl.RaftServerImpl (RaftServerImpl.java:setRole(174)) - 50493258-76a6-47fc-92c1-a180d5b1121a@group-42F2FE33D741: changes role from CANDIDATE to LEADER at term 1 for changeToLeader
2019-09-25 12:06:13,676 [50493258-76a6-47fc-92c1-a180d5b1121a@group-42F2FE33D741:LeaderElection257] INFO  impl.RaftServerImpl (ServerState.java:setLeader(253)) - 50493258-76a6-47fc-92c1-a180d5b1121a@group-42F2FE33D741: change Leader from null to 50493258-76a6-47fc-92c1-a180d5b1121a at term 1 for becomeLeader, leader elected after 10886ms
2019-09-25 12:06:13,676 [50493258-76a6-47fc-92c1-a180d5b1121a@group-42F2FE33D741:LeaderElection257] INFO  server.RaftServerConfigKeys (ConfUtils.java:logGet(43)) - raft.server.staging.catchup.gap = 1000 (default)
2019-09-25 12:06:13,676 [50493258-76a6-47fc-92c1-a180d5b1121a@group-42F2FE33D741:LeaderElection257] INFO  server.RaftServerConfigKeys (ConfUtils.java:logGet(43)) - raft.server.rpc.sleep.time = 25ms (default)
2019-09-25 12:06:13,676 [50493258-76a6-47fc-92c1-a180d5b1121a@group-42F2FE33D741:LeaderElection257] INFO  server.RaftServerConfigKeys (ConfUtils.java:logGet(43)) - raft.server.write.element-limit = 4096 (default)
2019-09-25 12:06:13,676 [50493258-76a6-47fc-92c1-a180d5b1121a@group-42F2FE33D741:LeaderElection257] INFO  server.RaftServerConfigKeys (ConfUtils.java:logGet(43)) - raft.server.watch.timeout = 10s (default)
2019-09-25 12:06:13,676 [50493258-76a6-47fc-92c1-a180d5b1121a@group-42F2FE33D741:LeaderElection257] INFO  server.RaftServerConfigKeys (ConfUtils.java:logGet(43)) - raft.server.watch.timeout.denomination = 1s (default)
2019-09-25 12:06:13,677 [50493258-76a6-47fc-92c1-a180d5b1121a@group-42F2FE33D741:LeaderElection257] INFO  server.RaftServerConfigKeys (ConfUtils.java:logGet(43)) - raft.server.watch.element-limit = 65536 (default)
2019-09-25 12:06:13,679 [50493258-76a6-47fc-92c1-a180d5b1121a@group-42F2FE33D741:LeaderElection257] INFO  impl.RoleInfo (RoleInfo.java:updateAndGet(143)) - 50493258-76a6-47fc-92c1-a180d5b1121a: start LeaderState
2019-09-25 12:06:13,679 [50493258-76a6-47fc-92c1-a180d5b1121a@group-42F2FE33D741:LeaderElection257] INFO  segmented.SegmentedRaftLogWorker (SegmentedRaftLogWorker.java:startLogSegment(380)) - 50493258-76a6-47fc-92c1-a180d5b1121a@group-42F2FE33D741-SegmentedRaftLogWorker: Starting segment from index:0
2019-09-25 12:06:13,679 [50493258-76a6-47fc-92c1-a180d5b1121a@group-42F2FE33D741:LeaderElection257] INFO  impl.RaftServerImpl (ServerState.java:setRaftConf(354)) - 50493258-76a6-47fc-92c1-a180d5b1121a@group-42F2FE33D741: set configuration 0: [50493258-76a6-47fc-92c1-a180d5b1121a:192.168.151.73:40355], old=null at 0
2019-09-25 12:06:13,688 [2594d298-a87d-48a4-bedb-7d37d8f76d4c@group-23A03A915FCA:LeaderElection258] INFO  impl.LeaderElection (LeaderElection.java:askForVotes(182)) - 2594d298-a87d-48a4-bedb-7d37d8f76d4c@group-23A03A915FCA:LeaderElection258: begin an election at term 1 for -1: [2594d298-a87d-48a4-bedb-7d37d8f76d4c:192.168.151.73:46535], old=null
2019-09-25 12:06:13,688 [2594d298-a87d-48a4-bedb-7d37d8f76d4c@group-23A03A915FCA:LeaderElection258] INFO  impl.RoleInfo (RoleInfo.java:shutdownLeaderElection(134)) - 2594d298-a87d-48a4-bedb-7d37d8f76d4c: shutdown LeaderElection
2019-09-25 12:06:13,688 [2594d298-a87d-48a4-bedb-7d37d8f76d4c@group-23A03A915FCA:LeaderElection258] INFO  impl.RaftServerImpl (RaftServerImpl.java:setRole(174)) - 2594d298-a87d-48a4-bedb-7d37d8f76d4c@group-23A03A915FCA: changes role from CANDIDATE to LEADER at term 1 for changeToLeader
2019-09-25 12:06:13,688 [2594d298-a87d-48a4-bedb-7d37d8f76d4c@group-23A03A915FCA:LeaderElection258] INFO  impl.RaftServerImpl (ServerState.java:setLeader(253)) - 2594d298-a87d-48a4-bedb-7d37d8f76d4c@group-23A03A915FCA: change Leader from null to 2594d298-a87d-48a4-bedb-7d37d8f76d4c at term 1 for becomeLeader, leader elected after 10753ms
2019-09-25 12:06:13,689 [2594d298-a87d-48a4-bedb-7d37d8f76d4c@group-23A03A915FCA:LeaderElection258] INFO  server.RaftServerConfigKeys (ConfUtils.java:logGet(43)) - raft.server.staging.catchup.gap = 1000 (default)
2019-09-25 12:06:13,689 [2594d298-a87d-48a4-bedb-7d37d8f76d4c@group-23A03A915FCA:LeaderElection258] INFO  server.RaftServerConfigKeys (ConfUtils.java:logGet(43)) - raft.server.rpc.sleep.time = 25ms (default)
2019-09-25 12:06:13,689 [2594d298-a87d-48a4-bedb-7d37d8f76d4c@group-23A03A915FCA:LeaderElection258] INFO  server.RaftServerConfigKeys (ConfUtils.java:logGet(43)) - raft.server.write.element-limit = 4096 (default)
2019-09-25 12:06:13,689 [2594d298-a87d-48a4-bedb-7d37d8f76d4c@group-23A03A915FCA:LeaderElection258] INFO  server.RaftServerConfigKeys (ConfUtils.java:logGet(43)) - raft.server.watch.timeout = 10s (default)
2019-09-25 12:06:13,689 [2594d298-a87d-48a4-bedb-7d37d8f76d4c@group-23A03A915FCA:LeaderElection258] INFO  server.RaftServerConfigKeys (ConfUtils.java:logGet(43)) - raft.server.watch.timeout.denomination = 1s (default)
2019-09-25 12:06:13,689 [2594d298-a87d-48a4-bedb-7d37d8f76d4c@group-23A03A915FCA:LeaderElection258] INFO  server.RaftServerConfigKeys (ConfUtils.java:logGet(43)) - raft.server.watch.element-limit = 65536 (default)
2019-09-25 12:06:13,691 [2594d298-a87d-48a4-bedb-7d37d8f76d4c@group-23A03A915FCA:LeaderElection258] INFO  impl.RoleInfo (RoleInfo.java:updateAndGet(143)) - 2594d298-a87d-48a4-bedb-7d37d8f76d4c: start LeaderState
2019-09-25 12:06:13,691 [2594d298-a87d-48a4-bedb-7d37d8f76d4c@group-23A03A915FCA:LeaderElection258] INFO  segmented.SegmentedRaftLogWorker (SegmentedRaftLogWorker.java:startLogSegment(380)) - 2594d298-a87d-48a4-bedb-7d37d8f76d4c@group-23A03A915FCA-SegmentedRaftLogWorker: Starting segment from index:0
2019-09-25 12:06:13,692 [2594d298-a87d-48a4-bedb-7d37d8f76d4c@group-23A03A915FCA:LeaderElection258] INFO  impl.RaftServerImpl (ServerState.java:setRaftConf(354)) - 2594d298-a87d-48a4-bedb-7d37d8f76d4c@group-23A03A915FCA: set configuration 0: [2594d298-a87d-48a4-bedb-7d37d8f76d4c:192.168.151.73:46535], old=null at 0
2019-09-25 12:06:13,742 [50493258-76a6-47fc-92c1-a180d5b1121a@group-42F2FE33D741-SegmentedRaftLogWorker] INFO  segmented.SegmentedRaftLogWorker (SegmentedRaftLogWorker.java:execute(569)) - 50493258-76a6-47fc-92c1-a180d5b1121a@group-42F2FE33D741-SegmentedRaftLogWorker: created new log segment /workdir/hadoop-ozone/integration-test/target/test-dir/MiniOzoneClusterImpl-757e75c3-29a2-41d1-adb4-db6d7805a8c7/datanode-5/data/ratis/1129f765-1cf6-4bd1-ac56-42f2fe33d741/current/log_inprogress_0
2019-09-25 12:06:13,742 [2594d298-a87d-48a4-bedb-7d37d8f76d4c@group-23A03A915FCA-SegmentedRaftLogWorker] INFO  segmented.SegmentedRaftLogWorker (SegmentedRaftLogWorker.java:execute(569)) - 2594d298-a87d-48a4-bedb-7d37d8f76d4c@group-23A03A915FCA-SegmentedRaftLogWorker: created new log segment /workdir/hadoop-ozone/integration-test/target/test-dir/MiniOzoneClusterImpl-757e75c3-29a2-41d1-adb4-db6d7805a8c7/datanode-6/data/ratis/33fcaed2-096c-46ae-ada5-23a03a915fca/current/log_inprogress_0
2019-09-25 12:06:13,967 [main] INFO  ozoneimpl.OzoneContainer (OzoneContainer.java:stop(231)) - Attempting to stop container services.
2019-09-25 12:06:13,968 [main] INFO  impl.RaftServerProxy (RaftServerProxy.java:lambda$close$4(314)) - 2bd0627d-72ad-45ef-ab03-a55c09ad6c3a: close
2019-09-25 12:06:13,974 [main] INFO  impl.RaftServerImpl (RaftServerImpl.java:lambda$shutdown$3(251)) - 2bd0627d-72ad-45ef-ab03-a55c09ad6c3a@group-5DED97F94C66: shutdown
2019-09-25 12:06:13,974 [main] INFO  util.JmxRegister (JmxRegister.java:unregister(73)) - Successfully un-registered JMX Bean with object name Ratis:service=RaftServer,group=group-5DED97F94C66,id=2bd0627d-72ad-45ef-ab03-a55c09ad6c3a
2019-09-25 12:06:13,975 [main] INFO  impl.RoleInfo (RoleInfo.java:shutdownLeaderState(104)) - 2bd0627d-72ad-45ef-ab03-a55c09ad6c3a: shutdown LeaderState
2019-09-25 12:06:13,975 [main] INFO  impl.PendingRequests (PendingRequests.java:sendNotLeaderResponses(202)) - 2bd0627d-72ad-45ef-ab03-a55c09ad6c3a-PendingRequests: sendNotLeaderResponses
2019-09-25 12:06:13,976 [main] INFO  impl.StateMachineUpdater (StateMachineUpdater.java:stopAndJoin(125)) - 2bd0627d-72ad-45ef-ab03-a55c09ad6c3a@group-5DED97F94C66-StateMachineUpdater: set stopIndex = 0
2019-09-25 12:06:13,976 [main] INFO  impl.RaftServerImpl (ServerState.java:close(385)) - 2bd0627d-72ad-45ef-ab03-a55c09ad6c3a@group-5DED97F94C66: closes. applyIndex: 0
2019-09-25 12:06:13,977 [2bd0627d-72ad-45ef-ab03-a55c09ad6c3a@group-5DED97F94C66-SegmentedRaftLogWorker] INFO  segmented.SegmentedRaftLogWorker (SegmentedRaftLogWorker.java:run(313)) - 2bd0627d-72ad-45ef-ab03-a55c09ad6c3a@group-5DED97F94C66-SegmentedRaftLogWorker was interrupted, exiting. There are 0 tasks remaining in the queue.
2019-09-25 12:06:14,000 [main] INFO  segmented.SegmentedRaftLogWorker (SegmentedRaftLogWorker.java:close(228)) - 2bd0627d-72ad-45ef-ab03-a55c09ad6c3a@group-5DED97F94C66-SegmentedRaftLogWorker close()
2019-09-25 12:06:14,004 [main] INFO  impl.RaftServerImpl (RaftServerImpl.java:lambda$shutdown$3(251)) - 2bd0627d-72ad-45ef-ab03-a55c09ad6c3a@group-6678B6C397DD: shutdown
2019-09-25 12:06:14,005 [ForkJoinPool.commonPool-worker-0] INFO  ozoneimpl.OzoneContainer (OzoneContainer.java:stop(231)) - Attempting to stop container services.
2019-09-25 12:06:14,005 [main] INFO  util.JmxRegister (JmxRegister.java:unregister(73)) - Successfully un-registered JMX Bean with object name Ratis:service=RaftServer,group=group-6678B6C397DD,id=2bd0627d-72ad-45ef-ab03-a55c09ad6c3a
2019-09-25 12:06:14,005 [ForkJoinPool.commonPool-worker-0] INFO  impl.RaftServerProxy (RaftServerProxy.java:lambda$close$4(314)) - 992d69e5-6cba-4869-b94d-c8d2dc420a77: close
2019-09-25 12:06:14,005 [main] INFO  impl.RoleInfo (RoleInfo.java:shutdownLeaderState(104)) - 2bd0627d-72ad-45ef-ab03-a55c09ad6c3a: shutdown LeaderState
2019-09-25 12:06:14,009 [ForkJoinPool.commonPool-worker-0] INFO  impl.RaftServerImpl (RaftServerImpl.java:lambda$shutdown$3(251)) - 992d69e5-6cba-4869-b94d-c8d2dc420a77@group-EEAF51056AFE: shutdown
2019-09-25 12:06:14,009 [main] INFO  impl.PendingRequests (PendingRequests.java:sendNotLeaderResponses(202)) - 2bd0627d-72ad-45ef-ab03-a55c09ad6c3a-PendingRequests: sendNotLeaderResponses
2019-09-25 12:06:14,010 [ForkJoinPool.commonPool-worker-0] INFO  util.JmxRegister (JmxRegister.java:unregister(73)) - Successfully un-registered JMX Bean with object name Ratis:service=RaftServer,group=group-EEAF51056AFE,id=992d69e5-6cba-4869-b94d-c8d2dc420a77
2019-09-25 12:06:14,010 [main] INFO  impl.StateMachineUpdater (StateMachineUpdater.java:stopAndJoin(125)) - 2bd0627d-72ad-45ef-ab03-a55c09ad6c3a@group-6678B6C397DD-StateMachineUpdater: set stopIndex = 0
2019-09-25 12:06:14,011 [main] INFO  impl.RaftServerImpl (ServerState.java:close(385)) - 2bd0627d-72ad-45ef-ab03-a55c09ad6c3a@group-6678B6C397DD: closes. applyIndex: 0
2019-09-25 12:06:14,010 [ForkJoinPool.commonPool-worker-0] INFO  impl.RoleInfo (RoleInfo.java:shutdownLeaderState(104)) - 992d69e5-6cba-4869-b94d-c8d2dc420a77: shutdown LeaderState
2019-09-25 12:06:14,011 [2bd0627d-72ad-45ef-ab03-a55c09ad6c3a@group-6678B6C397DD-SegmentedRaftLogWorker] INFO  segmented.SegmentedRaftLogWorker (SegmentedRaftLogWorker.java:run(313)) - 2bd0627d-72ad-45ef-ab03-a55c09ad6c3a@group-6678B6C397DD-SegmentedRaftLogWorker was interrupted, exiting. There are 0 tasks remaining in the queue.
2019-09-25 12:06:14,012 [ForkJoinPool.commonPool-worker-0] INFO  impl.PendingRequests (PendingRequests.java:sendNotLeaderResponses(202)) - 992d69e5-6cba-4869-b94d-c8d2dc420a77-PendingRequests: sendNotLeaderResponses
2019-09-25 12:06:14,012 [main] INFO  segmented.SegmentedRaftLogWorker (SegmentedRaftLogWorker.java:close(228)) - 2bd0627d-72ad-45ef-ab03-a55c09ad6c3a@group-6678B6C397DD-SegmentedRaftLogWorker close()
2019-09-25 12:06:14,012 [ForkJoinPool.commonPool-worker-0] INFO  impl.StateMachineUpdater (StateMachineUpdater.java:stopAndJoin(125)) - 992d69e5-6cba-4869-b94d-c8d2dc420a77@group-EEAF51056AFE-StateMachineUpdater: set stopIndex = 0
2019-09-25 12:06:14,015 [main] INFO  impl.RaftServerImpl (RaftServerImpl.java:lambda$shutdown$3(251)) - 2bd0627d-72ad-45ef-ab03-a55c09ad6c3a@group-F5FDC0374C07: shutdown
2019-09-25 12:06:14,016 [ForkJoinPool.commonPool-worker-0] INFO  impl.RaftServerImpl (ServerState.java:close(385)) - 992d69e5-6cba-4869-b94d-c8d2dc420a77@group-EEAF51056AFE: closes. applyIndex: 0
2019-09-25 12:06:14,016 [main] INFO  util.JmxRegister (JmxRegister.java:unregister(73)) - Successfully un-registered JMX Bean with object name Ratis:service=RaftServer,group=group-F5FDC0374C07,id=2bd0627d-72ad-45ef-ab03-a55c09ad6c3a
2019-09-25 12:06:14,017 [main] INFO  impl.RoleInfo (RoleInfo.java:shutdownLeaderState(104)) - 2bd0627d-72ad-45ef-ab03-a55c09ad6c3a: shutdown LeaderState
2019-09-25 12:06:14,017 [992d69e5-6cba-4869-b94d-c8d2dc420a77@group-EEAF51056AFE-SegmentedRaftLogWorker] INFO  segmented.SegmentedRaftLogWorker (SegmentedRaftLogWorker.java:run(313)) - 992d69e5-6cba-4869-b94d-c8d2dc420a77@group-EEAF51056AFE-SegmentedRaftLogWorker was interrupted, exiting. There are 0 tasks remaining in the queue.
2019-09-25 12:06:14,017 [main] INFO  impl.PendingRequests (PendingRequests.java:sendNotLeaderResponses(202)) - 2bd0627d-72ad-45ef-ab03-a55c09ad6c3a-PendingRequests: sendNotLeaderResponses
2019-09-25 12:06:14,018 [ForkJoinPool.commonPool-worker-0] INFO  segmented.SegmentedRaftLogWorker (SegmentedRaftLogWorker.java:close(228)) - 992d69e5-6cba-4869-b94d-c8d2dc420a77@group-EEAF51056AFE-SegmentedRaftLogWorker close()
2019-09-25 12:06:14,021 [main] INFO  impl.StateMachineUpdater (StateMachineUpdater.java:stopAndJoin(125)) - 2bd0627d-72ad-45ef-ab03-a55c09ad6c3a@group-F5FDC0374C07-StateMachineUpdater: set stopIndex = 0
2019-09-25 12:06:14,024 [ForkJoinPool.commonPool-worker-0] INFO  impl.RaftServerImpl (RaftServerImpl.java:lambda$shutdown$3(251)) - 992d69e5-6cba-4869-b94d-c8d2dc420a77@group-21513A76A79E: shutdown
2019-09-25 12:06:14,025 [main] INFO  impl.RaftServerImpl (ServerState.java:close(385)) - 2bd0627d-72ad-45ef-ab03-a55c09ad6c3a@group-F5FDC0374C07: closes. applyIndex: 0
2019-09-25 12:06:14,025 [ForkJoinPool.commonPool-worker-0] INFO  util.JmxRegister (JmxRegister.java:unregister(73)) - Successfully un-registered JMX Bean with object name Ratis:service=RaftServer,group=group-21513A76A79E,id=992d69e5-6cba-4869-b94d-c8d2dc420a77
2019-09-25 12:06:14,026 [2bd0627d-72ad-45ef-ab03-a55c09ad6c3a@group-F5FDC0374C07-SegmentedRaftLogWorker] INFO  segmented.SegmentedRaftLogWorker (SegmentedRaftLogWorker.java:run(313)) - 2bd0627d-72ad-45ef-ab03-a55c09ad6c3a@group-F5FDC0374C07-SegmentedRaftLogWorker was interrupted, exiting. There are 0 tasks remaining in the queue.
2019-09-25 12:06:14,026 [ForkJoinPool.commonPool-worker-0] INFO  impl.RoleInfo (RoleInfo.java:shutdownLeaderState(104)) - 992d69e5-6cba-4869-b94d-c8d2dc420a77: shutdown LeaderState
2019-09-25 12:06:14,026 [main] INFO  segmented.SegmentedRaftLogWorker (SegmentedRaftLogWorker.java:close(228)) - 2bd0627d-72ad-45ef-ab03-a55c09ad6c3a@group-F5FDC0374C07-SegmentedRaftLogWorker close()
2019-09-25 12:06:14,026 [ForkJoinPool.commonPool-worker-0] INFO  impl.PendingRequests (PendingRequests.java:sendNotLeaderResponses(202)) - 992d69e5-6cba-4869-b94d-c8d2dc420a77-PendingRequests: sendNotLeaderResponses
2019-09-25 12:06:14,029 [main] INFO  impl.RaftServerImpl (RaftServerImpl.java:lambda$shutdown$3(251)) - 2bd0627d-72ad-45ef-ab03-a55c09ad6c3a@group-59C51C53F0A6: shutdown
2019-09-25 12:06:14,030 [ForkJoinPool.commonPool-worker-0] INFO  impl.StateMachineUpdater (StateMachineUpdater.java:stopAndJoin(125)) - 992d69e5-6cba-4869-b94d-c8d2dc420a77@group-21513A76A79E-StateMachineUpdater: set stopIndex = 0
2019-09-25 12:06:14,030 [main] INFO  util.JmxRegister (JmxRegister.java:unregister(73)) - Successfully un-registered JMX Bean with object name Ratis:service=RaftServer,group=group-59C51C53F0A6,id=2bd0627d-72ad-45ef-ab03-a55c09ad6c3a
2019-09-25 12:06:14,031 [ForkJoinPool.commonPool-worker-0] INFO  impl.RaftServerImpl (ServerState.java:close(385)) - 992d69e5-6cba-4869-b94d-c8d2dc420a77@group-21513A76A79E: closes. applyIndex: 0
2019-09-25 12:06:14,031 [main] INFO  impl.RoleInfo (RoleInfo.java:shutdownLeaderState(104)) - 2bd0627d-72ad-45ef-ab03-a55c09ad6c3a: shutdown LeaderState
2019-09-25 12:06:14,031 [992d69e5-6cba-4869-b94d-c8d2dc420a77@group-21513A76A79E-SegmentedRaftLogWorker] INFO  segmented.SegmentedRaftLogWorker (SegmentedRaftLogWorker.java:run(313)) - 992d69e5-6cba-4869-b94d-c8d2dc420a77@group-21513A76A79E-SegmentedRaftLogWorker was interrupted, exiting. There are 0 tasks remaining in the queue.
2019-09-25 12:06:14,032 [main] INFO  impl.PendingRequests (PendingRequests.java:sendNotLeaderResponses(202)) - 2bd0627d-72ad-45ef-ab03-a55c09ad6c3a-PendingRequests: sendNotLeaderResponses
2019-09-25 12:06:14,032 [ForkJoinPool.commonPool-worker-0] INFO  segmented.SegmentedRaftLogWorker (SegmentedRaftLogWorker.java:close(228)) - 992d69e5-6cba-4869-b94d-c8d2dc420a77@group-21513A76A79E-SegmentedRaftLogWorker close()
2019-09-25 12:06:14,032 [main] INFO  impl.StateMachineUpdater (StateMachineUpdater.java:stopAndJoin(125)) - 2bd0627d-72ad-45ef-ab03-a55c09ad6c3a@group-59C51C53F0A6-StateMachineUpdater: set stopIndex = 0
2019-09-25 12:06:14,035 [ForkJoinPool.commonPool-worker-0] INFO  impl.RaftServerImpl (RaftServerImpl.java:lambda$shutdown$3(251)) - 992d69e5-6cba-4869-b94d-c8d2dc420a77@group-CA5E20385C5C: shutdown
2019-09-25 12:06:14,036 [main] INFO  impl.RaftServerImpl (ServerState.java:close(385)) - 2bd0627d-72ad-45ef-ab03-a55c09ad6c3a@group-59C51C53F0A6: closes. applyIndex: 0
2019-09-25 12:06:14,036 [ForkJoinPool.commonPool-worker-0] INFO  util.JmxRegister (JmxRegister.java:unregister(73)) - Successfully un-registered JMX Bean with object name Ratis:service=RaftServer,group=group-CA5E20385C5C,id=992d69e5-6cba-4869-b94d-c8d2dc420a77
2019-09-25 12:06:14,036 [ForkJoinPool.commonPool-worker-0] INFO  impl.RoleInfo (RoleInfo.java:shutdownLeaderState(104)) - 992d69e5-6cba-4869-b94d-c8d2dc420a77: shutdown LeaderState
2019-09-25 12:06:14,036 [2bd0627d-72ad-45ef-ab03-a55c09ad6c3a@group-59C51C53F0A6-SegmentedRaftLogWorker] INFO  segmented.SegmentedRaftLogWorker (SegmentedRaftLogWorker.java:run(313)) - 2bd0627d-72ad-45ef-ab03-a55c09ad6c3a@group-59C51C53F0A6-SegmentedRaftLogWorker was interrupted, exiting. There are 0 tasks remaining in the queue.
2019-09-25 12:06:14,037 [ForkJoinPool.commonPool-worker-0] INFO  impl.PendingRequests (PendingRequests.java:sendNotLeaderResponses(202)) - 992d69e5-6cba-4869-b94d-c8d2dc420a77-PendingRequests: sendNotLeaderResponses
2019-09-25 12:06:14,037 [main] INFO  segmented.SegmentedRaftLogWorker (SegmentedRaftLogWorker.java:close(228)) - 2bd0627d-72ad-45ef-ab03-a55c09ad6c3a@group-59C51C53F0A6-SegmentedRaftLogWorker close()
2019-09-25 12:06:14,037 [ForkJoinPool.commonPool-worker-0] INFO  impl.StateMachineUpdater (StateMachineUpdater.java:stopAndJoin(125)) - 992d69e5-6cba-4869-b94d-c8d2dc420a77@group-CA5E20385C5C-StateMachineUpdater: set stopIndex = 0
2019-09-25 12:06:14,040 [main] INFO  impl.RaftServerImpl (RaftServerImpl.java:lambda$shutdown$3(251)) - 2bd0627d-72ad-45ef-ab03-a55c09ad6c3a@group-C274777AA561: shutdown
2019-09-25 12:06:14,041 [ForkJoinPool.commonPool-worker-0] INFO  impl.RaftServerImpl (ServerState.java:close(385)) - 992d69e5-6cba-4869-b94d-c8d2dc420a77@group-CA5E20385C5C: closes. applyIndex: 0
2019-09-25 12:06:14,041 [main] INFO  util.JmxRegister (JmxRegister.java:unregister(73)) - Successfully un-registered JMX Bean with object name Ratis:service=RaftServer,group=group-C274777AA561,id=2bd0627d-72ad-45ef-ab03-a55c09ad6c3a
2019-09-25 12:06:14,042 [main] INFO  impl.RoleInfo (RoleInfo.java:shutdownLeaderState(104)) - 2bd0627d-72ad-45ef-ab03-a55c09ad6c3a: shutdown LeaderState
2019-09-25 12:06:14,042 [992d69e5-6cba-4869-b94d-c8d2dc420a77@group-CA5E20385C5C-SegmentedRaftLogWorker] INFO  segmented.SegmentedRaftLogWorker (SegmentedRaftLogWorker.java:run(313)) - 992d69e5-6cba-4869-b94d-c8d2dc420a77@group-CA5E20385C5C-SegmentedRaftLogWorker was interrupted, exiting. There are 0 tasks remaining in the queue.
2019-09-25 12:06:14,042 [main] INFO  impl.PendingRequests (PendingRequests.java:sendNotLeaderResponses(202)) - 2bd0627d-72ad-45ef-ab03-a55c09ad6c3a-PendingRequests: sendNotLeaderResponses
2019-09-25 12:06:14,042 [ForkJoinPool.commonPool-worker-0] INFO  segmented.SegmentedRaftLogWorker (SegmentedRaftLogWorker.java:close(228)) - 992d69e5-6cba-4869-b94d-c8d2dc420a77@group-CA5E20385C5C-SegmentedRaftLogWorker close()
2019-09-25 12:06:14,043 [main] INFO  impl.StateMachineUpdater (StateMachineUpdater.java:stopAndJoin(125)) - 2bd0627d-72ad-45ef-ab03-a55c09ad6c3a@group-C274777AA561-StateMachineUpdater: set stopIndex = 0
2019-09-25 12:06:14,046 [ForkJoinPool.commonPool-worker-0] INFO  impl.RaftServerImpl (RaftServerImpl.java:lambda$shutdown$3(251)) - 992d69e5-6cba-4869-b94d-c8d2dc420a77@group-E4B4678FB402: shutdown
2019-09-25 12:06:14,046 [main] INFO  impl.RaftServerImpl (ServerState.java:close(385)) - 2bd0627d-72ad-45ef-ab03-a55c09ad6c3a@group-C274777AA561: closes. applyIndex: 0
2019-09-25 12:06:14,046 [ForkJoinPool.commonPool-worker-0] INFO  util.JmxRegister (JmxRegister.java:unregister(73)) - Successfully un-registered JMX Bean with object name Ratis:service=RaftServer,group=group-E4B4678FB402,id=992d69e5-6cba-4869-b94d-c8d2dc420a77
2019-09-25 12:06:14,047 [2bd0627d-72ad-45ef-ab03-a55c09ad6c3a@group-C274777AA561-SegmentedRaftLogWorker] INFO  segmented.SegmentedRaftLogWorker (SegmentedRaftLogWorker.java:run(313)) - 2bd0627d-72ad-45ef-ab03-a55c09ad6c3a@group-C274777AA561-SegmentedRaftLogWorker was interrupted, exiting. There are 0 tasks remaining in the queue.
2019-09-25 12:06:14,047 [ForkJoinPool.commonPool-worker-0] INFO  impl.RoleInfo (RoleInfo.java:shutdownLeaderState(104)) - 992d69e5-6cba-4869-b94d-c8d2dc420a77: shutdown LeaderState
2019-09-25 12:06:14,047 [main] INFO  segmented.SegmentedRaftLogWorker (SegmentedRaftLogWorker.java:close(228)) - 2bd0627d-72ad-45ef-ab03-a55c09ad6c3a@group-C274777AA561-SegmentedRaftLogWorker close()
2019-09-25 12:06:14,047 [ForkJoinPool.commonPool-worker-0] INFO  impl.PendingRequests (PendingRequests.java:sendNotLeaderResponses(202)) - 992d69e5-6cba-4869-b94d-c8d2dc420a77-PendingRequests: sendNotLeaderResponses
2019-09-25 12:06:14,061 [main] INFO  impl.RaftServerImpl (RaftServerImpl.java:lambda$shutdown$3(251)) - 2bd0627d-72ad-45ef-ab03-a55c09ad6c3a@group-C8DCF59EDE4E: shutdown
2019-09-25 12:06:14,062 [ForkJoinPool.commonPool-worker-0] INFO  impl.StateMachineUpdater (StateMachineUpdater.java:stopAndJoin(125)) - 992d69e5-6cba-4869-b94d-c8d2dc420a77@group-E4B4678FB402-StateMachineUpdater: set stopIndex = 0
2019-09-25 12:06:14,062 [main] INFO  util.JmxRegister (JmxRegister.java:unregister(73)) - Successfully un-registered JMX Bean with object name Ratis:service=RaftServer,group=group-C8DCF59EDE4E,id=2bd0627d-72ad-45ef-ab03-a55c09ad6c3a
2019-09-25 12:06:14,063 [main] INFO  impl.RoleInfo (RoleInfo.java:shutdownLeaderState(104)) - 2bd0627d-72ad-45ef-ab03-a55c09ad6c3a: shutdown LeaderState
2019-09-25 12:06:14,062 [ForkJoinPool.commonPool-worker-0] INFO  impl.RaftServerImpl (ServerState.java:close(385)) - 992d69e5-6cba-4869-b94d-c8d2dc420a77@group-E4B4678FB402: closes. applyIndex: 0
2019-09-25 12:06:14,063 [main] INFO  impl.PendingRequests (PendingRequests.java:sendNotLeaderResponses(202)) - 2bd0627d-72ad-45ef-ab03-a55c09ad6c3a-PendingRequests: sendNotLeaderResponses
2019-09-25 12:06:14,063 [992d69e5-6cba-4869-b94d-c8d2dc420a77@group-E4B4678FB402-SegmentedRaftLogWorker] INFO  segmented.SegmentedRaftLogWorker (SegmentedRaftLogWorker.java:run(313)) - 992d69e5-6cba-4869-b94d-c8d2dc420a77@group-E4B4678FB402-SegmentedRaftLogWorker was interrupted, exiting. There are 0 tasks remaining in the queue.
2019-09-25 12:06:14,064 [main] INFO  impl.StateMachineUpdater (StateMachineUpdater.java:stopAndJoin(125)) - 2bd0627d-72ad-45ef-ab03-a55c09ad6c3a@group-C8DCF59EDE4E-StateMachineUpdater: set stopIndex = 0
2019-09-25 12:06:14,064 [ForkJoinPool.commonPool-worker-0] INFO  segmented.SegmentedRaftLogWorker (SegmentedRaftLogWorker.java:close(228)) - 992d69e5-6cba-4869-b94d-c8d2dc420a77@group-E4B4678FB402-SegmentedRaftLogWorker close()
2019-09-25 12:06:14,064 [main] INFO  impl.RaftServerImpl (ServerState.java:close(385)) - 2bd0627d-72ad-45ef-ab03-a55c09ad6c3a@group-C8DCF59EDE4E: closes. applyIndex: 0
2019-09-25 12:06:14,064 [ForkJoinPool.commonPool-worker-0] INFO  impl.RaftServerImpl (RaftServerImpl.java:lambda$shutdown$3(251)) - 992d69e5-6cba-4869-b94d-c8d2dc420a77@group-0DC9EACEC55A: shutdown
2019-09-25 12:06:14,065 [2bd0627d-72ad-45ef-ab03-a55c09ad6c3a@group-C8DCF59EDE4E-SegmentedRaftLogWorker] INFO  segmented.SegmentedRaftLogWorker (SegmentedRaftLogWorker.java:run(313)) - 2bd0627d-72ad-45ef-ab03-a55c09ad6c3a@group-C8DCF59EDE4E-SegmentedRaftLogWorker was interrupted, exiting. There are 0 tasks remaining in the queue.
2019-09-25 12:06:14,065 [ForkJoinPool.commonPool-worker-0] INFO  util.JmxRegister (JmxRegister.java:unregister(73)) - Successfully un-registered JMX Bean with object name Ratis:service=RaftServer,group=group-0DC9EACEC55A,id=992d69e5-6cba-4869-b94d-c8d2dc420a77
2019-09-25 12:06:14,065 [main] INFO  segmented.SegmentedRaftLogWorker (SegmentedRaftLogWorker.java:close(228)) - 2bd0627d-72ad-45ef-ab03-a55c09ad6c3a@group-C8DCF59EDE4E-SegmentedRaftLogWorker close()
2019-09-25 12:06:14,065 [ForkJoinPool.commonPool-worker-0] INFO  impl.RoleInfo (RoleInfo.java:shutdownLeaderState(104)) - 992d69e5-6cba-4869-b94d-c8d2dc420a77: shutdown LeaderState
2019-09-25 12:06:14,066 [main] INFO  server.GrpcService (GrpcService.java:closeImpl(164)) - 2bd0627d-72ad-45ef-ab03-a55c09ad6c3a: shutdown server with port 33385 now
2019-09-25 12:06:14,066 [ForkJoinPool.commonPool-worker-0] INFO  impl.PendingRequests (PendingRequests.java:sendNotLeaderResponses(202)) - 992d69e5-6cba-4869-b94d-c8d2dc420a77-PendingRequests: sendNotLeaderResponses
2019-09-25 12:06:14,066 [ForkJoinPool.commonPool-worker-0] INFO  impl.StateMachineUpdater (StateMachineUpdater.java:stopAndJoin(125)) - 992d69e5-6cba-4869-b94d-c8d2dc420a77@group-0DC9EACEC55A-StateMachineUpdater: set stopIndex = 0
2019-09-25 12:06:14,071 [ForkJoinPool.commonPool-worker-0] INFO  impl.RaftServerImpl (ServerState.java:close(385)) - 992d69e5-6cba-4869-b94d-c8d2dc420a77@group-0DC9EACEC55A: closes. applyIndex: 0
2019-09-25 12:06:14,070 [main] INFO  server.GrpcService (GrpcService.java:closeImpl(172)) - 2bd0627d-72ad-45ef-ab03-a55c09ad6c3a: shutdown server with port 33385 successfully
2019-09-25 12:06:14,071 [992d69e5-6cba-4869-b94d-c8d2dc420a77@group-0DC9EACEC55A-SegmentedRaftLogWorker] INFO  segmented.SegmentedRaftLogWorker (SegmentedRaftLogWorker.java:run(313)) - 992d69e5-6cba-4869-b94d-c8d2dc420a77@group-0DC9EACEC55A-SegmentedRaftLogWorker was interrupted, exiting. There are 0 tasks remaining in the queue.
2019-09-25 12:06:14,072 [ForkJoinPool.commonPool-worker-0] INFO  segmented.SegmentedRaftLogWorker (SegmentedRaftLogWorker.java:close(228)) - 992d69e5-6cba-4869-b94d-c8d2dc420a77@group-0DC9EACEC55A-SegmentedRaftLogWorker close()
2019-09-25 12:06:14,072 [ForkJoinPool.commonPool-worker-0] INFO  impl.RaftServerImpl (RaftServerImpl.java:lambda$shutdown$3(251)) - 992d69e5-6cba-4869-b94d-c8d2dc420a77@group-C386DD39428D: shutdown
2019-09-25 12:06:14,072 [ForkJoinPool.commonPool-worker-0] INFO  util.JmxRegister (JmxRegister.java:unregister(73)) - Successfully un-registered JMX Bean with object name Ratis:service=RaftServer,group=group-C386DD39428D,id=992d69e5-6cba-4869-b94d-c8d2dc420a77
2019-09-25 12:06:14,072 [ForkJoinPool.commonPool-worker-0] INFO  impl.RoleInfo (RoleInfo.java:shutdownLeaderState(104)) - 992d69e5-6cba-4869-b94d-c8d2dc420a77: shutdown LeaderState
2019-09-25 12:06:14,073 [ForkJoinPool.commonPool-worker-0] INFO  impl.PendingRequests (PendingRequests.java:sendNotLeaderResponses(202)) - 992d69e5-6cba-4869-b94d-c8d2dc420a77-PendingRequests: sendNotLeaderResponses
2019-09-25 12:06:14,073 [ForkJoinPool.commonPool-worker-0] INFO  impl.StateMachineUpdater (StateMachineUpdater.java:stopAndJoin(125)) - 992d69e5-6cba-4869-b94d-c8d2dc420a77@group-C386DD39428D-StateMachineUpdater: set stopIndex = 0
2019-09-25 12:06:14,073 [ForkJoinPool.commonPool-worker-0] INFO  impl.RaftServerImpl (ServerState.java:close(385)) - 992d69e5-6cba-4869-b94d-c8d2dc420a77@group-C386DD39428D: closes. applyIndex: 0
2019-09-25 12:06:14,074 [992d69e5-6cba-4869-b94d-c8d2dc420a77@group-C386DD39428D-SegmentedRaftLogWorker] INFO  segmented.SegmentedRaftLogWorker (SegmentedRaftLogWorker.java:run(313)) - 992d69e5-6cba-4869-b94d-c8d2dc420a77@group-C386DD39428D-SegmentedRaftLogWorker was interrupted, exiting. There are 0 tasks remaining in the queue.
2019-09-25 12:06:14,074 [refreshUsed-/workdir/hadoop-ozone/integration-test/target/test-dir/MiniOzoneClusterImpl-757e75c3-29a2-41d1-adb4-db6d7805a8c7/datanode-3/data/containers] WARN  fs.CachingGetSpaceUsed (CachingGetSpaceUsed.java:run(183)) - Thread Interrupted waiting to refresh disk information: sleep interrupted
2019-09-25 12:06:14,074 [ForkJoinPool.commonPool-worker-0] INFO  segmented.SegmentedRaftLogWorker (SegmentedRaftLogWorker.java:close(228)) - 992d69e5-6cba-4869-b94d-c8d2dc420a77@group-C386DD39428D-SegmentedRaftLogWorker close()
2019-09-25 12:06:14,075 [ForkJoinPool.commonPool-worker-0] INFO  server.GrpcService (GrpcService.java:closeImpl(164)) - 992d69e5-6cba-4869-b94d-c8d2dc420a77: shutdown server with port 40135 now
2019-09-25 12:06:14,078 [ForkJoinPool.commonPool-worker-0] INFO  server.GrpcService (GrpcService.java:closeImpl(172)) - 992d69e5-6cba-4869-b94d-c8d2dc420a77: shutdown server with port 40135 successfully
2019-09-25 12:06:14,080 [refreshUsed-/workdir/hadoop-ozone/integration-test/target/test-dir/MiniOzoneClusterImpl-757e75c3-29a2-41d1-adb4-db6d7805a8c7/datanode-2/data/containers] WARN  fs.CachingGetSpaceUsed (CachingGetSpaceUsed.java:run(183)) - Thread Interrupted waiting to refresh disk information: sleep interrupted
2019-09-25 12:06:14,090 [main] INFO  utils.BackgroundService (BackgroundService.java:shutdown(148)) - Shutting down service BlockDeletingService
2019-09-25 12:06:14,096 [main] INFO  statemachine.DatanodeStateMachine (DatanodeStateMachine.java:stopDaemon(395)) - Ozone container server stopped.
2019-09-25 12:06:14,097 [main] INFO  handler.ContextHandler (ContextHandler.java:doStop(910)) - Stopped o.e.j.w.WebAppContext@3120495d{/,null,UNAVAILABLE}{/hddsDatanode}
2019-09-25 12:06:14,098 [main] INFO  server.AbstractConnector (AbstractConnector.java:doStop(318)) - Stopped ServerConnector@781c2497{HTTP/1.1,[http/1.1]}{0.0.0.0:0}
2019-09-25 12:06:14,098 [main] INFO  handler.ContextHandler (ContextHandler.java:doStop(910)) - Stopped o.e.j.s.ServletContextHandler@49ced9c7{/static,jar:file:/home/user/.m2/repository/org/apache/hadoop/hadoop-hdds-container-service/0.5.0-SNAPSHOT/hadoop-hdds-container-service-0.5.0-SNAPSHOT.jar!/webapps/static,UNAVAILABLE}
2019-09-25 12:06:14,099 [main] INFO  handler.ContextHandler (ContextHandler.java:doStop(910)) - Stopped o.e.j.s.ServletContextHandler@19bfbe28{/logs,file:///workdir/hadoop-ozone/integration-test/target/log,UNAVAILABLE}
2019-09-25 12:06:14,106 [ForkJoinPool.commonPool-worker-0] INFO  utils.BackgroundService (BackgroundService.java:shutdown(148)) - Shutting down service BlockDeletingService
2019-09-25 12:06:14,124 [ForkJoinPool.commonPool-worker-0] INFO  statemachine.DatanodeStateMachine (DatanodeStateMachine.java:stopDaemon(395)) - Ozone container server stopped.
2019-09-25 12:06:14,133 [ForkJoinPool.commonPool-worker-0] INFO  handler.ContextHandler (ContextHandler.java:doStop(910)) - Stopped o.e.j.w.WebAppContext@17134190{/,null,UNAVAILABLE}{/hddsDatanode}
2019-09-25 12:06:14,134 [ForkJoinPool.commonPool-worker-0] INFO  server.AbstractConnector (AbstractConnector.java:doStop(318)) - Stopped ServerConnector@7d8b66d9{HTTP/1.1,[http/1.1]}{0.0.0.0:0}
2019-09-25 12:06:14,137 [ForkJoinPool.commonPool-worker-0] INFO  handler.ContextHandler (ContextHandler.java:doStop(910)) - Stopped o.e.j.s.ServletContextHandler@1412682c{/static,jar:file:/home/user/.m2/repository/org/apache/hadoop/hadoop-hdds-container-service/0.5.0-SNAPSHOT/hadoop-hdds-container-service-0.5.0-SNAPSHOT.jar!/webapps/static,UNAVAILABLE}
2019-09-25 12:06:14,139 [ForkJoinPool.commonPool-worker-0] INFO  handler.ContextHandler (ContextHandler.java:doStop(910)) - Stopped o.e.j.s.ServletContextHandler@13d289c7{/logs,file:///workdir/hadoop-ozone/integration-test/target/log,UNAVAILABLE}
2019-09-25 12:06:14,322 [Datanode State Machine Thread - 0] INFO  statemachine.DatanodeStateMachine (DatanodeStateMachine.java:lambda$startDaemon$0(350)) - Ozone container server started.
2019-09-25 12:06:14,666 [Datanode State Machine Thread - 0] INFO  statemachine.DatanodeStateMachine (DatanodeStateMachine.java:lambda$startDaemon$0(350)) - Ozone container server started.
2019-09-25 12:06:18,330 [EventQueue-StaleNodeForStaleNodeHandler] INFO  node.StaleNodeHandler (StaleNodeHandler.java:onMessage(58)) - Datanode 2594d298-a87d-48a4-bedb-7d37d8f76d4c{ip: 192.168.151.73, host: pr-hdds-1569-shd4m-3693607622, networkLocation: /default-rack, certSerialId: null} moved to stale state. Finalizing its pipelines [PipelineID=33fcaed2-096c-46ae-ada5-23a03a915fca, PipelineID=a5cad66e-a22f-475b-9863-f81d0cd6008f, PipelineID=72271d49-5b69-48f7-a6a5-48751b4e3ae9, PipelineID=9048c37d-298a-4d7f-8f46-0a9821578a75, PipelineID=a6256e88-404a-4232-be31-2f5942151154, PipelineID=d2bfaa60-9167-4571-968a-843d0a6de7bc]
2019-09-25 12:06:18,330 [EventQueue-StaleNodeForStaleNodeHandler] INFO  pipeline.SCMPipelineManager (SCMPipelineManager.java:finalizeAndDestroyPipeline(316)) - destroying pipeline:Pipeline[ Id: 33fcaed2-096c-46ae-ada5-23a03a915fca, Nodes: 2594d298-a87d-48a4-bedb-7d37d8f76d4c{ip: 192.168.151.73, host: pr-hdds-1569-shd4m-3693607622, networkLocation: /default-rack, certSerialId: null}, Type:RATIS, Factor:ONE, State:OPEN]
2019-09-25 12:06:18,330 [EventQueue-StaleNodeForStaleNodeHandler] INFO  pipeline.PipelineStateManager (PipelineStateManager.java:finalizePipeline(123)) - Pipeline Pipeline[ Id: 33fcaed2-096c-46ae-ada5-23a03a915fca, Nodes: 2594d298-a87d-48a4-bedb-7d37d8f76d4c{ip: 192.168.151.73, host: pr-hdds-1569-shd4m-3693607622, networkLocation: /default-rack, certSerialId: null}, Type:RATIS, Factor:ONE, State:CLOSED] moved to CLOSED state
2019-09-25 12:06:18,331 [EventQueue-StaleNodeForStaleNodeHandler] INFO  pipeline.SCMPipelineManager (SCMPipelineManager.java:finalizeAndDestroyPipeline(316)) - destroying pipeline:Pipeline[ Id: a5cad66e-a22f-475b-9863-f81d0cd6008f, Nodes: 2594d298-a87d-48a4-bedb-7d37d8f76d4c{ip: 192.168.151.73, host: pr-hdds-1569-shd4m-3693607622, networkLocation: /default-rack, certSerialId: null}, Type:RATIS, Factor:ONE, State:OPEN]
2019-09-25 12:06:18,331 [EventQueue-StaleNodeForStaleNodeHandler] INFO  pipeline.PipelineStateManager (PipelineStateManager.java:finalizePipeline(123)) - Pipeline Pipeline[ Id: a5cad66e-a22f-475b-9863-f81d0cd6008f, Nodes: 2594d298-a87d-48a4-bedb-7d37d8f76d4c{ip: 192.168.151.73, host: pr-hdds-1569-shd4m-3693607622, networkLocation: /default-rack, certSerialId: null}, Type:RATIS, Factor:ONE, State:CLOSED] moved to CLOSED state
2019-09-25 12:06:18,331 [EventQueue-StaleNodeForStaleNodeHandler] INFO  pipeline.SCMPipelineManager (SCMPipelineManager.java:finalizeAndDestroyPipeline(316)) - destroying pipeline:Pipeline[ Id: 72271d49-5b69-48f7-a6a5-48751b4e3ae9, Nodes: 2594d298-a87d-48a4-bedb-7d37d8f76d4c{ip: 192.168.151.73, host: pr-hdds-1569-shd4m-3693607622, networkLocation: /default-rack, certSerialId: null}, Type:RATIS, Factor:ONE, State:OPEN]
2019-09-25 12:06:18,331 [EventQueue-StaleNodeForStaleNodeHandler] INFO  pipeline.PipelineStateManager (PipelineStateManager.java:finalizePipeline(123)) - Pipeline Pipeline[ Id: 72271d49-5b69-48f7-a6a5-48751b4e3ae9, Nodes: 2594d298-a87d-48a4-bedb-7d37d8f76d4c{ip: 192.168.151.73, host: pr-hdds-1569-shd4m-3693607622, networkLocation: /default-rack, certSerialId: null}, Type:RATIS, Factor:ONE, State:CLOSED] moved to CLOSED state
2019-09-25 12:06:18,331 [EventQueue-StaleNodeForStaleNodeHandler] INFO  pipeline.SCMPipelineManager (SCMPipelineManager.java:finalizeAndDestroyPipeline(316)) - destroying pipeline:Pipeline[ Id: 9048c37d-298a-4d7f-8f46-0a9821578a75, Nodes: 2594d298-a87d-48a4-bedb-7d37d8f76d4c{ip: 192.168.151.73, host: pr-hdds-1569-shd4m-3693607622, networkLocation: /default-rack, certSerialId: null}, Type:RATIS, Factor:ONE, State:OPEN]
2019-09-25 12:06:18,331 [EventQueue-StaleNodeForStaleNodeHandler] INFO  pipeline.PipelineStateManager (PipelineStateManager.java:finalizePipeline(123)) - Pipeline Pipeline[ Id: 9048c37d-298a-4d7f-8f46-0a9821578a75, Nodes: 2594d298-a87d-48a4-bedb-7d37d8f76d4c{ip: 192.168.151.73, host: pr-hdds-1569-shd4m-3693607622, networkLocation: /default-rack, certSerialId: null}, Type:RATIS, Factor:ONE, State:CLOSED] moved to CLOSED state
2019-09-25 12:06:18,332 [EventQueue-StaleNodeForStaleNodeHandler] INFO  pipeline.SCMPipelineManager (SCMPipelineManager.java:finalizeAndDestroyPipeline(316)) - destroying pipeline:Pipeline[ Id: a6256e88-404a-4232-be31-2f5942151154, Nodes: 2594d298-a87d-48a4-bedb-7d37d8f76d4c{ip: 192.168.151.73, host: pr-hdds-1569-shd4m-3693607622, networkLocation: /default-rack, certSerialId: null}, Type:RATIS, Factor:ONE, State:OPEN]
2019-09-25 12:06:18,332 [EventQueue-StaleNodeForStaleNodeHandler] INFO  pipeline.PipelineStateManager (PipelineStateManager.java:finalizePipeline(123)) - Pipeline Pipeline[ Id: a6256e88-404a-4232-be31-2f5942151154, Nodes: 2594d298-a87d-48a4-bedb-7d37d8f76d4c{ip: 192.168.151.73, host: pr-hdds-1569-shd4m-3693607622, networkLocation: /default-rack, certSerialId: null}, Type:RATIS, Factor:ONE, State:CLOSED] moved to CLOSED state
2019-09-25 12:06:18,332 [EventQueue-StaleNodeForStaleNodeHandler] INFO  pipeline.SCMPipelineManager (SCMPipelineManager.java:finalizeAndDestroyPipeline(316)) - destroying pipeline:Pipeline[ Id: d2bfaa60-9167-4571-968a-843d0a6de7bc, Nodes: 2594d298-a87d-48a4-bedb-7d37d8f76d4c{ip: 192.168.151.73, host: pr-hdds-1569-shd4m-3693607622, networkLocation: /default-rack, certSerialId: null}, Type:RATIS, Factor:ONE, State:OPEN]
2019-09-25 12:06:18,332 [EventQueue-StaleNodeForStaleNodeHandler] INFO  pipeline.PipelineStateManager (PipelineStateManager.java:finalizePipeline(123)) - Pipeline Pipeline[ Id: d2bfaa60-9167-4571-968a-843d0a6de7bc, Nodes: 2594d298-a87d-48a4-bedb-7d37d8f76d4c{ip: 192.168.151.73, host: pr-hdds-1569-shd4m-3693607622, networkLocation: /default-rack, certSerialId: null}, Type:RATIS, Factor:ONE, State:CLOSED] moved to CLOSED state
2019-09-25 12:06:18,730 [EventQueue-StaleNodeForStaleNodeHandler] INFO  node.StaleNodeHandler (StaleNodeHandler.java:onMessage(58)) - Datanode 159c7809-d8ec-4cf8-a31c-e2f384cc14d2{ip: 192.168.151.73, host: pr-hdds-1569-shd4m-3693607622, networkLocation: /default-rack, certSerialId: null} moved to stale state. Finalizing its pipelines [PipelineID=6618933e-d13f-4c45-8aba-07db10d4aead, PipelineID=2dab06fc-0fd9-40dd-9326-917edf206353, PipelineID=fb1871a0-1eef-4388-881f-a589f3dddadc, PipelineID=61734bce-cac1-4369-ae4d-a74500e63b31, PipelineID=7b23da87-660a-41e1-b81e-e4a98d1c683a, PipelineID=6fc25d08-0d76-44bb-b3dd-3c0fec3e1274]
2019-09-25 12:06:18,731 [EventQueue-StaleNodeForStaleNodeHandler] INFO  pipeline.SCMPipelineManager (SCMPipelineManager.java:finalizeAndDestroyPipeline(316)) - destroying pipeline:Pipeline[ Id: 6618933e-d13f-4c45-8aba-07db10d4aead, Nodes: 159c7809-d8ec-4cf8-a31c-e2f384cc14d2{ip: 192.168.151.73, host: pr-hdds-1569-shd4m-3693607622, networkLocation: /default-rack, certSerialId: null}, Type:RATIS, Factor:ONE, State:OPEN]
2019-09-25 12:06:18,731 [EventQueue-StaleNodeForStaleNodeHandler] INFO  pipeline.PipelineStateManager (PipelineStateManager.java:finalizePipeline(123)) - Pipeline Pipeline[ Id: 6618933e-d13f-4c45-8aba-07db10d4aead, Nodes: 159c7809-d8ec-4cf8-a31c-e2f384cc14d2{ip: 192.168.151.73, host: pr-hdds-1569-shd4m-3693607622, networkLocation: /default-rack, certSerialId: null}, Type:RATIS, Factor:ONE, State:CLOSED] moved to CLOSED state
2019-09-25 12:06:18,731 [EventQueue-StaleNodeForStaleNodeHandler] INFO  pipeline.SCMPipelineManager (SCMPipelineManager.java:finalizeAndDestroyPipeline(316)) - destroying pipeline:Pipeline[ Id: 2dab06fc-0fd9-40dd-9326-917edf206353, Nodes: 159c7809-d8ec-4cf8-a31c-e2f384cc14d2{ip: 192.168.151.73, host: pr-hdds-1569-shd4m-3693607622, networkLocation: /default-rack, certSerialId: null}, Type:RATIS, Factor:ONE, State:OPEN]
2019-09-25 12:06:18,732 [EventQueue-StaleNodeForStaleNodeHandler] INFO  pipeline.PipelineStateManager (PipelineStateManager.java:finalizePipeline(123)) - Pipeline Pipeline[ Id: 2dab06fc-0fd9-40dd-9326-917edf206353, Nodes: 159c7809-d8ec-4cf8-a31c-e2f384cc14d2{ip: 192.168.151.73, host: pr-hdds-1569-shd4m-3693607622, networkLocation: /default-rack, certSerialId: null}, Type:RATIS, Factor:ONE, State:CLOSED] moved to CLOSED state
2019-09-25 12:06:18,732 [EventQueue-StaleNodeForStaleNodeHandler] INFO  pipeline.SCMPipelineManager (SCMPipelineManager.java:finalizeAndDestroyPipeline(316)) - destroying pipeline:Pipeline[ Id: fb1871a0-1eef-4388-881f-a589f3dddadc, Nodes: 159c7809-d8ec-4cf8-a31c-e2f384cc14d2{ip: 192.168.151.73, host: pr-hdds-1569-shd4m-3693607622, networkLocation: /default-rack, certSerialId: null}, Type:RATIS, Factor:ONE, State:OPEN]
2019-09-25 12:06:18,732 [EventQueue-StaleNodeForStaleNodeHandler] INFO  pipeline.PipelineStateManager (PipelineStateManager.java:finalizePipeline(123)) - Pipeline Pipeline[ Id: fb1871a0-1eef-4388-881f-a589f3dddadc, Nodes: 159c7809-d8ec-4cf8-a31c-e2f384cc14d2{ip: 192.168.151.73, host: pr-hdds-1569-shd4m-3693607622, networkLocation: /default-rack, certSerialId: null}, Type:RATIS, Factor:ONE, State:CLOSED] moved to CLOSED state
2019-09-25 12:06:18,732 [EventQueue-StaleNodeForStaleNodeHandler] INFO  pipeline.SCMPipelineManager (SCMPipelineManager.java:finalizeAndDestroyPipeline(316)) - destroying pipeline:Pipeline[ Id: 61734bce-cac1-4369-ae4d-a74500e63b31, Nodes: 159c7809-d8ec-4cf8-a31c-e2f384cc14d2{ip: 192.168.151.73, host: pr-hdds-1569-shd4m-3693607622, networkLocation: /default-rack, certSerialId: null}, Type:RATIS, Factor:ONE, State:OPEN]
2019-09-25 12:06:18,733 [EventQueue-StaleNodeForStaleNodeHandler] INFO  pipeline.PipelineStateManager (PipelineStateManager.java:finalizePipeline(123)) - Pipeline Pipeline[ Id: 61734bce-cac1-4369-ae4d-a74500e63b31, Nodes: 159c7809-d8ec-4cf8-a31c-e2f384cc14d2{ip: 192.168.151.73, host: pr-hdds-1569-shd4m-3693607622, networkLocation: /default-rack, certSerialId: null}, Type:RATIS, Factor:ONE, State:CLOSED] moved to CLOSED state
2019-09-25 12:06:18,733 [EventQueue-StaleNodeForStaleNodeHandler] INFO  pipeline.SCMPipelineManager (SCMPipelineManager.java:finalizeAndDestroyPipeline(316)) - destroying pipeline:Pipeline[ Id: 7b23da87-660a-41e1-b81e-e4a98d1c683a, Nodes: 159c7809-d8ec-4cf8-a31c-e2f384cc14d2{ip: 192.168.151.73, host: pr-hdds-1569-shd4m-3693607622, networkLocation: /default-rack, certSerialId: null}, Type:RATIS, Factor:ONE, State:OPEN]
2019-09-25 12:06:18,733 [EventQueue-StaleNodeForStaleNodeHandler] INFO  pipeline.PipelineStateManager (PipelineStateManager.java:finalizePipeline(123)) - Pipeline Pipeline[ Id: 7b23da87-660a-41e1-b81e-e4a98d1c683a, Nodes: 159c7809-d8ec-4cf8-a31c-e2f384cc14d2{ip: 192.168.151.73, host: pr-hdds-1569-shd4m-3693607622, networkLocation: /default-rack, certSerialId: null}, Type:RATIS, Factor:ONE, State:CLOSED] moved to CLOSED state
2019-09-25 12:06:18,733 [EventQueue-StaleNodeForStaleNodeHandler] INFO  pipeline.SCMPipelineManager (SCMPipelineManager.java:finalizeAndDestroyPipeline(316)) - destroying pipeline:Pipeline[ Id: 6fc25d08-0d76-44bb-b3dd-3c0fec3e1274, Nodes: 159c7809-d8ec-4cf8-a31c-e2f384cc14d2{ip: 192.168.151.73, host: pr-hdds-1569-shd4m-3693607622, networkLocation: /default-rack, certSerialId: null}, Type:RATIS, Factor:ONE, State:OPEN]
2019-09-25 12:06:18,733 [EventQueue-StaleNodeForStaleNodeHandler] INFO  pipeline.PipelineStateManager (PipelineStateManager.java:finalizePipeline(123)) - Pipeline Pipeline[ Id: 6fc25d08-0d76-44bb-b3dd-3c0fec3e1274, Nodes: 159c7809-d8ec-4cf8-a31c-e2f384cc14d2{ip: 192.168.151.73, host: pr-hdds-1569-shd4m-3693607622, networkLocation: /default-rack, certSerialId: null}, Type:RATIS, Factor:ONE, State:CLOSED] moved to CLOSED state
2019-09-25 12:06:19,105 [main] INFO  ozoneimpl.OzoneContainer (OzoneContainer.java:stop(231)) - Attempting to stop container services.
2019-09-25 12:06:19,111 [main] INFO  impl.RaftServerProxy (RaftServerProxy.java:lambda$close$4(314)) - 2594d298-a87d-48a4-bedb-7d37d8f76d4c: close
2019-09-25 12:06:19,112 [main] INFO  impl.RaftServerImpl (RaftServerImpl.java:lambda$shutdown$3(251)) - 2594d298-a87d-48a4-bedb-7d37d8f76d4c@group-F81D0CD6008F: shutdown
2019-09-25 12:06:19,112 [main] INFO  util.JmxRegister (JmxRegister.java:unregister(73)) - Successfully un-registered JMX Bean with object name Ratis:service=RaftServer,group=group-F81D0CD6008F,id=2594d298-a87d-48a4-bedb-7d37d8f76d4c
2019-09-25 12:06:19,113 [main] INFO  impl.RoleInfo (RoleInfo.java:shutdownLeaderState(104)) - 2594d298-a87d-48a4-bedb-7d37d8f76d4c: shutdown LeaderState
2019-09-25 12:06:19,113 [main] INFO  impl.PendingRequests (PendingRequests.java:sendNotLeaderResponses(202)) - 2594d298-a87d-48a4-bedb-7d37d8f76d4c-PendingRequests: sendNotLeaderResponses
2019-09-25 12:06:19,114 [main] INFO  impl.StateMachineUpdater (StateMachineUpdater.java:stopAndJoin(125)) - 2594d298-a87d-48a4-bedb-7d37d8f76d4c@group-F81D0CD6008F-StateMachineUpdater: set stopIndex = 0
2019-09-25 12:06:19,114 [main] INFO  impl.RaftServerImpl (ServerState.java:close(385)) - 2594d298-a87d-48a4-bedb-7d37d8f76d4c@group-F81D0CD6008F: closes. applyIndex: 0
2019-09-25 12:06:19,115 [2594d298-a87d-48a4-bedb-7d37d8f76d4c@group-F81D0CD6008F-SegmentedRaftLogWorker] INFO  segmented.SegmentedRaftLogWorker (SegmentedRaftLogWorker.java:run(313)) - 2594d298-a87d-48a4-bedb-7d37d8f76d4c@group-F81D0CD6008F-SegmentedRaftLogWorker was interrupted, exiting. There are 0 tasks remaining in the queue.
2019-09-25 12:06:19,115 [main] INFO  segmented.SegmentedRaftLogWorker (SegmentedRaftLogWorker.java:close(228)) - 2594d298-a87d-48a4-bedb-7d37d8f76d4c@group-F81D0CD6008F-SegmentedRaftLogWorker close()
2019-09-25 12:06:19,116 [main] INFO  impl.RaftServerImpl (RaftServerImpl.java:lambda$shutdown$3(251)) - 2594d298-a87d-48a4-bedb-7d37d8f76d4c@group-48751B4E3AE9: shutdown
2019-09-25 12:06:19,116 [main] INFO  util.JmxRegister (JmxRegister.java:unregister(73)) - Successfully un-registered JMX Bean with object name Ratis:service=RaftServer,group=group-48751B4E3AE9,id=2594d298-a87d-48a4-bedb-7d37d8f76d4c
2019-09-25 12:06:19,117 [main] INFO  impl.RoleInfo (RoleInfo.java:shutdownLeaderState(104)) - 2594d298-a87d-48a4-bedb-7d37d8f76d4c: shutdown LeaderState
2019-09-25 12:06:19,117 [main] INFO  impl.PendingRequests (PendingRequests.java:sendNotLeaderResponses(202)) - 2594d298-a87d-48a4-bedb-7d37d8f76d4c-PendingRequests: sendNotLeaderResponses
2019-09-25 12:06:19,118 [main] INFO  impl.StateMachineUpdater (StateMachineUpdater.java:stopAndJoin(125)) - 2594d298-a87d-48a4-bedb-7d37d8f76d4c@group-48751B4E3AE9-StateMachineUpdater: set stopIndex = 0
2019-09-25 12:06:19,118 [main] INFO  impl.RaftServerImpl (ServerState.java:close(385)) - 2594d298-a87d-48a4-bedb-7d37d8f76d4c@group-48751B4E3AE9: closes. applyIndex: 0
2019-09-25 12:06:19,119 [2594d298-a87d-48a4-bedb-7d37d8f76d4c@group-48751B4E3AE9-SegmentedRaftLogWorker] INFO  segmented.SegmentedRaftLogWorker (SegmentedRaftLogWorker.java:run(313)) - 2594d298-a87d-48a4-bedb-7d37d8f76d4c@group-48751B4E3AE9-SegmentedRaftLogWorker was interrupted, exiting. There are 0 tasks remaining in the queue.
2019-09-25 12:06:19,119 [main] INFO  segmented.SegmentedRaftLogWorker (SegmentedRaftLogWorker.java:close(228)) - 2594d298-a87d-48a4-bedb-7d37d8f76d4c@group-48751B4E3AE9-SegmentedRaftLogWorker close()
2019-09-25 12:06:19,120 [main] INFO  impl.RaftServerImpl (RaftServerImpl.java:lambda$shutdown$3(251)) - 2594d298-a87d-48a4-bedb-7d37d8f76d4c@group-23A03A915FCA: shutdown
2019-09-25 12:06:19,121 [main] INFO  util.JmxRegister (JmxRegister.java:unregister(73)) - Successfully un-registered JMX Bean with object name Ratis:service=RaftServer,group=group-23A03A915FCA,id=2594d298-a87d-48a4-bedb-7d37d8f76d4c
2019-09-25 12:06:19,121 [main] INFO  impl.RoleInfo (RoleInfo.java:shutdownLeaderState(104)) - 2594d298-a87d-48a4-bedb-7d37d8f76d4c: shutdown LeaderState
2019-09-25 12:06:19,122 [main] INFO  impl.PendingRequests (PendingRequests.java:sendNotLeaderResponses(202)) - 2594d298-a87d-48a4-bedb-7d37d8f76d4c-PendingRequests: sendNotLeaderResponses
2019-09-25 12:06:19,122 [main] INFO  impl.StateMachineUpdater (StateMachineUpdater.java:stopAndJoin(125)) - 2594d298-a87d-48a4-bedb-7d37d8f76d4c@group-23A03A915FCA-StateMachineUpdater: set stopIndex = 0
2019-09-25 12:06:19,123 [main] INFO  impl.RaftServerImpl (ServerState.java:close(385)) - 2594d298-a87d-48a4-bedb-7d37d8f76d4c@group-23A03A915FCA: closes. applyIndex: 0
2019-09-25 12:06:19,124 [2594d298-a87d-48a4-bedb-7d37d8f76d4c@group-23A03A915FCA-SegmentedRaftLogWorker] INFO  segmented.SegmentedRaftLogWorker (SegmentedRaftLogWorker.java:run(313)) - 2594d298-a87d-48a4-bedb-7d37d8f76d4c@group-23A03A915FCA-SegmentedRaftLogWorker was interrupted, exiting. There are 0 tasks remaining in the queue.
2019-09-25 12:06:19,124 [main] INFO  segmented.SegmentedRaftLogWorker (SegmentedRaftLogWorker.java:close(228)) - 2594d298-a87d-48a4-bedb-7d37d8f76d4c@group-23A03A915FCA-SegmentedRaftLogWorker close()
2019-09-25 12:06:19,125 [main] INFO  impl.RaftServerImpl (RaftServerImpl.java:lambda$shutdown$3(251)) - 2594d298-a87d-48a4-bedb-7d37d8f76d4c@group-0A9821578A75: shutdown
2019-09-25 12:06:19,125 [main] INFO  util.JmxRegister (JmxRegister.java:unregister(73)) - Successfully un-registered JMX Bean with object name Ratis:service=RaftServer,group=group-0A9821578A75,id=2594d298-a87d-48a4-bedb-7d37d8f76d4c
2019-09-25 12:06:19,126 [main] INFO  impl.RoleInfo (RoleInfo.java:shutdownLeaderState(104)) - 2594d298-a87d-48a4-bedb-7d37d8f76d4c: shutdown LeaderState
2019-09-25 12:06:19,127 [main] INFO  impl.PendingRequests (PendingRequests.java:sendNotLeaderResponses(202)) - 2594d298-a87d-48a4-bedb-7d37d8f76d4c-PendingRequests: sendNotLeaderResponses
2019-09-25 12:06:19,127 [main] INFO  impl.StateMachineUpdater (StateMachineUpdater.java:stopAndJoin(125)) - 2594d298-a87d-48a4-bedb-7d37d8f76d4c@group-0A9821578A75-StateMachineUpdater: set stopIndex = 0
2019-09-25 12:06:19,128 [main] INFO  impl.RaftServerImpl (ServerState.java:close(385)) - 2594d298-a87d-48a4-bedb-7d37d8f76d4c@group-0A9821578A75: closes. applyIndex: 0
2019-09-25 12:06:19,129 [2594d298-a87d-48a4-bedb-7d37d8f76d4c@group-0A9821578A75-SegmentedRaftLogWorker] INFO  segmented.SegmentedRaftLogWorker (SegmentedRaftLogWorker.java:run(313)) - 2594d298-a87d-48a4-bedb-7d37d8f76d4c@group-0A9821578A75-SegmentedRaftLogWorker was interrupted, exiting. There are 0 tasks remaining in the queue.
2019-09-25 12:06:19,129 [main] INFO  segmented.SegmentedRaftLogWorker (SegmentedRaftLogWorker.java:close(228)) - 2594d298-a87d-48a4-bedb-7d37d8f76d4c@group-0A9821578A75-SegmentedRaftLogWorker close()
2019-09-25 12:06:19,130 [main] INFO  impl.RaftServerImpl (RaftServerImpl.java:lambda$shutdown$3(251)) - 2594d298-a87d-48a4-bedb-7d37d8f76d4c@group-2F5942151154: shutdown
2019-09-25 12:06:19,130 [main] INFO  util.JmxRegister (JmxRegister.java:unregister(73)) - Successfully un-registered JMX Bean with object name Ratis:service=RaftServer,group=group-2F5942151154,id=2594d298-a87d-48a4-bedb-7d37d8f76d4c
2019-09-25 12:06:19,131 [main] INFO  impl.RoleInfo (RoleInfo.java:shutdownLeaderState(104)) - 2594d298-a87d-48a4-bedb-7d37d8f76d4c: shutdown LeaderState
2019-09-25 12:06:19,132 [main] INFO  impl.PendingRequests (PendingRequests.java:sendNotLeaderResponses(202)) - 2594d298-a87d-48a4-bedb-7d37d8f76d4c-PendingRequests: sendNotLeaderResponses
2019-09-25 12:06:19,132 [main] INFO  impl.StateMachineUpdater (StateMachineUpdater.java:stopAndJoin(125)) - 2594d298-a87d-48a4-bedb-7d37d8f76d4c@group-2F5942151154-StateMachineUpdater: set stopIndex = 0
2019-09-25 12:06:19,133 [main] INFO  impl.RaftServerImpl (ServerState.java:close(385)) - 2594d298-a87d-48a4-bedb-7d37d8f76d4c@group-2F5942151154: closes. applyIndex: 0
2019-09-25 12:06:19,134 [2594d298-a87d-48a4-bedb-7d37d8f76d4c@group-2F5942151154-SegmentedRaftLogWorker] INFO  segmented.SegmentedRaftLogWorker (SegmentedRaftLogWorker.java:run(313)) - 2594d298-a87d-48a4-bedb-7d37d8f76d4c@group-2F5942151154-SegmentedRaftLogWorker was interrupted, exiting. There are 0 tasks remaining in the queue.
2019-09-25 12:06:19,134 [main] INFO  segmented.SegmentedRaftLogWorker (SegmentedRaftLogWorker.java:close(228)) - 2594d298-a87d-48a4-bedb-7d37d8f76d4c@group-2F5942151154-SegmentedRaftLogWorker close()
2019-09-25 12:06:19,135 [main] INFO  impl.RaftServerImpl (RaftServerImpl.java:lambda$shutdown$3(251)) - 2594d298-a87d-48a4-bedb-7d37d8f76d4c@group-843D0A6DE7BC: shutdown
2019-09-25 12:06:19,135 [main] INFO  util.JmxRegister (JmxRegister.java:unregister(73)) - Successfully un-registered JMX Bean with object name Ratis:service=RaftServer,group=group-843D0A6DE7BC,id=2594d298-a87d-48a4-bedb-7d37d8f76d4c
2019-09-25 12:06:19,136 [main] INFO  impl.RoleInfo (RoleInfo.java:shutdownLeaderState(104)) - 2594d298-a87d-48a4-bedb-7d37d8f76d4c: shutdown LeaderState
2019-09-25 12:06:19,136 [main] INFO  impl.PendingRequests (PendingRequests.java:sendNotLeaderResponses(202)) - 2594d298-a87d-48a4-bedb-7d37d8f76d4c-PendingRequests: sendNotLeaderResponses
2019-09-25 12:06:19,137 [main] INFO  impl.StateMachineUpdater (StateMachineUpdater.java:stopAndJoin(125)) - 2594d298-a87d-48a4-bedb-7d37d8f76d4c@group-843D0A6DE7BC-StateMachineUpdater: set stopIndex = 0
2019-09-25 12:06:19,138 [main] INFO  impl.RaftServerImpl (ServerState.java:close(385)) - 2594d298-a87d-48a4-bedb-7d37d8f76d4c@group-843D0A6DE7BC: closes. applyIndex: 0
2019-09-25 12:06:19,138 [2594d298-a87d-48a4-bedb-7d37d8f76d4c@group-843D0A6DE7BC-SegmentedRaftLogWorker] INFO  segmented.SegmentedRaftLogWorker (SegmentedRaftLogWorker.java:run(313)) - 2594d298-a87d-48a4-bedb-7d37d8f76d4c@group-843D0A6DE7BC-SegmentedRaftLogWorker was interrupted, exiting. There are 0 tasks remaining in the queue.
2019-09-25 12:06:19,139 [main] INFO  segmented.SegmentedRaftLogWorker (SegmentedRaftLogWorker.java:close(228)) - 2594d298-a87d-48a4-bedb-7d37d8f76d4c@group-843D0A6DE7BC-SegmentedRaftLogWorker close()
2019-09-25 12:06:19,139 [main] INFO  server.GrpcService (GrpcService.java:closeImpl(164)) - 2594d298-a87d-48a4-bedb-7d37d8f76d4c: shutdown server with port 46535 now
2019-09-25 12:06:19,162 [main] INFO  server.GrpcService (GrpcService.java:closeImpl(172)) - 2594d298-a87d-48a4-bedb-7d37d8f76d4c: shutdown server with port 46535 successfully
2019-09-25 12:06:19,162 [ForkJoinPool.commonPool-worker-0] INFO  ozoneimpl.OzoneContainer (OzoneContainer.java:stop(231)) - Attempting to stop container services.
2019-09-25 12:06:19,167 [ForkJoinPool.commonPool-worker-0] INFO  impl.RaftServerProxy (RaftServerProxy.java:lambda$close$4(314)) - 159c7809-d8ec-4cf8-a31c-e2f384cc14d2: close
2019-09-25 12:06:19,169 [ForkJoinPool.commonPool-worker-0] INFO  impl.RaftServerImpl (RaftServerImpl.java:lambda$shutdown$3(251)) - 159c7809-d8ec-4cf8-a31c-e2f384cc14d2@group-07DB10D4AEAD: shutdown
2019-09-25 12:06:19,169 [ForkJoinPool.commonPool-worker-0] INFO  util.JmxRegister (JmxRegister.java:unregister(73)) - Successfully un-registered JMX Bean with object name Ratis:service=RaftServer,group=group-07DB10D4AEAD,id=159c7809-d8ec-4cf8-a31c-e2f384cc14d2
2019-09-25 12:06:19,170 [ForkJoinPool.commonPool-worker-0] INFO  impl.RoleInfo (RoleInfo.java:shutdownLeaderState(104)) - 159c7809-d8ec-4cf8-a31c-e2f384cc14d2: shutdown LeaderState
2019-09-25 12:06:19,170 [ForkJoinPool.commonPool-worker-0] INFO  impl.PendingRequests (PendingRequests.java:sendNotLeaderResponses(202)) - 159c7809-d8ec-4cf8-a31c-e2f384cc14d2-PendingRequests: sendNotLeaderResponses
2019-09-25 12:06:19,170 [ForkJoinPool.commonPool-worker-0] INFO  impl.StateMachineUpdater (StateMachineUpdater.java:stopAndJoin(125)) - 159c7809-d8ec-4cf8-a31c-e2f384cc14d2@group-07DB10D4AEAD-StateMachineUpdater: set stopIndex = 0
2019-09-25 12:06:19,171 [refreshUsed-/workdir/hadoop-ozone/integration-test/target/test-dir/MiniOzoneClusterImpl-757e75c3-29a2-41d1-adb4-db6d7805a8c7/datanode-6/data/containers] WARN  fs.CachingGetSpaceUsed (CachingGetSpaceUsed.java:run(183)) - Thread Interrupted waiting to refresh disk information: sleep interrupted
2019-09-25 12:06:19,171 [ForkJoinPool.commonPool-worker-0] INFO  impl.RaftServerImpl (ServerState.java:close(385)) - 159c7809-d8ec-4cf8-a31c-e2f384cc14d2@group-07DB10D4AEAD: closes. applyIndex: 0
2019-09-25 12:06:19,171 [159c7809-d8ec-4cf8-a31c-e2f384cc14d2@group-07DB10D4AEAD-SegmentedRaftLogWorker] INFO  segmented.SegmentedRaftLogWorker (SegmentedRaftLogWorker.java:run(313)) - 159c7809-d8ec-4cf8-a31c-e2f384cc14d2@group-07DB10D4AEAD-SegmentedRaftLogWorker was interrupted, exiting. There are 0 tasks remaining in the queue.
2019-09-25 12:06:19,172 [ForkJoinPool.commonPool-worker-0] INFO  segmented.SegmentedRaftLogWorker (SegmentedRaftLogWorker.java:close(228)) - 159c7809-d8ec-4cf8-a31c-e2f384cc14d2@group-07DB10D4AEAD-SegmentedRaftLogWorker close()
2019-09-25 12:06:19,172 [ForkJoinPool.commonPool-worker-0] INFO  impl.RaftServerImpl (RaftServerImpl.java:lambda$shutdown$3(251)) - 159c7809-d8ec-4cf8-a31c-e2f384cc14d2@group-917EDF206353: shutdown
2019-09-25 12:06:19,172 [ForkJoinPool.commonPool-worker-0] INFO  util.JmxRegister (JmxRegister.java:unregister(73)) - Successfully un-registered JMX Bean with object name Ratis:service=RaftServer,group=group-917EDF206353,id=159c7809-d8ec-4cf8-a31c-e2f384cc14d2
2019-09-25 12:06:19,172 [ForkJoinPool.commonPool-worker-0] INFO  impl.RoleInfo (RoleInfo.java:shutdownLeaderState(104)) - 159c7809-d8ec-4cf8-a31c-e2f384cc14d2: shutdown LeaderState
2019-09-25 12:06:19,173 [ForkJoinPool.commonPool-worker-0] INFO  impl.PendingRequests (PendingRequests.java:sendNotLeaderResponses(202)) - 159c7809-d8ec-4cf8-a31c-e2f384cc14d2-PendingRequests: sendNotLeaderResponses
2019-09-25 12:06:19,173 [ForkJoinPool.commonPool-worker-0] INFO  impl.StateMachineUpdater (StateMachineUpdater.java:stopAndJoin(125)) - 159c7809-d8ec-4cf8-a31c-e2f384cc14d2@group-917EDF206353-StateMachineUpdater: set stopIndex = 0
2019-09-25 12:06:19,173 [ForkJoinPool.commonPool-worker-0] INFO  impl.RaftServerImpl (ServerState.java:close(385)) - 159c7809-d8ec-4cf8-a31c-e2f384cc14d2@group-917EDF206353: closes. applyIndex: 0
2019-09-25 12:06:19,174 [159c7809-d8ec-4cf8-a31c-e2f384cc14d2@group-917EDF206353-SegmentedRaftLogWorker] INFO  segmented.SegmentedRaftLogWorker (SegmentedRaftLogWorker.java:run(313)) - 159c7809-d8ec-4cf8-a31c-e2f384cc14d2@group-917EDF206353-SegmentedRaftLogWorker was interrupted, exiting. There are 0 tasks remaining in the queue.
2019-09-25 12:06:19,174 [ForkJoinPool.commonPool-worker-0] INFO  segmented.SegmentedRaftLogWorker (SegmentedRaftLogWorker.java:close(228)) - 159c7809-d8ec-4cf8-a31c-e2f384cc14d2@group-917EDF206353-SegmentedRaftLogWorker close()
2019-09-25 12:06:19,174 [ForkJoinPool.commonPool-worker-0] INFO  impl.RaftServerImpl (RaftServerImpl.java:lambda$shutdown$3(251)) - 159c7809-d8ec-4cf8-a31c-e2f384cc14d2@group-A589F3DDDADC: shutdown
2019-09-25 12:06:19,174 [ForkJoinPool.commonPool-worker-0] INFO  util.JmxRegister (JmxRegister.java:unregister(73)) - Successfully un-registered JMX Bean with object name Ratis:service=RaftServer,group=group-A589F3DDDADC,id=159c7809-d8ec-4cf8-a31c-e2f384cc14d2
2019-09-25 12:06:19,175 [ForkJoinPool.commonPool-worker-0] INFO  impl.RoleInfo (RoleInfo.java:shutdownLeaderState(104)) - 159c7809-d8ec-4cf8-a31c-e2f384cc14d2: shutdown LeaderState
2019-09-25 12:06:19,175 [ForkJoinPool.commonPool-worker-0] INFO  impl.PendingRequests (PendingRequests.java:sendNotLeaderResponses(202)) - 159c7809-d8ec-4cf8-a31c-e2f384cc14d2-PendingRequests: sendNotLeaderResponses
2019-09-25 12:06:19,175 [ForkJoinPool.commonPool-worker-0] INFO  impl.StateMachineUpdater (StateMachineUpdater.java:stopAndJoin(125)) - 159c7809-d8ec-4cf8-a31c-e2f384cc14d2@group-A589F3DDDADC-StateMachineUpdater: set stopIndex = 0
2019-09-25 12:06:19,175 [ForkJoinPool.commonPool-worker-0] INFO  impl.RaftServerImpl (ServerState.java:close(385)) - 159c7809-d8ec-4cf8-a31c-e2f384cc14d2@group-A589F3DDDADC: closes. applyIndex: 0
2019-09-25 12:06:19,176 [159c7809-d8ec-4cf8-a31c-e2f384cc14d2@group-A589F3DDDADC-SegmentedRaftLogWorker] INFO  segmented.SegmentedRaftLogWorker (SegmentedRaftLogWorker.java:run(313)) - 159c7809-d8ec-4cf8-a31c-e2f384cc14d2@group-A589F3DDDADC-SegmentedRaftLogWorker was interrupted, exiting. There are 0 tasks remaining in the queue.
2019-09-25 12:06:19,176 [ForkJoinPool.commonPool-worker-0] INFO  segmented.SegmentedRaftLogWorker (SegmentedRaftLogWorker.java:close(228)) - 159c7809-d8ec-4cf8-a31c-e2f384cc14d2@group-A589F3DDDADC-SegmentedRaftLogWorker close()
2019-09-25 12:06:19,176 [ForkJoinPool.commonPool-worker-0] INFO  impl.RaftServerImpl (RaftServerImpl.java:lambda$shutdown$3(251)) - 159c7809-d8ec-4cf8-a31c-e2f384cc14d2@group-A74500E63B31: shutdown
2019-09-25 12:06:19,177 [ForkJoinPool.commonPool-worker-0] INFO  util.JmxRegister (JmxRegister.java:unregister(73)) - Successfully un-registered JMX Bean with object name Ratis:service=RaftServer,group=group-A74500E63B31,id=159c7809-d8ec-4cf8-a31c-e2f384cc14d2
2019-09-25 12:06:19,177 [ForkJoinPool.commonPool-worker-0] INFO  impl.RoleInfo (RoleInfo.java:shutdownLeaderState(104)) - 159c7809-d8ec-4cf8-a31c-e2f384cc14d2: shutdown LeaderState
2019-09-25 12:06:19,177 [ForkJoinPool.commonPool-worker-0] INFO  impl.PendingRequests (PendingRequests.java:sendNotLeaderResponses(202)) - 159c7809-d8ec-4cf8-a31c-e2f384cc14d2-PendingRequests: sendNotLeaderResponses
2019-09-25 12:06:19,177 [ForkJoinPool.commonPool-worker-0] INFO  impl.StateMachineUpdater (StateMachineUpdater.java:stopAndJoin(125)) - 159c7809-d8ec-4cf8-a31c-e2f384cc14d2@group-A74500E63B31-StateMachineUpdater: set stopIndex = 0
2019-09-25 12:06:19,178 [ForkJoinPool.commonPool-worker-0] INFO  impl.RaftServerImpl (ServerState.java:close(385)) - 159c7809-d8ec-4cf8-a31c-e2f384cc14d2@group-A74500E63B31: closes. applyIndex: 0
2019-09-25 12:06:19,178 [159c7809-d8ec-4cf8-a31c-e2f384cc14d2@group-A74500E63B31-SegmentedRaftLogWorker] INFO  segmented.SegmentedRaftLogWorker (SegmentedRaftLogWorker.java:run(313)) - 159c7809-d8ec-4cf8-a31c-e2f384cc14d2@group-A74500E63B31-SegmentedRaftLogWorker was interrupted, exiting. There are 0 tasks remaining in the queue.
2019-09-25 12:06:19,178 [ForkJoinPool.commonPool-worker-0] INFO  segmented.SegmentedRaftLogWorker (SegmentedRaftLogWorker.java:close(228)) - 159c7809-d8ec-4cf8-a31c-e2f384cc14d2@group-A74500E63B31-SegmentedRaftLogWorker close()
2019-09-25 12:06:19,178 [ForkJoinPool.commonPool-worker-0] INFO  impl.RaftServerImpl (RaftServerImpl.java:lambda$shutdown$3(251)) - 159c7809-d8ec-4cf8-a31c-e2f384cc14d2@group-E4A98D1C683A: shutdown
2019-09-25 12:06:19,179 [ForkJoinPool.commonPool-worker-0] INFO  util.JmxRegister (JmxRegister.java:unregister(73)) - Successfully un-registered JMX Bean with object name Ratis:service=RaftServer,group=group-E4A98D1C683A,id=159c7809-d8ec-4cf8-a31c-e2f384cc14d2
2019-09-25 12:06:19,179 [ForkJoinPool.commonPool-worker-0] INFO  impl.RoleInfo (RoleInfo.java:shutdownLeaderState(104)) - 159c7809-d8ec-4cf8-a31c-e2f384cc14d2: shutdown LeaderState
2019-09-25 12:06:19,179 [ForkJoinPool.commonPool-worker-0] INFO  impl.PendingRequests (PendingRequests.java:sendNotLeaderResponses(202)) - 159c7809-d8ec-4cf8-a31c-e2f384cc14d2-PendingRequests: sendNotLeaderResponses
2019-09-25 12:06:19,179 [ForkJoinPool.commonPool-worker-0] INFO  impl.StateMachineUpdater (StateMachineUpdater.java:stopAndJoin(125)) - 159c7809-d8ec-4cf8-a31c-e2f384cc14d2@group-E4A98D1C683A-StateMachineUpdater: set stopIndex = 0
2019-09-25 12:06:19,180 [ForkJoinPool.commonPool-worker-0] INFO  impl.RaftServerImpl (ServerState.java:close(385)) - 159c7809-d8ec-4cf8-a31c-e2f384cc14d2@group-E4A98D1C683A: closes. applyIndex: 0
2019-09-25 12:06:19,180 [159c7809-d8ec-4cf8-a31c-e2f384cc14d2@group-E4A98D1C683A-SegmentedRaftLogWorker] INFO  segmented.SegmentedRaftLogWorker (SegmentedRaftLogWorker.java:run(313)) - 159c7809-d8ec-4cf8-a31c-e2f384cc14d2@group-E4A98D1C683A-SegmentedRaftLogWorker was interrupted, exiting. There are 0 tasks remaining in the queue.
2019-09-25 12:06:19,180 [ForkJoinPool.commonPool-worker-0] INFO  segmented.SegmentedRaftLogWorker (SegmentedRaftLogWorker.java:close(228)) - 159c7809-d8ec-4cf8-a31c-e2f384cc14d2@group-E4A98D1C683A-SegmentedRaftLogWorker close()
2019-09-25 12:06:19,181 [ForkJoinPool.commonPool-worker-0] INFO  impl.RaftServerImpl (RaftServerImpl.java:lambda$shutdown$3(251)) - 159c7809-d8ec-4cf8-a31c-e2f384cc14d2@group-3C0FEC3E1274: shutdown
2019-09-25 12:06:19,181 [ForkJoinPool.commonPool-worker-0] INFO  util.JmxRegister (JmxRegister.java:unregister(73)) - Successfully un-registered JMX Bean with object name Ratis:service=RaftServer,group=group-3C0FEC3E1274,id=159c7809-d8ec-4cf8-a31c-e2f384cc14d2
2019-09-25 12:06:19,181 [ForkJoinPool.commonPool-worker-0] INFO  impl.RoleInfo (RoleInfo.java:shutdownLeaderState(104)) - 159c7809-d8ec-4cf8-a31c-e2f384cc14d2: shutdown LeaderState
2019-09-25 12:06:19,181 [ForkJoinPool.commonPool-worker-0] INFO  impl.PendingRequests (PendingRequests.java:sendNotLeaderResponses(202)) - 159c7809-d8ec-4cf8-a31c-e2f384cc14d2-PendingRequests: sendNotLeaderResponses
2019-09-25 12:06:19,182 [ForkJoinPool.commonPool-worker-0] INFO  impl.StateMachineUpdater (StateMachineUpdater.java:stopAndJoin(125)) - 159c7809-d8ec-4cf8-a31c-e2f384cc14d2@group-3C0FEC3E1274-StateMachineUpdater: set stopIndex = 0
2019-09-25 12:06:19,182 [ForkJoinPool.commonPool-worker-0] INFO  impl.RaftServerImpl (ServerState.java:close(385)) - 159c7809-d8ec-4cf8-a31c-e2f384cc14d2@group-3C0FEC3E1274: closes. applyIndex: 0
2019-09-25 12:06:19,182 [159c7809-d8ec-4cf8-a31c-e2f384cc14d2@group-3C0FEC3E1274-SegmentedRaftLogWorker] INFO  segmented.SegmentedRaftLogWorker (SegmentedRaftLogWorker.java:run(313)) - 159c7809-d8ec-4cf8-a31c-e2f384cc14d2@group-3C0FEC3E1274-SegmentedRaftLogWorker was interrupted, exiting. There are 0 tasks remaining in the queue.
2019-09-25 12:06:19,182 [ForkJoinPool.commonPool-worker-0] INFO  segmented.SegmentedRaftLogWorker (SegmentedRaftLogWorker.java:close(228)) - 159c7809-d8ec-4cf8-a31c-e2f384cc14d2@group-3C0FEC3E1274-SegmentedRaftLogWorker close()
2019-09-25 12:06:19,183 [ForkJoinPool.commonPool-worker-0] INFO  server.GrpcService (GrpcService.java:closeImpl(164)) - 159c7809-d8ec-4cf8-a31c-e2f384cc14d2: shutdown server with port 46254 now
2019-09-25 12:06:19,183 [ForkJoinPool.commonPool-worker-0] INFO  server.GrpcService (GrpcService.java:closeImpl(172)) - 159c7809-d8ec-4cf8-a31c-e2f384cc14d2: shutdown server with port 46254 successfully
2019-09-25 12:06:19,186 [refreshUsed-/workdir/hadoop-ozone/integration-test/target/test-dir/MiniOzoneClusterImpl-757e75c3-29a2-41d1-adb4-db6d7805a8c7/datanode-0/data/containers] WARN  fs.CachingGetSpaceUsed (CachingGetSpaceUsed.java:run(183)) - Thread Interrupted waiting to refresh disk information: sleep interrupted
2019-09-25 12:06:19,186 [main] INFO  utils.BackgroundService (BackgroundService.java:shutdown(148)) - Shutting down service BlockDeletingService
2019-09-25 12:06:19,193 [main] INFO  statemachine.DatanodeStateMachine (DatanodeStateMachine.java:stopDaemon(395)) - Ozone container server stopped.
2019-09-25 12:06:19,194 [main] INFO  handler.ContextHandler (ContextHandler.java:doStop(910)) - Stopped o.e.j.w.WebAppContext@2353354a{/,null,UNAVAILABLE}{/hddsDatanode}
2019-09-25 12:06:19,196 [main] INFO  server.AbstractConnector (AbstractConnector.java:doStop(318)) - Stopped ServerConnector@7c7ed72a{HTTP/1.1,[http/1.1]}{0.0.0.0:0}
2019-09-25 12:06:19,197 [main] INFO  handler.ContextHandler (ContextHandler.java:doStop(910)) - Stopped o.e.j.s.ServletContextHandler@7bc2ae16{/static,jar:file:/home/user/.m2/repository/org/apache/hadoop/hadoop-hdds-container-service/0.5.0-SNAPSHOT/hadoop-hdds-container-service-0.5.0-SNAPSHOT.jar!/webapps/static,UNAVAILABLE}
2019-09-25 12:06:19,197 [main] INFO  handler.ContextHandler (ContextHandler.java:doStop(910)) - Stopped o.e.j.s.ServletContextHandler@bfb93cf{/logs,file:///workdir/hadoop-ozone/integration-test/target/log,UNAVAILABLE}
2019-09-25 12:06:19,212 [ForkJoinPool.commonPool-worker-0] INFO  utils.BackgroundService (BackgroundService.java:shutdown(148)) - Shutting down service BlockDeletingService
2019-09-25 12:06:19,230 [ForkJoinPool.commonPool-worker-0] INFO  statemachine.DatanodeStateMachine (DatanodeStateMachine.java:stopDaemon(395)) - Ozone container server stopped.
2019-09-25 12:06:19,246 [ForkJoinPool.commonPool-worker-0] INFO  handler.ContextHandler (ContextHandler.java:doStop(910)) - Stopped o.e.j.w.WebAppContext@65859b44{/,null,UNAVAILABLE}{/hddsDatanode}
2019-09-25 12:06:19,247 [ForkJoinPool.commonPool-worker-0] INFO  server.AbstractConnector (AbstractConnector.java:doStop(318)) - Stopped ServerConnector@d9f5fce{HTTP/1.1,[http/1.1]}{0.0.0.0:0}
2019-09-25 12:06:19,249 [ForkJoinPool.commonPool-worker-0] INFO  handler.ContextHandler (ContextHandler.java:doStop(910)) - Stopped o.e.j.s.ServletContextHandler@4c5406b{/static,jar:file:/home/user/.m2/repository/org/apache/hadoop/hadoop-hdds-container-service/0.5.0-SNAPSHOT/hadoop-hdds-container-service-0.5.0-SNAPSHOT.jar!/webapps/static,UNAVAILABLE}
2019-09-25 12:06:19,251 [ForkJoinPool.commonPool-worker-0] INFO  handler.ContextHandler (ContextHandler.java:doStop(910)) - Stopped o.e.j.s.ServletContextHandler@641ed324{/logs,file:///workdir/hadoop-ozone/integration-test/target/log,UNAVAILABLE}
2019-09-25 12:06:19,323 [Datanode State Machine Thread - 0] INFO  statemachine.DatanodeStateMachine (DatanodeStateMachine.java:lambda$startDaemon$0(350)) - Ozone container server started.
2019-09-25 12:06:23,344 [EventQueue-StaleNodeForStaleNodeHandler] INFO  node.StaleNodeHandler (StaleNodeHandler.java:onMessage(58)) - Datanode 50493258-76a6-47fc-92c1-a180d5b1121a{ip: 192.168.151.73, host: pr-hdds-1569-shd4m-3693607622, networkLocation: /default-rack, certSerialId: null} moved to stale state. Finalizing its pipelines [PipelineID=cc904481-b4ef-4e72-9389-b5b9ec7173bd, PipelineID=97b0de8a-6aa5-462e-b648-de5d9ae95f7e, PipelineID=2e28dcdb-3fbb-467a-8855-eb893d903f46, PipelineID=1129f765-1cf6-4bd1-ac56-42f2fe33d741, PipelineID=ecaca113-a018-4acc-bc61-d44b1458f5b4, PipelineID=4165f47d-82ec-47e0-9eee-069e06021009]
2019-09-25 12:06:23,344 [EventQueue-StaleNodeForStaleNodeHandler] INFO  pipeline.SCMPipelineManager (SCMPipelineManager.java:finalizeAndDestroyPipeline(316)) - destroying pipeline:Pipeline[ Id: cc904481-b4ef-4e72-9389-b5b9ec7173bd, Nodes: 50493258-76a6-47fc-92c1-a180d5b1121a{ip: 192.168.151.73, host: pr-hdds-1569-shd4m-3693607622, networkLocation: /default-rack, certSerialId: null}, Type:RATIS, Factor:ONE, State:OPEN]
2019-09-25 12:06:23,345 [EventQueue-StaleNodeForStaleNodeHandler] INFO  pipeline.PipelineStateManager (PipelineStateManager.java:finalizePipeline(123)) - Pipeline Pipeline[ Id: cc904481-b4ef-4e72-9389-b5b9ec7173bd, Nodes: 50493258-76a6-47fc-92c1-a180d5b1121a{ip: 192.168.151.73, host: pr-hdds-1569-shd4m-3693607622, networkLocation: /default-rack, certSerialId: null}, Type:RATIS, Factor:ONE, State:CLOSED] moved to CLOSED state
2019-09-25 12:06:23,345 [EventQueue-StaleNodeForStaleNodeHandler] INFO  pipeline.SCMPipelineManager (SCMPipelineManager.java:finalizeAndDestroyPipeline(316)) - destroying pipeline:Pipeline[ Id: 97b0de8a-6aa5-462e-b648-de5d9ae95f7e, Nodes: 50493258-76a6-47fc-92c1-a180d5b1121a{ip: 192.168.151.73, host: pr-hdds-1569-shd4m-3693607622, networkLocation: /default-rack, certSerialId: null}, Type:RATIS, Factor:ONE, State:OPEN]
2019-09-25 12:06:23,345 [EventQueue-StaleNodeForStaleNodeHandler] INFO  pipeline.PipelineStateManager (PipelineStateManager.java:finalizePipeline(123)) - Pipeline Pipeline[ Id: 97b0de8a-6aa5-462e-b648-de5d9ae95f7e, Nodes: 50493258-76a6-47fc-92c1-a180d5b1121a{ip: 192.168.151.73, host: pr-hdds-1569-shd4m-3693607622, networkLocation: /default-rack, certSerialId: null}, Type:RATIS, Factor:ONE, State:CLOSED] moved to CLOSED state
2019-09-25 12:06:23,345 [EventQueue-StaleNodeForStaleNodeHandler] INFO  pipeline.SCMPipelineManager (SCMPipelineManager.java:finalizeAndDestroyPipeline(316)) - destroying pipeline:Pipeline[ Id: 2e28dcdb-3fbb-467a-8855-eb893d903f46, Nodes: 50493258-76a6-47fc-92c1-a180d5b1121a{ip: 192.168.151.73, host: pr-hdds-1569-shd4m-3693607622, networkLocation: /default-rack, certSerialId: null}, Type:RATIS, Factor:ONE, State:OPEN]
2019-09-25 12:06:23,346 [EventQueue-StaleNodeForStaleNodeHandler] INFO  pipeline.PipelineStateManager (PipelineStateManager.java:finalizePipeline(123)) - Pipeline Pipeline[ Id: 2e28dcdb-3fbb-467a-8855-eb893d903f46, Nodes: 50493258-76a6-47fc-92c1-a180d5b1121a{ip: 192.168.151.73, host: pr-hdds-1569-shd4m-3693607622, networkLocation: /default-rack, certSerialId: null}, Type:RATIS, Factor:ONE, State:CLOSED] moved to CLOSED state
2019-09-25 12:06:23,346 [EventQueue-StaleNodeForStaleNodeHandler] INFO  pipeline.SCMPipelineManager (SCMPipelineManager.java:finalizeAndDestroyPipeline(316)) - destroying pipeline:Pipeline[ Id: 1129f765-1cf6-4bd1-ac56-42f2fe33d741, Nodes: 50493258-76a6-47fc-92c1-a180d5b1121a{ip: 192.168.151.73, host: pr-hdds-1569-shd4m-3693607622, networkLocation: /default-rack, certSerialId: null}, Type:RATIS, Factor:ONE, State:OPEN]
2019-09-25 12:06:23,346 [EventQueue-StaleNodeForStaleNodeHandler] INFO  pipeline.PipelineStateManager (PipelineStateManager.java:finalizePipeline(123)) - Pipeline Pipeline[ Id: 1129f765-1cf6-4bd1-ac56-42f2fe33d741, Nodes: 50493258-76a6-47fc-92c1-a180d5b1121a{ip: 192.168.151.73, host: pr-hdds-1569-shd4m-3693607622, networkLocation: /default-rack, certSerialId: null}, Type:RATIS, Factor:ONE, State:CLOSED] moved to CLOSED state
2019-09-25 12:06:23,346 [EventQueue-StaleNodeForStaleNodeHandler] INFO  pipeline.SCMPipelineManager (SCMPipelineManager.java:finalizeAndDestroyPipeline(316)) - destroying pipeline:Pipeline[ Id: ecaca113-a018-4acc-bc61-d44b1458f5b4, Nodes: 50493258-76a6-47fc-92c1-a180d5b1121a{ip: 192.168.151.73, host: pr-hdds-1569-shd4m-3693607622, networkLocation: /default-rack, certSerialId: null}, Type:RATIS, Factor:ONE, State:OPEN]
2019-09-25 12:06:23,346 [EventQueue-StaleNodeForStaleNodeHandler] INFO  pipeline.PipelineStateManager (PipelineStateManager.java:finalizePipeline(123)) - Pipeline Pipeline[ Id: ecaca113-a018-4acc-bc61-d44b1458f5b4, Nodes: 50493258-76a6-47fc-92c1-a180d5b1121a{ip: 192.168.151.73, host: pr-hdds-1569-shd4m-3693607622, networkLocation: /default-rack, certSerialId: null}, Type:RATIS, Factor:ONE, State:CLOSED] moved to CLOSED state
2019-09-25 12:06:23,346 [EventQueue-StaleNodeForStaleNodeHandler] INFO  pipeline.SCMPipelineManager (SCMPipelineManager.java:finalizeAndDestroyPipeline(316)) - destroying pipeline:Pipeline[ Id: 4165f47d-82ec-47e0-9eee-069e06021009, Nodes: 50493258-76a6-47fc-92c1-a180d5b1121a{ip: 192.168.151.73, host: pr-hdds-1569-shd4m-3693607622, networkLocation: /default-rack, certSerialId: null}, Type:RATIS, Factor:ONE, State:OPEN]
2019-09-25 12:06:23,347 [EventQueue-StaleNodeForStaleNodeHandler] INFO  pipeline.PipelineStateManager (PipelineStateManager.java:finalizePipeline(123)) - Pipeline Pipeline[ Id: 4165f47d-82ec-47e0-9eee-069e06021009, Nodes: 50493258-76a6-47fc-92c1-a180d5b1121a{ip: 192.168.151.73, host: pr-hdds-1569-shd4m-3693607622, networkLocation: /default-rack, certSerialId: null}, Type:RATIS, Factor:ONE, State:CLOSED] moved to CLOSED state
2019-09-25 12:06:24,199 [main] INFO  ozoneimpl.OzoneContainer (OzoneContainer.java:stop(231)) - Attempting to stop container services.
2019-09-25 12:06:24,204 [main] INFO  impl.RaftServerProxy (RaftServerProxy.java:lambda$close$4(314)) - 50493258-76a6-47fc-92c1-a180d5b1121a: close
2019-09-25 12:06:24,205 [main] INFO  impl.RaftServerImpl (RaftServerImpl.java:lambda$shutdown$3(251)) - 50493258-76a6-47fc-92c1-a180d5b1121a@group-B5B9EC7173BD: shutdown
2019-09-25 12:06:24,205 [ForkJoinPool.commonPool-worker-1] INFO  impl.RaftServerImpl (RaftServerImpl.java:lambda$shutdown$3(251)) - 50493258-76a6-47fc-92c1-a180d5b1121a@group-EB893D903F46: shutdown
2019-09-25 12:06:24,205 [main] INFO  util.JmxRegister (JmxRegister.java:unregister(73)) - Successfully un-registered JMX Bean with object name Ratis:service=RaftServer,group=group-B5B9EC7173BD,id=50493258-76a6-47fc-92c1-a180d5b1121a
2019-09-25 12:06:24,206 [main] INFO  impl.RoleInfo (RoleInfo.java:shutdownLeaderState(104)) - 50493258-76a6-47fc-92c1-a180d5b1121a: shutdown LeaderState
2019-09-25 12:06:24,206 [ForkJoinPool.commonPool-worker-1] INFO  util.JmxRegister (JmxRegister.java:unregister(73)) - Successfully un-registered JMX Bean with object name Ratis:service=RaftServer,group=group-EB893D903F46,id=50493258-76a6-47fc-92c1-a180d5b1121a
2019-09-25 12:06:24,206 [main] INFO  impl.PendingRequests (PendingRequests.java:sendNotLeaderResponses(202)) - 50493258-76a6-47fc-92c1-a180d5b1121a-PendingRequests: sendNotLeaderResponses
2019-09-25 12:06:24,207 [ForkJoinPool.commonPool-worker-1] INFO  impl.RoleInfo (RoleInfo.java:shutdownLeaderState(104)) - 50493258-76a6-47fc-92c1-a180d5b1121a: shutdown LeaderState
2019-09-25 12:06:24,207 [main] INFO  impl.StateMachineUpdater (StateMachineUpdater.java:stopAndJoin(125)) - 50493258-76a6-47fc-92c1-a180d5b1121a@group-B5B9EC7173BD-StateMachineUpdater: set stopIndex = 0
2019-09-25 12:06:24,208 [main] INFO  impl.RaftServerImpl (ServerState.java:close(385)) - 50493258-76a6-47fc-92c1-a180d5b1121a@group-B5B9EC7173BD: closes. applyIndex: 0
2019-09-25 12:06:24,207 [ForkJoinPool.commonPool-worker-1] INFO  impl.PendingRequests (PendingRequests.java:sendNotLeaderResponses(202)) - 50493258-76a6-47fc-92c1-a180d5b1121a-PendingRequests: sendNotLeaderResponses
2019-09-25 12:06:24,208 [50493258-76a6-47fc-92c1-a180d5b1121a@group-B5B9EC7173BD-SegmentedRaftLogWorker] INFO  segmented.SegmentedRaftLogWorker (SegmentedRaftLogWorker.java:run(313)) - 50493258-76a6-47fc-92c1-a180d5b1121a@group-B5B9EC7173BD-SegmentedRaftLogWorker was interrupted, exiting. There are 0 tasks remaining in the queue.
2019-09-25 12:06:24,209 [ForkJoinPool.commonPool-worker-1] INFO  impl.StateMachineUpdater (StateMachineUpdater.java:stopAndJoin(125)) - 50493258-76a6-47fc-92c1-a180d5b1121a@group-EB893D903F46-StateMachineUpdater: set stopIndex = 0
2019-09-25 12:06:24,209 [main] INFO  segmented.SegmentedRaftLogWorker (SegmentedRaftLogWorker.java:close(228)) - 50493258-76a6-47fc-92c1-a180d5b1121a@group-B5B9EC7173BD-SegmentedRaftLogWorker close()
2019-09-25 12:06:24,209 [ForkJoinPool.commonPool-worker-1] INFO  impl.RaftServerImpl (ServerState.java:close(385)) - 50493258-76a6-47fc-92c1-a180d5b1121a@group-EB893D903F46: closes. applyIndex: 0
2019-09-25 12:06:24,209 [main] INFO  impl.RaftServerImpl (RaftServerImpl.java:lambda$shutdown$3(251)) - 50493258-76a6-47fc-92c1-a180d5b1121a@group-DE5D9AE95F7E: shutdown
2019-09-25 12:06:24,210 [50493258-76a6-47fc-92c1-a180d5b1121a@group-EB893D903F46-SegmentedRaftLogWorker] INFO  segmented.SegmentedRaftLogWorker (SegmentedRaftLogWorker.java:run(313)) - 50493258-76a6-47fc-92c1-a180d5b1121a@group-EB893D903F46-SegmentedRaftLogWorker was interrupted, exiting. There are 0 tasks remaining in the queue.
2019-09-25 12:06:24,210 [main] INFO  util.JmxRegister (JmxRegister.java:unregister(73)) - Successfully un-registered JMX Bean with object name Ratis:service=RaftServer,group=group-DE5D9AE95F7E,id=50493258-76a6-47fc-92c1-a180d5b1121a
2019-09-25 12:06:24,210 [ForkJoinPool.commonPool-worker-1] INFO  segmented.SegmentedRaftLogWorker (SegmentedRaftLogWorker.java:close(228)) - 50493258-76a6-47fc-92c1-a180d5b1121a@group-EB893D903F46-SegmentedRaftLogWorker close()
2019-09-25 12:06:24,210 [main] INFO  impl.RoleInfo (RoleInfo.java:shutdownLeaderState(104)) - 50493258-76a6-47fc-92c1-a180d5b1121a: shutdown LeaderState
2019-09-25 12:06:24,211 [ForkJoinPool.commonPool-worker-1] INFO  impl.RaftServerImpl (RaftServerImpl.java:lambda$shutdown$3(251)) - 50493258-76a6-47fc-92c1-a180d5b1121a@group-42F2FE33D741: shutdown
2019-09-25 12:06:24,211 [main] INFO  impl.PendingRequests (PendingRequests.java:sendNotLeaderResponses(202)) - 50493258-76a6-47fc-92c1-a180d5b1121a-PendingRequests: sendNotLeaderResponses
2019-09-25 12:06:24,211 [ForkJoinPool.commonPool-worker-1] INFO  util.JmxRegister (JmxRegister.java:unregister(73)) - Successfully un-registered JMX Bean with object name Ratis:service=RaftServer,group=group-42F2FE33D741,id=50493258-76a6-47fc-92c1-a180d5b1121a
2019-09-25 12:06:24,212 [main] INFO  impl.StateMachineUpdater (StateMachineUpdater.java:stopAndJoin(125)) - 50493258-76a6-47fc-92c1-a180d5b1121a@group-DE5D9AE95F7E-StateMachineUpdater: set stopIndex = 0
2019-09-25 12:06:24,212 [ForkJoinPool.commonPool-worker-1] INFO  impl.RoleInfo (RoleInfo.java:shutdownLeaderState(104)) - 50493258-76a6-47fc-92c1-a180d5b1121a: shutdown LeaderState
2019-09-25 12:06:24,212 [main] INFO  impl.RaftServerImpl (ServerState.java:close(385)) - 50493258-76a6-47fc-92c1-a180d5b1121a@group-DE5D9AE95F7E: closes. applyIndex: 0
2019-09-25 12:06:24,212 [ForkJoinPool.commonPool-worker-1] INFO  impl.PendingRequests (PendingRequests.java:sendNotLeaderResponses(202)) - 50493258-76a6-47fc-92c1-a180d5b1121a-PendingRequests: sendNotLeaderResponses
2019-09-25 12:06:24,213 [50493258-76a6-47fc-92c1-a180d5b1121a@group-DE5D9AE95F7E-SegmentedRaftLogWorker] INFO  segmented.SegmentedRaftLogWorker (SegmentedRaftLogWorker.java:run(313)) - 50493258-76a6-47fc-92c1-a180d5b1121a@group-DE5D9AE95F7E-SegmentedRaftLogWorker was interrupted, exiting. There are 0 tasks remaining in the queue.
2019-09-25 12:06:24,213 [ForkJoinPool.commonPool-worker-1] INFO  impl.StateMachineUpdater (StateMachineUpdater.java:stopAndJoin(125)) - 50493258-76a6-47fc-92c1-a180d5b1121a@group-42F2FE33D741-StateMachineUpdater: set stopIndex = 0
2019-09-25 12:06:24,213 [main] INFO  segmented.SegmentedRaftLogWorker (SegmentedRaftLogWorker.java:close(228)) - 50493258-76a6-47fc-92c1-a180d5b1121a@group-DE5D9AE95F7E-SegmentedRaftLogWorker close()
2019-09-25 12:06:24,213 [ForkJoinPool.commonPool-worker-1] INFO  impl.RaftServerImpl (ServerState.java:close(385)) - 50493258-76a6-47fc-92c1-a180d5b1121a@group-42F2FE33D741: closes. applyIndex: 0
2019-09-25 12:06:24,214 [50493258-76a6-47fc-92c1-a180d5b1121a@group-42F2FE33D741-SegmentedRaftLogWorker] INFO  segmented.SegmentedRaftLogWorker (SegmentedRaftLogWorker.java:run(313)) - 50493258-76a6-47fc-92c1-a180d5b1121a@group-42F2FE33D741-SegmentedRaftLogWorker was interrupted, exiting. There are 0 tasks remaining in the queue.
2019-09-25 12:06:24,214 [ForkJoinPool.commonPool-worker-1] INFO  segmented.SegmentedRaftLogWorker (SegmentedRaftLogWorker.java:close(228)) - 50493258-76a6-47fc-92c1-a180d5b1121a@group-42F2FE33D741-SegmentedRaftLogWorker close()
2019-09-25 12:06:24,215 [ForkJoinPool.commonPool-worker-1] INFO  impl.RaftServerImpl (RaftServerImpl.java:lambda$shutdown$3(251)) - 50493258-76a6-47fc-92c1-a180d5b1121a@group-D44B1458F5B4: shutdown
2019-09-25 12:06:24,215 [ForkJoinPool.commonPool-worker-1] INFO  util.JmxRegister (JmxRegister.java:unregister(73)) - Successfully un-registered JMX Bean with object name Ratis:service=RaftServer,group=group-D44B1458F5B4,id=50493258-76a6-47fc-92c1-a180d5b1121a
2019-09-25 12:06:24,215 [ForkJoinPool.commonPool-worker-1] INFO  impl.RoleInfo (RoleInfo.java:shutdownLeaderState(104)) - 50493258-76a6-47fc-92c1-a180d5b1121a: shutdown LeaderState
2019-09-25 12:06:24,215 [ForkJoinPool.commonPool-worker-1] INFO  impl.PendingRequests (PendingRequests.java:sendNotLeaderResponses(202)) - 50493258-76a6-47fc-92c1-a180d5b1121a-PendingRequests: sendNotLeaderResponses
2019-09-25 12:06:24,215 [ForkJoinPool.commonPool-worker-1] INFO  impl.StateMachineUpdater (StateMachineUpdater.java:stopAndJoin(125)) - 50493258-76a6-47fc-92c1-a180d5b1121a@group-D44B1458F5B4-StateMachineUpdater: set stopIndex = 0
2019-09-25 12:06:24,216 [ForkJoinPool.commonPool-worker-1] INFO  impl.RaftServerImpl (ServerState.java:close(385)) - 50493258-76a6-47fc-92c1-a180d5b1121a@group-D44B1458F5B4: closes. applyIndex: 0
2019-09-25 12:06:24,216 [50493258-76a6-47fc-92c1-a180d5b1121a@group-D44B1458F5B4-SegmentedRaftLogWorker] INFO  segmented.SegmentedRaftLogWorker (SegmentedRaftLogWorker.java:run(313)) - 50493258-76a6-47fc-92c1-a180d5b1121a@group-D44B1458F5B4-SegmentedRaftLogWorker was interrupted, exiting. There are 0 tasks remaining in the queue.
2019-09-25 12:06:24,216 [ForkJoinPool.commonPool-worker-1] INFO  segmented.SegmentedRaftLogWorker (SegmentedRaftLogWorker.java:close(228)) - 50493258-76a6-47fc-92c1-a180d5b1121a@group-D44B1458F5B4-SegmentedRaftLogWorker close()
2019-09-25 12:06:24,216 [ForkJoinPool.commonPool-worker-1] INFO  impl.RaftServerImpl (RaftServerImpl.java:lambda$shutdown$3(251)) - 50493258-76a6-47fc-92c1-a180d5b1121a@group-069E06021009: shutdown
2019-09-25 12:06:24,217 [ForkJoinPool.commonPool-worker-1] INFO  util.JmxRegister (JmxRegister.java:unregister(73)) - Successfully un-registered JMX Bean with object name Ratis:service=RaftServer,group=group-069E06021009,id=50493258-76a6-47fc-92c1-a180d5b1121a
2019-09-25 12:06:24,217 [ForkJoinPool.commonPool-worker-1] INFO  impl.RoleInfo (RoleInfo.java:shutdownLeaderState(104)) - 50493258-76a6-47fc-92c1-a180d5b1121a: shutdown LeaderState
2019-09-25 12:06:24,217 [ForkJoinPool.commonPool-worker-1] INFO  impl.PendingRequests (PendingRequests.java:sendNotLeaderResponses(202)) - 50493258-76a6-47fc-92c1-a180d5b1121a-PendingRequests: sendNotLeaderResponses
2019-09-25 12:06:24,217 [ForkJoinPool.commonPool-worker-1] INFO  impl.StateMachineUpdater (StateMachineUpdater.java:stopAndJoin(125)) - 50493258-76a6-47fc-92c1-a180d5b1121a@group-069E06021009-StateMachineUpdater: set stopIndex = 0
2019-09-25 12:06:24,217 [ForkJoinPool.commonPool-worker-1] INFO  impl.RaftServerImpl (ServerState.java:close(385)) - 50493258-76a6-47fc-92c1-a180d5b1121a@group-069E06021009: closes. applyIndex: 0
2019-09-25 12:06:24,218 [50493258-76a6-47fc-92c1-a180d5b1121a@group-069E06021009-SegmentedRaftLogWorker] INFO  segmented.SegmentedRaftLogWorker (SegmentedRaftLogWorker.java:run(313)) - 50493258-76a6-47fc-92c1-a180d5b1121a@group-069E06021009-SegmentedRaftLogWorker was interrupted, exiting. There are 0 tasks remaining in the queue.
2019-09-25 12:06:24,218 [ForkJoinPool.commonPool-worker-1] INFO  segmented.SegmentedRaftLogWorker (SegmentedRaftLogWorker.java:close(228)) - 50493258-76a6-47fc-92c1-a180d5b1121a@group-069E06021009-SegmentedRaftLogWorker close()
2019-09-25 12:06:24,218 [main] INFO  server.GrpcService (GrpcService.java:closeImpl(164)) - 50493258-76a6-47fc-92c1-a180d5b1121a: shutdown server with port 40355 now
2019-09-25 12:06:24,219 [main] INFO  server.GrpcService (GrpcService.java:closeImpl(172)) - 50493258-76a6-47fc-92c1-a180d5b1121a: shutdown server with port 40355 successfully
2019-09-25 12:06:24,222 [refreshUsed-/workdir/hadoop-ozone/integration-test/target/test-dir/MiniOzoneClusterImpl-757e75c3-29a2-41d1-adb4-db6d7805a8c7/datanode-5/data/containers] WARN  fs.CachingGetSpaceUsed (CachingGetSpaceUsed.java:run(183)) - Thread Interrupted waiting to refresh disk information: sleep interrupted
2019-09-25 12:06:24,239 [main] INFO  utils.BackgroundService (BackgroundService.java:shutdown(148)) - Shutting down service BlockDeletingService
2019-09-25 12:06:24,240 [main] INFO  statemachine.DatanodeStateMachine (DatanodeStateMachine.java:stopDaemon(395)) - Ozone container server stopped.
2019-09-25 12:06:24,241 [main] INFO  handler.ContextHandler (ContextHandler.java:doStop(910)) - Stopped o.e.j.w.WebAppContext@577bfadb{/,null,UNAVAILABLE}{/hddsDatanode}
2019-09-25 12:06:24,241 [main] INFO  server.AbstractConnector (AbstractConnector.java:doStop(318)) - Stopped ServerConnector@25ae1f80{HTTP/1.1,[http/1.1]}{0.0.0.0:0}
2019-09-25 12:06:24,242 [main] INFO  handler.ContextHandler (ContextHandler.java:doStop(910)) - Stopped o.e.j.s.ServletContextHandler@7afe0e67{/static,jar:file:/home/user/.m2/repository/org/apache/hadoop/hadoop-hdds-container-service/0.5.0-SNAPSHOT/hadoop-hdds-container-service-0.5.0-SNAPSHOT.jar!/webapps/static,UNAVAILABLE}
2019-09-25 12:06:24,243 [main] INFO  handler.ContextHandler (ContextHandler.java:doStop(910)) - Stopped o.e.j.s.ServletContextHandler@83b0d0f{/logs,file:///workdir/hadoop-ozone/integration-test/target/log,UNAVAILABLE}
2019-09-25 12:06:24,244 [main] INFO  ozone.MiniOzoneClusterImpl (MiniOzoneClusterImpl.java:stopSCM(392)) - Stopping the StorageContainerManager
2019-09-25 12:06:24,244 [main] INFO  server.StorageContainerManager (StorageContainerManager.java:stop(808)) - Stopping Replication Manager Service.
2019-09-25 12:06:24,244 [main] INFO  container.ReplicationManager (ReplicationManager.java:stop(204)) - Stopping Replication Monitor Thread.
2019-09-25 12:06:24,244 [main] INFO  server.StorageContainerManager (StorageContainerManager.java:stop(815)) - Stopping Lease Manager of the command watchers
2019-09-25 12:06:24,245 [main] INFO  server.StorageContainerManager (StorageContainerManager.java:stop(822)) - Stopping datanode service RPC server
2019-09-25 12:06:24,245 [main] INFO  server.SCMDatanodeProtocolServer (SCMDatanodeProtocolServer.java:stop(367)) - Stopping the RPC server for DataNodes
2019-09-25 12:06:24,245 [main] INFO  ipc.Server (Server.java:stop(3082)) - Stopping server on 36473
2019-09-25 12:06:24,251 [IPC Server listener on 36473] INFO  ipc.Server (Server.java:run(1185)) - Stopping IPC Server listener on 36473
2019-09-25 12:06:24,254 [IPC Server Responder] INFO  ipc.Server (Server.java:run(1319)) - Stopping IPC Server Responder
2019-09-25 12:06:24,345 [SCM Heartbeat Processing Thread - 0] WARN  node.NodeStateManager (NodeStateManager.java:scheduleNextHealthCheck(655)) - Current Thread is interrupted, shutting down HB processing thread for Node Manager.
2019-09-25 12:06:24,345 [main] INFO  server.StorageContainerManager (StorageContainerManager.java:stop(830)) - Stopping block service RPC server
2019-09-25 12:06:24,346 [main] INFO  server.SCMBlockProtocolServer (SCMBlockProtocolServer.java:stop(155)) - Stopping the RPC server for Block Protocol
2019-09-25 12:06:24,346 [main] INFO  ipc.Server (Server.java:stop(3082)) - Stopping server on 38641
2019-09-25 12:06:24,362 [main] INFO  server.StorageContainerManager (StorageContainerManager.java:stop(837)) - Stopping the StorageContainerLocationProtocol RPC server
2019-09-25 12:06:24,362 [main] INFO  server.SCMClientProtocolServer (SCMClientProtocolServer.java:stop(159)) - Stopping the RPC server for Client Protocol
2019-09-25 12:06:24,362 [IPC Server listener on 38641] INFO  ipc.Server (Server.java:run(1185)) - Stopping IPC Server listener on 38641
2019-09-25 12:06:24,362 [main] INFO  ipc.Server (Server.java:stop(3082)) - Stopping server on 46727
2019-09-25 12:06:24,365 [IPC Server Responder] INFO  ipc.Server (Server.java:run(1319)) - Stopping IPC Server Responder
2019-09-25 12:06:24,370 [IPC Server listener on 46727] INFO  ipc.Server (Server.java:run(1185)) - Stopping IPC Server listener on 46727
2019-09-25 12:06:24,370 [main] INFO  server.StorageContainerManager (StorageContainerManager.java:stop(844)) - Stopping Storage Container Manager HTTP server.
2019-09-25 12:06:24,371 [IPC Server Responder] INFO  ipc.Server (Server.java:run(1319)) - Stopping IPC Server Responder
2019-09-25 12:06:24,373 [main] INFO  handler.ContextHandler (ContextHandler.java:doStop(910)) - Stopped o.e.j.w.WebAppContext@733534f9{/,null,UNAVAILABLE}{/scm}
2019-09-25 12:06:24,374 [main] INFO  server.AbstractConnector (AbstractConnector.java:doStop(318)) - Stopped ServerConnector@661e279d{HTTP/1.1,[http/1.1]}{0.0.0.0:0}
2019-09-25 12:06:24,375 [main] INFO  handler.ContextHandler (ContextHandler.java:doStop(910)) - Stopped o.e.j.s.ServletContextHandler@60807fd9{/static,file:///workdir/hadoop-ozone/integration-test/target/test-classes/webapps/static,UNAVAILABLE}
2019-09-25 12:06:24,375 [main] INFO  handler.ContextHandler (ContextHandler.java:doStop(910)) - Stopped o.e.j.s.ServletContextHandler@34d9df9f{/logs,file:///workdir/hadoop-ozone/integration-test/target/log,UNAVAILABLE}
2019-09-25 12:06:24,376 [main] INFO  server.StorageContainerManager (StorageContainerManager.java:stop(855)) - Stopping Block Manager Service.
2019-09-25 12:06:24,376 [main] INFO  utils.BackgroundService (BackgroundService.java:shutdown(148)) - Shutting down service SCMBlockDeletingService
2019-09-25 12:06:24,377 [main] INFO  utils.BackgroundService (BackgroundService.java:shutdown(148)) - Shutting down service SCMBlockDeletingService
2019-09-25 12:06:24,377 [main] INFO  server.StorageContainerManager (StorageContainerManager.java:stop(877)) - Stopping SCM Event Queue.
2019-09-25 12:06:24,382 [main] INFO  impl.MetricsSystemImpl (MetricsSystemImpl.java:stop(210)) - Stopping HddsDatanode metrics system...
2019-09-25 12:06:24,436 [main] INFO  impl.MetricsSystemImpl (MetricsSystemImpl.java:stop(216)) - HddsDatanode metrics system stopped.
]]></system-out>
    <system-err><![CDATA[Sep 25, 2019 12:06:01 PM org.apache.ratis.thirdparty.io.grpc.internal.ManagedChannelOrphanWrapper$ManagedChannelReference cleanQueue
SEVERE: *~*~*~ Channel ManagedChannelImpl{logId=2722, target=192.168.151.73:43133} was not shutdown properly!!! ~*~*~*
    Make sure to call shutdown()/shutdownNow() and wait until awaitTermination() returns true.
java.lang.RuntimeException: ManagedChannel allocation site
	at org.apache.ratis.thirdparty.io.grpc.internal.ManagedChannelOrphanWrapper$ManagedChannelReference.<init>(ManagedChannelOrphanWrapper.java:103)
	at org.apache.ratis.thirdparty.io.grpc.internal.ManagedChannelOrphanWrapper.<init>(ManagedChannelOrphanWrapper.java:53)
	at org.apache.ratis.thirdparty.io.grpc.internal.ManagedChannelOrphanWrapper.<init>(ManagedChannelOrphanWrapper.java:44)
	at org.apache.ratis.thirdparty.io.grpc.internal.AbstractManagedChannelImplBuilder.build(AbstractManagedChannelImplBuilder.java:411)
	at org.apache.hadoop.hdds.scm.XceiverClientGrpc.connectToDatanode(XceiverClientGrpc.java:181)
	at org.apache.hadoop.hdds.scm.XceiverClientGrpc.reconnect(XceiverClientGrpc.java:429)
	at org.apache.hadoop.hdds.scm.XceiverClientGrpc.sendCommandAsync(XceiverClientGrpc.java:378)
	at org.apache.hadoop.hdds.scm.XceiverClientGrpc.sendCommandWithRetry(XceiverClientGrpc.java:291)
	at org.apache.hadoop.hdds.scm.XceiverClientGrpc.sendCommandWithTraceIDAndRetry(XceiverClientGrpc.java:257)
	at org.apache.hadoop.hdds.scm.XceiverClientGrpc.sendCommand(XceiverClientGrpc.java:240)
	at org.apache.hadoop.hdds.scm.storage.ContainerProtocolCalls.getBlock(ContainerProtocolCalls.java:118)
	at org.apache.hadoop.hdds.scm.storage.BlockInputStream.getChunkInfos(BlockInputStream.java:167)
	at org.apache.hadoop.hdds.scm.storage.BlockInputStream.initialize(BlockInputStream.java:118)
	at org.apache.hadoop.hdds.scm.storage.BlockInputStream.read(BlockInputStream.java:222)
	at org.apache.hadoop.ozone.client.io.KeyInputStream.read(KeyInputStream.java:171)
	at org.apache.hadoop.ozone.client.io.OzoneInputStream.read(OzoneInputStream.java:47)
	at java.io.InputStream.read(InputStream.java:101)
	at org.apache.hadoop.ozone.container.ContainerTestHelper.validateData(ContainerTestHelper.java:714)
	at org.apache.hadoop.ozone.client.rpc.TestBlockOutputStreamWithFailures.validateData(TestBlockOutputStreamWithFailures.java:1216)
	at org.apache.hadoop.ozone.client.rpc.TestBlockOutputStreamWithFailures.testWatchForCommitWithSingleNodeRatis(TestBlockOutputStreamWithFailures.java:918)
	at sun.reflect.NativeMethodAccessorImpl.invoke0(Native Method)
	at sun.reflect.NativeMethodAccessorImpl.invoke(NativeMethodAccessorImpl.java:62)
	at sun.reflect.DelegatingMethodAccessorImpl.invoke(DelegatingMethodAccessorImpl.java:43)
	at java.lang.reflect.Method.invoke(Method.java:498)
	at org.junit.runners.model.FrameworkMethod$1.runReflectiveCall(FrameworkMethod.java:47)
	at org.junit.internal.runners.model.ReflectiveCallable.run(ReflectiveCallable.java:12)
	at org.junit.runners.model.FrameworkMethod.invokeExplosively(FrameworkMethod.java:44)
	at org.junit.internal.runners.statements.InvokeMethod.evaluate(InvokeMethod.java:17)
	at org.junit.internal.runners.statements.RunBefores.evaluate(RunBefores.java:26)
	at org.junit.internal.runners.statements.RunAfters.evaluate(RunAfters.java:27)
	at org.junit.runners.ParentRunner.runLeaf(ParentRunner.java:271)
	at org.junit.runners.BlockJUnit4ClassRunner.runChild(BlockJUnit4ClassRunner.java:70)
	at org.junit.runners.BlockJUnit4ClassRunner.runChild(BlockJUnit4ClassRunner.java:50)
	at org.junit.runners.ParentRunner$3.run(ParentRunner.java:238)
	at org.junit.runners.ParentRunner$1.schedule(ParentRunner.java:63)
	at org.junit.runners.ParentRunner.runChildren(ParentRunner.java:236)
	at org.junit.runners.ParentRunner.access$000(ParentRunner.java:53)
	at org.junit.runners.ParentRunner$2.evaluate(ParentRunner.java:229)
	at org.junit.runners.ParentRunner.run(ParentRunner.java:309)
	at org.apache.maven.surefire.junit4.JUnit4Provider.execute(JUnit4Provider.java:365)
	at org.apache.maven.surefire.junit4.JUnit4Provider.executeWithRerun(JUnit4Provider.java:273)
	at org.apache.maven.surefire.junit4.JUnit4Provider.executeTestSet(JUnit4Provider.java:238)
	at org.apache.maven.surefire.junit4.JUnit4Provider.invoke(JUnit4Provider.java:159)
	at org.apache.maven.surefire.booter.ForkedBooter.invokeProviderInSameClassLoader(ForkedBooter.java:384)
	at org.apache.maven.surefire.booter.ForkedBooter.runSuitesInProcess(ForkedBooter.java:345)
	at org.apache.maven.surefire.booter.ForkedBooter.execute(ForkedBooter.java:126)
	at org.apache.maven.surefire.booter.ForkedBooter.main(ForkedBooter.java:418)

Sep 25, 2019 12:06:01 PM org.apache.ratis.thirdparty.io.grpc.internal.ManagedChannelOrphanWrapper$ManagedChannelReference cleanQueue
SEVERE: *~*~*~ Channel ManagedChannelImpl{logId=2712, target=192.168.151.73:43044} was not shutdown properly!!! ~*~*~*
    Make sure to call shutdown()/shutdownNow() and wait until awaitTermination() returns true.
java.lang.RuntimeException: ManagedChannel allocation site
	at org.apache.ratis.thirdparty.io.grpc.internal.ManagedChannelOrphanWrapper$ManagedChannelReference.<init>(ManagedChannelOrphanWrapper.java:103)
	at org.apache.ratis.thirdparty.io.grpc.internal.ManagedChannelOrphanWrapper.<init>(ManagedChannelOrphanWrapper.java:53)
	at org.apache.ratis.thirdparty.io.grpc.internal.ManagedChannelOrphanWrapper.<init>(ManagedChannelOrphanWrapper.java:44)
	at org.apache.ratis.thirdparty.io.grpc.internal.AbstractManagedChannelImplBuilder.build(AbstractManagedChannelImplBuilder.java:411)
	at org.apache.ratis.grpc.client.GrpcClientProtocolClient.<init>(GrpcClientProtocolClient.java:127)
	at org.apache.ratis.grpc.client.GrpcClientRpc.lambda$new$0(GrpcClientRpc.java:55)
	at org.apache.ratis.util.PeerProxyMap$PeerAndProxy.lambda$getProxy$0(PeerProxyMap.java:61)
	at org.apache.ratis.util.LifeCycle.startAndTransition(LifeCycle.java:202)
	at org.apache.ratis.util.PeerProxyMap$PeerAndProxy.getProxy(PeerProxyMap.java:60)
	at org.apache.ratis.util.PeerProxyMap.getProxy(PeerProxyMap.java:108)
	at org.apache.ratis.grpc.client.GrpcClientRpc.sendRequestAsync(GrpcClientRpc.java:66)
	at org.apache.ratis.client.impl.OrderedAsync.sendRequest(OrderedAsync.java:208)
	at org.apache.ratis.client.impl.OrderedAsync.sendRequestWithRetry(OrderedAsync.java:169)
	at org.apache.ratis.util.SlidingWindow$Client.sendOrDelayRequest(SlidingWindow.java:278)
	at org.apache.ratis.util.SlidingWindow$Client.submitNewRequest(SlidingWindow.java:257)
	at org.apache.ratis.client.impl.OrderedAsync.send(OrderedAsync.java:155)
	at org.apache.ratis.client.impl.RaftClientImpl.sendAsync(RaftClientImpl.java:144)
	at org.apache.ratis.client.impl.RaftClientImpl.sendAsync(RaftClientImpl.java:124)
	at org.apache.hadoop.hdds.scm.XceiverClientRatis.sendRequestAsync(XceiverClientRatis.java:234)
	at org.apache.hadoop.hdds.scm.XceiverClientRatis.sendCommandAsync(XceiverClientRatis.java:332)
	at org.apache.hadoop.hdds.scm.storage.ContainerProtocolCalls.writeChunkAsync(ContainerProtocolCalls.java:310)
	at org.apache.hadoop.hdds.scm.storage.BlockOutputStream.writeChunkToContainer(BlockOutputStream.java:601)
	at org.apache.hadoop.hdds.scm.storage.BlockOutputStream.writeChunk(BlockOutputStream.java:459)
	at org.apache.hadoop.hdds.scm.storage.BlockOutputStream.writeOnRetry(BlockOutputStream.java:285)
	at org.apache.hadoop.ozone.client.io.BlockOutputStreamEntry.writeOnRetry(BlockOutputStreamEntry.java:200)
	at org.apache.hadoop.ozone.client.io.KeyOutputStream.handleWrite(KeyOutputStream.java:206)
	at org.apache.hadoop.ozone.client.io.KeyOutputStream.handleRetry(KeyOutputStream.java:375)
	at org.apache.hadoop.ozone.client.io.KeyOutputStream.handleException(KeyOutputStream.java:324)
	at org.apache.hadoop.ozone.client.io.KeyOutputStream.handleFlushOrClose(KeyOutputStream.java:449)
	at org.apache.hadoop.ozone.client.io.KeyOutputStream.handleWrite(KeyOutputStream.java:232)
	at org.apache.hadoop.ozone.client.io.KeyOutputStream.write(KeyOutputStream.java:190)
	at org.apache.hadoop.ozone.client.io.OzoneOutputStream.write(OzoneOutputStream.java:49)
	at java.io.OutputStream.write(OutputStream.java:75)
	at org.apache.hadoop.ozone.client.rpc.TestBlockOutputStreamWithFailures.testWatchForCommitWithSingleNodeRatis(TestBlockOutputStreamWithFailures.java:885)
	at sun.reflect.NativeMethodAccessorImpl.invoke0(Native Method)
	at sun.reflect.NativeMethodAccessorImpl.invoke(NativeMethodAccessorImpl.java:62)
	at sun.reflect.DelegatingMethodAccessorImpl.invoke(DelegatingMethodAccessorImpl.java:43)
	at java.lang.reflect.Method.invoke(Method.java:498)
	at org.junit.runners.model.FrameworkMethod$1.runReflectiveCall(FrameworkMethod.java:47)
	at org.junit.internal.runners.model.ReflectiveCallable.run(ReflectiveCallable.java:12)
	at org.junit.runners.model.FrameworkMethod.invokeExplosively(FrameworkMethod.java:44)
	at org.junit.internal.runners.statements.InvokeMethod.evaluate(InvokeMethod.java:17)
	at org.junit.internal.runners.statements.RunBefores.evaluate(RunBefores.java:26)
	at org.junit.internal.runners.statements.RunAfters.evaluate(RunAfters.java:27)
	at org.junit.runners.ParentRunner.runLeaf(ParentRunner.java:271)
	at org.junit.runners.BlockJUnit4ClassRunner.runChild(BlockJUnit4ClassRunner.java:70)
	at org.junit.runners.BlockJUnit4ClassRunner.runChild(BlockJUnit4ClassRunner.java:50)
	at org.junit.runners.ParentRunner$3.run(ParentRunner.java:238)
	at org.junit.runners.ParentRunner$1.schedule(ParentRunner.java:63)
	at org.junit.runners.ParentRunner.runChildren(ParentRunner.java:236)
	at org.junit.runners.ParentRunner.access$000(ParentRunner.java:53)
	at org.junit.runners.ParentRunner$2.evaluate(ParentRunner.java:229)
	at org.junit.runners.ParentRunner.run(ParentRunner.java:309)
	at org.apache.maven.surefire.junit4.JUnit4Provider.execute(JUnit4Provider.java:365)
	at org.apache.maven.surefire.junit4.JUnit4Provider.executeWithRerun(JUnit4Provider.java:273)
	at org.apache.maven.surefire.junit4.JUnit4Provider.executeTestSet(JUnit4Provider.java:238)
	at org.apache.maven.surefire.junit4.JUnit4Provider.invoke(JUnit4Provider.java:159)
	at org.apache.maven.surefire.booter.ForkedBooter.invokeProviderInSameClassLoader(ForkedBooter.java:384)
	at org.apache.maven.surefire.booter.ForkedBooter.runSuitesInProcess(ForkedBooter.java:345)
	at org.apache.maven.surefire.booter.ForkedBooter.execute(ForkedBooter.java:126)
	at org.apache.maven.surefire.booter.ForkedBooter.main(ForkedBooter.java:418)

Sep 25, 2019 12:06:01 PM org.apache.ratis.thirdparty.io.grpc.internal.ManagedChannelOrphanWrapper$ManagedChannelReference cleanQueue
SEVERE: *~*~*~ Channel ManagedChannelImpl{logId=2717, target=192.168.151.73:44842} was not shutdown properly!!! ~*~*~*
    Make sure to call shutdown()/shutdownNow() and wait until awaitTermination() returns true.
java.lang.RuntimeException: ManagedChannel allocation site
	at org.apache.ratis.thirdparty.io.grpc.internal.ManagedChannelOrphanWrapper$ManagedChannelReference.<init>(ManagedChannelOrphanWrapper.java:103)
	at org.apache.ratis.thirdparty.io.grpc.internal.ManagedChannelOrphanWrapper.<init>(ManagedChannelOrphanWrapper.java:53)
	at org.apache.ratis.thirdparty.io.grpc.internal.ManagedChannelOrphanWrapper.<init>(ManagedChannelOrphanWrapper.java:44)
	at org.apache.ratis.thirdparty.io.grpc.internal.AbstractManagedChannelImplBuilder.build(AbstractManagedChannelImplBuilder.java:411)
	at org.apache.hadoop.hdds.scm.XceiverClientGrpc.connectToDatanode(XceiverClientGrpc.java:181)
	at org.apache.hadoop.hdds.scm.XceiverClientGrpc.reconnect(XceiverClientGrpc.java:429)
	at org.apache.hadoop.hdds.scm.XceiverClientGrpc.sendCommandAsync(XceiverClientGrpc.java:378)
	at org.apache.hadoop.hdds.scm.XceiverClientGrpc.sendCommandWithRetry(XceiverClientGrpc.java:291)
	at org.apache.hadoop.hdds.scm.XceiverClientGrpc.sendCommandWithTraceIDAndRetry(XceiverClientGrpc.java:257)
	at org.apache.hadoop.hdds.scm.XceiverClientGrpc.sendCommand(XceiverClientGrpc.java:240)
	at org.apache.hadoop.hdds.scm.storage.ContainerProtocolCalls.getBlock(ContainerProtocolCalls.java:118)
	at org.apache.hadoop.hdds.scm.storage.BlockInputStream.getChunkInfos(BlockInputStream.java:167)
	at org.apache.hadoop.hdds.scm.storage.BlockInputStream.initialize(BlockInputStream.java:118)
	at org.apache.hadoop.hdds.scm.storage.BlockInputStream.read(BlockInputStream.java:222)
	at org.apache.hadoop.ozone.client.io.KeyInputStream.read(KeyInputStream.java:171)
	at org.apache.hadoop.ozone.client.io.OzoneInputStream.read(OzoneInputStream.java:47)
	at java.io.InputStream.read(InputStream.java:101)
	at org.apache.hadoop.ozone.container.ContainerTestHelper.validateData(ContainerTestHelper.java:714)
	at org.apache.hadoop.ozone.client.rpc.TestBlockOutputStreamWithFailures.validateData(TestBlockOutputStreamWithFailures.java:1216)
	at org.apache.hadoop.ozone.client.rpc.TestBlockOutputStreamWithFailures.testWatchForCommitWithSingleNodeRatis(TestBlockOutputStreamWithFailures.java:918)
	at sun.reflect.NativeMethodAccessorImpl.invoke0(Native Method)
	at sun.reflect.NativeMethodAccessorImpl.invoke(NativeMethodAccessorImpl.java:62)
	at sun.reflect.DelegatingMethodAccessorImpl.invoke(DelegatingMethodAccessorImpl.java:43)
	at java.lang.reflect.Method.invoke(Method.java:498)
	at org.junit.runners.model.FrameworkMethod$1.runReflectiveCall(FrameworkMethod.java:47)
	at org.junit.internal.runners.model.ReflectiveCallable.run(ReflectiveCallable.java:12)
	at org.junit.runners.model.FrameworkMethod.invokeExplosively(FrameworkMethod.java:44)
	at org.junit.internal.runners.statements.InvokeMethod.evaluate(InvokeMethod.java:17)
	at org.junit.internal.runners.statements.RunBefores.evaluate(RunBefores.java:26)
	at org.junit.internal.runners.statements.RunAfters.evaluate(RunAfters.java:27)
	at org.junit.runners.ParentRunner.runLeaf(ParentRunner.java:271)
	at org.junit.runners.BlockJUnit4ClassRunner.runChild(BlockJUnit4ClassRunner.java:70)
	at org.junit.runners.BlockJUnit4ClassRunner.runChild(BlockJUnit4ClassRunner.java:50)
	at org.junit.runners.ParentRunner$3.run(ParentRunner.java:238)
	at org.junit.runners.ParentRunner$1.schedule(ParentRunner.java:63)
	at org.junit.runners.ParentRunner.runChildren(ParentRunner.java:236)
	at org.junit.runners.ParentRunner.access$000(ParentRunner.java:53)
	at org.junit.runners.ParentRunner$2.evaluate(ParentRunner.java:229)
	at org.junit.runners.ParentRunner.run(ParentRunner.java:309)
	at org.apache.maven.surefire.junit4.JUnit4Provider.execute(JUnit4Provider.java:365)
	at org.apache.maven.surefire.junit4.JUnit4Provider.executeWithRerun(JUnit4Provider.java:273)
	at org.apache.maven.surefire.junit4.JUnit4Provider.executeTestSet(JUnit4Provider.java:238)
	at org.apache.maven.surefire.junit4.JUnit4Provider.invoke(JUnit4Provider.java:159)
	at org.apache.maven.surefire.booter.ForkedBooter.invokeProviderInSameClassLoader(ForkedBooter.java:384)
	at org.apache.maven.surefire.booter.ForkedBooter.runSuitesInProcess(ForkedBooter.java:345)
	at org.apache.maven.surefire.booter.ForkedBooter.execute(ForkedBooter.java:126)
	at org.apache.maven.surefire.booter.ForkedBooter.main(ForkedBooter.java:418)

Sep 25, 2019 12:06:01 PM org.apache.ratis.thirdparty.io.grpc.internal.ManagedChannelOrphanWrapper$ManagedChannelReference cleanQueue
SEVERE: *~*~*~ Channel ManagedChannelImpl{logId=2707, target=192.168.151.73:39973} was not shutdown properly!!! ~*~*~*
    Make sure to call shutdown()/shutdownNow() and wait until awaitTermination() returns true.
java.lang.RuntimeException: ManagedChannel allocation site
	at org.apache.ratis.thirdparty.io.grpc.internal.ManagedChannelOrphanWrapper$ManagedChannelReference.<init>(ManagedChannelOrphanWrapper.java:103)
	at org.apache.ratis.thirdparty.io.grpc.internal.ManagedChannelOrphanWrapper.<init>(ManagedChannelOrphanWrapper.java:53)
	at org.apache.ratis.thirdparty.io.grpc.internal.ManagedChannelOrphanWrapper.<init>(ManagedChannelOrphanWrapper.java:44)
	at org.apache.ratis.thirdparty.io.grpc.internal.AbstractManagedChannelImplBuilder.build(AbstractManagedChannelImplBuilder.java:411)
	at org.apache.ratis.grpc.client.GrpcClientProtocolClient.<init>(GrpcClientProtocolClient.java:127)
	at org.apache.ratis.grpc.client.GrpcClientRpc.lambda$new$0(GrpcClientRpc.java:55)
	at org.apache.ratis.util.PeerProxyMap$PeerAndProxy.lambda$getProxy$0(PeerProxyMap.java:61)
	at org.apache.ratis.util.LifeCycle.startAndTransition(LifeCycle.java:202)
	at org.apache.ratis.util.PeerProxyMap$PeerAndProxy.getProxy(PeerProxyMap.java:60)
	at org.apache.ratis.util.PeerProxyMap.getProxy(PeerProxyMap.java:108)
	at org.apache.ratis.grpc.client.GrpcClientRpc.sendRequestAsync(GrpcClientRpc.java:66)
	at org.apache.ratis.client.impl.OrderedAsync.sendRequest(OrderedAsync.java:208)
	at org.apache.ratis.client.impl.OrderedAsync.sendRequestWithRetry(OrderedAsync.java:169)
	at org.apache.ratis.util.SlidingWindow$Client.sendOrDelayRequest(SlidingWindow.java:278)
	at org.apache.ratis.util.SlidingWindow$Client.retry(SlidingWindow.java:294)
	at org.apache.ratis.client.impl.OrderedAsync.lambda$scheduleWithTimeout$7(OrderedAsync.java:195)
	at org.apache.ratis.util.TimeoutScheduler.lambda$onTimeout$0(TimeoutScheduler.java:113)
	at org.apache.ratis.util.TimeoutScheduler.lambda$onTimeout$1(TimeoutScheduler.java:133)
	at org.apache.ratis.util.LogUtils.runAndLog(LogUtils.java:50)
	at org.apache.ratis.util.LogUtils$1.run(LogUtils.java:91)
	at java.util.concurrent.Executors$RunnableAdapter.call(Executors.java:511)
	at java.util.concurrent.FutureTask.run(FutureTask.java:266)
	at java.util.concurrent.ScheduledThreadPoolExecutor$ScheduledFutureTask.access$201(ScheduledThreadPoolExecutor.java:180)
	at java.util.concurrent.ScheduledThreadPoolExecutor$ScheduledFutureTask.run(ScheduledThreadPoolExecutor.java:293)
	at java.util.concurrent.ThreadPoolExecutor.runWorker(ThreadPoolExecutor.java:1149)
	at java.util.concurrent.ThreadPoolExecutor$Worker.run(ThreadPoolExecutor.java:624)
	at java.lang.Thread.run(Thread.java:748)

]]></system-err>
  </testcase>
  <testcase name="testWatchForCommitWithCloseContainerException" classname="org.apache.hadoop.ozone.client.rpc.TestBlockOutputStreamWithFailures" time="28.713">
    <error message="Allocated 0 blocks. Requested 1 blocks" type="INTERNAL_ERROR org.apache.hadoop.ozone.om.exceptions.OMException">INTERNAL_ERROR org.apache.hadoop.ozone.om.exceptions.OMException: Allocated 0 blocks. Requested 1 blocks
	at org.apache.hadoop.ozone.om.protocolPB.OzoneManagerProtocolClientSideTranslatorPB.handleError(OzoneManagerProtocolClientSideTranslatorPB.java:732)
	at org.apache.hadoop.ozone.om.protocolPB.OzoneManagerProtocolClientSideTranslatorPB.openKey(OzoneManagerProtocolClientSideTranslatorPB.java:723)
	at sun.reflect.NativeMethodAccessorImpl.invoke0(Native Method)
	at sun.reflect.NativeMethodAccessorImpl.invoke(NativeMethodAccessorImpl.java:62)
	at sun.reflect.DelegatingMethodAccessorImpl.invoke(DelegatingMethodAccessorImpl.java:43)
	at java.lang.reflect.Method.invoke(Method.java:498)
	at org.apache.hadoop.hdds.tracing.TraceAllMethod.invoke(TraceAllMethod.java:66)
	at com.sun.proxy.$Proxy37.openKey(Unknown Source)
	at org.apache.hadoop.ozone.client.rpc.RpcClient.createKey(RpcClient.java:614)
	at org.apache.hadoop.ozone.client.OzoneBucket.createKey(OzoneBucket.java:325)
	at org.apache.hadoop.ozone.container.ContainerTestHelper.createKey(ContainerTestHelper.java:704)
	at org.apache.hadoop.ozone.client.rpc.TestBlockOutputStreamWithFailures.createKey(TestBlockOutputStreamWithFailures.java:1210)
	at org.apache.hadoop.ozone.client.rpc.TestBlockOutputStreamWithFailures.createKey(TestBlockOutputStreamWithFailures.java:1204)
	at org.apache.hadoop.ozone.client.rpc.TestBlockOutputStreamWithFailures.testWatchForCommitWithCloseContainerException(TestBlockOutputStreamWithFailures.java:137)
	at sun.reflect.NativeMethodAccessorImpl.invoke0(Native Method)
	at sun.reflect.NativeMethodAccessorImpl.invoke(NativeMethodAccessorImpl.java:62)
	at sun.reflect.DelegatingMethodAccessorImpl.invoke(DelegatingMethodAccessorImpl.java:43)
	at java.lang.reflect.Method.invoke(Method.java:498)
	at org.junit.runners.model.FrameworkMethod$1.runReflectiveCall(FrameworkMethod.java:47)
	at org.junit.internal.runners.model.ReflectiveCallable.run(ReflectiveCallable.java:12)
	at org.junit.runners.model.FrameworkMethod.invokeExplosively(FrameworkMethod.java:44)
	at org.junit.internal.runners.statements.InvokeMethod.evaluate(InvokeMethod.java:17)
	at org.junit.internal.runners.statements.RunBefores.evaluate(RunBefores.java:26)
	at org.junit.internal.runners.statements.RunAfters.evaluate(RunAfters.java:27)
	at org.junit.runners.ParentRunner.runLeaf(ParentRunner.java:271)
	at org.junit.runners.BlockJUnit4ClassRunner.runChild(BlockJUnit4ClassRunner.java:70)
	at org.junit.runners.BlockJUnit4ClassRunner.runChild(BlockJUnit4ClassRunner.java:50)
	at org.junit.runners.ParentRunner$3.run(ParentRunner.java:238)
	at org.junit.runners.ParentRunner$1.schedule(ParentRunner.java:63)
	at org.junit.runners.ParentRunner.runChildren(ParentRunner.java:236)
	at org.junit.runners.ParentRunner.access$000(ParentRunner.java:53)
	at org.junit.runners.ParentRunner$2.evaluate(ParentRunner.java:229)
	at org.junit.runners.ParentRunner.run(ParentRunner.java:309)
	at org.apache.maven.surefire.junit4.JUnit4Provider.execute(JUnit4Provider.java:365)
	at org.apache.maven.surefire.junit4.JUnit4Provider.executeWithRerun(JUnit4Provider.java:273)
	at org.apache.maven.surefire.junit4.JUnit4Provider.executeTestSet(JUnit4Provider.java:238)
	at org.apache.maven.surefire.junit4.JUnit4Provider.invoke(JUnit4Provider.java:159)
	at org.apache.maven.surefire.booter.ForkedBooter.invokeProviderInSameClassLoader(ForkedBooter.java:384)
	at org.apache.maven.surefire.booter.ForkedBooter.runSuitesInProcess(ForkedBooter.java:345)
	at org.apache.maven.surefire.booter.ForkedBooter.execute(ForkedBooter.java:126)
	at org.apache.maven.surefire.booter.ForkedBooter.main(ForkedBooter.java:418)
</error>
    <system-out><![CDATA[2019-09-25 12:06:24,496 [main] WARN  server.ServerUtils (ServerUtils.java:getScmDbDir(145)) - ozone.scm.db.dirs is not configured. We recommend adding this setting. Falling back to ozone.metadata.dirs instead.
2019-09-25 12:06:24,513 [main] WARN  server.ServerUtils (ServerUtils.java:getScmDbDir(145)) - ozone.scm.db.dirs is not configured. We recommend adding this setting. Falling back to ozone.metadata.dirs instead.
2019-09-25 12:06:24,513 [main] WARN  server.ServerUtils (ServerUtils.java:getScmDbDir(145)) - ozone.scm.db.dirs is not configured. We recommend adding this setting. Falling back to ozone.metadata.dirs instead.
2019-09-25 12:06:24,514 [main] INFO  db.DBStoreBuilder (DBStoreBuilder.java:addTable(110)) - using custom profile for table: deletedBlocks
2019-09-25 12:06:24,514 [main] INFO  db.DBStoreBuilder (DBStoreBuilder.java:processTables(161)) - Using default column profile:DBProfile.DISK for Table:deletedBlocks
2019-09-25 12:06:24,514 [main] INFO  db.DBStoreBuilder (DBStoreBuilder.java:addTable(110)) - using custom profile for table: validCerts
2019-09-25 12:06:24,514 [main] INFO  db.DBStoreBuilder (DBStoreBuilder.java:processTables(161)) - Using default column profile:DBProfile.DISK for Table:validCerts
2019-09-25 12:06:24,515 [main] INFO  db.DBStoreBuilder (DBStoreBuilder.java:addTable(110)) - using custom profile for table: revokedCerts
2019-09-25 12:06:24,515 [main] INFO  db.DBStoreBuilder (DBStoreBuilder.java:processTables(161)) - Using default column profile:DBProfile.DISK for Table:revokedCerts
2019-09-25 12:06:24,515 [main] INFO  db.DBStoreBuilder (DBStoreBuilder.java:addTable(110)) - using custom profile for table: default
2019-09-25 12:06:24,515 [main] INFO  db.DBStoreBuilder (DBStoreBuilder.java:processTables(167)) - Using default column profile:DBProfile.DISK for Table:default
2019-09-25 12:06:24,515 [main] INFO  db.DBStoreBuilder (DBStoreBuilder.java:getDbProfile(198)) - Using default options. DBProfile.DISK
2019-09-25 12:06:24,657 [main] INFO  net.NodeSchemaLoader (NodeSchemaLoader.java:loadSchemaFromFile(125)) - Loading file from sun.misc.CompoundEnumeration@5a06904
2019-09-25 12:06:24,657 [main] INFO  net.NodeSchemaLoader (NodeSchemaLoader.java:loadSchema(171)) - Loading network topology layer schema file
2019-09-25 12:06:24,661 [main] INFO  node.SCMNodeManager (SCMNodeManager.java:<init>(114)) - Entering startup safe mode.
2019-09-25 12:06:24,661 [main] INFO  algorithms.ContainerPlacementPolicyFactory (ContainerPlacementPolicyFactory.java:getPolicy(59)) - Create container placement policy of type org.apache.hadoop.hdds.scm.container.placement.algorithms.SCMContainerPlacementRandom
2019-09-25 12:06:24,662 [main] WARN  server.ServerUtils (ServerUtils.java:getScmDbDir(145)) - ozone.scm.db.dirs is not configured. We recommend adding this setting. Falling back to ozone.metadata.dirs instead.
2019-09-25 12:06:24,682 [main] INFO  pipeline.SCMPipelineManager (SCMPipelineManager.java:initializePipelineState(132)) - No pipeline exists in current db
2019-09-25 12:06:24,682 [main] WARN  server.ServerUtils (ServerUtils.java:getScmDbDir(145)) - ozone.scm.db.dirs is not configured. We recommend adding this setting. Falling back to ozone.metadata.dirs instead.
2019-09-25 12:06:24,706 [main] WARN  events.EventQueue (EventQueue.java:fireEvent(183)) - No event handler registered for event TypedEvent{payloadType=SafeModeStatus, name='SafeModeStatus'}
2019-09-25 12:06:24,706 [main] INFO  ipc.CallQueueManager (CallQueueManager.java:<init>(84)) - Using callQueue: class java.util.concurrent.LinkedBlockingQueue, queueCapacity: 2000, scheduler: class org.apache.hadoop.ipc.DefaultRpcScheduler, ipcBackoff: false.
2019-09-25 12:06:24,707 [Socket Reader #1 for port 44365] INFO  ipc.Server (Server.java:run(1074)) - Starting Socket Reader #1 for port 44365
2019-09-25 12:06:24,711 [main] INFO  ipc.CallQueueManager (CallQueueManager.java:<init>(84)) - Using callQueue: class java.util.concurrent.LinkedBlockingQueue, queueCapacity: 2000, scheduler: class org.apache.hadoop.ipc.DefaultRpcScheduler, ipcBackoff: false.
2019-09-25 12:06:24,712 [Socket Reader #1 for port 42187] INFO  ipc.Server (Server.java:run(1074)) - Starting Socket Reader #1 for port 42187
2019-09-25 12:06:24,714 [main] INFO  ipc.CallQueueManager (CallQueueManager.java:<init>(84)) - Using callQueue: class java.util.concurrent.LinkedBlockingQueue, queueCapacity: 2000, scheduler: class org.apache.hadoop.ipc.DefaultRpcScheduler, ipcBackoff: false.
2019-09-25 12:06:24,715 [Socket Reader #1 for port 33919] INFO  ipc.Server (Server.java:run(1074)) - Starting Socket Reader #1 for port 33919
2019-09-25 12:06:24,718 [main] INFO  hdfs.DFSUtil (DFSUtil.java:httpServerTemplateForNNAndJN(1641)) - Starting Web-server for scm at: http://0.0.0.0:0
2019-09-25 12:06:24,720 [main] INFO  server.AuthenticationFilter (AuthenticationFilter.java:constructSecretProvider(240)) - Unable to initialize FileSignerSecretProvider, falling back to use random secrets.
2019-09-25 12:06:24,721 [main] WARN  http.HttpRequestLog (HttpRequestLog.java:getRequestLog(97)) - Jetty request log can only be enabled using Log4j
2019-09-25 12:06:24,723 [main] INFO  http.HttpServer2 (HttpServer2.java:addGlobalFilter(975)) - Added global filter 'safety' (class=org.apache.hadoop.http.HttpServer2$QuotingInputFilter)
2019-09-25 12:06:24,724 [main] INFO  http.HttpServer2 (HttpServer2.java:addFilter(948)) - Added filter static_user_filter (class=org.apache.hadoop.http.lib.StaticUserWebFilter$StaticUserFilter) to context scm
2019-09-25 12:06:24,724 [main] INFO  http.HttpServer2 (HttpServer2.java:addFilter(958)) - Added filter static_user_filter (class=org.apache.hadoop.http.lib.StaticUserWebFilter$StaticUserFilter) to context static
2019-09-25 12:06:24,724 [main] INFO  http.HttpServer2 (HttpServer2.java:addFilter(958)) - Added filter static_user_filter (class=org.apache.hadoop.http.lib.StaticUserWebFilter$StaticUserFilter) to context logs
2019-09-25 12:06:24,726 [main] INFO  server.StorageContainerManager (StorageContainerManager.java:start(770)) - StorageContainerLocationProtocol RPC server is listening at /0.0.0.0:33919
2019-09-25 12:06:24,729 [main] WARN  impl.MetricsConfig (MetricsConfig.java:loadFirst(134)) - Cannot locate configuration: tried hadoop-metrics2-storagecontainermanager.properties,hadoop-metrics2.properties
2019-09-25 12:06:24,729 [main] INFO  impl.MetricsSystemImpl (MetricsSystemImpl.java:startTimer(374)) - Scheduled Metric snapshot period at 10 second(s).
2019-09-25 12:06:24,730 [main] INFO  impl.MetricsSystemImpl (MetricsSystemImpl.java:start(191)) - StorageContainerManager metrics system started
2019-09-25 12:06:25,014 [main] WARN  impl.MetricsSystemImpl (MetricsSystemImpl.java:register(276)) - Sink prometheus already exists!
2019-09-25 12:06:25,408 [main] INFO  server.SCMClientProtocolServer (SCMClientProtocolServer.java:start(151)) - RPC server for Client  is listening at /0.0.0.0:33919
2019-09-25 12:06:25,408 [IPC Server Responder] INFO  ipc.Server (Server.java:run(1314)) - IPC Server Responder: starting
2019-09-25 12:06:25,408 [IPC Server listener on 33919] INFO  ipc.Server (Server.java:run(1153)) - IPC Server listener on 33919: starting
2019-09-25 12:06:25,416 [main] INFO  server.StorageContainerManager (StorageContainerManager.java:start(780)) - ScmBlockLocationProtocol RPC server is listening at /0.0.0.0:42187
2019-09-25 12:06:25,416 [main] INFO  server.SCMBlockProtocolServer (SCMBlockProtocolServer.java:start(146)) - RPC server for Block Protocol is listening at /0.0.0.0:42187
2019-09-25 12:06:25,417 [IPC Server Responder] INFO  ipc.Server (Server.java:run(1314)) - IPC Server Responder: starting
2019-09-25 12:06:25,417 [IPC Server listener on 42187] INFO  ipc.Server (Server.java:run(1153)) - IPC Server listener on 42187: starting
2019-09-25 12:06:25,425 [main] INFO  server.StorageContainerManager (StorageContainerManager.java:start(784)) - ScmDatanodeProtocl RPC server is listening at /0.0.0.0:44365
2019-09-25 12:06:25,425 [main] INFO  server.SCMDatanodeProtocolServer (SCMDatanodeProtocolServer.java:start(191)) - RPC server for DataNodes is listening at /0.0.0.0:44365
2019-09-25 12:06:25,425 [IPC Server Responder] INFO  ipc.Server (Server.java:run(1314)) - IPC Server Responder: starting
2019-09-25 12:06:25,425 [IPC Server listener on 44365] INFO  ipc.Server (Server.java:run(1153)) - IPC Server listener on 44365: starting
2019-09-25 12:06:25,433 [main] INFO  http.HttpServer2 (HttpServer2.java:bindListener(1191)) - Jetty bound to port 41758
2019-09-25 12:06:25,434 [main] INFO  server.Server (Server.java:doStart(351)) - jetty-9.3.25.v20180904, build timestamp: 2018-09-04T21:11:46Z, git hash: 3ce520221d0240229c862b122d2b06c12a625732
2019-09-25 12:06:25,435 [main] INFO  handler.ContextHandler (ContextHandler.java:doStart(781)) - Started o.e.j.s.ServletContextHandler@37c2f0b4{/logs,file:///workdir/hadoop-ozone/integration-test/target/log,AVAILABLE}
2019-09-25 12:06:25,436 [main] INFO  handler.ContextHandler (ContextHandler.java:doStart(781)) - Started o.e.j.s.ServletContextHandler@4522d793{/static,file:///workdir/hadoop-ozone/integration-test/target/test-classes/webapps/static,AVAILABLE}
2019-09-25 12:06:25,442 [main] INFO  handler.ContextHandler (ContextHandler.java:doStart(781)) - Started o.e.j.w.WebAppContext@67eeb310{/,file:///workdir/hadoop-ozone/integration-test/target/test-classes/webapps/scm/,AVAILABLE}{/scm}
2019-09-25 12:06:25,443 [main] INFO  server.AbstractConnector (AbstractConnector.java:doStart(278)) - Started ServerConnector@76af51d6{HTTP/1.1,[http/1.1]}{0.0.0.0:41758}
2019-09-25 12:06:25,445 [main] INFO  server.Server (Server.java:doStart(419)) - Started @579089ms
2019-09-25 12:06:25,445 [main] WARN  impl.MetricsSystemImpl (MetricsSystemImpl.java:register(276)) - Sink prometheus already exists!
2019-09-25 12:06:25,446 [main] INFO  server.BaseHttpServer (BaseHttpServer.java:updateConnectorAddress(215)) - HTTP server of SCM is listening at http://0.0.0.0:41758
2019-09-25 12:06:25,447 [main] WARN  server.ServerUtils (ServerUtils.java:getDBPath(222)) - ozone.om.db.dirs is not configured. We recommend adding this setting. Falling back to ozone.metadata.dirs instead.
2019-09-25 12:06:25,449 [org.apache.hadoop.util.JvmPauseMonitor$Monitor@1930a804] INFO  util.JvmPauseMonitor (JvmPauseMonitor.java:run(188)) - Starting JVM pause monitor
2019-09-25 12:06:25,474 [main] WARN  server.ServerUtils (ServerUtils.java:getDBPath(222)) - ozone.om.db.dirs is not configured. We recommend adding this setting. Falling back to ozone.metadata.dirs instead.
2019-09-25 12:06:25,475 [main] WARN  server.ServerUtils (ServerUtils.java:getDBPath(222)) - ozone.om.db.dirs is not configured. We recommend adding this setting. Falling back to ozone.metadata.dirs instead.
2019-09-25 12:06:25,475 [main] INFO  om.OzoneManager (OzoneManager.java:setOMNodeDetails(652)) - OM Service ID is not set. Setting it to the default ID: omServiceIdDefault
2019-09-25 12:06:25,476 [main] INFO  om.OzoneManager (OzoneManager.java:setOMNodeDetails(658)) - OM Node ID is not set. Setting it to the OmStorage's OmID: 45a0b63d-f8f9-4e0c-8a79-5ec3308015d5
2019-09-25 12:06:25,476 [main] INFO  om.OzoneManager (OzoneManager.java:loadOMHAConfigs(609)) - Found matching OM address with OMServiceId: null, OMNodeId: null, RPC Address: localhost:0 and Ratis port: 9872
2019-09-25 12:06:25,486 [main] WARN  server.ServerUtils (ServerUtils.java:getDBPath(222)) - ozone.om.db.dirs is not configured. We recommend adding this setting. Falling back to ozone.metadata.dirs instead.
2019-09-25 12:06:25,486 [main] INFO  db.DBStoreBuilder (DBStoreBuilder.java:addTable(110)) - using custom profile for table: userTable
2019-09-25 12:06:25,487 [main] INFO  db.DBStoreBuilder (DBStoreBuilder.java:processTables(161)) - Using default column profile:DBProfile.DISK for Table:userTable
2019-09-25 12:06:25,487 [main] INFO  db.DBStoreBuilder (DBStoreBuilder.java:addTable(110)) - using custom profile for table: volumeTable
2019-09-25 12:06:25,487 [main] INFO  db.DBStoreBuilder (DBStoreBuilder.java:processTables(161)) - Using default column profile:DBProfile.DISK for Table:volumeTable
2019-09-25 12:06:25,488 [main] INFO  db.DBStoreBuilder (DBStoreBuilder.java:addTable(110)) - using custom profile for table: bucketTable
2019-09-25 12:06:25,488 [main] INFO  db.DBStoreBuilder (DBStoreBuilder.java:processTables(161)) - Using default column profile:DBProfile.DISK for Table:bucketTable
2019-09-25 12:06:25,488 [main] INFO  db.DBStoreBuilder (DBStoreBuilder.java:addTable(110)) - using custom profile for table: keyTable
2019-09-25 12:06:25,488 [main] INFO  db.DBStoreBuilder (DBStoreBuilder.java:processTables(161)) - Using default column profile:DBProfile.DISK for Table:keyTable
2019-09-25 12:06:25,489 [main] INFO  db.DBStoreBuilder (DBStoreBuilder.java:addTable(110)) - using custom profile for table: deletedTable
2019-09-25 12:06:25,489 [main] INFO  db.DBStoreBuilder (DBStoreBuilder.java:processTables(161)) - Using default column profile:DBProfile.DISK for Table:deletedTable
2019-09-25 12:06:25,489 [main] INFO  db.DBStoreBuilder (DBStoreBuilder.java:addTable(110)) - using custom profile for table: openKeyTable
2019-09-25 12:06:25,489 [main] INFO  db.DBStoreBuilder (DBStoreBuilder.java:processTables(161)) - Using default column profile:DBProfile.DISK for Table:openKeyTable
2019-09-25 12:06:25,490 [main] INFO  db.DBStoreBuilder (DBStoreBuilder.java:addTable(110)) - using custom profile for table: s3Table
2019-09-25 12:06:25,490 [main] INFO  db.DBStoreBuilder (DBStoreBuilder.java:processTables(161)) - Using default column profile:DBProfile.DISK for Table:s3Table
2019-09-25 12:06:25,490 [main] INFO  db.DBStoreBuilder (DBStoreBuilder.java:addTable(110)) - using custom profile for table: multipartInfoTable
2019-09-25 12:06:25,490 [main] INFO  db.DBStoreBuilder (DBStoreBuilder.java:processTables(161)) - Using default column profile:DBProfile.DISK for Table:multipartInfoTable
2019-09-25 12:06:25,491 [main] INFO  db.DBStoreBuilder (DBStoreBuilder.java:addTable(110)) - using custom profile for table: dTokenTable
2019-09-25 12:06:25,491 [main] INFO  db.DBStoreBuilder (DBStoreBuilder.java:processTables(161)) - Using default column profile:DBProfile.DISK for Table:dTokenTable
2019-09-25 12:06:25,491 [main] INFO  db.DBStoreBuilder (DBStoreBuilder.java:addTable(110)) - using custom profile for table: s3SecretTable
2019-09-25 12:06:25,492 [main] INFO  db.DBStoreBuilder (DBStoreBuilder.java:processTables(161)) - Using default column profile:DBProfile.DISK for Table:s3SecretTable
2019-09-25 12:06:25,492 [main] INFO  db.DBStoreBuilder (DBStoreBuilder.java:addTable(110)) - using custom profile for table: prefixTable
2019-09-25 12:06:25,492 [main] INFO  db.DBStoreBuilder (DBStoreBuilder.java:processTables(161)) - Using default column profile:DBProfile.DISK for Table:prefixTable
2019-09-25 12:06:25,492 [main] INFO  db.DBStoreBuilder (DBStoreBuilder.java:addTable(110)) - using custom profile for table: default
2019-09-25 12:06:25,493 [main] INFO  db.DBStoreBuilder (DBStoreBuilder.java:processTables(167)) - Using default column profile:DBProfile.DISK for Table:default
2019-09-25 12:06:25,493 [main] INFO  db.DBStoreBuilder (DBStoreBuilder.java:getDbProfile(198)) - Using default options. DBProfile.DISK
2019-09-25 12:06:25,993 [main] INFO  ipc.CallQueueManager (CallQueueManager.java:<init>(84)) - Using callQueue: class java.util.concurrent.LinkedBlockingQueue, queueCapacity: 2000, scheduler: class org.apache.hadoop.ipc.DefaultRpcScheduler, ipcBackoff: false.
2019-09-25 12:06:25,994 [Socket Reader #1 for port 44685] INFO  ipc.Server (Server.java:run(1074)) - Starting Socket Reader #1 for port 44685
2019-09-25 12:06:26,016 [main] INFO  om.OzoneManager (OzoneManager.java:start(1243)) - OzoneManager RPC server is listening at localhost/127.0.0.1:44685
2019-09-25 12:06:26,016 [main] INFO  impl.MetricsSystemImpl (MetricsSystemImpl.java:init(158)) - OzoneManager metrics system started (again)
2019-09-25 12:06:26,017 [IPC Server Responder] INFO  ipc.Server (Server.java:run(1314)) - IPC Server Responder: starting
2019-09-25 12:06:26,017 [IPC Server listener on 44685] INFO  ipc.Server (Server.java:run(1153)) - IPC Server listener on 44685: starting
2019-09-25 12:06:26,026 [main] INFO  hdfs.DFSUtil (DFSUtil.java:httpServerTemplateForNNAndJN(1641)) - Starting Web-server for ozoneManager at: http://0.0.0.0:0
2019-09-25 12:06:26,028 [main] INFO  server.AuthenticationFilter (AuthenticationFilter.java:constructSecretProvider(240)) - Unable to initialize FileSignerSecretProvider, falling back to use random secrets.
2019-09-25 12:06:26,029 [main] WARN  http.HttpRequestLog (HttpRequestLog.java:getRequestLog(97)) - Jetty request log can only be enabled using Log4j
2019-09-25 12:06:26,031 [main] INFO  http.HttpServer2 (HttpServer2.java:addGlobalFilter(975)) - Added global filter 'safety' (class=org.apache.hadoop.http.HttpServer2$QuotingInputFilter)
2019-09-25 12:06:26,032 [main] INFO  http.HttpServer2 (HttpServer2.java:addFilter(948)) - Added filter static_user_filter (class=org.apache.hadoop.http.lib.StaticUserWebFilter$StaticUserFilter) to context ozoneManager
2019-09-25 12:06:26,032 [main] INFO  http.HttpServer2 (HttpServer2.java:addFilter(958)) - Added filter static_user_filter (class=org.apache.hadoop.http.lib.StaticUserWebFilter$StaticUserFilter) to context logs
2019-09-25 12:06:26,032 [main] INFO  http.HttpServer2 (HttpServer2.java:addFilter(958)) - Added filter static_user_filter (class=org.apache.hadoop.http.lib.StaticUserWebFilter$StaticUserFilter) to context static
2019-09-25 12:06:26,033 [main] INFO  http.HttpServer2 (HttpServer2.java:bindListener(1191)) - Jetty bound to port 35387
2019-09-25 12:06:26,034 [main] INFO  server.Server (Server.java:doStart(351)) - jetty-9.3.25.v20180904, build timestamp: 2018-09-04T21:11:46Z, git hash: 3ce520221d0240229c862b122d2b06c12a625732
2019-09-25 12:06:26,036 [main] INFO  handler.ContextHandler (ContextHandler.java:doStart(781)) - Started o.e.j.s.ServletContextHandler@fcf9525{/logs,file:///workdir/hadoop-ozone/integration-test/target/log,AVAILABLE}
2019-09-25 12:06:26,036 [main] INFO  handler.ContextHandler (ContextHandler.java:doStart(781)) - Started o.e.j.s.ServletContextHandler@4243341e{/static,file:///workdir/hadoop-ozone/integration-test/target/test-classes/webapps/static,AVAILABLE}
2019-09-25 12:06:26,042 [main] INFO  handler.ContextHandler (ContextHandler.java:doStart(781)) - Started o.e.j.w.WebAppContext@e795a1d{/,file:///workdir/hadoop-ozone/integration-test/target/test-classes/webapps/ozoneManager/,AVAILABLE}{/ozoneManager}
2019-09-25 12:06:26,042 [main] INFO  server.AbstractConnector (AbstractConnector.java:doStart(278)) - Started ServerConnector@38c10190{HTTP/1.1,[http/1.1]}{0.0.0.0:35387}
2019-09-25 12:06:26,045 [main] INFO  server.Server (Server.java:doStart(419)) - Started @579689ms
2019-09-25 12:06:26,045 [main] WARN  impl.MetricsSystemImpl (MetricsSystemImpl.java:register(276)) - Sink prometheus already exists!
2019-09-25 12:06:26,046 [main] INFO  server.BaseHttpServer (BaseHttpServer.java:updateConnectorAddress(215)) - HTTP server of OZONEMANAGER is listening at http://0.0.0.0:35387
2019-09-25 12:06:26,068 [main] INFO  impl.MetricsSystemImpl (MetricsSystemImpl.java:init(158)) - HddsDatanode metrics system started (again)
2019-09-25 12:06:26,090 [main] INFO  ozone.HddsDatanodeService (HddsDatanodeService.java:start(184)) - HddsDatanodeService host:pr-hdds-1569-shd4m-3693607622 ip:192.168.151.73
2019-09-25 12:06:26,101 [main] INFO  volume.HddsVolume (HddsVolume.java:<init>(176)) - Creating Volume: /workdir/hadoop-ozone/integration-test/target/test-dir/MiniOzoneClusterImpl-587876f3-3d98-4cc8-9a43-bf4d205d7dbe/datanode-0/data/containers/hdds of  storage type : DISK and capacity : 1482555576320
2019-09-25 12:06:26,101 [main] INFO  volume.VolumeSet (VolumeSet.java:initializeVolumeSet(170)) - Added Volume : /workdir/hadoop-ozone/integration-test/target/test-dir/MiniOzoneClusterImpl-587876f3-3d98-4cc8-9a43-bf4d205d7dbe/datanode-0/data/containers/hdds to VolumeSet
2019-09-25 12:06:26,101 [main] INFO  volume.ThrottledAsyncChecker (ThrottledAsyncChecker.java:schedule(139)) - Scheduling a check for org.apache.hadoop.ozone.container.common.volume.HddsVolume@d28c214
2019-09-25 12:06:26,102 [main] INFO  volume.HddsVolumeChecker (HddsVolumeChecker.java:checkAllVolumes(202)) - Scheduled health check for volume org.apache.hadoop.ozone.container.common.volume.HddsVolume@d28c214
2019-09-25 12:06:26,120 [main] INFO  impl.RaftServerProxy (ConfUtils.java:logGet(43)) - raft.rpc.type = GRPC (default)
2019-09-25 12:06:26,121 [main] INFO  grpc.GrpcFactory (GrpcFactory.java:checkPooledByteBufAllocatorUseCacheForAllThreads(45)) - PERFORMANCE WARNING: useCacheForAllThreads is true that may cause Netty to create a lot garbage objects and, as a result, trigger GC.
	It is recommended to disable useCacheForAllThreads by setting -Dorg.apache.ratis.thirdparty.io.netty.allocator.useCacheForAllThreads=false in command line.
2019-09-25 12:06:26,121 [main] INFO  grpc.GrpcConfigKeys$Server (ConfUtils.java:logGet(43)) - raft.grpc.server.port = 0 (default)
2019-09-25 12:06:26,121 [main] INFO  server.GrpcService (ConfUtils.java:logGet(43)) - raft.grpc.message.size.max = 33570816 (custom)
2019-09-25 12:06:26,122 [main] INFO  server.RaftServerConfigKeys (ConfUtils.java:logGet(43)) - raft.server.log.appender.buffer.byte-limit = 33554432 (custom)
2019-09-25 12:06:26,122 [main] INFO  server.GrpcService (ConfUtils.java:logGet(43)) - raft.grpc.flow.control.window = 1MB (=1048576) (default)
2019-09-25 12:06:26,122 [main] INFO  server.RaftServerConfigKeys (ConfUtils.java:logGet(43)) - raft.server.rpc.request.timeout = 3000ms (default)
2019-09-25 12:06:26,123 [main] INFO  server.RaftServerConfigKeys (ConfUtils.java:logGet(43)) - raft.server.storage.dir = [/workdir/hadoop-ozone/integration-test/target/test-dir/MiniOzoneClusterImpl-587876f3-3d98-4cc8-9a43-bf4d205d7dbe/datanode-0/data/ratis] (custom)
2019-09-25 12:06:26,124 [main] INFO  hdfs.DFSUtil (DFSUtil.java:httpServerTemplateForNNAndJN(1641)) - Starting Web-server for hddsDatanode at: http://0.0.0.0:0
2019-09-25 12:06:26,126 [main] INFO  server.AuthenticationFilter (AuthenticationFilter.java:constructSecretProvider(240)) - Unable to initialize FileSignerSecretProvider, falling back to use random secrets.
2019-09-25 12:06:26,127 [main] WARN  http.HttpRequestLog (HttpRequestLog.java:getRequestLog(97)) - Jetty request log can only be enabled using Log4j
2019-09-25 12:06:26,129 [main] INFO  http.HttpServer2 (HttpServer2.java:addGlobalFilter(975)) - Added global filter 'safety' (class=org.apache.hadoop.http.HttpServer2$QuotingInputFilter)
2019-09-25 12:06:26,130 [main] INFO  http.HttpServer2 (HttpServer2.java:addFilter(948)) - Added filter static_user_filter (class=org.apache.hadoop.http.lib.StaticUserWebFilter$StaticUserFilter) to context hddsDatanode
2019-09-25 12:06:26,130 [main] INFO  http.HttpServer2 (HttpServer2.java:addFilter(958)) - Added filter static_user_filter (class=org.apache.hadoop.http.lib.StaticUserWebFilter$StaticUserFilter) to context static
2019-09-25 12:06:26,130 [main] INFO  http.HttpServer2 (HttpServer2.java:addFilter(958)) - Added filter static_user_filter (class=org.apache.hadoop.http.lib.StaticUserWebFilter$StaticUserFilter) to context logs
2019-09-25 12:06:26,131 [main] INFO  http.HttpServer2 (HttpServer2.java:bindListener(1191)) - Jetty bound to port 35595
2019-09-25 12:06:26,131 [main] INFO  server.Server (Server.java:doStart(351)) - jetty-9.3.25.v20180904, build timestamp: 2018-09-04T21:11:46Z, git hash: 3ce520221d0240229c862b122d2b06c12a625732
2019-09-25 12:06:26,133 [main] INFO  handler.ContextHandler (ContextHandler.java:doStart(781)) - Started o.e.j.s.ServletContextHandler@994544{/logs,file:///workdir/hadoop-ozone/integration-test/target/log,AVAILABLE}
2019-09-25 12:06:26,134 [main] INFO  handler.ContextHandler (ContextHandler.java:doStart(781)) - Started o.e.j.s.ServletContextHandler@6f0c45f4{/static,jar:file:/home/user/.m2/repository/org/apache/hadoop/hadoop-hdds-container-service/0.5.0-SNAPSHOT/hadoop-hdds-container-service-0.5.0-SNAPSHOT.jar!/webapps/static,AVAILABLE}
2019-09-25 12:06:26,179 [main] INFO  handler.ContextHandler (ContextHandler.java:doStart(781)) - Started o.e.j.w.WebAppContext@1124910c{/,file:///tmp/jetty-0.0.0.0-35595-hddsDatanode-_-any-503511424589532139.dir/webapp/,AVAILABLE}{/hddsDatanode}
2019-09-25 12:06:26,179 [main] INFO  server.AbstractConnector (AbstractConnector.java:doStart(278)) - Started ServerConnector@f849027{HTTP/1.1,[http/1.1]}{0.0.0.0:35595}
2019-09-25 12:06:26,182 [main] INFO  server.Server (Server.java:doStart(419)) - Started @579827ms
2019-09-25 12:06:26,183 [main] WARN  impl.MetricsSystemImpl (MetricsSystemImpl.java:register(276)) - Sink prometheus already exists!
2019-09-25 12:06:26,183 [main] INFO  server.BaseHttpServer (BaseHttpServer.java:updateConnectorAddress(215)) - HTTP server of HDDSDATANODE is listening at http://0.0.0.0:35595
2019-09-25 12:06:26,184 [main] INFO  impl.MetricsSystemImpl (MetricsSystemImpl.java:init(158)) - HddsDatanode metrics system started (again)
2019-09-25 12:06:26,202 [org.apache.hadoop.util.JvmPauseMonitor$Monitor@340de92b] INFO  util.JvmPauseMonitor (JvmPauseMonitor.java:run(188)) - Starting JVM pause monitor
2019-09-25 12:06:26,203 [main] INFO  ozone.HddsDatanodeService (HddsDatanodeService.java:start(184)) - HddsDatanodeService host:pr-hdds-1569-shd4m-3693607622 ip:192.168.151.73
2019-09-25 12:06:26,204 [Datanode State Machine Thread - 0] INFO  datanode.InitDatanodeState (InitDatanodeState.java:persistContainerDatanodeDetails(140)) - DatanodeDetails is persisted to /workdir/hadoop-ozone/integration-test/target/test-dir/MiniOzoneClusterImpl-587876f3-3d98-4cc8-9a43-bf4d205d7dbe/datanode-0/meta/datanode.id
2019-09-25 12:06:26,213 [main] INFO  volume.HddsVolume (HddsVolume.java:<init>(176)) - Creating Volume: /workdir/hadoop-ozone/integration-test/target/test-dir/MiniOzoneClusterImpl-587876f3-3d98-4cc8-9a43-bf4d205d7dbe/datanode-1/data/containers/hdds of  storage type : DISK and capacity : 1482555576320
2019-09-25 12:06:26,213 [main] INFO  volume.VolumeSet (VolumeSet.java:initializeVolumeSet(170)) - Added Volume : /workdir/hadoop-ozone/integration-test/target/test-dir/MiniOzoneClusterImpl-587876f3-3d98-4cc8-9a43-bf4d205d7dbe/datanode-1/data/containers/hdds to VolumeSet
2019-09-25 12:06:26,213 [main] INFO  volume.ThrottledAsyncChecker (ThrottledAsyncChecker.java:schedule(139)) - Scheduling a check for org.apache.hadoop.ozone.container.common.volume.HddsVolume@7c4d1c7b
2019-09-25 12:06:26,214 [main] INFO  volume.HddsVolumeChecker (HddsVolumeChecker.java:checkAllVolumes(202)) - Scheduled health check for volume org.apache.hadoop.ozone.container.common.volume.HddsVolume@7c4d1c7b
2019-09-25 12:06:26,236 [main] INFO  impl.RaftServerProxy (ConfUtils.java:logGet(43)) - raft.rpc.type = GRPC (default)
2019-09-25 12:06:26,237 [main] INFO  grpc.GrpcFactory (GrpcFactory.java:checkPooledByteBufAllocatorUseCacheForAllThreads(45)) - PERFORMANCE WARNING: useCacheForAllThreads is true that may cause Netty to create a lot garbage objects and, as a result, trigger GC.
	It is recommended to disable useCacheForAllThreads by setting -Dorg.apache.ratis.thirdparty.io.netty.allocator.useCacheForAllThreads=false in command line.
2019-09-25 12:06:26,237 [main] INFO  grpc.GrpcConfigKeys$Server (ConfUtils.java:logGet(43)) - raft.grpc.server.port = 0 (default)
2019-09-25 12:06:26,237 [main] INFO  server.GrpcService (ConfUtils.java:logGet(43)) - raft.grpc.message.size.max = 33570816 (custom)
2019-09-25 12:06:26,237 [main] INFO  server.RaftServerConfigKeys (ConfUtils.java:logGet(43)) - raft.server.log.appender.buffer.byte-limit = 33554432 (custom)
2019-09-25 12:06:26,238 [main] INFO  server.GrpcService (ConfUtils.java:logGet(43)) - raft.grpc.flow.control.window = 1MB (=1048576) (default)
2019-09-25 12:06:26,238 [main] INFO  server.RaftServerConfigKeys (ConfUtils.java:logGet(43)) - raft.server.rpc.request.timeout = 3000ms (default)
2019-09-25 12:06:26,238 [main] INFO  server.RaftServerConfigKeys (ConfUtils.java:logGet(43)) - raft.server.storage.dir = [/workdir/hadoop-ozone/integration-test/target/test-dir/MiniOzoneClusterImpl-587876f3-3d98-4cc8-9a43-bf4d205d7dbe/datanode-1/data/ratis] (custom)
2019-09-25 12:06:26,240 [main] INFO  hdfs.DFSUtil (DFSUtil.java:httpServerTemplateForNNAndJN(1641)) - Starting Web-server for hddsDatanode at: http://0.0.0.0:0
2019-09-25 12:06:26,241 [main] INFO  server.AuthenticationFilter (AuthenticationFilter.java:constructSecretProvider(240)) - Unable to initialize FileSignerSecretProvider, falling back to use random secrets.
2019-09-25 12:06:26,242 [main] WARN  http.HttpRequestLog (HttpRequestLog.java:getRequestLog(97)) - Jetty request log can only be enabled using Log4j
2019-09-25 12:06:26,244 [main] INFO  http.HttpServer2 (HttpServer2.java:addGlobalFilter(975)) - Added global filter 'safety' (class=org.apache.hadoop.http.HttpServer2$QuotingInputFilter)
2019-09-25 12:06:26,244 [main] INFO  http.HttpServer2 (HttpServer2.java:addFilter(948)) - Added filter static_user_filter (class=org.apache.hadoop.http.lib.StaticUserWebFilter$StaticUserFilter) to context hddsDatanode
2019-09-25 12:06:26,245 [main] INFO  http.HttpServer2 (HttpServer2.java:addFilter(958)) - Added filter static_user_filter (class=org.apache.hadoop.http.lib.StaticUserWebFilter$StaticUserFilter) to context logs
2019-09-25 12:06:26,245 [main] INFO  http.HttpServer2 (HttpServer2.java:addFilter(958)) - Added filter static_user_filter (class=org.apache.hadoop.http.lib.StaticUserWebFilter$StaticUserFilter) to context static
2019-09-25 12:06:26,245 [main] INFO  http.HttpServer2 (HttpServer2.java:bindListener(1191)) - Jetty bound to port 42622
2019-09-25 12:06:26,246 [main] INFO  server.Server (Server.java:doStart(351)) - jetty-9.3.25.v20180904, build timestamp: 2018-09-04T21:11:46Z, git hash: 3ce520221d0240229c862b122d2b06c12a625732
2019-09-25 12:06:26,248 [main] INFO  handler.ContextHandler (ContextHandler.java:doStart(781)) - Started o.e.j.s.ServletContextHandler@9c0d0bd{/logs,file:///workdir/hadoop-ozone/integration-test/target/log,AVAILABLE}
2019-09-25 12:06:26,248 [main] INFO  handler.ContextHandler (ContextHandler.java:doStart(781)) - Started o.e.j.s.ServletContextHandler@18e6b72b{/static,jar:file:/home/user/.m2/repository/org/apache/hadoop/hadoop-hdds-container-service/0.5.0-SNAPSHOT/hadoop-hdds-container-service-0.5.0-SNAPSHOT.jar!/webapps/static,AVAILABLE}
2019-09-25 12:06:26,286 [main] INFO  handler.ContextHandler (ContextHandler.java:doStart(781)) - Started o.e.j.w.WebAppContext@47eaf55c{/,file:///tmp/jetty-0.0.0.0-42622-hddsDatanode-_-any-7071094555110664424.dir/webapp/,AVAILABLE}{/hddsDatanode}
2019-09-25 12:06:26,286 [main] INFO  server.AbstractConnector (AbstractConnector.java:doStart(278)) - Started ServerConnector@2c0798bd{HTTP/1.1,[http/1.1]}{0.0.0.0:42622}
2019-09-25 12:06:26,289 [main] INFO  server.Server (Server.java:doStart(419)) - Started @579934ms
2019-09-25 12:06:26,290 [main] WARN  impl.MetricsSystemImpl (MetricsSystemImpl.java:register(276)) - Sink prometheus already exists!
2019-09-25 12:06:26,290 [main] INFO  server.BaseHttpServer (BaseHttpServer.java:updateConnectorAddress(215)) - HTTP server of HDDSDATANODE is listening at http://0.0.0.0:42622
2019-09-25 12:06:26,291 [main] INFO  impl.MetricsSystemImpl (MetricsSystemImpl.java:init(158)) - HddsDatanode metrics system started (again)
2019-09-25 12:06:26,312 [org.apache.hadoop.util.JvmPauseMonitor$Monitor@429371cc] INFO  util.JvmPauseMonitor (JvmPauseMonitor.java:run(188)) - Starting JVM pause monitor
2019-09-25 12:06:26,313 [Datanode State Machine Thread - 0] INFO  datanode.InitDatanodeState (InitDatanodeState.java:persistContainerDatanodeDetails(140)) - DatanodeDetails is persisted to /workdir/hadoop-ozone/integration-test/target/test-dir/MiniOzoneClusterImpl-587876f3-3d98-4cc8-9a43-bf4d205d7dbe/datanode-1/meta/datanode.id
2019-09-25 12:06:26,314 [main] INFO  ozone.HddsDatanodeService (HddsDatanodeService.java:start(184)) - HddsDatanodeService host:pr-hdds-1569-shd4m-3693607622 ip:192.168.151.73
2019-09-25 12:06:26,324 [main] INFO  volume.HddsVolume (HddsVolume.java:<init>(176)) - Creating Volume: /workdir/hadoop-ozone/integration-test/target/test-dir/MiniOzoneClusterImpl-587876f3-3d98-4cc8-9a43-bf4d205d7dbe/datanode-2/data/containers/hdds of  storage type : DISK and capacity : 1482555576320
2019-09-25 12:06:26,324 [main] INFO  volume.VolumeSet (VolumeSet.java:initializeVolumeSet(170)) - Added Volume : /workdir/hadoop-ozone/integration-test/target/test-dir/MiniOzoneClusterImpl-587876f3-3d98-4cc8-9a43-bf4d205d7dbe/datanode-2/data/containers/hdds to VolumeSet
2019-09-25 12:06:26,325 [main] INFO  volume.ThrottledAsyncChecker (ThrottledAsyncChecker.java:schedule(139)) - Scheduling a check for org.apache.hadoop.ozone.container.common.volume.HddsVolume@5238896f
2019-09-25 12:06:26,325 [main] INFO  volume.HddsVolumeChecker (HddsVolumeChecker.java:checkAllVolumes(202)) - Scheduled health check for volume org.apache.hadoop.ozone.container.common.volume.HddsVolume@5238896f
2019-09-25 12:06:26,346 [main] INFO  impl.RaftServerProxy (ConfUtils.java:logGet(43)) - raft.rpc.type = GRPC (default)
2019-09-25 12:06:26,346 [main] INFO  grpc.GrpcFactory (GrpcFactory.java:checkPooledByteBufAllocatorUseCacheForAllThreads(45)) - PERFORMANCE WARNING: useCacheForAllThreads is true that may cause Netty to create a lot garbage objects and, as a result, trigger GC.
	It is recommended to disable useCacheForAllThreads by setting -Dorg.apache.ratis.thirdparty.io.netty.allocator.useCacheForAllThreads=false in command line.
2019-09-25 12:06:26,346 [main] INFO  grpc.GrpcConfigKeys$Server (ConfUtils.java:logGet(43)) - raft.grpc.server.port = 0 (default)
2019-09-25 12:06:26,347 [main] INFO  server.GrpcService (ConfUtils.java:logGet(43)) - raft.grpc.message.size.max = 33570816 (custom)
2019-09-25 12:06:26,347 [main] INFO  server.RaftServerConfigKeys (ConfUtils.java:logGet(43)) - raft.server.log.appender.buffer.byte-limit = 33554432 (custom)
2019-09-25 12:06:26,347 [main] INFO  server.GrpcService (ConfUtils.java:logGet(43)) - raft.grpc.flow.control.window = 1MB (=1048576) (default)
2019-09-25 12:06:26,348 [main] INFO  server.RaftServerConfigKeys (ConfUtils.java:logGet(43)) - raft.server.rpc.request.timeout = 3000ms (default)
2019-09-25 12:06:26,348 [main] INFO  server.RaftServerConfigKeys (ConfUtils.java:logGet(43)) - raft.server.storage.dir = [/workdir/hadoop-ozone/integration-test/target/test-dir/MiniOzoneClusterImpl-587876f3-3d98-4cc8-9a43-bf4d205d7dbe/datanode-2/data/ratis] (custom)
2019-09-25 12:06:26,350 [main] INFO  hdfs.DFSUtil (DFSUtil.java:httpServerTemplateForNNAndJN(1641)) - Starting Web-server for hddsDatanode at: http://0.0.0.0:0
2019-09-25 12:06:26,351 [main] INFO  server.AuthenticationFilter (AuthenticationFilter.java:constructSecretProvider(240)) - Unable to initialize FileSignerSecretProvider, falling back to use random secrets.
2019-09-25 12:06:26,352 [main] WARN  http.HttpRequestLog (HttpRequestLog.java:getRequestLog(97)) - Jetty request log can only be enabled using Log4j
2019-09-25 12:06:26,354 [main] INFO  http.HttpServer2 (HttpServer2.java:addGlobalFilter(975)) - Added global filter 'safety' (class=org.apache.hadoop.http.HttpServer2$QuotingInputFilter)
2019-09-25 12:06:26,354 [main] INFO  http.HttpServer2 (HttpServer2.java:addFilter(948)) - Added filter static_user_filter (class=org.apache.hadoop.http.lib.StaticUserWebFilter$StaticUserFilter) to context hddsDatanode
2019-09-25 12:06:26,354 [main] INFO  http.HttpServer2 (HttpServer2.java:addFilter(958)) - Added filter static_user_filter (class=org.apache.hadoop.http.lib.StaticUserWebFilter$StaticUserFilter) to context logs
2019-09-25 12:06:26,355 [main] INFO  http.HttpServer2 (HttpServer2.java:addFilter(958)) - Added filter static_user_filter (class=org.apache.hadoop.http.lib.StaticUserWebFilter$StaticUserFilter) to context static
2019-09-25 12:06:26,355 [main] INFO  http.HttpServer2 (HttpServer2.java:bindListener(1191)) - Jetty bound to port 42039
2019-09-25 12:06:26,356 [main] INFO  server.Server (Server.java:doStart(351)) - jetty-9.3.25.v20180904, build timestamp: 2018-09-04T21:11:46Z, git hash: 3ce520221d0240229c862b122d2b06c12a625732
2019-09-25 12:06:26,357 [main] INFO  handler.ContextHandler (ContextHandler.java:doStart(781)) - Started o.e.j.s.ServletContextHandler@4c5f7b4f{/logs,file:///workdir/hadoop-ozone/integration-test/target/log,AVAILABLE}
2019-09-25 12:06:26,358 [main] INFO  handler.ContextHandler (ContextHandler.java:doStart(781)) - Started o.e.j.s.ServletContextHandler@44084713{/static,jar:file:/home/user/.m2/repository/org/apache/hadoop/hadoop-hdds-container-service/0.5.0-SNAPSHOT/hadoop-hdds-container-service-0.5.0-SNAPSHOT.jar!/webapps/static,AVAILABLE}
2019-09-25 12:06:26,395 [main] INFO  handler.ContextHandler (ContextHandler.java:doStart(781)) - Started o.e.j.w.WebAppContext@38d525aa{/,file:///tmp/jetty-0.0.0.0-42039-hddsDatanode-_-any-6129170059013858000.dir/webapp/,AVAILABLE}{/hddsDatanode}
2019-09-25 12:06:26,396 [main] INFO  server.AbstractConnector (AbstractConnector.java:doStart(278)) - Started ServerConnector@f9b8129{HTTP/1.1,[http/1.1]}{0.0.0.0:42039}
2019-09-25 12:06:26,400 [main] INFO  server.Server (Server.java:doStart(419)) - Started @580045ms
2019-09-25 12:06:26,400 [main] WARN  impl.MetricsSystemImpl (MetricsSystemImpl.java:register(276)) - Sink prometheus already exists!
2019-09-25 12:06:26,401 [main] INFO  server.BaseHttpServer (BaseHttpServer.java:updateConnectorAddress(215)) - HTTP server of HDDSDATANODE is listening at http://0.0.0.0:42039
2019-09-25 12:06:26,401 [main] INFO  impl.MetricsSystemImpl (MetricsSystemImpl.java:init(158)) - HddsDatanode metrics system started (again)
2019-09-25 12:06:26,422 [org.apache.hadoop.util.JvmPauseMonitor$Monitor@2aa35151] INFO  util.JvmPauseMonitor (JvmPauseMonitor.java:run(188)) - Starting JVM pause monitor
2019-09-25 12:06:26,423 [main] INFO  ozone.HddsDatanodeService (HddsDatanodeService.java:start(184)) - HddsDatanodeService host:pr-hdds-1569-shd4m-3693607622 ip:192.168.151.73
2019-09-25 12:06:26,423 [Datanode State Machine Thread - 0] INFO  datanode.InitDatanodeState (InitDatanodeState.java:persistContainerDatanodeDetails(140)) - DatanodeDetails is persisted to /workdir/hadoop-ozone/integration-test/target/test-dir/MiniOzoneClusterImpl-587876f3-3d98-4cc8-9a43-bf4d205d7dbe/datanode-2/meta/datanode.id
2019-09-25 12:06:26,433 [main] INFO  volume.HddsVolume (HddsVolume.java:<init>(176)) - Creating Volume: /workdir/hadoop-ozone/integration-test/target/test-dir/MiniOzoneClusterImpl-587876f3-3d98-4cc8-9a43-bf4d205d7dbe/datanode-3/data/containers/hdds of  storage type : DISK and capacity : 1482555576320
2019-09-25 12:06:26,433 [main] INFO  volume.VolumeSet (VolumeSet.java:initializeVolumeSet(170)) - Added Volume : /workdir/hadoop-ozone/integration-test/target/test-dir/MiniOzoneClusterImpl-587876f3-3d98-4cc8-9a43-bf4d205d7dbe/datanode-3/data/containers/hdds to VolumeSet
2019-09-25 12:06:26,434 [main] INFO  volume.ThrottledAsyncChecker (ThrottledAsyncChecker.java:schedule(139)) - Scheduling a check for org.apache.hadoop.ozone.container.common.volume.HddsVolume@4b691611
2019-09-25 12:06:26,434 [main] INFO  volume.HddsVolumeChecker (HddsVolumeChecker.java:checkAllVolumes(202)) - Scheduled health check for volume org.apache.hadoop.ozone.container.common.volume.HddsVolume@4b691611
2019-09-25 12:06:26,454 [main] INFO  impl.RaftServerProxy (ConfUtils.java:logGet(43)) - raft.rpc.type = GRPC (default)
2019-09-25 12:06:26,454 [main] INFO  grpc.GrpcFactory (GrpcFactory.java:checkPooledByteBufAllocatorUseCacheForAllThreads(45)) - PERFORMANCE WARNING: useCacheForAllThreads is true that may cause Netty to create a lot garbage objects and, as a result, trigger GC.
	It is recommended to disable useCacheForAllThreads by setting -Dorg.apache.ratis.thirdparty.io.netty.allocator.useCacheForAllThreads=false in command line.
2019-09-25 12:06:26,455 [main] INFO  grpc.GrpcConfigKeys$Server (ConfUtils.java:logGet(43)) - raft.grpc.server.port = 0 (default)
2019-09-25 12:06:26,455 [main] INFO  server.GrpcService (ConfUtils.java:logGet(43)) - raft.grpc.message.size.max = 33570816 (custom)
2019-09-25 12:06:26,455 [main] INFO  server.RaftServerConfigKeys (ConfUtils.java:logGet(43)) - raft.server.log.appender.buffer.byte-limit = 33554432 (custom)
2019-09-25 12:06:26,455 [main] INFO  server.GrpcService (ConfUtils.java:logGet(43)) - raft.grpc.flow.control.window = 1MB (=1048576) (default)
2019-09-25 12:06:26,456 [main] INFO  server.RaftServerConfigKeys (ConfUtils.java:logGet(43)) - raft.server.rpc.request.timeout = 3000ms (default)
2019-09-25 12:06:26,456 [main] INFO  server.RaftServerConfigKeys (ConfUtils.java:logGet(43)) - raft.server.storage.dir = [/workdir/hadoop-ozone/integration-test/target/test-dir/MiniOzoneClusterImpl-587876f3-3d98-4cc8-9a43-bf4d205d7dbe/datanode-3/data/ratis] (custom)
2019-09-25 12:06:26,458 [main] INFO  hdfs.DFSUtil (DFSUtil.java:httpServerTemplateForNNAndJN(1641)) - Starting Web-server for hddsDatanode at: http://0.0.0.0:0
2019-09-25 12:06:26,459 [main] INFO  server.AuthenticationFilter (AuthenticationFilter.java:constructSecretProvider(240)) - Unable to initialize FileSignerSecretProvider, falling back to use random secrets.
2019-09-25 12:06:26,460 [main] WARN  http.HttpRequestLog (HttpRequestLog.java:getRequestLog(97)) - Jetty request log can only be enabled using Log4j
2019-09-25 12:06:26,461 [main] INFO  http.HttpServer2 (HttpServer2.java:addGlobalFilter(975)) - Added global filter 'safety' (class=org.apache.hadoop.http.HttpServer2$QuotingInputFilter)
2019-09-25 12:06:26,461 [main] INFO  http.HttpServer2 (HttpServer2.java:addFilter(948)) - Added filter static_user_filter (class=org.apache.hadoop.http.lib.StaticUserWebFilter$StaticUserFilter) to context hddsDatanode
2019-09-25 12:06:26,461 [main] INFO  http.HttpServer2 (HttpServer2.java:addFilter(958)) - Added filter static_user_filter (class=org.apache.hadoop.http.lib.StaticUserWebFilter$StaticUserFilter) to context static
2019-09-25 12:06:26,462 [main] INFO  http.HttpServer2 (HttpServer2.java:addFilter(958)) - Added filter static_user_filter (class=org.apache.hadoop.http.lib.StaticUserWebFilter$StaticUserFilter) to context logs
2019-09-25 12:06:26,462 [main] INFO  http.HttpServer2 (HttpServer2.java:bindListener(1191)) - Jetty bound to port 36530
2019-09-25 12:06:26,462 [main] INFO  server.Server (Server.java:doStart(351)) - jetty-9.3.25.v20180904, build timestamp: 2018-09-04T21:11:46Z, git hash: 3ce520221d0240229c862b122d2b06c12a625732
2019-09-25 12:06:26,464 [main] INFO  handler.ContextHandler (ContextHandler.java:doStart(781)) - Started o.e.j.s.ServletContextHandler@5817f1ca{/logs,file:///workdir/hadoop-ozone/integration-test/target/log,AVAILABLE}
2019-09-25 12:06:26,464 [main] INFO  handler.ContextHandler (ContextHandler.java:doStart(781)) - Started o.e.j.s.ServletContextHandler@726a8729{/static,jar:file:/home/user/.m2/repository/org/apache/hadoop/hadoop-hdds-container-service/0.5.0-SNAPSHOT/hadoop-hdds-container-service-0.5.0-SNAPSHOT.jar!/webapps/static,AVAILABLE}
2019-09-25 12:06:26,491 [main] INFO  handler.ContextHandler (ContextHandler.java:doStart(781)) - Started o.e.j.w.WebAppContext@844e66d{/,file:///tmp/jetty-0.0.0.0-36530-hddsDatanode-_-any-3505954674705368292.dir/webapp/,AVAILABLE}{/hddsDatanode}
2019-09-25 12:06:26,492 [main] INFO  server.AbstractConnector (AbstractConnector.java:doStart(278)) - Started ServerConnector@5b665a30{HTTP/1.1,[http/1.1]}{0.0.0.0:36530}
2019-09-25 12:06:26,496 [main] INFO  server.Server (Server.java:doStart(419)) - Started @580141ms
2019-09-25 12:06:26,496 [main] WARN  impl.MetricsSystemImpl (MetricsSystemImpl.java:register(276)) - Sink prometheus already exists!
2019-09-25 12:06:26,497 [main] INFO  server.BaseHttpServer (BaseHttpServer.java:updateConnectorAddress(215)) - HTTP server of HDDSDATANODE is listening at http://0.0.0.0:36530
2019-09-25 12:06:26,497 [main] INFO  impl.MetricsSystemImpl (MetricsSystemImpl.java:init(158)) - HddsDatanode metrics system started (again)
2019-09-25 12:06:26,516 [org.apache.hadoop.util.JvmPauseMonitor$Monitor@59356d5e] INFO  util.JvmPauseMonitor (JvmPauseMonitor.java:run(188)) - Starting JVM pause monitor
2019-09-25 12:06:26,518 [main] INFO  ozone.HddsDatanodeService (HddsDatanodeService.java:start(184)) - HddsDatanodeService host:pr-hdds-1569-shd4m-3693607622 ip:192.168.151.73
2019-09-25 12:06:26,518 [Datanode State Machine Thread - 0] INFO  datanode.InitDatanodeState (InitDatanodeState.java:persistContainerDatanodeDetails(140)) - DatanodeDetails is persisted to /workdir/hadoop-ozone/integration-test/target/test-dir/MiniOzoneClusterImpl-587876f3-3d98-4cc8-9a43-bf4d205d7dbe/datanode-3/meta/datanode.id
2019-09-25 12:06:26,526 [main] INFO  volume.HddsVolume (HddsVolume.java:<init>(176)) - Creating Volume: /workdir/hadoop-ozone/integration-test/target/test-dir/MiniOzoneClusterImpl-587876f3-3d98-4cc8-9a43-bf4d205d7dbe/datanode-4/data/containers/hdds of  storage type : DISK and capacity : 1482555576320
2019-09-25 12:06:26,526 [main] INFO  volume.VolumeSet (VolumeSet.java:initializeVolumeSet(170)) - Added Volume : /workdir/hadoop-ozone/integration-test/target/test-dir/MiniOzoneClusterImpl-587876f3-3d98-4cc8-9a43-bf4d205d7dbe/datanode-4/data/containers/hdds to VolumeSet
2019-09-25 12:06:26,526 [main] INFO  volume.ThrottledAsyncChecker (ThrottledAsyncChecker.java:schedule(139)) - Scheduling a check for org.apache.hadoop.ozone.container.common.volume.HddsVolume@709d86a2
2019-09-25 12:06:26,528 [main] INFO  volume.HddsVolumeChecker (HddsVolumeChecker.java:checkAllVolumes(202)) - Scheduled health check for volume org.apache.hadoop.ozone.container.common.volume.HddsVolume@709d86a2
2019-09-25 12:06:26,542 [main] INFO  impl.RaftServerProxy (ConfUtils.java:logGet(43)) - raft.rpc.type = GRPC (default)
2019-09-25 12:06:26,542 [main] INFO  grpc.GrpcFactory (GrpcFactory.java:checkPooledByteBufAllocatorUseCacheForAllThreads(45)) - PERFORMANCE WARNING: useCacheForAllThreads is true that may cause Netty to create a lot garbage objects and, as a result, trigger GC.
	It is recommended to disable useCacheForAllThreads by setting -Dorg.apache.ratis.thirdparty.io.netty.allocator.useCacheForAllThreads=false in command line.
2019-09-25 12:06:26,542 [main] INFO  grpc.GrpcConfigKeys$Server (ConfUtils.java:logGet(43)) - raft.grpc.server.port = 0 (default)
2019-09-25 12:06:26,543 [main] INFO  server.GrpcService (ConfUtils.java:logGet(43)) - raft.grpc.message.size.max = 33570816 (custom)
2019-09-25 12:06:26,543 [main] INFO  server.RaftServerConfigKeys (ConfUtils.java:logGet(43)) - raft.server.log.appender.buffer.byte-limit = 33554432 (custom)
2019-09-25 12:06:26,543 [main] INFO  server.GrpcService (ConfUtils.java:logGet(43)) - raft.grpc.flow.control.window = 1MB (=1048576) (default)
2019-09-25 12:06:26,543 [main] INFO  server.RaftServerConfigKeys (ConfUtils.java:logGet(43)) - raft.server.rpc.request.timeout = 3000ms (default)
2019-09-25 12:06:26,544 [main] INFO  server.RaftServerConfigKeys (ConfUtils.java:logGet(43)) - raft.server.storage.dir = [/workdir/hadoop-ozone/integration-test/target/test-dir/MiniOzoneClusterImpl-587876f3-3d98-4cc8-9a43-bf4d205d7dbe/datanode-4/data/ratis] (custom)
2019-09-25 12:06:26,545 [main] INFO  hdfs.DFSUtil (DFSUtil.java:httpServerTemplateForNNAndJN(1641)) - Starting Web-server for hddsDatanode at: http://0.0.0.0:0
2019-09-25 12:06:26,546 [main] INFO  server.AuthenticationFilter (AuthenticationFilter.java:constructSecretProvider(240)) - Unable to initialize FileSignerSecretProvider, falling back to use random secrets.
2019-09-25 12:06:26,547 [main] WARN  http.HttpRequestLog (HttpRequestLog.java:getRequestLog(97)) - Jetty request log can only be enabled using Log4j
2019-09-25 12:06:26,548 [main] INFO  http.HttpServer2 (HttpServer2.java:addGlobalFilter(975)) - Added global filter 'safety' (class=org.apache.hadoop.http.HttpServer2$QuotingInputFilter)
2019-09-25 12:06:26,548 [main] INFO  http.HttpServer2 (HttpServer2.java:addFilter(948)) - Added filter static_user_filter (class=org.apache.hadoop.http.lib.StaticUserWebFilter$StaticUserFilter) to context hddsDatanode
2019-09-25 12:06:26,549 [main] INFO  http.HttpServer2 (HttpServer2.java:addFilter(958)) - Added filter static_user_filter (class=org.apache.hadoop.http.lib.StaticUserWebFilter$StaticUserFilter) to context logs
2019-09-25 12:06:26,549 [main] INFO  http.HttpServer2 (HttpServer2.java:addFilter(958)) - Added filter static_user_filter (class=org.apache.hadoop.http.lib.StaticUserWebFilter$StaticUserFilter) to context static
2019-09-25 12:06:26,549 [main] INFO  http.HttpServer2 (HttpServer2.java:bindListener(1191)) - Jetty bound to port 38922
2019-09-25 12:06:26,550 [main] INFO  server.Server (Server.java:doStart(351)) - jetty-9.3.25.v20180904, build timestamp: 2018-09-04T21:11:46Z, git hash: 3ce520221d0240229c862b122d2b06c12a625732
2019-09-25 12:06:26,551 [main] INFO  handler.ContextHandler (ContextHandler.java:doStart(781)) - Started o.e.j.s.ServletContextHandler@5c76fce4{/logs,file:///workdir/hadoop-ozone/integration-test/target/log,AVAILABLE}
2019-09-25 12:06:26,552 [main] INFO  handler.ContextHandler (ContextHandler.java:doStart(781)) - Started o.e.j.s.ServletContextHandler@5408d4b3{/static,jar:file:/home/user/.m2/repository/org/apache/hadoop/hadoop-hdds-container-service/0.5.0-SNAPSHOT/hadoop-hdds-container-service-0.5.0-SNAPSHOT.jar!/webapps/static,AVAILABLE}
2019-09-25 12:06:26,581 [main] INFO  handler.ContextHandler (ContextHandler.java:doStart(781)) - Started o.e.j.w.WebAppContext@144a5e6e{/,file:///tmp/jetty-0.0.0.0-38922-hddsDatanode-_-any-9054253258107774358.dir/webapp/,AVAILABLE}{/hddsDatanode}
2019-09-25 12:06:26,582 [main] INFO  server.AbstractConnector (AbstractConnector.java:doStart(278)) - Started ServerConnector@2707c790{HTTP/1.1,[http/1.1]}{0.0.0.0:38922}
2019-09-25 12:06:26,585 [main] INFO  server.Server (Server.java:doStart(419)) - Started @580229ms
2019-09-25 12:06:26,585 [main] WARN  impl.MetricsSystemImpl (MetricsSystemImpl.java:register(276)) - Sink prometheus already exists!
2019-09-25 12:06:26,585 [main] INFO  server.BaseHttpServer (BaseHttpServer.java:updateConnectorAddress(215)) - HTTP server of HDDSDATANODE is listening at http://0.0.0.0:38922
2019-09-25 12:06:26,586 [main] INFO  impl.MetricsSystemImpl (MetricsSystemImpl.java:init(158)) - HddsDatanode metrics system started (again)
2019-09-25 12:06:26,602 [org.apache.hadoop.util.JvmPauseMonitor$Monitor@467a683f] INFO  util.JvmPauseMonitor (JvmPauseMonitor.java:run(188)) - Starting JVM pause monitor
2019-09-25 12:06:26,603 [main] INFO  ozone.HddsDatanodeService (HddsDatanodeService.java:start(184)) - HddsDatanodeService host:pr-hdds-1569-shd4m-3693607622 ip:192.168.151.73
2019-09-25 12:06:26,604 [Datanode State Machine Thread - 0] INFO  datanode.InitDatanodeState (InitDatanodeState.java:persistContainerDatanodeDetails(140)) - DatanodeDetails is persisted to /workdir/hadoop-ozone/integration-test/target/test-dir/MiniOzoneClusterImpl-587876f3-3d98-4cc8-9a43-bf4d205d7dbe/datanode-4/meta/datanode.id
2019-09-25 12:06:26,611 [main] INFO  volume.HddsVolume (HddsVolume.java:<init>(176)) - Creating Volume: /workdir/hadoop-ozone/integration-test/target/test-dir/MiniOzoneClusterImpl-587876f3-3d98-4cc8-9a43-bf4d205d7dbe/datanode-5/data/containers/hdds of  storage type : DISK and capacity : 1482555576320
2019-09-25 12:06:26,612 [main] INFO  volume.VolumeSet (VolumeSet.java:initializeVolumeSet(170)) - Added Volume : /workdir/hadoop-ozone/integration-test/target/test-dir/MiniOzoneClusterImpl-587876f3-3d98-4cc8-9a43-bf4d205d7dbe/datanode-5/data/containers/hdds to VolumeSet
2019-09-25 12:06:26,612 [main] INFO  volume.ThrottledAsyncChecker (ThrottledAsyncChecker.java:schedule(139)) - Scheduling a check for org.apache.hadoop.ozone.container.common.volume.HddsVolume@502c2278
2019-09-25 12:06:26,612 [main] INFO  volume.HddsVolumeChecker (HddsVolumeChecker.java:checkAllVolumes(202)) - Scheduled health check for volume org.apache.hadoop.ozone.container.common.volume.HddsVolume@502c2278
2019-09-25 12:06:26,631 [main] INFO  impl.RaftServerProxy (ConfUtils.java:logGet(43)) - raft.rpc.type = GRPC (default)
2019-09-25 12:06:26,631 [main] INFO  grpc.GrpcFactory (GrpcFactory.java:checkPooledByteBufAllocatorUseCacheForAllThreads(45)) - PERFORMANCE WARNING: useCacheForAllThreads is true that may cause Netty to create a lot garbage objects and, as a result, trigger GC.
	It is recommended to disable useCacheForAllThreads by setting -Dorg.apache.ratis.thirdparty.io.netty.allocator.useCacheForAllThreads=false in command line.
2019-09-25 12:06:26,632 [main] INFO  grpc.GrpcConfigKeys$Server (ConfUtils.java:logGet(43)) - raft.grpc.server.port = 0 (default)
2019-09-25 12:06:26,632 [main] INFO  server.GrpcService (ConfUtils.java:logGet(43)) - raft.grpc.message.size.max = 33570816 (custom)
2019-09-25 12:06:26,632 [main] INFO  server.RaftServerConfigKeys (ConfUtils.java:logGet(43)) - raft.server.log.appender.buffer.byte-limit = 33554432 (custom)
2019-09-25 12:06:26,633 [main] INFO  server.GrpcService (ConfUtils.java:logGet(43)) - raft.grpc.flow.control.window = 1MB (=1048576) (default)
2019-09-25 12:06:26,633 [main] INFO  server.RaftServerConfigKeys (ConfUtils.java:logGet(43)) - raft.server.rpc.request.timeout = 3000ms (default)
2019-09-25 12:06:26,633 [main] INFO  server.RaftServerConfigKeys (ConfUtils.java:logGet(43)) - raft.server.storage.dir = [/workdir/hadoop-ozone/integration-test/target/test-dir/MiniOzoneClusterImpl-587876f3-3d98-4cc8-9a43-bf4d205d7dbe/datanode-5/data/ratis] (custom)
2019-09-25 12:06:26,635 [main] INFO  hdfs.DFSUtil (DFSUtil.java:httpServerTemplateForNNAndJN(1641)) - Starting Web-server for hddsDatanode at: http://0.0.0.0:0
2019-09-25 12:06:26,636 [main] INFO  server.AuthenticationFilter (AuthenticationFilter.java:constructSecretProvider(240)) - Unable to initialize FileSignerSecretProvider, falling back to use random secrets.
2019-09-25 12:06:26,637 [main] WARN  http.HttpRequestLog (HttpRequestLog.java:getRequestLog(97)) - Jetty request log can only be enabled using Log4j
2019-09-25 12:06:26,638 [main] INFO  http.HttpServer2 (HttpServer2.java:addGlobalFilter(975)) - Added global filter 'safety' (class=org.apache.hadoop.http.HttpServer2$QuotingInputFilter)
2019-09-25 12:06:26,639 [main] INFO  http.HttpServer2 (HttpServer2.java:addFilter(948)) - Added filter static_user_filter (class=org.apache.hadoop.http.lib.StaticUserWebFilter$StaticUserFilter) to context hddsDatanode
2019-09-25 12:06:26,639 [main] INFO  http.HttpServer2 (HttpServer2.java:addFilter(958)) - Added filter static_user_filter (class=org.apache.hadoop.http.lib.StaticUserWebFilter$StaticUserFilter) to context logs
2019-09-25 12:06:26,639 [main] INFO  http.HttpServer2 (HttpServer2.java:addFilter(958)) - Added filter static_user_filter (class=org.apache.hadoop.http.lib.StaticUserWebFilter$StaticUserFilter) to context static
2019-09-25 12:06:26,640 [main] INFO  http.HttpServer2 (HttpServer2.java:bindListener(1191)) - Jetty bound to port 36156
2019-09-25 12:06:26,640 [main] INFO  server.Server (Server.java:doStart(351)) - jetty-9.3.25.v20180904, build timestamp: 2018-09-04T21:11:46Z, git hash: 3ce520221d0240229c862b122d2b06c12a625732
2019-09-25 12:06:26,642 [main] INFO  handler.ContextHandler (ContextHandler.java:doStart(781)) - Started o.e.j.s.ServletContextHandler@c11332b{/logs,file:///workdir/hadoop-ozone/integration-test/target/log,AVAILABLE}
2019-09-25 12:06:26,643 [main] INFO  handler.ContextHandler (ContextHandler.java:doStart(781)) - Started o.e.j.s.ServletContextHandler@3005623b{/static,jar:file:/home/user/.m2/repository/org/apache/hadoop/hadoop-hdds-container-service/0.5.0-SNAPSHOT/hadoop-hdds-container-service-0.5.0-SNAPSHOT.jar!/webapps/static,AVAILABLE}
2019-09-25 12:06:26,680 [main] INFO  handler.ContextHandler (ContextHandler.java:doStart(781)) - Started o.e.j.w.WebAppContext@d3cce46{/,file:///tmp/jetty-0.0.0.0-36156-hddsDatanode-_-any-4219174200409077968.dir/webapp/,AVAILABLE}{/hddsDatanode}
2019-09-25 12:06:26,681 [main] INFO  server.AbstractConnector (AbstractConnector.java:doStart(278)) - Started ServerConnector@30eedaa4{HTTP/1.1,[http/1.1]}{0.0.0.0:36156}
2019-09-25 12:06:26,685 [main] INFO  server.Server (Server.java:doStart(419)) - Started @580329ms
2019-09-25 12:06:26,685 [main] WARN  impl.MetricsSystemImpl (MetricsSystemImpl.java:register(276)) - Sink prometheus already exists!
2019-09-25 12:06:26,686 [main] INFO  server.BaseHttpServer (BaseHttpServer.java:updateConnectorAddress(215)) - HTTP server of HDDSDATANODE is listening at http://0.0.0.0:36156
2019-09-25 12:06:26,686 [main] INFO  impl.MetricsSystemImpl (MetricsSystemImpl.java:init(158)) - HddsDatanode metrics system started (again)
2019-09-25 12:06:26,703 [org.apache.hadoop.util.JvmPauseMonitor$Monitor@313c738] INFO  util.JvmPauseMonitor (JvmPauseMonitor.java:run(188)) - Starting JVM pause monitor
2019-09-25 12:06:26,704 [main] INFO  ozone.HddsDatanodeService (HddsDatanodeService.java:start(184)) - HddsDatanodeService host:pr-hdds-1569-shd4m-3693607622 ip:192.168.151.73
2019-09-25 12:06:26,705 [Datanode State Machine Thread - 0] INFO  datanode.InitDatanodeState (InitDatanodeState.java:persistContainerDatanodeDetails(140)) - DatanodeDetails is persisted to /workdir/hadoop-ozone/integration-test/target/test-dir/MiniOzoneClusterImpl-587876f3-3d98-4cc8-9a43-bf4d205d7dbe/datanode-5/meta/datanode.id
2019-09-25 12:06:26,712 [main] INFO  volume.HddsVolume (HddsVolume.java:<init>(176)) - Creating Volume: /workdir/hadoop-ozone/integration-test/target/test-dir/MiniOzoneClusterImpl-587876f3-3d98-4cc8-9a43-bf4d205d7dbe/datanode-6/data/containers/hdds of  storage type : DISK and capacity : 1482555576320
2019-09-25 12:06:26,713 [main] INFO  volume.VolumeSet (VolumeSet.java:initializeVolumeSet(170)) - Added Volume : /workdir/hadoop-ozone/integration-test/target/test-dir/MiniOzoneClusterImpl-587876f3-3d98-4cc8-9a43-bf4d205d7dbe/datanode-6/data/containers/hdds to VolumeSet
2019-09-25 12:06:26,713 [main] INFO  volume.ThrottledAsyncChecker (ThrottledAsyncChecker.java:schedule(139)) - Scheduling a check for org.apache.hadoop.ozone.container.common.volume.HddsVolume@52909a97
2019-09-25 12:06:26,713 [main] INFO  volume.HddsVolumeChecker (HddsVolumeChecker.java:checkAllVolumes(202)) - Scheduled health check for volume org.apache.hadoop.ozone.container.common.volume.HddsVolume@52909a97
2019-09-25 12:06:26,728 [main] INFO  impl.RaftServerProxy (ConfUtils.java:logGet(43)) - raft.rpc.type = GRPC (default)
2019-09-25 12:06:26,728 [main] INFO  grpc.GrpcFactory (GrpcFactory.java:checkPooledByteBufAllocatorUseCacheForAllThreads(45)) - PERFORMANCE WARNING: useCacheForAllThreads is true that may cause Netty to create a lot garbage objects and, as a result, trigger GC.
	It is recommended to disable useCacheForAllThreads by setting -Dorg.apache.ratis.thirdparty.io.netty.allocator.useCacheForAllThreads=false in command line.
2019-09-25 12:06:26,728 [main] INFO  grpc.GrpcConfigKeys$Server (ConfUtils.java:logGet(43)) - raft.grpc.server.port = 0 (default)
2019-09-25 12:06:26,728 [main] INFO  server.GrpcService (ConfUtils.java:logGet(43)) - raft.grpc.message.size.max = 33570816 (custom)
2019-09-25 12:06:26,728 [main] INFO  server.RaftServerConfigKeys (ConfUtils.java:logGet(43)) - raft.server.log.appender.buffer.byte-limit = 33554432 (custom)
2019-09-25 12:06:26,729 [main] INFO  server.GrpcService (ConfUtils.java:logGet(43)) - raft.grpc.flow.control.window = 1MB (=1048576) (default)
2019-09-25 12:06:26,729 [main] INFO  server.RaftServerConfigKeys (ConfUtils.java:logGet(43)) - raft.server.rpc.request.timeout = 3000ms (default)
2019-09-25 12:06:26,729 [main] INFO  server.RaftServerConfigKeys (ConfUtils.java:logGet(43)) - raft.server.storage.dir = [/workdir/hadoop-ozone/integration-test/target/test-dir/MiniOzoneClusterImpl-587876f3-3d98-4cc8-9a43-bf4d205d7dbe/datanode-6/data/ratis] (custom)
2019-09-25 12:06:26,731 [main] INFO  hdfs.DFSUtil (DFSUtil.java:httpServerTemplateForNNAndJN(1641)) - Starting Web-server for hddsDatanode at: http://0.0.0.0:0
2019-09-25 12:06:26,732 [main] INFO  server.AuthenticationFilter (AuthenticationFilter.java:constructSecretProvider(240)) - Unable to initialize FileSignerSecretProvider, falling back to use random secrets.
2019-09-25 12:06:26,732 [main] WARN  http.HttpRequestLog (HttpRequestLog.java:getRequestLog(97)) - Jetty request log can only be enabled using Log4j
2019-09-25 12:06:26,734 [main] INFO  http.HttpServer2 (HttpServer2.java:addGlobalFilter(975)) - Added global filter 'safety' (class=org.apache.hadoop.http.HttpServer2$QuotingInputFilter)
2019-09-25 12:06:26,734 [main] INFO  http.HttpServer2 (HttpServer2.java:addFilter(948)) - Added filter static_user_filter (class=org.apache.hadoop.http.lib.StaticUserWebFilter$StaticUserFilter) to context hddsDatanode
2019-09-25 12:06:26,734 [main] INFO  http.HttpServer2 (HttpServer2.java:addFilter(958)) - Added filter static_user_filter (class=org.apache.hadoop.http.lib.StaticUserWebFilter$StaticUserFilter) to context static
2019-09-25 12:06:26,734 [main] INFO  http.HttpServer2 (HttpServer2.java:addFilter(958)) - Added filter static_user_filter (class=org.apache.hadoop.http.lib.StaticUserWebFilter$StaticUserFilter) to context logs
2019-09-25 12:06:26,735 [main] INFO  http.HttpServer2 (HttpServer2.java:bindListener(1191)) - Jetty bound to port 43062
2019-09-25 12:06:26,735 [main] INFO  server.Server (Server.java:doStart(351)) - jetty-9.3.25.v20180904, build timestamp: 2018-09-04T21:11:46Z, git hash: 3ce520221d0240229c862b122d2b06c12a625732
2019-09-25 12:06:26,737 [main] INFO  handler.ContextHandler (ContextHandler.java:doStart(781)) - Started o.e.j.s.ServletContextHandler@243c4346{/logs,file:///workdir/hadoop-ozone/integration-test/target/log,AVAILABLE}
2019-09-25 12:06:26,737 [main] INFO  handler.ContextHandler (ContextHandler.java:doStart(781)) - Started o.e.j.s.ServletContextHandler@3dfe59d7{/static,jar:file:/home/user/.m2/repository/org/apache/hadoop/hadoop-hdds-container-service/0.5.0-SNAPSHOT/hadoop-hdds-container-service-0.5.0-SNAPSHOT.jar!/webapps/static,AVAILABLE}
2019-09-25 12:06:26,764 [main] INFO  handler.ContextHandler (ContextHandler.java:doStart(781)) - Started o.e.j.w.WebAppContext@49c83262{/,file:///tmp/jetty-0.0.0.0-43062-hddsDatanode-_-any-405179103978888988.dir/webapp/,AVAILABLE}{/hddsDatanode}
2019-09-25 12:06:26,764 [main] INFO  server.AbstractConnector (AbstractConnector.java:doStart(278)) - Started ServerConnector@273aaab7{HTTP/1.1,[http/1.1]}{0.0.0.0:43062}
2019-09-25 12:06:26,764 [main] INFO  server.Server (Server.java:doStart(419)) - Started @580409ms
2019-09-25 12:06:26,768 [main] WARN  impl.MetricsSystemImpl (MetricsSystemImpl.java:register(276)) - Sink prometheus already exists!
2019-09-25 12:06:26,769 [main] INFO  server.BaseHttpServer (BaseHttpServer.java:updateConnectorAddress(215)) - HTTP server of HDDSDATANODE is listening at http://0.0.0.0:43062
2019-09-25 12:06:26,769 [main] INFO  ozone.MiniOzoneClusterImpl (MiniOzoneClusterImpl.java:lambda$waitForClusterToBeReady$0(147)) - Waiting for cluster to be ready. Got 0 of 7 DN Heartbeats.
2019-09-25 12:06:26,770 [org.apache.hadoop.util.JvmPauseMonitor$Monitor@134b8af5] INFO  util.JvmPauseMonitor (JvmPauseMonitor.java:run(188)) - Starting JVM pause monitor
2019-09-25 12:06:26,772 [Datanode State Machine Thread - 0] INFO  datanode.InitDatanodeState (InitDatanodeState.java:persistContainerDatanodeDetails(140)) - DatanodeDetails is persisted to /workdir/hadoop-ozone/integration-test/target/test-dir/MiniOzoneClusterImpl-587876f3-3d98-4cc8-9a43-bf4d205d7dbe/datanode-6/meta/datanode.id
2019-09-25 12:06:27,769 [main] INFO  ozone.MiniOzoneClusterImpl (MiniOzoneClusterImpl.java:lambda$waitForClusterToBeReady$0(147)) - Waiting for cluster to be ready. Got 0 of 7 DN Heartbeats.
2019-09-25 12:06:28,237 [Datanode State Machine Thread - 0] INFO  ozoneimpl.OzoneContainer (OzoneContainer.java:start(217)) - Attempting to start container services.
2019-09-25 12:06:28,237 [Datanode State Machine Thread - 0] INFO  ozoneimpl.OzoneContainer (OzoneContainer.java:startContainerScrub(179)) - Background container scanner has been disabled.
2019-09-25 12:06:28,238 [Datanode State Machine Thread - 0] INFO  ratis.XceiverServerRatis (XceiverServerRatis.java:start(411)) - Starting XceiverServerRatis f6c16d16-afc4-4153-950f-27a1e09b0667 at port 0
2019-09-25 12:06:28,245 [Datanode State Machine Thread - 0] INFO  impl.RaftServerProxy (RaftServerProxy.java:lambda$start$3(299)) - f6c16d16-afc4-4153-950f-27a1e09b0667: start RPC server
2019-09-25 12:06:28,250 [Datanode State Machine Thread - 0] INFO  server.GrpcService (GrpcService.java:startImpl(158)) - f6c16d16-afc4-4153-950f-27a1e09b0667: GrpcService started, listening on 0.0.0.0/0.0.0.0:37173
2019-09-25 12:06:28,250 [Datanode State Machine Thread - 0] INFO  ratis.XceiverServerRatis (XceiverServerRatis.java:start(421)) - XceiverServerRatis f6c16d16-afc4-4153-950f-27a1e09b0667 is started using port 37173
2019-09-25 12:06:28,251 [Datanode State Machine Thread - 0] INFO  server.XceiverServerGrpc (XceiverServerGrpc.java:start(149)) - XceiverServerGrpc f6c16d16-afc4-4153-950f-27a1e09b0667 is started using port 33303
2019-09-25 12:06:28,333 [Datanode State Machine Thread - 0] INFO  ozoneimpl.OzoneContainer (OzoneContainer.java:start(217)) - Attempting to start container services.
2019-09-25 12:06:28,333 [Datanode State Machine Thread - 0] INFO  ozoneimpl.OzoneContainer (OzoneContainer.java:startContainerScrub(179)) - Background container scanner has been disabled.
2019-09-25 12:06:28,333 [Datanode State Machine Thread - 0] INFO  ratis.XceiverServerRatis (XceiverServerRatis.java:start(411)) - Starting XceiverServerRatis b31e81a4-9d51-4c30-935b-af8637f1730a at port 0
2019-09-25 12:06:28,342 [Datanode State Machine Thread - 0] INFO  impl.RaftServerProxy (RaftServerProxy.java:lambda$start$3(299)) - b31e81a4-9d51-4c30-935b-af8637f1730a: start RPC server
2019-09-25 12:06:28,342 [Datanode State Machine Thread - 0] INFO  server.GrpcService (GrpcService.java:startImpl(158)) - b31e81a4-9d51-4c30-935b-af8637f1730a: GrpcService started, listening on 0.0.0.0/0.0.0.0:39091
2019-09-25 12:06:28,343 [Datanode State Machine Thread - 0] INFO  ratis.XceiverServerRatis (XceiverServerRatis.java:start(421)) - XceiverServerRatis b31e81a4-9d51-4c30-935b-af8637f1730a is started using port 39091
2019-09-25 12:06:28,343 [Datanode State Machine Thread - 0] INFO  server.XceiverServerGrpc (XceiverServerGrpc.java:start(149)) - XceiverServerGrpc b31e81a4-9d51-4c30-935b-af8637f1730a is started using port 41003
2019-09-25 12:06:28,436 [Datanode State Machine Thread - 0] INFO  ozoneimpl.OzoneContainer (OzoneContainer.java:start(217)) - Attempting to start container services.
2019-09-25 12:06:28,436 [Datanode State Machine Thread - 0] INFO  ozoneimpl.OzoneContainer (OzoneContainer.java:startContainerScrub(179)) - Background container scanner has been disabled.
2019-09-25 12:06:28,436 [Datanode State Machine Thread - 0] INFO  ratis.XceiverServerRatis (XceiverServerRatis.java:start(411)) - Starting XceiverServerRatis 4265dd55-646c-4571-a7aa-5a5e7479765c at port 0
2019-09-25 12:06:28,443 [Datanode State Machine Thread - 0] INFO  impl.RaftServerProxy (RaftServerProxy.java:lambda$start$3(299)) - 4265dd55-646c-4571-a7aa-5a5e7479765c: start RPC server
2019-09-25 12:06:28,444 [Datanode State Machine Thread - 0] INFO  server.GrpcService (GrpcService.java:startImpl(158)) - 4265dd55-646c-4571-a7aa-5a5e7479765c: GrpcService started, listening on 0.0.0.0/0.0.0.0:40282
2019-09-25 12:06:28,444 [Datanode State Machine Thread - 0] INFO  ratis.XceiverServerRatis (XceiverServerRatis.java:start(421)) - XceiverServerRatis 4265dd55-646c-4571-a7aa-5a5e7479765c is started using port 40282
2019-09-25 12:06:28,444 [Datanode State Machine Thread - 0] INFO  server.XceiverServerGrpc (XceiverServerGrpc.java:start(149)) - XceiverServerGrpc 4265dd55-646c-4571-a7aa-5a5e7479765c is started using port 45571
2019-09-25 12:06:28,532 [Datanode State Machine Thread - 0] INFO  ozoneimpl.OzoneContainer (OzoneContainer.java:start(217)) - Attempting to start container services.
2019-09-25 12:06:28,532 [Datanode State Machine Thread - 0] INFO  ozoneimpl.OzoneContainer (OzoneContainer.java:startContainerScrub(179)) - Background container scanner has been disabled.
2019-09-25 12:06:28,532 [Datanode State Machine Thread - 0] INFO  ratis.XceiverServerRatis (XceiverServerRatis.java:start(411)) - Starting XceiverServerRatis 45cd06ff-25a2-484c-ae07-8678dc67fe17 at port 0
2019-09-25 12:06:28,540 [Datanode State Machine Thread - 0] INFO  impl.RaftServerProxy (RaftServerProxy.java:lambda$start$3(299)) - 45cd06ff-25a2-484c-ae07-8678dc67fe17: start RPC server
2019-09-25 12:06:28,541 [Datanode State Machine Thread - 0] INFO  server.GrpcService (GrpcService.java:startImpl(158)) - 45cd06ff-25a2-484c-ae07-8678dc67fe17: GrpcService started, listening on 0.0.0.0/0.0.0.0:40405
2019-09-25 12:06:28,541 [Datanode State Machine Thread - 0] INFO  ratis.XceiverServerRatis (XceiverServerRatis.java:start(421)) - XceiverServerRatis 45cd06ff-25a2-484c-ae07-8678dc67fe17 is started using port 40405
2019-09-25 12:06:28,542 [Datanode State Machine Thread - 0] INFO  server.XceiverServerGrpc (XceiverServerGrpc.java:start(149)) - XceiverServerGrpc 45cd06ff-25a2-484c-ae07-8678dc67fe17 is started using port 42459
2019-09-25 12:06:28,618 [Datanode State Machine Thread - 0] INFO  ozoneimpl.OzoneContainer (OzoneContainer.java:start(217)) - Attempting to start container services.
2019-09-25 12:06:28,618 [Datanode State Machine Thread - 0] INFO  ozoneimpl.OzoneContainer (OzoneContainer.java:startContainerScrub(179)) - Background container scanner has been disabled.
2019-09-25 12:06:28,618 [Datanode State Machine Thread - 0] INFO  ratis.XceiverServerRatis (XceiverServerRatis.java:start(411)) - Starting XceiverServerRatis 27e0b7c9-1b57-4073-b643-4210ac739ea7 at port 0
2019-09-25 12:06:28,626 [Datanode State Machine Thread - 0] INFO  impl.RaftServerProxy (RaftServerProxy.java:lambda$start$3(299)) - 27e0b7c9-1b57-4073-b643-4210ac739ea7: start RPC server
2019-09-25 12:06:28,627 [Datanode State Machine Thread - 0] INFO  server.GrpcService (GrpcService.java:startImpl(158)) - 27e0b7c9-1b57-4073-b643-4210ac739ea7: GrpcService started, listening on 0.0.0.0/0.0.0.0:38945
2019-09-25 12:06:28,627 [Datanode State Machine Thread - 0] INFO  ratis.XceiverServerRatis (XceiverServerRatis.java:start(421)) - XceiverServerRatis 27e0b7c9-1b57-4073-b643-4210ac739ea7 is started using port 38945
2019-09-25 12:06:28,627 [Datanode State Machine Thread - 0] INFO  server.XceiverServerGrpc (XceiverServerGrpc.java:start(149)) - XceiverServerGrpc 27e0b7c9-1b57-4073-b643-4210ac739ea7 is started using port 40276
2019-09-25 12:06:28,726 [Datanode State Machine Thread - 0] INFO  ozoneimpl.OzoneContainer (OzoneContainer.java:start(217)) - Attempting to start container services.
2019-09-25 12:06:28,726 [Datanode State Machine Thread - 0] INFO  ozoneimpl.OzoneContainer (OzoneContainer.java:startContainerScrub(179)) - Background container scanner has been disabled.
2019-09-25 12:06:28,727 [Datanode State Machine Thread - 0] INFO  ratis.XceiverServerRatis (XceiverServerRatis.java:start(411)) - Starting XceiverServerRatis d587b3c4-6743-4f9b-a5f7-0e55334fa092 at port 0
2019-09-25 12:06:28,736 [Datanode State Machine Thread - 0] INFO  impl.RaftServerProxy (RaftServerProxy.java:lambda$start$3(299)) - d587b3c4-6743-4f9b-a5f7-0e55334fa092: start RPC server
2019-09-25 12:06:28,743 [Datanode State Machine Thread - 0] INFO  server.GrpcService (GrpcService.java:startImpl(158)) - d587b3c4-6743-4f9b-a5f7-0e55334fa092: GrpcService started, listening on 0.0.0.0/0.0.0.0:33163
2019-09-25 12:06:28,743 [Datanode State Machine Thread - 0] INFO  ratis.XceiverServerRatis (XceiverServerRatis.java:start(421)) - XceiverServerRatis d587b3c4-6743-4f9b-a5f7-0e55334fa092 is started using port 33163
2019-09-25 12:06:28,744 [Datanode State Machine Thread - 0] INFO  server.XceiverServerGrpc (XceiverServerGrpc.java:start(149)) - XceiverServerGrpc d587b3c4-6743-4f9b-a5f7-0e55334fa092 is started using port 40164
2019-09-25 12:06:28,770 [main] INFO  ozone.MiniOzoneClusterImpl (MiniOzoneClusterImpl.java:lambda$waitForClusterToBeReady$0(147)) - Waiting for cluster to be ready. Got 0 of 7 DN Heartbeats.
2019-09-25 12:06:28,784 [Datanode State Machine Thread - 0] INFO  ozoneimpl.OzoneContainer (OzoneContainer.java:start(217)) - Attempting to start container services.
2019-09-25 12:06:28,785 [Datanode State Machine Thread - 0] INFO  ozoneimpl.OzoneContainer (OzoneContainer.java:startContainerScrub(179)) - Background container scanner has been disabled.
2019-09-25 12:06:28,785 [Datanode State Machine Thread - 0] INFO  ratis.XceiverServerRatis (XceiverServerRatis.java:start(411)) - Starting XceiverServerRatis 5d0cbd75-9945-4b44-9440-546a6022886b at port 0
2019-09-25 12:06:28,793 [Datanode State Machine Thread - 0] INFO  impl.RaftServerProxy (RaftServerProxy.java:lambda$start$3(299)) - 5d0cbd75-9945-4b44-9440-546a6022886b: start RPC server
2019-09-25 12:06:28,794 [Datanode State Machine Thread - 0] INFO  server.GrpcService (GrpcService.java:startImpl(158)) - 5d0cbd75-9945-4b44-9440-546a6022886b: GrpcService started, listening on 0.0.0.0/0.0.0.0:37067
2019-09-25 12:06:28,794 [Datanode State Machine Thread - 0] INFO  ratis.XceiverServerRatis (XceiverServerRatis.java:start(421)) - XceiverServerRatis 5d0cbd75-9945-4b44-9440-546a6022886b is started using port 37067
2019-09-25 12:06:28,795 [Datanode State Machine Thread - 0] INFO  server.XceiverServerGrpc (XceiverServerGrpc.java:start(149)) - XceiverServerGrpc 5d0cbd75-9945-4b44-9440-546a6022886b is started using port 39353
2019-09-25 12:06:29,771 [main] INFO  ozone.MiniOzoneClusterImpl (MiniOzoneClusterImpl.java:lambda$waitForClusterToBeReady$0(147)) - Waiting for cluster to be ready. Got 0 of 7 DN Heartbeats.
2019-09-25 12:06:30,210 [IPC Server handler 13 on 44365] INFO  net.NetworkTopology (NetworkTopologyImpl.java:add(111)) - Added a new node: /default-rack/f6c16d16-afc4-4153-950f-27a1e09b0667
2019-09-25 12:06:30,215 [IPC Server handler 13 on 44365] INFO  node.SCMNodeManager (SCMNodeManager.java:register(266)) - Registered Data node : f6c16d16-afc4-4153-950f-27a1e09b0667{ip: 192.168.151.73, host: pr-hdds-1569-shd4m-3693607622, networkLocation: /default-rack, certSerialId: null}
2019-09-25 12:06:30,216 [EventQueue-NodeRegistrationContainerReportForDataNodeSafeModeRule] INFO  safemode.SCMSafeModeManager (DataNodeSafeModeRule.java:process(71)) - SCM in safe mode. 1 DataNodes registered, 1 required.
2019-09-25 12:06:30,220 [EventQueue-NodeRegistrationContainerReportForDataNodeSafeModeRule] INFO  safemode.SCMSafeModeManager (SCMSafeModeManager.java:validateSafeModeExitRules(177)) - ScmSafeModeManager, all rules are successfully validated
2019-09-25 12:06:30,220 [EventQueue-NodeRegistrationContainerReportForDataNodeSafeModeRule] INFO  safemode.SCMSafeModeManager (SCMSafeModeManager.java:exitSafeMode(193)) - SCM exiting safe mode.
2019-09-25 12:06:30,238 [grpc-default-executor-1] INFO  impl.RaftServerProxy (RaftServerProxy.java:addNew(89)) - f6c16d16-afc4-4153-950f-27a1e09b0667: addNew group-05A870EFFA1E:[f6c16d16-afc4-4153-950f-27a1e09b0667:192.168.151.73:37173] returns group-05A870EFFA1E:java.util.concurrent.CompletableFuture@6786580e[Not completed]
2019-09-25 12:06:30,240 [pool-585-thread-1] INFO  impl.RaftServerImpl (RaftServerImpl.java:<init>(95)) - f6c16d16-afc4-4153-950f-27a1e09b0667: new RaftServerImpl for group-05A870EFFA1E:[f6c16d16-afc4-4153-950f-27a1e09b0667:192.168.151.73:37173] with ContainerStateMachine:uninitialized
2019-09-25 12:06:30,240 [pool-585-thread-1] INFO  server.RaftServerConfigKeys (ConfUtils.java:logGet(43)) - raft.server.rpc.timeout.min = 5s (custom)
2019-09-25 12:06:30,241 [pool-585-thread-1] INFO  server.RaftServerConfigKeys (ConfUtils.java:logGet(43)) - raft.server.rpc.timeout.max = 5200ms (custom)
2019-09-25 12:06:30,241 [pool-585-thread-1] INFO  server.RaftServerConfigKeys (ConfUtils.java:logGet(43)) - raft.server.rpcslowness.timeout = 120s (custom)
2019-09-25 12:06:30,241 [pool-585-thread-1] INFO  server.RaftServerConfigKeys (ConfUtils.java:logGet(43)) - raft.server.sleep.deviation.threshold = 300 (default)
2019-09-25 12:06:30,241 [pool-585-thread-1] INFO  server.RaftServerConfigKeys (ConfUtils.java:logGet(43)) - raft.server.log.appender.install.snapshot.enabled = false (custom)
2019-09-25 12:06:30,241 [pool-585-thread-1] INFO  impl.RaftServerImpl (ServerState.java:<init>(103)) - f6c16d16-afc4-4153-950f-27a1e09b0667@group-05A870EFFA1E: ConfigurationManager, init=-1: [f6c16d16-afc4-4153-950f-27a1e09b0667:192.168.151.73:37173], old=null, confs=<EMPTY_MAP>
2019-09-25 12:06:30,241 [pool-585-thread-1] INFO  server.RaftServerConfigKeys (ConfUtils.java:logGet(43)) - raft.server.storage.dir = [/workdir/hadoop-ozone/integration-test/target/test-dir/MiniOzoneClusterImpl-587876f3-3d98-4cc8-9a43-bf4d205d7dbe/datanode-0/data/ratis] (custom)
2019-09-25 12:06:30,242 [pool-585-thread-1] INFO  storage.RaftStorageDirectory (RaftStorageDirectory.java:analyzeStorage(246)) - The storage directory /workdir/hadoop-ozone/integration-test/target/test-dir/MiniOzoneClusterImpl-587876f3-3d98-4cc8-9a43-bf4d205d7dbe/datanode-0/data/ratis/28bfb2d8-0897-4c14-8de0-05a870effa1e does not exist. Creating ...
2019-09-25 12:06:30,267 [pool-585-thread-1] INFO  storage.RaftStorageDirectory (RaftStorageDirectory.java:tryLock(328)) - Lock on /workdir/hadoop-ozone/integration-test/target/test-dir/MiniOzoneClusterImpl-587876f3-3d98-4cc8-9a43-bf4d205d7dbe/datanode-0/data/ratis/28bfb2d8-0897-4c14-8de0-05a870effa1e/in_use.lock acquired by nodename 24979@pr-hdds-1569-shd4m-3693607622
2019-09-25 12:06:30,281 [pool-585-thread-1] INFO  storage.RaftStorage (RaftStorage.java:format(72)) - Storage directory /workdir/hadoop-ozone/integration-test/target/test-dir/MiniOzoneClusterImpl-587876f3-3d98-4cc8-9a43-bf4d205d7dbe/datanode-0/data/ratis/28bfb2d8-0897-4c14-8de0-05a870effa1e has been successfully formatted.
2019-09-25 12:06:30,281 [pool-585-thread-1] INFO  ratis.ContainerStateMachine (ContainerStateMachine.java:loadSnapshot(230)) - group-05A870EFFA1E: The snapshot info is null. Setting the last applied indexto:(t:0, i:~)
2019-09-25 12:06:30,281 [pool-585-thread-1] INFO  server.RaftServerConfigKeys (ConfUtils.java:logGet(43)) - raft.server.notification.no-leader.timeout = 120s (custom)
2019-09-25 12:06:30,281 [pool-585-thread-1] INFO  server.RaftServerConfigKeys (ConfUtils.java:logGet(43)) - raft.server.log.use.memory = false (default)
2019-09-25 12:06:30,282 [pool-585-thread-1] INFO  server.RaftServerConfigKeys (ConfUtils.java:logGet(43)) - raft.server.log.purge.gap = 1000000 (custom)
2019-09-25 12:06:30,282 [pool-585-thread-1] INFO  server.RaftServerConfigKeys (ConfUtils.java:logGet(43)) - raft.server.log.appender.buffer.byte-limit = 33554432 (custom)
2019-09-25 12:06:30,282 [pool-585-thread-1] INFO  server.RaftServerConfigKeys (ConfUtils.java:logGet(43)) - raft.server.log.segment.size.max = 1048576 (custom)
2019-09-25 12:06:30,282 [pool-585-thread-1] INFO  server.RaftServerConfigKeys (ConfUtils.java:logGet(43)) - raft.server.log.segment.cache.num.max = 2 (custom)
2019-09-25 12:06:30,282 [pool-585-thread-1] INFO  segmented.SegmentedRaftLogWorker (SegmentedRaftLogWorker.java:<init>(172)) - new f6c16d16-afc4-4153-950f-27a1e09b0667@group-05A870EFFA1E-SegmentedRaftLogWorker for RaftStorage:Storage Directory /workdir/hadoop-ozone/integration-test/target/test-dir/MiniOzoneClusterImpl-587876f3-3d98-4cc8-9a43-bf4d205d7dbe/datanode-0/data/ratis/28bfb2d8-0897-4c14-8de0-05a870effa1e
2019-09-25 12:06:30,284 [pool-585-thread-1] INFO  server.RaftServerConfigKeys (ConfUtils.java:logGet(43)) - raft.server.log.queue.byte-limit = 2147483647 (custom)
2019-09-25 12:06:30,285 [pool-585-thread-1] INFO  server.RaftServerConfigKeys (ConfUtils.java:logGet(43)) - raft.server.log.queue.element-limit = 1024 (custom)
2019-09-25 12:06:30,285 [pool-585-thread-1] INFO  server.RaftServerConfigKeys (ConfUtils.java:logGet(43)) - raft.server.log.segment.size.max = 1048576 (custom)
2019-09-25 12:06:30,285 [pool-585-thread-1] INFO  server.RaftServerConfigKeys (ConfUtils.java:logGet(43)) - raft.server.log.preallocated.size = 16384 (custom)
2019-09-25 12:06:30,285 [pool-585-thread-1] INFO  server.RaftServerConfigKeys (ConfUtils.java:logGet(43)) - raft.server.log.write.buffer.size = 33554432 (custom)
2019-09-25 12:06:30,285 [pool-585-thread-1] INFO  server.RaftServerConfigKeys (ConfUtils.java:logGet(43)) - raft.server.log.force.sync.num = 128 (default)
2019-09-25 12:06:30,286 [pool-585-thread-1] INFO  server.RaftServerConfigKeys (ConfUtils.java:logGet(43)) - raft.server.log.statemachine.data.sync = true (default)
2019-09-25 12:06:30,286 [pool-585-thread-1] INFO  server.RaftServerConfigKeys (ConfUtils.java:logGet(43)) - raft.server.log.statemachine.data.sync.timeout = 10s (default)
2019-09-25 12:06:30,286 [pool-585-thread-1] INFO  server.RaftServerConfigKeys (ConfUtils.java:logGet(43)) - raft.server.log.statemachine.data.sync.timeout.retry = -1 (default)
2019-09-25 12:06:30,286 [pool-585-thread-1] INFO  server.RaftServerConfigKeys (ConfUtils.java:logGet(43)) - raft.server.log.statemachine.data.caching.enabled = true (custom)
2019-09-25 12:06:30,287 [pool-585-thread-1] INFO  segmented.SegmentedRaftLogWorker (SegmentedRaftLogWorker.java:lambda$new$0(132)) - f6c16d16-afc4-4153-950f-27a1e09b0667@group-05A870EFFA1E-SegmentedRaftLogWorker: flushIndex: setUnconditionally 0 -> -1
2019-09-25 12:06:30,287 [pool-585-thread-1] INFO  server.RaftServerConfigKeys (ConfUtils.java:logGet(43)) - raft.server.snapshot.auto.trigger.enabled = true (custom)
2019-09-25 12:06:30,287 [pool-585-thread-1] INFO  server.RaftServerConfigKeys (ConfUtils.java:logGet(43)) - raft.server.snapshot.auto.trigger.threshold = 10000 (custom)
2019-09-25 12:06:30,288 [pool-585-thread-1] INFO  server.RaftServerConfigKeys (ConfUtils.java:logGet(43)) - raft.server.snapshot.retention.num.files = 5 (custom)
2019-09-25 12:06:30,288 [pool-585-thread-1] INFO  server.RaftServerConfigKeys (ConfUtils.java:logGet(43)) - raft.server.retrycache.expirytime = 600000ms (custom)
2019-09-25 12:06:30,290 [pool-585-thread-1] INFO  impl.RaftServerImpl (RaftServerImpl.java:start(185)) - f6c16d16-afc4-4153-950f-27a1e09b0667@group-05A870EFFA1E: start as a follower, conf=-1: [f6c16d16-afc4-4153-950f-27a1e09b0667:192.168.151.73:37173], old=null
2019-09-25 12:06:30,290 [pool-585-thread-1] INFO  impl.RaftServerImpl (RaftServerImpl.java:setRole(174)) - f6c16d16-afc4-4153-950f-27a1e09b0667@group-05A870EFFA1E: changes role from      null to FOLLOWER at term 0 for startAsFollower
2019-09-25 12:06:30,290 [pool-585-thread-1] INFO  impl.RoleInfo (RoleInfo.java:updateAndGet(143)) - f6c16d16-afc4-4153-950f-27a1e09b0667: start FollowerState
2019-09-25 12:06:30,291 [pool-585-thread-1] INFO  util.JmxRegister (JmxRegister.java:tryRegister(44)) - Successfully registered JMX Bean with object name Ratis:service=RaftServer,group=group-05A870EFFA1E,id=f6c16d16-afc4-4153-950f-27a1e09b0667
2019-09-25 12:06:30,294 [RatisPipelineUtilsThread] INFO  pipeline.PipelineStateManager (PipelineStateManager.java:addPipeline(56)) - Created pipeline Pipeline[ Id: 28bfb2d8-0897-4c14-8de0-05a870effa1e, Nodes: f6c16d16-afc4-4153-950f-27a1e09b0667{ip: 192.168.151.73, host: pr-hdds-1569-shd4m-3693607622, networkLocation: /default-rack, certSerialId: null}, Type:RATIS, Factor:ONE, State:OPEN]
2019-09-25 12:06:30,299 [grpc-default-executor-1] INFO  impl.RaftServerProxy (RaftServerProxy.java:addNew(89)) - f6c16d16-afc4-4153-950f-27a1e09b0667: addNew group-2C5CB6273789:[f6c16d16-afc4-4153-950f-27a1e09b0667:192.168.151.73:37173] returns group-2C5CB6273789:java.util.concurrent.CompletableFuture@459cf3ba[Not completed]
2019-09-25 12:06:30,300 [pool-585-thread-1] INFO  impl.RaftServerImpl (RaftServerImpl.java:<init>(95)) - f6c16d16-afc4-4153-950f-27a1e09b0667: new RaftServerImpl for group-2C5CB6273789:[f6c16d16-afc4-4153-950f-27a1e09b0667:192.168.151.73:37173] with ContainerStateMachine:uninitialized
2019-09-25 12:06:30,300 [pool-585-thread-1] INFO  server.RaftServerConfigKeys (ConfUtils.java:logGet(43)) - raft.server.rpc.timeout.min = 5s (custom)
2019-09-25 12:06:30,300 [pool-585-thread-1] INFO  server.RaftServerConfigKeys (ConfUtils.java:logGet(43)) - raft.server.rpc.timeout.max = 5200ms (custom)
2019-09-25 12:06:30,300 [pool-585-thread-1] INFO  server.RaftServerConfigKeys (ConfUtils.java:logGet(43)) - raft.server.rpcslowness.timeout = 120s (custom)
2019-09-25 12:06:30,300 [pool-585-thread-1] INFO  server.RaftServerConfigKeys (ConfUtils.java:logGet(43)) - raft.server.sleep.deviation.threshold = 300 (default)
2019-09-25 12:06:30,300 [pool-585-thread-1] INFO  server.RaftServerConfigKeys (ConfUtils.java:logGet(43)) - raft.server.log.appender.install.snapshot.enabled = false (custom)
2019-09-25 12:06:30,300 [pool-585-thread-1] INFO  impl.RaftServerImpl (ServerState.java:<init>(103)) - f6c16d16-afc4-4153-950f-27a1e09b0667@group-2C5CB6273789: ConfigurationManager, init=-1: [f6c16d16-afc4-4153-950f-27a1e09b0667:192.168.151.73:37173], old=null, confs=<EMPTY_MAP>
2019-09-25 12:06:30,300 [pool-585-thread-1] INFO  server.RaftServerConfigKeys (ConfUtils.java:logGet(43)) - raft.server.storage.dir = [/workdir/hadoop-ozone/integration-test/target/test-dir/MiniOzoneClusterImpl-587876f3-3d98-4cc8-9a43-bf4d205d7dbe/datanode-0/data/ratis] (custom)
2019-09-25 12:06:30,301 [pool-585-thread-1] INFO  storage.RaftStorageDirectory (RaftStorageDirectory.java:analyzeStorage(246)) - The storage directory /workdir/hadoop-ozone/integration-test/target/test-dir/MiniOzoneClusterImpl-587876f3-3d98-4cc8-9a43-bf4d205d7dbe/datanode-0/data/ratis/efa0fe7d-b05f-4288-a854-2c5cb6273789 does not exist. Creating ...
2019-09-25 12:06:30,313 [IPC Server handler 5 on 44365] INFO  net.NetworkTopology (NetworkTopologyImpl.java:add(111)) - Added a new node: /default-rack/b31e81a4-9d51-4c30-935b-af8637f1730a
2019-09-25 12:06:30,313 [IPC Server handler 5 on 44365] INFO  node.SCMNodeManager (SCMNodeManager.java:register(266)) - Registered Data node : b31e81a4-9d51-4c30-935b-af8637f1730a{ip: 192.168.151.73, host: pr-hdds-1569-shd4m-3693607622, networkLocation: /default-rack, certSerialId: null}
2019-09-25 12:06:30,313 [pool-585-thread-1] INFO  storage.RaftStorageDirectory (RaftStorageDirectory.java:tryLock(328)) - Lock on /workdir/hadoop-ozone/integration-test/target/test-dir/MiniOzoneClusterImpl-587876f3-3d98-4cc8-9a43-bf4d205d7dbe/datanode-0/data/ratis/efa0fe7d-b05f-4288-a854-2c5cb6273789/in_use.lock acquired by nodename 24979@pr-hdds-1569-shd4m-3693607622
2019-09-25 12:06:30,326 [pool-585-thread-1] INFO  storage.RaftStorage (RaftStorage.java:format(72)) - Storage directory /workdir/hadoop-ozone/integration-test/target/test-dir/MiniOzoneClusterImpl-587876f3-3d98-4cc8-9a43-bf4d205d7dbe/datanode-0/data/ratis/efa0fe7d-b05f-4288-a854-2c5cb6273789 has been successfully formatted.
2019-09-25 12:06:30,326 [pool-585-thread-1] INFO  ratis.ContainerStateMachine (ContainerStateMachine.java:loadSnapshot(230)) - group-2C5CB6273789: The snapshot info is null. Setting the last applied indexto:(t:0, i:~)
2019-09-25 12:06:30,327 [pool-585-thread-1] INFO  server.RaftServerConfigKeys (ConfUtils.java:logGet(43)) - raft.server.notification.no-leader.timeout = 120s (custom)
2019-09-25 12:06:30,327 [pool-585-thread-1] INFO  server.RaftServerConfigKeys (ConfUtils.java:logGet(43)) - raft.server.log.use.memory = false (default)
2019-09-25 12:06:30,327 [pool-585-thread-1] INFO  server.RaftServerConfigKeys (ConfUtils.java:logGet(43)) - raft.server.log.purge.gap = 1000000 (custom)
2019-09-25 12:06:30,327 [pool-585-thread-1] INFO  server.RaftServerConfigKeys (ConfUtils.java:logGet(43)) - raft.server.log.appender.buffer.byte-limit = 33554432 (custom)
2019-09-25 12:06:30,327 [pool-585-thread-1] INFO  server.RaftServerConfigKeys (ConfUtils.java:logGet(43)) - raft.server.log.segment.size.max = 1048576 (custom)
2019-09-25 12:06:30,327 [pool-585-thread-1] INFO  server.RaftServerConfigKeys (ConfUtils.java:logGet(43)) - raft.server.log.segment.cache.num.max = 2 (custom)
2019-09-25 12:06:30,327 [pool-585-thread-1] INFO  segmented.SegmentedRaftLogWorker (SegmentedRaftLogWorker.java:<init>(172)) - new f6c16d16-afc4-4153-950f-27a1e09b0667@group-2C5CB6273789-SegmentedRaftLogWorker for RaftStorage:Storage Directory /workdir/hadoop-ozone/integration-test/target/test-dir/MiniOzoneClusterImpl-587876f3-3d98-4cc8-9a43-bf4d205d7dbe/datanode-0/data/ratis/efa0fe7d-b05f-4288-a854-2c5cb6273789
2019-09-25 12:06:30,328 [pool-585-thread-1] INFO  server.RaftServerConfigKeys (ConfUtils.java:logGet(43)) - raft.server.log.queue.byte-limit = 2147483647 (custom)
2019-09-25 12:06:30,328 [pool-585-thread-1] INFO  server.RaftServerConfigKeys (ConfUtils.java:logGet(43)) - raft.server.log.queue.element-limit = 1024 (custom)
2019-09-25 12:06:30,328 [pool-585-thread-1] INFO  server.RaftServerConfigKeys (ConfUtils.java:logGet(43)) - raft.server.log.segment.size.max = 1048576 (custom)
2019-09-25 12:06:30,328 [pool-585-thread-1] INFO  server.RaftServerConfigKeys (ConfUtils.java:logGet(43)) - raft.server.log.preallocated.size = 16384 (custom)
2019-09-25 12:06:30,328 [pool-585-thread-1] INFO  server.RaftServerConfigKeys (ConfUtils.java:logGet(43)) - raft.server.log.write.buffer.size = 33554432 (custom)
2019-09-25 12:06:30,328 [pool-585-thread-1] INFO  server.RaftServerConfigKeys (ConfUtils.java:logGet(43)) - raft.server.log.force.sync.num = 128 (default)
2019-09-25 12:06:30,329 [pool-585-thread-1] INFO  server.RaftServerConfigKeys (ConfUtils.java:logGet(43)) - raft.server.log.statemachine.data.sync = true (default)
2019-09-25 12:06:30,329 [pool-585-thread-1] INFO  server.RaftServerConfigKeys (ConfUtils.java:logGet(43)) - raft.server.log.statemachine.data.sync.timeout = 10s (default)
2019-09-25 12:06:30,329 [pool-585-thread-1] INFO  server.RaftServerConfigKeys (ConfUtils.java:logGet(43)) - raft.server.log.statemachine.data.sync.timeout.retry = -1 (default)
2019-09-25 12:06:30,329 [pool-585-thread-1] INFO  server.RaftServerConfigKeys (ConfUtils.java:logGet(43)) - raft.server.log.statemachine.data.caching.enabled = true (custom)
2019-09-25 12:06:30,329 [pool-585-thread-1] INFO  segmented.SegmentedRaftLogWorker (SegmentedRaftLogWorker.java:lambda$new$0(132)) - f6c16d16-afc4-4153-950f-27a1e09b0667@group-2C5CB6273789-SegmentedRaftLogWorker: flushIndex: setUnconditionally 0 -> -1
2019-09-25 12:06:30,330 [pool-585-thread-1] INFO  server.RaftServerConfigKeys (ConfUtils.java:logGet(43)) - raft.server.snapshot.auto.trigger.enabled = true (custom)
2019-09-25 12:06:30,330 [pool-585-thread-1] INFO  server.RaftServerConfigKeys (ConfUtils.java:logGet(43)) - raft.server.snapshot.auto.trigger.threshold = 10000 (custom)
2019-09-25 12:06:30,330 [pool-585-thread-1] INFO  server.RaftServerConfigKeys (ConfUtils.java:logGet(43)) - raft.server.snapshot.retention.num.files = 5 (custom)
2019-09-25 12:06:30,330 [pool-585-thread-1] INFO  server.RaftServerConfigKeys (ConfUtils.java:logGet(43)) - raft.server.retrycache.expirytime = 600000ms (custom)
2019-09-25 12:06:30,332 [pool-585-thread-1] INFO  impl.RaftServerImpl (RaftServerImpl.java:start(185)) - f6c16d16-afc4-4153-950f-27a1e09b0667@group-2C5CB6273789: start as a follower, conf=-1: [f6c16d16-afc4-4153-950f-27a1e09b0667:192.168.151.73:37173], old=null
2019-09-25 12:06:30,332 [pool-585-thread-1] INFO  impl.RaftServerImpl (RaftServerImpl.java:setRole(174)) - f6c16d16-afc4-4153-950f-27a1e09b0667@group-2C5CB6273789: changes role from      null to FOLLOWER at term 0 for startAsFollower
2019-09-25 12:06:30,332 [pool-585-thread-1] INFO  impl.RoleInfo (RoleInfo.java:updateAndGet(143)) - f6c16d16-afc4-4153-950f-27a1e09b0667: start FollowerState
2019-09-25 12:06:30,333 [pool-585-thread-1] INFO  util.JmxRegister (JmxRegister.java:tryRegister(44)) - Successfully registered JMX Bean with object name Ratis:service=RaftServer,group=group-2C5CB6273789,id=f6c16d16-afc4-4153-950f-27a1e09b0667
2019-09-25 12:06:30,334 [RatisPipelineUtilsThread] INFO  pipeline.PipelineStateManager (PipelineStateManager.java:addPipeline(56)) - Created pipeline Pipeline[ Id: efa0fe7d-b05f-4288-a854-2c5cb6273789, Nodes: f6c16d16-afc4-4153-950f-27a1e09b0667{ip: 192.168.151.73, host: pr-hdds-1569-shd4m-3693607622, networkLocation: /default-rack, certSerialId: null}, Type:RATIS, Factor:ONE, State:OPEN]
2019-09-25 12:06:30,344 [grpc-default-executor-1] INFO  impl.RaftServerProxy (RaftServerProxy.java:addNew(89)) - b31e81a4-9d51-4c30-935b-af8637f1730a: addNew group-98BB5EBEA6E4:[b31e81a4-9d51-4c30-935b-af8637f1730a:192.168.151.73:39091] returns group-98BB5EBEA6E4:java.util.concurrent.CompletableFuture@7af765f9[Not completed]
2019-09-25 12:06:30,345 [pool-595-thread-1] INFO  impl.RaftServerImpl (RaftServerImpl.java:<init>(95)) - b31e81a4-9d51-4c30-935b-af8637f1730a: new RaftServerImpl for group-98BB5EBEA6E4:[b31e81a4-9d51-4c30-935b-af8637f1730a:192.168.151.73:39091] with ContainerStateMachine:uninitialized
2019-09-25 12:06:30,345 [pool-595-thread-1] INFO  server.RaftServerConfigKeys (ConfUtils.java:logGet(43)) - raft.server.rpc.timeout.min = 5s (custom)
2019-09-25 12:06:30,345 [pool-595-thread-1] INFO  server.RaftServerConfigKeys (ConfUtils.java:logGet(43)) - raft.server.rpc.timeout.max = 5200ms (custom)
2019-09-25 12:06:30,345 [pool-595-thread-1] INFO  server.RaftServerConfigKeys (ConfUtils.java:logGet(43)) - raft.server.rpcslowness.timeout = 120s (custom)
2019-09-25 12:06:30,346 [pool-595-thread-1] INFO  server.RaftServerConfigKeys (ConfUtils.java:logGet(43)) - raft.server.sleep.deviation.threshold = 300 (default)
2019-09-25 12:06:30,346 [pool-595-thread-1] INFO  server.RaftServerConfigKeys (ConfUtils.java:logGet(43)) - raft.server.log.appender.install.snapshot.enabled = false (custom)
2019-09-25 12:06:30,346 [pool-595-thread-1] INFO  impl.RaftServerImpl (ServerState.java:<init>(103)) - b31e81a4-9d51-4c30-935b-af8637f1730a@group-98BB5EBEA6E4: ConfigurationManager, init=-1: [b31e81a4-9d51-4c30-935b-af8637f1730a:192.168.151.73:39091], old=null, confs=<EMPTY_MAP>
2019-09-25 12:06:30,346 [pool-595-thread-1] INFO  server.RaftServerConfigKeys (ConfUtils.java:logGet(43)) - raft.server.storage.dir = [/workdir/hadoop-ozone/integration-test/target/test-dir/MiniOzoneClusterImpl-587876f3-3d98-4cc8-9a43-bf4d205d7dbe/datanode-1/data/ratis] (custom)
2019-09-25 12:06:30,346 [pool-595-thread-1] INFO  storage.RaftStorageDirectory (RaftStorageDirectory.java:analyzeStorage(246)) - The storage directory /workdir/hadoop-ozone/integration-test/target/test-dir/MiniOzoneClusterImpl-587876f3-3d98-4cc8-9a43-bf4d205d7dbe/datanode-1/data/ratis/9c0c347a-c038-4026-821b-98bb5ebea6e4 does not exist. Creating ...
2019-09-25 12:06:30,359 [pool-595-thread-1] INFO  storage.RaftStorageDirectory (RaftStorageDirectory.java:tryLock(328)) - Lock on /workdir/hadoop-ozone/integration-test/target/test-dir/MiniOzoneClusterImpl-587876f3-3d98-4cc8-9a43-bf4d205d7dbe/datanode-1/data/ratis/9c0c347a-c038-4026-821b-98bb5ebea6e4/in_use.lock acquired by nodename 24979@pr-hdds-1569-shd4m-3693607622
2019-09-25 12:06:30,372 [pool-595-thread-1] INFO  storage.RaftStorage (RaftStorage.java:format(72)) - Storage directory /workdir/hadoop-ozone/integration-test/target/test-dir/MiniOzoneClusterImpl-587876f3-3d98-4cc8-9a43-bf4d205d7dbe/datanode-1/data/ratis/9c0c347a-c038-4026-821b-98bb5ebea6e4 has been successfully formatted.
2019-09-25 12:06:30,372 [pool-595-thread-1] INFO  ratis.ContainerStateMachine (ContainerStateMachine.java:loadSnapshot(230)) - group-98BB5EBEA6E4: The snapshot info is null. Setting the last applied indexto:(t:0, i:~)
2019-09-25 12:06:30,372 [pool-595-thread-1] INFO  server.RaftServerConfigKeys (ConfUtils.java:logGet(43)) - raft.server.notification.no-leader.timeout = 120s (custom)
2019-09-25 12:06:30,372 [pool-595-thread-1] INFO  server.RaftServerConfigKeys (ConfUtils.java:logGet(43)) - raft.server.log.use.memory = false (default)
2019-09-25 12:06:30,372 [pool-595-thread-1] INFO  server.RaftServerConfigKeys (ConfUtils.java:logGet(43)) - raft.server.log.purge.gap = 1000000 (custom)
2019-09-25 12:06:30,372 [pool-595-thread-1] INFO  server.RaftServerConfigKeys (ConfUtils.java:logGet(43)) - raft.server.log.appender.buffer.byte-limit = 33554432 (custom)
2019-09-25 12:06:30,372 [pool-595-thread-1] INFO  server.RaftServerConfigKeys (ConfUtils.java:logGet(43)) - raft.server.log.segment.size.max = 1048576 (custom)
2019-09-25 12:06:30,373 [pool-595-thread-1] INFO  server.RaftServerConfigKeys (ConfUtils.java:logGet(43)) - raft.server.log.segment.cache.num.max = 2 (custom)
2019-09-25 12:06:30,373 [pool-595-thread-1] INFO  segmented.SegmentedRaftLogWorker (SegmentedRaftLogWorker.java:<init>(172)) - new b31e81a4-9d51-4c30-935b-af8637f1730a@group-98BB5EBEA6E4-SegmentedRaftLogWorker for RaftStorage:Storage Directory /workdir/hadoop-ozone/integration-test/target/test-dir/MiniOzoneClusterImpl-587876f3-3d98-4cc8-9a43-bf4d205d7dbe/datanode-1/data/ratis/9c0c347a-c038-4026-821b-98bb5ebea6e4
2019-09-25 12:06:30,374 [pool-595-thread-1] INFO  server.RaftServerConfigKeys (ConfUtils.java:logGet(43)) - raft.server.log.queue.byte-limit = 2147483647 (custom)
2019-09-25 12:06:30,375 [pool-595-thread-1] INFO  server.RaftServerConfigKeys (ConfUtils.java:logGet(43)) - raft.server.log.queue.element-limit = 1024 (custom)
2019-09-25 12:06:30,375 [pool-595-thread-1] INFO  server.RaftServerConfigKeys (ConfUtils.java:logGet(43)) - raft.server.log.segment.size.max = 1048576 (custom)
2019-09-25 12:06:30,375 [pool-595-thread-1] INFO  server.RaftServerConfigKeys (ConfUtils.java:logGet(43)) - raft.server.log.preallocated.size = 16384 (custom)
2019-09-25 12:06:30,375 [pool-595-thread-1] INFO  server.RaftServerConfigKeys (ConfUtils.java:logGet(43)) - raft.server.log.write.buffer.size = 33554432 (custom)
2019-09-25 12:06:30,375 [pool-595-thread-1] INFO  server.RaftServerConfigKeys (ConfUtils.java:logGet(43)) - raft.server.log.force.sync.num = 128 (default)
2019-09-25 12:06:30,375 [pool-595-thread-1] INFO  server.RaftServerConfigKeys (ConfUtils.java:logGet(43)) - raft.server.log.statemachine.data.sync = true (default)
2019-09-25 12:06:30,375 [pool-595-thread-1] INFO  server.RaftServerConfigKeys (ConfUtils.java:logGet(43)) - raft.server.log.statemachine.data.sync.timeout = 10s (default)
2019-09-25 12:06:30,376 [pool-595-thread-1] INFO  server.RaftServerConfigKeys (ConfUtils.java:logGet(43)) - raft.server.log.statemachine.data.sync.timeout.retry = -1 (default)
2019-09-25 12:06:30,376 [pool-595-thread-1] INFO  server.RaftServerConfigKeys (ConfUtils.java:logGet(43)) - raft.server.log.statemachine.data.caching.enabled = true (custom)
2019-09-25 12:06:30,376 [pool-595-thread-1] INFO  segmented.SegmentedRaftLogWorker (SegmentedRaftLogWorker.java:lambda$new$0(132)) - b31e81a4-9d51-4c30-935b-af8637f1730a@group-98BB5EBEA6E4-SegmentedRaftLogWorker: flushIndex: setUnconditionally 0 -> -1
2019-09-25 12:06:30,377 [pool-595-thread-1] INFO  server.RaftServerConfigKeys (ConfUtils.java:logGet(43)) - raft.server.snapshot.auto.trigger.enabled = true (custom)
2019-09-25 12:06:30,377 [pool-595-thread-1] INFO  server.RaftServerConfigKeys (ConfUtils.java:logGet(43)) - raft.server.snapshot.auto.trigger.threshold = 10000 (custom)
2019-09-25 12:06:30,377 [pool-595-thread-1] INFO  server.RaftServerConfigKeys (ConfUtils.java:logGet(43)) - raft.server.snapshot.retention.num.files = 5 (custom)
2019-09-25 12:06:30,377 [pool-595-thread-1] INFO  server.RaftServerConfigKeys (ConfUtils.java:logGet(43)) - raft.server.retrycache.expirytime = 600000ms (custom)
2019-09-25 12:06:30,379 [pool-595-thread-1] INFO  impl.RaftServerImpl (RaftServerImpl.java:start(185)) - b31e81a4-9d51-4c30-935b-af8637f1730a@group-98BB5EBEA6E4: start as a follower, conf=-1: [b31e81a4-9d51-4c30-935b-af8637f1730a:192.168.151.73:39091], old=null
2019-09-25 12:06:30,379 [pool-595-thread-1] INFO  impl.RaftServerImpl (RaftServerImpl.java:setRole(174)) - b31e81a4-9d51-4c30-935b-af8637f1730a@group-98BB5EBEA6E4: changes role from      null to FOLLOWER at term 0 for startAsFollower
2019-09-25 12:06:30,379 [pool-595-thread-1] INFO  impl.RoleInfo (RoleInfo.java:updateAndGet(143)) - b31e81a4-9d51-4c30-935b-af8637f1730a: start FollowerState
2019-09-25 12:06:30,379 [pool-595-thread-1] INFO  util.JmxRegister (JmxRegister.java:tryRegister(44)) - Successfully registered JMX Bean with object name Ratis:service=RaftServer,group=group-98BB5EBEA6E4,id=b31e81a4-9d51-4c30-935b-af8637f1730a
2019-09-25 12:06:30,382 [RatisPipelineUtilsThread] INFO  pipeline.PipelineStateManager (PipelineStateManager.java:addPipeline(56)) - Created pipeline Pipeline[ Id: 9c0c347a-c038-4026-821b-98bb5ebea6e4, Nodes: b31e81a4-9d51-4c30-935b-af8637f1730a{ip: 192.168.151.73, host: pr-hdds-1569-shd4m-3693607622, networkLocation: /default-rack, certSerialId: null}, Type:RATIS, Factor:ONE, State:OPEN]
2019-09-25 12:06:30,385 [grpc-default-executor-1] INFO  impl.RaftServerProxy (RaftServerProxy.java:addNew(89)) - f6c16d16-afc4-4153-950f-27a1e09b0667: addNew group-C849DC3ACEFE:[f6c16d16-afc4-4153-950f-27a1e09b0667:192.168.151.73:37173] returns group-C849DC3ACEFE:java.util.concurrent.CompletableFuture@6a2b956f[Not completed]
2019-09-25 12:06:30,386 [pool-585-thread-1] INFO  impl.RaftServerImpl (RaftServerImpl.java:<init>(95)) - f6c16d16-afc4-4153-950f-27a1e09b0667: new RaftServerImpl for group-C849DC3ACEFE:[f6c16d16-afc4-4153-950f-27a1e09b0667:192.168.151.73:37173] with ContainerStateMachine:uninitialized
2019-09-25 12:06:30,386 [pool-585-thread-1] INFO  server.RaftServerConfigKeys (ConfUtils.java:logGet(43)) - raft.server.rpc.timeout.min = 5s (custom)
2019-09-25 12:06:30,386 [pool-585-thread-1] INFO  server.RaftServerConfigKeys (ConfUtils.java:logGet(43)) - raft.server.rpc.timeout.max = 5200ms (custom)
2019-09-25 12:06:30,386 [pool-585-thread-1] INFO  server.RaftServerConfigKeys (ConfUtils.java:logGet(43)) - raft.server.rpcslowness.timeout = 120s (custom)
2019-09-25 12:06:30,386 [pool-585-thread-1] INFO  server.RaftServerConfigKeys (ConfUtils.java:logGet(43)) - raft.server.sleep.deviation.threshold = 300 (default)
2019-09-25 12:06:30,386 [pool-585-thread-1] INFO  server.RaftServerConfigKeys (ConfUtils.java:logGet(43)) - raft.server.log.appender.install.snapshot.enabled = false (custom)
2019-09-25 12:06:30,387 [pool-585-thread-1] INFO  impl.RaftServerImpl (ServerState.java:<init>(103)) - f6c16d16-afc4-4153-950f-27a1e09b0667@group-C849DC3ACEFE: ConfigurationManager, init=-1: [f6c16d16-afc4-4153-950f-27a1e09b0667:192.168.151.73:37173], old=null, confs=<EMPTY_MAP>
2019-09-25 12:06:30,387 [pool-585-thread-1] INFO  server.RaftServerConfigKeys (ConfUtils.java:logGet(43)) - raft.server.storage.dir = [/workdir/hadoop-ozone/integration-test/target/test-dir/MiniOzoneClusterImpl-587876f3-3d98-4cc8-9a43-bf4d205d7dbe/datanode-0/data/ratis] (custom)
2019-09-25 12:06:30,387 [pool-585-thread-1] INFO  storage.RaftStorageDirectory (RaftStorageDirectory.java:analyzeStorage(246)) - The storage directory /workdir/hadoop-ozone/integration-test/target/test-dir/MiniOzoneClusterImpl-587876f3-3d98-4cc8-9a43-bf4d205d7dbe/datanode-0/data/ratis/356eeec5-43f4-4185-8145-c849dc3acefe does not exist. Creating ...
2019-09-25 12:06:30,399 [pool-585-thread-1] INFO  storage.RaftStorageDirectory (RaftStorageDirectory.java:tryLock(328)) - Lock on /workdir/hadoop-ozone/integration-test/target/test-dir/MiniOzoneClusterImpl-587876f3-3d98-4cc8-9a43-bf4d205d7dbe/datanode-0/data/ratis/356eeec5-43f4-4185-8145-c849dc3acefe/in_use.lock acquired by nodename 24979@pr-hdds-1569-shd4m-3693607622
2019-09-25 12:06:30,412 [pool-585-thread-1] INFO  storage.RaftStorage (RaftStorage.java:format(72)) - Storage directory /workdir/hadoop-ozone/integration-test/target/test-dir/MiniOzoneClusterImpl-587876f3-3d98-4cc8-9a43-bf4d205d7dbe/datanode-0/data/ratis/356eeec5-43f4-4185-8145-c849dc3acefe has been successfully formatted.
2019-09-25 12:06:30,412 [pool-585-thread-1] INFO  ratis.ContainerStateMachine (ContainerStateMachine.java:loadSnapshot(230)) - group-C849DC3ACEFE: The snapshot info is null. Setting the last applied indexto:(t:0, i:~)
2019-09-25 12:06:30,412 [pool-585-thread-1] INFO  server.RaftServerConfigKeys (ConfUtils.java:logGet(43)) - raft.server.notification.no-leader.timeout = 120s (custom)
2019-09-25 12:06:30,412 [pool-585-thread-1] INFO  server.RaftServerConfigKeys (ConfUtils.java:logGet(43)) - raft.server.log.use.memory = false (default)
2019-09-25 12:06:30,413 [pool-585-thread-1] INFO  server.RaftServerConfigKeys (ConfUtils.java:logGet(43)) - raft.server.log.purge.gap = 1000000 (custom)
2019-09-25 12:06:30,413 [pool-585-thread-1] INFO  server.RaftServerConfigKeys (ConfUtils.java:logGet(43)) - raft.server.log.appender.buffer.byte-limit = 33554432 (custom)
2019-09-25 12:06:30,413 [pool-585-thread-1] INFO  server.RaftServerConfigKeys (ConfUtils.java:logGet(43)) - raft.server.log.segment.size.max = 1048576 (custom)
2019-09-25 12:06:30,413 [pool-585-thread-1] INFO  server.RaftServerConfigKeys (ConfUtils.java:logGet(43)) - raft.server.log.segment.cache.num.max = 2 (custom)
2019-09-25 12:06:30,413 [pool-585-thread-1] INFO  segmented.SegmentedRaftLogWorker (SegmentedRaftLogWorker.java:<init>(172)) - new f6c16d16-afc4-4153-950f-27a1e09b0667@group-C849DC3ACEFE-SegmentedRaftLogWorker for RaftStorage:Storage Directory /workdir/hadoop-ozone/integration-test/target/test-dir/MiniOzoneClusterImpl-587876f3-3d98-4cc8-9a43-bf4d205d7dbe/datanode-0/data/ratis/356eeec5-43f4-4185-8145-c849dc3acefe
2019-09-25 12:06:30,413 [pool-585-thread-1] INFO  server.RaftServerConfigKeys (ConfUtils.java:logGet(43)) - raft.server.log.queue.byte-limit = 2147483647 (custom)
2019-09-25 12:06:30,413 [pool-585-thread-1] INFO  server.RaftServerConfigKeys (ConfUtils.java:logGet(43)) - raft.server.log.queue.element-limit = 1024 (custom)
2019-09-25 12:06:30,414 [pool-585-thread-1] INFO  server.RaftServerConfigKeys (ConfUtils.java:logGet(43)) - raft.server.log.segment.size.max = 1048576 (custom)
2019-09-25 12:06:30,414 [pool-585-thread-1] INFO  server.RaftServerConfigKeys (ConfUtils.java:logGet(43)) - raft.server.log.preallocated.size = 16384 (custom)
2019-09-25 12:06:30,414 [pool-585-thread-1] INFO  server.RaftServerConfigKeys (ConfUtils.java:logGet(43)) - raft.server.log.write.buffer.size = 33554432 (custom)
2019-09-25 12:06:30,414 [pool-585-thread-1] INFO  server.RaftServerConfigKeys (ConfUtils.java:logGet(43)) - raft.server.log.force.sync.num = 128 (default)
2019-09-25 12:06:30,414 [pool-585-thread-1] INFO  server.RaftServerConfigKeys (ConfUtils.java:logGet(43)) - raft.server.log.statemachine.data.sync = true (default)
2019-09-25 12:06:30,414 [pool-585-thread-1] INFO  server.RaftServerConfigKeys (ConfUtils.java:logGet(43)) - raft.server.log.statemachine.data.sync.timeout = 10s (default)
2019-09-25 12:06:30,415 [pool-585-thread-1] INFO  server.RaftServerConfigKeys (ConfUtils.java:logGet(43)) - raft.server.log.statemachine.data.sync.timeout.retry = -1 (default)
2019-09-25 12:06:30,415 [pool-585-thread-1] INFO  server.RaftServerConfigKeys (ConfUtils.java:logGet(43)) - raft.server.log.statemachine.data.caching.enabled = true (custom)
2019-09-25 12:06:30,415 [pool-585-thread-1] INFO  segmented.SegmentedRaftLogWorker (SegmentedRaftLogWorker.java:lambda$new$0(132)) - f6c16d16-afc4-4153-950f-27a1e09b0667@group-C849DC3ACEFE-SegmentedRaftLogWorker: flushIndex: setUnconditionally 0 -> -1
2019-09-25 12:06:30,415 [pool-585-thread-1] INFO  server.RaftServerConfigKeys (ConfUtils.java:logGet(43)) - raft.server.snapshot.auto.trigger.enabled = true (custom)
2019-09-25 12:06:30,416 [pool-585-thread-1] INFO  server.RaftServerConfigKeys (ConfUtils.java:logGet(43)) - raft.server.snapshot.auto.trigger.threshold = 10000 (custom)
2019-09-25 12:06:30,416 [pool-585-thread-1] INFO  server.RaftServerConfigKeys (ConfUtils.java:logGet(43)) - raft.server.snapshot.retention.num.files = 5 (custom)
2019-09-25 12:06:30,416 [pool-585-thread-1] INFO  server.RaftServerConfigKeys (ConfUtils.java:logGet(43)) - raft.server.retrycache.expirytime = 600000ms (custom)
2019-09-25 12:06:30,418 [pool-585-thread-1] INFO  impl.RaftServerImpl (RaftServerImpl.java:start(185)) - f6c16d16-afc4-4153-950f-27a1e09b0667@group-C849DC3ACEFE: start as a follower, conf=-1: [f6c16d16-afc4-4153-950f-27a1e09b0667:192.168.151.73:37173], old=null
2019-09-25 12:06:30,418 [pool-585-thread-1] INFO  impl.RaftServerImpl (RaftServerImpl.java:setRole(174)) - f6c16d16-afc4-4153-950f-27a1e09b0667@group-C849DC3ACEFE: changes role from      null to FOLLOWER at term 0 for startAsFollower
2019-09-25 12:06:30,419 [pool-585-thread-1] INFO  impl.RoleInfo (RoleInfo.java:updateAndGet(143)) - f6c16d16-afc4-4153-950f-27a1e09b0667: start FollowerState
2019-09-25 12:06:30,419 [pool-585-thread-1] INFO  util.JmxRegister (JmxRegister.java:tryRegister(44)) - Successfully registered JMX Bean with object name Ratis:service=RaftServer,group=group-C849DC3ACEFE,id=f6c16d16-afc4-4153-950f-27a1e09b0667
2019-09-25 12:06:30,421 [RatisPipelineUtilsThread] INFO  pipeline.PipelineStateManager (PipelineStateManager.java:addPipeline(56)) - Created pipeline Pipeline[ Id: 356eeec5-43f4-4185-8145-c849dc3acefe, Nodes: f6c16d16-afc4-4153-950f-27a1e09b0667{ip: 192.168.151.73, host: pr-hdds-1569-shd4m-3693607622, networkLocation: /default-rack, certSerialId: null}, Type:RATIS, Factor:ONE, State:OPEN]
2019-09-25 12:06:30,423 [IPC Server handler 8 on 44365] INFO  net.NetworkTopology (NetworkTopologyImpl.java:add(111)) - Added a new node: /default-rack/4265dd55-646c-4571-a7aa-5a5e7479765c
2019-09-25 12:06:30,423 [IPC Server handler 8 on 44365] INFO  node.SCMNodeManager (SCMNodeManager.java:register(266)) - Registered Data node : 4265dd55-646c-4571-a7aa-5a5e7479765c{ip: 192.168.151.73, host: pr-hdds-1569-shd4m-3693607622, networkLocation: /default-rack, certSerialId: null}
2019-09-25 12:06:30,425 [grpc-default-executor-1] INFO  impl.RaftServerProxy (RaftServerProxy.java:addNew(89)) - f6c16d16-afc4-4153-950f-27a1e09b0667: addNew group-1094BE670519:[f6c16d16-afc4-4153-950f-27a1e09b0667:192.168.151.73:37173] returns group-1094BE670519:java.util.concurrent.CompletableFuture@57ef9a50[Not completed]
2019-09-25 12:06:30,426 [pool-585-thread-1] INFO  impl.RaftServerImpl (RaftServerImpl.java:<init>(95)) - f6c16d16-afc4-4153-950f-27a1e09b0667: new RaftServerImpl for group-1094BE670519:[f6c16d16-afc4-4153-950f-27a1e09b0667:192.168.151.73:37173] with ContainerStateMachine:uninitialized
2019-09-25 12:06:30,426 [pool-585-thread-1] INFO  server.RaftServerConfigKeys (ConfUtils.java:logGet(43)) - raft.server.rpc.timeout.min = 5s (custom)
2019-09-25 12:06:30,426 [pool-585-thread-1] INFO  server.RaftServerConfigKeys (ConfUtils.java:logGet(43)) - raft.server.rpc.timeout.max = 5200ms (custom)
2019-09-25 12:06:30,427 [pool-585-thread-1] INFO  server.RaftServerConfigKeys (ConfUtils.java:logGet(43)) - raft.server.rpcslowness.timeout = 120s (custom)
2019-09-25 12:06:30,427 [pool-585-thread-1] INFO  server.RaftServerConfigKeys (ConfUtils.java:logGet(43)) - raft.server.sleep.deviation.threshold = 300 (default)
2019-09-25 12:06:30,427 [pool-585-thread-1] INFO  server.RaftServerConfigKeys (ConfUtils.java:logGet(43)) - raft.server.log.appender.install.snapshot.enabled = false (custom)
2019-09-25 12:06:30,427 [pool-585-thread-1] INFO  impl.RaftServerImpl (ServerState.java:<init>(103)) - f6c16d16-afc4-4153-950f-27a1e09b0667@group-1094BE670519: ConfigurationManager, init=-1: [f6c16d16-afc4-4153-950f-27a1e09b0667:192.168.151.73:37173], old=null, confs=<EMPTY_MAP>
2019-09-25 12:06:30,427 [pool-585-thread-1] INFO  server.RaftServerConfigKeys (ConfUtils.java:logGet(43)) - raft.server.storage.dir = [/workdir/hadoop-ozone/integration-test/target/test-dir/MiniOzoneClusterImpl-587876f3-3d98-4cc8-9a43-bf4d205d7dbe/datanode-0/data/ratis] (custom)
2019-09-25 12:06:30,427 [pool-585-thread-1] INFO  storage.RaftStorageDirectory (RaftStorageDirectory.java:analyzeStorage(246)) - The storage directory /workdir/hadoop-ozone/integration-test/target/test-dir/MiniOzoneClusterImpl-587876f3-3d98-4cc8-9a43-bf4d205d7dbe/datanode-0/data/ratis/a5eb56ac-682e-4a39-a79c-1094be670519 does not exist. Creating ...
2019-09-25 12:06:30,440 [pool-585-thread-1] INFO  storage.RaftStorageDirectory (RaftStorageDirectory.java:tryLock(328)) - Lock on /workdir/hadoop-ozone/integration-test/target/test-dir/MiniOzoneClusterImpl-587876f3-3d98-4cc8-9a43-bf4d205d7dbe/datanode-0/data/ratis/a5eb56ac-682e-4a39-a79c-1094be670519/in_use.lock acquired by nodename 24979@pr-hdds-1569-shd4m-3693607622
2019-09-25 12:06:30,444 [pool-585-thread-1] INFO  storage.RaftStorage (RaftStorage.java:format(72)) - Storage directory /workdir/hadoop-ozone/integration-test/target/test-dir/MiniOzoneClusterImpl-587876f3-3d98-4cc8-9a43-bf4d205d7dbe/datanode-0/data/ratis/a5eb56ac-682e-4a39-a79c-1094be670519 has been successfully formatted.
2019-09-25 12:06:30,444 [pool-585-thread-1] INFO  ratis.ContainerStateMachine (ContainerStateMachine.java:loadSnapshot(230)) - group-1094BE670519: The snapshot info is null. Setting the last applied indexto:(t:0, i:~)
2019-09-25 12:06:30,444 [pool-585-thread-1] INFO  server.RaftServerConfigKeys (ConfUtils.java:logGet(43)) - raft.server.notification.no-leader.timeout = 120s (custom)
2019-09-25 12:06:30,444 [pool-585-thread-1] INFO  server.RaftServerConfigKeys (ConfUtils.java:logGet(43)) - raft.server.log.use.memory = false (default)
2019-09-25 12:06:30,444 [pool-585-thread-1] INFO  server.RaftServerConfigKeys (ConfUtils.java:logGet(43)) - raft.server.log.purge.gap = 1000000 (custom)
2019-09-25 12:06:30,445 [pool-585-thread-1] INFO  server.RaftServerConfigKeys (ConfUtils.java:logGet(43)) - raft.server.log.appender.buffer.byte-limit = 33554432 (custom)
2019-09-25 12:06:30,445 [pool-585-thread-1] INFO  server.RaftServerConfigKeys (ConfUtils.java:logGet(43)) - raft.server.log.segment.size.max = 1048576 (custom)
2019-09-25 12:06:30,445 [pool-585-thread-1] INFO  server.RaftServerConfigKeys (ConfUtils.java:logGet(43)) - raft.server.log.segment.cache.num.max = 2 (custom)
2019-09-25 12:06:30,445 [pool-585-thread-1] INFO  segmented.SegmentedRaftLogWorker (SegmentedRaftLogWorker.java:<init>(172)) - new f6c16d16-afc4-4153-950f-27a1e09b0667@group-1094BE670519-SegmentedRaftLogWorker for RaftStorage:Storage Directory /workdir/hadoop-ozone/integration-test/target/test-dir/MiniOzoneClusterImpl-587876f3-3d98-4cc8-9a43-bf4d205d7dbe/datanode-0/data/ratis/a5eb56ac-682e-4a39-a79c-1094be670519
2019-09-25 12:06:30,445 [pool-585-thread-1] INFO  server.RaftServerConfigKeys (ConfUtils.java:logGet(43)) - raft.server.log.queue.byte-limit = 2147483647 (custom)
2019-09-25 12:06:30,445 [pool-585-thread-1] INFO  server.RaftServerConfigKeys (ConfUtils.java:logGet(43)) - raft.server.log.queue.element-limit = 1024 (custom)
2019-09-25 12:06:30,445 [pool-585-thread-1] INFO  server.RaftServerConfigKeys (ConfUtils.java:logGet(43)) - raft.server.log.segment.size.max = 1048576 (custom)
2019-09-25 12:06:30,446 [pool-585-thread-1] INFO  server.RaftServerConfigKeys (ConfUtils.java:logGet(43)) - raft.server.log.preallocated.size = 16384 (custom)
2019-09-25 12:06:30,446 [pool-585-thread-1] INFO  server.RaftServerConfigKeys (ConfUtils.java:logGet(43)) - raft.server.log.write.buffer.size = 33554432 (custom)
2019-09-25 12:06:30,446 [pool-585-thread-1] INFO  server.RaftServerConfigKeys (ConfUtils.java:logGet(43)) - raft.server.log.force.sync.num = 128 (default)
2019-09-25 12:06:30,446 [pool-585-thread-1] INFO  server.RaftServerConfigKeys (ConfUtils.java:logGet(43)) - raft.server.log.statemachine.data.sync = true (default)
2019-09-25 12:06:30,446 [pool-585-thread-1] INFO  server.RaftServerConfigKeys (ConfUtils.java:logGet(43)) - raft.server.log.statemachine.data.sync.timeout = 10s (default)
2019-09-25 12:06:30,446 [pool-585-thread-1] INFO  server.RaftServerConfigKeys (ConfUtils.java:logGet(43)) - raft.server.log.statemachine.data.sync.timeout.retry = -1 (default)
2019-09-25 12:06:30,446 [pool-585-thread-1] INFO  server.RaftServerConfigKeys (ConfUtils.java:logGet(43)) - raft.server.log.statemachine.data.caching.enabled = true (custom)
2019-09-25 12:06:30,447 [pool-585-thread-1] INFO  segmented.SegmentedRaftLogWorker (SegmentedRaftLogWorker.java:lambda$new$0(132)) - f6c16d16-afc4-4153-950f-27a1e09b0667@group-1094BE670519-SegmentedRaftLogWorker: flushIndex: setUnconditionally 0 -> -1
2019-09-25 12:06:30,447 [pool-585-thread-1] INFO  server.RaftServerConfigKeys (ConfUtils.java:logGet(43)) - raft.server.snapshot.auto.trigger.enabled = true (custom)
2019-09-25 12:06:30,447 [pool-585-thread-1] INFO  server.RaftServerConfigKeys (ConfUtils.java:logGet(43)) - raft.server.snapshot.auto.trigger.threshold = 10000 (custom)
2019-09-25 12:06:30,447 [pool-585-thread-1] INFO  server.RaftServerConfigKeys (ConfUtils.java:logGet(43)) - raft.server.snapshot.retention.num.files = 5 (custom)
2019-09-25 12:06:30,447 [pool-585-thread-1] INFO  server.RaftServerConfigKeys (ConfUtils.java:logGet(43)) - raft.server.retrycache.expirytime = 600000ms (custom)
2019-09-25 12:06:30,449 [pool-585-thread-1] INFO  impl.RaftServerImpl (RaftServerImpl.java:start(185)) - f6c16d16-afc4-4153-950f-27a1e09b0667@group-1094BE670519: start as a follower, conf=-1: [f6c16d16-afc4-4153-950f-27a1e09b0667:192.168.151.73:37173], old=null
2019-09-25 12:06:30,449 [pool-585-thread-1] INFO  impl.RaftServerImpl (RaftServerImpl.java:setRole(174)) - f6c16d16-afc4-4153-950f-27a1e09b0667@group-1094BE670519: changes role from      null to FOLLOWER at term 0 for startAsFollower
2019-09-25 12:06:30,449 [pool-585-thread-1] INFO  impl.RoleInfo (RoleInfo.java:updateAndGet(143)) - f6c16d16-afc4-4153-950f-27a1e09b0667: start FollowerState
2019-09-25 12:06:30,450 [pool-585-thread-1] INFO  util.JmxRegister (JmxRegister.java:tryRegister(44)) - Successfully registered JMX Bean with object name Ratis:service=RaftServer,group=group-1094BE670519,id=f6c16d16-afc4-4153-950f-27a1e09b0667
2019-09-25 12:06:30,452 [RatisPipelineUtilsThread] INFO  pipeline.PipelineStateManager (PipelineStateManager.java:addPipeline(56)) - Created pipeline Pipeline[ Id: a5eb56ac-682e-4a39-a79c-1094be670519, Nodes: f6c16d16-afc4-4153-950f-27a1e09b0667{ip: 192.168.151.73, host: pr-hdds-1569-shd4m-3693607622, networkLocation: /default-rack, certSerialId: null}, Type:RATIS, Factor:ONE, State:OPEN]
2019-09-25 12:06:30,456 [grpc-default-executor-1] INFO  impl.RaftServerProxy (RaftServerProxy.java:addNew(89)) - b31e81a4-9d51-4c30-935b-af8637f1730a: addNew group-7A92AFC5AC26:[b31e81a4-9d51-4c30-935b-af8637f1730a:192.168.151.73:39091] returns group-7A92AFC5AC26:java.util.concurrent.CompletableFuture@1b36c519[Not completed]
2019-09-25 12:06:30,457 [pool-595-thread-1] INFO  impl.RaftServerImpl (RaftServerImpl.java:<init>(95)) - b31e81a4-9d51-4c30-935b-af8637f1730a: new RaftServerImpl for group-7A92AFC5AC26:[b31e81a4-9d51-4c30-935b-af8637f1730a:192.168.151.73:39091] with ContainerStateMachine:uninitialized
2019-09-25 12:06:30,457 [pool-595-thread-1] INFO  server.RaftServerConfigKeys (ConfUtils.java:logGet(43)) - raft.server.rpc.timeout.min = 5s (custom)
2019-09-25 12:06:30,457 [pool-595-thread-1] INFO  server.RaftServerConfigKeys (ConfUtils.java:logGet(43)) - raft.server.rpc.timeout.max = 5200ms (custom)
2019-09-25 12:06:30,457 [pool-595-thread-1] INFO  server.RaftServerConfigKeys (ConfUtils.java:logGet(43)) - raft.server.rpcslowness.timeout = 120s (custom)
2019-09-25 12:06:30,458 [pool-595-thread-1] INFO  server.RaftServerConfigKeys (ConfUtils.java:logGet(43)) - raft.server.sleep.deviation.threshold = 300 (default)
2019-09-25 12:06:30,458 [pool-595-thread-1] INFO  server.RaftServerConfigKeys (ConfUtils.java:logGet(43)) - raft.server.log.appender.install.snapshot.enabled = false (custom)
2019-09-25 12:06:30,458 [pool-595-thread-1] INFO  impl.RaftServerImpl (ServerState.java:<init>(103)) - b31e81a4-9d51-4c30-935b-af8637f1730a@group-7A92AFC5AC26: ConfigurationManager, init=-1: [b31e81a4-9d51-4c30-935b-af8637f1730a:192.168.151.73:39091], old=null, confs=<EMPTY_MAP>
2019-09-25 12:06:30,458 [pool-595-thread-1] INFO  server.RaftServerConfigKeys (ConfUtils.java:logGet(43)) - raft.server.storage.dir = [/workdir/hadoop-ozone/integration-test/target/test-dir/MiniOzoneClusterImpl-587876f3-3d98-4cc8-9a43-bf4d205d7dbe/datanode-1/data/ratis] (custom)
2019-09-25 12:06:30,458 [pool-595-thread-1] INFO  storage.RaftStorageDirectory (RaftStorageDirectory.java:analyzeStorage(246)) - The storage directory /workdir/hadoop-ozone/integration-test/target/test-dir/MiniOzoneClusterImpl-587876f3-3d98-4cc8-9a43-bf4d205d7dbe/datanode-1/data/ratis/2245ad8c-c2f0-446b-a95d-7a92afc5ac26 does not exist. Creating ...
2019-09-25 12:06:30,462 [pool-595-thread-1] INFO  storage.RaftStorageDirectory (RaftStorageDirectory.java:tryLock(328)) - Lock on /workdir/hadoop-ozone/integration-test/target/test-dir/MiniOzoneClusterImpl-587876f3-3d98-4cc8-9a43-bf4d205d7dbe/datanode-1/data/ratis/2245ad8c-c2f0-446b-a95d-7a92afc5ac26/in_use.lock acquired by nodename 24979@pr-hdds-1569-shd4m-3693607622
2019-09-25 12:06:30,465 [pool-595-thread-1] INFO  storage.RaftStorage (RaftStorage.java:format(72)) - Storage directory /workdir/hadoop-ozone/integration-test/target/test-dir/MiniOzoneClusterImpl-587876f3-3d98-4cc8-9a43-bf4d205d7dbe/datanode-1/data/ratis/2245ad8c-c2f0-446b-a95d-7a92afc5ac26 has been successfully formatted.
2019-09-25 12:06:30,466 [pool-595-thread-1] INFO  ratis.ContainerStateMachine (ContainerStateMachine.java:loadSnapshot(230)) - group-7A92AFC5AC26: The snapshot info is null. Setting the last applied indexto:(t:0, i:~)
2019-09-25 12:06:30,466 [pool-595-thread-1] INFO  server.RaftServerConfigKeys (ConfUtils.java:logGet(43)) - raft.server.notification.no-leader.timeout = 120s (custom)
2019-09-25 12:06:30,466 [pool-595-thread-1] INFO  server.RaftServerConfigKeys (ConfUtils.java:logGet(43)) - raft.server.log.use.memory = false (default)
2019-09-25 12:06:30,466 [pool-595-thread-1] INFO  server.RaftServerConfigKeys (ConfUtils.java:logGet(43)) - raft.server.log.purge.gap = 1000000 (custom)
2019-09-25 12:06:30,466 [pool-595-thread-1] INFO  server.RaftServerConfigKeys (ConfUtils.java:logGet(43)) - raft.server.log.appender.buffer.byte-limit = 33554432 (custom)
2019-09-25 12:06:30,467 [pool-595-thread-1] INFO  server.RaftServerConfigKeys (ConfUtils.java:logGet(43)) - raft.server.log.segment.size.max = 1048576 (custom)
2019-09-25 12:06:30,467 [pool-595-thread-1] INFO  server.RaftServerConfigKeys (ConfUtils.java:logGet(43)) - raft.server.log.segment.cache.num.max = 2 (custom)
2019-09-25 12:06:30,467 [pool-595-thread-1] INFO  segmented.SegmentedRaftLogWorker (SegmentedRaftLogWorker.java:<init>(172)) - new b31e81a4-9d51-4c30-935b-af8637f1730a@group-7A92AFC5AC26-SegmentedRaftLogWorker for RaftStorage:Storage Directory /workdir/hadoop-ozone/integration-test/target/test-dir/MiniOzoneClusterImpl-587876f3-3d98-4cc8-9a43-bf4d205d7dbe/datanode-1/data/ratis/2245ad8c-c2f0-446b-a95d-7a92afc5ac26
2019-09-25 12:06:30,467 [pool-595-thread-1] INFO  server.RaftServerConfigKeys (ConfUtils.java:logGet(43)) - raft.server.log.queue.byte-limit = 2147483647 (custom)
2019-09-25 12:06:30,467 [pool-595-thread-1] INFO  server.RaftServerConfigKeys (ConfUtils.java:logGet(43)) - raft.server.log.queue.element-limit = 1024 (custom)
2019-09-25 12:06:30,467 [pool-595-thread-1] INFO  server.RaftServerConfigKeys (ConfUtils.java:logGet(43)) - raft.server.log.segment.size.max = 1048576 (custom)
2019-09-25 12:06:30,468 [pool-595-thread-1] INFO  server.RaftServerConfigKeys (ConfUtils.java:logGet(43)) - raft.server.log.preallocated.size = 16384 (custom)
2019-09-25 12:06:30,468 [pool-595-thread-1] INFO  server.RaftServerConfigKeys (ConfUtils.java:logGet(43)) - raft.server.log.write.buffer.size = 33554432 (custom)
2019-09-25 12:06:30,468 [pool-595-thread-1] INFO  server.RaftServerConfigKeys (ConfUtils.java:logGet(43)) - raft.server.log.force.sync.num = 128 (default)
2019-09-25 12:06:30,468 [pool-595-thread-1] INFO  server.RaftServerConfigKeys (ConfUtils.java:logGet(43)) - raft.server.log.statemachine.data.sync = true (default)
2019-09-25 12:06:30,468 [pool-595-thread-1] INFO  server.RaftServerConfigKeys (ConfUtils.java:logGet(43)) - raft.server.log.statemachine.data.sync.timeout = 10s (default)
2019-09-25 12:06:30,468 [pool-595-thread-1] INFO  server.RaftServerConfigKeys (ConfUtils.java:logGet(43)) - raft.server.log.statemachine.data.sync.timeout.retry = -1 (default)
2019-09-25 12:06:30,469 [pool-595-thread-1] INFO  server.RaftServerConfigKeys (ConfUtils.java:logGet(43)) - raft.server.log.statemachine.data.caching.enabled = true (custom)
2019-09-25 12:06:30,469 [pool-595-thread-1] INFO  segmented.SegmentedRaftLogWorker (SegmentedRaftLogWorker.java:lambda$new$0(132)) - b31e81a4-9d51-4c30-935b-af8637f1730a@group-7A92AFC5AC26-SegmentedRaftLogWorker: flushIndex: setUnconditionally 0 -> -1
2019-09-25 12:06:30,469 [pool-595-thread-1] INFO  server.RaftServerConfigKeys (ConfUtils.java:logGet(43)) - raft.server.snapshot.auto.trigger.enabled = true (custom)
2019-09-25 12:06:30,469 [pool-595-thread-1] INFO  server.RaftServerConfigKeys (ConfUtils.java:logGet(43)) - raft.server.snapshot.auto.trigger.threshold = 10000 (custom)
2019-09-25 12:06:30,470 [pool-595-thread-1] INFO  server.RaftServerConfigKeys (ConfUtils.java:logGet(43)) - raft.server.snapshot.retention.num.files = 5 (custom)
2019-09-25 12:06:30,470 [pool-595-thread-1] INFO  server.RaftServerConfigKeys (ConfUtils.java:logGet(43)) - raft.server.retrycache.expirytime = 600000ms (custom)
2019-09-25 12:06:30,471 [pool-595-thread-1] INFO  impl.RaftServerImpl (RaftServerImpl.java:start(185)) - b31e81a4-9d51-4c30-935b-af8637f1730a@group-7A92AFC5AC26: start as a follower, conf=-1: [b31e81a4-9d51-4c30-935b-af8637f1730a:192.168.151.73:39091], old=null
2019-09-25 12:06:30,472 [pool-595-thread-1] INFO  impl.RaftServerImpl (RaftServerImpl.java:setRole(174)) - b31e81a4-9d51-4c30-935b-af8637f1730a@group-7A92AFC5AC26: changes role from      null to FOLLOWER at term 0 for startAsFollower
2019-09-25 12:06:30,472 [pool-595-thread-1] INFO  impl.RoleInfo (RoleInfo.java:updateAndGet(143)) - b31e81a4-9d51-4c30-935b-af8637f1730a: start FollowerState
2019-09-25 12:06:30,472 [pool-595-thread-1] INFO  util.JmxRegister (JmxRegister.java:tryRegister(44)) - Successfully registered JMX Bean with object name Ratis:service=RaftServer,group=group-7A92AFC5AC26,id=b31e81a4-9d51-4c30-935b-af8637f1730a
2019-09-25 12:06:30,474 [RatisPipelineUtilsThread] INFO  pipeline.PipelineStateManager (PipelineStateManager.java:addPipeline(56)) - Created pipeline Pipeline[ Id: 2245ad8c-c2f0-446b-a95d-7a92afc5ac26, Nodes: b31e81a4-9d51-4c30-935b-af8637f1730a{ip: 192.168.151.73, host: pr-hdds-1569-shd4m-3693607622, networkLocation: /default-rack, certSerialId: null}, Type:RATIS, Factor:ONE, State:OPEN]
2019-09-25 12:06:30,478 [grpc-default-executor-1] INFO  impl.RaftServerProxy (RaftServerProxy.java:addNew(89)) - f6c16d16-afc4-4153-950f-27a1e09b0667: addNew group-69465D6E6947:[f6c16d16-afc4-4153-950f-27a1e09b0667:192.168.151.73:37173] returns group-69465D6E6947:java.util.concurrent.CompletableFuture@1119d383[Not completed]
2019-09-25 12:06:30,479 [pool-585-thread-1] INFO  impl.RaftServerImpl (RaftServerImpl.java:<init>(95)) - f6c16d16-afc4-4153-950f-27a1e09b0667: new RaftServerImpl for group-69465D6E6947:[f6c16d16-afc4-4153-950f-27a1e09b0667:192.168.151.73:37173] with ContainerStateMachine:uninitialized
2019-09-25 12:06:30,479 [pool-585-thread-1] INFO  server.RaftServerConfigKeys (ConfUtils.java:logGet(43)) - raft.server.rpc.timeout.min = 5s (custom)
2019-09-25 12:06:30,479 [pool-585-thread-1] INFO  server.RaftServerConfigKeys (ConfUtils.java:logGet(43)) - raft.server.rpc.timeout.max = 5200ms (custom)
2019-09-25 12:06:30,479 [pool-585-thread-1] INFO  server.RaftServerConfigKeys (ConfUtils.java:logGet(43)) - raft.server.rpcslowness.timeout = 120s (custom)
2019-09-25 12:06:30,479 [pool-585-thread-1] INFO  server.RaftServerConfigKeys (ConfUtils.java:logGet(43)) - raft.server.sleep.deviation.threshold = 300 (default)
2019-09-25 12:06:30,479 [pool-585-thread-1] INFO  server.RaftServerConfigKeys (ConfUtils.java:logGet(43)) - raft.server.log.appender.install.snapshot.enabled = false (custom)
2019-09-25 12:06:30,479 [pool-585-thread-1] INFO  impl.RaftServerImpl (ServerState.java:<init>(103)) - f6c16d16-afc4-4153-950f-27a1e09b0667@group-69465D6E6947: ConfigurationManager, init=-1: [f6c16d16-afc4-4153-950f-27a1e09b0667:192.168.151.73:37173], old=null, confs=<EMPTY_MAP>
2019-09-25 12:06:30,480 [pool-585-thread-1] INFO  server.RaftServerConfigKeys (ConfUtils.java:logGet(43)) - raft.server.storage.dir = [/workdir/hadoop-ozone/integration-test/target/test-dir/MiniOzoneClusterImpl-587876f3-3d98-4cc8-9a43-bf4d205d7dbe/datanode-0/data/ratis] (custom)
2019-09-25 12:06:30,480 [pool-585-thread-1] INFO  storage.RaftStorageDirectory (RaftStorageDirectory.java:analyzeStorage(246)) - The storage directory /workdir/hadoop-ozone/integration-test/target/test-dir/MiniOzoneClusterImpl-587876f3-3d98-4cc8-9a43-bf4d205d7dbe/datanode-0/data/ratis/1ac7cbda-23fc-47c9-aa29-69465d6e6947 does not exist. Creating ...
2019-09-25 12:06:30,484 [pool-585-thread-1] INFO  storage.RaftStorageDirectory (RaftStorageDirectory.java:tryLock(328)) - Lock on /workdir/hadoop-ozone/integration-test/target/test-dir/MiniOzoneClusterImpl-587876f3-3d98-4cc8-9a43-bf4d205d7dbe/datanode-0/data/ratis/1ac7cbda-23fc-47c9-aa29-69465d6e6947/in_use.lock acquired by nodename 24979@pr-hdds-1569-shd4m-3693607622
2019-09-25 12:06:30,489 [pool-585-thread-1] INFO  storage.RaftStorage (RaftStorage.java:format(72)) - Storage directory /workdir/hadoop-ozone/integration-test/target/test-dir/MiniOzoneClusterImpl-587876f3-3d98-4cc8-9a43-bf4d205d7dbe/datanode-0/data/ratis/1ac7cbda-23fc-47c9-aa29-69465d6e6947 has been successfully formatted.
2019-09-25 12:06:30,489 [pool-585-thread-1] INFO  ratis.ContainerStateMachine (ContainerStateMachine.java:loadSnapshot(230)) - group-69465D6E6947: The snapshot info is null. Setting the last applied indexto:(t:0, i:~)
2019-09-25 12:06:30,489 [pool-585-thread-1] INFO  server.RaftServerConfigKeys (ConfUtils.java:logGet(43)) - raft.server.notification.no-leader.timeout = 120s (custom)
2019-09-25 12:06:30,489 [pool-585-thread-1] INFO  server.RaftServerConfigKeys (ConfUtils.java:logGet(43)) - raft.server.log.use.memory = false (default)
2019-09-25 12:06:30,490 [pool-585-thread-1] INFO  server.RaftServerConfigKeys (ConfUtils.java:logGet(43)) - raft.server.log.purge.gap = 1000000 (custom)
2019-09-25 12:06:30,490 [pool-585-thread-1] INFO  server.RaftServerConfigKeys (ConfUtils.java:logGet(43)) - raft.server.log.appender.buffer.byte-limit = 33554432 (custom)
2019-09-25 12:06:30,490 [pool-585-thread-1] INFO  server.RaftServerConfigKeys (ConfUtils.java:logGet(43)) - raft.server.log.segment.size.max = 1048576 (custom)
2019-09-25 12:06:30,490 [pool-585-thread-1] INFO  server.RaftServerConfigKeys (ConfUtils.java:logGet(43)) - raft.server.log.segment.cache.num.max = 2 (custom)
2019-09-25 12:06:30,490 [pool-585-thread-1] INFO  segmented.SegmentedRaftLogWorker (SegmentedRaftLogWorker.java:<init>(172)) - new f6c16d16-afc4-4153-950f-27a1e09b0667@group-69465D6E6947-SegmentedRaftLogWorker for RaftStorage:Storage Directory /workdir/hadoop-ozone/integration-test/target/test-dir/MiniOzoneClusterImpl-587876f3-3d98-4cc8-9a43-bf4d205d7dbe/datanode-0/data/ratis/1ac7cbda-23fc-47c9-aa29-69465d6e6947
2019-09-25 12:06:30,490 [pool-585-thread-1] INFO  server.RaftServerConfigKeys (ConfUtils.java:logGet(43)) - raft.server.log.queue.byte-limit = 2147483647 (custom)
2019-09-25 12:06:30,490 [pool-585-thread-1] INFO  server.RaftServerConfigKeys (ConfUtils.java:logGet(43)) - raft.server.log.queue.element-limit = 1024 (custom)
2019-09-25 12:06:30,491 [pool-585-thread-1] INFO  server.RaftServerConfigKeys (ConfUtils.java:logGet(43)) - raft.server.log.segment.size.max = 1048576 (custom)
2019-09-25 12:06:30,491 [pool-585-thread-1] INFO  server.RaftServerConfigKeys (ConfUtils.java:logGet(43)) - raft.server.log.preallocated.size = 16384 (custom)
2019-09-25 12:06:30,491 [pool-585-thread-1] INFO  server.RaftServerConfigKeys (ConfUtils.java:logGet(43)) - raft.server.log.write.buffer.size = 33554432 (custom)
2019-09-25 12:06:30,491 [pool-585-thread-1] INFO  server.RaftServerConfigKeys (ConfUtils.java:logGet(43)) - raft.server.log.force.sync.num = 128 (default)
2019-09-25 12:06:30,491 [pool-585-thread-1] INFO  server.RaftServerConfigKeys (ConfUtils.java:logGet(43)) - raft.server.log.statemachine.data.sync = true (default)
2019-09-25 12:06:30,491 [pool-585-thread-1] INFO  server.RaftServerConfigKeys (ConfUtils.java:logGet(43)) - raft.server.log.statemachine.data.sync.timeout = 10s (default)
2019-09-25 12:06:30,491 [pool-585-thread-1] INFO  server.RaftServerConfigKeys (ConfUtils.java:logGet(43)) - raft.server.log.statemachine.data.sync.timeout.retry = -1 (default)
2019-09-25 12:06:30,492 [pool-585-thread-1] INFO  server.RaftServerConfigKeys (ConfUtils.java:logGet(43)) - raft.server.log.statemachine.data.caching.enabled = true (custom)
2019-09-25 12:06:30,493 [pool-585-thread-1] INFO  segmented.SegmentedRaftLogWorker (SegmentedRaftLogWorker.java:lambda$new$0(132)) - f6c16d16-afc4-4153-950f-27a1e09b0667@group-69465D6E6947-SegmentedRaftLogWorker: flushIndex: setUnconditionally 0 -> -1
2019-09-25 12:06:30,493 [pool-585-thread-1] INFO  server.RaftServerConfigKeys (ConfUtils.java:logGet(43)) - raft.server.snapshot.auto.trigger.enabled = true (custom)
2019-09-25 12:06:30,493 [pool-585-thread-1] INFO  server.RaftServerConfigKeys (ConfUtils.java:logGet(43)) - raft.server.snapshot.auto.trigger.threshold = 10000 (custom)
2019-09-25 12:06:30,493 [pool-585-thread-1] INFO  server.RaftServerConfigKeys (ConfUtils.java:logGet(43)) - raft.server.snapshot.retention.num.files = 5 (custom)
2019-09-25 12:06:30,493 [pool-585-thread-1] INFO  server.RaftServerConfigKeys (ConfUtils.java:logGet(43)) - raft.server.retrycache.expirytime = 600000ms (custom)
2019-09-25 12:06:30,495 [pool-585-thread-1] INFO  impl.RaftServerImpl (RaftServerImpl.java:start(185)) - f6c16d16-afc4-4153-950f-27a1e09b0667@group-69465D6E6947: start as a follower, conf=-1: [f6c16d16-afc4-4153-950f-27a1e09b0667:192.168.151.73:37173], old=null
2019-09-25 12:06:30,495 [pool-585-thread-1] INFO  impl.RaftServerImpl (RaftServerImpl.java:setRole(174)) - f6c16d16-afc4-4153-950f-27a1e09b0667@group-69465D6E6947: changes role from      null to FOLLOWER at term 0 for startAsFollower
2019-09-25 12:06:30,495 [pool-585-thread-1] INFO  impl.RoleInfo (RoleInfo.java:updateAndGet(143)) - f6c16d16-afc4-4153-950f-27a1e09b0667: start FollowerState
2019-09-25 12:06:30,496 [pool-585-thread-1] INFO  util.JmxRegister (JmxRegister.java:tryRegister(44)) - Successfully registered JMX Bean with object name Ratis:service=RaftServer,group=group-69465D6E6947,id=f6c16d16-afc4-4153-950f-27a1e09b0667
2019-09-25 12:06:30,498 [RatisPipelineUtilsThread] INFO  pipeline.PipelineStateManager (PipelineStateManager.java:addPipeline(56)) - Created pipeline Pipeline[ Id: 1ac7cbda-23fc-47c9-aa29-69465d6e6947, Nodes: f6c16d16-afc4-4153-950f-27a1e09b0667{ip: 192.168.151.73, host: pr-hdds-1569-shd4m-3693607622, networkLocation: /default-rack, certSerialId: null}, Type:RATIS, Factor:ONE, State:OPEN]
2019-09-25 12:06:30,501 [grpc-default-executor-1] INFO  impl.RaftServerProxy (RaftServerProxy.java:addNew(89)) - f6c16d16-afc4-4153-950f-27a1e09b0667: addNew group-BC1F39B0123E:[f6c16d16-afc4-4153-950f-27a1e09b0667:192.168.151.73:37173] returns group-BC1F39B0123E:java.util.concurrent.CompletableFuture@14eb5941[Not completed]
2019-09-25 12:06:30,502 [pool-585-thread-1] INFO  impl.RaftServerImpl (RaftServerImpl.java:<init>(95)) - f6c16d16-afc4-4153-950f-27a1e09b0667: new RaftServerImpl for group-BC1F39B0123E:[f6c16d16-afc4-4153-950f-27a1e09b0667:192.168.151.73:37173] with ContainerStateMachine:uninitialized
2019-09-25 12:06:30,502 [pool-585-thread-1] INFO  server.RaftServerConfigKeys (ConfUtils.java:logGet(43)) - raft.server.rpc.timeout.min = 5s (custom)
2019-09-25 12:06:30,502 [pool-585-thread-1] INFO  server.RaftServerConfigKeys (ConfUtils.java:logGet(43)) - raft.server.rpc.timeout.max = 5200ms (custom)
2019-09-25 12:06:30,502 [pool-585-thread-1] INFO  server.RaftServerConfigKeys (ConfUtils.java:logGet(43)) - raft.server.rpcslowness.timeout = 120s (custom)
2019-09-25 12:06:30,503 [pool-585-thread-1] INFO  server.RaftServerConfigKeys (ConfUtils.java:logGet(43)) - raft.server.sleep.deviation.threshold = 300 (default)
2019-09-25 12:06:30,503 [pool-585-thread-1] INFO  server.RaftServerConfigKeys (ConfUtils.java:logGet(43)) - raft.server.log.appender.install.snapshot.enabled = false (custom)
2019-09-25 12:06:30,503 [pool-585-thread-1] INFO  impl.RaftServerImpl (ServerState.java:<init>(103)) - f6c16d16-afc4-4153-950f-27a1e09b0667@group-BC1F39B0123E: ConfigurationManager, init=-1: [f6c16d16-afc4-4153-950f-27a1e09b0667:192.168.151.73:37173], old=null, confs=<EMPTY_MAP>
2019-09-25 12:06:30,503 [pool-585-thread-1] INFO  server.RaftServerConfigKeys (ConfUtils.java:logGet(43)) - raft.server.storage.dir = [/workdir/hadoop-ozone/integration-test/target/test-dir/MiniOzoneClusterImpl-587876f3-3d98-4cc8-9a43-bf4d205d7dbe/datanode-0/data/ratis] (custom)
2019-09-25 12:06:30,503 [pool-585-thread-1] INFO  storage.RaftStorageDirectory (RaftStorageDirectory.java:analyzeStorage(246)) - The storage directory /workdir/hadoop-ozone/integration-test/target/test-dir/MiniOzoneClusterImpl-587876f3-3d98-4cc8-9a43-bf4d205d7dbe/datanode-0/data/ratis/7e956a1d-8f54-474e-a1f8-bc1f39b0123e does not exist. Creating ...
2019-09-25 12:06:30,507 [pool-585-thread-1] INFO  storage.RaftStorageDirectory (RaftStorageDirectory.java:tryLock(328)) - Lock on /workdir/hadoop-ozone/integration-test/target/test-dir/MiniOzoneClusterImpl-587876f3-3d98-4cc8-9a43-bf4d205d7dbe/datanode-0/data/ratis/7e956a1d-8f54-474e-a1f8-bc1f39b0123e/in_use.lock acquired by nodename 24979@pr-hdds-1569-shd4m-3693607622
2019-09-25 12:06:30,518 [IPC Server handler 12 on 44365] INFO  net.NetworkTopology (NetworkTopologyImpl.java:add(111)) - Added a new node: /default-rack/45cd06ff-25a2-484c-ae07-8678dc67fe17
2019-09-25 12:06:30,518 [IPC Server handler 12 on 44365] INFO  node.SCMNodeManager (SCMNodeManager.java:register(266)) - Registered Data node : 45cd06ff-25a2-484c-ae07-8678dc67fe17{ip: 192.168.151.73, host: pr-hdds-1569-shd4m-3693607622, networkLocation: /default-rack, certSerialId: null}
2019-09-25 12:06:30,528 [pool-585-thread-1] INFO  storage.RaftStorage (RaftStorage.java:format(72)) - Storage directory /workdir/hadoop-ozone/integration-test/target/test-dir/MiniOzoneClusterImpl-587876f3-3d98-4cc8-9a43-bf4d205d7dbe/datanode-0/data/ratis/7e956a1d-8f54-474e-a1f8-bc1f39b0123e has been successfully formatted.
2019-09-25 12:06:30,528 [pool-585-thread-1] INFO  ratis.ContainerStateMachine (ContainerStateMachine.java:loadSnapshot(230)) - group-BC1F39B0123E: The snapshot info is null. Setting the last applied indexto:(t:0, i:~)
2019-09-25 12:06:30,528 [pool-585-thread-1] INFO  server.RaftServerConfigKeys (ConfUtils.java:logGet(43)) - raft.server.notification.no-leader.timeout = 120s (custom)
2019-09-25 12:06:30,528 [pool-585-thread-1] INFO  server.RaftServerConfigKeys (ConfUtils.java:logGet(43)) - raft.server.log.use.memory = false (default)
2019-09-25 12:06:30,528 [pool-585-thread-1] INFO  server.RaftServerConfigKeys (ConfUtils.java:logGet(43)) - raft.server.log.purge.gap = 1000000 (custom)
2019-09-25 12:06:30,528 [pool-585-thread-1] INFO  server.RaftServerConfigKeys (ConfUtils.java:logGet(43)) - raft.server.log.appender.buffer.byte-limit = 33554432 (custom)
2019-09-25 12:06:30,529 [pool-585-thread-1] INFO  server.RaftServerConfigKeys (ConfUtils.java:logGet(43)) - raft.server.log.segment.size.max = 1048576 (custom)
2019-09-25 12:06:30,529 [pool-585-thread-1] INFO  server.RaftServerConfigKeys (ConfUtils.java:logGet(43)) - raft.server.log.segment.cache.num.max = 2 (custom)
2019-09-25 12:06:30,529 [pool-585-thread-1] INFO  segmented.SegmentedRaftLogWorker (SegmentedRaftLogWorker.java:<init>(172)) - new f6c16d16-afc4-4153-950f-27a1e09b0667@group-BC1F39B0123E-SegmentedRaftLogWorker for RaftStorage:Storage Directory /workdir/hadoop-ozone/integration-test/target/test-dir/MiniOzoneClusterImpl-587876f3-3d98-4cc8-9a43-bf4d205d7dbe/datanode-0/data/ratis/7e956a1d-8f54-474e-a1f8-bc1f39b0123e
2019-09-25 12:06:30,529 [pool-585-thread-1] INFO  server.RaftServerConfigKeys (ConfUtils.java:logGet(43)) - raft.server.log.queue.byte-limit = 2147483647 (custom)
2019-09-25 12:06:30,529 [pool-585-thread-1] INFO  server.RaftServerConfigKeys (ConfUtils.java:logGet(43)) - raft.server.log.queue.element-limit = 1024 (custom)
2019-09-25 12:06:30,529 [pool-585-thread-1] INFO  server.RaftServerConfigKeys (ConfUtils.java:logGet(43)) - raft.server.log.segment.size.max = 1048576 (custom)
2019-09-25 12:06:30,529 [pool-585-thread-1] INFO  server.RaftServerConfigKeys (ConfUtils.java:logGet(43)) - raft.server.log.preallocated.size = 16384 (custom)
2019-09-25 12:06:30,530 [pool-585-thread-1] INFO  server.RaftServerConfigKeys (ConfUtils.java:logGet(43)) - raft.server.log.write.buffer.size = 33554432 (custom)
2019-09-25 12:06:30,530 [pool-585-thread-1] INFO  server.RaftServerConfigKeys (ConfUtils.java:logGet(43)) - raft.server.log.force.sync.num = 128 (default)
2019-09-25 12:06:30,530 [pool-585-thread-1] INFO  server.RaftServerConfigKeys (ConfUtils.java:logGet(43)) - raft.server.log.statemachine.data.sync = true (default)
2019-09-25 12:06:30,530 [pool-585-thread-1] INFO  server.RaftServerConfigKeys (ConfUtils.java:logGet(43)) - raft.server.log.statemachine.data.sync.timeout = 10s (default)
2019-09-25 12:06:30,530 [pool-585-thread-1] INFO  server.RaftServerConfigKeys (ConfUtils.java:logGet(43)) - raft.server.log.statemachine.data.sync.timeout.retry = -1 (default)
2019-09-25 12:06:30,530 [pool-585-thread-1] INFO  server.RaftServerConfigKeys (ConfUtils.java:logGet(43)) - raft.server.log.statemachine.data.caching.enabled = true (custom)
2019-09-25 12:06:30,531 [pool-585-thread-1] INFO  segmented.SegmentedRaftLogWorker (SegmentedRaftLogWorker.java:lambda$new$0(132)) - f6c16d16-afc4-4153-950f-27a1e09b0667@group-BC1F39B0123E-SegmentedRaftLogWorker: flushIndex: setUnconditionally 0 -> -1
2019-09-25 12:06:30,531 [pool-585-thread-1] INFO  server.RaftServerConfigKeys (ConfUtils.java:logGet(43)) - raft.server.snapshot.auto.trigger.enabled = true (custom)
2019-09-25 12:06:30,531 [pool-585-thread-1] INFO  server.RaftServerConfigKeys (ConfUtils.java:logGet(43)) - raft.server.snapshot.auto.trigger.threshold = 10000 (custom)
2019-09-25 12:06:30,531 [pool-585-thread-1] INFO  server.RaftServerConfigKeys (ConfUtils.java:logGet(43)) - raft.server.snapshot.retention.num.files = 5 (custom)
2019-09-25 12:06:30,531 [pool-585-thread-1] INFO  server.RaftServerConfigKeys (ConfUtils.java:logGet(43)) - raft.server.retrycache.expirytime = 600000ms (custom)
2019-09-25 12:06:30,533 [pool-585-thread-1] INFO  impl.RaftServerImpl (RaftServerImpl.java:start(185)) - f6c16d16-afc4-4153-950f-27a1e09b0667@group-BC1F39B0123E: start as a follower, conf=-1: [f6c16d16-afc4-4153-950f-27a1e09b0667:192.168.151.73:37173], old=null
2019-09-25 12:06:30,533 [pool-585-thread-1] INFO  impl.RaftServerImpl (RaftServerImpl.java:setRole(174)) - f6c16d16-afc4-4153-950f-27a1e09b0667@group-BC1F39B0123E: changes role from      null to FOLLOWER at term 0 for startAsFollower
2019-09-25 12:06:30,533 [pool-585-thread-1] INFO  impl.RoleInfo (RoleInfo.java:updateAndGet(143)) - f6c16d16-afc4-4153-950f-27a1e09b0667: start FollowerState
2019-09-25 12:06:30,534 [pool-585-thread-1] INFO  util.JmxRegister (JmxRegister.java:tryRegister(44)) - Successfully registered JMX Bean with object name Ratis:service=RaftServer,group=group-BC1F39B0123E,id=f6c16d16-afc4-4153-950f-27a1e09b0667
2019-09-25 12:06:30,536 [RatisPipelineUtilsThread] INFO  pipeline.PipelineStateManager (PipelineStateManager.java:addPipeline(56)) - Created pipeline Pipeline[ Id: 7e956a1d-8f54-474e-a1f8-bc1f39b0123e, Nodes: f6c16d16-afc4-4153-950f-27a1e09b0667{ip: 192.168.151.73, host: pr-hdds-1569-shd4m-3693607622, networkLocation: /default-rack, certSerialId: null}, Type:RATIS, Factor:ONE, State:OPEN]
2019-09-25 12:06:30,536 [RatisPipelineUtilsThread] INFO  pipeline.PipelinePlacementPolicy (PipelinePlacementPolicy.java:meetCriteria(91)) - Pipeline Placement: can't place more pipeline on heavy datanode： f6c16d16-afc4-4153-950f-27a1e09b0667 Heaviness: 6 limit: 5
2019-09-25 12:06:30,540 [grpc-default-executor-1] INFO  impl.RaftServerProxy (RaftServerProxy.java:addNew(89)) - b31e81a4-9d51-4c30-935b-af8637f1730a: addNew group-77674F33DB76:[b31e81a4-9d51-4c30-935b-af8637f1730a:192.168.151.73:39091] returns group-77674F33DB76:java.util.concurrent.CompletableFuture@ee7bf98[Not completed]
2019-09-25 12:06:30,541 [pool-595-thread-1] INFO  impl.RaftServerImpl (RaftServerImpl.java:<init>(95)) - b31e81a4-9d51-4c30-935b-af8637f1730a: new RaftServerImpl for group-77674F33DB76:[b31e81a4-9d51-4c30-935b-af8637f1730a:192.168.151.73:39091] with ContainerStateMachine:uninitialized
2019-09-25 12:06:30,541 [pool-595-thread-1] INFO  server.RaftServerConfigKeys (ConfUtils.java:logGet(43)) - raft.server.rpc.timeout.min = 5s (custom)
2019-09-25 12:06:30,541 [pool-595-thread-1] INFO  server.RaftServerConfigKeys (ConfUtils.java:logGet(43)) - raft.server.rpc.timeout.max = 5200ms (custom)
2019-09-25 12:06:30,542 [pool-595-thread-1] INFO  server.RaftServerConfigKeys (ConfUtils.java:logGet(43)) - raft.server.rpcslowness.timeout = 120s (custom)
2019-09-25 12:06:30,542 [pool-595-thread-1] INFO  server.RaftServerConfigKeys (ConfUtils.java:logGet(43)) - raft.server.sleep.deviation.threshold = 300 (default)
2019-09-25 12:06:30,542 [pool-595-thread-1] INFO  server.RaftServerConfigKeys (ConfUtils.java:logGet(43)) - raft.server.log.appender.install.snapshot.enabled = false (custom)
2019-09-25 12:06:30,542 [pool-595-thread-1] INFO  impl.RaftServerImpl (ServerState.java:<init>(103)) - b31e81a4-9d51-4c30-935b-af8637f1730a@group-77674F33DB76: ConfigurationManager, init=-1: [b31e81a4-9d51-4c30-935b-af8637f1730a:192.168.151.73:39091], old=null, confs=<EMPTY_MAP>
2019-09-25 12:06:30,542 [pool-595-thread-1] INFO  server.RaftServerConfigKeys (ConfUtils.java:logGet(43)) - raft.server.storage.dir = [/workdir/hadoop-ozone/integration-test/target/test-dir/MiniOzoneClusterImpl-587876f3-3d98-4cc8-9a43-bf4d205d7dbe/datanode-1/data/ratis] (custom)
2019-09-25 12:06:30,543 [pool-595-thread-1] INFO  storage.RaftStorageDirectory (RaftStorageDirectory.java:analyzeStorage(246)) - The storage directory /workdir/hadoop-ozone/integration-test/target/test-dir/MiniOzoneClusterImpl-587876f3-3d98-4cc8-9a43-bf4d205d7dbe/datanode-1/data/ratis/087ebcd4-10ed-4ca8-9b12-77674f33db76 does not exist. Creating ...
2019-09-25 12:06:30,572 [pool-595-thread-1] INFO  storage.RaftStorageDirectory (RaftStorageDirectory.java:tryLock(328)) - Lock on /workdir/hadoop-ozone/integration-test/target/test-dir/MiniOzoneClusterImpl-587876f3-3d98-4cc8-9a43-bf4d205d7dbe/datanode-1/data/ratis/087ebcd4-10ed-4ca8-9b12-77674f33db76/in_use.lock acquired by nodename 24979@pr-hdds-1569-shd4m-3693607622
2019-09-25 12:06:30,575 [pool-595-thread-1] INFO  storage.RaftStorage (RaftStorage.java:format(72)) - Storage directory /workdir/hadoop-ozone/integration-test/target/test-dir/MiniOzoneClusterImpl-587876f3-3d98-4cc8-9a43-bf4d205d7dbe/datanode-1/data/ratis/087ebcd4-10ed-4ca8-9b12-77674f33db76 has been successfully formatted.
2019-09-25 12:06:30,576 [pool-595-thread-1] INFO  ratis.ContainerStateMachine (ContainerStateMachine.java:loadSnapshot(230)) - group-77674F33DB76: The snapshot info is null. Setting the last applied indexto:(t:0, i:~)
2019-09-25 12:06:30,576 [pool-595-thread-1] INFO  server.RaftServerConfigKeys (ConfUtils.java:logGet(43)) - raft.server.notification.no-leader.timeout = 120s (custom)
2019-09-25 12:06:30,576 [pool-595-thread-1] INFO  server.RaftServerConfigKeys (ConfUtils.java:logGet(43)) - raft.server.log.use.memory = false (default)
2019-09-25 12:06:30,576 [pool-595-thread-1] INFO  server.RaftServerConfigKeys (ConfUtils.java:logGet(43)) - raft.server.log.purge.gap = 1000000 (custom)
2019-09-25 12:06:30,576 [pool-595-thread-1] INFO  server.RaftServerConfigKeys (ConfUtils.java:logGet(43)) - raft.server.log.appender.buffer.byte-limit = 33554432 (custom)
2019-09-25 12:06:30,576 [pool-595-thread-1] INFO  server.RaftServerConfigKeys (ConfUtils.java:logGet(43)) - raft.server.log.segment.size.max = 1048576 (custom)
2019-09-25 12:06:30,576 [pool-595-thread-1] INFO  server.RaftServerConfigKeys (ConfUtils.java:logGet(43)) - raft.server.log.segment.cache.num.max = 2 (custom)
2019-09-25 12:06:30,577 [pool-595-thread-1] INFO  segmented.SegmentedRaftLogWorker (SegmentedRaftLogWorker.java:<init>(172)) - new b31e81a4-9d51-4c30-935b-af8637f1730a@group-77674F33DB76-SegmentedRaftLogWorker for RaftStorage:Storage Directory /workdir/hadoop-ozone/integration-test/target/test-dir/MiniOzoneClusterImpl-587876f3-3d98-4cc8-9a43-bf4d205d7dbe/datanode-1/data/ratis/087ebcd4-10ed-4ca8-9b12-77674f33db76
2019-09-25 12:06:30,577 [pool-595-thread-1] INFO  server.RaftServerConfigKeys (ConfUtils.java:logGet(43)) - raft.server.log.queue.byte-limit = 2147483647 (custom)
2019-09-25 12:06:30,577 [pool-595-thread-1] INFO  server.RaftServerConfigKeys (ConfUtils.java:logGet(43)) - raft.server.log.queue.element-limit = 1024 (custom)
2019-09-25 12:06:30,577 [pool-595-thread-1] INFO  server.RaftServerConfigKeys (ConfUtils.java:logGet(43)) - raft.server.log.segment.size.max = 1048576 (custom)
2019-09-25 12:06:30,577 [pool-595-thread-1] INFO  server.RaftServerConfigKeys (ConfUtils.java:logGet(43)) - raft.server.log.preallocated.size = 16384 (custom)
2019-09-25 12:06:30,577 [pool-595-thread-1] INFO  server.RaftServerConfigKeys (ConfUtils.java:logGet(43)) - raft.server.log.write.buffer.size = 33554432 (custom)
2019-09-25 12:06:30,577 [pool-595-thread-1] INFO  server.RaftServerConfigKeys (ConfUtils.java:logGet(43)) - raft.server.log.force.sync.num = 128 (default)
2019-09-25 12:06:30,577 [pool-595-thread-1] INFO  server.RaftServerConfigKeys (ConfUtils.java:logGet(43)) - raft.server.log.statemachine.data.sync = true (default)
2019-09-25 12:06:30,578 [pool-595-thread-1] INFO  server.RaftServerConfigKeys (ConfUtils.java:logGet(43)) - raft.server.log.statemachine.data.sync.timeout = 10s (default)
2019-09-25 12:06:30,578 [pool-595-thread-1] INFO  server.RaftServerConfigKeys (ConfUtils.java:logGet(43)) - raft.server.log.statemachine.data.sync.timeout.retry = -1 (default)
2019-09-25 12:06:30,578 [pool-595-thread-1] INFO  server.RaftServerConfigKeys (ConfUtils.java:logGet(43)) - raft.server.log.statemachine.data.caching.enabled = true (custom)
2019-09-25 12:06:30,578 [pool-595-thread-1] INFO  segmented.SegmentedRaftLogWorker (SegmentedRaftLogWorker.java:lambda$new$0(132)) - b31e81a4-9d51-4c30-935b-af8637f1730a@group-77674F33DB76-SegmentedRaftLogWorker: flushIndex: setUnconditionally 0 -> -1
2019-09-25 12:06:30,579 [pool-595-thread-1] INFO  server.RaftServerConfigKeys (ConfUtils.java:logGet(43)) - raft.server.snapshot.auto.trigger.enabled = true (custom)
2019-09-25 12:06:30,579 [pool-595-thread-1] INFO  server.RaftServerConfigKeys (ConfUtils.java:logGet(43)) - raft.server.snapshot.auto.trigger.threshold = 10000 (custom)
2019-09-25 12:06:30,579 [pool-595-thread-1] INFO  server.RaftServerConfigKeys (ConfUtils.java:logGet(43)) - raft.server.snapshot.retention.num.files = 5 (custom)
2019-09-25 12:06:30,579 [pool-595-thread-1] INFO  server.RaftServerConfigKeys (ConfUtils.java:logGet(43)) - raft.server.retrycache.expirytime = 600000ms (custom)
2019-09-25 12:06:30,581 [pool-595-thread-1] INFO  impl.RaftServerImpl (RaftServerImpl.java:start(185)) - b31e81a4-9d51-4c30-935b-af8637f1730a@group-77674F33DB76: start as a follower, conf=-1: [b31e81a4-9d51-4c30-935b-af8637f1730a:192.168.151.73:39091], old=null
2019-09-25 12:06:30,581 [pool-595-thread-1] INFO  impl.RaftServerImpl (RaftServerImpl.java:setRole(174)) - b31e81a4-9d51-4c30-935b-af8637f1730a@group-77674F33DB76: changes role from      null to FOLLOWER at term 0 for startAsFollower
2019-09-25 12:06:30,581 [pool-595-thread-1] INFO  impl.RoleInfo (RoleInfo.java:updateAndGet(143)) - b31e81a4-9d51-4c30-935b-af8637f1730a: start FollowerState
2019-09-25 12:06:30,581 [pool-595-thread-1] INFO  util.JmxRegister (JmxRegister.java:tryRegister(44)) - Successfully registered JMX Bean with object name Ratis:service=RaftServer,group=group-77674F33DB76,id=b31e81a4-9d51-4c30-935b-af8637f1730a
2019-09-25 12:06:30,584 [RatisPipelineUtilsThread] INFO  pipeline.PipelineStateManager (PipelineStateManager.java:addPipeline(56)) - Created pipeline Pipeline[ Id: 087ebcd4-10ed-4ca8-9b12-77674f33db76, Nodes: b31e81a4-9d51-4c30-935b-af8637f1730a{ip: 192.168.151.73, host: pr-hdds-1569-shd4m-3693607622, networkLocation: /default-rack, certSerialId: null}, Type:RATIS, Factor:ONE, State:OPEN]
2019-09-25 12:06:30,584 [RatisPipelineUtilsThread] INFO  pipeline.PipelinePlacementPolicy (PipelinePlacementPolicy.java:meetCriteria(91)) - Pipeline Placement: can't place more pipeline on heavy datanode： f6c16d16-afc4-4153-950f-27a1e09b0667 Heaviness: 6 limit: 5
2019-09-25 12:06:30,588 [grpc-default-executor-1] INFO  impl.RaftServerProxy (RaftServerProxy.java:addNew(89)) - b31e81a4-9d51-4c30-935b-af8637f1730a: addNew group-B498315531C2:[b31e81a4-9d51-4c30-935b-af8637f1730a:192.168.151.73:39091] returns group-B498315531C2:java.util.concurrent.CompletableFuture@3bc05eb2[Not completed]
2019-09-25 12:06:30,589 [pool-595-thread-1] INFO  impl.RaftServerImpl (RaftServerImpl.java:<init>(95)) - b31e81a4-9d51-4c30-935b-af8637f1730a: new RaftServerImpl for group-B498315531C2:[b31e81a4-9d51-4c30-935b-af8637f1730a:192.168.151.73:39091] with ContainerStateMachine:uninitialized
2019-09-25 12:06:30,589 [pool-595-thread-1] INFO  server.RaftServerConfigKeys (ConfUtils.java:logGet(43)) - raft.server.rpc.timeout.min = 5s (custom)
2019-09-25 12:06:30,589 [pool-595-thread-1] INFO  server.RaftServerConfigKeys (ConfUtils.java:logGet(43)) - raft.server.rpc.timeout.max = 5200ms (custom)
2019-09-25 12:06:30,589 [pool-595-thread-1] INFO  server.RaftServerConfigKeys (ConfUtils.java:logGet(43)) - raft.server.rpcslowness.timeout = 120s (custom)
2019-09-25 12:06:30,590 [pool-595-thread-1] INFO  server.RaftServerConfigKeys (ConfUtils.java:logGet(43)) - raft.server.sleep.deviation.threshold = 300 (default)
2019-09-25 12:06:30,590 [pool-595-thread-1] INFO  server.RaftServerConfigKeys (ConfUtils.java:logGet(43)) - raft.server.log.appender.install.snapshot.enabled = false (custom)
2019-09-25 12:06:30,590 [pool-595-thread-1] INFO  impl.RaftServerImpl (ServerState.java:<init>(103)) - b31e81a4-9d51-4c30-935b-af8637f1730a@group-B498315531C2: ConfigurationManager, init=-1: [b31e81a4-9d51-4c30-935b-af8637f1730a:192.168.151.73:39091], old=null, confs=<EMPTY_MAP>
2019-09-25 12:06:30,590 [pool-595-thread-1] INFO  server.RaftServerConfigKeys (ConfUtils.java:logGet(43)) - raft.server.storage.dir = [/workdir/hadoop-ozone/integration-test/target/test-dir/MiniOzoneClusterImpl-587876f3-3d98-4cc8-9a43-bf4d205d7dbe/datanode-1/data/ratis] (custom)
2019-09-25 12:06:30,590 [pool-595-thread-1] INFO  storage.RaftStorageDirectory (RaftStorageDirectory.java:analyzeStorage(246)) - The storage directory /workdir/hadoop-ozone/integration-test/target/test-dir/MiniOzoneClusterImpl-587876f3-3d98-4cc8-9a43-bf4d205d7dbe/datanode-1/data/ratis/fa095440-1412-4234-a5b5-b498315531c2 does not exist. Creating ...
2019-09-25 12:06:30,603 [pool-595-thread-1] INFO  storage.RaftStorageDirectory (RaftStorageDirectory.java:tryLock(328)) - Lock on /workdir/hadoop-ozone/integration-test/target/test-dir/MiniOzoneClusterImpl-587876f3-3d98-4cc8-9a43-bf4d205d7dbe/datanode-1/data/ratis/fa095440-1412-4234-a5b5-b498315531c2/in_use.lock acquired by nodename 24979@pr-hdds-1569-shd4m-3693607622
2019-09-25 12:06:30,604 [IPC Server handler 11 on 44365] INFO  net.NetworkTopology (NetworkTopologyImpl.java:add(111)) - Added a new node: /default-rack/27e0b7c9-1b57-4073-b643-4210ac739ea7
2019-09-25 12:06:30,604 [IPC Server handler 11 on 44365] INFO  node.SCMNodeManager (SCMNodeManager.java:register(266)) - Registered Data node : 27e0b7c9-1b57-4073-b643-4210ac739ea7{ip: 192.168.151.73, host: pr-hdds-1569-shd4m-3693607622, networkLocation: /default-rack, certSerialId: null}
2019-09-25 12:06:30,616 [pool-595-thread-1] INFO  storage.RaftStorage (RaftStorage.java:format(72)) - Storage directory /workdir/hadoop-ozone/integration-test/target/test-dir/MiniOzoneClusterImpl-587876f3-3d98-4cc8-9a43-bf4d205d7dbe/datanode-1/data/ratis/fa095440-1412-4234-a5b5-b498315531c2 has been successfully formatted.
2019-09-25 12:06:30,616 [pool-595-thread-1] INFO  ratis.ContainerStateMachine (ContainerStateMachine.java:loadSnapshot(230)) - group-B498315531C2: The snapshot info is null. Setting the last applied indexto:(t:0, i:~)
2019-09-25 12:06:30,616 [pool-595-thread-1] INFO  server.RaftServerConfigKeys (ConfUtils.java:logGet(43)) - raft.server.notification.no-leader.timeout = 120s (custom)
2019-09-25 12:06:30,616 [pool-595-thread-1] INFO  server.RaftServerConfigKeys (ConfUtils.java:logGet(43)) - raft.server.log.use.memory = false (default)
2019-09-25 12:06:30,616 [pool-595-thread-1] INFO  server.RaftServerConfigKeys (ConfUtils.java:logGet(43)) - raft.server.log.purge.gap = 1000000 (custom)
2019-09-25 12:06:30,617 [pool-595-thread-1] INFO  server.RaftServerConfigKeys (ConfUtils.java:logGet(43)) - raft.server.log.appender.buffer.byte-limit = 33554432 (custom)
2019-09-25 12:06:30,617 [pool-595-thread-1] INFO  server.RaftServerConfigKeys (ConfUtils.java:logGet(43)) - raft.server.log.segment.size.max = 1048576 (custom)
2019-09-25 12:06:30,617 [pool-595-thread-1] INFO  server.RaftServerConfigKeys (ConfUtils.java:logGet(43)) - raft.server.log.segment.cache.num.max = 2 (custom)
2019-09-25 12:06:30,617 [pool-595-thread-1] INFO  segmented.SegmentedRaftLogWorker (SegmentedRaftLogWorker.java:<init>(172)) - new b31e81a4-9d51-4c30-935b-af8637f1730a@group-B498315531C2-SegmentedRaftLogWorker for RaftStorage:Storage Directory /workdir/hadoop-ozone/integration-test/target/test-dir/MiniOzoneClusterImpl-587876f3-3d98-4cc8-9a43-bf4d205d7dbe/datanode-1/data/ratis/fa095440-1412-4234-a5b5-b498315531c2
2019-09-25 12:06:30,617 [pool-595-thread-1] INFO  server.RaftServerConfigKeys (ConfUtils.java:logGet(43)) - raft.server.log.queue.byte-limit = 2147483647 (custom)
2019-09-25 12:06:30,617 [pool-595-thread-1] INFO  server.RaftServerConfigKeys (ConfUtils.java:logGet(43)) - raft.server.log.queue.element-limit = 1024 (custom)
2019-09-25 12:06:30,617 [pool-595-thread-1] INFO  server.RaftServerConfigKeys (ConfUtils.java:logGet(43)) - raft.server.log.segment.size.max = 1048576 (custom)
2019-09-25 12:06:30,618 [pool-595-thread-1] INFO  server.RaftServerConfigKeys (ConfUtils.java:logGet(43)) - raft.server.log.preallocated.size = 16384 (custom)
2019-09-25 12:06:30,618 [pool-595-thread-1] INFO  server.RaftServerConfigKeys (ConfUtils.java:logGet(43)) - raft.server.log.write.buffer.size = 33554432 (custom)
2019-09-25 12:06:30,618 [pool-595-thread-1] INFO  server.RaftServerConfigKeys (ConfUtils.java:logGet(43)) - raft.server.log.force.sync.num = 128 (default)
2019-09-25 12:06:30,618 [pool-595-thread-1] INFO  server.RaftServerConfigKeys (ConfUtils.java:logGet(43)) - raft.server.log.statemachine.data.sync = true (default)
2019-09-25 12:06:30,618 [pool-595-thread-1] INFO  server.RaftServerConfigKeys (ConfUtils.java:logGet(43)) - raft.server.log.statemachine.data.sync.timeout = 10s (default)
2019-09-25 12:06:30,618 [pool-595-thread-1] INFO  server.RaftServerConfigKeys (ConfUtils.java:logGet(43)) - raft.server.log.statemachine.data.sync.timeout.retry = -1 (default)
2019-09-25 12:06:30,618 [pool-595-thread-1] INFO  server.RaftServerConfigKeys (ConfUtils.java:logGet(43)) - raft.server.log.statemachine.data.caching.enabled = true (custom)
2019-09-25 12:06:30,619 [pool-595-thread-1] INFO  segmented.SegmentedRaftLogWorker (SegmentedRaftLogWorker.java:lambda$new$0(132)) - b31e81a4-9d51-4c30-935b-af8637f1730a@group-B498315531C2-SegmentedRaftLogWorker: flushIndex: setUnconditionally 0 -> -1
2019-09-25 12:06:30,619 [pool-595-thread-1] INFO  server.RaftServerConfigKeys (ConfUtils.java:logGet(43)) - raft.server.snapshot.auto.trigger.enabled = true (custom)
2019-09-25 12:06:30,619 [pool-595-thread-1] INFO  server.RaftServerConfigKeys (ConfUtils.java:logGet(43)) - raft.server.snapshot.auto.trigger.threshold = 10000 (custom)
2019-09-25 12:06:30,619 [pool-595-thread-1] INFO  server.RaftServerConfigKeys (ConfUtils.java:logGet(43)) - raft.server.snapshot.retention.num.files = 5 (custom)
2019-09-25 12:06:30,619 [pool-595-thread-1] INFO  server.RaftServerConfigKeys (ConfUtils.java:logGet(43)) - raft.server.retrycache.expirytime = 600000ms (custom)
2019-09-25 12:06:30,621 [pool-595-thread-1] INFO  impl.RaftServerImpl (RaftServerImpl.java:start(185)) - b31e81a4-9d51-4c30-935b-af8637f1730a@group-B498315531C2: start as a follower, conf=-1: [b31e81a4-9d51-4c30-935b-af8637f1730a:192.168.151.73:39091], old=null
2019-09-25 12:06:30,621 [pool-595-thread-1] INFO  impl.RaftServerImpl (RaftServerImpl.java:setRole(174)) - b31e81a4-9d51-4c30-935b-af8637f1730a@group-B498315531C2: changes role from      null to FOLLOWER at term 0 for startAsFollower
2019-09-25 12:06:30,621 [pool-595-thread-1] INFO  impl.RoleInfo (RoleInfo.java:updateAndGet(143)) - b31e81a4-9d51-4c30-935b-af8637f1730a: start FollowerState
2019-09-25 12:06:30,621 [pool-595-thread-1] INFO  util.JmxRegister (JmxRegister.java:tryRegister(44)) - Successfully registered JMX Bean with object name Ratis:service=RaftServer,group=group-B498315531C2,id=b31e81a4-9d51-4c30-935b-af8637f1730a
2019-09-25 12:06:30,624 [RatisPipelineUtilsThread] INFO  pipeline.PipelineStateManager (PipelineStateManager.java:addPipeline(56)) - Created pipeline Pipeline[ Id: fa095440-1412-4234-a5b5-b498315531c2, Nodes: b31e81a4-9d51-4c30-935b-af8637f1730a{ip: 192.168.151.73, host: pr-hdds-1569-shd4m-3693607622, networkLocation: /default-rack, certSerialId: null}, Type:RATIS, Factor:ONE, State:OPEN]
2019-09-25 12:06:30,624 [RatisPipelineUtilsThread] INFO  pipeline.PipelinePlacementPolicy (PipelinePlacementPolicy.java:meetCriteria(91)) - Pipeline Placement: can't place more pipeline on heavy datanode： f6c16d16-afc4-4153-950f-27a1e09b0667 Heaviness: 6 limit: 5
2019-09-25 12:06:30,628 [grpc-default-executor-1] INFO  impl.RaftServerProxy (RaftServerProxy.java:addNew(89)) - b31e81a4-9d51-4c30-935b-af8637f1730a: addNew group-F6C99C8F3C78:[b31e81a4-9d51-4c30-935b-af8637f1730a:192.168.151.73:39091] returns group-F6C99C8F3C78:java.util.concurrent.CompletableFuture@36340c3a[Not completed]
2019-09-25 12:06:30,629 [pool-595-thread-1] INFO  impl.RaftServerImpl (RaftServerImpl.java:<init>(95)) - b31e81a4-9d51-4c30-935b-af8637f1730a: new RaftServerImpl for group-F6C99C8F3C78:[b31e81a4-9d51-4c30-935b-af8637f1730a:192.168.151.73:39091] with ContainerStateMachine:uninitialized
2019-09-25 12:06:30,630 [pool-595-thread-1] INFO  server.RaftServerConfigKeys (ConfUtils.java:logGet(43)) - raft.server.rpc.timeout.min = 5s (custom)
2019-09-25 12:06:30,630 [pool-595-thread-1] INFO  server.RaftServerConfigKeys (ConfUtils.java:logGet(43)) - raft.server.rpc.timeout.max = 5200ms (custom)
2019-09-25 12:06:30,630 [pool-595-thread-1] INFO  server.RaftServerConfigKeys (ConfUtils.java:logGet(43)) - raft.server.rpcslowness.timeout = 120s (custom)
2019-09-25 12:06:30,630 [pool-595-thread-1] INFO  server.RaftServerConfigKeys (ConfUtils.java:logGet(43)) - raft.server.sleep.deviation.threshold = 300 (default)
2019-09-25 12:06:30,630 [pool-595-thread-1] INFO  server.RaftServerConfigKeys (ConfUtils.java:logGet(43)) - raft.server.log.appender.install.snapshot.enabled = false (custom)
2019-09-25 12:06:30,630 [pool-595-thread-1] INFO  impl.RaftServerImpl (ServerState.java:<init>(103)) - b31e81a4-9d51-4c30-935b-af8637f1730a@group-F6C99C8F3C78: ConfigurationManager, init=-1: [b31e81a4-9d51-4c30-935b-af8637f1730a:192.168.151.73:39091], old=null, confs=<EMPTY_MAP>
2019-09-25 12:06:30,630 [pool-595-thread-1] INFO  server.RaftServerConfigKeys (ConfUtils.java:logGet(43)) - raft.server.storage.dir = [/workdir/hadoop-ozone/integration-test/target/test-dir/MiniOzoneClusterImpl-587876f3-3d98-4cc8-9a43-bf4d205d7dbe/datanode-1/data/ratis] (custom)
2019-09-25 12:06:30,631 [pool-595-thread-1] INFO  storage.RaftStorageDirectory (RaftStorageDirectory.java:analyzeStorage(246)) - The storage directory /workdir/hadoop-ozone/integration-test/target/test-dir/MiniOzoneClusterImpl-587876f3-3d98-4cc8-9a43-bf4d205d7dbe/datanode-1/data/ratis/27fe0fa7-5fb2-4ccf-a405-f6c99c8f3c78 does not exist. Creating ...
2019-09-25 12:06:30,643 [pool-595-thread-1] INFO  storage.RaftStorageDirectory (RaftStorageDirectory.java:tryLock(328)) - Lock on /workdir/hadoop-ozone/integration-test/target/test-dir/MiniOzoneClusterImpl-587876f3-3d98-4cc8-9a43-bf4d205d7dbe/datanode-1/data/ratis/27fe0fa7-5fb2-4ccf-a405-f6c99c8f3c78/in_use.lock acquired by nodename 24979@pr-hdds-1569-shd4m-3693607622
2019-09-25 12:06:30,669 [pool-595-thread-1] INFO  storage.RaftStorage (RaftStorage.java:format(72)) - Storage directory /workdir/hadoop-ozone/integration-test/target/test-dir/MiniOzoneClusterImpl-587876f3-3d98-4cc8-9a43-bf4d205d7dbe/datanode-1/data/ratis/27fe0fa7-5fb2-4ccf-a405-f6c99c8f3c78 has been successfully formatted.
2019-09-25 12:06:30,669 [pool-595-thread-1] INFO  ratis.ContainerStateMachine (ContainerStateMachine.java:loadSnapshot(230)) - group-F6C99C8F3C78: The snapshot info is null. Setting the last applied indexto:(t:0, i:~)
2019-09-25 12:06:30,669 [pool-595-thread-1] INFO  server.RaftServerConfigKeys (ConfUtils.java:logGet(43)) - raft.server.notification.no-leader.timeout = 120s (custom)
2019-09-25 12:06:30,669 [pool-595-thread-1] INFO  server.RaftServerConfigKeys (ConfUtils.java:logGet(43)) - raft.server.log.use.memory = false (default)
2019-09-25 12:06:30,669 [pool-595-thread-1] INFO  server.RaftServerConfigKeys (ConfUtils.java:logGet(43)) - raft.server.log.purge.gap = 1000000 (custom)
2019-09-25 12:06:30,669 [pool-595-thread-1] INFO  server.RaftServerConfigKeys (ConfUtils.java:logGet(43)) - raft.server.log.appender.buffer.byte-limit = 33554432 (custom)
2019-09-25 12:06:30,670 [pool-595-thread-1] INFO  server.RaftServerConfigKeys (ConfUtils.java:logGet(43)) - raft.server.log.segment.size.max = 1048576 (custom)
2019-09-25 12:06:30,670 [pool-595-thread-1] INFO  server.RaftServerConfigKeys (ConfUtils.java:logGet(43)) - raft.server.log.segment.cache.num.max = 2 (custom)
2019-09-25 12:06:30,670 [pool-595-thread-1] INFO  segmented.SegmentedRaftLogWorker (SegmentedRaftLogWorker.java:<init>(172)) - new b31e81a4-9d51-4c30-935b-af8637f1730a@group-F6C99C8F3C78-SegmentedRaftLogWorker for RaftStorage:Storage Directory /workdir/hadoop-ozone/integration-test/target/test-dir/MiniOzoneClusterImpl-587876f3-3d98-4cc8-9a43-bf4d205d7dbe/datanode-1/data/ratis/27fe0fa7-5fb2-4ccf-a405-f6c99c8f3c78
2019-09-25 12:06:30,670 [pool-595-thread-1] INFO  server.RaftServerConfigKeys (ConfUtils.java:logGet(43)) - raft.server.log.queue.byte-limit = 2147483647 (custom)
2019-09-25 12:06:30,670 [pool-595-thread-1] INFO  server.RaftServerConfigKeys (ConfUtils.java:logGet(43)) - raft.server.log.queue.element-limit = 1024 (custom)
2019-09-25 12:06:30,670 [pool-595-thread-1] INFO  server.RaftServerConfigKeys (ConfUtils.java:logGet(43)) - raft.server.log.segment.size.max = 1048576 (custom)
2019-09-25 12:06:30,670 [pool-595-thread-1] INFO  server.RaftServerConfigKeys (ConfUtils.java:logGet(43)) - raft.server.log.preallocated.size = 16384 (custom)
2019-09-25 12:06:30,670 [pool-595-thread-1] INFO  server.RaftServerConfigKeys (ConfUtils.java:logGet(43)) - raft.server.log.write.buffer.size = 33554432 (custom)
2019-09-25 12:06:30,671 [pool-595-thread-1] INFO  server.RaftServerConfigKeys (ConfUtils.java:logGet(43)) - raft.server.log.force.sync.num = 128 (default)
2019-09-25 12:06:30,671 [pool-595-thread-1] INFO  server.RaftServerConfigKeys (ConfUtils.java:logGet(43)) - raft.server.log.statemachine.data.sync = true (default)
2019-09-25 12:06:30,671 [pool-595-thread-1] INFO  server.RaftServerConfigKeys (ConfUtils.java:logGet(43)) - raft.server.log.statemachine.data.sync.timeout = 10s (default)
2019-09-25 12:06:30,671 [pool-595-thread-1] INFO  server.RaftServerConfigKeys (ConfUtils.java:logGet(43)) - raft.server.log.statemachine.data.sync.timeout.retry = -1 (default)
2019-09-25 12:06:30,671 [pool-595-thread-1] INFO  server.RaftServerConfigKeys (ConfUtils.java:logGet(43)) - raft.server.log.statemachine.data.caching.enabled = true (custom)
2019-09-25 12:06:30,671 [pool-595-thread-1] INFO  segmented.SegmentedRaftLogWorker (SegmentedRaftLogWorker.java:lambda$new$0(132)) - b31e81a4-9d51-4c30-935b-af8637f1730a@group-F6C99C8F3C78-SegmentedRaftLogWorker: flushIndex: setUnconditionally 0 -> -1
2019-09-25 12:06:30,672 [pool-595-thread-1] INFO  server.RaftServerConfigKeys (ConfUtils.java:logGet(43)) - raft.server.snapshot.auto.trigger.enabled = true (custom)
2019-09-25 12:06:30,672 [pool-595-thread-1] INFO  server.RaftServerConfigKeys (ConfUtils.java:logGet(43)) - raft.server.snapshot.auto.trigger.threshold = 10000 (custom)
2019-09-25 12:06:30,672 [pool-595-thread-1] INFO  server.RaftServerConfigKeys (ConfUtils.java:logGet(43)) - raft.server.snapshot.retention.num.files = 5 (custom)
2019-09-25 12:06:30,672 [pool-595-thread-1] INFO  server.RaftServerConfigKeys (ConfUtils.java:logGet(43)) - raft.server.retrycache.expirytime = 600000ms (custom)
2019-09-25 12:06:30,673 [pool-595-thread-1] INFO  impl.RaftServerImpl (RaftServerImpl.java:start(185)) - b31e81a4-9d51-4c30-935b-af8637f1730a@group-F6C99C8F3C78: start as a follower, conf=-1: [b31e81a4-9d51-4c30-935b-af8637f1730a:192.168.151.73:39091], old=null
2019-09-25 12:06:30,673 [pool-595-thread-1] INFO  impl.RaftServerImpl (RaftServerImpl.java:setRole(174)) - b31e81a4-9d51-4c30-935b-af8637f1730a@group-F6C99C8F3C78: changes role from      null to FOLLOWER at term 0 for startAsFollower
2019-09-25 12:06:30,673 [pool-595-thread-1] INFO  impl.RoleInfo (RoleInfo.java:updateAndGet(143)) - b31e81a4-9d51-4c30-935b-af8637f1730a: start FollowerState
2019-09-25 12:06:30,674 [pool-595-thread-1] INFO  util.JmxRegister (JmxRegister.java:tryRegister(44)) - Successfully registered JMX Bean with object name Ratis:service=RaftServer,group=group-F6C99C8F3C78,id=b31e81a4-9d51-4c30-935b-af8637f1730a
2019-09-25 12:06:30,676 [RatisPipelineUtilsThread] INFO  pipeline.PipelineStateManager (PipelineStateManager.java:addPipeline(56)) - Created pipeline Pipeline[ Id: 27fe0fa7-5fb2-4ccf-a405-f6c99c8f3c78, Nodes: b31e81a4-9d51-4c30-935b-af8637f1730a{ip: 192.168.151.73, host: pr-hdds-1569-shd4m-3693607622, networkLocation: /default-rack, certSerialId: null}, Type:RATIS, Factor:ONE, State:OPEN]
2019-09-25 12:06:30,676 [RatisPipelineUtilsThread] INFO  pipeline.PipelinePlacementPolicy (PipelinePlacementPolicy.java:meetCriteria(91)) - Pipeline Placement: can't place more pipeline on heavy datanode： f6c16d16-afc4-4153-950f-27a1e09b0667 Heaviness: 6 limit: 5
2019-09-25 12:06:30,687 [grpc-default-executor-1] INFO  impl.RaftServerProxy (RaftServerProxy.java:addNew(89)) - 45cd06ff-25a2-484c-ae07-8678dc67fe17: addNew group-2D074BA07524:[45cd06ff-25a2-484c-ae07-8678dc67fe17:192.168.151.73:40405] returns group-2D074BA07524:java.util.concurrent.CompletableFuture@65a21658[Not completed]
2019-09-25 12:06:30,688 [pool-615-thread-1] INFO  impl.RaftServerImpl (RaftServerImpl.java:<init>(95)) - 45cd06ff-25a2-484c-ae07-8678dc67fe17: new RaftServerImpl for group-2D074BA07524:[45cd06ff-25a2-484c-ae07-8678dc67fe17:192.168.151.73:40405] with ContainerStateMachine:uninitialized
2019-09-25 12:06:30,688 [pool-615-thread-1] INFO  server.RaftServerConfigKeys (ConfUtils.java:logGet(43)) - raft.server.rpc.timeout.min = 5s (custom)
2019-09-25 12:06:30,688 [pool-615-thread-1] INFO  server.RaftServerConfigKeys (ConfUtils.java:logGet(43)) - raft.server.rpc.timeout.max = 5200ms (custom)
2019-09-25 12:06:30,688 [pool-615-thread-1] INFO  server.RaftServerConfigKeys (ConfUtils.java:logGet(43)) - raft.server.rpcslowness.timeout = 120s (custom)
2019-09-25 12:06:30,688 [pool-615-thread-1] INFO  server.RaftServerConfigKeys (ConfUtils.java:logGet(43)) - raft.server.sleep.deviation.threshold = 300 (default)
2019-09-25 12:06:30,688 [pool-615-thread-1] INFO  server.RaftServerConfigKeys (ConfUtils.java:logGet(43)) - raft.server.log.appender.install.snapshot.enabled = false (custom)
2019-09-25 12:06:30,688 [pool-615-thread-1] INFO  impl.RaftServerImpl (ServerState.java:<init>(103)) - 45cd06ff-25a2-484c-ae07-8678dc67fe17@group-2D074BA07524: ConfigurationManager, init=-1: [45cd06ff-25a2-484c-ae07-8678dc67fe17:192.168.151.73:40405], old=null, confs=<EMPTY_MAP>
2019-09-25 12:06:30,689 [pool-615-thread-1] INFO  server.RaftServerConfigKeys (ConfUtils.java:logGet(43)) - raft.server.storage.dir = [/workdir/hadoop-ozone/integration-test/target/test-dir/MiniOzoneClusterImpl-587876f3-3d98-4cc8-9a43-bf4d205d7dbe/datanode-3/data/ratis] (custom)
2019-09-25 12:06:30,689 [pool-615-thread-1] INFO  storage.RaftStorageDirectory (RaftStorageDirectory.java:analyzeStorage(246)) - The storage directory /workdir/hadoop-ozone/integration-test/target/test-dir/MiniOzoneClusterImpl-587876f3-3d98-4cc8-9a43-bf4d205d7dbe/datanode-3/data/ratis/4784c847-5240-4326-be2e-2d074ba07524 does not exist. Creating ...
2019-09-25 12:06:30,702 [pool-615-thread-1] INFO  storage.RaftStorageDirectory (RaftStorageDirectory.java:tryLock(328)) - Lock on /workdir/hadoop-ozone/integration-test/target/test-dir/MiniOzoneClusterImpl-587876f3-3d98-4cc8-9a43-bf4d205d7dbe/datanode-3/data/ratis/4784c847-5240-4326-be2e-2d074ba07524/in_use.lock acquired by nodename 24979@pr-hdds-1569-shd4m-3693607622
2019-09-25 12:06:30,705 [IPC Server handler 9 on 44365] INFO  net.NetworkTopology (NetworkTopologyImpl.java:add(111)) - Added a new node: /default-rack/d587b3c4-6743-4f9b-a5f7-0e55334fa092
2019-09-25 12:06:30,705 [IPC Server handler 9 on 44365] INFO  node.SCMNodeManager (SCMNodeManager.java:register(266)) - Registered Data node : d587b3c4-6743-4f9b-a5f7-0e55334fa092{ip: 192.168.151.73, host: pr-hdds-1569-shd4m-3693607622, networkLocation: /default-rack, certSerialId: null}
2019-09-25 12:06:30,714 [pool-615-thread-1] INFO  storage.RaftStorage (RaftStorage.java:format(72)) - Storage directory /workdir/hadoop-ozone/integration-test/target/test-dir/MiniOzoneClusterImpl-587876f3-3d98-4cc8-9a43-bf4d205d7dbe/datanode-3/data/ratis/4784c847-5240-4326-be2e-2d074ba07524 has been successfully formatted.
2019-09-25 12:06:30,715 [pool-615-thread-1] INFO  ratis.ContainerStateMachine (ContainerStateMachine.java:loadSnapshot(230)) - group-2D074BA07524: The snapshot info is null. Setting the last applied indexto:(t:0, i:~)
2019-09-25 12:06:30,715 [pool-615-thread-1] INFO  server.RaftServerConfigKeys (ConfUtils.java:logGet(43)) - raft.server.notification.no-leader.timeout = 120s (custom)
2019-09-25 12:06:30,715 [pool-615-thread-1] INFO  server.RaftServerConfigKeys (ConfUtils.java:logGet(43)) - raft.server.log.use.memory = false (default)
2019-09-25 12:06:30,715 [pool-615-thread-1] INFO  server.RaftServerConfigKeys (ConfUtils.java:logGet(43)) - raft.server.log.purge.gap = 1000000 (custom)
2019-09-25 12:06:30,715 [pool-615-thread-1] INFO  server.RaftServerConfigKeys (ConfUtils.java:logGet(43)) - raft.server.log.appender.buffer.byte-limit = 33554432 (custom)
2019-09-25 12:06:30,715 [pool-615-thread-1] INFO  server.RaftServerConfigKeys (ConfUtils.java:logGet(43)) - raft.server.log.segment.size.max = 1048576 (custom)
2019-09-25 12:06:30,715 [pool-615-thread-1] INFO  server.RaftServerConfigKeys (ConfUtils.java:logGet(43)) - raft.server.log.segment.cache.num.max = 2 (custom)
2019-09-25 12:06:30,716 [pool-615-thread-1] INFO  segmented.SegmentedRaftLogWorker (SegmentedRaftLogWorker.java:<init>(172)) - new 45cd06ff-25a2-484c-ae07-8678dc67fe17@group-2D074BA07524-SegmentedRaftLogWorker for RaftStorage:Storage Directory /workdir/hadoop-ozone/integration-test/target/test-dir/MiniOzoneClusterImpl-587876f3-3d98-4cc8-9a43-bf4d205d7dbe/datanode-3/data/ratis/4784c847-5240-4326-be2e-2d074ba07524
2019-09-25 12:06:30,717 [pool-615-thread-1] INFO  server.RaftServerConfigKeys (ConfUtils.java:logGet(43)) - raft.server.log.queue.byte-limit = 2147483647 (custom)
2019-09-25 12:06:30,717 [pool-615-thread-1] INFO  server.RaftServerConfigKeys (ConfUtils.java:logGet(43)) - raft.server.log.queue.element-limit = 1024 (custom)
2019-09-25 12:06:30,717 [pool-615-thread-1] INFO  server.RaftServerConfigKeys (ConfUtils.java:logGet(43)) - raft.server.log.segment.size.max = 1048576 (custom)
2019-09-25 12:06:30,718 [pool-615-thread-1] INFO  server.RaftServerConfigKeys (ConfUtils.java:logGet(43)) - raft.server.log.preallocated.size = 16384 (custom)
2019-09-25 12:06:30,718 [pool-615-thread-1] INFO  server.RaftServerConfigKeys (ConfUtils.java:logGet(43)) - raft.server.log.write.buffer.size = 33554432 (custom)
2019-09-25 12:06:30,718 [pool-615-thread-1] INFO  server.RaftServerConfigKeys (ConfUtils.java:logGet(43)) - raft.server.log.force.sync.num = 128 (default)
2019-09-25 12:06:30,718 [pool-615-thread-1] INFO  server.RaftServerConfigKeys (ConfUtils.java:logGet(43)) - raft.server.log.statemachine.data.sync = true (default)
2019-09-25 12:06:30,718 [pool-615-thread-1] INFO  server.RaftServerConfigKeys (ConfUtils.java:logGet(43)) - raft.server.log.statemachine.data.sync.timeout = 10s (default)
2019-09-25 12:06:30,718 [pool-615-thread-1] INFO  server.RaftServerConfigKeys (ConfUtils.java:logGet(43)) - raft.server.log.statemachine.data.sync.timeout.retry = -1 (default)
2019-09-25 12:06:30,719 [pool-615-thread-1] INFO  server.RaftServerConfigKeys (ConfUtils.java:logGet(43)) - raft.server.log.statemachine.data.caching.enabled = true (custom)
2019-09-25 12:06:30,719 [pool-615-thread-1] INFO  segmented.SegmentedRaftLogWorker (SegmentedRaftLogWorker.java:lambda$new$0(132)) - 45cd06ff-25a2-484c-ae07-8678dc67fe17@group-2D074BA07524-SegmentedRaftLogWorker: flushIndex: setUnconditionally 0 -> -1
2019-09-25 12:06:30,719 [pool-615-thread-1] INFO  server.RaftServerConfigKeys (ConfUtils.java:logGet(43)) - raft.server.snapshot.auto.trigger.enabled = true (custom)
2019-09-25 12:06:30,719 [pool-615-thread-1] INFO  server.RaftServerConfigKeys (ConfUtils.java:logGet(43)) - raft.server.snapshot.auto.trigger.threshold = 10000 (custom)
2019-09-25 12:06:30,719 [pool-615-thread-1] INFO  server.RaftServerConfigKeys (ConfUtils.java:logGet(43)) - raft.server.snapshot.retention.num.files = 5 (custom)
2019-09-25 12:06:30,720 [pool-615-thread-1] INFO  server.RaftServerConfigKeys (ConfUtils.java:logGet(43)) - raft.server.retrycache.expirytime = 600000ms (custom)
2019-09-25 12:06:30,721 [pool-615-thread-1] INFO  impl.RaftServerImpl (RaftServerImpl.java:start(185)) - 45cd06ff-25a2-484c-ae07-8678dc67fe17@group-2D074BA07524: start as a follower, conf=-1: [45cd06ff-25a2-484c-ae07-8678dc67fe17:192.168.151.73:40405], old=null
2019-09-25 12:06:30,721 [pool-615-thread-1] INFO  impl.RaftServerImpl (RaftServerImpl.java:setRole(174)) - 45cd06ff-25a2-484c-ae07-8678dc67fe17@group-2D074BA07524: changes role from      null to FOLLOWER at term 0 for startAsFollower
2019-09-25 12:06:30,722 [pool-615-thread-1] INFO  impl.RoleInfo (RoleInfo.java:updateAndGet(143)) - 45cd06ff-25a2-484c-ae07-8678dc67fe17: start FollowerState
2019-09-25 12:06:30,722 [pool-615-thread-1] INFO  util.JmxRegister (JmxRegister.java:tryRegister(44)) - Successfully registered JMX Bean with object name Ratis:service=RaftServer,group=group-2D074BA07524,id=45cd06ff-25a2-484c-ae07-8678dc67fe17
2019-09-25 12:06:30,724 [RatisPipelineUtilsThread] INFO  pipeline.PipelineStateManager (PipelineStateManager.java:addPipeline(56)) - Created pipeline Pipeline[ Id: 4784c847-5240-4326-be2e-2d074ba07524, Nodes: 45cd06ff-25a2-484c-ae07-8678dc67fe17{ip: 192.168.151.73, host: pr-hdds-1569-shd4m-3693607622, networkLocation: /default-rack, certSerialId: null}, Type:RATIS, Factor:ONE, State:OPEN]
2019-09-25 12:06:30,724 [RatisPipelineUtilsThread] INFO  pipeline.PipelinePlacementPolicy (PipelinePlacementPolicy.java:meetCriteria(91)) - Pipeline Placement: can't place more pipeline on heavy datanode： f6c16d16-afc4-4153-950f-27a1e09b0667 Heaviness: 6 limit: 5
2019-09-25 12:06:30,734 [grpc-default-executor-1] INFO  impl.RaftServerProxy (RaftServerProxy.java:addNew(89)) - 4265dd55-646c-4571-a7aa-5a5e7479765c: addNew group-7BB84B2857C1:[4265dd55-646c-4571-a7aa-5a5e7479765c:192.168.151.73:40282] returns group-7BB84B2857C1:java.util.concurrent.CompletableFuture@2dd262c7[Not completed]
2019-09-25 12:06:30,735 [pool-605-thread-1] INFO  impl.RaftServerImpl (RaftServerImpl.java:<init>(95)) - 4265dd55-646c-4571-a7aa-5a5e7479765c: new RaftServerImpl for group-7BB84B2857C1:[4265dd55-646c-4571-a7aa-5a5e7479765c:192.168.151.73:40282] with ContainerStateMachine:uninitialized
2019-09-25 12:06:30,735 [pool-605-thread-1] INFO  server.RaftServerConfigKeys (ConfUtils.java:logGet(43)) - raft.server.rpc.timeout.min = 5s (custom)
2019-09-25 12:06:30,735 [pool-605-thread-1] INFO  server.RaftServerConfigKeys (ConfUtils.java:logGet(43)) - raft.server.rpc.timeout.max = 5200ms (custom)
2019-09-25 12:06:30,735 [pool-605-thread-1] INFO  server.RaftServerConfigKeys (ConfUtils.java:logGet(43)) - raft.server.rpcslowness.timeout = 120s (custom)
2019-09-25 12:06:30,736 [pool-605-thread-1] INFO  server.RaftServerConfigKeys (ConfUtils.java:logGet(43)) - raft.server.sleep.deviation.threshold = 300 (default)
2019-09-25 12:06:30,736 [pool-605-thread-1] INFO  server.RaftServerConfigKeys (ConfUtils.java:logGet(43)) - raft.server.log.appender.install.snapshot.enabled = false (custom)
2019-09-25 12:06:30,736 [pool-605-thread-1] INFO  impl.RaftServerImpl (ServerState.java:<init>(103)) - 4265dd55-646c-4571-a7aa-5a5e7479765c@group-7BB84B2857C1: ConfigurationManager, init=-1: [4265dd55-646c-4571-a7aa-5a5e7479765c:192.168.151.73:40282], old=null, confs=<EMPTY_MAP>
2019-09-25 12:06:30,736 [pool-605-thread-1] INFO  server.RaftServerConfigKeys (ConfUtils.java:logGet(43)) - raft.server.storage.dir = [/workdir/hadoop-ozone/integration-test/target/test-dir/MiniOzoneClusterImpl-587876f3-3d98-4cc8-9a43-bf4d205d7dbe/datanode-2/data/ratis] (custom)
2019-09-25 12:06:30,736 [pool-605-thread-1] INFO  storage.RaftStorageDirectory (RaftStorageDirectory.java:analyzeStorage(246)) - The storage directory /workdir/hadoop-ozone/integration-test/target/test-dir/MiniOzoneClusterImpl-587876f3-3d98-4cc8-9a43-bf4d205d7dbe/datanode-2/data/ratis/2a2f991e-0a9b-4d3f-8c7f-7bb84b2857c1 does not exist. Creating ...
2019-09-25 12:06:30,739 [pool-605-thread-1] INFO  storage.RaftStorageDirectory (RaftStorageDirectory.java:tryLock(328)) - Lock on /workdir/hadoop-ozone/integration-test/target/test-dir/MiniOzoneClusterImpl-587876f3-3d98-4cc8-9a43-bf4d205d7dbe/datanode-2/data/ratis/2a2f991e-0a9b-4d3f-8c7f-7bb84b2857c1/in_use.lock acquired by nodename 24979@pr-hdds-1569-shd4m-3693607622
2019-09-25 12:06:30,743 [pool-605-thread-1] INFO  storage.RaftStorage (RaftStorage.java:format(72)) - Storage directory /workdir/hadoop-ozone/integration-test/target/test-dir/MiniOzoneClusterImpl-587876f3-3d98-4cc8-9a43-bf4d205d7dbe/datanode-2/data/ratis/2a2f991e-0a9b-4d3f-8c7f-7bb84b2857c1 has been successfully formatted.
2019-09-25 12:06:30,744 [pool-605-thread-1] INFO  ratis.ContainerStateMachine (ContainerStateMachine.java:loadSnapshot(230)) - group-7BB84B2857C1: The snapshot info is null. Setting the last applied indexto:(t:0, i:~)
2019-09-25 12:06:30,744 [pool-605-thread-1] INFO  server.RaftServerConfigKeys (ConfUtils.java:logGet(43)) - raft.server.notification.no-leader.timeout = 120s (custom)
2019-09-25 12:06:30,744 [pool-605-thread-1] INFO  server.RaftServerConfigKeys (ConfUtils.java:logGet(43)) - raft.server.log.use.memory = false (default)
2019-09-25 12:06:30,744 [pool-605-thread-1] INFO  server.RaftServerConfigKeys (ConfUtils.java:logGet(43)) - raft.server.log.purge.gap = 1000000 (custom)
2019-09-25 12:06:30,744 [pool-605-thread-1] INFO  server.RaftServerConfigKeys (ConfUtils.java:logGet(43)) - raft.server.log.appender.buffer.byte-limit = 33554432 (custom)
2019-09-25 12:06:30,745 [pool-605-thread-1] INFO  server.RaftServerConfigKeys (ConfUtils.java:logGet(43)) - raft.server.log.segment.size.max = 1048576 (custom)
2019-09-25 12:06:30,745 [pool-605-thread-1] INFO  server.RaftServerConfigKeys (ConfUtils.java:logGet(43)) - raft.server.log.segment.cache.num.max = 2 (custom)
2019-09-25 12:06:30,745 [pool-605-thread-1] INFO  segmented.SegmentedRaftLogWorker (SegmentedRaftLogWorker.java:<init>(172)) - new 4265dd55-646c-4571-a7aa-5a5e7479765c@group-7BB84B2857C1-SegmentedRaftLogWorker for RaftStorage:Storage Directory /workdir/hadoop-ozone/integration-test/target/test-dir/MiniOzoneClusterImpl-587876f3-3d98-4cc8-9a43-bf4d205d7dbe/datanode-2/data/ratis/2a2f991e-0a9b-4d3f-8c7f-7bb84b2857c1
2019-09-25 12:06:30,746 [pool-605-thread-1] INFO  server.RaftServerConfigKeys (ConfUtils.java:logGet(43)) - raft.server.log.queue.byte-limit = 2147483647 (custom)
2019-09-25 12:06:30,747 [pool-605-thread-1] INFO  server.RaftServerConfigKeys (ConfUtils.java:logGet(43)) - raft.server.log.queue.element-limit = 1024 (custom)
2019-09-25 12:06:30,747 [pool-605-thread-1] INFO  server.RaftServerConfigKeys (ConfUtils.java:logGet(43)) - raft.server.log.segment.size.max = 1048576 (custom)
2019-09-25 12:06:30,747 [pool-605-thread-1] INFO  server.RaftServerConfigKeys (ConfUtils.java:logGet(43)) - raft.server.log.preallocated.size = 16384 (custom)
2019-09-25 12:06:30,747 [pool-605-thread-1] INFO  server.RaftServerConfigKeys (ConfUtils.java:logGet(43)) - raft.server.log.write.buffer.size = 33554432 (custom)
2019-09-25 12:06:30,747 [pool-605-thread-1] INFO  server.RaftServerConfigKeys (ConfUtils.java:logGet(43)) - raft.server.log.force.sync.num = 128 (default)
2019-09-25 12:06:30,747 [pool-605-thread-1] INFO  server.RaftServerConfigKeys (ConfUtils.java:logGet(43)) - raft.server.log.statemachine.data.sync = true (default)
2019-09-25 12:06:30,747 [pool-605-thread-1] INFO  server.RaftServerConfigKeys (ConfUtils.java:logGet(43)) - raft.server.log.statemachine.data.sync.timeout = 10s (default)
2019-09-25 12:06:30,747 [pool-605-thread-1] INFO  server.RaftServerConfigKeys (ConfUtils.java:logGet(43)) - raft.server.log.statemachine.data.sync.timeout.retry = -1 (default)
2019-09-25 12:06:30,748 [pool-605-thread-1] INFO  server.RaftServerConfigKeys (ConfUtils.java:logGet(43)) - raft.server.log.statemachine.data.caching.enabled = true (custom)
2019-09-25 12:06:30,748 [pool-605-thread-1] INFO  segmented.SegmentedRaftLogWorker (SegmentedRaftLogWorker.java:lambda$new$0(132)) - 4265dd55-646c-4571-a7aa-5a5e7479765c@group-7BB84B2857C1-SegmentedRaftLogWorker: flushIndex: setUnconditionally 0 -> -1
2019-09-25 12:06:30,748 [pool-605-thread-1] INFO  server.RaftServerConfigKeys (ConfUtils.java:logGet(43)) - raft.server.snapshot.auto.trigger.enabled = true (custom)
2019-09-25 12:06:30,748 [pool-605-thread-1] INFO  server.RaftServerConfigKeys (ConfUtils.java:logGet(43)) - raft.server.snapshot.auto.trigger.threshold = 10000 (custom)
2019-09-25 12:06:30,749 [pool-605-thread-1] INFO  server.RaftServerConfigKeys (ConfUtils.java:logGet(43)) - raft.server.snapshot.retention.num.files = 5 (custom)
2019-09-25 12:06:30,749 [pool-605-thread-1] INFO  server.RaftServerConfigKeys (ConfUtils.java:logGet(43)) - raft.server.retrycache.expirytime = 600000ms (custom)
2019-09-25 12:06:30,751 [pool-605-thread-1] INFO  impl.RaftServerImpl (RaftServerImpl.java:start(185)) - 4265dd55-646c-4571-a7aa-5a5e7479765c@group-7BB84B2857C1: start as a follower, conf=-1: [4265dd55-646c-4571-a7aa-5a5e7479765c:192.168.151.73:40282], old=null
2019-09-25 12:06:30,751 [pool-605-thread-1] INFO  impl.RaftServerImpl (RaftServerImpl.java:setRole(174)) - 4265dd55-646c-4571-a7aa-5a5e7479765c@group-7BB84B2857C1: changes role from      null to FOLLOWER at term 0 for startAsFollower
2019-09-25 12:06:30,751 [pool-605-thread-1] INFO  impl.RoleInfo (RoleInfo.java:updateAndGet(143)) - 4265dd55-646c-4571-a7aa-5a5e7479765c: start FollowerState
2019-09-25 12:06:30,752 [pool-605-thread-1] INFO  util.JmxRegister (JmxRegister.java:tryRegister(44)) - Successfully registered JMX Bean with object name Ratis:service=RaftServer,group=group-7BB84B2857C1,id=4265dd55-646c-4571-a7aa-5a5e7479765c
2019-09-25 12:06:30,754 [RatisPipelineUtilsThread] INFO  pipeline.PipelineStateManager (PipelineStateManager.java:addPipeline(56)) - Created pipeline Pipeline[ Id: 2a2f991e-0a9b-4d3f-8c7f-7bb84b2857c1, Nodes: 4265dd55-646c-4571-a7aa-5a5e7479765c{ip: 192.168.151.73, host: pr-hdds-1569-shd4m-3693607622, networkLocation: /default-rack, certSerialId: null}, Type:RATIS, Factor:ONE, State:OPEN]
2019-09-25 12:06:30,754 [RatisPipelineUtilsThread] INFO  pipeline.PipelinePlacementPolicy (PipelinePlacementPolicy.java:meetCriteria(91)) - Pipeline Placement: can't place more pipeline on heavy datanode： f6c16d16-afc4-4153-950f-27a1e09b0667 Heaviness: 6 limit: 5
2019-09-25 12:06:30,757 [grpc-default-executor-1] INFO  impl.RaftServerProxy (RaftServerProxy.java:addNew(89)) - 4265dd55-646c-4571-a7aa-5a5e7479765c: addNew group-CFBBAEC304E2:[4265dd55-646c-4571-a7aa-5a5e7479765c:192.168.151.73:40282] returns group-CFBBAEC304E2:java.util.concurrent.CompletableFuture@27b1102c[Not completed]
2019-09-25 12:06:30,758 [pool-605-thread-1] INFO  impl.RaftServerImpl (RaftServerImpl.java:<init>(95)) - 4265dd55-646c-4571-a7aa-5a5e7479765c: new RaftServerImpl for group-CFBBAEC304E2:[4265dd55-646c-4571-a7aa-5a5e7479765c:192.168.151.73:40282] with ContainerStateMachine:uninitialized
2019-09-25 12:06:30,758 [pool-605-thread-1] INFO  server.RaftServerConfigKeys (ConfUtils.java:logGet(43)) - raft.server.rpc.timeout.min = 5s (custom)
2019-09-25 12:06:30,758 [pool-605-thread-1] INFO  server.RaftServerConfigKeys (ConfUtils.java:logGet(43)) - raft.server.rpc.timeout.max = 5200ms (custom)
2019-09-25 12:06:30,758 [pool-605-thread-1] INFO  server.RaftServerConfigKeys (ConfUtils.java:logGet(43)) - raft.server.rpcslowness.timeout = 120s (custom)
2019-09-25 12:06:30,758 [pool-605-thread-1] INFO  server.RaftServerConfigKeys (ConfUtils.java:logGet(43)) - raft.server.sleep.deviation.threshold = 300 (default)
2019-09-25 12:06:30,759 [pool-605-thread-1] INFO  server.RaftServerConfigKeys (ConfUtils.java:logGet(43)) - raft.server.log.appender.install.snapshot.enabled = false (custom)
2019-09-25 12:06:30,759 [pool-605-thread-1] INFO  impl.RaftServerImpl (ServerState.java:<init>(103)) - 4265dd55-646c-4571-a7aa-5a5e7479765c@group-CFBBAEC304E2: ConfigurationManager, init=-1: [4265dd55-646c-4571-a7aa-5a5e7479765c:192.168.151.73:40282], old=null, confs=<EMPTY_MAP>
2019-09-25 12:06:30,759 [pool-605-thread-1] INFO  server.RaftServerConfigKeys (ConfUtils.java:logGet(43)) - raft.server.storage.dir = [/workdir/hadoop-ozone/integration-test/target/test-dir/MiniOzoneClusterImpl-587876f3-3d98-4cc8-9a43-bf4d205d7dbe/datanode-2/data/ratis] (custom)
2019-09-25 12:06:30,759 [pool-605-thread-1] INFO  storage.RaftStorageDirectory (RaftStorageDirectory.java:analyzeStorage(246)) - The storage directory /workdir/hadoop-ozone/integration-test/target/test-dir/MiniOzoneClusterImpl-587876f3-3d98-4cc8-9a43-bf4d205d7dbe/datanode-2/data/ratis/f68d5473-47b3-40ef-9e20-cfbbaec304e2 does not exist. Creating ...
2019-09-25 12:06:30,762 [pool-605-thread-1] INFO  storage.RaftStorageDirectory (RaftStorageDirectory.java:tryLock(328)) - Lock on /workdir/hadoop-ozone/integration-test/target/test-dir/MiniOzoneClusterImpl-587876f3-3d98-4cc8-9a43-bf4d205d7dbe/datanode-2/data/ratis/f68d5473-47b3-40ef-9e20-cfbbaec304e2/in_use.lock acquired by nodename 24979@pr-hdds-1569-shd4m-3693607622
2019-09-25 12:06:30,771 [IPC Server handler 13 on 44365] INFO  net.NetworkTopology (NetworkTopologyImpl.java:add(111)) - Added a new node: /default-rack/5d0cbd75-9945-4b44-9440-546a6022886b
2019-09-25 12:06:30,771 [main] INFO  ozone.MiniOzoneClusterImpl (MiniOzoneClusterImpl.java:lambda$waitForClusterToBeReady$0(147)) - Cluster is ready. Got 7 of 7 DN Heartbeats.
2019-09-25 12:06:30,771 [IPC Server handler 13 on 44365] INFO  node.SCMNodeManager (SCMNodeManager.java:register(266)) - Registered Data node : 5d0cbd75-9945-4b44-9440-546a6022886b{ip: 192.168.151.73, host: pr-hdds-1569-shd4m-3693607622, networkLocation: /default-rack, certSerialId: null}
2019-09-25 12:06:30,791 [pool-605-thread-1] INFO  storage.RaftStorage (RaftStorage.java:format(72)) - Storage directory /workdir/hadoop-ozone/integration-test/target/test-dir/MiniOzoneClusterImpl-587876f3-3d98-4cc8-9a43-bf4d205d7dbe/datanode-2/data/ratis/f68d5473-47b3-40ef-9e20-cfbbaec304e2 has been successfully formatted.
2019-09-25 12:06:30,791 [pool-605-thread-1] INFO  ratis.ContainerStateMachine (ContainerStateMachine.java:loadSnapshot(230)) - group-CFBBAEC304E2: The snapshot info is null. Setting the last applied indexto:(t:0, i:~)
2019-09-25 12:06:30,791 [pool-605-thread-1] INFO  server.RaftServerConfigKeys (ConfUtils.java:logGet(43)) - raft.server.notification.no-leader.timeout = 120s (custom)
2019-09-25 12:06:30,792 [pool-605-thread-1] INFO  server.RaftServerConfigKeys (ConfUtils.java:logGet(43)) - raft.server.log.use.memory = false (default)
2019-09-25 12:06:30,792 [pool-605-thread-1] INFO  server.RaftServerConfigKeys (ConfUtils.java:logGet(43)) - raft.server.log.purge.gap = 1000000 (custom)
2019-09-25 12:06:30,792 [pool-605-thread-1] INFO  server.RaftServerConfigKeys (ConfUtils.java:logGet(43)) - raft.server.log.appender.buffer.byte-limit = 33554432 (custom)
2019-09-25 12:06:30,792 [pool-605-thread-1] INFO  server.RaftServerConfigKeys (ConfUtils.java:logGet(43)) - raft.server.log.segment.size.max = 1048576 (custom)
2019-09-25 12:06:30,799 [pool-605-thread-1] INFO  server.RaftServerConfigKeys (ConfUtils.java:logGet(43)) - raft.server.log.segment.cache.num.max = 2 (custom)
2019-09-25 12:06:30,799 [pool-605-thread-1] INFO  segmented.SegmentedRaftLogWorker (SegmentedRaftLogWorker.java:<init>(172)) - new 4265dd55-646c-4571-a7aa-5a5e7479765c@group-CFBBAEC304E2-SegmentedRaftLogWorker for RaftStorage:Storage Directory /workdir/hadoop-ozone/integration-test/target/test-dir/MiniOzoneClusterImpl-587876f3-3d98-4cc8-9a43-bf4d205d7dbe/datanode-2/data/ratis/f68d5473-47b3-40ef-9e20-cfbbaec304e2
2019-09-25 12:06:30,799 [pool-605-thread-1] INFO  server.RaftServerConfigKeys (ConfUtils.java:logGet(43)) - raft.server.log.queue.byte-limit = 2147483647 (custom)
2019-09-25 12:06:30,810 [pool-605-thread-1] INFO  server.RaftServerConfigKeys (ConfUtils.java:logGet(43)) - raft.server.log.queue.element-limit = 1024 (custom)
2019-09-25 12:06:30,810 [pool-605-thread-1] INFO  server.RaftServerConfigKeys (ConfUtils.java:logGet(43)) - raft.server.log.segment.size.max = 1048576 (custom)
2019-09-25 12:06:30,810 [pool-605-thread-1] INFO  server.RaftServerConfigKeys (ConfUtils.java:logGet(43)) - raft.server.log.preallocated.size = 16384 (custom)
2019-09-25 12:06:30,810 [pool-605-thread-1] INFO  server.RaftServerConfigKeys (ConfUtils.java:logGet(43)) - raft.server.log.write.buffer.size = 33554432 (custom)
2019-09-25 12:06:30,811 [pool-605-thread-1] INFO  server.RaftServerConfigKeys (ConfUtils.java:logGet(43)) - raft.server.log.force.sync.num = 128 (default)
2019-09-25 12:06:30,811 [pool-605-thread-1] INFO  server.RaftServerConfigKeys (ConfUtils.java:logGet(43)) - raft.server.log.statemachine.data.sync = true (default)
2019-09-25 12:06:30,811 [pool-605-thread-1] INFO  server.RaftServerConfigKeys (ConfUtils.java:logGet(43)) - raft.server.log.statemachine.data.sync.timeout = 10s (default)
2019-09-25 12:06:30,811 [pool-605-thread-1] INFO  server.RaftServerConfigKeys (ConfUtils.java:logGet(43)) - raft.server.log.statemachine.data.sync.timeout.retry = -1 (default)
2019-09-25 12:06:30,811 [pool-605-thread-1] INFO  server.RaftServerConfigKeys (ConfUtils.java:logGet(43)) - raft.server.log.statemachine.data.caching.enabled = true (custom)
2019-09-25 12:06:30,811 [pool-605-thread-1] INFO  segmented.SegmentedRaftLogWorker (SegmentedRaftLogWorker.java:lambda$new$0(132)) - 4265dd55-646c-4571-a7aa-5a5e7479765c@group-CFBBAEC304E2-SegmentedRaftLogWorker: flushIndex: setUnconditionally 0 -> -1
2019-09-25 12:06:30,812 [pool-605-thread-1] INFO  server.RaftServerConfigKeys (ConfUtils.java:logGet(43)) - raft.server.snapshot.auto.trigger.enabled = true (custom)
2019-09-25 12:06:30,812 [pool-605-thread-1] INFO  server.RaftServerConfigKeys (ConfUtils.java:logGet(43)) - raft.server.snapshot.auto.trigger.threshold = 10000 (custom)
2019-09-25 12:06:30,812 [pool-605-thread-1] INFO  server.RaftServerConfigKeys (ConfUtils.java:logGet(43)) - raft.server.snapshot.retention.num.files = 5 (custom)
2019-09-25 12:06:30,812 [pool-605-thread-1] INFO  server.RaftServerConfigKeys (ConfUtils.java:logGet(43)) - raft.server.retrycache.expirytime = 600000ms (custom)
2019-09-25 12:06:30,816 [pool-605-thread-1] INFO  impl.RaftServerImpl (RaftServerImpl.java:start(185)) - 4265dd55-646c-4571-a7aa-5a5e7479765c@group-CFBBAEC304E2: start as a follower, conf=-1: [4265dd55-646c-4571-a7aa-5a5e7479765c:192.168.151.73:40282], old=null
2019-09-25 12:06:30,817 [pool-605-thread-1] INFO  impl.RaftServerImpl (RaftServerImpl.java:setRole(174)) - 4265dd55-646c-4571-a7aa-5a5e7479765c@group-CFBBAEC304E2: changes role from      null to FOLLOWER at term 0 for startAsFollower
2019-09-25 12:06:30,817 [pool-605-thread-1] INFO  impl.RoleInfo (RoleInfo.java:updateAndGet(143)) - 4265dd55-646c-4571-a7aa-5a5e7479765c: start FollowerState
2019-09-25 12:06:30,817 [pool-605-thread-1] INFO  util.JmxRegister (JmxRegister.java:tryRegister(44)) - Successfully registered JMX Bean with object name Ratis:service=RaftServer,group=group-CFBBAEC304E2,id=4265dd55-646c-4571-a7aa-5a5e7479765c
2019-09-25 12:06:30,818 [main] INFO  rpc.RpcClient (RpcClient.java:createVolume(276)) - Creating Volume: testblockoutputstream, with jenkins1000 as owner.
2019-09-25 12:06:30,819 [RatisPipelineUtilsThread] INFO  pipeline.PipelineStateManager (PipelineStateManager.java:addPipeline(56)) - Created pipeline Pipeline[ Id: f68d5473-47b3-40ef-9e20-cfbbaec304e2, Nodes: 4265dd55-646c-4571-a7aa-5a5e7479765c{ip: 192.168.151.73, host: pr-hdds-1569-shd4m-3693607622, networkLocation: /default-rack, certSerialId: null}, Type:RATIS, Factor:ONE, State:OPEN]
2019-09-25 12:06:30,820 [RatisPipelineUtilsThread] INFO  pipeline.PipelinePlacementPolicy (PipelinePlacementPolicy.java:meetCriteria(91)) - Pipeline Placement: can't place more pipeline on heavy datanode： f6c16d16-afc4-4153-950f-27a1e09b0667 Heaviness: 6 limit: 5
2019-09-25 12:06:30,822 [IPC Server handler 1 on 44685] INFO  volume.OMVolumeCreateRequest (OMVolumeCreateRequest.java:validateAndUpdateCache(189)) - created volume:testblockoutputstream for user:jenkins1000
2019-09-25 12:06:30,829 [grpc-default-executor-1] INFO  impl.RaftServerProxy (RaftServerProxy.java:addNew(89)) - b31e81a4-9d51-4c30-935b-af8637f1730a: addNew group-9B0BD9ABEB1E:[b31e81a4-9d51-4c30-935b-af8637f1730a:192.168.151.73:39091] returns group-9B0BD9ABEB1E:java.util.concurrent.CompletableFuture@1ff67192[Not completed]
2019-09-25 12:06:30,830 [pool-595-thread-1] INFO  impl.RaftServerImpl (RaftServerImpl.java:<init>(95)) - b31e81a4-9d51-4c30-935b-af8637f1730a: new RaftServerImpl for group-9B0BD9ABEB1E:[b31e81a4-9d51-4c30-935b-af8637f1730a:192.168.151.73:39091] with ContainerStateMachine:uninitialized
2019-09-25 12:06:30,831 [pool-595-thread-1] INFO  server.RaftServerConfigKeys (ConfUtils.java:logGet(43)) - raft.server.rpc.timeout.min = 5s (custom)
2019-09-25 12:06:30,831 [pool-595-thread-1] INFO  server.RaftServerConfigKeys (ConfUtils.java:logGet(43)) - raft.server.rpc.timeout.max = 5200ms (custom)
2019-09-25 12:06:30,831 [pool-595-thread-1] INFO  server.RaftServerConfigKeys (ConfUtils.java:logGet(43)) - raft.server.rpcslowness.timeout = 120s (custom)
2019-09-25 12:06:30,831 [pool-595-thread-1] INFO  server.RaftServerConfigKeys (ConfUtils.java:logGet(43)) - raft.server.sleep.deviation.threshold = 300 (default)
2019-09-25 12:06:30,844 [pool-595-thread-1] INFO  server.RaftServerConfigKeys (ConfUtils.java:logGet(43)) - raft.server.log.appender.install.snapshot.enabled = false (custom)
2019-09-25 12:06:30,848 [pool-595-thread-1] INFO  impl.RaftServerImpl (ServerState.java:<init>(103)) - b31e81a4-9d51-4c30-935b-af8637f1730a@group-9B0BD9ABEB1E: ConfigurationManager, init=-1: [b31e81a4-9d51-4c30-935b-af8637f1730a:192.168.151.73:39091], old=null, confs=<EMPTY_MAP>
2019-09-25 12:06:30,848 [pool-595-thread-1] INFO  server.RaftServerConfigKeys (ConfUtils.java:logGet(43)) - raft.server.storage.dir = [/workdir/hadoop-ozone/integration-test/target/test-dir/MiniOzoneClusterImpl-587876f3-3d98-4cc8-9a43-bf4d205d7dbe/datanode-1/data/ratis] (custom)
2019-09-25 12:06:30,848 [main] INFO  rpc.RpcClient (RpcClient.java:createBucket(415)) - Creating Bucket: testblockoutputstream/testblockoutputstream, with Versioning false and Storage Type set to DISK and Encryption set to false 
2019-09-25 12:06:30,849 [pool-595-thread-1] INFO  storage.RaftStorageDirectory (RaftStorageDirectory.java:analyzeStorage(246)) - The storage directory /workdir/hadoop-ozone/integration-test/target/test-dir/MiniOzoneClusterImpl-587876f3-3d98-4cc8-9a43-bf4d205d7dbe/datanode-1/data/ratis/07b12cbc-55b3-490d-851a-9b0bd9abeb1e does not exist. Creating ...
2019-09-25 12:06:30,874 [pool-595-thread-1] INFO  storage.RaftStorageDirectory (RaftStorageDirectory.java:tryLock(328)) - Lock on /workdir/hadoop-ozone/integration-test/target/test-dir/MiniOzoneClusterImpl-587876f3-3d98-4cc8-9a43-bf4d205d7dbe/datanode-1/data/ratis/07b12cbc-55b3-490d-851a-9b0bd9abeb1e/in_use.lock acquired by nodename 24979@pr-hdds-1569-shd4m-3693607622
2019-09-25 12:06:30,887 [pool-595-thread-1] INFO  storage.RaftStorage (RaftStorage.java:format(72)) - Storage directory /workdir/hadoop-ozone/integration-test/target/test-dir/MiniOzoneClusterImpl-587876f3-3d98-4cc8-9a43-bf4d205d7dbe/datanode-1/data/ratis/07b12cbc-55b3-490d-851a-9b0bd9abeb1e has been successfully formatted.
2019-09-25 12:06:30,887 [pool-595-thread-1] INFO  ratis.ContainerStateMachine (ContainerStateMachine.java:loadSnapshot(230)) - group-9B0BD9ABEB1E: The snapshot info is null. Setting the last applied indexto:(t:0, i:~)
2019-09-25 12:06:30,887 [pool-595-thread-1] INFO  server.RaftServerConfigKeys (ConfUtils.java:logGet(43)) - raft.server.notification.no-leader.timeout = 120s (custom)
2019-09-25 12:06:30,887 [pool-595-thread-1] INFO  server.RaftServerConfigKeys (ConfUtils.java:logGet(43)) - raft.server.log.use.memory = false (default)
2019-09-25 12:06:30,888 [pool-595-thread-1] INFO  server.RaftServerConfigKeys (ConfUtils.java:logGet(43)) - raft.server.log.purge.gap = 1000000 (custom)
2019-09-25 12:06:30,888 [pool-595-thread-1] INFO  server.RaftServerConfigKeys (ConfUtils.java:logGet(43)) - raft.server.log.appender.buffer.byte-limit = 33554432 (custom)
2019-09-25 12:06:30,888 [pool-595-thread-1] INFO  server.RaftServerConfigKeys (ConfUtils.java:logGet(43)) - raft.server.log.segment.size.max = 1048576 (custom)
2019-09-25 12:06:30,888 [pool-595-thread-1] INFO  server.RaftServerConfigKeys (ConfUtils.java:logGet(43)) - raft.server.log.segment.cache.num.max = 2 (custom)
2019-09-25 12:06:30,888 [pool-595-thread-1] INFO  segmented.SegmentedRaftLogWorker (SegmentedRaftLogWorker.java:<init>(172)) - new b31e81a4-9d51-4c30-935b-af8637f1730a@group-9B0BD9ABEB1E-SegmentedRaftLogWorker for RaftStorage:Storage Directory /workdir/hadoop-ozone/integration-test/target/test-dir/MiniOzoneClusterImpl-587876f3-3d98-4cc8-9a43-bf4d205d7dbe/datanode-1/data/ratis/07b12cbc-55b3-490d-851a-9b0bd9abeb1e
2019-09-25 12:06:30,889 [pool-595-thread-1] INFO  server.RaftServerConfigKeys (ConfUtils.java:logGet(43)) - raft.server.log.queue.byte-limit = 2147483647 (custom)
2019-09-25 12:06:30,889 [pool-595-thread-1] INFO  server.RaftServerConfigKeys (ConfUtils.java:logGet(43)) - raft.server.log.queue.element-limit = 1024 (custom)
2019-09-25 12:06:30,889 [pool-595-thread-1] INFO  server.RaftServerConfigKeys (ConfUtils.java:logGet(43)) - raft.server.log.segment.size.max = 1048576 (custom)
2019-09-25 12:06:30,889 [pool-595-thread-1] INFO  server.RaftServerConfigKeys (ConfUtils.java:logGet(43)) - raft.server.log.preallocated.size = 16384 (custom)
2019-09-25 12:06:30,889 [pool-595-thread-1] INFO  server.RaftServerConfigKeys (ConfUtils.java:logGet(43)) - raft.server.log.write.buffer.size = 33554432 (custom)
2019-09-25 12:06:30,889 [pool-595-thread-1] INFO  server.RaftServerConfigKeys (ConfUtils.java:logGet(43)) - raft.server.log.force.sync.num = 128 (default)
2019-09-25 12:06:30,890 [pool-595-thread-1] INFO  server.RaftServerConfigKeys (ConfUtils.java:logGet(43)) - raft.server.log.statemachine.data.sync = true (default)
2019-09-25 12:06:30,890 [pool-595-thread-1] INFO  server.RaftServerConfigKeys (ConfUtils.java:logGet(43)) - raft.server.log.statemachine.data.sync.timeout = 10s (default)
2019-09-25 12:06:30,890 [pool-595-thread-1] INFO  server.RaftServerConfigKeys (ConfUtils.java:logGet(43)) - raft.server.log.statemachine.data.sync.timeout.retry = -1 (default)
2019-09-25 12:06:30,890 [pool-595-thread-1] INFO  server.RaftServerConfigKeys (ConfUtils.java:logGet(43)) - raft.server.log.statemachine.data.caching.enabled = true (custom)
2019-09-25 12:06:30,891 [pool-595-thread-1] INFO  segmented.SegmentedRaftLogWorker (SegmentedRaftLogWorker.java:lambda$new$0(132)) - b31e81a4-9d51-4c30-935b-af8637f1730a@group-9B0BD9ABEB1E-SegmentedRaftLogWorker: flushIndex: setUnconditionally 0 -> -1
2019-09-25 12:06:30,891 [pool-595-thread-1] INFO  server.RaftServerConfigKeys (ConfUtils.java:logGet(43)) - raft.server.snapshot.auto.trigger.enabled = true (custom)
2019-09-25 12:06:30,891 [pool-595-thread-1] INFO  server.RaftServerConfigKeys (ConfUtils.java:logGet(43)) - raft.server.snapshot.auto.trigger.threshold = 10000 (custom)
2019-09-25 12:06:30,891 [pool-595-thread-1] INFO  server.RaftServerConfigKeys (ConfUtils.java:logGet(43)) - raft.server.snapshot.retention.num.files = 5 (custom)
2019-09-25 12:06:30,892 [pool-595-thread-1] INFO  server.RaftServerConfigKeys (ConfUtils.java:logGet(43)) - raft.server.retrycache.expirytime = 600000ms (custom)
2019-09-25 12:06:30,893 [pool-595-thread-1] INFO  impl.RaftServerImpl (RaftServerImpl.java:start(185)) - b31e81a4-9d51-4c30-935b-af8637f1730a@group-9B0BD9ABEB1E: start as a follower, conf=-1: [b31e81a4-9d51-4c30-935b-af8637f1730a:192.168.151.73:39091], old=null
2019-09-25 12:06:30,894 [pool-595-thread-1] INFO  impl.RaftServerImpl (RaftServerImpl.java:setRole(174)) - b31e81a4-9d51-4c30-935b-af8637f1730a@group-9B0BD9ABEB1E: changes role from      null to FOLLOWER at term 0 for startAsFollower
2019-09-25 12:06:30,894 [pool-595-thread-1] INFO  impl.RoleInfo (RoleInfo.java:updateAndGet(143)) - b31e81a4-9d51-4c30-935b-af8637f1730a: start FollowerState
2019-09-25 12:06:30,894 [pool-595-thread-1] INFO  util.JmxRegister (JmxRegister.java:tryRegister(44)) - Successfully registered JMX Bean with object name Ratis:service=RaftServer,group=group-9B0BD9ABEB1E,id=b31e81a4-9d51-4c30-935b-af8637f1730a
2019-09-25 12:06:30,896 [RatisPipelineUtilsThread] INFO  pipeline.PipelineStateManager (PipelineStateManager.java:addPipeline(56)) - Created pipeline Pipeline[ Id: 07b12cbc-55b3-490d-851a-9b0bd9abeb1e, Nodes: b31e81a4-9d51-4c30-935b-af8637f1730a{ip: 192.168.151.73, host: pr-hdds-1569-shd4m-3693607622, networkLocation: /default-rack, certSerialId: null}, Type:RATIS, Factor:ONE, State:OPEN]
2019-09-25 12:06:30,897 [RatisPipelineUtilsThread] INFO  pipeline.PipelinePlacementPolicy (PipelinePlacementPolicy.java:meetCriteria(91)) - Pipeline Placement: can't place more pipeline on heavy datanode： f6c16d16-afc4-4153-950f-27a1e09b0667 Heaviness: 6 limit: 5
2019-09-25 12:06:30,897 [RatisPipelineUtilsThread] INFO  pipeline.PipelinePlacementPolicy (PipelinePlacementPolicy.java:meetCriteria(91)) - Pipeline Placement: can't place more pipeline on heavy datanode： b31e81a4-9d51-4c30-935b-af8637f1730a Heaviness: 6 limit: 5
2019-09-25 12:06:30,907 [grpc-default-executor-1] INFO  impl.RaftServerProxy (RaftServerProxy.java:addNew(89)) - 27e0b7c9-1b57-4073-b643-4210ac739ea7: addNew group-10CEE7306743:[27e0b7c9-1b57-4073-b643-4210ac739ea7:192.168.151.73:38945] returns group-10CEE7306743:java.util.concurrent.CompletableFuture@13a7f83c[Not completed]
2019-09-25 12:06:30,908 [pool-625-thread-1] INFO  impl.RaftServerImpl (RaftServerImpl.java:<init>(95)) - 27e0b7c9-1b57-4073-b643-4210ac739ea7: new RaftServerImpl for group-10CEE7306743:[27e0b7c9-1b57-4073-b643-4210ac739ea7:192.168.151.73:38945] with ContainerStateMachine:uninitialized
2019-09-25 12:06:30,908 [pool-625-thread-1] INFO  server.RaftServerConfigKeys (ConfUtils.java:logGet(43)) - raft.server.rpc.timeout.min = 5s (custom)
2019-09-25 12:06:30,908 [pool-625-thread-1] INFO  server.RaftServerConfigKeys (ConfUtils.java:logGet(43)) - raft.server.rpc.timeout.max = 5200ms (custom)
2019-09-25 12:06:30,908 [pool-625-thread-1] INFO  server.RaftServerConfigKeys (ConfUtils.java:logGet(43)) - raft.server.rpcslowness.timeout = 120s (custom)
2019-09-25 12:06:30,908 [pool-625-thread-1] INFO  server.RaftServerConfigKeys (ConfUtils.java:logGet(43)) - raft.server.sleep.deviation.threshold = 300 (default)
2019-09-25 12:06:30,908 [pool-625-thread-1] INFO  server.RaftServerConfigKeys (ConfUtils.java:logGet(43)) - raft.server.log.appender.install.snapshot.enabled = false (custom)
2019-09-25 12:06:30,909 [pool-625-thread-1] INFO  impl.RaftServerImpl (ServerState.java:<init>(103)) - 27e0b7c9-1b57-4073-b643-4210ac739ea7@group-10CEE7306743: ConfigurationManager, init=-1: [27e0b7c9-1b57-4073-b643-4210ac739ea7:192.168.151.73:38945], old=null, confs=<EMPTY_MAP>
2019-09-25 12:06:30,909 [pool-625-thread-1] INFO  server.RaftServerConfigKeys (ConfUtils.java:logGet(43)) - raft.server.storage.dir = [/workdir/hadoop-ozone/integration-test/target/test-dir/MiniOzoneClusterImpl-587876f3-3d98-4cc8-9a43-bf4d205d7dbe/datanode-4/data/ratis] (custom)
2019-09-25 12:06:30,909 [pool-625-thread-1] INFO  storage.RaftStorageDirectory (RaftStorageDirectory.java:analyzeStorage(246)) - The storage directory /workdir/hadoop-ozone/integration-test/target/test-dir/MiniOzoneClusterImpl-587876f3-3d98-4cc8-9a43-bf4d205d7dbe/datanode-4/data/ratis/dcde9470-845a-47f0-b0be-10cee7306743 does not exist. Creating ...
2019-09-25 12:06:30,922 [pool-625-thread-1] INFO  storage.RaftStorageDirectory (RaftStorageDirectory.java:tryLock(328)) - Lock on /workdir/hadoop-ozone/integration-test/target/test-dir/MiniOzoneClusterImpl-587876f3-3d98-4cc8-9a43-bf4d205d7dbe/datanode-4/data/ratis/dcde9470-845a-47f0-b0be-10cee7306743/in_use.lock acquired by nodename 24979@pr-hdds-1569-shd4m-3693607622
2019-09-25 12:06:30,935 [pool-625-thread-1] INFO  storage.RaftStorage (RaftStorage.java:format(72)) - Storage directory /workdir/hadoop-ozone/integration-test/target/test-dir/MiniOzoneClusterImpl-587876f3-3d98-4cc8-9a43-bf4d205d7dbe/datanode-4/data/ratis/dcde9470-845a-47f0-b0be-10cee7306743 has been successfully formatted.
2019-09-25 12:06:30,935 [pool-625-thread-1] INFO  ratis.ContainerStateMachine (ContainerStateMachine.java:loadSnapshot(230)) - group-10CEE7306743: The snapshot info is null. Setting the last applied indexto:(t:0, i:~)
2019-09-25 12:06:30,936 [pool-625-thread-1] INFO  server.RaftServerConfigKeys (ConfUtils.java:logGet(43)) - raft.server.notification.no-leader.timeout = 120s (custom)
2019-09-25 12:06:30,936 [pool-625-thread-1] INFO  server.RaftServerConfigKeys (ConfUtils.java:logGet(43)) - raft.server.log.use.memory = false (default)
2019-09-25 12:06:30,936 [pool-625-thread-1] INFO  server.RaftServerConfigKeys (ConfUtils.java:logGet(43)) - raft.server.log.purge.gap = 1000000 (custom)
2019-09-25 12:06:30,936 [pool-625-thread-1] INFO  server.RaftServerConfigKeys (ConfUtils.java:logGet(43)) - raft.server.log.appender.buffer.byte-limit = 33554432 (custom)
2019-09-25 12:06:30,936 [pool-625-thread-1] INFO  server.RaftServerConfigKeys (ConfUtils.java:logGet(43)) - raft.server.log.segment.size.max = 1048576 (custom)
2019-09-25 12:06:30,936 [pool-625-thread-1] INFO  server.RaftServerConfigKeys (ConfUtils.java:logGet(43)) - raft.server.log.segment.cache.num.max = 2 (custom)
2019-09-25 12:06:30,937 [pool-625-thread-1] INFO  segmented.SegmentedRaftLogWorker (SegmentedRaftLogWorker.java:<init>(172)) - new 27e0b7c9-1b57-4073-b643-4210ac739ea7@group-10CEE7306743-SegmentedRaftLogWorker for RaftStorage:Storage Directory /workdir/hadoop-ozone/integration-test/target/test-dir/MiniOzoneClusterImpl-587876f3-3d98-4cc8-9a43-bf4d205d7dbe/datanode-4/data/ratis/dcde9470-845a-47f0-b0be-10cee7306743
2019-09-25 12:06:30,938 [pool-625-thread-1] INFO  server.RaftServerConfigKeys (ConfUtils.java:logGet(43)) - raft.server.log.queue.byte-limit = 2147483647 (custom)
2019-09-25 12:06:30,938 [pool-625-thread-1] INFO  server.RaftServerConfigKeys (ConfUtils.java:logGet(43)) - raft.server.log.queue.element-limit = 1024 (custom)
2019-09-25 12:06:30,939 [pool-625-thread-1] INFO  server.RaftServerConfigKeys (ConfUtils.java:logGet(43)) - raft.server.log.segment.size.max = 1048576 (custom)
2019-09-25 12:06:30,939 [pool-625-thread-1] INFO  server.RaftServerConfigKeys (ConfUtils.java:logGet(43)) - raft.server.log.preallocated.size = 16384 (custom)
2019-09-25 12:06:30,939 [pool-625-thread-1] INFO  server.RaftServerConfigKeys (ConfUtils.java:logGet(43)) - raft.server.log.write.buffer.size = 33554432 (custom)
2019-09-25 12:06:30,939 [pool-625-thread-1] INFO  server.RaftServerConfigKeys (ConfUtils.java:logGet(43)) - raft.server.log.force.sync.num = 128 (default)
2019-09-25 12:06:30,939 [pool-625-thread-1] INFO  server.RaftServerConfigKeys (ConfUtils.java:logGet(43)) - raft.server.log.statemachine.data.sync = true (default)
2019-09-25 12:06:30,939 [pool-625-thread-1] INFO  server.RaftServerConfigKeys (ConfUtils.java:logGet(43)) - raft.server.log.statemachine.data.sync.timeout = 10s (default)
2019-09-25 12:06:30,939 [pool-625-thread-1] INFO  server.RaftServerConfigKeys (ConfUtils.java:logGet(43)) - raft.server.log.statemachine.data.sync.timeout.retry = -1 (default)
2019-09-25 12:06:30,940 [pool-625-thread-1] INFO  server.RaftServerConfigKeys (ConfUtils.java:logGet(43)) - raft.server.log.statemachine.data.caching.enabled = true (custom)
2019-09-25 12:06:30,940 [pool-625-thread-1] INFO  segmented.SegmentedRaftLogWorker (SegmentedRaftLogWorker.java:lambda$new$0(132)) - 27e0b7c9-1b57-4073-b643-4210ac739ea7@group-10CEE7306743-SegmentedRaftLogWorker: flushIndex: setUnconditionally 0 -> -1
2019-09-25 12:06:30,940 [pool-625-thread-1] INFO  server.RaftServerConfigKeys (ConfUtils.java:logGet(43)) - raft.server.snapshot.auto.trigger.enabled = true (custom)
2019-09-25 12:06:30,940 [pool-625-thread-1] INFO  server.RaftServerConfigKeys (ConfUtils.java:logGet(43)) - raft.server.snapshot.auto.trigger.threshold = 10000 (custom)
2019-09-25 12:06:30,941 [pool-625-thread-1] INFO  server.RaftServerConfigKeys (ConfUtils.java:logGet(43)) - raft.server.snapshot.retention.num.files = 5 (custom)
2019-09-25 12:06:30,941 [pool-625-thread-1] INFO  server.RaftServerConfigKeys (ConfUtils.java:logGet(43)) - raft.server.retrycache.expirytime = 600000ms (custom)
2019-09-25 12:06:30,942 [pool-625-thread-1] INFO  impl.RaftServerImpl (RaftServerImpl.java:start(185)) - 27e0b7c9-1b57-4073-b643-4210ac739ea7@group-10CEE7306743: start as a follower, conf=-1: [27e0b7c9-1b57-4073-b643-4210ac739ea7:192.168.151.73:38945], old=null
2019-09-25 12:06:30,943 [pool-625-thread-1] INFO  impl.RaftServerImpl (RaftServerImpl.java:setRole(174)) - 27e0b7c9-1b57-4073-b643-4210ac739ea7@group-10CEE7306743: changes role from      null to FOLLOWER at term 0 for startAsFollower
2019-09-25 12:06:30,943 [pool-625-thread-1] INFO  impl.RoleInfo (RoleInfo.java:updateAndGet(143)) - 27e0b7c9-1b57-4073-b643-4210ac739ea7: start FollowerState
2019-09-25 12:06:30,943 [pool-625-thread-1] INFO  util.JmxRegister (JmxRegister.java:tryRegister(44)) - Successfully registered JMX Bean with object name Ratis:service=RaftServer,group=group-10CEE7306743,id=27e0b7c9-1b57-4073-b643-4210ac739ea7
2019-09-25 12:06:30,945 [RatisPipelineUtilsThread] INFO  pipeline.PipelineStateManager (PipelineStateManager.java:addPipeline(56)) - Created pipeline Pipeline[ Id: dcde9470-845a-47f0-b0be-10cee7306743, Nodes: 27e0b7c9-1b57-4073-b643-4210ac739ea7{ip: 192.168.151.73, host: pr-hdds-1569-shd4m-3693607622, networkLocation: /default-rack, certSerialId: null}, Type:RATIS, Factor:ONE, State:OPEN]
2019-09-25 12:06:30,945 [RatisPipelineUtilsThread] INFO  pipeline.PipelinePlacementPolicy (PipelinePlacementPolicy.java:meetCriteria(91)) - Pipeline Placement: can't place more pipeline on heavy datanode： f6c16d16-afc4-4153-950f-27a1e09b0667 Heaviness: 6 limit: 5
2019-09-25 12:06:30,946 [RatisPipelineUtilsThread] INFO  pipeline.PipelinePlacementPolicy (PipelinePlacementPolicy.java:meetCriteria(91)) - Pipeline Placement: can't place more pipeline on heavy datanode： b31e81a4-9d51-4c30-935b-af8637f1730a Heaviness: 6 limit: 5
2019-09-25 12:06:30,955 [grpc-default-executor-1] INFO  impl.RaftServerProxy (RaftServerProxy.java:addNew(89)) - d587b3c4-6743-4f9b-a5f7-0e55334fa092: addNew group-5B4610DFD4E2:[d587b3c4-6743-4f9b-a5f7-0e55334fa092:192.168.151.73:33163] returns group-5B4610DFD4E2:java.util.concurrent.CompletableFuture@6a431597[Not completed]
2019-09-25 12:06:30,956 [pool-635-thread-1] INFO  impl.RaftServerImpl (RaftServerImpl.java:<init>(95)) - d587b3c4-6743-4f9b-a5f7-0e55334fa092: new RaftServerImpl for group-5B4610DFD4E2:[d587b3c4-6743-4f9b-a5f7-0e55334fa092:192.168.151.73:33163] with ContainerStateMachine:uninitialized
2019-09-25 12:06:30,956 [pool-635-thread-1] INFO  server.RaftServerConfigKeys (ConfUtils.java:logGet(43)) - raft.server.rpc.timeout.min = 5s (custom)
2019-09-25 12:06:30,956 [pool-635-thread-1] INFO  server.RaftServerConfigKeys (ConfUtils.java:logGet(43)) - raft.server.rpc.timeout.max = 5200ms (custom)
2019-09-25 12:06:30,957 [pool-635-thread-1] INFO  server.RaftServerConfigKeys (ConfUtils.java:logGet(43)) - raft.server.rpcslowness.timeout = 120s (custom)
2019-09-25 12:06:30,957 [pool-635-thread-1] INFO  server.RaftServerConfigKeys (ConfUtils.java:logGet(43)) - raft.server.sleep.deviation.threshold = 300 (default)
2019-09-25 12:06:30,957 [pool-635-thread-1] INFO  server.RaftServerConfigKeys (ConfUtils.java:logGet(43)) - raft.server.log.appender.install.snapshot.enabled = false (custom)
2019-09-25 12:06:30,957 [pool-635-thread-1] INFO  impl.RaftServerImpl (ServerState.java:<init>(103)) - d587b3c4-6743-4f9b-a5f7-0e55334fa092@group-5B4610DFD4E2: ConfigurationManager, init=-1: [d587b3c4-6743-4f9b-a5f7-0e55334fa092:192.168.151.73:33163], old=null, confs=<EMPTY_MAP>
2019-09-25 12:06:30,957 [pool-635-thread-1] INFO  server.RaftServerConfigKeys (ConfUtils.java:logGet(43)) - raft.server.storage.dir = [/workdir/hadoop-ozone/integration-test/target/test-dir/MiniOzoneClusterImpl-587876f3-3d98-4cc8-9a43-bf4d205d7dbe/datanode-5/data/ratis] (custom)
2019-09-25 12:06:30,957 [pool-635-thread-1] INFO  storage.RaftStorageDirectory (RaftStorageDirectory.java:analyzeStorage(246)) - The storage directory /workdir/hadoop-ozone/integration-test/target/test-dir/MiniOzoneClusterImpl-587876f3-3d98-4cc8-9a43-bf4d205d7dbe/datanode-5/data/ratis/0a8d3f57-81fb-421b-a35f-5b4610dfd4e2 does not exist. Creating ...
2019-09-25 12:06:30,970 [pool-635-thread-1] INFO  storage.RaftStorageDirectory (RaftStorageDirectory.java:tryLock(328)) - Lock on /workdir/hadoop-ozone/integration-test/target/test-dir/MiniOzoneClusterImpl-587876f3-3d98-4cc8-9a43-bf4d205d7dbe/datanode-5/data/ratis/0a8d3f57-81fb-421b-a35f-5b4610dfd4e2/in_use.lock acquired by nodename 24979@pr-hdds-1569-shd4m-3693607622
2019-09-25 12:06:30,983 [pool-635-thread-1] INFO  storage.RaftStorage (RaftStorage.java:format(72)) - Storage directory /workdir/hadoop-ozone/integration-test/target/test-dir/MiniOzoneClusterImpl-587876f3-3d98-4cc8-9a43-bf4d205d7dbe/datanode-5/data/ratis/0a8d3f57-81fb-421b-a35f-5b4610dfd4e2 has been successfully formatted.
2019-09-25 12:06:30,983 [pool-635-thread-1] INFO  ratis.ContainerStateMachine (ContainerStateMachine.java:loadSnapshot(230)) - group-5B4610DFD4E2: The snapshot info is null. Setting the last applied indexto:(t:0, i:~)
2019-09-25 12:06:30,983 [pool-635-thread-1] INFO  server.RaftServerConfigKeys (ConfUtils.java:logGet(43)) - raft.server.notification.no-leader.timeout = 120s (custom)
2019-09-25 12:06:30,983 [pool-635-thread-1] INFO  server.RaftServerConfigKeys (ConfUtils.java:logGet(43)) - raft.server.log.use.memory = false (default)
2019-09-25 12:06:30,983 [pool-635-thread-1] INFO  server.RaftServerConfigKeys (ConfUtils.java:logGet(43)) - raft.server.log.purge.gap = 1000000 (custom)
2019-09-25 12:06:30,983 [pool-635-thread-1] INFO  server.RaftServerConfigKeys (ConfUtils.java:logGet(43)) - raft.server.log.appender.buffer.byte-limit = 33554432 (custom)
2019-09-25 12:06:30,984 [pool-635-thread-1] INFO  server.RaftServerConfigKeys (ConfUtils.java:logGet(43)) - raft.server.log.segment.size.max = 1048576 (custom)
2019-09-25 12:06:30,984 [pool-635-thread-1] INFO  server.RaftServerConfigKeys (ConfUtils.java:logGet(43)) - raft.server.log.segment.cache.num.max = 2 (custom)
2019-09-25 12:06:30,984 [pool-635-thread-1] INFO  segmented.SegmentedRaftLogWorker (SegmentedRaftLogWorker.java:<init>(172)) - new d587b3c4-6743-4f9b-a5f7-0e55334fa092@group-5B4610DFD4E2-SegmentedRaftLogWorker for RaftStorage:Storage Directory /workdir/hadoop-ozone/integration-test/target/test-dir/MiniOzoneClusterImpl-587876f3-3d98-4cc8-9a43-bf4d205d7dbe/datanode-5/data/ratis/0a8d3f57-81fb-421b-a35f-5b4610dfd4e2
2019-09-25 12:06:30,985 [pool-635-thread-1] INFO  server.RaftServerConfigKeys (ConfUtils.java:logGet(43)) - raft.server.log.queue.byte-limit = 2147483647 (custom)
2019-09-25 12:06:30,986 [pool-635-thread-1] INFO  server.RaftServerConfigKeys (ConfUtils.java:logGet(43)) - raft.server.log.queue.element-limit = 1024 (custom)
2019-09-25 12:06:30,986 [pool-635-thread-1] INFO  server.RaftServerConfigKeys (ConfUtils.java:logGet(43)) - raft.server.log.segment.size.max = 1048576 (custom)
2019-09-25 12:06:30,986 [pool-635-thread-1] INFO  server.RaftServerConfigKeys (ConfUtils.java:logGet(43)) - raft.server.log.preallocated.size = 16384 (custom)
2019-09-25 12:06:30,986 [pool-635-thread-1] INFO  server.RaftServerConfigKeys (ConfUtils.java:logGet(43)) - raft.server.log.write.buffer.size = 33554432 (custom)
2019-09-25 12:06:30,986 [pool-635-thread-1] INFO  server.RaftServerConfigKeys (ConfUtils.java:logGet(43)) - raft.server.log.force.sync.num = 128 (default)
2019-09-25 12:06:30,986 [pool-635-thread-1] INFO  server.RaftServerConfigKeys (ConfUtils.java:logGet(43)) - raft.server.log.statemachine.data.sync = true (default)
2019-09-25 12:06:30,986 [pool-635-thread-1] INFO  server.RaftServerConfigKeys (ConfUtils.java:logGet(43)) - raft.server.log.statemachine.data.sync.timeout = 10s (default)
2019-09-25 12:06:30,987 [pool-635-thread-1] INFO  server.RaftServerConfigKeys (ConfUtils.java:logGet(43)) - raft.server.log.statemachine.data.sync.timeout.retry = -1 (default)
2019-09-25 12:06:30,987 [pool-635-thread-1] INFO  server.RaftServerConfigKeys (ConfUtils.java:logGet(43)) - raft.server.log.statemachine.data.caching.enabled = true (custom)
2019-09-25 12:06:30,987 [pool-635-thread-1] INFO  segmented.SegmentedRaftLogWorker (SegmentedRaftLogWorker.java:lambda$new$0(132)) - d587b3c4-6743-4f9b-a5f7-0e55334fa092@group-5B4610DFD4E2-SegmentedRaftLogWorker: flushIndex: setUnconditionally 0 -> -1
2019-09-25 12:06:30,987 [pool-635-thread-1] INFO  server.RaftServerConfigKeys (ConfUtils.java:logGet(43)) - raft.server.snapshot.auto.trigger.enabled = true (custom)
2019-09-25 12:06:30,988 [pool-635-thread-1] INFO  server.RaftServerConfigKeys (ConfUtils.java:logGet(43)) - raft.server.snapshot.auto.trigger.threshold = 10000 (custom)
2019-09-25 12:06:30,988 [pool-635-thread-1] INFO  server.RaftServerConfigKeys (ConfUtils.java:logGet(43)) - raft.server.snapshot.retention.num.files = 5 (custom)
2019-09-25 12:06:30,988 [pool-635-thread-1] INFO  server.RaftServerConfigKeys (ConfUtils.java:logGet(43)) - raft.server.retrycache.expirytime = 600000ms (custom)
2019-09-25 12:06:30,989 [pool-635-thread-1] INFO  impl.RaftServerImpl (RaftServerImpl.java:start(185)) - d587b3c4-6743-4f9b-a5f7-0e55334fa092@group-5B4610DFD4E2: start as a follower, conf=-1: [d587b3c4-6743-4f9b-a5f7-0e55334fa092:192.168.151.73:33163], old=null
2019-09-25 12:06:30,990 [pool-635-thread-1] INFO  impl.RaftServerImpl (RaftServerImpl.java:setRole(174)) - d587b3c4-6743-4f9b-a5f7-0e55334fa092@group-5B4610DFD4E2: changes role from      null to FOLLOWER at term 0 for startAsFollower
2019-09-25 12:06:30,990 [pool-635-thread-1] INFO  impl.RoleInfo (RoleInfo.java:updateAndGet(143)) - d587b3c4-6743-4f9b-a5f7-0e55334fa092: start FollowerState
2019-09-25 12:06:30,990 [pool-635-thread-1] INFO  util.JmxRegister (JmxRegister.java:tryRegister(44)) - Successfully registered JMX Bean with object name Ratis:service=RaftServer,group=group-5B4610DFD4E2,id=d587b3c4-6743-4f9b-a5f7-0e55334fa092
2019-09-25 12:06:30,992 [RatisPipelineUtilsThread] INFO  pipeline.PipelineStateManager (PipelineStateManager.java:addPipeline(56)) - Created pipeline Pipeline[ Id: 0a8d3f57-81fb-421b-a35f-5b4610dfd4e2, Nodes: d587b3c4-6743-4f9b-a5f7-0e55334fa092{ip: 192.168.151.73, host: pr-hdds-1569-shd4m-3693607622, networkLocation: /default-rack, certSerialId: null}, Type:RATIS, Factor:ONE, State:OPEN]
2019-09-25 12:06:30,993 [RatisPipelineUtilsThread] INFO  pipeline.PipelinePlacementPolicy (PipelinePlacementPolicy.java:meetCriteria(91)) - Pipeline Placement: can't place more pipeline on heavy datanode： f6c16d16-afc4-4153-950f-27a1e09b0667 Heaviness: 6 limit: 5
2019-09-25 12:06:30,993 [RatisPipelineUtilsThread] INFO  pipeline.PipelinePlacementPolicy (PipelinePlacementPolicy.java:meetCriteria(91)) - Pipeline Placement: can't place more pipeline on heavy datanode： b31e81a4-9d51-4c30-935b-af8637f1730a Heaviness: 6 limit: 5
2019-09-25 12:06:30,996 [grpc-default-executor-1] INFO  impl.RaftServerProxy (RaftServerProxy.java:addNew(89)) - 4265dd55-646c-4571-a7aa-5a5e7479765c: addNew group-9389F609D95F:[4265dd55-646c-4571-a7aa-5a5e7479765c:192.168.151.73:40282] returns group-9389F609D95F:java.util.concurrent.CompletableFuture@72c52fb8[Not completed]
2019-09-25 12:06:30,997 [pool-605-thread-1] INFO  impl.RaftServerImpl (RaftServerImpl.java:<init>(95)) - 4265dd55-646c-4571-a7aa-5a5e7479765c: new RaftServerImpl for group-9389F609D95F:[4265dd55-646c-4571-a7aa-5a5e7479765c:192.168.151.73:40282] with ContainerStateMachine:uninitialized
2019-09-25 12:06:30,997 [pool-605-thread-1] INFO  server.RaftServerConfigKeys (ConfUtils.java:logGet(43)) - raft.server.rpc.timeout.min = 5s (custom)
2019-09-25 12:06:30,997 [pool-605-thread-1] INFO  server.RaftServerConfigKeys (ConfUtils.java:logGet(43)) - raft.server.rpc.timeout.max = 5200ms (custom)
2019-09-25 12:06:30,997 [pool-605-thread-1] INFO  server.RaftServerConfigKeys (ConfUtils.java:logGet(43)) - raft.server.rpcslowness.timeout = 120s (custom)
2019-09-25 12:06:30,997 [pool-605-thread-1] INFO  server.RaftServerConfigKeys (ConfUtils.java:logGet(43)) - raft.server.sleep.deviation.threshold = 300 (default)
2019-09-25 12:06:30,998 [pool-605-thread-1] INFO  server.RaftServerConfigKeys (ConfUtils.java:logGet(43)) - raft.server.log.appender.install.snapshot.enabled = false (custom)
2019-09-25 12:06:30,998 [pool-605-thread-1] INFO  impl.RaftServerImpl (ServerState.java:<init>(103)) - 4265dd55-646c-4571-a7aa-5a5e7479765c@group-9389F609D95F: ConfigurationManager, init=-1: [4265dd55-646c-4571-a7aa-5a5e7479765c:192.168.151.73:40282], old=null, confs=<EMPTY_MAP>
2019-09-25 12:06:30,998 [pool-605-thread-1] INFO  server.RaftServerConfigKeys (ConfUtils.java:logGet(43)) - raft.server.storage.dir = [/workdir/hadoop-ozone/integration-test/target/test-dir/MiniOzoneClusterImpl-587876f3-3d98-4cc8-9a43-bf4d205d7dbe/datanode-2/data/ratis] (custom)
2019-09-25 12:06:30,998 [pool-605-thread-1] INFO  storage.RaftStorageDirectory (RaftStorageDirectory.java:analyzeStorage(246)) - The storage directory /workdir/hadoop-ozone/integration-test/target/test-dir/MiniOzoneClusterImpl-587876f3-3d98-4cc8-9a43-bf4d205d7dbe/datanode-2/data/ratis/46d92a2d-c0da-41f1-aca6-9389f609d95f does not exist. Creating ...
2019-09-25 12:06:31,011 [pool-605-thread-1] INFO  storage.RaftStorageDirectory (RaftStorageDirectory.java:tryLock(328)) - Lock on /workdir/hadoop-ozone/integration-test/target/test-dir/MiniOzoneClusterImpl-587876f3-3d98-4cc8-9a43-bf4d205d7dbe/datanode-2/data/ratis/46d92a2d-c0da-41f1-aca6-9389f609d95f/in_use.lock acquired by nodename 24979@pr-hdds-1569-shd4m-3693607622
2019-09-25 12:06:31,032 [pool-605-thread-1] INFO  storage.RaftStorage (RaftStorage.java:format(72)) - Storage directory /workdir/hadoop-ozone/integration-test/target/test-dir/MiniOzoneClusterImpl-587876f3-3d98-4cc8-9a43-bf4d205d7dbe/datanode-2/data/ratis/46d92a2d-c0da-41f1-aca6-9389f609d95f has been successfully formatted.
2019-09-25 12:06:31,032 [pool-605-thread-1] INFO  ratis.ContainerStateMachine (ContainerStateMachine.java:loadSnapshot(230)) - group-9389F609D95F: The snapshot info is null. Setting the last applied indexto:(t:0, i:~)
2019-09-25 12:06:31,032 [pool-605-thread-1] INFO  server.RaftServerConfigKeys (ConfUtils.java:logGet(43)) - raft.server.notification.no-leader.timeout = 120s (custom)
2019-09-25 12:06:31,032 [pool-605-thread-1] INFO  server.RaftServerConfigKeys (ConfUtils.java:logGet(43)) - raft.server.log.use.memory = false (default)
2019-09-25 12:06:31,033 [pool-605-thread-1] INFO  server.RaftServerConfigKeys (ConfUtils.java:logGet(43)) - raft.server.log.purge.gap = 1000000 (custom)
2019-09-25 12:06:31,033 [pool-605-thread-1] INFO  server.RaftServerConfigKeys (ConfUtils.java:logGet(43)) - raft.server.log.appender.buffer.byte-limit = 33554432 (custom)
2019-09-25 12:06:31,033 [pool-605-thread-1] INFO  server.RaftServerConfigKeys (ConfUtils.java:logGet(43)) - raft.server.log.segment.size.max = 1048576 (custom)
2019-09-25 12:06:31,033 [pool-605-thread-1] INFO  server.RaftServerConfigKeys (ConfUtils.java:logGet(43)) - raft.server.log.segment.cache.num.max = 2 (custom)
2019-09-25 12:06:31,033 [pool-605-thread-1] INFO  segmented.SegmentedRaftLogWorker (SegmentedRaftLogWorker.java:<init>(172)) - new 4265dd55-646c-4571-a7aa-5a5e7479765c@group-9389F609D95F-SegmentedRaftLogWorker for RaftStorage:Storage Directory /workdir/hadoop-ozone/integration-test/target/test-dir/MiniOzoneClusterImpl-587876f3-3d98-4cc8-9a43-bf4d205d7dbe/datanode-2/data/ratis/46d92a2d-c0da-41f1-aca6-9389f609d95f
2019-09-25 12:06:31,034 [pool-605-thread-1] INFO  server.RaftServerConfigKeys (ConfUtils.java:logGet(43)) - raft.server.log.queue.byte-limit = 2147483647 (custom)
2019-09-25 12:06:31,034 [pool-605-thread-1] INFO  server.RaftServerConfigKeys (ConfUtils.java:logGet(43)) - raft.server.log.queue.element-limit = 1024 (custom)
2019-09-25 12:06:31,034 [pool-605-thread-1] INFO  server.RaftServerConfigKeys (ConfUtils.java:logGet(43)) - raft.server.log.segment.size.max = 1048576 (custom)
2019-09-25 12:06:31,034 [pool-605-thread-1] INFO  server.RaftServerConfigKeys (ConfUtils.java:logGet(43)) - raft.server.log.preallocated.size = 16384 (custom)
2019-09-25 12:06:31,034 [pool-605-thread-1] INFO  server.RaftServerConfigKeys (ConfUtils.java:logGet(43)) - raft.server.log.write.buffer.size = 33554432 (custom)
2019-09-25 12:06:31,034 [pool-605-thread-1] INFO  server.RaftServerConfigKeys (ConfUtils.java:logGet(43)) - raft.server.log.force.sync.num = 128 (default)
2019-09-25 12:06:31,035 [pool-605-thread-1] INFO  server.RaftServerConfigKeys (ConfUtils.java:logGet(43)) - raft.server.log.statemachine.data.sync = true (default)
2019-09-25 12:06:31,035 [pool-605-thread-1] INFO  server.RaftServerConfigKeys (ConfUtils.java:logGet(43)) - raft.server.log.statemachine.data.sync.timeout = 10s (default)
2019-09-25 12:06:31,035 [pool-605-thread-1] INFO  server.RaftServerConfigKeys (ConfUtils.java:logGet(43)) - raft.server.log.statemachine.data.sync.timeout.retry = -1 (default)
2019-09-25 12:06:31,035 [pool-605-thread-1] INFO  server.RaftServerConfigKeys (ConfUtils.java:logGet(43)) - raft.server.log.statemachine.data.caching.enabled = true (custom)
2019-09-25 12:06:31,035 [pool-605-thread-1] INFO  segmented.SegmentedRaftLogWorker (SegmentedRaftLogWorker.java:lambda$new$0(132)) - 4265dd55-646c-4571-a7aa-5a5e7479765c@group-9389F609D95F-SegmentedRaftLogWorker: flushIndex: setUnconditionally 0 -> -1
2019-09-25 12:06:31,036 [pool-605-thread-1] INFO  server.RaftServerConfigKeys (ConfUtils.java:logGet(43)) - raft.server.snapshot.auto.trigger.enabled = true (custom)
2019-09-25 12:06:31,036 [pool-605-thread-1] INFO  server.RaftServerConfigKeys (ConfUtils.java:logGet(43)) - raft.server.snapshot.auto.trigger.threshold = 10000 (custom)
2019-09-25 12:06:31,036 [pool-605-thread-1] INFO  server.RaftServerConfigKeys (ConfUtils.java:logGet(43)) - raft.server.snapshot.retention.num.files = 5 (custom)
2019-09-25 12:06:31,036 [pool-605-thread-1] INFO  server.RaftServerConfigKeys (ConfUtils.java:logGet(43)) - raft.server.retrycache.expirytime = 600000ms (custom)
2019-09-25 12:06:31,038 [pool-605-thread-1] INFO  impl.RaftServerImpl (RaftServerImpl.java:start(185)) - 4265dd55-646c-4571-a7aa-5a5e7479765c@group-9389F609D95F: start as a follower, conf=-1: [4265dd55-646c-4571-a7aa-5a5e7479765c:192.168.151.73:40282], old=null
2019-09-25 12:06:31,039 [pool-605-thread-1] INFO  impl.RaftServerImpl (RaftServerImpl.java:setRole(174)) - 4265dd55-646c-4571-a7aa-5a5e7479765c@group-9389F609D95F: changes role from      null to FOLLOWER at term 0 for startAsFollower
2019-09-25 12:06:31,039 [pool-605-thread-1] INFO  impl.RoleInfo (RoleInfo.java:updateAndGet(143)) - 4265dd55-646c-4571-a7aa-5a5e7479765c: start FollowerState
2019-09-25 12:06:31,039 [pool-605-thread-1] INFO  util.JmxRegister (JmxRegister.java:tryRegister(44)) - Successfully registered JMX Bean with object name Ratis:service=RaftServer,group=group-9389F609D95F,id=4265dd55-646c-4571-a7aa-5a5e7479765c
2019-09-25 12:06:31,042 [RatisPipelineUtilsThread] INFO  pipeline.PipelineStateManager (PipelineStateManager.java:addPipeline(56)) - Created pipeline Pipeline[ Id: 46d92a2d-c0da-41f1-aca6-9389f609d95f, Nodes: 4265dd55-646c-4571-a7aa-5a5e7479765c{ip: 192.168.151.73, host: pr-hdds-1569-shd4m-3693607622, networkLocation: /default-rack, certSerialId: null}, Type:RATIS, Factor:ONE, State:OPEN]
2019-09-25 12:06:31,042 [RatisPipelineUtilsThread] INFO  pipeline.PipelinePlacementPolicy (PipelinePlacementPolicy.java:meetCriteria(91)) - Pipeline Placement: can't place more pipeline on heavy datanode： f6c16d16-afc4-4153-950f-27a1e09b0667 Heaviness: 6 limit: 5
2019-09-25 12:06:31,042 [RatisPipelineUtilsThread] INFO  pipeline.PipelinePlacementPolicy (PipelinePlacementPolicy.java:meetCriteria(91)) - Pipeline Placement: can't place more pipeline on heavy datanode： b31e81a4-9d51-4c30-935b-af8637f1730a Heaviness: 6 limit: 5
2019-09-25 12:06:31,045 [grpc-default-executor-1] INFO  impl.RaftServerProxy (RaftServerProxy.java:addNew(89)) - 27e0b7c9-1b57-4073-b643-4210ac739ea7: addNew group-65EC994FA0DB:[27e0b7c9-1b57-4073-b643-4210ac739ea7:192.168.151.73:38945] returns group-65EC994FA0DB:java.util.concurrent.CompletableFuture@e2980ff[Not completed]
2019-09-25 12:06:31,046 [pool-625-thread-1] INFO  impl.RaftServerImpl (RaftServerImpl.java:<init>(95)) - 27e0b7c9-1b57-4073-b643-4210ac739ea7: new RaftServerImpl for group-65EC994FA0DB:[27e0b7c9-1b57-4073-b643-4210ac739ea7:192.168.151.73:38945] with ContainerStateMachine:uninitialized
2019-09-25 12:06:31,046 [pool-625-thread-1] INFO  server.RaftServerConfigKeys (ConfUtils.java:logGet(43)) - raft.server.rpc.timeout.min = 5s (custom)
2019-09-25 12:06:31,047 [pool-625-thread-1] INFO  server.RaftServerConfigKeys (ConfUtils.java:logGet(43)) - raft.server.rpc.timeout.max = 5200ms (custom)
2019-09-25 12:06:31,047 [pool-625-thread-1] INFO  server.RaftServerConfigKeys (ConfUtils.java:logGet(43)) - raft.server.rpcslowness.timeout = 120s (custom)
2019-09-25 12:06:31,047 [pool-625-thread-1] INFO  server.RaftServerConfigKeys (ConfUtils.java:logGet(43)) - raft.server.sleep.deviation.threshold = 300 (default)
2019-09-25 12:06:31,047 [pool-625-thread-1] INFO  server.RaftServerConfigKeys (ConfUtils.java:logGet(43)) - raft.server.log.appender.install.snapshot.enabled = false (custom)
2019-09-25 12:06:31,047 [pool-625-thread-1] INFO  impl.RaftServerImpl (ServerState.java:<init>(103)) - 27e0b7c9-1b57-4073-b643-4210ac739ea7@group-65EC994FA0DB: ConfigurationManager, init=-1: [27e0b7c9-1b57-4073-b643-4210ac739ea7:192.168.151.73:38945], old=null, confs=<EMPTY_MAP>
2019-09-25 12:06:31,047 [pool-625-thread-1] INFO  server.RaftServerConfigKeys (ConfUtils.java:logGet(43)) - raft.server.storage.dir = [/workdir/hadoop-ozone/integration-test/target/test-dir/MiniOzoneClusterImpl-587876f3-3d98-4cc8-9a43-bf4d205d7dbe/datanode-4/data/ratis] (custom)
2019-09-25 12:06:31,048 [pool-625-thread-1] INFO  storage.RaftStorageDirectory (RaftStorageDirectory.java:analyzeStorage(246)) - The storage directory /workdir/hadoop-ozone/integration-test/target/test-dir/MiniOzoneClusterImpl-587876f3-3d98-4cc8-9a43-bf4d205d7dbe/datanode-4/data/ratis/a501821d-c6ab-495a-9cd2-65ec994fa0db does not exist. Creating ...
2019-09-25 12:06:31,072 [pool-625-thread-1] INFO  storage.RaftStorageDirectory (RaftStorageDirectory.java:tryLock(328)) - Lock on /workdir/hadoop-ozone/integration-test/target/test-dir/MiniOzoneClusterImpl-587876f3-3d98-4cc8-9a43-bf4d205d7dbe/datanode-4/data/ratis/a501821d-c6ab-495a-9cd2-65ec994fa0db/in_use.lock acquired by nodename 24979@pr-hdds-1569-shd4m-3693607622
2019-09-25 12:06:31,085 [pool-625-thread-1] INFO  storage.RaftStorage (RaftStorage.java:format(72)) - Storage directory /workdir/hadoop-ozone/integration-test/target/test-dir/MiniOzoneClusterImpl-587876f3-3d98-4cc8-9a43-bf4d205d7dbe/datanode-4/data/ratis/a501821d-c6ab-495a-9cd2-65ec994fa0db has been successfully formatted.
2019-09-25 12:06:31,085 [pool-625-thread-1] INFO  ratis.ContainerStateMachine (ContainerStateMachine.java:loadSnapshot(230)) - group-65EC994FA0DB: The snapshot info is null. Setting the last applied indexto:(t:0, i:~)
2019-09-25 12:06:31,085 [pool-625-thread-1] INFO  server.RaftServerConfigKeys (ConfUtils.java:logGet(43)) - raft.server.notification.no-leader.timeout = 120s (custom)
2019-09-25 12:06:31,085 [pool-625-thread-1] INFO  server.RaftServerConfigKeys (ConfUtils.java:logGet(43)) - raft.server.log.use.memory = false (default)
2019-09-25 12:06:31,086 [pool-625-thread-1] INFO  server.RaftServerConfigKeys (ConfUtils.java:logGet(43)) - raft.server.log.purge.gap = 1000000 (custom)
2019-09-25 12:06:31,086 [pool-625-thread-1] INFO  server.RaftServerConfigKeys (ConfUtils.java:logGet(43)) - raft.server.log.appender.buffer.byte-limit = 33554432 (custom)
2019-09-25 12:06:31,086 [pool-625-thread-1] INFO  server.RaftServerConfigKeys (ConfUtils.java:logGet(43)) - raft.server.log.segment.size.max = 1048576 (custom)
2019-09-25 12:06:31,086 [pool-625-thread-1] INFO  server.RaftServerConfigKeys (ConfUtils.java:logGet(43)) - raft.server.log.segment.cache.num.max = 2 (custom)
2019-09-25 12:06:31,086 [pool-625-thread-1] INFO  segmented.SegmentedRaftLogWorker (SegmentedRaftLogWorker.java:<init>(172)) - new 27e0b7c9-1b57-4073-b643-4210ac739ea7@group-65EC994FA0DB-SegmentedRaftLogWorker for RaftStorage:Storage Directory /workdir/hadoop-ozone/integration-test/target/test-dir/MiniOzoneClusterImpl-587876f3-3d98-4cc8-9a43-bf4d205d7dbe/datanode-4/data/ratis/a501821d-c6ab-495a-9cd2-65ec994fa0db
2019-09-25 12:06:31,086 [pool-625-thread-1] INFO  server.RaftServerConfigKeys (ConfUtils.java:logGet(43)) - raft.server.log.queue.byte-limit = 2147483647 (custom)
2019-09-25 12:06:31,087 [pool-625-thread-1] INFO  server.RaftServerConfigKeys (ConfUtils.java:logGet(43)) - raft.server.log.queue.element-limit = 1024 (custom)
2019-09-25 12:06:31,087 [pool-625-thread-1] INFO  server.RaftServerConfigKeys (ConfUtils.java:logGet(43)) - raft.server.log.segment.size.max = 1048576 (custom)
2019-09-25 12:06:31,087 [pool-625-thread-1] INFO  server.RaftServerConfigKeys (ConfUtils.java:logGet(43)) - raft.server.log.preallocated.size = 16384 (custom)
2019-09-25 12:06:31,087 [pool-625-thread-1] INFO  server.RaftServerConfigKeys (ConfUtils.java:logGet(43)) - raft.server.log.write.buffer.size = 33554432 (custom)
2019-09-25 12:06:31,087 [pool-625-thread-1] INFO  server.RaftServerConfigKeys (ConfUtils.java:logGet(43)) - raft.server.log.force.sync.num = 128 (default)
2019-09-25 12:06:31,087 [pool-625-thread-1] INFO  server.RaftServerConfigKeys (ConfUtils.java:logGet(43)) - raft.server.log.statemachine.data.sync = true (default)
2019-09-25 12:06:31,087 [pool-625-thread-1] INFO  server.RaftServerConfigKeys (ConfUtils.java:logGet(43)) - raft.server.log.statemachine.data.sync.timeout = 10s (default)
2019-09-25 12:06:31,088 [pool-625-thread-1] INFO  server.RaftServerConfigKeys (ConfUtils.java:logGet(43)) - raft.server.log.statemachine.data.sync.timeout.retry = -1 (default)
2019-09-25 12:06:31,088 [pool-625-thread-1] INFO  server.RaftServerConfigKeys (ConfUtils.java:logGet(43)) - raft.server.log.statemachine.data.caching.enabled = true (custom)
2019-09-25 12:06:31,088 [pool-625-thread-1] INFO  segmented.SegmentedRaftLogWorker (SegmentedRaftLogWorker.java:lambda$new$0(132)) - 27e0b7c9-1b57-4073-b643-4210ac739ea7@group-65EC994FA0DB-SegmentedRaftLogWorker: flushIndex: setUnconditionally 0 -> -1
2019-09-25 12:06:31,088 [pool-625-thread-1] INFO  server.RaftServerConfigKeys (ConfUtils.java:logGet(43)) - raft.server.snapshot.auto.trigger.enabled = true (custom)
2019-09-25 12:06:31,089 [pool-625-thread-1] INFO  server.RaftServerConfigKeys (ConfUtils.java:logGet(43)) - raft.server.snapshot.auto.trigger.threshold = 10000 (custom)
2019-09-25 12:06:31,089 [pool-625-thread-1] INFO  server.RaftServerConfigKeys (ConfUtils.java:logGet(43)) - raft.server.snapshot.retention.num.files = 5 (custom)
2019-09-25 12:06:31,089 [pool-625-thread-1] INFO  server.RaftServerConfigKeys (ConfUtils.java:logGet(43)) - raft.server.retrycache.expirytime = 600000ms (custom)
2019-09-25 12:06:31,091 [pool-625-thread-1] INFO  impl.RaftServerImpl (RaftServerImpl.java:start(185)) - 27e0b7c9-1b57-4073-b643-4210ac739ea7@group-65EC994FA0DB: start as a follower, conf=-1: [27e0b7c9-1b57-4073-b643-4210ac739ea7:192.168.151.73:38945], old=null
2019-09-25 12:06:31,091 [pool-625-thread-1] INFO  impl.RaftServerImpl (RaftServerImpl.java:setRole(174)) - 27e0b7c9-1b57-4073-b643-4210ac739ea7@group-65EC994FA0DB: changes role from      null to FOLLOWER at term 0 for startAsFollower
2019-09-25 12:06:31,091 [pool-625-thread-1] INFO  impl.RoleInfo (RoleInfo.java:updateAndGet(143)) - 27e0b7c9-1b57-4073-b643-4210ac739ea7: start FollowerState
2019-09-25 12:06:31,091 [pool-625-thread-1] INFO  util.JmxRegister (JmxRegister.java:tryRegister(44)) - Successfully registered JMX Bean with object name Ratis:service=RaftServer,group=group-65EC994FA0DB,id=27e0b7c9-1b57-4073-b643-4210ac739ea7
2019-09-25 12:06:31,093 [RatisPipelineUtilsThread] INFO  pipeline.PipelineStateManager (PipelineStateManager.java:addPipeline(56)) - Created pipeline Pipeline[ Id: a501821d-c6ab-495a-9cd2-65ec994fa0db, Nodes: 27e0b7c9-1b57-4073-b643-4210ac739ea7{ip: 192.168.151.73, host: pr-hdds-1569-shd4m-3693607622, networkLocation: /default-rack, certSerialId: null}, Type:RATIS, Factor:ONE, State:OPEN]
2019-09-25 12:06:31,094 [RatisPipelineUtilsThread] INFO  pipeline.PipelinePlacementPolicy (PipelinePlacementPolicy.java:meetCriteria(91)) - Pipeline Placement: can't place more pipeline on heavy datanode： f6c16d16-afc4-4153-950f-27a1e09b0667 Heaviness: 6 limit: 5
2019-09-25 12:06:31,094 [RatisPipelineUtilsThread] INFO  pipeline.PipelinePlacementPolicy (PipelinePlacementPolicy.java:meetCriteria(91)) - Pipeline Placement: can't place more pipeline on heavy datanode： b31e81a4-9d51-4c30-935b-af8637f1730a Heaviness: 6 limit: 5
2019-09-25 12:06:31,097 [grpc-default-executor-1] INFO  impl.RaftServerProxy (RaftServerProxy.java:addNew(89)) - 27e0b7c9-1b57-4073-b643-4210ac739ea7: addNew group-5E20908DD553:[27e0b7c9-1b57-4073-b643-4210ac739ea7:192.168.151.73:38945] returns group-5E20908DD553:java.util.concurrent.CompletableFuture@58f9c64b[Not completed]
2019-09-25 12:06:31,098 [pool-625-thread-1] INFO  impl.RaftServerImpl (RaftServerImpl.java:<init>(95)) - 27e0b7c9-1b57-4073-b643-4210ac739ea7: new RaftServerImpl for group-5E20908DD553:[27e0b7c9-1b57-4073-b643-4210ac739ea7:192.168.151.73:38945] with ContainerStateMachine:uninitialized
2019-09-25 12:06:31,098 [pool-625-thread-1] INFO  server.RaftServerConfigKeys (ConfUtils.java:logGet(43)) - raft.server.rpc.timeout.min = 5s (custom)
2019-09-25 12:06:31,098 [pool-625-thread-1] INFO  server.RaftServerConfigKeys (ConfUtils.java:logGet(43)) - raft.server.rpc.timeout.max = 5200ms (custom)
2019-09-25 12:06:31,099 [pool-625-thread-1] INFO  server.RaftServerConfigKeys (ConfUtils.java:logGet(43)) - raft.server.rpcslowness.timeout = 120s (custom)
2019-09-25 12:06:31,099 [pool-625-thread-1] INFO  server.RaftServerConfigKeys (ConfUtils.java:logGet(43)) - raft.server.sleep.deviation.threshold = 300 (default)
2019-09-25 12:06:31,099 [pool-625-thread-1] INFO  server.RaftServerConfigKeys (ConfUtils.java:logGet(43)) - raft.server.log.appender.install.snapshot.enabled = false (custom)
2019-09-25 12:06:31,099 [pool-625-thread-1] INFO  impl.RaftServerImpl (ServerState.java:<init>(103)) - 27e0b7c9-1b57-4073-b643-4210ac739ea7@group-5E20908DD553: ConfigurationManager, init=-1: [27e0b7c9-1b57-4073-b643-4210ac739ea7:192.168.151.73:38945], old=null, confs=<EMPTY_MAP>
2019-09-25 12:06:31,099 [pool-625-thread-1] INFO  server.RaftServerConfigKeys (ConfUtils.java:logGet(43)) - raft.server.storage.dir = [/workdir/hadoop-ozone/integration-test/target/test-dir/MiniOzoneClusterImpl-587876f3-3d98-4cc8-9a43-bf4d205d7dbe/datanode-4/data/ratis] (custom)
2019-09-25 12:06:31,099 [pool-625-thread-1] INFO  storage.RaftStorageDirectory (RaftStorageDirectory.java:analyzeStorage(246)) - The storage directory /workdir/hadoop-ozone/integration-test/target/test-dir/MiniOzoneClusterImpl-587876f3-3d98-4cc8-9a43-bf4d205d7dbe/datanode-4/data/ratis/5c5c1dfd-f044-484e-ba26-5e20908dd553 does not exist. Creating ...
2019-09-25 12:06:31,112 [pool-625-thread-1] INFO  storage.RaftStorageDirectory (RaftStorageDirectory.java:tryLock(328)) - Lock on /workdir/hadoop-ozone/integration-test/target/test-dir/MiniOzoneClusterImpl-587876f3-3d98-4cc8-9a43-bf4d205d7dbe/datanode-4/data/ratis/5c5c1dfd-f044-484e-ba26-5e20908dd553/in_use.lock acquired by nodename 24979@pr-hdds-1569-shd4m-3693607622
2019-09-25 12:06:31,127 [pool-625-thread-1] INFO  storage.RaftStorage (RaftStorage.java:format(72)) - Storage directory /workdir/hadoop-ozone/integration-test/target/test-dir/MiniOzoneClusterImpl-587876f3-3d98-4cc8-9a43-bf4d205d7dbe/datanode-4/data/ratis/5c5c1dfd-f044-484e-ba26-5e20908dd553 has been successfully formatted.
2019-09-25 12:06:31,127 [pool-625-thread-1] INFO  ratis.ContainerStateMachine (ContainerStateMachine.java:loadSnapshot(230)) - group-5E20908DD553: The snapshot info is null. Setting the last applied indexto:(t:0, i:~)
2019-09-25 12:06:31,128 [pool-625-thread-1] INFO  server.RaftServerConfigKeys (ConfUtils.java:logGet(43)) - raft.server.notification.no-leader.timeout = 120s (custom)
2019-09-25 12:06:31,128 [pool-625-thread-1] INFO  server.RaftServerConfigKeys (ConfUtils.java:logGet(43)) - raft.server.log.use.memory = false (default)
2019-09-25 12:06:31,128 [pool-625-thread-1] INFO  server.RaftServerConfigKeys (ConfUtils.java:logGet(43)) - raft.server.log.purge.gap = 1000000 (custom)
2019-09-25 12:06:31,128 [pool-625-thread-1] INFO  server.RaftServerConfigKeys (ConfUtils.java:logGet(43)) - raft.server.log.appender.buffer.byte-limit = 33554432 (custom)
2019-09-25 12:06:31,128 [pool-625-thread-1] INFO  server.RaftServerConfigKeys (ConfUtils.java:logGet(43)) - raft.server.log.segment.size.max = 1048576 (custom)
2019-09-25 12:06:31,128 [pool-625-thread-1] INFO  server.RaftServerConfigKeys (ConfUtils.java:logGet(43)) - raft.server.log.segment.cache.num.max = 2 (custom)
2019-09-25 12:06:31,129 [pool-625-thread-1] INFO  segmented.SegmentedRaftLogWorker (SegmentedRaftLogWorker.java:<init>(172)) - new 27e0b7c9-1b57-4073-b643-4210ac739ea7@group-5E20908DD553-SegmentedRaftLogWorker for RaftStorage:Storage Directory /workdir/hadoop-ozone/integration-test/target/test-dir/MiniOzoneClusterImpl-587876f3-3d98-4cc8-9a43-bf4d205d7dbe/datanode-4/data/ratis/5c5c1dfd-f044-484e-ba26-5e20908dd553
2019-09-25 12:06:31,129 [pool-625-thread-1] INFO  server.RaftServerConfigKeys (ConfUtils.java:logGet(43)) - raft.server.log.queue.byte-limit = 2147483647 (custom)
2019-09-25 12:06:31,129 [pool-625-thread-1] INFO  server.RaftServerConfigKeys (ConfUtils.java:logGet(43)) - raft.server.log.queue.element-limit = 1024 (custom)
2019-09-25 12:06:31,129 [pool-625-thread-1] INFO  server.RaftServerConfigKeys (ConfUtils.java:logGet(43)) - raft.server.log.segment.size.max = 1048576 (custom)
2019-09-25 12:06:31,129 [pool-625-thread-1] INFO  server.RaftServerConfigKeys (ConfUtils.java:logGet(43)) - raft.server.log.preallocated.size = 16384 (custom)
2019-09-25 12:06:31,129 [pool-625-thread-1] INFO  server.RaftServerConfigKeys (ConfUtils.java:logGet(43)) - raft.server.log.write.buffer.size = 33554432 (custom)
2019-09-25 12:06:31,129 [pool-625-thread-1] INFO  server.RaftServerConfigKeys (ConfUtils.java:logGet(43)) - raft.server.log.force.sync.num = 128 (default)
2019-09-25 12:06:31,130 [pool-625-thread-1] INFO  server.RaftServerConfigKeys (ConfUtils.java:logGet(43)) - raft.server.log.statemachine.data.sync = true (default)
2019-09-25 12:06:31,130 [pool-625-thread-1] INFO  server.RaftServerConfigKeys (ConfUtils.java:logGet(43)) - raft.server.log.statemachine.data.sync.timeout = 10s (default)
2019-09-25 12:06:31,130 [pool-625-thread-1] INFO  server.RaftServerConfigKeys (ConfUtils.java:logGet(43)) - raft.server.log.statemachine.data.sync.timeout.retry = -1 (default)
2019-09-25 12:06:31,130 [pool-625-thread-1] INFO  server.RaftServerConfigKeys (ConfUtils.java:logGet(43)) - raft.server.log.statemachine.data.caching.enabled = true (custom)
2019-09-25 12:06:31,130 [pool-625-thread-1] INFO  segmented.SegmentedRaftLogWorker (SegmentedRaftLogWorker.java:lambda$new$0(132)) - 27e0b7c9-1b57-4073-b643-4210ac739ea7@group-5E20908DD553-SegmentedRaftLogWorker: flushIndex: setUnconditionally 0 -> -1
2019-09-25 12:06:31,131 [pool-625-thread-1] INFO  server.RaftServerConfigKeys (ConfUtils.java:logGet(43)) - raft.server.snapshot.auto.trigger.enabled = true (custom)
2019-09-25 12:06:31,131 [pool-625-thread-1] INFO  server.RaftServerConfigKeys (ConfUtils.java:logGet(43)) - raft.server.snapshot.auto.trigger.threshold = 10000 (custom)
2019-09-25 12:06:31,131 [pool-625-thread-1] INFO  server.RaftServerConfigKeys (ConfUtils.java:logGet(43)) - raft.server.snapshot.retention.num.files = 5 (custom)
2019-09-25 12:06:31,131 [pool-625-thread-1] INFO  server.RaftServerConfigKeys (ConfUtils.java:logGet(43)) - raft.server.retrycache.expirytime = 600000ms (custom)
2019-09-25 12:06:31,133 [pool-625-thread-1] INFO  impl.RaftServerImpl (RaftServerImpl.java:start(185)) - 27e0b7c9-1b57-4073-b643-4210ac739ea7@group-5E20908DD553: start as a follower, conf=-1: [27e0b7c9-1b57-4073-b643-4210ac739ea7:192.168.151.73:38945], old=null
2019-09-25 12:06:31,133 [pool-625-thread-1] INFO  impl.RaftServerImpl (RaftServerImpl.java:setRole(174)) - 27e0b7c9-1b57-4073-b643-4210ac739ea7@group-5E20908DD553: changes role from      null to FOLLOWER at term 0 for startAsFollower
2019-09-25 12:06:31,133 [pool-625-thread-1] INFO  impl.RoleInfo (RoleInfo.java:updateAndGet(143)) - 27e0b7c9-1b57-4073-b643-4210ac739ea7: start FollowerState
2019-09-25 12:06:31,134 [pool-625-thread-1] INFO  util.JmxRegister (JmxRegister.java:tryRegister(44)) - Successfully registered JMX Bean with object name Ratis:service=RaftServer,group=group-5E20908DD553,id=27e0b7c9-1b57-4073-b643-4210ac739ea7
2019-09-25 12:06:31,135 [RatisPipelineUtilsThread] INFO  pipeline.PipelineStateManager (PipelineStateManager.java:addPipeline(56)) - Created pipeline Pipeline[ Id: 5c5c1dfd-f044-484e-ba26-5e20908dd553, Nodes: 27e0b7c9-1b57-4073-b643-4210ac739ea7{ip: 192.168.151.73, host: pr-hdds-1569-shd4m-3693607622, networkLocation: /default-rack, certSerialId: null}, Type:RATIS, Factor:ONE, State:OPEN]
2019-09-25 12:06:31,136 [RatisPipelineUtilsThread] INFO  pipeline.PipelinePlacementPolicy (PipelinePlacementPolicy.java:meetCriteria(91)) - Pipeline Placement: can't place more pipeline on heavy datanode： f6c16d16-afc4-4153-950f-27a1e09b0667 Heaviness: 6 limit: 5
2019-09-25 12:06:31,136 [RatisPipelineUtilsThread] INFO  pipeline.PipelinePlacementPolicy (PipelinePlacementPolicy.java:meetCriteria(91)) - Pipeline Placement: can't place more pipeline on heavy datanode： b31e81a4-9d51-4c30-935b-af8637f1730a Heaviness: 6 limit: 5
2019-09-25 12:06:31,140 [grpc-default-executor-1] INFO  impl.RaftServerProxy (RaftServerProxy.java:addNew(89)) - 4265dd55-646c-4571-a7aa-5a5e7479765c: addNew group-05686909FD22:[4265dd55-646c-4571-a7aa-5a5e7479765c:192.168.151.73:40282] returns group-05686909FD22:java.util.concurrent.CompletableFuture@4011809a[Not completed]
2019-09-25 12:06:31,142 [pool-605-thread-1] INFO  impl.RaftServerImpl (RaftServerImpl.java:<init>(95)) - 4265dd55-646c-4571-a7aa-5a5e7479765c: new RaftServerImpl for group-05686909FD22:[4265dd55-646c-4571-a7aa-5a5e7479765c:192.168.151.73:40282] with ContainerStateMachine:uninitialized
2019-09-25 12:06:31,142 [pool-605-thread-1] INFO  server.RaftServerConfigKeys (ConfUtils.java:logGet(43)) - raft.server.rpc.timeout.min = 5s (custom)
2019-09-25 12:06:31,142 [pool-605-thread-1] INFO  server.RaftServerConfigKeys (ConfUtils.java:logGet(43)) - raft.server.rpc.timeout.max = 5200ms (custom)
2019-09-25 12:06:31,142 [pool-605-thread-1] INFO  server.RaftServerConfigKeys (ConfUtils.java:logGet(43)) - raft.server.rpcslowness.timeout = 120s (custom)
2019-09-25 12:06:31,142 [pool-605-thread-1] INFO  server.RaftServerConfigKeys (ConfUtils.java:logGet(43)) - raft.server.sleep.deviation.threshold = 300 (default)
2019-09-25 12:06:31,142 [pool-605-thread-1] INFO  server.RaftServerConfigKeys (ConfUtils.java:logGet(43)) - raft.server.log.appender.install.snapshot.enabled = false (custom)
2019-09-25 12:06:31,143 [pool-605-thread-1] INFO  impl.RaftServerImpl (ServerState.java:<init>(103)) - 4265dd55-646c-4571-a7aa-5a5e7479765c@group-05686909FD22: ConfigurationManager, init=-1: [4265dd55-646c-4571-a7aa-5a5e7479765c:192.168.151.73:40282], old=null, confs=<EMPTY_MAP>
2019-09-25 12:06:31,143 [pool-605-thread-1] INFO  server.RaftServerConfigKeys (ConfUtils.java:logGet(43)) - raft.server.storage.dir = [/workdir/hadoop-ozone/integration-test/target/test-dir/MiniOzoneClusterImpl-587876f3-3d98-4cc8-9a43-bf4d205d7dbe/datanode-2/data/ratis] (custom)
2019-09-25 12:06:31,143 [pool-605-thread-1] INFO  storage.RaftStorageDirectory (RaftStorageDirectory.java:analyzeStorage(246)) - The storage directory /workdir/hadoop-ozone/integration-test/target/test-dir/MiniOzoneClusterImpl-587876f3-3d98-4cc8-9a43-bf4d205d7dbe/datanode-2/data/ratis/5eb04cdd-a454-4a61-9d7b-05686909fd22 does not exist. Creating ...
2019-09-25 12:06:31,157 [pool-605-thread-1] INFO  storage.RaftStorageDirectory (RaftStorageDirectory.java:tryLock(328)) - Lock on /workdir/hadoop-ozone/integration-test/target/test-dir/MiniOzoneClusterImpl-587876f3-3d98-4cc8-9a43-bf4d205d7dbe/datanode-2/data/ratis/5eb04cdd-a454-4a61-9d7b-05686909fd22/in_use.lock acquired by nodename 24979@pr-hdds-1569-shd4m-3693607622
2019-09-25 12:06:31,169 [pool-605-thread-1] INFO  storage.RaftStorage (RaftStorage.java:format(72)) - Storage directory /workdir/hadoop-ozone/integration-test/target/test-dir/MiniOzoneClusterImpl-587876f3-3d98-4cc8-9a43-bf4d205d7dbe/datanode-2/data/ratis/5eb04cdd-a454-4a61-9d7b-05686909fd22 has been successfully formatted.
2019-09-25 12:06:31,170 [pool-605-thread-1] INFO  ratis.ContainerStateMachine (ContainerStateMachine.java:loadSnapshot(230)) - group-05686909FD22: The snapshot info is null. Setting the last applied indexto:(t:0, i:~)
2019-09-25 12:06:31,170 [pool-605-thread-1] INFO  server.RaftServerConfigKeys (ConfUtils.java:logGet(43)) - raft.server.notification.no-leader.timeout = 120s (custom)
2019-09-25 12:06:31,170 [pool-605-thread-1] INFO  server.RaftServerConfigKeys (ConfUtils.java:logGet(43)) - raft.server.log.use.memory = false (default)
2019-09-25 12:06:31,170 [pool-605-thread-1] INFO  server.RaftServerConfigKeys (ConfUtils.java:logGet(43)) - raft.server.log.purge.gap = 1000000 (custom)
2019-09-25 12:06:31,170 [pool-605-thread-1] INFO  server.RaftServerConfigKeys (ConfUtils.java:logGet(43)) - raft.server.log.appender.buffer.byte-limit = 33554432 (custom)
2019-09-25 12:06:31,170 [pool-605-thread-1] INFO  server.RaftServerConfigKeys (ConfUtils.java:logGet(43)) - raft.server.log.segment.size.max = 1048576 (custom)
2019-09-25 12:06:31,171 [pool-605-thread-1] INFO  server.RaftServerConfigKeys (ConfUtils.java:logGet(43)) - raft.server.log.segment.cache.num.max = 2 (custom)
2019-09-25 12:06:31,171 [pool-605-thread-1] INFO  segmented.SegmentedRaftLogWorker (SegmentedRaftLogWorker.java:<init>(172)) - new 4265dd55-646c-4571-a7aa-5a5e7479765c@group-05686909FD22-SegmentedRaftLogWorker for RaftStorage:Storage Directory /workdir/hadoop-ozone/integration-test/target/test-dir/MiniOzoneClusterImpl-587876f3-3d98-4cc8-9a43-bf4d205d7dbe/datanode-2/data/ratis/5eb04cdd-a454-4a61-9d7b-05686909fd22
2019-09-25 12:06:31,171 [pool-605-thread-1] INFO  server.RaftServerConfigKeys (ConfUtils.java:logGet(43)) - raft.server.log.queue.byte-limit = 2147483647 (custom)
2019-09-25 12:06:31,171 [pool-605-thread-1] INFO  server.RaftServerConfigKeys (ConfUtils.java:logGet(43)) - raft.server.log.queue.element-limit = 1024 (custom)
2019-09-25 12:06:31,171 [pool-605-thread-1] INFO  server.RaftServerConfigKeys (ConfUtils.java:logGet(43)) - raft.server.log.segment.size.max = 1048576 (custom)
2019-09-25 12:06:31,171 [pool-605-thread-1] INFO  server.RaftServerConfigKeys (ConfUtils.java:logGet(43)) - raft.server.log.preallocated.size = 16384 (custom)
2019-09-25 12:06:31,172 [pool-605-thread-1] INFO  server.RaftServerConfigKeys (ConfUtils.java:logGet(43)) - raft.server.log.write.buffer.size = 33554432 (custom)
2019-09-25 12:06:31,172 [pool-605-thread-1] INFO  server.RaftServerConfigKeys (ConfUtils.java:logGet(43)) - raft.server.log.force.sync.num = 128 (default)
2019-09-25 12:06:31,172 [pool-605-thread-1] INFO  server.RaftServerConfigKeys (ConfUtils.java:logGet(43)) - raft.server.log.statemachine.data.sync = true (default)
2019-09-25 12:06:31,172 [pool-605-thread-1] INFO  server.RaftServerConfigKeys (ConfUtils.java:logGet(43)) - raft.server.log.statemachine.data.sync.timeout = 10s (default)
2019-09-25 12:06:31,172 [pool-605-thread-1] INFO  server.RaftServerConfigKeys (ConfUtils.java:logGet(43)) - raft.server.log.statemachine.data.sync.timeout.retry = -1 (default)
2019-09-25 12:06:31,172 [pool-605-thread-1] INFO  server.RaftServerConfigKeys (ConfUtils.java:logGet(43)) - raft.server.log.statemachine.data.caching.enabled = true (custom)
2019-09-25 12:06:31,172 [pool-605-thread-1] INFO  segmented.SegmentedRaftLogWorker (SegmentedRaftLogWorker.java:lambda$new$0(132)) - 4265dd55-646c-4571-a7aa-5a5e7479765c@group-05686909FD22-SegmentedRaftLogWorker: flushIndex: setUnconditionally 0 -> -1
2019-09-25 12:06:31,173 [pool-605-thread-1] INFO  server.RaftServerConfigKeys (ConfUtils.java:logGet(43)) - raft.server.snapshot.auto.trigger.enabled = true (custom)
2019-09-25 12:06:31,173 [pool-605-thread-1] INFO  server.RaftServerConfigKeys (ConfUtils.java:logGet(43)) - raft.server.snapshot.auto.trigger.threshold = 10000 (custom)
2019-09-25 12:06:31,173 [pool-605-thread-1] INFO  server.RaftServerConfigKeys (ConfUtils.java:logGet(43)) - raft.server.snapshot.retention.num.files = 5 (custom)
2019-09-25 12:06:31,173 [pool-605-thread-1] INFO  server.RaftServerConfigKeys (ConfUtils.java:logGet(43)) - raft.server.retrycache.expirytime = 600000ms (custom)
2019-09-25 12:06:31,175 [pool-605-thread-1] INFO  impl.RaftServerImpl (RaftServerImpl.java:start(185)) - 4265dd55-646c-4571-a7aa-5a5e7479765c@group-05686909FD22: start as a follower, conf=-1: [4265dd55-646c-4571-a7aa-5a5e7479765c:192.168.151.73:40282], old=null
2019-09-25 12:06:31,175 [pool-605-thread-1] INFO  impl.RaftServerImpl (RaftServerImpl.java:setRole(174)) - 4265dd55-646c-4571-a7aa-5a5e7479765c@group-05686909FD22: changes role from      null to FOLLOWER at term 0 for startAsFollower
2019-09-25 12:06:31,176 [pool-605-thread-1] INFO  impl.RoleInfo (RoleInfo.java:updateAndGet(143)) - 4265dd55-646c-4571-a7aa-5a5e7479765c: start FollowerState
2019-09-25 12:06:31,176 [pool-605-thread-1] INFO  util.JmxRegister (JmxRegister.java:tryRegister(44)) - Successfully registered JMX Bean with object name Ratis:service=RaftServer,group=group-05686909FD22,id=4265dd55-646c-4571-a7aa-5a5e7479765c
2019-09-25 12:06:31,178 [RatisPipelineUtilsThread] INFO  pipeline.PipelineStateManager (PipelineStateManager.java:addPipeline(56)) - Created pipeline Pipeline[ Id: 5eb04cdd-a454-4a61-9d7b-05686909fd22, Nodes: 4265dd55-646c-4571-a7aa-5a5e7479765c{ip: 192.168.151.73, host: pr-hdds-1569-shd4m-3693607622, networkLocation: /default-rack, certSerialId: null}, Type:RATIS, Factor:ONE, State:OPEN]
2019-09-25 12:06:31,178 [RatisPipelineUtilsThread] INFO  pipeline.PipelinePlacementPolicy (PipelinePlacementPolicy.java:meetCriteria(91)) - Pipeline Placement: can't place more pipeline on heavy datanode： f6c16d16-afc4-4153-950f-27a1e09b0667 Heaviness: 6 limit: 5
2019-09-25 12:06:31,179 [RatisPipelineUtilsThread] INFO  pipeline.PipelinePlacementPolicy (PipelinePlacementPolicy.java:meetCriteria(91)) - Pipeline Placement: can't place more pipeline on heavy datanode： b31e81a4-9d51-4c30-935b-af8637f1730a Heaviness: 6 limit: 5
2019-09-25 12:06:31,182 [grpc-default-executor-1] INFO  impl.RaftServerProxy (RaftServerProxy.java:addNew(89)) - 4265dd55-646c-4571-a7aa-5a5e7479765c: addNew group-F8909BBD39E1:[4265dd55-646c-4571-a7aa-5a5e7479765c:192.168.151.73:40282] returns group-F8909BBD39E1:java.util.concurrent.CompletableFuture@10a37b1[Not completed]
2019-09-25 12:06:31,183 [pool-605-thread-1] INFO  impl.RaftServerImpl (RaftServerImpl.java:<init>(95)) - 4265dd55-646c-4571-a7aa-5a5e7479765c: new RaftServerImpl for group-F8909BBD39E1:[4265dd55-646c-4571-a7aa-5a5e7479765c:192.168.151.73:40282] with ContainerStateMachine:uninitialized
2019-09-25 12:06:31,183 [pool-605-thread-1] INFO  server.RaftServerConfigKeys (ConfUtils.java:logGet(43)) - raft.server.rpc.timeout.min = 5s (custom)
2019-09-25 12:06:31,183 [pool-605-thread-1] INFO  server.RaftServerConfigKeys (ConfUtils.java:logGet(43)) - raft.server.rpc.timeout.max = 5200ms (custom)
2019-09-25 12:06:31,183 [pool-605-thread-1] INFO  server.RaftServerConfigKeys (ConfUtils.java:logGet(43)) - raft.server.rpcslowness.timeout = 120s (custom)
2019-09-25 12:06:31,183 [pool-605-thread-1] INFO  server.RaftServerConfigKeys (ConfUtils.java:logGet(43)) - raft.server.sleep.deviation.threshold = 300 (default)
2019-09-25 12:06:31,183 [pool-605-thread-1] INFO  server.RaftServerConfigKeys (ConfUtils.java:logGet(43)) - raft.server.log.appender.install.snapshot.enabled = false (custom)
2019-09-25 12:06:31,183 [pool-605-thread-1] INFO  impl.RaftServerImpl (ServerState.java:<init>(103)) - 4265dd55-646c-4571-a7aa-5a5e7479765c@group-F8909BBD39E1: ConfigurationManager, init=-1: [4265dd55-646c-4571-a7aa-5a5e7479765c:192.168.151.73:40282], old=null, confs=<EMPTY_MAP>
2019-09-25 12:06:31,184 [pool-605-thread-1] INFO  server.RaftServerConfigKeys (ConfUtils.java:logGet(43)) - raft.server.storage.dir = [/workdir/hadoop-ozone/integration-test/target/test-dir/MiniOzoneClusterImpl-587876f3-3d98-4cc8-9a43-bf4d205d7dbe/datanode-2/data/ratis] (custom)
2019-09-25 12:06:31,184 [pool-605-thread-1] INFO  storage.RaftStorageDirectory (RaftStorageDirectory.java:analyzeStorage(246)) - The storage directory /workdir/hadoop-ozone/integration-test/target/test-dir/MiniOzoneClusterImpl-587876f3-3d98-4cc8-9a43-bf4d205d7dbe/datanode-2/data/ratis/53b7a6ba-2ee8-4b57-b236-f8909bbd39e1 does not exist. Creating ...
2019-09-25 12:06:31,196 [pool-605-thread-1] INFO  storage.RaftStorageDirectory (RaftStorageDirectory.java:tryLock(328)) - Lock on /workdir/hadoop-ozone/integration-test/target/test-dir/MiniOzoneClusterImpl-587876f3-3d98-4cc8-9a43-bf4d205d7dbe/datanode-2/data/ratis/53b7a6ba-2ee8-4b57-b236-f8909bbd39e1/in_use.lock acquired by nodename 24979@pr-hdds-1569-shd4m-3693607622
2019-09-25 12:06:31,209 [pool-605-thread-1] INFO  storage.RaftStorage (RaftStorage.java:format(72)) - Storage directory /workdir/hadoop-ozone/integration-test/target/test-dir/MiniOzoneClusterImpl-587876f3-3d98-4cc8-9a43-bf4d205d7dbe/datanode-2/data/ratis/53b7a6ba-2ee8-4b57-b236-f8909bbd39e1 has been successfully formatted.
2019-09-25 12:06:31,209 [pool-605-thread-1] INFO  ratis.ContainerStateMachine (ContainerStateMachine.java:loadSnapshot(230)) - group-F8909BBD39E1: The snapshot info is null. Setting the last applied indexto:(t:0, i:~)
2019-09-25 12:06:31,210 [pool-605-thread-1] INFO  server.RaftServerConfigKeys (ConfUtils.java:logGet(43)) - raft.server.notification.no-leader.timeout = 120s (custom)
2019-09-25 12:06:31,210 [pool-605-thread-1] INFO  server.RaftServerConfigKeys (ConfUtils.java:logGet(43)) - raft.server.log.use.memory = false (default)
2019-09-25 12:06:31,210 [pool-605-thread-1] INFO  server.RaftServerConfigKeys (ConfUtils.java:logGet(43)) - raft.server.log.purge.gap = 1000000 (custom)
2019-09-25 12:06:31,210 [pool-605-thread-1] INFO  server.RaftServerConfigKeys (ConfUtils.java:logGet(43)) - raft.server.log.appender.buffer.byte-limit = 33554432 (custom)
2019-09-25 12:06:31,210 [pool-605-thread-1] INFO  server.RaftServerConfigKeys (ConfUtils.java:logGet(43)) - raft.server.log.segment.size.max = 1048576 (custom)
2019-09-25 12:06:31,210 [pool-605-thread-1] INFO  server.RaftServerConfigKeys (ConfUtils.java:logGet(43)) - raft.server.log.segment.cache.num.max = 2 (custom)
2019-09-25 12:06:31,210 [pool-605-thread-1] INFO  segmented.SegmentedRaftLogWorker (SegmentedRaftLogWorker.java:<init>(172)) - new 4265dd55-646c-4571-a7aa-5a5e7479765c@group-F8909BBD39E1-SegmentedRaftLogWorker for RaftStorage:Storage Directory /workdir/hadoop-ozone/integration-test/target/test-dir/MiniOzoneClusterImpl-587876f3-3d98-4cc8-9a43-bf4d205d7dbe/datanode-2/data/ratis/53b7a6ba-2ee8-4b57-b236-f8909bbd39e1
2019-09-25 12:06:31,211 [pool-605-thread-1] INFO  server.RaftServerConfigKeys (ConfUtils.java:logGet(43)) - raft.server.log.queue.byte-limit = 2147483647 (custom)
2019-09-25 12:06:31,211 [pool-605-thread-1] INFO  server.RaftServerConfigKeys (ConfUtils.java:logGet(43)) - raft.server.log.queue.element-limit = 1024 (custom)
2019-09-25 12:06:31,211 [pool-605-thread-1] INFO  server.RaftServerConfigKeys (ConfUtils.java:logGet(43)) - raft.server.log.segment.size.max = 1048576 (custom)
2019-09-25 12:06:31,211 [pool-605-thread-1] INFO  server.RaftServerConfigKeys (ConfUtils.java:logGet(43)) - raft.server.log.preallocated.size = 16384 (custom)
2019-09-25 12:06:31,211 [pool-605-thread-1] INFO  server.RaftServerConfigKeys (ConfUtils.java:logGet(43)) - raft.server.log.write.buffer.size = 33554432 (custom)
2019-09-25 12:06:31,211 [pool-605-thread-1] INFO  server.RaftServerConfigKeys (ConfUtils.java:logGet(43)) - raft.server.log.force.sync.num = 128 (default)
2019-09-25 12:06:31,211 [pool-605-thread-1] INFO  server.RaftServerConfigKeys (ConfUtils.java:logGet(43)) - raft.server.log.statemachine.data.sync = true (default)
2019-09-25 12:06:31,212 [pool-605-thread-1] INFO  server.RaftServerConfigKeys (ConfUtils.java:logGet(43)) - raft.server.log.statemachine.data.sync.timeout = 10s (default)
2019-09-25 12:06:31,212 [pool-605-thread-1] INFO  server.RaftServerConfigKeys (ConfUtils.java:logGet(43)) - raft.server.log.statemachine.data.sync.timeout.retry = -1 (default)
2019-09-25 12:06:31,212 [pool-605-thread-1] INFO  server.RaftServerConfigKeys (ConfUtils.java:logGet(43)) - raft.server.log.statemachine.data.caching.enabled = true (custom)
2019-09-25 12:06:31,212 [pool-605-thread-1] INFO  segmented.SegmentedRaftLogWorker (SegmentedRaftLogWorker.java:lambda$new$0(132)) - 4265dd55-646c-4571-a7aa-5a5e7479765c@group-F8909BBD39E1-SegmentedRaftLogWorker: flushIndex: setUnconditionally 0 -> -1
2019-09-25 12:06:31,213 [pool-605-thread-1] INFO  server.RaftServerConfigKeys (ConfUtils.java:logGet(43)) - raft.server.snapshot.auto.trigger.enabled = true (custom)
2019-09-25 12:06:31,213 [pool-605-thread-1] INFO  server.RaftServerConfigKeys (ConfUtils.java:logGet(43)) - raft.server.snapshot.auto.trigger.threshold = 10000 (custom)
2019-09-25 12:06:31,213 [pool-605-thread-1] INFO  server.RaftServerConfigKeys (ConfUtils.java:logGet(43)) - raft.server.snapshot.retention.num.files = 5 (custom)
2019-09-25 12:06:31,213 [pool-605-thread-1] INFO  server.RaftServerConfigKeys (ConfUtils.java:logGet(43)) - raft.server.retrycache.expirytime = 600000ms (custom)
2019-09-25 12:06:31,215 [pool-605-thread-1] INFO  impl.RaftServerImpl (RaftServerImpl.java:start(185)) - 4265dd55-646c-4571-a7aa-5a5e7479765c@group-F8909BBD39E1: start as a follower, conf=-1: [4265dd55-646c-4571-a7aa-5a5e7479765c:192.168.151.73:40282], old=null
2019-09-25 12:06:31,215 [pool-605-thread-1] INFO  impl.RaftServerImpl (RaftServerImpl.java:setRole(174)) - 4265dd55-646c-4571-a7aa-5a5e7479765c@group-F8909BBD39E1: changes role from      null to FOLLOWER at term 0 for startAsFollower
2019-09-25 12:06:31,215 [pool-605-thread-1] INFO  impl.RoleInfo (RoleInfo.java:updateAndGet(143)) - 4265dd55-646c-4571-a7aa-5a5e7479765c: start FollowerState
2019-09-25 12:06:31,215 [pool-605-thread-1] INFO  util.JmxRegister (JmxRegister.java:tryRegister(44)) - Successfully registered JMX Bean with object name Ratis:service=RaftServer,group=group-F8909BBD39E1,id=4265dd55-646c-4571-a7aa-5a5e7479765c
2019-09-25 12:06:31,217 [RatisPipelineUtilsThread] INFO  pipeline.PipelineStateManager (PipelineStateManager.java:addPipeline(56)) - Created pipeline Pipeline[ Id: 53b7a6ba-2ee8-4b57-b236-f8909bbd39e1, Nodes: 4265dd55-646c-4571-a7aa-5a5e7479765c{ip: 192.168.151.73, host: pr-hdds-1569-shd4m-3693607622, networkLocation: /default-rack, certSerialId: null}, Type:RATIS, Factor:ONE, State:OPEN]
2019-09-25 12:06:31,218 [RatisPipelineUtilsThread] INFO  pipeline.PipelinePlacementPolicy (PipelinePlacementPolicy.java:meetCriteria(91)) - Pipeline Placement: can't place more pipeline on heavy datanode： f6c16d16-afc4-4153-950f-27a1e09b0667 Heaviness: 6 limit: 5
2019-09-25 12:06:31,218 [RatisPipelineUtilsThread] INFO  pipeline.PipelinePlacementPolicy (PipelinePlacementPolicy.java:meetCriteria(91)) - Pipeline Placement: can't place more pipeline on heavy datanode： b31e81a4-9d51-4c30-935b-af8637f1730a Heaviness: 6 limit: 5
2019-09-25 12:06:31,222 [grpc-default-executor-1] INFO  impl.RaftServerProxy (RaftServerProxy.java:addNew(89)) - 27e0b7c9-1b57-4073-b643-4210ac739ea7: addNew group-FA8A0977EC2F:[27e0b7c9-1b57-4073-b643-4210ac739ea7:192.168.151.73:38945] returns group-FA8A0977EC2F:java.util.concurrent.CompletableFuture@21f0e66b[Not completed]
2019-09-25 12:06:31,222 [pool-625-thread-1] INFO  impl.RaftServerImpl (RaftServerImpl.java:<init>(95)) - 27e0b7c9-1b57-4073-b643-4210ac739ea7: new RaftServerImpl for group-FA8A0977EC2F:[27e0b7c9-1b57-4073-b643-4210ac739ea7:192.168.151.73:38945] with ContainerStateMachine:uninitialized
2019-09-25 12:06:31,223 [pool-625-thread-1] INFO  server.RaftServerConfigKeys (ConfUtils.java:logGet(43)) - raft.server.rpc.timeout.min = 5s (custom)
2019-09-25 12:06:31,223 [pool-625-thread-1] INFO  server.RaftServerConfigKeys (ConfUtils.java:logGet(43)) - raft.server.rpc.timeout.max = 5200ms (custom)
2019-09-25 12:06:31,223 [pool-625-thread-1] INFO  server.RaftServerConfigKeys (ConfUtils.java:logGet(43)) - raft.server.rpcslowness.timeout = 120s (custom)
2019-09-25 12:06:31,223 [pool-625-thread-1] INFO  server.RaftServerConfigKeys (ConfUtils.java:logGet(43)) - raft.server.sleep.deviation.threshold = 300 (default)
2019-09-25 12:06:31,223 [pool-625-thread-1] INFO  server.RaftServerConfigKeys (ConfUtils.java:logGet(43)) - raft.server.log.appender.install.snapshot.enabled = false (custom)
2019-09-25 12:06:31,223 [pool-625-thread-1] INFO  impl.RaftServerImpl (ServerState.java:<init>(103)) - 27e0b7c9-1b57-4073-b643-4210ac739ea7@group-FA8A0977EC2F: ConfigurationManager, init=-1: [27e0b7c9-1b57-4073-b643-4210ac739ea7:192.168.151.73:38945], old=null, confs=<EMPTY_MAP>
2019-09-25 12:06:31,223 [pool-625-thread-1] INFO  server.RaftServerConfigKeys (ConfUtils.java:logGet(43)) - raft.server.storage.dir = [/workdir/hadoop-ozone/integration-test/target/test-dir/MiniOzoneClusterImpl-587876f3-3d98-4cc8-9a43-bf4d205d7dbe/datanode-4/data/ratis] (custom)
2019-09-25 12:06:31,224 [pool-625-thread-1] INFO  storage.RaftStorageDirectory (RaftStorageDirectory.java:analyzeStorage(246)) - The storage directory /workdir/hadoop-ozone/integration-test/target/test-dir/MiniOzoneClusterImpl-587876f3-3d98-4cc8-9a43-bf4d205d7dbe/datanode-4/data/ratis/02db25e6-bcd9-438f-92b4-fa8a0977ec2f does not exist. Creating ...
2019-09-25 12:06:31,238 [pool-625-thread-1] INFO  storage.RaftStorageDirectory (RaftStorageDirectory.java:tryLock(328)) - Lock on /workdir/hadoop-ozone/integration-test/target/test-dir/MiniOzoneClusterImpl-587876f3-3d98-4cc8-9a43-bf4d205d7dbe/datanode-4/data/ratis/02db25e6-bcd9-438f-92b4-fa8a0977ec2f/in_use.lock acquired by nodename 24979@pr-hdds-1569-shd4m-3693607622
2019-09-25 12:06:31,241 [pool-625-thread-1] INFO  storage.RaftStorage (RaftStorage.java:format(72)) - Storage directory /workdir/hadoop-ozone/integration-test/target/test-dir/MiniOzoneClusterImpl-587876f3-3d98-4cc8-9a43-bf4d205d7dbe/datanode-4/data/ratis/02db25e6-bcd9-438f-92b4-fa8a0977ec2f has been successfully formatted.
2019-09-25 12:06:31,242 [pool-625-thread-1] INFO  ratis.ContainerStateMachine (ContainerStateMachine.java:loadSnapshot(230)) - group-FA8A0977EC2F: The snapshot info is null. Setting the last applied indexto:(t:0, i:~)
2019-09-25 12:06:31,242 [pool-625-thread-1] INFO  server.RaftServerConfigKeys (ConfUtils.java:logGet(43)) - raft.server.notification.no-leader.timeout = 120s (custom)
2019-09-25 12:06:31,242 [pool-625-thread-1] INFO  server.RaftServerConfigKeys (ConfUtils.java:logGet(43)) - raft.server.log.use.memory = false (default)
2019-09-25 12:06:31,242 [pool-625-thread-1] INFO  server.RaftServerConfigKeys (ConfUtils.java:logGet(43)) - raft.server.log.purge.gap = 1000000 (custom)
2019-09-25 12:06:31,242 [pool-625-thread-1] INFO  server.RaftServerConfigKeys (ConfUtils.java:logGet(43)) - raft.server.log.appender.buffer.byte-limit = 33554432 (custom)
2019-09-25 12:06:31,242 [pool-625-thread-1] INFO  server.RaftServerConfigKeys (ConfUtils.java:logGet(43)) - raft.server.log.segment.size.max = 1048576 (custom)
2019-09-25 12:06:31,243 [pool-625-thread-1] INFO  server.RaftServerConfigKeys (ConfUtils.java:logGet(43)) - raft.server.log.segment.cache.num.max = 2 (custom)
2019-09-25 12:06:31,243 [pool-625-thread-1] INFO  segmented.SegmentedRaftLogWorker (SegmentedRaftLogWorker.java:<init>(172)) - new 27e0b7c9-1b57-4073-b643-4210ac739ea7@group-FA8A0977EC2F-SegmentedRaftLogWorker for RaftStorage:Storage Directory /workdir/hadoop-ozone/integration-test/target/test-dir/MiniOzoneClusterImpl-587876f3-3d98-4cc8-9a43-bf4d205d7dbe/datanode-4/data/ratis/02db25e6-bcd9-438f-92b4-fa8a0977ec2f
2019-09-25 12:06:31,243 [pool-625-thread-1] INFO  server.RaftServerConfigKeys (ConfUtils.java:logGet(43)) - raft.server.log.queue.byte-limit = 2147483647 (custom)
2019-09-25 12:06:31,243 [pool-625-thread-1] INFO  server.RaftServerConfigKeys (ConfUtils.java:logGet(43)) - raft.server.log.queue.element-limit = 1024 (custom)
2019-09-25 12:06:31,243 [pool-625-thread-1] INFO  server.RaftServerConfigKeys (ConfUtils.java:logGet(43)) - raft.server.log.segment.size.max = 1048576 (custom)
2019-09-25 12:06:31,243 [pool-625-thread-1] INFO  server.RaftServerConfigKeys (ConfUtils.java:logGet(43)) - raft.server.log.preallocated.size = 16384 (custom)
2019-09-25 12:06:31,243 [pool-625-thread-1] INFO  server.RaftServerConfigKeys (ConfUtils.java:logGet(43)) - raft.server.log.write.buffer.size = 33554432 (custom)
2019-09-25 12:06:31,244 [pool-625-thread-1] INFO  server.RaftServerConfigKeys (ConfUtils.java:logGet(43)) - raft.server.log.force.sync.num = 128 (default)
2019-09-25 12:06:31,244 [pool-625-thread-1] INFO  server.RaftServerConfigKeys (ConfUtils.java:logGet(43)) - raft.server.log.statemachine.data.sync = true (default)
2019-09-25 12:06:31,244 [pool-625-thread-1] INFO  server.RaftServerConfigKeys (ConfUtils.java:logGet(43)) - raft.server.log.statemachine.data.sync.timeout = 10s (default)
2019-09-25 12:06:31,244 [pool-625-thread-1] INFO  server.RaftServerConfigKeys (ConfUtils.java:logGet(43)) - raft.server.log.statemachine.data.sync.timeout.retry = -1 (default)
2019-09-25 12:06:31,244 [pool-625-thread-1] INFO  server.RaftServerConfigKeys (ConfUtils.java:logGet(43)) - raft.server.log.statemachine.data.caching.enabled = true (custom)
2019-09-25 12:06:31,245 [pool-625-thread-1] INFO  segmented.SegmentedRaftLogWorker (SegmentedRaftLogWorker.java:lambda$new$0(132)) - 27e0b7c9-1b57-4073-b643-4210ac739ea7@group-FA8A0977EC2F-SegmentedRaftLogWorker: flushIndex: setUnconditionally 0 -> -1
2019-09-25 12:06:31,245 [pool-625-thread-1] INFO  server.RaftServerConfigKeys (ConfUtils.java:logGet(43)) - raft.server.snapshot.auto.trigger.enabled = true (custom)
2019-09-25 12:06:31,245 [pool-625-thread-1] INFO  server.RaftServerConfigKeys (ConfUtils.java:logGet(43)) - raft.server.snapshot.auto.trigger.threshold = 10000 (custom)
2019-09-25 12:06:31,245 [pool-625-thread-1] INFO  server.RaftServerConfigKeys (ConfUtils.java:logGet(43)) - raft.server.snapshot.retention.num.files = 5 (custom)
2019-09-25 12:06:31,245 [pool-625-thread-1] INFO  server.RaftServerConfigKeys (ConfUtils.java:logGet(43)) - raft.server.retrycache.expirytime = 600000ms (custom)
2019-09-25 12:06:31,247 [pool-625-thread-1] INFO  impl.RaftServerImpl (RaftServerImpl.java:start(185)) - 27e0b7c9-1b57-4073-b643-4210ac739ea7@group-FA8A0977EC2F: start as a follower, conf=-1: [27e0b7c9-1b57-4073-b643-4210ac739ea7:192.168.151.73:38945], old=null
2019-09-25 12:06:31,247 [pool-625-thread-1] INFO  impl.RaftServerImpl (RaftServerImpl.java:setRole(174)) - 27e0b7c9-1b57-4073-b643-4210ac739ea7@group-FA8A0977EC2F: changes role from      null to FOLLOWER at term 0 for startAsFollower
2019-09-25 12:06:31,247 [pool-625-thread-1] INFO  impl.RoleInfo (RoleInfo.java:updateAndGet(143)) - 27e0b7c9-1b57-4073-b643-4210ac739ea7: start FollowerState
2019-09-25 12:06:31,248 [pool-625-thread-1] INFO  util.JmxRegister (JmxRegister.java:tryRegister(44)) - Successfully registered JMX Bean with object name Ratis:service=RaftServer,group=group-FA8A0977EC2F,id=27e0b7c9-1b57-4073-b643-4210ac739ea7
2019-09-25 12:06:31,250 [RatisPipelineUtilsThread] INFO  pipeline.PipelineStateManager (PipelineStateManager.java:addPipeline(56)) - Created pipeline Pipeline[ Id: 02db25e6-bcd9-438f-92b4-fa8a0977ec2f, Nodes: 27e0b7c9-1b57-4073-b643-4210ac739ea7{ip: 192.168.151.73, host: pr-hdds-1569-shd4m-3693607622, networkLocation: /default-rack, certSerialId: null}, Type:RATIS, Factor:ONE, State:OPEN]
2019-09-25 12:06:31,250 [RatisPipelineUtilsThread] INFO  pipeline.PipelinePlacementPolicy (PipelinePlacementPolicy.java:meetCriteria(91)) - Pipeline Placement: can't place more pipeline on heavy datanode： f6c16d16-afc4-4153-950f-27a1e09b0667 Heaviness: 6 limit: 5
2019-09-25 12:06:31,250 [RatisPipelineUtilsThread] INFO  pipeline.PipelinePlacementPolicy (PipelinePlacementPolicy.java:meetCriteria(91)) - Pipeline Placement: can't place more pipeline on heavy datanode： b31e81a4-9d51-4c30-935b-af8637f1730a Heaviness: 6 limit: 5
2019-09-25 12:06:31,254 [grpc-default-executor-1] INFO  impl.RaftServerProxy (RaftServerProxy.java:addNew(89)) - 45cd06ff-25a2-484c-ae07-8678dc67fe17: addNew group-6B6F72F82C6A:[45cd06ff-25a2-484c-ae07-8678dc67fe17:192.168.151.73:40405] returns group-6B6F72F82C6A:java.util.concurrent.CompletableFuture@5d68b864[Not completed]
2019-09-25 12:06:31,254 [pool-615-thread-1] INFO  impl.RaftServerImpl (RaftServerImpl.java:<init>(95)) - 45cd06ff-25a2-484c-ae07-8678dc67fe17: new RaftServerImpl for group-6B6F72F82C6A:[45cd06ff-25a2-484c-ae07-8678dc67fe17:192.168.151.73:40405] with ContainerStateMachine:uninitialized
2019-09-25 12:06:31,255 [pool-615-thread-1] INFO  server.RaftServerConfigKeys (ConfUtils.java:logGet(43)) - raft.server.rpc.timeout.min = 5s (custom)
2019-09-25 12:06:31,255 [pool-615-thread-1] INFO  server.RaftServerConfigKeys (ConfUtils.java:logGet(43)) - raft.server.rpc.timeout.max = 5200ms (custom)
2019-09-25 12:06:31,255 [pool-615-thread-1] INFO  server.RaftServerConfigKeys (ConfUtils.java:logGet(43)) - raft.server.rpcslowness.timeout = 120s (custom)
2019-09-25 12:06:31,255 [pool-615-thread-1] INFO  server.RaftServerConfigKeys (ConfUtils.java:logGet(43)) - raft.server.sleep.deviation.threshold = 300 (default)
2019-09-25 12:06:31,255 [pool-615-thread-1] INFO  server.RaftServerConfigKeys (ConfUtils.java:logGet(43)) - raft.server.log.appender.install.snapshot.enabled = false (custom)
2019-09-25 12:06:31,255 [pool-615-thread-1] INFO  impl.RaftServerImpl (ServerState.java:<init>(103)) - 45cd06ff-25a2-484c-ae07-8678dc67fe17@group-6B6F72F82C6A: ConfigurationManager, init=-1: [45cd06ff-25a2-484c-ae07-8678dc67fe17:192.168.151.73:40405], old=null, confs=<EMPTY_MAP>
2019-09-25 12:06:31,255 [pool-615-thread-1] INFO  server.RaftServerConfigKeys (ConfUtils.java:logGet(43)) - raft.server.storage.dir = [/workdir/hadoop-ozone/integration-test/target/test-dir/MiniOzoneClusterImpl-587876f3-3d98-4cc8-9a43-bf4d205d7dbe/datanode-3/data/ratis] (custom)
2019-09-25 12:06:31,256 [pool-615-thread-1] INFO  storage.RaftStorageDirectory (RaftStorageDirectory.java:analyzeStorage(246)) - The storage directory /workdir/hadoop-ozone/integration-test/target/test-dir/MiniOzoneClusterImpl-587876f3-3d98-4cc8-9a43-bf4d205d7dbe/datanode-3/data/ratis/f30c314d-a53a-4838-afe0-6b6f72f82c6a does not exist. Creating ...
2019-09-25 12:06:31,260 [pool-615-thread-1] INFO  storage.RaftStorageDirectory (RaftStorageDirectory.java:tryLock(328)) - Lock on /workdir/hadoop-ozone/integration-test/target/test-dir/MiniOzoneClusterImpl-587876f3-3d98-4cc8-9a43-bf4d205d7dbe/datanode-3/data/ratis/f30c314d-a53a-4838-afe0-6b6f72f82c6a/in_use.lock acquired by nodename 24979@pr-hdds-1569-shd4m-3693607622
2019-09-25 12:06:31,263 [pool-615-thread-1] INFO  storage.RaftStorage (RaftStorage.java:format(72)) - Storage directory /workdir/hadoop-ozone/integration-test/target/test-dir/MiniOzoneClusterImpl-587876f3-3d98-4cc8-9a43-bf4d205d7dbe/datanode-3/data/ratis/f30c314d-a53a-4838-afe0-6b6f72f82c6a has been successfully formatted.
2019-09-25 12:06:31,264 [pool-615-thread-1] INFO  ratis.ContainerStateMachine (ContainerStateMachine.java:loadSnapshot(230)) - group-6B6F72F82C6A: The snapshot info is null. Setting the last applied indexto:(t:0, i:~)
2019-09-25 12:06:31,264 [pool-615-thread-1] INFO  server.RaftServerConfigKeys (ConfUtils.java:logGet(43)) - raft.server.notification.no-leader.timeout = 120s (custom)
2019-09-25 12:06:31,264 [pool-615-thread-1] INFO  server.RaftServerConfigKeys (ConfUtils.java:logGet(43)) - raft.server.log.use.memory = false (default)
2019-09-25 12:06:31,264 [pool-615-thread-1] INFO  server.RaftServerConfigKeys (ConfUtils.java:logGet(43)) - raft.server.log.purge.gap = 1000000 (custom)
2019-09-25 12:06:31,264 [pool-615-thread-1] INFO  server.RaftServerConfigKeys (ConfUtils.java:logGet(43)) - raft.server.log.appender.buffer.byte-limit = 33554432 (custom)
2019-09-25 12:06:31,264 [pool-615-thread-1] INFO  server.RaftServerConfigKeys (ConfUtils.java:logGet(43)) - raft.server.log.segment.size.max = 1048576 (custom)
2019-09-25 12:06:31,265 [pool-615-thread-1] INFO  server.RaftServerConfigKeys (ConfUtils.java:logGet(43)) - raft.server.log.segment.cache.num.max = 2 (custom)
2019-09-25 12:06:31,265 [pool-615-thread-1] INFO  segmented.SegmentedRaftLogWorker (SegmentedRaftLogWorker.java:<init>(172)) - new 45cd06ff-25a2-484c-ae07-8678dc67fe17@group-6B6F72F82C6A-SegmentedRaftLogWorker for RaftStorage:Storage Directory /workdir/hadoop-ozone/integration-test/target/test-dir/MiniOzoneClusterImpl-587876f3-3d98-4cc8-9a43-bf4d205d7dbe/datanode-3/data/ratis/f30c314d-a53a-4838-afe0-6b6f72f82c6a
2019-09-25 12:06:31,265 [pool-615-thread-1] INFO  server.RaftServerConfigKeys (ConfUtils.java:logGet(43)) - raft.server.log.queue.byte-limit = 2147483647 (custom)
2019-09-25 12:06:31,265 [pool-615-thread-1] INFO  server.RaftServerConfigKeys (ConfUtils.java:logGet(43)) - raft.server.log.queue.element-limit = 1024 (custom)
2019-09-25 12:06:31,265 [pool-615-thread-1] INFO  server.RaftServerConfigKeys (ConfUtils.java:logGet(43)) - raft.server.log.segment.size.max = 1048576 (custom)
2019-09-25 12:06:31,265 [pool-615-thread-1] INFO  server.RaftServerConfigKeys (ConfUtils.java:logGet(43)) - raft.server.log.preallocated.size = 16384 (custom)
2019-09-25 12:06:31,266 [pool-615-thread-1] INFO  server.RaftServerConfigKeys (ConfUtils.java:logGet(43)) - raft.server.log.write.buffer.size = 33554432 (custom)
2019-09-25 12:06:31,266 [pool-615-thread-1] INFO  server.RaftServerConfigKeys (ConfUtils.java:logGet(43)) - raft.server.log.force.sync.num = 128 (default)
2019-09-25 12:06:31,266 [pool-615-thread-1] INFO  server.RaftServerConfigKeys (ConfUtils.java:logGet(43)) - raft.server.log.statemachine.data.sync = true (default)
2019-09-25 12:06:31,266 [pool-615-thread-1] INFO  server.RaftServerConfigKeys (ConfUtils.java:logGet(43)) - raft.server.log.statemachine.data.sync.timeout = 10s (default)
2019-09-25 12:06:31,266 [pool-615-thread-1] INFO  server.RaftServerConfigKeys (ConfUtils.java:logGet(43)) - raft.server.log.statemachine.data.sync.timeout.retry = -1 (default)
2019-09-25 12:06:31,266 [pool-615-thread-1] INFO  server.RaftServerConfigKeys (ConfUtils.java:logGet(43)) - raft.server.log.statemachine.data.caching.enabled = true (custom)
2019-09-25 12:06:31,267 [pool-615-thread-1] INFO  segmented.SegmentedRaftLogWorker (SegmentedRaftLogWorker.java:lambda$new$0(132)) - 45cd06ff-25a2-484c-ae07-8678dc67fe17@group-6B6F72F82C6A-SegmentedRaftLogWorker: flushIndex: setUnconditionally 0 -> -1
2019-09-25 12:06:31,267 [pool-615-thread-1] INFO  server.RaftServerConfigKeys (ConfUtils.java:logGet(43)) - raft.server.snapshot.auto.trigger.enabled = true (custom)
2019-09-25 12:06:31,267 [pool-615-thread-1] INFO  server.RaftServerConfigKeys (ConfUtils.java:logGet(43)) - raft.server.snapshot.auto.trigger.threshold = 10000 (custom)
2019-09-25 12:06:31,267 [pool-615-thread-1] INFO  server.RaftServerConfigKeys (ConfUtils.java:logGet(43)) - raft.server.snapshot.retention.num.files = 5 (custom)
2019-09-25 12:06:31,268 [pool-615-thread-1] INFO  server.RaftServerConfigKeys (ConfUtils.java:logGet(43)) - raft.server.retrycache.expirytime = 600000ms (custom)
2019-09-25 12:06:31,269 [pool-615-thread-1] INFO  impl.RaftServerImpl (RaftServerImpl.java:start(185)) - 45cd06ff-25a2-484c-ae07-8678dc67fe17@group-6B6F72F82C6A: start as a follower, conf=-1: [45cd06ff-25a2-484c-ae07-8678dc67fe17:192.168.151.73:40405], old=null
2019-09-25 12:06:31,269 [pool-615-thread-1] INFO  impl.RaftServerImpl (RaftServerImpl.java:setRole(174)) - 45cd06ff-25a2-484c-ae07-8678dc67fe17@group-6B6F72F82C6A: changes role from      null to FOLLOWER at term 0 for startAsFollower
2019-09-25 12:06:31,270 [pool-615-thread-1] INFO  impl.RoleInfo (RoleInfo.java:updateAndGet(143)) - 45cd06ff-25a2-484c-ae07-8678dc67fe17: start FollowerState
2019-09-25 12:06:31,270 [pool-615-thread-1] INFO  util.JmxRegister (JmxRegister.java:tryRegister(44)) - Successfully registered JMX Bean with object name Ratis:service=RaftServer,group=group-6B6F72F82C6A,id=45cd06ff-25a2-484c-ae07-8678dc67fe17
2019-09-25 12:06:31,272 [RatisPipelineUtilsThread] INFO  pipeline.PipelineStateManager (PipelineStateManager.java:addPipeline(56)) - Created pipeline Pipeline[ Id: f30c314d-a53a-4838-afe0-6b6f72f82c6a, Nodes: 45cd06ff-25a2-484c-ae07-8678dc67fe17{ip: 192.168.151.73, host: pr-hdds-1569-shd4m-3693607622, networkLocation: /default-rack, certSerialId: null}, Type:RATIS, Factor:ONE, State:OPEN]
2019-09-25 12:06:31,272 [RatisPipelineUtilsThread] INFO  pipeline.PipelinePlacementPolicy (PipelinePlacementPolicy.java:meetCriteria(91)) - Pipeline Placement: can't place more pipeline on heavy datanode： f6c16d16-afc4-4153-950f-27a1e09b0667 Heaviness: 6 limit: 5
2019-09-25 12:06:31,272 [RatisPipelineUtilsThread] INFO  pipeline.PipelinePlacementPolicy (PipelinePlacementPolicy.java:meetCriteria(91)) - Pipeline Placement: can't place more pipeline on heavy datanode： b31e81a4-9d51-4c30-935b-af8637f1730a Heaviness: 6 limit: 5
2019-09-25 12:06:31,276 [grpc-default-executor-1] INFO  impl.RaftServerProxy (RaftServerProxy.java:addNew(89)) - d587b3c4-6743-4f9b-a5f7-0e55334fa092: addNew group-85B598E2BBA9:[d587b3c4-6743-4f9b-a5f7-0e55334fa092:192.168.151.73:33163] returns group-85B598E2BBA9:java.util.concurrent.CompletableFuture@5bf416b4[Not completed]
2019-09-25 12:06:31,277 [pool-635-thread-1] INFO  impl.RaftServerImpl (RaftServerImpl.java:<init>(95)) - d587b3c4-6743-4f9b-a5f7-0e55334fa092: new RaftServerImpl for group-85B598E2BBA9:[d587b3c4-6743-4f9b-a5f7-0e55334fa092:192.168.151.73:33163] with ContainerStateMachine:uninitialized
2019-09-25 12:06:31,277 [pool-635-thread-1] INFO  server.RaftServerConfigKeys (ConfUtils.java:logGet(43)) - raft.server.rpc.timeout.min = 5s (custom)
2019-09-25 12:06:31,277 [pool-635-thread-1] INFO  server.RaftServerConfigKeys (ConfUtils.java:logGet(43)) - raft.server.rpc.timeout.max = 5200ms (custom)
2019-09-25 12:06:31,277 [pool-635-thread-1] INFO  server.RaftServerConfigKeys (ConfUtils.java:logGet(43)) - raft.server.rpcslowness.timeout = 120s (custom)
2019-09-25 12:06:31,277 [pool-635-thread-1] INFO  server.RaftServerConfigKeys (ConfUtils.java:logGet(43)) - raft.server.sleep.deviation.threshold = 300 (default)
2019-09-25 12:06:31,277 [pool-635-thread-1] INFO  server.RaftServerConfigKeys (ConfUtils.java:logGet(43)) - raft.server.log.appender.install.snapshot.enabled = false (custom)
2019-09-25 12:06:31,277 [pool-635-thread-1] INFO  impl.RaftServerImpl (ServerState.java:<init>(103)) - d587b3c4-6743-4f9b-a5f7-0e55334fa092@group-85B598E2BBA9: ConfigurationManager, init=-1: [d587b3c4-6743-4f9b-a5f7-0e55334fa092:192.168.151.73:33163], old=null, confs=<EMPTY_MAP>
2019-09-25 12:06:31,278 [pool-635-thread-1] INFO  server.RaftServerConfigKeys (ConfUtils.java:logGet(43)) - raft.server.storage.dir = [/workdir/hadoop-ozone/integration-test/target/test-dir/MiniOzoneClusterImpl-587876f3-3d98-4cc8-9a43-bf4d205d7dbe/datanode-5/data/ratis] (custom)
2019-09-25 12:06:31,278 [pool-635-thread-1] INFO  storage.RaftStorageDirectory (RaftStorageDirectory.java:analyzeStorage(246)) - The storage directory /workdir/hadoop-ozone/integration-test/target/test-dir/MiniOzoneClusterImpl-587876f3-3d98-4cc8-9a43-bf4d205d7dbe/datanode-5/data/ratis/c70d88ab-c866-4911-b76f-85b598e2bba9 does not exist. Creating ...
2019-09-25 12:06:31,308 [pool-635-thread-1] INFO  storage.RaftStorageDirectory (RaftStorageDirectory.java:tryLock(328)) - Lock on /workdir/hadoop-ozone/integration-test/target/test-dir/MiniOzoneClusterImpl-587876f3-3d98-4cc8-9a43-bf4d205d7dbe/datanode-5/data/ratis/c70d88ab-c866-4911-b76f-85b598e2bba9/in_use.lock acquired by nodename 24979@pr-hdds-1569-shd4m-3693607622
2019-09-25 12:06:31,330 [pool-635-thread-1] INFO  storage.RaftStorage (RaftStorage.java:format(72)) - Storage directory /workdir/hadoop-ozone/integration-test/target/test-dir/MiniOzoneClusterImpl-587876f3-3d98-4cc8-9a43-bf4d205d7dbe/datanode-5/data/ratis/c70d88ab-c866-4911-b76f-85b598e2bba9 has been successfully formatted.
2019-09-25 12:06:31,331 [pool-635-thread-1] INFO  ratis.ContainerStateMachine (ContainerStateMachine.java:loadSnapshot(230)) - group-85B598E2BBA9: The snapshot info is null. Setting the last applied indexto:(t:0, i:~)
2019-09-25 12:06:31,331 [pool-635-thread-1] INFO  server.RaftServerConfigKeys (ConfUtils.java:logGet(43)) - raft.server.notification.no-leader.timeout = 120s (custom)
2019-09-25 12:06:31,331 [pool-635-thread-1] INFO  server.RaftServerConfigKeys (ConfUtils.java:logGet(43)) - raft.server.log.use.memory = false (default)
2019-09-25 12:06:31,331 [pool-635-thread-1] INFO  server.RaftServerConfigKeys (ConfUtils.java:logGet(43)) - raft.server.log.purge.gap = 1000000 (custom)
2019-09-25 12:06:31,331 [pool-635-thread-1] INFO  server.RaftServerConfigKeys (ConfUtils.java:logGet(43)) - raft.server.log.appender.buffer.byte-limit = 33554432 (custom)
2019-09-25 12:06:31,332 [pool-635-thread-1] INFO  server.RaftServerConfigKeys (ConfUtils.java:logGet(43)) - raft.server.log.segment.size.max = 1048576 (custom)
2019-09-25 12:06:31,332 [pool-635-thread-1] INFO  server.RaftServerConfigKeys (ConfUtils.java:logGet(43)) - raft.server.log.segment.cache.num.max = 2 (custom)
2019-09-25 12:06:31,332 [pool-635-thread-1] INFO  segmented.SegmentedRaftLogWorker (SegmentedRaftLogWorker.java:<init>(172)) - new d587b3c4-6743-4f9b-a5f7-0e55334fa092@group-85B598E2BBA9-SegmentedRaftLogWorker for RaftStorage:Storage Directory /workdir/hadoop-ozone/integration-test/target/test-dir/MiniOzoneClusterImpl-587876f3-3d98-4cc8-9a43-bf4d205d7dbe/datanode-5/data/ratis/c70d88ab-c866-4911-b76f-85b598e2bba9
2019-09-25 12:06:31,332 [pool-635-thread-1] INFO  server.RaftServerConfigKeys (ConfUtils.java:logGet(43)) - raft.server.log.queue.byte-limit = 2147483647 (custom)
2019-09-25 12:06:31,332 [pool-635-thread-1] INFO  server.RaftServerConfigKeys (ConfUtils.java:logGet(43)) - raft.server.log.queue.element-limit = 1024 (custom)
2019-09-25 12:06:31,332 [pool-635-thread-1] INFO  server.RaftServerConfigKeys (ConfUtils.java:logGet(43)) - raft.server.log.segment.size.max = 1048576 (custom)
2019-09-25 12:06:31,332 [pool-635-thread-1] INFO  server.RaftServerConfigKeys (ConfUtils.java:logGet(43)) - raft.server.log.preallocated.size = 16384 (custom)
2019-09-25 12:06:31,332 [pool-635-thread-1] INFO  server.RaftServerConfigKeys (ConfUtils.java:logGet(43)) - raft.server.log.write.buffer.size = 33554432 (custom)
2019-09-25 12:06:31,333 [pool-635-thread-1] INFO  server.RaftServerConfigKeys (ConfUtils.java:logGet(43)) - raft.server.log.force.sync.num = 128 (default)
2019-09-25 12:06:31,333 [pool-635-thread-1] INFO  server.RaftServerConfigKeys (ConfUtils.java:logGet(43)) - raft.server.log.statemachine.data.sync = true (default)
2019-09-25 12:06:31,333 [pool-635-thread-1] INFO  server.RaftServerConfigKeys (ConfUtils.java:logGet(43)) - raft.server.log.statemachine.data.sync.timeout = 10s (default)
2019-09-25 12:06:31,333 [pool-635-thread-1] INFO  server.RaftServerConfigKeys (ConfUtils.java:logGet(43)) - raft.server.log.statemachine.data.sync.timeout.retry = -1 (default)
2019-09-25 12:06:31,333 [pool-635-thread-1] INFO  server.RaftServerConfigKeys (ConfUtils.java:logGet(43)) - raft.server.log.statemachine.data.caching.enabled = true (custom)
2019-09-25 12:06:31,333 [pool-635-thread-1] INFO  segmented.SegmentedRaftLogWorker (SegmentedRaftLogWorker.java:lambda$new$0(132)) - d587b3c4-6743-4f9b-a5f7-0e55334fa092@group-85B598E2BBA9-SegmentedRaftLogWorker: flushIndex: setUnconditionally 0 -> -1
2019-09-25 12:06:31,334 [pool-635-thread-1] INFO  server.RaftServerConfigKeys (ConfUtils.java:logGet(43)) - raft.server.snapshot.auto.trigger.enabled = true (custom)
2019-09-25 12:06:31,334 [pool-635-thread-1] INFO  server.RaftServerConfigKeys (ConfUtils.java:logGet(43)) - raft.server.snapshot.auto.trigger.threshold = 10000 (custom)
2019-09-25 12:06:31,334 [pool-635-thread-1] INFO  server.RaftServerConfigKeys (ConfUtils.java:logGet(43)) - raft.server.snapshot.retention.num.files = 5 (custom)
2019-09-25 12:06:31,334 [pool-635-thread-1] INFO  server.RaftServerConfigKeys (ConfUtils.java:logGet(43)) - raft.server.retrycache.expirytime = 600000ms (custom)
2019-09-25 12:06:31,336 [pool-635-thread-1] INFO  impl.RaftServerImpl (RaftServerImpl.java:start(185)) - d587b3c4-6743-4f9b-a5f7-0e55334fa092@group-85B598E2BBA9: start as a follower, conf=-1: [d587b3c4-6743-4f9b-a5f7-0e55334fa092:192.168.151.73:33163], old=null
2019-09-25 12:06:31,336 [pool-635-thread-1] INFO  impl.RaftServerImpl (RaftServerImpl.java:setRole(174)) - d587b3c4-6743-4f9b-a5f7-0e55334fa092@group-85B598E2BBA9: changes role from      null to FOLLOWER at term 0 for startAsFollower
2019-09-25 12:06:31,336 [pool-635-thread-1] INFO  impl.RoleInfo (RoleInfo.java:updateAndGet(143)) - d587b3c4-6743-4f9b-a5f7-0e55334fa092: start FollowerState
2019-09-25 12:06:31,336 [pool-635-thread-1] INFO  util.JmxRegister (JmxRegister.java:tryRegister(44)) - Successfully registered JMX Bean with object name Ratis:service=RaftServer,group=group-85B598E2BBA9,id=d587b3c4-6743-4f9b-a5f7-0e55334fa092
2019-09-25 12:06:31,338 [RatisPipelineUtilsThread] INFO  pipeline.PipelineStateManager (PipelineStateManager.java:addPipeline(56)) - Created pipeline Pipeline[ Id: c70d88ab-c866-4911-b76f-85b598e2bba9, Nodes: d587b3c4-6743-4f9b-a5f7-0e55334fa092{ip: 192.168.151.73, host: pr-hdds-1569-shd4m-3693607622, networkLocation: /default-rack, certSerialId: null}, Type:RATIS, Factor:ONE, State:OPEN]
2019-09-25 12:06:31,339 [RatisPipelineUtilsThread] INFO  pipeline.PipelinePlacementPolicy (PipelinePlacementPolicy.java:meetCriteria(91)) - Pipeline Placement: can't place more pipeline on heavy datanode： f6c16d16-afc4-4153-950f-27a1e09b0667 Heaviness: 6 limit: 5
2019-09-25 12:06:31,339 [RatisPipelineUtilsThread] INFO  pipeline.PipelinePlacementPolicy (PipelinePlacementPolicy.java:meetCriteria(91)) - Pipeline Placement: can't place more pipeline on heavy datanode： b31e81a4-9d51-4c30-935b-af8637f1730a Heaviness: 6 limit: 5
2019-09-25 12:06:31,342 [grpc-default-executor-1] INFO  impl.RaftServerProxy (RaftServerProxy.java:addNew(89)) - 27e0b7c9-1b57-4073-b643-4210ac739ea7: addNew group-BB3A78E8B972:[27e0b7c9-1b57-4073-b643-4210ac739ea7:192.168.151.73:38945] returns group-BB3A78E8B972:java.util.concurrent.CompletableFuture@33b6c364[Not completed]
2019-09-25 12:06:31,343 [pool-625-thread-1] INFO  impl.RaftServerImpl (RaftServerImpl.java:<init>(95)) - 27e0b7c9-1b57-4073-b643-4210ac739ea7: new RaftServerImpl for group-BB3A78E8B972:[27e0b7c9-1b57-4073-b643-4210ac739ea7:192.168.151.73:38945] with ContainerStateMachine:uninitialized
2019-09-25 12:06:31,343 [pool-625-thread-1] INFO  server.RaftServerConfigKeys (ConfUtils.java:logGet(43)) - raft.server.rpc.timeout.min = 5s (custom)
2019-09-25 12:06:31,343 [pool-625-thread-1] INFO  server.RaftServerConfigKeys (ConfUtils.java:logGet(43)) - raft.server.rpc.timeout.max = 5200ms (custom)
2019-09-25 12:06:31,344 [pool-625-thread-1] INFO  server.RaftServerConfigKeys (ConfUtils.java:logGet(43)) - raft.server.rpcslowness.timeout = 120s (custom)
2019-09-25 12:06:31,344 [pool-625-thread-1] INFO  server.RaftServerConfigKeys (ConfUtils.java:logGet(43)) - raft.server.sleep.deviation.threshold = 300 (default)
2019-09-25 12:06:31,344 [pool-625-thread-1] INFO  server.RaftServerConfigKeys (ConfUtils.java:logGet(43)) - raft.server.log.appender.install.snapshot.enabled = false (custom)
2019-09-25 12:06:31,344 [pool-625-thread-1] INFO  impl.RaftServerImpl (ServerState.java:<init>(103)) - 27e0b7c9-1b57-4073-b643-4210ac739ea7@group-BB3A78E8B972: ConfigurationManager, init=-1: [27e0b7c9-1b57-4073-b643-4210ac739ea7:192.168.151.73:38945], old=null, confs=<EMPTY_MAP>
2019-09-25 12:06:31,344 [pool-625-thread-1] INFO  server.RaftServerConfigKeys (ConfUtils.java:logGet(43)) - raft.server.storage.dir = [/workdir/hadoop-ozone/integration-test/target/test-dir/MiniOzoneClusterImpl-587876f3-3d98-4cc8-9a43-bf4d205d7dbe/datanode-4/data/ratis] (custom)
2019-09-25 12:06:31,345 [pool-625-thread-1] INFO  storage.RaftStorageDirectory (RaftStorageDirectory.java:analyzeStorage(246)) - The storage directory /workdir/hadoop-ozone/integration-test/target/test-dir/MiniOzoneClusterImpl-587876f3-3d98-4cc8-9a43-bf4d205d7dbe/datanode-4/data/ratis/8b153e20-cfc7-4925-ad65-bb3a78e8b972 does not exist. Creating ...
2019-09-25 12:06:31,357 [pool-625-thread-1] INFO  storage.RaftStorageDirectory (RaftStorageDirectory.java:tryLock(328)) - Lock on /workdir/hadoop-ozone/integration-test/target/test-dir/MiniOzoneClusterImpl-587876f3-3d98-4cc8-9a43-bf4d205d7dbe/datanode-4/data/ratis/8b153e20-cfc7-4925-ad65-bb3a78e8b972/in_use.lock acquired by nodename 24979@pr-hdds-1569-shd4m-3693607622
2019-09-25 12:06:31,370 [pool-625-thread-1] INFO  storage.RaftStorage (RaftStorage.java:format(72)) - Storage directory /workdir/hadoop-ozone/integration-test/target/test-dir/MiniOzoneClusterImpl-587876f3-3d98-4cc8-9a43-bf4d205d7dbe/datanode-4/data/ratis/8b153e20-cfc7-4925-ad65-bb3a78e8b972 has been successfully formatted.
2019-09-25 12:06:31,371 [pool-625-thread-1] INFO  ratis.ContainerStateMachine (ContainerStateMachine.java:loadSnapshot(230)) - group-BB3A78E8B972: The snapshot info is null. Setting the last applied indexto:(t:0, i:~)
2019-09-25 12:06:31,371 [pool-625-thread-1] INFO  server.RaftServerConfigKeys (ConfUtils.java:logGet(43)) - raft.server.notification.no-leader.timeout = 120s (custom)
2019-09-25 12:06:31,371 [pool-625-thread-1] INFO  server.RaftServerConfigKeys (ConfUtils.java:logGet(43)) - raft.server.log.use.memory = false (default)
2019-09-25 12:06:31,371 [pool-625-thread-1] INFO  server.RaftServerConfigKeys (ConfUtils.java:logGet(43)) - raft.server.log.purge.gap = 1000000 (custom)
2019-09-25 12:06:31,371 [pool-625-thread-1] INFO  server.RaftServerConfigKeys (ConfUtils.java:logGet(43)) - raft.server.log.appender.buffer.byte-limit = 33554432 (custom)
2019-09-25 12:06:31,371 [pool-625-thread-1] INFO  server.RaftServerConfigKeys (ConfUtils.java:logGet(43)) - raft.server.log.segment.size.max = 1048576 (custom)
2019-09-25 12:06:31,372 [pool-625-thread-1] INFO  server.RaftServerConfigKeys (ConfUtils.java:logGet(43)) - raft.server.log.segment.cache.num.max = 2 (custom)
2019-09-25 12:06:31,372 [pool-625-thread-1] INFO  segmented.SegmentedRaftLogWorker (SegmentedRaftLogWorker.java:<init>(172)) - new 27e0b7c9-1b57-4073-b643-4210ac739ea7@group-BB3A78E8B972-SegmentedRaftLogWorker for RaftStorage:Storage Directory /workdir/hadoop-ozone/integration-test/target/test-dir/MiniOzoneClusterImpl-587876f3-3d98-4cc8-9a43-bf4d205d7dbe/datanode-4/data/ratis/8b153e20-cfc7-4925-ad65-bb3a78e8b972
2019-09-25 12:06:31,372 [pool-625-thread-1] INFO  server.RaftServerConfigKeys (ConfUtils.java:logGet(43)) - raft.server.log.queue.byte-limit = 2147483647 (custom)
2019-09-25 12:06:31,372 [pool-625-thread-1] INFO  server.RaftServerConfigKeys (ConfUtils.java:logGet(43)) - raft.server.log.queue.element-limit = 1024 (custom)
2019-09-25 12:06:31,372 [pool-625-thread-1] INFO  server.RaftServerConfigKeys (ConfUtils.java:logGet(43)) - raft.server.log.segment.size.max = 1048576 (custom)
2019-09-25 12:06:31,372 [pool-625-thread-1] INFO  server.RaftServerConfigKeys (ConfUtils.java:logGet(43)) - raft.server.log.preallocated.size = 16384 (custom)
2019-09-25 12:06:31,373 [pool-625-thread-1] INFO  server.RaftServerConfigKeys (ConfUtils.java:logGet(43)) - raft.server.log.write.buffer.size = 33554432 (custom)
2019-09-25 12:06:31,373 [pool-625-thread-1] INFO  server.RaftServerConfigKeys (ConfUtils.java:logGet(43)) - raft.server.log.force.sync.num = 128 (default)
2019-09-25 12:06:31,373 [pool-625-thread-1] INFO  server.RaftServerConfigKeys (ConfUtils.java:logGet(43)) - raft.server.log.statemachine.data.sync = true (default)
2019-09-25 12:06:31,373 [pool-625-thread-1] INFO  server.RaftServerConfigKeys (ConfUtils.java:logGet(43)) - raft.server.log.statemachine.data.sync.timeout = 10s (default)
2019-09-25 12:06:31,373 [pool-625-thread-1] INFO  server.RaftServerConfigKeys (ConfUtils.java:logGet(43)) - raft.server.log.statemachine.data.sync.timeout.retry = -1 (default)
2019-09-25 12:06:31,373 [pool-625-thread-1] INFO  server.RaftServerConfigKeys (ConfUtils.java:logGet(43)) - raft.server.log.statemachine.data.caching.enabled = true (custom)
2019-09-25 12:06:31,374 [pool-625-thread-1] INFO  segmented.SegmentedRaftLogWorker (SegmentedRaftLogWorker.java:lambda$new$0(132)) - 27e0b7c9-1b57-4073-b643-4210ac739ea7@group-BB3A78E8B972-SegmentedRaftLogWorker: flushIndex: setUnconditionally 0 -> -1
2019-09-25 12:06:31,374 [pool-625-thread-1] INFO  server.RaftServerConfigKeys (ConfUtils.java:logGet(43)) - raft.server.snapshot.auto.trigger.enabled = true (custom)
2019-09-25 12:06:31,374 [pool-625-thread-1] INFO  server.RaftServerConfigKeys (ConfUtils.java:logGet(43)) - raft.server.snapshot.auto.trigger.threshold = 10000 (custom)
2019-09-25 12:06:31,374 [pool-625-thread-1] INFO  server.RaftServerConfigKeys (ConfUtils.java:logGet(43)) - raft.server.snapshot.retention.num.files = 5 (custom)
2019-09-25 12:06:31,374 [pool-625-thread-1] INFO  server.RaftServerConfigKeys (ConfUtils.java:logGet(43)) - raft.server.retrycache.expirytime = 600000ms (custom)
2019-09-25 12:06:31,376 [pool-625-thread-1] INFO  impl.RaftServerImpl (RaftServerImpl.java:start(185)) - 27e0b7c9-1b57-4073-b643-4210ac739ea7@group-BB3A78E8B972: start as a follower, conf=-1: [27e0b7c9-1b57-4073-b643-4210ac739ea7:192.168.151.73:38945], old=null
2019-09-25 12:06:31,376 [pool-625-thread-1] INFO  impl.RaftServerImpl (RaftServerImpl.java:setRole(174)) - 27e0b7c9-1b57-4073-b643-4210ac739ea7@group-BB3A78E8B972: changes role from      null to FOLLOWER at term 0 for startAsFollower
2019-09-25 12:06:31,376 [pool-625-thread-1] INFO  impl.RoleInfo (RoleInfo.java:updateAndGet(143)) - 27e0b7c9-1b57-4073-b643-4210ac739ea7: start FollowerState
2019-09-25 12:06:31,377 [pool-625-thread-1] INFO  util.JmxRegister (JmxRegister.java:tryRegister(44)) - Successfully registered JMX Bean with object name Ratis:service=RaftServer,group=group-BB3A78E8B972,id=27e0b7c9-1b57-4073-b643-4210ac739ea7
2019-09-25 12:06:31,379 [RatisPipelineUtilsThread] INFO  pipeline.PipelineStateManager (PipelineStateManager.java:addPipeline(56)) - Created pipeline Pipeline[ Id: 8b153e20-cfc7-4925-ad65-bb3a78e8b972, Nodes: 27e0b7c9-1b57-4073-b643-4210ac739ea7{ip: 192.168.151.73, host: pr-hdds-1569-shd4m-3693607622, networkLocation: /default-rack, certSerialId: null}, Type:RATIS, Factor:ONE, State:OPEN]
2019-09-25 12:06:31,379 [RatisPipelineUtilsThread] INFO  pipeline.PipelinePlacementPolicy (PipelinePlacementPolicy.java:meetCriteria(91)) - Pipeline Placement: can't place more pipeline on heavy datanode： f6c16d16-afc4-4153-950f-27a1e09b0667 Heaviness: 6 limit: 5
2019-09-25 12:06:31,380 [RatisPipelineUtilsThread] INFO  pipeline.PipelinePlacementPolicy (PipelinePlacementPolicy.java:meetCriteria(91)) - Pipeline Placement: can't place more pipeline on heavy datanode： b31e81a4-9d51-4c30-935b-af8637f1730a Heaviness: 6 limit: 5
2019-09-25 12:06:31,383 [grpc-default-executor-1] INFO  impl.RaftServerProxy (RaftServerProxy.java:addNew(89)) - 45cd06ff-25a2-484c-ae07-8678dc67fe17: addNew group-0DB00E829FC1:[45cd06ff-25a2-484c-ae07-8678dc67fe17:192.168.151.73:40405] returns group-0DB00E829FC1:java.util.concurrent.CompletableFuture@3ecd6181[Not completed]
2019-09-25 12:06:31,384 [pool-615-thread-1] INFO  impl.RaftServerImpl (RaftServerImpl.java:<init>(95)) - 45cd06ff-25a2-484c-ae07-8678dc67fe17: new RaftServerImpl for group-0DB00E829FC1:[45cd06ff-25a2-484c-ae07-8678dc67fe17:192.168.151.73:40405] with ContainerStateMachine:uninitialized
2019-09-25 12:06:31,384 [pool-615-thread-1] INFO  server.RaftServerConfigKeys (ConfUtils.java:logGet(43)) - raft.server.rpc.timeout.min = 5s (custom)
2019-09-25 12:06:31,384 [pool-615-thread-1] INFO  server.RaftServerConfigKeys (ConfUtils.java:logGet(43)) - raft.server.rpc.timeout.max = 5200ms (custom)
2019-09-25 12:06:31,384 [pool-615-thread-1] INFO  server.RaftServerConfigKeys (ConfUtils.java:logGet(43)) - raft.server.rpcslowness.timeout = 120s (custom)
2019-09-25 12:06:31,385 [pool-615-thread-1] INFO  server.RaftServerConfigKeys (ConfUtils.java:logGet(43)) - raft.server.sleep.deviation.threshold = 300 (default)
2019-09-25 12:06:31,385 [pool-615-thread-1] INFO  server.RaftServerConfigKeys (ConfUtils.java:logGet(43)) - raft.server.log.appender.install.snapshot.enabled = false (custom)
2019-09-25 12:06:31,385 [pool-615-thread-1] INFO  impl.RaftServerImpl (ServerState.java:<init>(103)) - 45cd06ff-25a2-484c-ae07-8678dc67fe17@group-0DB00E829FC1: ConfigurationManager, init=-1: [45cd06ff-25a2-484c-ae07-8678dc67fe17:192.168.151.73:40405], old=null, confs=<EMPTY_MAP>
2019-09-25 12:06:31,385 [pool-615-thread-1] INFO  server.RaftServerConfigKeys (ConfUtils.java:logGet(43)) - raft.server.storage.dir = [/workdir/hadoop-ozone/integration-test/target/test-dir/MiniOzoneClusterImpl-587876f3-3d98-4cc8-9a43-bf4d205d7dbe/datanode-3/data/ratis] (custom)
2019-09-25 12:06:31,385 [pool-615-thread-1] INFO  storage.RaftStorageDirectory (RaftStorageDirectory.java:analyzeStorage(246)) - The storage directory /workdir/hadoop-ozone/integration-test/target/test-dir/MiniOzoneClusterImpl-587876f3-3d98-4cc8-9a43-bf4d205d7dbe/datanode-3/data/ratis/6277bf3a-ec51-49ce-8b79-0db00e829fc1 does not exist. Creating ...
2019-09-25 12:06:31,398 [pool-615-thread-1] INFO  storage.RaftStorageDirectory (RaftStorageDirectory.java:tryLock(328)) - Lock on /workdir/hadoop-ozone/integration-test/target/test-dir/MiniOzoneClusterImpl-587876f3-3d98-4cc8-9a43-bf4d205d7dbe/datanode-3/data/ratis/6277bf3a-ec51-49ce-8b79-0db00e829fc1/in_use.lock acquired by nodename 24979@pr-hdds-1569-shd4m-3693607622
2019-09-25 12:06:31,411 [pool-615-thread-1] INFO  storage.RaftStorage (RaftStorage.java:format(72)) - Storage directory /workdir/hadoop-ozone/integration-test/target/test-dir/MiniOzoneClusterImpl-587876f3-3d98-4cc8-9a43-bf4d205d7dbe/datanode-3/data/ratis/6277bf3a-ec51-49ce-8b79-0db00e829fc1 has been successfully formatted.
2019-09-25 12:06:31,411 [pool-615-thread-1] INFO  ratis.ContainerStateMachine (ContainerStateMachine.java:loadSnapshot(230)) - group-0DB00E829FC1: The snapshot info is null. Setting the last applied indexto:(t:0, i:~)
2019-09-25 12:06:31,412 [pool-615-thread-1] INFO  server.RaftServerConfigKeys (ConfUtils.java:logGet(43)) - raft.server.notification.no-leader.timeout = 120s (custom)
2019-09-25 12:06:31,412 [pool-615-thread-1] INFO  server.RaftServerConfigKeys (ConfUtils.java:logGet(43)) - raft.server.log.use.memory = false (default)
2019-09-25 12:06:31,412 [pool-615-thread-1] INFO  server.RaftServerConfigKeys (ConfUtils.java:logGet(43)) - raft.server.log.purge.gap = 1000000 (custom)
2019-09-25 12:06:31,412 [pool-615-thread-1] INFO  server.RaftServerConfigKeys (ConfUtils.java:logGet(43)) - raft.server.log.appender.buffer.byte-limit = 33554432 (custom)
2019-09-25 12:06:31,412 [pool-615-thread-1] INFO  server.RaftServerConfigKeys (ConfUtils.java:logGet(43)) - raft.server.log.segment.size.max = 1048576 (custom)
2019-09-25 12:06:31,412 [pool-615-thread-1] INFO  server.RaftServerConfigKeys (ConfUtils.java:logGet(43)) - raft.server.log.segment.cache.num.max = 2 (custom)
2019-09-25 12:06:31,412 [pool-615-thread-1] INFO  segmented.SegmentedRaftLogWorker (SegmentedRaftLogWorker.java:<init>(172)) - new 45cd06ff-25a2-484c-ae07-8678dc67fe17@group-0DB00E829FC1-SegmentedRaftLogWorker for RaftStorage:Storage Directory /workdir/hadoop-ozone/integration-test/target/test-dir/MiniOzoneClusterImpl-587876f3-3d98-4cc8-9a43-bf4d205d7dbe/datanode-3/data/ratis/6277bf3a-ec51-49ce-8b79-0db00e829fc1
2019-09-25 12:06:31,413 [pool-615-thread-1] INFO  server.RaftServerConfigKeys (ConfUtils.java:logGet(43)) - raft.server.log.queue.byte-limit = 2147483647 (custom)
2019-09-25 12:06:31,413 [pool-615-thread-1] INFO  server.RaftServerConfigKeys (ConfUtils.java:logGet(43)) - raft.server.log.queue.element-limit = 1024 (custom)
2019-09-25 12:06:31,413 [pool-615-thread-1] INFO  server.RaftServerConfigKeys (ConfUtils.java:logGet(43)) - raft.server.log.segment.size.max = 1048576 (custom)
2019-09-25 12:06:31,413 [pool-615-thread-1] INFO  server.RaftServerConfigKeys (ConfUtils.java:logGet(43)) - raft.server.log.preallocated.size = 16384 (custom)
2019-09-25 12:06:31,413 [pool-615-thread-1] INFO  server.RaftServerConfigKeys (ConfUtils.java:logGet(43)) - raft.server.log.write.buffer.size = 33554432 (custom)
2019-09-25 12:06:31,413 [pool-615-thread-1] INFO  server.RaftServerConfigKeys (ConfUtils.java:logGet(43)) - raft.server.log.force.sync.num = 128 (default)
2019-09-25 12:06:31,413 [pool-615-thread-1] INFO  server.RaftServerConfigKeys (ConfUtils.java:logGet(43)) - raft.server.log.statemachine.data.sync = true (default)
2019-09-25 12:06:31,414 [pool-615-thread-1] INFO  server.RaftServerConfigKeys (ConfUtils.java:logGet(43)) - raft.server.log.statemachine.data.sync.timeout = 10s (default)
2019-09-25 12:06:31,414 [pool-615-thread-1] INFO  server.RaftServerConfigKeys (ConfUtils.java:logGet(43)) - raft.server.log.statemachine.data.sync.timeout.retry = -1 (default)
2019-09-25 12:06:31,414 [pool-615-thread-1] INFO  server.RaftServerConfigKeys (ConfUtils.java:logGet(43)) - raft.server.log.statemachine.data.caching.enabled = true (custom)
2019-09-25 12:06:31,414 [pool-615-thread-1] INFO  segmented.SegmentedRaftLogWorker (SegmentedRaftLogWorker.java:lambda$new$0(132)) - 45cd06ff-25a2-484c-ae07-8678dc67fe17@group-0DB00E829FC1-SegmentedRaftLogWorker: flushIndex: setUnconditionally 0 -> -1
2019-09-25 12:06:31,414 [pool-615-thread-1] INFO  server.RaftServerConfigKeys (ConfUtils.java:logGet(43)) - raft.server.snapshot.auto.trigger.enabled = true (custom)
2019-09-25 12:06:31,415 [pool-615-thread-1] INFO  server.RaftServerConfigKeys (ConfUtils.java:logGet(43)) - raft.server.snapshot.auto.trigger.threshold = 10000 (custom)
2019-09-25 12:06:31,415 [pool-615-thread-1] INFO  server.RaftServerConfigKeys (ConfUtils.java:logGet(43)) - raft.server.snapshot.retention.num.files = 5 (custom)
2019-09-25 12:06:31,415 [pool-615-thread-1] INFO  server.RaftServerConfigKeys (ConfUtils.java:logGet(43)) - raft.server.retrycache.expirytime = 600000ms (custom)
2019-09-25 12:06:31,416 [pool-615-thread-1] INFO  impl.RaftServerImpl (RaftServerImpl.java:start(185)) - 45cd06ff-25a2-484c-ae07-8678dc67fe17@group-0DB00E829FC1: start as a follower, conf=-1: [45cd06ff-25a2-484c-ae07-8678dc67fe17:192.168.151.73:40405], old=null
2019-09-25 12:06:31,416 [pool-615-thread-1] INFO  impl.RaftServerImpl (RaftServerImpl.java:setRole(174)) - 45cd06ff-25a2-484c-ae07-8678dc67fe17@group-0DB00E829FC1: changes role from      null to FOLLOWER at term 0 for startAsFollower
2019-09-25 12:06:31,417 [pool-615-thread-1] INFO  impl.RoleInfo (RoleInfo.java:updateAndGet(143)) - 45cd06ff-25a2-484c-ae07-8678dc67fe17: start FollowerState
2019-09-25 12:06:31,417 [pool-615-thread-1] INFO  util.JmxRegister (JmxRegister.java:tryRegister(44)) - Successfully registered JMX Bean with object name Ratis:service=RaftServer,group=group-0DB00E829FC1,id=45cd06ff-25a2-484c-ae07-8678dc67fe17
2019-09-25 12:06:31,419 [RatisPipelineUtilsThread] INFO  pipeline.PipelineStateManager (PipelineStateManager.java:addPipeline(56)) - Created pipeline Pipeline[ Id: 6277bf3a-ec51-49ce-8b79-0db00e829fc1, Nodes: 45cd06ff-25a2-484c-ae07-8678dc67fe17{ip: 192.168.151.73, host: pr-hdds-1569-shd4m-3693607622, networkLocation: /default-rack, certSerialId: null}, Type:RATIS, Factor:ONE, State:OPEN]
2019-09-25 12:06:31,419 [RatisPipelineUtilsThread] INFO  pipeline.PipelinePlacementPolicy (PipelinePlacementPolicy.java:meetCriteria(91)) - Pipeline Placement: can't place more pipeline on heavy datanode： f6c16d16-afc4-4153-950f-27a1e09b0667 Heaviness: 6 limit: 5
2019-09-25 12:06:31,419 [RatisPipelineUtilsThread] INFO  pipeline.PipelinePlacementPolicy (PipelinePlacementPolicy.java:meetCriteria(91)) - Pipeline Placement: can't place more pipeline on heavy datanode： b31e81a4-9d51-4c30-935b-af8637f1730a Heaviness: 6 limit: 5
2019-09-25 12:06:31,423 [grpc-default-executor-1] INFO  impl.RaftServerProxy (RaftServerProxy.java:addNew(89)) - 27e0b7c9-1b57-4073-b643-4210ac739ea7: addNew group-4CF2B4DC54DE:[27e0b7c9-1b57-4073-b643-4210ac739ea7:192.168.151.73:38945] returns group-4CF2B4DC54DE:java.util.concurrent.CompletableFuture@3f4bb05e[Not completed]
2019-09-25 12:06:31,424 [pool-625-thread-1] INFO  impl.RaftServerImpl (RaftServerImpl.java:<init>(95)) - 27e0b7c9-1b57-4073-b643-4210ac739ea7: new RaftServerImpl for group-4CF2B4DC54DE:[27e0b7c9-1b57-4073-b643-4210ac739ea7:192.168.151.73:38945] with ContainerStateMachine:uninitialized
2019-09-25 12:06:31,424 [pool-625-thread-1] INFO  server.RaftServerConfigKeys (ConfUtils.java:logGet(43)) - raft.server.rpc.timeout.min = 5s (custom)
2019-09-25 12:06:31,424 [pool-625-thread-1] INFO  server.RaftServerConfigKeys (ConfUtils.java:logGet(43)) - raft.server.rpc.timeout.max = 5200ms (custom)
2019-09-25 12:06:31,424 [pool-625-thread-1] INFO  server.RaftServerConfigKeys (ConfUtils.java:logGet(43)) - raft.server.rpcslowness.timeout = 120s (custom)
2019-09-25 12:06:31,424 [pool-625-thread-1] INFO  server.RaftServerConfigKeys (ConfUtils.java:logGet(43)) - raft.server.sleep.deviation.threshold = 300 (default)
2019-09-25 12:06:31,425 [pool-625-thread-1] INFO  server.RaftServerConfigKeys (ConfUtils.java:logGet(43)) - raft.server.log.appender.install.snapshot.enabled = false (custom)
2019-09-25 12:06:31,425 [pool-625-thread-1] INFO  impl.RaftServerImpl (ServerState.java:<init>(103)) - 27e0b7c9-1b57-4073-b643-4210ac739ea7@group-4CF2B4DC54DE: ConfigurationManager, init=-1: [27e0b7c9-1b57-4073-b643-4210ac739ea7:192.168.151.73:38945], old=null, confs=<EMPTY_MAP>
2019-09-25 12:06:31,425 [pool-625-thread-1] INFO  server.RaftServerConfigKeys (ConfUtils.java:logGet(43)) - raft.server.storage.dir = [/workdir/hadoop-ozone/integration-test/target/test-dir/MiniOzoneClusterImpl-587876f3-3d98-4cc8-9a43-bf4d205d7dbe/datanode-4/data/ratis] (custom)
2019-09-25 12:06:31,425 [pool-625-thread-1] INFO  storage.RaftStorageDirectory (RaftStorageDirectory.java:analyzeStorage(246)) - The storage directory /workdir/hadoop-ozone/integration-test/target/test-dir/MiniOzoneClusterImpl-587876f3-3d98-4cc8-9a43-bf4d205d7dbe/datanode-4/data/ratis/b1a3b691-579c-4f56-8c8c-4cf2b4dc54de does not exist. Creating ...
2019-09-25 12:06:31,437 [pool-625-thread-1] INFO  storage.RaftStorageDirectory (RaftStorageDirectory.java:tryLock(328)) - Lock on /workdir/hadoop-ozone/integration-test/target/test-dir/MiniOzoneClusterImpl-587876f3-3d98-4cc8-9a43-bf4d205d7dbe/datanode-4/data/ratis/b1a3b691-579c-4f56-8c8c-4cf2b4dc54de/in_use.lock acquired by nodename 24979@pr-hdds-1569-shd4m-3693607622
2019-09-25 12:06:31,450 [pool-625-thread-1] INFO  storage.RaftStorage (RaftStorage.java:format(72)) - Storage directory /workdir/hadoop-ozone/integration-test/target/test-dir/MiniOzoneClusterImpl-587876f3-3d98-4cc8-9a43-bf4d205d7dbe/datanode-4/data/ratis/b1a3b691-579c-4f56-8c8c-4cf2b4dc54de has been successfully formatted.
2019-09-25 12:06:31,450 [pool-625-thread-1] INFO  ratis.ContainerStateMachine (ContainerStateMachine.java:loadSnapshot(230)) - group-4CF2B4DC54DE: The snapshot info is null. Setting the last applied indexto:(t:0, i:~)
2019-09-25 12:06:31,451 [pool-625-thread-1] INFO  server.RaftServerConfigKeys (ConfUtils.java:logGet(43)) - raft.server.notification.no-leader.timeout = 120s (custom)
2019-09-25 12:06:31,451 [pool-625-thread-1] INFO  server.RaftServerConfigKeys (ConfUtils.java:logGet(43)) - raft.server.log.use.memory = false (default)
2019-09-25 12:06:31,451 [pool-625-thread-1] INFO  server.RaftServerConfigKeys (ConfUtils.java:logGet(43)) - raft.server.log.purge.gap = 1000000 (custom)
2019-09-25 12:06:31,451 [pool-625-thread-1] INFO  server.RaftServerConfigKeys (ConfUtils.java:logGet(43)) - raft.server.log.appender.buffer.byte-limit = 33554432 (custom)
2019-09-25 12:06:31,451 [pool-625-thread-1] INFO  server.RaftServerConfigKeys (ConfUtils.java:logGet(43)) - raft.server.log.segment.size.max = 1048576 (custom)
2019-09-25 12:06:31,451 [pool-625-thread-1] INFO  server.RaftServerConfigKeys (ConfUtils.java:logGet(43)) - raft.server.log.segment.cache.num.max = 2 (custom)
2019-09-25 12:06:31,452 [pool-625-thread-1] INFO  segmented.SegmentedRaftLogWorker (SegmentedRaftLogWorker.java:<init>(172)) - new 27e0b7c9-1b57-4073-b643-4210ac739ea7@group-4CF2B4DC54DE-SegmentedRaftLogWorker for RaftStorage:Storage Directory /workdir/hadoop-ozone/integration-test/target/test-dir/MiniOzoneClusterImpl-587876f3-3d98-4cc8-9a43-bf4d205d7dbe/datanode-4/data/ratis/b1a3b691-579c-4f56-8c8c-4cf2b4dc54de
2019-09-25 12:06:31,452 [pool-625-thread-1] INFO  server.RaftServerConfigKeys (ConfUtils.java:logGet(43)) - raft.server.log.queue.byte-limit = 2147483647 (custom)
2019-09-25 12:06:31,452 [pool-625-thread-1] INFO  server.RaftServerConfigKeys (ConfUtils.java:logGet(43)) - raft.server.log.queue.element-limit = 1024 (custom)
2019-09-25 12:06:31,452 [pool-625-thread-1] INFO  server.RaftServerConfigKeys (ConfUtils.java:logGet(43)) - raft.server.log.segment.size.max = 1048576 (custom)
2019-09-25 12:06:31,452 [pool-625-thread-1] INFO  server.RaftServerConfigKeys (ConfUtils.java:logGet(43)) - raft.server.log.preallocated.size = 16384 (custom)
2019-09-25 12:06:31,452 [pool-625-thread-1] INFO  server.RaftServerConfigKeys (ConfUtils.java:logGet(43)) - raft.server.log.write.buffer.size = 33554432 (custom)
2019-09-25 12:06:31,452 [pool-625-thread-1] INFO  server.RaftServerConfigKeys (ConfUtils.java:logGet(43)) - raft.server.log.force.sync.num = 128 (default)
2019-09-25 12:06:31,453 [pool-625-thread-1] INFO  server.RaftServerConfigKeys (ConfUtils.java:logGet(43)) - raft.server.log.statemachine.data.sync = true (default)
2019-09-25 12:06:31,453 [pool-625-thread-1] INFO  server.RaftServerConfigKeys (ConfUtils.java:logGet(43)) - raft.server.log.statemachine.data.sync.timeout = 10s (default)
2019-09-25 12:06:31,453 [pool-625-thread-1] INFO  server.RaftServerConfigKeys (ConfUtils.java:logGet(43)) - raft.server.log.statemachine.data.sync.timeout.retry = -1 (default)
2019-09-25 12:06:31,453 [pool-625-thread-1] INFO  server.RaftServerConfigKeys (ConfUtils.java:logGet(43)) - raft.server.log.statemachine.data.caching.enabled = true (custom)
2019-09-25 12:06:31,453 [pool-625-thread-1] INFO  segmented.SegmentedRaftLogWorker (SegmentedRaftLogWorker.java:lambda$new$0(132)) - 27e0b7c9-1b57-4073-b643-4210ac739ea7@group-4CF2B4DC54DE-SegmentedRaftLogWorker: flushIndex: setUnconditionally 0 -> -1
2019-09-25 12:06:31,454 [pool-625-thread-1] INFO  server.RaftServerConfigKeys (ConfUtils.java:logGet(43)) - raft.server.snapshot.auto.trigger.enabled = true (custom)
2019-09-25 12:06:31,454 [pool-625-thread-1] INFO  server.RaftServerConfigKeys (ConfUtils.java:logGet(43)) - raft.server.snapshot.auto.trigger.threshold = 10000 (custom)
2019-09-25 12:06:31,454 [pool-625-thread-1] INFO  server.RaftServerConfigKeys (ConfUtils.java:logGet(43)) - raft.server.snapshot.retention.num.files = 5 (custom)
2019-09-25 12:06:31,454 [pool-625-thread-1] INFO  server.RaftServerConfigKeys (ConfUtils.java:logGet(43)) - raft.server.retrycache.expirytime = 600000ms (custom)
2019-09-25 12:06:31,456 [pool-625-thread-1] INFO  impl.RaftServerImpl (RaftServerImpl.java:start(185)) - 27e0b7c9-1b57-4073-b643-4210ac739ea7@group-4CF2B4DC54DE: start as a follower, conf=-1: [27e0b7c9-1b57-4073-b643-4210ac739ea7:192.168.151.73:38945], old=null
2019-09-25 12:06:31,456 [pool-625-thread-1] INFO  impl.RaftServerImpl (RaftServerImpl.java:setRole(174)) - 27e0b7c9-1b57-4073-b643-4210ac739ea7@group-4CF2B4DC54DE: changes role from      null to FOLLOWER at term 0 for startAsFollower
2019-09-25 12:06:31,456 [pool-625-thread-1] INFO  impl.RoleInfo (RoleInfo.java:updateAndGet(143)) - 27e0b7c9-1b57-4073-b643-4210ac739ea7: start FollowerState
2019-09-25 12:06:31,456 [pool-625-thread-1] INFO  util.JmxRegister (JmxRegister.java:tryRegister(44)) - Successfully registered JMX Bean with object name Ratis:service=RaftServer,group=group-4CF2B4DC54DE,id=27e0b7c9-1b57-4073-b643-4210ac739ea7
2019-09-25 12:06:31,458 [RatisPipelineUtilsThread] INFO  pipeline.PipelineStateManager (PipelineStateManager.java:addPipeline(56)) - Created pipeline Pipeline[ Id: b1a3b691-579c-4f56-8c8c-4cf2b4dc54de, Nodes: 27e0b7c9-1b57-4073-b643-4210ac739ea7{ip: 192.168.151.73, host: pr-hdds-1569-shd4m-3693607622, networkLocation: /default-rack, certSerialId: null}, Type:RATIS, Factor:ONE, State:OPEN]
2019-09-25 12:06:31,458 [RatisPipelineUtilsThread] INFO  pipeline.PipelinePlacementPolicy (PipelinePlacementPolicy.java:meetCriteria(91)) - Pipeline Placement: can't place more pipeline on heavy datanode： f6c16d16-afc4-4153-950f-27a1e09b0667 Heaviness: 6 limit: 5
2019-09-25 12:06:31,459 [RatisPipelineUtilsThread] INFO  pipeline.PipelinePlacementPolicy (PipelinePlacementPolicy.java:meetCriteria(91)) - Pipeline Placement: can't place more pipeline on heavy datanode： 27e0b7c9-1b57-4073-b643-4210ac739ea7 Heaviness: 6 limit: 5
2019-09-25 12:06:31,459 [RatisPipelineUtilsThread] INFO  pipeline.PipelinePlacementPolicy (PipelinePlacementPolicy.java:meetCriteria(91)) - Pipeline Placement: can't place more pipeline on heavy datanode： b31e81a4-9d51-4c30-935b-af8637f1730a Heaviness: 6 limit: 5
2019-09-25 12:06:31,462 [grpc-default-executor-1] INFO  impl.RaftServerProxy (RaftServerProxy.java:addNew(89)) - 45cd06ff-25a2-484c-ae07-8678dc67fe17: addNew group-47EBF2393F0F:[45cd06ff-25a2-484c-ae07-8678dc67fe17:192.168.151.73:40405] returns group-47EBF2393F0F:java.util.concurrent.CompletableFuture@13a0f7d2[Not completed]
2019-09-25 12:06:31,463 [pool-615-thread-1] INFO  impl.RaftServerImpl (RaftServerImpl.java:<init>(95)) - 45cd06ff-25a2-484c-ae07-8678dc67fe17: new RaftServerImpl for group-47EBF2393F0F:[45cd06ff-25a2-484c-ae07-8678dc67fe17:192.168.151.73:40405] with ContainerStateMachine:uninitialized
2019-09-25 12:06:31,463 [pool-615-thread-1] INFO  server.RaftServerConfigKeys (ConfUtils.java:logGet(43)) - raft.server.rpc.timeout.min = 5s (custom)
2019-09-25 12:06:31,463 [pool-615-thread-1] INFO  server.RaftServerConfigKeys (ConfUtils.java:logGet(43)) - raft.server.rpc.timeout.max = 5200ms (custom)
2019-09-25 12:06:31,463 [pool-615-thread-1] INFO  server.RaftServerConfigKeys (ConfUtils.java:logGet(43)) - raft.server.rpcslowness.timeout = 120s (custom)
2019-09-25 12:06:31,464 [pool-615-thread-1] INFO  server.RaftServerConfigKeys (ConfUtils.java:logGet(43)) - raft.server.sleep.deviation.threshold = 300 (default)
2019-09-25 12:06:31,464 [pool-615-thread-1] INFO  server.RaftServerConfigKeys (ConfUtils.java:logGet(43)) - raft.server.log.appender.install.snapshot.enabled = false (custom)
2019-09-25 12:06:31,464 [pool-615-thread-1] INFO  impl.RaftServerImpl (ServerState.java:<init>(103)) - 45cd06ff-25a2-484c-ae07-8678dc67fe17@group-47EBF2393F0F: ConfigurationManager, init=-1: [45cd06ff-25a2-484c-ae07-8678dc67fe17:192.168.151.73:40405], old=null, confs=<EMPTY_MAP>
2019-09-25 12:06:31,464 [pool-615-thread-1] INFO  server.RaftServerConfigKeys (ConfUtils.java:logGet(43)) - raft.server.storage.dir = [/workdir/hadoop-ozone/integration-test/target/test-dir/MiniOzoneClusterImpl-587876f3-3d98-4cc8-9a43-bf4d205d7dbe/datanode-3/data/ratis] (custom)
2019-09-25 12:06:31,464 [pool-615-thread-1] INFO  storage.RaftStorageDirectory (RaftStorageDirectory.java:analyzeStorage(246)) - The storage directory /workdir/hadoop-ozone/integration-test/target/test-dir/MiniOzoneClusterImpl-587876f3-3d98-4cc8-9a43-bf4d205d7dbe/datanode-3/data/ratis/d1aa57b1-43ec-4bbb-8996-47ebf2393f0f does not exist. Creating ...
2019-09-25 12:06:31,477 [pool-615-thread-1] INFO  storage.RaftStorageDirectory (RaftStorageDirectory.java:tryLock(328)) - Lock on /workdir/hadoop-ozone/integration-test/target/test-dir/MiniOzoneClusterImpl-587876f3-3d98-4cc8-9a43-bf4d205d7dbe/datanode-3/data/ratis/d1aa57b1-43ec-4bbb-8996-47ebf2393f0f/in_use.lock acquired by nodename 24979@pr-hdds-1569-shd4m-3693607622
2019-09-25 12:06:31,490 [pool-615-thread-1] INFO  storage.RaftStorage (RaftStorage.java:format(72)) - Storage directory /workdir/hadoop-ozone/integration-test/target/test-dir/MiniOzoneClusterImpl-587876f3-3d98-4cc8-9a43-bf4d205d7dbe/datanode-3/data/ratis/d1aa57b1-43ec-4bbb-8996-47ebf2393f0f has been successfully formatted.
2019-09-25 12:06:31,490 [pool-615-thread-1] INFO  ratis.ContainerStateMachine (ContainerStateMachine.java:loadSnapshot(230)) - group-47EBF2393F0F: The snapshot info is null. Setting the last applied indexto:(t:0, i:~)
2019-09-25 12:06:31,490 [pool-615-thread-1] INFO  server.RaftServerConfigKeys (ConfUtils.java:logGet(43)) - raft.server.notification.no-leader.timeout = 120s (custom)
2019-09-25 12:06:31,490 [pool-615-thread-1] INFO  server.RaftServerConfigKeys (ConfUtils.java:logGet(43)) - raft.server.log.use.memory = false (default)
2019-09-25 12:06:31,490 [pool-615-thread-1] INFO  server.RaftServerConfigKeys (ConfUtils.java:logGet(43)) - raft.server.log.purge.gap = 1000000 (custom)
2019-09-25 12:06:31,490 [pool-615-thread-1] INFO  server.RaftServerConfigKeys (ConfUtils.java:logGet(43)) - raft.server.log.appender.buffer.byte-limit = 33554432 (custom)
2019-09-25 12:06:31,491 [pool-615-thread-1] INFO  server.RaftServerConfigKeys (ConfUtils.java:logGet(43)) - raft.server.log.segment.size.max = 1048576 (custom)
2019-09-25 12:06:31,491 [pool-615-thread-1] INFO  server.RaftServerConfigKeys (ConfUtils.java:logGet(43)) - raft.server.log.segment.cache.num.max = 2 (custom)
2019-09-25 12:06:31,491 [pool-615-thread-1] INFO  segmented.SegmentedRaftLogWorker (SegmentedRaftLogWorker.java:<init>(172)) - new 45cd06ff-25a2-484c-ae07-8678dc67fe17@group-47EBF2393F0F-SegmentedRaftLogWorker for RaftStorage:Storage Directory /workdir/hadoop-ozone/integration-test/target/test-dir/MiniOzoneClusterImpl-587876f3-3d98-4cc8-9a43-bf4d205d7dbe/datanode-3/data/ratis/d1aa57b1-43ec-4bbb-8996-47ebf2393f0f
2019-09-25 12:06:31,491 [pool-615-thread-1] INFO  server.RaftServerConfigKeys (ConfUtils.java:logGet(43)) - raft.server.log.queue.byte-limit = 2147483647 (custom)
2019-09-25 12:06:31,491 [pool-615-thread-1] INFO  server.RaftServerConfigKeys (ConfUtils.java:logGet(43)) - raft.server.log.queue.element-limit = 1024 (custom)
2019-09-25 12:06:31,491 [pool-615-thread-1] INFO  server.RaftServerConfigKeys (ConfUtils.java:logGet(43)) - raft.server.log.segment.size.max = 1048576 (custom)
2019-09-25 12:06:31,491 [pool-615-thread-1] INFO  server.RaftServerConfigKeys (ConfUtils.java:logGet(43)) - raft.server.log.preallocated.size = 16384 (custom)
2019-09-25 12:06:31,492 [pool-615-thread-1] INFO  server.RaftServerConfigKeys (ConfUtils.java:logGet(43)) - raft.server.log.write.buffer.size = 33554432 (custom)
2019-09-25 12:06:31,492 [pool-615-thread-1] INFO  server.RaftServerConfigKeys (ConfUtils.java:logGet(43)) - raft.server.log.force.sync.num = 128 (default)
2019-09-25 12:06:31,492 [pool-615-thread-1] INFO  server.RaftServerConfigKeys (ConfUtils.java:logGet(43)) - raft.server.log.statemachine.data.sync = true (default)
2019-09-25 12:06:31,492 [pool-615-thread-1] INFO  server.RaftServerConfigKeys (ConfUtils.java:logGet(43)) - raft.server.log.statemachine.data.sync.timeout = 10s (default)
2019-09-25 12:06:31,492 [pool-615-thread-1] INFO  server.RaftServerConfigKeys (ConfUtils.java:logGet(43)) - raft.server.log.statemachine.data.sync.timeout.retry = -1 (default)
2019-09-25 12:06:31,492 [pool-615-thread-1] INFO  server.RaftServerConfigKeys (ConfUtils.java:logGet(43)) - raft.server.log.statemachine.data.caching.enabled = true (custom)
2019-09-25 12:06:31,493 [pool-615-thread-1] INFO  segmented.SegmentedRaftLogWorker (SegmentedRaftLogWorker.java:lambda$new$0(132)) - 45cd06ff-25a2-484c-ae07-8678dc67fe17@group-47EBF2393F0F-SegmentedRaftLogWorker: flushIndex: setUnconditionally 0 -> -1
2019-09-25 12:06:31,493 [pool-615-thread-1] INFO  server.RaftServerConfigKeys (ConfUtils.java:logGet(43)) - raft.server.snapshot.auto.trigger.enabled = true (custom)
2019-09-25 12:06:31,493 [pool-615-thread-1] INFO  server.RaftServerConfigKeys (ConfUtils.java:logGet(43)) - raft.server.snapshot.auto.trigger.threshold = 10000 (custom)
2019-09-25 12:06:31,493 [pool-615-thread-1] INFO  server.RaftServerConfigKeys (ConfUtils.java:logGet(43)) - raft.server.snapshot.retention.num.files = 5 (custom)
2019-09-25 12:06:31,493 [pool-615-thread-1] INFO  server.RaftServerConfigKeys (ConfUtils.java:logGet(43)) - raft.server.retrycache.expirytime = 600000ms (custom)
2019-09-25 12:06:31,495 [pool-615-thread-1] INFO  impl.RaftServerImpl (RaftServerImpl.java:start(185)) - 45cd06ff-25a2-484c-ae07-8678dc67fe17@group-47EBF2393F0F: start as a follower, conf=-1: [45cd06ff-25a2-484c-ae07-8678dc67fe17:192.168.151.73:40405], old=null
2019-09-25 12:06:31,495 [pool-615-thread-1] INFO  impl.RaftServerImpl (RaftServerImpl.java:setRole(174)) - 45cd06ff-25a2-484c-ae07-8678dc67fe17@group-47EBF2393F0F: changes role from      null to FOLLOWER at term 0 for startAsFollower
2019-09-25 12:06:31,495 [pool-615-thread-1] INFO  impl.RoleInfo (RoleInfo.java:updateAndGet(143)) - 45cd06ff-25a2-484c-ae07-8678dc67fe17: start FollowerState
2019-09-25 12:06:31,496 [pool-615-thread-1] INFO  util.JmxRegister (JmxRegister.java:tryRegister(44)) - Successfully registered JMX Bean with object name Ratis:service=RaftServer,group=group-47EBF2393F0F,id=45cd06ff-25a2-484c-ae07-8678dc67fe17
2019-09-25 12:06:31,498 [RatisPipelineUtilsThread] INFO  pipeline.PipelineStateManager (PipelineStateManager.java:addPipeline(56)) - Created pipeline Pipeline[ Id: d1aa57b1-43ec-4bbb-8996-47ebf2393f0f, Nodes: 45cd06ff-25a2-484c-ae07-8678dc67fe17{ip: 192.168.151.73, host: pr-hdds-1569-shd4m-3693607622, networkLocation: /default-rack, certSerialId: null}, Type:RATIS, Factor:ONE, State:OPEN]
2019-09-25 12:06:31,498 [RatisPipelineUtilsThread] INFO  pipeline.PipelinePlacementPolicy (PipelinePlacementPolicy.java:meetCriteria(91)) - Pipeline Placement: can't place more pipeline on heavy datanode： f6c16d16-afc4-4153-950f-27a1e09b0667 Heaviness: 6 limit: 5
2019-09-25 12:06:31,498 [RatisPipelineUtilsThread] INFO  pipeline.PipelinePlacementPolicy (PipelinePlacementPolicy.java:meetCriteria(91)) - Pipeline Placement: can't place more pipeline on heavy datanode： 27e0b7c9-1b57-4073-b643-4210ac739ea7 Heaviness: 6 limit: 5
2019-09-25 12:06:31,498 [RatisPipelineUtilsThread] INFO  pipeline.PipelinePlacementPolicy (PipelinePlacementPolicy.java:meetCriteria(91)) - Pipeline Placement: can't place more pipeline on heavy datanode： b31e81a4-9d51-4c30-935b-af8637f1730a Heaviness: 6 limit: 5
2019-09-25 12:06:31,501 [grpc-default-executor-1] INFO  impl.RaftServerProxy (RaftServerProxy.java:addNew(89)) - 45cd06ff-25a2-484c-ae07-8678dc67fe17: addNew group-D3D998CFFEBC:[45cd06ff-25a2-484c-ae07-8678dc67fe17:192.168.151.73:40405] returns group-D3D998CFFEBC:java.util.concurrent.CompletableFuture@548104a9[Not completed]
2019-09-25 12:06:31,502 [pool-615-thread-1] INFO  impl.RaftServerImpl (RaftServerImpl.java:<init>(95)) - 45cd06ff-25a2-484c-ae07-8678dc67fe17: new RaftServerImpl for group-D3D998CFFEBC:[45cd06ff-25a2-484c-ae07-8678dc67fe17:192.168.151.73:40405] with ContainerStateMachine:uninitialized
2019-09-25 12:06:31,502 [pool-615-thread-1] INFO  server.RaftServerConfigKeys (ConfUtils.java:logGet(43)) - raft.server.rpc.timeout.min = 5s (custom)
2019-09-25 12:06:31,502 [pool-615-thread-1] INFO  server.RaftServerConfigKeys (ConfUtils.java:logGet(43)) - raft.server.rpc.timeout.max = 5200ms (custom)
2019-09-25 12:06:31,502 [pool-615-thread-1] INFO  server.RaftServerConfigKeys (ConfUtils.java:logGet(43)) - raft.server.rpcslowness.timeout = 120s (custom)
2019-09-25 12:06:31,503 [pool-615-thread-1] INFO  server.RaftServerConfigKeys (ConfUtils.java:logGet(43)) - raft.server.sleep.deviation.threshold = 300 (default)
2019-09-25 12:06:31,503 [pool-615-thread-1] INFO  server.RaftServerConfigKeys (ConfUtils.java:logGet(43)) - raft.server.log.appender.install.snapshot.enabled = false (custom)
2019-09-25 12:06:31,503 [pool-615-thread-1] INFO  impl.RaftServerImpl (ServerState.java:<init>(103)) - 45cd06ff-25a2-484c-ae07-8678dc67fe17@group-D3D998CFFEBC: ConfigurationManager, init=-1: [45cd06ff-25a2-484c-ae07-8678dc67fe17:192.168.151.73:40405], old=null, confs=<EMPTY_MAP>
2019-09-25 12:06:31,503 [pool-615-thread-1] INFO  server.RaftServerConfigKeys (ConfUtils.java:logGet(43)) - raft.server.storage.dir = [/workdir/hadoop-ozone/integration-test/target/test-dir/MiniOzoneClusterImpl-587876f3-3d98-4cc8-9a43-bf4d205d7dbe/datanode-3/data/ratis] (custom)
2019-09-25 12:06:31,503 [pool-615-thread-1] INFO  storage.RaftStorageDirectory (RaftStorageDirectory.java:analyzeStorage(246)) - The storage directory /workdir/hadoop-ozone/integration-test/target/test-dir/MiniOzoneClusterImpl-587876f3-3d98-4cc8-9a43-bf4d205d7dbe/datanode-3/data/ratis/1926629b-dda2-4f97-baaf-d3d998cffebc does not exist. Creating ...
2019-09-25 12:06:31,517 [pool-615-thread-1] INFO  storage.RaftStorageDirectory (RaftStorageDirectory.java:tryLock(328)) - Lock on /workdir/hadoop-ozone/integration-test/target/test-dir/MiniOzoneClusterImpl-587876f3-3d98-4cc8-9a43-bf4d205d7dbe/datanode-3/data/ratis/1926629b-dda2-4f97-baaf-d3d998cffebc/in_use.lock acquired by nodename 24979@pr-hdds-1569-shd4m-3693607622
2019-09-25 12:06:31,553 [pool-615-thread-1] INFO  storage.RaftStorage (RaftStorage.java:format(72)) - Storage directory /workdir/hadoop-ozone/integration-test/target/test-dir/MiniOzoneClusterImpl-587876f3-3d98-4cc8-9a43-bf4d205d7dbe/datanode-3/data/ratis/1926629b-dda2-4f97-baaf-d3d998cffebc has been successfully formatted.
2019-09-25 12:06:31,553 [pool-615-thread-1] INFO  ratis.ContainerStateMachine (ContainerStateMachine.java:loadSnapshot(230)) - group-D3D998CFFEBC: The snapshot info is null. Setting the last applied indexto:(t:0, i:~)
2019-09-25 12:06:31,553 [pool-615-thread-1] INFO  server.RaftServerConfigKeys (ConfUtils.java:logGet(43)) - raft.server.notification.no-leader.timeout = 120s (custom)
2019-09-25 12:06:31,553 [pool-615-thread-1] INFO  server.RaftServerConfigKeys (ConfUtils.java:logGet(43)) - raft.server.log.use.memory = false (default)
2019-09-25 12:06:31,553 [pool-615-thread-1] INFO  server.RaftServerConfigKeys (ConfUtils.java:logGet(43)) - raft.server.log.purge.gap = 1000000 (custom)
2019-09-25 12:06:31,554 [pool-615-thread-1] INFO  server.RaftServerConfigKeys (ConfUtils.java:logGet(43)) - raft.server.log.appender.buffer.byte-limit = 33554432 (custom)
2019-09-25 12:06:31,554 [pool-615-thread-1] INFO  server.RaftServerConfigKeys (ConfUtils.java:logGet(43)) - raft.server.log.segment.size.max = 1048576 (custom)
2019-09-25 12:06:31,554 [pool-615-thread-1] INFO  server.RaftServerConfigKeys (ConfUtils.java:logGet(43)) - raft.server.log.segment.cache.num.max = 2 (custom)
2019-09-25 12:06:31,554 [pool-615-thread-1] INFO  segmented.SegmentedRaftLogWorker (SegmentedRaftLogWorker.java:<init>(172)) - new 45cd06ff-25a2-484c-ae07-8678dc67fe17@group-D3D998CFFEBC-SegmentedRaftLogWorker for RaftStorage:Storage Directory /workdir/hadoop-ozone/integration-test/target/test-dir/MiniOzoneClusterImpl-587876f3-3d98-4cc8-9a43-bf4d205d7dbe/datanode-3/data/ratis/1926629b-dda2-4f97-baaf-d3d998cffebc
2019-09-25 12:06:31,554 [pool-615-thread-1] INFO  server.RaftServerConfigKeys (ConfUtils.java:logGet(43)) - raft.server.log.queue.byte-limit = 2147483647 (custom)
2019-09-25 12:06:31,554 [pool-615-thread-1] INFO  server.RaftServerConfigKeys (ConfUtils.java:logGet(43)) - raft.server.log.queue.element-limit = 1024 (custom)
2019-09-25 12:06:31,554 [pool-615-thread-1] INFO  server.RaftServerConfigKeys (ConfUtils.java:logGet(43)) - raft.server.log.segment.size.max = 1048576 (custom)
2019-09-25 12:06:31,555 [pool-615-thread-1] INFO  server.RaftServerConfigKeys (ConfUtils.java:logGet(43)) - raft.server.log.preallocated.size = 16384 (custom)
2019-09-25 12:06:31,555 [pool-615-thread-1] INFO  server.RaftServerConfigKeys (ConfUtils.java:logGet(43)) - raft.server.log.write.buffer.size = 33554432 (custom)
2019-09-25 12:06:31,555 [pool-615-thread-1] INFO  server.RaftServerConfigKeys (ConfUtils.java:logGet(43)) - raft.server.log.force.sync.num = 128 (default)
2019-09-25 12:06:31,555 [pool-615-thread-1] INFO  server.RaftServerConfigKeys (ConfUtils.java:logGet(43)) - raft.server.log.statemachine.data.sync = true (default)
2019-09-25 12:06:31,555 [pool-615-thread-1] INFO  server.RaftServerConfigKeys (ConfUtils.java:logGet(43)) - raft.server.log.statemachine.data.sync.timeout = 10s (default)
2019-09-25 12:06:31,555 [pool-615-thread-1] INFO  server.RaftServerConfigKeys (ConfUtils.java:logGet(43)) - raft.server.log.statemachine.data.sync.timeout.retry = -1 (default)
2019-09-25 12:06:31,556 [pool-615-thread-1] INFO  server.RaftServerConfigKeys (ConfUtils.java:logGet(43)) - raft.server.log.statemachine.data.caching.enabled = true (custom)
2019-09-25 12:06:31,556 [pool-615-thread-1] INFO  segmented.SegmentedRaftLogWorker (SegmentedRaftLogWorker.java:lambda$new$0(132)) - 45cd06ff-25a2-484c-ae07-8678dc67fe17@group-D3D998CFFEBC-SegmentedRaftLogWorker: flushIndex: setUnconditionally 0 -> -1
2019-09-25 12:06:31,556 [pool-615-thread-1] INFO  server.RaftServerConfigKeys (ConfUtils.java:logGet(43)) - raft.server.snapshot.auto.trigger.enabled = true (custom)
2019-09-25 12:06:31,556 [pool-615-thread-1] INFO  server.RaftServerConfigKeys (ConfUtils.java:logGet(43)) - raft.server.snapshot.auto.trigger.threshold = 10000 (custom)
2019-09-25 12:06:31,557 [pool-615-thread-1] INFO  server.RaftServerConfigKeys (ConfUtils.java:logGet(43)) - raft.server.snapshot.retention.num.files = 5 (custom)
2019-09-25 12:06:31,557 [pool-615-thread-1] INFO  server.RaftServerConfigKeys (ConfUtils.java:logGet(43)) - raft.server.retrycache.expirytime = 600000ms (custom)
2019-09-25 12:06:31,559 [pool-615-thread-1] INFO  impl.RaftServerImpl (RaftServerImpl.java:start(185)) - 45cd06ff-25a2-484c-ae07-8678dc67fe17@group-D3D998CFFEBC: start as a follower, conf=-1: [45cd06ff-25a2-484c-ae07-8678dc67fe17:192.168.151.73:40405], old=null
2019-09-25 12:06:31,559 [pool-615-thread-1] INFO  impl.RaftServerImpl (RaftServerImpl.java:setRole(174)) - 45cd06ff-25a2-484c-ae07-8678dc67fe17@group-D3D998CFFEBC: changes role from      null to FOLLOWER at term 0 for startAsFollower
2019-09-25 12:06:31,559 [pool-615-thread-1] INFO  impl.RoleInfo (RoleInfo.java:updateAndGet(143)) - 45cd06ff-25a2-484c-ae07-8678dc67fe17: start FollowerState
2019-09-25 12:06:31,559 [pool-615-thread-1] INFO  util.JmxRegister (JmxRegister.java:tryRegister(44)) - Successfully registered JMX Bean with object name Ratis:service=RaftServer,group=group-D3D998CFFEBC,id=45cd06ff-25a2-484c-ae07-8678dc67fe17
2019-09-25 12:06:31,561 [RatisPipelineUtilsThread] INFO  pipeline.PipelineStateManager (PipelineStateManager.java:addPipeline(56)) - Created pipeline Pipeline[ Id: 1926629b-dda2-4f97-baaf-d3d998cffebc, Nodes: 45cd06ff-25a2-484c-ae07-8678dc67fe17{ip: 192.168.151.73, host: pr-hdds-1569-shd4m-3693607622, networkLocation: /default-rack, certSerialId: null}, Type:RATIS, Factor:ONE, State:OPEN]
2019-09-25 12:06:31,561 [RatisPipelineUtilsThread] INFO  pipeline.PipelinePlacementPolicy (PipelinePlacementPolicy.java:meetCriteria(91)) - Pipeline Placement: can't place more pipeline on heavy datanode： f6c16d16-afc4-4153-950f-27a1e09b0667 Heaviness: 6 limit: 5
2019-09-25 12:06:31,562 [RatisPipelineUtilsThread] INFO  pipeline.PipelinePlacementPolicy (PipelinePlacementPolicy.java:meetCriteria(91)) - Pipeline Placement: can't place more pipeline on heavy datanode： 27e0b7c9-1b57-4073-b643-4210ac739ea7 Heaviness: 6 limit: 5
2019-09-25 12:06:31,562 [RatisPipelineUtilsThread] INFO  pipeline.PipelinePlacementPolicy (PipelinePlacementPolicy.java:meetCriteria(91)) - Pipeline Placement: can't place more pipeline on heavy datanode： b31e81a4-9d51-4c30-935b-af8637f1730a Heaviness: 6 limit: 5
2019-09-25 12:06:31,565 [grpc-default-executor-1] INFO  impl.RaftServerProxy (RaftServerProxy.java:addNew(89)) - 45cd06ff-25a2-484c-ae07-8678dc67fe17: addNew group-8D7425402A93:[45cd06ff-25a2-484c-ae07-8678dc67fe17:192.168.151.73:40405] returns group-8D7425402A93:java.util.concurrent.CompletableFuture@24e45d5a[Not completed]
2019-09-25 12:06:31,566 [pool-615-thread-1] INFO  impl.RaftServerImpl (RaftServerImpl.java:<init>(95)) - 45cd06ff-25a2-484c-ae07-8678dc67fe17: new RaftServerImpl for group-8D7425402A93:[45cd06ff-25a2-484c-ae07-8678dc67fe17:192.168.151.73:40405] with ContainerStateMachine:uninitialized
2019-09-25 12:06:31,566 [pool-615-thread-1] INFO  server.RaftServerConfigKeys (ConfUtils.java:logGet(43)) - raft.server.rpc.timeout.min = 5s (custom)
2019-09-25 12:06:31,566 [pool-615-thread-1] INFO  server.RaftServerConfigKeys (ConfUtils.java:logGet(43)) - raft.server.rpc.timeout.max = 5200ms (custom)
2019-09-25 12:06:31,566 [pool-615-thread-1] INFO  server.RaftServerConfigKeys (ConfUtils.java:logGet(43)) - raft.server.rpcslowness.timeout = 120s (custom)
2019-09-25 12:06:31,566 [pool-615-thread-1] INFO  server.RaftServerConfigKeys (ConfUtils.java:logGet(43)) - raft.server.sleep.deviation.threshold = 300 (default)
2019-09-25 12:06:31,566 [pool-615-thread-1] INFO  server.RaftServerConfigKeys (ConfUtils.java:logGet(43)) - raft.server.log.appender.install.snapshot.enabled = false (custom)
2019-09-25 12:06:31,567 [pool-615-thread-1] INFO  impl.RaftServerImpl (ServerState.java:<init>(103)) - 45cd06ff-25a2-484c-ae07-8678dc67fe17@group-8D7425402A93: ConfigurationManager, init=-1: [45cd06ff-25a2-484c-ae07-8678dc67fe17:192.168.151.73:40405], old=null, confs=<EMPTY_MAP>
2019-09-25 12:06:31,567 [pool-615-thread-1] INFO  server.RaftServerConfigKeys (ConfUtils.java:logGet(43)) - raft.server.storage.dir = [/workdir/hadoop-ozone/integration-test/target/test-dir/MiniOzoneClusterImpl-587876f3-3d98-4cc8-9a43-bf4d205d7dbe/datanode-3/data/ratis] (custom)
2019-09-25 12:06:31,567 [pool-615-thread-1] INFO  storage.RaftStorageDirectory (RaftStorageDirectory.java:analyzeStorage(246)) - The storage directory /workdir/hadoop-ozone/integration-test/target/test-dir/MiniOzoneClusterImpl-587876f3-3d98-4cc8-9a43-bf4d205d7dbe/datanode-3/data/ratis/fd54ed0c-f3b5-404f-bdf2-8d7425402a93 does not exist. Creating ...
2019-09-25 12:06:31,581 [pool-615-thread-1] INFO  storage.RaftStorageDirectory (RaftStorageDirectory.java:tryLock(328)) - Lock on /workdir/hadoop-ozone/integration-test/target/test-dir/MiniOzoneClusterImpl-587876f3-3d98-4cc8-9a43-bf4d205d7dbe/datanode-3/data/ratis/fd54ed0c-f3b5-404f-bdf2-8d7425402a93/in_use.lock acquired by nodename 24979@pr-hdds-1569-shd4m-3693607622
2019-09-25 12:06:31,594 [pool-615-thread-1] INFO  storage.RaftStorage (RaftStorage.java:format(72)) - Storage directory /workdir/hadoop-ozone/integration-test/target/test-dir/MiniOzoneClusterImpl-587876f3-3d98-4cc8-9a43-bf4d205d7dbe/datanode-3/data/ratis/fd54ed0c-f3b5-404f-bdf2-8d7425402a93 has been successfully formatted.
2019-09-25 12:06:31,595 [pool-615-thread-1] INFO  ratis.ContainerStateMachine (ContainerStateMachine.java:loadSnapshot(230)) - group-8D7425402A93: The snapshot info is null. Setting the last applied indexto:(t:0, i:~)
2019-09-25 12:06:31,595 [pool-615-thread-1] INFO  server.RaftServerConfigKeys (ConfUtils.java:logGet(43)) - raft.server.notification.no-leader.timeout = 120s (custom)
2019-09-25 12:06:31,595 [pool-615-thread-1] INFO  server.RaftServerConfigKeys (ConfUtils.java:logGet(43)) - raft.server.log.use.memory = false (default)
2019-09-25 12:06:31,595 [pool-615-thread-1] INFO  server.RaftServerConfigKeys (ConfUtils.java:logGet(43)) - raft.server.log.purge.gap = 1000000 (custom)
2019-09-25 12:06:31,595 [pool-615-thread-1] INFO  server.RaftServerConfigKeys (ConfUtils.java:logGet(43)) - raft.server.log.appender.buffer.byte-limit = 33554432 (custom)
2019-09-25 12:06:31,595 [pool-615-thread-1] INFO  server.RaftServerConfigKeys (ConfUtils.java:logGet(43)) - raft.server.log.segment.size.max = 1048576 (custom)
2019-09-25 12:06:31,595 [pool-615-thread-1] INFO  server.RaftServerConfigKeys (ConfUtils.java:logGet(43)) - raft.server.log.segment.cache.num.max = 2 (custom)
2019-09-25 12:06:31,596 [pool-615-thread-1] INFO  segmented.SegmentedRaftLogWorker (SegmentedRaftLogWorker.java:<init>(172)) - new 45cd06ff-25a2-484c-ae07-8678dc67fe17@group-8D7425402A93-SegmentedRaftLogWorker for RaftStorage:Storage Directory /workdir/hadoop-ozone/integration-test/target/test-dir/MiniOzoneClusterImpl-587876f3-3d98-4cc8-9a43-bf4d205d7dbe/datanode-3/data/ratis/fd54ed0c-f3b5-404f-bdf2-8d7425402a93
2019-09-25 12:06:31,596 [pool-615-thread-1] INFO  server.RaftServerConfigKeys (ConfUtils.java:logGet(43)) - raft.server.log.queue.byte-limit = 2147483647 (custom)
2019-09-25 12:06:31,596 [pool-615-thread-1] INFO  server.RaftServerConfigKeys (ConfUtils.java:logGet(43)) - raft.server.log.queue.element-limit = 1024 (custom)
2019-09-25 12:06:31,596 [pool-615-thread-1] INFO  server.RaftServerConfigKeys (ConfUtils.java:logGet(43)) - raft.server.log.segment.size.max = 1048576 (custom)
2019-09-25 12:06:31,596 [pool-615-thread-1] INFO  server.RaftServerConfigKeys (ConfUtils.java:logGet(43)) - raft.server.log.preallocated.size = 16384 (custom)
2019-09-25 12:06:31,596 [pool-615-thread-1] INFO  server.RaftServerConfigKeys (ConfUtils.java:logGet(43)) - raft.server.log.write.buffer.size = 33554432 (custom)
2019-09-25 12:06:31,596 [pool-615-thread-1] INFO  server.RaftServerConfigKeys (ConfUtils.java:logGet(43)) - raft.server.log.force.sync.num = 128 (default)
2019-09-25 12:06:31,597 [pool-615-thread-1] INFO  server.RaftServerConfigKeys (ConfUtils.java:logGet(43)) - raft.server.log.statemachine.data.sync = true (default)
2019-09-25 12:06:31,597 [pool-615-thread-1] INFO  server.RaftServerConfigKeys (ConfUtils.java:logGet(43)) - raft.server.log.statemachine.data.sync.timeout = 10s (default)
2019-09-25 12:06:31,597 [pool-615-thread-1] INFO  server.RaftServerConfigKeys (ConfUtils.java:logGet(43)) - raft.server.log.statemachine.data.sync.timeout.retry = -1 (default)
2019-09-25 12:06:31,597 [pool-615-thread-1] INFO  server.RaftServerConfigKeys (ConfUtils.java:logGet(43)) - raft.server.log.statemachine.data.caching.enabled = true (custom)
2019-09-25 12:06:31,597 [pool-615-thread-1] INFO  segmented.SegmentedRaftLogWorker (SegmentedRaftLogWorker.java:lambda$new$0(132)) - 45cd06ff-25a2-484c-ae07-8678dc67fe17@group-8D7425402A93-SegmentedRaftLogWorker: flushIndex: setUnconditionally 0 -> -1
2019-09-25 12:06:31,598 [pool-615-thread-1] INFO  server.RaftServerConfigKeys (ConfUtils.java:logGet(43)) - raft.server.snapshot.auto.trigger.enabled = true (custom)
2019-09-25 12:06:31,598 [pool-615-thread-1] INFO  server.RaftServerConfigKeys (ConfUtils.java:logGet(43)) - raft.server.snapshot.auto.trigger.threshold = 10000 (custom)
2019-09-25 12:06:31,598 [pool-615-thread-1] INFO  server.RaftServerConfigKeys (ConfUtils.java:logGet(43)) - raft.server.snapshot.retention.num.files = 5 (custom)
2019-09-25 12:06:31,598 [pool-615-thread-1] INFO  server.RaftServerConfigKeys (ConfUtils.java:logGet(43)) - raft.server.retrycache.expirytime = 600000ms (custom)
2019-09-25 12:06:31,600 [pool-615-thread-1] INFO  impl.RaftServerImpl (RaftServerImpl.java:start(185)) - 45cd06ff-25a2-484c-ae07-8678dc67fe17@group-8D7425402A93: start as a follower, conf=-1: [45cd06ff-25a2-484c-ae07-8678dc67fe17:192.168.151.73:40405], old=null
2019-09-25 12:06:31,600 [pool-615-thread-1] INFO  impl.RaftServerImpl (RaftServerImpl.java:setRole(174)) - 45cd06ff-25a2-484c-ae07-8678dc67fe17@group-8D7425402A93: changes role from      null to FOLLOWER at term 0 for startAsFollower
2019-09-25 12:06:31,600 [pool-615-thread-1] INFO  impl.RoleInfo (RoleInfo.java:updateAndGet(143)) - 45cd06ff-25a2-484c-ae07-8678dc67fe17: start FollowerState
2019-09-25 12:06:31,600 [pool-615-thread-1] INFO  util.JmxRegister (JmxRegister.java:tryRegister(44)) - Successfully registered JMX Bean with object name Ratis:service=RaftServer,group=group-8D7425402A93,id=45cd06ff-25a2-484c-ae07-8678dc67fe17
2019-09-25 12:06:31,602 [RatisPipelineUtilsThread] INFO  pipeline.PipelineStateManager (PipelineStateManager.java:addPipeline(56)) - Created pipeline Pipeline[ Id: fd54ed0c-f3b5-404f-bdf2-8d7425402a93, Nodes: 45cd06ff-25a2-484c-ae07-8678dc67fe17{ip: 192.168.151.73, host: pr-hdds-1569-shd4m-3693607622, networkLocation: /default-rack, certSerialId: null}, Type:RATIS, Factor:ONE, State:OPEN]
2019-09-25 12:06:31,602 [RatisPipelineUtilsThread] INFO  pipeline.PipelinePlacementPolicy (PipelinePlacementPolicy.java:meetCriteria(91)) - Pipeline Placement: can't place more pipeline on heavy datanode： f6c16d16-afc4-4153-950f-27a1e09b0667 Heaviness: 6 limit: 5
2019-09-25 12:06:31,602 [RatisPipelineUtilsThread] INFO  pipeline.PipelinePlacementPolicy (PipelinePlacementPolicy.java:meetCriteria(91)) - Pipeline Placement: can't place more pipeline on heavy datanode： 45cd06ff-25a2-484c-ae07-8678dc67fe17 Heaviness: 6 limit: 5
2019-09-25 12:06:31,603 [RatisPipelineUtilsThread] INFO  pipeline.PipelinePlacementPolicy (PipelinePlacementPolicy.java:meetCriteria(91)) - Pipeline Placement: can't place more pipeline on heavy datanode： 27e0b7c9-1b57-4073-b643-4210ac739ea7 Heaviness: 6 limit: 5
2019-09-25 12:06:31,603 [RatisPipelineUtilsThread] INFO  pipeline.PipelinePlacementPolicy (PipelinePlacementPolicy.java:meetCriteria(91)) - Pipeline Placement: can't place more pipeline on heavy datanode： b31e81a4-9d51-4c30-935b-af8637f1730a Heaviness: 6 limit: 5
2019-09-25 12:06:31,606 [grpc-default-executor-1] INFO  impl.RaftServerProxy (RaftServerProxy.java:addNew(89)) - 4265dd55-646c-4571-a7aa-5a5e7479765c: addNew group-069D3E3C85C6:[4265dd55-646c-4571-a7aa-5a5e7479765c:192.168.151.73:40282] returns group-069D3E3C85C6:java.util.concurrent.CompletableFuture@1a0fd394[Not completed]
2019-09-25 12:06:31,607 [pool-605-thread-1] INFO  impl.RaftServerImpl (RaftServerImpl.java:<init>(95)) - 4265dd55-646c-4571-a7aa-5a5e7479765c: new RaftServerImpl for group-069D3E3C85C6:[4265dd55-646c-4571-a7aa-5a5e7479765c:192.168.151.73:40282] with ContainerStateMachine:uninitialized
2019-09-25 12:06:31,607 [pool-605-thread-1] INFO  server.RaftServerConfigKeys (ConfUtils.java:logGet(43)) - raft.server.rpc.timeout.min = 5s (custom)
2019-09-25 12:06:31,607 [pool-605-thread-1] INFO  server.RaftServerConfigKeys (ConfUtils.java:logGet(43)) - raft.server.rpc.timeout.max = 5200ms (custom)
2019-09-25 12:06:31,607 [pool-605-thread-1] INFO  server.RaftServerConfigKeys (ConfUtils.java:logGet(43)) - raft.server.rpcslowness.timeout = 120s (custom)
2019-09-25 12:06:31,607 [pool-605-thread-1] INFO  server.RaftServerConfigKeys (ConfUtils.java:logGet(43)) - raft.server.sleep.deviation.threshold = 300 (default)
2019-09-25 12:06:31,607 [pool-605-thread-1] INFO  server.RaftServerConfigKeys (ConfUtils.java:logGet(43)) - raft.server.log.appender.install.snapshot.enabled = false (custom)
2019-09-25 12:06:31,608 [pool-605-thread-1] INFO  impl.RaftServerImpl (ServerState.java:<init>(103)) - 4265dd55-646c-4571-a7aa-5a5e7479765c@group-069D3E3C85C6: ConfigurationManager, init=-1: [4265dd55-646c-4571-a7aa-5a5e7479765c:192.168.151.73:40282], old=null, confs=<EMPTY_MAP>
2019-09-25 12:06:31,608 [pool-605-thread-1] INFO  server.RaftServerConfigKeys (ConfUtils.java:logGet(43)) - raft.server.storage.dir = [/workdir/hadoop-ozone/integration-test/target/test-dir/MiniOzoneClusterImpl-587876f3-3d98-4cc8-9a43-bf4d205d7dbe/datanode-2/data/ratis] (custom)
2019-09-25 12:06:31,608 [pool-605-thread-1] INFO  storage.RaftStorageDirectory (RaftStorageDirectory.java:analyzeStorage(246)) - The storage directory /workdir/hadoop-ozone/integration-test/target/test-dir/MiniOzoneClusterImpl-587876f3-3d98-4cc8-9a43-bf4d205d7dbe/datanode-2/data/ratis/513d4f42-3f99-4527-805f-069d3e3c85c6 does not exist. Creating ...
2019-09-25 12:06:31,622 [pool-605-thread-1] INFO  storage.RaftStorageDirectory (RaftStorageDirectory.java:tryLock(328)) - Lock on /workdir/hadoop-ozone/integration-test/target/test-dir/MiniOzoneClusterImpl-587876f3-3d98-4cc8-9a43-bf4d205d7dbe/datanode-2/data/ratis/513d4f42-3f99-4527-805f-069d3e3c85c6/in_use.lock acquired by nodename 24979@pr-hdds-1569-shd4m-3693607622
2019-09-25 12:06:31,635 [pool-605-thread-1] INFO  storage.RaftStorage (RaftStorage.java:format(72)) - Storage directory /workdir/hadoop-ozone/integration-test/target/test-dir/MiniOzoneClusterImpl-587876f3-3d98-4cc8-9a43-bf4d205d7dbe/datanode-2/data/ratis/513d4f42-3f99-4527-805f-069d3e3c85c6 has been successfully formatted.
2019-09-25 12:06:31,636 [pool-605-thread-1] INFO  ratis.ContainerStateMachine (ContainerStateMachine.java:loadSnapshot(230)) - group-069D3E3C85C6: The snapshot info is null. Setting the last applied indexto:(t:0, i:~)
2019-09-25 12:06:31,636 [pool-605-thread-1] INFO  server.RaftServerConfigKeys (ConfUtils.java:logGet(43)) - raft.server.notification.no-leader.timeout = 120s (custom)
2019-09-25 12:06:31,636 [pool-605-thread-1] INFO  server.RaftServerConfigKeys (ConfUtils.java:logGet(43)) - raft.server.log.use.memory = false (default)
2019-09-25 12:06:31,636 [pool-605-thread-1] INFO  server.RaftServerConfigKeys (ConfUtils.java:logGet(43)) - raft.server.log.purge.gap = 1000000 (custom)
2019-09-25 12:06:31,636 [pool-605-thread-1] INFO  server.RaftServerConfigKeys (ConfUtils.java:logGet(43)) - raft.server.log.appender.buffer.byte-limit = 33554432 (custom)
2019-09-25 12:06:31,636 [pool-605-thread-1] INFO  server.RaftServerConfigKeys (ConfUtils.java:logGet(43)) - raft.server.log.segment.size.max = 1048576 (custom)
2019-09-25 12:06:31,636 [pool-605-thread-1] INFO  server.RaftServerConfigKeys (ConfUtils.java:logGet(43)) - raft.server.log.segment.cache.num.max = 2 (custom)
2019-09-25 12:06:31,637 [pool-605-thread-1] INFO  segmented.SegmentedRaftLogWorker (SegmentedRaftLogWorker.java:<init>(172)) - new 4265dd55-646c-4571-a7aa-5a5e7479765c@group-069D3E3C85C6-SegmentedRaftLogWorker for RaftStorage:Storage Directory /workdir/hadoop-ozone/integration-test/target/test-dir/MiniOzoneClusterImpl-587876f3-3d98-4cc8-9a43-bf4d205d7dbe/datanode-2/data/ratis/513d4f42-3f99-4527-805f-069d3e3c85c6
2019-09-25 12:06:31,637 [pool-605-thread-1] INFO  server.RaftServerConfigKeys (ConfUtils.java:logGet(43)) - raft.server.log.queue.byte-limit = 2147483647 (custom)
2019-09-25 12:06:31,637 [pool-605-thread-1] INFO  server.RaftServerConfigKeys (ConfUtils.java:logGet(43)) - raft.server.log.queue.element-limit = 1024 (custom)
2019-09-25 12:06:31,637 [pool-605-thread-1] INFO  server.RaftServerConfigKeys (ConfUtils.java:logGet(43)) - raft.server.log.segment.size.max = 1048576 (custom)
2019-09-25 12:06:31,637 [pool-605-thread-1] INFO  server.RaftServerConfigKeys (ConfUtils.java:logGet(43)) - raft.server.log.preallocated.size = 16384 (custom)
2019-09-25 12:06:31,637 [pool-605-thread-1] INFO  server.RaftServerConfigKeys (ConfUtils.java:logGet(43)) - raft.server.log.write.buffer.size = 33554432 (custom)
2019-09-25 12:06:31,637 [pool-605-thread-1] INFO  server.RaftServerConfigKeys (ConfUtils.java:logGet(43)) - raft.server.log.force.sync.num = 128 (default)
2019-09-25 12:06:31,638 [pool-605-thread-1] INFO  server.RaftServerConfigKeys (ConfUtils.java:logGet(43)) - raft.server.log.statemachine.data.sync = true (default)
2019-09-25 12:06:31,638 [pool-605-thread-1] INFO  server.RaftServerConfigKeys (ConfUtils.java:logGet(43)) - raft.server.log.statemachine.data.sync.timeout = 10s (default)
2019-09-25 12:06:31,638 [pool-605-thread-1] INFO  server.RaftServerConfigKeys (ConfUtils.java:logGet(43)) - raft.server.log.statemachine.data.sync.timeout.retry = -1 (default)
2019-09-25 12:06:31,638 [pool-605-thread-1] INFO  server.RaftServerConfigKeys (ConfUtils.java:logGet(43)) - raft.server.log.statemachine.data.caching.enabled = true (custom)
2019-09-25 12:06:31,638 [pool-605-thread-1] INFO  segmented.SegmentedRaftLogWorker (SegmentedRaftLogWorker.java:lambda$new$0(132)) - 4265dd55-646c-4571-a7aa-5a5e7479765c@group-069D3E3C85C6-SegmentedRaftLogWorker: flushIndex: setUnconditionally 0 -> -1
2019-09-25 12:06:31,639 [pool-605-thread-1] INFO  server.RaftServerConfigKeys (ConfUtils.java:logGet(43)) - raft.server.snapshot.auto.trigger.enabled = true (custom)
2019-09-25 12:06:31,639 [pool-605-thread-1] INFO  server.RaftServerConfigKeys (ConfUtils.java:logGet(43)) - raft.server.snapshot.auto.trigger.threshold = 10000 (custom)
2019-09-25 12:06:31,639 [pool-605-thread-1] INFO  server.RaftServerConfigKeys (ConfUtils.java:logGet(43)) - raft.server.snapshot.retention.num.files = 5 (custom)
2019-09-25 12:06:31,639 [pool-605-thread-1] INFO  server.RaftServerConfigKeys (ConfUtils.java:logGet(43)) - raft.server.retrycache.expirytime = 600000ms (custom)
2019-09-25 12:06:31,641 [pool-605-thread-1] INFO  impl.RaftServerImpl (RaftServerImpl.java:start(185)) - 4265dd55-646c-4571-a7aa-5a5e7479765c@group-069D3E3C85C6: start as a follower, conf=-1: [4265dd55-646c-4571-a7aa-5a5e7479765c:192.168.151.73:40282], old=null
2019-09-25 12:06:31,641 [pool-605-thread-1] INFO  impl.RaftServerImpl (RaftServerImpl.java:setRole(174)) - 4265dd55-646c-4571-a7aa-5a5e7479765c@group-069D3E3C85C6: changes role from      null to FOLLOWER at term 0 for startAsFollower
2019-09-25 12:06:31,641 [pool-605-thread-1] INFO  impl.RoleInfo (RoleInfo.java:updateAndGet(143)) - 4265dd55-646c-4571-a7aa-5a5e7479765c: start FollowerState
2019-09-25 12:06:31,641 [pool-605-thread-1] INFO  util.JmxRegister (JmxRegister.java:tryRegister(44)) - Successfully registered JMX Bean with object name Ratis:service=RaftServer,group=group-069D3E3C85C6,id=4265dd55-646c-4571-a7aa-5a5e7479765c
2019-09-25 12:06:31,643 [RatisPipelineUtilsThread] INFO  pipeline.PipelineStateManager (PipelineStateManager.java:addPipeline(56)) - Created pipeline Pipeline[ Id: 513d4f42-3f99-4527-805f-069d3e3c85c6, Nodes: 4265dd55-646c-4571-a7aa-5a5e7479765c{ip: 192.168.151.73, host: pr-hdds-1569-shd4m-3693607622, networkLocation: /default-rack, certSerialId: null}, Type:RATIS, Factor:ONE, State:OPEN]
2019-09-25 12:06:31,643 [RatisPipelineUtilsThread] INFO  pipeline.PipelinePlacementPolicy (PipelinePlacementPolicy.java:meetCriteria(91)) - Pipeline Placement: can't place more pipeline on heavy datanode： f6c16d16-afc4-4153-950f-27a1e09b0667 Heaviness: 6 limit: 5
2019-09-25 12:06:31,643 [RatisPipelineUtilsThread] INFO  pipeline.PipelinePlacementPolicy (PipelinePlacementPolicy.java:meetCriteria(91)) - Pipeline Placement: can't place more pipeline on heavy datanode： 45cd06ff-25a2-484c-ae07-8678dc67fe17 Heaviness: 6 limit: 5
2019-09-25 12:06:31,643 [RatisPipelineUtilsThread] INFO  pipeline.PipelinePlacementPolicy (PipelinePlacementPolicy.java:meetCriteria(91)) - Pipeline Placement: can't place more pipeline on heavy datanode： 27e0b7c9-1b57-4073-b643-4210ac739ea7 Heaviness: 6 limit: 5
2019-09-25 12:06:31,644 [RatisPipelineUtilsThread] INFO  pipeline.PipelinePlacementPolicy (PipelinePlacementPolicy.java:meetCriteria(91)) - Pipeline Placement: can't place more pipeline on heavy datanode： 4265dd55-646c-4571-a7aa-5a5e7479765c Heaviness: 6 limit: 5
2019-09-25 12:06:31,644 [RatisPipelineUtilsThread] INFO  pipeline.PipelinePlacementPolicy (PipelinePlacementPolicy.java:meetCriteria(91)) - Pipeline Placement: can't place more pipeline on heavy datanode： b31e81a4-9d51-4c30-935b-af8637f1730a Heaviness: 6 limit: 5
2019-09-25 12:06:31,647 [grpc-default-executor-1] INFO  impl.RaftServerProxy (RaftServerProxy.java:addNew(89)) - d587b3c4-6743-4f9b-a5f7-0e55334fa092: addNew group-CF9237F49159:[d587b3c4-6743-4f9b-a5f7-0e55334fa092:192.168.151.73:33163] returns group-CF9237F49159:java.util.concurrent.CompletableFuture@5d3f93a4[Not completed]
2019-09-25 12:06:31,648 [pool-635-thread-1] INFO  impl.RaftServerImpl (RaftServerImpl.java:<init>(95)) - d587b3c4-6743-4f9b-a5f7-0e55334fa092: new RaftServerImpl for group-CF9237F49159:[d587b3c4-6743-4f9b-a5f7-0e55334fa092:192.168.151.73:33163] with ContainerStateMachine:uninitialized
2019-09-25 12:06:31,648 [pool-635-thread-1] INFO  server.RaftServerConfigKeys (ConfUtils.java:logGet(43)) - raft.server.rpc.timeout.min = 5s (custom)
2019-09-25 12:06:31,648 [pool-635-thread-1] INFO  server.RaftServerConfigKeys (ConfUtils.java:logGet(43)) - raft.server.rpc.timeout.max = 5200ms (custom)
2019-09-25 12:06:31,648 [pool-635-thread-1] INFO  server.RaftServerConfigKeys (ConfUtils.java:logGet(43)) - raft.server.rpcslowness.timeout = 120s (custom)
2019-09-25 12:06:31,648 [pool-635-thread-1] INFO  server.RaftServerConfigKeys (ConfUtils.java:logGet(43)) - raft.server.sleep.deviation.threshold = 300 (default)
2019-09-25 12:06:31,648 [pool-635-thread-1] INFO  server.RaftServerConfigKeys (ConfUtils.java:logGet(43)) - raft.server.log.appender.install.snapshot.enabled = false (custom)
2019-09-25 12:06:31,649 [pool-635-thread-1] INFO  impl.RaftServerImpl (ServerState.java:<init>(103)) - d587b3c4-6743-4f9b-a5f7-0e55334fa092@group-CF9237F49159: ConfigurationManager, init=-1: [d587b3c4-6743-4f9b-a5f7-0e55334fa092:192.168.151.73:33163], old=null, confs=<EMPTY_MAP>
2019-09-25 12:06:31,649 [pool-635-thread-1] INFO  server.RaftServerConfigKeys (ConfUtils.java:logGet(43)) - raft.server.storage.dir = [/workdir/hadoop-ozone/integration-test/target/test-dir/MiniOzoneClusterImpl-587876f3-3d98-4cc8-9a43-bf4d205d7dbe/datanode-5/data/ratis] (custom)
2019-09-25 12:06:31,649 [pool-635-thread-1] INFO  storage.RaftStorageDirectory (RaftStorageDirectory.java:analyzeStorage(246)) - The storage directory /workdir/hadoop-ozone/integration-test/target/test-dir/MiniOzoneClusterImpl-587876f3-3d98-4cc8-9a43-bf4d205d7dbe/datanode-5/data/ratis/dd7b448d-dd54-4b50-bf46-cf9237f49159 does not exist. Creating ...
2019-09-25 12:06:31,670 [pool-635-thread-1] INFO  storage.RaftStorageDirectory (RaftStorageDirectory.java:tryLock(328)) - Lock on /workdir/hadoop-ozone/integration-test/target/test-dir/MiniOzoneClusterImpl-587876f3-3d98-4cc8-9a43-bf4d205d7dbe/datanode-5/data/ratis/dd7b448d-dd54-4b50-bf46-cf9237f49159/in_use.lock acquired by nodename 24979@pr-hdds-1569-shd4m-3693607622
2019-09-25 12:06:31,683 [pool-635-thread-1] INFO  storage.RaftStorage (RaftStorage.java:format(72)) - Storage directory /workdir/hadoop-ozone/integration-test/target/test-dir/MiniOzoneClusterImpl-587876f3-3d98-4cc8-9a43-bf4d205d7dbe/datanode-5/data/ratis/dd7b448d-dd54-4b50-bf46-cf9237f49159 has been successfully formatted.
2019-09-25 12:06:31,683 [pool-635-thread-1] INFO  ratis.ContainerStateMachine (ContainerStateMachine.java:loadSnapshot(230)) - group-CF9237F49159: The snapshot info is null. Setting the last applied indexto:(t:0, i:~)
2019-09-25 12:06:31,683 [pool-635-thread-1] INFO  server.RaftServerConfigKeys (ConfUtils.java:logGet(43)) - raft.server.notification.no-leader.timeout = 120s (custom)
2019-09-25 12:06:31,684 [pool-635-thread-1] INFO  server.RaftServerConfigKeys (ConfUtils.java:logGet(43)) - raft.server.log.use.memory = false (default)
2019-09-25 12:06:31,684 [pool-635-thread-1] INFO  server.RaftServerConfigKeys (ConfUtils.java:logGet(43)) - raft.server.log.purge.gap = 1000000 (custom)
2019-09-25 12:06:31,684 [pool-635-thread-1] INFO  server.RaftServerConfigKeys (ConfUtils.java:logGet(43)) - raft.server.log.appender.buffer.byte-limit = 33554432 (custom)
2019-09-25 12:06:31,684 [pool-635-thread-1] INFO  server.RaftServerConfigKeys (ConfUtils.java:logGet(43)) - raft.server.log.segment.size.max = 1048576 (custom)
2019-09-25 12:06:31,684 [pool-635-thread-1] INFO  server.RaftServerConfigKeys (ConfUtils.java:logGet(43)) - raft.server.log.segment.cache.num.max = 2 (custom)
2019-09-25 12:06:31,684 [pool-635-thread-1] INFO  segmented.SegmentedRaftLogWorker (SegmentedRaftLogWorker.java:<init>(172)) - new d587b3c4-6743-4f9b-a5f7-0e55334fa092@group-CF9237F49159-SegmentedRaftLogWorker for RaftStorage:Storage Directory /workdir/hadoop-ozone/integration-test/target/test-dir/MiniOzoneClusterImpl-587876f3-3d98-4cc8-9a43-bf4d205d7dbe/datanode-5/data/ratis/dd7b448d-dd54-4b50-bf46-cf9237f49159
2019-09-25 12:06:31,684 [pool-635-thread-1] INFO  server.RaftServerConfigKeys (ConfUtils.java:logGet(43)) - raft.server.log.queue.byte-limit = 2147483647 (custom)
2019-09-25 12:06:31,685 [pool-635-thread-1] INFO  server.RaftServerConfigKeys (ConfUtils.java:logGet(43)) - raft.server.log.queue.element-limit = 1024 (custom)
2019-09-25 12:06:31,685 [pool-635-thread-1] INFO  server.RaftServerConfigKeys (ConfUtils.java:logGet(43)) - raft.server.log.segment.size.max = 1048576 (custom)
2019-09-25 12:06:31,685 [pool-635-thread-1] INFO  server.RaftServerConfigKeys (ConfUtils.java:logGet(43)) - raft.server.log.preallocated.size = 16384 (custom)
2019-09-25 12:06:31,685 [pool-635-thread-1] INFO  server.RaftServerConfigKeys (ConfUtils.java:logGet(43)) - raft.server.log.write.buffer.size = 33554432 (custom)
2019-09-25 12:06:31,685 [pool-635-thread-1] INFO  server.RaftServerConfigKeys (ConfUtils.java:logGet(43)) - raft.server.log.force.sync.num = 128 (default)
2019-09-25 12:06:31,685 [pool-635-thread-1] INFO  server.RaftServerConfigKeys (ConfUtils.java:logGet(43)) - raft.server.log.statemachine.data.sync = true (default)
2019-09-25 12:06:31,685 [pool-635-thread-1] INFO  server.RaftServerConfigKeys (ConfUtils.java:logGet(43)) - raft.server.log.statemachine.data.sync.timeout = 10s (default)
2019-09-25 12:06:31,686 [pool-635-thread-1] INFO  server.RaftServerConfigKeys (ConfUtils.java:logGet(43)) - raft.server.log.statemachine.data.sync.timeout.retry = -1 (default)
2019-09-25 12:06:31,686 [pool-635-thread-1] INFO  server.RaftServerConfigKeys (ConfUtils.java:logGet(43)) - raft.server.log.statemachine.data.caching.enabled = true (custom)
2019-09-25 12:06:31,686 [pool-635-thread-1] INFO  segmented.SegmentedRaftLogWorker (SegmentedRaftLogWorker.java:lambda$new$0(132)) - d587b3c4-6743-4f9b-a5f7-0e55334fa092@group-CF9237F49159-SegmentedRaftLogWorker: flushIndex: setUnconditionally 0 -> -1
2019-09-25 12:06:31,686 [pool-635-thread-1] INFO  server.RaftServerConfigKeys (ConfUtils.java:logGet(43)) - raft.server.snapshot.auto.trigger.enabled = true (custom)
2019-09-25 12:06:31,687 [pool-635-thread-1] INFO  server.RaftServerConfigKeys (ConfUtils.java:logGet(43)) - raft.server.snapshot.auto.trigger.threshold = 10000 (custom)
2019-09-25 12:06:31,687 [pool-635-thread-1] INFO  server.RaftServerConfigKeys (ConfUtils.java:logGet(43)) - raft.server.snapshot.retention.num.files = 5 (custom)
2019-09-25 12:06:31,687 [pool-635-thread-1] INFO  server.RaftServerConfigKeys (ConfUtils.java:logGet(43)) - raft.server.retrycache.expirytime = 600000ms (custom)
2019-09-25 12:06:31,689 [pool-635-thread-1] INFO  impl.RaftServerImpl (RaftServerImpl.java:start(185)) - d587b3c4-6743-4f9b-a5f7-0e55334fa092@group-CF9237F49159: start as a follower, conf=-1: [d587b3c4-6743-4f9b-a5f7-0e55334fa092:192.168.151.73:33163], old=null
2019-09-25 12:06:31,689 [pool-635-thread-1] INFO  impl.RaftServerImpl (RaftServerImpl.java:setRole(174)) - d587b3c4-6743-4f9b-a5f7-0e55334fa092@group-CF9237F49159: changes role from      null to FOLLOWER at term 0 for startAsFollower
2019-09-25 12:06:31,689 [pool-635-thread-1] INFO  impl.RoleInfo (RoleInfo.java:updateAndGet(143)) - d587b3c4-6743-4f9b-a5f7-0e55334fa092: start FollowerState
2019-09-25 12:06:31,689 [pool-635-thread-1] INFO  util.JmxRegister (JmxRegister.java:tryRegister(44)) - Successfully registered JMX Bean with object name Ratis:service=RaftServer,group=group-CF9237F49159,id=d587b3c4-6743-4f9b-a5f7-0e55334fa092
2019-09-25 12:06:31,691 [RatisPipelineUtilsThread] INFO  pipeline.PipelineStateManager (PipelineStateManager.java:addPipeline(56)) - Created pipeline Pipeline[ Id: dd7b448d-dd54-4b50-bf46-cf9237f49159, Nodes: d587b3c4-6743-4f9b-a5f7-0e55334fa092{ip: 192.168.151.73, host: pr-hdds-1569-shd4m-3693607622, networkLocation: /default-rack, certSerialId: null}, Type:RATIS, Factor:ONE, State:OPEN]
2019-09-25 12:06:31,691 [RatisPipelineUtilsThread] INFO  pipeline.PipelinePlacementPolicy (PipelinePlacementPolicy.java:meetCriteria(91)) - Pipeline Placement: can't place more pipeline on heavy datanode： f6c16d16-afc4-4153-950f-27a1e09b0667 Heaviness: 6 limit: 5
2019-09-25 12:06:31,691 [RatisPipelineUtilsThread] INFO  pipeline.PipelinePlacementPolicy (PipelinePlacementPolicy.java:meetCriteria(91)) - Pipeline Placement: can't place more pipeline on heavy datanode： 45cd06ff-25a2-484c-ae07-8678dc67fe17 Heaviness: 6 limit: 5
2019-09-25 12:06:31,692 [RatisPipelineUtilsThread] INFO  pipeline.PipelinePlacementPolicy (PipelinePlacementPolicy.java:meetCriteria(91)) - Pipeline Placement: can't place more pipeline on heavy datanode： 27e0b7c9-1b57-4073-b643-4210ac739ea7 Heaviness: 6 limit: 5
2019-09-25 12:06:31,692 [RatisPipelineUtilsThread] INFO  pipeline.PipelinePlacementPolicy (PipelinePlacementPolicy.java:meetCriteria(91)) - Pipeline Placement: can't place more pipeline on heavy datanode： 4265dd55-646c-4571-a7aa-5a5e7479765c Heaviness: 6 limit: 5
2019-09-25 12:06:31,692 [RatisPipelineUtilsThread] INFO  pipeline.PipelinePlacementPolicy (PipelinePlacementPolicy.java:meetCriteria(91)) - Pipeline Placement: can't place more pipeline on heavy datanode： b31e81a4-9d51-4c30-935b-af8637f1730a Heaviness: 6 limit: 5
2019-09-25 12:06:31,703 [grpc-default-executor-1] INFO  impl.RaftServerProxy (RaftServerProxy.java:addNew(89)) - 5d0cbd75-9945-4b44-9440-546a6022886b: addNew group-76C6937C38CF:[5d0cbd75-9945-4b44-9440-546a6022886b:192.168.151.73:37067] returns group-76C6937C38CF:java.util.concurrent.CompletableFuture@25518928[Not completed]
2019-09-25 12:06:31,704 [pool-645-thread-1] INFO  impl.RaftServerImpl (RaftServerImpl.java:<init>(95)) - 5d0cbd75-9945-4b44-9440-546a6022886b: new RaftServerImpl for group-76C6937C38CF:[5d0cbd75-9945-4b44-9440-546a6022886b:192.168.151.73:37067] with ContainerStateMachine:uninitialized
2019-09-25 12:06:31,704 [pool-645-thread-1] INFO  server.RaftServerConfigKeys (ConfUtils.java:logGet(43)) - raft.server.rpc.timeout.min = 5s (custom)
2019-09-25 12:06:31,704 [pool-645-thread-1] INFO  server.RaftServerConfigKeys (ConfUtils.java:logGet(43)) - raft.server.rpc.timeout.max = 5200ms (custom)
2019-09-25 12:06:31,704 [pool-645-thread-1] INFO  server.RaftServerConfigKeys (ConfUtils.java:logGet(43)) - raft.server.rpcslowness.timeout = 120s (custom)
2019-09-25 12:06:31,704 [pool-645-thread-1] INFO  server.RaftServerConfigKeys (ConfUtils.java:logGet(43)) - raft.server.sleep.deviation.threshold = 300 (default)
2019-09-25 12:06:31,704 [pool-645-thread-1] INFO  server.RaftServerConfigKeys (ConfUtils.java:logGet(43)) - raft.server.log.appender.install.snapshot.enabled = false (custom)
2019-09-25 12:06:31,705 [pool-645-thread-1] INFO  impl.RaftServerImpl (ServerState.java:<init>(103)) - 5d0cbd75-9945-4b44-9440-546a6022886b@group-76C6937C38CF: ConfigurationManager, init=-1: [5d0cbd75-9945-4b44-9440-546a6022886b:192.168.151.73:37067], old=null, confs=<EMPTY_MAP>
2019-09-25 12:06:31,705 [pool-645-thread-1] INFO  server.RaftServerConfigKeys (ConfUtils.java:logGet(43)) - raft.server.storage.dir = [/workdir/hadoop-ozone/integration-test/target/test-dir/MiniOzoneClusterImpl-587876f3-3d98-4cc8-9a43-bf4d205d7dbe/datanode-6/data/ratis] (custom)
2019-09-25 12:06:31,705 [pool-645-thread-1] INFO  storage.RaftStorageDirectory (RaftStorageDirectory.java:analyzeStorage(246)) - The storage directory /workdir/hadoop-ozone/integration-test/target/test-dir/MiniOzoneClusterImpl-587876f3-3d98-4cc8-9a43-bf4d205d7dbe/datanode-6/data/ratis/1e1dc87e-7d5b-4fb5-bbcc-76c6937c38cf does not exist. Creating ...
2019-09-25 12:06:31,717 [pool-645-thread-1] INFO  storage.RaftStorageDirectory (RaftStorageDirectory.java:tryLock(328)) - Lock on /workdir/hadoop-ozone/integration-test/target/test-dir/MiniOzoneClusterImpl-587876f3-3d98-4cc8-9a43-bf4d205d7dbe/datanode-6/data/ratis/1e1dc87e-7d5b-4fb5-bbcc-76c6937c38cf/in_use.lock acquired by nodename 24979@pr-hdds-1569-shd4m-3693607622
2019-09-25 12:06:31,730 [pool-645-thread-1] INFO  storage.RaftStorage (RaftStorage.java:format(72)) - Storage directory /workdir/hadoop-ozone/integration-test/target/test-dir/MiniOzoneClusterImpl-587876f3-3d98-4cc8-9a43-bf4d205d7dbe/datanode-6/data/ratis/1e1dc87e-7d5b-4fb5-bbcc-76c6937c38cf has been successfully formatted.
2019-09-25 12:06:31,731 [pool-645-thread-1] INFO  ratis.ContainerStateMachine (ContainerStateMachine.java:loadSnapshot(230)) - group-76C6937C38CF: The snapshot info is null. Setting the last applied indexto:(t:0, i:~)
2019-09-25 12:06:31,731 [pool-645-thread-1] INFO  server.RaftServerConfigKeys (ConfUtils.java:logGet(43)) - raft.server.notification.no-leader.timeout = 120s (custom)
2019-09-25 12:06:31,731 [pool-645-thread-1] INFO  server.RaftServerConfigKeys (ConfUtils.java:logGet(43)) - raft.server.log.use.memory = false (default)
2019-09-25 12:06:31,731 [pool-645-thread-1] INFO  server.RaftServerConfigKeys (ConfUtils.java:logGet(43)) - raft.server.log.purge.gap = 1000000 (custom)
2019-09-25 12:06:31,731 [pool-645-thread-1] INFO  server.RaftServerConfigKeys (ConfUtils.java:logGet(43)) - raft.server.log.appender.buffer.byte-limit = 33554432 (custom)
2019-09-25 12:06:31,731 [pool-645-thread-1] INFO  server.RaftServerConfigKeys (ConfUtils.java:logGet(43)) - raft.server.log.segment.size.max = 1048576 (custom)
2019-09-25 12:06:31,731 [pool-645-thread-1] INFO  server.RaftServerConfigKeys (ConfUtils.java:logGet(43)) - raft.server.log.segment.cache.num.max = 2 (custom)
2019-09-25 12:06:31,732 [pool-645-thread-1] INFO  segmented.SegmentedRaftLogWorker (SegmentedRaftLogWorker.java:<init>(172)) - new 5d0cbd75-9945-4b44-9440-546a6022886b@group-76C6937C38CF-SegmentedRaftLogWorker for RaftStorage:Storage Directory /workdir/hadoop-ozone/integration-test/target/test-dir/MiniOzoneClusterImpl-587876f3-3d98-4cc8-9a43-bf4d205d7dbe/datanode-6/data/ratis/1e1dc87e-7d5b-4fb5-bbcc-76c6937c38cf
2019-09-25 12:06:31,733 [pool-645-thread-1] INFO  server.RaftServerConfigKeys (ConfUtils.java:logGet(43)) - raft.server.log.queue.byte-limit = 2147483647 (custom)
2019-09-25 12:06:31,733 [pool-645-thread-1] INFO  server.RaftServerConfigKeys (ConfUtils.java:logGet(43)) - raft.server.log.queue.element-limit = 1024 (custom)
2019-09-25 12:06:31,733 [pool-645-thread-1] INFO  server.RaftServerConfigKeys (ConfUtils.java:logGet(43)) - raft.server.log.segment.size.max = 1048576 (custom)
2019-09-25 12:06:31,734 [pool-645-thread-1] INFO  server.RaftServerConfigKeys (ConfUtils.java:logGet(43)) - raft.server.log.preallocated.size = 16384 (custom)
2019-09-25 12:06:31,734 [pool-645-thread-1] INFO  server.RaftServerConfigKeys (ConfUtils.java:logGet(43)) - raft.server.log.write.buffer.size = 33554432 (custom)
2019-09-25 12:06:31,734 [pool-645-thread-1] INFO  server.RaftServerConfigKeys (ConfUtils.java:logGet(43)) - raft.server.log.force.sync.num = 128 (default)
2019-09-25 12:06:31,734 [pool-645-thread-1] INFO  server.RaftServerConfigKeys (ConfUtils.java:logGet(43)) - raft.server.log.statemachine.data.sync = true (default)
2019-09-25 12:06:31,734 [pool-645-thread-1] INFO  server.RaftServerConfigKeys (ConfUtils.java:logGet(43)) - raft.server.log.statemachine.data.sync.timeout = 10s (default)
2019-09-25 12:06:31,734 [pool-645-thread-1] INFO  server.RaftServerConfigKeys (ConfUtils.java:logGet(43)) - raft.server.log.statemachine.data.sync.timeout.retry = -1 (default)
2019-09-25 12:06:31,734 [pool-645-thread-1] INFO  server.RaftServerConfigKeys (ConfUtils.java:logGet(43)) - raft.server.log.statemachine.data.caching.enabled = true (custom)
2019-09-25 12:06:31,735 [pool-645-thread-1] INFO  segmented.SegmentedRaftLogWorker (SegmentedRaftLogWorker.java:lambda$new$0(132)) - 5d0cbd75-9945-4b44-9440-546a6022886b@group-76C6937C38CF-SegmentedRaftLogWorker: flushIndex: setUnconditionally 0 -> -1
2019-09-25 12:06:31,735 [pool-645-thread-1] INFO  server.RaftServerConfigKeys (ConfUtils.java:logGet(43)) - raft.server.snapshot.auto.trigger.enabled = true (custom)
2019-09-25 12:06:31,735 [pool-645-thread-1] INFO  server.RaftServerConfigKeys (ConfUtils.java:logGet(43)) - raft.server.snapshot.auto.trigger.threshold = 10000 (custom)
2019-09-25 12:06:31,735 [pool-645-thread-1] INFO  server.RaftServerConfigKeys (ConfUtils.java:logGet(43)) - raft.server.snapshot.retention.num.files = 5 (custom)
2019-09-25 12:06:31,735 [pool-645-thread-1] INFO  server.RaftServerConfigKeys (ConfUtils.java:logGet(43)) - raft.server.retrycache.expirytime = 600000ms (custom)
2019-09-25 12:06:31,737 [pool-645-thread-1] INFO  impl.RaftServerImpl (RaftServerImpl.java:start(185)) - 5d0cbd75-9945-4b44-9440-546a6022886b@group-76C6937C38CF: start as a follower, conf=-1: [5d0cbd75-9945-4b44-9440-546a6022886b:192.168.151.73:37067], old=null
2019-09-25 12:06:31,737 [pool-645-thread-1] INFO  impl.RaftServerImpl (RaftServerImpl.java:setRole(174)) - 5d0cbd75-9945-4b44-9440-546a6022886b@group-76C6937C38CF: changes role from      null to FOLLOWER at term 0 for startAsFollower
2019-09-25 12:06:31,737 [pool-645-thread-1] INFO  impl.RoleInfo (RoleInfo.java:updateAndGet(143)) - 5d0cbd75-9945-4b44-9440-546a6022886b: start FollowerState
2019-09-25 12:06:31,737 [pool-645-thread-1] INFO  util.JmxRegister (JmxRegister.java:tryRegister(44)) - Successfully registered JMX Bean with object name Ratis:service=RaftServer,group=group-76C6937C38CF,id=5d0cbd75-9945-4b44-9440-546a6022886b
2019-09-25 12:06:31,739 [RatisPipelineUtilsThread] INFO  pipeline.PipelineStateManager (PipelineStateManager.java:addPipeline(56)) - Created pipeline Pipeline[ Id: 1e1dc87e-7d5b-4fb5-bbcc-76c6937c38cf, Nodes: 5d0cbd75-9945-4b44-9440-546a6022886b{ip: 192.168.151.73, host: pr-hdds-1569-shd4m-3693607622, networkLocation: /default-rack, certSerialId: null}, Type:RATIS, Factor:ONE, State:OPEN]
2019-09-25 12:06:31,739 [RatisPipelineUtilsThread] INFO  pipeline.PipelinePlacementPolicy (PipelinePlacementPolicy.java:meetCriteria(91)) - Pipeline Placement: can't place more pipeline on heavy datanode： f6c16d16-afc4-4153-950f-27a1e09b0667 Heaviness: 6 limit: 5
2019-09-25 12:06:31,740 [RatisPipelineUtilsThread] INFO  pipeline.PipelinePlacementPolicy (PipelinePlacementPolicy.java:meetCriteria(91)) - Pipeline Placement: can't place more pipeline on heavy datanode： 45cd06ff-25a2-484c-ae07-8678dc67fe17 Heaviness: 6 limit: 5
2019-09-25 12:06:31,740 [RatisPipelineUtilsThread] INFO  pipeline.PipelinePlacementPolicy (PipelinePlacementPolicy.java:meetCriteria(91)) - Pipeline Placement: can't place more pipeline on heavy datanode： 27e0b7c9-1b57-4073-b643-4210ac739ea7 Heaviness: 6 limit: 5
2019-09-25 12:06:31,740 [RatisPipelineUtilsThread] INFO  pipeline.PipelinePlacementPolicy (PipelinePlacementPolicy.java:meetCriteria(91)) - Pipeline Placement: can't place more pipeline on heavy datanode： 4265dd55-646c-4571-a7aa-5a5e7479765c Heaviness: 6 limit: 5
2019-09-25 12:06:31,740 [RatisPipelineUtilsThread] INFO  pipeline.PipelinePlacementPolicy (PipelinePlacementPolicy.java:meetCriteria(91)) - Pipeline Placement: can't place more pipeline on heavy datanode： b31e81a4-9d51-4c30-935b-af8637f1730a Heaviness: 6 limit: 5
2019-09-25 12:06:31,744 [grpc-default-executor-1] INFO  impl.RaftServerProxy (RaftServerProxy.java:addNew(89)) - d587b3c4-6743-4f9b-a5f7-0e55334fa092: addNew group-C9383F01BD09:[d587b3c4-6743-4f9b-a5f7-0e55334fa092:192.168.151.73:33163] returns group-C9383F01BD09:java.util.concurrent.CompletableFuture@7340e879[Not completed]
2019-09-25 12:06:31,744 [pool-635-thread-1] INFO  impl.RaftServerImpl (RaftServerImpl.java:<init>(95)) - d587b3c4-6743-4f9b-a5f7-0e55334fa092: new RaftServerImpl for group-C9383F01BD09:[d587b3c4-6743-4f9b-a5f7-0e55334fa092:192.168.151.73:33163] with ContainerStateMachine:uninitialized
2019-09-25 12:06:31,744 [pool-635-thread-1] INFO  server.RaftServerConfigKeys (ConfUtils.java:logGet(43)) - raft.server.rpc.timeout.min = 5s (custom)
2019-09-25 12:06:31,744 [pool-635-thread-1] INFO  server.RaftServerConfigKeys (ConfUtils.java:logGet(43)) - raft.server.rpc.timeout.max = 5200ms (custom)
2019-09-25 12:06:31,745 [pool-635-thread-1] INFO  server.RaftServerConfigKeys (ConfUtils.java:logGet(43)) - raft.server.rpcslowness.timeout = 120s (custom)
2019-09-25 12:06:31,745 [pool-635-thread-1] INFO  server.RaftServerConfigKeys (ConfUtils.java:logGet(43)) - raft.server.sleep.deviation.threshold = 300 (default)
2019-09-25 12:06:31,745 [pool-635-thread-1] INFO  server.RaftServerConfigKeys (ConfUtils.java:logGet(43)) - raft.server.log.appender.install.snapshot.enabled = false (custom)
2019-09-25 12:06:31,745 [pool-635-thread-1] INFO  impl.RaftServerImpl (ServerState.java:<init>(103)) - d587b3c4-6743-4f9b-a5f7-0e55334fa092@group-C9383F01BD09: ConfigurationManager, init=-1: [d587b3c4-6743-4f9b-a5f7-0e55334fa092:192.168.151.73:33163], old=null, confs=<EMPTY_MAP>
2019-09-25 12:06:31,745 [pool-635-thread-1] INFO  server.RaftServerConfigKeys (ConfUtils.java:logGet(43)) - raft.server.storage.dir = [/workdir/hadoop-ozone/integration-test/target/test-dir/MiniOzoneClusterImpl-587876f3-3d98-4cc8-9a43-bf4d205d7dbe/datanode-5/data/ratis] (custom)
2019-09-25 12:06:31,745 [pool-635-thread-1] INFO  storage.RaftStorageDirectory (RaftStorageDirectory.java:analyzeStorage(246)) - The storage directory /workdir/hadoop-ozone/integration-test/target/test-dir/MiniOzoneClusterImpl-587876f3-3d98-4cc8-9a43-bf4d205d7dbe/datanode-5/data/ratis/9b0b48a1-7d1d-4a05-856e-c9383f01bd09 does not exist. Creating ...
2019-09-25 12:06:31,757 [pool-635-thread-1] INFO  storage.RaftStorageDirectory (RaftStorageDirectory.java:tryLock(328)) - Lock on /workdir/hadoop-ozone/integration-test/target/test-dir/MiniOzoneClusterImpl-587876f3-3d98-4cc8-9a43-bf4d205d7dbe/datanode-5/data/ratis/9b0b48a1-7d1d-4a05-856e-c9383f01bd09/in_use.lock acquired by nodename 24979@pr-hdds-1569-shd4m-3693607622
2019-09-25 12:06:31,770 [pool-635-thread-1] INFO  storage.RaftStorage (RaftStorage.java:format(72)) - Storage directory /workdir/hadoop-ozone/integration-test/target/test-dir/MiniOzoneClusterImpl-587876f3-3d98-4cc8-9a43-bf4d205d7dbe/datanode-5/data/ratis/9b0b48a1-7d1d-4a05-856e-c9383f01bd09 has been successfully formatted.
2019-09-25 12:06:31,770 [pool-635-thread-1] INFO  ratis.ContainerStateMachine (ContainerStateMachine.java:loadSnapshot(230)) - group-C9383F01BD09: The snapshot info is null. Setting the last applied indexto:(t:0, i:~)
2019-09-25 12:06:31,770 [pool-635-thread-1] INFO  server.RaftServerConfigKeys (ConfUtils.java:logGet(43)) - raft.server.notification.no-leader.timeout = 120s (custom)
2019-09-25 12:06:31,770 [pool-635-thread-1] INFO  server.RaftServerConfigKeys (ConfUtils.java:logGet(43)) - raft.server.log.use.memory = false (default)
2019-09-25 12:06:31,771 [pool-635-thread-1] INFO  server.RaftServerConfigKeys (ConfUtils.java:logGet(43)) - raft.server.log.purge.gap = 1000000 (custom)
2019-09-25 12:06:31,771 [pool-635-thread-1] INFO  server.RaftServerConfigKeys (ConfUtils.java:logGet(43)) - raft.server.log.appender.buffer.byte-limit = 33554432 (custom)
2019-09-25 12:06:31,771 [pool-635-thread-1] INFO  server.RaftServerConfigKeys (ConfUtils.java:logGet(43)) - raft.server.log.segment.size.max = 1048576 (custom)
2019-09-25 12:06:31,771 [pool-635-thread-1] INFO  server.RaftServerConfigKeys (ConfUtils.java:logGet(43)) - raft.server.log.segment.cache.num.max = 2 (custom)
2019-09-25 12:06:31,771 [pool-635-thread-1] INFO  segmented.SegmentedRaftLogWorker (SegmentedRaftLogWorker.java:<init>(172)) - new d587b3c4-6743-4f9b-a5f7-0e55334fa092@group-C9383F01BD09-SegmentedRaftLogWorker for RaftStorage:Storage Directory /workdir/hadoop-ozone/integration-test/target/test-dir/MiniOzoneClusterImpl-587876f3-3d98-4cc8-9a43-bf4d205d7dbe/datanode-5/data/ratis/9b0b48a1-7d1d-4a05-856e-c9383f01bd09
2019-09-25 12:06:31,771 [pool-635-thread-1] INFO  server.RaftServerConfigKeys (ConfUtils.java:logGet(43)) - raft.server.log.queue.byte-limit = 2147483647 (custom)
2019-09-25 12:06:31,771 [pool-635-thread-1] INFO  server.RaftServerConfigKeys (ConfUtils.java:logGet(43)) - raft.server.log.queue.element-limit = 1024 (custom)
2019-09-25 12:06:31,771 [pool-635-thread-1] INFO  server.RaftServerConfigKeys (ConfUtils.java:logGet(43)) - raft.server.log.segment.size.max = 1048576 (custom)
2019-09-25 12:06:31,771 [pool-635-thread-1] INFO  server.RaftServerConfigKeys (ConfUtils.java:logGet(43)) - raft.server.log.preallocated.size = 16384 (custom)
2019-09-25 12:06:31,772 [pool-635-thread-1] INFO  server.RaftServerConfigKeys (ConfUtils.java:logGet(43)) - raft.server.log.write.buffer.size = 33554432 (custom)
2019-09-25 12:06:31,772 [pool-635-thread-1] INFO  server.RaftServerConfigKeys (ConfUtils.java:logGet(43)) - raft.server.log.force.sync.num = 128 (default)
2019-09-25 12:06:31,772 [pool-635-thread-1] INFO  server.RaftServerConfigKeys (ConfUtils.java:logGet(43)) - raft.server.log.statemachine.data.sync = true (default)
2019-09-25 12:06:31,772 [pool-635-thread-1] INFO  server.RaftServerConfigKeys (ConfUtils.java:logGet(43)) - raft.server.log.statemachine.data.sync.timeout = 10s (default)
2019-09-25 12:06:31,772 [pool-635-thread-1] INFO  server.RaftServerConfigKeys (ConfUtils.java:logGet(43)) - raft.server.log.statemachine.data.sync.timeout.retry = -1 (default)
2019-09-25 12:06:31,772 [pool-635-thread-1] INFO  server.RaftServerConfigKeys (ConfUtils.java:logGet(43)) - raft.server.log.statemachine.data.caching.enabled = true (custom)
2019-09-25 12:06:31,772 [pool-635-thread-1] INFO  segmented.SegmentedRaftLogWorker (SegmentedRaftLogWorker.java:lambda$new$0(132)) - d587b3c4-6743-4f9b-a5f7-0e55334fa092@group-C9383F01BD09-SegmentedRaftLogWorker: flushIndex: setUnconditionally 0 -> -1
2019-09-25 12:06:31,773 [pool-635-thread-1] INFO  server.RaftServerConfigKeys (ConfUtils.java:logGet(43)) - raft.server.snapshot.auto.trigger.enabled = true (custom)
2019-09-25 12:06:31,773 [pool-635-thread-1] INFO  server.RaftServerConfigKeys (ConfUtils.java:logGet(43)) - raft.server.snapshot.auto.trigger.threshold = 10000 (custom)
2019-09-25 12:06:31,773 [pool-635-thread-1] INFO  server.RaftServerConfigKeys (ConfUtils.java:logGet(43)) - raft.server.snapshot.retention.num.files = 5 (custom)
2019-09-25 12:06:31,773 [pool-635-thread-1] INFO  server.RaftServerConfigKeys (ConfUtils.java:logGet(43)) - raft.server.retrycache.expirytime = 600000ms (custom)
2019-09-25 12:06:31,774 [pool-635-thread-1] INFO  impl.RaftServerImpl (RaftServerImpl.java:start(185)) - d587b3c4-6743-4f9b-a5f7-0e55334fa092@group-C9383F01BD09: start as a follower, conf=-1: [d587b3c4-6743-4f9b-a5f7-0e55334fa092:192.168.151.73:33163], old=null
2019-09-25 12:06:31,774 [pool-635-thread-1] INFO  impl.RaftServerImpl (RaftServerImpl.java:setRole(174)) - d587b3c4-6743-4f9b-a5f7-0e55334fa092@group-C9383F01BD09: changes role from      null to FOLLOWER at term 0 for startAsFollower
2019-09-25 12:06:31,774 [pool-635-thread-1] INFO  impl.RoleInfo (RoleInfo.java:updateAndGet(143)) - d587b3c4-6743-4f9b-a5f7-0e55334fa092: start FollowerState
2019-09-25 12:06:31,775 [pool-635-thread-1] INFO  util.JmxRegister (JmxRegister.java:tryRegister(44)) - Successfully registered JMX Bean with object name Ratis:service=RaftServer,group=group-C9383F01BD09,id=d587b3c4-6743-4f9b-a5f7-0e55334fa092
2019-09-25 12:06:31,776 [RatisPipelineUtilsThread] INFO  pipeline.PipelineStateManager (PipelineStateManager.java:addPipeline(56)) - Created pipeline Pipeline[ Id: 9b0b48a1-7d1d-4a05-856e-c9383f01bd09, Nodes: d587b3c4-6743-4f9b-a5f7-0e55334fa092{ip: 192.168.151.73, host: pr-hdds-1569-shd4m-3693607622, networkLocation: /default-rack, certSerialId: null}, Type:RATIS, Factor:ONE, State:OPEN]
2019-09-25 12:06:31,777 [RatisPipelineUtilsThread] INFO  pipeline.PipelinePlacementPolicy (PipelinePlacementPolicy.java:meetCriteria(91)) - Pipeline Placement: can't place more pipeline on heavy datanode： f6c16d16-afc4-4153-950f-27a1e09b0667 Heaviness: 6 limit: 5
2019-09-25 12:06:31,777 [RatisPipelineUtilsThread] INFO  pipeline.PipelinePlacementPolicy (PipelinePlacementPolicy.java:meetCriteria(91)) - Pipeline Placement: can't place more pipeline on heavy datanode： 45cd06ff-25a2-484c-ae07-8678dc67fe17 Heaviness: 6 limit: 5
2019-09-25 12:06:31,777 [RatisPipelineUtilsThread] INFO  pipeline.PipelinePlacementPolicy (PipelinePlacementPolicy.java:meetCriteria(91)) - Pipeline Placement: can't place more pipeline on heavy datanode： 27e0b7c9-1b57-4073-b643-4210ac739ea7 Heaviness: 6 limit: 5
2019-09-25 12:06:31,777 [RatisPipelineUtilsThread] INFO  pipeline.PipelinePlacementPolicy (PipelinePlacementPolicy.java:meetCriteria(91)) - Pipeline Placement: can't place more pipeline on heavy datanode： 4265dd55-646c-4571-a7aa-5a5e7479765c Heaviness: 6 limit: 5
2019-09-25 12:06:31,777 [RatisPipelineUtilsThread] INFO  pipeline.PipelinePlacementPolicy (PipelinePlacementPolicy.java:meetCriteria(91)) - Pipeline Placement: can't place more pipeline on heavy datanode： b31e81a4-9d51-4c30-935b-af8637f1730a Heaviness: 6 limit: 5
2019-09-25 12:06:31,780 [grpc-default-executor-1] INFO  impl.RaftServerProxy (RaftServerProxy.java:addNew(89)) - 5d0cbd75-9945-4b44-9440-546a6022886b: addNew group-C04C67C9407E:[5d0cbd75-9945-4b44-9440-546a6022886b:192.168.151.73:37067] returns group-C04C67C9407E:java.util.concurrent.CompletableFuture@766afebb[Not completed]
2019-09-25 12:06:31,781 [pool-645-thread-1] INFO  impl.RaftServerImpl (RaftServerImpl.java:<init>(95)) - 5d0cbd75-9945-4b44-9440-546a6022886b: new RaftServerImpl for group-C04C67C9407E:[5d0cbd75-9945-4b44-9440-546a6022886b:192.168.151.73:37067] with ContainerStateMachine:uninitialized
2019-09-25 12:06:31,781 [pool-645-thread-1] INFO  server.RaftServerConfigKeys (ConfUtils.java:logGet(43)) - raft.server.rpc.timeout.min = 5s (custom)
2019-09-25 12:06:31,781 [pool-645-thread-1] INFO  server.RaftServerConfigKeys (ConfUtils.java:logGet(43)) - raft.server.rpc.timeout.max = 5200ms (custom)
2019-09-25 12:06:31,781 [pool-645-thread-1] INFO  server.RaftServerConfigKeys (ConfUtils.java:logGet(43)) - raft.server.rpcslowness.timeout = 120s (custom)
2019-09-25 12:06:31,781 [pool-645-thread-1] INFO  server.RaftServerConfigKeys (ConfUtils.java:logGet(43)) - raft.server.sleep.deviation.threshold = 300 (default)
2019-09-25 12:06:31,781 [pool-645-thread-1] INFO  server.RaftServerConfigKeys (ConfUtils.java:logGet(43)) - raft.server.log.appender.install.snapshot.enabled = false (custom)
2019-09-25 12:06:31,782 [pool-645-thread-1] INFO  impl.RaftServerImpl (ServerState.java:<init>(103)) - 5d0cbd75-9945-4b44-9440-546a6022886b@group-C04C67C9407E: ConfigurationManager, init=-1: [5d0cbd75-9945-4b44-9440-546a6022886b:192.168.151.73:37067], old=null, confs=<EMPTY_MAP>
2019-09-25 12:06:31,782 [pool-645-thread-1] INFO  server.RaftServerConfigKeys (ConfUtils.java:logGet(43)) - raft.server.storage.dir = [/workdir/hadoop-ozone/integration-test/target/test-dir/MiniOzoneClusterImpl-587876f3-3d98-4cc8-9a43-bf4d205d7dbe/datanode-6/data/ratis] (custom)
2019-09-25 12:06:31,782 [pool-645-thread-1] INFO  storage.RaftStorageDirectory (RaftStorageDirectory.java:analyzeStorage(246)) - The storage directory /workdir/hadoop-ozone/integration-test/target/test-dir/MiniOzoneClusterImpl-587876f3-3d98-4cc8-9a43-bf4d205d7dbe/datanode-6/data/ratis/0f9eaa5f-ee69-4636-be18-c04c67c9407e does not exist. Creating ...
2019-09-25 12:06:31,789 [pool-645-thread-1] INFO  storage.RaftStorageDirectory (RaftStorageDirectory.java:tryLock(328)) - Lock on /workdir/hadoop-ozone/integration-test/target/test-dir/MiniOzoneClusterImpl-587876f3-3d98-4cc8-9a43-bf4d205d7dbe/datanode-6/data/ratis/0f9eaa5f-ee69-4636-be18-c04c67c9407e/in_use.lock acquired by nodename 24979@pr-hdds-1569-shd4m-3693607622
2019-09-25 12:06:31,802 [pool-645-thread-1] INFO  storage.RaftStorage (RaftStorage.java:format(72)) - Storage directory /workdir/hadoop-ozone/integration-test/target/test-dir/MiniOzoneClusterImpl-587876f3-3d98-4cc8-9a43-bf4d205d7dbe/datanode-6/data/ratis/0f9eaa5f-ee69-4636-be18-c04c67c9407e has been successfully formatted.
2019-09-25 12:06:31,802 [pool-645-thread-1] INFO  ratis.ContainerStateMachine (ContainerStateMachine.java:loadSnapshot(230)) - group-C04C67C9407E: The snapshot info is null. Setting the last applied indexto:(t:0, i:~)
2019-09-25 12:06:31,802 [pool-645-thread-1] INFO  server.RaftServerConfigKeys (ConfUtils.java:logGet(43)) - raft.server.notification.no-leader.timeout = 120s (custom)
2019-09-25 12:06:31,802 [pool-645-thread-1] INFO  server.RaftServerConfigKeys (ConfUtils.java:logGet(43)) - raft.server.log.use.memory = false (default)
2019-09-25 12:06:31,803 [pool-645-thread-1] INFO  server.RaftServerConfigKeys (ConfUtils.java:logGet(43)) - raft.server.log.purge.gap = 1000000 (custom)
2019-09-25 12:06:31,803 [pool-645-thread-1] INFO  server.RaftServerConfigKeys (ConfUtils.java:logGet(43)) - raft.server.log.appender.buffer.byte-limit = 33554432 (custom)
2019-09-25 12:06:31,803 [pool-645-thread-1] INFO  server.RaftServerConfigKeys (ConfUtils.java:logGet(43)) - raft.server.log.segment.size.max = 1048576 (custom)
2019-09-25 12:06:31,803 [pool-645-thread-1] INFO  server.RaftServerConfigKeys (ConfUtils.java:logGet(43)) - raft.server.log.segment.cache.num.max = 2 (custom)
2019-09-25 12:06:31,803 [pool-645-thread-1] INFO  segmented.SegmentedRaftLogWorker (SegmentedRaftLogWorker.java:<init>(172)) - new 5d0cbd75-9945-4b44-9440-546a6022886b@group-C04C67C9407E-SegmentedRaftLogWorker for RaftStorage:Storage Directory /workdir/hadoop-ozone/integration-test/target/test-dir/MiniOzoneClusterImpl-587876f3-3d98-4cc8-9a43-bf4d205d7dbe/datanode-6/data/ratis/0f9eaa5f-ee69-4636-be18-c04c67c9407e
2019-09-25 12:06:31,803 [pool-645-thread-1] INFO  server.RaftServerConfigKeys (ConfUtils.java:logGet(43)) - raft.server.log.queue.byte-limit = 2147483647 (custom)
2019-09-25 12:06:31,803 [pool-645-thread-1] INFO  server.RaftServerConfigKeys (ConfUtils.java:logGet(43)) - raft.server.log.queue.element-limit = 1024 (custom)
2019-09-25 12:06:31,803 [pool-645-thread-1] INFO  server.RaftServerConfigKeys (ConfUtils.java:logGet(43)) - raft.server.log.segment.size.max = 1048576 (custom)
2019-09-25 12:06:31,803 [pool-645-thread-1] INFO  server.RaftServerConfigKeys (ConfUtils.java:logGet(43)) - raft.server.log.preallocated.size = 16384 (custom)
2019-09-25 12:06:31,804 [pool-645-thread-1] INFO  server.RaftServerConfigKeys (ConfUtils.java:logGet(43)) - raft.server.log.write.buffer.size = 33554432 (custom)
2019-09-25 12:06:31,804 [pool-645-thread-1] INFO  server.RaftServerConfigKeys (ConfUtils.java:logGet(43)) - raft.server.log.force.sync.num = 128 (default)
2019-09-25 12:06:31,804 [pool-645-thread-1] INFO  server.RaftServerConfigKeys (ConfUtils.java:logGet(43)) - raft.server.log.statemachine.data.sync = true (default)
2019-09-25 12:06:31,804 [pool-645-thread-1] INFO  server.RaftServerConfigKeys (ConfUtils.java:logGet(43)) - raft.server.log.statemachine.data.sync.timeout = 10s (default)
2019-09-25 12:06:31,804 [pool-645-thread-1] INFO  server.RaftServerConfigKeys (ConfUtils.java:logGet(43)) - raft.server.log.statemachine.data.sync.timeout.retry = -1 (default)
2019-09-25 12:06:31,804 [pool-645-thread-1] INFO  server.RaftServerConfigKeys (ConfUtils.java:logGet(43)) - raft.server.log.statemachine.data.caching.enabled = true (custom)
2019-09-25 12:06:31,804 [pool-645-thread-1] INFO  segmented.SegmentedRaftLogWorker (SegmentedRaftLogWorker.java:lambda$new$0(132)) - 5d0cbd75-9945-4b44-9440-546a6022886b@group-C04C67C9407E-SegmentedRaftLogWorker: flushIndex: setUnconditionally 0 -> -1
2019-09-25 12:06:31,805 [pool-645-thread-1] INFO  server.RaftServerConfigKeys (ConfUtils.java:logGet(43)) - raft.server.snapshot.auto.trigger.enabled = true (custom)
2019-09-25 12:06:31,805 [pool-645-thread-1] INFO  server.RaftServerConfigKeys (ConfUtils.java:logGet(43)) - raft.server.snapshot.auto.trigger.threshold = 10000 (custom)
2019-09-25 12:06:31,805 [pool-645-thread-1] INFO  server.RaftServerConfigKeys (ConfUtils.java:logGet(43)) - raft.server.snapshot.retention.num.files = 5 (custom)
2019-09-25 12:06:31,805 [pool-645-thread-1] INFO  server.RaftServerConfigKeys (ConfUtils.java:logGet(43)) - raft.server.retrycache.expirytime = 600000ms (custom)
2019-09-25 12:06:31,806 [pool-645-thread-1] INFO  impl.RaftServerImpl (RaftServerImpl.java:start(185)) - 5d0cbd75-9945-4b44-9440-546a6022886b@group-C04C67C9407E: start as a follower, conf=-1: [5d0cbd75-9945-4b44-9440-546a6022886b:192.168.151.73:37067], old=null
2019-09-25 12:06:31,806 [pool-645-thread-1] INFO  impl.RaftServerImpl (RaftServerImpl.java:setRole(174)) - 5d0cbd75-9945-4b44-9440-546a6022886b@group-C04C67C9407E: changes role from      null to FOLLOWER at term 0 for startAsFollower
2019-09-25 12:06:31,806 [pool-645-thread-1] INFO  impl.RoleInfo (RoleInfo.java:updateAndGet(143)) - 5d0cbd75-9945-4b44-9440-546a6022886b: start FollowerState
2019-09-25 12:06:31,807 [pool-645-thread-1] INFO  util.JmxRegister (JmxRegister.java:tryRegister(44)) - Successfully registered JMX Bean with object name Ratis:service=RaftServer,group=group-C04C67C9407E,id=5d0cbd75-9945-4b44-9440-546a6022886b
2019-09-25 12:06:31,808 [RatisPipelineUtilsThread] INFO  pipeline.PipelineStateManager (PipelineStateManager.java:addPipeline(56)) - Created pipeline Pipeline[ Id: 0f9eaa5f-ee69-4636-be18-c04c67c9407e, Nodes: 5d0cbd75-9945-4b44-9440-546a6022886b{ip: 192.168.151.73, host: pr-hdds-1569-shd4m-3693607622, networkLocation: /default-rack, certSerialId: null}, Type:RATIS, Factor:ONE, State:OPEN]
2019-09-25 12:06:31,809 [RatisPipelineUtilsThread] INFO  pipeline.PipelinePlacementPolicy (PipelinePlacementPolicy.java:meetCriteria(91)) - Pipeline Placement: can't place more pipeline on heavy datanode： f6c16d16-afc4-4153-950f-27a1e09b0667 Heaviness: 6 limit: 5
2019-09-25 12:06:31,809 [RatisPipelineUtilsThread] INFO  pipeline.PipelinePlacementPolicy (PipelinePlacementPolicy.java:meetCriteria(91)) - Pipeline Placement: can't place more pipeline on heavy datanode： 45cd06ff-25a2-484c-ae07-8678dc67fe17 Heaviness: 6 limit: 5
2019-09-25 12:06:31,809 [RatisPipelineUtilsThread] INFO  pipeline.PipelinePlacementPolicy (PipelinePlacementPolicy.java:meetCriteria(91)) - Pipeline Placement: can't place more pipeline on heavy datanode： 27e0b7c9-1b57-4073-b643-4210ac739ea7 Heaviness: 6 limit: 5
2019-09-25 12:06:31,809 [RatisPipelineUtilsThread] INFO  pipeline.PipelinePlacementPolicy (PipelinePlacementPolicy.java:meetCriteria(91)) - Pipeline Placement: can't place more pipeline on heavy datanode： 4265dd55-646c-4571-a7aa-5a5e7479765c Heaviness: 6 limit: 5
2019-09-25 12:06:31,809 [RatisPipelineUtilsThread] INFO  pipeline.PipelinePlacementPolicy (PipelinePlacementPolicy.java:meetCriteria(91)) - Pipeline Placement: can't place more pipeline on heavy datanode： b31e81a4-9d51-4c30-935b-af8637f1730a Heaviness: 6 limit: 5
2019-09-25 12:06:31,813 [grpc-default-executor-1] INFO  impl.RaftServerProxy (RaftServerProxy.java:addNew(89)) - d587b3c4-6743-4f9b-a5f7-0e55334fa092: addNew group-40B4461A255B:[d587b3c4-6743-4f9b-a5f7-0e55334fa092:192.168.151.73:33163] returns group-40B4461A255B:java.util.concurrent.CompletableFuture@12bbcd57[Not completed]
2019-09-25 12:06:31,813 [pool-635-thread-1] INFO  impl.RaftServerImpl (RaftServerImpl.java:<init>(95)) - d587b3c4-6743-4f9b-a5f7-0e55334fa092: new RaftServerImpl for group-40B4461A255B:[d587b3c4-6743-4f9b-a5f7-0e55334fa092:192.168.151.73:33163] with ContainerStateMachine:uninitialized
2019-09-25 12:06:31,813 [pool-635-thread-1] INFO  server.RaftServerConfigKeys (ConfUtils.java:logGet(43)) - raft.server.rpc.timeout.min = 5s (custom)
2019-09-25 12:06:31,813 [pool-635-thread-1] INFO  server.RaftServerConfigKeys (ConfUtils.java:logGet(43)) - raft.server.rpc.timeout.max = 5200ms (custom)
2019-09-25 12:06:31,813 [pool-635-thread-1] INFO  server.RaftServerConfigKeys (ConfUtils.java:logGet(43)) - raft.server.rpcslowness.timeout = 120s (custom)
2019-09-25 12:06:31,813 [pool-635-thread-1] INFO  server.RaftServerConfigKeys (ConfUtils.java:logGet(43)) - raft.server.sleep.deviation.threshold = 300 (default)
2019-09-25 12:06:31,813 [pool-635-thread-1] INFO  server.RaftServerConfigKeys (ConfUtils.java:logGet(43)) - raft.server.log.appender.install.snapshot.enabled = false (custom)
2019-09-25 12:06:31,813 [pool-635-thread-1] INFO  impl.RaftServerImpl (ServerState.java:<init>(103)) - d587b3c4-6743-4f9b-a5f7-0e55334fa092@group-40B4461A255B: ConfigurationManager, init=-1: [d587b3c4-6743-4f9b-a5f7-0e55334fa092:192.168.151.73:33163], old=null, confs=<EMPTY_MAP>
2019-09-25 12:06:31,814 [pool-635-thread-1] INFO  server.RaftServerConfigKeys (ConfUtils.java:logGet(43)) - raft.server.storage.dir = [/workdir/hadoop-ozone/integration-test/target/test-dir/MiniOzoneClusterImpl-587876f3-3d98-4cc8-9a43-bf4d205d7dbe/datanode-5/data/ratis] (custom)
2019-09-25 12:06:31,814 [pool-635-thread-1] INFO  storage.RaftStorageDirectory (RaftStorageDirectory.java:analyzeStorage(246)) - The storage directory /workdir/hadoop-ozone/integration-test/target/test-dir/MiniOzoneClusterImpl-587876f3-3d98-4cc8-9a43-bf4d205d7dbe/datanode-5/data/ratis/3d9bd1fa-91f6-4878-83a9-40b4461a255b does not exist. Creating ...
2019-09-25 12:06:31,828 [pool-635-thread-1] INFO  storage.RaftStorageDirectory (RaftStorageDirectory.java:tryLock(328)) - Lock on /workdir/hadoop-ozone/integration-test/target/test-dir/MiniOzoneClusterImpl-587876f3-3d98-4cc8-9a43-bf4d205d7dbe/datanode-5/data/ratis/3d9bd1fa-91f6-4878-83a9-40b4461a255b/in_use.lock acquired by nodename 24979@pr-hdds-1569-shd4m-3693607622
2019-09-25 12:06:31,842 [pool-635-thread-1] INFO  storage.RaftStorage (RaftStorage.java:format(72)) - Storage directory /workdir/hadoop-ozone/integration-test/target/test-dir/MiniOzoneClusterImpl-587876f3-3d98-4cc8-9a43-bf4d205d7dbe/datanode-5/data/ratis/3d9bd1fa-91f6-4878-83a9-40b4461a255b has been successfully formatted.
2019-09-25 12:06:31,842 [pool-635-thread-1] INFO  ratis.ContainerStateMachine (ContainerStateMachine.java:loadSnapshot(230)) - group-40B4461A255B: The snapshot info is null. Setting the last applied indexto:(t:0, i:~)
2019-09-25 12:06:31,842 [pool-635-thread-1] INFO  server.RaftServerConfigKeys (ConfUtils.java:logGet(43)) - raft.server.notification.no-leader.timeout = 120s (custom)
2019-09-25 12:06:31,842 [pool-635-thread-1] INFO  server.RaftServerConfigKeys (ConfUtils.java:logGet(43)) - raft.server.log.use.memory = false (default)
2019-09-25 12:06:31,842 [pool-635-thread-1] INFO  server.RaftServerConfigKeys (ConfUtils.java:logGet(43)) - raft.server.log.purge.gap = 1000000 (custom)
2019-09-25 12:06:31,842 [pool-635-thread-1] INFO  server.RaftServerConfigKeys (ConfUtils.java:logGet(43)) - raft.server.log.appender.buffer.byte-limit = 33554432 (custom)
2019-09-25 12:06:31,843 [pool-635-thread-1] INFO  server.RaftServerConfigKeys (ConfUtils.java:logGet(43)) - raft.server.log.segment.size.max = 1048576 (custom)
2019-09-25 12:06:31,843 [pool-635-thread-1] INFO  server.RaftServerConfigKeys (ConfUtils.java:logGet(43)) - raft.server.log.segment.cache.num.max = 2 (custom)
2019-09-25 12:06:31,843 [pool-635-thread-1] INFO  segmented.SegmentedRaftLogWorker (SegmentedRaftLogWorker.java:<init>(172)) - new d587b3c4-6743-4f9b-a5f7-0e55334fa092@group-40B4461A255B-SegmentedRaftLogWorker for RaftStorage:Storage Directory /workdir/hadoop-ozone/integration-test/target/test-dir/MiniOzoneClusterImpl-587876f3-3d98-4cc8-9a43-bf4d205d7dbe/datanode-5/data/ratis/3d9bd1fa-91f6-4878-83a9-40b4461a255b
2019-09-25 12:06:31,843 [pool-635-thread-1] INFO  server.RaftServerConfigKeys (ConfUtils.java:logGet(43)) - raft.server.log.queue.byte-limit = 2147483647 (custom)
2019-09-25 12:06:31,843 [pool-635-thread-1] INFO  server.RaftServerConfigKeys (ConfUtils.java:logGet(43)) - raft.server.log.queue.element-limit = 1024 (custom)
2019-09-25 12:06:31,843 [pool-635-thread-1] INFO  server.RaftServerConfigKeys (ConfUtils.java:logGet(43)) - raft.server.log.segment.size.max = 1048576 (custom)
2019-09-25 12:06:31,843 [pool-635-thread-1] INFO  server.RaftServerConfigKeys (ConfUtils.java:logGet(43)) - raft.server.log.preallocated.size = 16384 (custom)
2019-09-25 12:06:31,844 [pool-635-thread-1] INFO  server.RaftServerConfigKeys (ConfUtils.java:logGet(43)) - raft.server.log.write.buffer.size = 33554432 (custom)
2019-09-25 12:06:31,844 [pool-635-thread-1] INFO  server.RaftServerConfigKeys (ConfUtils.java:logGet(43)) - raft.server.log.force.sync.num = 128 (default)
2019-09-25 12:06:31,844 [pool-635-thread-1] INFO  server.RaftServerConfigKeys (ConfUtils.java:logGet(43)) - raft.server.log.statemachine.data.sync = true (default)
2019-09-25 12:06:31,844 [pool-635-thread-1] INFO  server.RaftServerConfigKeys (ConfUtils.java:logGet(43)) - raft.server.log.statemachine.data.sync.timeout = 10s (default)
2019-09-25 12:06:31,844 [pool-635-thread-1] INFO  server.RaftServerConfigKeys (ConfUtils.java:logGet(43)) - raft.server.log.statemachine.data.sync.timeout.retry = -1 (default)
2019-09-25 12:06:31,844 [pool-635-thread-1] INFO  server.RaftServerConfigKeys (ConfUtils.java:logGet(43)) - raft.server.log.statemachine.data.caching.enabled = true (custom)
2019-09-25 12:06:31,845 [pool-635-thread-1] INFO  segmented.SegmentedRaftLogWorker (SegmentedRaftLogWorker.java:lambda$new$0(132)) - d587b3c4-6743-4f9b-a5f7-0e55334fa092@group-40B4461A255B-SegmentedRaftLogWorker: flushIndex: setUnconditionally 0 -> -1
2019-09-25 12:06:31,845 [pool-635-thread-1] INFO  server.RaftServerConfigKeys (ConfUtils.java:logGet(43)) - raft.server.snapshot.auto.trigger.enabled = true (custom)
2019-09-25 12:06:31,845 [pool-635-thread-1] INFO  server.RaftServerConfigKeys (ConfUtils.java:logGet(43)) - raft.server.snapshot.auto.trigger.threshold = 10000 (custom)
2019-09-25 12:06:31,845 [pool-635-thread-1] INFO  server.RaftServerConfigKeys (ConfUtils.java:logGet(43)) - raft.server.snapshot.retention.num.files = 5 (custom)
2019-09-25 12:06:31,845 [pool-635-thread-1] INFO  server.RaftServerConfigKeys (ConfUtils.java:logGet(43)) - raft.server.retrycache.expirytime = 600000ms (custom)
2019-09-25 12:06:31,847 [pool-635-thread-1] INFO  impl.RaftServerImpl (RaftServerImpl.java:start(185)) - d587b3c4-6743-4f9b-a5f7-0e55334fa092@group-40B4461A255B: start as a follower, conf=-1: [d587b3c4-6743-4f9b-a5f7-0e55334fa092:192.168.151.73:33163], old=null
2019-09-25 12:06:31,847 [pool-635-thread-1] INFO  impl.RaftServerImpl (RaftServerImpl.java:setRole(174)) - d587b3c4-6743-4f9b-a5f7-0e55334fa092@group-40B4461A255B: changes role from      null to FOLLOWER at term 0 for startAsFollower
2019-09-25 12:06:31,847 [pool-635-thread-1] INFO  impl.RoleInfo (RoleInfo.java:updateAndGet(143)) - d587b3c4-6743-4f9b-a5f7-0e55334fa092: start FollowerState
2019-09-25 12:06:31,848 [pool-635-thread-1] INFO  util.JmxRegister (JmxRegister.java:tryRegister(44)) - Successfully registered JMX Bean with object name Ratis:service=RaftServer,group=group-40B4461A255B,id=d587b3c4-6743-4f9b-a5f7-0e55334fa092
2019-09-25 12:06:31,850 [RatisPipelineUtilsThread] INFO  pipeline.PipelineStateManager (PipelineStateManager.java:addPipeline(56)) - Created pipeline Pipeline[ Id: 3d9bd1fa-91f6-4878-83a9-40b4461a255b, Nodes: d587b3c4-6743-4f9b-a5f7-0e55334fa092{ip: 192.168.151.73, host: pr-hdds-1569-shd4m-3693607622, networkLocation: /default-rack, certSerialId: null}, Type:RATIS, Factor:ONE, State:OPEN]
2019-09-25 12:06:31,850 [RatisPipelineUtilsThread] INFO  pipeline.PipelinePlacementPolicy (PipelinePlacementPolicy.java:meetCriteria(91)) - Pipeline Placement: can't place more pipeline on heavy datanode： f6c16d16-afc4-4153-950f-27a1e09b0667 Heaviness: 6 limit: 5
2019-09-25 12:06:31,850 [RatisPipelineUtilsThread] INFO  pipeline.PipelinePlacementPolicy (PipelinePlacementPolicy.java:meetCriteria(91)) - Pipeline Placement: can't place more pipeline on heavy datanode： 45cd06ff-25a2-484c-ae07-8678dc67fe17 Heaviness: 6 limit: 5
2019-09-25 12:06:31,850 [RatisPipelineUtilsThread] INFO  pipeline.PipelinePlacementPolicy (PipelinePlacementPolicy.java:meetCriteria(91)) - Pipeline Placement: can't place more pipeline on heavy datanode： 27e0b7c9-1b57-4073-b643-4210ac739ea7 Heaviness: 6 limit: 5
2019-09-25 12:06:31,851 [RatisPipelineUtilsThread] INFO  pipeline.PipelinePlacementPolicy (PipelinePlacementPolicy.java:meetCriteria(91)) - Pipeline Placement: can't place more pipeline on heavy datanode： 4265dd55-646c-4571-a7aa-5a5e7479765c Heaviness: 6 limit: 5
2019-09-25 12:06:31,851 [RatisPipelineUtilsThread] INFO  pipeline.PipelinePlacementPolicy (PipelinePlacementPolicy.java:meetCriteria(91)) - Pipeline Placement: can't place more pipeline on heavy datanode： b31e81a4-9d51-4c30-935b-af8637f1730a Heaviness: 6 limit: 5
2019-09-25 12:06:31,854 [grpc-default-executor-1] INFO  impl.RaftServerProxy (RaftServerProxy.java:addNew(89)) - d587b3c4-6743-4f9b-a5f7-0e55334fa092: addNew group-F26DDF6DA1FB:[d587b3c4-6743-4f9b-a5f7-0e55334fa092:192.168.151.73:33163] returns group-F26DDF6DA1FB:java.util.concurrent.CompletableFuture@357d3698[Not completed]
2019-09-25 12:06:31,855 [pool-635-thread-1] INFO  impl.RaftServerImpl (RaftServerImpl.java:<init>(95)) - d587b3c4-6743-4f9b-a5f7-0e55334fa092: new RaftServerImpl for group-F26DDF6DA1FB:[d587b3c4-6743-4f9b-a5f7-0e55334fa092:192.168.151.73:33163] with ContainerStateMachine:uninitialized
2019-09-25 12:06:31,855 [pool-635-thread-1] INFO  server.RaftServerConfigKeys (ConfUtils.java:logGet(43)) - raft.server.rpc.timeout.min = 5s (custom)
2019-09-25 12:06:31,855 [pool-635-thread-1] INFO  server.RaftServerConfigKeys (ConfUtils.java:logGet(43)) - raft.server.rpc.timeout.max = 5200ms (custom)
2019-09-25 12:06:31,855 [pool-635-thread-1] INFO  server.RaftServerConfigKeys (ConfUtils.java:logGet(43)) - raft.server.rpcslowness.timeout = 120s (custom)
2019-09-25 12:06:31,855 [pool-635-thread-1] INFO  server.RaftServerConfigKeys (ConfUtils.java:logGet(43)) - raft.server.sleep.deviation.threshold = 300 (default)
2019-09-25 12:06:31,855 [pool-635-thread-1] INFO  server.RaftServerConfigKeys (ConfUtils.java:logGet(43)) - raft.server.log.appender.install.snapshot.enabled = false (custom)
2019-09-25 12:06:31,856 [pool-635-thread-1] INFO  impl.RaftServerImpl (ServerState.java:<init>(103)) - d587b3c4-6743-4f9b-a5f7-0e55334fa092@group-F26DDF6DA1FB: ConfigurationManager, init=-1: [d587b3c4-6743-4f9b-a5f7-0e55334fa092:192.168.151.73:33163], old=null, confs=<EMPTY_MAP>
2019-09-25 12:06:31,856 [pool-635-thread-1] INFO  server.RaftServerConfigKeys (ConfUtils.java:logGet(43)) - raft.server.storage.dir = [/workdir/hadoop-ozone/integration-test/target/test-dir/MiniOzoneClusterImpl-587876f3-3d98-4cc8-9a43-bf4d205d7dbe/datanode-5/data/ratis] (custom)
2019-09-25 12:06:31,856 [pool-635-thread-1] INFO  storage.RaftStorageDirectory (RaftStorageDirectory.java:analyzeStorage(246)) - The storage directory /workdir/hadoop-ozone/integration-test/target/test-dir/MiniOzoneClusterImpl-587876f3-3d98-4cc8-9a43-bf4d205d7dbe/datanode-5/data/ratis/44c464df-5c53-48ed-93d2-f26ddf6da1fb does not exist. Creating ...
2019-09-25 12:06:31,869 [pool-635-thread-1] INFO  storage.RaftStorageDirectory (RaftStorageDirectory.java:tryLock(328)) - Lock on /workdir/hadoop-ozone/integration-test/target/test-dir/MiniOzoneClusterImpl-587876f3-3d98-4cc8-9a43-bf4d205d7dbe/datanode-5/data/ratis/44c464df-5c53-48ed-93d2-f26ddf6da1fb/in_use.lock acquired by nodename 24979@pr-hdds-1569-shd4m-3693607622
2019-09-25 12:06:31,882 [pool-635-thread-1] INFO  storage.RaftStorage (RaftStorage.java:format(72)) - Storage directory /workdir/hadoop-ozone/integration-test/target/test-dir/MiniOzoneClusterImpl-587876f3-3d98-4cc8-9a43-bf4d205d7dbe/datanode-5/data/ratis/44c464df-5c53-48ed-93d2-f26ddf6da1fb has been successfully formatted.
2019-09-25 12:06:31,882 [pool-635-thread-1] INFO  ratis.ContainerStateMachine (ContainerStateMachine.java:loadSnapshot(230)) - group-F26DDF6DA1FB: The snapshot info is null. Setting the last applied indexto:(t:0, i:~)
2019-09-25 12:06:31,882 [pool-635-thread-1] INFO  server.RaftServerConfigKeys (ConfUtils.java:logGet(43)) - raft.server.notification.no-leader.timeout = 120s (custom)
2019-09-25 12:06:31,882 [pool-635-thread-1] INFO  server.RaftServerConfigKeys (ConfUtils.java:logGet(43)) - raft.server.log.use.memory = false (default)
2019-09-25 12:06:31,883 [pool-635-thread-1] INFO  server.RaftServerConfigKeys (ConfUtils.java:logGet(43)) - raft.server.log.purge.gap = 1000000 (custom)
2019-09-25 12:06:31,883 [pool-635-thread-1] INFO  server.RaftServerConfigKeys (ConfUtils.java:logGet(43)) - raft.server.log.appender.buffer.byte-limit = 33554432 (custom)
2019-09-25 12:06:31,883 [pool-635-thread-1] INFO  server.RaftServerConfigKeys (ConfUtils.java:logGet(43)) - raft.server.log.segment.size.max = 1048576 (custom)
2019-09-25 12:06:31,883 [pool-635-thread-1] INFO  server.RaftServerConfigKeys (ConfUtils.java:logGet(43)) - raft.server.log.segment.cache.num.max = 2 (custom)
2019-09-25 12:06:31,883 [pool-635-thread-1] INFO  segmented.SegmentedRaftLogWorker (SegmentedRaftLogWorker.java:<init>(172)) - new d587b3c4-6743-4f9b-a5f7-0e55334fa092@group-F26DDF6DA1FB-SegmentedRaftLogWorker for RaftStorage:Storage Directory /workdir/hadoop-ozone/integration-test/target/test-dir/MiniOzoneClusterImpl-587876f3-3d98-4cc8-9a43-bf4d205d7dbe/datanode-5/data/ratis/44c464df-5c53-48ed-93d2-f26ddf6da1fb
2019-09-25 12:06:31,883 [pool-635-thread-1] INFO  server.RaftServerConfigKeys (ConfUtils.java:logGet(43)) - raft.server.log.queue.byte-limit = 2147483647 (custom)
2019-09-25 12:06:31,884 [pool-635-thread-1] INFO  server.RaftServerConfigKeys (ConfUtils.java:logGet(43)) - raft.server.log.queue.element-limit = 1024 (custom)
2019-09-25 12:06:31,884 [pool-635-thread-1] INFO  server.RaftServerConfigKeys (ConfUtils.java:logGet(43)) - raft.server.log.segment.size.max = 1048576 (custom)
2019-09-25 12:06:31,884 [pool-635-thread-1] INFO  server.RaftServerConfigKeys (ConfUtils.java:logGet(43)) - raft.server.log.preallocated.size = 16384 (custom)
2019-09-25 12:06:31,884 [pool-635-thread-1] INFO  server.RaftServerConfigKeys (ConfUtils.java:logGet(43)) - raft.server.log.write.buffer.size = 33554432 (custom)
2019-09-25 12:06:31,884 [pool-635-thread-1] INFO  server.RaftServerConfigKeys (ConfUtils.java:logGet(43)) - raft.server.log.force.sync.num = 128 (default)
2019-09-25 12:06:31,884 [pool-635-thread-1] INFO  server.RaftServerConfigKeys (ConfUtils.java:logGet(43)) - raft.server.log.statemachine.data.sync = true (default)
2019-09-25 12:06:31,885 [pool-635-thread-1] INFO  server.RaftServerConfigKeys (ConfUtils.java:logGet(43)) - raft.server.log.statemachine.data.sync.timeout = 10s (default)
2019-09-25 12:06:31,885 [pool-635-thread-1] INFO  server.RaftServerConfigKeys (ConfUtils.java:logGet(43)) - raft.server.log.statemachine.data.sync.timeout.retry = -1 (default)
2019-09-25 12:06:31,885 [pool-635-thread-1] INFO  server.RaftServerConfigKeys (ConfUtils.java:logGet(43)) - raft.server.log.statemachine.data.caching.enabled = true (custom)
2019-09-25 12:06:31,885 [pool-635-thread-1] INFO  segmented.SegmentedRaftLogWorker (SegmentedRaftLogWorker.java:lambda$new$0(132)) - d587b3c4-6743-4f9b-a5f7-0e55334fa092@group-F26DDF6DA1FB-SegmentedRaftLogWorker: flushIndex: setUnconditionally 0 -> -1
2019-09-25 12:06:31,886 [pool-635-thread-1] INFO  server.RaftServerConfigKeys (ConfUtils.java:logGet(43)) - raft.server.snapshot.auto.trigger.enabled = true (custom)
2019-09-25 12:06:31,886 [pool-635-thread-1] INFO  server.RaftServerConfigKeys (ConfUtils.java:logGet(43)) - raft.server.snapshot.auto.trigger.threshold = 10000 (custom)
2019-09-25 12:06:31,886 [pool-635-thread-1] INFO  server.RaftServerConfigKeys (ConfUtils.java:logGet(43)) - raft.server.snapshot.retention.num.files = 5 (custom)
2019-09-25 12:06:31,886 [pool-635-thread-1] INFO  server.RaftServerConfigKeys (ConfUtils.java:logGet(43)) - raft.server.retrycache.expirytime = 600000ms (custom)
2019-09-25 12:06:31,888 [pool-635-thread-1] INFO  impl.RaftServerImpl (RaftServerImpl.java:start(185)) - d587b3c4-6743-4f9b-a5f7-0e55334fa092@group-F26DDF6DA1FB: start as a follower, conf=-1: [d587b3c4-6743-4f9b-a5f7-0e55334fa092:192.168.151.73:33163], old=null
2019-09-25 12:06:31,888 [pool-635-thread-1] INFO  impl.RaftServerImpl (RaftServerImpl.java:setRole(174)) - d587b3c4-6743-4f9b-a5f7-0e55334fa092@group-F26DDF6DA1FB: changes role from      null to FOLLOWER at term 0 for startAsFollower
2019-09-25 12:06:31,888 [pool-635-thread-1] INFO  impl.RoleInfo (RoleInfo.java:updateAndGet(143)) - d587b3c4-6743-4f9b-a5f7-0e55334fa092: start FollowerState
2019-09-25 12:06:31,889 [pool-635-thread-1] INFO  util.JmxRegister (JmxRegister.java:tryRegister(44)) - Successfully registered JMX Bean with object name Ratis:service=RaftServer,group=group-F26DDF6DA1FB,id=d587b3c4-6743-4f9b-a5f7-0e55334fa092
2019-09-25 12:06:31,891 [RatisPipelineUtilsThread] INFO  pipeline.PipelineStateManager (PipelineStateManager.java:addPipeline(56)) - Created pipeline Pipeline[ Id: 44c464df-5c53-48ed-93d2-f26ddf6da1fb, Nodes: d587b3c4-6743-4f9b-a5f7-0e55334fa092{ip: 192.168.151.73, host: pr-hdds-1569-shd4m-3693607622, networkLocation: /default-rack, certSerialId: null}, Type:RATIS, Factor:ONE, State:OPEN]
2019-09-25 12:06:31,891 [RatisPipelineUtilsThread] INFO  pipeline.PipelinePlacementPolicy (PipelinePlacementPolicy.java:meetCriteria(91)) - Pipeline Placement: can't place more pipeline on heavy datanode： f6c16d16-afc4-4153-950f-27a1e09b0667 Heaviness: 6 limit: 5
2019-09-25 12:06:31,891 [RatisPipelineUtilsThread] INFO  pipeline.PipelinePlacementPolicy (PipelinePlacementPolicy.java:meetCriteria(91)) - Pipeline Placement: can't place more pipeline on heavy datanode： 45cd06ff-25a2-484c-ae07-8678dc67fe17 Heaviness: 6 limit: 5
2019-09-25 12:06:31,891 [RatisPipelineUtilsThread] INFO  pipeline.PipelinePlacementPolicy (PipelinePlacementPolicy.java:meetCriteria(91)) - Pipeline Placement: can't place more pipeline on heavy datanode： d587b3c4-6743-4f9b-a5f7-0e55334fa092 Heaviness: 6 limit: 5
2019-09-25 12:06:31,891 [RatisPipelineUtilsThread] INFO  pipeline.PipelinePlacementPolicy (PipelinePlacementPolicy.java:meetCriteria(91)) - Pipeline Placement: can't place more pipeline on heavy datanode： 27e0b7c9-1b57-4073-b643-4210ac739ea7 Heaviness: 6 limit: 5
2019-09-25 12:06:31,892 [RatisPipelineUtilsThread] INFO  pipeline.PipelinePlacementPolicy (PipelinePlacementPolicy.java:meetCriteria(91)) - Pipeline Placement: can't place more pipeline on heavy datanode： 4265dd55-646c-4571-a7aa-5a5e7479765c Heaviness: 6 limit: 5
2019-09-25 12:06:31,892 [RatisPipelineUtilsThread] INFO  pipeline.PipelinePlacementPolicy (PipelinePlacementPolicy.java:meetCriteria(91)) - Pipeline Placement: can't place more pipeline on heavy datanode： b31e81a4-9d51-4c30-935b-af8637f1730a Heaviness: 6 limit: 5
2019-09-25 12:06:31,896 [grpc-default-executor-1] INFO  impl.RaftServerProxy (RaftServerProxy.java:addNew(89)) - 5d0cbd75-9945-4b44-9440-546a6022886b: addNew group-8C7BD8BBEF47:[5d0cbd75-9945-4b44-9440-546a6022886b:192.168.151.73:37067] returns group-8C7BD8BBEF47:java.util.concurrent.CompletableFuture@783b921c[Not completed]
2019-09-25 12:06:31,896 [pool-645-thread-1] INFO  impl.RaftServerImpl (RaftServerImpl.java:<init>(95)) - 5d0cbd75-9945-4b44-9440-546a6022886b: new RaftServerImpl for group-8C7BD8BBEF47:[5d0cbd75-9945-4b44-9440-546a6022886b:192.168.151.73:37067] with ContainerStateMachine:uninitialized
2019-09-25 12:06:31,897 [pool-645-thread-1] INFO  server.RaftServerConfigKeys (ConfUtils.java:logGet(43)) - raft.server.rpc.timeout.min = 5s (custom)
2019-09-25 12:06:31,897 [pool-645-thread-1] INFO  server.RaftServerConfigKeys (ConfUtils.java:logGet(43)) - raft.server.rpc.timeout.max = 5200ms (custom)
2019-09-25 12:06:31,897 [pool-645-thread-1] INFO  server.RaftServerConfigKeys (ConfUtils.java:logGet(43)) - raft.server.rpcslowness.timeout = 120s (custom)
2019-09-25 12:06:31,897 [pool-645-thread-1] INFO  server.RaftServerConfigKeys (ConfUtils.java:logGet(43)) - raft.server.sleep.deviation.threshold = 300 (default)
2019-09-25 12:06:31,897 [pool-645-thread-1] INFO  server.RaftServerConfigKeys (ConfUtils.java:logGet(43)) - raft.server.log.appender.install.snapshot.enabled = false (custom)
2019-09-25 12:06:31,897 [pool-645-thread-1] INFO  impl.RaftServerImpl (ServerState.java:<init>(103)) - 5d0cbd75-9945-4b44-9440-546a6022886b@group-8C7BD8BBEF47: ConfigurationManager, init=-1: [5d0cbd75-9945-4b44-9440-546a6022886b:192.168.151.73:37067], old=null, confs=<EMPTY_MAP>
2019-09-25 12:06:31,897 [pool-645-thread-1] INFO  server.RaftServerConfigKeys (ConfUtils.java:logGet(43)) - raft.server.storage.dir = [/workdir/hadoop-ozone/integration-test/target/test-dir/MiniOzoneClusterImpl-587876f3-3d98-4cc8-9a43-bf4d205d7dbe/datanode-6/data/ratis] (custom)
2019-09-25 12:06:31,898 [pool-645-thread-1] INFO  storage.RaftStorageDirectory (RaftStorageDirectory.java:analyzeStorage(246)) - The storage directory /workdir/hadoop-ozone/integration-test/target/test-dir/MiniOzoneClusterImpl-587876f3-3d98-4cc8-9a43-bf4d205d7dbe/datanode-6/data/ratis/e6869bfb-7828-4d8a-ac83-8c7bd8bbef47 does not exist. Creating ...
2019-09-25 12:06:31,911 [pool-645-thread-1] INFO  storage.RaftStorageDirectory (RaftStorageDirectory.java:tryLock(328)) - Lock on /workdir/hadoop-ozone/integration-test/target/test-dir/MiniOzoneClusterImpl-587876f3-3d98-4cc8-9a43-bf4d205d7dbe/datanode-6/data/ratis/e6869bfb-7828-4d8a-ac83-8c7bd8bbef47/in_use.lock acquired by nodename 24979@pr-hdds-1569-shd4m-3693607622
2019-09-25 12:06:31,936 [pool-645-thread-1] INFO  storage.RaftStorage (RaftStorage.java:format(72)) - Storage directory /workdir/hadoop-ozone/integration-test/target/test-dir/MiniOzoneClusterImpl-587876f3-3d98-4cc8-9a43-bf4d205d7dbe/datanode-6/data/ratis/e6869bfb-7828-4d8a-ac83-8c7bd8bbef47 has been successfully formatted.
2019-09-25 12:06:31,936 [pool-645-thread-1] INFO  ratis.ContainerStateMachine (ContainerStateMachine.java:loadSnapshot(230)) - group-8C7BD8BBEF47: The snapshot info is null. Setting the last applied indexto:(t:0, i:~)
2019-09-25 12:06:31,936 [pool-645-thread-1] INFO  server.RaftServerConfigKeys (ConfUtils.java:logGet(43)) - raft.server.notification.no-leader.timeout = 120s (custom)
2019-09-25 12:06:31,937 [pool-645-thread-1] INFO  server.RaftServerConfigKeys (ConfUtils.java:logGet(43)) - raft.server.log.use.memory = false (default)
2019-09-25 12:06:31,937 [pool-645-thread-1] INFO  server.RaftServerConfigKeys (ConfUtils.java:logGet(43)) - raft.server.log.purge.gap = 1000000 (custom)
2019-09-25 12:06:31,937 [pool-645-thread-1] INFO  server.RaftServerConfigKeys (ConfUtils.java:logGet(43)) - raft.server.log.appender.buffer.byte-limit = 33554432 (custom)
2019-09-25 12:06:31,937 [pool-645-thread-1] INFO  server.RaftServerConfigKeys (ConfUtils.java:logGet(43)) - raft.server.log.segment.size.max = 1048576 (custom)
2019-09-25 12:06:31,937 [pool-645-thread-1] INFO  server.RaftServerConfigKeys (ConfUtils.java:logGet(43)) - raft.server.log.segment.cache.num.max = 2 (custom)
2019-09-25 12:06:31,937 [pool-645-thread-1] INFO  segmented.SegmentedRaftLogWorker (SegmentedRaftLogWorker.java:<init>(172)) - new 5d0cbd75-9945-4b44-9440-546a6022886b@group-8C7BD8BBEF47-SegmentedRaftLogWorker for RaftStorage:Storage Directory /workdir/hadoop-ozone/integration-test/target/test-dir/MiniOzoneClusterImpl-587876f3-3d98-4cc8-9a43-bf4d205d7dbe/datanode-6/data/ratis/e6869bfb-7828-4d8a-ac83-8c7bd8bbef47
2019-09-25 12:06:31,937 [pool-645-thread-1] INFO  server.RaftServerConfigKeys (ConfUtils.java:logGet(43)) - raft.server.log.queue.byte-limit = 2147483647 (custom)
2019-09-25 12:06:31,938 [pool-645-thread-1] INFO  server.RaftServerConfigKeys (ConfUtils.java:logGet(43)) - raft.server.log.queue.element-limit = 1024 (custom)
2019-09-25 12:06:31,938 [pool-645-thread-1] INFO  server.RaftServerConfigKeys (ConfUtils.java:logGet(43)) - raft.server.log.segment.size.max = 1048576 (custom)
2019-09-25 12:06:31,938 [pool-645-thread-1] INFO  server.RaftServerConfigKeys (ConfUtils.java:logGet(43)) - raft.server.log.preallocated.size = 16384 (custom)
2019-09-25 12:06:31,938 [pool-645-thread-1] INFO  server.RaftServerConfigKeys (ConfUtils.java:logGet(43)) - raft.server.log.write.buffer.size = 33554432 (custom)
2019-09-25 12:06:31,938 [pool-645-thread-1] INFO  server.RaftServerConfigKeys (ConfUtils.java:logGet(43)) - raft.server.log.force.sync.num = 128 (default)
2019-09-25 12:06:31,938 [pool-645-thread-1] INFO  server.RaftServerConfigKeys (ConfUtils.java:logGet(43)) - raft.server.log.statemachine.data.sync = true (default)
2019-09-25 12:06:31,938 [pool-645-thread-1] INFO  server.RaftServerConfigKeys (ConfUtils.java:logGet(43)) - raft.server.log.statemachine.data.sync.timeout = 10s (default)
2019-09-25 12:06:31,939 [pool-645-thread-1] INFO  server.RaftServerConfigKeys (ConfUtils.java:logGet(43)) - raft.server.log.statemachine.data.sync.timeout.retry = -1 (default)
2019-09-25 12:06:31,939 [pool-645-thread-1] INFO  server.RaftServerConfigKeys (ConfUtils.java:logGet(43)) - raft.server.log.statemachine.data.caching.enabled = true (custom)
2019-09-25 12:06:31,939 [pool-645-thread-1] INFO  segmented.SegmentedRaftLogWorker (SegmentedRaftLogWorker.java:lambda$new$0(132)) - 5d0cbd75-9945-4b44-9440-546a6022886b@group-8C7BD8BBEF47-SegmentedRaftLogWorker: flushIndex: setUnconditionally 0 -> -1
2019-09-25 12:06:31,939 [pool-645-thread-1] INFO  server.RaftServerConfigKeys (ConfUtils.java:logGet(43)) - raft.server.snapshot.auto.trigger.enabled = true (custom)
2019-09-25 12:06:31,940 [pool-645-thread-1] INFO  server.RaftServerConfigKeys (ConfUtils.java:logGet(43)) - raft.server.snapshot.auto.trigger.threshold = 10000 (custom)
2019-09-25 12:06:31,940 [pool-645-thread-1] INFO  server.RaftServerConfigKeys (ConfUtils.java:logGet(43)) - raft.server.snapshot.retention.num.files = 5 (custom)
2019-09-25 12:06:31,940 [pool-645-thread-1] INFO  server.RaftServerConfigKeys (ConfUtils.java:logGet(43)) - raft.server.retrycache.expirytime = 600000ms (custom)
2019-09-25 12:06:31,942 [pool-645-thread-1] INFO  impl.RaftServerImpl (RaftServerImpl.java:start(185)) - 5d0cbd75-9945-4b44-9440-546a6022886b@group-8C7BD8BBEF47: start as a follower, conf=-1: [5d0cbd75-9945-4b44-9440-546a6022886b:192.168.151.73:37067], old=null
2019-09-25 12:06:31,942 [pool-645-thread-1] INFO  impl.RaftServerImpl (RaftServerImpl.java:setRole(174)) - 5d0cbd75-9945-4b44-9440-546a6022886b@group-8C7BD8BBEF47: changes role from      null to FOLLOWER at term 0 for startAsFollower
2019-09-25 12:06:31,942 [pool-645-thread-1] INFO  impl.RoleInfo (RoleInfo.java:updateAndGet(143)) - 5d0cbd75-9945-4b44-9440-546a6022886b: start FollowerState
2019-09-25 12:06:31,942 [pool-645-thread-1] INFO  util.JmxRegister (JmxRegister.java:tryRegister(44)) - Successfully registered JMX Bean with object name Ratis:service=RaftServer,group=group-8C7BD8BBEF47,id=5d0cbd75-9945-4b44-9440-546a6022886b
2019-09-25 12:06:31,945 [RatisPipelineUtilsThread] INFO  pipeline.PipelineStateManager (PipelineStateManager.java:addPipeline(56)) - Created pipeline Pipeline[ Id: e6869bfb-7828-4d8a-ac83-8c7bd8bbef47, Nodes: 5d0cbd75-9945-4b44-9440-546a6022886b{ip: 192.168.151.73, host: pr-hdds-1569-shd4m-3693607622, networkLocation: /default-rack, certSerialId: null}, Type:RATIS, Factor:ONE, State:OPEN]
2019-09-25 12:06:31,945 [RatisPipelineUtilsThread] INFO  pipeline.PipelinePlacementPolicy (PipelinePlacementPolicy.java:meetCriteria(91)) - Pipeline Placement: can't place more pipeline on heavy datanode： f6c16d16-afc4-4153-950f-27a1e09b0667 Heaviness: 6 limit: 5
2019-09-25 12:06:31,945 [RatisPipelineUtilsThread] INFO  pipeline.PipelinePlacementPolicy (PipelinePlacementPolicy.java:meetCriteria(91)) - Pipeline Placement: can't place more pipeline on heavy datanode： 45cd06ff-25a2-484c-ae07-8678dc67fe17 Heaviness: 6 limit: 5
2019-09-25 12:06:31,945 [RatisPipelineUtilsThread] INFO  pipeline.PipelinePlacementPolicy (PipelinePlacementPolicy.java:meetCriteria(91)) - Pipeline Placement: can't place more pipeline on heavy datanode： d587b3c4-6743-4f9b-a5f7-0e55334fa092 Heaviness: 6 limit: 5
2019-09-25 12:06:31,946 [RatisPipelineUtilsThread] INFO  pipeline.PipelinePlacementPolicy (PipelinePlacementPolicy.java:meetCriteria(91)) - Pipeline Placement: can't place more pipeline on heavy datanode： 27e0b7c9-1b57-4073-b643-4210ac739ea7 Heaviness: 6 limit: 5
2019-09-25 12:06:31,946 [RatisPipelineUtilsThread] INFO  pipeline.PipelinePlacementPolicy (PipelinePlacementPolicy.java:meetCriteria(91)) - Pipeline Placement: can't place more pipeline on heavy datanode： 4265dd55-646c-4571-a7aa-5a5e7479765c Heaviness: 6 limit: 5
2019-09-25 12:06:31,946 [RatisPipelineUtilsThread] INFO  pipeline.PipelinePlacementPolicy (PipelinePlacementPolicy.java:meetCriteria(91)) - Pipeline Placement: can't place more pipeline on heavy datanode： b31e81a4-9d51-4c30-935b-af8637f1730a Heaviness: 6 limit: 5
2019-09-25 12:06:31,950 [grpc-default-executor-1] INFO  impl.RaftServerProxy (RaftServerProxy.java:addNew(89)) - 5d0cbd75-9945-4b44-9440-546a6022886b: addNew group-1C81891B0930:[5d0cbd75-9945-4b44-9440-546a6022886b:192.168.151.73:37067] returns group-1C81891B0930:java.util.concurrent.CompletableFuture@2c09e68e[Not completed]
2019-09-25 12:06:31,950 [pool-645-thread-1] INFO  impl.RaftServerImpl (RaftServerImpl.java:<init>(95)) - 5d0cbd75-9945-4b44-9440-546a6022886b: new RaftServerImpl for group-1C81891B0930:[5d0cbd75-9945-4b44-9440-546a6022886b:192.168.151.73:37067] with ContainerStateMachine:uninitialized
2019-09-25 12:06:31,951 [pool-645-thread-1] INFO  server.RaftServerConfigKeys (ConfUtils.java:logGet(43)) - raft.server.rpc.timeout.min = 5s (custom)
2019-09-25 12:06:31,951 [pool-645-thread-1] INFO  server.RaftServerConfigKeys (ConfUtils.java:logGet(43)) - raft.server.rpc.timeout.max = 5200ms (custom)
2019-09-25 12:06:31,951 [pool-645-thread-1] INFO  server.RaftServerConfigKeys (ConfUtils.java:logGet(43)) - raft.server.rpcslowness.timeout = 120s (custom)
2019-09-25 12:06:31,951 [pool-645-thread-1] INFO  server.RaftServerConfigKeys (ConfUtils.java:logGet(43)) - raft.server.sleep.deviation.threshold = 300 (default)
2019-09-25 12:06:31,951 [pool-645-thread-1] INFO  server.RaftServerConfigKeys (ConfUtils.java:logGet(43)) - raft.server.log.appender.install.snapshot.enabled = false (custom)
2019-09-25 12:06:31,951 [pool-645-thread-1] INFO  impl.RaftServerImpl (ServerState.java:<init>(103)) - 5d0cbd75-9945-4b44-9440-546a6022886b@group-1C81891B0930: ConfigurationManager, init=-1: [5d0cbd75-9945-4b44-9440-546a6022886b:192.168.151.73:37067], old=null, confs=<EMPTY_MAP>
2019-09-25 12:06:31,951 [pool-645-thread-1] INFO  server.RaftServerConfigKeys (ConfUtils.java:logGet(43)) - raft.server.storage.dir = [/workdir/hadoop-ozone/integration-test/target/test-dir/MiniOzoneClusterImpl-587876f3-3d98-4cc8-9a43-bf4d205d7dbe/datanode-6/data/ratis] (custom)
2019-09-25 12:06:31,952 [pool-645-thread-1] INFO  storage.RaftStorageDirectory (RaftStorageDirectory.java:analyzeStorage(246)) - The storage directory /workdir/hadoop-ozone/integration-test/target/test-dir/MiniOzoneClusterImpl-587876f3-3d98-4cc8-9a43-bf4d205d7dbe/datanode-6/data/ratis/c22116d2-206b-41fe-993d-1c81891b0930 does not exist. Creating ...
2019-09-25 12:06:31,966 [pool-645-thread-1] INFO  storage.RaftStorageDirectory (RaftStorageDirectory.java:tryLock(328)) - Lock on /workdir/hadoop-ozone/integration-test/target/test-dir/MiniOzoneClusterImpl-587876f3-3d98-4cc8-9a43-bf4d205d7dbe/datanode-6/data/ratis/c22116d2-206b-41fe-993d-1c81891b0930/in_use.lock acquired by nodename 24979@pr-hdds-1569-shd4m-3693607622
2019-09-25 12:06:31,979 [pool-645-thread-1] INFO  storage.RaftStorage (RaftStorage.java:format(72)) - Storage directory /workdir/hadoop-ozone/integration-test/target/test-dir/MiniOzoneClusterImpl-587876f3-3d98-4cc8-9a43-bf4d205d7dbe/datanode-6/data/ratis/c22116d2-206b-41fe-993d-1c81891b0930 has been successfully formatted.
2019-09-25 12:06:31,979 [pool-645-thread-1] INFO  ratis.ContainerStateMachine (ContainerStateMachine.java:loadSnapshot(230)) - group-1C81891B0930: The snapshot info is null. Setting the last applied indexto:(t:0, i:~)
2019-09-25 12:06:31,979 [pool-645-thread-1] INFO  server.RaftServerConfigKeys (ConfUtils.java:logGet(43)) - raft.server.notification.no-leader.timeout = 120s (custom)
2019-09-25 12:06:31,979 [pool-645-thread-1] INFO  server.RaftServerConfigKeys (ConfUtils.java:logGet(43)) - raft.server.log.use.memory = false (default)
2019-09-25 12:06:31,980 [pool-645-thread-1] INFO  server.RaftServerConfigKeys (ConfUtils.java:logGet(43)) - raft.server.log.purge.gap = 1000000 (custom)
2019-09-25 12:06:31,980 [pool-645-thread-1] INFO  server.RaftServerConfigKeys (ConfUtils.java:logGet(43)) - raft.server.log.appender.buffer.byte-limit = 33554432 (custom)
2019-09-25 12:06:31,980 [pool-645-thread-1] INFO  server.RaftServerConfigKeys (ConfUtils.java:logGet(43)) - raft.server.log.segment.size.max = 1048576 (custom)
2019-09-25 12:06:31,980 [pool-645-thread-1] INFO  server.RaftServerConfigKeys (ConfUtils.java:logGet(43)) - raft.server.log.segment.cache.num.max = 2 (custom)
2019-09-25 12:06:31,980 [pool-645-thread-1] INFO  segmented.SegmentedRaftLogWorker (SegmentedRaftLogWorker.java:<init>(172)) - new 5d0cbd75-9945-4b44-9440-546a6022886b@group-1C81891B0930-SegmentedRaftLogWorker for RaftStorage:Storage Directory /workdir/hadoop-ozone/integration-test/target/test-dir/MiniOzoneClusterImpl-587876f3-3d98-4cc8-9a43-bf4d205d7dbe/datanode-6/data/ratis/c22116d2-206b-41fe-993d-1c81891b0930
2019-09-25 12:06:31,980 [pool-645-thread-1] INFO  server.RaftServerConfigKeys (ConfUtils.java:logGet(43)) - raft.server.log.queue.byte-limit = 2147483647 (custom)
2019-09-25 12:06:31,980 [pool-645-thread-1] INFO  server.RaftServerConfigKeys (ConfUtils.java:logGet(43)) - raft.server.log.queue.element-limit = 1024 (custom)
2019-09-25 12:06:31,981 [pool-645-thread-1] INFO  server.RaftServerConfigKeys (ConfUtils.java:logGet(43)) - raft.server.log.segment.size.max = 1048576 (custom)
2019-09-25 12:06:31,981 [pool-645-thread-1] INFO  server.RaftServerConfigKeys (ConfUtils.java:logGet(43)) - raft.server.log.preallocated.size = 16384 (custom)
2019-09-25 12:06:31,981 [pool-645-thread-1] INFO  server.RaftServerConfigKeys (ConfUtils.java:logGet(43)) - raft.server.log.write.buffer.size = 33554432 (custom)
2019-09-25 12:06:31,981 [pool-645-thread-1] INFO  server.RaftServerConfigKeys (ConfUtils.java:logGet(43)) - raft.server.log.force.sync.num = 128 (default)
2019-09-25 12:06:31,981 [pool-645-thread-1] INFO  server.RaftServerConfigKeys (ConfUtils.java:logGet(43)) - raft.server.log.statemachine.data.sync = true (default)
2019-09-25 12:06:31,981 [pool-645-thread-1] INFO  server.RaftServerConfigKeys (ConfUtils.java:logGet(43)) - raft.server.log.statemachine.data.sync.timeout = 10s (default)
2019-09-25 12:06:31,982 [pool-645-thread-1] INFO  server.RaftServerConfigKeys (ConfUtils.java:logGet(43)) - raft.server.log.statemachine.data.sync.timeout.retry = -1 (default)
2019-09-25 12:06:31,982 [pool-645-thread-1] INFO  server.RaftServerConfigKeys (ConfUtils.java:logGet(43)) - raft.server.log.statemachine.data.caching.enabled = true (custom)
2019-09-25 12:06:31,982 [pool-645-thread-1] INFO  segmented.SegmentedRaftLogWorker (SegmentedRaftLogWorker.java:lambda$new$0(132)) - 5d0cbd75-9945-4b44-9440-546a6022886b@group-1C81891B0930-SegmentedRaftLogWorker: flushIndex: setUnconditionally 0 -> -1
2019-09-25 12:06:31,983 [pool-645-thread-1] INFO  server.RaftServerConfigKeys (ConfUtils.java:logGet(43)) - raft.server.snapshot.auto.trigger.enabled = true (custom)
2019-09-25 12:06:31,983 [pool-645-thread-1] INFO  server.RaftServerConfigKeys (ConfUtils.java:logGet(43)) - raft.server.snapshot.auto.trigger.threshold = 10000 (custom)
2019-09-25 12:06:31,983 [pool-645-thread-1] INFO  server.RaftServerConfigKeys (ConfUtils.java:logGet(43)) - raft.server.snapshot.retention.num.files = 5 (custom)
2019-09-25 12:06:31,983 [pool-645-thread-1] INFO  server.RaftServerConfigKeys (ConfUtils.java:logGet(43)) - raft.server.retrycache.expirytime = 600000ms (custom)
2019-09-25 12:06:31,986 [pool-645-thread-1] INFO  impl.RaftServerImpl (RaftServerImpl.java:start(185)) - 5d0cbd75-9945-4b44-9440-546a6022886b@group-1C81891B0930: start as a follower, conf=-1: [5d0cbd75-9945-4b44-9440-546a6022886b:192.168.151.73:37067], old=null
2019-09-25 12:06:31,986 [pool-645-thread-1] INFO  impl.RaftServerImpl (RaftServerImpl.java:setRole(174)) - 5d0cbd75-9945-4b44-9440-546a6022886b@group-1C81891B0930: changes role from      null to FOLLOWER at term 0 for startAsFollower
2019-09-25 12:06:31,987 [pool-645-thread-1] INFO  impl.RoleInfo (RoleInfo.java:updateAndGet(143)) - 5d0cbd75-9945-4b44-9440-546a6022886b: start FollowerState
2019-09-25 12:06:31,987 [pool-645-thread-1] INFO  util.JmxRegister (JmxRegister.java:tryRegister(44)) - Successfully registered JMX Bean with object name Ratis:service=RaftServer,group=group-1C81891B0930,id=5d0cbd75-9945-4b44-9440-546a6022886b
2019-09-25 12:06:31,989 [RatisPipelineUtilsThread] INFO  pipeline.PipelineStateManager (PipelineStateManager.java:addPipeline(56)) - Created pipeline Pipeline[ Id: c22116d2-206b-41fe-993d-1c81891b0930, Nodes: 5d0cbd75-9945-4b44-9440-546a6022886b{ip: 192.168.151.73, host: pr-hdds-1569-shd4m-3693607622, networkLocation: /default-rack, certSerialId: null}, Type:RATIS, Factor:ONE, State:OPEN]
2019-09-25 12:06:31,990 [RatisPipelineUtilsThread] INFO  pipeline.PipelinePlacementPolicy (PipelinePlacementPolicy.java:meetCriteria(91)) - Pipeline Placement: can't place more pipeline on heavy datanode： f6c16d16-afc4-4153-950f-27a1e09b0667 Heaviness: 6 limit: 5
2019-09-25 12:06:31,990 [RatisPipelineUtilsThread] INFO  pipeline.PipelinePlacementPolicy (PipelinePlacementPolicy.java:meetCriteria(91)) - Pipeline Placement: can't place more pipeline on heavy datanode： 45cd06ff-25a2-484c-ae07-8678dc67fe17 Heaviness: 6 limit: 5
2019-09-25 12:06:31,990 [RatisPipelineUtilsThread] INFO  pipeline.PipelinePlacementPolicy (PipelinePlacementPolicy.java:meetCriteria(91)) - Pipeline Placement: can't place more pipeline on heavy datanode： d587b3c4-6743-4f9b-a5f7-0e55334fa092 Heaviness: 6 limit: 5
2019-09-25 12:06:31,990 [RatisPipelineUtilsThread] INFO  pipeline.PipelinePlacementPolicy (PipelinePlacementPolicy.java:meetCriteria(91)) - Pipeline Placement: can't place more pipeline on heavy datanode： 27e0b7c9-1b57-4073-b643-4210ac739ea7 Heaviness: 6 limit: 5
2019-09-25 12:06:31,990 [RatisPipelineUtilsThread] INFO  pipeline.PipelinePlacementPolicy (PipelinePlacementPolicy.java:meetCriteria(91)) - Pipeline Placement: can't place more pipeline on heavy datanode： 4265dd55-646c-4571-a7aa-5a5e7479765c Heaviness: 6 limit: 5
2019-09-25 12:06:31,990 [RatisPipelineUtilsThread] INFO  pipeline.PipelinePlacementPolicy (PipelinePlacementPolicy.java:meetCriteria(91)) - Pipeline Placement: can't place more pipeline on heavy datanode： b31e81a4-9d51-4c30-935b-af8637f1730a Heaviness: 6 limit: 5
2019-09-25 12:06:31,994 [grpc-default-executor-1] INFO  impl.RaftServerProxy (RaftServerProxy.java:addNew(89)) - 5d0cbd75-9945-4b44-9440-546a6022886b: addNew group-F1E551BAC63E:[5d0cbd75-9945-4b44-9440-546a6022886b:192.168.151.73:37067] returns group-F1E551BAC63E:java.util.concurrent.CompletableFuture@d207c8e[Not completed]
2019-09-25 12:06:31,995 [pool-645-thread-1] INFO  impl.RaftServerImpl (RaftServerImpl.java:<init>(95)) - 5d0cbd75-9945-4b44-9440-546a6022886b: new RaftServerImpl for group-F1E551BAC63E:[5d0cbd75-9945-4b44-9440-546a6022886b:192.168.151.73:37067] with ContainerStateMachine:uninitialized
2019-09-25 12:06:31,995 [pool-645-thread-1] INFO  server.RaftServerConfigKeys (ConfUtils.java:logGet(43)) - raft.server.rpc.timeout.min = 5s (custom)
2019-09-25 12:06:31,995 [pool-645-thread-1] INFO  server.RaftServerConfigKeys (ConfUtils.java:logGet(43)) - raft.server.rpc.timeout.max = 5200ms (custom)
2019-09-25 12:06:31,995 [pool-645-thread-1] INFO  server.RaftServerConfigKeys (ConfUtils.java:logGet(43)) - raft.server.rpcslowness.timeout = 120s (custom)
2019-09-25 12:06:31,995 [pool-645-thread-1] INFO  server.RaftServerConfigKeys (ConfUtils.java:logGet(43)) - raft.server.sleep.deviation.threshold = 300 (default)
2019-09-25 12:06:31,995 [pool-645-thread-1] INFO  server.RaftServerConfigKeys (ConfUtils.java:logGet(43)) - raft.server.log.appender.install.snapshot.enabled = false (custom)
2019-09-25 12:06:31,995 [pool-645-thread-1] INFO  impl.RaftServerImpl (ServerState.java:<init>(103)) - 5d0cbd75-9945-4b44-9440-546a6022886b@group-F1E551BAC63E: ConfigurationManager, init=-1: [5d0cbd75-9945-4b44-9440-546a6022886b:192.168.151.73:37067], old=null, confs=<EMPTY_MAP>
2019-09-25 12:06:31,996 [pool-645-thread-1] INFO  server.RaftServerConfigKeys (ConfUtils.java:logGet(43)) - raft.server.storage.dir = [/workdir/hadoop-ozone/integration-test/target/test-dir/MiniOzoneClusterImpl-587876f3-3d98-4cc8-9a43-bf4d205d7dbe/datanode-6/data/ratis] (custom)
2019-09-25 12:06:31,996 [pool-645-thread-1] INFO  storage.RaftStorageDirectory (RaftStorageDirectory.java:analyzeStorage(246)) - The storage directory /workdir/hadoop-ozone/integration-test/target/test-dir/MiniOzoneClusterImpl-587876f3-3d98-4cc8-9a43-bf4d205d7dbe/datanode-6/data/ratis/0ce206c0-37b1-4f51-9157-f1e551bac63e does not exist. Creating ...
2019-09-25 12:06:32,010 [pool-645-thread-1] INFO  storage.RaftStorageDirectory (RaftStorageDirectory.java:tryLock(328)) - Lock on /workdir/hadoop-ozone/integration-test/target/test-dir/MiniOzoneClusterImpl-587876f3-3d98-4cc8-9a43-bf4d205d7dbe/datanode-6/data/ratis/0ce206c0-37b1-4f51-9157-f1e551bac63e/in_use.lock acquired by nodename 24979@pr-hdds-1569-shd4m-3693607622
2019-09-25 12:06:32,014 [pool-645-thread-1] INFO  storage.RaftStorage (RaftStorage.java:format(72)) - Storage directory /workdir/hadoop-ozone/integration-test/target/test-dir/MiniOzoneClusterImpl-587876f3-3d98-4cc8-9a43-bf4d205d7dbe/datanode-6/data/ratis/0ce206c0-37b1-4f51-9157-f1e551bac63e has been successfully formatted.
2019-09-25 12:06:32,014 [pool-645-thread-1] INFO  ratis.ContainerStateMachine (ContainerStateMachine.java:loadSnapshot(230)) - group-F1E551BAC63E: The snapshot info is null. Setting the last applied indexto:(t:0, i:~)
2019-09-25 12:06:32,015 [pool-645-thread-1] INFO  server.RaftServerConfigKeys (ConfUtils.java:logGet(43)) - raft.server.notification.no-leader.timeout = 120s (custom)
2019-09-25 12:06:32,015 [pool-645-thread-1] INFO  server.RaftServerConfigKeys (ConfUtils.java:logGet(43)) - raft.server.log.use.memory = false (default)
2019-09-25 12:06:32,015 [pool-645-thread-1] INFO  server.RaftServerConfigKeys (ConfUtils.java:logGet(43)) - raft.server.log.purge.gap = 1000000 (custom)
2019-09-25 12:06:32,015 [pool-645-thread-1] INFO  server.RaftServerConfigKeys (ConfUtils.java:logGet(43)) - raft.server.log.appender.buffer.byte-limit = 33554432 (custom)
2019-09-25 12:06:32,015 [pool-645-thread-1] INFO  server.RaftServerConfigKeys (ConfUtils.java:logGet(43)) - raft.server.log.segment.size.max = 1048576 (custom)
2019-09-25 12:06:32,015 [pool-645-thread-1] INFO  server.RaftServerConfigKeys (ConfUtils.java:logGet(43)) - raft.server.log.segment.cache.num.max = 2 (custom)
2019-09-25 12:06:32,016 [pool-645-thread-1] INFO  segmented.SegmentedRaftLogWorker (SegmentedRaftLogWorker.java:<init>(172)) - new 5d0cbd75-9945-4b44-9440-546a6022886b@group-F1E551BAC63E-SegmentedRaftLogWorker for RaftStorage:Storage Directory /workdir/hadoop-ozone/integration-test/target/test-dir/MiniOzoneClusterImpl-587876f3-3d98-4cc8-9a43-bf4d205d7dbe/datanode-6/data/ratis/0ce206c0-37b1-4f51-9157-f1e551bac63e
2019-09-25 12:06:32,016 [pool-645-thread-1] INFO  server.RaftServerConfigKeys (ConfUtils.java:logGet(43)) - raft.server.log.queue.byte-limit = 2147483647 (custom)
2019-09-25 12:06:32,016 [pool-645-thread-1] INFO  server.RaftServerConfigKeys (ConfUtils.java:logGet(43)) - raft.server.log.queue.element-limit = 1024 (custom)
2019-09-25 12:06:32,016 [pool-645-thread-1] INFO  server.RaftServerConfigKeys (ConfUtils.java:logGet(43)) - raft.server.log.segment.size.max = 1048576 (custom)
2019-09-25 12:06:32,016 [pool-645-thread-1] INFO  server.RaftServerConfigKeys (ConfUtils.java:logGet(43)) - raft.server.log.preallocated.size = 16384 (custom)
2019-09-25 12:06:32,016 [pool-645-thread-1] INFO  server.RaftServerConfigKeys (ConfUtils.java:logGet(43)) - raft.server.log.write.buffer.size = 33554432 (custom)
2019-09-25 12:06:32,017 [pool-645-thread-1] INFO  server.RaftServerConfigKeys (ConfUtils.java:logGet(43)) - raft.server.log.force.sync.num = 128 (default)
2019-09-25 12:06:32,017 [pool-645-thread-1] INFO  server.RaftServerConfigKeys (ConfUtils.java:logGet(43)) - raft.server.log.statemachine.data.sync = true (default)
2019-09-25 12:06:32,017 [pool-645-thread-1] INFO  server.RaftServerConfigKeys (ConfUtils.java:logGet(43)) - raft.server.log.statemachine.data.sync.timeout = 10s (default)
2019-09-25 12:06:32,017 [pool-645-thread-1] INFO  server.RaftServerConfigKeys (ConfUtils.java:logGet(43)) - raft.server.log.statemachine.data.sync.timeout.retry = -1 (default)
2019-09-25 12:06:32,017 [pool-645-thread-1] INFO  server.RaftServerConfigKeys (ConfUtils.java:logGet(43)) - raft.server.log.statemachine.data.caching.enabled = true (custom)
2019-09-25 12:06:32,017 [pool-645-thread-1] INFO  segmented.SegmentedRaftLogWorker (SegmentedRaftLogWorker.java:lambda$new$0(132)) - 5d0cbd75-9945-4b44-9440-546a6022886b@group-F1E551BAC63E-SegmentedRaftLogWorker: flushIndex: setUnconditionally 0 -> -1
2019-09-25 12:06:32,018 [pool-645-thread-1] INFO  server.RaftServerConfigKeys (ConfUtils.java:logGet(43)) - raft.server.snapshot.auto.trigger.enabled = true (custom)
2019-09-25 12:06:32,018 [pool-645-thread-1] INFO  server.RaftServerConfigKeys (ConfUtils.java:logGet(43)) - raft.server.snapshot.auto.trigger.threshold = 10000 (custom)
2019-09-25 12:06:32,018 [pool-645-thread-1] INFO  server.RaftServerConfigKeys (ConfUtils.java:logGet(43)) - raft.server.snapshot.retention.num.files = 5 (custom)
2019-09-25 12:06:32,018 [pool-645-thread-1] INFO  server.RaftServerConfigKeys (ConfUtils.java:logGet(43)) - raft.server.retrycache.expirytime = 600000ms (custom)
2019-09-25 12:06:32,020 [pool-645-thread-1] INFO  impl.RaftServerImpl (RaftServerImpl.java:start(185)) - 5d0cbd75-9945-4b44-9440-546a6022886b@group-F1E551BAC63E: start as a follower, conf=-1: [5d0cbd75-9945-4b44-9440-546a6022886b:192.168.151.73:37067], old=null
2019-09-25 12:06:32,020 [pool-645-thread-1] INFO  impl.RaftServerImpl (RaftServerImpl.java:setRole(174)) - 5d0cbd75-9945-4b44-9440-546a6022886b@group-F1E551BAC63E: changes role from      null to FOLLOWER at term 0 for startAsFollower
2019-09-25 12:06:32,020 [pool-645-thread-1] INFO  impl.RoleInfo (RoleInfo.java:updateAndGet(143)) - 5d0cbd75-9945-4b44-9440-546a6022886b: start FollowerState
2019-09-25 12:06:32,021 [pool-645-thread-1] INFO  util.JmxRegister (JmxRegister.java:tryRegister(44)) - Successfully registered JMX Bean with object name Ratis:service=RaftServer,group=group-F1E551BAC63E,id=5d0cbd75-9945-4b44-9440-546a6022886b
2019-09-25 12:06:32,023 [RatisPipelineUtilsThread] INFO  pipeline.PipelineStateManager (PipelineStateManager.java:addPipeline(56)) - Created pipeline Pipeline[ Id: 0ce206c0-37b1-4f51-9157-f1e551bac63e, Nodes: 5d0cbd75-9945-4b44-9440-546a6022886b{ip: 192.168.151.73, host: pr-hdds-1569-shd4m-3693607622, networkLocation: /default-rack, certSerialId: null}, Type:RATIS, Factor:ONE, State:OPEN]
2019-09-25 12:06:32,023 [RatisPipelineUtilsThread] INFO  pipeline.PipelinePlacementPolicy (PipelinePlacementPolicy.java:meetCriteria(91)) - Pipeline Placement: can't place more pipeline on heavy datanode： f6c16d16-afc4-4153-950f-27a1e09b0667 Heaviness: 6 limit: 5
2019-09-25 12:06:32,023 [RatisPipelineUtilsThread] INFO  pipeline.PipelinePlacementPolicy (PipelinePlacementPolicy.java:meetCriteria(91)) - Pipeline Placement: can't place more pipeline on heavy datanode： 45cd06ff-25a2-484c-ae07-8678dc67fe17 Heaviness: 6 limit: 5
2019-09-25 12:06:32,024 [RatisPipelineUtilsThread] INFO  pipeline.PipelinePlacementPolicy (PipelinePlacementPolicy.java:meetCriteria(91)) - Pipeline Placement: can't place more pipeline on heavy datanode： d587b3c4-6743-4f9b-a5f7-0e55334fa092 Heaviness: 6 limit: 5
2019-09-25 12:06:32,024 [RatisPipelineUtilsThread] INFO  pipeline.PipelinePlacementPolicy (PipelinePlacementPolicy.java:meetCriteria(91)) - Pipeline Placement: can't place more pipeline on heavy datanode： 27e0b7c9-1b57-4073-b643-4210ac739ea7 Heaviness: 6 limit: 5
2019-09-25 12:06:32,024 [RatisPipelineUtilsThread] INFO  pipeline.PipelinePlacementPolicy (PipelinePlacementPolicy.java:meetCriteria(91)) - Pipeline Placement: can't place more pipeline on heavy datanode： 4265dd55-646c-4571-a7aa-5a5e7479765c Heaviness: 6 limit: 5
2019-09-25 12:06:32,024 [RatisPipelineUtilsThread] INFO  pipeline.PipelinePlacementPolicy (PipelinePlacementPolicy.java:meetCriteria(91)) - Pipeline Placement: can't place more pipeline on heavy datanode： b31e81a4-9d51-4c30-935b-af8637f1730a Heaviness: 6 limit: 5
2019-09-25 12:06:32,028 [grpc-default-executor-1] INFO  impl.RaftServerProxy (RaftServerProxy.java:addNew(89)) - 5d0cbd75-9945-4b44-9440-546a6022886b: addNew group-2A4E73DBD891:[5d0cbd75-9945-4b44-9440-546a6022886b:192.168.151.73:37067] returns group-2A4E73DBD891:java.util.concurrent.CompletableFuture@784b29ec[Not completed]
2019-09-25 12:06:32,028 [pool-645-thread-1] INFO  impl.RaftServerImpl (RaftServerImpl.java:<init>(95)) - 5d0cbd75-9945-4b44-9440-546a6022886b: new RaftServerImpl for group-2A4E73DBD891:[5d0cbd75-9945-4b44-9440-546a6022886b:192.168.151.73:37067] with ContainerStateMachine:uninitialized
2019-09-25 12:06:32,029 [pool-645-thread-1] INFO  server.RaftServerConfigKeys (ConfUtils.java:logGet(43)) - raft.server.rpc.timeout.min = 5s (custom)
2019-09-25 12:06:32,029 [pool-645-thread-1] INFO  server.RaftServerConfigKeys (ConfUtils.java:logGet(43)) - raft.server.rpc.timeout.max = 5200ms (custom)
2019-09-25 12:06:32,029 [pool-645-thread-1] INFO  server.RaftServerConfigKeys (ConfUtils.java:logGet(43)) - raft.server.rpcslowness.timeout = 120s (custom)
2019-09-25 12:06:32,029 [pool-645-thread-1] INFO  server.RaftServerConfigKeys (ConfUtils.java:logGet(43)) - raft.server.sleep.deviation.threshold = 300 (default)
2019-09-25 12:06:32,029 [pool-645-thread-1] INFO  server.RaftServerConfigKeys (ConfUtils.java:logGet(43)) - raft.server.log.appender.install.snapshot.enabled = false (custom)
2019-09-25 12:06:32,029 [pool-645-thread-1] INFO  impl.RaftServerImpl (ServerState.java:<init>(103)) - 5d0cbd75-9945-4b44-9440-546a6022886b@group-2A4E73DBD891: ConfigurationManager, init=-1: [5d0cbd75-9945-4b44-9440-546a6022886b:192.168.151.73:37067], old=null, confs=<EMPTY_MAP>
2019-09-25 12:06:32,029 [pool-645-thread-1] INFO  server.RaftServerConfigKeys (ConfUtils.java:logGet(43)) - raft.server.storage.dir = [/workdir/hadoop-ozone/integration-test/target/test-dir/MiniOzoneClusterImpl-587876f3-3d98-4cc8-9a43-bf4d205d7dbe/datanode-6/data/ratis] (custom)
2019-09-25 12:06:32,030 [pool-645-thread-1] INFO  storage.RaftStorageDirectory (RaftStorageDirectory.java:analyzeStorage(246)) - The storage directory /workdir/hadoop-ozone/integration-test/target/test-dir/MiniOzoneClusterImpl-587876f3-3d98-4cc8-9a43-bf4d205d7dbe/datanode-6/data/ratis/cc39afc7-5c77-4cd7-9580-2a4e73dbd891 does not exist. Creating ...
2019-09-25 12:06:32,035 [pool-645-thread-1] INFO  storage.RaftStorageDirectory (RaftStorageDirectory.java:tryLock(328)) - Lock on /workdir/hadoop-ozone/integration-test/target/test-dir/MiniOzoneClusterImpl-587876f3-3d98-4cc8-9a43-bf4d205d7dbe/datanode-6/data/ratis/cc39afc7-5c77-4cd7-9580-2a4e73dbd891/in_use.lock acquired by nodename 24979@pr-hdds-1569-shd4m-3693607622
2019-09-25 12:06:32,066 [pool-645-thread-1] INFO  storage.RaftStorage (RaftStorage.java:format(72)) - Storage directory /workdir/hadoop-ozone/integration-test/target/test-dir/MiniOzoneClusterImpl-587876f3-3d98-4cc8-9a43-bf4d205d7dbe/datanode-6/data/ratis/cc39afc7-5c77-4cd7-9580-2a4e73dbd891 has been successfully formatted.
2019-09-25 12:06:32,067 [pool-645-thread-1] INFO  ratis.ContainerStateMachine (ContainerStateMachine.java:loadSnapshot(230)) - group-2A4E73DBD891: The snapshot info is null. Setting the last applied indexto:(t:0, i:~)
2019-09-25 12:06:32,067 [pool-645-thread-1] INFO  server.RaftServerConfigKeys (ConfUtils.java:logGet(43)) - raft.server.notification.no-leader.timeout = 120s (custom)
2019-09-25 12:06:32,067 [pool-645-thread-1] INFO  server.RaftServerConfigKeys (ConfUtils.java:logGet(43)) - raft.server.log.use.memory = false (default)
2019-09-25 12:06:32,067 [pool-645-thread-1] INFO  server.RaftServerConfigKeys (ConfUtils.java:logGet(43)) - raft.server.log.purge.gap = 1000000 (custom)
2019-09-25 12:06:32,067 [pool-645-thread-1] INFO  server.RaftServerConfigKeys (ConfUtils.java:logGet(43)) - raft.server.log.appender.buffer.byte-limit = 33554432 (custom)
2019-09-25 12:06:32,068 [pool-645-thread-1] INFO  server.RaftServerConfigKeys (ConfUtils.java:logGet(43)) - raft.server.log.segment.size.max = 1048576 (custom)
2019-09-25 12:06:32,068 [pool-645-thread-1] INFO  server.RaftServerConfigKeys (ConfUtils.java:logGet(43)) - raft.server.log.segment.cache.num.max = 2 (custom)
2019-09-25 12:06:32,068 [pool-645-thread-1] INFO  segmented.SegmentedRaftLogWorker (SegmentedRaftLogWorker.java:<init>(172)) - new 5d0cbd75-9945-4b44-9440-546a6022886b@group-2A4E73DBD891-SegmentedRaftLogWorker for RaftStorage:Storage Directory /workdir/hadoop-ozone/integration-test/target/test-dir/MiniOzoneClusterImpl-587876f3-3d98-4cc8-9a43-bf4d205d7dbe/datanode-6/data/ratis/cc39afc7-5c77-4cd7-9580-2a4e73dbd891
2019-09-25 12:06:32,068 [pool-645-thread-1] INFO  server.RaftServerConfigKeys (ConfUtils.java:logGet(43)) - raft.server.log.queue.byte-limit = 2147483647 (custom)
2019-09-25 12:06:32,068 [pool-645-thread-1] INFO  server.RaftServerConfigKeys (ConfUtils.java:logGet(43)) - raft.server.log.queue.element-limit = 1024 (custom)
2019-09-25 12:06:32,068 [pool-645-thread-1] INFO  server.RaftServerConfigKeys (ConfUtils.java:logGet(43)) - raft.server.log.segment.size.max = 1048576 (custom)
2019-09-25 12:06:32,068 [pool-645-thread-1] INFO  server.RaftServerConfigKeys (ConfUtils.java:logGet(43)) - raft.server.log.preallocated.size = 16384 (custom)
2019-09-25 12:06:32,069 [pool-645-thread-1] INFO  server.RaftServerConfigKeys (ConfUtils.java:logGet(43)) - raft.server.log.write.buffer.size = 33554432 (custom)
2019-09-25 12:06:32,069 [pool-645-thread-1] INFO  server.RaftServerConfigKeys (ConfUtils.java:logGet(43)) - raft.server.log.force.sync.num = 128 (default)
2019-09-25 12:06:32,069 [pool-645-thread-1] INFO  server.RaftServerConfigKeys (ConfUtils.java:logGet(43)) - raft.server.log.statemachine.data.sync = true (default)
2019-09-25 12:06:32,069 [pool-645-thread-1] INFO  server.RaftServerConfigKeys (ConfUtils.java:logGet(43)) - raft.server.log.statemachine.data.sync.timeout = 10s (default)
2019-09-25 12:06:32,069 [pool-645-thread-1] INFO  server.RaftServerConfigKeys (ConfUtils.java:logGet(43)) - raft.server.log.statemachine.data.sync.timeout.retry = -1 (default)
2019-09-25 12:06:32,069 [pool-645-thread-1] INFO  server.RaftServerConfigKeys (ConfUtils.java:logGet(43)) - raft.server.log.statemachine.data.caching.enabled = true (custom)
2019-09-25 12:06:32,070 [pool-645-thread-1] INFO  segmented.SegmentedRaftLogWorker (SegmentedRaftLogWorker.java:lambda$new$0(132)) - 5d0cbd75-9945-4b44-9440-546a6022886b@group-2A4E73DBD891-SegmentedRaftLogWorker: flushIndex: setUnconditionally 0 -> -1
2019-09-25 12:06:32,070 [pool-645-thread-1] INFO  server.RaftServerConfigKeys (ConfUtils.java:logGet(43)) - raft.server.snapshot.auto.trigger.enabled = true (custom)
2019-09-25 12:06:32,070 [pool-645-thread-1] INFO  server.RaftServerConfigKeys (ConfUtils.java:logGet(43)) - raft.server.snapshot.auto.trigger.threshold = 10000 (custom)
2019-09-25 12:06:32,070 [pool-645-thread-1] INFO  server.RaftServerConfigKeys (ConfUtils.java:logGet(43)) - raft.server.snapshot.retention.num.files = 5 (custom)
2019-09-25 12:06:32,071 [pool-645-thread-1] INFO  server.RaftServerConfigKeys (ConfUtils.java:logGet(43)) - raft.server.retrycache.expirytime = 600000ms (custom)
2019-09-25 12:06:32,072 [pool-645-thread-1] INFO  impl.RaftServerImpl (RaftServerImpl.java:start(185)) - 5d0cbd75-9945-4b44-9440-546a6022886b@group-2A4E73DBD891: start as a follower, conf=-1: [5d0cbd75-9945-4b44-9440-546a6022886b:192.168.151.73:37067], old=null
2019-09-25 12:06:32,072 [pool-645-thread-1] INFO  impl.RaftServerImpl (RaftServerImpl.java:setRole(174)) - 5d0cbd75-9945-4b44-9440-546a6022886b@group-2A4E73DBD891: changes role from      null to FOLLOWER at term 0 for startAsFollower
2019-09-25 12:06:32,073 [pool-645-thread-1] INFO  impl.RoleInfo (RoleInfo.java:updateAndGet(143)) - 5d0cbd75-9945-4b44-9440-546a6022886b: start FollowerState
2019-09-25 12:06:32,073 [pool-645-thread-1] INFO  util.JmxRegister (JmxRegister.java:tryRegister(44)) - Successfully registered JMX Bean with object name Ratis:service=RaftServer,group=group-2A4E73DBD891,id=5d0cbd75-9945-4b44-9440-546a6022886b
2019-09-25 12:06:32,075 [RatisPipelineUtilsThread] INFO  pipeline.PipelineStateManager (PipelineStateManager.java:addPipeline(56)) - Created pipeline Pipeline[ Id: cc39afc7-5c77-4cd7-9580-2a4e73dbd891, Nodes: 5d0cbd75-9945-4b44-9440-546a6022886b{ip: 192.168.151.73, host: pr-hdds-1569-shd4m-3693607622, networkLocation: /default-rack, certSerialId: null}, Type:RATIS, Factor:ONE, State:OPEN]
2019-09-25 12:06:32,075 [RatisPipelineUtilsThread] INFO  pipeline.PipelinePlacementPolicy (PipelinePlacementPolicy.java:meetCriteria(91)) - Pipeline Placement: can't place more pipeline on heavy datanode： f6c16d16-afc4-4153-950f-27a1e09b0667 Heaviness: 6 limit: 5
2019-09-25 12:06:32,076 [RatisPipelineUtilsThread] INFO  pipeline.PipelinePlacementPolicy (PipelinePlacementPolicy.java:meetCriteria(91)) - Pipeline Placement: can't place more pipeline on heavy datanode： 45cd06ff-25a2-484c-ae07-8678dc67fe17 Heaviness: 6 limit: 5
2019-09-25 12:06:32,076 [RatisPipelineUtilsThread] INFO  pipeline.PipelinePlacementPolicy (PipelinePlacementPolicy.java:meetCriteria(91)) - Pipeline Placement: can't place more pipeline on heavy datanode： d587b3c4-6743-4f9b-a5f7-0e55334fa092 Heaviness: 6 limit: 5
2019-09-25 12:06:32,076 [RatisPipelineUtilsThread] INFO  pipeline.PipelinePlacementPolicy (PipelinePlacementPolicy.java:meetCriteria(91)) - Pipeline Placement: can't place more pipeline on heavy datanode： 27e0b7c9-1b57-4073-b643-4210ac739ea7 Heaviness: 6 limit: 5
2019-09-25 12:06:32,076 [RatisPipelineUtilsThread] INFO  pipeline.PipelinePlacementPolicy (PipelinePlacementPolicy.java:meetCriteria(91)) - Pipeline Placement: can't place more pipeline on heavy datanode： 5d0cbd75-9945-4b44-9440-546a6022886b Heaviness: 6 limit: 5
2019-09-25 12:06:32,076 [RatisPipelineUtilsThread] INFO  pipeline.PipelinePlacementPolicy (PipelinePlacementPolicy.java:meetCriteria(91)) - Pipeline Placement: can't place more pipeline on heavy datanode： 4265dd55-646c-4571-a7aa-5a5e7479765c Heaviness: 6 limit: 5
2019-09-25 12:06:32,076 [RatisPipelineUtilsThread] INFO  pipeline.PipelinePlacementPolicy (PipelinePlacementPolicy.java:meetCriteria(91)) - Pipeline Placement: can't place more pipeline on heavy datanode： b31e81a4-9d51-4c30-935b-af8637f1730a Heaviness: 6 limit: 5
2019-09-25 12:06:32,077 [RatisPipelineUtilsThread] ERROR pipeline.PipelinePlacementPolicy (PipelinePlacementPolicy.java:filterViableNodes(148)) - Unable to find enough nodes that meet the criteria that cannot engage in more than 5 pipelines. Nodes required: 1 Found: 0, healthy nodes count inNodeManager: 7.
2019-09-25 12:06:32,077 [RatisPipelineUtilsThread] ERROR pipeline.SCMPipelineManager (SCMPipelineManager.java:createPipeline(167)) - Pipeline creation failed.
org.apache.hadoop.hdds.scm.exceptions.SCMException: Unable to find enough nodes that meet the criteria that cannot engage in more than 5 pipelines. Nodes required: 1 Found: 0, healthy nodes count inNodeManager: 7.
	at org.apache.hadoop.hdds.scm.pipeline.PipelinePlacementPolicy.filterViableNodes(PipelinePlacementPolicy.java:149)
	at org.apache.hadoop.hdds.scm.pipeline.PipelinePlacementPolicy.chooseDatanodes(PipelinePlacementPolicy.java:172)
	at org.apache.hadoop.hdds.scm.pipeline.RatisPipelineProvider.create(RatisPipelineProvider.java:93)
	at org.apache.hadoop.hdds.scm.pipeline.PipelineFactory.create(PipelineFactory.java:58)
	at org.apache.hadoop.hdds.scm.pipeline.SCMPipelineManager.createPipeline(SCMPipelineManager.java:155)
	at org.apache.hadoop.hdds.scm.pipeline.BackgroundPipelineCreator.createPipelines(BackgroundPipelineCreator.java:99)
	at java.util.concurrent.Executors$RunnableAdapter.call(Executors.java:511)
	at java.util.concurrent.FutureTask.run(FutureTask.java:266)
	at java.util.concurrent.ScheduledThreadPoolExecutor$ScheduledFutureTask.access$201(ScheduledThreadPoolExecutor.java:180)
	at java.util.concurrent.ScheduledThreadPoolExecutor$ScheduledFutureTask.run(ScheduledThreadPoolExecutor.java:293)
	at java.util.concurrent.ThreadPoolExecutor.runWorker(ThreadPoolExecutor.java:1149)
	at java.util.concurrent.ThreadPoolExecutor$Worker.run(ThreadPoolExecutor.java:624)
	at java.lang.Thread.run(Thread.java:748)
2019-09-25 12:06:32,077 [RatisPipelineUtilsThread] INFO  pipeline.PipelinePlacementPolicy (PipelinePlacementPolicy.java:meetCriteria(91)) - Pipeline Placement: can't place more pipeline on heavy datanode： f6c16d16-afc4-4153-950f-27a1e09b0667 Heaviness: 6 limit: 5
2019-09-25 12:06:32,077 [RatisPipelineUtilsThread] INFO  pipeline.PipelinePlacementPolicy (PipelinePlacementPolicy.java:meetCriteria(91)) - Pipeline Placement: can't place more pipeline on heavy datanode： 45cd06ff-25a2-484c-ae07-8678dc67fe17 Heaviness: 6 limit: 5
2019-09-25 12:06:32,078 [RatisPipelineUtilsThread] INFO  pipeline.PipelinePlacementPolicy (PipelinePlacementPolicy.java:meetCriteria(91)) - Pipeline Placement: can't place more pipeline on heavy datanode： d587b3c4-6743-4f9b-a5f7-0e55334fa092 Heaviness: 6 limit: 5
2019-09-25 12:06:32,078 [RatisPipelineUtilsThread] INFO  pipeline.PipelinePlacementPolicy (PipelinePlacementPolicy.java:meetCriteria(91)) - Pipeline Placement: can't place more pipeline on heavy datanode： 27e0b7c9-1b57-4073-b643-4210ac739ea7 Heaviness: 6 limit: 5
2019-09-25 12:06:32,078 [RatisPipelineUtilsThread] INFO  pipeline.PipelinePlacementPolicy (PipelinePlacementPolicy.java:meetCriteria(91)) - Pipeline Placement: can't place more pipeline on heavy datanode： 5d0cbd75-9945-4b44-9440-546a6022886b Heaviness: 6 limit: 5
2019-09-25 12:06:32,078 [RatisPipelineUtilsThread] INFO  pipeline.PipelinePlacementPolicy (PipelinePlacementPolicy.java:meetCriteria(91)) - Pipeline Placement: can't place more pipeline on heavy datanode： 4265dd55-646c-4571-a7aa-5a5e7479765c Heaviness: 6 limit: 5
2019-09-25 12:06:32,078 [RatisPipelineUtilsThread] INFO  pipeline.PipelinePlacementPolicy (PipelinePlacementPolicy.java:meetCriteria(91)) - Pipeline Placement: can't place more pipeline on heavy datanode： b31e81a4-9d51-4c30-935b-af8637f1730a Heaviness: 6 limit: 5
2019-09-25 12:06:32,078 [RatisPipelineUtilsThread] ERROR pipeline.PipelinePlacementPolicy (PipelinePlacementPolicy.java:filterViableNodes(148)) - Unable to find enough nodes that meet the criteria that cannot engage in more than 5 pipelines. Nodes required: 3 Found: 0, healthy nodes count inNodeManager: 7.
2019-09-25 12:06:32,079 [RatisPipelineUtilsThread] ERROR pipeline.SCMPipelineManager (SCMPipelineManager.java:createPipeline(167)) - Pipeline creation failed.
org.apache.hadoop.hdds.scm.exceptions.SCMException: Unable to find enough nodes that meet the criteria that cannot engage in more than 5 pipelines. Nodes required: 3 Found: 0, healthy nodes count inNodeManager: 7.
	at org.apache.hadoop.hdds.scm.pipeline.PipelinePlacementPolicy.filterViableNodes(PipelinePlacementPolicy.java:149)
	at org.apache.hadoop.hdds.scm.pipeline.PipelinePlacementPolicy.chooseDatanodes(PipelinePlacementPolicy.java:172)
	at org.apache.hadoop.hdds.scm.pipeline.RatisPipelineProvider.create(RatisPipelineProvider.java:93)
	at org.apache.hadoop.hdds.scm.pipeline.PipelineFactory.create(PipelineFactory.java:58)
	at org.apache.hadoop.hdds.scm.pipeline.SCMPipelineManager.createPipeline(SCMPipelineManager.java:155)
	at org.apache.hadoop.hdds.scm.pipeline.BackgroundPipelineCreator.createPipelines(BackgroundPipelineCreator.java:99)
	at java.util.concurrent.Executors$RunnableAdapter.call(Executors.java:511)
	at java.util.concurrent.FutureTask.run(FutureTask.java:266)
	at java.util.concurrent.ScheduledThreadPoolExecutor$ScheduledFutureTask.access$201(ScheduledThreadPoolExecutor.java:180)
	at java.util.concurrent.ScheduledThreadPoolExecutor$ScheduledFutureTask.run(ScheduledThreadPoolExecutor.java:293)
	at java.util.concurrent.ThreadPoolExecutor.runWorker(ThreadPoolExecutor.java:1149)
	at java.util.concurrent.ThreadPoolExecutor$Worker.run(ThreadPoolExecutor.java:624)
	at java.lang.Thread.run(Thread.java:748)
2019-09-25 12:06:32,113 [RatisPipelineUtilsThread] INFO  pipeline.PipelinePlacementPolicy (PipelinePlacementPolicy.java:meetCriteria(91)) - Pipeline Placement: can't place more pipeline on heavy datanode： f6c16d16-afc4-4153-950f-27a1e09b0667 Heaviness: 6 limit: 5
2019-09-25 12:06:32,113 [RatisPipelineUtilsThread] INFO  pipeline.PipelinePlacementPolicy (PipelinePlacementPolicy.java:meetCriteria(91)) - Pipeline Placement: can't place more pipeline on heavy datanode： 45cd06ff-25a2-484c-ae07-8678dc67fe17 Heaviness: 6 limit: 5
2019-09-25 12:06:32,113 [RatisPipelineUtilsThread] INFO  pipeline.PipelinePlacementPolicy (PipelinePlacementPolicy.java:meetCriteria(91)) - Pipeline Placement: can't place more pipeline on heavy datanode： d587b3c4-6743-4f9b-a5f7-0e55334fa092 Heaviness: 6 limit: 5
2019-09-25 12:06:32,113 [RatisPipelineUtilsThread] INFO  pipeline.PipelinePlacementPolicy (PipelinePlacementPolicy.java:meetCriteria(91)) - Pipeline Placement: can't place more pipeline on heavy datanode： 27e0b7c9-1b57-4073-b643-4210ac739ea7 Heaviness: 6 limit: 5
2019-09-25 12:06:32,113 [RatisPipelineUtilsThread] INFO  pipeline.PipelinePlacementPolicy (PipelinePlacementPolicy.java:meetCriteria(91)) - Pipeline Placement: can't place more pipeline on heavy datanode： 5d0cbd75-9945-4b44-9440-546a6022886b Heaviness: 6 limit: 5
2019-09-25 12:06:32,114 [RatisPipelineUtilsThread] INFO  pipeline.PipelinePlacementPolicy (PipelinePlacementPolicy.java:meetCriteria(91)) - Pipeline Placement: can't place more pipeline on heavy datanode： 4265dd55-646c-4571-a7aa-5a5e7479765c Heaviness: 6 limit: 5
2019-09-25 12:06:32,114 [RatisPipelineUtilsThread] INFO  pipeline.PipelinePlacementPolicy (PipelinePlacementPolicy.java:meetCriteria(91)) - Pipeline Placement: can't place more pipeline on heavy datanode： b31e81a4-9d51-4c30-935b-af8637f1730a Heaviness: 6 limit: 5
2019-09-25 12:06:32,114 [RatisPipelineUtilsThread] ERROR pipeline.PipelinePlacementPolicy (PipelinePlacementPolicy.java:filterViableNodes(148)) - Unable to find enough nodes that meet the criteria that cannot engage in more than 5 pipelines. Nodes required: 1 Found: 0, healthy nodes count inNodeManager: 7.
2019-09-25 12:06:32,114 [RatisPipelineUtilsThread] ERROR pipeline.SCMPipelineManager (SCMPipelineManager.java:createPipeline(167)) - Pipeline creation failed.
org.apache.hadoop.hdds.scm.exceptions.SCMException: Unable to find enough nodes that meet the criteria that cannot engage in more than 5 pipelines. Nodes required: 1 Found: 0, healthy nodes count inNodeManager: 7.
	at org.apache.hadoop.hdds.scm.pipeline.PipelinePlacementPolicy.filterViableNodes(PipelinePlacementPolicy.java:149)
	at org.apache.hadoop.hdds.scm.pipeline.PipelinePlacementPolicy.chooseDatanodes(PipelinePlacementPolicy.java:172)
	at org.apache.hadoop.hdds.scm.pipeline.RatisPipelineProvider.create(RatisPipelineProvider.java:93)
	at org.apache.hadoop.hdds.scm.pipeline.PipelineFactory.create(PipelineFactory.java:58)
	at org.apache.hadoop.hdds.scm.pipeline.SCMPipelineManager.createPipeline(SCMPipelineManager.java:155)
	at org.apache.hadoop.hdds.scm.pipeline.BackgroundPipelineCreator.createPipelines(BackgroundPipelineCreator.java:99)
	at org.apache.hadoop.hdds.scm.pipeline.BackgroundPipelineCreator.lambda$startFixedIntervalPipelineCreator$0(BackgroundPipelineCreator.java:70)
	at java.util.concurrent.Executors$RunnableAdapter.call(Executors.java:511)
	at java.util.concurrent.FutureTask.runAndReset(FutureTask.java:308)
	at java.util.concurrent.ScheduledThreadPoolExecutor$ScheduledFutureTask.access$301(ScheduledThreadPoolExecutor.java:180)
	at java.util.concurrent.ScheduledThreadPoolExecutor$ScheduledFutureTask.run(ScheduledThreadPoolExecutor.java:294)
	at java.util.concurrent.ThreadPoolExecutor.runWorker(ThreadPoolExecutor.java:1149)
	at java.util.concurrent.ThreadPoolExecutor$Worker.run(ThreadPoolExecutor.java:624)
	at java.lang.Thread.run(Thread.java:748)
2019-09-25 12:06:32,115 [RatisPipelineUtilsThread] INFO  pipeline.PipelinePlacementPolicy (PipelinePlacementPolicy.java:meetCriteria(91)) - Pipeline Placement: can't place more pipeline on heavy datanode： f6c16d16-afc4-4153-950f-27a1e09b0667 Heaviness: 6 limit: 5
2019-09-25 12:06:32,115 [RatisPipelineUtilsThread] INFO  pipeline.PipelinePlacementPolicy (PipelinePlacementPolicy.java:meetCriteria(91)) - Pipeline Placement: can't place more pipeline on heavy datanode： 45cd06ff-25a2-484c-ae07-8678dc67fe17 Heaviness: 6 limit: 5
2019-09-25 12:06:32,115 [RatisPipelineUtilsThread] INFO  pipeline.PipelinePlacementPolicy (PipelinePlacementPolicy.java:meetCriteria(91)) - Pipeline Placement: can't place more pipeline on heavy datanode： d587b3c4-6743-4f9b-a5f7-0e55334fa092 Heaviness: 6 limit: 5
2019-09-25 12:06:32,115 [RatisPipelineUtilsThread] INFO  pipeline.PipelinePlacementPolicy (PipelinePlacementPolicy.java:meetCriteria(91)) - Pipeline Placement: can't place more pipeline on heavy datanode： 27e0b7c9-1b57-4073-b643-4210ac739ea7 Heaviness: 6 limit: 5
2019-09-25 12:06:32,115 [RatisPipelineUtilsThread] INFO  pipeline.PipelinePlacementPolicy (PipelinePlacementPolicy.java:meetCriteria(91)) - Pipeline Placement: can't place more pipeline on heavy datanode： 5d0cbd75-9945-4b44-9440-546a6022886b Heaviness: 6 limit: 5
2019-09-25 12:06:32,116 [RatisPipelineUtilsThread] INFO  pipeline.PipelinePlacementPolicy (PipelinePlacementPolicy.java:meetCriteria(91)) - Pipeline Placement: can't place more pipeline on heavy datanode： 4265dd55-646c-4571-a7aa-5a5e7479765c Heaviness: 6 limit: 5
2019-09-25 12:06:32,116 [RatisPipelineUtilsThread] INFO  pipeline.PipelinePlacementPolicy (PipelinePlacementPolicy.java:meetCriteria(91)) - Pipeline Placement: can't place more pipeline on heavy datanode： b31e81a4-9d51-4c30-935b-af8637f1730a Heaviness: 6 limit: 5
2019-09-25 12:06:32,116 [RatisPipelineUtilsThread] ERROR pipeline.PipelinePlacementPolicy (PipelinePlacementPolicy.java:filterViableNodes(148)) - Unable to find enough nodes that meet the criteria that cannot engage in more than 5 pipelines. Nodes required: 3 Found: 0, healthy nodes count inNodeManager: 7.
2019-09-25 12:06:32,116 [RatisPipelineUtilsThread] ERROR pipeline.SCMPipelineManager (SCMPipelineManager.java:createPipeline(167)) - Pipeline creation failed.
org.apache.hadoop.hdds.scm.exceptions.SCMException: Unable to find enough nodes that meet the criteria that cannot engage in more than 5 pipelines. Nodes required: 3 Found: 0, healthy nodes count inNodeManager: 7.
	at org.apache.hadoop.hdds.scm.pipeline.PipelinePlacementPolicy.filterViableNodes(PipelinePlacementPolicy.java:149)
	at org.apache.hadoop.hdds.scm.pipeline.PipelinePlacementPolicy.chooseDatanodes(PipelinePlacementPolicy.java:172)
	at org.apache.hadoop.hdds.scm.pipeline.RatisPipelineProvider.create(RatisPipelineProvider.java:93)
	at org.apache.hadoop.hdds.scm.pipeline.PipelineFactory.create(PipelineFactory.java:58)
	at org.apache.hadoop.hdds.scm.pipeline.SCMPipelineManager.createPipeline(SCMPipelineManager.java:155)
	at org.apache.hadoop.hdds.scm.pipeline.BackgroundPipelineCreator.createPipelines(BackgroundPipelineCreator.java:99)
	at org.apache.hadoop.hdds.scm.pipeline.BackgroundPipelineCreator.lambda$startFixedIntervalPipelineCreator$0(BackgroundPipelineCreator.java:70)
	at java.util.concurrent.Executors$RunnableAdapter.call(Executors.java:511)
	at java.util.concurrent.FutureTask.runAndReset(FutureTask.java:308)
	at java.util.concurrent.ScheduledThreadPoolExecutor$ScheduledFutureTask.access$301(ScheduledThreadPoolExecutor.java:180)
	at java.util.concurrent.ScheduledThreadPoolExecutor$ScheduledFutureTask.run(ScheduledThreadPoolExecutor.java:294)
	at java.util.concurrent.ThreadPoolExecutor.runWorker(ThreadPoolExecutor.java:1149)
	at java.util.concurrent.ThreadPoolExecutor$Worker.run(ThreadPoolExecutor.java:624)
	at java.lang.Thread.run(Thread.java:748)
2019-09-25 12:06:32,117 [IPC Server handler 1 on 42187] INFO  pipeline.PipelinePlacementPolicy (PipelinePlacementPolicy.java:meetCriteria(91)) - Pipeline Placement: can't place more pipeline on heavy datanode： f6c16d16-afc4-4153-950f-27a1e09b0667 Heaviness: 6 limit: 5
2019-09-25 12:06:32,117 [IPC Server handler 1 on 42187] INFO  pipeline.PipelinePlacementPolicy (PipelinePlacementPolicy.java:meetCriteria(91)) - Pipeline Placement: can't place more pipeline on heavy datanode： 45cd06ff-25a2-484c-ae07-8678dc67fe17 Heaviness: 6 limit: 5
2019-09-25 12:06:32,117 [IPC Server handler 1 on 42187] INFO  pipeline.PipelinePlacementPolicy (PipelinePlacementPolicy.java:meetCriteria(91)) - Pipeline Placement: can't place more pipeline on heavy datanode： d587b3c4-6743-4f9b-a5f7-0e55334fa092 Heaviness: 6 limit: 5
2019-09-25 12:06:32,117 [IPC Server handler 1 on 42187] INFO  pipeline.PipelinePlacementPolicy (PipelinePlacementPolicy.java:meetCriteria(91)) - Pipeline Placement: can't place more pipeline on heavy datanode： 27e0b7c9-1b57-4073-b643-4210ac739ea7 Heaviness: 6 limit: 5
2019-09-25 12:06:32,118 [IPC Server handler 1 on 42187] INFO  pipeline.PipelinePlacementPolicy (PipelinePlacementPolicy.java:meetCriteria(91)) - Pipeline Placement: can't place more pipeline on heavy datanode： 5d0cbd75-9945-4b44-9440-546a6022886b Heaviness: 6 limit: 5
2019-09-25 12:06:32,118 [IPC Server handler 1 on 42187] INFO  pipeline.PipelinePlacementPolicy (PipelinePlacementPolicy.java:meetCriteria(91)) - Pipeline Placement: can't place more pipeline on heavy datanode： 4265dd55-646c-4571-a7aa-5a5e7479765c Heaviness: 6 limit: 5
2019-09-25 12:06:32,118 [IPC Server handler 1 on 42187] INFO  pipeline.PipelinePlacementPolicy (PipelinePlacementPolicy.java:meetCriteria(91)) - Pipeline Placement: can't place more pipeline on heavy datanode： b31e81a4-9d51-4c30-935b-af8637f1730a Heaviness: 6 limit: 5
2019-09-25 12:06:32,118 [IPC Server handler 1 on 42187] ERROR pipeline.PipelinePlacementPolicy (PipelinePlacementPolicy.java:filterViableNodes(148)) - Unable to find enough nodes that meet the criteria that cannot engage in more than 5 pipelines. Nodes required: 3 Found: 0, healthy nodes count inNodeManager: 7.
2019-09-25 12:06:32,118 [IPC Server handler 1 on 42187] ERROR pipeline.SCMPipelineManager (SCMPipelineManager.java:createPipeline(167)) - Pipeline creation failed.
org.apache.hadoop.hdds.scm.exceptions.SCMException: Unable to find enough nodes that meet the criteria that cannot engage in more than 5 pipelines. Nodes required: 3 Found: 0, healthy nodes count inNodeManager: 7.
	at org.apache.hadoop.hdds.scm.pipeline.PipelinePlacementPolicy.filterViableNodes(PipelinePlacementPolicy.java:149)
	at org.apache.hadoop.hdds.scm.pipeline.PipelinePlacementPolicy.chooseDatanodes(PipelinePlacementPolicy.java:172)
	at org.apache.hadoop.hdds.scm.pipeline.RatisPipelineProvider.create(RatisPipelineProvider.java:93)
	at org.apache.hadoop.hdds.scm.pipeline.PipelineFactory.create(PipelineFactory.java:58)
	at org.apache.hadoop.hdds.scm.pipeline.SCMPipelineManager.createPipeline(SCMPipelineManager.java:155)
	at org.apache.hadoop.hdds.scm.block.BlockManagerImpl.allocateBlock(BlockManagerImpl.java:190)
	at org.apache.hadoop.hdds.scm.server.SCMBlockProtocolServer.allocateBlock(SCMBlockProtocolServer.java:182)
	at org.apache.hadoop.ozone.protocolPB.ScmBlockLocationProtocolServerSideTranslatorPB.allocateScmBlock(ScmBlockLocationProtocolServerSideTranslatorPB.java:183)
	at org.apache.hadoop.ozone.protocolPB.ScmBlockLocationProtocolServerSideTranslatorPB.processMessage(ScmBlockLocationProtocolServerSideTranslatorPB.java:141)
	at org.apache.hadoop.ozone.protocolPB.ScmBlockLocationProtocolServerSideTranslatorPB.send(ScmBlockLocationProtocolServerSideTranslatorPB.java:116)
	at org.apache.hadoop.hdds.protocol.proto.ScmBlockLocationProtocolProtos$ScmBlockLocationProtocolService$2.callBlockingMethod(ScmBlockLocationProtocolProtos.java:13157)
	at org.apache.hadoop.ipc.ProtobufRpcEngine$Server$ProtoBufRpcInvoker.call(ProtobufRpcEngine.java:524)
	at org.apache.hadoop.ipc.RPC$Server.call(RPC.java:1025)
	at org.apache.hadoop.ipc.Server$RpcCall.run(Server.java:876)
	at org.apache.hadoop.ipc.Server$RpcCall.run(Server.java:822)
	at java.security.AccessController.doPrivileged(Native Method)
	at javax.security.auth.Subject.doAs(Subject.java:422)
	at org.apache.hadoop.security.UserGroupInformation.doAs(UserGroupInformation.java:1730)
	at org.apache.hadoop.ipc.Server$Handler.run(Server.java:2682)
2019-09-25 12:06:32,119 [IPC Server handler 1 on 42187] WARN  block.BlockManagerImpl (BlockManagerImpl.java:allocateBlock(192)) - Pipeline creation failed for type:RATIS factor:THREE. Retrying get pipelines call once.
org.apache.hadoop.hdds.scm.exceptions.SCMException: Unable to find enough nodes that meet the criteria that cannot engage in more than 5 pipelines. Nodes required: 3 Found: 0, healthy nodes count inNodeManager: 7.
	at org.apache.hadoop.hdds.scm.pipeline.PipelinePlacementPolicy.filterViableNodes(PipelinePlacementPolicy.java:149)
	at org.apache.hadoop.hdds.scm.pipeline.PipelinePlacementPolicy.chooseDatanodes(PipelinePlacementPolicy.java:172)
	at org.apache.hadoop.hdds.scm.pipeline.RatisPipelineProvider.create(RatisPipelineProvider.java:93)
	at org.apache.hadoop.hdds.scm.pipeline.PipelineFactory.create(PipelineFactory.java:58)
	at org.apache.hadoop.hdds.scm.pipeline.SCMPipelineManager.createPipeline(SCMPipelineManager.java:155)
	at org.apache.hadoop.hdds.scm.block.BlockManagerImpl.allocateBlock(BlockManagerImpl.java:190)
	at org.apache.hadoop.hdds.scm.server.SCMBlockProtocolServer.allocateBlock(SCMBlockProtocolServer.java:182)
	at org.apache.hadoop.ozone.protocolPB.ScmBlockLocationProtocolServerSideTranslatorPB.allocateScmBlock(ScmBlockLocationProtocolServerSideTranslatorPB.java:183)
	at org.apache.hadoop.ozone.protocolPB.ScmBlockLocationProtocolServerSideTranslatorPB.processMessage(ScmBlockLocationProtocolServerSideTranslatorPB.java:141)
	at org.apache.hadoop.ozone.protocolPB.ScmBlockLocationProtocolServerSideTranslatorPB.send(ScmBlockLocationProtocolServerSideTranslatorPB.java:116)
	at org.apache.hadoop.hdds.protocol.proto.ScmBlockLocationProtocolProtos$ScmBlockLocationProtocolService$2.callBlockingMethod(ScmBlockLocationProtocolProtos.java:13157)
	at org.apache.hadoop.ipc.ProtobufRpcEngine$Server$ProtoBufRpcInvoker.call(ProtobufRpcEngine.java:524)
	at org.apache.hadoop.ipc.RPC$Server.call(RPC.java:1025)
	at org.apache.hadoop.ipc.Server$RpcCall.run(Server.java:876)
	at org.apache.hadoop.ipc.Server$RpcCall.run(Server.java:822)
	at java.security.AccessController.doPrivileged(Native Method)
	at javax.security.auth.Subject.doAs(Subject.java:422)
	at org.apache.hadoop.security.UserGroupInformation.doAs(UserGroupInformation.java:1730)
	at org.apache.hadoop.ipc.Server$Handler.run(Server.java:2682)
2019-09-25 12:06:32,119 [IPC Server handler 1 on 42187] INFO  block.BlockManagerImpl (BlockManagerImpl.java:allocateBlock(198)) - Could not find available pipeline of type:RATIS and factor:THREE even after retrying
2019-09-25 12:06:32,119 [IPC Server handler 1 on 42187] ERROR block.BlockManagerImpl (BlockManagerImpl.java:allocateBlock(222)) - Unable to allocate a block for the size: 800, type: RATIS, factor: THREE
2019-09-25 12:06:32,126 [main] INFO  ozone.MiniOzoneClusterImpl (MiniOzoneClusterImpl.java:shutdown(314)) - Shutting down the Mini Ozone Cluster
2019-09-25 12:06:32,127 [main] INFO  ozone.MiniOzoneClusterImpl (MiniOzoneClusterImpl.java:stop(330)) - Stopping the Mini Ozone Cluster
2019-09-25 12:06:32,127 [main] INFO  ozone.MiniOzoneClusterImpl (MiniOzoneClusterImpl.java:stopOM(400)) - Stopping the OzoneManager
2019-09-25 12:06:32,127 [main] INFO  ipc.Server (Server.java:stop(3082)) - Stopping server on 44685
2019-09-25 12:06:32,143 [main] INFO  ratis.OzoneManagerDoubleBuffer (OzoneManagerDoubleBuffer.java:stop(248)) - Stopping OMDoubleBuffer flush thread
2019-09-25 12:06:32,143 [IPC Server listener on 44685] INFO  ipc.Server (Server.java:run(1185)) - Stopping IPC Server listener on 44685
2019-09-25 12:06:32,147 [OMDoubleBufferFlushThread] INFO  ratis.OzoneManagerDoubleBuffer (OzoneManagerDoubleBuffer.java:flushTransactions(191)) - OMDoubleBuffer flush thread OMDoubleBufferFlushThread is interrupted and will exit. OMDoubleBufferFlushThread
2019-09-25 12:06:32,143 [IPC Server Responder] INFO  ipc.Server (Server.java:run(1319)) - Stopping IPC Server Responder
2019-09-25 12:06:32,170 [main] INFO  utils.BackgroundService (BackgroundService.java:shutdown(148)) - Shutting down service KeyDeletingService
2019-09-25 12:06:32,194 [main] INFO  handler.ContextHandler (ContextHandler.java:doStop(910)) - Stopped o.e.j.w.WebAppContext@e795a1d{/,null,UNAVAILABLE}{/ozoneManager}
2019-09-25 12:06:32,195 [main] INFO  server.AbstractConnector (AbstractConnector.java:doStop(318)) - Stopped ServerConnector@38c10190{HTTP/1.1,[http/1.1]}{0.0.0.0:0}
2019-09-25 12:06:32,195 [main] INFO  handler.ContextHandler (ContextHandler.java:doStop(910)) - Stopped o.e.j.s.ServletContextHandler@4243341e{/static,file:///workdir/hadoop-ozone/integration-test/target/test-classes/webapps/static,UNAVAILABLE}
2019-09-25 12:06:32,196 [main] INFO  handler.ContextHandler (ContextHandler.java:doStop(910)) - Stopped o.e.j.s.ServletContextHandler@fcf9525{/logs,file:///workdir/hadoop-ozone/integration-test/target/log,UNAVAILABLE}
2019-09-25 12:06:32,198 [main] INFO  ozone.MiniOzoneClusterImpl (MiniOzoneClusterImpl.java:stopDatanodes(377)) - Stopping the HddsDatanodes
2019-09-25 12:06:32,311 [Datanode State Machine Thread - 0] INFO  statemachine.DatanodeStateMachine (DatanodeStateMachine.java:lambda$startDaemon$0(350)) - Ozone container server started.
2019-09-25 12:06:32,602 [Datanode State Machine Thread - 0] INFO  statemachine.DatanodeStateMachine (DatanodeStateMachine.java:lambda$startDaemon$0(350)) - Ozone container server started.
2019-09-25 12:06:33,222 [Thread-3524] INFO  container.ReplicationManager (ReplicationManager.java:start(163)) - Starting Replication Monitor Thread.
2019-09-25 12:06:33,230 [ReplicationMonitor] INFO  container.ReplicationManager (ReplicationManager.java:run(226)) - Replication Monitor Thread took 0 milliseconds for processing 0 containers.
2019-09-25 12:06:35,345 [Thread-3529] INFO  impl.FollowerState (FollowerState.java:run(106)) - f6c16d16-afc4-4153-950f-27a1e09b0667:group-2C5CB6273789 changes to CANDIDATE, lastRpcTime:5012, electionTimeout:5012ms
2019-09-25 12:06:35,345 [Thread-3529] INFO  impl.RoleInfo (RoleInfo.java:shutdownFollowerState(121)) - f6c16d16-afc4-4153-950f-27a1e09b0667: shutdown FollowerState
2019-09-25 12:06:35,345 [Thread-3529] INFO  impl.RaftServerImpl (RaftServerImpl.java:setRole(174)) - f6c16d16-afc4-4153-950f-27a1e09b0667@group-2C5CB6273789: changes role from  FOLLOWER to CANDIDATE at term 0 for changeToCandidate
2019-09-25 12:06:35,345 [Thread-3529] INFO  impl.RoleInfo (RoleInfo.java:updateAndGet(143)) - f6c16d16-afc4-4153-950f-27a1e09b0667: start LeaderElection
2019-09-25 12:06:35,374 [EventQueue-StaleNodeForStaleNodeHandler] INFO  node.StaleNodeHandler (StaleNodeHandler.java:onMessage(58)) - Datanode b31e81a4-9d51-4c30-935b-af8637f1730a{ip: 192.168.151.73, host: pr-hdds-1569-shd4m-3693607622, networkLocation: /default-rack, certSerialId: null} moved to stale state. Finalizing its pipelines [PipelineID=9c0c347a-c038-4026-821b-98bb5ebea6e4, PipelineID=fa095440-1412-4234-a5b5-b498315531c2, PipelineID=07b12cbc-55b3-490d-851a-9b0bd9abeb1e, PipelineID=2245ad8c-c2f0-446b-a95d-7a92afc5ac26, PipelineID=087ebcd4-10ed-4ca8-9b12-77674f33db76, PipelineID=27fe0fa7-5fb2-4ccf-a405-f6c99c8f3c78]
2019-09-25 12:06:35,374 [EventQueue-StaleNodeForStaleNodeHandler] INFO  pipeline.SCMPipelineManager (SCMPipelineManager.java:finalizeAndDestroyPipeline(316)) - destroying pipeline:Pipeline[ Id: 9c0c347a-c038-4026-821b-98bb5ebea6e4, Nodes: b31e81a4-9d51-4c30-935b-af8637f1730a{ip: 192.168.151.73, host: pr-hdds-1569-shd4m-3693607622, networkLocation: /default-rack, certSerialId: null}, Type:RATIS, Factor:ONE, State:OPEN]
2019-09-25 12:06:35,374 [EventQueue-StaleNodeForStaleNodeHandler] INFO  pipeline.PipelineStateManager (PipelineStateManager.java:finalizePipeline(123)) - Pipeline Pipeline[ Id: 9c0c347a-c038-4026-821b-98bb5ebea6e4, Nodes: b31e81a4-9d51-4c30-935b-af8637f1730a{ip: 192.168.151.73, host: pr-hdds-1569-shd4m-3693607622, networkLocation: /default-rack, certSerialId: null}, Type:RATIS, Factor:ONE, State:CLOSED] moved to CLOSED state
2019-09-25 12:06:35,375 [EventQueue-StaleNodeForStaleNodeHandler] INFO  pipeline.SCMPipelineManager (SCMPipelineManager.java:finalizeAndDestroyPipeline(316)) - destroying pipeline:Pipeline[ Id: fa095440-1412-4234-a5b5-b498315531c2, Nodes: b31e81a4-9d51-4c30-935b-af8637f1730a{ip: 192.168.151.73, host: pr-hdds-1569-shd4m-3693607622, networkLocation: /default-rack, certSerialId: null}, Type:RATIS, Factor:ONE, State:OPEN]
2019-09-25 12:06:35,375 [EventQueue-StaleNodeForStaleNodeHandler] INFO  pipeline.PipelineStateManager (PipelineStateManager.java:finalizePipeline(123)) - Pipeline Pipeline[ Id: fa095440-1412-4234-a5b5-b498315531c2, Nodes: b31e81a4-9d51-4c30-935b-af8637f1730a{ip: 192.168.151.73, host: pr-hdds-1569-shd4m-3693607622, networkLocation: /default-rack, certSerialId: null}, Type:RATIS, Factor:ONE, State:CLOSED] moved to CLOSED state
2019-09-25 12:06:35,375 [EventQueue-StaleNodeForStaleNodeHandler] INFO  pipeline.SCMPipelineManager (SCMPipelineManager.java:finalizeAndDestroyPipeline(316)) - destroying pipeline:Pipeline[ Id: 07b12cbc-55b3-490d-851a-9b0bd9abeb1e, Nodes: b31e81a4-9d51-4c30-935b-af8637f1730a{ip: 192.168.151.73, host: pr-hdds-1569-shd4m-3693607622, networkLocation: /default-rack, certSerialId: null}, Type:RATIS, Factor:ONE, State:OPEN]
2019-09-25 12:06:35,375 [EventQueue-StaleNodeForStaleNodeHandler] INFO  pipeline.PipelineStateManager (PipelineStateManager.java:finalizePipeline(123)) - Pipeline Pipeline[ Id: 07b12cbc-55b3-490d-851a-9b0bd9abeb1e, Nodes: b31e81a4-9d51-4c30-935b-af8637f1730a{ip: 192.168.151.73, host: pr-hdds-1569-shd4m-3693607622, networkLocation: /default-rack, certSerialId: null}, Type:RATIS, Factor:ONE, State:CLOSED] moved to CLOSED state
2019-09-25 12:06:35,375 [EventQueue-StaleNodeForStaleNodeHandler] INFO  pipeline.SCMPipelineManager (SCMPipelineManager.java:finalizeAndDestroyPipeline(316)) - destroying pipeline:Pipeline[ Id: 2245ad8c-c2f0-446b-a95d-7a92afc5ac26, Nodes: b31e81a4-9d51-4c30-935b-af8637f1730a{ip: 192.168.151.73, host: pr-hdds-1569-shd4m-3693607622, networkLocation: /default-rack, certSerialId: null}, Type:RATIS, Factor:ONE, State:OPEN]
2019-09-25 12:06:35,376 [EventQueue-StaleNodeForStaleNodeHandler] INFO  pipeline.PipelineStateManager (PipelineStateManager.java:finalizePipeline(123)) - Pipeline Pipeline[ Id: 2245ad8c-c2f0-446b-a95d-7a92afc5ac26, Nodes: b31e81a4-9d51-4c30-935b-af8637f1730a{ip: 192.168.151.73, host: pr-hdds-1569-shd4m-3693607622, networkLocation: /default-rack, certSerialId: null}, Type:RATIS, Factor:ONE, State:CLOSED] moved to CLOSED state
2019-09-25 12:06:35,376 [EventQueue-StaleNodeForStaleNodeHandler] INFO  pipeline.SCMPipelineManager (SCMPipelineManager.java:finalizeAndDestroyPipeline(316)) - destroying pipeline:Pipeline[ Id: 087ebcd4-10ed-4ca8-9b12-77674f33db76, Nodes: b31e81a4-9d51-4c30-935b-af8637f1730a{ip: 192.168.151.73, host: pr-hdds-1569-shd4m-3693607622, networkLocation: /default-rack, certSerialId: null}, Type:RATIS, Factor:ONE, State:OPEN]
2019-09-25 12:06:35,376 [EventQueue-StaleNodeForStaleNodeHandler] INFO  pipeline.PipelineStateManager (PipelineStateManager.java:finalizePipeline(123)) - Pipeline Pipeline[ Id: 087ebcd4-10ed-4ca8-9b12-77674f33db76, Nodes: b31e81a4-9d51-4c30-935b-af8637f1730a{ip: 192.168.151.73, host: pr-hdds-1569-shd4m-3693607622, networkLocation: /default-rack, certSerialId: null}, Type:RATIS, Factor:ONE, State:CLOSED] moved to CLOSED state
2019-09-25 12:06:35,376 [EventQueue-StaleNodeForStaleNodeHandler] INFO  pipeline.SCMPipelineManager (SCMPipelineManager.java:finalizeAndDestroyPipeline(316)) - destroying pipeline:Pipeline[ Id: 27fe0fa7-5fb2-4ccf-a405-f6c99c8f3c78, Nodes: b31e81a4-9d51-4c30-935b-af8637f1730a{ip: 192.168.151.73, host: pr-hdds-1569-shd4m-3693607622, networkLocation: /default-rack, certSerialId: null}, Type:RATIS, Factor:ONE, State:OPEN]
2019-09-25 12:06:35,376 [EventQueue-StaleNodeForStaleNodeHandler] INFO  pipeline.PipelineStateManager (PipelineStateManager.java:finalizePipeline(123)) - Pipeline Pipeline[ Id: 27fe0fa7-5fb2-4ccf-a405-f6c99c8f3c78, Nodes: b31e81a4-9d51-4c30-935b-af8637f1730a{ip: 192.168.151.73, host: pr-hdds-1569-shd4m-3693607622, networkLocation: /default-rack, certSerialId: null}, Type:RATIS, Factor:ONE, State:CLOSED] moved to CLOSED state
2019-09-25 12:06:35,380 [f6c16d16-afc4-4153-950f-27a1e09b0667@group-2C5CB6273789:LeaderElection259] INFO  impl.LeaderElection (LeaderElection.java:askForVotes(182)) - f6c16d16-afc4-4153-950f-27a1e09b0667@group-2C5CB6273789:LeaderElection259: begin an election at term 1 for -1: [f6c16d16-afc4-4153-950f-27a1e09b0667:192.168.151.73:37173], old=null
2019-09-25 12:06:35,386 [f6c16d16-afc4-4153-950f-27a1e09b0667@group-2C5CB6273789:LeaderElection259] INFO  impl.RoleInfo (RoleInfo.java:shutdownLeaderElection(134)) - f6c16d16-afc4-4153-950f-27a1e09b0667: shutdown LeaderElection
2019-09-25 12:06:35,386 [f6c16d16-afc4-4153-950f-27a1e09b0667@group-2C5CB6273789:LeaderElection259] INFO  impl.RaftServerImpl (RaftServerImpl.java:setRole(174)) - f6c16d16-afc4-4153-950f-27a1e09b0667@group-2C5CB6273789: changes role from CANDIDATE to LEADER at term 1 for changeToLeader
2019-09-25 12:06:35,386 [f6c16d16-afc4-4153-950f-27a1e09b0667@group-2C5CB6273789:LeaderElection259] INFO  impl.RaftServerImpl (ServerState.java:setLeader(253)) - f6c16d16-afc4-4153-950f-27a1e09b0667@group-2C5CB6273789: change Leader from null to f6c16d16-afc4-4153-950f-27a1e09b0667 at term 1 for becomeLeader, leader elected after 5059ms
2019-09-25 12:06:35,386 [f6c16d16-afc4-4153-950f-27a1e09b0667@group-2C5CB6273789:LeaderElection259] INFO  server.RaftServerConfigKeys (ConfUtils.java:logGet(43)) - raft.server.staging.catchup.gap = 1000 (default)
2019-09-25 12:06:35,386 [f6c16d16-afc4-4153-950f-27a1e09b0667@group-2C5CB6273789:LeaderElection259] INFO  server.RaftServerConfigKeys (ConfUtils.java:logGet(43)) - raft.server.rpc.sleep.time = 25ms (default)
2019-09-25 12:06:35,386 [f6c16d16-afc4-4153-950f-27a1e09b0667@group-2C5CB6273789:LeaderElection259] INFO  server.RaftServerConfigKeys (ConfUtils.java:logGet(43)) - raft.server.write.element-limit = 4096 (default)
2019-09-25 12:06:35,386 [f6c16d16-afc4-4153-950f-27a1e09b0667@group-2C5CB6273789:LeaderElection259] INFO  server.RaftServerConfigKeys (ConfUtils.java:logGet(43)) - raft.server.watch.timeout = 10s (default)
2019-09-25 12:06:35,387 [f6c16d16-afc4-4153-950f-27a1e09b0667@group-2C5CB6273789:LeaderElection259] INFO  server.RaftServerConfigKeys (ConfUtils.java:logGet(43)) - raft.server.watch.timeout.denomination = 1s (default)
2019-09-25 12:06:35,387 [f6c16d16-afc4-4153-950f-27a1e09b0667@group-2C5CB6273789:LeaderElection259] INFO  server.RaftServerConfigKeys (ConfUtils.java:logGet(43)) - raft.server.watch.element-limit = 65536 (default)
2019-09-25 12:06:35,389 [f6c16d16-afc4-4153-950f-27a1e09b0667@group-2C5CB6273789:LeaderElection259] INFO  impl.RoleInfo (RoleInfo.java:updateAndGet(143)) - f6c16d16-afc4-4153-950f-27a1e09b0667: start LeaderState
2019-09-25 12:06:35,389 [f6c16d16-afc4-4153-950f-27a1e09b0667@group-2C5CB6273789:LeaderElection259] INFO  segmented.SegmentedRaftLogWorker (SegmentedRaftLogWorker.java:startLogSegment(380)) - f6c16d16-afc4-4153-950f-27a1e09b0667@group-2C5CB6273789-SegmentedRaftLogWorker: Starting segment from index:0
2019-09-25 12:06:35,390 [f6c16d16-afc4-4153-950f-27a1e09b0667@group-2C5CB6273789:LeaderElection259] INFO  impl.RaftServerImpl (ServerState.java:setRaftConf(354)) - f6c16d16-afc4-4153-950f-27a1e09b0667@group-2C5CB6273789: set configuration 0: [f6c16d16-afc4-4153-950f-27a1e09b0667:192.168.151.73:37173], old=null at 0
2019-09-25 12:06:35,407 [Thread-3532] INFO  impl.FollowerState (FollowerState.java:run(106)) - b31e81a4-9d51-4c30-935b-af8637f1730a:group-98BB5EBEA6E4 changes to CANDIDATE, lastRpcTime:5027, electionTimeout:5027ms
2019-09-25 12:06:35,407 [Thread-3532] INFO  impl.RoleInfo (RoleInfo.java:shutdownFollowerState(121)) - b31e81a4-9d51-4c30-935b-af8637f1730a: shutdown FollowerState
2019-09-25 12:06:35,407 [Thread-3532] INFO  impl.RaftServerImpl (RaftServerImpl.java:setRole(174)) - b31e81a4-9d51-4c30-935b-af8637f1730a@group-98BB5EBEA6E4: changes role from  FOLLOWER to CANDIDATE at term 0 for changeToCandidate
2019-09-25 12:06:35,407 [Thread-3532] INFO  impl.RoleInfo (RoleInfo.java:updateAndGet(143)) - b31e81a4-9d51-4c30-935b-af8637f1730a: start LeaderElection
2019-09-25 12:06:35,433 [Thread-3526] INFO  impl.FollowerState (FollowerState.java:run(106)) - f6c16d16-afc4-4153-950f-27a1e09b0667:group-05A870EFFA1E changes to CANDIDATE, lastRpcTime:5142, electionTimeout:5121ms
2019-09-25 12:06:35,433 [Thread-3526] INFO  impl.RoleInfo (RoleInfo.java:shutdownFollowerState(121)) - f6c16d16-afc4-4153-950f-27a1e09b0667: shutdown FollowerState
2019-09-25 12:06:35,433 [Thread-3526] INFO  impl.RaftServerImpl (RaftServerImpl.java:setRole(174)) - f6c16d16-afc4-4153-950f-27a1e09b0667@group-05A870EFFA1E: changes role from  FOLLOWER to CANDIDATE at term 0 for changeToCandidate
2019-09-25 12:06:35,433 [Thread-3526] INFO  impl.RoleInfo (RoleInfo.java:updateAndGet(143)) - f6c16d16-afc4-4153-950f-27a1e09b0667: start LeaderElection
2019-09-25 12:06:35,446 [f6c16d16-afc4-4153-950f-27a1e09b0667@group-2C5CB6273789-SegmentedRaftLogWorker] INFO  segmented.SegmentedRaftLogWorker (SegmentedRaftLogWorker.java:execute(569)) - f6c16d16-afc4-4153-950f-27a1e09b0667@group-2C5CB6273789-SegmentedRaftLogWorker: created new log segment /workdir/hadoop-ozone/integration-test/target/test-dir/MiniOzoneClusterImpl-587876f3-3d98-4cc8-9a43-bf4d205d7dbe/datanode-0/data/ratis/efa0fe7d-b05f-4288-a854-2c5cb6273789/current/log_inprogress_0
2019-09-25 12:06:35,446 [b31e81a4-9d51-4c30-935b-af8637f1730a@group-98BB5EBEA6E4:LeaderElection260] INFO  impl.LeaderElection (LeaderElection.java:askForVotes(182)) - b31e81a4-9d51-4c30-935b-af8637f1730a@group-98BB5EBEA6E4:LeaderElection260: begin an election at term 1 for -1: [b31e81a4-9d51-4c30-935b-af8637f1730a:192.168.151.73:39091], old=null
2019-09-25 12:06:35,446 [f6c16d16-afc4-4153-950f-27a1e09b0667@group-05A870EFFA1E:LeaderElection261] INFO  impl.LeaderElection (LeaderElection.java:askForVotes(182)) - f6c16d16-afc4-4153-950f-27a1e09b0667@group-05A870EFFA1E:LeaderElection261: begin an election at term 1 for -1: [f6c16d16-afc4-4153-950f-27a1e09b0667:192.168.151.73:37173], old=null
2019-09-25 12:06:35,446 [b31e81a4-9d51-4c30-935b-af8637f1730a@group-98BB5EBEA6E4:LeaderElection260] INFO  impl.RoleInfo (RoleInfo.java:shutdownLeaderElection(134)) - b31e81a4-9d51-4c30-935b-af8637f1730a: shutdown LeaderElection
2019-09-25 12:06:35,447 [f6c16d16-afc4-4153-950f-27a1e09b0667@group-05A870EFFA1E:LeaderElection261] INFO  impl.RoleInfo (RoleInfo.java:shutdownLeaderElection(134)) - f6c16d16-afc4-4153-950f-27a1e09b0667: shutdown LeaderElection
2019-09-25 12:06:35,447 [b31e81a4-9d51-4c30-935b-af8637f1730a@group-98BB5EBEA6E4:LeaderElection260] INFO  impl.RaftServerImpl (RaftServerImpl.java:setRole(174)) - b31e81a4-9d51-4c30-935b-af8637f1730a@group-98BB5EBEA6E4: changes role from CANDIDATE to LEADER at term 1 for changeToLeader
2019-09-25 12:06:35,447 [f6c16d16-afc4-4153-950f-27a1e09b0667@group-05A870EFFA1E:LeaderElection261] INFO  impl.RaftServerImpl (RaftServerImpl.java:setRole(174)) - f6c16d16-afc4-4153-950f-27a1e09b0667@group-05A870EFFA1E: changes role from CANDIDATE to LEADER at term 1 for changeToLeader
2019-09-25 12:06:35,447 [b31e81a4-9d51-4c30-935b-af8637f1730a@group-98BB5EBEA6E4:LeaderElection260] INFO  impl.RaftServerImpl (ServerState.java:setLeader(253)) - b31e81a4-9d51-4c30-935b-af8637f1730a@group-98BB5EBEA6E4: change Leader from null to b31e81a4-9d51-4c30-935b-af8637f1730a at term 1 for becomeLeader, leader elected after 5074ms
2019-09-25 12:06:35,447 [f6c16d16-afc4-4153-950f-27a1e09b0667@group-05A870EFFA1E:LeaderElection261] INFO  impl.RaftServerImpl (ServerState.java:setLeader(253)) - f6c16d16-afc4-4153-950f-27a1e09b0667@group-05A870EFFA1E: change Leader from null to f6c16d16-afc4-4153-950f-27a1e09b0667 at term 1 for becomeLeader, leader elected after 5165ms
2019-09-25 12:06:35,447 [b31e81a4-9d51-4c30-935b-af8637f1730a@group-98BB5EBEA6E4:LeaderElection260] INFO  server.RaftServerConfigKeys (ConfUtils.java:logGet(43)) - raft.server.staging.catchup.gap = 1000 (default)
2019-09-25 12:06:35,447 [f6c16d16-afc4-4153-950f-27a1e09b0667@group-05A870EFFA1E:LeaderElection261] INFO  server.RaftServerConfigKeys (ConfUtils.java:logGet(43)) - raft.server.staging.catchup.gap = 1000 (default)
2019-09-25 12:06:35,447 [b31e81a4-9d51-4c30-935b-af8637f1730a@group-98BB5EBEA6E4:LeaderElection260] INFO  server.RaftServerConfigKeys (ConfUtils.java:logGet(43)) - raft.server.rpc.sleep.time = 25ms (default)
2019-09-25 12:06:35,448 [f6c16d16-afc4-4153-950f-27a1e09b0667@group-05A870EFFA1E:LeaderElection261] INFO  server.RaftServerConfigKeys (ConfUtils.java:logGet(43)) - raft.server.rpc.sleep.time = 25ms (default)
2019-09-25 12:06:35,448 [b31e81a4-9d51-4c30-935b-af8637f1730a@group-98BB5EBEA6E4:LeaderElection260] INFO  server.RaftServerConfigKeys (ConfUtils.java:logGet(43)) - raft.server.write.element-limit = 4096 (default)
2019-09-25 12:06:35,448 [f6c16d16-afc4-4153-950f-27a1e09b0667@group-05A870EFFA1E:LeaderElection261] INFO  server.RaftServerConfigKeys (ConfUtils.java:logGet(43)) - raft.server.write.element-limit = 4096 (default)
2019-09-25 12:06:35,448 [b31e81a4-9d51-4c30-935b-af8637f1730a@group-98BB5EBEA6E4:LeaderElection260] INFO  server.RaftServerConfigKeys (ConfUtils.java:logGet(43)) - raft.server.watch.timeout = 10s (default)
2019-09-25 12:06:35,448 [f6c16d16-afc4-4153-950f-27a1e09b0667@group-05A870EFFA1E:LeaderElection261] INFO  server.RaftServerConfigKeys (ConfUtils.java:logGet(43)) - raft.server.watch.timeout = 10s (default)
2019-09-25 12:06:35,448 [b31e81a4-9d51-4c30-935b-af8637f1730a@group-98BB5EBEA6E4:LeaderElection260] INFO  server.RaftServerConfigKeys (ConfUtils.java:logGet(43)) - raft.server.watch.timeout.denomination = 1s (default)
2019-09-25 12:06:35,448 [f6c16d16-afc4-4153-950f-27a1e09b0667@group-05A870EFFA1E:LeaderElection261] INFO  server.RaftServerConfigKeys (ConfUtils.java:logGet(43)) - raft.server.watch.timeout.denomination = 1s (default)
2019-09-25 12:06:35,448 [b31e81a4-9d51-4c30-935b-af8637f1730a@group-98BB5EBEA6E4:LeaderElection260] INFO  server.RaftServerConfigKeys (ConfUtils.java:logGet(43)) - raft.server.watch.element-limit = 65536 (default)
2019-09-25 12:06:35,449 [f6c16d16-afc4-4153-950f-27a1e09b0667@group-05A870EFFA1E:LeaderElection261] INFO  server.RaftServerConfigKeys (ConfUtils.java:logGet(43)) - raft.server.watch.element-limit = 65536 (default)
2019-09-25 12:06:35,452 [b31e81a4-9d51-4c30-935b-af8637f1730a@group-98BB5EBEA6E4:LeaderElection260] INFO  impl.RoleInfo (RoleInfo.java:updateAndGet(143)) - b31e81a4-9d51-4c30-935b-af8637f1730a: start LeaderState
2019-09-25 12:06:35,452 [f6c16d16-afc4-4153-950f-27a1e09b0667@group-05A870EFFA1E:LeaderElection261] INFO  impl.RoleInfo (RoleInfo.java:updateAndGet(143)) - f6c16d16-afc4-4153-950f-27a1e09b0667: start LeaderState
2019-09-25 12:06:35,452 [b31e81a4-9d51-4c30-935b-af8637f1730a@group-98BB5EBEA6E4:LeaderElection260] INFO  segmented.SegmentedRaftLogWorker (SegmentedRaftLogWorker.java:startLogSegment(380)) - b31e81a4-9d51-4c30-935b-af8637f1730a@group-98BB5EBEA6E4-SegmentedRaftLogWorker: Starting segment from index:0
2019-09-25 12:06:35,452 [f6c16d16-afc4-4153-950f-27a1e09b0667@group-05A870EFFA1E:LeaderElection261] INFO  segmented.SegmentedRaftLogWorker (SegmentedRaftLogWorker.java:startLogSegment(380)) - f6c16d16-afc4-4153-950f-27a1e09b0667@group-05A870EFFA1E-SegmentedRaftLogWorker: Starting segment from index:0
2019-09-25 12:06:35,453 [b31e81a4-9d51-4c30-935b-af8637f1730a@group-98BB5EBEA6E4:LeaderElection260] INFO  impl.RaftServerImpl (ServerState.java:setRaftConf(354)) - b31e81a4-9d51-4c30-935b-af8637f1730a@group-98BB5EBEA6E4: set configuration 0: [b31e81a4-9d51-4c30-935b-af8637f1730a:192.168.151.73:39091], old=null at 0
2019-09-25 12:06:35,453 [f6c16d16-afc4-4153-950f-27a1e09b0667@group-05A870EFFA1E:LeaderElection261] INFO  impl.RaftServerImpl (ServerState.java:setRaftConf(354)) - f6c16d16-afc4-4153-950f-27a1e09b0667@group-05A870EFFA1E: set configuration 0: [f6c16d16-afc4-4153-950f-27a1e09b0667:192.168.151.73:37173], old=null at 0
2019-09-25 12:06:35,483 [Thread-3541] INFO  impl.FollowerState (FollowerState.java:run(106)) - b31e81a4-9d51-4c30-935b-af8637f1730a:group-7A92AFC5AC26 changes to CANDIDATE, lastRpcTime:5011, electionTimeout:5011ms
2019-09-25 12:06:35,484 [Thread-3541] INFO  impl.RoleInfo (RoleInfo.java:shutdownFollowerState(121)) - b31e81a4-9d51-4c30-935b-af8637f1730a: shutdown FollowerState
2019-09-25 12:06:35,484 [Thread-3541] INFO  impl.RaftServerImpl (RaftServerImpl.java:setRole(174)) - b31e81a4-9d51-4c30-935b-af8637f1730a@group-7A92AFC5AC26: changes role from  FOLLOWER to CANDIDATE at term 0 for changeToCandidate
2019-09-25 12:06:35,484 [Thread-3541] INFO  impl.RoleInfo (RoleInfo.java:updateAndGet(143)) - b31e81a4-9d51-4c30-935b-af8637f1730a: start LeaderElection
2019-09-25 12:06:35,507 [Thread-3544] INFO  impl.FollowerState (FollowerState.java:run(106)) - f6c16d16-afc4-4153-950f-27a1e09b0667:group-69465D6E6947 changes to CANDIDATE, lastRpcTime:5011, electionTimeout:5011ms
2019-09-25 12:06:35,507 [Thread-3544] INFO  impl.RoleInfo (RoleInfo.java:shutdownFollowerState(121)) - f6c16d16-afc4-4153-950f-27a1e09b0667: shutdown FollowerState
2019-09-25 12:06:35,507 [Thread-3544] INFO  impl.RaftServerImpl (RaftServerImpl.java:setRole(174)) - f6c16d16-afc4-4153-950f-27a1e09b0667@group-69465D6E6947: changes role from  FOLLOWER to CANDIDATE at term 0 for changeToCandidate
2019-09-25 12:06:35,507 [Thread-3544] INFO  impl.RoleInfo (RoleInfo.java:updateAndGet(143)) - f6c16d16-afc4-4153-950f-27a1e09b0667: start LeaderElection
2019-09-25 12:06:35,513 [b31e81a4-9d51-4c30-935b-af8637f1730a@group-98BB5EBEA6E4-SegmentedRaftLogWorker] INFO  segmented.SegmentedRaftLogWorker (SegmentedRaftLogWorker.java:execute(569)) - b31e81a4-9d51-4c30-935b-af8637f1730a@group-98BB5EBEA6E4-SegmentedRaftLogWorker: created new log segment /workdir/hadoop-ozone/integration-test/target/test-dir/MiniOzoneClusterImpl-587876f3-3d98-4cc8-9a43-bf4d205d7dbe/datanode-1/data/ratis/9c0c347a-c038-4026-821b-98bb5ebea6e4/current/log_inprogress_0
2019-09-25 12:06:35,513 [b31e81a4-9d51-4c30-935b-af8637f1730a@group-7A92AFC5AC26:LeaderElection262] INFO  impl.LeaderElection (LeaderElection.java:askForVotes(182)) - b31e81a4-9d51-4c30-935b-af8637f1730a@group-7A92AFC5AC26:LeaderElection262: begin an election at term 1 for -1: [b31e81a4-9d51-4c30-935b-af8637f1730a:192.168.151.73:39091], old=null
2019-09-25 12:06:35,513 [f6c16d16-afc4-4153-950f-27a1e09b0667@group-05A870EFFA1E-SegmentedRaftLogWorker] INFO  segmented.SegmentedRaftLogWorker (SegmentedRaftLogWorker.java:execute(569)) - f6c16d16-afc4-4153-950f-27a1e09b0667@group-05A870EFFA1E-SegmentedRaftLogWorker: created new log segment /workdir/hadoop-ozone/integration-test/target/test-dir/MiniOzoneClusterImpl-587876f3-3d98-4cc8-9a43-bf4d205d7dbe/datanode-0/data/ratis/28bfb2d8-0897-4c14-8de0-05a870effa1e/current/log_inprogress_0
2019-09-25 12:06:35,513 [b31e81a4-9d51-4c30-935b-af8637f1730a@group-7A92AFC5AC26:LeaderElection262] INFO  impl.RoleInfo (RoleInfo.java:shutdownLeaderElection(134)) - b31e81a4-9d51-4c30-935b-af8637f1730a: shutdown LeaderElection
2019-09-25 12:06:35,513 [b31e81a4-9d51-4c30-935b-af8637f1730a@group-7A92AFC5AC26:LeaderElection262] INFO  impl.RaftServerImpl (RaftServerImpl.java:setRole(174)) - b31e81a4-9d51-4c30-935b-af8637f1730a@group-7A92AFC5AC26: changes role from CANDIDATE to LEADER at term 1 for changeToLeader
2019-09-25 12:06:35,513 [b31e81a4-9d51-4c30-935b-af8637f1730a@group-7A92AFC5AC26:LeaderElection262] INFO  impl.RaftServerImpl (ServerState.java:setLeader(253)) - b31e81a4-9d51-4c30-935b-af8637f1730a@group-7A92AFC5AC26: change Leader from null to b31e81a4-9d51-4c30-935b-af8637f1730a at term 1 for becomeLeader, leader elected after 5047ms
2019-09-25 12:06:35,513 [b31e81a4-9d51-4c30-935b-af8637f1730a@group-7A92AFC5AC26:LeaderElection262] INFO  server.RaftServerConfigKeys (ConfUtils.java:logGet(43)) - raft.server.staging.catchup.gap = 1000 (default)
2019-09-25 12:06:35,514 [b31e81a4-9d51-4c30-935b-af8637f1730a@group-7A92AFC5AC26:LeaderElection262] INFO  server.RaftServerConfigKeys (ConfUtils.java:logGet(43)) - raft.server.rpc.sleep.time = 25ms (default)
2019-09-25 12:06:35,514 [b31e81a4-9d51-4c30-935b-af8637f1730a@group-7A92AFC5AC26:LeaderElection262] INFO  server.RaftServerConfigKeys (ConfUtils.java:logGet(43)) - raft.server.write.element-limit = 4096 (default)
2019-09-25 12:06:35,514 [b31e81a4-9d51-4c30-935b-af8637f1730a@group-7A92AFC5AC26:LeaderElection262] INFO  server.RaftServerConfigKeys (ConfUtils.java:logGet(43)) - raft.server.watch.timeout = 10s (default)
2019-09-25 12:06:35,514 [b31e81a4-9d51-4c30-935b-af8637f1730a@group-7A92AFC5AC26:LeaderElection262] INFO  server.RaftServerConfigKeys (ConfUtils.java:logGet(43)) - raft.server.watch.timeout.denomination = 1s (default)
2019-09-25 12:06:35,514 [b31e81a4-9d51-4c30-935b-af8637f1730a@group-7A92AFC5AC26:LeaderElection262] INFO  server.RaftServerConfigKeys (ConfUtils.java:logGet(43)) - raft.server.watch.element-limit = 65536 (default)
2019-09-25 12:06:35,516 [b31e81a4-9d51-4c30-935b-af8637f1730a@group-7A92AFC5AC26:LeaderElection262] INFO  impl.RoleInfo (RoleInfo.java:updateAndGet(143)) - b31e81a4-9d51-4c30-935b-af8637f1730a: start LeaderState
2019-09-25 12:06:35,517 [b31e81a4-9d51-4c30-935b-af8637f1730a@group-7A92AFC5AC26:LeaderElection262] INFO  segmented.SegmentedRaftLogWorker (SegmentedRaftLogWorker.java:startLogSegment(380)) - b31e81a4-9d51-4c30-935b-af8637f1730a@group-7A92AFC5AC26-SegmentedRaftLogWorker: Starting segment from index:0
2019-09-25 12:06:35,517 [b31e81a4-9d51-4c30-935b-af8637f1730a@group-7A92AFC5AC26:LeaderElection262] INFO  impl.RaftServerImpl (ServerState.java:setRaftConf(354)) - b31e81a4-9d51-4c30-935b-af8637f1730a@group-7A92AFC5AC26: set configuration 0: [b31e81a4-9d51-4c30-935b-af8637f1730a:192.168.151.73:39091], old=null at 0
2019-09-25 12:06:35,520 [Thread-3535] INFO  impl.FollowerState (FollowerState.java:run(106)) - f6c16d16-afc4-4153-950f-27a1e09b0667:group-C849DC3ACEFE changes to CANDIDATE, lastRpcTime:5101, electionTimeout:5101ms
2019-09-25 12:06:35,520 [Thread-3535] INFO  impl.RoleInfo (RoleInfo.java:shutdownFollowerState(121)) - f6c16d16-afc4-4153-950f-27a1e09b0667: shutdown FollowerState
2019-09-25 12:06:35,521 [Thread-3535] INFO  impl.RaftServerImpl (RaftServerImpl.java:setRole(174)) - f6c16d16-afc4-4153-950f-27a1e09b0667@group-C849DC3ACEFE: changes role from  FOLLOWER to CANDIDATE at term 0 for changeToCandidate
2019-09-25 12:06:35,521 [Thread-3535] INFO  impl.RoleInfo (RoleInfo.java:updateAndGet(143)) - f6c16d16-afc4-4153-950f-27a1e09b0667: start LeaderElection
2019-09-25 12:06:35,555 [Thread-3538] INFO  impl.FollowerState (FollowerState.java:run(106)) - f6c16d16-afc4-4153-950f-27a1e09b0667:group-1094BE670519 changes to CANDIDATE, lastRpcTime:5105, electionTimeout:5102ms
2019-09-25 12:06:35,555 [Thread-3538] INFO  impl.RoleInfo (RoleInfo.java:shutdownFollowerState(121)) - f6c16d16-afc4-4153-950f-27a1e09b0667: shutdown FollowerState
2019-09-25 12:06:35,555 [Thread-3538] INFO  impl.RaftServerImpl (RaftServerImpl.java:setRole(174)) - f6c16d16-afc4-4153-950f-27a1e09b0667@group-1094BE670519: changes role from  FOLLOWER to CANDIDATE at term 0 for changeToCandidate
2019-09-25 12:06:35,555 [Thread-3538] INFO  impl.RoleInfo (RoleInfo.java:updateAndGet(143)) - f6c16d16-afc4-4153-950f-27a1e09b0667: start LeaderElection
2019-09-25 12:06:35,560 [f6c16d16-afc4-4153-950f-27a1e09b0667@group-69465D6E6947:LeaderElection263] INFO  impl.LeaderElection (LeaderElection.java:askForVotes(182)) - f6c16d16-afc4-4153-950f-27a1e09b0667@group-69465D6E6947:LeaderElection263: begin an election at term 1 for -1: [f6c16d16-afc4-4153-950f-27a1e09b0667:192.168.151.73:37173], old=null
2019-09-25 12:06:35,561 [f6c16d16-afc4-4153-950f-27a1e09b0667@group-69465D6E6947:LeaderElection263] INFO  impl.RoleInfo (RoleInfo.java:shutdownLeaderElection(134)) - f6c16d16-afc4-4153-950f-27a1e09b0667: shutdown LeaderElection
2019-09-25 12:06:35,561 [f6c16d16-afc4-4153-950f-27a1e09b0667@group-69465D6E6947:LeaderElection263] INFO  impl.RaftServerImpl (RaftServerImpl.java:setRole(174)) - f6c16d16-afc4-4153-950f-27a1e09b0667@group-69465D6E6947: changes role from CANDIDATE to LEADER at term 1 for changeToLeader
2019-09-25 12:06:35,561 [f6c16d16-afc4-4153-950f-27a1e09b0667@group-69465D6E6947:LeaderElection263] INFO  impl.RaftServerImpl (ServerState.java:setLeader(253)) - f6c16d16-afc4-4153-950f-27a1e09b0667@group-69465D6E6947: change Leader from null to f6c16d16-afc4-4153-950f-27a1e09b0667 at term 1 for becomeLeader, leader elected after 5071ms
2019-09-25 12:06:35,561 [f6c16d16-afc4-4153-950f-27a1e09b0667@group-69465D6E6947:LeaderElection263] INFO  server.RaftServerConfigKeys (ConfUtils.java:logGet(43)) - raft.server.staging.catchup.gap = 1000 (default)
2019-09-25 12:06:35,561 [f6c16d16-afc4-4153-950f-27a1e09b0667@group-69465D6E6947:LeaderElection263] INFO  server.RaftServerConfigKeys (ConfUtils.java:logGet(43)) - raft.server.rpc.sleep.time = 25ms (default)
2019-09-25 12:06:35,561 [f6c16d16-afc4-4153-950f-27a1e09b0667@group-69465D6E6947:LeaderElection263] INFO  server.RaftServerConfigKeys (ConfUtils.java:logGet(43)) - raft.server.write.element-limit = 4096 (default)
2019-09-25 12:06:35,562 [f6c16d16-afc4-4153-950f-27a1e09b0667@group-69465D6E6947:LeaderElection263] INFO  server.RaftServerConfigKeys (ConfUtils.java:logGet(43)) - raft.server.watch.timeout = 10s (default)
2019-09-25 12:06:35,562 [f6c16d16-afc4-4153-950f-27a1e09b0667@group-69465D6E6947:LeaderElection263] INFO  server.RaftServerConfigKeys (ConfUtils.java:logGet(43)) - raft.server.watch.timeout.denomination = 1s (default)
2019-09-25 12:06:35,562 [f6c16d16-afc4-4153-950f-27a1e09b0667@group-69465D6E6947:LeaderElection263] INFO  server.RaftServerConfigKeys (ConfUtils.java:logGet(43)) - raft.server.watch.element-limit = 65536 (default)
2019-09-25 12:06:35,564 [f6c16d16-afc4-4153-950f-27a1e09b0667@group-69465D6E6947:LeaderElection263] INFO  impl.RoleInfo (RoleInfo.java:updateAndGet(143)) - f6c16d16-afc4-4153-950f-27a1e09b0667: start LeaderState
2019-09-25 12:06:35,564 [f6c16d16-afc4-4153-950f-27a1e09b0667@group-69465D6E6947:LeaderElection263] INFO  segmented.SegmentedRaftLogWorker (SegmentedRaftLogWorker.java:startLogSegment(380)) - f6c16d16-afc4-4153-950f-27a1e09b0667@group-69465D6E6947-SegmentedRaftLogWorker: Starting segment from index:0
2019-09-25 12:06:35,564 [f6c16d16-afc4-4153-950f-27a1e09b0667@group-69465D6E6947:LeaderElection263] INFO  impl.RaftServerImpl (ServerState.java:setRaftConf(354)) - f6c16d16-afc4-4153-950f-27a1e09b0667@group-69465D6E6947: set configuration 0: [f6c16d16-afc4-4153-950f-27a1e09b0667:192.168.151.73:37173], old=null at 0
2019-09-25 12:06:35,568 [b31e81a4-9d51-4c30-935b-af8637f1730a@group-7A92AFC5AC26-SegmentedRaftLogWorker] INFO  segmented.SegmentedRaftLogWorker (SegmentedRaftLogWorker.java:execute(569)) - b31e81a4-9d51-4c30-935b-af8637f1730a@group-7A92AFC5AC26-SegmentedRaftLogWorker: created new log segment /workdir/hadoop-ozone/integration-test/target/test-dir/MiniOzoneClusterImpl-587876f3-3d98-4cc8-9a43-bf4d205d7dbe/datanode-1/data/ratis/2245ad8c-c2f0-446b-a95d-7a92afc5ac26/current/log_inprogress_0
2019-09-25 12:06:35,568 [f6c16d16-afc4-4153-950f-27a1e09b0667@group-C849DC3ACEFE:LeaderElection264] INFO  impl.LeaderElection (LeaderElection.java:askForVotes(182)) - f6c16d16-afc4-4153-950f-27a1e09b0667@group-C849DC3ACEFE:LeaderElection264: begin an election at term 1 for -1: [f6c16d16-afc4-4153-950f-27a1e09b0667:192.168.151.73:37173], old=null
2019-09-25 12:06:35,568 [f6c16d16-afc4-4153-950f-27a1e09b0667@group-1094BE670519:LeaderElection265] INFO  impl.LeaderElection (LeaderElection.java:askForVotes(182)) - f6c16d16-afc4-4153-950f-27a1e09b0667@group-1094BE670519:LeaderElection265: begin an election at term 1 for -1: [f6c16d16-afc4-4153-950f-27a1e09b0667:192.168.151.73:37173], old=null
2019-09-25 12:06:35,568 [f6c16d16-afc4-4153-950f-27a1e09b0667@group-C849DC3ACEFE:LeaderElection264] INFO  impl.RoleInfo (RoleInfo.java:shutdownLeaderElection(134)) - f6c16d16-afc4-4153-950f-27a1e09b0667: shutdown LeaderElection
2019-09-25 12:06:35,568 [f6c16d16-afc4-4153-950f-27a1e09b0667@group-1094BE670519:LeaderElection265] INFO  impl.RoleInfo (RoleInfo.java:shutdownLeaderElection(134)) - f6c16d16-afc4-4153-950f-27a1e09b0667: shutdown LeaderElection
2019-09-25 12:06:35,569 [f6c16d16-afc4-4153-950f-27a1e09b0667@group-C849DC3ACEFE:LeaderElection264] INFO  impl.RaftServerImpl (RaftServerImpl.java:setRole(174)) - f6c16d16-afc4-4153-950f-27a1e09b0667@group-C849DC3ACEFE: changes role from CANDIDATE to LEADER at term 1 for changeToLeader
2019-09-25 12:06:35,569 [f6c16d16-afc4-4153-950f-27a1e09b0667@group-1094BE670519:LeaderElection265] INFO  impl.RaftServerImpl (RaftServerImpl.java:setRole(174)) - f6c16d16-afc4-4153-950f-27a1e09b0667@group-1094BE670519: changes role from CANDIDATE to LEADER at term 1 for changeToLeader
2019-09-25 12:06:35,569 [f6c16d16-afc4-4153-950f-27a1e09b0667@group-C849DC3ACEFE:LeaderElection264] INFO  impl.RaftServerImpl (ServerState.java:setLeader(253)) - f6c16d16-afc4-4153-950f-27a1e09b0667@group-C849DC3ACEFE: change Leader from null to f6c16d16-afc4-4153-950f-27a1e09b0667 at term 1 for becomeLeader, leader elected after 5156ms
2019-09-25 12:06:35,569 [f6c16d16-afc4-4153-950f-27a1e09b0667@group-1094BE670519:LeaderElection265] INFO  impl.RaftServerImpl (ServerState.java:setLeader(253)) - f6c16d16-afc4-4153-950f-27a1e09b0667@group-1094BE670519: change Leader from null to f6c16d16-afc4-4153-950f-27a1e09b0667 at term 1 for becomeLeader, leader elected after 5124ms
2019-09-25 12:06:35,569 [f6c16d16-afc4-4153-950f-27a1e09b0667@group-C849DC3ACEFE:LeaderElection264] INFO  server.RaftServerConfigKeys (ConfUtils.java:logGet(43)) - raft.server.staging.catchup.gap = 1000 (default)
2019-09-25 12:06:35,569 [f6c16d16-afc4-4153-950f-27a1e09b0667@group-1094BE670519:LeaderElection265] INFO  server.RaftServerConfigKeys (ConfUtils.java:logGet(43)) - raft.server.staging.catchup.gap = 1000 (default)
2019-09-25 12:06:35,569 [f6c16d16-afc4-4153-950f-27a1e09b0667@group-C849DC3ACEFE:LeaderElection264] INFO  server.RaftServerConfigKeys (ConfUtils.java:logGet(43)) - raft.server.rpc.sleep.time = 25ms (default)
2019-09-25 12:06:35,569 [f6c16d16-afc4-4153-950f-27a1e09b0667@group-1094BE670519:LeaderElection265] INFO  server.RaftServerConfigKeys (ConfUtils.java:logGet(43)) - raft.server.rpc.sleep.time = 25ms (default)
2019-09-25 12:06:35,569 [f6c16d16-afc4-4153-950f-27a1e09b0667@group-C849DC3ACEFE:LeaderElection264] INFO  server.RaftServerConfigKeys (ConfUtils.java:logGet(43)) - raft.server.write.element-limit = 4096 (default)
2019-09-25 12:06:35,569 [f6c16d16-afc4-4153-950f-27a1e09b0667@group-1094BE670519:LeaderElection265] INFO  server.RaftServerConfigKeys (ConfUtils.java:logGet(43)) - raft.server.write.element-limit = 4096 (default)
2019-09-25 12:06:35,570 [f6c16d16-afc4-4153-950f-27a1e09b0667@group-C849DC3ACEFE:LeaderElection264] INFO  server.RaftServerConfigKeys (ConfUtils.java:logGet(43)) - raft.server.watch.timeout = 10s (default)
2019-09-25 12:06:35,570 [f6c16d16-afc4-4153-950f-27a1e09b0667@group-1094BE670519:LeaderElection265] INFO  server.RaftServerConfigKeys (ConfUtils.java:logGet(43)) - raft.server.watch.timeout = 10s (default)
2019-09-25 12:06:35,570 [f6c16d16-afc4-4153-950f-27a1e09b0667@group-C849DC3ACEFE:LeaderElection264] INFO  server.RaftServerConfigKeys (ConfUtils.java:logGet(43)) - raft.server.watch.timeout.denomination = 1s (default)
2019-09-25 12:06:35,570 [f6c16d16-afc4-4153-950f-27a1e09b0667@group-1094BE670519:LeaderElection265] INFO  server.RaftServerConfigKeys (ConfUtils.java:logGet(43)) - raft.server.watch.timeout.denomination = 1s (default)
2019-09-25 12:06:35,570 [f6c16d16-afc4-4153-950f-27a1e09b0667@group-C849DC3ACEFE:LeaderElection264] INFO  server.RaftServerConfigKeys (ConfUtils.java:logGet(43)) - raft.server.watch.element-limit = 65536 (default)
2019-09-25 12:06:35,570 [f6c16d16-afc4-4153-950f-27a1e09b0667@group-1094BE670519:LeaderElection265] INFO  server.RaftServerConfigKeys (ConfUtils.java:logGet(43)) - raft.server.watch.element-limit = 65536 (default)
2019-09-25 12:06:35,573 [f6c16d16-afc4-4153-950f-27a1e09b0667@group-C849DC3ACEFE:LeaderElection264] INFO  impl.RoleInfo (RoleInfo.java:updateAndGet(143)) - f6c16d16-afc4-4153-950f-27a1e09b0667: start LeaderState
2019-09-25 12:06:35,573 [f6c16d16-afc4-4153-950f-27a1e09b0667@group-1094BE670519:LeaderElection265] INFO  impl.RoleInfo (RoleInfo.java:updateAndGet(143)) - f6c16d16-afc4-4153-950f-27a1e09b0667: start LeaderState
2019-09-25 12:06:35,573 [f6c16d16-afc4-4153-950f-27a1e09b0667@group-C849DC3ACEFE:LeaderElection264] INFO  segmented.SegmentedRaftLogWorker (SegmentedRaftLogWorker.java:startLogSegment(380)) - f6c16d16-afc4-4153-950f-27a1e09b0667@group-C849DC3ACEFE-SegmentedRaftLogWorker: Starting segment from index:0
2019-09-25 12:06:35,573 [f6c16d16-afc4-4153-950f-27a1e09b0667@group-1094BE670519:LeaderElection265] INFO  segmented.SegmentedRaftLogWorker (SegmentedRaftLogWorker.java:startLogSegment(380)) - f6c16d16-afc4-4153-950f-27a1e09b0667@group-1094BE670519-SegmentedRaftLogWorker: Starting segment from index:0
2019-09-25 12:06:35,574 [f6c16d16-afc4-4153-950f-27a1e09b0667@group-C849DC3ACEFE:LeaderElection264] INFO  impl.RaftServerImpl (ServerState.java:setRaftConf(354)) - f6c16d16-afc4-4153-950f-27a1e09b0667@group-C849DC3ACEFE: set configuration 0: [f6c16d16-afc4-4153-950f-27a1e09b0667:192.168.151.73:37173], old=null at 0
2019-09-25 12:06:35,574 [f6c16d16-afc4-4153-950f-27a1e09b0667@group-1094BE670519:LeaderElection265] INFO  impl.RaftServerImpl (ServerState.java:setRaftConf(354)) - f6c16d16-afc4-4153-950f-27a1e09b0667@group-1094BE670519: set configuration 0: [f6c16d16-afc4-4153-950f-27a1e09b0667:192.168.151.73:37173], old=null at 0
2019-09-25 12:06:35,612 [Thread-3547] INFO  impl.FollowerState (FollowerState.java:run(106)) - f6c16d16-afc4-4153-950f-27a1e09b0667:group-BC1F39B0123E changes to CANDIDATE, lastRpcTime:5078, electionTimeout:5078ms
2019-09-25 12:06:35,612 [Thread-3547] INFO  impl.RoleInfo (RoleInfo.java:shutdownFollowerState(121)) - f6c16d16-afc4-4153-950f-27a1e09b0667: shutdown FollowerState
2019-09-25 12:06:35,612 [Thread-3547] INFO  impl.RaftServerImpl (RaftServerImpl.java:setRole(174)) - f6c16d16-afc4-4153-950f-27a1e09b0667@group-BC1F39B0123E: changes role from  FOLLOWER to CANDIDATE at term 0 for changeToCandidate
2019-09-25 12:06:35,612 [Thread-3547] INFO  impl.RoleInfo (RoleInfo.java:updateAndGet(143)) - f6c16d16-afc4-4153-950f-27a1e09b0667: start LeaderElection
2019-09-25 12:06:35,618 [f6c16d16-afc4-4153-950f-27a1e09b0667@group-69465D6E6947-SegmentedRaftLogWorker] INFO  segmented.SegmentedRaftLogWorker (SegmentedRaftLogWorker.java:execute(569)) - f6c16d16-afc4-4153-950f-27a1e09b0667@group-69465D6E6947-SegmentedRaftLogWorker: created new log segment /workdir/hadoop-ozone/integration-test/target/test-dir/MiniOzoneClusterImpl-587876f3-3d98-4cc8-9a43-bf4d205d7dbe/datanode-0/data/ratis/1ac7cbda-23fc-47c9-aa29-69465d6e6947/current/log_inprogress_0
2019-09-25 12:06:35,631 [f6c16d16-afc4-4153-950f-27a1e09b0667@group-C849DC3ACEFE-SegmentedRaftLogWorker] INFO  segmented.SegmentedRaftLogWorker (SegmentedRaftLogWorker.java:execute(569)) - f6c16d16-afc4-4153-950f-27a1e09b0667@group-C849DC3ACEFE-SegmentedRaftLogWorker: created new log segment /workdir/hadoop-ozone/integration-test/target/test-dir/MiniOzoneClusterImpl-587876f3-3d98-4cc8-9a43-bf4d205d7dbe/datanode-0/data/ratis/356eeec5-43f4-4185-8145-c849dc3acefe/current/log_inprogress_0
2019-09-25 12:06:35,631 [f6c16d16-afc4-4153-950f-27a1e09b0667@group-BC1F39B0123E:LeaderElection266] INFO  impl.LeaderElection (LeaderElection.java:askForVotes(182)) - f6c16d16-afc4-4153-950f-27a1e09b0667@group-BC1F39B0123E:LeaderElection266: begin an election at term 1 for -1: [f6c16d16-afc4-4153-950f-27a1e09b0667:192.168.151.73:37173], old=null
2019-09-25 12:06:35,631 [f6c16d16-afc4-4153-950f-27a1e09b0667@group-1094BE670519-SegmentedRaftLogWorker] INFO  segmented.SegmentedRaftLogWorker (SegmentedRaftLogWorker.java:execute(569)) - f6c16d16-afc4-4153-950f-27a1e09b0667@group-1094BE670519-SegmentedRaftLogWorker: created new log segment /workdir/hadoop-ozone/integration-test/target/test-dir/MiniOzoneClusterImpl-587876f3-3d98-4cc8-9a43-bf4d205d7dbe/datanode-0/data/ratis/a5eb56ac-682e-4a39-a79c-1094be670519/current/log_inprogress_0
2019-09-25 12:06:35,631 [f6c16d16-afc4-4153-950f-27a1e09b0667@group-BC1F39B0123E:LeaderElection266] INFO  impl.RoleInfo (RoleInfo.java:shutdownLeaderElection(134)) - f6c16d16-afc4-4153-950f-27a1e09b0667: shutdown LeaderElection
2019-09-25 12:06:35,631 [f6c16d16-afc4-4153-950f-27a1e09b0667@group-BC1F39B0123E:LeaderElection266] INFO  impl.RaftServerImpl (RaftServerImpl.java:setRole(174)) - f6c16d16-afc4-4153-950f-27a1e09b0667@group-BC1F39B0123E: changes role from CANDIDATE to LEADER at term 1 for changeToLeader
2019-09-25 12:06:35,631 [f6c16d16-afc4-4153-950f-27a1e09b0667@group-BC1F39B0123E:LeaderElection266] INFO  impl.RaftServerImpl (ServerState.java:setLeader(253)) - f6c16d16-afc4-4153-950f-27a1e09b0667@group-BC1F39B0123E: change Leader from null to f6c16d16-afc4-4153-950f-27a1e09b0667 at term 1 for becomeLeader, leader elected after 5103ms
2019-09-25 12:06:35,632 [f6c16d16-afc4-4153-950f-27a1e09b0667@group-BC1F39B0123E:LeaderElection266] INFO  server.RaftServerConfigKeys (ConfUtils.java:logGet(43)) - raft.server.staging.catchup.gap = 1000 (default)
2019-09-25 12:06:35,632 [f6c16d16-afc4-4153-950f-27a1e09b0667@group-BC1F39B0123E:LeaderElection266] INFO  server.RaftServerConfigKeys (ConfUtils.java:logGet(43)) - raft.server.rpc.sleep.time = 25ms (default)
2019-09-25 12:06:35,632 [f6c16d16-afc4-4153-950f-27a1e09b0667@group-BC1F39B0123E:LeaderElection266] INFO  server.RaftServerConfigKeys (ConfUtils.java:logGet(43)) - raft.server.write.element-limit = 4096 (default)
2019-09-25 12:06:35,632 [f6c16d16-afc4-4153-950f-27a1e09b0667@group-BC1F39B0123E:LeaderElection266] INFO  server.RaftServerConfigKeys (ConfUtils.java:logGet(43)) - raft.server.watch.timeout = 10s (default)
2019-09-25 12:06:35,632 [f6c16d16-afc4-4153-950f-27a1e09b0667@group-BC1F39B0123E:LeaderElection266] INFO  server.RaftServerConfigKeys (ConfUtils.java:logGet(43)) - raft.server.watch.timeout.denomination = 1s (default)
2019-09-25 12:06:35,632 [f6c16d16-afc4-4153-950f-27a1e09b0667@group-BC1F39B0123E:LeaderElection266] INFO  server.RaftServerConfigKeys (ConfUtils.java:logGet(43)) - raft.server.watch.element-limit = 65536 (default)
2019-09-25 12:06:35,634 [f6c16d16-afc4-4153-950f-27a1e09b0667@group-BC1F39B0123E:LeaderElection266] INFO  impl.RoleInfo (RoleInfo.java:updateAndGet(143)) - f6c16d16-afc4-4153-950f-27a1e09b0667: start LeaderState
2019-09-25 12:06:35,634 [f6c16d16-afc4-4153-950f-27a1e09b0667@group-BC1F39B0123E:LeaderElection266] INFO  segmented.SegmentedRaftLogWorker (SegmentedRaftLogWorker.java:startLogSegment(380)) - f6c16d16-afc4-4153-950f-27a1e09b0667@group-BC1F39B0123E-SegmentedRaftLogWorker: Starting segment from index:0
2019-09-25 12:06:35,635 [f6c16d16-afc4-4153-950f-27a1e09b0667@group-BC1F39B0123E:LeaderElection266] INFO  impl.RaftServerImpl (ServerState.java:setRaftConf(354)) - f6c16d16-afc4-4153-950f-27a1e09b0667@group-BC1F39B0123E: set configuration 0: [f6c16d16-afc4-4153-950f-27a1e09b0667:192.168.151.73:37173], old=null at 0
2019-09-25 12:06:35,644 [Thread-3553] INFO  impl.FollowerState (FollowerState.java:run(106)) - b31e81a4-9d51-4c30-935b-af8637f1730a:group-B498315531C2 changes to CANDIDATE, lastRpcTime:5023, electionTimeout:5023ms
2019-09-25 12:06:35,645 [Thread-3553] INFO  impl.RoleInfo (RoleInfo.java:shutdownFollowerState(121)) - b31e81a4-9d51-4c30-935b-af8637f1730a: shutdown FollowerState
2019-09-25 12:06:35,645 [Thread-3553] INFO  impl.RaftServerImpl (RaftServerImpl.java:setRole(174)) - b31e81a4-9d51-4c30-935b-af8637f1730a@group-B498315531C2: changes role from  FOLLOWER to CANDIDATE at term 0 for changeToCandidate
2019-09-25 12:06:35,645 [Thread-3553] INFO  impl.RoleInfo (RoleInfo.java:updateAndGet(143)) - b31e81a4-9d51-4c30-935b-af8637f1730a: start LeaderElection
2019-09-25 12:06:35,674 [EventQueue-StaleNodeForStaleNodeHandler] INFO  node.StaleNodeHandler (StaleNodeHandler.java:onMessage(58)) - Datanode 27e0b7c9-1b57-4073-b643-4210ac739ea7{ip: 192.168.151.73, host: pr-hdds-1569-shd4m-3693607622, networkLocation: /default-rack, certSerialId: null} moved to stale state. Finalizing its pipelines [PipelineID=8b153e20-cfc7-4925-ad65-bb3a78e8b972, PipelineID=5c5c1dfd-f044-484e-ba26-5e20908dd553, PipelineID=b1a3b691-579c-4f56-8c8c-4cf2b4dc54de, PipelineID=dcde9470-845a-47f0-b0be-10cee7306743, PipelineID=a501821d-c6ab-495a-9cd2-65ec994fa0db, PipelineID=02db25e6-bcd9-438f-92b4-fa8a0977ec2f]
2019-09-25 12:06:35,674 [EventQueue-StaleNodeForStaleNodeHandler] INFO  pipeline.SCMPipelineManager (SCMPipelineManager.java:finalizeAndDestroyPipeline(316)) - destroying pipeline:Pipeline[ Id: 8b153e20-cfc7-4925-ad65-bb3a78e8b972, Nodes: 27e0b7c9-1b57-4073-b643-4210ac739ea7{ip: 192.168.151.73, host: pr-hdds-1569-shd4m-3693607622, networkLocation: /default-rack, certSerialId: null}, Type:RATIS, Factor:ONE, State:OPEN]
2019-09-25 12:06:35,675 [EventQueue-StaleNodeForStaleNodeHandler] INFO  pipeline.PipelineStateManager (PipelineStateManager.java:finalizePipeline(123)) - Pipeline Pipeline[ Id: 8b153e20-cfc7-4925-ad65-bb3a78e8b972, Nodes: 27e0b7c9-1b57-4073-b643-4210ac739ea7{ip: 192.168.151.73, host: pr-hdds-1569-shd4m-3693607622, networkLocation: /default-rack, certSerialId: null}, Type:RATIS, Factor:ONE, State:CLOSED] moved to CLOSED state
2019-09-25 12:06:35,675 [EventQueue-StaleNodeForStaleNodeHandler] INFO  pipeline.SCMPipelineManager (SCMPipelineManager.java:finalizeAndDestroyPipeline(316)) - destroying pipeline:Pipeline[ Id: 5c5c1dfd-f044-484e-ba26-5e20908dd553, Nodes: 27e0b7c9-1b57-4073-b643-4210ac739ea7{ip: 192.168.151.73, host: pr-hdds-1569-shd4m-3693607622, networkLocation: /default-rack, certSerialId: null}, Type:RATIS, Factor:ONE, State:OPEN]
2019-09-25 12:06:35,675 [EventQueue-StaleNodeForStaleNodeHandler] INFO  pipeline.PipelineStateManager (PipelineStateManager.java:finalizePipeline(123)) - Pipeline Pipeline[ Id: 5c5c1dfd-f044-484e-ba26-5e20908dd553, Nodes: 27e0b7c9-1b57-4073-b643-4210ac739ea7{ip: 192.168.151.73, host: pr-hdds-1569-shd4m-3693607622, networkLocation: /default-rack, certSerialId: null}, Type:RATIS, Factor:ONE, State:CLOSED] moved to CLOSED state
2019-09-25 12:06:35,675 [EventQueue-StaleNodeForStaleNodeHandler] INFO  pipeline.SCMPipelineManager (SCMPipelineManager.java:finalizeAndDestroyPipeline(316)) - destroying pipeline:Pipeline[ Id: b1a3b691-579c-4f56-8c8c-4cf2b4dc54de, Nodes: 27e0b7c9-1b57-4073-b643-4210ac739ea7{ip: 192.168.151.73, host: pr-hdds-1569-shd4m-3693607622, networkLocation: /default-rack, certSerialId: null}, Type:RATIS, Factor:ONE, State:OPEN]
2019-09-25 12:06:35,675 [EventQueue-StaleNodeForStaleNodeHandler] INFO  pipeline.PipelineStateManager (PipelineStateManager.java:finalizePipeline(123)) - Pipeline Pipeline[ Id: b1a3b691-579c-4f56-8c8c-4cf2b4dc54de, Nodes: 27e0b7c9-1b57-4073-b643-4210ac739ea7{ip: 192.168.151.73, host: pr-hdds-1569-shd4m-3693607622, networkLocation: /default-rack, certSerialId: null}, Type:RATIS, Factor:ONE, State:CLOSED] moved to CLOSED state
2019-09-25 12:06:35,676 [EventQueue-StaleNodeForStaleNodeHandler] INFO  pipeline.SCMPipelineManager (SCMPipelineManager.java:finalizeAndDestroyPipeline(316)) - destroying pipeline:Pipeline[ Id: dcde9470-845a-47f0-b0be-10cee7306743, Nodes: 27e0b7c9-1b57-4073-b643-4210ac739ea7{ip: 192.168.151.73, host: pr-hdds-1569-shd4m-3693607622, networkLocation: /default-rack, certSerialId: null}, Type:RATIS, Factor:ONE, State:OPEN]
2019-09-25 12:06:35,676 [EventQueue-StaleNodeForStaleNodeHandler] INFO  pipeline.PipelineStateManager (PipelineStateManager.java:finalizePipeline(123)) - Pipeline Pipeline[ Id: dcde9470-845a-47f0-b0be-10cee7306743, Nodes: 27e0b7c9-1b57-4073-b643-4210ac739ea7{ip: 192.168.151.73, host: pr-hdds-1569-shd4m-3693607622, networkLocation: /default-rack, certSerialId: null}, Type:RATIS, Factor:ONE, State:CLOSED] moved to CLOSED state
2019-09-25 12:06:35,676 [EventQueue-StaleNodeForStaleNodeHandler] INFO  pipeline.SCMPipelineManager (SCMPipelineManager.java:finalizeAndDestroyPipeline(316)) - destroying pipeline:Pipeline[ Id: a501821d-c6ab-495a-9cd2-65ec994fa0db, Nodes: 27e0b7c9-1b57-4073-b643-4210ac739ea7{ip: 192.168.151.73, host: pr-hdds-1569-shd4m-3693607622, networkLocation: /default-rack, certSerialId: null}, Type:RATIS, Factor:ONE, State:OPEN]
2019-09-25 12:06:35,676 [EventQueue-StaleNodeForStaleNodeHandler] INFO  pipeline.PipelineStateManager (PipelineStateManager.java:finalizePipeline(123)) - Pipeline Pipeline[ Id: a501821d-c6ab-495a-9cd2-65ec994fa0db, Nodes: 27e0b7c9-1b57-4073-b643-4210ac739ea7{ip: 192.168.151.73, host: pr-hdds-1569-shd4m-3693607622, networkLocation: /default-rack, certSerialId: null}, Type:RATIS, Factor:ONE, State:CLOSED] moved to CLOSED state
2019-09-25 12:06:35,676 [EventQueue-StaleNodeForStaleNodeHandler] INFO  pipeline.SCMPipelineManager (SCMPipelineManager.java:finalizeAndDestroyPipeline(316)) - destroying pipeline:Pipeline[ Id: 02db25e6-bcd9-438f-92b4-fa8a0977ec2f, Nodes: 27e0b7c9-1b57-4073-b643-4210ac739ea7{ip: 192.168.151.73, host: pr-hdds-1569-shd4m-3693607622, networkLocation: /default-rack, certSerialId: null}, Type:RATIS, Factor:ONE, State:OPEN]
2019-09-25 12:06:35,676 [EventQueue-StaleNodeForStaleNodeHandler] INFO  pipeline.PipelineStateManager (PipelineStateManager.java:finalizePipeline(123)) - Pipeline Pipeline[ Id: 02db25e6-bcd9-438f-92b4-fa8a0977ec2f, Nodes: 27e0b7c9-1b57-4073-b643-4210ac739ea7{ip: 192.168.151.73, host: pr-hdds-1569-shd4m-3693607622, networkLocation: /default-rack, certSerialId: null}, Type:RATIS, Factor:ONE, State:CLOSED] moved to CLOSED state
2019-09-25 12:06:35,683 [f6c16d16-afc4-4153-950f-27a1e09b0667@group-BC1F39B0123E-SegmentedRaftLogWorker] INFO  segmented.SegmentedRaftLogWorker (SegmentedRaftLogWorker.java:execute(569)) - f6c16d16-afc4-4153-950f-27a1e09b0667@group-BC1F39B0123E-SegmentedRaftLogWorker: created new log segment /workdir/hadoop-ozone/integration-test/target/test-dir/MiniOzoneClusterImpl-587876f3-3d98-4cc8-9a43-bf4d205d7dbe/datanode-0/data/ratis/7e956a1d-8f54-474e-a1f8-bc1f39b0123e/current/log_inprogress_0
2019-09-25 12:06:35,686 [b31e81a4-9d51-4c30-935b-af8637f1730a@group-B498315531C2:LeaderElection267] INFO  impl.LeaderElection (LeaderElection.java:askForVotes(182)) - b31e81a4-9d51-4c30-935b-af8637f1730a@group-B498315531C2:LeaderElection267: begin an election at term 1 for -1: [b31e81a4-9d51-4c30-935b-af8637f1730a:192.168.151.73:39091], old=null
2019-09-25 12:06:35,686 [b31e81a4-9d51-4c30-935b-af8637f1730a@group-B498315531C2:LeaderElection267] INFO  impl.RoleInfo (RoleInfo.java:shutdownLeaderElection(134)) - b31e81a4-9d51-4c30-935b-af8637f1730a: shutdown LeaderElection
2019-09-25 12:06:35,687 [b31e81a4-9d51-4c30-935b-af8637f1730a@group-B498315531C2:LeaderElection267] INFO  impl.RaftServerImpl (RaftServerImpl.java:setRole(174)) - b31e81a4-9d51-4c30-935b-af8637f1730a@group-B498315531C2: changes role from CANDIDATE to LEADER at term 1 for changeToLeader
2019-09-25 12:06:35,687 [b31e81a4-9d51-4c30-935b-af8637f1730a@group-B498315531C2:LeaderElection267] INFO  impl.RaftServerImpl (ServerState.java:setLeader(253)) - b31e81a4-9d51-4c30-935b-af8637f1730a@group-B498315531C2: change Leader from null to b31e81a4-9d51-4c30-935b-af8637f1730a at term 1 for becomeLeader, leader elected after 5070ms
2019-09-25 12:06:35,687 [b31e81a4-9d51-4c30-935b-af8637f1730a@group-B498315531C2:LeaderElection267] INFO  server.RaftServerConfigKeys (ConfUtils.java:logGet(43)) - raft.server.staging.catchup.gap = 1000 (default)
2019-09-25 12:06:35,687 [b31e81a4-9d51-4c30-935b-af8637f1730a@group-B498315531C2:LeaderElection267] INFO  server.RaftServerConfigKeys (ConfUtils.java:logGet(43)) - raft.server.rpc.sleep.time = 25ms (default)
2019-09-25 12:06:35,687 [b31e81a4-9d51-4c30-935b-af8637f1730a@group-B498315531C2:LeaderElection267] INFO  server.RaftServerConfigKeys (ConfUtils.java:logGet(43)) - raft.server.write.element-limit = 4096 (default)
2019-09-25 12:06:35,687 [b31e81a4-9d51-4c30-935b-af8637f1730a@group-B498315531C2:LeaderElection267] INFO  server.RaftServerConfigKeys (ConfUtils.java:logGet(43)) - raft.server.watch.timeout = 10s (default)
2019-09-25 12:06:35,688 [b31e81a4-9d51-4c30-935b-af8637f1730a@group-B498315531C2:LeaderElection267] INFO  server.RaftServerConfigKeys (ConfUtils.java:logGet(43)) - raft.server.watch.timeout.denomination = 1s (default)
2019-09-25 12:06:35,688 [b31e81a4-9d51-4c30-935b-af8637f1730a@group-B498315531C2:LeaderElection267] INFO  server.RaftServerConfigKeys (ConfUtils.java:logGet(43)) - raft.server.watch.element-limit = 65536 (default)
2019-09-25 12:06:35,690 [b31e81a4-9d51-4c30-935b-af8637f1730a@group-B498315531C2:LeaderElection267] INFO  impl.RoleInfo (RoleInfo.java:updateAndGet(143)) - b31e81a4-9d51-4c30-935b-af8637f1730a: start LeaderState
2019-09-25 12:06:35,690 [b31e81a4-9d51-4c30-935b-af8637f1730a@group-B498315531C2:LeaderElection267] INFO  segmented.SegmentedRaftLogWorker (SegmentedRaftLogWorker.java:startLogSegment(380)) - b31e81a4-9d51-4c30-935b-af8637f1730a@group-B498315531C2-SegmentedRaftLogWorker: Starting segment from index:0
2019-09-25 12:06:35,690 [b31e81a4-9d51-4c30-935b-af8637f1730a@group-B498315531C2:LeaderElection267] INFO  impl.RaftServerImpl (ServerState.java:setRaftConf(354)) - b31e81a4-9d51-4c30-935b-af8637f1730a@group-B498315531C2: set configuration 0: [b31e81a4-9d51-4c30-935b-af8637f1730a:192.168.151.73:39091], old=null at 0
2019-09-25 12:06:35,745 [b31e81a4-9d51-4c30-935b-af8637f1730a@group-B498315531C2-SegmentedRaftLogWorker] INFO  segmented.SegmentedRaftLogWorker (SegmentedRaftLogWorker.java:execute(569)) - b31e81a4-9d51-4c30-935b-af8637f1730a@group-B498315531C2-SegmentedRaftLogWorker: created new log segment /workdir/hadoop-ozone/integration-test/target/test-dir/MiniOzoneClusterImpl-587876f3-3d98-4cc8-9a43-bf4d205d7dbe/datanode-1/data/ratis/fa095440-1412-4234-a5b5-b498315531c2/current/log_inprogress_0
2019-09-25 12:06:35,760 [Thread-3550] INFO  impl.FollowerState (FollowerState.java:run(106)) - b31e81a4-9d51-4c30-935b-af8637f1730a:group-77674F33DB76 changes to CANDIDATE, lastRpcTime:5179, electionTimeout:5179ms
2019-09-25 12:06:35,761 [Thread-3550] INFO  impl.RoleInfo (RoleInfo.java:shutdownFollowerState(121)) - b31e81a4-9d51-4c30-935b-af8637f1730a: shutdown FollowerState
2019-09-25 12:06:35,761 [Thread-3550] INFO  impl.RaftServerImpl (RaftServerImpl.java:setRole(174)) - b31e81a4-9d51-4c30-935b-af8637f1730a@group-77674F33DB76: changes role from  FOLLOWER to CANDIDATE at term 0 for changeToCandidate
2019-09-25 12:06:35,761 [Thread-3550] INFO  impl.RoleInfo (RoleInfo.java:updateAndGet(143)) - b31e81a4-9d51-4c30-935b-af8637f1730a: start LeaderElection
2019-09-25 12:06:35,772 [Thread-3562] INFO  impl.FollowerState (FollowerState.java:run(106)) - 4265dd55-646c-4571-a7aa-5a5e7479765c:group-7BB84B2857C1 changes to CANDIDATE, lastRpcTime:5020, electionTimeout:5020ms
2019-09-25 12:06:35,772 [Thread-3562] INFO  impl.RoleInfo (RoleInfo.java:shutdownFollowerState(121)) - 4265dd55-646c-4571-a7aa-5a5e7479765c: shutdown FollowerState
2019-09-25 12:06:35,772 [Thread-3562] INFO  impl.RaftServerImpl (RaftServerImpl.java:setRole(174)) - 4265dd55-646c-4571-a7aa-5a5e7479765c@group-7BB84B2857C1: changes role from  FOLLOWER to CANDIDATE at term 0 for changeToCandidate
2019-09-25 12:06:35,772 [Thread-3562] INFO  impl.RoleInfo (RoleInfo.java:updateAndGet(143)) - 4265dd55-646c-4571-a7aa-5a5e7479765c: start LeaderElection
2019-09-25 12:06:35,776 [Thread-3559] INFO  impl.FollowerState (FollowerState.java:run(106)) - 45cd06ff-25a2-484c-ae07-8678dc67fe17:group-2D074BA07524 changes to CANDIDATE, lastRpcTime:5054, electionTimeout:5051ms
2019-09-25 12:06:35,776 [Thread-3559] INFO  impl.RoleInfo (RoleInfo.java:shutdownFollowerState(121)) - 45cd06ff-25a2-484c-ae07-8678dc67fe17: shutdown FollowerState
2019-09-25 12:06:35,776 [Thread-3559] INFO  impl.RaftServerImpl (RaftServerImpl.java:setRole(174)) - 45cd06ff-25a2-484c-ae07-8678dc67fe17@group-2D074BA07524: changes role from  FOLLOWER to CANDIDATE at term 0 for changeToCandidate
2019-09-25 12:06:35,776 [Thread-3559] INFO  impl.RoleInfo (RoleInfo.java:updateAndGet(143)) - 45cd06ff-25a2-484c-ae07-8678dc67fe17: start LeaderElection
2019-09-25 12:06:35,791 [Thread-3556] INFO  impl.FollowerState (FollowerState.java:run(106)) - b31e81a4-9d51-4c30-935b-af8637f1730a:group-F6C99C8F3C78 changes to CANDIDATE, lastRpcTime:5117, electionTimeout:5117ms
2019-09-25 12:06:35,791 [Thread-3556] INFO  impl.RoleInfo (RoleInfo.java:shutdownFollowerState(121)) - b31e81a4-9d51-4c30-935b-af8637f1730a: shutdown FollowerState
2019-09-25 12:06:35,791 [Thread-3556] INFO  impl.RaftServerImpl (RaftServerImpl.java:setRole(174)) - b31e81a4-9d51-4c30-935b-af8637f1730a@group-F6C99C8F3C78: changes role from  FOLLOWER to CANDIDATE at term 0 for changeToCandidate
2019-09-25 12:06:35,791 [Thread-3556] INFO  impl.RoleInfo (RoleInfo.java:updateAndGet(143)) - b31e81a4-9d51-4c30-935b-af8637f1730a: start LeaderElection
2019-09-25 12:06:35,795 [45cd06ff-25a2-484c-ae07-8678dc67fe17@group-2D074BA07524:LeaderElection270] INFO  impl.LeaderElection (LeaderElection.java:askForVotes(182)) - 45cd06ff-25a2-484c-ae07-8678dc67fe17@group-2D074BA07524:LeaderElection270: begin an election at term 1 for -1: [45cd06ff-25a2-484c-ae07-8678dc67fe17:192.168.151.73:40405], old=null
2019-09-25 12:06:35,795 [b31e81a4-9d51-4c30-935b-af8637f1730a@group-77674F33DB76:LeaderElection268] INFO  impl.LeaderElection (LeaderElection.java:askForVotes(182)) - b31e81a4-9d51-4c30-935b-af8637f1730a@group-77674F33DB76:LeaderElection268: begin an election at term 1 for -1: [b31e81a4-9d51-4c30-935b-af8637f1730a:192.168.151.73:39091], old=null
2019-09-25 12:06:35,795 [45cd06ff-25a2-484c-ae07-8678dc67fe17@group-2D074BA07524:LeaderElection270] INFO  impl.RoleInfo (RoleInfo.java:shutdownLeaderElection(134)) - 45cd06ff-25a2-484c-ae07-8678dc67fe17: shutdown LeaderElection
2019-09-25 12:06:35,795 [4265dd55-646c-4571-a7aa-5a5e7479765c@group-7BB84B2857C1:LeaderElection269] INFO  impl.LeaderElection (LeaderElection.java:askForVotes(182)) - 4265dd55-646c-4571-a7aa-5a5e7479765c@group-7BB84B2857C1:LeaderElection269: begin an election at term 1 for -1: [4265dd55-646c-4571-a7aa-5a5e7479765c:192.168.151.73:40282], old=null
2019-09-25 12:06:35,795 [45cd06ff-25a2-484c-ae07-8678dc67fe17@group-2D074BA07524:LeaderElection270] INFO  impl.RaftServerImpl (RaftServerImpl.java:setRole(174)) - 45cd06ff-25a2-484c-ae07-8678dc67fe17@group-2D074BA07524: changes role from CANDIDATE to LEADER at term 1 for changeToLeader
2019-09-25 12:06:35,795 [b31e81a4-9d51-4c30-935b-af8637f1730a@group-77674F33DB76:LeaderElection268] INFO  impl.RoleInfo (RoleInfo.java:shutdownLeaderElection(134)) - b31e81a4-9d51-4c30-935b-af8637f1730a: shutdown LeaderElection
2019-09-25 12:06:35,795 [45cd06ff-25a2-484c-ae07-8678dc67fe17@group-2D074BA07524:LeaderElection270] INFO  impl.RaftServerImpl (ServerState.java:setLeader(253)) - 45cd06ff-25a2-484c-ae07-8678dc67fe17@group-2D074BA07524: change Leader from null to 45cd06ff-25a2-484c-ae07-8678dc67fe17 at term 1 for becomeLeader, leader elected after 5080ms
2019-09-25 12:06:35,795 [4265dd55-646c-4571-a7aa-5a5e7479765c@group-7BB84B2857C1:LeaderElection269] INFO  impl.RoleInfo (RoleInfo.java:shutdownLeaderElection(134)) - 4265dd55-646c-4571-a7aa-5a5e7479765c: shutdown LeaderElection
2019-09-25 12:06:35,795 [45cd06ff-25a2-484c-ae07-8678dc67fe17@group-2D074BA07524:LeaderElection270] INFO  server.RaftServerConfigKeys (ConfUtils.java:logGet(43)) - raft.server.staging.catchup.gap = 1000 (default)
2019-09-25 12:06:35,795 [b31e81a4-9d51-4c30-935b-af8637f1730a@group-77674F33DB76:LeaderElection268] INFO  impl.RaftServerImpl (RaftServerImpl.java:setRole(174)) - b31e81a4-9d51-4c30-935b-af8637f1730a@group-77674F33DB76: changes role from CANDIDATE to LEADER at term 1 for changeToLeader
2019-09-25 12:06:35,796 [45cd06ff-25a2-484c-ae07-8678dc67fe17@group-2D074BA07524:LeaderElection270] INFO  server.RaftServerConfigKeys (ConfUtils.java:logGet(43)) - raft.server.rpc.sleep.time = 25ms (default)
2019-09-25 12:06:35,796 [4265dd55-646c-4571-a7aa-5a5e7479765c@group-7BB84B2857C1:LeaderElection269] INFO  impl.RaftServerImpl (RaftServerImpl.java:setRole(174)) - 4265dd55-646c-4571-a7aa-5a5e7479765c@group-7BB84B2857C1: changes role from CANDIDATE to LEADER at term 1 for changeToLeader
2019-09-25 12:06:35,796 [45cd06ff-25a2-484c-ae07-8678dc67fe17@group-2D074BA07524:LeaderElection270] INFO  server.RaftServerConfigKeys (ConfUtils.java:logGet(43)) - raft.server.write.element-limit = 4096 (default)
2019-09-25 12:06:35,796 [b31e81a4-9d51-4c30-935b-af8637f1730a@group-77674F33DB76:LeaderElection268] INFO  impl.RaftServerImpl (ServerState.java:setLeader(253)) - b31e81a4-9d51-4c30-935b-af8637f1730a@group-77674F33DB76: change Leader from null to b31e81a4-9d51-4c30-935b-af8637f1730a at term 1 for becomeLeader, leader elected after 5219ms
2019-09-25 12:06:35,796 [45cd06ff-25a2-484c-ae07-8678dc67fe17@group-2D074BA07524:LeaderElection270] INFO  server.RaftServerConfigKeys (ConfUtils.java:logGet(43)) - raft.server.watch.timeout = 10s (default)
2019-09-25 12:06:35,796 [45cd06ff-25a2-484c-ae07-8678dc67fe17@group-2D074BA07524:LeaderElection270] INFO  server.RaftServerConfigKeys (ConfUtils.java:logGet(43)) - raft.server.watch.timeout.denomination = 1s (default)
2019-09-25 12:06:35,796 [4265dd55-646c-4571-a7aa-5a5e7479765c@group-7BB84B2857C1:LeaderElection269] INFO  impl.RaftServerImpl (ServerState.java:setLeader(253)) - 4265dd55-646c-4571-a7aa-5a5e7479765c@group-7BB84B2857C1: change Leader from null to 4265dd55-646c-4571-a7aa-5a5e7479765c at term 1 for becomeLeader, leader elected after 5052ms
2019-09-25 12:06:35,796 [45cd06ff-25a2-484c-ae07-8678dc67fe17@group-2D074BA07524:LeaderElection270] INFO  server.RaftServerConfigKeys (ConfUtils.java:logGet(43)) - raft.server.watch.element-limit = 65536 (default)
2019-09-25 12:06:35,796 [b31e81a4-9d51-4c30-935b-af8637f1730a@group-77674F33DB76:LeaderElection268] INFO  server.RaftServerConfigKeys (ConfUtils.java:logGet(43)) - raft.server.staging.catchup.gap = 1000 (default)
2019-09-25 12:06:35,797 [4265dd55-646c-4571-a7aa-5a5e7479765c@group-7BB84B2857C1:LeaderElection269] INFO  server.RaftServerConfigKeys (ConfUtils.java:logGet(43)) - raft.server.staging.catchup.gap = 1000 (default)
2019-09-25 12:06:35,797 [b31e81a4-9d51-4c30-935b-af8637f1730a@group-77674F33DB76:LeaderElection268] INFO  server.RaftServerConfigKeys (ConfUtils.java:logGet(43)) - raft.server.rpc.sleep.time = 25ms (default)
2019-09-25 12:06:35,797 [4265dd55-646c-4571-a7aa-5a5e7479765c@group-7BB84B2857C1:LeaderElection269] INFO  server.RaftServerConfigKeys (ConfUtils.java:logGet(43)) - raft.server.rpc.sleep.time = 25ms (default)
2019-09-25 12:06:35,797 [b31e81a4-9d51-4c30-935b-af8637f1730a@group-77674F33DB76:LeaderElection268] INFO  server.RaftServerConfigKeys (ConfUtils.java:logGet(43)) - raft.server.write.element-limit = 4096 (default)
2019-09-25 12:06:35,797 [4265dd55-646c-4571-a7aa-5a5e7479765c@group-7BB84B2857C1:LeaderElection269] INFO  server.RaftServerConfigKeys (ConfUtils.java:logGet(43)) - raft.server.write.element-limit = 4096 (default)
2019-09-25 12:06:35,797 [b31e81a4-9d51-4c30-935b-af8637f1730a@group-77674F33DB76:LeaderElection268] INFO  server.RaftServerConfigKeys (ConfUtils.java:logGet(43)) - raft.server.watch.timeout = 10s (default)
2019-09-25 12:06:35,797 [4265dd55-646c-4571-a7aa-5a5e7479765c@group-7BB84B2857C1:LeaderElection269] INFO  server.RaftServerConfigKeys (ConfUtils.java:logGet(43)) - raft.server.watch.timeout = 10s (default)
2019-09-25 12:06:35,798 [b31e81a4-9d51-4c30-935b-af8637f1730a@group-77674F33DB76:LeaderElection268] INFO  server.RaftServerConfigKeys (ConfUtils.java:logGet(43)) - raft.server.watch.timeout.denomination = 1s (default)
2019-09-25 12:06:35,798 [4265dd55-646c-4571-a7aa-5a5e7479765c@group-7BB84B2857C1:LeaderElection269] INFO  server.RaftServerConfigKeys (ConfUtils.java:logGet(43)) - raft.server.watch.timeout.denomination = 1s (default)
2019-09-25 12:06:35,798 [b31e81a4-9d51-4c30-935b-af8637f1730a@group-77674F33DB76:LeaderElection268] INFO  server.RaftServerConfigKeys (ConfUtils.java:logGet(43)) - raft.server.watch.element-limit = 65536 (default)
2019-09-25 12:06:35,798 [4265dd55-646c-4571-a7aa-5a5e7479765c@group-7BB84B2857C1:LeaderElection269] INFO  server.RaftServerConfigKeys (ConfUtils.java:logGet(43)) - raft.server.watch.element-limit = 65536 (default)
2019-09-25 12:06:35,798 [45cd06ff-25a2-484c-ae07-8678dc67fe17@group-2D074BA07524:LeaderElection270] INFO  impl.RoleInfo (RoleInfo.java:updateAndGet(143)) - 45cd06ff-25a2-484c-ae07-8678dc67fe17: start LeaderState
2019-09-25 12:06:35,798 [45cd06ff-25a2-484c-ae07-8678dc67fe17@group-2D074BA07524:LeaderElection270] INFO  segmented.SegmentedRaftLogWorker (SegmentedRaftLogWorker.java:startLogSegment(380)) - 45cd06ff-25a2-484c-ae07-8678dc67fe17@group-2D074BA07524-SegmentedRaftLogWorker: Starting segment from index:0
2019-09-25 12:06:35,799 [45cd06ff-25a2-484c-ae07-8678dc67fe17@group-2D074BA07524:LeaderElection270] INFO  impl.RaftServerImpl (ServerState.java:setRaftConf(354)) - 45cd06ff-25a2-484c-ae07-8678dc67fe17@group-2D074BA07524: set configuration 0: [45cd06ff-25a2-484c-ae07-8678dc67fe17:192.168.151.73:40405], old=null at 0
2019-09-25 12:06:35,801 [b31e81a4-9d51-4c30-935b-af8637f1730a@group-77674F33DB76:LeaderElection268] INFO  impl.RoleInfo (RoleInfo.java:updateAndGet(143)) - b31e81a4-9d51-4c30-935b-af8637f1730a: start LeaderState
2019-09-25 12:06:35,801 [b31e81a4-9d51-4c30-935b-af8637f1730a@group-77674F33DB76:LeaderElection268] INFO  segmented.SegmentedRaftLogWorker (SegmentedRaftLogWorker.java:startLogSegment(380)) - b31e81a4-9d51-4c30-935b-af8637f1730a@group-77674F33DB76-SegmentedRaftLogWorker: Starting segment from index:0
2019-09-25 12:06:35,801 [4265dd55-646c-4571-a7aa-5a5e7479765c@group-7BB84B2857C1:LeaderElection269] INFO  impl.RoleInfo (RoleInfo.java:updateAndGet(143)) - 4265dd55-646c-4571-a7aa-5a5e7479765c: start LeaderState
2019-09-25 12:06:35,802 [4265dd55-646c-4571-a7aa-5a5e7479765c@group-7BB84B2857C1:LeaderElection269] INFO  segmented.SegmentedRaftLogWorker (SegmentedRaftLogWorker.java:startLogSegment(380)) - 4265dd55-646c-4571-a7aa-5a5e7479765c@group-7BB84B2857C1-SegmentedRaftLogWorker: Starting segment from index:0
2019-09-25 12:06:35,802 [b31e81a4-9d51-4c30-935b-af8637f1730a@group-77674F33DB76:LeaderElection268] INFO  impl.RaftServerImpl (ServerState.java:setRaftConf(354)) - b31e81a4-9d51-4c30-935b-af8637f1730a@group-77674F33DB76: set configuration 0: [b31e81a4-9d51-4c30-935b-af8637f1730a:192.168.151.73:39091], old=null at 0
2019-09-25 12:06:35,802 [4265dd55-646c-4571-a7aa-5a5e7479765c@group-7BB84B2857C1:LeaderElection269] INFO  impl.RaftServerImpl (ServerState.java:setRaftConf(354)) - 4265dd55-646c-4571-a7aa-5a5e7479765c@group-7BB84B2857C1: set configuration 0: [4265dd55-646c-4571-a7aa-5a5e7479765c:192.168.151.73:40282], old=null at 0
2019-09-25 12:06:35,809 [b31e81a4-9d51-4c30-935b-af8637f1730a@group-F6C99C8F3C78:LeaderElection271] INFO  impl.LeaderElection (LeaderElection.java:askForVotes(182)) - b31e81a4-9d51-4c30-935b-af8637f1730a@group-F6C99C8F3C78:LeaderElection271: begin an election at term 1 for -1: [b31e81a4-9d51-4c30-935b-af8637f1730a:192.168.151.73:39091], old=null
2019-09-25 12:06:35,809 [b31e81a4-9d51-4c30-935b-af8637f1730a@group-F6C99C8F3C78:LeaderElection271] INFO  impl.RoleInfo (RoleInfo.java:shutdownLeaderElection(134)) - b31e81a4-9d51-4c30-935b-af8637f1730a: shutdown LeaderElection
2019-09-25 12:06:35,809 [b31e81a4-9d51-4c30-935b-af8637f1730a@group-F6C99C8F3C78:LeaderElection271] INFO  impl.RaftServerImpl (RaftServerImpl.java:setRole(174)) - b31e81a4-9d51-4c30-935b-af8637f1730a@group-F6C99C8F3C78: changes role from CANDIDATE to LEADER at term 1 for changeToLeader
2019-09-25 12:06:35,809 [b31e81a4-9d51-4c30-935b-af8637f1730a@group-F6C99C8F3C78:LeaderElection271] INFO  impl.RaftServerImpl (ServerState.java:setLeader(253)) - b31e81a4-9d51-4c30-935b-af8637f1730a@group-F6C99C8F3C78: change Leader from null to b31e81a4-9d51-4c30-935b-af8637f1730a at term 1 for becomeLeader, leader elected after 5140ms
2019-09-25 12:06:35,809 [b31e81a4-9d51-4c30-935b-af8637f1730a@group-F6C99C8F3C78:LeaderElection271] INFO  server.RaftServerConfigKeys (ConfUtils.java:logGet(43)) - raft.server.staging.catchup.gap = 1000 (default)
2019-09-25 12:06:35,809 [b31e81a4-9d51-4c30-935b-af8637f1730a@group-F6C99C8F3C78:LeaderElection271] INFO  server.RaftServerConfigKeys (ConfUtils.java:logGet(43)) - raft.server.rpc.sleep.time = 25ms (default)
2019-09-25 12:06:35,810 [b31e81a4-9d51-4c30-935b-af8637f1730a@group-F6C99C8F3C78:LeaderElection271] INFO  server.RaftServerConfigKeys (ConfUtils.java:logGet(43)) - raft.server.write.element-limit = 4096 (default)
2019-09-25 12:06:35,810 [b31e81a4-9d51-4c30-935b-af8637f1730a@group-F6C99C8F3C78:LeaderElection271] INFO  server.RaftServerConfigKeys (ConfUtils.java:logGet(43)) - raft.server.watch.timeout = 10s (default)
2019-09-25 12:06:35,810 [b31e81a4-9d51-4c30-935b-af8637f1730a@group-F6C99C8F3C78:LeaderElection271] INFO  server.RaftServerConfigKeys (ConfUtils.java:logGet(43)) - raft.server.watch.timeout.denomination = 1s (default)
2019-09-25 12:06:35,810 [b31e81a4-9d51-4c30-935b-af8637f1730a@group-F6C99C8F3C78:LeaderElection271] INFO  server.RaftServerConfigKeys (ConfUtils.java:logGet(43)) - raft.server.watch.element-limit = 65536 (default)
2019-09-25 12:06:35,811 [b31e81a4-9d51-4c30-935b-af8637f1730a@group-F6C99C8F3C78:LeaderElection271] INFO  impl.RoleInfo (RoleInfo.java:updateAndGet(143)) - b31e81a4-9d51-4c30-935b-af8637f1730a: start LeaderState
2019-09-25 12:06:35,811 [b31e81a4-9d51-4c30-935b-af8637f1730a@group-F6C99C8F3C78:LeaderElection271] INFO  segmented.SegmentedRaftLogWorker (SegmentedRaftLogWorker.java:startLogSegment(380)) - b31e81a4-9d51-4c30-935b-af8637f1730a@group-F6C99C8F3C78-SegmentedRaftLogWorker: Starting segment from index:0
2019-09-25 12:06:35,812 [b31e81a4-9d51-4c30-935b-af8637f1730a@group-F6C99C8F3C78:LeaderElection271] INFO  impl.RaftServerImpl (ServerState.java:setRaftConf(354)) - b31e81a4-9d51-4c30-935b-af8637f1730a@group-F6C99C8F3C78: set configuration 0: [b31e81a4-9d51-4c30-935b-af8637f1730a:192.168.151.73:39091], old=null at 0
2019-09-25 12:06:35,843 [b31e81a4-9d51-4c30-935b-af8637f1730a@group-77674F33DB76-SegmentedRaftLogWorker] INFO  segmented.SegmentedRaftLogWorker (SegmentedRaftLogWorker.java:execute(569)) - b31e81a4-9d51-4c30-935b-af8637f1730a@group-77674F33DB76-SegmentedRaftLogWorker: created new log segment /workdir/hadoop-ozone/integration-test/target/test-dir/MiniOzoneClusterImpl-587876f3-3d98-4cc8-9a43-bf4d205d7dbe/datanode-1/data/ratis/087ebcd4-10ed-4ca8-9b12-77674f33db76/current/log_inprogress_0
2019-09-25 12:06:35,843 [4265dd55-646c-4571-a7aa-5a5e7479765c@group-7BB84B2857C1-SegmentedRaftLogWorker] INFO  segmented.SegmentedRaftLogWorker (SegmentedRaftLogWorker.java:execute(569)) - 4265dd55-646c-4571-a7aa-5a5e7479765c@group-7BB84B2857C1-SegmentedRaftLogWorker: created new log segment /workdir/hadoop-ozone/integration-test/target/test-dir/MiniOzoneClusterImpl-587876f3-3d98-4cc8-9a43-bf4d205d7dbe/datanode-2/data/ratis/2a2f991e-0a9b-4d3f-8c7f-7bb84b2857c1/current/log_inprogress_0
2019-09-25 12:06:35,843 [45cd06ff-25a2-484c-ae07-8678dc67fe17@group-2D074BA07524-SegmentedRaftLogWorker] INFO  segmented.SegmentedRaftLogWorker (SegmentedRaftLogWorker.java:execute(569)) - 45cd06ff-25a2-484c-ae07-8678dc67fe17@group-2D074BA07524-SegmentedRaftLogWorker: created new log segment /workdir/hadoop-ozone/integration-test/target/test-dir/MiniOzoneClusterImpl-587876f3-3d98-4cc8-9a43-bf4d205d7dbe/datanode-3/data/ratis/4784c847-5240-4326-be2e-2d074ba07524/current/log_inprogress_0
2019-09-25 12:06:35,866 [b31e81a4-9d51-4c30-935b-af8637f1730a@group-F6C99C8F3C78-SegmentedRaftLogWorker] INFO  segmented.SegmentedRaftLogWorker (SegmentedRaftLogWorker.java:execute(569)) - b31e81a4-9d51-4c30-935b-af8637f1730a@group-F6C99C8F3C78-SegmentedRaftLogWorker: created new log segment /workdir/hadoop-ozone/integration-test/target/test-dir/MiniOzoneClusterImpl-587876f3-3d98-4cc8-9a43-bf4d205d7dbe/datanode-1/data/ratis/27fe0fa7-5fb2-4ccf-a405-f6c99c8f3c78/current/log_inprogress_0
2019-09-25 12:06:35,983 [Thread-3567] INFO  impl.FollowerState (FollowerState.java:run(106)) - 4265dd55-646c-4571-a7aa-5a5e7479765c:group-CFBBAEC304E2 changes to CANDIDATE, lastRpcTime:5166, electionTimeout:5166ms
2019-09-25 12:06:35,984 [Thread-3567] INFO  impl.RoleInfo (RoleInfo.java:shutdownFollowerState(121)) - 4265dd55-646c-4571-a7aa-5a5e7479765c: shutdown FollowerState
2019-09-25 12:06:35,984 [Thread-3567] INFO  impl.RaftServerImpl (RaftServerImpl.java:setRole(174)) - 4265dd55-646c-4571-a7aa-5a5e7479765c@group-CFBBAEC304E2: changes role from  FOLLOWER to CANDIDATE at term 0 for changeToCandidate
2019-09-25 12:06:35,984 [Thread-3567] INFO  impl.RoleInfo (RoleInfo.java:updateAndGet(143)) - 4265dd55-646c-4571-a7aa-5a5e7479765c: start LeaderElection
2019-09-25 12:06:35,997 [Thread-3573] INFO  impl.FollowerState (FollowerState.java:run(106)) - 27e0b7c9-1b57-4073-b643-4210ac739ea7:group-10CEE7306743 changes to CANDIDATE, lastRpcTime:5054, electionTimeout:5054ms
2019-09-25 12:06:35,998 [Thread-3573] INFO  impl.RoleInfo (RoleInfo.java:shutdownFollowerState(121)) - 27e0b7c9-1b57-4073-b643-4210ac739ea7: shutdown FollowerState
2019-09-25 12:06:35,998 [Thread-3573] INFO  impl.RaftServerImpl (RaftServerImpl.java:setRole(174)) - 27e0b7c9-1b57-4073-b643-4210ac739ea7@group-10CEE7306743: changes role from  FOLLOWER to CANDIDATE at term 0 for changeToCandidate
2019-09-25 12:06:35,998 [Thread-3573] INFO  impl.RoleInfo (RoleInfo.java:updateAndGet(143)) - 27e0b7c9-1b57-4073-b643-4210ac739ea7: start LeaderElection
2019-09-25 12:06:36,003 [4265dd55-646c-4571-a7aa-5a5e7479765c@group-CFBBAEC304E2:LeaderElection272] INFO  impl.LeaderElection (LeaderElection.java:askForVotes(182)) - 4265dd55-646c-4571-a7aa-5a5e7479765c@group-CFBBAEC304E2:LeaderElection272: begin an election at term 1 for -1: [4265dd55-646c-4571-a7aa-5a5e7479765c:192.168.151.73:40282], old=null
2019-09-25 12:06:36,003 [4265dd55-646c-4571-a7aa-5a5e7479765c@group-CFBBAEC304E2:LeaderElection272] INFO  impl.RoleInfo (RoleInfo.java:shutdownLeaderElection(134)) - 4265dd55-646c-4571-a7aa-5a5e7479765c: shutdown LeaderElection
2019-09-25 12:06:36,004 [4265dd55-646c-4571-a7aa-5a5e7479765c@group-CFBBAEC304E2:LeaderElection272] INFO  impl.RaftServerImpl (RaftServerImpl.java:setRole(174)) - 4265dd55-646c-4571-a7aa-5a5e7479765c@group-CFBBAEC304E2: changes role from CANDIDATE to LEADER at term 1 for changeToLeader
2019-09-25 12:06:36,004 [4265dd55-646c-4571-a7aa-5a5e7479765c@group-CFBBAEC304E2:LeaderElection272] INFO  impl.RaftServerImpl (ServerState.java:setLeader(253)) - 4265dd55-646c-4571-a7aa-5a5e7479765c@group-CFBBAEC304E2: change Leader from null to 4265dd55-646c-4571-a7aa-5a5e7479765c at term 1 for becomeLeader, leader elected after 5212ms
2019-09-25 12:06:36,004 [4265dd55-646c-4571-a7aa-5a5e7479765c@group-CFBBAEC304E2:LeaderElection272] INFO  server.RaftServerConfigKeys (ConfUtils.java:logGet(43)) - raft.server.staging.catchup.gap = 1000 (default)
2019-09-25 12:06:36,004 [4265dd55-646c-4571-a7aa-5a5e7479765c@group-CFBBAEC304E2:LeaderElection272] INFO  server.RaftServerConfigKeys (ConfUtils.java:logGet(43)) - raft.server.rpc.sleep.time = 25ms (default)
2019-09-25 12:06:36,004 [4265dd55-646c-4571-a7aa-5a5e7479765c@group-CFBBAEC304E2:LeaderElection272] INFO  server.RaftServerConfigKeys (ConfUtils.java:logGet(43)) - raft.server.write.element-limit = 4096 (default)
2019-09-25 12:06:36,004 [4265dd55-646c-4571-a7aa-5a5e7479765c@group-CFBBAEC304E2:LeaderElection272] INFO  server.RaftServerConfigKeys (ConfUtils.java:logGet(43)) - raft.server.watch.timeout = 10s (default)
2019-09-25 12:06:36,004 [4265dd55-646c-4571-a7aa-5a5e7479765c@group-CFBBAEC304E2:LeaderElection272] INFO  server.RaftServerConfigKeys (ConfUtils.java:logGet(43)) - raft.server.watch.timeout.denomination = 1s (default)
2019-09-25 12:06:36,005 [4265dd55-646c-4571-a7aa-5a5e7479765c@group-CFBBAEC304E2:LeaderElection272] INFO  server.RaftServerConfigKeys (ConfUtils.java:logGet(43)) - raft.server.watch.element-limit = 65536 (default)
2019-09-25 12:06:36,006 [4265dd55-646c-4571-a7aa-5a5e7479765c@group-CFBBAEC304E2:LeaderElection272] INFO  impl.RoleInfo (RoleInfo.java:updateAndGet(143)) - 4265dd55-646c-4571-a7aa-5a5e7479765c: start LeaderState
2019-09-25 12:06:36,007 [4265dd55-646c-4571-a7aa-5a5e7479765c@group-CFBBAEC304E2:LeaderElection272] INFO  segmented.SegmentedRaftLogWorker (SegmentedRaftLogWorker.java:startLogSegment(380)) - 4265dd55-646c-4571-a7aa-5a5e7479765c@group-CFBBAEC304E2-SegmentedRaftLogWorker: Starting segment from index:0
2019-09-25 12:06:36,007 [4265dd55-646c-4571-a7aa-5a5e7479765c@group-CFBBAEC304E2:LeaderElection272] INFO  impl.RaftServerImpl (ServerState.java:setRaftConf(354)) - 4265dd55-646c-4571-a7aa-5a5e7479765c@group-CFBBAEC304E2: set configuration 0: [4265dd55-646c-4571-a7aa-5a5e7479765c:192.168.151.73:40282], old=null at 0
2019-09-25 12:06:36,016 [27e0b7c9-1b57-4073-b643-4210ac739ea7@group-10CEE7306743:LeaderElection273] INFO  impl.LeaderElection (LeaderElection.java:askForVotes(182)) - 27e0b7c9-1b57-4073-b643-4210ac739ea7@group-10CEE7306743:LeaderElection273: begin an election at term 1 for -1: [27e0b7c9-1b57-4073-b643-4210ac739ea7:192.168.151.73:38945], old=null
2019-09-25 12:06:36,016 [27e0b7c9-1b57-4073-b643-4210ac739ea7@group-10CEE7306743:LeaderElection273] INFO  impl.RoleInfo (RoleInfo.java:shutdownLeaderElection(134)) - 27e0b7c9-1b57-4073-b643-4210ac739ea7: shutdown LeaderElection
2019-09-25 12:06:36,016 [27e0b7c9-1b57-4073-b643-4210ac739ea7@group-10CEE7306743:LeaderElection273] INFO  impl.RaftServerImpl (RaftServerImpl.java:setRole(174)) - 27e0b7c9-1b57-4073-b643-4210ac739ea7@group-10CEE7306743: changes role from CANDIDATE to LEADER at term 1 for changeToLeader
2019-09-25 12:06:36,017 [27e0b7c9-1b57-4073-b643-4210ac739ea7@group-10CEE7306743:LeaderElection273] INFO  impl.RaftServerImpl (ServerState.java:setLeader(253)) - 27e0b7c9-1b57-4073-b643-4210ac739ea7@group-10CEE7306743: change Leader from null to 27e0b7c9-1b57-4073-b643-4210ac739ea7 at term 1 for becomeLeader, leader elected after 5080ms
2019-09-25 12:06:36,017 [27e0b7c9-1b57-4073-b643-4210ac739ea7@group-10CEE7306743:LeaderElection273] INFO  server.RaftServerConfigKeys (ConfUtils.java:logGet(43)) - raft.server.staging.catchup.gap = 1000 (default)
2019-09-25 12:06:36,017 [27e0b7c9-1b57-4073-b643-4210ac739ea7@group-10CEE7306743:LeaderElection273] INFO  server.RaftServerConfigKeys (ConfUtils.java:logGet(43)) - raft.server.rpc.sleep.time = 25ms (default)
2019-09-25 12:06:36,017 [27e0b7c9-1b57-4073-b643-4210ac739ea7@group-10CEE7306743:LeaderElection273] INFO  server.RaftServerConfigKeys (ConfUtils.java:logGet(43)) - raft.server.write.element-limit = 4096 (default)
2019-09-25 12:06:36,017 [27e0b7c9-1b57-4073-b643-4210ac739ea7@group-10CEE7306743:LeaderElection273] INFO  server.RaftServerConfigKeys (ConfUtils.java:logGet(43)) - raft.server.watch.timeout = 10s (default)
2019-09-25 12:06:36,017 [27e0b7c9-1b57-4073-b643-4210ac739ea7@group-10CEE7306743:LeaderElection273] INFO  server.RaftServerConfigKeys (ConfUtils.java:logGet(43)) - raft.server.watch.timeout.denomination = 1s (default)
2019-09-25 12:06:36,017 [27e0b7c9-1b57-4073-b643-4210ac739ea7@group-10CEE7306743:LeaderElection273] INFO  server.RaftServerConfigKeys (ConfUtils.java:logGet(43)) - raft.server.watch.element-limit = 65536 (default)
2019-09-25 12:06:36,019 [27e0b7c9-1b57-4073-b643-4210ac739ea7@group-10CEE7306743:LeaderElection273] INFO  impl.RoleInfo (RoleInfo.java:updateAndGet(143)) - 27e0b7c9-1b57-4073-b643-4210ac739ea7: start LeaderState
2019-09-25 12:06:36,019 [27e0b7c9-1b57-4073-b643-4210ac739ea7@group-10CEE7306743:LeaderElection273] INFO  segmented.SegmentedRaftLogWorker (SegmentedRaftLogWorker.java:startLogSegment(380)) - 27e0b7c9-1b57-4073-b643-4210ac739ea7@group-10CEE7306743-SegmentedRaftLogWorker: Starting segment from index:0
2019-09-25 12:06:36,020 [27e0b7c9-1b57-4073-b643-4210ac739ea7@group-10CEE7306743:LeaderElection273] INFO  impl.RaftServerImpl (ServerState.java:setRaftConf(354)) - 27e0b7c9-1b57-4073-b643-4210ac739ea7@group-10CEE7306743: set configuration 0: [27e0b7c9-1b57-4073-b643-4210ac739ea7:192.168.151.73:38945], old=null at 0
2019-09-25 12:06:36,047 [Thread-3576] INFO  impl.FollowerState (FollowerState.java:run(106)) - d587b3c4-6743-4f9b-a5f7-0e55334fa092:group-5B4610DFD4E2 changes to CANDIDATE, lastRpcTime:5057, electionTimeout:5057ms
2019-09-25 12:06:36,048 [Thread-3576] INFO  impl.RoleInfo (RoleInfo.java:shutdownFollowerState(121)) - d587b3c4-6743-4f9b-a5f7-0e55334fa092: shutdown FollowerState
2019-09-25 12:06:36,048 [Thread-3576] INFO  impl.RaftServerImpl (RaftServerImpl.java:setRole(174)) - d587b3c4-6743-4f9b-a5f7-0e55334fa092@group-5B4610DFD4E2: changes role from  FOLLOWER to CANDIDATE at term 0 for changeToCandidate
2019-09-25 12:06:36,048 [Thread-3576] INFO  impl.RoleInfo (RoleInfo.java:updateAndGet(143)) - d587b3c4-6743-4f9b-a5f7-0e55334fa092: start LeaderElection
2019-09-25 12:06:36,061 [Thread-3570] INFO  impl.FollowerState (FollowerState.java:run(106)) - b31e81a4-9d51-4c30-935b-af8637f1730a:group-9B0BD9ABEB1E changes to CANDIDATE, lastRpcTime:5167, electionTimeout:5162ms
2019-09-25 12:06:36,061 [Thread-3570] INFO  impl.RoleInfo (RoleInfo.java:shutdownFollowerState(121)) - b31e81a4-9d51-4c30-935b-af8637f1730a: shutdown FollowerState
2019-09-25 12:06:36,061 [Thread-3570] INFO  impl.RaftServerImpl (RaftServerImpl.java:setRole(174)) - b31e81a4-9d51-4c30-935b-af8637f1730a@group-9B0BD9ABEB1E: changes role from  FOLLOWER to CANDIDATE at term 0 for changeToCandidate
2019-09-25 12:06:36,061 [Thread-3570] INFO  impl.RoleInfo (RoleInfo.java:updateAndGet(143)) - b31e81a4-9d51-4c30-935b-af8637f1730a: start LeaderElection
2019-09-25 12:06:36,070 [4265dd55-646c-4571-a7aa-5a5e7479765c@group-CFBBAEC304E2-SegmentedRaftLogWorker] INFO  segmented.SegmentedRaftLogWorker (SegmentedRaftLogWorker.java:execute(569)) - 4265dd55-646c-4571-a7aa-5a5e7479765c@group-CFBBAEC304E2-SegmentedRaftLogWorker: created new log segment /workdir/hadoop-ozone/integration-test/target/test-dir/MiniOzoneClusterImpl-587876f3-3d98-4cc8-9a43-bf4d205d7dbe/datanode-2/data/ratis/f68d5473-47b3-40ef-9e20-cfbbaec304e2/current/log_inprogress_0
2019-09-25 12:06:36,084 [27e0b7c9-1b57-4073-b643-4210ac739ea7@group-10CEE7306743-SegmentedRaftLogWorker] INFO  segmented.SegmentedRaftLogWorker (SegmentedRaftLogWorker.java:execute(569)) - 27e0b7c9-1b57-4073-b643-4210ac739ea7@group-10CEE7306743-SegmentedRaftLogWorker: created new log segment /workdir/hadoop-ozone/integration-test/target/test-dir/MiniOzoneClusterImpl-587876f3-3d98-4cc8-9a43-bf4d205d7dbe/datanode-4/data/ratis/dcde9470-845a-47f0-b0be-10cee7306743/current/log_inprogress_0
2019-09-25 12:06:36,084 [d587b3c4-6743-4f9b-a5f7-0e55334fa092@group-5B4610DFD4E2:LeaderElection274] INFO  impl.LeaderElection (LeaderElection.java:askForVotes(182)) - d587b3c4-6743-4f9b-a5f7-0e55334fa092@group-5B4610DFD4E2:LeaderElection274: begin an election at term 1 for -1: [d587b3c4-6743-4f9b-a5f7-0e55334fa092:192.168.151.73:33163], old=null
2019-09-25 12:06:36,084 [b31e81a4-9d51-4c30-935b-af8637f1730a@group-9B0BD9ABEB1E:LeaderElection275] INFO  impl.LeaderElection (LeaderElection.java:askForVotes(182)) - b31e81a4-9d51-4c30-935b-af8637f1730a@group-9B0BD9ABEB1E:LeaderElection275: begin an election at term 1 for -1: [b31e81a4-9d51-4c30-935b-af8637f1730a:192.168.151.73:39091], old=null
2019-09-25 12:06:36,084 [d587b3c4-6743-4f9b-a5f7-0e55334fa092@group-5B4610DFD4E2:LeaderElection274] INFO  impl.RoleInfo (RoleInfo.java:shutdownLeaderElection(134)) - d587b3c4-6743-4f9b-a5f7-0e55334fa092: shutdown LeaderElection
2019-09-25 12:06:36,084 [b31e81a4-9d51-4c30-935b-af8637f1730a@group-9B0BD9ABEB1E:LeaderElection275] INFO  impl.RoleInfo (RoleInfo.java:shutdownLeaderElection(134)) - b31e81a4-9d51-4c30-935b-af8637f1730a: shutdown LeaderElection
2019-09-25 12:06:36,084 [d587b3c4-6743-4f9b-a5f7-0e55334fa092@group-5B4610DFD4E2:LeaderElection274] INFO  impl.RaftServerImpl (RaftServerImpl.java:setRole(174)) - d587b3c4-6743-4f9b-a5f7-0e55334fa092@group-5B4610DFD4E2: changes role from CANDIDATE to LEADER at term 1 for changeToLeader
2019-09-25 12:06:36,084 [b31e81a4-9d51-4c30-935b-af8637f1730a@group-9B0BD9ABEB1E:LeaderElection275] INFO  impl.RaftServerImpl (RaftServerImpl.java:setRole(174)) - b31e81a4-9d51-4c30-935b-af8637f1730a@group-9B0BD9ABEB1E: changes role from CANDIDATE to LEADER at term 1 for changeToLeader
2019-09-25 12:06:36,084 [d587b3c4-6743-4f9b-a5f7-0e55334fa092@group-5B4610DFD4E2:LeaderElection274] INFO  impl.RaftServerImpl (ServerState.java:setLeader(253)) - d587b3c4-6743-4f9b-a5f7-0e55334fa092@group-5B4610DFD4E2: change Leader from null to d587b3c4-6743-4f9b-a5f7-0e55334fa092 at term 1 for becomeLeader, leader elected after 5101ms
2019-09-25 12:06:36,084 [b31e81a4-9d51-4c30-935b-af8637f1730a@group-9B0BD9ABEB1E:LeaderElection275] INFO  impl.RaftServerImpl (ServerState.java:setLeader(253)) - b31e81a4-9d51-4c30-935b-af8637f1730a@group-9B0BD9ABEB1E: change Leader from null to b31e81a4-9d51-4c30-935b-af8637f1730a at term 1 for becomeLeader, leader elected after 5197ms
2019-09-25 12:06:36,085 [d587b3c4-6743-4f9b-a5f7-0e55334fa092@group-5B4610DFD4E2:LeaderElection274] INFO  server.RaftServerConfigKeys (ConfUtils.java:logGet(43)) - raft.server.staging.catchup.gap = 1000 (default)
2019-09-25 12:06:36,085 [b31e81a4-9d51-4c30-935b-af8637f1730a@group-9B0BD9ABEB1E:LeaderElection275] INFO  server.RaftServerConfigKeys (ConfUtils.java:logGet(43)) - raft.server.staging.catchup.gap = 1000 (default)
2019-09-25 12:06:36,085 [d587b3c4-6743-4f9b-a5f7-0e55334fa092@group-5B4610DFD4E2:LeaderElection274] INFO  server.RaftServerConfigKeys (ConfUtils.java:logGet(43)) - raft.server.rpc.sleep.time = 25ms (default)
2019-09-25 12:06:36,085 [b31e81a4-9d51-4c30-935b-af8637f1730a@group-9B0BD9ABEB1E:LeaderElection275] INFO  server.RaftServerConfigKeys (ConfUtils.java:logGet(43)) - raft.server.rpc.sleep.time = 25ms (default)
2019-09-25 12:06:36,085 [d587b3c4-6743-4f9b-a5f7-0e55334fa092@group-5B4610DFD4E2:LeaderElection274] INFO  server.RaftServerConfigKeys (ConfUtils.java:logGet(43)) - raft.server.write.element-limit = 4096 (default)
2019-09-25 12:06:36,085 [b31e81a4-9d51-4c30-935b-af8637f1730a@group-9B0BD9ABEB1E:LeaderElection275] INFO  server.RaftServerConfigKeys (ConfUtils.java:logGet(43)) - raft.server.write.element-limit = 4096 (default)
2019-09-25 12:06:36,085 [d587b3c4-6743-4f9b-a5f7-0e55334fa092@group-5B4610DFD4E2:LeaderElection274] INFO  server.RaftServerConfigKeys (ConfUtils.java:logGet(43)) - raft.server.watch.timeout = 10s (default)
2019-09-25 12:06:36,085 [b31e81a4-9d51-4c30-935b-af8637f1730a@group-9B0BD9ABEB1E:LeaderElection275] INFO  server.RaftServerConfigKeys (ConfUtils.java:logGet(43)) - raft.server.watch.timeout = 10s (default)
2019-09-25 12:06:36,086 [d587b3c4-6743-4f9b-a5f7-0e55334fa092@group-5B4610DFD4E2:LeaderElection274] INFO  server.RaftServerConfigKeys (ConfUtils.java:logGet(43)) - raft.server.watch.timeout.denomination = 1s (default)
2019-09-25 12:06:36,086 [b31e81a4-9d51-4c30-935b-af8637f1730a@group-9B0BD9ABEB1E:LeaderElection275] INFO  server.RaftServerConfigKeys (ConfUtils.java:logGet(43)) - raft.server.watch.timeout.denomination = 1s (default)
2019-09-25 12:06:36,086 [d587b3c4-6743-4f9b-a5f7-0e55334fa092@group-5B4610DFD4E2:LeaderElection274] INFO  server.RaftServerConfigKeys (ConfUtils.java:logGet(43)) - raft.server.watch.element-limit = 65536 (default)
2019-09-25 12:06:36,086 [b31e81a4-9d51-4c30-935b-af8637f1730a@group-9B0BD9ABEB1E:LeaderElection275] INFO  server.RaftServerConfigKeys (ConfUtils.java:logGet(43)) - raft.server.watch.element-limit = 65536 (default)
2019-09-25 12:06:36,089 [b31e81a4-9d51-4c30-935b-af8637f1730a@group-9B0BD9ABEB1E:LeaderElection275] INFO  impl.RoleInfo (RoleInfo.java:updateAndGet(143)) - b31e81a4-9d51-4c30-935b-af8637f1730a: start LeaderState
2019-09-25 12:06:36,089 [d587b3c4-6743-4f9b-a5f7-0e55334fa092@group-5B4610DFD4E2:LeaderElection274] INFO  impl.RoleInfo (RoleInfo.java:updateAndGet(143)) - d587b3c4-6743-4f9b-a5f7-0e55334fa092: start LeaderState
2019-09-25 12:06:36,089 [b31e81a4-9d51-4c30-935b-af8637f1730a@group-9B0BD9ABEB1E:LeaderElection275] INFO  segmented.SegmentedRaftLogWorker (SegmentedRaftLogWorker.java:startLogSegment(380)) - b31e81a4-9d51-4c30-935b-af8637f1730a@group-9B0BD9ABEB1E-SegmentedRaftLogWorker: Starting segment from index:0
2019-09-25 12:06:36,089 [d587b3c4-6743-4f9b-a5f7-0e55334fa092@group-5B4610DFD4E2:LeaderElection274] INFO  segmented.SegmentedRaftLogWorker (SegmentedRaftLogWorker.java:startLogSegment(380)) - d587b3c4-6743-4f9b-a5f7-0e55334fa092@group-5B4610DFD4E2-SegmentedRaftLogWorker: Starting segment from index:0
2019-09-25 12:06:36,090 [b31e81a4-9d51-4c30-935b-af8637f1730a@group-9B0BD9ABEB1E:LeaderElection275] INFO  impl.RaftServerImpl (ServerState.java:setRaftConf(354)) - b31e81a4-9d51-4c30-935b-af8637f1730a@group-9B0BD9ABEB1E: set configuration 0: [b31e81a4-9d51-4c30-935b-af8637f1730a:192.168.151.73:39091], old=null at 0
2019-09-25 12:06:36,090 [d587b3c4-6743-4f9b-a5f7-0e55334fa092@group-5B4610DFD4E2:LeaderElection274] INFO  impl.RaftServerImpl (ServerState.java:setRaftConf(354)) - d587b3c4-6743-4f9b-a5f7-0e55334fa092@group-5B4610DFD4E2: set configuration 0: [d587b3c4-6743-4f9b-a5f7-0e55334fa092:192.168.151.73:33163], old=null at 0
2019-09-25 12:06:36,108 [Thread-3582] INFO  impl.FollowerState (FollowerState.java:run(106)) - 27e0b7c9-1b57-4073-b643-4210ac739ea7:group-65EC994FA0DB changes to CANDIDATE, lastRpcTime:5016, electionTimeout:5016ms
2019-09-25 12:06:36,108 [Thread-3582] INFO  impl.RoleInfo (RoleInfo.java:shutdownFollowerState(121)) - 27e0b7c9-1b57-4073-b643-4210ac739ea7: shutdown FollowerState
2019-09-25 12:06:36,108 [Thread-3582] INFO  impl.RaftServerImpl (RaftServerImpl.java:setRole(174)) - 27e0b7c9-1b57-4073-b643-4210ac739ea7@group-65EC994FA0DB: changes role from  FOLLOWER to CANDIDATE at term 0 for changeToCandidate
2019-09-25 12:06:36,108 [Thread-3582] INFO  impl.RoleInfo (RoleInfo.java:updateAndGet(143)) - 27e0b7c9-1b57-4073-b643-4210ac739ea7: start LeaderElection
2019-09-25 12:06:36,156 [b31e81a4-9d51-4c30-935b-af8637f1730a@group-9B0BD9ABEB1E-SegmentedRaftLogWorker] INFO  segmented.SegmentedRaftLogWorker (SegmentedRaftLogWorker.java:execute(569)) - b31e81a4-9d51-4c30-935b-af8637f1730a@group-9B0BD9ABEB1E-SegmentedRaftLogWorker: created new log segment /workdir/hadoop-ozone/integration-test/target/test-dir/MiniOzoneClusterImpl-587876f3-3d98-4cc8-9a43-bf4d205d7dbe/datanode-1/data/ratis/07b12cbc-55b3-490d-851a-9b0bd9abeb1e/current/log_inprogress_0
2019-09-25 12:06:36,156 [27e0b7c9-1b57-4073-b643-4210ac739ea7@group-65EC994FA0DB:LeaderElection276] INFO  impl.LeaderElection (LeaderElection.java:askForVotes(182)) - 27e0b7c9-1b57-4073-b643-4210ac739ea7@group-65EC994FA0DB:LeaderElection276: begin an election at term 1 for -1: [27e0b7c9-1b57-4073-b643-4210ac739ea7:192.168.151.73:38945], old=null
2019-09-25 12:06:36,156 [d587b3c4-6743-4f9b-a5f7-0e55334fa092@group-5B4610DFD4E2-SegmentedRaftLogWorker] INFO  segmented.SegmentedRaftLogWorker (SegmentedRaftLogWorker.java:execute(569)) - d587b3c4-6743-4f9b-a5f7-0e55334fa092@group-5B4610DFD4E2-SegmentedRaftLogWorker: created new log segment /workdir/hadoop-ozone/integration-test/target/test-dir/MiniOzoneClusterImpl-587876f3-3d98-4cc8-9a43-bf4d205d7dbe/datanode-5/data/ratis/0a8d3f57-81fb-421b-a35f-5b4610dfd4e2/current/log_inprogress_0
2019-09-25 12:06:36,157 [27e0b7c9-1b57-4073-b643-4210ac739ea7@group-65EC994FA0DB:LeaderElection276] INFO  impl.RoleInfo (RoleInfo.java:shutdownLeaderElection(134)) - 27e0b7c9-1b57-4073-b643-4210ac739ea7: shutdown LeaderElection
2019-09-25 12:06:36,157 [27e0b7c9-1b57-4073-b643-4210ac739ea7@group-65EC994FA0DB:LeaderElection276] INFO  impl.RaftServerImpl (RaftServerImpl.java:setRole(174)) - 27e0b7c9-1b57-4073-b643-4210ac739ea7@group-65EC994FA0DB: changes role from CANDIDATE to LEADER at term 1 for changeToLeader
2019-09-25 12:06:36,157 [27e0b7c9-1b57-4073-b643-4210ac739ea7@group-65EC994FA0DB:LeaderElection276] INFO  impl.RaftServerImpl (ServerState.java:setLeader(253)) - 27e0b7c9-1b57-4073-b643-4210ac739ea7@group-65EC994FA0DB: change Leader from null to 27e0b7c9-1b57-4073-b643-4210ac739ea7 at term 1 for becomeLeader, leader elected after 5071ms
2019-09-25 12:06:36,157 [27e0b7c9-1b57-4073-b643-4210ac739ea7@group-65EC994FA0DB:LeaderElection276] INFO  server.RaftServerConfigKeys (ConfUtils.java:logGet(43)) - raft.server.staging.catchup.gap = 1000 (default)
2019-09-25 12:06:36,157 [27e0b7c9-1b57-4073-b643-4210ac739ea7@group-65EC994FA0DB:LeaderElection276] INFO  server.RaftServerConfigKeys (ConfUtils.java:logGet(43)) - raft.server.rpc.sleep.time = 25ms (default)
2019-09-25 12:06:36,157 [27e0b7c9-1b57-4073-b643-4210ac739ea7@group-65EC994FA0DB:LeaderElection276] INFO  server.RaftServerConfigKeys (ConfUtils.java:logGet(43)) - raft.server.write.element-limit = 4096 (default)
2019-09-25 12:06:36,158 [27e0b7c9-1b57-4073-b643-4210ac739ea7@group-65EC994FA0DB:LeaderElection276] INFO  server.RaftServerConfigKeys (ConfUtils.java:logGet(43)) - raft.server.watch.timeout = 10s (default)
2019-09-25 12:06:36,158 [27e0b7c9-1b57-4073-b643-4210ac739ea7@group-65EC994FA0DB:LeaderElection276] INFO  server.RaftServerConfigKeys (ConfUtils.java:logGet(43)) - raft.server.watch.timeout.denomination = 1s (default)
2019-09-25 12:06:36,158 [27e0b7c9-1b57-4073-b643-4210ac739ea7@group-65EC994FA0DB:LeaderElection276] INFO  server.RaftServerConfigKeys (ConfUtils.java:logGet(43)) - raft.server.watch.element-limit = 65536 (default)
2019-09-25 12:06:36,160 [27e0b7c9-1b57-4073-b643-4210ac739ea7@group-65EC994FA0DB:LeaderElection276] INFO  impl.RoleInfo (RoleInfo.java:updateAndGet(143)) - 27e0b7c9-1b57-4073-b643-4210ac739ea7: start LeaderState
2019-09-25 12:06:36,160 [27e0b7c9-1b57-4073-b643-4210ac739ea7@group-65EC994FA0DB:LeaderElection276] INFO  segmented.SegmentedRaftLogWorker (SegmentedRaftLogWorker.java:startLogSegment(380)) - 27e0b7c9-1b57-4073-b643-4210ac739ea7@group-65EC994FA0DB-SegmentedRaftLogWorker: Starting segment from index:0
2019-09-25 12:06:36,160 [27e0b7c9-1b57-4073-b643-4210ac739ea7@group-65EC994FA0DB:LeaderElection276] INFO  impl.RaftServerImpl (ServerState.java:setRaftConf(354)) - 27e0b7c9-1b57-4073-b643-4210ac739ea7@group-65EC994FA0DB: set configuration 0: [27e0b7c9-1b57-4073-b643-4210ac739ea7:192.168.151.73:38945], old=null at 0
2019-09-25 12:06:36,202 [27e0b7c9-1b57-4073-b643-4210ac739ea7@group-65EC994FA0DB-SegmentedRaftLogWorker] INFO  segmented.SegmentedRaftLogWorker (SegmentedRaftLogWorker.java:execute(569)) - 27e0b7c9-1b57-4073-b643-4210ac739ea7@group-65EC994FA0DB-SegmentedRaftLogWorker: created new log segment /workdir/hadoop-ozone/integration-test/target/test-dir/MiniOzoneClusterImpl-587876f3-3d98-4cc8-9a43-bf4d205d7dbe/datanode-4/data/ratis/a501821d-c6ab-495a-9cd2-65ec994fa0db/current/log_inprogress_0
2019-09-25 12:06:36,223 [Thread-3579] INFO  impl.FollowerState (FollowerState.java:run(106)) - 4265dd55-646c-4571-a7aa-5a5e7479765c:group-9389F609D95F changes to CANDIDATE, lastRpcTime:5184, electionTimeout:5184ms
2019-09-25 12:06:36,224 [Thread-3579] INFO  impl.RoleInfo (RoleInfo.java:shutdownFollowerState(121)) - 4265dd55-646c-4571-a7aa-5a5e7479765c: shutdown FollowerState
2019-09-25 12:06:36,224 [Thread-3579] INFO  impl.RaftServerImpl (RaftServerImpl.java:setRole(174)) - 4265dd55-646c-4571-a7aa-5a5e7479765c@group-9389F609D95F: changes role from  FOLLOWER to CANDIDATE at term 0 for changeToCandidate
2019-09-25 12:06:36,224 [Thread-3579] INFO  impl.RoleInfo (RoleInfo.java:updateAndGet(143)) - 4265dd55-646c-4571-a7aa-5a5e7479765c: start LeaderElection
2019-09-25 12:06:36,242 [4265dd55-646c-4571-a7aa-5a5e7479765c@group-9389F609D95F:LeaderElection277] INFO  impl.LeaderElection (LeaderElection.java:askForVotes(182)) - 4265dd55-646c-4571-a7aa-5a5e7479765c@group-9389F609D95F:LeaderElection277: begin an election at term 1 for -1: [4265dd55-646c-4571-a7aa-5a5e7479765c:192.168.151.73:40282], old=null
2019-09-25 12:06:36,242 [4265dd55-646c-4571-a7aa-5a5e7479765c@group-9389F609D95F:LeaderElection277] INFO  impl.RoleInfo (RoleInfo.java:shutdownLeaderElection(134)) - 4265dd55-646c-4571-a7aa-5a5e7479765c: shutdown LeaderElection
2019-09-25 12:06:36,243 [4265dd55-646c-4571-a7aa-5a5e7479765c@group-9389F609D95F:LeaderElection277] INFO  impl.RaftServerImpl (RaftServerImpl.java:setRole(174)) - 4265dd55-646c-4571-a7aa-5a5e7479765c@group-9389F609D95F: changes role from CANDIDATE to LEADER at term 1 for changeToLeader
2019-09-25 12:06:36,243 [4265dd55-646c-4571-a7aa-5a5e7479765c@group-9389F609D95F:LeaderElection277] INFO  impl.RaftServerImpl (ServerState.java:setLeader(253)) - 4265dd55-646c-4571-a7aa-5a5e7479765c@group-9389F609D95F: change Leader from null to 4265dd55-646c-4571-a7aa-5a5e7479765c at term 1 for becomeLeader, leader elected after 5210ms
2019-09-25 12:06:36,243 [4265dd55-646c-4571-a7aa-5a5e7479765c@group-9389F609D95F:LeaderElection277] INFO  server.RaftServerConfigKeys (ConfUtils.java:logGet(43)) - raft.server.staging.catchup.gap = 1000 (default)
2019-09-25 12:06:36,243 [4265dd55-646c-4571-a7aa-5a5e7479765c@group-9389F609D95F:LeaderElection277] INFO  server.RaftServerConfigKeys (ConfUtils.java:logGet(43)) - raft.server.rpc.sleep.time = 25ms (default)
2019-09-25 12:06:36,243 [4265dd55-646c-4571-a7aa-5a5e7479765c@group-9389F609D95F:LeaderElection277] INFO  server.RaftServerConfigKeys (ConfUtils.java:logGet(43)) - raft.server.write.element-limit = 4096 (default)
2019-09-25 12:06:36,243 [4265dd55-646c-4571-a7aa-5a5e7479765c@group-9389F609D95F:LeaderElection277] INFO  server.RaftServerConfigKeys (ConfUtils.java:logGet(43)) - raft.server.watch.timeout = 10s (default)
2019-09-25 12:06:36,243 [4265dd55-646c-4571-a7aa-5a5e7479765c@group-9389F609D95F:LeaderElection277] INFO  server.RaftServerConfigKeys (ConfUtils.java:logGet(43)) - raft.server.watch.timeout.denomination = 1s (default)
2019-09-25 12:06:36,243 [4265dd55-646c-4571-a7aa-5a5e7479765c@group-9389F609D95F:LeaderElection277] INFO  server.RaftServerConfigKeys (ConfUtils.java:logGet(43)) - raft.server.watch.element-limit = 65536 (default)
2019-09-25 12:06:36,245 [4265dd55-646c-4571-a7aa-5a5e7479765c@group-9389F609D95F:LeaderElection277] INFO  impl.RoleInfo (RoleInfo.java:updateAndGet(143)) - 4265dd55-646c-4571-a7aa-5a5e7479765c: start LeaderState
2019-09-25 12:06:36,245 [4265dd55-646c-4571-a7aa-5a5e7479765c@group-9389F609D95F:LeaderElection277] INFO  segmented.SegmentedRaftLogWorker (SegmentedRaftLogWorker.java:startLogSegment(380)) - 4265dd55-646c-4571-a7aa-5a5e7479765c@group-9389F609D95F-SegmentedRaftLogWorker: Starting segment from index:0
2019-09-25 12:06:36,246 [4265dd55-646c-4571-a7aa-5a5e7479765c@group-9389F609D95F:LeaderElection277] INFO  impl.RaftServerImpl (ServerState.java:setRaftConf(354)) - 4265dd55-646c-4571-a7aa-5a5e7479765c@group-9389F609D95F: set configuration 0: [4265dd55-646c-4571-a7aa-5a5e7479765c:192.168.151.73:40282], old=null at 0
2019-09-25 12:06:36,276 [Thread-3591] INFO  impl.FollowerState (FollowerState.java:run(106)) - 4265dd55-646c-4571-a7aa-5a5e7479765c:group-F8909BBD39E1 changes to CANDIDATE, lastRpcTime:5060, electionTimeout:5060ms
2019-09-25 12:06:36,276 [Thread-3591] INFO  impl.RoleInfo (RoleInfo.java:shutdownFollowerState(121)) - 4265dd55-646c-4571-a7aa-5a5e7479765c: shutdown FollowerState
2019-09-25 12:06:36,277 [Thread-3591] INFO  impl.RaftServerImpl (RaftServerImpl.java:setRole(174)) - 4265dd55-646c-4571-a7aa-5a5e7479765c@group-F8909BBD39E1: changes role from  FOLLOWER to CANDIDATE at term 0 for changeToCandidate
2019-09-25 12:06:36,277 [Thread-3591] INFO  impl.RoleInfo (RoleInfo.java:updateAndGet(143)) - 4265dd55-646c-4571-a7aa-5a5e7479765c: start LeaderElection
2019-09-25 12:06:36,303 [4265dd55-646c-4571-a7aa-5a5e7479765c@group-9389F609D95F-SegmentedRaftLogWorker] INFO  segmented.SegmentedRaftLogWorker (SegmentedRaftLogWorker.java:execute(569)) - 4265dd55-646c-4571-a7aa-5a5e7479765c@group-9389F609D95F-SegmentedRaftLogWorker: created new log segment /workdir/hadoop-ozone/integration-test/target/test-dir/MiniOzoneClusterImpl-587876f3-3d98-4cc8-9a43-bf4d205d7dbe/datanode-2/data/ratis/46d92a2d-c0da-41f1-aca6-9389f609d95f/current/log_inprogress_0
2019-09-25 12:06:36,316 [4265dd55-646c-4571-a7aa-5a5e7479765c@group-F8909BBD39E1:LeaderElection278] INFO  impl.LeaderElection (LeaderElection.java:askForVotes(182)) - 4265dd55-646c-4571-a7aa-5a5e7479765c@group-F8909BBD39E1:LeaderElection278: begin an election at term 1 for -1: [4265dd55-646c-4571-a7aa-5a5e7479765c:192.168.151.73:40282], old=null
2019-09-25 12:06:36,317 [4265dd55-646c-4571-a7aa-5a5e7479765c@group-F8909BBD39E1:LeaderElection278] INFO  impl.RoleInfo (RoleInfo.java:shutdownLeaderElection(134)) - 4265dd55-646c-4571-a7aa-5a5e7479765c: shutdown LeaderElection
2019-09-25 12:06:36,317 [4265dd55-646c-4571-a7aa-5a5e7479765c@group-F8909BBD39E1:LeaderElection278] INFO  impl.RaftServerImpl (RaftServerImpl.java:setRole(174)) - 4265dd55-646c-4571-a7aa-5a5e7479765c@group-F8909BBD39E1: changes role from CANDIDATE to LEADER at term 1 for changeToLeader
2019-09-25 12:06:36,317 [4265dd55-646c-4571-a7aa-5a5e7479765c@group-F8909BBD39E1:LeaderElection278] INFO  impl.RaftServerImpl (ServerState.java:setLeader(253)) - 4265dd55-646c-4571-a7aa-5a5e7479765c@group-F8909BBD39E1: change Leader from null to 4265dd55-646c-4571-a7aa-5a5e7479765c at term 1 for becomeLeader, leader elected after 5107ms
2019-09-25 12:06:36,317 [4265dd55-646c-4571-a7aa-5a5e7479765c@group-F8909BBD39E1:LeaderElection278] INFO  server.RaftServerConfigKeys (ConfUtils.java:logGet(43)) - raft.server.staging.catchup.gap = 1000 (default)
2019-09-25 12:06:36,317 [4265dd55-646c-4571-a7aa-5a5e7479765c@group-F8909BBD39E1:LeaderElection278] INFO  server.RaftServerConfigKeys (ConfUtils.java:logGet(43)) - raft.server.rpc.sleep.time = 25ms (default)
2019-09-25 12:06:36,317 [4265dd55-646c-4571-a7aa-5a5e7479765c@group-F8909BBD39E1:LeaderElection278] INFO  server.RaftServerConfigKeys (ConfUtils.java:logGet(43)) - raft.server.write.element-limit = 4096 (default)
2019-09-25 12:06:36,317 [4265dd55-646c-4571-a7aa-5a5e7479765c@group-F8909BBD39E1:LeaderElection278] INFO  server.RaftServerConfigKeys (ConfUtils.java:logGet(43)) - raft.server.watch.timeout = 10s (default)
2019-09-25 12:06:36,317 [4265dd55-646c-4571-a7aa-5a5e7479765c@group-F8909BBD39E1:LeaderElection278] INFO  server.RaftServerConfigKeys (ConfUtils.java:logGet(43)) - raft.server.watch.timeout.denomination = 1s (default)
2019-09-25 12:06:36,317 [4265dd55-646c-4571-a7aa-5a5e7479765c@group-F8909BBD39E1:LeaderElection278] INFO  server.RaftServerConfigKeys (ConfUtils.java:logGet(43)) - raft.server.watch.element-limit = 65536 (default)
2019-09-25 12:06:36,318 [Thread-3585] INFO  impl.FollowerState (FollowerState.java:run(106)) - 27e0b7c9-1b57-4073-b643-4210ac739ea7:group-5E20908DD553 changes to CANDIDATE, lastRpcTime:5184, electionTimeout:5184ms
2019-09-25 12:06:36,318 [Thread-3585] INFO  impl.RoleInfo (RoleInfo.java:shutdownFollowerState(121)) - 27e0b7c9-1b57-4073-b643-4210ac739ea7: shutdown FollowerState
2019-09-25 12:06:36,318 [Thread-3585] INFO  impl.RaftServerImpl (RaftServerImpl.java:setRole(174)) - 27e0b7c9-1b57-4073-b643-4210ac739ea7@group-5E20908DD553: changes role from  FOLLOWER to CANDIDATE at term 0 for changeToCandidate
2019-09-25 12:06:36,318 [Thread-3585] INFO  impl.RoleInfo (RoleInfo.java:updateAndGet(143)) - 27e0b7c9-1b57-4073-b643-4210ac739ea7: start LeaderElection
2019-09-25 12:06:36,319 [4265dd55-646c-4571-a7aa-5a5e7479765c@group-F8909BBD39E1:LeaderElection278] INFO  impl.RoleInfo (RoleInfo.java:updateAndGet(143)) - 4265dd55-646c-4571-a7aa-5a5e7479765c: start LeaderState
2019-09-25 12:06:36,320 [4265dd55-646c-4571-a7aa-5a5e7479765c@group-F8909BBD39E1:LeaderElection278] INFO  segmented.SegmentedRaftLogWorker (SegmentedRaftLogWorker.java:startLogSegment(380)) - 4265dd55-646c-4571-a7aa-5a5e7479765c@group-F8909BBD39E1-SegmentedRaftLogWorker: Starting segment from index:0
2019-09-25 12:06:36,320 [4265dd55-646c-4571-a7aa-5a5e7479765c@group-F8909BBD39E1:LeaderElection278] INFO  impl.RaftServerImpl (ServerState.java:setRaftConf(354)) - 4265dd55-646c-4571-a7aa-5a5e7479765c@group-F8909BBD39E1: set configuration 0: [4265dd55-646c-4571-a7aa-5a5e7479765c:192.168.151.73:40282], old=null at 0
2019-09-25 12:06:36,324 [Thread-3588] INFO  impl.FollowerState (FollowerState.java:run(106)) - 4265dd55-646c-4571-a7aa-5a5e7479765c:group-05686909FD22 changes to CANDIDATE, lastRpcTime:5148, electionTimeout:5148ms
2019-09-25 12:06:36,324 [Thread-3588] INFO  impl.RoleInfo (RoleInfo.java:shutdownFollowerState(121)) - 4265dd55-646c-4571-a7aa-5a5e7479765c: shutdown FollowerState
2019-09-25 12:06:36,324 [Thread-3588] INFO  impl.RaftServerImpl (RaftServerImpl.java:setRole(174)) - 4265dd55-646c-4571-a7aa-5a5e7479765c@group-05686909FD22: changes role from  FOLLOWER to CANDIDATE at term 0 for changeToCandidate
2019-09-25 12:06:36,324 [Thread-3588] INFO  impl.RoleInfo (RoleInfo.java:updateAndGet(143)) - 4265dd55-646c-4571-a7aa-5a5e7479765c: start LeaderElection
2019-09-25 12:06:36,340 [4265dd55-646c-4571-a7aa-5a5e7479765c@group-05686909FD22:LeaderElection280] INFO  impl.LeaderElection (LeaderElection.java:askForVotes(182)) - 4265dd55-646c-4571-a7aa-5a5e7479765c@group-05686909FD22:LeaderElection280: begin an election at term 1 for -1: [4265dd55-646c-4571-a7aa-5a5e7479765c:192.168.151.73:40282], old=null
2019-09-25 12:06:36,340 [27e0b7c9-1b57-4073-b643-4210ac739ea7@group-5E20908DD553:LeaderElection279] INFO  impl.LeaderElection (LeaderElection.java:askForVotes(182)) - 27e0b7c9-1b57-4073-b643-4210ac739ea7@group-5E20908DD553:LeaderElection279: begin an election at term 1 for -1: [27e0b7c9-1b57-4073-b643-4210ac739ea7:192.168.151.73:38945], old=null
2019-09-25 12:06:36,340 [4265dd55-646c-4571-a7aa-5a5e7479765c@group-05686909FD22:LeaderElection280] INFO  impl.RoleInfo (RoleInfo.java:shutdownLeaderElection(134)) - 4265dd55-646c-4571-a7aa-5a5e7479765c: shutdown LeaderElection
2019-09-25 12:06:36,341 [27e0b7c9-1b57-4073-b643-4210ac739ea7@group-5E20908DD553:LeaderElection279] INFO  impl.RoleInfo (RoleInfo.java:shutdownLeaderElection(134)) - 27e0b7c9-1b57-4073-b643-4210ac739ea7: shutdown LeaderElection
2019-09-25 12:06:36,341 [4265dd55-646c-4571-a7aa-5a5e7479765c@group-05686909FD22:LeaderElection280] INFO  impl.RaftServerImpl (RaftServerImpl.java:setRole(174)) - 4265dd55-646c-4571-a7aa-5a5e7479765c@group-05686909FD22: changes role from CANDIDATE to LEADER at term 1 for changeToLeader
2019-09-25 12:06:36,341 [27e0b7c9-1b57-4073-b643-4210ac739ea7@group-5E20908DD553:LeaderElection279] INFO  impl.RaftServerImpl (RaftServerImpl.java:setRole(174)) - 27e0b7c9-1b57-4073-b643-4210ac739ea7@group-5E20908DD553: changes role from CANDIDATE to LEADER at term 1 for changeToLeader
2019-09-25 12:06:36,341 [4265dd55-646c-4571-a7aa-5a5e7479765c@group-05686909FD22:LeaderElection280] INFO  impl.RaftServerImpl (ServerState.java:setLeader(253)) - 4265dd55-646c-4571-a7aa-5a5e7479765c@group-05686909FD22: change Leader from null to 4265dd55-646c-4571-a7aa-5a5e7479765c at term 1 for becomeLeader, leader elected after 5171ms
2019-09-25 12:06:36,341 [27e0b7c9-1b57-4073-b643-4210ac739ea7@group-5E20908DD553:LeaderElection279] INFO  impl.RaftServerImpl (ServerState.java:setLeader(253)) - 27e0b7c9-1b57-4073-b643-4210ac739ea7@group-5E20908DD553: change Leader from null to 27e0b7c9-1b57-4073-b643-4210ac739ea7 at term 1 for becomeLeader, leader elected after 5213ms
2019-09-25 12:06:36,341 [4265dd55-646c-4571-a7aa-5a5e7479765c@group-05686909FD22:LeaderElection280] INFO  server.RaftServerConfigKeys (ConfUtils.java:logGet(43)) - raft.server.staging.catchup.gap = 1000 (default)
2019-09-25 12:06:36,341 [27e0b7c9-1b57-4073-b643-4210ac739ea7@group-5E20908DD553:LeaderElection279] INFO  server.RaftServerConfigKeys (ConfUtils.java:logGet(43)) - raft.server.staging.catchup.gap = 1000 (default)
2019-09-25 12:06:36,341 [4265dd55-646c-4571-a7aa-5a5e7479765c@group-05686909FD22:LeaderElection280] INFO  server.RaftServerConfigKeys (ConfUtils.java:logGet(43)) - raft.server.rpc.sleep.time = 25ms (default)
2019-09-25 12:06:36,341 [27e0b7c9-1b57-4073-b643-4210ac739ea7@group-5E20908DD553:LeaderElection279] INFO  server.RaftServerConfigKeys (ConfUtils.java:logGet(43)) - raft.server.rpc.sleep.time = 25ms (default)
2019-09-25 12:06:36,342 [4265dd55-646c-4571-a7aa-5a5e7479765c@group-05686909FD22:LeaderElection280] INFO  server.RaftServerConfigKeys (ConfUtils.java:logGet(43)) - raft.server.write.element-limit = 4096 (default)
2019-09-25 12:06:36,342 [27e0b7c9-1b57-4073-b643-4210ac739ea7@group-5E20908DD553:LeaderElection279] INFO  server.RaftServerConfigKeys (ConfUtils.java:logGet(43)) - raft.server.write.element-limit = 4096 (default)
2019-09-25 12:06:36,342 [4265dd55-646c-4571-a7aa-5a5e7479765c@group-05686909FD22:LeaderElection280] INFO  server.RaftServerConfigKeys (ConfUtils.java:logGet(43)) - raft.server.watch.timeout = 10s (default)
2019-09-25 12:06:36,342 [27e0b7c9-1b57-4073-b643-4210ac739ea7@group-5E20908DD553:LeaderElection279] INFO  server.RaftServerConfigKeys (ConfUtils.java:logGet(43)) - raft.server.watch.timeout = 10s (default)
2019-09-25 12:06:36,342 [4265dd55-646c-4571-a7aa-5a5e7479765c@group-05686909FD22:LeaderElection280] INFO  server.RaftServerConfigKeys (ConfUtils.java:logGet(43)) - raft.server.watch.timeout.denomination = 1s (default)
2019-09-25 12:06:36,342 [27e0b7c9-1b57-4073-b643-4210ac739ea7@group-5E20908DD553:LeaderElection279] INFO  server.RaftServerConfigKeys (ConfUtils.java:logGet(43)) - raft.server.watch.timeout.denomination = 1s (default)
2019-09-25 12:06:36,342 [4265dd55-646c-4571-a7aa-5a5e7479765c@group-05686909FD22:LeaderElection280] INFO  server.RaftServerConfigKeys (ConfUtils.java:logGet(43)) - raft.server.watch.element-limit = 65536 (default)
2019-09-25 12:06:36,342 [27e0b7c9-1b57-4073-b643-4210ac739ea7@group-5E20908DD553:LeaderElection279] INFO  server.RaftServerConfigKeys (ConfUtils.java:logGet(43)) - raft.server.watch.element-limit = 65536 (default)
2019-09-25 12:06:36,345 [4265dd55-646c-4571-a7aa-5a5e7479765c@group-05686909FD22:LeaderElection280] INFO  impl.RoleInfo (RoleInfo.java:updateAndGet(143)) - 4265dd55-646c-4571-a7aa-5a5e7479765c: start LeaderState
2019-09-25 12:06:36,345 [27e0b7c9-1b57-4073-b643-4210ac739ea7@group-5E20908DD553:LeaderElection279] INFO  impl.RoleInfo (RoleInfo.java:updateAndGet(143)) - 27e0b7c9-1b57-4073-b643-4210ac739ea7: start LeaderState
2019-09-25 12:06:36,345 [4265dd55-646c-4571-a7aa-5a5e7479765c@group-05686909FD22:LeaderElection280] INFO  segmented.SegmentedRaftLogWorker (SegmentedRaftLogWorker.java:startLogSegment(380)) - 4265dd55-646c-4571-a7aa-5a5e7479765c@group-05686909FD22-SegmentedRaftLogWorker: Starting segment from index:0
2019-09-25 12:06:36,345 [27e0b7c9-1b57-4073-b643-4210ac739ea7@group-5E20908DD553:LeaderElection279] INFO  segmented.SegmentedRaftLogWorker (SegmentedRaftLogWorker.java:startLogSegment(380)) - 27e0b7c9-1b57-4073-b643-4210ac739ea7@group-5E20908DD553-SegmentedRaftLogWorker: Starting segment from index:0
2019-09-25 12:06:36,346 [4265dd55-646c-4571-a7aa-5a5e7479765c@group-05686909FD22:LeaderElection280] INFO  impl.RaftServerImpl (ServerState.java:setRaftConf(354)) - 4265dd55-646c-4571-a7aa-5a5e7479765c@group-05686909FD22: set configuration 0: [4265dd55-646c-4571-a7aa-5a5e7479765c:192.168.151.73:40282], old=null at 0
2019-09-25 12:06:36,346 [27e0b7c9-1b57-4073-b643-4210ac739ea7@group-5E20908DD553:LeaderElection279] INFO  impl.RaftServerImpl (ServerState.java:setRaftConf(354)) - 27e0b7c9-1b57-4073-b643-4210ac739ea7@group-5E20908DD553: set configuration 0: [27e0b7c9-1b57-4073-b643-4210ac739ea7:192.168.151.73:38945], old=null at 0
2019-09-25 12:06:36,369 [4265dd55-646c-4571-a7aa-5a5e7479765c@group-F8909BBD39E1-SegmentedRaftLogWorker] INFO  segmented.SegmentedRaftLogWorker (SegmentedRaftLogWorker.java:execute(569)) - 4265dd55-646c-4571-a7aa-5a5e7479765c@group-F8909BBD39E1-SegmentedRaftLogWorker: created new log segment /workdir/hadoop-ozone/integration-test/target/test-dir/MiniOzoneClusterImpl-587876f3-3d98-4cc8-9a43-bf4d205d7dbe/datanode-2/data/ratis/53b7a6ba-2ee8-4b57-b236-f8909bbd39e1/current/log_inprogress_0
2019-09-25 12:06:36,378 [Thread-3594] INFO  impl.FollowerState (FollowerState.java:run(106)) - 27e0b7c9-1b57-4073-b643-4210ac739ea7:group-FA8A0977EC2F changes to CANDIDATE, lastRpcTime:5130, electionTimeout:5130ms
2019-09-25 12:06:36,378 [Thread-3594] INFO  impl.RoleInfo (RoleInfo.java:shutdownFollowerState(121)) - 27e0b7c9-1b57-4073-b643-4210ac739ea7: shutdown FollowerState
2019-09-25 12:06:36,378 [Thread-3594] INFO  impl.RaftServerImpl (RaftServerImpl.java:setRole(174)) - 27e0b7c9-1b57-4073-b643-4210ac739ea7@group-FA8A0977EC2F: changes role from  FOLLOWER to CANDIDATE at term 0 for changeToCandidate
2019-09-25 12:06:36,378 [Thread-3594] INFO  impl.RoleInfo (RoleInfo.java:updateAndGet(143)) - 27e0b7c9-1b57-4073-b643-4210ac739ea7: start LeaderElection
2019-09-25 12:06:36,392 [Thread-3600] INFO  impl.FollowerState (FollowerState.java:run(106)) - d587b3c4-6743-4f9b-a5f7-0e55334fa092:group-85B598E2BBA9 changes to CANDIDATE, lastRpcTime:5055, electionTimeout:5055ms
2019-09-25 12:06:36,392 [Thread-3600] INFO  impl.RoleInfo (RoleInfo.java:shutdownFollowerState(121)) - d587b3c4-6743-4f9b-a5f7-0e55334fa092: shutdown FollowerState
2019-09-25 12:06:36,392 [Thread-3600] INFO  impl.RaftServerImpl (RaftServerImpl.java:setRole(174)) - d587b3c4-6743-4f9b-a5f7-0e55334fa092@group-85B598E2BBA9: changes role from  FOLLOWER to CANDIDATE at term 0 for changeToCandidate
2019-09-25 12:06:36,392 [Thread-3600] INFO  impl.RoleInfo (RoleInfo.java:updateAndGet(143)) - d587b3c4-6743-4f9b-a5f7-0e55334fa092: start LeaderElection
2019-09-25 12:06:36,394 [4265dd55-646c-4571-a7aa-5a5e7479765c@group-05686909FD22-SegmentedRaftLogWorker] INFO  segmented.SegmentedRaftLogWorker (SegmentedRaftLogWorker.java:execute(569)) - 4265dd55-646c-4571-a7aa-5a5e7479765c@group-05686909FD22-SegmentedRaftLogWorker: created new log segment /workdir/hadoop-ozone/integration-test/target/test-dir/MiniOzoneClusterImpl-587876f3-3d98-4cc8-9a43-bf4d205d7dbe/datanode-2/data/ratis/5eb04cdd-a454-4a61-9d7b-05686909fd22/current/log_inprogress_0
2019-09-25 12:06:36,394 [27e0b7c9-1b57-4073-b643-4210ac739ea7@group-FA8A0977EC2F:LeaderElection281] INFO  impl.LeaderElection (LeaderElection.java:askForVotes(182)) - 27e0b7c9-1b57-4073-b643-4210ac739ea7@group-FA8A0977EC2F:LeaderElection281: begin an election at term 1 for -1: [27e0b7c9-1b57-4073-b643-4210ac739ea7:192.168.151.73:38945], old=null
2019-09-25 12:06:36,394 [27e0b7c9-1b57-4073-b643-4210ac739ea7@group-FA8A0977EC2F:LeaderElection281] INFO  impl.RoleInfo (RoleInfo.java:shutdownLeaderElection(134)) - 27e0b7c9-1b57-4073-b643-4210ac739ea7: shutdown LeaderElection
2019-09-25 12:06:36,394 [27e0b7c9-1b57-4073-b643-4210ac739ea7@group-FA8A0977EC2F:LeaderElection281] INFO  impl.RaftServerImpl (RaftServerImpl.java:setRole(174)) - 27e0b7c9-1b57-4073-b643-4210ac739ea7@group-FA8A0977EC2F: changes role from CANDIDATE to LEADER at term 1 for changeToLeader
2019-09-25 12:06:36,394 [27e0b7c9-1b57-4073-b643-4210ac739ea7@group-FA8A0977EC2F:LeaderElection281] INFO  impl.RaftServerImpl (ServerState.java:setLeader(253)) - 27e0b7c9-1b57-4073-b643-4210ac739ea7@group-FA8A0977EC2F: change Leader from null to 27e0b7c9-1b57-4073-b643-4210ac739ea7 at term 1 for becomeLeader, leader elected after 5152ms
2019-09-25 12:06:36,394 [27e0b7c9-1b57-4073-b643-4210ac739ea7@group-FA8A0977EC2F:LeaderElection281] INFO  server.RaftServerConfigKeys (ConfUtils.java:logGet(43)) - raft.server.staging.catchup.gap = 1000 (default)
2019-09-25 12:06:36,395 [27e0b7c9-1b57-4073-b643-4210ac739ea7@group-FA8A0977EC2F:LeaderElection281] INFO  server.RaftServerConfigKeys (ConfUtils.java:logGet(43)) - raft.server.rpc.sleep.time = 25ms (default)
2019-09-25 12:06:36,395 [27e0b7c9-1b57-4073-b643-4210ac739ea7@group-FA8A0977EC2F:LeaderElection281] INFO  server.RaftServerConfigKeys (ConfUtils.java:logGet(43)) - raft.server.write.element-limit = 4096 (default)
2019-09-25 12:06:36,395 [27e0b7c9-1b57-4073-b643-4210ac739ea7@group-FA8A0977EC2F:LeaderElection281] INFO  server.RaftServerConfigKeys (ConfUtils.java:logGet(43)) - raft.server.watch.timeout = 10s (default)
2019-09-25 12:06:36,395 [27e0b7c9-1b57-4073-b643-4210ac739ea7@group-FA8A0977EC2F:LeaderElection281] INFO  server.RaftServerConfigKeys (ConfUtils.java:logGet(43)) - raft.server.watch.timeout.denomination = 1s (default)
2019-09-25 12:06:36,395 [27e0b7c9-1b57-4073-b643-4210ac739ea7@group-FA8A0977EC2F:LeaderElection281] INFO  server.RaftServerConfigKeys (ConfUtils.java:logGet(43)) - raft.server.watch.element-limit = 65536 (default)
2019-09-25 12:06:36,397 [27e0b7c9-1b57-4073-b643-4210ac739ea7@group-FA8A0977EC2F:LeaderElection281] INFO  impl.RoleInfo (RoleInfo.java:updateAndGet(143)) - 27e0b7c9-1b57-4073-b643-4210ac739ea7: start LeaderState
2019-09-25 12:06:36,397 [27e0b7c9-1b57-4073-b643-4210ac739ea7@group-FA8A0977EC2F:LeaderElection281] INFO  segmented.SegmentedRaftLogWorker (SegmentedRaftLogWorker.java:startLogSegment(380)) - 27e0b7c9-1b57-4073-b643-4210ac739ea7@group-FA8A0977EC2F-SegmentedRaftLogWorker: Starting segment from index:0
2019-09-25 12:06:36,398 [27e0b7c9-1b57-4073-b643-4210ac739ea7@group-FA8A0977EC2F:LeaderElection281] INFO  impl.RaftServerImpl (ServerState.java:setRaftConf(354)) - 27e0b7c9-1b57-4073-b643-4210ac739ea7@group-FA8A0977EC2F: set configuration 0: [27e0b7c9-1b57-4073-b643-4210ac739ea7:192.168.151.73:38945], old=null at 0
2019-09-25 12:06:36,398 [27e0b7c9-1b57-4073-b643-4210ac739ea7@group-5E20908DD553-SegmentedRaftLogWorker] INFO  segmented.SegmentedRaftLogWorker (SegmentedRaftLogWorker.java:execute(569)) - 27e0b7c9-1b57-4073-b643-4210ac739ea7@group-5E20908DD553-SegmentedRaftLogWorker: created new log segment /workdir/hadoop-ozone/integration-test/target/test-dir/MiniOzoneClusterImpl-587876f3-3d98-4cc8-9a43-bf4d205d7dbe/datanode-4/data/ratis/5c5c1dfd-f044-484e-ba26-5e20908dd553/current/log_inprogress_0
2019-09-25 12:06:36,398 [d587b3c4-6743-4f9b-a5f7-0e55334fa092@group-85B598E2BBA9:LeaderElection282] INFO  impl.LeaderElection (LeaderElection.java:askForVotes(182)) - d587b3c4-6743-4f9b-a5f7-0e55334fa092@group-85B598E2BBA9:LeaderElection282: begin an election at term 1 for -1: [d587b3c4-6743-4f9b-a5f7-0e55334fa092:192.168.151.73:33163], old=null
2019-09-25 12:06:36,399 [d587b3c4-6743-4f9b-a5f7-0e55334fa092@group-85B598E2BBA9:LeaderElection282] INFO  impl.RoleInfo (RoleInfo.java:shutdownLeaderElection(134)) - d587b3c4-6743-4f9b-a5f7-0e55334fa092: shutdown LeaderElection
2019-09-25 12:06:36,399 [d587b3c4-6743-4f9b-a5f7-0e55334fa092@group-85B598E2BBA9:LeaderElection282] INFO  impl.RaftServerImpl (RaftServerImpl.java:setRole(174)) - d587b3c4-6743-4f9b-a5f7-0e55334fa092@group-85B598E2BBA9: changes role from CANDIDATE to LEADER at term 1 for changeToLeader
2019-09-25 12:06:36,399 [d587b3c4-6743-4f9b-a5f7-0e55334fa092@group-85B598E2BBA9:LeaderElection282] INFO  impl.RaftServerImpl (ServerState.java:setLeader(253)) - d587b3c4-6743-4f9b-a5f7-0e55334fa092@group-85B598E2BBA9: change Leader from null to d587b3c4-6743-4f9b-a5f7-0e55334fa092 at term 1 for becomeLeader, leader elected after 5068ms
2019-09-25 12:06:36,399 [d587b3c4-6743-4f9b-a5f7-0e55334fa092@group-85B598E2BBA9:LeaderElection282] INFO  server.RaftServerConfigKeys (ConfUtils.java:logGet(43)) - raft.server.staging.catchup.gap = 1000 (default)
2019-09-25 12:06:36,399 [d587b3c4-6743-4f9b-a5f7-0e55334fa092@group-85B598E2BBA9:LeaderElection282] INFO  server.RaftServerConfigKeys (ConfUtils.java:logGet(43)) - raft.server.rpc.sleep.time = 25ms (default)
2019-09-25 12:06:36,399 [d587b3c4-6743-4f9b-a5f7-0e55334fa092@group-85B598E2BBA9:LeaderElection282] INFO  server.RaftServerConfigKeys (ConfUtils.java:logGet(43)) - raft.server.write.element-limit = 4096 (default)
2019-09-25 12:06:36,400 [d587b3c4-6743-4f9b-a5f7-0e55334fa092@group-85B598E2BBA9:LeaderElection282] INFO  server.RaftServerConfigKeys (ConfUtils.java:logGet(43)) - raft.server.watch.timeout = 10s (default)
2019-09-25 12:06:36,400 [d587b3c4-6743-4f9b-a5f7-0e55334fa092@group-85B598E2BBA9:LeaderElection282] INFO  server.RaftServerConfigKeys (ConfUtils.java:logGet(43)) - raft.server.watch.timeout.denomination = 1s (default)
2019-09-25 12:06:36,400 [d587b3c4-6743-4f9b-a5f7-0e55334fa092@group-85B598E2BBA9:LeaderElection282] INFO  server.RaftServerConfigKeys (ConfUtils.java:logGet(43)) - raft.server.watch.element-limit = 65536 (default)
2019-09-25 12:06:36,401 [d587b3c4-6743-4f9b-a5f7-0e55334fa092@group-85B598E2BBA9:LeaderElection282] INFO  impl.RoleInfo (RoleInfo.java:updateAndGet(143)) - d587b3c4-6743-4f9b-a5f7-0e55334fa092: start LeaderState
2019-09-25 12:06:36,402 [d587b3c4-6743-4f9b-a5f7-0e55334fa092@group-85B598E2BBA9:LeaderElection282] INFO  segmented.SegmentedRaftLogWorker (SegmentedRaftLogWorker.java:startLogSegment(380)) - d587b3c4-6743-4f9b-a5f7-0e55334fa092@group-85B598E2BBA9-SegmentedRaftLogWorker: Starting segment from index:0
2019-09-25 12:06:36,402 [d587b3c4-6743-4f9b-a5f7-0e55334fa092@group-85B598E2BBA9:LeaderElection282] INFO  impl.RaftServerImpl (ServerState.java:setRaftConf(354)) - d587b3c4-6743-4f9b-a5f7-0e55334fa092@group-85B598E2BBA9: set configuration 0: [d587b3c4-6743-4f9b-a5f7-0e55334fa092:192.168.151.73:33163], old=null at 0
2019-09-25 12:06:36,435 [Thread-3597] INFO  impl.FollowerState (FollowerState.java:run(106)) - 45cd06ff-25a2-484c-ae07-8678dc67fe17:group-6B6F72F82C6A changes to CANDIDATE, lastRpcTime:5165, electionTimeout:5165ms
2019-09-25 12:06:36,435 [Thread-3597] INFO  impl.RoleInfo (RoleInfo.java:shutdownFollowerState(121)) - 45cd06ff-25a2-484c-ae07-8678dc67fe17: shutdown FollowerState
2019-09-25 12:06:36,435 [Thread-3597] INFO  impl.RaftServerImpl (RaftServerImpl.java:setRole(174)) - 45cd06ff-25a2-484c-ae07-8678dc67fe17@group-6B6F72F82C6A: changes role from  FOLLOWER to CANDIDATE at term 0 for changeToCandidate
2019-09-25 12:06:36,436 [Thread-3597] INFO  impl.RoleInfo (RoleInfo.java:updateAndGet(143)) - 45cd06ff-25a2-484c-ae07-8678dc67fe17: start LeaderElection
2019-09-25 12:06:36,447 [d587b3c4-6743-4f9b-a5f7-0e55334fa092@group-85B598E2BBA9-SegmentedRaftLogWorker] INFO  segmented.SegmentedRaftLogWorker (SegmentedRaftLogWorker.java:execute(569)) - d587b3c4-6743-4f9b-a5f7-0e55334fa092@group-85B598E2BBA9-SegmentedRaftLogWorker: created new log segment /workdir/hadoop-ozone/integration-test/target/test-dir/MiniOzoneClusterImpl-587876f3-3d98-4cc8-9a43-bf4d205d7dbe/datanode-5/data/ratis/c70d88ab-c866-4911-b76f-85b598e2bba9/current/log_inprogress_0
2019-09-25 12:06:36,447 [45cd06ff-25a2-484c-ae07-8678dc67fe17@group-6B6F72F82C6A:LeaderElection283] INFO  impl.LeaderElection (LeaderElection.java:askForVotes(182)) - 45cd06ff-25a2-484c-ae07-8678dc67fe17@group-6B6F72F82C6A:LeaderElection283: begin an election at term 1 for -1: [45cd06ff-25a2-484c-ae07-8678dc67fe17:192.168.151.73:40405], old=null
2019-09-25 12:06:36,447 [27e0b7c9-1b57-4073-b643-4210ac739ea7@group-FA8A0977EC2F-SegmentedRaftLogWorker] INFO  segmented.SegmentedRaftLogWorker (SegmentedRaftLogWorker.java:execute(569)) - 27e0b7c9-1b57-4073-b643-4210ac739ea7@group-FA8A0977EC2F-SegmentedRaftLogWorker: created new log segment /workdir/hadoop-ozone/integration-test/target/test-dir/MiniOzoneClusterImpl-587876f3-3d98-4cc8-9a43-bf4d205d7dbe/datanode-4/data/ratis/02db25e6-bcd9-438f-92b4-fa8a0977ec2f/current/log_inprogress_0
2019-09-25 12:06:36,448 [45cd06ff-25a2-484c-ae07-8678dc67fe17@group-6B6F72F82C6A:LeaderElection283] INFO  impl.RoleInfo (RoleInfo.java:shutdownLeaderElection(134)) - 45cd06ff-25a2-484c-ae07-8678dc67fe17: shutdown LeaderElection
2019-09-25 12:06:36,448 [45cd06ff-25a2-484c-ae07-8678dc67fe17@group-6B6F72F82C6A:LeaderElection283] INFO  impl.RaftServerImpl (RaftServerImpl.java:setRole(174)) - 45cd06ff-25a2-484c-ae07-8678dc67fe17@group-6B6F72F82C6A: changes role from CANDIDATE to LEADER at term 1 for changeToLeader
2019-09-25 12:06:36,448 [45cd06ff-25a2-484c-ae07-8678dc67fe17@group-6B6F72F82C6A:LeaderElection283] INFO  impl.RaftServerImpl (ServerState.java:setLeader(253)) - 45cd06ff-25a2-484c-ae07-8678dc67fe17@group-6B6F72F82C6A: change Leader from null to 45cd06ff-25a2-484c-ae07-8678dc67fe17 at term 1 for becomeLeader, leader elected after 5184ms
2019-09-25 12:06:36,448 [45cd06ff-25a2-484c-ae07-8678dc67fe17@group-6B6F72F82C6A:LeaderElection283] INFO  server.RaftServerConfigKeys (ConfUtils.java:logGet(43)) - raft.server.staging.catchup.gap = 1000 (default)
2019-09-25 12:06:36,448 [45cd06ff-25a2-484c-ae07-8678dc67fe17@group-6B6F72F82C6A:LeaderElection283] INFO  server.RaftServerConfigKeys (ConfUtils.java:logGet(43)) - raft.server.rpc.sleep.time = 25ms (default)
2019-09-25 12:06:36,449 [45cd06ff-25a2-484c-ae07-8678dc67fe17@group-6B6F72F82C6A:LeaderElection283] INFO  server.RaftServerConfigKeys (ConfUtils.java:logGet(43)) - raft.server.write.element-limit = 4096 (default)
2019-09-25 12:06:36,449 [45cd06ff-25a2-484c-ae07-8678dc67fe17@group-6B6F72F82C6A:LeaderElection283] INFO  server.RaftServerConfigKeys (ConfUtils.java:logGet(43)) - raft.server.watch.timeout = 10s (default)
2019-09-25 12:06:36,449 [45cd06ff-25a2-484c-ae07-8678dc67fe17@group-6B6F72F82C6A:LeaderElection283] INFO  server.RaftServerConfigKeys (ConfUtils.java:logGet(43)) - raft.server.watch.timeout.denomination = 1s (default)
2019-09-25 12:06:36,449 [45cd06ff-25a2-484c-ae07-8678dc67fe17@group-6B6F72F82C6A:LeaderElection283] INFO  server.RaftServerConfigKeys (ConfUtils.java:logGet(43)) - raft.server.watch.element-limit = 65536 (default)
2019-09-25 12:06:36,451 [45cd06ff-25a2-484c-ae07-8678dc67fe17@group-6B6F72F82C6A:LeaderElection283] INFO  impl.RoleInfo (RoleInfo.java:updateAndGet(143)) - 45cd06ff-25a2-484c-ae07-8678dc67fe17: start LeaderState
2019-09-25 12:06:36,451 [45cd06ff-25a2-484c-ae07-8678dc67fe17@group-6B6F72F82C6A:LeaderElection283] INFO  segmented.SegmentedRaftLogWorker (SegmentedRaftLogWorker.java:startLogSegment(380)) - 45cd06ff-25a2-484c-ae07-8678dc67fe17@group-6B6F72F82C6A-SegmentedRaftLogWorker: Starting segment from index:0
2019-09-25 12:06:36,451 [45cd06ff-25a2-484c-ae07-8678dc67fe17@group-6B6F72F82C6A:LeaderElection283] INFO  impl.RaftServerImpl (ServerState.java:setRaftConf(354)) - 45cd06ff-25a2-484c-ae07-8678dc67fe17@group-6B6F72F82C6A: set configuration 0: [45cd06ff-25a2-484c-ae07-8678dc67fe17:192.168.151.73:40405], old=null at 0
2019-09-25 12:06:37,046 [Thread-3642] INFO  impl.FollowerState (FollowerState.java:run(106)) - 5d0cbd75-9945-4b44-9440-546a6022886b:group-8C7BD8BBEF47 changes to CANDIDATE, lastRpcTime:5104, electionTimeout:5043ms
2019-09-25 12:06:37,053 [Thread-3621] INFO  impl.FollowerState (FollowerState.java:run(106)) - 4265dd55-646c-4571-a7aa-5a5e7479765c:group-069D3E3C85C6 changes to CANDIDATE, lastRpcTime:5412, electionTimeout:5149ms
2019-09-25 12:06:37,053 [Thread-3624] INFO  impl.FollowerState (FollowerState.java:run(106)) - d587b3c4-6743-4f9b-a5f7-0e55334fa092:group-CF9237F49159 changes to CANDIDATE, lastRpcTime:5364, electionTimeout:5107ms
2019-09-25 12:06:37,051 [Thread-3645] INFO  impl.FollowerState (FollowerState.java:run(106)) - 5d0cbd75-9945-4b44-9440-546a6022886b:group-1C81891B0930 changes to CANDIDATE, lastRpcTime:5064, electionTimeout:5064ms
2019-09-25 12:06:37,051 [Thread-3627] INFO  impl.FollowerState (FollowerState.java:run(106)) - 5d0cbd75-9945-4b44-9440-546a6022886b:group-76C6937C38CF changes to CANDIDATE, lastRpcTime:5314, electionTimeout:5105ms
2019-09-25 12:06:37,050 [Thread-3633] INFO  impl.FollowerState (FollowerState.java:run(106)) - 5d0cbd75-9945-4b44-9440-546a6022886b:group-C04C67C9407E changes to CANDIDATE, lastRpcTime:5243, electionTimeout:5075ms
2019-09-25 12:06:37,122 [Thread-3633] INFO  impl.RoleInfo (RoleInfo.java:shutdownFollowerState(121)) - 5d0cbd75-9945-4b44-9440-546a6022886b: shutdown FollowerState
2019-09-25 12:06:37,048 [Thread-3630] INFO  impl.FollowerState (FollowerState.java:run(106)) - d587b3c4-6743-4f9b-a5f7-0e55334fa092:group-C9383F01BD09 changes to CANDIDATE, lastRpcTime:5273, electionTimeout:5130ms
2019-09-25 12:06:37,127 [Thread-3630] INFO  impl.RoleInfo (RoleInfo.java:shutdownFollowerState(121)) - d587b3c4-6743-4f9b-a5f7-0e55334fa092: shutdown FollowerState
2019-09-25 12:06:37,046 [Thread-3639] INFO  impl.FollowerState (FollowerState.java:run(106)) - d587b3c4-6743-4f9b-a5f7-0e55334fa092:group-F26DDF6DA1FB changes to CANDIDATE, lastRpcTime:5157, electionTimeout:5060ms
2019-09-25 12:06:37,132 [Thread-3639] INFO  impl.RoleInfo (RoleInfo.java:shutdownFollowerState(121)) - d587b3c4-6743-4f9b-a5f7-0e55334fa092: shutdown FollowerState
2019-09-25 12:06:37,046 [Thread-3636] INFO  impl.FollowerState (FollowerState.java:run(106)) - d587b3c4-6743-4f9b-a5f7-0e55334fa092:group-40B4461A255B changes to CANDIDATE, lastRpcTime:5198, electionTimeout:5105ms
2019-09-25 12:06:37,132 [Thread-3639] INFO  impl.RaftServerImpl (RaftServerImpl.java:setRole(174)) - d587b3c4-6743-4f9b-a5f7-0e55334fa092@group-F26DDF6DA1FB: changes role from  FOLLOWER to CANDIDATE at term 0 for changeToCandidate
2019-09-25 12:06:37,127 [Thread-3630] INFO  impl.RaftServerImpl (RaftServerImpl.java:setRole(174)) - d587b3c4-6743-4f9b-a5f7-0e55334fa092@group-C9383F01BD09: changes role from  FOLLOWER to CANDIDATE at term 0 for changeToCandidate
2019-09-25 12:06:37,125 [45cd06ff-25a2-484c-ae07-8678dc67fe17@group-6B6F72F82C6A-SegmentedRaftLogWorker] INFO  segmented.SegmentedRaftLogWorker (SegmentedRaftLogWorker.java:execute(569)) - 45cd06ff-25a2-484c-ae07-8678dc67fe17@group-6B6F72F82C6A-SegmentedRaftLogWorker: created new log segment /workdir/hadoop-ozone/integration-test/target/test-dir/MiniOzoneClusterImpl-587876f3-3d98-4cc8-9a43-bf4d205d7dbe/datanode-3/data/ratis/f30c314d-a53a-4838-afe0-6b6f72f82c6a/current/log_inprogress_0
2019-09-25 12:06:37,122 [Thread-3633] INFO  impl.RaftServerImpl (RaftServerImpl.java:setRole(174)) - 5d0cbd75-9945-4b44-9440-546a6022886b@group-C04C67C9407E: changes role from  FOLLOWER to CANDIDATE at term 0 for changeToCandidate
2019-09-25 12:06:37,116 [Thread-3627] INFO  impl.RoleInfo (RoleInfo.java:shutdownFollowerState(121)) - 5d0cbd75-9945-4b44-9440-546a6022886b: shutdown FollowerState
2019-09-25 12:06:37,109 [Thread-3645] INFO  impl.RoleInfo (RoleInfo.java:shutdownFollowerState(121)) - 5d0cbd75-9945-4b44-9440-546a6022886b: shutdown FollowerState
2019-09-25 12:06:37,138 [Thread-3645] INFO  impl.RaftServerImpl (RaftServerImpl.java:setRole(174)) - 5d0cbd75-9945-4b44-9440-546a6022886b@group-1C81891B0930: changes role from  FOLLOWER to CANDIDATE at term 0 for changeToCandidate
2019-09-25 12:06:37,109 [Thread-3648] INFO  impl.FollowerState (FollowerState.java:run(106)) - 5d0cbd75-9945-4b44-9440-546a6022886b:group-F1E551BAC63E changes to CANDIDATE, lastRpcTime:5088, electionTimeout:5088ms
2019-09-25 12:06:37,142 [Thread-3648] INFO  impl.RoleInfo (RoleInfo.java:shutdownFollowerState(121)) - 5d0cbd75-9945-4b44-9440-546a6022886b: shutdown FollowerState
2019-09-25 12:06:37,103 [Thread-3624] INFO  impl.RoleInfo (RoleInfo.java:shutdownFollowerState(121)) - d587b3c4-6743-4f9b-a5f7-0e55334fa092: shutdown FollowerState
2019-09-25 12:06:37,143 [Thread-3624] INFO  impl.RaftServerImpl (RaftServerImpl.java:setRole(174)) - d587b3c4-6743-4f9b-a5f7-0e55334fa092@group-CF9237F49159: changes role from  FOLLOWER to CANDIDATE at term 0 for changeToCandidate
2019-09-25 12:06:37,101 [Thread-3651] INFO  impl.FollowerState (FollowerState.java:run(106)) - 5d0cbd75-9945-4b44-9440-546a6022886b:group-2A4E73DBD891 changes to CANDIDATE, lastRpcTime:5028, electionTimeout:5001ms
2019-09-25 12:06:37,147 [Thread-3651] INFO  impl.RoleInfo (RoleInfo.java:shutdownFollowerState(121)) - 5d0cbd75-9945-4b44-9440-546a6022886b: shutdown FollowerState
2019-09-25 12:06:37,147 [Thread-3651] INFO  impl.RaftServerImpl (RaftServerImpl.java:setRole(174)) - 5d0cbd75-9945-4b44-9440-546a6022886b@group-2A4E73DBD891: changes role from  FOLLOWER to CANDIDATE at term 0 for changeToCandidate
2019-09-25 12:06:37,063 [Thread-3603] WARN  util.JavaUtils (JavaUtils.java:sleep(250)) - Unexpected long sleep: sleep(5092ms) actually took 5685ms which is over the threshold 300ms
2019-09-25 12:06:37,063 [Thread-3606] WARN  util.JavaUtils (JavaUtils.java:sleep(250)) - Unexpected long sleep: sleep(5148ms) actually took 5643ms which is over the threshold 300ms
2019-09-25 12:06:37,059 [Thread-3621] INFO  impl.RoleInfo (RoleInfo.java:shutdownFollowerState(121)) - 4265dd55-646c-4571-a7aa-5a5e7479765c: shutdown FollowerState
2019-09-25 12:06:37,148 [Thread-3621] INFO  impl.RaftServerImpl (RaftServerImpl.java:setRole(174)) - 4265dd55-646c-4571-a7aa-5a5e7479765c@group-069D3E3C85C6: changes role from  FOLLOWER to CANDIDATE at term 0 for changeToCandidate
2019-09-25 12:06:37,058 [Thread-3609] WARN  util.JavaUtils (JavaUtils.java:sleep(250)) - Unexpected long sleep: sleep(5174ms) actually took 5601ms which is over the threshold 300ms
2019-09-25 12:06:37,058 [Thread-3612] WARN  util.JavaUtils (JavaUtils.java:sleep(250)) - Unexpected long sleep: sleep(5194ms) actually took 5560ms which is over the threshold 300ms
2019-09-25 12:06:37,055 [Thread-3615] INFO  impl.FollowerState (FollowerState.java:run(106)) - 45cd06ff-25a2-484c-ae07-8678dc67fe17:group-D3D998CFFEBC changes to CANDIDATE, lastRpcTime:5495, electionTimeout:5197ms
2019-09-25 12:06:37,054 [Thread-3618] INFO  impl.FollowerState (FollowerState.java:run(106)) - 45cd06ff-25a2-484c-ae07-8678dc67fe17:group-8D7425402A93 changes to CANDIDATE, lastRpcTime:5454, electionTimeout:5164ms
2019-09-25 12:06:37,158 [Thread-3618] INFO  impl.RoleInfo (RoleInfo.java:shutdownFollowerState(121)) - 45cd06ff-25a2-484c-ae07-8678dc67fe17: shutdown FollowerState
2019-09-25 12:06:37,054 [Thread-3642] INFO  impl.RoleInfo (RoleInfo.java:shutdownFollowerState(121)) - 5d0cbd75-9945-4b44-9440-546a6022886b: shutdown FollowerState
2019-09-25 12:06:37,158 [Thread-3618] INFO  impl.RaftServerImpl (RaftServerImpl.java:setRole(174)) - 45cd06ff-25a2-484c-ae07-8678dc67fe17@group-8D7425402A93: changes role from  FOLLOWER to CANDIDATE at term 0 for changeToCandidate
2019-09-25 12:06:37,152 [Thread-3615] INFO  impl.RoleInfo (RoleInfo.java:shutdownFollowerState(121)) - 45cd06ff-25a2-484c-ae07-8678dc67fe17: shutdown FollowerState
2019-09-25 12:06:37,148 [Thread-3621] INFO  impl.RoleInfo (RoleInfo.java:updateAndGet(143)) - 4265dd55-646c-4571-a7aa-5a5e7479765c: start LeaderElection
2019-09-25 12:06:37,147 [Thread-3651] INFO  impl.RoleInfo (RoleInfo.java:updateAndGet(143)) - 5d0cbd75-9945-4b44-9440-546a6022886b: start LeaderElection
2019-09-25 12:06:37,143 [Thread-3624] INFO  impl.RoleInfo (RoleInfo.java:updateAndGet(143)) - d587b3c4-6743-4f9b-a5f7-0e55334fa092: start LeaderElection
2019-09-25 12:06:37,142 [Thread-3648] INFO  impl.RaftServerImpl (RaftServerImpl.java:setRole(174)) - 5d0cbd75-9945-4b44-9440-546a6022886b@group-F1E551BAC63E: changes role from  FOLLOWER to CANDIDATE at term 0 for changeToCandidate
2019-09-25 12:06:37,138 [Thread-3645] INFO  impl.RoleInfo (RoleInfo.java:updateAndGet(143)) - 5d0cbd75-9945-4b44-9440-546a6022886b: start LeaderElection
2019-09-25 12:06:37,138 [Thread-3627] INFO  impl.RaftServerImpl (RaftServerImpl.java:setRole(174)) - 5d0cbd75-9945-4b44-9440-546a6022886b@group-76C6937C38CF: changes role from  FOLLOWER to CANDIDATE at term 0 for changeToCandidate
2019-09-25 12:06:37,138 [Thread-3633] INFO  impl.RoleInfo (RoleInfo.java:updateAndGet(143)) - 5d0cbd75-9945-4b44-9440-546a6022886b: start LeaderElection
2019-09-25 12:06:37,138 [Thread-3630] INFO  impl.RoleInfo (RoleInfo.java:updateAndGet(143)) - d587b3c4-6743-4f9b-a5f7-0e55334fa092: start LeaderElection
2019-09-25 12:06:37,138 [Thread-3639] INFO  impl.RoleInfo (RoleInfo.java:updateAndGet(143)) - d587b3c4-6743-4f9b-a5f7-0e55334fa092: start LeaderElection
2019-09-25 12:06:37,137 [Thread-3636] INFO  impl.RoleInfo (RoleInfo.java:shutdownFollowerState(121)) - d587b3c4-6743-4f9b-a5f7-0e55334fa092: shutdown FollowerState
2019-09-25 12:06:37,158 [Thread-3615] INFO  impl.RaftServerImpl (RaftServerImpl.java:setRole(174)) - 45cd06ff-25a2-484c-ae07-8678dc67fe17@group-D3D998CFFEBC: changes role from  FOLLOWER to CANDIDATE at term 0 for changeToCandidate
2019-09-25 12:06:37,158 [Thread-3618] INFO  impl.RoleInfo (RoleInfo.java:updateAndGet(143)) - 45cd06ff-25a2-484c-ae07-8678dc67fe17: start LeaderElection
2019-09-25 12:06:37,158 [Thread-3642] INFO  impl.RaftServerImpl (RaftServerImpl.java:setRole(174)) - 5d0cbd75-9945-4b44-9440-546a6022886b@group-8C7BD8BBEF47: changes role from  FOLLOWER to CANDIDATE at term 0 for changeToCandidate
2019-09-25 12:06:37,160 [Thread-3636] INFO  impl.RaftServerImpl (RaftServerImpl.java:setRole(174)) - d587b3c4-6743-4f9b-a5f7-0e55334fa092@group-40B4461A255B: changes role from  FOLLOWER to CANDIDATE at term 0 for changeToCandidate
2019-09-25 12:06:37,167 [Thread-3636] INFO  impl.RoleInfo (RoleInfo.java:updateAndGet(143)) - d587b3c4-6743-4f9b-a5f7-0e55334fa092: start LeaderElection
2019-09-25 12:06:37,167 [Thread-3642] INFO  impl.RoleInfo (RoleInfo.java:updateAndGet(143)) - 5d0cbd75-9945-4b44-9440-546a6022886b: start LeaderElection
2019-09-25 12:06:37,177 [Thread-3615] INFO  impl.RoleInfo (RoleInfo.java:updateAndGet(143)) - 45cd06ff-25a2-484c-ae07-8678dc67fe17: start LeaderElection
2019-09-25 12:06:37,205 [Thread-3627] INFO  impl.RoleInfo (RoleInfo.java:updateAndGet(143)) - 5d0cbd75-9945-4b44-9440-546a6022886b: start LeaderElection
2019-09-25 12:06:37,213 [Thread-3648] INFO  impl.RoleInfo (RoleInfo.java:updateAndGet(143)) - 5d0cbd75-9945-4b44-9440-546a6022886b: start LeaderElection
2019-09-25 12:06:37,220 [45cd06ff-25a2-484c-ae07-8678dc67fe17@group-8D7425402A93:LeaderElection291] INFO  impl.LeaderElection (LeaderElection.java:askForVotes(182)) - 45cd06ff-25a2-484c-ae07-8678dc67fe17@group-8D7425402A93:LeaderElection291: begin an election at term 1 for -1: [45cd06ff-25a2-484c-ae07-8678dc67fe17:192.168.151.73:40405], old=null
2019-09-25 12:06:37,220 [45cd06ff-25a2-484c-ae07-8678dc67fe17@group-8D7425402A93:LeaderElection291] INFO  impl.RoleInfo (RoleInfo.java:shutdownLeaderElection(134)) - 45cd06ff-25a2-484c-ae07-8678dc67fe17: shutdown LeaderElection
2019-09-25 12:06:37,221 [45cd06ff-25a2-484c-ae07-8678dc67fe17@group-8D7425402A93:LeaderElection291] INFO  impl.RaftServerImpl (RaftServerImpl.java:setRole(174)) - 45cd06ff-25a2-484c-ae07-8678dc67fe17@group-8D7425402A93: changes role from CANDIDATE to LEADER at term 1 for changeToLeader
2019-09-25 12:06:37,221 [45cd06ff-25a2-484c-ae07-8678dc67fe17@group-8D7425402A93:LeaderElection291] INFO  impl.RaftServerImpl (ServerState.java:setLeader(253)) - 45cd06ff-25a2-484c-ae07-8678dc67fe17@group-8D7425402A93: change Leader from null to 45cd06ff-25a2-484c-ae07-8678dc67fe17 at term 1 for becomeLeader, leader elected after 5625ms
2019-09-25 12:06:37,221 [45cd06ff-25a2-484c-ae07-8678dc67fe17@group-8D7425402A93:LeaderElection291] INFO  server.RaftServerConfigKeys (ConfUtils.java:logGet(43)) - raft.server.staging.catchup.gap = 1000 (default)
2019-09-25 12:06:37,221 [45cd06ff-25a2-484c-ae07-8678dc67fe17@group-8D7425402A93:LeaderElection291] INFO  server.RaftServerConfigKeys (ConfUtils.java:logGet(43)) - raft.server.rpc.sleep.time = 25ms (default)
2019-09-25 12:06:37,231 [45cd06ff-25a2-484c-ae07-8678dc67fe17@group-8D7425402A93:LeaderElection291] INFO  server.RaftServerConfigKeys (ConfUtils.java:logGet(43)) - raft.server.write.element-limit = 4096 (default)
2019-09-25 12:06:37,231 [45cd06ff-25a2-484c-ae07-8678dc67fe17@group-8D7425402A93:LeaderElection291] INFO  server.RaftServerConfigKeys (ConfUtils.java:logGet(43)) - raft.server.watch.timeout = 10s (default)
2019-09-25 12:06:37,231 [45cd06ff-25a2-484c-ae07-8678dc67fe17@group-8D7425402A93:LeaderElection291] INFO  server.RaftServerConfigKeys (ConfUtils.java:logGet(43)) - raft.server.watch.timeout.denomination = 1s (default)
2019-09-25 12:06:37,231 [45cd06ff-25a2-484c-ae07-8678dc67fe17@group-8D7425402A93:LeaderElection291] INFO  server.RaftServerConfigKeys (ConfUtils.java:logGet(43)) - raft.server.watch.element-limit = 65536 (default)
2019-09-25 12:06:37,250 [4265dd55-646c-4571-a7aa-5a5e7479765c@group-069D3E3C85C6:LeaderElection290] INFO  impl.LeaderElection (LeaderElection.java:askForVotes(182)) - 4265dd55-646c-4571-a7aa-5a5e7479765c@group-069D3E3C85C6:LeaderElection290: begin an election at term 1 for -1: [4265dd55-646c-4571-a7aa-5a5e7479765c:192.168.151.73:40282], old=null
2019-09-25 12:06:37,250 [4265dd55-646c-4571-a7aa-5a5e7479765c@group-069D3E3C85C6:LeaderElection290] INFO  impl.RoleInfo (RoleInfo.java:shutdownLeaderElection(134)) - 4265dd55-646c-4571-a7aa-5a5e7479765c: shutdown LeaderElection
2019-09-25 12:06:37,250 [4265dd55-646c-4571-a7aa-5a5e7479765c@group-069D3E3C85C6:LeaderElection290] INFO  impl.RaftServerImpl (RaftServerImpl.java:setRole(174)) - 4265dd55-646c-4571-a7aa-5a5e7479765c@group-069D3E3C85C6: changes role from CANDIDATE to LEADER at term 1 for changeToLeader
2019-09-25 12:06:37,250 [4265dd55-646c-4571-a7aa-5a5e7479765c@group-069D3E3C85C6:LeaderElection290] INFO  impl.RaftServerImpl (ServerState.java:setLeader(253)) - 4265dd55-646c-4571-a7aa-5a5e7479765c@group-069D3E3C85C6: change Leader from null to 4265dd55-646c-4571-a7aa-5a5e7479765c at term 1 for becomeLeader, leader elected after 5614ms
2019-09-25 12:06:37,250 [4265dd55-646c-4571-a7aa-5a5e7479765c@group-069D3E3C85C6:LeaderElection290] INFO  server.RaftServerConfigKeys (ConfUtils.java:logGet(43)) - raft.server.staging.catchup.gap = 1000 (default)
2019-09-25 12:06:37,251 [4265dd55-646c-4571-a7aa-5a5e7479765c@group-069D3E3C85C6:LeaderElection290] INFO  server.RaftServerConfigKeys (ConfUtils.java:logGet(43)) - raft.server.rpc.sleep.time = 25ms (default)
2019-09-25 12:06:37,252 [main] INFO  ozoneimpl.OzoneContainer (OzoneContainer.java:stop(231)) - Attempting to stop container services.
2019-09-25 12:06:37,277 [4265dd55-646c-4571-a7aa-5a5e7479765c@group-069D3E3C85C6:LeaderElection290] INFO  server.RaftServerConfigKeys (ConfUtils.java:logGet(43)) - raft.server.write.element-limit = 4096 (default)
2019-09-25 12:06:37,277 [main] INFO  impl.RaftServerProxy (RaftServerProxy.java:lambda$close$4(314)) - 27e0b7c9-1b57-4073-b643-4210ac739ea7: close
2019-09-25 12:06:37,277 [4265dd55-646c-4571-a7aa-5a5e7479765c@group-069D3E3C85C6:LeaderElection290] INFO  server.RaftServerConfigKeys (ConfUtils.java:logGet(43)) - raft.server.watch.timeout = 10s (default)
2019-09-25 12:06:37,277 [ForkJoinPool.commonPool-worker-0] INFO  ozoneimpl.OzoneContainer (OzoneContainer.java:stop(231)) - Attempting to stop container services.
2019-09-25 12:06:37,281 [4265dd55-646c-4571-a7aa-5a5e7479765c@group-069D3E3C85C6:LeaderElection290] INFO  server.RaftServerConfigKeys (ConfUtils.java:logGet(43)) - raft.server.watch.timeout.denomination = 1s (default)
2019-09-25 12:06:37,281 [main] INFO  impl.RaftServerImpl (RaftServerImpl.java:lambda$shutdown$3(251)) - 27e0b7c9-1b57-4073-b643-4210ac739ea7@group-4CF2B4DC54DE: shutdown
2019-09-25 12:06:37,350 [d587b3c4-6743-4f9b-a5f7-0e55334fa092@group-CF9237F49159:LeaderElection288] INFO  impl.LeaderElection (LeaderElection.java:askForVotes(182)) - d587b3c4-6743-4f9b-a5f7-0e55334fa092@group-CF9237F49159:LeaderElection288: begin an election at term 1 for -1: [d587b3c4-6743-4f9b-a5f7-0e55334fa092:192.168.151.73:33163], old=null
2019-09-25 12:06:37,350 [4265dd55-646c-4571-a7aa-5a5e7479765c@group-069D3E3C85C6:LeaderElection290] INFO  server.RaftServerConfigKeys (ConfUtils.java:logGet(43)) - raft.server.watch.element-limit = 65536 (default)
2019-09-25 12:06:37,350 [5d0cbd75-9945-4b44-9440-546a6022886b@group-2A4E73DBD891:LeaderElection289] INFO  impl.LeaderElection (LeaderElection.java:askForVotes(182)) - 5d0cbd75-9945-4b44-9440-546a6022886b@group-2A4E73DBD891:LeaderElection289: begin an election at term 1 for -1: [5d0cbd75-9945-4b44-9440-546a6022886b:192.168.151.73:37067], old=null
2019-09-25 12:06:37,350 [45cd06ff-25a2-484c-ae07-8678dc67fe17@group-D3D998CFFEBC:LeaderElection294] INFO  impl.LeaderElection (LeaderElection.java:askForVotes(182)) - 45cd06ff-25a2-484c-ae07-8678dc67fe17@group-D3D998CFFEBC:LeaderElection294: begin an election at term 1 for -1: [45cd06ff-25a2-484c-ae07-8678dc67fe17:192.168.151.73:40405], old=null
2019-09-25 12:06:37,293 [d587b3c4-6743-4f9b-a5f7-0e55334fa092@group-F26DDF6DA1FB:LeaderElection284] INFO  impl.LeaderElection (LeaderElection.java:askForVotes(182)) - d587b3c4-6743-4f9b-a5f7-0e55334fa092@group-F26DDF6DA1FB:LeaderElection284: begin an election at term 1 for -1: [d587b3c4-6743-4f9b-a5f7-0e55334fa092:192.168.151.73:33163], old=null
2019-09-25 12:06:37,286 [ForkJoinPool.commonPool-worker-0] INFO  impl.RaftServerProxy (RaftServerProxy.java:lambda$close$4(314)) - b31e81a4-9d51-4c30-935b-af8637f1730a: close
2019-09-25 12:06:37,281 [45cd06ff-25a2-484c-ae07-8678dc67fe17@group-8D7425402A93:LeaderElection291] INFO  impl.RoleInfo (RoleInfo.java:updateAndGet(143)) - 45cd06ff-25a2-484c-ae07-8678dc67fe17: start LeaderState
2019-09-25 12:06:37,352 [ForkJoinPool.commonPool-worker-0] INFO  impl.RaftServerImpl (RaftServerImpl.java:lambda$shutdown$3(251)) - b31e81a4-9d51-4c30-935b-af8637f1730a@group-B498315531C2: shutdown
2019-09-25 12:06:37,352 [d587b3c4-6743-4f9b-a5f7-0e55334fa092@group-F26DDF6DA1FB:LeaderElection284] INFO  impl.RoleInfo (RoleInfo.java:shutdownLeaderElection(134)) - d587b3c4-6743-4f9b-a5f7-0e55334fa092: shutdown LeaderElection
2019-09-25 12:06:37,351 [45cd06ff-25a2-484c-ae07-8678dc67fe17@group-D3D998CFFEBC:LeaderElection294] INFO  impl.RoleInfo (RoleInfo.java:shutdownLeaderElection(134)) - 45cd06ff-25a2-484c-ae07-8678dc67fe17: shutdown LeaderElection
2019-09-25 12:06:37,351 [5d0cbd75-9945-4b44-9440-546a6022886b@group-2A4E73DBD891:LeaderElection289] INFO  impl.RoleInfo (RoleInfo.java:shutdownLeaderElection(134)) - 5d0cbd75-9945-4b44-9440-546a6022886b: shutdown LeaderElection
2019-09-25 12:06:37,353 [5d0cbd75-9945-4b44-9440-546a6022886b@group-2A4E73DBD891:LeaderElection289] INFO  impl.RaftServerImpl (RaftServerImpl.java:setRole(174)) - 5d0cbd75-9945-4b44-9440-546a6022886b@group-2A4E73DBD891: changes role from CANDIDATE to LEADER at term 1 for changeToLeader
2019-09-25 12:06:37,351 [d587b3c4-6743-4f9b-a5f7-0e55334fa092@group-CF9237F49159:LeaderElection288] INFO  impl.RoleInfo (RoleInfo.java:shutdownLeaderElection(134)) - d587b3c4-6743-4f9b-a5f7-0e55334fa092: shutdown LeaderElection
2019-09-25 12:06:37,353 [d587b3c4-6743-4f9b-a5f7-0e55334fa092@group-CF9237F49159:LeaderElection288] INFO  impl.RaftServerImpl (RaftServerImpl.java:setRole(174)) - d587b3c4-6743-4f9b-a5f7-0e55334fa092@group-CF9237F49159: changes role from CANDIDATE to LEADER at term 1 for changeToLeader
2019-09-25 12:06:37,353 [d587b3c4-6743-4f9b-a5f7-0e55334fa092@group-CF9237F49159:LeaderElection288] INFO  impl.RaftServerImpl (ServerState.java:setLeader(253)) - d587b3c4-6743-4f9b-a5f7-0e55334fa092@group-CF9237F49159: change Leader from null to d587b3c4-6743-4f9b-a5f7-0e55334fa092 at term 1 for becomeLeader, leader elected after 5669ms
2019-09-25 12:06:37,351 [main] INFO  util.JmxRegister (JmxRegister.java:unregister(73)) - Successfully un-registered JMX Bean with object name Ratis:service=RaftServer,group=group-4CF2B4DC54DE,id=27e0b7c9-1b57-4073-b643-4210ac739ea7
2019-09-25 12:06:37,353 [main] INFO  impl.RoleInfo (RoleInfo.java:shutdownFollowerState(121)) - 27e0b7c9-1b57-4073-b643-4210ac739ea7: shutdown FollowerState
2019-09-25 12:06:37,354 [main] INFO  impl.StateMachineUpdater (StateMachineUpdater.java:stopAndJoin(125)) - 27e0b7c9-1b57-4073-b643-4210ac739ea7@group-4CF2B4DC54DE-StateMachineUpdater: set stopIndex = -1
2019-09-25 12:06:37,354 [main] INFO  impl.RaftServerImpl (ServerState.java:close(385)) - 27e0b7c9-1b57-4073-b643-4210ac739ea7@group-4CF2B4DC54DE: closes. applyIndex: -1
2019-09-25 12:06:37,353 [d587b3c4-6743-4f9b-a5f7-0e55334fa092@group-CF9237F49159:LeaderElection288] INFO  server.RaftServerConfigKeys (ConfUtils.java:logGet(43)) - raft.server.staging.catchup.gap = 1000 (default)
2019-09-25 12:06:37,353 [5d0cbd75-9945-4b44-9440-546a6022886b@group-2A4E73DBD891:LeaderElection289] INFO  impl.RaftServerImpl (ServerState.java:setLeader(253)) - 5d0cbd75-9945-4b44-9440-546a6022886b@group-2A4E73DBD891: change Leader from null to 5d0cbd75-9945-4b44-9440-546a6022886b at term 1 for becomeLeader, leader elected after 5285ms
2019-09-25 12:06:37,353 [4265dd55-646c-4571-a7aa-5a5e7479765c@group-069D3E3C85C6:LeaderElection290] INFO  impl.RoleInfo (RoleInfo.java:updateAndGet(143)) - 4265dd55-646c-4571-a7aa-5a5e7479765c: start LeaderState
2019-09-25 12:06:37,352 [45cd06ff-25a2-484c-ae07-8678dc67fe17@group-D3D998CFFEBC:LeaderElection294] INFO  impl.RaftServerImpl (RaftServerImpl.java:setRole(174)) - 45cd06ff-25a2-484c-ae07-8678dc67fe17@group-D3D998CFFEBC: changes role from CANDIDATE to LEADER at term 1 for changeToLeader
2019-09-25 12:06:37,355 [45cd06ff-25a2-484c-ae07-8678dc67fe17@group-D3D998CFFEBC:LeaderElection294] INFO  impl.RaftServerImpl (ServerState.java:setLeader(253)) - 45cd06ff-25a2-484c-ae07-8678dc67fe17@group-D3D998CFFEBC: change Leader from null to 45cd06ff-25a2-484c-ae07-8678dc67fe17 at term 1 for becomeLeader, leader elected after 5801ms
2019-09-25 12:06:37,352 [d587b3c4-6743-4f9b-a5f7-0e55334fa092@group-F26DDF6DA1FB:LeaderElection284] INFO  impl.RaftServerImpl (RaftServerImpl.java:setRole(174)) - d587b3c4-6743-4f9b-a5f7-0e55334fa092@group-F26DDF6DA1FB: changes role from CANDIDATE to LEADER at term 1 for changeToLeader
2019-09-25 12:06:37,355 [d587b3c4-6743-4f9b-a5f7-0e55334fa092@group-F26DDF6DA1FB:LeaderElection284] INFO  impl.RaftServerImpl (ServerState.java:setLeader(253)) - d587b3c4-6743-4f9b-a5f7-0e55334fa092@group-F26DDF6DA1FB: change Leader from null to d587b3c4-6743-4f9b-a5f7-0e55334fa092 at term 1 for becomeLeader, leader elected after 5472ms
2019-09-25 12:06:37,352 [ForkJoinPool.commonPool-worker-0] INFO  util.JmxRegister (JmxRegister.java:unregister(73)) - Successfully un-registered JMX Bean with object name Ratis:service=RaftServer,group=group-B498315531C2,id=b31e81a4-9d51-4c30-935b-af8637f1730a
2019-09-25 12:06:37,356 [ForkJoinPool.commonPool-worker-0] INFO  impl.RoleInfo (RoleInfo.java:shutdownLeaderState(104)) - b31e81a4-9d51-4c30-935b-af8637f1730a: shutdown LeaderState
2019-09-25 12:06:37,352 [45cd06ff-25a2-484c-ae07-8678dc67fe17@group-8D7425402A93:LeaderElection291] INFO  segmented.SegmentedRaftLogWorker (SegmentedRaftLogWorker.java:startLogSegment(380)) - 45cd06ff-25a2-484c-ae07-8678dc67fe17@group-8D7425402A93-SegmentedRaftLogWorker: Starting segment from index:0
2019-09-25 12:06:37,356 [ForkJoinPool.commonPool-worker-0] INFO  impl.PendingRequests (PendingRequests.java:sendNotLeaderResponses(202)) - b31e81a4-9d51-4c30-935b-af8637f1730a-PendingRequests: sendNotLeaderResponses
2019-09-25 12:06:37,355 [d587b3c4-6743-4f9b-a5f7-0e55334fa092@group-F26DDF6DA1FB:LeaderElection284] INFO  server.RaftServerConfigKeys (ConfUtils.java:logGet(43)) - raft.server.staging.catchup.gap = 1000 (default)
2019-09-25 12:06:37,356 [d587b3c4-6743-4f9b-a5f7-0e55334fa092@group-F26DDF6DA1FB:LeaderElection284] INFO  server.RaftServerConfigKeys (ConfUtils.java:logGet(43)) - raft.server.rpc.sleep.time = 25ms (default)
2019-09-25 12:06:37,355 [45cd06ff-25a2-484c-ae07-8678dc67fe17@group-D3D998CFFEBC:LeaderElection294] INFO  server.RaftServerConfigKeys (ConfUtils.java:logGet(43)) - raft.server.staging.catchup.gap = 1000 (default)
2019-09-25 12:06:37,357 [45cd06ff-25a2-484c-ae07-8678dc67fe17@group-D3D998CFFEBC:LeaderElection294] INFO  server.RaftServerConfigKeys (ConfUtils.java:logGet(43)) - raft.server.rpc.sleep.time = 25ms (default)
2019-09-25 12:06:37,355 [4265dd55-646c-4571-a7aa-5a5e7479765c@group-069D3E3C85C6:LeaderElection290] INFO  segmented.SegmentedRaftLogWorker (SegmentedRaftLogWorker.java:startLogSegment(380)) - 4265dd55-646c-4571-a7aa-5a5e7479765c@group-069D3E3C85C6-SegmentedRaftLogWorker: Starting segment from index:0
2019-09-25 12:06:37,355 [5d0cbd75-9945-4b44-9440-546a6022886b@group-2A4E73DBD891:LeaderElection289] INFO  server.RaftServerConfigKeys (ConfUtils.java:logGet(43)) - raft.server.staging.catchup.gap = 1000 (default)
2019-09-25 12:06:37,355 [d587b3c4-6743-4f9b-a5f7-0e55334fa092@group-CF9237F49159:LeaderElection288] INFO  server.RaftServerConfigKeys (ConfUtils.java:logGet(43)) - raft.server.rpc.sleep.time = 25ms (default)
2019-09-25 12:06:37,354 [27e0b7c9-1b57-4073-b643-4210ac739ea7@group-4CF2B4DC54DE-SegmentedRaftLogWorker] INFO  segmented.SegmentedRaftLogWorker (SegmentedRaftLogWorker.java:run(313)) - 27e0b7c9-1b57-4073-b643-4210ac739ea7@group-4CF2B4DC54DE-SegmentedRaftLogWorker was interrupted, exiting. There are 0 tasks remaining in the queue.
2019-09-25 12:06:37,354 [Thread-3609] INFO  impl.FollowerState (FollowerState.java:run(115)) - 27e0b7c9-1b57-4073-b643-4210ac739ea7: FollowerState was interrupted: java.lang.InterruptedException: sleep interrupted
2019-09-25 12:06:37,358 [main] INFO  segmented.SegmentedRaftLogWorker (SegmentedRaftLogWorker.java:close(228)) - 27e0b7c9-1b57-4073-b643-4210ac739ea7@group-4CF2B4DC54DE-SegmentedRaftLogWorker close()
2019-09-25 12:06:37,357 [d587b3c4-6743-4f9b-a5f7-0e55334fa092@group-CF9237F49159:LeaderElection288] INFO  server.RaftServerConfigKeys (ConfUtils.java:logGet(43)) - raft.server.write.element-limit = 4096 (default)
2019-09-25 12:06:37,357 [5d0cbd75-9945-4b44-9440-546a6022886b@group-2A4E73DBD891:LeaderElection289] INFO  server.RaftServerConfigKeys (ConfUtils.java:logGet(43)) - raft.server.rpc.sleep.time = 25ms (default)
2019-09-25 12:06:37,357 [4265dd55-646c-4571-a7aa-5a5e7479765c@group-069D3E3C85C6:LeaderElection290] INFO  impl.RaftServerImpl (ServerState.java:setRaftConf(354)) - 4265dd55-646c-4571-a7aa-5a5e7479765c@group-069D3E3C85C6: set configuration 0: [4265dd55-646c-4571-a7aa-5a5e7479765c:192.168.151.73:40282], old=null at 0
2019-09-25 12:06:37,357 [45cd06ff-25a2-484c-ae07-8678dc67fe17@group-D3D998CFFEBC:LeaderElection294] INFO  server.RaftServerConfigKeys (ConfUtils.java:logGet(43)) - raft.server.write.element-limit = 4096 (default)
2019-09-25 12:06:37,399 [45cd06ff-25a2-484c-ae07-8678dc67fe17@group-D3D998CFFEBC:LeaderElection294] INFO  server.RaftServerConfigKeys (ConfUtils.java:logGet(43)) - raft.server.watch.timeout = 10s (default)
2019-09-25 12:06:37,357 [d587b3c4-6743-4f9b-a5f7-0e55334fa092@group-F26DDF6DA1FB:LeaderElection284] INFO  server.RaftServerConfigKeys (ConfUtils.java:logGet(43)) - raft.server.write.element-limit = 4096 (default)
2019-09-25 12:06:37,357 [ForkJoinPool.commonPool-worker-0] INFO  impl.StateMachineUpdater (StateMachineUpdater.java:stopAndJoin(125)) - b31e81a4-9d51-4c30-935b-af8637f1730a@group-B498315531C2-StateMachineUpdater: set stopIndex = 0
2019-09-25 12:06:37,399 [ForkJoinPool.commonPool-worker-0] INFO  impl.RaftServerImpl (ServerState.java:close(385)) - b31e81a4-9d51-4c30-935b-af8637f1730a@group-B498315531C2: closes. applyIndex: 0
2019-09-25 12:06:37,356 [45cd06ff-25a2-484c-ae07-8678dc67fe17@group-8D7425402A93:LeaderElection291] INFO  impl.RaftServerImpl (ServerState.java:setRaftConf(354)) - 45cd06ff-25a2-484c-ae07-8678dc67fe17@group-8D7425402A93: set configuration 0: [45cd06ff-25a2-484c-ae07-8678dc67fe17:192.168.151.73:40405], old=null at 0
2019-09-25 12:06:37,400 [b31e81a4-9d51-4c30-935b-af8637f1730a@group-B498315531C2-SegmentedRaftLogWorker] INFO  segmented.SegmentedRaftLogWorker (SegmentedRaftLogWorker.java:run(313)) - b31e81a4-9d51-4c30-935b-af8637f1730a@group-B498315531C2-SegmentedRaftLogWorker was interrupted, exiting. There are 0 tasks remaining in the queue.
2019-09-25 12:06:37,399 [d587b3c4-6743-4f9b-a5f7-0e55334fa092@group-F26DDF6DA1FB:LeaderElection284] INFO  server.RaftServerConfigKeys (ConfUtils.java:logGet(43)) - raft.server.watch.timeout = 10s (default)
2019-09-25 12:06:37,399 [45cd06ff-25a2-484c-ae07-8678dc67fe17@group-D3D998CFFEBC:LeaderElection294] INFO  server.RaftServerConfigKeys (ConfUtils.java:logGet(43)) - raft.server.watch.timeout.denomination = 1s (default)
2019-09-25 12:06:37,398 [5d0cbd75-9945-4b44-9440-546a6022886b@group-2A4E73DBD891:LeaderElection289] INFO  server.RaftServerConfigKeys (ConfUtils.java:logGet(43)) - raft.server.write.element-limit = 4096 (default)
2019-09-25 12:06:37,398 [d587b3c4-6743-4f9b-a5f7-0e55334fa092@group-CF9237F49159:LeaderElection288] INFO  server.RaftServerConfigKeys (ConfUtils.java:logGet(43)) - raft.server.watch.timeout = 10s (default)
2019-09-25 12:06:37,405 [d587b3c4-6743-4f9b-a5f7-0e55334fa092@group-CF9237F49159:LeaderElection288] INFO  server.RaftServerConfigKeys (ConfUtils.java:logGet(43)) - raft.server.watch.timeout.denomination = 1s (default)
2019-09-25 12:06:37,398 [5d0cbd75-9945-4b44-9440-546a6022886b@group-1C81891B0930:LeaderElection287] INFO  impl.LeaderElection (LeaderElection.java:askForVotes(182)) - 5d0cbd75-9945-4b44-9440-546a6022886b@group-1C81891B0930:LeaderElection287: begin an election at term 1 for -1: [5d0cbd75-9945-4b44-9440-546a6022886b:192.168.151.73:37067], old=null
2019-09-25 12:06:37,398 [5d0cbd75-9945-4b44-9440-546a6022886b@group-8C7BD8BBEF47:LeaderElection295] INFO  impl.LeaderElection (LeaderElection.java:askForVotes(182)) - 5d0cbd75-9945-4b44-9440-546a6022886b@group-8C7BD8BBEF47:LeaderElection295: begin an election at term 1 for -1: [5d0cbd75-9945-4b44-9440-546a6022886b:192.168.151.73:37067], old=null
2019-09-25 12:06:37,405 [5d0cbd75-9945-4b44-9440-546a6022886b@group-8C7BD8BBEF47:LeaderElection295] INFO  impl.RoleInfo (RoleInfo.java:shutdownLeaderElection(134)) - 5d0cbd75-9945-4b44-9440-546a6022886b: shutdown LeaderElection
2019-09-25 12:06:37,398 [d587b3c4-6743-4f9b-a5f7-0e55334fa092@group-C9383F01BD09:LeaderElection285] INFO  impl.LeaderElection (LeaderElection.java:askForVotes(182)) - d587b3c4-6743-4f9b-a5f7-0e55334fa092@group-C9383F01BD09:LeaderElection285: begin an election at term 1 for -1: [d587b3c4-6743-4f9b-a5f7-0e55334fa092:192.168.151.73:33163], old=null
2019-09-25 12:06:37,405 [d587b3c4-6743-4f9b-a5f7-0e55334fa092@group-C9383F01BD09:LeaderElection285] INFO  impl.RoleInfo (RoleInfo.java:shutdownLeaderElection(134)) - d587b3c4-6743-4f9b-a5f7-0e55334fa092: shutdown LeaderElection
2019-09-25 12:06:37,398 [5d0cbd75-9945-4b44-9440-546a6022886b@group-76C6937C38CF:LeaderElection293] INFO  impl.LeaderElection (LeaderElection.java:askForVotes(182)) - 5d0cbd75-9945-4b44-9440-546a6022886b@group-76C6937C38CF:LeaderElection293: begin an election at term 1 for -1: [5d0cbd75-9945-4b44-9440-546a6022886b:192.168.151.73:37067], old=null
2019-09-25 12:06:37,398 [5d0cbd75-9945-4b44-9440-546a6022886b@group-C04C67C9407E:LeaderElection286] INFO  impl.LeaderElection (LeaderElection.java:askForVotes(182)) - 5d0cbd75-9945-4b44-9440-546a6022886b@group-C04C67C9407E:LeaderElection286: begin an election at term 1 for -1: [5d0cbd75-9945-4b44-9440-546a6022886b:192.168.151.73:37067], old=null
2019-09-25 12:06:37,398 [d587b3c4-6743-4f9b-a5f7-0e55334fa092@group-40B4461A255B:LeaderElection296] INFO  impl.LeaderElection (LeaderElection.java:askForVotes(182)) - d587b3c4-6743-4f9b-a5f7-0e55334fa092@group-40B4461A255B:LeaderElection296: begin an election at term 1 for -1: [d587b3c4-6743-4f9b-a5f7-0e55334fa092:192.168.151.73:33163], old=null
2019-09-25 12:06:37,398 [5d0cbd75-9945-4b44-9440-546a6022886b@group-F1E551BAC63E:LeaderElection292] INFO  impl.LeaderElection (LeaderElection.java:askForVotes(182)) - 5d0cbd75-9945-4b44-9440-546a6022886b@group-F1E551BAC63E:LeaderElection292: begin an election at term 1 for -1: [5d0cbd75-9945-4b44-9440-546a6022886b:192.168.151.73:37067], old=null
2019-09-25 12:06:37,397 [main] INFO  impl.RaftServerImpl (RaftServerImpl.java:lambda$shutdown$3(251)) - 27e0b7c9-1b57-4073-b643-4210ac739ea7@group-10CEE7306743: shutdown
2019-09-25 12:06:37,406 [5d0cbd75-9945-4b44-9440-546a6022886b@group-F1E551BAC63E:LeaderElection292] INFO  impl.RoleInfo (RoleInfo.java:shutdownLeaderElection(134)) - 5d0cbd75-9945-4b44-9440-546a6022886b: shutdown LeaderElection
2019-09-25 12:06:37,406 [d587b3c4-6743-4f9b-a5f7-0e55334fa092@group-40B4461A255B:LeaderElection296] INFO  impl.RoleInfo (RoleInfo.java:shutdownLeaderElection(134)) - d587b3c4-6743-4f9b-a5f7-0e55334fa092: shutdown LeaderElection
2019-09-25 12:06:37,406 [5d0cbd75-9945-4b44-9440-546a6022886b@group-C04C67C9407E:LeaderElection286] INFO  impl.RoleInfo (RoleInfo.java:shutdownLeaderElection(134)) - 5d0cbd75-9945-4b44-9440-546a6022886b: shutdown LeaderElection
2019-09-25 12:06:37,406 [5d0cbd75-9945-4b44-9440-546a6022886b@group-76C6937C38CF:LeaderElection293] INFO  impl.RoleInfo (RoleInfo.java:shutdownLeaderElection(134)) - 5d0cbd75-9945-4b44-9440-546a6022886b: shutdown LeaderElection
2019-09-25 12:06:37,407 [5d0cbd75-9945-4b44-9440-546a6022886b@group-76C6937C38CF:LeaderElection293] INFO  impl.RaftServerImpl (RaftServerImpl.java:setRole(174)) - 5d0cbd75-9945-4b44-9440-546a6022886b@group-76C6937C38CF: changes role from CANDIDATE to LEADER at term 1 for changeToLeader
2019-09-25 12:06:37,407 [5d0cbd75-9945-4b44-9440-546a6022886b@group-76C6937C38CF:LeaderElection293] INFO  impl.RaftServerImpl (ServerState.java:setLeader(253)) - 5d0cbd75-9945-4b44-9440-546a6022886b@group-76C6937C38CF: change Leader from null to 5d0cbd75-9945-4b44-9440-546a6022886b at term 1 for becomeLeader, leader elected after 5676ms
2019-09-25 12:06:37,406 [d587b3c4-6743-4f9b-a5f7-0e55334fa092@group-C9383F01BD09:LeaderElection285] INFO  impl.RaftServerImpl (RaftServerImpl.java:setRole(174)) - d587b3c4-6743-4f9b-a5f7-0e55334fa092@group-C9383F01BD09: changes role from CANDIDATE to LEADER at term 1 for changeToLeader
2019-09-25 12:06:37,408 [d587b3c4-6743-4f9b-a5f7-0e55334fa092@group-C9383F01BD09:LeaderElection285] INFO  impl.RaftServerImpl (ServerState.java:setLeader(253)) - d587b3c4-6743-4f9b-a5f7-0e55334fa092@group-C9383F01BD09: change Leader from null to d587b3c4-6743-4f9b-a5f7-0e55334fa092 at term 1 for becomeLeader, leader elected after 5637ms
2019-09-25 12:06:37,405 [5d0cbd75-9945-4b44-9440-546a6022886b@group-8C7BD8BBEF47:LeaderElection295] INFO  impl.RaftServerImpl (RaftServerImpl.java:setRole(174)) - 5d0cbd75-9945-4b44-9440-546a6022886b@group-8C7BD8BBEF47: changes role from CANDIDATE to LEADER at term 1 for changeToLeader
2019-09-25 12:06:37,405 [5d0cbd75-9945-4b44-9440-546a6022886b@group-1C81891B0930:LeaderElection287] INFO  impl.RoleInfo (RoleInfo.java:shutdownLeaderElection(134)) - 5d0cbd75-9945-4b44-9440-546a6022886b: shutdown LeaderElection
2019-09-25 12:06:37,405 [d587b3c4-6743-4f9b-a5f7-0e55334fa092@group-CF9237F49159:LeaderElection288] INFO  server.RaftServerConfigKeys (ConfUtils.java:logGet(43)) - raft.server.watch.element-limit = 65536 (default)
2019-09-25 12:06:37,405 [5d0cbd75-9945-4b44-9440-546a6022886b@group-2A4E73DBD891:LeaderElection289] INFO  server.RaftServerConfigKeys (ConfUtils.java:logGet(43)) - raft.server.watch.timeout = 10s (default)
2019-09-25 12:06:37,404 [45cd06ff-25a2-484c-ae07-8678dc67fe17@group-D3D998CFFEBC:LeaderElection294] INFO  server.RaftServerConfigKeys (ConfUtils.java:logGet(43)) - raft.server.watch.element-limit = 65536 (default)
2019-09-25 12:06:37,404 [d587b3c4-6743-4f9b-a5f7-0e55334fa092@group-F26DDF6DA1FB:LeaderElection284] INFO  server.RaftServerConfigKeys (ConfUtils.java:logGet(43)) - raft.server.watch.timeout.denomination = 1s (default)
2019-09-25 12:06:37,409 [d587b3c4-6743-4f9b-a5f7-0e55334fa092@group-F26DDF6DA1FB:LeaderElection284] INFO  server.RaftServerConfigKeys (ConfUtils.java:logGet(43)) - raft.server.watch.element-limit = 65536 (default)
2019-09-25 12:06:37,404 [ForkJoinPool.commonPool-worker-0] INFO  segmented.SegmentedRaftLogWorker (SegmentedRaftLogWorker.java:close(228)) - b31e81a4-9d51-4c30-935b-af8637f1730a@group-B498315531C2-SegmentedRaftLogWorker close()
2019-09-25 12:06:37,408 [5d0cbd75-9945-4b44-9440-546a6022886b@group-2A4E73DBD891:LeaderElection289] INFO  server.RaftServerConfigKeys (ConfUtils.java:logGet(43)) - raft.server.watch.timeout.denomination = 1s (default)
2019-09-25 12:06:37,414 [5d0cbd75-9945-4b44-9440-546a6022886b@group-2A4E73DBD891:LeaderElection289] INFO  server.RaftServerConfigKeys (ConfUtils.java:logGet(43)) - raft.server.watch.element-limit = 65536 (default)
2019-09-25 12:06:37,408 [5d0cbd75-9945-4b44-9440-546a6022886b@group-1C81891B0930:LeaderElection287] INFO  impl.RaftServerImpl (RaftServerImpl.java:setRole(174)) - 5d0cbd75-9945-4b44-9440-546a6022886b@group-1C81891B0930: changes role from CANDIDATE to LEADER at term 1 for changeToLeader
2019-09-25 12:06:37,408 [5d0cbd75-9945-4b44-9440-546a6022886b@group-8C7BD8BBEF47:LeaderElection295] INFO  impl.RaftServerImpl (ServerState.java:setLeader(253)) - 5d0cbd75-9945-4b44-9440-546a6022886b@group-8C7BD8BBEF47: change Leader from null to 5d0cbd75-9945-4b44-9440-546a6022886b at term 1 for becomeLeader, leader elected after 5471ms
2019-09-25 12:06:37,414 [5d0cbd75-9945-4b44-9440-546a6022886b@group-8C7BD8BBEF47:LeaderElection295] INFO  server.RaftServerConfigKeys (ConfUtils.java:logGet(43)) - raft.server.staging.catchup.gap = 1000 (default)
2019-09-25 12:06:37,408 [d587b3c4-6743-4f9b-a5f7-0e55334fa092@group-C9383F01BD09:LeaderElection285] INFO  server.RaftServerConfigKeys (ConfUtils.java:logGet(43)) - raft.server.staging.catchup.gap = 1000 (default)
2019-09-25 12:06:37,407 [5d0cbd75-9945-4b44-9440-546a6022886b@group-76C6937C38CF:LeaderElection293] INFO  server.RaftServerConfigKeys (ConfUtils.java:logGet(43)) - raft.server.staging.catchup.gap = 1000 (default)
2019-09-25 12:06:37,407 [5d0cbd75-9945-4b44-9440-546a6022886b@group-C04C67C9407E:LeaderElection286] INFO  impl.RaftServerImpl (RaftServerImpl.java:setRole(174)) - 5d0cbd75-9945-4b44-9440-546a6022886b@group-C04C67C9407E: changes role from CANDIDATE to LEADER at term 1 for changeToLeader
2019-09-25 12:06:37,415 [5d0cbd75-9945-4b44-9440-546a6022886b@group-C04C67C9407E:LeaderElection286] INFO  impl.RaftServerImpl (ServerState.java:setLeader(253)) - 5d0cbd75-9945-4b44-9440-546a6022886b@group-C04C67C9407E: change Leader from null to 5d0cbd75-9945-4b44-9440-546a6022886b at term 1 for becomeLeader, leader elected after 5612ms
2019-09-25 12:06:37,407 [d587b3c4-6743-4f9b-a5f7-0e55334fa092@group-40B4461A255B:LeaderElection296] INFO  impl.RaftServerImpl (RaftServerImpl.java:setRole(174)) - d587b3c4-6743-4f9b-a5f7-0e55334fa092@group-40B4461A255B: changes role from CANDIDATE to LEADER at term 1 for changeToLeader
2019-09-25 12:06:37,407 [5d0cbd75-9945-4b44-9440-546a6022886b@group-F1E551BAC63E:LeaderElection292] INFO  impl.RaftServerImpl (RaftServerImpl.java:setRole(174)) - 5d0cbd75-9945-4b44-9440-546a6022886b@group-F1E551BAC63E: changes role from CANDIDATE to LEADER at term 1 for changeToLeader
2019-09-25 12:06:37,415 [5d0cbd75-9945-4b44-9440-546a6022886b@group-F1E551BAC63E:LeaderElection292] INFO  impl.RaftServerImpl (ServerState.java:setLeader(253)) - 5d0cbd75-9945-4b44-9440-546a6022886b@group-F1E551BAC63E: change Leader from null to 5d0cbd75-9945-4b44-9440-546a6022886b at term 1 for becomeLeader, leader elected after 5400ms
2019-09-25 12:06:37,407 [main] INFO  util.JmxRegister (JmxRegister.java:unregister(73)) - Successfully un-registered JMX Bean with object name Ratis:service=RaftServer,group=group-10CEE7306743,id=27e0b7c9-1b57-4073-b643-4210ac739ea7
2019-09-25 12:06:37,415 [d587b3c4-6743-4f9b-a5f7-0e55334fa092@group-CF9237F49159:LeaderElection288] INFO  impl.RoleInfo (RoleInfo.java:updateAndGet(143)) - d587b3c4-6743-4f9b-a5f7-0e55334fa092: start LeaderState
2019-09-25 12:06:37,415 [5d0cbd75-9945-4b44-9440-546a6022886b@group-F1E551BAC63E:LeaderElection292] INFO  server.RaftServerConfigKeys (ConfUtils.java:logGet(43)) - raft.server.staging.catchup.gap = 1000 (default)
2019-09-25 12:06:37,415 [d587b3c4-6743-4f9b-a5f7-0e55334fa092@group-40B4461A255B:LeaderElection296] INFO  impl.RaftServerImpl (ServerState.java:setLeader(253)) - d587b3c4-6743-4f9b-a5f7-0e55334fa092@group-40B4461A255B: change Leader from null to d587b3c4-6743-4f9b-a5f7-0e55334fa092 at term 1 for becomeLeader, leader elected after 5572ms
2019-09-25 12:06:37,415 [5d0cbd75-9945-4b44-9440-546a6022886b@group-C04C67C9407E:LeaderElection286] INFO  server.RaftServerConfigKeys (ConfUtils.java:logGet(43)) - raft.server.staging.catchup.gap = 1000 (default)
2019-09-25 12:06:37,414 [5d0cbd75-9945-4b44-9440-546a6022886b@group-76C6937C38CF:LeaderElection293] INFO  server.RaftServerConfigKeys (ConfUtils.java:logGet(43)) - raft.server.rpc.sleep.time = 25ms (default)
2019-09-25 12:06:37,414 [d587b3c4-6743-4f9b-a5f7-0e55334fa092@group-C9383F01BD09:LeaderElection285] INFO  server.RaftServerConfigKeys (ConfUtils.java:logGet(43)) - raft.server.rpc.sleep.time = 25ms (default)
2019-09-25 12:06:37,414 [5d0cbd75-9945-4b44-9440-546a6022886b@group-8C7BD8BBEF47:LeaderElection295] INFO  server.RaftServerConfigKeys (ConfUtils.java:logGet(43)) - raft.server.rpc.sleep.time = 25ms (default)
2019-09-25 12:06:37,414 [5d0cbd75-9945-4b44-9440-546a6022886b@group-1C81891B0930:LeaderElection287] INFO  impl.RaftServerImpl (ServerState.java:setLeader(253)) - 5d0cbd75-9945-4b44-9440-546a6022886b@group-1C81891B0930: change Leader from null to 5d0cbd75-9945-4b44-9440-546a6022886b at term 1 for becomeLeader, leader elected after 5434ms
2019-09-25 12:06:37,417 [5d0cbd75-9945-4b44-9440-546a6022886b@group-1C81891B0930:LeaderElection287] INFO  server.RaftServerConfigKeys (ConfUtils.java:logGet(43)) - raft.server.staging.catchup.gap = 1000 (default)
2019-09-25 12:06:37,413 [45cd06ff-25a2-484c-ae07-8678dc67fe17@group-8D7425402A93-SegmentedRaftLogWorker] INFO  segmented.SegmentedRaftLogWorker (SegmentedRaftLogWorker.java:execute(569)) - 45cd06ff-25a2-484c-ae07-8678dc67fe17@group-8D7425402A93-SegmentedRaftLogWorker: created new log segment /workdir/hadoop-ozone/integration-test/target/test-dir/MiniOzoneClusterImpl-587876f3-3d98-4cc8-9a43-bf4d205d7dbe/datanode-3/data/ratis/fd54ed0c-f3b5-404f-bdf2-8d7425402a93/current/log_inprogress_0
2019-09-25 12:06:37,413 [4265dd55-646c-4571-a7aa-5a5e7479765c@group-069D3E3C85C6-SegmentedRaftLogWorker] INFO  segmented.SegmentedRaftLogWorker (SegmentedRaftLogWorker.java:execute(569)) - 4265dd55-646c-4571-a7aa-5a5e7479765c@group-069D3E3C85C6-SegmentedRaftLogWorker: created new log segment /workdir/hadoop-ozone/integration-test/target/test-dir/MiniOzoneClusterImpl-587876f3-3d98-4cc8-9a43-bf4d205d7dbe/datanode-2/data/ratis/513d4f42-3f99-4527-805f-069d3e3c85c6/current/log_inprogress_0
2019-09-25 12:06:37,413 [ForkJoinPool.commonPool-worker-0] INFO  impl.RaftServerImpl (RaftServerImpl.java:lambda$shutdown$3(251)) - b31e81a4-9d51-4c30-935b-af8637f1730a@group-9B0BD9ABEB1E: shutdown
2019-09-25 12:06:37,417 [5d0cbd75-9945-4b44-9440-546a6022886b@group-2A4E73DBD891:LeaderElection289] INFO  impl.RoleInfo (RoleInfo.java:updateAndGet(143)) - 5d0cbd75-9945-4b44-9440-546a6022886b: start LeaderState
2019-09-25 12:06:37,417 [d587b3c4-6743-4f9b-a5f7-0e55334fa092@group-F26DDF6DA1FB:LeaderElection284] INFO  impl.RoleInfo (RoleInfo.java:updateAndGet(143)) - d587b3c4-6743-4f9b-a5f7-0e55334fa092: start LeaderState
2019-09-25 12:06:37,417 [5d0cbd75-9945-4b44-9440-546a6022886b@group-1C81891B0930:LeaderElection287] INFO  server.RaftServerConfigKeys (ConfUtils.java:logGet(43)) - raft.server.rpc.sleep.time = 25ms (default)
2019-09-25 12:06:37,417 [45cd06ff-25a2-484c-ae07-8678dc67fe17@group-D3D998CFFEBC:LeaderElection294] INFO  impl.RoleInfo (RoleInfo.java:updateAndGet(143)) - 45cd06ff-25a2-484c-ae07-8678dc67fe17: start LeaderState
2019-09-25 12:06:37,417 [5d0cbd75-9945-4b44-9440-546a6022886b@group-8C7BD8BBEF47:LeaderElection295] INFO  server.RaftServerConfigKeys (ConfUtils.java:logGet(43)) - raft.server.write.element-limit = 4096 (default)
2019-09-25 12:06:37,418 [5d0cbd75-9945-4b44-9440-546a6022886b@group-8C7BD8BBEF47:LeaderElection295] INFO  server.RaftServerConfigKeys (ConfUtils.java:logGet(43)) - raft.server.watch.timeout = 10s (default)
2019-09-25 12:06:37,416 [d587b3c4-6743-4f9b-a5f7-0e55334fa092@group-C9383F01BD09:LeaderElection285] INFO  server.RaftServerConfigKeys (ConfUtils.java:logGet(43)) - raft.server.write.element-limit = 4096 (default)
2019-09-25 12:06:37,416 [5d0cbd75-9945-4b44-9440-546a6022886b@group-76C6937C38CF:LeaderElection293] INFO  server.RaftServerConfigKeys (ConfUtils.java:logGet(43)) - raft.server.write.element-limit = 4096 (default)
2019-09-25 12:06:37,416 [5d0cbd75-9945-4b44-9440-546a6022886b@group-C04C67C9407E:LeaderElection286] INFO  server.RaftServerConfigKeys (ConfUtils.java:logGet(43)) - raft.server.rpc.sleep.time = 25ms (default)
2019-09-25 12:06:37,416 [d587b3c4-6743-4f9b-a5f7-0e55334fa092@group-40B4461A255B:LeaderElection296] INFO  server.RaftServerConfigKeys (ConfUtils.java:logGet(43)) - raft.server.staging.catchup.gap = 1000 (default)
2019-09-25 12:06:37,419 [d587b3c4-6743-4f9b-a5f7-0e55334fa092@group-40B4461A255B:LeaderElection296] INFO  server.RaftServerConfigKeys (ConfUtils.java:logGet(43)) - raft.server.rpc.sleep.time = 25ms (default)
2019-09-25 12:06:37,416 [5d0cbd75-9945-4b44-9440-546a6022886b@group-F1E551BAC63E:LeaderElection292] INFO  server.RaftServerConfigKeys (ConfUtils.java:logGet(43)) - raft.server.rpc.sleep.time = 25ms (default)
2019-09-25 12:06:37,416 [d587b3c4-6743-4f9b-a5f7-0e55334fa092@group-CF9237F49159:LeaderElection288] INFO  segmented.SegmentedRaftLogWorker (SegmentedRaftLogWorker.java:startLogSegment(380)) - d587b3c4-6743-4f9b-a5f7-0e55334fa092@group-CF9237F49159-SegmentedRaftLogWorker: Starting segment from index:0
2019-09-25 12:06:37,415 [main] INFO  impl.RoleInfo (RoleInfo.java:shutdownLeaderState(104)) - 27e0b7c9-1b57-4073-b643-4210ac739ea7: shutdown LeaderState
2019-09-25 12:06:37,419 [d587b3c4-6743-4f9b-a5f7-0e55334fa092@group-CF9237F49159:LeaderElection288] INFO  impl.RaftServerImpl (ServerState.java:setRaftConf(354)) - d587b3c4-6743-4f9b-a5f7-0e55334fa092@group-CF9237F49159: set configuration 0: [d587b3c4-6743-4f9b-a5f7-0e55334fa092:192.168.151.73:33163], old=null at 0
2019-09-25 12:06:37,419 [5d0cbd75-9945-4b44-9440-546a6022886b@group-F1E551BAC63E:LeaderElection292] INFO  server.RaftServerConfigKeys (ConfUtils.java:logGet(43)) - raft.server.write.element-limit = 4096 (default)
2019-09-25 12:06:37,419 [d587b3c4-6743-4f9b-a5f7-0e55334fa092@group-40B4461A255B:LeaderElection296] INFO  server.RaftServerConfigKeys (ConfUtils.java:logGet(43)) - raft.server.write.element-limit = 4096 (default)
2019-09-25 12:06:37,420 [d587b3c4-6743-4f9b-a5f7-0e55334fa092@group-40B4461A255B:LeaderElection296] INFO  server.RaftServerConfigKeys (ConfUtils.java:logGet(43)) - raft.server.watch.timeout = 10s (default)
2019-09-25 12:06:37,419 [5d0cbd75-9945-4b44-9440-546a6022886b@group-C04C67C9407E:LeaderElection286] INFO  server.RaftServerConfigKeys (ConfUtils.java:logGet(43)) - raft.server.write.element-limit = 4096 (default)
2019-09-25 12:06:37,418 [5d0cbd75-9945-4b44-9440-546a6022886b@group-76C6937C38CF:LeaderElection293] INFO  server.RaftServerConfigKeys (ConfUtils.java:logGet(43)) - raft.server.watch.timeout = 10s (default)
2019-09-25 12:06:37,421 [5d0cbd75-9945-4b44-9440-546a6022886b@group-76C6937C38CF:LeaderElection293] INFO  server.RaftServerConfigKeys (ConfUtils.java:logGet(43)) - raft.server.watch.timeout.denomination = 1s (default)
2019-09-25 12:06:37,418 [d587b3c4-6743-4f9b-a5f7-0e55334fa092@group-C9383F01BD09:LeaderElection285] INFO  server.RaftServerConfigKeys (ConfUtils.java:logGet(43)) - raft.server.watch.timeout = 10s (default)
2019-09-25 12:06:37,421 [d587b3c4-6743-4f9b-a5f7-0e55334fa092@group-C9383F01BD09:LeaderElection285] INFO  server.RaftServerConfigKeys (ConfUtils.java:logGet(43)) - raft.server.watch.timeout.denomination = 1s (default)
2019-09-25 12:06:37,418 [5d0cbd75-9945-4b44-9440-546a6022886b@group-8C7BD8BBEF47:LeaderElection295] INFO  server.RaftServerConfigKeys (ConfUtils.java:logGet(43)) - raft.server.watch.timeout.denomination = 1s (default)
2019-09-25 12:06:37,418 [45cd06ff-25a2-484c-ae07-8678dc67fe17@group-D3D998CFFEBC:LeaderElection294] INFO  segmented.SegmentedRaftLogWorker (SegmentedRaftLogWorker.java:startLogSegment(380)) - 45cd06ff-25a2-484c-ae07-8678dc67fe17@group-D3D998CFFEBC-SegmentedRaftLogWorker: Starting segment from index:0
2019-09-25 12:06:37,418 [5d0cbd75-9945-4b44-9440-546a6022886b@group-1C81891B0930:LeaderElection287] INFO  server.RaftServerConfigKeys (ConfUtils.java:logGet(43)) - raft.server.write.element-limit = 4096 (default)
2019-09-25 12:06:37,418 [d587b3c4-6743-4f9b-a5f7-0e55334fa092@group-F26DDF6DA1FB:LeaderElection284] INFO  segmented.SegmentedRaftLogWorker (SegmentedRaftLogWorker.java:startLogSegment(380)) - d587b3c4-6743-4f9b-a5f7-0e55334fa092@group-F26DDF6DA1FB-SegmentedRaftLogWorker: Starting segment from index:0
2019-09-25 12:06:37,418 [5d0cbd75-9945-4b44-9440-546a6022886b@group-2A4E73DBD891:LeaderElection289] INFO  segmented.SegmentedRaftLogWorker (SegmentedRaftLogWorker.java:startLogSegment(380)) - 5d0cbd75-9945-4b44-9440-546a6022886b@group-2A4E73DBD891-SegmentedRaftLogWorker: Starting segment from index:0
2019-09-25 12:06:37,417 [ForkJoinPool.commonPool-worker-0] INFO  util.JmxRegister (JmxRegister.java:unregister(73)) - Successfully un-registered JMX Bean with object name Ratis:service=RaftServer,group=group-9B0BD9ABEB1E,id=b31e81a4-9d51-4c30-935b-af8637f1730a
2019-09-25 12:06:37,422 [d587b3c4-6743-4f9b-a5f7-0e55334fa092@group-F26DDF6DA1FB:LeaderElection284] INFO  impl.RaftServerImpl (ServerState.java:setRaftConf(354)) - d587b3c4-6743-4f9b-a5f7-0e55334fa092@group-F26DDF6DA1FB: set configuration 0: [d587b3c4-6743-4f9b-a5f7-0e55334fa092:192.168.151.73:33163], old=null at 0
2019-09-25 12:06:37,421 [45cd06ff-25a2-484c-ae07-8678dc67fe17@group-D3D998CFFEBC:LeaderElection294] INFO  impl.RaftServerImpl (ServerState.java:setRaftConf(354)) - 45cd06ff-25a2-484c-ae07-8678dc67fe17@group-D3D998CFFEBC: set configuration 0: [45cd06ff-25a2-484c-ae07-8678dc67fe17:192.168.151.73:40405], old=null at 0
2019-09-25 12:06:37,421 [5d0cbd75-9945-4b44-9440-546a6022886b@group-1C81891B0930:LeaderElection287] INFO  server.RaftServerConfigKeys (ConfUtils.java:logGet(43)) - raft.server.watch.timeout = 10s (default)
2019-09-25 12:06:37,421 [5d0cbd75-9945-4b44-9440-546a6022886b@group-8C7BD8BBEF47:LeaderElection295] INFO  server.RaftServerConfigKeys (ConfUtils.java:logGet(43)) - raft.server.watch.element-limit = 65536 (default)
2019-09-25 12:06:37,421 [d587b3c4-6743-4f9b-a5f7-0e55334fa092@group-C9383F01BD09:LeaderElection285] INFO  server.RaftServerConfigKeys (ConfUtils.java:logGet(43)) - raft.server.watch.element-limit = 65536 (default)
2019-09-25 12:06:37,421 [5d0cbd75-9945-4b44-9440-546a6022886b@group-76C6937C38CF:LeaderElection293] INFO  server.RaftServerConfigKeys (ConfUtils.java:logGet(43)) - raft.server.watch.element-limit = 65536 (default)
2019-09-25 12:06:37,420 [5d0cbd75-9945-4b44-9440-546a6022886b@group-C04C67C9407E:LeaderElection286] INFO  server.RaftServerConfigKeys (ConfUtils.java:logGet(43)) - raft.server.watch.timeout = 10s (default)
2019-09-25 12:06:37,423 [5d0cbd75-9945-4b44-9440-546a6022886b@group-C04C67C9407E:LeaderElection286] INFO  server.RaftServerConfigKeys (ConfUtils.java:logGet(43)) - raft.server.watch.timeout.denomination = 1s (default)
2019-09-25 12:06:37,420 [d587b3c4-6743-4f9b-a5f7-0e55334fa092@group-40B4461A255B:LeaderElection296] INFO  server.RaftServerConfigKeys (ConfUtils.java:logGet(43)) - raft.server.watch.timeout.denomination = 1s (default)
2019-09-25 12:06:37,424 [d587b3c4-6743-4f9b-a5f7-0e55334fa092@group-40B4461A255B:LeaderElection296] INFO  server.RaftServerConfigKeys (ConfUtils.java:logGet(43)) - raft.server.watch.element-limit = 65536 (default)
2019-09-25 12:06:37,420 [5d0cbd75-9945-4b44-9440-546a6022886b@group-F1E551BAC63E:LeaderElection292] INFO  server.RaftServerConfigKeys (ConfUtils.java:logGet(43)) - raft.server.watch.timeout = 10s (default)
2019-09-25 12:06:37,420 [main] INFO  impl.PendingRequests (PendingRequests.java:sendNotLeaderResponses(202)) - 27e0b7c9-1b57-4073-b643-4210ac739ea7-PendingRequests: sendNotLeaderResponses
2019-09-25 12:06:37,424 [5d0cbd75-9945-4b44-9440-546a6022886b@group-F1E551BAC63E:LeaderElection292] INFO  server.RaftServerConfigKeys (ConfUtils.java:logGet(43)) - raft.server.watch.timeout.denomination = 1s (default)
2019-09-25 12:06:37,423 [5d0cbd75-9945-4b44-9440-546a6022886b@group-C04C67C9407E:LeaderElection286] INFO  server.RaftServerConfigKeys (ConfUtils.java:logGet(43)) - raft.server.watch.element-limit = 65536 (default)
2019-09-25 12:06:37,422 [5d0cbd75-9945-4b44-9440-546a6022886b@group-1C81891B0930:LeaderElection287] INFO  server.RaftServerConfigKeys (ConfUtils.java:logGet(43)) - raft.server.watch.timeout.denomination = 1s (default)
2019-09-25 12:06:37,422 [5d0cbd75-9945-4b44-9440-546a6022886b@group-2A4E73DBD891:LeaderElection289] INFO  impl.RaftServerImpl (ServerState.java:setRaftConf(354)) - 5d0cbd75-9945-4b44-9440-546a6022886b@group-2A4E73DBD891: set configuration 0: [5d0cbd75-9945-4b44-9440-546a6022886b:192.168.151.73:37067], old=null at 0
2019-09-25 12:06:37,422 [ForkJoinPool.commonPool-worker-0] INFO  impl.RoleInfo (RoleInfo.java:shutdownLeaderState(104)) - b31e81a4-9d51-4c30-935b-af8637f1730a: shutdown LeaderState
2019-09-25 12:06:37,425 [5d0cbd75-9945-4b44-9440-546a6022886b@group-1C81891B0930:LeaderElection287] INFO  server.RaftServerConfigKeys (ConfUtils.java:logGet(43)) - raft.server.watch.element-limit = 65536 (default)
2019-09-25 12:06:37,424 [5d0cbd75-9945-4b44-9440-546a6022886b@group-F1E551BAC63E:LeaderElection292] INFO  server.RaftServerConfigKeys (ConfUtils.java:logGet(43)) - raft.server.watch.element-limit = 65536 (default)
2019-09-25 12:06:37,424 [main] INFO  impl.StateMachineUpdater (StateMachineUpdater.java:stopAndJoin(125)) - 27e0b7c9-1b57-4073-b643-4210ac739ea7@group-10CEE7306743-StateMachineUpdater: set stopIndex = 0
2019-09-25 12:06:37,426 [main] INFO  impl.RaftServerImpl (ServerState.java:close(385)) - 27e0b7c9-1b57-4073-b643-4210ac739ea7@group-10CEE7306743: closes. applyIndex: 0
2019-09-25 12:06:37,425 [ForkJoinPool.commonPool-worker-0] INFO  impl.PendingRequests (PendingRequests.java:sendNotLeaderResponses(202)) - b31e81a4-9d51-4c30-935b-af8637f1730a-PendingRequests: sendNotLeaderResponses
2019-09-25 12:06:37,427 [27e0b7c9-1b57-4073-b643-4210ac739ea7@group-10CEE7306743-SegmentedRaftLogWorker] INFO  segmented.SegmentedRaftLogWorker (SegmentedRaftLogWorker.java:run(313)) - 27e0b7c9-1b57-4073-b643-4210ac739ea7@group-10CEE7306743-SegmentedRaftLogWorker was interrupted, exiting. There are 0 tasks remaining in the queue.
2019-09-25 12:06:37,427 [ForkJoinPool.commonPool-worker-0] INFO  impl.StateMachineUpdater (StateMachineUpdater.java:stopAndJoin(125)) - b31e81a4-9d51-4c30-935b-af8637f1730a@group-9B0BD9ABEB1E-StateMachineUpdater: set stopIndex = 0
2019-09-25 12:06:37,483 [ForkJoinPool.commonPool-worker-0] INFO  impl.RaftServerImpl (ServerState.java:close(385)) - b31e81a4-9d51-4c30-935b-af8637f1730a@group-9B0BD9ABEB1E: closes. applyIndex: 0
2019-09-25 12:06:37,480 [main] INFO  segmented.SegmentedRaftLogWorker (SegmentedRaftLogWorker.java:close(228)) - 27e0b7c9-1b57-4073-b643-4210ac739ea7@group-10CEE7306743-SegmentedRaftLogWorker close()
2019-09-25 12:06:37,483 [b31e81a4-9d51-4c30-935b-af8637f1730a@group-9B0BD9ABEB1E-SegmentedRaftLogWorker] INFO  segmented.SegmentedRaftLogWorker (SegmentedRaftLogWorker.java:run(313)) - b31e81a4-9d51-4c30-935b-af8637f1730a@group-9B0BD9ABEB1E-SegmentedRaftLogWorker was interrupted, exiting. There are 0 tasks remaining in the queue.
2019-09-25 12:06:37,488 [main] INFO  impl.RaftServerImpl (RaftServerImpl.java:lambda$shutdown$3(251)) - 27e0b7c9-1b57-4073-b643-4210ac739ea7@group-65EC994FA0DB: shutdown
2019-09-25 12:06:37,492 [ForkJoinPool.commonPool-worker-0] INFO  segmented.SegmentedRaftLogWorker (SegmentedRaftLogWorker.java:close(228)) - b31e81a4-9d51-4c30-935b-af8637f1730a@group-9B0BD9ABEB1E-SegmentedRaftLogWorker close()
2019-09-25 12:06:37,491 [45cd06ff-25a2-484c-ae07-8678dc67fe17@group-D3D998CFFEBC-SegmentedRaftLogWorker] INFO  segmented.SegmentedRaftLogWorker (SegmentedRaftLogWorker.java:execute(569)) - 45cd06ff-25a2-484c-ae07-8678dc67fe17@group-D3D998CFFEBC-SegmentedRaftLogWorker: created new log segment /workdir/hadoop-ozone/integration-test/target/test-dir/MiniOzoneClusterImpl-587876f3-3d98-4cc8-9a43-bf4d205d7dbe/datanode-3/data/ratis/1926629b-dda2-4f97-baaf-d3d998cffebc/current/log_inprogress_0
2019-09-25 12:06:37,491 [5d0cbd75-9945-4b44-9440-546a6022886b@group-2A4E73DBD891-SegmentedRaftLogWorker] INFO  segmented.SegmentedRaftLogWorker (SegmentedRaftLogWorker.java:execute(569)) - 5d0cbd75-9945-4b44-9440-546a6022886b@group-2A4E73DBD891-SegmentedRaftLogWorker: created new log segment /workdir/hadoop-ozone/integration-test/target/test-dir/MiniOzoneClusterImpl-587876f3-3d98-4cc8-9a43-bf4d205d7dbe/datanode-6/data/ratis/cc39afc7-5c77-4cd7-9580-2a4e73dbd891/current/log_inprogress_0
2019-09-25 12:06:37,491 [d587b3c4-6743-4f9b-a5f7-0e55334fa092@group-F26DDF6DA1FB-SegmentedRaftLogWorker] INFO  segmented.SegmentedRaftLogWorker (SegmentedRaftLogWorker.java:execute(569)) - d587b3c4-6743-4f9b-a5f7-0e55334fa092@group-F26DDF6DA1FB-SegmentedRaftLogWorker: created new log segment /workdir/hadoop-ozone/integration-test/target/test-dir/MiniOzoneClusterImpl-587876f3-3d98-4cc8-9a43-bf4d205d7dbe/datanode-5/data/ratis/44c464df-5c53-48ed-93d2-f26ddf6da1fb/current/log_inprogress_0
2019-09-25 12:06:37,491 [d587b3c4-6743-4f9b-a5f7-0e55334fa092@group-CF9237F49159-SegmentedRaftLogWorker] INFO  segmented.SegmentedRaftLogWorker (SegmentedRaftLogWorker.java:execute(569)) - d587b3c4-6743-4f9b-a5f7-0e55334fa092@group-CF9237F49159-SegmentedRaftLogWorker: created new log segment /workdir/hadoop-ozone/integration-test/target/test-dir/MiniOzoneClusterImpl-587876f3-3d98-4cc8-9a43-bf4d205d7dbe/datanode-5/data/ratis/dd7b448d-dd54-4b50-bf46-cf9237f49159/current/log_inprogress_0
2019-09-25 12:06:37,496 [main] INFO  util.JmxRegister (JmxRegister.java:unregister(73)) - Successfully un-registered JMX Bean with object name Ratis:service=RaftServer,group=group-65EC994FA0DB,id=27e0b7c9-1b57-4073-b643-4210ac739ea7
2019-09-25 12:06:37,496 [main] INFO  impl.RoleInfo (RoleInfo.java:shutdownLeaderState(104)) - 27e0b7c9-1b57-4073-b643-4210ac739ea7: shutdown LeaderState
2019-09-25 12:06:37,495 [ForkJoinPool.commonPool-worker-0] INFO  impl.RaftServerImpl (RaftServerImpl.java:lambda$shutdown$3(251)) - b31e81a4-9d51-4c30-935b-af8637f1730a@group-98BB5EBEA6E4: shutdown
2019-09-25 12:06:37,497 [main] INFO  impl.PendingRequests (PendingRequests.java:sendNotLeaderResponses(202)) - 27e0b7c9-1b57-4073-b643-4210ac739ea7-PendingRequests: sendNotLeaderResponses
2019-09-25 12:06:37,497 [ForkJoinPool.commonPool-worker-0] INFO  util.JmxRegister (JmxRegister.java:unregister(73)) - Successfully un-registered JMX Bean with object name Ratis:service=RaftServer,group=group-98BB5EBEA6E4,id=b31e81a4-9d51-4c30-935b-af8637f1730a
2019-09-25 12:06:37,498 [main] INFO  impl.StateMachineUpdater (StateMachineUpdater.java:stopAndJoin(125)) - 27e0b7c9-1b57-4073-b643-4210ac739ea7@group-65EC994FA0DB-StateMachineUpdater: set stopIndex = 0
2019-09-25 12:06:37,498 [ForkJoinPool.commonPool-worker-0] INFO  impl.RoleInfo (RoleInfo.java:shutdownLeaderState(104)) - b31e81a4-9d51-4c30-935b-af8637f1730a: shutdown LeaderState
2019-09-25 12:06:37,498 [main] INFO  impl.RaftServerImpl (ServerState.java:close(385)) - 27e0b7c9-1b57-4073-b643-4210ac739ea7@group-65EC994FA0DB: closes. applyIndex: 0
2019-09-25 12:06:37,498 [ForkJoinPool.commonPool-worker-0] INFO  impl.PendingRequests (PendingRequests.java:sendNotLeaderResponses(202)) - b31e81a4-9d51-4c30-935b-af8637f1730a-PendingRequests: sendNotLeaderResponses
2019-09-25 12:06:37,499 [27e0b7c9-1b57-4073-b643-4210ac739ea7@group-65EC994FA0DB-SegmentedRaftLogWorker] INFO  segmented.SegmentedRaftLogWorker (SegmentedRaftLogWorker.java:run(313)) - 27e0b7c9-1b57-4073-b643-4210ac739ea7@group-65EC994FA0DB-SegmentedRaftLogWorker was interrupted, exiting. There are 0 tasks remaining in the queue.
2019-09-25 12:06:37,499 [5d0cbd75-9945-4b44-9440-546a6022886b@group-8C7BD8BBEF47:LeaderElection295] INFO  impl.RoleInfo (RoleInfo.java:updateAndGet(143)) - 5d0cbd75-9945-4b44-9440-546a6022886b: start LeaderState
2019-09-25 12:06:37,505 [main] INFO  segmented.SegmentedRaftLogWorker (SegmentedRaftLogWorker.java:close(228)) - 27e0b7c9-1b57-4073-b643-4210ac739ea7@group-65EC994FA0DB-SegmentedRaftLogWorker close()
2019-09-25 12:06:37,499 [ForkJoinPool.commonPool-worker-0] INFO  impl.StateMachineUpdater (StateMachineUpdater.java:stopAndJoin(125)) - b31e81a4-9d51-4c30-935b-af8637f1730a@group-98BB5EBEA6E4-StateMachineUpdater: set stopIndex = 0
2019-09-25 12:06:37,510 [ForkJoinPool.commonPool-worker-0] INFO  impl.RaftServerImpl (ServerState.java:close(385)) - b31e81a4-9d51-4c30-935b-af8637f1730a@group-98BB5EBEA6E4: closes. applyIndex: 0
2019-09-25 12:06:37,509 [main] INFO  impl.RaftServerImpl (RaftServerImpl.java:lambda$shutdown$3(251)) - 27e0b7c9-1b57-4073-b643-4210ac739ea7@group-BB3A78E8B972: shutdown
2019-09-25 12:06:37,505 [5d0cbd75-9945-4b44-9440-546a6022886b@group-8C7BD8BBEF47:LeaderElection295] INFO  segmented.SegmentedRaftLogWorker (SegmentedRaftLogWorker.java:startLogSegment(380)) - 5d0cbd75-9945-4b44-9440-546a6022886b@group-8C7BD8BBEF47-SegmentedRaftLogWorker: Starting segment from index:0
2019-09-25 12:06:37,511 [main] INFO  util.JmxRegister (JmxRegister.java:unregister(73)) - Successfully un-registered JMX Bean with object name Ratis:service=RaftServer,group=group-BB3A78E8B972,id=27e0b7c9-1b57-4073-b643-4210ac739ea7
2019-09-25 12:06:37,511 [main] INFO  impl.RoleInfo (RoleInfo.java:shutdownFollowerState(121)) - 27e0b7c9-1b57-4073-b643-4210ac739ea7: shutdown FollowerState
2019-09-25 12:06:37,510 [5d0cbd75-9945-4b44-9440-546a6022886b@group-76C6937C38CF:LeaderElection293] INFO  impl.RoleInfo (RoleInfo.java:updateAndGet(143)) - 5d0cbd75-9945-4b44-9440-546a6022886b: start LeaderState
2019-09-25 12:06:37,510 [d587b3c4-6743-4f9b-a5f7-0e55334fa092@group-C9383F01BD09:LeaderElection285] INFO  impl.RoleInfo (RoleInfo.java:updateAndGet(143)) - d587b3c4-6743-4f9b-a5f7-0e55334fa092: start LeaderState
2019-09-25 12:06:37,510 [b31e81a4-9d51-4c30-935b-af8637f1730a@group-98BB5EBEA6E4-SegmentedRaftLogWorker] INFO  segmented.SegmentedRaftLogWorker (SegmentedRaftLogWorker.java:run(313)) - b31e81a4-9d51-4c30-935b-af8637f1730a@group-98BB5EBEA6E4-SegmentedRaftLogWorker was interrupted, exiting. There are 0 tasks remaining in the queue.
2019-09-25 12:06:37,512 [d587b3c4-6743-4f9b-a5f7-0e55334fa092@group-C9383F01BD09:LeaderElection285] INFO  segmented.SegmentedRaftLogWorker (SegmentedRaftLogWorker.java:startLogSegment(380)) - d587b3c4-6743-4f9b-a5f7-0e55334fa092@group-C9383F01BD09-SegmentedRaftLogWorker: Starting segment from index:0
2019-09-25 12:06:37,512 [5d0cbd75-9945-4b44-9440-546a6022886b@group-76C6937C38CF:LeaderElection293] INFO  segmented.SegmentedRaftLogWorker (SegmentedRaftLogWorker.java:startLogSegment(380)) - 5d0cbd75-9945-4b44-9440-546a6022886b@group-76C6937C38CF-SegmentedRaftLogWorker: Starting segment from index:0
2019-09-25 12:06:37,512 [5d0cbd75-9945-4b44-9440-546a6022886b@group-F1E551BAC63E:LeaderElection292] INFO  impl.RoleInfo (RoleInfo.java:updateAndGet(143)) - 5d0cbd75-9945-4b44-9440-546a6022886b: start LeaderState
2019-09-25 12:06:37,511 [5d0cbd75-9945-4b44-9440-546a6022886b@group-1C81891B0930:LeaderElection287] INFO  impl.RoleInfo (RoleInfo.java:updateAndGet(143)) - 5d0cbd75-9945-4b44-9440-546a6022886b: start LeaderState
2019-09-25 12:06:37,516 [5d0cbd75-9945-4b44-9440-546a6022886b@group-F1E551BAC63E:LeaderElection292] INFO  segmented.SegmentedRaftLogWorker (SegmentedRaftLogWorker.java:startLogSegment(380)) - 5d0cbd75-9945-4b44-9440-546a6022886b@group-F1E551BAC63E-SegmentedRaftLogWorker: Starting segment from index:0
2019-09-25 12:06:37,511 [Thread-3603] INFO  impl.FollowerState (FollowerState.java:run(115)) - 27e0b7c9-1b57-4073-b643-4210ac739ea7: FollowerState was interrupted: java.lang.InterruptedException: sleep interrupted
2019-09-25 12:06:37,511 [main] INFO  impl.StateMachineUpdater (StateMachineUpdater.java:stopAndJoin(125)) - 27e0b7c9-1b57-4073-b643-4210ac739ea7@group-BB3A78E8B972-StateMachineUpdater: set stopIndex = -1
2019-09-25 12:06:37,517 [main] INFO  impl.RaftServerImpl (ServerState.java:close(385)) - 27e0b7c9-1b57-4073-b643-4210ac739ea7@group-BB3A78E8B972: closes. applyIndex: -1
2019-09-25 12:06:37,511 [5d0cbd75-9945-4b44-9440-546a6022886b@group-C04C67C9407E:LeaderElection286] INFO  impl.RoleInfo (RoleInfo.java:updateAndGet(143)) - 5d0cbd75-9945-4b44-9440-546a6022886b: start LeaderState
2019-09-25 12:06:37,517 [27e0b7c9-1b57-4073-b643-4210ac739ea7@group-BB3A78E8B972-SegmentedRaftLogWorker] INFO  segmented.SegmentedRaftLogWorker (SegmentedRaftLogWorker.java:run(313)) - 27e0b7c9-1b57-4073-b643-4210ac739ea7@group-BB3A78E8B972-SegmentedRaftLogWorker was interrupted, exiting. There are 0 tasks remaining in the queue.
2019-09-25 12:06:37,511 [5d0cbd75-9945-4b44-9440-546a6022886b@group-8C7BD8BBEF47:LeaderElection295] INFO  impl.RaftServerImpl (ServerState.java:setRaftConf(354)) - 5d0cbd75-9945-4b44-9440-546a6022886b@group-8C7BD8BBEF47: set configuration 0: [5d0cbd75-9945-4b44-9440-546a6022886b:192.168.151.73:37067], old=null at 0
2019-09-25 12:06:37,511 [d587b3c4-6743-4f9b-a5f7-0e55334fa092@group-40B4461A255B:LeaderElection296] INFO  impl.RoleInfo (RoleInfo.java:updateAndGet(143)) - d587b3c4-6743-4f9b-a5f7-0e55334fa092: start LeaderState
2019-09-25 12:06:37,517 [main] INFO  segmented.SegmentedRaftLogWorker (SegmentedRaftLogWorker.java:close(228)) - 27e0b7c9-1b57-4073-b643-4210ac739ea7@group-BB3A78E8B972-SegmentedRaftLogWorker close()
2019-09-25 12:06:37,517 [5d0cbd75-9945-4b44-9440-546a6022886b@group-C04C67C9407E:LeaderElection286] INFO  segmented.SegmentedRaftLogWorker (SegmentedRaftLogWorker.java:startLogSegment(380)) - 5d0cbd75-9945-4b44-9440-546a6022886b@group-C04C67C9407E-SegmentedRaftLogWorker: Starting segment from index:0
2019-09-25 12:06:37,517 [5d0cbd75-9945-4b44-9440-546a6022886b@group-F1E551BAC63E:LeaderElection292] INFO  impl.RaftServerImpl (ServerState.java:setRaftConf(354)) - 5d0cbd75-9945-4b44-9440-546a6022886b@group-F1E551BAC63E: set configuration 0: [5d0cbd75-9945-4b44-9440-546a6022886b:192.168.151.73:37067], old=null at 0
2019-09-25 12:06:37,516 [5d0cbd75-9945-4b44-9440-546a6022886b@group-1C81891B0930:LeaderElection287] INFO  segmented.SegmentedRaftLogWorker (SegmentedRaftLogWorker.java:startLogSegment(380)) - 5d0cbd75-9945-4b44-9440-546a6022886b@group-1C81891B0930-SegmentedRaftLogWorker: Starting segment from index:0
2019-09-25 12:06:37,516 [5d0cbd75-9945-4b44-9440-546a6022886b@group-76C6937C38CF:LeaderElection293] INFO  impl.RaftServerImpl (ServerState.java:setRaftConf(354)) - 5d0cbd75-9945-4b44-9440-546a6022886b@group-76C6937C38CF: set configuration 0: [5d0cbd75-9945-4b44-9440-546a6022886b:192.168.151.73:37067], old=null at 0
2019-09-25 12:06:37,522 [5d0cbd75-9945-4b44-9440-546a6022886b@group-1C81891B0930:LeaderElection287] INFO  impl.RaftServerImpl (ServerState.java:setRaftConf(354)) - 5d0cbd75-9945-4b44-9440-546a6022886b@group-1C81891B0930: set configuration 0: [5d0cbd75-9945-4b44-9440-546a6022886b:192.168.151.73:37067], old=null at 0
2019-09-25 12:06:37,516 [d587b3c4-6743-4f9b-a5f7-0e55334fa092@group-C9383F01BD09:LeaderElection285] INFO  impl.RaftServerImpl (ServerState.java:setRaftConf(354)) - d587b3c4-6743-4f9b-a5f7-0e55334fa092@group-C9383F01BD09: set configuration 0: [d587b3c4-6743-4f9b-a5f7-0e55334fa092:192.168.151.73:33163], old=null at 0
2019-09-25 12:06:37,522 [5d0cbd75-9945-4b44-9440-546a6022886b@group-C04C67C9407E:LeaderElection286] INFO  impl.RaftServerImpl (ServerState.java:setRaftConf(354)) - 5d0cbd75-9945-4b44-9440-546a6022886b@group-C04C67C9407E: set configuration 0: [5d0cbd75-9945-4b44-9440-546a6022886b:192.168.151.73:37067], old=null at 0
2019-09-25 12:06:37,522 [main] INFO  impl.RaftServerImpl (RaftServerImpl.java:lambda$shutdown$3(251)) - 27e0b7c9-1b57-4073-b643-4210ac739ea7@group-5E20908DD553: shutdown
2019-09-25 12:06:37,518 [d587b3c4-6743-4f9b-a5f7-0e55334fa092@group-40B4461A255B:LeaderElection296] INFO  segmented.SegmentedRaftLogWorker (SegmentedRaftLogWorker.java:startLogSegment(380)) - d587b3c4-6743-4f9b-a5f7-0e55334fa092@group-40B4461A255B-SegmentedRaftLogWorker: Starting segment from index:0
2019-09-25 12:06:37,523 [main] INFO  util.JmxRegister (JmxRegister.java:unregister(73)) - Successfully un-registered JMX Bean with object name Ratis:service=RaftServer,group=group-5E20908DD553,id=27e0b7c9-1b57-4073-b643-4210ac739ea7
2019-09-25 12:06:37,524 [d587b3c4-6743-4f9b-a5f7-0e55334fa092@group-40B4461A255B:LeaderElection296] INFO  impl.RaftServerImpl (ServerState.java:setRaftConf(354)) - d587b3c4-6743-4f9b-a5f7-0e55334fa092@group-40B4461A255B: set configuration 0: [d587b3c4-6743-4f9b-a5f7-0e55334fa092:192.168.151.73:33163], old=null at 0
2019-09-25 12:06:37,524 [main] INFO  impl.RoleInfo (RoleInfo.java:shutdownLeaderState(104)) - 27e0b7c9-1b57-4073-b643-4210ac739ea7: shutdown LeaderState
2019-09-25 12:06:37,524 [main] INFO  impl.PendingRequests (PendingRequests.java:sendNotLeaderResponses(202)) - 27e0b7c9-1b57-4073-b643-4210ac739ea7-PendingRequests: sendNotLeaderResponses
2019-09-25 12:06:37,525 [main] INFO  impl.StateMachineUpdater (StateMachineUpdater.java:stopAndJoin(125)) - 27e0b7c9-1b57-4073-b643-4210ac739ea7@group-5E20908DD553-StateMachineUpdater: set stopIndex = 0
2019-09-25 12:06:37,525 [main] INFO  impl.RaftServerImpl (ServerState.java:close(385)) - 27e0b7c9-1b57-4073-b643-4210ac739ea7@group-5E20908DD553: closes. applyIndex: 0
2019-09-25 12:06:37,526 [27e0b7c9-1b57-4073-b643-4210ac739ea7@group-5E20908DD553-SegmentedRaftLogWorker] INFO  segmented.SegmentedRaftLogWorker (SegmentedRaftLogWorker.java:run(313)) - 27e0b7c9-1b57-4073-b643-4210ac739ea7@group-5E20908DD553-SegmentedRaftLogWorker was interrupted, exiting. There are 0 tasks remaining in the queue.
2019-09-25 12:06:37,529 [main] INFO  segmented.SegmentedRaftLogWorker (SegmentedRaftLogWorker.java:close(228)) - 27e0b7c9-1b57-4073-b643-4210ac739ea7@group-5E20908DD553-SegmentedRaftLogWorker close()
2019-09-25 12:06:37,530 [ForkJoinPool.commonPool-worker-0] INFO  segmented.SegmentedRaftLogWorker (SegmentedRaftLogWorker.java:close(228)) - b31e81a4-9d51-4c30-935b-af8637f1730a@group-98BB5EBEA6E4-SegmentedRaftLogWorker close()
2019-09-25 12:06:37,576 [main] INFO  impl.RaftServerImpl (RaftServerImpl.java:lambda$shutdown$3(251)) - 27e0b7c9-1b57-4073-b643-4210ac739ea7@group-FA8A0977EC2F: shutdown
2019-09-25 12:06:37,617 [d587b3c4-6743-4f9b-a5f7-0e55334fa092@group-40B4461A255B-SegmentedRaftLogWorker] INFO  segmented.SegmentedRaftLogWorker (SegmentedRaftLogWorker.java:execute(569)) - d587b3c4-6743-4f9b-a5f7-0e55334fa092@group-40B4461A255B-SegmentedRaftLogWorker: created new log segment /workdir/hadoop-ozone/integration-test/target/test-dir/MiniOzoneClusterImpl-587876f3-3d98-4cc8-9a43-bf4d205d7dbe/datanode-5/data/ratis/3d9bd1fa-91f6-4878-83a9-40b4461a255b/current/log_inprogress_0
2019-09-25 12:06:37,617 [5d0cbd75-9945-4b44-9440-546a6022886b@group-8C7BD8BBEF47-SegmentedRaftLogWorker] INFO  segmented.SegmentedRaftLogWorker (SegmentedRaftLogWorker.java:execute(569)) - 5d0cbd75-9945-4b44-9440-546a6022886b@group-8C7BD8BBEF47-SegmentedRaftLogWorker: created new log segment /workdir/hadoop-ozone/integration-test/target/test-dir/MiniOzoneClusterImpl-587876f3-3d98-4cc8-9a43-bf4d205d7dbe/datanode-6/data/ratis/e6869bfb-7828-4d8a-ac83-8c7bd8bbef47/current/log_inprogress_0
2019-09-25 12:06:37,617 [5d0cbd75-9945-4b44-9440-546a6022886b@group-76C6937C38CF-SegmentedRaftLogWorker] INFO  segmented.SegmentedRaftLogWorker (SegmentedRaftLogWorker.java:execute(569)) - 5d0cbd75-9945-4b44-9440-546a6022886b@group-76C6937C38CF-SegmentedRaftLogWorker: created new log segment /workdir/hadoop-ozone/integration-test/target/test-dir/MiniOzoneClusterImpl-587876f3-3d98-4cc8-9a43-bf4d205d7dbe/datanode-6/data/ratis/1e1dc87e-7d5b-4fb5-bbcc-76c6937c38cf/current/log_inprogress_0
2019-09-25 12:06:37,617 [d587b3c4-6743-4f9b-a5f7-0e55334fa092@group-C9383F01BD09-SegmentedRaftLogWorker] INFO  segmented.SegmentedRaftLogWorker (SegmentedRaftLogWorker.java:execute(569)) - d587b3c4-6743-4f9b-a5f7-0e55334fa092@group-C9383F01BD09-SegmentedRaftLogWorker: created new log segment /workdir/hadoop-ozone/integration-test/target/test-dir/MiniOzoneClusterImpl-587876f3-3d98-4cc8-9a43-bf4d205d7dbe/datanode-5/data/ratis/9b0b48a1-7d1d-4a05-856e-c9383f01bd09/current/log_inprogress_0
2019-09-25 12:06:37,617 [5d0cbd75-9945-4b44-9440-546a6022886b@group-F1E551BAC63E-SegmentedRaftLogWorker] INFO  segmented.SegmentedRaftLogWorker (SegmentedRaftLogWorker.java:execute(569)) - 5d0cbd75-9945-4b44-9440-546a6022886b@group-F1E551BAC63E-SegmentedRaftLogWorker: created new log segment /workdir/hadoop-ozone/integration-test/target/test-dir/MiniOzoneClusterImpl-587876f3-3d98-4cc8-9a43-bf4d205d7dbe/datanode-6/data/ratis/0ce206c0-37b1-4f51-9157-f1e551bac63e/current/log_inprogress_0
2019-09-25 12:06:37,617 [5d0cbd75-9945-4b44-9440-546a6022886b@group-C04C67C9407E-SegmentedRaftLogWorker] INFO  segmented.SegmentedRaftLogWorker (SegmentedRaftLogWorker.java:execute(569)) - 5d0cbd75-9945-4b44-9440-546a6022886b@group-C04C67C9407E-SegmentedRaftLogWorker: created new log segment /workdir/hadoop-ozone/integration-test/target/test-dir/MiniOzoneClusterImpl-587876f3-3d98-4cc8-9a43-bf4d205d7dbe/datanode-6/data/ratis/0f9eaa5f-ee69-4636-be18-c04c67c9407e/current/log_inprogress_0
2019-09-25 12:06:37,615 [ForkJoinPool.commonPool-worker-0] INFO  impl.RaftServerImpl (RaftServerImpl.java:lambda$shutdown$3(251)) - b31e81a4-9d51-4c30-935b-af8637f1730a@group-7A92AFC5AC26: shutdown
2019-09-25 12:06:37,618 [main] INFO  util.JmxRegister (JmxRegister.java:unregister(73)) - Successfully un-registered JMX Bean with object name Ratis:service=RaftServer,group=group-FA8A0977EC2F,id=27e0b7c9-1b57-4073-b643-4210ac739ea7
2019-09-25 12:06:37,619 [ForkJoinPool.commonPool-worker-0] INFO  util.JmxRegister (JmxRegister.java:unregister(73)) - Successfully un-registered JMX Bean with object name Ratis:service=RaftServer,group=group-7A92AFC5AC26,id=b31e81a4-9d51-4c30-935b-af8637f1730a
2019-09-25 12:06:37,620 [main] INFO  impl.RoleInfo (RoleInfo.java:shutdownLeaderState(104)) - 27e0b7c9-1b57-4073-b643-4210ac739ea7: shutdown LeaderState
2019-09-25 12:06:37,620 [ForkJoinPool.commonPool-worker-0] INFO  impl.RoleInfo (RoleInfo.java:shutdownLeaderState(104)) - b31e81a4-9d51-4c30-935b-af8637f1730a: shutdown LeaderState
2019-09-25 12:06:37,620 [main] INFO  impl.PendingRequests (PendingRequests.java:sendNotLeaderResponses(202)) - 27e0b7c9-1b57-4073-b643-4210ac739ea7-PendingRequests: sendNotLeaderResponses
2019-09-25 12:06:37,621 [ForkJoinPool.commonPool-worker-0] INFO  impl.PendingRequests (PendingRequests.java:sendNotLeaderResponses(202)) - b31e81a4-9d51-4c30-935b-af8637f1730a-PendingRequests: sendNotLeaderResponses
2019-09-25 12:06:37,621 [main] INFO  impl.StateMachineUpdater (StateMachineUpdater.java:stopAndJoin(125)) - 27e0b7c9-1b57-4073-b643-4210ac739ea7@group-FA8A0977EC2F-StateMachineUpdater: set stopIndex = 0
2019-09-25 12:06:37,622 [main] INFO  impl.RaftServerImpl (ServerState.java:close(385)) - 27e0b7c9-1b57-4073-b643-4210ac739ea7@group-FA8A0977EC2F: closes. applyIndex: 0
2019-09-25 12:06:37,621 [ForkJoinPool.commonPool-worker-0] INFO  impl.StateMachineUpdater (StateMachineUpdater.java:stopAndJoin(125)) - b31e81a4-9d51-4c30-935b-af8637f1730a@group-7A92AFC5AC26-StateMachineUpdater: set stopIndex = 0
2019-09-25 12:06:37,622 [27e0b7c9-1b57-4073-b643-4210ac739ea7@group-FA8A0977EC2F-SegmentedRaftLogWorker] INFO  segmented.SegmentedRaftLogWorker (SegmentedRaftLogWorker.java:run(313)) - 27e0b7c9-1b57-4073-b643-4210ac739ea7@group-FA8A0977EC2F-SegmentedRaftLogWorker was interrupted, exiting. There are 0 tasks remaining in the queue.
2019-09-25 12:06:37,623 [ForkJoinPool.commonPool-worker-0] INFO  impl.RaftServerImpl (ServerState.java:close(385)) - b31e81a4-9d51-4c30-935b-af8637f1730a@group-7A92AFC5AC26: closes. applyIndex: 0
2019-09-25 12:06:37,628 [b31e81a4-9d51-4c30-935b-af8637f1730a@group-7A92AFC5AC26-SegmentedRaftLogWorker] INFO  segmented.SegmentedRaftLogWorker (SegmentedRaftLogWorker.java:run(313)) - b31e81a4-9d51-4c30-935b-af8637f1730a@group-7A92AFC5AC26-SegmentedRaftLogWorker was interrupted, exiting. There are 0 tasks remaining in the queue.
2019-09-25 12:06:37,633 [ForkJoinPool.commonPool-worker-0] INFO  segmented.SegmentedRaftLogWorker (SegmentedRaftLogWorker.java:close(228)) - b31e81a4-9d51-4c30-935b-af8637f1730a@group-7A92AFC5AC26-SegmentedRaftLogWorker close()
2019-09-25 12:06:37,637 [5d0cbd75-9945-4b44-9440-546a6022886b@group-1C81891B0930-SegmentedRaftLogWorker] INFO  segmented.SegmentedRaftLogWorker (SegmentedRaftLogWorker.java:execute(569)) - 5d0cbd75-9945-4b44-9440-546a6022886b@group-1C81891B0930-SegmentedRaftLogWorker: created new log segment /workdir/hadoop-ozone/integration-test/target/test-dir/MiniOzoneClusterImpl-587876f3-3d98-4cc8-9a43-bf4d205d7dbe/datanode-6/data/ratis/c22116d2-206b-41fe-993d-1c81891b0930/current/log_inprogress_0
2019-09-25 12:06:37,637 [main] INFO  segmented.SegmentedRaftLogWorker (SegmentedRaftLogWorker.java:close(228)) - 27e0b7c9-1b57-4073-b643-4210ac739ea7@group-FA8A0977EC2F-SegmentedRaftLogWorker close()
2019-09-25 12:06:37,637 [ForkJoinPool.commonPool-worker-0] INFO  impl.RaftServerImpl (RaftServerImpl.java:lambda$shutdown$3(251)) - b31e81a4-9d51-4c30-935b-af8637f1730a@group-77674F33DB76: shutdown
2019-09-25 12:06:37,641 [main] INFO  server.GrpcService (GrpcService.java:closeImpl(164)) - 27e0b7c9-1b57-4073-b643-4210ac739ea7: shutdown server with port 38945 now
2019-09-25 12:06:37,642 [ForkJoinPool.commonPool-worker-0] INFO  util.JmxRegister (JmxRegister.java:unregister(73)) - Successfully un-registered JMX Bean with object name Ratis:service=RaftServer,group=group-77674F33DB76,id=b31e81a4-9d51-4c30-935b-af8637f1730a
2019-09-25 12:06:37,646 [main] INFO  server.GrpcService (GrpcService.java:closeImpl(172)) - 27e0b7c9-1b57-4073-b643-4210ac739ea7: shutdown server with port 38945 successfully
2019-09-25 12:06:37,646 [ForkJoinPool.commonPool-worker-0] INFO  impl.RoleInfo (RoleInfo.java:shutdownLeaderState(104)) - b31e81a4-9d51-4c30-935b-af8637f1730a: shutdown LeaderState
2019-09-25 12:06:37,647 [ForkJoinPool.commonPool-worker-0] INFO  impl.PendingRequests (PendingRequests.java:sendNotLeaderResponses(202)) - b31e81a4-9d51-4c30-935b-af8637f1730a-PendingRequests: sendNotLeaderResponses
2019-09-25 12:06:37,647 [ForkJoinPool.commonPool-worker-0] INFO  impl.StateMachineUpdater (StateMachineUpdater.java:stopAndJoin(125)) - b31e81a4-9d51-4c30-935b-af8637f1730a@group-77674F33DB76-StateMachineUpdater: set stopIndex = 0
2019-09-25 12:06:37,648 [ForkJoinPool.commonPool-worker-0] INFO  impl.RaftServerImpl (ServerState.java:close(385)) - b31e81a4-9d51-4c30-935b-af8637f1730a@group-77674F33DB76: closes. applyIndex: 0
2019-09-25 12:06:37,648 [b31e81a4-9d51-4c30-935b-af8637f1730a@group-77674F33DB76-SegmentedRaftLogWorker] INFO  segmented.SegmentedRaftLogWorker (SegmentedRaftLogWorker.java:run(313)) - b31e81a4-9d51-4c30-935b-af8637f1730a@group-77674F33DB76-SegmentedRaftLogWorker was interrupted, exiting. There are 0 tasks remaining in the queue.
2019-09-25 12:06:37,648 [refreshUsed-/workdir/hadoop-ozone/integration-test/target/test-dir/MiniOzoneClusterImpl-587876f3-3d98-4cc8-9a43-bf4d205d7dbe/datanode-4/data/containers] WARN  fs.CachingGetSpaceUsed (CachingGetSpaceUsed.java:run(183)) - Thread Interrupted waiting to refresh disk information: sleep interrupted
2019-09-25 12:06:37,653 [ForkJoinPool.commonPool-worker-0] INFO  segmented.SegmentedRaftLogWorker (SegmentedRaftLogWorker.java:close(228)) - b31e81a4-9d51-4c30-935b-af8637f1730a@group-77674F33DB76-SegmentedRaftLogWorker close()
2019-09-25 12:06:37,671 [ForkJoinPool.commonPool-worker-0] INFO  impl.RaftServerImpl (RaftServerImpl.java:lambda$shutdown$3(251)) - b31e81a4-9d51-4c30-935b-af8637f1730a@group-F6C99C8F3C78: shutdown
2019-09-25 12:06:37,671 [ForkJoinPool.commonPool-worker-0] INFO  util.JmxRegister (JmxRegister.java:unregister(73)) - Successfully un-registered JMX Bean with object name Ratis:service=RaftServer,group=group-F6C99C8F3C78,id=b31e81a4-9d51-4c30-935b-af8637f1730a
2019-09-25 12:06:37,671 [ForkJoinPool.commonPool-worker-0] INFO  impl.RoleInfo (RoleInfo.java:shutdownLeaderState(104)) - b31e81a4-9d51-4c30-935b-af8637f1730a: shutdown LeaderState
2019-09-25 12:06:37,672 [ForkJoinPool.commonPool-worker-0] INFO  impl.PendingRequests (PendingRequests.java:sendNotLeaderResponses(202)) - b31e81a4-9d51-4c30-935b-af8637f1730a-PendingRequests: sendNotLeaderResponses
2019-09-25 12:06:37,672 [ForkJoinPool.commonPool-worker-0] INFO  impl.StateMachineUpdater (StateMachineUpdater.java:stopAndJoin(125)) - b31e81a4-9d51-4c30-935b-af8637f1730a@group-F6C99C8F3C78-StateMachineUpdater: set stopIndex = 0
2019-09-25 12:06:37,673 [ForkJoinPool.commonPool-worker-0] INFO  impl.RaftServerImpl (ServerState.java:close(385)) - b31e81a4-9d51-4c30-935b-af8637f1730a@group-F6C99C8F3C78: closes. applyIndex: 0
2019-09-25 12:06:37,674 [b31e81a4-9d51-4c30-935b-af8637f1730a@group-F6C99C8F3C78-SegmentedRaftLogWorker] INFO  segmented.SegmentedRaftLogWorker (SegmentedRaftLogWorker.java:run(313)) - b31e81a4-9d51-4c30-935b-af8637f1730a@group-F6C99C8F3C78-SegmentedRaftLogWorker was interrupted, exiting. There are 0 tasks remaining in the queue.
2019-09-25 12:06:37,674 [ForkJoinPool.commonPool-worker-0] INFO  segmented.SegmentedRaftLogWorker (SegmentedRaftLogWorker.java:close(228)) - b31e81a4-9d51-4c30-935b-af8637f1730a@group-F6C99C8F3C78-SegmentedRaftLogWorker close()
2019-09-25 12:06:37,674 [ForkJoinPool.commonPool-worker-0] INFO  server.GrpcService (GrpcService.java:closeImpl(164)) - b31e81a4-9d51-4c30-935b-af8637f1730a: shutdown server with port 39091 now
2019-09-25 12:06:37,679 [ForkJoinPool.commonPool-worker-0] INFO  server.GrpcService (GrpcService.java:closeImpl(172)) - b31e81a4-9d51-4c30-935b-af8637f1730a: shutdown server with port 39091 successfully
2019-09-25 12:06:37,683 [refreshUsed-/workdir/hadoop-ozone/integration-test/target/test-dir/MiniOzoneClusterImpl-587876f3-3d98-4cc8-9a43-bf4d205d7dbe/datanode-1/data/containers] WARN  fs.CachingGetSpaceUsed (CachingGetSpaceUsed.java:run(183)) - Thread Interrupted waiting to refresh disk information: sleep interrupted
2019-09-25 12:06:37,694 [ForkJoinPool.commonPool-worker-0] INFO  utils.BackgroundService (BackgroundService.java:shutdown(148)) - Shutting down service BlockDeletingService
2019-09-25 12:06:37,699 [main] INFO  utils.BackgroundService (BackgroundService.java:shutdown(148)) - Shutting down service BlockDeletingService
2019-09-25 12:06:37,709 [ForkJoinPool.commonPool-worker-0] INFO  statemachine.DatanodeStateMachine (DatanodeStateMachine.java:stopDaemon(395)) - Ozone container server stopped.
2019-09-25 12:06:37,724 [main] INFO  statemachine.DatanodeStateMachine (DatanodeStateMachine.java:stopDaemon(395)) - Ozone container server stopped.
2019-09-25 12:06:37,737 [ForkJoinPool.commonPool-worker-0] INFO  handler.ContextHandler (ContextHandler.java:doStop(910)) - Stopped o.e.j.w.WebAppContext@47eaf55c{/,null,UNAVAILABLE}{/hddsDatanode}
2019-09-25 12:06:37,737 [main] INFO  handler.ContextHandler (ContextHandler.java:doStop(910)) - Stopped o.e.j.w.WebAppContext@144a5e6e{/,null,UNAVAILABLE}{/hddsDatanode}
2019-09-25 12:06:37,737 [ForkJoinPool.commonPool-worker-0] INFO  server.AbstractConnector (AbstractConnector.java:doStop(318)) - Stopped ServerConnector@2c0798bd{HTTP/1.1,[http/1.1]}{0.0.0.0:0}
2019-09-25 12:06:37,737 [main] INFO  server.AbstractConnector (AbstractConnector.java:doStop(318)) - Stopped ServerConnector@2707c790{HTTP/1.1,[http/1.1]}{0.0.0.0:0}
2019-09-25 12:06:37,740 [ForkJoinPool.commonPool-worker-0] INFO  handler.ContextHandler (ContextHandler.java:doStop(910)) - Stopped o.e.j.s.ServletContextHandler@18e6b72b{/static,jar:file:/home/user/.m2/repository/org/apache/hadoop/hadoop-hdds-container-service/0.5.0-SNAPSHOT/hadoop-hdds-container-service-0.5.0-SNAPSHOT.jar!/webapps/static,UNAVAILABLE}
2019-09-25 12:06:37,741 [main] INFO  handler.ContextHandler (ContextHandler.java:doStop(910)) - Stopped o.e.j.s.ServletContextHandler@5408d4b3{/static,jar:file:/home/user/.m2/repository/org/apache/hadoop/hadoop-hdds-container-service/0.5.0-SNAPSHOT/hadoop-hdds-container-service-0.5.0-SNAPSHOT.jar!/webapps/static,UNAVAILABLE}
2019-09-25 12:06:37,743 [ForkJoinPool.commonPool-worker-0] INFO  handler.ContextHandler (ContextHandler.java:doStop(910)) - Stopped o.e.j.s.ServletContextHandler@9c0d0bd{/logs,file:///workdir/hadoop-ozone/integration-test/target/log,UNAVAILABLE}
2019-09-25 12:06:37,744 [main] INFO  handler.ContextHandler (ContextHandler.java:doStop(910)) - Stopped o.e.j.s.ServletContextHandler@5c76fce4{/logs,file:///workdir/hadoop-ozone/integration-test/target/log,UNAVAILABLE}
2019-09-25 12:06:38,062 [Datanode State Machine Thread - 0] INFO  statemachine.DatanodeStateMachine (DatanodeStateMachine.java:lambda$startDaemon$0(350)) - Ozone container server started.
2019-09-25 12:06:38,481 [Datanode State Machine Thread - 0] INFO  statemachine.DatanodeStateMachine (DatanodeStateMachine.java:lambda$startDaemon$0(350)) - Ozone container server started.
2019-09-25 12:06:42,127 [EventQueue-StaleNodeForStaleNodeHandler] INFO  node.StaleNodeHandler (StaleNodeHandler.java:onMessage(58)) - Datanode 45cd06ff-25a2-484c-ae07-8678dc67fe17{ip: 192.168.151.73, host: pr-hdds-1569-shd4m-3693607622, networkLocation: /default-rack, certSerialId: null} moved to stale state. Finalizing its pipelines [PipelineID=d1aa57b1-43ec-4bbb-8996-47ebf2393f0f, PipelineID=fd54ed0c-f3b5-404f-bdf2-8d7425402a93, PipelineID=4784c847-5240-4326-be2e-2d074ba07524, PipelineID=6277bf3a-ec51-49ce-8b79-0db00e829fc1, PipelineID=1926629b-dda2-4f97-baaf-d3d998cffebc, PipelineID=f30c314d-a53a-4838-afe0-6b6f72f82c6a]
2019-09-25 12:06:42,127 [EventQueue-StaleNodeForStaleNodeHandler] INFO  pipeline.SCMPipelineManager (SCMPipelineManager.java:finalizeAndDestroyPipeline(316)) - destroying pipeline:Pipeline[ Id: d1aa57b1-43ec-4bbb-8996-47ebf2393f0f, Nodes: 45cd06ff-25a2-484c-ae07-8678dc67fe17{ip: 192.168.151.73, host: pr-hdds-1569-shd4m-3693607622, networkLocation: /default-rack, certSerialId: null}, Type:RATIS, Factor:ONE, State:OPEN]
2019-09-25 12:06:42,127 [EventQueue-StaleNodeForStaleNodeHandler] INFO  pipeline.PipelineStateManager (PipelineStateManager.java:finalizePipeline(123)) - Pipeline Pipeline[ Id: d1aa57b1-43ec-4bbb-8996-47ebf2393f0f, Nodes: 45cd06ff-25a2-484c-ae07-8678dc67fe17{ip: 192.168.151.73, host: pr-hdds-1569-shd4m-3693607622, networkLocation: /default-rack, certSerialId: null}, Type:RATIS, Factor:ONE, State:CLOSED] moved to CLOSED state
2019-09-25 12:06:42,128 [EventQueue-StaleNodeForStaleNodeHandler] INFO  pipeline.SCMPipelineManager (SCMPipelineManager.java:finalizeAndDestroyPipeline(316)) - destroying pipeline:Pipeline[ Id: fd54ed0c-f3b5-404f-bdf2-8d7425402a93, Nodes: 45cd06ff-25a2-484c-ae07-8678dc67fe17{ip: 192.168.151.73, host: pr-hdds-1569-shd4m-3693607622, networkLocation: /default-rack, certSerialId: null}, Type:RATIS, Factor:ONE, State:OPEN]
2019-09-25 12:06:42,128 [EventQueue-StaleNodeForStaleNodeHandler] INFO  pipeline.PipelineStateManager (PipelineStateManager.java:finalizePipeline(123)) - Pipeline Pipeline[ Id: fd54ed0c-f3b5-404f-bdf2-8d7425402a93, Nodes: 45cd06ff-25a2-484c-ae07-8678dc67fe17{ip: 192.168.151.73, host: pr-hdds-1569-shd4m-3693607622, networkLocation: /default-rack, certSerialId: null}, Type:RATIS, Factor:ONE, State:CLOSED] moved to CLOSED state
2019-09-25 12:06:42,128 [EventQueue-StaleNodeForStaleNodeHandler] INFO  pipeline.SCMPipelineManager (SCMPipelineManager.java:finalizeAndDestroyPipeline(316)) - destroying pipeline:Pipeline[ Id: 4784c847-5240-4326-be2e-2d074ba07524, Nodes: 45cd06ff-25a2-484c-ae07-8678dc67fe17{ip: 192.168.151.73, host: pr-hdds-1569-shd4m-3693607622, networkLocation: /default-rack, certSerialId: null}, Type:RATIS, Factor:ONE, State:OPEN]
2019-09-25 12:06:42,128 [EventQueue-StaleNodeForStaleNodeHandler] INFO  pipeline.PipelineStateManager (PipelineStateManager.java:finalizePipeline(123)) - Pipeline Pipeline[ Id: 4784c847-5240-4326-be2e-2d074ba07524, Nodes: 45cd06ff-25a2-484c-ae07-8678dc67fe17{ip: 192.168.151.73, host: pr-hdds-1569-shd4m-3693607622, networkLocation: /default-rack, certSerialId: null}, Type:RATIS, Factor:ONE, State:CLOSED] moved to CLOSED state
2019-09-25 12:06:42,128 [EventQueue-StaleNodeForStaleNodeHandler] INFO  pipeline.SCMPipelineManager (SCMPipelineManager.java:finalizeAndDestroyPipeline(316)) - destroying pipeline:Pipeline[ Id: 6277bf3a-ec51-49ce-8b79-0db00e829fc1, Nodes: 45cd06ff-25a2-484c-ae07-8678dc67fe17{ip: 192.168.151.73, host: pr-hdds-1569-shd4m-3693607622, networkLocation: /default-rack, certSerialId: null}, Type:RATIS, Factor:ONE, State:OPEN]
2019-09-25 12:06:42,128 [EventQueue-StaleNodeForStaleNodeHandler] INFO  pipeline.PipelineStateManager (PipelineStateManager.java:finalizePipeline(123)) - Pipeline Pipeline[ Id: 6277bf3a-ec51-49ce-8b79-0db00e829fc1, Nodes: 45cd06ff-25a2-484c-ae07-8678dc67fe17{ip: 192.168.151.73, host: pr-hdds-1569-shd4m-3693607622, networkLocation: /default-rack, certSerialId: null}, Type:RATIS, Factor:ONE, State:CLOSED] moved to CLOSED state
2019-09-25 12:06:42,128 [EventQueue-StaleNodeForStaleNodeHandler] INFO  pipeline.SCMPipelineManager (SCMPipelineManager.java:finalizeAndDestroyPipeline(316)) - destroying pipeline:Pipeline[ Id: 1926629b-dda2-4f97-baaf-d3d998cffebc, Nodes: 45cd06ff-25a2-484c-ae07-8678dc67fe17{ip: 192.168.151.73, host: pr-hdds-1569-shd4m-3693607622, networkLocation: /default-rack, certSerialId: null}, Type:RATIS, Factor:ONE, State:OPEN]
2019-09-25 12:06:42,129 [EventQueue-StaleNodeForStaleNodeHandler] INFO  pipeline.PipelineStateManager (PipelineStateManager.java:finalizePipeline(123)) - Pipeline Pipeline[ Id: 1926629b-dda2-4f97-baaf-d3d998cffebc, Nodes: 45cd06ff-25a2-484c-ae07-8678dc67fe17{ip: 192.168.151.73, host: pr-hdds-1569-shd4m-3693607622, networkLocation: /default-rack, certSerialId: null}, Type:RATIS, Factor:ONE, State:CLOSED] moved to CLOSED state
2019-09-25 12:06:42,129 [EventQueue-StaleNodeForStaleNodeHandler] INFO  pipeline.SCMPipelineManager (SCMPipelineManager.java:finalizeAndDestroyPipeline(316)) - destroying pipeline:Pipeline[ Id: f30c314d-a53a-4838-afe0-6b6f72f82c6a, Nodes: 45cd06ff-25a2-484c-ae07-8678dc67fe17{ip: 192.168.151.73, host: pr-hdds-1569-shd4m-3693607622, networkLocation: /default-rack, certSerialId: null}, Type:RATIS, Factor:ONE, State:OPEN]
2019-09-25 12:06:42,129 [EventQueue-StaleNodeForStaleNodeHandler] INFO  pipeline.PipelineStateManager (PipelineStateManager.java:finalizePipeline(123)) - Pipeline Pipeline[ Id: f30c314d-a53a-4838-afe0-6b6f72f82c6a, Nodes: 45cd06ff-25a2-484c-ae07-8678dc67fe17{ip: 192.168.151.73, host: pr-hdds-1569-shd4m-3693607622, networkLocation: /default-rack, certSerialId: null}, Type:RATIS, Factor:ONE, State:CLOSED] moved to CLOSED state
2019-09-25 12:06:42,155 [Thread-3612] INFO  impl.FollowerState (FollowerState.java:run(106)) - 45cd06ff-25a2-484c-ae07-8678dc67fe17:group-47EBF2393F0F changes to CANDIDATE, lastRpcTime:10659, electionTimeout:5007ms
2019-09-25 12:06:42,161 [Thread-3612] INFO  impl.RoleInfo (RoleInfo.java:shutdownFollowerState(121)) - 45cd06ff-25a2-484c-ae07-8678dc67fe17: shutdown FollowerState
2019-09-25 12:06:42,161 [Thread-3612] INFO  impl.RaftServerImpl (RaftServerImpl.java:setRole(174)) - 45cd06ff-25a2-484c-ae07-8678dc67fe17@group-47EBF2393F0F: changes role from  FOLLOWER to CANDIDATE at term 0 for changeToCandidate
2019-09-25 12:06:42,161 [Thread-3612] INFO  impl.RoleInfo (RoleInfo.java:updateAndGet(143)) - 45cd06ff-25a2-484c-ae07-8678dc67fe17: start LeaderElection
2019-09-25 12:06:42,176 [45cd06ff-25a2-484c-ae07-8678dc67fe17@group-47EBF2393F0F:LeaderElection297] INFO  impl.LeaderElection (LeaderElection.java:askForVotes(182)) - 45cd06ff-25a2-484c-ae07-8678dc67fe17@group-47EBF2393F0F:LeaderElection297: begin an election at term 1 for -1: [45cd06ff-25a2-484c-ae07-8678dc67fe17:192.168.151.73:40405], old=null
2019-09-25 12:06:42,176 [45cd06ff-25a2-484c-ae07-8678dc67fe17@group-47EBF2393F0F:LeaderElection297] INFO  impl.RoleInfo (RoleInfo.java:shutdownLeaderElection(134)) - 45cd06ff-25a2-484c-ae07-8678dc67fe17: shutdown LeaderElection
2019-09-25 12:06:42,176 [45cd06ff-25a2-484c-ae07-8678dc67fe17@group-47EBF2393F0F:LeaderElection297] INFO  impl.RaftServerImpl (RaftServerImpl.java:setRole(174)) - 45cd06ff-25a2-484c-ae07-8678dc67fe17@group-47EBF2393F0F: changes role from CANDIDATE to LEADER at term 1 for changeToLeader
2019-09-25 12:06:42,176 [45cd06ff-25a2-484c-ae07-8678dc67fe17@group-47EBF2393F0F:LeaderElection297] INFO  impl.RaftServerImpl (ServerState.java:setLeader(253)) - 45cd06ff-25a2-484c-ae07-8678dc67fe17@group-47EBF2393F0F: change Leader from null to 45cd06ff-25a2-484c-ae07-8678dc67fe17 at term 1 for becomeLeader, leader elected after 10685ms
2019-09-25 12:06:42,176 [45cd06ff-25a2-484c-ae07-8678dc67fe17@group-47EBF2393F0F:LeaderElection297] INFO  server.RaftServerConfigKeys (ConfUtils.java:logGet(43)) - raft.server.staging.catchup.gap = 1000 (default)
2019-09-25 12:06:42,176 [45cd06ff-25a2-484c-ae07-8678dc67fe17@group-47EBF2393F0F:LeaderElection297] INFO  server.RaftServerConfigKeys (ConfUtils.java:logGet(43)) - raft.server.rpc.sleep.time = 25ms (default)
2019-09-25 12:06:42,177 [45cd06ff-25a2-484c-ae07-8678dc67fe17@group-47EBF2393F0F:LeaderElection297] INFO  server.RaftServerConfigKeys (ConfUtils.java:logGet(43)) - raft.server.write.element-limit = 4096 (default)
2019-09-25 12:06:42,177 [45cd06ff-25a2-484c-ae07-8678dc67fe17@group-47EBF2393F0F:LeaderElection297] INFO  server.RaftServerConfigKeys (ConfUtils.java:logGet(43)) - raft.server.watch.timeout = 10s (default)
2019-09-25 12:06:42,177 [45cd06ff-25a2-484c-ae07-8678dc67fe17@group-47EBF2393F0F:LeaderElection297] INFO  server.RaftServerConfigKeys (ConfUtils.java:logGet(43)) - raft.server.watch.timeout.denomination = 1s (default)
2019-09-25 12:06:42,177 [45cd06ff-25a2-484c-ae07-8678dc67fe17@group-47EBF2393F0F:LeaderElection297] INFO  server.RaftServerConfigKeys (ConfUtils.java:logGet(43)) - raft.server.watch.element-limit = 65536 (default)
2019-09-25 12:06:42,179 [45cd06ff-25a2-484c-ae07-8678dc67fe17@group-47EBF2393F0F:LeaderElection297] INFO  impl.RoleInfo (RoleInfo.java:updateAndGet(143)) - 45cd06ff-25a2-484c-ae07-8678dc67fe17: start LeaderState
2019-09-25 12:06:42,179 [45cd06ff-25a2-484c-ae07-8678dc67fe17@group-47EBF2393F0F:LeaderElection297] INFO  segmented.SegmentedRaftLogWorker (SegmentedRaftLogWorker.java:startLogSegment(380)) - 45cd06ff-25a2-484c-ae07-8678dc67fe17@group-47EBF2393F0F-SegmentedRaftLogWorker: Starting segment from index:0
2019-09-25 12:06:42,180 [45cd06ff-25a2-484c-ae07-8678dc67fe17@group-47EBF2393F0F:LeaderElection297] INFO  impl.RaftServerImpl (ServerState.java:setRaftConf(354)) - 45cd06ff-25a2-484c-ae07-8678dc67fe17@group-47EBF2393F0F: set configuration 0: [45cd06ff-25a2-484c-ae07-8678dc67fe17:192.168.151.73:40405], old=null at 0
2019-09-25 12:06:42,229 [45cd06ff-25a2-484c-ae07-8678dc67fe17@group-47EBF2393F0F-SegmentedRaftLogWorker] INFO  segmented.SegmentedRaftLogWorker (SegmentedRaftLogWorker.java:execute(569)) - 45cd06ff-25a2-484c-ae07-8678dc67fe17@group-47EBF2393F0F-SegmentedRaftLogWorker: created new log segment /workdir/hadoop-ozone/integration-test/target/test-dir/MiniOzoneClusterImpl-587876f3-3d98-4cc8-9a43-bf4d205d7dbe/datanode-3/data/ratis/d1aa57b1-43ec-4bbb-8996-47ebf2393f0f/current/log_inprogress_0
2019-09-25 12:06:42,298 [Thread-3606] INFO  impl.FollowerState (FollowerState.java:run(106)) - 45cd06ff-25a2-484c-ae07-8678dc67fe17:group-0DB00E829FC1 changes to CANDIDATE, lastRpcTime:10880, electionTimeout:5150ms
2019-09-25 12:06:42,298 [Thread-3606] INFO  impl.RoleInfo (RoleInfo.java:shutdownFollowerState(121)) - 45cd06ff-25a2-484c-ae07-8678dc67fe17: shutdown FollowerState
2019-09-25 12:06:42,298 [Thread-3606] INFO  impl.RaftServerImpl (RaftServerImpl.java:setRole(174)) - 45cd06ff-25a2-484c-ae07-8678dc67fe17@group-0DB00E829FC1: changes role from  FOLLOWER to CANDIDATE at term 0 for changeToCandidate
2019-09-25 12:06:42,298 [Thread-3606] INFO  impl.RoleInfo (RoleInfo.java:updateAndGet(143)) - 45cd06ff-25a2-484c-ae07-8678dc67fe17: start LeaderElection
2019-09-25 12:06:42,312 [45cd06ff-25a2-484c-ae07-8678dc67fe17@group-0DB00E829FC1:LeaderElection298] INFO  impl.LeaderElection (LeaderElection.java:askForVotes(182)) - 45cd06ff-25a2-484c-ae07-8678dc67fe17@group-0DB00E829FC1:LeaderElection298: begin an election at term 1 for -1: [45cd06ff-25a2-484c-ae07-8678dc67fe17:192.168.151.73:40405], old=null
2019-09-25 12:06:42,312 [45cd06ff-25a2-484c-ae07-8678dc67fe17@group-0DB00E829FC1:LeaderElection298] INFO  impl.RoleInfo (RoleInfo.java:shutdownLeaderElection(134)) - 45cd06ff-25a2-484c-ae07-8678dc67fe17: shutdown LeaderElection
2019-09-25 12:06:42,312 [45cd06ff-25a2-484c-ae07-8678dc67fe17@group-0DB00E829FC1:LeaderElection298] INFO  impl.RaftServerImpl (RaftServerImpl.java:setRole(174)) - 45cd06ff-25a2-484c-ae07-8678dc67fe17@group-0DB00E829FC1: changes role from CANDIDATE to LEADER at term 1 for changeToLeader
2019-09-25 12:06:42,312 [45cd06ff-25a2-484c-ae07-8678dc67fe17@group-0DB00E829FC1:LeaderElection298] INFO  impl.RaftServerImpl (ServerState.java:setLeader(253)) - 45cd06ff-25a2-484c-ae07-8678dc67fe17@group-0DB00E829FC1: change Leader from null to 45cd06ff-25a2-484c-ae07-8678dc67fe17 at term 1 for becomeLeader, leader elected after 10900ms
2019-09-25 12:06:42,312 [45cd06ff-25a2-484c-ae07-8678dc67fe17@group-0DB00E829FC1:LeaderElection298] INFO  server.RaftServerConfigKeys (ConfUtils.java:logGet(43)) - raft.server.staging.catchup.gap = 1000 (default)
2019-09-25 12:06:42,313 [45cd06ff-25a2-484c-ae07-8678dc67fe17@group-0DB00E829FC1:LeaderElection298] INFO  server.RaftServerConfigKeys (ConfUtils.java:logGet(43)) - raft.server.rpc.sleep.time = 25ms (default)
2019-09-25 12:06:42,313 [45cd06ff-25a2-484c-ae07-8678dc67fe17@group-0DB00E829FC1:LeaderElection298] INFO  server.RaftServerConfigKeys (ConfUtils.java:logGet(43)) - raft.server.write.element-limit = 4096 (default)
2019-09-25 12:06:42,313 [45cd06ff-25a2-484c-ae07-8678dc67fe17@group-0DB00E829FC1:LeaderElection298] INFO  server.RaftServerConfigKeys (ConfUtils.java:logGet(43)) - raft.server.watch.timeout = 10s (default)
2019-09-25 12:06:42,313 [45cd06ff-25a2-484c-ae07-8678dc67fe17@group-0DB00E829FC1:LeaderElection298] INFO  server.RaftServerConfigKeys (ConfUtils.java:logGet(43)) - raft.server.watch.timeout.denomination = 1s (default)
2019-09-25 12:06:42,313 [45cd06ff-25a2-484c-ae07-8678dc67fe17@group-0DB00E829FC1:LeaderElection298] INFO  server.RaftServerConfigKeys (ConfUtils.java:logGet(43)) - raft.server.watch.element-limit = 65536 (default)
2019-09-25 12:06:42,315 [45cd06ff-25a2-484c-ae07-8678dc67fe17@group-0DB00E829FC1:LeaderElection298] INFO  impl.RoleInfo (RoleInfo.java:updateAndGet(143)) - 45cd06ff-25a2-484c-ae07-8678dc67fe17: start LeaderState
2019-09-25 12:06:42,315 [45cd06ff-25a2-484c-ae07-8678dc67fe17@group-0DB00E829FC1:LeaderElection298] INFO  segmented.SegmentedRaftLogWorker (SegmentedRaftLogWorker.java:startLogSegment(380)) - 45cd06ff-25a2-484c-ae07-8678dc67fe17@group-0DB00E829FC1-SegmentedRaftLogWorker: Starting segment from index:0
2019-09-25 12:06:42,316 [45cd06ff-25a2-484c-ae07-8678dc67fe17@group-0DB00E829FC1:LeaderElection298] INFO  impl.RaftServerImpl (ServerState.java:setRaftConf(354)) - 45cd06ff-25a2-484c-ae07-8678dc67fe17@group-0DB00E829FC1: set configuration 0: [45cd06ff-25a2-484c-ae07-8678dc67fe17:192.168.151.73:40405], old=null at 0
2019-09-25 12:06:42,364 [45cd06ff-25a2-484c-ae07-8678dc67fe17@group-0DB00E829FC1-SegmentedRaftLogWorker] INFO  segmented.SegmentedRaftLogWorker (SegmentedRaftLogWorker.java:execute(569)) - 45cd06ff-25a2-484c-ae07-8678dc67fe17@group-0DB00E829FC1-SegmentedRaftLogWorker: created new log segment /workdir/hadoop-ozone/integration-test/target/test-dir/MiniOzoneClusterImpl-587876f3-3d98-4cc8-9a43-bf4d205d7dbe/datanode-3/data/ratis/6277bf3a-ec51-49ce-8b79-0db00e829fc1/current/log_inprogress_0
2019-09-25 12:06:42,527 [EventQueue-StaleNodeForStaleNodeHandler] INFO  node.StaleNodeHandler (StaleNodeHandler.java:onMessage(58)) - Datanode 4265dd55-646c-4571-a7aa-5a5e7479765c{ip: 192.168.151.73, host: pr-hdds-1569-shd4m-3693607622, networkLocation: /default-rack, certSerialId: null} moved to stale state. Finalizing its pipelines [PipelineID=5eb04cdd-a454-4a61-9d7b-05686909fd22, PipelineID=46d92a2d-c0da-41f1-aca6-9389f609d95f, PipelineID=f68d5473-47b3-40ef-9e20-cfbbaec304e2, PipelineID=53b7a6ba-2ee8-4b57-b236-f8909bbd39e1, PipelineID=513d4f42-3f99-4527-805f-069d3e3c85c6, PipelineID=2a2f991e-0a9b-4d3f-8c7f-7bb84b2857c1]
2019-09-25 12:06:42,528 [EventQueue-StaleNodeForStaleNodeHandler] INFO  pipeline.SCMPipelineManager (SCMPipelineManager.java:finalizeAndDestroyPipeline(316)) - destroying pipeline:Pipeline[ Id: 5eb04cdd-a454-4a61-9d7b-05686909fd22, Nodes: 4265dd55-646c-4571-a7aa-5a5e7479765c{ip: 192.168.151.73, host: pr-hdds-1569-shd4m-3693607622, networkLocation: /default-rack, certSerialId: null}, Type:RATIS, Factor:ONE, State:OPEN]
2019-09-25 12:06:42,528 [EventQueue-StaleNodeForStaleNodeHandler] INFO  pipeline.PipelineStateManager (PipelineStateManager.java:finalizePipeline(123)) - Pipeline Pipeline[ Id: 5eb04cdd-a454-4a61-9d7b-05686909fd22, Nodes: 4265dd55-646c-4571-a7aa-5a5e7479765c{ip: 192.168.151.73, host: pr-hdds-1569-shd4m-3693607622, networkLocation: /default-rack, certSerialId: null}, Type:RATIS, Factor:ONE, State:CLOSED] moved to CLOSED state
2019-09-25 12:06:42,528 [EventQueue-StaleNodeForStaleNodeHandler] INFO  pipeline.SCMPipelineManager (SCMPipelineManager.java:finalizeAndDestroyPipeline(316)) - destroying pipeline:Pipeline[ Id: 46d92a2d-c0da-41f1-aca6-9389f609d95f, Nodes: 4265dd55-646c-4571-a7aa-5a5e7479765c{ip: 192.168.151.73, host: pr-hdds-1569-shd4m-3693607622, networkLocation: /default-rack, certSerialId: null}, Type:RATIS, Factor:ONE, State:OPEN]
2019-09-25 12:06:42,528 [EventQueue-StaleNodeForStaleNodeHandler] INFO  pipeline.PipelineStateManager (PipelineStateManager.java:finalizePipeline(123)) - Pipeline Pipeline[ Id: 46d92a2d-c0da-41f1-aca6-9389f609d95f, Nodes: 4265dd55-646c-4571-a7aa-5a5e7479765c{ip: 192.168.151.73, host: pr-hdds-1569-shd4m-3693607622, networkLocation: /default-rack, certSerialId: null}, Type:RATIS, Factor:ONE, State:CLOSED] moved to CLOSED state
2019-09-25 12:06:42,529 [EventQueue-StaleNodeForStaleNodeHandler] INFO  pipeline.SCMPipelineManager (SCMPipelineManager.java:finalizeAndDestroyPipeline(316)) - destroying pipeline:Pipeline[ Id: f68d5473-47b3-40ef-9e20-cfbbaec304e2, Nodes: 4265dd55-646c-4571-a7aa-5a5e7479765c{ip: 192.168.151.73, host: pr-hdds-1569-shd4m-3693607622, networkLocation: /default-rack, certSerialId: null}, Type:RATIS, Factor:ONE, State:OPEN]
2019-09-25 12:06:42,529 [EventQueue-StaleNodeForStaleNodeHandler] INFO  pipeline.PipelineStateManager (PipelineStateManager.java:finalizePipeline(123)) - Pipeline Pipeline[ Id: f68d5473-47b3-40ef-9e20-cfbbaec304e2, Nodes: 4265dd55-646c-4571-a7aa-5a5e7479765c{ip: 192.168.151.73, host: pr-hdds-1569-shd4m-3693607622, networkLocation: /default-rack, certSerialId: null}, Type:RATIS, Factor:ONE, State:CLOSED] moved to CLOSED state
2019-09-25 12:06:42,529 [EventQueue-StaleNodeForStaleNodeHandler] INFO  pipeline.SCMPipelineManager (SCMPipelineManager.java:finalizeAndDestroyPipeline(316)) - destroying pipeline:Pipeline[ Id: 53b7a6ba-2ee8-4b57-b236-f8909bbd39e1, Nodes: 4265dd55-646c-4571-a7aa-5a5e7479765c{ip: 192.168.151.73, host: pr-hdds-1569-shd4m-3693607622, networkLocation: /default-rack, certSerialId: null}, Type:RATIS, Factor:ONE, State:OPEN]
2019-09-25 12:06:42,529 [EventQueue-StaleNodeForStaleNodeHandler] INFO  pipeline.PipelineStateManager (PipelineStateManager.java:finalizePipeline(123)) - Pipeline Pipeline[ Id: 53b7a6ba-2ee8-4b57-b236-f8909bbd39e1, Nodes: 4265dd55-646c-4571-a7aa-5a5e7479765c{ip: 192.168.151.73, host: pr-hdds-1569-shd4m-3693607622, networkLocation: /default-rack, certSerialId: null}, Type:RATIS, Factor:ONE, State:CLOSED] moved to CLOSED state
2019-09-25 12:06:42,529 [EventQueue-StaleNodeForStaleNodeHandler] INFO  pipeline.SCMPipelineManager (SCMPipelineManager.java:finalizeAndDestroyPipeline(316)) - destroying pipeline:Pipeline[ Id: 513d4f42-3f99-4527-805f-069d3e3c85c6, Nodes: 4265dd55-646c-4571-a7aa-5a5e7479765c{ip: 192.168.151.73, host: pr-hdds-1569-shd4m-3693607622, networkLocation: /default-rack, certSerialId: null}, Type:RATIS, Factor:ONE, State:OPEN]
2019-09-25 12:06:42,529 [EventQueue-StaleNodeForStaleNodeHandler] INFO  pipeline.PipelineStateManager (PipelineStateManager.java:finalizePipeline(123)) - Pipeline Pipeline[ Id: 513d4f42-3f99-4527-805f-069d3e3c85c6, Nodes: 4265dd55-646c-4571-a7aa-5a5e7479765c{ip: 192.168.151.73, host: pr-hdds-1569-shd4m-3693607622, networkLocation: /default-rack, certSerialId: null}, Type:RATIS, Factor:ONE, State:CLOSED] moved to CLOSED state
2019-09-25 12:06:42,530 [EventQueue-StaleNodeForStaleNodeHandler] INFO  pipeline.SCMPipelineManager (SCMPipelineManager.java:finalizeAndDestroyPipeline(316)) - destroying pipeline:Pipeline[ Id: 2a2f991e-0a9b-4d3f-8c7f-7bb84b2857c1, Nodes: 4265dd55-646c-4571-a7aa-5a5e7479765c{ip: 192.168.151.73, host: pr-hdds-1569-shd4m-3693607622, networkLocation: /default-rack, certSerialId: null}, Type:RATIS, Factor:ONE, State:OPEN]
2019-09-25 12:06:42,530 [EventQueue-StaleNodeForStaleNodeHandler] INFO  pipeline.PipelineStateManager (PipelineStateManager.java:finalizePipeline(123)) - Pipeline Pipeline[ Id: 2a2f991e-0a9b-4d3f-8c7f-7bb84b2857c1, Nodes: 4265dd55-646c-4571-a7aa-5a5e7479765c{ip: 192.168.151.73, host: pr-hdds-1569-shd4m-3693607622, networkLocation: /default-rack, certSerialId: null}, Type:RATIS, Factor:ONE, State:CLOSED] moved to CLOSED state
2019-09-25 12:06:42,746 [ForkJoinPool.commonPool-worker-0] INFO  ozoneimpl.OzoneContainer (OzoneContainer.java:stop(231)) - Attempting to stop container services.
2019-09-25 12:06:42,752 [main] INFO  ozoneimpl.OzoneContainer (OzoneContainer.java:stop(231)) - Attempting to stop container services.
2019-09-25 12:06:42,752 [ForkJoinPool.commonPool-worker-0] INFO  impl.RaftServerProxy (RaftServerProxy.java:lambda$close$4(314)) - 4265dd55-646c-4571-a7aa-5a5e7479765c: close
2019-09-25 12:06:42,753 [main] INFO  impl.RaftServerProxy (RaftServerProxy.java:lambda$close$4(314)) - 45cd06ff-25a2-484c-ae07-8678dc67fe17: close
2019-09-25 12:06:42,753 [ForkJoinPool.commonPool-worker-0] INFO  impl.RaftServerImpl (RaftServerImpl.java:lambda$shutdown$3(251)) - 4265dd55-646c-4571-a7aa-5a5e7479765c@group-9389F609D95F: shutdown
2019-09-25 12:06:42,753 [main] INFO  impl.RaftServerImpl (RaftServerImpl.java:lambda$shutdown$3(251)) - 45cd06ff-25a2-484c-ae07-8678dc67fe17@group-47EBF2393F0F: shutdown
2019-09-25 12:06:42,754 [ForkJoinPool.commonPool-worker-0] INFO  util.JmxRegister (JmxRegister.java:unregister(73)) - Successfully un-registered JMX Bean with object name Ratis:service=RaftServer,group=group-9389F609D95F,id=4265dd55-646c-4571-a7aa-5a5e7479765c
2019-09-25 12:06:42,754 [main] INFO  util.JmxRegister (JmxRegister.java:unregister(73)) - Successfully un-registered JMX Bean with object name Ratis:service=RaftServer,group=group-47EBF2393F0F,id=45cd06ff-25a2-484c-ae07-8678dc67fe17
2019-09-25 12:06:42,754 [ForkJoinPool.commonPool-worker-0] INFO  impl.RoleInfo (RoleInfo.java:shutdownLeaderState(104)) - 4265dd55-646c-4571-a7aa-5a5e7479765c: shutdown LeaderState
2019-09-25 12:06:42,755 [main] INFO  impl.RoleInfo (RoleInfo.java:shutdownLeaderState(104)) - 45cd06ff-25a2-484c-ae07-8678dc67fe17: shutdown LeaderState
2019-09-25 12:06:42,755 [ForkJoinPool.commonPool-worker-0] INFO  impl.PendingRequests (PendingRequests.java:sendNotLeaderResponses(202)) - 4265dd55-646c-4571-a7aa-5a5e7479765c-PendingRequests: sendNotLeaderResponses
2019-09-25 12:06:42,756 [main] INFO  impl.PendingRequests (PendingRequests.java:sendNotLeaderResponses(202)) - 45cd06ff-25a2-484c-ae07-8678dc67fe17-PendingRequests: sendNotLeaderResponses
2019-09-25 12:06:42,756 [ForkJoinPool.commonPool-worker-0] INFO  impl.StateMachineUpdater (StateMachineUpdater.java:stopAndJoin(125)) - 4265dd55-646c-4571-a7aa-5a5e7479765c@group-9389F609D95F-StateMachineUpdater: set stopIndex = 0
2019-09-25 12:06:42,757 [ForkJoinPool.commonPool-worker-0] INFO  impl.RaftServerImpl (ServerState.java:close(385)) - 4265dd55-646c-4571-a7aa-5a5e7479765c@group-9389F609D95F: closes. applyIndex: 0
2019-09-25 12:06:42,757 [main] INFO  impl.StateMachineUpdater (StateMachineUpdater.java:stopAndJoin(125)) - 45cd06ff-25a2-484c-ae07-8678dc67fe17@group-47EBF2393F0F-StateMachineUpdater: set stopIndex = 0
2019-09-25 12:06:42,758 [main] INFO  impl.RaftServerImpl (ServerState.java:close(385)) - 45cd06ff-25a2-484c-ae07-8678dc67fe17@group-47EBF2393F0F: closes. applyIndex: 0
2019-09-25 12:06:42,757 [4265dd55-646c-4571-a7aa-5a5e7479765c@group-9389F609D95F-SegmentedRaftLogWorker] INFO  segmented.SegmentedRaftLogWorker (SegmentedRaftLogWorker.java:run(313)) - 4265dd55-646c-4571-a7aa-5a5e7479765c@group-9389F609D95F-SegmentedRaftLogWorker was interrupted, exiting. There are 0 tasks remaining in the queue.
2019-09-25 12:06:42,758 [45cd06ff-25a2-484c-ae07-8678dc67fe17@group-47EBF2393F0F-SegmentedRaftLogWorker] INFO  segmented.SegmentedRaftLogWorker (SegmentedRaftLogWorker.java:run(313)) - 45cd06ff-25a2-484c-ae07-8678dc67fe17@group-47EBF2393F0F-SegmentedRaftLogWorker was interrupted, exiting. There are 0 tasks remaining in the queue.
2019-09-25 12:06:42,759 [ForkJoinPool.commonPool-worker-0] INFO  segmented.SegmentedRaftLogWorker (SegmentedRaftLogWorker.java:close(228)) - 4265dd55-646c-4571-a7aa-5a5e7479765c@group-9389F609D95F-SegmentedRaftLogWorker close()
2019-09-25 12:06:42,759 [main] INFO  segmented.SegmentedRaftLogWorker (SegmentedRaftLogWorker.java:close(228)) - 45cd06ff-25a2-484c-ae07-8678dc67fe17@group-47EBF2393F0F-SegmentedRaftLogWorker close()
2019-09-25 12:06:42,759 [ForkJoinPool.commonPool-worker-0] INFO  impl.RaftServerImpl (RaftServerImpl.java:lambda$shutdown$3(251)) - 4265dd55-646c-4571-a7aa-5a5e7479765c@group-05686909FD22: shutdown
2019-09-25 12:06:42,759 [main] INFO  impl.RaftServerImpl (RaftServerImpl.java:lambda$shutdown$3(251)) - 45cd06ff-25a2-484c-ae07-8678dc67fe17@group-8D7425402A93: shutdown
2019-09-25 12:06:42,760 [ForkJoinPool.commonPool-worker-0] INFO  util.JmxRegister (JmxRegister.java:unregister(73)) - Successfully un-registered JMX Bean with object name Ratis:service=RaftServer,group=group-05686909FD22,id=4265dd55-646c-4571-a7aa-5a5e7479765c
2019-09-25 12:06:42,760 [main] INFO  util.JmxRegister (JmxRegister.java:unregister(73)) - Successfully un-registered JMX Bean with object name Ratis:service=RaftServer,group=group-8D7425402A93,id=45cd06ff-25a2-484c-ae07-8678dc67fe17
2019-09-25 12:06:42,760 [ForkJoinPool.commonPool-worker-0] INFO  impl.RoleInfo (RoleInfo.java:shutdownLeaderState(104)) - 4265dd55-646c-4571-a7aa-5a5e7479765c: shutdown LeaderState
2019-09-25 12:06:42,761 [main] INFO  impl.RoleInfo (RoleInfo.java:shutdownLeaderState(104)) - 45cd06ff-25a2-484c-ae07-8678dc67fe17: shutdown LeaderState
2019-09-25 12:06:42,761 [ForkJoinPool.commonPool-worker-0] INFO  impl.PendingRequests (PendingRequests.java:sendNotLeaderResponses(202)) - 4265dd55-646c-4571-a7aa-5a5e7479765c-PendingRequests: sendNotLeaderResponses
2019-09-25 12:06:42,762 [main] INFO  impl.PendingRequests (PendingRequests.java:sendNotLeaderResponses(202)) - 45cd06ff-25a2-484c-ae07-8678dc67fe17-PendingRequests: sendNotLeaderResponses
2019-09-25 12:06:42,762 [ForkJoinPool.commonPool-worker-0] INFO  impl.StateMachineUpdater (StateMachineUpdater.java:stopAndJoin(125)) - 4265dd55-646c-4571-a7aa-5a5e7479765c@group-05686909FD22-StateMachineUpdater: set stopIndex = 0
2019-09-25 12:06:42,762 [main] INFO  impl.StateMachineUpdater (StateMachineUpdater.java:stopAndJoin(125)) - 45cd06ff-25a2-484c-ae07-8678dc67fe17@group-8D7425402A93-StateMachineUpdater: set stopIndex = 0
2019-09-25 12:06:42,763 [ForkJoinPool.commonPool-worker-0] INFO  impl.RaftServerImpl (ServerState.java:close(385)) - 4265dd55-646c-4571-a7aa-5a5e7479765c@group-05686909FD22: closes. applyIndex: 0
2019-09-25 12:06:42,763 [main] INFO  impl.RaftServerImpl (ServerState.java:close(385)) - 45cd06ff-25a2-484c-ae07-8678dc67fe17@group-8D7425402A93: closes. applyIndex: 0
2019-09-25 12:06:42,763 [4265dd55-646c-4571-a7aa-5a5e7479765c@group-05686909FD22-SegmentedRaftLogWorker] INFO  segmented.SegmentedRaftLogWorker (SegmentedRaftLogWorker.java:run(313)) - 4265dd55-646c-4571-a7aa-5a5e7479765c@group-05686909FD22-SegmentedRaftLogWorker was interrupted, exiting. There are 0 tasks remaining in the queue.
2019-09-25 12:06:42,764 [45cd06ff-25a2-484c-ae07-8678dc67fe17@group-8D7425402A93-SegmentedRaftLogWorker] INFO  segmented.SegmentedRaftLogWorker (SegmentedRaftLogWorker.java:run(313)) - 45cd06ff-25a2-484c-ae07-8678dc67fe17@group-8D7425402A93-SegmentedRaftLogWorker was interrupted, exiting. There are 0 tasks remaining in the queue.
2019-09-25 12:06:42,764 [ForkJoinPool.commonPool-worker-0] INFO  segmented.SegmentedRaftLogWorker (SegmentedRaftLogWorker.java:close(228)) - 4265dd55-646c-4571-a7aa-5a5e7479765c@group-05686909FD22-SegmentedRaftLogWorker close()
2019-09-25 12:06:42,764 [main] INFO  segmented.SegmentedRaftLogWorker (SegmentedRaftLogWorker.java:close(228)) - 45cd06ff-25a2-484c-ae07-8678dc67fe17@group-8D7425402A93-SegmentedRaftLogWorker close()
2019-09-25 12:06:42,764 [ForkJoinPool.commonPool-worker-0] INFO  impl.RaftServerImpl (RaftServerImpl.java:lambda$shutdown$3(251)) - 4265dd55-646c-4571-a7aa-5a5e7479765c@group-CFBBAEC304E2: shutdown
2019-09-25 12:06:42,765 [main] INFO  impl.RaftServerImpl (RaftServerImpl.java:lambda$shutdown$3(251)) - 45cd06ff-25a2-484c-ae07-8678dc67fe17@group-2D074BA07524: shutdown
2019-09-25 12:06:42,765 [ForkJoinPool.commonPool-worker-0] INFO  util.JmxRegister (JmxRegister.java:unregister(73)) - Successfully un-registered JMX Bean with object name Ratis:service=RaftServer,group=group-CFBBAEC304E2,id=4265dd55-646c-4571-a7aa-5a5e7479765c
2019-09-25 12:06:42,765 [main] INFO  util.JmxRegister (JmxRegister.java:unregister(73)) - Successfully un-registered JMX Bean with object name Ratis:service=RaftServer,group=group-2D074BA07524,id=45cd06ff-25a2-484c-ae07-8678dc67fe17
2019-09-25 12:06:42,766 [ForkJoinPool.commonPool-worker-0] INFO  impl.RoleInfo (RoleInfo.java:shutdownLeaderState(104)) - 4265dd55-646c-4571-a7aa-5a5e7479765c: shutdown LeaderState
2019-09-25 12:06:42,766 [main] INFO  impl.RoleInfo (RoleInfo.java:shutdownLeaderState(104)) - 45cd06ff-25a2-484c-ae07-8678dc67fe17: shutdown LeaderState
2019-09-25 12:06:42,766 [ForkJoinPool.commonPool-worker-0] INFO  impl.PendingRequests (PendingRequests.java:sendNotLeaderResponses(202)) - 4265dd55-646c-4571-a7aa-5a5e7479765c-PendingRequests: sendNotLeaderResponses
2019-09-25 12:06:42,767 [main] INFO  impl.PendingRequests (PendingRequests.java:sendNotLeaderResponses(202)) - 45cd06ff-25a2-484c-ae07-8678dc67fe17-PendingRequests: sendNotLeaderResponses
2019-09-25 12:06:42,767 [ForkJoinPool.commonPool-worker-0] INFO  impl.StateMachineUpdater (StateMachineUpdater.java:stopAndJoin(125)) - 4265dd55-646c-4571-a7aa-5a5e7479765c@group-CFBBAEC304E2-StateMachineUpdater: set stopIndex = 0
2019-09-25 12:06:42,768 [main] INFO  impl.StateMachineUpdater (StateMachineUpdater.java:stopAndJoin(125)) - 45cd06ff-25a2-484c-ae07-8678dc67fe17@group-2D074BA07524-StateMachineUpdater: set stopIndex = 0
2019-09-25 12:06:42,768 [ForkJoinPool.commonPool-worker-0] INFO  impl.RaftServerImpl (ServerState.java:close(385)) - 4265dd55-646c-4571-a7aa-5a5e7479765c@group-CFBBAEC304E2: closes. applyIndex: 0
2019-09-25 12:06:42,768 [main] INFO  impl.RaftServerImpl (ServerState.java:close(385)) - 45cd06ff-25a2-484c-ae07-8678dc67fe17@group-2D074BA07524: closes. applyIndex: 0
2019-09-25 12:06:42,769 [4265dd55-646c-4571-a7aa-5a5e7479765c@group-CFBBAEC304E2-SegmentedRaftLogWorker] INFO  segmented.SegmentedRaftLogWorker (SegmentedRaftLogWorker.java:run(313)) - 4265dd55-646c-4571-a7aa-5a5e7479765c@group-CFBBAEC304E2-SegmentedRaftLogWorker was interrupted, exiting. There are 0 tasks remaining in the queue.
2019-09-25 12:06:42,769 [45cd06ff-25a2-484c-ae07-8678dc67fe17@group-2D074BA07524-SegmentedRaftLogWorker] INFO  segmented.SegmentedRaftLogWorker (SegmentedRaftLogWorker.java:run(313)) - 45cd06ff-25a2-484c-ae07-8678dc67fe17@group-2D074BA07524-SegmentedRaftLogWorker was interrupted, exiting. There are 0 tasks remaining in the queue.
2019-09-25 12:06:42,769 [ForkJoinPool.commonPool-worker-0] INFO  segmented.SegmentedRaftLogWorker (SegmentedRaftLogWorker.java:close(228)) - 4265dd55-646c-4571-a7aa-5a5e7479765c@group-CFBBAEC304E2-SegmentedRaftLogWorker close()
2019-09-25 12:06:42,769 [main] INFO  segmented.SegmentedRaftLogWorker (SegmentedRaftLogWorker.java:close(228)) - 45cd06ff-25a2-484c-ae07-8678dc67fe17@group-2D074BA07524-SegmentedRaftLogWorker close()
2019-09-25 12:06:42,770 [ForkJoinPool.commonPool-worker-0] INFO  impl.RaftServerImpl (RaftServerImpl.java:lambda$shutdown$3(251)) - 4265dd55-646c-4571-a7aa-5a5e7479765c@group-F8909BBD39E1: shutdown
2019-09-25 12:06:42,770 [main] INFO  impl.RaftServerImpl (RaftServerImpl.java:lambda$shutdown$3(251)) - 45cd06ff-25a2-484c-ae07-8678dc67fe17@group-0DB00E829FC1: shutdown
2019-09-25 12:06:42,771 [main] INFO  util.JmxRegister (JmxRegister.java:unregister(73)) - Successfully un-registered JMX Bean with object name Ratis:service=RaftServer,group=group-0DB00E829FC1,id=45cd06ff-25a2-484c-ae07-8678dc67fe17
2019-09-25 12:06:42,771 [main] INFO  impl.RoleInfo (RoleInfo.java:shutdownLeaderState(104)) - 45cd06ff-25a2-484c-ae07-8678dc67fe17: shutdown LeaderState
2019-09-25 12:06:42,770 [ForkJoinPool.commonPool-worker-0] INFO  util.JmxRegister (JmxRegister.java:unregister(73)) - Successfully un-registered JMX Bean with object name Ratis:service=RaftServer,group=group-F8909BBD39E1,id=4265dd55-646c-4571-a7aa-5a5e7479765c
2019-09-25 12:06:42,771 [main] INFO  impl.PendingRequests (PendingRequests.java:sendNotLeaderResponses(202)) - 45cd06ff-25a2-484c-ae07-8678dc67fe17-PendingRequests: sendNotLeaderResponses
2019-09-25 12:06:42,772 [ForkJoinPool.commonPool-worker-0] INFO  impl.RoleInfo (RoleInfo.java:shutdownLeaderState(104)) - 4265dd55-646c-4571-a7aa-5a5e7479765c: shutdown LeaderState
2019-09-25 12:06:42,772 [main] INFO  impl.StateMachineUpdater (StateMachineUpdater.java:stopAndJoin(125)) - 45cd06ff-25a2-484c-ae07-8678dc67fe17@group-0DB00E829FC1-StateMachineUpdater: set stopIndex = 0
2019-09-25 12:06:42,772 [ForkJoinPool.commonPool-worker-0] INFO  impl.PendingRequests (PendingRequests.java:sendNotLeaderResponses(202)) - 4265dd55-646c-4571-a7aa-5a5e7479765c-PendingRequests: sendNotLeaderResponses
2019-09-25 12:06:42,773 [main] INFO  impl.RaftServerImpl (ServerState.java:close(385)) - 45cd06ff-25a2-484c-ae07-8678dc67fe17@group-0DB00E829FC1: closes. applyIndex: 0
2019-09-25 12:06:42,773 [ForkJoinPool.commonPool-worker-0] INFO  impl.StateMachineUpdater (StateMachineUpdater.java:stopAndJoin(125)) - 4265dd55-646c-4571-a7aa-5a5e7479765c@group-F8909BBD39E1-StateMachineUpdater: set stopIndex = 0
2019-09-25 12:06:42,774 [ForkJoinPool.commonPool-worker-0] INFO  impl.RaftServerImpl (ServerState.java:close(385)) - 4265dd55-646c-4571-a7aa-5a5e7479765c@group-F8909BBD39E1: closes. applyIndex: 0
2019-09-25 12:06:42,774 [45cd06ff-25a2-484c-ae07-8678dc67fe17@group-0DB00E829FC1-SegmentedRaftLogWorker] INFO  segmented.SegmentedRaftLogWorker (SegmentedRaftLogWorker.java:run(313)) - 45cd06ff-25a2-484c-ae07-8678dc67fe17@group-0DB00E829FC1-SegmentedRaftLogWorker was interrupted, exiting. There are 0 tasks remaining in the queue.
2019-09-25 12:06:42,774 [4265dd55-646c-4571-a7aa-5a5e7479765c@group-F8909BBD39E1-SegmentedRaftLogWorker] INFO  segmented.SegmentedRaftLogWorker (SegmentedRaftLogWorker.java:run(313)) - 4265dd55-646c-4571-a7aa-5a5e7479765c@group-F8909BBD39E1-SegmentedRaftLogWorker was interrupted, exiting. There are 0 tasks remaining in the queue.
2019-09-25 12:06:42,774 [main] INFO  segmented.SegmentedRaftLogWorker (SegmentedRaftLogWorker.java:close(228)) - 45cd06ff-25a2-484c-ae07-8678dc67fe17@group-0DB00E829FC1-SegmentedRaftLogWorker close()
2019-09-25 12:06:42,774 [ForkJoinPool.commonPool-worker-0] INFO  segmented.SegmentedRaftLogWorker (SegmentedRaftLogWorker.java:close(228)) - 4265dd55-646c-4571-a7aa-5a5e7479765c@group-F8909BBD39E1-SegmentedRaftLogWorker close()
2019-09-25 12:06:42,775 [main] INFO  impl.RaftServerImpl (RaftServerImpl.java:lambda$shutdown$3(251)) - 45cd06ff-25a2-484c-ae07-8678dc67fe17@group-D3D998CFFEBC: shutdown
2019-09-25 12:06:42,775 [ForkJoinPool.commonPool-worker-0] INFO  impl.RaftServerImpl (RaftServerImpl.java:lambda$shutdown$3(251)) - 4265dd55-646c-4571-a7aa-5a5e7479765c@group-069D3E3C85C6: shutdown
2019-09-25 12:06:42,776 [main] INFO  util.JmxRegister (JmxRegister.java:unregister(73)) - Successfully un-registered JMX Bean with object name Ratis:service=RaftServer,group=group-D3D998CFFEBC,id=45cd06ff-25a2-484c-ae07-8678dc67fe17
2019-09-25 12:06:42,776 [ForkJoinPool.commonPool-worker-0] INFO  util.JmxRegister (JmxRegister.java:unregister(73)) - Successfully un-registered JMX Bean with object name Ratis:service=RaftServer,group=group-069D3E3C85C6,id=4265dd55-646c-4571-a7aa-5a5e7479765c
2019-09-25 12:06:42,776 [main] INFO  impl.RoleInfo (RoleInfo.java:shutdownLeaderState(104)) - 45cd06ff-25a2-484c-ae07-8678dc67fe17: shutdown LeaderState
2019-09-25 12:06:42,776 [ForkJoinPool.commonPool-worker-0] INFO  impl.RoleInfo (RoleInfo.java:shutdownLeaderState(104)) - 4265dd55-646c-4571-a7aa-5a5e7479765c: shutdown LeaderState
2019-09-25 12:06:42,777 [main] INFO  impl.PendingRequests (PendingRequests.java:sendNotLeaderResponses(202)) - 45cd06ff-25a2-484c-ae07-8678dc67fe17-PendingRequests: sendNotLeaderResponses
2019-09-25 12:06:42,777 [ForkJoinPool.commonPool-worker-0] INFO  impl.PendingRequests (PendingRequests.java:sendNotLeaderResponses(202)) - 4265dd55-646c-4571-a7aa-5a5e7479765c-PendingRequests: sendNotLeaderResponses
2019-09-25 12:06:42,778 [main] INFO  impl.StateMachineUpdater (StateMachineUpdater.java:stopAndJoin(125)) - 45cd06ff-25a2-484c-ae07-8678dc67fe17@group-D3D998CFFEBC-StateMachineUpdater: set stopIndex = 0
2019-09-25 12:06:42,778 [ForkJoinPool.commonPool-worker-0] INFO  impl.StateMachineUpdater (StateMachineUpdater.java:stopAndJoin(125)) - 4265dd55-646c-4571-a7aa-5a5e7479765c@group-069D3E3C85C6-StateMachineUpdater: set stopIndex = 0
2019-09-25 12:06:42,779 [ForkJoinPool.commonPool-worker-0] INFO  impl.RaftServerImpl (ServerState.java:close(385)) - 4265dd55-646c-4571-a7aa-5a5e7479765c@group-069D3E3C85C6: closes. applyIndex: 0
2019-09-25 12:06:42,778 [main] INFO  impl.RaftServerImpl (ServerState.java:close(385)) - 45cd06ff-25a2-484c-ae07-8678dc67fe17@group-D3D998CFFEBC: closes. applyIndex: 0
2019-09-25 12:06:42,779 [4265dd55-646c-4571-a7aa-5a5e7479765c@group-069D3E3C85C6-SegmentedRaftLogWorker] INFO  segmented.SegmentedRaftLogWorker (SegmentedRaftLogWorker.java:run(313)) - 4265dd55-646c-4571-a7aa-5a5e7479765c@group-069D3E3C85C6-SegmentedRaftLogWorker was interrupted, exiting. There are 0 tasks remaining in the queue.
2019-09-25 12:06:42,779 [45cd06ff-25a2-484c-ae07-8678dc67fe17@group-D3D998CFFEBC-SegmentedRaftLogWorker] INFO  segmented.SegmentedRaftLogWorker (SegmentedRaftLogWorker.java:run(313)) - 45cd06ff-25a2-484c-ae07-8678dc67fe17@group-D3D998CFFEBC-SegmentedRaftLogWorker was interrupted, exiting. There are 0 tasks remaining in the queue.
2019-09-25 12:06:42,780 [ForkJoinPool.commonPool-worker-0] INFO  segmented.SegmentedRaftLogWorker (SegmentedRaftLogWorker.java:close(228)) - 4265dd55-646c-4571-a7aa-5a5e7479765c@group-069D3E3C85C6-SegmentedRaftLogWorker close()
2019-09-25 12:06:42,780 [main] INFO  segmented.SegmentedRaftLogWorker (SegmentedRaftLogWorker.java:close(228)) - 45cd06ff-25a2-484c-ae07-8678dc67fe17@group-D3D998CFFEBC-SegmentedRaftLogWorker close()
2019-09-25 12:06:42,780 [ForkJoinPool.commonPool-worker-0] INFO  impl.RaftServerImpl (RaftServerImpl.java:lambda$shutdown$3(251)) - 4265dd55-646c-4571-a7aa-5a5e7479765c@group-7BB84B2857C1: shutdown
2019-09-25 12:06:42,780 [main] INFO  impl.RaftServerImpl (RaftServerImpl.java:lambda$shutdown$3(251)) - 45cd06ff-25a2-484c-ae07-8678dc67fe17@group-6B6F72F82C6A: shutdown
2019-09-25 12:06:42,781 [ForkJoinPool.commonPool-worker-0] INFO  util.JmxRegister (JmxRegister.java:unregister(73)) - Successfully un-registered JMX Bean with object name Ratis:service=RaftServer,group=group-7BB84B2857C1,id=4265dd55-646c-4571-a7aa-5a5e7479765c
2019-09-25 12:06:42,781 [main] INFO  util.JmxRegister (JmxRegister.java:unregister(73)) - Successfully un-registered JMX Bean with object name Ratis:service=RaftServer,group=group-6B6F72F82C6A,id=45cd06ff-25a2-484c-ae07-8678dc67fe17
2019-09-25 12:06:42,781 [ForkJoinPool.commonPool-worker-0] INFO  impl.RoleInfo (RoleInfo.java:shutdownLeaderState(104)) - 4265dd55-646c-4571-a7aa-5a5e7479765c: shutdown LeaderState
2019-09-25 12:06:42,782 [main] INFO  impl.RoleInfo (RoleInfo.java:shutdownLeaderState(104)) - 45cd06ff-25a2-484c-ae07-8678dc67fe17: shutdown LeaderState
2019-09-25 12:06:42,782 [ForkJoinPool.commonPool-worker-0] INFO  impl.PendingRequests (PendingRequests.java:sendNotLeaderResponses(202)) - 4265dd55-646c-4571-a7aa-5a5e7479765c-PendingRequests: sendNotLeaderResponses
2019-09-25 12:06:42,782 [main] INFO  impl.PendingRequests (PendingRequests.java:sendNotLeaderResponses(202)) - 45cd06ff-25a2-484c-ae07-8678dc67fe17-PendingRequests: sendNotLeaderResponses
2019-09-25 12:06:42,783 [ForkJoinPool.commonPool-worker-0] INFO  impl.StateMachineUpdater (StateMachineUpdater.java:stopAndJoin(125)) - 4265dd55-646c-4571-a7aa-5a5e7479765c@group-7BB84B2857C1-StateMachineUpdater: set stopIndex = 0
2019-09-25 12:06:42,783 [ForkJoinPool.commonPool-worker-0] INFO  impl.RaftServerImpl (ServerState.java:close(385)) - 4265dd55-646c-4571-a7aa-5a5e7479765c@group-7BB84B2857C1: closes. applyIndex: 0
2019-09-25 12:06:42,783 [main] INFO  impl.StateMachineUpdater (StateMachineUpdater.java:stopAndJoin(125)) - 45cd06ff-25a2-484c-ae07-8678dc67fe17@group-6B6F72F82C6A-StateMachineUpdater: set stopIndex = 0
2019-09-25 12:06:42,784 [4265dd55-646c-4571-a7aa-5a5e7479765c@group-7BB84B2857C1-SegmentedRaftLogWorker] INFO  segmented.SegmentedRaftLogWorker (SegmentedRaftLogWorker.java:run(313)) - 4265dd55-646c-4571-a7aa-5a5e7479765c@group-7BB84B2857C1-SegmentedRaftLogWorker was interrupted, exiting. There are 0 tasks remaining in the queue.
2019-09-25 12:06:42,784 [main] INFO  impl.RaftServerImpl (ServerState.java:close(385)) - 45cd06ff-25a2-484c-ae07-8678dc67fe17@group-6B6F72F82C6A: closes. applyIndex: 0
2019-09-25 12:06:42,784 [ForkJoinPool.commonPool-worker-0] INFO  segmented.SegmentedRaftLogWorker (SegmentedRaftLogWorker.java:close(228)) - 4265dd55-646c-4571-a7aa-5a5e7479765c@group-7BB84B2857C1-SegmentedRaftLogWorker close()
2019-09-25 12:06:42,785 [45cd06ff-25a2-484c-ae07-8678dc67fe17@group-6B6F72F82C6A-SegmentedRaftLogWorker] INFO  segmented.SegmentedRaftLogWorker (SegmentedRaftLogWorker.java:run(313)) - 45cd06ff-25a2-484c-ae07-8678dc67fe17@group-6B6F72F82C6A-SegmentedRaftLogWorker was interrupted, exiting. There are 0 tasks remaining in the queue.
2019-09-25 12:06:42,785 [ForkJoinPool.commonPool-worker-0] INFO  server.GrpcService (GrpcService.java:closeImpl(164)) - 4265dd55-646c-4571-a7aa-5a5e7479765c: shutdown server with port 40282 now
2019-09-25 12:06:42,785 [main] INFO  segmented.SegmentedRaftLogWorker (SegmentedRaftLogWorker.java:close(228)) - 45cd06ff-25a2-484c-ae07-8678dc67fe17@group-6B6F72F82C6A-SegmentedRaftLogWorker close()
2019-09-25 12:06:42,790 [ForkJoinPool.commonPool-worker-0] INFO  server.GrpcService (GrpcService.java:closeImpl(172)) - 4265dd55-646c-4571-a7aa-5a5e7479765c: shutdown server with port 40282 successfully
2019-09-25 12:06:42,791 [main] INFO  server.GrpcService (GrpcService.java:closeImpl(164)) - 45cd06ff-25a2-484c-ae07-8678dc67fe17: shutdown server with port 40405 now
2019-09-25 12:06:42,795 [main] INFO  server.GrpcService (GrpcService.java:closeImpl(172)) - 45cd06ff-25a2-484c-ae07-8678dc67fe17: shutdown server with port 40405 successfully
2019-09-25 12:06:42,799 [refreshUsed-/workdir/hadoop-ozone/integration-test/target/test-dir/MiniOzoneClusterImpl-587876f3-3d98-4cc8-9a43-bf4d205d7dbe/datanode-3/data/containers] WARN  fs.CachingGetSpaceUsed (CachingGetSpaceUsed.java:run(183)) - Thread Interrupted waiting to refresh disk information: sleep interrupted
2019-09-25 12:06:42,805 [refreshUsed-/workdir/hadoop-ozone/integration-test/target/test-dir/MiniOzoneClusterImpl-587876f3-3d98-4cc8-9a43-bf4d205d7dbe/datanode-2/data/containers] WARN  fs.CachingGetSpaceUsed (CachingGetSpaceUsed.java:run(183)) - Thread Interrupted waiting to refresh disk information: sleep interrupted
2019-09-25 12:06:42,814 [main] INFO  utils.BackgroundService (BackgroundService.java:shutdown(148)) - Shutting down service BlockDeletingService
2019-09-25 12:06:42,824 [main] INFO  statemachine.DatanodeStateMachine (DatanodeStateMachine.java:stopDaemon(395)) - Ozone container server stopped.
2019-09-25 12:06:42,825 [main] INFO  handler.ContextHandler (ContextHandler.java:doStop(910)) - Stopped o.e.j.w.WebAppContext@844e66d{/,null,UNAVAILABLE}{/hddsDatanode}
2019-09-25 12:06:42,825 [main] INFO  server.AbstractConnector (AbstractConnector.java:doStop(318)) - Stopped ServerConnector@5b665a30{HTTP/1.1,[http/1.1]}{0.0.0.0:0}
2019-09-25 12:06:42,826 [main] INFO  handler.ContextHandler (ContextHandler.java:doStop(910)) - Stopped o.e.j.s.ServletContextHandler@726a8729{/static,jar:file:/home/user/.m2/repository/org/apache/hadoop/hadoop-hdds-container-service/0.5.0-SNAPSHOT/hadoop-hdds-container-service-0.5.0-SNAPSHOT.jar!/webapps/static,UNAVAILABLE}
2019-09-25 12:06:42,826 [main] INFO  handler.ContextHandler (ContextHandler.java:doStop(910)) - Stopped o.e.j.s.ServletContextHandler@5817f1ca{/logs,file:///workdir/hadoop-ozone/integration-test/target/log,UNAVAILABLE}
2019-09-25 12:06:42,831 [ForkJoinPool.commonPool-worker-0] INFO  utils.BackgroundService (BackgroundService.java:shutdown(148)) - Shutting down service BlockDeletingService
2019-09-25 12:06:42,840 [ForkJoinPool.commonPool-worker-0] INFO  statemachine.DatanodeStateMachine (DatanodeStateMachine.java:stopDaemon(395)) - Ozone container server stopped.
2019-09-25 12:06:42,850 [ForkJoinPool.commonPool-worker-0] INFO  handler.ContextHandler (ContextHandler.java:doStop(910)) - Stopped o.e.j.w.WebAppContext@38d525aa{/,null,UNAVAILABLE}{/hddsDatanode}
2019-09-25 12:06:42,851 [ForkJoinPool.commonPool-worker-0] INFO  server.AbstractConnector (AbstractConnector.java:doStop(318)) - Stopped ServerConnector@f9b8129{HTTP/1.1,[http/1.1]}{0.0.0.0:0}
2019-09-25 12:06:42,854 [ForkJoinPool.commonPool-worker-0] INFO  handler.ContextHandler (ContextHandler.java:doStop(910)) - Stopped o.e.j.s.ServletContextHandler@44084713{/static,jar:file:/home/user/.m2/repository/org/apache/hadoop/hadoop-hdds-container-service/0.5.0-SNAPSHOT/hadoop-hdds-container-service-0.5.0-SNAPSHOT.jar!/webapps/static,UNAVAILABLE}
2019-09-25 12:06:42,857 [ForkJoinPool.commonPool-worker-0] INFO  handler.ContextHandler (ContextHandler.java:doStop(910)) - Stopped o.e.j.s.ServletContextHandler@4c5f7b4f{/logs,file:///workdir/hadoop-ozone/integration-test/target/log,UNAVAILABLE}
2019-09-25 12:06:43,055 [Datanode State Machine Thread - 0] INFO  statemachine.DatanodeStateMachine (DatanodeStateMachine.java:lambda$startDaemon$0(350)) - Ozone container server started.
2019-09-25 12:06:43,208 [Datanode State Machine Thread - 0] INFO  statemachine.DatanodeStateMachine (DatanodeStateMachine.java:lambda$startDaemon$0(350)) - Ozone container server started.
2019-09-25 12:06:47,133 [EventQueue-StaleNodeForStaleNodeHandler] INFO  node.StaleNodeHandler (StaleNodeHandler.java:onMessage(58)) - Datanode 5d0cbd75-9945-4b44-9440-546a6022886b{ip: 192.168.151.73, host: pr-hdds-1569-shd4m-3693607622, networkLocation: /default-rack, certSerialId: null} moved to stale state. Finalizing its pipelines [PipelineID=c22116d2-206b-41fe-993d-1c81891b0930, PipelineID=1e1dc87e-7d5b-4fb5-bbcc-76c6937c38cf, PipelineID=0ce206c0-37b1-4f51-9157-f1e551bac63e, PipelineID=cc39afc7-5c77-4cd7-9580-2a4e73dbd891, PipelineID=e6869bfb-7828-4d8a-ac83-8c7bd8bbef47, PipelineID=0f9eaa5f-ee69-4636-be18-c04c67c9407e]
2019-09-25 12:06:47,133 [EventQueue-StaleNodeForStaleNodeHandler] INFO  pipeline.SCMPipelineManager (SCMPipelineManager.java:finalizeAndDestroyPipeline(316)) - destroying pipeline:Pipeline[ Id: c22116d2-206b-41fe-993d-1c81891b0930, Nodes: 5d0cbd75-9945-4b44-9440-546a6022886b{ip: 192.168.151.73, host: pr-hdds-1569-shd4m-3693607622, networkLocation: /default-rack, certSerialId: null}, Type:RATIS, Factor:ONE, State:OPEN]
2019-09-25 12:06:47,134 [EventQueue-StaleNodeForStaleNodeHandler] INFO  pipeline.PipelineStateManager (PipelineStateManager.java:finalizePipeline(123)) - Pipeline Pipeline[ Id: c22116d2-206b-41fe-993d-1c81891b0930, Nodes: 5d0cbd75-9945-4b44-9440-546a6022886b{ip: 192.168.151.73, host: pr-hdds-1569-shd4m-3693607622, networkLocation: /default-rack, certSerialId: null}, Type:RATIS, Factor:ONE, State:CLOSED] moved to CLOSED state
2019-09-25 12:06:47,134 [EventQueue-StaleNodeForStaleNodeHandler] INFO  pipeline.SCMPipelineManager (SCMPipelineManager.java:finalizeAndDestroyPipeline(316)) - destroying pipeline:Pipeline[ Id: 1e1dc87e-7d5b-4fb5-bbcc-76c6937c38cf, Nodes: 5d0cbd75-9945-4b44-9440-546a6022886b{ip: 192.168.151.73, host: pr-hdds-1569-shd4m-3693607622, networkLocation: /default-rack, certSerialId: null}, Type:RATIS, Factor:ONE, State:OPEN]
2019-09-25 12:06:47,134 [EventQueue-StaleNodeForStaleNodeHandler] INFO  pipeline.PipelineStateManager (PipelineStateManager.java:finalizePipeline(123)) - Pipeline Pipeline[ Id: 1e1dc87e-7d5b-4fb5-bbcc-76c6937c38cf, Nodes: 5d0cbd75-9945-4b44-9440-546a6022886b{ip: 192.168.151.73, host: pr-hdds-1569-shd4m-3693607622, networkLocation: /default-rack, certSerialId: null}, Type:RATIS, Factor:ONE, State:CLOSED] moved to CLOSED state
2019-09-25 12:06:47,134 [EventQueue-StaleNodeForStaleNodeHandler] INFO  pipeline.SCMPipelineManager (SCMPipelineManager.java:finalizeAndDestroyPipeline(316)) - destroying pipeline:Pipeline[ Id: 0ce206c0-37b1-4f51-9157-f1e551bac63e, Nodes: 5d0cbd75-9945-4b44-9440-546a6022886b{ip: 192.168.151.73, host: pr-hdds-1569-shd4m-3693607622, networkLocation: /default-rack, certSerialId: null}, Type:RATIS, Factor:ONE, State:OPEN]
2019-09-25 12:06:47,134 [EventQueue-StaleNodeForStaleNodeHandler] INFO  pipeline.PipelineStateManager (PipelineStateManager.java:finalizePipeline(123)) - Pipeline Pipeline[ Id: 0ce206c0-37b1-4f51-9157-f1e551bac63e, Nodes: 5d0cbd75-9945-4b44-9440-546a6022886b{ip: 192.168.151.73, host: pr-hdds-1569-shd4m-3693607622, networkLocation: /default-rack, certSerialId: null}, Type:RATIS, Factor:ONE, State:CLOSED] moved to CLOSED state
2019-09-25 12:06:47,134 [EventQueue-StaleNodeForStaleNodeHandler] INFO  pipeline.SCMPipelineManager (SCMPipelineManager.java:finalizeAndDestroyPipeline(316)) - destroying pipeline:Pipeline[ Id: cc39afc7-5c77-4cd7-9580-2a4e73dbd891, Nodes: 5d0cbd75-9945-4b44-9440-546a6022886b{ip: 192.168.151.73, host: pr-hdds-1569-shd4m-3693607622, networkLocation: /default-rack, certSerialId: null}, Type:RATIS, Factor:ONE, State:OPEN]
2019-09-25 12:06:47,135 [EventQueue-StaleNodeForStaleNodeHandler] INFO  pipeline.PipelineStateManager (PipelineStateManager.java:finalizePipeline(123)) - Pipeline Pipeline[ Id: cc39afc7-5c77-4cd7-9580-2a4e73dbd891, Nodes: 5d0cbd75-9945-4b44-9440-546a6022886b{ip: 192.168.151.73, host: pr-hdds-1569-shd4m-3693607622, networkLocation: /default-rack, certSerialId: null}, Type:RATIS, Factor:ONE, State:CLOSED] moved to CLOSED state
2019-09-25 12:06:47,135 [EventQueue-StaleNodeForStaleNodeHandler] INFO  pipeline.SCMPipelineManager (SCMPipelineManager.java:finalizeAndDestroyPipeline(316)) - destroying pipeline:Pipeline[ Id: e6869bfb-7828-4d8a-ac83-8c7bd8bbef47, Nodes: 5d0cbd75-9945-4b44-9440-546a6022886b{ip: 192.168.151.73, host: pr-hdds-1569-shd4m-3693607622, networkLocation: /default-rack, certSerialId: null}, Type:RATIS, Factor:ONE, State:OPEN]
2019-09-25 12:06:47,135 [EventQueue-StaleNodeForStaleNodeHandler] INFO  pipeline.PipelineStateManager (PipelineStateManager.java:finalizePipeline(123)) - Pipeline Pipeline[ Id: e6869bfb-7828-4d8a-ac83-8c7bd8bbef47, Nodes: 5d0cbd75-9945-4b44-9440-546a6022886b{ip: 192.168.151.73, host: pr-hdds-1569-shd4m-3693607622, networkLocation: /default-rack, certSerialId: null}, Type:RATIS, Factor:ONE, State:CLOSED] moved to CLOSED state
2019-09-25 12:06:47,135 [EventQueue-StaleNodeForStaleNodeHandler] INFO  pipeline.SCMPipelineManager (SCMPipelineManager.java:finalizeAndDestroyPipeline(316)) - destroying pipeline:Pipeline[ Id: 0f9eaa5f-ee69-4636-be18-c04c67c9407e, Nodes: 5d0cbd75-9945-4b44-9440-546a6022886b{ip: 192.168.151.73, host: pr-hdds-1569-shd4m-3693607622, networkLocation: /default-rack, certSerialId: null}, Type:RATIS, Factor:ONE, State:OPEN]
2019-09-25 12:06:47,135 [EventQueue-StaleNodeForStaleNodeHandler] INFO  pipeline.PipelineStateManager (PipelineStateManager.java:finalizePipeline(123)) - Pipeline Pipeline[ Id: 0f9eaa5f-ee69-4636-be18-c04c67c9407e, Nodes: 5d0cbd75-9945-4b44-9440-546a6022886b{ip: 192.168.151.73, host: pr-hdds-1569-shd4m-3693607622, networkLocation: /default-rack, certSerialId: null}, Type:RATIS, Factor:ONE, State:CLOSED] moved to CLOSED state
2019-09-25 12:06:47,233 [EventQueue-StaleNodeForStaleNodeHandler] INFO  node.StaleNodeHandler (StaleNodeHandler.java:onMessage(58)) - Datanode f6c16d16-afc4-4153-950f-27a1e09b0667{ip: 192.168.151.73, host: pr-hdds-1569-shd4m-3693607622, networkLocation: /default-rack, certSerialId: null} moved to stale state. Finalizing its pipelines [PipelineID=356eeec5-43f4-4185-8145-c849dc3acefe, PipelineID=a5eb56ac-682e-4a39-a79c-1094be670519, PipelineID=7e956a1d-8f54-474e-a1f8-bc1f39b0123e, PipelineID=efa0fe7d-b05f-4288-a854-2c5cb6273789, PipelineID=28bfb2d8-0897-4c14-8de0-05a870effa1e, PipelineID=1ac7cbda-23fc-47c9-aa29-69465d6e6947]
2019-09-25 12:06:47,234 [EventQueue-StaleNodeForStaleNodeHandler] INFO  pipeline.SCMPipelineManager (SCMPipelineManager.java:finalizeAndDestroyPipeline(316)) - destroying pipeline:Pipeline[ Id: 356eeec5-43f4-4185-8145-c849dc3acefe, Nodes: f6c16d16-afc4-4153-950f-27a1e09b0667{ip: 192.168.151.73, host: pr-hdds-1569-shd4m-3693607622, networkLocation: /default-rack, certSerialId: null}, Type:RATIS, Factor:ONE, State:OPEN]
2019-09-25 12:06:47,234 [EventQueue-StaleNodeForStaleNodeHandler] INFO  pipeline.PipelineStateManager (PipelineStateManager.java:finalizePipeline(123)) - Pipeline Pipeline[ Id: 356eeec5-43f4-4185-8145-c849dc3acefe, Nodes: f6c16d16-afc4-4153-950f-27a1e09b0667{ip: 192.168.151.73, host: pr-hdds-1569-shd4m-3693607622, networkLocation: /default-rack, certSerialId: null}, Type:RATIS, Factor:ONE, State:CLOSED] moved to CLOSED state
2019-09-25 12:06:47,234 [EventQueue-StaleNodeForStaleNodeHandler] INFO  pipeline.SCMPipelineManager (SCMPipelineManager.java:finalizeAndDestroyPipeline(316)) - destroying pipeline:Pipeline[ Id: a5eb56ac-682e-4a39-a79c-1094be670519, Nodes: f6c16d16-afc4-4153-950f-27a1e09b0667{ip: 192.168.151.73, host: pr-hdds-1569-shd4m-3693607622, networkLocation: /default-rack, certSerialId: null}, Type:RATIS, Factor:ONE, State:OPEN]
2019-09-25 12:06:47,234 [EventQueue-StaleNodeForStaleNodeHandler] INFO  pipeline.PipelineStateManager (PipelineStateManager.java:finalizePipeline(123)) - Pipeline Pipeline[ Id: a5eb56ac-682e-4a39-a79c-1094be670519, Nodes: f6c16d16-afc4-4153-950f-27a1e09b0667{ip: 192.168.151.73, host: pr-hdds-1569-shd4m-3693607622, networkLocation: /default-rack, certSerialId: null}, Type:RATIS, Factor:ONE, State:CLOSED] moved to CLOSED state
2019-09-25 12:06:47,234 [EventQueue-StaleNodeForStaleNodeHandler] INFO  pipeline.SCMPipelineManager (SCMPipelineManager.java:finalizeAndDestroyPipeline(316)) - destroying pipeline:Pipeline[ Id: 7e956a1d-8f54-474e-a1f8-bc1f39b0123e, Nodes: f6c16d16-afc4-4153-950f-27a1e09b0667{ip: 192.168.151.73, host: pr-hdds-1569-shd4m-3693607622, networkLocation: /default-rack, certSerialId: null}, Type:RATIS, Factor:ONE, State:OPEN]
2019-09-25 12:06:47,234 [EventQueue-StaleNodeForStaleNodeHandler] INFO  pipeline.PipelineStateManager (PipelineStateManager.java:finalizePipeline(123)) - Pipeline Pipeline[ Id: 7e956a1d-8f54-474e-a1f8-bc1f39b0123e, Nodes: f6c16d16-afc4-4153-950f-27a1e09b0667{ip: 192.168.151.73, host: pr-hdds-1569-shd4m-3693607622, networkLocation: /default-rack, certSerialId: null}, Type:RATIS, Factor:ONE, State:CLOSED] moved to CLOSED state
2019-09-25 12:06:47,235 [EventQueue-StaleNodeForStaleNodeHandler] INFO  pipeline.SCMPipelineManager (SCMPipelineManager.java:finalizeAndDestroyPipeline(316)) - destroying pipeline:Pipeline[ Id: efa0fe7d-b05f-4288-a854-2c5cb6273789, Nodes: f6c16d16-afc4-4153-950f-27a1e09b0667{ip: 192.168.151.73, host: pr-hdds-1569-shd4m-3693607622, networkLocation: /default-rack, certSerialId: null}, Type:RATIS, Factor:ONE, State:OPEN]
2019-09-25 12:06:47,235 [EventQueue-StaleNodeForStaleNodeHandler] INFO  pipeline.PipelineStateManager (PipelineStateManager.java:finalizePipeline(123)) - Pipeline Pipeline[ Id: efa0fe7d-b05f-4288-a854-2c5cb6273789, Nodes: f6c16d16-afc4-4153-950f-27a1e09b0667{ip: 192.168.151.73, host: pr-hdds-1569-shd4m-3693607622, networkLocation: /default-rack, certSerialId: null}, Type:RATIS, Factor:ONE, State:CLOSED] moved to CLOSED state
2019-09-25 12:06:47,235 [EventQueue-StaleNodeForStaleNodeHandler] INFO  pipeline.SCMPipelineManager (SCMPipelineManager.java:finalizeAndDestroyPipeline(316)) - destroying pipeline:Pipeline[ Id: 28bfb2d8-0897-4c14-8de0-05a870effa1e, Nodes: f6c16d16-afc4-4153-950f-27a1e09b0667{ip: 192.168.151.73, host: pr-hdds-1569-shd4m-3693607622, networkLocation: /default-rack, certSerialId: null}, Type:RATIS, Factor:ONE, State:OPEN]
2019-09-25 12:06:47,235 [EventQueue-StaleNodeForStaleNodeHandler] INFO  pipeline.PipelineStateManager (PipelineStateManager.java:finalizePipeline(123)) - Pipeline Pipeline[ Id: 28bfb2d8-0897-4c14-8de0-05a870effa1e, Nodes: f6c16d16-afc4-4153-950f-27a1e09b0667{ip: 192.168.151.73, host: pr-hdds-1569-shd4m-3693607622, networkLocation: /default-rack, certSerialId: null}, Type:RATIS, Factor:ONE, State:CLOSED] moved to CLOSED state
2019-09-25 12:06:47,235 [EventQueue-StaleNodeForStaleNodeHandler] INFO  pipeline.SCMPipelineManager (SCMPipelineManager.java:finalizeAndDestroyPipeline(316)) - destroying pipeline:Pipeline[ Id: 1ac7cbda-23fc-47c9-aa29-69465d6e6947, Nodes: f6c16d16-afc4-4153-950f-27a1e09b0667{ip: 192.168.151.73, host: pr-hdds-1569-shd4m-3693607622, networkLocation: /default-rack, certSerialId: null}, Type:RATIS, Factor:ONE, State:OPEN]
2019-09-25 12:06:47,235 [EventQueue-StaleNodeForStaleNodeHandler] INFO  pipeline.PipelineStateManager (PipelineStateManager.java:finalizePipeline(123)) - Pipeline Pipeline[ Id: 1ac7cbda-23fc-47c9-aa29-69465d6e6947, Nodes: f6c16d16-afc4-4153-950f-27a1e09b0667{ip: 192.168.151.73, host: pr-hdds-1569-shd4m-3693607622, networkLocation: /default-rack, certSerialId: null}, Type:RATIS, Factor:ONE, State:CLOSED] moved to CLOSED state
2019-09-25 12:06:47,828 [main] INFO  ozoneimpl.OzoneContainer (OzoneContainer.java:stop(231)) - Attempting to stop container services.
2019-09-25 12:06:47,834 [main] INFO  impl.RaftServerProxy (RaftServerProxy.java:lambda$close$4(314)) - 5d0cbd75-9945-4b44-9440-546a6022886b: close
2019-09-25 12:06:47,834 [main] INFO  impl.RaftServerImpl (RaftServerImpl.java:lambda$shutdown$3(251)) - 5d0cbd75-9945-4b44-9440-546a6022886b@group-76C6937C38CF: shutdown
2019-09-25 12:06:47,834 [main] INFO  util.JmxRegister (JmxRegister.java:unregister(73)) - Successfully un-registered JMX Bean with object name Ratis:service=RaftServer,group=group-76C6937C38CF,id=5d0cbd75-9945-4b44-9440-546a6022886b
2019-09-25 12:06:47,835 [main] INFO  impl.RoleInfo (RoleInfo.java:shutdownLeaderState(104)) - 5d0cbd75-9945-4b44-9440-546a6022886b: shutdown LeaderState
2019-09-25 12:06:47,835 [main] INFO  impl.PendingRequests (PendingRequests.java:sendNotLeaderResponses(202)) - 5d0cbd75-9945-4b44-9440-546a6022886b-PendingRequests: sendNotLeaderResponses
2019-09-25 12:06:47,836 [main] INFO  impl.StateMachineUpdater (StateMachineUpdater.java:stopAndJoin(125)) - 5d0cbd75-9945-4b44-9440-546a6022886b@group-76C6937C38CF-StateMachineUpdater: set stopIndex = 0
2019-09-25 12:06:47,836 [main] INFO  impl.RaftServerImpl (ServerState.java:close(385)) - 5d0cbd75-9945-4b44-9440-546a6022886b@group-76C6937C38CF: closes. applyIndex: 0
2019-09-25 12:06:47,836 [5d0cbd75-9945-4b44-9440-546a6022886b@group-76C6937C38CF-SegmentedRaftLogWorker] INFO  segmented.SegmentedRaftLogWorker (SegmentedRaftLogWorker.java:run(313)) - 5d0cbd75-9945-4b44-9440-546a6022886b@group-76C6937C38CF-SegmentedRaftLogWorker was interrupted, exiting. There are 0 tasks remaining in the queue.
2019-09-25 12:06:47,837 [main] INFO  segmented.SegmentedRaftLogWorker (SegmentedRaftLogWorker.java:close(228)) - 5d0cbd75-9945-4b44-9440-546a6022886b@group-76C6937C38CF-SegmentedRaftLogWorker close()
2019-09-25 12:06:47,837 [main] INFO  impl.RaftServerImpl (RaftServerImpl.java:lambda$shutdown$3(251)) - 5d0cbd75-9945-4b44-9440-546a6022886b@group-F1E551BAC63E: shutdown
2019-09-25 12:06:47,838 [main] INFO  util.JmxRegister (JmxRegister.java:unregister(73)) - Successfully un-registered JMX Bean with object name Ratis:service=RaftServer,group=group-F1E551BAC63E,id=5d0cbd75-9945-4b44-9440-546a6022886b
2019-09-25 12:06:47,838 [main] INFO  impl.RoleInfo (RoleInfo.java:shutdownLeaderState(104)) - 5d0cbd75-9945-4b44-9440-546a6022886b: shutdown LeaderState
2019-09-25 12:06:47,838 [main] INFO  impl.PendingRequests (PendingRequests.java:sendNotLeaderResponses(202)) - 5d0cbd75-9945-4b44-9440-546a6022886b-PendingRequests: sendNotLeaderResponses
2019-09-25 12:06:47,839 [main] INFO  impl.StateMachineUpdater (StateMachineUpdater.java:stopAndJoin(125)) - 5d0cbd75-9945-4b44-9440-546a6022886b@group-F1E551BAC63E-StateMachineUpdater: set stopIndex = 0
2019-09-25 12:06:47,839 [main] INFO  impl.RaftServerImpl (ServerState.java:close(385)) - 5d0cbd75-9945-4b44-9440-546a6022886b@group-F1E551BAC63E: closes. applyIndex: 0
2019-09-25 12:06:47,840 [5d0cbd75-9945-4b44-9440-546a6022886b@group-F1E551BAC63E-SegmentedRaftLogWorker] INFO  segmented.SegmentedRaftLogWorker (SegmentedRaftLogWorker.java:run(313)) - 5d0cbd75-9945-4b44-9440-546a6022886b@group-F1E551BAC63E-SegmentedRaftLogWorker was interrupted, exiting. There are 0 tasks remaining in the queue.
2019-09-25 12:06:47,840 [main] INFO  segmented.SegmentedRaftLogWorker (SegmentedRaftLogWorker.java:close(228)) - 5d0cbd75-9945-4b44-9440-546a6022886b@group-F1E551BAC63E-SegmentedRaftLogWorker close()
2019-09-25 12:06:47,840 [main] INFO  impl.RaftServerImpl (RaftServerImpl.java:lambda$shutdown$3(251)) - 5d0cbd75-9945-4b44-9440-546a6022886b@group-1C81891B0930: shutdown
2019-09-25 12:06:47,841 [main] INFO  util.JmxRegister (JmxRegister.java:unregister(73)) - Successfully un-registered JMX Bean with object name Ratis:service=RaftServer,group=group-1C81891B0930,id=5d0cbd75-9945-4b44-9440-546a6022886b
2019-09-25 12:06:47,841 [main] INFO  impl.RoleInfo (RoleInfo.java:shutdownLeaderState(104)) - 5d0cbd75-9945-4b44-9440-546a6022886b: shutdown LeaderState
2019-09-25 12:06:47,841 [main] INFO  impl.PendingRequests (PendingRequests.java:sendNotLeaderResponses(202)) - 5d0cbd75-9945-4b44-9440-546a6022886b-PendingRequests: sendNotLeaderResponses
2019-09-25 12:06:47,842 [main] INFO  impl.StateMachineUpdater (StateMachineUpdater.java:stopAndJoin(125)) - 5d0cbd75-9945-4b44-9440-546a6022886b@group-1C81891B0930-StateMachineUpdater: set stopIndex = 0
2019-09-25 12:06:47,842 [main] INFO  impl.RaftServerImpl (ServerState.java:close(385)) - 5d0cbd75-9945-4b44-9440-546a6022886b@group-1C81891B0930: closes. applyIndex: 0
2019-09-25 12:06:47,842 [5d0cbd75-9945-4b44-9440-546a6022886b@group-1C81891B0930-SegmentedRaftLogWorker] INFO  segmented.SegmentedRaftLogWorker (SegmentedRaftLogWorker.java:run(313)) - 5d0cbd75-9945-4b44-9440-546a6022886b@group-1C81891B0930-SegmentedRaftLogWorker was interrupted, exiting. There are 0 tasks remaining in the queue.
2019-09-25 12:06:47,843 [main] INFO  segmented.SegmentedRaftLogWorker (SegmentedRaftLogWorker.java:close(228)) - 5d0cbd75-9945-4b44-9440-546a6022886b@group-1C81891B0930-SegmentedRaftLogWorker close()
2019-09-25 12:06:47,843 [main] INFO  impl.RaftServerImpl (RaftServerImpl.java:lambda$shutdown$3(251)) - 5d0cbd75-9945-4b44-9440-546a6022886b@group-2A4E73DBD891: shutdown
2019-09-25 12:06:47,843 [main] INFO  util.JmxRegister (JmxRegister.java:unregister(73)) - Successfully un-registered JMX Bean with object name Ratis:service=RaftServer,group=group-2A4E73DBD891,id=5d0cbd75-9945-4b44-9440-546a6022886b
2019-09-25 12:06:47,844 [main] INFO  impl.RoleInfo (RoleInfo.java:shutdownLeaderState(104)) - 5d0cbd75-9945-4b44-9440-546a6022886b: shutdown LeaderState
2019-09-25 12:06:47,844 [main] INFO  impl.PendingRequests (PendingRequests.java:sendNotLeaderResponses(202)) - 5d0cbd75-9945-4b44-9440-546a6022886b-PendingRequests: sendNotLeaderResponses
2019-09-25 12:06:47,844 [main] INFO  impl.StateMachineUpdater (StateMachineUpdater.java:stopAndJoin(125)) - 5d0cbd75-9945-4b44-9440-546a6022886b@group-2A4E73DBD891-StateMachineUpdater: set stopIndex = 0
2019-09-25 12:06:47,845 [main] INFO  impl.RaftServerImpl (ServerState.java:close(385)) - 5d0cbd75-9945-4b44-9440-546a6022886b@group-2A4E73DBD891: closes. applyIndex: 0
2019-09-25 12:06:47,845 [5d0cbd75-9945-4b44-9440-546a6022886b@group-2A4E73DBD891-SegmentedRaftLogWorker] INFO  segmented.SegmentedRaftLogWorker (SegmentedRaftLogWorker.java:run(313)) - 5d0cbd75-9945-4b44-9440-546a6022886b@group-2A4E73DBD891-SegmentedRaftLogWorker was interrupted, exiting. There are 0 tasks remaining in the queue.
2019-09-25 12:06:47,845 [main] INFO  segmented.SegmentedRaftLogWorker (SegmentedRaftLogWorker.java:close(228)) - 5d0cbd75-9945-4b44-9440-546a6022886b@group-2A4E73DBD891-SegmentedRaftLogWorker close()
2019-09-25 12:06:47,846 [main] INFO  impl.RaftServerImpl (RaftServerImpl.java:lambda$shutdown$3(251)) - 5d0cbd75-9945-4b44-9440-546a6022886b@group-8C7BD8BBEF47: shutdown
2019-09-25 12:06:47,846 [main] INFO  util.JmxRegister (JmxRegister.java:unregister(73)) - Successfully un-registered JMX Bean with object name Ratis:service=RaftServer,group=group-8C7BD8BBEF47,id=5d0cbd75-9945-4b44-9440-546a6022886b
2019-09-25 12:06:47,846 [main] INFO  impl.RoleInfo (RoleInfo.java:shutdownLeaderState(104)) - 5d0cbd75-9945-4b44-9440-546a6022886b: shutdown LeaderState
2019-09-25 12:06:47,847 [main] INFO  impl.PendingRequests (PendingRequests.java:sendNotLeaderResponses(202)) - 5d0cbd75-9945-4b44-9440-546a6022886b-PendingRequests: sendNotLeaderResponses
2019-09-25 12:06:47,847 [main] INFO  impl.StateMachineUpdater (StateMachineUpdater.java:stopAndJoin(125)) - 5d0cbd75-9945-4b44-9440-546a6022886b@group-8C7BD8BBEF47-StateMachineUpdater: set stopIndex = 0
2019-09-25 12:06:47,848 [main] INFO  impl.RaftServerImpl (ServerState.java:close(385)) - 5d0cbd75-9945-4b44-9440-546a6022886b@group-8C7BD8BBEF47: closes. applyIndex: 0
2019-09-25 12:06:47,848 [5d0cbd75-9945-4b44-9440-546a6022886b@group-8C7BD8BBEF47-SegmentedRaftLogWorker] INFO  segmented.SegmentedRaftLogWorker (SegmentedRaftLogWorker.java:run(313)) - 5d0cbd75-9945-4b44-9440-546a6022886b@group-8C7BD8BBEF47-SegmentedRaftLogWorker was interrupted, exiting. There are 0 tasks remaining in the queue.
2019-09-25 12:06:47,848 [main] INFO  segmented.SegmentedRaftLogWorker (SegmentedRaftLogWorker.java:close(228)) - 5d0cbd75-9945-4b44-9440-546a6022886b@group-8C7BD8BBEF47-SegmentedRaftLogWorker close()
2019-09-25 12:06:47,849 [main] INFO  impl.RaftServerImpl (RaftServerImpl.java:lambda$shutdown$3(251)) - 5d0cbd75-9945-4b44-9440-546a6022886b@group-C04C67C9407E: shutdown
2019-09-25 12:06:47,849 [main] INFO  util.JmxRegister (JmxRegister.java:unregister(73)) - Successfully un-registered JMX Bean with object name Ratis:service=RaftServer,group=group-C04C67C9407E,id=5d0cbd75-9945-4b44-9440-546a6022886b
2019-09-25 12:06:47,849 [main] INFO  impl.RoleInfo (RoleInfo.java:shutdownLeaderState(104)) - 5d0cbd75-9945-4b44-9440-546a6022886b: shutdown LeaderState
2019-09-25 12:06:47,850 [main] INFO  impl.PendingRequests (PendingRequests.java:sendNotLeaderResponses(202)) - 5d0cbd75-9945-4b44-9440-546a6022886b-PendingRequests: sendNotLeaderResponses
2019-09-25 12:06:47,850 [main] INFO  impl.StateMachineUpdater (StateMachineUpdater.java:stopAndJoin(125)) - 5d0cbd75-9945-4b44-9440-546a6022886b@group-C04C67C9407E-StateMachineUpdater: set stopIndex = 0
2019-09-25 12:06:47,850 [main] INFO  impl.RaftServerImpl (ServerState.java:close(385)) - 5d0cbd75-9945-4b44-9440-546a6022886b@group-C04C67C9407E: closes. applyIndex: 0
2019-09-25 12:06:47,851 [5d0cbd75-9945-4b44-9440-546a6022886b@group-C04C67C9407E-SegmentedRaftLogWorker] INFO  segmented.SegmentedRaftLogWorker (SegmentedRaftLogWorker.java:run(313)) - 5d0cbd75-9945-4b44-9440-546a6022886b@group-C04C67C9407E-SegmentedRaftLogWorker was interrupted, exiting. There are 0 tasks remaining in the queue.
2019-09-25 12:06:47,851 [main] INFO  segmented.SegmentedRaftLogWorker (SegmentedRaftLogWorker.java:close(228)) - 5d0cbd75-9945-4b44-9440-546a6022886b@group-C04C67C9407E-SegmentedRaftLogWorker close()
2019-09-25 12:06:47,851 [main] INFO  server.GrpcService (GrpcService.java:closeImpl(164)) - 5d0cbd75-9945-4b44-9440-546a6022886b: shutdown server with port 37067 now
2019-09-25 12:06:47,856 [main] INFO  server.GrpcService (GrpcService.java:closeImpl(172)) - 5d0cbd75-9945-4b44-9440-546a6022886b: shutdown server with port 37067 successfully
2019-09-25 12:06:47,859 [ForkJoinPool.commonPool-worker-0] INFO  ozoneimpl.OzoneContainer (OzoneContainer.java:stop(231)) - Attempting to stop container services.
2019-09-25 12:06:47,859 [ForkJoinPool.commonPool-worker-0] INFO  impl.RaftServerProxy (RaftServerProxy.java:lambda$close$4(314)) - f6c16d16-afc4-4153-950f-27a1e09b0667: close
2019-09-25 12:06:47,860 [ForkJoinPool.commonPool-worker-0] INFO  impl.RaftServerImpl (RaftServerImpl.java:lambda$shutdown$3(251)) - f6c16d16-afc4-4153-950f-27a1e09b0667@group-1094BE670519: shutdown
2019-09-25 12:06:47,860 [ForkJoinPool.commonPool-worker-0] INFO  util.JmxRegister (JmxRegister.java:unregister(73)) - Successfully un-registered JMX Bean with object name Ratis:service=RaftServer,group=group-1094BE670519,id=f6c16d16-afc4-4153-950f-27a1e09b0667
2019-09-25 12:06:47,860 [ForkJoinPool.commonPool-worker-0] INFO  impl.RoleInfo (RoleInfo.java:shutdownLeaderState(104)) - f6c16d16-afc4-4153-950f-27a1e09b0667: shutdown LeaderState
2019-09-25 12:06:47,861 [ForkJoinPool.commonPool-worker-0] INFO  impl.PendingRequests (PendingRequests.java:sendNotLeaderResponses(202)) - f6c16d16-afc4-4153-950f-27a1e09b0667-PendingRequests: sendNotLeaderResponses
2019-09-25 12:06:47,861 [ForkJoinPool.commonPool-worker-0] INFO  impl.StateMachineUpdater (StateMachineUpdater.java:stopAndJoin(125)) - f6c16d16-afc4-4153-950f-27a1e09b0667@group-1094BE670519-StateMachineUpdater: set stopIndex = 0
2019-09-25 12:06:47,861 [ForkJoinPool.commonPool-worker-0] INFO  impl.RaftServerImpl (ServerState.java:close(385)) - f6c16d16-afc4-4153-950f-27a1e09b0667@group-1094BE670519: closes. applyIndex: 0
2019-09-25 12:06:47,863 [refreshUsed-/workdir/hadoop-ozone/integration-test/target/test-dir/MiniOzoneClusterImpl-587876f3-3d98-4cc8-9a43-bf4d205d7dbe/datanode-6/data/containers] WARN  fs.CachingGetSpaceUsed (CachingGetSpaceUsed.java:run(183)) - Thread Interrupted waiting to refresh disk information: sleep interrupted
2019-09-25 12:06:47,863 [f6c16d16-afc4-4153-950f-27a1e09b0667@group-1094BE670519-SegmentedRaftLogWorker] INFO  segmented.SegmentedRaftLogWorker (SegmentedRaftLogWorker.java:run(313)) - f6c16d16-afc4-4153-950f-27a1e09b0667@group-1094BE670519-SegmentedRaftLogWorker was interrupted, exiting. There are 0 tasks remaining in the queue.
2019-09-25 12:06:47,863 [ForkJoinPool.commonPool-worker-0] INFO  segmented.SegmentedRaftLogWorker (SegmentedRaftLogWorker.java:close(228)) - f6c16d16-afc4-4153-950f-27a1e09b0667@group-1094BE670519-SegmentedRaftLogWorker close()
2019-09-25 12:06:47,864 [ForkJoinPool.commonPool-worker-0] INFO  impl.RaftServerImpl (RaftServerImpl.java:lambda$shutdown$3(251)) - f6c16d16-afc4-4153-950f-27a1e09b0667@group-C849DC3ACEFE: shutdown
2019-09-25 12:06:47,864 [ForkJoinPool.commonPool-worker-0] INFO  util.JmxRegister (JmxRegister.java:unregister(73)) - Successfully un-registered JMX Bean with object name Ratis:service=RaftServer,group=group-C849DC3ACEFE,id=f6c16d16-afc4-4153-950f-27a1e09b0667
2019-09-25 12:06:47,864 [ForkJoinPool.commonPool-worker-0] INFO  impl.RoleInfo (RoleInfo.java:shutdownLeaderState(104)) - f6c16d16-afc4-4153-950f-27a1e09b0667: shutdown LeaderState
2019-09-25 12:06:47,864 [ForkJoinPool.commonPool-worker-0] INFO  impl.PendingRequests (PendingRequests.java:sendNotLeaderResponses(202)) - f6c16d16-afc4-4153-950f-27a1e09b0667-PendingRequests: sendNotLeaderResponses
2019-09-25 12:06:47,865 [ForkJoinPool.commonPool-worker-0] INFO  impl.StateMachineUpdater (StateMachineUpdater.java:stopAndJoin(125)) - f6c16d16-afc4-4153-950f-27a1e09b0667@group-C849DC3ACEFE-StateMachineUpdater: set stopIndex = 0
2019-09-25 12:06:47,865 [ForkJoinPool.commonPool-worker-0] INFO  impl.RaftServerImpl (ServerState.java:close(385)) - f6c16d16-afc4-4153-950f-27a1e09b0667@group-C849DC3ACEFE: closes. applyIndex: 0
2019-09-25 12:06:47,865 [f6c16d16-afc4-4153-950f-27a1e09b0667@group-C849DC3ACEFE-SegmentedRaftLogWorker] INFO  segmented.SegmentedRaftLogWorker (SegmentedRaftLogWorker.java:run(313)) - f6c16d16-afc4-4153-950f-27a1e09b0667@group-C849DC3ACEFE-SegmentedRaftLogWorker was interrupted, exiting. There are 0 tasks remaining in the queue.
2019-09-25 12:06:47,866 [ForkJoinPool.commonPool-worker-0] INFO  segmented.SegmentedRaftLogWorker (SegmentedRaftLogWorker.java:close(228)) - f6c16d16-afc4-4153-950f-27a1e09b0667@group-C849DC3ACEFE-SegmentedRaftLogWorker close()
2019-09-25 12:06:47,866 [ForkJoinPool.commonPool-worker-0] INFO  impl.RaftServerImpl (RaftServerImpl.java:lambda$shutdown$3(251)) - f6c16d16-afc4-4153-950f-27a1e09b0667@group-BC1F39B0123E: shutdown
2019-09-25 12:06:47,866 [ForkJoinPool.commonPool-worker-0] INFO  util.JmxRegister (JmxRegister.java:unregister(73)) - Successfully un-registered JMX Bean with object name Ratis:service=RaftServer,group=group-BC1F39B0123E,id=f6c16d16-afc4-4153-950f-27a1e09b0667
2019-09-25 12:06:47,866 [ForkJoinPool.commonPool-worker-0] INFO  impl.RoleInfo (RoleInfo.java:shutdownLeaderState(104)) - f6c16d16-afc4-4153-950f-27a1e09b0667: shutdown LeaderState
2019-09-25 12:06:47,867 [ForkJoinPool.commonPool-worker-0] INFO  impl.PendingRequests (PendingRequests.java:sendNotLeaderResponses(202)) - f6c16d16-afc4-4153-950f-27a1e09b0667-PendingRequests: sendNotLeaderResponses
2019-09-25 12:06:47,867 [ForkJoinPool.commonPool-worker-0] INFO  impl.StateMachineUpdater (StateMachineUpdater.java:stopAndJoin(125)) - f6c16d16-afc4-4153-950f-27a1e09b0667@group-BC1F39B0123E-StateMachineUpdater: set stopIndex = 0
2019-09-25 12:06:47,867 [ForkJoinPool.commonPool-worker-0] INFO  impl.RaftServerImpl (ServerState.java:close(385)) - f6c16d16-afc4-4153-950f-27a1e09b0667@group-BC1F39B0123E: closes. applyIndex: 0
2019-09-25 12:06:47,867 [f6c16d16-afc4-4153-950f-27a1e09b0667@group-BC1F39B0123E-SegmentedRaftLogWorker] INFO  segmented.SegmentedRaftLogWorker (SegmentedRaftLogWorker.java:run(313)) - f6c16d16-afc4-4153-950f-27a1e09b0667@group-BC1F39B0123E-SegmentedRaftLogWorker was interrupted, exiting. There are 0 tasks remaining in the queue.
2019-09-25 12:06:47,868 [ForkJoinPool.commonPool-worker-0] INFO  segmented.SegmentedRaftLogWorker (SegmentedRaftLogWorker.java:close(228)) - f6c16d16-afc4-4153-950f-27a1e09b0667@group-BC1F39B0123E-SegmentedRaftLogWorker close()
2019-09-25 12:06:47,868 [ForkJoinPool.commonPool-worker-0] INFO  impl.RaftServerImpl (RaftServerImpl.java:lambda$shutdown$3(251)) - f6c16d16-afc4-4153-950f-27a1e09b0667@group-2C5CB6273789: shutdown
2019-09-25 12:06:47,868 [ForkJoinPool.commonPool-worker-0] INFO  util.JmxRegister (JmxRegister.java:unregister(73)) - Successfully un-registered JMX Bean with object name Ratis:service=RaftServer,group=group-2C5CB6273789,id=f6c16d16-afc4-4153-950f-27a1e09b0667
2019-09-25 12:06:47,868 [ForkJoinPool.commonPool-worker-0] INFO  impl.RoleInfo (RoleInfo.java:shutdownLeaderState(104)) - f6c16d16-afc4-4153-950f-27a1e09b0667: shutdown LeaderState
2019-09-25 12:06:47,868 [ForkJoinPool.commonPool-worker-0] INFO  impl.PendingRequests (PendingRequests.java:sendNotLeaderResponses(202)) - f6c16d16-afc4-4153-950f-27a1e09b0667-PendingRequests: sendNotLeaderResponses
2019-09-25 12:06:47,869 [ForkJoinPool.commonPool-worker-0] INFO  impl.StateMachineUpdater (StateMachineUpdater.java:stopAndJoin(125)) - f6c16d16-afc4-4153-950f-27a1e09b0667@group-2C5CB6273789-StateMachineUpdater: set stopIndex = 0
2019-09-25 12:06:47,869 [ForkJoinPool.commonPool-worker-0] INFO  impl.RaftServerImpl (ServerState.java:close(385)) - f6c16d16-afc4-4153-950f-27a1e09b0667@group-2C5CB6273789: closes. applyIndex: 0
2019-09-25 12:06:47,869 [f6c16d16-afc4-4153-950f-27a1e09b0667@group-2C5CB6273789-SegmentedRaftLogWorker] INFO  segmented.SegmentedRaftLogWorker (SegmentedRaftLogWorker.java:run(313)) - f6c16d16-afc4-4153-950f-27a1e09b0667@group-2C5CB6273789-SegmentedRaftLogWorker was interrupted, exiting. There are 0 tasks remaining in the queue.
2019-09-25 12:06:47,869 [ForkJoinPool.commonPool-worker-0] INFO  segmented.SegmentedRaftLogWorker (SegmentedRaftLogWorker.java:close(228)) - f6c16d16-afc4-4153-950f-27a1e09b0667@group-2C5CB6273789-SegmentedRaftLogWorker close()
2019-09-25 12:06:47,870 [ForkJoinPool.commonPool-worker-0] INFO  impl.RaftServerImpl (RaftServerImpl.java:lambda$shutdown$3(251)) - f6c16d16-afc4-4153-950f-27a1e09b0667@group-05A870EFFA1E: shutdown
2019-09-25 12:06:47,870 [ForkJoinPool.commonPool-worker-0] INFO  util.JmxRegister (JmxRegister.java:unregister(73)) - Successfully un-registered JMX Bean with object name Ratis:service=RaftServer,group=group-05A870EFFA1E,id=f6c16d16-afc4-4153-950f-27a1e09b0667
2019-09-25 12:06:47,870 [ForkJoinPool.commonPool-worker-0] INFO  impl.RoleInfo (RoleInfo.java:shutdownLeaderState(104)) - f6c16d16-afc4-4153-950f-27a1e09b0667: shutdown LeaderState
2019-09-25 12:06:47,870 [ForkJoinPool.commonPool-worker-0] INFO  impl.PendingRequests (PendingRequests.java:sendNotLeaderResponses(202)) - f6c16d16-afc4-4153-950f-27a1e09b0667-PendingRequests: sendNotLeaderResponses
2019-09-25 12:06:47,871 [ForkJoinPool.commonPool-worker-0] INFO  impl.StateMachineUpdater (StateMachineUpdater.java:stopAndJoin(125)) - f6c16d16-afc4-4153-950f-27a1e09b0667@group-05A870EFFA1E-StateMachineUpdater: set stopIndex = 0
2019-09-25 12:06:47,871 [ForkJoinPool.commonPool-worker-0] INFO  impl.RaftServerImpl (ServerState.java:close(385)) - f6c16d16-afc4-4153-950f-27a1e09b0667@group-05A870EFFA1E: closes. applyIndex: 0
2019-09-25 12:06:47,871 [f6c16d16-afc4-4153-950f-27a1e09b0667@group-05A870EFFA1E-SegmentedRaftLogWorker] INFO  segmented.SegmentedRaftLogWorker (SegmentedRaftLogWorker.java:run(313)) - f6c16d16-afc4-4153-950f-27a1e09b0667@group-05A870EFFA1E-SegmentedRaftLogWorker was interrupted, exiting. There are 0 tasks remaining in the queue.
2019-09-25 12:06:47,871 [ForkJoinPool.commonPool-worker-0] INFO  segmented.SegmentedRaftLogWorker (SegmentedRaftLogWorker.java:close(228)) - f6c16d16-afc4-4153-950f-27a1e09b0667@group-05A870EFFA1E-SegmentedRaftLogWorker close()
2019-09-25 12:06:47,872 [ForkJoinPool.commonPool-worker-0] INFO  impl.RaftServerImpl (RaftServerImpl.java:lambda$shutdown$3(251)) - f6c16d16-afc4-4153-950f-27a1e09b0667@group-69465D6E6947: shutdown
2019-09-25 12:06:47,872 [ForkJoinPool.commonPool-worker-0] INFO  util.JmxRegister (JmxRegister.java:unregister(73)) - Successfully un-registered JMX Bean with object name Ratis:service=RaftServer,group=group-69465D6E6947,id=f6c16d16-afc4-4153-950f-27a1e09b0667
2019-09-25 12:06:47,872 [ForkJoinPool.commonPool-worker-0] INFO  impl.RoleInfo (RoleInfo.java:shutdownLeaderState(104)) - f6c16d16-afc4-4153-950f-27a1e09b0667: shutdown LeaderState
2019-09-25 12:06:47,872 [ForkJoinPool.commonPool-worker-0] INFO  impl.PendingRequests (PendingRequests.java:sendNotLeaderResponses(202)) - f6c16d16-afc4-4153-950f-27a1e09b0667-PendingRequests: sendNotLeaderResponses
2019-09-25 12:06:47,872 [ForkJoinPool.commonPool-worker-0] INFO  impl.StateMachineUpdater (StateMachineUpdater.java:stopAndJoin(125)) - f6c16d16-afc4-4153-950f-27a1e09b0667@group-69465D6E6947-StateMachineUpdater: set stopIndex = 0
2019-09-25 12:06:47,873 [ForkJoinPool.commonPool-worker-0] INFO  impl.RaftServerImpl (ServerState.java:close(385)) - f6c16d16-afc4-4153-950f-27a1e09b0667@group-69465D6E6947: closes. applyIndex: 0
2019-09-25 12:06:47,873 [f6c16d16-afc4-4153-950f-27a1e09b0667@group-69465D6E6947-SegmentedRaftLogWorker] INFO  segmented.SegmentedRaftLogWorker (SegmentedRaftLogWorker.java:run(313)) - f6c16d16-afc4-4153-950f-27a1e09b0667@group-69465D6E6947-SegmentedRaftLogWorker was interrupted, exiting. There are 0 tasks remaining in the queue.
2019-09-25 12:06:47,873 [ForkJoinPool.commonPool-worker-0] INFO  segmented.SegmentedRaftLogWorker (SegmentedRaftLogWorker.java:close(228)) - f6c16d16-afc4-4153-950f-27a1e09b0667@group-69465D6E6947-SegmentedRaftLogWorker close()
2019-09-25 12:06:47,873 [ForkJoinPool.commonPool-worker-0] INFO  server.GrpcService (GrpcService.java:closeImpl(164)) - f6c16d16-afc4-4153-950f-27a1e09b0667: shutdown server with port 37173 now
2019-09-25 12:06:47,877 [ForkJoinPool.commonPool-worker-0] INFO  server.GrpcService (GrpcService.java:closeImpl(172)) - f6c16d16-afc4-4153-950f-27a1e09b0667: shutdown server with port 37173 successfully
2019-09-25 12:06:47,878 [refreshUsed-/workdir/hadoop-ozone/integration-test/target/test-dir/MiniOzoneClusterImpl-587876f3-3d98-4cc8-9a43-bf4d205d7dbe/datanode-0/data/containers] WARN  fs.CachingGetSpaceUsed (CachingGetSpaceUsed.java:run(183)) - Thread Interrupted waiting to refresh disk information: sleep interrupted
2019-09-25 12:06:47,880 [main] INFO  utils.BackgroundService (BackgroundService.java:shutdown(148)) - Shutting down service BlockDeletingService
2019-09-25 12:06:47,891 [main] INFO  statemachine.DatanodeStateMachine (DatanodeStateMachine.java:stopDaemon(395)) - Ozone container server stopped.
2019-09-25 12:06:47,904 [main] INFO  handler.ContextHandler (ContextHandler.java:doStop(910)) - Stopped o.e.j.w.WebAppContext@49c83262{/,null,UNAVAILABLE}{/hddsDatanode}
2019-09-25 12:06:47,905 [main] INFO  server.AbstractConnector (AbstractConnector.java:doStop(318)) - Stopped ServerConnector@273aaab7{HTTP/1.1,[http/1.1]}{0.0.0.0:0}
2019-09-25 12:06:47,910 [main] INFO  handler.ContextHandler (ContextHandler.java:doStop(910)) - Stopped o.e.j.s.ServletContextHandler@3dfe59d7{/static,jar:file:/home/user/.m2/repository/org/apache/hadoop/hadoop-hdds-container-service/0.5.0-SNAPSHOT/hadoop-hdds-container-service-0.5.0-SNAPSHOT.jar!/webapps/static,UNAVAILABLE}
2019-09-25 12:06:47,910 [main] INFO  handler.ContextHandler (ContextHandler.java:doStop(910)) - Stopped o.e.j.s.ServletContextHandler@243c4346{/logs,file:///workdir/hadoop-ozone/integration-test/target/log,UNAVAILABLE}
2019-09-25 12:06:47,914 [ForkJoinPool.commonPool-worker-0] INFO  utils.BackgroundService (BackgroundService.java:shutdown(148)) - Shutting down service BlockDeletingService
2019-09-25 12:06:47,923 [ForkJoinPool.commonPool-worker-0] INFO  statemachine.DatanodeStateMachine (DatanodeStateMachine.java:stopDaemon(395)) - Ozone container server stopped.
2019-09-25 12:06:47,931 [ForkJoinPool.commonPool-worker-0] INFO  handler.ContextHandler (ContextHandler.java:doStop(910)) - Stopped o.e.j.w.WebAppContext@1124910c{/,null,UNAVAILABLE}{/hddsDatanode}
2019-09-25 12:06:47,932 [ForkJoinPool.commonPool-worker-0] INFO  server.AbstractConnector (AbstractConnector.java:doStop(318)) - Stopped ServerConnector@f849027{HTTP/1.1,[http/1.1]}{0.0.0.0:0}
2019-09-25 12:06:47,947 [ForkJoinPool.commonPool-worker-0] INFO  handler.ContextHandler (ContextHandler.java:doStop(910)) - Stopped o.e.j.s.ServletContextHandler@6f0c45f4{/static,jar:file:/home/user/.m2/repository/org/apache/hadoop/hadoop-hdds-container-service/0.5.0-SNAPSHOT/hadoop-hdds-container-service-0.5.0-SNAPSHOT.jar!/webapps/static,UNAVAILABLE}
2019-09-25 12:06:47,948 [ForkJoinPool.commonPool-worker-0] INFO  handler.ContextHandler (ContextHandler.java:doStop(910)) - Stopped o.e.j.s.ServletContextHandler@994544{/logs,file:///workdir/hadoop-ozone/integration-test/target/log,UNAVAILABLE}
2019-09-25 12:06:48,057 [Datanode State Machine Thread - 0] INFO  statemachine.DatanodeStateMachine (DatanodeStateMachine.java:lambda$startDaemon$0(350)) - Ozone container server started.
2019-09-25 12:06:52,157 [EventQueue-StaleNodeForStaleNodeHandler] INFO  node.StaleNodeHandler (StaleNodeHandler.java:onMessage(58)) - Datanode d587b3c4-6743-4f9b-a5f7-0e55334fa092{ip: 192.168.151.73, host: pr-hdds-1569-shd4m-3693607622, networkLocation: /default-rack, certSerialId: null} moved to stale state. Finalizing its pipelines [PipelineID=c70d88ab-c866-4911-b76f-85b598e2bba9, PipelineID=3d9bd1fa-91f6-4878-83a9-40b4461a255b, PipelineID=dd7b448d-dd54-4b50-bf46-cf9237f49159, PipelineID=9b0b48a1-7d1d-4a05-856e-c9383f01bd09, PipelineID=44c464df-5c53-48ed-93d2-f26ddf6da1fb, PipelineID=0a8d3f57-81fb-421b-a35f-5b4610dfd4e2]
2019-09-25 12:06:52,157 [EventQueue-StaleNodeForStaleNodeHandler] INFO  pipeline.SCMPipelineManager (SCMPipelineManager.java:finalizeAndDestroyPipeline(316)) - destroying pipeline:Pipeline[ Id: c70d88ab-c866-4911-b76f-85b598e2bba9, Nodes: d587b3c4-6743-4f9b-a5f7-0e55334fa092{ip: 192.168.151.73, host: pr-hdds-1569-shd4m-3693607622, networkLocation: /default-rack, certSerialId: null}, Type:RATIS, Factor:ONE, State:OPEN]
2019-09-25 12:06:52,158 [EventQueue-StaleNodeForStaleNodeHandler] INFO  pipeline.PipelineStateManager (PipelineStateManager.java:finalizePipeline(123)) - Pipeline Pipeline[ Id: c70d88ab-c866-4911-b76f-85b598e2bba9, Nodes: d587b3c4-6743-4f9b-a5f7-0e55334fa092{ip: 192.168.151.73, host: pr-hdds-1569-shd4m-3693607622, networkLocation: /default-rack, certSerialId: null}, Type:RATIS, Factor:ONE, State:CLOSED] moved to CLOSED state
2019-09-25 12:06:52,158 [EventQueue-StaleNodeForStaleNodeHandler] INFO  pipeline.SCMPipelineManager (SCMPipelineManager.java:finalizeAndDestroyPipeline(316)) - destroying pipeline:Pipeline[ Id: 3d9bd1fa-91f6-4878-83a9-40b4461a255b, Nodes: d587b3c4-6743-4f9b-a5f7-0e55334fa092{ip: 192.168.151.73, host: pr-hdds-1569-shd4m-3693607622, networkLocation: /default-rack, certSerialId: null}, Type:RATIS, Factor:ONE, State:OPEN]
2019-09-25 12:06:52,158 [EventQueue-StaleNodeForStaleNodeHandler] INFO  pipeline.PipelineStateManager (PipelineStateManager.java:finalizePipeline(123)) - Pipeline Pipeline[ Id: 3d9bd1fa-91f6-4878-83a9-40b4461a255b, Nodes: d587b3c4-6743-4f9b-a5f7-0e55334fa092{ip: 192.168.151.73, host: pr-hdds-1569-shd4m-3693607622, networkLocation: /default-rack, certSerialId: null}, Type:RATIS, Factor:ONE, State:CLOSED] moved to CLOSED state
2019-09-25 12:06:52,158 [EventQueue-StaleNodeForStaleNodeHandler] INFO  pipeline.SCMPipelineManager (SCMPipelineManager.java:finalizeAndDestroyPipeline(316)) - destroying pipeline:Pipeline[ Id: dd7b448d-dd54-4b50-bf46-cf9237f49159, Nodes: d587b3c4-6743-4f9b-a5f7-0e55334fa092{ip: 192.168.151.73, host: pr-hdds-1569-shd4m-3693607622, networkLocation: /default-rack, certSerialId: null}, Type:RATIS, Factor:ONE, State:OPEN]
2019-09-25 12:06:52,158 [EventQueue-StaleNodeForStaleNodeHandler] INFO  pipeline.PipelineStateManager (PipelineStateManager.java:finalizePipeline(123)) - Pipeline Pipeline[ Id: dd7b448d-dd54-4b50-bf46-cf9237f49159, Nodes: d587b3c4-6743-4f9b-a5f7-0e55334fa092{ip: 192.168.151.73, host: pr-hdds-1569-shd4m-3693607622, networkLocation: /default-rack, certSerialId: null}, Type:RATIS, Factor:ONE, State:CLOSED] moved to CLOSED state
2019-09-25 12:06:52,159 [EventQueue-StaleNodeForStaleNodeHandler] INFO  pipeline.SCMPipelineManager (SCMPipelineManager.java:finalizeAndDestroyPipeline(316)) - destroying pipeline:Pipeline[ Id: 9b0b48a1-7d1d-4a05-856e-c9383f01bd09, Nodes: d587b3c4-6743-4f9b-a5f7-0e55334fa092{ip: 192.168.151.73, host: pr-hdds-1569-shd4m-3693607622, networkLocation: /default-rack, certSerialId: null}, Type:RATIS, Factor:ONE, State:OPEN]
2019-09-25 12:06:52,159 [EventQueue-StaleNodeForStaleNodeHandler] INFO  pipeline.PipelineStateManager (PipelineStateManager.java:finalizePipeline(123)) - Pipeline Pipeline[ Id: 9b0b48a1-7d1d-4a05-856e-c9383f01bd09, Nodes: d587b3c4-6743-4f9b-a5f7-0e55334fa092{ip: 192.168.151.73, host: pr-hdds-1569-shd4m-3693607622, networkLocation: /default-rack, certSerialId: null}, Type:RATIS, Factor:ONE, State:CLOSED] moved to CLOSED state
2019-09-25 12:06:52,159 [EventQueue-StaleNodeForStaleNodeHandler] INFO  pipeline.SCMPipelineManager (SCMPipelineManager.java:finalizeAndDestroyPipeline(316)) - destroying pipeline:Pipeline[ Id: 44c464df-5c53-48ed-93d2-f26ddf6da1fb, Nodes: d587b3c4-6743-4f9b-a5f7-0e55334fa092{ip: 192.168.151.73, host: pr-hdds-1569-shd4m-3693607622, networkLocation: /default-rack, certSerialId: null}, Type:RATIS, Factor:ONE, State:OPEN]
2019-09-25 12:06:52,159 [EventQueue-StaleNodeForStaleNodeHandler] INFO  pipeline.PipelineStateManager (PipelineStateManager.java:finalizePipeline(123)) - Pipeline Pipeline[ Id: 44c464df-5c53-48ed-93d2-f26ddf6da1fb, Nodes: d587b3c4-6743-4f9b-a5f7-0e55334fa092{ip: 192.168.151.73, host: pr-hdds-1569-shd4m-3693607622, networkLocation: /default-rack, certSerialId: null}, Type:RATIS, Factor:ONE, State:CLOSED] moved to CLOSED state
2019-09-25 12:06:52,159 [EventQueue-StaleNodeForStaleNodeHandler] INFO  pipeline.SCMPipelineManager (SCMPipelineManager.java:finalizeAndDestroyPipeline(316)) - destroying pipeline:Pipeline[ Id: 0a8d3f57-81fb-421b-a35f-5b4610dfd4e2, Nodes: d587b3c4-6743-4f9b-a5f7-0e55334fa092{ip: 192.168.151.73, host: pr-hdds-1569-shd4m-3693607622, networkLocation: /default-rack, certSerialId: null}, Type:RATIS, Factor:ONE, State:OPEN]
2019-09-25 12:06:52,159 [EventQueue-StaleNodeForStaleNodeHandler] INFO  pipeline.PipelineStateManager (PipelineStateManager.java:finalizePipeline(123)) - Pipeline Pipeline[ Id: 0a8d3f57-81fb-421b-a35f-5b4610dfd4e2, Nodes: d587b3c4-6743-4f9b-a5f7-0e55334fa092{ip: 192.168.151.73, host: pr-hdds-1569-shd4m-3693607622, networkLocation: /default-rack, certSerialId: null}, Type:RATIS, Factor:ONE, State:CLOSED] moved to CLOSED state
2019-09-25 12:06:52,912 [main] INFO  ozoneimpl.OzoneContainer (OzoneContainer.java:stop(231)) - Attempting to stop container services.
2019-09-25 12:06:52,917 [main] INFO  impl.RaftServerProxy (RaftServerProxy.java:lambda$close$4(314)) - d587b3c4-6743-4f9b-a5f7-0e55334fa092: close
2019-09-25 12:06:52,918 [main] INFO  impl.RaftServerImpl (RaftServerImpl.java:lambda$shutdown$3(251)) - d587b3c4-6743-4f9b-a5f7-0e55334fa092@group-85B598E2BBA9: shutdown
2019-09-25 12:06:52,918 [ForkJoinPool.commonPool-worker-1] INFO  impl.RaftServerImpl (RaftServerImpl.java:lambda$shutdown$3(251)) - d587b3c4-6743-4f9b-a5f7-0e55334fa092@group-CF9237F49159: shutdown
2019-09-25 12:06:52,918 [main] INFO  util.JmxRegister (JmxRegister.java:unregister(73)) - Successfully un-registered JMX Bean with object name Ratis:service=RaftServer,group=group-85B598E2BBA9,id=d587b3c4-6743-4f9b-a5f7-0e55334fa092
2019-09-25 12:06:52,918 [ForkJoinPool.commonPool-worker-1] INFO  util.JmxRegister (JmxRegister.java:unregister(73)) - Successfully un-registered JMX Bean with object name Ratis:service=RaftServer,group=group-CF9237F49159,id=d587b3c4-6743-4f9b-a5f7-0e55334fa092
2019-09-25 12:06:52,919 [main] INFO  impl.RoleInfo (RoleInfo.java:shutdownLeaderState(104)) - d587b3c4-6743-4f9b-a5f7-0e55334fa092: shutdown LeaderState
2019-09-25 12:06:52,919 [ForkJoinPool.commonPool-worker-1] INFO  impl.RoleInfo (RoleInfo.java:shutdownLeaderState(104)) - d587b3c4-6743-4f9b-a5f7-0e55334fa092: shutdown LeaderState
2019-09-25 12:06:52,919 [main] INFO  impl.PendingRequests (PendingRequests.java:sendNotLeaderResponses(202)) - d587b3c4-6743-4f9b-a5f7-0e55334fa092-PendingRequests: sendNotLeaderResponses
2019-09-25 12:06:52,920 [ForkJoinPool.commonPool-worker-1] INFO  impl.PendingRequests (PendingRequests.java:sendNotLeaderResponses(202)) - d587b3c4-6743-4f9b-a5f7-0e55334fa092-PendingRequests: sendNotLeaderResponses
2019-09-25 12:06:52,920 [main] INFO  impl.StateMachineUpdater (StateMachineUpdater.java:stopAndJoin(125)) - d587b3c4-6743-4f9b-a5f7-0e55334fa092@group-85B598E2BBA9-StateMachineUpdater: set stopIndex = 0
2019-09-25 12:06:52,921 [main] INFO  impl.RaftServerImpl (ServerState.java:close(385)) - d587b3c4-6743-4f9b-a5f7-0e55334fa092@group-85B598E2BBA9: closes. applyIndex: 0
2019-09-25 12:06:52,920 [ForkJoinPool.commonPool-worker-1] INFO  impl.StateMachineUpdater (StateMachineUpdater.java:stopAndJoin(125)) - d587b3c4-6743-4f9b-a5f7-0e55334fa092@group-CF9237F49159-StateMachineUpdater: set stopIndex = 0
2019-09-25 12:06:52,921 [d587b3c4-6743-4f9b-a5f7-0e55334fa092@group-85B598E2BBA9-SegmentedRaftLogWorker] INFO  segmented.SegmentedRaftLogWorker (SegmentedRaftLogWorker.java:run(313)) - d587b3c4-6743-4f9b-a5f7-0e55334fa092@group-85B598E2BBA9-SegmentedRaftLogWorker was interrupted, exiting. There are 0 tasks remaining in the queue.
2019-09-25 12:06:52,921 [ForkJoinPool.commonPool-worker-1] INFO  impl.RaftServerImpl (ServerState.java:close(385)) - d587b3c4-6743-4f9b-a5f7-0e55334fa092@group-CF9237F49159: closes. applyIndex: 0
2019-09-25 12:06:52,922 [main] INFO  segmented.SegmentedRaftLogWorker (SegmentedRaftLogWorker.java:close(228)) - d587b3c4-6743-4f9b-a5f7-0e55334fa092@group-85B598E2BBA9-SegmentedRaftLogWorker close()
2019-09-25 12:06:52,922 [d587b3c4-6743-4f9b-a5f7-0e55334fa092@group-CF9237F49159-SegmentedRaftLogWorker] INFO  segmented.SegmentedRaftLogWorker (SegmentedRaftLogWorker.java:run(313)) - d587b3c4-6743-4f9b-a5f7-0e55334fa092@group-CF9237F49159-SegmentedRaftLogWorker was interrupted, exiting. There are 0 tasks remaining in the queue.
2019-09-25 12:06:52,922 [main] INFO  impl.RaftServerImpl (RaftServerImpl.java:lambda$shutdown$3(251)) - d587b3c4-6743-4f9b-a5f7-0e55334fa092@group-40B4461A255B: shutdown
2019-09-25 12:06:52,922 [ForkJoinPool.commonPool-worker-1] INFO  segmented.SegmentedRaftLogWorker (SegmentedRaftLogWorker.java:close(228)) - d587b3c4-6743-4f9b-a5f7-0e55334fa092@group-CF9237F49159-SegmentedRaftLogWorker close()
2019-09-25 12:06:52,923 [main] INFO  util.JmxRegister (JmxRegister.java:unregister(73)) - Successfully un-registered JMX Bean with object name Ratis:service=RaftServer,group=group-40B4461A255B,id=d587b3c4-6743-4f9b-a5f7-0e55334fa092
2019-09-25 12:06:52,923 [ForkJoinPool.commonPool-worker-1] INFO  impl.RaftServerImpl (RaftServerImpl.java:lambda$shutdown$3(251)) - d587b3c4-6743-4f9b-a5f7-0e55334fa092@group-C9383F01BD09: shutdown
2019-09-25 12:06:52,923 [main] INFO  impl.RoleInfo (RoleInfo.java:shutdownLeaderState(104)) - d587b3c4-6743-4f9b-a5f7-0e55334fa092: shutdown LeaderState
2019-09-25 12:06:52,923 [ForkJoinPool.commonPool-worker-1] INFO  util.JmxRegister (JmxRegister.java:unregister(73)) - Successfully un-registered JMX Bean with object name Ratis:service=RaftServer,group=group-C9383F01BD09,id=d587b3c4-6743-4f9b-a5f7-0e55334fa092
2019-09-25 12:06:52,924 [main] INFO  impl.PendingRequests (PendingRequests.java:sendNotLeaderResponses(202)) - d587b3c4-6743-4f9b-a5f7-0e55334fa092-PendingRequests: sendNotLeaderResponses
2019-09-25 12:06:52,924 [ForkJoinPool.commonPool-worker-1] INFO  impl.RoleInfo (RoleInfo.java:shutdownLeaderState(104)) - d587b3c4-6743-4f9b-a5f7-0e55334fa092: shutdown LeaderState
2019-09-25 12:06:52,924 [main] INFO  impl.StateMachineUpdater (StateMachineUpdater.java:stopAndJoin(125)) - d587b3c4-6743-4f9b-a5f7-0e55334fa092@group-40B4461A255B-StateMachineUpdater: set stopIndex = 0
2019-09-25 12:06:52,925 [main] INFO  impl.RaftServerImpl (ServerState.java:close(385)) - d587b3c4-6743-4f9b-a5f7-0e55334fa092@group-40B4461A255B: closes. applyIndex: 0
2019-09-25 12:06:52,925 [ForkJoinPool.commonPool-worker-1] INFO  impl.PendingRequests (PendingRequests.java:sendNotLeaderResponses(202)) - d587b3c4-6743-4f9b-a5f7-0e55334fa092-PendingRequests: sendNotLeaderResponses
2019-09-25 12:06:52,925 [d587b3c4-6743-4f9b-a5f7-0e55334fa092@group-40B4461A255B-SegmentedRaftLogWorker] INFO  segmented.SegmentedRaftLogWorker (SegmentedRaftLogWorker.java:run(313)) - d587b3c4-6743-4f9b-a5f7-0e55334fa092@group-40B4461A255B-SegmentedRaftLogWorker was interrupted, exiting. There are 0 tasks remaining in the queue.
2019-09-25 12:06:52,926 [ForkJoinPool.commonPool-worker-1] INFO  impl.StateMachineUpdater (StateMachineUpdater.java:stopAndJoin(125)) - d587b3c4-6743-4f9b-a5f7-0e55334fa092@group-C9383F01BD09-StateMachineUpdater: set stopIndex = 0
2019-09-25 12:06:52,926 [main] INFO  segmented.SegmentedRaftLogWorker (SegmentedRaftLogWorker.java:close(228)) - d587b3c4-6743-4f9b-a5f7-0e55334fa092@group-40B4461A255B-SegmentedRaftLogWorker close()
2019-09-25 12:06:52,926 [ForkJoinPool.commonPool-worker-1] INFO  impl.RaftServerImpl (ServerState.java:close(385)) - d587b3c4-6743-4f9b-a5f7-0e55334fa092@group-C9383F01BD09: closes. applyIndex: 0
2019-09-25 12:06:52,927 [d587b3c4-6743-4f9b-a5f7-0e55334fa092@group-C9383F01BD09-SegmentedRaftLogWorker] INFO  segmented.SegmentedRaftLogWorker (SegmentedRaftLogWorker.java:run(313)) - d587b3c4-6743-4f9b-a5f7-0e55334fa092@group-C9383F01BD09-SegmentedRaftLogWorker was interrupted, exiting. There are 0 tasks remaining in the queue.
2019-09-25 12:06:52,927 [ForkJoinPool.commonPool-worker-1] INFO  segmented.SegmentedRaftLogWorker (SegmentedRaftLogWorker.java:close(228)) - d587b3c4-6743-4f9b-a5f7-0e55334fa092@group-C9383F01BD09-SegmentedRaftLogWorker close()
2019-09-25 12:06:52,927 [ForkJoinPool.commonPool-worker-1] INFO  impl.RaftServerImpl (RaftServerImpl.java:lambda$shutdown$3(251)) - d587b3c4-6743-4f9b-a5f7-0e55334fa092@group-F26DDF6DA1FB: shutdown
2019-09-25 12:06:52,927 [ForkJoinPool.commonPool-worker-1] INFO  util.JmxRegister (JmxRegister.java:unregister(73)) - Successfully un-registered JMX Bean with object name Ratis:service=RaftServer,group=group-F26DDF6DA1FB,id=d587b3c4-6743-4f9b-a5f7-0e55334fa092
2019-09-25 12:06:52,928 [ForkJoinPool.commonPool-worker-1] INFO  impl.RoleInfo (RoleInfo.java:shutdownLeaderState(104)) - d587b3c4-6743-4f9b-a5f7-0e55334fa092: shutdown LeaderState
2019-09-25 12:06:52,928 [ForkJoinPool.commonPool-worker-1] INFO  impl.PendingRequests (PendingRequests.java:sendNotLeaderResponses(202)) - d587b3c4-6743-4f9b-a5f7-0e55334fa092-PendingRequests: sendNotLeaderResponses
2019-09-25 12:06:52,928 [ForkJoinPool.commonPool-worker-1] INFO  impl.StateMachineUpdater (StateMachineUpdater.java:stopAndJoin(125)) - d587b3c4-6743-4f9b-a5f7-0e55334fa092@group-F26DDF6DA1FB-StateMachineUpdater: set stopIndex = 0
2019-09-25 12:06:52,928 [ForkJoinPool.commonPool-worker-1] INFO  impl.RaftServerImpl (ServerState.java:close(385)) - d587b3c4-6743-4f9b-a5f7-0e55334fa092@group-F26DDF6DA1FB: closes. applyIndex: 0
2019-09-25 12:06:52,928 [d587b3c4-6743-4f9b-a5f7-0e55334fa092@group-F26DDF6DA1FB-SegmentedRaftLogWorker] INFO  segmented.SegmentedRaftLogWorker (SegmentedRaftLogWorker.java:run(313)) - d587b3c4-6743-4f9b-a5f7-0e55334fa092@group-F26DDF6DA1FB-SegmentedRaftLogWorker was interrupted, exiting. There are 0 tasks remaining in the queue.
2019-09-25 12:06:52,929 [ForkJoinPool.commonPool-worker-1] INFO  segmented.SegmentedRaftLogWorker (SegmentedRaftLogWorker.java:close(228)) - d587b3c4-6743-4f9b-a5f7-0e55334fa092@group-F26DDF6DA1FB-SegmentedRaftLogWorker close()
2019-09-25 12:06:52,929 [ForkJoinPool.commonPool-worker-1] INFO  impl.RaftServerImpl (RaftServerImpl.java:lambda$shutdown$3(251)) - d587b3c4-6743-4f9b-a5f7-0e55334fa092@group-5B4610DFD4E2: shutdown
2019-09-25 12:06:52,929 [ForkJoinPool.commonPool-worker-1] INFO  util.JmxRegister (JmxRegister.java:unregister(73)) - Successfully un-registered JMX Bean with object name Ratis:service=RaftServer,group=group-5B4610DFD4E2,id=d587b3c4-6743-4f9b-a5f7-0e55334fa092
2019-09-25 12:06:52,929 [ForkJoinPool.commonPool-worker-1] INFO  impl.RoleInfo (RoleInfo.java:shutdownLeaderState(104)) - d587b3c4-6743-4f9b-a5f7-0e55334fa092: shutdown LeaderState
2019-09-25 12:06:52,929 [ForkJoinPool.commonPool-worker-1] INFO  impl.PendingRequests (PendingRequests.java:sendNotLeaderResponses(202)) - d587b3c4-6743-4f9b-a5f7-0e55334fa092-PendingRequests: sendNotLeaderResponses
2019-09-25 12:06:52,930 [ForkJoinPool.commonPool-worker-1] INFO  impl.StateMachineUpdater (StateMachineUpdater.java:stopAndJoin(125)) - d587b3c4-6743-4f9b-a5f7-0e55334fa092@group-5B4610DFD4E2-StateMachineUpdater: set stopIndex = 0
2019-09-25 12:06:52,930 [ForkJoinPool.commonPool-worker-1] INFO  impl.RaftServerImpl (ServerState.java:close(385)) - d587b3c4-6743-4f9b-a5f7-0e55334fa092@group-5B4610DFD4E2: closes. applyIndex: 0
2019-09-25 12:06:52,930 [d587b3c4-6743-4f9b-a5f7-0e55334fa092@group-5B4610DFD4E2-SegmentedRaftLogWorker] INFO  segmented.SegmentedRaftLogWorker (SegmentedRaftLogWorker.java:run(313)) - d587b3c4-6743-4f9b-a5f7-0e55334fa092@group-5B4610DFD4E2-SegmentedRaftLogWorker was interrupted, exiting. There are 0 tasks remaining in the queue.
2019-09-25 12:06:52,930 [ForkJoinPool.commonPool-worker-1] INFO  segmented.SegmentedRaftLogWorker (SegmentedRaftLogWorker.java:close(228)) - d587b3c4-6743-4f9b-a5f7-0e55334fa092@group-5B4610DFD4E2-SegmentedRaftLogWorker close()
2019-09-25 12:06:52,931 [main] INFO  server.GrpcService (GrpcService.java:closeImpl(164)) - d587b3c4-6743-4f9b-a5f7-0e55334fa092: shutdown server with port 33163 now
2019-09-25 12:06:52,934 [main] INFO  server.GrpcService (GrpcService.java:closeImpl(172)) - d587b3c4-6743-4f9b-a5f7-0e55334fa092: shutdown server with port 33163 successfully
2019-09-25 12:06:52,936 [refreshUsed-/workdir/hadoop-ozone/integration-test/target/test-dir/MiniOzoneClusterImpl-587876f3-3d98-4cc8-9a43-bf4d205d7dbe/datanode-5/data/containers] WARN  fs.CachingGetSpaceUsed (CachingGetSpaceUsed.java:run(183)) - Thread Interrupted waiting to refresh disk information: sleep interrupted
2019-09-25 12:06:52,953 [main] INFO  utils.BackgroundService (BackgroundService.java:shutdown(148)) - Shutting down service BlockDeletingService
2019-09-25 12:06:52,962 [main] INFO  statemachine.DatanodeStateMachine (DatanodeStateMachine.java:stopDaemon(395)) - Ozone container server stopped.
2019-09-25 12:06:52,975 [main] INFO  handler.ContextHandler (ContextHandler.java:doStop(910)) - Stopped o.e.j.w.WebAppContext@d3cce46{/,null,UNAVAILABLE}{/hddsDatanode}
2019-09-25 12:06:52,976 [main] INFO  server.AbstractConnector (AbstractConnector.java:doStop(318)) - Stopped ServerConnector@30eedaa4{HTTP/1.1,[http/1.1]}{0.0.0.0:0}
2019-09-25 12:06:52,976 [main] INFO  handler.ContextHandler (ContextHandler.java:doStop(910)) - Stopped o.e.j.s.ServletContextHandler@3005623b{/static,jar:file:/home/user/.m2/repository/org/apache/hadoop/hadoop-hdds-container-service/0.5.0-SNAPSHOT/hadoop-hdds-container-service-0.5.0-SNAPSHOT.jar!/webapps/static,UNAVAILABLE}
2019-09-25 12:06:52,977 [main] INFO  handler.ContextHandler (ContextHandler.java:doStop(910)) - Stopped o.e.j.s.ServletContextHandler@c11332b{/logs,file:///workdir/hadoop-ozone/integration-test/target/log,UNAVAILABLE}
2019-09-25 12:06:52,978 [main] INFO  ozone.MiniOzoneClusterImpl (MiniOzoneClusterImpl.java:stopSCM(392)) - Stopping the StorageContainerManager
2019-09-25 12:06:52,978 [main] INFO  server.StorageContainerManager (StorageContainerManager.java:stop(808)) - Stopping Replication Manager Service.
2019-09-25 12:06:52,978 [main] INFO  container.ReplicationManager (ReplicationManager.java:stop(204)) - Stopping Replication Monitor Thread.
2019-09-25 12:06:52,978 [main] INFO  server.StorageContainerManager (StorageContainerManager.java:stop(815)) - Stopping Lease Manager of the command watchers
2019-09-25 12:06:52,978 [main] INFO  server.StorageContainerManager (StorageContainerManager.java:stop(822)) - Stopping datanode service RPC server
2019-09-25 12:06:52,979 [main] INFO  server.SCMDatanodeProtocolServer (SCMDatanodeProtocolServer.java:stop(367)) - Stopping the RPC server for DataNodes
2019-09-25 12:06:52,979 [main] INFO  ipc.Server (Server.java:stop(3082)) - Stopping server on 44365
2019-09-25 12:06:52,982 [IPC Server listener on 44365] INFO  ipc.Server (Server.java:run(1185)) - Stopping IPC Server listener on 44365
2019-09-25 12:06:52,986 [IPC Server Responder] INFO  ipc.Server (Server.java:run(1319)) - Stopping IPC Server Responder
2019-09-25 12:06:53,059 [SCM Heartbeat Processing Thread - 0] WARN  node.NodeStateManager (NodeStateManager.java:scheduleNextHealthCheck(655)) - Current Thread is interrupted, shutting down HB processing thread for Node Manager.
2019-09-25 12:06:53,059 [main] INFO  server.StorageContainerManager (StorageContainerManager.java:stop(830)) - Stopping block service RPC server
2019-09-25 12:06:53,060 [main] INFO  server.SCMBlockProtocolServer (SCMBlockProtocolServer.java:stop(155)) - Stopping the RPC server for Block Protocol
2019-09-25 12:06:53,060 [main] INFO  ipc.Server (Server.java:stop(3082)) - Stopping server on 42187
2019-09-25 12:06:53,064 [main] INFO  server.StorageContainerManager (StorageContainerManager.java:stop(837)) - Stopping the StorageContainerLocationProtocol RPC server
2019-09-25 12:06:53,064 [main] INFO  server.SCMClientProtocolServer (SCMClientProtocolServer.java:stop(159)) - Stopping the RPC server for Client Protocol
2019-09-25 12:06:53,064 [main] INFO  ipc.Server (Server.java:stop(3082)) - Stopping server on 33919
2019-09-25 12:06:53,065 [IPC Server listener on 42187] INFO  ipc.Server (Server.java:run(1185)) - Stopping IPC Server listener on 42187
2019-09-25 12:06:53,065 [IPC Server Responder] INFO  ipc.Server (Server.java:run(1319)) - Stopping IPC Server Responder
2019-09-25 12:06:53,071 [IPC Server listener on 33919] INFO  ipc.Server (Server.java:run(1185)) - Stopping IPC Server listener on 33919
2019-09-25 12:06:53,071 [main] INFO  server.StorageContainerManager (StorageContainerManager.java:stop(844)) - Stopping Storage Container Manager HTTP server.
2019-09-25 12:06:53,074 [IPC Server Responder] INFO  ipc.Server (Server.java:run(1319)) - Stopping IPC Server Responder
2019-09-25 12:06:53,074 [main] INFO  handler.ContextHandler (ContextHandler.java:doStop(910)) - Stopped o.e.j.w.WebAppContext@67eeb310{/,null,UNAVAILABLE}{/scm}
2019-09-25 12:06:53,075 [main] INFO  server.AbstractConnector (AbstractConnector.java:doStop(318)) - Stopped ServerConnector@76af51d6{HTTP/1.1,[http/1.1]}{0.0.0.0:0}
2019-09-25 12:06:53,076 [main] INFO  handler.ContextHandler (ContextHandler.java:doStop(910)) - Stopped o.e.j.s.ServletContextHandler@4522d793{/static,file:///workdir/hadoop-ozone/integration-test/target/test-classes/webapps/static,UNAVAILABLE}
2019-09-25 12:06:53,076 [main] INFO  handler.ContextHandler (ContextHandler.java:doStop(910)) - Stopped o.e.j.s.ServletContextHandler@37c2f0b4{/logs,file:///workdir/hadoop-ozone/integration-test/target/log,UNAVAILABLE}
2019-09-25 12:06:53,077 [main] INFO  server.StorageContainerManager (StorageContainerManager.java:stop(855)) - Stopping Block Manager Service.
2019-09-25 12:06:53,077 [main] INFO  utils.BackgroundService (BackgroundService.java:shutdown(148)) - Shutting down service SCMBlockDeletingService
2019-09-25 12:06:53,078 [main] INFO  utils.BackgroundService (BackgroundService.java:shutdown(148)) - Shutting down service SCMBlockDeletingService
2019-09-25 12:06:53,078 [main] INFO  server.StorageContainerManager (StorageContainerManager.java:stop(877)) - Stopping SCM Event Queue.
2019-09-25 12:06:53,083 [main] INFO  impl.MetricsSystemImpl (MetricsSystemImpl.java:stop(210)) - Stopping HddsDatanode metrics system...
2019-09-25 12:06:53,156 [main] INFO  impl.MetricsSystemImpl (MetricsSystemImpl.java:stop(216)) - HddsDatanode metrics system stopped.
]]></system-out>
  </testcase>
  <testcase name="testExceptionDuringClose" classname="org.apache.hadoop.ozone.client.rpc.TestBlockOutputStreamWithFailures" time="29.03">
    <error message="Allocated 0 blocks. Requested 1 blocks" type="INTERNAL_ERROR org.apache.hadoop.ozone.om.exceptions.OMException">INTERNAL_ERROR org.apache.hadoop.ozone.om.exceptions.OMException: Allocated 0 blocks. Requested 1 blocks
	at org.apache.hadoop.ozone.om.protocolPB.OzoneManagerProtocolClientSideTranslatorPB.handleError(OzoneManagerProtocolClientSideTranslatorPB.java:732)
	at org.apache.hadoop.ozone.om.protocolPB.OzoneManagerProtocolClientSideTranslatorPB.openKey(OzoneManagerProtocolClientSideTranslatorPB.java:723)
	at sun.reflect.NativeMethodAccessorImpl.invoke0(Native Method)
	at sun.reflect.NativeMethodAccessorImpl.invoke(NativeMethodAccessorImpl.java:62)
	at sun.reflect.DelegatingMethodAccessorImpl.invoke(DelegatingMethodAccessorImpl.java:43)
	at java.lang.reflect.Method.invoke(Method.java:498)
	at org.apache.hadoop.hdds.tracing.TraceAllMethod.invoke(TraceAllMethod.java:66)
	at com.sun.proxy.$Proxy37.openKey(Unknown Source)
	at org.apache.hadoop.ozone.client.rpc.RpcClient.createKey(RpcClient.java:614)
	at org.apache.hadoop.ozone.client.OzoneBucket.createKey(OzoneBucket.java:325)
	at org.apache.hadoop.ozone.container.ContainerTestHelper.createKey(ContainerTestHelper.java:704)
	at org.apache.hadoop.ozone.client.rpc.TestBlockOutputStreamWithFailures.createKey(TestBlockOutputStreamWithFailures.java:1210)
	at org.apache.hadoop.ozone.client.rpc.TestBlockOutputStreamWithFailures.createKey(TestBlockOutputStreamWithFailures.java:1204)
	at org.apache.hadoop.ozone.client.rpc.TestBlockOutputStreamWithFailures.testExceptionDuringClose(TestBlockOutputStreamWithFailures.java:679)
	at sun.reflect.NativeMethodAccessorImpl.invoke0(Native Method)
	at sun.reflect.NativeMethodAccessorImpl.invoke(NativeMethodAccessorImpl.java:62)
	at sun.reflect.DelegatingMethodAccessorImpl.invoke(DelegatingMethodAccessorImpl.java:43)
	at java.lang.reflect.Method.invoke(Method.java:498)
	at org.junit.runners.model.FrameworkMethod$1.runReflectiveCall(FrameworkMethod.java:47)
	at org.junit.internal.runners.model.ReflectiveCallable.run(ReflectiveCallable.java:12)
	at org.junit.runners.model.FrameworkMethod.invokeExplosively(FrameworkMethod.java:44)
	at org.junit.internal.runners.statements.InvokeMethod.evaluate(InvokeMethod.java:17)
	at org.junit.internal.runners.statements.RunBefores.evaluate(RunBefores.java:26)
	at org.junit.internal.runners.statements.RunAfters.evaluate(RunAfters.java:27)
	at org.junit.runners.ParentRunner.runLeaf(ParentRunner.java:271)
	at org.junit.runners.BlockJUnit4ClassRunner.runChild(BlockJUnit4ClassRunner.java:70)
	at org.junit.runners.BlockJUnit4ClassRunner.runChild(BlockJUnit4ClassRunner.java:50)
	at org.junit.runners.ParentRunner$3.run(ParentRunner.java:238)
	at org.junit.runners.ParentRunner$1.schedule(ParentRunner.java:63)
	at org.junit.runners.ParentRunner.runChildren(ParentRunner.java:236)
	at org.junit.runners.ParentRunner.access$000(ParentRunner.java:53)
	at org.junit.runners.ParentRunner$2.evaluate(ParentRunner.java:229)
	at org.junit.runners.ParentRunner.run(ParentRunner.java:309)
	at org.apache.maven.surefire.junit4.JUnit4Provider.execute(JUnit4Provider.java:365)
	at org.apache.maven.surefire.junit4.JUnit4Provider.executeWithRerun(JUnit4Provider.java:273)
	at org.apache.maven.surefire.junit4.JUnit4Provider.executeTestSet(JUnit4Provider.java:238)
	at org.apache.maven.surefire.junit4.JUnit4Provider.invoke(JUnit4Provider.java:159)
	at org.apache.maven.surefire.booter.ForkedBooter.invokeProviderInSameClassLoader(ForkedBooter.java:384)
	at org.apache.maven.surefire.booter.ForkedBooter.runSuitesInProcess(ForkedBooter.java:345)
	at org.apache.maven.surefire.booter.ForkedBooter.execute(ForkedBooter.java:126)
	at org.apache.maven.surefire.booter.ForkedBooter.main(ForkedBooter.java:418)
</error>
    <system-out><![CDATA[2019-09-25 12:06:53,211 [main] WARN  server.ServerUtils (ServerUtils.java:getScmDbDir(145)) - ozone.scm.db.dirs is not configured. We recommend adding this setting. Falling back to ozone.metadata.dirs instead.
2019-09-25 12:06:53,238 [main] WARN  server.ServerUtils (ServerUtils.java:getScmDbDir(145)) - ozone.scm.db.dirs is not configured. We recommend adding this setting. Falling back to ozone.metadata.dirs instead.
2019-09-25 12:06:53,239 [main] WARN  server.ServerUtils (ServerUtils.java:getScmDbDir(145)) - ozone.scm.db.dirs is not configured. We recommend adding this setting. Falling back to ozone.metadata.dirs instead.
2019-09-25 12:06:53,239 [main] INFO  db.DBStoreBuilder (DBStoreBuilder.java:addTable(110)) - using custom profile for table: deletedBlocks
2019-09-25 12:06:53,240 [main] INFO  db.DBStoreBuilder (DBStoreBuilder.java:processTables(161)) - Using default column profile:DBProfile.DISK for Table:deletedBlocks
2019-09-25 12:06:53,240 [main] INFO  db.DBStoreBuilder (DBStoreBuilder.java:addTable(110)) - using custom profile for table: validCerts
2019-09-25 12:06:53,240 [main] INFO  db.DBStoreBuilder (DBStoreBuilder.java:processTables(161)) - Using default column profile:DBProfile.DISK for Table:validCerts
2019-09-25 12:06:53,240 [main] INFO  db.DBStoreBuilder (DBStoreBuilder.java:addTable(110)) - using custom profile for table: revokedCerts
2019-09-25 12:06:53,241 [main] INFO  db.DBStoreBuilder (DBStoreBuilder.java:processTables(161)) - Using default column profile:DBProfile.DISK for Table:revokedCerts
2019-09-25 12:06:53,241 [main] INFO  db.DBStoreBuilder (DBStoreBuilder.java:addTable(110)) - using custom profile for table: default
2019-09-25 12:06:53,241 [main] INFO  db.DBStoreBuilder (DBStoreBuilder.java:processTables(167)) - Using default column profile:DBProfile.DISK for Table:default
2019-09-25 12:06:53,241 [main] INFO  db.DBStoreBuilder (DBStoreBuilder.java:getDbProfile(198)) - Using default options. DBProfile.DISK
2019-09-25 12:06:53,417 [main] INFO  net.NodeSchemaLoader (NodeSchemaLoader.java:loadSchemaFromFile(125)) - Loading file from sun.misc.CompoundEnumeration@49986178
2019-09-25 12:06:53,417 [main] INFO  net.NodeSchemaLoader (NodeSchemaLoader.java:loadSchema(171)) - Loading network topology layer schema file
2019-09-25 12:06:53,423 [main] INFO  node.SCMNodeManager (SCMNodeManager.java:<init>(114)) - Entering startup safe mode.
2019-09-25 12:06:53,424 [main] INFO  algorithms.ContainerPlacementPolicyFactory (ContainerPlacementPolicyFactory.java:getPolicy(59)) - Create container placement policy of type org.apache.hadoop.hdds.scm.container.placement.algorithms.SCMContainerPlacementRandom
2019-09-25 12:06:53,424 [main] WARN  server.ServerUtils (ServerUtils.java:getScmDbDir(145)) - ozone.scm.db.dirs is not configured. We recommend adding this setting. Falling back to ozone.metadata.dirs instead.
2019-09-25 12:06:53,486 [main] INFO  pipeline.SCMPipelineManager (SCMPipelineManager.java:initializePipelineState(132)) - No pipeline exists in current db
2019-09-25 12:06:53,486 [main] WARN  server.ServerUtils (ServerUtils.java:getScmDbDir(145)) - ozone.scm.db.dirs is not configured. We recommend adding this setting. Falling back to ozone.metadata.dirs instead.
2019-09-25 12:06:53,552 [main] WARN  events.EventQueue (EventQueue.java:fireEvent(183)) - No event handler registered for event TypedEvent{payloadType=SafeModeStatus, name='SafeModeStatus'}
2019-09-25 12:06:53,553 [main] INFO  ipc.CallQueueManager (CallQueueManager.java:<init>(84)) - Using callQueue: class java.util.concurrent.LinkedBlockingQueue, queueCapacity: 2000, scheduler: class org.apache.hadoop.ipc.DefaultRpcScheduler, ipcBackoff: false.
2019-09-25 12:06:53,554 [Socket Reader #1 for port 34190] INFO  ipc.Server (Server.java:run(1074)) - Starting Socket Reader #1 for port 34190
2019-09-25 12:06:53,559 [main] INFO  ipc.CallQueueManager (CallQueueManager.java:<init>(84)) - Using callQueue: class java.util.concurrent.LinkedBlockingQueue, queueCapacity: 2000, scheduler: class org.apache.hadoop.ipc.DefaultRpcScheduler, ipcBackoff: false.
2019-09-25 12:06:53,560 [Socket Reader #1 for port 43936] INFO  ipc.Server (Server.java:run(1074)) - Starting Socket Reader #1 for port 43936
2019-09-25 12:06:53,570 [main] INFO  ipc.CallQueueManager (CallQueueManager.java:<init>(84)) - Using callQueue: class java.util.concurrent.LinkedBlockingQueue, queueCapacity: 2000, scheduler: class org.apache.hadoop.ipc.DefaultRpcScheduler, ipcBackoff: false.
2019-09-25 12:06:53,571 [Socket Reader #1 for port 42366] INFO  ipc.Server (Server.java:run(1074)) - Starting Socket Reader #1 for port 42366
2019-09-25 12:06:53,575 [main] INFO  hdfs.DFSUtil (DFSUtil.java:httpServerTemplateForNNAndJN(1641)) - Starting Web-server for scm at: http://0.0.0.0:0
2019-09-25 12:06:53,578 [main] INFO  server.AuthenticationFilter (AuthenticationFilter.java:constructSecretProvider(240)) - Unable to initialize FileSignerSecretProvider, falling back to use random secrets.
2019-09-25 12:06:53,579 [main] WARN  http.HttpRequestLog (HttpRequestLog.java:getRequestLog(97)) - Jetty request log can only be enabled using Log4j
2019-09-25 12:06:53,581 [main] INFO  http.HttpServer2 (HttpServer2.java:addGlobalFilter(975)) - Added global filter 'safety' (class=org.apache.hadoop.http.HttpServer2$QuotingInputFilter)
2019-09-25 12:06:53,582 [main] INFO  http.HttpServer2 (HttpServer2.java:addFilter(948)) - Added filter static_user_filter (class=org.apache.hadoop.http.lib.StaticUserWebFilter$StaticUserFilter) to context scm
2019-09-25 12:06:53,582 [main] INFO  http.HttpServer2 (HttpServer2.java:addFilter(958)) - Added filter static_user_filter (class=org.apache.hadoop.http.lib.StaticUserWebFilter$StaticUserFilter) to context static
2019-09-25 12:06:53,582 [main] INFO  http.HttpServer2 (HttpServer2.java:addFilter(958)) - Added filter static_user_filter (class=org.apache.hadoop.http.lib.StaticUserWebFilter$StaticUserFilter) to context logs
2019-09-25 12:06:53,584 [main] INFO  server.StorageContainerManager (StorageContainerManager.java:start(770)) - StorageContainerLocationProtocol RPC server is listening at /0.0.0.0:42366
2019-09-25 12:06:53,587 [main] WARN  impl.MetricsConfig (MetricsConfig.java:loadFirst(134)) - Cannot locate configuration: tried hadoop-metrics2-storagecontainermanager.properties,hadoop-metrics2.properties
2019-09-25 12:06:53,588 [main] INFO  impl.MetricsSystemImpl (MetricsSystemImpl.java:startTimer(374)) - Scheduled Metric snapshot period at 10 second(s).
2019-09-25 12:06:53,588 [main] INFO  impl.MetricsSystemImpl (MetricsSystemImpl.java:start(191)) - StorageContainerManager metrics system started
2019-09-25 12:06:53,964 [main] WARN  impl.MetricsSystemImpl (MetricsSystemImpl.java:register(276)) - Sink prometheus already exists!
2019-09-25 12:06:54,410 [main] INFO  server.SCMClientProtocolServer (SCMClientProtocolServer.java:start(151)) - RPC server for Client  is listening at /0.0.0.0:42366
2019-09-25 12:06:54,411 [IPC Server Responder] INFO  ipc.Server (Server.java:run(1314)) - IPC Server Responder: starting
2019-09-25 12:06:54,411 [IPC Server listener on 42366] INFO  ipc.Server (Server.java:run(1153)) - IPC Server listener on 42366: starting
2019-09-25 12:06:54,418 [main] INFO  server.StorageContainerManager (StorageContainerManager.java:start(780)) - ScmBlockLocationProtocol RPC server is listening at /0.0.0.0:43936
2019-09-25 12:06:54,418 [main] INFO  server.SCMBlockProtocolServer (SCMBlockProtocolServer.java:start(146)) - RPC server for Block Protocol is listening at /0.0.0.0:43936
2019-09-25 12:06:54,419 [IPC Server Responder] INFO  ipc.Server (Server.java:run(1314)) - IPC Server Responder: starting
2019-09-25 12:06:54,419 [IPC Server listener on 43936] INFO  ipc.Server (Server.java:run(1153)) - IPC Server listener on 43936: starting
2019-09-25 12:06:54,428 [main] INFO  server.StorageContainerManager (StorageContainerManager.java:start(784)) - ScmDatanodeProtocl RPC server is listening at /0.0.0.0:34190
2019-09-25 12:06:54,428 [main] INFO  server.SCMDatanodeProtocolServer (SCMDatanodeProtocolServer.java:start(191)) - RPC server for DataNodes is listening at /0.0.0.0:34190
2019-09-25 12:06:54,428 [IPC Server Responder] INFO  ipc.Server (Server.java:run(1314)) - IPC Server Responder: starting
2019-09-25 12:06:54,428 [IPC Server listener on 34190] INFO  ipc.Server (Server.java:run(1153)) - IPC Server listener on 34190: starting
2019-09-25 12:06:54,437 [main] INFO  http.HttpServer2 (HttpServer2.java:bindListener(1191)) - Jetty bound to port 45721
2019-09-25 12:06:54,437 [main] INFO  server.Server (Server.java:doStart(351)) - jetty-9.3.25.v20180904, build timestamp: 2018-09-04T21:11:46Z, git hash: 3ce520221d0240229c862b122d2b06c12a625732
2019-09-25 12:06:54,439 [main] INFO  handler.ContextHandler (ContextHandler.java:doStart(781)) - Started o.e.j.s.ServletContextHandler@131ba005{/logs,file:///workdir/hadoop-ozone/integration-test/target/log,AVAILABLE}
2019-09-25 12:06:54,440 [main] INFO  handler.ContextHandler (ContextHandler.java:doStart(781)) - Started o.e.j.s.ServletContextHandler@1a84a8b2{/static,file:///workdir/hadoop-ozone/integration-test/target/test-classes/webapps/static,AVAILABLE}
2019-09-25 12:06:54,444 [main] INFO  handler.ContextHandler (ContextHandler.java:doStart(781)) - Started o.e.j.w.WebAppContext@1aed6f0b{/,file:///workdir/hadoop-ozone/integration-test/target/test-classes/webapps/scm/,AVAILABLE}{/scm}
2019-09-25 12:06:54,444 [main] INFO  server.AbstractConnector (AbstractConnector.java:doStart(278)) - Started ServerConnector@3b3546a3{HTTP/1.1,[http/1.1]}{0.0.0.0:45721}
2019-09-25 12:06:54,447 [main] INFO  server.Server (Server.java:doStart(419)) - Started @608092ms
2019-09-25 12:06:54,447 [main] WARN  impl.MetricsSystemImpl (MetricsSystemImpl.java:register(276)) - Sink prometheus already exists!
2019-09-25 12:06:54,448 [main] INFO  server.BaseHttpServer (BaseHttpServer.java:updateConnectorAddress(215)) - HTTP server of SCM is listening at http://0.0.0.0:45721
2019-09-25 12:06:54,451 [main] WARN  server.ServerUtils (ServerUtils.java:getDBPath(222)) - ozone.om.db.dirs is not configured. We recommend adding this setting. Falling back to ozone.metadata.dirs instead.
2019-09-25 12:06:54,451 [org.apache.hadoop.util.JvmPauseMonitor$Monitor@3d235635] INFO  util.JvmPauseMonitor (JvmPauseMonitor.java:run(188)) - Starting JVM pause monitor
2019-09-25 12:06:54,464 [main] WARN  server.ServerUtils (ServerUtils.java:getDBPath(222)) - ozone.om.db.dirs is not configured. We recommend adding this setting. Falling back to ozone.metadata.dirs instead.
2019-09-25 12:06:54,465 [main] WARN  server.ServerUtils (ServerUtils.java:getDBPath(222)) - ozone.om.db.dirs is not configured. We recommend adding this setting. Falling back to ozone.metadata.dirs instead.
2019-09-25 12:06:54,465 [main] INFO  om.OzoneManager (OzoneManager.java:setOMNodeDetails(652)) - OM Service ID is not set. Setting it to the default ID: omServiceIdDefault
2019-09-25 12:06:54,465 [main] INFO  om.OzoneManager (OzoneManager.java:setOMNodeDetails(658)) - OM Node ID is not set. Setting it to the OmStorage's OmID: a74ab646-4aa1-47ff-8b9f-073473f9b303
2019-09-25 12:06:54,465 [main] INFO  om.OzoneManager (OzoneManager.java:loadOMHAConfigs(609)) - Found matching OM address with OMServiceId: null, OMNodeId: null, RPC Address: localhost:0 and Ratis port: 9872
2019-09-25 12:06:54,474 [main] WARN  server.ServerUtils (ServerUtils.java:getDBPath(222)) - ozone.om.db.dirs is not configured. We recommend adding this setting. Falling back to ozone.metadata.dirs instead.
2019-09-25 12:06:54,474 [main] INFO  db.DBStoreBuilder (DBStoreBuilder.java:addTable(110)) - using custom profile for table: userTable
2019-09-25 12:06:54,474 [main] INFO  db.DBStoreBuilder (DBStoreBuilder.java:processTables(161)) - Using default column profile:DBProfile.DISK for Table:userTable
2019-09-25 12:06:54,475 [main] INFO  db.DBStoreBuilder (DBStoreBuilder.java:addTable(110)) - using custom profile for table: volumeTable
2019-09-25 12:06:54,475 [main] INFO  db.DBStoreBuilder (DBStoreBuilder.java:processTables(161)) - Using default column profile:DBProfile.DISK for Table:volumeTable
2019-09-25 12:06:54,475 [main] INFO  db.DBStoreBuilder (DBStoreBuilder.java:addTable(110)) - using custom profile for table: bucketTable
2019-09-25 12:06:54,475 [main] INFO  db.DBStoreBuilder (DBStoreBuilder.java:processTables(161)) - Using default column profile:DBProfile.DISK for Table:bucketTable
2019-09-25 12:06:54,475 [main] INFO  db.DBStoreBuilder (DBStoreBuilder.java:addTable(110)) - using custom profile for table: keyTable
2019-09-25 12:06:54,476 [main] INFO  db.DBStoreBuilder (DBStoreBuilder.java:processTables(161)) - Using default column profile:DBProfile.DISK for Table:keyTable
2019-09-25 12:06:54,476 [main] INFO  db.DBStoreBuilder (DBStoreBuilder.java:addTable(110)) - using custom profile for table: deletedTable
2019-09-25 12:06:54,476 [main] INFO  db.DBStoreBuilder (DBStoreBuilder.java:processTables(161)) - Using default column profile:DBProfile.DISK for Table:deletedTable
2019-09-25 12:06:54,476 [main] INFO  db.DBStoreBuilder (DBStoreBuilder.java:addTable(110)) - using custom profile for table: openKeyTable
2019-09-25 12:06:54,476 [main] INFO  db.DBStoreBuilder (DBStoreBuilder.java:processTables(161)) - Using default column profile:DBProfile.DISK for Table:openKeyTable
2019-09-25 12:06:54,476 [main] INFO  db.DBStoreBuilder (DBStoreBuilder.java:addTable(110)) - using custom profile for table: s3Table
2019-09-25 12:06:54,477 [main] INFO  db.DBStoreBuilder (DBStoreBuilder.java:processTables(161)) - Using default column profile:DBProfile.DISK for Table:s3Table
2019-09-25 12:06:54,477 [main] INFO  db.DBStoreBuilder (DBStoreBuilder.java:addTable(110)) - using custom profile for table: multipartInfoTable
2019-09-25 12:06:54,477 [main] INFO  db.DBStoreBuilder (DBStoreBuilder.java:processTables(161)) - Using default column profile:DBProfile.DISK for Table:multipartInfoTable
2019-09-25 12:06:54,477 [main] INFO  db.DBStoreBuilder (DBStoreBuilder.java:addTable(110)) - using custom profile for table: dTokenTable
2019-09-25 12:06:54,477 [main] INFO  db.DBStoreBuilder (DBStoreBuilder.java:processTables(161)) - Using default column profile:DBProfile.DISK for Table:dTokenTable
2019-09-25 12:06:54,477 [main] INFO  db.DBStoreBuilder (DBStoreBuilder.java:addTable(110)) - using custom profile for table: s3SecretTable
2019-09-25 12:06:54,478 [main] INFO  db.DBStoreBuilder (DBStoreBuilder.java:processTables(161)) - Using default column profile:DBProfile.DISK for Table:s3SecretTable
2019-09-25 12:06:54,478 [main] INFO  db.DBStoreBuilder (DBStoreBuilder.java:addTable(110)) - using custom profile for table: prefixTable
2019-09-25 12:06:54,478 [main] INFO  db.DBStoreBuilder (DBStoreBuilder.java:processTables(161)) - Using default column profile:DBProfile.DISK for Table:prefixTable
2019-09-25 12:06:54,478 [main] INFO  db.DBStoreBuilder (DBStoreBuilder.java:addTable(110)) - using custom profile for table: default
2019-09-25 12:06:54,478 [main] INFO  db.DBStoreBuilder (DBStoreBuilder.java:processTables(167)) - Using default column profile:DBProfile.DISK for Table:default
2019-09-25 12:06:54,478 [main] INFO  db.DBStoreBuilder (DBStoreBuilder.java:getDbProfile(198)) - Using default options. DBProfile.DISK
2019-09-25 12:06:55,034 [main] INFO  ipc.CallQueueManager (CallQueueManager.java:<init>(84)) - Using callQueue: class java.util.concurrent.LinkedBlockingQueue, queueCapacity: 2000, scheduler: class org.apache.hadoop.ipc.DefaultRpcScheduler, ipcBackoff: false.
2019-09-25 12:06:55,036 [Socket Reader #1 for port 37928] INFO  ipc.Server (Server.java:run(1074)) - Starting Socket Reader #1 for port 37928
2019-09-25 12:06:55,056 [main] INFO  om.OzoneManager (OzoneManager.java:start(1243)) - OzoneManager RPC server is listening at localhost/127.0.0.1:37928
2019-09-25 12:06:55,056 [main] INFO  impl.MetricsSystemImpl (MetricsSystemImpl.java:init(158)) - OzoneManager metrics system started (again)
2019-09-25 12:06:55,057 [IPC Server Responder] INFO  ipc.Server (Server.java:run(1314)) - IPC Server Responder: starting
2019-09-25 12:06:55,057 [IPC Server listener on 37928] INFO  ipc.Server (Server.java:run(1153)) - IPC Server listener on 37928: starting
2019-09-25 12:06:55,069 [main] INFO  hdfs.DFSUtil (DFSUtil.java:httpServerTemplateForNNAndJN(1641)) - Starting Web-server for ozoneManager at: http://0.0.0.0:0
2019-09-25 12:06:55,071 [main] INFO  server.AuthenticationFilter (AuthenticationFilter.java:constructSecretProvider(240)) - Unable to initialize FileSignerSecretProvider, falling back to use random secrets.
2019-09-25 12:06:55,071 [main] WARN  http.HttpRequestLog (HttpRequestLog.java:getRequestLog(97)) - Jetty request log can only be enabled using Log4j
2019-09-25 12:06:55,073 [main] INFO  http.HttpServer2 (HttpServer2.java:addGlobalFilter(975)) - Added global filter 'safety' (class=org.apache.hadoop.http.HttpServer2$QuotingInputFilter)
2019-09-25 12:06:55,074 [main] INFO  http.HttpServer2 (HttpServer2.java:addFilter(948)) - Added filter static_user_filter (class=org.apache.hadoop.http.lib.StaticUserWebFilter$StaticUserFilter) to context ozoneManager
2019-09-25 12:06:55,074 [main] INFO  http.HttpServer2 (HttpServer2.java:addFilter(958)) - Added filter static_user_filter (class=org.apache.hadoop.http.lib.StaticUserWebFilter$StaticUserFilter) to context static
2019-09-25 12:06:55,075 [main] INFO  http.HttpServer2 (HttpServer2.java:addFilter(958)) - Added filter static_user_filter (class=org.apache.hadoop.http.lib.StaticUserWebFilter$StaticUserFilter) to context logs
2019-09-25 12:06:55,075 [main] INFO  http.HttpServer2 (HttpServer2.java:bindListener(1191)) - Jetty bound to port 38387
2019-09-25 12:06:55,076 [main] INFO  server.Server (Server.java:doStart(351)) - jetty-9.3.25.v20180904, build timestamp: 2018-09-04T21:11:46Z, git hash: 3ce520221d0240229c862b122d2b06c12a625732
2019-09-25 12:06:55,078 [main] INFO  handler.ContextHandler (ContextHandler.java:doStart(781)) - Started o.e.j.s.ServletContextHandler@37e55819{/logs,file:///workdir/hadoop-ozone/integration-test/target/log,AVAILABLE}
2019-09-25 12:06:55,078 [main] INFO  handler.ContextHandler (ContextHandler.java:doStart(781)) - Started o.e.j.s.ServletContextHandler@6248cfab{/static,file:///workdir/hadoop-ozone/integration-test/target/test-classes/webapps/static,AVAILABLE}
2019-09-25 12:06:55,083 [main] INFO  handler.ContextHandler (ContextHandler.java:doStart(781)) - Started o.e.j.w.WebAppContext@7b4b8199{/,file:///workdir/hadoop-ozone/integration-test/target/test-classes/webapps/ozoneManager/,AVAILABLE}{/ozoneManager}
2019-09-25 12:06:55,084 [main] INFO  server.AbstractConnector (AbstractConnector.java:doStart(278)) - Started ServerConnector@4bbf20d1{HTTP/1.1,[http/1.1]}{0.0.0.0:38387}
2019-09-25 12:06:55,097 [main] INFO  server.Server (Server.java:doStart(419)) - Started @608742ms
2019-09-25 12:06:55,098 [main] WARN  impl.MetricsSystemImpl (MetricsSystemImpl.java:register(276)) - Sink prometheus already exists!
2019-09-25 12:06:55,099 [main] INFO  server.BaseHttpServer (BaseHttpServer.java:updateConnectorAddress(215)) - HTTP server of OZONEMANAGER is listening at http://0.0.0.0:38387
2019-09-25 12:06:55,117 [main] INFO  impl.MetricsSystemImpl (MetricsSystemImpl.java:init(158)) - HddsDatanode metrics system started (again)
2019-09-25 12:06:55,141 [main] INFO  ozone.HddsDatanodeService (HddsDatanodeService.java:start(184)) - HddsDatanodeService host:pr-hdds-1569-shd4m-3693607622 ip:192.168.151.73
2019-09-25 12:06:55,151 [main] INFO  volume.HddsVolume (HddsVolume.java:<init>(176)) - Creating Volume: /workdir/hadoop-ozone/integration-test/target/test-dir/MiniOzoneClusterImpl-ed40a7f8-0b2f-4da3-bf53-40ad2b647f29/datanode-0/data/containers/hdds of  storage type : DISK and capacity : 1482555576320
2019-09-25 12:06:55,152 [main] INFO  volume.VolumeSet (VolumeSet.java:initializeVolumeSet(170)) - Added Volume : /workdir/hadoop-ozone/integration-test/target/test-dir/MiniOzoneClusterImpl-ed40a7f8-0b2f-4da3-bf53-40ad2b647f29/datanode-0/data/containers/hdds to VolumeSet
2019-09-25 12:06:55,152 [main] INFO  volume.ThrottledAsyncChecker (ThrottledAsyncChecker.java:schedule(139)) - Scheduling a check for org.apache.hadoop.ozone.container.common.volume.HddsVolume@64757d56
2019-09-25 12:06:55,153 [main] INFO  volume.HddsVolumeChecker (HddsVolumeChecker.java:checkAllVolumes(202)) - Scheduled health check for volume org.apache.hadoop.ozone.container.common.volume.HddsVolume@64757d56
2019-09-25 12:06:55,173 [main] INFO  impl.RaftServerProxy (ConfUtils.java:logGet(43)) - raft.rpc.type = GRPC (default)
2019-09-25 12:06:55,173 [main] INFO  grpc.GrpcFactory (GrpcFactory.java:checkPooledByteBufAllocatorUseCacheForAllThreads(45)) - PERFORMANCE WARNING: useCacheForAllThreads is true that may cause Netty to create a lot garbage objects and, as a result, trigger GC.
	It is recommended to disable useCacheForAllThreads by setting -Dorg.apache.ratis.thirdparty.io.netty.allocator.useCacheForAllThreads=false in command line.
2019-09-25 12:06:55,173 [main] INFO  grpc.GrpcConfigKeys$Server (ConfUtils.java:logGet(43)) - raft.grpc.server.port = 0 (default)
2019-09-25 12:06:55,173 [main] INFO  server.GrpcService (ConfUtils.java:logGet(43)) - raft.grpc.message.size.max = 33570816 (custom)
2019-09-25 12:06:55,174 [main] INFO  server.RaftServerConfigKeys (ConfUtils.java:logGet(43)) - raft.server.log.appender.buffer.byte-limit = 33554432 (custom)
2019-09-25 12:06:55,174 [main] INFO  server.GrpcService (ConfUtils.java:logGet(43)) - raft.grpc.flow.control.window = 1MB (=1048576) (default)
2019-09-25 12:06:55,174 [main] INFO  server.RaftServerConfigKeys (ConfUtils.java:logGet(43)) - raft.server.rpc.request.timeout = 3000ms (default)
2019-09-25 12:06:55,175 [main] INFO  server.RaftServerConfigKeys (ConfUtils.java:logGet(43)) - raft.server.storage.dir = [/workdir/hadoop-ozone/integration-test/target/test-dir/MiniOzoneClusterImpl-ed40a7f8-0b2f-4da3-bf53-40ad2b647f29/datanode-0/data/ratis] (custom)
2019-09-25 12:06:55,176 [main] INFO  hdfs.DFSUtil (DFSUtil.java:httpServerTemplateForNNAndJN(1641)) - Starting Web-server for hddsDatanode at: http://0.0.0.0:0
2019-09-25 12:06:55,178 [main] INFO  server.AuthenticationFilter (AuthenticationFilter.java:constructSecretProvider(240)) - Unable to initialize FileSignerSecretProvider, falling back to use random secrets.
2019-09-25 12:06:55,178 [main] WARN  http.HttpRequestLog (HttpRequestLog.java:getRequestLog(97)) - Jetty request log can only be enabled using Log4j
2019-09-25 12:06:55,181 [main] INFO  http.HttpServer2 (HttpServer2.java:addGlobalFilter(975)) - Added global filter 'safety' (class=org.apache.hadoop.http.HttpServer2$QuotingInputFilter)
2019-09-25 12:06:55,181 [main] INFO  http.HttpServer2 (HttpServer2.java:addFilter(948)) - Added filter static_user_filter (class=org.apache.hadoop.http.lib.StaticUserWebFilter$StaticUserFilter) to context hddsDatanode
2019-09-25 12:06:55,182 [main] INFO  http.HttpServer2 (HttpServer2.java:addFilter(958)) - Added filter static_user_filter (class=org.apache.hadoop.http.lib.StaticUserWebFilter$StaticUserFilter) to context static
2019-09-25 12:06:55,182 [main] INFO  http.HttpServer2 (HttpServer2.java:addFilter(958)) - Added filter static_user_filter (class=org.apache.hadoop.http.lib.StaticUserWebFilter$StaticUserFilter) to context logs
2019-09-25 12:06:55,182 [main] INFO  http.HttpServer2 (HttpServer2.java:bindListener(1191)) - Jetty bound to port 41972
2019-09-25 12:06:55,183 [main] INFO  server.Server (Server.java:doStart(351)) - jetty-9.3.25.v20180904, build timestamp: 2018-09-04T21:11:46Z, git hash: 3ce520221d0240229c862b122d2b06c12a625732
2019-09-25 12:06:55,185 [main] INFO  handler.ContextHandler (ContextHandler.java:doStart(781)) - Started o.e.j.s.ServletContextHandler@763b0996{/logs,file:///workdir/hadoop-ozone/integration-test/target/log,AVAILABLE}
2019-09-25 12:06:55,185 [main] INFO  handler.ContextHandler (ContextHandler.java:doStart(781)) - Started o.e.j.s.ServletContextHandler@618f627b{/static,jar:file:/home/user/.m2/repository/org/apache/hadoop/hadoop-hdds-container-service/0.5.0-SNAPSHOT/hadoop-hdds-container-service-0.5.0-SNAPSHOT.jar!/webapps/static,AVAILABLE}
2019-09-25 12:06:55,219 [main] INFO  handler.ContextHandler (ContextHandler.java:doStart(781)) - Started o.e.j.w.WebAppContext@ac4e690{/,file:///tmp/jetty-0.0.0.0-41972-hddsDatanode-_-any-8613973860563870115.dir/webapp/,AVAILABLE}{/hddsDatanode}
2019-09-25 12:06:55,219 [main] INFO  server.AbstractConnector (AbstractConnector.java:doStart(278)) - Started ServerConnector@6afeaf2d{HTTP/1.1,[http/1.1]}{0.0.0.0:41972}
2019-09-25 12:06:55,219 [main] INFO  server.Server (Server.java:doStart(419)) - Started @608864ms
2019-09-25 12:06:55,222 [main] WARN  impl.MetricsSystemImpl (MetricsSystemImpl.java:register(276)) - Sink prometheus already exists!
2019-09-25 12:06:55,223 [main] INFO  server.BaseHttpServer (BaseHttpServer.java:updateConnectorAddress(215)) - HTTP server of HDDSDATANODE is listening at http://0.0.0.0:41972
2019-09-25 12:06:55,223 [main] INFO  impl.MetricsSystemImpl (MetricsSystemImpl.java:init(158)) - HddsDatanode metrics system started (again)
2019-09-25 12:06:55,242 [org.apache.hadoop.util.JvmPauseMonitor$Monitor@5cc52e61] INFO  util.JvmPauseMonitor (JvmPauseMonitor.java:run(188)) - Starting JVM pause monitor
2019-09-25 12:06:55,244 [main] INFO  ozone.HddsDatanodeService (HddsDatanodeService.java:start(184)) - HddsDatanodeService host:pr-hdds-1569-shd4m-3693607622 ip:192.168.151.73
2019-09-25 12:06:55,244 [Datanode State Machine Thread - 0] INFO  datanode.InitDatanodeState (InitDatanodeState.java:persistContainerDatanodeDetails(140)) - DatanodeDetails is persisted to /workdir/hadoop-ozone/integration-test/target/test-dir/MiniOzoneClusterImpl-ed40a7f8-0b2f-4da3-bf53-40ad2b647f29/datanode-0/meta/datanode.id
2019-09-25 12:06:55,252 [main] INFO  volume.HddsVolume (HddsVolume.java:<init>(176)) - Creating Volume: /workdir/hadoop-ozone/integration-test/target/test-dir/MiniOzoneClusterImpl-ed40a7f8-0b2f-4da3-bf53-40ad2b647f29/datanode-1/data/containers/hdds of  storage type : DISK and capacity : 1482555576320
2019-09-25 12:06:55,253 [main] INFO  volume.VolumeSet (VolumeSet.java:initializeVolumeSet(170)) - Added Volume : /workdir/hadoop-ozone/integration-test/target/test-dir/MiniOzoneClusterImpl-ed40a7f8-0b2f-4da3-bf53-40ad2b647f29/datanode-1/data/containers/hdds to VolumeSet
2019-09-25 12:06:55,253 [main] INFO  volume.ThrottledAsyncChecker (ThrottledAsyncChecker.java:schedule(139)) - Scheduling a check for org.apache.hadoop.ozone.container.common.volume.HddsVolume@2729bb71
2019-09-25 12:06:55,253 [main] INFO  volume.HddsVolumeChecker (HddsVolumeChecker.java:checkAllVolumes(202)) - Scheduled health check for volume org.apache.hadoop.ozone.container.common.volume.HddsVolume@2729bb71
2019-09-25 12:06:55,268 [main] INFO  impl.RaftServerProxy (ConfUtils.java:logGet(43)) - raft.rpc.type = GRPC (default)
2019-09-25 12:06:55,268 [main] INFO  grpc.GrpcFactory (GrpcFactory.java:checkPooledByteBufAllocatorUseCacheForAllThreads(45)) - PERFORMANCE WARNING: useCacheForAllThreads is true that may cause Netty to create a lot garbage objects and, as a result, trigger GC.
	It is recommended to disable useCacheForAllThreads by setting -Dorg.apache.ratis.thirdparty.io.netty.allocator.useCacheForAllThreads=false in command line.
2019-09-25 12:06:55,269 [main] INFO  grpc.GrpcConfigKeys$Server (ConfUtils.java:logGet(43)) - raft.grpc.server.port = 0 (default)
2019-09-25 12:06:55,269 [main] INFO  server.GrpcService (ConfUtils.java:logGet(43)) - raft.grpc.message.size.max = 33570816 (custom)
2019-09-25 12:06:55,269 [main] INFO  server.RaftServerConfigKeys (ConfUtils.java:logGet(43)) - raft.server.log.appender.buffer.byte-limit = 33554432 (custom)
2019-09-25 12:06:55,269 [main] INFO  server.GrpcService (ConfUtils.java:logGet(43)) - raft.grpc.flow.control.window = 1MB (=1048576) (default)
2019-09-25 12:06:55,269 [main] INFO  server.RaftServerConfigKeys (ConfUtils.java:logGet(43)) - raft.server.rpc.request.timeout = 3000ms (default)
2019-09-25 12:06:55,270 [main] INFO  server.RaftServerConfigKeys (ConfUtils.java:logGet(43)) - raft.server.storage.dir = [/workdir/hadoop-ozone/integration-test/target/test-dir/MiniOzoneClusterImpl-ed40a7f8-0b2f-4da3-bf53-40ad2b647f29/datanode-1/data/ratis] (custom)
2019-09-25 12:06:55,271 [main] INFO  hdfs.DFSUtil (DFSUtil.java:httpServerTemplateForNNAndJN(1641)) - Starting Web-server for hddsDatanode at: http://0.0.0.0:0
2019-09-25 12:06:55,272 [main] INFO  server.AuthenticationFilter (AuthenticationFilter.java:constructSecretProvider(240)) - Unable to initialize FileSignerSecretProvider, falling back to use random secrets.
2019-09-25 12:06:55,273 [main] WARN  http.HttpRequestLog (HttpRequestLog.java:getRequestLog(97)) - Jetty request log can only be enabled using Log4j
2019-09-25 12:06:55,274 [main] INFO  http.HttpServer2 (HttpServer2.java:addGlobalFilter(975)) - Added global filter 'safety' (class=org.apache.hadoop.http.HttpServer2$QuotingInputFilter)
2019-09-25 12:06:55,274 [main] INFO  http.HttpServer2 (HttpServer2.java:addFilter(948)) - Added filter static_user_filter (class=org.apache.hadoop.http.lib.StaticUserWebFilter$StaticUserFilter) to context hddsDatanode
2019-09-25 12:06:55,275 [main] INFO  http.HttpServer2 (HttpServer2.java:addFilter(958)) - Added filter static_user_filter (class=org.apache.hadoop.http.lib.StaticUserWebFilter$StaticUserFilter) to context static
2019-09-25 12:06:55,275 [main] INFO  http.HttpServer2 (HttpServer2.java:addFilter(958)) - Added filter static_user_filter (class=org.apache.hadoop.http.lib.StaticUserWebFilter$StaticUserFilter) to context logs
2019-09-25 12:06:55,275 [main] INFO  http.HttpServer2 (HttpServer2.java:bindListener(1191)) - Jetty bound to port 35732
2019-09-25 12:06:55,275 [main] INFO  server.Server (Server.java:doStart(351)) - jetty-9.3.25.v20180904, build timestamp: 2018-09-04T21:11:46Z, git hash: 3ce520221d0240229c862b122d2b06c12a625732
2019-09-25 12:06:55,277 [main] INFO  handler.ContextHandler (ContextHandler.java:doStart(781)) - Started o.e.j.s.ServletContextHandler@53ba7997{/logs,file:///workdir/hadoop-ozone/integration-test/target/log,AVAILABLE}
2019-09-25 12:06:55,277 [main] INFO  handler.ContextHandler (ContextHandler.java:doStart(781)) - Started o.e.j.s.ServletContextHandler@61dd1c3d{/static,jar:file:/home/user/.m2/repository/org/apache/hadoop/hadoop-hdds-container-service/0.5.0-SNAPSHOT/hadoop-hdds-container-service-0.5.0-SNAPSHOT.jar!/webapps/static,AVAILABLE}
2019-09-25 12:06:55,304 [main] INFO  handler.ContextHandler (ContextHandler.java:doStart(781)) - Started o.e.j.w.WebAppContext@1a7d0c9f{/,file:///tmp/jetty-0.0.0.0-35732-hddsDatanode-_-any-2132752451760774887.dir/webapp/,AVAILABLE}{/hddsDatanode}
2019-09-25 12:06:55,305 [main] INFO  server.AbstractConnector (AbstractConnector.java:doStart(278)) - Started ServerConnector@2b1a901d{HTTP/1.1,[http/1.1]}{0.0.0.0:35732}
2019-09-25 12:06:55,305 [main] INFO  server.Server (Server.java:doStart(419)) - Started @608949ms
2019-09-25 12:06:55,308 [main] WARN  impl.MetricsSystemImpl (MetricsSystemImpl.java:register(276)) - Sink prometheus already exists!
2019-09-25 12:06:55,309 [main] INFO  server.BaseHttpServer (BaseHttpServer.java:updateConnectorAddress(215)) - HTTP server of HDDSDATANODE is listening at http://0.0.0.0:35732
2019-09-25 12:06:55,309 [main] INFO  impl.MetricsSystemImpl (MetricsSystemImpl.java:init(158)) - HddsDatanode metrics system started (again)
2019-09-25 12:06:55,325 [org.apache.hadoop.util.JvmPauseMonitor$Monitor@e69ddf8] INFO  util.JvmPauseMonitor (JvmPauseMonitor.java:run(188)) - Starting JVM pause monitor
2019-09-25 12:06:55,327 [main] INFO  ozone.HddsDatanodeService (HddsDatanodeService.java:start(184)) - HddsDatanodeService host:pr-hdds-1569-shd4m-3693607622 ip:192.168.151.73
2019-09-25 12:06:55,327 [Datanode State Machine Thread - 0] INFO  datanode.InitDatanodeState (InitDatanodeState.java:persistContainerDatanodeDetails(140)) - DatanodeDetails is persisted to /workdir/hadoop-ozone/integration-test/target/test-dir/MiniOzoneClusterImpl-ed40a7f8-0b2f-4da3-bf53-40ad2b647f29/datanode-1/meta/datanode.id
2019-09-25 12:06:55,335 [main] INFO  volume.HddsVolume (HddsVolume.java:<init>(176)) - Creating Volume: /workdir/hadoop-ozone/integration-test/target/test-dir/MiniOzoneClusterImpl-ed40a7f8-0b2f-4da3-bf53-40ad2b647f29/datanode-2/data/containers/hdds of  storage type : DISK and capacity : 1482555576320
2019-09-25 12:06:55,336 [main] INFO  volume.VolumeSet (VolumeSet.java:initializeVolumeSet(170)) - Added Volume : /workdir/hadoop-ozone/integration-test/target/test-dir/MiniOzoneClusterImpl-ed40a7f8-0b2f-4da3-bf53-40ad2b647f29/datanode-2/data/containers/hdds to VolumeSet
2019-09-25 12:06:55,336 [main] INFO  volume.ThrottledAsyncChecker (ThrottledAsyncChecker.java:schedule(139)) - Scheduling a check for org.apache.hadoop.ozone.container.common.volume.HddsVolume@a4df251
2019-09-25 12:06:55,336 [main] INFO  volume.HddsVolumeChecker (HddsVolumeChecker.java:checkAllVolumes(202)) - Scheduled health check for volume org.apache.hadoop.ozone.container.common.volume.HddsVolume@a4df251
2019-09-25 12:06:55,362 [main] INFO  impl.RaftServerProxy (ConfUtils.java:logGet(43)) - raft.rpc.type = GRPC (default)
2019-09-25 12:06:55,363 [main] INFO  grpc.GrpcFactory (GrpcFactory.java:checkPooledByteBufAllocatorUseCacheForAllThreads(45)) - PERFORMANCE WARNING: useCacheForAllThreads is true that may cause Netty to create a lot garbage objects and, as a result, trigger GC.
	It is recommended to disable useCacheForAllThreads by setting -Dorg.apache.ratis.thirdparty.io.netty.allocator.useCacheForAllThreads=false in command line.
2019-09-25 12:06:55,363 [main] INFO  grpc.GrpcConfigKeys$Server (ConfUtils.java:logGet(43)) - raft.grpc.server.port = 0 (default)
2019-09-25 12:06:55,363 [main] INFO  server.GrpcService (ConfUtils.java:logGet(43)) - raft.grpc.message.size.max = 33570816 (custom)
2019-09-25 12:06:55,363 [main] INFO  server.RaftServerConfigKeys (ConfUtils.java:logGet(43)) - raft.server.log.appender.buffer.byte-limit = 33554432 (custom)
2019-09-25 12:06:55,363 [main] INFO  server.GrpcService (ConfUtils.java:logGet(43)) - raft.grpc.flow.control.window = 1MB (=1048576) (default)
2019-09-25 12:06:55,363 [main] INFO  server.RaftServerConfigKeys (ConfUtils.java:logGet(43)) - raft.server.rpc.request.timeout = 3000ms (default)
2019-09-25 12:06:55,364 [main] INFO  server.RaftServerConfigKeys (ConfUtils.java:logGet(43)) - raft.server.storage.dir = [/workdir/hadoop-ozone/integration-test/target/test-dir/MiniOzoneClusterImpl-ed40a7f8-0b2f-4da3-bf53-40ad2b647f29/datanode-2/data/ratis] (custom)
2019-09-25 12:06:55,365 [main] INFO  hdfs.DFSUtil (DFSUtil.java:httpServerTemplateForNNAndJN(1641)) - Starting Web-server for hddsDatanode at: http://0.0.0.0:0
2019-09-25 12:06:55,366 [main] INFO  server.AuthenticationFilter (AuthenticationFilter.java:constructSecretProvider(240)) - Unable to initialize FileSignerSecretProvider, falling back to use random secrets.
2019-09-25 12:06:55,367 [main] WARN  http.HttpRequestLog (HttpRequestLog.java:getRequestLog(97)) - Jetty request log can only be enabled using Log4j
2019-09-25 12:06:55,368 [main] INFO  http.HttpServer2 (HttpServer2.java:addGlobalFilter(975)) - Added global filter 'safety' (class=org.apache.hadoop.http.HttpServer2$QuotingInputFilter)
2019-09-25 12:06:55,368 [main] INFO  http.HttpServer2 (HttpServer2.java:addFilter(948)) - Added filter static_user_filter (class=org.apache.hadoop.http.lib.StaticUserWebFilter$StaticUserFilter) to context hddsDatanode
2019-09-25 12:06:55,369 [main] INFO  http.HttpServer2 (HttpServer2.java:addFilter(958)) - Added filter static_user_filter (class=org.apache.hadoop.http.lib.StaticUserWebFilter$StaticUserFilter) to context logs
2019-09-25 12:06:55,369 [main] INFO  http.HttpServer2 (HttpServer2.java:addFilter(958)) - Added filter static_user_filter (class=org.apache.hadoop.http.lib.StaticUserWebFilter$StaticUserFilter) to context static
2019-09-25 12:06:55,369 [main] INFO  http.HttpServer2 (HttpServer2.java:bindListener(1191)) - Jetty bound to port 36552
2019-09-25 12:06:55,369 [main] INFO  server.Server (Server.java:doStart(351)) - jetty-9.3.25.v20180904, build timestamp: 2018-09-04T21:11:46Z, git hash: 3ce520221d0240229c862b122d2b06c12a625732
2019-09-25 12:06:55,371 [main] INFO  handler.ContextHandler (ContextHandler.java:doStart(781)) - Started o.e.j.s.ServletContextHandler@6ec3d8e4{/logs,file:///workdir/hadoop-ozone/integration-test/target/log,AVAILABLE}
2019-09-25 12:06:55,371 [main] INFO  handler.ContextHandler (ContextHandler.java:doStart(781)) - Started o.e.j.s.ServletContextHandler@7f2c995b{/static,jar:file:/home/user/.m2/repository/org/apache/hadoop/hadoop-hdds-container-service/0.5.0-SNAPSHOT/hadoop-hdds-container-service-0.5.0-SNAPSHOT.jar!/webapps/static,AVAILABLE}
2019-09-25 12:06:55,397 [main] INFO  handler.ContextHandler (ContextHandler.java:doStart(781)) - Started o.e.j.w.WebAppContext@5922cff3{/,file:///tmp/jetty-0.0.0.0-36552-hddsDatanode-_-any-1517598236303872736.dir/webapp/,AVAILABLE}{/hddsDatanode}
2019-09-25 12:06:55,398 [main] INFO  server.AbstractConnector (AbstractConnector.java:doStart(278)) - Started ServerConnector@2299d903{HTTP/1.1,[http/1.1]}{0.0.0.0:36552}
2019-09-25 12:06:55,398 [main] INFO  server.Server (Server.java:doStart(419)) - Started @609043ms
2019-09-25 12:06:55,402 [main] WARN  impl.MetricsSystemImpl (MetricsSystemImpl.java:register(276)) - Sink prometheus already exists!
2019-09-25 12:06:55,402 [main] INFO  server.BaseHttpServer (BaseHttpServer.java:updateConnectorAddress(215)) - HTTP server of HDDSDATANODE is listening at http://0.0.0.0:36552
2019-09-25 12:06:55,403 [main] INFO  impl.MetricsSystemImpl (MetricsSystemImpl.java:init(158)) - HddsDatanode metrics system started (again)
2019-09-25 12:06:55,420 [org.apache.hadoop.util.JvmPauseMonitor$Monitor@52bcad09] INFO  util.JvmPauseMonitor (JvmPauseMonitor.java:run(188)) - Starting JVM pause monitor
2019-09-25 12:06:55,422 [main] INFO  ozone.HddsDatanodeService (HddsDatanodeService.java:start(184)) - HddsDatanodeService host:pr-hdds-1569-shd4m-3693607622 ip:192.168.151.73
2019-09-25 12:06:55,422 [Datanode State Machine Thread - 0] INFO  datanode.InitDatanodeState (InitDatanodeState.java:persistContainerDatanodeDetails(140)) - DatanodeDetails is persisted to /workdir/hadoop-ozone/integration-test/target/test-dir/MiniOzoneClusterImpl-ed40a7f8-0b2f-4da3-bf53-40ad2b647f29/datanode-2/meta/datanode.id
2019-09-25 12:06:55,430 [main] INFO  volume.HddsVolume (HddsVolume.java:<init>(176)) - Creating Volume: /workdir/hadoop-ozone/integration-test/target/test-dir/MiniOzoneClusterImpl-ed40a7f8-0b2f-4da3-bf53-40ad2b647f29/datanode-3/data/containers/hdds of  storage type : DISK and capacity : 1482555576320
2019-09-25 12:06:55,430 [main] INFO  volume.VolumeSet (VolumeSet.java:initializeVolumeSet(170)) - Added Volume : /workdir/hadoop-ozone/integration-test/target/test-dir/MiniOzoneClusterImpl-ed40a7f8-0b2f-4da3-bf53-40ad2b647f29/datanode-3/data/containers/hdds to VolumeSet
2019-09-25 12:06:55,430 [main] INFO  volume.ThrottledAsyncChecker (ThrottledAsyncChecker.java:schedule(139)) - Scheduling a check for org.apache.hadoop.ozone.container.common.volume.HddsVolume@6a1d1467
2019-09-25 12:06:55,431 [main] INFO  volume.HddsVolumeChecker (HddsVolumeChecker.java:checkAllVolumes(202)) - Scheduled health check for volume org.apache.hadoop.ozone.container.common.volume.HddsVolume@6a1d1467
2019-09-25 12:06:55,444 [main] INFO  impl.RaftServerProxy (ConfUtils.java:logGet(43)) - raft.rpc.type = GRPC (default)
2019-09-25 12:06:55,444 [main] INFO  grpc.GrpcFactory (GrpcFactory.java:checkPooledByteBufAllocatorUseCacheForAllThreads(45)) - PERFORMANCE WARNING: useCacheForAllThreads is true that may cause Netty to create a lot garbage objects and, as a result, trigger GC.
	It is recommended to disable useCacheForAllThreads by setting -Dorg.apache.ratis.thirdparty.io.netty.allocator.useCacheForAllThreads=false in command line.
2019-09-25 12:06:55,444 [main] INFO  grpc.GrpcConfigKeys$Server (ConfUtils.java:logGet(43)) - raft.grpc.server.port = 0 (default)
2019-09-25 12:06:55,444 [main] INFO  server.GrpcService (ConfUtils.java:logGet(43)) - raft.grpc.message.size.max = 33570816 (custom)
2019-09-25 12:06:55,445 [main] INFO  server.RaftServerConfigKeys (ConfUtils.java:logGet(43)) - raft.server.log.appender.buffer.byte-limit = 33554432 (custom)
2019-09-25 12:06:55,445 [main] INFO  server.GrpcService (ConfUtils.java:logGet(43)) - raft.grpc.flow.control.window = 1MB (=1048576) (default)
2019-09-25 12:06:55,445 [main] INFO  server.RaftServerConfigKeys (ConfUtils.java:logGet(43)) - raft.server.rpc.request.timeout = 3000ms (default)
2019-09-25 12:06:55,445 [main] INFO  server.RaftServerConfigKeys (ConfUtils.java:logGet(43)) - raft.server.storage.dir = [/workdir/hadoop-ozone/integration-test/target/test-dir/MiniOzoneClusterImpl-ed40a7f8-0b2f-4da3-bf53-40ad2b647f29/datanode-3/data/ratis] (custom)
2019-09-25 12:06:55,447 [main] INFO  hdfs.DFSUtil (DFSUtil.java:httpServerTemplateForNNAndJN(1641)) - Starting Web-server for hddsDatanode at: http://0.0.0.0:0
2019-09-25 12:06:55,448 [main] INFO  server.AuthenticationFilter (AuthenticationFilter.java:constructSecretProvider(240)) - Unable to initialize FileSignerSecretProvider, falling back to use random secrets.
2019-09-25 12:06:55,448 [main] WARN  http.HttpRequestLog (HttpRequestLog.java:getRequestLog(97)) - Jetty request log can only be enabled using Log4j
2019-09-25 12:06:55,449 [main] INFO  http.HttpServer2 (HttpServer2.java:addGlobalFilter(975)) - Added global filter 'safety' (class=org.apache.hadoop.http.HttpServer2$QuotingInputFilter)
2019-09-25 12:06:55,449 [main] INFO  http.HttpServer2 (HttpServer2.java:addFilter(948)) - Added filter static_user_filter (class=org.apache.hadoop.http.lib.StaticUserWebFilter$StaticUserFilter) to context hddsDatanode
2019-09-25 12:06:55,449 [main] INFO  http.HttpServer2 (HttpServer2.java:addFilter(958)) - Added filter static_user_filter (class=org.apache.hadoop.http.lib.StaticUserWebFilter$StaticUserFilter) to context logs
2019-09-25 12:06:55,449 [main] INFO  http.HttpServer2 (HttpServer2.java:addFilter(958)) - Added filter static_user_filter (class=org.apache.hadoop.http.lib.StaticUserWebFilter$StaticUserFilter) to context static
2019-09-25 12:06:55,450 [main] INFO  http.HttpServer2 (HttpServer2.java:bindListener(1191)) - Jetty bound to port 44513
2019-09-25 12:06:55,450 [main] INFO  server.Server (Server.java:doStart(351)) - jetty-9.3.25.v20180904, build timestamp: 2018-09-04T21:11:46Z, git hash: 3ce520221d0240229c862b122d2b06c12a625732
2019-09-25 12:06:55,451 [main] INFO  handler.ContextHandler (ContextHandler.java:doStart(781)) - Started o.e.j.s.ServletContextHandler@52657d5f{/logs,file:///workdir/hadoop-ozone/integration-test/target/log,AVAILABLE}
2019-09-25 12:06:55,452 [main] INFO  handler.ContextHandler (ContextHandler.java:doStart(781)) - Started o.e.j.s.ServletContextHandler@2211b44f{/static,jar:file:/home/user/.m2/repository/org/apache/hadoop/hadoop-hdds-container-service/0.5.0-SNAPSHOT/hadoop-hdds-container-service-0.5.0-SNAPSHOT.jar!/webapps/static,AVAILABLE}
2019-09-25 12:06:55,478 [main] INFO  handler.ContextHandler (ContextHandler.java:doStart(781)) - Started o.e.j.w.WebAppContext@9dc782d{/,file:///tmp/jetty-0.0.0.0-44513-hddsDatanode-_-any-248553955621271649.dir/webapp/,AVAILABLE}{/hddsDatanode}
2019-09-25 12:06:55,479 [main] INFO  server.AbstractConnector (AbstractConnector.java:doStart(278)) - Started ServerConnector@1ba35152{HTTP/1.1,[http/1.1]}{0.0.0.0:44513}
2019-09-25 12:06:55,482 [main] INFO  server.Server (Server.java:doStart(419)) - Started @609127ms
2019-09-25 12:06:55,483 [main] WARN  impl.MetricsSystemImpl (MetricsSystemImpl.java:register(276)) - Sink prometheus already exists!
2019-09-25 12:06:55,483 [main] INFO  server.BaseHttpServer (BaseHttpServer.java:updateConnectorAddress(215)) - HTTP server of HDDSDATANODE is listening at http://0.0.0.0:44513
2019-09-25 12:06:55,484 [main] INFO  impl.MetricsSystemImpl (MetricsSystemImpl.java:init(158)) - HddsDatanode metrics system started (again)
2019-09-25 12:06:55,502 [org.apache.hadoop.util.JvmPauseMonitor$Monitor@72e32ba6] INFO  util.JvmPauseMonitor (JvmPauseMonitor.java:run(188)) - Starting JVM pause monitor
2019-09-25 12:06:55,504 [main] INFO  ozone.HddsDatanodeService (HddsDatanodeService.java:start(184)) - HddsDatanodeService host:pr-hdds-1569-shd4m-3693607622 ip:192.168.151.73
2019-09-25 12:06:55,504 [Datanode State Machine Thread - 0] INFO  datanode.InitDatanodeState (InitDatanodeState.java:persistContainerDatanodeDetails(140)) - DatanodeDetails is persisted to /workdir/hadoop-ozone/integration-test/target/test-dir/MiniOzoneClusterImpl-ed40a7f8-0b2f-4da3-bf53-40ad2b647f29/datanode-3/meta/datanode.id
2019-09-25 12:06:55,513 [main] INFO  volume.HddsVolume (HddsVolume.java:<init>(176)) - Creating Volume: /workdir/hadoop-ozone/integration-test/target/test-dir/MiniOzoneClusterImpl-ed40a7f8-0b2f-4da3-bf53-40ad2b647f29/datanode-4/data/containers/hdds of  storage type : DISK and capacity : 1482555576320
2019-09-25 12:06:55,513 [main] INFO  volume.VolumeSet (VolumeSet.java:initializeVolumeSet(170)) - Added Volume : /workdir/hadoop-ozone/integration-test/target/test-dir/MiniOzoneClusterImpl-ed40a7f8-0b2f-4da3-bf53-40ad2b647f29/datanode-4/data/containers/hdds to VolumeSet
2019-09-25 12:06:55,513 [main] INFO  volume.ThrottledAsyncChecker (ThrottledAsyncChecker.java:schedule(139)) - Scheduling a check for org.apache.hadoop.ozone.container.common.volume.HddsVolume@77ba583
2019-09-25 12:06:55,514 [main] INFO  volume.HddsVolumeChecker (HddsVolumeChecker.java:checkAllVolumes(202)) - Scheduled health check for volume org.apache.hadoop.ozone.container.common.volume.HddsVolume@77ba583
2019-09-25 12:06:55,528 [main] INFO  impl.RaftServerProxy (ConfUtils.java:logGet(43)) - raft.rpc.type = GRPC (default)
2019-09-25 12:06:55,529 [main] INFO  grpc.GrpcFactory (GrpcFactory.java:checkPooledByteBufAllocatorUseCacheForAllThreads(45)) - PERFORMANCE WARNING: useCacheForAllThreads is true that may cause Netty to create a lot garbage objects and, as a result, trigger GC.
	It is recommended to disable useCacheForAllThreads by setting -Dorg.apache.ratis.thirdparty.io.netty.allocator.useCacheForAllThreads=false in command line.
2019-09-25 12:06:55,529 [main] INFO  grpc.GrpcConfigKeys$Server (ConfUtils.java:logGet(43)) - raft.grpc.server.port = 0 (default)
2019-09-25 12:06:55,529 [main] INFO  server.GrpcService (ConfUtils.java:logGet(43)) - raft.grpc.message.size.max = 33570816 (custom)
2019-09-25 12:06:55,529 [main] INFO  server.RaftServerConfigKeys (ConfUtils.java:logGet(43)) - raft.server.log.appender.buffer.byte-limit = 33554432 (custom)
2019-09-25 12:06:55,529 [main] INFO  server.GrpcService (ConfUtils.java:logGet(43)) - raft.grpc.flow.control.window = 1MB (=1048576) (default)
2019-09-25 12:06:55,530 [main] INFO  server.RaftServerConfigKeys (ConfUtils.java:logGet(43)) - raft.server.rpc.request.timeout = 3000ms (default)
2019-09-25 12:06:55,530 [main] INFO  server.RaftServerConfigKeys (ConfUtils.java:logGet(43)) - raft.server.storage.dir = [/workdir/hadoop-ozone/integration-test/target/test-dir/MiniOzoneClusterImpl-ed40a7f8-0b2f-4da3-bf53-40ad2b647f29/datanode-4/data/ratis] (custom)
2019-09-25 12:06:55,531 [main] INFO  hdfs.DFSUtil (DFSUtil.java:httpServerTemplateForNNAndJN(1641)) - Starting Web-server for hddsDatanode at: http://0.0.0.0:0
2019-09-25 12:06:55,532 [main] INFO  server.AuthenticationFilter (AuthenticationFilter.java:constructSecretProvider(240)) - Unable to initialize FileSignerSecretProvider, falling back to use random secrets.
2019-09-25 12:06:55,533 [main] WARN  http.HttpRequestLog (HttpRequestLog.java:getRequestLog(97)) - Jetty request log can only be enabled using Log4j
2019-09-25 12:06:55,534 [main] INFO  http.HttpServer2 (HttpServer2.java:addGlobalFilter(975)) - Added global filter 'safety' (class=org.apache.hadoop.http.HttpServer2$QuotingInputFilter)
2019-09-25 12:06:55,534 [main] INFO  http.HttpServer2 (HttpServer2.java:addFilter(948)) - Added filter static_user_filter (class=org.apache.hadoop.http.lib.StaticUserWebFilter$StaticUserFilter) to context hddsDatanode
2019-09-25 12:06:55,534 [main] INFO  http.HttpServer2 (HttpServer2.java:addFilter(958)) - Added filter static_user_filter (class=org.apache.hadoop.http.lib.StaticUserWebFilter$StaticUserFilter) to context static
2019-09-25 12:06:55,535 [main] INFO  http.HttpServer2 (HttpServer2.java:addFilter(958)) - Added filter static_user_filter (class=org.apache.hadoop.http.lib.StaticUserWebFilter$StaticUserFilter) to context logs
2019-09-25 12:06:55,535 [main] INFO  http.HttpServer2 (HttpServer2.java:bindListener(1191)) - Jetty bound to port 44293
2019-09-25 12:06:55,535 [main] INFO  server.Server (Server.java:doStart(351)) - jetty-9.3.25.v20180904, build timestamp: 2018-09-04T21:11:46Z, git hash: 3ce520221d0240229c862b122d2b06c12a625732
2019-09-25 12:06:55,537 [main] INFO  handler.ContextHandler (ContextHandler.java:doStart(781)) - Started o.e.j.s.ServletContextHandler@1c90029b{/logs,file:///workdir/hadoop-ozone/integration-test/target/log,AVAILABLE}
2019-09-25 12:06:55,537 [main] INFO  handler.ContextHandler (ContextHandler.java:doStart(781)) - Started o.e.j.s.ServletContextHandler@b0d3e7{/static,jar:file:/home/user/.m2/repository/org/apache/hadoop/hadoop-hdds-container-service/0.5.0-SNAPSHOT/hadoop-hdds-container-service-0.5.0-SNAPSHOT.jar!/webapps/static,AVAILABLE}
2019-09-25 12:06:55,565 [main] INFO  handler.ContextHandler (ContextHandler.java:doStart(781)) - Started o.e.j.w.WebAppContext@7440265c{/,file:///tmp/jetty-0.0.0.0-44293-hddsDatanode-_-any-8113463664875480909.dir/webapp/,AVAILABLE}{/hddsDatanode}
2019-09-25 12:06:55,566 [main] INFO  server.AbstractConnector (AbstractConnector.java:doStart(278)) - Started ServerConnector@1d8be7b9{HTTP/1.1,[http/1.1]}{0.0.0.0:44293}
2019-09-25 12:06:55,566 [main] INFO  server.Server (Server.java:doStart(419)) - Started @609210ms
2019-09-25 12:06:55,575 [main] WARN  impl.MetricsSystemImpl (MetricsSystemImpl.java:register(276)) - Sink prometheus already exists!
2019-09-25 12:06:55,576 [main] INFO  server.BaseHttpServer (BaseHttpServer.java:updateConnectorAddress(215)) - HTTP server of HDDSDATANODE is listening at http://0.0.0.0:44293
2019-09-25 12:06:55,577 [main] INFO  impl.MetricsSystemImpl (MetricsSystemImpl.java:init(158)) - HddsDatanode metrics system started (again)
2019-09-25 12:06:55,599 [org.apache.hadoop.util.JvmPauseMonitor$Monitor@6e4b195d] INFO  util.JvmPauseMonitor (JvmPauseMonitor.java:run(188)) - Starting JVM pause monitor
2019-09-25 12:06:55,600 [main] INFO  ozone.HddsDatanodeService (HddsDatanodeService.java:start(184)) - HddsDatanodeService host:pr-hdds-1569-shd4m-3693607622 ip:192.168.151.73
2019-09-25 12:06:55,601 [Datanode State Machine Thread - 0] INFO  datanode.InitDatanodeState (InitDatanodeState.java:persistContainerDatanodeDetails(140)) - DatanodeDetails is persisted to /workdir/hadoop-ozone/integration-test/target/test-dir/MiniOzoneClusterImpl-ed40a7f8-0b2f-4da3-bf53-40ad2b647f29/datanode-4/meta/datanode.id
2019-09-25 12:06:55,613 [main] INFO  volume.HddsVolume (HddsVolume.java:<init>(176)) - Creating Volume: /workdir/hadoop-ozone/integration-test/target/test-dir/MiniOzoneClusterImpl-ed40a7f8-0b2f-4da3-bf53-40ad2b647f29/datanode-5/data/containers/hdds of  storage type : DISK and capacity : 1482555576320
2019-09-25 12:06:55,614 [main] INFO  volume.VolumeSet (VolumeSet.java:initializeVolumeSet(170)) - Added Volume : /workdir/hadoop-ozone/integration-test/target/test-dir/MiniOzoneClusterImpl-ed40a7f8-0b2f-4da3-bf53-40ad2b647f29/datanode-5/data/containers/hdds to VolumeSet
2019-09-25 12:06:55,614 [main] INFO  volume.ThrottledAsyncChecker (ThrottledAsyncChecker.java:schedule(139)) - Scheduling a check for org.apache.hadoop.ozone.container.common.volume.HddsVolume@1d3a03fe
2019-09-25 12:06:55,614 [main] INFO  volume.HddsVolumeChecker (HddsVolumeChecker.java:checkAllVolumes(202)) - Scheduled health check for volume org.apache.hadoop.ozone.container.common.volume.HddsVolume@1d3a03fe
2019-09-25 12:06:55,629 [main] INFO  impl.RaftServerProxy (ConfUtils.java:logGet(43)) - raft.rpc.type = GRPC (default)
2019-09-25 12:06:55,630 [main] INFO  grpc.GrpcFactory (GrpcFactory.java:checkPooledByteBufAllocatorUseCacheForAllThreads(45)) - PERFORMANCE WARNING: useCacheForAllThreads is true that may cause Netty to create a lot garbage objects and, as a result, trigger GC.
	It is recommended to disable useCacheForAllThreads by setting -Dorg.apache.ratis.thirdparty.io.netty.allocator.useCacheForAllThreads=false in command line.
2019-09-25 12:06:55,630 [main] INFO  grpc.GrpcConfigKeys$Server (ConfUtils.java:logGet(43)) - raft.grpc.server.port = 0 (default)
2019-09-25 12:06:55,630 [main] INFO  server.GrpcService (ConfUtils.java:logGet(43)) - raft.grpc.message.size.max = 33570816 (custom)
2019-09-25 12:06:55,630 [main] INFO  server.RaftServerConfigKeys (ConfUtils.java:logGet(43)) - raft.server.log.appender.buffer.byte-limit = 33554432 (custom)
2019-09-25 12:06:55,630 [main] INFO  server.GrpcService (ConfUtils.java:logGet(43)) - raft.grpc.flow.control.window = 1MB (=1048576) (default)
2019-09-25 12:06:55,630 [main] INFO  server.RaftServerConfigKeys (ConfUtils.java:logGet(43)) - raft.server.rpc.request.timeout = 3000ms (default)
2019-09-25 12:06:55,631 [main] INFO  server.RaftServerConfigKeys (ConfUtils.java:logGet(43)) - raft.server.storage.dir = [/workdir/hadoop-ozone/integration-test/target/test-dir/MiniOzoneClusterImpl-ed40a7f8-0b2f-4da3-bf53-40ad2b647f29/datanode-5/data/ratis] (custom)
2019-09-25 12:06:55,632 [main] INFO  hdfs.DFSUtil (DFSUtil.java:httpServerTemplateForNNAndJN(1641)) - Starting Web-server for hddsDatanode at: http://0.0.0.0:0
2019-09-25 12:06:55,633 [main] INFO  server.AuthenticationFilter (AuthenticationFilter.java:constructSecretProvider(240)) - Unable to initialize FileSignerSecretProvider, falling back to use random secrets.
2019-09-25 12:06:55,634 [main] WARN  http.HttpRequestLog (HttpRequestLog.java:getRequestLog(97)) - Jetty request log can only be enabled using Log4j
2019-09-25 12:06:55,635 [main] INFO  http.HttpServer2 (HttpServer2.java:addGlobalFilter(975)) - Added global filter 'safety' (class=org.apache.hadoop.http.HttpServer2$QuotingInputFilter)
2019-09-25 12:06:55,635 [main] INFO  http.HttpServer2 (HttpServer2.java:addFilter(948)) - Added filter static_user_filter (class=org.apache.hadoop.http.lib.StaticUserWebFilter$StaticUserFilter) to context hddsDatanode
2019-09-25 12:06:55,635 [main] INFO  http.HttpServer2 (HttpServer2.java:addFilter(958)) - Added filter static_user_filter (class=org.apache.hadoop.http.lib.StaticUserWebFilter$StaticUserFilter) to context static
2019-09-25 12:06:55,636 [main] INFO  http.HttpServer2 (HttpServer2.java:addFilter(958)) - Added filter static_user_filter (class=org.apache.hadoop.http.lib.StaticUserWebFilter$StaticUserFilter) to context logs
2019-09-25 12:06:55,636 [main] INFO  http.HttpServer2 (HttpServer2.java:bindListener(1191)) - Jetty bound to port 40061
2019-09-25 12:06:55,636 [main] INFO  server.Server (Server.java:doStart(351)) - jetty-9.3.25.v20180904, build timestamp: 2018-09-04T21:11:46Z, git hash: 3ce520221d0240229c862b122d2b06c12a625732
2019-09-25 12:06:55,638 [main] INFO  handler.ContextHandler (ContextHandler.java:doStart(781)) - Started o.e.j.s.ServletContextHandler@26101efc{/logs,file:///workdir/hadoop-ozone/integration-test/target/log,AVAILABLE}
2019-09-25 12:06:55,638 [main] INFO  handler.ContextHandler (ContextHandler.java:doStart(781)) - Started o.e.j.s.ServletContextHandler@18dac12f{/static,jar:file:/home/user/.m2/repository/org/apache/hadoop/hadoop-hdds-container-service/0.5.0-SNAPSHOT/hadoop-hdds-container-service-0.5.0-SNAPSHOT.jar!/webapps/static,AVAILABLE}
2019-09-25 12:06:55,670 [main] INFO  handler.ContextHandler (ContextHandler.java:doStart(781)) - Started o.e.j.w.WebAppContext@34e990cc{/,file:///tmp/jetty-0.0.0.0-40061-hddsDatanode-_-any-3470689732263130612.dir/webapp/,AVAILABLE}{/hddsDatanode}
2019-09-25 12:06:55,671 [main] INFO  server.AbstractConnector (AbstractConnector.java:doStart(278)) - Started ServerConnector@2d5ae78e{HTTP/1.1,[http/1.1]}{0.0.0.0:40061}
2019-09-25 12:06:55,674 [main] INFO  server.Server (Server.java:doStart(419)) - Started @609319ms
2019-09-25 12:06:55,675 [main] WARN  impl.MetricsSystemImpl (MetricsSystemImpl.java:register(276)) - Sink prometheus already exists!
2019-09-25 12:06:55,676 [main] INFO  server.BaseHttpServer (BaseHttpServer.java:updateConnectorAddress(215)) - HTTP server of HDDSDATANODE is listening at http://0.0.0.0:40061
2019-09-25 12:06:55,676 [main] INFO  impl.MetricsSystemImpl (MetricsSystemImpl.java:init(158)) - HddsDatanode metrics system started (again)
2019-09-25 12:06:55,697 [org.apache.hadoop.util.JvmPauseMonitor$Monitor@513b6d86] INFO  util.JvmPauseMonitor (JvmPauseMonitor.java:run(188)) - Starting JVM pause monitor
2019-09-25 12:06:55,698 [main] INFO  ozone.HddsDatanodeService (HddsDatanodeService.java:start(184)) - HddsDatanodeService host:pr-hdds-1569-shd4m-3693607622 ip:192.168.151.73
2019-09-25 12:06:55,698 [Datanode State Machine Thread - 0] INFO  datanode.InitDatanodeState (InitDatanodeState.java:persistContainerDatanodeDetails(140)) - DatanodeDetails is persisted to /workdir/hadoop-ozone/integration-test/target/test-dir/MiniOzoneClusterImpl-ed40a7f8-0b2f-4da3-bf53-40ad2b647f29/datanode-5/meta/datanode.id
2019-09-25 12:06:55,707 [main] INFO  volume.HddsVolume (HddsVolume.java:<init>(176)) - Creating Volume: /workdir/hadoop-ozone/integration-test/target/test-dir/MiniOzoneClusterImpl-ed40a7f8-0b2f-4da3-bf53-40ad2b647f29/datanode-6/data/containers/hdds of  storage type : DISK and capacity : 1482555576320
2019-09-25 12:06:55,707 [main] INFO  volume.VolumeSet (VolumeSet.java:initializeVolumeSet(170)) - Added Volume : /workdir/hadoop-ozone/integration-test/target/test-dir/MiniOzoneClusterImpl-ed40a7f8-0b2f-4da3-bf53-40ad2b647f29/datanode-6/data/containers/hdds to VolumeSet
2019-09-25 12:06:55,707 [main] INFO  volume.ThrottledAsyncChecker (ThrottledAsyncChecker.java:schedule(139)) - Scheduling a check for org.apache.hadoop.ozone.container.common.volume.HddsVolume@cf10c92
2019-09-25 12:06:55,708 [main] INFO  volume.HddsVolumeChecker (HddsVolumeChecker.java:checkAllVolumes(202)) - Scheduled health check for volume org.apache.hadoop.ozone.container.common.volume.HddsVolume@cf10c92
2019-09-25 12:06:55,721 [main] INFO  impl.RaftServerProxy (ConfUtils.java:logGet(43)) - raft.rpc.type = GRPC (default)
2019-09-25 12:06:55,722 [main] INFO  grpc.GrpcFactory (GrpcFactory.java:checkPooledByteBufAllocatorUseCacheForAllThreads(45)) - PERFORMANCE WARNING: useCacheForAllThreads is true that may cause Netty to create a lot garbage objects and, as a result, trigger GC.
	It is recommended to disable useCacheForAllThreads by setting -Dorg.apache.ratis.thirdparty.io.netty.allocator.useCacheForAllThreads=false in command line.
2019-09-25 12:06:55,722 [main] INFO  grpc.GrpcConfigKeys$Server (ConfUtils.java:logGet(43)) - raft.grpc.server.port = 0 (default)
2019-09-25 12:06:55,722 [main] INFO  server.GrpcService (ConfUtils.java:logGet(43)) - raft.grpc.message.size.max = 33570816 (custom)
2019-09-25 12:06:55,722 [main] INFO  server.RaftServerConfigKeys (ConfUtils.java:logGet(43)) - raft.server.log.appender.buffer.byte-limit = 33554432 (custom)
2019-09-25 12:06:55,722 [main] INFO  server.GrpcService (ConfUtils.java:logGet(43)) - raft.grpc.flow.control.window = 1MB (=1048576) (default)
2019-09-25 12:06:55,722 [main] INFO  server.RaftServerConfigKeys (ConfUtils.java:logGet(43)) - raft.server.rpc.request.timeout = 3000ms (default)
2019-09-25 12:06:55,723 [main] INFO  server.RaftServerConfigKeys (ConfUtils.java:logGet(43)) - raft.server.storage.dir = [/workdir/hadoop-ozone/integration-test/target/test-dir/MiniOzoneClusterImpl-ed40a7f8-0b2f-4da3-bf53-40ad2b647f29/datanode-6/data/ratis] (custom)
2019-09-25 12:06:55,724 [main] INFO  hdfs.DFSUtil (DFSUtil.java:httpServerTemplateForNNAndJN(1641)) - Starting Web-server for hddsDatanode at: http://0.0.0.0:0
2019-09-25 12:06:55,725 [main] INFO  server.AuthenticationFilter (AuthenticationFilter.java:constructSecretProvider(240)) - Unable to initialize FileSignerSecretProvider, falling back to use random secrets.
2019-09-25 12:06:55,725 [main] WARN  http.HttpRequestLog (HttpRequestLog.java:getRequestLog(97)) - Jetty request log can only be enabled using Log4j
2019-09-25 12:06:55,726 [main] INFO  http.HttpServer2 (HttpServer2.java:addGlobalFilter(975)) - Added global filter 'safety' (class=org.apache.hadoop.http.HttpServer2$QuotingInputFilter)
2019-09-25 12:06:55,727 [main] INFO  http.HttpServer2 (HttpServer2.java:addFilter(948)) - Added filter static_user_filter (class=org.apache.hadoop.http.lib.StaticUserWebFilter$StaticUserFilter) to context hddsDatanode
2019-09-25 12:06:55,727 [main] INFO  http.HttpServer2 (HttpServer2.java:addFilter(958)) - Added filter static_user_filter (class=org.apache.hadoop.http.lib.StaticUserWebFilter$StaticUserFilter) to context logs
2019-09-25 12:06:55,727 [main] INFO  http.HttpServer2 (HttpServer2.java:addFilter(958)) - Added filter static_user_filter (class=org.apache.hadoop.http.lib.StaticUserWebFilter$StaticUserFilter) to context static
2019-09-25 12:06:55,728 [main] INFO  http.HttpServer2 (HttpServer2.java:bindListener(1191)) - Jetty bound to port 37196
2019-09-25 12:06:55,728 [main] INFO  server.Server (Server.java:doStart(351)) - jetty-9.3.25.v20180904, build timestamp: 2018-09-04T21:11:46Z, git hash: 3ce520221d0240229c862b122d2b06c12a625732
2019-09-25 12:06:55,730 [main] INFO  handler.ContextHandler (ContextHandler.java:doStart(781)) - Started o.e.j.s.ServletContextHandler@10f20d38{/logs,file:///workdir/hadoop-ozone/integration-test/target/log,AVAILABLE}
2019-09-25 12:06:55,730 [main] INFO  handler.ContextHandler (ContextHandler.java:doStart(781)) - Started o.e.j.s.ServletContextHandler@63e70bf9{/static,jar:file:/home/user/.m2/repository/org/apache/hadoop/hadoop-hdds-container-service/0.5.0-SNAPSHOT/hadoop-hdds-container-service-0.5.0-SNAPSHOT.jar!/webapps/static,AVAILABLE}
2019-09-25 12:06:55,756 [main] INFO  handler.ContextHandler (ContextHandler.java:doStart(781)) - Started o.e.j.w.WebAppContext@7fe87c0e{/,file:///tmp/jetty-0.0.0.0-37196-hddsDatanode-_-any-4138608707240917843.dir/webapp/,AVAILABLE}{/hddsDatanode}
2019-09-25 12:06:55,757 [main] INFO  server.AbstractConnector (AbstractConnector.java:doStart(278)) - Started ServerConnector@8f4b803{HTTP/1.1,[http/1.1]}{0.0.0.0:37196}
2019-09-25 12:06:55,757 [main] INFO  server.Server (Server.java:doStart(419)) - Started @609401ms
2019-09-25 12:06:55,760 [main] WARN  impl.MetricsSystemImpl (MetricsSystemImpl.java:register(276)) - Sink prometheus already exists!
2019-09-25 12:06:55,760 [main] INFO  server.BaseHttpServer (BaseHttpServer.java:updateConnectorAddress(215)) - HTTP server of HDDSDATANODE is listening at http://0.0.0.0:37196
2019-09-25 12:06:55,761 [main] INFO  ozone.MiniOzoneClusterImpl (MiniOzoneClusterImpl.java:lambda$waitForClusterToBeReady$0(147)) - Waiting for cluster to be ready. Got 0 of 7 DN Heartbeats.
2019-09-25 12:06:55,762 [org.apache.hadoop.util.JvmPauseMonitor$Monitor@781ceb27] INFO  util.JvmPauseMonitor (JvmPauseMonitor.java:run(188)) - Starting JVM pause monitor
2019-09-25 12:06:55,763 [Datanode State Machine Thread - 0] INFO  datanode.InitDatanodeState (InitDatanodeState.java:persistContainerDatanodeDetails(140)) - DatanodeDetails is persisted to /workdir/hadoop-ozone/integration-test/target/test-dir/MiniOzoneClusterImpl-ed40a7f8-0b2f-4da3-bf53-40ad2b647f29/datanode-6/meta/datanode.id
2019-09-25 12:06:56,761 [main] INFO  ozone.MiniOzoneClusterImpl (MiniOzoneClusterImpl.java:lambda$waitForClusterToBeReady$0(147)) - Waiting for cluster to be ready. Got 0 of 7 DN Heartbeats.
2019-09-25 12:06:57,270 [Datanode State Machine Thread - 0] INFO  ozoneimpl.OzoneContainer (OzoneContainer.java:start(217)) - Attempting to start container services.
2019-09-25 12:06:57,271 [Datanode State Machine Thread - 0] INFO  ozoneimpl.OzoneContainer (OzoneContainer.java:startContainerScrub(179)) - Background container scanner has been disabled.
2019-09-25 12:06:57,271 [Datanode State Machine Thread - 0] INFO  ratis.XceiverServerRatis (XceiverServerRatis.java:start(411)) - Starting XceiverServerRatis 0b7c031f-92f6-4780-87e9-d12f3b75deed at port 0
2019-09-25 12:06:57,280 [Datanode State Machine Thread - 0] INFO  impl.RaftServerProxy (RaftServerProxy.java:lambda$start$3(299)) - 0b7c031f-92f6-4780-87e9-d12f3b75deed: start RPC server
2019-09-25 12:06:57,282 [Datanode State Machine Thread - 0] INFO  server.GrpcService (GrpcService.java:startImpl(158)) - 0b7c031f-92f6-4780-87e9-d12f3b75deed: GrpcService started, listening on 0.0.0.0/0.0.0.0:38949
2019-09-25 12:06:57,283 [Datanode State Machine Thread - 0] INFO  ratis.XceiverServerRatis (XceiverServerRatis.java:start(421)) - XceiverServerRatis 0b7c031f-92f6-4780-87e9-d12f3b75deed is started using port 38949
2019-09-25 12:06:57,283 [Datanode State Machine Thread - 0] INFO  server.XceiverServerGrpc (XceiverServerGrpc.java:start(149)) - XceiverServerGrpc 0b7c031f-92f6-4780-87e9-d12f3b75deed is started using port 41995
2019-09-25 12:06:57,343 [Datanode State Machine Thread - 0] INFO  ozoneimpl.OzoneContainer (OzoneContainer.java:start(217)) - Attempting to start container services.
2019-09-25 12:06:57,344 [Datanode State Machine Thread - 0] INFO  ozoneimpl.OzoneContainer (OzoneContainer.java:startContainerScrub(179)) - Background container scanner has been disabled.
2019-09-25 12:06:57,344 [Datanode State Machine Thread - 0] INFO  ratis.XceiverServerRatis (XceiverServerRatis.java:start(411)) - Starting XceiverServerRatis f003a614-b318-424e-95ab-7ad6d1c0d2e6 at port 0
2019-09-25 12:06:57,353 [Datanode State Machine Thread - 0] INFO  impl.RaftServerProxy (RaftServerProxy.java:lambda$start$3(299)) - f003a614-b318-424e-95ab-7ad6d1c0d2e6: start RPC server
2019-09-25 12:06:57,353 [Datanode State Machine Thread - 0] INFO  server.GrpcService (GrpcService.java:startImpl(158)) - f003a614-b318-424e-95ab-7ad6d1c0d2e6: GrpcService started, listening on 0.0.0.0/0.0.0.0:41092
2019-09-25 12:06:57,354 [Datanode State Machine Thread - 0] INFO  ratis.XceiverServerRatis (XceiverServerRatis.java:start(421)) - XceiverServerRatis f003a614-b318-424e-95ab-7ad6d1c0d2e6 is started using port 41092
2019-09-25 12:06:57,354 [Datanode State Machine Thread - 0] INFO  server.XceiverServerGrpc (XceiverServerGrpc.java:start(149)) - XceiverServerGrpc f003a614-b318-424e-95ab-7ad6d1c0d2e6 is started using port 41280
2019-09-25 12:06:57,435 [Datanode State Machine Thread - 0] INFO  ozoneimpl.OzoneContainer (OzoneContainer.java:start(217)) - Attempting to start container services.
2019-09-25 12:06:57,435 [Datanode State Machine Thread - 0] INFO  ozoneimpl.OzoneContainer (OzoneContainer.java:startContainerScrub(179)) - Background container scanner has been disabled.
2019-09-25 12:06:57,435 [Datanode State Machine Thread - 0] INFO  ratis.XceiverServerRatis (XceiverServerRatis.java:start(411)) - Starting XceiverServerRatis a3a55b85-6532-4add-86b9-f60c9f262632 at port 0
2019-09-25 12:06:57,444 [Datanode State Machine Thread - 0] INFO  impl.RaftServerProxy (RaftServerProxy.java:lambda$start$3(299)) - a3a55b85-6532-4add-86b9-f60c9f262632: start RPC server
2019-09-25 12:06:57,486 [Datanode State Machine Thread - 0] INFO  server.GrpcService (GrpcService.java:startImpl(158)) - a3a55b85-6532-4add-86b9-f60c9f262632: GrpcService started, listening on 0.0.0.0/0.0.0.0:37389
2019-09-25 12:06:57,486 [Datanode State Machine Thread - 0] INFO  ratis.XceiverServerRatis (XceiverServerRatis.java:start(421)) - XceiverServerRatis a3a55b85-6532-4add-86b9-f60c9f262632 is started using port 37389
2019-09-25 12:06:57,504 [Datanode State Machine Thread - 0] INFO  server.XceiverServerGrpc (XceiverServerGrpc.java:start(149)) - XceiverServerGrpc a3a55b85-6532-4add-86b9-f60c9f262632 is started using port 44799
2019-09-25 12:06:57,532 [Datanode State Machine Thread - 0] INFO  ozoneimpl.OzoneContainer (OzoneContainer.java:start(217)) - Attempting to start container services.
2019-09-25 12:06:57,532 [Datanode State Machine Thread - 0] INFO  ozoneimpl.OzoneContainer (OzoneContainer.java:startContainerScrub(179)) - Background container scanner has been disabled.
2019-09-25 12:06:57,533 [Datanode State Machine Thread - 0] INFO  ratis.XceiverServerRatis (XceiverServerRatis.java:start(411)) - Starting XceiverServerRatis 994e134d-9492-4c05-a584-6f6f537d8ad3 at port 0
2019-09-25 12:06:57,542 [Datanode State Machine Thread - 0] INFO  impl.RaftServerProxy (RaftServerProxy.java:lambda$start$3(299)) - 994e134d-9492-4c05-a584-6f6f537d8ad3: start RPC server
2019-09-25 12:06:57,543 [Datanode State Machine Thread - 0] INFO  server.GrpcService (GrpcService.java:startImpl(158)) - 994e134d-9492-4c05-a584-6f6f537d8ad3: GrpcService started, listening on 0.0.0.0/0.0.0.0:46064
2019-09-25 12:06:57,543 [Datanode State Machine Thread - 0] INFO  ratis.XceiverServerRatis (XceiverServerRatis.java:start(421)) - XceiverServerRatis 994e134d-9492-4c05-a584-6f6f537d8ad3 is started using port 46064
2019-09-25 12:06:57,543 [Datanode State Machine Thread - 0] INFO  server.XceiverServerGrpc (XceiverServerGrpc.java:start(149)) - XceiverServerGrpc 994e134d-9492-4c05-a584-6f6f537d8ad3 is started using port 37386
2019-09-25 12:06:57,613 [Datanode State Machine Thread - 0] INFO  ozoneimpl.OzoneContainer (OzoneContainer.java:start(217)) - Attempting to start container services.
2019-09-25 12:06:57,613 [Datanode State Machine Thread - 0] INFO  ozoneimpl.OzoneContainer (OzoneContainer.java:startContainerScrub(179)) - Background container scanner has been disabled.
2019-09-25 12:06:57,613 [Datanode State Machine Thread - 0] INFO  ratis.XceiverServerRatis (XceiverServerRatis.java:start(411)) - Starting XceiverServerRatis a18b28f5-0b39-4e24-a9bc-e0bed51b7d30 at port 0
2019-09-25 12:06:57,623 [Datanode State Machine Thread - 0] INFO  impl.RaftServerProxy (RaftServerProxy.java:lambda$start$3(299)) - a18b28f5-0b39-4e24-a9bc-e0bed51b7d30: start RPC server
2019-09-25 12:06:57,628 [Datanode State Machine Thread - 0] INFO  server.GrpcService (GrpcService.java:startImpl(158)) - a18b28f5-0b39-4e24-a9bc-e0bed51b7d30: GrpcService started, listening on 0.0.0.0/0.0.0.0:44690
2019-09-25 12:06:57,628 [Datanode State Machine Thread - 0] INFO  ratis.XceiverServerRatis (XceiverServerRatis.java:start(421)) - XceiverServerRatis a18b28f5-0b39-4e24-a9bc-e0bed51b7d30 is started using port 44690
2019-09-25 12:06:57,628 [Datanode State Machine Thread - 0] INFO  server.XceiverServerGrpc (XceiverServerGrpc.java:start(149)) - XceiverServerGrpc a18b28f5-0b39-4e24-a9bc-e0bed51b7d30 is started using port 36078
2019-09-25 12:06:57,713 [Datanode State Machine Thread - 0] INFO  ozoneimpl.OzoneContainer (OzoneContainer.java:start(217)) - Attempting to start container services.
2019-09-25 12:06:57,714 [Datanode State Machine Thread - 0] INFO  ozoneimpl.OzoneContainer (OzoneContainer.java:startContainerScrub(179)) - Background container scanner has been disabled.
2019-09-25 12:06:57,714 [Datanode State Machine Thread - 0] INFO  ratis.XceiverServerRatis (XceiverServerRatis.java:start(411)) - Starting XceiverServerRatis f4c1a9a1-2d51-404c-8ce9-40a1851b7a0b at port 0
2019-09-25 12:06:57,723 [Datanode State Machine Thread - 0] INFO  impl.RaftServerProxy (RaftServerProxy.java:lambda$start$3(299)) - f4c1a9a1-2d51-404c-8ce9-40a1851b7a0b: start RPC server
2019-09-25 12:06:57,724 [Datanode State Machine Thread - 0] INFO  server.GrpcService (GrpcService.java:startImpl(158)) - f4c1a9a1-2d51-404c-8ce9-40a1851b7a0b: GrpcService started, listening on 0.0.0.0/0.0.0.0:39166
2019-09-25 12:06:57,724 [Datanode State Machine Thread - 0] INFO  ratis.XceiverServerRatis (XceiverServerRatis.java:start(421)) - XceiverServerRatis f4c1a9a1-2d51-404c-8ce9-40a1851b7a0b is started using port 39166
2019-09-25 12:06:57,724 [Datanode State Machine Thread - 0] INFO  server.XceiverServerGrpc (XceiverServerGrpc.java:start(149)) - XceiverServerGrpc f4c1a9a1-2d51-404c-8ce9-40a1851b7a0b is started using port 44217
2019-09-25 12:06:57,761 [main] INFO  ozone.MiniOzoneClusterImpl (MiniOzoneClusterImpl.java:lambda$waitForClusterToBeReady$0(147)) - Waiting for cluster to be ready. Got 0 of 7 DN Heartbeats.
2019-09-25 12:06:57,774 [Datanode State Machine Thread - 0] INFO  ozoneimpl.OzoneContainer (OzoneContainer.java:start(217)) - Attempting to start container services.
2019-09-25 12:06:57,774 [Datanode State Machine Thread - 0] INFO  ozoneimpl.OzoneContainer (OzoneContainer.java:startContainerScrub(179)) - Background container scanner has been disabled.
2019-09-25 12:06:57,774 [Datanode State Machine Thread - 0] INFO  ratis.XceiverServerRatis (XceiverServerRatis.java:start(411)) - Starting XceiverServerRatis ab153cfe-456a-45f5-b16c-7616a9ae7eb2 at port 0
2019-09-25 12:06:57,784 [Datanode State Machine Thread - 0] INFO  impl.RaftServerProxy (RaftServerProxy.java:lambda$start$3(299)) - ab153cfe-456a-45f5-b16c-7616a9ae7eb2: start RPC server
2019-09-25 12:06:57,791 [Datanode State Machine Thread - 0] INFO  server.GrpcService (GrpcService.java:startImpl(158)) - ab153cfe-456a-45f5-b16c-7616a9ae7eb2: GrpcService started, listening on 0.0.0.0/0.0.0.0:37661
2019-09-25 12:06:57,791 [Datanode State Machine Thread - 0] INFO  ratis.XceiverServerRatis (XceiverServerRatis.java:start(421)) - XceiverServerRatis ab153cfe-456a-45f5-b16c-7616a9ae7eb2 is started using port 37661
2019-09-25 12:06:57,792 [Datanode State Machine Thread - 0] INFO  server.XceiverServerGrpc (XceiverServerGrpc.java:start(149)) - XceiverServerGrpc ab153cfe-456a-45f5-b16c-7616a9ae7eb2 is started using port 45736
2019-09-25 12:06:58,762 [main] INFO  ozone.MiniOzoneClusterImpl (MiniOzoneClusterImpl.java:lambda$waitForClusterToBeReady$0(147)) - Waiting for cluster to be ready. Got 0 of 7 DN Heartbeats.
2019-09-25 12:06:59,249 [IPC Server handler 4 on 34190] INFO  net.NetworkTopology (NetworkTopologyImpl.java:add(111)) - Added a new node: /default-rack/0b7c031f-92f6-4780-87e9-d12f3b75deed
2019-09-25 12:06:59,252 [IPC Server handler 4 on 34190] INFO  node.SCMNodeManager (SCMNodeManager.java:register(266)) - Registered Data node : 0b7c031f-92f6-4780-87e9-d12f3b75deed{ip: 192.168.151.73, host: pr-hdds-1569-shd4m-3693607622, networkLocation: /default-rack, certSerialId: null}
2019-09-25 12:06:59,253 [EventQueue-NodeRegistrationContainerReportForDataNodeSafeModeRule] INFO  safemode.SCMSafeModeManager (DataNodeSafeModeRule.java:process(71)) - SCM in safe mode. 1 DataNodes registered, 1 required.
2019-09-25 12:06:59,256 [EventQueue-NodeRegistrationContainerReportForDataNodeSafeModeRule] INFO  safemode.SCMSafeModeManager (SCMSafeModeManager.java:validateSafeModeExitRules(177)) - ScmSafeModeManager, all rules are successfully validated
2019-09-25 12:06:59,256 [EventQueue-NodeRegistrationContainerReportForDataNodeSafeModeRule] INFO  safemode.SCMSafeModeManager (SCMSafeModeManager.java:exitSafeMode(193)) - SCM exiting safe mode.
2019-09-25 12:06:59,263 [grpc-default-executor-1] INFO  impl.RaftServerProxy (RaftServerProxy.java:addNew(89)) - 0b7c031f-92f6-4780-87e9-d12f3b75deed: addNew group-88EDF54F846B:[0b7c031f-92f6-4780-87e9-d12f3b75deed:192.168.151.73:38949] returns group-88EDF54F846B:java.util.concurrent.CompletableFuture@15d2e6d4[Not completed]
2019-09-25 12:06:59,264 [pool-673-thread-1] INFO  impl.RaftServerImpl (RaftServerImpl.java:<init>(95)) - 0b7c031f-92f6-4780-87e9-d12f3b75deed: new RaftServerImpl for group-88EDF54F846B:[0b7c031f-92f6-4780-87e9-d12f3b75deed:192.168.151.73:38949] with ContainerStateMachine:uninitialized
2019-09-25 12:06:59,264 [pool-673-thread-1] INFO  server.RaftServerConfigKeys (ConfUtils.java:logGet(43)) - raft.server.rpc.timeout.min = 5s (custom)
2019-09-25 12:06:59,264 [pool-673-thread-1] INFO  server.RaftServerConfigKeys (ConfUtils.java:logGet(43)) - raft.server.rpc.timeout.max = 5200ms (custom)
2019-09-25 12:06:59,264 [pool-673-thread-1] INFO  server.RaftServerConfigKeys (ConfUtils.java:logGet(43)) - raft.server.rpcslowness.timeout = 120s (custom)
2019-09-25 12:06:59,264 [pool-673-thread-1] INFO  server.RaftServerConfigKeys (ConfUtils.java:logGet(43)) - raft.server.sleep.deviation.threshold = 300 (default)
2019-09-25 12:06:59,264 [pool-673-thread-1] INFO  server.RaftServerConfigKeys (ConfUtils.java:logGet(43)) - raft.server.log.appender.install.snapshot.enabled = false (custom)
2019-09-25 12:06:59,265 [pool-673-thread-1] INFO  impl.RaftServerImpl (ServerState.java:<init>(103)) - 0b7c031f-92f6-4780-87e9-d12f3b75deed@group-88EDF54F846B: ConfigurationManager, init=-1: [0b7c031f-92f6-4780-87e9-d12f3b75deed:192.168.151.73:38949], old=null, confs=<EMPTY_MAP>
2019-09-25 12:06:59,265 [pool-673-thread-1] INFO  server.RaftServerConfigKeys (ConfUtils.java:logGet(43)) - raft.server.storage.dir = [/workdir/hadoop-ozone/integration-test/target/test-dir/MiniOzoneClusterImpl-ed40a7f8-0b2f-4da3-bf53-40ad2b647f29/datanode-0/data/ratis] (custom)
2019-09-25 12:06:59,265 [pool-673-thread-1] INFO  storage.RaftStorageDirectory (RaftStorageDirectory.java:analyzeStorage(246)) - The storage directory /workdir/hadoop-ozone/integration-test/target/test-dir/MiniOzoneClusterImpl-ed40a7f8-0b2f-4da3-bf53-40ad2b647f29/datanode-0/data/ratis/b42495c4-2bf0-4ca0-8a76-88edf54f846b does not exist. Creating ...
2019-09-25 12:06:59,279 [pool-673-thread-1] INFO  storage.RaftStorageDirectory (RaftStorageDirectory.java:tryLock(328)) - Lock on /workdir/hadoop-ozone/integration-test/target/test-dir/MiniOzoneClusterImpl-ed40a7f8-0b2f-4da3-bf53-40ad2b647f29/datanode-0/data/ratis/b42495c4-2bf0-4ca0-8a76-88edf54f846b/in_use.lock acquired by nodename 24979@pr-hdds-1569-shd4m-3693607622
2019-09-25 12:06:59,291 [pool-673-thread-1] INFO  storage.RaftStorage (RaftStorage.java:format(72)) - Storage directory /workdir/hadoop-ozone/integration-test/target/test-dir/MiniOzoneClusterImpl-ed40a7f8-0b2f-4da3-bf53-40ad2b647f29/datanode-0/data/ratis/b42495c4-2bf0-4ca0-8a76-88edf54f846b has been successfully formatted.
2019-09-25 12:06:59,292 [pool-673-thread-1] INFO  ratis.ContainerStateMachine (ContainerStateMachine.java:loadSnapshot(230)) - group-88EDF54F846B: The snapshot info is null. Setting the last applied indexto:(t:0, i:~)
2019-09-25 12:06:59,292 [pool-673-thread-1] INFO  server.RaftServerConfigKeys (ConfUtils.java:logGet(43)) - raft.server.notification.no-leader.timeout = 120s (custom)
2019-09-25 12:06:59,292 [pool-673-thread-1] INFO  server.RaftServerConfigKeys (ConfUtils.java:logGet(43)) - raft.server.log.use.memory = false (default)
2019-09-25 12:06:59,292 [pool-673-thread-1] INFO  server.RaftServerConfigKeys (ConfUtils.java:logGet(43)) - raft.server.log.purge.gap = 1000000 (custom)
2019-09-25 12:06:59,292 [pool-673-thread-1] INFO  server.RaftServerConfigKeys (ConfUtils.java:logGet(43)) - raft.server.log.appender.buffer.byte-limit = 33554432 (custom)
2019-09-25 12:06:59,292 [pool-673-thread-1] INFO  server.RaftServerConfigKeys (ConfUtils.java:logGet(43)) - raft.server.log.segment.size.max = 1048576 (custom)
2019-09-25 12:06:59,292 [pool-673-thread-1] INFO  server.RaftServerConfigKeys (ConfUtils.java:logGet(43)) - raft.server.log.segment.cache.num.max = 2 (custom)
2019-09-25 12:06:59,292 [pool-673-thread-1] INFO  segmented.SegmentedRaftLogWorker (SegmentedRaftLogWorker.java:<init>(172)) - new 0b7c031f-92f6-4780-87e9-d12f3b75deed@group-88EDF54F846B-SegmentedRaftLogWorker for RaftStorage:Storage Directory /workdir/hadoop-ozone/integration-test/target/test-dir/MiniOzoneClusterImpl-ed40a7f8-0b2f-4da3-bf53-40ad2b647f29/datanode-0/data/ratis/b42495c4-2bf0-4ca0-8a76-88edf54f846b
2019-09-25 12:06:59,294 [pool-673-thread-1] INFO  server.RaftServerConfigKeys (ConfUtils.java:logGet(43)) - raft.server.log.queue.byte-limit = 2147483647 (custom)
2019-09-25 12:06:59,294 [pool-673-thread-1] INFO  server.RaftServerConfigKeys (ConfUtils.java:logGet(43)) - raft.server.log.queue.element-limit = 1024 (custom)
2019-09-25 12:06:59,294 [pool-673-thread-1] INFO  server.RaftServerConfigKeys (ConfUtils.java:logGet(43)) - raft.server.log.segment.size.max = 1048576 (custom)
2019-09-25 12:06:59,294 [pool-673-thread-1] INFO  server.RaftServerConfigKeys (ConfUtils.java:logGet(43)) - raft.server.log.preallocated.size = 16384 (custom)
2019-09-25 12:06:59,294 [pool-673-thread-1] INFO  server.RaftServerConfigKeys (ConfUtils.java:logGet(43)) - raft.server.log.write.buffer.size = 33554432 (custom)
2019-09-25 12:06:59,294 [pool-673-thread-1] INFO  server.RaftServerConfigKeys (ConfUtils.java:logGet(43)) - raft.server.log.force.sync.num = 128 (default)
2019-09-25 12:06:59,295 [pool-673-thread-1] INFO  server.RaftServerConfigKeys (ConfUtils.java:logGet(43)) - raft.server.log.statemachine.data.sync = true (default)
2019-09-25 12:06:59,295 [pool-673-thread-1] INFO  server.RaftServerConfigKeys (ConfUtils.java:logGet(43)) - raft.server.log.statemachine.data.sync.timeout = 10s (default)
2019-09-25 12:06:59,295 [pool-673-thread-1] INFO  server.RaftServerConfigKeys (ConfUtils.java:logGet(43)) - raft.server.log.statemachine.data.sync.timeout.retry = -1 (default)
2019-09-25 12:06:59,295 [pool-673-thread-1] INFO  server.RaftServerConfigKeys (ConfUtils.java:logGet(43)) - raft.server.log.statemachine.data.caching.enabled = true (custom)
2019-09-25 12:06:59,295 [pool-673-thread-1] INFO  segmented.SegmentedRaftLogWorker (SegmentedRaftLogWorker.java:lambda$new$0(132)) - 0b7c031f-92f6-4780-87e9-d12f3b75deed@group-88EDF54F846B-SegmentedRaftLogWorker: flushIndex: setUnconditionally 0 -> -1
2019-09-25 12:06:59,295 [pool-673-thread-1] INFO  server.RaftServerConfigKeys (ConfUtils.java:logGet(43)) - raft.server.snapshot.auto.trigger.enabled = true (custom)
2019-09-25 12:06:59,296 [pool-673-thread-1] INFO  server.RaftServerConfigKeys (ConfUtils.java:logGet(43)) - raft.server.snapshot.auto.trigger.threshold = 10000 (custom)
2019-09-25 12:06:59,296 [pool-673-thread-1] INFO  server.RaftServerConfigKeys (ConfUtils.java:logGet(43)) - raft.server.snapshot.retention.num.files = 5 (custom)
2019-09-25 12:06:59,296 [pool-673-thread-1] INFO  server.RaftServerConfigKeys (ConfUtils.java:logGet(43)) - raft.server.retrycache.expirytime = 600000ms (custom)
2019-09-25 12:06:59,297 [pool-673-thread-1] INFO  impl.RaftServerImpl (RaftServerImpl.java:start(185)) - 0b7c031f-92f6-4780-87e9-d12f3b75deed@group-88EDF54F846B: start as a follower, conf=-1: [0b7c031f-92f6-4780-87e9-d12f3b75deed:192.168.151.73:38949], old=null
2019-09-25 12:06:59,297 [pool-673-thread-1] INFO  impl.RaftServerImpl (RaftServerImpl.java:setRole(174)) - 0b7c031f-92f6-4780-87e9-d12f3b75deed@group-88EDF54F846B: changes role from      null to FOLLOWER at term 0 for startAsFollower
2019-09-25 12:06:59,297 [pool-673-thread-1] INFO  impl.RoleInfo (RoleInfo.java:updateAndGet(143)) - 0b7c031f-92f6-4780-87e9-d12f3b75deed: start FollowerState
2019-09-25 12:06:59,298 [pool-673-thread-1] INFO  util.JmxRegister (JmxRegister.java:tryRegister(44)) - Successfully registered JMX Bean with object name Ratis:service=RaftServer,group=group-88EDF54F846B,id=0b7c031f-92f6-4780-87e9-d12f3b75deed
2019-09-25 12:06:59,300 [RatisPipelineUtilsThread] INFO  pipeline.PipelineStateManager (PipelineStateManager.java:addPipeline(56)) - Created pipeline Pipeline[ Id: b42495c4-2bf0-4ca0-8a76-88edf54f846b, Nodes: 0b7c031f-92f6-4780-87e9-d12f3b75deed{ip: 192.168.151.73, host: pr-hdds-1569-shd4m-3693607622, networkLocation: /default-rack, certSerialId: null}, Type:RATIS, Factor:ONE, State:OPEN]
2019-09-25 12:06:59,303 [grpc-default-executor-1] INFO  impl.RaftServerProxy (RaftServerProxy.java:addNew(89)) - 0b7c031f-92f6-4780-87e9-d12f3b75deed: addNew group-9767C1E85BEC:[0b7c031f-92f6-4780-87e9-d12f3b75deed:192.168.151.73:38949] returns group-9767C1E85BEC:java.util.concurrent.CompletableFuture@28e0733a[Not completed]
2019-09-25 12:06:59,303 [pool-673-thread-1] INFO  impl.RaftServerImpl (RaftServerImpl.java:<init>(95)) - 0b7c031f-92f6-4780-87e9-d12f3b75deed: new RaftServerImpl for group-9767C1E85BEC:[0b7c031f-92f6-4780-87e9-d12f3b75deed:192.168.151.73:38949] with ContainerStateMachine:uninitialized
2019-09-25 12:06:59,304 [pool-673-thread-1] INFO  server.RaftServerConfigKeys (ConfUtils.java:logGet(43)) - raft.server.rpc.timeout.min = 5s (custom)
2019-09-25 12:06:59,304 [pool-673-thread-1] INFO  server.RaftServerConfigKeys (ConfUtils.java:logGet(43)) - raft.server.rpc.timeout.max = 5200ms (custom)
2019-09-25 12:06:59,304 [pool-673-thread-1] INFO  server.RaftServerConfigKeys (ConfUtils.java:logGet(43)) - raft.server.rpcslowness.timeout = 120s (custom)
2019-09-25 12:06:59,304 [pool-673-thread-1] INFO  server.RaftServerConfigKeys (ConfUtils.java:logGet(43)) - raft.server.sleep.deviation.threshold = 300 (default)
2019-09-25 12:06:59,304 [pool-673-thread-1] INFO  server.RaftServerConfigKeys (ConfUtils.java:logGet(43)) - raft.server.log.appender.install.snapshot.enabled = false (custom)
2019-09-25 12:06:59,304 [pool-673-thread-1] INFO  impl.RaftServerImpl (ServerState.java:<init>(103)) - 0b7c031f-92f6-4780-87e9-d12f3b75deed@group-9767C1E85BEC: ConfigurationManager, init=-1: [0b7c031f-92f6-4780-87e9-d12f3b75deed:192.168.151.73:38949], old=null, confs=<EMPTY_MAP>
2019-09-25 12:06:59,304 [pool-673-thread-1] INFO  server.RaftServerConfigKeys (ConfUtils.java:logGet(43)) - raft.server.storage.dir = [/workdir/hadoop-ozone/integration-test/target/test-dir/MiniOzoneClusterImpl-ed40a7f8-0b2f-4da3-bf53-40ad2b647f29/datanode-0/data/ratis] (custom)
2019-09-25 12:06:59,304 [pool-673-thread-1] INFO  storage.RaftStorageDirectory (RaftStorageDirectory.java:analyzeStorage(246)) - The storage directory /workdir/hadoop-ozone/integration-test/target/test-dir/MiniOzoneClusterImpl-ed40a7f8-0b2f-4da3-bf53-40ad2b647f29/datanode-0/data/ratis/089d0580-863e-4daf-a47b-9767c1e85bec does not exist. Creating ...
2019-09-25 12:06:59,317 [pool-673-thread-1] INFO  storage.RaftStorageDirectory (RaftStorageDirectory.java:tryLock(328)) - Lock on /workdir/hadoop-ozone/integration-test/target/test-dir/MiniOzoneClusterImpl-ed40a7f8-0b2f-4da3-bf53-40ad2b647f29/datanode-0/data/ratis/089d0580-863e-4daf-a47b-9767c1e85bec/in_use.lock acquired by nodename 24979@pr-hdds-1569-shd4m-3693607622
2019-09-25 12:06:59,327 [IPC Server handler 7 on 34190] INFO  net.NetworkTopology (NetworkTopologyImpl.java:add(111)) - Added a new node: /default-rack/f003a614-b318-424e-95ab-7ad6d1c0d2e6
2019-09-25 12:06:59,327 [IPC Server handler 7 on 34190] INFO  node.SCMNodeManager (SCMNodeManager.java:register(266)) - Registered Data node : f003a614-b318-424e-95ab-7ad6d1c0d2e6{ip: 192.168.151.73, host: pr-hdds-1569-shd4m-3693607622, networkLocation: /default-rack, certSerialId: null}
2019-09-25 12:06:59,330 [pool-673-thread-1] INFO  storage.RaftStorage (RaftStorage.java:format(72)) - Storage directory /workdir/hadoop-ozone/integration-test/target/test-dir/MiniOzoneClusterImpl-ed40a7f8-0b2f-4da3-bf53-40ad2b647f29/datanode-0/data/ratis/089d0580-863e-4daf-a47b-9767c1e85bec has been successfully formatted.
2019-09-25 12:06:59,330 [pool-673-thread-1] INFO  ratis.ContainerStateMachine (ContainerStateMachine.java:loadSnapshot(230)) - group-9767C1E85BEC: The snapshot info is null. Setting the last applied indexto:(t:0, i:~)
2019-09-25 12:06:59,330 [pool-673-thread-1] INFO  server.RaftServerConfigKeys (ConfUtils.java:logGet(43)) - raft.server.notification.no-leader.timeout = 120s (custom)
2019-09-25 12:06:59,330 [pool-673-thread-1] INFO  server.RaftServerConfigKeys (ConfUtils.java:logGet(43)) - raft.server.log.use.memory = false (default)
2019-09-25 12:06:59,330 [pool-673-thread-1] INFO  server.RaftServerConfigKeys (ConfUtils.java:logGet(43)) - raft.server.log.purge.gap = 1000000 (custom)
2019-09-25 12:06:59,331 [pool-673-thread-1] INFO  server.RaftServerConfigKeys (ConfUtils.java:logGet(43)) - raft.server.log.appender.buffer.byte-limit = 33554432 (custom)
2019-09-25 12:06:59,331 [pool-673-thread-1] INFO  server.RaftServerConfigKeys (ConfUtils.java:logGet(43)) - raft.server.log.segment.size.max = 1048576 (custom)
2019-09-25 12:06:59,331 [pool-673-thread-1] INFO  server.RaftServerConfigKeys (ConfUtils.java:logGet(43)) - raft.server.log.segment.cache.num.max = 2 (custom)
2019-09-25 12:06:59,331 [pool-673-thread-1] INFO  segmented.SegmentedRaftLogWorker (SegmentedRaftLogWorker.java:<init>(172)) - new 0b7c031f-92f6-4780-87e9-d12f3b75deed@group-9767C1E85BEC-SegmentedRaftLogWorker for RaftStorage:Storage Directory /workdir/hadoop-ozone/integration-test/target/test-dir/MiniOzoneClusterImpl-ed40a7f8-0b2f-4da3-bf53-40ad2b647f29/datanode-0/data/ratis/089d0580-863e-4daf-a47b-9767c1e85bec
2019-09-25 12:06:59,331 [pool-673-thread-1] INFO  server.RaftServerConfigKeys (ConfUtils.java:logGet(43)) - raft.server.log.queue.byte-limit = 2147483647 (custom)
2019-09-25 12:06:59,331 [pool-673-thread-1] INFO  server.RaftServerConfigKeys (ConfUtils.java:logGet(43)) - raft.server.log.queue.element-limit = 1024 (custom)
2019-09-25 12:06:59,331 [pool-673-thread-1] INFO  server.RaftServerConfigKeys (ConfUtils.java:logGet(43)) - raft.server.log.segment.size.max = 1048576 (custom)
2019-09-25 12:06:59,331 [pool-673-thread-1] INFO  server.RaftServerConfigKeys (ConfUtils.java:logGet(43)) - raft.server.log.preallocated.size = 16384 (custom)
2019-09-25 12:06:59,331 [pool-673-thread-1] INFO  server.RaftServerConfigKeys (ConfUtils.java:logGet(43)) - raft.server.log.write.buffer.size = 33554432 (custom)
2019-09-25 12:06:59,331 [pool-673-thread-1] INFO  server.RaftServerConfigKeys (ConfUtils.java:logGet(43)) - raft.server.log.force.sync.num = 128 (default)
2019-09-25 12:06:59,332 [pool-673-thread-1] INFO  server.RaftServerConfigKeys (ConfUtils.java:logGet(43)) - raft.server.log.statemachine.data.sync = true (default)
2019-09-25 12:06:59,332 [pool-673-thread-1] INFO  server.RaftServerConfigKeys (ConfUtils.java:logGet(43)) - raft.server.log.statemachine.data.sync.timeout = 10s (default)
2019-09-25 12:06:59,332 [pool-673-thread-1] INFO  server.RaftServerConfigKeys (ConfUtils.java:logGet(43)) - raft.server.log.statemachine.data.sync.timeout.retry = -1 (default)
2019-09-25 12:06:59,332 [pool-673-thread-1] INFO  server.RaftServerConfigKeys (ConfUtils.java:logGet(43)) - raft.server.log.statemachine.data.caching.enabled = true (custom)
2019-09-25 12:06:59,332 [pool-673-thread-1] INFO  segmented.SegmentedRaftLogWorker (SegmentedRaftLogWorker.java:lambda$new$0(132)) - 0b7c031f-92f6-4780-87e9-d12f3b75deed@group-9767C1E85BEC-SegmentedRaftLogWorker: flushIndex: setUnconditionally 0 -> -1
2019-09-25 12:06:59,332 [pool-673-thread-1] INFO  server.RaftServerConfigKeys (ConfUtils.java:logGet(43)) - raft.server.snapshot.auto.trigger.enabled = true (custom)
2019-09-25 12:06:59,333 [pool-673-thread-1] INFO  server.RaftServerConfigKeys (ConfUtils.java:logGet(43)) - raft.server.snapshot.auto.trigger.threshold = 10000 (custom)
2019-09-25 12:06:59,333 [pool-673-thread-1] INFO  server.RaftServerConfigKeys (ConfUtils.java:logGet(43)) - raft.server.snapshot.retention.num.files = 5 (custom)
2019-09-25 12:06:59,333 [pool-673-thread-1] INFO  server.RaftServerConfigKeys (ConfUtils.java:logGet(43)) - raft.server.retrycache.expirytime = 600000ms (custom)
2019-09-25 12:06:59,334 [pool-673-thread-1] INFO  impl.RaftServerImpl (RaftServerImpl.java:start(185)) - 0b7c031f-92f6-4780-87e9-d12f3b75deed@group-9767C1E85BEC: start as a follower, conf=-1: [0b7c031f-92f6-4780-87e9-d12f3b75deed:192.168.151.73:38949], old=null
2019-09-25 12:06:59,334 [pool-673-thread-1] INFO  impl.RaftServerImpl (RaftServerImpl.java:setRole(174)) - 0b7c031f-92f6-4780-87e9-d12f3b75deed@group-9767C1E85BEC: changes role from      null to FOLLOWER at term 0 for startAsFollower
2019-09-25 12:06:59,334 [pool-673-thread-1] INFO  impl.RoleInfo (RoleInfo.java:updateAndGet(143)) - 0b7c031f-92f6-4780-87e9-d12f3b75deed: start FollowerState
2019-09-25 12:06:59,334 [pool-673-thread-1] INFO  util.JmxRegister (JmxRegister.java:tryRegister(44)) - Successfully registered JMX Bean with object name Ratis:service=RaftServer,group=group-9767C1E85BEC,id=0b7c031f-92f6-4780-87e9-d12f3b75deed
2019-09-25 12:06:59,336 [RatisPipelineUtilsThread] INFO  pipeline.PipelineStateManager (PipelineStateManager.java:addPipeline(56)) - Created pipeline Pipeline[ Id: 089d0580-863e-4daf-a47b-9767c1e85bec, Nodes: 0b7c031f-92f6-4780-87e9-d12f3b75deed{ip: 192.168.151.73, host: pr-hdds-1569-shd4m-3693607622, networkLocation: /default-rack, certSerialId: null}, Type:RATIS, Factor:ONE, State:OPEN]
2019-09-25 12:06:59,339 [grpc-default-executor-1] INFO  impl.RaftServerProxy (RaftServerProxy.java:addNew(89)) - 0b7c031f-92f6-4780-87e9-d12f3b75deed: addNew group-0399EEBDBB36:[0b7c031f-92f6-4780-87e9-d12f3b75deed:192.168.151.73:38949] returns group-0399EEBDBB36:java.util.concurrent.CompletableFuture@6e6b4ab3[Not completed]
2019-09-25 12:06:59,340 [pool-673-thread-1] INFO  impl.RaftServerImpl (RaftServerImpl.java:<init>(95)) - 0b7c031f-92f6-4780-87e9-d12f3b75deed: new RaftServerImpl for group-0399EEBDBB36:[0b7c031f-92f6-4780-87e9-d12f3b75deed:192.168.151.73:38949] with ContainerStateMachine:uninitialized
2019-09-25 12:06:59,340 [pool-673-thread-1] INFO  server.RaftServerConfigKeys (ConfUtils.java:logGet(43)) - raft.server.rpc.timeout.min = 5s (custom)
2019-09-25 12:06:59,340 [pool-673-thread-1] INFO  server.RaftServerConfigKeys (ConfUtils.java:logGet(43)) - raft.server.rpc.timeout.max = 5200ms (custom)
2019-09-25 12:06:59,340 [pool-673-thread-1] INFO  server.RaftServerConfigKeys (ConfUtils.java:logGet(43)) - raft.server.rpcslowness.timeout = 120s (custom)
2019-09-25 12:06:59,340 [pool-673-thread-1] INFO  server.RaftServerConfigKeys (ConfUtils.java:logGet(43)) - raft.server.sleep.deviation.threshold = 300 (default)
2019-09-25 12:06:59,340 [pool-673-thread-1] INFO  server.RaftServerConfigKeys (ConfUtils.java:logGet(43)) - raft.server.log.appender.install.snapshot.enabled = false (custom)
2019-09-25 12:06:59,340 [pool-673-thread-1] INFO  impl.RaftServerImpl (ServerState.java:<init>(103)) - 0b7c031f-92f6-4780-87e9-d12f3b75deed@group-0399EEBDBB36: ConfigurationManager, init=-1: [0b7c031f-92f6-4780-87e9-d12f3b75deed:192.168.151.73:38949], old=null, confs=<EMPTY_MAP>
2019-09-25 12:06:59,341 [pool-673-thread-1] INFO  server.RaftServerConfigKeys (ConfUtils.java:logGet(43)) - raft.server.storage.dir = [/workdir/hadoop-ozone/integration-test/target/test-dir/MiniOzoneClusterImpl-ed40a7f8-0b2f-4da3-bf53-40ad2b647f29/datanode-0/data/ratis] (custom)
2019-09-25 12:06:59,341 [pool-673-thread-1] INFO  storage.RaftStorageDirectory (RaftStorageDirectory.java:analyzeStorage(246)) - The storage directory /workdir/hadoop-ozone/integration-test/target/test-dir/MiniOzoneClusterImpl-ed40a7f8-0b2f-4da3-bf53-40ad2b647f29/datanode-0/data/ratis/380f3cb0-457f-477d-8fce-0399eebdbb36 does not exist. Creating ...
2019-09-25 12:06:59,353 [pool-673-thread-1] INFO  storage.RaftStorageDirectory (RaftStorageDirectory.java:tryLock(328)) - Lock on /workdir/hadoop-ozone/integration-test/target/test-dir/MiniOzoneClusterImpl-ed40a7f8-0b2f-4da3-bf53-40ad2b647f29/datanode-0/data/ratis/380f3cb0-457f-477d-8fce-0399eebdbb36/in_use.lock acquired by nodename 24979@pr-hdds-1569-shd4m-3693607622
2019-09-25 12:06:59,371 [pool-673-thread-1] INFO  storage.RaftStorage (RaftStorage.java:format(72)) - Storage directory /workdir/hadoop-ozone/integration-test/target/test-dir/MiniOzoneClusterImpl-ed40a7f8-0b2f-4da3-bf53-40ad2b647f29/datanode-0/data/ratis/380f3cb0-457f-477d-8fce-0399eebdbb36 has been successfully formatted.
2019-09-25 12:06:59,371 [pool-673-thread-1] INFO  ratis.ContainerStateMachine (ContainerStateMachine.java:loadSnapshot(230)) - group-0399EEBDBB36: The snapshot info is null. Setting the last applied indexto:(t:0, i:~)
2019-09-25 12:06:59,371 [pool-673-thread-1] INFO  server.RaftServerConfigKeys (ConfUtils.java:logGet(43)) - raft.server.notification.no-leader.timeout = 120s (custom)
2019-09-25 12:06:59,372 [pool-673-thread-1] INFO  server.RaftServerConfigKeys (ConfUtils.java:logGet(43)) - raft.server.log.use.memory = false (default)
2019-09-25 12:06:59,372 [pool-673-thread-1] INFO  server.RaftServerConfigKeys (ConfUtils.java:logGet(43)) - raft.server.log.purge.gap = 1000000 (custom)
2019-09-25 12:06:59,372 [pool-673-thread-1] INFO  server.RaftServerConfigKeys (ConfUtils.java:logGet(43)) - raft.server.log.appender.buffer.byte-limit = 33554432 (custom)
2019-09-25 12:06:59,372 [pool-673-thread-1] INFO  server.RaftServerConfigKeys (ConfUtils.java:logGet(43)) - raft.server.log.segment.size.max = 1048576 (custom)
2019-09-25 12:06:59,372 [pool-673-thread-1] INFO  server.RaftServerConfigKeys (ConfUtils.java:logGet(43)) - raft.server.log.segment.cache.num.max = 2 (custom)
2019-09-25 12:06:59,372 [pool-673-thread-1] INFO  segmented.SegmentedRaftLogWorker (SegmentedRaftLogWorker.java:<init>(172)) - new 0b7c031f-92f6-4780-87e9-d12f3b75deed@group-0399EEBDBB36-SegmentedRaftLogWorker for RaftStorage:Storage Directory /workdir/hadoop-ozone/integration-test/target/test-dir/MiniOzoneClusterImpl-ed40a7f8-0b2f-4da3-bf53-40ad2b647f29/datanode-0/data/ratis/380f3cb0-457f-477d-8fce-0399eebdbb36
2019-09-25 12:06:59,372 [pool-673-thread-1] INFO  server.RaftServerConfigKeys (ConfUtils.java:logGet(43)) - raft.server.log.queue.byte-limit = 2147483647 (custom)
2019-09-25 12:06:59,372 [pool-673-thread-1] INFO  server.RaftServerConfigKeys (ConfUtils.java:logGet(43)) - raft.server.log.queue.element-limit = 1024 (custom)
2019-09-25 12:06:59,372 [pool-673-thread-1] INFO  server.RaftServerConfigKeys (ConfUtils.java:logGet(43)) - raft.server.log.segment.size.max = 1048576 (custom)
2019-09-25 12:06:59,372 [pool-673-thread-1] INFO  server.RaftServerConfigKeys (ConfUtils.java:logGet(43)) - raft.server.log.preallocated.size = 16384 (custom)
2019-09-25 12:06:59,373 [pool-673-thread-1] INFO  server.RaftServerConfigKeys (ConfUtils.java:logGet(43)) - raft.server.log.write.buffer.size = 33554432 (custom)
2019-09-25 12:06:59,373 [pool-673-thread-1] INFO  server.RaftServerConfigKeys (ConfUtils.java:logGet(43)) - raft.server.log.force.sync.num = 128 (default)
2019-09-25 12:06:59,373 [pool-673-thread-1] INFO  server.RaftServerConfigKeys (ConfUtils.java:logGet(43)) - raft.server.log.statemachine.data.sync = true (default)
2019-09-25 12:06:59,373 [pool-673-thread-1] INFO  server.RaftServerConfigKeys (ConfUtils.java:logGet(43)) - raft.server.log.statemachine.data.sync.timeout = 10s (default)
2019-09-25 12:06:59,373 [pool-673-thread-1] INFO  server.RaftServerConfigKeys (ConfUtils.java:logGet(43)) - raft.server.log.statemachine.data.sync.timeout.retry = -1 (default)
2019-09-25 12:06:59,373 [pool-673-thread-1] INFO  server.RaftServerConfigKeys (ConfUtils.java:logGet(43)) - raft.server.log.statemachine.data.caching.enabled = true (custom)
2019-09-25 12:06:59,373 [pool-673-thread-1] INFO  segmented.SegmentedRaftLogWorker (SegmentedRaftLogWorker.java:lambda$new$0(132)) - 0b7c031f-92f6-4780-87e9-d12f3b75deed@group-0399EEBDBB36-SegmentedRaftLogWorker: flushIndex: setUnconditionally 0 -> -1
2019-09-25 12:06:59,374 [pool-673-thread-1] INFO  server.RaftServerConfigKeys (ConfUtils.java:logGet(43)) - raft.server.snapshot.auto.trigger.enabled = true (custom)
2019-09-25 12:06:59,374 [pool-673-thread-1] INFO  server.RaftServerConfigKeys (ConfUtils.java:logGet(43)) - raft.server.snapshot.auto.trigger.threshold = 10000 (custom)
2019-09-25 12:06:59,374 [pool-673-thread-1] INFO  server.RaftServerConfigKeys (ConfUtils.java:logGet(43)) - raft.server.snapshot.retention.num.files = 5 (custom)
2019-09-25 12:06:59,374 [pool-673-thread-1] INFO  server.RaftServerConfigKeys (ConfUtils.java:logGet(43)) - raft.server.retrycache.expirytime = 600000ms (custom)
2019-09-25 12:06:59,375 [pool-673-thread-1] INFO  impl.RaftServerImpl (RaftServerImpl.java:start(185)) - 0b7c031f-92f6-4780-87e9-d12f3b75deed@group-0399EEBDBB36: start as a follower, conf=-1: [0b7c031f-92f6-4780-87e9-d12f3b75deed:192.168.151.73:38949], old=null
2019-09-25 12:06:59,375 [pool-673-thread-1] INFO  impl.RaftServerImpl (RaftServerImpl.java:setRole(174)) - 0b7c031f-92f6-4780-87e9-d12f3b75deed@group-0399EEBDBB36: changes role from      null to FOLLOWER at term 0 for startAsFollower
2019-09-25 12:06:59,375 [pool-673-thread-1] INFO  impl.RoleInfo (RoleInfo.java:updateAndGet(143)) - 0b7c031f-92f6-4780-87e9-d12f3b75deed: start FollowerState
2019-09-25 12:06:59,375 [pool-673-thread-1] INFO  util.JmxRegister (JmxRegister.java:tryRegister(44)) - Successfully registered JMX Bean with object name Ratis:service=RaftServer,group=group-0399EEBDBB36,id=0b7c031f-92f6-4780-87e9-d12f3b75deed
2019-09-25 12:06:59,377 [RatisPipelineUtilsThread] INFO  pipeline.PipelineStateManager (PipelineStateManager.java:addPipeline(56)) - Created pipeline Pipeline[ Id: 380f3cb0-457f-477d-8fce-0399eebdbb36, Nodes: 0b7c031f-92f6-4780-87e9-d12f3b75deed{ip: 192.168.151.73, host: pr-hdds-1569-shd4m-3693607622, networkLocation: /default-rack, certSerialId: null}, Type:RATIS, Factor:ONE, State:OPEN]
2019-09-25 12:06:59,381 [grpc-default-executor-1] INFO  impl.RaftServerProxy (RaftServerProxy.java:addNew(89)) - 0b7c031f-92f6-4780-87e9-d12f3b75deed: addNew group-18EBEEFEEC61:[0b7c031f-92f6-4780-87e9-d12f3b75deed:192.168.151.73:38949] returns group-18EBEEFEEC61:java.util.concurrent.CompletableFuture@4c89d926[Not completed]
2019-09-25 12:06:59,381 [pool-673-thread-1] INFO  impl.RaftServerImpl (RaftServerImpl.java:<init>(95)) - 0b7c031f-92f6-4780-87e9-d12f3b75deed: new RaftServerImpl for group-18EBEEFEEC61:[0b7c031f-92f6-4780-87e9-d12f3b75deed:192.168.151.73:38949] with ContainerStateMachine:uninitialized
2019-09-25 12:06:59,382 [pool-673-thread-1] INFO  server.RaftServerConfigKeys (ConfUtils.java:logGet(43)) - raft.server.rpc.timeout.min = 5s (custom)
2019-09-25 12:06:59,382 [pool-673-thread-1] INFO  server.RaftServerConfigKeys (ConfUtils.java:logGet(43)) - raft.server.rpc.timeout.max = 5200ms (custom)
2019-09-25 12:06:59,382 [pool-673-thread-1] INFO  server.RaftServerConfigKeys (ConfUtils.java:logGet(43)) - raft.server.rpcslowness.timeout = 120s (custom)
2019-09-25 12:06:59,382 [pool-673-thread-1] INFO  server.RaftServerConfigKeys (ConfUtils.java:logGet(43)) - raft.server.sleep.deviation.threshold = 300 (default)
2019-09-25 12:06:59,382 [pool-673-thread-1] INFO  server.RaftServerConfigKeys (ConfUtils.java:logGet(43)) - raft.server.log.appender.install.snapshot.enabled = false (custom)
2019-09-25 12:06:59,382 [pool-673-thread-1] INFO  impl.RaftServerImpl (ServerState.java:<init>(103)) - 0b7c031f-92f6-4780-87e9-d12f3b75deed@group-18EBEEFEEC61: ConfigurationManager, init=-1: [0b7c031f-92f6-4780-87e9-d12f3b75deed:192.168.151.73:38949], old=null, confs=<EMPTY_MAP>
2019-09-25 12:06:59,382 [pool-673-thread-1] INFO  server.RaftServerConfigKeys (ConfUtils.java:logGet(43)) - raft.server.storage.dir = [/workdir/hadoop-ozone/integration-test/target/test-dir/MiniOzoneClusterImpl-ed40a7f8-0b2f-4da3-bf53-40ad2b647f29/datanode-0/data/ratis] (custom)
2019-09-25 12:06:59,382 [pool-673-thread-1] INFO  storage.RaftStorageDirectory (RaftStorageDirectory.java:analyzeStorage(246)) - The storage directory /workdir/hadoop-ozone/integration-test/target/test-dir/MiniOzoneClusterImpl-ed40a7f8-0b2f-4da3-bf53-40ad2b647f29/datanode-0/data/ratis/be44035f-06f0-43b0-9e1f-18ebeefeec61 does not exist. Creating ...
2019-09-25 12:06:59,397 [pool-673-thread-1] INFO  storage.RaftStorageDirectory (RaftStorageDirectory.java:tryLock(328)) - Lock on /workdir/hadoop-ozone/integration-test/target/test-dir/MiniOzoneClusterImpl-ed40a7f8-0b2f-4da3-bf53-40ad2b647f29/datanode-0/data/ratis/be44035f-06f0-43b0-9e1f-18ebeefeec61/in_use.lock acquired by nodename 24979@pr-hdds-1569-shd4m-3693607622
2019-09-25 12:06:59,409 [pool-673-thread-1] INFO  storage.RaftStorage (RaftStorage.java:format(72)) - Storage directory /workdir/hadoop-ozone/integration-test/target/test-dir/MiniOzoneClusterImpl-ed40a7f8-0b2f-4da3-bf53-40ad2b647f29/datanode-0/data/ratis/be44035f-06f0-43b0-9e1f-18ebeefeec61 has been successfully formatted.
2019-09-25 12:06:59,410 [pool-673-thread-1] INFO  ratis.ContainerStateMachine (ContainerStateMachine.java:loadSnapshot(230)) - group-18EBEEFEEC61: The snapshot info is null. Setting the last applied indexto:(t:0, i:~)
2019-09-25 12:06:59,410 [pool-673-thread-1] INFO  server.RaftServerConfigKeys (ConfUtils.java:logGet(43)) - raft.server.notification.no-leader.timeout = 120s (custom)
2019-09-25 12:06:59,410 [pool-673-thread-1] INFO  server.RaftServerConfigKeys (ConfUtils.java:logGet(43)) - raft.server.log.use.memory = false (default)
2019-09-25 12:06:59,410 [pool-673-thread-1] INFO  server.RaftServerConfigKeys (ConfUtils.java:logGet(43)) - raft.server.log.purge.gap = 1000000 (custom)
2019-09-25 12:06:59,410 [pool-673-thread-1] INFO  server.RaftServerConfigKeys (ConfUtils.java:logGet(43)) - raft.server.log.appender.buffer.byte-limit = 33554432 (custom)
2019-09-25 12:06:59,410 [pool-673-thread-1] INFO  server.RaftServerConfigKeys (ConfUtils.java:logGet(43)) - raft.server.log.segment.size.max = 1048576 (custom)
2019-09-25 12:06:59,410 [pool-673-thread-1] INFO  server.RaftServerConfigKeys (ConfUtils.java:logGet(43)) - raft.server.log.segment.cache.num.max = 2 (custom)
2019-09-25 12:06:59,411 [pool-673-thread-1] INFO  segmented.SegmentedRaftLogWorker (SegmentedRaftLogWorker.java:<init>(172)) - new 0b7c031f-92f6-4780-87e9-d12f3b75deed@group-18EBEEFEEC61-SegmentedRaftLogWorker for RaftStorage:Storage Directory /workdir/hadoop-ozone/integration-test/target/test-dir/MiniOzoneClusterImpl-ed40a7f8-0b2f-4da3-bf53-40ad2b647f29/datanode-0/data/ratis/be44035f-06f0-43b0-9e1f-18ebeefeec61
2019-09-25 12:06:59,411 [pool-673-thread-1] INFO  server.RaftServerConfigKeys (ConfUtils.java:logGet(43)) - raft.server.log.queue.byte-limit = 2147483647 (custom)
2019-09-25 12:06:59,411 [pool-673-thread-1] INFO  server.RaftServerConfigKeys (ConfUtils.java:logGet(43)) - raft.server.log.queue.element-limit = 1024 (custom)
2019-09-25 12:06:59,411 [pool-673-thread-1] INFO  server.RaftServerConfigKeys (ConfUtils.java:logGet(43)) - raft.server.log.segment.size.max = 1048576 (custom)
2019-09-25 12:06:59,411 [pool-673-thread-1] INFO  server.RaftServerConfigKeys (ConfUtils.java:logGet(43)) - raft.server.log.preallocated.size = 16384 (custom)
2019-09-25 12:06:59,411 [pool-673-thread-1] INFO  server.RaftServerConfigKeys (ConfUtils.java:logGet(43)) - raft.server.log.write.buffer.size = 33554432 (custom)
2019-09-25 12:06:59,411 [pool-673-thread-1] INFO  server.RaftServerConfigKeys (ConfUtils.java:logGet(43)) - raft.server.log.force.sync.num = 128 (default)
2019-09-25 12:06:59,411 [pool-673-thread-1] INFO  server.RaftServerConfigKeys (ConfUtils.java:logGet(43)) - raft.server.log.statemachine.data.sync = true (default)
2019-09-25 12:06:59,411 [pool-673-thread-1] INFO  server.RaftServerConfigKeys (ConfUtils.java:logGet(43)) - raft.server.log.statemachine.data.sync.timeout = 10s (default)
2019-09-25 12:06:59,411 [pool-673-thread-1] INFO  server.RaftServerConfigKeys (ConfUtils.java:logGet(43)) - raft.server.log.statemachine.data.sync.timeout.retry = -1 (default)
2019-09-25 12:06:59,412 [pool-673-thread-1] INFO  server.RaftServerConfigKeys (ConfUtils.java:logGet(43)) - raft.server.log.statemachine.data.caching.enabled = true (custom)
2019-09-25 12:06:59,412 [pool-673-thread-1] INFO  segmented.SegmentedRaftLogWorker (SegmentedRaftLogWorker.java:lambda$new$0(132)) - 0b7c031f-92f6-4780-87e9-d12f3b75deed@group-18EBEEFEEC61-SegmentedRaftLogWorker: flushIndex: setUnconditionally 0 -> -1
2019-09-25 12:06:59,412 [pool-673-thread-1] INFO  server.RaftServerConfigKeys (ConfUtils.java:logGet(43)) - raft.server.snapshot.auto.trigger.enabled = true (custom)
2019-09-25 12:06:59,412 [pool-673-thread-1] INFO  server.RaftServerConfigKeys (ConfUtils.java:logGet(43)) - raft.server.snapshot.auto.trigger.threshold = 10000 (custom)
2019-09-25 12:06:59,412 [pool-673-thread-1] INFO  server.RaftServerConfigKeys (ConfUtils.java:logGet(43)) - raft.server.snapshot.retention.num.files = 5 (custom)
2019-09-25 12:06:59,412 [pool-673-thread-1] INFO  server.RaftServerConfigKeys (ConfUtils.java:logGet(43)) - raft.server.retrycache.expirytime = 600000ms (custom)
2019-09-25 12:06:59,414 [pool-673-thread-1] INFO  impl.RaftServerImpl (RaftServerImpl.java:start(185)) - 0b7c031f-92f6-4780-87e9-d12f3b75deed@group-18EBEEFEEC61: start as a follower, conf=-1: [0b7c031f-92f6-4780-87e9-d12f3b75deed:192.168.151.73:38949], old=null
2019-09-25 12:06:59,414 [pool-673-thread-1] INFO  impl.RaftServerImpl (RaftServerImpl.java:setRole(174)) - 0b7c031f-92f6-4780-87e9-d12f3b75deed@group-18EBEEFEEC61: changes role from      null to FOLLOWER at term 0 for startAsFollower
2019-09-25 12:06:59,414 [pool-673-thread-1] INFO  impl.RoleInfo (RoleInfo.java:updateAndGet(143)) - 0b7c031f-92f6-4780-87e9-d12f3b75deed: start FollowerState
2019-09-25 12:06:59,414 [pool-673-thread-1] INFO  util.JmxRegister (JmxRegister.java:tryRegister(44)) - Successfully registered JMX Bean with object name Ratis:service=RaftServer,group=group-18EBEEFEEC61,id=0b7c031f-92f6-4780-87e9-d12f3b75deed
2019-09-25 12:06:59,416 [RatisPipelineUtilsThread] INFO  pipeline.PipelineStateManager (PipelineStateManager.java:addPipeline(56)) - Created pipeline Pipeline[ Id: be44035f-06f0-43b0-9e1f-18ebeefeec61, Nodes: 0b7c031f-92f6-4780-87e9-d12f3b75deed{ip: 192.168.151.73, host: pr-hdds-1569-shd4m-3693607622, networkLocation: /default-rack, certSerialId: null}, Type:RATIS, Factor:ONE, State:OPEN]
2019-09-25 12:06:59,419 [grpc-default-executor-1] INFO  impl.RaftServerProxy (RaftServerProxy.java:addNew(89)) - 0b7c031f-92f6-4780-87e9-d12f3b75deed: addNew group-5124E039845C:[0b7c031f-92f6-4780-87e9-d12f3b75deed:192.168.151.73:38949] returns group-5124E039845C:java.util.concurrent.CompletableFuture@7b20f0e6[Not completed]
2019-09-25 12:06:59,420 [pool-673-thread-1] INFO  impl.RaftServerImpl (RaftServerImpl.java:<init>(95)) - 0b7c031f-92f6-4780-87e9-d12f3b75deed: new RaftServerImpl for group-5124E039845C:[0b7c031f-92f6-4780-87e9-d12f3b75deed:192.168.151.73:38949] with ContainerStateMachine:uninitialized
2019-09-25 12:06:59,420 [pool-673-thread-1] INFO  server.RaftServerConfigKeys (ConfUtils.java:logGet(43)) - raft.server.rpc.timeout.min = 5s (custom)
2019-09-25 12:06:59,420 [pool-673-thread-1] INFO  server.RaftServerConfigKeys (ConfUtils.java:logGet(43)) - raft.server.rpc.timeout.max = 5200ms (custom)
2019-09-25 12:06:59,420 [pool-673-thread-1] INFO  server.RaftServerConfigKeys (ConfUtils.java:logGet(43)) - raft.server.rpcslowness.timeout = 120s (custom)
2019-09-25 12:06:59,420 [pool-673-thread-1] INFO  server.RaftServerConfigKeys (ConfUtils.java:logGet(43)) - raft.server.sleep.deviation.threshold = 300 (default)
2019-09-25 12:06:59,420 [pool-673-thread-1] INFO  server.RaftServerConfigKeys (ConfUtils.java:logGet(43)) - raft.server.log.appender.install.snapshot.enabled = false (custom)
2019-09-25 12:06:59,421 [pool-673-thread-1] INFO  impl.RaftServerImpl (ServerState.java:<init>(103)) - 0b7c031f-92f6-4780-87e9-d12f3b75deed@group-5124E039845C: ConfigurationManager, init=-1: [0b7c031f-92f6-4780-87e9-d12f3b75deed:192.168.151.73:38949], old=null, confs=<EMPTY_MAP>
2019-09-25 12:06:59,421 [pool-673-thread-1] INFO  server.RaftServerConfigKeys (ConfUtils.java:logGet(43)) - raft.server.storage.dir = [/workdir/hadoop-ozone/integration-test/target/test-dir/MiniOzoneClusterImpl-ed40a7f8-0b2f-4da3-bf53-40ad2b647f29/datanode-0/data/ratis] (custom)
2019-09-25 12:06:59,421 [pool-673-thread-1] INFO  storage.RaftStorageDirectory (RaftStorageDirectory.java:analyzeStorage(246)) - The storage directory /workdir/hadoop-ozone/integration-test/target/test-dir/MiniOzoneClusterImpl-ed40a7f8-0b2f-4da3-bf53-40ad2b647f29/datanode-0/data/ratis/ea9d876b-e5aa-4263-9c20-5124e039845c does not exist. Creating ...
2019-09-25 12:06:59,421 [IPC Server handler 5 on 34190] INFO  net.NetworkTopology (NetworkTopologyImpl.java:add(111)) - Added a new node: /default-rack/a3a55b85-6532-4add-86b9-f60c9f262632
2019-09-25 12:06:59,422 [IPC Server handler 5 on 34190] INFO  node.SCMNodeManager (SCMNodeManager.java:register(266)) - Registered Data node : a3a55b85-6532-4add-86b9-f60c9f262632{ip: 192.168.151.73, host: pr-hdds-1569-shd4m-3693607622, networkLocation: /default-rack, certSerialId: null}
2019-09-25 12:06:59,433 [pool-673-thread-1] INFO  storage.RaftStorageDirectory (RaftStorageDirectory.java:tryLock(328)) - Lock on /workdir/hadoop-ozone/integration-test/target/test-dir/MiniOzoneClusterImpl-ed40a7f8-0b2f-4da3-bf53-40ad2b647f29/datanode-0/data/ratis/ea9d876b-e5aa-4263-9c20-5124e039845c/in_use.lock acquired by nodename 24979@pr-hdds-1569-shd4m-3693607622
2019-09-25 12:06:59,446 [pool-673-thread-1] INFO  storage.RaftStorage (RaftStorage.java:format(72)) - Storage directory /workdir/hadoop-ozone/integration-test/target/test-dir/MiniOzoneClusterImpl-ed40a7f8-0b2f-4da3-bf53-40ad2b647f29/datanode-0/data/ratis/ea9d876b-e5aa-4263-9c20-5124e039845c has been successfully formatted.
2019-09-25 12:06:59,446 [pool-673-thread-1] INFO  ratis.ContainerStateMachine (ContainerStateMachine.java:loadSnapshot(230)) - group-5124E039845C: The snapshot info is null. Setting the last applied indexto:(t:0, i:~)
2019-09-25 12:06:59,446 [pool-673-thread-1] INFO  server.RaftServerConfigKeys (ConfUtils.java:logGet(43)) - raft.server.notification.no-leader.timeout = 120s (custom)
2019-09-25 12:06:59,446 [pool-673-thread-1] INFO  server.RaftServerConfigKeys (ConfUtils.java:logGet(43)) - raft.server.log.use.memory = false (default)
2019-09-25 12:06:59,446 [pool-673-thread-1] INFO  server.RaftServerConfigKeys (ConfUtils.java:logGet(43)) - raft.server.log.purge.gap = 1000000 (custom)
2019-09-25 12:06:59,446 [pool-673-thread-1] INFO  server.RaftServerConfigKeys (ConfUtils.java:logGet(43)) - raft.server.log.appender.buffer.byte-limit = 33554432 (custom)
2019-09-25 12:06:59,446 [pool-673-thread-1] INFO  server.RaftServerConfigKeys (ConfUtils.java:logGet(43)) - raft.server.log.segment.size.max = 1048576 (custom)
2019-09-25 12:06:59,446 [pool-673-thread-1] INFO  server.RaftServerConfigKeys (ConfUtils.java:logGet(43)) - raft.server.log.segment.cache.num.max = 2 (custom)
2019-09-25 12:06:59,447 [pool-673-thread-1] INFO  segmented.SegmentedRaftLogWorker (SegmentedRaftLogWorker.java:<init>(172)) - new 0b7c031f-92f6-4780-87e9-d12f3b75deed@group-5124E039845C-SegmentedRaftLogWorker for RaftStorage:Storage Directory /workdir/hadoop-ozone/integration-test/target/test-dir/MiniOzoneClusterImpl-ed40a7f8-0b2f-4da3-bf53-40ad2b647f29/datanode-0/data/ratis/ea9d876b-e5aa-4263-9c20-5124e039845c
2019-09-25 12:06:59,447 [pool-673-thread-1] INFO  server.RaftServerConfigKeys (ConfUtils.java:logGet(43)) - raft.server.log.queue.byte-limit = 2147483647 (custom)
2019-09-25 12:06:59,447 [pool-673-thread-1] INFO  server.RaftServerConfigKeys (ConfUtils.java:logGet(43)) - raft.server.log.queue.element-limit = 1024 (custom)
2019-09-25 12:06:59,447 [pool-673-thread-1] INFO  server.RaftServerConfigKeys (ConfUtils.java:logGet(43)) - raft.server.log.segment.size.max = 1048576 (custom)
2019-09-25 12:06:59,447 [pool-673-thread-1] INFO  server.RaftServerConfigKeys (ConfUtils.java:logGet(43)) - raft.server.log.preallocated.size = 16384 (custom)
2019-09-25 12:06:59,447 [pool-673-thread-1] INFO  server.RaftServerConfigKeys (ConfUtils.java:logGet(43)) - raft.server.log.write.buffer.size = 33554432 (custom)
2019-09-25 12:06:59,447 [pool-673-thread-1] INFO  server.RaftServerConfigKeys (ConfUtils.java:logGet(43)) - raft.server.log.force.sync.num = 128 (default)
2019-09-25 12:06:59,447 [pool-673-thread-1] INFO  server.RaftServerConfigKeys (ConfUtils.java:logGet(43)) - raft.server.log.statemachine.data.sync = true (default)
2019-09-25 12:06:59,447 [pool-673-thread-1] INFO  server.RaftServerConfigKeys (ConfUtils.java:logGet(43)) - raft.server.log.statemachine.data.sync.timeout = 10s (default)
2019-09-25 12:06:59,447 [pool-673-thread-1] INFO  server.RaftServerConfigKeys (ConfUtils.java:logGet(43)) - raft.server.log.statemachine.data.sync.timeout.retry = -1 (default)
2019-09-25 12:06:59,447 [pool-673-thread-1] INFO  server.RaftServerConfigKeys (ConfUtils.java:logGet(43)) - raft.server.log.statemachine.data.caching.enabled = true (custom)
2019-09-25 12:06:59,448 [pool-673-thread-1] INFO  segmented.SegmentedRaftLogWorker (SegmentedRaftLogWorker.java:lambda$new$0(132)) - 0b7c031f-92f6-4780-87e9-d12f3b75deed@group-5124E039845C-SegmentedRaftLogWorker: flushIndex: setUnconditionally 0 -> -1
2019-09-25 12:06:59,448 [pool-673-thread-1] INFO  server.RaftServerConfigKeys (ConfUtils.java:logGet(43)) - raft.server.snapshot.auto.trigger.enabled = true (custom)
2019-09-25 12:06:59,448 [pool-673-thread-1] INFO  server.RaftServerConfigKeys (ConfUtils.java:logGet(43)) - raft.server.snapshot.auto.trigger.threshold = 10000 (custom)
2019-09-25 12:06:59,448 [pool-673-thread-1] INFO  server.RaftServerConfigKeys (ConfUtils.java:logGet(43)) - raft.server.snapshot.retention.num.files = 5 (custom)
2019-09-25 12:06:59,448 [pool-673-thread-1] INFO  server.RaftServerConfigKeys (ConfUtils.java:logGet(43)) - raft.server.retrycache.expirytime = 600000ms (custom)
2019-09-25 12:06:59,450 [pool-673-thread-1] INFO  impl.RaftServerImpl (RaftServerImpl.java:start(185)) - 0b7c031f-92f6-4780-87e9-d12f3b75deed@group-5124E039845C: start as a follower, conf=-1: [0b7c031f-92f6-4780-87e9-d12f3b75deed:192.168.151.73:38949], old=null
2019-09-25 12:06:59,450 [pool-673-thread-1] INFO  impl.RaftServerImpl (RaftServerImpl.java:setRole(174)) - 0b7c031f-92f6-4780-87e9-d12f3b75deed@group-5124E039845C: changes role from      null to FOLLOWER at term 0 for startAsFollower
2019-09-25 12:06:59,450 [pool-673-thread-1] INFO  impl.RoleInfo (RoleInfo.java:updateAndGet(143)) - 0b7c031f-92f6-4780-87e9-d12f3b75deed: start FollowerState
2019-09-25 12:06:59,450 [pool-673-thread-1] INFO  util.JmxRegister (JmxRegister.java:tryRegister(44)) - Successfully registered JMX Bean with object name Ratis:service=RaftServer,group=group-5124E039845C,id=0b7c031f-92f6-4780-87e9-d12f3b75deed
2019-09-25 12:06:59,452 [RatisPipelineUtilsThread] INFO  pipeline.PipelineStateManager (PipelineStateManager.java:addPipeline(56)) - Created pipeline Pipeline[ Id: ea9d876b-e5aa-4263-9c20-5124e039845c, Nodes: 0b7c031f-92f6-4780-87e9-d12f3b75deed{ip: 192.168.151.73, host: pr-hdds-1569-shd4m-3693607622, networkLocation: /default-rack, certSerialId: null}, Type:RATIS, Factor:ONE, State:OPEN]
2019-09-25 12:06:59,455 [grpc-default-executor-1] INFO  impl.RaftServerProxy (RaftServerProxy.java:addNew(89)) - 0b7c031f-92f6-4780-87e9-d12f3b75deed: addNew group-B4315FD5B80F:[0b7c031f-92f6-4780-87e9-d12f3b75deed:192.168.151.73:38949] returns group-B4315FD5B80F:java.util.concurrent.CompletableFuture@46fc4031[Not completed]
2019-09-25 12:06:59,456 [pool-673-thread-1] INFO  impl.RaftServerImpl (RaftServerImpl.java:<init>(95)) - 0b7c031f-92f6-4780-87e9-d12f3b75deed: new RaftServerImpl for group-B4315FD5B80F:[0b7c031f-92f6-4780-87e9-d12f3b75deed:192.168.151.73:38949] with ContainerStateMachine:uninitialized
2019-09-25 12:06:59,456 [pool-673-thread-1] INFO  server.RaftServerConfigKeys (ConfUtils.java:logGet(43)) - raft.server.rpc.timeout.min = 5s (custom)
2019-09-25 12:06:59,456 [pool-673-thread-1] INFO  server.RaftServerConfigKeys (ConfUtils.java:logGet(43)) - raft.server.rpc.timeout.max = 5200ms (custom)
2019-09-25 12:06:59,456 [pool-673-thread-1] INFO  server.RaftServerConfigKeys (ConfUtils.java:logGet(43)) - raft.server.rpcslowness.timeout = 120s (custom)
2019-09-25 12:06:59,456 [pool-673-thread-1] INFO  server.RaftServerConfigKeys (ConfUtils.java:logGet(43)) - raft.server.sleep.deviation.threshold = 300 (default)
2019-09-25 12:06:59,456 [pool-673-thread-1] INFO  server.RaftServerConfigKeys (ConfUtils.java:logGet(43)) - raft.server.log.appender.install.snapshot.enabled = false (custom)
2019-09-25 12:06:59,456 [pool-673-thread-1] INFO  impl.RaftServerImpl (ServerState.java:<init>(103)) - 0b7c031f-92f6-4780-87e9-d12f3b75deed@group-B4315FD5B80F: ConfigurationManager, init=-1: [0b7c031f-92f6-4780-87e9-d12f3b75deed:192.168.151.73:38949], old=null, confs=<EMPTY_MAP>
2019-09-25 12:06:59,457 [pool-673-thread-1] INFO  server.RaftServerConfigKeys (ConfUtils.java:logGet(43)) - raft.server.storage.dir = [/workdir/hadoop-ozone/integration-test/target/test-dir/MiniOzoneClusterImpl-ed40a7f8-0b2f-4da3-bf53-40ad2b647f29/datanode-0/data/ratis] (custom)
2019-09-25 12:06:59,457 [pool-673-thread-1] INFO  storage.RaftStorageDirectory (RaftStorageDirectory.java:analyzeStorage(246)) - The storage directory /workdir/hadoop-ozone/integration-test/target/test-dir/MiniOzoneClusterImpl-ed40a7f8-0b2f-4da3-bf53-40ad2b647f29/datanode-0/data/ratis/6b517b0c-d58a-4eee-b6fa-b4315fd5b80f does not exist. Creating ...
2019-09-25 12:06:59,469 [pool-673-thread-1] INFO  storage.RaftStorageDirectory (RaftStorageDirectory.java:tryLock(328)) - Lock on /workdir/hadoop-ozone/integration-test/target/test-dir/MiniOzoneClusterImpl-ed40a7f8-0b2f-4da3-bf53-40ad2b647f29/datanode-0/data/ratis/6b517b0c-d58a-4eee-b6fa-b4315fd5b80f/in_use.lock acquired by nodename 24979@pr-hdds-1569-shd4m-3693607622
2019-09-25 12:06:59,482 [pool-673-thread-1] INFO  storage.RaftStorage (RaftStorage.java:format(72)) - Storage directory /workdir/hadoop-ozone/integration-test/target/test-dir/MiniOzoneClusterImpl-ed40a7f8-0b2f-4da3-bf53-40ad2b647f29/datanode-0/data/ratis/6b517b0c-d58a-4eee-b6fa-b4315fd5b80f has been successfully formatted.
2019-09-25 12:06:59,482 [pool-673-thread-1] INFO  ratis.ContainerStateMachine (ContainerStateMachine.java:loadSnapshot(230)) - group-B4315FD5B80F: The snapshot info is null. Setting the last applied indexto:(t:0, i:~)
2019-09-25 12:06:59,482 [pool-673-thread-1] INFO  server.RaftServerConfigKeys (ConfUtils.java:logGet(43)) - raft.server.notification.no-leader.timeout = 120s (custom)
2019-09-25 12:06:59,482 [pool-673-thread-1] INFO  server.RaftServerConfigKeys (ConfUtils.java:logGet(43)) - raft.server.log.use.memory = false (default)
2019-09-25 12:06:59,482 [pool-673-thread-1] INFO  server.RaftServerConfigKeys (ConfUtils.java:logGet(43)) - raft.server.log.purge.gap = 1000000 (custom)
2019-09-25 12:06:59,482 [pool-673-thread-1] INFO  server.RaftServerConfigKeys (ConfUtils.java:logGet(43)) - raft.server.log.appender.buffer.byte-limit = 33554432 (custom)
2019-09-25 12:06:59,483 [pool-673-thread-1] INFO  server.RaftServerConfigKeys (ConfUtils.java:logGet(43)) - raft.server.log.segment.size.max = 1048576 (custom)
2019-09-25 12:06:59,483 [pool-673-thread-1] INFO  server.RaftServerConfigKeys (ConfUtils.java:logGet(43)) - raft.server.log.segment.cache.num.max = 2 (custom)
2019-09-25 12:06:59,483 [pool-673-thread-1] INFO  segmented.SegmentedRaftLogWorker (SegmentedRaftLogWorker.java:<init>(172)) - new 0b7c031f-92f6-4780-87e9-d12f3b75deed@group-B4315FD5B80F-SegmentedRaftLogWorker for RaftStorage:Storage Directory /workdir/hadoop-ozone/integration-test/target/test-dir/MiniOzoneClusterImpl-ed40a7f8-0b2f-4da3-bf53-40ad2b647f29/datanode-0/data/ratis/6b517b0c-d58a-4eee-b6fa-b4315fd5b80f
2019-09-25 12:06:59,483 [pool-673-thread-1] INFO  server.RaftServerConfigKeys (ConfUtils.java:logGet(43)) - raft.server.log.queue.byte-limit = 2147483647 (custom)
2019-09-25 12:06:59,483 [pool-673-thread-1] INFO  server.RaftServerConfigKeys (ConfUtils.java:logGet(43)) - raft.server.log.queue.element-limit = 1024 (custom)
2019-09-25 12:06:59,483 [pool-673-thread-1] INFO  server.RaftServerConfigKeys (ConfUtils.java:logGet(43)) - raft.server.log.segment.size.max = 1048576 (custom)
2019-09-25 12:06:59,483 [pool-673-thread-1] INFO  server.RaftServerConfigKeys (ConfUtils.java:logGet(43)) - raft.server.log.preallocated.size = 16384 (custom)
2019-09-25 12:06:59,483 [pool-673-thread-1] INFO  server.RaftServerConfigKeys (ConfUtils.java:logGet(43)) - raft.server.log.write.buffer.size = 33554432 (custom)
2019-09-25 12:06:59,483 [pool-673-thread-1] INFO  server.RaftServerConfigKeys (ConfUtils.java:logGet(43)) - raft.server.log.force.sync.num = 128 (default)
2019-09-25 12:06:59,484 [pool-673-thread-1] INFO  server.RaftServerConfigKeys (ConfUtils.java:logGet(43)) - raft.server.log.statemachine.data.sync = true (default)
2019-09-25 12:06:59,484 [pool-673-thread-1] INFO  server.RaftServerConfigKeys (ConfUtils.java:logGet(43)) - raft.server.log.statemachine.data.sync.timeout = 10s (default)
2019-09-25 12:06:59,484 [pool-673-thread-1] INFO  server.RaftServerConfigKeys (ConfUtils.java:logGet(43)) - raft.server.log.statemachine.data.sync.timeout.retry = -1 (default)
2019-09-25 12:06:59,484 [pool-673-thread-1] INFO  server.RaftServerConfigKeys (ConfUtils.java:logGet(43)) - raft.server.log.statemachine.data.caching.enabled = true (custom)
2019-09-25 12:06:59,484 [pool-673-thread-1] INFO  segmented.SegmentedRaftLogWorker (SegmentedRaftLogWorker.java:lambda$new$0(132)) - 0b7c031f-92f6-4780-87e9-d12f3b75deed@group-B4315FD5B80F-SegmentedRaftLogWorker: flushIndex: setUnconditionally 0 -> -1
2019-09-25 12:06:59,484 [pool-673-thread-1] INFO  server.RaftServerConfigKeys (ConfUtils.java:logGet(43)) - raft.server.snapshot.auto.trigger.enabled = true (custom)
2019-09-25 12:06:59,484 [pool-673-thread-1] INFO  server.RaftServerConfigKeys (ConfUtils.java:logGet(43)) - raft.server.snapshot.auto.trigger.threshold = 10000 (custom)
2019-09-25 12:06:59,484 [pool-673-thread-1] INFO  server.RaftServerConfigKeys (ConfUtils.java:logGet(43)) - raft.server.snapshot.retention.num.files = 5 (custom)
2019-09-25 12:06:59,485 [pool-673-thread-1] INFO  server.RaftServerConfigKeys (ConfUtils.java:logGet(43)) - raft.server.retrycache.expirytime = 600000ms (custom)
2019-09-25 12:06:59,486 [pool-673-thread-1] INFO  impl.RaftServerImpl (RaftServerImpl.java:start(185)) - 0b7c031f-92f6-4780-87e9-d12f3b75deed@group-B4315FD5B80F: start as a follower, conf=-1: [0b7c031f-92f6-4780-87e9-d12f3b75deed:192.168.151.73:38949], old=null
2019-09-25 12:06:59,486 [pool-673-thread-1] INFO  impl.RaftServerImpl (RaftServerImpl.java:setRole(174)) - 0b7c031f-92f6-4780-87e9-d12f3b75deed@group-B4315FD5B80F: changes role from      null to FOLLOWER at term 0 for startAsFollower
2019-09-25 12:06:59,486 [pool-673-thread-1] INFO  impl.RoleInfo (RoleInfo.java:updateAndGet(143)) - 0b7c031f-92f6-4780-87e9-d12f3b75deed: start FollowerState
2019-09-25 12:06:59,486 [pool-673-thread-1] INFO  util.JmxRegister (JmxRegister.java:tryRegister(44)) - Successfully registered JMX Bean with object name Ratis:service=RaftServer,group=group-B4315FD5B80F,id=0b7c031f-92f6-4780-87e9-d12f3b75deed
2019-09-25 12:06:59,488 [RatisPipelineUtilsThread] INFO  pipeline.PipelineStateManager (PipelineStateManager.java:addPipeline(56)) - Created pipeline Pipeline[ Id: 6b517b0c-d58a-4eee-b6fa-b4315fd5b80f, Nodes: 0b7c031f-92f6-4780-87e9-d12f3b75deed{ip: 192.168.151.73, host: pr-hdds-1569-shd4m-3693607622, networkLocation: /default-rack, certSerialId: null}, Type:RATIS, Factor:ONE, State:OPEN]
2019-09-25 12:06:59,488 [RatisPipelineUtilsThread] INFO  pipeline.PipelinePlacementPolicy (PipelinePlacementPolicy.java:meetCriteria(91)) - Pipeline Placement: can't place more pipeline on heavy datanode： 0b7c031f-92f6-4780-87e9-d12f3b75deed Heaviness: 6 limit: 5
2019-09-25 12:06:59,497 [grpc-default-executor-1] INFO  impl.RaftServerProxy (RaftServerProxy.java:addNew(89)) - a3a55b85-6532-4add-86b9-f60c9f262632: addNew group-8DC099739EBF:[a3a55b85-6532-4add-86b9-f60c9f262632:192.168.151.73:37389] returns group-8DC099739EBF:java.util.concurrent.CompletableFuture@16bfb8f4[Not completed]
2019-09-25 12:06:59,498 [pool-693-thread-1] INFO  impl.RaftServerImpl (RaftServerImpl.java:<init>(95)) - a3a55b85-6532-4add-86b9-f60c9f262632: new RaftServerImpl for group-8DC099739EBF:[a3a55b85-6532-4add-86b9-f60c9f262632:192.168.151.73:37389] with ContainerStateMachine:uninitialized
2019-09-25 12:06:59,498 [pool-693-thread-1] INFO  server.RaftServerConfigKeys (ConfUtils.java:logGet(43)) - raft.server.rpc.timeout.min = 5s (custom)
2019-09-25 12:06:59,498 [pool-693-thread-1] INFO  server.RaftServerConfigKeys (ConfUtils.java:logGet(43)) - raft.server.rpc.timeout.max = 5200ms (custom)
2019-09-25 12:06:59,498 [pool-693-thread-1] INFO  server.RaftServerConfigKeys (ConfUtils.java:logGet(43)) - raft.server.rpcslowness.timeout = 120s (custom)
2019-09-25 12:06:59,498 [pool-693-thread-1] INFO  server.RaftServerConfigKeys (ConfUtils.java:logGet(43)) - raft.server.sleep.deviation.threshold = 300 (default)
2019-09-25 12:06:59,498 [pool-693-thread-1] INFO  server.RaftServerConfigKeys (ConfUtils.java:logGet(43)) - raft.server.log.appender.install.snapshot.enabled = false (custom)
2019-09-25 12:06:59,498 [pool-693-thread-1] INFO  impl.RaftServerImpl (ServerState.java:<init>(103)) - a3a55b85-6532-4add-86b9-f60c9f262632@group-8DC099739EBF: ConfigurationManager, init=-1: [a3a55b85-6532-4add-86b9-f60c9f262632:192.168.151.73:37389], old=null, confs=<EMPTY_MAP>
2019-09-25 12:06:59,498 [pool-693-thread-1] INFO  server.RaftServerConfigKeys (ConfUtils.java:logGet(43)) - raft.server.storage.dir = [/workdir/hadoop-ozone/integration-test/target/test-dir/MiniOzoneClusterImpl-ed40a7f8-0b2f-4da3-bf53-40ad2b647f29/datanode-2/data/ratis] (custom)
2019-09-25 12:06:59,499 [pool-693-thread-1] INFO  storage.RaftStorageDirectory (RaftStorageDirectory.java:analyzeStorage(246)) - The storage directory /workdir/hadoop-ozone/integration-test/target/test-dir/MiniOzoneClusterImpl-ed40a7f8-0b2f-4da3-bf53-40ad2b647f29/datanode-2/data/ratis/f6e713fe-b6ae-4002-a149-8dc099739ebf does not exist. Creating ...
2019-09-25 12:06:59,505 [IPC Server handler 0 on 34190] INFO  net.NetworkTopology (NetworkTopologyImpl.java:add(111)) - Added a new node: /default-rack/994e134d-9492-4c05-a584-6f6f537d8ad3
2019-09-25 12:06:59,505 [IPC Server handler 0 on 34190] INFO  node.SCMNodeManager (SCMNodeManager.java:register(266)) - Registered Data node : 994e134d-9492-4c05-a584-6f6f537d8ad3{ip: 192.168.151.73, host: pr-hdds-1569-shd4m-3693607622, networkLocation: /default-rack, certSerialId: null}
2019-09-25 12:06:59,512 [pool-693-thread-1] INFO  storage.RaftStorageDirectory (RaftStorageDirectory.java:tryLock(328)) - Lock on /workdir/hadoop-ozone/integration-test/target/test-dir/MiniOzoneClusterImpl-ed40a7f8-0b2f-4da3-bf53-40ad2b647f29/datanode-2/data/ratis/f6e713fe-b6ae-4002-a149-8dc099739ebf/in_use.lock acquired by nodename 24979@pr-hdds-1569-shd4m-3693607622
2019-09-25 12:06:59,525 [pool-693-thread-1] INFO  storage.RaftStorage (RaftStorage.java:format(72)) - Storage directory /workdir/hadoop-ozone/integration-test/target/test-dir/MiniOzoneClusterImpl-ed40a7f8-0b2f-4da3-bf53-40ad2b647f29/datanode-2/data/ratis/f6e713fe-b6ae-4002-a149-8dc099739ebf has been successfully formatted.
2019-09-25 12:06:59,525 [pool-693-thread-1] INFO  ratis.ContainerStateMachine (ContainerStateMachine.java:loadSnapshot(230)) - group-8DC099739EBF: The snapshot info is null. Setting the last applied indexto:(t:0, i:~)
2019-09-25 12:06:59,525 [pool-693-thread-1] INFO  server.RaftServerConfigKeys (ConfUtils.java:logGet(43)) - raft.server.notification.no-leader.timeout = 120s (custom)
2019-09-25 12:06:59,525 [pool-693-thread-1] INFO  server.RaftServerConfigKeys (ConfUtils.java:logGet(43)) - raft.server.log.use.memory = false (default)
2019-09-25 12:06:59,525 [pool-693-thread-1] INFO  server.RaftServerConfigKeys (ConfUtils.java:logGet(43)) - raft.server.log.purge.gap = 1000000 (custom)
2019-09-25 12:06:59,525 [pool-693-thread-1] INFO  server.RaftServerConfigKeys (ConfUtils.java:logGet(43)) - raft.server.log.appender.buffer.byte-limit = 33554432 (custom)
2019-09-25 12:06:59,525 [pool-693-thread-1] INFO  server.RaftServerConfigKeys (ConfUtils.java:logGet(43)) - raft.server.log.segment.size.max = 1048576 (custom)
2019-09-25 12:06:59,525 [pool-693-thread-1] INFO  server.RaftServerConfigKeys (ConfUtils.java:logGet(43)) - raft.server.log.segment.cache.num.max = 2 (custom)
2019-09-25 12:06:59,526 [pool-693-thread-1] INFO  segmented.SegmentedRaftLogWorker (SegmentedRaftLogWorker.java:<init>(172)) - new a3a55b85-6532-4add-86b9-f60c9f262632@group-8DC099739EBF-SegmentedRaftLogWorker for RaftStorage:Storage Directory /workdir/hadoop-ozone/integration-test/target/test-dir/MiniOzoneClusterImpl-ed40a7f8-0b2f-4da3-bf53-40ad2b647f29/datanode-2/data/ratis/f6e713fe-b6ae-4002-a149-8dc099739ebf
2019-09-25 12:06:59,527 [pool-693-thread-1] INFO  server.RaftServerConfigKeys (ConfUtils.java:logGet(43)) - raft.server.log.queue.byte-limit = 2147483647 (custom)
2019-09-25 12:06:59,527 [pool-693-thread-1] INFO  server.RaftServerConfigKeys (ConfUtils.java:logGet(43)) - raft.server.log.queue.element-limit = 1024 (custom)
2019-09-25 12:06:59,527 [pool-693-thread-1] INFO  server.RaftServerConfigKeys (ConfUtils.java:logGet(43)) - raft.server.log.segment.size.max = 1048576 (custom)
2019-09-25 12:06:59,527 [pool-693-thread-1] INFO  server.RaftServerConfigKeys (ConfUtils.java:logGet(43)) - raft.server.log.preallocated.size = 16384 (custom)
2019-09-25 12:06:59,527 [pool-693-thread-1] INFO  server.RaftServerConfigKeys (ConfUtils.java:logGet(43)) - raft.server.log.write.buffer.size = 33554432 (custom)
2019-09-25 12:06:59,527 [pool-693-thread-1] INFO  server.RaftServerConfigKeys (ConfUtils.java:logGet(43)) - raft.server.log.force.sync.num = 128 (default)
2019-09-25 12:06:59,527 [pool-693-thread-1] INFO  server.RaftServerConfigKeys (ConfUtils.java:logGet(43)) - raft.server.log.statemachine.data.sync = true (default)
2019-09-25 12:06:59,527 [pool-693-thread-1] INFO  server.RaftServerConfigKeys (ConfUtils.java:logGet(43)) - raft.server.log.statemachine.data.sync.timeout = 10s (default)
2019-09-25 12:06:59,527 [pool-693-thread-1] INFO  server.RaftServerConfigKeys (ConfUtils.java:logGet(43)) - raft.server.log.statemachine.data.sync.timeout.retry = -1 (default)
2019-09-25 12:06:59,528 [pool-693-thread-1] INFO  server.RaftServerConfigKeys (ConfUtils.java:logGet(43)) - raft.server.log.statemachine.data.caching.enabled = true (custom)
2019-09-25 12:06:59,528 [pool-693-thread-1] INFO  segmented.SegmentedRaftLogWorker (SegmentedRaftLogWorker.java:lambda$new$0(132)) - a3a55b85-6532-4add-86b9-f60c9f262632@group-8DC099739EBF-SegmentedRaftLogWorker: flushIndex: setUnconditionally 0 -> -1
2019-09-25 12:06:59,528 [pool-693-thread-1] INFO  server.RaftServerConfigKeys (ConfUtils.java:logGet(43)) - raft.server.snapshot.auto.trigger.enabled = true (custom)
2019-09-25 12:06:59,528 [pool-693-thread-1] INFO  server.RaftServerConfigKeys (ConfUtils.java:logGet(43)) - raft.server.snapshot.auto.trigger.threshold = 10000 (custom)
2019-09-25 12:06:59,528 [pool-693-thread-1] INFO  server.RaftServerConfigKeys (ConfUtils.java:logGet(43)) - raft.server.snapshot.retention.num.files = 5 (custom)
2019-09-25 12:06:59,528 [pool-693-thread-1] INFO  server.RaftServerConfigKeys (ConfUtils.java:logGet(43)) - raft.server.retrycache.expirytime = 600000ms (custom)
2019-09-25 12:06:59,529 [pool-693-thread-1] INFO  impl.RaftServerImpl (RaftServerImpl.java:start(185)) - a3a55b85-6532-4add-86b9-f60c9f262632@group-8DC099739EBF: start as a follower, conf=-1: [a3a55b85-6532-4add-86b9-f60c9f262632:192.168.151.73:37389], old=null
2019-09-25 12:06:59,529 [pool-693-thread-1] INFO  impl.RaftServerImpl (RaftServerImpl.java:setRole(174)) - a3a55b85-6532-4add-86b9-f60c9f262632@group-8DC099739EBF: changes role from      null to FOLLOWER at term 0 for startAsFollower
2019-09-25 12:06:59,530 [pool-693-thread-1] INFO  impl.RoleInfo (RoleInfo.java:updateAndGet(143)) - a3a55b85-6532-4add-86b9-f60c9f262632: start FollowerState
2019-09-25 12:06:59,530 [pool-693-thread-1] INFO  util.JmxRegister (JmxRegister.java:tryRegister(44)) - Successfully registered JMX Bean with object name Ratis:service=RaftServer,group=group-8DC099739EBF,id=a3a55b85-6532-4add-86b9-f60c9f262632
2019-09-25 12:06:59,532 [RatisPipelineUtilsThread] INFO  pipeline.PipelineStateManager (PipelineStateManager.java:addPipeline(56)) - Created pipeline Pipeline[ Id: f6e713fe-b6ae-4002-a149-8dc099739ebf, Nodes: a3a55b85-6532-4add-86b9-f60c9f262632{ip: 192.168.151.73, host: pr-hdds-1569-shd4m-3693607622, networkLocation: /default-rack, certSerialId: null}, Type:RATIS, Factor:ONE, State:OPEN]
2019-09-25 12:06:59,532 [RatisPipelineUtilsThread] INFO  pipeline.PipelinePlacementPolicy (PipelinePlacementPolicy.java:meetCriteria(91)) - Pipeline Placement: can't place more pipeline on heavy datanode： 0b7c031f-92f6-4780-87e9-d12f3b75deed Heaviness: 6 limit: 5
2019-09-25 12:06:59,541 [grpc-default-executor-1] INFO  impl.RaftServerProxy (RaftServerProxy.java:addNew(89)) - f003a614-b318-424e-95ab-7ad6d1c0d2e6: addNew group-2AF1A894BB44:[f003a614-b318-424e-95ab-7ad6d1c0d2e6:192.168.151.73:41092] returns group-2AF1A894BB44:java.util.concurrent.CompletableFuture@15fa1105[Not completed]
2019-09-25 12:06:59,542 [pool-683-thread-1] INFO  impl.RaftServerImpl (RaftServerImpl.java:<init>(95)) - f003a614-b318-424e-95ab-7ad6d1c0d2e6: new RaftServerImpl for group-2AF1A894BB44:[f003a614-b318-424e-95ab-7ad6d1c0d2e6:192.168.151.73:41092] with ContainerStateMachine:uninitialized
2019-09-25 12:06:59,542 [pool-683-thread-1] INFO  server.RaftServerConfigKeys (ConfUtils.java:logGet(43)) - raft.server.rpc.timeout.min = 5s (custom)
2019-09-25 12:06:59,542 [pool-683-thread-1] INFO  server.RaftServerConfigKeys (ConfUtils.java:logGet(43)) - raft.server.rpc.timeout.max = 5200ms (custom)
2019-09-25 12:06:59,543 [pool-683-thread-1] INFO  server.RaftServerConfigKeys (ConfUtils.java:logGet(43)) - raft.server.rpcslowness.timeout = 120s (custom)
2019-09-25 12:06:59,543 [pool-683-thread-1] INFO  server.RaftServerConfigKeys (ConfUtils.java:logGet(43)) - raft.server.sleep.deviation.threshold = 300 (default)
2019-09-25 12:06:59,543 [pool-683-thread-1] INFO  server.RaftServerConfigKeys (ConfUtils.java:logGet(43)) - raft.server.log.appender.install.snapshot.enabled = false (custom)
2019-09-25 12:06:59,543 [pool-683-thread-1] INFO  impl.RaftServerImpl (ServerState.java:<init>(103)) - f003a614-b318-424e-95ab-7ad6d1c0d2e6@group-2AF1A894BB44: ConfigurationManager, init=-1: [f003a614-b318-424e-95ab-7ad6d1c0d2e6:192.168.151.73:41092], old=null, confs=<EMPTY_MAP>
2019-09-25 12:06:59,543 [pool-683-thread-1] INFO  server.RaftServerConfigKeys (ConfUtils.java:logGet(43)) - raft.server.storage.dir = [/workdir/hadoop-ozone/integration-test/target/test-dir/MiniOzoneClusterImpl-ed40a7f8-0b2f-4da3-bf53-40ad2b647f29/datanode-1/data/ratis] (custom)
2019-09-25 12:06:59,543 [pool-683-thread-1] INFO  storage.RaftStorageDirectory (RaftStorageDirectory.java:analyzeStorage(246)) - The storage directory /workdir/hadoop-ozone/integration-test/target/test-dir/MiniOzoneClusterImpl-ed40a7f8-0b2f-4da3-bf53-40ad2b647f29/datanode-1/data/ratis/f21ac296-5e2a-448e-b5e0-2af1a894bb44 does not exist. Creating ...
2019-09-25 12:06:59,555 [pool-683-thread-1] INFO  storage.RaftStorageDirectory (RaftStorageDirectory.java:tryLock(328)) - Lock on /workdir/hadoop-ozone/integration-test/target/test-dir/MiniOzoneClusterImpl-ed40a7f8-0b2f-4da3-bf53-40ad2b647f29/datanode-1/data/ratis/f21ac296-5e2a-448e-b5e0-2af1a894bb44/in_use.lock acquired by nodename 24979@pr-hdds-1569-shd4m-3693607622
2019-09-25 12:06:59,568 [pool-683-thread-1] INFO  storage.RaftStorage (RaftStorage.java:format(72)) - Storage directory /workdir/hadoop-ozone/integration-test/target/test-dir/MiniOzoneClusterImpl-ed40a7f8-0b2f-4da3-bf53-40ad2b647f29/datanode-1/data/ratis/f21ac296-5e2a-448e-b5e0-2af1a894bb44 has been successfully formatted.
2019-09-25 12:06:59,568 [pool-683-thread-1] INFO  ratis.ContainerStateMachine (ContainerStateMachine.java:loadSnapshot(230)) - group-2AF1A894BB44: The snapshot info is null. Setting the last applied indexto:(t:0, i:~)
2019-09-25 12:06:59,568 [pool-683-thread-1] INFO  server.RaftServerConfigKeys (ConfUtils.java:logGet(43)) - raft.server.notification.no-leader.timeout = 120s (custom)
2019-09-25 12:06:59,568 [pool-683-thread-1] INFO  server.RaftServerConfigKeys (ConfUtils.java:logGet(43)) - raft.server.log.use.memory = false (default)
2019-09-25 12:06:59,568 [pool-683-thread-1] INFO  server.RaftServerConfigKeys (ConfUtils.java:logGet(43)) - raft.server.log.purge.gap = 1000000 (custom)
2019-09-25 12:06:59,568 [pool-683-thread-1] INFO  server.RaftServerConfigKeys (ConfUtils.java:logGet(43)) - raft.server.log.appender.buffer.byte-limit = 33554432 (custom)
2019-09-25 12:06:59,568 [pool-683-thread-1] INFO  server.RaftServerConfigKeys (ConfUtils.java:logGet(43)) - raft.server.log.segment.size.max = 1048576 (custom)
2019-09-25 12:06:59,569 [pool-683-thread-1] INFO  server.RaftServerConfigKeys (ConfUtils.java:logGet(43)) - raft.server.log.segment.cache.num.max = 2 (custom)
2019-09-25 12:06:59,569 [pool-683-thread-1] INFO  segmented.SegmentedRaftLogWorker (SegmentedRaftLogWorker.java:<init>(172)) - new f003a614-b318-424e-95ab-7ad6d1c0d2e6@group-2AF1A894BB44-SegmentedRaftLogWorker for RaftStorage:Storage Directory /workdir/hadoop-ozone/integration-test/target/test-dir/MiniOzoneClusterImpl-ed40a7f8-0b2f-4da3-bf53-40ad2b647f29/datanode-1/data/ratis/f21ac296-5e2a-448e-b5e0-2af1a894bb44
2019-09-25 12:06:59,570 [pool-683-thread-1] INFO  server.RaftServerConfigKeys (ConfUtils.java:logGet(43)) - raft.server.log.queue.byte-limit = 2147483647 (custom)
2019-09-25 12:06:59,570 [pool-683-thread-1] INFO  server.RaftServerConfigKeys (ConfUtils.java:logGet(43)) - raft.server.log.queue.element-limit = 1024 (custom)
2019-09-25 12:06:59,570 [pool-683-thread-1] INFO  server.RaftServerConfigKeys (ConfUtils.java:logGet(43)) - raft.server.log.segment.size.max = 1048576 (custom)
2019-09-25 12:06:59,570 [pool-683-thread-1] INFO  server.RaftServerConfigKeys (ConfUtils.java:logGet(43)) - raft.server.log.preallocated.size = 16384 (custom)
2019-09-25 12:06:59,570 [pool-683-thread-1] INFO  server.RaftServerConfigKeys (ConfUtils.java:logGet(43)) - raft.server.log.write.buffer.size = 33554432 (custom)
2019-09-25 12:06:59,570 [pool-683-thread-1] INFO  server.RaftServerConfigKeys (ConfUtils.java:logGet(43)) - raft.server.log.force.sync.num = 128 (default)
2019-09-25 12:06:59,570 [pool-683-thread-1] INFO  server.RaftServerConfigKeys (ConfUtils.java:logGet(43)) - raft.server.log.statemachine.data.sync = true (default)
2019-09-25 12:06:59,570 [pool-683-thread-1] INFO  server.RaftServerConfigKeys (ConfUtils.java:logGet(43)) - raft.server.log.statemachine.data.sync.timeout = 10s (default)
2019-09-25 12:06:59,571 [pool-683-thread-1] INFO  server.RaftServerConfigKeys (ConfUtils.java:logGet(43)) - raft.server.log.statemachine.data.sync.timeout.retry = -1 (default)
2019-09-25 12:06:59,571 [pool-683-thread-1] INFO  server.RaftServerConfigKeys (ConfUtils.java:logGet(43)) - raft.server.log.statemachine.data.caching.enabled = true (custom)
2019-09-25 12:06:59,571 [pool-683-thread-1] INFO  segmented.SegmentedRaftLogWorker (SegmentedRaftLogWorker.java:lambda$new$0(132)) - f003a614-b318-424e-95ab-7ad6d1c0d2e6@group-2AF1A894BB44-SegmentedRaftLogWorker: flushIndex: setUnconditionally 0 -> -1
2019-09-25 12:06:59,571 [pool-683-thread-1] INFO  server.RaftServerConfigKeys (ConfUtils.java:logGet(43)) - raft.server.snapshot.auto.trigger.enabled = true (custom)
2019-09-25 12:06:59,571 [pool-683-thread-1] INFO  server.RaftServerConfigKeys (ConfUtils.java:logGet(43)) - raft.server.snapshot.auto.trigger.threshold = 10000 (custom)
2019-09-25 12:06:59,571 [pool-683-thread-1] INFO  server.RaftServerConfigKeys (ConfUtils.java:logGet(43)) - raft.server.snapshot.retention.num.files = 5 (custom)
2019-09-25 12:06:59,572 [pool-683-thread-1] INFO  server.RaftServerConfigKeys (ConfUtils.java:logGet(43)) - raft.server.retrycache.expirytime = 600000ms (custom)
2019-09-25 12:06:59,573 [pool-683-thread-1] INFO  impl.RaftServerImpl (RaftServerImpl.java:start(185)) - f003a614-b318-424e-95ab-7ad6d1c0d2e6@group-2AF1A894BB44: start as a follower, conf=-1: [f003a614-b318-424e-95ab-7ad6d1c0d2e6:192.168.151.73:41092], old=null
2019-09-25 12:06:59,573 [pool-683-thread-1] INFO  impl.RaftServerImpl (RaftServerImpl.java:setRole(174)) - f003a614-b318-424e-95ab-7ad6d1c0d2e6@group-2AF1A894BB44: changes role from      null to FOLLOWER at term 0 for startAsFollower
2019-09-25 12:06:59,573 [pool-683-thread-1] INFO  impl.RoleInfo (RoleInfo.java:updateAndGet(143)) - f003a614-b318-424e-95ab-7ad6d1c0d2e6: start FollowerState
2019-09-25 12:06:59,573 [pool-683-thread-1] INFO  util.JmxRegister (JmxRegister.java:tryRegister(44)) - Successfully registered JMX Bean with object name Ratis:service=RaftServer,group=group-2AF1A894BB44,id=f003a614-b318-424e-95ab-7ad6d1c0d2e6
2019-09-25 12:06:59,575 [RatisPipelineUtilsThread] INFO  pipeline.PipelineStateManager (PipelineStateManager.java:addPipeline(56)) - Created pipeline Pipeline[ Id: f21ac296-5e2a-448e-b5e0-2af1a894bb44, Nodes: f003a614-b318-424e-95ab-7ad6d1c0d2e6{ip: 192.168.151.73, host: pr-hdds-1569-shd4m-3693607622, networkLocation: /default-rack, certSerialId: null}, Type:RATIS, Factor:ONE, State:OPEN]
2019-09-25 12:06:59,575 [RatisPipelineUtilsThread] INFO  pipeline.PipelinePlacementPolicy (PipelinePlacementPolicy.java:meetCriteria(91)) - Pipeline Placement: can't place more pipeline on heavy datanode： 0b7c031f-92f6-4780-87e9-d12f3b75deed Heaviness: 6 limit: 5
2019-09-25 12:06:59,579 [grpc-default-executor-1] INFO  impl.RaftServerProxy (RaftServerProxy.java:addNew(89)) - f003a614-b318-424e-95ab-7ad6d1c0d2e6: addNew group-E9EF3B7EB731:[f003a614-b318-424e-95ab-7ad6d1c0d2e6:192.168.151.73:41092] returns group-E9EF3B7EB731:java.util.concurrent.CompletableFuture@78f72b1e[Not completed]
2019-09-25 12:06:59,579 [pool-683-thread-1] INFO  impl.RaftServerImpl (RaftServerImpl.java:<init>(95)) - f003a614-b318-424e-95ab-7ad6d1c0d2e6: new RaftServerImpl for group-E9EF3B7EB731:[f003a614-b318-424e-95ab-7ad6d1c0d2e6:192.168.151.73:41092] with ContainerStateMachine:uninitialized
2019-09-25 12:06:59,579 [pool-683-thread-1] INFO  server.RaftServerConfigKeys (ConfUtils.java:logGet(43)) - raft.server.rpc.timeout.min = 5s (custom)
2019-09-25 12:06:59,580 [pool-683-thread-1] INFO  server.RaftServerConfigKeys (ConfUtils.java:logGet(43)) - raft.server.rpc.timeout.max = 5200ms (custom)
2019-09-25 12:06:59,580 [pool-683-thread-1] INFO  server.RaftServerConfigKeys (ConfUtils.java:logGet(43)) - raft.server.rpcslowness.timeout = 120s (custom)
2019-09-25 12:06:59,580 [pool-683-thread-1] INFO  server.RaftServerConfigKeys (ConfUtils.java:logGet(43)) - raft.server.sleep.deviation.threshold = 300 (default)
2019-09-25 12:06:59,580 [pool-683-thread-1] INFO  server.RaftServerConfigKeys (ConfUtils.java:logGet(43)) - raft.server.log.appender.install.snapshot.enabled = false (custom)
2019-09-25 12:06:59,580 [pool-683-thread-1] INFO  impl.RaftServerImpl (ServerState.java:<init>(103)) - f003a614-b318-424e-95ab-7ad6d1c0d2e6@group-E9EF3B7EB731: ConfigurationManager, init=-1: [f003a614-b318-424e-95ab-7ad6d1c0d2e6:192.168.151.73:41092], old=null, confs=<EMPTY_MAP>
2019-09-25 12:06:59,580 [pool-683-thread-1] INFO  server.RaftServerConfigKeys (ConfUtils.java:logGet(43)) - raft.server.storage.dir = [/workdir/hadoop-ozone/integration-test/target/test-dir/MiniOzoneClusterImpl-ed40a7f8-0b2f-4da3-bf53-40ad2b647f29/datanode-1/data/ratis] (custom)
2019-09-25 12:06:59,580 [pool-683-thread-1] INFO  storage.RaftStorageDirectory (RaftStorageDirectory.java:analyzeStorage(246)) - The storage directory /workdir/hadoop-ozone/integration-test/target/test-dir/MiniOzoneClusterImpl-ed40a7f8-0b2f-4da3-bf53-40ad2b647f29/datanode-1/data/ratis/073f0871-cb75-40ad-90e8-e9ef3b7eb731 does not exist. Creating ...
2019-09-25 12:06:59,583 [pool-683-thread-1] INFO  storage.RaftStorageDirectory (RaftStorageDirectory.java:tryLock(328)) - Lock on /workdir/hadoop-ozone/integration-test/target/test-dir/MiniOzoneClusterImpl-ed40a7f8-0b2f-4da3-bf53-40ad2b647f29/datanode-1/data/ratis/073f0871-cb75-40ad-90e8-e9ef3b7eb731/in_use.lock acquired by nodename 24979@pr-hdds-1569-shd4m-3693607622
2019-09-25 12:06:59,587 [pool-683-thread-1] INFO  storage.RaftStorage (RaftStorage.java:format(72)) - Storage directory /workdir/hadoop-ozone/integration-test/target/test-dir/MiniOzoneClusterImpl-ed40a7f8-0b2f-4da3-bf53-40ad2b647f29/datanode-1/data/ratis/073f0871-cb75-40ad-90e8-e9ef3b7eb731 has been successfully formatted.
2019-09-25 12:06:59,587 [pool-683-thread-1] INFO  ratis.ContainerStateMachine (ContainerStateMachine.java:loadSnapshot(230)) - group-E9EF3B7EB731: The snapshot info is null. Setting the last applied indexto:(t:0, i:~)
2019-09-25 12:06:59,587 [pool-683-thread-1] INFO  server.RaftServerConfigKeys (ConfUtils.java:logGet(43)) - raft.server.notification.no-leader.timeout = 120s (custom)
2019-09-25 12:06:59,587 [pool-683-thread-1] INFO  server.RaftServerConfigKeys (ConfUtils.java:logGet(43)) - raft.server.log.use.memory = false (default)
2019-09-25 12:06:59,587 [pool-683-thread-1] INFO  server.RaftServerConfigKeys (ConfUtils.java:logGet(43)) - raft.server.log.purge.gap = 1000000 (custom)
2019-09-25 12:06:59,587 [pool-683-thread-1] INFO  server.RaftServerConfigKeys (ConfUtils.java:logGet(43)) - raft.server.log.appender.buffer.byte-limit = 33554432 (custom)
2019-09-25 12:06:59,587 [pool-683-thread-1] INFO  server.RaftServerConfigKeys (ConfUtils.java:logGet(43)) - raft.server.log.segment.size.max = 1048576 (custom)
2019-09-25 12:06:59,588 [pool-683-thread-1] INFO  server.RaftServerConfigKeys (ConfUtils.java:logGet(43)) - raft.server.log.segment.cache.num.max = 2 (custom)
2019-09-25 12:06:59,588 [pool-683-thread-1] INFO  segmented.SegmentedRaftLogWorker (SegmentedRaftLogWorker.java:<init>(172)) - new f003a614-b318-424e-95ab-7ad6d1c0d2e6@group-E9EF3B7EB731-SegmentedRaftLogWorker for RaftStorage:Storage Directory /workdir/hadoop-ozone/integration-test/target/test-dir/MiniOzoneClusterImpl-ed40a7f8-0b2f-4da3-bf53-40ad2b647f29/datanode-1/data/ratis/073f0871-cb75-40ad-90e8-e9ef3b7eb731
2019-09-25 12:06:59,588 [pool-683-thread-1] INFO  server.RaftServerConfigKeys (ConfUtils.java:logGet(43)) - raft.server.log.queue.byte-limit = 2147483647 (custom)
2019-09-25 12:06:59,588 [pool-683-thread-1] INFO  server.RaftServerConfigKeys (ConfUtils.java:logGet(43)) - raft.server.log.queue.element-limit = 1024 (custom)
2019-09-25 12:06:59,588 [pool-683-thread-1] INFO  server.RaftServerConfigKeys (ConfUtils.java:logGet(43)) - raft.server.log.segment.size.max = 1048576 (custom)
2019-09-25 12:06:59,588 [pool-683-thread-1] INFO  server.RaftServerConfigKeys (ConfUtils.java:logGet(43)) - raft.server.log.preallocated.size = 16384 (custom)
2019-09-25 12:06:59,588 [pool-683-thread-1] INFO  server.RaftServerConfigKeys (ConfUtils.java:logGet(43)) - raft.server.log.write.buffer.size = 33554432 (custom)
2019-09-25 12:06:59,588 [pool-683-thread-1] INFO  server.RaftServerConfigKeys (ConfUtils.java:logGet(43)) - raft.server.log.force.sync.num = 128 (default)
2019-09-25 12:06:59,588 [pool-683-thread-1] INFO  server.RaftServerConfigKeys (ConfUtils.java:logGet(43)) - raft.server.log.statemachine.data.sync = true (default)
2019-09-25 12:06:59,588 [pool-683-thread-1] INFO  server.RaftServerConfigKeys (ConfUtils.java:logGet(43)) - raft.server.log.statemachine.data.sync.timeout = 10s (default)
2019-09-25 12:06:59,588 [pool-683-thread-1] INFO  server.RaftServerConfigKeys (ConfUtils.java:logGet(43)) - raft.server.log.statemachine.data.sync.timeout.retry = -1 (default)
2019-09-25 12:06:59,589 [pool-683-thread-1] INFO  server.RaftServerConfigKeys (ConfUtils.java:logGet(43)) - raft.server.log.statemachine.data.caching.enabled = true (custom)
2019-09-25 12:06:59,589 [pool-683-thread-1] INFO  segmented.SegmentedRaftLogWorker (SegmentedRaftLogWorker.java:lambda$new$0(132)) - f003a614-b318-424e-95ab-7ad6d1c0d2e6@group-E9EF3B7EB731-SegmentedRaftLogWorker: flushIndex: setUnconditionally 0 -> -1
2019-09-25 12:06:59,589 [pool-683-thread-1] INFO  server.RaftServerConfigKeys (ConfUtils.java:logGet(43)) - raft.server.snapshot.auto.trigger.enabled = true (custom)
2019-09-25 12:06:59,589 [pool-683-thread-1] INFO  server.RaftServerConfigKeys (ConfUtils.java:logGet(43)) - raft.server.snapshot.auto.trigger.threshold = 10000 (custom)
2019-09-25 12:06:59,589 [pool-683-thread-1] INFO  server.RaftServerConfigKeys (ConfUtils.java:logGet(43)) - raft.server.snapshot.retention.num.files = 5 (custom)
2019-09-25 12:06:59,589 [pool-683-thread-1] INFO  server.RaftServerConfigKeys (ConfUtils.java:logGet(43)) - raft.server.retrycache.expirytime = 600000ms (custom)
2019-09-25 12:06:59,591 [pool-683-thread-1] INFO  impl.RaftServerImpl (RaftServerImpl.java:start(185)) - f003a614-b318-424e-95ab-7ad6d1c0d2e6@group-E9EF3B7EB731: start as a follower, conf=-1: [f003a614-b318-424e-95ab-7ad6d1c0d2e6:192.168.151.73:41092], old=null
2019-09-25 12:06:59,591 [pool-683-thread-1] INFO  impl.RaftServerImpl (RaftServerImpl.java:setRole(174)) - f003a614-b318-424e-95ab-7ad6d1c0d2e6@group-E9EF3B7EB731: changes role from      null to FOLLOWER at term 0 for startAsFollower
2019-09-25 12:06:59,591 [pool-683-thread-1] INFO  impl.RoleInfo (RoleInfo.java:updateAndGet(143)) - f003a614-b318-424e-95ab-7ad6d1c0d2e6: start FollowerState
2019-09-25 12:06:59,591 [pool-683-thread-1] INFO  util.JmxRegister (JmxRegister.java:tryRegister(44)) - Successfully registered JMX Bean with object name Ratis:service=RaftServer,group=group-E9EF3B7EB731,id=f003a614-b318-424e-95ab-7ad6d1c0d2e6
2019-09-25 12:06:59,593 [RatisPipelineUtilsThread] INFO  pipeline.PipelineStateManager (PipelineStateManager.java:addPipeline(56)) - Created pipeline Pipeline[ Id: 073f0871-cb75-40ad-90e8-e9ef3b7eb731, Nodes: f003a614-b318-424e-95ab-7ad6d1c0d2e6{ip: 192.168.151.73, host: pr-hdds-1569-shd4m-3693607622, networkLocation: /default-rack, certSerialId: null}, Type:RATIS, Factor:ONE, State:OPEN]
2019-09-25 12:06:59,593 [RatisPipelineUtilsThread] INFO  pipeline.PipelinePlacementPolicy (PipelinePlacementPolicy.java:meetCriteria(91)) - Pipeline Placement: can't place more pipeline on heavy datanode： 0b7c031f-92f6-4780-87e9-d12f3b75deed Heaviness: 6 limit: 5
2019-09-25 12:06:59,596 [grpc-default-executor-1] INFO  impl.RaftServerProxy (RaftServerProxy.java:addNew(89)) - a3a55b85-6532-4add-86b9-f60c9f262632: addNew group-688106E2A830:[a3a55b85-6532-4add-86b9-f60c9f262632:192.168.151.73:37389] returns group-688106E2A830:java.util.concurrent.CompletableFuture@38b65044[Not completed]
2019-09-25 12:06:59,597 [pool-693-thread-1] INFO  impl.RaftServerImpl (RaftServerImpl.java:<init>(95)) - a3a55b85-6532-4add-86b9-f60c9f262632: new RaftServerImpl for group-688106E2A830:[a3a55b85-6532-4add-86b9-f60c9f262632:192.168.151.73:37389] with ContainerStateMachine:uninitialized
2019-09-25 12:06:59,598 [pool-693-thread-1] INFO  server.RaftServerConfigKeys (ConfUtils.java:logGet(43)) - raft.server.rpc.timeout.min = 5s (custom)
2019-09-25 12:06:59,598 [pool-693-thread-1] INFO  server.RaftServerConfigKeys (ConfUtils.java:logGet(43)) - raft.server.rpc.timeout.max = 5200ms (custom)
2019-09-25 12:06:59,598 [pool-693-thread-1] INFO  server.RaftServerConfigKeys (ConfUtils.java:logGet(43)) - raft.server.rpcslowness.timeout = 120s (custom)
2019-09-25 12:06:59,598 [pool-693-thread-1] INFO  server.RaftServerConfigKeys (ConfUtils.java:logGet(43)) - raft.server.sleep.deviation.threshold = 300 (default)
2019-09-25 12:06:59,598 [pool-693-thread-1] INFO  server.RaftServerConfigKeys (ConfUtils.java:logGet(43)) - raft.server.log.appender.install.snapshot.enabled = false (custom)
2019-09-25 12:06:59,598 [pool-693-thread-1] INFO  impl.RaftServerImpl (ServerState.java:<init>(103)) - a3a55b85-6532-4add-86b9-f60c9f262632@group-688106E2A830: ConfigurationManager, init=-1: [a3a55b85-6532-4add-86b9-f60c9f262632:192.168.151.73:37389], old=null, confs=<EMPTY_MAP>
2019-09-25 12:06:59,598 [pool-693-thread-1] INFO  server.RaftServerConfigKeys (ConfUtils.java:logGet(43)) - raft.server.storage.dir = [/workdir/hadoop-ozone/integration-test/target/test-dir/MiniOzoneClusterImpl-ed40a7f8-0b2f-4da3-bf53-40ad2b647f29/datanode-2/data/ratis] (custom)
2019-09-25 12:06:59,599 [pool-693-thread-1] INFO  storage.RaftStorageDirectory (RaftStorageDirectory.java:analyzeStorage(246)) - The storage directory /workdir/hadoop-ozone/integration-test/target/test-dir/MiniOzoneClusterImpl-ed40a7f8-0b2f-4da3-bf53-40ad2b647f29/datanode-2/data/ratis/78a7f422-e05c-46fb-a8d1-688106e2a830 does not exist. Creating ...
2019-09-25 12:06:59,600 [IPC Server handler 3 on 34190] INFO  net.NetworkTopology (NetworkTopologyImpl.java:add(111)) - Added a new node: /default-rack/a18b28f5-0b39-4e24-a9bc-e0bed51b7d30
2019-09-25 12:06:59,600 [IPC Server handler 3 on 34190] INFO  node.SCMNodeManager (SCMNodeManager.java:register(266)) - Registered Data node : a18b28f5-0b39-4e24-a9bc-e0bed51b7d30{ip: 192.168.151.73, host: pr-hdds-1569-shd4m-3693607622, networkLocation: /default-rack, certSerialId: null}
2019-09-25 12:06:59,602 [pool-693-thread-1] INFO  storage.RaftStorageDirectory (RaftStorageDirectory.java:tryLock(328)) - Lock on /workdir/hadoop-ozone/integration-test/target/test-dir/MiniOzoneClusterImpl-ed40a7f8-0b2f-4da3-bf53-40ad2b647f29/datanode-2/data/ratis/78a7f422-e05c-46fb-a8d1-688106e2a830/in_use.lock acquired by nodename 24979@pr-hdds-1569-shd4m-3693607622
2019-09-25 12:06:59,606 [pool-693-thread-1] INFO  storage.RaftStorage (RaftStorage.java:format(72)) - Storage directory /workdir/hadoop-ozone/integration-test/target/test-dir/MiniOzoneClusterImpl-ed40a7f8-0b2f-4da3-bf53-40ad2b647f29/datanode-2/data/ratis/78a7f422-e05c-46fb-a8d1-688106e2a830 has been successfully formatted.
2019-09-25 12:06:59,606 [pool-693-thread-1] INFO  ratis.ContainerStateMachine (ContainerStateMachine.java:loadSnapshot(230)) - group-688106E2A830: The snapshot info is null. Setting the last applied indexto:(t:0, i:~)
2019-09-25 12:06:59,606 [pool-693-thread-1] INFO  server.RaftServerConfigKeys (ConfUtils.java:logGet(43)) - raft.server.notification.no-leader.timeout = 120s (custom)
2019-09-25 12:06:59,606 [pool-693-thread-1] INFO  server.RaftServerConfigKeys (ConfUtils.java:logGet(43)) - raft.server.log.use.memory = false (default)
2019-09-25 12:06:59,606 [pool-693-thread-1] INFO  server.RaftServerConfigKeys (ConfUtils.java:logGet(43)) - raft.server.log.purge.gap = 1000000 (custom)
2019-09-25 12:06:59,607 [pool-693-thread-1] INFO  server.RaftServerConfigKeys (ConfUtils.java:logGet(43)) - raft.server.log.appender.buffer.byte-limit = 33554432 (custom)
2019-09-25 12:06:59,607 [pool-693-thread-1] INFO  server.RaftServerConfigKeys (ConfUtils.java:logGet(43)) - raft.server.log.segment.size.max = 1048576 (custom)
2019-09-25 12:06:59,607 [pool-693-thread-1] INFO  server.RaftServerConfigKeys (ConfUtils.java:logGet(43)) - raft.server.log.segment.cache.num.max = 2 (custom)
2019-09-25 12:06:59,607 [pool-693-thread-1] INFO  segmented.SegmentedRaftLogWorker (SegmentedRaftLogWorker.java:<init>(172)) - new a3a55b85-6532-4add-86b9-f60c9f262632@group-688106E2A830-SegmentedRaftLogWorker for RaftStorage:Storage Directory /workdir/hadoop-ozone/integration-test/target/test-dir/MiniOzoneClusterImpl-ed40a7f8-0b2f-4da3-bf53-40ad2b647f29/datanode-2/data/ratis/78a7f422-e05c-46fb-a8d1-688106e2a830
2019-09-25 12:06:59,607 [pool-693-thread-1] INFO  server.RaftServerConfigKeys (ConfUtils.java:logGet(43)) - raft.server.log.queue.byte-limit = 2147483647 (custom)
2019-09-25 12:06:59,607 [pool-693-thread-1] INFO  server.RaftServerConfigKeys (ConfUtils.java:logGet(43)) - raft.server.log.queue.element-limit = 1024 (custom)
2019-09-25 12:06:59,608 [pool-693-thread-1] INFO  server.RaftServerConfigKeys (ConfUtils.java:logGet(43)) - raft.server.log.segment.size.max = 1048576 (custom)
2019-09-25 12:06:59,608 [pool-693-thread-1] INFO  server.RaftServerConfigKeys (ConfUtils.java:logGet(43)) - raft.server.log.preallocated.size = 16384 (custom)
2019-09-25 12:06:59,608 [pool-693-thread-1] INFO  server.RaftServerConfigKeys (ConfUtils.java:logGet(43)) - raft.server.log.write.buffer.size = 33554432 (custom)
2019-09-25 12:06:59,608 [pool-693-thread-1] INFO  server.RaftServerConfigKeys (ConfUtils.java:logGet(43)) - raft.server.log.force.sync.num = 128 (default)
2019-09-25 12:06:59,608 [pool-693-thread-1] INFO  server.RaftServerConfigKeys (ConfUtils.java:logGet(43)) - raft.server.log.statemachine.data.sync = true (default)
2019-09-25 12:06:59,608 [pool-693-thread-1] INFO  server.RaftServerConfigKeys (ConfUtils.java:logGet(43)) - raft.server.log.statemachine.data.sync.timeout = 10s (default)
2019-09-25 12:06:59,608 [pool-693-thread-1] INFO  server.RaftServerConfigKeys (ConfUtils.java:logGet(43)) - raft.server.log.statemachine.data.sync.timeout.retry = -1 (default)
2019-09-25 12:06:59,609 [pool-693-thread-1] INFO  server.RaftServerConfigKeys (ConfUtils.java:logGet(43)) - raft.server.log.statemachine.data.caching.enabled = true (custom)
2019-09-25 12:06:59,609 [pool-693-thread-1] INFO  segmented.SegmentedRaftLogWorker (SegmentedRaftLogWorker.java:lambda$new$0(132)) - a3a55b85-6532-4add-86b9-f60c9f262632@group-688106E2A830-SegmentedRaftLogWorker: flushIndex: setUnconditionally 0 -> -1
2019-09-25 12:06:59,609 [pool-693-thread-1] INFO  server.RaftServerConfigKeys (ConfUtils.java:logGet(43)) - raft.server.snapshot.auto.trigger.enabled = true (custom)
2019-09-25 12:06:59,609 [pool-693-thread-1] INFO  server.RaftServerConfigKeys (ConfUtils.java:logGet(43)) - raft.server.snapshot.auto.trigger.threshold = 10000 (custom)
2019-09-25 12:06:59,610 [pool-693-thread-1] INFO  server.RaftServerConfigKeys (ConfUtils.java:logGet(43)) - raft.server.snapshot.retention.num.files = 5 (custom)
2019-09-25 12:06:59,610 [pool-693-thread-1] INFO  server.RaftServerConfigKeys (ConfUtils.java:logGet(43)) - raft.server.retrycache.expirytime = 600000ms (custom)
2019-09-25 12:06:59,612 [pool-693-thread-1] INFO  impl.RaftServerImpl (RaftServerImpl.java:start(185)) - a3a55b85-6532-4add-86b9-f60c9f262632@group-688106E2A830: start as a follower, conf=-1: [a3a55b85-6532-4add-86b9-f60c9f262632:192.168.151.73:37389], old=null
2019-09-25 12:06:59,612 [pool-693-thread-1] INFO  impl.RaftServerImpl (RaftServerImpl.java:setRole(174)) - a3a55b85-6532-4add-86b9-f60c9f262632@group-688106E2A830: changes role from      null to FOLLOWER at term 0 for startAsFollower
2019-09-25 12:06:59,612 [pool-693-thread-1] INFO  impl.RoleInfo (RoleInfo.java:updateAndGet(143)) - a3a55b85-6532-4add-86b9-f60c9f262632: start FollowerState
2019-09-25 12:06:59,612 [pool-693-thread-1] INFO  util.JmxRegister (JmxRegister.java:tryRegister(44)) - Successfully registered JMX Bean with object name Ratis:service=RaftServer,group=group-688106E2A830,id=a3a55b85-6532-4add-86b9-f60c9f262632
2019-09-25 12:06:59,614 [RatisPipelineUtilsThread] INFO  pipeline.PipelineStateManager (PipelineStateManager.java:addPipeline(56)) - Created pipeline Pipeline[ Id: 78a7f422-e05c-46fb-a8d1-688106e2a830, Nodes: a3a55b85-6532-4add-86b9-f60c9f262632{ip: 192.168.151.73, host: pr-hdds-1569-shd4m-3693607622, networkLocation: /default-rack, certSerialId: null}, Type:RATIS, Factor:ONE, State:OPEN]
2019-09-25 12:06:59,615 [RatisPipelineUtilsThread] INFO  pipeline.PipelinePlacementPolicy (PipelinePlacementPolicy.java:meetCriteria(91)) - Pipeline Placement: can't place more pipeline on heavy datanode： 0b7c031f-92f6-4780-87e9-d12f3b75deed Heaviness: 6 limit: 5
2019-09-25 12:06:59,618 [grpc-default-executor-1] INFO  impl.RaftServerProxy (RaftServerProxy.java:addNew(89)) - f003a614-b318-424e-95ab-7ad6d1c0d2e6: addNew group-BD54D31EE5C1:[f003a614-b318-424e-95ab-7ad6d1c0d2e6:192.168.151.73:41092] returns group-BD54D31EE5C1:java.util.concurrent.CompletableFuture@4c1e12ac[Not completed]
2019-09-25 12:06:59,619 [pool-683-thread-1] INFO  impl.RaftServerImpl (RaftServerImpl.java:<init>(95)) - f003a614-b318-424e-95ab-7ad6d1c0d2e6: new RaftServerImpl for group-BD54D31EE5C1:[f003a614-b318-424e-95ab-7ad6d1c0d2e6:192.168.151.73:41092] with ContainerStateMachine:uninitialized
2019-09-25 12:06:59,619 [pool-683-thread-1] INFO  server.RaftServerConfigKeys (ConfUtils.java:logGet(43)) - raft.server.rpc.timeout.min = 5s (custom)
2019-09-25 12:06:59,619 [pool-683-thread-1] INFO  server.RaftServerConfigKeys (ConfUtils.java:logGet(43)) - raft.server.rpc.timeout.max = 5200ms (custom)
2019-09-25 12:06:59,619 [pool-683-thread-1] INFO  server.RaftServerConfigKeys (ConfUtils.java:logGet(43)) - raft.server.rpcslowness.timeout = 120s (custom)
2019-09-25 12:06:59,620 [pool-683-thread-1] INFO  server.RaftServerConfigKeys (ConfUtils.java:logGet(43)) - raft.server.sleep.deviation.threshold = 300 (default)
2019-09-25 12:06:59,620 [pool-683-thread-1] INFO  server.RaftServerConfigKeys (ConfUtils.java:logGet(43)) - raft.server.log.appender.install.snapshot.enabled = false (custom)
2019-09-25 12:06:59,620 [pool-683-thread-1] INFO  impl.RaftServerImpl (ServerState.java:<init>(103)) - f003a614-b318-424e-95ab-7ad6d1c0d2e6@group-BD54D31EE5C1: ConfigurationManager, init=-1: [f003a614-b318-424e-95ab-7ad6d1c0d2e6:192.168.151.73:41092], old=null, confs=<EMPTY_MAP>
2019-09-25 12:06:59,620 [pool-683-thread-1] INFO  server.RaftServerConfigKeys (ConfUtils.java:logGet(43)) - raft.server.storage.dir = [/workdir/hadoop-ozone/integration-test/target/test-dir/MiniOzoneClusterImpl-ed40a7f8-0b2f-4da3-bf53-40ad2b647f29/datanode-1/data/ratis] (custom)
2019-09-25 12:06:59,620 [pool-683-thread-1] INFO  storage.RaftStorageDirectory (RaftStorageDirectory.java:analyzeStorage(246)) - The storage directory /workdir/hadoop-ozone/integration-test/target/test-dir/MiniOzoneClusterImpl-ed40a7f8-0b2f-4da3-bf53-40ad2b647f29/datanode-1/data/ratis/e48124f2-589c-4618-937f-bd54d31ee5c1 does not exist. Creating ...
2019-09-25 12:06:59,626 [pool-683-thread-1] INFO  storage.RaftStorageDirectory (RaftStorageDirectory.java:tryLock(328)) - Lock on /workdir/hadoop-ozone/integration-test/target/test-dir/MiniOzoneClusterImpl-ed40a7f8-0b2f-4da3-bf53-40ad2b647f29/datanode-1/data/ratis/e48124f2-589c-4618-937f-bd54d31ee5c1/in_use.lock acquired by nodename 24979@pr-hdds-1569-shd4m-3693607622
2019-09-25 12:06:59,638 [pool-683-thread-1] INFO  storage.RaftStorage (RaftStorage.java:format(72)) - Storage directory /workdir/hadoop-ozone/integration-test/target/test-dir/MiniOzoneClusterImpl-ed40a7f8-0b2f-4da3-bf53-40ad2b647f29/datanode-1/data/ratis/e48124f2-589c-4618-937f-bd54d31ee5c1 has been successfully formatted.
2019-09-25 12:06:59,639 [pool-683-thread-1] INFO  ratis.ContainerStateMachine (ContainerStateMachine.java:loadSnapshot(230)) - group-BD54D31EE5C1: The snapshot info is null. Setting the last applied indexto:(t:0, i:~)
2019-09-25 12:06:59,639 [pool-683-thread-1] INFO  server.RaftServerConfigKeys (ConfUtils.java:logGet(43)) - raft.server.notification.no-leader.timeout = 120s (custom)
2019-09-25 12:06:59,639 [pool-683-thread-1] INFO  server.RaftServerConfigKeys (ConfUtils.java:logGet(43)) - raft.server.log.use.memory = false (default)
2019-09-25 12:06:59,639 [pool-683-thread-1] INFO  server.RaftServerConfigKeys (ConfUtils.java:logGet(43)) - raft.server.log.purge.gap = 1000000 (custom)
2019-09-25 12:06:59,639 [pool-683-thread-1] INFO  server.RaftServerConfigKeys (ConfUtils.java:logGet(43)) - raft.server.log.appender.buffer.byte-limit = 33554432 (custom)
2019-09-25 12:06:59,639 [pool-683-thread-1] INFO  server.RaftServerConfigKeys (ConfUtils.java:logGet(43)) - raft.server.log.segment.size.max = 1048576 (custom)
2019-09-25 12:06:59,640 [pool-683-thread-1] INFO  server.RaftServerConfigKeys (ConfUtils.java:logGet(43)) - raft.server.log.segment.cache.num.max = 2 (custom)
2019-09-25 12:06:59,640 [pool-683-thread-1] INFO  segmented.SegmentedRaftLogWorker (SegmentedRaftLogWorker.java:<init>(172)) - new f003a614-b318-424e-95ab-7ad6d1c0d2e6@group-BD54D31EE5C1-SegmentedRaftLogWorker for RaftStorage:Storage Directory /workdir/hadoop-ozone/integration-test/target/test-dir/MiniOzoneClusterImpl-ed40a7f8-0b2f-4da3-bf53-40ad2b647f29/datanode-1/data/ratis/e48124f2-589c-4618-937f-bd54d31ee5c1
2019-09-25 12:06:59,640 [pool-683-thread-1] INFO  server.RaftServerConfigKeys (ConfUtils.java:logGet(43)) - raft.server.log.queue.byte-limit = 2147483647 (custom)
2019-09-25 12:06:59,640 [pool-683-thread-1] INFO  server.RaftServerConfigKeys (ConfUtils.java:logGet(43)) - raft.server.log.queue.element-limit = 1024 (custom)
2019-09-25 12:06:59,640 [pool-683-thread-1] INFO  server.RaftServerConfigKeys (ConfUtils.java:logGet(43)) - raft.server.log.segment.size.max = 1048576 (custom)
2019-09-25 12:06:59,640 [pool-683-thread-1] INFO  server.RaftServerConfigKeys (ConfUtils.java:logGet(43)) - raft.server.log.preallocated.size = 16384 (custom)
2019-09-25 12:06:59,640 [pool-683-thread-1] INFO  server.RaftServerConfigKeys (ConfUtils.java:logGet(43)) - raft.server.log.write.buffer.size = 33554432 (custom)
2019-09-25 12:06:59,641 [pool-683-thread-1] INFO  server.RaftServerConfigKeys (ConfUtils.java:logGet(43)) - raft.server.log.force.sync.num = 128 (default)
2019-09-25 12:06:59,641 [pool-683-thread-1] INFO  server.RaftServerConfigKeys (ConfUtils.java:logGet(43)) - raft.server.log.statemachine.data.sync = true (default)
2019-09-25 12:06:59,641 [pool-683-thread-1] INFO  server.RaftServerConfigKeys (ConfUtils.java:logGet(43)) - raft.server.log.statemachine.data.sync.timeout = 10s (default)
2019-09-25 12:06:59,641 [pool-683-thread-1] INFO  server.RaftServerConfigKeys (ConfUtils.java:logGet(43)) - raft.server.log.statemachine.data.sync.timeout.retry = -1 (default)
2019-09-25 12:06:59,641 [pool-683-thread-1] INFO  server.RaftServerConfigKeys (ConfUtils.java:logGet(43)) - raft.server.log.statemachine.data.caching.enabled = true (custom)
2019-09-25 12:06:59,641 [pool-683-thread-1] INFO  segmented.SegmentedRaftLogWorker (SegmentedRaftLogWorker.java:lambda$new$0(132)) - f003a614-b318-424e-95ab-7ad6d1c0d2e6@group-BD54D31EE5C1-SegmentedRaftLogWorker: flushIndex: setUnconditionally 0 -> -1
2019-09-25 12:06:59,642 [pool-683-thread-1] INFO  server.RaftServerConfigKeys (ConfUtils.java:logGet(43)) - raft.server.snapshot.auto.trigger.enabled = true (custom)
2019-09-25 12:06:59,642 [pool-683-thread-1] INFO  server.RaftServerConfigKeys (ConfUtils.java:logGet(43)) - raft.server.snapshot.auto.trigger.threshold = 10000 (custom)
2019-09-25 12:06:59,642 [pool-683-thread-1] INFO  server.RaftServerConfigKeys (ConfUtils.java:logGet(43)) - raft.server.snapshot.retention.num.files = 5 (custom)
2019-09-25 12:06:59,642 [pool-683-thread-1] INFO  server.RaftServerConfigKeys (ConfUtils.java:logGet(43)) - raft.server.retrycache.expirytime = 600000ms (custom)
2019-09-25 12:06:59,644 [pool-683-thread-1] INFO  impl.RaftServerImpl (RaftServerImpl.java:start(185)) - f003a614-b318-424e-95ab-7ad6d1c0d2e6@group-BD54D31EE5C1: start as a follower, conf=-1: [f003a614-b318-424e-95ab-7ad6d1c0d2e6:192.168.151.73:41092], old=null
2019-09-25 12:06:59,644 [pool-683-thread-1] INFO  impl.RaftServerImpl (RaftServerImpl.java:setRole(174)) - f003a614-b318-424e-95ab-7ad6d1c0d2e6@group-BD54D31EE5C1: changes role from      null to FOLLOWER at term 0 for startAsFollower
2019-09-25 12:06:59,644 [pool-683-thread-1] INFO  impl.RoleInfo (RoleInfo.java:updateAndGet(143)) - f003a614-b318-424e-95ab-7ad6d1c0d2e6: start FollowerState
2019-09-25 12:06:59,645 [pool-683-thread-1] INFO  util.JmxRegister (JmxRegister.java:tryRegister(44)) - Successfully registered JMX Bean with object name Ratis:service=RaftServer,group=group-BD54D31EE5C1,id=f003a614-b318-424e-95ab-7ad6d1c0d2e6
2019-09-25 12:06:59,646 [RatisPipelineUtilsThread] INFO  pipeline.PipelineStateManager (PipelineStateManager.java:addPipeline(56)) - Created pipeline Pipeline[ Id: e48124f2-589c-4618-937f-bd54d31ee5c1, Nodes: f003a614-b318-424e-95ab-7ad6d1c0d2e6{ip: 192.168.151.73, host: pr-hdds-1569-shd4m-3693607622, networkLocation: /default-rack, certSerialId: null}, Type:RATIS, Factor:ONE, State:OPEN]
2019-09-25 12:06:59,646 [RatisPipelineUtilsThread] INFO  pipeline.PipelinePlacementPolicy (PipelinePlacementPolicy.java:meetCriteria(91)) - Pipeline Placement: can't place more pipeline on heavy datanode： 0b7c031f-92f6-4780-87e9-d12f3b75deed Heaviness: 6 limit: 5
2019-09-25 12:06:59,657 [grpc-default-executor-1] INFO  impl.RaftServerProxy (RaftServerProxy.java:addNew(89)) - 994e134d-9492-4c05-a584-6f6f537d8ad3: addNew group-4B89E0D1DE3E:[994e134d-9492-4c05-a584-6f6f537d8ad3:192.168.151.73:46064] returns group-4B89E0D1DE3E:java.util.concurrent.CompletableFuture@3d32acd8[Not completed]
2019-09-25 12:06:59,658 [pool-703-thread-1] INFO  impl.RaftServerImpl (RaftServerImpl.java:<init>(95)) - 994e134d-9492-4c05-a584-6f6f537d8ad3: new RaftServerImpl for group-4B89E0D1DE3E:[994e134d-9492-4c05-a584-6f6f537d8ad3:192.168.151.73:46064] with ContainerStateMachine:uninitialized
2019-09-25 12:06:59,658 [pool-703-thread-1] INFO  server.RaftServerConfigKeys (ConfUtils.java:logGet(43)) - raft.server.rpc.timeout.min = 5s (custom)
2019-09-25 12:06:59,658 [pool-703-thread-1] INFO  server.RaftServerConfigKeys (ConfUtils.java:logGet(43)) - raft.server.rpc.timeout.max = 5200ms (custom)
2019-09-25 12:06:59,658 [pool-703-thread-1] INFO  server.RaftServerConfigKeys (ConfUtils.java:logGet(43)) - raft.server.rpcslowness.timeout = 120s (custom)
2019-09-25 12:06:59,659 [pool-703-thread-1] INFO  server.RaftServerConfigKeys (ConfUtils.java:logGet(43)) - raft.server.sleep.deviation.threshold = 300 (default)
2019-09-25 12:06:59,659 [pool-703-thread-1] INFO  server.RaftServerConfigKeys (ConfUtils.java:logGet(43)) - raft.server.log.appender.install.snapshot.enabled = false (custom)
2019-09-25 12:06:59,659 [pool-703-thread-1] INFO  impl.RaftServerImpl (ServerState.java:<init>(103)) - 994e134d-9492-4c05-a584-6f6f537d8ad3@group-4B89E0D1DE3E: ConfigurationManager, init=-1: [994e134d-9492-4c05-a584-6f6f537d8ad3:192.168.151.73:46064], old=null, confs=<EMPTY_MAP>
2019-09-25 12:06:59,659 [pool-703-thread-1] INFO  server.RaftServerConfigKeys (ConfUtils.java:logGet(43)) - raft.server.storage.dir = [/workdir/hadoop-ozone/integration-test/target/test-dir/MiniOzoneClusterImpl-ed40a7f8-0b2f-4da3-bf53-40ad2b647f29/datanode-3/data/ratis] (custom)
2019-09-25 12:06:59,659 [pool-703-thread-1] INFO  storage.RaftStorageDirectory (RaftStorageDirectory.java:analyzeStorage(246)) - The storage directory /workdir/hadoop-ozone/integration-test/target/test-dir/MiniOzoneClusterImpl-ed40a7f8-0b2f-4da3-bf53-40ad2b647f29/datanode-3/data/ratis/fe15630f-17a8-4e1e-98fe-4b89e0d1de3e does not exist. Creating ...
2019-09-25 12:06:59,673 [pool-703-thread-1] INFO  storage.RaftStorageDirectory (RaftStorageDirectory.java:tryLock(328)) - Lock on /workdir/hadoop-ozone/integration-test/target/test-dir/MiniOzoneClusterImpl-ed40a7f8-0b2f-4da3-bf53-40ad2b647f29/datanode-3/data/ratis/fe15630f-17a8-4e1e-98fe-4b89e0d1de3e/in_use.lock acquired by nodename 24979@pr-hdds-1569-shd4m-3693607622
2019-09-25 12:06:59,685 [pool-703-thread-1] INFO  storage.RaftStorage (RaftStorage.java:format(72)) - Storage directory /workdir/hadoop-ozone/integration-test/target/test-dir/MiniOzoneClusterImpl-ed40a7f8-0b2f-4da3-bf53-40ad2b647f29/datanode-3/data/ratis/fe15630f-17a8-4e1e-98fe-4b89e0d1de3e has been successfully formatted.
2019-09-25 12:06:59,686 [pool-703-thread-1] INFO  ratis.ContainerStateMachine (ContainerStateMachine.java:loadSnapshot(230)) - group-4B89E0D1DE3E: The snapshot info is null. Setting the last applied indexto:(t:0, i:~)
2019-09-25 12:06:59,686 [pool-703-thread-1] INFO  server.RaftServerConfigKeys (ConfUtils.java:logGet(43)) - raft.server.notification.no-leader.timeout = 120s (custom)
2019-09-25 12:06:59,686 [pool-703-thread-1] INFO  server.RaftServerConfigKeys (ConfUtils.java:logGet(43)) - raft.server.log.use.memory = false (default)
2019-09-25 12:06:59,686 [pool-703-thread-1] INFO  server.RaftServerConfigKeys (ConfUtils.java:logGet(43)) - raft.server.log.purge.gap = 1000000 (custom)
2019-09-25 12:06:59,686 [pool-703-thread-1] INFO  server.RaftServerConfigKeys (ConfUtils.java:logGet(43)) - raft.server.log.appender.buffer.byte-limit = 33554432 (custom)
2019-09-25 12:06:59,686 [pool-703-thread-1] INFO  server.RaftServerConfigKeys (ConfUtils.java:logGet(43)) - raft.server.log.segment.size.max = 1048576 (custom)
2019-09-25 12:06:59,687 [pool-703-thread-1] INFO  server.RaftServerConfigKeys (ConfUtils.java:logGet(43)) - raft.server.log.segment.cache.num.max = 2 (custom)
2019-09-25 12:06:59,687 [pool-703-thread-1] INFO  segmented.SegmentedRaftLogWorker (SegmentedRaftLogWorker.java:<init>(172)) - new 994e134d-9492-4c05-a584-6f6f537d8ad3@group-4B89E0D1DE3E-SegmentedRaftLogWorker for RaftStorage:Storage Directory /workdir/hadoop-ozone/integration-test/target/test-dir/MiniOzoneClusterImpl-ed40a7f8-0b2f-4da3-bf53-40ad2b647f29/datanode-3/data/ratis/fe15630f-17a8-4e1e-98fe-4b89e0d1de3e
2019-09-25 12:06:59,689 [pool-703-thread-1] INFO  server.RaftServerConfigKeys (ConfUtils.java:logGet(43)) - raft.server.log.queue.byte-limit = 2147483647 (custom)
2019-09-25 12:06:59,689 [pool-703-thread-1] INFO  server.RaftServerConfigKeys (ConfUtils.java:logGet(43)) - raft.server.log.queue.element-limit = 1024 (custom)
2019-09-25 12:06:59,689 [pool-703-thread-1] INFO  server.RaftServerConfigKeys (ConfUtils.java:logGet(43)) - raft.server.log.segment.size.max = 1048576 (custom)
2019-09-25 12:06:59,689 [pool-703-thread-1] INFO  server.RaftServerConfigKeys (ConfUtils.java:logGet(43)) - raft.server.log.preallocated.size = 16384 (custom)
2019-09-25 12:06:59,689 [pool-703-thread-1] INFO  server.RaftServerConfigKeys (ConfUtils.java:logGet(43)) - raft.server.log.write.buffer.size = 33554432 (custom)
2019-09-25 12:06:59,690 [pool-703-thread-1] INFO  server.RaftServerConfigKeys (ConfUtils.java:logGet(43)) - raft.server.log.force.sync.num = 128 (default)
2019-09-25 12:06:59,690 [pool-703-thread-1] INFO  server.RaftServerConfigKeys (ConfUtils.java:logGet(43)) - raft.server.log.statemachine.data.sync = true (default)
2019-09-25 12:06:59,690 [pool-703-thread-1] INFO  server.RaftServerConfigKeys (ConfUtils.java:logGet(43)) - raft.server.log.statemachine.data.sync.timeout = 10s (default)
2019-09-25 12:06:59,690 [pool-703-thread-1] INFO  server.RaftServerConfigKeys (ConfUtils.java:logGet(43)) - raft.server.log.statemachine.data.sync.timeout.retry = -1 (default)
2019-09-25 12:06:59,690 [pool-703-thread-1] INFO  server.RaftServerConfigKeys (ConfUtils.java:logGet(43)) - raft.server.log.statemachine.data.caching.enabled = true (custom)
2019-09-25 12:06:59,691 [pool-703-thread-1] INFO  segmented.SegmentedRaftLogWorker (SegmentedRaftLogWorker.java:lambda$new$0(132)) - 994e134d-9492-4c05-a584-6f6f537d8ad3@group-4B89E0D1DE3E-SegmentedRaftLogWorker: flushIndex: setUnconditionally 0 -> -1
2019-09-25 12:06:59,691 [pool-703-thread-1] INFO  server.RaftServerConfigKeys (ConfUtils.java:logGet(43)) - raft.server.snapshot.auto.trigger.enabled = true (custom)
2019-09-25 12:06:59,691 [pool-703-thread-1] INFO  server.RaftServerConfigKeys (ConfUtils.java:logGet(43)) - raft.server.snapshot.auto.trigger.threshold = 10000 (custom)
2019-09-25 12:06:59,691 [pool-703-thread-1] INFO  server.RaftServerConfigKeys (ConfUtils.java:logGet(43)) - raft.server.snapshot.retention.num.files = 5 (custom)
2019-09-25 12:06:59,691 [pool-703-thread-1] INFO  server.RaftServerConfigKeys (ConfUtils.java:logGet(43)) - raft.server.retrycache.expirytime = 600000ms (custom)
2019-09-25 12:06:59,693 [pool-703-thread-1] INFO  impl.RaftServerImpl (RaftServerImpl.java:start(185)) - 994e134d-9492-4c05-a584-6f6f537d8ad3@group-4B89E0D1DE3E: start as a follower, conf=-1: [994e134d-9492-4c05-a584-6f6f537d8ad3:192.168.151.73:46064], old=null
2019-09-25 12:06:59,693 [pool-703-thread-1] INFO  impl.RaftServerImpl (RaftServerImpl.java:setRole(174)) - 994e134d-9492-4c05-a584-6f6f537d8ad3@group-4B89E0D1DE3E: changes role from      null to FOLLOWER at term 0 for startAsFollower
2019-09-25 12:06:59,693 [pool-703-thread-1] INFO  impl.RoleInfo (RoleInfo.java:updateAndGet(143)) - 994e134d-9492-4c05-a584-6f6f537d8ad3: start FollowerState
2019-09-25 12:06:59,694 [pool-703-thread-1] INFO  util.JmxRegister (JmxRegister.java:tryRegister(44)) - Successfully registered JMX Bean with object name Ratis:service=RaftServer,group=group-4B89E0D1DE3E,id=994e134d-9492-4c05-a584-6f6f537d8ad3
2019-09-25 12:06:59,696 [RatisPipelineUtilsThread] INFO  pipeline.PipelineStateManager (PipelineStateManager.java:addPipeline(56)) - Created pipeline Pipeline[ Id: fe15630f-17a8-4e1e-98fe-4b89e0d1de3e, Nodes: 994e134d-9492-4c05-a584-6f6f537d8ad3{ip: 192.168.151.73, host: pr-hdds-1569-shd4m-3693607622, networkLocation: /default-rack, certSerialId: null}, Type:RATIS, Factor:ONE, State:OPEN]
2019-09-25 12:06:59,696 [RatisPipelineUtilsThread] INFO  pipeline.PipelinePlacementPolicy (PipelinePlacementPolicy.java:meetCriteria(91)) - Pipeline Placement: can't place more pipeline on heavy datanode： 0b7c031f-92f6-4780-87e9-d12f3b75deed Heaviness: 6 limit: 5
2019-09-25 12:06:59,698 [IPC Server handler 2 on 34190] INFO  net.NetworkTopology (NetworkTopologyImpl.java:add(111)) - Added a new node: /default-rack/f4c1a9a1-2d51-404c-8ce9-40a1851b7a0b
2019-09-25 12:06:59,698 [IPC Server handler 2 on 34190] INFO  node.SCMNodeManager (SCMNodeManager.java:register(266)) - Registered Data node : f4c1a9a1-2d51-404c-8ce9-40a1851b7a0b{ip: 192.168.151.73, host: pr-hdds-1569-shd4m-3693607622, networkLocation: /default-rack, certSerialId: null}
2019-09-25 12:06:59,706 [grpc-default-executor-1] INFO  impl.RaftServerProxy (RaftServerProxy.java:addNew(89)) - a18b28f5-0b39-4e24-a9bc-e0bed51b7d30: addNew group-ED12CE842CB5:[a18b28f5-0b39-4e24-a9bc-e0bed51b7d30:192.168.151.73:44690] returns group-ED12CE842CB5:java.util.concurrent.CompletableFuture@795b54cc[Not completed]
2019-09-25 12:06:59,707 [pool-713-thread-1] INFO  impl.RaftServerImpl (RaftServerImpl.java:<init>(95)) - a18b28f5-0b39-4e24-a9bc-e0bed51b7d30: new RaftServerImpl for group-ED12CE842CB5:[a18b28f5-0b39-4e24-a9bc-e0bed51b7d30:192.168.151.73:44690] with ContainerStateMachine:uninitialized
2019-09-25 12:06:59,707 [pool-713-thread-1] INFO  server.RaftServerConfigKeys (ConfUtils.java:logGet(43)) - raft.server.rpc.timeout.min = 5s (custom)
2019-09-25 12:06:59,707 [pool-713-thread-1] INFO  server.RaftServerConfigKeys (ConfUtils.java:logGet(43)) - raft.server.rpc.timeout.max = 5200ms (custom)
2019-09-25 12:06:59,707 [pool-713-thread-1] INFO  server.RaftServerConfigKeys (ConfUtils.java:logGet(43)) - raft.server.rpcslowness.timeout = 120s (custom)
2019-09-25 12:06:59,707 [pool-713-thread-1] INFO  server.RaftServerConfigKeys (ConfUtils.java:logGet(43)) - raft.server.sleep.deviation.threshold = 300 (default)
2019-09-25 12:06:59,707 [pool-713-thread-1] INFO  server.RaftServerConfigKeys (ConfUtils.java:logGet(43)) - raft.server.log.appender.install.snapshot.enabled = false (custom)
2019-09-25 12:06:59,707 [pool-713-thread-1] INFO  impl.RaftServerImpl (ServerState.java:<init>(103)) - a18b28f5-0b39-4e24-a9bc-e0bed51b7d30@group-ED12CE842CB5: ConfigurationManager, init=-1: [a18b28f5-0b39-4e24-a9bc-e0bed51b7d30:192.168.151.73:44690], old=null, confs=<EMPTY_MAP>
2019-09-25 12:06:59,707 [pool-713-thread-1] INFO  server.RaftServerConfigKeys (ConfUtils.java:logGet(43)) - raft.server.storage.dir = [/workdir/hadoop-ozone/integration-test/target/test-dir/MiniOzoneClusterImpl-ed40a7f8-0b2f-4da3-bf53-40ad2b647f29/datanode-4/data/ratis] (custom)
2019-09-25 12:06:59,708 [pool-713-thread-1] INFO  storage.RaftStorageDirectory (RaftStorageDirectory.java:analyzeStorage(246)) - The storage directory /workdir/hadoop-ozone/integration-test/target/test-dir/MiniOzoneClusterImpl-ed40a7f8-0b2f-4da3-bf53-40ad2b647f29/datanode-4/data/ratis/68e79586-556c-46bd-8450-ed12ce842cb5 does not exist. Creating ...
2019-09-25 12:06:59,722 [pool-713-thread-1] INFO  storage.RaftStorageDirectory (RaftStorageDirectory.java:tryLock(328)) - Lock on /workdir/hadoop-ozone/integration-test/target/test-dir/MiniOzoneClusterImpl-ed40a7f8-0b2f-4da3-bf53-40ad2b647f29/datanode-4/data/ratis/68e79586-556c-46bd-8450-ed12ce842cb5/in_use.lock acquired by nodename 24979@pr-hdds-1569-shd4m-3693607622
2019-09-25 12:06:59,735 [pool-713-thread-1] INFO  storage.RaftStorage (RaftStorage.java:format(72)) - Storage directory /workdir/hadoop-ozone/integration-test/target/test-dir/MiniOzoneClusterImpl-ed40a7f8-0b2f-4da3-bf53-40ad2b647f29/datanode-4/data/ratis/68e79586-556c-46bd-8450-ed12ce842cb5 has been successfully formatted.
2019-09-25 12:06:59,735 [pool-713-thread-1] INFO  ratis.ContainerStateMachine (ContainerStateMachine.java:loadSnapshot(230)) - group-ED12CE842CB5: The snapshot info is null. Setting the last applied indexto:(t:0, i:~)
2019-09-25 12:06:59,735 [pool-713-thread-1] INFO  server.RaftServerConfigKeys (ConfUtils.java:logGet(43)) - raft.server.notification.no-leader.timeout = 120s (custom)
2019-09-25 12:06:59,735 [pool-713-thread-1] INFO  server.RaftServerConfigKeys (ConfUtils.java:logGet(43)) - raft.server.log.use.memory = false (default)
2019-09-25 12:06:59,736 [pool-713-thread-1] INFO  server.RaftServerConfigKeys (ConfUtils.java:logGet(43)) - raft.server.log.purge.gap = 1000000 (custom)
2019-09-25 12:06:59,736 [pool-713-thread-1] INFO  server.RaftServerConfigKeys (ConfUtils.java:logGet(43)) - raft.server.log.appender.buffer.byte-limit = 33554432 (custom)
2019-09-25 12:06:59,736 [pool-713-thread-1] INFO  server.RaftServerConfigKeys (ConfUtils.java:logGet(43)) - raft.server.log.segment.size.max = 1048576 (custom)
2019-09-25 12:06:59,736 [pool-713-thread-1] INFO  server.RaftServerConfigKeys (ConfUtils.java:logGet(43)) - raft.server.log.segment.cache.num.max = 2 (custom)
2019-09-25 12:06:59,736 [pool-713-thread-1] INFO  segmented.SegmentedRaftLogWorker (SegmentedRaftLogWorker.java:<init>(172)) - new a18b28f5-0b39-4e24-a9bc-e0bed51b7d30@group-ED12CE842CB5-SegmentedRaftLogWorker for RaftStorage:Storage Directory /workdir/hadoop-ozone/integration-test/target/test-dir/MiniOzoneClusterImpl-ed40a7f8-0b2f-4da3-bf53-40ad2b647f29/datanode-4/data/ratis/68e79586-556c-46bd-8450-ed12ce842cb5
2019-09-25 12:06:59,738 [pool-713-thread-1] INFO  server.RaftServerConfigKeys (ConfUtils.java:logGet(43)) - raft.server.log.queue.byte-limit = 2147483647 (custom)
2019-09-25 12:06:59,738 [pool-713-thread-1] INFO  server.RaftServerConfigKeys (ConfUtils.java:logGet(43)) - raft.server.log.queue.element-limit = 1024 (custom)
2019-09-25 12:06:59,739 [pool-713-thread-1] INFO  server.RaftServerConfigKeys (ConfUtils.java:logGet(43)) - raft.server.log.segment.size.max = 1048576 (custom)
2019-09-25 12:06:59,739 [pool-713-thread-1] INFO  server.RaftServerConfigKeys (ConfUtils.java:logGet(43)) - raft.server.log.preallocated.size = 16384 (custom)
2019-09-25 12:06:59,739 [pool-713-thread-1] INFO  server.RaftServerConfigKeys (ConfUtils.java:logGet(43)) - raft.server.log.write.buffer.size = 33554432 (custom)
2019-09-25 12:06:59,739 [pool-713-thread-1] INFO  server.RaftServerConfigKeys (ConfUtils.java:logGet(43)) - raft.server.log.force.sync.num = 128 (default)
2019-09-25 12:06:59,739 [pool-713-thread-1] INFO  server.RaftServerConfigKeys (ConfUtils.java:logGet(43)) - raft.server.log.statemachine.data.sync = true (default)
2019-09-25 12:06:59,739 [pool-713-thread-1] INFO  server.RaftServerConfigKeys (ConfUtils.java:logGet(43)) - raft.server.log.statemachine.data.sync.timeout = 10s (default)
2019-09-25 12:06:59,740 [pool-713-thread-1] INFO  server.RaftServerConfigKeys (ConfUtils.java:logGet(43)) - raft.server.log.statemachine.data.sync.timeout.retry = -1 (default)
2019-09-25 12:06:59,740 [pool-713-thread-1] INFO  server.RaftServerConfigKeys (ConfUtils.java:logGet(43)) - raft.server.log.statemachine.data.caching.enabled = true (custom)
2019-09-25 12:06:59,740 [pool-713-thread-1] INFO  segmented.SegmentedRaftLogWorker (SegmentedRaftLogWorker.java:lambda$new$0(132)) - a18b28f5-0b39-4e24-a9bc-e0bed51b7d30@group-ED12CE842CB5-SegmentedRaftLogWorker: flushIndex: setUnconditionally 0 -> -1
2019-09-25 12:06:59,740 [pool-713-thread-1] INFO  server.RaftServerConfigKeys (ConfUtils.java:logGet(43)) - raft.server.snapshot.auto.trigger.enabled = true (custom)
2019-09-25 12:06:59,741 [pool-713-thread-1] INFO  server.RaftServerConfigKeys (ConfUtils.java:logGet(43)) - raft.server.snapshot.auto.trigger.threshold = 10000 (custom)
2019-09-25 12:06:59,741 [pool-713-thread-1] INFO  server.RaftServerConfigKeys (ConfUtils.java:logGet(43)) - raft.server.snapshot.retention.num.files = 5 (custom)
2019-09-25 12:06:59,741 [pool-713-thread-1] INFO  server.RaftServerConfigKeys (ConfUtils.java:logGet(43)) - raft.server.retrycache.expirytime = 600000ms (custom)
2019-09-25 12:06:59,742 [pool-713-thread-1] INFO  impl.RaftServerImpl (RaftServerImpl.java:start(185)) - a18b28f5-0b39-4e24-a9bc-e0bed51b7d30@group-ED12CE842CB5: start as a follower, conf=-1: [a18b28f5-0b39-4e24-a9bc-e0bed51b7d30:192.168.151.73:44690], old=null
2019-09-25 12:06:59,743 [pool-713-thread-1] INFO  impl.RaftServerImpl (RaftServerImpl.java:setRole(174)) - a18b28f5-0b39-4e24-a9bc-e0bed51b7d30@group-ED12CE842CB5: changes role from      null to FOLLOWER at term 0 for startAsFollower
2019-09-25 12:06:59,743 [pool-713-thread-1] INFO  impl.RoleInfo (RoleInfo.java:updateAndGet(143)) - a18b28f5-0b39-4e24-a9bc-e0bed51b7d30: start FollowerState
2019-09-25 12:06:59,743 [pool-713-thread-1] INFO  util.JmxRegister (JmxRegister.java:tryRegister(44)) - Successfully registered JMX Bean with object name Ratis:service=RaftServer,group=group-ED12CE842CB5,id=a18b28f5-0b39-4e24-a9bc-e0bed51b7d30
2019-09-25 12:06:59,745 [RatisPipelineUtilsThread] INFO  pipeline.PipelineStateManager (PipelineStateManager.java:addPipeline(56)) - Created pipeline Pipeline[ Id: 68e79586-556c-46bd-8450-ed12ce842cb5, Nodes: a18b28f5-0b39-4e24-a9bc-e0bed51b7d30{ip: 192.168.151.73, host: pr-hdds-1569-shd4m-3693607622, networkLocation: /default-rack, certSerialId: null}, Type:RATIS, Factor:ONE, State:OPEN]
2019-09-25 12:06:59,745 [RatisPipelineUtilsThread] INFO  pipeline.PipelinePlacementPolicy (PipelinePlacementPolicy.java:meetCriteria(91)) - Pipeline Placement: can't place more pipeline on heavy datanode： 0b7c031f-92f6-4780-87e9-d12f3b75deed Heaviness: 6 limit: 5
2019-09-25 12:06:59,749 [grpc-default-executor-1] INFO  impl.RaftServerProxy (RaftServerProxy.java:addNew(89)) - 994e134d-9492-4c05-a584-6f6f537d8ad3: addNew group-06E1373689ED:[994e134d-9492-4c05-a584-6f6f537d8ad3:192.168.151.73:46064] returns group-06E1373689ED:java.util.concurrent.CompletableFuture@7a9cbb95[Not completed]
2019-09-25 12:06:59,750 [pool-703-thread-1] INFO  impl.RaftServerImpl (RaftServerImpl.java:<init>(95)) - 994e134d-9492-4c05-a584-6f6f537d8ad3: new RaftServerImpl for group-06E1373689ED:[994e134d-9492-4c05-a584-6f6f537d8ad3:192.168.151.73:46064] with ContainerStateMachine:uninitialized
2019-09-25 12:06:59,750 [pool-703-thread-1] INFO  server.RaftServerConfigKeys (ConfUtils.java:logGet(43)) - raft.server.rpc.timeout.min = 5s (custom)
2019-09-25 12:06:59,750 [pool-703-thread-1] INFO  server.RaftServerConfigKeys (ConfUtils.java:logGet(43)) - raft.server.rpc.timeout.max = 5200ms (custom)
2019-09-25 12:06:59,750 [pool-703-thread-1] INFO  server.RaftServerConfigKeys (ConfUtils.java:logGet(43)) - raft.server.rpcslowness.timeout = 120s (custom)
2019-09-25 12:06:59,750 [pool-703-thread-1] INFO  server.RaftServerConfigKeys (ConfUtils.java:logGet(43)) - raft.server.sleep.deviation.threshold = 300 (default)
2019-09-25 12:06:59,750 [pool-703-thread-1] INFO  server.RaftServerConfigKeys (ConfUtils.java:logGet(43)) - raft.server.log.appender.install.snapshot.enabled = false (custom)
2019-09-25 12:06:59,751 [pool-703-thread-1] INFO  impl.RaftServerImpl (ServerState.java:<init>(103)) - 994e134d-9492-4c05-a584-6f6f537d8ad3@group-06E1373689ED: ConfigurationManager, init=-1: [994e134d-9492-4c05-a584-6f6f537d8ad3:192.168.151.73:46064], old=null, confs=<EMPTY_MAP>
2019-09-25 12:06:59,751 [pool-703-thread-1] INFO  server.RaftServerConfigKeys (ConfUtils.java:logGet(43)) - raft.server.storage.dir = [/workdir/hadoop-ozone/integration-test/target/test-dir/MiniOzoneClusterImpl-ed40a7f8-0b2f-4da3-bf53-40ad2b647f29/datanode-3/data/ratis] (custom)
2019-09-25 12:06:59,751 [pool-703-thread-1] INFO  storage.RaftStorageDirectory (RaftStorageDirectory.java:analyzeStorage(246)) - The storage directory /workdir/hadoop-ozone/integration-test/target/test-dir/MiniOzoneClusterImpl-ed40a7f8-0b2f-4da3-bf53-40ad2b647f29/datanode-3/data/ratis/79edbf33-ee48-47c7-ba54-06e1373689ed does not exist. Creating ...
2019-09-25 12:06:59,762 [IPC Server handler 4 on 34190] INFO  net.NetworkTopology (NetworkTopologyImpl.java:add(111)) - Added a new node: /default-rack/ab153cfe-456a-45f5-b16c-7616a9ae7eb2
2019-09-25 12:06:59,762 [IPC Server handler 4 on 34190] INFO  node.SCMNodeManager (SCMNodeManager.java:register(266)) - Registered Data node : ab153cfe-456a-45f5-b16c-7616a9ae7eb2{ip: 192.168.151.73, host: pr-hdds-1569-shd4m-3693607622, networkLocation: /default-rack, certSerialId: null}
2019-09-25 12:06:59,762 [main] INFO  ozone.MiniOzoneClusterImpl (MiniOzoneClusterImpl.java:lambda$waitForClusterToBeReady$0(147)) - Cluster is ready. Got 7 of 7 DN Heartbeats.
2019-09-25 12:06:59,763 [pool-703-thread-1] INFO  storage.RaftStorageDirectory (RaftStorageDirectory.java:tryLock(328)) - Lock on /workdir/hadoop-ozone/integration-test/target/test-dir/MiniOzoneClusterImpl-ed40a7f8-0b2f-4da3-bf53-40ad2b647f29/datanode-3/data/ratis/79edbf33-ee48-47c7-ba54-06e1373689ed/in_use.lock acquired by nodename 24979@pr-hdds-1569-shd4m-3693607622
2019-09-25 12:06:59,777 [pool-703-thread-1] INFO  storage.RaftStorage (RaftStorage.java:format(72)) - Storage directory /workdir/hadoop-ozone/integration-test/target/test-dir/MiniOzoneClusterImpl-ed40a7f8-0b2f-4da3-bf53-40ad2b647f29/datanode-3/data/ratis/79edbf33-ee48-47c7-ba54-06e1373689ed has been successfully formatted.
2019-09-25 12:06:59,778 [pool-703-thread-1] INFO  ratis.ContainerStateMachine (ContainerStateMachine.java:loadSnapshot(230)) - group-06E1373689ED: The snapshot info is null. Setting the last applied indexto:(t:0, i:~)
2019-09-25 12:06:59,778 [pool-703-thread-1] INFO  server.RaftServerConfigKeys (ConfUtils.java:logGet(43)) - raft.server.notification.no-leader.timeout = 120s (custom)
2019-09-25 12:06:59,778 [pool-703-thread-1] INFO  server.RaftServerConfigKeys (ConfUtils.java:logGet(43)) - raft.server.log.use.memory = false (default)
2019-09-25 12:06:59,778 [pool-703-thread-1] INFO  server.RaftServerConfigKeys (ConfUtils.java:logGet(43)) - raft.server.log.purge.gap = 1000000 (custom)
2019-09-25 12:06:59,779 [pool-703-thread-1] INFO  server.RaftServerConfigKeys (ConfUtils.java:logGet(43)) - raft.server.log.appender.buffer.byte-limit = 33554432 (custom)
2019-09-25 12:06:59,779 [pool-703-thread-1] INFO  server.RaftServerConfigKeys (ConfUtils.java:logGet(43)) - raft.server.log.segment.size.max = 1048576 (custom)
2019-09-25 12:06:59,779 [pool-703-thread-1] INFO  server.RaftServerConfigKeys (ConfUtils.java:logGet(43)) - raft.server.log.segment.cache.num.max = 2 (custom)
2019-09-25 12:06:59,780 [pool-703-thread-1] INFO  segmented.SegmentedRaftLogWorker (SegmentedRaftLogWorker.java:<init>(172)) - new 994e134d-9492-4c05-a584-6f6f537d8ad3@group-06E1373689ED-SegmentedRaftLogWorker for RaftStorage:Storage Directory /workdir/hadoop-ozone/integration-test/target/test-dir/MiniOzoneClusterImpl-ed40a7f8-0b2f-4da3-bf53-40ad2b647f29/datanode-3/data/ratis/79edbf33-ee48-47c7-ba54-06e1373689ed
2019-09-25 12:06:59,780 [pool-703-thread-1] INFO  server.RaftServerConfigKeys (ConfUtils.java:logGet(43)) - raft.server.log.queue.byte-limit = 2147483647 (custom)
2019-09-25 12:06:59,780 [pool-703-thread-1] INFO  server.RaftServerConfigKeys (ConfUtils.java:logGet(43)) - raft.server.log.queue.element-limit = 1024 (custom)
2019-09-25 12:06:59,780 [pool-703-thread-1] INFO  server.RaftServerConfigKeys (ConfUtils.java:logGet(43)) - raft.server.log.segment.size.max = 1048576 (custom)
2019-09-25 12:06:59,780 [pool-703-thread-1] INFO  server.RaftServerConfigKeys (ConfUtils.java:logGet(43)) - raft.server.log.preallocated.size = 16384 (custom)
2019-09-25 12:06:59,785 [pool-703-thread-1] INFO  server.RaftServerConfigKeys (ConfUtils.java:logGet(43)) - raft.server.log.write.buffer.size = 33554432 (custom)
2019-09-25 12:06:59,785 [pool-703-thread-1] INFO  server.RaftServerConfigKeys (ConfUtils.java:logGet(43)) - raft.server.log.force.sync.num = 128 (default)
2019-09-25 12:06:59,785 [pool-703-thread-1] INFO  server.RaftServerConfigKeys (ConfUtils.java:logGet(43)) - raft.server.log.statemachine.data.sync = true (default)
2019-09-25 12:06:59,785 [pool-703-thread-1] INFO  server.RaftServerConfigKeys (ConfUtils.java:logGet(43)) - raft.server.log.statemachine.data.sync.timeout = 10s (default)
2019-09-25 12:06:59,813 [pool-703-thread-1] INFO  server.RaftServerConfigKeys (ConfUtils.java:logGet(43)) - raft.server.log.statemachine.data.sync.timeout.retry = -1 (default)
2019-09-25 12:06:59,813 [pool-703-thread-1] INFO  server.RaftServerConfigKeys (ConfUtils.java:logGet(43)) - raft.server.log.statemachine.data.caching.enabled = true (custom)
2019-09-25 12:06:59,814 [pool-703-thread-1] INFO  segmented.SegmentedRaftLogWorker (SegmentedRaftLogWorker.java:lambda$new$0(132)) - 994e134d-9492-4c05-a584-6f6f537d8ad3@group-06E1373689ED-SegmentedRaftLogWorker: flushIndex: setUnconditionally 0 -> -1
2019-09-25 12:06:59,814 [pool-703-thread-1] INFO  server.RaftServerConfigKeys (ConfUtils.java:logGet(43)) - raft.server.snapshot.auto.trigger.enabled = true (custom)
2019-09-25 12:06:59,814 [pool-703-thread-1] INFO  server.RaftServerConfigKeys (ConfUtils.java:logGet(43)) - raft.server.snapshot.auto.trigger.threshold = 10000 (custom)
2019-09-25 12:06:59,814 [pool-703-thread-1] INFO  server.RaftServerConfigKeys (ConfUtils.java:logGet(43)) - raft.server.snapshot.retention.num.files = 5 (custom)
2019-09-25 12:06:59,815 [pool-703-thread-1] INFO  server.RaftServerConfigKeys (ConfUtils.java:logGet(43)) - raft.server.retrycache.expirytime = 600000ms (custom)
2019-09-25 12:06:59,817 [pool-703-thread-1] INFO  impl.RaftServerImpl (RaftServerImpl.java:start(185)) - 994e134d-9492-4c05-a584-6f6f537d8ad3@group-06E1373689ED: start as a follower, conf=-1: [994e134d-9492-4c05-a584-6f6f537d8ad3:192.168.151.73:46064], old=null
2019-09-25 12:06:59,817 [pool-703-thread-1] INFO  impl.RaftServerImpl (RaftServerImpl.java:setRole(174)) - 994e134d-9492-4c05-a584-6f6f537d8ad3@group-06E1373689ED: changes role from      null to FOLLOWER at term 0 for startAsFollower
2019-09-25 12:06:59,817 [pool-703-thread-1] INFO  impl.RoleInfo (RoleInfo.java:updateAndGet(143)) - 994e134d-9492-4c05-a584-6f6f537d8ad3: start FollowerState
2019-09-25 12:06:59,822 [pool-703-thread-1] INFO  util.JmxRegister (JmxRegister.java:tryRegister(44)) - Successfully registered JMX Bean with object name Ratis:service=RaftServer,group=group-06E1373689ED,id=994e134d-9492-4c05-a584-6f6f537d8ad3
2019-09-25 12:06:59,824 [main] INFO  rpc.RpcClient (RpcClient.java:createVolume(276)) - Creating Volume: testblockoutputstream, with jenkins1000 as owner.
2019-09-25 12:06:59,824 [RatisPipelineUtilsThread] INFO  pipeline.PipelineStateManager (PipelineStateManager.java:addPipeline(56)) - Created pipeline Pipeline[ Id: 79edbf33-ee48-47c7-ba54-06e1373689ed, Nodes: 994e134d-9492-4c05-a584-6f6f537d8ad3{ip: 192.168.151.73, host: pr-hdds-1569-shd4m-3693607622, networkLocation: /default-rack, certSerialId: null}, Type:RATIS, Factor:ONE, State:OPEN]
2019-09-25 12:06:59,824 [RatisPipelineUtilsThread] INFO  pipeline.PipelinePlacementPolicy (PipelinePlacementPolicy.java:meetCriteria(91)) - Pipeline Placement: can't place more pipeline on heavy datanode： 0b7c031f-92f6-4780-87e9-d12f3b75deed Heaviness: 6 limit: 5
2019-09-25 12:06:59,827 [IPC Server handler 2 on 37928] INFO  volume.OMVolumeCreateRequest (OMVolumeCreateRequest.java:validateAndUpdateCache(189)) - created volume:testblockoutputstream for user:jenkins1000
2019-09-25 12:06:59,873 [grpc-default-executor-1] INFO  impl.RaftServerProxy (RaftServerProxy.java:addNew(89)) - a3a55b85-6532-4add-86b9-f60c9f262632: addNew group-DB3AEB408921:[a3a55b85-6532-4add-86b9-f60c9f262632:192.168.151.73:37389] returns group-DB3AEB408921:java.util.concurrent.CompletableFuture@17005445[Not completed]
2019-09-25 12:06:59,874 [pool-693-thread-1] INFO  impl.RaftServerImpl (RaftServerImpl.java:<init>(95)) - a3a55b85-6532-4add-86b9-f60c9f262632: new RaftServerImpl for group-DB3AEB408921:[a3a55b85-6532-4add-86b9-f60c9f262632:192.168.151.73:37389] with ContainerStateMachine:uninitialized
2019-09-25 12:06:59,874 [main] INFO  rpc.RpcClient (RpcClient.java:createBucket(415)) - Creating Bucket: testblockoutputstream/testblockoutputstream, with Versioning false and Storage Type set to DISK and Encryption set to false 
2019-09-25 12:06:59,874 [pool-693-thread-1] INFO  server.RaftServerConfigKeys (ConfUtils.java:logGet(43)) - raft.server.rpc.timeout.min = 5s (custom)
2019-09-25 12:06:59,874 [pool-693-thread-1] INFO  server.RaftServerConfigKeys (ConfUtils.java:logGet(43)) - raft.server.rpc.timeout.max = 5200ms (custom)
2019-09-25 12:06:59,875 [pool-693-thread-1] INFO  server.RaftServerConfigKeys (ConfUtils.java:logGet(43)) - raft.server.rpcslowness.timeout = 120s (custom)
2019-09-25 12:06:59,875 [pool-693-thread-1] INFO  server.RaftServerConfigKeys (ConfUtils.java:logGet(43)) - raft.server.sleep.deviation.threshold = 300 (default)
2019-09-25 12:06:59,875 [pool-693-thread-1] INFO  server.RaftServerConfigKeys (ConfUtils.java:logGet(43)) - raft.server.log.appender.install.snapshot.enabled = false (custom)
2019-09-25 12:06:59,875 [pool-693-thread-1] INFO  impl.RaftServerImpl (ServerState.java:<init>(103)) - a3a55b85-6532-4add-86b9-f60c9f262632@group-DB3AEB408921: ConfigurationManager, init=-1: [a3a55b85-6532-4add-86b9-f60c9f262632:192.168.151.73:37389], old=null, confs=<EMPTY_MAP>
2019-09-25 12:06:59,875 [pool-693-thread-1] INFO  server.RaftServerConfigKeys (ConfUtils.java:logGet(43)) - raft.server.storage.dir = [/workdir/hadoop-ozone/integration-test/target/test-dir/MiniOzoneClusterImpl-ed40a7f8-0b2f-4da3-bf53-40ad2b647f29/datanode-2/data/ratis] (custom)
2019-09-25 12:06:59,876 [pool-693-thread-1] INFO  storage.RaftStorageDirectory (RaftStorageDirectory.java:analyzeStorage(246)) - The storage directory /workdir/hadoop-ozone/integration-test/target/test-dir/MiniOzoneClusterImpl-ed40a7f8-0b2f-4da3-bf53-40ad2b647f29/datanode-2/data/ratis/5300afc0-392b-495b-97c3-db3aeb408921 does not exist. Creating ...
2019-09-25 12:06:59,890 [pool-693-thread-1] INFO  storage.RaftStorageDirectory (RaftStorageDirectory.java:tryLock(328)) - Lock on /workdir/hadoop-ozone/integration-test/target/test-dir/MiniOzoneClusterImpl-ed40a7f8-0b2f-4da3-bf53-40ad2b647f29/datanode-2/data/ratis/5300afc0-392b-495b-97c3-db3aeb408921/in_use.lock acquired by nodename 24979@pr-hdds-1569-shd4m-3693607622
2019-09-25 12:06:59,930 [pool-693-thread-1] INFO  storage.RaftStorage (RaftStorage.java:format(72)) - Storage directory /workdir/hadoop-ozone/integration-test/target/test-dir/MiniOzoneClusterImpl-ed40a7f8-0b2f-4da3-bf53-40ad2b647f29/datanode-2/data/ratis/5300afc0-392b-495b-97c3-db3aeb408921 has been successfully formatted.
2019-09-25 12:06:59,930 [pool-693-thread-1] INFO  ratis.ContainerStateMachine (ContainerStateMachine.java:loadSnapshot(230)) - group-DB3AEB408921: The snapshot info is null. Setting the last applied indexto:(t:0, i:~)
2019-09-25 12:06:59,931 [pool-693-thread-1] INFO  server.RaftServerConfigKeys (ConfUtils.java:logGet(43)) - raft.server.notification.no-leader.timeout = 120s (custom)
2019-09-25 12:06:59,931 [pool-693-thread-1] INFO  server.RaftServerConfigKeys (ConfUtils.java:logGet(43)) - raft.server.log.use.memory = false (default)
2019-09-25 12:06:59,931 [pool-693-thread-1] INFO  server.RaftServerConfigKeys (ConfUtils.java:logGet(43)) - raft.server.log.purge.gap = 1000000 (custom)
2019-09-25 12:06:59,931 [pool-693-thread-1] INFO  server.RaftServerConfigKeys (ConfUtils.java:logGet(43)) - raft.server.log.appender.buffer.byte-limit = 33554432 (custom)
2019-09-25 12:06:59,931 [pool-693-thread-1] INFO  server.RaftServerConfigKeys (ConfUtils.java:logGet(43)) - raft.server.log.segment.size.max = 1048576 (custom)
2019-09-25 12:06:59,931 [pool-693-thread-1] INFO  server.RaftServerConfigKeys (ConfUtils.java:logGet(43)) - raft.server.log.segment.cache.num.max = 2 (custom)
2019-09-25 12:06:59,932 [pool-693-thread-1] INFO  segmented.SegmentedRaftLogWorker (SegmentedRaftLogWorker.java:<init>(172)) - new a3a55b85-6532-4add-86b9-f60c9f262632@group-DB3AEB408921-SegmentedRaftLogWorker for RaftStorage:Storage Directory /workdir/hadoop-ozone/integration-test/target/test-dir/MiniOzoneClusterImpl-ed40a7f8-0b2f-4da3-bf53-40ad2b647f29/datanode-2/data/ratis/5300afc0-392b-495b-97c3-db3aeb408921
2019-09-25 12:06:59,932 [pool-693-thread-1] INFO  server.RaftServerConfigKeys (ConfUtils.java:logGet(43)) - raft.server.log.queue.byte-limit = 2147483647 (custom)
2019-09-25 12:06:59,932 [pool-693-thread-1] INFO  server.RaftServerConfigKeys (ConfUtils.java:logGet(43)) - raft.server.log.queue.element-limit = 1024 (custom)
2019-09-25 12:06:59,932 [pool-693-thread-1] INFO  server.RaftServerConfigKeys (ConfUtils.java:logGet(43)) - raft.server.log.segment.size.max = 1048576 (custom)
2019-09-25 12:06:59,932 [pool-693-thread-1] INFO  server.RaftServerConfigKeys (ConfUtils.java:logGet(43)) - raft.server.log.preallocated.size = 16384 (custom)
2019-09-25 12:06:59,932 [pool-693-thread-1] INFO  server.RaftServerConfigKeys (ConfUtils.java:logGet(43)) - raft.server.log.write.buffer.size = 33554432 (custom)
2019-09-25 12:06:59,932 [pool-693-thread-1] INFO  server.RaftServerConfigKeys (ConfUtils.java:logGet(43)) - raft.server.log.force.sync.num = 128 (default)
2019-09-25 12:06:59,933 [pool-693-thread-1] INFO  server.RaftServerConfigKeys (ConfUtils.java:logGet(43)) - raft.server.log.statemachine.data.sync = true (default)
2019-09-25 12:06:59,933 [pool-693-thread-1] INFO  server.RaftServerConfigKeys (ConfUtils.java:logGet(43)) - raft.server.log.statemachine.data.sync.timeout = 10s (default)
2019-09-25 12:06:59,933 [pool-693-thread-1] INFO  server.RaftServerConfigKeys (ConfUtils.java:logGet(43)) - raft.server.log.statemachine.data.sync.timeout.retry = -1 (default)
2019-09-25 12:06:59,933 [pool-693-thread-1] INFO  server.RaftServerConfigKeys (ConfUtils.java:logGet(43)) - raft.server.log.statemachine.data.caching.enabled = true (custom)
2019-09-25 12:06:59,933 [pool-693-thread-1] INFO  segmented.SegmentedRaftLogWorker (SegmentedRaftLogWorker.java:lambda$new$0(132)) - a3a55b85-6532-4add-86b9-f60c9f262632@group-DB3AEB408921-SegmentedRaftLogWorker: flushIndex: setUnconditionally 0 -> -1
2019-09-25 12:06:59,934 [pool-693-thread-1] INFO  server.RaftServerConfigKeys (ConfUtils.java:logGet(43)) - raft.server.snapshot.auto.trigger.enabled = true (custom)
2019-09-25 12:06:59,934 [pool-693-thread-1] INFO  server.RaftServerConfigKeys (ConfUtils.java:logGet(43)) - raft.server.snapshot.auto.trigger.threshold = 10000 (custom)
2019-09-25 12:06:59,934 [pool-693-thread-1] INFO  server.RaftServerConfigKeys (ConfUtils.java:logGet(43)) - raft.server.snapshot.retention.num.files = 5 (custom)
2019-09-25 12:06:59,934 [pool-693-thread-1] INFO  server.RaftServerConfigKeys (ConfUtils.java:logGet(43)) - raft.server.retrycache.expirytime = 600000ms (custom)
2019-09-25 12:06:59,936 [pool-693-thread-1] INFO  impl.RaftServerImpl (RaftServerImpl.java:start(185)) - a3a55b85-6532-4add-86b9-f60c9f262632@group-DB3AEB408921: start as a follower, conf=-1: [a3a55b85-6532-4add-86b9-f60c9f262632:192.168.151.73:37389], old=null
2019-09-25 12:06:59,936 [pool-693-thread-1] INFO  impl.RaftServerImpl (RaftServerImpl.java:setRole(174)) - a3a55b85-6532-4add-86b9-f60c9f262632@group-DB3AEB408921: changes role from      null to FOLLOWER at term 0 for startAsFollower
2019-09-25 12:06:59,937 [pool-693-thread-1] INFO  impl.RoleInfo (RoleInfo.java:updateAndGet(143)) - a3a55b85-6532-4add-86b9-f60c9f262632: start FollowerState
2019-09-25 12:06:59,937 [pool-693-thread-1] INFO  util.JmxRegister (JmxRegister.java:tryRegister(44)) - Successfully registered JMX Bean with object name Ratis:service=RaftServer,group=group-DB3AEB408921,id=a3a55b85-6532-4add-86b9-f60c9f262632
2019-09-25 12:06:59,940 [RatisPipelineUtilsThread] INFO  pipeline.PipelineStateManager (PipelineStateManager.java:addPipeline(56)) - Created pipeline Pipeline[ Id: 5300afc0-392b-495b-97c3-db3aeb408921, Nodes: a3a55b85-6532-4add-86b9-f60c9f262632{ip: 192.168.151.73, host: pr-hdds-1569-shd4m-3693607622, networkLocation: /default-rack, certSerialId: null}, Type:RATIS, Factor:ONE, State:OPEN]
2019-09-25 12:06:59,940 [RatisPipelineUtilsThread] INFO  pipeline.PipelinePlacementPolicy (PipelinePlacementPolicy.java:meetCriteria(91)) - Pipeline Placement: can't place more pipeline on heavy datanode： 0b7c031f-92f6-4780-87e9-d12f3b75deed Heaviness: 6 limit: 5
2019-09-25 12:06:59,945 [grpc-default-executor-1] INFO  impl.RaftServerProxy (RaftServerProxy.java:addNew(89)) - a18b28f5-0b39-4e24-a9bc-e0bed51b7d30: addNew group-11534223A248:[a18b28f5-0b39-4e24-a9bc-e0bed51b7d30:192.168.151.73:44690] returns group-11534223A248:java.util.concurrent.CompletableFuture@62885c21[Not completed]
2019-09-25 12:06:59,946 [pool-713-thread-1] INFO  impl.RaftServerImpl (RaftServerImpl.java:<init>(95)) - a18b28f5-0b39-4e24-a9bc-e0bed51b7d30: new RaftServerImpl for group-11534223A248:[a18b28f5-0b39-4e24-a9bc-e0bed51b7d30:192.168.151.73:44690] with ContainerStateMachine:uninitialized
2019-09-25 12:06:59,946 [pool-713-thread-1] INFO  server.RaftServerConfigKeys (ConfUtils.java:logGet(43)) - raft.server.rpc.timeout.min = 5s (custom)
2019-09-25 12:06:59,946 [pool-713-thread-1] INFO  server.RaftServerConfigKeys (ConfUtils.java:logGet(43)) - raft.server.rpc.timeout.max = 5200ms (custom)
2019-09-25 12:06:59,946 [pool-713-thread-1] INFO  server.RaftServerConfigKeys (ConfUtils.java:logGet(43)) - raft.server.rpcslowness.timeout = 120s (custom)
2019-09-25 12:06:59,946 [pool-713-thread-1] INFO  server.RaftServerConfigKeys (ConfUtils.java:logGet(43)) - raft.server.sleep.deviation.threshold = 300 (default)
2019-09-25 12:06:59,947 [pool-713-thread-1] INFO  server.RaftServerConfigKeys (ConfUtils.java:logGet(43)) - raft.server.log.appender.install.snapshot.enabled = false (custom)
2019-09-25 12:06:59,947 [pool-713-thread-1] INFO  impl.RaftServerImpl (ServerState.java:<init>(103)) - a18b28f5-0b39-4e24-a9bc-e0bed51b7d30@group-11534223A248: ConfigurationManager, init=-1: [a18b28f5-0b39-4e24-a9bc-e0bed51b7d30:192.168.151.73:44690], old=null, confs=<EMPTY_MAP>
2019-09-25 12:06:59,947 [pool-713-thread-1] INFO  server.RaftServerConfigKeys (ConfUtils.java:logGet(43)) - raft.server.storage.dir = [/workdir/hadoop-ozone/integration-test/target/test-dir/MiniOzoneClusterImpl-ed40a7f8-0b2f-4da3-bf53-40ad2b647f29/datanode-4/data/ratis] (custom)
2019-09-25 12:06:59,947 [pool-713-thread-1] INFO  storage.RaftStorageDirectory (RaftStorageDirectory.java:analyzeStorage(246)) - The storage directory /workdir/hadoop-ozone/integration-test/target/test-dir/MiniOzoneClusterImpl-ed40a7f8-0b2f-4da3-bf53-40ad2b647f29/datanode-4/data/ratis/4f0c7533-4567-4745-80d3-11534223a248 does not exist. Creating ...
2019-09-25 12:06:59,972 [pool-713-thread-1] INFO  storage.RaftStorageDirectory (RaftStorageDirectory.java:tryLock(328)) - Lock on /workdir/hadoop-ozone/integration-test/target/test-dir/MiniOzoneClusterImpl-ed40a7f8-0b2f-4da3-bf53-40ad2b647f29/datanode-4/data/ratis/4f0c7533-4567-4745-80d3-11534223a248/in_use.lock acquired by nodename 24979@pr-hdds-1569-shd4m-3693607622
2019-09-25 12:06:59,985 [pool-713-thread-1] INFO  storage.RaftStorage (RaftStorage.java:format(72)) - Storage directory /workdir/hadoop-ozone/integration-test/target/test-dir/MiniOzoneClusterImpl-ed40a7f8-0b2f-4da3-bf53-40ad2b647f29/datanode-4/data/ratis/4f0c7533-4567-4745-80d3-11534223a248 has been successfully formatted.
2019-09-25 12:06:59,985 [pool-713-thread-1] INFO  ratis.ContainerStateMachine (ContainerStateMachine.java:loadSnapshot(230)) - group-11534223A248: The snapshot info is null. Setting the last applied indexto:(t:0, i:~)
2019-09-25 12:06:59,985 [pool-713-thread-1] INFO  server.RaftServerConfigKeys (ConfUtils.java:logGet(43)) - raft.server.notification.no-leader.timeout = 120s (custom)
2019-09-25 12:06:59,985 [pool-713-thread-1] INFO  server.RaftServerConfigKeys (ConfUtils.java:logGet(43)) - raft.server.log.use.memory = false (default)
2019-09-25 12:06:59,986 [pool-713-thread-1] INFO  server.RaftServerConfigKeys (ConfUtils.java:logGet(43)) - raft.server.log.purge.gap = 1000000 (custom)
2019-09-25 12:06:59,986 [pool-713-thread-1] INFO  server.RaftServerConfigKeys (ConfUtils.java:logGet(43)) - raft.server.log.appender.buffer.byte-limit = 33554432 (custom)
2019-09-25 12:06:59,986 [pool-713-thread-1] INFO  server.RaftServerConfigKeys (ConfUtils.java:logGet(43)) - raft.server.log.segment.size.max = 1048576 (custom)
2019-09-25 12:06:59,986 [pool-713-thread-1] INFO  server.RaftServerConfigKeys (ConfUtils.java:logGet(43)) - raft.server.log.segment.cache.num.max = 2 (custom)
2019-09-25 12:06:59,986 [pool-713-thread-1] INFO  segmented.SegmentedRaftLogWorker (SegmentedRaftLogWorker.java:<init>(172)) - new a18b28f5-0b39-4e24-a9bc-e0bed51b7d30@group-11534223A248-SegmentedRaftLogWorker for RaftStorage:Storage Directory /workdir/hadoop-ozone/integration-test/target/test-dir/MiniOzoneClusterImpl-ed40a7f8-0b2f-4da3-bf53-40ad2b647f29/datanode-4/data/ratis/4f0c7533-4567-4745-80d3-11534223a248
2019-09-25 12:06:59,987 [pool-713-thread-1] INFO  server.RaftServerConfigKeys (ConfUtils.java:logGet(43)) - raft.server.log.queue.byte-limit = 2147483647 (custom)
2019-09-25 12:06:59,987 [pool-713-thread-1] INFO  server.RaftServerConfigKeys (ConfUtils.java:logGet(43)) - raft.server.log.queue.element-limit = 1024 (custom)
2019-09-25 12:06:59,987 [pool-713-thread-1] INFO  server.RaftServerConfigKeys (ConfUtils.java:logGet(43)) - raft.server.log.segment.size.max = 1048576 (custom)
2019-09-25 12:06:59,987 [pool-713-thread-1] INFO  server.RaftServerConfigKeys (ConfUtils.java:logGet(43)) - raft.server.log.preallocated.size = 16384 (custom)
2019-09-25 12:06:59,987 [pool-713-thread-1] INFO  server.RaftServerConfigKeys (ConfUtils.java:logGet(43)) - raft.server.log.write.buffer.size = 33554432 (custom)
2019-09-25 12:06:59,987 [pool-713-thread-1] INFO  server.RaftServerConfigKeys (ConfUtils.java:logGet(43)) - raft.server.log.force.sync.num = 128 (default)
2019-09-25 12:06:59,988 [pool-713-thread-1] INFO  server.RaftServerConfigKeys (ConfUtils.java:logGet(43)) - raft.server.log.statemachine.data.sync = true (default)
2019-09-25 12:06:59,988 [pool-713-thread-1] INFO  server.RaftServerConfigKeys (ConfUtils.java:logGet(43)) - raft.server.log.statemachine.data.sync.timeout = 10s (default)
2019-09-25 12:06:59,988 [pool-713-thread-1] INFO  server.RaftServerConfigKeys (ConfUtils.java:logGet(43)) - raft.server.log.statemachine.data.sync.timeout.retry = -1 (default)
2019-09-25 12:06:59,988 [pool-713-thread-1] INFO  server.RaftServerConfigKeys (ConfUtils.java:logGet(43)) - raft.server.log.statemachine.data.caching.enabled = true (custom)
2019-09-25 12:06:59,988 [pool-713-thread-1] INFO  segmented.SegmentedRaftLogWorker (SegmentedRaftLogWorker.java:lambda$new$0(132)) - a18b28f5-0b39-4e24-a9bc-e0bed51b7d30@group-11534223A248-SegmentedRaftLogWorker: flushIndex: setUnconditionally 0 -> -1
2019-09-25 12:06:59,989 [pool-713-thread-1] INFO  server.RaftServerConfigKeys (ConfUtils.java:logGet(43)) - raft.server.snapshot.auto.trigger.enabled = true (custom)
2019-09-25 12:06:59,989 [pool-713-thread-1] INFO  server.RaftServerConfigKeys (ConfUtils.java:logGet(43)) - raft.server.snapshot.auto.trigger.threshold = 10000 (custom)
2019-09-25 12:06:59,989 [pool-713-thread-1] INFO  server.RaftServerConfigKeys (ConfUtils.java:logGet(43)) - raft.server.snapshot.retention.num.files = 5 (custom)
2019-09-25 12:06:59,989 [pool-713-thread-1] INFO  server.RaftServerConfigKeys (ConfUtils.java:logGet(43)) - raft.server.retrycache.expirytime = 600000ms (custom)
2019-09-25 12:06:59,991 [pool-713-thread-1] INFO  impl.RaftServerImpl (RaftServerImpl.java:start(185)) - a18b28f5-0b39-4e24-a9bc-e0bed51b7d30@group-11534223A248: start as a follower, conf=-1: [a18b28f5-0b39-4e24-a9bc-e0bed51b7d30:192.168.151.73:44690], old=null
2019-09-25 12:06:59,991 [pool-713-thread-1] INFO  impl.RaftServerImpl (RaftServerImpl.java:setRole(174)) - a18b28f5-0b39-4e24-a9bc-e0bed51b7d30@group-11534223A248: changes role from      null to FOLLOWER at term 0 for startAsFollower
2019-09-25 12:06:59,991 [pool-713-thread-1] INFO  impl.RoleInfo (RoleInfo.java:updateAndGet(143)) - a18b28f5-0b39-4e24-a9bc-e0bed51b7d30: start FollowerState
2019-09-25 12:06:59,992 [pool-713-thread-1] INFO  util.JmxRegister (JmxRegister.java:tryRegister(44)) - Successfully registered JMX Bean with object name Ratis:service=RaftServer,group=group-11534223A248,id=a18b28f5-0b39-4e24-a9bc-e0bed51b7d30
2019-09-25 12:06:59,994 [RatisPipelineUtilsThread] INFO  pipeline.PipelineStateManager (PipelineStateManager.java:addPipeline(56)) - Created pipeline Pipeline[ Id: 4f0c7533-4567-4745-80d3-11534223a248, Nodes: a18b28f5-0b39-4e24-a9bc-e0bed51b7d30{ip: 192.168.151.73, host: pr-hdds-1569-shd4m-3693607622, networkLocation: /default-rack, certSerialId: null}, Type:RATIS, Factor:ONE, State:OPEN]
2019-09-25 12:06:59,994 [RatisPipelineUtilsThread] INFO  pipeline.PipelinePlacementPolicy (PipelinePlacementPolicy.java:meetCriteria(91)) - Pipeline Placement: can't place more pipeline on heavy datanode： 0b7c031f-92f6-4780-87e9-d12f3b75deed Heaviness: 6 limit: 5
2019-09-25 12:06:59,998 [grpc-default-executor-1] INFO  impl.RaftServerProxy (RaftServerProxy.java:addNew(89)) - f003a614-b318-424e-95ab-7ad6d1c0d2e6: addNew group-E5473C4D036E:[f003a614-b318-424e-95ab-7ad6d1c0d2e6:192.168.151.73:41092] returns group-E5473C4D036E:java.util.concurrent.CompletableFuture@3778b61d[Not completed]
2019-09-25 12:06:59,999 [pool-683-thread-1] INFO  impl.RaftServerImpl (RaftServerImpl.java:<init>(95)) - f003a614-b318-424e-95ab-7ad6d1c0d2e6: new RaftServerImpl for group-E5473C4D036E:[f003a614-b318-424e-95ab-7ad6d1c0d2e6:192.168.151.73:41092] with ContainerStateMachine:uninitialized
2019-09-25 12:06:59,999 [pool-683-thread-1] INFO  server.RaftServerConfigKeys (ConfUtils.java:logGet(43)) - raft.server.rpc.timeout.min = 5s (custom)
2019-09-25 12:06:59,999 [pool-683-thread-1] INFO  server.RaftServerConfigKeys (ConfUtils.java:logGet(43)) - raft.server.rpc.timeout.max = 5200ms (custom)
2019-09-25 12:07:00,000 [pool-683-thread-1] INFO  server.RaftServerConfigKeys (ConfUtils.java:logGet(43)) - raft.server.rpcslowness.timeout = 120s (custom)
2019-09-25 12:07:00,000 [pool-683-thread-1] INFO  server.RaftServerConfigKeys (ConfUtils.java:logGet(43)) - raft.server.sleep.deviation.threshold = 300 (default)
2019-09-25 12:07:00,000 [pool-683-thread-1] INFO  server.RaftServerConfigKeys (ConfUtils.java:logGet(43)) - raft.server.log.appender.install.snapshot.enabled = false (custom)
2019-09-25 12:07:00,000 [pool-683-thread-1] INFO  impl.RaftServerImpl (ServerState.java:<init>(103)) - f003a614-b318-424e-95ab-7ad6d1c0d2e6@group-E5473C4D036E: ConfigurationManager, init=-1: [f003a614-b318-424e-95ab-7ad6d1c0d2e6:192.168.151.73:41092], old=null, confs=<EMPTY_MAP>
2019-09-25 12:07:00,000 [pool-683-thread-1] INFO  server.RaftServerConfigKeys (ConfUtils.java:logGet(43)) - raft.server.storage.dir = [/workdir/hadoop-ozone/integration-test/target/test-dir/MiniOzoneClusterImpl-ed40a7f8-0b2f-4da3-bf53-40ad2b647f29/datanode-1/data/ratis] (custom)
2019-09-25 12:07:00,000 [pool-683-thread-1] INFO  storage.RaftStorageDirectory (RaftStorageDirectory.java:analyzeStorage(246)) - The storage directory /workdir/hadoop-ozone/integration-test/target/test-dir/MiniOzoneClusterImpl-ed40a7f8-0b2f-4da3-bf53-40ad2b647f29/datanode-1/data/ratis/78409671-6273-4a49-bb6e-e5473c4d036e does not exist. Creating ...
2019-09-25 12:07:00,013 [pool-683-thread-1] INFO  storage.RaftStorageDirectory (RaftStorageDirectory.java:tryLock(328)) - Lock on /workdir/hadoop-ozone/integration-test/target/test-dir/MiniOzoneClusterImpl-ed40a7f8-0b2f-4da3-bf53-40ad2b647f29/datanode-1/data/ratis/78409671-6273-4a49-bb6e-e5473c4d036e/in_use.lock acquired by nodename 24979@pr-hdds-1569-shd4m-3693607622
2019-09-25 12:07:00,026 [pool-683-thread-1] INFO  storage.RaftStorage (RaftStorage.java:format(72)) - Storage directory /workdir/hadoop-ozone/integration-test/target/test-dir/MiniOzoneClusterImpl-ed40a7f8-0b2f-4da3-bf53-40ad2b647f29/datanode-1/data/ratis/78409671-6273-4a49-bb6e-e5473c4d036e has been successfully formatted.
2019-09-25 12:07:00,026 [pool-683-thread-1] INFO  ratis.ContainerStateMachine (ContainerStateMachine.java:loadSnapshot(230)) - group-E5473C4D036E: The snapshot info is null. Setting the last applied indexto:(t:0, i:~)
2019-09-25 12:07:00,027 [pool-683-thread-1] INFO  server.RaftServerConfigKeys (ConfUtils.java:logGet(43)) - raft.server.notification.no-leader.timeout = 120s (custom)
2019-09-25 12:07:00,027 [pool-683-thread-1] INFO  server.RaftServerConfigKeys (ConfUtils.java:logGet(43)) - raft.server.log.use.memory = false (default)
2019-09-25 12:07:00,027 [pool-683-thread-1] INFO  server.RaftServerConfigKeys (ConfUtils.java:logGet(43)) - raft.server.log.purge.gap = 1000000 (custom)
2019-09-25 12:07:00,027 [pool-683-thread-1] INFO  server.RaftServerConfigKeys (ConfUtils.java:logGet(43)) - raft.server.log.appender.buffer.byte-limit = 33554432 (custom)
2019-09-25 12:07:00,027 [pool-683-thread-1] INFO  server.RaftServerConfigKeys (ConfUtils.java:logGet(43)) - raft.server.log.segment.size.max = 1048576 (custom)
2019-09-25 12:07:00,027 [pool-683-thread-1] INFO  server.RaftServerConfigKeys (ConfUtils.java:logGet(43)) - raft.server.log.segment.cache.num.max = 2 (custom)
2019-09-25 12:07:00,027 [pool-683-thread-1] INFO  segmented.SegmentedRaftLogWorker (SegmentedRaftLogWorker.java:<init>(172)) - new f003a614-b318-424e-95ab-7ad6d1c0d2e6@group-E5473C4D036E-SegmentedRaftLogWorker for RaftStorage:Storage Directory /workdir/hadoop-ozone/integration-test/target/test-dir/MiniOzoneClusterImpl-ed40a7f8-0b2f-4da3-bf53-40ad2b647f29/datanode-1/data/ratis/78409671-6273-4a49-bb6e-e5473c4d036e
2019-09-25 12:07:00,028 [pool-683-thread-1] INFO  server.RaftServerConfigKeys (ConfUtils.java:logGet(43)) - raft.server.log.queue.byte-limit = 2147483647 (custom)
2019-09-25 12:07:00,028 [pool-683-thread-1] INFO  server.RaftServerConfigKeys (ConfUtils.java:logGet(43)) - raft.server.log.queue.element-limit = 1024 (custom)
2019-09-25 12:07:00,028 [pool-683-thread-1] INFO  server.RaftServerConfigKeys (ConfUtils.java:logGet(43)) - raft.server.log.segment.size.max = 1048576 (custom)
2019-09-25 12:07:00,028 [pool-683-thread-1] INFO  server.RaftServerConfigKeys (ConfUtils.java:logGet(43)) - raft.server.log.preallocated.size = 16384 (custom)
2019-09-25 12:07:00,028 [pool-683-thread-1] INFO  server.RaftServerConfigKeys (ConfUtils.java:logGet(43)) - raft.server.log.write.buffer.size = 33554432 (custom)
2019-09-25 12:07:00,028 [pool-683-thread-1] INFO  server.RaftServerConfigKeys (ConfUtils.java:logGet(43)) - raft.server.log.force.sync.num = 128 (default)
2019-09-25 12:07:00,028 [pool-683-thread-1] INFO  server.RaftServerConfigKeys (ConfUtils.java:logGet(43)) - raft.server.log.statemachine.data.sync = true (default)
2019-09-25 12:07:00,029 [pool-683-thread-1] INFO  server.RaftServerConfigKeys (ConfUtils.java:logGet(43)) - raft.server.log.statemachine.data.sync.timeout = 10s (default)
2019-09-25 12:07:00,029 [pool-683-thread-1] INFO  server.RaftServerConfigKeys (ConfUtils.java:logGet(43)) - raft.server.log.statemachine.data.sync.timeout.retry = -1 (default)
2019-09-25 12:07:00,029 [pool-683-thread-1] INFO  server.RaftServerConfigKeys (ConfUtils.java:logGet(43)) - raft.server.log.statemachine.data.caching.enabled = true (custom)
2019-09-25 12:07:00,029 [pool-683-thread-1] INFO  segmented.SegmentedRaftLogWorker (SegmentedRaftLogWorker.java:lambda$new$0(132)) - f003a614-b318-424e-95ab-7ad6d1c0d2e6@group-E5473C4D036E-SegmentedRaftLogWorker: flushIndex: setUnconditionally 0 -> -1
2019-09-25 12:07:00,030 [pool-683-thread-1] INFO  server.RaftServerConfigKeys (ConfUtils.java:logGet(43)) - raft.server.snapshot.auto.trigger.enabled = true (custom)
2019-09-25 12:07:00,030 [pool-683-thread-1] INFO  server.RaftServerConfigKeys (ConfUtils.java:logGet(43)) - raft.server.snapshot.auto.trigger.threshold = 10000 (custom)
2019-09-25 12:07:00,030 [pool-683-thread-1] INFO  server.RaftServerConfigKeys (ConfUtils.java:logGet(43)) - raft.server.snapshot.retention.num.files = 5 (custom)
2019-09-25 12:07:00,030 [pool-683-thread-1] INFO  server.RaftServerConfigKeys (ConfUtils.java:logGet(43)) - raft.server.retrycache.expirytime = 600000ms (custom)
2019-09-25 12:07:00,032 [pool-683-thread-1] INFO  impl.RaftServerImpl (RaftServerImpl.java:start(185)) - f003a614-b318-424e-95ab-7ad6d1c0d2e6@group-E5473C4D036E: start as a follower, conf=-1: [f003a614-b318-424e-95ab-7ad6d1c0d2e6:192.168.151.73:41092], old=null
2019-09-25 12:07:00,032 [pool-683-thread-1] INFO  impl.RaftServerImpl (RaftServerImpl.java:setRole(174)) - f003a614-b318-424e-95ab-7ad6d1c0d2e6@group-E5473C4D036E: changes role from      null to FOLLOWER at term 0 for startAsFollower
2019-09-25 12:07:00,032 [pool-683-thread-1] INFO  impl.RoleInfo (RoleInfo.java:updateAndGet(143)) - f003a614-b318-424e-95ab-7ad6d1c0d2e6: start FollowerState
2019-09-25 12:07:00,033 [pool-683-thread-1] INFO  util.JmxRegister (JmxRegister.java:tryRegister(44)) - Successfully registered JMX Bean with object name Ratis:service=RaftServer,group=group-E5473C4D036E,id=f003a614-b318-424e-95ab-7ad6d1c0d2e6
2019-09-25 12:07:00,035 [RatisPipelineUtilsThread] INFO  pipeline.PipelineStateManager (PipelineStateManager.java:addPipeline(56)) - Created pipeline Pipeline[ Id: 78409671-6273-4a49-bb6e-e5473c4d036e, Nodes: f003a614-b318-424e-95ab-7ad6d1c0d2e6{ip: 192.168.151.73, host: pr-hdds-1569-shd4m-3693607622, networkLocation: /default-rack, certSerialId: null}, Type:RATIS, Factor:ONE, State:OPEN]
2019-09-25 12:07:00,035 [RatisPipelineUtilsThread] INFO  pipeline.PipelinePlacementPolicy (PipelinePlacementPolicy.java:meetCriteria(91)) - Pipeline Placement: can't place more pipeline on heavy datanode： 0b7c031f-92f6-4780-87e9-d12f3b75deed Heaviness: 6 limit: 5
2019-09-25 12:07:00,038 [grpc-default-executor-1] INFO  impl.RaftServerProxy (RaftServerProxy.java:addNew(89)) - 994e134d-9492-4c05-a584-6f6f537d8ad3: addNew group-30996C969F46:[994e134d-9492-4c05-a584-6f6f537d8ad3:192.168.151.73:46064] returns group-30996C969F46:java.util.concurrent.CompletableFuture@52a32caf[Not completed]
2019-09-25 12:07:00,039 [pool-703-thread-1] INFO  impl.RaftServerImpl (RaftServerImpl.java:<init>(95)) - 994e134d-9492-4c05-a584-6f6f537d8ad3: new RaftServerImpl for group-30996C969F46:[994e134d-9492-4c05-a584-6f6f537d8ad3:192.168.151.73:46064] with ContainerStateMachine:uninitialized
2019-09-25 12:07:00,039 [pool-703-thread-1] INFO  server.RaftServerConfigKeys (ConfUtils.java:logGet(43)) - raft.server.rpc.timeout.min = 5s (custom)
2019-09-25 12:07:00,039 [pool-703-thread-1] INFO  server.RaftServerConfigKeys (ConfUtils.java:logGet(43)) - raft.server.rpc.timeout.max = 5200ms (custom)
2019-09-25 12:07:00,039 [pool-703-thread-1] INFO  server.RaftServerConfigKeys (ConfUtils.java:logGet(43)) - raft.server.rpcslowness.timeout = 120s (custom)
2019-09-25 12:07:00,040 [pool-703-thread-1] INFO  server.RaftServerConfigKeys (ConfUtils.java:logGet(43)) - raft.server.sleep.deviation.threshold = 300 (default)
2019-09-25 12:07:00,040 [pool-703-thread-1] INFO  server.RaftServerConfigKeys (ConfUtils.java:logGet(43)) - raft.server.log.appender.install.snapshot.enabled = false (custom)
2019-09-25 12:07:00,040 [pool-703-thread-1] INFO  impl.RaftServerImpl (ServerState.java:<init>(103)) - 994e134d-9492-4c05-a584-6f6f537d8ad3@group-30996C969F46: ConfigurationManager, init=-1: [994e134d-9492-4c05-a584-6f6f537d8ad3:192.168.151.73:46064], old=null, confs=<EMPTY_MAP>
2019-09-25 12:07:00,040 [pool-703-thread-1] INFO  server.RaftServerConfigKeys (ConfUtils.java:logGet(43)) - raft.server.storage.dir = [/workdir/hadoop-ozone/integration-test/target/test-dir/MiniOzoneClusterImpl-ed40a7f8-0b2f-4da3-bf53-40ad2b647f29/datanode-3/data/ratis] (custom)
2019-09-25 12:07:00,040 [pool-703-thread-1] INFO  storage.RaftStorageDirectory (RaftStorageDirectory.java:analyzeStorage(246)) - The storage directory /workdir/hadoop-ozone/integration-test/target/test-dir/MiniOzoneClusterImpl-ed40a7f8-0b2f-4da3-bf53-40ad2b647f29/datanode-3/data/ratis/45c4d2a2-70ef-4a3c-a3b1-30996c969f46 does not exist. Creating ...
2019-09-25 12:07:00,055 [pool-703-thread-1] INFO  storage.RaftStorageDirectory (RaftStorageDirectory.java:tryLock(328)) - Lock on /workdir/hadoop-ozone/integration-test/target/test-dir/MiniOzoneClusterImpl-ed40a7f8-0b2f-4da3-bf53-40ad2b647f29/datanode-3/data/ratis/45c4d2a2-70ef-4a3c-a3b1-30996c969f46/in_use.lock acquired by nodename 24979@pr-hdds-1569-shd4m-3693607622
2019-09-25 12:07:00,067 [pool-703-thread-1] INFO  storage.RaftStorage (RaftStorage.java:format(72)) - Storage directory /workdir/hadoop-ozone/integration-test/target/test-dir/MiniOzoneClusterImpl-ed40a7f8-0b2f-4da3-bf53-40ad2b647f29/datanode-3/data/ratis/45c4d2a2-70ef-4a3c-a3b1-30996c969f46 has been successfully formatted.
2019-09-25 12:07:00,067 [pool-703-thread-1] INFO  ratis.ContainerStateMachine (ContainerStateMachine.java:loadSnapshot(230)) - group-30996C969F46: The snapshot info is null. Setting the last applied indexto:(t:0, i:~)
2019-09-25 12:07:00,068 [pool-703-thread-1] INFO  server.RaftServerConfigKeys (ConfUtils.java:logGet(43)) - raft.server.notification.no-leader.timeout = 120s (custom)
2019-09-25 12:07:00,068 [pool-703-thread-1] INFO  server.RaftServerConfigKeys (ConfUtils.java:logGet(43)) - raft.server.log.use.memory = false (default)
2019-09-25 12:07:00,068 [pool-703-thread-1] INFO  server.RaftServerConfigKeys (ConfUtils.java:logGet(43)) - raft.server.log.purge.gap = 1000000 (custom)
2019-09-25 12:07:00,068 [pool-703-thread-1] INFO  server.RaftServerConfigKeys (ConfUtils.java:logGet(43)) - raft.server.log.appender.buffer.byte-limit = 33554432 (custom)
2019-09-25 12:07:00,068 [pool-703-thread-1] INFO  server.RaftServerConfigKeys (ConfUtils.java:logGet(43)) - raft.server.log.segment.size.max = 1048576 (custom)
2019-09-25 12:07:00,069 [pool-703-thread-1] INFO  server.RaftServerConfigKeys (ConfUtils.java:logGet(43)) - raft.server.log.segment.cache.num.max = 2 (custom)
2019-09-25 12:07:00,069 [pool-703-thread-1] INFO  segmented.SegmentedRaftLogWorker (SegmentedRaftLogWorker.java:<init>(172)) - new 994e134d-9492-4c05-a584-6f6f537d8ad3@group-30996C969F46-SegmentedRaftLogWorker for RaftStorage:Storage Directory /workdir/hadoop-ozone/integration-test/target/test-dir/MiniOzoneClusterImpl-ed40a7f8-0b2f-4da3-bf53-40ad2b647f29/datanode-3/data/ratis/45c4d2a2-70ef-4a3c-a3b1-30996c969f46
2019-09-25 12:07:00,069 [pool-703-thread-1] INFO  server.RaftServerConfigKeys (ConfUtils.java:logGet(43)) - raft.server.log.queue.byte-limit = 2147483647 (custom)
2019-09-25 12:07:00,069 [pool-703-thread-1] INFO  server.RaftServerConfigKeys (ConfUtils.java:logGet(43)) - raft.server.log.queue.element-limit = 1024 (custom)
2019-09-25 12:07:00,070 [pool-703-thread-1] INFO  server.RaftServerConfigKeys (ConfUtils.java:logGet(43)) - raft.server.log.segment.size.max = 1048576 (custom)
2019-09-25 12:07:00,070 [pool-703-thread-1] INFO  server.RaftServerConfigKeys (ConfUtils.java:logGet(43)) - raft.server.log.preallocated.size = 16384 (custom)
2019-09-25 12:07:00,070 [pool-703-thread-1] INFO  server.RaftServerConfigKeys (ConfUtils.java:logGet(43)) - raft.server.log.write.buffer.size = 33554432 (custom)
2019-09-25 12:07:00,070 [pool-703-thread-1] INFO  server.RaftServerConfigKeys (ConfUtils.java:logGet(43)) - raft.server.log.force.sync.num = 128 (default)
2019-09-25 12:07:00,070 [pool-703-thread-1] INFO  server.RaftServerConfigKeys (ConfUtils.java:logGet(43)) - raft.server.log.statemachine.data.sync = true (default)
2019-09-25 12:07:00,070 [pool-703-thread-1] INFO  server.RaftServerConfigKeys (ConfUtils.java:logGet(43)) - raft.server.log.statemachine.data.sync.timeout = 10s (default)
2019-09-25 12:07:00,071 [pool-703-thread-1] INFO  server.RaftServerConfigKeys (ConfUtils.java:logGet(43)) - raft.server.log.statemachine.data.sync.timeout.retry = -1 (default)
2019-09-25 12:07:00,071 [pool-703-thread-1] INFO  server.RaftServerConfigKeys (ConfUtils.java:logGet(43)) - raft.server.log.statemachine.data.caching.enabled = true (custom)
2019-09-25 12:07:00,071 [pool-703-thread-1] INFO  segmented.SegmentedRaftLogWorker (SegmentedRaftLogWorker.java:lambda$new$0(132)) - 994e134d-9492-4c05-a584-6f6f537d8ad3@group-30996C969F46-SegmentedRaftLogWorker: flushIndex: setUnconditionally 0 -> -1
2019-09-25 12:07:00,071 [pool-703-thread-1] INFO  server.RaftServerConfigKeys (ConfUtils.java:logGet(43)) - raft.server.snapshot.auto.trigger.enabled = true (custom)
2019-09-25 12:07:00,072 [pool-703-thread-1] INFO  server.RaftServerConfigKeys (ConfUtils.java:logGet(43)) - raft.server.snapshot.auto.trigger.threshold = 10000 (custom)
2019-09-25 12:07:00,072 [pool-703-thread-1] INFO  server.RaftServerConfigKeys (ConfUtils.java:logGet(43)) - raft.server.snapshot.retention.num.files = 5 (custom)
2019-09-25 12:07:00,072 [pool-703-thread-1] INFO  server.RaftServerConfigKeys (ConfUtils.java:logGet(43)) - raft.server.retrycache.expirytime = 600000ms (custom)
2019-09-25 12:07:00,074 [pool-703-thread-1] INFO  impl.RaftServerImpl (RaftServerImpl.java:start(185)) - 994e134d-9492-4c05-a584-6f6f537d8ad3@group-30996C969F46: start as a follower, conf=-1: [994e134d-9492-4c05-a584-6f6f537d8ad3:192.168.151.73:46064], old=null
2019-09-25 12:07:00,074 [pool-703-thread-1] INFO  impl.RaftServerImpl (RaftServerImpl.java:setRole(174)) - 994e134d-9492-4c05-a584-6f6f537d8ad3@group-30996C969F46: changes role from      null to FOLLOWER at term 0 for startAsFollower
2019-09-25 12:07:00,074 [pool-703-thread-1] INFO  impl.RoleInfo (RoleInfo.java:updateAndGet(143)) - 994e134d-9492-4c05-a584-6f6f537d8ad3: start FollowerState
2019-09-25 12:07:00,075 [pool-703-thread-1] INFO  util.JmxRegister (JmxRegister.java:tryRegister(44)) - Successfully registered JMX Bean with object name Ratis:service=RaftServer,group=group-30996C969F46,id=994e134d-9492-4c05-a584-6f6f537d8ad3
2019-09-25 12:07:00,077 [RatisPipelineUtilsThread] INFO  pipeline.PipelineStateManager (PipelineStateManager.java:addPipeline(56)) - Created pipeline Pipeline[ Id: 45c4d2a2-70ef-4a3c-a3b1-30996c969f46, Nodes: 994e134d-9492-4c05-a584-6f6f537d8ad3{ip: 192.168.151.73, host: pr-hdds-1569-shd4m-3693607622, networkLocation: /default-rack, certSerialId: null}, Type:RATIS, Factor:ONE, State:OPEN]
2019-09-25 12:07:00,077 [RatisPipelineUtilsThread] INFO  pipeline.PipelinePlacementPolicy (PipelinePlacementPolicy.java:meetCriteria(91)) - Pipeline Placement: can't place more pipeline on heavy datanode： 0b7c031f-92f6-4780-87e9-d12f3b75deed Heaviness: 6 limit: 5
2019-09-25 12:07:00,080 [grpc-default-executor-1] INFO  impl.RaftServerProxy (RaftServerProxy.java:addNew(89)) - a3a55b85-6532-4add-86b9-f60c9f262632: addNew group-B7A1DB7C62FF:[a3a55b85-6532-4add-86b9-f60c9f262632:192.168.151.73:37389] returns group-B7A1DB7C62FF:java.util.concurrent.CompletableFuture@796c992b[Not completed]
2019-09-25 12:07:00,081 [pool-693-thread-1] INFO  impl.RaftServerImpl (RaftServerImpl.java:<init>(95)) - a3a55b85-6532-4add-86b9-f60c9f262632: new RaftServerImpl for group-B7A1DB7C62FF:[a3a55b85-6532-4add-86b9-f60c9f262632:192.168.151.73:37389] with ContainerStateMachine:uninitialized
2019-09-25 12:07:00,081 [pool-693-thread-1] INFO  server.RaftServerConfigKeys (ConfUtils.java:logGet(43)) - raft.server.rpc.timeout.min = 5s (custom)
2019-09-25 12:07:00,081 [pool-693-thread-1] INFO  server.RaftServerConfigKeys (ConfUtils.java:logGet(43)) - raft.server.rpc.timeout.max = 5200ms (custom)
2019-09-25 12:07:00,081 [pool-693-thread-1] INFO  server.RaftServerConfigKeys (ConfUtils.java:logGet(43)) - raft.server.rpcslowness.timeout = 120s (custom)
2019-09-25 12:07:00,082 [pool-693-thread-1] INFO  server.RaftServerConfigKeys (ConfUtils.java:logGet(43)) - raft.server.sleep.deviation.threshold = 300 (default)
2019-09-25 12:07:00,082 [pool-693-thread-1] INFO  server.RaftServerConfigKeys (ConfUtils.java:logGet(43)) - raft.server.log.appender.install.snapshot.enabled = false (custom)
2019-09-25 12:07:00,082 [pool-693-thread-1] INFO  impl.RaftServerImpl (ServerState.java:<init>(103)) - a3a55b85-6532-4add-86b9-f60c9f262632@group-B7A1DB7C62FF: ConfigurationManager, init=-1: [a3a55b85-6532-4add-86b9-f60c9f262632:192.168.151.73:37389], old=null, confs=<EMPTY_MAP>
2019-09-25 12:07:00,082 [pool-693-thread-1] INFO  server.RaftServerConfigKeys (ConfUtils.java:logGet(43)) - raft.server.storage.dir = [/workdir/hadoop-ozone/integration-test/target/test-dir/MiniOzoneClusterImpl-ed40a7f8-0b2f-4da3-bf53-40ad2b647f29/datanode-2/data/ratis] (custom)
2019-09-25 12:07:00,082 [pool-693-thread-1] INFO  storage.RaftStorageDirectory (RaftStorageDirectory.java:analyzeStorage(246)) - The storage directory /workdir/hadoop-ozone/integration-test/target/test-dir/MiniOzoneClusterImpl-ed40a7f8-0b2f-4da3-bf53-40ad2b647f29/datanode-2/data/ratis/ce4f3ea3-afce-4e1f-8e8e-b7a1db7c62ff does not exist. Creating ...
2019-09-25 12:07:00,095 [pool-693-thread-1] INFO  storage.RaftStorageDirectory (RaftStorageDirectory.java:tryLock(328)) - Lock on /workdir/hadoop-ozone/integration-test/target/test-dir/MiniOzoneClusterImpl-ed40a7f8-0b2f-4da3-bf53-40ad2b647f29/datanode-2/data/ratis/ce4f3ea3-afce-4e1f-8e8e-b7a1db7c62ff/in_use.lock acquired by nodename 24979@pr-hdds-1569-shd4m-3693607622
2019-09-25 12:07:00,108 [pool-693-thread-1] INFO  storage.RaftStorage (RaftStorage.java:format(72)) - Storage directory /workdir/hadoop-ozone/integration-test/target/test-dir/MiniOzoneClusterImpl-ed40a7f8-0b2f-4da3-bf53-40ad2b647f29/datanode-2/data/ratis/ce4f3ea3-afce-4e1f-8e8e-b7a1db7c62ff has been successfully formatted.
2019-09-25 12:07:00,108 [pool-693-thread-1] INFO  ratis.ContainerStateMachine (ContainerStateMachine.java:loadSnapshot(230)) - group-B7A1DB7C62FF: The snapshot info is null. Setting the last applied indexto:(t:0, i:~)
2019-09-25 12:07:00,108 [pool-693-thread-1] INFO  server.RaftServerConfigKeys (ConfUtils.java:logGet(43)) - raft.server.notification.no-leader.timeout = 120s (custom)
2019-09-25 12:07:00,108 [pool-693-thread-1] INFO  server.RaftServerConfigKeys (ConfUtils.java:logGet(43)) - raft.server.log.use.memory = false (default)
2019-09-25 12:07:00,109 [pool-693-thread-1] INFO  server.RaftServerConfigKeys (ConfUtils.java:logGet(43)) - raft.server.log.purge.gap = 1000000 (custom)
2019-09-25 12:07:00,109 [pool-693-thread-1] INFO  server.RaftServerConfigKeys (ConfUtils.java:logGet(43)) - raft.server.log.appender.buffer.byte-limit = 33554432 (custom)
2019-09-25 12:07:00,109 [pool-693-thread-1] INFO  server.RaftServerConfigKeys (ConfUtils.java:logGet(43)) - raft.server.log.segment.size.max = 1048576 (custom)
2019-09-25 12:07:00,109 [pool-693-thread-1] INFO  server.RaftServerConfigKeys (ConfUtils.java:logGet(43)) - raft.server.log.segment.cache.num.max = 2 (custom)
2019-09-25 12:07:00,109 [pool-693-thread-1] INFO  segmented.SegmentedRaftLogWorker (SegmentedRaftLogWorker.java:<init>(172)) - new a3a55b85-6532-4add-86b9-f60c9f262632@group-B7A1DB7C62FF-SegmentedRaftLogWorker for RaftStorage:Storage Directory /workdir/hadoop-ozone/integration-test/target/test-dir/MiniOzoneClusterImpl-ed40a7f8-0b2f-4da3-bf53-40ad2b647f29/datanode-2/data/ratis/ce4f3ea3-afce-4e1f-8e8e-b7a1db7c62ff
2019-09-25 12:07:00,109 [pool-693-thread-1] INFO  server.RaftServerConfigKeys (ConfUtils.java:logGet(43)) - raft.server.log.queue.byte-limit = 2147483647 (custom)
2019-09-25 12:07:00,110 [pool-693-thread-1] INFO  server.RaftServerConfigKeys (ConfUtils.java:logGet(43)) - raft.server.log.queue.element-limit = 1024 (custom)
2019-09-25 12:07:00,110 [pool-693-thread-1] INFO  server.RaftServerConfigKeys (ConfUtils.java:logGet(43)) - raft.server.log.segment.size.max = 1048576 (custom)
2019-09-25 12:07:00,110 [pool-693-thread-1] INFO  server.RaftServerConfigKeys (ConfUtils.java:logGet(43)) - raft.server.log.preallocated.size = 16384 (custom)
2019-09-25 12:07:00,110 [pool-693-thread-1] INFO  server.RaftServerConfigKeys (ConfUtils.java:logGet(43)) - raft.server.log.write.buffer.size = 33554432 (custom)
2019-09-25 12:07:00,110 [pool-693-thread-1] INFO  server.RaftServerConfigKeys (ConfUtils.java:logGet(43)) - raft.server.log.force.sync.num = 128 (default)
2019-09-25 12:07:00,110 [pool-693-thread-1] INFO  server.RaftServerConfigKeys (ConfUtils.java:logGet(43)) - raft.server.log.statemachine.data.sync = true (default)
2019-09-25 12:07:00,110 [pool-693-thread-1] INFO  server.RaftServerConfigKeys (ConfUtils.java:logGet(43)) - raft.server.log.statemachine.data.sync.timeout = 10s (default)
2019-09-25 12:07:00,111 [pool-693-thread-1] INFO  server.RaftServerConfigKeys (ConfUtils.java:logGet(43)) - raft.server.log.statemachine.data.sync.timeout.retry = -1 (default)
2019-09-25 12:07:00,111 [pool-693-thread-1] INFO  server.RaftServerConfigKeys (ConfUtils.java:logGet(43)) - raft.server.log.statemachine.data.caching.enabled = true (custom)
2019-09-25 12:07:00,111 [pool-693-thread-1] INFO  segmented.SegmentedRaftLogWorker (SegmentedRaftLogWorker.java:lambda$new$0(132)) - a3a55b85-6532-4add-86b9-f60c9f262632@group-B7A1DB7C62FF-SegmentedRaftLogWorker: flushIndex: setUnconditionally 0 -> -1
2019-09-25 12:07:00,111 [pool-693-thread-1] INFO  server.RaftServerConfigKeys (ConfUtils.java:logGet(43)) - raft.server.snapshot.auto.trigger.enabled = true (custom)
2019-09-25 12:07:00,112 [pool-693-thread-1] INFO  server.RaftServerConfigKeys (ConfUtils.java:logGet(43)) - raft.server.snapshot.auto.trigger.threshold = 10000 (custom)
2019-09-25 12:07:00,112 [pool-693-thread-1] INFO  server.RaftServerConfigKeys (ConfUtils.java:logGet(43)) - raft.server.snapshot.retention.num.files = 5 (custom)
2019-09-25 12:07:00,112 [pool-693-thread-1] INFO  server.RaftServerConfigKeys (ConfUtils.java:logGet(43)) - raft.server.retrycache.expirytime = 600000ms (custom)
2019-09-25 12:07:00,114 [pool-693-thread-1] INFO  impl.RaftServerImpl (RaftServerImpl.java:start(185)) - a3a55b85-6532-4add-86b9-f60c9f262632@group-B7A1DB7C62FF: start as a follower, conf=-1: [a3a55b85-6532-4add-86b9-f60c9f262632:192.168.151.73:37389], old=null
2019-09-25 12:07:00,114 [pool-693-thread-1] INFO  impl.RaftServerImpl (RaftServerImpl.java:setRole(174)) - a3a55b85-6532-4add-86b9-f60c9f262632@group-B7A1DB7C62FF: changes role from      null to FOLLOWER at term 0 for startAsFollower
2019-09-25 12:07:00,114 [pool-693-thread-1] INFO  impl.RoleInfo (RoleInfo.java:updateAndGet(143)) - a3a55b85-6532-4add-86b9-f60c9f262632: start FollowerState
2019-09-25 12:07:00,115 [pool-693-thread-1] INFO  util.JmxRegister (JmxRegister.java:tryRegister(44)) - Successfully registered JMX Bean with object name Ratis:service=RaftServer,group=group-B7A1DB7C62FF,id=a3a55b85-6532-4add-86b9-f60c9f262632
2019-09-25 12:07:00,117 [RatisPipelineUtilsThread] INFO  pipeline.PipelineStateManager (PipelineStateManager.java:addPipeline(56)) - Created pipeline Pipeline[ Id: ce4f3ea3-afce-4e1f-8e8e-b7a1db7c62ff, Nodes: a3a55b85-6532-4add-86b9-f60c9f262632{ip: 192.168.151.73, host: pr-hdds-1569-shd4m-3693607622, networkLocation: /default-rack, certSerialId: null}, Type:RATIS, Factor:ONE, State:OPEN]
2019-09-25 12:07:00,117 [RatisPipelineUtilsThread] INFO  pipeline.PipelinePlacementPolicy (PipelinePlacementPolicy.java:meetCriteria(91)) - Pipeline Placement: can't place more pipeline on heavy datanode： 0b7c031f-92f6-4780-87e9-d12f3b75deed Heaviness: 6 limit: 5
2019-09-25 12:07:00,121 [grpc-default-executor-1] INFO  impl.RaftServerProxy (RaftServerProxy.java:addNew(89)) - a3a55b85-6532-4add-86b9-f60c9f262632: addNew group-5179D1A1F15C:[a3a55b85-6532-4add-86b9-f60c9f262632:192.168.151.73:37389] returns group-5179D1A1F15C:java.util.concurrent.CompletableFuture@10d53e36[Not completed]
2019-09-25 12:07:00,122 [pool-693-thread-1] INFO  impl.RaftServerImpl (RaftServerImpl.java:<init>(95)) - a3a55b85-6532-4add-86b9-f60c9f262632: new RaftServerImpl for group-5179D1A1F15C:[a3a55b85-6532-4add-86b9-f60c9f262632:192.168.151.73:37389] with ContainerStateMachine:uninitialized
2019-09-25 12:07:00,122 [pool-693-thread-1] INFO  server.RaftServerConfigKeys (ConfUtils.java:logGet(43)) - raft.server.rpc.timeout.min = 5s (custom)
2019-09-25 12:07:00,123 [pool-693-thread-1] INFO  server.RaftServerConfigKeys (ConfUtils.java:logGet(43)) - raft.server.rpc.timeout.max = 5200ms (custom)
2019-09-25 12:07:00,123 [pool-693-thread-1] INFO  server.RaftServerConfigKeys (ConfUtils.java:logGet(43)) - raft.server.rpcslowness.timeout = 120s (custom)
2019-09-25 12:07:00,123 [pool-693-thread-1] INFO  server.RaftServerConfigKeys (ConfUtils.java:logGet(43)) - raft.server.sleep.deviation.threshold = 300 (default)
2019-09-25 12:07:00,123 [pool-693-thread-1] INFO  server.RaftServerConfigKeys (ConfUtils.java:logGet(43)) - raft.server.log.appender.install.snapshot.enabled = false (custom)
2019-09-25 12:07:00,123 [pool-693-thread-1] INFO  impl.RaftServerImpl (ServerState.java:<init>(103)) - a3a55b85-6532-4add-86b9-f60c9f262632@group-5179D1A1F15C: ConfigurationManager, init=-1: [a3a55b85-6532-4add-86b9-f60c9f262632:192.168.151.73:37389], old=null, confs=<EMPTY_MAP>
2019-09-25 12:07:00,123 [pool-693-thread-1] INFO  server.RaftServerConfigKeys (ConfUtils.java:logGet(43)) - raft.server.storage.dir = [/workdir/hadoop-ozone/integration-test/target/test-dir/MiniOzoneClusterImpl-ed40a7f8-0b2f-4da3-bf53-40ad2b647f29/datanode-2/data/ratis] (custom)
2019-09-25 12:07:00,124 [pool-693-thread-1] INFO  storage.RaftStorageDirectory (RaftStorageDirectory.java:analyzeStorage(246)) - The storage directory /workdir/hadoop-ozone/integration-test/target/test-dir/MiniOzoneClusterImpl-ed40a7f8-0b2f-4da3-bf53-40ad2b647f29/datanode-2/data/ratis/eb6314a3-a6f3-4df2-8344-5179d1a1f15c does not exist. Creating ...
2019-09-25 12:07:00,136 [pool-693-thread-1] INFO  storage.RaftStorageDirectory (RaftStorageDirectory.java:tryLock(328)) - Lock on /workdir/hadoop-ozone/integration-test/target/test-dir/MiniOzoneClusterImpl-ed40a7f8-0b2f-4da3-bf53-40ad2b647f29/datanode-2/data/ratis/eb6314a3-a6f3-4df2-8344-5179d1a1f15c/in_use.lock acquired by nodename 24979@pr-hdds-1569-shd4m-3693607622
2019-09-25 12:07:00,187 [pool-693-thread-1] INFO  storage.RaftStorage (RaftStorage.java:format(72)) - Storage directory /workdir/hadoop-ozone/integration-test/target/test-dir/MiniOzoneClusterImpl-ed40a7f8-0b2f-4da3-bf53-40ad2b647f29/datanode-2/data/ratis/eb6314a3-a6f3-4df2-8344-5179d1a1f15c has been successfully formatted.
2019-09-25 12:07:00,187 [pool-693-thread-1] INFO  ratis.ContainerStateMachine (ContainerStateMachine.java:loadSnapshot(230)) - group-5179D1A1F15C: The snapshot info is null. Setting the last applied indexto:(t:0, i:~)
2019-09-25 12:07:00,188 [pool-693-thread-1] INFO  server.RaftServerConfigKeys (ConfUtils.java:logGet(43)) - raft.server.notification.no-leader.timeout = 120s (custom)
2019-09-25 12:07:00,188 [pool-693-thread-1] INFO  server.RaftServerConfigKeys (ConfUtils.java:logGet(43)) - raft.server.log.use.memory = false (default)
2019-09-25 12:07:00,188 [pool-693-thread-1] INFO  server.RaftServerConfigKeys (ConfUtils.java:logGet(43)) - raft.server.log.purge.gap = 1000000 (custom)
2019-09-25 12:07:00,188 [pool-693-thread-1] INFO  server.RaftServerConfigKeys (ConfUtils.java:logGet(43)) - raft.server.log.appender.buffer.byte-limit = 33554432 (custom)
2019-09-25 12:07:00,188 [pool-693-thread-1] INFO  server.RaftServerConfigKeys (ConfUtils.java:logGet(43)) - raft.server.log.segment.size.max = 1048576 (custom)
2019-09-25 12:07:00,189 [pool-693-thread-1] INFO  server.RaftServerConfigKeys (ConfUtils.java:logGet(43)) - raft.server.log.segment.cache.num.max = 2 (custom)
2019-09-25 12:07:00,189 [pool-693-thread-1] INFO  segmented.SegmentedRaftLogWorker (SegmentedRaftLogWorker.java:<init>(172)) - new a3a55b85-6532-4add-86b9-f60c9f262632@group-5179D1A1F15C-SegmentedRaftLogWorker for RaftStorage:Storage Directory /workdir/hadoop-ozone/integration-test/target/test-dir/MiniOzoneClusterImpl-ed40a7f8-0b2f-4da3-bf53-40ad2b647f29/datanode-2/data/ratis/eb6314a3-a6f3-4df2-8344-5179d1a1f15c
2019-09-25 12:07:00,189 [pool-693-thread-1] INFO  server.RaftServerConfigKeys (ConfUtils.java:logGet(43)) - raft.server.log.queue.byte-limit = 2147483647 (custom)
2019-09-25 12:07:00,189 [pool-693-thread-1] INFO  server.RaftServerConfigKeys (ConfUtils.java:logGet(43)) - raft.server.log.queue.element-limit = 1024 (custom)
2019-09-25 12:07:00,189 [pool-693-thread-1] INFO  server.RaftServerConfigKeys (ConfUtils.java:logGet(43)) - raft.server.log.segment.size.max = 1048576 (custom)
2019-09-25 12:07:00,190 [pool-693-thread-1] INFO  server.RaftServerConfigKeys (ConfUtils.java:logGet(43)) - raft.server.log.preallocated.size = 16384 (custom)
2019-09-25 12:07:00,190 [pool-693-thread-1] INFO  server.RaftServerConfigKeys (ConfUtils.java:logGet(43)) - raft.server.log.write.buffer.size = 33554432 (custom)
2019-09-25 12:07:00,190 [pool-693-thread-1] INFO  server.RaftServerConfigKeys (ConfUtils.java:logGet(43)) - raft.server.log.force.sync.num = 128 (default)
2019-09-25 12:07:00,190 [pool-693-thread-1] INFO  server.RaftServerConfigKeys (ConfUtils.java:logGet(43)) - raft.server.log.statemachine.data.sync = true (default)
2019-09-25 12:07:00,190 [pool-693-thread-1] INFO  server.RaftServerConfigKeys (ConfUtils.java:logGet(43)) - raft.server.log.statemachine.data.sync.timeout = 10s (default)
2019-09-25 12:07:00,190 [pool-693-thread-1] INFO  server.RaftServerConfigKeys (ConfUtils.java:logGet(43)) - raft.server.log.statemachine.data.sync.timeout.retry = -1 (default)
2019-09-25 12:07:00,191 [pool-693-thread-1] INFO  server.RaftServerConfigKeys (ConfUtils.java:logGet(43)) - raft.server.log.statemachine.data.caching.enabled = true (custom)
2019-09-25 12:07:00,191 [pool-693-thread-1] INFO  segmented.SegmentedRaftLogWorker (SegmentedRaftLogWorker.java:lambda$new$0(132)) - a3a55b85-6532-4add-86b9-f60c9f262632@group-5179D1A1F15C-SegmentedRaftLogWorker: flushIndex: setUnconditionally 0 -> -1
2019-09-25 12:07:00,191 [pool-693-thread-1] INFO  server.RaftServerConfigKeys (ConfUtils.java:logGet(43)) - raft.server.snapshot.auto.trigger.enabled = true (custom)
2019-09-25 12:07:00,192 [pool-693-thread-1] INFO  server.RaftServerConfigKeys (ConfUtils.java:logGet(43)) - raft.server.snapshot.auto.trigger.threshold = 10000 (custom)
2019-09-25 12:07:00,192 [pool-693-thread-1] INFO  server.RaftServerConfigKeys (ConfUtils.java:logGet(43)) - raft.server.snapshot.retention.num.files = 5 (custom)
2019-09-25 12:07:00,192 [pool-693-thread-1] INFO  server.RaftServerConfigKeys (ConfUtils.java:logGet(43)) - raft.server.retrycache.expirytime = 600000ms (custom)
2019-09-25 12:07:00,194 [pool-693-thread-1] INFO  impl.RaftServerImpl (RaftServerImpl.java:start(185)) - a3a55b85-6532-4add-86b9-f60c9f262632@group-5179D1A1F15C: start as a follower, conf=-1: [a3a55b85-6532-4add-86b9-f60c9f262632:192.168.151.73:37389], old=null
2019-09-25 12:07:00,195 [pool-693-thread-1] INFO  impl.RaftServerImpl (RaftServerImpl.java:setRole(174)) - a3a55b85-6532-4add-86b9-f60c9f262632@group-5179D1A1F15C: changes role from      null to FOLLOWER at term 0 for startAsFollower
2019-09-25 12:07:00,195 [pool-693-thread-1] INFO  impl.RoleInfo (RoleInfo.java:updateAndGet(143)) - a3a55b85-6532-4add-86b9-f60c9f262632: start FollowerState
2019-09-25 12:07:00,195 [pool-693-thread-1] INFO  util.JmxRegister (JmxRegister.java:tryRegister(44)) - Successfully registered JMX Bean with object name Ratis:service=RaftServer,group=group-5179D1A1F15C,id=a3a55b85-6532-4add-86b9-f60c9f262632
2019-09-25 12:07:00,198 [RatisPipelineUtilsThread] INFO  pipeline.PipelineStateManager (PipelineStateManager.java:addPipeline(56)) - Created pipeline Pipeline[ Id: eb6314a3-a6f3-4df2-8344-5179d1a1f15c, Nodes: a3a55b85-6532-4add-86b9-f60c9f262632{ip: 192.168.151.73, host: pr-hdds-1569-shd4m-3693607622, networkLocation: /default-rack, certSerialId: null}, Type:RATIS, Factor:ONE, State:OPEN]
2019-09-25 12:07:00,198 [RatisPipelineUtilsThread] INFO  pipeline.PipelinePlacementPolicy (PipelinePlacementPolicy.java:meetCriteria(91)) - Pipeline Placement: can't place more pipeline on heavy datanode： 0b7c031f-92f6-4780-87e9-d12f3b75deed Heaviness: 6 limit: 5
2019-09-25 12:07:00,201 [grpc-default-executor-1] INFO  impl.RaftServerProxy (RaftServerProxy.java:addNew(89)) - a3a55b85-6532-4add-86b9-f60c9f262632: addNew group-EDD36C66781D:[a3a55b85-6532-4add-86b9-f60c9f262632:192.168.151.73:37389] returns group-EDD36C66781D:java.util.concurrent.CompletableFuture@367075b3[Not completed]
2019-09-25 12:07:00,203 [pool-693-thread-1] INFO  impl.RaftServerImpl (RaftServerImpl.java:<init>(95)) - a3a55b85-6532-4add-86b9-f60c9f262632: new RaftServerImpl for group-EDD36C66781D:[a3a55b85-6532-4add-86b9-f60c9f262632:192.168.151.73:37389] with ContainerStateMachine:uninitialized
2019-09-25 12:07:00,203 [pool-693-thread-1] INFO  server.RaftServerConfigKeys (ConfUtils.java:logGet(43)) - raft.server.rpc.timeout.min = 5s (custom)
2019-09-25 12:07:00,203 [pool-693-thread-1] INFO  server.RaftServerConfigKeys (ConfUtils.java:logGet(43)) - raft.server.rpc.timeout.max = 5200ms (custom)
2019-09-25 12:07:00,203 [pool-693-thread-1] INFO  server.RaftServerConfigKeys (ConfUtils.java:logGet(43)) - raft.server.rpcslowness.timeout = 120s (custom)
2019-09-25 12:07:00,203 [pool-693-thread-1] INFO  server.RaftServerConfigKeys (ConfUtils.java:logGet(43)) - raft.server.sleep.deviation.threshold = 300 (default)
2019-09-25 12:07:00,203 [pool-693-thread-1] INFO  server.RaftServerConfigKeys (ConfUtils.java:logGet(43)) - raft.server.log.appender.install.snapshot.enabled = false (custom)
2019-09-25 12:07:00,204 [pool-693-thread-1] INFO  impl.RaftServerImpl (ServerState.java:<init>(103)) - a3a55b85-6532-4add-86b9-f60c9f262632@group-EDD36C66781D: ConfigurationManager, init=-1: [a3a55b85-6532-4add-86b9-f60c9f262632:192.168.151.73:37389], old=null, confs=<EMPTY_MAP>
2019-09-25 12:07:00,204 [pool-693-thread-1] INFO  server.RaftServerConfigKeys (ConfUtils.java:logGet(43)) - raft.server.storage.dir = [/workdir/hadoop-ozone/integration-test/target/test-dir/MiniOzoneClusterImpl-ed40a7f8-0b2f-4da3-bf53-40ad2b647f29/datanode-2/data/ratis] (custom)
2019-09-25 12:07:00,204 [pool-693-thread-1] INFO  storage.RaftStorageDirectory (RaftStorageDirectory.java:analyzeStorage(246)) - The storage directory /workdir/hadoop-ozone/integration-test/target/test-dir/MiniOzoneClusterImpl-ed40a7f8-0b2f-4da3-bf53-40ad2b647f29/datanode-2/data/ratis/ba3e57b4-9be8-4a61-a02d-edd36c66781d does not exist. Creating ...
2019-09-25 12:07:00,217 [pool-693-thread-1] INFO  storage.RaftStorageDirectory (RaftStorageDirectory.java:tryLock(328)) - Lock on /workdir/hadoop-ozone/integration-test/target/test-dir/MiniOzoneClusterImpl-ed40a7f8-0b2f-4da3-bf53-40ad2b647f29/datanode-2/data/ratis/ba3e57b4-9be8-4a61-a02d-edd36c66781d/in_use.lock acquired by nodename 24979@pr-hdds-1569-shd4m-3693607622
2019-09-25 12:07:00,229 [pool-693-thread-1] INFO  storage.RaftStorage (RaftStorage.java:format(72)) - Storage directory /workdir/hadoop-ozone/integration-test/target/test-dir/MiniOzoneClusterImpl-ed40a7f8-0b2f-4da3-bf53-40ad2b647f29/datanode-2/data/ratis/ba3e57b4-9be8-4a61-a02d-edd36c66781d has been successfully formatted.
2019-09-25 12:07:00,230 [pool-693-thread-1] INFO  ratis.ContainerStateMachine (ContainerStateMachine.java:loadSnapshot(230)) - group-EDD36C66781D: The snapshot info is null. Setting the last applied indexto:(t:0, i:~)
2019-09-25 12:07:00,230 [pool-693-thread-1] INFO  server.RaftServerConfigKeys (ConfUtils.java:logGet(43)) - raft.server.notification.no-leader.timeout = 120s (custom)
2019-09-25 12:07:00,230 [pool-693-thread-1] INFO  server.RaftServerConfigKeys (ConfUtils.java:logGet(43)) - raft.server.log.use.memory = false (default)
2019-09-25 12:07:00,230 [pool-693-thread-1] INFO  server.RaftServerConfigKeys (ConfUtils.java:logGet(43)) - raft.server.log.purge.gap = 1000000 (custom)
2019-09-25 12:07:00,230 [pool-693-thread-1] INFO  server.RaftServerConfigKeys (ConfUtils.java:logGet(43)) - raft.server.log.appender.buffer.byte-limit = 33554432 (custom)
2019-09-25 12:07:00,231 [pool-693-thread-1] INFO  server.RaftServerConfigKeys (ConfUtils.java:logGet(43)) - raft.server.log.segment.size.max = 1048576 (custom)
2019-09-25 12:07:00,231 [pool-693-thread-1] INFO  server.RaftServerConfigKeys (ConfUtils.java:logGet(43)) - raft.server.log.segment.cache.num.max = 2 (custom)
2019-09-25 12:07:00,231 [pool-693-thread-1] INFO  segmented.SegmentedRaftLogWorker (SegmentedRaftLogWorker.java:<init>(172)) - new a3a55b85-6532-4add-86b9-f60c9f262632@group-EDD36C66781D-SegmentedRaftLogWorker for RaftStorage:Storage Directory /workdir/hadoop-ozone/integration-test/target/test-dir/MiniOzoneClusterImpl-ed40a7f8-0b2f-4da3-bf53-40ad2b647f29/datanode-2/data/ratis/ba3e57b4-9be8-4a61-a02d-edd36c66781d
2019-09-25 12:07:00,231 [pool-693-thread-1] INFO  server.RaftServerConfigKeys (ConfUtils.java:logGet(43)) - raft.server.log.queue.byte-limit = 2147483647 (custom)
2019-09-25 12:07:00,231 [pool-693-thread-1] INFO  server.RaftServerConfigKeys (ConfUtils.java:logGet(43)) - raft.server.log.queue.element-limit = 1024 (custom)
2019-09-25 12:07:00,231 [pool-693-thread-1] INFO  server.RaftServerConfigKeys (ConfUtils.java:logGet(43)) - raft.server.log.segment.size.max = 1048576 (custom)
2019-09-25 12:07:00,232 [pool-693-thread-1] INFO  server.RaftServerConfigKeys (ConfUtils.java:logGet(43)) - raft.server.log.preallocated.size = 16384 (custom)
2019-09-25 12:07:00,232 [pool-693-thread-1] INFO  server.RaftServerConfigKeys (ConfUtils.java:logGet(43)) - raft.server.log.write.buffer.size = 33554432 (custom)
2019-09-25 12:07:00,232 [pool-693-thread-1] INFO  server.RaftServerConfigKeys (ConfUtils.java:logGet(43)) - raft.server.log.force.sync.num = 128 (default)
2019-09-25 12:07:00,232 [pool-693-thread-1] INFO  server.RaftServerConfigKeys (ConfUtils.java:logGet(43)) - raft.server.log.statemachine.data.sync = true (default)
2019-09-25 12:07:00,232 [pool-693-thread-1] INFO  server.RaftServerConfigKeys (ConfUtils.java:logGet(43)) - raft.server.log.statemachine.data.sync.timeout = 10s (default)
2019-09-25 12:07:00,232 [pool-693-thread-1] INFO  server.RaftServerConfigKeys (ConfUtils.java:logGet(43)) - raft.server.log.statemachine.data.sync.timeout.retry = -1 (default)
2019-09-25 12:07:00,232 [pool-693-thread-1] INFO  server.RaftServerConfigKeys (ConfUtils.java:logGet(43)) - raft.server.log.statemachine.data.caching.enabled = true (custom)
2019-09-25 12:07:00,233 [pool-693-thread-1] INFO  segmented.SegmentedRaftLogWorker (SegmentedRaftLogWorker.java:lambda$new$0(132)) - a3a55b85-6532-4add-86b9-f60c9f262632@group-EDD36C66781D-SegmentedRaftLogWorker: flushIndex: setUnconditionally 0 -> -1
2019-09-25 12:07:00,233 [pool-693-thread-1] INFO  server.RaftServerConfigKeys (ConfUtils.java:logGet(43)) - raft.server.snapshot.auto.trigger.enabled = true (custom)
2019-09-25 12:07:00,233 [pool-693-thread-1] INFO  server.RaftServerConfigKeys (ConfUtils.java:logGet(43)) - raft.server.snapshot.auto.trigger.threshold = 10000 (custom)
2019-09-25 12:07:00,233 [pool-693-thread-1] INFO  server.RaftServerConfigKeys (ConfUtils.java:logGet(43)) - raft.server.snapshot.retention.num.files = 5 (custom)
2019-09-25 12:07:00,233 [pool-693-thread-1] INFO  server.RaftServerConfigKeys (ConfUtils.java:logGet(43)) - raft.server.retrycache.expirytime = 600000ms (custom)
2019-09-25 12:07:00,235 [pool-693-thread-1] INFO  impl.RaftServerImpl (RaftServerImpl.java:start(185)) - a3a55b85-6532-4add-86b9-f60c9f262632@group-EDD36C66781D: start as a follower, conf=-1: [a3a55b85-6532-4add-86b9-f60c9f262632:192.168.151.73:37389], old=null
2019-09-25 12:07:00,236 [pool-693-thread-1] INFO  impl.RaftServerImpl (RaftServerImpl.java:setRole(174)) - a3a55b85-6532-4add-86b9-f60c9f262632@group-EDD36C66781D: changes role from      null to FOLLOWER at term 0 for startAsFollower
2019-09-25 12:07:00,236 [pool-693-thread-1] INFO  impl.RoleInfo (RoleInfo.java:updateAndGet(143)) - a3a55b85-6532-4add-86b9-f60c9f262632: start FollowerState
2019-09-25 12:07:00,236 [pool-693-thread-1] INFO  util.JmxRegister (JmxRegister.java:tryRegister(44)) - Successfully registered JMX Bean with object name Ratis:service=RaftServer,group=group-EDD36C66781D,id=a3a55b85-6532-4add-86b9-f60c9f262632
2019-09-25 12:07:00,239 [RatisPipelineUtilsThread] INFO  pipeline.PipelineStateManager (PipelineStateManager.java:addPipeline(56)) - Created pipeline Pipeline[ Id: ba3e57b4-9be8-4a61-a02d-edd36c66781d, Nodes: a3a55b85-6532-4add-86b9-f60c9f262632{ip: 192.168.151.73, host: pr-hdds-1569-shd4m-3693607622, networkLocation: /default-rack, certSerialId: null}, Type:RATIS, Factor:ONE, State:OPEN]
2019-09-25 12:07:00,239 [RatisPipelineUtilsThread] INFO  pipeline.PipelinePlacementPolicy (PipelinePlacementPolicy.java:meetCriteria(91)) - Pipeline Placement: can't place more pipeline on heavy datanode： 0b7c031f-92f6-4780-87e9-d12f3b75deed Heaviness: 6 limit: 5
2019-09-25 12:07:00,239 [RatisPipelineUtilsThread] INFO  pipeline.PipelinePlacementPolicy (PipelinePlacementPolicy.java:meetCriteria(91)) - Pipeline Placement: can't place more pipeline on heavy datanode： a3a55b85-6532-4add-86b9-f60c9f262632 Heaviness: 6 limit: 5
2019-09-25 12:07:00,250 [grpc-default-executor-1] INFO  impl.RaftServerProxy (RaftServerProxy.java:addNew(89)) - f4c1a9a1-2d51-404c-8ce9-40a1851b7a0b: addNew group-178624BC5208:[f4c1a9a1-2d51-404c-8ce9-40a1851b7a0b:192.168.151.73:39166] returns group-178624BC5208:java.util.concurrent.CompletableFuture@7a14d163[Not completed]
2019-09-25 12:07:00,252 [pool-723-thread-1] INFO  impl.RaftServerImpl (RaftServerImpl.java:<init>(95)) - f4c1a9a1-2d51-404c-8ce9-40a1851b7a0b: new RaftServerImpl for group-178624BC5208:[f4c1a9a1-2d51-404c-8ce9-40a1851b7a0b:192.168.151.73:39166] with ContainerStateMachine:uninitialized
2019-09-25 12:07:00,252 [pool-723-thread-1] INFO  server.RaftServerConfigKeys (ConfUtils.java:logGet(43)) - raft.server.rpc.timeout.min = 5s (custom)
2019-09-25 12:07:00,252 [pool-723-thread-1] INFO  server.RaftServerConfigKeys (ConfUtils.java:logGet(43)) - raft.server.rpc.timeout.max = 5200ms (custom)
2019-09-25 12:07:00,252 [pool-723-thread-1] INFO  server.RaftServerConfigKeys (ConfUtils.java:logGet(43)) - raft.server.rpcslowness.timeout = 120s (custom)
2019-09-25 12:07:00,252 [pool-723-thread-1] INFO  server.RaftServerConfigKeys (ConfUtils.java:logGet(43)) - raft.server.sleep.deviation.threshold = 300 (default)
2019-09-25 12:07:00,252 [pool-723-thread-1] INFO  server.RaftServerConfigKeys (ConfUtils.java:logGet(43)) - raft.server.log.appender.install.snapshot.enabled = false (custom)
2019-09-25 12:07:00,253 [pool-723-thread-1] INFO  impl.RaftServerImpl (ServerState.java:<init>(103)) - f4c1a9a1-2d51-404c-8ce9-40a1851b7a0b@group-178624BC5208: ConfigurationManager, init=-1: [f4c1a9a1-2d51-404c-8ce9-40a1851b7a0b:192.168.151.73:39166], old=null, confs=<EMPTY_MAP>
2019-09-25 12:07:00,253 [pool-723-thread-1] INFO  server.RaftServerConfigKeys (ConfUtils.java:logGet(43)) - raft.server.storage.dir = [/workdir/hadoop-ozone/integration-test/target/test-dir/MiniOzoneClusterImpl-ed40a7f8-0b2f-4da3-bf53-40ad2b647f29/datanode-5/data/ratis] (custom)
2019-09-25 12:07:00,253 [pool-723-thread-1] INFO  storage.RaftStorageDirectory (RaftStorageDirectory.java:analyzeStorage(246)) - The storage directory /workdir/hadoop-ozone/integration-test/target/test-dir/MiniOzoneClusterImpl-ed40a7f8-0b2f-4da3-bf53-40ad2b647f29/datanode-5/data/ratis/a2234e72-377f-4012-bbb3-178624bc5208 does not exist. Creating ...
2019-09-25 12:07:00,266 [pool-723-thread-1] INFO  storage.RaftStorageDirectory (RaftStorageDirectory.java:tryLock(328)) - Lock on /workdir/hadoop-ozone/integration-test/target/test-dir/MiniOzoneClusterImpl-ed40a7f8-0b2f-4da3-bf53-40ad2b647f29/datanode-5/data/ratis/a2234e72-377f-4012-bbb3-178624bc5208/in_use.lock acquired by nodename 24979@pr-hdds-1569-shd4m-3693607622
2019-09-25 12:07:00,280 [pool-723-thread-1] INFO  storage.RaftStorage (RaftStorage.java:format(72)) - Storage directory /workdir/hadoop-ozone/integration-test/target/test-dir/MiniOzoneClusterImpl-ed40a7f8-0b2f-4da3-bf53-40ad2b647f29/datanode-5/data/ratis/a2234e72-377f-4012-bbb3-178624bc5208 has been successfully formatted.
2019-09-25 12:07:00,281 [pool-723-thread-1] INFO  ratis.ContainerStateMachine (ContainerStateMachine.java:loadSnapshot(230)) - group-178624BC5208: The snapshot info is null. Setting the last applied indexto:(t:0, i:~)
2019-09-25 12:07:00,281 [pool-723-thread-1] INFO  server.RaftServerConfigKeys (ConfUtils.java:logGet(43)) - raft.server.notification.no-leader.timeout = 120s (custom)
2019-09-25 12:07:00,281 [pool-723-thread-1] INFO  server.RaftServerConfigKeys (ConfUtils.java:logGet(43)) - raft.server.log.use.memory = false (default)
2019-09-25 12:07:00,281 [pool-723-thread-1] INFO  server.RaftServerConfigKeys (ConfUtils.java:logGet(43)) - raft.server.log.purge.gap = 1000000 (custom)
2019-09-25 12:07:00,281 [pool-723-thread-1] INFO  server.RaftServerConfigKeys (ConfUtils.java:logGet(43)) - raft.server.log.appender.buffer.byte-limit = 33554432 (custom)
2019-09-25 12:07:00,281 [pool-723-thread-1] INFO  server.RaftServerConfigKeys (ConfUtils.java:logGet(43)) - raft.server.log.segment.size.max = 1048576 (custom)
2019-09-25 12:07:00,282 [pool-723-thread-1] INFO  server.RaftServerConfigKeys (ConfUtils.java:logGet(43)) - raft.server.log.segment.cache.num.max = 2 (custom)
2019-09-25 12:07:00,282 [pool-723-thread-1] INFO  segmented.SegmentedRaftLogWorker (SegmentedRaftLogWorker.java:<init>(172)) - new f4c1a9a1-2d51-404c-8ce9-40a1851b7a0b@group-178624BC5208-SegmentedRaftLogWorker for RaftStorage:Storage Directory /workdir/hadoop-ozone/integration-test/target/test-dir/MiniOzoneClusterImpl-ed40a7f8-0b2f-4da3-bf53-40ad2b647f29/datanode-5/data/ratis/a2234e72-377f-4012-bbb3-178624bc5208
2019-09-25 12:07:00,284 [pool-723-thread-1] INFO  server.RaftServerConfigKeys (ConfUtils.java:logGet(43)) - raft.server.log.queue.byte-limit = 2147483647 (custom)
2019-09-25 12:07:00,284 [pool-723-thread-1] INFO  server.RaftServerConfigKeys (ConfUtils.java:logGet(43)) - raft.server.log.queue.element-limit = 1024 (custom)
2019-09-25 12:07:00,284 [pool-723-thread-1] INFO  server.RaftServerConfigKeys (ConfUtils.java:logGet(43)) - raft.server.log.segment.size.max = 1048576 (custom)
2019-09-25 12:07:00,284 [pool-723-thread-1] INFO  server.RaftServerConfigKeys (ConfUtils.java:logGet(43)) - raft.server.log.preallocated.size = 16384 (custom)
2019-09-25 12:07:00,284 [pool-723-thread-1] INFO  server.RaftServerConfigKeys (ConfUtils.java:logGet(43)) - raft.server.log.write.buffer.size = 33554432 (custom)
2019-09-25 12:07:00,285 [pool-723-thread-1] INFO  server.RaftServerConfigKeys (ConfUtils.java:logGet(43)) - raft.server.log.force.sync.num = 128 (default)
2019-09-25 12:07:00,285 [pool-723-thread-1] INFO  server.RaftServerConfigKeys (ConfUtils.java:logGet(43)) - raft.server.log.statemachine.data.sync = true (default)
2019-09-25 12:07:00,285 [pool-723-thread-1] INFO  server.RaftServerConfigKeys (ConfUtils.java:logGet(43)) - raft.server.log.statemachine.data.sync.timeout = 10s (default)
2019-09-25 12:07:00,285 [pool-723-thread-1] INFO  server.RaftServerConfigKeys (ConfUtils.java:logGet(43)) - raft.server.log.statemachine.data.sync.timeout.retry = -1 (default)
2019-09-25 12:07:00,285 [pool-723-thread-1] INFO  server.RaftServerConfigKeys (ConfUtils.java:logGet(43)) - raft.server.log.statemachine.data.caching.enabled = true (custom)
2019-09-25 12:07:00,286 [pool-723-thread-1] INFO  segmented.SegmentedRaftLogWorker (SegmentedRaftLogWorker.java:lambda$new$0(132)) - f4c1a9a1-2d51-404c-8ce9-40a1851b7a0b@group-178624BC5208-SegmentedRaftLogWorker: flushIndex: setUnconditionally 0 -> -1
2019-09-25 12:07:00,286 [pool-723-thread-1] INFO  server.RaftServerConfigKeys (ConfUtils.java:logGet(43)) - raft.server.snapshot.auto.trigger.enabled = true (custom)
2019-09-25 12:07:00,286 [pool-723-thread-1] INFO  server.RaftServerConfigKeys (ConfUtils.java:logGet(43)) - raft.server.snapshot.auto.trigger.threshold = 10000 (custom)
2019-09-25 12:07:00,286 [pool-723-thread-1] INFO  server.RaftServerConfigKeys (ConfUtils.java:logGet(43)) - raft.server.snapshot.retention.num.files = 5 (custom)
2019-09-25 12:07:00,287 [pool-723-thread-1] INFO  server.RaftServerConfigKeys (ConfUtils.java:logGet(43)) - raft.server.retrycache.expirytime = 600000ms (custom)
2019-09-25 12:07:00,288 [pool-723-thread-1] INFO  impl.RaftServerImpl (RaftServerImpl.java:start(185)) - f4c1a9a1-2d51-404c-8ce9-40a1851b7a0b@group-178624BC5208: start as a follower, conf=-1: [f4c1a9a1-2d51-404c-8ce9-40a1851b7a0b:192.168.151.73:39166], old=null
2019-09-25 12:07:00,289 [pool-723-thread-1] INFO  impl.RaftServerImpl (RaftServerImpl.java:setRole(174)) - f4c1a9a1-2d51-404c-8ce9-40a1851b7a0b@group-178624BC5208: changes role from      null to FOLLOWER at term 0 for startAsFollower
2019-09-25 12:07:00,289 [pool-723-thread-1] INFO  impl.RoleInfo (RoleInfo.java:updateAndGet(143)) - f4c1a9a1-2d51-404c-8ce9-40a1851b7a0b: start FollowerState
2019-09-25 12:07:00,289 [pool-723-thread-1] INFO  util.JmxRegister (JmxRegister.java:tryRegister(44)) - Successfully registered JMX Bean with object name Ratis:service=RaftServer,group=group-178624BC5208,id=f4c1a9a1-2d51-404c-8ce9-40a1851b7a0b
2019-09-25 12:07:00,327 [RatisPipelineUtilsThread] INFO  pipeline.PipelineStateManager (PipelineStateManager.java:addPipeline(56)) - Created pipeline Pipeline[ Id: a2234e72-377f-4012-bbb3-178624bc5208, Nodes: f4c1a9a1-2d51-404c-8ce9-40a1851b7a0b{ip: 192.168.151.73, host: pr-hdds-1569-shd4m-3693607622, networkLocation: /default-rack, certSerialId: null}, Type:RATIS, Factor:ONE, State:OPEN]
2019-09-25 12:07:00,327 [RatisPipelineUtilsThread] INFO  pipeline.PipelinePlacementPolicy (PipelinePlacementPolicy.java:meetCriteria(91)) - Pipeline Placement: can't place more pipeline on heavy datanode： 0b7c031f-92f6-4780-87e9-d12f3b75deed Heaviness: 6 limit: 5
2019-09-25 12:07:00,327 [RatisPipelineUtilsThread] INFO  pipeline.PipelinePlacementPolicy (PipelinePlacementPolicy.java:meetCriteria(91)) - Pipeline Placement: can't place more pipeline on heavy datanode： a3a55b85-6532-4add-86b9-f60c9f262632 Heaviness: 6 limit: 5
2019-09-25 12:07:00,331 [grpc-default-executor-1] INFO  impl.RaftServerProxy (RaftServerProxy.java:addNew(89)) - 994e134d-9492-4c05-a584-6f6f537d8ad3: addNew group-B83A04D9703B:[994e134d-9492-4c05-a584-6f6f537d8ad3:192.168.151.73:46064] returns group-B83A04D9703B:java.util.concurrent.CompletableFuture@3f8d873d[Not completed]
2019-09-25 12:07:00,332 [pool-703-thread-1] INFO  impl.RaftServerImpl (RaftServerImpl.java:<init>(95)) - 994e134d-9492-4c05-a584-6f6f537d8ad3: new RaftServerImpl for group-B83A04D9703B:[994e134d-9492-4c05-a584-6f6f537d8ad3:192.168.151.73:46064] with ContainerStateMachine:uninitialized
2019-09-25 12:07:00,332 [pool-703-thread-1] INFO  server.RaftServerConfigKeys (ConfUtils.java:logGet(43)) - raft.server.rpc.timeout.min = 5s (custom)
2019-09-25 12:07:00,333 [pool-703-thread-1] INFO  server.RaftServerConfigKeys (ConfUtils.java:logGet(43)) - raft.server.rpc.timeout.max = 5200ms (custom)
2019-09-25 12:07:00,333 [pool-703-thread-1] INFO  server.RaftServerConfigKeys (ConfUtils.java:logGet(43)) - raft.server.rpcslowness.timeout = 120s (custom)
2019-09-25 12:07:00,333 [pool-703-thread-1] INFO  server.RaftServerConfigKeys (ConfUtils.java:logGet(43)) - raft.server.sleep.deviation.threshold = 300 (default)
2019-09-25 12:07:00,333 [pool-703-thread-1] INFO  server.RaftServerConfigKeys (ConfUtils.java:logGet(43)) - raft.server.log.appender.install.snapshot.enabled = false (custom)
2019-09-25 12:07:00,333 [pool-703-thread-1] INFO  impl.RaftServerImpl (ServerState.java:<init>(103)) - 994e134d-9492-4c05-a584-6f6f537d8ad3@group-B83A04D9703B: ConfigurationManager, init=-1: [994e134d-9492-4c05-a584-6f6f537d8ad3:192.168.151.73:46064], old=null, confs=<EMPTY_MAP>
2019-09-25 12:07:00,333 [pool-703-thread-1] INFO  server.RaftServerConfigKeys (ConfUtils.java:logGet(43)) - raft.server.storage.dir = [/workdir/hadoop-ozone/integration-test/target/test-dir/MiniOzoneClusterImpl-ed40a7f8-0b2f-4da3-bf53-40ad2b647f29/datanode-3/data/ratis] (custom)
2019-09-25 12:07:00,334 [pool-703-thread-1] INFO  storage.RaftStorageDirectory (RaftStorageDirectory.java:analyzeStorage(246)) - The storage directory /workdir/hadoop-ozone/integration-test/target/test-dir/MiniOzoneClusterImpl-ed40a7f8-0b2f-4da3-bf53-40ad2b647f29/datanode-3/data/ratis/61640516-1591-4ecd-a089-b83a04d9703b does not exist. Creating ...
2019-09-25 12:07:00,373 [pool-703-thread-1] INFO  storage.RaftStorageDirectory (RaftStorageDirectory.java:tryLock(328)) - Lock on /workdir/hadoop-ozone/integration-test/target/test-dir/MiniOzoneClusterImpl-ed40a7f8-0b2f-4da3-bf53-40ad2b647f29/datanode-3/data/ratis/61640516-1591-4ecd-a089-b83a04d9703b/in_use.lock acquired by nodename 24979@pr-hdds-1569-shd4m-3693607622
2019-09-25 12:07:00,398 [pool-703-thread-1] INFO  storage.RaftStorage (RaftStorage.java:format(72)) - Storage directory /workdir/hadoop-ozone/integration-test/target/test-dir/MiniOzoneClusterImpl-ed40a7f8-0b2f-4da3-bf53-40ad2b647f29/datanode-3/data/ratis/61640516-1591-4ecd-a089-b83a04d9703b has been successfully formatted.
2019-09-25 12:07:00,398 [pool-703-thread-1] INFO  ratis.ContainerStateMachine (ContainerStateMachine.java:loadSnapshot(230)) - group-B83A04D9703B: The snapshot info is null. Setting the last applied indexto:(t:0, i:~)
2019-09-25 12:07:00,398 [pool-703-thread-1] INFO  server.RaftServerConfigKeys (ConfUtils.java:logGet(43)) - raft.server.notification.no-leader.timeout = 120s (custom)
2019-09-25 12:07:00,398 [pool-703-thread-1] INFO  server.RaftServerConfigKeys (ConfUtils.java:logGet(43)) - raft.server.log.use.memory = false (default)
2019-09-25 12:07:00,399 [pool-703-thread-1] INFO  server.RaftServerConfigKeys (ConfUtils.java:logGet(43)) - raft.server.log.purge.gap = 1000000 (custom)
2019-09-25 12:07:00,399 [pool-703-thread-1] INFO  server.RaftServerConfigKeys (ConfUtils.java:logGet(43)) - raft.server.log.appender.buffer.byte-limit = 33554432 (custom)
2019-09-25 12:07:00,399 [pool-703-thread-1] INFO  server.RaftServerConfigKeys (ConfUtils.java:logGet(43)) - raft.server.log.segment.size.max = 1048576 (custom)
2019-09-25 12:07:00,399 [pool-703-thread-1] INFO  server.RaftServerConfigKeys (ConfUtils.java:logGet(43)) - raft.server.log.segment.cache.num.max = 2 (custom)
2019-09-25 12:07:00,399 [pool-703-thread-1] INFO  segmented.SegmentedRaftLogWorker (SegmentedRaftLogWorker.java:<init>(172)) - new 994e134d-9492-4c05-a584-6f6f537d8ad3@group-B83A04D9703B-SegmentedRaftLogWorker for RaftStorage:Storage Directory /workdir/hadoop-ozone/integration-test/target/test-dir/MiniOzoneClusterImpl-ed40a7f8-0b2f-4da3-bf53-40ad2b647f29/datanode-3/data/ratis/61640516-1591-4ecd-a089-b83a04d9703b
2019-09-25 12:07:00,400 [pool-703-thread-1] INFO  server.RaftServerConfigKeys (ConfUtils.java:logGet(43)) - raft.server.log.queue.byte-limit = 2147483647 (custom)
2019-09-25 12:07:00,400 [pool-703-thread-1] INFO  server.RaftServerConfigKeys (ConfUtils.java:logGet(43)) - raft.server.log.queue.element-limit = 1024 (custom)
2019-09-25 12:07:00,400 [pool-703-thread-1] INFO  server.RaftServerConfigKeys (ConfUtils.java:logGet(43)) - raft.server.log.segment.size.max = 1048576 (custom)
2019-09-25 12:07:00,400 [pool-703-thread-1] INFO  server.RaftServerConfigKeys (ConfUtils.java:logGet(43)) - raft.server.log.preallocated.size = 16384 (custom)
2019-09-25 12:07:00,400 [pool-703-thread-1] INFO  server.RaftServerConfigKeys (ConfUtils.java:logGet(43)) - raft.server.log.write.buffer.size = 33554432 (custom)
2019-09-25 12:07:00,400 [pool-703-thread-1] INFO  server.RaftServerConfigKeys (ConfUtils.java:logGet(43)) - raft.server.log.force.sync.num = 128 (default)
2019-09-25 12:07:00,401 [pool-703-thread-1] INFO  server.RaftServerConfigKeys (ConfUtils.java:logGet(43)) - raft.server.log.statemachine.data.sync = true (default)
2019-09-25 12:07:00,401 [pool-703-thread-1] INFO  server.RaftServerConfigKeys (ConfUtils.java:logGet(43)) - raft.server.log.statemachine.data.sync.timeout = 10s (default)
2019-09-25 12:07:00,401 [pool-703-thread-1] INFO  server.RaftServerConfigKeys (ConfUtils.java:logGet(43)) - raft.server.log.statemachine.data.sync.timeout.retry = -1 (default)
2019-09-25 12:07:00,401 [pool-703-thread-1] INFO  server.RaftServerConfigKeys (ConfUtils.java:logGet(43)) - raft.server.log.statemachine.data.caching.enabled = true (custom)
2019-09-25 12:07:00,402 [pool-703-thread-1] INFO  segmented.SegmentedRaftLogWorker (SegmentedRaftLogWorker.java:lambda$new$0(132)) - 994e134d-9492-4c05-a584-6f6f537d8ad3@group-B83A04D9703B-SegmentedRaftLogWorker: flushIndex: setUnconditionally 0 -> -1
2019-09-25 12:07:00,402 [pool-703-thread-1] INFO  server.RaftServerConfigKeys (ConfUtils.java:logGet(43)) - raft.server.snapshot.auto.trigger.enabled = true (custom)
2019-09-25 12:07:00,402 [pool-703-thread-1] INFO  server.RaftServerConfigKeys (ConfUtils.java:logGet(43)) - raft.server.snapshot.auto.trigger.threshold = 10000 (custom)
2019-09-25 12:07:00,402 [pool-703-thread-1] INFO  server.RaftServerConfigKeys (ConfUtils.java:logGet(43)) - raft.server.snapshot.retention.num.files = 5 (custom)
2019-09-25 12:07:00,403 [pool-703-thread-1] INFO  server.RaftServerConfigKeys (ConfUtils.java:logGet(43)) - raft.server.retrycache.expirytime = 600000ms (custom)
2019-09-25 12:07:00,404 [pool-703-thread-1] INFO  impl.RaftServerImpl (RaftServerImpl.java:start(185)) - 994e134d-9492-4c05-a584-6f6f537d8ad3@group-B83A04D9703B: start as a follower, conf=-1: [994e134d-9492-4c05-a584-6f6f537d8ad3:192.168.151.73:46064], old=null
2019-09-25 12:07:00,405 [pool-703-thread-1] INFO  impl.RaftServerImpl (RaftServerImpl.java:setRole(174)) - 994e134d-9492-4c05-a584-6f6f537d8ad3@group-B83A04D9703B: changes role from      null to FOLLOWER at term 0 for startAsFollower
2019-09-25 12:07:00,405 [pool-703-thread-1] INFO  impl.RoleInfo (RoleInfo.java:updateAndGet(143)) - 994e134d-9492-4c05-a584-6f6f537d8ad3: start FollowerState
2019-09-25 12:07:00,405 [pool-703-thread-1] INFO  util.JmxRegister (JmxRegister.java:tryRegister(44)) - Successfully registered JMX Bean with object name Ratis:service=RaftServer,group=group-B83A04D9703B,id=994e134d-9492-4c05-a584-6f6f537d8ad3
2019-09-25 12:07:00,407 [RatisPipelineUtilsThread] INFO  pipeline.PipelineStateManager (PipelineStateManager.java:addPipeline(56)) - Created pipeline Pipeline[ Id: 61640516-1591-4ecd-a089-b83a04d9703b, Nodes: 994e134d-9492-4c05-a584-6f6f537d8ad3{ip: 192.168.151.73, host: pr-hdds-1569-shd4m-3693607622, networkLocation: /default-rack, certSerialId: null}, Type:RATIS, Factor:ONE, State:OPEN]
2019-09-25 12:07:00,408 [RatisPipelineUtilsThread] INFO  pipeline.PipelinePlacementPolicy (PipelinePlacementPolicy.java:meetCriteria(91)) - Pipeline Placement: can't place more pipeline on heavy datanode： 0b7c031f-92f6-4780-87e9-d12f3b75deed Heaviness: 6 limit: 5
2019-09-25 12:07:00,408 [RatisPipelineUtilsThread] INFO  pipeline.PipelinePlacementPolicy (PipelinePlacementPolicy.java:meetCriteria(91)) - Pipeline Placement: can't place more pipeline on heavy datanode： a3a55b85-6532-4add-86b9-f60c9f262632 Heaviness: 6 limit: 5
2019-09-25 12:07:00,411 [grpc-default-executor-1] INFO  impl.RaftServerProxy (RaftServerProxy.java:addNew(89)) - f003a614-b318-424e-95ab-7ad6d1c0d2e6: addNew group-3B4F4267E03B:[f003a614-b318-424e-95ab-7ad6d1c0d2e6:192.168.151.73:41092] returns group-3B4F4267E03B:java.util.concurrent.CompletableFuture@470ba2fc[Not completed]
2019-09-25 12:07:00,412 [pool-683-thread-1] INFO  impl.RaftServerImpl (RaftServerImpl.java:<init>(95)) - f003a614-b318-424e-95ab-7ad6d1c0d2e6: new RaftServerImpl for group-3B4F4267E03B:[f003a614-b318-424e-95ab-7ad6d1c0d2e6:192.168.151.73:41092] with ContainerStateMachine:uninitialized
2019-09-25 12:07:00,412 [pool-683-thread-1] INFO  server.RaftServerConfigKeys (ConfUtils.java:logGet(43)) - raft.server.rpc.timeout.min = 5s (custom)
2019-09-25 12:07:00,412 [pool-683-thread-1] INFO  server.RaftServerConfigKeys (ConfUtils.java:logGet(43)) - raft.server.rpc.timeout.max = 5200ms (custom)
2019-09-25 12:07:00,412 [pool-683-thread-1] INFO  server.RaftServerConfigKeys (ConfUtils.java:logGet(43)) - raft.server.rpcslowness.timeout = 120s (custom)
2019-09-25 12:07:00,412 [pool-683-thread-1] INFO  server.RaftServerConfigKeys (ConfUtils.java:logGet(43)) - raft.server.sleep.deviation.threshold = 300 (default)
2019-09-25 12:07:00,412 [pool-683-thread-1] INFO  server.RaftServerConfigKeys (ConfUtils.java:logGet(43)) - raft.server.log.appender.install.snapshot.enabled = false (custom)
2019-09-25 12:07:00,413 [pool-683-thread-1] INFO  impl.RaftServerImpl (ServerState.java:<init>(103)) - f003a614-b318-424e-95ab-7ad6d1c0d2e6@group-3B4F4267E03B: ConfigurationManager, init=-1: [f003a614-b318-424e-95ab-7ad6d1c0d2e6:192.168.151.73:41092], old=null, confs=<EMPTY_MAP>
2019-09-25 12:07:00,413 [pool-683-thread-1] INFO  server.RaftServerConfigKeys (ConfUtils.java:logGet(43)) - raft.server.storage.dir = [/workdir/hadoop-ozone/integration-test/target/test-dir/MiniOzoneClusterImpl-ed40a7f8-0b2f-4da3-bf53-40ad2b647f29/datanode-1/data/ratis] (custom)
2019-09-25 12:07:00,413 [pool-683-thread-1] INFO  storage.RaftStorageDirectory (RaftStorageDirectory.java:analyzeStorage(246)) - The storage directory /workdir/hadoop-ozone/integration-test/target/test-dir/MiniOzoneClusterImpl-ed40a7f8-0b2f-4da3-bf53-40ad2b647f29/datanode-1/data/ratis/aff4ae1d-51b5-4e9d-b2ce-3b4f4267e03b does not exist. Creating ...
2019-09-25 12:07:00,430 [pool-683-thread-1] INFO  storage.RaftStorageDirectory (RaftStorageDirectory.java:tryLock(328)) - Lock on /workdir/hadoop-ozone/integration-test/target/test-dir/MiniOzoneClusterImpl-ed40a7f8-0b2f-4da3-bf53-40ad2b647f29/datanode-1/data/ratis/aff4ae1d-51b5-4e9d-b2ce-3b4f4267e03b/in_use.lock acquired by nodename 24979@pr-hdds-1569-shd4m-3693607622
2019-09-25 12:07:00,455 [pool-683-thread-1] INFO  storage.RaftStorage (RaftStorage.java:format(72)) - Storage directory /workdir/hadoop-ozone/integration-test/target/test-dir/MiniOzoneClusterImpl-ed40a7f8-0b2f-4da3-bf53-40ad2b647f29/datanode-1/data/ratis/aff4ae1d-51b5-4e9d-b2ce-3b4f4267e03b has been successfully formatted.
2019-09-25 12:07:00,455 [pool-683-thread-1] INFO  ratis.ContainerStateMachine (ContainerStateMachine.java:loadSnapshot(230)) - group-3B4F4267E03B: The snapshot info is null. Setting the last applied indexto:(t:0, i:~)
2019-09-25 12:07:00,455 [pool-683-thread-1] INFO  server.RaftServerConfigKeys (ConfUtils.java:logGet(43)) - raft.server.notification.no-leader.timeout = 120s (custom)
2019-09-25 12:07:00,455 [pool-683-thread-1] INFO  server.RaftServerConfigKeys (ConfUtils.java:logGet(43)) - raft.server.log.use.memory = false (default)
2019-09-25 12:07:00,456 [pool-683-thread-1] INFO  server.RaftServerConfigKeys (ConfUtils.java:logGet(43)) - raft.server.log.purge.gap = 1000000 (custom)
2019-09-25 12:07:00,456 [pool-683-thread-1] INFO  server.RaftServerConfigKeys (ConfUtils.java:logGet(43)) - raft.server.log.appender.buffer.byte-limit = 33554432 (custom)
2019-09-25 12:07:00,456 [pool-683-thread-1] INFO  server.RaftServerConfigKeys (ConfUtils.java:logGet(43)) - raft.server.log.segment.size.max = 1048576 (custom)
2019-09-25 12:07:00,456 [pool-683-thread-1] INFO  server.RaftServerConfigKeys (ConfUtils.java:logGet(43)) - raft.server.log.segment.cache.num.max = 2 (custom)
2019-09-25 12:07:00,456 [pool-683-thread-1] INFO  segmented.SegmentedRaftLogWorker (SegmentedRaftLogWorker.java:<init>(172)) - new f003a614-b318-424e-95ab-7ad6d1c0d2e6@group-3B4F4267E03B-SegmentedRaftLogWorker for RaftStorage:Storage Directory /workdir/hadoop-ozone/integration-test/target/test-dir/MiniOzoneClusterImpl-ed40a7f8-0b2f-4da3-bf53-40ad2b647f29/datanode-1/data/ratis/aff4ae1d-51b5-4e9d-b2ce-3b4f4267e03b
2019-09-25 12:07:00,456 [pool-683-thread-1] INFO  server.RaftServerConfigKeys (ConfUtils.java:logGet(43)) - raft.server.log.queue.byte-limit = 2147483647 (custom)
2019-09-25 12:07:00,456 [pool-683-thread-1] INFO  server.RaftServerConfigKeys (ConfUtils.java:logGet(43)) - raft.server.log.queue.element-limit = 1024 (custom)
2019-09-25 12:07:00,457 [pool-683-thread-1] INFO  server.RaftServerConfigKeys (ConfUtils.java:logGet(43)) - raft.server.log.segment.size.max = 1048576 (custom)
2019-09-25 12:07:00,457 [pool-683-thread-1] INFO  server.RaftServerConfigKeys (ConfUtils.java:logGet(43)) - raft.server.log.preallocated.size = 16384 (custom)
2019-09-25 12:07:00,457 [pool-683-thread-1] INFO  server.RaftServerConfigKeys (ConfUtils.java:logGet(43)) - raft.server.log.write.buffer.size = 33554432 (custom)
2019-09-25 12:07:00,457 [pool-683-thread-1] INFO  server.RaftServerConfigKeys (ConfUtils.java:logGet(43)) - raft.server.log.force.sync.num = 128 (default)
2019-09-25 12:07:00,457 [pool-683-thread-1] INFO  server.RaftServerConfigKeys (ConfUtils.java:logGet(43)) - raft.server.log.statemachine.data.sync = true (default)
2019-09-25 12:07:00,457 [pool-683-thread-1] INFO  server.RaftServerConfigKeys (ConfUtils.java:logGet(43)) - raft.server.log.statemachine.data.sync.timeout = 10s (default)
2019-09-25 12:07:00,458 [pool-683-thread-1] INFO  server.RaftServerConfigKeys (ConfUtils.java:logGet(43)) - raft.server.log.statemachine.data.sync.timeout.retry = -1 (default)
2019-09-25 12:07:00,458 [pool-683-thread-1] INFO  server.RaftServerConfigKeys (ConfUtils.java:logGet(43)) - raft.server.log.statemachine.data.caching.enabled = true (custom)
2019-09-25 12:07:00,458 [pool-683-thread-1] INFO  segmented.SegmentedRaftLogWorker (SegmentedRaftLogWorker.java:lambda$new$0(132)) - f003a614-b318-424e-95ab-7ad6d1c0d2e6@group-3B4F4267E03B-SegmentedRaftLogWorker: flushIndex: setUnconditionally 0 -> -1
2019-09-25 12:07:00,458 [pool-683-thread-1] INFO  server.RaftServerConfigKeys (ConfUtils.java:logGet(43)) - raft.server.snapshot.auto.trigger.enabled = true (custom)
2019-09-25 12:07:00,459 [pool-683-thread-1] INFO  server.RaftServerConfigKeys (ConfUtils.java:logGet(43)) - raft.server.snapshot.auto.trigger.threshold = 10000 (custom)
2019-09-25 12:07:00,459 [pool-683-thread-1] INFO  server.RaftServerConfigKeys (ConfUtils.java:logGet(43)) - raft.server.snapshot.retention.num.files = 5 (custom)
2019-09-25 12:07:00,459 [pool-683-thread-1] INFO  server.RaftServerConfigKeys (ConfUtils.java:logGet(43)) - raft.server.retrycache.expirytime = 600000ms (custom)
2019-09-25 12:07:00,461 [pool-683-thread-1] INFO  impl.RaftServerImpl (RaftServerImpl.java:start(185)) - f003a614-b318-424e-95ab-7ad6d1c0d2e6@group-3B4F4267E03B: start as a follower, conf=-1: [f003a614-b318-424e-95ab-7ad6d1c0d2e6:192.168.151.73:41092], old=null
2019-09-25 12:07:00,461 [pool-683-thread-1] INFO  impl.RaftServerImpl (RaftServerImpl.java:setRole(174)) - f003a614-b318-424e-95ab-7ad6d1c0d2e6@group-3B4F4267E03B: changes role from      null to FOLLOWER at term 0 for startAsFollower
2019-09-25 12:07:00,461 [pool-683-thread-1] INFO  impl.RoleInfo (RoleInfo.java:updateAndGet(143)) - f003a614-b318-424e-95ab-7ad6d1c0d2e6: start FollowerState
2019-09-25 12:07:00,462 [pool-683-thread-1] INFO  util.JmxRegister (JmxRegister.java:tryRegister(44)) - Successfully registered JMX Bean with object name Ratis:service=RaftServer,group=group-3B4F4267E03B,id=f003a614-b318-424e-95ab-7ad6d1c0d2e6
2019-09-25 12:07:00,464 [RatisPipelineUtilsThread] INFO  pipeline.PipelineStateManager (PipelineStateManager.java:addPipeline(56)) - Created pipeline Pipeline[ Id: aff4ae1d-51b5-4e9d-b2ce-3b4f4267e03b, Nodes: f003a614-b318-424e-95ab-7ad6d1c0d2e6{ip: 192.168.151.73, host: pr-hdds-1569-shd4m-3693607622, networkLocation: /default-rack, certSerialId: null}, Type:RATIS, Factor:ONE, State:OPEN]
2019-09-25 12:07:00,464 [RatisPipelineUtilsThread] INFO  pipeline.PipelinePlacementPolicy (PipelinePlacementPolicy.java:meetCriteria(91)) - Pipeline Placement: can't place more pipeline on heavy datanode： 0b7c031f-92f6-4780-87e9-d12f3b75deed Heaviness: 6 limit: 5
2019-09-25 12:07:00,464 [RatisPipelineUtilsThread] INFO  pipeline.PipelinePlacementPolicy (PipelinePlacementPolicy.java:meetCriteria(91)) - Pipeline Placement: can't place more pipeline on heavy datanode： a3a55b85-6532-4add-86b9-f60c9f262632 Heaviness: 6 limit: 5
2019-09-25 12:07:00,468 [grpc-default-executor-1] INFO  impl.RaftServerProxy (RaftServerProxy.java:addNew(89)) - a18b28f5-0b39-4e24-a9bc-e0bed51b7d30: addNew group-28843BE67F78:[a18b28f5-0b39-4e24-a9bc-e0bed51b7d30:192.168.151.73:44690] returns group-28843BE67F78:java.util.concurrent.CompletableFuture@3ccb75d3[Not completed]
2019-09-25 12:07:00,469 [pool-713-thread-1] INFO  impl.RaftServerImpl (RaftServerImpl.java:<init>(95)) - a18b28f5-0b39-4e24-a9bc-e0bed51b7d30: new RaftServerImpl for group-28843BE67F78:[a18b28f5-0b39-4e24-a9bc-e0bed51b7d30:192.168.151.73:44690] with ContainerStateMachine:uninitialized
2019-09-25 12:07:00,469 [pool-713-thread-1] INFO  server.RaftServerConfigKeys (ConfUtils.java:logGet(43)) - raft.server.rpc.timeout.min = 5s (custom)
2019-09-25 12:07:00,469 [pool-713-thread-1] INFO  server.RaftServerConfigKeys (ConfUtils.java:logGet(43)) - raft.server.rpc.timeout.max = 5200ms (custom)
2019-09-25 12:07:00,469 [pool-713-thread-1] INFO  server.RaftServerConfigKeys (ConfUtils.java:logGet(43)) - raft.server.rpcslowness.timeout = 120s (custom)
2019-09-25 12:07:00,470 [pool-713-thread-1] INFO  server.RaftServerConfigKeys (ConfUtils.java:logGet(43)) - raft.server.sleep.deviation.threshold = 300 (default)
2019-09-25 12:07:00,470 [pool-713-thread-1] INFO  server.RaftServerConfigKeys (ConfUtils.java:logGet(43)) - raft.server.log.appender.install.snapshot.enabled = false (custom)
2019-09-25 12:07:00,470 [pool-713-thread-1] INFO  impl.RaftServerImpl (ServerState.java:<init>(103)) - a18b28f5-0b39-4e24-a9bc-e0bed51b7d30@group-28843BE67F78: ConfigurationManager, init=-1: [a18b28f5-0b39-4e24-a9bc-e0bed51b7d30:192.168.151.73:44690], old=null, confs=<EMPTY_MAP>
2019-09-25 12:07:00,470 [pool-713-thread-1] INFO  server.RaftServerConfigKeys (ConfUtils.java:logGet(43)) - raft.server.storage.dir = [/workdir/hadoop-ozone/integration-test/target/test-dir/MiniOzoneClusterImpl-ed40a7f8-0b2f-4da3-bf53-40ad2b647f29/datanode-4/data/ratis] (custom)
2019-09-25 12:07:00,470 [pool-713-thread-1] INFO  storage.RaftStorageDirectory (RaftStorageDirectory.java:analyzeStorage(246)) - The storage directory /workdir/hadoop-ozone/integration-test/target/test-dir/MiniOzoneClusterImpl-ed40a7f8-0b2f-4da3-bf53-40ad2b647f29/datanode-4/data/ratis/13bad3ba-13c5-4230-b9b4-28843be67f78 does not exist. Creating ...
2019-09-25 12:07:00,486 [pool-713-thread-1] INFO  storage.RaftStorageDirectory (RaftStorageDirectory.java:tryLock(328)) - Lock on /workdir/hadoop-ozone/integration-test/target/test-dir/MiniOzoneClusterImpl-ed40a7f8-0b2f-4da3-bf53-40ad2b647f29/datanode-4/data/ratis/13bad3ba-13c5-4230-b9b4-28843be67f78/in_use.lock acquired by nodename 24979@pr-hdds-1569-shd4m-3693607622
2019-09-25 12:07:00,509 [pool-713-thread-1] INFO  storage.RaftStorage (RaftStorage.java:format(72)) - Storage directory /workdir/hadoop-ozone/integration-test/target/test-dir/MiniOzoneClusterImpl-ed40a7f8-0b2f-4da3-bf53-40ad2b647f29/datanode-4/data/ratis/13bad3ba-13c5-4230-b9b4-28843be67f78 has been successfully formatted.
2019-09-25 12:07:00,509 [pool-713-thread-1] INFO  ratis.ContainerStateMachine (ContainerStateMachine.java:loadSnapshot(230)) - group-28843BE67F78: The snapshot info is null. Setting the last applied indexto:(t:0, i:~)
2019-09-25 12:07:00,509 [pool-713-thread-1] INFO  server.RaftServerConfigKeys (ConfUtils.java:logGet(43)) - raft.server.notification.no-leader.timeout = 120s (custom)
2019-09-25 12:07:00,509 [pool-713-thread-1] INFO  server.RaftServerConfigKeys (ConfUtils.java:logGet(43)) - raft.server.log.use.memory = false (default)
2019-09-25 12:07:00,510 [pool-713-thread-1] INFO  server.RaftServerConfigKeys (ConfUtils.java:logGet(43)) - raft.server.log.purge.gap = 1000000 (custom)
2019-09-25 12:07:00,510 [pool-713-thread-1] INFO  server.RaftServerConfigKeys (ConfUtils.java:logGet(43)) - raft.server.log.appender.buffer.byte-limit = 33554432 (custom)
2019-09-25 12:07:00,510 [pool-713-thread-1] INFO  server.RaftServerConfigKeys (ConfUtils.java:logGet(43)) - raft.server.log.segment.size.max = 1048576 (custom)
2019-09-25 12:07:00,510 [pool-713-thread-1] INFO  server.RaftServerConfigKeys (ConfUtils.java:logGet(43)) - raft.server.log.segment.cache.num.max = 2 (custom)
2019-09-25 12:07:00,510 [pool-713-thread-1] INFO  segmented.SegmentedRaftLogWorker (SegmentedRaftLogWorker.java:<init>(172)) - new a18b28f5-0b39-4e24-a9bc-e0bed51b7d30@group-28843BE67F78-SegmentedRaftLogWorker for RaftStorage:Storage Directory /workdir/hadoop-ozone/integration-test/target/test-dir/MiniOzoneClusterImpl-ed40a7f8-0b2f-4da3-bf53-40ad2b647f29/datanode-4/data/ratis/13bad3ba-13c5-4230-b9b4-28843be67f78
2019-09-25 12:07:00,511 [pool-713-thread-1] INFO  server.RaftServerConfigKeys (ConfUtils.java:logGet(43)) - raft.server.log.queue.byte-limit = 2147483647 (custom)
2019-09-25 12:07:00,511 [pool-713-thread-1] INFO  server.RaftServerConfigKeys (ConfUtils.java:logGet(43)) - raft.server.log.queue.element-limit = 1024 (custom)
2019-09-25 12:07:00,511 [pool-713-thread-1] INFO  server.RaftServerConfigKeys (ConfUtils.java:logGet(43)) - raft.server.log.segment.size.max = 1048576 (custom)
2019-09-25 12:07:00,511 [pool-713-thread-1] INFO  server.RaftServerConfigKeys (ConfUtils.java:logGet(43)) - raft.server.log.preallocated.size = 16384 (custom)
2019-09-25 12:07:00,511 [pool-713-thread-1] INFO  server.RaftServerConfigKeys (ConfUtils.java:logGet(43)) - raft.server.log.write.buffer.size = 33554432 (custom)
2019-09-25 12:07:00,511 [pool-713-thread-1] INFO  server.RaftServerConfigKeys (ConfUtils.java:logGet(43)) - raft.server.log.force.sync.num = 128 (default)
2019-09-25 12:07:00,512 [pool-713-thread-1] INFO  server.RaftServerConfigKeys (ConfUtils.java:logGet(43)) - raft.server.log.statemachine.data.sync = true (default)
2019-09-25 12:07:00,512 [pool-713-thread-1] INFO  server.RaftServerConfigKeys (ConfUtils.java:logGet(43)) - raft.server.log.statemachine.data.sync.timeout = 10s (default)
2019-09-25 12:07:00,512 [pool-713-thread-1] INFO  server.RaftServerConfigKeys (ConfUtils.java:logGet(43)) - raft.server.log.statemachine.data.sync.timeout.retry = -1 (default)
2019-09-25 12:07:00,512 [pool-713-thread-1] INFO  server.RaftServerConfigKeys (ConfUtils.java:logGet(43)) - raft.server.log.statemachine.data.caching.enabled = true (custom)
2019-09-25 12:07:00,513 [pool-713-thread-1] INFO  segmented.SegmentedRaftLogWorker (SegmentedRaftLogWorker.java:lambda$new$0(132)) - a18b28f5-0b39-4e24-a9bc-e0bed51b7d30@group-28843BE67F78-SegmentedRaftLogWorker: flushIndex: setUnconditionally 0 -> -1
2019-09-25 12:07:00,513 [pool-713-thread-1] INFO  server.RaftServerConfigKeys (ConfUtils.java:logGet(43)) - raft.server.snapshot.auto.trigger.enabled = true (custom)
2019-09-25 12:07:00,513 [pool-713-thread-1] INFO  server.RaftServerConfigKeys (ConfUtils.java:logGet(43)) - raft.server.snapshot.auto.trigger.threshold = 10000 (custom)
2019-09-25 12:07:00,513 [pool-713-thread-1] INFO  server.RaftServerConfigKeys (ConfUtils.java:logGet(43)) - raft.server.snapshot.retention.num.files = 5 (custom)
2019-09-25 12:07:00,513 [pool-713-thread-1] INFO  server.RaftServerConfigKeys (ConfUtils.java:logGet(43)) - raft.server.retrycache.expirytime = 600000ms (custom)
2019-09-25 12:07:00,515 [pool-713-thread-1] INFO  impl.RaftServerImpl (RaftServerImpl.java:start(185)) - a18b28f5-0b39-4e24-a9bc-e0bed51b7d30@group-28843BE67F78: start as a follower, conf=-1: [a18b28f5-0b39-4e24-a9bc-e0bed51b7d30:192.168.151.73:44690], old=null
2019-09-25 12:07:00,515 [pool-713-thread-1] INFO  impl.RaftServerImpl (RaftServerImpl.java:setRole(174)) - a18b28f5-0b39-4e24-a9bc-e0bed51b7d30@group-28843BE67F78: changes role from      null to FOLLOWER at term 0 for startAsFollower
2019-09-25 12:07:00,516 [pool-713-thread-1] INFO  impl.RoleInfo (RoleInfo.java:updateAndGet(143)) - a18b28f5-0b39-4e24-a9bc-e0bed51b7d30: start FollowerState
2019-09-25 12:07:00,516 [pool-713-thread-1] INFO  util.JmxRegister (JmxRegister.java:tryRegister(44)) - Successfully registered JMX Bean with object name Ratis:service=RaftServer,group=group-28843BE67F78,id=a18b28f5-0b39-4e24-a9bc-e0bed51b7d30
2019-09-25 12:07:00,520 [RatisPipelineUtilsThread] INFO  pipeline.PipelineStateManager (PipelineStateManager.java:addPipeline(56)) - Created pipeline Pipeline[ Id: 13bad3ba-13c5-4230-b9b4-28843be67f78, Nodes: a18b28f5-0b39-4e24-a9bc-e0bed51b7d30{ip: 192.168.151.73, host: pr-hdds-1569-shd4m-3693607622, networkLocation: /default-rack, certSerialId: null}, Type:RATIS, Factor:ONE, State:OPEN]
2019-09-25 12:07:00,520 [RatisPipelineUtilsThread] INFO  pipeline.PipelinePlacementPolicy (PipelinePlacementPolicy.java:meetCriteria(91)) - Pipeline Placement: can't place more pipeline on heavy datanode： 0b7c031f-92f6-4780-87e9-d12f3b75deed Heaviness: 6 limit: 5
2019-09-25 12:07:00,520 [RatisPipelineUtilsThread] INFO  pipeline.PipelinePlacementPolicy (PipelinePlacementPolicy.java:meetCriteria(91)) - Pipeline Placement: can't place more pipeline on heavy datanode： a3a55b85-6532-4add-86b9-f60c9f262632 Heaviness: 6 limit: 5
2019-09-25 12:07:00,524 [grpc-default-executor-1] INFO  impl.RaftServerProxy (RaftServerProxy.java:addNew(89)) - 994e134d-9492-4c05-a584-6f6f537d8ad3: addNew group-4C99A22B7C62:[994e134d-9492-4c05-a584-6f6f537d8ad3:192.168.151.73:46064] returns group-4C99A22B7C62:java.util.concurrent.CompletableFuture@7ae0de48[Not completed]
2019-09-25 12:07:00,525 [pool-703-thread-1] INFO  impl.RaftServerImpl (RaftServerImpl.java:<init>(95)) - 994e134d-9492-4c05-a584-6f6f537d8ad3: new RaftServerImpl for group-4C99A22B7C62:[994e134d-9492-4c05-a584-6f6f537d8ad3:192.168.151.73:46064] with ContainerStateMachine:uninitialized
2019-09-25 12:07:00,525 [pool-703-thread-1] INFO  server.RaftServerConfigKeys (ConfUtils.java:logGet(43)) - raft.server.rpc.timeout.min = 5s (custom)
2019-09-25 12:07:00,525 [pool-703-thread-1] INFO  server.RaftServerConfigKeys (ConfUtils.java:logGet(43)) - raft.server.rpc.timeout.max = 5200ms (custom)
2019-09-25 12:07:00,525 [pool-703-thread-1] INFO  server.RaftServerConfigKeys (ConfUtils.java:logGet(43)) - raft.server.rpcslowness.timeout = 120s (custom)
2019-09-25 12:07:00,525 [pool-703-thread-1] INFO  server.RaftServerConfigKeys (ConfUtils.java:logGet(43)) - raft.server.sleep.deviation.threshold = 300 (default)
2019-09-25 12:07:00,526 [pool-703-thread-1] INFO  server.RaftServerConfigKeys (ConfUtils.java:logGet(43)) - raft.server.log.appender.install.snapshot.enabled = false (custom)
2019-09-25 12:07:00,526 [pool-703-thread-1] INFO  impl.RaftServerImpl (ServerState.java:<init>(103)) - 994e134d-9492-4c05-a584-6f6f537d8ad3@group-4C99A22B7C62: ConfigurationManager, init=-1: [994e134d-9492-4c05-a584-6f6f537d8ad3:192.168.151.73:46064], old=null, confs=<EMPTY_MAP>
2019-09-25 12:07:00,526 [pool-703-thread-1] INFO  server.RaftServerConfigKeys (ConfUtils.java:logGet(43)) - raft.server.storage.dir = [/workdir/hadoop-ozone/integration-test/target/test-dir/MiniOzoneClusterImpl-ed40a7f8-0b2f-4da3-bf53-40ad2b647f29/datanode-3/data/ratis] (custom)
2019-09-25 12:07:00,526 [pool-703-thread-1] INFO  storage.RaftStorageDirectory (RaftStorageDirectory.java:analyzeStorage(246)) - The storage directory /workdir/hadoop-ozone/integration-test/target/test-dir/MiniOzoneClusterImpl-ed40a7f8-0b2f-4da3-bf53-40ad2b647f29/datanode-3/data/ratis/b7e4dfb2-7b57-4e57-b289-4c99a22b7c62 does not exist. Creating ...
2019-09-25 12:07:00,540 [pool-703-thread-1] INFO  storage.RaftStorageDirectory (RaftStorageDirectory.java:tryLock(328)) - Lock on /workdir/hadoop-ozone/integration-test/target/test-dir/MiniOzoneClusterImpl-ed40a7f8-0b2f-4da3-bf53-40ad2b647f29/datanode-3/data/ratis/b7e4dfb2-7b57-4e57-b289-4c99a22b7c62/in_use.lock acquired by nodename 24979@pr-hdds-1569-shd4m-3693607622
2019-09-25 12:07:00,552 [pool-703-thread-1] INFO  storage.RaftStorage (RaftStorage.java:format(72)) - Storage directory /workdir/hadoop-ozone/integration-test/target/test-dir/MiniOzoneClusterImpl-ed40a7f8-0b2f-4da3-bf53-40ad2b647f29/datanode-3/data/ratis/b7e4dfb2-7b57-4e57-b289-4c99a22b7c62 has been successfully formatted.
2019-09-25 12:07:00,553 [pool-703-thread-1] INFO  ratis.ContainerStateMachine (ContainerStateMachine.java:loadSnapshot(230)) - group-4C99A22B7C62: The snapshot info is null. Setting the last applied indexto:(t:0, i:~)
2019-09-25 12:07:00,553 [pool-703-thread-1] INFO  server.RaftServerConfigKeys (ConfUtils.java:logGet(43)) - raft.server.notification.no-leader.timeout = 120s (custom)
2019-09-25 12:07:00,553 [pool-703-thread-1] INFO  server.RaftServerConfigKeys (ConfUtils.java:logGet(43)) - raft.server.log.use.memory = false (default)
2019-09-25 12:07:00,553 [pool-703-thread-1] INFO  server.RaftServerConfigKeys (ConfUtils.java:logGet(43)) - raft.server.log.purge.gap = 1000000 (custom)
2019-09-25 12:07:00,553 [pool-703-thread-1] INFO  server.RaftServerConfigKeys (ConfUtils.java:logGet(43)) - raft.server.log.appender.buffer.byte-limit = 33554432 (custom)
2019-09-25 12:07:00,554 [pool-703-thread-1] INFO  server.RaftServerConfigKeys (ConfUtils.java:logGet(43)) - raft.server.log.segment.size.max = 1048576 (custom)
2019-09-25 12:07:00,554 [pool-703-thread-1] INFO  server.RaftServerConfigKeys (ConfUtils.java:logGet(43)) - raft.server.log.segment.cache.num.max = 2 (custom)
2019-09-25 12:07:00,554 [pool-703-thread-1] INFO  segmented.SegmentedRaftLogWorker (SegmentedRaftLogWorker.java:<init>(172)) - new 994e134d-9492-4c05-a584-6f6f537d8ad3@group-4C99A22B7C62-SegmentedRaftLogWorker for RaftStorage:Storage Directory /workdir/hadoop-ozone/integration-test/target/test-dir/MiniOzoneClusterImpl-ed40a7f8-0b2f-4da3-bf53-40ad2b647f29/datanode-3/data/ratis/b7e4dfb2-7b57-4e57-b289-4c99a22b7c62
2019-09-25 12:07:00,554 [pool-703-thread-1] INFO  server.RaftServerConfigKeys (ConfUtils.java:logGet(43)) - raft.server.log.queue.byte-limit = 2147483647 (custom)
2019-09-25 12:07:00,554 [pool-703-thread-1] INFO  server.RaftServerConfigKeys (ConfUtils.java:logGet(43)) - raft.server.log.queue.element-limit = 1024 (custom)
2019-09-25 12:07:00,555 [pool-703-thread-1] INFO  server.RaftServerConfigKeys (ConfUtils.java:logGet(43)) - raft.server.log.segment.size.max = 1048576 (custom)
2019-09-25 12:07:00,555 [pool-703-thread-1] INFO  server.RaftServerConfigKeys (ConfUtils.java:logGet(43)) - raft.server.log.preallocated.size = 16384 (custom)
2019-09-25 12:07:00,555 [pool-703-thread-1] INFO  server.RaftServerConfigKeys (ConfUtils.java:logGet(43)) - raft.server.log.write.buffer.size = 33554432 (custom)
2019-09-25 12:07:00,555 [pool-703-thread-1] INFO  server.RaftServerConfigKeys (ConfUtils.java:logGet(43)) - raft.server.log.force.sync.num = 128 (default)
2019-09-25 12:07:00,555 [pool-703-thread-1] INFO  server.RaftServerConfigKeys (ConfUtils.java:logGet(43)) - raft.server.log.statemachine.data.sync = true (default)
2019-09-25 12:07:00,555 [pool-703-thread-1] INFO  server.RaftServerConfigKeys (ConfUtils.java:logGet(43)) - raft.server.log.statemachine.data.sync.timeout = 10s (default)
2019-09-25 12:07:00,556 [pool-703-thread-1] INFO  server.RaftServerConfigKeys (ConfUtils.java:logGet(43)) - raft.server.log.statemachine.data.sync.timeout.retry = -1 (default)
2019-09-25 12:07:00,556 [pool-703-thread-1] INFO  server.RaftServerConfigKeys (ConfUtils.java:logGet(43)) - raft.server.log.statemachine.data.caching.enabled = true (custom)
2019-09-25 12:07:00,556 [pool-703-thread-1] INFO  segmented.SegmentedRaftLogWorker (SegmentedRaftLogWorker.java:lambda$new$0(132)) - 994e134d-9492-4c05-a584-6f6f537d8ad3@group-4C99A22B7C62-SegmentedRaftLogWorker: flushIndex: setUnconditionally 0 -> -1
2019-09-25 12:07:00,556 [pool-703-thread-1] INFO  server.RaftServerConfigKeys (ConfUtils.java:logGet(43)) - raft.server.snapshot.auto.trigger.enabled = true (custom)
2019-09-25 12:07:00,557 [pool-703-thread-1] INFO  server.RaftServerConfigKeys (ConfUtils.java:logGet(43)) - raft.server.snapshot.auto.trigger.threshold = 10000 (custom)
2019-09-25 12:07:00,557 [pool-703-thread-1] INFO  server.RaftServerConfigKeys (ConfUtils.java:logGet(43)) - raft.server.snapshot.retention.num.files = 5 (custom)
2019-09-25 12:07:00,557 [pool-703-thread-1] INFO  server.RaftServerConfigKeys (ConfUtils.java:logGet(43)) - raft.server.retrycache.expirytime = 600000ms (custom)
2019-09-25 12:07:00,559 [pool-703-thread-1] INFO  impl.RaftServerImpl (RaftServerImpl.java:start(185)) - 994e134d-9492-4c05-a584-6f6f537d8ad3@group-4C99A22B7C62: start as a follower, conf=-1: [994e134d-9492-4c05-a584-6f6f537d8ad3:192.168.151.73:46064], old=null
2019-09-25 12:07:00,559 [pool-703-thread-1] INFO  impl.RaftServerImpl (RaftServerImpl.java:setRole(174)) - 994e134d-9492-4c05-a584-6f6f537d8ad3@group-4C99A22B7C62: changes role from      null to FOLLOWER at term 0 for startAsFollower
2019-09-25 12:07:00,559 [pool-703-thread-1] INFO  impl.RoleInfo (RoleInfo.java:updateAndGet(143)) - 994e134d-9492-4c05-a584-6f6f537d8ad3: start FollowerState
2019-09-25 12:07:00,560 [pool-703-thread-1] INFO  util.JmxRegister (JmxRegister.java:tryRegister(44)) - Successfully registered JMX Bean with object name Ratis:service=RaftServer,group=group-4C99A22B7C62,id=994e134d-9492-4c05-a584-6f6f537d8ad3
2019-09-25 12:07:00,562 [RatisPipelineUtilsThread] INFO  pipeline.PipelineStateManager (PipelineStateManager.java:addPipeline(56)) - Created pipeline Pipeline[ Id: b7e4dfb2-7b57-4e57-b289-4c99a22b7c62, Nodes: 994e134d-9492-4c05-a584-6f6f537d8ad3{ip: 192.168.151.73, host: pr-hdds-1569-shd4m-3693607622, networkLocation: /default-rack, certSerialId: null}, Type:RATIS, Factor:ONE, State:OPEN]
2019-09-25 12:07:00,562 [RatisPipelineUtilsThread] INFO  pipeline.PipelinePlacementPolicy (PipelinePlacementPolicy.java:meetCriteria(91)) - Pipeline Placement: can't place more pipeline on heavy datanode： 0b7c031f-92f6-4780-87e9-d12f3b75deed Heaviness: 6 limit: 5
2019-09-25 12:07:00,563 [RatisPipelineUtilsThread] INFO  pipeline.PipelinePlacementPolicy (PipelinePlacementPolicy.java:meetCriteria(91)) - Pipeline Placement: can't place more pipeline on heavy datanode： a3a55b85-6532-4add-86b9-f60c9f262632 Heaviness: 6 limit: 5
2019-09-25 12:07:00,566 [grpc-default-executor-1] INFO  impl.RaftServerProxy (RaftServerProxy.java:addNew(89)) - f003a614-b318-424e-95ab-7ad6d1c0d2e6: addNew group-CC2F0915D9B8:[f003a614-b318-424e-95ab-7ad6d1c0d2e6:192.168.151.73:41092] returns group-CC2F0915D9B8:java.util.concurrent.CompletableFuture@17dfe3d6[Not completed]
2019-09-25 12:07:00,567 [pool-683-thread-1] INFO  impl.RaftServerImpl (RaftServerImpl.java:<init>(95)) - f003a614-b318-424e-95ab-7ad6d1c0d2e6: new RaftServerImpl for group-CC2F0915D9B8:[f003a614-b318-424e-95ab-7ad6d1c0d2e6:192.168.151.73:41092] with ContainerStateMachine:uninitialized
2019-09-25 12:07:00,567 [pool-683-thread-1] INFO  server.RaftServerConfigKeys (ConfUtils.java:logGet(43)) - raft.server.rpc.timeout.min = 5s (custom)
2019-09-25 12:07:00,568 [pool-683-thread-1] INFO  server.RaftServerConfigKeys (ConfUtils.java:logGet(43)) - raft.server.rpc.timeout.max = 5200ms (custom)
2019-09-25 12:07:00,568 [pool-683-thread-1] INFO  server.RaftServerConfigKeys (ConfUtils.java:logGet(43)) - raft.server.rpcslowness.timeout = 120s (custom)
2019-09-25 12:07:00,568 [pool-683-thread-1] INFO  server.RaftServerConfigKeys (ConfUtils.java:logGet(43)) - raft.server.sleep.deviation.threshold = 300 (default)
2019-09-25 12:07:00,568 [pool-683-thread-1] INFO  server.RaftServerConfigKeys (ConfUtils.java:logGet(43)) - raft.server.log.appender.install.snapshot.enabled = false (custom)
2019-09-25 12:07:00,568 [pool-683-thread-1] INFO  impl.RaftServerImpl (ServerState.java:<init>(103)) - f003a614-b318-424e-95ab-7ad6d1c0d2e6@group-CC2F0915D9B8: ConfigurationManager, init=-1: [f003a614-b318-424e-95ab-7ad6d1c0d2e6:192.168.151.73:41092], old=null, confs=<EMPTY_MAP>
2019-09-25 12:07:00,568 [pool-683-thread-1] INFO  server.RaftServerConfigKeys (ConfUtils.java:logGet(43)) - raft.server.storage.dir = [/workdir/hadoop-ozone/integration-test/target/test-dir/MiniOzoneClusterImpl-ed40a7f8-0b2f-4da3-bf53-40ad2b647f29/datanode-1/data/ratis] (custom)
2019-09-25 12:07:00,569 [pool-683-thread-1] INFO  storage.RaftStorageDirectory (RaftStorageDirectory.java:analyzeStorage(246)) - The storage directory /workdir/hadoop-ozone/integration-test/target/test-dir/MiniOzoneClusterImpl-ed40a7f8-0b2f-4da3-bf53-40ad2b647f29/datanode-1/data/ratis/03accbf8-00f5-452e-970e-cc2f0915d9b8 does not exist. Creating ...
2019-09-25 12:07:00,595 [pool-683-thread-1] INFO  storage.RaftStorageDirectory (RaftStorageDirectory.java:tryLock(328)) - Lock on /workdir/hadoop-ozone/integration-test/target/test-dir/MiniOzoneClusterImpl-ed40a7f8-0b2f-4da3-bf53-40ad2b647f29/datanode-1/data/ratis/03accbf8-00f5-452e-970e-cc2f0915d9b8/in_use.lock acquired by nodename 24979@pr-hdds-1569-shd4m-3693607622
2019-09-25 12:07:00,616 [pool-683-thread-1] INFO  storage.RaftStorage (RaftStorage.java:format(72)) - Storage directory /workdir/hadoop-ozone/integration-test/target/test-dir/MiniOzoneClusterImpl-ed40a7f8-0b2f-4da3-bf53-40ad2b647f29/datanode-1/data/ratis/03accbf8-00f5-452e-970e-cc2f0915d9b8 has been successfully formatted.
2019-09-25 12:07:00,616 [pool-683-thread-1] INFO  ratis.ContainerStateMachine (ContainerStateMachine.java:loadSnapshot(230)) - group-CC2F0915D9B8: The snapshot info is null. Setting the last applied indexto:(t:0, i:~)
2019-09-25 12:07:00,617 [pool-683-thread-1] INFO  server.RaftServerConfigKeys (ConfUtils.java:logGet(43)) - raft.server.notification.no-leader.timeout = 120s (custom)
2019-09-25 12:07:00,617 [pool-683-thread-1] INFO  server.RaftServerConfigKeys (ConfUtils.java:logGet(43)) - raft.server.log.use.memory = false (default)
2019-09-25 12:07:00,617 [pool-683-thread-1] INFO  server.RaftServerConfigKeys (ConfUtils.java:logGet(43)) - raft.server.log.purge.gap = 1000000 (custom)
2019-09-25 12:07:00,617 [pool-683-thread-1] INFO  server.RaftServerConfigKeys (ConfUtils.java:logGet(43)) - raft.server.log.appender.buffer.byte-limit = 33554432 (custom)
2019-09-25 12:07:00,617 [pool-683-thread-1] INFO  server.RaftServerConfigKeys (ConfUtils.java:logGet(43)) - raft.server.log.segment.size.max = 1048576 (custom)
2019-09-25 12:07:00,617 [pool-683-thread-1] INFO  server.RaftServerConfigKeys (ConfUtils.java:logGet(43)) - raft.server.log.segment.cache.num.max = 2 (custom)
2019-09-25 12:07:00,618 [pool-683-thread-1] INFO  segmented.SegmentedRaftLogWorker (SegmentedRaftLogWorker.java:<init>(172)) - new f003a614-b318-424e-95ab-7ad6d1c0d2e6@group-CC2F0915D9B8-SegmentedRaftLogWorker for RaftStorage:Storage Directory /workdir/hadoop-ozone/integration-test/target/test-dir/MiniOzoneClusterImpl-ed40a7f8-0b2f-4da3-bf53-40ad2b647f29/datanode-1/data/ratis/03accbf8-00f5-452e-970e-cc2f0915d9b8
2019-09-25 12:07:00,618 [pool-683-thread-1] INFO  server.RaftServerConfigKeys (ConfUtils.java:logGet(43)) - raft.server.log.queue.byte-limit = 2147483647 (custom)
2019-09-25 12:07:00,618 [pool-683-thread-1] INFO  server.RaftServerConfigKeys (ConfUtils.java:logGet(43)) - raft.server.log.queue.element-limit = 1024 (custom)
2019-09-25 12:07:00,618 [pool-683-thread-1] INFO  server.RaftServerConfigKeys (ConfUtils.java:logGet(43)) - raft.server.log.segment.size.max = 1048576 (custom)
2019-09-25 12:07:00,618 [pool-683-thread-1] INFO  server.RaftServerConfigKeys (ConfUtils.java:logGet(43)) - raft.server.log.preallocated.size = 16384 (custom)
2019-09-25 12:07:00,618 [pool-683-thread-1] INFO  server.RaftServerConfigKeys (ConfUtils.java:logGet(43)) - raft.server.log.write.buffer.size = 33554432 (custom)
2019-09-25 12:07:00,618 [pool-683-thread-1] INFO  server.RaftServerConfigKeys (ConfUtils.java:logGet(43)) - raft.server.log.force.sync.num = 128 (default)
2019-09-25 12:07:00,619 [pool-683-thread-1] INFO  server.RaftServerConfigKeys (ConfUtils.java:logGet(43)) - raft.server.log.statemachine.data.sync = true (default)
2019-09-25 12:07:00,619 [pool-683-thread-1] INFO  server.RaftServerConfigKeys (ConfUtils.java:logGet(43)) - raft.server.log.statemachine.data.sync.timeout = 10s (default)
2019-09-25 12:07:00,619 [pool-683-thread-1] INFO  server.RaftServerConfigKeys (ConfUtils.java:logGet(43)) - raft.server.log.statemachine.data.sync.timeout.retry = -1 (default)
2019-09-25 12:07:00,619 [pool-683-thread-1] INFO  server.RaftServerConfigKeys (ConfUtils.java:logGet(43)) - raft.server.log.statemachine.data.caching.enabled = true (custom)
2019-09-25 12:07:00,619 [pool-683-thread-1] INFO  segmented.SegmentedRaftLogWorker (SegmentedRaftLogWorker.java:lambda$new$0(132)) - f003a614-b318-424e-95ab-7ad6d1c0d2e6@group-CC2F0915D9B8-SegmentedRaftLogWorker: flushIndex: setUnconditionally 0 -> -1
2019-09-25 12:07:00,620 [pool-683-thread-1] INFO  server.RaftServerConfigKeys (ConfUtils.java:logGet(43)) - raft.server.snapshot.auto.trigger.enabled = true (custom)
2019-09-25 12:07:00,620 [pool-683-thread-1] INFO  server.RaftServerConfigKeys (ConfUtils.java:logGet(43)) - raft.server.snapshot.auto.trigger.threshold = 10000 (custom)
2019-09-25 12:07:00,620 [pool-683-thread-1] INFO  server.RaftServerConfigKeys (ConfUtils.java:logGet(43)) - raft.server.snapshot.retention.num.files = 5 (custom)
2019-09-25 12:07:00,620 [pool-683-thread-1] INFO  server.RaftServerConfigKeys (ConfUtils.java:logGet(43)) - raft.server.retrycache.expirytime = 600000ms (custom)
2019-09-25 12:07:00,622 [pool-683-thread-1] INFO  impl.RaftServerImpl (RaftServerImpl.java:start(185)) - f003a614-b318-424e-95ab-7ad6d1c0d2e6@group-CC2F0915D9B8: start as a follower, conf=-1: [f003a614-b318-424e-95ab-7ad6d1c0d2e6:192.168.151.73:41092], old=null
2019-09-25 12:07:00,622 [pool-683-thread-1] INFO  impl.RaftServerImpl (RaftServerImpl.java:setRole(174)) - f003a614-b318-424e-95ab-7ad6d1c0d2e6@group-CC2F0915D9B8: changes role from      null to FOLLOWER at term 0 for startAsFollower
2019-09-25 12:07:00,622 [pool-683-thread-1] INFO  impl.RoleInfo (RoleInfo.java:updateAndGet(143)) - f003a614-b318-424e-95ab-7ad6d1c0d2e6: start FollowerState
2019-09-25 12:07:00,623 [pool-683-thread-1] INFO  util.JmxRegister (JmxRegister.java:tryRegister(44)) - Successfully registered JMX Bean with object name Ratis:service=RaftServer,group=group-CC2F0915D9B8,id=f003a614-b318-424e-95ab-7ad6d1c0d2e6
2019-09-25 12:07:00,625 [RatisPipelineUtilsThread] INFO  pipeline.PipelineStateManager (PipelineStateManager.java:addPipeline(56)) - Created pipeline Pipeline[ Id: 03accbf8-00f5-452e-970e-cc2f0915d9b8, Nodes: f003a614-b318-424e-95ab-7ad6d1c0d2e6{ip: 192.168.151.73, host: pr-hdds-1569-shd4m-3693607622, networkLocation: /default-rack, certSerialId: null}, Type:RATIS, Factor:ONE, State:OPEN]
2019-09-25 12:07:00,626 [RatisPipelineUtilsThread] INFO  pipeline.PipelinePlacementPolicy (PipelinePlacementPolicy.java:meetCriteria(91)) - Pipeline Placement: can't place more pipeline on heavy datanode： f003a614-b318-424e-95ab-7ad6d1c0d2e6 Heaviness: 6 limit: 5
2019-09-25 12:07:00,626 [RatisPipelineUtilsThread] INFO  pipeline.PipelinePlacementPolicy (PipelinePlacementPolicy.java:meetCriteria(91)) - Pipeline Placement: can't place more pipeline on heavy datanode： 0b7c031f-92f6-4780-87e9-d12f3b75deed Heaviness: 6 limit: 5
2019-09-25 12:07:00,626 [RatisPipelineUtilsThread] INFO  pipeline.PipelinePlacementPolicy (PipelinePlacementPolicy.java:meetCriteria(91)) - Pipeline Placement: can't place more pipeline on heavy datanode： a3a55b85-6532-4add-86b9-f60c9f262632 Heaviness: 6 limit: 5
2019-09-25 12:07:00,629 [grpc-default-executor-1] INFO  impl.RaftServerProxy (RaftServerProxy.java:addNew(89)) - 994e134d-9492-4c05-a584-6f6f537d8ad3: addNew group-39041E56A19C:[994e134d-9492-4c05-a584-6f6f537d8ad3:192.168.151.73:46064] returns group-39041E56A19C:java.util.concurrent.CompletableFuture@3f6438ac[Not completed]
2019-09-25 12:07:00,630 [pool-703-thread-1] INFO  impl.RaftServerImpl (RaftServerImpl.java:<init>(95)) - 994e134d-9492-4c05-a584-6f6f537d8ad3: new RaftServerImpl for group-39041E56A19C:[994e134d-9492-4c05-a584-6f6f537d8ad3:192.168.151.73:46064] with ContainerStateMachine:uninitialized
2019-09-25 12:07:00,631 [pool-703-thread-1] INFO  server.RaftServerConfigKeys (ConfUtils.java:logGet(43)) - raft.server.rpc.timeout.min = 5s (custom)
2019-09-25 12:07:00,631 [pool-703-thread-1] INFO  server.RaftServerConfigKeys (ConfUtils.java:logGet(43)) - raft.server.rpc.timeout.max = 5200ms (custom)
2019-09-25 12:07:00,631 [pool-703-thread-1] INFO  server.RaftServerConfigKeys (ConfUtils.java:logGet(43)) - raft.server.rpcslowness.timeout = 120s (custom)
2019-09-25 12:07:00,631 [pool-703-thread-1] INFO  server.RaftServerConfigKeys (ConfUtils.java:logGet(43)) - raft.server.sleep.deviation.threshold = 300 (default)
2019-09-25 12:07:00,631 [pool-703-thread-1] INFO  server.RaftServerConfigKeys (ConfUtils.java:logGet(43)) - raft.server.log.appender.install.snapshot.enabled = false (custom)
2019-09-25 12:07:00,631 [pool-703-thread-1] INFO  impl.RaftServerImpl (ServerState.java:<init>(103)) - 994e134d-9492-4c05-a584-6f6f537d8ad3@group-39041E56A19C: ConfigurationManager, init=-1: [994e134d-9492-4c05-a584-6f6f537d8ad3:192.168.151.73:46064], old=null, confs=<EMPTY_MAP>
2019-09-25 12:07:00,632 [pool-703-thread-1] INFO  server.RaftServerConfigKeys (ConfUtils.java:logGet(43)) - raft.server.storage.dir = [/workdir/hadoop-ozone/integration-test/target/test-dir/MiniOzoneClusterImpl-ed40a7f8-0b2f-4da3-bf53-40ad2b647f29/datanode-3/data/ratis] (custom)
2019-09-25 12:07:00,632 [pool-703-thread-1] INFO  storage.RaftStorageDirectory (RaftStorageDirectory.java:analyzeStorage(246)) - The storage directory /workdir/hadoop-ozone/integration-test/target/test-dir/MiniOzoneClusterImpl-ed40a7f8-0b2f-4da3-bf53-40ad2b647f29/datanode-3/data/ratis/929da6e5-8c07-4286-94cb-39041e56a19c does not exist. Creating ...
2019-09-25 12:07:00,646 [pool-703-thread-1] INFO  storage.RaftStorageDirectory (RaftStorageDirectory.java:tryLock(328)) - Lock on /workdir/hadoop-ozone/integration-test/target/test-dir/MiniOzoneClusterImpl-ed40a7f8-0b2f-4da3-bf53-40ad2b647f29/datanode-3/data/ratis/929da6e5-8c07-4286-94cb-39041e56a19c/in_use.lock acquired by nodename 24979@pr-hdds-1569-shd4m-3693607622
2019-09-25 12:07:00,655 [pool-703-thread-1] INFO  storage.RaftStorage (RaftStorage.java:format(72)) - Storage directory /workdir/hadoop-ozone/integration-test/target/test-dir/MiniOzoneClusterImpl-ed40a7f8-0b2f-4da3-bf53-40ad2b647f29/datanode-3/data/ratis/929da6e5-8c07-4286-94cb-39041e56a19c has been successfully formatted.
2019-09-25 12:07:00,656 [pool-703-thread-1] INFO  ratis.ContainerStateMachine (ContainerStateMachine.java:loadSnapshot(230)) - group-39041E56A19C: The snapshot info is null. Setting the last applied indexto:(t:0, i:~)
2019-09-25 12:07:00,656 [pool-703-thread-1] INFO  server.RaftServerConfigKeys (ConfUtils.java:logGet(43)) - raft.server.notification.no-leader.timeout = 120s (custom)
2019-09-25 12:07:00,656 [pool-703-thread-1] INFO  server.RaftServerConfigKeys (ConfUtils.java:logGet(43)) - raft.server.log.use.memory = false (default)
2019-09-25 12:07:00,656 [pool-703-thread-1] INFO  server.RaftServerConfigKeys (ConfUtils.java:logGet(43)) - raft.server.log.purge.gap = 1000000 (custom)
2019-09-25 12:07:00,656 [pool-703-thread-1] INFO  server.RaftServerConfigKeys (ConfUtils.java:logGet(43)) - raft.server.log.appender.buffer.byte-limit = 33554432 (custom)
2019-09-25 12:07:00,656 [pool-703-thread-1] INFO  server.RaftServerConfigKeys (ConfUtils.java:logGet(43)) - raft.server.log.segment.size.max = 1048576 (custom)
2019-09-25 12:07:00,657 [pool-703-thread-1] INFO  server.RaftServerConfigKeys (ConfUtils.java:logGet(43)) - raft.server.log.segment.cache.num.max = 2 (custom)
2019-09-25 12:07:00,657 [pool-703-thread-1] INFO  segmented.SegmentedRaftLogWorker (SegmentedRaftLogWorker.java:<init>(172)) - new 994e134d-9492-4c05-a584-6f6f537d8ad3@group-39041E56A19C-SegmentedRaftLogWorker for RaftStorage:Storage Directory /workdir/hadoop-ozone/integration-test/target/test-dir/MiniOzoneClusterImpl-ed40a7f8-0b2f-4da3-bf53-40ad2b647f29/datanode-3/data/ratis/929da6e5-8c07-4286-94cb-39041e56a19c
2019-09-25 12:07:00,657 [pool-703-thread-1] INFO  server.RaftServerConfigKeys (ConfUtils.java:logGet(43)) - raft.server.log.queue.byte-limit = 2147483647 (custom)
2019-09-25 12:07:00,657 [pool-703-thread-1] INFO  server.RaftServerConfigKeys (ConfUtils.java:logGet(43)) - raft.server.log.queue.element-limit = 1024 (custom)
2019-09-25 12:07:00,657 [pool-703-thread-1] INFO  server.RaftServerConfigKeys (ConfUtils.java:logGet(43)) - raft.server.log.segment.size.max = 1048576 (custom)
2019-09-25 12:07:00,657 [pool-703-thread-1] INFO  server.RaftServerConfigKeys (ConfUtils.java:logGet(43)) - raft.server.log.preallocated.size = 16384 (custom)
2019-09-25 12:07:00,657 [pool-703-thread-1] INFO  server.RaftServerConfigKeys (ConfUtils.java:logGet(43)) - raft.server.log.write.buffer.size = 33554432 (custom)
2019-09-25 12:07:00,658 [pool-703-thread-1] INFO  server.RaftServerConfigKeys (ConfUtils.java:logGet(43)) - raft.server.log.force.sync.num = 128 (default)
2019-09-25 12:07:00,658 [pool-703-thread-1] INFO  server.RaftServerConfigKeys (ConfUtils.java:logGet(43)) - raft.server.log.statemachine.data.sync = true (default)
2019-09-25 12:07:00,658 [pool-703-thread-1] INFO  server.RaftServerConfigKeys (ConfUtils.java:logGet(43)) - raft.server.log.statemachine.data.sync.timeout = 10s (default)
2019-09-25 12:07:00,658 [pool-703-thread-1] INFO  server.RaftServerConfigKeys (ConfUtils.java:logGet(43)) - raft.server.log.statemachine.data.sync.timeout.retry = -1 (default)
2019-09-25 12:07:00,658 [pool-703-thread-1] INFO  server.RaftServerConfigKeys (ConfUtils.java:logGet(43)) - raft.server.log.statemachine.data.caching.enabled = true (custom)
2019-09-25 12:07:00,659 [pool-703-thread-1] INFO  segmented.SegmentedRaftLogWorker (SegmentedRaftLogWorker.java:lambda$new$0(132)) - 994e134d-9492-4c05-a584-6f6f537d8ad3@group-39041E56A19C-SegmentedRaftLogWorker: flushIndex: setUnconditionally 0 -> -1
2019-09-25 12:07:00,659 [pool-703-thread-1] INFO  server.RaftServerConfigKeys (ConfUtils.java:logGet(43)) - raft.server.snapshot.auto.trigger.enabled = true (custom)
2019-09-25 12:07:00,659 [pool-703-thread-1] INFO  server.RaftServerConfigKeys (ConfUtils.java:logGet(43)) - raft.server.snapshot.auto.trigger.threshold = 10000 (custom)
2019-09-25 12:07:00,659 [pool-703-thread-1] INFO  server.RaftServerConfigKeys (ConfUtils.java:logGet(43)) - raft.server.snapshot.retention.num.files = 5 (custom)
2019-09-25 12:07:00,659 [pool-703-thread-1] INFO  server.RaftServerConfigKeys (ConfUtils.java:logGet(43)) - raft.server.retrycache.expirytime = 600000ms (custom)
2019-09-25 12:07:00,661 [pool-703-thread-1] INFO  impl.RaftServerImpl (RaftServerImpl.java:start(185)) - 994e134d-9492-4c05-a584-6f6f537d8ad3@group-39041E56A19C: start as a follower, conf=-1: [994e134d-9492-4c05-a584-6f6f537d8ad3:192.168.151.73:46064], old=null
2019-09-25 12:07:00,661 [pool-703-thread-1] INFO  impl.RaftServerImpl (RaftServerImpl.java:setRole(174)) - 994e134d-9492-4c05-a584-6f6f537d8ad3@group-39041E56A19C: changes role from      null to FOLLOWER at term 0 for startAsFollower
2019-09-25 12:07:00,661 [pool-703-thread-1] INFO  impl.RoleInfo (RoleInfo.java:updateAndGet(143)) - 994e134d-9492-4c05-a584-6f6f537d8ad3: start FollowerState
2019-09-25 12:07:00,661 [pool-703-thread-1] INFO  util.JmxRegister (JmxRegister.java:tryRegister(44)) - Successfully registered JMX Bean with object name Ratis:service=RaftServer,group=group-39041E56A19C,id=994e134d-9492-4c05-a584-6f6f537d8ad3
2019-09-25 12:07:00,664 [RatisPipelineUtilsThread] INFO  pipeline.PipelineStateManager (PipelineStateManager.java:addPipeline(56)) - Created pipeline Pipeline[ Id: 929da6e5-8c07-4286-94cb-39041e56a19c, Nodes: 994e134d-9492-4c05-a584-6f6f537d8ad3{ip: 192.168.151.73, host: pr-hdds-1569-shd4m-3693607622, networkLocation: /default-rack, certSerialId: null}, Type:RATIS, Factor:ONE, State:OPEN]
2019-09-25 12:07:00,664 [RatisPipelineUtilsThread] INFO  pipeline.PipelinePlacementPolicy (PipelinePlacementPolicy.java:meetCriteria(91)) - Pipeline Placement: can't place more pipeline on heavy datanode： 994e134d-9492-4c05-a584-6f6f537d8ad3 Heaviness: 6 limit: 5
2019-09-25 12:07:00,664 [RatisPipelineUtilsThread] INFO  pipeline.PipelinePlacementPolicy (PipelinePlacementPolicy.java:meetCriteria(91)) - Pipeline Placement: can't place more pipeline on heavy datanode： f003a614-b318-424e-95ab-7ad6d1c0d2e6 Heaviness: 6 limit: 5
2019-09-25 12:07:00,664 [RatisPipelineUtilsThread] INFO  pipeline.PipelinePlacementPolicy (PipelinePlacementPolicy.java:meetCriteria(91)) - Pipeline Placement: can't place more pipeline on heavy datanode： 0b7c031f-92f6-4780-87e9-d12f3b75deed Heaviness: 6 limit: 5
2019-09-25 12:07:00,664 [RatisPipelineUtilsThread] INFO  pipeline.PipelinePlacementPolicy (PipelinePlacementPolicy.java:meetCriteria(91)) - Pipeline Placement: can't place more pipeline on heavy datanode： a3a55b85-6532-4add-86b9-f60c9f262632 Heaviness: 6 limit: 5
2019-09-25 12:07:00,675 [grpc-default-executor-1] INFO  impl.RaftServerProxy (RaftServerProxy.java:addNew(89)) - ab153cfe-456a-45f5-b16c-7616a9ae7eb2: addNew group-82883C2D59A9:[ab153cfe-456a-45f5-b16c-7616a9ae7eb2:192.168.151.73:37661] returns group-82883C2D59A9:java.util.concurrent.CompletableFuture@5ad831b1[Not completed]
2019-09-25 12:07:00,676 [pool-733-thread-1] INFO  impl.RaftServerImpl (RaftServerImpl.java:<init>(95)) - ab153cfe-456a-45f5-b16c-7616a9ae7eb2: new RaftServerImpl for group-82883C2D59A9:[ab153cfe-456a-45f5-b16c-7616a9ae7eb2:192.168.151.73:37661] with ContainerStateMachine:uninitialized
2019-09-25 12:07:00,676 [pool-733-thread-1] INFO  server.RaftServerConfigKeys (ConfUtils.java:logGet(43)) - raft.server.rpc.timeout.min = 5s (custom)
2019-09-25 12:07:00,677 [pool-733-thread-1] INFO  server.RaftServerConfigKeys (ConfUtils.java:logGet(43)) - raft.server.rpc.timeout.max = 5200ms (custom)
2019-09-25 12:07:00,677 [pool-733-thread-1] INFO  server.RaftServerConfigKeys (ConfUtils.java:logGet(43)) - raft.server.rpcslowness.timeout = 120s (custom)
2019-09-25 12:07:00,677 [pool-733-thread-1] INFO  server.RaftServerConfigKeys (ConfUtils.java:logGet(43)) - raft.server.sleep.deviation.threshold = 300 (default)
2019-09-25 12:07:00,677 [pool-733-thread-1] INFO  server.RaftServerConfigKeys (ConfUtils.java:logGet(43)) - raft.server.log.appender.install.snapshot.enabled = false (custom)
2019-09-25 12:07:00,677 [pool-733-thread-1] INFO  impl.RaftServerImpl (ServerState.java:<init>(103)) - ab153cfe-456a-45f5-b16c-7616a9ae7eb2@group-82883C2D59A9: ConfigurationManager, init=-1: [ab153cfe-456a-45f5-b16c-7616a9ae7eb2:192.168.151.73:37661], old=null, confs=<EMPTY_MAP>
2019-09-25 12:07:00,677 [pool-733-thread-1] INFO  server.RaftServerConfigKeys (ConfUtils.java:logGet(43)) - raft.server.storage.dir = [/workdir/hadoop-ozone/integration-test/target/test-dir/MiniOzoneClusterImpl-ed40a7f8-0b2f-4da3-bf53-40ad2b647f29/datanode-6/data/ratis] (custom)
2019-09-25 12:07:00,678 [pool-733-thread-1] INFO  storage.RaftStorageDirectory (RaftStorageDirectory.java:analyzeStorage(246)) - The storage directory /workdir/hadoop-ozone/integration-test/target/test-dir/MiniOzoneClusterImpl-ed40a7f8-0b2f-4da3-bf53-40ad2b647f29/datanode-6/data/ratis/dfcc3584-f5e6-4b43-a9f1-82883c2d59a9 does not exist. Creating ...
2019-09-25 12:07:00,702 [pool-733-thread-1] INFO  storage.RaftStorageDirectory (RaftStorageDirectory.java:tryLock(328)) - Lock on /workdir/hadoop-ozone/integration-test/target/test-dir/MiniOzoneClusterImpl-ed40a7f8-0b2f-4da3-bf53-40ad2b647f29/datanode-6/data/ratis/dfcc3584-f5e6-4b43-a9f1-82883c2d59a9/in_use.lock acquired by nodename 24979@pr-hdds-1569-shd4m-3693607622
2019-09-25 12:07:00,714 [pool-733-thread-1] INFO  storage.RaftStorage (RaftStorage.java:format(72)) - Storage directory /workdir/hadoop-ozone/integration-test/target/test-dir/MiniOzoneClusterImpl-ed40a7f8-0b2f-4da3-bf53-40ad2b647f29/datanode-6/data/ratis/dfcc3584-f5e6-4b43-a9f1-82883c2d59a9 has been successfully formatted.
2019-09-25 12:07:00,714 [pool-733-thread-1] INFO  ratis.ContainerStateMachine (ContainerStateMachine.java:loadSnapshot(230)) - group-82883C2D59A9: The snapshot info is null. Setting the last applied indexto:(t:0, i:~)
2019-09-25 12:07:00,714 [pool-733-thread-1] INFO  server.RaftServerConfigKeys (ConfUtils.java:logGet(43)) - raft.server.notification.no-leader.timeout = 120s (custom)
2019-09-25 12:07:00,715 [pool-733-thread-1] INFO  server.RaftServerConfigKeys (ConfUtils.java:logGet(43)) - raft.server.log.use.memory = false (default)
2019-09-25 12:07:00,715 [pool-733-thread-1] INFO  server.RaftServerConfigKeys (ConfUtils.java:logGet(43)) - raft.server.log.purge.gap = 1000000 (custom)
2019-09-25 12:07:00,715 [pool-733-thread-1] INFO  server.RaftServerConfigKeys (ConfUtils.java:logGet(43)) - raft.server.log.appender.buffer.byte-limit = 33554432 (custom)
2019-09-25 12:07:00,715 [pool-733-thread-1] INFO  server.RaftServerConfigKeys (ConfUtils.java:logGet(43)) - raft.server.log.segment.size.max = 1048576 (custom)
2019-09-25 12:07:00,715 [pool-733-thread-1] INFO  server.RaftServerConfigKeys (ConfUtils.java:logGet(43)) - raft.server.log.segment.cache.num.max = 2 (custom)
2019-09-25 12:07:00,715 [pool-733-thread-1] INFO  segmented.SegmentedRaftLogWorker (SegmentedRaftLogWorker.java:<init>(172)) - new ab153cfe-456a-45f5-b16c-7616a9ae7eb2@group-82883C2D59A9-SegmentedRaftLogWorker for RaftStorage:Storage Directory /workdir/hadoop-ozone/integration-test/target/test-dir/MiniOzoneClusterImpl-ed40a7f8-0b2f-4da3-bf53-40ad2b647f29/datanode-6/data/ratis/dfcc3584-f5e6-4b43-a9f1-82883c2d59a9
2019-09-25 12:07:00,717 [pool-733-thread-1] INFO  server.RaftServerConfigKeys (ConfUtils.java:logGet(43)) - raft.server.log.queue.byte-limit = 2147483647 (custom)
2019-09-25 12:07:00,717 [pool-733-thread-1] INFO  server.RaftServerConfigKeys (ConfUtils.java:logGet(43)) - raft.server.log.queue.element-limit = 1024 (custom)
2019-09-25 12:07:00,718 [pool-733-thread-1] INFO  server.RaftServerConfigKeys (ConfUtils.java:logGet(43)) - raft.server.log.segment.size.max = 1048576 (custom)
2019-09-25 12:07:00,718 [pool-733-thread-1] INFO  server.RaftServerConfigKeys (ConfUtils.java:logGet(43)) - raft.server.log.preallocated.size = 16384 (custom)
2019-09-25 12:07:00,718 [pool-733-thread-1] INFO  server.RaftServerConfigKeys (ConfUtils.java:logGet(43)) - raft.server.log.write.buffer.size = 33554432 (custom)
2019-09-25 12:07:00,718 [pool-733-thread-1] INFO  server.RaftServerConfigKeys (ConfUtils.java:logGet(43)) - raft.server.log.force.sync.num = 128 (default)
2019-09-25 12:07:00,718 [pool-733-thread-1] INFO  server.RaftServerConfigKeys (ConfUtils.java:logGet(43)) - raft.server.log.statemachine.data.sync = true (default)
2019-09-25 12:07:00,719 [pool-733-thread-1] INFO  server.RaftServerConfigKeys (ConfUtils.java:logGet(43)) - raft.server.log.statemachine.data.sync.timeout = 10s (default)
2019-09-25 12:07:00,719 [pool-733-thread-1] INFO  server.RaftServerConfigKeys (ConfUtils.java:logGet(43)) - raft.server.log.statemachine.data.sync.timeout.retry = -1 (default)
2019-09-25 12:07:00,719 [pool-733-thread-1] INFO  server.RaftServerConfigKeys (ConfUtils.java:logGet(43)) - raft.server.log.statemachine.data.caching.enabled = true (custom)
2019-09-25 12:07:00,719 [pool-733-thread-1] INFO  segmented.SegmentedRaftLogWorker (SegmentedRaftLogWorker.java:lambda$new$0(132)) - ab153cfe-456a-45f5-b16c-7616a9ae7eb2@group-82883C2D59A9-SegmentedRaftLogWorker: flushIndex: setUnconditionally 0 -> -1
2019-09-25 12:07:00,720 [pool-733-thread-1] INFO  server.RaftServerConfigKeys (ConfUtils.java:logGet(43)) - raft.server.snapshot.auto.trigger.enabled = true (custom)
2019-09-25 12:07:00,720 [pool-733-thread-1] INFO  server.RaftServerConfigKeys (ConfUtils.java:logGet(43)) - raft.server.snapshot.auto.trigger.threshold = 10000 (custom)
2019-09-25 12:07:00,720 [pool-733-thread-1] INFO  server.RaftServerConfigKeys (ConfUtils.java:logGet(43)) - raft.server.snapshot.retention.num.files = 5 (custom)
2019-09-25 12:07:00,720 [pool-733-thread-1] INFO  server.RaftServerConfigKeys (ConfUtils.java:logGet(43)) - raft.server.retrycache.expirytime = 600000ms (custom)
2019-09-25 12:07:00,722 [pool-733-thread-1] INFO  impl.RaftServerImpl (RaftServerImpl.java:start(185)) - ab153cfe-456a-45f5-b16c-7616a9ae7eb2@group-82883C2D59A9: start as a follower, conf=-1: [ab153cfe-456a-45f5-b16c-7616a9ae7eb2:192.168.151.73:37661], old=null
2019-09-25 12:07:00,723 [pool-733-thread-1] INFO  impl.RaftServerImpl (RaftServerImpl.java:setRole(174)) - ab153cfe-456a-45f5-b16c-7616a9ae7eb2@group-82883C2D59A9: changes role from      null to FOLLOWER at term 0 for startAsFollower
2019-09-25 12:07:00,723 [pool-733-thread-1] INFO  impl.RoleInfo (RoleInfo.java:updateAndGet(143)) - ab153cfe-456a-45f5-b16c-7616a9ae7eb2: start FollowerState
2019-09-25 12:07:00,723 [pool-733-thread-1] INFO  util.JmxRegister (JmxRegister.java:tryRegister(44)) - Successfully registered JMX Bean with object name Ratis:service=RaftServer,group=group-82883C2D59A9,id=ab153cfe-456a-45f5-b16c-7616a9ae7eb2
2019-09-25 12:07:00,726 [RatisPipelineUtilsThread] INFO  pipeline.PipelineStateManager (PipelineStateManager.java:addPipeline(56)) - Created pipeline Pipeline[ Id: dfcc3584-f5e6-4b43-a9f1-82883c2d59a9, Nodes: ab153cfe-456a-45f5-b16c-7616a9ae7eb2{ip: 192.168.151.73, host: pr-hdds-1569-shd4m-3693607622, networkLocation: /default-rack, certSerialId: null}, Type:RATIS, Factor:ONE, State:OPEN]
2019-09-25 12:07:00,726 [RatisPipelineUtilsThread] INFO  pipeline.PipelinePlacementPolicy (PipelinePlacementPolicy.java:meetCriteria(91)) - Pipeline Placement: can't place more pipeline on heavy datanode： 994e134d-9492-4c05-a584-6f6f537d8ad3 Heaviness: 6 limit: 5
2019-09-25 12:07:00,726 [RatisPipelineUtilsThread] INFO  pipeline.PipelinePlacementPolicy (PipelinePlacementPolicy.java:meetCriteria(91)) - Pipeline Placement: can't place more pipeline on heavy datanode： f003a614-b318-424e-95ab-7ad6d1c0d2e6 Heaviness: 6 limit: 5
2019-09-25 12:07:00,726 [RatisPipelineUtilsThread] INFO  pipeline.PipelinePlacementPolicy (PipelinePlacementPolicy.java:meetCriteria(91)) - Pipeline Placement: can't place more pipeline on heavy datanode： 0b7c031f-92f6-4780-87e9-d12f3b75deed Heaviness: 6 limit: 5
2019-09-25 12:07:00,726 [RatisPipelineUtilsThread] INFO  pipeline.PipelinePlacementPolicy (PipelinePlacementPolicy.java:meetCriteria(91)) - Pipeline Placement: can't place more pipeline on heavy datanode： a3a55b85-6532-4add-86b9-f60c9f262632 Heaviness: 6 limit: 5
2019-09-25 12:07:00,730 [grpc-default-executor-1] INFO  impl.RaftServerProxy (RaftServerProxy.java:addNew(89)) - a18b28f5-0b39-4e24-a9bc-e0bed51b7d30: addNew group-05F52087E514:[a18b28f5-0b39-4e24-a9bc-e0bed51b7d30:192.168.151.73:44690] returns group-05F52087E514:java.util.concurrent.CompletableFuture@925049c[Not completed]
2019-09-25 12:07:00,731 [pool-713-thread-1] INFO  impl.RaftServerImpl (RaftServerImpl.java:<init>(95)) - a18b28f5-0b39-4e24-a9bc-e0bed51b7d30: new RaftServerImpl for group-05F52087E514:[a18b28f5-0b39-4e24-a9bc-e0bed51b7d30:192.168.151.73:44690] with ContainerStateMachine:uninitialized
2019-09-25 12:07:00,731 [pool-713-thread-1] INFO  server.RaftServerConfigKeys (ConfUtils.java:logGet(43)) - raft.server.rpc.timeout.min = 5s (custom)
2019-09-25 12:07:00,731 [pool-713-thread-1] INFO  server.RaftServerConfigKeys (ConfUtils.java:logGet(43)) - raft.server.rpc.timeout.max = 5200ms (custom)
2019-09-25 12:07:00,731 [pool-713-thread-1] INFO  server.RaftServerConfigKeys (ConfUtils.java:logGet(43)) - raft.server.rpcslowness.timeout = 120s (custom)
2019-09-25 12:07:00,732 [pool-713-thread-1] INFO  server.RaftServerConfigKeys (ConfUtils.java:logGet(43)) - raft.server.sleep.deviation.threshold = 300 (default)
2019-09-25 12:07:00,732 [pool-713-thread-1] INFO  server.RaftServerConfigKeys (ConfUtils.java:logGet(43)) - raft.server.log.appender.install.snapshot.enabled = false (custom)
2019-09-25 12:07:00,732 [pool-713-thread-1] INFO  impl.RaftServerImpl (ServerState.java:<init>(103)) - a18b28f5-0b39-4e24-a9bc-e0bed51b7d30@group-05F52087E514: ConfigurationManager, init=-1: [a18b28f5-0b39-4e24-a9bc-e0bed51b7d30:192.168.151.73:44690], old=null, confs=<EMPTY_MAP>
2019-09-25 12:07:00,732 [pool-713-thread-1] INFO  server.RaftServerConfigKeys (ConfUtils.java:logGet(43)) - raft.server.storage.dir = [/workdir/hadoop-ozone/integration-test/target/test-dir/MiniOzoneClusterImpl-ed40a7f8-0b2f-4da3-bf53-40ad2b647f29/datanode-4/data/ratis] (custom)
2019-09-25 12:07:00,732 [pool-713-thread-1] INFO  storage.RaftStorageDirectory (RaftStorageDirectory.java:analyzeStorage(246)) - The storage directory /workdir/hadoop-ozone/integration-test/target/test-dir/MiniOzoneClusterImpl-ed40a7f8-0b2f-4da3-bf53-40ad2b647f29/datanode-4/data/ratis/e04e1c5c-6ea9-4f14-8df6-05f52087e514 does not exist. Creating ...
2019-09-25 12:07:00,752 [pool-713-thread-1] INFO  storage.RaftStorageDirectory (RaftStorageDirectory.java:tryLock(328)) - Lock on /workdir/hadoop-ozone/integration-test/target/test-dir/MiniOzoneClusterImpl-ed40a7f8-0b2f-4da3-bf53-40ad2b647f29/datanode-4/data/ratis/e04e1c5c-6ea9-4f14-8df6-05f52087e514/in_use.lock acquired by nodename 24979@pr-hdds-1569-shd4m-3693607622
2019-09-25 12:07:00,778 [pool-713-thread-1] INFO  storage.RaftStorage (RaftStorage.java:format(72)) - Storage directory /workdir/hadoop-ozone/integration-test/target/test-dir/MiniOzoneClusterImpl-ed40a7f8-0b2f-4da3-bf53-40ad2b647f29/datanode-4/data/ratis/e04e1c5c-6ea9-4f14-8df6-05f52087e514 has been successfully formatted.
2019-09-25 12:07:00,778 [pool-713-thread-1] INFO  ratis.ContainerStateMachine (ContainerStateMachine.java:loadSnapshot(230)) - group-05F52087E514: The snapshot info is null. Setting the last applied indexto:(t:0, i:~)
2019-09-25 12:07:00,778 [pool-713-thread-1] INFO  server.RaftServerConfigKeys (ConfUtils.java:logGet(43)) - raft.server.notification.no-leader.timeout = 120s (custom)
2019-09-25 12:07:00,778 [pool-713-thread-1] INFO  server.RaftServerConfigKeys (ConfUtils.java:logGet(43)) - raft.server.log.use.memory = false (default)
2019-09-25 12:07:00,778 [pool-713-thread-1] INFO  server.RaftServerConfigKeys (ConfUtils.java:logGet(43)) - raft.server.log.purge.gap = 1000000 (custom)
2019-09-25 12:07:00,778 [pool-713-thread-1] INFO  server.RaftServerConfigKeys (ConfUtils.java:logGet(43)) - raft.server.log.appender.buffer.byte-limit = 33554432 (custom)
2019-09-25 12:07:00,779 [pool-713-thread-1] INFO  server.RaftServerConfigKeys (ConfUtils.java:logGet(43)) - raft.server.log.segment.size.max = 1048576 (custom)
2019-09-25 12:07:00,779 [pool-713-thread-1] INFO  server.RaftServerConfigKeys (ConfUtils.java:logGet(43)) - raft.server.log.segment.cache.num.max = 2 (custom)
2019-09-25 12:07:00,779 [pool-713-thread-1] INFO  segmented.SegmentedRaftLogWorker (SegmentedRaftLogWorker.java:<init>(172)) - new a18b28f5-0b39-4e24-a9bc-e0bed51b7d30@group-05F52087E514-SegmentedRaftLogWorker for RaftStorage:Storage Directory /workdir/hadoop-ozone/integration-test/target/test-dir/MiniOzoneClusterImpl-ed40a7f8-0b2f-4da3-bf53-40ad2b647f29/datanode-4/data/ratis/e04e1c5c-6ea9-4f14-8df6-05f52087e514
2019-09-25 12:07:00,779 [pool-713-thread-1] INFO  server.RaftServerConfigKeys (ConfUtils.java:logGet(43)) - raft.server.log.queue.byte-limit = 2147483647 (custom)
2019-09-25 12:07:00,779 [pool-713-thread-1] INFO  server.RaftServerConfigKeys (ConfUtils.java:logGet(43)) - raft.server.log.queue.element-limit = 1024 (custom)
2019-09-25 12:07:00,779 [pool-713-thread-1] INFO  server.RaftServerConfigKeys (ConfUtils.java:logGet(43)) - raft.server.log.segment.size.max = 1048576 (custom)
2019-09-25 12:07:00,779 [pool-713-thread-1] INFO  server.RaftServerConfigKeys (ConfUtils.java:logGet(43)) - raft.server.log.preallocated.size = 16384 (custom)
2019-09-25 12:07:00,780 [pool-713-thread-1] INFO  server.RaftServerConfigKeys (ConfUtils.java:logGet(43)) - raft.server.log.write.buffer.size = 33554432 (custom)
2019-09-25 12:07:00,780 [pool-713-thread-1] INFO  server.RaftServerConfigKeys (ConfUtils.java:logGet(43)) - raft.server.log.force.sync.num = 128 (default)
2019-09-25 12:07:00,780 [pool-713-thread-1] INFO  server.RaftServerConfigKeys (ConfUtils.java:logGet(43)) - raft.server.log.statemachine.data.sync = true (default)
2019-09-25 12:07:00,780 [pool-713-thread-1] INFO  server.RaftServerConfigKeys (ConfUtils.java:logGet(43)) - raft.server.log.statemachine.data.sync.timeout = 10s (default)
2019-09-25 12:07:00,780 [pool-713-thread-1] INFO  server.RaftServerConfigKeys (ConfUtils.java:logGet(43)) - raft.server.log.statemachine.data.sync.timeout.retry = -1 (default)
2019-09-25 12:07:00,780 [pool-713-thread-1] INFO  server.RaftServerConfigKeys (ConfUtils.java:logGet(43)) - raft.server.log.statemachine.data.caching.enabled = true (custom)
2019-09-25 12:07:00,780 [pool-713-thread-1] INFO  segmented.SegmentedRaftLogWorker (SegmentedRaftLogWorker.java:lambda$new$0(132)) - a18b28f5-0b39-4e24-a9bc-e0bed51b7d30@group-05F52087E514-SegmentedRaftLogWorker: flushIndex: setUnconditionally 0 -> -1
2019-09-25 12:07:00,781 [pool-713-thread-1] INFO  server.RaftServerConfigKeys (ConfUtils.java:logGet(43)) - raft.server.snapshot.auto.trigger.enabled = true (custom)
2019-09-25 12:07:00,781 [pool-713-thread-1] INFO  server.RaftServerConfigKeys (ConfUtils.java:logGet(43)) - raft.server.snapshot.auto.trigger.threshold = 10000 (custom)
2019-09-25 12:07:00,781 [pool-713-thread-1] INFO  server.RaftServerConfigKeys (ConfUtils.java:logGet(43)) - raft.server.snapshot.retention.num.files = 5 (custom)
2019-09-25 12:07:00,781 [pool-713-thread-1] INFO  server.RaftServerConfigKeys (ConfUtils.java:logGet(43)) - raft.server.retrycache.expirytime = 600000ms (custom)
2019-09-25 12:07:00,783 [pool-713-thread-1] INFO  impl.RaftServerImpl (RaftServerImpl.java:start(185)) - a18b28f5-0b39-4e24-a9bc-e0bed51b7d30@group-05F52087E514: start as a follower, conf=-1: [a18b28f5-0b39-4e24-a9bc-e0bed51b7d30:192.168.151.73:44690], old=null
2019-09-25 12:07:00,783 [pool-713-thread-1] INFO  impl.RaftServerImpl (RaftServerImpl.java:setRole(174)) - a18b28f5-0b39-4e24-a9bc-e0bed51b7d30@group-05F52087E514: changes role from      null to FOLLOWER at term 0 for startAsFollower
2019-09-25 12:07:00,783 [pool-713-thread-1] INFO  impl.RoleInfo (RoleInfo.java:updateAndGet(143)) - a18b28f5-0b39-4e24-a9bc-e0bed51b7d30: start FollowerState
2019-09-25 12:07:00,783 [pool-713-thread-1] INFO  util.JmxRegister (JmxRegister.java:tryRegister(44)) - Successfully registered JMX Bean with object name Ratis:service=RaftServer,group=group-05F52087E514,id=a18b28f5-0b39-4e24-a9bc-e0bed51b7d30
2019-09-25 12:07:00,785 [RatisPipelineUtilsThread] INFO  pipeline.PipelineStateManager (PipelineStateManager.java:addPipeline(56)) - Created pipeline Pipeline[ Id: e04e1c5c-6ea9-4f14-8df6-05f52087e514, Nodes: a18b28f5-0b39-4e24-a9bc-e0bed51b7d30{ip: 192.168.151.73, host: pr-hdds-1569-shd4m-3693607622, networkLocation: /default-rack, certSerialId: null}, Type:RATIS, Factor:ONE, State:OPEN]
2019-09-25 12:07:00,786 [RatisPipelineUtilsThread] INFO  pipeline.PipelinePlacementPolicy (PipelinePlacementPolicy.java:meetCriteria(91)) - Pipeline Placement: can't place more pipeline on heavy datanode： 994e134d-9492-4c05-a584-6f6f537d8ad3 Heaviness: 6 limit: 5
2019-09-25 12:07:00,786 [RatisPipelineUtilsThread] INFO  pipeline.PipelinePlacementPolicy (PipelinePlacementPolicy.java:meetCriteria(91)) - Pipeline Placement: can't place more pipeline on heavy datanode： f003a614-b318-424e-95ab-7ad6d1c0d2e6 Heaviness: 6 limit: 5
2019-09-25 12:07:00,786 [RatisPipelineUtilsThread] INFO  pipeline.PipelinePlacementPolicy (PipelinePlacementPolicy.java:meetCriteria(91)) - Pipeline Placement: can't place more pipeline on heavy datanode： 0b7c031f-92f6-4780-87e9-d12f3b75deed Heaviness: 6 limit: 5
2019-09-25 12:07:00,786 [RatisPipelineUtilsThread] INFO  pipeline.PipelinePlacementPolicy (PipelinePlacementPolicy.java:meetCriteria(91)) - Pipeline Placement: can't place more pipeline on heavy datanode： a3a55b85-6532-4add-86b9-f60c9f262632 Heaviness: 6 limit: 5
2019-09-25 12:07:00,789 [grpc-default-executor-1] INFO  impl.RaftServerProxy (RaftServerProxy.java:addNew(89)) - a18b28f5-0b39-4e24-a9bc-e0bed51b7d30: addNew group-6A150960C212:[a18b28f5-0b39-4e24-a9bc-e0bed51b7d30:192.168.151.73:44690] returns group-6A150960C212:java.util.concurrent.CompletableFuture@7b149507[Not completed]
2019-09-25 12:07:00,790 [pool-713-thread-1] INFO  impl.RaftServerImpl (RaftServerImpl.java:<init>(95)) - a18b28f5-0b39-4e24-a9bc-e0bed51b7d30: new RaftServerImpl for group-6A150960C212:[a18b28f5-0b39-4e24-a9bc-e0bed51b7d30:192.168.151.73:44690] with ContainerStateMachine:uninitialized
2019-09-25 12:07:00,791 [pool-713-thread-1] INFO  server.RaftServerConfigKeys (ConfUtils.java:logGet(43)) - raft.server.rpc.timeout.min = 5s (custom)
2019-09-25 12:07:00,791 [pool-713-thread-1] INFO  server.RaftServerConfigKeys (ConfUtils.java:logGet(43)) - raft.server.rpc.timeout.max = 5200ms (custom)
2019-09-25 12:07:00,791 [pool-713-thread-1] INFO  server.RaftServerConfigKeys (ConfUtils.java:logGet(43)) - raft.server.rpcslowness.timeout = 120s (custom)
2019-09-25 12:07:00,791 [pool-713-thread-1] INFO  server.RaftServerConfigKeys (ConfUtils.java:logGet(43)) - raft.server.sleep.deviation.threshold = 300 (default)
2019-09-25 12:07:00,791 [pool-713-thread-1] INFO  server.RaftServerConfigKeys (ConfUtils.java:logGet(43)) - raft.server.log.appender.install.snapshot.enabled = false (custom)
2019-09-25 12:07:00,791 [pool-713-thread-1] INFO  impl.RaftServerImpl (ServerState.java:<init>(103)) - a18b28f5-0b39-4e24-a9bc-e0bed51b7d30@group-6A150960C212: ConfigurationManager, init=-1: [a18b28f5-0b39-4e24-a9bc-e0bed51b7d30:192.168.151.73:44690], old=null, confs=<EMPTY_MAP>
2019-09-25 12:07:00,791 [pool-713-thread-1] INFO  server.RaftServerConfigKeys (ConfUtils.java:logGet(43)) - raft.server.storage.dir = [/workdir/hadoop-ozone/integration-test/target/test-dir/MiniOzoneClusterImpl-ed40a7f8-0b2f-4da3-bf53-40ad2b647f29/datanode-4/data/ratis] (custom)
2019-09-25 12:07:00,792 [pool-713-thread-1] INFO  storage.RaftStorageDirectory (RaftStorageDirectory.java:analyzeStorage(246)) - The storage directory /workdir/hadoop-ozone/integration-test/target/test-dir/MiniOzoneClusterImpl-ed40a7f8-0b2f-4da3-bf53-40ad2b647f29/datanode-4/data/ratis/780b6bd4-d1e9-4319-b67e-6a150960c212 does not exist. Creating ...
2019-09-25 12:07:00,803 [pool-713-thread-1] INFO  storage.RaftStorageDirectory (RaftStorageDirectory.java:tryLock(328)) - Lock on /workdir/hadoop-ozone/integration-test/target/test-dir/MiniOzoneClusterImpl-ed40a7f8-0b2f-4da3-bf53-40ad2b647f29/datanode-4/data/ratis/780b6bd4-d1e9-4319-b67e-6a150960c212/in_use.lock acquired by nodename 24979@pr-hdds-1569-shd4m-3693607622
2019-09-25 12:07:00,816 [pool-713-thread-1] INFO  storage.RaftStorage (RaftStorage.java:format(72)) - Storage directory /workdir/hadoop-ozone/integration-test/target/test-dir/MiniOzoneClusterImpl-ed40a7f8-0b2f-4da3-bf53-40ad2b647f29/datanode-4/data/ratis/780b6bd4-d1e9-4319-b67e-6a150960c212 has been successfully formatted.
2019-09-25 12:07:00,816 [pool-713-thread-1] INFO  ratis.ContainerStateMachine (ContainerStateMachine.java:loadSnapshot(230)) - group-6A150960C212: The snapshot info is null. Setting the last applied indexto:(t:0, i:~)
2019-09-25 12:07:00,816 [pool-713-thread-1] INFO  server.RaftServerConfigKeys (ConfUtils.java:logGet(43)) - raft.server.notification.no-leader.timeout = 120s (custom)
2019-09-25 12:07:00,816 [pool-713-thread-1] INFO  server.RaftServerConfigKeys (ConfUtils.java:logGet(43)) - raft.server.log.use.memory = false (default)
2019-09-25 12:07:00,816 [pool-713-thread-1] INFO  server.RaftServerConfigKeys (ConfUtils.java:logGet(43)) - raft.server.log.purge.gap = 1000000 (custom)
2019-09-25 12:07:00,817 [pool-713-thread-1] INFO  server.RaftServerConfigKeys (ConfUtils.java:logGet(43)) - raft.server.log.appender.buffer.byte-limit = 33554432 (custom)
2019-09-25 12:07:00,817 [pool-713-thread-1] INFO  server.RaftServerConfigKeys (ConfUtils.java:logGet(43)) - raft.server.log.segment.size.max = 1048576 (custom)
2019-09-25 12:07:00,817 [pool-713-thread-1] INFO  server.RaftServerConfigKeys (ConfUtils.java:logGet(43)) - raft.server.log.segment.cache.num.max = 2 (custom)
2019-09-25 12:07:00,817 [pool-713-thread-1] INFO  segmented.SegmentedRaftLogWorker (SegmentedRaftLogWorker.java:<init>(172)) - new a18b28f5-0b39-4e24-a9bc-e0bed51b7d30@group-6A150960C212-SegmentedRaftLogWorker for RaftStorage:Storage Directory /workdir/hadoop-ozone/integration-test/target/test-dir/MiniOzoneClusterImpl-ed40a7f8-0b2f-4da3-bf53-40ad2b647f29/datanode-4/data/ratis/780b6bd4-d1e9-4319-b67e-6a150960c212
2019-09-25 12:07:00,817 [pool-713-thread-1] INFO  server.RaftServerConfigKeys (ConfUtils.java:logGet(43)) - raft.server.log.queue.byte-limit = 2147483647 (custom)
2019-09-25 12:07:00,817 [pool-713-thread-1] INFO  server.RaftServerConfigKeys (ConfUtils.java:logGet(43)) - raft.server.log.queue.element-limit = 1024 (custom)
2019-09-25 12:07:00,817 [pool-713-thread-1] INFO  server.RaftServerConfigKeys (ConfUtils.java:logGet(43)) - raft.server.log.segment.size.max = 1048576 (custom)
2019-09-25 12:07:00,817 [pool-713-thread-1] INFO  server.RaftServerConfigKeys (ConfUtils.java:logGet(43)) - raft.server.log.preallocated.size = 16384 (custom)
2019-09-25 12:07:00,818 [pool-713-thread-1] INFO  server.RaftServerConfigKeys (ConfUtils.java:logGet(43)) - raft.server.log.write.buffer.size = 33554432 (custom)
2019-09-25 12:07:00,818 [pool-713-thread-1] INFO  server.RaftServerConfigKeys (ConfUtils.java:logGet(43)) - raft.server.log.force.sync.num = 128 (default)
2019-09-25 12:07:00,818 [pool-713-thread-1] INFO  server.RaftServerConfigKeys (ConfUtils.java:logGet(43)) - raft.server.log.statemachine.data.sync = true (default)
2019-09-25 12:07:00,818 [pool-713-thread-1] INFO  server.RaftServerConfigKeys (ConfUtils.java:logGet(43)) - raft.server.log.statemachine.data.sync.timeout = 10s (default)
2019-09-25 12:07:00,818 [pool-713-thread-1] INFO  server.RaftServerConfigKeys (ConfUtils.java:logGet(43)) - raft.server.log.statemachine.data.sync.timeout.retry = -1 (default)
2019-09-25 12:07:00,818 [pool-713-thread-1] INFO  server.RaftServerConfigKeys (ConfUtils.java:logGet(43)) - raft.server.log.statemachine.data.caching.enabled = true (custom)
2019-09-25 12:07:00,818 [pool-713-thread-1] INFO  segmented.SegmentedRaftLogWorker (SegmentedRaftLogWorker.java:lambda$new$0(132)) - a18b28f5-0b39-4e24-a9bc-e0bed51b7d30@group-6A150960C212-SegmentedRaftLogWorker: flushIndex: setUnconditionally 0 -> -1
2019-09-25 12:07:00,819 [pool-713-thread-1] INFO  server.RaftServerConfigKeys (ConfUtils.java:logGet(43)) - raft.server.snapshot.auto.trigger.enabled = true (custom)
2019-09-25 12:07:00,819 [pool-713-thread-1] INFO  server.RaftServerConfigKeys (ConfUtils.java:logGet(43)) - raft.server.snapshot.auto.trigger.threshold = 10000 (custom)
2019-09-25 12:07:00,819 [pool-713-thread-1] INFO  server.RaftServerConfigKeys (ConfUtils.java:logGet(43)) - raft.server.snapshot.retention.num.files = 5 (custom)
2019-09-25 12:07:00,819 [pool-713-thread-1] INFO  server.RaftServerConfigKeys (ConfUtils.java:logGet(43)) - raft.server.retrycache.expirytime = 600000ms (custom)
2019-09-25 12:07:00,820 [pool-713-thread-1] INFO  impl.RaftServerImpl (RaftServerImpl.java:start(185)) - a18b28f5-0b39-4e24-a9bc-e0bed51b7d30@group-6A150960C212: start as a follower, conf=-1: [a18b28f5-0b39-4e24-a9bc-e0bed51b7d30:192.168.151.73:44690], old=null
2019-09-25 12:07:00,821 [pool-713-thread-1] INFO  impl.RaftServerImpl (RaftServerImpl.java:setRole(174)) - a18b28f5-0b39-4e24-a9bc-e0bed51b7d30@group-6A150960C212: changes role from      null to FOLLOWER at term 0 for startAsFollower
2019-09-25 12:07:00,821 [pool-713-thread-1] INFO  impl.RoleInfo (RoleInfo.java:updateAndGet(143)) - a18b28f5-0b39-4e24-a9bc-e0bed51b7d30: start FollowerState
2019-09-25 12:07:00,821 [pool-713-thread-1] INFO  util.JmxRegister (JmxRegister.java:tryRegister(44)) - Successfully registered JMX Bean with object name Ratis:service=RaftServer,group=group-6A150960C212,id=a18b28f5-0b39-4e24-a9bc-e0bed51b7d30
2019-09-25 12:07:00,823 [RatisPipelineUtilsThread] INFO  pipeline.PipelineStateManager (PipelineStateManager.java:addPipeline(56)) - Created pipeline Pipeline[ Id: 780b6bd4-d1e9-4319-b67e-6a150960c212, Nodes: a18b28f5-0b39-4e24-a9bc-e0bed51b7d30{ip: 192.168.151.73, host: pr-hdds-1569-shd4m-3693607622, networkLocation: /default-rack, certSerialId: null}, Type:RATIS, Factor:ONE, State:OPEN]
2019-09-25 12:07:00,823 [RatisPipelineUtilsThread] INFO  pipeline.PipelinePlacementPolicy (PipelinePlacementPolicy.java:meetCriteria(91)) - Pipeline Placement: can't place more pipeline on heavy datanode： 994e134d-9492-4c05-a584-6f6f537d8ad3 Heaviness: 6 limit: 5
2019-09-25 12:07:00,823 [RatisPipelineUtilsThread] INFO  pipeline.PipelinePlacementPolicy (PipelinePlacementPolicy.java:meetCriteria(91)) - Pipeline Placement: can't place more pipeline on heavy datanode： f003a614-b318-424e-95ab-7ad6d1c0d2e6 Heaviness: 6 limit: 5
2019-09-25 12:07:00,823 [RatisPipelineUtilsThread] INFO  pipeline.PipelinePlacementPolicy (PipelinePlacementPolicy.java:meetCriteria(91)) - Pipeline Placement: can't place more pipeline on heavy datanode： 0b7c031f-92f6-4780-87e9-d12f3b75deed Heaviness: 6 limit: 5
2019-09-25 12:07:00,824 [RatisPipelineUtilsThread] INFO  pipeline.PipelinePlacementPolicy (PipelinePlacementPolicy.java:meetCriteria(91)) - Pipeline Placement: can't place more pipeline on heavy datanode： a3a55b85-6532-4add-86b9-f60c9f262632 Heaviness: 6 limit: 5
2019-09-25 12:07:00,827 [grpc-default-executor-1] INFO  impl.RaftServerProxy (RaftServerProxy.java:addNew(89)) - f4c1a9a1-2d51-404c-8ce9-40a1851b7a0b: addNew group-F28E30A8329A:[f4c1a9a1-2d51-404c-8ce9-40a1851b7a0b:192.168.151.73:39166] returns group-F28E30A8329A:java.util.concurrent.CompletableFuture@20b13312[Not completed]
2019-09-25 12:07:00,828 [pool-723-thread-1] INFO  impl.RaftServerImpl (RaftServerImpl.java:<init>(95)) - f4c1a9a1-2d51-404c-8ce9-40a1851b7a0b: new RaftServerImpl for group-F28E30A8329A:[f4c1a9a1-2d51-404c-8ce9-40a1851b7a0b:192.168.151.73:39166] with ContainerStateMachine:uninitialized
2019-09-25 12:07:00,828 [pool-723-thread-1] INFO  server.RaftServerConfigKeys (ConfUtils.java:logGet(43)) - raft.server.rpc.timeout.min = 5s (custom)
2019-09-25 12:07:00,828 [pool-723-thread-1] INFO  server.RaftServerConfigKeys (ConfUtils.java:logGet(43)) - raft.server.rpc.timeout.max = 5200ms (custom)
2019-09-25 12:07:00,828 [pool-723-thread-1] INFO  server.RaftServerConfigKeys (ConfUtils.java:logGet(43)) - raft.server.rpcslowness.timeout = 120s (custom)
2019-09-25 12:07:00,829 [pool-723-thread-1] INFO  server.RaftServerConfigKeys (ConfUtils.java:logGet(43)) - raft.server.sleep.deviation.threshold = 300 (default)
2019-09-25 12:07:00,829 [pool-723-thread-1] INFO  server.RaftServerConfigKeys (ConfUtils.java:logGet(43)) - raft.server.log.appender.install.snapshot.enabled = false (custom)
2019-09-25 12:07:00,829 [pool-723-thread-1] INFO  impl.RaftServerImpl (ServerState.java:<init>(103)) - f4c1a9a1-2d51-404c-8ce9-40a1851b7a0b@group-F28E30A8329A: ConfigurationManager, init=-1: [f4c1a9a1-2d51-404c-8ce9-40a1851b7a0b:192.168.151.73:39166], old=null, confs=<EMPTY_MAP>
2019-09-25 12:07:00,829 [pool-723-thread-1] INFO  server.RaftServerConfigKeys (ConfUtils.java:logGet(43)) - raft.server.storage.dir = [/workdir/hadoop-ozone/integration-test/target/test-dir/MiniOzoneClusterImpl-ed40a7f8-0b2f-4da3-bf53-40ad2b647f29/datanode-5/data/ratis] (custom)
2019-09-25 12:07:00,829 [pool-723-thread-1] INFO  storage.RaftStorageDirectory (RaftStorageDirectory.java:analyzeStorage(246)) - The storage directory /workdir/hadoop-ozone/integration-test/target/test-dir/MiniOzoneClusterImpl-ed40a7f8-0b2f-4da3-bf53-40ad2b647f29/datanode-5/data/ratis/8a0816ff-b773-4e34-bf7d-f28e30a8329a does not exist. Creating ...
2019-09-25 12:07:00,842 [pool-723-thread-1] INFO  storage.RaftStorageDirectory (RaftStorageDirectory.java:tryLock(328)) - Lock on /workdir/hadoop-ozone/integration-test/target/test-dir/MiniOzoneClusterImpl-ed40a7f8-0b2f-4da3-bf53-40ad2b647f29/datanode-5/data/ratis/8a0816ff-b773-4e34-bf7d-f28e30a8329a/in_use.lock acquired by nodename 24979@pr-hdds-1569-shd4m-3693607622
2019-09-25 12:07:00,882 [pool-723-thread-1] INFO  storage.RaftStorage (RaftStorage.java:format(72)) - Storage directory /workdir/hadoop-ozone/integration-test/target/test-dir/MiniOzoneClusterImpl-ed40a7f8-0b2f-4da3-bf53-40ad2b647f29/datanode-5/data/ratis/8a0816ff-b773-4e34-bf7d-f28e30a8329a has been successfully formatted.
2019-09-25 12:07:00,882 [pool-723-thread-1] INFO  ratis.ContainerStateMachine (ContainerStateMachine.java:loadSnapshot(230)) - group-F28E30A8329A: The snapshot info is null. Setting the last applied indexto:(t:0, i:~)
2019-09-25 12:07:00,882 [pool-723-thread-1] INFO  server.RaftServerConfigKeys (ConfUtils.java:logGet(43)) - raft.server.notification.no-leader.timeout = 120s (custom)
2019-09-25 12:07:00,882 [pool-723-thread-1] INFO  server.RaftServerConfigKeys (ConfUtils.java:logGet(43)) - raft.server.log.use.memory = false (default)
2019-09-25 12:07:00,883 [pool-723-thread-1] INFO  server.RaftServerConfigKeys (ConfUtils.java:logGet(43)) - raft.server.log.purge.gap = 1000000 (custom)
2019-09-25 12:07:00,883 [pool-723-thread-1] INFO  server.RaftServerConfigKeys (ConfUtils.java:logGet(43)) - raft.server.log.appender.buffer.byte-limit = 33554432 (custom)
2019-09-25 12:07:00,883 [pool-723-thread-1] INFO  server.RaftServerConfigKeys (ConfUtils.java:logGet(43)) - raft.server.log.segment.size.max = 1048576 (custom)
2019-09-25 12:07:00,883 [pool-723-thread-1] INFO  server.RaftServerConfigKeys (ConfUtils.java:logGet(43)) - raft.server.log.segment.cache.num.max = 2 (custom)
2019-09-25 12:07:00,883 [pool-723-thread-1] INFO  segmented.SegmentedRaftLogWorker (SegmentedRaftLogWorker.java:<init>(172)) - new f4c1a9a1-2d51-404c-8ce9-40a1851b7a0b@group-F28E30A8329A-SegmentedRaftLogWorker for RaftStorage:Storage Directory /workdir/hadoop-ozone/integration-test/target/test-dir/MiniOzoneClusterImpl-ed40a7f8-0b2f-4da3-bf53-40ad2b647f29/datanode-5/data/ratis/8a0816ff-b773-4e34-bf7d-f28e30a8329a
2019-09-25 12:07:00,883 [pool-723-thread-1] INFO  server.RaftServerConfigKeys (ConfUtils.java:logGet(43)) - raft.server.log.queue.byte-limit = 2147483647 (custom)
2019-09-25 12:07:00,884 [pool-723-thread-1] INFO  server.RaftServerConfigKeys (ConfUtils.java:logGet(43)) - raft.server.log.queue.element-limit = 1024 (custom)
2019-09-25 12:07:00,884 [pool-723-thread-1] INFO  server.RaftServerConfigKeys (ConfUtils.java:logGet(43)) - raft.server.log.segment.size.max = 1048576 (custom)
2019-09-25 12:07:00,884 [pool-723-thread-1] INFO  server.RaftServerConfigKeys (ConfUtils.java:logGet(43)) - raft.server.log.preallocated.size = 16384 (custom)
2019-09-25 12:07:00,884 [pool-723-thread-1] INFO  server.RaftServerConfigKeys (ConfUtils.java:logGet(43)) - raft.server.log.write.buffer.size = 33554432 (custom)
2019-09-25 12:07:00,884 [pool-723-thread-1] INFO  server.RaftServerConfigKeys (ConfUtils.java:logGet(43)) - raft.server.log.force.sync.num = 128 (default)
2019-09-25 12:07:00,884 [pool-723-thread-1] INFO  server.RaftServerConfigKeys (ConfUtils.java:logGet(43)) - raft.server.log.statemachine.data.sync = true (default)
2019-09-25 12:07:00,885 [pool-723-thread-1] INFO  server.RaftServerConfigKeys (ConfUtils.java:logGet(43)) - raft.server.log.statemachine.data.sync.timeout = 10s (default)
2019-09-25 12:07:00,885 [pool-723-thread-1] INFO  server.RaftServerConfigKeys (ConfUtils.java:logGet(43)) - raft.server.log.statemachine.data.sync.timeout.retry = -1 (default)
2019-09-25 12:07:00,885 [pool-723-thread-1] INFO  server.RaftServerConfigKeys (ConfUtils.java:logGet(43)) - raft.server.log.statemachine.data.caching.enabled = true (custom)
2019-09-25 12:07:00,885 [pool-723-thread-1] INFO  segmented.SegmentedRaftLogWorker (SegmentedRaftLogWorker.java:lambda$new$0(132)) - f4c1a9a1-2d51-404c-8ce9-40a1851b7a0b@group-F28E30A8329A-SegmentedRaftLogWorker: flushIndex: setUnconditionally 0 -> -1
2019-09-25 12:07:00,885 [pool-723-thread-1] INFO  server.RaftServerConfigKeys (ConfUtils.java:logGet(43)) - raft.server.snapshot.auto.trigger.enabled = true (custom)
2019-09-25 12:07:00,886 [pool-723-thread-1] INFO  server.RaftServerConfigKeys (ConfUtils.java:logGet(43)) - raft.server.snapshot.auto.trigger.threshold = 10000 (custom)
2019-09-25 12:07:00,886 [pool-723-thread-1] INFO  server.RaftServerConfigKeys (ConfUtils.java:logGet(43)) - raft.server.snapshot.retention.num.files = 5 (custom)
2019-09-25 12:07:00,886 [pool-723-thread-1] INFO  server.RaftServerConfigKeys (ConfUtils.java:logGet(43)) - raft.server.retrycache.expirytime = 600000ms (custom)
2019-09-25 12:07:00,888 [pool-723-thread-1] INFO  impl.RaftServerImpl (RaftServerImpl.java:start(185)) - f4c1a9a1-2d51-404c-8ce9-40a1851b7a0b@group-F28E30A8329A: start as a follower, conf=-1: [f4c1a9a1-2d51-404c-8ce9-40a1851b7a0b:192.168.151.73:39166], old=null
2019-09-25 12:07:00,888 [pool-723-thread-1] INFO  impl.RaftServerImpl (RaftServerImpl.java:setRole(174)) - f4c1a9a1-2d51-404c-8ce9-40a1851b7a0b@group-F28E30A8329A: changes role from      null to FOLLOWER at term 0 for startAsFollower
2019-09-25 12:07:00,888 [pool-723-thread-1] INFO  impl.RoleInfo (RoleInfo.java:updateAndGet(143)) - f4c1a9a1-2d51-404c-8ce9-40a1851b7a0b: start FollowerState
2019-09-25 12:07:00,889 [pool-723-thread-1] INFO  util.JmxRegister (JmxRegister.java:tryRegister(44)) - Successfully registered JMX Bean with object name Ratis:service=RaftServer,group=group-F28E30A8329A,id=f4c1a9a1-2d51-404c-8ce9-40a1851b7a0b
2019-09-25 12:07:00,891 [RatisPipelineUtilsThread] INFO  pipeline.PipelineStateManager (PipelineStateManager.java:addPipeline(56)) - Created pipeline Pipeline[ Id: 8a0816ff-b773-4e34-bf7d-f28e30a8329a, Nodes: f4c1a9a1-2d51-404c-8ce9-40a1851b7a0b{ip: 192.168.151.73, host: pr-hdds-1569-shd4m-3693607622, networkLocation: /default-rack, certSerialId: null}, Type:RATIS, Factor:ONE, State:OPEN]
2019-09-25 12:07:00,891 [RatisPipelineUtilsThread] INFO  pipeline.PipelinePlacementPolicy (PipelinePlacementPolicy.java:meetCriteria(91)) - Pipeline Placement: can't place more pipeline on heavy datanode： 994e134d-9492-4c05-a584-6f6f537d8ad3 Heaviness: 6 limit: 5
2019-09-25 12:07:00,891 [RatisPipelineUtilsThread] INFO  pipeline.PipelinePlacementPolicy (PipelinePlacementPolicy.java:meetCriteria(91)) - Pipeline Placement: can't place more pipeline on heavy datanode： f003a614-b318-424e-95ab-7ad6d1c0d2e6 Heaviness: 6 limit: 5
2019-09-25 12:07:00,892 [RatisPipelineUtilsThread] INFO  pipeline.PipelinePlacementPolicy (PipelinePlacementPolicy.java:meetCriteria(91)) - Pipeline Placement: can't place more pipeline on heavy datanode： 0b7c031f-92f6-4780-87e9-d12f3b75deed Heaviness: 6 limit: 5
2019-09-25 12:07:00,892 [RatisPipelineUtilsThread] INFO  pipeline.PipelinePlacementPolicy (PipelinePlacementPolicy.java:meetCriteria(91)) - Pipeline Placement: can't place more pipeline on heavy datanode： a3a55b85-6532-4add-86b9-f60c9f262632 Heaviness: 6 limit: 5
2019-09-25 12:07:00,895 [grpc-default-executor-1] INFO  impl.RaftServerProxy (RaftServerProxy.java:addNew(89)) - a18b28f5-0b39-4e24-a9bc-e0bed51b7d30: addNew group-78E271949705:[a18b28f5-0b39-4e24-a9bc-e0bed51b7d30:192.168.151.73:44690] returns group-78E271949705:java.util.concurrent.CompletableFuture@4c131311[Not completed]
2019-09-25 12:07:00,896 [pool-713-thread-1] INFO  impl.RaftServerImpl (RaftServerImpl.java:<init>(95)) - a18b28f5-0b39-4e24-a9bc-e0bed51b7d30: new RaftServerImpl for group-78E271949705:[a18b28f5-0b39-4e24-a9bc-e0bed51b7d30:192.168.151.73:44690] with ContainerStateMachine:uninitialized
2019-09-25 12:07:00,896 [pool-713-thread-1] INFO  server.RaftServerConfigKeys (ConfUtils.java:logGet(43)) - raft.server.rpc.timeout.min = 5s (custom)
2019-09-25 12:07:00,896 [pool-713-thread-1] INFO  server.RaftServerConfigKeys (ConfUtils.java:logGet(43)) - raft.server.rpc.timeout.max = 5200ms (custom)
2019-09-25 12:07:00,896 [pool-713-thread-1] INFO  server.RaftServerConfigKeys (ConfUtils.java:logGet(43)) - raft.server.rpcslowness.timeout = 120s (custom)
2019-09-25 12:07:00,896 [pool-713-thread-1] INFO  server.RaftServerConfigKeys (ConfUtils.java:logGet(43)) - raft.server.sleep.deviation.threshold = 300 (default)
2019-09-25 12:07:00,896 [pool-713-thread-1] INFO  server.RaftServerConfigKeys (ConfUtils.java:logGet(43)) - raft.server.log.appender.install.snapshot.enabled = false (custom)
2019-09-25 12:07:00,897 [pool-713-thread-1] INFO  impl.RaftServerImpl (ServerState.java:<init>(103)) - a18b28f5-0b39-4e24-a9bc-e0bed51b7d30@group-78E271949705: ConfigurationManager, init=-1: [a18b28f5-0b39-4e24-a9bc-e0bed51b7d30:192.168.151.73:44690], old=null, confs=<EMPTY_MAP>
2019-09-25 12:07:00,897 [pool-713-thread-1] INFO  server.RaftServerConfigKeys (ConfUtils.java:logGet(43)) - raft.server.storage.dir = [/workdir/hadoop-ozone/integration-test/target/test-dir/MiniOzoneClusterImpl-ed40a7f8-0b2f-4da3-bf53-40ad2b647f29/datanode-4/data/ratis] (custom)
2019-09-25 12:07:00,897 [pool-713-thread-1] INFO  storage.RaftStorageDirectory (RaftStorageDirectory.java:analyzeStorage(246)) - The storage directory /workdir/hadoop-ozone/integration-test/target/test-dir/MiniOzoneClusterImpl-ed40a7f8-0b2f-4da3-bf53-40ad2b647f29/datanode-4/data/ratis/43b720a3-09ad-4818-91e5-78e271949705 does not exist. Creating ...
2019-09-25 12:07:00,910 [pool-713-thread-1] INFO  storage.RaftStorageDirectory (RaftStorageDirectory.java:tryLock(328)) - Lock on /workdir/hadoop-ozone/integration-test/target/test-dir/MiniOzoneClusterImpl-ed40a7f8-0b2f-4da3-bf53-40ad2b647f29/datanode-4/data/ratis/43b720a3-09ad-4818-91e5-78e271949705/in_use.lock acquired by nodename 24979@pr-hdds-1569-shd4m-3693607622
2019-09-25 12:07:00,923 [pool-713-thread-1] INFO  storage.RaftStorage (RaftStorage.java:format(72)) - Storage directory /workdir/hadoop-ozone/integration-test/target/test-dir/MiniOzoneClusterImpl-ed40a7f8-0b2f-4da3-bf53-40ad2b647f29/datanode-4/data/ratis/43b720a3-09ad-4818-91e5-78e271949705 has been successfully formatted.
2019-09-25 12:07:00,923 [pool-713-thread-1] INFO  ratis.ContainerStateMachine (ContainerStateMachine.java:loadSnapshot(230)) - group-78E271949705: The snapshot info is null. Setting the last applied indexto:(t:0, i:~)
2019-09-25 12:07:00,923 [pool-713-thread-1] INFO  server.RaftServerConfigKeys (ConfUtils.java:logGet(43)) - raft.server.notification.no-leader.timeout = 120s (custom)
2019-09-25 12:07:00,923 [pool-713-thread-1] INFO  server.RaftServerConfigKeys (ConfUtils.java:logGet(43)) - raft.server.log.use.memory = false (default)
2019-09-25 12:07:00,923 [pool-713-thread-1] INFO  server.RaftServerConfigKeys (ConfUtils.java:logGet(43)) - raft.server.log.purge.gap = 1000000 (custom)
2019-09-25 12:07:00,923 [pool-713-thread-1] INFO  server.RaftServerConfigKeys (ConfUtils.java:logGet(43)) - raft.server.log.appender.buffer.byte-limit = 33554432 (custom)
2019-09-25 12:07:00,924 [pool-713-thread-1] INFO  server.RaftServerConfigKeys (ConfUtils.java:logGet(43)) - raft.server.log.segment.size.max = 1048576 (custom)
2019-09-25 12:07:00,924 [pool-713-thread-1] INFO  server.RaftServerConfigKeys (ConfUtils.java:logGet(43)) - raft.server.log.segment.cache.num.max = 2 (custom)
2019-09-25 12:07:00,924 [pool-713-thread-1] INFO  segmented.SegmentedRaftLogWorker (SegmentedRaftLogWorker.java:<init>(172)) - new a18b28f5-0b39-4e24-a9bc-e0bed51b7d30@group-78E271949705-SegmentedRaftLogWorker for RaftStorage:Storage Directory /workdir/hadoop-ozone/integration-test/target/test-dir/MiniOzoneClusterImpl-ed40a7f8-0b2f-4da3-bf53-40ad2b647f29/datanode-4/data/ratis/43b720a3-09ad-4818-91e5-78e271949705
2019-09-25 12:07:00,924 [pool-713-thread-1] INFO  server.RaftServerConfigKeys (ConfUtils.java:logGet(43)) - raft.server.log.queue.byte-limit = 2147483647 (custom)
2019-09-25 12:07:00,924 [pool-713-thread-1] INFO  server.RaftServerConfigKeys (ConfUtils.java:logGet(43)) - raft.server.log.queue.element-limit = 1024 (custom)
2019-09-25 12:07:00,924 [pool-713-thread-1] INFO  server.RaftServerConfigKeys (ConfUtils.java:logGet(43)) - raft.server.log.segment.size.max = 1048576 (custom)
2019-09-25 12:07:00,925 [pool-713-thread-1] INFO  server.RaftServerConfigKeys (ConfUtils.java:logGet(43)) - raft.server.log.preallocated.size = 16384 (custom)
2019-09-25 12:07:00,925 [pool-713-thread-1] INFO  server.RaftServerConfigKeys (ConfUtils.java:logGet(43)) - raft.server.log.write.buffer.size = 33554432 (custom)
2019-09-25 12:07:00,925 [pool-713-thread-1] INFO  server.RaftServerConfigKeys (ConfUtils.java:logGet(43)) - raft.server.log.force.sync.num = 128 (default)
2019-09-25 12:07:00,925 [pool-713-thread-1] INFO  server.RaftServerConfigKeys (ConfUtils.java:logGet(43)) - raft.server.log.statemachine.data.sync = true (default)
2019-09-25 12:07:00,925 [pool-713-thread-1] INFO  server.RaftServerConfigKeys (ConfUtils.java:logGet(43)) - raft.server.log.statemachine.data.sync.timeout = 10s (default)
2019-09-25 12:07:00,925 [pool-713-thread-1] INFO  server.RaftServerConfigKeys (ConfUtils.java:logGet(43)) - raft.server.log.statemachine.data.sync.timeout.retry = -1 (default)
2019-09-25 12:07:00,925 [pool-713-thread-1] INFO  server.RaftServerConfigKeys (ConfUtils.java:logGet(43)) - raft.server.log.statemachine.data.caching.enabled = true (custom)
2019-09-25 12:07:00,926 [pool-713-thread-1] INFO  segmented.SegmentedRaftLogWorker (SegmentedRaftLogWorker.java:lambda$new$0(132)) - a18b28f5-0b39-4e24-a9bc-e0bed51b7d30@group-78E271949705-SegmentedRaftLogWorker: flushIndex: setUnconditionally 0 -> -1
2019-09-25 12:07:00,926 [pool-713-thread-1] INFO  server.RaftServerConfigKeys (ConfUtils.java:logGet(43)) - raft.server.snapshot.auto.trigger.enabled = true (custom)
2019-09-25 12:07:00,926 [pool-713-thread-1] INFO  server.RaftServerConfigKeys (ConfUtils.java:logGet(43)) - raft.server.snapshot.auto.trigger.threshold = 10000 (custom)
2019-09-25 12:07:00,926 [pool-713-thread-1] INFO  server.RaftServerConfigKeys (ConfUtils.java:logGet(43)) - raft.server.snapshot.retention.num.files = 5 (custom)
2019-09-25 12:07:00,926 [pool-713-thread-1] INFO  server.RaftServerConfigKeys (ConfUtils.java:logGet(43)) - raft.server.retrycache.expirytime = 600000ms (custom)
2019-09-25 12:07:00,928 [pool-713-thread-1] INFO  impl.RaftServerImpl (RaftServerImpl.java:start(185)) - a18b28f5-0b39-4e24-a9bc-e0bed51b7d30@group-78E271949705: start as a follower, conf=-1: [a18b28f5-0b39-4e24-a9bc-e0bed51b7d30:192.168.151.73:44690], old=null
2019-09-25 12:07:00,928 [pool-713-thread-1] INFO  impl.RaftServerImpl (RaftServerImpl.java:setRole(174)) - a18b28f5-0b39-4e24-a9bc-e0bed51b7d30@group-78E271949705: changes role from      null to FOLLOWER at term 0 for startAsFollower
2019-09-25 12:07:00,928 [pool-713-thread-1] INFO  impl.RoleInfo (RoleInfo.java:updateAndGet(143)) - a18b28f5-0b39-4e24-a9bc-e0bed51b7d30: start FollowerState
2019-09-25 12:07:00,929 [pool-713-thread-1] INFO  util.JmxRegister (JmxRegister.java:tryRegister(44)) - Successfully registered JMX Bean with object name Ratis:service=RaftServer,group=group-78E271949705,id=a18b28f5-0b39-4e24-a9bc-e0bed51b7d30
2019-09-25 12:07:00,931 [RatisPipelineUtilsThread] INFO  pipeline.PipelineStateManager (PipelineStateManager.java:addPipeline(56)) - Created pipeline Pipeline[ Id: 43b720a3-09ad-4818-91e5-78e271949705, Nodes: a18b28f5-0b39-4e24-a9bc-e0bed51b7d30{ip: 192.168.151.73, host: pr-hdds-1569-shd4m-3693607622, networkLocation: /default-rack, certSerialId: null}, Type:RATIS, Factor:ONE, State:OPEN]
2019-09-25 12:07:00,931 [RatisPipelineUtilsThread] INFO  pipeline.PipelinePlacementPolicy (PipelinePlacementPolicy.java:meetCriteria(91)) - Pipeline Placement: can't place more pipeline on heavy datanode： 994e134d-9492-4c05-a584-6f6f537d8ad3 Heaviness: 6 limit: 5
2019-09-25 12:07:00,931 [RatisPipelineUtilsThread] INFO  pipeline.PipelinePlacementPolicy (PipelinePlacementPolicy.java:meetCriteria(91)) - Pipeline Placement: can't place more pipeline on heavy datanode： f003a614-b318-424e-95ab-7ad6d1c0d2e6 Heaviness: 6 limit: 5
2019-09-25 12:07:00,931 [RatisPipelineUtilsThread] INFO  pipeline.PipelinePlacementPolicy (PipelinePlacementPolicy.java:meetCriteria(91)) - Pipeline Placement: can't place more pipeline on heavy datanode： a18b28f5-0b39-4e24-a9bc-e0bed51b7d30 Heaviness: 6 limit: 5
2019-09-25 12:07:00,932 [RatisPipelineUtilsThread] INFO  pipeline.PipelinePlacementPolicy (PipelinePlacementPolicy.java:meetCriteria(91)) - Pipeline Placement: can't place more pipeline on heavy datanode： 0b7c031f-92f6-4780-87e9-d12f3b75deed Heaviness: 6 limit: 5
2019-09-25 12:07:00,932 [RatisPipelineUtilsThread] INFO  pipeline.PipelinePlacementPolicy (PipelinePlacementPolicy.java:meetCriteria(91)) - Pipeline Placement: can't place more pipeline on heavy datanode： a3a55b85-6532-4add-86b9-f60c9f262632 Heaviness: 6 limit: 5
2019-09-25 12:07:00,935 [grpc-default-executor-1] INFO  impl.RaftServerProxy (RaftServerProxy.java:addNew(89)) - f4c1a9a1-2d51-404c-8ce9-40a1851b7a0b: addNew group-7FD2EC3D9D5A:[f4c1a9a1-2d51-404c-8ce9-40a1851b7a0b:192.168.151.73:39166] returns group-7FD2EC3D9D5A:java.util.concurrent.CompletableFuture@6a3fbd9b[Not completed]
2019-09-25 12:07:00,936 [pool-723-thread-1] INFO  impl.RaftServerImpl (RaftServerImpl.java:<init>(95)) - f4c1a9a1-2d51-404c-8ce9-40a1851b7a0b: new RaftServerImpl for group-7FD2EC3D9D5A:[f4c1a9a1-2d51-404c-8ce9-40a1851b7a0b:192.168.151.73:39166] with ContainerStateMachine:uninitialized
2019-09-25 12:07:00,936 [pool-723-thread-1] INFO  server.RaftServerConfigKeys (ConfUtils.java:logGet(43)) - raft.server.rpc.timeout.min = 5s (custom)
2019-09-25 12:07:00,936 [pool-723-thread-1] INFO  server.RaftServerConfigKeys (ConfUtils.java:logGet(43)) - raft.server.rpc.timeout.max = 5200ms (custom)
2019-09-25 12:07:00,936 [pool-723-thread-1] INFO  server.RaftServerConfigKeys (ConfUtils.java:logGet(43)) - raft.server.rpcslowness.timeout = 120s (custom)
2019-09-25 12:07:00,936 [pool-723-thread-1] INFO  server.RaftServerConfigKeys (ConfUtils.java:logGet(43)) - raft.server.sleep.deviation.threshold = 300 (default)
2019-09-25 12:07:00,936 [pool-723-thread-1] INFO  server.RaftServerConfigKeys (ConfUtils.java:logGet(43)) - raft.server.log.appender.install.snapshot.enabled = false (custom)
2019-09-25 12:07:00,936 [pool-723-thread-1] INFO  impl.RaftServerImpl (ServerState.java:<init>(103)) - f4c1a9a1-2d51-404c-8ce9-40a1851b7a0b@group-7FD2EC3D9D5A: ConfigurationManager, init=-1: [f4c1a9a1-2d51-404c-8ce9-40a1851b7a0b:192.168.151.73:39166], old=null, confs=<EMPTY_MAP>
2019-09-25 12:07:00,936 [pool-723-thread-1] INFO  server.RaftServerConfigKeys (ConfUtils.java:logGet(43)) - raft.server.storage.dir = [/workdir/hadoop-ozone/integration-test/target/test-dir/MiniOzoneClusterImpl-ed40a7f8-0b2f-4da3-bf53-40ad2b647f29/datanode-5/data/ratis] (custom)
2019-09-25 12:07:00,937 [pool-723-thread-1] INFO  storage.RaftStorageDirectory (RaftStorageDirectory.java:analyzeStorage(246)) - The storage directory /workdir/hadoop-ozone/integration-test/target/test-dir/MiniOzoneClusterImpl-ed40a7f8-0b2f-4da3-bf53-40ad2b647f29/datanode-5/data/ratis/403afe7f-88c2-4f57-988e-7fd2ec3d9d5a does not exist. Creating ...
2019-09-25 12:07:00,949 [pool-723-thread-1] INFO  storage.RaftStorageDirectory (RaftStorageDirectory.java:tryLock(328)) - Lock on /workdir/hadoop-ozone/integration-test/target/test-dir/MiniOzoneClusterImpl-ed40a7f8-0b2f-4da3-bf53-40ad2b647f29/datanode-5/data/ratis/403afe7f-88c2-4f57-988e-7fd2ec3d9d5a/in_use.lock acquired by nodename 24979@pr-hdds-1569-shd4m-3693607622
2019-09-25 12:07:00,962 [pool-723-thread-1] INFO  storage.RaftStorage (RaftStorage.java:format(72)) - Storage directory /workdir/hadoop-ozone/integration-test/target/test-dir/MiniOzoneClusterImpl-ed40a7f8-0b2f-4da3-bf53-40ad2b647f29/datanode-5/data/ratis/403afe7f-88c2-4f57-988e-7fd2ec3d9d5a has been successfully formatted.
2019-09-25 12:07:00,962 [pool-723-thread-1] INFO  ratis.ContainerStateMachine (ContainerStateMachine.java:loadSnapshot(230)) - group-7FD2EC3D9D5A: The snapshot info is null. Setting the last applied indexto:(t:0, i:~)
2019-09-25 12:07:00,963 [pool-723-thread-1] INFO  server.RaftServerConfigKeys (ConfUtils.java:logGet(43)) - raft.server.notification.no-leader.timeout = 120s (custom)
2019-09-25 12:07:00,963 [pool-723-thread-1] INFO  server.RaftServerConfigKeys (ConfUtils.java:logGet(43)) - raft.server.log.use.memory = false (default)
2019-09-25 12:07:00,963 [pool-723-thread-1] INFO  server.RaftServerConfigKeys (ConfUtils.java:logGet(43)) - raft.server.log.purge.gap = 1000000 (custom)
2019-09-25 12:07:00,963 [pool-723-thread-1] INFO  server.RaftServerConfigKeys (ConfUtils.java:logGet(43)) - raft.server.log.appender.buffer.byte-limit = 33554432 (custom)
2019-09-25 12:07:00,963 [pool-723-thread-1] INFO  server.RaftServerConfigKeys (ConfUtils.java:logGet(43)) - raft.server.log.segment.size.max = 1048576 (custom)
2019-09-25 12:07:00,963 [pool-723-thread-1] INFO  server.RaftServerConfigKeys (ConfUtils.java:logGet(43)) - raft.server.log.segment.cache.num.max = 2 (custom)
2019-09-25 12:07:00,964 [pool-723-thread-1] INFO  segmented.SegmentedRaftLogWorker (SegmentedRaftLogWorker.java:<init>(172)) - new f4c1a9a1-2d51-404c-8ce9-40a1851b7a0b@group-7FD2EC3D9D5A-SegmentedRaftLogWorker for RaftStorage:Storage Directory /workdir/hadoop-ozone/integration-test/target/test-dir/MiniOzoneClusterImpl-ed40a7f8-0b2f-4da3-bf53-40ad2b647f29/datanode-5/data/ratis/403afe7f-88c2-4f57-988e-7fd2ec3d9d5a
2019-09-25 12:07:00,964 [pool-723-thread-1] INFO  server.RaftServerConfigKeys (ConfUtils.java:logGet(43)) - raft.server.log.queue.byte-limit = 2147483647 (custom)
2019-09-25 12:07:00,964 [pool-723-thread-1] INFO  server.RaftServerConfigKeys (ConfUtils.java:logGet(43)) - raft.server.log.queue.element-limit = 1024 (custom)
2019-09-25 12:07:00,964 [pool-723-thread-1] INFO  server.RaftServerConfigKeys (ConfUtils.java:logGet(43)) - raft.server.log.segment.size.max = 1048576 (custom)
2019-09-25 12:07:00,964 [pool-723-thread-1] INFO  server.RaftServerConfigKeys (ConfUtils.java:logGet(43)) - raft.server.log.preallocated.size = 16384 (custom)
2019-09-25 12:07:00,964 [pool-723-thread-1] INFO  server.RaftServerConfigKeys (ConfUtils.java:logGet(43)) - raft.server.log.write.buffer.size = 33554432 (custom)
2019-09-25 12:07:00,964 [pool-723-thread-1] INFO  server.RaftServerConfigKeys (ConfUtils.java:logGet(43)) - raft.server.log.force.sync.num = 128 (default)
2019-09-25 12:07:00,965 [pool-723-thread-1] INFO  server.RaftServerConfigKeys (ConfUtils.java:logGet(43)) - raft.server.log.statemachine.data.sync = true (default)
2019-09-25 12:07:00,965 [pool-723-thread-1] INFO  server.RaftServerConfigKeys (ConfUtils.java:logGet(43)) - raft.server.log.statemachine.data.sync.timeout = 10s (default)
2019-09-25 12:07:00,965 [pool-723-thread-1] INFO  server.RaftServerConfigKeys (ConfUtils.java:logGet(43)) - raft.server.log.statemachine.data.sync.timeout.retry = -1 (default)
2019-09-25 12:07:00,965 [pool-723-thread-1] INFO  server.RaftServerConfigKeys (ConfUtils.java:logGet(43)) - raft.server.log.statemachine.data.caching.enabled = true (custom)
2019-09-25 12:07:00,965 [pool-723-thread-1] INFO  segmented.SegmentedRaftLogWorker (SegmentedRaftLogWorker.java:lambda$new$0(132)) - f4c1a9a1-2d51-404c-8ce9-40a1851b7a0b@group-7FD2EC3D9D5A-SegmentedRaftLogWorker: flushIndex: setUnconditionally 0 -> -1
2019-09-25 12:07:00,966 [pool-723-thread-1] INFO  server.RaftServerConfigKeys (ConfUtils.java:logGet(43)) - raft.server.snapshot.auto.trigger.enabled = true (custom)
2019-09-25 12:07:00,966 [pool-723-thread-1] INFO  server.RaftServerConfigKeys (ConfUtils.java:logGet(43)) - raft.server.snapshot.auto.trigger.threshold = 10000 (custom)
2019-09-25 12:07:00,966 [pool-723-thread-1] INFO  server.RaftServerConfigKeys (ConfUtils.java:logGet(43)) - raft.server.snapshot.retention.num.files = 5 (custom)
2019-09-25 12:07:00,966 [pool-723-thread-1] INFO  server.RaftServerConfigKeys (ConfUtils.java:logGet(43)) - raft.server.retrycache.expirytime = 600000ms (custom)
2019-09-25 12:07:00,968 [pool-723-thread-1] INFO  impl.RaftServerImpl (RaftServerImpl.java:start(185)) - f4c1a9a1-2d51-404c-8ce9-40a1851b7a0b@group-7FD2EC3D9D5A: start as a follower, conf=-1: [f4c1a9a1-2d51-404c-8ce9-40a1851b7a0b:192.168.151.73:39166], old=null
2019-09-25 12:07:00,968 [pool-723-thread-1] INFO  impl.RaftServerImpl (RaftServerImpl.java:setRole(174)) - f4c1a9a1-2d51-404c-8ce9-40a1851b7a0b@group-7FD2EC3D9D5A: changes role from      null to FOLLOWER at term 0 for startAsFollower
2019-09-25 12:07:00,968 [pool-723-thread-1] INFO  impl.RoleInfo (RoleInfo.java:updateAndGet(143)) - f4c1a9a1-2d51-404c-8ce9-40a1851b7a0b: start FollowerState
2019-09-25 12:07:00,968 [pool-723-thread-1] INFO  util.JmxRegister (JmxRegister.java:tryRegister(44)) - Successfully registered JMX Bean with object name Ratis:service=RaftServer,group=group-7FD2EC3D9D5A,id=f4c1a9a1-2d51-404c-8ce9-40a1851b7a0b
2019-09-25 12:07:00,970 [RatisPipelineUtilsThread] INFO  pipeline.PipelineStateManager (PipelineStateManager.java:addPipeline(56)) - Created pipeline Pipeline[ Id: 403afe7f-88c2-4f57-988e-7fd2ec3d9d5a, Nodes: f4c1a9a1-2d51-404c-8ce9-40a1851b7a0b{ip: 192.168.151.73, host: pr-hdds-1569-shd4m-3693607622, networkLocation: /default-rack, certSerialId: null}, Type:RATIS, Factor:ONE, State:OPEN]
2019-09-25 12:07:00,971 [RatisPipelineUtilsThread] INFO  pipeline.PipelinePlacementPolicy (PipelinePlacementPolicy.java:meetCriteria(91)) - Pipeline Placement: can't place more pipeline on heavy datanode： 994e134d-9492-4c05-a584-6f6f537d8ad3 Heaviness: 6 limit: 5
2019-09-25 12:07:00,971 [RatisPipelineUtilsThread] INFO  pipeline.PipelinePlacementPolicy (PipelinePlacementPolicy.java:meetCriteria(91)) - Pipeline Placement: can't place more pipeline on heavy datanode： f003a614-b318-424e-95ab-7ad6d1c0d2e6 Heaviness: 6 limit: 5
2019-09-25 12:07:00,971 [RatisPipelineUtilsThread] INFO  pipeline.PipelinePlacementPolicy (PipelinePlacementPolicy.java:meetCriteria(91)) - Pipeline Placement: can't place more pipeline on heavy datanode： a18b28f5-0b39-4e24-a9bc-e0bed51b7d30 Heaviness: 6 limit: 5
2019-09-25 12:07:00,971 [RatisPipelineUtilsThread] INFO  pipeline.PipelinePlacementPolicy (PipelinePlacementPolicy.java:meetCriteria(91)) - Pipeline Placement: can't place more pipeline on heavy datanode： 0b7c031f-92f6-4780-87e9-d12f3b75deed Heaviness: 6 limit: 5
2019-09-25 12:07:00,972 [RatisPipelineUtilsThread] INFO  pipeline.PipelinePlacementPolicy (PipelinePlacementPolicy.java:meetCriteria(91)) - Pipeline Placement: can't place more pipeline on heavy datanode： a3a55b85-6532-4add-86b9-f60c9f262632 Heaviness: 6 limit: 5
2019-09-25 12:07:00,975 [grpc-default-executor-1] INFO  impl.RaftServerProxy (RaftServerProxy.java:addNew(89)) - ab153cfe-456a-45f5-b16c-7616a9ae7eb2: addNew group-4EF7AE88ED70:[ab153cfe-456a-45f5-b16c-7616a9ae7eb2:192.168.151.73:37661] returns group-4EF7AE88ED70:java.util.concurrent.CompletableFuture@2d85e100[Not completed]
2019-09-25 12:07:00,976 [pool-733-thread-1] INFO  impl.RaftServerImpl (RaftServerImpl.java:<init>(95)) - ab153cfe-456a-45f5-b16c-7616a9ae7eb2: new RaftServerImpl for group-4EF7AE88ED70:[ab153cfe-456a-45f5-b16c-7616a9ae7eb2:192.168.151.73:37661] with ContainerStateMachine:uninitialized
2019-09-25 12:07:00,976 [pool-733-thread-1] INFO  server.RaftServerConfigKeys (ConfUtils.java:logGet(43)) - raft.server.rpc.timeout.min = 5s (custom)
2019-09-25 12:07:00,976 [pool-733-thread-1] INFO  server.RaftServerConfigKeys (ConfUtils.java:logGet(43)) - raft.server.rpc.timeout.max = 5200ms (custom)
2019-09-25 12:07:00,976 [pool-733-thread-1] INFO  server.RaftServerConfigKeys (ConfUtils.java:logGet(43)) - raft.server.rpcslowness.timeout = 120s (custom)
2019-09-25 12:07:00,976 [pool-733-thread-1] INFO  server.RaftServerConfigKeys (ConfUtils.java:logGet(43)) - raft.server.sleep.deviation.threshold = 300 (default)
2019-09-25 12:07:00,976 [pool-733-thread-1] INFO  server.RaftServerConfigKeys (ConfUtils.java:logGet(43)) - raft.server.log.appender.install.snapshot.enabled = false (custom)
2019-09-25 12:07:00,976 [pool-733-thread-1] INFO  impl.RaftServerImpl (ServerState.java:<init>(103)) - ab153cfe-456a-45f5-b16c-7616a9ae7eb2@group-4EF7AE88ED70: ConfigurationManager, init=-1: [ab153cfe-456a-45f5-b16c-7616a9ae7eb2:192.168.151.73:37661], old=null, confs=<EMPTY_MAP>
2019-09-25 12:07:00,977 [pool-733-thread-1] INFO  server.RaftServerConfigKeys (ConfUtils.java:logGet(43)) - raft.server.storage.dir = [/workdir/hadoop-ozone/integration-test/target/test-dir/MiniOzoneClusterImpl-ed40a7f8-0b2f-4da3-bf53-40ad2b647f29/datanode-6/data/ratis] (custom)
2019-09-25 12:07:00,977 [pool-733-thread-1] INFO  storage.RaftStorageDirectory (RaftStorageDirectory.java:analyzeStorage(246)) - The storage directory /workdir/hadoop-ozone/integration-test/target/test-dir/MiniOzoneClusterImpl-ed40a7f8-0b2f-4da3-bf53-40ad2b647f29/datanode-6/data/ratis/298dbbce-73c6-4bbd-b3f9-4ef7ae88ed70 does not exist. Creating ...
2019-09-25 12:07:00,991 [pool-733-thread-1] INFO  storage.RaftStorageDirectory (RaftStorageDirectory.java:tryLock(328)) - Lock on /workdir/hadoop-ozone/integration-test/target/test-dir/MiniOzoneClusterImpl-ed40a7f8-0b2f-4da3-bf53-40ad2b647f29/datanode-6/data/ratis/298dbbce-73c6-4bbd-b3f9-4ef7ae88ed70/in_use.lock acquired by nodename 24979@pr-hdds-1569-shd4m-3693607622
2019-09-25 12:07:01,007 [pool-733-thread-1] INFO  storage.RaftStorage (RaftStorage.java:format(72)) - Storage directory /workdir/hadoop-ozone/integration-test/target/test-dir/MiniOzoneClusterImpl-ed40a7f8-0b2f-4da3-bf53-40ad2b647f29/datanode-6/data/ratis/298dbbce-73c6-4bbd-b3f9-4ef7ae88ed70 has been successfully formatted.
2019-09-25 12:07:01,007 [pool-733-thread-1] INFO  ratis.ContainerStateMachine (ContainerStateMachine.java:loadSnapshot(230)) - group-4EF7AE88ED70: The snapshot info is null. Setting the last applied indexto:(t:0, i:~)
2019-09-25 12:07:01,008 [pool-733-thread-1] INFO  server.RaftServerConfigKeys (ConfUtils.java:logGet(43)) - raft.server.notification.no-leader.timeout = 120s (custom)
2019-09-25 12:07:01,008 [pool-733-thread-1] INFO  server.RaftServerConfigKeys (ConfUtils.java:logGet(43)) - raft.server.log.use.memory = false (default)
2019-09-25 12:07:01,008 [pool-733-thread-1] INFO  server.RaftServerConfigKeys (ConfUtils.java:logGet(43)) - raft.server.log.purge.gap = 1000000 (custom)
2019-09-25 12:07:01,008 [pool-733-thread-1] INFO  server.RaftServerConfigKeys (ConfUtils.java:logGet(43)) - raft.server.log.appender.buffer.byte-limit = 33554432 (custom)
2019-09-25 12:07:01,008 [pool-733-thread-1] INFO  server.RaftServerConfigKeys (ConfUtils.java:logGet(43)) - raft.server.log.segment.size.max = 1048576 (custom)
2019-09-25 12:07:01,008 [pool-733-thread-1] INFO  server.RaftServerConfigKeys (ConfUtils.java:logGet(43)) - raft.server.log.segment.cache.num.max = 2 (custom)
2019-09-25 12:07:01,009 [pool-733-thread-1] INFO  segmented.SegmentedRaftLogWorker (SegmentedRaftLogWorker.java:<init>(172)) - new ab153cfe-456a-45f5-b16c-7616a9ae7eb2@group-4EF7AE88ED70-SegmentedRaftLogWorker for RaftStorage:Storage Directory /workdir/hadoop-ozone/integration-test/target/test-dir/MiniOzoneClusterImpl-ed40a7f8-0b2f-4da3-bf53-40ad2b647f29/datanode-6/data/ratis/298dbbce-73c6-4bbd-b3f9-4ef7ae88ed70
2019-09-25 12:07:01,009 [pool-733-thread-1] INFO  server.RaftServerConfigKeys (ConfUtils.java:logGet(43)) - raft.server.log.queue.byte-limit = 2147483647 (custom)
2019-09-25 12:07:01,009 [pool-733-thread-1] INFO  server.RaftServerConfigKeys (ConfUtils.java:logGet(43)) - raft.server.log.queue.element-limit = 1024 (custom)
2019-09-25 12:07:01,009 [pool-733-thread-1] INFO  server.RaftServerConfigKeys (ConfUtils.java:logGet(43)) - raft.server.log.segment.size.max = 1048576 (custom)
2019-09-25 12:07:01,009 [pool-733-thread-1] INFO  server.RaftServerConfigKeys (ConfUtils.java:logGet(43)) - raft.server.log.preallocated.size = 16384 (custom)
2019-09-25 12:07:01,009 [pool-733-thread-1] INFO  server.RaftServerConfigKeys (ConfUtils.java:logGet(43)) - raft.server.log.write.buffer.size = 33554432 (custom)
2019-09-25 12:07:01,010 [pool-733-thread-1] INFO  server.RaftServerConfigKeys (ConfUtils.java:logGet(43)) - raft.server.log.force.sync.num = 128 (default)
2019-09-25 12:07:01,010 [pool-733-thread-1] INFO  server.RaftServerConfigKeys (ConfUtils.java:logGet(43)) - raft.server.log.statemachine.data.sync = true (default)
2019-09-25 12:07:01,010 [pool-733-thread-1] INFO  server.RaftServerConfigKeys (ConfUtils.java:logGet(43)) - raft.server.log.statemachine.data.sync.timeout = 10s (default)
2019-09-25 12:07:01,010 [pool-733-thread-1] INFO  server.RaftServerConfigKeys (ConfUtils.java:logGet(43)) - raft.server.log.statemachine.data.sync.timeout.retry = -1 (default)
2019-09-25 12:07:01,010 [pool-733-thread-1] INFO  server.RaftServerConfigKeys (ConfUtils.java:logGet(43)) - raft.server.log.statemachine.data.caching.enabled = true (custom)
2019-09-25 12:07:01,010 [pool-733-thread-1] INFO  segmented.SegmentedRaftLogWorker (SegmentedRaftLogWorker.java:lambda$new$0(132)) - ab153cfe-456a-45f5-b16c-7616a9ae7eb2@group-4EF7AE88ED70-SegmentedRaftLogWorker: flushIndex: setUnconditionally 0 -> -1
2019-09-25 12:07:01,011 [pool-733-thread-1] INFO  server.RaftServerConfigKeys (ConfUtils.java:logGet(43)) - raft.server.snapshot.auto.trigger.enabled = true (custom)
2019-09-25 12:07:01,011 [pool-733-thread-1] INFO  server.RaftServerConfigKeys (ConfUtils.java:logGet(43)) - raft.server.snapshot.auto.trigger.threshold = 10000 (custom)
2019-09-25 12:07:01,011 [pool-733-thread-1] INFO  server.RaftServerConfigKeys (ConfUtils.java:logGet(43)) - raft.server.snapshot.retention.num.files = 5 (custom)
2019-09-25 12:07:01,011 [pool-733-thread-1] INFO  server.RaftServerConfigKeys (ConfUtils.java:logGet(43)) - raft.server.retrycache.expirytime = 600000ms (custom)
2019-09-25 12:07:01,013 [pool-733-thread-1] INFO  impl.RaftServerImpl (RaftServerImpl.java:start(185)) - ab153cfe-456a-45f5-b16c-7616a9ae7eb2@group-4EF7AE88ED70: start as a follower, conf=-1: [ab153cfe-456a-45f5-b16c-7616a9ae7eb2:192.168.151.73:37661], old=null
2019-09-25 12:07:01,013 [pool-733-thread-1] INFO  impl.RaftServerImpl (RaftServerImpl.java:setRole(174)) - ab153cfe-456a-45f5-b16c-7616a9ae7eb2@group-4EF7AE88ED70: changes role from      null to FOLLOWER at term 0 for startAsFollower
2019-09-25 12:07:01,014 [pool-733-thread-1] INFO  impl.RoleInfo (RoleInfo.java:updateAndGet(143)) - ab153cfe-456a-45f5-b16c-7616a9ae7eb2: start FollowerState
2019-09-25 12:07:01,014 [pool-733-thread-1] INFO  util.JmxRegister (JmxRegister.java:tryRegister(44)) - Successfully registered JMX Bean with object name Ratis:service=RaftServer,group=group-4EF7AE88ED70,id=ab153cfe-456a-45f5-b16c-7616a9ae7eb2
2019-09-25 12:07:01,017 [RatisPipelineUtilsThread] INFO  pipeline.PipelineStateManager (PipelineStateManager.java:addPipeline(56)) - Created pipeline Pipeline[ Id: 298dbbce-73c6-4bbd-b3f9-4ef7ae88ed70, Nodes: ab153cfe-456a-45f5-b16c-7616a9ae7eb2{ip: 192.168.151.73, host: pr-hdds-1569-shd4m-3693607622, networkLocation: /default-rack, certSerialId: null}, Type:RATIS, Factor:ONE, State:OPEN]
2019-09-25 12:07:01,017 [RatisPipelineUtilsThread] INFO  pipeline.PipelinePlacementPolicy (PipelinePlacementPolicy.java:meetCriteria(91)) - Pipeline Placement: can't place more pipeline on heavy datanode： 994e134d-9492-4c05-a584-6f6f537d8ad3 Heaviness: 6 limit: 5
2019-09-25 12:07:01,018 [RatisPipelineUtilsThread] INFO  pipeline.PipelinePlacementPolicy (PipelinePlacementPolicy.java:meetCriteria(91)) - Pipeline Placement: can't place more pipeline on heavy datanode： f003a614-b318-424e-95ab-7ad6d1c0d2e6 Heaviness: 6 limit: 5
2019-09-25 12:07:01,018 [RatisPipelineUtilsThread] INFO  pipeline.PipelinePlacementPolicy (PipelinePlacementPolicy.java:meetCriteria(91)) - Pipeline Placement: can't place more pipeline on heavy datanode： a18b28f5-0b39-4e24-a9bc-e0bed51b7d30 Heaviness: 6 limit: 5
2019-09-25 12:07:01,018 [RatisPipelineUtilsThread] INFO  pipeline.PipelinePlacementPolicy (PipelinePlacementPolicy.java:meetCriteria(91)) - Pipeline Placement: can't place more pipeline on heavy datanode： 0b7c031f-92f6-4780-87e9-d12f3b75deed Heaviness: 6 limit: 5
2019-09-25 12:07:01,018 [RatisPipelineUtilsThread] INFO  pipeline.PipelinePlacementPolicy (PipelinePlacementPolicy.java:meetCriteria(91)) - Pipeline Placement: can't place more pipeline on heavy datanode： a3a55b85-6532-4add-86b9-f60c9f262632 Heaviness: 6 limit: 5
2019-09-25 12:07:01,022 [grpc-default-executor-1] INFO  impl.RaftServerProxy (RaftServerProxy.java:addNew(89)) - f4c1a9a1-2d51-404c-8ce9-40a1851b7a0b: addNew group-6782372D9723:[f4c1a9a1-2d51-404c-8ce9-40a1851b7a0b:192.168.151.73:39166] returns group-6782372D9723:java.util.concurrent.CompletableFuture@3e52bb[Not completed]
2019-09-25 12:07:01,023 [pool-723-thread-1] INFO  impl.RaftServerImpl (RaftServerImpl.java:<init>(95)) - f4c1a9a1-2d51-404c-8ce9-40a1851b7a0b: new RaftServerImpl for group-6782372D9723:[f4c1a9a1-2d51-404c-8ce9-40a1851b7a0b:192.168.151.73:39166] with ContainerStateMachine:uninitialized
2019-09-25 12:07:01,023 [pool-723-thread-1] INFO  server.RaftServerConfigKeys (ConfUtils.java:logGet(43)) - raft.server.rpc.timeout.min = 5s (custom)
2019-09-25 12:07:01,023 [pool-723-thread-1] INFO  server.RaftServerConfigKeys (ConfUtils.java:logGet(43)) - raft.server.rpc.timeout.max = 5200ms (custom)
2019-09-25 12:07:01,023 [pool-723-thread-1] INFO  server.RaftServerConfigKeys (ConfUtils.java:logGet(43)) - raft.server.rpcslowness.timeout = 120s (custom)
2019-09-25 12:07:01,023 [pool-723-thread-1] INFO  server.RaftServerConfigKeys (ConfUtils.java:logGet(43)) - raft.server.sleep.deviation.threshold = 300 (default)
2019-09-25 12:07:01,023 [pool-723-thread-1] INFO  server.RaftServerConfigKeys (ConfUtils.java:logGet(43)) - raft.server.log.appender.install.snapshot.enabled = false (custom)
2019-09-25 12:07:01,024 [pool-723-thread-1] INFO  impl.RaftServerImpl (ServerState.java:<init>(103)) - f4c1a9a1-2d51-404c-8ce9-40a1851b7a0b@group-6782372D9723: ConfigurationManager, init=-1: [f4c1a9a1-2d51-404c-8ce9-40a1851b7a0b:192.168.151.73:39166], old=null, confs=<EMPTY_MAP>
2019-09-25 12:07:01,024 [pool-723-thread-1] INFO  server.RaftServerConfigKeys (ConfUtils.java:logGet(43)) - raft.server.storage.dir = [/workdir/hadoop-ozone/integration-test/target/test-dir/MiniOzoneClusterImpl-ed40a7f8-0b2f-4da3-bf53-40ad2b647f29/datanode-5/data/ratis] (custom)
2019-09-25 12:07:01,024 [pool-723-thread-1] INFO  storage.RaftStorageDirectory (RaftStorageDirectory.java:analyzeStorage(246)) - The storage directory /workdir/hadoop-ozone/integration-test/target/test-dir/MiniOzoneClusterImpl-ed40a7f8-0b2f-4da3-bf53-40ad2b647f29/datanode-5/data/ratis/ead21fee-9514-4368-b0c6-6782372d9723 does not exist. Creating ...
2019-09-25 12:07:01,037 [pool-723-thread-1] INFO  storage.RaftStorageDirectory (RaftStorageDirectory.java:tryLock(328)) - Lock on /workdir/hadoop-ozone/integration-test/target/test-dir/MiniOzoneClusterImpl-ed40a7f8-0b2f-4da3-bf53-40ad2b647f29/datanode-5/data/ratis/ead21fee-9514-4368-b0c6-6782372d9723/in_use.lock acquired by nodename 24979@pr-hdds-1569-shd4m-3693607622
2019-09-25 12:07:01,051 [pool-723-thread-1] INFO  storage.RaftStorage (RaftStorage.java:format(72)) - Storage directory /workdir/hadoop-ozone/integration-test/target/test-dir/MiniOzoneClusterImpl-ed40a7f8-0b2f-4da3-bf53-40ad2b647f29/datanode-5/data/ratis/ead21fee-9514-4368-b0c6-6782372d9723 has been successfully formatted.
2019-09-25 12:07:01,052 [pool-723-thread-1] INFO  ratis.ContainerStateMachine (ContainerStateMachine.java:loadSnapshot(230)) - group-6782372D9723: The snapshot info is null. Setting the last applied indexto:(t:0, i:~)
2019-09-25 12:07:01,052 [pool-723-thread-1] INFO  server.RaftServerConfigKeys (ConfUtils.java:logGet(43)) - raft.server.notification.no-leader.timeout = 120s (custom)
2019-09-25 12:07:01,052 [pool-723-thread-1] INFO  server.RaftServerConfigKeys (ConfUtils.java:logGet(43)) - raft.server.log.use.memory = false (default)
2019-09-25 12:07:01,052 [pool-723-thread-1] INFO  server.RaftServerConfigKeys (ConfUtils.java:logGet(43)) - raft.server.log.purge.gap = 1000000 (custom)
2019-09-25 12:07:01,052 [pool-723-thread-1] INFO  server.RaftServerConfigKeys (ConfUtils.java:logGet(43)) - raft.server.log.appender.buffer.byte-limit = 33554432 (custom)
2019-09-25 12:07:01,053 [pool-723-thread-1] INFO  server.RaftServerConfigKeys (ConfUtils.java:logGet(43)) - raft.server.log.segment.size.max = 1048576 (custom)
2019-09-25 12:07:01,053 [pool-723-thread-1] INFO  server.RaftServerConfigKeys (ConfUtils.java:logGet(43)) - raft.server.log.segment.cache.num.max = 2 (custom)
2019-09-25 12:07:01,053 [pool-723-thread-1] INFO  segmented.SegmentedRaftLogWorker (SegmentedRaftLogWorker.java:<init>(172)) - new f4c1a9a1-2d51-404c-8ce9-40a1851b7a0b@group-6782372D9723-SegmentedRaftLogWorker for RaftStorage:Storage Directory /workdir/hadoop-ozone/integration-test/target/test-dir/MiniOzoneClusterImpl-ed40a7f8-0b2f-4da3-bf53-40ad2b647f29/datanode-5/data/ratis/ead21fee-9514-4368-b0c6-6782372d9723
2019-09-25 12:07:01,053 [pool-723-thread-1] INFO  server.RaftServerConfigKeys (ConfUtils.java:logGet(43)) - raft.server.log.queue.byte-limit = 2147483647 (custom)
2019-09-25 12:07:01,053 [pool-723-thread-1] INFO  server.RaftServerConfigKeys (ConfUtils.java:logGet(43)) - raft.server.log.queue.element-limit = 1024 (custom)
2019-09-25 12:07:01,053 [pool-723-thread-1] INFO  server.RaftServerConfigKeys (ConfUtils.java:logGet(43)) - raft.server.log.segment.size.max = 1048576 (custom)
2019-09-25 12:07:01,054 [pool-723-thread-1] INFO  server.RaftServerConfigKeys (ConfUtils.java:logGet(43)) - raft.server.log.preallocated.size = 16384 (custom)
2019-09-25 12:07:01,054 [pool-723-thread-1] INFO  server.RaftServerConfigKeys (ConfUtils.java:logGet(43)) - raft.server.log.write.buffer.size = 33554432 (custom)
2019-09-25 12:07:01,054 [pool-723-thread-1] INFO  server.RaftServerConfigKeys (ConfUtils.java:logGet(43)) - raft.server.log.force.sync.num = 128 (default)
2019-09-25 12:07:01,054 [pool-723-thread-1] INFO  server.RaftServerConfigKeys (ConfUtils.java:logGet(43)) - raft.server.log.statemachine.data.sync = true (default)
2019-09-25 12:07:01,054 [pool-723-thread-1] INFO  server.RaftServerConfigKeys (ConfUtils.java:logGet(43)) - raft.server.log.statemachine.data.sync.timeout = 10s (default)
2019-09-25 12:07:01,054 [pool-723-thread-1] INFO  server.RaftServerConfigKeys (ConfUtils.java:logGet(43)) - raft.server.log.statemachine.data.sync.timeout.retry = -1 (default)
2019-09-25 12:07:01,054 [pool-723-thread-1] INFO  server.RaftServerConfigKeys (ConfUtils.java:logGet(43)) - raft.server.log.statemachine.data.caching.enabled = true (custom)
2019-09-25 12:07:01,055 [pool-723-thread-1] INFO  segmented.SegmentedRaftLogWorker (SegmentedRaftLogWorker.java:lambda$new$0(132)) - f4c1a9a1-2d51-404c-8ce9-40a1851b7a0b@group-6782372D9723-SegmentedRaftLogWorker: flushIndex: setUnconditionally 0 -> -1
2019-09-25 12:07:01,055 [pool-723-thread-1] INFO  server.RaftServerConfigKeys (ConfUtils.java:logGet(43)) - raft.server.snapshot.auto.trigger.enabled = true (custom)
2019-09-25 12:07:01,055 [pool-723-thread-1] INFO  server.RaftServerConfigKeys (ConfUtils.java:logGet(43)) - raft.server.snapshot.auto.trigger.threshold = 10000 (custom)
2019-09-25 12:07:01,055 [pool-723-thread-1] INFO  server.RaftServerConfigKeys (ConfUtils.java:logGet(43)) - raft.server.snapshot.retention.num.files = 5 (custom)
2019-09-25 12:07:01,056 [pool-723-thread-1] INFO  server.RaftServerConfigKeys (ConfUtils.java:logGet(43)) - raft.server.retrycache.expirytime = 600000ms (custom)
2019-09-25 12:07:01,058 [pool-723-thread-1] INFO  impl.RaftServerImpl (RaftServerImpl.java:start(185)) - f4c1a9a1-2d51-404c-8ce9-40a1851b7a0b@group-6782372D9723: start as a follower, conf=-1: [f4c1a9a1-2d51-404c-8ce9-40a1851b7a0b:192.168.151.73:39166], old=null
2019-09-25 12:07:01,058 [pool-723-thread-1] INFO  impl.RaftServerImpl (RaftServerImpl.java:setRole(174)) - f4c1a9a1-2d51-404c-8ce9-40a1851b7a0b@group-6782372D9723: changes role from      null to FOLLOWER at term 0 for startAsFollower
2019-09-25 12:07:01,058 [pool-723-thread-1] INFO  impl.RoleInfo (RoleInfo.java:updateAndGet(143)) - f4c1a9a1-2d51-404c-8ce9-40a1851b7a0b: start FollowerState
2019-09-25 12:07:01,059 [pool-723-thread-1] INFO  util.JmxRegister (JmxRegister.java:tryRegister(44)) - Successfully registered JMX Bean with object name Ratis:service=RaftServer,group=group-6782372D9723,id=f4c1a9a1-2d51-404c-8ce9-40a1851b7a0b
2019-09-25 12:07:01,061 [RatisPipelineUtilsThread] INFO  pipeline.PipelineStateManager (PipelineStateManager.java:addPipeline(56)) - Created pipeline Pipeline[ Id: ead21fee-9514-4368-b0c6-6782372d9723, Nodes: f4c1a9a1-2d51-404c-8ce9-40a1851b7a0b{ip: 192.168.151.73, host: pr-hdds-1569-shd4m-3693607622, networkLocation: /default-rack, certSerialId: null}, Type:RATIS, Factor:ONE, State:OPEN]
2019-09-25 12:07:01,061 [RatisPipelineUtilsThread] INFO  pipeline.PipelinePlacementPolicy (PipelinePlacementPolicy.java:meetCriteria(91)) - Pipeline Placement: can't place more pipeline on heavy datanode： 994e134d-9492-4c05-a584-6f6f537d8ad3 Heaviness: 6 limit: 5
2019-09-25 12:07:01,061 [RatisPipelineUtilsThread] INFO  pipeline.PipelinePlacementPolicy (PipelinePlacementPolicy.java:meetCriteria(91)) - Pipeline Placement: can't place more pipeline on heavy datanode： f003a614-b318-424e-95ab-7ad6d1c0d2e6 Heaviness: 6 limit: 5
2019-09-25 12:07:01,062 [RatisPipelineUtilsThread] INFO  pipeline.PipelinePlacementPolicy (PipelinePlacementPolicy.java:meetCriteria(91)) - Pipeline Placement: can't place more pipeline on heavy datanode： a18b28f5-0b39-4e24-a9bc-e0bed51b7d30 Heaviness: 6 limit: 5
2019-09-25 12:07:01,062 [RatisPipelineUtilsThread] INFO  pipeline.PipelinePlacementPolicy (PipelinePlacementPolicy.java:meetCriteria(91)) - Pipeline Placement: can't place more pipeline on heavy datanode： 0b7c031f-92f6-4780-87e9-d12f3b75deed Heaviness: 6 limit: 5
2019-09-25 12:07:01,062 [RatisPipelineUtilsThread] INFO  pipeline.PipelinePlacementPolicy (PipelinePlacementPolicy.java:meetCriteria(91)) - Pipeline Placement: can't place more pipeline on heavy datanode： a3a55b85-6532-4add-86b9-f60c9f262632 Heaviness: 6 limit: 5
2019-09-25 12:07:01,066 [grpc-default-executor-1] INFO  impl.RaftServerProxy (RaftServerProxy.java:addNew(89)) - f4c1a9a1-2d51-404c-8ce9-40a1851b7a0b: addNew group-A6A29066576A:[f4c1a9a1-2d51-404c-8ce9-40a1851b7a0b:192.168.151.73:39166] returns group-A6A29066576A:java.util.concurrent.CompletableFuture@2c30f25d[Not completed]
2019-09-25 12:07:01,067 [pool-723-thread-1] INFO  impl.RaftServerImpl (RaftServerImpl.java:<init>(95)) - f4c1a9a1-2d51-404c-8ce9-40a1851b7a0b: new RaftServerImpl for group-A6A29066576A:[f4c1a9a1-2d51-404c-8ce9-40a1851b7a0b:192.168.151.73:39166] with ContainerStateMachine:uninitialized
2019-09-25 12:07:01,067 [pool-723-thread-1] INFO  server.RaftServerConfigKeys (ConfUtils.java:logGet(43)) - raft.server.rpc.timeout.min = 5s (custom)
2019-09-25 12:07:01,067 [pool-723-thread-1] INFO  server.RaftServerConfigKeys (ConfUtils.java:logGet(43)) - raft.server.rpc.timeout.max = 5200ms (custom)
2019-09-25 12:07:01,067 [pool-723-thread-1] INFO  server.RaftServerConfigKeys (ConfUtils.java:logGet(43)) - raft.server.rpcslowness.timeout = 120s (custom)
2019-09-25 12:07:01,067 [pool-723-thread-1] INFO  server.RaftServerConfigKeys (ConfUtils.java:logGet(43)) - raft.server.sleep.deviation.threshold = 300 (default)
2019-09-25 12:07:01,067 [pool-723-thread-1] INFO  server.RaftServerConfigKeys (ConfUtils.java:logGet(43)) - raft.server.log.appender.install.snapshot.enabled = false (custom)
2019-09-25 12:07:01,067 [pool-723-thread-1] INFO  impl.RaftServerImpl (ServerState.java:<init>(103)) - f4c1a9a1-2d51-404c-8ce9-40a1851b7a0b@group-A6A29066576A: ConfigurationManager, init=-1: [f4c1a9a1-2d51-404c-8ce9-40a1851b7a0b:192.168.151.73:39166], old=null, confs=<EMPTY_MAP>
2019-09-25 12:07:01,068 [pool-723-thread-1] INFO  server.RaftServerConfigKeys (ConfUtils.java:logGet(43)) - raft.server.storage.dir = [/workdir/hadoop-ozone/integration-test/target/test-dir/MiniOzoneClusterImpl-ed40a7f8-0b2f-4da3-bf53-40ad2b647f29/datanode-5/data/ratis] (custom)
2019-09-25 12:07:01,068 [pool-723-thread-1] INFO  storage.RaftStorageDirectory (RaftStorageDirectory.java:analyzeStorage(246)) - The storage directory /workdir/hadoop-ozone/integration-test/target/test-dir/MiniOzoneClusterImpl-ed40a7f8-0b2f-4da3-bf53-40ad2b647f29/datanode-5/data/ratis/c49c5ba1-d918-4132-b35d-a6a29066576a does not exist. Creating ...
2019-09-25 12:07:01,081 [pool-723-thread-1] INFO  storage.RaftStorageDirectory (RaftStorageDirectory.java:tryLock(328)) - Lock on /workdir/hadoop-ozone/integration-test/target/test-dir/MiniOzoneClusterImpl-ed40a7f8-0b2f-4da3-bf53-40ad2b647f29/datanode-5/data/ratis/c49c5ba1-d918-4132-b35d-a6a29066576a/in_use.lock acquired by nodename 24979@pr-hdds-1569-shd4m-3693607622
2019-09-25 12:07:01,094 [pool-723-thread-1] INFO  storage.RaftStorage (RaftStorage.java:format(72)) - Storage directory /workdir/hadoop-ozone/integration-test/target/test-dir/MiniOzoneClusterImpl-ed40a7f8-0b2f-4da3-bf53-40ad2b647f29/datanode-5/data/ratis/c49c5ba1-d918-4132-b35d-a6a29066576a has been successfully formatted.
2019-09-25 12:07:01,095 [pool-723-thread-1] INFO  ratis.ContainerStateMachine (ContainerStateMachine.java:loadSnapshot(230)) - group-A6A29066576A: The snapshot info is null. Setting the last applied indexto:(t:0, i:~)
2019-09-25 12:07:01,095 [pool-723-thread-1] INFO  server.RaftServerConfigKeys (ConfUtils.java:logGet(43)) - raft.server.notification.no-leader.timeout = 120s (custom)
2019-09-25 12:07:01,095 [pool-723-thread-1] INFO  server.RaftServerConfigKeys (ConfUtils.java:logGet(43)) - raft.server.log.use.memory = false (default)
2019-09-25 12:07:01,095 [pool-723-thread-1] INFO  server.RaftServerConfigKeys (ConfUtils.java:logGet(43)) - raft.server.log.purge.gap = 1000000 (custom)
2019-09-25 12:07:01,095 [pool-723-thread-1] INFO  server.RaftServerConfigKeys (ConfUtils.java:logGet(43)) - raft.server.log.appender.buffer.byte-limit = 33554432 (custom)
2019-09-25 12:07:01,096 [pool-723-thread-1] INFO  server.RaftServerConfigKeys (ConfUtils.java:logGet(43)) - raft.server.log.segment.size.max = 1048576 (custom)
2019-09-25 12:07:01,096 [pool-723-thread-1] INFO  server.RaftServerConfigKeys (ConfUtils.java:logGet(43)) - raft.server.log.segment.cache.num.max = 2 (custom)
2019-09-25 12:07:01,096 [pool-723-thread-1] INFO  segmented.SegmentedRaftLogWorker (SegmentedRaftLogWorker.java:<init>(172)) - new f4c1a9a1-2d51-404c-8ce9-40a1851b7a0b@group-A6A29066576A-SegmentedRaftLogWorker for RaftStorage:Storage Directory /workdir/hadoop-ozone/integration-test/target/test-dir/MiniOzoneClusterImpl-ed40a7f8-0b2f-4da3-bf53-40ad2b647f29/datanode-5/data/ratis/c49c5ba1-d918-4132-b35d-a6a29066576a
2019-09-25 12:07:01,096 [pool-723-thread-1] INFO  server.RaftServerConfigKeys (ConfUtils.java:logGet(43)) - raft.server.log.queue.byte-limit = 2147483647 (custom)
2019-09-25 12:07:01,096 [pool-723-thread-1] INFO  server.RaftServerConfigKeys (ConfUtils.java:logGet(43)) - raft.server.log.queue.element-limit = 1024 (custom)
2019-09-25 12:07:01,096 [pool-723-thread-1] INFO  server.RaftServerConfigKeys (ConfUtils.java:logGet(43)) - raft.server.log.segment.size.max = 1048576 (custom)
2019-09-25 12:07:01,097 [pool-723-thread-1] INFO  server.RaftServerConfigKeys (ConfUtils.java:logGet(43)) - raft.server.log.preallocated.size = 16384 (custom)
2019-09-25 12:07:01,097 [pool-723-thread-1] INFO  server.RaftServerConfigKeys (ConfUtils.java:logGet(43)) - raft.server.log.write.buffer.size = 33554432 (custom)
2019-09-25 12:07:01,097 [pool-723-thread-1] INFO  server.RaftServerConfigKeys (ConfUtils.java:logGet(43)) - raft.server.log.force.sync.num = 128 (default)
2019-09-25 12:07:01,097 [pool-723-thread-1] INFO  server.RaftServerConfigKeys (ConfUtils.java:logGet(43)) - raft.server.log.statemachine.data.sync = true (default)
2019-09-25 12:07:01,097 [pool-723-thread-1] INFO  server.RaftServerConfigKeys (ConfUtils.java:logGet(43)) - raft.server.log.statemachine.data.sync.timeout = 10s (default)
2019-09-25 12:07:01,097 [pool-723-thread-1] INFO  server.RaftServerConfigKeys (ConfUtils.java:logGet(43)) - raft.server.log.statemachine.data.sync.timeout.retry = -1 (default)
2019-09-25 12:07:01,098 [pool-723-thread-1] INFO  server.RaftServerConfigKeys (ConfUtils.java:logGet(43)) - raft.server.log.statemachine.data.caching.enabled = true (custom)
2019-09-25 12:07:01,098 [pool-723-thread-1] INFO  segmented.SegmentedRaftLogWorker (SegmentedRaftLogWorker.java:lambda$new$0(132)) - f4c1a9a1-2d51-404c-8ce9-40a1851b7a0b@group-A6A29066576A-SegmentedRaftLogWorker: flushIndex: setUnconditionally 0 -> -1
2019-09-25 12:07:01,098 [pool-723-thread-1] INFO  server.RaftServerConfigKeys (ConfUtils.java:logGet(43)) - raft.server.snapshot.auto.trigger.enabled = true (custom)
2019-09-25 12:07:01,098 [pool-723-thread-1] INFO  server.RaftServerConfigKeys (ConfUtils.java:logGet(43)) - raft.server.snapshot.auto.trigger.threshold = 10000 (custom)
2019-09-25 12:07:01,098 [pool-723-thread-1] INFO  server.RaftServerConfigKeys (ConfUtils.java:logGet(43)) - raft.server.snapshot.retention.num.files = 5 (custom)
2019-09-25 12:07:01,099 [pool-723-thread-1] INFO  server.RaftServerConfigKeys (ConfUtils.java:logGet(43)) - raft.server.retrycache.expirytime = 600000ms (custom)
2019-09-25 12:07:01,102 [pool-723-thread-1] INFO  impl.RaftServerImpl (RaftServerImpl.java:start(185)) - f4c1a9a1-2d51-404c-8ce9-40a1851b7a0b@group-A6A29066576A: start as a follower, conf=-1: [f4c1a9a1-2d51-404c-8ce9-40a1851b7a0b:192.168.151.73:39166], old=null
2019-09-25 12:07:01,102 [pool-723-thread-1] INFO  impl.RaftServerImpl (RaftServerImpl.java:setRole(174)) - f4c1a9a1-2d51-404c-8ce9-40a1851b7a0b@group-A6A29066576A: changes role from      null to FOLLOWER at term 0 for startAsFollower
2019-09-25 12:07:01,102 [pool-723-thread-1] INFO  impl.RoleInfo (RoleInfo.java:updateAndGet(143)) - f4c1a9a1-2d51-404c-8ce9-40a1851b7a0b: start FollowerState
2019-09-25 12:07:01,103 [pool-723-thread-1] INFO  util.JmxRegister (JmxRegister.java:tryRegister(44)) - Successfully registered JMX Bean with object name Ratis:service=RaftServer,group=group-A6A29066576A,id=f4c1a9a1-2d51-404c-8ce9-40a1851b7a0b
2019-09-25 12:07:01,106 [RatisPipelineUtilsThread] INFO  pipeline.PipelineStateManager (PipelineStateManager.java:addPipeline(56)) - Created pipeline Pipeline[ Id: c49c5ba1-d918-4132-b35d-a6a29066576a, Nodes: f4c1a9a1-2d51-404c-8ce9-40a1851b7a0b{ip: 192.168.151.73, host: pr-hdds-1569-shd4m-3693607622, networkLocation: /default-rack, certSerialId: null}, Type:RATIS, Factor:ONE, State:OPEN]
2019-09-25 12:07:01,106 [RatisPipelineUtilsThread] INFO  pipeline.PipelinePlacementPolicy (PipelinePlacementPolicy.java:meetCriteria(91)) - Pipeline Placement: can't place more pipeline on heavy datanode： 994e134d-9492-4c05-a584-6f6f537d8ad3 Heaviness: 6 limit: 5
2019-09-25 12:07:01,106 [RatisPipelineUtilsThread] INFO  pipeline.PipelinePlacementPolicy (PipelinePlacementPolicy.java:meetCriteria(91)) - Pipeline Placement: can't place more pipeline on heavy datanode： f003a614-b318-424e-95ab-7ad6d1c0d2e6 Heaviness: 6 limit: 5
2019-09-25 12:07:01,106 [RatisPipelineUtilsThread] INFO  pipeline.PipelinePlacementPolicy (PipelinePlacementPolicy.java:meetCriteria(91)) - Pipeline Placement: can't place more pipeline on heavy datanode： a18b28f5-0b39-4e24-a9bc-e0bed51b7d30 Heaviness: 6 limit: 5
2019-09-25 12:07:01,106 [RatisPipelineUtilsThread] INFO  pipeline.PipelinePlacementPolicy (PipelinePlacementPolicy.java:meetCriteria(91)) - Pipeline Placement: can't place more pipeline on heavy datanode： 0b7c031f-92f6-4780-87e9-d12f3b75deed Heaviness: 6 limit: 5
2019-09-25 12:07:01,107 [RatisPipelineUtilsThread] INFO  pipeline.PipelinePlacementPolicy (PipelinePlacementPolicy.java:meetCriteria(91)) - Pipeline Placement: can't place more pipeline on heavy datanode： a3a55b85-6532-4add-86b9-f60c9f262632 Heaviness: 6 limit: 5
2019-09-25 12:07:01,111 [grpc-default-executor-1] INFO  impl.RaftServerProxy (RaftServerProxy.java:addNew(89)) - f4c1a9a1-2d51-404c-8ce9-40a1851b7a0b: addNew group-52B91E0E6B5F:[f4c1a9a1-2d51-404c-8ce9-40a1851b7a0b:192.168.151.73:39166] returns group-52B91E0E6B5F:java.util.concurrent.CompletableFuture@1e6632e1[Not completed]
2019-09-25 12:07:01,111 [pool-723-thread-1] INFO  impl.RaftServerImpl (RaftServerImpl.java:<init>(95)) - f4c1a9a1-2d51-404c-8ce9-40a1851b7a0b: new RaftServerImpl for group-52B91E0E6B5F:[f4c1a9a1-2d51-404c-8ce9-40a1851b7a0b:192.168.151.73:39166] with ContainerStateMachine:uninitialized
2019-09-25 12:07:01,112 [pool-723-thread-1] INFO  server.RaftServerConfigKeys (ConfUtils.java:logGet(43)) - raft.server.rpc.timeout.min = 5s (custom)
2019-09-25 12:07:01,112 [pool-723-thread-1] INFO  server.RaftServerConfigKeys (ConfUtils.java:logGet(43)) - raft.server.rpc.timeout.max = 5200ms (custom)
2019-09-25 12:07:01,112 [pool-723-thread-1] INFO  server.RaftServerConfigKeys (ConfUtils.java:logGet(43)) - raft.server.rpcslowness.timeout = 120s (custom)
2019-09-25 12:07:01,112 [pool-723-thread-1] INFO  server.RaftServerConfigKeys (ConfUtils.java:logGet(43)) - raft.server.sleep.deviation.threshold = 300 (default)
2019-09-25 12:07:01,112 [pool-723-thread-1] INFO  server.RaftServerConfigKeys (ConfUtils.java:logGet(43)) - raft.server.log.appender.install.snapshot.enabled = false (custom)
2019-09-25 12:07:01,112 [pool-723-thread-1] INFO  impl.RaftServerImpl (ServerState.java:<init>(103)) - f4c1a9a1-2d51-404c-8ce9-40a1851b7a0b@group-52B91E0E6B5F: ConfigurationManager, init=-1: [f4c1a9a1-2d51-404c-8ce9-40a1851b7a0b:192.168.151.73:39166], old=null, confs=<EMPTY_MAP>
2019-09-25 12:07:01,113 [pool-723-thread-1] INFO  server.RaftServerConfigKeys (ConfUtils.java:logGet(43)) - raft.server.storage.dir = [/workdir/hadoop-ozone/integration-test/target/test-dir/MiniOzoneClusterImpl-ed40a7f8-0b2f-4da3-bf53-40ad2b647f29/datanode-5/data/ratis] (custom)
2019-09-25 12:07:01,113 [pool-723-thread-1] INFO  storage.RaftStorageDirectory (RaftStorageDirectory.java:analyzeStorage(246)) - The storage directory /workdir/hadoop-ozone/integration-test/target/test-dir/MiniOzoneClusterImpl-ed40a7f8-0b2f-4da3-bf53-40ad2b647f29/datanode-5/data/ratis/758b19cf-cee9-4700-95b9-52b91e0e6b5f does not exist. Creating ...
2019-09-25 12:07:01,138 [pool-723-thread-1] INFO  storage.RaftStorageDirectory (RaftStorageDirectory.java:tryLock(328)) - Lock on /workdir/hadoop-ozone/integration-test/target/test-dir/MiniOzoneClusterImpl-ed40a7f8-0b2f-4da3-bf53-40ad2b647f29/datanode-5/data/ratis/758b19cf-cee9-4700-95b9-52b91e0e6b5f/in_use.lock acquired by nodename 24979@pr-hdds-1569-shd4m-3693607622
2019-09-25 12:07:01,151 [pool-723-thread-1] INFO  storage.RaftStorage (RaftStorage.java:format(72)) - Storage directory /workdir/hadoop-ozone/integration-test/target/test-dir/MiniOzoneClusterImpl-ed40a7f8-0b2f-4da3-bf53-40ad2b647f29/datanode-5/data/ratis/758b19cf-cee9-4700-95b9-52b91e0e6b5f has been successfully formatted.
2019-09-25 12:07:01,151 [pool-723-thread-1] INFO  ratis.ContainerStateMachine (ContainerStateMachine.java:loadSnapshot(230)) - group-52B91E0E6B5F: The snapshot info is null. Setting the last applied indexto:(t:0, i:~)
2019-09-25 12:07:01,151 [pool-723-thread-1] INFO  server.RaftServerConfigKeys (ConfUtils.java:logGet(43)) - raft.server.notification.no-leader.timeout = 120s (custom)
2019-09-25 12:07:01,151 [pool-723-thread-1] INFO  server.RaftServerConfigKeys (ConfUtils.java:logGet(43)) - raft.server.log.use.memory = false (default)
2019-09-25 12:07:01,151 [pool-723-thread-1] INFO  server.RaftServerConfigKeys (ConfUtils.java:logGet(43)) - raft.server.log.purge.gap = 1000000 (custom)
2019-09-25 12:07:01,151 [pool-723-thread-1] INFO  server.RaftServerConfigKeys (ConfUtils.java:logGet(43)) - raft.server.log.appender.buffer.byte-limit = 33554432 (custom)
2019-09-25 12:07:01,152 [pool-723-thread-1] INFO  server.RaftServerConfigKeys (ConfUtils.java:logGet(43)) - raft.server.log.segment.size.max = 1048576 (custom)
2019-09-25 12:07:01,152 [pool-723-thread-1] INFO  server.RaftServerConfigKeys (ConfUtils.java:logGet(43)) - raft.server.log.segment.cache.num.max = 2 (custom)
2019-09-25 12:07:01,152 [pool-723-thread-1] INFO  segmented.SegmentedRaftLogWorker (SegmentedRaftLogWorker.java:<init>(172)) - new f4c1a9a1-2d51-404c-8ce9-40a1851b7a0b@group-52B91E0E6B5F-SegmentedRaftLogWorker for RaftStorage:Storage Directory /workdir/hadoop-ozone/integration-test/target/test-dir/MiniOzoneClusterImpl-ed40a7f8-0b2f-4da3-bf53-40ad2b647f29/datanode-5/data/ratis/758b19cf-cee9-4700-95b9-52b91e0e6b5f
2019-09-25 12:07:01,152 [pool-723-thread-1] INFO  server.RaftServerConfigKeys (ConfUtils.java:logGet(43)) - raft.server.log.queue.byte-limit = 2147483647 (custom)
2019-09-25 12:07:01,152 [pool-723-thread-1] INFO  server.RaftServerConfigKeys (ConfUtils.java:logGet(43)) - raft.server.log.queue.element-limit = 1024 (custom)
2019-09-25 12:07:01,152 [pool-723-thread-1] INFO  server.RaftServerConfigKeys (ConfUtils.java:logGet(43)) - raft.server.log.segment.size.max = 1048576 (custom)
2019-09-25 12:07:01,153 [pool-723-thread-1] INFO  server.RaftServerConfigKeys (ConfUtils.java:logGet(43)) - raft.server.log.preallocated.size = 16384 (custom)
2019-09-25 12:07:01,153 [pool-723-thread-1] INFO  server.RaftServerConfigKeys (ConfUtils.java:logGet(43)) - raft.server.log.write.buffer.size = 33554432 (custom)
2019-09-25 12:07:01,153 [pool-723-thread-1] INFO  server.RaftServerConfigKeys (ConfUtils.java:logGet(43)) - raft.server.log.force.sync.num = 128 (default)
2019-09-25 12:07:01,153 [pool-723-thread-1] INFO  server.RaftServerConfigKeys (ConfUtils.java:logGet(43)) - raft.server.log.statemachine.data.sync = true (default)
2019-09-25 12:07:01,153 [pool-723-thread-1] INFO  server.RaftServerConfigKeys (ConfUtils.java:logGet(43)) - raft.server.log.statemachine.data.sync.timeout = 10s (default)
2019-09-25 12:07:01,153 [pool-723-thread-1] INFO  server.RaftServerConfigKeys (ConfUtils.java:logGet(43)) - raft.server.log.statemachine.data.sync.timeout.retry = -1 (default)
2019-09-25 12:07:01,154 [pool-723-thread-1] INFO  server.RaftServerConfigKeys (ConfUtils.java:logGet(43)) - raft.server.log.statemachine.data.caching.enabled = true (custom)
2019-09-25 12:07:01,154 [pool-723-thread-1] INFO  segmented.SegmentedRaftLogWorker (SegmentedRaftLogWorker.java:lambda$new$0(132)) - f4c1a9a1-2d51-404c-8ce9-40a1851b7a0b@group-52B91E0E6B5F-SegmentedRaftLogWorker: flushIndex: setUnconditionally 0 -> -1
2019-09-25 12:07:01,154 [pool-723-thread-1] INFO  server.RaftServerConfigKeys (ConfUtils.java:logGet(43)) - raft.server.snapshot.auto.trigger.enabled = true (custom)
2019-09-25 12:07:01,154 [pool-723-thread-1] INFO  server.RaftServerConfigKeys (ConfUtils.java:logGet(43)) - raft.server.snapshot.auto.trigger.threshold = 10000 (custom)
2019-09-25 12:07:01,154 [pool-723-thread-1] INFO  server.RaftServerConfigKeys (ConfUtils.java:logGet(43)) - raft.server.snapshot.retention.num.files = 5 (custom)
2019-09-25 12:07:01,155 [pool-723-thread-1] INFO  server.RaftServerConfigKeys (ConfUtils.java:logGet(43)) - raft.server.retrycache.expirytime = 600000ms (custom)
2019-09-25 12:07:01,157 [pool-723-thread-1] INFO  impl.RaftServerImpl (RaftServerImpl.java:start(185)) - f4c1a9a1-2d51-404c-8ce9-40a1851b7a0b@group-52B91E0E6B5F: start as a follower, conf=-1: [f4c1a9a1-2d51-404c-8ce9-40a1851b7a0b:192.168.151.73:39166], old=null
2019-09-25 12:07:01,157 [pool-723-thread-1] INFO  impl.RaftServerImpl (RaftServerImpl.java:setRole(174)) - f4c1a9a1-2d51-404c-8ce9-40a1851b7a0b@group-52B91E0E6B5F: changes role from      null to FOLLOWER at term 0 for startAsFollower
2019-09-25 12:07:01,157 [pool-723-thread-1] INFO  impl.RoleInfo (RoleInfo.java:updateAndGet(143)) - f4c1a9a1-2d51-404c-8ce9-40a1851b7a0b: start FollowerState
2019-09-25 12:07:01,157 [pool-723-thread-1] INFO  util.JmxRegister (JmxRegister.java:tryRegister(44)) - Successfully registered JMX Bean with object name Ratis:service=RaftServer,group=group-52B91E0E6B5F,id=f4c1a9a1-2d51-404c-8ce9-40a1851b7a0b
2019-09-25 12:07:01,159 [RatisPipelineUtilsThread] INFO  pipeline.PipelineStateManager (PipelineStateManager.java:addPipeline(56)) - Created pipeline Pipeline[ Id: 758b19cf-cee9-4700-95b9-52b91e0e6b5f, Nodes: f4c1a9a1-2d51-404c-8ce9-40a1851b7a0b{ip: 192.168.151.73, host: pr-hdds-1569-shd4m-3693607622, networkLocation: /default-rack, certSerialId: null}, Type:RATIS, Factor:ONE, State:OPEN]
2019-09-25 12:07:01,160 [RatisPipelineUtilsThread] INFO  pipeline.PipelinePlacementPolicy (PipelinePlacementPolicy.java:meetCriteria(91)) - Pipeline Placement: can't place more pipeline on heavy datanode： 994e134d-9492-4c05-a584-6f6f537d8ad3 Heaviness: 6 limit: 5
2019-09-25 12:07:01,160 [RatisPipelineUtilsThread] INFO  pipeline.PipelinePlacementPolicy (PipelinePlacementPolicy.java:meetCriteria(91)) - Pipeline Placement: can't place more pipeline on heavy datanode： f4c1a9a1-2d51-404c-8ce9-40a1851b7a0b Heaviness: 6 limit: 5
2019-09-25 12:07:01,160 [RatisPipelineUtilsThread] INFO  pipeline.PipelinePlacementPolicy (PipelinePlacementPolicy.java:meetCriteria(91)) - Pipeline Placement: can't place more pipeline on heavy datanode： f003a614-b318-424e-95ab-7ad6d1c0d2e6 Heaviness: 6 limit: 5
2019-09-25 12:07:01,160 [RatisPipelineUtilsThread] INFO  pipeline.PipelinePlacementPolicy (PipelinePlacementPolicy.java:meetCriteria(91)) - Pipeline Placement: can't place more pipeline on heavy datanode： a18b28f5-0b39-4e24-a9bc-e0bed51b7d30 Heaviness: 6 limit: 5
2019-09-25 12:07:01,160 [RatisPipelineUtilsThread] INFO  pipeline.PipelinePlacementPolicy (PipelinePlacementPolicy.java:meetCriteria(91)) - Pipeline Placement: can't place more pipeline on heavy datanode： 0b7c031f-92f6-4780-87e9-d12f3b75deed Heaviness: 6 limit: 5
2019-09-25 12:07:01,160 [RatisPipelineUtilsThread] INFO  pipeline.PipelinePlacementPolicy (PipelinePlacementPolicy.java:meetCriteria(91)) - Pipeline Placement: can't place more pipeline on heavy datanode： a3a55b85-6532-4add-86b9-f60c9f262632 Heaviness: 6 limit: 5
2019-09-25 12:07:01,164 [grpc-default-executor-1] INFO  impl.RaftServerProxy (RaftServerProxy.java:addNew(89)) - ab153cfe-456a-45f5-b16c-7616a9ae7eb2: addNew group-C6B6CCFDD115:[ab153cfe-456a-45f5-b16c-7616a9ae7eb2:192.168.151.73:37661] returns group-C6B6CCFDD115:java.util.concurrent.CompletableFuture@67d93758[Not completed]
2019-09-25 12:07:01,165 [pool-733-thread-1] INFO  impl.RaftServerImpl (RaftServerImpl.java:<init>(95)) - ab153cfe-456a-45f5-b16c-7616a9ae7eb2: new RaftServerImpl for group-C6B6CCFDD115:[ab153cfe-456a-45f5-b16c-7616a9ae7eb2:192.168.151.73:37661] with ContainerStateMachine:uninitialized
2019-09-25 12:07:01,165 [pool-733-thread-1] INFO  server.RaftServerConfigKeys (ConfUtils.java:logGet(43)) - raft.server.rpc.timeout.min = 5s (custom)
2019-09-25 12:07:01,165 [pool-733-thread-1] INFO  server.RaftServerConfigKeys (ConfUtils.java:logGet(43)) - raft.server.rpc.timeout.max = 5200ms (custom)
2019-09-25 12:07:01,165 [pool-733-thread-1] INFO  server.RaftServerConfigKeys (ConfUtils.java:logGet(43)) - raft.server.rpcslowness.timeout = 120s (custom)
2019-09-25 12:07:01,165 [pool-733-thread-1] INFO  server.RaftServerConfigKeys (ConfUtils.java:logGet(43)) - raft.server.sleep.deviation.threshold = 300 (default)
2019-09-25 12:07:01,165 [pool-733-thread-1] INFO  server.RaftServerConfigKeys (ConfUtils.java:logGet(43)) - raft.server.log.appender.install.snapshot.enabled = false (custom)
2019-09-25 12:07:01,165 [pool-733-thread-1] INFO  impl.RaftServerImpl (ServerState.java:<init>(103)) - ab153cfe-456a-45f5-b16c-7616a9ae7eb2@group-C6B6CCFDD115: ConfigurationManager, init=-1: [ab153cfe-456a-45f5-b16c-7616a9ae7eb2:192.168.151.73:37661], old=null, confs=<EMPTY_MAP>
2019-09-25 12:07:01,166 [pool-733-thread-1] INFO  server.RaftServerConfigKeys (ConfUtils.java:logGet(43)) - raft.server.storage.dir = [/workdir/hadoop-ozone/integration-test/target/test-dir/MiniOzoneClusterImpl-ed40a7f8-0b2f-4da3-bf53-40ad2b647f29/datanode-6/data/ratis] (custom)
2019-09-25 12:07:01,166 [pool-733-thread-1] INFO  storage.RaftStorageDirectory (RaftStorageDirectory.java:analyzeStorage(246)) - The storage directory /workdir/hadoop-ozone/integration-test/target/test-dir/MiniOzoneClusterImpl-ed40a7f8-0b2f-4da3-bf53-40ad2b647f29/datanode-6/data/ratis/45695826-41d2-4a21-8c96-c6b6ccfdd115 does not exist. Creating ...
2019-09-25 12:07:01,191 [pool-733-thread-1] INFO  storage.RaftStorageDirectory (RaftStorageDirectory.java:tryLock(328)) - Lock on /workdir/hadoop-ozone/integration-test/target/test-dir/MiniOzoneClusterImpl-ed40a7f8-0b2f-4da3-bf53-40ad2b647f29/datanode-6/data/ratis/45695826-41d2-4a21-8c96-c6b6ccfdd115/in_use.lock acquired by nodename 24979@pr-hdds-1569-shd4m-3693607622
2019-09-25 12:07:01,209 [pool-733-thread-1] INFO  storage.RaftStorage (RaftStorage.java:format(72)) - Storage directory /workdir/hadoop-ozone/integration-test/target/test-dir/MiniOzoneClusterImpl-ed40a7f8-0b2f-4da3-bf53-40ad2b647f29/datanode-6/data/ratis/45695826-41d2-4a21-8c96-c6b6ccfdd115 has been successfully formatted.
2019-09-25 12:07:01,209 [pool-733-thread-1] INFO  ratis.ContainerStateMachine (ContainerStateMachine.java:loadSnapshot(230)) - group-C6B6CCFDD115: The snapshot info is null. Setting the last applied indexto:(t:0, i:~)
2019-09-25 12:07:01,209 [pool-733-thread-1] INFO  server.RaftServerConfigKeys (ConfUtils.java:logGet(43)) - raft.server.notification.no-leader.timeout = 120s (custom)
2019-09-25 12:07:01,210 [pool-733-thread-1] INFO  server.RaftServerConfigKeys (ConfUtils.java:logGet(43)) - raft.server.log.use.memory = false (default)
2019-09-25 12:07:01,210 [pool-733-thread-1] INFO  server.RaftServerConfigKeys (ConfUtils.java:logGet(43)) - raft.server.log.purge.gap = 1000000 (custom)
2019-09-25 12:07:01,210 [pool-733-thread-1] INFO  server.RaftServerConfigKeys (ConfUtils.java:logGet(43)) - raft.server.log.appender.buffer.byte-limit = 33554432 (custom)
2019-09-25 12:07:01,210 [pool-733-thread-1] INFO  server.RaftServerConfigKeys (ConfUtils.java:logGet(43)) - raft.server.log.segment.size.max = 1048576 (custom)
2019-09-25 12:07:01,210 [pool-733-thread-1] INFO  server.RaftServerConfigKeys (ConfUtils.java:logGet(43)) - raft.server.log.segment.cache.num.max = 2 (custom)
2019-09-25 12:07:01,210 [pool-733-thread-1] INFO  segmented.SegmentedRaftLogWorker (SegmentedRaftLogWorker.java:<init>(172)) - new ab153cfe-456a-45f5-b16c-7616a9ae7eb2@group-C6B6CCFDD115-SegmentedRaftLogWorker for RaftStorage:Storage Directory /workdir/hadoop-ozone/integration-test/target/test-dir/MiniOzoneClusterImpl-ed40a7f8-0b2f-4da3-bf53-40ad2b647f29/datanode-6/data/ratis/45695826-41d2-4a21-8c96-c6b6ccfdd115
2019-09-25 12:07:01,211 [pool-733-thread-1] INFO  server.RaftServerConfigKeys (ConfUtils.java:logGet(43)) - raft.server.log.queue.byte-limit = 2147483647 (custom)
2019-09-25 12:07:01,211 [pool-733-thread-1] INFO  server.RaftServerConfigKeys (ConfUtils.java:logGet(43)) - raft.server.log.queue.element-limit = 1024 (custom)
2019-09-25 12:07:01,211 [pool-733-thread-1] INFO  server.RaftServerConfigKeys (ConfUtils.java:logGet(43)) - raft.server.log.segment.size.max = 1048576 (custom)
2019-09-25 12:07:01,211 [pool-733-thread-1] INFO  server.RaftServerConfigKeys (ConfUtils.java:logGet(43)) - raft.server.log.preallocated.size = 16384 (custom)
2019-09-25 12:07:01,211 [pool-733-thread-1] INFO  server.RaftServerConfigKeys (ConfUtils.java:logGet(43)) - raft.server.log.write.buffer.size = 33554432 (custom)
2019-09-25 12:07:01,211 [pool-733-thread-1] INFO  server.RaftServerConfigKeys (ConfUtils.java:logGet(43)) - raft.server.log.force.sync.num = 128 (default)
2019-09-25 12:07:01,211 [pool-733-thread-1] INFO  server.RaftServerConfigKeys (ConfUtils.java:logGet(43)) - raft.server.log.statemachine.data.sync = true (default)
2019-09-25 12:07:01,211 [pool-733-thread-1] INFO  server.RaftServerConfigKeys (ConfUtils.java:logGet(43)) - raft.server.log.statemachine.data.sync.timeout = 10s (default)
2019-09-25 12:07:01,212 [pool-733-thread-1] INFO  server.RaftServerConfigKeys (ConfUtils.java:logGet(43)) - raft.server.log.statemachine.data.sync.timeout.retry = -1 (default)
2019-09-25 12:07:01,212 [pool-733-thread-1] INFO  server.RaftServerConfigKeys (ConfUtils.java:logGet(43)) - raft.server.log.statemachine.data.caching.enabled = true (custom)
2019-09-25 12:07:01,212 [pool-733-thread-1] INFO  segmented.SegmentedRaftLogWorker (SegmentedRaftLogWorker.java:lambda$new$0(132)) - ab153cfe-456a-45f5-b16c-7616a9ae7eb2@group-C6B6CCFDD115-SegmentedRaftLogWorker: flushIndex: setUnconditionally 0 -> -1
2019-09-25 12:07:01,212 [pool-733-thread-1] INFO  server.RaftServerConfigKeys (ConfUtils.java:logGet(43)) - raft.server.snapshot.auto.trigger.enabled = true (custom)
2019-09-25 12:07:01,213 [pool-733-thread-1] INFO  server.RaftServerConfigKeys (ConfUtils.java:logGet(43)) - raft.server.snapshot.auto.trigger.threshold = 10000 (custom)
2019-09-25 12:07:01,213 [pool-733-thread-1] INFO  server.RaftServerConfigKeys (ConfUtils.java:logGet(43)) - raft.server.snapshot.retention.num.files = 5 (custom)
2019-09-25 12:07:01,213 [pool-733-thread-1] INFO  server.RaftServerConfigKeys (ConfUtils.java:logGet(43)) - raft.server.retrycache.expirytime = 600000ms (custom)
2019-09-25 12:07:01,214 [pool-733-thread-1] INFO  impl.RaftServerImpl (RaftServerImpl.java:start(185)) - ab153cfe-456a-45f5-b16c-7616a9ae7eb2@group-C6B6CCFDD115: start as a follower, conf=-1: [ab153cfe-456a-45f5-b16c-7616a9ae7eb2:192.168.151.73:37661], old=null
2019-09-25 12:07:01,215 [pool-733-thread-1] INFO  impl.RaftServerImpl (RaftServerImpl.java:setRole(174)) - ab153cfe-456a-45f5-b16c-7616a9ae7eb2@group-C6B6CCFDD115: changes role from      null to FOLLOWER at term 0 for startAsFollower
2019-09-25 12:07:01,215 [pool-733-thread-1] INFO  impl.RoleInfo (RoleInfo.java:updateAndGet(143)) - ab153cfe-456a-45f5-b16c-7616a9ae7eb2: start FollowerState
2019-09-25 12:07:01,215 [pool-733-thread-1] INFO  util.JmxRegister (JmxRegister.java:tryRegister(44)) - Successfully registered JMX Bean with object name Ratis:service=RaftServer,group=group-C6B6CCFDD115,id=ab153cfe-456a-45f5-b16c-7616a9ae7eb2
2019-09-25 12:07:01,217 [RatisPipelineUtilsThread] INFO  pipeline.PipelineStateManager (PipelineStateManager.java:addPipeline(56)) - Created pipeline Pipeline[ Id: 45695826-41d2-4a21-8c96-c6b6ccfdd115, Nodes: ab153cfe-456a-45f5-b16c-7616a9ae7eb2{ip: 192.168.151.73, host: pr-hdds-1569-shd4m-3693607622, networkLocation: /default-rack, certSerialId: null}, Type:RATIS, Factor:ONE, State:OPEN]
2019-09-25 12:07:01,217 [RatisPipelineUtilsThread] INFO  pipeline.PipelinePlacementPolicy (PipelinePlacementPolicy.java:meetCriteria(91)) - Pipeline Placement: can't place more pipeline on heavy datanode： 994e134d-9492-4c05-a584-6f6f537d8ad3 Heaviness: 6 limit: 5
2019-09-25 12:07:01,218 [RatisPipelineUtilsThread] INFO  pipeline.PipelinePlacementPolicy (PipelinePlacementPolicy.java:meetCriteria(91)) - Pipeline Placement: can't place more pipeline on heavy datanode： f4c1a9a1-2d51-404c-8ce9-40a1851b7a0b Heaviness: 6 limit: 5
2019-09-25 12:07:01,218 [RatisPipelineUtilsThread] INFO  pipeline.PipelinePlacementPolicy (PipelinePlacementPolicy.java:meetCriteria(91)) - Pipeline Placement: can't place more pipeline on heavy datanode： f003a614-b318-424e-95ab-7ad6d1c0d2e6 Heaviness: 6 limit: 5
2019-09-25 12:07:01,218 [RatisPipelineUtilsThread] INFO  pipeline.PipelinePlacementPolicy (PipelinePlacementPolicy.java:meetCriteria(91)) - Pipeline Placement: can't place more pipeline on heavy datanode： a18b28f5-0b39-4e24-a9bc-e0bed51b7d30 Heaviness: 6 limit: 5
2019-09-25 12:07:01,218 [RatisPipelineUtilsThread] INFO  pipeline.PipelinePlacementPolicy (PipelinePlacementPolicy.java:meetCriteria(91)) - Pipeline Placement: can't place more pipeline on heavy datanode： 0b7c031f-92f6-4780-87e9-d12f3b75deed Heaviness: 6 limit: 5
2019-09-25 12:07:01,218 [RatisPipelineUtilsThread] INFO  pipeline.PipelinePlacementPolicy (PipelinePlacementPolicy.java:meetCriteria(91)) - Pipeline Placement: can't place more pipeline on heavy datanode： a3a55b85-6532-4add-86b9-f60c9f262632 Heaviness: 6 limit: 5
2019-09-25 12:07:01,221 [grpc-default-executor-1] INFO  impl.RaftServerProxy (RaftServerProxy.java:addNew(89)) - ab153cfe-456a-45f5-b16c-7616a9ae7eb2: addNew group-CF8B7E038937:[ab153cfe-456a-45f5-b16c-7616a9ae7eb2:192.168.151.73:37661] returns group-CF8B7E038937:java.util.concurrent.CompletableFuture@5c5e05e9[Not completed]
2019-09-25 12:07:01,222 [pool-733-thread-1] INFO  impl.RaftServerImpl (RaftServerImpl.java:<init>(95)) - ab153cfe-456a-45f5-b16c-7616a9ae7eb2: new RaftServerImpl for group-CF8B7E038937:[ab153cfe-456a-45f5-b16c-7616a9ae7eb2:192.168.151.73:37661] with ContainerStateMachine:uninitialized
2019-09-25 12:07:01,222 [pool-733-thread-1] INFO  server.RaftServerConfigKeys (ConfUtils.java:logGet(43)) - raft.server.rpc.timeout.min = 5s (custom)
2019-09-25 12:07:01,222 [pool-733-thread-1] INFO  server.RaftServerConfigKeys (ConfUtils.java:logGet(43)) - raft.server.rpc.timeout.max = 5200ms (custom)
2019-09-25 12:07:01,222 [pool-733-thread-1] INFO  server.RaftServerConfigKeys (ConfUtils.java:logGet(43)) - raft.server.rpcslowness.timeout = 120s (custom)
2019-09-25 12:07:01,223 [pool-733-thread-1] INFO  server.RaftServerConfigKeys (ConfUtils.java:logGet(43)) - raft.server.sleep.deviation.threshold = 300 (default)
2019-09-25 12:07:01,223 [pool-733-thread-1] INFO  server.RaftServerConfigKeys (ConfUtils.java:logGet(43)) - raft.server.log.appender.install.snapshot.enabled = false (custom)
2019-09-25 12:07:01,223 [pool-733-thread-1] INFO  impl.RaftServerImpl (ServerState.java:<init>(103)) - ab153cfe-456a-45f5-b16c-7616a9ae7eb2@group-CF8B7E038937: ConfigurationManager, init=-1: [ab153cfe-456a-45f5-b16c-7616a9ae7eb2:192.168.151.73:37661], old=null, confs=<EMPTY_MAP>
2019-09-25 12:07:01,223 [pool-733-thread-1] INFO  server.RaftServerConfigKeys (ConfUtils.java:logGet(43)) - raft.server.storage.dir = [/workdir/hadoop-ozone/integration-test/target/test-dir/MiniOzoneClusterImpl-ed40a7f8-0b2f-4da3-bf53-40ad2b647f29/datanode-6/data/ratis] (custom)
2019-09-25 12:07:01,223 [pool-733-thread-1] INFO  storage.RaftStorageDirectory (RaftStorageDirectory.java:analyzeStorage(246)) - The storage directory /workdir/hadoop-ozone/integration-test/target/test-dir/MiniOzoneClusterImpl-ed40a7f8-0b2f-4da3-bf53-40ad2b647f29/datanode-6/data/ratis/cccd766d-3847-42e8-b1c8-cf8b7e038937 does not exist. Creating ...
2019-09-25 12:07:01,236 [pool-733-thread-1] INFO  storage.RaftStorageDirectory (RaftStorageDirectory.java:tryLock(328)) - Lock on /workdir/hadoop-ozone/integration-test/target/test-dir/MiniOzoneClusterImpl-ed40a7f8-0b2f-4da3-bf53-40ad2b647f29/datanode-6/data/ratis/cccd766d-3847-42e8-b1c8-cf8b7e038937/in_use.lock acquired by nodename 24979@pr-hdds-1569-shd4m-3693607622
2019-09-25 12:07:01,249 [pool-733-thread-1] INFO  storage.RaftStorage (RaftStorage.java:format(72)) - Storage directory /workdir/hadoop-ozone/integration-test/target/test-dir/MiniOzoneClusterImpl-ed40a7f8-0b2f-4da3-bf53-40ad2b647f29/datanode-6/data/ratis/cccd766d-3847-42e8-b1c8-cf8b7e038937 has been successfully formatted.
2019-09-25 12:07:01,249 [pool-733-thread-1] INFO  ratis.ContainerStateMachine (ContainerStateMachine.java:loadSnapshot(230)) - group-CF8B7E038937: The snapshot info is null. Setting the last applied indexto:(t:0, i:~)
2019-09-25 12:07:01,250 [pool-733-thread-1] INFO  server.RaftServerConfigKeys (ConfUtils.java:logGet(43)) - raft.server.notification.no-leader.timeout = 120s (custom)
2019-09-25 12:07:01,250 [pool-733-thread-1] INFO  server.RaftServerConfigKeys (ConfUtils.java:logGet(43)) - raft.server.log.use.memory = false (default)
2019-09-25 12:07:01,250 [pool-733-thread-1] INFO  server.RaftServerConfigKeys (ConfUtils.java:logGet(43)) - raft.server.log.purge.gap = 1000000 (custom)
2019-09-25 12:07:01,250 [pool-733-thread-1] INFO  server.RaftServerConfigKeys (ConfUtils.java:logGet(43)) - raft.server.log.appender.buffer.byte-limit = 33554432 (custom)
2019-09-25 12:07:01,250 [pool-733-thread-1] INFO  server.RaftServerConfigKeys (ConfUtils.java:logGet(43)) - raft.server.log.segment.size.max = 1048576 (custom)
2019-09-25 12:07:01,250 [pool-733-thread-1] INFO  server.RaftServerConfigKeys (ConfUtils.java:logGet(43)) - raft.server.log.segment.cache.num.max = 2 (custom)
2019-09-25 12:07:01,250 [pool-733-thread-1] INFO  segmented.SegmentedRaftLogWorker (SegmentedRaftLogWorker.java:<init>(172)) - new ab153cfe-456a-45f5-b16c-7616a9ae7eb2@group-CF8B7E038937-SegmentedRaftLogWorker for RaftStorage:Storage Directory /workdir/hadoop-ozone/integration-test/target/test-dir/MiniOzoneClusterImpl-ed40a7f8-0b2f-4da3-bf53-40ad2b647f29/datanode-6/data/ratis/cccd766d-3847-42e8-b1c8-cf8b7e038937
2019-09-25 12:07:01,250 [pool-733-thread-1] INFO  server.RaftServerConfigKeys (ConfUtils.java:logGet(43)) - raft.server.log.queue.byte-limit = 2147483647 (custom)
2019-09-25 12:07:01,251 [pool-733-thread-1] INFO  server.RaftServerConfigKeys (ConfUtils.java:logGet(43)) - raft.server.log.queue.element-limit = 1024 (custom)
2019-09-25 12:07:01,251 [pool-733-thread-1] INFO  server.RaftServerConfigKeys (ConfUtils.java:logGet(43)) - raft.server.log.segment.size.max = 1048576 (custom)
2019-09-25 12:07:01,251 [pool-733-thread-1] INFO  server.RaftServerConfigKeys (ConfUtils.java:logGet(43)) - raft.server.log.preallocated.size = 16384 (custom)
2019-09-25 12:07:01,251 [pool-733-thread-1] INFO  server.RaftServerConfigKeys (ConfUtils.java:logGet(43)) - raft.server.log.write.buffer.size = 33554432 (custom)
2019-09-25 12:07:01,251 [pool-733-thread-1] INFO  server.RaftServerConfigKeys (ConfUtils.java:logGet(43)) - raft.server.log.force.sync.num = 128 (default)
2019-09-25 12:07:01,251 [pool-733-thread-1] INFO  server.RaftServerConfigKeys (ConfUtils.java:logGet(43)) - raft.server.log.statemachine.data.sync = true (default)
2019-09-25 12:07:01,251 [pool-733-thread-1] INFO  server.RaftServerConfigKeys (ConfUtils.java:logGet(43)) - raft.server.log.statemachine.data.sync.timeout = 10s (default)
2019-09-25 12:07:01,251 [pool-733-thread-1] INFO  server.RaftServerConfigKeys (ConfUtils.java:logGet(43)) - raft.server.log.statemachine.data.sync.timeout.retry = -1 (default)
2019-09-25 12:07:01,251 [pool-733-thread-1] INFO  server.RaftServerConfigKeys (ConfUtils.java:logGet(43)) - raft.server.log.statemachine.data.caching.enabled = true (custom)
2019-09-25 12:07:01,252 [pool-733-thread-1] INFO  segmented.SegmentedRaftLogWorker (SegmentedRaftLogWorker.java:lambda$new$0(132)) - ab153cfe-456a-45f5-b16c-7616a9ae7eb2@group-CF8B7E038937-SegmentedRaftLogWorker: flushIndex: setUnconditionally 0 -> -1
2019-09-25 12:07:01,252 [pool-733-thread-1] INFO  server.RaftServerConfigKeys (ConfUtils.java:logGet(43)) - raft.server.snapshot.auto.trigger.enabled = true (custom)
2019-09-25 12:07:01,252 [pool-733-thread-1] INFO  server.RaftServerConfigKeys (ConfUtils.java:logGet(43)) - raft.server.snapshot.auto.trigger.threshold = 10000 (custom)
2019-09-25 12:07:01,252 [pool-733-thread-1] INFO  server.RaftServerConfigKeys (ConfUtils.java:logGet(43)) - raft.server.snapshot.retention.num.files = 5 (custom)
2019-09-25 12:07:01,252 [pool-733-thread-1] INFO  server.RaftServerConfigKeys (ConfUtils.java:logGet(43)) - raft.server.retrycache.expirytime = 600000ms (custom)
2019-09-25 12:07:01,254 [pool-733-thread-1] INFO  impl.RaftServerImpl (RaftServerImpl.java:start(185)) - ab153cfe-456a-45f5-b16c-7616a9ae7eb2@group-CF8B7E038937: start as a follower, conf=-1: [ab153cfe-456a-45f5-b16c-7616a9ae7eb2:192.168.151.73:37661], old=null
2019-09-25 12:07:01,254 [pool-733-thread-1] INFO  impl.RaftServerImpl (RaftServerImpl.java:setRole(174)) - ab153cfe-456a-45f5-b16c-7616a9ae7eb2@group-CF8B7E038937: changes role from      null to FOLLOWER at term 0 for startAsFollower
2019-09-25 12:07:01,254 [pool-733-thread-1] INFO  impl.RoleInfo (RoleInfo.java:updateAndGet(143)) - ab153cfe-456a-45f5-b16c-7616a9ae7eb2: start FollowerState
2019-09-25 12:07:01,255 [pool-733-thread-1] INFO  util.JmxRegister (JmxRegister.java:tryRegister(44)) - Successfully registered JMX Bean with object name Ratis:service=RaftServer,group=group-CF8B7E038937,id=ab153cfe-456a-45f5-b16c-7616a9ae7eb2
2019-09-25 12:07:01,257 [RatisPipelineUtilsThread] INFO  pipeline.PipelineStateManager (PipelineStateManager.java:addPipeline(56)) - Created pipeline Pipeline[ Id: cccd766d-3847-42e8-b1c8-cf8b7e038937, Nodes: ab153cfe-456a-45f5-b16c-7616a9ae7eb2{ip: 192.168.151.73, host: pr-hdds-1569-shd4m-3693607622, networkLocation: /default-rack, certSerialId: null}, Type:RATIS, Factor:ONE, State:OPEN]
2019-09-25 12:07:01,257 [RatisPipelineUtilsThread] INFO  pipeline.PipelinePlacementPolicy (PipelinePlacementPolicy.java:meetCriteria(91)) - Pipeline Placement: can't place more pipeline on heavy datanode： 994e134d-9492-4c05-a584-6f6f537d8ad3 Heaviness: 6 limit: 5
2019-09-25 12:07:01,257 [RatisPipelineUtilsThread] INFO  pipeline.PipelinePlacementPolicy (PipelinePlacementPolicy.java:meetCriteria(91)) - Pipeline Placement: can't place more pipeline on heavy datanode： f4c1a9a1-2d51-404c-8ce9-40a1851b7a0b Heaviness: 6 limit: 5
2019-09-25 12:07:01,257 [RatisPipelineUtilsThread] INFO  pipeline.PipelinePlacementPolicy (PipelinePlacementPolicy.java:meetCriteria(91)) - Pipeline Placement: can't place more pipeline on heavy datanode： f003a614-b318-424e-95ab-7ad6d1c0d2e6 Heaviness: 6 limit: 5
2019-09-25 12:07:01,258 [RatisPipelineUtilsThread] INFO  pipeline.PipelinePlacementPolicy (PipelinePlacementPolicy.java:meetCriteria(91)) - Pipeline Placement: can't place more pipeline on heavy datanode： a18b28f5-0b39-4e24-a9bc-e0bed51b7d30 Heaviness: 6 limit: 5
2019-09-25 12:07:01,258 [RatisPipelineUtilsThread] INFO  pipeline.PipelinePlacementPolicy (PipelinePlacementPolicy.java:meetCriteria(91)) - Pipeline Placement: can't place more pipeline on heavy datanode： 0b7c031f-92f6-4780-87e9-d12f3b75deed Heaviness: 6 limit: 5
2019-09-25 12:07:01,258 [RatisPipelineUtilsThread] INFO  pipeline.PipelinePlacementPolicy (PipelinePlacementPolicy.java:meetCriteria(91)) - Pipeline Placement: can't place more pipeline on heavy datanode： a3a55b85-6532-4add-86b9-f60c9f262632 Heaviness: 6 limit: 5
2019-09-25 12:07:01,261 [grpc-default-executor-1] INFO  impl.RaftServerProxy (RaftServerProxy.java:addNew(89)) - ab153cfe-456a-45f5-b16c-7616a9ae7eb2: addNew group-46DA52FD210F:[ab153cfe-456a-45f5-b16c-7616a9ae7eb2:192.168.151.73:37661] returns group-46DA52FD210F:java.util.concurrent.CompletableFuture@3abf4278[Not completed]
2019-09-25 12:07:01,262 [pool-733-thread-1] INFO  impl.RaftServerImpl (RaftServerImpl.java:<init>(95)) - ab153cfe-456a-45f5-b16c-7616a9ae7eb2: new RaftServerImpl for group-46DA52FD210F:[ab153cfe-456a-45f5-b16c-7616a9ae7eb2:192.168.151.73:37661] with ContainerStateMachine:uninitialized
2019-09-25 12:07:01,262 [pool-733-thread-1] INFO  server.RaftServerConfigKeys (ConfUtils.java:logGet(43)) - raft.server.rpc.timeout.min = 5s (custom)
2019-09-25 12:07:01,262 [pool-733-thread-1] INFO  server.RaftServerConfigKeys (ConfUtils.java:logGet(43)) - raft.server.rpc.timeout.max = 5200ms (custom)
2019-09-25 12:07:01,262 [pool-733-thread-1] INFO  server.RaftServerConfigKeys (ConfUtils.java:logGet(43)) - raft.server.rpcslowness.timeout = 120s (custom)
2019-09-25 12:07:01,262 [pool-733-thread-1] INFO  server.RaftServerConfigKeys (ConfUtils.java:logGet(43)) - raft.server.sleep.deviation.threshold = 300 (default)
2019-09-25 12:07:01,262 [pool-733-thread-1] INFO  server.RaftServerConfigKeys (ConfUtils.java:logGet(43)) - raft.server.log.appender.install.snapshot.enabled = false (custom)
2019-09-25 12:07:01,262 [pool-733-thread-1] INFO  impl.RaftServerImpl (ServerState.java:<init>(103)) - ab153cfe-456a-45f5-b16c-7616a9ae7eb2@group-46DA52FD210F: ConfigurationManager, init=-1: [ab153cfe-456a-45f5-b16c-7616a9ae7eb2:192.168.151.73:37661], old=null, confs=<EMPTY_MAP>
2019-09-25 12:07:01,262 [pool-733-thread-1] INFO  server.RaftServerConfigKeys (ConfUtils.java:logGet(43)) - raft.server.storage.dir = [/workdir/hadoop-ozone/integration-test/target/test-dir/MiniOzoneClusterImpl-ed40a7f8-0b2f-4da3-bf53-40ad2b647f29/datanode-6/data/ratis] (custom)
2019-09-25 12:07:01,263 [pool-733-thread-1] INFO  storage.RaftStorageDirectory (RaftStorageDirectory.java:analyzeStorage(246)) - The storage directory /workdir/hadoop-ozone/integration-test/target/test-dir/MiniOzoneClusterImpl-ed40a7f8-0b2f-4da3-bf53-40ad2b647f29/datanode-6/data/ratis/961d6eda-12f4-4ae0-8511-46da52fd210f does not exist. Creating ...
2019-09-25 12:07:01,276 [pool-733-thread-1] INFO  storage.RaftStorageDirectory (RaftStorageDirectory.java:tryLock(328)) - Lock on /workdir/hadoop-ozone/integration-test/target/test-dir/MiniOzoneClusterImpl-ed40a7f8-0b2f-4da3-bf53-40ad2b647f29/datanode-6/data/ratis/961d6eda-12f4-4ae0-8511-46da52fd210f/in_use.lock acquired by nodename 24979@pr-hdds-1569-shd4m-3693607622
2019-09-25 12:07:01,289 [pool-733-thread-1] INFO  storage.RaftStorage (RaftStorage.java:format(72)) - Storage directory /workdir/hadoop-ozone/integration-test/target/test-dir/MiniOzoneClusterImpl-ed40a7f8-0b2f-4da3-bf53-40ad2b647f29/datanode-6/data/ratis/961d6eda-12f4-4ae0-8511-46da52fd210f has been successfully formatted.
2019-09-25 12:07:01,289 [pool-733-thread-1] INFO  ratis.ContainerStateMachine (ContainerStateMachine.java:loadSnapshot(230)) - group-46DA52FD210F: The snapshot info is null. Setting the last applied indexto:(t:0, i:~)
2019-09-25 12:07:01,289 [pool-733-thread-1] INFO  server.RaftServerConfigKeys (ConfUtils.java:logGet(43)) - raft.server.notification.no-leader.timeout = 120s (custom)
2019-09-25 12:07:01,290 [pool-733-thread-1] INFO  server.RaftServerConfigKeys (ConfUtils.java:logGet(43)) - raft.server.log.use.memory = false (default)
2019-09-25 12:07:01,290 [pool-733-thread-1] INFO  server.RaftServerConfigKeys (ConfUtils.java:logGet(43)) - raft.server.log.purge.gap = 1000000 (custom)
2019-09-25 12:07:01,290 [pool-733-thread-1] INFO  server.RaftServerConfigKeys (ConfUtils.java:logGet(43)) - raft.server.log.appender.buffer.byte-limit = 33554432 (custom)
2019-09-25 12:07:01,290 [pool-733-thread-1] INFO  server.RaftServerConfigKeys (ConfUtils.java:logGet(43)) - raft.server.log.segment.size.max = 1048576 (custom)
2019-09-25 12:07:01,290 [pool-733-thread-1] INFO  server.RaftServerConfigKeys (ConfUtils.java:logGet(43)) - raft.server.log.segment.cache.num.max = 2 (custom)
2019-09-25 12:07:01,290 [pool-733-thread-1] INFO  segmented.SegmentedRaftLogWorker (SegmentedRaftLogWorker.java:<init>(172)) - new ab153cfe-456a-45f5-b16c-7616a9ae7eb2@group-46DA52FD210F-SegmentedRaftLogWorker for RaftStorage:Storage Directory /workdir/hadoop-ozone/integration-test/target/test-dir/MiniOzoneClusterImpl-ed40a7f8-0b2f-4da3-bf53-40ad2b647f29/datanode-6/data/ratis/961d6eda-12f4-4ae0-8511-46da52fd210f
2019-09-25 12:07:01,290 [pool-733-thread-1] INFO  server.RaftServerConfigKeys (ConfUtils.java:logGet(43)) - raft.server.log.queue.byte-limit = 2147483647 (custom)
2019-09-25 12:07:01,291 [pool-733-thread-1] INFO  server.RaftServerConfigKeys (ConfUtils.java:logGet(43)) - raft.server.log.queue.element-limit = 1024 (custom)
2019-09-25 12:07:01,291 [pool-733-thread-1] INFO  server.RaftServerConfigKeys (ConfUtils.java:logGet(43)) - raft.server.log.segment.size.max = 1048576 (custom)
2019-09-25 12:07:01,291 [pool-733-thread-1] INFO  server.RaftServerConfigKeys (ConfUtils.java:logGet(43)) - raft.server.log.preallocated.size = 16384 (custom)
2019-09-25 12:07:01,291 [pool-733-thread-1] INFO  server.RaftServerConfigKeys (ConfUtils.java:logGet(43)) - raft.server.log.write.buffer.size = 33554432 (custom)
2019-09-25 12:07:01,291 [pool-733-thread-1] INFO  server.RaftServerConfigKeys (ConfUtils.java:logGet(43)) - raft.server.log.force.sync.num = 128 (default)
2019-09-25 12:07:01,291 [pool-733-thread-1] INFO  server.RaftServerConfigKeys (ConfUtils.java:logGet(43)) - raft.server.log.statemachine.data.sync = true (default)
2019-09-25 12:07:01,291 [pool-733-thread-1] INFO  server.RaftServerConfigKeys (ConfUtils.java:logGet(43)) - raft.server.log.statemachine.data.sync.timeout = 10s (default)
2019-09-25 12:07:01,292 [pool-733-thread-1] INFO  server.RaftServerConfigKeys (ConfUtils.java:logGet(43)) - raft.server.log.statemachine.data.sync.timeout.retry = -1 (default)
2019-09-25 12:07:01,292 [pool-733-thread-1] INFO  server.RaftServerConfigKeys (ConfUtils.java:logGet(43)) - raft.server.log.statemachine.data.caching.enabled = true (custom)
2019-09-25 12:07:01,292 [pool-733-thread-1] INFO  segmented.SegmentedRaftLogWorker (SegmentedRaftLogWorker.java:lambda$new$0(132)) - ab153cfe-456a-45f5-b16c-7616a9ae7eb2@group-46DA52FD210F-SegmentedRaftLogWorker: flushIndex: setUnconditionally 0 -> -1
2019-09-25 12:07:01,292 [pool-733-thread-1] INFO  server.RaftServerConfigKeys (ConfUtils.java:logGet(43)) - raft.server.snapshot.auto.trigger.enabled = true (custom)
2019-09-25 12:07:01,292 [pool-733-thread-1] INFO  server.RaftServerConfigKeys (ConfUtils.java:logGet(43)) - raft.server.snapshot.auto.trigger.threshold = 10000 (custom)
2019-09-25 12:07:01,293 [pool-733-thread-1] INFO  server.RaftServerConfigKeys (ConfUtils.java:logGet(43)) - raft.server.snapshot.retention.num.files = 5 (custom)
2019-09-25 12:07:01,293 [pool-733-thread-1] INFO  server.RaftServerConfigKeys (ConfUtils.java:logGet(43)) - raft.server.retrycache.expirytime = 600000ms (custom)
2019-09-25 12:07:01,295 [pool-733-thread-1] INFO  impl.RaftServerImpl (RaftServerImpl.java:start(185)) - ab153cfe-456a-45f5-b16c-7616a9ae7eb2@group-46DA52FD210F: start as a follower, conf=-1: [ab153cfe-456a-45f5-b16c-7616a9ae7eb2:192.168.151.73:37661], old=null
2019-09-25 12:07:01,295 [pool-733-thread-1] INFO  impl.RaftServerImpl (RaftServerImpl.java:setRole(174)) - ab153cfe-456a-45f5-b16c-7616a9ae7eb2@group-46DA52FD210F: changes role from      null to FOLLOWER at term 0 for startAsFollower
2019-09-25 12:07:01,295 [pool-733-thread-1] INFO  impl.RoleInfo (RoleInfo.java:updateAndGet(143)) - ab153cfe-456a-45f5-b16c-7616a9ae7eb2: start FollowerState
2019-09-25 12:07:01,295 [pool-733-thread-1] INFO  util.JmxRegister (JmxRegister.java:tryRegister(44)) - Successfully registered JMX Bean with object name Ratis:service=RaftServer,group=group-46DA52FD210F,id=ab153cfe-456a-45f5-b16c-7616a9ae7eb2
2019-09-25 12:07:01,297 [RatisPipelineUtilsThread] INFO  pipeline.PipelineStateManager (PipelineStateManager.java:addPipeline(56)) - Created pipeline Pipeline[ Id: 961d6eda-12f4-4ae0-8511-46da52fd210f, Nodes: ab153cfe-456a-45f5-b16c-7616a9ae7eb2{ip: 192.168.151.73, host: pr-hdds-1569-shd4m-3693607622, networkLocation: /default-rack, certSerialId: null}, Type:RATIS, Factor:ONE, State:OPEN]
2019-09-25 12:07:01,297 [RatisPipelineUtilsThread] INFO  pipeline.PipelinePlacementPolicy (PipelinePlacementPolicy.java:meetCriteria(91)) - Pipeline Placement: can't place more pipeline on heavy datanode： 994e134d-9492-4c05-a584-6f6f537d8ad3 Heaviness: 6 limit: 5
2019-09-25 12:07:01,298 [RatisPipelineUtilsThread] INFO  pipeline.PipelinePlacementPolicy (PipelinePlacementPolicy.java:meetCriteria(91)) - Pipeline Placement: can't place more pipeline on heavy datanode： f4c1a9a1-2d51-404c-8ce9-40a1851b7a0b Heaviness: 6 limit: 5
2019-09-25 12:07:01,298 [RatisPipelineUtilsThread] INFO  pipeline.PipelinePlacementPolicy (PipelinePlacementPolicy.java:meetCriteria(91)) - Pipeline Placement: can't place more pipeline on heavy datanode： f003a614-b318-424e-95ab-7ad6d1c0d2e6 Heaviness: 6 limit: 5
2019-09-25 12:07:01,298 [RatisPipelineUtilsThread] INFO  pipeline.PipelinePlacementPolicy (PipelinePlacementPolicy.java:meetCriteria(91)) - Pipeline Placement: can't place more pipeline on heavy datanode： a18b28f5-0b39-4e24-a9bc-e0bed51b7d30 Heaviness: 6 limit: 5
2019-09-25 12:07:01,298 [RatisPipelineUtilsThread] INFO  pipeline.PipelinePlacementPolicy (PipelinePlacementPolicy.java:meetCriteria(91)) - Pipeline Placement: can't place more pipeline on heavy datanode： 0b7c031f-92f6-4780-87e9-d12f3b75deed Heaviness: 6 limit: 5
2019-09-25 12:07:01,298 [RatisPipelineUtilsThread] INFO  pipeline.PipelinePlacementPolicy (PipelinePlacementPolicy.java:meetCriteria(91)) - Pipeline Placement: can't place more pipeline on heavy datanode： a3a55b85-6532-4add-86b9-f60c9f262632 Heaviness: 6 limit: 5
2019-09-25 12:07:01,301 [grpc-default-executor-1] INFO  impl.RaftServerProxy (RaftServerProxy.java:addNew(89)) - ab153cfe-456a-45f5-b16c-7616a9ae7eb2: addNew group-C6596CCC7DE9:[ab153cfe-456a-45f5-b16c-7616a9ae7eb2:192.168.151.73:37661] returns group-C6596CCC7DE9:java.util.concurrent.CompletableFuture@639522f0[Not completed]
2019-09-25 12:07:01,302 [pool-733-thread-1] INFO  impl.RaftServerImpl (RaftServerImpl.java:<init>(95)) - ab153cfe-456a-45f5-b16c-7616a9ae7eb2: new RaftServerImpl for group-C6596CCC7DE9:[ab153cfe-456a-45f5-b16c-7616a9ae7eb2:192.168.151.73:37661] with ContainerStateMachine:uninitialized
2019-09-25 12:07:01,302 [pool-733-thread-1] INFO  server.RaftServerConfigKeys (ConfUtils.java:logGet(43)) - raft.server.rpc.timeout.min = 5s (custom)
2019-09-25 12:07:01,302 [pool-733-thread-1] INFO  server.RaftServerConfigKeys (ConfUtils.java:logGet(43)) - raft.server.rpc.timeout.max = 5200ms (custom)
2019-09-25 12:07:01,302 [pool-733-thread-1] INFO  server.RaftServerConfigKeys (ConfUtils.java:logGet(43)) - raft.server.rpcslowness.timeout = 120s (custom)
2019-09-25 12:07:01,302 [pool-733-thread-1] INFO  server.RaftServerConfigKeys (ConfUtils.java:logGet(43)) - raft.server.sleep.deviation.threshold = 300 (default)
2019-09-25 12:07:01,303 [pool-733-thread-1] INFO  server.RaftServerConfigKeys (ConfUtils.java:logGet(43)) - raft.server.log.appender.install.snapshot.enabled = false (custom)
2019-09-25 12:07:01,303 [pool-733-thread-1] INFO  impl.RaftServerImpl (ServerState.java:<init>(103)) - ab153cfe-456a-45f5-b16c-7616a9ae7eb2@group-C6596CCC7DE9: ConfigurationManager, init=-1: [ab153cfe-456a-45f5-b16c-7616a9ae7eb2:192.168.151.73:37661], old=null, confs=<EMPTY_MAP>
2019-09-25 12:07:01,303 [pool-733-thread-1] INFO  server.RaftServerConfigKeys (ConfUtils.java:logGet(43)) - raft.server.storage.dir = [/workdir/hadoop-ozone/integration-test/target/test-dir/MiniOzoneClusterImpl-ed40a7f8-0b2f-4da3-bf53-40ad2b647f29/datanode-6/data/ratis] (custom)
2019-09-25 12:07:01,303 [pool-733-thread-1] INFO  storage.RaftStorageDirectory (RaftStorageDirectory.java:analyzeStorage(246)) - The storage directory /workdir/hadoop-ozone/integration-test/target/test-dir/MiniOzoneClusterImpl-ed40a7f8-0b2f-4da3-bf53-40ad2b647f29/datanode-6/data/ratis/4dc31a9c-485f-42bf-9e03-c6596ccc7de9 does not exist. Creating ...
2019-09-25 12:07:01,316 [pool-733-thread-1] INFO  storage.RaftStorageDirectory (RaftStorageDirectory.java:tryLock(328)) - Lock on /workdir/hadoop-ozone/integration-test/target/test-dir/MiniOzoneClusterImpl-ed40a7f8-0b2f-4da3-bf53-40ad2b647f29/datanode-6/data/ratis/4dc31a9c-485f-42bf-9e03-c6596ccc7de9/in_use.lock acquired by nodename 24979@pr-hdds-1569-shd4m-3693607622
2019-09-25 12:07:01,329 [pool-733-thread-1] INFO  storage.RaftStorage (RaftStorage.java:format(72)) - Storage directory /workdir/hadoop-ozone/integration-test/target/test-dir/MiniOzoneClusterImpl-ed40a7f8-0b2f-4da3-bf53-40ad2b647f29/datanode-6/data/ratis/4dc31a9c-485f-42bf-9e03-c6596ccc7de9 has been successfully formatted.
2019-09-25 12:07:01,329 [pool-733-thread-1] INFO  ratis.ContainerStateMachine (ContainerStateMachine.java:loadSnapshot(230)) - group-C6596CCC7DE9: The snapshot info is null. Setting the last applied indexto:(t:0, i:~)
2019-09-25 12:07:01,329 [pool-733-thread-1] INFO  server.RaftServerConfigKeys (ConfUtils.java:logGet(43)) - raft.server.notification.no-leader.timeout = 120s (custom)
2019-09-25 12:07:01,329 [pool-733-thread-1] INFO  server.RaftServerConfigKeys (ConfUtils.java:logGet(43)) - raft.server.log.use.memory = false (default)
2019-09-25 12:07:01,329 [pool-733-thread-1] INFO  server.RaftServerConfigKeys (ConfUtils.java:logGet(43)) - raft.server.log.purge.gap = 1000000 (custom)
2019-09-25 12:07:01,329 [pool-733-thread-1] INFO  server.RaftServerConfigKeys (ConfUtils.java:logGet(43)) - raft.server.log.appender.buffer.byte-limit = 33554432 (custom)
2019-09-25 12:07:01,330 [pool-733-thread-1] INFO  server.RaftServerConfigKeys (ConfUtils.java:logGet(43)) - raft.server.log.segment.size.max = 1048576 (custom)
2019-09-25 12:07:01,330 [pool-733-thread-1] INFO  server.RaftServerConfigKeys (ConfUtils.java:logGet(43)) - raft.server.log.segment.cache.num.max = 2 (custom)
2019-09-25 12:07:01,330 [pool-733-thread-1] INFO  segmented.SegmentedRaftLogWorker (SegmentedRaftLogWorker.java:<init>(172)) - new ab153cfe-456a-45f5-b16c-7616a9ae7eb2@group-C6596CCC7DE9-SegmentedRaftLogWorker for RaftStorage:Storage Directory /workdir/hadoop-ozone/integration-test/target/test-dir/MiniOzoneClusterImpl-ed40a7f8-0b2f-4da3-bf53-40ad2b647f29/datanode-6/data/ratis/4dc31a9c-485f-42bf-9e03-c6596ccc7de9
2019-09-25 12:07:01,330 [pool-733-thread-1] INFO  server.RaftServerConfigKeys (ConfUtils.java:logGet(43)) - raft.server.log.queue.byte-limit = 2147483647 (custom)
2019-09-25 12:07:01,330 [pool-733-thread-1] INFO  server.RaftServerConfigKeys (ConfUtils.java:logGet(43)) - raft.server.log.queue.element-limit = 1024 (custom)
2019-09-25 12:07:01,330 [pool-733-thread-1] INFO  server.RaftServerConfigKeys (ConfUtils.java:logGet(43)) - raft.server.log.segment.size.max = 1048576 (custom)
2019-09-25 12:07:01,330 [pool-733-thread-1] INFO  server.RaftServerConfigKeys (ConfUtils.java:logGet(43)) - raft.server.log.preallocated.size = 16384 (custom)
2019-09-25 12:07:01,331 [pool-733-thread-1] INFO  server.RaftServerConfigKeys (ConfUtils.java:logGet(43)) - raft.server.log.write.buffer.size = 33554432 (custom)
2019-09-25 12:07:01,331 [pool-733-thread-1] INFO  server.RaftServerConfigKeys (ConfUtils.java:logGet(43)) - raft.server.log.force.sync.num = 128 (default)
2019-09-25 12:07:01,331 [pool-733-thread-1] INFO  server.RaftServerConfigKeys (ConfUtils.java:logGet(43)) - raft.server.log.statemachine.data.sync = true (default)
2019-09-25 12:07:01,331 [pool-733-thread-1] INFO  server.RaftServerConfigKeys (ConfUtils.java:logGet(43)) - raft.server.log.statemachine.data.sync.timeout = 10s (default)
2019-09-25 12:07:01,331 [pool-733-thread-1] INFO  server.RaftServerConfigKeys (ConfUtils.java:logGet(43)) - raft.server.log.statemachine.data.sync.timeout.retry = -1 (default)
2019-09-25 12:07:01,331 [pool-733-thread-1] INFO  server.RaftServerConfigKeys (ConfUtils.java:logGet(43)) - raft.server.log.statemachine.data.caching.enabled = true (custom)
2019-09-25 12:07:01,331 [pool-733-thread-1] INFO  segmented.SegmentedRaftLogWorker (SegmentedRaftLogWorker.java:lambda$new$0(132)) - ab153cfe-456a-45f5-b16c-7616a9ae7eb2@group-C6596CCC7DE9-SegmentedRaftLogWorker: flushIndex: setUnconditionally 0 -> -1
2019-09-25 12:07:01,332 [pool-733-thread-1] INFO  server.RaftServerConfigKeys (ConfUtils.java:logGet(43)) - raft.server.snapshot.auto.trigger.enabled = true (custom)
2019-09-25 12:07:01,332 [pool-733-thread-1] INFO  server.RaftServerConfigKeys (ConfUtils.java:logGet(43)) - raft.server.snapshot.auto.trigger.threshold = 10000 (custom)
2019-09-25 12:07:01,332 [pool-733-thread-1] INFO  server.RaftServerConfigKeys (ConfUtils.java:logGet(43)) - raft.server.snapshot.retention.num.files = 5 (custom)
2019-09-25 12:07:01,332 [pool-733-thread-1] INFO  server.RaftServerConfigKeys (ConfUtils.java:logGet(43)) - raft.server.retrycache.expirytime = 600000ms (custom)
2019-09-25 12:07:01,334 [pool-733-thread-1] INFO  impl.RaftServerImpl (RaftServerImpl.java:start(185)) - ab153cfe-456a-45f5-b16c-7616a9ae7eb2@group-C6596CCC7DE9: start as a follower, conf=-1: [ab153cfe-456a-45f5-b16c-7616a9ae7eb2:192.168.151.73:37661], old=null
2019-09-25 12:07:01,334 [pool-733-thread-1] INFO  impl.RaftServerImpl (RaftServerImpl.java:setRole(174)) - ab153cfe-456a-45f5-b16c-7616a9ae7eb2@group-C6596CCC7DE9: changes role from      null to FOLLOWER at term 0 for startAsFollower
2019-09-25 12:07:01,334 [pool-733-thread-1] INFO  impl.RoleInfo (RoleInfo.java:updateAndGet(143)) - ab153cfe-456a-45f5-b16c-7616a9ae7eb2: start FollowerState
2019-09-25 12:07:01,334 [pool-733-thread-1] INFO  util.JmxRegister (JmxRegister.java:tryRegister(44)) - Successfully registered JMX Bean with object name Ratis:service=RaftServer,group=group-C6596CCC7DE9,id=ab153cfe-456a-45f5-b16c-7616a9ae7eb2
2019-09-25 12:07:01,336 [RatisPipelineUtilsThread] INFO  pipeline.PipelineStateManager (PipelineStateManager.java:addPipeline(56)) - Created pipeline Pipeline[ Id: 4dc31a9c-485f-42bf-9e03-c6596ccc7de9, Nodes: ab153cfe-456a-45f5-b16c-7616a9ae7eb2{ip: 192.168.151.73, host: pr-hdds-1569-shd4m-3693607622, networkLocation: /default-rack, certSerialId: null}, Type:RATIS, Factor:ONE, State:OPEN]
2019-09-25 12:07:01,336 [RatisPipelineUtilsThread] INFO  pipeline.PipelinePlacementPolicy (PipelinePlacementPolicy.java:meetCriteria(91)) - Pipeline Placement: can't place more pipeline on heavy datanode： 994e134d-9492-4c05-a584-6f6f537d8ad3 Heaviness: 6 limit: 5
2019-09-25 12:07:01,337 [RatisPipelineUtilsThread] INFO  pipeline.PipelinePlacementPolicy (PipelinePlacementPolicy.java:meetCriteria(91)) - Pipeline Placement: can't place more pipeline on heavy datanode： ab153cfe-456a-45f5-b16c-7616a9ae7eb2 Heaviness: 6 limit: 5
2019-09-25 12:07:01,337 [RatisPipelineUtilsThread] INFO  pipeline.PipelinePlacementPolicy (PipelinePlacementPolicy.java:meetCriteria(91)) - Pipeline Placement: can't place more pipeline on heavy datanode： f4c1a9a1-2d51-404c-8ce9-40a1851b7a0b Heaviness: 6 limit: 5
2019-09-25 12:07:01,337 [RatisPipelineUtilsThread] INFO  pipeline.PipelinePlacementPolicy (PipelinePlacementPolicy.java:meetCriteria(91)) - Pipeline Placement: can't place more pipeline on heavy datanode： f003a614-b318-424e-95ab-7ad6d1c0d2e6 Heaviness: 6 limit: 5
2019-09-25 12:07:01,337 [RatisPipelineUtilsThread] INFO  pipeline.PipelinePlacementPolicy (PipelinePlacementPolicy.java:meetCriteria(91)) - Pipeline Placement: can't place more pipeline on heavy datanode： a18b28f5-0b39-4e24-a9bc-e0bed51b7d30 Heaviness: 6 limit: 5
2019-09-25 12:07:01,337 [RatisPipelineUtilsThread] INFO  pipeline.PipelinePlacementPolicy (PipelinePlacementPolicy.java:meetCriteria(91)) - Pipeline Placement: can't place more pipeline on heavy datanode： 0b7c031f-92f6-4780-87e9-d12f3b75deed Heaviness: 6 limit: 5
2019-09-25 12:07:01,337 [RatisPipelineUtilsThread] INFO  pipeline.PipelinePlacementPolicy (PipelinePlacementPolicy.java:meetCriteria(91)) - Pipeline Placement: can't place more pipeline on heavy datanode： a3a55b85-6532-4add-86b9-f60c9f262632 Heaviness: 6 limit: 5
2019-09-25 12:07:01,338 [RatisPipelineUtilsThread] ERROR pipeline.PipelinePlacementPolicy (PipelinePlacementPolicy.java:filterViableNodes(148)) - Unable to find enough nodes that meet the criteria that cannot engage in more than 5 pipelines. Nodes required: 1 Found: 0, healthy nodes count inNodeManager: 7.
2019-09-25 12:07:01,338 [RatisPipelineUtilsThread] ERROR pipeline.SCMPipelineManager (SCMPipelineManager.java:createPipeline(167)) - Pipeline creation failed.
org.apache.hadoop.hdds.scm.exceptions.SCMException: Unable to find enough nodes that meet the criteria that cannot engage in more than 5 pipelines. Nodes required: 1 Found: 0, healthy nodes count inNodeManager: 7.
	at org.apache.hadoop.hdds.scm.pipeline.PipelinePlacementPolicy.filterViableNodes(PipelinePlacementPolicy.java:149)
	at org.apache.hadoop.hdds.scm.pipeline.PipelinePlacementPolicy.chooseDatanodes(PipelinePlacementPolicy.java:172)
	at org.apache.hadoop.hdds.scm.pipeline.RatisPipelineProvider.create(RatisPipelineProvider.java:93)
	at org.apache.hadoop.hdds.scm.pipeline.PipelineFactory.create(PipelineFactory.java:58)
	at org.apache.hadoop.hdds.scm.pipeline.SCMPipelineManager.createPipeline(SCMPipelineManager.java:155)
	at org.apache.hadoop.hdds.scm.pipeline.BackgroundPipelineCreator.createPipelines(BackgroundPipelineCreator.java:99)
	at java.util.concurrent.Executors$RunnableAdapter.call(Executors.java:511)
	at java.util.concurrent.FutureTask.run(FutureTask.java:266)
	at java.util.concurrent.ScheduledThreadPoolExecutor$ScheduledFutureTask.access$201(ScheduledThreadPoolExecutor.java:180)
	at java.util.concurrent.ScheduledThreadPoolExecutor$ScheduledFutureTask.run(ScheduledThreadPoolExecutor.java:293)
	at java.util.concurrent.ThreadPoolExecutor.runWorker(ThreadPoolExecutor.java:1149)
	at java.util.concurrent.ThreadPoolExecutor$Worker.run(ThreadPoolExecutor.java:624)
	at java.lang.Thread.run(Thread.java:748)
2019-09-25 12:07:01,338 [RatisPipelineUtilsThread] INFO  pipeline.PipelinePlacementPolicy (PipelinePlacementPolicy.java:meetCriteria(91)) - Pipeline Placement: can't place more pipeline on heavy datanode： 994e134d-9492-4c05-a584-6f6f537d8ad3 Heaviness: 6 limit: 5
2019-09-25 12:07:01,338 [RatisPipelineUtilsThread] INFO  pipeline.PipelinePlacementPolicy (PipelinePlacementPolicy.java:meetCriteria(91)) - Pipeline Placement: can't place more pipeline on heavy datanode： ab153cfe-456a-45f5-b16c-7616a9ae7eb2 Heaviness: 6 limit: 5
2019-09-25 12:07:01,339 [RatisPipelineUtilsThread] INFO  pipeline.PipelinePlacementPolicy (PipelinePlacementPolicy.java:meetCriteria(91)) - Pipeline Placement: can't place more pipeline on heavy datanode： f4c1a9a1-2d51-404c-8ce9-40a1851b7a0b Heaviness: 6 limit: 5
2019-09-25 12:07:01,339 [RatisPipelineUtilsThread] INFO  pipeline.PipelinePlacementPolicy (PipelinePlacementPolicy.java:meetCriteria(91)) - Pipeline Placement: can't place more pipeline on heavy datanode： f003a614-b318-424e-95ab-7ad6d1c0d2e6 Heaviness: 6 limit: 5
2019-09-25 12:07:01,339 [RatisPipelineUtilsThread] INFO  pipeline.PipelinePlacementPolicy (PipelinePlacementPolicy.java:meetCriteria(91)) - Pipeline Placement: can't place more pipeline on heavy datanode： a18b28f5-0b39-4e24-a9bc-e0bed51b7d30 Heaviness: 6 limit: 5
2019-09-25 12:07:01,339 [RatisPipelineUtilsThread] INFO  pipeline.PipelinePlacementPolicy (PipelinePlacementPolicy.java:meetCriteria(91)) - Pipeline Placement: can't place more pipeline on heavy datanode： 0b7c031f-92f6-4780-87e9-d12f3b75deed Heaviness: 6 limit: 5
2019-09-25 12:07:01,339 [RatisPipelineUtilsThread] INFO  pipeline.PipelinePlacementPolicy (PipelinePlacementPolicy.java:meetCriteria(91)) - Pipeline Placement: can't place more pipeline on heavy datanode： a3a55b85-6532-4add-86b9-f60c9f262632 Heaviness: 6 limit: 5
2019-09-25 12:07:01,339 [RatisPipelineUtilsThread] ERROR pipeline.PipelinePlacementPolicy (PipelinePlacementPolicy.java:filterViableNodes(148)) - Unable to find enough nodes that meet the criteria that cannot engage in more than 5 pipelines. Nodes required: 3 Found: 0, healthy nodes count inNodeManager: 7.
2019-09-25 12:07:01,340 [RatisPipelineUtilsThread] ERROR pipeline.SCMPipelineManager (SCMPipelineManager.java:createPipeline(167)) - Pipeline creation failed.
org.apache.hadoop.hdds.scm.exceptions.SCMException: Unable to find enough nodes that meet the criteria that cannot engage in more than 5 pipelines. Nodes required: 3 Found: 0, healthy nodes count inNodeManager: 7.
	at org.apache.hadoop.hdds.scm.pipeline.PipelinePlacementPolicy.filterViableNodes(PipelinePlacementPolicy.java:149)
	at org.apache.hadoop.hdds.scm.pipeline.PipelinePlacementPolicy.chooseDatanodes(PipelinePlacementPolicy.java:172)
	at org.apache.hadoop.hdds.scm.pipeline.RatisPipelineProvider.create(RatisPipelineProvider.java:93)
	at org.apache.hadoop.hdds.scm.pipeline.PipelineFactory.create(PipelineFactory.java:58)
	at org.apache.hadoop.hdds.scm.pipeline.SCMPipelineManager.createPipeline(SCMPipelineManager.java:155)
	at org.apache.hadoop.hdds.scm.pipeline.BackgroundPipelineCreator.createPipelines(BackgroundPipelineCreator.java:99)
	at java.util.concurrent.Executors$RunnableAdapter.call(Executors.java:511)
	at java.util.concurrent.FutureTask.run(FutureTask.java:266)
	at java.util.concurrent.ScheduledThreadPoolExecutor$ScheduledFutureTask.access$201(ScheduledThreadPoolExecutor.java:180)
	at java.util.concurrent.ScheduledThreadPoolExecutor$ScheduledFutureTask.run(ScheduledThreadPoolExecutor.java:293)
	at java.util.concurrent.ThreadPoolExecutor.runWorker(ThreadPoolExecutor.java:1149)
	at java.util.concurrent.ThreadPoolExecutor$Worker.run(ThreadPoolExecutor.java:624)
	at java.lang.Thread.run(Thread.java:748)
2019-09-25 12:07:01,340 [RatisPipelineUtilsThread] INFO  pipeline.PipelinePlacementPolicy (PipelinePlacementPolicy.java:meetCriteria(91)) - Pipeline Placement: can't place more pipeline on heavy datanode： 994e134d-9492-4c05-a584-6f6f537d8ad3 Heaviness: 6 limit: 5
2019-09-25 12:07:01,340 [RatisPipelineUtilsThread] INFO  pipeline.PipelinePlacementPolicy (PipelinePlacementPolicy.java:meetCriteria(91)) - Pipeline Placement: can't place more pipeline on heavy datanode： ab153cfe-456a-45f5-b16c-7616a9ae7eb2 Heaviness: 6 limit: 5
2019-09-25 12:07:01,340 [RatisPipelineUtilsThread] INFO  pipeline.PipelinePlacementPolicy (PipelinePlacementPolicy.java:meetCriteria(91)) - Pipeline Placement: can't place more pipeline on heavy datanode： f4c1a9a1-2d51-404c-8ce9-40a1851b7a0b Heaviness: 6 limit: 5
2019-09-25 12:07:01,340 [RatisPipelineUtilsThread] INFO  pipeline.PipelinePlacementPolicy (PipelinePlacementPolicy.java:meetCriteria(91)) - Pipeline Placement: can't place more pipeline on heavy datanode： f003a614-b318-424e-95ab-7ad6d1c0d2e6 Heaviness: 6 limit: 5
2019-09-25 12:07:01,341 [RatisPipelineUtilsThread] INFO  pipeline.PipelinePlacementPolicy (PipelinePlacementPolicy.java:meetCriteria(91)) - Pipeline Placement: can't place more pipeline on heavy datanode： a18b28f5-0b39-4e24-a9bc-e0bed51b7d30 Heaviness: 6 limit: 5
2019-09-25 12:07:01,341 [RatisPipelineUtilsThread] INFO  pipeline.PipelinePlacementPolicy (PipelinePlacementPolicy.java:meetCriteria(91)) - Pipeline Placement: can't place more pipeline on heavy datanode： 0b7c031f-92f6-4780-87e9-d12f3b75deed Heaviness: 6 limit: 5
2019-09-25 12:07:01,341 [RatisPipelineUtilsThread] INFO  pipeline.PipelinePlacementPolicy (PipelinePlacementPolicy.java:meetCriteria(91)) - Pipeline Placement: can't place more pipeline on heavy datanode： a3a55b85-6532-4add-86b9-f60c9f262632 Heaviness: 6 limit: 5
2019-09-25 12:07:01,341 [RatisPipelineUtilsThread] ERROR pipeline.PipelinePlacementPolicy (PipelinePlacementPolicy.java:filterViableNodes(148)) - Unable to find enough nodes that meet the criteria that cannot engage in more than 5 pipelines. Nodes required: 1 Found: 0, healthy nodes count inNodeManager: 7.
2019-09-25 12:07:01,341 [RatisPipelineUtilsThread] ERROR pipeline.SCMPipelineManager (SCMPipelineManager.java:createPipeline(167)) - Pipeline creation failed.
org.apache.hadoop.hdds.scm.exceptions.SCMException: Unable to find enough nodes that meet the criteria that cannot engage in more than 5 pipelines. Nodes required: 1 Found: 0, healthy nodes count inNodeManager: 7.
	at org.apache.hadoop.hdds.scm.pipeline.PipelinePlacementPolicy.filterViableNodes(PipelinePlacementPolicy.java:149)
	at org.apache.hadoop.hdds.scm.pipeline.PipelinePlacementPolicy.chooseDatanodes(PipelinePlacementPolicy.java:172)
	at org.apache.hadoop.hdds.scm.pipeline.RatisPipelineProvider.create(RatisPipelineProvider.java:93)
	at org.apache.hadoop.hdds.scm.pipeline.PipelineFactory.create(PipelineFactory.java:58)
	at org.apache.hadoop.hdds.scm.pipeline.SCMPipelineManager.createPipeline(SCMPipelineManager.java:155)
	at org.apache.hadoop.hdds.scm.pipeline.BackgroundPipelineCreator.createPipelines(BackgroundPipelineCreator.java:99)
	at org.apache.hadoop.hdds.scm.pipeline.BackgroundPipelineCreator.lambda$startFixedIntervalPipelineCreator$0(BackgroundPipelineCreator.java:70)
	at java.util.concurrent.Executors$RunnableAdapter.call(Executors.java:511)
	at java.util.concurrent.FutureTask.runAndReset(FutureTask.java:308)
	at java.util.concurrent.ScheduledThreadPoolExecutor$ScheduledFutureTask.access$301(ScheduledThreadPoolExecutor.java:180)
	at java.util.concurrent.ScheduledThreadPoolExecutor$ScheduledFutureTask.run(ScheduledThreadPoolExecutor.java:294)
	at java.util.concurrent.ThreadPoolExecutor.runWorker(ThreadPoolExecutor.java:1149)
	at java.util.concurrent.ThreadPoolExecutor$Worker.run(ThreadPoolExecutor.java:624)
	at java.lang.Thread.run(Thread.java:748)
2019-09-25 12:07:01,342 [RatisPipelineUtilsThread] INFO  pipeline.PipelinePlacementPolicy (PipelinePlacementPolicy.java:meetCriteria(91)) - Pipeline Placement: can't place more pipeline on heavy datanode： 994e134d-9492-4c05-a584-6f6f537d8ad3 Heaviness: 6 limit: 5
2019-09-25 12:07:01,342 [RatisPipelineUtilsThread] INFO  pipeline.PipelinePlacementPolicy (PipelinePlacementPolicy.java:meetCriteria(91)) - Pipeline Placement: can't place more pipeline on heavy datanode： ab153cfe-456a-45f5-b16c-7616a9ae7eb2 Heaviness: 6 limit: 5
2019-09-25 12:07:01,342 [RatisPipelineUtilsThread] INFO  pipeline.PipelinePlacementPolicy (PipelinePlacementPolicy.java:meetCriteria(91)) - Pipeline Placement: can't place more pipeline on heavy datanode： f4c1a9a1-2d51-404c-8ce9-40a1851b7a0b Heaviness: 6 limit: 5
2019-09-25 12:07:01,342 [RatisPipelineUtilsThread] INFO  pipeline.PipelinePlacementPolicy (PipelinePlacementPolicy.java:meetCriteria(91)) - Pipeline Placement: can't place more pipeline on heavy datanode： f003a614-b318-424e-95ab-7ad6d1c0d2e6 Heaviness: 6 limit: 5
2019-09-25 12:07:01,342 [RatisPipelineUtilsThread] INFO  pipeline.PipelinePlacementPolicy (PipelinePlacementPolicy.java:meetCriteria(91)) - Pipeline Placement: can't place more pipeline on heavy datanode： a18b28f5-0b39-4e24-a9bc-e0bed51b7d30 Heaviness: 6 limit: 5
2019-09-25 12:07:01,342 [RatisPipelineUtilsThread] INFO  pipeline.PipelinePlacementPolicy (PipelinePlacementPolicy.java:meetCriteria(91)) - Pipeline Placement: can't place more pipeline on heavy datanode： 0b7c031f-92f6-4780-87e9-d12f3b75deed Heaviness: 6 limit: 5
2019-09-25 12:07:01,343 [RatisPipelineUtilsThread] INFO  pipeline.PipelinePlacementPolicy (PipelinePlacementPolicy.java:meetCriteria(91)) - Pipeline Placement: can't place more pipeline on heavy datanode： a3a55b85-6532-4add-86b9-f60c9f262632 Heaviness: 6 limit: 5
2019-09-25 12:07:01,343 [RatisPipelineUtilsThread] ERROR pipeline.PipelinePlacementPolicy (PipelinePlacementPolicy.java:filterViableNodes(148)) - Unable to find enough nodes that meet the criteria that cannot engage in more than 5 pipelines. Nodes required: 3 Found: 0, healthy nodes count inNodeManager: 7.
2019-09-25 12:07:01,343 [RatisPipelineUtilsThread] ERROR pipeline.SCMPipelineManager (SCMPipelineManager.java:createPipeline(167)) - Pipeline creation failed.
org.apache.hadoop.hdds.scm.exceptions.SCMException: Unable to find enough nodes that meet the criteria that cannot engage in more than 5 pipelines. Nodes required: 3 Found: 0, healthy nodes count inNodeManager: 7.
	at org.apache.hadoop.hdds.scm.pipeline.PipelinePlacementPolicy.filterViableNodes(PipelinePlacementPolicy.java:149)
	at org.apache.hadoop.hdds.scm.pipeline.PipelinePlacementPolicy.chooseDatanodes(PipelinePlacementPolicy.java:172)
	at org.apache.hadoop.hdds.scm.pipeline.RatisPipelineProvider.create(RatisPipelineProvider.java:93)
	at org.apache.hadoop.hdds.scm.pipeline.PipelineFactory.create(PipelineFactory.java:58)
	at org.apache.hadoop.hdds.scm.pipeline.SCMPipelineManager.createPipeline(SCMPipelineManager.java:155)
	at org.apache.hadoop.hdds.scm.pipeline.BackgroundPipelineCreator.createPipelines(BackgroundPipelineCreator.java:99)
	at org.apache.hadoop.hdds.scm.pipeline.BackgroundPipelineCreator.lambda$startFixedIntervalPipelineCreator$0(BackgroundPipelineCreator.java:70)
	at java.util.concurrent.Executors$RunnableAdapter.call(Executors.java:511)
	at java.util.concurrent.FutureTask.runAndReset(FutureTask.java:308)
	at java.util.concurrent.ScheduledThreadPoolExecutor$ScheduledFutureTask.access$301(ScheduledThreadPoolExecutor.java:180)
	at java.util.concurrent.ScheduledThreadPoolExecutor$ScheduledFutureTask.run(ScheduledThreadPoolExecutor.java:294)
	at java.util.concurrent.ThreadPoolExecutor.runWorker(ThreadPoolExecutor.java:1149)
	at java.util.concurrent.ThreadPoolExecutor$Worker.run(ThreadPoolExecutor.java:624)
	at java.lang.Thread.run(Thread.java:748)
2019-09-25 12:07:01,343 [IPC Server handler 1 on 43936] INFO  pipeline.PipelinePlacementPolicy (PipelinePlacementPolicy.java:meetCriteria(91)) - Pipeline Placement: can't place more pipeline on heavy datanode： 994e134d-9492-4c05-a584-6f6f537d8ad3 Heaviness: 6 limit: 5
2019-09-25 12:07:01,344 [IPC Server handler 1 on 43936] INFO  pipeline.PipelinePlacementPolicy (PipelinePlacementPolicy.java:meetCriteria(91)) - Pipeline Placement: can't place more pipeline on heavy datanode： ab153cfe-456a-45f5-b16c-7616a9ae7eb2 Heaviness: 6 limit: 5
2019-09-25 12:07:01,344 [IPC Server handler 1 on 43936] INFO  pipeline.PipelinePlacementPolicy (PipelinePlacementPolicy.java:meetCriteria(91)) - Pipeline Placement: can't place more pipeline on heavy datanode： f4c1a9a1-2d51-404c-8ce9-40a1851b7a0b Heaviness: 6 limit: 5
2019-09-25 12:07:01,344 [IPC Server handler 1 on 43936] INFO  pipeline.PipelinePlacementPolicy (PipelinePlacementPolicy.java:meetCriteria(91)) - Pipeline Placement: can't place more pipeline on heavy datanode： f003a614-b318-424e-95ab-7ad6d1c0d2e6 Heaviness: 6 limit: 5
2019-09-25 12:07:01,344 [IPC Server handler 1 on 43936] INFO  pipeline.PipelinePlacementPolicy (PipelinePlacementPolicy.java:meetCriteria(91)) - Pipeline Placement: can't place more pipeline on heavy datanode： a18b28f5-0b39-4e24-a9bc-e0bed51b7d30 Heaviness: 6 limit: 5
2019-09-25 12:07:01,344 [IPC Server handler 1 on 43936] INFO  pipeline.PipelinePlacementPolicy (PipelinePlacementPolicy.java:meetCriteria(91)) - Pipeline Placement: can't place more pipeline on heavy datanode： 0b7c031f-92f6-4780-87e9-d12f3b75deed Heaviness: 6 limit: 5
2019-09-25 12:07:01,345 [IPC Server handler 1 on 43936] INFO  pipeline.PipelinePlacementPolicy (PipelinePlacementPolicy.java:meetCriteria(91)) - Pipeline Placement: can't place more pipeline on heavy datanode： a3a55b85-6532-4add-86b9-f60c9f262632 Heaviness: 6 limit: 5
2019-09-25 12:07:01,345 [IPC Server handler 1 on 43936] ERROR pipeline.PipelinePlacementPolicy (PipelinePlacementPolicy.java:filterViableNodes(148)) - Unable to find enough nodes that meet the criteria that cannot engage in more than 5 pipelines. Nodes required: 3 Found: 0, healthy nodes count inNodeManager: 7.
2019-09-25 12:07:01,345 [IPC Server handler 1 on 43936] ERROR pipeline.SCMPipelineManager (SCMPipelineManager.java:createPipeline(167)) - Pipeline creation failed.
org.apache.hadoop.hdds.scm.exceptions.SCMException: Unable to find enough nodes that meet the criteria that cannot engage in more than 5 pipelines. Nodes required: 3 Found: 0, healthy nodes count inNodeManager: 7.
	at org.apache.hadoop.hdds.scm.pipeline.PipelinePlacementPolicy.filterViableNodes(PipelinePlacementPolicy.java:149)
	at org.apache.hadoop.hdds.scm.pipeline.PipelinePlacementPolicy.chooseDatanodes(PipelinePlacementPolicy.java:172)
	at org.apache.hadoop.hdds.scm.pipeline.RatisPipelineProvider.create(RatisPipelineProvider.java:93)
	at org.apache.hadoop.hdds.scm.pipeline.PipelineFactory.create(PipelineFactory.java:58)
	at org.apache.hadoop.hdds.scm.pipeline.SCMPipelineManager.createPipeline(SCMPipelineManager.java:155)
	at org.apache.hadoop.hdds.scm.block.BlockManagerImpl.allocateBlock(BlockManagerImpl.java:190)
	at org.apache.hadoop.hdds.scm.server.SCMBlockProtocolServer.allocateBlock(SCMBlockProtocolServer.java:182)
	at org.apache.hadoop.ozone.protocolPB.ScmBlockLocationProtocolServerSideTranslatorPB.allocateScmBlock(ScmBlockLocationProtocolServerSideTranslatorPB.java:183)
	at org.apache.hadoop.ozone.protocolPB.ScmBlockLocationProtocolServerSideTranslatorPB.processMessage(ScmBlockLocationProtocolServerSideTranslatorPB.java:141)
	at org.apache.hadoop.ozone.protocolPB.ScmBlockLocationProtocolServerSideTranslatorPB.send(ScmBlockLocationProtocolServerSideTranslatorPB.java:116)
	at org.apache.hadoop.hdds.protocol.proto.ScmBlockLocationProtocolProtos$ScmBlockLocationProtocolService$2.callBlockingMethod(ScmBlockLocationProtocolProtos.java:13157)
	at org.apache.hadoop.ipc.ProtobufRpcEngine$Server$ProtoBufRpcInvoker.call(ProtobufRpcEngine.java:524)
	at org.apache.hadoop.ipc.RPC$Server.call(RPC.java:1025)
	at org.apache.hadoop.ipc.Server$RpcCall.run(Server.java:876)
	at org.apache.hadoop.ipc.Server$RpcCall.run(Server.java:822)
	at java.security.AccessController.doPrivileged(Native Method)
	at javax.security.auth.Subject.doAs(Subject.java:422)
	at org.apache.hadoop.security.UserGroupInformation.doAs(UserGroupInformation.java:1730)
	at org.apache.hadoop.ipc.Server$Handler.run(Server.java:2682)
2019-09-25 12:07:01,345 [IPC Server handler 1 on 43936] WARN  block.BlockManagerImpl (BlockManagerImpl.java:allocateBlock(192)) - Pipeline creation failed for type:RATIS factor:THREE. Retrying get pipelines call once.
org.apache.hadoop.hdds.scm.exceptions.SCMException: Unable to find enough nodes that meet the criteria that cannot engage in more than 5 pipelines. Nodes required: 3 Found: 0, healthy nodes count inNodeManager: 7.
	at org.apache.hadoop.hdds.scm.pipeline.PipelinePlacementPolicy.filterViableNodes(PipelinePlacementPolicy.java:149)
	at org.apache.hadoop.hdds.scm.pipeline.PipelinePlacementPolicy.chooseDatanodes(PipelinePlacementPolicy.java:172)
	at org.apache.hadoop.hdds.scm.pipeline.RatisPipelineProvider.create(RatisPipelineProvider.java:93)
	at org.apache.hadoop.hdds.scm.pipeline.PipelineFactory.create(PipelineFactory.java:58)
	at org.apache.hadoop.hdds.scm.pipeline.SCMPipelineManager.createPipeline(SCMPipelineManager.java:155)
	at org.apache.hadoop.hdds.scm.block.BlockManagerImpl.allocateBlock(BlockManagerImpl.java:190)
	at org.apache.hadoop.hdds.scm.server.SCMBlockProtocolServer.allocateBlock(SCMBlockProtocolServer.java:182)
	at org.apache.hadoop.ozone.protocolPB.ScmBlockLocationProtocolServerSideTranslatorPB.allocateScmBlock(ScmBlockLocationProtocolServerSideTranslatorPB.java:183)
	at org.apache.hadoop.ozone.protocolPB.ScmBlockLocationProtocolServerSideTranslatorPB.processMessage(ScmBlockLocationProtocolServerSideTranslatorPB.java:141)
	at org.apache.hadoop.ozone.protocolPB.ScmBlockLocationProtocolServerSideTranslatorPB.send(ScmBlockLocationProtocolServerSideTranslatorPB.java:116)
	at org.apache.hadoop.hdds.protocol.proto.ScmBlockLocationProtocolProtos$ScmBlockLocationProtocolService$2.callBlockingMethod(ScmBlockLocationProtocolProtos.java:13157)
	at org.apache.hadoop.ipc.ProtobufRpcEngine$Server$ProtoBufRpcInvoker.call(ProtobufRpcEngine.java:524)
	at org.apache.hadoop.ipc.RPC$Server.call(RPC.java:1025)
	at org.apache.hadoop.ipc.Server$RpcCall.run(Server.java:876)
	at org.apache.hadoop.ipc.Server$RpcCall.run(Server.java:822)
	at java.security.AccessController.doPrivileged(Native Method)
	at javax.security.auth.Subject.doAs(Subject.java:422)
	at org.apache.hadoop.security.UserGroupInformation.doAs(UserGroupInformation.java:1730)
	at org.apache.hadoop.ipc.Server$Handler.run(Server.java:2682)
2019-09-25 12:07:01,346 [IPC Server handler 1 on 43936] INFO  block.BlockManagerImpl (BlockManagerImpl.java:allocateBlock(198)) - Could not find available pipeline of type:RATIS and factor:THREE even after retrying
2019-09-25 12:07:01,346 [IPC Server handler 1 on 43936] ERROR block.BlockManagerImpl (BlockManagerImpl.java:allocateBlock(222)) - Unable to allocate a block for the size: 800, type: RATIS, factor: THREE
2019-09-25 12:07:01,348 [main] INFO  ozone.MiniOzoneClusterImpl (MiniOzoneClusterImpl.java:shutdown(314)) - Shutting down the Mini Ozone Cluster
2019-09-25 12:07:01,348 [main] INFO  ozone.MiniOzoneClusterImpl (MiniOzoneClusterImpl.java:stop(330)) - Stopping the Mini Ozone Cluster
2019-09-25 12:07:01,348 [main] INFO  ozone.MiniOzoneClusterImpl (MiniOzoneClusterImpl.java:stopOM(400)) - Stopping the OzoneManager
2019-09-25 12:07:01,348 [main] INFO  ipc.Server (Server.java:stop(3082)) - Stopping server on 37928
2019-09-25 12:07:01,369 [main] INFO  ratis.OzoneManagerDoubleBuffer (OzoneManagerDoubleBuffer.java:stop(248)) - Stopping OMDoubleBuffer flush thread
2019-09-25 12:07:01,383 [IPC Server Responder] INFO  ipc.Server (Server.java:run(1319)) - Stopping IPC Server Responder
2019-09-25 12:07:01,373 [IPC Server listener on 37928] INFO  ipc.Server (Server.java:run(1185)) - Stopping IPC Server listener on 37928
2019-09-25 12:07:01,399 [OMDoubleBufferFlushThread] INFO  ratis.OzoneManagerDoubleBuffer (OzoneManagerDoubleBuffer.java:flushTransactions(191)) - OMDoubleBuffer flush thread OMDoubleBufferFlushThread is interrupted and will exit. OMDoubleBufferFlushThread
2019-09-25 12:07:01,403 [main] INFO  utils.BackgroundService (BackgroundService.java:shutdown(148)) - Shutting down service KeyDeletingService
2019-09-25 12:07:01,440 [main] INFO  handler.ContextHandler (ContextHandler.java:doStop(910)) - Stopped o.e.j.w.WebAppContext@7b4b8199{/,null,UNAVAILABLE}{/ozoneManager}
2019-09-25 12:07:01,443 [main] INFO  server.AbstractConnector (AbstractConnector.java:doStop(318)) - Stopped ServerConnector@4bbf20d1{HTTP/1.1,[http/1.1]}{0.0.0.0:0}
2019-09-25 12:07:01,443 [main] INFO  handler.ContextHandler (ContextHandler.java:doStop(910)) - Stopped o.e.j.s.ServletContextHandler@6248cfab{/static,file:///workdir/hadoop-ozone/integration-test/target/test-classes/webapps/static,UNAVAILABLE}
2019-09-25 12:07:01,444 [main] INFO  handler.ContextHandler (ContextHandler.java:doStop(910)) - Stopped o.e.j.s.ServletContextHandler@37e55819{/logs,file:///workdir/hadoop-ozone/integration-test/target/log,UNAVAILABLE}
2019-09-25 12:07:01,446 [main] INFO  ozone.MiniOzoneClusterImpl (MiniOzoneClusterImpl.java:stopDatanodes(377)) - Stopping the HddsDatanodes
2019-09-25 12:07:01,598 [Datanode State Machine Thread - 0] INFO  statemachine.DatanodeStateMachine (DatanodeStateMachine.java:lambda$startDaemon$0(350)) - Ozone container server started.
2019-09-25 12:07:02,257 [Thread-3966] INFO  container.ReplicationManager (ReplicationManager.java:start(163)) - Starting Replication Monitor Thread.
2019-09-25 12:07:02,265 [ReplicationMonitor] INFO  container.ReplicationManager (ReplicationManager.java:run(226)) - Replication Monitor Thread took 0 milliseconds for processing 0 containers.
2019-09-25 12:07:02,326 [Datanode State Machine Thread - 0] INFO  statemachine.DatanodeStateMachine (DatanodeStateMachine.java:lambda$startDaemon$0(350)) - Ozone container server started.
2019-09-25 12:07:04,303 [Thread-3968] INFO  impl.FollowerState (FollowerState.java:run(106)) - 0b7c031f-92f6-4780-87e9-d12f3b75deed:group-88EDF54F846B changes to CANDIDATE, lastRpcTime:5005, electionTimeout:5005ms
2019-09-25 12:07:04,303 [Thread-3968] INFO  impl.RoleInfo (RoleInfo.java:shutdownFollowerState(121)) - 0b7c031f-92f6-4780-87e9-d12f3b75deed: shutdown FollowerState
2019-09-25 12:07:04,303 [Thread-3968] INFO  impl.RaftServerImpl (RaftServerImpl.java:setRole(174)) - 0b7c031f-92f6-4780-87e9-d12f3b75deed@group-88EDF54F846B: changes role from  FOLLOWER to CANDIDATE at term 0 for changeToCandidate
2019-09-25 12:07:04,303 [Thread-3968] INFO  impl.RoleInfo (RoleInfo.java:updateAndGet(143)) - 0b7c031f-92f6-4780-87e9-d12f3b75deed: start LeaderElection
2019-09-25 12:07:04,338 [0b7c031f-92f6-4780-87e9-d12f3b75deed@group-88EDF54F846B:LeaderElection299] INFO  impl.LeaderElection (LeaderElection.java:askForVotes(182)) - 0b7c031f-92f6-4780-87e9-d12f3b75deed@group-88EDF54F846B:LeaderElection299: begin an election at term 1 for -1: [0b7c031f-92f6-4780-87e9-d12f3b75deed:192.168.151.73:38949], old=null
2019-09-25 12:07:04,338 [0b7c031f-92f6-4780-87e9-d12f3b75deed@group-88EDF54F846B:LeaderElection299] INFO  impl.RoleInfo (RoleInfo.java:shutdownLeaderElection(134)) - 0b7c031f-92f6-4780-87e9-d12f3b75deed: shutdown LeaderElection
2019-09-25 12:07:04,338 [0b7c031f-92f6-4780-87e9-d12f3b75deed@group-88EDF54F846B:LeaderElection299] INFO  impl.RaftServerImpl (RaftServerImpl.java:setRole(174)) - 0b7c031f-92f6-4780-87e9-d12f3b75deed@group-88EDF54F846B: changes role from CANDIDATE to LEADER at term 1 for changeToLeader
2019-09-25 12:07:04,338 [0b7c031f-92f6-4780-87e9-d12f3b75deed@group-88EDF54F846B:LeaderElection299] INFO  impl.RaftServerImpl (ServerState.java:setLeader(253)) - 0b7c031f-92f6-4780-87e9-d12f3b75deed@group-88EDF54F846B: change Leader from null to 0b7c031f-92f6-4780-87e9-d12f3b75deed at term 1 for becomeLeader, leader elected after 5046ms
2019-09-25 12:07:04,338 [0b7c031f-92f6-4780-87e9-d12f3b75deed@group-88EDF54F846B:LeaderElection299] INFO  server.RaftServerConfigKeys (ConfUtils.java:logGet(43)) - raft.server.staging.catchup.gap = 1000 (default)
2019-09-25 12:07:04,339 [0b7c031f-92f6-4780-87e9-d12f3b75deed@group-88EDF54F846B:LeaderElection299] INFO  server.RaftServerConfigKeys (ConfUtils.java:logGet(43)) - raft.server.rpc.sleep.time = 25ms (default)
2019-09-25 12:07:04,339 [0b7c031f-92f6-4780-87e9-d12f3b75deed@group-88EDF54F846B:LeaderElection299] INFO  server.RaftServerConfigKeys (ConfUtils.java:logGet(43)) - raft.server.write.element-limit = 4096 (default)
2019-09-25 12:07:04,339 [0b7c031f-92f6-4780-87e9-d12f3b75deed@group-88EDF54F846B:LeaderElection299] INFO  server.RaftServerConfigKeys (ConfUtils.java:logGet(43)) - raft.server.watch.timeout = 10s (default)
2019-09-25 12:07:04,339 [0b7c031f-92f6-4780-87e9-d12f3b75deed@group-88EDF54F846B:LeaderElection299] INFO  server.RaftServerConfigKeys (ConfUtils.java:logGet(43)) - raft.server.watch.timeout.denomination = 1s (default)
2019-09-25 12:07:04,339 [0b7c031f-92f6-4780-87e9-d12f3b75deed@group-88EDF54F846B:LeaderElection299] INFO  server.RaftServerConfigKeys (ConfUtils.java:logGet(43)) - raft.server.watch.element-limit = 65536 (default)
2019-09-25 12:07:04,341 [0b7c031f-92f6-4780-87e9-d12f3b75deed@group-88EDF54F846B:LeaderElection299] INFO  impl.RoleInfo (RoleInfo.java:updateAndGet(143)) - 0b7c031f-92f6-4780-87e9-d12f3b75deed: start LeaderState
2019-09-25 12:07:04,342 [0b7c031f-92f6-4780-87e9-d12f3b75deed@group-88EDF54F846B:LeaderElection299] INFO  segmented.SegmentedRaftLogWorker (SegmentedRaftLogWorker.java:startLogSegment(380)) - 0b7c031f-92f6-4780-87e9-d12f3b75deed@group-88EDF54F846B-SegmentedRaftLogWorker: Starting segment from index:0
2019-09-25 12:07:04,342 [0b7c031f-92f6-4780-87e9-d12f3b75deed@group-88EDF54F846B:LeaderElection299] INFO  impl.RaftServerImpl (ServerState.java:setRaftConf(354)) - 0b7c031f-92f6-4780-87e9-d12f3b75deed@group-88EDF54F846B: set configuration 0: [0b7c031f-92f6-4780-87e9-d12f3b75deed:192.168.151.73:38949], old=null at 0
2019-09-25 12:07:04,395 [0b7c031f-92f6-4780-87e9-d12f3b75deed@group-88EDF54F846B-SegmentedRaftLogWorker] INFO  segmented.SegmentedRaftLogWorker (SegmentedRaftLogWorker.java:execute(569)) - 0b7c031f-92f6-4780-87e9-d12f3b75deed@group-88EDF54F846B-SegmentedRaftLogWorker: created new log segment /workdir/hadoop-ozone/integration-test/target/test-dir/MiniOzoneClusterImpl-ed40a7f8-0b2f-4da3-bf53-40ad2b647f29/datanode-0/data/ratis/b42495c4-2bf0-4ca0-8a76-88edf54f846b/current/log_inprogress_0
2019-09-25 12:07:04,465 [Thread-3971] INFO  impl.FollowerState (FollowerState.java:run(106)) - 0b7c031f-92f6-4780-87e9-d12f3b75deed:group-9767C1E85BEC changes to CANDIDATE, lastRpcTime:5130, electionTimeout:5130ms
2019-09-25 12:07:04,465 [Thread-3971] INFO  impl.RoleInfo (RoleInfo.java:shutdownFollowerState(121)) - 0b7c031f-92f6-4780-87e9-d12f3b75deed: shutdown FollowerState
2019-09-25 12:07:04,465 [Thread-3971] INFO  impl.RaftServerImpl (RaftServerImpl.java:setRole(174)) - 0b7c031f-92f6-4780-87e9-d12f3b75deed@group-9767C1E85BEC: changes role from  FOLLOWER to CANDIDATE at term 0 for changeToCandidate
2019-09-25 12:07:04,465 [Thread-3971] INFO  impl.RoleInfo (RoleInfo.java:updateAndGet(143)) - 0b7c031f-92f6-4780-87e9-d12f3b75deed: start LeaderElection
2019-09-25 12:07:04,486 [0b7c031f-92f6-4780-87e9-d12f3b75deed@group-9767C1E85BEC:LeaderElection300] INFO  impl.LeaderElection (LeaderElection.java:askForVotes(182)) - 0b7c031f-92f6-4780-87e9-d12f3b75deed@group-9767C1E85BEC:LeaderElection300: begin an election at term 1 for -1: [0b7c031f-92f6-4780-87e9-d12f3b75deed:192.168.151.73:38949], old=null
2019-09-25 12:07:04,487 [0b7c031f-92f6-4780-87e9-d12f3b75deed@group-9767C1E85BEC:LeaderElection300] INFO  impl.RoleInfo (RoleInfo.java:shutdownLeaderElection(134)) - 0b7c031f-92f6-4780-87e9-d12f3b75deed: shutdown LeaderElection
2019-09-25 12:07:04,487 [0b7c031f-92f6-4780-87e9-d12f3b75deed@group-9767C1E85BEC:LeaderElection300] INFO  impl.RaftServerImpl (RaftServerImpl.java:setRole(174)) - 0b7c031f-92f6-4780-87e9-d12f3b75deed@group-9767C1E85BEC: changes role from CANDIDATE to LEADER at term 1 for changeToLeader
2019-09-25 12:07:04,487 [0b7c031f-92f6-4780-87e9-d12f3b75deed@group-9767C1E85BEC:LeaderElection300] INFO  impl.RaftServerImpl (ServerState.java:setLeader(253)) - 0b7c031f-92f6-4780-87e9-d12f3b75deed@group-9767C1E85BEC: change Leader from null to 0b7c031f-92f6-4780-87e9-d12f3b75deed at term 1 for becomeLeader, leader elected after 5156ms
2019-09-25 12:07:04,487 [0b7c031f-92f6-4780-87e9-d12f3b75deed@group-9767C1E85BEC:LeaderElection300] INFO  server.RaftServerConfigKeys (ConfUtils.java:logGet(43)) - raft.server.staging.catchup.gap = 1000 (default)
2019-09-25 12:07:04,487 [0b7c031f-92f6-4780-87e9-d12f3b75deed@group-9767C1E85BEC:LeaderElection300] INFO  server.RaftServerConfigKeys (ConfUtils.java:logGet(43)) - raft.server.rpc.sleep.time = 25ms (default)
2019-09-25 12:07:04,487 [0b7c031f-92f6-4780-87e9-d12f3b75deed@group-9767C1E85BEC:LeaderElection300] INFO  server.RaftServerConfigKeys (ConfUtils.java:logGet(43)) - raft.server.write.element-limit = 4096 (default)
2019-09-25 12:07:04,488 [0b7c031f-92f6-4780-87e9-d12f3b75deed@group-9767C1E85BEC:LeaderElection300] INFO  server.RaftServerConfigKeys (ConfUtils.java:logGet(43)) - raft.server.watch.timeout = 10s (default)
2019-09-25 12:07:04,488 [0b7c031f-92f6-4780-87e9-d12f3b75deed@group-9767C1E85BEC:LeaderElection300] INFO  server.RaftServerConfigKeys (ConfUtils.java:logGet(43)) - raft.server.watch.timeout.denomination = 1s (default)
2019-09-25 12:07:04,488 [0b7c031f-92f6-4780-87e9-d12f3b75deed@group-9767C1E85BEC:LeaderElection300] INFO  server.RaftServerConfigKeys (ConfUtils.java:logGet(43)) - raft.server.watch.element-limit = 65536 (default)
2019-09-25 12:07:04,490 [0b7c031f-92f6-4780-87e9-d12f3b75deed@group-9767C1E85BEC:LeaderElection300] INFO  impl.RoleInfo (RoleInfo.java:updateAndGet(143)) - 0b7c031f-92f6-4780-87e9-d12f3b75deed: start LeaderState
2019-09-25 12:07:04,490 [0b7c031f-92f6-4780-87e9-d12f3b75deed@group-9767C1E85BEC:LeaderElection300] INFO  segmented.SegmentedRaftLogWorker (SegmentedRaftLogWorker.java:startLogSegment(380)) - 0b7c031f-92f6-4780-87e9-d12f3b75deed@group-9767C1E85BEC-SegmentedRaftLogWorker: Starting segment from index:0
2019-09-25 12:07:04,491 [0b7c031f-92f6-4780-87e9-d12f3b75deed@group-9767C1E85BEC:LeaderElection300] INFO  impl.RaftServerImpl (ServerState.java:setRaftConf(354)) - 0b7c031f-92f6-4780-87e9-d12f3b75deed@group-9767C1E85BEC: set configuration 0: [0b7c031f-92f6-4780-87e9-d12f3b75deed:192.168.151.73:38949], old=null at 0
2019-09-25 12:07:04,491 [Thread-3980] INFO  impl.FollowerState (FollowerState.java:run(106)) - 0b7c031f-92f6-4780-87e9-d12f3b75deed:group-5124E039845C changes to CANDIDATE, lastRpcTime:5041, electionTimeout:5041ms
2019-09-25 12:07:04,491 [Thread-3980] INFO  impl.RoleInfo (RoleInfo.java:shutdownFollowerState(121)) - 0b7c031f-92f6-4780-87e9-d12f3b75deed: shutdown FollowerState
2019-09-25 12:07:04,491 [Thread-3980] INFO  impl.RaftServerImpl (RaftServerImpl.java:setRole(174)) - 0b7c031f-92f6-4780-87e9-d12f3b75deed@group-5124E039845C: changes role from  FOLLOWER to CANDIDATE at term 0 for changeToCandidate
2019-09-25 12:07:04,492 [Thread-3980] INFO  impl.RoleInfo (RoleInfo.java:updateAndGet(143)) - 0b7c031f-92f6-4780-87e9-d12f3b75deed: start LeaderElection
2019-09-25 12:07:04,536 [Thread-3977] INFO  impl.FollowerState (FollowerState.java:run(106)) - 0b7c031f-92f6-4780-87e9-d12f3b75deed:group-18EBEEFEEC61 changes to CANDIDATE, lastRpcTime:5121, electionTimeout:5115ms
2019-09-25 12:07:04,536 [Thread-3977] INFO  impl.RoleInfo (RoleInfo.java:shutdownFollowerState(121)) - 0b7c031f-92f6-4780-87e9-d12f3b75deed: shutdown FollowerState
2019-09-25 12:07:04,536 [Thread-3977] INFO  impl.RaftServerImpl (RaftServerImpl.java:setRole(174)) - 0b7c031f-92f6-4780-87e9-d12f3b75deed@group-18EBEEFEEC61: changes role from  FOLLOWER to CANDIDATE at term 0 for changeToCandidate
2019-09-25 12:07:04,536 [Thread-3977] INFO  impl.RoleInfo (RoleInfo.java:updateAndGet(143)) - 0b7c031f-92f6-4780-87e9-d12f3b75deed: start LeaderElection
2019-09-25 12:07:04,549 [Thread-3974] INFO  impl.FollowerState (FollowerState.java:run(106)) - 0b7c031f-92f6-4780-87e9-d12f3b75deed:group-0399EEBDBB36 changes to CANDIDATE, lastRpcTime:5173, electionTimeout:5173ms
2019-09-25 12:07:04,549 [Thread-3974] INFO  impl.RoleInfo (RoleInfo.java:shutdownFollowerState(121)) - 0b7c031f-92f6-4780-87e9-d12f3b75deed: shutdown FollowerState
2019-09-25 12:07:04,549 [Thread-3974] INFO  impl.RaftServerImpl (RaftServerImpl.java:setRole(174)) - 0b7c031f-92f6-4780-87e9-d12f3b75deed@group-0399EEBDBB36: changes role from  FOLLOWER to CANDIDATE at term 0 for changeToCandidate
2019-09-25 12:07:04,549 [Thread-3974] INFO  impl.RoleInfo (RoleInfo.java:updateAndGet(143)) - 0b7c031f-92f6-4780-87e9-d12f3b75deed: start LeaderElection
2019-09-25 12:07:04,553 [0b7c031f-92f6-4780-87e9-d12f3b75deed@group-9767C1E85BEC-SegmentedRaftLogWorker] INFO  segmented.SegmentedRaftLogWorker (SegmentedRaftLogWorker.java:execute(569)) - 0b7c031f-92f6-4780-87e9-d12f3b75deed@group-9767C1E85BEC-SegmentedRaftLogWorker: created new log segment /workdir/hadoop-ozone/integration-test/target/test-dir/MiniOzoneClusterImpl-ed40a7f8-0b2f-4da3-bf53-40ad2b647f29/datanode-0/data/ratis/089d0580-863e-4daf-a47b-9767c1e85bec/current/log_inprogress_0
2019-09-25 12:07:04,554 [0b7c031f-92f6-4780-87e9-d12f3b75deed@group-18EBEEFEEC61:LeaderElection302] INFO  impl.LeaderElection (LeaderElection.java:askForVotes(182)) - 0b7c031f-92f6-4780-87e9-d12f3b75deed@group-18EBEEFEEC61:LeaderElection302: begin an election at term 1 for -1: [0b7c031f-92f6-4780-87e9-d12f3b75deed:192.168.151.73:38949], old=null
2019-09-25 12:07:04,554 [0b7c031f-92f6-4780-87e9-d12f3b75deed@group-5124E039845C:LeaderElection301] INFO  impl.LeaderElection (LeaderElection.java:askForVotes(182)) - 0b7c031f-92f6-4780-87e9-d12f3b75deed@group-5124E039845C:LeaderElection301: begin an election at term 1 for -1: [0b7c031f-92f6-4780-87e9-d12f3b75deed:192.168.151.73:38949], old=null
2019-09-25 12:07:04,554 [0b7c031f-92f6-4780-87e9-d12f3b75deed@group-18EBEEFEEC61:LeaderElection302] INFO  impl.RoleInfo (RoleInfo.java:shutdownLeaderElection(134)) - 0b7c031f-92f6-4780-87e9-d12f3b75deed: shutdown LeaderElection
2019-09-25 12:07:04,554 [0b7c031f-92f6-4780-87e9-d12f3b75deed@group-5124E039845C:LeaderElection301] INFO  impl.RoleInfo (RoleInfo.java:shutdownLeaderElection(134)) - 0b7c031f-92f6-4780-87e9-d12f3b75deed: shutdown LeaderElection
2019-09-25 12:07:04,554 [0b7c031f-92f6-4780-87e9-d12f3b75deed@group-18EBEEFEEC61:LeaderElection302] INFO  impl.RaftServerImpl (RaftServerImpl.java:setRole(174)) - 0b7c031f-92f6-4780-87e9-d12f3b75deed@group-18EBEEFEEC61: changes role from CANDIDATE to LEADER at term 1 for changeToLeader
2019-09-25 12:07:04,554 [0b7c031f-92f6-4780-87e9-d12f3b75deed@group-5124E039845C:LeaderElection301] INFO  impl.RaftServerImpl (RaftServerImpl.java:setRole(174)) - 0b7c031f-92f6-4780-87e9-d12f3b75deed@group-5124E039845C: changes role from CANDIDATE to LEADER at term 1 for changeToLeader
2019-09-25 12:07:04,554 [0b7c031f-92f6-4780-87e9-d12f3b75deed@group-18EBEEFEEC61:LeaderElection302] INFO  impl.RaftServerImpl (ServerState.java:setLeader(253)) - 0b7c031f-92f6-4780-87e9-d12f3b75deed@group-18EBEEFEEC61: change Leader from null to 0b7c031f-92f6-4780-87e9-d12f3b75deed at term 1 for becomeLeader, leader elected after 5144ms
2019-09-25 12:07:04,554 [0b7c031f-92f6-4780-87e9-d12f3b75deed@group-5124E039845C:LeaderElection301] INFO  impl.RaftServerImpl (ServerState.java:setLeader(253)) - 0b7c031f-92f6-4780-87e9-d12f3b75deed@group-5124E039845C: change Leader from null to 0b7c031f-92f6-4780-87e9-d12f3b75deed at term 1 for becomeLeader, leader elected after 5108ms
2019-09-25 12:07:04,555 [0b7c031f-92f6-4780-87e9-d12f3b75deed@group-18EBEEFEEC61:LeaderElection302] INFO  server.RaftServerConfigKeys (ConfUtils.java:logGet(43)) - raft.server.staging.catchup.gap = 1000 (default)
2019-09-25 12:07:04,555 [0b7c031f-92f6-4780-87e9-d12f3b75deed@group-5124E039845C:LeaderElection301] INFO  server.RaftServerConfigKeys (ConfUtils.java:logGet(43)) - raft.server.staging.catchup.gap = 1000 (default)
2019-09-25 12:07:04,555 [0b7c031f-92f6-4780-87e9-d12f3b75deed@group-18EBEEFEEC61:LeaderElection302] INFO  server.RaftServerConfigKeys (ConfUtils.java:logGet(43)) - raft.server.rpc.sleep.time = 25ms (default)
2019-09-25 12:07:04,555 [0b7c031f-92f6-4780-87e9-d12f3b75deed@group-5124E039845C:LeaderElection301] INFO  server.RaftServerConfigKeys (ConfUtils.java:logGet(43)) - raft.server.rpc.sleep.time = 25ms (default)
2019-09-25 12:07:04,555 [0b7c031f-92f6-4780-87e9-d12f3b75deed@group-18EBEEFEEC61:LeaderElection302] INFO  server.RaftServerConfigKeys (ConfUtils.java:logGet(43)) - raft.server.write.element-limit = 4096 (default)
2019-09-25 12:07:04,555 [0b7c031f-92f6-4780-87e9-d12f3b75deed@group-5124E039845C:LeaderElection301] INFO  server.RaftServerConfigKeys (ConfUtils.java:logGet(43)) - raft.server.write.element-limit = 4096 (default)
2019-09-25 12:07:04,555 [0b7c031f-92f6-4780-87e9-d12f3b75deed@group-18EBEEFEEC61:LeaderElection302] INFO  server.RaftServerConfigKeys (ConfUtils.java:logGet(43)) - raft.server.watch.timeout = 10s (default)
2019-09-25 12:07:04,556 [0b7c031f-92f6-4780-87e9-d12f3b75deed@group-5124E039845C:LeaderElection301] INFO  server.RaftServerConfigKeys (ConfUtils.java:logGet(43)) - raft.server.watch.timeout = 10s (default)
2019-09-25 12:07:04,556 [0b7c031f-92f6-4780-87e9-d12f3b75deed@group-18EBEEFEEC61:LeaderElection302] INFO  server.RaftServerConfigKeys (ConfUtils.java:logGet(43)) - raft.server.watch.timeout.denomination = 1s (default)
2019-09-25 12:07:04,556 [0b7c031f-92f6-4780-87e9-d12f3b75deed@group-5124E039845C:LeaderElection301] INFO  server.RaftServerConfigKeys (ConfUtils.java:logGet(43)) - raft.server.watch.timeout.denomination = 1s (default)
2019-09-25 12:07:04,556 [0b7c031f-92f6-4780-87e9-d12f3b75deed@group-18EBEEFEEC61:LeaderElection302] INFO  server.RaftServerConfigKeys (ConfUtils.java:logGet(43)) - raft.server.watch.element-limit = 65536 (default)
2019-09-25 12:07:04,556 [0b7c031f-92f6-4780-87e9-d12f3b75deed@group-5124E039845C:LeaderElection301] INFO  server.RaftServerConfigKeys (ConfUtils.java:logGet(43)) - raft.server.watch.element-limit = 65536 (default)
2019-09-25 12:07:04,559 [0b7c031f-92f6-4780-87e9-d12f3b75deed@group-18EBEEFEEC61:LeaderElection302] INFO  impl.RoleInfo (RoleInfo.java:updateAndGet(143)) - 0b7c031f-92f6-4780-87e9-d12f3b75deed: start LeaderState
2019-09-25 12:07:04,559 [0b7c031f-92f6-4780-87e9-d12f3b75deed@group-5124E039845C:LeaderElection301] INFO  impl.RoleInfo (RoleInfo.java:updateAndGet(143)) - 0b7c031f-92f6-4780-87e9-d12f3b75deed: start LeaderState
2019-09-25 12:07:04,560 [0b7c031f-92f6-4780-87e9-d12f3b75deed@group-18EBEEFEEC61:LeaderElection302] INFO  segmented.SegmentedRaftLogWorker (SegmentedRaftLogWorker.java:startLogSegment(380)) - 0b7c031f-92f6-4780-87e9-d12f3b75deed@group-18EBEEFEEC61-SegmentedRaftLogWorker: Starting segment from index:0
2019-09-25 12:07:04,560 [0b7c031f-92f6-4780-87e9-d12f3b75deed@group-5124E039845C:LeaderElection301] INFO  segmented.SegmentedRaftLogWorker (SegmentedRaftLogWorker.java:startLogSegment(380)) - 0b7c031f-92f6-4780-87e9-d12f3b75deed@group-5124E039845C-SegmentedRaftLogWorker: Starting segment from index:0
2019-09-25 12:07:04,560 [0b7c031f-92f6-4780-87e9-d12f3b75deed@group-18EBEEFEEC61:LeaderElection302] INFO  impl.RaftServerImpl (ServerState.java:setRaftConf(354)) - 0b7c031f-92f6-4780-87e9-d12f3b75deed@group-18EBEEFEEC61: set configuration 0: [0b7c031f-92f6-4780-87e9-d12f3b75deed:192.168.151.73:38949], old=null at 0
2019-09-25 12:07:04,560 [0b7c031f-92f6-4780-87e9-d12f3b75deed@group-5124E039845C:LeaderElection301] INFO  impl.RaftServerImpl (ServerState.java:setRaftConf(354)) - 0b7c031f-92f6-4780-87e9-d12f3b75deed@group-5124E039845C: set configuration 0: [0b7c031f-92f6-4780-87e9-d12f3b75deed:192.168.151.73:38949], old=null at 0
2019-09-25 12:07:04,566 [0b7c031f-92f6-4780-87e9-d12f3b75deed@group-0399EEBDBB36:LeaderElection303] INFO  impl.LeaderElection (LeaderElection.java:askForVotes(182)) - 0b7c031f-92f6-4780-87e9-d12f3b75deed@group-0399EEBDBB36:LeaderElection303: begin an election at term 1 for -1: [0b7c031f-92f6-4780-87e9-d12f3b75deed:192.168.151.73:38949], old=null
2019-09-25 12:07:04,566 [0b7c031f-92f6-4780-87e9-d12f3b75deed@group-0399EEBDBB36:LeaderElection303] INFO  impl.RoleInfo (RoleInfo.java:shutdownLeaderElection(134)) - 0b7c031f-92f6-4780-87e9-d12f3b75deed: shutdown LeaderElection
2019-09-25 12:07:04,567 [0b7c031f-92f6-4780-87e9-d12f3b75deed@group-0399EEBDBB36:LeaderElection303] INFO  impl.RaftServerImpl (RaftServerImpl.java:setRole(174)) - 0b7c031f-92f6-4780-87e9-d12f3b75deed@group-0399EEBDBB36: changes role from CANDIDATE to LEADER at term 1 for changeToLeader
2019-09-25 12:07:04,567 [0b7c031f-92f6-4780-87e9-d12f3b75deed@group-0399EEBDBB36:LeaderElection303] INFO  impl.RaftServerImpl (ServerState.java:setLeader(253)) - 0b7c031f-92f6-4780-87e9-d12f3b75deed@group-0399EEBDBB36: change Leader from null to 0b7c031f-92f6-4780-87e9-d12f3b75deed at term 1 for becomeLeader, leader elected after 5195ms
2019-09-25 12:07:04,567 [0b7c031f-92f6-4780-87e9-d12f3b75deed@group-0399EEBDBB36:LeaderElection303] INFO  server.RaftServerConfigKeys (ConfUtils.java:logGet(43)) - raft.server.staging.catchup.gap = 1000 (default)
2019-09-25 12:07:04,567 [0b7c031f-92f6-4780-87e9-d12f3b75deed@group-0399EEBDBB36:LeaderElection303] INFO  server.RaftServerConfigKeys (ConfUtils.java:logGet(43)) - raft.server.rpc.sleep.time = 25ms (default)
2019-09-25 12:07:04,567 [0b7c031f-92f6-4780-87e9-d12f3b75deed@group-0399EEBDBB36:LeaderElection303] INFO  server.RaftServerConfigKeys (ConfUtils.java:logGet(43)) - raft.server.write.element-limit = 4096 (default)
2019-09-25 12:07:04,567 [0b7c031f-92f6-4780-87e9-d12f3b75deed@group-0399EEBDBB36:LeaderElection303] INFO  server.RaftServerConfigKeys (ConfUtils.java:logGet(43)) - raft.server.watch.timeout = 10s (default)
2019-09-25 12:07:04,567 [0b7c031f-92f6-4780-87e9-d12f3b75deed@group-0399EEBDBB36:LeaderElection303] INFO  server.RaftServerConfigKeys (ConfUtils.java:logGet(43)) - raft.server.watch.timeout.denomination = 1s (default)
2019-09-25 12:07:04,568 [0b7c031f-92f6-4780-87e9-d12f3b75deed@group-0399EEBDBB36:LeaderElection303] INFO  server.RaftServerConfigKeys (ConfUtils.java:logGet(43)) - raft.server.watch.element-limit = 65536 (default)
2019-09-25 12:07:04,569 [0b7c031f-92f6-4780-87e9-d12f3b75deed@group-0399EEBDBB36:LeaderElection303] INFO  impl.RoleInfo (RoleInfo.java:updateAndGet(143)) - 0b7c031f-92f6-4780-87e9-d12f3b75deed: start LeaderState
2019-09-25 12:07:04,570 [0b7c031f-92f6-4780-87e9-d12f3b75deed@group-0399EEBDBB36:LeaderElection303] INFO  segmented.SegmentedRaftLogWorker (SegmentedRaftLogWorker.java:startLogSegment(380)) - 0b7c031f-92f6-4780-87e9-d12f3b75deed@group-0399EEBDBB36-SegmentedRaftLogWorker: Starting segment from index:0
2019-09-25 12:07:04,570 [0b7c031f-92f6-4780-87e9-d12f3b75deed@group-0399EEBDBB36:LeaderElection303] INFO  impl.RaftServerImpl (ServerState.java:setRaftConf(354)) - 0b7c031f-92f6-4780-87e9-d12f3b75deed@group-0399EEBDBB36: set configuration 0: [0b7c031f-92f6-4780-87e9-d12f3b75deed:192.168.151.73:38949], old=null at 0
2019-09-25 12:07:04,606 [Thread-3986] INFO  impl.FollowerState (FollowerState.java:run(106)) - a3a55b85-6532-4add-86b9-f60c9f262632:group-8DC099739EBF changes to CANDIDATE, lastRpcTime:5076, electionTimeout:5076ms
2019-09-25 12:07:04,606 [Thread-3986] INFO  impl.RoleInfo (RoleInfo.java:shutdownFollowerState(121)) - a3a55b85-6532-4add-86b9-f60c9f262632: shutdown FollowerState
2019-09-25 12:07:04,606 [Thread-3986] INFO  impl.RaftServerImpl (RaftServerImpl.java:setRole(174)) - a3a55b85-6532-4add-86b9-f60c9f262632@group-8DC099739EBF: changes role from  FOLLOWER to CANDIDATE at term 0 for changeToCandidate
2019-09-25 12:07:04,607 [Thread-3986] INFO  impl.RoleInfo (RoleInfo.java:updateAndGet(143)) - a3a55b85-6532-4add-86b9-f60c9f262632: start LeaderElection
2019-09-25 12:07:04,619 [0b7c031f-92f6-4780-87e9-d12f3b75deed@group-5124E039845C-SegmentedRaftLogWorker] INFO  segmented.SegmentedRaftLogWorker (SegmentedRaftLogWorker.java:execute(569)) - 0b7c031f-92f6-4780-87e9-d12f3b75deed@group-5124E039845C-SegmentedRaftLogWorker: created new log segment /workdir/hadoop-ozone/integration-test/target/test-dir/MiniOzoneClusterImpl-ed40a7f8-0b2f-4da3-bf53-40ad2b647f29/datanode-0/data/ratis/ea9d876b-e5aa-4263-9c20-5124e039845c/current/log_inprogress_0
2019-09-25 12:07:04,619 [0b7c031f-92f6-4780-87e9-d12f3b75deed@group-18EBEEFEEC61-SegmentedRaftLogWorker] INFO  segmented.SegmentedRaftLogWorker (SegmentedRaftLogWorker.java:execute(569)) - 0b7c031f-92f6-4780-87e9-d12f3b75deed@group-18EBEEFEEC61-SegmentedRaftLogWorker: created new log segment /workdir/hadoop-ozone/integration-test/target/test-dir/MiniOzoneClusterImpl-ed40a7f8-0b2f-4da3-bf53-40ad2b647f29/datanode-0/data/ratis/be44035f-06f0-43b0-9e1f-18ebeefeec61/current/log_inprogress_0
2019-09-25 12:07:04,630 [Thread-3992] INFO  impl.FollowerState (FollowerState.java:run(106)) - f003a614-b318-424e-95ab-7ad6d1c0d2e6:group-E9EF3B7EB731 changes to CANDIDATE, lastRpcTime:5039, electionTimeout:5039ms
2019-09-25 12:07:04,630 [Thread-3992] INFO  impl.RoleInfo (RoleInfo.java:shutdownFollowerState(121)) - f003a614-b318-424e-95ab-7ad6d1c0d2e6: shutdown FollowerState
2019-09-25 12:07:04,631 [Thread-3992] INFO  impl.RaftServerImpl (RaftServerImpl.java:setRole(174)) - f003a614-b318-424e-95ab-7ad6d1c0d2e6@group-E9EF3B7EB731: changes role from  FOLLOWER to CANDIDATE at term 0 for changeToCandidate
2019-09-25 12:07:04,631 [Thread-3992] INFO  impl.RoleInfo (RoleInfo.java:updateAndGet(143)) - f003a614-b318-424e-95ab-7ad6d1c0d2e6: start LeaderElection
2019-09-25 12:07:04,636 [Thread-3995] INFO  impl.FollowerState (FollowerState.java:run(106)) - a3a55b85-6532-4add-86b9-f60c9f262632:group-688106E2A830 changes to CANDIDATE, lastRpcTime:5024, electionTimeout:5021ms
2019-09-25 12:07:04,637 [0b7c031f-92f6-4780-87e9-d12f3b75deed@group-0399EEBDBB36-SegmentedRaftLogWorker] INFO  segmented.SegmentedRaftLogWorker (SegmentedRaftLogWorker.java:execute(569)) - 0b7c031f-92f6-4780-87e9-d12f3b75deed@group-0399EEBDBB36-SegmentedRaftLogWorker: created new log segment /workdir/hadoop-ozone/integration-test/target/test-dir/MiniOzoneClusterImpl-ed40a7f8-0b2f-4da3-bf53-40ad2b647f29/datanode-0/data/ratis/380f3cb0-457f-477d-8fce-0399eebdbb36/current/log_inprogress_0
2019-09-25 12:07:04,637 [a3a55b85-6532-4add-86b9-f60c9f262632@group-8DC099739EBF:LeaderElection304] INFO  impl.LeaderElection (LeaderElection.java:askForVotes(182)) - a3a55b85-6532-4add-86b9-f60c9f262632@group-8DC099739EBF:LeaderElection304: begin an election at term 1 for -1: [a3a55b85-6532-4add-86b9-f60c9f262632:192.168.151.73:37389], old=null
2019-09-25 12:07:04,637 [Thread-3995] INFO  impl.RoleInfo (RoleInfo.java:shutdownFollowerState(121)) - a3a55b85-6532-4add-86b9-f60c9f262632: shutdown FollowerState
2019-09-25 12:07:04,637 [a3a55b85-6532-4add-86b9-f60c9f262632@group-8DC099739EBF:LeaderElection304] INFO  impl.RoleInfo (RoleInfo.java:shutdownLeaderElection(134)) - a3a55b85-6532-4add-86b9-f60c9f262632: shutdown LeaderElection
2019-09-25 12:07:04,637 [Thread-3995] INFO  impl.RaftServerImpl (RaftServerImpl.java:setRole(174)) - a3a55b85-6532-4add-86b9-f60c9f262632@group-688106E2A830: changes role from  FOLLOWER to CANDIDATE at term 0 for changeToCandidate
2019-09-25 12:07:04,637 [a3a55b85-6532-4add-86b9-f60c9f262632@group-8DC099739EBF:LeaderElection304] INFO  impl.RaftServerImpl (RaftServerImpl.java:setRole(174)) - a3a55b85-6532-4add-86b9-f60c9f262632@group-8DC099739EBF: changes role from CANDIDATE to LEADER at term 1 for changeToLeader
2019-09-25 12:07:04,637 [Thread-3995] INFO  impl.RoleInfo (RoleInfo.java:updateAndGet(143)) - a3a55b85-6532-4add-86b9-f60c9f262632: start LeaderElection
2019-09-25 12:07:04,637 [a3a55b85-6532-4add-86b9-f60c9f262632@group-8DC099739EBF:LeaderElection304] INFO  impl.RaftServerImpl (ServerState.java:setLeader(253)) - a3a55b85-6532-4add-86b9-f60c9f262632@group-8DC099739EBF: change Leader from null to a3a55b85-6532-4add-86b9-f60c9f262632 at term 1 for becomeLeader, leader elected after 5112ms
2019-09-25 12:07:04,638 [a3a55b85-6532-4add-86b9-f60c9f262632@group-8DC099739EBF:LeaderElection304] INFO  server.RaftServerConfigKeys (ConfUtils.java:logGet(43)) - raft.server.staging.catchup.gap = 1000 (default)
2019-09-25 12:07:04,643 [a3a55b85-6532-4add-86b9-f60c9f262632@group-8DC099739EBF:LeaderElection304] INFO  server.RaftServerConfigKeys (ConfUtils.java:logGet(43)) - raft.server.rpc.sleep.time = 25ms (default)
2019-09-25 12:07:04,643 [a3a55b85-6532-4add-86b9-f60c9f262632@group-8DC099739EBF:LeaderElection304] INFO  server.RaftServerConfigKeys (ConfUtils.java:logGet(43)) - raft.server.write.element-limit = 4096 (default)
2019-09-25 12:07:04,643 [a3a55b85-6532-4add-86b9-f60c9f262632@group-8DC099739EBF:LeaderElection304] INFO  server.RaftServerConfigKeys (ConfUtils.java:logGet(43)) - raft.server.watch.timeout = 10s (default)
2019-09-25 12:07:04,643 [a3a55b85-6532-4add-86b9-f60c9f262632@group-8DC099739EBF:LeaderElection304] INFO  server.RaftServerConfigKeys (ConfUtils.java:logGet(43)) - raft.server.watch.timeout.denomination = 1s (default)
2019-09-25 12:07:04,644 [a3a55b85-6532-4add-86b9-f60c9f262632@group-8DC099739EBF:LeaderElection304] INFO  server.RaftServerConfigKeys (ConfUtils.java:logGet(43)) - raft.server.watch.element-limit = 65536 (default)
2019-09-25 12:07:04,646 [a3a55b85-6532-4add-86b9-f60c9f262632@group-8DC099739EBF:LeaderElection304] INFO  impl.RoleInfo (RoleInfo.java:updateAndGet(143)) - a3a55b85-6532-4add-86b9-f60c9f262632: start LeaderState
2019-09-25 12:07:04,646 [a3a55b85-6532-4add-86b9-f60c9f262632@group-8DC099739EBF:LeaderElection304] INFO  segmented.SegmentedRaftLogWorker (SegmentedRaftLogWorker.java:startLogSegment(380)) - a3a55b85-6532-4add-86b9-f60c9f262632@group-8DC099739EBF-SegmentedRaftLogWorker: Starting segment from index:0
2019-09-25 12:07:04,647 [a3a55b85-6532-4add-86b9-f60c9f262632@group-8DC099739EBF:LeaderElection304] INFO  impl.RaftServerImpl (ServerState.java:setRaftConf(354)) - a3a55b85-6532-4add-86b9-f60c9f262632@group-8DC099739EBF: set configuration 0: [a3a55b85-6532-4add-86b9-f60c9f262632:192.168.151.73:37389], old=null at 0
2019-09-25 12:07:04,650 [f003a614-b318-424e-95ab-7ad6d1c0d2e6@group-E9EF3B7EB731:LeaderElection305] INFO  impl.LeaderElection (LeaderElection.java:askForVotes(182)) - f003a614-b318-424e-95ab-7ad6d1c0d2e6@group-E9EF3B7EB731:LeaderElection305: begin an election at term 1 for -1: [f003a614-b318-424e-95ab-7ad6d1c0d2e6:192.168.151.73:41092], old=null
2019-09-25 12:07:04,650 [a3a55b85-6532-4add-86b9-f60c9f262632@group-688106E2A830:LeaderElection306] INFO  impl.LeaderElection (LeaderElection.java:askForVotes(182)) - a3a55b85-6532-4add-86b9-f60c9f262632@group-688106E2A830:LeaderElection306: begin an election at term 1 for -1: [a3a55b85-6532-4add-86b9-f60c9f262632:192.168.151.73:37389], old=null
2019-09-25 12:07:04,650 [f003a614-b318-424e-95ab-7ad6d1c0d2e6@group-E9EF3B7EB731:LeaderElection305] INFO  impl.RoleInfo (RoleInfo.java:shutdownLeaderElection(134)) - f003a614-b318-424e-95ab-7ad6d1c0d2e6: shutdown LeaderElection
2019-09-25 12:07:04,651 [a3a55b85-6532-4add-86b9-f60c9f262632@group-688106E2A830:LeaderElection306] INFO  impl.RoleInfo (RoleInfo.java:shutdownLeaderElection(134)) - a3a55b85-6532-4add-86b9-f60c9f262632: shutdown LeaderElection
2019-09-25 12:07:04,651 [f003a614-b318-424e-95ab-7ad6d1c0d2e6@group-E9EF3B7EB731:LeaderElection305] INFO  impl.RaftServerImpl (RaftServerImpl.java:setRole(174)) - f003a614-b318-424e-95ab-7ad6d1c0d2e6@group-E9EF3B7EB731: changes role from CANDIDATE to LEADER at term 1 for changeToLeader
2019-09-25 12:07:04,651 [a3a55b85-6532-4add-86b9-f60c9f262632@group-688106E2A830:LeaderElection306] INFO  impl.RaftServerImpl (RaftServerImpl.java:setRole(174)) - a3a55b85-6532-4add-86b9-f60c9f262632@group-688106E2A830: changes role from CANDIDATE to LEADER at term 1 for changeToLeader
2019-09-25 12:07:04,651 [f003a614-b318-424e-95ab-7ad6d1c0d2e6@group-E9EF3B7EB731:LeaderElection305] INFO  impl.RaftServerImpl (ServerState.java:setLeader(253)) - f003a614-b318-424e-95ab-7ad6d1c0d2e6@group-E9EF3B7EB731: change Leader from null to f003a614-b318-424e-95ab-7ad6d1c0d2e6 at term 1 for becomeLeader, leader elected after 5064ms
2019-09-25 12:07:04,651 [a3a55b85-6532-4add-86b9-f60c9f262632@group-688106E2A830:LeaderElection306] INFO  impl.RaftServerImpl (ServerState.java:setLeader(253)) - a3a55b85-6532-4add-86b9-f60c9f262632@group-688106E2A830: change Leader from null to a3a55b85-6532-4add-86b9-f60c9f262632 at term 1 for becomeLeader, leader elected after 5045ms
2019-09-25 12:07:04,651 [f003a614-b318-424e-95ab-7ad6d1c0d2e6@group-E9EF3B7EB731:LeaderElection305] INFO  server.RaftServerConfigKeys (ConfUtils.java:logGet(43)) - raft.server.staging.catchup.gap = 1000 (default)
2019-09-25 12:07:04,651 [a3a55b85-6532-4add-86b9-f60c9f262632@group-688106E2A830:LeaderElection306] INFO  server.RaftServerConfigKeys (ConfUtils.java:logGet(43)) - raft.server.staging.catchup.gap = 1000 (default)
2019-09-25 12:07:04,652 [f003a614-b318-424e-95ab-7ad6d1c0d2e6@group-E9EF3B7EB731:LeaderElection305] INFO  server.RaftServerConfigKeys (ConfUtils.java:logGet(43)) - raft.server.rpc.sleep.time = 25ms (default)
2019-09-25 12:07:04,652 [a3a55b85-6532-4add-86b9-f60c9f262632@group-688106E2A830:LeaderElection306] INFO  server.RaftServerConfigKeys (ConfUtils.java:logGet(43)) - raft.server.rpc.sleep.time = 25ms (default)
2019-09-25 12:07:04,652 [f003a614-b318-424e-95ab-7ad6d1c0d2e6@group-E9EF3B7EB731:LeaderElection305] INFO  server.RaftServerConfigKeys (ConfUtils.java:logGet(43)) - raft.server.write.element-limit = 4096 (default)
2019-09-25 12:07:04,652 [a3a55b85-6532-4add-86b9-f60c9f262632@group-688106E2A830:LeaderElection306] INFO  server.RaftServerConfigKeys (ConfUtils.java:logGet(43)) - raft.server.write.element-limit = 4096 (default)
2019-09-25 12:07:04,652 [f003a614-b318-424e-95ab-7ad6d1c0d2e6@group-E9EF3B7EB731:LeaderElection305] INFO  server.RaftServerConfigKeys (ConfUtils.java:logGet(43)) - raft.server.watch.timeout = 10s (default)
2019-09-25 12:07:04,652 [a3a55b85-6532-4add-86b9-f60c9f262632@group-688106E2A830:LeaderElection306] INFO  server.RaftServerConfigKeys (ConfUtils.java:logGet(43)) - raft.server.watch.timeout = 10s (default)
2019-09-25 12:07:04,652 [f003a614-b318-424e-95ab-7ad6d1c0d2e6@group-E9EF3B7EB731:LeaderElection305] INFO  server.RaftServerConfigKeys (ConfUtils.java:logGet(43)) - raft.server.watch.timeout.denomination = 1s (default)
2019-09-25 12:07:04,653 [a3a55b85-6532-4add-86b9-f60c9f262632@group-688106E2A830:LeaderElection306] INFO  server.RaftServerConfigKeys (ConfUtils.java:logGet(43)) - raft.server.watch.timeout.denomination = 1s (default)
2019-09-25 12:07:04,653 [f003a614-b318-424e-95ab-7ad6d1c0d2e6@group-E9EF3B7EB731:LeaderElection305] INFO  server.RaftServerConfigKeys (ConfUtils.java:logGet(43)) - raft.server.watch.element-limit = 65536 (default)
2019-09-25 12:07:04,653 [a3a55b85-6532-4add-86b9-f60c9f262632@group-688106E2A830:LeaderElection306] INFO  server.RaftServerConfigKeys (ConfUtils.java:logGet(43)) - raft.server.watch.element-limit = 65536 (default)
2019-09-25 12:07:04,656 [f003a614-b318-424e-95ab-7ad6d1c0d2e6@group-E9EF3B7EB731:LeaderElection305] INFO  impl.RoleInfo (RoleInfo.java:updateAndGet(143)) - f003a614-b318-424e-95ab-7ad6d1c0d2e6: start LeaderState
2019-09-25 12:07:04,656 [f003a614-b318-424e-95ab-7ad6d1c0d2e6@group-E9EF3B7EB731:LeaderElection305] INFO  segmented.SegmentedRaftLogWorker (SegmentedRaftLogWorker.java:startLogSegment(380)) - f003a614-b318-424e-95ab-7ad6d1c0d2e6@group-E9EF3B7EB731-SegmentedRaftLogWorker: Starting segment from index:0
2019-09-25 12:07:04,656 [a3a55b85-6532-4add-86b9-f60c9f262632@group-688106E2A830:LeaderElection306] INFO  impl.RoleInfo (RoleInfo.java:updateAndGet(143)) - a3a55b85-6532-4add-86b9-f60c9f262632: start LeaderState
2019-09-25 12:07:04,657 [a3a55b85-6532-4add-86b9-f60c9f262632@group-688106E2A830:LeaderElection306] INFO  segmented.SegmentedRaftLogWorker (SegmentedRaftLogWorker.java:startLogSegment(380)) - a3a55b85-6532-4add-86b9-f60c9f262632@group-688106E2A830-SegmentedRaftLogWorker: Starting segment from index:0
2019-09-25 12:07:04,657 [f003a614-b318-424e-95ab-7ad6d1c0d2e6@group-E9EF3B7EB731:LeaderElection305] INFO  impl.RaftServerImpl (ServerState.java:setRaftConf(354)) - f003a614-b318-424e-95ab-7ad6d1c0d2e6@group-E9EF3B7EB731: set configuration 0: [f003a614-b318-424e-95ab-7ad6d1c0d2e6:192.168.151.73:41092], old=null at 0
2019-09-25 12:07:04,657 [a3a55b85-6532-4add-86b9-f60c9f262632@group-688106E2A830:LeaderElection306] INFO  impl.RaftServerImpl (ServerState.java:setRaftConf(354)) - a3a55b85-6532-4add-86b9-f60c9f262632@group-688106E2A830: set configuration 0: [a3a55b85-6532-4add-86b9-f60c9f262632:192.168.151.73:37389], old=null at 0
2019-09-25 12:07:04,674 [Thread-3983] INFO  impl.FollowerState (FollowerState.java:run(106)) - 0b7c031f-92f6-4780-87e9-d12f3b75deed:group-B4315FD5B80F changes to CANDIDATE, lastRpcTime:5187, electionTimeout:5187ms
2019-09-25 12:07:04,674 [Thread-3983] INFO  impl.RoleInfo (RoleInfo.java:shutdownFollowerState(121)) - 0b7c031f-92f6-4780-87e9-d12f3b75deed: shutdown FollowerState
2019-09-25 12:07:04,674 [Thread-3983] INFO  impl.RaftServerImpl (RaftServerImpl.java:setRole(174)) - 0b7c031f-92f6-4780-87e9-d12f3b75deed@group-B4315FD5B80F: changes role from  FOLLOWER to CANDIDATE at term 0 for changeToCandidate
2019-09-25 12:07:04,674 [Thread-3983] INFO  impl.RoleInfo (RoleInfo.java:updateAndGet(143)) - 0b7c031f-92f6-4780-87e9-d12f3b75deed: start LeaderElection
2019-09-25 12:07:04,706 [EventQueue-StaleNodeForStaleNodeHandler] INFO  node.StaleNodeHandler (StaleNodeHandler.java:onMessage(58)) - Datanode a18b28f5-0b39-4e24-a9bc-e0bed51b7d30{ip: 192.168.151.73, host: pr-hdds-1569-shd4m-3693607622, networkLocation: /default-rack, certSerialId: null} moved to stale state. Finalizing its pipelines [PipelineID=68e79586-556c-46bd-8450-ed12ce842cb5, PipelineID=4f0c7533-4567-4745-80d3-11534223a248, PipelineID=780b6bd4-d1e9-4319-b67e-6a150960c212, PipelineID=43b720a3-09ad-4818-91e5-78e271949705, PipelineID=13bad3ba-13c5-4230-b9b4-28843be67f78, PipelineID=e04e1c5c-6ea9-4f14-8df6-05f52087e514]
2019-09-25 12:07:04,706 [EventQueue-StaleNodeForStaleNodeHandler] INFO  pipeline.SCMPipelineManager (SCMPipelineManager.java:finalizeAndDestroyPipeline(316)) - destroying pipeline:Pipeline[ Id: 68e79586-556c-46bd-8450-ed12ce842cb5, Nodes: a18b28f5-0b39-4e24-a9bc-e0bed51b7d30{ip: 192.168.151.73, host: pr-hdds-1569-shd4m-3693607622, networkLocation: /default-rack, certSerialId: null}, Type:RATIS, Factor:ONE, State:OPEN]
2019-09-25 12:07:04,706 [EventQueue-StaleNodeForStaleNodeHandler] INFO  pipeline.PipelineStateManager (PipelineStateManager.java:finalizePipeline(123)) - Pipeline Pipeline[ Id: 68e79586-556c-46bd-8450-ed12ce842cb5, Nodes: a18b28f5-0b39-4e24-a9bc-e0bed51b7d30{ip: 192.168.151.73, host: pr-hdds-1569-shd4m-3693607622, networkLocation: /default-rack, certSerialId: null}, Type:RATIS, Factor:ONE, State:CLOSED] moved to CLOSED state
2019-09-25 12:07:04,706 [EventQueue-StaleNodeForStaleNodeHandler] INFO  pipeline.SCMPipelineManager (SCMPipelineManager.java:finalizeAndDestroyPipeline(316)) - destroying pipeline:Pipeline[ Id: 4f0c7533-4567-4745-80d3-11534223a248, Nodes: a18b28f5-0b39-4e24-a9bc-e0bed51b7d30{ip: 192.168.151.73, host: pr-hdds-1569-shd4m-3693607622, networkLocation: /default-rack, certSerialId: null}, Type:RATIS, Factor:ONE, State:OPEN]
2019-09-25 12:07:04,707 [EventQueue-StaleNodeForStaleNodeHandler] INFO  pipeline.PipelineStateManager (PipelineStateManager.java:finalizePipeline(123)) - Pipeline Pipeline[ Id: 4f0c7533-4567-4745-80d3-11534223a248, Nodes: a18b28f5-0b39-4e24-a9bc-e0bed51b7d30{ip: 192.168.151.73, host: pr-hdds-1569-shd4m-3693607622, networkLocation: /default-rack, certSerialId: null}, Type:RATIS, Factor:ONE, State:CLOSED] moved to CLOSED state
2019-09-25 12:07:04,707 [EventQueue-StaleNodeForStaleNodeHandler] INFO  pipeline.SCMPipelineManager (SCMPipelineManager.java:finalizeAndDestroyPipeline(316)) - destroying pipeline:Pipeline[ Id: 780b6bd4-d1e9-4319-b67e-6a150960c212, Nodes: a18b28f5-0b39-4e24-a9bc-e0bed51b7d30{ip: 192.168.151.73, host: pr-hdds-1569-shd4m-3693607622, networkLocation: /default-rack, certSerialId: null}, Type:RATIS, Factor:ONE, State:OPEN]
2019-09-25 12:07:04,707 [EventQueue-StaleNodeForStaleNodeHandler] INFO  pipeline.PipelineStateManager (PipelineStateManager.java:finalizePipeline(123)) - Pipeline Pipeline[ Id: 780b6bd4-d1e9-4319-b67e-6a150960c212, Nodes: a18b28f5-0b39-4e24-a9bc-e0bed51b7d30{ip: 192.168.151.73, host: pr-hdds-1569-shd4m-3693607622, networkLocation: /default-rack, certSerialId: null}, Type:RATIS, Factor:ONE, State:CLOSED] moved to CLOSED state
2019-09-25 12:07:04,707 [EventQueue-StaleNodeForStaleNodeHandler] INFO  pipeline.SCMPipelineManager (SCMPipelineManager.java:finalizeAndDestroyPipeline(316)) - destroying pipeline:Pipeline[ Id: 43b720a3-09ad-4818-91e5-78e271949705, Nodes: a18b28f5-0b39-4e24-a9bc-e0bed51b7d30{ip: 192.168.151.73, host: pr-hdds-1569-shd4m-3693607622, networkLocation: /default-rack, certSerialId: null}, Type:RATIS, Factor:ONE, State:OPEN]
2019-09-25 12:07:04,707 [EventQueue-StaleNodeForStaleNodeHandler] INFO  pipeline.PipelineStateManager (PipelineStateManager.java:finalizePipeline(123)) - Pipeline Pipeline[ Id: 43b720a3-09ad-4818-91e5-78e271949705, Nodes: a18b28f5-0b39-4e24-a9bc-e0bed51b7d30{ip: 192.168.151.73, host: pr-hdds-1569-shd4m-3693607622, networkLocation: /default-rack, certSerialId: null}, Type:RATIS, Factor:ONE, State:CLOSED] moved to CLOSED state
2019-09-25 12:07:04,708 [EventQueue-StaleNodeForStaleNodeHandler] INFO  pipeline.SCMPipelineManager (SCMPipelineManager.java:finalizeAndDestroyPipeline(316)) - destroying pipeline:Pipeline[ Id: 13bad3ba-13c5-4230-b9b4-28843be67f78, Nodes: a18b28f5-0b39-4e24-a9bc-e0bed51b7d30{ip: 192.168.151.73, host: pr-hdds-1569-shd4m-3693607622, networkLocation: /default-rack, certSerialId: null}, Type:RATIS, Factor:ONE, State:OPEN]
2019-09-25 12:07:04,708 [EventQueue-StaleNodeForStaleNodeHandler] INFO  pipeline.PipelineStateManager (PipelineStateManager.java:finalizePipeline(123)) - Pipeline Pipeline[ Id: 13bad3ba-13c5-4230-b9b4-28843be67f78, Nodes: a18b28f5-0b39-4e24-a9bc-e0bed51b7d30{ip: 192.168.151.73, host: pr-hdds-1569-shd4m-3693607622, networkLocation: /default-rack, certSerialId: null}, Type:RATIS, Factor:ONE, State:CLOSED] moved to CLOSED state
2019-09-25 12:07:04,708 [EventQueue-StaleNodeForStaleNodeHandler] INFO  pipeline.SCMPipelineManager (SCMPipelineManager.java:finalizeAndDestroyPipeline(316)) - destroying pipeline:Pipeline[ Id: e04e1c5c-6ea9-4f14-8df6-05f52087e514, Nodes: a18b28f5-0b39-4e24-a9bc-e0bed51b7d30{ip: 192.168.151.73, host: pr-hdds-1569-shd4m-3693607622, networkLocation: /default-rack, certSerialId: null}, Type:RATIS, Factor:ONE, State:OPEN]
2019-09-25 12:07:04,708 [EventQueue-StaleNodeForStaleNodeHandler] INFO  pipeline.PipelineStateManager (PipelineStateManager.java:finalizePipeline(123)) - Pipeline Pipeline[ Id: e04e1c5c-6ea9-4f14-8df6-05f52087e514, Nodes: a18b28f5-0b39-4e24-a9bc-e0bed51b7d30{ip: 192.168.151.73, host: pr-hdds-1569-shd4m-3693607622, networkLocation: /default-rack, certSerialId: null}, Type:RATIS, Factor:ONE, State:CLOSED] moved to CLOSED state
2019-09-25 12:07:04,716 [Thread-4001] INFO  impl.FollowerState (FollowerState.java:run(106)) - 994e134d-9492-4c05-a584-6f6f537d8ad3:group-4B89E0D1DE3E changes to CANDIDATE, lastRpcTime:5022, electionTimeout:5022ms
2019-09-25 12:07:04,720 [Thread-4001] INFO  impl.RoleInfo (RoleInfo.java:shutdownFollowerState(121)) - 994e134d-9492-4c05-a584-6f6f537d8ad3: shutdown FollowerState
2019-09-25 12:07:04,721 [Thread-4001] INFO  impl.RaftServerImpl (RaftServerImpl.java:setRole(174)) - 994e134d-9492-4c05-a584-6f6f537d8ad3@group-4B89E0D1DE3E: changes role from  FOLLOWER to CANDIDATE at term 0 for changeToCandidate
2019-09-25 12:07:04,721 [Thread-4001] INFO  impl.RoleInfo (RoleInfo.java:updateAndGet(143)) - 994e134d-9492-4c05-a584-6f6f537d8ad3: start LeaderElection
2019-09-25 12:07:04,731 [Thread-3989] INFO  impl.FollowerState (FollowerState.java:run(106)) - f003a614-b318-424e-95ab-7ad6d1c0d2e6:group-2AF1A894BB44 changes to CANDIDATE, lastRpcTime:5158, electionTimeout:5158ms
2019-09-25 12:07:04,732 [Thread-3989] INFO  impl.RoleInfo (RoleInfo.java:shutdownFollowerState(121)) - f003a614-b318-424e-95ab-7ad6d1c0d2e6: shutdown FollowerState
2019-09-25 12:07:04,732 [Thread-3989] INFO  impl.RaftServerImpl (RaftServerImpl.java:setRole(174)) - f003a614-b318-424e-95ab-7ad6d1c0d2e6@group-2AF1A894BB44: changes role from  FOLLOWER to CANDIDATE at term 0 for changeToCandidate
2019-09-25 12:07:04,732 [Thread-3989] INFO  impl.RoleInfo (RoleInfo.java:updateAndGet(143)) - f003a614-b318-424e-95ab-7ad6d1c0d2e6: start LeaderElection
2019-09-25 12:07:04,736 [a3a55b85-6532-4add-86b9-f60c9f262632@group-8DC099739EBF-SegmentedRaftLogWorker] INFO  segmented.SegmentedRaftLogWorker (SegmentedRaftLogWorker.java:execute(569)) - a3a55b85-6532-4add-86b9-f60c9f262632@group-8DC099739EBF-SegmentedRaftLogWorker: created new log segment /workdir/hadoop-ozone/integration-test/target/test-dir/MiniOzoneClusterImpl-ed40a7f8-0b2f-4da3-bf53-40ad2b647f29/datanode-2/data/ratis/f6e713fe-b6ae-4002-a149-8dc099739ebf/current/log_inprogress_0
2019-09-25 12:07:04,736 [a3a55b85-6532-4add-86b9-f60c9f262632@group-688106E2A830-SegmentedRaftLogWorker] INFO  segmented.SegmentedRaftLogWorker (SegmentedRaftLogWorker.java:execute(569)) - a3a55b85-6532-4add-86b9-f60c9f262632@group-688106E2A830-SegmentedRaftLogWorker: created new log segment /workdir/hadoop-ozone/integration-test/target/test-dir/MiniOzoneClusterImpl-ed40a7f8-0b2f-4da3-bf53-40ad2b647f29/datanode-2/data/ratis/78a7f422-e05c-46fb-a8d1-688106e2a830/current/log_inprogress_0
2019-09-25 12:07:04,736 [994e134d-9492-4c05-a584-6f6f537d8ad3@group-4B89E0D1DE3E:LeaderElection308] INFO  impl.LeaderElection (LeaderElection.java:askForVotes(182)) - 994e134d-9492-4c05-a584-6f6f537d8ad3@group-4B89E0D1DE3E:LeaderElection308: begin an election at term 1 for -1: [994e134d-9492-4c05-a584-6f6f537d8ad3:192.168.151.73:46064], old=null
2019-09-25 12:07:04,736 [0b7c031f-92f6-4780-87e9-d12f3b75deed@group-B4315FD5B80F:LeaderElection307] INFO  impl.LeaderElection (LeaderElection.java:askForVotes(182)) - 0b7c031f-92f6-4780-87e9-d12f3b75deed@group-B4315FD5B80F:LeaderElection307: begin an election at term 1 for -1: [0b7c031f-92f6-4780-87e9-d12f3b75deed:192.168.151.73:38949], old=null
2019-09-25 12:07:04,736 [f003a614-b318-424e-95ab-7ad6d1c0d2e6@group-E9EF3B7EB731-SegmentedRaftLogWorker] INFO  segmented.SegmentedRaftLogWorker (SegmentedRaftLogWorker.java:execute(569)) - f003a614-b318-424e-95ab-7ad6d1c0d2e6@group-E9EF3B7EB731-SegmentedRaftLogWorker: created new log segment /workdir/hadoop-ozone/integration-test/target/test-dir/MiniOzoneClusterImpl-ed40a7f8-0b2f-4da3-bf53-40ad2b647f29/datanode-1/data/ratis/073f0871-cb75-40ad-90e8-e9ef3b7eb731/current/log_inprogress_0
2019-09-25 12:07:04,736 [0b7c031f-92f6-4780-87e9-d12f3b75deed@group-B4315FD5B80F:LeaderElection307] INFO  impl.RoleInfo (RoleInfo.java:shutdownLeaderElection(134)) - 0b7c031f-92f6-4780-87e9-d12f3b75deed: shutdown LeaderElection
2019-09-25 12:07:04,736 [994e134d-9492-4c05-a584-6f6f537d8ad3@group-4B89E0D1DE3E:LeaderElection308] INFO  impl.RoleInfo (RoleInfo.java:shutdownLeaderElection(134)) - 994e134d-9492-4c05-a584-6f6f537d8ad3: shutdown LeaderElection
2019-09-25 12:07:04,736 [0b7c031f-92f6-4780-87e9-d12f3b75deed@group-B4315FD5B80F:LeaderElection307] INFO  impl.RaftServerImpl (RaftServerImpl.java:setRole(174)) - 0b7c031f-92f6-4780-87e9-d12f3b75deed@group-B4315FD5B80F: changes role from CANDIDATE to LEADER at term 1 for changeToLeader
2019-09-25 12:07:04,737 [994e134d-9492-4c05-a584-6f6f537d8ad3@group-4B89E0D1DE3E:LeaderElection308] INFO  impl.RaftServerImpl (RaftServerImpl.java:setRole(174)) - 994e134d-9492-4c05-a584-6f6f537d8ad3@group-4B89E0D1DE3E: changes role from CANDIDATE to LEADER at term 1 for changeToLeader
2019-09-25 12:07:04,737 [0b7c031f-92f6-4780-87e9-d12f3b75deed@group-B4315FD5B80F:LeaderElection307] INFO  impl.RaftServerImpl (ServerState.java:setLeader(253)) - 0b7c031f-92f6-4780-87e9-d12f3b75deed@group-B4315FD5B80F: change Leader from null to 0b7c031f-92f6-4780-87e9-d12f3b75deed at term 1 for becomeLeader, leader elected after 5254ms
2019-09-25 12:07:04,737 [994e134d-9492-4c05-a584-6f6f537d8ad3@group-4B89E0D1DE3E:LeaderElection308] INFO  impl.RaftServerImpl (ServerState.java:setLeader(253)) - 994e134d-9492-4c05-a584-6f6f537d8ad3@group-4B89E0D1DE3E: change Leader from null to 994e134d-9492-4c05-a584-6f6f537d8ad3 at term 1 for becomeLeader, leader elected after 5051ms
2019-09-25 12:07:04,737 [0b7c031f-92f6-4780-87e9-d12f3b75deed@group-B4315FD5B80F:LeaderElection307] INFO  server.RaftServerConfigKeys (ConfUtils.java:logGet(43)) - raft.server.staging.catchup.gap = 1000 (default)
2019-09-25 12:07:04,737 [994e134d-9492-4c05-a584-6f6f537d8ad3@group-4B89E0D1DE3E:LeaderElection308] INFO  server.RaftServerConfigKeys (ConfUtils.java:logGet(43)) - raft.server.staging.catchup.gap = 1000 (default)
2019-09-25 12:07:04,737 [0b7c031f-92f6-4780-87e9-d12f3b75deed@group-B4315FD5B80F:LeaderElection307] INFO  server.RaftServerConfigKeys (ConfUtils.java:logGet(43)) - raft.server.rpc.sleep.time = 25ms (default)
2019-09-25 12:07:04,737 [994e134d-9492-4c05-a584-6f6f537d8ad3@group-4B89E0D1DE3E:LeaderElection308] INFO  server.RaftServerConfigKeys (ConfUtils.java:logGet(43)) - raft.server.rpc.sleep.time = 25ms (default)
2019-09-25 12:07:04,737 [0b7c031f-92f6-4780-87e9-d12f3b75deed@group-B4315FD5B80F:LeaderElection307] INFO  server.RaftServerConfigKeys (ConfUtils.java:logGet(43)) - raft.server.write.element-limit = 4096 (default)
2019-09-25 12:07:04,738 [994e134d-9492-4c05-a584-6f6f537d8ad3@group-4B89E0D1DE3E:LeaderElection308] INFO  server.RaftServerConfigKeys (ConfUtils.java:logGet(43)) - raft.server.write.element-limit = 4096 (default)
2019-09-25 12:07:04,738 [0b7c031f-92f6-4780-87e9-d12f3b75deed@group-B4315FD5B80F:LeaderElection307] INFO  server.RaftServerConfigKeys (ConfUtils.java:logGet(43)) - raft.server.watch.timeout = 10s (default)
2019-09-25 12:07:04,738 [994e134d-9492-4c05-a584-6f6f537d8ad3@group-4B89E0D1DE3E:LeaderElection308] INFO  server.RaftServerConfigKeys (ConfUtils.java:logGet(43)) - raft.server.watch.timeout = 10s (default)
2019-09-25 12:07:04,738 [0b7c031f-92f6-4780-87e9-d12f3b75deed@group-B4315FD5B80F:LeaderElection307] INFO  server.RaftServerConfigKeys (ConfUtils.java:logGet(43)) - raft.server.watch.timeout.denomination = 1s (default)
2019-09-25 12:07:04,738 [994e134d-9492-4c05-a584-6f6f537d8ad3@group-4B89E0D1DE3E:LeaderElection308] INFO  server.RaftServerConfigKeys (ConfUtils.java:logGet(43)) - raft.server.watch.timeout.denomination = 1s (default)
2019-09-25 12:07:04,738 [0b7c031f-92f6-4780-87e9-d12f3b75deed@group-B4315FD5B80F:LeaderElection307] INFO  server.RaftServerConfigKeys (ConfUtils.java:logGet(43)) - raft.server.watch.element-limit = 65536 (default)
2019-09-25 12:07:04,738 [994e134d-9492-4c05-a584-6f6f537d8ad3@group-4B89E0D1DE3E:LeaderElection308] INFO  server.RaftServerConfigKeys (ConfUtils.java:logGet(43)) - raft.server.watch.element-limit = 65536 (default)
2019-09-25 12:07:04,740 [f003a614-b318-424e-95ab-7ad6d1c0d2e6@group-2AF1A894BB44:LeaderElection309] INFO  impl.LeaderElection (LeaderElection.java:askForVotes(182)) - f003a614-b318-424e-95ab-7ad6d1c0d2e6@group-2AF1A894BB44:LeaderElection309: begin an election at term 1 for -1: [f003a614-b318-424e-95ab-7ad6d1c0d2e6:192.168.151.73:41092], old=null
2019-09-25 12:07:04,740 [f003a614-b318-424e-95ab-7ad6d1c0d2e6@group-2AF1A894BB44:LeaderElection309] INFO  impl.RoleInfo (RoleInfo.java:shutdownLeaderElection(134)) - f003a614-b318-424e-95ab-7ad6d1c0d2e6: shutdown LeaderElection
2019-09-25 12:07:04,740 [f003a614-b318-424e-95ab-7ad6d1c0d2e6@group-2AF1A894BB44:LeaderElection309] INFO  impl.RaftServerImpl (RaftServerImpl.java:setRole(174)) - f003a614-b318-424e-95ab-7ad6d1c0d2e6@group-2AF1A894BB44: changes role from CANDIDATE to LEADER at term 1 for changeToLeader
2019-09-25 12:07:04,740 [f003a614-b318-424e-95ab-7ad6d1c0d2e6@group-2AF1A894BB44:LeaderElection309] INFO  impl.RaftServerImpl (ServerState.java:setLeader(253)) - f003a614-b318-424e-95ab-7ad6d1c0d2e6@group-2AF1A894BB44: change Leader from null to f003a614-b318-424e-95ab-7ad6d1c0d2e6 at term 1 for becomeLeader, leader elected after 5172ms
2019-09-25 12:07:04,740 [f003a614-b318-424e-95ab-7ad6d1c0d2e6@group-2AF1A894BB44:LeaderElection309] INFO  server.RaftServerConfigKeys (ConfUtils.java:logGet(43)) - raft.server.staging.catchup.gap = 1000 (default)
2019-09-25 12:07:04,741 [f003a614-b318-424e-95ab-7ad6d1c0d2e6@group-2AF1A894BB44:LeaderElection309] INFO  server.RaftServerConfigKeys (ConfUtils.java:logGet(43)) - raft.server.rpc.sleep.time = 25ms (default)
2019-09-25 12:07:04,741 [f003a614-b318-424e-95ab-7ad6d1c0d2e6@group-2AF1A894BB44:LeaderElection309] INFO  server.RaftServerConfigKeys (ConfUtils.java:logGet(43)) - raft.server.write.element-limit = 4096 (default)
2019-09-25 12:07:04,741 [f003a614-b318-424e-95ab-7ad6d1c0d2e6@group-2AF1A894BB44:LeaderElection309] INFO  server.RaftServerConfigKeys (ConfUtils.java:logGet(43)) - raft.server.watch.timeout = 10s (default)
2019-09-25 12:07:04,741 [0b7c031f-92f6-4780-87e9-d12f3b75deed@group-B4315FD5B80F:LeaderElection307] INFO  impl.RoleInfo (RoleInfo.java:updateAndGet(143)) - 0b7c031f-92f6-4780-87e9-d12f3b75deed: start LeaderState
2019-09-25 12:07:04,741 [f003a614-b318-424e-95ab-7ad6d1c0d2e6@group-2AF1A894BB44:LeaderElection309] INFO  server.RaftServerConfigKeys (ConfUtils.java:logGet(43)) - raft.server.watch.timeout.denomination = 1s (default)
2019-09-25 12:07:04,741 [0b7c031f-92f6-4780-87e9-d12f3b75deed@group-B4315FD5B80F:LeaderElection307] INFO  segmented.SegmentedRaftLogWorker (SegmentedRaftLogWorker.java:startLogSegment(380)) - 0b7c031f-92f6-4780-87e9-d12f3b75deed@group-B4315FD5B80F-SegmentedRaftLogWorker: Starting segment from index:0
2019-09-25 12:07:04,741 [994e134d-9492-4c05-a584-6f6f537d8ad3@group-4B89E0D1DE3E:LeaderElection308] INFO  impl.RoleInfo (RoleInfo.java:updateAndGet(143)) - 994e134d-9492-4c05-a584-6f6f537d8ad3: start LeaderState
2019-09-25 12:07:04,741 [f003a614-b318-424e-95ab-7ad6d1c0d2e6@group-2AF1A894BB44:LeaderElection309] INFO  server.RaftServerConfigKeys (ConfUtils.java:logGet(43)) - raft.server.watch.element-limit = 65536 (default)
2019-09-25 12:07:04,742 [994e134d-9492-4c05-a584-6f6f537d8ad3@group-4B89E0D1DE3E:LeaderElection308] INFO  segmented.SegmentedRaftLogWorker (SegmentedRaftLogWorker.java:startLogSegment(380)) - 994e134d-9492-4c05-a584-6f6f537d8ad3@group-4B89E0D1DE3E-SegmentedRaftLogWorker: Starting segment from index:0
2019-09-25 12:07:04,742 [0b7c031f-92f6-4780-87e9-d12f3b75deed@group-B4315FD5B80F:LeaderElection307] INFO  impl.RaftServerImpl (ServerState.java:setRaftConf(354)) - 0b7c031f-92f6-4780-87e9-d12f3b75deed@group-B4315FD5B80F: set configuration 0: [0b7c031f-92f6-4780-87e9-d12f3b75deed:192.168.151.73:38949], old=null at 0
2019-09-25 12:07:04,742 [994e134d-9492-4c05-a584-6f6f537d8ad3@group-4B89E0D1DE3E:LeaderElection308] INFO  impl.RaftServerImpl (ServerState.java:setRaftConf(354)) - 994e134d-9492-4c05-a584-6f6f537d8ad3@group-4B89E0D1DE3E: set configuration 0: [994e134d-9492-4c05-a584-6f6f537d8ad3:192.168.151.73:46064], old=null at 0
2019-09-25 12:07:04,744 [f003a614-b318-424e-95ab-7ad6d1c0d2e6@group-2AF1A894BB44:LeaderElection309] INFO  impl.RoleInfo (RoleInfo.java:updateAndGet(143)) - f003a614-b318-424e-95ab-7ad6d1c0d2e6: start LeaderState
2019-09-25 12:07:04,744 [f003a614-b318-424e-95ab-7ad6d1c0d2e6@group-2AF1A894BB44:LeaderElection309] INFO  segmented.SegmentedRaftLogWorker (SegmentedRaftLogWorker.java:startLogSegment(380)) - f003a614-b318-424e-95ab-7ad6d1c0d2e6@group-2AF1A894BB44-SegmentedRaftLogWorker: Starting segment from index:0
2019-09-25 12:07:04,744 [f003a614-b318-424e-95ab-7ad6d1c0d2e6@group-2AF1A894BB44:LeaderElection309] INFO  impl.RaftServerImpl (ServerState.java:setRaftConf(354)) - f003a614-b318-424e-95ab-7ad6d1c0d2e6@group-2AF1A894BB44: set configuration 0: [f003a614-b318-424e-95ab-7ad6d1c0d2e6:192.168.151.73:41092], old=null at 0
2019-09-25 12:07:04,767 [Thread-3998] INFO  impl.FollowerState (FollowerState.java:run(106)) - f003a614-b318-424e-95ab-7ad6d1c0d2e6:group-BD54D31EE5C1 changes to CANDIDATE, lastRpcTime:5122, electionTimeout:5122ms
2019-09-25 12:07:04,767 [Thread-3998] INFO  impl.RoleInfo (RoleInfo.java:shutdownFollowerState(121)) - f003a614-b318-424e-95ab-7ad6d1c0d2e6: shutdown FollowerState
2019-09-25 12:07:04,767 [Thread-3998] INFO  impl.RaftServerImpl (RaftServerImpl.java:setRole(174)) - f003a614-b318-424e-95ab-7ad6d1c0d2e6@group-BD54D31EE5C1: changes role from  FOLLOWER to CANDIDATE at term 0 for changeToCandidate
2019-09-25 12:07:04,767 [Thread-3998] INFO  impl.RoleInfo (RoleInfo.java:updateAndGet(143)) - f003a614-b318-424e-95ab-7ad6d1c0d2e6: start LeaderElection
2019-09-25 12:07:04,793 [0b7c031f-92f6-4780-87e9-d12f3b75deed@group-B4315FD5B80F-SegmentedRaftLogWorker] INFO  segmented.SegmentedRaftLogWorker (SegmentedRaftLogWorker.java:execute(569)) - 0b7c031f-92f6-4780-87e9-d12f3b75deed@group-B4315FD5B80F-SegmentedRaftLogWorker: created new log segment /workdir/hadoop-ozone/integration-test/target/test-dir/MiniOzoneClusterImpl-ed40a7f8-0b2f-4da3-bf53-40ad2b647f29/datanode-0/data/ratis/6b517b0c-d58a-4eee-b6fa-b4315fd5b80f/current/log_inprogress_0
2019-09-25 12:07:04,793 [f003a614-b318-424e-95ab-7ad6d1c0d2e6@group-BD54D31EE5C1:LeaderElection310] INFO  impl.LeaderElection (LeaderElection.java:askForVotes(182)) - f003a614-b318-424e-95ab-7ad6d1c0d2e6@group-BD54D31EE5C1:LeaderElection310: begin an election at term 1 for -1: [f003a614-b318-424e-95ab-7ad6d1c0d2e6:192.168.151.73:41092], old=null
2019-09-25 12:07:04,793 [994e134d-9492-4c05-a584-6f6f537d8ad3@group-4B89E0D1DE3E-SegmentedRaftLogWorker] INFO  segmented.SegmentedRaftLogWorker (SegmentedRaftLogWorker.java:execute(569)) - 994e134d-9492-4c05-a584-6f6f537d8ad3@group-4B89E0D1DE3E-SegmentedRaftLogWorker: created new log segment /workdir/hadoop-ozone/integration-test/target/test-dir/MiniOzoneClusterImpl-ed40a7f8-0b2f-4da3-bf53-40ad2b647f29/datanode-3/data/ratis/fe15630f-17a8-4e1e-98fe-4b89e0d1de3e/current/log_inprogress_0
2019-09-25 12:07:04,793 [f003a614-b318-424e-95ab-7ad6d1c0d2e6@group-2AF1A894BB44-SegmentedRaftLogWorker] INFO  segmented.SegmentedRaftLogWorker (SegmentedRaftLogWorker.java:execute(569)) - f003a614-b318-424e-95ab-7ad6d1c0d2e6@group-2AF1A894BB44-SegmentedRaftLogWorker: created new log segment /workdir/hadoop-ozone/integration-test/target/test-dir/MiniOzoneClusterImpl-ed40a7f8-0b2f-4da3-bf53-40ad2b647f29/datanode-1/data/ratis/f21ac296-5e2a-448e-b5e0-2af1a894bb44/current/log_inprogress_0
2019-09-25 12:07:04,793 [f003a614-b318-424e-95ab-7ad6d1c0d2e6@group-BD54D31EE5C1:LeaderElection310] INFO  impl.RoleInfo (RoleInfo.java:shutdownLeaderElection(134)) - f003a614-b318-424e-95ab-7ad6d1c0d2e6: shutdown LeaderElection
2019-09-25 12:07:04,793 [f003a614-b318-424e-95ab-7ad6d1c0d2e6@group-BD54D31EE5C1:LeaderElection310] INFO  impl.RaftServerImpl (RaftServerImpl.java:setRole(174)) - f003a614-b318-424e-95ab-7ad6d1c0d2e6@group-BD54D31EE5C1: changes role from CANDIDATE to LEADER at term 1 for changeToLeader
2019-09-25 12:07:04,794 [f003a614-b318-424e-95ab-7ad6d1c0d2e6@group-BD54D31EE5C1:LeaderElection310] INFO  impl.RaftServerImpl (ServerState.java:setLeader(253)) - f003a614-b318-424e-95ab-7ad6d1c0d2e6@group-BD54D31EE5C1: change Leader from null to f003a614-b318-424e-95ab-7ad6d1c0d2e6 at term 1 for becomeLeader, leader elected after 5154ms
2019-09-25 12:07:04,794 [f003a614-b318-424e-95ab-7ad6d1c0d2e6@group-BD54D31EE5C1:LeaderElection310] INFO  server.RaftServerConfigKeys (ConfUtils.java:logGet(43)) - raft.server.staging.catchup.gap = 1000 (default)
2019-09-25 12:07:04,794 [f003a614-b318-424e-95ab-7ad6d1c0d2e6@group-BD54D31EE5C1:LeaderElection310] INFO  server.RaftServerConfigKeys (ConfUtils.java:logGet(43)) - raft.server.rpc.sleep.time = 25ms (default)
2019-09-25 12:07:04,794 [f003a614-b318-424e-95ab-7ad6d1c0d2e6@group-BD54D31EE5C1:LeaderElection310] INFO  server.RaftServerConfigKeys (ConfUtils.java:logGet(43)) - raft.server.write.element-limit = 4096 (default)
2019-09-25 12:07:04,794 [f003a614-b318-424e-95ab-7ad6d1c0d2e6@group-BD54D31EE5C1:LeaderElection310] INFO  server.RaftServerConfigKeys (ConfUtils.java:logGet(43)) - raft.server.watch.timeout = 10s (default)
2019-09-25 12:07:04,794 [f003a614-b318-424e-95ab-7ad6d1c0d2e6@group-BD54D31EE5C1:LeaderElection310] INFO  server.RaftServerConfigKeys (ConfUtils.java:logGet(43)) - raft.server.watch.timeout.denomination = 1s (default)
2019-09-25 12:07:04,794 [f003a614-b318-424e-95ab-7ad6d1c0d2e6@group-BD54D31EE5C1:LeaderElection310] INFO  server.RaftServerConfigKeys (ConfUtils.java:logGet(43)) - raft.server.watch.element-limit = 65536 (default)
2019-09-25 12:07:04,796 [f003a614-b318-424e-95ab-7ad6d1c0d2e6@group-BD54D31EE5C1:LeaderElection310] INFO  impl.RoleInfo (RoleInfo.java:updateAndGet(143)) - f003a614-b318-424e-95ab-7ad6d1c0d2e6: start LeaderState
2019-09-25 12:07:04,796 [f003a614-b318-424e-95ab-7ad6d1c0d2e6@group-BD54D31EE5C1:LeaderElection310] INFO  segmented.SegmentedRaftLogWorker (SegmentedRaftLogWorker.java:startLogSegment(380)) - f003a614-b318-424e-95ab-7ad6d1c0d2e6@group-BD54D31EE5C1-SegmentedRaftLogWorker: Starting segment from index:0
2019-09-25 12:07:04,797 [f003a614-b318-424e-95ab-7ad6d1c0d2e6@group-BD54D31EE5C1:LeaderElection310] INFO  impl.RaftServerImpl (ServerState.java:setRaftConf(354)) - f003a614-b318-424e-95ab-7ad6d1c0d2e6@group-BD54D31EE5C1: set configuration 0: [f003a614-b318-424e-95ab-7ad6d1c0d2e6:192.168.151.73:41092], old=null at 0
2019-09-25 12:07:04,826 [Thread-4009] INFO  impl.FollowerState (FollowerState.java:run(106)) - 994e134d-9492-4c05-a584-6f6f537d8ad3:group-06E1373689ED changes to CANDIDATE, lastRpcTime:5008, electionTimeout:5004ms
2019-09-25 12:07:04,826 [Thread-4009] INFO  impl.RoleInfo (RoleInfo.java:shutdownFollowerState(121)) - 994e134d-9492-4c05-a584-6f6f537d8ad3: shutdown FollowerState
2019-09-25 12:07:04,826 [Thread-4009] INFO  impl.RaftServerImpl (RaftServerImpl.java:setRole(174)) - 994e134d-9492-4c05-a584-6f6f537d8ad3@group-06E1373689ED: changes role from  FOLLOWER to CANDIDATE at term 0 for changeToCandidate
2019-09-25 12:07:04,826 [Thread-4009] INFO  impl.RoleInfo (RoleInfo.java:updateAndGet(143)) - 994e134d-9492-4c05-a584-6f6f537d8ad3: start LeaderElection
2019-09-25 12:07:04,834 [f003a614-b318-424e-95ab-7ad6d1c0d2e6@group-BD54D31EE5C1-SegmentedRaftLogWorker] INFO  segmented.SegmentedRaftLogWorker (SegmentedRaftLogWorker.java:execute(569)) - f003a614-b318-424e-95ab-7ad6d1c0d2e6@group-BD54D31EE5C1-SegmentedRaftLogWorker: created new log segment /workdir/hadoop-ozone/integration-test/target/test-dir/MiniOzoneClusterImpl-ed40a7f8-0b2f-4da3-bf53-40ad2b647f29/datanode-1/data/ratis/e48124f2-589c-4618-937f-bd54d31ee5c1/current/log_inprogress_0
2019-09-25 12:07:04,848 [994e134d-9492-4c05-a584-6f6f537d8ad3@group-06E1373689ED:LeaderElection311] INFO  impl.LeaderElection (LeaderElection.java:askForVotes(182)) - 994e134d-9492-4c05-a584-6f6f537d8ad3@group-06E1373689ED:LeaderElection311: begin an election at term 1 for -1: [994e134d-9492-4c05-a584-6f6f537d8ad3:192.168.151.73:46064], old=null
2019-09-25 12:07:04,848 [994e134d-9492-4c05-a584-6f6f537d8ad3@group-06E1373689ED:LeaderElection311] INFO  impl.RoleInfo (RoleInfo.java:shutdownLeaderElection(134)) - 994e134d-9492-4c05-a584-6f6f537d8ad3: shutdown LeaderElection
2019-09-25 12:07:04,848 [994e134d-9492-4c05-a584-6f6f537d8ad3@group-06E1373689ED:LeaderElection311] INFO  impl.RaftServerImpl (RaftServerImpl.java:setRole(174)) - 994e134d-9492-4c05-a584-6f6f537d8ad3@group-06E1373689ED: changes role from CANDIDATE to LEADER at term 1 for changeToLeader
2019-09-25 12:07:04,848 [994e134d-9492-4c05-a584-6f6f537d8ad3@group-06E1373689ED:LeaderElection311] INFO  impl.RaftServerImpl (ServerState.java:setLeader(253)) - 994e134d-9492-4c05-a584-6f6f537d8ad3@group-06E1373689ED: change Leader from null to 994e134d-9492-4c05-a584-6f6f537d8ad3 at term 1 for becomeLeader, leader elected after 5070ms
2019-09-25 12:07:04,848 [994e134d-9492-4c05-a584-6f6f537d8ad3@group-06E1373689ED:LeaderElection311] INFO  server.RaftServerConfigKeys (ConfUtils.java:logGet(43)) - raft.server.staging.catchup.gap = 1000 (default)
2019-09-25 12:07:04,849 [994e134d-9492-4c05-a584-6f6f537d8ad3@group-06E1373689ED:LeaderElection311] INFO  server.RaftServerConfigKeys (ConfUtils.java:logGet(43)) - raft.server.rpc.sleep.time = 25ms (default)
2019-09-25 12:07:04,849 [994e134d-9492-4c05-a584-6f6f537d8ad3@group-06E1373689ED:LeaderElection311] INFO  server.RaftServerConfigKeys (ConfUtils.java:logGet(43)) - raft.server.write.element-limit = 4096 (default)
2019-09-25 12:07:04,849 [994e134d-9492-4c05-a584-6f6f537d8ad3@group-06E1373689ED:LeaderElection311] INFO  server.RaftServerConfigKeys (ConfUtils.java:logGet(43)) - raft.server.watch.timeout = 10s (default)
2019-09-25 12:07:04,849 [994e134d-9492-4c05-a584-6f6f537d8ad3@group-06E1373689ED:LeaderElection311] INFO  server.RaftServerConfigKeys (ConfUtils.java:logGet(43)) - raft.server.watch.timeout.denomination = 1s (default)
2019-09-25 12:07:04,849 [994e134d-9492-4c05-a584-6f6f537d8ad3@group-06E1373689ED:LeaderElection311] INFO  server.RaftServerConfigKeys (ConfUtils.java:logGet(43)) - raft.server.watch.element-limit = 65536 (default)
2019-09-25 12:07:04,851 [994e134d-9492-4c05-a584-6f6f537d8ad3@group-06E1373689ED:LeaderElection311] INFO  impl.RoleInfo (RoleInfo.java:updateAndGet(143)) - 994e134d-9492-4c05-a584-6f6f537d8ad3: start LeaderState
2019-09-25 12:07:04,851 [994e134d-9492-4c05-a584-6f6f537d8ad3@group-06E1373689ED:LeaderElection311] INFO  segmented.SegmentedRaftLogWorker (SegmentedRaftLogWorker.java:startLogSegment(380)) - 994e134d-9492-4c05-a584-6f6f537d8ad3@group-06E1373689ED-SegmentedRaftLogWorker: Starting segment from index:0
2019-09-25 12:07:04,852 [994e134d-9492-4c05-a584-6f6f537d8ad3@group-06E1373689ED:LeaderElection311] INFO  impl.RaftServerImpl (ServerState.java:setRaftConf(354)) - 994e134d-9492-4c05-a584-6f6f537d8ad3@group-06E1373689ED: set configuration 0: [994e134d-9492-4c05-a584-6f6f537d8ad3:192.168.151.73:46064], old=null at 0
2019-09-25 12:07:04,899 [Thread-4004] INFO  impl.FollowerState (FollowerState.java:run(106)) - a18b28f5-0b39-4e24-a9bc-e0bed51b7d30:group-ED12CE842CB5 changes to CANDIDATE, lastRpcTime:5156, electionTimeout:5156ms
2019-09-25 12:07:04,900 [Thread-4004] INFO  impl.RoleInfo (RoleInfo.java:shutdownFollowerState(121)) - a18b28f5-0b39-4e24-a9bc-e0bed51b7d30: shutdown FollowerState
2019-09-25 12:07:04,900 [Thread-4004] INFO  impl.RaftServerImpl (RaftServerImpl.java:setRole(174)) - a18b28f5-0b39-4e24-a9bc-e0bed51b7d30@group-ED12CE842CB5: changes role from  FOLLOWER to CANDIDATE at term 0 for changeToCandidate
2019-09-25 12:07:04,900 [Thread-4004] INFO  impl.RoleInfo (RoleInfo.java:updateAndGet(143)) - a18b28f5-0b39-4e24-a9bc-e0bed51b7d30: start LeaderElection
2019-09-25 12:07:04,908 [994e134d-9492-4c05-a584-6f6f537d8ad3@group-06E1373689ED-SegmentedRaftLogWorker] INFO  segmented.SegmentedRaftLogWorker (SegmentedRaftLogWorker.java:execute(569)) - 994e134d-9492-4c05-a584-6f6f537d8ad3@group-06E1373689ED-SegmentedRaftLogWorker: created new log segment /workdir/hadoop-ozone/integration-test/target/test-dir/MiniOzoneClusterImpl-ed40a7f8-0b2f-4da3-bf53-40ad2b647f29/datanode-3/data/ratis/79edbf33-ee48-47c7-ba54-06e1373689ed/current/log_inprogress_0
2019-09-25 12:07:04,921 [a18b28f5-0b39-4e24-a9bc-e0bed51b7d30@group-ED12CE842CB5:LeaderElection312] INFO  impl.LeaderElection (LeaderElection.java:askForVotes(182)) - a18b28f5-0b39-4e24-a9bc-e0bed51b7d30@group-ED12CE842CB5:LeaderElection312: begin an election at term 1 for -1: [a18b28f5-0b39-4e24-a9bc-e0bed51b7d30:192.168.151.73:44690], old=null
2019-09-25 12:07:04,921 [a18b28f5-0b39-4e24-a9bc-e0bed51b7d30@group-ED12CE842CB5:LeaderElection312] INFO  impl.RoleInfo (RoleInfo.java:shutdownLeaderElection(134)) - a18b28f5-0b39-4e24-a9bc-e0bed51b7d30: shutdown LeaderElection
2019-09-25 12:07:04,921 [a18b28f5-0b39-4e24-a9bc-e0bed51b7d30@group-ED12CE842CB5:LeaderElection312] INFO  impl.RaftServerImpl (RaftServerImpl.java:setRole(174)) - a18b28f5-0b39-4e24-a9bc-e0bed51b7d30@group-ED12CE842CB5: changes role from CANDIDATE to LEADER at term 1 for changeToLeader
2019-09-25 12:07:04,921 [a18b28f5-0b39-4e24-a9bc-e0bed51b7d30@group-ED12CE842CB5:LeaderElection312] INFO  impl.RaftServerImpl (ServerState.java:setLeader(253)) - a18b28f5-0b39-4e24-a9bc-e0bed51b7d30@group-ED12CE842CB5: change Leader from null to a18b28f5-0b39-4e24-a9bc-e0bed51b7d30 at term 1 for becomeLeader, leader elected after 5186ms
2019-09-25 12:07:04,921 [a18b28f5-0b39-4e24-a9bc-e0bed51b7d30@group-ED12CE842CB5:LeaderElection312] INFO  server.RaftServerConfigKeys (ConfUtils.java:logGet(43)) - raft.server.staging.catchup.gap = 1000 (default)
2019-09-25 12:07:04,922 [a18b28f5-0b39-4e24-a9bc-e0bed51b7d30@group-ED12CE842CB5:LeaderElection312] INFO  server.RaftServerConfigKeys (ConfUtils.java:logGet(43)) - raft.server.rpc.sleep.time = 25ms (default)
2019-09-25 12:07:04,922 [a18b28f5-0b39-4e24-a9bc-e0bed51b7d30@group-ED12CE842CB5:LeaderElection312] INFO  server.RaftServerConfigKeys (ConfUtils.java:logGet(43)) - raft.server.write.element-limit = 4096 (default)
2019-09-25 12:07:04,922 [a18b28f5-0b39-4e24-a9bc-e0bed51b7d30@group-ED12CE842CB5:LeaderElection312] INFO  server.RaftServerConfigKeys (ConfUtils.java:logGet(43)) - raft.server.watch.timeout = 10s (default)
2019-09-25 12:07:04,922 [a18b28f5-0b39-4e24-a9bc-e0bed51b7d30@group-ED12CE842CB5:LeaderElection312] INFO  server.RaftServerConfigKeys (ConfUtils.java:logGet(43)) - raft.server.watch.timeout.denomination = 1s (default)
2019-09-25 12:07:04,922 [a18b28f5-0b39-4e24-a9bc-e0bed51b7d30@group-ED12CE842CB5:LeaderElection312] INFO  server.RaftServerConfigKeys (ConfUtils.java:logGet(43)) - raft.server.watch.element-limit = 65536 (default)
2019-09-25 12:07:04,924 [a18b28f5-0b39-4e24-a9bc-e0bed51b7d30@group-ED12CE842CB5:LeaderElection312] INFO  impl.RoleInfo (RoleInfo.java:updateAndGet(143)) - a18b28f5-0b39-4e24-a9bc-e0bed51b7d30: start LeaderState
2019-09-25 12:07:04,924 [a18b28f5-0b39-4e24-a9bc-e0bed51b7d30@group-ED12CE842CB5:LeaderElection312] INFO  segmented.SegmentedRaftLogWorker (SegmentedRaftLogWorker.java:startLogSegment(380)) - a18b28f5-0b39-4e24-a9bc-e0bed51b7d30@group-ED12CE842CB5-SegmentedRaftLogWorker: Starting segment from index:0
2019-09-25 12:07:04,924 [a18b28f5-0b39-4e24-a9bc-e0bed51b7d30@group-ED12CE842CB5:LeaderElection312] INFO  impl.RaftServerImpl (ServerState.java:setRaftConf(354)) - a18b28f5-0b39-4e24-a9bc-e0bed51b7d30@group-ED12CE842CB5: set configuration 0: [a18b28f5-0b39-4e24-a9bc-e0bed51b7d30:192.168.151.73:44690], old=null at 0
2019-09-25 12:07:04,986 [a18b28f5-0b39-4e24-a9bc-e0bed51b7d30@group-ED12CE842CB5-SegmentedRaftLogWorker] INFO  segmented.SegmentedRaftLogWorker (SegmentedRaftLogWorker.java:execute(569)) - a18b28f5-0b39-4e24-a9bc-e0bed51b7d30@group-ED12CE842CB5-SegmentedRaftLogWorker: created new log segment /workdir/hadoop-ozone/integration-test/target/test-dir/MiniOzoneClusterImpl-ed40a7f8-0b2f-4da3-bf53-40ad2b647f29/datanode-4/data/ratis/68e79586-556c-46bd-8450-ed12ce842cb5/current/log_inprogress_0
2019-09-25 12:07:05,067 [Thread-4012] INFO  impl.FollowerState (FollowerState.java:run(106)) - a3a55b85-6532-4add-86b9-f60c9f262632:group-DB3AEB408921 changes to CANDIDATE, lastRpcTime:5130, electionTimeout:5130ms
2019-09-25 12:07:05,067 [Thread-4012] INFO  impl.RoleInfo (RoleInfo.java:shutdownFollowerState(121)) - a3a55b85-6532-4add-86b9-f60c9f262632: shutdown FollowerState
2019-09-25 12:07:05,068 [Thread-4012] INFO  impl.RaftServerImpl (RaftServerImpl.java:setRole(174)) - a3a55b85-6532-4add-86b9-f60c9f262632@group-DB3AEB408921: changes role from  FOLLOWER to CANDIDATE at term 0 for changeToCandidate
2019-09-25 12:07:05,068 [Thread-4012] INFO  impl.RoleInfo (RoleInfo.java:updateAndGet(143)) - a3a55b85-6532-4add-86b9-f60c9f262632: start LeaderElection
2019-09-25 12:07:05,089 [a3a55b85-6532-4add-86b9-f60c9f262632@group-DB3AEB408921:LeaderElection313] INFO  impl.LeaderElection (LeaderElection.java:askForVotes(182)) - a3a55b85-6532-4add-86b9-f60c9f262632@group-DB3AEB408921:LeaderElection313: begin an election at term 1 for -1: [a3a55b85-6532-4add-86b9-f60c9f262632:192.168.151.73:37389], old=null
2019-09-25 12:07:05,089 [a3a55b85-6532-4add-86b9-f60c9f262632@group-DB3AEB408921:LeaderElection313] INFO  impl.RoleInfo (RoleInfo.java:shutdownLeaderElection(134)) - a3a55b85-6532-4add-86b9-f60c9f262632: shutdown LeaderElection
2019-09-25 12:07:05,089 [a3a55b85-6532-4add-86b9-f60c9f262632@group-DB3AEB408921:LeaderElection313] INFO  impl.RaftServerImpl (RaftServerImpl.java:setRole(174)) - a3a55b85-6532-4add-86b9-f60c9f262632@group-DB3AEB408921: changes role from CANDIDATE to LEADER at term 1 for changeToLeader
2019-09-25 12:07:05,089 [a3a55b85-6532-4add-86b9-f60c9f262632@group-DB3AEB408921:LeaderElection313] INFO  impl.RaftServerImpl (ServerState.java:setLeader(253)) - a3a55b85-6532-4add-86b9-f60c9f262632@group-DB3AEB408921: change Leader from null to a3a55b85-6532-4add-86b9-f60c9f262632 at term 1 for becomeLeader, leader elected after 5158ms
2019-09-25 12:07:05,089 [a3a55b85-6532-4add-86b9-f60c9f262632@group-DB3AEB408921:LeaderElection313] INFO  server.RaftServerConfigKeys (ConfUtils.java:logGet(43)) - raft.server.staging.catchup.gap = 1000 (default)
2019-09-25 12:07:05,089 [a3a55b85-6532-4add-86b9-f60c9f262632@group-DB3AEB408921:LeaderElection313] INFO  server.RaftServerConfigKeys (ConfUtils.java:logGet(43)) - raft.server.rpc.sleep.time = 25ms (default)
2019-09-25 12:07:05,089 [a3a55b85-6532-4add-86b9-f60c9f262632@group-DB3AEB408921:LeaderElection313] INFO  server.RaftServerConfigKeys (ConfUtils.java:logGet(43)) - raft.server.write.element-limit = 4096 (default)
2019-09-25 12:07:05,090 [a3a55b85-6532-4add-86b9-f60c9f262632@group-DB3AEB408921:LeaderElection313] INFO  server.RaftServerConfigKeys (ConfUtils.java:logGet(43)) - raft.server.watch.timeout = 10s (default)
2019-09-25 12:07:05,090 [a3a55b85-6532-4add-86b9-f60c9f262632@group-DB3AEB408921:LeaderElection313] INFO  server.RaftServerConfigKeys (ConfUtils.java:logGet(43)) - raft.server.watch.timeout.denomination = 1s (default)
2019-09-25 12:07:05,090 [a3a55b85-6532-4add-86b9-f60c9f262632@group-DB3AEB408921:LeaderElection313] INFO  server.RaftServerConfigKeys (ConfUtils.java:logGet(43)) - raft.server.watch.element-limit = 65536 (default)
2019-09-25 12:07:05,091 [Thread-4015] INFO  impl.FollowerState (FollowerState.java:run(106)) - a18b28f5-0b39-4e24-a9bc-e0bed51b7d30:group-11534223A248 changes to CANDIDATE, lastRpcTime:5099, electionTimeout:5099ms
2019-09-25 12:07:05,091 [Thread-4015] INFO  impl.RoleInfo (RoleInfo.java:shutdownFollowerState(121)) - a18b28f5-0b39-4e24-a9bc-e0bed51b7d30: shutdown FollowerState
2019-09-25 12:07:05,091 [Thread-4015] INFO  impl.RaftServerImpl (RaftServerImpl.java:setRole(174)) - a18b28f5-0b39-4e24-a9bc-e0bed51b7d30@group-11534223A248: changes role from  FOLLOWER to CANDIDATE at term 0 for changeToCandidate
2019-09-25 12:07:05,091 [Thread-4015] INFO  impl.RoleInfo (RoleInfo.java:updateAndGet(143)) - a18b28f5-0b39-4e24-a9bc-e0bed51b7d30: start LeaderElection
2019-09-25 12:07:05,092 [a3a55b85-6532-4add-86b9-f60c9f262632@group-DB3AEB408921:LeaderElection313] INFO  impl.RoleInfo (RoleInfo.java:updateAndGet(143)) - a3a55b85-6532-4add-86b9-f60c9f262632: start LeaderState
2019-09-25 12:07:05,092 [a3a55b85-6532-4add-86b9-f60c9f262632@group-DB3AEB408921:LeaderElection313] INFO  segmented.SegmentedRaftLogWorker (SegmentedRaftLogWorker.java:startLogSegment(380)) - a3a55b85-6532-4add-86b9-f60c9f262632@group-DB3AEB408921-SegmentedRaftLogWorker: Starting segment from index:0
2019-09-25 12:07:05,097 [a3a55b85-6532-4add-86b9-f60c9f262632@group-DB3AEB408921:LeaderElection313] INFO  impl.RaftServerImpl (ServerState.java:setRaftConf(354)) - a3a55b85-6532-4add-86b9-f60c9f262632@group-DB3AEB408921: set configuration 0: [a3a55b85-6532-4add-86b9-f60c9f262632:192.168.151.73:37389], old=null at 0
2019-09-25 12:07:05,115 [a18b28f5-0b39-4e24-a9bc-e0bed51b7d30@group-11534223A248:LeaderElection314] INFO  impl.LeaderElection (LeaderElection.java:askForVotes(182)) - a18b28f5-0b39-4e24-a9bc-e0bed51b7d30@group-11534223A248:LeaderElection314: begin an election at term 1 for -1: [a18b28f5-0b39-4e24-a9bc-e0bed51b7d30:192.168.151.73:44690], old=null
2019-09-25 12:07:05,115 [a18b28f5-0b39-4e24-a9bc-e0bed51b7d30@group-11534223A248:LeaderElection314] INFO  impl.RoleInfo (RoleInfo.java:shutdownLeaderElection(134)) - a18b28f5-0b39-4e24-a9bc-e0bed51b7d30: shutdown LeaderElection
2019-09-25 12:07:05,116 [a18b28f5-0b39-4e24-a9bc-e0bed51b7d30@group-11534223A248:LeaderElection314] INFO  impl.RaftServerImpl (RaftServerImpl.java:setRole(174)) - a18b28f5-0b39-4e24-a9bc-e0bed51b7d30@group-11534223A248: changes role from CANDIDATE to LEADER at term 1 for changeToLeader
2019-09-25 12:07:05,116 [a18b28f5-0b39-4e24-a9bc-e0bed51b7d30@group-11534223A248:LeaderElection314] INFO  impl.RaftServerImpl (ServerState.java:setLeader(253)) - a18b28f5-0b39-4e24-a9bc-e0bed51b7d30@group-11534223A248: change Leader from null to a18b28f5-0b39-4e24-a9bc-e0bed51b7d30 at term 1 for becomeLeader, leader elected after 5130ms
2019-09-25 12:07:05,116 [a18b28f5-0b39-4e24-a9bc-e0bed51b7d30@group-11534223A248:LeaderElection314] INFO  server.RaftServerConfigKeys (ConfUtils.java:logGet(43)) - raft.server.staging.catchup.gap = 1000 (default)
2019-09-25 12:07:05,116 [a18b28f5-0b39-4e24-a9bc-e0bed51b7d30@group-11534223A248:LeaderElection314] INFO  server.RaftServerConfigKeys (ConfUtils.java:logGet(43)) - raft.server.rpc.sleep.time = 25ms (default)
2019-09-25 12:07:05,116 [a18b28f5-0b39-4e24-a9bc-e0bed51b7d30@group-11534223A248:LeaderElection314] INFO  server.RaftServerConfigKeys (ConfUtils.java:logGet(43)) - raft.server.write.element-limit = 4096 (default)
2019-09-25 12:07:05,117 [a18b28f5-0b39-4e24-a9bc-e0bed51b7d30@group-11534223A248:LeaderElection314] INFO  server.RaftServerConfigKeys (ConfUtils.java:logGet(43)) - raft.server.watch.timeout = 10s (default)
2019-09-25 12:07:05,117 [a18b28f5-0b39-4e24-a9bc-e0bed51b7d30@group-11534223A248:LeaderElection314] INFO  server.RaftServerConfigKeys (ConfUtils.java:logGet(43)) - raft.server.watch.timeout.denomination = 1s (default)
2019-09-25 12:07:05,117 [a18b28f5-0b39-4e24-a9bc-e0bed51b7d30@group-11534223A248:LeaderElection314] INFO  server.RaftServerConfigKeys (ConfUtils.java:logGet(43)) - raft.server.watch.element-limit = 65536 (default)
2019-09-25 12:07:05,120 [a18b28f5-0b39-4e24-a9bc-e0bed51b7d30@group-11534223A248:LeaderElection314] INFO  impl.RoleInfo (RoleInfo.java:updateAndGet(143)) - a18b28f5-0b39-4e24-a9bc-e0bed51b7d30: start LeaderState
2019-09-25 12:07:05,120 [a18b28f5-0b39-4e24-a9bc-e0bed51b7d30@group-11534223A248:LeaderElection314] INFO  segmented.SegmentedRaftLogWorker (SegmentedRaftLogWorker.java:startLogSegment(380)) - a18b28f5-0b39-4e24-a9bc-e0bed51b7d30@group-11534223A248-SegmentedRaftLogWorker: Starting segment from index:0
2019-09-25 12:07:05,121 [a18b28f5-0b39-4e24-a9bc-e0bed51b7d30@group-11534223A248:LeaderElection314] INFO  impl.RaftServerImpl (ServerState.java:setRaftConf(354)) - a18b28f5-0b39-4e24-a9bc-e0bed51b7d30@group-11534223A248: set configuration 0: [a18b28f5-0b39-4e24-a9bc-e0bed51b7d30:192.168.151.73:44690], old=null at 0
2019-09-25 12:07:05,133 [Thread-4021] INFO  impl.FollowerState (FollowerState.java:run(106)) - 994e134d-9492-4c05-a584-6f6f537d8ad3:group-30996C969F46 changes to CANDIDATE, lastRpcTime:5058, electionTimeout:5058ms
2019-09-25 12:07:05,133 [Thread-4021] INFO  impl.RoleInfo (RoleInfo.java:shutdownFollowerState(121)) - 994e134d-9492-4c05-a584-6f6f537d8ad3: shutdown FollowerState
2019-09-25 12:07:05,133 [Thread-4021] INFO  impl.RaftServerImpl (RaftServerImpl.java:setRole(174)) - 994e134d-9492-4c05-a584-6f6f537d8ad3@group-30996C969F46: changes role from  FOLLOWER to CANDIDATE at term 0 for changeToCandidate
2019-09-25 12:07:05,133 [Thread-4021] INFO  impl.RoleInfo (RoleInfo.java:updateAndGet(143)) - 994e134d-9492-4c05-a584-6f6f537d8ad3: start LeaderElection
2019-09-25 12:07:05,169 [Thread-4018] INFO  impl.FollowerState (FollowerState.java:run(106)) - f003a614-b318-424e-95ab-7ad6d1c0d2e6:group-E5473C4D036E changes to CANDIDATE, lastRpcTime:5136, electionTimeout:5136ms
2019-09-25 12:07:05,169 [Thread-4018] INFO  impl.RoleInfo (RoleInfo.java:shutdownFollowerState(121)) - f003a614-b318-424e-95ab-7ad6d1c0d2e6: shutdown FollowerState
2019-09-25 12:07:05,169 [Thread-4018] INFO  impl.RaftServerImpl (RaftServerImpl.java:setRole(174)) - f003a614-b318-424e-95ab-7ad6d1c0d2e6@group-E5473C4D036E: changes role from  FOLLOWER to CANDIDATE at term 0 for changeToCandidate
2019-09-25 12:07:05,169 [Thread-4018] INFO  impl.RoleInfo (RoleInfo.java:updateAndGet(143)) - f003a614-b318-424e-95ab-7ad6d1c0d2e6: start LeaderElection
2019-09-25 12:07:05,175 [Thread-4024] INFO  impl.FollowerState (FollowerState.java:run(106)) - a3a55b85-6532-4add-86b9-f60c9f262632:group-B7A1DB7C62FF changes to CANDIDATE, lastRpcTime:5060, electionTimeout:5057ms
2019-09-25 12:07:05,175 [Thread-4024] INFO  impl.RoleInfo (RoleInfo.java:shutdownFollowerState(121)) - a3a55b85-6532-4add-86b9-f60c9f262632: shutdown FollowerState
2019-09-25 12:07:05,175 [Thread-4024] INFO  impl.RaftServerImpl (RaftServerImpl.java:setRole(174)) - a3a55b85-6532-4add-86b9-f60c9f262632@group-B7A1DB7C62FF: changes role from  FOLLOWER to CANDIDATE at term 0 for changeToCandidate
2019-09-25 12:07:05,175 [Thread-4024] INFO  impl.RoleInfo (RoleInfo.java:updateAndGet(143)) - a3a55b85-6532-4add-86b9-f60c9f262632: start LeaderElection
2019-09-25 12:07:05,187 [a18b28f5-0b39-4e24-a9bc-e0bed51b7d30@group-11534223A248-SegmentedRaftLogWorker] INFO  segmented.SegmentedRaftLogWorker (SegmentedRaftLogWorker.java:execute(569)) - a18b28f5-0b39-4e24-a9bc-e0bed51b7d30@group-11534223A248-SegmentedRaftLogWorker: created new log segment /workdir/hadoop-ozone/integration-test/target/test-dir/MiniOzoneClusterImpl-ed40a7f8-0b2f-4da3-bf53-40ad2b647f29/datanode-4/data/ratis/4f0c7533-4567-4745-80d3-11534223a248/current/log_inprogress_0
2019-09-25 12:07:05,187 [a3a55b85-6532-4add-86b9-f60c9f262632@group-DB3AEB408921-SegmentedRaftLogWorker] INFO  segmented.SegmentedRaftLogWorker (SegmentedRaftLogWorker.java:execute(569)) - a3a55b85-6532-4add-86b9-f60c9f262632@group-DB3AEB408921-SegmentedRaftLogWorker: created new log segment /workdir/hadoop-ozone/integration-test/target/test-dir/MiniOzoneClusterImpl-ed40a7f8-0b2f-4da3-bf53-40ad2b647f29/datanode-2/data/ratis/5300afc0-392b-495b-97c3-db3aeb408921/current/log_inprogress_0
2019-09-25 12:07:05,187 [994e134d-9492-4c05-a584-6f6f537d8ad3@group-30996C969F46:LeaderElection315] INFO  impl.LeaderElection (LeaderElection.java:askForVotes(182)) - 994e134d-9492-4c05-a584-6f6f537d8ad3@group-30996C969F46:LeaderElection315: begin an election at term 1 for -1: [994e134d-9492-4c05-a584-6f6f537d8ad3:192.168.151.73:46064], old=null
2019-09-25 12:07:05,187 [994e134d-9492-4c05-a584-6f6f537d8ad3@group-30996C969F46:LeaderElection315] INFO  impl.RoleInfo (RoleInfo.java:shutdownLeaderElection(134)) - 994e134d-9492-4c05-a584-6f6f537d8ad3: shutdown LeaderElection
2019-09-25 12:07:05,187 [994e134d-9492-4c05-a584-6f6f537d8ad3@group-30996C969F46:LeaderElection315] INFO  impl.RaftServerImpl (RaftServerImpl.java:setRole(174)) - 994e134d-9492-4c05-a584-6f6f537d8ad3@group-30996C969F46: changes role from CANDIDATE to LEADER at term 1 for changeToLeader
2019-09-25 12:07:05,187 [994e134d-9492-4c05-a584-6f6f537d8ad3@group-30996C969F46:LeaderElection315] INFO  impl.RaftServerImpl (ServerState.java:setLeader(253)) - 994e134d-9492-4c05-a584-6f6f537d8ad3@group-30996C969F46: change Leader from null to 994e134d-9492-4c05-a584-6f6f537d8ad3 at term 1 for becomeLeader, leader elected after 5119ms
2019-09-25 12:07:05,187 [994e134d-9492-4c05-a584-6f6f537d8ad3@group-30996C969F46:LeaderElection315] INFO  server.RaftServerConfigKeys (ConfUtils.java:logGet(43)) - raft.server.staging.catchup.gap = 1000 (default)
2019-09-25 12:07:05,188 [994e134d-9492-4c05-a584-6f6f537d8ad3@group-30996C969F46:LeaderElection315] INFO  server.RaftServerConfigKeys (ConfUtils.java:logGet(43)) - raft.server.rpc.sleep.time = 25ms (default)
2019-09-25 12:07:05,188 [994e134d-9492-4c05-a584-6f6f537d8ad3@group-30996C969F46:LeaderElection315] INFO  server.RaftServerConfigKeys (ConfUtils.java:logGet(43)) - raft.server.write.element-limit = 4096 (default)
2019-09-25 12:07:05,188 [994e134d-9492-4c05-a584-6f6f537d8ad3@group-30996C969F46:LeaderElection315] INFO  server.RaftServerConfigKeys (ConfUtils.java:logGet(43)) - raft.server.watch.timeout = 10s (default)
2019-09-25 12:07:05,188 [994e134d-9492-4c05-a584-6f6f537d8ad3@group-30996C969F46:LeaderElection315] INFO  server.RaftServerConfigKeys (ConfUtils.java:logGet(43)) - raft.server.watch.timeout.denomination = 1s (default)
2019-09-25 12:07:05,188 [994e134d-9492-4c05-a584-6f6f537d8ad3@group-30996C969F46:LeaderElection315] INFO  server.RaftServerConfigKeys (ConfUtils.java:logGet(43)) - raft.server.watch.element-limit = 65536 (default)
2019-09-25 12:07:05,189 [a3a55b85-6532-4add-86b9-f60c9f262632@group-B7A1DB7C62FF:LeaderElection317] INFO  impl.LeaderElection (LeaderElection.java:askForVotes(182)) - a3a55b85-6532-4add-86b9-f60c9f262632@group-B7A1DB7C62FF:LeaderElection317: begin an election at term 1 for -1: [a3a55b85-6532-4add-86b9-f60c9f262632:192.168.151.73:37389], old=null
2019-09-25 12:07:05,189 [f003a614-b318-424e-95ab-7ad6d1c0d2e6@group-E5473C4D036E:LeaderElection316] INFO  impl.LeaderElection (LeaderElection.java:askForVotes(182)) - f003a614-b318-424e-95ab-7ad6d1c0d2e6@group-E5473C4D036E:LeaderElection316: begin an election at term 1 for -1: [f003a614-b318-424e-95ab-7ad6d1c0d2e6:192.168.151.73:41092], old=null
2019-09-25 12:07:05,190 [a3a55b85-6532-4add-86b9-f60c9f262632@group-B7A1DB7C62FF:LeaderElection317] INFO  impl.RoleInfo (RoleInfo.java:shutdownLeaderElection(134)) - a3a55b85-6532-4add-86b9-f60c9f262632: shutdown LeaderElection
2019-09-25 12:07:05,190 [994e134d-9492-4c05-a584-6f6f537d8ad3@group-30996C969F46:LeaderElection315] INFO  impl.RoleInfo (RoleInfo.java:updateAndGet(143)) - 994e134d-9492-4c05-a584-6f6f537d8ad3: start LeaderState
2019-09-25 12:07:05,190 [f003a614-b318-424e-95ab-7ad6d1c0d2e6@group-E5473C4D036E:LeaderElection316] INFO  impl.RoleInfo (RoleInfo.java:shutdownLeaderElection(134)) - f003a614-b318-424e-95ab-7ad6d1c0d2e6: shutdown LeaderElection
2019-09-25 12:07:05,190 [994e134d-9492-4c05-a584-6f6f537d8ad3@group-30996C969F46:LeaderElection315] INFO  segmented.SegmentedRaftLogWorker (SegmentedRaftLogWorker.java:startLogSegment(380)) - 994e134d-9492-4c05-a584-6f6f537d8ad3@group-30996C969F46-SegmentedRaftLogWorker: Starting segment from index:0
2019-09-25 12:07:05,190 [a3a55b85-6532-4add-86b9-f60c9f262632@group-B7A1DB7C62FF:LeaderElection317] INFO  impl.RaftServerImpl (RaftServerImpl.java:setRole(174)) - a3a55b85-6532-4add-86b9-f60c9f262632@group-B7A1DB7C62FF: changes role from CANDIDATE to LEADER at term 1 for changeToLeader
2019-09-25 12:07:05,190 [f003a614-b318-424e-95ab-7ad6d1c0d2e6@group-E5473C4D036E:LeaderElection316] INFO  impl.RaftServerImpl (RaftServerImpl.java:setRole(174)) - f003a614-b318-424e-95ab-7ad6d1c0d2e6@group-E5473C4D036E: changes role from CANDIDATE to LEADER at term 1 for changeToLeader
2019-09-25 12:07:05,191 [994e134d-9492-4c05-a584-6f6f537d8ad3@group-30996C969F46:LeaderElection315] INFO  impl.RaftServerImpl (ServerState.java:setRaftConf(354)) - 994e134d-9492-4c05-a584-6f6f537d8ad3@group-30996C969F46: set configuration 0: [994e134d-9492-4c05-a584-6f6f537d8ad3:192.168.151.73:46064], old=null at 0
2019-09-25 12:07:05,190 [a3a55b85-6532-4add-86b9-f60c9f262632@group-B7A1DB7C62FF:LeaderElection317] INFO  impl.RaftServerImpl (ServerState.java:setLeader(253)) - a3a55b85-6532-4add-86b9-f60c9f262632@group-B7A1DB7C62FF: change Leader from null to a3a55b85-6532-4add-86b9-f60c9f262632 at term 1 for becomeLeader, leader elected after 5082ms
2019-09-25 12:07:05,191 [f003a614-b318-424e-95ab-7ad6d1c0d2e6@group-E5473C4D036E:LeaderElection316] INFO  impl.RaftServerImpl (ServerState.java:setLeader(253)) - f003a614-b318-424e-95ab-7ad6d1c0d2e6@group-E5473C4D036E: change Leader from null to f003a614-b318-424e-95ab-7ad6d1c0d2e6 at term 1 for becomeLeader, leader elected after 5164ms
2019-09-25 12:07:05,191 [a3a55b85-6532-4add-86b9-f60c9f262632@group-B7A1DB7C62FF:LeaderElection317] INFO  server.RaftServerConfigKeys (ConfUtils.java:logGet(43)) - raft.server.staging.catchup.gap = 1000 (default)
2019-09-25 12:07:05,191 [f003a614-b318-424e-95ab-7ad6d1c0d2e6@group-E5473C4D036E:LeaderElection316] INFO  server.RaftServerConfigKeys (ConfUtils.java:logGet(43)) - raft.server.staging.catchup.gap = 1000 (default)
2019-09-25 12:07:05,191 [a3a55b85-6532-4add-86b9-f60c9f262632@group-B7A1DB7C62FF:LeaderElection317] INFO  server.RaftServerConfigKeys (ConfUtils.java:logGet(43)) - raft.server.rpc.sleep.time = 25ms (default)
2019-09-25 12:07:05,191 [f003a614-b318-424e-95ab-7ad6d1c0d2e6@group-E5473C4D036E:LeaderElection316] INFO  server.RaftServerConfigKeys (ConfUtils.java:logGet(43)) - raft.server.rpc.sleep.time = 25ms (default)
2019-09-25 12:07:05,192 [a3a55b85-6532-4add-86b9-f60c9f262632@group-B7A1DB7C62FF:LeaderElection317] INFO  server.RaftServerConfigKeys (ConfUtils.java:logGet(43)) - raft.server.write.element-limit = 4096 (default)
2019-09-25 12:07:05,192 [f003a614-b318-424e-95ab-7ad6d1c0d2e6@group-E5473C4D036E:LeaderElection316] INFO  server.RaftServerConfigKeys (ConfUtils.java:logGet(43)) - raft.server.write.element-limit = 4096 (default)
2019-09-25 12:07:05,192 [a3a55b85-6532-4add-86b9-f60c9f262632@group-B7A1DB7C62FF:LeaderElection317] INFO  server.RaftServerConfigKeys (ConfUtils.java:logGet(43)) - raft.server.watch.timeout = 10s (default)
2019-09-25 12:07:05,192 [f003a614-b318-424e-95ab-7ad6d1c0d2e6@group-E5473C4D036E:LeaderElection316] INFO  server.RaftServerConfigKeys (ConfUtils.java:logGet(43)) - raft.server.watch.timeout = 10s (default)
2019-09-25 12:07:05,192 [a3a55b85-6532-4add-86b9-f60c9f262632@group-B7A1DB7C62FF:LeaderElection317] INFO  server.RaftServerConfigKeys (ConfUtils.java:logGet(43)) - raft.server.watch.timeout.denomination = 1s (default)
2019-09-25 12:07:05,192 [f003a614-b318-424e-95ab-7ad6d1c0d2e6@group-E5473C4D036E:LeaderElection316] INFO  server.RaftServerConfigKeys (ConfUtils.java:logGet(43)) - raft.server.watch.timeout.denomination = 1s (default)
2019-09-25 12:07:05,192 [a3a55b85-6532-4add-86b9-f60c9f262632@group-B7A1DB7C62FF:LeaderElection317] INFO  server.RaftServerConfigKeys (ConfUtils.java:logGet(43)) - raft.server.watch.element-limit = 65536 (default)
2019-09-25 12:07:05,193 [f003a614-b318-424e-95ab-7ad6d1c0d2e6@group-E5473C4D036E:LeaderElection316] INFO  server.RaftServerConfigKeys (ConfUtils.java:logGet(43)) - raft.server.watch.element-limit = 65536 (default)
2019-09-25 12:07:05,195 [a3a55b85-6532-4add-86b9-f60c9f262632@group-B7A1DB7C62FF:LeaderElection317] INFO  impl.RoleInfo (RoleInfo.java:updateAndGet(143)) - a3a55b85-6532-4add-86b9-f60c9f262632: start LeaderState
2019-09-25 12:07:05,195 [f003a614-b318-424e-95ab-7ad6d1c0d2e6@group-E5473C4D036E:LeaderElection316] INFO  impl.RoleInfo (RoleInfo.java:updateAndGet(143)) - f003a614-b318-424e-95ab-7ad6d1c0d2e6: start LeaderState
2019-09-25 12:07:05,196 [a3a55b85-6532-4add-86b9-f60c9f262632@group-B7A1DB7C62FF:LeaderElection317] INFO  segmented.SegmentedRaftLogWorker (SegmentedRaftLogWorker.java:startLogSegment(380)) - a3a55b85-6532-4add-86b9-f60c9f262632@group-B7A1DB7C62FF-SegmentedRaftLogWorker: Starting segment from index:0
2019-09-25 12:07:05,196 [f003a614-b318-424e-95ab-7ad6d1c0d2e6@group-E5473C4D036E:LeaderElection316] INFO  segmented.SegmentedRaftLogWorker (SegmentedRaftLogWorker.java:startLogSegment(380)) - f003a614-b318-424e-95ab-7ad6d1c0d2e6@group-E5473C4D036E-SegmentedRaftLogWorker: Starting segment from index:0
2019-09-25 12:07:05,196 [a3a55b85-6532-4add-86b9-f60c9f262632@group-B7A1DB7C62FF:LeaderElection317] INFO  impl.RaftServerImpl (ServerState.java:setRaftConf(354)) - a3a55b85-6532-4add-86b9-f60c9f262632@group-B7A1DB7C62FF: set configuration 0: [a3a55b85-6532-4add-86b9-f60c9f262632:192.168.151.73:37389], old=null at 0
2019-09-25 12:07:05,196 [f003a614-b318-424e-95ab-7ad6d1c0d2e6@group-E5473C4D036E:LeaderElection316] INFO  impl.RaftServerImpl (ServerState.java:setRaftConf(354)) - f003a614-b318-424e-95ab-7ad6d1c0d2e6@group-E5473C4D036E: set configuration 0: [f003a614-b318-424e-95ab-7ad6d1c0d2e6:192.168.151.73:41092], old=null at 0
2019-09-25 12:07:05,242 [a3a55b85-6532-4add-86b9-f60c9f262632@group-B7A1DB7C62FF-SegmentedRaftLogWorker] INFO  segmented.SegmentedRaftLogWorker (SegmentedRaftLogWorker.java:execute(569)) - a3a55b85-6532-4add-86b9-f60c9f262632@group-B7A1DB7C62FF-SegmentedRaftLogWorker: created new log segment /workdir/hadoop-ozone/integration-test/target/test-dir/MiniOzoneClusterImpl-ed40a7f8-0b2f-4da3-bf53-40ad2b647f29/datanode-2/data/ratis/ce4f3ea3-afce-4e1f-8e8e-b7a1db7c62ff/current/log_inprogress_0
2019-09-25 12:07:05,242 [994e134d-9492-4c05-a584-6f6f537d8ad3@group-30996C969F46-SegmentedRaftLogWorker] INFO  segmented.SegmentedRaftLogWorker (SegmentedRaftLogWorker.java:execute(569)) - 994e134d-9492-4c05-a584-6f6f537d8ad3@group-30996C969F46-SegmentedRaftLogWorker: created new log segment /workdir/hadoop-ozone/integration-test/target/test-dir/MiniOzoneClusterImpl-ed40a7f8-0b2f-4da3-bf53-40ad2b647f29/datanode-3/data/ratis/45c4d2a2-70ef-4a3c-a3b1-30996c969f46/current/log_inprogress_0
2019-09-25 12:07:05,242 [f003a614-b318-424e-95ab-7ad6d1c0d2e6@group-E5473C4D036E-SegmentedRaftLogWorker] INFO  segmented.SegmentedRaftLogWorker (SegmentedRaftLogWorker.java:execute(569)) - f003a614-b318-424e-95ab-7ad6d1c0d2e6@group-E5473C4D036E-SegmentedRaftLogWorker: created new log segment /workdir/hadoop-ozone/integration-test/target/test-dir/MiniOzoneClusterImpl-ed40a7f8-0b2f-4da3-bf53-40ad2b647f29/datanode-1/data/ratis/78409671-6273-4a49-bb6e-e5473c4d036e/current/log_inprogress_0
2019-09-25 12:07:05,263 [Thread-4030] INFO  impl.FollowerState (FollowerState.java:run(106)) - a3a55b85-6532-4add-86b9-f60c9f262632:group-EDD36C66781D changes to CANDIDATE, lastRpcTime:5027, electionTimeout:5027ms
2019-09-25 12:07:05,264 [Thread-4030] INFO  impl.RoleInfo (RoleInfo.java:shutdownFollowerState(121)) - a3a55b85-6532-4add-86b9-f60c9f262632: shutdown FollowerState
2019-09-25 12:07:05,264 [Thread-4030] INFO  impl.RaftServerImpl (RaftServerImpl.java:setRole(174)) - a3a55b85-6532-4add-86b9-f60c9f262632@group-EDD36C66781D: changes role from  FOLLOWER to CANDIDATE at term 0 for changeToCandidate
2019-09-25 12:07:05,264 [Thread-4030] INFO  impl.RoleInfo (RoleInfo.java:updateAndGet(143)) - a3a55b85-6532-4add-86b9-f60c9f262632: start LeaderElection
2019-09-25 12:07:05,301 [Thread-4027] INFO  impl.FollowerState (FollowerState.java:run(106)) - a3a55b85-6532-4add-86b9-f60c9f262632:group-5179D1A1F15C changes to CANDIDATE, lastRpcTime:5105, electionTimeout:5081ms
2019-09-25 12:07:05,301 [Thread-4027] INFO  impl.RoleInfo (RoleInfo.java:shutdownFollowerState(121)) - a3a55b85-6532-4add-86b9-f60c9f262632: shutdown FollowerState
2019-09-25 12:07:05,301 [Thread-4027] INFO  impl.RaftServerImpl (RaftServerImpl.java:setRole(174)) - a3a55b85-6532-4add-86b9-f60c9f262632@group-5179D1A1F15C: changes role from  FOLLOWER to CANDIDATE at term 0 for changeToCandidate
2019-09-25 12:07:05,301 [Thread-4027] INFO  impl.RoleInfo (RoleInfo.java:updateAndGet(143)) - a3a55b85-6532-4add-86b9-f60c9f262632: start LeaderElection
2019-09-25 12:07:05,315 [a3a55b85-6532-4add-86b9-f60c9f262632@group-EDD36C66781D:LeaderElection318] INFO  impl.LeaderElection (LeaderElection.java:askForVotes(182)) - a3a55b85-6532-4add-86b9-f60c9f262632@group-EDD36C66781D:LeaderElection318: begin an election at term 1 for -1: [a3a55b85-6532-4add-86b9-f60c9f262632:192.168.151.73:37389], old=null
2019-09-25 12:07:05,315 [a3a55b85-6532-4add-86b9-f60c9f262632@group-5179D1A1F15C:LeaderElection319] INFO  impl.LeaderElection (LeaderElection.java:askForVotes(182)) - a3a55b85-6532-4add-86b9-f60c9f262632@group-5179D1A1F15C:LeaderElection319: begin an election at term 1 for -1: [a3a55b85-6532-4add-86b9-f60c9f262632:192.168.151.73:37389], old=null
2019-09-25 12:07:05,315 [a3a55b85-6532-4add-86b9-f60c9f262632@group-EDD36C66781D:LeaderElection318] INFO  impl.RoleInfo (RoleInfo.java:shutdownLeaderElection(134)) - a3a55b85-6532-4add-86b9-f60c9f262632: shutdown LeaderElection
2019-09-25 12:07:05,315 [a3a55b85-6532-4add-86b9-f60c9f262632@group-5179D1A1F15C:LeaderElection319] INFO  impl.RoleInfo (RoleInfo.java:shutdownLeaderElection(134)) - a3a55b85-6532-4add-86b9-f60c9f262632: shutdown LeaderElection
2019-09-25 12:07:05,315 [a3a55b85-6532-4add-86b9-f60c9f262632@group-EDD36C66781D:LeaderElection318] INFO  impl.RaftServerImpl (RaftServerImpl.java:setRole(174)) - a3a55b85-6532-4add-86b9-f60c9f262632@group-EDD36C66781D: changes role from CANDIDATE to LEADER at term 1 for changeToLeader
2019-09-25 12:07:05,315 [a3a55b85-6532-4add-86b9-f60c9f262632@group-EDD36C66781D:LeaderElection318] INFO  impl.RaftServerImpl (ServerState.java:setLeader(253)) - a3a55b85-6532-4add-86b9-f60c9f262632@group-EDD36C66781D: change Leader from null to a3a55b85-6532-4add-86b9-f60c9f262632 at term 1 for becomeLeader, leader elected after 5085ms
2019-09-25 12:07:05,315 [a3a55b85-6532-4add-86b9-f60c9f262632@group-5179D1A1F15C:LeaderElection319] INFO  impl.RaftServerImpl (RaftServerImpl.java:setRole(174)) - a3a55b85-6532-4add-86b9-f60c9f262632@group-5179D1A1F15C: changes role from CANDIDATE to LEADER at term 1 for changeToLeader
2019-09-25 12:07:05,316 [a3a55b85-6532-4add-86b9-f60c9f262632@group-EDD36C66781D:LeaderElection318] INFO  server.RaftServerConfigKeys (ConfUtils.java:logGet(43)) - raft.server.staging.catchup.gap = 1000 (default)
2019-09-25 12:07:05,316 [a3a55b85-6532-4add-86b9-f60c9f262632@group-5179D1A1F15C:LeaderElection319] INFO  impl.RaftServerImpl (ServerState.java:setLeader(253)) - a3a55b85-6532-4add-86b9-f60c9f262632@group-5179D1A1F15C: change Leader from null to a3a55b85-6532-4add-86b9-f60c9f262632 at term 1 for becomeLeader, leader elected after 5128ms
2019-09-25 12:07:05,316 [a3a55b85-6532-4add-86b9-f60c9f262632@group-EDD36C66781D:LeaderElection318] INFO  server.RaftServerConfigKeys (ConfUtils.java:logGet(43)) - raft.server.rpc.sleep.time = 25ms (default)
2019-09-25 12:07:05,316 [a3a55b85-6532-4add-86b9-f60c9f262632@group-5179D1A1F15C:LeaderElection319] INFO  server.RaftServerConfigKeys (ConfUtils.java:logGet(43)) - raft.server.staging.catchup.gap = 1000 (default)
2019-09-25 12:07:05,316 [a3a55b85-6532-4add-86b9-f60c9f262632@group-EDD36C66781D:LeaderElection318] INFO  server.RaftServerConfigKeys (ConfUtils.java:logGet(43)) - raft.server.write.element-limit = 4096 (default)
2019-09-25 12:07:05,316 [a3a55b85-6532-4add-86b9-f60c9f262632@group-5179D1A1F15C:LeaderElection319] INFO  server.RaftServerConfigKeys (ConfUtils.java:logGet(43)) - raft.server.rpc.sleep.time = 25ms (default)
2019-09-25 12:07:05,316 [a3a55b85-6532-4add-86b9-f60c9f262632@group-EDD36C66781D:LeaderElection318] INFO  server.RaftServerConfigKeys (ConfUtils.java:logGet(43)) - raft.server.watch.timeout = 10s (default)
2019-09-25 12:07:05,317 [a3a55b85-6532-4add-86b9-f60c9f262632@group-5179D1A1F15C:LeaderElection319] INFO  server.RaftServerConfigKeys (ConfUtils.java:logGet(43)) - raft.server.write.element-limit = 4096 (default)
2019-09-25 12:07:05,317 [a3a55b85-6532-4add-86b9-f60c9f262632@group-EDD36C66781D:LeaderElection318] INFO  server.RaftServerConfigKeys (ConfUtils.java:logGet(43)) - raft.server.watch.timeout.denomination = 1s (default)
2019-09-25 12:07:05,317 [a3a55b85-6532-4add-86b9-f60c9f262632@group-5179D1A1F15C:LeaderElection319] INFO  server.RaftServerConfigKeys (ConfUtils.java:logGet(43)) - raft.server.watch.timeout = 10s (default)
2019-09-25 12:07:05,317 [a3a55b85-6532-4add-86b9-f60c9f262632@group-EDD36C66781D:LeaderElection318] INFO  server.RaftServerConfigKeys (ConfUtils.java:logGet(43)) - raft.server.watch.element-limit = 65536 (default)
2019-09-25 12:07:05,317 [a3a55b85-6532-4add-86b9-f60c9f262632@group-5179D1A1F15C:LeaderElection319] INFO  server.RaftServerConfigKeys (ConfUtils.java:logGet(43)) - raft.server.watch.timeout.denomination = 1s (default)
2019-09-25 12:07:05,317 [a3a55b85-6532-4add-86b9-f60c9f262632@group-5179D1A1F15C:LeaderElection319] INFO  server.RaftServerConfigKeys (ConfUtils.java:logGet(43)) - raft.server.watch.element-limit = 65536 (default)
2019-09-25 12:07:05,320 [a3a55b85-6532-4add-86b9-f60c9f262632@group-EDD36C66781D:LeaderElection318] INFO  impl.RoleInfo (RoleInfo.java:updateAndGet(143)) - a3a55b85-6532-4add-86b9-f60c9f262632: start LeaderState
2019-09-25 12:07:05,321 [a3a55b85-6532-4add-86b9-f60c9f262632@group-EDD36C66781D:LeaderElection318] INFO  segmented.SegmentedRaftLogWorker (SegmentedRaftLogWorker.java:startLogSegment(380)) - a3a55b85-6532-4add-86b9-f60c9f262632@group-EDD36C66781D-SegmentedRaftLogWorker: Starting segment from index:0
2019-09-25 12:07:05,321 [a3a55b85-6532-4add-86b9-f60c9f262632@group-5179D1A1F15C:LeaderElection319] INFO  impl.RoleInfo (RoleInfo.java:updateAndGet(143)) - a3a55b85-6532-4add-86b9-f60c9f262632: start LeaderState
2019-09-25 12:07:05,321 [a3a55b85-6532-4add-86b9-f60c9f262632@group-EDD36C66781D:LeaderElection318] INFO  impl.RaftServerImpl (ServerState.java:setRaftConf(354)) - a3a55b85-6532-4add-86b9-f60c9f262632@group-EDD36C66781D: set configuration 0: [a3a55b85-6532-4add-86b9-f60c9f262632:192.168.151.73:37389], old=null at 0
2019-09-25 12:07:05,321 [a3a55b85-6532-4add-86b9-f60c9f262632@group-5179D1A1F15C:LeaderElection319] INFO  segmented.SegmentedRaftLogWorker (SegmentedRaftLogWorker.java:startLogSegment(380)) - a3a55b85-6532-4add-86b9-f60c9f262632@group-5179D1A1F15C-SegmentedRaftLogWorker: Starting segment from index:0
2019-09-25 12:07:05,322 [a3a55b85-6532-4add-86b9-f60c9f262632@group-5179D1A1F15C:LeaderElection319] INFO  impl.RaftServerImpl (ServerState.java:setRaftConf(354)) - a3a55b85-6532-4add-86b9-f60c9f262632@group-5179D1A1F15C: set configuration 0: [a3a55b85-6532-4add-86b9-f60c9f262632:192.168.151.73:37389], old=null at 0
2019-09-25 12:07:05,348 [Thread-4033] INFO  impl.FollowerState (FollowerState.java:run(106)) - f4c1a9a1-2d51-404c-8ce9-40a1851b7a0b:group-178624BC5208 changes to CANDIDATE, lastRpcTime:5059, electionTimeout:5059ms
2019-09-25 12:07:05,348 [Thread-4033] INFO  impl.RoleInfo (RoleInfo.java:shutdownFollowerState(121)) - f4c1a9a1-2d51-404c-8ce9-40a1851b7a0b: shutdown FollowerState
2019-09-25 12:07:05,349 [Thread-4033] INFO  impl.RaftServerImpl (RaftServerImpl.java:setRole(174)) - f4c1a9a1-2d51-404c-8ce9-40a1851b7a0b@group-178624BC5208: changes role from  FOLLOWER to CANDIDATE at term 0 for changeToCandidate
2019-09-25 12:07:05,349 [Thread-4033] INFO  impl.RoleInfo (RoleInfo.java:updateAndGet(143)) - f4c1a9a1-2d51-404c-8ce9-40a1851b7a0b: start LeaderElection
2019-09-25 12:07:05,365 [a3a55b85-6532-4add-86b9-f60c9f262632@group-EDD36C66781D-SegmentedRaftLogWorker] INFO  segmented.SegmentedRaftLogWorker (SegmentedRaftLogWorker.java:execute(569)) - a3a55b85-6532-4add-86b9-f60c9f262632@group-EDD36C66781D-SegmentedRaftLogWorker: created new log segment /workdir/hadoop-ozone/integration-test/target/test-dir/MiniOzoneClusterImpl-ed40a7f8-0b2f-4da3-bf53-40ad2b647f29/datanode-2/data/ratis/ba3e57b4-9be8-4a61-a02d-edd36c66781d/current/log_inprogress_0
2019-09-25 12:07:05,365 [f4c1a9a1-2d51-404c-8ce9-40a1851b7a0b@group-178624BC5208:LeaderElection320] INFO  impl.LeaderElection (LeaderElection.java:askForVotes(182)) - f4c1a9a1-2d51-404c-8ce9-40a1851b7a0b@group-178624BC5208:LeaderElection320: begin an election at term 1 for -1: [f4c1a9a1-2d51-404c-8ce9-40a1851b7a0b:192.168.151.73:39166], old=null
2019-09-25 12:07:05,366 [f4c1a9a1-2d51-404c-8ce9-40a1851b7a0b@group-178624BC5208:LeaderElection320] INFO  impl.RoleInfo (RoleInfo.java:shutdownLeaderElection(134)) - f4c1a9a1-2d51-404c-8ce9-40a1851b7a0b: shutdown LeaderElection
2019-09-25 12:07:05,366 [f4c1a9a1-2d51-404c-8ce9-40a1851b7a0b@group-178624BC5208:LeaderElection320] INFO  impl.RaftServerImpl (RaftServerImpl.java:setRole(174)) - f4c1a9a1-2d51-404c-8ce9-40a1851b7a0b@group-178624BC5208: changes role from CANDIDATE to LEADER at term 1 for changeToLeader
2019-09-25 12:07:05,366 [f4c1a9a1-2d51-404c-8ce9-40a1851b7a0b@group-178624BC5208:LeaderElection320] INFO  impl.RaftServerImpl (ServerState.java:setLeader(253)) - f4c1a9a1-2d51-404c-8ce9-40a1851b7a0b@group-178624BC5208: change Leader from null to f4c1a9a1-2d51-404c-8ce9-40a1851b7a0b at term 1 for becomeLeader, leader elected after 5085ms
2019-09-25 12:07:05,366 [f4c1a9a1-2d51-404c-8ce9-40a1851b7a0b@group-178624BC5208:LeaderElection320] INFO  server.RaftServerConfigKeys (ConfUtils.java:logGet(43)) - raft.server.staging.catchup.gap = 1000 (default)
2019-09-25 12:07:05,366 [f4c1a9a1-2d51-404c-8ce9-40a1851b7a0b@group-178624BC5208:LeaderElection320] INFO  server.RaftServerConfigKeys (ConfUtils.java:logGet(43)) - raft.server.rpc.sleep.time = 25ms (default)
2019-09-25 12:07:05,366 [f4c1a9a1-2d51-404c-8ce9-40a1851b7a0b@group-178624BC5208:LeaderElection320] INFO  server.RaftServerConfigKeys (ConfUtils.java:logGet(43)) - raft.server.write.element-limit = 4096 (default)
2019-09-25 12:07:05,367 [f4c1a9a1-2d51-404c-8ce9-40a1851b7a0b@group-178624BC5208:LeaderElection320] INFO  server.RaftServerConfigKeys (ConfUtils.java:logGet(43)) - raft.server.watch.timeout = 10s (default)
2019-09-25 12:07:05,367 [f4c1a9a1-2d51-404c-8ce9-40a1851b7a0b@group-178624BC5208:LeaderElection320] INFO  server.RaftServerConfigKeys (ConfUtils.java:logGet(43)) - raft.server.watch.timeout.denomination = 1s (default)
2019-09-25 12:07:05,367 [f4c1a9a1-2d51-404c-8ce9-40a1851b7a0b@group-178624BC5208:LeaderElection320] INFO  server.RaftServerConfigKeys (ConfUtils.java:logGet(43)) - raft.server.watch.element-limit = 65536 (default)
2019-09-25 12:07:05,369 [f4c1a9a1-2d51-404c-8ce9-40a1851b7a0b@group-178624BC5208:LeaderElection320] INFO  impl.RoleInfo (RoleInfo.java:updateAndGet(143)) - f4c1a9a1-2d51-404c-8ce9-40a1851b7a0b: start LeaderState
2019-09-25 12:07:05,369 [f4c1a9a1-2d51-404c-8ce9-40a1851b7a0b@group-178624BC5208:LeaderElection320] INFO  segmented.SegmentedRaftLogWorker (SegmentedRaftLogWorker.java:startLogSegment(380)) - f4c1a9a1-2d51-404c-8ce9-40a1851b7a0b@group-178624BC5208-SegmentedRaftLogWorker: Starting segment from index:0
2019-09-25 12:07:05,370 [f4c1a9a1-2d51-404c-8ce9-40a1851b7a0b@group-178624BC5208:LeaderElection320] INFO  impl.RaftServerImpl (ServerState.java:setRaftConf(354)) - f4c1a9a1-2d51-404c-8ce9-40a1851b7a0b@group-178624BC5208: set configuration 0: [f4c1a9a1-2d51-404c-8ce9-40a1851b7a0b:192.168.151.73:39166], old=null at 0
2019-09-25 12:07:06,069 [Thread-4063] INFO  impl.FollowerState (FollowerState.java:run(106)) - f4c1a9a1-2d51-404c-8ce9-40a1851b7a0b:group-F28E30A8329A changes to CANDIDATE, lastRpcTime:5180, electionTimeout:5085ms
2019-09-25 12:07:06,075 [Thread-4054] INFO  impl.FollowerState (FollowerState.java:run(106)) - ab153cfe-456a-45f5-b16c-7616a9ae7eb2:group-82883C2D59A9 changes to CANDIDATE, lastRpcTime:5352, electionTimeout:5141ms
2019-09-25 12:07:06,083 [Thread-4039] WARN  util.JavaUtils (JavaUtils.java:sleep(250)) - Unexpected long sleep: sleep(5084ms) actually took 5618ms which is over the threshold 300ms
2019-09-25 12:07:06,083 [Thread-4036] WARN  util.JavaUtils (JavaUtils.java:sleep(250)) - Unexpected long sleep: sleep(5073ms) actually took 5677ms which is over the threshold 300ms
2019-09-25 12:07:06,083 [Thread-4042] WARN  util.JavaUtils (JavaUtils.java:sleep(250)) - Unexpected long sleep: sleep(5180ms) actually took 5559ms which is over the threshold 300ms
2019-09-25 12:07:06,083 [Thread-4045] WARN  util.JavaUtils (JavaUtils.java:sleep(250)) - Unexpected long sleep: sleep(5032ms) actually took 5519ms which is over the threshold 300ms
2019-09-25 12:07:06,083 [Thread-4057] INFO  impl.FollowerState (FollowerState.java:run(106)) - a18b28f5-0b39-4e24-a9bc-e0bed51b7d30:group-05F52087E514 changes to CANDIDATE, lastRpcTime:5292, electionTimeout:5028ms
2019-09-25 12:07:06,090 [Thread-4057] INFO  impl.RoleInfo (RoleInfo.java:shutdownFollowerState(121)) - a18b28f5-0b39-4e24-a9bc-e0bed51b7d30: shutdown FollowerState
2019-09-25 12:07:06,076 [Thread-4048] INFO  impl.FollowerState (FollowerState.java:run(106)) - f003a614-b318-424e-95ab-7ad6d1c0d2e6:group-CC2F0915D9B8 changes to CANDIDATE, lastRpcTime:5453, electionTimeout:5179ms
2019-09-25 12:07:06,075 [Thread-4063] INFO  impl.RoleInfo (RoleInfo.java:shutdownFollowerState(121)) - f4c1a9a1-2d51-404c-8ce9-40a1851b7a0b: shutdown FollowerState
2019-09-25 12:07:06,075 [Thread-4051] INFO  impl.FollowerState (FollowerState.java:run(106)) - 994e134d-9492-4c05-a584-6f6f537d8ad3:group-39041E56A19C changes to CANDIDATE, lastRpcTime:5414, electionTimeout:5166ms
2019-09-25 12:07:06,075 [Thread-4060] INFO  impl.FollowerState (FollowerState.java:run(106)) - a18b28f5-0b39-4e24-a9bc-e0bed51b7d30:group-6A150960C212 changes to CANDIDATE, lastRpcTime:5254, electionTimeout:5068ms
2019-09-25 12:07:06,102 [Thread-4051] INFO  impl.RoleInfo (RoleInfo.java:shutdownFollowerState(121)) - 994e134d-9492-4c05-a584-6f6f537d8ad3: shutdown FollowerState
2019-09-25 12:07:06,099 [Thread-4069] INFO  impl.FollowerState (FollowerState.java:run(106)) - f4c1a9a1-2d51-404c-8ce9-40a1851b7a0b:group-7FD2EC3D9D5A changes to CANDIDATE, lastRpcTime:5130, electionTimeout:5130ms
2019-09-25 12:07:06,115 [Thread-4069] INFO  impl.RoleInfo (RoleInfo.java:shutdownFollowerState(121)) - f4c1a9a1-2d51-404c-8ce9-40a1851b7a0b: shutdown FollowerState
2019-09-25 12:07:06,097 [Thread-4063] INFO  impl.RaftServerImpl (RaftServerImpl.java:setRole(174)) - f4c1a9a1-2d51-404c-8ce9-40a1851b7a0b@group-F28E30A8329A: changes role from  FOLLOWER to CANDIDATE at term 0 for changeToCandidate
2019-09-25 12:07:06,097 [Thread-4048] INFO  impl.RoleInfo (RoleInfo.java:shutdownFollowerState(121)) - f003a614-b318-424e-95ab-7ad6d1c0d2e6: shutdown FollowerState
2019-09-25 12:07:06,115 [Thread-4048] INFO  impl.RaftServerImpl (RaftServerImpl.java:setRole(174)) - f003a614-b318-424e-95ab-7ad6d1c0d2e6@group-CC2F0915D9B8: changes role from  FOLLOWER to CANDIDATE at term 0 for changeToCandidate
2019-09-25 12:07:06,090 [Thread-4057] INFO  impl.RaftServerImpl (RaftServerImpl.java:setRole(174)) - a18b28f5-0b39-4e24-a9bc-e0bed51b7d30@group-05F52087E514: changes role from  FOLLOWER to CANDIDATE at term 0 for changeToCandidate
2019-09-25 12:07:06,087 [a3a55b85-6532-4add-86b9-f60c9f262632@group-5179D1A1F15C-SegmentedRaftLogWorker] INFO  segmented.SegmentedRaftLogWorker (SegmentedRaftLogWorker.java:execute(569)) - a3a55b85-6532-4add-86b9-f60c9f262632@group-5179D1A1F15C-SegmentedRaftLogWorker: created new log segment /workdir/hadoop-ozone/integration-test/target/test-dir/MiniOzoneClusterImpl-ed40a7f8-0b2f-4da3-bf53-40ad2b647f29/datanode-2/data/ratis/eb6314a3-a6f3-4df2-8344-5179d1a1f15c/current/log_inprogress_0
2019-09-25 12:07:06,087 [Thread-4066] INFO  impl.FollowerState (FollowerState.java:run(106)) - a18b28f5-0b39-4e24-a9bc-e0bed51b7d30:group-78E271949705 changes to CANDIDATE, lastRpcTime:5158, electionTimeout:5158ms
2019-09-25 12:07:06,121 [Thread-4066] INFO  impl.RoleInfo (RoleInfo.java:shutdownFollowerState(121)) - a18b28f5-0b39-4e24-a9bc-e0bed51b7d30: shutdown FollowerState
2019-09-25 12:07:06,083 [Thread-4054] INFO  impl.RoleInfo (RoleInfo.java:shutdownFollowerState(121)) - ab153cfe-456a-45f5-b16c-7616a9ae7eb2: shutdown FollowerState
2019-09-25 12:07:06,121 [Thread-4066] INFO  impl.RaftServerImpl (RaftServerImpl.java:setRole(174)) - a18b28f5-0b39-4e24-a9bc-e0bed51b7d30@group-78E271949705: changes role from  FOLLOWER to CANDIDATE at term 0 for changeToCandidate
2019-09-25 12:07:06,115 [Thread-4057] INFO  impl.RoleInfo (RoleInfo.java:updateAndGet(143)) - a18b28f5-0b39-4e24-a9bc-e0bed51b7d30: start LeaderElection
2019-09-25 12:07:06,115 [Thread-4048] INFO  impl.RoleInfo (RoleInfo.java:updateAndGet(143)) - f003a614-b318-424e-95ab-7ad6d1c0d2e6: start LeaderElection
2019-09-25 12:07:06,115 [Thread-4063] INFO  impl.RoleInfo (RoleInfo.java:updateAndGet(143)) - f4c1a9a1-2d51-404c-8ce9-40a1851b7a0b: start LeaderElection
2019-09-25 12:07:06,115 [Thread-4069] INFO  impl.RaftServerImpl (RaftServerImpl.java:setRole(174)) - f4c1a9a1-2d51-404c-8ce9-40a1851b7a0b@group-7FD2EC3D9D5A: changes role from  FOLLOWER to CANDIDATE at term 0 for changeToCandidate
2019-09-25 12:07:06,114 [Thread-4072] INFO  impl.FollowerState (FollowerState.java:run(106)) - ab153cfe-456a-45f5-b16c-7616a9ae7eb2:group-4EF7AE88ED70 changes to CANDIDATE, lastRpcTime:5100, electionTimeout:5100ms
2019-09-25 12:07:06,108 [Thread-4051] INFO  impl.RaftServerImpl (RaftServerImpl.java:setRole(174)) - 994e134d-9492-4c05-a584-6f6f537d8ad3@group-39041E56A19C: changes role from  FOLLOWER to CANDIDATE at term 0 for changeToCandidate
2019-09-25 12:07:06,127 [Thread-4069] INFO  impl.RoleInfo (RoleInfo.java:updateAndGet(143)) - f4c1a9a1-2d51-404c-8ce9-40a1851b7a0b: start LeaderElection
2019-09-25 12:07:06,108 [Thread-4060] INFO  impl.RoleInfo (RoleInfo.java:shutdownFollowerState(121)) - a18b28f5-0b39-4e24-a9bc-e0bed51b7d30: shutdown FollowerState
2019-09-25 12:07:06,127 [Thread-4051] INFO  impl.RoleInfo (RoleInfo.java:updateAndGet(143)) - 994e134d-9492-4c05-a584-6f6f537d8ad3: start LeaderElection
2019-09-25 12:07:06,127 [Thread-4072] INFO  impl.RoleInfo (RoleInfo.java:shutdownFollowerState(121)) - ab153cfe-456a-45f5-b16c-7616a9ae7eb2: shutdown FollowerState
2019-09-25 12:07:06,121 [Thread-4066] INFO  impl.RoleInfo (RoleInfo.java:updateAndGet(143)) - a18b28f5-0b39-4e24-a9bc-e0bed51b7d30: start LeaderElection
2019-09-25 12:07:06,121 [Thread-4054] INFO  impl.RaftServerImpl (RaftServerImpl.java:setRole(174)) - ab153cfe-456a-45f5-b16c-7616a9ae7eb2@group-82883C2D59A9: changes role from  FOLLOWER to CANDIDATE at term 0 for changeToCandidate
2019-09-25 12:07:06,127 [Thread-4072] INFO  impl.RaftServerImpl (RaftServerImpl.java:setRole(174)) - ab153cfe-456a-45f5-b16c-7616a9ae7eb2@group-4EF7AE88ED70: changes role from  FOLLOWER to CANDIDATE at term 0 for changeToCandidate
2019-09-25 12:07:06,127 [Thread-4060] INFO  impl.RaftServerImpl (RaftServerImpl.java:setRole(174)) - a18b28f5-0b39-4e24-a9bc-e0bed51b7d30@group-6A150960C212: changes role from  FOLLOWER to CANDIDATE at term 0 for changeToCandidate
2019-09-25 12:07:06,138 [Thread-4060] INFO  impl.RoleInfo (RoleInfo.java:updateAndGet(143)) - a18b28f5-0b39-4e24-a9bc-e0bed51b7d30: start LeaderElection
2019-09-25 12:07:06,138 [Thread-4054] INFO  impl.RoleInfo (RoleInfo.java:updateAndGet(143)) - ab153cfe-456a-45f5-b16c-7616a9ae7eb2: start LeaderElection
2019-09-25 12:07:06,138 [Thread-4072] INFO  impl.RoleInfo (RoleInfo.java:updateAndGet(143)) - ab153cfe-456a-45f5-b16c-7616a9ae7eb2: start LeaderElection
2019-09-25 12:07:06,190 [Thread-4075] INFO  impl.FollowerState (FollowerState.java:run(106)) - f4c1a9a1-2d51-404c-8ce9-40a1851b7a0b:group-6782372D9723 changes to CANDIDATE, lastRpcTime:5131, electionTimeout:5131ms
2019-09-25 12:07:06,195 [Thread-4075] INFO  impl.RoleInfo (RoleInfo.java:shutdownFollowerState(121)) - f4c1a9a1-2d51-404c-8ce9-40a1851b7a0b: shutdown FollowerState
2019-09-25 12:07:06,195 [Thread-4075] INFO  impl.RaftServerImpl (RaftServerImpl.java:setRole(174)) - f4c1a9a1-2d51-404c-8ce9-40a1851b7a0b@group-6782372D9723: changes role from  FOLLOWER to CANDIDATE at term 0 for changeToCandidate
2019-09-25 12:07:06,195 [Thread-4075] INFO  impl.RoleInfo (RoleInfo.java:updateAndGet(143)) - f4c1a9a1-2d51-404c-8ce9-40a1851b7a0b: start LeaderElection
2019-09-25 12:07:06,211 [Thread-4078] INFO  impl.FollowerState (FollowerState.java:run(106)) - f4c1a9a1-2d51-404c-8ce9-40a1851b7a0b:group-A6A29066576A changes to CANDIDATE, lastRpcTime:5108, electionTimeout:5108ms
2019-09-25 12:07:06,213 [Thread-4078] INFO  impl.RoleInfo (RoleInfo.java:shutdownFollowerState(121)) - f4c1a9a1-2d51-404c-8ce9-40a1851b7a0b: shutdown FollowerState
2019-09-25 12:07:06,213 [Thread-4078] INFO  impl.RaftServerImpl (RaftServerImpl.java:setRole(174)) - f4c1a9a1-2d51-404c-8ce9-40a1851b7a0b@group-A6A29066576A: changes role from  FOLLOWER to CANDIDATE at term 0 for changeToCandidate
2019-09-25 12:07:06,214 [Thread-4078] INFO  impl.RoleInfo (RoleInfo.java:updateAndGet(143)) - f4c1a9a1-2d51-404c-8ce9-40a1851b7a0b: start LeaderElection
2019-09-25 12:07:06,264 [Thread-4084] INFO  impl.FollowerState (FollowerState.java:run(106)) - ab153cfe-456a-45f5-b16c-7616a9ae7eb2:group-C6B6CCFDD115 changes to CANDIDATE, lastRpcTime:5049, electionTimeout:5024ms
2019-09-25 12:07:06,265 [Thread-4084] INFO  impl.RoleInfo (RoleInfo.java:shutdownFollowerState(121)) - ab153cfe-456a-45f5-b16c-7616a9ae7eb2: shutdown FollowerState
2019-09-25 12:07:06,265 [Thread-4084] INFO  impl.RaftServerImpl (RaftServerImpl.java:setRole(174)) - ab153cfe-456a-45f5-b16c-7616a9ae7eb2@group-C6B6CCFDD115: changes role from  FOLLOWER to CANDIDATE at term 0 for changeToCandidate
2019-09-25 12:07:06,265 [Thread-4084] INFO  impl.RoleInfo (RoleInfo.java:updateAndGet(143)) - ab153cfe-456a-45f5-b16c-7616a9ae7eb2: start LeaderElection
2019-09-25 12:07:06,265 [a18b28f5-0b39-4e24-a9bc-e0bed51b7d30@group-05F52087E514:LeaderElection323] INFO  impl.LeaderElection (LeaderElection.java:askForVotes(182)) - a18b28f5-0b39-4e24-a9bc-e0bed51b7d30@group-05F52087E514:LeaderElection323: begin an election at term 1 for -1: [a18b28f5-0b39-4e24-a9bc-e0bed51b7d30:192.168.151.73:44690], old=null
2019-09-25 12:07:06,265 [f4c1a9a1-2d51-404c-8ce9-40a1851b7a0b@group-7FD2EC3D9D5A:LeaderElection325] INFO  impl.LeaderElection (LeaderElection.java:askForVotes(182)) - f4c1a9a1-2d51-404c-8ce9-40a1851b7a0b@group-7FD2EC3D9D5A:LeaderElection325: begin an election at term 1 for -1: [f4c1a9a1-2d51-404c-8ce9-40a1851b7a0b:192.168.151.73:39166], old=null
2019-09-25 12:07:06,265 [a18b28f5-0b39-4e24-a9bc-e0bed51b7d30@group-78E271949705:LeaderElection324] INFO  impl.LeaderElection (LeaderElection.java:askForVotes(182)) - a18b28f5-0b39-4e24-a9bc-e0bed51b7d30@group-78E271949705:LeaderElection324: begin an election at term 1 for -1: [a18b28f5-0b39-4e24-a9bc-e0bed51b7d30:192.168.151.73:44690], old=null
2019-09-25 12:07:06,265 [a18b28f5-0b39-4e24-a9bc-e0bed51b7d30@group-05F52087E514:LeaderElection323] INFO  impl.RoleInfo (RoleInfo.java:shutdownLeaderElection(134)) - a18b28f5-0b39-4e24-a9bc-e0bed51b7d30: shutdown LeaderElection
2019-09-25 12:07:06,265 [f4c1a9a1-2d51-404c-8ce9-40a1851b7a0b@group-F28E30A8329A:LeaderElection321] INFO  impl.LeaderElection (LeaderElection.java:askForVotes(182)) - f4c1a9a1-2d51-404c-8ce9-40a1851b7a0b@group-F28E30A8329A:LeaderElection321: begin an election at term 1 for -1: [f4c1a9a1-2d51-404c-8ce9-40a1851b7a0b:192.168.151.73:39166], old=null
2019-09-25 12:07:06,266 [a18b28f5-0b39-4e24-a9bc-e0bed51b7d30@group-05F52087E514:LeaderElection323] INFO  impl.RaftServerImpl (RaftServerImpl.java:setRole(174)) - a18b28f5-0b39-4e24-a9bc-e0bed51b7d30@group-05F52087E514: changes role from CANDIDATE to LEADER at term 1 for changeToLeader
2019-09-25 12:07:06,265 [994e134d-9492-4c05-a584-6f6f537d8ad3@group-39041E56A19C:LeaderElection326] INFO  impl.LeaderElection (LeaderElection.java:askForVotes(182)) - 994e134d-9492-4c05-a584-6f6f537d8ad3@group-39041E56A19C:LeaderElection326: begin an election at term 1 for -1: [994e134d-9492-4c05-a584-6f6f537d8ad3:192.168.151.73:46064], old=null
2019-09-25 12:07:06,265 [a18b28f5-0b39-4e24-a9bc-e0bed51b7d30@group-78E271949705:LeaderElection324] INFO  impl.RoleInfo (RoleInfo.java:shutdownLeaderElection(134)) - a18b28f5-0b39-4e24-a9bc-e0bed51b7d30: shutdown LeaderElection
2019-09-25 12:07:06,265 [f003a614-b318-424e-95ab-7ad6d1c0d2e6@group-CC2F0915D9B8:LeaderElection322] INFO  impl.LeaderElection (LeaderElection.java:askForVotes(182)) - f003a614-b318-424e-95ab-7ad6d1c0d2e6@group-CC2F0915D9B8:LeaderElection322: begin an election at term 1 for -1: [f003a614-b318-424e-95ab-7ad6d1c0d2e6:192.168.151.73:41092], old=null
2019-09-25 12:07:06,265 [f4c1a9a1-2d51-404c-8ce9-40a1851b7a0b@group-7FD2EC3D9D5A:LeaderElection325] INFO  impl.RoleInfo (RoleInfo.java:shutdownLeaderElection(134)) - f4c1a9a1-2d51-404c-8ce9-40a1851b7a0b: shutdown LeaderElection
2019-09-25 12:07:06,266 [f003a614-b318-424e-95ab-7ad6d1c0d2e6@group-CC2F0915D9B8:LeaderElection322] INFO  impl.RoleInfo (RoleInfo.java:shutdownLeaderElection(134)) - f003a614-b318-424e-95ab-7ad6d1c0d2e6: shutdown LeaderElection
2019-09-25 12:07:06,266 [a18b28f5-0b39-4e24-a9bc-e0bed51b7d30@group-78E271949705:LeaderElection324] INFO  impl.RaftServerImpl (RaftServerImpl.java:setRole(174)) - a18b28f5-0b39-4e24-a9bc-e0bed51b7d30@group-78E271949705: changes role from CANDIDATE to LEADER at term 1 for changeToLeader
2019-09-25 12:07:06,266 [994e134d-9492-4c05-a584-6f6f537d8ad3@group-39041E56A19C:LeaderElection326] INFO  impl.RoleInfo (RoleInfo.java:shutdownLeaderElection(134)) - 994e134d-9492-4c05-a584-6f6f537d8ad3: shutdown LeaderElection
2019-09-25 12:07:06,266 [a18b28f5-0b39-4e24-a9bc-e0bed51b7d30@group-05F52087E514:LeaderElection323] INFO  impl.RaftServerImpl (ServerState.java:setLeader(253)) - a18b28f5-0b39-4e24-a9bc-e0bed51b7d30@group-05F52087E514: change Leader from null to a18b28f5-0b39-4e24-a9bc-e0bed51b7d30 at term 1 for becomeLeader, leader elected after 5487ms
2019-09-25 12:07:06,266 [f4c1a9a1-2d51-404c-8ce9-40a1851b7a0b@group-F28E30A8329A:LeaderElection321] INFO  impl.RoleInfo (RoleInfo.java:shutdownLeaderElection(134)) - f4c1a9a1-2d51-404c-8ce9-40a1851b7a0b: shutdown LeaderElection
2019-09-25 12:07:06,267 [a18b28f5-0b39-4e24-a9bc-e0bed51b7d30@group-05F52087E514:LeaderElection323] INFO  server.RaftServerConfigKeys (ConfUtils.java:logGet(43)) - raft.server.staging.catchup.gap = 1000 (default)
2019-09-25 12:07:06,267 [994e134d-9492-4c05-a584-6f6f537d8ad3@group-39041E56A19C:LeaderElection326] INFO  impl.RaftServerImpl (RaftServerImpl.java:setRole(174)) - 994e134d-9492-4c05-a584-6f6f537d8ad3@group-39041E56A19C: changes role from CANDIDATE to LEADER at term 1 for changeToLeader
2019-09-25 12:07:06,267 [994e134d-9492-4c05-a584-6f6f537d8ad3@group-39041E56A19C:LeaderElection326] INFO  impl.RaftServerImpl (ServerState.java:setLeader(253)) - 994e134d-9492-4c05-a584-6f6f537d8ad3@group-39041E56A19C: change Leader from null to 994e134d-9492-4c05-a584-6f6f537d8ad3 at term 1 for becomeLeader, leader elected after 5611ms
2019-09-25 12:07:06,267 [a18b28f5-0b39-4e24-a9bc-e0bed51b7d30@group-78E271949705:LeaderElection324] INFO  impl.RaftServerImpl (ServerState.java:setLeader(253)) - a18b28f5-0b39-4e24-a9bc-e0bed51b7d30@group-78E271949705: change Leader from null to a18b28f5-0b39-4e24-a9bc-e0bed51b7d30 at term 1 for becomeLeader, leader elected after 5343ms
2019-09-25 12:07:06,267 [f003a614-b318-424e-95ab-7ad6d1c0d2e6@group-CC2F0915D9B8:LeaderElection322] INFO  impl.RaftServerImpl (RaftServerImpl.java:setRole(174)) - f003a614-b318-424e-95ab-7ad6d1c0d2e6@group-CC2F0915D9B8: changes role from CANDIDATE to LEADER at term 1 for changeToLeader
2019-09-25 12:07:06,268 [f003a614-b318-424e-95ab-7ad6d1c0d2e6@group-CC2F0915D9B8:LeaderElection322] INFO  impl.RaftServerImpl (ServerState.java:setLeader(253)) - f003a614-b318-424e-95ab-7ad6d1c0d2e6@group-CC2F0915D9B8: change Leader from null to f003a614-b318-424e-95ab-7ad6d1c0d2e6 at term 1 for becomeLeader, leader elected after 5651ms
2019-09-25 12:07:06,266 [f4c1a9a1-2d51-404c-8ce9-40a1851b7a0b@group-7FD2EC3D9D5A:LeaderElection325] INFO  impl.RaftServerImpl (RaftServerImpl.java:setRole(174)) - f4c1a9a1-2d51-404c-8ce9-40a1851b7a0b@group-7FD2EC3D9D5A: changes role from CANDIDATE to LEADER at term 1 for changeToLeader
2019-09-25 12:07:06,268 [f003a614-b318-424e-95ab-7ad6d1c0d2e6@group-CC2F0915D9B8:LeaderElection322] INFO  server.RaftServerConfigKeys (ConfUtils.java:logGet(43)) - raft.server.staging.catchup.gap = 1000 (default)
2019-09-25 12:07:06,268 [f003a614-b318-424e-95ab-7ad6d1c0d2e6@group-CC2F0915D9B8:LeaderElection322] INFO  server.RaftServerConfigKeys (ConfUtils.java:logGet(43)) - raft.server.rpc.sleep.time = 25ms (default)
2019-09-25 12:07:06,268 [a18b28f5-0b39-4e24-a9bc-e0bed51b7d30@group-78E271949705:LeaderElection324] INFO  server.RaftServerConfigKeys (ConfUtils.java:logGet(43)) - raft.server.staging.catchup.gap = 1000 (default)
2019-09-25 12:07:06,268 [994e134d-9492-4c05-a584-6f6f537d8ad3@group-39041E56A19C:LeaderElection326] INFO  server.RaftServerConfigKeys (ConfUtils.java:logGet(43)) - raft.server.staging.catchup.gap = 1000 (default)
2019-09-25 12:07:06,269 [994e134d-9492-4c05-a584-6f6f537d8ad3@group-39041E56A19C:LeaderElection326] INFO  server.RaftServerConfigKeys (ConfUtils.java:logGet(43)) - raft.server.rpc.sleep.time = 25ms (default)
2019-09-25 12:07:06,267 [a18b28f5-0b39-4e24-a9bc-e0bed51b7d30@group-05F52087E514:LeaderElection323] INFO  server.RaftServerConfigKeys (ConfUtils.java:logGet(43)) - raft.server.rpc.sleep.time = 25ms (default)
2019-09-25 12:07:06,267 [f4c1a9a1-2d51-404c-8ce9-40a1851b7a0b@group-F28E30A8329A:LeaderElection321] INFO  impl.RaftServerImpl (RaftServerImpl.java:setRole(174)) - f4c1a9a1-2d51-404c-8ce9-40a1851b7a0b@group-F28E30A8329A: changes role from CANDIDATE to LEADER at term 1 for changeToLeader
2019-09-25 12:07:06,269 [a18b28f5-0b39-4e24-a9bc-e0bed51b7d30@group-05F52087E514:LeaderElection323] INFO  server.RaftServerConfigKeys (ConfUtils.java:logGet(43)) - raft.server.write.element-limit = 4096 (default)
2019-09-25 12:07:06,269 [994e134d-9492-4c05-a584-6f6f537d8ad3@group-39041E56A19C:LeaderElection326] INFO  server.RaftServerConfigKeys (ConfUtils.java:logGet(43)) - raft.server.write.element-limit = 4096 (default)
2019-09-25 12:07:06,269 [994e134d-9492-4c05-a584-6f6f537d8ad3@group-39041E56A19C:LeaderElection326] INFO  server.RaftServerConfigKeys (ConfUtils.java:logGet(43)) - raft.server.watch.timeout = 10s (default)
2019-09-25 12:07:06,268 [a18b28f5-0b39-4e24-a9bc-e0bed51b7d30@group-78E271949705:LeaderElection324] INFO  server.RaftServerConfigKeys (ConfUtils.java:logGet(43)) - raft.server.rpc.sleep.time = 25ms (default)
2019-09-25 12:07:06,268 [f003a614-b318-424e-95ab-7ad6d1c0d2e6@group-CC2F0915D9B8:LeaderElection322] INFO  server.RaftServerConfigKeys (ConfUtils.java:logGet(43)) - raft.server.write.element-limit = 4096 (default)
2019-09-25 12:07:06,268 [f4c1a9a1-2d51-404c-8ce9-40a1851b7a0b@group-7FD2EC3D9D5A:LeaderElection325] INFO  impl.RaftServerImpl (ServerState.java:setLeader(253)) - f4c1a9a1-2d51-404c-8ce9-40a1851b7a0b@group-7FD2EC3D9D5A: change Leader from null to f4c1a9a1-2d51-404c-8ce9-40a1851b7a0b at term 1 for becomeLeader, leader elected after 5305ms
2019-09-25 12:07:06,270 [f003a614-b318-424e-95ab-7ad6d1c0d2e6@group-CC2F0915D9B8:LeaderElection322] INFO  server.RaftServerConfigKeys (ConfUtils.java:logGet(43)) - raft.server.watch.timeout = 10s (default)
2019-09-25 12:07:06,270 [f003a614-b318-424e-95ab-7ad6d1c0d2e6@group-CC2F0915D9B8:LeaderElection322] INFO  server.RaftServerConfigKeys (ConfUtils.java:logGet(43)) - raft.server.watch.timeout.denomination = 1s (default)
2019-09-25 12:07:06,270 [a18b28f5-0b39-4e24-a9bc-e0bed51b7d30@group-78E271949705:LeaderElection324] INFO  server.RaftServerConfigKeys (ConfUtils.java:logGet(43)) - raft.server.write.element-limit = 4096 (default)
2019-09-25 12:07:06,269 [994e134d-9492-4c05-a584-6f6f537d8ad3@group-39041E56A19C:LeaderElection326] INFO  server.RaftServerConfigKeys (ConfUtils.java:logGet(43)) - raft.server.watch.timeout.denomination = 1s (default)
2019-09-25 12:07:06,269 [a18b28f5-0b39-4e24-a9bc-e0bed51b7d30@group-05F52087E514:LeaderElection323] INFO  server.RaftServerConfigKeys (ConfUtils.java:logGet(43)) - raft.server.watch.timeout = 10s (default)
2019-09-25 12:07:06,271 [a18b28f5-0b39-4e24-a9bc-e0bed51b7d30@group-05F52087E514:LeaderElection323] INFO  server.RaftServerConfigKeys (ConfUtils.java:logGet(43)) - raft.server.watch.timeout.denomination = 1s (default)
2019-09-25 12:07:06,269 [f4c1a9a1-2d51-404c-8ce9-40a1851b7a0b@group-F28E30A8329A:LeaderElection321] INFO  impl.RaftServerImpl (ServerState.java:setLeader(253)) - f4c1a9a1-2d51-404c-8ce9-40a1851b7a0b@group-F28E30A8329A: change Leader from null to f4c1a9a1-2d51-404c-8ce9-40a1851b7a0b at term 1 for becomeLeader, leader elected after 5386ms
2019-09-25 12:07:06,271 [a18b28f5-0b39-4e24-a9bc-e0bed51b7d30@group-05F52087E514:LeaderElection323] INFO  server.RaftServerConfigKeys (ConfUtils.java:logGet(43)) - raft.server.watch.element-limit = 65536 (default)
2019-09-25 12:07:06,271 [994e134d-9492-4c05-a584-6f6f537d8ad3@group-39041E56A19C:LeaderElection326] INFO  server.RaftServerConfigKeys (ConfUtils.java:logGet(43)) - raft.server.watch.element-limit = 65536 (default)
2019-09-25 12:07:06,270 [a18b28f5-0b39-4e24-a9bc-e0bed51b7d30@group-78E271949705:LeaderElection324] INFO  server.RaftServerConfigKeys (ConfUtils.java:logGet(43)) - raft.server.watch.timeout = 10s (default)
2019-09-25 12:07:06,270 [f003a614-b318-424e-95ab-7ad6d1c0d2e6@group-CC2F0915D9B8:LeaderElection322] INFO  server.RaftServerConfigKeys (ConfUtils.java:logGet(43)) - raft.server.watch.element-limit = 65536 (default)
2019-09-25 12:07:06,270 [f4c1a9a1-2d51-404c-8ce9-40a1851b7a0b@group-7FD2EC3D9D5A:LeaderElection325] INFO  server.RaftServerConfigKeys (ConfUtils.java:logGet(43)) - raft.server.staging.catchup.gap = 1000 (default)
2019-09-25 12:07:06,272 [a18b28f5-0b39-4e24-a9bc-e0bed51b7d30@group-78E271949705:LeaderElection324] INFO  server.RaftServerConfigKeys (ConfUtils.java:logGet(43)) - raft.server.watch.timeout.denomination = 1s (default)
2019-09-25 12:07:06,271 [f4c1a9a1-2d51-404c-8ce9-40a1851b7a0b@group-F28E30A8329A:LeaderElection321] INFO  server.RaftServerConfigKeys (ConfUtils.java:logGet(43)) - raft.server.staging.catchup.gap = 1000 (default)
2019-09-25 12:07:06,272 [a18b28f5-0b39-4e24-a9bc-e0bed51b7d30@group-78E271949705:LeaderElection324] INFO  server.RaftServerConfigKeys (ConfUtils.java:logGet(43)) - raft.server.watch.element-limit = 65536 (default)
2019-09-25 12:07:06,272 [f4c1a9a1-2d51-404c-8ce9-40a1851b7a0b@group-7FD2EC3D9D5A:LeaderElection325] INFO  server.RaftServerConfigKeys (ConfUtils.java:logGet(43)) - raft.server.rpc.sleep.time = 25ms (default)
2019-09-25 12:07:06,272 [f4c1a9a1-2d51-404c-8ce9-40a1851b7a0b@group-F28E30A8329A:LeaderElection321] INFO  server.RaftServerConfigKeys (ConfUtils.java:logGet(43)) - raft.server.rpc.sleep.time = 25ms (default)
2019-09-25 12:07:06,273 [f4c1a9a1-2d51-404c-8ce9-40a1851b7a0b@group-7FD2EC3D9D5A:LeaderElection325] INFO  server.RaftServerConfigKeys (ConfUtils.java:logGet(43)) - raft.server.write.element-limit = 4096 (default)
2019-09-25 12:07:06,273 [f4c1a9a1-2d51-404c-8ce9-40a1851b7a0b@group-F28E30A8329A:LeaderElection321] INFO  server.RaftServerConfigKeys (ConfUtils.java:logGet(43)) - raft.server.write.element-limit = 4096 (default)
2019-09-25 12:07:06,273 [f4c1a9a1-2d51-404c-8ce9-40a1851b7a0b@group-7FD2EC3D9D5A:LeaderElection325] INFO  server.RaftServerConfigKeys (ConfUtils.java:logGet(43)) - raft.server.watch.timeout = 10s (default)
2019-09-25 12:07:06,273 [f4c1a9a1-2d51-404c-8ce9-40a1851b7a0b@group-F28E30A8329A:LeaderElection321] INFO  server.RaftServerConfigKeys (ConfUtils.java:logGet(43)) - raft.server.watch.timeout = 10s (default)
2019-09-25 12:07:06,273 [f4c1a9a1-2d51-404c-8ce9-40a1851b7a0b@group-7FD2EC3D9D5A:LeaderElection325] INFO  server.RaftServerConfigKeys (ConfUtils.java:logGet(43)) - raft.server.watch.timeout.denomination = 1s (default)
2019-09-25 12:07:06,273 [f4c1a9a1-2d51-404c-8ce9-40a1851b7a0b@group-F28E30A8329A:LeaderElection321] INFO  server.RaftServerConfigKeys (ConfUtils.java:logGet(43)) - raft.server.watch.timeout.denomination = 1s (default)
2019-09-25 12:07:06,273 [f4c1a9a1-2d51-404c-8ce9-40a1851b7a0b@group-7FD2EC3D9D5A:LeaderElection325] INFO  server.RaftServerConfigKeys (ConfUtils.java:logGet(43)) - raft.server.watch.element-limit = 65536 (default)
2019-09-25 12:07:06,274 [f4c1a9a1-2d51-404c-8ce9-40a1851b7a0b@group-F28E30A8329A:LeaderElection321] INFO  server.RaftServerConfigKeys (ConfUtils.java:logGet(43)) - raft.server.watch.element-limit = 65536 (default)
2019-09-25 12:07:06,277 [f4c1a9a1-2d51-404c-8ce9-40a1851b7a0b@group-178624BC5208-SegmentedRaftLogWorker] INFO  segmented.SegmentedRaftLogWorker (SegmentedRaftLogWorker.java:execute(569)) - f4c1a9a1-2d51-404c-8ce9-40a1851b7a0b@group-178624BC5208-SegmentedRaftLogWorker: created new log segment /workdir/hadoop-ozone/integration-test/target/test-dir/MiniOzoneClusterImpl-ed40a7f8-0b2f-4da3-bf53-40ad2b647f29/datanode-5/data/ratis/a2234e72-377f-4012-bbb3-178624bc5208/current/log_inprogress_0
2019-09-25 12:07:06,277 [ab153cfe-456a-45f5-b16c-7616a9ae7eb2@group-4EF7AE88ED70:LeaderElection328] INFO  impl.LeaderElection (LeaderElection.java:askForVotes(182)) - ab153cfe-456a-45f5-b16c-7616a9ae7eb2@group-4EF7AE88ED70:LeaderElection328: begin an election at term 1 for -1: [ab153cfe-456a-45f5-b16c-7616a9ae7eb2:192.168.151.73:37661], old=null
2019-09-25 12:07:06,277 [f4c1a9a1-2d51-404c-8ce9-40a1851b7a0b@group-6782372D9723:LeaderElection330] INFO  impl.LeaderElection (LeaderElection.java:askForVotes(182)) - f4c1a9a1-2d51-404c-8ce9-40a1851b7a0b@group-6782372D9723:LeaderElection330: begin an election at term 1 for -1: [f4c1a9a1-2d51-404c-8ce9-40a1851b7a0b:192.168.151.73:39166], old=null
2019-09-25 12:07:06,277 [f4c1a9a1-2d51-404c-8ce9-40a1851b7a0b@group-6782372D9723:LeaderElection330] INFO  impl.RoleInfo (RoleInfo.java:shutdownLeaderElection(134)) - f4c1a9a1-2d51-404c-8ce9-40a1851b7a0b: shutdown LeaderElection
2019-09-25 12:07:06,277 [a18b28f5-0b39-4e24-a9bc-e0bed51b7d30@group-6A150960C212:LeaderElection329] INFO  impl.LeaderElection (LeaderElection.java:askForVotes(182)) - a18b28f5-0b39-4e24-a9bc-e0bed51b7d30@group-6A150960C212:LeaderElection329: begin an election at term 1 for -1: [a18b28f5-0b39-4e24-a9bc-e0bed51b7d30:192.168.151.73:44690], old=null
2019-09-25 12:07:06,277 [f4c1a9a1-2d51-404c-8ce9-40a1851b7a0b@group-6782372D9723:LeaderElection330] INFO  impl.RaftServerImpl (RaftServerImpl.java:setRole(174)) - f4c1a9a1-2d51-404c-8ce9-40a1851b7a0b@group-6782372D9723: changes role from CANDIDATE to LEADER at term 1 for changeToLeader
2019-09-25 12:07:06,277 [ab153cfe-456a-45f5-b16c-7616a9ae7eb2@group-4EF7AE88ED70:LeaderElection328] INFO  impl.RoleInfo (RoleInfo.java:shutdownLeaderElection(134)) - ab153cfe-456a-45f5-b16c-7616a9ae7eb2: shutdown LeaderElection
2019-09-25 12:07:06,277 [ab153cfe-456a-45f5-b16c-7616a9ae7eb2@group-C6B6CCFDD115:LeaderElection332] INFO  impl.LeaderElection (LeaderElection.java:askForVotes(182)) - ab153cfe-456a-45f5-b16c-7616a9ae7eb2@group-C6B6CCFDD115:LeaderElection332: begin an election at term 1 for -1: [ab153cfe-456a-45f5-b16c-7616a9ae7eb2:192.168.151.73:37661], old=null
2019-09-25 12:07:06,278 [ab153cfe-456a-45f5-b16c-7616a9ae7eb2@group-C6B6CCFDD115:LeaderElection332] INFO  impl.RoleInfo (RoleInfo.java:shutdownLeaderElection(134)) - ab153cfe-456a-45f5-b16c-7616a9ae7eb2: shutdown LeaderElection
2019-09-25 12:07:06,277 [ab153cfe-456a-45f5-b16c-7616a9ae7eb2@group-82883C2D59A9:LeaderElection327] INFO  impl.LeaderElection (LeaderElection.java:askForVotes(182)) - ab153cfe-456a-45f5-b16c-7616a9ae7eb2@group-82883C2D59A9:LeaderElection327: begin an election at term 1 for -1: [ab153cfe-456a-45f5-b16c-7616a9ae7eb2:192.168.151.73:37661], old=null
2019-09-25 12:07:06,278 [ab153cfe-456a-45f5-b16c-7616a9ae7eb2@group-C6B6CCFDD115:LeaderElection332] INFO  impl.RaftServerImpl (RaftServerImpl.java:setRole(174)) - ab153cfe-456a-45f5-b16c-7616a9ae7eb2@group-C6B6CCFDD115: changes role from CANDIDATE to LEADER at term 1 for changeToLeader
2019-09-25 12:07:06,278 [ab153cfe-456a-45f5-b16c-7616a9ae7eb2@group-C6B6CCFDD115:LeaderElection332] INFO  impl.RaftServerImpl (ServerState.java:setLeader(253)) - ab153cfe-456a-45f5-b16c-7616a9ae7eb2@group-C6B6CCFDD115: change Leader from null to ab153cfe-456a-45f5-b16c-7616a9ae7eb2 at term 1 for becomeLeader, leader elected after 5068ms
2019-09-25 12:07:06,277 [ab153cfe-456a-45f5-b16c-7616a9ae7eb2@group-4EF7AE88ED70:LeaderElection328] INFO  impl.RaftServerImpl (RaftServerImpl.java:setRole(174)) - ab153cfe-456a-45f5-b16c-7616a9ae7eb2@group-4EF7AE88ED70: changes role from CANDIDATE to LEADER at term 1 for changeToLeader
2019-09-25 12:07:06,278 [ab153cfe-456a-45f5-b16c-7616a9ae7eb2@group-4EF7AE88ED70:LeaderElection328] INFO  impl.RaftServerImpl (ServerState.java:setLeader(253)) - ab153cfe-456a-45f5-b16c-7616a9ae7eb2@group-4EF7AE88ED70: change Leader from null to ab153cfe-456a-45f5-b16c-7616a9ae7eb2 at term 1 for becomeLeader, leader elected after 5270ms
2019-09-25 12:07:06,277 [f4c1a9a1-2d51-404c-8ce9-40a1851b7a0b@group-6782372D9723:LeaderElection330] INFO  impl.RaftServerImpl (ServerState.java:setLeader(253)) - f4c1a9a1-2d51-404c-8ce9-40a1851b7a0b@group-6782372D9723: change Leader from null to f4c1a9a1-2d51-404c-8ce9-40a1851b7a0b at term 1 for becomeLeader, leader elected after 5225ms
2019-09-25 12:07:06,277 [a18b28f5-0b39-4e24-a9bc-e0bed51b7d30@group-6A150960C212:LeaderElection329] INFO  impl.RoleInfo (RoleInfo.java:shutdownLeaderElection(134)) - a18b28f5-0b39-4e24-a9bc-e0bed51b7d30: shutdown LeaderElection
2019-09-25 12:07:06,279 [f4c1a9a1-2d51-404c-8ce9-40a1851b7a0b@group-6782372D9723:LeaderElection330] INFO  server.RaftServerConfigKeys (ConfUtils.java:logGet(43)) - raft.server.staging.catchup.gap = 1000 (default)
2019-09-25 12:07:06,278 [ab153cfe-456a-45f5-b16c-7616a9ae7eb2@group-4EF7AE88ED70:LeaderElection328] INFO  server.RaftServerConfigKeys (ConfUtils.java:logGet(43)) - raft.server.staging.catchup.gap = 1000 (default)
2019-09-25 12:07:06,278 [ab153cfe-456a-45f5-b16c-7616a9ae7eb2@group-C6B6CCFDD115:LeaderElection332] INFO  server.RaftServerConfigKeys (ConfUtils.java:logGet(43)) - raft.server.staging.catchup.gap = 1000 (default)
2019-09-25 12:07:06,279 [ab153cfe-456a-45f5-b16c-7616a9ae7eb2@group-C6B6CCFDD115:LeaderElection332] INFO  server.RaftServerConfigKeys (ConfUtils.java:logGet(43)) - raft.server.rpc.sleep.time = 25ms (default)
2019-09-25 12:07:06,278 [ab153cfe-456a-45f5-b16c-7616a9ae7eb2@group-82883C2D59A9:LeaderElection327] INFO  impl.RoleInfo (RoleInfo.java:shutdownLeaderElection(134)) - ab153cfe-456a-45f5-b16c-7616a9ae7eb2: shutdown LeaderElection
2019-09-25 12:07:06,279 [ab153cfe-456a-45f5-b16c-7616a9ae7eb2@group-C6B6CCFDD115:LeaderElection332] INFO  server.RaftServerConfigKeys (ConfUtils.java:logGet(43)) - raft.server.write.element-limit = 4096 (default)
2019-09-25 12:07:06,279 [ab153cfe-456a-45f5-b16c-7616a9ae7eb2@group-C6B6CCFDD115:LeaderElection332] INFO  server.RaftServerConfigKeys (ConfUtils.java:logGet(43)) - raft.server.watch.timeout = 10s (default)
2019-09-25 12:07:06,279 [ab153cfe-456a-45f5-b16c-7616a9ae7eb2@group-4EF7AE88ED70:LeaderElection328] INFO  server.RaftServerConfigKeys (ConfUtils.java:logGet(43)) - raft.server.rpc.sleep.time = 25ms (default)
2019-09-25 12:07:06,279 [f4c1a9a1-2d51-404c-8ce9-40a1851b7a0b@group-6782372D9723:LeaderElection330] INFO  server.RaftServerConfigKeys (ConfUtils.java:logGet(43)) - raft.server.rpc.sleep.time = 25ms (default)
2019-09-25 12:07:06,279 [a18b28f5-0b39-4e24-a9bc-e0bed51b7d30@group-6A150960C212:LeaderElection329] INFO  impl.RaftServerImpl (RaftServerImpl.java:setRole(174)) - a18b28f5-0b39-4e24-a9bc-e0bed51b7d30@group-6A150960C212: changes role from CANDIDATE to LEADER at term 1 for changeToLeader
2019-09-25 12:07:06,280 [f4c1a9a1-2d51-404c-8ce9-40a1851b7a0b@group-6782372D9723:LeaderElection330] INFO  server.RaftServerConfigKeys (ConfUtils.java:logGet(43)) - raft.server.write.element-limit = 4096 (default)
2019-09-25 12:07:06,280 [ab153cfe-456a-45f5-b16c-7616a9ae7eb2@group-4EF7AE88ED70:LeaderElection328] INFO  server.RaftServerConfigKeys (ConfUtils.java:logGet(43)) - raft.server.write.element-limit = 4096 (default)
2019-09-25 12:07:06,280 [ab153cfe-456a-45f5-b16c-7616a9ae7eb2@group-4EF7AE88ED70:LeaderElection328] INFO  server.RaftServerConfigKeys (ConfUtils.java:logGet(43)) - raft.server.watch.timeout = 10s (default)
2019-09-25 12:07:06,280 [ab153cfe-456a-45f5-b16c-7616a9ae7eb2@group-C6B6CCFDD115:LeaderElection332] INFO  server.RaftServerConfigKeys (ConfUtils.java:logGet(43)) - raft.server.watch.timeout.denomination = 1s (default)
2019-09-25 12:07:06,281 [ab153cfe-456a-45f5-b16c-7616a9ae7eb2@group-C6B6CCFDD115:LeaderElection332] INFO  server.RaftServerConfigKeys (ConfUtils.java:logGet(43)) - raft.server.watch.element-limit = 65536 (default)
2019-09-25 12:07:06,279 [ab153cfe-456a-45f5-b16c-7616a9ae7eb2@group-82883C2D59A9:LeaderElection327] INFO  impl.RaftServerImpl (RaftServerImpl.java:setRole(174)) - ab153cfe-456a-45f5-b16c-7616a9ae7eb2@group-82883C2D59A9: changes role from CANDIDATE to LEADER at term 1 for changeToLeader
2019-09-25 12:07:06,281 [ab153cfe-456a-45f5-b16c-7616a9ae7eb2@group-82883C2D59A9:LeaderElection327] INFO  impl.RaftServerImpl (ServerState.java:setLeader(253)) - ab153cfe-456a-45f5-b16c-7616a9ae7eb2@group-82883C2D59A9: change Leader from null to ab153cfe-456a-45f5-b16c-7616a9ae7eb2 at term 1 for becomeLeader, leader elected after 5566ms
2019-09-25 12:07:06,280 [ab153cfe-456a-45f5-b16c-7616a9ae7eb2@group-4EF7AE88ED70:LeaderElection328] INFO  server.RaftServerConfigKeys (ConfUtils.java:logGet(43)) - raft.server.watch.timeout.denomination = 1s (default)
2019-09-25 12:07:06,281 [ab153cfe-456a-45f5-b16c-7616a9ae7eb2@group-4EF7AE88ED70:LeaderElection328] INFO  server.RaftServerConfigKeys (ConfUtils.java:logGet(43)) - raft.server.watch.element-limit = 65536 (default)
2019-09-25 12:07:06,280 [f4c1a9a1-2d51-404c-8ce9-40a1851b7a0b@group-6782372D9723:LeaderElection330] INFO  server.RaftServerConfigKeys (ConfUtils.java:logGet(43)) - raft.server.watch.timeout = 10s (default)
2019-09-25 12:07:06,282 [f4c1a9a1-2d51-404c-8ce9-40a1851b7a0b@group-6782372D9723:LeaderElection330] INFO  server.RaftServerConfigKeys (ConfUtils.java:logGet(43)) - raft.server.watch.timeout.denomination = 1s (default)
2019-09-25 12:07:06,280 [a18b28f5-0b39-4e24-a9bc-e0bed51b7d30@group-6A150960C212:LeaderElection329] INFO  impl.RaftServerImpl (ServerState.java:setLeader(253)) - a18b28f5-0b39-4e24-a9bc-e0bed51b7d30@group-6A150960C212: change Leader from null to a18b28f5-0b39-4e24-a9bc-e0bed51b7d30 at term 1 for becomeLeader, leader elected after 5463ms
2019-09-25 12:07:06,282 [f4c1a9a1-2d51-404c-8ce9-40a1851b7a0b@group-6782372D9723:LeaderElection330] INFO  server.RaftServerConfigKeys (ConfUtils.java:logGet(43)) - raft.server.watch.element-limit = 65536 (default)
2019-09-25 12:07:06,281 [ab153cfe-456a-45f5-b16c-7616a9ae7eb2@group-82883C2D59A9:LeaderElection327] INFO  server.RaftServerConfigKeys (ConfUtils.java:logGet(43)) - raft.server.staging.catchup.gap = 1000 (default)
2019-09-25 12:07:06,282 [a18b28f5-0b39-4e24-a9bc-e0bed51b7d30@group-6A150960C212:LeaderElection329] INFO  server.RaftServerConfigKeys (ConfUtils.java:logGet(43)) - raft.server.staging.catchup.gap = 1000 (default)
2019-09-25 12:07:06,282 [ab153cfe-456a-45f5-b16c-7616a9ae7eb2@group-82883C2D59A9:LeaderElection327] INFO  server.RaftServerConfigKeys (ConfUtils.java:logGet(43)) - raft.server.rpc.sleep.time = 25ms (default)
2019-09-25 12:07:06,282 [a18b28f5-0b39-4e24-a9bc-e0bed51b7d30@group-6A150960C212:LeaderElection329] INFO  server.RaftServerConfigKeys (ConfUtils.java:logGet(43)) - raft.server.rpc.sleep.time = 25ms (default)
2019-09-25 12:07:06,282 [ab153cfe-456a-45f5-b16c-7616a9ae7eb2@group-82883C2D59A9:LeaderElection327] INFO  server.RaftServerConfigKeys (ConfUtils.java:logGet(43)) - raft.server.write.element-limit = 4096 (default)
2019-09-25 12:07:06,282 [a18b28f5-0b39-4e24-a9bc-e0bed51b7d30@group-6A150960C212:LeaderElection329] INFO  server.RaftServerConfigKeys (ConfUtils.java:logGet(43)) - raft.server.write.element-limit = 4096 (default)
2019-09-25 12:07:06,283 [ab153cfe-456a-45f5-b16c-7616a9ae7eb2@group-82883C2D59A9:LeaderElection327] INFO  server.RaftServerConfigKeys (ConfUtils.java:logGet(43)) - raft.server.watch.timeout = 10s (default)
2019-09-25 12:07:06,283 [a18b28f5-0b39-4e24-a9bc-e0bed51b7d30@group-6A150960C212:LeaderElection329] INFO  server.RaftServerConfigKeys (ConfUtils.java:logGet(43)) - raft.server.watch.timeout = 10s (default)
2019-09-25 12:07:06,283 [ab153cfe-456a-45f5-b16c-7616a9ae7eb2@group-82883C2D59A9:LeaderElection327] INFO  server.RaftServerConfigKeys (ConfUtils.java:logGet(43)) - raft.server.watch.timeout.denomination = 1s (default)
2019-09-25 12:07:06,283 [a18b28f5-0b39-4e24-a9bc-e0bed51b7d30@group-6A150960C212:LeaderElection329] INFO  server.RaftServerConfigKeys (ConfUtils.java:logGet(43)) - raft.server.watch.timeout.denomination = 1s (default)
2019-09-25 12:07:06,283 [ab153cfe-456a-45f5-b16c-7616a9ae7eb2@group-82883C2D59A9:LeaderElection327] INFO  server.RaftServerConfigKeys (ConfUtils.java:logGet(43)) - raft.server.watch.element-limit = 65536 (default)
2019-09-25 12:07:06,283 [Thread-4081] INFO  impl.FollowerState (FollowerState.java:run(106)) - f4c1a9a1-2d51-404c-8ce9-40a1851b7a0b:group-52B91E0E6B5F changes to CANDIDATE, lastRpcTime:5126, electionTimeout:5126ms
2019-09-25 12:07:06,283 [a18b28f5-0b39-4e24-a9bc-e0bed51b7d30@group-6A150960C212:LeaderElection329] INFO  server.RaftServerConfigKeys (ConfUtils.java:logGet(43)) - raft.server.watch.element-limit = 65536 (default)
2019-09-25 12:07:06,285 [Thread-4081] INFO  impl.RoleInfo (RoleInfo.java:shutdownFollowerState(121)) - f4c1a9a1-2d51-404c-8ce9-40a1851b7a0b: shutdown FollowerState
2019-09-25 12:07:06,285 [Thread-4081] INFO  impl.RaftServerImpl (RaftServerImpl.java:setRole(174)) - f4c1a9a1-2d51-404c-8ce9-40a1851b7a0b@group-52B91E0E6B5F: changes role from  FOLLOWER to CANDIDATE at term 0 for changeToCandidate
2019-09-25 12:07:06,297 [a18b28f5-0b39-4e24-a9bc-e0bed51b7d30@group-05F52087E514:LeaderElection323] INFO  impl.RoleInfo (RoleInfo.java:updateAndGet(143)) - a18b28f5-0b39-4e24-a9bc-e0bed51b7d30: start LeaderState
2019-09-25 12:07:06,297 [a18b28f5-0b39-4e24-a9bc-e0bed51b7d30@group-05F52087E514:LeaderElection323] INFO  segmented.SegmentedRaftLogWorker (SegmentedRaftLogWorker.java:startLogSegment(380)) - a18b28f5-0b39-4e24-a9bc-e0bed51b7d30@group-05F52087E514-SegmentedRaftLogWorker: Starting segment from index:0
2019-09-25 12:07:06,307 [Thread-4087] INFO  impl.FollowerState (FollowerState.java:run(106)) - ab153cfe-456a-45f5-b16c-7616a9ae7eb2:group-CF8B7E038937 changes to CANDIDATE, lastRpcTime:5052, electionTimeout:5052ms
2019-09-25 12:07:06,309 [Thread-4087] INFO  impl.RoleInfo (RoleInfo.java:shutdownFollowerState(121)) - ab153cfe-456a-45f5-b16c-7616a9ae7eb2: shutdown FollowerState
2019-09-25 12:07:06,309 [Thread-4087] INFO  impl.RaftServerImpl (RaftServerImpl.java:setRole(174)) - ab153cfe-456a-45f5-b16c-7616a9ae7eb2@group-CF8B7E038937: changes role from  FOLLOWER to CANDIDATE at term 0 for changeToCandidate
2019-09-25 12:07:06,316 [ab153cfe-456a-45f5-b16c-7616a9ae7eb2@group-82883C2D59A9:LeaderElection327] INFO  impl.RoleInfo (RoleInfo.java:updateAndGet(143)) - ab153cfe-456a-45f5-b16c-7616a9ae7eb2: start LeaderState
2019-09-25 12:07:06,316 [ab153cfe-456a-45f5-b16c-7616a9ae7eb2@group-82883C2D59A9:LeaderElection327] INFO  segmented.SegmentedRaftLogWorker (SegmentedRaftLogWorker.java:startLogSegment(380)) - ab153cfe-456a-45f5-b16c-7616a9ae7eb2@group-82883C2D59A9-SegmentedRaftLogWorker: Starting segment from index:0
2019-09-25 12:07:06,327 [Thread-4081] INFO  impl.RoleInfo (RoleInfo.java:updateAndGet(143)) - f4c1a9a1-2d51-404c-8ce9-40a1851b7a0b: start LeaderElection
2019-09-25 12:07:06,328 [ab153cfe-456a-45f5-b16c-7616a9ae7eb2@group-C6B6CCFDD115:LeaderElection332] INFO  impl.RoleInfo (RoleInfo.java:updateAndGet(143)) - ab153cfe-456a-45f5-b16c-7616a9ae7eb2: start LeaderState
2019-09-25 12:07:06,328 [ab153cfe-456a-45f5-b16c-7616a9ae7eb2@group-C6B6CCFDD115:LeaderElection332] INFO  segmented.SegmentedRaftLogWorker (SegmentedRaftLogWorker.java:startLogSegment(380)) - ab153cfe-456a-45f5-b16c-7616a9ae7eb2@group-C6B6CCFDD115-SegmentedRaftLogWorker: Starting segment from index:0
2019-09-25 12:07:06,340 [Thread-4087] INFO  impl.RoleInfo (RoleInfo.java:updateAndGet(143)) - ab153cfe-456a-45f5-b16c-7616a9ae7eb2: start LeaderElection
2019-09-25 12:07:06,340 [ab153cfe-456a-45f5-b16c-7616a9ae7eb2@group-82883C2D59A9:LeaderElection327] INFO  impl.RaftServerImpl (ServerState.java:setRaftConf(354)) - ab153cfe-456a-45f5-b16c-7616a9ae7eb2@group-82883C2D59A9: set configuration 0: [ab153cfe-456a-45f5-b16c-7616a9ae7eb2:192.168.151.73:37661], old=null at 0
2019-09-25 12:07:06,503 [f4c1a9a1-2d51-404c-8ce9-40a1851b7a0b@group-A6A29066576A:LeaderElection331] INFO  impl.LeaderElection (LeaderElection.java:askForVotes(182)) - f4c1a9a1-2d51-404c-8ce9-40a1851b7a0b@group-A6A29066576A:LeaderElection331: begin an election at term 1 for -1: [f4c1a9a1-2d51-404c-8ce9-40a1851b7a0b:192.168.151.73:39166], old=null
2019-09-25 12:07:06,503 [f4c1a9a1-2d51-404c-8ce9-40a1851b7a0b@group-A6A29066576A:LeaderElection331] INFO  impl.RoleInfo (RoleInfo.java:shutdownLeaderElection(134)) - f4c1a9a1-2d51-404c-8ce9-40a1851b7a0b: shutdown LeaderElection
2019-09-25 12:07:06,523 [a18b28f5-0b39-4e24-a9bc-e0bed51b7d30@group-05F52087E514:LeaderElection323] INFO  impl.RaftServerImpl (ServerState.java:setRaftConf(354)) - a18b28f5-0b39-4e24-a9bc-e0bed51b7d30@group-05F52087E514: set configuration 0: [a18b28f5-0b39-4e24-a9bc-e0bed51b7d30:192.168.151.73:44690], old=null at 0
2019-09-25 12:07:06,524 [f4c1a9a1-2d51-404c-8ce9-40a1851b7a0b@group-A6A29066576A:LeaderElection331] INFO  impl.RaftServerImpl (RaftServerImpl.java:setRole(174)) - f4c1a9a1-2d51-404c-8ce9-40a1851b7a0b@group-A6A29066576A: changes role from CANDIDATE to LEADER at term 1 for changeToLeader
2019-09-25 12:07:06,524 [f4c1a9a1-2d51-404c-8ce9-40a1851b7a0b@group-A6A29066576A:LeaderElection331] INFO  impl.RaftServerImpl (ServerState.java:setLeader(253)) - f4c1a9a1-2d51-404c-8ce9-40a1851b7a0b@group-A6A29066576A: change Leader from null to f4c1a9a1-2d51-404c-8ce9-40a1851b7a0b at term 1 for becomeLeader, leader elected after 5429ms
2019-09-25 12:07:06,524 [f4c1a9a1-2d51-404c-8ce9-40a1851b7a0b@group-A6A29066576A:LeaderElection331] INFO  server.RaftServerConfigKeys (ConfUtils.java:logGet(43)) - raft.server.staging.catchup.gap = 1000 (default)
2019-09-25 12:07:06,524 [f4c1a9a1-2d51-404c-8ce9-40a1851b7a0b@group-A6A29066576A:LeaderElection331] INFO  server.RaftServerConfigKeys (ConfUtils.java:logGet(43)) - raft.server.rpc.sleep.time = 25ms (default)
2019-09-25 12:07:06,524 [f4c1a9a1-2d51-404c-8ce9-40a1851b7a0b@group-A6A29066576A:LeaderElection331] INFO  server.RaftServerConfigKeys (ConfUtils.java:logGet(43)) - raft.server.write.element-limit = 4096 (default)
2019-09-25 12:07:06,525 [f4c1a9a1-2d51-404c-8ce9-40a1851b7a0b@group-A6A29066576A:LeaderElection331] INFO  server.RaftServerConfigKeys (ConfUtils.java:logGet(43)) - raft.server.watch.timeout = 10s (default)
2019-09-25 12:07:06,525 [f4c1a9a1-2d51-404c-8ce9-40a1851b7a0b@group-A6A29066576A:LeaderElection331] INFO  server.RaftServerConfigKeys (ConfUtils.java:logGet(43)) - raft.server.watch.timeout.denomination = 1s (default)
2019-09-25 12:07:06,525 [f4c1a9a1-2d51-404c-8ce9-40a1851b7a0b@group-A6A29066576A:LeaderElection331] INFO  server.RaftServerConfigKeys (ConfUtils.java:logGet(43)) - raft.server.watch.element-limit = 65536 (default)
2019-09-25 12:07:06,527 [Thread-4093] INFO  impl.FollowerState (FollowerState.java:run(106)) - ab153cfe-456a-45f5-b16c-7616a9ae7eb2:group-C6596CCC7DE9 changes to CANDIDATE, lastRpcTime:5192, electionTimeout:5098ms
2019-09-25 12:07:06,529 [Thread-4090] INFO  impl.FollowerState (FollowerState.java:run(106)) - ab153cfe-456a-45f5-b16c-7616a9ae7eb2:group-46DA52FD210F changes to CANDIDATE, lastRpcTime:5233, electionTimeout:5091ms
2019-09-25 12:07:06,529 [EventQueue-StaleNodeForStaleNodeHandler] INFO  node.StaleNodeHandler (StaleNodeHandler.java:onMessage(58)) - Datanode f003a614-b318-424e-95ab-7ad6d1c0d2e6{ip: 192.168.151.73, host: pr-hdds-1569-shd4m-3693607622, networkLocation: /default-rack, certSerialId: null} moved to stale state. Finalizing its pipelines [PipelineID=78409671-6273-4a49-bb6e-e5473c4d036e, PipelineID=e48124f2-589c-4618-937f-bd54d31ee5c1, PipelineID=03accbf8-00f5-452e-970e-cc2f0915d9b8, PipelineID=f21ac296-5e2a-448e-b5e0-2af1a894bb44, PipelineID=aff4ae1d-51b5-4e9d-b2ce-3b4f4267e03b, PipelineID=073f0871-cb75-40ad-90e8-e9ef3b7eb731]
2019-09-25 12:07:06,529 [ab153cfe-456a-45f5-b16c-7616a9ae7eb2@group-C6B6CCFDD115:LeaderElection332] INFO  impl.RaftServerImpl (ServerState.java:setRaftConf(354)) - ab153cfe-456a-45f5-b16c-7616a9ae7eb2@group-C6B6CCFDD115: set configuration 0: [ab153cfe-456a-45f5-b16c-7616a9ae7eb2:192.168.151.73:37661], old=null at 0
2019-09-25 12:07:06,529 [EventQueue-StaleNodeForStaleNodeHandler] INFO  pipeline.SCMPipelineManager (SCMPipelineManager.java:finalizeAndDestroyPipeline(316)) - destroying pipeline:Pipeline[ Id: 78409671-6273-4a49-bb6e-e5473c4d036e, Nodes: f003a614-b318-424e-95ab-7ad6d1c0d2e6{ip: 192.168.151.73, host: pr-hdds-1569-shd4m-3693607622, networkLocation: /default-rack, certSerialId: null}, Type:RATIS, Factor:ONE, State:OPEN]
2019-09-25 12:07:06,532 [EventQueue-StaleNodeForStaleNodeHandler] INFO  pipeline.PipelineStateManager (PipelineStateManager.java:finalizePipeline(123)) - Pipeline Pipeline[ Id: 78409671-6273-4a49-bb6e-e5473c4d036e, Nodes: f003a614-b318-424e-95ab-7ad6d1c0d2e6{ip: 192.168.151.73, host: pr-hdds-1569-shd4m-3693607622, networkLocation: /default-rack, certSerialId: null}, Type:RATIS, Factor:ONE, State:CLOSED] moved to CLOSED state
2019-09-25 12:07:06,533 [EventQueue-StaleNodeForStaleNodeHandler] INFO  pipeline.SCMPipelineManager (SCMPipelineManager.java:finalizeAndDestroyPipeline(316)) - destroying pipeline:Pipeline[ Id: e48124f2-589c-4618-937f-bd54d31ee5c1, Nodes: f003a614-b318-424e-95ab-7ad6d1c0d2e6{ip: 192.168.151.73, host: pr-hdds-1569-shd4m-3693607622, networkLocation: /default-rack, certSerialId: null}, Type:RATIS, Factor:ONE, State:OPEN]
2019-09-25 12:07:06,533 [EventQueue-StaleNodeForStaleNodeHandler] INFO  pipeline.PipelineStateManager (PipelineStateManager.java:finalizePipeline(123)) - Pipeline Pipeline[ Id: e48124f2-589c-4618-937f-bd54d31ee5c1, Nodes: f003a614-b318-424e-95ab-7ad6d1c0d2e6{ip: 192.168.151.73, host: pr-hdds-1569-shd4m-3693607622, networkLocation: /default-rack, certSerialId: null}, Type:RATIS, Factor:ONE, State:CLOSED] moved to CLOSED state
2019-09-25 12:07:06,533 [Thread-4090] INFO  impl.RoleInfo (RoleInfo.java:shutdownFollowerState(121)) - ab153cfe-456a-45f5-b16c-7616a9ae7eb2: shutdown FollowerState
2019-09-25 12:07:06,533 [Thread-4093] INFO  impl.RoleInfo (RoleInfo.java:shutdownFollowerState(121)) - ab153cfe-456a-45f5-b16c-7616a9ae7eb2: shutdown FollowerState
2019-09-25 12:07:06,533 [Thread-4090] INFO  impl.RaftServerImpl (RaftServerImpl.java:setRole(174)) - ab153cfe-456a-45f5-b16c-7616a9ae7eb2@group-46DA52FD210F: changes role from  FOLLOWER to CANDIDATE at term 0 for changeToCandidate
2019-09-25 12:07:06,533 [EventQueue-StaleNodeForStaleNodeHandler] INFO  pipeline.SCMPipelineManager (SCMPipelineManager.java:finalizeAndDestroyPipeline(316)) - destroying pipeline:Pipeline[ Id: 03accbf8-00f5-452e-970e-cc2f0915d9b8, Nodes: f003a614-b318-424e-95ab-7ad6d1c0d2e6{ip: 192.168.151.73, host: pr-hdds-1569-shd4m-3693607622, networkLocation: /default-rack, certSerialId: null}, Type:RATIS, Factor:ONE, State:OPEN]
2019-09-25 12:07:06,533 [ForkJoinPool.commonPool-worker-0] INFO  ozoneimpl.OzoneContainer (OzoneContainer.java:stop(231)) - Attempting to stop container services.
2019-09-25 12:07:06,533 [Thread-4090] INFO  impl.RoleInfo (RoleInfo.java:updateAndGet(143)) - ab153cfe-456a-45f5-b16c-7616a9ae7eb2: start LeaderElection
2019-09-25 12:07:06,533 [Thread-4093] INFO  impl.RaftServerImpl (RaftServerImpl.java:setRole(174)) - ab153cfe-456a-45f5-b16c-7616a9ae7eb2@group-C6596CCC7DE9: changes role from  FOLLOWER to CANDIDATE at term 0 for changeToCandidate
2019-09-25 12:07:06,534 [ForkJoinPool.commonPool-worker-0] INFO  impl.RaftServerProxy (RaftServerProxy.java:lambda$close$4(314)) - f003a614-b318-424e-95ab-7ad6d1c0d2e6: close
2019-09-25 12:07:06,534 [main] INFO  ozoneimpl.OzoneContainer (OzoneContainer.java:stop(231)) - Attempting to stop container services.
2019-09-25 12:07:06,533 [EventQueue-StaleNodeForStaleNodeHandler] INFO  pipeline.PipelineStateManager (PipelineStateManager.java:finalizePipeline(123)) - Pipeline Pipeline[ Id: 03accbf8-00f5-452e-970e-cc2f0915d9b8, Nodes: f003a614-b318-424e-95ab-7ad6d1c0d2e6{ip: 192.168.151.73, host: pr-hdds-1569-shd4m-3693607622, networkLocation: /default-rack, certSerialId: null}, Type:RATIS, Factor:ONE, State:CLOSED] moved to CLOSED state
2019-09-25 12:07:06,535 [main] INFO  impl.RaftServerProxy (RaftServerProxy.java:lambda$close$4(314)) - a18b28f5-0b39-4e24-a9bc-e0bed51b7d30: close
2019-09-25 12:07:06,534 [ForkJoinPool.commonPool-worker-0] INFO  impl.RaftServerImpl (RaftServerImpl.java:lambda$shutdown$3(251)) - f003a614-b318-424e-95ab-7ad6d1c0d2e6@group-E5473C4D036E: shutdown
2019-09-25 12:07:06,534 [Thread-4093] INFO  impl.RoleInfo (RoleInfo.java:updateAndGet(143)) - ab153cfe-456a-45f5-b16c-7616a9ae7eb2: start LeaderElection
2019-09-25 12:07:06,535 [main] INFO  impl.RaftServerImpl (RaftServerImpl.java:lambda$shutdown$3(251)) - a18b28f5-0b39-4e24-a9bc-e0bed51b7d30@group-11534223A248: shutdown
2019-09-25 12:07:06,535 [EventQueue-StaleNodeForStaleNodeHandler] INFO  pipeline.SCMPipelineManager (SCMPipelineManager.java:finalizeAndDestroyPipeline(316)) - destroying pipeline:Pipeline[ Id: f21ac296-5e2a-448e-b5e0-2af1a894bb44, Nodes: f003a614-b318-424e-95ab-7ad6d1c0d2e6{ip: 192.168.151.73, host: pr-hdds-1569-shd4m-3693607622, networkLocation: /default-rack, certSerialId: null}, Type:RATIS, Factor:ONE, State:OPEN]
2019-09-25 12:07:06,536 [ForkJoinPool.commonPool-worker-0] INFO  util.JmxRegister (JmxRegister.java:unregister(73)) - Successfully un-registered JMX Bean with object name Ratis:service=RaftServer,group=group-E5473C4D036E,id=f003a614-b318-424e-95ab-7ad6d1c0d2e6
2019-09-25 12:07:06,536 [EventQueue-StaleNodeForStaleNodeHandler] INFO  pipeline.PipelineStateManager (PipelineStateManager.java:finalizePipeline(123)) - Pipeline Pipeline[ Id: f21ac296-5e2a-448e-b5e0-2af1a894bb44, Nodes: f003a614-b318-424e-95ab-7ad6d1c0d2e6{ip: 192.168.151.73, host: pr-hdds-1569-shd4m-3693607622, networkLocation: /default-rack, certSerialId: null}, Type:RATIS, Factor:ONE, State:CLOSED] moved to CLOSED state
2019-09-25 12:07:06,537 [main] INFO  util.JmxRegister (JmxRegister.java:unregister(73)) - Successfully un-registered JMX Bean with object name Ratis:service=RaftServer,group=group-11534223A248,id=a18b28f5-0b39-4e24-a9bc-e0bed51b7d30
2019-09-25 12:07:06,537 [main] INFO  impl.RoleInfo (RoleInfo.java:shutdownLeaderState(104)) - a18b28f5-0b39-4e24-a9bc-e0bed51b7d30: shutdown LeaderState
2019-09-25 12:07:06,537 [ForkJoinPool.commonPool-worker-0] INFO  impl.RoleInfo (RoleInfo.java:shutdownLeaderState(104)) - f003a614-b318-424e-95ab-7ad6d1c0d2e6: shutdown LeaderState
2019-09-25 12:07:06,538 [main] INFO  impl.PendingRequests (PendingRequests.java:sendNotLeaderResponses(202)) - a18b28f5-0b39-4e24-a9bc-e0bed51b7d30-PendingRequests: sendNotLeaderResponses
2019-09-25 12:07:06,537 [EventQueue-StaleNodeForStaleNodeHandler] INFO  pipeline.SCMPipelineManager (SCMPipelineManager.java:finalizeAndDestroyPipeline(316)) - destroying pipeline:Pipeline[ Id: aff4ae1d-51b5-4e9d-b2ce-3b4f4267e03b, Nodes: f003a614-b318-424e-95ab-7ad6d1c0d2e6{ip: 192.168.151.73, host: pr-hdds-1569-shd4m-3693607622, networkLocation: /default-rack, certSerialId: null}, Type:RATIS, Factor:ONE, State:OPEN]
2019-09-25 12:07:06,538 [main] INFO  impl.StateMachineUpdater (StateMachineUpdater.java:stopAndJoin(125)) - a18b28f5-0b39-4e24-a9bc-e0bed51b7d30@group-11534223A248-StateMachineUpdater: set stopIndex = 0
2019-09-25 12:07:06,539 [main] INFO  impl.RaftServerImpl (ServerState.java:close(385)) - a18b28f5-0b39-4e24-a9bc-e0bed51b7d30@group-11534223A248: closes. applyIndex: 0
2019-09-25 12:07:06,538 [ForkJoinPool.commonPool-worker-0] INFO  impl.PendingRequests (PendingRequests.java:sendNotLeaderResponses(202)) - f003a614-b318-424e-95ab-7ad6d1c0d2e6-PendingRequests: sendNotLeaderResponses
2019-09-25 12:07:06,539 [a18b28f5-0b39-4e24-a9bc-e0bed51b7d30@group-11534223A248-SegmentedRaftLogWorker] INFO  segmented.SegmentedRaftLogWorker (SegmentedRaftLogWorker.java:run(313)) - a18b28f5-0b39-4e24-a9bc-e0bed51b7d30@group-11534223A248-SegmentedRaftLogWorker was interrupted, exiting. There are 0 tasks remaining in the queue.
2019-09-25 12:07:06,539 [EventQueue-StaleNodeForStaleNodeHandler] INFO  pipeline.PipelineStateManager (PipelineStateManager.java:finalizePipeline(123)) - Pipeline Pipeline[ Id: aff4ae1d-51b5-4e9d-b2ce-3b4f4267e03b, Nodes: f003a614-b318-424e-95ab-7ad6d1c0d2e6{ip: 192.168.151.73, host: pr-hdds-1569-shd4m-3693607622, networkLocation: /default-rack, certSerialId: null}, Type:RATIS, Factor:ONE, State:CLOSED] moved to CLOSED state
2019-09-25 12:07:06,540 [main] INFO  segmented.SegmentedRaftLogWorker (SegmentedRaftLogWorker.java:close(228)) - a18b28f5-0b39-4e24-a9bc-e0bed51b7d30@group-11534223A248-SegmentedRaftLogWorker close()
2019-09-25 12:07:06,540 [ForkJoinPool.commonPool-worker-0] INFO  impl.StateMachineUpdater (StateMachineUpdater.java:stopAndJoin(125)) - f003a614-b318-424e-95ab-7ad6d1c0d2e6@group-E5473C4D036E-StateMachineUpdater: set stopIndex = 0
2019-09-25 12:07:06,541 [ForkJoinPool.commonPool-worker-0] INFO  impl.RaftServerImpl (ServerState.java:close(385)) - f003a614-b318-424e-95ab-7ad6d1c0d2e6@group-E5473C4D036E: closes. applyIndex: 0
2019-09-25 12:07:06,540 [main] INFO  impl.RaftServerImpl (RaftServerImpl.java:lambda$shutdown$3(251)) - a18b28f5-0b39-4e24-a9bc-e0bed51b7d30@group-6A150960C212: shutdown
2019-09-25 12:07:06,540 [EventQueue-StaleNodeForStaleNodeHandler] INFO  pipeline.SCMPipelineManager (SCMPipelineManager.java:finalizeAndDestroyPipeline(316)) - destroying pipeline:Pipeline[ Id: 073f0871-cb75-40ad-90e8-e9ef3b7eb731, Nodes: f003a614-b318-424e-95ab-7ad6d1c0d2e6{ip: 192.168.151.73, host: pr-hdds-1569-shd4m-3693607622, networkLocation: /default-rack, certSerialId: null}, Type:RATIS, Factor:ONE, State:OPEN]
2019-09-25 12:07:06,541 [f003a614-b318-424e-95ab-7ad6d1c0d2e6@group-E5473C4D036E-SegmentedRaftLogWorker] INFO  segmented.SegmentedRaftLogWorker (SegmentedRaftLogWorker.java:run(313)) - f003a614-b318-424e-95ab-7ad6d1c0d2e6@group-E5473C4D036E-SegmentedRaftLogWorker was interrupted, exiting. There are 0 tasks remaining in the queue.
2019-09-25 12:07:06,542 [EventQueue-StaleNodeForStaleNodeHandler] INFO  pipeline.PipelineStateManager (PipelineStateManager.java:finalizePipeline(123)) - Pipeline Pipeline[ Id: 073f0871-cb75-40ad-90e8-e9ef3b7eb731, Nodes: f003a614-b318-424e-95ab-7ad6d1c0d2e6{ip: 192.168.151.73, host: pr-hdds-1569-shd4m-3693607622, networkLocation: /default-rack, certSerialId: null}, Type:RATIS, Factor:ONE, State:CLOSED] moved to CLOSED state
2019-09-25 12:07:06,542 [ForkJoinPool.commonPool-worker-0] INFO  segmented.SegmentedRaftLogWorker (SegmentedRaftLogWorker.java:close(228)) - f003a614-b318-424e-95ab-7ad6d1c0d2e6@group-E5473C4D036E-SegmentedRaftLogWorker close()
2019-09-25 12:07:06,542 [main] INFO  util.JmxRegister (JmxRegister.java:unregister(73)) - Successfully un-registered JMX Bean with object name Ratis:service=RaftServer,group=group-6A150960C212,id=a18b28f5-0b39-4e24-a9bc-e0bed51b7d30
2019-09-25 12:07:06,542 [ForkJoinPool.commonPool-worker-0] INFO  impl.RaftServerImpl (RaftServerImpl.java:lambda$shutdown$3(251)) - f003a614-b318-424e-95ab-7ad6d1c0d2e6@group-BD54D31EE5C1: shutdown
2019-09-25 12:07:06,543 [main] INFO  impl.StateMachineUpdater (StateMachineUpdater.java:stopAndJoin(125)) - a18b28f5-0b39-4e24-a9bc-e0bed51b7d30@group-6A150960C212-StateMachineUpdater: set stopIndex = -1
2019-09-25 12:07:06,543 [main] INFO  impl.RaftServerImpl (ServerState.java:close(385)) - a18b28f5-0b39-4e24-a9bc-e0bed51b7d30@group-6A150960C212: closes. applyIndex: -1
2019-09-25 12:07:06,543 [ForkJoinPool.commonPool-worker-0] INFO  util.JmxRegister (JmxRegister.java:unregister(73)) - Successfully un-registered JMX Bean with object name Ratis:service=RaftServer,group=group-BD54D31EE5C1,id=f003a614-b318-424e-95ab-7ad6d1c0d2e6
2019-09-25 12:07:06,544 [ForkJoinPool.commonPool-worker-0] INFO  impl.RoleInfo (RoleInfo.java:shutdownLeaderState(104)) - f003a614-b318-424e-95ab-7ad6d1c0d2e6: shutdown LeaderState
2019-09-25 12:07:06,544 [a18b28f5-0b39-4e24-a9bc-e0bed51b7d30@group-6A150960C212-SegmentedRaftLogWorker] INFO  segmented.SegmentedRaftLogWorker (SegmentedRaftLogWorker.java:run(313)) - a18b28f5-0b39-4e24-a9bc-e0bed51b7d30@group-6A150960C212-SegmentedRaftLogWorker was interrupted, exiting. There are 0 tasks remaining in the queue.
2019-09-25 12:07:06,544 [ForkJoinPool.commonPool-worker-0] INFO  impl.PendingRequests (PendingRequests.java:sendNotLeaderResponses(202)) - f003a614-b318-424e-95ab-7ad6d1c0d2e6-PendingRequests: sendNotLeaderResponses
2019-09-25 12:07:06,544 [main] INFO  segmented.SegmentedRaftLogWorker (SegmentedRaftLogWorker.java:close(228)) - a18b28f5-0b39-4e24-a9bc-e0bed51b7d30@group-6A150960C212-SegmentedRaftLogWorker close()
2019-09-25 12:07:06,545 [ForkJoinPool.commonPool-worker-0] INFO  impl.StateMachineUpdater (StateMachineUpdater.java:stopAndJoin(125)) - f003a614-b318-424e-95ab-7ad6d1c0d2e6@group-BD54D31EE5C1-StateMachineUpdater: set stopIndex = 0
2019-09-25 12:07:06,545 [main] INFO  impl.RaftServerImpl (RaftServerImpl.java:lambda$shutdown$3(251)) - a18b28f5-0b39-4e24-a9bc-e0bed51b7d30@group-78E271949705: shutdown
2019-09-25 12:07:06,545 [ForkJoinPool.commonPool-worker-0] INFO  impl.RaftServerImpl (ServerState.java:close(385)) - f003a614-b318-424e-95ab-7ad6d1c0d2e6@group-BD54D31EE5C1: closes. applyIndex: 0
2019-09-25 12:07:06,546 [f003a614-b318-424e-95ab-7ad6d1c0d2e6@group-BD54D31EE5C1-SegmentedRaftLogWorker] INFO  segmented.SegmentedRaftLogWorker (SegmentedRaftLogWorker.java:run(313)) - f003a614-b318-424e-95ab-7ad6d1c0d2e6@group-BD54D31EE5C1-SegmentedRaftLogWorker was interrupted, exiting. There are 0 tasks remaining in the queue.
2019-09-25 12:07:06,546 [ForkJoinPool.commonPool-worker-0] INFO  segmented.SegmentedRaftLogWorker (SegmentedRaftLogWorker.java:close(228)) - f003a614-b318-424e-95ab-7ad6d1c0d2e6@group-BD54D31EE5C1-SegmentedRaftLogWorker close()
2019-09-25 12:07:06,546 [main] INFO  util.JmxRegister (JmxRegister.java:unregister(73)) - Successfully un-registered JMX Bean with object name Ratis:service=RaftServer,group=group-78E271949705,id=a18b28f5-0b39-4e24-a9bc-e0bed51b7d30
2019-09-25 12:07:06,547 [ForkJoinPool.commonPool-worker-0] INFO  impl.RaftServerImpl (RaftServerImpl.java:lambda$shutdown$3(251)) - f003a614-b318-424e-95ab-7ad6d1c0d2e6@group-CC2F0915D9B8: shutdown
2019-09-25 12:07:06,547 [f4c1a9a1-2d51-404c-8ce9-40a1851b7a0b@group-7FD2EC3D9D5A:LeaderElection325] INFO  impl.RoleInfo (RoleInfo.java:updateAndGet(143)) - f4c1a9a1-2d51-404c-8ce9-40a1851b7a0b: start LeaderState
2019-09-25 12:07:06,547 [main] INFO  impl.StateMachineUpdater (StateMachineUpdater.java:stopAndJoin(125)) - a18b28f5-0b39-4e24-a9bc-e0bed51b7d30@group-78E271949705-StateMachineUpdater: set stopIndex = -1
2019-09-25 12:07:06,548 [main] INFO  impl.RaftServerImpl (ServerState.java:close(385)) - a18b28f5-0b39-4e24-a9bc-e0bed51b7d30@group-78E271949705: closes. applyIndex: -1
2019-09-25 12:07:06,547 [f4c1a9a1-2d51-404c-8ce9-40a1851b7a0b@group-7FD2EC3D9D5A:LeaderElection325] INFO  segmented.SegmentedRaftLogWorker (SegmentedRaftLogWorker.java:startLogSegment(380)) - f4c1a9a1-2d51-404c-8ce9-40a1851b7a0b@group-7FD2EC3D9D5A-SegmentedRaftLogWorker: Starting segment from index:0
2019-09-25 12:07:06,548 [a18b28f5-0b39-4e24-a9bc-e0bed51b7d30@group-78E271949705-SegmentedRaftLogWorker] INFO  segmented.SegmentedRaftLogWorker (SegmentedRaftLogWorker.java:run(313)) - a18b28f5-0b39-4e24-a9bc-e0bed51b7d30@group-78E271949705-SegmentedRaftLogWorker was interrupted, exiting. There are 0 tasks remaining in the queue.
2019-09-25 12:07:06,548 [ForkJoinPool.commonPool-worker-0] INFO  util.JmxRegister (JmxRegister.java:unregister(73)) - Successfully un-registered JMX Bean with object name Ratis:service=RaftServer,group=group-CC2F0915D9B8,id=f003a614-b318-424e-95ab-7ad6d1c0d2e6
2019-09-25 12:07:06,548 [f4c1a9a1-2d51-404c-8ce9-40a1851b7a0b@group-7FD2EC3D9D5A:LeaderElection325] INFO  impl.RaftServerImpl (ServerState.java:setRaftConf(354)) - f4c1a9a1-2d51-404c-8ce9-40a1851b7a0b@group-7FD2EC3D9D5A: set configuration 0: [f4c1a9a1-2d51-404c-8ce9-40a1851b7a0b:192.168.151.73:39166], old=null at 0
2019-09-25 12:07:06,548 [main] INFO  segmented.SegmentedRaftLogWorker (SegmentedRaftLogWorker.java:close(228)) - a18b28f5-0b39-4e24-a9bc-e0bed51b7d30@group-78E271949705-SegmentedRaftLogWorker close()
2019-09-25 12:07:06,549 [ForkJoinPool.commonPool-worker-0] INFO  impl.StateMachineUpdater (StateMachineUpdater.java:stopAndJoin(125)) - f003a614-b318-424e-95ab-7ad6d1c0d2e6@group-CC2F0915D9B8-StateMachineUpdater: set stopIndex = -1
2019-09-25 12:07:06,549 [main] INFO  impl.RaftServerImpl (RaftServerImpl.java:lambda$shutdown$3(251)) - a18b28f5-0b39-4e24-a9bc-e0bed51b7d30@group-ED12CE842CB5: shutdown
2019-09-25 12:07:06,550 [ab153cfe-456a-45f5-b16c-7616a9ae7eb2@group-4EF7AE88ED70:LeaderElection328] INFO  impl.RoleInfo (RoleInfo.java:updateAndGet(143)) - ab153cfe-456a-45f5-b16c-7616a9ae7eb2: start LeaderState
2019-09-25 12:07:06,550 [994e134d-9492-4c05-a584-6f6f537d8ad3@group-39041E56A19C:LeaderElection326] INFO  impl.RoleInfo (RoleInfo.java:updateAndGet(143)) - 994e134d-9492-4c05-a584-6f6f537d8ad3: start LeaderState
2019-09-25 12:07:06,550 [f003a614-b318-424e-95ab-7ad6d1c0d2e6@group-CC2F0915D9B8:LeaderElection322] INFO  impl.RoleInfo (RoleInfo.java:updateAndGet(143)) - f003a614-b318-424e-95ab-7ad6d1c0d2e6: start LeaderState
2019-09-25 12:07:06,549 [ForkJoinPool.commonPool-worker-0] INFO  impl.RaftServerImpl (ServerState.java:close(385)) - f003a614-b318-424e-95ab-7ad6d1c0d2e6@group-CC2F0915D9B8: closes. applyIndex: -1
2019-09-25 12:07:06,550 [ab153cfe-456a-45f5-b16c-7616a9ae7eb2@group-CF8B7E038937:LeaderElection334] INFO  impl.LeaderElection (LeaderElection.java:askForVotes(182)) - ab153cfe-456a-45f5-b16c-7616a9ae7eb2@group-CF8B7E038937:LeaderElection334: begin an election at term 1 for -1: [ab153cfe-456a-45f5-b16c-7616a9ae7eb2:192.168.151.73:37661], old=null
2019-09-25 12:07:06,550 [f4c1a9a1-2d51-404c-8ce9-40a1851b7a0b@group-52B91E0E6B5F:LeaderElection333] INFO  impl.LeaderElection (LeaderElection.java:askForVotes(182)) - f4c1a9a1-2d51-404c-8ce9-40a1851b7a0b@group-52B91E0E6B5F:LeaderElection333: begin an election at term 1 for -1: [f4c1a9a1-2d51-404c-8ce9-40a1851b7a0b:192.168.151.73:39166], old=null
2019-09-25 12:07:06,550 [ab153cfe-456a-45f5-b16c-7616a9ae7eb2@group-46DA52FD210F:LeaderElection335] INFO  impl.LeaderElection (LeaderElection.java:askForVotes(182)) - ab153cfe-456a-45f5-b16c-7616a9ae7eb2@group-46DA52FD210F:LeaderElection335: begin an election at term 1 for -1: [ab153cfe-456a-45f5-b16c-7616a9ae7eb2:192.168.151.73:37661], old=null
2019-09-25 12:07:06,550 [f003a614-b318-424e-95ab-7ad6d1c0d2e6@group-CC2F0915D9B8:LeaderElection322] INFO  segmented.SegmentedRaftLogWorker (SegmentedRaftLogWorker.java:startLogSegment(380)) - f003a614-b318-424e-95ab-7ad6d1c0d2e6@group-CC2F0915D9B8-SegmentedRaftLogWorker: Starting segment from index:0
2019-09-25 12:07:06,550 [ab153cfe-456a-45f5-b16c-7616a9ae7eb2@group-C6B6CCFDD115-SegmentedRaftLogWorker] INFO  segmented.SegmentedRaftLogWorker (SegmentedRaftLogWorker.java:execute(569)) - ab153cfe-456a-45f5-b16c-7616a9ae7eb2@group-C6B6CCFDD115-SegmentedRaftLogWorker: created new log segment /workdir/hadoop-ozone/integration-test/target/test-dir/MiniOzoneClusterImpl-ed40a7f8-0b2f-4da3-bf53-40ad2b647f29/datanode-6/data/ratis/45695826-41d2-4a21-8c96-c6b6ccfdd115/current/log_inprogress_0
2019-09-25 12:07:06,550 [a18b28f5-0b39-4e24-a9bc-e0bed51b7d30@group-05F52087E514-SegmentedRaftLogWorker] INFO  segmented.SegmentedRaftLogWorker (SegmentedRaftLogWorker.java:execute(569)) - a18b28f5-0b39-4e24-a9bc-e0bed51b7d30@group-05F52087E514-SegmentedRaftLogWorker: created new log segment /workdir/hadoop-ozone/integration-test/target/test-dir/MiniOzoneClusterImpl-ed40a7f8-0b2f-4da3-bf53-40ad2b647f29/datanode-4/data/ratis/e04e1c5c-6ea9-4f14-8df6-05f52087e514/current/log_inprogress_0
2019-09-25 12:07:06,550 [ab153cfe-456a-45f5-b16c-7616a9ae7eb2@group-82883C2D59A9-SegmentedRaftLogWorker] INFO  segmented.SegmentedRaftLogWorker (SegmentedRaftLogWorker.java:execute(569)) - ab153cfe-456a-45f5-b16c-7616a9ae7eb2@group-82883C2D59A9-SegmentedRaftLogWorker: created new log segment /workdir/hadoop-ozone/integration-test/target/test-dir/MiniOzoneClusterImpl-ed40a7f8-0b2f-4da3-bf53-40ad2b647f29/datanode-6/data/ratis/dfcc3584-f5e6-4b43-a9f1-82883c2d59a9/current/log_inprogress_0
2019-09-25 12:07:06,550 [994e134d-9492-4c05-a584-6f6f537d8ad3@group-39041E56A19C:LeaderElection326] INFO  segmented.SegmentedRaftLogWorker (SegmentedRaftLogWorker.java:startLogSegment(380)) - 994e134d-9492-4c05-a584-6f6f537d8ad3@group-39041E56A19C-SegmentedRaftLogWorker: Starting segment from index:0
2019-09-25 12:07:06,550 [ab153cfe-456a-45f5-b16c-7616a9ae7eb2@group-4EF7AE88ED70:LeaderElection328] INFO  segmented.SegmentedRaftLogWorker (SegmentedRaftLogWorker.java:startLogSegment(380)) - ab153cfe-456a-45f5-b16c-7616a9ae7eb2@group-4EF7AE88ED70-SegmentedRaftLogWorker: Starting segment from index:0
2019-09-25 12:07:06,550 [f4c1a9a1-2d51-404c-8ce9-40a1851b7a0b@group-A6A29066576A:LeaderElection331] INFO  impl.RoleInfo (RoleInfo.java:updateAndGet(143)) - f4c1a9a1-2d51-404c-8ce9-40a1851b7a0b: start LeaderState
2019-09-25 12:07:06,550 [main] INFO  util.JmxRegister (JmxRegister.java:unregister(73)) - Successfully un-registered JMX Bean with object name Ratis:service=RaftServer,group=group-ED12CE842CB5,id=a18b28f5-0b39-4e24-a9bc-e0bed51b7d30
2019-09-25 12:07:06,552 [main] INFO  impl.RoleInfo (RoleInfo.java:shutdownLeaderState(104)) - a18b28f5-0b39-4e24-a9bc-e0bed51b7d30: shutdown LeaderState
2019-09-25 12:07:06,550 [a18b28f5-0b39-4e24-a9bc-e0bed51b7d30@group-6A150960C212:LeaderElection329] INFO  impl.RoleInfo (RoleInfo.java:updateAndGet(143)) - a18b28f5-0b39-4e24-a9bc-e0bed51b7d30: start LeaderState
2019-09-25 12:07:06,550 [f4c1a9a1-2d51-404c-8ce9-40a1851b7a0b@group-F28E30A8329A:LeaderElection321] INFO  impl.RoleInfo (RoleInfo.java:updateAndGet(143)) - f4c1a9a1-2d51-404c-8ce9-40a1851b7a0b: start LeaderState
2019-09-25 12:07:06,550 [a18b28f5-0b39-4e24-a9bc-e0bed51b7d30@group-78E271949705:LeaderElection324] INFO  impl.RoleInfo (RoleInfo.java:updateAndGet(143)) - a18b28f5-0b39-4e24-a9bc-e0bed51b7d30: start LeaderState
2019-09-25 12:07:06,550 [f4c1a9a1-2d51-404c-8ce9-40a1851b7a0b@group-6782372D9723:LeaderElection330] INFO  impl.RoleInfo (RoleInfo.java:updateAndGet(143)) - f4c1a9a1-2d51-404c-8ce9-40a1851b7a0b: start LeaderState
2019-09-25 12:07:06,553 [a18b28f5-0b39-4e24-a9bc-e0bed51b7d30@group-78E271949705:LeaderElection324] INFO  impl.LeaderElection (LogUtils.java:infoOrTrace(149)) - Failed a18b28f5-0b39-4e24-a9bc-e0bed51b7d30@group-78E271949705:LeaderElection324, state=CLOSING: {}
java.lang.IllegalArgumentException: a18b28f5-0b39-4e24-a9bc-e0bed51b7d30@group-78E271949705-SegmentedRaftLog is expected to be opened but it is CLOSED
	at org.apache.ratis.util.OpenCloseState.assertOpen(OpenCloseState.java:63)
	at org.apache.ratis.server.raftlog.RaftLog.checkLogState(RaftLog.java:102)
	at org.apache.ratis.server.raftlog.segmented.SegmentedRaftLog.getLastEntryTermIndex(SegmentedRaftLog.java:324)
	at org.apache.ratis.server.raftlog.RaftLog.getNextIndex(RaftLog.java:148)
	at org.apache.ratis.server.impl.LeaderState.start(LeaderState.java:227)
	at org.apache.ratis.server.impl.RoleInfo.startLeaderState(RoleInfo.java:94)
	at org.apache.ratis.server.impl.RaftServerImpl.changeToLeader(RaftServerImpl.java:341)
	at org.apache.ratis.server.impl.LeaderElection.askForVotes(LeaderElection.java:214)
	at org.apache.ratis.server.impl.LeaderElection.run(LeaderElection.java:133)
	at java.lang.Thread.run(Thread.java:748)
Caused by: org.apache.ratis.util.OpenCloseState$CloseTrace: Close a18b28f5-0b39-4e24-a9bc-e0bed51b7d30@group-78E271949705-SegmentedRaftLog
	at org.apache.ratis.util.OpenCloseState.lambda$close$1(OpenCloseState.java:109)
	at java.util.concurrent.atomic.AtomicReference.getAndUpdate(AtomicReference.java:160)
	at org.apache.ratis.util.OpenCloseState.close(OpenCloseState.java:109)
	at org.apache.ratis.server.raftlog.RaftLog.close(RaftLog.java:437)
	at org.apache.ratis.server.raftlog.segmented.SegmentedRaftLog.close(SegmentedRaftLog.java:476)
	at org.apache.ratis.server.impl.ServerState.close(ServerState.java:387)
	at org.apache.ratis.server.impl.RaftServerImpl.lambda$shutdown$3(RaftServerImpl.java:273)
	at org.apache.ratis.util.LifeCycle.lambda$checkStateAndClose$2(LifeCycle.java:231)
	at org.apache.ratis.util.LifeCycle.checkStateAndClose(LifeCycle.java:251)
	at org.apache.ratis.util.LifeCycle.checkStateAndClose(LifeCycle.java:229)
	at org.apache.ratis.server.impl.RaftServerImpl.shutdown(RaftServerImpl.java:250)
	at org.apache.ratis.server.impl.RaftServerProxy$ImplMap.lambda$close$0(RaftServerProxy.java:107)
	at java.util.stream.ForEachOps$ForEachOp$OfRef.accept(ForEachOps.java:184)
	at java.util.stream.ReferencePipeline$3$1.accept(ReferencePipeline.java:193)
	at java.util.concurrent.ConcurrentHashMap$ValueSpliterator.forEachRemaining(ConcurrentHashMap.java:3566)
	at java.util.stream.AbstractPipeline.copyInto(AbstractPipeline.java:482)
	at java.util.stream.ForEachOps$ForEachTask.compute(ForEachOps.java:291)
	at java.util.concurrent.CountedCompleter.exec(CountedCompleter.java:731)
	at java.util.concurrent.ForkJoinTask.doExec(ForkJoinTask.java:289)
	at java.util.concurrent.ForkJoinTask.doInvoke(ForkJoinTask.java:401)
	at java.util.concurrent.ForkJoinTask.invoke(ForkJoinTask.java:734)
	at java.util.stream.ForEachOps$ForEachOp.evaluateParallel(ForEachOps.java:160)
	at java.util.stream.ForEachOps$ForEachOp$OfRef.evaluateParallel(ForEachOps.java:174)
	at java.util.stream.AbstractPipeline.evaluate(AbstractPipeline.java:233)
	at java.util.stream.ReferencePipeline.forEach(ReferencePipeline.java:418)
	at org.apache.ratis.server.impl.RaftServerProxy$ImplMap.close(RaftServerProxy.java:107)
	at org.apache.ratis.server.impl.RaftServerProxy.lambda$close$4(RaftServerProxy.java:315)
	at org.apache.ratis.util.LifeCycle.lambda$checkStateAndClose$2(LifeCycle.java:231)
	at org.apache.ratis.util.LifeCycle.checkStateAndClose(LifeCycle.java:251)
	at org.apache.ratis.util.LifeCycle.checkStateAndClose(LifeCycle.java:229)
	at org.apache.ratis.server.impl.RaftServerProxy.close(RaftServerProxy.java:313)
	at org.apache.hadoop.ozone.container.common.transport.server.ratis.XceiverServerRatis.stop(XceiverServerRatis.java:441)
	at org.apache.hadoop.ozone.container.ozoneimpl.OzoneContainer.stop(OzoneContainer.java:233)
	at org.apache.hadoop.ozone.container.common.statemachine.DatanodeStateMachine.close(DatanodeStateMachine.java:270)
	at org.apache.hadoop.ozone.container.common.statemachine.DatanodeStateMachine.stopDaemon(DatanodeStateMachine.java:394)
	at org.apache.hadoop.ozone.HddsDatanodeService.stop(HddsDatanodeService.java:457)
	at org.apache.hadoop.ozone.MiniOzoneClusterImpl.stopDatanode(MiniOzoneClusterImpl.java:385)
	at java.util.stream.ForEachOps$ForEachOp$OfRef.accept(ForEachOps.java:184)
	at java.util.ArrayList$ArrayListSpliterator.forEachRemaining(ArrayList.java:1382)
	at java.util.stream.AbstractPipeline.copyInto(AbstractPipeline.java:482)
	at java.util.stream.ForEachOps$ForEachTask.compute(ForEachOps.java:291)
	at java.util.concurrent.CountedCompleter.exec(CountedCompleter.java:731)
	at java.util.concurrent.ForkJoinTask.doExec(ForkJoinTask.java:289)
	at java.util.concurrent.ForkJoinTask.doInvoke(ForkJoinTask.java:401)
	at java.util.concurrent.ForkJoinTask.invoke(ForkJoinTask.java:734)
	at java.util.stream.ForEachOps$ForEachOp.evaluateParallel(ForEachOps.java:160)
	at java.util.stream.ForEachOps$ForEachOp$OfRef.evaluateParallel(ForEachOps.java:174)
	at java.util.stream.AbstractPipeline.evaluate(AbstractPipeline.java:233)
	at java.util.stream.ReferencePipeline.forEach(ReferencePipeline.java:418)
	at java.util.stream.ReferencePipeline$Head.forEach(ReferencePipeline.java:583)
	at org.apache.hadoop.ozone.MiniOzoneClusterImpl.stopDatanodes(MiniOzoneClusterImpl.java:379)
	at org.apache.hadoop.ozone.MiniOzoneClusterImpl.stop(MiniOzoneClusterImpl.java:332)
	at org.apache.hadoop.ozone.MiniOzoneClusterImpl.shutdown(MiniOzoneClusterImpl.java:319)
	at org.apache.hadoop.ozone.client.rpc.TestBlockOutputStreamWithFailures.shutdown(TestBlockOutputStreamWithFailures.java:118)
	at sun.reflect.NativeMethodAccessorImpl.invoke0(Native Method)
	at sun.reflect.NativeMethodAccessorImpl.invoke(NativeMethodAccessorImpl.java:62)
	at sun.reflect.DelegatingMethodAccessorImpl.invoke(DelegatingMethodAccessorImpl.java:43)
	at java.lang.reflect.Method.invoke(Method.java:498)
	at org.junit.runners.model.FrameworkMethod$1.runReflectiveCall(FrameworkMethod.java:47)
	at org.junit.internal.runners.model.ReflectiveCallable.run(ReflectiveCallable.java:12)
	at org.junit.runners.model.FrameworkMethod.invokeExplosively(FrameworkMethod.java:44)
	at org.junit.internal.runners.statements.RunAfters.evaluate(RunAfters.java:33)
	at org.junit.runners.ParentRunner.runLeaf(ParentRunner.java:271)
	at org.junit.runners.BlockJUnit4ClassRunner.runChild(BlockJUnit4ClassRunner.java:70)
	at org.junit.runners.BlockJUnit4ClassRunner.runChild(BlockJUnit4ClassRunner.java:50)
	at org.junit.runners.ParentRunner$3.run(ParentRunner.java:238)
	at org.junit.runners.ParentRunner$1.schedule(ParentRunner.java:63)
	at org.junit.runners.ParentRunner.runChildren(ParentRunner.java:236)
	at org.junit.runners.ParentRunner.access$000(ParentRunner.java:53)
	at org.junit.runners.ParentRunner$2.evaluate(ParentRunner.java:229)
	at org.junit.runners.ParentRunner.run(ParentRunner.java:309)
	at org.apache.maven.surefire.junit4.JUnit4Provider.execute(JUnit4Provider.java:365)
	at org.apache.maven.surefire.junit4.JUnit4Provider.executeWithRerun(JUnit4Provider.java:273)
	at org.apache.maven.surefire.junit4.JUnit4Provider.executeTestSet(JUnit4Provider.java:238)
	at org.apache.maven.surefire.junit4.JUnit4Provider.invoke(JUnit4Provider.java:159)
	at org.apache.maven.surefire.booter.ForkedBooter.invokeProviderInSameClassLoader(ForkedBooter.java:384)
	at org.apache.maven.surefire.booter.ForkedBooter.runSuitesInProcess(ForkedBooter.java:345)
	at org.apache.maven.surefire.booter.ForkedBooter.execute(ForkedBooter.java:126)
	at org.apache.maven.surefire.booter.ForkedBooter.main(ForkedBooter.java:418)
2019-09-25 12:07:06,553 [f4c1a9a1-2d51-404c-8ce9-40a1851b7a0b@group-F28E30A8329A:LeaderElection321] INFO  segmented.SegmentedRaftLogWorker (SegmentedRaftLogWorker.java:startLogSegment(380)) - f4c1a9a1-2d51-404c-8ce9-40a1851b7a0b@group-F28E30A8329A-SegmentedRaftLogWorker: Starting segment from index:0
2019-09-25 12:07:06,553 [a18b28f5-0b39-4e24-a9bc-e0bed51b7d30@group-6A150960C212:LeaderElection329] INFO  impl.LeaderElection (LogUtils.java:infoOrTrace(149)) - Failed a18b28f5-0b39-4e24-a9bc-e0bed51b7d30@group-6A150960C212:LeaderElection329, state=CLOSING: {}
java.lang.IllegalArgumentException: a18b28f5-0b39-4e24-a9bc-e0bed51b7d30@group-6A150960C212-SegmentedRaftLog is expected to be opened but it is CLOSED
	at org.apache.ratis.util.OpenCloseState.assertOpen(OpenCloseState.java:63)
	at org.apache.ratis.server.raftlog.RaftLog.checkLogState(RaftLog.java:102)
	at org.apache.ratis.server.raftlog.segmented.SegmentedRaftLog.getLastEntryTermIndex(SegmentedRaftLog.java:324)
	at org.apache.ratis.server.raftlog.RaftLog.getNextIndex(RaftLog.java:148)
	at org.apache.ratis.server.impl.LeaderState.start(LeaderState.java:227)
	at org.apache.ratis.server.impl.RoleInfo.startLeaderState(RoleInfo.java:94)
	at org.apache.ratis.server.impl.RaftServerImpl.changeToLeader(RaftServerImpl.java:341)
	at org.apache.ratis.server.impl.LeaderElection.askForVotes(LeaderElection.java:214)
	at org.apache.ratis.server.impl.LeaderElection.run(LeaderElection.java:133)
	at java.lang.Thread.run(Thread.java:748)
Caused by: org.apache.ratis.util.OpenCloseState$CloseTrace: Close a18b28f5-0b39-4e24-a9bc-e0bed51b7d30@group-6A150960C212-SegmentedRaftLog
	at org.apache.ratis.util.OpenCloseState.lambda$close$1(OpenCloseState.java:109)
	at java.util.concurrent.atomic.AtomicReference.getAndUpdate(AtomicReference.java:160)
	at org.apache.ratis.util.OpenCloseState.close(OpenCloseState.java:109)
	at org.apache.ratis.server.raftlog.RaftLog.close(RaftLog.java:437)
	at org.apache.ratis.server.raftlog.segmented.SegmentedRaftLog.close(SegmentedRaftLog.java:476)
	at org.apache.ratis.server.impl.ServerState.close(ServerState.java:387)
	at org.apache.ratis.server.impl.RaftServerImpl.lambda$shutdown$3(RaftServerImpl.java:273)
	at org.apache.ratis.util.LifeCycle.lambda$checkStateAndClose$2(LifeCycle.java:231)
	at org.apache.ratis.util.LifeCycle.checkStateAndClose(LifeCycle.java:251)
	at org.apache.ratis.util.LifeCycle.checkStateAndClose(LifeCycle.java:229)
	at org.apache.ratis.server.impl.RaftServerImpl.shutdown(RaftServerImpl.java:250)
	at org.apache.ratis.server.impl.RaftServerProxy$ImplMap.lambda$close$0(RaftServerProxy.java:107)
	at java.util.stream.ForEachOps$ForEachOp$OfRef.accept(ForEachOps.java:184)
	at java.util.stream.ReferencePipeline$3$1.accept(ReferencePipeline.java:193)
	at java.util.concurrent.ConcurrentHashMap$ValueSpliterator.forEachRemaining(ConcurrentHashMap.java:3566)
	at java.util.stream.AbstractPipeline.copyInto(AbstractPipeline.java:482)
	at java.util.stream.ForEachOps$ForEachTask.compute(ForEachOps.java:291)
	at java.util.concurrent.CountedCompleter.exec(CountedCompleter.java:731)
	at java.util.concurrent.ForkJoinTask.doExec(ForkJoinTask.java:289)
	at java.util.concurrent.ForkJoinTask.doInvoke(ForkJoinTask.java:401)
	at java.util.concurrent.ForkJoinTask.invoke(ForkJoinTask.java:734)
	at java.util.stream.ForEachOps$ForEachOp.evaluateParallel(ForEachOps.java:160)
	at java.util.stream.ForEachOps$ForEachOp$OfRef.evaluateParallel(ForEachOps.java:174)
	at java.util.stream.AbstractPipeline.evaluate(AbstractPipeline.java:233)
	at java.util.stream.ReferencePipeline.forEach(ReferencePipeline.java:418)
	at org.apache.ratis.server.impl.RaftServerProxy$ImplMap.close(RaftServerProxy.java:107)
	at org.apache.ratis.server.impl.RaftServerProxy.lambda$close$4(RaftServerProxy.java:315)
	at org.apache.ratis.util.LifeCycle.lambda$checkStateAndClose$2(LifeCycle.java:231)
	at org.apache.ratis.util.LifeCycle.checkStateAndClose(LifeCycle.java:251)
	at org.apache.ratis.util.LifeCycle.checkStateAndClose(LifeCycle.java:229)
	at org.apache.ratis.server.impl.RaftServerProxy.close(RaftServerProxy.java:313)
	at org.apache.hadoop.ozone.container.common.transport.server.ratis.XceiverServerRatis.stop(XceiverServerRatis.java:441)
	at org.apache.hadoop.ozone.container.ozoneimpl.OzoneContainer.stop(OzoneContainer.java:233)
	at org.apache.hadoop.ozone.container.common.statemachine.DatanodeStateMachine.close(DatanodeStateMachine.java:270)
	at org.apache.hadoop.ozone.container.common.statemachine.DatanodeStateMachine.stopDaemon(DatanodeStateMachine.java:394)
	at org.apache.hadoop.ozone.HddsDatanodeService.stop(HddsDatanodeService.java:457)
	at org.apache.hadoop.ozone.MiniOzoneClusterImpl.stopDatanode(MiniOzoneClusterImpl.java:385)
	at java.util.stream.ForEachOps$ForEachOp$OfRef.accept(ForEachOps.java:184)
	at java.util.ArrayList$ArrayListSpliterator.forEachRemaining(ArrayList.java:1382)
	at java.util.stream.AbstractPipeline.copyInto(AbstractPipeline.java:482)
	at java.util.stream.ForEachOps$ForEachTask.compute(ForEachOps.java:291)
	at java.util.concurrent.CountedCompleter.exec(CountedCompleter.java:731)
	at java.util.concurrent.ForkJoinTask.doExec(ForkJoinTask.java:289)
	at java.util.concurrent.ForkJoinTask.doInvoke(ForkJoinTask.java:401)
	at java.util.concurrent.ForkJoinTask.invoke(ForkJoinTask.java:734)
	at java.util.stream.ForEachOps$ForEachOp.evaluateParallel(ForEachOps.java:160)
	at java.util.stream.ForEachOps$ForEachOp$OfRef.evaluateParallel(ForEachOps.java:174)
	at java.util.stream.AbstractPipeline.evaluate(AbstractPipeline.java:233)
	at java.util.stream.ReferencePipeline.forEach(ReferencePipeline.java:418)
	at java.util.stream.ReferencePipeline$Head.forEach(ReferencePipeline.java:583)
	at org.apache.hadoop.ozone.MiniOzoneClusterImpl.stopDatanodes(MiniOzoneClusterImpl.java:379)
	at org.apache.hadoop.ozone.MiniOzoneClusterImpl.stop(MiniOzoneClusterImpl.java:332)
	at org.apache.hadoop.ozone.MiniOzoneClusterImpl.shutdown(MiniOzoneClusterImpl.java:319)
	at org.apache.hadoop.ozone.client.rpc.TestBlockOutputStreamWithFailures.shutdown(TestBlockOutputStreamWithFailures.java:118)
	at sun.reflect.NativeMethodAccessorImpl.invoke0(Native Method)
	at sun.reflect.NativeMethodAccessorImpl.invoke(NativeMethodAccessorImpl.java:62)
	at sun.reflect.DelegatingMethodAccessorImpl.invoke(DelegatingMethodAccessorImpl.java:43)
	at java.lang.reflect.Method.invoke(Method.java:498)
	at org.junit.runners.model.FrameworkMethod$1.runReflectiveCall(FrameworkMethod.java:47)
	at org.junit.internal.runners.model.ReflectiveCallable.run(ReflectiveCallable.java:12)
	at org.junit.runners.model.FrameworkMethod.invokeExplosively(FrameworkMethod.java:44)
	at org.junit.internal.runners.statements.RunAfters.evaluate(RunAfters.java:33)
	at org.junit.runners.ParentRunner.runLeaf(ParentRunner.java:271)
	at org.junit.runners.BlockJUnit4ClassRunner.runChild(BlockJUnit4ClassRunner.java:70)
	at org.junit.runners.BlockJUnit4ClassRunner.runChild(BlockJUnit4ClassRunner.java:50)
	at org.junit.runners.ParentRunner$3.run(ParentRunner.java:238)
	at org.junit.runners.ParentRunner$1.schedule(ParentRunner.java:63)
	at org.junit.runners.ParentRunner.runChildren(ParentRunner.java:236)
	at org.junit.runners.ParentRunner.access$000(ParentRunner.java:53)
	at org.junit.runners.ParentRunner$2.evaluate(ParentRunner.java:229)
	at org.junit.runners.ParentRunner.run(ParentRunner.java:309)
	at org.apache.maven.surefire.junit4.JUnit4Provider.execute(JUnit4Provider.java:365)
	at org.apache.maven.surefire.junit4.JUnit4Provider.executeWithRerun(JUnit4Provider.java:273)
	at org.apache.maven.surefire.junit4.JUnit4Provider.executeTestSet(JUnit4Provider.java:238)
	at org.apache.maven.surefire.junit4.JUnit4Provider.invoke(JUnit4Provider.java:159)
	at org.apache.maven.surefire.booter.ForkedBooter.invokeProviderInSameClassLoader(ForkedBooter.java:384)
	at org.apache.maven.surefire.booter.ForkedBooter.runSuitesInProcess(ForkedBooter.java:345)
	at org.apache.maven.surefire.booter.ForkedBooter.execute(ForkedBooter.java:126)
	at org.apache.maven.surefire.booter.ForkedBooter.main(ForkedBooter.java:418)
2019-09-25 12:07:06,604 [a18b28f5-0b39-4e24-a9bc-e0bed51b7d30@group-6A150960C212:LeaderElection329] INFO  impl.LeaderElection (LeaderElection.java:run(140)) - a18b28f5-0b39-4e24-a9bc-e0bed51b7d30@group-6A150960C212:LeaderElection329: IllegalArgumentException is safely ignored since this is already CLOSING
2019-09-25 12:07:06,553 [f003a614-b318-424e-95ab-7ad6d1c0d2e6@group-CC2F0915D9B8-SegmentedRaftLogWorker] WARN  segmented.SegmentedRaftLogOutputStream (SegmentedRaftLogOutputStream.java:<init>(77)) - Hit IOException while creating log segment /workdir/hadoop-ozone/integration-test/target/test-dir/MiniOzoneClusterImpl-ed40a7f8-0b2f-4da3-bf53-40ad2b647f29/datanode-1/data/ratis/03accbf8-00f5-452e-970e-cc2f0915d9b8/current/log_inprogress_0, delete the partial file.
2019-09-25 12:07:06,553 [main] INFO  impl.PendingRequests (PendingRequests.java:sendNotLeaderResponses(202)) - a18b28f5-0b39-4e24-a9bc-e0bed51b7d30-PendingRequests: sendNotLeaderResponses
2019-09-25 12:07:06,552 [ab153cfe-456a-45f5-b16c-7616a9ae7eb2@group-4EF7AE88ED70:LeaderElection328] INFO  impl.RaftServerImpl (ServerState.java:setRaftConf(354)) - ab153cfe-456a-45f5-b16c-7616a9ae7eb2@group-4EF7AE88ED70: set configuration 0: [ab153cfe-456a-45f5-b16c-7616a9ae7eb2:192.168.151.73:37661], old=null at 0
2019-09-25 12:07:06,552 [f4c1a9a1-2d51-404c-8ce9-40a1851b7a0b@group-A6A29066576A:LeaderElection331] INFO  segmented.SegmentedRaftLogWorker (SegmentedRaftLogWorker.java:startLogSegment(380)) - f4c1a9a1-2d51-404c-8ce9-40a1851b7a0b@group-A6A29066576A-SegmentedRaftLogWorker: Starting segment from index:0
2019-09-25 12:07:06,552 [994e134d-9492-4c05-a584-6f6f537d8ad3@group-39041E56A19C:LeaderElection326] INFO  impl.RaftServerImpl (ServerState.java:setRaftConf(354)) - 994e134d-9492-4c05-a584-6f6f537d8ad3@group-39041E56A19C: set configuration 0: [994e134d-9492-4c05-a584-6f6f537d8ad3:192.168.151.73:46064], old=null at 0
2019-09-25 12:07:06,551 [f003a614-b318-424e-95ab-7ad6d1c0d2e6@group-CC2F0915D9B8:LeaderElection322] INFO  impl.RaftServerImpl (ServerState.java:setRaftConf(354)) - f003a614-b318-424e-95ab-7ad6d1c0d2e6@group-CC2F0915D9B8: set configuration 0: [f003a614-b318-424e-95ab-7ad6d1c0d2e6:192.168.151.73:41092], old=null at 0
2019-09-25 12:07:06,551 [ab153cfe-456a-45f5-b16c-7616a9ae7eb2@group-46DA52FD210F:LeaderElection335] INFO  impl.RoleInfo (RoleInfo.java:shutdownLeaderElection(134)) - ab153cfe-456a-45f5-b16c-7616a9ae7eb2: shutdown LeaderElection
2019-09-25 12:07:06,551 [f4c1a9a1-2d51-404c-8ce9-40a1851b7a0b@group-52B91E0E6B5F:LeaderElection333] INFO  impl.RoleInfo (RoleInfo.java:shutdownLeaderElection(134)) - f4c1a9a1-2d51-404c-8ce9-40a1851b7a0b: shutdown LeaderElection
2019-09-25 12:07:06,550 [ab153cfe-456a-45f5-b16c-7616a9ae7eb2@group-CF8B7E038937:LeaderElection334] INFO  impl.RoleInfo (RoleInfo.java:shutdownLeaderElection(134)) - ab153cfe-456a-45f5-b16c-7616a9ae7eb2: shutdown LeaderElection
2019-09-25 12:07:06,606 [f4c1a9a1-2d51-404c-8ce9-40a1851b7a0b@group-52B91E0E6B5F:LeaderElection333] INFO  impl.RaftServerImpl (RaftServerImpl.java:setRole(174)) - f4c1a9a1-2d51-404c-8ce9-40a1851b7a0b@group-52B91E0E6B5F: changes role from CANDIDATE to LEADER at term 1 for changeToLeader
2019-09-25 12:07:06,606 [f4c1a9a1-2d51-404c-8ce9-40a1851b7a0b@group-52B91E0E6B5F:LeaderElection333] INFO  impl.RaftServerImpl (ServerState.java:setLeader(253)) - f4c1a9a1-2d51-404c-8ce9-40a1851b7a0b@group-52B91E0E6B5F: change Leader from null to f4c1a9a1-2d51-404c-8ce9-40a1851b7a0b at term 1 for becomeLeader, leader elected after 5455ms
2019-09-25 12:07:06,606 [ab153cfe-456a-45f5-b16c-7616a9ae7eb2@group-46DA52FD210F:LeaderElection335] INFO  impl.RaftServerImpl (RaftServerImpl.java:setRole(174)) - ab153cfe-456a-45f5-b16c-7616a9ae7eb2@group-46DA52FD210F: changes role from CANDIDATE to LEADER at term 1 for changeToLeader
2019-09-25 12:07:06,606 [f4c1a9a1-2d51-404c-8ce9-40a1851b7a0b@group-A6A29066576A:LeaderElection331] INFO  impl.RaftServerImpl (ServerState.java:setRaftConf(354)) - f4c1a9a1-2d51-404c-8ce9-40a1851b7a0b@group-A6A29066576A: set configuration 0: [f4c1a9a1-2d51-404c-8ce9-40a1851b7a0b:192.168.151.73:39166], old=null at 0
2019-09-25 12:07:06,605 [main] INFO  impl.StateMachineUpdater (StateMachineUpdater.java:stopAndJoin(125)) - a18b28f5-0b39-4e24-a9bc-e0bed51b7d30@group-ED12CE842CB5-StateMachineUpdater: set stopIndex = 0
2019-09-25 12:07:06,607 [main] INFO  impl.RaftServerImpl (ServerState.java:close(385)) - a18b28f5-0b39-4e24-a9bc-e0bed51b7d30@group-ED12CE842CB5: closes. applyIndex: 0
2019-09-25 12:07:06,605 [ForkJoinPool.commonPool-worker-0] INFO  segmented.SegmentedRaftLogWorker (SegmentedRaftLogWorker.java:close(228)) - f003a614-b318-424e-95ab-7ad6d1c0d2e6@group-CC2F0915D9B8-SegmentedRaftLogWorker close()
2019-09-25 12:07:06,605 [f4c1a9a1-2d51-404c-8ce9-40a1851b7a0b@group-F28E30A8329A:LeaderElection321] INFO  impl.RaftServerImpl (ServerState.java:setRaftConf(354)) - f4c1a9a1-2d51-404c-8ce9-40a1851b7a0b@group-F28E30A8329A: set configuration 0: [f4c1a9a1-2d51-404c-8ce9-40a1851b7a0b:192.168.151.73:39166], old=null at 0
2019-09-25 12:07:06,604 [ab153cfe-456a-45f5-b16c-7616a9ae7eb2@group-C6596CCC7DE9:LeaderElection336] INFO  impl.LeaderElection (LeaderElection.java:askForVotes(182)) - ab153cfe-456a-45f5-b16c-7616a9ae7eb2@group-C6596CCC7DE9:LeaderElection336: begin an election at term 1 for -1: [ab153cfe-456a-45f5-b16c-7616a9ae7eb2:192.168.151.73:37661], old=null
2019-09-25 12:07:06,598 [a18b28f5-0b39-4e24-a9bc-e0bed51b7d30@group-78E271949705:LeaderElection324] INFO  impl.LeaderElection (LeaderElection.java:run(140)) - a18b28f5-0b39-4e24-a9bc-e0bed51b7d30@group-78E271949705:LeaderElection324: IllegalArgumentException is safely ignored since this is already CLOSING
2019-09-25 12:07:06,553 [f4c1a9a1-2d51-404c-8ce9-40a1851b7a0b@group-6782372D9723:LeaderElection330] INFO  segmented.SegmentedRaftLogWorker (SegmentedRaftLogWorker.java:startLogSegment(380)) - f4c1a9a1-2d51-404c-8ce9-40a1851b7a0b@group-6782372D9723-SegmentedRaftLogWorker: Starting segment from index:0
2019-09-25 12:07:06,608 [ab153cfe-456a-45f5-b16c-7616a9ae7eb2@group-C6596CCC7DE9:LeaderElection336] INFO  impl.RoleInfo (RoleInfo.java:shutdownLeaderElection(134)) - ab153cfe-456a-45f5-b16c-7616a9ae7eb2: shutdown LeaderElection
2019-09-25 12:07:06,608 [ForkJoinPool.commonPool-worker-0] INFO  impl.RaftServerImpl (RaftServerImpl.java:lambda$shutdown$3(251)) - f003a614-b318-424e-95ab-7ad6d1c0d2e6@group-2AF1A894BB44: shutdown
2019-09-25 12:07:06,609 [ForkJoinPool.commonPool-worker-0] INFO  util.JmxRegister (JmxRegister.java:unregister(73)) - Successfully un-registered JMX Bean with object name Ratis:service=RaftServer,group=group-2AF1A894BB44,id=f003a614-b318-424e-95ab-7ad6d1c0d2e6
2019-09-25 12:07:06,609 [ForkJoinPool.commonPool-worker-0] INFO  impl.RoleInfo (RoleInfo.java:shutdownLeaderState(104)) - f003a614-b318-424e-95ab-7ad6d1c0d2e6: shutdown LeaderState
2019-09-25 12:07:06,607 [a18b28f5-0b39-4e24-a9bc-e0bed51b7d30@group-ED12CE842CB5-SegmentedRaftLogWorker] INFO  segmented.SegmentedRaftLogWorker (SegmentedRaftLogWorker.java:run(313)) - a18b28f5-0b39-4e24-a9bc-e0bed51b7d30@group-ED12CE842CB5-SegmentedRaftLogWorker was interrupted, exiting. There are 0 tasks remaining in the queue.
2019-09-25 12:07:06,606 [ab153cfe-456a-45f5-b16c-7616a9ae7eb2@group-46DA52FD210F:LeaderElection335] INFO  impl.RaftServerImpl (ServerState.java:setLeader(253)) - ab153cfe-456a-45f5-b16c-7616a9ae7eb2@group-46DA52FD210F: change Leader from null to ab153cfe-456a-45f5-b16c-7616a9ae7eb2 at term 1 for becomeLeader, leader elected after 5316ms
2019-09-25 12:07:06,606 [f4c1a9a1-2d51-404c-8ce9-40a1851b7a0b@group-52B91E0E6B5F:LeaderElection333] INFO  server.RaftServerConfigKeys (ConfUtils.java:logGet(43)) - raft.server.staging.catchup.gap = 1000 (default)
2019-09-25 12:07:06,610 [f4c1a9a1-2d51-404c-8ce9-40a1851b7a0b@group-52B91E0E6B5F:LeaderElection333] INFO  server.RaftServerConfigKeys (ConfUtils.java:logGet(43)) - raft.server.rpc.sleep.time = 25ms (default)
2019-09-25 12:07:06,606 [ab153cfe-456a-45f5-b16c-7616a9ae7eb2@group-CF8B7E038937:LeaderElection334] INFO  impl.RaftServerImpl (RaftServerImpl.java:setRole(174)) - ab153cfe-456a-45f5-b16c-7616a9ae7eb2@group-CF8B7E038937: changes role from CANDIDATE to LEADER at term 1 for changeToLeader
2019-09-25 12:07:06,610 [ab153cfe-456a-45f5-b16c-7616a9ae7eb2@group-CF8B7E038937:LeaderElection334] INFO  impl.RaftServerImpl (ServerState.java:setLeader(253)) - ab153cfe-456a-45f5-b16c-7616a9ae7eb2@group-CF8B7E038937: change Leader from null to ab153cfe-456a-45f5-b16c-7616a9ae7eb2 at term 1 for becomeLeader, leader elected after 5360ms
2019-09-25 12:07:06,610 [f4c1a9a1-2d51-404c-8ce9-40a1851b7a0b@group-52B91E0E6B5F:LeaderElection333] INFO  server.RaftServerConfigKeys (ConfUtils.java:logGet(43)) - raft.server.write.element-limit = 4096 (default)
2019-09-25 12:07:06,609 [ab153cfe-456a-45f5-b16c-7616a9ae7eb2@group-46DA52FD210F:LeaderElection335] INFO  server.RaftServerConfigKeys (ConfUtils.java:logGet(43)) - raft.server.staging.catchup.gap = 1000 (default)
2019-09-25 12:07:06,609 [ForkJoinPool.commonPool-worker-0] INFO  impl.PendingRequests (PendingRequests.java:sendNotLeaderResponses(202)) - f003a614-b318-424e-95ab-7ad6d1c0d2e6-PendingRequests: sendNotLeaderResponses
2019-09-25 12:07:06,608 [f4c1a9a1-2d51-404c-8ce9-40a1851b7a0b@group-6782372D9723:LeaderElection330] INFO  impl.RaftServerImpl (ServerState.java:setRaftConf(354)) - f4c1a9a1-2d51-404c-8ce9-40a1851b7a0b@group-6782372D9723: set configuration 0: [f4c1a9a1-2d51-404c-8ce9-40a1851b7a0b:192.168.151.73:39166], old=null at 0
2019-09-25 12:07:06,608 [ab153cfe-456a-45f5-b16c-7616a9ae7eb2@group-C6596CCC7DE9:LeaderElection336] INFO  impl.RaftServerImpl (RaftServerImpl.java:setRole(174)) - ab153cfe-456a-45f5-b16c-7616a9ae7eb2@group-C6596CCC7DE9: changes role from CANDIDATE to LEADER at term 1 for changeToLeader
2019-09-25 12:07:06,611 [ForkJoinPool.commonPool-worker-0] INFO  impl.StateMachineUpdater (StateMachineUpdater.java:stopAndJoin(125)) - f003a614-b318-424e-95ab-7ad6d1c0d2e6@group-2AF1A894BB44-StateMachineUpdater: set stopIndex = 0
2019-09-25 12:07:06,611 [ForkJoinPool.commonPool-worker-0] INFO  impl.RaftServerImpl (ServerState.java:close(385)) - f003a614-b318-424e-95ab-7ad6d1c0d2e6@group-2AF1A894BB44: closes. applyIndex: 0
2019-09-25 12:07:06,610 [ab153cfe-456a-45f5-b16c-7616a9ae7eb2@group-46DA52FD210F:LeaderElection335] INFO  server.RaftServerConfigKeys (ConfUtils.java:logGet(43)) - raft.server.rpc.sleep.time = 25ms (default)
2019-09-25 12:07:06,610 [main] INFO  segmented.SegmentedRaftLogWorker (SegmentedRaftLogWorker.java:close(228)) - a18b28f5-0b39-4e24-a9bc-e0bed51b7d30@group-ED12CE842CB5-SegmentedRaftLogWorker close()
2019-09-25 12:07:06,610 [f4c1a9a1-2d51-404c-8ce9-40a1851b7a0b@group-52B91E0E6B5F:LeaderElection333] INFO  server.RaftServerConfigKeys (ConfUtils.java:logGet(43)) - raft.server.watch.timeout = 10s (default)
2019-09-25 12:07:06,610 [ab153cfe-456a-45f5-b16c-7616a9ae7eb2@group-CF8B7E038937:LeaderElection334] INFO  server.RaftServerConfigKeys (ConfUtils.java:logGet(43)) - raft.server.staging.catchup.gap = 1000 (default)
2019-09-25 12:07:06,612 [f4c1a9a1-2d51-404c-8ce9-40a1851b7a0b@group-52B91E0E6B5F:LeaderElection333] INFO  server.RaftServerConfigKeys (ConfUtils.java:logGet(43)) - raft.server.watch.timeout.denomination = 1s (default)
2019-09-25 12:07:06,611 [ab153cfe-456a-45f5-b16c-7616a9ae7eb2@group-46DA52FD210F:LeaderElection335] INFO  server.RaftServerConfigKeys (ConfUtils.java:logGet(43)) - raft.server.write.element-limit = 4096 (default)
2019-09-25 12:07:06,611 [f003a614-b318-424e-95ab-7ad6d1c0d2e6@group-2AF1A894BB44-SegmentedRaftLogWorker] INFO  segmented.SegmentedRaftLogWorker (SegmentedRaftLogWorker.java:run(313)) - f003a614-b318-424e-95ab-7ad6d1c0d2e6@group-2AF1A894BB44-SegmentedRaftLogWorker was interrupted, exiting. There are 0 tasks remaining in the queue.
2019-09-25 12:07:06,611 [ab153cfe-456a-45f5-b16c-7616a9ae7eb2@group-4EF7AE88ED70-SegmentedRaftLogWorker] INFO  segmented.SegmentedRaftLogWorker (SegmentedRaftLogWorker.java:execute(569)) - ab153cfe-456a-45f5-b16c-7616a9ae7eb2@group-4EF7AE88ED70-SegmentedRaftLogWorker: created new log segment /workdir/hadoop-ozone/integration-test/target/test-dir/MiniOzoneClusterImpl-ed40a7f8-0b2f-4da3-bf53-40ad2b647f29/datanode-6/data/ratis/298dbbce-73c6-4bbd-b3f9-4ef7ae88ed70/current/log_inprogress_0
2019-09-25 12:07:06,611 [994e134d-9492-4c05-a584-6f6f537d8ad3@group-39041E56A19C-SegmentedRaftLogWorker] INFO  segmented.SegmentedRaftLogWorker (SegmentedRaftLogWorker.java:execute(569)) - 994e134d-9492-4c05-a584-6f6f537d8ad3@group-39041E56A19C-SegmentedRaftLogWorker: created new log segment /workdir/hadoop-ozone/integration-test/target/test-dir/MiniOzoneClusterImpl-ed40a7f8-0b2f-4da3-bf53-40ad2b647f29/datanode-3/data/ratis/929da6e5-8c07-4286-94cb-39041e56a19c/current/log_inprogress_0
2019-09-25 12:07:06,611 [f4c1a9a1-2d51-404c-8ce9-40a1851b7a0b@group-7FD2EC3D9D5A-SegmentedRaftLogWorker] INFO  segmented.SegmentedRaftLogWorker (SegmentedRaftLogWorker.java:execute(569)) - f4c1a9a1-2d51-404c-8ce9-40a1851b7a0b@group-7FD2EC3D9D5A-SegmentedRaftLogWorker: created new log segment /workdir/hadoop-ozone/integration-test/target/test-dir/MiniOzoneClusterImpl-ed40a7f8-0b2f-4da3-bf53-40ad2b647f29/datanode-5/data/ratis/403afe7f-88c2-4f57-988e-7fd2ec3d9d5a/current/log_inprogress_0
2019-09-25 12:07:06,611 [ab153cfe-456a-45f5-b16c-7616a9ae7eb2@group-C6596CCC7DE9:LeaderElection336] INFO  impl.RaftServerImpl (ServerState.java:setLeader(253)) - ab153cfe-456a-45f5-b16c-7616a9ae7eb2@group-C6596CCC7DE9: change Leader from null to ab153cfe-456a-45f5-b16c-7616a9ae7eb2 at term 1 for becomeLeader, leader elected after 5281ms
2019-09-25 12:07:06,613 [ForkJoinPool.commonPool-worker-0] INFO  segmented.SegmentedRaftLogWorker (SegmentedRaftLogWorker.java:close(228)) - f003a614-b318-424e-95ab-7ad6d1c0d2e6@group-2AF1A894BB44-SegmentedRaftLogWorker close()
2019-09-25 12:07:06,612 [ab153cfe-456a-45f5-b16c-7616a9ae7eb2@group-46DA52FD210F:LeaderElection335] INFO  server.RaftServerConfigKeys (ConfUtils.java:logGet(43)) - raft.server.watch.timeout = 10s (default)
2019-09-25 12:07:06,613 [ab153cfe-456a-45f5-b16c-7616a9ae7eb2@group-46DA52FD210F:LeaderElection335] INFO  server.RaftServerConfigKeys (ConfUtils.java:logGet(43)) - raft.server.watch.timeout.denomination = 1s (default)
2019-09-25 12:07:06,612 [f4c1a9a1-2d51-404c-8ce9-40a1851b7a0b@group-52B91E0E6B5F:LeaderElection333] INFO  server.RaftServerConfigKeys (ConfUtils.java:logGet(43)) - raft.server.watch.element-limit = 65536 (default)
2019-09-25 12:07:06,612 [main] INFO  impl.RaftServerImpl (RaftServerImpl.java:lambda$shutdown$3(251)) - a18b28f5-0b39-4e24-a9bc-e0bed51b7d30@group-28843BE67F78: shutdown
2019-09-25 12:07:06,612 [ab153cfe-456a-45f5-b16c-7616a9ae7eb2@group-CF8B7E038937:LeaderElection334] INFO  server.RaftServerConfigKeys (ConfUtils.java:logGet(43)) - raft.server.rpc.sleep.time = 25ms (default)
2019-09-25 12:07:06,614 [main] INFO  util.JmxRegister (JmxRegister.java:unregister(73)) - Successfully un-registered JMX Bean with object name Ratis:service=RaftServer,group=group-28843BE67F78,id=a18b28f5-0b39-4e24-a9bc-e0bed51b7d30
2019-09-25 12:07:06,614 [ab153cfe-456a-45f5-b16c-7616a9ae7eb2@group-46DA52FD210F:LeaderElection335] INFO  server.RaftServerConfigKeys (ConfUtils.java:logGet(43)) - raft.server.watch.element-limit = 65536 (default)
2019-09-25 12:07:06,613 [ForkJoinPool.commonPool-worker-0] INFO  impl.RaftServerImpl (RaftServerImpl.java:lambda$shutdown$3(251)) - f003a614-b318-424e-95ab-7ad6d1c0d2e6@group-3B4F4267E03B: shutdown
2019-09-25 12:07:06,613 [ab153cfe-456a-45f5-b16c-7616a9ae7eb2@group-C6596CCC7DE9:LeaderElection336] INFO  server.RaftServerConfigKeys (ConfUtils.java:logGet(43)) - raft.server.staging.catchup.gap = 1000 (default)
2019-09-25 12:07:06,615 [f4c1a9a1-2d51-404c-8ce9-40a1851b7a0b@group-52B91E0E6B5F:LeaderElection333] INFO  impl.RoleInfo (RoleInfo.java:updateAndGet(143)) - f4c1a9a1-2d51-404c-8ce9-40a1851b7a0b: start LeaderState
2019-09-25 12:07:06,615 [ForkJoinPool.commonPool-worker-0] INFO  util.JmxRegister (JmxRegister.java:unregister(73)) - Successfully un-registered JMX Bean with object name Ratis:service=RaftServer,group=group-3B4F4267E03B,id=f003a614-b318-424e-95ab-7ad6d1c0d2e6
2019-09-25 12:07:06,615 [ForkJoinPool.commonPool-worker-0] INFO  impl.RoleInfo (RoleInfo.java:shutdownFollowerState(121)) - f003a614-b318-424e-95ab-7ad6d1c0d2e6: shutdown FollowerState
2019-09-25 12:07:06,614 [main] INFO  impl.RoleInfo (RoleInfo.java:shutdownFollowerState(121)) - a18b28f5-0b39-4e24-a9bc-e0bed51b7d30: shutdown FollowerState
2019-09-25 12:07:06,614 [ab153cfe-456a-45f5-b16c-7616a9ae7eb2@group-CF8B7E038937:LeaderElection334] INFO  server.RaftServerConfigKeys (ConfUtils.java:logGet(43)) - raft.server.write.element-limit = 4096 (default)
2019-09-25 12:07:06,616 [ab153cfe-456a-45f5-b16c-7616a9ae7eb2@group-46DA52FD210F:LeaderElection335] INFO  impl.RoleInfo (RoleInfo.java:updateAndGet(143)) - ab153cfe-456a-45f5-b16c-7616a9ae7eb2: start LeaderState
2019-09-25 12:07:06,616 [Thread-4042] INFO  impl.FollowerState (FollowerState.java:run(115)) - a18b28f5-0b39-4e24-a9bc-e0bed51b7d30: FollowerState was interrupted: java.lang.InterruptedException: sleep interrupted
2019-09-25 12:07:06,616 [main] INFO  impl.StateMachineUpdater (StateMachineUpdater.java:stopAndJoin(125)) - a18b28f5-0b39-4e24-a9bc-e0bed51b7d30@group-28843BE67F78-StateMachineUpdater: set stopIndex = -1
2019-09-25 12:07:06,616 [Thread-4039] INFO  impl.FollowerState (FollowerState.java:run(115)) - f003a614-b318-424e-95ab-7ad6d1c0d2e6: FollowerState was interrupted: java.lang.InterruptedException: sleep interrupted
2019-09-25 12:07:06,616 [ForkJoinPool.commonPool-worker-0] INFO  impl.StateMachineUpdater (StateMachineUpdater.java:stopAndJoin(125)) - f003a614-b318-424e-95ab-7ad6d1c0d2e6@group-3B4F4267E03B-StateMachineUpdater: set stopIndex = -1
2019-09-25 12:07:06,617 [ForkJoinPool.commonPool-worker-0] INFO  impl.RaftServerImpl (ServerState.java:close(385)) - f003a614-b318-424e-95ab-7ad6d1c0d2e6@group-3B4F4267E03B: closes. applyIndex: -1
2019-09-25 12:07:06,615 [f4c1a9a1-2d51-404c-8ce9-40a1851b7a0b@group-52B91E0E6B5F:LeaderElection333] INFO  segmented.SegmentedRaftLogWorker (SegmentedRaftLogWorker.java:startLogSegment(380)) - f4c1a9a1-2d51-404c-8ce9-40a1851b7a0b@group-52B91E0E6B5F-SegmentedRaftLogWorker: Starting segment from index:0
2019-09-25 12:07:06,615 [ab153cfe-456a-45f5-b16c-7616a9ae7eb2@group-C6596CCC7DE9:LeaderElection336] INFO  server.RaftServerConfigKeys (ConfUtils.java:logGet(43)) - raft.server.rpc.sleep.time = 25ms (default)
2019-09-25 12:07:06,618 [f003a614-b318-424e-95ab-7ad6d1c0d2e6@group-3B4F4267E03B-SegmentedRaftLogWorker] INFO  segmented.SegmentedRaftLogWorker (SegmentedRaftLogWorker.java:run(313)) - f003a614-b318-424e-95ab-7ad6d1c0d2e6@group-3B4F4267E03B-SegmentedRaftLogWorker was interrupted, exiting. There are 0 tasks remaining in the queue.
2019-09-25 12:07:06,617 [main] INFO  impl.RaftServerImpl (ServerState.java:close(385)) - a18b28f5-0b39-4e24-a9bc-e0bed51b7d30@group-28843BE67F78: closes. applyIndex: -1
2019-09-25 12:07:06,616 [ab153cfe-456a-45f5-b16c-7616a9ae7eb2@group-46DA52FD210F:LeaderElection335] INFO  segmented.SegmentedRaftLogWorker (SegmentedRaftLogWorker.java:startLogSegment(380)) - ab153cfe-456a-45f5-b16c-7616a9ae7eb2@group-46DA52FD210F-SegmentedRaftLogWorker: Starting segment from index:0
2019-09-25 12:07:06,616 [ab153cfe-456a-45f5-b16c-7616a9ae7eb2@group-CF8B7E038937:LeaderElection334] INFO  server.RaftServerConfigKeys (ConfUtils.java:logGet(43)) - raft.server.watch.timeout = 10s (default)
2019-09-25 12:07:06,618 [a18b28f5-0b39-4e24-a9bc-e0bed51b7d30@group-28843BE67F78-SegmentedRaftLogWorker] INFO  segmented.SegmentedRaftLogWorker (SegmentedRaftLogWorker.java:run(313)) - a18b28f5-0b39-4e24-a9bc-e0bed51b7d30@group-28843BE67F78-SegmentedRaftLogWorker was interrupted, exiting. There are 0 tasks remaining in the queue.
2019-09-25 12:07:06,618 [ForkJoinPool.commonPool-worker-0] INFO  segmented.SegmentedRaftLogWorker (SegmentedRaftLogWorker.java:close(228)) - f003a614-b318-424e-95ab-7ad6d1c0d2e6@group-3B4F4267E03B-SegmentedRaftLogWorker close()
2019-09-25 12:07:06,618 [f4c1a9a1-2d51-404c-8ce9-40a1851b7a0b@group-52B91E0E6B5F:LeaderElection333] INFO  impl.RaftServerImpl (ServerState.java:setRaftConf(354)) - f4c1a9a1-2d51-404c-8ce9-40a1851b7a0b@group-52B91E0E6B5F: set configuration 0: [f4c1a9a1-2d51-404c-8ce9-40a1851b7a0b:192.168.151.73:39166], old=null at 0
2019-09-25 12:07:06,618 [ab153cfe-456a-45f5-b16c-7616a9ae7eb2@group-C6596CCC7DE9:LeaderElection336] INFO  server.RaftServerConfigKeys (ConfUtils.java:logGet(43)) - raft.server.write.element-limit = 4096 (default)
2019-09-25 12:07:06,619 [ForkJoinPool.commonPool-worker-0] INFO  impl.RaftServerImpl (RaftServerImpl.java:lambda$shutdown$3(251)) - f003a614-b318-424e-95ab-7ad6d1c0d2e6@group-E9EF3B7EB731: shutdown
2019-09-25 12:07:06,620 [ForkJoinPool.commonPool-worker-0] INFO  util.JmxRegister (JmxRegister.java:unregister(73)) - Successfully un-registered JMX Bean with object name Ratis:service=RaftServer,group=group-E9EF3B7EB731,id=f003a614-b318-424e-95ab-7ad6d1c0d2e6
2019-09-25 12:07:06,619 [main] INFO  segmented.SegmentedRaftLogWorker (SegmentedRaftLogWorker.java:close(228)) - a18b28f5-0b39-4e24-a9bc-e0bed51b7d30@group-28843BE67F78-SegmentedRaftLogWorker close()
2019-09-25 12:07:06,619 [ab153cfe-456a-45f5-b16c-7616a9ae7eb2@group-46DA52FD210F:LeaderElection335] INFO  impl.RaftServerImpl (ServerState.java:setRaftConf(354)) - ab153cfe-456a-45f5-b16c-7616a9ae7eb2@group-46DA52FD210F: set configuration 0: [ab153cfe-456a-45f5-b16c-7616a9ae7eb2:192.168.151.73:37661], old=null at 0
2019-09-25 12:07:06,619 [ab153cfe-456a-45f5-b16c-7616a9ae7eb2@group-CF8B7E038937:LeaderElection334] INFO  server.RaftServerConfigKeys (ConfUtils.java:logGet(43)) - raft.server.watch.timeout.denomination = 1s (default)
2019-09-25 12:07:06,620 [main] INFO  impl.RaftServerImpl (RaftServerImpl.java:lambda$shutdown$3(251)) - a18b28f5-0b39-4e24-a9bc-e0bed51b7d30@group-05F52087E514: shutdown
2019-09-25 12:07:06,620 [ForkJoinPool.commonPool-worker-0] INFO  impl.RoleInfo (RoleInfo.java:shutdownLeaderState(104)) - f003a614-b318-424e-95ab-7ad6d1c0d2e6: shutdown LeaderState
2019-09-25 12:07:06,619 [ab153cfe-456a-45f5-b16c-7616a9ae7eb2@group-C6596CCC7DE9:LeaderElection336] INFO  server.RaftServerConfigKeys (ConfUtils.java:logGet(43)) - raft.server.watch.timeout = 10s (default)
2019-09-25 12:07:06,621 [ForkJoinPool.commonPool-worker-0] INFO  impl.PendingRequests (PendingRequests.java:sendNotLeaderResponses(202)) - f003a614-b318-424e-95ab-7ad6d1c0d2e6-PendingRequests: sendNotLeaderResponses
2019-09-25 12:07:06,621 [main] INFO  util.JmxRegister (JmxRegister.java:unregister(73)) - Successfully un-registered JMX Bean with object name Ratis:service=RaftServer,group=group-05F52087E514,id=a18b28f5-0b39-4e24-a9bc-e0bed51b7d30
2019-09-25 12:07:06,622 [main] INFO  impl.RoleInfo (RoleInfo.java:shutdownLeaderState(104)) - a18b28f5-0b39-4e24-a9bc-e0bed51b7d30: shutdown LeaderState
2019-09-25 12:07:06,620 [ab153cfe-456a-45f5-b16c-7616a9ae7eb2@group-CF8B7E038937:LeaderElection334] INFO  server.RaftServerConfigKeys (ConfUtils.java:logGet(43)) - raft.server.watch.element-limit = 65536 (default)
2019-09-25 12:07:06,622 [main] INFO  impl.PendingRequests (PendingRequests.java:sendNotLeaderResponses(202)) - a18b28f5-0b39-4e24-a9bc-e0bed51b7d30-PendingRequests: sendNotLeaderResponses
2019-09-25 12:07:06,621 [ForkJoinPool.commonPool-worker-0] INFO  impl.StateMachineUpdater (StateMachineUpdater.java:stopAndJoin(125)) - f003a614-b318-424e-95ab-7ad6d1c0d2e6@group-E9EF3B7EB731-StateMachineUpdater: set stopIndex = 0
2019-09-25 12:07:06,621 [ab153cfe-456a-45f5-b16c-7616a9ae7eb2@group-C6596CCC7DE9:LeaderElection336] INFO  server.RaftServerConfigKeys (ConfUtils.java:logGet(43)) - raft.server.watch.timeout.denomination = 1s (default)
2019-09-25 12:07:06,623 [ForkJoinPool.commonPool-worker-0] INFO  impl.RaftServerImpl (ServerState.java:close(385)) - f003a614-b318-424e-95ab-7ad6d1c0d2e6@group-E9EF3B7EB731: closes. applyIndex: 0
2019-09-25 12:07:06,623 [main] INFO  impl.StateMachineUpdater (StateMachineUpdater.java:stopAndJoin(125)) - a18b28f5-0b39-4e24-a9bc-e0bed51b7d30@group-05F52087E514-StateMachineUpdater: set stopIndex = 0
2019-09-25 12:07:06,624 [main] INFO  impl.RaftServerImpl (ServerState.java:close(385)) - a18b28f5-0b39-4e24-a9bc-e0bed51b7d30@group-05F52087E514: closes. applyIndex: 0
2019-09-25 12:07:06,623 [f003a614-b318-424e-95ab-7ad6d1c0d2e6@group-E9EF3B7EB731-SegmentedRaftLogWorker] INFO  segmented.SegmentedRaftLogWorker (SegmentedRaftLogWorker.java:run(313)) - f003a614-b318-424e-95ab-7ad6d1c0d2e6@group-E9EF3B7EB731-SegmentedRaftLogWorker was interrupted, exiting. There are 0 tasks remaining in the queue.
2019-09-25 12:07:06,624 [a18b28f5-0b39-4e24-a9bc-e0bed51b7d30@group-05F52087E514-SegmentedRaftLogWorker] INFO  segmented.SegmentedRaftLogWorker (SegmentedRaftLogWorker.java:run(313)) - a18b28f5-0b39-4e24-a9bc-e0bed51b7d30@group-05F52087E514-SegmentedRaftLogWorker was interrupted, exiting. There are 0 tasks remaining in the queue.
2019-09-25 12:07:06,623 [ab153cfe-456a-45f5-b16c-7616a9ae7eb2@group-CF8B7E038937:LeaderElection334] INFO  impl.RoleInfo (RoleInfo.java:updateAndGet(143)) - ab153cfe-456a-45f5-b16c-7616a9ae7eb2: start LeaderState
2019-09-25 12:07:06,623 [ab153cfe-456a-45f5-b16c-7616a9ae7eb2@group-C6596CCC7DE9:LeaderElection336] INFO  server.RaftServerConfigKeys (ConfUtils.java:logGet(43)) - raft.server.watch.element-limit = 65536 (default)
2019-09-25 12:07:06,624 [ab153cfe-456a-45f5-b16c-7616a9ae7eb2@group-CF8B7E038937:LeaderElection334] INFO  segmented.SegmentedRaftLogWorker (SegmentedRaftLogWorker.java:startLogSegment(380)) - ab153cfe-456a-45f5-b16c-7616a9ae7eb2@group-CF8B7E038937-SegmentedRaftLogWorker: Starting segment from index:0
2019-09-25 12:07:06,624 [main] INFO  segmented.SegmentedRaftLogWorker (SegmentedRaftLogWorker.java:close(228)) - a18b28f5-0b39-4e24-a9bc-e0bed51b7d30@group-05F52087E514-SegmentedRaftLogWorker close()
2019-09-25 12:07:06,624 [ForkJoinPool.commonPool-worker-0] INFO  segmented.SegmentedRaftLogWorker (SegmentedRaftLogWorker.java:close(228)) - f003a614-b318-424e-95ab-7ad6d1c0d2e6@group-E9EF3B7EB731-SegmentedRaftLogWorker close()
2019-09-25 12:07:06,625 [main] INFO  server.GrpcService (GrpcService.java:closeImpl(164)) - a18b28f5-0b39-4e24-a9bc-e0bed51b7d30: shutdown server with port 44690 now
2019-09-25 12:07:06,625 [ab153cfe-456a-45f5-b16c-7616a9ae7eb2@group-CF8B7E038937:LeaderElection334] INFO  impl.RaftServerImpl (ServerState.java:setRaftConf(354)) - ab153cfe-456a-45f5-b16c-7616a9ae7eb2@group-CF8B7E038937: set configuration 0: [ab153cfe-456a-45f5-b16c-7616a9ae7eb2:192.168.151.73:37661], old=null at 0
2019-09-25 12:07:06,625 [ForkJoinPool.commonPool-worker-0] INFO  server.GrpcService (GrpcService.java:closeImpl(164)) - f003a614-b318-424e-95ab-7ad6d1c0d2e6: shutdown server with port 41092 now
2019-09-25 12:07:06,666 [main] INFO  server.GrpcService (GrpcService.java:closeImpl(172)) - a18b28f5-0b39-4e24-a9bc-e0bed51b7d30: shutdown server with port 44690 successfully
2019-09-25 12:07:06,672 [ab153cfe-456a-45f5-b16c-7616a9ae7eb2@group-C6596CCC7DE9:LeaderElection336] INFO  impl.RoleInfo (RoleInfo.java:updateAndGet(143)) - ab153cfe-456a-45f5-b16c-7616a9ae7eb2: start LeaderState
2019-09-25 12:07:06,671 [ForkJoinPool.commonPool-worker-0] INFO  server.GrpcService (GrpcService.java:closeImpl(172)) - f003a614-b318-424e-95ab-7ad6d1c0d2e6: shutdown server with port 41092 successfully
2019-09-25 12:07:06,672 [ab153cfe-456a-45f5-b16c-7616a9ae7eb2@group-C6596CCC7DE9:LeaderElection336] INFO  segmented.SegmentedRaftLogWorker (SegmentedRaftLogWorker.java:startLogSegment(380)) - ab153cfe-456a-45f5-b16c-7616a9ae7eb2@group-C6596CCC7DE9-SegmentedRaftLogWorker: Starting segment from index:0
2019-09-25 12:07:06,673 [ab153cfe-456a-45f5-b16c-7616a9ae7eb2@group-C6596CCC7DE9:LeaderElection336] INFO  impl.RaftServerImpl (ServerState.java:setRaftConf(354)) - ab153cfe-456a-45f5-b16c-7616a9ae7eb2@group-C6596CCC7DE9: set configuration 0: [ab153cfe-456a-45f5-b16c-7616a9ae7eb2:192.168.151.73:37661], old=null at 0
2019-09-25 12:07:06,673 [refreshUsed-/workdir/hadoop-ozone/integration-test/target/test-dir/MiniOzoneClusterImpl-ed40a7f8-0b2f-4da3-bf53-40ad2b647f29/datanode-4/data/containers] WARN  fs.CachingGetSpaceUsed (CachingGetSpaceUsed.java:run(183)) - Thread Interrupted waiting to refresh disk information: sleep interrupted
2019-09-25 12:07:06,675 [refreshUsed-/workdir/hadoop-ozone/integration-test/target/test-dir/MiniOzoneClusterImpl-ed40a7f8-0b2f-4da3-bf53-40ad2b647f29/datanode-1/data/containers] WARN  fs.CachingGetSpaceUsed (CachingGetSpaceUsed.java:run(183)) - Thread Interrupted waiting to refresh disk information: sleep interrupted
2019-09-25 12:07:06,691 [ForkJoinPool.commonPool-worker-0] INFO  utils.BackgroundService (BackgroundService.java:shutdown(148)) - Shutting down service BlockDeletingService
2019-09-25 12:07:06,723 [ab153cfe-456a-45f5-b16c-7616a9ae7eb2@group-46DA52FD210F-SegmentedRaftLogWorker] INFO  segmented.SegmentedRaftLogWorker (SegmentedRaftLogWorker.java:execute(569)) - ab153cfe-456a-45f5-b16c-7616a9ae7eb2@group-46DA52FD210F-SegmentedRaftLogWorker: created new log segment /workdir/hadoop-ozone/integration-test/target/test-dir/MiniOzoneClusterImpl-ed40a7f8-0b2f-4da3-bf53-40ad2b647f29/datanode-6/data/ratis/961d6eda-12f4-4ae0-8511-46da52fd210f/current/log_inprogress_0
2019-09-25 12:07:06,723 [f4c1a9a1-2d51-404c-8ce9-40a1851b7a0b@group-A6A29066576A-SegmentedRaftLogWorker] INFO  segmented.SegmentedRaftLogWorker (SegmentedRaftLogWorker.java:execute(569)) - f4c1a9a1-2d51-404c-8ce9-40a1851b7a0b@group-A6A29066576A-SegmentedRaftLogWorker: created new log segment /workdir/hadoop-ozone/integration-test/target/test-dir/MiniOzoneClusterImpl-ed40a7f8-0b2f-4da3-bf53-40ad2b647f29/datanode-5/data/ratis/c49c5ba1-d918-4132-b35d-a6a29066576a/current/log_inprogress_0
2019-09-25 12:07:06,723 [f4c1a9a1-2d51-404c-8ce9-40a1851b7a0b@group-F28E30A8329A-SegmentedRaftLogWorker] INFO  segmented.SegmentedRaftLogWorker (SegmentedRaftLogWorker.java:execute(569)) - f4c1a9a1-2d51-404c-8ce9-40a1851b7a0b@group-F28E30A8329A-SegmentedRaftLogWorker: created new log segment /workdir/hadoop-ozone/integration-test/target/test-dir/MiniOzoneClusterImpl-ed40a7f8-0b2f-4da3-bf53-40ad2b647f29/datanode-5/data/ratis/8a0816ff-b773-4e34-bf7d-f28e30a8329a/current/log_inprogress_0
2019-09-25 12:07:06,723 [f4c1a9a1-2d51-404c-8ce9-40a1851b7a0b@group-52B91E0E6B5F-SegmentedRaftLogWorker] INFO  segmented.SegmentedRaftLogWorker (SegmentedRaftLogWorker.java:execute(569)) - f4c1a9a1-2d51-404c-8ce9-40a1851b7a0b@group-52B91E0E6B5F-SegmentedRaftLogWorker: created new log segment /workdir/hadoop-ozone/integration-test/target/test-dir/MiniOzoneClusterImpl-ed40a7f8-0b2f-4da3-bf53-40ad2b647f29/datanode-5/data/ratis/758b19cf-cee9-4700-95b9-52b91e0e6b5f/current/log_inprogress_0
2019-09-25 12:07:06,723 [ab153cfe-456a-45f5-b16c-7616a9ae7eb2@group-CF8B7E038937-SegmentedRaftLogWorker] INFO  segmented.SegmentedRaftLogWorker (SegmentedRaftLogWorker.java:execute(569)) - ab153cfe-456a-45f5-b16c-7616a9ae7eb2@group-CF8B7E038937-SegmentedRaftLogWorker: created new log segment /workdir/hadoop-ozone/integration-test/target/test-dir/MiniOzoneClusterImpl-ed40a7f8-0b2f-4da3-bf53-40ad2b647f29/datanode-6/data/ratis/cccd766d-3847-42e8-b1c8-cf8b7e038937/current/log_inprogress_0
2019-09-25 12:07:06,723 [f4c1a9a1-2d51-404c-8ce9-40a1851b7a0b@group-6782372D9723-SegmentedRaftLogWorker] INFO  segmented.SegmentedRaftLogWorker (SegmentedRaftLogWorker.java:execute(569)) - f4c1a9a1-2d51-404c-8ce9-40a1851b7a0b@group-6782372D9723-SegmentedRaftLogWorker: created new log segment /workdir/hadoop-ozone/integration-test/target/test-dir/MiniOzoneClusterImpl-ed40a7f8-0b2f-4da3-bf53-40ad2b647f29/datanode-5/data/ratis/ead21fee-9514-4368-b0c6-6782372d9723/current/log_inprogress_0
2019-09-25 12:07:06,726 [ForkJoinPool.commonPool-worker-0] INFO  statemachine.DatanodeStateMachine (DatanodeStateMachine.java:stopDaemon(395)) - Ozone container server stopped.
2019-09-25 12:07:06,736 [ab153cfe-456a-45f5-b16c-7616a9ae7eb2@group-C6596CCC7DE9-SegmentedRaftLogWorker] INFO  segmented.SegmentedRaftLogWorker (SegmentedRaftLogWorker.java:execute(569)) - ab153cfe-456a-45f5-b16c-7616a9ae7eb2@group-C6596CCC7DE9-SegmentedRaftLogWorker: created new log segment /workdir/hadoop-ozone/integration-test/target/test-dir/MiniOzoneClusterImpl-ed40a7f8-0b2f-4da3-bf53-40ad2b647f29/datanode-6/data/ratis/4dc31a9c-485f-42bf-9e03-c6596ccc7de9/current/log_inprogress_0
2019-09-25 12:07:06,736 [ForkJoinPool.commonPool-worker-0] INFO  handler.ContextHandler (ContextHandler.java:doStop(910)) - Stopped o.e.j.w.WebAppContext@1a7d0c9f{/,null,UNAVAILABLE}{/hddsDatanode}
2019-09-25 12:07:06,736 [main] INFO  utils.BackgroundService (BackgroundService.java:shutdown(148)) - Shutting down service BlockDeletingService
2019-09-25 12:07:06,737 [ForkJoinPool.commonPool-worker-0] INFO  server.AbstractConnector (AbstractConnector.java:doStop(318)) - Stopped ServerConnector@2b1a901d{HTTP/1.1,[http/1.1]}{0.0.0.0:0}
2019-09-25 12:07:06,748 [main] INFO  statemachine.DatanodeStateMachine (DatanodeStateMachine.java:stopDaemon(395)) - Ozone container server stopped.
2019-09-25 12:07:06,748 [ForkJoinPool.commonPool-worker-0] INFO  handler.ContextHandler (ContextHandler.java:doStop(910)) - Stopped o.e.j.s.ServletContextHandler@61dd1c3d{/static,jar:file:/home/user/.m2/repository/org/apache/hadoop/hadoop-hdds-container-service/0.5.0-SNAPSHOT/hadoop-hdds-container-service-0.5.0-SNAPSHOT.jar!/webapps/static,UNAVAILABLE}
2019-09-25 12:07:06,751 [ForkJoinPool.commonPool-worker-0] INFO  handler.ContextHandler (ContextHandler.java:doStop(910)) - Stopped o.e.j.s.ServletContextHandler@53ba7997{/logs,file:///workdir/hadoop-ozone/integration-test/target/log,UNAVAILABLE}
2019-09-25 12:07:06,751 [main] INFO  handler.ContextHandler (ContextHandler.java:doStop(910)) - Stopped o.e.j.w.WebAppContext@7440265c{/,null,UNAVAILABLE}{/hddsDatanode}
2019-09-25 12:07:06,752 [main] INFO  server.AbstractConnector (AbstractConnector.java:doStop(318)) - Stopped ServerConnector@1d8be7b9{HTTP/1.1,[http/1.1]}{0.0.0.0:0}
2019-09-25 12:07:06,753 [main] INFO  handler.ContextHandler (ContextHandler.java:doStop(910)) - Stopped o.e.j.s.ServletContextHandler@b0d3e7{/static,jar:file:/home/user/.m2/repository/org/apache/hadoop/hadoop-hdds-container-service/0.5.0-SNAPSHOT/hadoop-hdds-container-service-0.5.0-SNAPSHOT.jar!/webapps/static,UNAVAILABLE}
2019-09-25 12:07:06,753 [main] INFO  handler.ContextHandler (ContextHandler.java:doStop(910)) - Stopped o.e.j.s.ServletContextHandler@1c90029b{/logs,file:///workdir/hadoop-ozone/integration-test/target/log,UNAVAILABLE}
2019-09-25 12:07:07,080 [Datanode State Machine Thread - 0] INFO  statemachine.DatanodeStateMachine (DatanodeStateMachine.java:lambda$startDaemon$0(350)) - Ozone container server started.
2019-09-25 12:07:07,085 [Datanode State Machine Thread - 0] INFO  statemachine.DatanodeStateMachine (DatanodeStateMachine.java:lambda$startDaemon$0(350)) - Ozone container server started.
2019-09-25 12:07:11,107 [Thread-4045] INFO  impl.FollowerState (FollowerState.java:run(106)) - 994e134d-9492-4c05-a584-6f6f537d8ad3:group-4C99A22B7C62 changes to CANDIDATE, lastRpcTime:10547, electionTimeout:5023ms
2019-09-25 12:07:11,107 [Thread-4045] INFO  impl.RoleInfo (RoleInfo.java:shutdownFollowerState(121)) - 994e134d-9492-4c05-a584-6f6f537d8ad3: shutdown FollowerState
2019-09-25 12:07:11,107 [Thread-4045] INFO  impl.RaftServerImpl (RaftServerImpl.java:setRole(174)) - 994e134d-9492-4c05-a584-6f6f537d8ad3@group-4C99A22B7C62: changes role from  FOLLOWER to CANDIDATE at term 0 for changeToCandidate
2019-09-25 12:07:11,108 [Thread-4045] INFO  impl.RoleInfo (RoleInfo.java:updateAndGet(143)) - 994e134d-9492-4c05-a584-6f6f537d8ad3: start LeaderElection
2019-09-25 12:07:11,135 [994e134d-9492-4c05-a584-6f6f537d8ad3@group-4C99A22B7C62:LeaderElection337] INFO  impl.LeaderElection (LeaderElection.java:askForVotes(182)) - 994e134d-9492-4c05-a584-6f6f537d8ad3@group-4C99A22B7C62:LeaderElection337: begin an election at term 1 for -1: [994e134d-9492-4c05-a584-6f6f537d8ad3:192.168.151.73:46064], old=null
2019-09-25 12:07:11,135 [994e134d-9492-4c05-a584-6f6f537d8ad3@group-4C99A22B7C62:LeaderElection337] INFO  impl.RoleInfo (RoleInfo.java:shutdownLeaderElection(134)) - 994e134d-9492-4c05-a584-6f6f537d8ad3: shutdown LeaderElection
2019-09-25 12:07:11,135 [994e134d-9492-4c05-a584-6f6f537d8ad3@group-4C99A22B7C62:LeaderElection337] INFO  impl.RaftServerImpl (RaftServerImpl.java:setRole(174)) - 994e134d-9492-4c05-a584-6f6f537d8ad3@group-4C99A22B7C62: changes role from CANDIDATE to LEADER at term 1 for changeToLeader
2019-09-25 12:07:11,136 [994e134d-9492-4c05-a584-6f6f537d8ad3@group-4C99A22B7C62:LeaderElection337] INFO  impl.RaftServerImpl (ServerState.java:setLeader(253)) - 994e134d-9492-4c05-a584-6f6f537d8ad3@group-4C99A22B7C62: change Leader from null to 994e134d-9492-4c05-a584-6f6f537d8ad3 at term 1 for becomeLeader, leader elected after 10582ms
2019-09-25 12:07:11,136 [994e134d-9492-4c05-a584-6f6f537d8ad3@group-4C99A22B7C62:LeaderElection337] INFO  server.RaftServerConfigKeys (ConfUtils.java:logGet(43)) - raft.server.staging.catchup.gap = 1000 (default)
2019-09-25 12:07:11,136 [994e134d-9492-4c05-a584-6f6f537d8ad3@group-4C99A22B7C62:LeaderElection337] INFO  server.RaftServerConfigKeys (ConfUtils.java:logGet(43)) - raft.server.rpc.sleep.time = 25ms (default)
2019-09-25 12:07:11,136 [994e134d-9492-4c05-a584-6f6f537d8ad3@group-4C99A22B7C62:LeaderElection337] INFO  server.RaftServerConfigKeys (ConfUtils.java:logGet(43)) - raft.server.write.element-limit = 4096 (default)
2019-09-25 12:07:11,136 [994e134d-9492-4c05-a584-6f6f537d8ad3@group-4C99A22B7C62:LeaderElection337] INFO  server.RaftServerConfigKeys (ConfUtils.java:logGet(43)) - raft.server.watch.timeout = 10s (default)
2019-09-25 12:07:11,136 [994e134d-9492-4c05-a584-6f6f537d8ad3@group-4C99A22B7C62:LeaderElection337] INFO  server.RaftServerConfigKeys (ConfUtils.java:logGet(43)) - raft.server.watch.timeout.denomination = 1s (default)
2019-09-25 12:07:11,136 [994e134d-9492-4c05-a584-6f6f537d8ad3@group-4C99A22B7C62:LeaderElection337] INFO  server.RaftServerConfigKeys (ConfUtils.java:logGet(43)) - raft.server.watch.element-limit = 65536 (default)
2019-09-25 12:07:11,138 [994e134d-9492-4c05-a584-6f6f537d8ad3@group-4C99A22B7C62:LeaderElection337] INFO  impl.RoleInfo (RoleInfo.java:updateAndGet(143)) - 994e134d-9492-4c05-a584-6f6f537d8ad3: start LeaderState
2019-09-25 12:07:11,138 [994e134d-9492-4c05-a584-6f6f537d8ad3@group-4C99A22B7C62:LeaderElection337] INFO  segmented.SegmentedRaftLogWorker (SegmentedRaftLogWorker.java:startLogSegment(380)) - 994e134d-9492-4c05-a584-6f6f537d8ad3@group-4C99A22B7C62-SegmentedRaftLogWorker: Starting segment from index:0
2019-09-25 12:07:11,139 [994e134d-9492-4c05-a584-6f6f537d8ad3@group-4C99A22B7C62:LeaderElection337] INFO  impl.RaftServerImpl (ServerState.java:setRaftConf(354)) - 994e134d-9492-4c05-a584-6f6f537d8ad3@group-4C99A22B7C62: set configuration 0: [994e134d-9492-4c05-a584-6f6f537d8ad3:192.168.151.73:46064], old=null at 0
2019-09-25 12:07:11,141 [Thread-4036] INFO  impl.FollowerState (FollowerState.java:run(106)) - 994e134d-9492-4c05-a584-6f6f537d8ad3:group-B83A04D9703B changes to CANDIDATE, lastRpcTime:10735, electionTimeout:5057ms
2019-09-25 12:07:11,141 [Thread-4036] INFO  impl.RoleInfo (RoleInfo.java:shutdownFollowerState(121)) - 994e134d-9492-4c05-a584-6f6f537d8ad3: shutdown FollowerState
2019-09-25 12:07:11,141 [Thread-4036] INFO  impl.RaftServerImpl (RaftServerImpl.java:setRole(174)) - 994e134d-9492-4c05-a584-6f6f537d8ad3@group-B83A04D9703B: changes role from  FOLLOWER to CANDIDATE at term 0 for changeToCandidate
2019-09-25 12:07:11,141 [Thread-4036] INFO  impl.RoleInfo (RoleInfo.java:updateAndGet(143)) - 994e134d-9492-4c05-a584-6f6f537d8ad3: start LeaderElection
2019-09-25 12:07:11,155 [994e134d-9492-4c05-a584-6f6f537d8ad3@group-B83A04D9703B:LeaderElection338] INFO  impl.LeaderElection (LeaderElection.java:askForVotes(182)) - 994e134d-9492-4c05-a584-6f6f537d8ad3@group-B83A04D9703B:LeaderElection338: begin an election at term 1 for -1: [994e134d-9492-4c05-a584-6f6f537d8ad3:192.168.151.73:46064], old=null
2019-09-25 12:07:11,155 [994e134d-9492-4c05-a584-6f6f537d8ad3@group-B83A04D9703B:LeaderElection338] INFO  impl.RoleInfo (RoleInfo.java:shutdownLeaderElection(134)) - 994e134d-9492-4c05-a584-6f6f537d8ad3: shutdown LeaderElection
2019-09-25 12:07:11,155 [994e134d-9492-4c05-a584-6f6f537d8ad3@group-B83A04D9703B:LeaderElection338] INFO  impl.RaftServerImpl (RaftServerImpl.java:setRole(174)) - 994e134d-9492-4c05-a584-6f6f537d8ad3@group-B83A04D9703B: changes role from CANDIDATE to LEADER at term 1 for changeToLeader
2019-09-25 12:07:11,155 [994e134d-9492-4c05-a584-6f6f537d8ad3@group-B83A04D9703B:LeaderElection338] INFO  impl.RaftServerImpl (ServerState.java:setLeader(253)) - 994e134d-9492-4c05-a584-6f6f537d8ad3@group-B83A04D9703B: change Leader from null to 994e134d-9492-4c05-a584-6f6f537d8ad3 at term 1 for becomeLeader, leader elected after 10757ms
2019-09-25 12:07:11,156 [994e134d-9492-4c05-a584-6f6f537d8ad3@group-B83A04D9703B:LeaderElection338] INFO  server.RaftServerConfigKeys (ConfUtils.java:logGet(43)) - raft.server.staging.catchup.gap = 1000 (default)
2019-09-25 12:07:11,156 [994e134d-9492-4c05-a584-6f6f537d8ad3@group-B83A04D9703B:LeaderElection338] INFO  server.RaftServerConfigKeys (ConfUtils.java:logGet(43)) - raft.server.rpc.sleep.time = 25ms (default)
2019-09-25 12:07:11,156 [994e134d-9492-4c05-a584-6f6f537d8ad3@group-B83A04D9703B:LeaderElection338] INFO  server.RaftServerConfigKeys (ConfUtils.java:logGet(43)) - raft.server.write.element-limit = 4096 (default)
2019-09-25 12:07:11,156 [994e134d-9492-4c05-a584-6f6f537d8ad3@group-B83A04D9703B:LeaderElection338] INFO  server.RaftServerConfigKeys (ConfUtils.java:logGet(43)) - raft.server.watch.timeout = 10s (default)
2019-09-25 12:07:11,156 [994e134d-9492-4c05-a584-6f6f537d8ad3@group-B83A04D9703B:LeaderElection338] INFO  server.RaftServerConfigKeys (ConfUtils.java:logGet(43)) - raft.server.watch.timeout.denomination = 1s (default)
2019-09-25 12:07:11,156 [994e134d-9492-4c05-a584-6f6f537d8ad3@group-B83A04D9703B:LeaderElection338] INFO  server.RaftServerConfigKeys (ConfUtils.java:logGet(43)) - raft.server.watch.element-limit = 65536 (default)
2019-09-25 12:07:11,158 [994e134d-9492-4c05-a584-6f6f537d8ad3@group-B83A04D9703B:LeaderElection338] INFO  impl.RoleInfo (RoleInfo.java:updateAndGet(143)) - 994e134d-9492-4c05-a584-6f6f537d8ad3: start LeaderState
2019-09-25 12:07:11,158 [994e134d-9492-4c05-a584-6f6f537d8ad3@group-B83A04D9703B:LeaderElection338] INFO  segmented.SegmentedRaftLogWorker (SegmentedRaftLogWorker.java:startLogSegment(380)) - 994e134d-9492-4c05-a584-6f6f537d8ad3@group-B83A04D9703B-SegmentedRaftLogWorker: Starting segment from index:0
2019-09-25 12:07:11,159 [994e134d-9492-4c05-a584-6f6f537d8ad3@group-B83A04D9703B:LeaderElection338] INFO  impl.RaftServerImpl (ServerState.java:setRaftConf(354)) - 994e134d-9492-4c05-a584-6f6f537d8ad3@group-B83A04D9703B: set configuration 0: [994e134d-9492-4c05-a584-6f6f537d8ad3:192.168.151.73:46064], old=null at 0
2019-09-25 12:07:11,173 [EventQueue-StaleNodeForStaleNodeHandler] INFO  node.StaleNodeHandler (StaleNodeHandler.java:onMessage(58)) - Datanode 994e134d-9492-4c05-a584-6f6f537d8ad3{ip: 192.168.151.73, host: pr-hdds-1569-shd4m-3693607622, networkLocation: /default-rack, certSerialId: null} moved to stale state. Finalizing its pipelines [PipelineID=fe15630f-17a8-4e1e-98fe-4b89e0d1de3e, PipelineID=929da6e5-8c07-4286-94cb-39041e56a19c, PipelineID=45c4d2a2-70ef-4a3c-a3b1-30996c969f46, PipelineID=79edbf33-ee48-47c7-ba54-06e1373689ed, PipelineID=61640516-1591-4ecd-a089-b83a04d9703b, PipelineID=b7e4dfb2-7b57-4e57-b289-4c99a22b7c62]
2019-09-25 12:07:11,173 [EventQueue-StaleNodeForStaleNodeHandler] INFO  pipeline.SCMPipelineManager (SCMPipelineManager.java:finalizeAndDestroyPipeline(316)) - destroying pipeline:Pipeline[ Id: fe15630f-17a8-4e1e-98fe-4b89e0d1de3e, Nodes: 994e134d-9492-4c05-a584-6f6f537d8ad3{ip: 192.168.151.73, host: pr-hdds-1569-shd4m-3693607622, networkLocation: /default-rack, certSerialId: null}, Type:RATIS, Factor:ONE, State:OPEN]
2019-09-25 12:07:11,173 [EventQueue-StaleNodeForStaleNodeHandler] INFO  pipeline.PipelineStateManager (PipelineStateManager.java:finalizePipeline(123)) - Pipeline Pipeline[ Id: fe15630f-17a8-4e1e-98fe-4b89e0d1de3e, Nodes: 994e134d-9492-4c05-a584-6f6f537d8ad3{ip: 192.168.151.73, host: pr-hdds-1569-shd4m-3693607622, networkLocation: /default-rack, certSerialId: null}, Type:RATIS, Factor:ONE, State:CLOSED] moved to CLOSED state
2019-09-25 12:07:11,174 [EventQueue-StaleNodeForStaleNodeHandler] INFO  pipeline.SCMPipelineManager (SCMPipelineManager.java:finalizeAndDestroyPipeline(316)) - destroying pipeline:Pipeline[ Id: 929da6e5-8c07-4286-94cb-39041e56a19c, Nodes: 994e134d-9492-4c05-a584-6f6f537d8ad3{ip: 192.168.151.73, host: pr-hdds-1569-shd4m-3693607622, networkLocation: /default-rack, certSerialId: null}, Type:RATIS, Factor:ONE, State:OPEN]
2019-09-25 12:07:11,174 [EventQueue-StaleNodeForStaleNodeHandler] INFO  pipeline.PipelineStateManager (PipelineStateManager.java:finalizePipeline(123)) - Pipeline Pipeline[ Id: 929da6e5-8c07-4286-94cb-39041e56a19c, Nodes: 994e134d-9492-4c05-a584-6f6f537d8ad3{ip: 192.168.151.73, host: pr-hdds-1569-shd4m-3693607622, networkLocation: /default-rack, certSerialId: null}, Type:RATIS, Factor:ONE, State:CLOSED] moved to CLOSED state
2019-09-25 12:07:11,174 [EventQueue-StaleNodeForStaleNodeHandler] INFO  pipeline.SCMPipelineManager (SCMPipelineManager.java:finalizeAndDestroyPipeline(316)) - destroying pipeline:Pipeline[ Id: 45c4d2a2-70ef-4a3c-a3b1-30996c969f46, Nodes: 994e134d-9492-4c05-a584-6f6f537d8ad3{ip: 192.168.151.73, host: pr-hdds-1569-shd4m-3693607622, networkLocation: /default-rack, certSerialId: null}, Type:RATIS, Factor:ONE, State:OPEN]
2019-09-25 12:07:11,174 [EventQueue-StaleNodeForStaleNodeHandler] INFO  pipeline.PipelineStateManager (PipelineStateManager.java:finalizePipeline(123)) - Pipeline Pipeline[ Id: 45c4d2a2-70ef-4a3c-a3b1-30996c969f46, Nodes: 994e134d-9492-4c05-a584-6f6f537d8ad3{ip: 192.168.151.73, host: pr-hdds-1569-shd4m-3693607622, networkLocation: /default-rack, certSerialId: null}, Type:RATIS, Factor:ONE, State:CLOSED] moved to CLOSED state
2019-09-25 12:07:11,174 [EventQueue-StaleNodeForStaleNodeHandler] INFO  pipeline.SCMPipelineManager (SCMPipelineManager.java:finalizeAndDestroyPipeline(316)) - destroying pipeline:Pipeline[ Id: 79edbf33-ee48-47c7-ba54-06e1373689ed, Nodes: 994e134d-9492-4c05-a584-6f6f537d8ad3{ip: 192.168.151.73, host: pr-hdds-1569-shd4m-3693607622, networkLocation: /default-rack, certSerialId: null}, Type:RATIS, Factor:ONE, State:OPEN]
2019-09-25 12:07:11,174 [EventQueue-StaleNodeForStaleNodeHandler] INFO  pipeline.PipelineStateManager (PipelineStateManager.java:finalizePipeline(123)) - Pipeline Pipeline[ Id: 79edbf33-ee48-47c7-ba54-06e1373689ed, Nodes: 994e134d-9492-4c05-a584-6f6f537d8ad3{ip: 192.168.151.73, host: pr-hdds-1569-shd4m-3693607622, networkLocation: /default-rack, certSerialId: null}, Type:RATIS, Factor:ONE, State:CLOSED] moved to CLOSED state
2019-09-25 12:07:11,174 [EventQueue-StaleNodeForStaleNodeHandler] INFO  pipeline.SCMPipelineManager (SCMPipelineManager.java:finalizeAndDestroyPipeline(316)) - destroying pipeline:Pipeline[ Id: 61640516-1591-4ecd-a089-b83a04d9703b, Nodes: 994e134d-9492-4c05-a584-6f6f537d8ad3{ip: 192.168.151.73, host: pr-hdds-1569-shd4m-3693607622, networkLocation: /default-rack, certSerialId: null}, Type:RATIS, Factor:ONE, State:OPEN]
2019-09-25 12:07:11,174 [EventQueue-StaleNodeForStaleNodeHandler] INFO  pipeline.PipelineStateManager (PipelineStateManager.java:finalizePipeline(123)) - Pipeline Pipeline[ Id: 61640516-1591-4ecd-a089-b83a04d9703b, Nodes: 994e134d-9492-4c05-a584-6f6f537d8ad3{ip: 192.168.151.73, host: pr-hdds-1569-shd4m-3693607622, networkLocation: /default-rack, certSerialId: null}, Type:RATIS, Factor:ONE, State:CLOSED] moved to CLOSED state
2019-09-25 12:07:11,175 [EventQueue-StaleNodeForStaleNodeHandler] INFO  pipeline.SCMPipelineManager (SCMPipelineManager.java:finalizeAndDestroyPipeline(316)) - destroying pipeline:Pipeline[ Id: b7e4dfb2-7b57-4e57-b289-4c99a22b7c62, Nodes: 994e134d-9492-4c05-a584-6f6f537d8ad3{ip: 192.168.151.73, host: pr-hdds-1569-shd4m-3693607622, networkLocation: /default-rack, certSerialId: null}, Type:RATIS, Factor:ONE, State:OPEN]
2019-09-25 12:07:11,175 [EventQueue-StaleNodeForStaleNodeHandler] INFO  pipeline.PipelineStateManager (PipelineStateManager.java:finalizePipeline(123)) - Pipeline Pipeline[ Id: b7e4dfb2-7b57-4e57-b289-4c99a22b7c62, Nodes: 994e134d-9492-4c05-a584-6f6f537d8ad3{ip: 192.168.151.73, host: pr-hdds-1569-shd4m-3693607622, networkLocation: /default-rack, certSerialId: null}, Type:RATIS, Factor:ONE, State:CLOSED] moved to CLOSED state
2019-09-25 12:07:11,175 [EventQueue-StaleNodeForStaleNodeHandler] INFO  node.StaleNodeHandler (StaleNodeHandler.java:onMessage(58)) - Datanode a3a55b85-6532-4add-86b9-f60c9f262632{ip: 192.168.151.73, host: pr-hdds-1569-shd4m-3693607622, networkLocation: /default-rack, certSerialId: null} moved to stale state. Finalizing its pipelines [PipelineID=f6e713fe-b6ae-4002-a149-8dc099739ebf, PipelineID=78a7f422-e05c-46fb-a8d1-688106e2a830, PipelineID=ce4f3ea3-afce-4e1f-8e8e-b7a1db7c62ff, PipelineID=eb6314a3-a6f3-4df2-8344-5179d1a1f15c, PipelineID=ba3e57b4-9be8-4a61-a02d-edd36c66781d, PipelineID=5300afc0-392b-495b-97c3-db3aeb408921]
2019-09-25 12:07:11,175 [EventQueue-StaleNodeForStaleNodeHandler] INFO  pipeline.SCMPipelineManager (SCMPipelineManager.java:finalizeAndDestroyPipeline(316)) - destroying pipeline:Pipeline[ Id: f6e713fe-b6ae-4002-a149-8dc099739ebf, Nodes: a3a55b85-6532-4add-86b9-f60c9f262632{ip: 192.168.151.73, host: pr-hdds-1569-shd4m-3693607622, networkLocation: /default-rack, certSerialId: null}, Type:RATIS, Factor:ONE, State:OPEN]
2019-09-25 12:07:11,175 [EventQueue-StaleNodeForStaleNodeHandler] INFO  pipeline.PipelineStateManager (PipelineStateManager.java:finalizePipeline(123)) - Pipeline Pipeline[ Id: f6e713fe-b6ae-4002-a149-8dc099739ebf, Nodes: a3a55b85-6532-4add-86b9-f60c9f262632{ip: 192.168.151.73, host: pr-hdds-1569-shd4m-3693607622, networkLocation: /default-rack, certSerialId: null}, Type:RATIS, Factor:ONE, State:CLOSED] moved to CLOSED state
2019-09-25 12:07:11,175 [EventQueue-StaleNodeForStaleNodeHandler] INFO  pipeline.SCMPipelineManager (SCMPipelineManager.java:finalizeAndDestroyPipeline(316)) - destroying pipeline:Pipeline[ Id: 78a7f422-e05c-46fb-a8d1-688106e2a830, Nodes: a3a55b85-6532-4add-86b9-f60c9f262632{ip: 192.168.151.73, host: pr-hdds-1569-shd4m-3693607622, networkLocation: /default-rack, certSerialId: null}, Type:RATIS, Factor:ONE, State:OPEN]
2019-09-25 12:07:11,175 [EventQueue-StaleNodeForStaleNodeHandler] INFO  pipeline.PipelineStateManager (PipelineStateManager.java:finalizePipeline(123)) - Pipeline Pipeline[ Id: 78a7f422-e05c-46fb-a8d1-688106e2a830, Nodes: a3a55b85-6532-4add-86b9-f60c9f262632{ip: 192.168.151.73, host: pr-hdds-1569-shd4m-3693607622, networkLocation: /default-rack, certSerialId: null}, Type:RATIS, Factor:ONE, State:CLOSED] moved to CLOSED state
2019-09-25 12:07:11,175 [EventQueue-StaleNodeForStaleNodeHandler] INFO  pipeline.SCMPipelineManager (SCMPipelineManager.java:finalizeAndDestroyPipeline(316)) - destroying pipeline:Pipeline[ Id: ce4f3ea3-afce-4e1f-8e8e-b7a1db7c62ff, Nodes: a3a55b85-6532-4add-86b9-f60c9f262632{ip: 192.168.151.73, host: pr-hdds-1569-shd4m-3693607622, networkLocation: /default-rack, certSerialId: null}, Type:RATIS, Factor:ONE, State:OPEN]
2019-09-25 12:07:11,176 [EventQueue-StaleNodeForStaleNodeHandler] INFO  pipeline.PipelineStateManager (PipelineStateManager.java:finalizePipeline(123)) - Pipeline Pipeline[ Id: ce4f3ea3-afce-4e1f-8e8e-b7a1db7c62ff, Nodes: a3a55b85-6532-4add-86b9-f60c9f262632{ip: 192.168.151.73, host: pr-hdds-1569-shd4m-3693607622, networkLocation: /default-rack, certSerialId: null}, Type:RATIS, Factor:ONE, State:CLOSED] moved to CLOSED state
2019-09-25 12:07:11,176 [EventQueue-StaleNodeForStaleNodeHandler] INFO  pipeline.SCMPipelineManager (SCMPipelineManager.java:finalizeAndDestroyPipeline(316)) - destroying pipeline:Pipeline[ Id: eb6314a3-a6f3-4df2-8344-5179d1a1f15c, Nodes: a3a55b85-6532-4add-86b9-f60c9f262632{ip: 192.168.151.73, host: pr-hdds-1569-shd4m-3693607622, networkLocation: /default-rack, certSerialId: null}, Type:RATIS, Factor:ONE, State:OPEN]
2019-09-25 12:07:11,176 [EventQueue-StaleNodeForStaleNodeHandler] INFO  pipeline.PipelineStateManager (PipelineStateManager.java:finalizePipeline(123)) - Pipeline Pipeline[ Id: eb6314a3-a6f3-4df2-8344-5179d1a1f15c, Nodes: a3a55b85-6532-4add-86b9-f60c9f262632{ip: 192.168.151.73, host: pr-hdds-1569-shd4m-3693607622, networkLocation: /default-rack, certSerialId: null}, Type:RATIS, Factor:ONE, State:CLOSED] moved to CLOSED state
2019-09-25 12:07:11,176 [EventQueue-StaleNodeForStaleNodeHandler] INFO  pipeline.SCMPipelineManager (SCMPipelineManager.java:finalizeAndDestroyPipeline(316)) - destroying pipeline:Pipeline[ Id: ba3e57b4-9be8-4a61-a02d-edd36c66781d, Nodes: a3a55b85-6532-4add-86b9-f60c9f262632{ip: 192.168.151.73, host: pr-hdds-1569-shd4m-3693607622, networkLocation: /default-rack, certSerialId: null}, Type:RATIS, Factor:ONE, State:OPEN]
2019-09-25 12:07:11,176 [EventQueue-StaleNodeForStaleNodeHandler] INFO  pipeline.PipelineStateManager (PipelineStateManager.java:finalizePipeline(123)) - Pipeline Pipeline[ Id: ba3e57b4-9be8-4a61-a02d-edd36c66781d, Nodes: a3a55b85-6532-4add-86b9-f60c9f262632{ip: 192.168.151.73, host: pr-hdds-1569-shd4m-3693607622, networkLocation: /default-rack, certSerialId: null}, Type:RATIS, Factor:ONE, State:CLOSED] moved to CLOSED state
2019-09-25 12:07:11,176 [EventQueue-StaleNodeForStaleNodeHandler] INFO  pipeline.SCMPipelineManager (SCMPipelineManager.java:finalizeAndDestroyPipeline(316)) - destroying pipeline:Pipeline[ Id: 5300afc0-392b-495b-97c3-db3aeb408921, Nodes: a3a55b85-6532-4add-86b9-f60c9f262632{ip: 192.168.151.73, host: pr-hdds-1569-shd4m-3693607622, networkLocation: /default-rack, certSerialId: null}, Type:RATIS, Factor:ONE, State:OPEN]
2019-09-25 12:07:11,176 [EventQueue-StaleNodeForStaleNodeHandler] INFO  pipeline.PipelineStateManager (PipelineStateManager.java:finalizePipeline(123)) - Pipeline Pipeline[ Id: 5300afc0-392b-495b-97c3-db3aeb408921, Nodes: a3a55b85-6532-4add-86b9-f60c9f262632{ip: 192.168.151.73, host: pr-hdds-1569-shd4m-3693607622, networkLocation: /default-rack, certSerialId: null}, Type:RATIS, Factor:ONE, State:CLOSED] moved to CLOSED state
2019-09-25 12:07:11,190 [994e134d-9492-4c05-a584-6f6f537d8ad3@group-4C99A22B7C62-SegmentedRaftLogWorker] INFO  segmented.SegmentedRaftLogWorker (SegmentedRaftLogWorker.java:execute(569)) - 994e134d-9492-4c05-a584-6f6f537d8ad3@group-4C99A22B7C62-SegmentedRaftLogWorker: created new log segment /workdir/hadoop-ozone/integration-test/target/test-dir/MiniOzoneClusterImpl-ed40a7f8-0b2f-4da3-bf53-40ad2b647f29/datanode-3/data/ratis/b7e4dfb2-7b57-4e57-b289-4c99a22b7c62/current/log_inprogress_0
2019-09-25 12:07:11,229 [994e134d-9492-4c05-a584-6f6f537d8ad3@group-B83A04D9703B-SegmentedRaftLogWorker] INFO  segmented.SegmentedRaftLogWorker (SegmentedRaftLogWorker.java:execute(569)) - 994e134d-9492-4c05-a584-6f6f537d8ad3@group-B83A04D9703B-SegmentedRaftLogWorker: created new log segment /workdir/hadoop-ozone/integration-test/target/test-dir/MiniOzoneClusterImpl-ed40a7f8-0b2f-4da3-bf53-40ad2b647f29/datanode-3/data/ratis/61640516-1591-4ecd-a089-b83a04d9703b/current/log_inprogress_0
2019-09-25 12:07:11,752 [ForkJoinPool.commonPool-worker-0] INFO  ozoneimpl.OzoneContainer (OzoneContainer.java:stop(231)) - Attempting to stop container services.
2019-09-25 12:07:11,753 [ForkJoinPool.commonPool-worker-0] INFO  impl.RaftServerProxy (RaftServerProxy.java:lambda$close$4(314)) - a3a55b85-6532-4add-86b9-f60c9f262632: close
2019-09-25 12:07:11,753 [ForkJoinPool.commonPool-worker-0] INFO  impl.RaftServerImpl (RaftServerImpl.java:lambda$shutdown$3(251)) - a3a55b85-6532-4add-86b9-f60c9f262632@group-EDD36C66781D: shutdown
2019-09-25 12:07:11,759 [ForkJoinPool.commonPool-worker-0] INFO  util.JmxRegister (JmxRegister.java:unregister(73)) - Successfully un-registered JMX Bean with object name Ratis:service=RaftServer,group=group-EDD36C66781D,id=a3a55b85-6532-4add-86b9-f60c9f262632
2019-09-25 12:07:11,759 [main] INFO  ozoneimpl.OzoneContainer (OzoneContainer.java:stop(231)) - Attempting to stop container services.
2019-09-25 12:07:11,760 [ForkJoinPool.commonPool-worker-0] INFO  impl.RoleInfo (RoleInfo.java:shutdownLeaderState(104)) - a3a55b85-6532-4add-86b9-f60c9f262632: shutdown LeaderState
2019-09-25 12:07:11,760 [main] INFO  impl.RaftServerProxy (RaftServerProxy.java:lambda$close$4(314)) - 994e134d-9492-4c05-a584-6f6f537d8ad3: close
2019-09-25 12:07:11,761 [ForkJoinPool.commonPool-worker-0] INFO  impl.PendingRequests (PendingRequests.java:sendNotLeaderResponses(202)) - a3a55b85-6532-4add-86b9-f60c9f262632-PendingRequests: sendNotLeaderResponses
2019-09-25 12:07:11,761 [main] INFO  impl.RaftServerImpl (RaftServerImpl.java:lambda$shutdown$3(251)) - 994e134d-9492-4c05-a584-6f6f537d8ad3@group-4B89E0D1DE3E: shutdown
2019-09-25 12:07:11,761 [ForkJoinPool.commonPool-worker-0] INFO  impl.StateMachineUpdater (StateMachineUpdater.java:stopAndJoin(125)) - a3a55b85-6532-4add-86b9-f60c9f262632@group-EDD36C66781D-StateMachineUpdater: set stopIndex = 0
2019-09-25 12:07:11,762 [main] INFO  util.JmxRegister (JmxRegister.java:unregister(73)) - Successfully un-registered JMX Bean with object name Ratis:service=RaftServer,group=group-4B89E0D1DE3E,id=994e134d-9492-4c05-a584-6f6f537d8ad3
2019-09-25 12:07:11,763 [main] INFO  impl.RoleInfo (RoleInfo.java:shutdownLeaderState(104)) - 994e134d-9492-4c05-a584-6f6f537d8ad3: shutdown LeaderState
2019-09-25 12:07:11,762 [ForkJoinPool.commonPool-worker-0] INFO  impl.RaftServerImpl (ServerState.java:close(385)) - a3a55b85-6532-4add-86b9-f60c9f262632@group-EDD36C66781D: closes. applyIndex: 0
2019-09-25 12:07:11,763 [main] INFO  impl.PendingRequests (PendingRequests.java:sendNotLeaderResponses(202)) - 994e134d-9492-4c05-a584-6f6f537d8ad3-PendingRequests: sendNotLeaderResponses
2019-09-25 12:07:11,763 [a3a55b85-6532-4add-86b9-f60c9f262632@group-EDD36C66781D-SegmentedRaftLogWorker] INFO  segmented.SegmentedRaftLogWorker (SegmentedRaftLogWorker.java:run(313)) - a3a55b85-6532-4add-86b9-f60c9f262632@group-EDD36C66781D-SegmentedRaftLogWorker was interrupted, exiting. There are 0 tasks remaining in the queue.
2019-09-25 12:07:11,764 [main] INFO  impl.StateMachineUpdater (StateMachineUpdater.java:stopAndJoin(125)) - 994e134d-9492-4c05-a584-6f6f537d8ad3@group-4B89E0D1DE3E-StateMachineUpdater: set stopIndex = 0
2019-09-25 12:07:11,764 [ForkJoinPool.commonPool-worker-0] INFO  segmented.SegmentedRaftLogWorker (SegmentedRaftLogWorker.java:close(228)) - a3a55b85-6532-4add-86b9-f60c9f262632@group-EDD36C66781D-SegmentedRaftLogWorker close()
2019-09-25 12:07:11,764 [main] INFO  impl.RaftServerImpl (ServerState.java:close(385)) - 994e134d-9492-4c05-a584-6f6f537d8ad3@group-4B89E0D1DE3E: closes. applyIndex: 0
2019-09-25 12:07:11,765 [ForkJoinPool.commonPool-worker-0] INFO  impl.RaftServerImpl (RaftServerImpl.java:lambda$shutdown$3(251)) - a3a55b85-6532-4add-86b9-f60c9f262632@group-8DC099739EBF: shutdown
2019-09-25 12:07:11,765 [994e134d-9492-4c05-a584-6f6f537d8ad3@group-4B89E0D1DE3E-SegmentedRaftLogWorker] INFO  segmented.SegmentedRaftLogWorker (SegmentedRaftLogWorker.java:run(313)) - 994e134d-9492-4c05-a584-6f6f537d8ad3@group-4B89E0D1DE3E-SegmentedRaftLogWorker was interrupted, exiting. There are 0 tasks remaining in the queue.
2019-09-25 12:07:11,765 [ForkJoinPool.commonPool-worker-0] INFO  util.JmxRegister (JmxRegister.java:unregister(73)) - Successfully un-registered JMX Bean with object name Ratis:service=RaftServer,group=group-8DC099739EBF,id=a3a55b85-6532-4add-86b9-f60c9f262632
2019-09-25 12:07:11,766 [main] INFO  segmented.SegmentedRaftLogWorker (SegmentedRaftLogWorker.java:close(228)) - 994e134d-9492-4c05-a584-6f6f537d8ad3@group-4B89E0D1DE3E-SegmentedRaftLogWorker close()
2019-09-25 12:07:11,766 [ForkJoinPool.commonPool-worker-0] INFO  impl.RoleInfo (RoleInfo.java:shutdownLeaderState(104)) - a3a55b85-6532-4add-86b9-f60c9f262632: shutdown LeaderState
2019-09-25 12:07:11,766 [main] INFO  impl.RaftServerImpl (RaftServerImpl.java:lambda$shutdown$3(251)) - 994e134d-9492-4c05-a584-6f6f537d8ad3@group-39041E56A19C: shutdown
2019-09-25 12:07:11,767 [main] INFO  util.JmxRegister (JmxRegister.java:unregister(73)) - Successfully un-registered JMX Bean with object name Ratis:service=RaftServer,group=group-39041E56A19C,id=994e134d-9492-4c05-a584-6f6f537d8ad3
2019-09-25 12:07:11,768 [main] INFO  impl.RoleInfo (RoleInfo.java:shutdownLeaderState(104)) - 994e134d-9492-4c05-a584-6f6f537d8ad3: shutdown LeaderState
2019-09-25 12:07:11,767 [ForkJoinPool.commonPool-worker-0] INFO  impl.PendingRequests (PendingRequests.java:sendNotLeaderResponses(202)) - a3a55b85-6532-4add-86b9-f60c9f262632-PendingRequests: sendNotLeaderResponses
2019-09-25 12:07:11,768 [main] INFO  impl.PendingRequests (PendingRequests.java:sendNotLeaderResponses(202)) - 994e134d-9492-4c05-a584-6f6f537d8ad3-PendingRequests: sendNotLeaderResponses
2019-09-25 12:07:11,768 [ForkJoinPool.commonPool-worker-0] INFO  impl.StateMachineUpdater (StateMachineUpdater.java:stopAndJoin(125)) - a3a55b85-6532-4add-86b9-f60c9f262632@group-8DC099739EBF-StateMachineUpdater: set stopIndex = 0
2019-09-25 12:07:11,769 [ForkJoinPool.commonPool-worker-0] INFO  impl.RaftServerImpl (ServerState.java:close(385)) - a3a55b85-6532-4add-86b9-f60c9f262632@group-8DC099739EBF: closes. applyIndex: 0
2019-09-25 12:07:11,769 [main] INFO  impl.StateMachineUpdater (StateMachineUpdater.java:stopAndJoin(125)) - 994e134d-9492-4c05-a584-6f6f537d8ad3@group-39041E56A19C-StateMachineUpdater: set stopIndex = 0
2019-09-25 12:07:11,770 [main] INFO  impl.RaftServerImpl (ServerState.java:close(385)) - 994e134d-9492-4c05-a584-6f6f537d8ad3@group-39041E56A19C: closes. applyIndex: 0
2019-09-25 12:07:11,769 [a3a55b85-6532-4add-86b9-f60c9f262632@group-8DC099739EBF-SegmentedRaftLogWorker] INFO  segmented.SegmentedRaftLogWorker (SegmentedRaftLogWorker.java:run(313)) - a3a55b85-6532-4add-86b9-f60c9f262632@group-8DC099739EBF-SegmentedRaftLogWorker was interrupted, exiting. There are 0 tasks remaining in the queue.
2019-09-25 12:07:11,770 [994e134d-9492-4c05-a584-6f6f537d8ad3@group-39041E56A19C-SegmentedRaftLogWorker] INFO  segmented.SegmentedRaftLogWorker (SegmentedRaftLogWorker.java:run(313)) - 994e134d-9492-4c05-a584-6f6f537d8ad3@group-39041E56A19C-SegmentedRaftLogWorker was interrupted, exiting. There are 0 tasks remaining in the queue.
2019-09-25 12:07:11,770 [ForkJoinPool.commonPool-worker-0] INFO  segmented.SegmentedRaftLogWorker (SegmentedRaftLogWorker.java:close(228)) - a3a55b85-6532-4add-86b9-f60c9f262632@group-8DC099739EBF-SegmentedRaftLogWorker close()
2019-09-25 12:07:11,771 [main] INFO  segmented.SegmentedRaftLogWorker (SegmentedRaftLogWorker.java:close(228)) - 994e134d-9492-4c05-a584-6f6f537d8ad3@group-39041E56A19C-SegmentedRaftLogWorker close()
2019-09-25 12:07:11,771 [ForkJoinPool.commonPool-worker-0] INFO  impl.RaftServerImpl (RaftServerImpl.java:lambda$shutdown$3(251)) - a3a55b85-6532-4add-86b9-f60c9f262632@group-688106E2A830: shutdown
2019-09-25 12:07:11,771 [main] INFO  impl.RaftServerImpl (RaftServerImpl.java:lambda$shutdown$3(251)) - 994e134d-9492-4c05-a584-6f6f537d8ad3@group-30996C969F46: shutdown
2019-09-25 12:07:11,772 [main] INFO  util.JmxRegister (JmxRegister.java:unregister(73)) - Successfully un-registered JMX Bean with object name Ratis:service=RaftServer,group=group-30996C969F46,id=994e134d-9492-4c05-a584-6f6f537d8ad3
2019-09-25 12:07:11,772 [main] INFO  impl.RoleInfo (RoleInfo.java:shutdownLeaderState(104)) - 994e134d-9492-4c05-a584-6f6f537d8ad3: shutdown LeaderState
2019-09-25 12:07:11,772 [ForkJoinPool.commonPool-worker-0] INFO  util.JmxRegister (JmxRegister.java:unregister(73)) - Successfully un-registered JMX Bean with object name Ratis:service=RaftServer,group=group-688106E2A830,id=a3a55b85-6532-4add-86b9-f60c9f262632
2019-09-25 12:07:11,773 [main] INFO  impl.PendingRequests (PendingRequests.java:sendNotLeaderResponses(202)) - 994e134d-9492-4c05-a584-6f6f537d8ad3-PendingRequests: sendNotLeaderResponses
2019-09-25 12:07:11,773 [ForkJoinPool.commonPool-worker-0] INFO  impl.RoleInfo (RoleInfo.java:shutdownLeaderState(104)) - a3a55b85-6532-4add-86b9-f60c9f262632: shutdown LeaderState
2019-09-25 12:07:11,774 [main] INFO  impl.StateMachineUpdater (StateMachineUpdater.java:stopAndJoin(125)) - 994e134d-9492-4c05-a584-6f6f537d8ad3@group-30996C969F46-StateMachineUpdater: set stopIndex = 0
2019-09-25 12:07:11,775 [main] INFO  impl.RaftServerImpl (ServerState.java:close(385)) - 994e134d-9492-4c05-a584-6f6f537d8ad3@group-30996C969F46: closes. applyIndex: 0
2019-09-25 12:07:11,774 [ForkJoinPool.commonPool-worker-0] INFO  impl.PendingRequests (PendingRequests.java:sendNotLeaderResponses(202)) - a3a55b85-6532-4add-86b9-f60c9f262632-PendingRequests: sendNotLeaderResponses
2019-09-25 12:07:11,775 [994e134d-9492-4c05-a584-6f6f537d8ad3@group-30996C969F46-SegmentedRaftLogWorker] INFO  segmented.SegmentedRaftLogWorker (SegmentedRaftLogWorker.java:run(313)) - 994e134d-9492-4c05-a584-6f6f537d8ad3@group-30996C969F46-SegmentedRaftLogWorker was interrupted, exiting. There are 0 tasks remaining in the queue.
2019-09-25 12:07:11,775 [ForkJoinPool.commonPool-worker-0] INFO  impl.StateMachineUpdater (StateMachineUpdater.java:stopAndJoin(125)) - a3a55b85-6532-4add-86b9-f60c9f262632@group-688106E2A830-StateMachineUpdater: set stopIndex = 0
2019-09-25 12:07:11,776 [ForkJoinPool.commonPool-worker-0] INFO  impl.RaftServerImpl (ServerState.java:close(385)) - a3a55b85-6532-4add-86b9-f60c9f262632@group-688106E2A830: closes. applyIndex: 0
2019-09-25 12:07:11,775 [main] INFO  segmented.SegmentedRaftLogWorker (SegmentedRaftLogWorker.java:close(228)) - 994e134d-9492-4c05-a584-6f6f537d8ad3@group-30996C969F46-SegmentedRaftLogWorker close()
2019-09-25 12:07:11,776 [a3a55b85-6532-4add-86b9-f60c9f262632@group-688106E2A830-SegmentedRaftLogWorker] INFO  segmented.SegmentedRaftLogWorker (SegmentedRaftLogWorker.java:run(313)) - a3a55b85-6532-4add-86b9-f60c9f262632@group-688106E2A830-SegmentedRaftLogWorker was interrupted, exiting. There are 0 tasks remaining in the queue.
2019-09-25 12:07:11,776 [main] INFO  impl.RaftServerImpl (RaftServerImpl.java:lambda$shutdown$3(251)) - 994e134d-9492-4c05-a584-6f6f537d8ad3@group-06E1373689ED: shutdown
2019-09-25 12:07:11,777 [ForkJoinPool.commonPool-worker-0] INFO  segmented.SegmentedRaftLogWorker (SegmentedRaftLogWorker.java:close(228)) - a3a55b85-6532-4add-86b9-f60c9f262632@group-688106E2A830-SegmentedRaftLogWorker close()
2019-09-25 12:07:11,777 [main] INFO  util.JmxRegister (JmxRegister.java:unregister(73)) - Successfully un-registered JMX Bean with object name Ratis:service=RaftServer,group=group-06E1373689ED,id=994e134d-9492-4c05-a584-6f6f537d8ad3
2019-09-25 12:07:11,778 [main] INFO  impl.RoleInfo (RoleInfo.java:shutdownLeaderState(104)) - 994e134d-9492-4c05-a584-6f6f537d8ad3: shutdown LeaderState
2019-09-25 12:07:11,777 [ForkJoinPool.commonPool-worker-0] INFO  impl.RaftServerImpl (RaftServerImpl.java:lambda$shutdown$3(251)) - a3a55b85-6532-4add-86b9-f60c9f262632@group-B7A1DB7C62FF: shutdown
2019-09-25 12:07:11,778 [main] INFO  impl.PendingRequests (PendingRequests.java:sendNotLeaderResponses(202)) - 994e134d-9492-4c05-a584-6f6f537d8ad3-PendingRequests: sendNotLeaderResponses
2019-09-25 12:07:11,778 [ForkJoinPool.commonPool-worker-0] INFO  util.JmxRegister (JmxRegister.java:unregister(73)) - Successfully un-registered JMX Bean with object name Ratis:service=RaftServer,group=group-B7A1DB7C62FF,id=a3a55b85-6532-4add-86b9-f60c9f262632
2019-09-25 12:07:11,779 [main] INFO  impl.StateMachineUpdater (StateMachineUpdater.java:stopAndJoin(125)) - 994e134d-9492-4c05-a584-6f6f537d8ad3@group-06E1373689ED-StateMachineUpdater: set stopIndex = 0
2019-09-25 12:07:11,779 [main] INFO  impl.RaftServerImpl (ServerState.java:close(385)) - 994e134d-9492-4c05-a584-6f6f537d8ad3@group-06E1373689ED: closes. applyIndex: 0
2019-09-25 12:07:11,779 [ForkJoinPool.commonPool-worker-0] INFO  impl.RoleInfo (RoleInfo.java:shutdownLeaderState(104)) - a3a55b85-6532-4add-86b9-f60c9f262632: shutdown LeaderState
2019-09-25 12:07:11,780 [994e134d-9492-4c05-a584-6f6f537d8ad3@group-06E1373689ED-SegmentedRaftLogWorker] INFO  segmented.SegmentedRaftLogWorker (SegmentedRaftLogWorker.java:run(313)) - 994e134d-9492-4c05-a584-6f6f537d8ad3@group-06E1373689ED-SegmentedRaftLogWorker was interrupted, exiting. There are 0 tasks remaining in the queue.
2019-09-25 12:07:11,780 [ForkJoinPool.commonPool-worker-0] INFO  impl.PendingRequests (PendingRequests.java:sendNotLeaderResponses(202)) - a3a55b85-6532-4add-86b9-f60c9f262632-PendingRequests: sendNotLeaderResponses
2019-09-25 12:07:11,780 [main] INFO  segmented.SegmentedRaftLogWorker (SegmentedRaftLogWorker.java:close(228)) - 994e134d-9492-4c05-a584-6f6f537d8ad3@group-06E1373689ED-SegmentedRaftLogWorker close()
2019-09-25 12:07:11,781 [main] INFO  impl.RaftServerImpl (RaftServerImpl.java:lambda$shutdown$3(251)) - 994e134d-9492-4c05-a584-6f6f537d8ad3@group-B83A04D9703B: shutdown
2019-09-25 12:07:11,781 [main] INFO  util.JmxRegister (JmxRegister.java:unregister(73)) - Successfully un-registered JMX Bean with object name Ratis:service=RaftServer,group=group-B83A04D9703B,id=994e134d-9492-4c05-a584-6f6f537d8ad3
2019-09-25 12:07:11,782 [main] INFO  impl.RoleInfo (RoleInfo.java:shutdownLeaderState(104)) - 994e134d-9492-4c05-a584-6f6f537d8ad3: shutdown LeaderState
2019-09-25 12:07:11,781 [ForkJoinPool.commonPool-worker-0] INFO  impl.StateMachineUpdater (StateMachineUpdater.java:stopAndJoin(125)) - a3a55b85-6532-4add-86b9-f60c9f262632@group-B7A1DB7C62FF-StateMachineUpdater: set stopIndex = 0
2019-09-25 12:07:11,782 [main] INFO  impl.PendingRequests (PendingRequests.java:sendNotLeaderResponses(202)) - 994e134d-9492-4c05-a584-6f6f537d8ad3-PendingRequests: sendNotLeaderResponses
2019-09-25 12:07:11,783 [ForkJoinPool.commonPool-worker-0] INFO  impl.RaftServerImpl (ServerState.java:close(385)) - a3a55b85-6532-4add-86b9-f60c9f262632@group-B7A1DB7C62FF: closes. applyIndex: 0
2019-09-25 12:07:11,783 [main] INFO  impl.StateMachineUpdater (StateMachineUpdater.java:stopAndJoin(125)) - 994e134d-9492-4c05-a584-6f6f537d8ad3@group-B83A04D9703B-StateMachineUpdater: set stopIndex = 0
2019-09-25 12:07:11,784 [main] INFO  impl.RaftServerImpl (ServerState.java:close(385)) - 994e134d-9492-4c05-a584-6f6f537d8ad3@group-B83A04D9703B: closes. applyIndex: 0
2019-09-25 12:07:11,783 [a3a55b85-6532-4add-86b9-f60c9f262632@group-B7A1DB7C62FF-SegmentedRaftLogWorker] INFO  segmented.SegmentedRaftLogWorker (SegmentedRaftLogWorker.java:run(313)) - a3a55b85-6532-4add-86b9-f60c9f262632@group-B7A1DB7C62FF-SegmentedRaftLogWorker was interrupted, exiting. There are 0 tasks remaining in the queue.
2019-09-25 12:07:11,784 [994e134d-9492-4c05-a584-6f6f537d8ad3@group-B83A04D9703B-SegmentedRaftLogWorker] INFO  segmented.SegmentedRaftLogWorker (SegmentedRaftLogWorker.java:run(313)) - 994e134d-9492-4c05-a584-6f6f537d8ad3@group-B83A04D9703B-SegmentedRaftLogWorker was interrupted, exiting. There are 0 tasks remaining in the queue.
2019-09-25 12:07:11,784 [ForkJoinPool.commonPool-worker-0] INFO  segmented.SegmentedRaftLogWorker (SegmentedRaftLogWorker.java:close(228)) - a3a55b85-6532-4add-86b9-f60c9f262632@group-B7A1DB7C62FF-SegmentedRaftLogWorker close()
2019-09-25 12:07:11,784 [main] INFO  segmented.SegmentedRaftLogWorker (SegmentedRaftLogWorker.java:close(228)) - 994e134d-9492-4c05-a584-6f6f537d8ad3@group-B83A04D9703B-SegmentedRaftLogWorker close()
2019-09-25 12:07:11,785 [main] INFO  impl.RaftServerImpl (RaftServerImpl.java:lambda$shutdown$3(251)) - 994e134d-9492-4c05-a584-6f6f537d8ad3@group-4C99A22B7C62: shutdown
2019-09-25 12:07:11,786 [main] INFO  util.JmxRegister (JmxRegister.java:unregister(73)) - Successfully un-registered JMX Bean with object name Ratis:service=RaftServer,group=group-4C99A22B7C62,id=994e134d-9492-4c05-a584-6f6f537d8ad3
2019-09-25 12:07:11,786 [main] INFO  impl.RoleInfo (RoleInfo.java:shutdownLeaderState(104)) - 994e134d-9492-4c05-a584-6f6f537d8ad3: shutdown LeaderState
2019-09-25 12:07:11,785 [ForkJoinPool.commonPool-worker-0] INFO  impl.RaftServerImpl (RaftServerImpl.java:lambda$shutdown$3(251)) - a3a55b85-6532-4add-86b9-f60c9f262632@group-5179D1A1F15C: shutdown
2019-09-25 12:07:11,786 [main] INFO  impl.PendingRequests (PendingRequests.java:sendNotLeaderResponses(202)) - 994e134d-9492-4c05-a584-6f6f537d8ad3-PendingRequests: sendNotLeaderResponses
2019-09-25 12:07:11,787 [ForkJoinPool.commonPool-worker-0] INFO  util.JmxRegister (JmxRegister.java:unregister(73)) - Successfully un-registered JMX Bean with object name Ratis:service=RaftServer,group=group-5179D1A1F15C,id=a3a55b85-6532-4add-86b9-f60c9f262632
2019-09-25 12:07:11,787 [main] INFO  impl.StateMachineUpdater (StateMachineUpdater.java:stopAndJoin(125)) - 994e134d-9492-4c05-a584-6f6f537d8ad3@group-4C99A22B7C62-StateMachineUpdater: set stopIndex = 0
2019-09-25 12:07:11,788 [main] INFO  impl.RaftServerImpl (ServerState.java:close(385)) - 994e134d-9492-4c05-a584-6f6f537d8ad3@group-4C99A22B7C62: closes. applyIndex: 0
2019-09-25 12:07:11,787 [ForkJoinPool.commonPool-worker-0] INFO  impl.RoleInfo (RoleInfo.java:shutdownLeaderState(104)) - a3a55b85-6532-4add-86b9-f60c9f262632: shutdown LeaderState
2019-09-25 12:07:11,788 [994e134d-9492-4c05-a584-6f6f537d8ad3@group-4C99A22B7C62-SegmentedRaftLogWorker] INFO  segmented.SegmentedRaftLogWorker (SegmentedRaftLogWorker.java:run(313)) - 994e134d-9492-4c05-a584-6f6f537d8ad3@group-4C99A22B7C62-SegmentedRaftLogWorker was interrupted, exiting. There are 0 tasks remaining in the queue.
2019-09-25 12:07:11,788 [ForkJoinPool.commonPool-worker-0] INFO  impl.PendingRequests (PendingRequests.java:sendNotLeaderResponses(202)) - a3a55b85-6532-4add-86b9-f60c9f262632-PendingRequests: sendNotLeaderResponses
2019-09-25 12:07:11,788 [main] INFO  segmented.SegmentedRaftLogWorker (SegmentedRaftLogWorker.java:close(228)) - 994e134d-9492-4c05-a584-6f6f537d8ad3@group-4C99A22B7C62-SegmentedRaftLogWorker close()
2019-09-25 12:07:11,789 [ForkJoinPool.commonPool-worker-0] INFO  impl.StateMachineUpdater (StateMachineUpdater.java:stopAndJoin(125)) - a3a55b85-6532-4add-86b9-f60c9f262632@group-5179D1A1F15C-StateMachineUpdater: set stopIndex = 0
2019-09-25 12:07:11,789 [ForkJoinPool.commonPool-worker-0] INFO  impl.RaftServerImpl (ServerState.java:close(385)) - a3a55b85-6532-4add-86b9-f60c9f262632@group-5179D1A1F15C: closes. applyIndex: 0
2019-09-25 12:07:11,789 [main] INFO  server.GrpcService (GrpcService.java:closeImpl(164)) - 994e134d-9492-4c05-a584-6f6f537d8ad3: shutdown server with port 46064 now
2019-09-25 12:07:11,790 [a3a55b85-6532-4add-86b9-f60c9f262632@group-5179D1A1F15C-SegmentedRaftLogWorker] INFO  segmented.SegmentedRaftLogWorker (SegmentedRaftLogWorker.java:run(313)) - a3a55b85-6532-4add-86b9-f60c9f262632@group-5179D1A1F15C-SegmentedRaftLogWorker was interrupted, exiting. There are 0 tasks remaining in the queue.
2019-09-25 12:07:11,795 [main] INFO  server.GrpcService (GrpcService.java:closeImpl(172)) - 994e134d-9492-4c05-a584-6f6f537d8ad3: shutdown server with port 46064 successfully
2019-09-25 12:07:11,795 [ForkJoinPool.commonPool-worker-0] INFO  segmented.SegmentedRaftLogWorker (SegmentedRaftLogWorker.java:close(228)) - a3a55b85-6532-4add-86b9-f60c9f262632@group-5179D1A1F15C-SegmentedRaftLogWorker close()
2019-09-25 12:07:11,795 [ForkJoinPool.commonPool-worker-0] INFO  impl.RaftServerImpl (RaftServerImpl.java:lambda$shutdown$3(251)) - a3a55b85-6532-4add-86b9-f60c9f262632@group-DB3AEB408921: shutdown
2019-09-25 12:07:11,796 [ForkJoinPool.commonPool-worker-0] INFO  util.JmxRegister (JmxRegister.java:unregister(73)) - Successfully un-registered JMX Bean with object name Ratis:service=RaftServer,group=group-DB3AEB408921,id=a3a55b85-6532-4add-86b9-f60c9f262632
2019-09-25 12:07:11,796 [ForkJoinPool.commonPool-worker-0] INFO  impl.RoleInfo (RoleInfo.java:shutdownLeaderState(104)) - a3a55b85-6532-4add-86b9-f60c9f262632: shutdown LeaderState
2019-09-25 12:07:11,796 [ForkJoinPool.commonPool-worker-0] INFO  impl.PendingRequests (PendingRequests.java:sendNotLeaderResponses(202)) - a3a55b85-6532-4add-86b9-f60c9f262632-PendingRequests: sendNotLeaderResponses
2019-09-25 12:07:11,797 [ForkJoinPool.commonPool-worker-0] INFO  impl.StateMachineUpdater (StateMachineUpdater.java:stopAndJoin(125)) - a3a55b85-6532-4add-86b9-f60c9f262632@group-DB3AEB408921-StateMachineUpdater: set stopIndex = 0
2019-09-25 12:07:11,797 [ForkJoinPool.commonPool-worker-0] INFO  impl.RaftServerImpl (ServerState.java:close(385)) - a3a55b85-6532-4add-86b9-f60c9f262632@group-DB3AEB408921: closes. applyIndex: 0
2019-09-25 12:07:11,797 [a3a55b85-6532-4add-86b9-f60c9f262632@group-DB3AEB408921-SegmentedRaftLogWorker] INFO  segmented.SegmentedRaftLogWorker (SegmentedRaftLogWorker.java:run(313)) - a3a55b85-6532-4add-86b9-f60c9f262632@group-DB3AEB408921-SegmentedRaftLogWorker was interrupted, exiting. There are 0 tasks remaining in the queue.
2019-09-25 12:07:11,798 [ForkJoinPool.commonPool-worker-0] INFO  segmented.SegmentedRaftLogWorker (SegmentedRaftLogWorker.java:close(228)) - a3a55b85-6532-4add-86b9-f60c9f262632@group-DB3AEB408921-SegmentedRaftLogWorker close()
2019-09-25 12:07:11,798 [ForkJoinPool.commonPool-worker-0] INFO  server.GrpcService (GrpcService.java:closeImpl(164)) - a3a55b85-6532-4add-86b9-f60c9f262632: shutdown server with port 37389 now
2019-09-25 12:07:11,803 [ForkJoinPool.commonPool-worker-0] INFO  server.GrpcService (GrpcService.java:closeImpl(172)) - a3a55b85-6532-4add-86b9-f60c9f262632: shutdown server with port 37389 successfully
2019-09-25 12:07:11,804 [refreshUsed-/workdir/hadoop-ozone/integration-test/target/test-dir/MiniOzoneClusterImpl-ed40a7f8-0b2f-4da3-bf53-40ad2b647f29/datanode-3/data/containers] WARN  fs.CachingGetSpaceUsed (CachingGetSpaceUsed.java:run(183)) - Thread Interrupted waiting to refresh disk information: sleep interrupted
2019-09-25 12:07:11,805 [refreshUsed-/workdir/hadoop-ozone/integration-test/target/test-dir/MiniOzoneClusterImpl-ed40a7f8-0b2f-4da3-bf53-40ad2b647f29/datanode-2/data/containers] WARN  fs.CachingGetSpaceUsed (CachingGetSpaceUsed.java:run(183)) - Thread Interrupted waiting to refresh disk information: sleep interrupted
2019-09-25 12:07:11,819 [main] INFO  utils.BackgroundService (BackgroundService.java:shutdown(148)) - Shutting down service BlockDeletingService
2019-09-25 12:07:11,831 [main] INFO  statemachine.DatanodeStateMachine (DatanodeStateMachine.java:stopDaemon(395)) - Ozone container server stopped.
2019-09-25 12:07:11,831 [ForkJoinPool.commonPool-worker-0] INFO  utils.BackgroundService (BackgroundService.java:shutdown(148)) - Shutting down service BlockDeletingService
2019-09-25 12:07:11,838 [main] INFO  handler.ContextHandler (ContextHandler.java:doStop(910)) - Stopped o.e.j.w.WebAppContext@9dc782d{/,null,UNAVAILABLE}{/hddsDatanode}
2019-09-25 12:07:11,841 [ForkJoinPool.commonPool-worker-0] INFO  statemachine.DatanodeStateMachine (DatanodeStateMachine.java:stopDaemon(395)) - Ozone container server stopped.
2019-09-25 12:07:11,847 [main] INFO  server.AbstractConnector (AbstractConnector.java:doStop(318)) - Stopped ServerConnector@1ba35152{HTTP/1.1,[http/1.1]}{0.0.0.0:0}
2019-09-25 12:07:11,850 [ForkJoinPool.commonPool-worker-0] INFO  handler.ContextHandler (ContextHandler.java:doStop(910)) - Stopped o.e.j.w.WebAppContext@5922cff3{/,null,UNAVAILABLE}{/hddsDatanode}
2019-09-25 12:07:11,851 [main] INFO  handler.ContextHandler (ContextHandler.java:doStop(910)) - Stopped o.e.j.s.ServletContextHandler@2211b44f{/static,jar:file:/home/user/.m2/repository/org/apache/hadoop/hadoop-hdds-container-service/0.5.0-SNAPSHOT/hadoop-hdds-container-service-0.5.0-SNAPSHOT.jar!/webapps/static,UNAVAILABLE}
2019-09-25 12:07:11,851 [ForkJoinPool.commonPool-worker-0] INFO  server.AbstractConnector (AbstractConnector.java:doStop(318)) - Stopped ServerConnector@2299d903{HTTP/1.1,[http/1.1]}{0.0.0.0:0}
2019-09-25 12:07:11,851 [main] INFO  handler.ContextHandler (ContextHandler.java:doStop(910)) - Stopped o.e.j.s.ServletContextHandler@52657d5f{/logs,file:///workdir/hadoop-ozone/integration-test/target/log,UNAVAILABLE}
2019-09-25 12:07:11,854 [ForkJoinPool.commonPool-worker-0] INFO  handler.ContextHandler (ContextHandler.java:doStop(910)) - Stopped o.e.j.s.ServletContextHandler@7f2c995b{/static,jar:file:/home/user/.m2/repository/org/apache/hadoop/hadoop-hdds-container-service/0.5.0-SNAPSHOT/hadoop-hdds-container-service-0.5.0-SNAPSHOT.jar!/webapps/static,UNAVAILABLE}
2019-09-25 12:07:11,857 [ForkJoinPool.commonPool-worker-0] INFO  handler.ContextHandler (ContextHandler.java:doStop(910)) - Stopped o.e.j.s.ServletContextHandler@6ec3d8e4{/logs,file:///workdir/hadoop-ozone/integration-test/target/log,UNAVAILABLE}
2019-09-25 12:07:12,076 [Datanode State Machine Thread - 0] INFO  statemachine.DatanodeStateMachine (DatanodeStateMachine.java:lambda$startDaemon$0(350)) - Ozone container server started.
2019-09-25 12:07:12,265 [Datanode State Machine Thread - 0] INFO  statemachine.DatanodeStateMachine (DatanodeStateMachine.java:lambda$startDaemon$0(350)) - Ozone container server started.
2019-09-25 12:07:16,079 [EventQueue-StaleNodeForStaleNodeHandler] INFO  node.StaleNodeHandler (StaleNodeHandler.java:onMessage(58)) - Datanode ab153cfe-456a-45f5-b16c-7616a9ae7eb2{ip: 192.168.151.73, host: pr-hdds-1569-shd4m-3693607622, networkLocation: /default-rack, certSerialId: null} moved to stale state. Finalizing its pipelines [PipelineID=dfcc3584-f5e6-4b43-a9f1-82883c2d59a9, PipelineID=4dc31a9c-485f-42bf-9e03-c6596ccc7de9, PipelineID=45695826-41d2-4a21-8c96-c6b6ccfdd115, PipelineID=cccd766d-3847-42e8-b1c8-cf8b7e038937, PipelineID=961d6eda-12f4-4ae0-8511-46da52fd210f, PipelineID=298dbbce-73c6-4bbd-b3f9-4ef7ae88ed70]
2019-09-25 12:07:16,080 [EventQueue-StaleNodeForStaleNodeHandler] INFO  pipeline.SCMPipelineManager (SCMPipelineManager.java:finalizeAndDestroyPipeline(316)) - destroying pipeline:Pipeline[ Id: dfcc3584-f5e6-4b43-a9f1-82883c2d59a9, Nodes: ab153cfe-456a-45f5-b16c-7616a9ae7eb2{ip: 192.168.151.73, host: pr-hdds-1569-shd4m-3693607622, networkLocation: /default-rack, certSerialId: null}, Type:RATIS, Factor:ONE, State:OPEN]
2019-09-25 12:07:16,080 [EventQueue-StaleNodeForStaleNodeHandler] INFO  pipeline.PipelineStateManager (PipelineStateManager.java:finalizePipeline(123)) - Pipeline Pipeline[ Id: dfcc3584-f5e6-4b43-a9f1-82883c2d59a9, Nodes: ab153cfe-456a-45f5-b16c-7616a9ae7eb2{ip: 192.168.151.73, host: pr-hdds-1569-shd4m-3693607622, networkLocation: /default-rack, certSerialId: null}, Type:RATIS, Factor:ONE, State:CLOSED] moved to CLOSED state
2019-09-25 12:07:16,080 [EventQueue-StaleNodeForStaleNodeHandler] INFO  pipeline.SCMPipelineManager (SCMPipelineManager.java:finalizeAndDestroyPipeline(316)) - destroying pipeline:Pipeline[ Id: 4dc31a9c-485f-42bf-9e03-c6596ccc7de9, Nodes: ab153cfe-456a-45f5-b16c-7616a9ae7eb2{ip: 192.168.151.73, host: pr-hdds-1569-shd4m-3693607622, networkLocation: /default-rack, certSerialId: null}, Type:RATIS, Factor:ONE, State:OPEN]
2019-09-25 12:07:16,080 [EventQueue-StaleNodeForStaleNodeHandler] INFO  pipeline.PipelineStateManager (PipelineStateManager.java:finalizePipeline(123)) - Pipeline Pipeline[ Id: 4dc31a9c-485f-42bf-9e03-c6596ccc7de9, Nodes: ab153cfe-456a-45f5-b16c-7616a9ae7eb2{ip: 192.168.151.73, host: pr-hdds-1569-shd4m-3693607622, networkLocation: /default-rack, certSerialId: null}, Type:RATIS, Factor:ONE, State:CLOSED] moved to CLOSED state
2019-09-25 12:07:16,080 [EventQueue-StaleNodeForStaleNodeHandler] INFO  pipeline.SCMPipelineManager (SCMPipelineManager.java:finalizeAndDestroyPipeline(316)) - destroying pipeline:Pipeline[ Id: 45695826-41d2-4a21-8c96-c6b6ccfdd115, Nodes: ab153cfe-456a-45f5-b16c-7616a9ae7eb2{ip: 192.168.151.73, host: pr-hdds-1569-shd4m-3693607622, networkLocation: /default-rack, certSerialId: null}, Type:RATIS, Factor:ONE, State:OPEN]
2019-09-25 12:07:16,081 [EventQueue-StaleNodeForStaleNodeHandler] INFO  pipeline.PipelineStateManager (PipelineStateManager.java:finalizePipeline(123)) - Pipeline Pipeline[ Id: 45695826-41d2-4a21-8c96-c6b6ccfdd115, Nodes: ab153cfe-456a-45f5-b16c-7616a9ae7eb2{ip: 192.168.151.73, host: pr-hdds-1569-shd4m-3693607622, networkLocation: /default-rack, certSerialId: null}, Type:RATIS, Factor:ONE, State:CLOSED] moved to CLOSED state
2019-09-25 12:07:16,081 [EventQueue-StaleNodeForStaleNodeHandler] INFO  pipeline.SCMPipelineManager (SCMPipelineManager.java:finalizeAndDestroyPipeline(316)) - destroying pipeline:Pipeline[ Id: cccd766d-3847-42e8-b1c8-cf8b7e038937, Nodes: ab153cfe-456a-45f5-b16c-7616a9ae7eb2{ip: 192.168.151.73, host: pr-hdds-1569-shd4m-3693607622, networkLocation: /default-rack, certSerialId: null}, Type:RATIS, Factor:ONE, State:OPEN]
2019-09-25 12:07:16,081 [EventQueue-StaleNodeForStaleNodeHandler] INFO  pipeline.PipelineStateManager (PipelineStateManager.java:finalizePipeline(123)) - Pipeline Pipeline[ Id: cccd766d-3847-42e8-b1c8-cf8b7e038937, Nodes: ab153cfe-456a-45f5-b16c-7616a9ae7eb2{ip: 192.168.151.73, host: pr-hdds-1569-shd4m-3693607622, networkLocation: /default-rack, certSerialId: null}, Type:RATIS, Factor:ONE, State:CLOSED] moved to CLOSED state
2019-09-25 12:07:16,081 [EventQueue-StaleNodeForStaleNodeHandler] INFO  pipeline.SCMPipelineManager (SCMPipelineManager.java:finalizeAndDestroyPipeline(316)) - destroying pipeline:Pipeline[ Id: 961d6eda-12f4-4ae0-8511-46da52fd210f, Nodes: ab153cfe-456a-45f5-b16c-7616a9ae7eb2{ip: 192.168.151.73, host: pr-hdds-1569-shd4m-3693607622, networkLocation: /default-rack, certSerialId: null}, Type:RATIS, Factor:ONE, State:OPEN]
2019-09-25 12:07:16,081 [EventQueue-StaleNodeForStaleNodeHandler] INFO  pipeline.PipelineStateManager (PipelineStateManager.java:finalizePipeline(123)) - Pipeline Pipeline[ Id: 961d6eda-12f4-4ae0-8511-46da52fd210f, Nodes: ab153cfe-456a-45f5-b16c-7616a9ae7eb2{ip: 192.168.151.73, host: pr-hdds-1569-shd4m-3693607622, networkLocation: /default-rack, certSerialId: null}, Type:RATIS, Factor:ONE, State:CLOSED] moved to CLOSED state
2019-09-25 12:07:16,081 [EventQueue-StaleNodeForStaleNodeHandler] INFO  pipeline.SCMPipelineManager (SCMPipelineManager.java:finalizeAndDestroyPipeline(316)) - destroying pipeline:Pipeline[ Id: 298dbbce-73c6-4bbd-b3f9-4ef7ae88ed70, Nodes: ab153cfe-456a-45f5-b16c-7616a9ae7eb2{ip: 192.168.151.73, host: pr-hdds-1569-shd4m-3693607622, networkLocation: /default-rack, certSerialId: null}, Type:RATIS, Factor:ONE, State:OPEN]
2019-09-25 12:07:16,081 [EventQueue-StaleNodeForStaleNodeHandler] INFO  pipeline.PipelineStateManager (PipelineStateManager.java:finalizePipeline(123)) - Pipeline Pipeline[ Id: 298dbbce-73c6-4bbd-b3f9-4ef7ae88ed70, Nodes: ab153cfe-456a-45f5-b16c-7616a9ae7eb2{ip: 192.168.151.73, host: pr-hdds-1569-shd4m-3693607622, networkLocation: /default-rack, certSerialId: null}, Type:RATIS, Factor:ONE, State:CLOSED] moved to CLOSED state
2019-09-25 12:07:16,280 [EventQueue-StaleNodeForStaleNodeHandler] INFO  node.StaleNodeHandler (StaleNodeHandler.java:onMessage(58)) - Datanode 0b7c031f-92f6-4780-87e9-d12f3b75deed{ip: 192.168.151.73, host: pr-hdds-1569-shd4m-3693607622, networkLocation: /default-rack, certSerialId: null} moved to stale state. Finalizing its pipelines [PipelineID=be44035f-06f0-43b0-9e1f-18ebeefeec61, PipelineID=380f3cb0-457f-477d-8fce-0399eebdbb36, PipelineID=089d0580-863e-4daf-a47b-9767c1e85bec, PipelineID=6b517b0c-d58a-4eee-b6fa-b4315fd5b80f, PipelineID=ea9d876b-e5aa-4263-9c20-5124e039845c, PipelineID=b42495c4-2bf0-4ca0-8a76-88edf54f846b]
2019-09-25 12:07:16,280 [EventQueue-StaleNodeForStaleNodeHandler] INFO  pipeline.SCMPipelineManager (SCMPipelineManager.java:finalizeAndDestroyPipeline(316)) - destroying pipeline:Pipeline[ Id: be44035f-06f0-43b0-9e1f-18ebeefeec61, Nodes: 0b7c031f-92f6-4780-87e9-d12f3b75deed{ip: 192.168.151.73, host: pr-hdds-1569-shd4m-3693607622, networkLocation: /default-rack, certSerialId: null}, Type:RATIS, Factor:ONE, State:OPEN]
2019-09-25 12:07:16,280 [EventQueue-StaleNodeForStaleNodeHandler] INFO  pipeline.PipelineStateManager (PipelineStateManager.java:finalizePipeline(123)) - Pipeline Pipeline[ Id: be44035f-06f0-43b0-9e1f-18ebeefeec61, Nodes: 0b7c031f-92f6-4780-87e9-d12f3b75deed{ip: 192.168.151.73, host: pr-hdds-1569-shd4m-3693607622, networkLocation: /default-rack, certSerialId: null}, Type:RATIS, Factor:ONE, State:CLOSED] moved to CLOSED state
2019-09-25 12:07:16,280 [EventQueue-StaleNodeForStaleNodeHandler] INFO  pipeline.SCMPipelineManager (SCMPipelineManager.java:finalizeAndDestroyPipeline(316)) - destroying pipeline:Pipeline[ Id: 380f3cb0-457f-477d-8fce-0399eebdbb36, Nodes: 0b7c031f-92f6-4780-87e9-d12f3b75deed{ip: 192.168.151.73, host: pr-hdds-1569-shd4m-3693607622, networkLocation: /default-rack, certSerialId: null}, Type:RATIS, Factor:ONE, State:OPEN]
2019-09-25 12:07:16,280 [EventQueue-StaleNodeForStaleNodeHandler] INFO  pipeline.PipelineStateManager (PipelineStateManager.java:finalizePipeline(123)) - Pipeline Pipeline[ Id: 380f3cb0-457f-477d-8fce-0399eebdbb36, Nodes: 0b7c031f-92f6-4780-87e9-d12f3b75deed{ip: 192.168.151.73, host: pr-hdds-1569-shd4m-3693607622, networkLocation: /default-rack, certSerialId: null}, Type:RATIS, Factor:ONE, State:CLOSED] moved to CLOSED state
2019-09-25 12:07:16,280 [EventQueue-StaleNodeForStaleNodeHandler] INFO  pipeline.SCMPipelineManager (SCMPipelineManager.java:finalizeAndDestroyPipeline(316)) - destroying pipeline:Pipeline[ Id: 089d0580-863e-4daf-a47b-9767c1e85bec, Nodes: 0b7c031f-92f6-4780-87e9-d12f3b75deed{ip: 192.168.151.73, host: pr-hdds-1569-shd4m-3693607622, networkLocation: /default-rack, certSerialId: null}, Type:RATIS, Factor:ONE, State:OPEN]
2019-09-25 12:07:16,281 [EventQueue-StaleNodeForStaleNodeHandler] INFO  pipeline.PipelineStateManager (PipelineStateManager.java:finalizePipeline(123)) - Pipeline Pipeline[ Id: 089d0580-863e-4daf-a47b-9767c1e85bec, Nodes: 0b7c031f-92f6-4780-87e9-d12f3b75deed{ip: 192.168.151.73, host: pr-hdds-1569-shd4m-3693607622, networkLocation: /default-rack, certSerialId: null}, Type:RATIS, Factor:ONE, State:CLOSED] moved to CLOSED state
2019-09-25 12:07:16,281 [EventQueue-StaleNodeForStaleNodeHandler] INFO  pipeline.SCMPipelineManager (SCMPipelineManager.java:finalizeAndDestroyPipeline(316)) - destroying pipeline:Pipeline[ Id: 6b517b0c-d58a-4eee-b6fa-b4315fd5b80f, Nodes: 0b7c031f-92f6-4780-87e9-d12f3b75deed{ip: 192.168.151.73, host: pr-hdds-1569-shd4m-3693607622, networkLocation: /default-rack, certSerialId: null}, Type:RATIS, Factor:ONE, State:OPEN]
2019-09-25 12:07:16,281 [EventQueue-StaleNodeForStaleNodeHandler] INFO  pipeline.PipelineStateManager (PipelineStateManager.java:finalizePipeline(123)) - Pipeline Pipeline[ Id: 6b517b0c-d58a-4eee-b6fa-b4315fd5b80f, Nodes: 0b7c031f-92f6-4780-87e9-d12f3b75deed{ip: 192.168.151.73, host: pr-hdds-1569-shd4m-3693607622, networkLocation: /default-rack, certSerialId: null}, Type:RATIS, Factor:ONE, State:CLOSED] moved to CLOSED state
2019-09-25 12:07:16,281 [EventQueue-StaleNodeForStaleNodeHandler] INFO  pipeline.SCMPipelineManager (SCMPipelineManager.java:finalizeAndDestroyPipeline(316)) - destroying pipeline:Pipeline[ Id: ea9d876b-e5aa-4263-9c20-5124e039845c, Nodes: 0b7c031f-92f6-4780-87e9-d12f3b75deed{ip: 192.168.151.73, host: pr-hdds-1569-shd4m-3693607622, networkLocation: /default-rack, certSerialId: null}, Type:RATIS, Factor:ONE, State:OPEN]
2019-09-25 12:07:16,281 [EventQueue-StaleNodeForStaleNodeHandler] INFO  pipeline.PipelineStateManager (PipelineStateManager.java:finalizePipeline(123)) - Pipeline Pipeline[ Id: ea9d876b-e5aa-4263-9c20-5124e039845c, Nodes: 0b7c031f-92f6-4780-87e9-d12f3b75deed{ip: 192.168.151.73, host: pr-hdds-1569-shd4m-3693607622, networkLocation: /default-rack, certSerialId: null}, Type:RATIS, Factor:ONE, State:CLOSED] moved to CLOSED state
2019-09-25 12:07:16,281 [EventQueue-StaleNodeForStaleNodeHandler] INFO  pipeline.SCMPipelineManager (SCMPipelineManager.java:finalizeAndDestroyPipeline(316)) - destroying pipeline:Pipeline[ Id: b42495c4-2bf0-4ca0-8a76-88edf54f846b, Nodes: 0b7c031f-92f6-4780-87e9-d12f3b75deed{ip: 192.168.151.73, host: pr-hdds-1569-shd4m-3693607622, networkLocation: /default-rack, certSerialId: null}, Type:RATIS, Factor:ONE, State:OPEN]
2019-09-25 12:07:16,281 [EventQueue-StaleNodeForStaleNodeHandler] INFO  pipeline.PipelineStateManager (PipelineStateManager.java:finalizePipeline(123)) - Pipeline Pipeline[ Id: b42495c4-2bf0-4ca0-8a76-88edf54f846b, Nodes: 0b7c031f-92f6-4780-87e9-d12f3b75deed{ip: 192.168.151.73, host: pr-hdds-1569-shd4m-3693607622, networkLocation: /default-rack, certSerialId: null}, Type:RATIS, Factor:ONE, State:CLOSED] moved to CLOSED state
2019-09-25 12:07:16,858 [main] INFO  ozoneimpl.OzoneContainer (OzoneContainer.java:stop(231)) - Attempting to stop container services.
2019-09-25 12:07:16,887 [main] INFO  impl.RaftServerProxy (RaftServerProxy.java:lambda$close$4(314)) - ab153cfe-456a-45f5-b16c-7616a9ae7eb2: close
2019-09-25 12:07:16,887 [main] INFO  impl.RaftServerImpl (RaftServerImpl.java:lambda$shutdown$3(251)) - ab153cfe-456a-45f5-b16c-7616a9ae7eb2@group-C6B6CCFDD115: shutdown
2019-09-25 12:07:16,888 [ForkJoinPool.commonPool-worker-0] INFO  ozoneimpl.OzoneContainer (OzoneContainer.java:stop(231)) - Attempting to stop container services.
2019-09-25 12:07:16,888 [main] INFO  util.JmxRegister (JmxRegister.java:unregister(73)) - Successfully un-registered JMX Bean with object name Ratis:service=RaftServer,group=group-C6B6CCFDD115,id=ab153cfe-456a-45f5-b16c-7616a9ae7eb2
2019-09-25 12:07:16,893 [main] INFO  impl.RoleInfo (RoleInfo.java:shutdownLeaderState(104)) - ab153cfe-456a-45f5-b16c-7616a9ae7eb2: shutdown LeaderState
2019-09-25 12:07:16,892 [ForkJoinPool.commonPool-worker-0] INFO  impl.RaftServerProxy (RaftServerProxy.java:lambda$close$4(314)) - 0b7c031f-92f6-4780-87e9-d12f3b75deed: close
2019-09-25 12:07:16,893 [main] INFO  impl.PendingRequests (PendingRequests.java:sendNotLeaderResponses(202)) - ab153cfe-456a-45f5-b16c-7616a9ae7eb2-PendingRequests: sendNotLeaderResponses
2019-09-25 12:07:16,893 [ForkJoinPool.commonPool-worker-0] INFO  impl.RaftServerImpl (RaftServerImpl.java:lambda$shutdown$3(251)) - 0b7c031f-92f6-4780-87e9-d12f3b75deed@group-9767C1E85BEC: shutdown
2019-09-25 12:07:16,894 [main] INFO  impl.StateMachineUpdater (StateMachineUpdater.java:stopAndJoin(125)) - ab153cfe-456a-45f5-b16c-7616a9ae7eb2@group-C6B6CCFDD115-StateMachineUpdater: set stopIndex = 0
2019-09-25 12:07:16,894 [ForkJoinPool.commonPool-worker-0] INFO  util.JmxRegister (JmxRegister.java:unregister(73)) - Successfully un-registered JMX Bean with object name Ratis:service=RaftServer,group=group-9767C1E85BEC,id=0b7c031f-92f6-4780-87e9-d12f3b75deed
2019-09-25 12:07:16,895 [ForkJoinPool.commonPool-worker-0] INFO  impl.RoleInfo (RoleInfo.java:shutdownLeaderState(104)) - 0b7c031f-92f6-4780-87e9-d12f3b75deed: shutdown LeaderState
2019-09-25 12:07:16,895 [main] INFO  impl.RaftServerImpl (ServerState.java:close(385)) - ab153cfe-456a-45f5-b16c-7616a9ae7eb2@group-C6B6CCFDD115: closes. applyIndex: 0
2019-09-25 12:07:16,895 [ForkJoinPool.commonPool-worker-0] INFO  impl.PendingRequests (PendingRequests.java:sendNotLeaderResponses(202)) - 0b7c031f-92f6-4780-87e9-d12f3b75deed-PendingRequests: sendNotLeaderResponses
2019-09-25 12:07:16,896 [ab153cfe-456a-45f5-b16c-7616a9ae7eb2@group-C6B6CCFDD115-SegmentedRaftLogWorker] INFO  segmented.SegmentedRaftLogWorker (SegmentedRaftLogWorker.java:run(313)) - ab153cfe-456a-45f5-b16c-7616a9ae7eb2@group-C6B6CCFDD115-SegmentedRaftLogWorker was interrupted, exiting. There are 0 tasks remaining in the queue.
2019-09-25 12:07:16,896 [ForkJoinPool.commonPool-worker-0] INFO  impl.StateMachineUpdater (StateMachineUpdater.java:stopAndJoin(125)) - 0b7c031f-92f6-4780-87e9-d12f3b75deed@group-9767C1E85BEC-StateMachineUpdater: set stopIndex = 0
2019-09-25 12:07:16,896 [main] INFO  segmented.SegmentedRaftLogWorker (SegmentedRaftLogWorker.java:close(228)) - ab153cfe-456a-45f5-b16c-7616a9ae7eb2@group-C6B6CCFDD115-SegmentedRaftLogWorker close()
2019-09-25 12:07:16,897 [ForkJoinPool.commonPool-worker-0] INFO  impl.RaftServerImpl (ServerState.java:close(385)) - 0b7c031f-92f6-4780-87e9-d12f3b75deed@group-9767C1E85BEC: closes. applyIndex: 0
2019-09-25 12:07:16,897 [main] INFO  impl.RaftServerImpl (RaftServerImpl.java:lambda$shutdown$3(251)) - ab153cfe-456a-45f5-b16c-7616a9ae7eb2@group-82883C2D59A9: shutdown
2019-09-25 12:07:16,897 [0b7c031f-92f6-4780-87e9-d12f3b75deed@group-9767C1E85BEC-SegmentedRaftLogWorker] INFO  segmented.SegmentedRaftLogWorker (SegmentedRaftLogWorker.java:run(313)) - 0b7c031f-92f6-4780-87e9-d12f3b75deed@group-9767C1E85BEC-SegmentedRaftLogWorker was interrupted, exiting. There are 0 tasks remaining in the queue.
2019-09-25 12:07:16,898 [main] INFO  util.JmxRegister (JmxRegister.java:unregister(73)) - Successfully un-registered JMX Bean with object name Ratis:service=RaftServer,group=group-82883C2D59A9,id=ab153cfe-456a-45f5-b16c-7616a9ae7eb2
2019-09-25 12:07:16,898 [main] INFO  impl.RoleInfo (RoleInfo.java:shutdownLeaderState(104)) - ab153cfe-456a-45f5-b16c-7616a9ae7eb2: shutdown LeaderState
2019-09-25 12:07:16,898 [ForkJoinPool.commonPool-worker-0] INFO  segmented.SegmentedRaftLogWorker (SegmentedRaftLogWorker.java:close(228)) - 0b7c031f-92f6-4780-87e9-d12f3b75deed@group-9767C1E85BEC-SegmentedRaftLogWorker close()
2019-09-25 12:07:16,899 [main] INFO  impl.PendingRequests (PendingRequests.java:sendNotLeaderResponses(202)) - ab153cfe-456a-45f5-b16c-7616a9ae7eb2-PendingRequests: sendNotLeaderResponses
2019-09-25 12:07:16,899 [ForkJoinPool.commonPool-worker-0] INFO  impl.RaftServerImpl (RaftServerImpl.java:lambda$shutdown$3(251)) - 0b7c031f-92f6-4780-87e9-d12f3b75deed@group-18EBEEFEEC61: shutdown
2019-09-25 12:07:16,900 [main] INFO  impl.StateMachineUpdater (StateMachineUpdater.java:stopAndJoin(125)) - ab153cfe-456a-45f5-b16c-7616a9ae7eb2@group-82883C2D59A9-StateMachineUpdater: set stopIndex = 0
2019-09-25 12:07:16,900 [main] INFO  impl.RaftServerImpl (ServerState.java:close(385)) - ab153cfe-456a-45f5-b16c-7616a9ae7eb2@group-82883C2D59A9: closes. applyIndex: 0
2019-09-25 12:07:16,900 [ForkJoinPool.commonPool-worker-0] INFO  util.JmxRegister (JmxRegister.java:unregister(73)) - Successfully un-registered JMX Bean with object name Ratis:service=RaftServer,group=group-18EBEEFEEC61,id=0b7c031f-92f6-4780-87e9-d12f3b75deed
2019-09-25 12:07:16,901 [ForkJoinPool.commonPool-worker-0] INFO  impl.RoleInfo (RoleInfo.java:shutdownLeaderState(104)) - 0b7c031f-92f6-4780-87e9-d12f3b75deed: shutdown LeaderState
2019-09-25 12:07:16,901 [ab153cfe-456a-45f5-b16c-7616a9ae7eb2@group-82883C2D59A9-SegmentedRaftLogWorker] INFO  segmented.SegmentedRaftLogWorker (SegmentedRaftLogWorker.java:run(313)) - ab153cfe-456a-45f5-b16c-7616a9ae7eb2@group-82883C2D59A9-SegmentedRaftLogWorker was interrupted, exiting. There are 0 tasks remaining in the queue.
2019-09-25 12:07:16,901 [ForkJoinPool.commonPool-worker-0] INFO  impl.PendingRequests (PendingRequests.java:sendNotLeaderResponses(202)) - 0b7c031f-92f6-4780-87e9-d12f3b75deed-PendingRequests: sendNotLeaderResponses
2019-09-25 12:07:16,902 [main] INFO  segmented.SegmentedRaftLogWorker (SegmentedRaftLogWorker.java:close(228)) - ab153cfe-456a-45f5-b16c-7616a9ae7eb2@group-82883C2D59A9-SegmentedRaftLogWorker close()
2019-09-25 12:07:16,902 [ForkJoinPool.commonPool-worker-0] INFO  impl.StateMachineUpdater (StateMachineUpdater.java:stopAndJoin(125)) - 0b7c031f-92f6-4780-87e9-d12f3b75deed@group-18EBEEFEEC61-StateMachineUpdater: set stopIndex = 0
2019-09-25 12:07:16,902 [main] INFO  impl.RaftServerImpl (RaftServerImpl.java:lambda$shutdown$3(251)) - ab153cfe-456a-45f5-b16c-7616a9ae7eb2@group-C6596CCC7DE9: shutdown
2019-09-25 12:07:16,903 [ForkJoinPool.commonPool-worker-0] INFO  impl.RaftServerImpl (ServerState.java:close(385)) - 0b7c031f-92f6-4780-87e9-d12f3b75deed@group-18EBEEFEEC61: closes. applyIndex: 0
2019-09-25 12:07:16,903 [main] INFO  util.JmxRegister (JmxRegister.java:unregister(73)) - Successfully un-registered JMX Bean with object name Ratis:service=RaftServer,group=group-C6596CCC7DE9,id=ab153cfe-456a-45f5-b16c-7616a9ae7eb2
2019-09-25 12:07:16,904 [main] INFO  impl.RoleInfo (RoleInfo.java:shutdownLeaderState(104)) - ab153cfe-456a-45f5-b16c-7616a9ae7eb2: shutdown LeaderState
2019-09-25 12:07:16,903 [0b7c031f-92f6-4780-87e9-d12f3b75deed@group-18EBEEFEEC61-SegmentedRaftLogWorker] INFO  segmented.SegmentedRaftLogWorker (SegmentedRaftLogWorker.java:run(313)) - 0b7c031f-92f6-4780-87e9-d12f3b75deed@group-18EBEEFEEC61-SegmentedRaftLogWorker was interrupted, exiting. There are 0 tasks remaining in the queue.
2019-09-25 12:07:16,904 [main] INFO  impl.PendingRequests (PendingRequests.java:sendNotLeaderResponses(202)) - ab153cfe-456a-45f5-b16c-7616a9ae7eb2-PendingRequests: sendNotLeaderResponses
2019-09-25 12:07:16,904 [ForkJoinPool.commonPool-worker-0] INFO  segmented.SegmentedRaftLogWorker (SegmentedRaftLogWorker.java:close(228)) - 0b7c031f-92f6-4780-87e9-d12f3b75deed@group-18EBEEFEEC61-SegmentedRaftLogWorker close()
2019-09-25 12:07:16,905 [main] INFO  impl.StateMachineUpdater (StateMachineUpdater.java:stopAndJoin(125)) - ab153cfe-456a-45f5-b16c-7616a9ae7eb2@group-C6596CCC7DE9-StateMachineUpdater: set stopIndex = 0
2019-09-25 12:07:16,906 [main] INFO  impl.RaftServerImpl (ServerState.java:close(385)) - ab153cfe-456a-45f5-b16c-7616a9ae7eb2@group-C6596CCC7DE9: closes. applyIndex: 0
2019-09-25 12:07:16,905 [ForkJoinPool.commonPool-worker-0] INFO  impl.RaftServerImpl (RaftServerImpl.java:lambda$shutdown$3(251)) - 0b7c031f-92f6-4780-87e9-d12f3b75deed@group-0399EEBDBB36: shutdown
2019-09-25 12:07:16,906 [ab153cfe-456a-45f5-b16c-7616a9ae7eb2@group-C6596CCC7DE9-SegmentedRaftLogWorker] INFO  segmented.SegmentedRaftLogWorker (SegmentedRaftLogWorker.java:run(313)) - ab153cfe-456a-45f5-b16c-7616a9ae7eb2@group-C6596CCC7DE9-SegmentedRaftLogWorker was interrupted, exiting. There are 0 tasks remaining in the queue.
2019-09-25 12:07:16,906 [ForkJoinPool.commonPool-worker-0] INFO  util.JmxRegister (JmxRegister.java:unregister(73)) - Successfully un-registered JMX Bean with object name Ratis:service=RaftServer,group=group-0399EEBDBB36,id=0b7c031f-92f6-4780-87e9-d12f3b75deed
2019-09-25 12:07:16,906 [main] INFO  segmented.SegmentedRaftLogWorker (SegmentedRaftLogWorker.java:close(228)) - ab153cfe-456a-45f5-b16c-7616a9ae7eb2@group-C6596CCC7DE9-SegmentedRaftLogWorker close()
2019-09-25 12:07:16,907 [ForkJoinPool.commonPool-worker-0] INFO  impl.RoleInfo (RoleInfo.java:shutdownLeaderState(104)) - 0b7c031f-92f6-4780-87e9-d12f3b75deed: shutdown LeaderState
2019-09-25 12:07:16,907 [main] INFO  impl.RaftServerImpl (RaftServerImpl.java:lambda$shutdown$3(251)) - ab153cfe-456a-45f5-b16c-7616a9ae7eb2@group-CF8B7E038937: shutdown
2019-09-25 12:07:16,908 [ForkJoinPool.commonPool-worker-0] INFO  impl.PendingRequests (PendingRequests.java:sendNotLeaderResponses(202)) - 0b7c031f-92f6-4780-87e9-d12f3b75deed-PendingRequests: sendNotLeaderResponses
2019-09-25 12:07:16,908 [main] INFO  util.JmxRegister (JmxRegister.java:unregister(73)) - Successfully un-registered JMX Bean with object name Ratis:service=RaftServer,group=group-CF8B7E038937,id=ab153cfe-456a-45f5-b16c-7616a9ae7eb2
2019-09-25 12:07:16,909 [main] INFO  impl.RoleInfo (RoleInfo.java:shutdownLeaderState(104)) - ab153cfe-456a-45f5-b16c-7616a9ae7eb2: shutdown LeaderState
2019-09-25 12:07:16,908 [ForkJoinPool.commonPool-worker-0] INFO  impl.StateMachineUpdater (StateMachineUpdater.java:stopAndJoin(125)) - 0b7c031f-92f6-4780-87e9-d12f3b75deed@group-0399EEBDBB36-StateMachineUpdater: set stopIndex = 0
2019-09-25 12:07:16,909 [ForkJoinPool.commonPool-worker-0] INFO  impl.RaftServerImpl (ServerState.java:close(385)) - 0b7c031f-92f6-4780-87e9-d12f3b75deed@group-0399EEBDBB36: closes. applyIndex: 0
2019-09-25 12:07:16,909 [main] INFO  impl.PendingRequests (PendingRequests.java:sendNotLeaderResponses(202)) - ab153cfe-456a-45f5-b16c-7616a9ae7eb2-PendingRequests: sendNotLeaderResponses
2019-09-25 12:07:16,910 [0b7c031f-92f6-4780-87e9-d12f3b75deed@group-0399EEBDBB36-SegmentedRaftLogWorker] INFO  segmented.SegmentedRaftLogWorker (SegmentedRaftLogWorker.java:run(313)) - 0b7c031f-92f6-4780-87e9-d12f3b75deed@group-0399EEBDBB36-SegmentedRaftLogWorker was interrupted, exiting. There are 0 tasks remaining in the queue.
2019-09-25 12:07:16,910 [main] INFO  impl.StateMachineUpdater (StateMachineUpdater.java:stopAndJoin(125)) - ab153cfe-456a-45f5-b16c-7616a9ae7eb2@group-CF8B7E038937-StateMachineUpdater: set stopIndex = 0
2019-09-25 12:07:16,911 [main] INFO  impl.RaftServerImpl (ServerState.java:close(385)) - ab153cfe-456a-45f5-b16c-7616a9ae7eb2@group-CF8B7E038937: closes. applyIndex: 0
2019-09-25 12:07:16,910 [ForkJoinPool.commonPool-worker-0] INFO  segmented.SegmentedRaftLogWorker (SegmentedRaftLogWorker.java:close(228)) - 0b7c031f-92f6-4780-87e9-d12f3b75deed@group-0399EEBDBB36-SegmentedRaftLogWorker close()
2019-09-25 12:07:16,911 [ab153cfe-456a-45f5-b16c-7616a9ae7eb2@group-CF8B7E038937-SegmentedRaftLogWorker] INFO  segmented.SegmentedRaftLogWorker (SegmentedRaftLogWorker.java:run(313)) - ab153cfe-456a-45f5-b16c-7616a9ae7eb2@group-CF8B7E038937-SegmentedRaftLogWorker was interrupted, exiting. There are 0 tasks remaining in the queue.
2019-09-25 12:07:16,911 [ForkJoinPool.commonPool-worker-0] INFO  impl.RaftServerImpl (RaftServerImpl.java:lambda$shutdown$3(251)) - 0b7c031f-92f6-4780-87e9-d12f3b75deed@group-B4315FD5B80F: shutdown
2019-09-25 12:07:16,912 [main] INFO  segmented.SegmentedRaftLogWorker (SegmentedRaftLogWorker.java:close(228)) - ab153cfe-456a-45f5-b16c-7616a9ae7eb2@group-CF8B7E038937-SegmentedRaftLogWorker close()
2019-09-25 12:07:16,912 [ForkJoinPool.commonPool-worker-0] INFO  util.JmxRegister (JmxRegister.java:unregister(73)) - Successfully un-registered JMX Bean with object name Ratis:service=RaftServer,group=group-B4315FD5B80F,id=0b7c031f-92f6-4780-87e9-d12f3b75deed
2019-09-25 12:07:16,912 [main] INFO  impl.RaftServerImpl (RaftServerImpl.java:lambda$shutdown$3(251)) - ab153cfe-456a-45f5-b16c-7616a9ae7eb2@group-46DA52FD210F: shutdown
2019-09-25 12:07:16,913 [main] INFO  util.JmxRegister (JmxRegister.java:unregister(73)) - Successfully un-registered JMX Bean with object name Ratis:service=RaftServer,group=group-46DA52FD210F,id=ab153cfe-456a-45f5-b16c-7616a9ae7eb2
2019-09-25 12:07:16,913 [main] INFO  impl.RoleInfo (RoleInfo.java:shutdownLeaderState(104)) - ab153cfe-456a-45f5-b16c-7616a9ae7eb2: shutdown LeaderState
2019-09-25 12:07:16,913 [ForkJoinPool.commonPool-worker-0] INFO  impl.RoleInfo (RoleInfo.java:shutdownLeaderState(104)) - 0b7c031f-92f6-4780-87e9-d12f3b75deed: shutdown LeaderState
2019-09-25 12:07:16,914 [main] INFO  impl.PendingRequests (PendingRequests.java:sendNotLeaderResponses(202)) - ab153cfe-456a-45f5-b16c-7616a9ae7eb2-PendingRequests: sendNotLeaderResponses
2019-09-25 12:07:16,914 [ForkJoinPool.commonPool-worker-0] INFO  impl.PendingRequests (PendingRequests.java:sendNotLeaderResponses(202)) - 0b7c031f-92f6-4780-87e9-d12f3b75deed-PendingRequests: sendNotLeaderResponses
2019-09-25 12:07:16,915 [main] INFO  impl.StateMachineUpdater (StateMachineUpdater.java:stopAndJoin(125)) - ab153cfe-456a-45f5-b16c-7616a9ae7eb2@group-46DA52FD210F-StateMachineUpdater: set stopIndex = 0
2019-09-25 12:07:16,915 [main] INFO  impl.RaftServerImpl (ServerState.java:close(385)) - ab153cfe-456a-45f5-b16c-7616a9ae7eb2@group-46DA52FD210F: closes. applyIndex: 0
2019-09-25 12:07:16,915 [ForkJoinPool.commonPool-worker-0] INFO  impl.StateMachineUpdater (StateMachineUpdater.java:stopAndJoin(125)) - 0b7c031f-92f6-4780-87e9-d12f3b75deed@group-B4315FD5B80F-StateMachineUpdater: set stopIndex = 0
2019-09-25 12:07:16,916 [ForkJoinPool.commonPool-worker-0] INFO  impl.RaftServerImpl (ServerState.java:close(385)) - 0b7c031f-92f6-4780-87e9-d12f3b75deed@group-B4315FD5B80F: closes. applyIndex: 0
2019-09-25 12:07:16,916 [ab153cfe-456a-45f5-b16c-7616a9ae7eb2@group-46DA52FD210F-SegmentedRaftLogWorker] INFO  segmented.SegmentedRaftLogWorker (SegmentedRaftLogWorker.java:run(313)) - ab153cfe-456a-45f5-b16c-7616a9ae7eb2@group-46DA52FD210F-SegmentedRaftLogWorker was interrupted, exiting. There are 0 tasks remaining in the queue.
2019-09-25 12:07:16,916 [0b7c031f-92f6-4780-87e9-d12f3b75deed@group-B4315FD5B80F-SegmentedRaftLogWorker] INFO  segmented.SegmentedRaftLogWorker (SegmentedRaftLogWorker.java:run(313)) - 0b7c031f-92f6-4780-87e9-d12f3b75deed@group-B4315FD5B80F-SegmentedRaftLogWorker was interrupted, exiting. There are 0 tasks remaining in the queue.
2019-09-25 12:07:16,917 [main] INFO  segmented.SegmentedRaftLogWorker (SegmentedRaftLogWorker.java:close(228)) - ab153cfe-456a-45f5-b16c-7616a9ae7eb2@group-46DA52FD210F-SegmentedRaftLogWorker close()
2019-09-25 12:07:16,917 [ForkJoinPool.commonPool-worker-0] INFO  segmented.SegmentedRaftLogWorker (SegmentedRaftLogWorker.java:close(228)) - 0b7c031f-92f6-4780-87e9-d12f3b75deed@group-B4315FD5B80F-SegmentedRaftLogWorker close()
2019-09-25 12:07:16,917 [main] INFO  impl.RaftServerImpl (RaftServerImpl.java:lambda$shutdown$3(251)) - ab153cfe-456a-45f5-b16c-7616a9ae7eb2@group-4EF7AE88ED70: shutdown
2019-09-25 12:07:16,917 [ForkJoinPool.commonPool-worker-0] INFO  impl.RaftServerImpl (RaftServerImpl.java:lambda$shutdown$3(251)) - 0b7c031f-92f6-4780-87e9-d12f3b75deed@group-5124E039845C: shutdown
2019-09-25 12:07:16,918 [main] INFO  util.JmxRegister (JmxRegister.java:unregister(73)) - Successfully un-registered JMX Bean with object name Ratis:service=RaftServer,group=group-4EF7AE88ED70,id=ab153cfe-456a-45f5-b16c-7616a9ae7eb2
2019-09-25 12:07:16,918 [main] INFO  impl.RoleInfo (RoleInfo.java:shutdownLeaderState(104)) - ab153cfe-456a-45f5-b16c-7616a9ae7eb2: shutdown LeaderState
2019-09-25 12:07:16,918 [ForkJoinPool.commonPool-worker-0] INFO  util.JmxRegister (JmxRegister.java:unregister(73)) - Successfully un-registered JMX Bean with object name Ratis:service=RaftServer,group=group-5124E039845C,id=0b7c031f-92f6-4780-87e9-d12f3b75deed
2019-09-25 12:07:16,919 [main] INFO  impl.PendingRequests (PendingRequests.java:sendNotLeaderResponses(202)) - ab153cfe-456a-45f5-b16c-7616a9ae7eb2-PendingRequests: sendNotLeaderResponses
2019-09-25 12:07:16,919 [ForkJoinPool.commonPool-worker-0] INFO  impl.RoleInfo (RoleInfo.java:shutdownLeaderState(104)) - 0b7c031f-92f6-4780-87e9-d12f3b75deed: shutdown LeaderState
2019-09-25 12:07:16,919 [main] INFO  impl.StateMachineUpdater (StateMachineUpdater.java:stopAndJoin(125)) - ab153cfe-456a-45f5-b16c-7616a9ae7eb2@group-4EF7AE88ED70-StateMachineUpdater: set stopIndex = 0
2019-09-25 12:07:16,920 [main] INFO  impl.RaftServerImpl (ServerState.java:close(385)) - ab153cfe-456a-45f5-b16c-7616a9ae7eb2@group-4EF7AE88ED70: closes. applyIndex: 0
2019-09-25 12:07:16,920 [ForkJoinPool.commonPool-worker-0] INFO  impl.PendingRequests (PendingRequests.java:sendNotLeaderResponses(202)) - 0b7c031f-92f6-4780-87e9-d12f3b75deed-PendingRequests: sendNotLeaderResponses
2019-09-25 12:07:16,921 [ab153cfe-456a-45f5-b16c-7616a9ae7eb2@group-4EF7AE88ED70-SegmentedRaftLogWorker] INFO  segmented.SegmentedRaftLogWorker (SegmentedRaftLogWorker.java:run(313)) - ab153cfe-456a-45f5-b16c-7616a9ae7eb2@group-4EF7AE88ED70-SegmentedRaftLogWorker was interrupted, exiting. There are 0 tasks remaining in the queue.
2019-09-25 12:07:16,921 [ForkJoinPool.commonPool-worker-0] INFO  impl.StateMachineUpdater (StateMachineUpdater.java:stopAndJoin(125)) - 0b7c031f-92f6-4780-87e9-d12f3b75deed@group-5124E039845C-StateMachineUpdater: set stopIndex = 0
2019-09-25 12:07:16,921 [main] INFO  segmented.SegmentedRaftLogWorker (SegmentedRaftLogWorker.java:close(228)) - ab153cfe-456a-45f5-b16c-7616a9ae7eb2@group-4EF7AE88ED70-SegmentedRaftLogWorker close()
2019-09-25 12:07:16,921 [ForkJoinPool.commonPool-worker-0] INFO  impl.RaftServerImpl (ServerState.java:close(385)) - 0b7c031f-92f6-4780-87e9-d12f3b75deed@group-5124E039845C: closes. applyIndex: 0
2019-09-25 12:07:16,922 [main] INFO  server.GrpcService (GrpcService.java:closeImpl(164)) - ab153cfe-456a-45f5-b16c-7616a9ae7eb2: shutdown server with port 37661 now
2019-09-25 12:07:16,922 [0b7c031f-92f6-4780-87e9-d12f3b75deed@group-5124E039845C-SegmentedRaftLogWorker] INFO  segmented.SegmentedRaftLogWorker (SegmentedRaftLogWorker.java:run(313)) - 0b7c031f-92f6-4780-87e9-d12f3b75deed@group-5124E039845C-SegmentedRaftLogWorker was interrupted, exiting. There are 0 tasks remaining in the queue.
2019-09-25 12:07:16,927 [main] INFO  server.GrpcService (GrpcService.java:closeImpl(172)) - ab153cfe-456a-45f5-b16c-7616a9ae7eb2: shutdown server with port 37661 successfully
2019-09-25 12:07:16,927 [ForkJoinPool.commonPool-worker-0] INFO  segmented.SegmentedRaftLogWorker (SegmentedRaftLogWorker.java:close(228)) - 0b7c031f-92f6-4780-87e9-d12f3b75deed@group-5124E039845C-SegmentedRaftLogWorker close()
2019-09-25 12:07:16,928 [ForkJoinPool.commonPool-worker-0] INFO  impl.RaftServerImpl (RaftServerImpl.java:lambda$shutdown$3(251)) - 0b7c031f-92f6-4780-87e9-d12f3b75deed@group-88EDF54F846B: shutdown
2019-09-25 12:07:16,928 [ForkJoinPool.commonPool-worker-0] INFO  util.JmxRegister (JmxRegister.java:unregister(73)) - Successfully un-registered JMX Bean with object name Ratis:service=RaftServer,group=group-88EDF54F846B,id=0b7c031f-92f6-4780-87e9-d12f3b75deed
2019-09-25 12:07:16,928 [ForkJoinPool.commonPool-worker-0] INFO  impl.RoleInfo (RoleInfo.java:shutdownLeaderState(104)) - 0b7c031f-92f6-4780-87e9-d12f3b75deed: shutdown LeaderState
2019-09-25 12:07:16,929 [ForkJoinPool.commonPool-worker-0] INFO  impl.PendingRequests (PendingRequests.java:sendNotLeaderResponses(202)) - 0b7c031f-92f6-4780-87e9-d12f3b75deed-PendingRequests: sendNotLeaderResponses
2019-09-25 12:07:16,929 [ForkJoinPool.commonPool-worker-0] INFO  impl.StateMachineUpdater (StateMachineUpdater.java:stopAndJoin(125)) - 0b7c031f-92f6-4780-87e9-d12f3b75deed@group-88EDF54F846B-StateMachineUpdater: set stopIndex = 0
2019-09-25 12:07:16,929 [refreshUsed-/workdir/hadoop-ozone/integration-test/target/test-dir/MiniOzoneClusterImpl-ed40a7f8-0b2f-4da3-bf53-40ad2b647f29/datanode-6/data/containers] WARN  fs.CachingGetSpaceUsed (CachingGetSpaceUsed.java:run(183)) - Thread Interrupted waiting to refresh disk information: sleep interrupted
2019-09-25 12:07:16,932 [ForkJoinPool.commonPool-worker-0] INFO  impl.RaftServerImpl (ServerState.java:close(385)) - 0b7c031f-92f6-4780-87e9-d12f3b75deed@group-88EDF54F846B: closes. applyIndex: 0
2019-09-25 12:07:16,932 [0b7c031f-92f6-4780-87e9-d12f3b75deed@group-88EDF54F846B-SegmentedRaftLogWorker] INFO  segmented.SegmentedRaftLogWorker (SegmentedRaftLogWorker.java:run(313)) - 0b7c031f-92f6-4780-87e9-d12f3b75deed@group-88EDF54F846B-SegmentedRaftLogWorker was interrupted, exiting. There are 0 tasks remaining in the queue.
2019-09-25 12:07:16,933 [ForkJoinPool.commonPool-worker-0] INFO  segmented.SegmentedRaftLogWorker (SegmentedRaftLogWorker.java:close(228)) - 0b7c031f-92f6-4780-87e9-d12f3b75deed@group-88EDF54F846B-SegmentedRaftLogWorker close()
2019-09-25 12:07:16,933 [ForkJoinPool.commonPool-worker-0] INFO  server.GrpcService (GrpcService.java:closeImpl(164)) - 0b7c031f-92f6-4780-87e9-d12f3b75deed: shutdown server with port 38949 now
2019-09-25 12:07:16,938 [ForkJoinPool.commonPool-worker-0] INFO  server.GrpcService (GrpcService.java:closeImpl(172)) - 0b7c031f-92f6-4780-87e9-d12f3b75deed: shutdown server with port 38949 successfully
2019-09-25 12:07:16,939 [refreshUsed-/workdir/hadoop-ozone/integration-test/target/test-dir/MiniOzoneClusterImpl-ed40a7f8-0b2f-4da3-bf53-40ad2b647f29/datanode-0/data/containers] WARN  fs.CachingGetSpaceUsed (CachingGetSpaceUsed.java:run(183)) - Thread Interrupted waiting to refresh disk information: sleep interrupted
2019-09-25 12:07:16,948 [main] INFO  utils.BackgroundService (BackgroundService.java:shutdown(148)) - Shutting down service BlockDeletingService
2019-09-25 12:07:16,960 [main] INFO  statemachine.DatanodeStateMachine (DatanodeStateMachine.java:stopDaemon(395)) - Ozone container server stopped.
2019-09-25 12:07:16,961 [main] INFO  handler.ContextHandler (ContextHandler.java:doStop(910)) - Stopped o.e.j.w.WebAppContext@7fe87c0e{/,null,UNAVAILABLE}{/hddsDatanode}
2019-09-25 12:07:16,962 [main] INFO  server.AbstractConnector (AbstractConnector.java:doStop(318)) - Stopped ServerConnector@8f4b803{HTTP/1.1,[http/1.1]}{0.0.0.0:0}
2019-09-25 12:07:16,962 [main] INFO  handler.ContextHandler (ContextHandler.java:doStop(910)) - Stopped o.e.j.s.ServletContextHandler@63e70bf9{/static,jar:file:/home/user/.m2/repository/org/apache/hadoop/hadoop-hdds-container-service/0.5.0-SNAPSHOT/hadoop-hdds-container-service-0.5.0-SNAPSHOT.jar!/webapps/static,UNAVAILABLE}
2019-09-25 12:07:16,962 [main] INFO  handler.ContextHandler (ContextHandler.java:doStop(910)) - Stopped o.e.j.s.ServletContextHandler@10f20d38{/logs,file:///workdir/hadoop-ozone/integration-test/target/log,UNAVAILABLE}
2019-09-25 12:07:16,970 [ForkJoinPool.commonPool-worker-0] INFO  utils.BackgroundService (BackgroundService.java:shutdown(148)) - Shutting down service BlockDeletingService
2019-09-25 12:07:16,979 [ForkJoinPool.commonPool-worker-0] INFO  statemachine.DatanodeStateMachine (DatanodeStateMachine.java:stopDaemon(395)) - Ozone container server stopped.
2019-09-25 12:07:16,988 [ForkJoinPool.commonPool-worker-0] INFO  handler.ContextHandler (ContextHandler.java:doStop(910)) - Stopped o.e.j.w.WebAppContext@ac4e690{/,null,UNAVAILABLE}{/hddsDatanode}
2019-09-25 12:07:16,988 [ForkJoinPool.commonPool-worker-0] INFO  server.AbstractConnector (AbstractConnector.java:doStop(318)) - Stopped ServerConnector@6afeaf2d{HTTP/1.1,[http/1.1]}{0.0.0.0:0}
2019-09-25 12:07:16,991 [ForkJoinPool.commonPool-worker-0] INFO  handler.ContextHandler (ContextHandler.java:doStop(910)) - Stopped o.e.j.s.ServletContextHandler@618f627b{/static,jar:file:/home/user/.m2/repository/org/apache/hadoop/hadoop-hdds-container-service/0.5.0-SNAPSHOT/hadoop-hdds-container-service-0.5.0-SNAPSHOT.jar!/webapps/static,UNAVAILABLE}
2019-09-25 12:07:16,994 [ForkJoinPool.commonPool-worker-0] INFO  handler.ContextHandler (ContextHandler.java:doStop(910)) - Stopped o.e.j.s.ServletContextHandler@763b0996{/logs,file:///workdir/hadoop-ozone/integration-test/target/log,UNAVAILABLE}
2019-09-25 12:07:17,079 [Datanode State Machine Thread - 0] INFO  statemachine.DatanodeStateMachine (DatanodeStateMachine.java:lambda$startDaemon$0(350)) - Ozone container server started.
2019-09-25 12:07:21,093 [EventQueue-StaleNodeForStaleNodeHandler] INFO  node.StaleNodeHandler (StaleNodeHandler.java:onMessage(58)) - Datanode f4c1a9a1-2d51-404c-8ce9-40a1851b7a0b{ip: 192.168.151.73, host: pr-hdds-1569-shd4m-3693607622, networkLocation: /default-rack, certSerialId: null} moved to stale state. Finalizing its pipelines [PipelineID=8a0816ff-b773-4e34-bf7d-f28e30a8329a, PipelineID=c49c5ba1-d918-4132-b35d-a6a29066576a, PipelineID=ead21fee-9514-4368-b0c6-6782372d9723, PipelineID=403afe7f-88c2-4f57-988e-7fd2ec3d9d5a, PipelineID=758b19cf-cee9-4700-95b9-52b91e0e6b5f, PipelineID=a2234e72-377f-4012-bbb3-178624bc5208]
2019-09-25 12:07:21,093 [EventQueue-StaleNodeForStaleNodeHandler] INFO  pipeline.SCMPipelineManager (SCMPipelineManager.java:finalizeAndDestroyPipeline(316)) - destroying pipeline:Pipeline[ Id: 8a0816ff-b773-4e34-bf7d-f28e30a8329a, Nodes: f4c1a9a1-2d51-404c-8ce9-40a1851b7a0b{ip: 192.168.151.73, host: pr-hdds-1569-shd4m-3693607622, networkLocation: /default-rack, certSerialId: null}, Type:RATIS, Factor:ONE, State:OPEN]
2019-09-25 12:07:21,093 [EventQueue-StaleNodeForStaleNodeHandler] INFO  pipeline.PipelineStateManager (PipelineStateManager.java:finalizePipeline(123)) - Pipeline Pipeline[ Id: 8a0816ff-b773-4e34-bf7d-f28e30a8329a, Nodes: f4c1a9a1-2d51-404c-8ce9-40a1851b7a0b{ip: 192.168.151.73, host: pr-hdds-1569-shd4m-3693607622, networkLocation: /default-rack, certSerialId: null}, Type:RATIS, Factor:ONE, State:CLOSED] moved to CLOSED state
2019-09-25 12:07:21,093 [EventQueue-StaleNodeForStaleNodeHandler] INFO  pipeline.SCMPipelineManager (SCMPipelineManager.java:finalizeAndDestroyPipeline(316)) - destroying pipeline:Pipeline[ Id: c49c5ba1-d918-4132-b35d-a6a29066576a, Nodes: f4c1a9a1-2d51-404c-8ce9-40a1851b7a0b{ip: 192.168.151.73, host: pr-hdds-1569-shd4m-3693607622, networkLocation: /default-rack, certSerialId: null}, Type:RATIS, Factor:ONE, State:OPEN]
2019-09-25 12:07:21,094 [EventQueue-StaleNodeForStaleNodeHandler] INFO  pipeline.PipelineStateManager (PipelineStateManager.java:finalizePipeline(123)) - Pipeline Pipeline[ Id: c49c5ba1-d918-4132-b35d-a6a29066576a, Nodes: f4c1a9a1-2d51-404c-8ce9-40a1851b7a0b{ip: 192.168.151.73, host: pr-hdds-1569-shd4m-3693607622, networkLocation: /default-rack, certSerialId: null}, Type:RATIS, Factor:ONE, State:CLOSED] moved to CLOSED state
2019-09-25 12:07:21,094 [EventQueue-StaleNodeForStaleNodeHandler] INFO  pipeline.SCMPipelineManager (SCMPipelineManager.java:finalizeAndDestroyPipeline(316)) - destroying pipeline:Pipeline[ Id: ead21fee-9514-4368-b0c6-6782372d9723, Nodes: f4c1a9a1-2d51-404c-8ce9-40a1851b7a0b{ip: 192.168.151.73, host: pr-hdds-1569-shd4m-3693607622, networkLocation: /default-rack, certSerialId: null}, Type:RATIS, Factor:ONE, State:OPEN]
2019-09-25 12:07:21,094 [EventQueue-StaleNodeForStaleNodeHandler] INFO  pipeline.PipelineStateManager (PipelineStateManager.java:finalizePipeline(123)) - Pipeline Pipeline[ Id: ead21fee-9514-4368-b0c6-6782372d9723, Nodes: f4c1a9a1-2d51-404c-8ce9-40a1851b7a0b{ip: 192.168.151.73, host: pr-hdds-1569-shd4m-3693607622, networkLocation: /default-rack, certSerialId: null}, Type:RATIS, Factor:ONE, State:CLOSED] moved to CLOSED state
2019-09-25 12:07:21,094 [EventQueue-StaleNodeForStaleNodeHandler] INFO  pipeline.SCMPipelineManager (SCMPipelineManager.java:finalizeAndDestroyPipeline(316)) - destroying pipeline:Pipeline[ Id: 403afe7f-88c2-4f57-988e-7fd2ec3d9d5a, Nodes: f4c1a9a1-2d51-404c-8ce9-40a1851b7a0b{ip: 192.168.151.73, host: pr-hdds-1569-shd4m-3693607622, networkLocation: /default-rack, certSerialId: null}, Type:RATIS, Factor:ONE, State:OPEN]
2019-09-25 12:07:21,094 [EventQueue-StaleNodeForStaleNodeHandler] INFO  pipeline.PipelineStateManager (PipelineStateManager.java:finalizePipeline(123)) - Pipeline Pipeline[ Id: 403afe7f-88c2-4f57-988e-7fd2ec3d9d5a, Nodes: f4c1a9a1-2d51-404c-8ce9-40a1851b7a0b{ip: 192.168.151.73, host: pr-hdds-1569-shd4m-3693607622, networkLocation: /default-rack, certSerialId: null}, Type:RATIS, Factor:ONE, State:CLOSED] moved to CLOSED state
2019-09-25 12:07:21,094 [EventQueue-StaleNodeForStaleNodeHandler] INFO  pipeline.SCMPipelineManager (SCMPipelineManager.java:finalizeAndDestroyPipeline(316)) - destroying pipeline:Pipeline[ Id: 758b19cf-cee9-4700-95b9-52b91e0e6b5f, Nodes: f4c1a9a1-2d51-404c-8ce9-40a1851b7a0b{ip: 192.168.151.73, host: pr-hdds-1569-shd4m-3693607622, networkLocation: /default-rack, certSerialId: null}, Type:RATIS, Factor:ONE, State:OPEN]
2019-09-25 12:07:21,094 [EventQueue-StaleNodeForStaleNodeHandler] INFO  pipeline.PipelineStateManager (PipelineStateManager.java:finalizePipeline(123)) - Pipeline Pipeline[ Id: 758b19cf-cee9-4700-95b9-52b91e0e6b5f, Nodes: f4c1a9a1-2d51-404c-8ce9-40a1851b7a0b{ip: 192.168.151.73, host: pr-hdds-1569-shd4m-3693607622, networkLocation: /default-rack, certSerialId: null}, Type:RATIS, Factor:ONE, State:CLOSED] moved to CLOSED state
2019-09-25 12:07:21,095 [EventQueue-StaleNodeForStaleNodeHandler] INFO  pipeline.SCMPipelineManager (SCMPipelineManager.java:finalizeAndDestroyPipeline(316)) - destroying pipeline:Pipeline[ Id: a2234e72-377f-4012-bbb3-178624bc5208, Nodes: f4c1a9a1-2d51-404c-8ce9-40a1851b7a0b{ip: 192.168.151.73, host: pr-hdds-1569-shd4m-3693607622, networkLocation: /default-rack, certSerialId: null}, Type:RATIS, Factor:ONE, State:OPEN]
2019-09-25 12:07:21,095 [EventQueue-StaleNodeForStaleNodeHandler] INFO  pipeline.PipelineStateManager (PipelineStateManager.java:finalizePipeline(123)) - Pipeline Pipeline[ Id: a2234e72-377f-4012-bbb3-178624bc5208, Nodes: f4c1a9a1-2d51-404c-8ce9-40a1851b7a0b{ip: 192.168.151.73, host: pr-hdds-1569-shd4m-3693607622, networkLocation: /default-rack, certSerialId: null}, Type:RATIS, Factor:ONE, State:CLOSED] moved to CLOSED state
2019-09-25 12:07:21,964 [main] INFO  ozoneimpl.OzoneContainer (OzoneContainer.java:stop(231)) - Attempting to stop container services.
2019-09-25 12:07:21,969 [main] INFO  impl.RaftServerProxy (RaftServerProxy.java:lambda$close$4(314)) - f4c1a9a1-2d51-404c-8ce9-40a1851b7a0b: close
2019-09-25 12:07:21,970 [main] INFO  impl.RaftServerImpl (RaftServerImpl.java:lambda$shutdown$3(251)) - f4c1a9a1-2d51-404c-8ce9-40a1851b7a0b@group-A6A29066576A: shutdown
2019-09-25 12:07:21,970 [ForkJoinPool.commonPool-worker-1] INFO  impl.RaftServerImpl (RaftServerImpl.java:lambda$shutdown$3(251)) - f4c1a9a1-2d51-404c-8ce9-40a1851b7a0b@group-6782372D9723: shutdown
2019-09-25 12:07:21,970 [main] INFO  util.JmxRegister (JmxRegister.java:unregister(73)) - Successfully un-registered JMX Bean with object name Ratis:service=RaftServer,group=group-A6A29066576A,id=f4c1a9a1-2d51-404c-8ce9-40a1851b7a0b
2019-09-25 12:07:21,971 [ForkJoinPool.commonPool-worker-1] INFO  util.JmxRegister (JmxRegister.java:unregister(73)) - Successfully un-registered JMX Bean with object name Ratis:service=RaftServer,group=group-6782372D9723,id=f4c1a9a1-2d51-404c-8ce9-40a1851b7a0b
2019-09-25 12:07:21,971 [main] INFO  impl.RoleInfo (RoleInfo.java:shutdownLeaderState(104)) - f4c1a9a1-2d51-404c-8ce9-40a1851b7a0b: shutdown LeaderState
2019-09-25 12:07:21,971 [ForkJoinPool.commonPool-worker-1] INFO  impl.RoleInfo (RoleInfo.java:shutdownLeaderState(104)) - f4c1a9a1-2d51-404c-8ce9-40a1851b7a0b: shutdown LeaderState
2019-09-25 12:07:21,972 [main] INFO  impl.PendingRequests (PendingRequests.java:sendNotLeaderResponses(202)) - f4c1a9a1-2d51-404c-8ce9-40a1851b7a0b-PendingRequests: sendNotLeaderResponses
2019-09-25 12:07:21,972 [ForkJoinPool.commonPool-worker-1] INFO  impl.PendingRequests (PendingRequests.java:sendNotLeaderResponses(202)) - f4c1a9a1-2d51-404c-8ce9-40a1851b7a0b-PendingRequests: sendNotLeaderResponses
2019-09-25 12:07:21,972 [main] INFO  impl.StateMachineUpdater (StateMachineUpdater.java:stopAndJoin(125)) - f4c1a9a1-2d51-404c-8ce9-40a1851b7a0b@group-A6A29066576A-StateMachineUpdater: set stopIndex = 0
2019-09-25 12:07:21,973 [main] INFO  impl.RaftServerImpl (ServerState.java:close(385)) - f4c1a9a1-2d51-404c-8ce9-40a1851b7a0b@group-A6A29066576A: closes. applyIndex: 0
2019-09-25 12:07:21,973 [ForkJoinPool.commonPool-worker-1] INFO  impl.StateMachineUpdater (StateMachineUpdater.java:stopAndJoin(125)) - f4c1a9a1-2d51-404c-8ce9-40a1851b7a0b@group-6782372D9723-StateMachineUpdater: set stopIndex = 0
2019-09-25 12:07:21,974 [f4c1a9a1-2d51-404c-8ce9-40a1851b7a0b@group-A6A29066576A-SegmentedRaftLogWorker] INFO  segmented.SegmentedRaftLogWorker (SegmentedRaftLogWorker.java:run(313)) - f4c1a9a1-2d51-404c-8ce9-40a1851b7a0b@group-A6A29066576A-SegmentedRaftLogWorker was interrupted, exiting. There are 0 tasks remaining in the queue.
2019-09-25 12:07:21,974 [ForkJoinPool.commonPool-worker-1] INFO  impl.RaftServerImpl (ServerState.java:close(385)) - f4c1a9a1-2d51-404c-8ce9-40a1851b7a0b@group-6782372D9723: closes. applyIndex: 0
2019-09-25 12:07:21,974 [main] INFO  segmented.SegmentedRaftLogWorker (SegmentedRaftLogWorker.java:close(228)) - f4c1a9a1-2d51-404c-8ce9-40a1851b7a0b@group-A6A29066576A-SegmentedRaftLogWorker close()
2019-09-25 12:07:21,974 [f4c1a9a1-2d51-404c-8ce9-40a1851b7a0b@group-6782372D9723-SegmentedRaftLogWorker] INFO  segmented.SegmentedRaftLogWorker (SegmentedRaftLogWorker.java:run(313)) - f4c1a9a1-2d51-404c-8ce9-40a1851b7a0b@group-6782372D9723-SegmentedRaftLogWorker was interrupted, exiting. There are 0 tasks remaining in the queue.
2019-09-25 12:07:21,975 [main] INFO  impl.RaftServerImpl (RaftServerImpl.java:lambda$shutdown$3(251)) - f4c1a9a1-2d51-404c-8ce9-40a1851b7a0b@group-F28E30A8329A: shutdown
2019-09-25 12:07:21,975 [ForkJoinPool.commonPool-worker-1] INFO  segmented.SegmentedRaftLogWorker (SegmentedRaftLogWorker.java:close(228)) - f4c1a9a1-2d51-404c-8ce9-40a1851b7a0b@group-6782372D9723-SegmentedRaftLogWorker close()
2019-09-25 12:07:21,975 [main] INFO  util.JmxRegister (JmxRegister.java:unregister(73)) - Successfully un-registered JMX Bean with object name Ratis:service=RaftServer,group=group-F28E30A8329A,id=f4c1a9a1-2d51-404c-8ce9-40a1851b7a0b
2019-09-25 12:07:21,976 [main] INFO  impl.RoleInfo (RoleInfo.java:shutdownLeaderState(104)) - f4c1a9a1-2d51-404c-8ce9-40a1851b7a0b: shutdown LeaderState
2019-09-25 12:07:21,976 [main] INFO  impl.PendingRequests (PendingRequests.java:sendNotLeaderResponses(202)) - f4c1a9a1-2d51-404c-8ce9-40a1851b7a0b-PendingRequests: sendNotLeaderResponses
2019-09-25 12:07:21,975 [ForkJoinPool.commonPool-worker-1] INFO  impl.RaftServerImpl (RaftServerImpl.java:lambda$shutdown$3(251)) - f4c1a9a1-2d51-404c-8ce9-40a1851b7a0b@group-7FD2EC3D9D5A: shutdown
2019-09-25 12:07:21,977 [main] INFO  impl.StateMachineUpdater (StateMachineUpdater.java:stopAndJoin(125)) - f4c1a9a1-2d51-404c-8ce9-40a1851b7a0b@group-F28E30A8329A-StateMachineUpdater: set stopIndex = 0
2019-09-25 12:07:21,977 [main] INFO  impl.RaftServerImpl (ServerState.java:close(385)) - f4c1a9a1-2d51-404c-8ce9-40a1851b7a0b@group-F28E30A8329A: closes. applyIndex: 0
2019-09-25 12:07:21,977 [ForkJoinPool.commonPool-worker-1] INFO  util.JmxRegister (JmxRegister.java:unregister(73)) - Successfully un-registered JMX Bean with object name Ratis:service=RaftServer,group=group-7FD2EC3D9D5A,id=f4c1a9a1-2d51-404c-8ce9-40a1851b7a0b
2019-09-25 12:07:21,978 [ForkJoinPool.commonPool-worker-1] INFO  impl.RoleInfo (RoleInfo.java:shutdownLeaderState(104)) - f4c1a9a1-2d51-404c-8ce9-40a1851b7a0b: shutdown LeaderState
2019-09-25 12:07:21,978 [f4c1a9a1-2d51-404c-8ce9-40a1851b7a0b@group-F28E30A8329A-SegmentedRaftLogWorker] INFO  segmented.SegmentedRaftLogWorker (SegmentedRaftLogWorker.java:run(313)) - f4c1a9a1-2d51-404c-8ce9-40a1851b7a0b@group-F28E30A8329A-SegmentedRaftLogWorker was interrupted, exiting. There are 0 tasks remaining in the queue.
2019-09-25 12:07:21,978 [ForkJoinPool.commonPool-worker-1] INFO  impl.PendingRequests (PendingRequests.java:sendNotLeaderResponses(202)) - f4c1a9a1-2d51-404c-8ce9-40a1851b7a0b-PendingRequests: sendNotLeaderResponses
2019-09-25 12:07:21,978 [main] INFO  segmented.SegmentedRaftLogWorker (SegmentedRaftLogWorker.java:close(228)) - f4c1a9a1-2d51-404c-8ce9-40a1851b7a0b@group-F28E30A8329A-SegmentedRaftLogWorker close()
2019-09-25 12:07:21,978 [ForkJoinPool.commonPool-worker-1] INFO  impl.StateMachineUpdater (StateMachineUpdater.java:stopAndJoin(125)) - f4c1a9a1-2d51-404c-8ce9-40a1851b7a0b@group-7FD2EC3D9D5A-StateMachineUpdater: set stopIndex = 0
2019-09-25 12:07:21,979 [ForkJoinPool.commonPool-worker-1] INFO  impl.RaftServerImpl (ServerState.java:close(385)) - f4c1a9a1-2d51-404c-8ce9-40a1851b7a0b@group-7FD2EC3D9D5A: closes. applyIndex: 0
2019-09-25 12:07:21,979 [main] INFO  impl.RaftServerImpl (RaftServerImpl.java:lambda$shutdown$3(251)) - f4c1a9a1-2d51-404c-8ce9-40a1851b7a0b@group-52B91E0E6B5F: shutdown
2019-09-25 12:07:21,979 [f4c1a9a1-2d51-404c-8ce9-40a1851b7a0b@group-7FD2EC3D9D5A-SegmentedRaftLogWorker] INFO  segmented.SegmentedRaftLogWorker (SegmentedRaftLogWorker.java:run(313)) - f4c1a9a1-2d51-404c-8ce9-40a1851b7a0b@group-7FD2EC3D9D5A-SegmentedRaftLogWorker was interrupted, exiting. There are 0 tasks remaining in the queue.
2019-09-25 12:07:21,980 [main] INFO  util.JmxRegister (JmxRegister.java:unregister(73)) - Successfully un-registered JMX Bean with object name Ratis:service=RaftServer,group=group-52B91E0E6B5F,id=f4c1a9a1-2d51-404c-8ce9-40a1851b7a0b
2019-09-25 12:07:21,980 [main] INFO  impl.RoleInfo (RoleInfo.java:shutdownLeaderState(104)) - f4c1a9a1-2d51-404c-8ce9-40a1851b7a0b: shutdown LeaderState
2019-09-25 12:07:21,980 [ForkJoinPool.commonPool-worker-1] INFO  segmented.SegmentedRaftLogWorker (SegmentedRaftLogWorker.java:close(228)) - f4c1a9a1-2d51-404c-8ce9-40a1851b7a0b@group-7FD2EC3D9D5A-SegmentedRaftLogWorker close()
2019-09-25 12:07:21,981 [main] INFO  impl.PendingRequests (PendingRequests.java:sendNotLeaderResponses(202)) - f4c1a9a1-2d51-404c-8ce9-40a1851b7a0b-PendingRequests: sendNotLeaderResponses
2019-09-25 12:07:21,981 [main] INFO  impl.StateMachineUpdater (StateMachineUpdater.java:stopAndJoin(125)) - f4c1a9a1-2d51-404c-8ce9-40a1851b7a0b@group-52B91E0E6B5F-StateMachineUpdater: set stopIndex = 0
2019-09-25 12:07:21,982 [main] INFO  impl.RaftServerImpl (ServerState.java:close(385)) - f4c1a9a1-2d51-404c-8ce9-40a1851b7a0b@group-52B91E0E6B5F: closes. applyIndex: 0
2019-09-25 12:07:21,982 [f4c1a9a1-2d51-404c-8ce9-40a1851b7a0b@group-52B91E0E6B5F-SegmentedRaftLogWorker] INFO  segmented.SegmentedRaftLogWorker (SegmentedRaftLogWorker.java:run(313)) - f4c1a9a1-2d51-404c-8ce9-40a1851b7a0b@group-52B91E0E6B5F-SegmentedRaftLogWorker was interrupted, exiting. There are 0 tasks remaining in the queue.
2019-09-25 12:07:21,982 [main] INFO  segmented.SegmentedRaftLogWorker (SegmentedRaftLogWorker.java:close(228)) - f4c1a9a1-2d51-404c-8ce9-40a1851b7a0b@group-52B91E0E6B5F-SegmentedRaftLogWorker close()
2019-09-25 12:07:21,983 [main] INFO  impl.RaftServerImpl (RaftServerImpl.java:lambda$shutdown$3(251)) - f4c1a9a1-2d51-404c-8ce9-40a1851b7a0b@group-178624BC5208: shutdown
2019-09-25 12:07:21,983 [main] INFO  util.JmxRegister (JmxRegister.java:unregister(73)) - Successfully un-registered JMX Bean with object name Ratis:service=RaftServer,group=group-178624BC5208,id=f4c1a9a1-2d51-404c-8ce9-40a1851b7a0b
2019-09-25 12:07:21,984 [main] INFO  impl.RoleInfo (RoleInfo.java:shutdownLeaderState(104)) - f4c1a9a1-2d51-404c-8ce9-40a1851b7a0b: shutdown LeaderState
2019-09-25 12:07:21,984 [main] INFO  impl.PendingRequests (PendingRequests.java:sendNotLeaderResponses(202)) - f4c1a9a1-2d51-404c-8ce9-40a1851b7a0b-PendingRequests: sendNotLeaderResponses
2019-09-25 12:07:21,985 [main] INFO  impl.StateMachineUpdater (StateMachineUpdater.java:stopAndJoin(125)) - f4c1a9a1-2d51-404c-8ce9-40a1851b7a0b@group-178624BC5208-StateMachineUpdater: set stopIndex = 0
2019-09-25 12:07:21,985 [main] INFO  impl.RaftServerImpl (ServerState.java:close(385)) - f4c1a9a1-2d51-404c-8ce9-40a1851b7a0b@group-178624BC5208: closes. applyIndex: 0
2019-09-25 12:07:21,985 [f4c1a9a1-2d51-404c-8ce9-40a1851b7a0b@group-178624BC5208-SegmentedRaftLogWorker] INFO  segmented.SegmentedRaftLogWorker (SegmentedRaftLogWorker.java:run(313)) - f4c1a9a1-2d51-404c-8ce9-40a1851b7a0b@group-178624BC5208-SegmentedRaftLogWorker was interrupted, exiting. There are 0 tasks remaining in the queue.
2019-09-25 12:07:21,986 [main] INFO  segmented.SegmentedRaftLogWorker (SegmentedRaftLogWorker.java:close(228)) - f4c1a9a1-2d51-404c-8ce9-40a1851b7a0b@group-178624BC5208-SegmentedRaftLogWorker close()
2019-09-25 12:07:21,986 [main] INFO  server.GrpcService (GrpcService.java:closeImpl(164)) - f4c1a9a1-2d51-404c-8ce9-40a1851b7a0b: shutdown server with port 39166 now
2019-09-25 12:07:21,990 [main] INFO  server.GrpcService (GrpcService.java:closeImpl(172)) - f4c1a9a1-2d51-404c-8ce9-40a1851b7a0b: shutdown server with port 39166 successfully
2019-09-25 12:07:21,992 [refreshUsed-/workdir/hadoop-ozone/integration-test/target/test-dir/MiniOzoneClusterImpl-ed40a7f8-0b2f-4da3-bf53-40ad2b647f29/datanode-5/data/containers] WARN  fs.CachingGetSpaceUsed (CachingGetSpaceUsed.java:run(183)) - Thread Interrupted waiting to refresh disk information: sleep interrupted
2019-09-25 12:07:22,006 [main] INFO  utils.BackgroundService (BackgroundService.java:shutdown(148)) - Shutting down service BlockDeletingService
2019-09-25 12:07:22,016 [main] INFO  statemachine.DatanodeStateMachine (DatanodeStateMachine.java:stopDaemon(395)) - Ozone container server stopped.
2019-09-25 12:07:22,017 [main] INFO  handler.ContextHandler (ContextHandler.java:doStop(910)) - Stopped o.e.j.w.WebAppContext@34e990cc{/,null,UNAVAILABLE}{/hddsDatanode}
2019-09-25 12:07:22,017 [main] INFO  server.AbstractConnector (AbstractConnector.java:doStop(318)) - Stopped ServerConnector@2d5ae78e{HTTP/1.1,[http/1.1]}{0.0.0.0:0}
2019-09-25 12:07:22,018 [main] INFO  handler.ContextHandler (ContextHandler.java:doStop(910)) - Stopped o.e.j.s.ServletContextHandler@18dac12f{/static,jar:file:/home/user/.m2/repository/org/apache/hadoop/hadoop-hdds-container-service/0.5.0-SNAPSHOT/hadoop-hdds-container-service-0.5.0-SNAPSHOT.jar!/webapps/static,UNAVAILABLE}
2019-09-25 12:07:22,018 [main] INFO  handler.ContextHandler (ContextHandler.java:doStop(910)) - Stopped o.e.j.s.ServletContextHandler@26101efc{/logs,file:///workdir/hadoop-ozone/integration-test/target/log,UNAVAILABLE}
2019-09-25 12:07:22,019 [main] INFO  ozone.MiniOzoneClusterImpl (MiniOzoneClusterImpl.java:stopSCM(392)) - Stopping the StorageContainerManager
2019-09-25 12:07:22,019 [main] INFO  server.StorageContainerManager (StorageContainerManager.java:stop(808)) - Stopping Replication Manager Service.
2019-09-25 12:07:22,019 [main] INFO  container.ReplicationManager (ReplicationManager.java:stop(204)) - Stopping Replication Monitor Thread.
2019-09-25 12:07:22,019 [main] INFO  server.StorageContainerManager (StorageContainerManager.java:stop(815)) - Stopping Lease Manager of the command watchers
2019-09-25 12:07:22,020 [main] INFO  server.StorageContainerManager (StorageContainerManager.java:stop(822)) - Stopping datanode service RPC server
2019-09-25 12:07:22,020 [main] INFO  server.SCMDatanodeProtocolServer (SCMDatanodeProtocolServer.java:stop(367)) - Stopping the RPC server for DataNodes
2019-09-25 12:07:22,020 [main] INFO  ipc.Server (Server.java:stop(3082)) - Stopping server on 34190
2019-09-25 12:07:22,024 [IPC Server listener on 34190] INFO  ipc.Server (Server.java:run(1185)) - Stopping IPC Server listener on 34190
2019-09-25 12:07:22,024 [IPC Server Responder] INFO  ipc.Server (Server.java:run(1319)) - Stopping IPC Server Responder
2019-09-25 12:07:22,094 [SCM Heartbeat Processing Thread - 0] WARN  node.NodeStateManager (NodeStateManager.java:scheduleNextHealthCheck(655)) - Current Thread is interrupted, shutting down HB processing thread for Node Manager.
2019-09-25 12:07:22,094 [main] INFO  server.StorageContainerManager (StorageContainerManager.java:stop(830)) - Stopping block service RPC server
2019-09-25 12:07:22,094 [main] INFO  server.SCMBlockProtocolServer (SCMBlockProtocolServer.java:stop(155)) - Stopping the RPC server for Block Protocol
2019-09-25 12:07:22,095 [main] INFO  ipc.Server (Server.java:stop(3082)) - Stopping server on 43936
2019-09-25 12:07:22,100 [IPC Server listener on 43936] INFO  ipc.Server (Server.java:run(1185)) - Stopping IPC Server listener on 43936
2019-09-25 12:07:22,118 [IPC Server Responder] INFO  ipc.Server (Server.java:run(1319)) - Stopping IPC Server Responder
2019-09-25 12:07:22,119 [main] INFO  server.StorageContainerManager (StorageContainerManager.java:stop(837)) - Stopping the StorageContainerLocationProtocol RPC server
2019-09-25 12:07:22,119 [main] INFO  server.SCMClientProtocolServer (SCMClientProtocolServer.java:stop(159)) - Stopping the RPC server for Client Protocol
2019-09-25 12:07:22,119 [main] INFO  ipc.Server (Server.java:stop(3082)) - Stopping server on 42366
2019-09-25 12:07:22,122 [IPC Server listener on 42366] INFO  ipc.Server (Server.java:run(1185)) - Stopping IPC Server listener on 42366
2019-09-25 12:07:22,122 [IPC Server Responder] INFO  ipc.Server (Server.java:run(1319)) - Stopping IPC Server Responder
2019-09-25 12:07:22,122 [main] INFO  server.StorageContainerManager (StorageContainerManager.java:stop(844)) - Stopping Storage Container Manager HTTP server.
2019-09-25 12:07:22,123 [main] INFO  handler.ContextHandler (ContextHandler.java:doStop(910)) - Stopped o.e.j.w.WebAppContext@1aed6f0b{/,null,UNAVAILABLE}{/scm}
2019-09-25 12:07:22,124 [main] INFO  server.AbstractConnector (AbstractConnector.java:doStop(318)) - Stopped ServerConnector@3b3546a3{HTTP/1.1,[http/1.1]}{0.0.0.0:0}
2019-09-25 12:07:22,124 [main] INFO  handler.ContextHandler (ContextHandler.java:doStop(910)) - Stopped o.e.j.s.ServletContextHandler@1a84a8b2{/static,file:///workdir/hadoop-ozone/integration-test/target/test-classes/webapps/static,UNAVAILABLE}
2019-09-25 12:07:22,125 [main] INFO  handler.ContextHandler (ContextHandler.java:doStop(910)) - Stopped o.e.j.s.ServletContextHandler@131ba005{/logs,file:///workdir/hadoop-ozone/integration-test/target/log,UNAVAILABLE}
2019-09-25 12:07:22,125 [main] INFO  server.StorageContainerManager (StorageContainerManager.java:stop(855)) - Stopping Block Manager Service.
2019-09-25 12:07:22,125 [main] INFO  utils.BackgroundService (BackgroundService.java:shutdown(148)) - Shutting down service SCMBlockDeletingService
2019-09-25 12:07:22,126 [main] INFO  utils.BackgroundService (BackgroundService.java:shutdown(148)) - Shutting down service SCMBlockDeletingService
2019-09-25 12:07:22,126 [main] INFO  server.StorageContainerManager (StorageContainerManager.java:stop(877)) - Stopping SCM Event Queue.
2019-09-25 12:07:22,130 [main] INFO  impl.MetricsSystemImpl (MetricsSystemImpl.java:stop(210)) - Stopping HddsDatanode metrics system...
2019-09-25 12:07:22,185 [main] INFO  impl.MetricsSystemImpl (MetricsSystemImpl.java:stop(216)) - HddsDatanode metrics system stopped.
]]></system-out>
  </testcase>
</testsuite>