<?xml version="1.0" encoding="UTF-8"?>
<testsuite xmlns:xsi="http://www.w3.org/2001/XMLSchema-instance" xsi:noNamespaceSchemaLocation="https://maven.apache.org/surefire/maven-surefire-plugin/xsd/surefire-test-report.xsd" name="org.apache.hadoop.ozone.client.rpc.TestContainerReplicationEndToEnd" time="31.748" tests="1" errors="1" skipped="0" failures="0">
  <properties>
    <property name="awt.toolkit" value="sun.awt.X11.XToolkit"/>
    <property name="file.encoding.pkg" value="sun.io"/>
    <property name="java.specification.version" value="1.8"/>
    <property name="sun.cpu.isalist" value=""/>
    <property name="sun.jnu.encoding" value="UTF-8"/>
    <property name="java.class.path" value="/workdir/hadoop-ozone/integration-test/target/test-classes:/workdir/hadoop-ozone/integration-test/target/classes:/home/user/.m2/repository/org/apache/hadoop/hadoop-ozone-common/0.5.0-SNAPSHOT/hadoop-ozone-common-0.5.0-SNAPSHOT.jar:/home/user/.m2/repository/org/apache/commons/commons-compress/1.4.1/commons-compress-1.4.1.jar:/home/user/.m2/repository/org/tukaani/xz/1.0/xz-1.0.jar:/home/user/.m2/repository/org/apache/hadoop/hadoop-common/3.2.0/hadoop-common-3.2.0.jar:/home/user/.m2/repository/org/apache/hadoop/hadoop-hdfs/3.2.0/hadoop-hdfs-3.2.0.jar:/home/user/.m2/repository/org/apache/hadoop/hadoop-hdfs-client/3.2.0/hadoop-hdfs-client-3.2.0.jar:/home/user/.m2/repository/com/fasterxml/jackson/core/jackson-annotations/2.9.9/jackson-annotations-2.9.9.jar:/home/user/.m2/repository/org/apache/hadoop/hadoop-hdds-common/0.5.0-SNAPSHOT/hadoop-hdds-common-0.5.0-SNAPSHOT.jar:/home/user/.m2/repository/javax/annotation/javax.annotation-api/1.2/javax.annotation-api-1.2.jar:/home/user/.m2/repository/org/apache/ratis/ratis-server/0.4.0-78e95b9-SNAPSHOT/ratis-server-0.4.0-78e95b9-SNAPSHOT.jar:/home/user/.m2/repository/org/apache/ratis/ratis-thirdparty-misc/0.2.0/ratis-thirdparty-misc-0.2.0.jar:/home/user/.m2/repository/org/apache/ratis/ratis-proto/0.4.0-78e95b9-SNAPSHOT/ratis-proto-0.4.0-78e95b9-SNAPSHOT.jar:/home/user/.m2/repository/org/apache/ratis/ratis-common/0.4.0-78e95b9-SNAPSHOT/ratis-common-0.4.0-78e95b9-SNAPSHOT.jar:/home/user/.m2/repository/org/apache/ratis/ratis-client/0.4.0-78e95b9-SNAPSHOT/ratis-client-0.4.0-78e95b9-SNAPSHOT.jar:/home/user/.m2/repository/org/apache/ratis/ratis-metrics/0.4.0-78e95b9-SNAPSHOT/ratis-metrics-0.4.0-78e95b9-SNAPSHOT.jar:/home/user/.m2/repository/com/github/joshelser/dropwizard-metrics-hadoop-metrics2-reporter/0.1.2/dropwizard-metrics-hadoop-metrics2-reporter-0.1.2.jar:/home/user/.m2/repository/io/dropwizard/metrics/metrics-jvm/3.2.5/metrics-jvm-3.2.5.jar:/home/user/.m2/repository/io/dropwizard/metrics/metrics-ganglia/3.2.5/metrics-ganglia-3.2.5.jar:/home/user/.m2/repository/info/ganglia/gmetric4j/gmetric4j/1.0.7/gmetric4j-1.0.7.jar:/home/user/.m2/repository/org/apache/ratis/ratis-netty/0.4.0-78e95b9-SNAPSHOT/ratis-netty-0.4.0-78e95b9-SNAPSHOT.jar:/home/user/.m2/repository/org/apache/ratis/ratis-grpc/0.4.0-78e95b9-SNAPSHOT/ratis-grpc-0.4.0-78e95b9-SNAPSHOT.jar:/home/user/.m2/repository/org/rocksdb/rocksdbjni/6.0.1/rocksdbjni-6.0.1.jar:/home/user/.m2/repository/org/apache/logging/log4j/log4j-api/2.11.0/log4j-api-2.11.0.jar:/home/user/.m2/repository/org/apache/logging/log4j/log4j-core/2.11.0/log4j-core-2.11.0.jar:/home/user/.m2/repository/com/lmax/disruptor/3.4.2/disruptor-3.4.2.jar:/home/user/.m2/repository/org/apache/commons/commons-pool2/2.6.0/commons-pool2-2.6.0.jar:/home/user/.m2/repository/org/bouncycastle/bcpkix-jdk15on/1.60/bcpkix-jdk15on-1.60.jar:/home/user/.m2/repository/commons-validator/commons-validator/1.6/commons-validator-1.6.jar:/home/user/.m2/repository/commons-digester/commons-digester/1.8.1/commons-digester-1.8.1.jar:/home/user/.m2/repository/io/jaegertracing/jaeger-client/0.33.1/jaeger-client-0.33.1.jar:/home/user/.m2/repository/io/jaegertracing/jaeger-thrift/0.33.1/jaeger-thrift-0.33.1.jar:/home/user/.m2/repository/org/apache/thrift/libthrift/0.11.0/libthrift-0.11.0.jar:/home/user/.m2/repository/com/squareup/okhttp3/okhttp/3.9.0/okhttp-3.9.0.jar:/home/user/.m2/repository/com/squareup/okio/okio/1.13.0/okio-1.13.0.jar:/home/user/.m2/repository/io/jaegertracing/jaeger-core/0.33.1/jaeger-core-0.33.1.jar:/home/user/.m2/repository/io/jaegertracing/jaeger-tracerresolver/0.33.1/jaeger-tracerresolver-0.33.1.jar:/home/user/.m2/repository/io/opentracing/contrib/opentracing-tracerresolver/0.1.5/opentracing-tracerresolver-0.1.5.jar:/home/user/.m2/repository/io/opentracing/opentracing-util/0.31.0/opentracing-util-0.31.0.jar:/home/user/.m2/repository/io/opentracing/opentracing-api/0.31.0/opentracing-api-0.31.0.jar:/home/user/.m2/repository/io/opentracing/opentracing-noop/0.31.0/opentracing-noop-0.31.0.jar:/home/user/.m2/repository/org/apache/hadoop/hadoop-hdds-server-framework/0.5.0-SNAPSHOT/hadoop-hdds-server-framework-0.5.0-SNAPSHOT.jar:/home/user/.m2/repository/org/apache/hadoop/hadoop-hdds-container-service/0.5.0-SNAPSHOT/hadoop-hdds-container-service-0.5.0-SNAPSHOT.jar:/home/user/.m2/repository/org/apache/hadoop/hadoop-hdds-client/0.5.0-SNAPSHOT/hadoop-hdds-client-0.5.0-SNAPSHOT.jar:/home/user/.m2/repository/org/apache/hadoop/hadoop-hdds-tools/0.5.0-SNAPSHOT/hadoop-hdds-tools-0.5.0-SNAPSHOT.jar:/home/user/.m2/repository/org/apache/hadoop/hadoop-hdds-server-scm/0.5.0-SNAPSHOT/hadoop-hdds-server-scm-0.5.0-SNAPSHOT.jar:/home/user/.m2/repository/org/apache/hadoop/hadoop-hdds-docs/0.5.0-SNAPSHOT/hadoop-hdds-docs-0.5.0-SNAPSHOT.jar:/home/user/.m2/repository/io/dropwizard/metrics/metrics-core/3.2.4/metrics-core-3.2.4.jar:/home/user/.m2/repository/org/hamcrest/hamcrest-all/1.3/hamcrest-all-1.3.jar:/home/user/.m2/repository/org/bouncycastle/bcprov-jdk15on/1.60/bcprov-jdk15on-1.60.jar:/home/user/.m2/repository/info/picocli/picocli/3.9.6/picocli-3.9.6.jar:/home/user/.m2/repository/com/google/protobuf/protobuf-java/2.5.0/protobuf-java-2.5.0.jar:/home/user/.m2/repository/com/google/guava/guava/11.0.2/guava-11.0.2.jar:/home/user/.m2/repository/org/apache/hadoop/hadoop-ozone-ozone-manager/0.5.0-SNAPSHOT/hadoop-ozone-ozone-manager-0.5.0-SNAPSHOT.jar:/home/user/.m2/repository/org/apache/hadoop/hadoop-minikdc/3.2.0/hadoop-minikdc-3.2.0.jar:/home/user/.m2/repository/commons-io/commons-io/2.5/commons-io-2.5.jar:/home/user/.m2/repository/org/apache/kerby/kerb-simplekdc/1.0.1/kerb-simplekdc-1.0.1.jar:/home/user/.m2/repository/org/apache/kerby/kerb-client/1.0.1/kerb-client-1.0.1.jar:/home/user/.m2/repository/org/apache/kerby/kerby-config/1.0.1/kerby-config-1.0.1.jar:/home/user/.m2/repository/org/apache/kerby/kerb-core/1.0.1/kerb-core-1.0.1.jar:/home/user/.m2/repository/org/apache/kerby/kerby-pkix/1.0.1/kerby-pkix-1.0.1.jar:/home/user/.m2/repository/org/apache/kerby/kerby-asn1/1.0.1/kerby-asn1-1.0.1.jar:/home/user/.m2/repository/org/apache/kerby/kerby-util/1.0.1/kerby-util-1.0.1.jar:/home/user/.m2/repository/org/apache/kerby/kerb-common/1.0.1/kerb-common-1.0.1.jar:/home/user/.m2/repository/org/apache/kerby/kerb-crypto/1.0.1/kerb-crypto-1.0.1.jar:/home/user/.m2/repository/org/apache/kerby/kerb-util/1.0.1/kerb-util-1.0.1.jar:/home/user/.m2/repository/org/apache/kerby/token-provider/1.0.1/token-provider-1.0.1.jar:/home/user/.m2/repository/org/apache/kerby/kerb-admin/1.0.1/kerb-admin-1.0.1.jar:/home/user/.m2/repository/org/apache/kerby/kerb-server/1.0.1/kerb-server-1.0.1.jar:/home/user/.m2/repository/org/apache/kerby/kerb-identity/1.0.1/kerb-identity-1.0.1.jar:/home/user/.m2/repository/org/apache/kerby/kerby-xdr/1.0.1/kerby-xdr-1.0.1.jar:/home/user/.m2/repository/org/slf4j/slf4j-log4j12/1.7.25/slf4j-log4j12-1.7.25.jar:/home/user/.m2/repository/org/apache/hadoop/hadoop-ozone-s3gateway/0.5.0-SNAPSHOT/hadoop-ozone-s3gateway-0.5.0-SNAPSHOT.jar:/home/user/.m2/repository/org/jboss/weld/servlet/weld-servlet/2.4.7.Final/weld-servlet-2.4.7.Final.jar:/home/user/.m2/repository/org/glassfish/jersey/containers/jersey-container-servlet-core/2.27/jersey-container-servlet-core-2.27.jar:/home/user/.m2/repository/org/glassfish/hk2/external/javax.inject/2.5.0-b42/javax.inject-2.5.0-b42.jar:/home/user/.m2/repository/org/glassfish/jersey/core/jersey-common/2.27/jersey-common-2.27.jar:/home/user/.m2/repository/org/glassfish/hk2/osgi-resource-locator/1.0.1/osgi-resource-locator-1.0.1.jar:/home/user/.m2/repository/javax/ws/rs/javax.ws.rs-api/2.1/javax.ws.rs-api-2.1.jar:/home/user/.m2/repository/org/glassfish/jersey/ext/cdi/jersey-cdi1x/2.27/jersey-cdi1x-2.27.jar:/home/user/.m2/repository/org/glassfish/jersey/inject/jersey-hk2/2.27/jersey-hk2-2.27.jar:/home/user/.m2/repository/org/glassfish/hk2/hk2-locator/2.5.0-b42/hk2-locator-2.5.0-b42.jar:/home/user/.m2/repository/org/javassist/javassist/3.22.0-CR2/javassist-3.22.0-CR2.jar:/home/user/.m2/repository/org/glassfish/hk2/hk2-api/2.5.0/hk2-api-2.5.0.jar:/home/user/.m2/repository/org/glassfish/hk2/external/jakarta.inject/2.5.0/jakarta.inject-2.5.0.jar:/home/user/.m2/repository/org/glassfish/hk2/hk2-utils/2.5.0/hk2-utils-2.5.0.jar:/home/user/.m2/repository/jakarta/annotation/jakarta.annotation-api/1.3.4/jakarta.annotation-api-1.3.4.jar:/home/user/.m2/repository/org/glassfish/hk2/external/aopalliance-repackaged/2.5.0/aopalliance-repackaged-2.5.0.jar:/home/user/.m2/repository/com/fasterxml/jackson/dataformat/jackson-dataformat-xml/2.9.0/jackson-dataformat-xml-2.9.0.jar:/home/user/.m2/repository/com/fasterxml/jackson/core/jackson-core/2.9.9/jackson-core-2.9.9.jar:/home/user/.m2/repository/com/fasterxml/jackson/module/jackson-module-jaxb-annotations/2.9.9/jackson-module-jaxb-annotations-2.9.9.jar:/home/user/.m2/repository/javax/enterprise/cdi-api/1.2/cdi-api-1.2.jar:/home/user/.m2/repository/javax/el/javax.el-api/3.0.0/javax.el-api-3.0.0.jar:/home/user/.m2/repository/javax/interceptor/javax.interceptor-api/1.2/javax.interceptor-api-1.2.jar:/home/user/.m2/repository/javax/inject/javax.inject/1/javax.inject-1.jar:/home/user/.m2/repository/com/sun/xml/bind/jaxb-impl/2.3.0.1/jaxb-impl-2.3.0.1.jar:/home/user/.m2/repository/com/sun/xml/bind/jaxb-core/2.3.0.1/jaxb-core-2.3.0.1.jar:/home/user/.m2/repository/javax/xml/bind/jaxb-api/2.3.0/jaxb-api-2.3.0.jar:/home/user/.m2/repository/javax/activation/activation/1.1.1/activation-1.1.1.jar:/home/user/.m2/repository/org/apache/hadoop/hadoop-ozone-csi/0.5.0-SNAPSHOT/hadoop-ozone-csi-0.5.0-SNAPSHOT.jar:/home/user/.m2/repository/com/google/protobuf/protobuf-java-util/3.5.1/protobuf-java-util-3.5.1.jar:/home/user/.m2/repository/org/apache/hadoop/hadoop-hdds-config/0.5.0-SNAPSHOT/hadoop-hdds-config-0.5.0-SNAPSHOT.jar:/home/user/.m2/repository/io/grpc/grpc-netty/1.17.1/grpc-netty-1.17.1.jar:/home/user/.m2/repository/io/grpc/grpc-core/1.17.1/grpc-core-1.17.1.jar:/home/user/.m2/repository/io/grpc/grpc-context/1.17.1/grpc-context-1.17.1.jar:/home/user/.m2/repository/com/google/errorprone/error_prone_annotations/2.2.0/error_prone_annotations-2.2.0.jar:/home/user/.m2/repository/org/codehaus/mojo/animal-sniffer-annotations/1.17/animal-sniffer-annotations-1.17.jar:/home/user/.m2/repository/io/opencensus/opencensus-api/0.17.0/opencensus-api-0.17.0.jar:/home/user/.m2/repository/io/opencensus/opencensus-contrib-grpc-metrics/0.17.0/opencensus-contrib-grpc-metrics-0.17.0.jar:/home/user/.m2/repository/io/netty/netty-codec-http2/4.1.30.Final/netty-codec-http2-4.1.30.Final.jar:/home/user/.m2/repository/io/netty/netty-codec-http/4.1.30.Final/netty-codec-http-4.1.30.Final.jar:/home/user/.m2/repository/io/netty/netty-codec/4.1.30.Final/netty-codec-4.1.30.Final.jar:/home/user/.m2/repository/io/netty/netty-handler/4.1.30.Final/netty-handler-4.1.30.Final.jar:/home/user/.m2/repository/io/netty/netty-handler-proxy/4.1.30.Final/netty-handler-proxy-4.1.30.Final.jar:/home/user/.m2/repository/io/netty/netty-codec-socks/4.1.30.Final/netty-codec-socks-4.1.30.Final.jar:/home/user/.m2/repository/io/netty/netty-transport-native-epoll/4.1.30.Final/netty-transport-native-epoll-4.1.30.Final.jar:/home/user/.m2/repository/io/netty/netty-common/4.1.30.Final/netty-common-4.1.30.Final.jar:/home/user/.m2/repository/io/netty/netty-buffer/4.1.30.Final/netty-buffer-4.1.30.Final.jar:/home/user/.m2/repository/io/netty/netty-transport/4.1.30.Final/netty-transport-4.1.30.Final.jar:/home/user/.m2/repository/io/netty/netty-resolver/4.1.30.Final/netty-resolver-4.1.30.Final.jar:/home/user/.m2/repository/io/netty/netty-transport-native-unix-common/4.1.30.Final/netty-transport-native-unix-common-4.1.30.Final.jar:/home/user/.m2/repository/io/grpc/grpc-protobuf/1.17.1/grpc-protobuf-1.17.1.jar:/home/user/.m2/repository/com/google/api/grpc/proto-google-common-protos/1.0.0/proto-google-common-protos-1.0.0.jar:/home/user/.m2/repository/io/grpc/grpc-protobuf-lite/1.17.1/grpc-protobuf-lite-1.17.1.jar:/home/user/.m2/repository/io/grpc/grpc-stub/1.17.1/grpc-stub-1.17.1.jar:/home/user/.m2/repository/org/apache/hadoop/hadoop-ozone-recon/0.5.0-SNAPSHOT/hadoop-ozone-recon-0.5.0-SNAPSHOT.jar:/home/user/.m2/repository/org/apache/hadoop/hadoop-ozone-reconcodegen/0.5.0-SNAPSHOT/hadoop-ozone-reconcodegen-0.5.0-SNAPSHOT.jar:/home/user/.m2/repository/com/google/inject/extensions/guice-multibindings/4.0/guice-multibindings-4.0.jar:/home/user/.m2/repository/com/google/inject/guice/4.0/guice-4.0.jar:/home/user/.m2/repository/aopalliance/aopalliance/1.0/aopalliance-1.0.jar:/home/user/.m2/repository/com/google/inject/extensions/guice-servlet/4.0/guice-servlet-4.0.jar:/home/user/.m2/repository/org/glassfish/jersey/containers/jersey-container-servlet/2.27/jersey-container-servlet-2.27.jar:/home/user/.m2/repository/org/glassfish/hk2/guice-bridge/2.5.0/guice-bridge-2.5.0.jar:/home/user/.m2/repository/org/glassfish/jersey/core/jersey-server/2.27/jersey-server-2.27.jar:/home/user/.m2/repository/org/glassfish/jersey/core/jersey-client/2.27/jersey-client-2.27.jar:/home/user/.m2/repository/org/glassfish/jersey/media/jersey-media-jaxb/2.27/jersey-media-jaxb-2.27.jar:/home/user/.m2/repository/javax/validation/validation-api/1.1.0.Final/validation-api-1.1.0.Final.jar:/home/user/.m2/repository/org/glassfish/jersey/media/jersey-media-json-jackson/2.27/jersey-media-json-jackson-2.27.jar:/home/user/.m2/repository/org/glassfish/jersey/ext/jersey-entity-filtering/2.27/jersey-entity-filtering-2.27.jar:/home/user/.m2/repository/com/google/inject/extensions/guice-assistedinject/4.0/guice-assistedinject-4.0.jar:/home/user/.m2/repository/org/jooq/jooq/3.11.10/jooq-3.11.10.jar:/home/user/.m2/repository/org/jooq/jooq-meta/3.11.10/jooq-meta-3.11.10.jar:/home/user/.m2/repository/org/jooq/jooq-codegen/3.11.10/jooq-codegen-3.11.10.jar:/home/user/.m2/repository/com/jolbox/bonecp/0.8.0.RELEASE/bonecp-0.8.0.RELEASE.jar:/home/user/.m2/repository/org/xerial/sqlite-jdbc/3.25.2/sqlite-jdbc-3.25.2.jar:/home/user/.m2/repository/org/springframework/spring-jdbc/5.1.3.RELEASE/spring-jdbc-5.1.3.RELEASE.jar:/home/user/.m2/repository/org/springframework/spring-beans/5.1.3.RELEASE/spring-beans-5.1.3.RELEASE.jar:/home/user/.m2/repository/org/springframework/spring-core/5.1.3.RELEASE/spring-core-5.1.3.RELEASE.jar:/home/user/.m2/repository/org/springframework/spring-jcl/5.1.3.RELEASE/spring-jcl-5.1.3.RELEASE.jar:/home/user/.m2/repository/org/springframework/spring-tx/5.1.3.RELEASE/spring-tx-5.1.3.RELEASE.jar:/home/user/.m2/repository/org/apache/hadoop/hadoop-ozone-client/0.5.0-SNAPSHOT/hadoop-ozone-client-0.5.0-SNAPSHOT.jar:/home/user/.m2/repository/commons-lang/commons-lang/2.6/commons-lang-2.6.jar:/home/user/.m2/repository/org/apache/hadoop/hadoop-ozone-ozone-manager/0.5.0-SNAPSHOT/hadoop-ozone-ozone-manager-0.5.0-SNAPSHOT-tests.jar:/home/user/.m2/repository/junit/junit/4.11/junit-4.11.jar:/home/user/.m2/repository/org/hamcrest/hamcrest-core/1.3/hamcrest-core-1.3.jar:/home/user/.m2/repository/org/openjdk/jmh/jmh-core/1.19/jmh-core-1.19.jar:/home/user/.m2/repository/net/sf/jopt-simple/jopt-simple/4.6/jopt-simple-4.6.jar:/home/user/.m2/repository/org/apache/commons/commons-math3/3.1.1/commons-math3-3.1.1.jar:/home/user/.m2/repository/org/openjdk/jmh/jmh-generator-annprocess/1.19/jmh-generator-annprocess-1.19.jar:/home/user/.m2/repository/org/mockito/mockito-all/1.8.5/mockito-all-1.8.5.jar:/home/user/.m2/repository/org/apache/hadoop/hadoop-kms/3.2.0/hadoop-kms-3.2.0.jar:/home/user/.m2/repository/org/apache/hadoop/hadoop-auth/3.2.0/hadoop-auth-3.2.0.jar:/home/user/.m2/repository/com/nimbusds/nimbus-jose-jwt/4.41.1/nimbus-jose-jwt-4.41.1.jar:/home/user/.m2/repository/com/github/stephenc/jcip/jcip-annotations/1.0-1/jcip-annotations-1.0-1.jar:/home/user/.m2/repository/net/minidev/json-smart/2.3/json-smart-2.3.jar:/home/user/.m2/repository/net/minidev/accessors-smart/1.2/accessors-smart-1.2.jar:/home/user/.m2/repository/org/ow2/asm/asm/5.0.4/asm-5.0.4.jar:/home/user/.m2/repository/org/apache/curator/curator-framework/2.12.0/curator-framework-2.12.0.jar:/home/user/.m2/repository/com/sun/jersey/jersey-core/1.19/jersey-core-1.19.jar:/home/user/.m2/repository/javax/ws/rs/jsr311-api/1.1.1/jsr311-api-1.1.1.jar:/home/user/.m2/repository/com/sun/jersey/jersey-server/1.19/jersey-server-1.19.jar:/home/user/.m2/repository/javax/servlet/javax.servlet-api/3.1.0/javax.servlet-api-3.1.0.jar:/home/user/.m2/repository/org/eclipse/jetty/jetty-server/9.3.24.v20180605/jetty-server-9.3.24.v20180605.jar:/home/user/.m2/repository/org/eclipse/jetty/jetty-http/9.3.24.v20180605/jetty-http-9.3.24.v20180605.jar:/home/user/.m2/repository/org/eclipse/jetty/jetty-io/9.3.24.v20180605/jetty-io-9.3.24.v20180605.jar:/home/user/.m2/repository/org/eclipse/jetty/jetty-webapp/9.3.24.v20180605/jetty-webapp-9.3.24.v20180605.jar:/home/user/.m2/repository/org/eclipse/jetty/jetty-xml/9.3.24.v20180605/jetty-xml-9.3.24.v20180605.jar:/home/user/.m2/repository/log4j/log4j/1.2.17/log4j-1.2.17.jar:/home/user/.m2/repository/org/slf4j/slf4j-api/1.7.25/slf4j-api-1.7.25.jar:/home/user/.m2/repository/org/slf4j/jul-to-slf4j/1.7.25/jul-to-slf4j-1.7.25.jar:/home/user/.m2/repository/org/eclipse/jetty/jetty-util/9.3.24.v20180605/jetty-util-9.3.24.v20180605.jar:/home/user/.m2/repository/com/fasterxml/jackson/core/jackson-databind/2.9.9/jackson-databind-2.9.9.jar:/home/user/.m2/repository/org/apache/hadoop/hadoop-kms/3.2.0/hadoop-kms-3.2.0-tests.jar:/home/user/.m2/repository/org/apache/hadoop/hadoop-hdds-server-scm/0.5.0-SNAPSHOT/hadoop-hdds-server-scm-0.5.0-SNAPSHOT-tests.jar:/home/user/.m2/repository/org/apache/hadoop/hadoop-hdds-container-service/0.5.0-SNAPSHOT/hadoop-hdds-container-service-0.5.0-SNAPSHOT-tests.jar:/home/user/.m2/repository/org/yaml/snakeyaml/1.16/snakeyaml-1.16.jar:/home/user/.m2/repository/org/apache/hadoop/hadoop-common/3.2.0/hadoop-common-3.2.0-tests.jar:/home/user/.m2/repository/org/apache/hadoop/hadoop-annotations/3.2.0/hadoop-annotations-3.2.0.jar:/usr/lib/jvm/java-1.8-openjdk/jre/../lib/tools.jar:/home/user/.m2/repository/commons-cli/commons-cli/1.2/commons-cli-1.2.jar:/home/user/.m2/repository/org/apache/httpcomponents/httpclient/4.5.2/httpclient-4.5.2.jar:/home/user/.m2/repository/org/apache/httpcomponents/httpcore/4.4.4/httpcore-4.4.4.jar:/home/user/.m2/repository/commons-codec/commons-codec/1.11/commons-codec-1.11.jar:/home/user/.m2/repository/commons-net/commons-net/3.6/commons-net-3.6.jar:/home/user/.m2/repository/commons-collections/commons-collections/3.2.2/commons-collections-3.2.2.jar:/home/user/.m2/repository/org/eclipse/jetty/jetty-servlet/9.3.24.v20180605/jetty-servlet-9.3.24.v20180605.jar:/home/user/.m2/repository/org/eclipse/jetty/jetty-security/9.3.24.v20180605/jetty-security-9.3.24.v20180605.jar:/home/user/.m2/repository/javax/servlet/jsp/jsp-api/2.1/jsp-api-2.1.jar:/home/user/.m2/repository/com/sun/jersey/jersey-servlet/1.19/jersey-servlet-1.19.jar:/home/user/.m2/repository/com/sun/jersey/jersey-json/1.19/jersey-json-1.19.jar:/home/user/.m2/repository/org/codehaus/jettison/jettison/1.1/jettison-1.1.jar:/home/user/.m2/repository/org/codehaus/jackson/jackson-core-asl/1.9.13/jackson-core-asl-1.9.13.jar:/home/user/.m2/repository/org/codehaus/jackson/jackson-mapper-asl/1.9.13/jackson-mapper-asl-1.9.13.jar:/home/user/.m2/repository/org/codehaus/jackson/jackson-jaxrs/1.9.13/jackson-jaxrs-1.9.13.jar:/home/user/.m2/repository/org/codehaus/jackson/jackson-xc/1.9.13/jackson-xc-1.9.13.jar:/home/user/.m2/repository/commons-logging/commons-logging/1.1.3/commons-logging-1.1.3.jar:/home/user/.m2/repository/commons-beanutils/commons-beanutils/1.9.4/commons-beanutils-1.9.4.jar:/home/user/.m2/repository/org/apache/commons/commons-configuration2/2.1.1/commons-configuration2-2.1.1.jar:/home/user/.m2/repository/org/apache/commons/commons-lang3/3.7/commons-lang3-3.7.jar:/home/user/.m2/repository/org/apache/commons/commons-text/1.4/commons-text-1.4.jar:/home/user/.m2/repository/org/apache/avro/avro/1.7.7/avro-1.7.7.jar:/home/user/.m2/repository/com/thoughtworks/paranamer/paranamer/2.3/paranamer-2.3.jar:/home/user/.m2/repository/org/xerial/snappy/snappy-java/1.0.5/snappy-java-1.0.5.jar:/home/user/.m2/repository/com/google/re2j/re2j/1.1/re2j-1.1.jar:/home/user/.m2/repository/com/google/code/gson/gson/2.2.4/gson-2.2.4.jar:/home/user/.m2/repository/com/jcraft/jsch/0.1.54/jsch-0.1.54.jar:/home/user/.m2/repository/org/apache/curator/curator-client/2.12.0/curator-client-2.12.0.jar:/home/user/.m2/repository/org/apache/curator/curator-recipes/2.12.0/curator-recipes-2.12.0.jar:/home/user/.m2/repository/com/google/code/findbugs/jsr305/3.0.0/jsr305-3.0.0.jar:/home/user/.m2/repository/org/apache/htrace/htrace-core4/4.1.0-incubating/htrace-core4-4.1.0-incubating.jar:/home/user/.m2/repository/org/apache/zookeeper/zookeeper/3.4.13/zookeeper-3.4.13.jar:/home/user/.m2/repository/org/apache/yetus/audience-annotations/0.5.0/audience-annotations-0.5.0.jar:/home/user/.m2/repository/org/codehaus/woodstox/stax2-api/3.1.4/stax2-api-3.1.4.jar:/home/user/.m2/repository/com/fasterxml/woodstox/woodstox-core/5.0.3/woodstox-core-5.0.3.jar:/home/user/.m2/repository/dnsjava/dnsjava/2.1.7/dnsjava-2.1.7.jar:/home/user/.m2/repository/org/apache/hadoop/hadoop-hdfs/3.2.0/hadoop-hdfs-3.2.0-tests.jar:/home/user/.m2/repository/org/eclipse/jetty/jetty-util-ajax/9.3.24.v20180605/jetty-util-ajax-9.3.24.v20180605.jar:/home/user/.m2/repository/commons-daemon/commons-daemon/1.0.13/commons-daemon-1.0.13.jar:/home/user/.m2/repository/io/netty/netty/3.10.5.Final/netty-3.10.5.Final.jar:/home/user/.m2/repository/io/netty/netty-all/4.0.52.Final/netty-all-4.0.52.Final.jar:/home/user/.m2/repository/org/fusesource/leveldbjni/leveldbjni-all/1.8/leveldbjni-all-1.8.jar:"/>
    <property name="java.vm.vendor" value="IcedTea"/>
    <property name="sun.arch.data.model" value="64"/>
    <property name="test.build.dir" value="/workdir/hadoop-ozone/integration-test/target/test-dir"/>
    <property name="test.cache.data" value=""/>
    <property name="java.vendor.url" value="https://icedtea.classpath.org"/>
    <property name="user.timezone" value=""/>
    <property name="java.vm.specification.version" value="1.8"/>
    <property name="os.name" value="Linux"/>
    <property name="test.build.data" value="/workdir/hadoop-ozone/integration-test/target/test-dir"/>
    <property name="user.country" value="US"/>
    <property name="sun.java.launcher" value="SUN_STANDARD"/>
    <property name="sun.boot.library.path" value="/usr/lib/jvm/java-1.8-openjdk/jre/lib/amd64"/>
    <property name="sun.java.command" value="/workdir/hadoop-ozone/integration-test/target/surefire/surefirebooter6200513120515206439.jar /workdir/hadoop-ozone/integration-test/target/surefire 2019-09-18T05-15-54_266-jvmRun1 surefire9009931926063494619tmp surefire_496468611945000679875tmp"/>
    <property name="test" value="!TestMiniChaosOzoneCluster"/>
    <property name="surefire.test.class.path" value="/workdir/hadoop-ozone/integration-test/target/test-classes:/workdir/hadoop-ozone/integration-test/target/classes:/home/user/.m2/repository/org/apache/hadoop/hadoop-ozone-common/0.5.0-SNAPSHOT/hadoop-ozone-common-0.5.0-SNAPSHOT.jar:/home/user/.m2/repository/org/apache/commons/commons-compress/1.4.1/commons-compress-1.4.1.jar:/home/user/.m2/repository/org/tukaani/xz/1.0/xz-1.0.jar:/home/user/.m2/repository/org/apache/hadoop/hadoop-common/3.2.0/hadoop-common-3.2.0.jar:/home/user/.m2/repository/org/apache/hadoop/hadoop-hdfs/3.2.0/hadoop-hdfs-3.2.0.jar:/home/user/.m2/repository/org/apache/hadoop/hadoop-hdfs-client/3.2.0/hadoop-hdfs-client-3.2.0.jar:/home/user/.m2/repository/com/fasterxml/jackson/core/jackson-annotations/2.9.9/jackson-annotations-2.9.9.jar:/home/user/.m2/repository/org/apache/hadoop/hadoop-hdds-common/0.5.0-SNAPSHOT/hadoop-hdds-common-0.5.0-SNAPSHOT.jar:/home/user/.m2/repository/javax/annotation/javax.annotation-api/1.2/javax.annotation-api-1.2.jar:/home/user/.m2/repository/org/apache/ratis/ratis-server/0.4.0-78e95b9-SNAPSHOT/ratis-server-0.4.0-78e95b9-SNAPSHOT.jar:/home/user/.m2/repository/org/apache/ratis/ratis-thirdparty-misc/0.2.0/ratis-thirdparty-misc-0.2.0.jar:/home/user/.m2/repository/org/apache/ratis/ratis-proto/0.4.0-78e95b9-SNAPSHOT/ratis-proto-0.4.0-78e95b9-SNAPSHOT.jar:/home/user/.m2/repository/org/apache/ratis/ratis-common/0.4.0-78e95b9-SNAPSHOT/ratis-common-0.4.0-78e95b9-SNAPSHOT.jar:/home/user/.m2/repository/org/apache/ratis/ratis-client/0.4.0-78e95b9-SNAPSHOT/ratis-client-0.4.0-78e95b9-SNAPSHOT.jar:/home/user/.m2/repository/org/apache/ratis/ratis-metrics/0.4.0-78e95b9-SNAPSHOT/ratis-metrics-0.4.0-78e95b9-SNAPSHOT.jar:/home/user/.m2/repository/com/github/joshelser/dropwizard-metrics-hadoop-metrics2-reporter/0.1.2/dropwizard-metrics-hadoop-metrics2-reporter-0.1.2.jar:/home/user/.m2/repository/io/dropwizard/metrics/metrics-jvm/3.2.5/metrics-jvm-3.2.5.jar:/home/user/.m2/repository/io/dropwizard/metrics/metrics-ganglia/3.2.5/metrics-ganglia-3.2.5.jar:/home/user/.m2/repository/info/ganglia/gmetric4j/gmetric4j/1.0.7/gmetric4j-1.0.7.jar:/home/user/.m2/repository/org/apache/ratis/ratis-netty/0.4.0-78e95b9-SNAPSHOT/ratis-netty-0.4.0-78e95b9-SNAPSHOT.jar:/home/user/.m2/repository/org/apache/ratis/ratis-grpc/0.4.0-78e95b9-SNAPSHOT/ratis-grpc-0.4.0-78e95b9-SNAPSHOT.jar:/home/user/.m2/repository/org/rocksdb/rocksdbjni/6.0.1/rocksdbjni-6.0.1.jar:/home/user/.m2/repository/org/apache/logging/log4j/log4j-api/2.11.0/log4j-api-2.11.0.jar:/home/user/.m2/repository/org/apache/logging/log4j/log4j-core/2.11.0/log4j-core-2.11.0.jar:/home/user/.m2/repository/com/lmax/disruptor/3.4.2/disruptor-3.4.2.jar:/home/user/.m2/repository/org/apache/commons/commons-pool2/2.6.0/commons-pool2-2.6.0.jar:/home/user/.m2/repository/org/bouncycastle/bcpkix-jdk15on/1.60/bcpkix-jdk15on-1.60.jar:/home/user/.m2/repository/commons-validator/commons-validator/1.6/commons-validator-1.6.jar:/home/user/.m2/repository/commons-digester/commons-digester/1.8.1/commons-digester-1.8.1.jar:/home/user/.m2/repository/io/jaegertracing/jaeger-client/0.33.1/jaeger-client-0.33.1.jar:/home/user/.m2/repository/io/jaegertracing/jaeger-thrift/0.33.1/jaeger-thrift-0.33.1.jar:/home/user/.m2/repository/org/apache/thrift/libthrift/0.11.0/libthrift-0.11.0.jar:/home/user/.m2/repository/com/squareup/okhttp3/okhttp/3.9.0/okhttp-3.9.0.jar:/home/user/.m2/repository/com/squareup/okio/okio/1.13.0/okio-1.13.0.jar:/home/user/.m2/repository/io/jaegertracing/jaeger-core/0.33.1/jaeger-core-0.33.1.jar:/home/user/.m2/repository/io/jaegertracing/jaeger-tracerresolver/0.33.1/jaeger-tracerresolver-0.33.1.jar:/home/user/.m2/repository/io/opentracing/contrib/opentracing-tracerresolver/0.1.5/opentracing-tracerresolver-0.1.5.jar:/home/user/.m2/repository/io/opentracing/opentracing-util/0.31.0/opentracing-util-0.31.0.jar:/home/user/.m2/repository/io/opentracing/opentracing-api/0.31.0/opentracing-api-0.31.0.jar:/home/user/.m2/repository/io/opentracing/opentracing-noop/0.31.0/opentracing-noop-0.31.0.jar:/home/user/.m2/repository/org/apache/hadoop/hadoop-hdds-server-framework/0.5.0-SNAPSHOT/hadoop-hdds-server-framework-0.5.0-SNAPSHOT.jar:/home/user/.m2/repository/org/apache/hadoop/hadoop-hdds-container-service/0.5.0-SNAPSHOT/hadoop-hdds-container-service-0.5.0-SNAPSHOT.jar:/home/user/.m2/repository/org/apache/hadoop/hadoop-hdds-client/0.5.0-SNAPSHOT/hadoop-hdds-client-0.5.0-SNAPSHOT.jar:/home/user/.m2/repository/org/apache/hadoop/hadoop-hdds-tools/0.5.0-SNAPSHOT/hadoop-hdds-tools-0.5.0-SNAPSHOT.jar:/home/user/.m2/repository/org/apache/hadoop/hadoop-hdds-server-scm/0.5.0-SNAPSHOT/hadoop-hdds-server-scm-0.5.0-SNAPSHOT.jar:/home/user/.m2/repository/org/apache/hadoop/hadoop-hdds-docs/0.5.0-SNAPSHOT/hadoop-hdds-docs-0.5.0-SNAPSHOT.jar:/home/user/.m2/repository/io/dropwizard/metrics/metrics-core/3.2.4/metrics-core-3.2.4.jar:/home/user/.m2/repository/org/hamcrest/hamcrest-all/1.3/hamcrest-all-1.3.jar:/home/user/.m2/repository/org/bouncycastle/bcprov-jdk15on/1.60/bcprov-jdk15on-1.60.jar:/home/user/.m2/repository/info/picocli/picocli/3.9.6/picocli-3.9.6.jar:/home/user/.m2/repository/com/google/protobuf/protobuf-java/2.5.0/protobuf-java-2.5.0.jar:/home/user/.m2/repository/com/google/guava/guava/11.0.2/guava-11.0.2.jar:/home/user/.m2/repository/org/apache/hadoop/hadoop-ozone-ozone-manager/0.5.0-SNAPSHOT/hadoop-ozone-ozone-manager-0.5.0-SNAPSHOT.jar:/home/user/.m2/repository/org/apache/hadoop/hadoop-minikdc/3.2.0/hadoop-minikdc-3.2.0.jar:/home/user/.m2/repository/commons-io/commons-io/2.5/commons-io-2.5.jar:/home/user/.m2/repository/org/apache/kerby/kerb-simplekdc/1.0.1/kerb-simplekdc-1.0.1.jar:/home/user/.m2/repository/org/apache/kerby/kerb-client/1.0.1/kerb-client-1.0.1.jar:/home/user/.m2/repository/org/apache/kerby/kerby-config/1.0.1/kerby-config-1.0.1.jar:/home/user/.m2/repository/org/apache/kerby/kerb-core/1.0.1/kerb-core-1.0.1.jar:/home/user/.m2/repository/org/apache/kerby/kerby-pkix/1.0.1/kerby-pkix-1.0.1.jar:/home/user/.m2/repository/org/apache/kerby/kerby-asn1/1.0.1/kerby-asn1-1.0.1.jar:/home/user/.m2/repository/org/apache/kerby/kerby-util/1.0.1/kerby-util-1.0.1.jar:/home/user/.m2/repository/org/apache/kerby/kerb-common/1.0.1/kerb-common-1.0.1.jar:/home/user/.m2/repository/org/apache/kerby/kerb-crypto/1.0.1/kerb-crypto-1.0.1.jar:/home/user/.m2/repository/org/apache/kerby/kerb-util/1.0.1/kerb-util-1.0.1.jar:/home/user/.m2/repository/org/apache/kerby/token-provider/1.0.1/token-provider-1.0.1.jar:/home/user/.m2/repository/org/apache/kerby/kerb-admin/1.0.1/kerb-admin-1.0.1.jar:/home/user/.m2/repository/org/apache/kerby/kerb-server/1.0.1/kerb-server-1.0.1.jar:/home/user/.m2/repository/org/apache/kerby/kerb-identity/1.0.1/kerb-identity-1.0.1.jar:/home/user/.m2/repository/org/apache/kerby/kerby-xdr/1.0.1/kerby-xdr-1.0.1.jar:/home/user/.m2/repository/org/slf4j/slf4j-log4j12/1.7.25/slf4j-log4j12-1.7.25.jar:/home/user/.m2/repository/org/apache/hadoop/hadoop-ozone-s3gateway/0.5.0-SNAPSHOT/hadoop-ozone-s3gateway-0.5.0-SNAPSHOT.jar:/home/user/.m2/repository/org/jboss/weld/servlet/weld-servlet/2.4.7.Final/weld-servlet-2.4.7.Final.jar:/home/user/.m2/repository/org/glassfish/jersey/containers/jersey-container-servlet-core/2.27/jersey-container-servlet-core-2.27.jar:/home/user/.m2/repository/org/glassfish/hk2/external/javax.inject/2.5.0-b42/javax.inject-2.5.0-b42.jar:/home/user/.m2/repository/org/glassfish/jersey/core/jersey-common/2.27/jersey-common-2.27.jar:/home/user/.m2/repository/org/glassfish/hk2/osgi-resource-locator/1.0.1/osgi-resource-locator-1.0.1.jar:/home/user/.m2/repository/javax/ws/rs/javax.ws.rs-api/2.1/javax.ws.rs-api-2.1.jar:/home/user/.m2/repository/org/glassfish/jersey/ext/cdi/jersey-cdi1x/2.27/jersey-cdi1x-2.27.jar:/home/user/.m2/repository/org/glassfish/jersey/inject/jersey-hk2/2.27/jersey-hk2-2.27.jar:/home/user/.m2/repository/org/glassfish/hk2/hk2-locator/2.5.0-b42/hk2-locator-2.5.0-b42.jar:/home/user/.m2/repository/org/javassist/javassist/3.22.0-CR2/javassist-3.22.0-CR2.jar:/home/user/.m2/repository/org/glassfish/hk2/hk2-api/2.5.0/hk2-api-2.5.0.jar:/home/user/.m2/repository/org/glassfish/hk2/external/jakarta.inject/2.5.0/jakarta.inject-2.5.0.jar:/home/user/.m2/repository/org/glassfish/hk2/hk2-utils/2.5.0/hk2-utils-2.5.0.jar:/home/user/.m2/repository/jakarta/annotation/jakarta.annotation-api/1.3.4/jakarta.annotation-api-1.3.4.jar:/home/user/.m2/repository/org/glassfish/hk2/external/aopalliance-repackaged/2.5.0/aopalliance-repackaged-2.5.0.jar:/home/user/.m2/repository/com/fasterxml/jackson/dataformat/jackson-dataformat-xml/2.9.0/jackson-dataformat-xml-2.9.0.jar:/home/user/.m2/repository/com/fasterxml/jackson/core/jackson-core/2.9.9/jackson-core-2.9.9.jar:/home/user/.m2/repository/com/fasterxml/jackson/module/jackson-module-jaxb-annotations/2.9.9/jackson-module-jaxb-annotations-2.9.9.jar:/home/user/.m2/repository/javax/enterprise/cdi-api/1.2/cdi-api-1.2.jar:/home/user/.m2/repository/javax/el/javax.el-api/3.0.0/javax.el-api-3.0.0.jar:/home/user/.m2/repository/javax/interceptor/javax.interceptor-api/1.2/javax.interceptor-api-1.2.jar:/home/user/.m2/repository/javax/inject/javax.inject/1/javax.inject-1.jar:/home/user/.m2/repository/com/sun/xml/bind/jaxb-impl/2.3.0.1/jaxb-impl-2.3.0.1.jar:/home/user/.m2/repository/com/sun/xml/bind/jaxb-core/2.3.0.1/jaxb-core-2.3.0.1.jar:/home/user/.m2/repository/javax/xml/bind/jaxb-api/2.3.0/jaxb-api-2.3.0.jar:/home/user/.m2/repository/javax/activation/activation/1.1.1/activation-1.1.1.jar:/home/user/.m2/repository/org/apache/hadoop/hadoop-ozone-csi/0.5.0-SNAPSHOT/hadoop-ozone-csi-0.5.0-SNAPSHOT.jar:/home/user/.m2/repository/com/google/protobuf/protobuf-java-util/3.5.1/protobuf-java-util-3.5.1.jar:/home/user/.m2/repository/org/apache/hadoop/hadoop-hdds-config/0.5.0-SNAPSHOT/hadoop-hdds-config-0.5.0-SNAPSHOT.jar:/home/user/.m2/repository/io/grpc/grpc-netty/1.17.1/grpc-netty-1.17.1.jar:/home/user/.m2/repository/io/grpc/grpc-core/1.17.1/grpc-core-1.17.1.jar:/home/user/.m2/repository/io/grpc/grpc-context/1.17.1/grpc-context-1.17.1.jar:/home/user/.m2/repository/com/google/errorprone/error_prone_annotations/2.2.0/error_prone_annotations-2.2.0.jar:/home/user/.m2/repository/org/codehaus/mojo/animal-sniffer-annotations/1.17/animal-sniffer-annotations-1.17.jar:/home/user/.m2/repository/io/opencensus/opencensus-api/0.17.0/opencensus-api-0.17.0.jar:/home/user/.m2/repository/io/opencensus/opencensus-contrib-grpc-metrics/0.17.0/opencensus-contrib-grpc-metrics-0.17.0.jar:/home/user/.m2/repository/io/netty/netty-codec-http2/4.1.30.Final/netty-codec-http2-4.1.30.Final.jar:/home/user/.m2/repository/io/netty/netty-codec-http/4.1.30.Final/netty-codec-http-4.1.30.Final.jar:/home/user/.m2/repository/io/netty/netty-codec/4.1.30.Final/netty-codec-4.1.30.Final.jar:/home/user/.m2/repository/io/netty/netty-handler/4.1.30.Final/netty-handler-4.1.30.Final.jar:/home/user/.m2/repository/io/netty/netty-handler-proxy/4.1.30.Final/netty-handler-proxy-4.1.30.Final.jar:/home/user/.m2/repository/io/netty/netty-codec-socks/4.1.30.Final/netty-codec-socks-4.1.30.Final.jar:/home/user/.m2/repository/io/netty/netty-transport-native-epoll/4.1.30.Final/netty-transport-native-epoll-4.1.30.Final.jar:/home/user/.m2/repository/io/netty/netty-common/4.1.30.Final/netty-common-4.1.30.Final.jar:/home/user/.m2/repository/io/netty/netty-buffer/4.1.30.Final/netty-buffer-4.1.30.Final.jar:/home/user/.m2/repository/io/netty/netty-transport/4.1.30.Final/netty-transport-4.1.30.Final.jar:/home/user/.m2/repository/io/netty/netty-resolver/4.1.30.Final/netty-resolver-4.1.30.Final.jar:/home/user/.m2/repository/io/netty/netty-transport-native-unix-common/4.1.30.Final/netty-transport-native-unix-common-4.1.30.Final.jar:/home/user/.m2/repository/io/grpc/grpc-protobuf/1.17.1/grpc-protobuf-1.17.1.jar:/home/user/.m2/repository/com/google/api/grpc/proto-google-common-protos/1.0.0/proto-google-common-protos-1.0.0.jar:/home/user/.m2/repository/io/grpc/grpc-protobuf-lite/1.17.1/grpc-protobuf-lite-1.17.1.jar:/home/user/.m2/repository/io/grpc/grpc-stub/1.17.1/grpc-stub-1.17.1.jar:/home/user/.m2/repository/org/apache/hadoop/hadoop-ozone-recon/0.5.0-SNAPSHOT/hadoop-ozone-recon-0.5.0-SNAPSHOT.jar:/home/user/.m2/repository/org/apache/hadoop/hadoop-ozone-reconcodegen/0.5.0-SNAPSHOT/hadoop-ozone-reconcodegen-0.5.0-SNAPSHOT.jar:/home/user/.m2/repository/com/google/inject/extensions/guice-multibindings/4.0/guice-multibindings-4.0.jar:/home/user/.m2/repository/com/google/inject/guice/4.0/guice-4.0.jar:/home/user/.m2/repository/aopalliance/aopalliance/1.0/aopalliance-1.0.jar:/home/user/.m2/repository/com/google/inject/extensions/guice-servlet/4.0/guice-servlet-4.0.jar:/home/user/.m2/repository/org/glassfish/jersey/containers/jersey-container-servlet/2.27/jersey-container-servlet-2.27.jar:/home/user/.m2/repository/org/glassfish/hk2/guice-bridge/2.5.0/guice-bridge-2.5.0.jar:/home/user/.m2/repository/org/glassfish/jersey/core/jersey-server/2.27/jersey-server-2.27.jar:/home/user/.m2/repository/org/glassfish/jersey/core/jersey-client/2.27/jersey-client-2.27.jar:/home/user/.m2/repository/org/glassfish/jersey/media/jersey-media-jaxb/2.27/jersey-media-jaxb-2.27.jar:/home/user/.m2/repository/javax/validation/validation-api/1.1.0.Final/validation-api-1.1.0.Final.jar:/home/user/.m2/repository/org/glassfish/jersey/media/jersey-media-json-jackson/2.27/jersey-media-json-jackson-2.27.jar:/home/user/.m2/repository/org/glassfish/jersey/ext/jersey-entity-filtering/2.27/jersey-entity-filtering-2.27.jar:/home/user/.m2/repository/com/google/inject/extensions/guice-assistedinject/4.0/guice-assistedinject-4.0.jar:/home/user/.m2/repository/org/jooq/jooq/3.11.10/jooq-3.11.10.jar:/home/user/.m2/repository/org/jooq/jooq-meta/3.11.10/jooq-meta-3.11.10.jar:/home/user/.m2/repository/org/jooq/jooq-codegen/3.11.10/jooq-codegen-3.11.10.jar:/home/user/.m2/repository/com/jolbox/bonecp/0.8.0.RELEASE/bonecp-0.8.0.RELEASE.jar:/home/user/.m2/repository/org/xerial/sqlite-jdbc/3.25.2/sqlite-jdbc-3.25.2.jar:/home/user/.m2/repository/org/springframework/spring-jdbc/5.1.3.RELEASE/spring-jdbc-5.1.3.RELEASE.jar:/home/user/.m2/repository/org/springframework/spring-beans/5.1.3.RELEASE/spring-beans-5.1.3.RELEASE.jar:/home/user/.m2/repository/org/springframework/spring-core/5.1.3.RELEASE/spring-core-5.1.3.RELEASE.jar:/home/user/.m2/repository/org/springframework/spring-jcl/5.1.3.RELEASE/spring-jcl-5.1.3.RELEASE.jar:/home/user/.m2/repository/org/springframework/spring-tx/5.1.3.RELEASE/spring-tx-5.1.3.RELEASE.jar:/home/user/.m2/repository/org/apache/hadoop/hadoop-ozone-client/0.5.0-SNAPSHOT/hadoop-ozone-client-0.5.0-SNAPSHOT.jar:/home/user/.m2/repository/commons-lang/commons-lang/2.6/commons-lang-2.6.jar:/home/user/.m2/repository/org/apache/hadoop/hadoop-ozone-ozone-manager/0.5.0-SNAPSHOT/hadoop-ozone-ozone-manager-0.5.0-SNAPSHOT-tests.jar:/home/user/.m2/repository/junit/junit/4.11/junit-4.11.jar:/home/user/.m2/repository/org/hamcrest/hamcrest-core/1.3/hamcrest-core-1.3.jar:/home/user/.m2/repository/org/openjdk/jmh/jmh-core/1.19/jmh-core-1.19.jar:/home/user/.m2/repository/net/sf/jopt-simple/jopt-simple/4.6/jopt-simple-4.6.jar:/home/user/.m2/repository/org/apache/commons/commons-math3/3.1.1/commons-math3-3.1.1.jar:/home/user/.m2/repository/org/openjdk/jmh/jmh-generator-annprocess/1.19/jmh-generator-annprocess-1.19.jar:/home/user/.m2/repository/org/mockito/mockito-all/1.8.5/mockito-all-1.8.5.jar:/home/user/.m2/repository/org/apache/hadoop/hadoop-kms/3.2.0/hadoop-kms-3.2.0.jar:/home/user/.m2/repository/org/apache/hadoop/hadoop-auth/3.2.0/hadoop-auth-3.2.0.jar:/home/user/.m2/repository/com/nimbusds/nimbus-jose-jwt/4.41.1/nimbus-jose-jwt-4.41.1.jar:/home/user/.m2/repository/com/github/stephenc/jcip/jcip-annotations/1.0-1/jcip-annotations-1.0-1.jar:/home/user/.m2/repository/net/minidev/json-smart/2.3/json-smart-2.3.jar:/home/user/.m2/repository/net/minidev/accessors-smart/1.2/accessors-smart-1.2.jar:/home/user/.m2/repository/org/ow2/asm/asm/5.0.4/asm-5.0.4.jar:/home/user/.m2/repository/org/apache/curator/curator-framework/2.12.0/curator-framework-2.12.0.jar:/home/user/.m2/repository/com/sun/jersey/jersey-core/1.19/jersey-core-1.19.jar:/home/user/.m2/repository/javax/ws/rs/jsr311-api/1.1.1/jsr311-api-1.1.1.jar:/home/user/.m2/repository/com/sun/jersey/jersey-server/1.19/jersey-server-1.19.jar:/home/user/.m2/repository/javax/servlet/javax.servlet-api/3.1.0/javax.servlet-api-3.1.0.jar:/home/user/.m2/repository/org/eclipse/jetty/jetty-server/9.3.24.v20180605/jetty-server-9.3.24.v20180605.jar:/home/user/.m2/repository/org/eclipse/jetty/jetty-http/9.3.24.v20180605/jetty-http-9.3.24.v20180605.jar:/home/user/.m2/repository/org/eclipse/jetty/jetty-io/9.3.24.v20180605/jetty-io-9.3.24.v20180605.jar:/home/user/.m2/repository/org/eclipse/jetty/jetty-webapp/9.3.24.v20180605/jetty-webapp-9.3.24.v20180605.jar:/home/user/.m2/repository/org/eclipse/jetty/jetty-xml/9.3.24.v20180605/jetty-xml-9.3.24.v20180605.jar:/home/user/.m2/repository/log4j/log4j/1.2.17/log4j-1.2.17.jar:/home/user/.m2/repository/org/slf4j/slf4j-api/1.7.25/slf4j-api-1.7.25.jar:/home/user/.m2/repository/org/slf4j/jul-to-slf4j/1.7.25/jul-to-slf4j-1.7.25.jar:/home/user/.m2/repository/org/eclipse/jetty/jetty-util/9.3.24.v20180605/jetty-util-9.3.24.v20180605.jar:/home/user/.m2/repository/com/fasterxml/jackson/core/jackson-databind/2.9.9/jackson-databind-2.9.9.jar:/home/user/.m2/repository/org/apache/hadoop/hadoop-kms/3.2.0/hadoop-kms-3.2.0-tests.jar:/home/user/.m2/repository/org/apache/hadoop/hadoop-hdds-server-scm/0.5.0-SNAPSHOT/hadoop-hdds-server-scm-0.5.0-SNAPSHOT-tests.jar:/home/user/.m2/repository/org/apache/hadoop/hadoop-hdds-container-service/0.5.0-SNAPSHOT/hadoop-hdds-container-service-0.5.0-SNAPSHOT-tests.jar:/home/user/.m2/repository/org/yaml/snakeyaml/1.16/snakeyaml-1.16.jar:/home/user/.m2/repository/org/apache/hadoop/hadoop-common/3.2.0/hadoop-common-3.2.0-tests.jar:/home/user/.m2/repository/org/apache/hadoop/hadoop-annotations/3.2.0/hadoop-annotations-3.2.0.jar:/usr/lib/jvm/java-1.8-openjdk/jre/../lib/tools.jar:/home/user/.m2/repository/commons-cli/commons-cli/1.2/commons-cli-1.2.jar:/home/user/.m2/repository/org/apache/httpcomponents/httpclient/4.5.2/httpclient-4.5.2.jar:/home/user/.m2/repository/org/apache/httpcomponents/httpcore/4.4.4/httpcore-4.4.4.jar:/home/user/.m2/repository/commons-codec/commons-codec/1.11/commons-codec-1.11.jar:/home/user/.m2/repository/commons-net/commons-net/3.6/commons-net-3.6.jar:/home/user/.m2/repository/commons-collections/commons-collections/3.2.2/commons-collections-3.2.2.jar:/home/user/.m2/repository/org/eclipse/jetty/jetty-servlet/9.3.24.v20180605/jetty-servlet-9.3.24.v20180605.jar:/home/user/.m2/repository/org/eclipse/jetty/jetty-security/9.3.24.v20180605/jetty-security-9.3.24.v20180605.jar:/home/user/.m2/repository/javax/servlet/jsp/jsp-api/2.1/jsp-api-2.1.jar:/home/user/.m2/repository/com/sun/jersey/jersey-servlet/1.19/jersey-servlet-1.19.jar:/home/user/.m2/repository/com/sun/jersey/jersey-json/1.19/jersey-json-1.19.jar:/home/user/.m2/repository/org/codehaus/jettison/jettison/1.1/jettison-1.1.jar:/home/user/.m2/repository/org/codehaus/jackson/jackson-core-asl/1.9.13/jackson-core-asl-1.9.13.jar:/home/user/.m2/repository/org/codehaus/jackson/jackson-mapper-asl/1.9.13/jackson-mapper-asl-1.9.13.jar:/home/user/.m2/repository/org/codehaus/jackson/jackson-jaxrs/1.9.13/jackson-jaxrs-1.9.13.jar:/home/user/.m2/repository/org/codehaus/jackson/jackson-xc/1.9.13/jackson-xc-1.9.13.jar:/home/user/.m2/repository/commons-logging/commons-logging/1.1.3/commons-logging-1.1.3.jar:/home/user/.m2/repository/commons-beanutils/commons-beanutils/1.9.4/commons-beanutils-1.9.4.jar:/home/user/.m2/repository/org/apache/commons/commons-configuration2/2.1.1/commons-configuration2-2.1.1.jar:/home/user/.m2/repository/org/apache/commons/commons-lang3/3.7/commons-lang3-3.7.jar:/home/user/.m2/repository/org/apache/commons/commons-text/1.4/commons-text-1.4.jar:/home/user/.m2/repository/org/apache/avro/avro/1.7.7/avro-1.7.7.jar:/home/user/.m2/repository/com/thoughtworks/paranamer/paranamer/2.3/paranamer-2.3.jar:/home/user/.m2/repository/org/xerial/snappy/snappy-java/1.0.5/snappy-java-1.0.5.jar:/home/user/.m2/repository/com/google/re2j/re2j/1.1/re2j-1.1.jar:/home/user/.m2/repository/com/google/code/gson/gson/2.2.4/gson-2.2.4.jar:/home/user/.m2/repository/com/jcraft/jsch/0.1.54/jsch-0.1.54.jar:/home/user/.m2/repository/org/apache/curator/curator-client/2.12.0/curator-client-2.12.0.jar:/home/user/.m2/repository/org/apache/curator/curator-recipes/2.12.0/curator-recipes-2.12.0.jar:/home/user/.m2/repository/com/google/code/findbugs/jsr305/3.0.0/jsr305-3.0.0.jar:/home/user/.m2/repository/org/apache/htrace/htrace-core4/4.1.0-incubating/htrace-core4-4.1.0-incubating.jar:/home/user/.m2/repository/org/apache/zookeeper/zookeeper/3.4.13/zookeeper-3.4.13.jar:/home/user/.m2/repository/org/apache/yetus/audience-annotations/0.5.0/audience-annotations-0.5.0.jar:/home/user/.m2/repository/org/codehaus/woodstox/stax2-api/3.1.4/stax2-api-3.1.4.jar:/home/user/.m2/repository/com/fasterxml/woodstox/woodstox-core/5.0.3/woodstox-core-5.0.3.jar:/home/user/.m2/repository/dnsjava/dnsjava/2.1.7/dnsjava-2.1.7.jar:/home/user/.m2/repository/org/apache/hadoop/hadoop-hdfs/3.2.0/hadoop-hdfs-3.2.0-tests.jar:/home/user/.m2/repository/org/eclipse/jetty/jetty-util-ajax/9.3.24.v20180605/jetty-util-ajax-9.3.24.v20180605.jar:/home/user/.m2/repository/commons-daemon/commons-daemon/1.0.13/commons-daemon-1.0.13.jar:/home/user/.m2/repository/io/netty/netty/3.10.5.Final/netty-3.10.5.Final.jar:/home/user/.m2/repository/io/netty/netty-all/4.0.52.Final/netty-all-4.0.52.Final.jar:/home/user/.m2/repository/org/fusesource/leveldbjni/leveldbjni-all/1.8/leveldbjni-all-1.8.jar:"/>
    <property name="sun.cpu.endian" value="little"/>
    <property name="user.home" value="/home/user"/>
    <property name="user.language" value="en"/>
    <property name="java.specification.vendor" value="Oracle Corporation"/>
    <property name="java.home" value="/usr/lib/jvm/java-1.8-openjdk/jre"/>
    <property name="java.security.krb5.conf" value="/workdir/hadoop-ozone/integration-test/target/test-classes/krb5.conf"/>
    <property name="basedir" value="/workdir/hadoop-ozone/integration-test"/>
    <property name="file.separator" value="/"/>
    <property name="line.separator" value="&#10;"/>
    <property name="java.vm.specification.vendor" value="Oracle Corporation"/>
    <property name="java.specification.name" value="Java Platform API Specification"/>
    <property name="java.awt.graphicsenv" value="sun.awt.X11GraphicsEnvironment"/>
    <property name="surefire.real.class.path" value="/workdir/hadoop-ozone/integration-test/target/surefire/surefirebooter6200513120515206439.jar"/>
    <property name="hadoop.log.dir" value="/workdir/hadoop-ozone/integration-test/target/log"/>
    <property name="sun.boot.class.path" value="/usr/lib/jvm/java-1.8-openjdk/jre/lib/resources.jar:/usr/lib/jvm/java-1.8-openjdk/jre/lib/rt.jar:/usr/lib/jvm/java-1.8-openjdk/jre/lib/sunrsasign.jar:/usr/lib/jvm/java-1.8-openjdk/jre/lib/jsse.jar:/usr/lib/jvm/java-1.8-openjdk/jre/lib/jce.jar:/usr/lib/jvm/java-1.8-openjdk/jre/lib/charsets.jar:/usr/lib/jvm/java-1.8-openjdk/jre/lib/jfr.jar:/usr/lib/jvm/java-1.8-openjdk/jre/classes"/>
    <property name="sun.management.compiler" value="HotSpot 64-Bit Tiered Compilers"/>
    <property name="java.runtime.version" value="1.8.0_212-b04"/>
    <property name="java.net.preferIPv4Stack" value="true"/>
    <property name="user.name" value="jenkins1000"/>
    <property name="path.separator" value=":"/>
    <property name="java.security.egd" value="file:///dev/urandom"/>
    <property name="os.version" value="3.10.0-957.12.2.el7.x86_64"/>
    <property name="java.endorsed.dirs" value="/usr/lib/jvm/java-1.8-openjdk/jre/lib/endorsed"/>
    <property name="java.runtime.name" value="OpenJDK Runtime Environment"/>
    <property name="file.encoding" value="UTF-8"/>
    <property name="java.vm.name" value="OpenJDK 64-Bit Server VM"/>
    <property name="test.build.webapps" value=""/>
    <property name="localRepository" value="/home/user/.m2/repository"/>
    <property name="java.vendor.url.bug" value="https://icedtea.classpath.org/bugzilla"/>
    <property name="java.io.tmpdir" value="/tmp"/>
    <property name="require.test.libhadoop" value=""/>
    <property name="java.version" value="1.8.0_212"/>
    <property name="user.dir" value="/workdir/hadoop-ozone/integration-test"/>
    <property name="os.arch" value="amd64"/>
    <property name="java.vm.specification.name" value="Java Virtual Machine Specification"/>
    <property name="test.build.classes" value="/workdir/hadoop-ozone/integration-test/target/test-classes"/>
    <property name="java.awt.printerjob" value="sun.print.PSPrinterJob"/>
    <property name="sun.os.patch.level" value="unknown"/>
    <property name="hadoop.tmp.dir" value="/workdir/hadoop-ozone/integration-test/target/tmp"/>
    <property name="java.library.path" value="/usr/lib/jvm/java-1.8-openjdk/jre/lib/amd64/server:/usr/lib/jvm/java-1.8-openjdk/jre/lib/amd64:/usr/lib/jvm/java-1.8-openjdk/jre/../lib/amd64:/workdir/hadoop-ozone/integration-test/target/native/target/usr/local/lib:/workdir/hadoop-ozone/integration-test/../../hadoop-common-project/hadoop-common/target/native/target/usr/local/lib:/usr/java/packages/lib/amd64:/usr/lib64:/lib64:/lib:/usr/lib"/>
    <property name="java.vm.info" value="mixed mode"/>
    <property name="java.vendor" value="IcedTea"/>
    <property name="java.vm.version" value="25.212-b04"/>
    <property name="java.ext.dirs" value="/usr/lib/jvm/java-1.8-openjdk/jre/lib/ext:/usr/java/packages/lib/ext"/>
    <property name="sun.io.unicode.encoding" value="UnicodeLittle"/>
    <property name="java.class.version" value="52.0"/>
  </properties>
  <testcase name="testContainerReplication" classname="org.apache.hadoop.ozone.client.rpc.TestContainerReplicationEndToEnd" time="10.509">
    <error message="Failed to update container state #1, reason: invalid state transition from state: CLOSING upon event: FINALIZE." type="org.apache.hadoop.hdds.scm.exceptions.SCMException">org.apache.hadoop.hdds.scm.exceptions.SCMException: Failed to update container state #1, reason: invalid state transition from state: CLOSING upon event: FINALIZE.
	at org.apache.hadoop.hdds.scm.container.ContainerStateManager.updateContainerState(ContainerStateManager.java:336)
	at org.apache.hadoop.hdds.scm.container.SCMContainerManager.updateContainerState(SCMContainerManager.java:312)
	at org.apache.hadoop.ozone.client.rpc.TestContainerReplicationEndToEnd.testContainerReplication(TestContainerReplicationEndToEnd.java:159)
	at sun.reflect.NativeMethodAccessorImpl.invoke0(Native Method)
	at sun.reflect.NativeMethodAccessorImpl.invoke(NativeMethodAccessorImpl.java:62)
	at sun.reflect.DelegatingMethodAccessorImpl.invoke(DelegatingMethodAccessorImpl.java:43)
	at java.lang.reflect.Method.invoke(Method.java:498)
	at org.junit.runners.model.FrameworkMethod$1.runReflectiveCall(FrameworkMethod.java:47)
	at org.junit.internal.runners.model.ReflectiveCallable.run(ReflectiveCallable.java:12)
	at org.junit.runners.model.FrameworkMethod.invokeExplosively(FrameworkMethod.java:44)
	at org.junit.internal.runners.statements.InvokeMethod.evaluate(InvokeMethod.java:17)
	at org.junit.runners.ParentRunner.runLeaf(ParentRunner.java:271)
	at org.junit.runners.BlockJUnit4ClassRunner.runChild(BlockJUnit4ClassRunner.java:70)
	at org.junit.runners.BlockJUnit4ClassRunner.runChild(BlockJUnit4ClassRunner.java:50)
	at org.junit.runners.ParentRunner$3.run(ParentRunner.java:238)
	at org.junit.runners.ParentRunner$1.schedule(ParentRunner.java:63)
	at org.junit.runners.ParentRunner.runChildren(ParentRunner.java:236)
	at org.junit.runners.ParentRunner.access$000(ParentRunner.java:53)
	at org.junit.runners.ParentRunner$2.evaluate(ParentRunner.java:229)
	at org.junit.internal.runners.statements.RunBefores.evaluate(RunBefores.java:26)
	at org.junit.internal.runners.statements.RunAfters.evaluate(RunAfters.java:27)
	at org.junit.runners.ParentRunner.run(ParentRunner.java:309)
	at org.apache.maven.surefire.junit4.JUnit4Provider.execute(JUnit4Provider.java:365)
	at org.apache.maven.surefire.junit4.JUnit4Provider.executeWithRerun(JUnit4Provider.java:273)
	at org.apache.maven.surefire.junit4.JUnit4Provider.executeTestSet(JUnit4Provider.java:238)
	at org.apache.maven.surefire.junit4.JUnit4Provider.invoke(JUnit4Provider.java:159)
	at org.apache.maven.surefire.booter.ForkedBooter.invokeProviderInSameClassLoader(ForkedBooter.java:384)
	at org.apache.maven.surefire.booter.ForkedBooter.runSuitesInProcess(ForkedBooter.java:345)
	at org.apache.maven.surefire.booter.ForkedBooter.execute(ForkedBooter.java:126)
	at org.apache.maven.surefire.booter.ForkedBooter.main(ForkedBooter.java:418)
</error>
    <system-out><![CDATA[2019-09-18 05:56:44,691 [main] WARN  server.ServerUtils (ServerUtils.java:getScmDbDir(145)) - ozone.scm.db.dirs is not configured. We recommend adding this setting. Falling back to ozone.metadata.dirs instead.
2019-09-18 05:56:44,795 [main] WARN  server.ServerUtils (ServerUtils.java:getScmDbDir(145)) - ozone.scm.db.dirs is not configured. We recommend adding this setting. Falling back to ozone.metadata.dirs instead.
2019-09-18 05:56:44,798 [main] WARN  server.ServerUtils (ServerUtils.java:getScmDbDir(145)) - ozone.scm.db.dirs is not configured. We recommend adding this setting. Falling back to ozone.metadata.dirs instead.
2019-09-18 05:56:44,813 [main] INFO  util.log (Log.java:initialized(192)) - Logging initialized @876ms
2019-09-18 05:56:44,893 [main] INFO  db.DBStoreBuilder (DBStoreBuilder.java:addTable(110)) - using custom profile for table: deletedBlocks
2019-09-18 05:56:44,893 [main] INFO  db.DBStoreBuilder (DBStoreBuilder.java:processTables(161)) - Using default column profile:DBProfile.DISK for Table:deletedBlocks
2019-09-18 05:56:44,894 [main] INFO  db.DBStoreBuilder (DBStoreBuilder.java:addTable(110)) - using custom profile for table: validCerts
2019-09-18 05:56:44,894 [main] INFO  db.DBStoreBuilder (DBStoreBuilder.java:processTables(161)) - Using default column profile:DBProfile.DISK for Table:validCerts
2019-09-18 05:56:44,894 [main] INFO  db.DBStoreBuilder (DBStoreBuilder.java:addTable(110)) - using custom profile for table: revokedCerts
2019-09-18 05:56:44,894 [main] INFO  db.DBStoreBuilder (DBStoreBuilder.java:processTables(161)) - Using default column profile:DBProfile.DISK for Table:revokedCerts
2019-09-18 05:56:44,904 [main] INFO  db.DBStoreBuilder (DBStoreBuilder.java:addTable(110)) - using custom profile for table: default
2019-09-18 05:56:44,904 [main] INFO  db.DBStoreBuilder (DBStoreBuilder.java:processTables(167)) - Using default column profile:DBProfile.DISK for Table:default
2019-09-18 05:56:44,905 [main] INFO  db.DBStoreBuilder (DBStoreBuilder.java:getDbProfile(198)) - Using default options. DBProfile.DISK
2019-09-18 05:56:45,190 [main] INFO  net.NodeSchemaLoader (NodeSchemaLoader.java:loadSchemaFromFile(125)) - Loading file from sun.misc.CompoundEnumeration@77888435
2019-09-18 05:56:45,192 [main] INFO  net.NodeSchemaLoader (NodeSchemaLoader.java:loadSchema(171)) - Loading network topology layer schema file
2019-09-18 05:56:45,270 [main] INFO  node.SCMNodeManager (SCMNodeManager.java:<init>(114)) - Entering startup safe mode.
2019-09-18 05:56:45,360 [main] INFO  algorithms.ContainerPlacementPolicyFactory (ContainerPlacementPolicyFactory.java:getPolicy(57)) - Create container placement policy of type org.apache.hadoop.hdds.scm.container.placement.algorithms.SCMContainerPlacementRandom
2019-09-18 05:56:45,375 [main] WARN  server.ServerUtils (ServerUtils.java:getScmDbDir(145)) - ozone.scm.db.dirs is not configured. We recommend adding this setting. Falling back to ozone.metadata.dirs instead.
2019-09-18 05:56:45,456 [main] INFO  pipeline.SCMPipelineManager (SCMPipelineManager.java:initializePipelineState(128)) - No pipeline exists in current db
2019-09-18 05:56:45,460 [main] WARN  server.ServerUtils (ServerUtils.java:getScmDbDir(145)) - ozone.scm.db.dirs is not configured. We recommend adding this setting. Falling back to ozone.metadata.dirs instead.
2019-09-18 05:56:45,543 [main] INFO  Configuration.deprecation (Configuration.java:logDeprecation(1394)) - No unit for hdds.scm.replication.thread.interval(2000) assuming MILLISECONDS
2019-09-18 05:56:45,577 [main] WARN  events.EventQueue (EventQueue.java:fireEvent(183)) - No event handler registered for event TypedEvent{payloadType=SafeModeStatus, name='SafeModeStatus'}
2019-09-18 05:56:45,960 [main] INFO  ipc.CallQueueManager (CallQueueManager.java:<init>(84)) - Using callQueue: class java.util.concurrent.LinkedBlockingQueue, queueCapacity: 2000, scheduler: class org.apache.hadoop.ipc.DefaultRpcScheduler, ipcBackoff: false.
2019-09-18 05:56:45,988 [Socket Reader #1 for port 34395] INFO  ipc.Server (Server.java:run(1074)) - Starting Socket Reader #1 for port 34395
2019-09-18 05:56:46,082 [main] INFO  ipc.CallQueueManager (CallQueueManager.java:<init>(84)) - Using callQueue: class java.util.concurrent.LinkedBlockingQueue, queueCapacity: 2000, scheduler: class org.apache.hadoop.ipc.DefaultRpcScheduler, ipcBackoff: false.
2019-09-18 05:56:46,083 [Socket Reader #1 for port 40255] INFO  ipc.Server (Server.java:run(1074)) - Starting Socket Reader #1 for port 40255
2019-09-18 05:56:46,094 [main] INFO  ipc.CallQueueManager (CallQueueManager.java:<init>(84)) - Using callQueue: class java.util.concurrent.LinkedBlockingQueue, queueCapacity: 2000, scheduler: class org.apache.hadoop.ipc.DefaultRpcScheduler, ipcBackoff: false.
2019-09-18 05:56:46,095 [Socket Reader #1 for port 44618] INFO  ipc.Server (Server.java:run(1074)) - Starting Socket Reader #1 for port 44618
2019-09-18 05:56:46,220 [main] INFO  hdfs.DFSUtil (DFSUtil.java:httpServerTemplateForNNAndJN(1641)) - Starting Web-server for scm at: http://0.0.0.0:0
2019-09-18 05:56:46,421 [main] INFO  server.AuthenticationFilter (AuthenticationFilter.java:constructSecretProvider(240)) - Unable to initialize FileSignerSecretProvider, falling back to use random secrets.
2019-09-18 05:56:46,430 [main] WARN  http.HttpRequestLog (HttpRequestLog.java:getRequestLog(97)) - Jetty request log can only be enabled using Log4j
2019-09-18 05:56:46,438 [main] INFO  http.HttpServer2 (HttpServer2.java:addGlobalFilter(975)) - Added global filter 'safety' (class=org.apache.hadoop.http.HttpServer2$QuotingInputFilter)
2019-09-18 05:56:46,441 [main] INFO  http.HttpServer2 (HttpServer2.java:addFilter(948)) - Added filter static_user_filter (class=org.apache.hadoop.http.lib.StaticUserWebFilter$StaticUserFilter) to context scm
2019-09-18 05:56:46,441 [main] INFO  http.HttpServer2 (HttpServer2.java:addFilter(958)) - Added filter static_user_filter (class=org.apache.hadoop.http.lib.StaticUserWebFilter$StaticUserFilter) to context static
2019-09-18 05:56:46,441 [main] INFO  http.HttpServer2 (HttpServer2.java:addFilter(958)) - Added filter static_user_filter (class=org.apache.hadoop.http.lib.StaticUserWebFilter$StaticUserFilter) to context logs
2019-09-18 05:56:46,471 [main] INFO  server.StorageContainerManager (StorageContainerManager.java:start(763)) - StorageContainerLocationProtocol RPC server is listening at /0.0.0.0:44618
2019-09-18 05:56:46,533 [main] WARN  impl.MetricsConfig (MetricsConfig.java:loadFirst(134)) - Cannot locate configuration: tried hadoop-metrics2-storagecontainermanager.properties,hadoop-metrics2.properties
2019-09-18 05:56:46,546 [main] INFO  impl.MetricsSystemImpl (MetricsSystemImpl.java:startTimer(374)) - Scheduled Metric snapshot period at 10 second(s).
2019-09-18 05:56:46,546 [main] INFO  impl.MetricsSystemImpl (MetricsSystemImpl.java:start(191)) - StorageContainerManager metrics system started
2019-09-18 05:56:46,781 [main] INFO  server.SCMClientProtocolServer (SCMClientProtocolServer.java:start(151)) - RPC server for Client  is listening at /0.0.0.0:44618
2019-09-18 05:56:46,782 [IPC Server Responder] INFO  ipc.Server (Server.java:run(1314)) - IPC Server Responder: starting
2019-09-18 05:56:46,782 [IPC Server listener on 44618] INFO  ipc.Server (Server.java:run(1153)) - IPC Server listener on 44618: starting
2019-09-18 05:56:46,785 [main] INFO  server.StorageContainerManager (StorageContainerManager.java:start(773)) - ScmBlockLocationProtocol RPC server is listening at /0.0.0.0:40255
2019-09-18 05:56:46,787 [main] INFO  server.SCMBlockProtocolServer (SCMBlockProtocolServer.java:start(146)) - RPC server for Block Protocol is listening at /0.0.0.0:40255
2019-09-18 05:56:46,787 [IPC Server Responder] INFO  ipc.Server (Server.java:run(1314)) - IPC Server Responder: starting
2019-09-18 05:56:46,787 [IPC Server listener on 40255] INFO  ipc.Server (Server.java:run(1153)) - IPC Server listener on 40255: starting
2019-09-18 05:56:46,790 [main] INFO  server.StorageContainerManager (StorageContainerManager.java:start(777)) - ScmDatanodeProtocl RPC server is listening at /0.0.0.0:34395
2019-09-18 05:56:46,790 [main] INFO  server.SCMDatanodeProtocolServer (SCMDatanodeProtocolServer.java:start(191)) - RPC server for DataNodes is listening at /0.0.0.0:34395
2019-09-18 05:56:46,791 [IPC Server Responder] INFO  ipc.Server (Server.java:run(1314)) - IPC Server Responder: starting
2019-09-18 05:56:46,791 [IPC Server listener on 34395] INFO  ipc.Server (Server.java:run(1153)) - IPC Server listener on 34395: starting
2019-09-18 05:56:46,795 [main] INFO  http.HttpServer2 (HttpServer2.java:bindListener(1191)) - Jetty bound to port 41385
2019-09-18 05:56:46,797 [main] INFO  server.Server (Server.java:doStart(351)) - jetty-9.3.24.v20180605, build timestamp: 2018-06-05T17:11:56Z, git hash: 84205aa28f11a4f31f2a3b86d1bba2cc8ab69827
2019-09-18 05:56:46,839 [main] INFO  handler.ContextHandler (ContextHandler.java:doStart(781)) - Started o.e.j.s.ServletContextHandler@6622fc65{/logs,file:///workdir/hadoop-ozone/integration-test/target/log,AVAILABLE}
2019-09-18 05:56:46,840 [main] INFO  handler.ContextHandler (ContextHandler.java:doStart(781)) - Started o.e.j.s.ServletContextHandler@23fb172e{/static,file:///workdir/hadoop-ozone/integration-test/target/test-classes/webapps/static,AVAILABLE}
2019-09-18 05:56:46,871 [main] INFO  handler.ContextHandler (ContextHandler.java:doStart(781)) - Started o.e.j.w.WebAppContext@3591009c{/,file:///workdir/hadoop-ozone/integration-test/target/test-classes/webapps/scm/,AVAILABLE}{/scm}
2019-09-18 05:56:46,876 [main] INFO  server.AbstractConnector (AbstractConnector.java:doStart(278)) - Started ServerConnector@2de366bb{HTTP/1.1,[http/1.1]}{0.0.0.0:41385}
2019-09-18 05:56:46,876 [main] INFO  server.Server (Server.java:doStart(419)) - Started @2940ms
2019-09-18 05:56:46,878 [main] INFO  impl.MetricsSinkAdapter (MetricsSinkAdapter.java:start(204)) - Sink prometheus started
2019-09-18 05:56:46,879 [main] INFO  impl.MetricsSystemImpl (MetricsSystemImpl.java:registerSink(301)) - Registered sink prometheus
2019-09-18 05:56:46,880 [main] INFO  server.BaseHttpServer (BaseHttpServer.java:updateConnectorAddress(215)) - HTTP server of SCM is listening at http://0.0.0.0:41385
2019-09-18 05:56:46,889 [org.apache.hadoop.util.JvmPauseMonitor$Monitor@64f857e7] INFO  util.JvmPauseMonitor (JvmPauseMonitor.java:run(188)) - Starting JVM pause monitor
2019-09-18 05:56:46,895 [main] WARN  server.ServerUtils (ServerUtils.java:getDBPath(222)) - ozone.om.db.dirs is not configured. We recommend adding this setting. Falling back to ozone.metadata.dirs instead.
2019-09-18 05:56:47,036 [main] WARN  server.ServerUtils (ServerUtils.java:getDBPath(222)) - ozone.om.db.dirs is not configured. We recommend adding this setting. Falling back to ozone.metadata.dirs instead.
2019-09-18 05:56:47,037 [main] WARN  server.ServerUtils (ServerUtils.java:getDBPath(222)) - ozone.om.db.dirs is not configured. We recommend adding this setting. Falling back to ozone.metadata.dirs instead.
2019-09-18 05:56:47,038 [main] INFO  om.OzoneManager (OzoneManager.java:setOMNodeDetails(649)) - OM Service ID is not set. Setting it to the default ID: omServiceIdDefault
2019-09-18 05:56:47,038 [main] INFO  om.OzoneManager (OzoneManager.java:setOMNodeDetails(655)) - OM Node ID is not set. Setting it to the OmStorage's OmID: c4e8c811-caab-47f8-8a0a-b3ac729dfa54
2019-09-18 05:56:47,039 [main] INFO  om.OzoneManager (OzoneManager.java:loadOMHAConfigs(606)) - Found matching OM address with OMServiceId: null, OMNodeId: null, RPC Address: localhost:0 and Ratis port: 9872
2019-09-18 05:56:47,750 [main] WARN  server.ServerUtils (ServerUtils.java:getDBPath(222)) - ozone.om.db.dirs is not configured. We recommend adding this setting. Falling back to ozone.metadata.dirs instead.
2019-09-18 05:56:47,756 [main] INFO  db.DBStoreBuilder (DBStoreBuilder.java:addTable(110)) - using custom profile for table: userTable
2019-09-18 05:56:47,756 [main] INFO  db.DBStoreBuilder (DBStoreBuilder.java:processTables(161)) - Using default column profile:DBProfile.DISK for Table:userTable
2019-09-18 05:56:47,757 [main] INFO  db.DBStoreBuilder (DBStoreBuilder.java:addTable(110)) - using custom profile for table: volumeTable
2019-09-18 05:56:47,757 [main] INFO  db.DBStoreBuilder (DBStoreBuilder.java:processTables(161)) - Using default column profile:DBProfile.DISK for Table:volumeTable
2019-09-18 05:56:47,757 [main] INFO  db.DBStoreBuilder (DBStoreBuilder.java:addTable(110)) - using custom profile for table: bucketTable
2019-09-18 05:56:47,757 [main] INFO  db.DBStoreBuilder (DBStoreBuilder.java:processTables(161)) - Using default column profile:DBProfile.DISK for Table:bucketTable
2019-09-18 05:56:47,757 [main] INFO  db.DBStoreBuilder (DBStoreBuilder.java:addTable(110)) - using custom profile for table: keyTable
2019-09-18 05:56:47,758 [main] INFO  db.DBStoreBuilder (DBStoreBuilder.java:processTables(161)) - Using default column profile:DBProfile.DISK for Table:keyTable
2019-09-18 05:56:47,758 [main] INFO  db.DBStoreBuilder (DBStoreBuilder.java:addTable(110)) - using custom profile for table: deletedTable
2019-09-18 05:56:47,758 [main] INFO  db.DBStoreBuilder (DBStoreBuilder.java:processTables(161)) - Using default column profile:DBProfile.DISK for Table:deletedTable
2019-09-18 05:56:47,758 [main] INFO  db.DBStoreBuilder (DBStoreBuilder.java:addTable(110)) - using custom profile for table: openKeyTable
2019-09-18 05:56:47,759 [main] INFO  db.DBStoreBuilder (DBStoreBuilder.java:processTables(161)) - Using default column profile:DBProfile.DISK for Table:openKeyTable
2019-09-18 05:56:47,759 [main] INFO  db.DBStoreBuilder (DBStoreBuilder.java:addTable(110)) - using custom profile for table: s3Table
2019-09-18 05:56:47,759 [main] INFO  db.DBStoreBuilder (DBStoreBuilder.java:processTables(161)) - Using default column profile:DBProfile.DISK for Table:s3Table
2019-09-18 05:56:47,759 [main] INFO  db.DBStoreBuilder (DBStoreBuilder.java:addTable(110)) - using custom profile for table: multipartInfoTable
2019-09-18 05:56:47,759 [main] INFO  db.DBStoreBuilder (DBStoreBuilder.java:processTables(161)) - Using default column profile:DBProfile.DISK for Table:multipartInfoTable
2019-09-18 05:56:47,760 [main] INFO  db.DBStoreBuilder (DBStoreBuilder.java:addTable(110)) - using custom profile for table: dTokenTable
2019-09-18 05:56:47,760 [main] INFO  db.DBStoreBuilder (DBStoreBuilder.java:processTables(161)) - Using default column profile:DBProfile.DISK for Table:dTokenTable
2019-09-18 05:56:47,760 [main] INFO  db.DBStoreBuilder (DBStoreBuilder.java:addTable(110)) - using custom profile for table: s3SecretTable
2019-09-18 05:56:47,760 [main] INFO  db.DBStoreBuilder (DBStoreBuilder.java:processTables(161)) - Using default column profile:DBProfile.DISK for Table:s3SecretTable
2019-09-18 05:56:47,761 [main] INFO  db.DBStoreBuilder (DBStoreBuilder.java:addTable(110)) - using custom profile for table: prefixTable
2019-09-18 05:56:47,761 [main] INFO  db.DBStoreBuilder (DBStoreBuilder.java:processTables(161)) - Using default column profile:DBProfile.DISK for Table:prefixTable
2019-09-18 05:56:47,761 [main] INFO  db.DBStoreBuilder (DBStoreBuilder.java:addTable(110)) - using custom profile for table: default
2019-09-18 05:56:47,761 [main] INFO  db.DBStoreBuilder (DBStoreBuilder.java:processTables(167)) - Using default column profile:DBProfile.DISK for Table:default
2019-09-18 05:56:47,761 [main] INFO  db.DBStoreBuilder (DBStoreBuilder.java:getDbProfile(198)) - Using default options. DBProfile.DISK
2019-09-18 05:56:48,252 [main] INFO  ipc.CallQueueManager (CallQueueManager.java:<init>(84)) - Using callQueue: class java.util.concurrent.LinkedBlockingQueue, queueCapacity: 2000, scheduler: class org.apache.hadoop.ipc.DefaultRpcScheduler, ipcBackoff: false.
2019-09-18 05:56:48,253 [Socket Reader #1 for port 40712] INFO  ipc.Server (Server.java:run(1074)) - Starting Socket Reader #1 for port 40712
2019-09-18 05:56:48,282 [main] INFO  om.OzoneManager (OzoneManager.java:start(1240)) - OzoneManager RPC server is listening at localhost/127.0.0.1:40712
2019-09-18 05:56:48,282 [main] INFO  impl.MetricsSystemImpl (MetricsSystemImpl.java:init(158)) - OzoneManager metrics system started (again)
2019-09-18 05:56:48,284 [IPC Server Responder] INFO  ipc.Server (Server.java:run(1314)) - IPC Server Responder: starting
2019-09-18 05:56:48,284 [IPC Server listener on 40712] INFO  ipc.Server (Server.java:run(1153)) - IPC Server listener on 40712: starting
2019-09-18 05:56:48,290 [main] INFO  hdfs.DFSUtil (DFSUtil.java:httpServerTemplateForNNAndJN(1641)) - Starting Web-server for ozoneManager at: http://0.0.0.0:0
2019-09-18 05:56:48,291 [main] INFO  server.AuthenticationFilter (AuthenticationFilter.java:constructSecretProvider(240)) - Unable to initialize FileSignerSecretProvider, falling back to use random secrets.
2019-09-18 05:56:48,292 [main] WARN  http.HttpRequestLog (HttpRequestLog.java:getRequestLog(97)) - Jetty request log can only be enabled using Log4j
2019-09-18 05:56:48,294 [main] INFO  http.HttpServer2 (HttpServer2.java:addGlobalFilter(975)) - Added global filter 'safety' (class=org.apache.hadoop.http.HttpServer2$QuotingInputFilter)
2019-09-18 05:56:48,295 [main] INFO  http.HttpServer2 (HttpServer2.java:addFilter(948)) - Added filter static_user_filter (class=org.apache.hadoop.http.lib.StaticUserWebFilter$StaticUserFilter) to context ozoneManager
2019-09-18 05:56:48,295 [main] INFO  http.HttpServer2 (HttpServer2.java:addFilter(958)) - Added filter static_user_filter (class=org.apache.hadoop.http.lib.StaticUserWebFilter$StaticUserFilter) to context static
2019-09-18 05:56:48,295 [main] INFO  http.HttpServer2 (HttpServer2.java:addFilter(958)) - Added filter static_user_filter (class=org.apache.hadoop.http.lib.StaticUserWebFilter$StaticUserFilter) to context logs
2019-09-18 05:56:48,297 [main] INFO  http.HttpServer2 (HttpServer2.java:bindListener(1191)) - Jetty bound to port 46248
2019-09-18 05:56:48,297 [main] INFO  server.Server (Server.java:doStart(351)) - jetty-9.3.24.v20180605, build timestamp: 2018-06-05T17:11:56Z, git hash: 84205aa28f11a4f31f2a3b86d1bba2cc8ab69827
2019-09-18 05:56:48,299 [main] INFO  handler.ContextHandler (ContextHandler.java:doStart(781)) - Started o.e.j.s.ServletContextHandler@4fe875be{/logs,file:///workdir/hadoop-ozone/integration-test/target/log,AVAILABLE}
2019-09-18 05:56:48,300 [main] INFO  handler.ContextHandler (ContextHandler.java:doStart(781)) - Started o.e.j.s.ServletContextHandler@4a9486c0{/static,file:///workdir/hadoop-ozone/integration-test/target/test-classes/webapps/static,AVAILABLE}
2019-09-18 05:56:48,305 [main] INFO  handler.ContextHandler (ContextHandler.java:doStart(781)) - Started o.e.j.w.WebAppContext@3b569985{/,file:///workdir/hadoop-ozone/integration-test/target/test-classes/webapps/ozoneManager/,AVAILABLE}{/ozoneManager}
2019-09-18 05:56:48,306 [main] INFO  server.AbstractConnector (AbstractConnector.java:doStart(278)) - Started ServerConnector@3a022576{HTTP/1.1,[http/1.1]}{0.0.0.0:46248}
2019-09-18 05:56:48,306 [main] INFO  server.Server (Server.java:doStart(419)) - Started @4370ms
2019-09-18 05:56:48,308 [main] WARN  impl.MetricsSystemImpl (MetricsSystemImpl.java:register(276)) - Sink prometheus already exists!
2019-09-18 05:56:48,309 [main] INFO  server.BaseHttpServer (BaseHttpServer.java:updateConnectorAddress(215)) - HTTP server of OZONEMANAGER is listening at http://0.0.0.0:46248
2019-09-18 05:56:48,692 [main] INFO  impl.MetricsSystemImpl (MetricsSystemImpl.java:init(158)) - HddsDatanode metrics system started (again)
2019-09-18 05:56:48,755 [main] INFO  ozone.HddsDatanodeService (HddsDatanodeService.java:start(184)) - HddsDatanodeService host:trunk-nightly-20190918-qrmtq-2607408458 ip:192.168.34.58
2019-09-18 05:56:48,791 [main] INFO  volume.HddsVolume (HddsVolume.java:<init>(176)) - Creating Volume: /workdir/hadoop-ozone/integration-test/target/test-dir/MiniOzoneClusterImpl-7e150d22-1a1f-47f1-b170-93e0081f87e5/datanode-0/data/containers/hdds of  storage type : DISK and capacity : 1482555576320
2019-09-18 05:56:48,794 [main] INFO  volume.VolumeSet (VolumeSet.java:initializeVolumeSet(170)) - Added Volume : /workdir/hadoop-ozone/integration-test/target/test-dir/MiniOzoneClusterImpl-7e150d22-1a1f-47f1-b170-93e0081f87e5/datanode-0/data/containers/hdds to VolumeSet
2019-09-18 05:56:48,797 [main] INFO  volume.ThrottledAsyncChecker (ThrottledAsyncChecker.java:schedule(139)) - Scheduling a check for org.apache.hadoop.ozone.container.common.volume.HddsVolume@289fdb08
2019-09-18 05:56:48,813 [main] INFO  volume.HddsVolumeChecker (HddsVolumeChecker.java:checkAllVolumes(202)) - Scheduled health check for volume org.apache.hadoop.ozone.container.common.volume.HddsVolume@289fdb08
2019-09-18 05:56:48,923 [main] INFO  impl.RaftServerProxy (ConfUtils.java:logGet(43)) - raft.rpc.type = GRPC (default)
2019-09-18 05:56:48,981 [main] INFO  grpc.GrpcFactory (GrpcFactory.java:checkPooledByteBufAllocatorUseCacheForAllThreads(45)) - PERFORMANCE WARNING: useCacheForAllThreads is true that may cause Netty to create a lot garbage objects and, as a result, trigger GC.
	It is recommended to disable useCacheForAllThreads by setting -Dorg.apache.ratis.thirdparty.io.netty.allocator.useCacheForAllThreads=false in command line.
2019-09-18 05:56:48,985 [main] INFO  grpc.GrpcConfigKeys$Server (ConfUtils.java:logGet(43)) - raft.grpc.server.port = 0 (default)
2019-09-18 05:56:48,986 [main] INFO  server.GrpcService (ConfUtils.java:logGet(43)) - raft.grpc.message.size.max = 33570816 (custom)
2019-09-18 05:56:48,987 [main] INFO  server.RaftServerConfigKeys (ConfUtils.java:logGet(43)) - raft.server.log.appender.buffer.byte-limit = 33554432 (custom)
2019-09-18 05:56:48,988 [main] INFO  server.GrpcService (ConfUtils.java:logGet(43)) - raft.grpc.flow.control.window = 1MB (=1048576) (default)
2019-09-18 05:56:48,989 [main] INFO  server.RaftServerConfigKeys (ConfUtils.java:logGet(43)) - raft.server.rpc.request.timeout = 3000ms (default)
2019-09-18 05:56:49,130 [main] INFO  server.RaftServerConfigKeys (ConfUtils.java:logGet(43)) - raft.server.storage.dir = [/workdir/hadoop-ozone/integration-test/target/test-dir/MiniOzoneClusterImpl-7e150d22-1a1f-47f1-b170-93e0081f87e5/datanode-0/data/ratis] (custom)
2019-09-18 05:56:49,190 [main] INFO  hdfs.DFSUtil (DFSUtil.java:httpServerTemplateForNNAndJN(1641)) - Starting Web-server for hddsDatanode at: http://0.0.0.0:0
2019-09-18 05:56:49,195 [main] INFO  server.AuthenticationFilter (AuthenticationFilter.java:constructSecretProvider(240)) - Unable to initialize FileSignerSecretProvider, falling back to use random secrets.
2019-09-18 05:56:49,196 [main] WARN  http.HttpRequestLog (HttpRequestLog.java:getRequestLog(97)) - Jetty request log can only be enabled using Log4j
2019-09-18 05:56:49,199 [main] INFO  http.HttpServer2 (HttpServer2.java:addGlobalFilter(975)) - Added global filter 'safety' (class=org.apache.hadoop.http.HttpServer2$QuotingInputFilter)
2019-09-18 05:56:49,200 [main] INFO  http.HttpServer2 (HttpServer2.java:addFilter(948)) - Added filter static_user_filter (class=org.apache.hadoop.http.lib.StaticUserWebFilter$StaticUserFilter) to context hddsDatanode
2019-09-18 05:56:49,200 [main] INFO  http.HttpServer2 (HttpServer2.java:addFilter(958)) - Added filter static_user_filter (class=org.apache.hadoop.http.lib.StaticUserWebFilter$StaticUserFilter) to context logs
2019-09-18 05:56:49,200 [main] INFO  http.HttpServer2 (HttpServer2.java:addFilter(958)) - Added filter static_user_filter (class=org.apache.hadoop.http.lib.StaticUserWebFilter$StaticUserFilter) to context static
2019-09-18 05:56:49,202 [main] INFO  http.HttpServer2 (HttpServer2.java:bindListener(1191)) - Jetty bound to port 34202
2019-09-18 05:56:49,202 [main] INFO  server.Server (Server.java:doStart(351)) - jetty-9.3.24.v20180605, build timestamp: 2018-06-05T17:11:56Z, git hash: 84205aa28f11a4f31f2a3b86d1bba2cc8ab69827
2019-09-18 05:56:49,205 [main] INFO  handler.ContextHandler (ContextHandler.java:doStart(781)) - Started o.e.j.s.ServletContextHandler@7b6860f9{/logs,file:///workdir/hadoop-ozone/integration-test/target/log,AVAILABLE}
2019-09-18 05:56:49,205 [main] INFO  handler.ContextHandler (ContextHandler.java:doStart(781)) - Started o.e.j.s.ServletContextHandler@31ee2fdb{/static,jar:file:/home/user/.m2/repository/org/apache/hadoop/hadoop-hdds-container-service/0.5.0-SNAPSHOT/hadoop-hdds-container-service-0.5.0-SNAPSHOT.jar!/webapps/static,AVAILABLE}
2019-09-18 05:56:49,244 [main] INFO  handler.ContextHandler (ContextHandler.java:doStart(781)) - Started o.e.j.w.WebAppContext@2849434b{/,file:///tmp/jetty-0.0.0.0-34202-hddsDatanode-_-any-7026694791860431822.dir/webapp/,AVAILABLE}{/hddsDatanode}
2019-09-18 05:56:49,245 [main] INFO  server.AbstractConnector (AbstractConnector.java:doStart(278)) - Started ServerConnector@60bbacfc{HTTP/1.1,[http/1.1]}{0.0.0.0:34202}
2019-09-18 05:56:49,246 [main] INFO  server.Server (Server.java:doStart(419)) - Started @5310ms
2019-09-18 05:56:49,248 [main] WARN  impl.MetricsSystemImpl (MetricsSystemImpl.java:register(276)) - Sink prometheus already exists!
2019-09-18 05:56:49,249 [main] INFO  server.BaseHttpServer (BaseHttpServer.java:updateConnectorAddress(215)) - HTTP server of HDDSDATANODE is listening at http://0.0.0.0:34202
2019-09-18 05:56:49,250 [main] INFO  impl.MetricsSystemImpl (MetricsSystemImpl.java:init(158)) - HddsDatanode metrics system started (again)
2019-09-18 05:56:49,253 [main] INFO  ozone.HddsDatanodeService (HddsDatanodeService.java:start(184)) - HddsDatanodeService host:trunk-nightly-20190918-qrmtq-2607408458 ip:192.168.34.58
2019-09-18 05:56:49,257 [org.apache.hadoop.util.JvmPauseMonitor$Monitor@4bbba860] INFO  util.JvmPauseMonitor (JvmPauseMonitor.java:run(188)) - Starting JVM pause monitor
2019-09-18 05:56:49,261 [main] INFO  volume.HddsVolume (HddsVolume.java:<init>(176)) - Creating Volume: /workdir/hadoop-ozone/integration-test/target/test-dir/MiniOzoneClusterImpl-7e150d22-1a1f-47f1-b170-93e0081f87e5/datanode-1/data/containers/hdds of  storage type : DISK and capacity : 1482555576320
2019-09-18 05:56:49,261 [main] INFO  volume.VolumeSet (VolumeSet.java:initializeVolumeSet(170)) - Added Volume : /workdir/hadoop-ozone/integration-test/target/test-dir/MiniOzoneClusterImpl-7e150d22-1a1f-47f1-b170-93e0081f87e5/datanode-1/data/containers/hdds to VolumeSet
2019-09-18 05:56:49,262 [main] INFO  volume.ThrottledAsyncChecker (ThrottledAsyncChecker.java:schedule(139)) - Scheduling a check for org.apache.hadoop.ozone.container.common.volume.HddsVolume@4c6007fb
2019-09-18 05:56:49,262 [main] INFO  volume.HddsVolumeChecker (HddsVolumeChecker.java:checkAllVolumes(202)) - Scheduled health check for volume org.apache.hadoop.ozone.container.common.volume.HddsVolume@4c6007fb
2019-09-18 05:56:49,278 [main] INFO  impl.RaftServerProxy (ConfUtils.java:logGet(43)) - raft.rpc.type = GRPC (default)
2019-09-18 05:56:49,278 [main] INFO  grpc.GrpcFactory (GrpcFactory.java:checkPooledByteBufAllocatorUseCacheForAllThreads(45)) - PERFORMANCE WARNING: useCacheForAllThreads is true that may cause Netty to create a lot garbage objects and, as a result, trigger GC.
	It is recommended to disable useCacheForAllThreads by setting -Dorg.apache.ratis.thirdparty.io.netty.allocator.useCacheForAllThreads=false in command line.
2019-09-18 05:56:49,278 [main] INFO  grpc.GrpcConfigKeys$Server (ConfUtils.java:logGet(43)) - raft.grpc.server.port = 0 (default)
2019-09-18 05:56:49,278 [main] INFO  server.GrpcService (ConfUtils.java:logGet(43)) - raft.grpc.message.size.max = 33570816 (custom)
2019-09-18 05:56:49,279 [main] INFO  server.RaftServerConfigKeys (ConfUtils.java:logGet(43)) - raft.server.log.appender.buffer.byte-limit = 33554432 (custom)
2019-09-18 05:56:49,279 [main] INFO  server.GrpcService (ConfUtils.java:logGet(43)) - raft.grpc.flow.control.window = 1MB (=1048576) (default)
2019-09-18 05:56:49,279 [main] INFO  server.RaftServerConfigKeys (ConfUtils.java:logGet(43)) - raft.server.rpc.request.timeout = 3000ms (default)
2019-09-18 05:56:49,280 [main] INFO  server.RaftServerConfigKeys (ConfUtils.java:logGet(43)) - raft.server.storage.dir = [/workdir/hadoop-ozone/integration-test/target/test-dir/MiniOzoneClusterImpl-7e150d22-1a1f-47f1-b170-93e0081f87e5/datanode-1/data/ratis] (custom)
2019-09-18 05:56:49,281 [main] INFO  hdfs.DFSUtil (DFSUtil.java:httpServerTemplateForNNAndJN(1641)) - Starting Web-server for hddsDatanode at: http://0.0.0.0:0
2019-09-18 05:56:49,282 [main] INFO  server.AuthenticationFilter (AuthenticationFilter.java:constructSecretProvider(240)) - Unable to initialize FileSignerSecretProvider, falling back to use random secrets.
2019-09-18 05:56:49,283 [main] WARN  http.HttpRequestLog (HttpRequestLog.java:getRequestLog(97)) - Jetty request log can only be enabled using Log4j
2019-09-18 05:56:49,285 [main] INFO  http.HttpServer2 (HttpServer2.java:addGlobalFilter(975)) - Added global filter 'safety' (class=org.apache.hadoop.http.HttpServer2$QuotingInputFilter)
2019-09-18 05:56:49,286 [main] INFO  http.HttpServer2 (HttpServer2.java:addFilter(948)) - Added filter static_user_filter (class=org.apache.hadoop.http.lib.StaticUserWebFilter$StaticUserFilter) to context hddsDatanode
2019-09-18 05:56:49,287 [main] INFO  http.HttpServer2 (HttpServer2.java:addFilter(958)) - Added filter static_user_filter (class=org.apache.hadoop.http.lib.StaticUserWebFilter$StaticUserFilter) to context static
2019-09-18 05:56:49,287 [main] INFO  http.HttpServer2 (HttpServer2.java:addFilter(958)) - Added filter static_user_filter (class=org.apache.hadoop.http.lib.StaticUserWebFilter$StaticUserFilter) to context logs
2019-09-18 05:56:49,289 [main] INFO  http.HttpServer2 (HttpServer2.java:bindListener(1191)) - Jetty bound to port 33149
2019-09-18 05:56:49,289 [main] INFO  server.Server (Server.java:doStart(351)) - jetty-9.3.24.v20180605, build timestamp: 2018-06-05T17:11:56Z, git hash: 84205aa28f11a4f31f2a3b86d1bba2cc8ab69827
2019-09-18 05:56:49,294 [main] INFO  handler.ContextHandler (ContextHandler.java:doStart(781)) - Started o.e.j.s.ServletContextHandler@3dffc764{/logs,file:///workdir/hadoop-ozone/integration-test/target/log,AVAILABLE}
2019-09-18 05:56:49,295 [main] INFO  handler.ContextHandler (ContextHandler.java:doStart(781)) - Started o.e.j.s.ServletContextHandler@561b61ed{/static,jar:file:/home/user/.m2/repository/org/apache/hadoop/hadoop-hdds-container-service/0.5.0-SNAPSHOT/hadoop-hdds-container-service-0.5.0-SNAPSHOT.jar!/webapps/static,AVAILABLE}
2019-09-18 05:56:49,342 [main] INFO  handler.ContextHandler (ContextHandler.java:doStart(781)) - Started o.e.j.w.WebAppContext@3c3a0032{/,file:///tmp/jetty-0.0.0.0-33149-hddsDatanode-_-any-6930888038480366838.dir/webapp/,AVAILABLE}{/hddsDatanode}
2019-09-18 05:56:49,344 [main] INFO  server.AbstractConnector (AbstractConnector.java:doStart(278)) - Started ServerConnector@7ceb4478{HTTP/1.1,[http/1.1]}{0.0.0.0:33149}
2019-09-18 05:56:49,344 [main] INFO  server.Server (Server.java:doStart(419)) - Started @5408ms
2019-09-18 05:56:49,345 [main] WARN  impl.MetricsSystemImpl (MetricsSystemImpl.java:register(276)) - Sink prometheus already exists!
2019-09-18 05:56:49,346 [main] INFO  server.BaseHttpServer (BaseHttpServer.java:updateConnectorAddress(215)) - HTTP server of HDDSDATANODE is listening at http://0.0.0.0:33149
2019-09-18 05:56:49,347 [main] INFO  impl.MetricsSystemImpl (MetricsSystemImpl.java:init(158)) - HddsDatanode metrics system started (again)
2019-09-18 05:56:49,350 [org.apache.hadoop.util.JvmPauseMonitor$Monitor@76d62a2f] INFO  util.JvmPauseMonitor (JvmPauseMonitor.java:run(188)) - Starting JVM pause monitor
2019-09-18 05:56:49,351 [main] INFO  ozone.HddsDatanodeService (HddsDatanodeService.java:start(184)) - HddsDatanodeService host:trunk-nightly-20190918-qrmtq-2607408458 ip:192.168.34.58
2019-09-18 05:56:49,361 [main] INFO  volume.HddsVolume (HddsVolume.java:<init>(176)) - Creating Volume: /workdir/hadoop-ozone/integration-test/target/test-dir/MiniOzoneClusterImpl-7e150d22-1a1f-47f1-b170-93e0081f87e5/datanode-2/data/containers/hdds of  storage type : DISK and capacity : 1482555576320
2019-09-18 05:56:49,361 [main] INFO  volume.VolumeSet (VolumeSet.java:initializeVolumeSet(170)) - Added Volume : /workdir/hadoop-ozone/integration-test/target/test-dir/MiniOzoneClusterImpl-7e150d22-1a1f-47f1-b170-93e0081f87e5/datanode-2/data/containers/hdds to VolumeSet
2019-09-18 05:56:49,361 [main] INFO  volume.ThrottledAsyncChecker (ThrottledAsyncChecker.java:schedule(139)) - Scheduling a check for org.apache.hadoop.ozone.container.common.volume.HddsVolume@4da6d664
2019-09-18 05:56:49,362 [main] INFO  volume.HddsVolumeChecker (HddsVolumeChecker.java:checkAllVolumes(202)) - Scheduled health check for volume org.apache.hadoop.ozone.container.common.volume.HddsVolume@4da6d664
2019-09-18 05:56:49,385 [main] INFO  impl.RaftServerProxy (ConfUtils.java:logGet(43)) - raft.rpc.type = GRPC (default)
2019-09-18 05:56:49,386 [main] INFO  grpc.GrpcFactory (GrpcFactory.java:checkPooledByteBufAllocatorUseCacheForAllThreads(45)) - PERFORMANCE WARNING: useCacheForAllThreads is true that may cause Netty to create a lot garbage objects and, as a result, trigger GC.
	It is recommended to disable useCacheForAllThreads by setting -Dorg.apache.ratis.thirdparty.io.netty.allocator.useCacheForAllThreads=false in command line.
2019-09-18 05:56:49,386 [main] INFO  grpc.GrpcConfigKeys$Server (ConfUtils.java:logGet(43)) - raft.grpc.server.port = 0 (default)
2019-09-18 05:56:49,387 [main] INFO  server.GrpcService (ConfUtils.java:logGet(43)) - raft.grpc.message.size.max = 33570816 (custom)
2019-09-18 05:56:49,387 [main] INFO  server.RaftServerConfigKeys (ConfUtils.java:logGet(43)) - raft.server.log.appender.buffer.byte-limit = 33554432 (custom)
2019-09-18 05:56:49,387 [main] INFO  server.GrpcService (ConfUtils.java:logGet(43)) - raft.grpc.flow.control.window = 1MB (=1048576) (default)
2019-09-18 05:56:49,388 [main] INFO  server.RaftServerConfigKeys (ConfUtils.java:logGet(43)) - raft.server.rpc.request.timeout = 3000ms (default)
2019-09-18 05:56:49,388 [main] INFO  server.RaftServerConfigKeys (ConfUtils.java:logGet(43)) - raft.server.storage.dir = [/workdir/hadoop-ozone/integration-test/target/test-dir/MiniOzoneClusterImpl-7e150d22-1a1f-47f1-b170-93e0081f87e5/datanode-2/data/ratis] (custom)
2019-09-18 05:56:49,390 [Datanode State Machine Thread - 0] INFO  datanode.InitDatanodeState (InitDatanodeState.java:persistContainerDatanodeDetails(140)) - DatanodeDetails is persisted to /workdir/hadoop-ozone/integration-test/target/test-dir/MiniOzoneClusterImpl-7e150d22-1a1f-47f1-b170-93e0081f87e5/datanode-0/meta/datanode.id
2019-09-18 05:56:49,391 [main] INFO  hdfs.DFSUtil (DFSUtil.java:httpServerTemplateForNNAndJN(1641)) - Starting Web-server for hddsDatanode at: http://0.0.0.0:0
2019-09-18 05:56:49,394 [Datanode State Machine Thread - 0] INFO  datanode.InitDatanodeState (InitDatanodeState.java:persistContainerDatanodeDetails(140)) - DatanodeDetails is persisted to /workdir/hadoop-ozone/integration-test/target/test-dir/MiniOzoneClusterImpl-7e150d22-1a1f-47f1-b170-93e0081f87e5/datanode-1/meta/datanode.id
2019-09-18 05:56:49,395 [main] INFO  server.AuthenticationFilter (AuthenticationFilter.java:constructSecretProvider(240)) - Unable to initialize FileSignerSecretProvider, falling back to use random secrets.
2019-09-18 05:56:49,395 [main] WARN  http.HttpRequestLog (HttpRequestLog.java:getRequestLog(97)) - Jetty request log can only be enabled using Log4j
2019-09-18 05:56:49,397 [main] INFO  http.HttpServer2 (HttpServer2.java:addGlobalFilter(975)) - Added global filter 'safety' (class=org.apache.hadoop.http.HttpServer2$QuotingInputFilter)
2019-09-18 05:56:49,398 [main] INFO  http.HttpServer2 (HttpServer2.java:addFilter(948)) - Added filter static_user_filter (class=org.apache.hadoop.http.lib.StaticUserWebFilter$StaticUserFilter) to context hddsDatanode
2019-09-18 05:56:49,399 [main] INFO  http.HttpServer2 (HttpServer2.java:addFilter(958)) - Added filter static_user_filter (class=org.apache.hadoop.http.lib.StaticUserWebFilter$StaticUserFilter) to context static
2019-09-18 05:56:49,399 [main] INFO  http.HttpServer2 (HttpServer2.java:addFilter(958)) - Added filter static_user_filter (class=org.apache.hadoop.http.lib.StaticUserWebFilter$StaticUserFilter) to context logs
2019-09-18 05:56:49,400 [main] INFO  http.HttpServer2 (HttpServer2.java:bindListener(1191)) - Jetty bound to port 39643
2019-09-18 05:56:49,400 [main] INFO  server.Server (Server.java:doStart(351)) - jetty-9.3.24.v20180605, build timestamp: 2018-06-05T17:11:56Z, git hash: 84205aa28f11a4f31f2a3b86d1bba2cc8ab69827
2019-09-18 05:56:49,403 [main] INFO  handler.ContextHandler (ContextHandler.java:doStart(781)) - Started o.e.j.s.ServletContextHandler@1aad0b1{/logs,file:///workdir/hadoop-ozone/integration-test/target/log,AVAILABLE}
2019-09-18 05:56:49,404 [main] INFO  handler.ContextHandler (ContextHandler.java:doStart(781)) - Started o.e.j.s.ServletContextHandler@5af8bb51{/static,jar:file:/home/user/.m2/repository/org/apache/hadoop/hadoop-hdds-container-service/0.5.0-SNAPSHOT/hadoop-hdds-container-service-0.5.0-SNAPSHOT.jar!/webapps/static,AVAILABLE}
2019-09-18 05:56:49,444 [main] INFO  handler.ContextHandler (ContextHandler.java:doStart(781)) - Started o.e.j.w.WebAppContext@56da7487{/,file:///tmp/jetty-0.0.0.0-39643-hddsDatanode-_-any-2660034563228538433.dir/webapp/,AVAILABLE}{/hddsDatanode}
2019-09-18 05:56:49,445 [main] INFO  server.AbstractConnector (AbstractConnector.java:doStart(278)) - Started ServerConnector@599e4d41{HTTP/1.1,[http/1.1]}{0.0.0.0:39643}
2019-09-18 05:56:49,445 [main] INFO  server.Server (Server.java:doStart(419)) - Started @5509ms
2019-09-18 05:56:49,447 [main] WARN  impl.MetricsSystemImpl (MetricsSystemImpl.java:register(276)) - Sink prometheus already exists!
2019-09-18 05:56:49,448 [main] INFO  server.BaseHttpServer (BaseHttpServer.java:updateConnectorAddress(215)) - HTTP server of HDDSDATANODE is listening at http://0.0.0.0:39643
2019-09-18 05:56:49,448 [main] INFO  impl.MetricsSystemImpl (MetricsSystemImpl.java:init(158)) - HddsDatanode metrics system started (again)
2019-09-18 05:56:49,452 [org.apache.hadoop.util.JvmPauseMonitor$Monitor@7f47dc0f] INFO  util.JvmPauseMonitor (JvmPauseMonitor.java:run(188)) - Starting JVM pause monitor
2019-09-18 05:56:49,452 [main] INFO  ozone.HddsDatanodeService (HddsDatanodeService.java:start(184)) - HddsDatanodeService host:trunk-nightly-20190918-qrmtq-2607408458 ip:192.168.34.58
2019-09-18 05:56:49,455 [Datanode State Machine Thread - 0] INFO  datanode.InitDatanodeState (InitDatanodeState.java:persistContainerDatanodeDetails(140)) - DatanodeDetails is persisted to /workdir/hadoop-ozone/integration-test/target/test-dir/MiniOzoneClusterImpl-7e150d22-1a1f-47f1-b170-93e0081f87e5/datanode-2/meta/datanode.id
2019-09-18 05:56:49,463 [main] INFO  volume.HddsVolume (HddsVolume.java:<init>(176)) - Creating Volume: /workdir/hadoop-ozone/integration-test/target/test-dir/MiniOzoneClusterImpl-7e150d22-1a1f-47f1-b170-93e0081f87e5/datanode-3/data/containers/hdds of  storage type : DISK and capacity : 1482555576320
2019-09-18 05:56:49,463 [main] INFO  volume.VolumeSet (VolumeSet.java:initializeVolumeSet(170)) - Added Volume : /workdir/hadoop-ozone/integration-test/target/test-dir/MiniOzoneClusterImpl-7e150d22-1a1f-47f1-b170-93e0081f87e5/datanode-3/data/containers/hdds to VolumeSet
2019-09-18 05:56:49,463 [main] INFO  volume.ThrottledAsyncChecker (ThrottledAsyncChecker.java:schedule(139)) - Scheduling a check for org.apache.hadoop.ozone.container.common.volume.HddsVolume@1981d861
2019-09-18 05:56:49,464 [main] INFO  volume.HddsVolumeChecker (HddsVolumeChecker.java:checkAllVolumes(202)) - Scheduled health check for volume org.apache.hadoop.ozone.container.common.volume.HddsVolume@1981d861
2019-09-18 05:56:49,485 [main] INFO  impl.RaftServerProxy (ConfUtils.java:logGet(43)) - raft.rpc.type = GRPC (default)
2019-09-18 05:56:49,485 [main] INFO  grpc.GrpcFactory (GrpcFactory.java:checkPooledByteBufAllocatorUseCacheForAllThreads(45)) - PERFORMANCE WARNING: useCacheForAllThreads is true that may cause Netty to create a lot garbage objects and, as a result, trigger GC.
	It is recommended to disable useCacheForAllThreads by setting -Dorg.apache.ratis.thirdparty.io.netty.allocator.useCacheForAllThreads=false in command line.
2019-09-18 05:56:49,486 [main] INFO  grpc.GrpcConfigKeys$Server (ConfUtils.java:logGet(43)) - raft.grpc.server.port = 0 (default)
2019-09-18 05:56:49,486 [main] INFO  server.GrpcService (ConfUtils.java:logGet(43)) - raft.grpc.message.size.max = 33570816 (custom)
2019-09-18 05:56:49,486 [main] INFO  server.RaftServerConfigKeys (ConfUtils.java:logGet(43)) - raft.server.log.appender.buffer.byte-limit = 33554432 (custom)
2019-09-18 05:56:49,487 [main] INFO  server.GrpcService (ConfUtils.java:logGet(43)) - raft.grpc.flow.control.window = 1MB (=1048576) (default)
2019-09-18 05:56:49,487 [main] INFO  server.RaftServerConfigKeys (ConfUtils.java:logGet(43)) - raft.server.rpc.request.timeout = 3000ms (default)
2019-09-18 05:56:49,488 [main] INFO  server.RaftServerConfigKeys (ConfUtils.java:logGet(43)) - raft.server.storage.dir = [/workdir/hadoop-ozone/integration-test/target/test-dir/MiniOzoneClusterImpl-7e150d22-1a1f-47f1-b170-93e0081f87e5/datanode-3/data/ratis] (custom)
2019-09-18 05:56:49,490 [main] INFO  hdfs.DFSUtil (DFSUtil.java:httpServerTemplateForNNAndJN(1641)) - Starting Web-server for hddsDatanode at: http://0.0.0.0:0
2019-09-18 05:56:49,491 [main] INFO  server.AuthenticationFilter (AuthenticationFilter.java:constructSecretProvider(240)) - Unable to initialize FileSignerSecretProvider, falling back to use random secrets.
2019-09-18 05:56:49,492 [main] WARN  http.HttpRequestLog (HttpRequestLog.java:getRequestLog(97)) - Jetty request log can only be enabled using Log4j
2019-09-18 05:56:49,493 [main] INFO  http.HttpServer2 (HttpServer2.java:addGlobalFilter(975)) - Added global filter 'safety' (class=org.apache.hadoop.http.HttpServer2$QuotingInputFilter)
2019-09-18 05:56:49,493 [main] INFO  http.HttpServer2 (HttpServer2.java:addFilter(948)) - Added filter static_user_filter (class=org.apache.hadoop.http.lib.StaticUserWebFilter$StaticUserFilter) to context hddsDatanode
2019-09-18 05:56:49,494 [main] INFO  http.HttpServer2 (HttpServer2.java:addFilter(958)) - Added filter static_user_filter (class=org.apache.hadoop.http.lib.StaticUserWebFilter$StaticUserFilter) to context logs
2019-09-18 05:56:49,494 [main] INFO  http.HttpServer2 (HttpServer2.java:addFilter(958)) - Added filter static_user_filter (class=org.apache.hadoop.http.lib.StaticUserWebFilter$StaticUserFilter) to context static
2019-09-18 05:56:49,495 [main] INFO  http.HttpServer2 (HttpServer2.java:bindListener(1191)) - Jetty bound to port 34861
2019-09-18 05:56:49,495 [main] INFO  server.Server (Server.java:doStart(351)) - jetty-9.3.24.v20180605, build timestamp: 2018-06-05T17:11:56Z, git hash: 84205aa28f11a4f31f2a3b86d1bba2cc8ab69827
2019-09-18 05:56:49,498 [main] INFO  handler.ContextHandler (ContextHandler.java:doStart(781)) - Started o.e.j.s.ServletContextHandler@68ab0936{/logs,file:///workdir/hadoop-ozone/integration-test/target/log,AVAILABLE}
2019-09-18 05:56:49,499 [main] INFO  handler.ContextHandler (ContextHandler.java:doStart(781)) - Started o.e.j.s.ServletContextHandler@42b84286{/static,jar:file:/home/user/.m2/repository/org/apache/hadoop/hadoop-hdds-container-service/0.5.0-SNAPSHOT/hadoop-hdds-container-service-0.5.0-SNAPSHOT.jar!/webapps/static,AVAILABLE}
2019-09-18 05:56:49,528 [main] INFO  handler.ContextHandler (ContextHandler.java:doStart(781)) - Started o.e.j.w.WebAppContext@6caf7803{/,file:///tmp/jetty-0.0.0.0-34861-hddsDatanode-_-any-7960017694231718799.dir/webapp/,AVAILABLE}{/hddsDatanode}
2019-09-18 05:56:49,528 [main] INFO  server.AbstractConnector (AbstractConnector.java:doStart(278)) - Started ServerConnector@709ed6f3{HTTP/1.1,[http/1.1]}{0.0.0.0:34861}
2019-09-18 05:56:49,529 [main] INFO  server.Server (Server.java:doStart(419)) - Started @5593ms
2019-09-18 05:56:49,529 [main] WARN  impl.MetricsSystemImpl (MetricsSystemImpl.java:register(276)) - Sink prometheus already exists!
2019-09-18 05:56:49,531 [main] INFO  server.BaseHttpServer (BaseHttpServer.java:updateConnectorAddress(215)) - HTTP server of HDDSDATANODE is listening at http://0.0.0.0:34861
2019-09-18 05:56:49,534 [main] INFO  ozone.MiniOzoneClusterImpl (MiniOzoneClusterImpl.java:lambda$waitForClusterToBeReady$0(145)) - Waiting for cluster to be ready. Got 0 of 4 DN Heartbeats.
2019-09-18 05:56:49,535 [org.apache.hadoop.util.JvmPauseMonitor$Monitor@69ddeb5a] INFO  util.JvmPauseMonitor (JvmPauseMonitor.java:run(188)) - Starting JVM pause monitor
2019-09-18 05:56:49,538 [Datanode State Machine Thread - 0] INFO  datanode.InitDatanodeState (InitDatanodeState.java:persistContainerDatanodeDetails(140)) - DatanodeDetails is persisted to /workdir/hadoop-ozone/integration-test/target/test-dir/MiniOzoneClusterImpl-7e150d22-1a1f-47f1-b170-93e0081f87e5/datanode-3/meta/datanode.id
2019-09-18 05:56:50,535 [main] INFO  ozone.MiniOzoneClusterImpl (MiniOzoneClusterImpl.java:lambda$waitForClusterToBeReady$0(145)) - Waiting for cluster to be ready. Got 0 of 4 DN Heartbeats.
2019-09-18 05:56:51,320 [Datanode State Machine Thread - 0] INFO  ozoneimpl.OzoneContainer (OzoneContainer.java:start(217)) - Attempting to start container services.
2019-09-18 05:56:51,323 [Datanode State Machine Thread - 0] INFO  ozoneimpl.OzoneContainer (OzoneContainer.java:startContainerScrub(179)) - Background container scanner has been disabled.
2019-09-18 05:56:51,323 [Datanode State Machine Thread - 0] INFO  ratis.XceiverServerRatis (XceiverServerRatis.java:start(411)) - Starting XceiverServerRatis 329571e1-6a39-4ea2-9788-653f0399bb9f at port 0
2019-09-18 05:56:51,356 [Datanode State Machine Thread - 0] INFO  impl.RaftServerProxy (RaftServerProxy.java:lambda$start$3(299)) - 329571e1-6a39-4ea2-9788-653f0399bb9f: start RPC server
2019-09-18 05:56:51,381 [Datanode State Machine Thread - 0] INFO  ozoneimpl.OzoneContainer (OzoneContainer.java:start(217)) - Attempting to start container services.
2019-09-18 05:56:51,387 [Datanode State Machine Thread - 0] INFO  ozoneimpl.OzoneContainer (OzoneContainer.java:startContainerScrub(179)) - Background container scanner has been disabled.
2019-09-18 05:56:51,387 [Datanode State Machine Thread - 0] INFO  ratis.XceiverServerRatis (XceiverServerRatis.java:start(411)) - Starting XceiverServerRatis c879f5a9-5a3d-41ba-aee1-dd3bb0f6e709 at port 0
2019-09-18 05:56:51,399 [Datanode State Machine Thread - 0] INFO  impl.RaftServerProxy (RaftServerProxy.java:lambda$start$3(299)) - c879f5a9-5a3d-41ba-aee1-dd3bb0f6e709: start RPC server
2019-09-18 05:56:51,468 [Datanode State Machine Thread - 0] INFO  ozoneimpl.OzoneContainer (OzoneContainer.java:start(217)) - Attempting to start container services.
2019-09-18 05:56:51,470 [Datanode State Machine Thread - 0] INFO  ozoneimpl.OzoneContainer (OzoneContainer.java:startContainerScrub(179)) - Background container scanner has been disabled.
2019-09-18 05:56:51,470 [Datanode State Machine Thread - 0] INFO  ratis.XceiverServerRatis (XceiverServerRatis.java:start(411)) - Starting XceiverServerRatis c4fb2900-bec2-4ad9-93ed-a812fd0653dd at port 0
2019-09-18 05:56:51,481 [Datanode State Machine Thread - 0] INFO  impl.RaftServerProxy (RaftServerProxy.java:lambda$start$3(299)) - c4fb2900-bec2-4ad9-93ed-a812fd0653dd: start RPC server
2019-09-18 05:56:51,504 [Datanode State Machine Thread - 0] INFO  server.GrpcService (GrpcService.java:startImpl(158)) - 329571e1-6a39-4ea2-9788-653f0399bb9f: GrpcService started, listening on 0.0.0.0/0.0.0.0:43092
2019-09-18 05:56:51,504 [Datanode State Machine Thread - 0] INFO  server.GrpcService (GrpcService.java:startImpl(158)) - c4fb2900-bec2-4ad9-93ed-a812fd0653dd: GrpcService started, listening on 0.0.0.0/0.0.0.0:39356
2019-09-18 05:56:51,504 [Datanode State Machine Thread - 0] INFO  server.GrpcService (GrpcService.java:startImpl(158)) - c879f5a9-5a3d-41ba-aee1-dd3bb0f6e709: GrpcService started, listening on 0.0.0.0/0.0.0.0:39730
2019-09-18 05:56:51,506 [Datanode State Machine Thread - 0] INFO  ratis.XceiverServerRatis (XceiverServerRatis.java:start(421)) - XceiverServerRatis c4fb2900-bec2-4ad9-93ed-a812fd0653dd is started using port 39356
2019-09-18 05:56:51,505 [Datanode State Machine Thread - 0] INFO  ratis.XceiverServerRatis (XceiverServerRatis.java:start(421)) - XceiverServerRatis 329571e1-6a39-4ea2-9788-653f0399bb9f is started using port 43092
2019-09-18 05:56:51,506 [Datanode State Machine Thread - 0] INFO  ratis.XceiverServerRatis (XceiverServerRatis.java:start(421)) - XceiverServerRatis c879f5a9-5a3d-41ba-aee1-dd3bb0f6e709 is started using port 39730
2019-09-18 05:56:51,513 [Datanode State Machine Thread - 0] INFO  server.XceiverServerGrpc (XceiverServerGrpc.java:start(163)) - XceiverServerGrpc c4fb2900-bec2-4ad9-93ed-a812fd0653dd is started using port 36324
2019-09-18 05:56:51,513 [Datanode State Machine Thread - 0] INFO  server.XceiverServerGrpc (XceiverServerGrpc.java:start(163)) - XceiverServerGrpc 329571e1-6a39-4ea2-9788-653f0399bb9f is started using port 33483
2019-09-18 05:56:51,513 [Datanode State Machine Thread - 0] INFO  server.XceiverServerGrpc (XceiverServerGrpc.java:start(163)) - XceiverServerGrpc c879f5a9-5a3d-41ba-aee1-dd3bb0f6e709 is started using port 37466
2019-09-18 05:56:51,536 [main] INFO  ozone.MiniOzoneClusterImpl (MiniOzoneClusterImpl.java:lambda$waitForClusterToBeReady$0(145)) - Waiting for cluster to be ready. Got 0 of 4 DN Heartbeats.
2019-09-18 05:56:51,550 [Datanode State Machine Thread - 0] INFO  ozoneimpl.OzoneContainer (OzoneContainer.java:start(217)) - Attempting to start container services.
2019-09-18 05:56:51,553 [Datanode State Machine Thread - 0] INFO  ozoneimpl.OzoneContainer (OzoneContainer.java:startContainerScrub(179)) - Background container scanner has been disabled.
2019-09-18 05:56:51,553 [Datanode State Machine Thread - 0] INFO  ratis.XceiverServerRatis (XceiverServerRatis.java:start(411)) - Starting XceiverServerRatis 0847a6b9-7010-4ad2-bbf6-c57df44c7c73 at port 0
2019-09-18 05:56:51,561 [Datanode State Machine Thread - 0] INFO  impl.RaftServerProxy (RaftServerProxy.java:lambda$start$3(299)) - 0847a6b9-7010-4ad2-bbf6-c57df44c7c73: start RPC server
2019-09-18 05:56:51,564 [Datanode State Machine Thread - 0] INFO  server.GrpcService (GrpcService.java:startImpl(158)) - 0847a6b9-7010-4ad2-bbf6-c57df44c7c73: GrpcService started, listening on 0.0.0.0/0.0.0.0:34225
2019-09-18 05:56:51,565 [Datanode State Machine Thread - 0] INFO  ratis.XceiverServerRatis (XceiverServerRatis.java:start(421)) - XceiverServerRatis 0847a6b9-7010-4ad2-bbf6-c57df44c7c73 is started using port 34225
2019-09-18 05:56:51,567 [Datanode State Machine Thread - 0] INFO  server.XceiverServerGrpc (XceiverServerGrpc.java:start(163)) - XceiverServerGrpc 0847a6b9-7010-4ad2-bbf6-c57df44c7c73 is started using port 36841
2019-09-18 05:56:52,536 [main] INFO  ozone.MiniOzoneClusterImpl (MiniOzoneClusterImpl.java:lambda$waitForClusterToBeReady$0(145)) - Waiting for cluster to be ready. Got 0 of 4 DN Heartbeats.
2019-09-18 05:56:53,295 [IPC Server handler 1 on 34395] INFO  net.NetworkTopology (NetworkTopologyImpl.java:add(111)) - Added a new node: /default-rack/329571e1-6a39-4ea2-9788-653f0399bb9f
2019-09-18 05:56:53,296 [IPC Server handler 1 on 34395] INFO  node.SCMNodeManager (SCMNodeManager.java:register(266)) - Registered Data node : 329571e1-6a39-4ea2-9788-653f0399bb9f{ip: 192.168.34.58, host: trunk-nightly-20190918-qrmtq-2607408458, networkLocation: /default-rack, certSerialId: null}
2019-09-18 05:56:53,300 [EventQueue-NodeRegistrationContainerReportForDataNodeSafeModeRule] INFO  safemode.SCMSafeModeManager (DataNodeSafeModeRule.java:process(71)) - SCM in safe mode. 1 DataNodes registered, 1 required.
2019-09-18 05:56:53,301 [EventQueue-NodeRegistrationContainerReportForDataNodeSafeModeRule] INFO  safemode.SCMSafeModeManager (SCMSafeModeManager.java:validateSafeModeExitRules(177)) - ScmSafeModeManager, all rules are successfully validated
2019-09-18 05:56:53,301 [EventQueue-NodeRegistrationContainerReportForDataNodeSafeModeRule] INFO  safemode.SCMSafeModeManager (SCMSafeModeManager.java:exitSafeMode(193)) - SCM exiting safe mode.
2019-09-18 05:56:53,359 [IPC Server handler 2 on 34395] INFO  net.NetworkTopology (NetworkTopologyImpl.java:add(111)) - Added a new node: /default-rack/c879f5a9-5a3d-41ba-aee1-dd3bb0f6e709
2019-09-18 05:56:53,361 [IPC Server handler 2 on 34395] INFO  node.SCMNodeManager (SCMNodeManager.java:register(266)) - Registered Data node : c879f5a9-5a3d-41ba-aee1-dd3bb0f6e709{ip: 192.168.34.58, host: trunk-nightly-20190918-qrmtq-2607408458, networkLocation: /default-rack, certSerialId: null}
2019-09-18 05:56:53,456 [IPC Server handler 5 on 34395] INFO  net.NetworkTopology (NetworkTopologyImpl.java:add(111)) - Added a new node: /default-rack/c4fb2900-bec2-4ad9-93ed-a812fd0653dd
2019-09-18 05:56:53,457 [IPC Server handler 5 on 34395] INFO  node.SCMNodeManager (SCMNodeManager.java:register(266)) - Registered Data node : c4fb2900-bec2-4ad9-93ed-a812fd0653dd{ip: 192.168.34.58, host: trunk-nightly-20190918-qrmtq-2607408458, networkLocation: /default-rack, certSerialId: null}
2019-09-18 05:56:53,537 [main] INFO  ozone.MiniOzoneClusterImpl (MiniOzoneClusterImpl.java:lambda$waitForClusterToBeReady$0(145)) - Waiting for cluster to be ready. Got 3 of 4 DN Heartbeats.
2019-09-18 05:56:53,538 [IPC Server handler 4 on 34395] INFO  net.NetworkTopology (NetworkTopologyImpl.java:add(111)) - Added a new node: /default-rack/0847a6b9-7010-4ad2-bbf6-c57df44c7c73
2019-09-18 05:56:53,538 [IPC Server handler 4 on 34395] INFO  node.SCMNodeManager (SCMNodeManager.java:register(266)) - Registered Data node : 0847a6b9-7010-4ad2-bbf6-c57df44c7c73{ip: 192.168.34.58, host: trunk-nightly-20190918-qrmtq-2607408458, networkLocation: /default-rack, certSerialId: null}
2019-09-18 05:56:53,857 [grpc-default-executor-0] INFO  impl.RaftServerProxy (RaftServerProxy.java:addNew(89)) - 329571e1-6a39-4ea2-9788-653f0399bb9f: addNew group-6784FE895492:[329571e1-6a39-4ea2-9788-653f0399bb9f:192.168.34.58:43092] returns group-6784FE895492:java.util.concurrent.CompletableFuture@3efcf20c[Not completed]
2019-09-18 05:56:53,872 [pool-27-thread-1] INFO  impl.RaftServerImpl (RaftServerImpl.java:<init>(95)) - 329571e1-6a39-4ea2-9788-653f0399bb9f: new RaftServerImpl for group-6784FE895492:[329571e1-6a39-4ea2-9788-653f0399bb9f:192.168.34.58:43092] with ContainerStateMachine:uninitialized
2019-09-18 05:56:53,874 [pool-27-thread-1] INFO  server.RaftServerConfigKeys (ConfUtils.java:logGet(43)) - raft.server.rpc.timeout.min = 5s (custom)
2019-09-18 05:56:53,876 [pool-27-thread-1] INFO  server.RaftServerConfigKeys (ConfUtils.java:logGet(43)) - raft.server.rpc.timeout.max = 5200ms (custom)
2019-09-18 05:56:53,876 [pool-27-thread-1] INFO  server.RaftServerConfigKeys (ConfUtils.java:logGet(43)) - raft.server.rpcslowness.timeout = 1000s (custom)
2019-09-18 05:56:53,876 [pool-27-thread-1] INFO  server.RaftServerConfigKeys (ConfUtils.java:logGet(43)) - raft.server.sleep.deviation.threshold = 300 (default)
2019-09-18 05:56:53,877 [pool-27-thread-1] INFO  server.RaftServerConfigKeys (ConfUtils.java:logGet(43)) - raft.server.log.appender.install.snapshot.enabled = false (custom)
2019-09-18 05:56:53,884 [pool-27-thread-1] INFO  impl.RaftServerImpl (ServerState.java:<init>(103)) - 329571e1-6a39-4ea2-9788-653f0399bb9f@group-6784FE895492: ConfigurationManager, init=-1: [329571e1-6a39-4ea2-9788-653f0399bb9f:192.168.34.58:43092], old=null, confs=<EMPTY_MAP>
2019-09-18 05:56:53,884 [pool-27-thread-1] INFO  server.RaftServerConfigKeys (ConfUtils.java:logGet(43)) - raft.server.storage.dir = [/workdir/hadoop-ozone/integration-test/target/test-dir/MiniOzoneClusterImpl-7e150d22-1a1f-47f1-b170-93e0081f87e5/datanode-0/data/ratis] (custom)
2019-09-18 05:56:53,891 [pool-27-thread-1] INFO  storage.RaftStorageDirectory (RaftStorageDirectory.java:analyzeStorage(246)) - The storage directory /workdir/hadoop-ozone/integration-test/target/test-dir/MiniOzoneClusterImpl-7e150d22-1a1f-47f1-b170-93e0081f87e5/datanode-0/data/ratis/c6b59f80-8867-4355-b8ca-6784fe895492 does not exist. Creating ...
2019-09-18 05:56:53,915 [pool-27-thread-1] INFO  storage.RaftStorageDirectory (RaftStorageDirectory.java:tryLock(328)) - Lock on /workdir/hadoop-ozone/integration-test/target/test-dir/MiniOzoneClusterImpl-7e150d22-1a1f-47f1-b170-93e0081f87e5/datanode-0/data/ratis/c6b59f80-8867-4355-b8ca-6784fe895492/in_use.lock acquired by nodename 635@trunk-nightly-20190918-qrmtq-2607408458
2019-09-18 05:56:53,930 [pool-27-thread-1] INFO  storage.RaftStorage (RaftStorage.java:format(72)) - Storage directory /workdir/hadoop-ozone/integration-test/target/test-dir/MiniOzoneClusterImpl-7e150d22-1a1f-47f1-b170-93e0081f87e5/datanode-0/data/ratis/c6b59f80-8867-4355-b8ca-6784fe895492 has been successfully formatted.
2019-09-18 05:56:53,933 [pool-27-thread-1] INFO  ratis.ContainerStateMachine (ContainerStateMachine.java:loadSnapshot(230)) - group-6784FE895492: The snapshot info is null. Setting the last applied indexto:(t:0, i:~)
2019-09-18 05:56:53,933 [pool-27-thread-1] INFO  server.RaftServerConfigKeys (ConfUtils.java:logGet(43)) - raft.server.notification.no-leader.timeout = 1000s (custom)
2019-09-18 05:56:53,935 [pool-27-thread-1] INFO  server.RaftServerConfigKeys (ConfUtils.java:logGet(43)) - raft.server.log.use.memory = false (default)
2019-09-18 05:56:53,941 [pool-27-thread-1] INFO  server.RaftServerConfigKeys (ConfUtils.java:logGet(43)) - raft.server.log.purge.gap = 1000000 (custom)
2019-09-18 05:56:53,941 [pool-27-thread-1] INFO  server.RaftServerConfigKeys (ConfUtils.java:logGet(43)) - raft.server.log.appender.buffer.byte-limit = 33554432 (custom)
2019-09-18 05:56:53,943 [pool-27-thread-1] INFO  server.RaftServerConfigKeys (ConfUtils.java:logGet(43)) - raft.server.log.segment.size.max = 1048576 (custom)
2019-09-18 05:56:53,947 [pool-27-thread-1] INFO  server.RaftServerConfigKeys (ConfUtils.java:logGet(43)) - raft.server.log.segment.cache.num.max = 2 (custom)
2019-09-18 05:56:53,952 [pool-27-thread-1] INFO  segmented.SegmentedRaftLogWorker (SegmentedRaftLogWorker.java:<init>(172)) - new 329571e1-6a39-4ea2-9788-653f0399bb9f@group-6784FE895492-SegmentedRaftLogWorker for RaftStorage:Storage Directory /workdir/hadoop-ozone/integration-test/target/test-dir/MiniOzoneClusterImpl-7e150d22-1a1f-47f1-b170-93e0081f87e5/datanode-0/data/ratis/c6b59f80-8867-4355-b8ca-6784fe895492
2019-09-18 05:56:53,953 [pool-27-thread-1] INFO  impl.MetricsSystemImpl (MetricsSystemImpl.java:init(158)) - ratis metrics system started (again)
2019-09-18 05:56:53,989 [pool-27-thread-1] INFO  server.RaftServerConfigKeys (ConfUtils.java:logGet(43)) - raft.server.log.queue.byte-limit = 2147483647 (custom)
2019-09-18 05:56:53,990 [pool-27-thread-1] INFO  server.RaftServerConfigKeys (ConfUtils.java:logGet(43)) - raft.server.log.queue.element-limit = 1024 (custom)
2019-09-18 05:56:53,993 [pool-27-thread-1] INFO  server.RaftServerConfigKeys (ConfUtils.java:logGet(43)) - raft.server.log.segment.size.max = 1048576 (custom)
2019-09-18 05:56:53,993 [pool-27-thread-1] INFO  server.RaftServerConfigKeys (ConfUtils.java:logGet(43)) - raft.server.log.preallocated.size = 16384 (custom)
2019-09-18 05:56:53,994 [pool-27-thread-1] INFO  server.RaftServerConfigKeys (ConfUtils.java:logGet(43)) - raft.server.log.write.buffer.size = 33554432 (custom)
2019-09-18 05:56:53,994 [pool-27-thread-1] INFO  server.RaftServerConfigKeys (ConfUtils.java:logGet(43)) - raft.server.log.force.sync.num = 128 (default)
2019-09-18 05:56:53,995 [pool-27-thread-1] INFO  server.RaftServerConfigKeys (ConfUtils.java:logGet(43)) - raft.server.log.statemachine.data.sync = true (default)
2019-09-18 05:56:53,995 [pool-27-thread-1] INFO  server.RaftServerConfigKeys (ConfUtils.java:logGet(43)) - raft.server.log.statemachine.data.sync.timeout = 10s (default)
2019-09-18 05:56:53,996 [pool-27-thread-1] INFO  server.RaftServerConfigKeys (ConfUtils.java:logGet(43)) - raft.server.log.statemachine.data.sync.timeout.retry = -1 (default)
2019-09-18 05:56:54,005 [pool-27-thread-1] INFO  server.RaftServerConfigKeys (ConfUtils.java:logGet(43)) - raft.server.log.statemachine.data.caching.enabled = true (custom)
2019-09-18 05:56:54,009 [pool-27-thread-1] INFO  segmented.SegmentedRaftLogWorker (SegmentedRaftLogWorker.java:lambda$new$0(132)) - 329571e1-6a39-4ea2-9788-653f0399bb9f@group-6784FE895492-SegmentedRaftLogWorker: flushIndex: setUnconditionally 0 -> -1
2019-09-18 05:56:54,014 [pool-27-thread-1] INFO  server.RaftServerConfigKeys (ConfUtils.java:logGet(43)) - raft.server.snapshot.auto.trigger.enabled = true (custom)
2019-09-18 05:56:54,015 [pool-27-thread-1] INFO  server.RaftServerConfigKeys (ConfUtils.java:logGet(43)) - raft.server.snapshot.auto.trigger.threshold = 10000 (custom)
2019-09-18 05:56:54,016 [pool-27-thread-1] INFO  server.RaftServerConfigKeys (ConfUtils.java:logGet(43)) - raft.server.snapshot.retention.num.files = 5 (custom)
2019-09-18 05:56:54,017 [pool-27-thread-1] INFO  server.RaftServerConfigKeys (ConfUtils.java:logGet(43)) - raft.server.retrycache.expirytime = 600000ms (custom)
2019-09-18 05:56:54,043 [pool-27-thread-1] INFO  impl.RaftServerImpl (RaftServerImpl.java:start(185)) - 329571e1-6a39-4ea2-9788-653f0399bb9f@group-6784FE895492: start as a follower, conf=-1: [329571e1-6a39-4ea2-9788-653f0399bb9f:192.168.34.58:43092], old=null
2019-09-18 05:56:54,044 [pool-27-thread-1] INFO  impl.RaftServerImpl (RaftServerImpl.java:setRole(174)) - 329571e1-6a39-4ea2-9788-653f0399bb9f@group-6784FE895492: changes role from      null to FOLLOWER at term 0 for startAsFollower
2019-09-18 05:56:54,045 [pool-27-thread-1] INFO  impl.RoleInfo (RoleInfo.java:updateAndGet(143)) - 329571e1-6a39-4ea2-9788-653f0399bb9f: start FollowerState
2019-09-18 05:56:54,047 [pool-27-thread-1] INFO  util.JmxRegister (JmxRegister.java:tryRegister(44)) - Successfully registered JMX Bean with object name Ratis:service=RaftServer,group=group-6784FE895492,id=329571e1-6a39-4ea2-9788-653f0399bb9f
2019-09-18 05:56:54,110 [RatisPipelineUtilsThread] INFO  pipeline.PipelineStateManager (PipelineStateManager.java:addPipeline(56)) - Created pipeline Pipeline[ Id: c6b59f80-8867-4355-b8ca-6784fe895492, Nodes: 329571e1-6a39-4ea2-9788-653f0399bb9f{ip: 192.168.34.58, host: trunk-nightly-20190918-qrmtq-2607408458, networkLocation: /default-rack, certSerialId: null}, Type:RATIS, Factor:ONE, State:OPEN]
2019-09-18 05:56:54,129 [grpc-default-executor-0] INFO  impl.RaftServerProxy (RaftServerProxy.java:addNew(89)) - c879f5a9-5a3d-41ba-aee1-dd3bb0f6e709: addNew group-8CA8F3CD31E4:[c879f5a9-5a3d-41ba-aee1-dd3bb0f6e709:192.168.34.58:39730] returns group-8CA8F3CD31E4:java.util.concurrent.CompletableFuture@1d6e4829[Not completed]
2019-09-18 05:56:54,157 [pool-37-thread-1] INFO  impl.RaftServerImpl (RaftServerImpl.java:<init>(95)) - c879f5a9-5a3d-41ba-aee1-dd3bb0f6e709: new RaftServerImpl for group-8CA8F3CD31E4:[c879f5a9-5a3d-41ba-aee1-dd3bb0f6e709:192.168.34.58:39730] with ContainerStateMachine:uninitialized
2019-09-18 05:56:54,158 [pool-37-thread-1] INFO  server.RaftServerConfigKeys (ConfUtils.java:logGet(43)) - raft.server.rpc.timeout.min = 5s (custom)
2019-09-18 05:56:54,158 [pool-37-thread-1] INFO  server.RaftServerConfigKeys (ConfUtils.java:logGet(43)) - raft.server.rpc.timeout.max = 5200ms (custom)
2019-09-18 05:56:54,158 [pool-37-thread-1] INFO  server.RaftServerConfigKeys (ConfUtils.java:logGet(43)) - raft.server.rpcslowness.timeout = 1000s (custom)
2019-09-18 05:56:54,159 [pool-37-thread-1] INFO  server.RaftServerConfigKeys (ConfUtils.java:logGet(43)) - raft.server.sleep.deviation.threshold = 300 (default)
2019-09-18 05:56:54,159 [pool-37-thread-1] INFO  server.RaftServerConfigKeys (ConfUtils.java:logGet(43)) - raft.server.log.appender.install.snapshot.enabled = false (custom)
2019-09-18 05:56:54,159 [pool-37-thread-1] INFO  impl.RaftServerImpl (ServerState.java:<init>(103)) - c879f5a9-5a3d-41ba-aee1-dd3bb0f6e709@group-8CA8F3CD31E4: ConfigurationManager, init=-1: [c879f5a9-5a3d-41ba-aee1-dd3bb0f6e709:192.168.34.58:39730], old=null, confs=<EMPTY_MAP>
2019-09-18 05:56:54,159 [pool-37-thread-1] INFO  server.RaftServerConfigKeys (ConfUtils.java:logGet(43)) - raft.server.storage.dir = [/workdir/hadoop-ozone/integration-test/target/test-dir/MiniOzoneClusterImpl-7e150d22-1a1f-47f1-b170-93e0081f87e5/datanode-1/data/ratis] (custom)
2019-09-18 05:56:54,159 [pool-37-thread-1] INFO  storage.RaftStorageDirectory (RaftStorageDirectory.java:analyzeStorage(246)) - The storage directory /workdir/hadoop-ozone/integration-test/target/test-dir/MiniOzoneClusterImpl-7e150d22-1a1f-47f1-b170-93e0081f87e5/datanode-1/data/ratis/b1e9f3d1-8d20-4f7e-9aa8-8ca8f3cd31e4 does not exist. Creating ...
2019-09-18 05:56:54,174 [pool-37-thread-1] INFO  storage.RaftStorageDirectory (RaftStorageDirectory.java:tryLock(328)) - Lock on /workdir/hadoop-ozone/integration-test/target/test-dir/MiniOzoneClusterImpl-7e150d22-1a1f-47f1-b170-93e0081f87e5/datanode-1/data/ratis/b1e9f3d1-8d20-4f7e-9aa8-8ca8f3cd31e4/in_use.lock acquired by nodename 635@trunk-nightly-20190918-qrmtq-2607408458
2019-09-18 05:56:54,189 [pool-37-thread-1] INFO  storage.RaftStorage (RaftStorage.java:format(72)) - Storage directory /workdir/hadoop-ozone/integration-test/target/test-dir/MiniOzoneClusterImpl-7e150d22-1a1f-47f1-b170-93e0081f87e5/datanode-1/data/ratis/b1e9f3d1-8d20-4f7e-9aa8-8ca8f3cd31e4 has been successfully formatted.
2019-09-18 05:56:54,190 [pool-37-thread-1] INFO  ratis.ContainerStateMachine (ContainerStateMachine.java:loadSnapshot(230)) - group-8CA8F3CD31E4: The snapshot info is null. Setting the last applied indexto:(t:0, i:~)
2019-09-18 05:56:54,191 [pool-37-thread-1] INFO  server.RaftServerConfigKeys (ConfUtils.java:logGet(43)) - raft.server.notification.no-leader.timeout = 1000s (custom)
2019-09-18 05:56:54,191 [pool-37-thread-1] INFO  server.RaftServerConfigKeys (ConfUtils.java:logGet(43)) - raft.server.log.use.memory = false (default)
2019-09-18 05:56:54,192 [pool-37-thread-1] INFO  server.RaftServerConfigKeys (ConfUtils.java:logGet(43)) - raft.server.log.purge.gap = 1000000 (custom)
2019-09-18 05:56:54,192 [pool-37-thread-1] INFO  server.RaftServerConfigKeys (ConfUtils.java:logGet(43)) - raft.server.log.appender.buffer.byte-limit = 33554432 (custom)
2019-09-18 05:56:54,192 [pool-37-thread-1] INFO  server.RaftServerConfigKeys (ConfUtils.java:logGet(43)) - raft.server.log.segment.size.max = 1048576 (custom)
2019-09-18 05:56:54,192 [pool-37-thread-1] INFO  server.RaftServerConfigKeys (ConfUtils.java:logGet(43)) - raft.server.log.segment.cache.num.max = 2 (custom)
2019-09-18 05:56:54,192 [pool-37-thread-1] INFO  segmented.SegmentedRaftLogWorker (SegmentedRaftLogWorker.java:<init>(172)) - new c879f5a9-5a3d-41ba-aee1-dd3bb0f6e709@group-8CA8F3CD31E4-SegmentedRaftLogWorker for RaftStorage:Storage Directory /workdir/hadoop-ozone/integration-test/target/test-dir/MiniOzoneClusterImpl-7e150d22-1a1f-47f1-b170-93e0081f87e5/datanode-1/data/ratis/b1e9f3d1-8d20-4f7e-9aa8-8ca8f3cd31e4
2019-09-18 05:56:54,197 [pool-37-thread-1] INFO  server.RaftServerConfigKeys (ConfUtils.java:logGet(43)) - raft.server.log.queue.byte-limit = 2147483647 (custom)
2019-09-18 05:56:54,197 [pool-37-thread-1] INFO  server.RaftServerConfigKeys (ConfUtils.java:logGet(43)) - raft.server.log.queue.element-limit = 1024 (custom)
2019-09-18 05:56:54,197 [pool-37-thread-1] INFO  server.RaftServerConfigKeys (ConfUtils.java:logGet(43)) - raft.server.log.segment.size.max = 1048576 (custom)
2019-09-18 05:56:54,197 [pool-37-thread-1] INFO  server.RaftServerConfigKeys (ConfUtils.java:logGet(43)) - raft.server.log.preallocated.size = 16384 (custom)
2019-09-18 05:56:54,198 [pool-37-thread-1] INFO  server.RaftServerConfigKeys (ConfUtils.java:logGet(43)) - raft.server.log.write.buffer.size = 33554432 (custom)
2019-09-18 05:56:54,198 [pool-37-thread-1] INFO  server.RaftServerConfigKeys (ConfUtils.java:logGet(43)) - raft.server.log.force.sync.num = 128 (default)
2019-09-18 05:56:54,198 [pool-37-thread-1] INFO  server.RaftServerConfigKeys (ConfUtils.java:logGet(43)) - raft.server.log.statemachine.data.sync = true (default)
2019-09-18 05:56:54,198 [pool-37-thread-1] INFO  server.RaftServerConfigKeys (ConfUtils.java:logGet(43)) - raft.server.log.statemachine.data.sync.timeout = 10s (default)
2019-09-18 05:56:54,198 [pool-37-thread-1] INFO  server.RaftServerConfigKeys (ConfUtils.java:logGet(43)) - raft.server.log.statemachine.data.sync.timeout.retry = -1 (default)
2019-09-18 05:56:54,198 [pool-37-thread-1] INFO  server.RaftServerConfigKeys (ConfUtils.java:logGet(43)) - raft.server.log.statemachine.data.caching.enabled = true (custom)
2019-09-18 05:56:54,199 [pool-37-thread-1] INFO  segmented.SegmentedRaftLogWorker (SegmentedRaftLogWorker.java:lambda$new$0(132)) - c879f5a9-5a3d-41ba-aee1-dd3bb0f6e709@group-8CA8F3CD31E4-SegmentedRaftLogWorker: flushIndex: setUnconditionally 0 -> -1
2019-09-18 05:56:54,199 [pool-37-thread-1] INFO  server.RaftServerConfigKeys (ConfUtils.java:logGet(43)) - raft.server.snapshot.auto.trigger.enabled = true (custom)
2019-09-18 05:56:54,199 [pool-37-thread-1] INFO  server.RaftServerConfigKeys (ConfUtils.java:logGet(43)) - raft.server.snapshot.auto.trigger.threshold = 10000 (custom)
2019-09-18 05:56:54,199 [pool-37-thread-1] INFO  server.RaftServerConfigKeys (ConfUtils.java:logGet(43)) - raft.server.snapshot.retention.num.files = 5 (custom)
2019-09-18 05:56:54,200 [pool-37-thread-1] INFO  server.RaftServerConfigKeys (ConfUtils.java:logGet(43)) - raft.server.retrycache.expirytime = 600000ms (custom)
2019-09-18 05:56:54,203 [pool-37-thread-1] INFO  impl.RaftServerImpl (RaftServerImpl.java:start(185)) - c879f5a9-5a3d-41ba-aee1-dd3bb0f6e709@group-8CA8F3CD31E4: start as a follower, conf=-1: [c879f5a9-5a3d-41ba-aee1-dd3bb0f6e709:192.168.34.58:39730], old=null
2019-09-18 05:56:54,203 [pool-37-thread-1] INFO  impl.RaftServerImpl (RaftServerImpl.java:setRole(174)) - c879f5a9-5a3d-41ba-aee1-dd3bb0f6e709@group-8CA8F3CD31E4: changes role from      null to FOLLOWER at term 0 for startAsFollower
2019-09-18 05:56:54,204 [pool-37-thread-1] INFO  impl.RoleInfo (RoleInfo.java:updateAndGet(143)) - c879f5a9-5a3d-41ba-aee1-dd3bb0f6e709: start FollowerState
2019-09-18 05:56:54,205 [pool-37-thread-1] INFO  util.JmxRegister (JmxRegister.java:tryRegister(44)) - Successfully registered JMX Bean with object name Ratis:service=RaftServer,group=group-8CA8F3CD31E4,id=c879f5a9-5a3d-41ba-aee1-dd3bb0f6e709
2019-09-18 05:56:54,219 [RatisPipelineUtilsThread] INFO  pipeline.PipelineStateManager (PipelineStateManager.java:addPipeline(56)) - Created pipeline Pipeline[ Id: b1e9f3d1-8d20-4f7e-9aa8-8ca8f3cd31e4, Nodes: c879f5a9-5a3d-41ba-aee1-dd3bb0f6e709{ip: 192.168.34.58, host: trunk-nightly-20190918-qrmtq-2607408458, networkLocation: /default-rack, certSerialId: null}, Type:RATIS, Factor:ONE, State:OPEN]
2019-09-18 05:56:54,250 [grpc-default-executor-0] INFO  impl.RaftServerProxy (RaftServerProxy.java:addNew(89)) - c4fb2900-bec2-4ad9-93ed-a812fd0653dd: addNew group-300438288AC9:[c4fb2900-bec2-4ad9-93ed-a812fd0653dd:192.168.34.58:39356] returns group-300438288AC9:java.util.concurrent.CompletableFuture@3cee7398[Not completed]
2019-09-18 05:56:54,273 [pool-47-thread-1] INFO  impl.RaftServerImpl (RaftServerImpl.java:<init>(95)) - c4fb2900-bec2-4ad9-93ed-a812fd0653dd: new RaftServerImpl for group-300438288AC9:[c4fb2900-bec2-4ad9-93ed-a812fd0653dd:192.168.34.58:39356] with ContainerStateMachine:uninitialized
2019-09-18 05:56:54,277 [pool-47-thread-1] INFO  server.RaftServerConfigKeys (ConfUtils.java:logGet(43)) - raft.server.rpc.timeout.min = 5s (custom)
2019-09-18 05:56:54,277 [pool-47-thread-1] INFO  server.RaftServerConfigKeys (ConfUtils.java:logGet(43)) - raft.server.rpc.timeout.max = 5200ms (custom)
2019-09-18 05:56:54,277 [pool-47-thread-1] INFO  server.RaftServerConfigKeys (ConfUtils.java:logGet(43)) - raft.server.rpcslowness.timeout = 1000s (custom)
2019-09-18 05:56:54,277 [pool-47-thread-1] INFO  server.RaftServerConfigKeys (ConfUtils.java:logGet(43)) - raft.server.sleep.deviation.threshold = 300 (default)
2019-09-18 05:56:54,277 [pool-47-thread-1] INFO  server.RaftServerConfigKeys (ConfUtils.java:logGet(43)) - raft.server.log.appender.install.snapshot.enabled = false (custom)
2019-09-18 05:56:54,277 [pool-47-thread-1] INFO  impl.RaftServerImpl (ServerState.java:<init>(103)) - c4fb2900-bec2-4ad9-93ed-a812fd0653dd@group-300438288AC9: ConfigurationManager, init=-1: [c4fb2900-bec2-4ad9-93ed-a812fd0653dd:192.168.34.58:39356], old=null, confs=<EMPTY_MAP>
2019-09-18 05:56:54,278 [pool-47-thread-1] INFO  server.RaftServerConfigKeys (ConfUtils.java:logGet(43)) - raft.server.storage.dir = [/workdir/hadoop-ozone/integration-test/target/test-dir/MiniOzoneClusterImpl-7e150d22-1a1f-47f1-b170-93e0081f87e5/datanode-2/data/ratis] (custom)
2019-09-18 05:56:54,278 [pool-47-thread-1] INFO  storage.RaftStorageDirectory (RaftStorageDirectory.java:analyzeStorage(246)) - The storage directory /workdir/hadoop-ozone/integration-test/target/test-dir/MiniOzoneClusterImpl-7e150d22-1a1f-47f1-b170-93e0081f87e5/datanode-2/data/ratis/3c95949b-00ec-41ed-ac6c-300438288ac9 does not exist. Creating ...
2019-09-18 05:56:54,291 [pool-47-thread-1] INFO  storage.RaftStorageDirectory (RaftStorageDirectory.java:tryLock(328)) - Lock on /workdir/hadoop-ozone/integration-test/target/test-dir/MiniOzoneClusterImpl-7e150d22-1a1f-47f1-b170-93e0081f87e5/datanode-2/data/ratis/3c95949b-00ec-41ed-ac6c-300438288ac9/in_use.lock acquired by nodename 635@trunk-nightly-20190918-qrmtq-2607408458
2019-09-18 05:56:54,304 [pool-47-thread-1] INFO  storage.RaftStorage (RaftStorage.java:format(72)) - Storage directory /workdir/hadoop-ozone/integration-test/target/test-dir/MiniOzoneClusterImpl-7e150d22-1a1f-47f1-b170-93e0081f87e5/datanode-2/data/ratis/3c95949b-00ec-41ed-ac6c-300438288ac9 has been successfully formatted.
2019-09-18 05:56:54,304 [pool-47-thread-1] INFO  ratis.ContainerStateMachine (ContainerStateMachine.java:loadSnapshot(230)) - group-300438288AC9: The snapshot info is null. Setting the last applied indexto:(t:0, i:~)
2019-09-18 05:56:54,305 [pool-47-thread-1] INFO  server.RaftServerConfigKeys (ConfUtils.java:logGet(43)) - raft.server.notification.no-leader.timeout = 1000s (custom)
2019-09-18 05:56:54,305 [pool-47-thread-1] INFO  server.RaftServerConfigKeys (ConfUtils.java:logGet(43)) - raft.server.log.use.memory = false (default)
2019-09-18 05:56:54,305 [pool-47-thread-1] INFO  server.RaftServerConfigKeys (ConfUtils.java:logGet(43)) - raft.server.log.purge.gap = 1000000 (custom)
2019-09-18 05:56:54,305 [pool-47-thread-1] INFO  server.RaftServerConfigKeys (ConfUtils.java:logGet(43)) - raft.server.log.appender.buffer.byte-limit = 33554432 (custom)
2019-09-18 05:56:54,305 [pool-47-thread-1] INFO  server.RaftServerConfigKeys (ConfUtils.java:logGet(43)) - raft.server.log.segment.size.max = 1048576 (custom)
2019-09-18 05:56:54,305 [pool-47-thread-1] INFO  server.RaftServerConfigKeys (ConfUtils.java:logGet(43)) - raft.server.log.segment.cache.num.max = 2 (custom)
2019-09-18 05:56:54,306 [pool-47-thread-1] INFO  segmented.SegmentedRaftLogWorker (SegmentedRaftLogWorker.java:<init>(172)) - new c4fb2900-bec2-4ad9-93ed-a812fd0653dd@group-300438288AC9-SegmentedRaftLogWorker for RaftStorage:Storage Directory /workdir/hadoop-ozone/integration-test/target/test-dir/MiniOzoneClusterImpl-7e150d22-1a1f-47f1-b170-93e0081f87e5/datanode-2/data/ratis/3c95949b-00ec-41ed-ac6c-300438288ac9
2019-09-18 05:56:54,329 [pool-47-thread-1] INFO  server.RaftServerConfigKeys (ConfUtils.java:logGet(43)) - raft.server.log.queue.byte-limit = 2147483647 (custom)
2019-09-18 05:56:54,329 [pool-47-thread-1] INFO  server.RaftServerConfigKeys (ConfUtils.java:logGet(43)) - raft.server.log.queue.element-limit = 1024 (custom)
2019-09-18 05:56:54,329 [pool-47-thread-1] INFO  server.RaftServerConfigKeys (ConfUtils.java:logGet(43)) - raft.server.log.segment.size.max = 1048576 (custom)
2019-09-18 05:56:54,329 [pool-47-thread-1] INFO  server.RaftServerConfigKeys (ConfUtils.java:logGet(43)) - raft.server.log.preallocated.size = 16384 (custom)
2019-09-18 05:56:54,329 [pool-47-thread-1] INFO  server.RaftServerConfigKeys (ConfUtils.java:logGet(43)) - raft.server.log.write.buffer.size = 33554432 (custom)
2019-09-18 05:56:54,330 [pool-47-thread-1] INFO  server.RaftServerConfigKeys (ConfUtils.java:logGet(43)) - raft.server.log.force.sync.num = 128 (default)
2019-09-18 05:56:54,330 [pool-47-thread-1] INFO  server.RaftServerConfigKeys (ConfUtils.java:logGet(43)) - raft.server.log.statemachine.data.sync = true (default)
2019-09-18 05:56:54,330 [pool-47-thread-1] INFO  server.RaftServerConfigKeys (ConfUtils.java:logGet(43)) - raft.server.log.statemachine.data.sync.timeout = 10s (default)
2019-09-18 05:56:54,330 [pool-47-thread-1] INFO  server.RaftServerConfigKeys (ConfUtils.java:logGet(43)) - raft.server.log.statemachine.data.sync.timeout.retry = -1 (default)
2019-09-18 05:56:54,330 [pool-47-thread-1] INFO  server.RaftServerConfigKeys (ConfUtils.java:logGet(43)) - raft.server.log.statemachine.data.caching.enabled = true (custom)
2019-09-18 05:56:54,331 [pool-47-thread-1] INFO  segmented.SegmentedRaftLogWorker (SegmentedRaftLogWorker.java:lambda$new$0(132)) - c4fb2900-bec2-4ad9-93ed-a812fd0653dd@group-300438288AC9-SegmentedRaftLogWorker: flushIndex: setUnconditionally 0 -> -1
2019-09-18 05:56:54,331 [pool-47-thread-1] INFO  server.RaftServerConfigKeys (ConfUtils.java:logGet(43)) - raft.server.snapshot.auto.trigger.enabled = true (custom)
2019-09-18 05:56:54,331 [pool-47-thread-1] INFO  server.RaftServerConfigKeys (ConfUtils.java:logGet(43)) - raft.server.snapshot.auto.trigger.threshold = 10000 (custom)
2019-09-18 05:56:54,331 [pool-47-thread-1] INFO  server.RaftServerConfigKeys (ConfUtils.java:logGet(43)) - raft.server.snapshot.retention.num.files = 5 (custom)
2019-09-18 05:56:54,332 [pool-47-thread-1] INFO  server.RaftServerConfigKeys (ConfUtils.java:logGet(43)) - raft.server.retrycache.expirytime = 600000ms (custom)
2019-09-18 05:56:54,336 [pool-47-thread-1] INFO  impl.RaftServerImpl (RaftServerImpl.java:start(185)) - c4fb2900-bec2-4ad9-93ed-a812fd0653dd@group-300438288AC9: start as a follower, conf=-1: [c4fb2900-bec2-4ad9-93ed-a812fd0653dd:192.168.34.58:39356], old=null
2019-09-18 05:56:54,336 [pool-47-thread-1] INFO  impl.RaftServerImpl (RaftServerImpl.java:setRole(174)) - c4fb2900-bec2-4ad9-93ed-a812fd0653dd@group-300438288AC9: changes role from      null to FOLLOWER at term 0 for startAsFollower
2019-09-18 05:56:54,336 [pool-47-thread-1] INFO  impl.RoleInfo (RoleInfo.java:updateAndGet(143)) - c4fb2900-bec2-4ad9-93ed-a812fd0653dd: start FollowerState
2019-09-18 05:56:54,337 [pool-47-thread-1] INFO  util.JmxRegister (JmxRegister.java:tryRegister(44)) - Successfully registered JMX Bean with object name Ratis:service=RaftServer,group=group-300438288AC9,id=c4fb2900-bec2-4ad9-93ed-a812fd0653dd
2019-09-18 05:56:54,346 [RatisPipelineUtilsThread] INFO  pipeline.PipelineStateManager (PipelineStateManager.java:addPipeline(56)) - Created pipeline Pipeline[ Id: 3c95949b-00ec-41ed-ac6c-300438288ac9, Nodes: c4fb2900-bec2-4ad9-93ed-a812fd0653dd{ip: 192.168.34.58, host: trunk-nightly-20190918-qrmtq-2607408458, networkLocation: /default-rack, certSerialId: null}, Type:RATIS, Factor:ONE, State:OPEN]
2019-09-18 05:56:54,368 [grpc-default-executor-0] INFO  impl.RaftServerProxy (RaftServerProxy.java:addNew(89)) - 0847a6b9-7010-4ad2-bbf6-c57df44c7c73: addNew group-BD3AE3E88C9A:[0847a6b9-7010-4ad2-bbf6-c57df44c7c73:192.168.34.58:34225] returns group-BD3AE3E88C9A:java.util.concurrent.CompletableFuture@225f2ae1[Not completed]
2019-09-18 05:56:54,370 [pool-57-thread-1] INFO  impl.RaftServerImpl (RaftServerImpl.java:<init>(95)) - 0847a6b9-7010-4ad2-bbf6-c57df44c7c73: new RaftServerImpl for group-BD3AE3E88C9A:[0847a6b9-7010-4ad2-bbf6-c57df44c7c73:192.168.34.58:34225] with ContainerStateMachine:uninitialized
2019-09-18 05:56:54,371 [pool-57-thread-1] INFO  server.RaftServerConfigKeys (ConfUtils.java:logGet(43)) - raft.server.rpc.timeout.min = 5s (custom)
2019-09-18 05:56:54,371 [pool-57-thread-1] INFO  server.RaftServerConfigKeys (ConfUtils.java:logGet(43)) - raft.server.rpc.timeout.max = 5200ms (custom)
2019-09-18 05:56:54,371 [pool-57-thread-1] INFO  server.RaftServerConfigKeys (ConfUtils.java:logGet(43)) - raft.server.rpcslowness.timeout = 1000s (custom)
2019-09-18 05:56:54,371 [pool-57-thread-1] INFO  server.RaftServerConfigKeys (ConfUtils.java:logGet(43)) - raft.server.sleep.deviation.threshold = 300 (default)
2019-09-18 05:56:54,371 [pool-57-thread-1] INFO  server.RaftServerConfigKeys (ConfUtils.java:logGet(43)) - raft.server.log.appender.install.snapshot.enabled = false (custom)
2019-09-18 05:56:54,371 [pool-57-thread-1] INFO  impl.RaftServerImpl (ServerState.java:<init>(103)) - 0847a6b9-7010-4ad2-bbf6-c57df44c7c73@group-BD3AE3E88C9A: ConfigurationManager, init=-1: [0847a6b9-7010-4ad2-bbf6-c57df44c7c73:192.168.34.58:34225], old=null, confs=<EMPTY_MAP>
2019-09-18 05:56:54,372 [pool-57-thread-1] INFO  server.RaftServerConfigKeys (ConfUtils.java:logGet(43)) - raft.server.storage.dir = [/workdir/hadoop-ozone/integration-test/target/test-dir/MiniOzoneClusterImpl-7e150d22-1a1f-47f1-b170-93e0081f87e5/datanode-3/data/ratis] (custom)
2019-09-18 05:56:54,372 [pool-57-thread-1] INFO  storage.RaftStorageDirectory (RaftStorageDirectory.java:analyzeStorage(246)) - The storage directory /workdir/hadoop-ozone/integration-test/target/test-dir/MiniOzoneClusterImpl-7e150d22-1a1f-47f1-b170-93e0081f87e5/datanode-3/data/ratis/6c3eae18-e308-430c-854a-bd3ae3e88c9a does not exist. Creating ...
2019-09-18 05:56:54,385 [pool-57-thread-1] INFO  storage.RaftStorageDirectory (RaftStorageDirectory.java:tryLock(328)) - Lock on /workdir/hadoop-ozone/integration-test/target/test-dir/MiniOzoneClusterImpl-7e150d22-1a1f-47f1-b170-93e0081f87e5/datanode-3/data/ratis/6c3eae18-e308-430c-854a-bd3ae3e88c9a/in_use.lock acquired by nodename 635@trunk-nightly-20190918-qrmtq-2607408458
2019-09-18 05:56:54,398 [pool-57-thread-1] INFO  storage.RaftStorage (RaftStorage.java:format(72)) - Storage directory /workdir/hadoop-ozone/integration-test/target/test-dir/MiniOzoneClusterImpl-7e150d22-1a1f-47f1-b170-93e0081f87e5/datanode-3/data/ratis/6c3eae18-e308-430c-854a-bd3ae3e88c9a has been successfully formatted.
2019-09-18 05:56:54,398 [pool-57-thread-1] INFO  ratis.ContainerStateMachine (ContainerStateMachine.java:loadSnapshot(230)) - group-BD3AE3E88C9A: The snapshot info is null. Setting the last applied indexto:(t:0, i:~)
2019-09-18 05:56:54,399 [pool-57-thread-1] INFO  server.RaftServerConfigKeys (ConfUtils.java:logGet(43)) - raft.server.notification.no-leader.timeout = 1000s (custom)
2019-09-18 05:56:54,399 [pool-57-thread-1] INFO  server.RaftServerConfigKeys (ConfUtils.java:logGet(43)) - raft.server.log.use.memory = false (default)
2019-09-18 05:56:54,399 [pool-57-thread-1] INFO  server.RaftServerConfigKeys (ConfUtils.java:logGet(43)) - raft.server.log.purge.gap = 1000000 (custom)
2019-09-18 05:56:54,399 [pool-57-thread-1] INFO  server.RaftServerConfigKeys (ConfUtils.java:logGet(43)) - raft.server.log.appender.buffer.byte-limit = 33554432 (custom)
2019-09-18 05:56:54,399 [pool-57-thread-1] INFO  server.RaftServerConfigKeys (ConfUtils.java:logGet(43)) - raft.server.log.segment.size.max = 1048576 (custom)
2019-09-18 05:56:54,399 [pool-57-thread-1] INFO  server.RaftServerConfigKeys (ConfUtils.java:logGet(43)) - raft.server.log.segment.cache.num.max = 2 (custom)
2019-09-18 05:56:54,400 [pool-57-thread-1] INFO  segmented.SegmentedRaftLogWorker (SegmentedRaftLogWorker.java:<init>(172)) - new 0847a6b9-7010-4ad2-bbf6-c57df44c7c73@group-BD3AE3E88C9A-SegmentedRaftLogWorker for RaftStorage:Storage Directory /workdir/hadoop-ozone/integration-test/target/test-dir/MiniOzoneClusterImpl-7e150d22-1a1f-47f1-b170-93e0081f87e5/datanode-3/data/ratis/6c3eae18-e308-430c-854a-bd3ae3e88c9a
2019-09-18 05:56:54,404 [pool-57-thread-1] INFO  server.RaftServerConfigKeys (ConfUtils.java:logGet(43)) - raft.server.log.queue.byte-limit = 2147483647 (custom)
2019-09-18 05:56:54,405 [pool-57-thread-1] INFO  server.RaftServerConfigKeys (ConfUtils.java:logGet(43)) - raft.server.log.queue.element-limit = 1024 (custom)
2019-09-18 05:56:54,405 [pool-57-thread-1] INFO  server.RaftServerConfigKeys (ConfUtils.java:logGet(43)) - raft.server.log.segment.size.max = 1048576 (custom)
2019-09-18 05:56:54,405 [pool-57-thread-1] INFO  server.RaftServerConfigKeys (ConfUtils.java:logGet(43)) - raft.server.log.preallocated.size = 16384 (custom)
2019-09-18 05:56:54,405 [pool-57-thread-1] INFO  server.RaftServerConfigKeys (ConfUtils.java:logGet(43)) - raft.server.log.write.buffer.size = 33554432 (custom)
2019-09-18 05:56:54,405 [pool-57-thread-1] INFO  server.RaftServerConfigKeys (ConfUtils.java:logGet(43)) - raft.server.log.force.sync.num = 128 (default)
2019-09-18 05:56:54,406 [pool-57-thread-1] INFO  server.RaftServerConfigKeys (ConfUtils.java:logGet(43)) - raft.server.log.statemachine.data.sync = true (default)
2019-09-18 05:56:54,406 [pool-57-thread-1] INFO  server.RaftServerConfigKeys (ConfUtils.java:logGet(43)) - raft.server.log.statemachine.data.sync.timeout = 10s (default)
2019-09-18 05:56:54,406 [pool-57-thread-1] INFO  server.RaftServerConfigKeys (ConfUtils.java:logGet(43)) - raft.server.log.statemachine.data.sync.timeout.retry = -1 (default)
2019-09-18 05:56:54,406 [pool-57-thread-1] INFO  server.RaftServerConfigKeys (ConfUtils.java:logGet(43)) - raft.server.log.statemachine.data.caching.enabled = true (custom)
2019-09-18 05:56:54,407 [pool-57-thread-1] INFO  segmented.SegmentedRaftLogWorker (SegmentedRaftLogWorker.java:lambda$new$0(132)) - 0847a6b9-7010-4ad2-bbf6-c57df44c7c73@group-BD3AE3E88C9A-SegmentedRaftLogWorker: flushIndex: setUnconditionally 0 -> -1
2019-09-18 05:56:54,407 [pool-57-thread-1] INFO  server.RaftServerConfigKeys (ConfUtils.java:logGet(43)) - raft.server.snapshot.auto.trigger.enabled = true (custom)
2019-09-18 05:56:54,407 [pool-57-thread-1] INFO  server.RaftServerConfigKeys (ConfUtils.java:logGet(43)) - raft.server.snapshot.auto.trigger.threshold = 10000 (custom)
2019-09-18 05:56:54,407 [pool-57-thread-1] INFO  server.RaftServerConfigKeys (ConfUtils.java:logGet(43)) - raft.server.snapshot.retention.num.files = 5 (custom)
2019-09-18 05:56:54,407 [pool-57-thread-1] INFO  server.RaftServerConfigKeys (ConfUtils.java:logGet(43)) - raft.server.retrycache.expirytime = 600000ms (custom)
2019-09-18 05:56:54,412 [pool-57-thread-1] INFO  impl.RaftServerImpl (RaftServerImpl.java:start(185)) - 0847a6b9-7010-4ad2-bbf6-c57df44c7c73@group-BD3AE3E88C9A: start as a follower, conf=-1: [0847a6b9-7010-4ad2-bbf6-c57df44c7c73:192.168.34.58:34225], old=null
2019-09-18 05:56:54,412 [pool-57-thread-1] INFO  impl.RaftServerImpl (RaftServerImpl.java:setRole(174)) - 0847a6b9-7010-4ad2-bbf6-c57df44c7c73@group-BD3AE3E88C9A: changes role from      null to FOLLOWER at term 0 for startAsFollower
2019-09-18 05:56:54,412 [pool-57-thread-1] INFO  impl.RoleInfo (RoleInfo.java:updateAndGet(143)) - 0847a6b9-7010-4ad2-bbf6-c57df44c7c73: start FollowerState
2019-09-18 05:56:54,413 [pool-57-thread-1] INFO  util.JmxRegister (JmxRegister.java:tryRegister(44)) - Successfully registered JMX Bean with object name Ratis:service=RaftServer,group=group-BD3AE3E88C9A,id=0847a6b9-7010-4ad2-bbf6-c57df44c7c73
2019-09-18 05:56:54,429 [RatisPipelineUtilsThread] INFO  pipeline.PipelineStateManager (PipelineStateManager.java:addPipeline(56)) - Created pipeline Pipeline[ Id: 6c3eae18-e308-430c-854a-bd3ae3e88c9a, Nodes: 0847a6b9-7010-4ad2-bbf6-c57df44c7c73{ip: 192.168.34.58, host: trunk-nightly-20190918-qrmtq-2607408458, networkLocation: /default-rack, certSerialId: null}, Type:RATIS, Factor:ONE, State:OPEN]
2019-09-18 05:56:54,476 [grpc-default-executor-1] INFO  impl.RaftServerProxy (RaftServerProxy.java:addNew(89)) - c879f5a9-5a3d-41ba-aee1-dd3bb0f6e709: addNew group-68C2CF9E978D:[c879f5a9-5a3d-41ba-aee1-dd3bb0f6e709:192.168.34.58:39730, c4fb2900-bec2-4ad9-93ed-a812fd0653dd:192.168.34.58:39356, 0847a6b9-7010-4ad2-bbf6-c57df44c7c73:192.168.34.58:34225] returns group-68C2CF9E978D:java.util.concurrent.CompletableFuture@851db78[Not completed]
2019-09-18 05:56:54,476 [grpc-default-executor-2] INFO  impl.RaftServerProxy (RaftServerProxy.java:addNew(89)) - c4fb2900-bec2-4ad9-93ed-a812fd0653dd: addNew group-68C2CF9E978D:[c879f5a9-5a3d-41ba-aee1-dd3bb0f6e709:192.168.34.58:39730, c4fb2900-bec2-4ad9-93ed-a812fd0653dd:192.168.34.58:39356, 0847a6b9-7010-4ad2-bbf6-c57df44c7c73:192.168.34.58:34225] returns group-68C2CF9E978D:java.util.concurrent.CompletableFuture@4a02a6a[Not completed]
2019-09-18 05:56:54,484 [pool-37-thread-1] INFO  impl.RaftServerImpl (RaftServerImpl.java:<init>(95)) - c879f5a9-5a3d-41ba-aee1-dd3bb0f6e709: new RaftServerImpl for group-68C2CF9E978D:[c879f5a9-5a3d-41ba-aee1-dd3bb0f6e709:192.168.34.58:39730, c4fb2900-bec2-4ad9-93ed-a812fd0653dd:192.168.34.58:39356, 0847a6b9-7010-4ad2-bbf6-c57df44c7c73:192.168.34.58:34225] with ContainerStateMachine:uninitialized
2019-09-18 05:56:54,484 [pool-37-thread-1] INFO  server.RaftServerConfigKeys (ConfUtils.java:logGet(43)) - raft.server.rpc.timeout.min = 5s (custom)
2019-09-18 05:56:54,484 [grpc-default-executor-2] INFO  impl.RaftServerProxy (RaftServerProxy.java:addNew(89)) - 0847a6b9-7010-4ad2-bbf6-c57df44c7c73: addNew group-68C2CF9E978D:[c879f5a9-5a3d-41ba-aee1-dd3bb0f6e709:192.168.34.58:39730, c4fb2900-bec2-4ad9-93ed-a812fd0653dd:192.168.34.58:39356, 0847a6b9-7010-4ad2-bbf6-c57df44c7c73:192.168.34.58:34225] returns group-68C2CF9E978D:java.util.concurrent.CompletableFuture@41a2a49a[Not completed]
2019-09-18 05:56:54,485 [pool-37-thread-1] INFO  server.RaftServerConfigKeys (ConfUtils.java:logGet(43)) - raft.server.rpc.timeout.max = 5200ms (custom)
2019-09-18 05:56:54,485 [pool-37-thread-1] INFO  server.RaftServerConfigKeys (ConfUtils.java:logGet(43)) - raft.server.rpcslowness.timeout = 1000s (custom)
2019-09-18 05:56:54,485 [pool-37-thread-1] INFO  server.RaftServerConfigKeys (ConfUtils.java:logGet(43)) - raft.server.sleep.deviation.threshold = 300 (default)
2019-09-18 05:56:54,485 [pool-37-thread-1] INFO  server.RaftServerConfigKeys (ConfUtils.java:logGet(43)) - raft.server.log.appender.install.snapshot.enabled = false (custom)
2019-09-18 05:56:54,485 [pool-47-thread-1] INFO  impl.RaftServerImpl (RaftServerImpl.java:<init>(95)) - c4fb2900-bec2-4ad9-93ed-a812fd0653dd: new RaftServerImpl for group-68C2CF9E978D:[c879f5a9-5a3d-41ba-aee1-dd3bb0f6e709:192.168.34.58:39730, c4fb2900-bec2-4ad9-93ed-a812fd0653dd:192.168.34.58:39356, 0847a6b9-7010-4ad2-bbf6-c57df44c7c73:192.168.34.58:34225] with ContainerStateMachine:uninitialized
2019-09-18 05:56:54,486 [pool-37-thread-1] INFO  impl.RaftServerImpl (ServerState.java:<init>(103)) - c879f5a9-5a3d-41ba-aee1-dd3bb0f6e709@group-68C2CF9E978D: ConfigurationManager, init=-1: [c879f5a9-5a3d-41ba-aee1-dd3bb0f6e709:192.168.34.58:39730, c4fb2900-bec2-4ad9-93ed-a812fd0653dd:192.168.34.58:39356, 0847a6b9-7010-4ad2-bbf6-c57df44c7c73:192.168.34.58:34225], old=null, confs=<EMPTY_MAP>
2019-09-18 05:56:54,486 [pool-47-thread-1] INFO  server.RaftServerConfigKeys (ConfUtils.java:logGet(43)) - raft.server.rpc.timeout.min = 5s (custom)
2019-09-18 05:56:54,486 [pool-37-thread-1] INFO  server.RaftServerConfigKeys (ConfUtils.java:logGet(43)) - raft.server.storage.dir = [/workdir/hadoop-ozone/integration-test/target/test-dir/MiniOzoneClusterImpl-7e150d22-1a1f-47f1-b170-93e0081f87e5/datanode-1/data/ratis] (custom)
2019-09-18 05:56:54,486 [pool-47-thread-1] INFO  server.RaftServerConfigKeys (ConfUtils.java:logGet(43)) - raft.server.rpc.timeout.max = 5200ms (custom)
2019-09-18 05:56:54,486 [pool-47-thread-1] INFO  server.RaftServerConfigKeys (ConfUtils.java:logGet(43)) - raft.server.rpcslowness.timeout = 1000s (custom)
2019-09-18 05:56:54,486 [pool-57-thread-1] INFO  impl.RaftServerImpl (RaftServerImpl.java:<init>(95)) - 0847a6b9-7010-4ad2-bbf6-c57df44c7c73: new RaftServerImpl for group-68C2CF9E978D:[c879f5a9-5a3d-41ba-aee1-dd3bb0f6e709:192.168.34.58:39730, c4fb2900-bec2-4ad9-93ed-a812fd0653dd:192.168.34.58:39356, 0847a6b9-7010-4ad2-bbf6-c57df44c7c73:192.168.34.58:34225] with ContainerStateMachine:uninitialized
2019-09-18 05:56:54,487 [pool-47-thread-1] INFO  server.RaftServerConfigKeys (ConfUtils.java:logGet(43)) - raft.server.sleep.deviation.threshold = 300 (default)
2019-09-18 05:56:54,487 [pool-37-thread-1] INFO  storage.RaftStorageDirectory (RaftStorageDirectory.java:analyzeStorage(246)) - The storage directory /workdir/hadoop-ozone/integration-test/target/test-dir/MiniOzoneClusterImpl-7e150d22-1a1f-47f1-b170-93e0081f87e5/datanode-1/data/ratis/3565b3cb-830c-43f9-aef9-68c2cf9e978d does not exist. Creating ...
2019-09-18 05:56:54,487 [pool-47-thread-1] INFO  server.RaftServerConfigKeys (ConfUtils.java:logGet(43)) - raft.server.log.appender.install.snapshot.enabled = false (custom)
2019-09-18 05:56:54,487 [pool-57-thread-1] INFO  server.RaftServerConfigKeys (ConfUtils.java:logGet(43)) - raft.server.rpc.timeout.min = 5s (custom)
2019-09-18 05:56:54,487 [pool-47-thread-1] INFO  impl.RaftServerImpl (ServerState.java:<init>(103)) - c4fb2900-bec2-4ad9-93ed-a812fd0653dd@group-68C2CF9E978D: ConfigurationManager, init=-1: [c879f5a9-5a3d-41ba-aee1-dd3bb0f6e709:192.168.34.58:39730, c4fb2900-bec2-4ad9-93ed-a812fd0653dd:192.168.34.58:39356, 0847a6b9-7010-4ad2-bbf6-c57df44c7c73:192.168.34.58:34225], old=null, confs=<EMPTY_MAP>
2019-09-18 05:56:54,487 [pool-57-thread-1] INFO  server.RaftServerConfigKeys (ConfUtils.java:logGet(43)) - raft.server.rpc.timeout.max = 5200ms (custom)
2019-09-18 05:56:54,488 [pool-47-thread-1] INFO  server.RaftServerConfigKeys (ConfUtils.java:logGet(43)) - raft.server.storage.dir = [/workdir/hadoop-ozone/integration-test/target/test-dir/MiniOzoneClusterImpl-7e150d22-1a1f-47f1-b170-93e0081f87e5/datanode-2/data/ratis] (custom)
2019-09-18 05:56:54,488 [pool-57-thread-1] INFO  server.RaftServerConfigKeys (ConfUtils.java:logGet(43)) - raft.server.rpcslowness.timeout = 1000s (custom)
2019-09-18 05:56:54,488 [pool-57-thread-1] INFO  server.RaftServerConfigKeys (ConfUtils.java:logGet(43)) - raft.server.sleep.deviation.threshold = 300 (default)
2019-09-18 05:56:54,488 [pool-57-thread-1] INFO  server.RaftServerConfigKeys (ConfUtils.java:logGet(43)) - raft.server.log.appender.install.snapshot.enabled = false (custom)
2019-09-18 05:56:54,488 [pool-47-thread-1] INFO  storage.RaftStorageDirectory (RaftStorageDirectory.java:analyzeStorage(246)) - The storage directory /workdir/hadoop-ozone/integration-test/target/test-dir/MiniOzoneClusterImpl-7e150d22-1a1f-47f1-b170-93e0081f87e5/datanode-2/data/ratis/3565b3cb-830c-43f9-aef9-68c2cf9e978d does not exist. Creating ...
2019-09-18 05:56:54,488 [pool-57-thread-1] INFO  impl.RaftServerImpl (ServerState.java:<init>(103)) - 0847a6b9-7010-4ad2-bbf6-c57df44c7c73@group-68C2CF9E978D: ConfigurationManager, init=-1: [c879f5a9-5a3d-41ba-aee1-dd3bb0f6e709:192.168.34.58:39730, c4fb2900-bec2-4ad9-93ed-a812fd0653dd:192.168.34.58:39356, 0847a6b9-7010-4ad2-bbf6-c57df44c7c73:192.168.34.58:34225], old=null, confs=<EMPTY_MAP>
2019-09-18 05:56:54,489 [pool-57-thread-1] INFO  server.RaftServerConfigKeys (ConfUtils.java:logGet(43)) - raft.server.storage.dir = [/workdir/hadoop-ozone/integration-test/target/test-dir/MiniOzoneClusterImpl-7e150d22-1a1f-47f1-b170-93e0081f87e5/datanode-3/data/ratis] (custom)
2019-09-18 05:56:54,489 [pool-57-thread-1] INFO  storage.RaftStorageDirectory (RaftStorageDirectory.java:analyzeStorage(246)) - The storage directory /workdir/hadoop-ozone/integration-test/target/test-dir/MiniOzoneClusterImpl-7e150d22-1a1f-47f1-b170-93e0081f87e5/datanode-3/data/ratis/3565b3cb-830c-43f9-aef9-68c2cf9e978d does not exist. Creating ...
2019-09-18 05:56:54,501 [pool-47-thread-1] INFO  storage.RaftStorageDirectory (RaftStorageDirectory.java:tryLock(328)) - Lock on /workdir/hadoop-ozone/integration-test/target/test-dir/MiniOzoneClusterImpl-7e150d22-1a1f-47f1-b170-93e0081f87e5/datanode-2/data/ratis/3565b3cb-830c-43f9-aef9-68c2cf9e978d/in_use.lock acquired by nodename 635@trunk-nightly-20190918-qrmtq-2607408458
2019-09-18 05:56:54,501 [pool-57-thread-1] INFO  storage.RaftStorageDirectory (RaftStorageDirectory.java:tryLock(328)) - Lock on /workdir/hadoop-ozone/integration-test/target/test-dir/MiniOzoneClusterImpl-7e150d22-1a1f-47f1-b170-93e0081f87e5/datanode-3/data/ratis/3565b3cb-830c-43f9-aef9-68c2cf9e978d/in_use.lock acquired by nodename 635@trunk-nightly-20190918-qrmtq-2607408458
2019-09-18 05:56:54,501 [pool-37-thread-1] INFO  storage.RaftStorageDirectory (RaftStorageDirectory.java:tryLock(328)) - Lock on /workdir/hadoop-ozone/integration-test/target/test-dir/MiniOzoneClusterImpl-7e150d22-1a1f-47f1-b170-93e0081f87e5/datanode-1/data/ratis/3565b3cb-830c-43f9-aef9-68c2cf9e978d/in_use.lock acquired by nodename 635@trunk-nightly-20190918-qrmtq-2607408458
2019-09-18 05:56:54,527 [pool-47-thread-1] INFO  storage.RaftStorage (RaftStorage.java:format(72)) - Storage directory /workdir/hadoop-ozone/integration-test/target/test-dir/MiniOzoneClusterImpl-7e150d22-1a1f-47f1-b170-93e0081f87e5/datanode-2/data/ratis/3565b3cb-830c-43f9-aef9-68c2cf9e978d has been successfully formatted.
2019-09-18 05:56:54,527 [pool-37-thread-1] INFO  storage.RaftStorage (RaftStorage.java:format(72)) - Storage directory /workdir/hadoop-ozone/integration-test/target/test-dir/MiniOzoneClusterImpl-7e150d22-1a1f-47f1-b170-93e0081f87e5/datanode-1/data/ratis/3565b3cb-830c-43f9-aef9-68c2cf9e978d has been successfully formatted.
2019-09-18 05:56:54,527 [pool-57-thread-1] INFO  storage.RaftStorage (RaftStorage.java:format(72)) - Storage directory /workdir/hadoop-ozone/integration-test/target/test-dir/MiniOzoneClusterImpl-7e150d22-1a1f-47f1-b170-93e0081f87e5/datanode-3/data/ratis/3565b3cb-830c-43f9-aef9-68c2cf9e978d has been successfully formatted.
2019-09-18 05:56:54,527 [pool-47-thread-1] INFO  ratis.ContainerStateMachine (ContainerStateMachine.java:loadSnapshot(230)) - group-68C2CF9E978D: The snapshot info is null. Setting the last applied indexto:(t:0, i:~)
2019-09-18 05:56:54,528 [pool-37-thread-1] INFO  ratis.ContainerStateMachine (ContainerStateMachine.java:loadSnapshot(230)) - group-68C2CF9E978D: The snapshot info is null. Setting the last applied indexto:(t:0, i:~)
2019-09-18 05:56:54,528 [pool-57-thread-1] INFO  ratis.ContainerStateMachine (ContainerStateMachine.java:loadSnapshot(230)) - group-68C2CF9E978D: The snapshot info is null. Setting the last applied indexto:(t:0, i:~)
2019-09-18 05:56:54,528 [pool-47-thread-1] INFO  server.RaftServerConfigKeys (ConfUtils.java:logGet(43)) - raft.server.notification.no-leader.timeout = 1000s (custom)
2019-09-18 05:56:54,528 [pool-57-thread-1] INFO  server.RaftServerConfigKeys (ConfUtils.java:logGet(43)) - raft.server.notification.no-leader.timeout = 1000s (custom)
2019-09-18 05:56:54,528 [pool-37-thread-1] INFO  server.RaftServerConfigKeys (ConfUtils.java:logGet(43)) - raft.server.notification.no-leader.timeout = 1000s (custom)
2019-09-18 05:56:54,529 [pool-57-thread-1] INFO  server.RaftServerConfigKeys (ConfUtils.java:logGet(43)) - raft.server.log.use.memory = false (default)
2019-09-18 05:56:54,528 [pool-47-thread-1] INFO  server.RaftServerConfigKeys (ConfUtils.java:logGet(43)) - raft.server.log.use.memory = false (default)
2019-09-18 05:56:54,529 [pool-57-thread-1] INFO  server.RaftServerConfigKeys (ConfUtils.java:logGet(43)) - raft.server.log.purge.gap = 1000000 (custom)
2019-09-18 05:56:54,529 [pool-37-thread-1] INFO  server.RaftServerConfigKeys (ConfUtils.java:logGet(43)) - raft.server.log.use.memory = false (default)
2019-09-18 05:56:54,529 [pool-57-thread-1] INFO  server.RaftServerConfigKeys (ConfUtils.java:logGet(43)) - raft.server.log.appender.buffer.byte-limit = 33554432 (custom)
2019-09-18 05:56:54,529 [pool-47-thread-1] INFO  server.RaftServerConfigKeys (ConfUtils.java:logGet(43)) - raft.server.log.purge.gap = 1000000 (custom)
2019-09-18 05:56:54,530 [pool-57-thread-1] INFO  server.RaftServerConfigKeys (ConfUtils.java:logGet(43)) - raft.server.log.segment.size.max = 1048576 (custom)
2019-09-18 05:56:54,529 [pool-37-thread-1] INFO  server.RaftServerConfigKeys (ConfUtils.java:logGet(43)) - raft.server.log.purge.gap = 1000000 (custom)
2019-09-18 05:56:54,530 [pool-57-thread-1] INFO  server.RaftServerConfigKeys (ConfUtils.java:logGet(43)) - raft.server.log.segment.cache.num.max = 2 (custom)
2019-09-18 05:56:54,530 [pool-47-thread-1] INFO  server.RaftServerConfigKeys (ConfUtils.java:logGet(43)) - raft.server.log.appender.buffer.byte-limit = 33554432 (custom)
2019-09-18 05:56:54,530 [pool-57-thread-1] INFO  segmented.SegmentedRaftLogWorker (SegmentedRaftLogWorker.java:<init>(172)) - new 0847a6b9-7010-4ad2-bbf6-c57df44c7c73@group-68C2CF9E978D-SegmentedRaftLogWorker for RaftStorage:Storage Directory /workdir/hadoop-ozone/integration-test/target/test-dir/MiniOzoneClusterImpl-7e150d22-1a1f-47f1-b170-93e0081f87e5/datanode-3/data/ratis/3565b3cb-830c-43f9-aef9-68c2cf9e978d
2019-09-18 05:56:54,530 [pool-37-thread-1] INFO  server.RaftServerConfigKeys (ConfUtils.java:logGet(43)) - raft.server.log.appender.buffer.byte-limit = 33554432 (custom)
2019-09-18 05:56:54,531 [pool-57-thread-1] INFO  server.RaftServerConfigKeys (ConfUtils.java:logGet(43)) - raft.server.log.queue.byte-limit = 2147483647 (custom)
2019-09-18 05:56:54,531 [pool-47-thread-1] INFO  server.RaftServerConfigKeys (ConfUtils.java:logGet(43)) - raft.server.log.segment.size.max = 1048576 (custom)
2019-09-18 05:56:54,531 [pool-57-thread-1] INFO  server.RaftServerConfigKeys (ConfUtils.java:logGet(43)) - raft.server.log.queue.element-limit = 1024 (custom)
2019-09-18 05:56:54,531 [pool-37-thread-1] INFO  server.RaftServerConfigKeys (ConfUtils.java:logGet(43)) - raft.server.log.segment.size.max = 1048576 (custom)
2019-09-18 05:56:54,531 [pool-57-thread-1] INFO  server.RaftServerConfigKeys (ConfUtils.java:logGet(43)) - raft.server.log.segment.size.max = 1048576 (custom)
2019-09-18 05:56:54,531 [pool-47-thread-1] INFO  server.RaftServerConfigKeys (ConfUtils.java:logGet(43)) - raft.server.log.segment.cache.num.max = 2 (custom)
2019-09-18 05:56:54,532 [pool-57-thread-1] INFO  server.RaftServerConfigKeys (ConfUtils.java:logGet(43)) - raft.server.log.preallocated.size = 16384 (custom)
2019-09-18 05:56:54,532 [pool-37-thread-1] INFO  server.RaftServerConfigKeys (ConfUtils.java:logGet(43)) - raft.server.log.segment.cache.num.max = 2 (custom)
2019-09-18 05:56:54,532 [pool-57-thread-1] INFO  server.RaftServerConfigKeys (ConfUtils.java:logGet(43)) - raft.server.log.write.buffer.size = 33554432 (custom)
2019-09-18 05:56:54,532 [pool-47-thread-1] INFO  segmented.SegmentedRaftLogWorker (SegmentedRaftLogWorker.java:<init>(172)) - new c4fb2900-bec2-4ad9-93ed-a812fd0653dd@group-68C2CF9E978D-SegmentedRaftLogWorker for RaftStorage:Storage Directory /workdir/hadoop-ozone/integration-test/target/test-dir/MiniOzoneClusterImpl-7e150d22-1a1f-47f1-b170-93e0081f87e5/datanode-2/data/ratis/3565b3cb-830c-43f9-aef9-68c2cf9e978d
2019-09-18 05:56:54,532 [pool-57-thread-1] INFO  server.RaftServerConfigKeys (ConfUtils.java:logGet(43)) - raft.server.log.force.sync.num = 128 (default)
2019-09-18 05:56:54,532 [pool-37-thread-1] INFO  segmented.SegmentedRaftLogWorker (SegmentedRaftLogWorker.java:<init>(172)) - new c879f5a9-5a3d-41ba-aee1-dd3bb0f6e709@group-68C2CF9E978D-SegmentedRaftLogWorker for RaftStorage:Storage Directory /workdir/hadoop-ozone/integration-test/target/test-dir/MiniOzoneClusterImpl-7e150d22-1a1f-47f1-b170-93e0081f87e5/datanode-1/data/ratis/3565b3cb-830c-43f9-aef9-68c2cf9e978d
2019-09-18 05:56:54,533 [pool-57-thread-1] INFO  server.RaftServerConfigKeys (ConfUtils.java:logGet(43)) - raft.server.log.statemachine.data.sync = true (default)
2019-09-18 05:56:54,533 [pool-47-thread-1] INFO  server.RaftServerConfigKeys (ConfUtils.java:logGet(43)) - raft.server.log.queue.byte-limit = 2147483647 (custom)
2019-09-18 05:56:54,533 [pool-57-thread-1] INFO  server.RaftServerConfigKeys (ConfUtils.java:logGet(43)) - raft.server.log.statemachine.data.sync.timeout = 10s (default)
2019-09-18 05:56:54,533 [pool-37-thread-1] INFO  server.RaftServerConfigKeys (ConfUtils.java:logGet(43)) - raft.server.log.queue.byte-limit = 2147483647 (custom)
2019-09-18 05:56:54,533 [pool-57-thread-1] INFO  server.RaftServerConfigKeys (ConfUtils.java:logGet(43)) - raft.server.log.statemachine.data.sync.timeout.retry = -1 (default)
2019-09-18 05:56:54,533 [pool-47-thread-1] INFO  server.RaftServerConfigKeys (ConfUtils.java:logGet(43)) - raft.server.log.queue.element-limit = 1024 (custom)
2019-09-18 05:56:54,534 [pool-57-thread-1] INFO  server.RaftServerConfigKeys (ConfUtils.java:logGet(43)) - raft.server.log.statemachine.data.caching.enabled = true (custom)
2019-09-18 05:56:54,533 [pool-37-thread-1] INFO  server.RaftServerConfigKeys (ConfUtils.java:logGet(43)) - raft.server.log.queue.element-limit = 1024 (custom)
2019-09-18 05:56:54,534 [pool-47-thread-1] INFO  server.RaftServerConfigKeys (ConfUtils.java:logGet(43)) - raft.server.log.segment.size.max = 1048576 (custom)
2019-09-18 05:56:54,534 [pool-37-thread-1] INFO  server.RaftServerConfigKeys (ConfUtils.java:logGet(43)) - raft.server.log.segment.size.max = 1048576 (custom)
2019-09-18 05:56:54,534 [pool-57-thread-1] INFO  segmented.SegmentedRaftLogWorker (SegmentedRaftLogWorker.java:lambda$new$0(132)) - 0847a6b9-7010-4ad2-bbf6-c57df44c7c73@group-68C2CF9E978D-SegmentedRaftLogWorker: flushIndex: setUnconditionally 0 -> -1
2019-09-18 05:56:54,534 [pool-37-thread-1] INFO  server.RaftServerConfigKeys (ConfUtils.java:logGet(43)) - raft.server.log.preallocated.size = 16384 (custom)
2019-09-18 05:56:54,534 [pool-47-thread-1] INFO  server.RaftServerConfigKeys (ConfUtils.java:logGet(43)) - raft.server.log.preallocated.size = 16384 (custom)
2019-09-18 05:56:54,535 [pool-57-thread-1] INFO  server.RaftServerConfigKeys (ConfUtils.java:logGet(43)) - raft.server.snapshot.auto.trigger.enabled = true (custom)
2019-09-18 05:56:54,535 [pool-47-thread-1] INFO  server.RaftServerConfigKeys (ConfUtils.java:logGet(43)) - raft.server.log.write.buffer.size = 33554432 (custom)
2019-09-18 05:56:54,535 [pool-37-thread-1] INFO  server.RaftServerConfigKeys (ConfUtils.java:logGet(43)) - raft.server.log.write.buffer.size = 33554432 (custom)
2019-09-18 05:56:54,535 [pool-47-thread-1] INFO  server.RaftServerConfigKeys (ConfUtils.java:logGet(43)) - raft.server.log.force.sync.num = 128 (default)
2019-09-18 05:56:54,535 [pool-57-thread-1] INFO  server.RaftServerConfigKeys (ConfUtils.java:logGet(43)) - raft.server.snapshot.auto.trigger.threshold = 10000 (custom)
2019-09-18 05:56:54,536 [pool-47-thread-1] INFO  server.RaftServerConfigKeys (ConfUtils.java:logGet(43)) - raft.server.log.statemachine.data.sync = true (default)
2019-09-18 05:56:54,536 [pool-37-thread-1] INFO  server.RaftServerConfigKeys (ConfUtils.java:logGet(43)) - raft.server.log.force.sync.num = 128 (default)
2019-09-18 05:56:54,536 [pool-47-thread-1] INFO  server.RaftServerConfigKeys (ConfUtils.java:logGet(43)) - raft.server.log.statemachine.data.sync.timeout = 10s (default)
2019-09-18 05:56:54,536 [pool-57-thread-1] INFO  server.RaftServerConfigKeys (ConfUtils.java:logGet(43)) - raft.server.snapshot.retention.num.files = 5 (custom)
2019-09-18 05:56:54,536 [pool-47-thread-1] INFO  server.RaftServerConfigKeys (ConfUtils.java:logGet(43)) - raft.server.log.statemachine.data.sync.timeout.retry = -1 (default)
2019-09-18 05:56:54,537 [pool-57-thread-1] INFO  server.RaftServerConfigKeys (ConfUtils.java:logGet(43)) - raft.server.retrycache.expirytime = 600000ms (custom)
2019-09-18 05:56:54,537 [pool-47-thread-1] INFO  server.RaftServerConfigKeys (ConfUtils.java:logGet(43)) - raft.server.log.statemachine.data.caching.enabled = true (custom)
2019-09-18 05:56:54,536 [pool-37-thread-1] INFO  server.RaftServerConfigKeys (ConfUtils.java:logGet(43)) - raft.server.log.statemachine.data.sync = true (default)
2019-09-18 05:56:54,537 [pool-37-thread-1] INFO  server.RaftServerConfigKeys (ConfUtils.java:logGet(43)) - raft.server.log.statemachine.data.sync.timeout = 10s (default)
2019-09-18 05:56:54,537 [pool-47-thread-1] INFO  segmented.SegmentedRaftLogWorker (SegmentedRaftLogWorker.java:lambda$new$0(132)) - c4fb2900-bec2-4ad9-93ed-a812fd0653dd@group-68C2CF9E978D-SegmentedRaftLogWorker: flushIndex: setUnconditionally 0 -> -1
2019-09-18 05:56:54,538 [pool-37-thread-1] INFO  server.RaftServerConfigKeys (ConfUtils.java:logGet(43)) - raft.server.log.statemachine.data.sync.timeout.retry = -1 (default)
2019-09-18 05:56:54,538 [main] INFO  ozone.MiniOzoneClusterImpl (MiniOzoneClusterImpl.java:lambda$waitForClusterToBeReady$0(145)) - Cluster is ready. Got 4 of 4 DN Heartbeats.
2019-09-18 05:56:54,539 [pool-37-thread-1] INFO  server.RaftServerConfigKeys (ConfUtils.java:logGet(43)) - raft.server.log.statemachine.data.caching.enabled = true (custom)
2019-09-18 05:56:54,539 [pool-47-thread-1] INFO  server.RaftServerConfigKeys (ConfUtils.java:logGet(43)) - raft.server.snapshot.auto.trigger.enabled = true (custom)
2019-09-18 05:56:54,540 [pool-37-thread-1] INFO  segmented.SegmentedRaftLogWorker (SegmentedRaftLogWorker.java:lambda$new$0(132)) - c879f5a9-5a3d-41ba-aee1-dd3bb0f6e709@group-68C2CF9E978D-SegmentedRaftLogWorker: flushIndex: setUnconditionally 0 -> -1
2019-09-18 05:56:54,540 [pool-47-thread-1] INFO  server.RaftServerConfigKeys (ConfUtils.java:logGet(43)) - raft.server.snapshot.auto.trigger.threshold = 10000 (custom)
2019-09-18 05:56:54,540 [pool-37-thread-1] INFO  server.RaftServerConfigKeys (ConfUtils.java:logGet(43)) - raft.server.snapshot.auto.trigger.enabled = true (custom)
2019-09-18 05:56:54,540 [pool-47-thread-1] INFO  server.RaftServerConfigKeys (ConfUtils.java:logGet(43)) - raft.server.snapshot.retention.num.files = 5 (custom)
2019-09-18 05:56:54,540 [pool-37-thread-1] INFO  server.RaftServerConfigKeys (ConfUtils.java:logGet(43)) - raft.server.snapshot.auto.trigger.threshold = 10000 (custom)
2019-09-18 05:56:54,540 [pool-37-thread-1] INFO  server.RaftServerConfigKeys (ConfUtils.java:logGet(43)) - raft.server.snapshot.retention.num.files = 5 (custom)
2019-09-18 05:56:54,540 [pool-47-thread-1] INFO  server.RaftServerConfigKeys (ConfUtils.java:logGet(43)) - raft.server.retrycache.expirytime = 600000ms (custom)
2019-09-18 05:56:54,541 [pool-37-thread-1] INFO  server.RaftServerConfigKeys (ConfUtils.java:logGet(43)) - raft.server.retrycache.expirytime = 600000ms (custom)
2019-09-18 05:56:54,543 [pool-57-thread-1] INFO  impl.RaftServerImpl (RaftServerImpl.java:start(185)) - 0847a6b9-7010-4ad2-bbf6-c57df44c7c73@group-68C2CF9E978D: start as a follower, conf=-1: [c879f5a9-5a3d-41ba-aee1-dd3bb0f6e709:192.168.34.58:39730, c4fb2900-bec2-4ad9-93ed-a812fd0653dd:192.168.34.58:39356, 0847a6b9-7010-4ad2-bbf6-c57df44c7c73:192.168.34.58:34225], old=null
2019-09-18 05:56:54,543 [pool-57-thread-1] INFO  impl.RaftServerImpl (RaftServerImpl.java:setRole(174)) - 0847a6b9-7010-4ad2-bbf6-c57df44c7c73@group-68C2CF9E978D: changes role from      null to FOLLOWER at term 0 for startAsFollower
2019-09-18 05:56:54,544 [pool-57-thread-1] INFO  impl.RoleInfo (RoleInfo.java:updateAndGet(143)) - 0847a6b9-7010-4ad2-bbf6-c57df44c7c73: start FollowerState
2019-09-18 05:56:54,544 [main] INFO  container.ReplicationManager (ReplicationManager.java:start(162)) - Starting Replication Monitor Thread.
2019-09-18 05:56:54,544 [pool-57-thread-1] INFO  util.JmxRegister (JmxRegister.java:tryRegister(44)) - Successfully registered JMX Bean with object name Ratis:service=RaftServer,group=group-68C2CF9E978D,id=0847a6b9-7010-4ad2-bbf6-c57df44c7c73
2019-09-18 05:56:54,548 [ReplicationMonitor] INFO  container.ReplicationManager (ReplicationManager.java:run(225)) - Replication Monitor Thread took 2 milliseconds for processing 0 containers.
2019-09-18 05:56:54,553 [pool-37-thread-1] INFO  impl.RaftServerImpl (RaftServerImpl.java:start(185)) - c879f5a9-5a3d-41ba-aee1-dd3bb0f6e709@group-68C2CF9E978D: start as a follower, conf=-1: [c879f5a9-5a3d-41ba-aee1-dd3bb0f6e709:192.168.34.58:39730, c4fb2900-bec2-4ad9-93ed-a812fd0653dd:192.168.34.58:39356, 0847a6b9-7010-4ad2-bbf6-c57df44c7c73:192.168.34.58:34225], old=null
2019-09-18 05:56:54,554 [pool-37-thread-1] INFO  impl.RaftServerImpl (RaftServerImpl.java:setRole(174)) - c879f5a9-5a3d-41ba-aee1-dd3bb0f6e709@group-68C2CF9E978D: changes role from      null to FOLLOWER at term 0 for startAsFollower
2019-09-18 05:56:54,554 [pool-37-thread-1] INFO  impl.RoleInfo (RoleInfo.java:updateAndGet(143)) - c879f5a9-5a3d-41ba-aee1-dd3bb0f6e709: start FollowerState
2019-09-18 05:56:54,556 [pool-37-thread-1] INFO  util.JmxRegister (JmxRegister.java:tryRegister(44)) - Successfully registered JMX Bean with object name Ratis:service=RaftServer,group=group-68C2CF9E978D,id=c879f5a9-5a3d-41ba-aee1-dd3bb0f6e709
2019-09-18 05:56:54,556 [pool-47-thread-1] INFO  impl.RaftServerImpl (RaftServerImpl.java:start(185)) - c4fb2900-bec2-4ad9-93ed-a812fd0653dd@group-68C2CF9E978D: start as a follower, conf=-1: [c879f5a9-5a3d-41ba-aee1-dd3bb0f6e709:192.168.34.58:39730, c4fb2900-bec2-4ad9-93ed-a812fd0653dd:192.168.34.58:39356, 0847a6b9-7010-4ad2-bbf6-c57df44c7c73:192.168.34.58:34225], old=null
2019-09-18 05:56:54,556 [pool-47-thread-1] INFO  impl.RaftServerImpl (RaftServerImpl.java:setRole(174)) - c4fb2900-bec2-4ad9-93ed-a812fd0653dd@group-68C2CF9E978D: changes role from      null to FOLLOWER at term 0 for startAsFollower
2019-09-18 05:56:54,557 [pool-47-thread-1] INFO  impl.RoleInfo (RoleInfo.java:updateAndGet(143)) - c4fb2900-bec2-4ad9-93ed-a812fd0653dd: start FollowerState
2019-09-18 05:56:54,561 [pool-47-thread-1] INFO  util.JmxRegister (JmxRegister.java:tryRegister(44)) - Successfully registered JMX Bean with object name Ratis:service=RaftServer,group=group-68C2CF9E978D,id=c4fb2900-bec2-4ad9-93ed-a812fd0653dd
2019-09-18 05:56:54,580 [RatisPipelineUtilsThread] INFO  pipeline.PipelineStateManager (PipelineStateManager.java:addPipeline(56)) - Created pipeline Pipeline[ Id: 3565b3cb-830c-43f9-aef9-68c2cf9e978d, Nodes: c879f5a9-5a3d-41ba-aee1-dd3bb0f6e709{ip: 192.168.34.58, host: trunk-nightly-20190918-qrmtq-2607408458, networkLocation: /default-rack, certSerialId: null}c4fb2900-bec2-4ad9-93ed-a812fd0653dd{ip: 192.168.34.58, host: trunk-nightly-20190918-qrmtq-2607408458, networkLocation: /default-rack, certSerialId: null}0847a6b9-7010-4ad2-bbf6-c57df44c7c73{ip: 192.168.34.58, host: trunk-nightly-20190918-qrmtq-2607408458, networkLocation: /default-rack, certSerialId: null}, Type:RATIS, Factor:THREE, State:OPEN]
2019-09-18 05:56:55,112 [main] INFO  rpc.RpcClient (RpcClient.java:createVolume(302)) - Creating Volume: testcontainerstatemachinefailures, with jenkins1000 as owner.
2019-09-18 05:56:55,225 [IPC Server handler 1 on 40712] INFO  volume.OMVolumeCreateRequest (OMVolumeCreateRequest.java:validateAndUpdateCache(189)) - created volume:testcontainerstatemachinefailures for user:jenkins1000
2019-09-18 05:56:55,253 [main] INFO  rpc.RpcClient (RpcClient.java:createBucket(441)) - Creating Bucket: testcontainerstatemachinefailures/testcontainerstatemachinefailures, with Versioning false and Storage Type set to DISK and Encryption set to false 
2019-09-18 05:56:55,471 [main] INFO  impl.MetricsSystemImpl (MetricsSystemImpl.java:init(158)) - XceiverClientMetrics metrics system started (again)
2019-09-18 05:56:55,922 [EventQueue-StaleNodeForStaleNodeHandler] INFO  node.StaleNodeHandler (StaleNodeHandler.java:onMessage(58)) - Datanode 0847a6b9-7010-4ad2-bbf6-c57df44c7c73{ip: 192.168.34.58, host: trunk-nightly-20190918-qrmtq-2607408458, networkLocation: /default-rack, certSerialId: null} moved to stale state. Finalizing its pipelines [PipelineID=6c3eae18-e308-430c-854a-bd3ae3e88c9a, PipelineID=3565b3cb-830c-43f9-aef9-68c2cf9e978d]
2019-09-18 05:56:55,926 [EventQueue-StaleNodeForStaleNodeHandler] INFO  pipeline.SCMPipelineManager (SCMPipelineManager.java:finalizeAndDestroyPipeline(311)) - destroying pipeline:Pipeline[ Id: 6c3eae18-e308-430c-854a-bd3ae3e88c9a, Nodes: 0847a6b9-7010-4ad2-bbf6-c57df44c7c73{ip: 192.168.34.58, host: trunk-nightly-20190918-qrmtq-2607408458, networkLocation: /default-rack, certSerialId: null}, Type:RATIS, Factor:ONE, State:OPEN]
2019-09-18 05:56:55,931 [EventQueue-StaleNodeForStaleNodeHandler] INFO  pipeline.PipelineStateManager (PipelineStateManager.java:finalizePipeline(123)) - Pipeline Pipeline[ Id: 6c3eae18-e308-430c-854a-bd3ae3e88c9a, Nodes: 0847a6b9-7010-4ad2-bbf6-c57df44c7c73{ip: 192.168.34.58, host: trunk-nightly-20190918-qrmtq-2607408458, networkLocation: /default-rack, certSerialId: null}, Type:RATIS, Factor:ONE, State:CLOSED] moved to CLOSED state
2019-09-18 05:56:55,937 [EventQueue-StaleNodeForStaleNodeHandler] INFO  pipeline.SCMPipelineManager (SCMPipelineManager.java:finalizeAndDestroyPipeline(311)) - destroying pipeline:Pipeline[ Id: 3565b3cb-830c-43f9-aef9-68c2cf9e978d, Nodes: c879f5a9-5a3d-41ba-aee1-dd3bb0f6e709{ip: 192.168.34.58, host: trunk-nightly-20190918-qrmtq-2607408458, networkLocation: /default-rack, certSerialId: null}c4fb2900-bec2-4ad9-93ed-a812fd0653dd{ip: 192.168.34.58, host: trunk-nightly-20190918-qrmtq-2607408458, networkLocation: /default-rack, certSerialId: null}0847a6b9-7010-4ad2-bbf6-c57df44c7c73{ip: 192.168.34.58, host: trunk-nightly-20190918-qrmtq-2607408458, networkLocation: /default-rack, certSerialId: null}, Type:RATIS, Factor:THREE, State:OPEN]
2019-09-18 05:56:55,937 [EventQueue-StaleNodeForStaleNodeHandler] INFO  pipeline.PipelineStateManager (PipelineStateManager.java:finalizePipeline(123)) - Pipeline Pipeline[ Id: 3565b3cb-830c-43f9-aef9-68c2cf9e978d, Nodes: c879f5a9-5a3d-41ba-aee1-dd3bb0f6e709{ip: 192.168.34.58, host: trunk-nightly-20190918-qrmtq-2607408458, networkLocation: /default-rack, certSerialId: null}c4fb2900-bec2-4ad9-93ed-a812fd0653dd{ip: 192.168.34.58, host: trunk-nightly-20190918-qrmtq-2607408458, networkLocation: /default-rack, certSerialId: null}0847a6b9-7010-4ad2-bbf6-c57df44c7c73{ip: 192.168.34.58, host: trunk-nightly-20190918-qrmtq-2607408458, networkLocation: /default-rack, certSerialId: null}, Type:RATIS, Factor:THREE, State:CLOSED] moved to CLOSED state
2019-09-18 05:56:55,937 [EventQueue-CloseContainerForCloseContainerEventHandler] INFO  container.CloseContainerEventHandler (CloseContainerEventHandler.java:onMessage(61)) - Close container Event triggered for container : #1
2019-09-18 05:56:56,035 [grpc-default-executor-1] INFO  impl.RaftServerProxy (RaftServerProxy.java:addNew(89)) - 0847a6b9-7010-4ad2-bbf6-c57df44c7c73: addNew group-D672EA089937:[0847a6b9-7010-4ad2-bbf6-c57df44c7c73:192.168.34.58:34225] returns group-D672EA089937:java.util.concurrent.CompletableFuture@2358444[Not completed]
2019-09-18 05:56:56,038 [pool-57-thread-1] INFO  impl.RaftServerImpl (RaftServerImpl.java:<init>(95)) - 0847a6b9-7010-4ad2-bbf6-c57df44c7c73: new RaftServerImpl for group-D672EA089937:[0847a6b9-7010-4ad2-bbf6-c57df44c7c73:192.168.34.58:34225] with ContainerStateMachine:uninitialized
2019-09-18 05:56:56,040 [pool-57-thread-1] INFO  server.RaftServerConfigKeys (ConfUtils.java:logGet(43)) - raft.server.rpc.timeout.min = 5s (custom)
2019-09-18 05:56:56,040 [pool-57-thread-1] INFO  server.RaftServerConfigKeys (ConfUtils.java:logGet(43)) - raft.server.rpc.timeout.max = 5200ms (custom)
2019-09-18 05:56:56,040 [pool-57-thread-1] INFO  server.RaftServerConfigKeys (ConfUtils.java:logGet(43)) - raft.server.rpcslowness.timeout = 1000s (custom)
2019-09-18 05:56:56,040 [pool-57-thread-1] INFO  server.RaftServerConfigKeys (ConfUtils.java:logGet(43)) - raft.server.sleep.deviation.threshold = 300 (default)
2019-09-18 05:56:56,040 [pool-57-thread-1] INFO  server.RaftServerConfigKeys (ConfUtils.java:logGet(43)) - raft.server.log.appender.install.snapshot.enabled = false (custom)
2019-09-18 05:56:56,041 [pool-57-thread-1] INFO  impl.RaftServerImpl (ServerState.java:<init>(103)) - 0847a6b9-7010-4ad2-bbf6-c57df44c7c73@group-D672EA089937: ConfigurationManager, init=-1: [0847a6b9-7010-4ad2-bbf6-c57df44c7c73:192.168.34.58:34225], old=null, confs=<EMPTY_MAP>
2019-09-18 05:56:56,041 [pool-57-thread-1] INFO  server.RaftServerConfigKeys (ConfUtils.java:logGet(43)) - raft.server.storage.dir = [/workdir/hadoop-ozone/integration-test/target/test-dir/MiniOzoneClusterImpl-7e150d22-1a1f-47f1-b170-93e0081f87e5/datanode-3/data/ratis] (custom)
2019-09-18 05:56:56,041 [pool-57-thread-1] INFO  storage.RaftStorageDirectory (RaftStorageDirectory.java:analyzeStorage(246)) - The storage directory /workdir/hadoop-ozone/integration-test/target/test-dir/MiniOzoneClusterImpl-7e150d22-1a1f-47f1-b170-93e0081f87e5/datanode-3/data/ratis/c669d18c-7384-4b12-a455-d672ea089937 does not exist. Creating ...
2019-09-18 05:56:56,054 [pool-57-thread-1] INFO  storage.RaftStorageDirectory (RaftStorageDirectory.java:tryLock(328)) - Lock on /workdir/hadoop-ozone/integration-test/target/test-dir/MiniOzoneClusterImpl-7e150d22-1a1f-47f1-b170-93e0081f87e5/datanode-3/data/ratis/c669d18c-7384-4b12-a455-d672ea089937/in_use.lock acquired by nodename 635@trunk-nightly-20190918-qrmtq-2607408458
2019-09-18 05:56:56,054 [grpc-default-executor-2] INFO  client.GrpcClientProtocolClient (GrpcClientProtocolClient.java:onNext(264)) - client-48995F7B2C78->c879f5a9-5a3d-41ba-aee1-dd3bb0f6e709: receive RaftClientReply:client-48995F7B2C78->c879f5a9-5a3d-41ba-aee1-dd3bb0f6e709@group-68C2CF9E978D, cid=7, FAILED org.apache.ratis.protocol.NotLeaderException: Server c879f5a9-5a3d-41ba-aee1-dd3bb0f6e709@group-68C2CF9E978D is not the leader, logIndex=0, commits[c879f5a9-5a3d-41ba-aee1-dd3bb0f6e709:c-1]
2019-09-18 05:56:56,068 [pool-57-thread-1] INFO  storage.RaftStorage (RaftStorage.java:format(72)) - Storage directory /workdir/hadoop-ozone/integration-test/target/test-dir/MiniOzoneClusterImpl-7e150d22-1a1f-47f1-b170-93e0081f87e5/datanode-3/data/ratis/c669d18c-7384-4b12-a455-d672ea089937 has been successfully formatted.
2019-09-18 05:56:56,068 [pool-57-thread-1] INFO  ratis.ContainerStateMachine (ContainerStateMachine.java:loadSnapshot(230)) - group-D672EA089937: The snapshot info is null. Setting the last applied indexto:(t:0, i:~)
2019-09-18 05:56:56,068 [pool-57-thread-1] INFO  server.RaftServerConfigKeys (ConfUtils.java:logGet(43)) - raft.server.notification.no-leader.timeout = 1000s (custom)
2019-09-18 05:56:56,069 [pool-57-thread-1] INFO  server.RaftServerConfigKeys (ConfUtils.java:logGet(43)) - raft.server.log.use.memory = false (default)
2019-09-18 05:56:56,069 [pool-57-thread-1] INFO  server.RaftServerConfigKeys (ConfUtils.java:logGet(43)) - raft.server.log.purge.gap = 1000000 (custom)
2019-09-18 05:56:56,069 [pool-57-thread-1] INFO  server.RaftServerConfigKeys (ConfUtils.java:logGet(43)) - raft.server.log.appender.buffer.byte-limit = 33554432 (custom)
2019-09-18 05:56:56,069 [pool-57-thread-1] INFO  server.RaftServerConfigKeys (ConfUtils.java:logGet(43)) - raft.server.log.segment.size.max = 1048576 (custom)
2019-09-18 05:56:56,070 [pool-57-thread-1] INFO  server.RaftServerConfigKeys (ConfUtils.java:logGet(43)) - raft.server.log.segment.cache.num.max = 2 (custom)
2019-09-18 05:56:56,070 [pool-57-thread-1] INFO  segmented.SegmentedRaftLogWorker (SegmentedRaftLogWorker.java:<init>(172)) - new 0847a6b9-7010-4ad2-bbf6-c57df44c7c73@group-D672EA089937-SegmentedRaftLogWorker for RaftStorage:Storage Directory /workdir/hadoop-ozone/integration-test/target/test-dir/MiniOzoneClusterImpl-7e150d22-1a1f-47f1-b170-93e0081f87e5/datanode-3/data/ratis/c669d18c-7384-4b12-a455-d672ea089937
2019-09-18 05:56:56,071 [pool-57-thread-1] INFO  server.RaftServerConfigKeys (ConfUtils.java:logGet(43)) - raft.server.log.queue.byte-limit = 2147483647 (custom)
2019-09-18 05:56:56,071 [pool-57-thread-1] INFO  server.RaftServerConfigKeys (ConfUtils.java:logGet(43)) - raft.server.log.queue.element-limit = 1024 (custom)
2019-09-18 05:56:56,071 [pool-57-thread-1] INFO  server.RaftServerConfigKeys (ConfUtils.java:logGet(43)) - raft.server.log.segment.size.max = 1048576 (custom)
2019-09-18 05:56:56,071 [pool-57-thread-1] INFO  server.RaftServerConfigKeys (ConfUtils.java:logGet(43)) - raft.server.log.preallocated.size = 16384 (custom)
2019-09-18 05:56:56,071 [pool-57-thread-1] INFO  server.RaftServerConfigKeys (ConfUtils.java:logGet(43)) - raft.server.log.write.buffer.size = 33554432 (custom)
2019-09-18 05:56:56,071 [pool-57-thread-1] INFO  server.RaftServerConfigKeys (ConfUtils.java:logGet(43)) - raft.server.log.force.sync.num = 128 (default)
2019-09-18 05:56:56,071 [pool-57-thread-1] INFO  server.RaftServerConfigKeys (ConfUtils.java:logGet(43)) - raft.server.log.statemachine.data.sync = true (default)
2019-09-18 05:56:56,072 [pool-57-thread-1] INFO  server.RaftServerConfigKeys (ConfUtils.java:logGet(43)) - raft.server.log.statemachine.data.sync.timeout = 10s (default)
2019-09-18 05:56:56,072 [pool-57-thread-1] INFO  server.RaftServerConfigKeys (ConfUtils.java:logGet(43)) - raft.server.log.statemachine.data.sync.timeout.retry = -1 (default)
2019-09-18 05:56:56,072 [pool-57-thread-1] INFO  server.RaftServerConfigKeys (ConfUtils.java:logGet(43)) - raft.server.log.statemachine.data.caching.enabled = true (custom)
2019-09-18 05:56:56,072 [pool-57-thread-1] INFO  segmented.SegmentedRaftLogWorker (SegmentedRaftLogWorker.java:lambda$new$0(132)) - 0847a6b9-7010-4ad2-bbf6-c57df44c7c73@group-D672EA089937-SegmentedRaftLogWorker: flushIndex: setUnconditionally 0 -> -1
2019-09-18 05:56:56,073 [pool-57-thread-1] INFO  server.RaftServerConfigKeys (ConfUtils.java:logGet(43)) - raft.server.snapshot.auto.trigger.enabled = true (custom)
2019-09-18 05:56:56,073 [pool-57-thread-1] INFO  server.RaftServerConfigKeys (ConfUtils.java:logGet(43)) - raft.server.snapshot.auto.trigger.threshold = 10000 (custom)
2019-09-18 05:56:56,073 [pool-57-thread-1] INFO  server.RaftServerConfigKeys (ConfUtils.java:logGet(43)) - raft.server.snapshot.retention.num.files = 5 (custom)
2019-09-18 05:56:56,073 [pool-57-thread-1] INFO  server.RaftServerConfigKeys (ConfUtils.java:logGet(43)) - raft.server.retrycache.expirytime = 600000ms (custom)
2019-09-18 05:56:56,077 [pool-57-thread-1] INFO  impl.RaftServerImpl (RaftServerImpl.java:start(185)) - 0847a6b9-7010-4ad2-bbf6-c57df44c7c73@group-D672EA089937: start as a follower, conf=-1: [0847a6b9-7010-4ad2-bbf6-c57df44c7c73:192.168.34.58:34225], old=null
2019-09-18 05:56:56,077 [pool-57-thread-1] INFO  impl.RaftServerImpl (RaftServerImpl.java:setRole(174)) - 0847a6b9-7010-4ad2-bbf6-c57df44c7c73@group-D672EA089937: changes role from      null to FOLLOWER at term 0 for startAsFollower
2019-09-18 05:56:56,077 [pool-57-thread-1] INFO  impl.RoleInfo (RoleInfo.java:updateAndGet(143)) - 0847a6b9-7010-4ad2-bbf6-c57df44c7c73: start FollowerState
2019-09-18 05:56:56,078 [pool-57-thread-1] INFO  util.JmxRegister (JmxRegister.java:tryRegister(44)) - Successfully registered JMX Bean with object name Ratis:service=RaftServer,group=group-D672EA089937,id=0847a6b9-7010-4ad2-bbf6-c57df44c7c73
2019-09-18 05:56:56,085 [RatisPipelineUtilsThread] INFO  pipeline.PipelineStateManager (PipelineStateManager.java:addPipeline(56)) - Created pipeline Pipeline[ Id: c669d18c-7384-4b12-a455-d672ea089937, Nodes: 0847a6b9-7010-4ad2-bbf6-c57df44c7c73{ip: 192.168.34.58, host: trunk-nightly-20190918-qrmtq-2607408458, networkLocation: /default-rack, certSerialId: null}, Type:RATIS, Factor:ONE, State:OPEN]
2019-09-18 05:56:56,108 [grpc-default-executor-0] INFO  impl.RaftServerProxy (RaftServerProxy.java:addNew(89)) - c879f5a9-5a3d-41ba-aee1-dd3bb0f6e709: addNew group-1D3DE5143DAE:[c879f5a9-5a3d-41ba-aee1-dd3bb0f6e709:192.168.34.58:39730, c4fb2900-bec2-4ad9-93ed-a812fd0653dd:192.168.34.58:39356, 0847a6b9-7010-4ad2-bbf6-c57df44c7c73:192.168.34.58:34225] returns group-1D3DE5143DAE:java.util.concurrent.CompletableFuture@680cec78[Not completed]
2019-09-18 05:56:56,110 [pool-37-thread-1] INFO  impl.RaftServerImpl (RaftServerImpl.java:<init>(95)) - c879f5a9-5a3d-41ba-aee1-dd3bb0f6e709: new RaftServerImpl for group-1D3DE5143DAE:[c879f5a9-5a3d-41ba-aee1-dd3bb0f6e709:192.168.34.58:39730, c4fb2900-bec2-4ad9-93ed-a812fd0653dd:192.168.34.58:39356, 0847a6b9-7010-4ad2-bbf6-c57df44c7c73:192.168.34.58:34225] with ContainerStateMachine:uninitialized
2019-09-18 05:56:56,110 [pool-37-thread-1] INFO  server.RaftServerConfigKeys (ConfUtils.java:logGet(43)) - raft.server.rpc.timeout.min = 5s (custom)
2019-09-18 05:56:56,110 [pool-37-thread-1] INFO  server.RaftServerConfigKeys (ConfUtils.java:logGet(43)) - raft.server.rpc.timeout.max = 5200ms (custom)
2019-09-18 05:56:56,110 [pool-37-thread-1] INFO  server.RaftServerConfigKeys (ConfUtils.java:logGet(43)) - raft.server.rpcslowness.timeout = 1000s (custom)
2019-09-18 05:56:56,110 [pool-37-thread-1] INFO  server.RaftServerConfigKeys (ConfUtils.java:logGet(43)) - raft.server.sleep.deviation.threshold = 300 (default)
2019-09-18 05:56:56,111 [pool-37-thread-1] INFO  server.RaftServerConfigKeys (ConfUtils.java:logGet(43)) - raft.server.log.appender.install.snapshot.enabled = false (custom)
2019-09-18 05:56:56,112 [pool-37-thread-1] INFO  impl.RaftServerImpl (ServerState.java:<init>(103)) - c879f5a9-5a3d-41ba-aee1-dd3bb0f6e709@group-1D3DE5143DAE: ConfigurationManager, init=-1: [c879f5a9-5a3d-41ba-aee1-dd3bb0f6e709:192.168.34.58:39730, c4fb2900-bec2-4ad9-93ed-a812fd0653dd:192.168.34.58:39356, 0847a6b9-7010-4ad2-bbf6-c57df44c7c73:192.168.34.58:34225], old=null, confs=<EMPTY_MAP>
2019-09-18 05:56:56,112 [pool-37-thread-1] INFO  server.RaftServerConfigKeys (ConfUtils.java:logGet(43)) - raft.server.storage.dir = [/workdir/hadoop-ozone/integration-test/target/test-dir/MiniOzoneClusterImpl-7e150d22-1a1f-47f1-b170-93e0081f87e5/datanode-1/data/ratis] (custom)
2019-09-18 05:56:56,112 [pool-37-thread-1] INFO  storage.RaftStorageDirectory (RaftStorageDirectory.java:analyzeStorage(246)) - The storage directory /workdir/hadoop-ozone/integration-test/target/test-dir/MiniOzoneClusterImpl-7e150d22-1a1f-47f1-b170-93e0081f87e5/datanode-1/data/ratis/e21599e8-1662-4262-a7ac-1d3de5143dae does not exist. Creating ...
2019-09-18 05:56:56,113 [grpc-default-executor-0] INFO  impl.RaftServerProxy (RaftServerProxy.java:addNew(89)) - c4fb2900-bec2-4ad9-93ed-a812fd0653dd: addNew group-1D3DE5143DAE:[c879f5a9-5a3d-41ba-aee1-dd3bb0f6e709:192.168.34.58:39730, c4fb2900-bec2-4ad9-93ed-a812fd0653dd:192.168.34.58:39356, 0847a6b9-7010-4ad2-bbf6-c57df44c7c73:192.168.34.58:34225] returns group-1D3DE5143DAE:java.util.concurrent.CompletableFuture@493ba4a7[Not completed]
2019-09-18 05:56:56,115 [grpc-default-executor-2] INFO  impl.RaftServerProxy (RaftServerProxy.java:addNew(89)) - 0847a6b9-7010-4ad2-bbf6-c57df44c7c73: addNew group-1D3DE5143DAE:[c879f5a9-5a3d-41ba-aee1-dd3bb0f6e709:192.168.34.58:39730, c4fb2900-bec2-4ad9-93ed-a812fd0653dd:192.168.34.58:39356, 0847a6b9-7010-4ad2-bbf6-c57df44c7c73:192.168.34.58:34225] returns group-1D3DE5143DAE:java.util.concurrent.CompletableFuture@78bc97ba[Not completed]
2019-09-18 05:56:56,119 [pool-47-thread-1] INFO  impl.RaftServerImpl (RaftServerImpl.java:<init>(95)) - c4fb2900-bec2-4ad9-93ed-a812fd0653dd: new RaftServerImpl for group-1D3DE5143DAE:[c879f5a9-5a3d-41ba-aee1-dd3bb0f6e709:192.168.34.58:39730, c4fb2900-bec2-4ad9-93ed-a812fd0653dd:192.168.34.58:39356, 0847a6b9-7010-4ad2-bbf6-c57df44c7c73:192.168.34.58:34225] with ContainerStateMachine:uninitialized
2019-09-18 05:56:56,121 [pool-47-thread-1] INFO  server.RaftServerConfigKeys (ConfUtils.java:logGet(43)) - raft.server.rpc.timeout.min = 5s (custom)
2019-09-18 05:56:56,121 [pool-57-thread-1] INFO  impl.RaftServerImpl (RaftServerImpl.java:<init>(95)) - 0847a6b9-7010-4ad2-bbf6-c57df44c7c73: new RaftServerImpl for group-1D3DE5143DAE:[c879f5a9-5a3d-41ba-aee1-dd3bb0f6e709:192.168.34.58:39730, c4fb2900-bec2-4ad9-93ed-a812fd0653dd:192.168.34.58:39356, 0847a6b9-7010-4ad2-bbf6-c57df44c7c73:192.168.34.58:34225] with ContainerStateMachine:uninitialized
2019-09-18 05:56:56,121 [pool-47-thread-1] INFO  server.RaftServerConfigKeys (ConfUtils.java:logGet(43)) - raft.server.rpc.timeout.max = 5200ms (custom)
2019-09-18 05:56:56,121 [pool-57-thread-1] INFO  server.RaftServerConfigKeys (ConfUtils.java:logGet(43)) - raft.server.rpc.timeout.min = 5s (custom)
2019-09-18 05:56:56,121 [pool-47-thread-1] INFO  server.RaftServerConfigKeys (ConfUtils.java:logGet(43)) - raft.server.rpcslowness.timeout = 1000s (custom)
2019-09-18 05:56:56,121 [pool-57-thread-1] INFO  server.RaftServerConfigKeys (ConfUtils.java:logGet(43)) - raft.server.rpc.timeout.max = 5200ms (custom)
2019-09-18 05:56:56,122 [pool-47-thread-1] INFO  server.RaftServerConfigKeys (ConfUtils.java:logGet(43)) - raft.server.sleep.deviation.threshold = 300 (default)
2019-09-18 05:56:56,122 [pool-57-thread-1] INFO  server.RaftServerConfigKeys (ConfUtils.java:logGet(43)) - raft.server.rpcslowness.timeout = 1000s (custom)
2019-09-18 05:56:56,122 [pool-47-thread-1] INFO  server.RaftServerConfigKeys (ConfUtils.java:logGet(43)) - raft.server.log.appender.install.snapshot.enabled = false (custom)
2019-09-18 05:56:56,122 [pool-57-thread-1] INFO  server.RaftServerConfigKeys (ConfUtils.java:logGet(43)) - raft.server.sleep.deviation.threshold = 300 (default)
2019-09-18 05:56:56,122 [pool-47-thread-1] INFO  impl.RaftServerImpl (ServerState.java:<init>(103)) - c4fb2900-bec2-4ad9-93ed-a812fd0653dd@group-1D3DE5143DAE: ConfigurationManager, init=-1: [c879f5a9-5a3d-41ba-aee1-dd3bb0f6e709:192.168.34.58:39730, c4fb2900-bec2-4ad9-93ed-a812fd0653dd:192.168.34.58:39356, 0847a6b9-7010-4ad2-bbf6-c57df44c7c73:192.168.34.58:34225], old=null, confs=<EMPTY_MAP>
2019-09-18 05:56:56,122 [pool-57-thread-1] INFO  server.RaftServerConfigKeys (ConfUtils.java:logGet(43)) - raft.server.log.appender.install.snapshot.enabled = false (custom)
2019-09-18 05:56:56,123 [pool-57-thread-1] INFO  impl.RaftServerImpl (ServerState.java:<init>(103)) - 0847a6b9-7010-4ad2-bbf6-c57df44c7c73@group-1D3DE5143DAE: ConfigurationManager, init=-1: [c879f5a9-5a3d-41ba-aee1-dd3bb0f6e709:192.168.34.58:39730, c4fb2900-bec2-4ad9-93ed-a812fd0653dd:192.168.34.58:39356, 0847a6b9-7010-4ad2-bbf6-c57df44c7c73:192.168.34.58:34225], old=null, confs=<EMPTY_MAP>
2019-09-18 05:56:56,123 [pool-47-thread-1] INFO  server.RaftServerConfigKeys (ConfUtils.java:logGet(43)) - raft.server.storage.dir = [/workdir/hadoop-ozone/integration-test/target/test-dir/MiniOzoneClusterImpl-7e150d22-1a1f-47f1-b170-93e0081f87e5/datanode-2/data/ratis] (custom)
2019-09-18 05:56:56,123 [pool-57-thread-1] INFO  server.RaftServerConfigKeys (ConfUtils.java:logGet(43)) - raft.server.storage.dir = [/workdir/hadoop-ozone/integration-test/target/test-dir/MiniOzoneClusterImpl-7e150d22-1a1f-47f1-b170-93e0081f87e5/datanode-3/data/ratis] (custom)
2019-09-18 05:56:56,123 [pool-57-thread-1] INFO  storage.RaftStorageDirectory (RaftStorageDirectory.java:analyzeStorage(246)) - The storage directory /workdir/hadoop-ozone/integration-test/target/test-dir/MiniOzoneClusterImpl-7e150d22-1a1f-47f1-b170-93e0081f87e5/datanode-3/data/ratis/e21599e8-1662-4262-a7ac-1d3de5143dae does not exist. Creating ...
2019-09-18 05:56:56,123 [pool-47-thread-1] INFO  storage.RaftStorageDirectory (RaftStorageDirectory.java:analyzeStorage(246)) - The storage directory /workdir/hadoop-ozone/integration-test/target/test-dir/MiniOzoneClusterImpl-7e150d22-1a1f-47f1-b170-93e0081f87e5/datanode-2/data/ratis/e21599e8-1662-4262-a7ac-1d3de5143dae does not exist. Creating ...
2019-09-18 05:56:56,125 [pool-37-thread-1] INFO  storage.RaftStorageDirectory (RaftStorageDirectory.java:tryLock(328)) - Lock on /workdir/hadoop-ozone/integration-test/target/test-dir/MiniOzoneClusterImpl-7e150d22-1a1f-47f1-b170-93e0081f87e5/datanode-1/data/ratis/e21599e8-1662-4262-a7ac-1d3de5143dae/in_use.lock acquired by nodename 635@trunk-nightly-20190918-qrmtq-2607408458
2019-09-18 05:56:56,140 [pool-47-thread-1] INFO  storage.RaftStorageDirectory (RaftStorageDirectory.java:tryLock(328)) - Lock on /workdir/hadoop-ozone/integration-test/target/test-dir/MiniOzoneClusterImpl-7e150d22-1a1f-47f1-b170-93e0081f87e5/datanode-2/data/ratis/e21599e8-1662-4262-a7ac-1d3de5143dae/in_use.lock acquired by nodename 635@trunk-nightly-20190918-qrmtq-2607408458
2019-09-18 05:56:56,140 [pool-57-thread-1] INFO  storage.RaftStorageDirectory (RaftStorageDirectory.java:tryLock(328)) - Lock on /workdir/hadoop-ozone/integration-test/target/test-dir/MiniOzoneClusterImpl-7e150d22-1a1f-47f1-b170-93e0081f87e5/datanode-3/data/ratis/e21599e8-1662-4262-a7ac-1d3de5143dae/in_use.lock acquired by nodename 635@trunk-nightly-20190918-qrmtq-2607408458
2019-09-18 05:56:56,141 [pool-37-thread-1] INFO  storage.RaftStorage (RaftStorage.java:format(72)) - Storage directory /workdir/hadoop-ozone/integration-test/target/test-dir/MiniOzoneClusterImpl-7e150d22-1a1f-47f1-b170-93e0081f87e5/datanode-1/data/ratis/e21599e8-1662-4262-a7ac-1d3de5143dae has been successfully formatted.
2019-09-18 05:56:56,141 [pool-37-thread-1] INFO  ratis.ContainerStateMachine (ContainerStateMachine.java:loadSnapshot(230)) - group-1D3DE5143DAE: The snapshot info is null. Setting the last applied indexto:(t:0, i:~)
2019-09-18 05:56:56,141 [pool-37-thread-1] INFO  server.RaftServerConfigKeys (ConfUtils.java:logGet(43)) - raft.server.notification.no-leader.timeout = 1000s (custom)
2019-09-18 05:56:56,142 [pool-37-thread-1] INFO  server.RaftServerConfigKeys (ConfUtils.java:logGet(43)) - raft.server.log.use.memory = false (default)
2019-09-18 05:56:56,142 [pool-37-thread-1] INFO  server.RaftServerConfigKeys (ConfUtils.java:logGet(43)) - raft.server.log.purge.gap = 1000000 (custom)
2019-09-18 05:56:56,142 [pool-37-thread-1] INFO  server.RaftServerConfigKeys (ConfUtils.java:logGet(43)) - raft.server.log.appender.buffer.byte-limit = 33554432 (custom)
2019-09-18 05:56:56,142 [pool-37-thread-1] INFO  server.RaftServerConfigKeys (ConfUtils.java:logGet(43)) - raft.server.log.segment.size.max = 1048576 (custom)
2019-09-18 05:56:56,142 [pool-37-thread-1] INFO  server.RaftServerConfigKeys (ConfUtils.java:logGet(43)) - raft.server.log.segment.cache.num.max = 2 (custom)
2019-09-18 05:56:56,143 [pool-37-thread-1] INFO  segmented.SegmentedRaftLogWorker (SegmentedRaftLogWorker.java:<init>(172)) - new c879f5a9-5a3d-41ba-aee1-dd3bb0f6e709@group-1D3DE5143DAE-SegmentedRaftLogWorker for RaftStorage:Storage Directory /workdir/hadoop-ozone/integration-test/target/test-dir/MiniOzoneClusterImpl-7e150d22-1a1f-47f1-b170-93e0081f87e5/datanode-1/data/ratis/e21599e8-1662-4262-a7ac-1d3de5143dae
2019-09-18 05:56:56,143 [pool-37-thread-1] INFO  server.RaftServerConfigKeys (ConfUtils.java:logGet(43)) - raft.server.log.queue.byte-limit = 2147483647 (custom)
2019-09-18 05:56:56,143 [pool-37-thread-1] INFO  server.RaftServerConfigKeys (ConfUtils.java:logGet(43)) - raft.server.log.queue.element-limit = 1024 (custom)
2019-09-18 05:56:56,143 [pool-37-thread-1] INFO  server.RaftServerConfigKeys (ConfUtils.java:logGet(43)) - raft.server.log.segment.size.max = 1048576 (custom)
2019-09-18 05:56:56,143 [pool-37-thread-1] INFO  server.RaftServerConfigKeys (ConfUtils.java:logGet(43)) - raft.server.log.preallocated.size = 16384 (custom)
2019-09-18 05:56:56,143 [pool-37-thread-1] INFO  server.RaftServerConfigKeys (ConfUtils.java:logGet(43)) - raft.server.log.write.buffer.size = 33554432 (custom)
2019-09-18 05:56:56,144 [pool-37-thread-1] INFO  server.RaftServerConfigKeys (ConfUtils.java:logGet(43)) - raft.server.log.force.sync.num = 128 (default)
2019-09-18 05:56:56,144 [pool-37-thread-1] INFO  server.RaftServerConfigKeys (ConfUtils.java:logGet(43)) - raft.server.log.statemachine.data.sync = true (default)
2019-09-18 05:56:56,144 [pool-37-thread-1] INFO  server.RaftServerConfigKeys (ConfUtils.java:logGet(43)) - raft.server.log.statemachine.data.sync.timeout = 10s (default)
2019-09-18 05:56:56,144 [pool-37-thread-1] INFO  server.RaftServerConfigKeys (ConfUtils.java:logGet(43)) - raft.server.log.statemachine.data.sync.timeout.retry = -1 (default)
2019-09-18 05:56:56,144 [pool-37-thread-1] INFO  server.RaftServerConfigKeys (ConfUtils.java:logGet(43)) - raft.server.log.statemachine.data.caching.enabled = true (custom)
2019-09-18 05:56:56,145 [pool-37-thread-1] INFO  segmented.SegmentedRaftLogWorker (SegmentedRaftLogWorker.java:lambda$new$0(132)) - c879f5a9-5a3d-41ba-aee1-dd3bb0f6e709@group-1D3DE5143DAE-SegmentedRaftLogWorker: flushIndex: setUnconditionally 0 -> -1
2019-09-18 05:56:56,145 [pool-47-thread-1] INFO  storage.RaftStorage (RaftStorage.java:format(72)) - Storage directory /workdir/hadoop-ozone/integration-test/target/test-dir/MiniOzoneClusterImpl-7e150d22-1a1f-47f1-b170-93e0081f87e5/datanode-2/data/ratis/e21599e8-1662-4262-a7ac-1d3de5143dae has been successfully formatted.
2019-09-18 05:56:56,145 [pool-57-thread-1] INFO  storage.RaftStorage (RaftStorage.java:format(72)) - Storage directory /workdir/hadoop-ozone/integration-test/target/test-dir/MiniOzoneClusterImpl-7e150d22-1a1f-47f1-b170-93e0081f87e5/datanode-3/data/ratis/e21599e8-1662-4262-a7ac-1d3de5143dae has been successfully formatted.
2019-09-18 05:56:56,145 [pool-37-thread-1] INFO  server.RaftServerConfigKeys (ConfUtils.java:logGet(43)) - raft.server.snapshot.auto.trigger.enabled = true (custom)
2019-09-18 05:56:56,145 [pool-57-thread-1] INFO  ratis.ContainerStateMachine (ContainerStateMachine.java:loadSnapshot(230)) - group-1D3DE5143DAE: The snapshot info is null. Setting the last applied indexto:(t:0, i:~)
2019-09-18 05:56:56,145 [pool-47-thread-1] INFO  ratis.ContainerStateMachine (ContainerStateMachine.java:loadSnapshot(230)) - group-1D3DE5143DAE: The snapshot info is null. Setting the last applied indexto:(t:0, i:~)
2019-09-18 05:56:56,145 [pool-57-thread-1] INFO  server.RaftServerConfigKeys (ConfUtils.java:logGet(43)) - raft.server.notification.no-leader.timeout = 1000s (custom)
2019-09-18 05:56:56,145 [pool-37-thread-1] INFO  server.RaftServerConfigKeys (ConfUtils.java:logGet(43)) - raft.server.snapshot.auto.trigger.threshold = 10000 (custom)
2019-09-18 05:56:56,146 [pool-57-thread-1] INFO  server.RaftServerConfigKeys (ConfUtils.java:logGet(43)) - raft.server.log.use.memory = false (default)
2019-09-18 05:56:56,146 [pool-47-thread-1] INFO  server.RaftServerConfigKeys (ConfUtils.java:logGet(43)) - raft.server.notification.no-leader.timeout = 1000s (custom)
2019-09-18 05:56:56,146 [pool-57-thread-1] INFO  server.RaftServerConfigKeys (ConfUtils.java:logGet(43)) - raft.server.log.purge.gap = 1000000 (custom)
2019-09-18 05:56:56,146 [pool-37-thread-1] INFO  server.RaftServerConfigKeys (ConfUtils.java:logGet(43)) - raft.server.snapshot.retention.num.files = 5 (custom)
2019-09-18 05:56:56,146 [pool-57-thread-1] INFO  server.RaftServerConfigKeys (ConfUtils.java:logGet(43)) - raft.server.log.appender.buffer.byte-limit = 33554432 (custom)
2019-09-18 05:56:56,146 [pool-47-thread-1] INFO  server.RaftServerConfigKeys (ConfUtils.java:logGet(43)) - raft.server.log.use.memory = false (default)
2019-09-18 05:56:56,146 [pool-37-thread-1] INFO  server.RaftServerConfigKeys (ConfUtils.java:logGet(43)) - raft.server.retrycache.expirytime = 600000ms (custom)
2019-09-18 05:56:56,146 [pool-57-thread-1] INFO  server.RaftServerConfigKeys (ConfUtils.java:logGet(43)) - raft.server.log.segment.size.max = 1048576 (custom)
2019-09-18 05:56:56,146 [pool-47-thread-1] INFO  server.RaftServerConfigKeys (ConfUtils.java:logGet(43)) - raft.server.log.purge.gap = 1000000 (custom)
2019-09-18 05:56:56,147 [pool-57-thread-1] INFO  server.RaftServerConfigKeys (ConfUtils.java:logGet(43)) - raft.server.log.segment.cache.num.max = 2 (custom)
2019-09-18 05:56:56,147 [pool-47-thread-1] INFO  server.RaftServerConfigKeys (ConfUtils.java:logGet(43)) - raft.server.log.appender.buffer.byte-limit = 33554432 (custom)
2019-09-18 05:56:56,147 [pool-57-thread-1] INFO  segmented.SegmentedRaftLogWorker (SegmentedRaftLogWorker.java:<init>(172)) - new 0847a6b9-7010-4ad2-bbf6-c57df44c7c73@group-1D3DE5143DAE-SegmentedRaftLogWorker for RaftStorage:Storage Directory /workdir/hadoop-ozone/integration-test/target/test-dir/MiniOzoneClusterImpl-7e150d22-1a1f-47f1-b170-93e0081f87e5/datanode-3/data/ratis/e21599e8-1662-4262-a7ac-1d3de5143dae
2019-09-18 05:56:56,147 [pool-47-thread-1] INFO  server.RaftServerConfigKeys (ConfUtils.java:logGet(43)) - raft.server.log.segment.size.max = 1048576 (custom)
2019-09-18 05:56:56,147 [pool-57-thread-1] INFO  server.RaftServerConfigKeys (ConfUtils.java:logGet(43)) - raft.server.log.queue.byte-limit = 2147483647 (custom)
2019-09-18 05:56:56,147 [pool-47-thread-1] INFO  server.RaftServerConfigKeys (ConfUtils.java:logGet(43)) - raft.server.log.segment.cache.num.max = 2 (custom)
2019-09-18 05:56:56,147 [pool-57-thread-1] INFO  server.RaftServerConfigKeys (ConfUtils.java:logGet(43)) - raft.server.log.queue.element-limit = 1024 (custom)
2019-09-18 05:56:56,147 [pool-47-thread-1] INFO  segmented.SegmentedRaftLogWorker (SegmentedRaftLogWorker.java:<init>(172)) - new c4fb2900-bec2-4ad9-93ed-a812fd0653dd@group-1D3DE5143DAE-SegmentedRaftLogWorker for RaftStorage:Storage Directory /workdir/hadoop-ozone/integration-test/target/test-dir/MiniOzoneClusterImpl-7e150d22-1a1f-47f1-b170-93e0081f87e5/datanode-2/data/ratis/e21599e8-1662-4262-a7ac-1d3de5143dae
2019-09-18 05:56:56,147 [pool-57-thread-1] INFO  server.RaftServerConfigKeys (ConfUtils.java:logGet(43)) - raft.server.log.segment.size.max = 1048576 (custom)
2019-09-18 05:56:56,148 [pool-47-thread-1] INFO  server.RaftServerConfigKeys (ConfUtils.java:logGet(43)) - raft.server.log.queue.byte-limit = 2147483647 (custom)
2019-09-18 05:56:56,148 [pool-57-thread-1] INFO  server.RaftServerConfigKeys (ConfUtils.java:logGet(43)) - raft.server.log.preallocated.size = 16384 (custom)
2019-09-18 05:56:56,148 [pool-47-thread-1] INFO  server.RaftServerConfigKeys (ConfUtils.java:logGet(43)) - raft.server.log.queue.element-limit = 1024 (custom)
2019-09-18 05:56:56,148 [pool-57-thread-1] INFO  server.RaftServerConfigKeys (ConfUtils.java:logGet(43)) - raft.server.log.write.buffer.size = 33554432 (custom)
2019-09-18 05:56:56,148 [pool-47-thread-1] INFO  server.RaftServerConfigKeys (ConfUtils.java:logGet(43)) - raft.server.log.segment.size.max = 1048576 (custom)
2019-09-18 05:56:56,148 [pool-57-thread-1] INFO  server.RaftServerConfigKeys (ConfUtils.java:logGet(43)) - raft.server.log.force.sync.num = 128 (default)
2019-09-18 05:56:56,148 [pool-47-thread-1] INFO  server.RaftServerConfigKeys (ConfUtils.java:logGet(43)) - raft.server.log.preallocated.size = 16384 (custom)
2019-09-18 05:56:56,148 [pool-57-thread-1] INFO  server.RaftServerConfigKeys (ConfUtils.java:logGet(43)) - raft.server.log.statemachine.data.sync = true (default)
2019-09-18 05:56:56,148 [pool-47-thread-1] INFO  server.RaftServerConfigKeys (ConfUtils.java:logGet(43)) - raft.server.log.write.buffer.size = 33554432 (custom)
2019-09-18 05:56:56,148 [pool-57-thread-1] INFO  server.RaftServerConfigKeys (ConfUtils.java:logGet(43)) - raft.server.log.statemachine.data.sync.timeout = 10s (default)
2019-09-18 05:56:56,149 [pool-47-thread-1] INFO  server.RaftServerConfigKeys (ConfUtils.java:logGet(43)) - raft.server.log.force.sync.num = 128 (default)
2019-09-18 05:56:56,149 [pool-57-thread-1] INFO  server.RaftServerConfigKeys (ConfUtils.java:logGet(43)) - raft.server.log.statemachine.data.sync.timeout.retry = -1 (default)
2019-09-18 05:56:56,149 [pool-47-thread-1] INFO  server.RaftServerConfigKeys (ConfUtils.java:logGet(43)) - raft.server.log.statemachine.data.sync = true (default)
2019-09-18 05:56:56,149 [pool-57-thread-1] INFO  server.RaftServerConfigKeys (ConfUtils.java:logGet(43)) - raft.server.log.statemachine.data.caching.enabled = true (custom)
2019-09-18 05:56:56,149 [pool-47-thread-1] INFO  server.RaftServerConfigKeys (ConfUtils.java:logGet(43)) - raft.server.log.statemachine.data.sync.timeout = 10s (default)
2019-09-18 05:56:56,149 [pool-47-thread-1] INFO  server.RaftServerConfigKeys (ConfUtils.java:logGet(43)) - raft.server.log.statemachine.data.sync.timeout.retry = -1 (default)
2019-09-18 05:56:56,149 [pool-57-thread-1] INFO  segmented.SegmentedRaftLogWorker (SegmentedRaftLogWorker.java:lambda$new$0(132)) - 0847a6b9-7010-4ad2-bbf6-c57df44c7c73@group-1D3DE5143DAE-SegmentedRaftLogWorker: flushIndex: setUnconditionally 0 -> -1
2019-09-18 05:56:56,149 [pool-47-thread-1] INFO  server.RaftServerConfigKeys (ConfUtils.java:logGet(43)) - raft.server.log.statemachine.data.caching.enabled = true (custom)
2019-09-18 05:56:56,150 [pool-57-thread-1] INFO  server.RaftServerConfigKeys (ConfUtils.java:logGet(43)) - raft.server.snapshot.auto.trigger.enabled = true (custom)
2019-09-18 05:56:56,150 [pool-47-thread-1] INFO  segmented.SegmentedRaftLogWorker (SegmentedRaftLogWorker.java:lambda$new$0(132)) - c4fb2900-bec2-4ad9-93ed-a812fd0653dd@group-1D3DE5143DAE-SegmentedRaftLogWorker: flushIndex: setUnconditionally 0 -> -1
2019-09-18 05:56:56,150 [pool-57-thread-1] INFO  server.RaftServerConfigKeys (ConfUtils.java:logGet(43)) - raft.server.snapshot.auto.trigger.threshold = 10000 (custom)
2019-09-18 05:56:56,150 [pool-57-thread-1] INFO  server.RaftServerConfigKeys (ConfUtils.java:logGet(43)) - raft.server.snapshot.retention.num.files = 5 (custom)
2019-09-18 05:56:56,150 [pool-47-thread-1] INFO  server.RaftServerConfigKeys (ConfUtils.java:logGet(43)) - raft.server.snapshot.auto.trigger.enabled = true (custom)
2019-09-18 05:56:56,150 [pool-57-thread-1] INFO  server.RaftServerConfigKeys (ConfUtils.java:logGet(43)) - raft.server.retrycache.expirytime = 600000ms (custom)
2019-09-18 05:56:56,150 [pool-47-thread-1] INFO  server.RaftServerConfigKeys (ConfUtils.java:logGet(43)) - raft.server.snapshot.auto.trigger.threshold = 10000 (custom)
2019-09-18 05:56:56,150 [pool-37-thread-1] INFO  impl.RaftServerImpl (RaftServerImpl.java:start(185)) - c879f5a9-5a3d-41ba-aee1-dd3bb0f6e709@group-1D3DE5143DAE: start as a follower, conf=-1: [c879f5a9-5a3d-41ba-aee1-dd3bb0f6e709:192.168.34.58:39730, c4fb2900-bec2-4ad9-93ed-a812fd0653dd:192.168.34.58:39356, 0847a6b9-7010-4ad2-bbf6-c57df44c7c73:192.168.34.58:34225], old=null
2019-09-18 05:56:56,150 [pool-47-thread-1] INFO  server.RaftServerConfigKeys (ConfUtils.java:logGet(43)) - raft.server.snapshot.retention.num.files = 5 (custom)
2019-09-18 05:56:56,151 [pool-37-thread-1] INFO  impl.RaftServerImpl (RaftServerImpl.java:setRole(174)) - c879f5a9-5a3d-41ba-aee1-dd3bb0f6e709@group-1D3DE5143DAE: changes role from      null to FOLLOWER at term 0 for startAsFollower
2019-09-18 05:56:56,151 [pool-47-thread-1] INFO  server.RaftServerConfigKeys (ConfUtils.java:logGet(43)) - raft.server.retrycache.expirytime = 600000ms (custom)
2019-09-18 05:56:56,151 [pool-37-thread-1] INFO  impl.RoleInfo (RoleInfo.java:updateAndGet(143)) - c879f5a9-5a3d-41ba-aee1-dd3bb0f6e709: start FollowerState
2019-09-18 05:56:56,151 [pool-37-thread-1] INFO  util.JmxRegister (JmxRegister.java:tryRegister(44)) - Successfully registered JMX Bean with object name Ratis:service=RaftServer,group=group-1D3DE5143DAE,id=c879f5a9-5a3d-41ba-aee1-dd3bb0f6e709
2019-09-18 05:56:56,153 [pool-57-thread-1] INFO  impl.RaftServerImpl (RaftServerImpl.java:start(185)) - 0847a6b9-7010-4ad2-bbf6-c57df44c7c73@group-1D3DE5143DAE: start as a follower, conf=-1: [c879f5a9-5a3d-41ba-aee1-dd3bb0f6e709:192.168.34.58:39730, c4fb2900-bec2-4ad9-93ed-a812fd0653dd:192.168.34.58:39356, 0847a6b9-7010-4ad2-bbf6-c57df44c7c73:192.168.34.58:34225], old=null
2019-09-18 05:56:56,154 [pool-57-thread-1] INFO  impl.RaftServerImpl (RaftServerImpl.java:setRole(174)) - 0847a6b9-7010-4ad2-bbf6-c57df44c7c73@group-1D3DE5143DAE: changes role from      null to FOLLOWER at term 0 for startAsFollower
2019-09-18 05:56:56,154 [pool-57-thread-1] INFO  impl.RoleInfo (RoleInfo.java:updateAndGet(143)) - 0847a6b9-7010-4ad2-bbf6-c57df44c7c73: start FollowerState
2019-09-18 05:56:56,155 [pool-57-thread-1] INFO  util.JmxRegister (JmxRegister.java:tryRegister(44)) - Successfully registered JMX Bean with object name Ratis:service=RaftServer,group=group-1D3DE5143DAE,id=0847a6b9-7010-4ad2-bbf6-c57df44c7c73
2019-09-18 05:56:56,155 [pool-47-thread-1] INFO  impl.RaftServerImpl (RaftServerImpl.java:start(185)) - c4fb2900-bec2-4ad9-93ed-a812fd0653dd@group-1D3DE5143DAE: start as a follower, conf=-1: [c879f5a9-5a3d-41ba-aee1-dd3bb0f6e709:192.168.34.58:39730, c4fb2900-bec2-4ad9-93ed-a812fd0653dd:192.168.34.58:39356, 0847a6b9-7010-4ad2-bbf6-c57df44c7c73:192.168.34.58:34225], old=null
2019-09-18 05:56:56,156 [pool-47-thread-1] INFO  impl.RaftServerImpl (RaftServerImpl.java:setRole(174)) - c4fb2900-bec2-4ad9-93ed-a812fd0653dd@group-1D3DE5143DAE: changes role from      null to FOLLOWER at term 0 for startAsFollower
2019-09-18 05:56:56,157 [pool-47-thread-1] INFO  impl.RoleInfo (RoleInfo.java:updateAndGet(143)) - c4fb2900-bec2-4ad9-93ed-a812fd0653dd: start FollowerState
2019-09-18 05:56:56,157 [pool-47-thread-1] INFO  util.JmxRegister (JmxRegister.java:tryRegister(44)) - Successfully registered JMX Bean with object name Ratis:service=RaftServer,group=group-1D3DE5143DAE,id=c4fb2900-bec2-4ad9-93ed-a812fd0653dd
2019-09-18 05:56:56,168 [RatisPipelineUtilsThread] INFO  pipeline.PipelineStateManager (PipelineStateManager.java:addPipeline(56)) - Created pipeline Pipeline[ Id: e21599e8-1662-4262-a7ac-1d3de5143dae, Nodes: c879f5a9-5a3d-41ba-aee1-dd3bb0f6e709{ip: 192.168.34.58, host: trunk-nightly-20190918-qrmtq-2607408458, networkLocation: /default-rack, certSerialId: null}c4fb2900-bec2-4ad9-93ed-a812fd0653dd{ip: 192.168.34.58, host: trunk-nightly-20190918-qrmtq-2607408458, networkLocation: /default-rack, certSerialId: null}0847a6b9-7010-4ad2-bbf6-c57df44c7c73{ip: 192.168.34.58, host: trunk-nightly-20190918-qrmtq-2607408458, networkLocation: /default-rack, certSerialId: null}, Type:RATIS, Factor:THREE, State:OPEN]
2019-09-18 05:56:56,303 [Thread-193] INFO  container.ReplicationManager (ReplicationManager.java:start(169)) - Replication Monitor Thread is already running.
2019-09-18 05:56:56,356 [Command processor thread] ERROR commandhandler.CloseContainerCommandHandler (CloseContainerCommandHandler.java:handle(84)) - Container #1 does not exist in datanode. Container close failed.
2019-09-18 05:56:56,453 [Command processor thread] ERROR commandhandler.CloseContainerCommandHandler (CloseContainerCommandHandler.java:handle(84)) - Container #1 does not exist in datanode. Container close failed.
2019-09-18 05:56:56,535 [Command processor thread] ERROR commandhandler.CloseContainerCommandHandler (CloseContainerCommandHandler.java:handle(84)) - Container #1 does not exist in datanode. Container close failed.
2019-09-18 05:56:56,576 [ReplicationMonitor] INFO  container.ReplicationManager (ReplicationManager.java:run(225)) - Replication Monitor Thread took 26 milliseconds for processing 1 containers.
2019-09-18 05:56:57,093 [grpc-default-executor-2] INFO  client.GrpcClientProtocolClient (GrpcClientProtocolClient.java:onNext(264)) - client-48995F7B2C78->c4fb2900-bec2-4ad9-93ed-a812fd0653dd: receive RaftClientReply:client-48995F7B2C78->c4fb2900-bec2-4ad9-93ed-a812fd0653dd@group-68C2CF9E978D, cid=7, FAILED org.apache.ratis.protocol.NotLeaderException: Server c4fb2900-bec2-4ad9-93ed-a812fd0653dd@group-68C2CF9E978D is not the leader, logIndex=0, commits[c4fb2900-bec2-4ad9-93ed-a812fd0653dd:c-1]
2019-09-18 05:56:58,120 [grpc-default-executor-0] INFO  client.GrpcClientProtocolClient (GrpcClientProtocolClient.java:onNext(264)) - client-48995F7B2C78->0847a6b9-7010-4ad2-bbf6-c57df44c7c73: receive RaftClientReply:client-48995F7B2C78->0847a6b9-7010-4ad2-bbf6-c57df44c7c73@group-68C2CF9E978D, cid=7, FAILED org.apache.ratis.protocol.NotLeaderException: Server 0847a6b9-7010-4ad2-bbf6-c57df44c7c73@group-68C2CF9E978D is not the leader, logIndex=0, commits[0847a6b9-7010-4ad2-bbf6-c57df44c7c73:c-1]
2019-09-18 05:56:58,577 [ReplicationMonitor] INFO  container.ReplicationManager (ReplicationManager.java:run(225)) - Replication Monitor Thread took 0 milliseconds for processing 1 containers.
2019-09-18 05:56:59,079 [Thread-195] INFO  impl.FollowerState (FollowerState.java:run(106)) - 329571e1-6a39-4ea2-9788-653f0399bb9f:group-6784FE895492 changes to CANDIDATE, lastRpcTime:5034, electionTimeout:5033ms
2019-09-18 05:56:59,084 [Thread-195] INFO  impl.RoleInfo (RoleInfo.java:shutdownFollowerState(121)) - 329571e1-6a39-4ea2-9788-653f0399bb9f: shutdown FollowerState
2019-09-18 05:56:59,085 [Thread-195] INFO  impl.RaftServerImpl (RaftServerImpl.java:setRole(174)) - 329571e1-6a39-4ea2-9788-653f0399bb9f@group-6784FE895492: changes role from  FOLLOWER to CANDIDATE at term 0 for changeToCandidate
2019-09-18 05:56:59,092 [Thread-195] INFO  impl.RoleInfo (RoleInfo.java:updateAndGet(143)) - 329571e1-6a39-4ea2-9788-653f0399bb9f: start LeaderElection
2019-09-18 05:56:59,109 [329571e1-6a39-4ea2-9788-653f0399bb9f@group-6784FE895492:LeaderElection1] INFO  impl.LeaderElection (LeaderElection.java:askForVotes(182)) - 329571e1-6a39-4ea2-9788-653f0399bb9f@group-6784FE895492:LeaderElection1: begin an election at term 1 for -1: [329571e1-6a39-4ea2-9788-653f0399bb9f:192.168.34.58:43092], old=null
2019-09-18 05:56:59,111 [329571e1-6a39-4ea2-9788-653f0399bb9f@group-6784FE895492:LeaderElection1] INFO  impl.RoleInfo (RoleInfo.java:shutdownLeaderElection(134)) - 329571e1-6a39-4ea2-9788-653f0399bb9f: shutdown LeaderElection
2019-09-18 05:56:59,112 [329571e1-6a39-4ea2-9788-653f0399bb9f@group-6784FE895492:LeaderElection1] INFO  impl.RaftServerImpl (RaftServerImpl.java:setRole(174)) - 329571e1-6a39-4ea2-9788-653f0399bb9f@group-6784FE895492: changes role from CANDIDATE to LEADER at term 1 for changeToLeader
2019-09-18 05:56:59,112 [329571e1-6a39-4ea2-9788-653f0399bb9f@group-6784FE895492:LeaderElection1] INFO  impl.RaftServerImpl (ServerState.java:setLeader(253)) - 329571e1-6a39-4ea2-9788-653f0399bb9f@group-6784FE895492: change Leader from null to 329571e1-6a39-4ea2-9788-653f0399bb9f at term 1 for becomeLeader, leader elected after 5178ms
2019-09-18 05:56:59,119 [329571e1-6a39-4ea2-9788-653f0399bb9f@group-6784FE895492:LeaderElection1] INFO  server.RaftServerConfigKeys (ConfUtils.java:logGet(43)) - raft.server.staging.catchup.gap = 1000 (default)
2019-09-18 05:56:59,119 [329571e1-6a39-4ea2-9788-653f0399bb9f@group-6784FE895492:LeaderElection1] INFO  server.RaftServerConfigKeys (ConfUtils.java:logGet(43)) - raft.server.rpc.sleep.time = 25ms (default)
2019-09-18 05:56:59,123 [329571e1-6a39-4ea2-9788-653f0399bb9f@group-6784FE895492:LeaderElection1] INFO  server.RaftServerConfigKeys (ConfUtils.java:logGet(43)) - raft.server.write.element-limit = 4096 (default)
2019-09-18 05:56:59,126 [329571e1-6a39-4ea2-9788-653f0399bb9f@group-6784FE895492:LeaderElection1] INFO  server.RaftServerConfigKeys (ConfUtils.java:logGet(43)) - raft.server.watch.timeout = 10s (default)
2019-09-18 05:56:59,126 [329571e1-6a39-4ea2-9788-653f0399bb9f@group-6784FE895492:LeaderElection1] INFO  server.RaftServerConfigKeys (ConfUtils.java:logGet(43)) - raft.server.watch.timeout.denomination = 1s (default)
2019-09-18 05:56:59,128 [329571e1-6a39-4ea2-9788-653f0399bb9f@group-6784FE895492:LeaderElection1] INFO  server.RaftServerConfigKeys (ConfUtils.java:logGet(43)) - raft.server.watch.element-limit = 65536 (default)
2019-09-18 05:56:59,145 [grpc-default-executor-0] INFO  client.GrpcClientProtocolClient (GrpcClientProtocolClient.java:onNext(264)) - client-48995F7B2C78->c879f5a9-5a3d-41ba-aee1-dd3bb0f6e709: receive RaftClientReply:client-48995F7B2C78->c879f5a9-5a3d-41ba-aee1-dd3bb0f6e709@group-68C2CF9E978D, cid=7, FAILED org.apache.ratis.protocol.NotLeaderException: Server c879f5a9-5a3d-41ba-aee1-dd3bb0f6e709@group-68C2CF9E978D is not the leader, logIndex=0, commits[c879f5a9-5a3d-41ba-aee1-dd3bb0f6e709:c-1]
2019-09-18 05:56:59,161 [329571e1-6a39-4ea2-9788-653f0399bb9f@group-6784FE895492:LeaderElection1] INFO  impl.RoleInfo (RoleInfo.java:updateAndGet(143)) - 329571e1-6a39-4ea2-9788-653f0399bb9f: start LeaderState
2019-09-18 05:56:59,192 [329571e1-6a39-4ea2-9788-653f0399bb9f@group-6784FE895492:LeaderElection1] INFO  segmented.SegmentedRaftLogWorker (SegmentedRaftLogWorker.java:startLogSegment(380)) - 329571e1-6a39-4ea2-9788-653f0399bb9f@group-6784FE895492-SegmentedRaftLogWorker: Starting segment from index:0
2019-09-18 05:56:59,201 [329571e1-6a39-4ea2-9788-653f0399bb9f@group-6784FE895492:LeaderElection1] INFO  impl.RaftServerImpl (ServerState.java:setRaftConf(354)) - 329571e1-6a39-4ea2-9788-653f0399bb9f@group-6784FE895492: set configuration 0: [329571e1-6a39-4ea2-9788-653f0399bb9f:192.168.34.58:43092], old=null at 0
2019-09-18 05:56:59,271 [Thread-198] INFO  impl.FollowerState (FollowerState.java:run(106)) - c879f5a9-5a3d-41ba-aee1-dd3bb0f6e709:group-8CA8F3CD31E4 changes to CANDIDATE, lastRpcTime:5067, electionTimeout:5066ms
2019-09-18 05:56:59,273 [Thread-198] INFO  impl.RoleInfo (RoleInfo.java:shutdownFollowerState(121)) - c879f5a9-5a3d-41ba-aee1-dd3bb0f6e709: shutdown FollowerState
2019-09-18 05:56:59,273 [Thread-198] INFO  impl.RaftServerImpl (RaftServerImpl.java:setRole(174)) - c879f5a9-5a3d-41ba-aee1-dd3bb0f6e709@group-8CA8F3CD31E4: changes role from  FOLLOWER to CANDIDATE at term 0 for changeToCandidate
2019-09-18 05:56:59,273 [Thread-198] INFO  impl.RoleInfo (RoleInfo.java:updateAndGet(143)) - c879f5a9-5a3d-41ba-aee1-dd3bb0f6e709: start LeaderElection
2019-09-18 05:56:59,290 [c879f5a9-5a3d-41ba-aee1-dd3bb0f6e709@group-8CA8F3CD31E4:LeaderElection2] INFO  impl.LeaderElection (LeaderElection.java:askForVotes(182)) - c879f5a9-5a3d-41ba-aee1-dd3bb0f6e709@group-8CA8F3CD31E4:LeaderElection2: begin an election at term 1 for -1: [c879f5a9-5a3d-41ba-aee1-dd3bb0f6e709:192.168.34.58:39730], old=null
2019-09-18 05:56:59,290 [c879f5a9-5a3d-41ba-aee1-dd3bb0f6e709@group-8CA8F3CD31E4:LeaderElection2] INFO  impl.RoleInfo (RoleInfo.java:shutdownLeaderElection(134)) - c879f5a9-5a3d-41ba-aee1-dd3bb0f6e709: shutdown LeaderElection
2019-09-18 05:56:59,290 [c879f5a9-5a3d-41ba-aee1-dd3bb0f6e709@group-8CA8F3CD31E4:LeaderElection2] INFO  impl.RaftServerImpl (RaftServerImpl.java:setRole(174)) - c879f5a9-5a3d-41ba-aee1-dd3bb0f6e709@group-8CA8F3CD31E4: changes role from CANDIDATE to LEADER at term 1 for changeToLeader
2019-09-18 05:56:59,290 [c879f5a9-5a3d-41ba-aee1-dd3bb0f6e709@group-8CA8F3CD31E4:LeaderElection2] INFO  impl.RaftServerImpl (ServerState.java:setLeader(253)) - c879f5a9-5a3d-41ba-aee1-dd3bb0f6e709@group-8CA8F3CD31E4: change Leader from null to c879f5a9-5a3d-41ba-aee1-dd3bb0f6e709 at term 1 for becomeLeader, leader elected after 5099ms
2019-09-18 05:56:59,291 [c879f5a9-5a3d-41ba-aee1-dd3bb0f6e709@group-8CA8F3CD31E4:LeaderElection2] INFO  server.RaftServerConfigKeys (ConfUtils.java:logGet(43)) - raft.server.staging.catchup.gap = 1000 (default)
2019-09-18 05:56:59,291 [c879f5a9-5a3d-41ba-aee1-dd3bb0f6e709@group-8CA8F3CD31E4:LeaderElection2] INFO  server.RaftServerConfigKeys (ConfUtils.java:logGet(43)) - raft.server.rpc.sleep.time = 25ms (default)
2019-09-18 05:56:59,291 [c879f5a9-5a3d-41ba-aee1-dd3bb0f6e709@group-8CA8F3CD31E4:LeaderElection2] INFO  server.RaftServerConfigKeys (ConfUtils.java:logGet(43)) - raft.server.write.element-limit = 4096 (default)
2019-09-18 05:56:59,291 [c879f5a9-5a3d-41ba-aee1-dd3bb0f6e709@group-8CA8F3CD31E4:LeaderElection2] INFO  server.RaftServerConfigKeys (ConfUtils.java:logGet(43)) - raft.server.watch.timeout = 10s (default)
2019-09-18 05:56:59,291 [c879f5a9-5a3d-41ba-aee1-dd3bb0f6e709@group-8CA8F3CD31E4:LeaderElection2] INFO  server.RaftServerConfigKeys (ConfUtils.java:logGet(43)) - raft.server.watch.timeout.denomination = 1s (default)
2019-09-18 05:56:59,291 [c879f5a9-5a3d-41ba-aee1-dd3bb0f6e709@group-8CA8F3CD31E4:LeaderElection2] INFO  server.RaftServerConfigKeys (ConfUtils.java:logGet(43)) - raft.server.watch.element-limit = 65536 (default)
2019-09-18 05:56:59,294 [c879f5a9-5a3d-41ba-aee1-dd3bb0f6e709@group-8CA8F3CD31E4:LeaderElection2] INFO  impl.RoleInfo (RoleInfo.java:updateAndGet(143)) - c879f5a9-5a3d-41ba-aee1-dd3bb0f6e709: start LeaderState
2019-09-18 05:56:59,294 [c879f5a9-5a3d-41ba-aee1-dd3bb0f6e709@group-8CA8F3CD31E4:LeaderElection2] INFO  segmented.SegmentedRaftLogWorker (SegmentedRaftLogWorker.java:startLogSegment(380)) - c879f5a9-5a3d-41ba-aee1-dd3bb0f6e709@group-8CA8F3CD31E4-SegmentedRaftLogWorker: Starting segment from index:0
2019-09-18 05:56:59,295 [c879f5a9-5a3d-41ba-aee1-dd3bb0f6e709@group-8CA8F3CD31E4:LeaderElection2] INFO  impl.RaftServerImpl (ServerState.java:setRaftConf(354)) - c879f5a9-5a3d-41ba-aee1-dd3bb0f6e709@group-8CA8F3CD31E4: set configuration 0: [c879f5a9-5a3d-41ba-aee1-dd3bb0f6e709:192.168.34.58:39730], old=null at 0
2019-09-18 05:56:59,399 [c879f5a9-5a3d-41ba-aee1-dd3bb0f6e709@group-8CA8F3CD31E4-SegmentedRaftLogWorker] INFO  segmented.SegmentedRaftLogWorker (SegmentedRaftLogWorker.java:execute(569)) - c879f5a9-5a3d-41ba-aee1-dd3bb0f6e709@group-8CA8F3CD31E4-SegmentedRaftLogWorker: created new log segment /workdir/hadoop-ozone/integration-test/target/test-dir/MiniOzoneClusterImpl-7e150d22-1a1f-47f1-b170-93e0081f87e5/datanode-1/data/ratis/b1e9f3d1-8d20-4f7e-9aa8-8ca8f3cd31e4/current/log_inprogress_0
2019-09-18 05:56:59,399 [329571e1-6a39-4ea2-9788-653f0399bb9f@group-6784FE895492-SegmentedRaftLogWorker] INFO  segmented.SegmentedRaftLogWorker (SegmentedRaftLogWorker.java:execute(569)) - 329571e1-6a39-4ea2-9788-653f0399bb9f@group-6784FE895492-SegmentedRaftLogWorker: created new log segment /workdir/hadoop-ozone/integration-test/target/test-dir/MiniOzoneClusterImpl-7e150d22-1a1f-47f1-b170-93e0081f87e5/datanode-0/data/ratis/c6b59f80-8867-4355-b8ca-6784fe895492/current/log_inprogress_0
2019-09-18 05:56:59,429 [Thread-204] INFO  impl.FollowerState (FollowerState.java:run(106)) - 0847a6b9-7010-4ad2-bbf6-c57df44c7c73:group-BD3AE3E88C9A changes to CANDIDATE, lastRpcTime:5016, electionTimeout:5016ms
2019-09-18 05:56:59,429 [Thread-204] INFO  impl.RoleInfo (RoleInfo.java:shutdownFollowerState(121)) - 0847a6b9-7010-4ad2-bbf6-c57df44c7c73: shutdown FollowerState
2019-09-18 05:56:59,429 [Thread-204] INFO  impl.RaftServerImpl (RaftServerImpl.java:setRole(174)) - 0847a6b9-7010-4ad2-bbf6-c57df44c7c73@group-BD3AE3E88C9A: changes role from  FOLLOWER to CANDIDATE at term 0 for changeToCandidate
2019-09-18 05:56:59,430 [Thread-204] INFO  impl.RoleInfo (RoleInfo.java:updateAndGet(143)) - 0847a6b9-7010-4ad2-bbf6-c57df44c7c73: start LeaderElection
2019-09-18 05:56:59,446 [0847a6b9-7010-4ad2-bbf6-c57df44c7c73@group-BD3AE3E88C9A:LeaderElection3] INFO  impl.LeaderElection (LeaderElection.java:askForVotes(182)) - 0847a6b9-7010-4ad2-bbf6-c57df44c7c73@group-BD3AE3E88C9A:LeaderElection3: begin an election at term 1 for -1: [0847a6b9-7010-4ad2-bbf6-c57df44c7c73:192.168.34.58:34225], old=null
2019-09-18 05:56:59,452 [0847a6b9-7010-4ad2-bbf6-c57df44c7c73@group-BD3AE3E88C9A:LeaderElection3] INFO  impl.RoleInfo (RoleInfo.java:shutdownLeaderElection(134)) - 0847a6b9-7010-4ad2-bbf6-c57df44c7c73: shutdown LeaderElection
2019-09-18 05:56:59,452 [0847a6b9-7010-4ad2-bbf6-c57df44c7c73@group-BD3AE3E88C9A:LeaderElection3] INFO  impl.RaftServerImpl (RaftServerImpl.java:setRole(174)) - 0847a6b9-7010-4ad2-bbf6-c57df44c7c73@group-BD3AE3E88C9A: changes role from CANDIDATE to LEADER at term 1 for changeToLeader
2019-09-18 05:56:59,452 [0847a6b9-7010-4ad2-bbf6-c57df44c7c73@group-BD3AE3E88C9A:LeaderElection3] INFO  impl.RaftServerImpl (ServerState.java:setLeader(253)) - 0847a6b9-7010-4ad2-bbf6-c57df44c7c73@group-BD3AE3E88C9A: change Leader from null to 0847a6b9-7010-4ad2-bbf6-c57df44c7c73 at term 1 for becomeLeader, leader elected after 5053ms
2019-09-18 05:56:59,454 [0847a6b9-7010-4ad2-bbf6-c57df44c7c73@group-BD3AE3E88C9A:LeaderElection3] INFO  server.RaftServerConfigKeys (ConfUtils.java:logGet(43)) - raft.server.staging.catchup.gap = 1000 (default)
2019-09-18 05:56:59,454 [0847a6b9-7010-4ad2-bbf6-c57df44c7c73@group-BD3AE3E88C9A:LeaderElection3] INFO  server.RaftServerConfigKeys (ConfUtils.java:logGet(43)) - raft.server.rpc.sleep.time = 25ms (default)
2019-09-18 05:56:59,454 [0847a6b9-7010-4ad2-bbf6-c57df44c7c73@group-BD3AE3E88C9A:LeaderElection3] INFO  server.RaftServerConfigKeys (ConfUtils.java:logGet(43)) - raft.server.write.element-limit = 4096 (default)
2019-09-18 05:56:59,454 [0847a6b9-7010-4ad2-bbf6-c57df44c7c73@group-BD3AE3E88C9A:LeaderElection3] INFO  server.RaftServerConfigKeys (ConfUtils.java:logGet(43)) - raft.server.watch.timeout = 10s (default)
2019-09-18 05:56:59,455 [0847a6b9-7010-4ad2-bbf6-c57df44c7c73@group-BD3AE3E88C9A:LeaderElection3] INFO  server.RaftServerConfigKeys (ConfUtils.java:logGet(43)) - raft.server.watch.timeout.denomination = 1s (default)
2019-09-18 05:56:59,455 [0847a6b9-7010-4ad2-bbf6-c57df44c7c73@group-BD3AE3E88C9A:LeaderElection3] INFO  server.RaftServerConfigKeys (ConfUtils.java:logGet(43)) - raft.server.watch.element-limit = 65536 (default)
2019-09-18 05:56:59,458 [0847a6b9-7010-4ad2-bbf6-c57df44c7c73@group-BD3AE3E88C9A:LeaderElection3] INFO  impl.RoleInfo (RoleInfo.java:updateAndGet(143)) - 0847a6b9-7010-4ad2-bbf6-c57df44c7c73: start LeaderState
2019-09-18 05:56:59,459 [0847a6b9-7010-4ad2-bbf6-c57df44c7c73@group-BD3AE3E88C9A:LeaderElection3] INFO  segmented.SegmentedRaftLogWorker (SegmentedRaftLogWorker.java:startLogSegment(380)) - 0847a6b9-7010-4ad2-bbf6-c57df44c7c73@group-BD3AE3E88C9A-SegmentedRaftLogWorker: Starting segment from index:0
2019-09-18 05:56:59,459 [0847a6b9-7010-4ad2-bbf6-c57df44c7c73@group-BD3AE3E88C9A:LeaderElection3] INFO  impl.RaftServerImpl (ServerState.java:setRaftConf(354)) - 0847a6b9-7010-4ad2-bbf6-c57df44c7c73@group-BD3AE3E88C9A: set configuration 0: [0847a6b9-7010-4ad2-bbf6-c57df44c7c73:192.168.34.58:34225], old=null at 0
2019-09-18 05:56:59,495 [Thread-201] INFO  impl.FollowerState (FollowerState.java:run(106)) - c4fb2900-bec2-4ad9-93ed-a812fd0653dd:group-300438288AC9 changes to CANDIDATE, lastRpcTime:5158, electionTimeout:5155ms
2019-09-18 05:56:59,495 [Thread-201] INFO  impl.RoleInfo (RoleInfo.java:shutdownFollowerState(121)) - c4fb2900-bec2-4ad9-93ed-a812fd0653dd: shutdown FollowerState
2019-09-18 05:56:59,495 [Thread-201] INFO  impl.RaftServerImpl (RaftServerImpl.java:setRole(174)) - c4fb2900-bec2-4ad9-93ed-a812fd0653dd@group-300438288AC9: changes role from  FOLLOWER to CANDIDATE at term 0 for changeToCandidate
2019-09-18 05:56:59,496 [Thread-201] INFO  impl.RoleInfo (RoleInfo.java:updateAndGet(143)) - c4fb2900-bec2-4ad9-93ed-a812fd0653dd: start LeaderElection
2019-09-18 05:56:59,508 [0847a6b9-7010-4ad2-bbf6-c57df44c7c73@group-BD3AE3E88C9A-SegmentedRaftLogWorker] INFO  segmented.SegmentedRaftLogWorker (SegmentedRaftLogWorker.java:execute(569)) - 0847a6b9-7010-4ad2-bbf6-c57df44c7c73@group-BD3AE3E88C9A-SegmentedRaftLogWorker: created new log segment /workdir/hadoop-ozone/integration-test/target/test-dir/MiniOzoneClusterImpl-7e150d22-1a1f-47f1-b170-93e0081f87e5/datanode-3/data/ratis/6c3eae18-e308-430c-854a-bd3ae3e88c9a/current/log_inprogress_0
2019-09-18 05:56:59,509 [c4fb2900-bec2-4ad9-93ed-a812fd0653dd@group-300438288AC9:LeaderElection4] INFO  impl.LeaderElection (LeaderElection.java:askForVotes(182)) - c4fb2900-bec2-4ad9-93ed-a812fd0653dd@group-300438288AC9:LeaderElection4: begin an election at term 1 for -1: [c4fb2900-bec2-4ad9-93ed-a812fd0653dd:192.168.34.58:39356], old=null
2019-09-18 05:56:59,510 [c4fb2900-bec2-4ad9-93ed-a812fd0653dd@group-300438288AC9:LeaderElection4] INFO  impl.RoleInfo (RoleInfo.java:shutdownLeaderElection(134)) - c4fb2900-bec2-4ad9-93ed-a812fd0653dd: shutdown LeaderElection
2019-09-18 05:56:59,510 [c4fb2900-bec2-4ad9-93ed-a812fd0653dd@group-300438288AC9:LeaderElection4] INFO  impl.RaftServerImpl (RaftServerImpl.java:setRole(174)) - c4fb2900-bec2-4ad9-93ed-a812fd0653dd@group-300438288AC9: changes role from CANDIDATE to LEADER at term 1 for changeToLeader
2019-09-18 05:56:59,511 [c4fb2900-bec2-4ad9-93ed-a812fd0653dd@group-300438288AC9:LeaderElection4] INFO  impl.RaftServerImpl (ServerState.java:setLeader(253)) - c4fb2900-bec2-4ad9-93ed-a812fd0653dd@group-300438288AC9: change Leader from null to c4fb2900-bec2-4ad9-93ed-a812fd0653dd at term 1 for becomeLeader, leader elected after 5206ms
2019-09-18 05:56:59,512 [c4fb2900-bec2-4ad9-93ed-a812fd0653dd@group-300438288AC9:LeaderElection4] INFO  server.RaftServerConfigKeys (ConfUtils.java:logGet(43)) - raft.server.staging.catchup.gap = 1000 (default)
2019-09-18 05:56:59,512 [c4fb2900-bec2-4ad9-93ed-a812fd0653dd@group-300438288AC9:LeaderElection4] INFO  server.RaftServerConfigKeys (ConfUtils.java:logGet(43)) - raft.server.rpc.sleep.time = 25ms (default)
2019-09-18 05:56:59,513 [c4fb2900-bec2-4ad9-93ed-a812fd0653dd@group-300438288AC9:LeaderElection4] INFO  server.RaftServerConfigKeys (ConfUtils.java:logGet(43)) - raft.server.write.element-limit = 4096 (default)
2019-09-18 05:56:59,513 [c4fb2900-bec2-4ad9-93ed-a812fd0653dd@group-300438288AC9:LeaderElection4] INFO  server.RaftServerConfigKeys (ConfUtils.java:logGet(43)) - raft.server.watch.timeout = 10s (default)
2019-09-18 05:56:59,513 [c4fb2900-bec2-4ad9-93ed-a812fd0653dd@group-300438288AC9:LeaderElection4] INFO  server.RaftServerConfigKeys (ConfUtils.java:logGet(43)) - raft.server.watch.timeout.denomination = 1s (default)
2019-09-18 05:56:59,513 [c4fb2900-bec2-4ad9-93ed-a812fd0653dd@group-300438288AC9:LeaderElection4] INFO  server.RaftServerConfigKeys (ConfUtils.java:logGet(43)) - raft.server.watch.element-limit = 65536 (default)
2019-09-18 05:56:59,516 [c4fb2900-bec2-4ad9-93ed-a812fd0653dd@group-300438288AC9:LeaderElection4] INFO  impl.RoleInfo (RoleInfo.java:updateAndGet(143)) - c4fb2900-bec2-4ad9-93ed-a812fd0653dd: start LeaderState
2019-09-18 05:56:59,517 [c4fb2900-bec2-4ad9-93ed-a812fd0653dd@group-300438288AC9:LeaderElection4] INFO  segmented.SegmentedRaftLogWorker (SegmentedRaftLogWorker.java:startLogSegment(380)) - c4fb2900-bec2-4ad9-93ed-a812fd0653dd@group-300438288AC9-SegmentedRaftLogWorker: Starting segment from index:0
2019-09-18 05:56:59,518 [c4fb2900-bec2-4ad9-93ed-a812fd0653dd@group-300438288AC9:LeaderElection4] INFO  impl.RaftServerImpl (ServerState.java:setRaftConf(354)) - c4fb2900-bec2-4ad9-93ed-a812fd0653dd@group-300438288AC9: set configuration 0: [c4fb2900-bec2-4ad9-93ed-a812fd0653dd:192.168.34.58:39356], old=null at 0
2019-09-18 05:56:59,564 [Thread-209] INFO  impl.FollowerState (FollowerState.java:run(106)) - 0847a6b9-7010-4ad2-bbf6-c57df44c7c73:group-68C2CF9E978D changes to CANDIDATE, lastRpcTime:5020, electionTimeout:5020ms
2019-09-18 05:56:59,565 [Thread-209] INFO  impl.RoleInfo (RoleInfo.java:shutdownFollowerState(121)) - 0847a6b9-7010-4ad2-bbf6-c57df44c7c73: shutdown FollowerState
2019-09-18 05:56:59,565 [Thread-209] INFO  impl.RaftServerImpl (RaftServerImpl.java:setRole(174)) - 0847a6b9-7010-4ad2-bbf6-c57df44c7c73@group-68C2CF9E978D: changes role from  FOLLOWER to CANDIDATE at term 0 for changeToCandidate
2019-09-18 05:56:59,565 [Thread-209] INFO  impl.RoleInfo (RoleInfo.java:updateAndGet(143)) - 0847a6b9-7010-4ad2-bbf6-c57df44c7c73: start LeaderElection
2019-09-18 05:56:59,576 [c4fb2900-bec2-4ad9-93ed-a812fd0653dd@group-300438288AC9-SegmentedRaftLogWorker] INFO  segmented.SegmentedRaftLogWorker (SegmentedRaftLogWorker.java:execute(569)) - c4fb2900-bec2-4ad9-93ed-a812fd0653dd@group-300438288AC9-SegmentedRaftLogWorker: created new log segment /workdir/hadoop-ozone/integration-test/target/test-dir/MiniOzoneClusterImpl-7e150d22-1a1f-47f1-b170-93e0081f87e5/datanode-2/data/ratis/3c95949b-00ec-41ed-ac6c-300438288ac9/current/log_inprogress_0
2019-09-18 05:56:59,590 [0847a6b9-7010-4ad2-bbf6-c57df44c7c73@group-68C2CF9E978D:LeaderElection5] INFO  impl.LeaderElection (LeaderElection.java:askForVotes(182)) - 0847a6b9-7010-4ad2-bbf6-c57df44c7c73@group-68C2CF9E978D:LeaderElection5: begin an election at term 1 for -1: [c879f5a9-5a3d-41ba-aee1-dd3bb0f6e709:192.168.34.58:39730, c4fb2900-bec2-4ad9-93ed-a812fd0653dd:192.168.34.58:39356, 0847a6b9-7010-4ad2-bbf6-c57df44c7c73:192.168.34.58:34225], old=null
2019-09-18 05:56:59,594 [Thread-214] INFO  impl.FollowerState (FollowerState.java:run(106)) - c4fb2900-bec2-4ad9-93ed-a812fd0653dd:group-68C2CF9E978D changes to CANDIDATE, lastRpcTime:5037, electionTimeout:5033ms
2019-09-18 05:56:59,595 [Thread-214] INFO  impl.RoleInfo (RoleInfo.java:shutdownFollowerState(121)) - c4fb2900-bec2-4ad9-93ed-a812fd0653dd: shutdown FollowerState
2019-09-18 05:56:59,595 [Thread-214] INFO  impl.RaftServerImpl (RaftServerImpl.java:setRole(174)) - c4fb2900-bec2-4ad9-93ed-a812fd0653dd@group-68C2CF9E978D: changes role from  FOLLOWER to CANDIDATE at term 0 for changeToCandidate
2019-09-18 05:56:59,595 [Thread-214] INFO  impl.RoleInfo (RoleInfo.java:updateAndGet(143)) - c4fb2900-bec2-4ad9-93ed-a812fd0653dd: start LeaderElection
2019-09-18 05:56:59,616 [Thread-212] INFO  impl.FollowerState (FollowerState.java:run(106)) - c879f5a9-5a3d-41ba-aee1-dd3bb0f6e709:group-68C2CF9E978D changes to CANDIDATE, lastRpcTime:5061, electionTimeout:5056ms
2019-09-18 05:56:59,616 [c4fb2900-bec2-4ad9-93ed-a812fd0653dd@group-68C2CF9E978D:LeaderElection6] INFO  impl.LeaderElection (LeaderElection.java:askForVotes(182)) - c4fb2900-bec2-4ad9-93ed-a812fd0653dd@group-68C2CF9E978D:LeaderElection6: begin an election at term 1 for -1: [c879f5a9-5a3d-41ba-aee1-dd3bb0f6e709:192.168.34.58:39730, c4fb2900-bec2-4ad9-93ed-a812fd0653dd:192.168.34.58:39356, 0847a6b9-7010-4ad2-bbf6-c57df44c7c73:192.168.34.58:34225], old=null
2019-09-18 05:56:59,616 [Thread-212] INFO  impl.RoleInfo (RoleInfo.java:shutdownFollowerState(121)) - c879f5a9-5a3d-41ba-aee1-dd3bb0f6e709: shutdown FollowerState
2019-09-18 05:56:59,617 [Thread-212] INFO  impl.RaftServerImpl (RaftServerImpl.java:setRole(174)) - c879f5a9-5a3d-41ba-aee1-dd3bb0f6e709@group-68C2CF9E978D: changes role from  FOLLOWER to CANDIDATE at term 0 for changeToCandidate
2019-09-18 05:56:59,617 [Thread-212] INFO  impl.RoleInfo (RoleInfo.java:updateAndGet(143)) - c879f5a9-5a3d-41ba-aee1-dd3bb0f6e709: start LeaderElection
2019-09-18 05:56:59,637 [c879f5a9-5a3d-41ba-aee1-dd3bb0f6e709@group-68C2CF9E978D:LeaderElection7] INFO  impl.LeaderElection (LeaderElection.java:askForVotes(182)) - c879f5a9-5a3d-41ba-aee1-dd3bb0f6e709@group-68C2CF9E978D:LeaderElection7: begin an election at term 1 for -1: [c879f5a9-5a3d-41ba-aee1-dd3bb0f6e709:192.168.34.58:39730, c4fb2900-bec2-4ad9-93ed-a812fd0653dd:192.168.34.58:39356, 0847a6b9-7010-4ad2-bbf6-c57df44c7c73:192.168.34.58:34225], old=null
2019-09-18 05:56:59,664 [c4fb2900-bec2-4ad9-93ed-a812fd0653dd@group-68C2CF9E978D:LeaderElection6] INFO  impl.LeaderElection (LeaderElection.java:logAndReturn(56)) - c4fb2900-bec2-4ad9-93ed-a812fd0653dd@group-68C2CF9E978D:LeaderElection6: Election REJECTED; received 2 response(s) [c4fb2900-bec2-4ad9-93ed-a812fd0653dd<-c879f5a9-5a3d-41ba-aee1-dd3bb0f6e709#0:FAIL-t1, c4fb2900-bec2-4ad9-93ed-a812fd0653dd<-0847a6b9-7010-4ad2-bbf6-c57df44c7c73#0:FAIL-t1] and 0 exception(s); c4fb2900-bec2-4ad9-93ed-a812fd0653dd@group-68C2CF9E978D:t1, leader=null, voted=c4fb2900-bec2-4ad9-93ed-a812fd0653dd, raftlog=c4fb2900-bec2-4ad9-93ed-a812fd0653dd@group-68C2CF9E978D-SegmentedRaftLog:OPENED:c-1,f-1,i0, conf=-1: [c879f5a9-5a3d-41ba-aee1-dd3bb0f6e709:192.168.34.58:39730, c4fb2900-bec2-4ad9-93ed-a812fd0653dd:192.168.34.58:39356, 0847a6b9-7010-4ad2-bbf6-c57df44c7c73:192.168.34.58:34225], old=null
2019-09-18 05:56:59,664 [0847a6b9-7010-4ad2-bbf6-c57df44c7c73@group-68C2CF9E978D:LeaderElection5] INFO  impl.LeaderElection (LeaderElection.java:logAndReturn(56)) - 0847a6b9-7010-4ad2-bbf6-c57df44c7c73@group-68C2CF9E978D:LeaderElection5: Election REJECTED; received 2 response(s) [0847a6b9-7010-4ad2-bbf6-c57df44c7c73<-c879f5a9-5a3d-41ba-aee1-dd3bb0f6e709#0:FAIL-t1, 0847a6b9-7010-4ad2-bbf6-c57df44c7c73<-c4fb2900-bec2-4ad9-93ed-a812fd0653dd#0:FAIL-t1] and 0 exception(s); 0847a6b9-7010-4ad2-bbf6-c57df44c7c73@group-68C2CF9E978D:t1, leader=null, voted=0847a6b9-7010-4ad2-bbf6-c57df44c7c73, raftlog=0847a6b9-7010-4ad2-bbf6-c57df44c7c73@group-68C2CF9E978D-SegmentedRaftLog:OPENED:c-1,f-1,i0, conf=-1: [c879f5a9-5a3d-41ba-aee1-dd3bb0f6e709:192.168.34.58:39730, c4fb2900-bec2-4ad9-93ed-a812fd0653dd:192.168.34.58:39356, 0847a6b9-7010-4ad2-bbf6-c57df44c7c73:192.168.34.58:34225], old=null
2019-09-18 05:56:59,667 [c4fb2900-bec2-4ad9-93ed-a812fd0653dd@group-68C2CF9E978D:LeaderElection6] INFO  impl.RaftServerImpl (RaftServerImpl.java:setRole(174)) - c4fb2900-bec2-4ad9-93ed-a812fd0653dd@group-68C2CF9E978D: changes role from CANDIDATE to FOLLOWER at term 1 for DISCOVERED_A_NEW_TERM
2019-09-18 05:56:59,669 [0847a6b9-7010-4ad2-bbf6-c57df44c7c73@group-68C2CF9E978D:LeaderElection5] INFO  impl.RaftServerImpl (RaftServerImpl.java:setRole(174)) - 0847a6b9-7010-4ad2-bbf6-c57df44c7c73@group-68C2CF9E978D: changes role from CANDIDATE to FOLLOWER at term 1 for DISCOVERED_A_NEW_TERM
2019-09-18 05:56:59,669 [c4fb2900-bec2-4ad9-93ed-a812fd0653dd@group-68C2CF9E978D:LeaderElection6] INFO  impl.RoleInfo (RoleInfo.java:shutdownLeaderElection(134)) - c4fb2900-bec2-4ad9-93ed-a812fd0653dd: shutdown LeaderElection
2019-09-18 05:56:59,671 [0847a6b9-7010-4ad2-bbf6-c57df44c7c73@group-68C2CF9E978D:LeaderElection5] INFO  impl.RoleInfo (RoleInfo.java:shutdownLeaderElection(134)) - 0847a6b9-7010-4ad2-bbf6-c57df44c7c73: shutdown LeaderElection
2019-09-18 05:56:59,671 [c4fb2900-bec2-4ad9-93ed-a812fd0653dd@group-68C2CF9E978D:LeaderElection6] INFO  impl.RoleInfo (RoleInfo.java:updateAndGet(143)) - c4fb2900-bec2-4ad9-93ed-a812fd0653dd: start FollowerState
2019-09-18 05:56:59,674 [0847a6b9-7010-4ad2-bbf6-c57df44c7c73@group-68C2CF9E978D:LeaderElection5] INFO  impl.RoleInfo (RoleInfo.java:updateAndGet(143)) - 0847a6b9-7010-4ad2-bbf6-c57df44c7c73: start FollowerState
2019-09-18 05:56:59,687 [c879f5a9-5a3d-41ba-aee1-dd3bb0f6e709@group-68C2CF9E978D:LeaderElection7] INFO  impl.LeaderElection (LeaderElection.java:logAndReturn(56)) - c879f5a9-5a3d-41ba-aee1-dd3bb0f6e709@group-68C2CF9E978D:LeaderElection7: Election REJECTED; received 2 response(s) [c879f5a9-5a3d-41ba-aee1-dd3bb0f6e709<-c4fb2900-bec2-4ad9-93ed-a812fd0653dd#0:FAIL-t1, c879f5a9-5a3d-41ba-aee1-dd3bb0f6e709<-0847a6b9-7010-4ad2-bbf6-c57df44c7c73#0:FAIL-t1] and 0 exception(s); c879f5a9-5a3d-41ba-aee1-dd3bb0f6e709@group-68C2CF9E978D:t1, leader=null, voted=c879f5a9-5a3d-41ba-aee1-dd3bb0f6e709, raftlog=c879f5a9-5a3d-41ba-aee1-dd3bb0f6e709@group-68C2CF9E978D-SegmentedRaftLog:OPENED:c-1,f-1,i0, conf=-1: [c879f5a9-5a3d-41ba-aee1-dd3bb0f6e709:192.168.34.58:39730, c4fb2900-bec2-4ad9-93ed-a812fd0653dd:192.168.34.58:39356, 0847a6b9-7010-4ad2-bbf6-c57df44c7c73:192.168.34.58:34225], old=null
2019-09-18 05:56:59,687 [c879f5a9-5a3d-41ba-aee1-dd3bb0f6e709@group-68C2CF9E978D:LeaderElection7] INFO  impl.RaftServerImpl (RaftServerImpl.java:setRole(174)) - c879f5a9-5a3d-41ba-aee1-dd3bb0f6e709@group-68C2CF9E978D: changes role from CANDIDATE to FOLLOWER at term 1 for DISCOVERED_A_NEW_TERM
2019-09-18 05:56:59,688 [c879f5a9-5a3d-41ba-aee1-dd3bb0f6e709@group-68C2CF9E978D:LeaderElection7] INFO  impl.RoleInfo (RoleInfo.java:shutdownLeaderElection(134)) - c879f5a9-5a3d-41ba-aee1-dd3bb0f6e709: shutdown LeaderElection
2019-09-18 05:56:59,689 [c879f5a9-5a3d-41ba-aee1-dd3bb0f6e709@group-68C2CF9E978D:LeaderElection7] INFO  impl.RoleInfo (RoleInfo.java:updateAndGet(143)) - c879f5a9-5a3d-41ba-aee1-dd3bb0f6e709: start FollowerState
2019-09-18 05:57:00,175 [grpc-default-executor-3] INFO  client.GrpcClientProtocolClient (GrpcClientProtocolClient.java:onNext(264)) - client-48995F7B2C78->c4fb2900-bec2-4ad9-93ed-a812fd0653dd: receive RaftClientReply:client-48995F7B2C78->c4fb2900-bec2-4ad9-93ed-a812fd0653dd@group-68C2CF9E978D, cid=7, FAILED org.apache.ratis.protocol.NotLeaderException: Server c4fb2900-bec2-4ad9-93ed-a812fd0653dd@group-68C2CF9E978D is not the leader, logIndex=0, commits[c4fb2900-bec2-4ad9-93ed-a812fd0653dd:c-1]
2019-09-18 05:57:00,578 [ReplicationMonitor] INFO  container.ReplicationManager (ReplicationManager.java:run(225)) - Replication Monitor Thread took 0 milliseconds for processing 1 containers.
2019-09-18 05:57:01,150 [Thread-227] INFO  impl.FollowerState (FollowerState.java:run(106)) - 0847a6b9-7010-4ad2-bbf6-c57df44c7c73:group-D672EA089937 changes to CANDIDATE, lastRpcTime:5072, electionTimeout:5072ms
2019-09-18 05:57:01,151 [Thread-227] INFO  impl.RoleInfo (RoleInfo.java:shutdownFollowerState(121)) - 0847a6b9-7010-4ad2-bbf6-c57df44c7c73: shutdown FollowerState
2019-09-18 05:57:01,151 [Thread-227] INFO  impl.RaftServerImpl (RaftServerImpl.java:setRole(174)) - 0847a6b9-7010-4ad2-bbf6-c57df44c7c73@group-D672EA089937: changes role from  FOLLOWER to CANDIDATE at term 0 for changeToCandidate
2019-09-18 05:57:01,151 [Thread-227] INFO  impl.RoleInfo (RoleInfo.java:updateAndGet(143)) - 0847a6b9-7010-4ad2-bbf6-c57df44c7c73: start LeaderElection
2019-09-18 05:57:01,178 [0847a6b9-7010-4ad2-bbf6-c57df44c7c73@group-D672EA089937:LeaderElection8] INFO  impl.LeaderElection (LeaderElection.java:askForVotes(182)) - 0847a6b9-7010-4ad2-bbf6-c57df44c7c73@group-D672EA089937:LeaderElection8: begin an election at term 1 for -1: [0847a6b9-7010-4ad2-bbf6-c57df44c7c73:192.168.34.58:34225], old=null
2019-09-18 05:57:01,179 [0847a6b9-7010-4ad2-bbf6-c57df44c7c73@group-D672EA089937:LeaderElection8] INFO  impl.RoleInfo (RoleInfo.java:shutdownLeaderElection(134)) - 0847a6b9-7010-4ad2-bbf6-c57df44c7c73: shutdown LeaderElection
2019-09-18 05:57:01,179 [0847a6b9-7010-4ad2-bbf6-c57df44c7c73@group-D672EA089937:LeaderElection8] INFO  impl.RaftServerImpl (RaftServerImpl.java:setRole(174)) - 0847a6b9-7010-4ad2-bbf6-c57df44c7c73@group-D672EA089937: changes role from CANDIDATE to LEADER at term 1 for changeToLeader
2019-09-18 05:57:01,179 [0847a6b9-7010-4ad2-bbf6-c57df44c7c73@group-D672EA089937:LeaderElection8] INFO  impl.RaftServerImpl (ServerState.java:setLeader(253)) - 0847a6b9-7010-4ad2-bbf6-c57df44c7c73@group-D672EA089937: change Leader from null to 0847a6b9-7010-4ad2-bbf6-c57df44c7c73 at term 1 for becomeLeader, leader elected after 5110ms
2019-09-18 05:57:01,179 [0847a6b9-7010-4ad2-bbf6-c57df44c7c73@group-D672EA089937:LeaderElection8] INFO  server.RaftServerConfigKeys (ConfUtils.java:logGet(43)) - raft.server.staging.catchup.gap = 1000 (default)
2019-09-18 05:57:01,180 [0847a6b9-7010-4ad2-bbf6-c57df44c7c73@group-D672EA089937:LeaderElection8] INFO  server.RaftServerConfigKeys (ConfUtils.java:logGet(43)) - raft.server.rpc.sleep.time = 25ms (default)
2019-09-18 05:57:01,180 [0847a6b9-7010-4ad2-bbf6-c57df44c7c73@group-D672EA089937:LeaderElection8] INFO  server.RaftServerConfigKeys (ConfUtils.java:logGet(43)) - raft.server.write.element-limit = 4096 (default)
2019-09-18 05:57:01,180 [0847a6b9-7010-4ad2-bbf6-c57df44c7c73@group-D672EA089937:LeaderElection8] INFO  server.RaftServerConfigKeys (ConfUtils.java:logGet(43)) - raft.server.watch.timeout = 10s (default)
2019-09-18 05:57:01,180 [0847a6b9-7010-4ad2-bbf6-c57df44c7c73@group-D672EA089937:LeaderElection8] INFO  server.RaftServerConfigKeys (ConfUtils.java:logGet(43)) - raft.server.watch.timeout.denomination = 1s (default)
2019-09-18 05:57:01,181 [0847a6b9-7010-4ad2-bbf6-c57df44c7c73@group-D672EA089937:LeaderElection8] INFO  server.RaftServerConfigKeys (ConfUtils.java:logGet(43)) - raft.server.watch.element-limit = 65536 (default)
2019-09-18 05:57:01,185 [0847a6b9-7010-4ad2-bbf6-c57df44c7c73@group-D672EA089937:LeaderElection8] INFO  impl.RoleInfo (RoleInfo.java:updateAndGet(143)) - 0847a6b9-7010-4ad2-bbf6-c57df44c7c73: start LeaderState
2019-09-18 05:57:01,185 [0847a6b9-7010-4ad2-bbf6-c57df44c7c73@group-D672EA089937:LeaderElection8] INFO  segmented.SegmentedRaftLogWorker (SegmentedRaftLogWorker.java:startLogSegment(380)) - 0847a6b9-7010-4ad2-bbf6-c57df44c7c73@group-D672EA089937-SegmentedRaftLogWorker: Starting segment from index:0
2019-09-18 05:57:01,186 [0847a6b9-7010-4ad2-bbf6-c57df44c7c73@group-D672EA089937:LeaderElection8] INFO  impl.RaftServerImpl (ServerState.java:setRaftConf(354)) - 0847a6b9-7010-4ad2-bbf6-c57df44c7c73@group-D672EA089937: set configuration 0: [0847a6b9-7010-4ad2-bbf6-c57df44c7c73:192.168.34.58:34225], old=null at 0
2019-09-18 05:57:01,229 [0847a6b9-7010-4ad2-bbf6-c57df44c7c73@group-D672EA089937-SegmentedRaftLogWorker] INFO  segmented.SegmentedRaftLogWorker (SegmentedRaftLogWorker.java:execute(569)) - 0847a6b9-7010-4ad2-bbf6-c57df44c7c73@group-D672EA089937-SegmentedRaftLogWorker: created new log segment /workdir/hadoop-ozone/integration-test/target/test-dir/MiniOzoneClusterImpl-7e150d22-1a1f-47f1-b170-93e0081f87e5/datanode-3/data/ratis/c669d18c-7384-4b12-a455-d672ea089937/current/log_inprogress_0
2019-09-18 05:57:01,238 [Thread-234] INFO  impl.FollowerState (FollowerState.java:run(106)) - 0847a6b9-7010-4ad2-bbf6-c57df44c7c73:group-1D3DE5143DAE changes to CANDIDATE, lastRpcTime:5083, electionTimeout:5083ms
2019-09-18 05:57:01,239 [Thread-234] INFO  impl.RoleInfo (RoleInfo.java:shutdownFollowerState(121)) - 0847a6b9-7010-4ad2-bbf6-c57df44c7c73: shutdown FollowerState
2019-09-18 05:57:01,239 [Thread-234] INFO  impl.RaftServerImpl (RaftServerImpl.java:setRole(174)) - 0847a6b9-7010-4ad2-bbf6-c57df44c7c73@group-1D3DE5143DAE: changes role from  FOLLOWER to CANDIDATE at term 0 for changeToCandidate
2019-09-18 05:57:01,241 [Thread-234] INFO  impl.RoleInfo (RoleInfo.java:updateAndGet(143)) - 0847a6b9-7010-4ad2-bbf6-c57df44c7c73: start LeaderElection
2019-09-18 05:57:01,245 [grpc-default-executor-3] INFO  client.GrpcClientProtocolClient (GrpcClientProtocolClient.java:onNext(264)) - client-48995F7B2C78->c879f5a9-5a3d-41ba-aee1-dd3bb0f6e709: receive RaftClientReply:client-48995F7B2C78->c879f5a9-5a3d-41ba-aee1-dd3bb0f6e709@group-68C2CF9E978D, cid=7, FAILED org.apache.ratis.protocol.NotLeaderException: Server c879f5a9-5a3d-41ba-aee1-dd3bb0f6e709@group-68C2CF9E978D is not the leader, logIndex=0, commits[c879f5a9-5a3d-41ba-aee1-dd3bb0f6e709:c-1]
2019-09-18 05:57:01,259 [0847a6b9-7010-4ad2-bbf6-c57df44c7c73@group-1D3DE5143DAE:LeaderElection9] INFO  impl.LeaderElection (LeaderElection.java:askForVotes(182)) - 0847a6b9-7010-4ad2-bbf6-c57df44c7c73@group-1D3DE5143DAE:LeaderElection9: begin an election at term 1 for -1: [c879f5a9-5a3d-41ba-aee1-dd3bb0f6e709:192.168.34.58:39730, c4fb2900-bec2-4ad9-93ed-a812fd0653dd:192.168.34.58:39356, 0847a6b9-7010-4ad2-bbf6-c57df44c7c73:192.168.34.58:34225], old=null
2019-09-18 05:57:01,269 [Thread-232] INFO  impl.FollowerState (FollowerState.java:run(106)) - c879f5a9-5a3d-41ba-aee1-dd3bb0f6e709:group-1D3DE5143DAE changes to CANDIDATE, lastRpcTime:5117, electionTimeout:5117ms
2019-09-18 05:57:01,270 [Thread-232] INFO  impl.RoleInfo (RoleInfo.java:shutdownFollowerState(121)) - c879f5a9-5a3d-41ba-aee1-dd3bb0f6e709: shutdown FollowerState
2019-09-18 05:57:01,272 [Thread-232] INFO  impl.RaftServerImpl (RaftServerImpl.java:setRole(174)) - c879f5a9-5a3d-41ba-aee1-dd3bb0f6e709@group-1D3DE5143DAE: changes role from  FOLLOWER to CANDIDATE at term 0 for changeToCandidate
2019-09-18 05:57:01,272 [Thread-232] INFO  impl.RoleInfo (RoleInfo.java:updateAndGet(143)) - c879f5a9-5a3d-41ba-aee1-dd3bb0f6e709: start LeaderElection
2019-09-18 05:57:01,273 [grpc-default-executor-2] INFO  impl.RaftServerImpl (RaftServerImpl.java:setRole(174)) - c4fb2900-bec2-4ad9-93ed-a812fd0653dd@group-1D3DE5143DAE: changes role from  FOLLOWER to FOLLOWER at term 1 for recognizeCandidate:0847a6b9-7010-4ad2-bbf6-c57df44c7c73
2019-09-18 05:57:01,275 [grpc-default-executor-2] INFO  impl.RoleInfo (RoleInfo.java:shutdownFollowerState(121)) - c4fb2900-bec2-4ad9-93ed-a812fd0653dd: shutdown FollowerState
2019-09-18 05:57:01,276 [grpc-default-executor-2] INFO  impl.RoleInfo (RoleInfo.java:updateAndGet(143)) - c4fb2900-bec2-4ad9-93ed-a812fd0653dd: start FollowerState
2019-09-18 05:57:01,277 [Thread-236] INFO  impl.FollowerState (FollowerState.java:run(115)) - c4fb2900-bec2-4ad9-93ed-a812fd0653dd: FollowerState was interrupted: java.lang.InterruptedException: sleep interrupted
2019-09-18 05:57:01,280 [c879f5a9-5a3d-41ba-aee1-dd3bb0f6e709@group-1D3DE5143DAE:LeaderElection10] INFO  impl.LeaderElection (LeaderElection.java:askForVotes(182)) - c879f5a9-5a3d-41ba-aee1-dd3bb0f6e709@group-1D3DE5143DAE:LeaderElection10: begin an election at term 1 for -1: [c879f5a9-5a3d-41ba-aee1-dd3bb0f6e709:192.168.34.58:39730, c4fb2900-bec2-4ad9-93ed-a812fd0653dd:192.168.34.58:39356, 0847a6b9-7010-4ad2-bbf6-c57df44c7c73:192.168.34.58:34225], old=null
2019-09-18 05:57:01,314 [0847a6b9-7010-4ad2-bbf6-c57df44c7c73@group-1D3DE5143DAE:LeaderElection9] INFO  impl.LeaderElection (LeaderElection.java:logAndReturn(56)) - 0847a6b9-7010-4ad2-bbf6-c57df44c7c73@group-1D3DE5143DAE:LeaderElection9: Election PASSED; received 2 response(s) [0847a6b9-7010-4ad2-bbf6-c57df44c7c73<-c879f5a9-5a3d-41ba-aee1-dd3bb0f6e709#0:FAIL-t1, 0847a6b9-7010-4ad2-bbf6-c57df44c7c73<-c4fb2900-bec2-4ad9-93ed-a812fd0653dd#0:OK-t1] and 0 exception(s); 0847a6b9-7010-4ad2-bbf6-c57df44c7c73@group-1D3DE5143DAE:t1, leader=null, voted=0847a6b9-7010-4ad2-bbf6-c57df44c7c73, raftlog=0847a6b9-7010-4ad2-bbf6-c57df44c7c73@group-1D3DE5143DAE-SegmentedRaftLog:OPENED:c-1,f-1,i0, conf=-1: [c879f5a9-5a3d-41ba-aee1-dd3bb0f6e709:192.168.34.58:39730, c4fb2900-bec2-4ad9-93ed-a812fd0653dd:192.168.34.58:39356, 0847a6b9-7010-4ad2-bbf6-c57df44c7c73:192.168.34.58:34225], old=null
2019-09-18 05:57:01,315 [c879f5a9-5a3d-41ba-aee1-dd3bb0f6e709@group-1D3DE5143DAE:LeaderElection10] INFO  impl.LeaderElection (LeaderElection.java:logAndReturn(56)) - c879f5a9-5a3d-41ba-aee1-dd3bb0f6e709@group-1D3DE5143DAE:LeaderElection10: Election REJECTED; received 2 response(s) [c879f5a9-5a3d-41ba-aee1-dd3bb0f6e709<-c4fb2900-bec2-4ad9-93ed-a812fd0653dd#0:FAIL-t1, c879f5a9-5a3d-41ba-aee1-dd3bb0f6e709<-0847a6b9-7010-4ad2-bbf6-c57df44c7c73#0:FAIL-t1] and 0 exception(s); c879f5a9-5a3d-41ba-aee1-dd3bb0f6e709@group-1D3DE5143DAE:t1, leader=null, voted=c879f5a9-5a3d-41ba-aee1-dd3bb0f6e709, raftlog=c879f5a9-5a3d-41ba-aee1-dd3bb0f6e709@group-1D3DE5143DAE-SegmentedRaftLog:OPENED:c-1,f-1,i0, conf=-1: [c879f5a9-5a3d-41ba-aee1-dd3bb0f6e709:192.168.34.58:39730, c4fb2900-bec2-4ad9-93ed-a812fd0653dd:192.168.34.58:39356, 0847a6b9-7010-4ad2-bbf6-c57df44c7c73:192.168.34.58:34225], old=null
2019-09-18 05:57:01,315 [0847a6b9-7010-4ad2-bbf6-c57df44c7c73@group-1D3DE5143DAE:LeaderElection9] INFO  impl.RoleInfo (RoleInfo.java:shutdownLeaderElection(134)) - 0847a6b9-7010-4ad2-bbf6-c57df44c7c73: shutdown LeaderElection
2019-09-18 05:57:01,320 [c879f5a9-5a3d-41ba-aee1-dd3bb0f6e709@group-1D3DE5143DAE:LeaderElection10] INFO  impl.RaftServerImpl (RaftServerImpl.java:setRole(174)) - c879f5a9-5a3d-41ba-aee1-dd3bb0f6e709@group-1D3DE5143DAE: changes role from CANDIDATE to FOLLOWER at term 1 for DISCOVERED_A_NEW_TERM
2019-09-18 05:57:01,322 [0847a6b9-7010-4ad2-bbf6-c57df44c7c73@group-1D3DE5143DAE:LeaderElection9] INFO  impl.RaftServerImpl (RaftServerImpl.java:setRole(174)) - 0847a6b9-7010-4ad2-bbf6-c57df44c7c73@group-1D3DE5143DAE: changes role from CANDIDATE to LEADER at term 1 for changeToLeader
2019-09-18 05:57:01,322 [c879f5a9-5a3d-41ba-aee1-dd3bb0f6e709@group-1D3DE5143DAE:LeaderElection10] INFO  impl.RoleInfo (RoleInfo.java:shutdownLeaderElection(134)) - c879f5a9-5a3d-41ba-aee1-dd3bb0f6e709: shutdown LeaderElection
2019-09-18 05:57:01,322 [0847a6b9-7010-4ad2-bbf6-c57df44c7c73@group-1D3DE5143DAE:LeaderElection9] INFO  impl.RaftServerImpl (ServerState.java:setLeader(253)) - 0847a6b9-7010-4ad2-bbf6-c57df44c7c73@group-1D3DE5143DAE: change Leader from null to 0847a6b9-7010-4ad2-bbf6-c57df44c7c73 at term 1 for becomeLeader, leader elected after 5176ms
2019-09-18 05:57:01,323 [c879f5a9-5a3d-41ba-aee1-dd3bb0f6e709@group-1D3DE5143DAE:LeaderElection10] INFO  impl.RoleInfo (RoleInfo.java:updateAndGet(143)) - c879f5a9-5a3d-41ba-aee1-dd3bb0f6e709: start FollowerState
2019-09-18 05:57:01,323 [0847a6b9-7010-4ad2-bbf6-c57df44c7c73@group-1D3DE5143DAE:LeaderElection9] INFO  server.RaftServerConfigKeys (ConfUtils.java:logGet(43)) - raft.server.staging.catchup.gap = 1000 (default)
2019-09-18 05:57:01,324 [0847a6b9-7010-4ad2-bbf6-c57df44c7c73@group-1D3DE5143DAE:LeaderElection9] INFO  server.RaftServerConfigKeys (ConfUtils.java:logGet(43)) - raft.server.rpc.sleep.time = 25ms (default)
2019-09-18 05:57:01,324 [0847a6b9-7010-4ad2-bbf6-c57df44c7c73@group-1D3DE5143DAE:LeaderElection9] INFO  server.RaftServerConfigKeys (ConfUtils.java:logGet(43)) - raft.server.write.element-limit = 4096 (default)
2019-09-18 05:57:01,325 [0847a6b9-7010-4ad2-bbf6-c57df44c7c73@group-1D3DE5143DAE:LeaderElection9] INFO  server.RaftServerConfigKeys (ConfUtils.java:logGet(43)) - raft.server.watch.timeout = 10s (default)
2019-09-18 05:57:01,325 [0847a6b9-7010-4ad2-bbf6-c57df44c7c73@group-1D3DE5143DAE:LeaderElection9] INFO  server.RaftServerConfigKeys (ConfUtils.java:logGet(43)) - raft.server.watch.timeout.denomination = 1s (default)
2019-09-18 05:57:01,325 [0847a6b9-7010-4ad2-bbf6-c57df44c7c73@group-1D3DE5143DAE:LeaderElection9] INFO  server.RaftServerConfigKeys (ConfUtils.java:logGet(43)) - raft.server.watch.element-limit = 65536 (default)
2019-09-18 05:57:01,332 [0847a6b9-7010-4ad2-bbf6-c57df44c7c73@group-1D3DE5143DAE:LeaderElection9] INFO  server.RaftServerConfigKeys (ConfUtils.java:logGet(43)) - raft.server.log.appender.snapshot.chunk.size.max = 16MB (=16777216) (default)
2019-09-18 05:57:01,332 [0847a6b9-7010-4ad2-bbf6-c57df44c7c73@group-1D3DE5143DAE:LeaderElection9] INFO  server.RaftServerConfigKeys (ConfUtils.java:logGet(43)) - raft.server.log.appender.buffer.byte-limit = 33554432 (custom)
2019-09-18 05:57:01,333 [0847a6b9-7010-4ad2-bbf6-c57df44c7c73@group-1D3DE5143DAE:LeaderElection9] INFO  server.RaftServerConfigKeys (ConfUtils.java:logGet(43)) - raft.server.log.appender.buffer.element-limit = 1 (custom)
2019-09-18 05:57:01,338 [0847a6b9-7010-4ad2-bbf6-c57df44c7c73@group-1D3DE5143DAE:LeaderElection9] INFO  grpc.GrpcConfigKeys$Server (ConfUtils.java:logGet(43)) - raft.grpc.server.leader.outstanding.appends.max = 128 (default)
2019-09-18 05:57:01,338 [0847a6b9-7010-4ad2-bbf6-c57df44c7c73@group-1D3DE5143DAE:LeaderElection9] INFO  server.RaftServerConfigKeys (ConfUtils.java:logGet(43)) - raft.server.rpc.request.timeout = 3000ms (default)
2019-09-18 05:57:01,338 [0847a6b9-7010-4ad2-bbf6-c57df44c7c73@group-1D3DE5143DAE:LeaderElection9] INFO  server.RaftServerConfigKeys (ConfUtils.java:logGet(43)) - raft.server.log.appender.install.snapshot.enabled = false (custom)
2019-09-18 05:57:01,340 [0847a6b9-7010-4ad2-bbf6-c57df44c7c73@group-1D3DE5143DAE:LeaderElection9] INFO  server.RaftServerConfigKeys (ConfUtils.java:logGet(43)) - raft.server.log.appender.snapshot.chunk.size.max = 16MB (=16777216) (default)
2019-09-18 05:57:01,340 [0847a6b9-7010-4ad2-bbf6-c57df44c7c73@group-1D3DE5143DAE:LeaderElection9] INFO  server.RaftServerConfigKeys (ConfUtils.java:logGet(43)) - raft.server.log.appender.buffer.byte-limit = 33554432 (custom)
2019-09-18 05:57:01,340 [0847a6b9-7010-4ad2-bbf6-c57df44c7c73@group-1D3DE5143DAE:LeaderElection9] INFO  server.RaftServerConfigKeys (ConfUtils.java:logGet(43)) - raft.server.log.appender.buffer.element-limit = 1 (custom)
2019-09-18 05:57:01,340 [0847a6b9-7010-4ad2-bbf6-c57df44c7c73@group-1D3DE5143DAE:LeaderElection9] INFO  grpc.GrpcConfigKeys$Server (ConfUtils.java:logGet(43)) - raft.grpc.server.leader.outstanding.appends.max = 128 (default)
2019-09-18 05:57:01,341 [0847a6b9-7010-4ad2-bbf6-c57df44c7c73@group-1D3DE5143DAE:LeaderElection9] INFO  server.RaftServerConfigKeys (ConfUtils.java:logGet(43)) - raft.server.rpc.request.timeout = 3000ms (default)
2019-09-18 05:57:01,341 [0847a6b9-7010-4ad2-bbf6-c57df44c7c73@group-1D3DE5143DAE:LeaderElection9] INFO  server.RaftServerConfigKeys (ConfUtils.java:logGet(43)) - raft.server.log.appender.install.snapshot.enabled = false (custom)
2019-09-18 05:57:01,345 [0847a6b9-7010-4ad2-bbf6-c57df44c7c73@group-1D3DE5143DAE:LeaderElection9] INFO  impl.RoleInfo (RoleInfo.java:updateAndGet(143)) - 0847a6b9-7010-4ad2-bbf6-c57df44c7c73: start LeaderState
2019-09-18 05:57:01,345 [0847a6b9-7010-4ad2-bbf6-c57df44c7c73@group-1D3DE5143DAE:LeaderElection9] INFO  segmented.SegmentedRaftLogWorker (SegmentedRaftLogWorker.java:startLogSegment(380)) - 0847a6b9-7010-4ad2-bbf6-c57df44c7c73@group-1D3DE5143DAE-SegmentedRaftLogWorker: Starting segment from index:0
2019-09-18 05:57:01,346 [0847a6b9-7010-4ad2-bbf6-c57df44c7c73@group-1D3DE5143DAE:LeaderElection9] INFO  impl.RaftServerImpl (ServerState.java:setRaftConf(354)) - 0847a6b9-7010-4ad2-bbf6-c57df44c7c73@group-1D3DE5143DAE: set configuration 0: [c879f5a9-5a3d-41ba-aee1-dd3bb0f6e709:192.168.34.58:39730, c4fb2900-bec2-4ad9-93ed-a812fd0653dd:192.168.34.58:39356, 0847a6b9-7010-4ad2-bbf6-c57df44c7c73:192.168.34.58:34225], old=null at 0
2019-09-18 05:57:01,384 [grpc-default-executor-2] INFO  impl.RaftServerImpl (ServerState.java:setLeader(253)) - c4fb2900-bec2-4ad9-93ed-a812fd0653dd@group-1D3DE5143DAE: change Leader from null to 0847a6b9-7010-4ad2-bbf6-c57df44c7c73 at term 1 for appendEntries, leader elected after 5238ms
2019-09-18 05:57:01,384 [grpc-default-executor-3] INFO  impl.RaftServerImpl (ServerState.java:setLeader(253)) - c879f5a9-5a3d-41ba-aee1-dd3bb0f6e709@group-1D3DE5143DAE: change Leader from null to 0847a6b9-7010-4ad2-bbf6-c57df44c7c73 at term 1 for appendEntries, leader elected after 5242ms
2019-09-18 05:57:01,405 [0847a6b9-7010-4ad2-bbf6-c57df44c7c73@group-1D3DE5143DAE-SegmentedRaftLogWorker] INFO  segmented.SegmentedRaftLogWorker (SegmentedRaftLogWorker.java:execute(569)) - 0847a6b9-7010-4ad2-bbf6-c57df44c7c73@group-1D3DE5143DAE-SegmentedRaftLogWorker: created new log segment /workdir/hadoop-ozone/integration-test/target/test-dir/MiniOzoneClusterImpl-7e150d22-1a1f-47f1-b170-93e0081f87e5/datanode-3/data/ratis/e21599e8-1662-4262-a7ac-1d3de5143dae/current/log_inprogress_0
2019-09-18 05:57:01,413 [grpc-default-executor-3] INFO  impl.RaftServerImpl (ServerState.java:setRaftConf(354)) - c879f5a9-5a3d-41ba-aee1-dd3bb0f6e709@group-1D3DE5143DAE: set configuration 0: [c879f5a9-5a3d-41ba-aee1-dd3bb0f6e709:192.168.34.58:39730, c4fb2900-bec2-4ad9-93ed-a812fd0653dd:192.168.34.58:39356, 0847a6b9-7010-4ad2-bbf6-c57df44c7c73:192.168.34.58:34225], old=null at 0
2019-09-18 05:57:01,413 [grpc-default-executor-2] INFO  impl.RaftServerImpl (ServerState.java:setRaftConf(354)) - c4fb2900-bec2-4ad9-93ed-a812fd0653dd@group-1D3DE5143DAE: set configuration 0: [c879f5a9-5a3d-41ba-aee1-dd3bb0f6e709:192.168.34.58:39730, c4fb2900-bec2-4ad9-93ed-a812fd0653dd:192.168.34.58:39356, 0847a6b9-7010-4ad2-bbf6-c57df44c7c73:192.168.34.58:34225], old=null at 0
2019-09-18 05:57:01,414 [grpc-default-executor-3] INFO  segmented.SegmentedRaftLogWorker (SegmentedRaftLogWorker.java:startLogSegment(380)) - c879f5a9-5a3d-41ba-aee1-dd3bb0f6e709@group-1D3DE5143DAE-SegmentedRaftLogWorker: Starting segment from index:0
2019-09-18 05:57:01,414 [grpc-default-executor-2] INFO  segmented.SegmentedRaftLogWorker (SegmentedRaftLogWorker.java:startLogSegment(380)) - c4fb2900-bec2-4ad9-93ed-a812fd0653dd@group-1D3DE5143DAE-SegmentedRaftLogWorker: Starting segment from index:0
2019-09-18 05:57:01,461 [c4fb2900-bec2-4ad9-93ed-a812fd0653dd@group-1D3DE5143DAE-SegmentedRaftLogWorker] INFO  segmented.SegmentedRaftLogWorker (SegmentedRaftLogWorker.java:execute(569)) - c4fb2900-bec2-4ad9-93ed-a812fd0653dd@group-1D3DE5143DAE-SegmentedRaftLogWorker: created new log segment /workdir/hadoop-ozone/integration-test/target/test-dir/MiniOzoneClusterImpl-7e150d22-1a1f-47f1-b170-93e0081f87e5/datanode-2/data/ratis/e21599e8-1662-4262-a7ac-1d3de5143dae/current/log_inprogress_0
2019-09-18 05:57:01,461 [c879f5a9-5a3d-41ba-aee1-dd3bb0f6e709@group-1D3DE5143DAE-SegmentedRaftLogWorker] INFO  segmented.SegmentedRaftLogWorker (SegmentedRaftLogWorker.java:execute(569)) - c879f5a9-5a3d-41ba-aee1-dd3bb0f6e709@group-1D3DE5143DAE-SegmentedRaftLogWorker: created new log segment /workdir/hadoop-ozone/integration-test/target/test-dir/MiniOzoneClusterImpl-7e150d22-1a1f-47f1-b170-93e0081f87e5/datanode-1/data/ratis/e21599e8-1662-4262-a7ac-1d3de5143dae/current/log_inprogress_0
2019-09-18 05:57:02,281 [grpc-default-executor-2] INFO  client.GrpcClientProtocolClient (GrpcClientProtocolClient.java:onNext(264)) - client-48995F7B2C78->c4fb2900-bec2-4ad9-93ed-a812fd0653dd: receive RaftClientReply:client-48995F7B2C78->c4fb2900-bec2-4ad9-93ed-a812fd0653dd@group-68C2CF9E978D, cid=7, FAILED org.apache.ratis.protocol.NotLeaderException: Server c4fb2900-bec2-4ad9-93ed-a812fd0653dd@group-68C2CF9E978D is not the leader, logIndex=0, commits[c4fb2900-bec2-4ad9-93ed-a812fd0653dd:c-1]
2019-09-18 05:57:02,579 [ReplicationMonitor] INFO  container.ReplicationManager (ReplicationManager.java:run(225)) - Replication Monitor Thread took 0 milliseconds for processing 1 containers.
2019-09-18 05:57:03,305 [grpc-default-executor-2] INFO  client.GrpcClientProtocolClient (GrpcClientProtocolClient.java:onNext(264)) - client-48995F7B2C78->c879f5a9-5a3d-41ba-aee1-dd3bb0f6e709: receive RaftClientReply:client-48995F7B2C78->c879f5a9-5a3d-41ba-aee1-dd3bb0f6e709@group-68C2CF9E978D, cid=7, FAILED org.apache.ratis.protocol.NotLeaderException: Server c879f5a9-5a3d-41ba-aee1-dd3bb0f6e709@group-68C2CF9E978D is not the leader, logIndex=0, commits[c879f5a9-5a3d-41ba-aee1-dd3bb0f6e709:c-1]
2019-09-18 05:57:04,329 [grpc-default-executor-3] INFO  client.GrpcClientProtocolClient (GrpcClientProtocolClient.java:onNext(264)) - client-48995F7B2C78->0847a6b9-7010-4ad2-bbf6-c57df44c7c73: receive RaftClientReply:client-48995F7B2C78->0847a6b9-7010-4ad2-bbf6-c57df44c7c73@group-68C2CF9E978D, cid=7, FAILED org.apache.ratis.protocol.NotLeaderException: Server 0847a6b9-7010-4ad2-bbf6-c57df44c7c73@group-68C2CF9E978D is not the leader, logIndex=0, commits[0847a6b9-7010-4ad2-bbf6-c57df44c7c73:c-1]
2019-09-18 05:57:04,580 [ReplicationMonitor] INFO  container.ReplicationManager (ReplicationManager.java:run(225)) - Replication Monitor Thread took 0 milliseconds for processing 1 containers.
2019-09-18 05:57:04,750 [Thread-263] INFO  impl.FollowerState (FollowerState.java:run(106)) - c879f5a9-5a3d-41ba-aee1-dd3bb0f6e709:group-68C2CF9E978D changes to CANDIDATE, lastRpcTime:5061, electionTimeout:5060ms
2019-09-18 05:57:04,751 [Thread-263] INFO  impl.RoleInfo (RoleInfo.java:shutdownFollowerState(121)) - c879f5a9-5a3d-41ba-aee1-dd3bb0f6e709: shutdown FollowerState
2019-09-18 05:57:04,751 [Thread-263] INFO  impl.RaftServerImpl (RaftServerImpl.java:setRole(174)) - c879f5a9-5a3d-41ba-aee1-dd3bb0f6e709@group-68C2CF9E978D: changes role from  FOLLOWER to CANDIDATE at term 1 for changeToCandidate
2019-09-18 05:57:04,751 [Thread-263] INFO  impl.RoleInfo (RoleInfo.java:updateAndGet(143)) - c879f5a9-5a3d-41ba-aee1-dd3bb0f6e709: start LeaderElection
2019-09-18 05:57:04,769 [c879f5a9-5a3d-41ba-aee1-dd3bb0f6e709@group-68C2CF9E978D:LeaderElection11] INFO  impl.LeaderElection (LeaderElection.java:askForVotes(182)) - c879f5a9-5a3d-41ba-aee1-dd3bb0f6e709@group-68C2CF9E978D:LeaderElection11: begin an election at term 2 for -1: [c879f5a9-5a3d-41ba-aee1-dd3bb0f6e709:192.168.34.58:39730, c4fb2900-bec2-4ad9-93ed-a812fd0653dd:192.168.34.58:39356, 0847a6b9-7010-4ad2-bbf6-c57df44c7c73:192.168.34.58:34225], old=null
2019-09-18 05:57:04,774 [grpc-default-executor-2] INFO  impl.RaftServerImpl (RaftServerImpl.java:setRole(174)) - 0847a6b9-7010-4ad2-bbf6-c57df44c7c73@group-68C2CF9E978D: changes role from  FOLLOWER to FOLLOWER at term 2 for recognizeCandidate:c879f5a9-5a3d-41ba-aee1-dd3bb0f6e709
2019-09-18 05:57:04,774 [grpc-default-executor-2] INFO  impl.RoleInfo (RoleInfo.java:shutdownFollowerState(121)) - 0847a6b9-7010-4ad2-bbf6-c57df44c7c73: shutdown FollowerState
2019-09-18 05:57:04,775 [grpc-default-executor-2] INFO  impl.RoleInfo (RoleInfo.java:updateAndGet(143)) - 0847a6b9-7010-4ad2-bbf6-c57df44c7c73: start FollowerState
2019-09-18 05:57:04,775 [Thread-262] INFO  impl.FollowerState (FollowerState.java:run(115)) - 0847a6b9-7010-4ad2-bbf6-c57df44c7c73: FollowerState was interrupted: java.lang.InterruptedException: sleep interrupted
2019-09-18 05:57:04,777 [grpc-default-executor-3] INFO  impl.RaftServerImpl (RaftServerImpl.java:setRole(174)) - c4fb2900-bec2-4ad9-93ed-a812fd0653dd@group-68C2CF9E978D: changes role from  FOLLOWER to FOLLOWER at term 2 for recognizeCandidate:c879f5a9-5a3d-41ba-aee1-dd3bb0f6e709
2019-09-18 05:57:04,777 [grpc-default-executor-3] INFO  impl.RoleInfo (RoleInfo.java:shutdownFollowerState(121)) - c4fb2900-bec2-4ad9-93ed-a812fd0653dd: shutdown FollowerState
2019-09-18 05:57:04,778 [grpc-default-executor-3] INFO  impl.RoleInfo (RoleInfo.java:updateAndGet(143)) - c4fb2900-bec2-4ad9-93ed-a812fd0653dd: start FollowerState
2019-09-18 05:57:04,778 [Thread-261] INFO  impl.FollowerState (FollowerState.java:run(115)) - c4fb2900-bec2-4ad9-93ed-a812fd0653dd: FollowerState was interrupted: java.lang.InterruptedException: sleep interrupted
2019-09-18 05:57:04,792 [c879f5a9-5a3d-41ba-aee1-dd3bb0f6e709@group-68C2CF9E978D:LeaderElection11] INFO  impl.LeaderElection (LeaderElection.java:logAndReturn(56)) - c879f5a9-5a3d-41ba-aee1-dd3bb0f6e709@group-68C2CF9E978D:LeaderElection11: Election PASSED; received 1 response(s) [c879f5a9-5a3d-41ba-aee1-dd3bb0f6e709<-0847a6b9-7010-4ad2-bbf6-c57df44c7c73#0:OK-t2] and 0 exception(s); c879f5a9-5a3d-41ba-aee1-dd3bb0f6e709@group-68C2CF9E978D:t2, leader=null, voted=c879f5a9-5a3d-41ba-aee1-dd3bb0f6e709, raftlog=c879f5a9-5a3d-41ba-aee1-dd3bb0f6e709@group-68C2CF9E978D-SegmentedRaftLog:OPENED:c-1,f-1,i0, conf=-1: [c879f5a9-5a3d-41ba-aee1-dd3bb0f6e709:192.168.34.58:39730, c4fb2900-bec2-4ad9-93ed-a812fd0653dd:192.168.34.58:39356, 0847a6b9-7010-4ad2-bbf6-c57df44c7c73:192.168.34.58:34225], old=null
2019-09-18 05:57:04,792 [c879f5a9-5a3d-41ba-aee1-dd3bb0f6e709@group-68C2CF9E978D:LeaderElection11] INFO  impl.RoleInfo (RoleInfo.java:shutdownLeaderElection(134)) - c879f5a9-5a3d-41ba-aee1-dd3bb0f6e709: shutdown LeaderElection
2019-09-18 05:57:04,795 [c879f5a9-5a3d-41ba-aee1-dd3bb0f6e709@group-68C2CF9E978D:LeaderElection11] INFO  impl.RaftServerImpl (RaftServerImpl.java:setRole(174)) - c879f5a9-5a3d-41ba-aee1-dd3bb0f6e709@group-68C2CF9E978D: changes role from CANDIDATE to LEADER at term 2 for changeToLeader
2019-09-18 05:57:04,795 [c879f5a9-5a3d-41ba-aee1-dd3bb0f6e709@group-68C2CF9E978D:LeaderElection11] INFO  impl.RaftServerImpl (ServerState.java:setLeader(253)) - c879f5a9-5a3d-41ba-aee1-dd3bb0f6e709@group-68C2CF9E978D: change Leader from null to c879f5a9-5a3d-41ba-aee1-dd3bb0f6e709 at term 2 for becomeLeader, leader elected after 10267ms
2019-09-18 05:57:04,796 [c879f5a9-5a3d-41ba-aee1-dd3bb0f6e709@group-68C2CF9E978D:LeaderElection11] INFO  server.RaftServerConfigKeys (ConfUtils.java:logGet(43)) - raft.server.staging.catchup.gap = 1000 (default)
2019-09-18 05:57:04,796 [c879f5a9-5a3d-41ba-aee1-dd3bb0f6e709@group-68C2CF9E978D:LeaderElection11] INFO  server.RaftServerConfigKeys (ConfUtils.java:logGet(43)) - raft.server.rpc.sleep.time = 25ms (default)
2019-09-18 05:57:04,796 [c879f5a9-5a3d-41ba-aee1-dd3bb0f6e709@group-68C2CF9E978D:LeaderElection11] INFO  server.RaftServerConfigKeys (ConfUtils.java:logGet(43)) - raft.server.write.element-limit = 4096 (default)
2019-09-18 05:57:04,797 [c879f5a9-5a3d-41ba-aee1-dd3bb0f6e709@group-68C2CF9E978D:LeaderElection11] INFO  server.RaftServerConfigKeys (ConfUtils.java:logGet(43)) - raft.server.watch.timeout = 10s (default)
2019-09-18 05:57:04,797 [c879f5a9-5a3d-41ba-aee1-dd3bb0f6e709@group-68C2CF9E978D:LeaderElection11] INFO  server.RaftServerConfigKeys (ConfUtils.java:logGet(43)) - raft.server.watch.timeout.denomination = 1s (default)
2019-09-18 05:57:04,797 [c879f5a9-5a3d-41ba-aee1-dd3bb0f6e709@group-68C2CF9E978D:LeaderElection11] INFO  server.RaftServerConfigKeys (ConfUtils.java:logGet(43)) - raft.server.watch.element-limit = 65536 (default)
2019-09-18 05:57:04,802 [c879f5a9-5a3d-41ba-aee1-dd3bb0f6e709@group-68C2CF9E978D:LeaderElection11] INFO  server.RaftServerConfigKeys (ConfUtils.java:logGet(43)) - raft.server.log.appender.snapshot.chunk.size.max = 16MB (=16777216) (default)
2019-09-18 05:57:04,802 [c879f5a9-5a3d-41ba-aee1-dd3bb0f6e709@group-68C2CF9E978D:LeaderElection11] INFO  server.RaftServerConfigKeys (ConfUtils.java:logGet(43)) - raft.server.log.appender.buffer.byte-limit = 33554432 (custom)
2019-09-18 05:57:04,802 [c879f5a9-5a3d-41ba-aee1-dd3bb0f6e709@group-68C2CF9E978D:LeaderElection11] INFO  server.RaftServerConfigKeys (ConfUtils.java:logGet(43)) - raft.server.log.appender.buffer.element-limit = 1 (custom)
2019-09-18 05:57:04,803 [c879f5a9-5a3d-41ba-aee1-dd3bb0f6e709@group-68C2CF9E978D:LeaderElection11] INFO  grpc.GrpcConfigKeys$Server (ConfUtils.java:logGet(43)) - raft.grpc.server.leader.outstanding.appends.max = 128 (default)
2019-09-18 05:57:04,804 [c879f5a9-5a3d-41ba-aee1-dd3bb0f6e709@group-68C2CF9E978D:LeaderElection11] INFO  server.RaftServerConfigKeys (ConfUtils.java:logGet(43)) - raft.server.rpc.request.timeout = 3000ms (default)
2019-09-18 05:57:04,805 [c879f5a9-5a3d-41ba-aee1-dd3bb0f6e709@group-68C2CF9E978D:LeaderElection11] INFO  server.RaftServerConfigKeys (ConfUtils.java:logGet(43)) - raft.server.log.appender.install.snapshot.enabled = false (custom)
2019-09-18 05:57:04,805 [c879f5a9-5a3d-41ba-aee1-dd3bb0f6e709@group-68C2CF9E978D:LeaderElection11] INFO  server.RaftServerConfigKeys (ConfUtils.java:logGet(43)) - raft.server.log.appender.snapshot.chunk.size.max = 16MB (=16777216) (default)
2019-09-18 05:57:04,805 [c879f5a9-5a3d-41ba-aee1-dd3bb0f6e709@group-68C2CF9E978D:LeaderElection11] INFO  server.RaftServerConfigKeys (ConfUtils.java:logGet(43)) - raft.server.log.appender.buffer.byte-limit = 33554432 (custom)
2019-09-18 05:57:04,806 [c879f5a9-5a3d-41ba-aee1-dd3bb0f6e709@group-68C2CF9E978D:LeaderElection11] INFO  server.RaftServerConfigKeys (ConfUtils.java:logGet(43)) - raft.server.log.appender.buffer.element-limit = 1 (custom)
2019-09-18 05:57:04,806 [c879f5a9-5a3d-41ba-aee1-dd3bb0f6e709@group-68C2CF9E978D:LeaderElection11] INFO  grpc.GrpcConfigKeys$Server (ConfUtils.java:logGet(43)) - raft.grpc.server.leader.outstanding.appends.max = 128 (default)
2019-09-18 05:57:04,806 [c879f5a9-5a3d-41ba-aee1-dd3bb0f6e709@group-68C2CF9E978D:LeaderElection11] INFO  server.RaftServerConfigKeys (ConfUtils.java:logGet(43)) - raft.server.rpc.request.timeout = 3000ms (default)
2019-09-18 05:57:04,806 [c879f5a9-5a3d-41ba-aee1-dd3bb0f6e709@group-68C2CF9E978D:LeaderElection11] INFO  server.RaftServerConfigKeys (ConfUtils.java:logGet(43)) - raft.server.log.appender.install.snapshot.enabled = false (custom)
2019-09-18 05:57:04,807 [c879f5a9-5a3d-41ba-aee1-dd3bb0f6e709@group-68C2CF9E978D:LeaderElection11] INFO  impl.RoleInfo (RoleInfo.java:updateAndGet(143)) - c879f5a9-5a3d-41ba-aee1-dd3bb0f6e709: start LeaderState
2019-09-18 05:57:04,807 [c879f5a9-5a3d-41ba-aee1-dd3bb0f6e709@group-68C2CF9E978D:LeaderElection11] INFO  segmented.SegmentedRaftLogWorker (SegmentedRaftLogWorker.java:startLogSegment(380)) - c879f5a9-5a3d-41ba-aee1-dd3bb0f6e709@group-68C2CF9E978D-SegmentedRaftLogWorker: Starting segment from index:0
2019-09-18 05:57:04,808 [c879f5a9-5a3d-41ba-aee1-dd3bb0f6e709@group-68C2CF9E978D:LeaderElection11] INFO  impl.RaftServerImpl (ServerState.java:setRaftConf(354)) - c879f5a9-5a3d-41ba-aee1-dd3bb0f6e709@group-68C2CF9E978D: set configuration 0: [c879f5a9-5a3d-41ba-aee1-dd3bb0f6e709:192.168.34.58:39730, c4fb2900-bec2-4ad9-93ed-a812fd0653dd:192.168.34.58:39356, 0847a6b9-7010-4ad2-bbf6-c57df44c7c73:192.168.34.58:34225], old=null at 0
2019-09-18 05:57:04,854 [grpc-default-executor-3] INFO  impl.RaftServerImpl (ServerState.java:setLeader(253)) - 0847a6b9-7010-4ad2-bbf6-c57df44c7c73@group-68C2CF9E978D: change Leader from null to c879f5a9-5a3d-41ba-aee1-dd3bb0f6e709 at term 2 for appendEntries, leader elected after 10325ms
2019-09-18 05:57:04,856 [grpc-default-executor-2] INFO  impl.RaftServerImpl (ServerState.java:setLeader(253)) - c4fb2900-bec2-4ad9-93ed-a812fd0653dd@group-68C2CF9E978D: change Leader from null to c879f5a9-5a3d-41ba-aee1-dd3bb0f6e709 at term 2 for appendEntries, leader elected after 10326ms
2019-09-18 05:57:04,861 [grpc-default-executor-3] INFO  impl.RaftServerImpl (ServerState.java:setRaftConf(354)) - 0847a6b9-7010-4ad2-bbf6-c57df44c7c73@group-68C2CF9E978D: set configuration 0: [c879f5a9-5a3d-41ba-aee1-dd3bb0f6e709:192.168.34.58:39730, c4fb2900-bec2-4ad9-93ed-a812fd0653dd:192.168.34.58:39356, 0847a6b9-7010-4ad2-bbf6-c57df44c7c73:192.168.34.58:34225], old=null at 0
2019-09-18 05:57:04,861 [grpc-default-executor-3] INFO  segmented.SegmentedRaftLogWorker (SegmentedRaftLogWorker.java:startLogSegment(380)) - 0847a6b9-7010-4ad2-bbf6-c57df44c7c73@group-68C2CF9E978D-SegmentedRaftLogWorker: Starting segment from index:0
2019-09-18 05:57:04,861 [grpc-default-executor-2] INFO  impl.RaftServerImpl (ServerState.java:setRaftConf(354)) - c4fb2900-bec2-4ad9-93ed-a812fd0653dd@group-68C2CF9E978D: set configuration 0: [c879f5a9-5a3d-41ba-aee1-dd3bb0f6e709:192.168.34.58:39730, c4fb2900-bec2-4ad9-93ed-a812fd0653dd:192.168.34.58:39356, 0847a6b9-7010-4ad2-bbf6-c57df44c7c73:192.168.34.58:34225], old=null at 0
2019-09-18 05:57:04,862 [grpc-default-executor-2] INFO  segmented.SegmentedRaftLogWorker (SegmentedRaftLogWorker.java:startLogSegment(380)) - c4fb2900-bec2-4ad9-93ed-a812fd0653dd@group-68C2CF9E978D-SegmentedRaftLogWorker: Starting segment from index:0
2019-09-18 05:57:04,871 [c879f5a9-5a3d-41ba-aee1-dd3bb0f6e709@group-68C2CF9E978D-SegmentedRaftLogWorker] INFO  segmented.SegmentedRaftLogWorker (SegmentedRaftLogWorker.java:execute(569)) - c879f5a9-5a3d-41ba-aee1-dd3bb0f6e709@group-68C2CF9E978D-SegmentedRaftLogWorker: created new log segment /workdir/hadoop-ozone/integration-test/target/test-dir/MiniOzoneClusterImpl-7e150d22-1a1f-47f1-b170-93e0081f87e5/datanode-1/data/ratis/3565b3cb-830c-43f9-aef9-68c2cf9e978d/current/log_inprogress_0
2019-09-18 05:57:04,922 [c4fb2900-bec2-4ad9-93ed-a812fd0653dd@group-68C2CF9E978D-SegmentedRaftLogWorker] INFO  segmented.SegmentedRaftLogWorker (SegmentedRaftLogWorker.java:execute(569)) - c4fb2900-bec2-4ad9-93ed-a812fd0653dd@group-68C2CF9E978D-SegmentedRaftLogWorker: created new log segment /workdir/hadoop-ozone/integration-test/target/test-dir/MiniOzoneClusterImpl-7e150d22-1a1f-47f1-b170-93e0081f87e5/datanode-2/data/ratis/3565b3cb-830c-43f9-aef9-68c2cf9e978d/current/log_inprogress_0
2019-09-18 05:57:04,922 [0847a6b9-7010-4ad2-bbf6-c57df44c7c73@group-68C2CF9E978D-SegmentedRaftLogWorker] INFO  segmented.SegmentedRaftLogWorker (SegmentedRaftLogWorker.java:execute(569)) - 0847a6b9-7010-4ad2-bbf6-c57df44c7c73@group-68C2CF9E978D-SegmentedRaftLogWorker: created new log segment /workdir/hadoop-ozone/integration-test/target/test-dir/MiniOzoneClusterImpl-7e150d22-1a1f-47f1-b170-93e0081f87e5/datanode-3/data/ratis/3565b3cb-830c-43f9-aef9-68c2cf9e978d/current/log_inprogress_0
2019-09-18 05:57:05,351 [grpc-default-executor-3] INFO  client.GrpcClientProtocolClient (GrpcClientProtocolClient.java:onNext(264)) - client-48995F7B2C78->c4fb2900-bec2-4ad9-93ed-a812fd0653dd: receive RaftClientReply:client-48995F7B2C78->c4fb2900-bec2-4ad9-93ed-a812fd0653dd@group-68C2CF9E978D, cid=7, FAILED org.apache.ratis.protocol.NotLeaderException: Server c4fb2900-bec2-4ad9-93ed-a812fd0653dd@group-68C2CF9E978D is not the leader c879f5a9-5a3d-41ba-aee1-dd3bb0f6e709:192.168.34.58:39730, logIndex=0, commits[c4fb2900-bec2-4ad9-93ed-a812fd0653dd:c-1, c879f5a9-5a3d-41ba-aee1-dd3bb0f6e709:c-1, 0847a6b9-7010-4ad2-bbf6-c57df44c7c73:c-1]
2019-09-18 05:57:05,635 [grpc-default-executor-2] INFO  client.GrpcClientProtocolClient (GrpcClientProtocolClient.java:onNext(264)) - client-48995F7B2C78->c879f5a9-5a3d-41ba-aee1-dd3bb0f6e709: receive RaftClientReply:client-48995F7B2C78->c879f5a9-5a3d-41ba-aee1-dd3bb0f6e709@group-68C2CF9E978D, cid=7, SUCCESS, logIndex=1, commits[c879f5a9-5a3d-41ba-aee1-dd3bb0f6e709:c1, c4fb2900-bec2-4ad9-93ed-a812fd0653dd:c1, 0847a6b9-7010-4ad2-bbf6-c57df44c7c73:c0]
2019-09-18 05:57:05,749 [grpc-default-executor-3] INFO  client.GrpcClientProtocolClient (GrpcClientProtocolClient.java:onNext(264)) - client-48995F7B2C78->c879f5a9-5a3d-41ba-aee1-dd3bb0f6e709: receive RaftClientReply:client-48995F7B2C78->c879f5a9-5a3d-41ba-aee1-dd3bb0f6e709@group-68C2CF9E978D, cid=9, SUCCESS, logIndex=3, commits[c879f5a9-5a3d-41ba-aee1-dd3bb0f6e709:c4, c4fb2900-bec2-4ad9-93ed-a812fd0653dd:c3, 0847a6b9-7010-4ad2-bbf6-c57df44c7c73:c3]
2019-09-18 05:57:05,787 [main] ERROR container.ContainerStateManager (ContainerStateManager.java:updateContainerState(335)) - Failed to update container state #1, reason: invalid state transition from state: CLOSING upon event: FINALIZE.
]]></system-out>
    <system-err><![CDATA[ERROR StatusLogger No Log4j 2 configuration file found. Using default configuration (logging only errors to the console), or user programmatically provided configurations. Set system property 'log4j2.debug' to show Log4j 2 internal initialization logging. See https://logging.apache.org/log4j/2.x/manual/configuration.html for instructions on how to configure Log4j 2
]]></system-err>
  </testcase>
</testsuite>