<?xml version="1.0" encoding="UTF-8"?>
<testsuite xmlns:xsi="http://www.w3.org/2001/XMLSchema-instance" xsi:noNamespaceSchemaLocation="https://maven.apache.org/surefire/maven-surefire-plugin/xsd/surefire-test-report.xsd" name="org.apache.hadoop.ozone.freon.TestRandomKeyGenerator" time="122.739" tests="6" errors="1" skipped="0" failures="0">
  <properties>
    <property name="awt.toolkit" value="sun.awt.X11.XToolkit"/>
    <property name="file.encoding.pkg" value="sun.io"/>
    <property name="java.specification.version" value="1.8"/>
    <property name="sun.cpu.isalist" value=""/>
    <property name="sun.jnu.encoding" value="UTF-8"/>
    <property name="java.class.path" value="/workdir/hadoop-ozone/tools/target/test-classes:/workdir/hadoop-ozone/tools/target/classes:/home/user/.m2/repository/org/apache/hadoop/hadoop-ozone-ozone-manager/0.5.0-SNAPSHOT/hadoop-ozone-ozone-manager-0.5.0-SNAPSHOT.jar:/home/user/.m2/repository/org/apache/hadoop/hadoop-hdds-docs/0.5.0-SNAPSHOT/hadoop-hdds-docs-0.5.0-SNAPSHOT.jar:/home/user/.m2/repository/org/bouncycastle/bcprov-jdk15on/1.60/bcprov-jdk15on-1.60.jar:/home/user/.m2/repository/org/apache/hadoop/hadoop-ozone-common/0.5.0-SNAPSHOT/hadoop-ozone-common-0.5.0-SNAPSHOT.jar:/home/user/.m2/repository/org/apache/commons/commons-compress/1.4.1/commons-compress-1.4.1.jar:/home/user/.m2/repository/org/tukaani/xz/1.0/xz-1.0.jar:/home/user/.m2/repository/org/apache/hadoop/hadoop-hdfs-client/3.2.0/hadoop-hdfs-client-3.2.0.jar:/home/user/.m2/repository/com/fasterxml/jackson/core/jackson-annotations/2.9.5/jackson-annotations-2.9.5.jar:/home/user/.m2/repository/org/apache/hadoop/hadoop-hdds-common/0.5.0-SNAPSHOT/hadoop-hdds-common-0.5.0-SNAPSHOT.jar:/home/user/.m2/repository/org/apache/hadoop/hadoop-hdds-config/0.5.0-SNAPSHOT/hadoop-hdds-config-0.5.0-SNAPSHOT.jar:/home/user/.m2/repository/javax/annotation/javax.annotation-api/1.2/javax.annotation-api-1.2.jar:/home/user/.m2/repository/org/apache/ratis/ratis-server/0.4.0-2337318-SNAPSHOT/ratis-server-0.4.0-2337318-SNAPSHOT.jar:/home/user/.m2/repository/org/apache/ratis/ratis-thirdparty-misc/0.2.0/ratis-thirdparty-misc-0.2.0.jar:/home/user/.m2/repository/org/apache/ratis/ratis-proto/0.4.0-2337318-SNAPSHOT/ratis-proto-0.4.0-2337318-SNAPSHOT.jar:/home/user/.m2/repository/org/apache/ratis/ratis-common/0.4.0-2337318-SNAPSHOT/ratis-common-0.4.0-2337318-SNAPSHOT.jar:/home/user/.m2/repository/org/apache/ratis/ratis-client/0.4.0-2337318-SNAPSHOT/ratis-client-0.4.0-2337318-SNAPSHOT.jar:/home/user/.m2/repository/org/apache/ratis/ratis-metrics/0.4.0-2337318-SNAPSHOT/ratis-metrics-0.4.0-2337318-SNAPSHOT.jar:/home/user/.m2/repository/org/apache/ratis/ratis-netty/0.4.0-2337318-SNAPSHOT/ratis-netty-0.4.0-2337318-SNAPSHOT.jar:/home/user/.m2/repository/org/apache/ratis/ratis-grpc/0.4.0-2337318-SNAPSHOT/ratis-grpc-0.4.0-2337318-SNAPSHOT.jar:/home/user/.m2/repository/org/rocksdb/rocksdbjni/6.0.1/rocksdbjni-6.0.1.jar:/home/user/.m2/repository/org/apache/logging/log4j/log4j-api/2.11.0/log4j-api-2.11.0.jar:/home/user/.m2/repository/org/apache/logging/log4j/log4j-core/2.11.0/log4j-core-2.11.0.jar:/home/user/.m2/repository/com/lmax/disruptor/3.4.2/disruptor-3.4.2.jar:/home/user/.m2/repository/org/apache/commons/commons-pool2/2.6.0/commons-pool2-2.6.0.jar:/home/user/.m2/repository/org/bouncycastle/bcpkix-jdk15on/1.60/bcpkix-jdk15on-1.60.jar:/home/user/.m2/repository/commons-validator/commons-validator/1.6/commons-validator-1.6.jar:/home/user/.m2/repository/commons-digester/commons-digester/1.8.1/commons-digester-1.8.1.jar:/home/user/.m2/repository/io/jaegertracing/jaeger-client/0.33.1/jaeger-client-0.33.1.jar:/home/user/.m2/repository/io/jaegertracing/jaeger-thrift/0.33.1/jaeger-thrift-0.33.1.jar:/home/user/.m2/repository/org/apache/thrift/libthrift/0.11.0/libthrift-0.11.0.jar:/home/user/.m2/repository/com/squareup/okhttp3/okhttp/3.9.0/okhttp-3.9.0.jar:/home/user/.m2/repository/com/squareup/okio/okio/1.13.0/okio-1.13.0.jar:/home/user/.m2/repository/io/jaegertracing/jaeger-core/0.33.1/jaeger-core-0.33.1.jar:/home/user/.m2/repository/io/jaegertracing/jaeger-tracerresolver/0.33.1/jaeger-tracerresolver-0.33.1.jar:/home/user/.m2/repository/io/opentracing/contrib/opentracing-tracerresolver/0.1.5/opentracing-tracerresolver-0.1.5.jar:/home/user/.m2/repository/io/opentracing/opentracing-util/0.31.0/opentracing-util-0.31.0.jar:/home/user/.m2/repository/io/opentracing/opentracing-api/0.31.0/opentracing-api-0.31.0.jar:/home/user/.m2/repository/io/opentracing/opentracing-noop/0.31.0/opentracing-noop-0.31.0.jar:/home/user/.m2/repository/org/yaml/snakeyaml/1.16/snakeyaml-1.16.jar:/home/user/.m2/repository/org/apache/hadoop/hadoop-hdds-container-service/0.5.0-SNAPSHOT/hadoop-hdds-container-service-0.5.0-SNAPSHOT.jar:/home/user/.m2/repository/org/apache/hadoop/hadoop-hdds-client/0.5.0-SNAPSHOT/hadoop-hdds-client-0.5.0-SNAPSHOT.jar:/home/user/.m2/repository/org/apache/hadoop/hadoop-hdds-tools/0.5.0-SNAPSHOT/hadoop-hdds-tools-0.5.0-SNAPSHOT.jar:/home/user/.m2/repository/org/xerial/sqlite-jdbc/3.25.2/sqlite-jdbc-3.25.2.jar:/home/user/.m2/repository/org/apache/hadoop/hadoop-hdds-server-scm/0.5.0-SNAPSHOT/hadoop-hdds-server-scm-0.5.0-SNAPSHOT.jar:/home/user/.m2/repository/org/hamcrest/hamcrest-all/1.3/hamcrest-all-1.3.jar:/home/user/.m2/repository/info/picocli/picocli/3.9.6/picocli-3.9.6.jar:/home/user/.m2/repository/com/google/protobuf/protobuf-java/2.5.0/protobuf-java-2.5.0.jar:/home/user/.m2/repository/com/google/guava/guava/11.0.2/guava-11.0.2.jar:/home/user/.m2/repository/org/apache/hadoop/hadoop-ozone-client/0.5.0-SNAPSHOT/hadoop-ozone-client-0.5.0-SNAPSHOT.jar:/workdir/hadoop-ozone/ozonefs/target/classes:/home/user/.m2/repository/org/apache/hadoop/hadoop-hdds-server-framework/0.5.0-SNAPSHOT/hadoop-hdds-server-framework-0.5.0-SNAPSHOT.jar:/home/user/.m2/repository/org/apache/hadoop/hadoop-common/3.2.0/hadoop-common-3.2.0.jar:/home/user/.m2/repository/org/apache/hadoop/hadoop-annotations/3.2.0/hadoop-annotations-3.2.0.jar:/usr/lib/jvm/java-1.8-openjdk/jre/../lib/tools.jar:/home/user/.m2/repository/commons-cli/commons-cli/1.2/commons-cli-1.2.jar:/home/user/.m2/repository/org/apache/commons/commons-math3/3.1.1/commons-math3-3.1.1.jar:/home/user/.m2/repository/org/apache/httpcomponents/httpclient/4.5.2/httpclient-4.5.2.jar:/home/user/.m2/repository/org/apache/httpcomponents/httpcore/4.4.4/httpcore-4.4.4.jar:/home/user/.m2/repository/commons-codec/commons-codec/1.11/commons-codec-1.11.jar:/home/user/.m2/repository/commons-io/commons-io/2.5/commons-io-2.5.jar:/home/user/.m2/repository/commons-net/commons-net/3.6/commons-net-3.6.jar:/home/user/.m2/repository/commons-collections/commons-collections/3.2.2/commons-collections-3.2.2.jar:/home/user/.m2/repository/javax/servlet/javax.servlet-api/3.1.0/javax.servlet-api-3.1.0.jar:/home/user/.m2/repository/org/eclipse/jetty/jetty-server/9.3.24.v20180605/jetty-server-9.3.24.v20180605.jar:/home/user/.m2/repository/org/eclipse/jetty/jetty-http/9.3.24.v20180605/jetty-http-9.3.24.v20180605.jar:/home/user/.m2/repository/org/eclipse/jetty/jetty-io/9.3.24.v20180605/jetty-io-9.3.24.v20180605.jar:/home/user/.m2/repository/org/eclipse/jetty/jetty-util/9.3.24.v20180605/jetty-util-9.3.24.v20180605.jar:/home/user/.m2/repository/org/eclipse/jetty/jetty-servlet/9.3.24.v20180605/jetty-servlet-9.3.24.v20180605.jar:/home/user/.m2/repository/org/eclipse/jetty/jetty-security/9.3.24.v20180605/jetty-security-9.3.24.v20180605.jar:/home/user/.m2/repository/org/eclipse/jetty/jetty-webapp/9.3.24.v20180605/jetty-webapp-9.3.24.v20180605.jar:/home/user/.m2/repository/org/eclipse/jetty/jetty-xml/9.3.24.v20180605/jetty-xml-9.3.24.v20180605.jar:/home/user/.m2/repository/javax/servlet/jsp/jsp-api/2.1/jsp-api-2.1.jar:/home/user/.m2/repository/com/sun/jersey/jersey-core/1.19/jersey-core-1.19.jar:/home/user/.m2/repository/javax/ws/rs/jsr311-api/1.1.1/jsr311-api-1.1.1.jar:/home/user/.m2/repository/com/sun/jersey/jersey-servlet/1.19/jersey-servlet-1.19.jar:/home/user/.m2/repository/com/sun/jersey/jersey-json/1.19/jersey-json-1.19.jar:/home/user/.m2/repository/org/codehaus/jettison/jettison/1.1/jettison-1.1.jar:/home/user/.m2/repository/com/sun/xml/bind/jaxb-impl/2.3.0.1/jaxb-impl-2.3.0.1.jar:/home/user/.m2/repository/org/codehaus/jackson/jackson-core-asl/1.9.13/jackson-core-asl-1.9.13.jar:/home/user/.m2/repository/org/codehaus/jackson/jackson-mapper-asl/1.9.13/jackson-mapper-asl-1.9.13.jar:/home/user/.m2/repository/org/codehaus/jackson/jackson-jaxrs/1.9.13/jackson-jaxrs-1.9.13.jar:/home/user/.m2/repository/org/codehaus/jackson/jackson-xc/1.9.13/jackson-xc-1.9.13.jar:/home/user/.m2/repository/com/sun/jersey/jersey-server/1.19/jersey-server-1.19.jar:/home/user/.m2/repository/commons-logging/commons-logging/1.1.3/commons-logging-1.1.3.jar:/home/user/.m2/repository/log4j/log4j/1.2.17/log4j-1.2.17.jar:/home/user/.m2/repository/commons-beanutils/commons-beanutils/1.9.3/commons-beanutils-1.9.3.jar:/home/user/.m2/repository/org/apache/commons/commons-configuration2/2.1.1/commons-configuration2-2.1.1.jar:/home/user/.m2/repository/org/apache/commons/commons-lang3/3.7/commons-lang3-3.7.jar:/home/user/.m2/repository/org/apache/commons/commons-text/1.4/commons-text-1.4.jar:/home/user/.m2/repository/org/slf4j/slf4j-api/1.7.25/slf4j-api-1.7.25.jar:/home/user/.m2/repository/org/slf4j/slf4j-log4j12/1.7.25/slf4j-log4j12-1.7.25.jar:/home/user/.m2/repository/org/apache/avro/avro/1.7.7/avro-1.7.7.jar:/home/user/.m2/repository/com/thoughtworks/paranamer/paranamer/2.3/paranamer-2.3.jar:/home/user/.m2/repository/org/xerial/snappy/snappy-java/1.0.5/snappy-java-1.0.5.jar:/home/user/.m2/repository/com/google/re2j/re2j/1.1/re2j-1.1.jar:/home/user/.m2/repository/com/google/code/gson/gson/2.2.4/gson-2.2.4.jar:/home/user/.m2/repository/org/apache/hadoop/hadoop-auth/3.2.0/hadoop-auth-3.2.0.jar:/home/user/.m2/repository/com/nimbusds/nimbus-jose-jwt/4.41.1/nimbus-jose-jwt-4.41.1.jar:/home/user/.m2/repository/com/github/stephenc/jcip/jcip-annotations/1.0-1/jcip-annotations-1.0-1.jar:/home/user/.m2/repository/net/minidev/json-smart/2.3/json-smart-2.3.jar:/home/user/.m2/repository/net/minidev/accessors-smart/1.2/accessors-smart-1.2.jar:/home/user/.m2/repository/org/apache/curator/curator-framework/2.12.0/curator-framework-2.12.0.jar:/home/user/.m2/repository/com/jcraft/jsch/0.1.54/jsch-0.1.54.jar:/home/user/.m2/repository/org/apache/curator/curator-client/2.12.0/curator-client-2.12.0.jar:/home/user/.m2/repository/org/apache/curator/curator-recipes/2.12.0/curator-recipes-2.12.0.jar:/home/user/.m2/repository/com/google/code/findbugs/jsr305/3.0.0/jsr305-3.0.0.jar:/home/user/.m2/repository/org/apache/htrace/htrace-core4/4.1.0-incubating/htrace-core4-4.1.0-incubating.jar:/home/user/.m2/repository/org/apache/zookeeper/zookeeper/3.4.13/zookeeper-3.4.13.jar:/home/user/.m2/repository/org/apache/yetus/audience-annotations/0.5.0/audience-annotations-0.5.0.jar:/home/user/.m2/repository/org/apache/kerby/kerb-simplekdc/1.0.1/kerb-simplekdc-1.0.1.jar:/home/user/.m2/repository/org/apache/kerby/kerb-client/1.0.1/kerb-client-1.0.1.jar:/home/user/.m2/repository/org/apache/kerby/kerby-config/1.0.1/kerby-config-1.0.1.jar:/home/user/.m2/repository/org/apache/kerby/kerb-core/1.0.1/kerb-core-1.0.1.jar:/home/user/.m2/repository/org/apache/kerby/kerby-pkix/1.0.1/kerby-pkix-1.0.1.jar:/home/user/.m2/repository/org/apache/kerby/kerby-asn1/1.0.1/kerby-asn1-1.0.1.jar:/home/user/.m2/repository/org/apache/kerby/kerby-util/1.0.1/kerby-util-1.0.1.jar:/home/user/.m2/repository/org/apache/kerby/kerb-common/1.0.1/kerb-common-1.0.1.jar:/home/user/.m2/repository/org/apache/kerby/kerb-crypto/1.0.1/kerb-crypto-1.0.1.jar:/home/user/.m2/repository/org/apache/kerby/kerb-util/1.0.1/kerb-util-1.0.1.jar:/home/user/.m2/repository/org/apache/kerby/token-provider/1.0.1/token-provider-1.0.1.jar:/home/user/.m2/repository/org/apache/kerby/kerb-admin/1.0.1/kerb-admin-1.0.1.jar:/home/user/.m2/repository/org/apache/kerby/kerb-server/1.0.1/kerb-server-1.0.1.jar:/home/user/.m2/repository/org/apache/kerby/kerb-identity/1.0.1/kerb-identity-1.0.1.jar:/home/user/.m2/repository/org/apache/kerby/kerby-xdr/1.0.1/kerby-xdr-1.0.1.jar:/home/user/.m2/repository/com/fasterxml/jackson/core/jackson-databind/2.9.5/jackson-databind-2.9.5.jar:/home/user/.m2/repository/com/fasterxml/jackson/core/jackson-core/2.9.5/jackson-core-2.9.5.jar:/home/user/.m2/repository/org/codehaus/woodstox/stax2-api/3.1.4/stax2-api-3.1.4.jar:/home/user/.m2/repository/com/fasterxml/woodstox/woodstox-core/5.0.3/woodstox-core-5.0.3.jar:/home/user/.m2/repository/dnsjava/dnsjava/2.1.7/dnsjava-2.1.7.jar:/home/user/.m2/repository/org/apache/hadoop/hadoop-hdfs/3.2.0/hadoop-hdfs-3.2.0.jar:/home/user/.m2/repository/org/eclipse/jetty/jetty-util-ajax/9.3.24.v20180605/jetty-util-ajax-9.3.24.v20180605.jar:/home/user/.m2/repository/commons-daemon/commons-daemon/1.0.13/commons-daemon-1.0.13.jar:/home/user/.m2/repository/io/netty/netty/3.10.5.Final/netty-3.10.5.Final.jar:/home/user/.m2/repository/io/netty/netty-all/4.0.52.Final/netty-all-4.0.52.Final.jar:/home/user/.m2/repository/org/fusesource/leveldbjni/leveldbjni-all/1.8/leveldbjni-all-1.8.jar:/home/user/.m2/repository/com/sun/xml/bind/jaxb-core/2.3.0.1/jaxb-core-2.3.0.1.jar:/home/user/.m2/repository/javax/xml/bind/jaxb-api/2.3.0/jaxb-api-2.3.0.jar:/home/user/.m2/repository/javax/activation/activation/1.1.1/activation-1.1.1.jar:/home/user/.m2/repository/io/dropwizard/metrics/metrics-core/3.2.4/metrics-core-3.2.4.jar:/home/user/.m2/repository/org/openjdk/jmh/jmh-core/1.19/jmh-core-1.19.jar:/home/user/.m2/repository/net/sf/jopt-simple/jopt-simple/4.6/jopt-simple-4.6.jar:/home/user/.m2/repository/org/openjdk/jmh/jmh-generator-annprocess/1.19/jmh-generator-annprocess-1.19.jar:/home/user/.m2/repository/com/google/code/findbugs/findbugs/3.0.1/findbugs-3.0.1.jar:/home/user/.m2/repository/net/jcip/jcip-annotations/1.0/jcip-annotations-1.0.jar:/home/user/.m2/repository/com/google/code/findbugs/bcel-findbugs/6.0/bcel-findbugs-6.0.jar:/home/user/.m2/repository/com/google/code/findbugs/jFormatString/2.0.1/jFormatString-2.0.1.jar:/home/user/.m2/repository/dom4j/dom4j/1.6.1/dom4j-1.6.1.jar:/home/user/.m2/repository/xml-apis/xml-apis/1.0.b2/xml-apis-1.0.b2.jar:/home/user/.m2/repository/org/ow2/asm/asm-debug-all/5.0.2/asm-debug-all-5.0.2.jar:/home/user/.m2/repository/org/ow2/asm/asm-commons/5.0.2/asm-commons-5.0.2.jar:/home/user/.m2/repository/org/ow2/asm/asm-tree/5.0.2/asm-tree-5.0.2.jar:/home/user/.m2/repository/org/ow2/asm/asm/5.0.4/asm-5.0.4.jar:/home/user/.m2/repository/commons-lang/commons-lang/2.6/commons-lang-2.6.jar:/home/user/.m2/repository/com/apple/AppleJavaExtensions/1.4/AppleJavaExtensions-1.4.jar:/home/user/.m2/repository/jaxen/jaxen/1.1.6/jaxen-1.1.6.jar:/home/user/.m2/repository/junit/junit/4.11/junit-4.11.jar:/home/user/.m2/repository/org/hamcrest/hamcrest-core/1.3/hamcrest-core-1.3.jar:/home/user/.m2/repository/org/apache/hadoop/hadoop-common/3.2.0/hadoop-common-3.2.0-tests.jar:/workdir/hadoop-ozone/integration-test/target/test-classes:/home/user/.m2/repository/org/apache/hadoop/hadoop-ozone-objectstore-service/0.5.0-SNAPSHOT/hadoop-ozone-objectstore-service-0.5.0-SNAPSHOT.jar:/home/user/.m2/repository/org/apache/hadoop/hadoop-ozone-s3gateway/0.5.0-SNAPSHOT/hadoop-ozone-s3gateway-0.5.0-SNAPSHOT.jar:/home/user/.m2/repository/org/jboss/weld/servlet/weld-servlet/2.4.7.Final/weld-servlet-2.4.7.Final.jar:/home/user/.m2/repository/org/glassfish/jersey/containers/jersey-container-servlet-core/2.27/jersey-container-servlet-core-2.27.jar:/home/user/.m2/repository/org/glassfish/hk2/external/javax.inject/2.5.0-b42/javax.inject-2.5.0-b42.jar:/home/user/.m2/repository/org/glassfish/jersey/core/jersey-common/2.27/jersey-common-2.27.jar:/home/user/.m2/repository/org/glassfish/hk2/osgi-resource-locator/1.0.1/osgi-resource-locator-1.0.1.jar:/home/user/.m2/repository/javax/ws/rs/javax.ws.rs-api/2.1/javax.ws.rs-api-2.1.jar:/home/user/.m2/repository/org/glassfish/jersey/ext/cdi/jersey-cdi1x/2.27/jersey-cdi1x-2.27.jar:/home/user/.m2/repository/org/glassfish/jersey/inject/jersey-hk2/2.27/jersey-hk2-2.27.jar:/home/user/.m2/repository/org/glassfish/hk2/hk2-locator/2.5.0-b42/hk2-locator-2.5.0-b42.jar:/home/user/.m2/repository/org/javassist/javassist/3.22.0-CR2/javassist-3.22.0-CR2.jar:/home/user/.m2/repository/org/glassfish/hk2/hk2-api/2.5.0/hk2-api-2.5.0.jar:/home/user/.m2/repository/org/glassfish/hk2/external/jakarta.inject/2.5.0/jakarta.inject-2.5.0.jar:/home/user/.m2/repository/org/glassfish/hk2/hk2-utils/2.5.0/hk2-utils-2.5.0.jar:/home/user/.m2/repository/jakarta/annotation/jakarta.annotation-api/1.3.4/jakarta.annotation-api-1.3.4.jar:/home/user/.m2/repository/org/glassfish/hk2/external/aopalliance-repackaged/2.5.0/aopalliance-repackaged-2.5.0.jar:/home/user/.m2/repository/com/fasterxml/jackson/dataformat/jackson-dataformat-xml/2.9.0/jackson-dataformat-xml-2.9.0.jar:/home/user/.m2/repository/com/fasterxml/jackson/module/jackson-module-jaxb-annotations/2.9.5/jackson-module-jaxb-annotations-2.9.5.jar:/home/user/.m2/repository/javax/enterprise/cdi-api/1.2/cdi-api-1.2.jar:/home/user/.m2/repository/javax/el/javax.el-api/3.0.0/javax.el-api-3.0.0.jar:/home/user/.m2/repository/javax/interceptor/javax.interceptor-api/1.2/javax.interceptor-api-1.2.jar:/home/user/.m2/repository/javax/inject/javax.inject/1/javax.inject-1.jar:/home/user/.m2/repository/org/apache/hadoop/hadoop-ozone-csi/0.5.0-SNAPSHOT/hadoop-ozone-csi-0.5.0-SNAPSHOT.jar:/home/user/.m2/repository/com/google/protobuf/protobuf-java-util/3.5.1/protobuf-java-util-3.5.1.jar:/home/user/.m2/repository/io/grpc/grpc-netty/1.17.1/grpc-netty-1.17.1.jar:/home/user/.m2/repository/io/grpc/grpc-core/1.17.1/grpc-core-1.17.1.jar:/home/user/.m2/repository/io/grpc/grpc-context/1.17.1/grpc-context-1.17.1.jar:/home/user/.m2/repository/com/google/errorprone/error_prone_annotations/2.2.0/error_prone_annotations-2.2.0.jar:/home/user/.m2/repository/org/codehaus/mojo/animal-sniffer-annotations/1.17/animal-sniffer-annotations-1.17.jar:/home/user/.m2/repository/io/opencensus/opencensus-api/0.17.0/opencensus-api-0.17.0.jar:/home/user/.m2/repository/io/opencensus/opencensus-contrib-grpc-metrics/0.17.0/opencensus-contrib-grpc-metrics-0.17.0.jar:/home/user/.m2/repository/io/netty/netty-codec-http2/4.1.30.Final/netty-codec-http2-4.1.30.Final.jar:/home/user/.m2/repository/io/netty/netty-codec-http/4.1.30.Final/netty-codec-http-4.1.30.Final.jar:/home/user/.m2/repository/io/netty/netty-codec/4.1.30.Final/netty-codec-4.1.30.Final.jar:/home/user/.m2/repository/io/netty/netty-handler/4.1.30.Final/netty-handler-4.1.30.Final.jar:/home/user/.m2/repository/io/netty/netty-handler-proxy/4.1.30.Final/netty-handler-proxy-4.1.30.Final.jar:/home/user/.m2/repository/io/netty/netty-codec-socks/4.1.30.Final/netty-codec-socks-4.1.30.Final.jar:/home/user/.m2/repository/io/netty/netty-transport-native-epoll/4.1.30.Final/netty-transport-native-epoll-4.1.30.Final.jar:/home/user/.m2/repository/io/netty/netty-common/4.1.30.Final/netty-common-4.1.30.Final.jar:/home/user/.m2/repository/io/netty/netty-buffer/4.1.30.Final/netty-buffer-4.1.30.Final.jar:/home/user/.m2/repository/io/netty/netty-transport/4.1.30.Final/netty-transport-4.1.30.Final.jar:/home/user/.m2/repository/io/netty/netty-resolver/4.1.30.Final/netty-resolver-4.1.30.Final.jar:/home/user/.m2/repository/io/netty/netty-transport-native-unix-common/4.1.30.Final/netty-transport-native-unix-common-4.1.30.Final.jar:/home/user/.m2/repository/io/grpc/grpc-protobuf/1.17.1/grpc-protobuf-1.17.1.jar:/home/user/.m2/repository/com/google/api/grpc/proto-google-common-protos/1.0.0/proto-google-common-protos-1.0.0.jar:/home/user/.m2/repository/io/grpc/grpc-protobuf-lite/1.17.1/grpc-protobuf-lite-1.17.1.jar:/home/user/.m2/repository/io/grpc/grpc-stub/1.17.1/grpc-stub-1.17.1.jar:/home/user/.m2/repository/org/apache/hadoop/hadoop-ozone-recon/0.5.0-SNAPSHOT/hadoop-ozone-recon-0.5.0-SNAPSHOT.jar:/home/user/.m2/repository/org/apache/hadoop/hadoop-ozone-reconcodegen/0.5.0-SNAPSHOT/hadoop-ozone-reconcodegen-0.5.0-SNAPSHOT.jar:/home/user/.m2/repository/com/google/inject/extensions/guice-multibindings/4.0/guice-multibindings-4.0.jar:/home/user/.m2/repository/com/google/inject/guice/4.0/guice-4.0.jar:/home/user/.m2/repository/aopalliance/aopalliance/1.0/aopalliance-1.0.jar:/home/user/.m2/repository/com/google/inject/extensions/guice-servlet/4.0/guice-servlet-4.0.jar:/home/user/.m2/repository/org/glassfish/jersey/containers/jersey-container-servlet/2.27/jersey-container-servlet-2.27.jar:/home/user/.m2/repository/org/glassfish/hk2/guice-bridge/2.5.0/guice-bridge-2.5.0.jar:/home/user/.m2/repository/org/glassfish/jersey/core/jersey-server/2.27/jersey-server-2.27.jar:/home/user/.m2/repository/org/glassfish/jersey/core/jersey-client/2.27/jersey-client-2.27.jar:/home/user/.m2/repository/org/glassfish/jersey/media/jersey-media-jaxb/2.27/jersey-media-jaxb-2.27.jar:/home/user/.m2/repository/javax/validation/validation-api/1.1.0.Final/validation-api-1.1.0.Final.jar:/home/user/.m2/repository/org/glassfish/jersey/media/jersey-media-json-jackson/2.27/jersey-media-json-jackson-2.27.jar:/home/user/.m2/repository/org/glassfish/jersey/ext/jersey-entity-filtering/2.27/jersey-entity-filtering-2.27.jar:/home/user/.m2/repository/com/google/inject/extensions/guice-assistedinject/4.0/guice-assistedinject-4.0.jar:/home/user/.m2/repository/org/jooq/jooq/3.11.10/jooq-3.11.10.jar:/home/user/.m2/repository/org/jooq/jooq-meta/3.11.10/jooq-meta-3.11.10.jar:/home/user/.m2/repository/org/jooq/jooq-codegen/3.11.10/jooq-codegen-3.11.10.jar:/home/user/.m2/repository/com/jolbox/bonecp/0.8.0.RELEASE/bonecp-0.8.0.RELEASE.jar:/home/user/.m2/repository/org/springframework/spring-jdbc/5.1.3.RELEASE/spring-jdbc-5.1.3.RELEASE.jar:/home/user/.m2/repository/org/springframework/spring-beans/5.1.3.RELEASE/spring-beans-5.1.3.RELEASE.jar:/home/user/.m2/repository/org/springframework/spring-core/5.1.3.RELEASE/spring-core-5.1.3.RELEASE.jar:/home/user/.m2/repository/org/springframework/spring-jcl/5.1.3.RELEASE/spring-jcl-5.1.3.RELEASE.jar:/home/user/.m2/repository/org/springframework/spring-tx/5.1.3.RELEASE/spring-tx-5.1.3.RELEASE.jar:/home/user/.m2/repository/org/mockito/mockito-core/2.15.0/mockito-core-2.15.0.jar:/home/user/.m2/repository/net/bytebuddy/byte-buddy/1.7.9/byte-buddy-1.7.9.jar:/home/user/.m2/repository/net/bytebuddy/byte-buddy-agent/1.7.9/byte-buddy-agent-1.7.9.jar:/home/user/.m2/repository/org/objenesis/objenesis/1.0/objenesis-1.0.jar:"/>
    <property name="java.vm.vendor" value="IcedTea"/>
    <property name="sun.arch.data.model" value="64"/>
    <property name="test.build.dir" value="/workdir/hadoop-ozone/tools/target/test-dir"/>
    <property name="test.cache.data" value=""/>
    <property name="java.vendor.url" value="https://icedtea.classpath.org"/>
    <property name="user.timezone" value=""/>
    <property name="java.vm.specification.version" value="1.8"/>
    <property name="os.name" value="Linux"/>
    <property name="test.build.data" value="/workdir/hadoop-ozone/tools/target/test-dir"/>
    <property name="user.country" value="US"/>
    <property name="sun.java.launcher" value="SUN_STANDARD"/>
    <property name="sun.boot.library.path" value="/usr/lib/jvm/java-1.8-openjdk/jre/lib/amd64"/>
    <property name="sun.java.command" value="/workdir/hadoop-ozone/tools/target/surefire/surefirebooter6120414416282142324.jar /workdir/hadoop-ozone/tools/target/surefire 2019-08-22T05-14-13_091-jvmRun1 surefire3428819903738640945tmp surefire_1155553825980449090381tmp"/>
    <property name="test" value="!TestMiniChaosOzoneCluster"/>
    <property name="surefire.test.class.path" value="/workdir/hadoop-ozone/tools/target/test-classes:/workdir/hadoop-ozone/tools/target/classes:/home/user/.m2/repository/org/apache/hadoop/hadoop-ozone-ozone-manager/0.5.0-SNAPSHOT/hadoop-ozone-ozone-manager-0.5.0-SNAPSHOT.jar:/home/user/.m2/repository/org/apache/hadoop/hadoop-hdds-docs/0.5.0-SNAPSHOT/hadoop-hdds-docs-0.5.0-SNAPSHOT.jar:/home/user/.m2/repository/org/bouncycastle/bcprov-jdk15on/1.60/bcprov-jdk15on-1.60.jar:/home/user/.m2/repository/org/apache/hadoop/hadoop-ozone-common/0.5.0-SNAPSHOT/hadoop-ozone-common-0.5.0-SNAPSHOT.jar:/home/user/.m2/repository/org/apache/commons/commons-compress/1.4.1/commons-compress-1.4.1.jar:/home/user/.m2/repository/org/tukaani/xz/1.0/xz-1.0.jar:/home/user/.m2/repository/org/apache/hadoop/hadoop-hdfs-client/3.2.0/hadoop-hdfs-client-3.2.0.jar:/home/user/.m2/repository/com/fasterxml/jackson/core/jackson-annotations/2.9.5/jackson-annotations-2.9.5.jar:/home/user/.m2/repository/org/apache/hadoop/hadoop-hdds-common/0.5.0-SNAPSHOT/hadoop-hdds-common-0.5.0-SNAPSHOT.jar:/home/user/.m2/repository/org/apache/hadoop/hadoop-hdds-config/0.5.0-SNAPSHOT/hadoop-hdds-config-0.5.0-SNAPSHOT.jar:/home/user/.m2/repository/javax/annotation/javax.annotation-api/1.2/javax.annotation-api-1.2.jar:/home/user/.m2/repository/org/apache/ratis/ratis-server/0.4.0-2337318-SNAPSHOT/ratis-server-0.4.0-2337318-SNAPSHOT.jar:/home/user/.m2/repository/org/apache/ratis/ratis-thirdparty-misc/0.2.0/ratis-thirdparty-misc-0.2.0.jar:/home/user/.m2/repository/org/apache/ratis/ratis-proto/0.4.0-2337318-SNAPSHOT/ratis-proto-0.4.0-2337318-SNAPSHOT.jar:/home/user/.m2/repository/org/apache/ratis/ratis-common/0.4.0-2337318-SNAPSHOT/ratis-common-0.4.0-2337318-SNAPSHOT.jar:/home/user/.m2/repository/org/apache/ratis/ratis-client/0.4.0-2337318-SNAPSHOT/ratis-client-0.4.0-2337318-SNAPSHOT.jar:/home/user/.m2/repository/org/apache/ratis/ratis-metrics/0.4.0-2337318-SNAPSHOT/ratis-metrics-0.4.0-2337318-SNAPSHOT.jar:/home/user/.m2/repository/org/apache/ratis/ratis-netty/0.4.0-2337318-SNAPSHOT/ratis-netty-0.4.0-2337318-SNAPSHOT.jar:/home/user/.m2/repository/org/apache/ratis/ratis-grpc/0.4.0-2337318-SNAPSHOT/ratis-grpc-0.4.0-2337318-SNAPSHOT.jar:/home/user/.m2/repository/org/rocksdb/rocksdbjni/6.0.1/rocksdbjni-6.0.1.jar:/home/user/.m2/repository/org/apache/logging/log4j/log4j-api/2.11.0/log4j-api-2.11.0.jar:/home/user/.m2/repository/org/apache/logging/log4j/log4j-core/2.11.0/log4j-core-2.11.0.jar:/home/user/.m2/repository/com/lmax/disruptor/3.4.2/disruptor-3.4.2.jar:/home/user/.m2/repository/org/apache/commons/commons-pool2/2.6.0/commons-pool2-2.6.0.jar:/home/user/.m2/repository/org/bouncycastle/bcpkix-jdk15on/1.60/bcpkix-jdk15on-1.60.jar:/home/user/.m2/repository/commons-validator/commons-validator/1.6/commons-validator-1.6.jar:/home/user/.m2/repository/commons-digester/commons-digester/1.8.1/commons-digester-1.8.1.jar:/home/user/.m2/repository/io/jaegertracing/jaeger-client/0.33.1/jaeger-client-0.33.1.jar:/home/user/.m2/repository/io/jaegertracing/jaeger-thrift/0.33.1/jaeger-thrift-0.33.1.jar:/home/user/.m2/repository/org/apache/thrift/libthrift/0.11.0/libthrift-0.11.0.jar:/home/user/.m2/repository/com/squareup/okhttp3/okhttp/3.9.0/okhttp-3.9.0.jar:/home/user/.m2/repository/com/squareup/okio/okio/1.13.0/okio-1.13.0.jar:/home/user/.m2/repository/io/jaegertracing/jaeger-core/0.33.1/jaeger-core-0.33.1.jar:/home/user/.m2/repository/io/jaegertracing/jaeger-tracerresolver/0.33.1/jaeger-tracerresolver-0.33.1.jar:/home/user/.m2/repository/io/opentracing/contrib/opentracing-tracerresolver/0.1.5/opentracing-tracerresolver-0.1.5.jar:/home/user/.m2/repository/io/opentracing/opentracing-util/0.31.0/opentracing-util-0.31.0.jar:/home/user/.m2/repository/io/opentracing/opentracing-api/0.31.0/opentracing-api-0.31.0.jar:/home/user/.m2/repository/io/opentracing/opentracing-noop/0.31.0/opentracing-noop-0.31.0.jar:/home/user/.m2/repository/org/yaml/snakeyaml/1.16/snakeyaml-1.16.jar:/home/user/.m2/repository/org/apache/hadoop/hadoop-hdds-container-service/0.5.0-SNAPSHOT/hadoop-hdds-container-service-0.5.0-SNAPSHOT.jar:/home/user/.m2/repository/org/apache/hadoop/hadoop-hdds-client/0.5.0-SNAPSHOT/hadoop-hdds-client-0.5.0-SNAPSHOT.jar:/home/user/.m2/repository/org/apache/hadoop/hadoop-hdds-tools/0.5.0-SNAPSHOT/hadoop-hdds-tools-0.5.0-SNAPSHOT.jar:/home/user/.m2/repository/org/xerial/sqlite-jdbc/3.25.2/sqlite-jdbc-3.25.2.jar:/home/user/.m2/repository/org/apache/hadoop/hadoop-hdds-server-scm/0.5.0-SNAPSHOT/hadoop-hdds-server-scm-0.5.0-SNAPSHOT.jar:/home/user/.m2/repository/org/hamcrest/hamcrest-all/1.3/hamcrest-all-1.3.jar:/home/user/.m2/repository/info/picocli/picocli/3.9.6/picocli-3.9.6.jar:/home/user/.m2/repository/com/google/protobuf/protobuf-java/2.5.0/protobuf-java-2.5.0.jar:/home/user/.m2/repository/com/google/guava/guava/11.0.2/guava-11.0.2.jar:/home/user/.m2/repository/org/apache/hadoop/hadoop-ozone-client/0.5.0-SNAPSHOT/hadoop-ozone-client-0.5.0-SNAPSHOT.jar:/workdir/hadoop-ozone/ozonefs/target/classes:/home/user/.m2/repository/org/apache/hadoop/hadoop-hdds-server-framework/0.5.0-SNAPSHOT/hadoop-hdds-server-framework-0.5.0-SNAPSHOT.jar:/home/user/.m2/repository/org/apache/hadoop/hadoop-common/3.2.0/hadoop-common-3.2.0.jar:/home/user/.m2/repository/org/apache/hadoop/hadoop-annotations/3.2.0/hadoop-annotations-3.2.0.jar:/usr/lib/jvm/java-1.8-openjdk/jre/../lib/tools.jar:/home/user/.m2/repository/commons-cli/commons-cli/1.2/commons-cli-1.2.jar:/home/user/.m2/repository/org/apache/commons/commons-math3/3.1.1/commons-math3-3.1.1.jar:/home/user/.m2/repository/org/apache/httpcomponents/httpclient/4.5.2/httpclient-4.5.2.jar:/home/user/.m2/repository/org/apache/httpcomponents/httpcore/4.4.4/httpcore-4.4.4.jar:/home/user/.m2/repository/commons-codec/commons-codec/1.11/commons-codec-1.11.jar:/home/user/.m2/repository/commons-io/commons-io/2.5/commons-io-2.5.jar:/home/user/.m2/repository/commons-net/commons-net/3.6/commons-net-3.6.jar:/home/user/.m2/repository/commons-collections/commons-collections/3.2.2/commons-collections-3.2.2.jar:/home/user/.m2/repository/javax/servlet/javax.servlet-api/3.1.0/javax.servlet-api-3.1.0.jar:/home/user/.m2/repository/org/eclipse/jetty/jetty-server/9.3.24.v20180605/jetty-server-9.3.24.v20180605.jar:/home/user/.m2/repository/org/eclipse/jetty/jetty-http/9.3.24.v20180605/jetty-http-9.3.24.v20180605.jar:/home/user/.m2/repository/org/eclipse/jetty/jetty-io/9.3.24.v20180605/jetty-io-9.3.24.v20180605.jar:/home/user/.m2/repository/org/eclipse/jetty/jetty-util/9.3.24.v20180605/jetty-util-9.3.24.v20180605.jar:/home/user/.m2/repository/org/eclipse/jetty/jetty-servlet/9.3.24.v20180605/jetty-servlet-9.3.24.v20180605.jar:/home/user/.m2/repository/org/eclipse/jetty/jetty-security/9.3.24.v20180605/jetty-security-9.3.24.v20180605.jar:/home/user/.m2/repository/org/eclipse/jetty/jetty-webapp/9.3.24.v20180605/jetty-webapp-9.3.24.v20180605.jar:/home/user/.m2/repository/org/eclipse/jetty/jetty-xml/9.3.24.v20180605/jetty-xml-9.3.24.v20180605.jar:/home/user/.m2/repository/javax/servlet/jsp/jsp-api/2.1/jsp-api-2.1.jar:/home/user/.m2/repository/com/sun/jersey/jersey-core/1.19/jersey-core-1.19.jar:/home/user/.m2/repository/javax/ws/rs/jsr311-api/1.1.1/jsr311-api-1.1.1.jar:/home/user/.m2/repository/com/sun/jersey/jersey-servlet/1.19/jersey-servlet-1.19.jar:/home/user/.m2/repository/com/sun/jersey/jersey-json/1.19/jersey-json-1.19.jar:/home/user/.m2/repository/org/codehaus/jettison/jettison/1.1/jettison-1.1.jar:/home/user/.m2/repository/com/sun/xml/bind/jaxb-impl/2.3.0.1/jaxb-impl-2.3.0.1.jar:/home/user/.m2/repository/org/codehaus/jackson/jackson-core-asl/1.9.13/jackson-core-asl-1.9.13.jar:/home/user/.m2/repository/org/codehaus/jackson/jackson-mapper-asl/1.9.13/jackson-mapper-asl-1.9.13.jar:/home/user/.m2/repository/org/codehaus/jackson/jackson-jaxrs/1.9.13/jackson-jaxrs-1.9.13.jar:/home/user/.m2/repository/org/codehaus/jackson/jackson-xc/1.9.13/jackson-xc-1.9.13.jar:/home/user/.m2/repository/com/sun/jersey/jersey-server/1.19/jersey-server-1.19.jar:/home/user/.m2/repository/commons-logging/commons-logging/1.1.3/commons-logging-1.1.3.jar:/home/user/.m2/repository/log4j/log4j/1.2.17/log4j-1.2.17.jar:/home/user/.m2/repository/commons-beanutils/commons-beanutils/1.9.3/commons-beanutils-1.9.3.jar:/home/user/.m2/repository/org/apache/commons/commons-configuration2/2.1.1/commons-configuration2-2.1.1.jar:/home/user/.m2/repository/org/apache/commons/commons-lang3/3.7/commons-lang3-3.7.jar:/home/user/.m2/repository/org/apache/commons/commons-text/1.4/commons-text-1.4.jar:/home/user/.m2/repository/org/slf4j/slf4j-api/1.7.25/slf4j-api-1.7.25.jar:/home/user/.m2/repository/org/slf4j/slf4j-log4j12/1.7.25/slf4j-log4j12-1.7.25.jar:/home/user/.m2/repository/org/apache/avro/avro/1.7.7/avro-1.7.7.jar:/home/user/.m2/repository/com/thoughtworks/paranamer/paranamer/2.3/paranamer-2.3.jar:/home/user/.m2/repository/org/xerial/snappy/snappy-java/1.0.5/snappy-java-1.0.5.jar:/home/user/.m2/repository/com/google/re2j/re2j/1.1/re2j-1.1.jar:/home/user/.m2/repository/com/google/code/gson/gson/2.2.4/gson-2.2.4.jar:/home/user/.m2/repository/org/apache/hadoop/hadoop-auth/3.2.0/hadoop-auth-3.2.0.jar:/home/user/.m2/repository/com/nimbusds/nimbus-jose-jwt/4.41.1/nimbus-jose-jwt-4.41.1.jar:/home/user/.m2/repository/com/github/stephenc/jcip/jcip-annotations/1.0-1/jcip-annotations-1.0-1.jar:/home/user/.m2/repository/net/minidev/json-smart/2.3/json-smart-2.3.jar:/home/user/.m2/repository/net/minidev/accessors-smart/1.2/accessors-smart-1.2.jar:/home/user/.m2/repository/org/apache/curator/curator-framework/2.12.0/curator-framework-2.12.0.jar:/home/user/.m2/repository/com/jcraft/jsch/0.1.54/jsch-0.1.54.jar:/home/user/.m2/repository/org/apache/curator/curator-client/2.12.0/curator-client-2.12.0.jar:/home/user/.m2/repository/org/apache/curator/curator-recipes/2.12.0/curator-recipes-2.12.0.jar:/home/user/.m2/repository/com/google/code/findbugs/jsr305/3.0.0/jsr305-3.0.0.jar:/home/user/.m2/repository/org/apache/htrace/htrace-core4/4.1.0-incubating/htrace-core4-4.1.0-incubating.jar:/home/user/.m2/repository/org/apache/zookeeper/zookeeper/3.4.13/zookeeper-3.4.13.jar:/home/user/.m2/repository/org/apache/yetus/audience-annotations/0.5.0/audience-annotations-0.5.0.jar:/home/user/.m2/repository/org/apache/kerby/kerb-simplekdc/1.0.1/kerb-simplekdc-1.0.1.jar:/home/user/.m2/repository/org/apache/kerby/kerb-client/1.0.1/kerb-client-1.0.1.jar:/home/user/.m2/repository/org/apache/kerby/kerby-config/1.0.1/kerby-config-1.0.1.jar:/home/user/.m2/repository/org/apache/kerby/kerb-core/1.0.1/kerb-core-1.0.1.jar:/home/user/.m2/repository/org/apache/kerby/kerby-pkix/1.0.1/kerby-pkix-1.0.1.jar:/home/user/.m2/repository/org/apache/kerby/kerby-asn1/1.0.1/kerby-asn1-1.0.1.jar:/home/user/.m2/repository/org/apache/kerby/kerby-util/1.0.1/kerby-util-1.0.1.jar:/home/user/.m2/repository/org/apache/kerby/kerb-common/1.0.1/kerb-common-1.0.1.jar:/home/user/.m2/repository/org/apache/kerby/kerb-crypto/1.0.1/kerb-crypto-1.0.1.jar:/home/user/.m2/repository/org/apache/kerby/kerb-util/1.0.1/kerb-util-1.0.1.jar:/home/user/.m2/repository/org/apache/kerby/token-provider/1.0.1/token-provider-1.0.1.jar:/home/user/.m2/repository/org/apache/kerby/kerb-admin/1.0.1/kerb-admin-1.0.1.jar:/home/user/.m2/repository/org/apache/kerby/kerb-server/1.0.1/kerb-server-1.0.1.jar:/home/user/.m2/repository/org/apache/kerby/kerb-identity/1.0.1/kerb-identity-1.0.1.jar:/home/user/.m2/repository/org/apache/kerby/kerby-xdr/1.0.1/kerby-xdr-1.0.1.jar:/home/user/.m2/repository/com/fasterxml/jackson/core/jackson-databind/2.9.5/jackson-databind-2.9.5.jar:/home/user/.m2/repository/com/fasterxml/jackson/core/jackson-core/2.9.5/jackson-core-2.9.5.jar:/home/user/.m2/repository/org/codehaus/woodstox/stax2-api/3.1.4/stax2-api-3.1.4.jar:/home/user/.m2/repository/com/fasterxml/woodstox/woodstox-core/5.0.3/woodstox-core-5.0.3.jar:/home/user/.m2/repository/dnsjava/dnsjava/2.1.7/dnsjava-2.1.7.jar:/home/user/.m2/repository/org/apache/hadoop/hadoop-hdfs/3.2.0/hadoop-hdfs-3.2.0.jar:/home/user/.m2/repository/org/eclipse/jetty/jetty-util-ajax/9.3.24.v20180605/jetty-util-ajax-9.3.24.v20180605.jar:/home/user/.m2/repository/commons-daemon/commons-daemon/1.0.13/commons-daemon-1.0.13.jar:/home/user/.m2/repository/io/netty/netty/3.10.5.Final/netty-3.10.5.Final.jar:/home/user/.m2/repository/io/netty/netty-all/4.0.52.Final/netty-all-4.0.52.Final.jar:/home/user/.m2/repository/org/fusesource/leveldbjni/leveldbjni-all/1.8/leveldbjni-all-1.8.jar:/home/user/.m2/repository/com/sun/xml/bind/jaxb-core/2.3.0.1/jaxb-core-2.3.0.1.jar:/home/user/.m2/repository/javax/xml/bind/jaxb-api/2.3.0/jaxb-api-2.3.0.jar:/home/user/.m2/repository/javax/activation/activation/1.1.1/activation-1.1.1.jar:/home/user/.m2/repository/io/dropwizard/metrics/metrics-core/3.2.4/metrics-core-3.2.4.jar:/home/user/.m2/repository/org/openjdk/jmh/jmh-core/1.19/jmh-core-1.19.jar:/home/user/.m2/repository/net/sf/jopt-simple/jopt-simple/4.6/jopt-simple-4.6.jar:/home/user/.m2/repository/org/openjdk/jmh/jmh-generator-annprocess/1.19/jmh-generator-annprocess-1.19.jar:/home/user/.m2/repository/com/google/code/findbugs/findbugs/3.0.1/findbugs-3.0.1.jar:/home/user/.m2/repository/net/jcip/jcip-annotations/1.0/jcip-annotations-1.0.jar:/home/user/.m2/repository/com/google/code/findbugs/bcel-findbugs/6.0/bcel-findbugs-6.0.jar:/home/user/.m2/repository/com/google/code/findbugs/jFormatString/2.0.1/jFormatString-2.0.1.jar:/home/user/.m2/repository/dom4j/dom4j/1.6.1/dom4j-1.6.1.jar:/home/user/.m2/repository/xml-apis/xml-apis/1.0.b2/xml-apis-1.0.b2.jar:/home/user/.m2/repository/org/ow2/asm/asm-debug-all/5.0.2/asm-debug-all-5.0.2.jar:/home/user/.m2/repository/org/ow2/asm/asm-commons/5.0.2/asm-commons-5.0.2.jar:/home/user/.m2/repository/org/ow2/asm/asm-tree/5.0.2/asm-tree-5.0.2.jar:/home/user/.m2/repository/org/ow2/asm/asm/5.0.4/asm-5.0.4.jar:/home/user/.m2/repository/commons-lang/commons-lang/2.6/commons-lang-2.6.jar:/home/user/.m2/repository/com/apple/AppleJavaExtensions/1.4/AppleJavaExtensions-1.4.jar:/home/user/.m2/repository/jaxen/jaxen/1.1.6/jaxen-1.1.6.jar:/home/user/.m2/repository/junit/junit/4.11/junit-4.11.jar:/home/user/.m2/repository/org/hamcrest/hamcrest-core/1.3/hamcrest-core-1.3.jar:/home/user/.m2/repository/org/apache/hadoop/hadoop-common/3.2.0/hadoop-common-3.2.0-tests.jar:/workdir/hadoop-ozone/integration-test/target/test-classes:/home/user/.m2/repository/org/apache/hadoop/hadoop-ozone-objectstore-service/0.5.0-SNAPSHOT/hadoop-ozone-objectstore-service-0.5.0-SNAPSHOT.jar:/home/user/.m2/repository/org/apache/hadoop/hadoop-ozone-s3gateway/0.5.0-SNAPSHOT/hadoop-ozone-s3gateway-0.5.0-SNAPSHOT.jar:/home/user/.m2/repository/org/jboss/weld/servlet/weld-servlet/2.4.7.Final/weld-servlet-2.4.7.Final.jar:/home/user/.m2/repository/org/glassfish/jersey/containers/jersey-container-servlet-core/2.27/jersey-container-servlet-core-2.27.jar:/home/user/.m2/repository/org/glassfish/hk2/external/javax.inject/2.5.0-b42/javax.inject-2.5.0-b42.jar:/home/user/.m2/repository/org/glassfish/jersey/core/jersey-common/2.27/jersey-common-2.27.jar:/home/user/.m2/repository/org/glassfish/hk2/osgi-resource-locator/1.0.1/osgi-resource-locator-1.0.1.jar:/home/user/.m2/repository/javax/ws/rs/javax.ws.rs-api/2.1/javax.ws.rs-api-2.1.jar:/home/user/.m2/repository/org/glassfish/jersey/ext/cdi/jersey-cdi1x/2.27/jersey-cdi1x-2.27.jar:/home/user/.m2/repository/org/glassfish/jersey/inject/jersey-hk2/2.27/jersey-hk2-2.27.jar:/home/user/.m2/repository/org/glassfish/hk2/hk2-locator/2.5.0-b42/hk2-locator-2.5.0-b42.jar:/home/user/.m2/repository/org/javassist/javassist/3.22.0-CR2/javassist-3.22.0-CR2.jar:/home/user/.m2/repository/org/glassfish/hk2/hk2-api/2.5.0/hk2-api-2.5.0.jar:/home/user/.m2/repository/org/glassfish/hk2/external/jakarta.inject/2.5.0/jakarta.inject-2.5.0.jar:/home/user/.m2/repository/org/glassfish/hk2/hk2-utils/2.5.0/hk2-utils-2.5.0.jar:/home/user/.m2/repository/jakarta/annotation/jakarta.annotation-api/1.3.4/jakarta.annotation-api-1.3.4.jar:/home/user/.m2/repository/org/glassfish/hk2/external/aopalliance-repackaged/2.5.0/aopalliance-repackaged-2.5.0.jar:/home/user/.m2/repository/com/fasterxml/jackson/dataformat/jackson-dataformat-xml/2.9.0/jackson-dataformat-xml-2.9.0.jar:/home/user/.m2/repository/com/fasterxml/jackson/module/jackson-module-jaxb-annotations/2.9.5/jackson-module-jaxb-annotations-2.9.5.jar:/home/user/.m2/repository/javax/enterprise/cdi-api/1.2/cdi-api-1.2.jar:/home/user/.m2/repository/javax/el/javax.el-api/3.0.0/javax.el-api-3.0.0.jar:/home/user/.m2/repository/javax/interceptor/javax.interceptor-api/1.2/javax.interceptor-api-1.2.jar:/home/user/.m2/repository/javax/inject/javax.inject/1/javax.inject-1.jar:/home/user/.m2/repository/org/apache/hadoop/hadoop-ozone-csi/0.5.0-SNAPSHOT/hadoop-ozone-csi-0.5.0-SNAPSHOT.jar:/home/user/.m2/repository/com/google/protobuf/protobuf-java-util/3.5.1/protobuf-java-util-3.5.1.jar:/home/user/.m2/repository/io/grpc/grpc-netty/1.17.1/grpc-netty-1.17.1.jar:/home/user/.m2/repository/io/grpc/grpc-core/1.17.1/grpc-core-1.17.1.jar:/home/user/.m2/repository/io/grpc/grpc-context/1.17.1/grpc-context-1.17.1.jar:/home/user/.m2/repository/com/google/errorprone/error_prone_annotations/2.2.0/error_prone_annotations-2.2.0.jar:/home/user/.m2/repository/org/codehaus/mojo/animal-sniffer-annotations/1.17/animal-sniffer-annotations-1.17.jar:/home/user/.m2/repository/io/opencensus/opencensus-api/0.17.0/opencensus-api-0.17.0.jar:/home/user/.m2/repository/io/opencensus/opencensus-contrib-grpc-metrics/0.17.0/opencensus-contrib-grpc-metrics-0.17.0.jar:/home/user/.m2/repository/io/netty/netty-codec-http2/4.1.30.Final/netty-codec-http2-4.1.30.Final.jar:/home/user/.m2/repository/io/netty/netty-codec-http/4.1.30.Final/netty-codec-http-4.1.30.Final.jar:/home/user/.m2/repository/io/netty/netty-codec/4.1.30.Final/netty-codec-4.1.30.Final.jar:/home/user/.m2/repository/io/netty/netty-handler/4.1.30.Final/netty-handler-4.1.30.Final.jar:/home/user/.m2/repository/io/netty/netty-handler-proxy/4.1.30.Final/netty-handler-proxy-4.1.30.Final.jar:/home/user/.m2/repository/io/netty/netty-codec-socks/4.1.30.Final/netty-codec-socks-4.1.30.Final.jar:/home/user/.m2/repository/io/netty/netty-transport-native-epoll/4.1.30.Final/netty-transport-native-epoll-4.1.30.Final.jar:/home/user/.m2/repository/io/netty/netty-common/4.1.30.Final/netty-common-4.1.30.Final.jar:/home/user/.m2/repository/io/netty/netty-buffer/4.1.30.Final/netty-buffer-4.1.30.Final.jar:/home/user/.m2/repository/io/netty/netty-transport/4.1.30.Final/netty-transport-4.1.30.Final.jar:/home/user/.m2/repository/io/netty/netty-resolver/4.1.30.Final/netty-resolver-4.1.30.Final.jar:/home/user/.m2/repository/io/netty/netty-transport-native-unix-common/4.1.30.Final/netty-transport-native-unix-common-4.1.30.Final.jar:/home/user/.m2/repository/io/grpc/grpc-protobuf/1.17.1/grpc-protobuf-1.17.1.jar:/home/user/.m2/repository/com/google/api/grpc/proto-google-common-protos/1.0.0/proto-google-common-protos-1.0.0.jar:/home/user/.m2/repository/io/grpc/grpc-protobuf-lite/1.17.1/grpc-protobuf-lite-1.17.1.jar:/home/user/.m2/repository/io/grpc/grpc-stub/1.17.1/grpc-stub-1.17.1.jar:/home/user/.m2/repository/org/apache/hadoop/hadoop-ozone-recon/0.5.0-SNAPSHOT/hadoop-ozone-recon-0.5.0-SNAPSHOT.jar:/home/user/.m2/repository/org/apache/hadoop/hadoop-ozone-reconcodegen/0.5.0-SNAPSHOT/hadoop-ozone-reconcodegen-0.5.0-SNAPSHOT.jar:/home/user/.m2/repository/com/google/inject/extensions/guice-multibindings/4.0/guice-multibindings-4.0.jar:/home/user/.m2/repository/com/google/inject/guice/4.0/guice-4.0.jar:/home/user/.m2/repository/aopalliance/aopalliance/1.0/aopalliance-1.0.jar:/home/user/.m2/repository/com/google/inject/extensions/guice-servlet/4.0/guice-servlet-4.0.jar:/home/user/.m2/repository/org/glassfish/jersey/containers/jersey-container-servlet/2.27/jersey-container-servlet-2.27.jar:/home/user/.m2/repository/org/glassfish/hk2/guice-bridge/2.5.0/guice-bridge-2.5.0.jar:/home/user/.m2/repository/org/glassfish/jersey/core/jersey-server/2.27/jersey-server-2.27.jar:/home/user/.m2/repository/org/glassfish/jersey/core/jersey-client/2.27/jersey-client-2.27.jar:/home/user/.m2/repository/org/glassfish/jersey/media/jersey-media-jaxb/2.27/jersey-media-jaxb-2.27.jar:/home/user/.m2/repository/javax/validation/validation-api/1.1.0.Final/validation-api-1.1.0.Final.jar:/home/user/.m2/repository/org/glassfish/jersey/media/jersey-media-json-jackson/2.27/jersey-media-json-jackson-2.27.jar:/home/user/.m2/repository/org/glassfish/jersey/ext/jersey-entity-filtering/2.27/jersey-entity-filtering-2.27.jar:/home/user/.m2/repository/com/google/inject/extensions/guice-assistedinject/4.0/guice-assistedinject-4.0.jar:/home/user/.m2/repository/org/jooq/jooq/3.11.10/jooq-3.11.10.jar:/home/user/.m2/repository/org/jooq/jooq-meta/3.11.10/jooq-meta-3.11.10.jar:/home/user/.m2/repository/org/jooq/jooq-codegen/3.11.10/jooq-codegen-3.11.10.jar:/home/user/.m2/repository/com/jolbox/bonecp/0.8.0.RELEASE/bonecp-0.8.0.RELEASE.jar:/home/user/.m2/repository/org/springframework/spring-jdbc/5.1.3.RELEASE/spring-jdbc-5.1.3.RELEASE.jar:/home/user/.m2/repository/org/springframework/spring-beans/5.1.3.RELEASE/spring-beans-5.1.3.RELEASE.jar:/home/user/.m2/repository/org/springframework/spring-core/5.1.3.RELEASE/spring-core-5.1.3.RELEASE.jar:/home/user/.m2/repository/org/springframework/spring-jcl/5.1.3.RELEASE/spring-jcl-5.1.3.RELEASE.jar:/home/user/.m2/repository/org/springframework/spring-tx/5.1.3.RELEASE/spring-tx-5.1.3.RELEASE.jar:/home/user/.m2/repository/org/mockito/mockito-core/2.15.0/mockito-core-2.15.0.jar:/home/user/.m2/repository/net/bytebuddy/byte-buddy/1.7.9/byte-buddy-1.7.9.jar:/home/user/.m2/repository/net/bytebuddy/byte-buddy-agent/1.7.9/byte-buddy-agent-1.7.9.jar:/home/user/.m2/repository/org/objenesis/objenesis/1.0/objenesis-1.0.jar:"/>
    <property name="sun.cpu.endian" value="little"/>
    <property name="user.home" value="/home/user"/>
    <property name="user.language" value="en"/>
    <property name="java.specification.vendor" value="Oracle Corporation"/>
    <property name="java.home" value="/usr/lib/jvm/java-1.8-openjdk/jre"/>
    <property name="java.security.krb5.conf" value="/workdir/hadoop-ozone/tools/target/test-classes/krb5.conf"/>
    <property name="basedir" value="/workdir/hadoop-ozone/tools"/>
    <property name="file.separator" value="/"/>
    <property name="line.separator" value="&#10;"/>
    <property name="java.vm.specification.vendor" value="Oracle Corporation"/>
    <property name="java.specification.name" value="Java Platform API Specification"/>
    <property name="java.awt.graphicsenv" value="sun.awt.X11GraphicsEnvironment"/>
    <property name="surefire.real.class.path" value="/workdir/hadoop-ozone/tools/target/surefire/surefirebooter6120414416282142324.jar"/>
    <property name="hadoop.log.dir" value="/workdir/hadoop-ozone/tools/target/log"/>
    <property name="sun.boot.class.path" value="/usr/lib/jvm/java-1.8-openjdk/jre/lib/resources.jar:/usr/lib/jvm/java-1.8-openjdk/jre/lib/rt.jar:/usr/lib/jvm/java-1.8-openjdk/jre/lib/sunrsasign.jar:/usr/lib/jvm/java-1.8-openjdk/jre/lib/jsse.jar:/usr/lib/jvm/java-1.8-openjdk/jre/lib/jce.jar:/usr/lib/jvm/java-1.8-openjdk/jre/lib/charsets.jar:/usr/lib/jvm/java-1.8-openjdk/jre/lib/jfr.jar:/usr/lib/jvm/java-1.8-openjdk/jre/classes"/>
    <property name="sun.management.compiler" value="HotSpot 64-Bit Tiered Compilers"/>
    <property name="java.runtime.version" value="1.8.0_212-b04"/>
    <property name="java.net.preferIPv4Stack" value="true"/>
    <property name="user.name" value="jenkins1000"/>
    <property name="path.separator" value=":"/>
    <property name="java.security.egd" value="file:///dev/urandom"/>
    <property name="os.version" value="3.10.0-957.12.2.el7.x86_64"/>
    <property name="java.endorsed.dirs" value="/usr/lib/jvm/java-1.8-openjdk/jre/lib/endorsed"/>
    <property name="java.runtime.name" value="OpenJDK Runtime Environment"/>
    <property name="file.encoding" value="UTF-8"/>
    <property name="java.vm.name" value="OpenJDK 64-Bit Server VM"/>
    <property name="test.build.webapps" value=""/>
    <property name="localRepository" value="/home/user/.m2/repository"/>
    <property name="java.vendor.url.bug" value="https://icedtea.classpath.org/bugzilla"/>
    <property name="java.io.tmpdir" value="/tmp"/>
    <property name="require.test.libhadoop" value=""/>
    <property name="java.version" value="1.8.0_212"/>
    <property name="user.dir" value="/workdir/hadoop-ozone/tools"/>
    <property name="os.arch" value="amd64"/>
    <property name="java.vm.specification.name" value="Java Virtual Machine Specification"/>
    <property name="test.build.classes" value="/workdir/hadoop-ozone/tools/target/test-classes"/>
    <property name="java.awt.printerjob" value="sun.print.PSPrinterJob"/>
    <property name="sun.os.patch.level" value="unknown"/>
    <property name="hadoop.tmp.dir" value="/workdir/hadoop-ozone/tools/target/tmp"/>
    <property name="java.library.path" value="/usr/lib/jvm/java-1.8-openjdk/jre/lib/amd64/server:/usr/lib/jvm/java-1.8-openjdk/jre/lib/amd64:/usr/lib/jvm/java-1.8-openjdk/jre/../lib/amd64:/workdir/hadoop-ozone/tools/target/native/target/usr/local/lib:/workdir/hadoop-ozone/tools/../../hadoop-common-project/hadoop-common/target/native/target/usr/local/lib:/usr/java/packages/lib/amd64:/usr/lib64:/lib64:/lib:/usr/lib"/>
    <property name="java.vm.info" value="mixed mode"/>
    <property name="java.vendor" value="IcedTea"/>
    <property name="java.vm.version" value="25.212-b04"/>
    <property name="java.ext.dirs" value="/usr/lib/jvm/java-1.8-openjdk/jre/lib/ext:/usr/java/packages/lib/ext"/>
    <property name="sun.io.unicode.encoding" value="UnicodeLittle"/>
    <property name="java.class.version" value="52.0"/>
  </properties>
  <testcase name="ratisTest3" classname="org.apache.hadoop.ozone.freon.TestRandomKeyGenerator" time="15.406"/>
  <testcase name="testThreadPoolSize" classname="org.apache.hadoop.ozone.freon.TestRandomKeyGenerator" time="5.038"/>
  <testcase name="defaultTest" classname="org.apache.hadoop.ozone.freon.TestRandomKeyGenerator" time="5.241"/>
  <testcase name="bigFileThan2GB" classname="org.apache.hadoop.ozone.freon.TestRandomKeyGenerator" time="58.213">
    <error message="Allocated 0 blocks. Requested 1 blocks" type="INTERNAL_ERROR org.apache.hadoop.ozone.om.exceptions.OMException">INTERNAL_ERROR org.apache.hadoop.ozone.om.exceptions.OMException: Allocated 0 blocks. Requested 1 blocks
	at org.apache.hadoop.ozone.om.protocolPB.OzoneManagerProtocolClientSideTranslatorPB.handleError(OzoneManagerProtocolClientSideTranslatorPB.java:725)
	at org.apache.hadoop.ozone.om.protocolPB.OzoneManagerProtocolClientSideTranslatorPB.allocateBlock(OzoneManagerProtocolClientSideTranslatorPB.java:757)
	at org.apache.hadoop.ozone.client.io.BlockOutputStreamEntryPool.allocateNewBlock(BlockOutputStreamEntryPool.java:248)
	at org.apache.hadoop.ozone.client.io.BlockOutputStreamEntryPool.allocateBlockIfNeeded(BlockOutputStreamEntryPool.java:296)
	at org.apache.hadoop.ozone.client.io.KeyOutputStream.handleWrite(KeyOutputStream.java:201)
	at org.apache.hadoop.ozone.client.io.KeyOutputStream.handleRetry(KeyOutputStream.java:376)
	at org.apache.hadoop.ozone.client.io.KeyOutputStream.handleException(KeyOutputStream.java:325)
	at org.apache.hadoop.ozone.client.io.KeyOutputStream.handleWrite(KeyOutputStream.java:231)
	at org.apache.hadoop.ozone.client.io.KeyOutputStream.write(KeyOutputStream.java:193)
	at org.apache.hadoop.ozone.client.io.OzoneOutputStream.write(OzoneOutputStream.java:49)
	at org.apache.hadoop.ozone.freon.RandomKeyGenerator.createKey(RandomKeyGenerator.java:699)
	at org.apache.hadoop.ozone.freon.RandomKeyGenerator.access$1100(RandomKeyGenerator.java:87)
	at org.apache.hadoop.ozone.freon.RandomKeyGenerator$ObjectCreator.run(RandomKeyGenerator.java:606)
	at java.util.concurrent.Executors$RunnableAdapter.call(Executors.java:511)
	at java.util.concurrent.FutureTask.run(FutureTask.java:266)
	at java.util.concurrent.ThreadPoolExecutor.runWorker(ThreadPoolExecutor.java:1149)
	at java.util.concurrent.ThreadPoolExecutor$Worker.run(ThreadPoolExecutor.java:624)
	at java.lang.Thread.run(Thread.java:748)
</error>
    <system-out><![CDATA[2019-08-22 07:03:10,111 | INFO  | SCMAudit | user=jenkins1000 | ip=192.168.34.31 | op=SEND_HEARTBEAT {datanodeUUID=f789f48f-f3d7-45ec-9bba-6a89e2bdcc9c, command=[]} | ret=SUCCESS |  
2019-08-22 07:03:10,576 | INFO  | SCMAudit | user=jenkins1000 | ip=192.168.34.31 | op=SEND_HEARTBEAT {datanodeUUID=6ab6b5dd-7582-43bd-ad39-1af51ca14a47, command=[]} | ret=SUCCESS |  
2019-08-22 07:03:10,773 | INFO  | SCMAudit | user=jenkins1000 | ip=192.168.34.31 | op=SEND_HEARTBEAT {datanodeUUID=4f0d1a15-8f14-4d9a-ad4f-8211e1245b5d, command=[]} | ret=SUCCESS |  
2019-08-22 07:03:10,775 | INFO  | SCMAudit | user=jenkins1000 | ip=192.168.34.31 | op=SEND_HEARTBEAT {datanodeUUID=3cf1264f-5f6b-4138-aeee-2ff7d4522ead, command=[]} | ret=SUCCESS |  
2019-08-22 07:03:10,786 | INFO  | SCMAudit | user=jenkins1000 | ip=192.168.34.31 | op=SEND_HEARTBEAT {datanodeUUID=6999f20e-c3f7-4db4-87ca-141c476f2a88, command=[]} | ret=SUCCESS |  
2019-08-22 07:03:11,111 | INFO  | SCMAudit | user=jenkins1000 | ip=192.168.34.31 | op=SEND_HEARTBEAT {datanodeUUID=f789f48f-f3d7-45ec-9bba-6a89e2bdcc9c, command=[]} | ret=SUCCESS |  
2019-08-22 07:03:11,577 | INFO  | SCMAudit | user=jenkins1000 | ip=192.168.34.31 | op=SEND_HEARTBEAT {datanodeUUID=6ab6b5dd-7582-43bd-ad39-1af51ca14a47, command=[]} | ret=SUCCESS |  
2019-08-22 07:03:11,773 | INFO  | SCMAudit | user=jenkins1000 | ip=192.168.34.31 | op=SEND_HEARTBEAT {datanodeUUID=4f0d1a15-8f14-4d9a-ad4f-8211e1245b5d, command=[]} | ret=SUCCESS |  
2019-08-22 07:03:11,775 | INFO  | SCMAudit | user=jenkins1000 | ip=192.168.34.31 | op=SEND_HEARTBEAT {datanodeUUID=3cf1264f-5f6b-4138-aeee-2ff7d4522ead, command=[]} | ret=SUCCESS |  
2019-08-22 07:03:11,786 | INFO  | SCMAudit | user=jenkins1000 | ip=192.168.34.31 | op=SEND_HEARTBEAT {datanodeUUID=6999f20e-c3f7-4db4-87ca-141c476f2a88, command=[]} | ret=SUCCESS |  
2019-08-22 07:03:12,111 | INFO  | SCMAudit | user=jenkins1000 | ip=192.168.34.31 | op=SEND_HEARTBEAT {datanodeUUID=f789f48f-f3d7-45ec-9bba-6a89e2bdcc9c, command=[]} | ret=SUCCESS |  
2019-08-22 07:03:12,579 | INFO  | SCMAudit | user=jenkins1000 | ip=192.168.34.31 | op=SEND_HEARTBEAT {datanodeUUID=6ab6b5dd-7582-43bd-ad39-1af51ca14a47, command=[]} | ret=SUCCESS |  
2019-08-22 07:03:12,772 | INFO  | SCMAudit | user=jenkins1000 | ip=192.168.34.31 | op=SEND_HEARTBEAT {datanodeUUID=4f0d1a15-8f14-4d9a-ad4f-8211e1245b5d, command=[]} | ret=SUCCESS |  
2019-08-22 07:03:12,775 | INFO  | SCMAudit | user=jenkins1000 | ip=192.168.34.31 | op=SEND_HEARTBEAT {datanodeUUID=3cf1264f-5f6b-4138-aeee-2ff7d4522ead, command=[]} | ret=SUCCESS |  
2019-08-22 07:03:12,787 | INFO  | SCMAudit | user=jenkins1000 | ip=192.168.34.31 | op=SEND_HEARTBEAT {datanodeUUID=6999f20e-c3f7-4db4-87ca-141c476f2a88, command=[]} | ret=SUCCESS |  
2019-08-22 07:03:13,111 | INFO  | SCMAudit | user=jenkins1000 | ip=192.168.34.31 | op=SEND_HEARTBEAT {datanodeUUID=f789f48f-f3d7-45ec-9bba-6a89e2bdcc9c, command=[]} | ret=SUCCESS |  
2019-08-22 07:03:13,586 | INFO  | SCMAudit | user=jenkins1000 | ip=192.168.34.31 | op=SEND_HEARTBEAT {datanodeUUID=6ab6b5dd-7582-43bd-ad39-1af51ca14a47, command=[]} | ret=SUCCESS |  
2019-08-22 07:03:13,773 | INFO  | SCMAudit | user=jenkins1000 | ip=192.168.34.31 | op=SEND_HEARTBEAT {datanodeUUID=4f0d1a15-8f14-4d9a-ad4f-8211e1245b5d, command=[]} | ret=SUCCESS |  
2019-08-22 07:03:13,776 | INFO  | SCMAudit | user=jenkins1000 | ip=192.168.34.31 | op=SEND_HEARTBEAT {datanodeUUID=3cf1264f-5f6b-4138-aeee-2ff7d4522ead, command=[]} | ret=SUCCESS |  
2019-08-22 07:03:13,786 | INFO  | SCMAudit | user=jenkins1000 | ip=192.168.34.31 | op=SEND_HEARTBEAT {datanodeUUID=6999f20e-c3f7-4db4-87ca-141c476f2a88, command=[]} | ret=SUCCESS |  
2019-08-22 07:03:14,111 | INFO  | SCMAudit | user=jenkins1000 | ip=192.168.34.31 | op=SEND_HEARTBEAT {datanodeUUID=f789f48f-f3d7-45ec-9bba-6a89e2bdcc9c, command=[]} | ret=SUCCESS |  
2019-08-22 07:03:14,578 | INFO  | SCMAudit | user=jenkins1000 | ip=192.168.34.31 | op=SEND_HEARTBEAT {datanodeUUID=6ab6b5dd-7582-43bd-ad39-1af51ca14a47, command=[]} | ret=SUCCESS |  
2019-08-22 07:03:14,773 | INFO  | SCMAudit | user=jenkins1000 | ip=192.168.34.31 | op=SEND_HEARTBEAT {datanodeUUID=4f0d1a15-8f14-4d9a-ad4f-8211e1245b5d, command=[]} | ret=SUCCESS |  
2019-08-22 07:03:14,777 | INFO  | SCMAudit | user=jenkins1000 | ip=192.168.34.31 | op=SEND_HEARTBEAT {datanodeUUID=3cf1264f-5f6b-4138-aeee-2ff7d4522ead, command=[]} | ret=SUCCESS |  
2019-08-22 07:03:14,787 | INFO  | SCMAudit | user=jenkins1000 | ip=192.168.34.31 | op=SEND_HEARTBEAT {datanodeUUID=6999f20e-c3f7-4db4-87ca-141c476f2a88, command=[]} | ret=SUCCESS |  
2019-08-22 07:03:15,111 | INFO  | SCMAudit | user=jenkins1000 | ip=192.168.34.31 | op=SEND_HEARTBEAT {datanodeUUID=f789f48f-f3d7-45ec-9bba-6a89e2bdcc9c, command=[]} | ret=SUCCESS |  
2019-08-22 07:03:15,577 | INFO  | SCMAudit | user=jenkins1000 | ip=192.168.34.31 | op=SEND_HEARTBEAT {datanodeUUID=6ab6b5dd-7582-43bd-ad39-1af51ca14a47, command=[]} | ret=SUCCESS |  
2019-08-22 07:03:15,774 | INFO  | SCMAudit | user=jenkins1000 | ip=192.168.34.31 | op=SEND_HEARTBEAT {datanodeUUID=4f0d1a15-8f14-4d9a-ad4f-8211e1245b5d, command=[]} | ret=SUCCESS |  
2019-08-22 07:03:15,777 | INFO  | SCMAudit | user=jenkins1000 | ip=192.168.34.31 | op=SEND_HEARTBEAT {datanodeUUID=3cf1264f-5f6b-4138-aeee-2ff7d4522ead, command=[]} | ret=SUCCESS |  
2019-08-22 07:03:15,786 | INFO  | SCMAudit | user=jenkins1000 | ip=192.168.34.31 | op=SEND_HEARTBEAT {datanodeUUID=6999f20e-c3f7-4db4-87ca-141c476f2a88, command=[]} | ret=SUCCESS |  
2019-08-22 07:03:16,110 | INFO  | SCMAudit | user=jenkins1000 | ip=192.168.34.31 | op=SEND_HEARTBEAT {datanodeUUID=f789f48f-f3d7-45ec-9bba-6a89e2bdcc9c, command=[]} | ret=SUCCESS |  
2019-08-22 07:03:16,578 | INFO  | SCMAudit | user=jenkins1000 | ip=192.168.34.31 | op=SEND_HEARTBEAT {datanodeUUID=6ab6b5dd-7582-43bd-ad39-1af51ca14a47, command=[]} | ret=SUCCESS |  
2019-08-22 07:03:16,773 | INFO  | SCMAudit | user=jenkins1000 | ip=192.168.34.31 | op=SEND_HEARTBEAT {datanodeUUID=4f0d1a15-8f14-4d9a-ad4f-8211e1245b5d, command=[]} | ret=SUCCESS |  
2019-08-22 07:03:16,777 | INFO  | SCMAudit | user=jenkins1000 | ip=192.168.34.31 | op=SEND_HEARTBEAT {datanodeUUID=3cf1264f-5f6b-4138-aeee-2ff7d4522ead, command=[]} | ret=SUCCESS |  
2019-08-22 07:03:16,787 | INFO  | SCMAudit | user=jenkins1000 | ip=192.168.34.31 | op=SEND_HEARTBEAT {datanodeUUID=6999f20e-c3f7-4db4-87ca-141c476f2a88, command=[]} | ret=SUCCESS |  
2019-08-22 07:03:17,112 | INFO  | SCMAudit | user=jenkins1000 | ip=192.168.34.31 | op=SEND_HEARTBEAT {datanodeUUID=f789f48f-f3d7-45ec-9bba-6a89e2bdcc9c, command=[]} | ret=SUCCESS |  
2019-08-22 07:03:17,579 | INFO  | SCMAudit | user=jenkins1000 | ip=192.168.34.31 | op=SEND_HEARTBEAT {datanodeUUID=6ab6b5dd-7582-43bd-ad39-1af51ca14a47, command=[]} | ret=SUCCESS |  
2019-08-22 07:03:17,703 [main] INFO  freon.RandomKeyGenerator (RandomKeyGenerator.java:call(275)) - Number of Threads: 1
2019-08-22 07:03:17,704 [main] INFO  freon.RandomKeyGenerator (RandomKeyGenerator.java:call(280)) - Number of Volumes: 1.
2019-08-22 07:03:17,704 [main] INFO  freon.RandomKeyGenerator (RandomKeyGenerator.java:call(281)) - Number of Buckets per Volume: 1.
2019-08-22 07:03:17,704 [main] INFO  freon.RandomKeyGenerator (RandomKeyGenerator.java:call(282)) - Number of Keys per Bucket: 1.
2019-08-22 07:03:17,704 [main] INFO  freon.RandomKeyGenerator (RandomKeyGenerator.java:call(283)) - Key size: 2147483657 bytes
2019-08-22 07:03:17,704 [main] INFO  freon.RandomKeyGenerator (RandomKeyGenerator.java:call(284)) - Buffer size: 4096 bytes
2019-08-22 07:03:17,706 [main] INFO  freon.RandomKeyGenerator (RandomKeyGenerator.java:call(298)) - Data validation is enabled.
2019-08-22 07:03:17,706 [main] INFO  freon.RandomKeyGenerator (RandomKeyGenerator.java:call(304)) - Starting progress bar Thread.

 0.00% |█                                                                                                    |  0/1 Time: 0:00:002019-08-22 07:03:17,707 [pool-282-thread-1] INFO  rpc.RpcClient (RpcClient.java:createVolume(293)) - Creating Volume: vol-0-14906, with jenkins1000 as owner.
2019-08-22 07:03:17,715 | INFO  | OMAudit | user=jenkins1000 | ip=127.0.0.1 | op=CREATE_VOLUME {admin=jenkins1000, owner=jenkins1000, volume=vol-0-14906, creationTime=1566457397715, quotaInBytes=1152921504606846976} | ret=SUCCESS |  
2019-08-22 07:03:17,718 | INFO  | OMAudit | user=jenkins1000 | ip=127.0.0.1 | op=READ_VOLUME {volume=vol-0-14906} | ret=SUCCESS |  
2019-08-22 07:03:17,719 [pool-282-thread-1] INFO  rpc.RpcClient (RpcClient.java:createBucket(432)) - Creating Bucket: vol-0-14906/bucket-0-53153, with Versioning false and Storage Type set to DISK and Encryption set to false 
2019-08-22 07:03:17,728 | INFO  | OMAudit | user=jenkins1000 | ip=127.0.0.1 | op=CREATE_BUCKET {volume=vol-0-14906, bucket=bucket-0-53153, acls=[user:jenkins1000:a[ACCESS], group:default:a[ACCESS]], isVersionEnabled=false, storageType=DISK, creationTime=0} | ret=SUCCESS |  
2019-08-22 07:03:17,729 | INFO  | OMAudit | user=jenkins1000 | ip=127.0.0.1 | op=READ_BUCKET {volume=vol-0-14906, bucket=bucket-0-53153} | ret=SUCCESS |  
2019-08-22 07:03:17,750 | INFO  | SCMAudit | user=jenkins1000 | ip=192.168.34.31 | op=ALLOCATE_BLOCK {owner=04b6d46a-98e2-41b1-9f38-1870289993ea, size=4194304, type=RATIS, factor=THREE} | ret=SUCCESS |  
2019-08-22 07:03:17,772 | INFO  | OMAudit | user=jenkins1000 | ip=127.0.0.1 | op=ALLOCATE_KEY {volume=vol-0-14906, bucket=bucket-0-53153, key=key-0-33222, dataSize=2147483657, replicationType=RATIS, replicationFactor=THREE, keyLocationInfo=null} | ret=SUCCESS |  
2019-08-22 07:03:17,774 | INFO  | SCMAudit | user=jenkins1000 | ip=192.168.34.31 | op=SEND_HEARTBEAT {datanodeUUID=4f0d1a15-8f14-4d9a-ad4f-8211e1245b5d, command=[]} | ret=SUCCESS |  
2019-08-22 07:03:17,779 | INFO  | SCMAudit | user=jenkins1000 | ip=192.168.34.31 | op=SEND_HEARTBEAT {datanodeUUID=3cf1264f-5f6b-4138-aeee-2ff7d4522ead, command=[]} | ret=SUCCESS |  
2019-08-22 07:03:17,787 | INFO  | SCMAudit | user=jenkins1000 | ip=192.168.34.31 | op=SEND_HEARTBEAT {datanodeUUID=6999f20e-c3f7-4db4-87ca-141c476f2a88, command=[]} | ret=SUCCESS |  
2019-08-22 07:03:17,833 [grpc-default-executor-3] INFO  client.GrpcClientProtocolClient (GrpcClientProtocolClient.java:onNext(255)) - client-CF63D631FA17->4f0d1a15-8f14-4d9a-ad4f-8211e1245b5d: receive RaftClientReply:client-CF63D631FA17->4f0d1a15-8f14-4d9a-ad4f-8211e1245b5d@group-561E16522154, cid=598, FAILED org.apache.ratis.protocol.NotLeaderException: Server 4f0d1a15-8f14-4d9a-ad4f-8211e1245b5d is not the leader (3cf1264f-5f6b-4138-aeee-2ff7d4522ead:192.168.34.31:44547). Request must be sent to leader., logIndex=0, commits[4f0d1a15-8f14-4d9a-ad4f-8211e1245b5d:c705, 6999f20e-c3f7-4db4-87ca-141c476f2a88:c705, 3cf1264f-5f6b-4138-aeee-2ff7d4522ead:c705]
2019-08-22 07:03:17,868 | INFO  | DNAudit | user=null | ip=null | op=WRITE_CHUNK {blockData=conID: 2 locID: 102659352018354579 bcsId: 0} | ret=SUCCESS |  
2019-08-22 07:03:17,880 | INFO  | DNAudit | user=null | ip=null | op=WRITE_CHUNK {blockData=conID: 2 locID: 102659352018354579 bcsId: 0} | ret=SUCCESS |  
2019-08-22 07:03:17,881 | INFO  | DNAudit | user=null | ip=null | op=WRITE_CHUNK {blockData=conID: 2 locID: 102659352018354579 bcsId: 0} | ret=SUCCESS |  
2019-08-22 07:03:17,884 | INFO  | DNAudit | user=null | ip=null | op=WRITE_CHUNK {blockData=conID: 2 locID: 102659352018354579 bcsId: 0} | ret=SUCCESS |  
2019-08-22 07:03:17,889 | INFO  | DNAudit | user=null | ip=null | op=WRITE_CHUNK {blockData=conID: 2 locID: 102659352018354579 bcsId: 0} | ret=SUCCESS |  
2019-08-22 07:03:17,889 | INFO  | DNAudit | user=null | ip=null | op=WRITE_CHUNK {blockData=conID: 2 locID: 102659352018354579 bcsId: 0} | ret=SUCCESS |  
2019-08-22 07:03:17,889 [grpc-default-executor-0] INFO  client.GrpcClientProtocolClient (GrpcClientProtocolClient.java:onNext(255)) - client-CF63D631FA17->3cf1264f-5f6b-4138-aeee-2ff7d4522ead: receive RaftClientReply:client-CF63D631FA17->3cf1264f-5f6b-4138-aeee-2ff7d4522ead@group-561E16522154, cid=598, SUCCESS, logIndex=706, commits[3cf1264f-5f6b-4138-aeee-2ff7d4522ead:c706, 4f0d1a15-8f14-4d9a-ad4f-8211e1245b5d:c705, 6999f20e-c3f7-4db4-87ca-141c476f2a88:c705]
2019-08-22 07:03:17,903 | INFO  | DNAudit | user=null | ip=null | op=PUT_BLOCK {blockData=[blockId=conID: 2 locID: 102659352018354579 bcsId: 0,size=1048576]} | ret=SUCCESS |  
2019-08-22 07:03:17,905 | INFO  | DNAudit | user=null | ip=null | op=PUT_BLOCK {blockData=[blockId=conID: 2 locID: 102659352018354579 bcsId: 0,size=1048576]} | ret=SUCCESS |  
2019-08-22 07:03:17,905 | INFO  | DNAudit | user=null | ip=null | op=PUT_BLOCK {blockData=[blockId=conID: 2 locID: 102659352018354579 bcsId: 0,size=1048576]} | ret=SUCCESS |  
2019-08-22 07:03:17,909 | INFO  | DNAudit | user=null | ip=null | op=WRITE_CHUNK {blockData=conID: 2 locID: 102659352018354579 bcsId: 0} | ret=SUCCESS |  
2019-08-22 07:03:17,913 [grpc-default-executor-0] INFO  client.GrpcClientProtocolClient (GrpcClientProtocolClient.java:onNext(255)) - client-CF63D631FA17->3cf1264f-5f6b-4138-aeee-2ff7d4522ead: receive RaftClientReply:client-CF63D631FA17->3cf1264f-5f6b-4138-aeee-2ff7d4522ead@group-561E16522154, cid=599, SUCCESS, logIndex=708, commits[3cf1264f-5f6b-4138-aeee-2ff7d4522ead:c708, 4f0d1a15-8f14-4d9a-ad4f-8211e1245b5d:c707, 6999f20e-c3f7-4db4-87ca-141c476f2a88:c706]
2019-08-22 07:03:17,917 | INFO  | DNAudit | user=null | ip=null | op=WRITE_CHUNK {blockData=conID: 2 locID: 102659352018354579 bcsId: 0} | ret=SUCCESS |  
2019-08-22 07:03:17,919 | INFO  | DNAudit | user=null | ip=null | op=WRITE_CHUNK {blockData=conID: 2 locID: 102659352018354579 bcsId: 0} | ret=SUCCESS |  
2019-08-22 07:03:17,920 | INFO  | DNAudit | user=null | ip=null | op=WRITE_CHUNK {blockData=conID: 2 locID: 102659352018354579 bcsId: 0} | ret=SUCCESS |  
2019-08-22 07:03:17,921 | INFO  | DNAudit | user=null | ip=null | op=PUT_BLOCK {blockData=[blockId=conID: 2 locID: 102659352018354579 bcsId: 0,size=2097152]} | ret=SUCCESS |  
2019-08-22 07:03:17,923 [grpc-default-executor-3] INFO  client.GrpcClientProtocolClient (GrpcClientProtocolClient.java:onNext(255)) - client-CF63D631FA17->3cf1264f-5f6b-4138-aeee-2ff7d4522ead: receive RaftClientReply:client-CF63D631FA17->3cf1264f-5f6b-4138-aeee-2ff7d4522ead@group-561E16522154, cid=600, SUCCESS, logIndex=710, commits[3cf1264f-5f6b-4138-aeee-2ff7d4522ead:c711, 4f0d1a15-8f14-4d9a-ad4f-8211e1245b5d:c708, 6999f20e-c3f7-4db4-87ca-141c476f2a88:c708]
2019-08-22 07:03:17,926 | INFO  | DNAudit | user=null | ip=null | op=WRITE_CHUNK {blockData=conID: 2 locID: 102659352018354579 bcsId: 0} | ret=SUCCESS |  
2019-08-22 07:03:17,925 [grpc-default-executor-3] INFO  client.GrpcClientProtocolClient (GrpcClientProtocolClient.java:onNext(255)) - client-CF63D631FA17->3cf1264f-5f6b-4138-aeee-2ff7d4522ead: receive RaftClientReply:client-CF63D631FA17->3cf1264f-5f6b-4138-aeee-2ff7d4522ead@group-561E16522154, cid=601, SUCCESS, logIndex=711, commits[3cf1264f-5f6b-4138-aeee-2ff7d4522ead:c711, 4f0d1a15-8f14-4d9a-ad4f-8211e1245b5d:c708, 6999f20e-c3f7-4db4-87ca-141c476f2a88:c708]
2019-08-22 07:03:17,926 | INFO  | DNAudit | user=null | ip=null | op=WRITE_CHUNK {blockData=conID: 2 locID: 102659352018354579 bcsId: 0} | ret=SUCCESS |  
2019-08-22 07:03:17,926 | INFO  | DNAudit | user=null | ip=null | op=PUT_BLOCK {blockData=[blockId=conID: 2 locID: 102659352018354579 bcsId: 0,size=2097152]} | ret=SUCCESS |  
2019-08-22 07:03:17,927 | INFO  | DNAudit | user=null | ip=null | op=PUT_BLOCK {blockData=[blockId=conID: 2 locID: 102659352018354579 bcsId: 0,size=2097152]} | ret=SUCCESS |  
2019-08-22 07:03:17,940 | INFO  | DNAudit | user=null | ip=null | op=WRITE_CHUNK {blockData=conID: 2 locID: 102659352018354579 bcsId: 711} | ret=SUCCESS |  
2019-08-22 07:03:17,947 | INFO  | DNAudit | user=null | ip=null | op=WRITE_CHUNK {blockData=conID: 2 locID: 102659352018354579 bcsId: 711} | ret=SUCCESS |  
2019-08-22 07:03:17,947 | INFO  | DNAudit | user=null | ip=null | op=WRITE_CHUNK {blockData=conID: 2 locID: 102659352018354579 bcsId: 711} | ret=SUCCESS |  
2019-08-22 07:03:17,951 | INFO  | DNAudit | user=null | ip=null | op=WRITE_CHUNK {blockData=conID: 2 locID: 102659352018354579 bcsId: 711} | ret=SUCCESS |  
2019-08-22 07:03:17,952 | INFO  | DNAudit | user=null | ip=null | op=PUT_BLOCK {blockData=[blockId=conID: 2 locID: 102659352018354579 bcsId: 0,size=3145728]} | ret=SUCCESS |  
2019-08-22 07:03:17,952 [grpc-default-executor-0] INFO  client.GrpcClientProtocolClient (GrpcClientProtocolClient.java:onNext(255)) - client-CF63D631FA17->3cf1264f-5f6b-4138-aeee-2ff7d4522ead: receive RaftClientReply:client-CF63D631FA17->3cf1264f-5f6b-4138-aeee-2ff7d4522ead@group-561E16522154, cid=602, SUCCESS, logIndex=714, commits[3cf1264f-5f6b-4138-aeee-2ff7d4522ead:c715, 4f0d1a15-8f14-4d9a-ad4f-8211e1245b5d:c713, 6999f20e-c3f7-4db4-87ca-141c476f2a88:c713]
2019-08-22 07:03:17,953 [grpc-default-executor-0] INFO  client.GrpcClientProtocolClient (GrpcClientProtocolClient.java:onNext(255)) - client-CF63D631FA17->3cf1264f-5f6b-4138-aeee-2ff7d4522ead: receive RaftClientReply:client-CF63D631FA17->3cf1264f-5f6b-4138-aeee-2ff7d4522ead@group-561E16522154, cid=603, SUCCESS, logIndex=715, commits[3cf1264f-5f6b-4138-aeee-2ff7d4522ead:c715, 4f0d1a15-8f14-4d9a-ad4f-8211e1245b5d:c713, 6999f20e-c3f7-4db4-87ca-141c476f2a88:c713]
2019-08-22 07:03:17,954 | INFO  | DNAudit | user=null | ip=null | op=WRITE_CHUNK {blockData=conID: 2 locID: 102659352018354579 bcsId: 711} | ret=SUCCESS |  
2019-08-22 07:03:17,955 | INFO  | DNAudit | user=null | ip=null | op=WRITE_CHUNK {blockData=conID: 2 locID: 102659352018354579 bcsId: 711} | ret=SUCCESS |  
2019-08-22 07:03:17,955 | INFO  | DNAudit | user=null | ip=null | op=PUT_BLOCK {blockData=[blockId=conID: 2 locID: 102659352018354579 bcsId: 0,size=3145728]} | ret=SUCCESS |  
2019-08-22 07:03:17,955 | INFO  | DNAudit | user=null | ip=null | op=PUT_BLOCK {blockData=[blockId=conID: 2 locID: 102659352018354579 bcsId: 0,size=3145728]} | ret=SUCCESS |  
2019-08-22 07:03:17,966 | INFO  | DNAudit | user=null | ip=null | op=WRITE_CHUNK {blockData=conID: 2 locID: 102659352018354579 bcsId: 715} | ret=SUCCESS |  
2019-08-22 07:03:17,972 | INFO  | DNAudit | user=null | ip=null | op=WRITE_CHUNK {blockData=conID: 2 locID: 102659352018354579 bcsId: 715} | ret=SUCCESS |  
2019-08-22 07:03:17,972 | INFO  | DNAudit | user=null | ip=null | op=WRITE_CHUNK {blockData=conID: 2 locID: 102659352018354579 bcsId: 715} | ret=SUCCESS |  
2019-08-22 07:03:17,976 | INFO  | DNAudit | user=null | ip=null | op=WRITE_CHUNK {blockData=conID: 2 locID: 102659352018354579 bcsId: 715} | ret=SUCCESS |  
2019-08-22 07:03:17,977 | INFO  | DNAudit | user=null | ip=null | op=PUT_BLOCK {blockData=[blockId=conID: 2 locID: 102659352018354579 bcsId: 0,size=4194304]} | ret=SUCCESS |  
2019-08-22 07:03:17,978 [grpc-default-executor-1] INFO  client.GrpcClientProtocolClient (GrpcClientProtocolClient.java:onNext(255)) - client-CF63D631FA17->3cf1264f-5f6b-4138-aeee-2ff7d4522ead: receive RaftClientReply:client-CF63D631FA17->3cf1264f-5f6b-4138-aeee-2ff7d4522ead@group-561E16522154, cid=604, SUCCESS, logIndex=717, commits[3cf1264f-5f6b-4138-aeee-2ff7d4522ead:c718, 4f0d1a15-8f14-4d9a-ad4f-8211e1245b5d:c716, 6999f20e-c3f7-4db4-87ca-141c476f2a88:c716]
2019-08-22 07:03:17,979 [grpc-default-executor-1] INFO  client.GrpcClientProtocolClient (GrpcClientProtocolClient.java:onNext(255)) - client-CF63D631FA17->3cf1264f-5f6b-4138-aeee-2ff7d4522ead: receive RaftClientReply:client-CF63D631FA17->3cf1264f-5f6b-4138-aeee-2ff7d4522ead@group-561E16522154, cid=605, SUCCESS, logIndex=718, commits[3cf1264f-5f6b-4138-aeee-2ff7d4522ead:c718, 4f0d1a15-8f14-4d9a-ad4f-8211e1245b5d:c716, 6999f20e-c3f7-4db4-87ca-141c476f2a88:c716]
2019-08-22 07:03:17,980 | INFO  | DNAudit | user=null | ip=null | op=WRITE_CHUNK {blockData=conID: 2 locID: 102659352018354579 bcsId: 715} | ret=SUCCESS |  
2019-08-22 07:03:17,980 | INFO  | DNAudit | user=null | ip=null | op=WRITE_CHUNK {blockData=conID: 2 locID: 102659352018354579 bcsId: 715} | ret=SUCCESS |  
2019-08-22 07:03:17,981 | INFO  | DNAudit | user=null | ip=null | op=PUT_BLOCK {blockData=[blockId=conID: 2 locID: 102659352018354579 bcsId: 0,size=4194304]} | ret=SUCCESS |  
2019-08-22 07:03:17,981 | INFO  | DNAudit | user=null | ip=null | op=PUT_BLOCK {blockData=[blockId=conID: 2 locID: 102659352018354579 bcsId: 0,size=4194304]} | ret=SUCCESS |  
2019-08-22 07:03:17,986 [grpc-default-executor-1] INFO  client.GrpcClientProtocolClient (GrpcClientProtocolClient.java:onNext(255)) - client-CF63D631FA17->3cf1264f-5f6b-4138-aeee-2ff7d4522ead: receive RaftClientReply:client-CF63D631FA17->3cf1264f-5f6b-4138-aeee-2ff7d4522ead@group-561E16522154, cid=606, SUCCESS, logIndex=0, commits[3cf1264f-5f6b-4138-aeee-2ff7d4522ead:c719, 4f0d1a15-8f14-4d9a-ad4f-8211e1245b5d:c718, 6999f20e-c3f7-4db4-87ca-141c476f2a88:c718]
2019-08-22 07:03:17,998 | INFO  | DNAudit | user=null | ip=null | op=WRITE_CHUNK {blockData=conID: 3 locID: 102659352018354580 bcsId: 0} | ret=SUCCESS |  
2019-08-22 07:03:18,002 | INFO  | DNAudit | user=null | ip=null | op=WRITE_CHUNK {blockData=conID: 3 locID: 102659352018354580 bcsId: 0} | ret=SUCCESS |  
2019-08-22 07:03:18,005 | INFO  | DNAudit | user=null | ip=null | op=WRITE_CHUNK {blockData=conID: 3 locID: 102659352018354580 bcsId: 0} | ret=SUCCESS |  
2019-08-22 07:03:18,005 | INFO  | DNAudit | user=null | ip=null | op=WRITE_CHUNK {blockData=conID: 3 locID: 102659352018354580 bcsId: 0} | ret=SUCCESS |  
2019-08-22 07:03:18,008 | INFO  | DNAudit | user=null | ip=null | op=WRITE_CHUNK {blockData=conID: 3 locID: 102659352018354580 bcsId: 0} | ret=SUCCESS |  
2019-08-22 07:03:18,010 | INFO  | DNAudit | user=null | ip=null | op=WRITE_CHUNK {blockData=conID: 3 locID: 102659352018354580 bcsId: 0} | ret=SUCCESS |  
2019-08-22 07:03:18,013 | INFO  | DNAudit | user=null | ip=null | op=WRITE_CHUNK {blockData=conID: 3 locID: 102659352018354580 bcsId: 0} | ret=SUCCESS |  
2019-08-22 07:03:18,013 | INFO  | DNAudit | user=null | ip=null | op=PUT_BLOCK {blockData=[blockId=conID: 3 locID: 102659352018354580 bcsId: 0,size=1048576]} | ret=SUCCESS |  
2019-08-22 07:03:18,014 | INFO  | DNAudit | user=null | ip=null | op=WRITE_CHUNK {blockData=conID: 3 locID: 102659352018354580 bcsId: 0} | ret=SUCCESS |  
2019-08-22 07:03:18,014 | INFO  | DNAudit | user=null | ip=null | op=WRITE_CHUNK {blockData=conID: 3 locID: 102659352018354580 bcsId: 0} | ret=SUCCESS |  
2019-08-22 07:03:18,014 | INFO  | DNAudit | user=null | ip=null | op=WRITE_CHUNK {blockData=conID: 3 locID: 102659352018354580 bcsId: 0} | ret=SUCCESS |  
2019-08-22 07:03:18,015 | INFO  | DNAudit | user=null | ip=null | op=PUT_BLOCK {blockData=[blockId=conID: 3 locID: 102659352018354580 bcsId: 0,size=2097152]} | ret=SUCCESS |  
2019-08-22 07:03:18,015 | INFO  | DNAudit | user=null | ip=null | op=PUT_BLOCK {blockData=[blockId=conID: 3 locID: 102659352018354580 bcsId: 0,size=1048576]} | ret=SUCCESS |  
2019-08-22 07:03:18,015 | INFO  | DNAudit | user=null | ip=null | op=PUT_BLOCK {blockData=[blockId=conID: 3 locID: 102659352018354580 bcsId: 0,size=1048576]} | ret=SUCCESS |  
2019-08-22 07:03:18,015 [grpc-default-executor-1] INFO  client.GrpcClientProtocolClient (GrpcClientProtocolClient.java:onNext(255)) - client-CF63D631FA17->3cf1264f-5f6b-4138-aeee-2ff7d4522ead: receive RaftClientReply:client-CF63D631FA17->3cf1264f-5f6b-4138-aeee-2ff7d4522ead@group-561E16522154, cid=607, SUCCESS, logIndex=721, commits[3cf1264f-5f6b-4138-aeee-2ff7d4522ead:c722, 4f0d1a15-8f14-4d9a-ad4f-8211e1245b5d:c720, 6999f20e-c3f7-4db4-87ca-141c476f2a88:c720]
2019-08-22 07:03:18,015 [grpc-default-executor-1] INFO  client.GrpcClientProtocolClient (GrpcClientProtocolClient.java:onNext(255)) - client-CF63D631FA17->3cf1264f-5f6b-4138-aeee-2ff7d4522ead: receive RaftClientReply:client-CF63D631FA17->3cf1264f-5f6b-4138-aeee-2ff7d4522ead@group-561E16522154, cid=608, SUCCESS, logIndex=722, commits[3cf1264f-5f6b-4138-aeee-2ff7d4522ead:c724, 4f0d1a15-8f14-4d9a-ad4f-8211e1245b5d:c720, 6999f20e-c3f7-4db4-87ca-141c476f2a88:c720]
2019-08-22 07:03:18,016 [grpc-default-executor-1] INFO  client.GrpcClientProtocolClient (GrpcClientProtocolClient.java:onNext(255)) - client-CF63D631FA17->3cf1264f-5f6b-4138-aeee-2ff7d4522ead: receive RaftClientReply:client-CF63D631FA17->3cf1264f-5f6b-4138-aeee-2ff7d4522ead@group-561E16522154, cid=609, SUCCESS, logIndex=723, commits[3cf1264f-5f6b-4138-aeee-2ff7d4522ead:c724, 4f0d1a15-8f14-4d9a-ad4f-8211e1245b5d:c720, 6999f20e-c3f7-4db4-87ca-141c476f2a88:c720]
2019-08-22 07:03:18,016 [grpc-default-executor-1] INFO  client.GrpcClientProtocolClient (GrpcClientProtocolClient.java:onNext(255)) - client-CF63D631FA17->3cf1264f-5f6b-4138-aeee-2ff7d4522ead: receive RaftClientReply:client-CF63D631FA17->3cf1264f-5f6b-4138-aeee-2ff7d4522ead@group-561E16522154, cid=610, SUCCESS, logIndex=724, commits[3cf1264f-5f6b-4138-aeee-2ff7d4522ead:c725, 4f0d1a15-8f14-4d9a-ad4f-8211e1245b5d:c722, 6999f20e-c3f7-4db4-87ca-141c476f2a88:c722]
2019-08-22 07:03:18,028 | INFO  | DNAudit | user=null | ip=null | op=WRITE_CHUNK {blockData=conID: 3 locID: 102659352018354580 bcsId: 724} | ret=SUCCESS |  
2019-08-22 07:03:18,028 | INFO  | DNAudit | user=null | ip=null | op=WRITE_CHUNK {blockData=conID: 3 locID: 102659352018354580 bcsId: 0} | ret=SUCCESS |  
2019-08-22 07:03:18,028 | INFO  | DNAudit | user=null | ip=null | op=WRITE_CHUNK {blockData=conID: 3 locID: 102659352018354580 bcsId: 0} | ret=SUCCESS |  
2019-08-22 07:03:18,029 | INFO  | DNAudit | user=null | ip=null | op=PUT_BLOCK {blockData=[blockId=conID: 3 locID: 102659352018354580 bcsId: 0,size=2097152]} | ret=SUCCESS |  
2019-08-22 07:03:18,029 | INFO  | DNAudit | user=null | ip=null | op=PUT_BLOCK {blockData=[blockId=conID: 3 locID: 102659352018354580 bcsId: 0,size=2097152]} | ret=SUCCESS |  
2019-08-22 07:03:18,034 | INFO  | DNAudit | user=null | ip=null | op=WRITE_CHUNK {blockData=conID: 3 locID: 102659352018354580 bcsId: 724} | ret=SUCCESS |  
2019-08-22 07:03:18,036 | INFO  | DNAudit | user=null | ip=null | op=WRITE_CHUNK {blockData=conID: 3 locID: 102659352018354580 bcsId: 724} | ret=SUCCESS |  
2019-08-22 07:03:18,041 | INFO  | DNAudit | user=null | ip=null | op=WRITE_CHUNK {blockData=conID: 3 locID: 102659352018354580 bcsId: 724} | ret=SUCCESS |  
2019-08-22 07:03:18,042 | INFO  | DNAudit | user=null | ip=null | op=PUT_BLOCK {blockData=[blockId=conID: 3 locID: 102659352018354580 bcsId: 0,size=3145728]} | ret=SUCCESS |  
2019-08-22 07:03:18,043 [grpc-default-executor-0] INFO  client.GrpcClientProtocolClient (GrpcClientProtocolClient.java:onNext(255)) - client-CF63D631FA17->3cf1264f-5f6b-4138-aeee-2ff7d4522ead: receive RaftClientReply:client-CF63D631FA17->3cf1264f-5f6b-4138-aeee-2ff7d4522ead@group-561E16522154, cid=611, SUCCESS, logIndex=729, commits[3cf1264f-5f6b-4138-aeee-2ff7d4522ead:c730, 4f0d1a15-8f14-4d9a-ad4f-8211e1245b5d:c726, 6999f20e-c3f7-4db4-87ca-141c476f2a88:c726]
2019-08-22 07:03:18,044 [grpc-default-executor-0] INFO  client.GrpcClientProtocolClient (GrpcClientProtocolClient.java:onNext(255)) - client-CF63D631FA17->3cf1264f-5f6b-4138-aeee-2ff7d4522ead: receive RaftClientReply:client-CF63D631FA17->3cf1264f-5f6b-4138-aeee-2ff7d4522ead@group-561E16522154, cid=612, SUCCESS, logIndex=730, commits[3cf1264f-5f6b-4138-aeee-2ff7d4522ead:c730, 4f0d1a15-8f14-4d9a-ad4f-8211e1245b5d:c726, 6999f20e-c3f7-4db4-87ca-141c476f2a88:c726]
2019-08-22 07:03:18,054 | INFO  | DNAudit | user=null | ip=null | op=WRITE_CHUNK {blockData=conID: 3 locID: 102659352018354580 bcsId: 724} | ret=SUCCESS |  
2019-08-22 07:03:18,054 | INFO  | DNAudit | user=null | ip=null | op=WRITE_CHUNK {blockData=conID: 3 locID: 102659352018354580 bcsId: 724} | ret=SUCCESS |  
2019-08-22 07:03:18,055 | INFO  | DNAudit | user=null | ip=null | op=WRITE_CHUNK {blockData=conID: 3 locID: 102659352018354580 bcsId: 730} | ret=SUCCESS |  
2019-08-22 07:03:18,055 | INFO  | DNAudit | user=null | ip=null | op=PUT_BLOCK {blockData=[blockId=conID: 3 locID: 102659352018354580 bcsId: 0,size=3145728]} | ret=SUCCESS |  
2019-08-22 07:03:18,056 | INFO  | DNAudit | user=null | ip=null | op=PUT_BLOCK {blockData=[blockId=conID: 3 locID: 102659352018354580 bcsId: 0,size=3145728]} | ret=SUCCESS |  
2019-08-22 07:03:18,060 | INFO  | DNAudit | user=null | ip=null | op=WRITE_CHUNK {blockData=conID: 3 locID: 102659352018354580 bcsId: 730} | ret=SUCCESS |  
2019-08-22 07:03:18,062 | INFO  | DNAudit | user=null | ip=null | op=WRITE_CHUNK {blockData=conID: 3 locID: 102659352018354580 bcsId: 730} | ret=SUCCESS |  
2019-08-22 07:03:18,067 | INFO  | DNAudit | user=null | ip=null | op=WRITE_CHUNK {blockData=conID: 3 locID: 102659352018354580 bcsId: 730} | ret=SUCCESS |  
2019-08-22 07:03:18,067 | INFO  | DNAudit | user=null | ip=null | op=PUT_BLOCK {blockData=[blockId=conID: 3 locID: 102659352018354580 bcsId: 0,size=4194304]} | ret=SUCCESS |  
2019-08-22 07:03:18,068 [grpc-default-executor-0] INFO  client.GrpcClientProtocolClient (GrpcClientProtocolClient.java:onNext(255)) - client-CF63D631FA17->3cf1264f-5f6b-4138-aeee-2ff7d4522ead: receive RaftClientReply:client-CF63D631FA17->3cf1264f-5f6b-4138-aeee-2ff7d4522ead@group-561E16522154, cid=613, SUCCESS, logIndex=733, commits[3cf1264f-5f6b-4138-aeee-2ff7d4522ead:c734, 4f0d1a15-8f14-4d9a-ad4f-8211e1245b5d:c730, 6999f20e-c3f7-4db4-87ca-141c476f2a88:c730]
2019-08-22 07:03:18,069 [grpc-default-executor-0] INFO  client.GrpcClientProtocolClient (GrpcClientProtocolClient.java:onNext(255)) - client-CF63D631FA17->3cf1264f-5f6b-4138-aeee-2ff7d4522ead: receive RaftClientReply:client-CF63D631FA17->3cf1264f-5f6b-4138-aeee-2ff7d4522ead@group-561E16522154, cid=614, SUCCESS, logIndex=734, commits[3cf1264f-5f6b-4138-aeee-2ff7d4522ead:c734, 4f0d1a15-8f14-4d9a-ad4f-8211e1245b5d:c730, 6999f20e-c3f7-4db4-87ca-141c476f2a88:c730]
2019-08-22 07:03:18,079 | INFO  | DNAudit | user=null | ip=null | op=WRITE_CHUNK {blockData=conID: 3 locID: 102659352018354580 bcsId: 730} | ret=SUCCESS |  
2019-08-22 07:03:18,079 | INFO  | DNAudit | user=null | ip=null | op=WRITE_CHUNK {blockData=conID: 3 locID: 102659352018354580 bcsId: 730} | ret=SUCCESS |  
2019-08-22 07:03:18,079 | INFO  | DNAudit | user=null | ip=null | op=PUT_BLOCK {blockData=[blockId=conID: 3 locID: 102659352018354580 bcsId: 0,size=4194304]} | ret=SUCCESS |  
2019-08-22 07:03:18,080 | INFO  | DNAudit | user=null | ip=null | op=PUT_BLOCK {blockData=[blockId=conID: 3 locID: 102659352018354580 bcsId: 0,size=4194304]} | ret=SUCCESS |  
2019-08-22 07:03:18,082 [grpc-default-executor-0] INFO  client.GrpcClientProtocolClient (GrpcClientProtocolClient.java:onNext(255)) - client-CF63D631FA17->3cf1264f-5f6b-4138-aeee-2ff7d4522ead: receive RaftClientReply:client-CF63D631FA17->3cf1264f-5f6b-4138-aeee-2ff7d4522ead@group-561E16522154, cid=615, SUCCESS, logIndex=0, commits[3cf1264f-5f6b-4138-aeee-2ff7d4522ead:c735, 4f0d1a15-8f14-4d9a-ad4f-8211e1245b5d:c734, 6999f20e-c3f7-4db4-87ca-141c476f2a88:c734]
2019-08-22 07:03:18,094 | INFO  | DNAudit | user=null | ip=null | op=WRITE_CHUNK {blockData=conID: 1 locID: 102659352018354581 bcsId: 0} | ret=SUCCESS |  
2019-08-22 07:03:18,099 | INFO  | DNAudit | user=null | ip=null | op=WRITE_CHUNK {blockData=conID: 1 locID: 102659352018354581 bcsId: 0} | ret=SUCCESS |  
2019-08-22 07:03:18,099 | INFO  | DNAudit | user=null | ip=null | op=WRITE_CHUNK {blockData=conID: 1 locID: 102659352018354581 bcsId: 0} | ret=SUCCESS |  
2019-08-22 07:03:18,101 | INFO  | DNAudit | user=null | ip=null | op=WRITE_CHUNK {blockData=conID: 1 locID: 102659352018354581 bcsId: 0} | ret=SUCCESS |  
2019-08-22 07:03:18,105 | INFO  | DNAudit | user=null | ip=null | op=WRITE_CHUNK {blockData=conID: 1 locID: 102659352018354581 bcsId: 0} | ret=SUCCESS |  
2019-08-22 07:03:18,106 | INFO  | DNAudit | user=null | ip=null | op=WRITE_CHUNK {blockData=conID: 1 locID: 102659352018354581 bcsId: 0} | ret=SUCCESS |  
2019-08-22 07:03:18,112 | INFO  | DNAudit | user=null | ip=null | op=WRITE_CHUNK {blockData=conID: 1 locID: 102659352018354581 bcsId: 0} | ret=SUCCESS |  
2019-08-22 07:03:18,112 | INFO  | SCMAudit | user=jenkins1000 | ip=192.168.34.31 | op=SEND_HEARTBEAT {datanodeUUID=f789f48f-f3d7-45ec-9bba-6a89e2bdcc9c, command=[]} | ret=SUCCESS |  
2019-08-22 07:03:18,113 | INFO  | DNAudit | user=null | ip=null | op=PUT_BLOCK {blockData=[blockId=conID: 1 locID: 102659352018354581 bcsId: 0,size=1048576]} | ret=SUCCESS |  
2019-08-22 07:03:18,113 | INFO  | DNAudit | user=null | ip=null | op=WRITE_CHUNK {blockData=conID: 1 locID: 102659352018354581 bcsId: 0} | ret=SUCCESS |  
2019-08-22 07:03:18,114 | INFO  | DNAudit | user=null | ip=null | op=PUT_BLOCK {blockData=[blockId=conID: 1 locID: 102659352018354581 bcsId: 0,size=2097152]} | ret=SUCCESS |  
2019-08-22 07:03:18,114 [grpc-default-executor-1] INFO  client.GrpcClientProtocolClient (GrpcClientProtocolClient.java:onNext(255)) - client-CF63D631FA17->3cf1264f-5f6b-4138-aeee-2ff7d4522ead: receive RaftClientReply:client-CF63D631FA17->3cf1264f-5f6b-4138-aeee-2ff7d4522ead@group-561E16522154, cid=616, SUCCESS, logIndex=737, commits[3cf1264f-5f6b-4138-aeee-2ff7d4522ead:c739, 4f0d1a15-8f14-4d9a-ad4f-8211e1245b5d:c736, 6999f20e-c3f7-4db4-87ca-141c476f2a88:c736]
2019-08-22 07:03:18,115 [grpc-default-executor-1] INFO  client.GrpcClientProtocolClient (GrpcClientProtocolClient.java:onNext(255)) - client-CF63D631FA17->3cf1264f-5f6b-4138-aeee-2ff7d4522ead: receive RaftClientReply:client-CF63D631FA17->3cf1264f-5f6b-4138-aeee-2ff7d4522ead@group-561E16522154, cid=617, SUCCESS, logIndex=738, commits[3cf1264f-5f6b-4138-aeee-2ff7d4522ead:c740, 4f0d1a15-8f14-4d9a-ad4f-8211e1245b5d:c736, 6999f20e-c3f7-4db4-87ca-141c476f2a88:c736]
2019-08-22 07:03:18,115 [grpc-default-executor-1] INFO  client.GrpcClientProtocolClient (GrpcClientProtocolClient.java:onNext(255)) - client-CF63D631FA17->3cf1264f-5f6b-4138-aeee-2ff7d4522ead: receive RaftClientReply:client-CF63D631FA17->3cf1264f-5f6b-4138-aeee-2ff7d4522ead@group-561E16522154, cid=618, SUCCESS, logIndex=739, commits[3cf1264f-5f6b-4138-aeee-2ff7d4522ead:c740, 4f0d1a15-8f14-4d9a-ad4f-8211e1245b5d:c736, 6999f20e-c3f7-4db4-87ca-141c476f2a88:c736]
2019-08-22 07:03:18,115 [grpc-default-executor-1] INFO  client.GrpcClientProtocolClient (GrpcClientProtocolClient.java:onNext(255)) - client-CF63D631FA17->3cf1264f-5f6b-4138-aeee-2ff7d4522ead: receive RaftClientReply:client-CF63D631FA17->3cf1264f-5f6b-4138-aeee-2ff7d4522ead@group-561E16522154, cid=619, SUCCESS, logIndex=740, commits[3cf1264f-5f6b-4138-aeee-2ff7d4522ead:c740, 4f0d1a15-8f14-4d9a-ad4f-8211e1245b5d:c736, 6999f20e-c3f7-4db4-87ca-141c476f2a88:c736]
2019-08-22 07:03:18,125 | INFO  | DNAudit | user=null | ip=null | op=WRITE_CHUNK {blockData=conID: 1 locID: 102659352018354581 bcsId: 0} | ret=SUCCESS |  
2019-08-22 07:03:18,125 | INFO  | DNAudit | user=null | ip=null | op=WRITE_CHUNK {blockData=conID: 1 locID: 102659352018354581 bcsId: 0} | ret=SUCCESS |  
2019-08-22 07:03:18,138 | INFO  | DNAudit | user=null | ip=null | op=PUT_BLOCK {blockData=[blockId=conID: 1 locID: 102659352018354581 bcsId: 0,size=1048576]} | ret=SUCCESS |  
2019-08-22 07:03:18,138 | INFO  | DNAudit | user=null | ip=null | op=PUT_BLOCK {blockData=[blockId=conID: 1 locID: 102659352018354581 bcsId: 0,size=1048576]} | ret=SUCCESS |  
2019-08-22 07:03:18,138 | INFO  | DNAudit | user=null | ip=null | op=WRITE_CHUNK {blockData=conID: 1 locID: 102659352018354581 bcsId: 0} | ret=SUCCESS |  
2019-08-22 07:03:18,139 | INFO  | DNAudit | user=null | ip=null | op=WRITE_CHUNK {blockData=conID: 1 locID: 102659352018354581 bcsId: 0} | ret=SUCCESS |  
2019-08-22 07:03:18,139 | INFO  | DNAudit | user=null | ip=null | op=PUT_BLOCK {blockData=[blockId=conID: 1 locID: 102659352018354581 bcsId: 0,size=2097152]} | ret=SUCCESS |  
2019-08-22 07:03:18,139 | INFO  | DNAudit | user=null | ip=null | op=PUT_BLOCK {blockData=[blockId=conID: 1 locID: 102659352018354581 bcsId: 0,size=2097152]} | ret=SUCCESS |  
2019-08-22 07:03:18,140 [grpc-default-executor-1] INFO  client.GrpcClientProtocolClient (GrpcClientProtocolClient.java:onNext(255)) - client-CF63D631FA17->3cf1264f-5f6b-4138-aeee-2ff7d4522ead: receive RaftClientReply:client-CF63D631FA17->3cf1264f-5f6b-4138-aeee-2ff7d4522ead@group-561E16522154, cid=620, SUCCESS, logIndex=0, commits[3cf1264f-5f6b-4138-aeee-2ff7d4522ead:c744, 4f0d1a15-8f14-4d9a-ad4f-8211e1245b5d:c738, 6999f20e-c3f7-4db4-87ca-141c476f2a88:c740]
2019-08-22 07:03:18,151 | INFO  | DNAudit | user=null | ip=null | op=WRITE_CHUNK {blockData=conID: 1 locID: 102659352018354581 bcsId: 740} | ret=SUCCESS |  
2019-08-22 07:03:18,156 | INFO  | DNAudit | user=null | ip=null | op=WRITE_CHUNK {blockData=conID: 1 locID: 102659352018354581 bcsId: 740} | ret=SUCCESS |  
2019-08-22 07:03:18,159 | INFO  | DNAudit | user=null | ip=null | op=WRITE_CHUNK {blockData=conID: 1 locID: 102659352018354581 bcsId: 740} | ret=SUCCESS |  
2019-08-22 07:03:18,166 | INFO  | DNAudit | user=null | ip=null | op=WRITE_CHUNK {blockData=conID: 1 locID: 102659352018354581 bcsId: 740} | ret=SUCCESS |  
2019-08-22 07:03:18,166 | INFO  | DNAudit | user=null | ip=null | op=PUT_BLOCK {blockData=[blockId=conID: 1 locID: 102659352018354581 bcsId: 0,size=3145728]} | ret=SUCCESS |  
2019-08-22 07:03:18,167 [grpc-default-executor-3] INFO  client.GrpcClientProtocolClient (GrpcClientProtocolClient.java:onNext(255)) - client-CF63D631FA17->3cf1264f-5f6b-4138-aeee-2ff7d4522ead: receive RaftClientReply:client-CF63D631FA17->3cf1264f-5f6b-4138-aeee-2ff7d4522ead@group-561E16522154, cid=621, SUCCESS, logIndex=745, commits[3cf1264f-5f6b-4138-aeee-2ff7d4522ead:c746, 4f0d1a15-8f14-4d9a-ad4f-8211e1245b5d:c744, 6999f20e-c3f7-4db4-87ca-141c476f2a88:c744]
2019-08-22 07:03:18,168 [grpc-default-executor-3] INFO  client.GrpcClientProtocolClient (GrpcClientProtocolClient.java:onNext(255)) - client-CF63D631FA17->3cf1264f-5f6b-4138-aeee-2ff7d4522ead: receive RaftClientReply:client-CF63D631FA17->3cf1264f-5f6b-4138-aeee-2ff7d4522ead@group-561E16522154, cid=622, SUCCESS, logIndex=746, commits[3cf1264f-5f6b-4138-aeee-2ff7d4522ead:c746, 4f0d1a15-8f14-4d9a-ad4f-8211e1245b5d:c744, 6999f20e-c3f7-4db4-87ca-141c476f2a88:c744]
2019-08-22 07:03:18,178 | INFO  | DNAudit | user=null | ip=null | op=WRITE_CHUNK {blockData=conID: 1 locID: 102659352018354581 bcsId: 746} | ret=SUCCESS |  
2019-08-22 07:03:18,179 | INFO  | DNAudit | user=null | ip=null | op=WRITE_CHUNK {blockData=conID: 1 locID: 102659352018354581 bcsId: 740} | ret=SUCCESS |  
2019-08-22 07:03:18,179 | INFO  | DNAudit | user=null | ip=null | op=WRITE_CHUNK {blockData=conID: 1 locID: 102659352018354581 bcsId: 740} | ret=SUCCESS |  
2019-08-22 07:03:18,184 | INFO  | DNAudit | user=null | ip=null | op=WRITE_CHUNK {blockData=conID: 1 locID: 102659352018354581 bcsId: 746} | ret=SUCCESS |  
2019-08-22 07:03:18,185 | INFO  | DNAudit | user=null | ip=null | op=WRITE_CHUNK {blockData=conID: 1 locID: 102659352018354581 bcsId: 746} | ret=SUCCESS |  
2019-08-22 07:03:18,190 | INFO  | DNAudit | user=null | ip=null | op=PUT_BLOCK {blockData=[blockId=conID: 1 locID: 102659352018354581 bcsId: 0,size=3145728]} | ret=SUCCESS |  
2019-08-22 07:03:18,191 | INFO  | DNAudit | user=null | ip=null | op=PUT_BLOCK {blockData=[blockId=conID: 1 locID: 102659352018354581 bcsId: 0,size=3145728]} | ret=SUCCESS |  
2019-08-22 07:03:18,204 | INFO  | DNAudit | user=null | ip=null | op=WRITE_CHUNK {blockData=conID: 1 locID: 102659352018354581 bcsId: 746} | ret=SUCCESS |  
2019-08-22 07:03:18,205 | INFO  | DNAudit | user=null | ip=null | op=PUT_BLOCK {blockData=[blockId=conID: 1 locID: 102659352018354581 bcsId: 0,size=4194304]} | ret=SUCCESS |  
2019-08-22 07:03:18,481 [grpc-default-executor-1] INFO  client.GrpcClientProtocolClient (GrpcClientProtocolClient.java:onNext(255)) - client-CF63D631FA17->3cf1264f-5f6b-4138-aeee-2ff7d4522ead: receive RaftClientReply:client-CF63D631FA17->3cf1264f-5f6b-4138-aeee-2ff7d4522ead@group-561E16522154, cid=623, SUCCESS, logIndex=749, commits[3cf1264f-5f6b-4138-aeee-2ff7d4522ead:c750, 4f0d1a15-8f14-4d9a-ad4f-8211e1245b5d:c746, 6999f20e-c3f7-4db4-87ca-141c476f2a88:c746]
2019-08-22 07:03:18,481 | INFO  | DNAudit | user=null | ip=null | op=WRITE_CHUNK {blockData=conID: 1 locID: 102659352018354581 bcsId: 746} | ret=SUCCESS |  
2019-08-22 07:03:18,482 | INFO  | DNAudit | user=null | ip=null | op=WRITE_CHUNK {blockData=conID: 1 locID: 102659352018354581 bcsId: 746} | ret=SUCCESS |  
2019-08-22 07:03:18,483 [grpc-default-executor-3] INFO  client.GrpcClientProtocolClient (GrpcClientProtocolClient.java:onNext(255)) - client-CF63D631FA17->3cf1264f-5f6b-4138-aeee-2ff7d4522ead: receive RaftClientReply:client-CF63D631FA17->3cf1264f-5f6b-4138-aeee-2ff7d4522ead@group-561E16522154, cid=624, SUCCESS, logIndex=750, commits[3cf1264f-5f6b-4138-aeee-2ff7d4522ead:c750, 4f0d1a15-8f14-4d9a-ad4f-8211e1245b5d:c746, 6999f20e-c3f7-4db4-87ca-141c476f2a88:c746]
2019-08-22 07:03:18,495 | INFO  | DNAudit | user=null | ip=null | op=PUT_BLOCK {blockData=[blockId=conID: 1 locID: 102659352018354581 bcsId: 0,size=4194304]} | ret=SUCCESS |  
2019-08-22 07:03:18,495 | INFO  | DNAudit | user=null | ip=null | op=PUT_BLOCK {blockData=[blockId=conID: 1 locID: 102659352018354581 bcsId: 0,size=4194304]} | ret=SUCCESS |  
2019-08-22 07:03:18,497 [grpc-default-executor-3] INFO  client.GrpcClientProtocolClient (GrpcClientProtocolClient.java:onNext(255)) - client-CF63D631FA17->3cf1264f-5f6b-4138-aeee-2ff7d4522ead: receive RaftClientReply:client-CF63D631FA17->3cf1264f-5f6b-4138-aeee-2ff7d4522ead@group-561E16522154, cid=625, SUCCESS, logIndex=0, commits[3cf1264f-5f6b-4138-aeee-2ff7d4522ead:c752, 4f0d1a15-8f14-4d9a-ad4f-8211e1245b5d:c750, 6999f20e-c3f7-4db4-87ca-141c476f2a88:c750]
2019-08-22 07:03:18,513 | INFO  | DNAudit | user=null | ip=null | op=WRITE_CHUNK {blockData=conID: 2 locID: 102659352018354582 bcsId: 0} | ret=SUCCESS |  
2019-08-22 07:03:18,520 | INFO  | DNAudit | user=null | ip=null | op=WRITE_CHUNK {blockData=conID: 2 locID: 102659352018354582 bcsId: 0} | ret=SUCCESS |  
2019-08-22 07:03:18,524 | INFO  | DNAudit | user=null | ip=null | op=WRITE_CHUNK {blockData=conID: 2 locID: 102659352018354582 bcsId: 0} | ret=SUCCESS |  
2019-08-22 07:03:18,525 | INFO  | DNAudit | user=null | ip=null | op=WRITE_CHUNK {blockData=conID: 2 locID: 102659352018354582 bcsId: 0} | ret=SUCCESS |  
2019-08-22 07:03:18,527 | INFO  | DNAudit | user=null | ip=null | op=WRITE_CHUNK {blockData=conID: 2 locID: 102659352018354582 bcsId: 0} | ret=SUCCESS |  
2019-08-22 07:03:18,528 | INFO  | DNAudit | user=null | ip=null | op=WRITE_CHUNK {blockData=conID: 2 locID: 102659352018354582 bcsId: 0} | ret=SUCCESS |  
2019-08-22 07:03:18,540 | INFO  | DNAudit | user=null | ip=null | op=WRITE_CHUNK {blockData=conID: 2 locID: 102659352018354582 bcsId: 0} | ret=SUCCESS |  
2019-08-22 07:03:18,541 | INFO  | DNAudit | user=null | ip=null | op=PUT_BLOCK {blockData=[blockId=conID: 2 locID: 102659352018354582 bcsId: 0,size=1048576]} | ret=SUCCESS |  
2019-08-22 07:03:18,542 | INFO  | DNAudit | user=null | ip=null | op=WRITE_CHUNK {blockData=conID: 2 locID: 102659352018354582 bcsId: 0} | ret=SUCCESS |  
2019-08-22 07:03:18,543 | INFO  | DNAudit | user=null | ip=null | op=PUT_BLOCK {blockData=[blockId=conID: 2 locID: 102659352018354582 bcsId: 0,size=2097152]} | ret=SUCCESS |  
2019-08-22 07:03:18,543 [grpc-default-executor-5] INFO  client.GrpcClientProtocolClient (GrpcClientProtocolClient.java:onNext(255)) - client-CF63D631FA17->3cf1264f-5f6b-4138-aeee-2ff7d4522ead: receive RaftClientReply:client-CF63D631FA17->3cf1264f-5f6b-4138-aeee-2ff7d4522ead@group-561E16522154, cid=626, SUCCESS, logIndex=753, commits[3cf1264f-5f6b-4138-aeee-2ff7d4522ead:c756, 4f0d1a15-8f14-4d9a-ad4f-8211e1245b5d:c752, 6999f20e-c3f7-4db4-87ca-141c476f2a88:c752]
2019-08-22 07:03:18,544 [grpc-default-executor-5] INFO  client.GrpcClientProtocolClient (GrpcClientProtocolClient.java:onNext(255)) - client-CF63D631FA17->3cf1264f-5f6b-4138-aeee-2ff7d4522ead: receive RaftClientReply:client-CF63D631FA17->3cf1264f-5f6b-4138-aeee-2ff7d4522ead@group-561E16522154, cid=627, SUCCESS, logIndex=754, commits[3cf1264f-5f6b-4138-aeee-2ff7d4522ead:c756, 4f0d1a15-8f14-4d9a-ad4f-8211e1245b5d:c752, 6999f20e-c3f7-4db4-87ca-141c476f2a88:c752]
2019-08-22 07:03:18,544 [grpc-default-executor-5] INFO  client.GrpcClientProtocolClient (GrpcClientProtocolClient.java:onNext(255)) - client-CF63D631FA17->3cf1264f-5f6b-4138-aeee-2ff7d4522ead: receive RaftClientReply:client-CF63D631FA17->3cf1264f-5f6b-4138-aeee-2ff7d4522ead@group-561E16522154, cid=628, SUCCESS, logIndex=755, commits[3cf1264f-5f6b-4138-aeee-2ff7d4522ead:c756, 4f0d1a15-8f14-4d9a-ad4f-8211e1245b5d:c752, 6999f20e-c3f7-4db4-87ca-141c476f2a88:c752]
2019-08-22 07:03:18,545 [grpc-default-executor-5] INFO  client.GrpcClientProtocolClient (GrpcClientProtocolClient.java:onNext(255)) - client-CF63D631FA17->3cf1264f-5f6b-4138-aeee-2ff7d4522ead: receive RaftClientReply:client-CF63D631FA17->3cf1264f-5f6b-4138-aeee-2ff7d4522ead@group-561E16522154, cid=629, SUCCESS, logIndex=756, commits[3cf1264f-5f6b-4138-aeee-2ff7d4522ead:c756, 4f0d1a15-8f14-4d9a-ad4f-8211e1245b5d:c752, 6999f20e-c3f7-4db4-87ca-141c476f2a88:c752]
2019-08-22 07:03:18,552 | INFO  | DNAudit | user=null | ip=null | op=WRITE_CHUNK {blockData=conID: 2 locID: 102659352018354582 bcsId: 0} | ret=SUCCESS |  
2019-08-22 07:03:18,552 | INFO  | DNAudit | user=null | ip=null | op=WRITE_CHUNK {blockData=conID: 2 locID: 102659352018354582 bcsId: 0} | ret=SUCCESS |  
2019-08-22 07:03:18,553 | INFO  | DNAudit | user=null | ip=null | op=PUT_BLOCK {blockData=[blockId=conID: 2 locID: 102659352018354582 bcsId: 0,size=1048576]} | ret=SUCCESS |  
2019-08-22 07:03:18,555 | INFO  | DNAudit | user=null | ip=null | op=PUT_BLOCK {blockData=[blockId=conID: 2 locID: 102659352018354582 bcsId: 0,size=1048576]} | ret=SUCCESS |  
2019-08-22 07:03:18,555 | INFO  | DNAudit | user=null | ip=null | op=WRITE_CHUNK {blockData=conID: 2 locID: 102659352018354582 bcsId: 0} | ret=SUCCESS |  
2019-08-22 07:03:18,555 | INFO  | DNAudit | user=null | ip=null | op=WRITE_CHUNK {blockData=conID: 2 locID: 102659352018354582 bcsId: 0} | ret=SUCCESS |  
2019-08-22 07:03:18,555 | INFO  | DNAudit | user=null | ip=null | op=PUT_BLOCK {blockData=[blockId=conID: 2 locID: 102659352018354582 bcsId: 0,size=2097152]} | ret=SUCCESS |  
2019-08-22 07:03:18,555 | INFO  | DNAudit | user=null | ip=null | op=PUT_BLOCK {blockData=[blockId=conID: 2 locID: 102659352018354582 bcsId: 0,size=2097152]} | ret=SUCCESS |  
2019-08-22 07:03:18,556 [grpc-default-executor-3] INFO  client.GrpcClientProtocolClient (GrpcClientProtocolClient.java:onNext(255)) - client-CF63D631FA17->3cf1264f-5f6b-4138-aeee-2ff7d4522ead: receive RaftClientReply:client-CF63D631FA17->3cf1264f-5f6b-4138-aeee-2ff7d4522ead@group-561E16522154, cid=630, SUCCESS, logIndex=0, commits[3cf1264f-5f6b-4138-aeee-2ff7d4522ead:c759, 4f0d1a15-8f14-4d9a-ad4f-8211e1245b5d:c756, 6999f20e-c3f7-4db4-87ca-141c476f2a88:c754]
2019-08-22 07:03:18,569 | INFO  | DNAudit | user=null | ip=null | op=WRITE_CHUNK {blockData=conID: 2 locID: 102659352018354582 bcsId: 756} | ret=SUCCESS |  
2019-08-22 07:03:18,574 | INFO  | DNAudit | user=null | ip=null | op=WRITE_CHUNK {blockData=conID: 2 locID: 102659352018354582 bcsId: 756} | ret=SUCCESS |  
2019-08-22 07:03:18,575 | INFO  | DNAudit | user=null | ip=null | op=WRITE_CHUNK {blockData=conID: 2 locID: 102659352018354582 bcsId: 756} | ret=SUCCESS |  
2019-08-22 07:03:18,580 | INFO  | SCMAudit | user=jenkins1000 | ip=192.168.34.31 | op=SEND_HEARTBEAT {datanodeUUID=6ab6b5dd-7582-43bd-ad39-1af51ca14a47, command=[]} | ret=SUCCESS |  
2019-08-22 07:03:18,584 | INFO  | DNAudit | user=null | ip=null | op=WRITE_CHUNK {blockData=conID: 2 locID: 102659352018354582 bcsId: 756} | ret=SUCCESS |  
2019-08-22 07:03:18,585 | INFO  | DNAudit | user=null | ip=null | op=PUT_BLOCK {blockData=[blockId=conID: 2 locID: 102659352018354582 bcsId: 0,size=3145728]} | ret=SUCCESS |  
2019-08-22 07:03:18,585 [grpc-default-executor-5] INFO  client.GrpcClientProtocolClient (GrpcClientProtocolClient.java:onNext(255)) - client-CF63D631FA17->3cf1264f-5f6b-4138-aeee-2ff7d4522ead: receive RaftClientReply:client-CF63D631FA17->3cf1264f-5f6b-4138-aeee-2ff7d4522ead@group-561E16522154, cid=631, SUCCESS, logIndex=760, commits[3cf1264f-5f6b-4138-aeee-2ff7d4522ead:c761, 4f0d1a15-8f14-4d9a-ad4f-8211e1245b5d:c759, 6999f20e-c3f7-4db4-87ca-141c476f2a88:c759]
2019-08-22 07:03:18,586 [grpc-default-executor-5] INFO  client.GrpcClientProtocolClient (GrpcClientProtocolClient.java:onNext(255)) - client-CF63D631FA17->3cf1264f-5f6b-4138-aeee-2ff7d4522ead: receive RaftClientReply:client-CF63D631FA17->3cf1264f-5f6b-4138-aeee-2ff7d4522ead@group-561E16522154, cid=632, SUCCESS, logIndex=761, commits[3cf1264f-5f6b-4138-aeee-2ff7d4522ead:c761, 4f0d1a15-8f14-4d9a-ad4f-8211e1245b5d:c759, 6999f20e-c3f7-4db4-87ca-141c476f2a88:c759]
2019-08-22 07:03:18,597 | INFO  | DNAudit | user=null | ip=null | op=WRITE_CHUNK {blockData=conID: 2 locID: 102659352018354582 bcsId: 761} | ret=SUCCESS |  
2019-08-22 07:03:18,598 | INFO  | DNAudit | user=null | ip=null | op=WRITE_CHUNK {blockData=conID: 2 locID: 102659352018354582 bcsId: 756} | ret=SUCCESS |  
2019-08-22 07:03:18,598 | INFO  | DNAudit | user=null | ip=null | op=WRITE_CHUNK {blockData=conID: 2 locID: 102659352018354582 bcsId: 756} | ret=SUCCESS |  
2019-08-22 07:03:18,598 | INFO  | DNAudit | user=null | ip=null | op=PUT_BLOCK {blockData=[blockId=conID: 2 locID: 102659352018354582 bcsId: 0,size=3145728]} | ret=SUCCESS |  
2019-08-22 07:03:18,598 | INFO  | DNAudit | user=null | ip=null | op=PUT_BLOCK {blockData=[blockId=conID: 2 locID: 102659352018354582 bcsId: 0,size=3145728]} | ret=SUCCESS |  
2019-08-22 07:03:18,603 | INFO  | DNAudit | user=null | ip=null | op=WRITE_CHUNK {blockData=conID: 2 locID: 102659352018354582 bcsId: 761} | ret=SUCCESS |  
2019-08-22 07:03:18,603 | INFO  | DNAudit | user=null | ip=null | op=WRITE_CHUNK {blockData=conID: 2 locID: 102659352018354582 bcsId: 761} | ret=SUCCESS |  
2019-08-22 07:03:18,622 | INFO  | DNAudit | user=null | ip=null | op=WRITE_CHUNK {blockData=conID: 2 locID: 102659352018354582 bcsId: 761} | ret=SUCCESS |  
2019-08-22 07:03:18,623 | INFO  | DNAudit | user=null | ip=null | op=PUT_BLOCK {blockData=[blockId=conID: 2 locID: 102659352018354582 bcsId: 0,size=4194304]} | ret=SUCCESS |  
2019-08-22 07:03:18,624 [grpc-default-executor-1] INFO  client.GrpcClientProtocolClient (GrpcClientProtocolClient.java:onNext(255)) - client-CF63D631FA17->3cf1264f-5f6b-4138-aeee-2ff7d4522ead: receive RaftClientReply:client-CF63D631FA17->3cf1264f-5f6b-4138-aeee-2ff7d4522ead@group-561E16522154, cid=633, SUCCESS, logIndex=764, commits[3cf1264f-5f6b-4138-aeee-2ff7d4522ead:c765, 4f0d1a15-8f14-4d9a-ad4f-8211e1245b5d:c761, 6999f20e-c3f7-4db4-87ca-141c476f2a88:c761]
2019-08-22 07:03:18,624 [grpc-default-executor-1] INFO  client.GrpcClientProtocolClient (GrpcClientProtocolClient.java:onNext(255)) - client-CF63D631FA17->3cf1264f-5f6b-4138-aeee-2ff7d4522ead: receive RaftClientReply:client-CF63D631FA17->3cf1264f-5f6b-4138-aeee-2ff7d4522ead@group-561E16522154, cid=634, SUCCESS, logIndex=765, commits[3cf1264f-5f6b-4138-aeee-2ff7d4522ead:c765, 4f0d1a15-8f14-4d9a-ad4f-8211e1245b5d:c761, 6999f20e-c3f7-4db4-87ca-141c476f2a88:c761]
2019-08-22 07:03:18,635 | INFO  | DNAudit | user=null | ip=null | op=WRITE_CHUNK {blockData=conID: 2 locID: 102659352018354582 bcsId: 761} | ret=SUCCESS |  
2019-08-22 07:03:18,635 | INFO  | DNAudit | user=null | ip=null | op=WRITE_CHUNK {blockData=conID: 2 locID: 102659352018354582 bcsId: 761} | ret=SUCCESS |  
2019-08-22 07:03:18,636 | INFO  | DNAudit | user=null | ip=null | op=PUT_BLOCK {blockData=[blockId=conID: 2 locID: 102659352018354582 bcsId: 0,size=4194304]} | ret=SUCCESS |  
2019-08-22 07:03:18,636 | INFO  | DNAudit | user=null | ip=null | op=PUT_BLOCK {blockData=[blockId=conID: 2 locID: 102659352018354582 bcsId: 0,size=4194304]} | ret=SUCCESS |  
2019-08-22 07:03:18,636 [grpc-default-executor-1] INFO  client.GrpcClientProtocolClient (GrpcClientProtocolClient.java:onNext(255)) - client-CF63D631FA17->3cf1264f-5f6b-4138-aeee-2ff7d4522ead: receive RaftClientReply:client-CF63D631FA17->3cf1264f-5f6b-4138-aeee-2ff7d4522ead@group-561E16522154, cid=635, SUCCESS, logIndex=0, commits[3cf1264f-5f6b-4138-aeee-2ff7d4522ead:c766, 4f0d1a15-8f14-4d9a-ad4f-8211e1245b5d:c765, 6999f20e-c3f7-4db4-87ca-141c476f2a88:c765]
2019-08-22 07:03:18,647 | INFO  | DNAudit | user=null | ip=null | op=WRITE_CHUNK {blockData=conID: 3 locID: 102659352018420119 bcsId: 0} | ret=SUCCESS |  
2019-08-22 07:03:18,651 | INFO  | DNAudit | user=null | ip=null | op=WRITE_CHUNK {blockData=conID: 3 locID: 102659352018420119 bcsId: 0} | ret=SUCCESS |  
2019-08-22 07:03:18,653 | INFO  | DNAudit | user=null | ip=null | op=WRITE_CHUNK {blockData=conID: 3 locID: 102659352018420119 bcsId: 0} | ret=SUCCESS |  
2019-08-22 07:03:18,654 | INFO  | DNAudit | user=null | ip=null | op=WRITE_CHUNK {blockData=conID: 3 locID: 102659352018420119 bcsId: 0} | ret=SUCCESS |  
2019-08-22 07:03:18,656 | INFO  | DNAudit | user=null | ip=null | op=WRITE_CHUNK {blockData=conID: 3 locID: 102659352018420119 bcsId: 0} | ret=SUCCESS |  
2019-08-22 07:03:18,656 | INFO  | DNAudit | user=null | ip=null | op=WRITE_CHUNK {blockData=conID: 3 locID: 102659352018420119 bcsId: 0} | ret=SUCCESS |  
2019-08-22 07:03:18,674 | INFO  | DNAudit | user=null | ip=null | op=WRITE_CHUNK {blockData=conID: 3 locID: 102659352018420119 bcsId: 0} | ret=SUCCESS |  
2019-08-22 07:03:18,675 | INFO  | DNAudit | user=null | ip=null | op=PUT_BLOCK {blockData=[blockId=conID: 3 locID: 102659352018420119 bcsId: 0,size=1048576]} | ret=SUCCESS |  
2019-08-22 07:03:18,675 [grpc-default-executor-0] INFO  client.GrpcClientProtocolClient (GrpcClientProtocolClient.java:onNext(255)) - client-CF63D631FA17->3cf1264f-5f6b-4138-aeee-2ff7d4522ead: receive RaftClientReply:client-CF63D631FA17->3cf1264f-5f6b-4138-aeee-2ff7d4522ead@group-561E16522154, cid=636, SUCCESS, logIndex=768, commits[3cf1264f-5f6b-4138-aeee-2ff7d4522ead:c771, 4f0d1a15-8f14-4d9a-ad4f-8211e1245b5d:c766, 6999f20e-c3f7-4db4-87ca-141c476f2a88:c767]
2019-08-22 07:03:18,675 | INFO  | DNAudit | user=null | ip=null | op=WRITE_CHUNK {blockData=conID: 3 locID: 102659352018420119 bcsId: 0} | ret=SUCCESS |  
2019-08-22 07:03:18,676 [grpc-default-executor-0] INFO  client.GrpcClientProtocolClient (GrpcClientProtocolClient.java:onNext(255)) - client-CF63D631FA17->3cf1264f-5f6b-4138-aeee-2ff7d4522ead: receive RaftClientReply:client-CF63D631FA17->3cf1264f-5f6b-4138-aeee-2ff7d4522ead@group-561E16522154, cid=637, SUCCESS, logIndex=769, commits[3cf1264f-5f6b-4138-aeee-2ff7d4522ead:c771, 4f0d1a15-8f14-4d9a-ad4f-8211e1245b5d:c766, 6999f20e-c3f7-4db4-87ca-141c476f2a88:c767]
2019-08-22 07:03:18,676 | INFO  | DNAudit | user=null | ip=null | op=PUT_BLOCK {blockData=[blockId=conID: 3 locID: 102659352018420119 bcsId: 0,size=2097152]} | ret=SUCCESS |  
2019-08-22 07:03:18,676 [grpc-default-executor-0] INFO  client.GrpcClientProtocolClient (GrpcClientProtocolClient.java:onNext(255)) - client-CF63D631FA17->3cf1264f-5f6b-4138-aeee-2ff7d4522ead: receive RaftClientReply:client-CF63D631FA17->3cf1264f-5f6b-4138-aeee-2ff7d4522ead@group-561E16522154, cid=638, SUCCESS, logIndex=770, commits[3cf1264f-5f6b-4138-aeee-2ff7d4522ead:c771, 4f0d1a15-8f14-4d9a-ad4f-8211e1245b5d:c766, 6999f20e-c3f7-4db4-87ca-141c476f2a88:c767]
2019-08-22 07:03:18,677 [grpc-default-executor-0] INFO  client.GrpcClientProtocolClient (GrpcClientProtocolClient.java:onNext(255)) - client-CF63D631FA17->3cf1264f-5f6b-4138-aeee-2ff7d4522ead: receive RaftClientReply:client-CF63D631FA17->3cf1264f-5f6b-4138-aeee-2ff7d4522ead@group-561E16522154, cid=639, SUCCESS, logIndex=771, commits[3cf1264f-5f6b-4138-aeee-2ff7d4522ead:c771, 4f0d1a15-8f14-4d9a-ad4f-8211e1245b5d:c766, 6999f20e-c3f7-4db4-87ca-141c476f2a88:c767]
2019-08-22 07:03:18,688 | INFO  | DNAudit | user=null | ip=null | op=WRITE_CHUNK {blockData=conID: 3 locID: 102659352018420119 bcsId: 0} | ret=SUCCESS |  
2019-08-22 07:03:18,699 | INFO  | DNAudit | user=null | ip=null | op=PUT_BLOCK {blockData=[blockId=conID: 3 locID: 102659352018420119 bcsId: 0,size=1048576]} | ret=SUCCESS |  
2019-08-22 07:03:18,699 | INFO  | DNAudit | user=null | ip=null | op=WRITE_CHUNK {blockData=conID: 3 locID: 102659352018420119 bcsId: 0} | ret=SUCCESS |  
2019-08-22 07:03:18,699 | INFO  | DNAudit | user=null | ip=null | op=WRITE_CHUNK {blockData=conID: 3 locID: 102659352018420119 bcsId: 0} | ret=SUCCESS |  
2019-08-22 07:03:18,700 | INFO  | DNAudit | user=null | ip=null | op=PUT_BLOCK {blockData=[blockId=conID: 3 locID: 102659352018420119 bcsId: 0,size=1048576]} | ret=SUCCESS |  
2019-08-22 07:03:18,700 | INFO  | DNAudit | user=null | ip=null | op=PUT_BLOCK {blockData=[blockId=conID: 3 locID: 102659352018420119 bcsId: 0,size=2097152]} | ret=SUCCESS |  
2019-08-22 07:03:18,700 | INFO  | DNAudit | user=null | ip=null | op=WRITE_CHUNK {blockData=conID: 3 locID: 102659352018420119 bcsId: 0} | ret=SUCCESS |  
2019-08-22 07:03:18,701 | INFO  | DNAudit | user=null | ip=null | op=PUT_BLOCK {blockData=[blockId=conID: 3 locID: 102659352018420119 bcsId: 0,size=2097152]} | ret=SUCCESS |  
2019-08-22 07:03:18,701 [grpc-default-executor-0] INFO  client.GrpcClientProtocolClient (GrpcClientProtocolClient.java:onNext(255)) - client-CF63D631FA17->3cf1264f-5f6b-4138-aeee-2ff7d4522ead: receive RaftClientReply:client-CF63D631FA17->3cf1264f-5f6b-4138-aeee-2ff7d4522ead@group-561E16522154, cid=640, SUCCESS, logIndex=0, commits[3cf1264f-5f6b-4138-aeee-2ff7d4522ead:c775, 4f0d1a15-8f14-4d9a-ad4f-8211e1245b5d:c769, 6999f20e-c3f7-4db4-87ca-141c476f2a88:c771]
 0.00% |█                                                                                                    |  0/1 Time: 0:00:012019-08-22 07:03:18,710 | INFO  | DNAudit | user=null | ip=null | op=WRITE_CHUNK {blockData=conID: 3 locID: 102659352018420119 bcsId: 771} | ret=SUCCESS |  
2019-08-22 07:03:18,715 | INFO  | DNAudit | user=null | ip=null | op=WRITE_CHUNK {blockData=conID: 3 locID: 102659352018420119 bcsId: 771} | ret=SUCCESS |  
2019-08-22 07:03:18,715 | INFO  | DNAudit | user=null | ip=null | op=WRITE_CHUNK {blockData=conID: 3 locID: 102659352018420119 bcsId: 771} | ret=SUCCESS |  
2019-08-22 07:03:18,723 | INFO  | DNAudit | user=null | ip=null | op=WRITE_CHUNK {blockData=conID: 3 locID: 102659352018420119 bcsId: 771} | ret=SUCCESS |  
2019-08-22 07:03:18,724 | INFO  | DNAudit | user=null | ip=null | op=PUT_BLOCK {blockData=[blockId=conID: 3 locID: 102659352018420119 bcsId: 0,size=3145728]} | ret=SUCCESS |  
2019-08-22 07:03:18,724 [grpc-default-executor-1] INFO  client.GrpcClientProtocolClient (GrpcClientProtocolClient.java:onNext(255)) - client-CF63D631FA17->3cf1264f-5f6b-4138-aeee-2ff7d4522ead: receive RaftClientReply:client-CF63D631FA17->3cf1264f-5f6b-4138-aeee-2ff7d4522ead@group-561E16522154, cid=641, SUCCESS, logIndex=776, commits[3cf1264f-5f6b-4138-aeee-2ff7d4522ead:c777, 4f0d1a15-8f14-4d9a-ad4f-8211e1245b5d:c775, 6999f20e-c3f7-4db4-87ca-141c476f2a88:c775]
2019-08-22 07:03:18,725 [grpc-default-executor-1] INFO  client.GrpcClientProtocolClient (GrpcClientProtocolClient.java:onNext(255)) - client-CF63D631FA17->3cf1264f-5f6b-4138-aeee-2ff7d4522ead: receive RaftClientReply:client-CF63D631FA17->3cf1264f-5f6b-4138-aeee-2ff7d4522ead@group-561E16522154, cid=642, SUCCESS, logIndex=777, commits[3cf1264f-5f6b-4138-aeee-2ff7d4522ead:c777, 4f0d1a15-8f14-4d9a-ad4f-8211e1245b5d:c775, 6999f20e-c3f7-4db4-87ca-141c476f2a88:c775]
2019-08-22 07:03:18,734 | INFO  | DNAudit | user=null | ip=null | op=WRITE_CHUNK {blockData=conID: 3 locID: 102659352018420119 bcsId: 777} | ret=SUCCESS |  
2019-08-22 07:03:18,736 | INFO  | DNAudit | user=null | ip=null | op=WRITE_CHUNK {blockData=conID: 3 locID: 102659352018420119 bcsId: 771} | ret=SUCCESS |  
2019-08-22 07:03:18,736 | INFO  | DNAudit | user=null | ip=null | op=WRITE_CHUNK {blockData=conID: 3 locID: 102659352018420119 bcsId: 771} | ret=SUCCESS |  
2019-08-22 07:03:18,737 | INFO  | DNAudit | user=null | ip=null | op=PUT_BLOCK {blockData=[blockId=conID: 3 locID: 102659352018420119 bcsId: 0,size=3145728]} | ret=SUCCESS |  
2019-08-22 07:03:18,738 | INFO  | DNAudit | user=null | ip=null | op=WRITE_CHUNK {blockData=conID: 3 locID: 102659352018420119 bcsId: 777} | ret=SUCCESS |  
2019-08-22 07:03:18,738 | INFO  | DNAudit | user=null | ip=null | op=WRITE_CHUNK {blockData=conID: 3 locID: 102659352018420119 bcsId: 777} | ret=SUCCESS |  
2019-08-22 07:03:18,748 | INFO  | DNAudit | user=null | ip=null | op=PUT_BLOCK {blockData=[blockId=conID: 3 locID: 102659352018420119 bcsId: 0,size=3145728]} | ret=SUCCESS |  
2019-08-22 07:03:18,748 | INFO  | DNAudit | user=null | ip=null | op=WRITE_CHUNK {blockData=conID: 3 locID: 102659352018420119 bcsId: 777} | ret=SUCCESS |  
2019-08-22 07:03:18,756 | INFO  | DNAudit | user=null | ip=null | op=PUT_BLOCK {blockData=[blockId=conID: 3 locID: 102659352018420119 bcsId: 0,size=4194304]} | ret=SUCCESS |  
2019-08-22 07:03:18,757 [grpc-default-executor-3] INFO  client.GrpcClientProtocolClient (GrpcClientProtocolClient.java:onNext(255)) - client-CF63D631FA17->3cf1264f-5f6b-4138-aeee-2ff7d4522ead: receive RaftClientReply:client-CF63D631FA17->3cf1264f-5f6b-4138-aeee-2ff7d4522ead@group-561E16522154, cid=643, SUCCESS, logIndex=780, commits[3cf1264f-5f6b-4138-aeee-2ff7d4522ead:c780, 4f0d1a15-8f14-4d9a-ad4f-8211e1245b5d:c777, 6999f20e-c3f7-4db4-87ca-141c476f2a88:c777]
2019-08-22 07:03:18,757 [grpc-default-executor-3] INFO  client.GrpcClientProtocolClient (GrpcClientProtocolClient.java:onNext(255)) - client-CF63D631FA17->3cf1264f-5f6b-4138-aeee-2ff7d4522ead: receive RaftClientReply:client-CF63D631FA17->3cf1264f-5f6b-4138-aeee-2ff7d4522ead@group-561E16522154, cid=644, SUCCESS, logIndex=781, commits[3cf1264f-5f6b-4138-aeee-2ff7d4522ead:c781, 4f0d1a15-8f14-4d9a-ad4f-8211e1245b5d:c777, 6999f20e-c3f7-4db4-87ca-141c476f2a88:c777]
2019-08-22 07:03:18,762 | INFO  | DNAudit | user=null | ip=null | op=WRITE_CHUNK {blockData=conID: 3 locID: 102659352018420119 bcsId: 777} | ret=SUCCESS |  
2019-08-22 07:03:18,762 | INFO  | DNAudit | user=null | ip=null | op=WRITE_CHUNK {blockData=conID: 3 locID: 102659352018420119 bcsId: 777} | ret=SUCCESS |  
2019-08-22 07:03:18,773 | INFO  | DNAudit | user=null | ip=null | op=PUT_BLOCK {blockData=[blockId=conID: 3 locID: 102659352018420119 bcsId: 0,size=4194304]} | ret=SUCCESS |  
2019-08-22 07:03:18,773 | INFO  | DNAudit | user=null | ip=null | op=PUT_BLOCK {blockData=[blockId=conID: 3 locID: 102659352018420119 bcsId: 0,size=4194304]} | ret=SUCCESS |  
2019-08-22 07:03:18,774 | INFO  | SCMAudit | user=jenkins1000 | ip=192.168.34.31 | op=SEND_HEARTBEAT {datanodeUUID=4f0d1a15-8f14-4d9a-ad4f-8211e1245b5d, command=[]} | ret=SUCCESS |  
2019-08-22 07:03:18,775 [grpc-default-executor-1] INFO  client.GrpcClientProtocolClient (GrpcClientProtocolClient.java:onNext(255)) - client-CF63D631FA17->3cf1264f-5f6b-4138-aeee-2ff7d4522ead: receive RaftClientReply:client-CF63D631FA17->3cf1264f-5f6b-4138-aeee-2ff7d4522ead@group-561E16522154, cid=645, SUCCESS, logIndex=0, commits[3cf1264f-5f6b-4138-aeee-2ff7d4522ead:c783, 4f0d1a15-8f14-4d9a-ad4f-8211e1245b5d:c781, 6999f20e-c3f7-4db4-87ca-141c476f2a88:c781]
2019-08-22 07:03:18,780 | INFO  | SCMAudit | user=jenkins1000 | ip=192.168.34.31 | op=SEND_HEARTBEAT {datanodeUUID=3cf1264f-5f6b-4138-aeee-2ff7d4522ead, command=[]} | ret=SUCCESS |  
2019-08-22 07:03:18,784 | INFO  | DNAudit | user=null | ip=null | op=WRITE_CHUNK {blockData=conID: 1 locID: 102659352018420120 bcsId: 0} | ret=SUCCESS |  
2019-08-22 07:03:18,787 | INFO  | SCMAudit | user=jenkins1000 | ip=192.168.34.31 | op=SEND_HEARTBEAT {datanodeUUID=6999f20e-c3f7-4db4-87ca-141c476f2a88, command=[]} | ret=SUCCESS |  
2019-08-22 07:03:18,789 | INFO  | DNAudit | user=null | ip=null | op=WRITE_CHUNK {blockData=conID: 1 locID: 102659352018420120 bcsId: 0} | ret=SUCCESS |  
2019-08-22 07:03:18,789 | INFO  | DNAudit | user=null | ip=null | op=WRITE_CHUNK {blockData=conID: 1 locID: 102659352018420120 bcsId: 0} | ret=SUCCESS |  
2019-08-22 07:03:18,789 | INFO  | DNAudit | user=null | ip=null | op=WRITE_CHUNK {blockData=conID: 1 locID: 102659352018420120 bcsId: 0} | ret=SUCCESS |  
2019-08-22 07:03:18,792 | INFO  | DNAudit | user=null | ip=null | op=WRITE_CHUNK {blockData=conID: 1 locID: 102659352018420120 bcsId: 0} | ret=SUCCESS |  
2019-08-22 07:03:18,793 | INFO  | DNAudit | user=null | ip=null | op=WRITE_CHUNK {blockData=conID: 1 locID: 102659352018420120 bcsId: 0} | ret=SUCCESS |  
2019-08-22 07:03:18,797 | INFO  | DNAudit | user=null | ip=null | op=WRITE_CHUNK {blockData=conID: 1 locID: 102659352018420120 bcsId: 0} | ret=SUCCESS |  
2019-08-22 07:03:18,798 | INFO  | DNAudit | user=null | ip=null | op=PUT_BLOCK {blockData=[blockId=conID: 1 locID: 102659352018420120 bcsId: 0,size=1048576]} | ret=SUCCESS |  
2019-08-22 07:03:18,798 | INFO  | DNAudit | user=null | ip=null | op=WRITE_CHUNK {blockData=conID: 1 locID: 102659352018420120 bcsId: 0} | ret=SUCCESS |  
2019-08-22 07:03:18,798 [grpc-default-executor-1] INFO  client.GrpcClientProtocolClient (GrpcClientProtocolClient.java:onNext(255)) - client-CF63D631FA17->3cf1264f-5f6b-4138-aeee-2ff7d4522ead: receive RaftClientReply:client-CF63D631FA17->3cf1264f-5f6b-4138-aeee-2ff7d4522ead@group-561E16522154, cid=646, SUCCESS, logIndex=784, commits[3cf1264f-5f6b-4138-aeee-2ff7d4522ead:c785, 4f0d1a15-8f14-4d9a-ad4f-8211e1245b5d:c783, 6999f20e-c3f7-4db4-87ca-141c476f2a88:c783]
2019-08-22 07:03:18,799 | INFO  | DNAudit | user=null | ip=null | op=PUT_BLOCK {blockData=[blockId=conID: 1 locID: 102659352018420120 bcsId: 0,size=2097152]} | ret=SUCCESS |  
2019-08-22 07:03:18,799 [grpc-default-executor-1] INFO  client.GrpcClientProtocolClient (GrpcClientProtocolClient.java:onNext(255)) - client-CF63D631FA17->3cf1264f-5f6b-4138-aeee-2ff7d4522ead: receive RaftClientReply:client-CF63D631FA17->3cf1264f-5f6b-4138-aeee-2ff7d4522ead@group-561E16522154, cid=647, SUCCESS, logIndex=785, commits[3cf1264f-5f6b-4138-aeee-2ff7d4522ead:c787, 4f0d1a15-8f14-4d9a-ad4f-8211e1245b5d:c783, 6999f20e-c3f7-4db4-87ca-141c476f2a88:c783]
2019-08-22 07:03:18,799 [grpc-default-executor-1] INFO  client.GrpcClientProtocolClient (GrpcClientProtocolClient.java:onNext(255)) - client-CF63D631FA17->3cf1264f-5f6b-4138-aeee-2ff7d4522ead: receive RaftClientReply:client-CF63D631FA17->3cf1264f-5f6b-4138-aeee-2ff7d4522ead@group-561E16522154, cid=648, SUCCESS, logIndex=786, commits[3cf1264f-5f6b-4138-aeee-2ff7d4522ead:c787, 4f0d1a15-8f14-4d9a-ad4f-8211e1245b5d:c783, 6999f20e-c3f7-4db4-87ca-141c476f2a88:c783]
2019-08-22 07:03:18,800 [grpc-default-executor-1] INFO  client.GrpcClientProtocolClient (GrpcClientProtocolClient.java:onNext(255)) - client-CF63D631FA17->3cf1264f-5f6b-4138-aeee-2ff7d4522ead: receive RaftClientReply:client-CF63D631FA17->3cf1264f-5f6b-4138-aeee-2ff7d4522ead@group-561E16522154, cid=649, SUCCESS, logIndex=787, commits[3cf1264f-5f6b-4138-aeee-2ff7d4522ead:c787, 4f0d1a15-8f14-4d9a-ad4f-8211e1245b5d:c783, 6999f20e-c3f7-4db4-87ca-141c476f2a88:c783]
2019-08-22 07:03:18,800 | INFO  | DNAudit | user=null | ip=null | op=WRITE_CHUNK {blockData=conID: 1 locID: 102659352018420120 bcsId: 0} | ret=SUCCESS |  
2019-08-22 07:03:18,812 | INFO  | DNAudit | user=null | ip=null | op=WRITE_CHUNK {blockData=conID: 1 locID: 102659352018420120 bcsId: 0} | ret=SUCCESS |  
2019-08-22 07:03:18,812 | INFO  | DNAudit | user=null | ip=null | op=PUT_BLOCK {blockData=[blockId=conID: 1 locID: 102659352018420120 bcsId: 0,size=1048576]} | ret=SUCCESS |  
2019-08-22 07:03:18,812 | INFO  | DNAudit | user=null | ip=null | op=WRITE_CHUNK {blockData=conID: 1 locID: 102659352018420120 bcsId: 0} | ret=SUCCESS |  
2019-08-22 07:03:18,813 | INFO  | DNAudit | user=null | ip=null | op=PUT_BLOCK {blockData=[blockId=conID: 1 locID: 102659352018420120 bcsId: 0,size=1048576]} | ret=SUCCESS |  
2019-08-22 07:03:18,814 | INFO  | DNAudit | user=null | ip=null | op=WRITE_CHUNK {blockData=conID: 1 locID: 102659352018420120 bcsId: 0} | ret=SUCCESS |  
2019-08-22 07:03:18,814 | INFO  | DNAudit | user=null | ip=null | op=PUT_BLOCK {blockData=[blockId=conID: 1 locID: 102659352018420120 bcsId: 0,size=2097152]} | ret=SUCCESS |  
2019-08-22 07:03:18,815 [grpc-default-executor-3] INFO  client.GrpcClientProtocolClient (GrpcClientProtocolClient.java:onNext(255)) - client-CF63D631FA17->3cf1264f-5f6b-4138-aeee-2ff7d4522ead: receive RaftClientReply:client-CF63D631FA17->3cf1264f-5f6b-4138-aeee-2ff7d4522ead@group-561E16522154, cid=650, SUCCESS, logIndex=0, commits[3cf1264f-5f6b-4138-aeee-2ff7d4522ead:c790, 4f0d1a15-8f14-4d9a-ad4f-8211e1245b5d:c785, 6999f20e-c3f7-4db4-87ca-141c476f2a88:c786]
2019-08-22 07:03:18,824 | INFO  | DNAudit | user=null | ip=null | op=PUT_BLOCK {blockData=[blockId=conID: 1 locID: 102659352018420120 bcsId: 0,size=2097152]} | ret=SUCCESS |  
2019-08-22 07:03:18,824 | INFO  | DNAudit | user=null | ip=null | op=WRITE_CHUNK {blockData=conID: 1 locID: 102659352018420120 bcsId: 787} | ret=SUCCESS |  
2019-08-22 07:03:18,828 | INFO  | DNAudit | user=null | ip=null | op=WRITE_CHUNK {blockData=conID: 1 locID: 102659352018420120 bcsId: 787} | ret=SUCCESS |  
2019-08-22 07:03:18,829 | INFO  | DNAudit | user=null | ip=null | op=WRITE_CHUNK {blockData=conID: 1 locID: 102659352018420120 bcsId: 787} | ret=SUCCESS |  
2019-08-22 07:03:18,839 | INFO  | DNAudit | user=null | ip=null | op=WRITE_CHUNK {blockData=conID: 1 locID: 102659352018420120 bcsId: 787} | ret=SUCCESS |  
2019-08-22 07:03:18,840 | INFO  | DNAudit | user=null | ip=null | op=PUT_BLOCK {blockData=[blockId=conID: 1 locID: 102659352018420120 bcsId: 0,size=3145728]} | ret=SUCCESS |  
2019-08-22 07:03:18,840 [grpc-default-executor-1] INFO  client.GrpcClientProtocolClient (GrpcClientProtocolClient.java:onNext(255)) - client-CF63D631FA17->3cf1264f-5f6b-4138-aeee-2ff7d4522ead: receive RaftClientReply:client-CF63D631FA17->3cf1264f-5f6b-4138-aeee-2ff7d4522ead@group-561E16522154, cid=651, SUCCESS, logIndex=792, commits[3cf1264f-5f6b-4138-aeee-2ff7d4522ead:c793, 4f0d1a15-8f14-4d9a-ad4f-8211e1245b5d:c791, 6999f20e-c3f7-4db4-87ca-141c476f2a88:c791]
2019-08-22 07:03:18,841 [grpc-default-executor-1] INFO  client.GrpcClientProtocolClient (GrpcClientProtocolClient.java:onNext(255)) - client-CF63D631FA17->3cf1264f-5f6b-4138-aeee-2ff7d4522ead: receive RaftClientReply:client-CF63D631FA17->3cf1264f-5f6b-4138-aeee-2ff7d4522ead@group-561E16522154, cid=652, SUCCESS, logIndex=793, commits[3cf1264f-5f6b-4138-aeee-2ff7d4522ead:c793, 4f0d1a15-8f14-4d9a-ad4f-8211e1245b5d:c791, 6999f20e-c3f7-4db4-87ca-141c476f2a88:c791]
2019-08-22 07:03:18,852 | INFO  | DNAudit | user=null | ip=null | op=WRITE_CHUNK {blockData=conID: 1 locID: 102659352018420120 bcsId: 787} | ret=SUCCESS |  
2019-08-22 07:03:18,852 | INFO  | DNAudit | user=null | ip=null | op=WRITE_CHUNK {blockData=conID: 1 locID: 102659352018420120 bcsId: 787} | ret=SUCCESS |  
2019-08-22 07:03:18,853 | INFO  | DNAudit | user=null | ip=null | op=PUT_BLOCK {blockData=[blockId=conID: 1 locID: 102659352018420120 bcsId: 0,size=3145728]} | ret=SUCCESS |  
2019-08-22 07:03:18,854 | INFO  | DNAudit | user=null | ip=null | op=WRITE_CHUNK {blockData=conID: 1 locID: 102659352018420120 bcsId: 793} | ret=SUCCESS |  
2019-08-22 07:03:18,856 | INFO  | DNAudit | user=null | ip=null | op=PUT_BLOCK {blockData=[blockId=conID: 1 locID: 102659352018420120 bcsId: 0,size=3145728]} | ret=SUCCESS |  
2019-08-22 07:03:18,859 | INFO  | DNAudit | user=null | ip=null | op=WRITE_CHUNK {blockData=conID: 1 locID: 102659352018420120 bcsId: 793} | ret=SUCCESS |  
2019-08-22 07:03:18,859 | INFO  | DNAudit | user=null | ip=null | op=WRITE_CHUNK {blockData=conID: 1 locID: 102659352018420120 bcsId: 793} | ret=SUCCESS |  
2019-08-22 07:03:18,875 | INFO  | DNAudit | user=null | ip=null | op=WRITE_CHUNK {blockData=conID: 1 locID: 102659352018420120 bcsId: 793} | ret=SUCCESS |  
2019-08-22 07:03:18,876 | INFO  | DNAudit | user=null | ip=null | op=PUT_BLOCK {blockData=[blockId=conID: 1 locID: 102659352018420120 bcsId: 0,size=4194304]} | ret=SUCCESS |  
2019-08-22 07:03:18,876 [grpc-default-executor-0] INFO  client.GrpcClientProtocolClient (GrpcClientProtocolClient.java:onNext(255)) - client-CF63D631FA17->3cf1264f-5f6b-4138-aeee-2ff7d4522ead: receive RaftClientReply:client-CF63D631FA17->3cf1264f-5f6b-4138-aeee-2ff7d4522ead@group-561E16522154, cid=653, SUCCESS, logIndex=796, commits[3cf1264f-5f6b-4138-aeee-2ff7d4522ead:c797, 4f0d1a15-8f14-4d9a-ad4f-8211e1245b5d:c794, 6999f20e-c3f7-4db4-87ca-141c476f2a88:c793]
2019-08-22 07:03:18,877 [grpc-default-executor-0] INFO  client.GrpcClientProtocolClient (GrpcClientProtocolClient.java:onNext(255)) - client-CF63D631FA17->3cf1264f-5f6b-4138-aeee-2ff7d4522ead: receive RaftClientReply:client-CF63D631FA17->3cf1264f-5f6b-4138-aeee-2ff7d4522ead@group-561E16522154, cid=654, SUCCESS, logIndex=797, commits[3cf1264f-5f6b-4138-aeee-2ff7d4522ead:c797, 4f0d1a15-8f14-4d9a-ad4f-8211e1245b5d:c794, 6999f20e-c3f7-4db4-87ca-141c476f2a88:c794]
2019-08-22 07:03:18,887 | INFO  | DNAudit | user=null | ip=null | op=WRITE_CHUNK {blockData=conID: 1 locID: 102659352018420120 bcsId: 793} | ret=SUCCESS |  
2019-08-22 07:03:18,887 | INFO  | DNAudit | user=null | ip=null | op=WRITE_CHUNK {blockData=conID: 1 locID: 102659352018420120 bcsId: 793} | ret=SUCCESS |  
2019-08-22 07:03:18,888 | INFO  | DNAudit | user=null | ip=null | op=PUT_BLOCK {blockData=[blockId=conID: 1 locID: 102659352018420120 bcsId: 0,size=4194304]} | ret=SUCCESS |  
2019-08-22 07:03:18,888 | INFO  | DNAudit | user=null | ip=null | op=PUT_BLOCK {blockData=[blockId=conID: 1 locID: 102659352018420120 bcsId: 0,size=4194304]} | ret=SUCCESS |  
2019-08-22 07:03:18,890 [grpc-default-executor-0] INFO  client.GrpcClientProtocolClient (GrpcClientProtocolClient.java:onNext(255)) - client-CF63D631FA17->3cf1264f-5f6b-4138-aeee-2ff7d4522ead: receive RaftClientReply:client-CF63D631FA17->3cf1264f-5f6b-4138-aeee-2ff7d4522ead@group-561E16522154, cid=655, SUCCESS, logIndex=0, commits[3cf1264f-5f6b-4138-aeee-2ff7d4522ead:c798, 4f0d1a15-8f14-4d9a-ad4f-8211e1245b5d:c797, 6999f20e-c3f7-4db4-87ca-141c476f2a88:c797]
2019-08-22 07:03:18,900 | INFO  | DNAudit | user=null | ip=null | op=WRITE_CHUNK {blockData=conID: 2 locID: 102659352018420121 bcsId: 0} | ret=SUCCESS |  
2019-08-22 07:03:18,905 | INFO  | DNAudit | user=null | ip=null | op=WRITE_CHUNK {blockData=conID: 2 locID: 102659352018420121 bcsId: 0} | ret=SUCCESS |  
2019-08-22 07:03:18,906 | INFO  | DNAudit | user=null | ip=null | op=WRITE_CHUNK {blockData=conID: 2 locID: 102659352018420121 bcsId: 0} | ret=SUCCESS |  
2019-08-22 07:03:18,907 | INFO  | DNAudit | user=null | ip=null | op=WRITE_CHUNK {blockData=conID: 2 locID: 102659352018420121 bcsId: 0} | ret=SUCCESS |  
2019-08-22 07:03:18,911 | INFO  | DNAudit | user=null | ip=null | op=WRITE_CHUNK {blockData=conID: 2 locID: 102659352018420121 bcsId: 0} | ret=SUCCESS |  
2019-08-22 07:03:18,911 | INFO  | DNAudit | user=null | ip=null | op=WRITE_CHUNK {blockData=conID: 2 locID: 102659352018420121 bcsId: 0} | ret=SUCCESS |  
2019-08-22 07:03:18,918 | INFO  | DNAudit | user=null | ip=null | op=WRITE_CHUNK {blockData=conID: 2 locID: 102659352018420121 bcsId: 0} | ret=SUCCESS |  
2019-08-22 07:03:18,919 | INFO  | DNAudit | user=null | ip=null | op=PUT_BLOCK {blockData=[blockId=conID: 2 locID: 102659352018420121 bcsId: 0,size=1048576]} | ret=SUCCESS |  
2019-08-22 07:03:18,920 [grpc-default-executor-1] INFO  client.GrpcClientProtocolClient (GrpcClientProtocolClient.java:onNext(255)) - client-CF63D631FA17->3cf1264f-5f6b-4138-aeee-2ff7d4522ead: receive RaftClientReply:client-CF63D631FA17->3cf1264f-5f6b-4138-aeee-2ff7d4522ead@group-561E16522154, cid=656, SUCCESS, logIndex=800, commits[3cf1264f-5f6b-4138-aeee-2ff7d4522ead:c801, 4f0d1a15-8f14-4d9a-ad4f-8211e1245b5d:c799, 6999f20e-c3f7-4db4-87ca-141c476f2a88:c799]
2019-08-22 07:03:18,920 | INFO  | DNAudit | user=null | ip=null | op=WRITE_CHUNK {blockData=conID: 2 locID: 102659352018420121 bcsId: 0} | ret=SUCCESS |  
2019-08-22 07:03:18,920 [grpc-default-executor-1] INFO  client.GrpcClientProtocolClient (GrpcClientProtocolClient.java:onNext(255)) - client-CF63D631FA17->3cf1264f-5f6b-4138-aeee-2ff7d4522ead: receive RaftClientReply:client-CF63D631FA17->3cf1264f-5f6b-4138-aeee-2ff7d4522ead@group-561E16522154, cid=657, SUCCESS, logIndex=801, commits[3cf1264f-5f6b-4138-aeee-2ff7d4522ead:c803, 4f0d1a15-8f14-4d9a-ad4f-8211e1245b5d:c799, 6999f20e-c3f7-4db4-87ca-141c476f2a88:c799]
2019-08-22 07:03:18,921 | INFO  | DNAudit | user=null | ip=null | op=PUT_BLOCK {blockData=[blockId=conID: 2 locID: 102659352018420121 bcsId: 0,size=2097152]} | ret=SUCCESS |  
2019-08-22 07:03:18,921 [grpc-default-executor-1] INFO  client.GrpcClientProtocolClient (GrpcClientProtocolClient.java:onNext(255)) - client-CF63D631FA17->3cf1264f-5f6b-4138-aeee-2ff7d4522ead: receive RaftClientReply:client-CF63D631FA17->3cf1264f-5f6b-4138-aeee-2ff7d4522ead@group-561E16522154, cid=658, SUCCESS, logIndex=802, commits[3cf1264f-5f6b-4138-aeee-2ff7d4522ead:c803, 4f0d1a15-8f14-4d9a-ad4f-8211e1245b5d:c799, 6999f20e-c3f7-4db4-87ca-141c476f2a88:c799]
2019-08-22 07:03:18,922 | INFO  | DNAudit | user=null | ip=null | op=WRITE_CHUNK {blockData=conID: 2 locID: 102659352018420121 bcsId: 0} | ret=SUCCESS |  
2019-08-22 07:03:18,922 [grpc-default-executor-1] INFO  client.GrpcClientProtocolClient (GrpcClientProtocolClient.java:onNext(255)) - client-CF63D631FA17->3cf1264f-5f6b-4138-aeee-2ff7d4522ead: receive RaftClientReply:client-CF63D631FA17->3cf1264f-5f6b-4138-aeee-2ff7d4522ead@group-561E16522154, cid=659, SUCCESS, logIndex=803, commits[3cf1264f-5f6b-4138-aeee-2ff7d4522ead:c803, 4f0d1a15-8f14-4d9a-ad4f-8211e1245b5d:c799, 6999f20e-c3f7-4db4-87ca-141c476f2a88:c799]
2019-08-22 07:03:18,922 | INFO  | DNAudit | user=null | ip=null | op=WRITE_CHUNK {blockData=conID: 2 locID: 102659352018420121 bcsId: 0} | ret=SUCCESS |  
2019-08-22 07:03:18,922 | INFO  | DNAudit | user=null | ip=null | op=PUT_BLOCK {blockData=[blockId=conID: 2 locID: 102659352018420121 bcsId: 0,size=1048576]} | ret=SUCCESS |  
2019-08-22 07:03:18,935 | INFO  | DNAudit | user=null | ip=null | op=PUT_BLOCK {blockData=[blockId=conID: 2 locID: 102659352018420121 bcsId: 0,size=1048576]} | ret=SUCCESS |  
2019-08-22 07:03:18,935 | INFO  | DNAudit | user=null | ip=null | op=WRITE_CHUNK {blockData=conID: 2 locID: 102659352018420121 bcsId: 0} | ret=SUCCESS |  
2019-08-22 07:03:18,935 | INFO  | DNAudit | user=null | ip=null | op=WRITE_CHUNK {blockData=conID: 2 locID: 102659352018420121 bcsId: 0} | ret=SUCCESS |  
2019-08-22 07:03:18,936 | INFO  | DNAudit | user=null | ip=null | op=PUT_BLOCK {blockData=[blockId=conID: 2 locID: 102659352018420121 bcsId: 0,size=2097152]} | ret=SUCCESS |  
2019-08-22 07:03:18,936 | INFO  | DNAudit | user=null | ip=null | op=PUT_BLOCK {blockData=[blockId=conID: 2 locID: 102659352018420121 bcsId: 0,size=2097152]} | ret=SUCCESS |  
2019-08-22 07:03:18,936 [grpc-default-executor-3] INFO  client.GrpcClientProtocolClient (GrpcClientProtocolClient.java:onNext(255)) - client-CF63D631FA17->3cf1264f-5f6b-4138-aeee-2ff7d4522ead: receive RaftClientReply:client-CF63D631FA17->3cf1264f-5f6b-4138-aeee-2ff7d4522ead@group-561E16522154, cid=660, SUCCESS, logIndex=0, commits[3cf1264f-5f6b-4138-aeee-2ff7d4522ead:c804, 4f0d1a15-8f14-4d9a-ad4f-8211e1245b5d:c801, 6999f20e-c3f7-4db4-87ca-141c476f2a88:c801]
2019-08-22 07:03:18,946 | INFO  | DNAudit | user=null | ip=null | op=WRITE_CHUNK {blockData=conID: 2 locID: 102659352018420121 bcsId: 803} | ret=SUCCESS |  
2019-08-22 07:03:18,950 | INFO  | DNAudit | user=null | ip=null | op=WRITE_CHUNK {blockData=conID: 2 locID: 102659352018420121 bcsId: 803} | ret=SUCCESS |  
2019-08-22 07:03:18,951 | INFO  | DNAudit | user=null | ip=null | op=WRITE_CHUNK {blockData=conID: 2 locID: 102659352018420121 bcsId: 803} | ret=SUCCESS |  
2019-08-22 07:03:18,961 | INFO  | DNAudit | user=null | ip=null | op=WRITE_CHUNK {blockData=conID: 2 locID: 102659352018420121 bcsId: 803} | ret=SUCCESS |  
2019-08-22 07:03:18,962 | INFO  | DNAudit | user=null | ip=null | op=PUT_BLOCK {blockData=[blockId=conID: 2 locID: 102659352018420121 bcsId: 0,size=3145728]} | ret=SUCCESS |  
2019-08-22 07:03:18,962 [grpc-default-executor-3] INFO  client.GrpcClientProtocolClient (GrpcClientProtocolClient.java:onNext(255)) - client-CF63D631FA17->3cf1264f-5f6b-4138-aeee-2ff7d4522ead: receive RaftClientReply:client-CF63D631FA17->3cf1264f-5f6b-4138-aeee-2ff7d4522ead@group-561E16522154, cid=661, SUCCESS, logIndex=808, commits[3cf1264f-5f6b-4138-aeee-2ff7d4522ead:c809, 4f0d1a15-8f14-4d9a-ad4f-8211e1245b5d:c807, 6999f20e-c3f7-4db4-87ca-141c476f2a88:c807]
2019-08-22 07:03:18,963 [grpc-default-executor-3] INFO  client.GrpcClientProtocolClient (GrpcClientProtocolClient.java:onNext(255)) - client-CF63D631FA17->3cf1264f-5f6b-4138-aeee-2ff7d4522ead: receive RaftClientReply:client-CF63D631FA17->3cf1264f-5f6b-4138-aeee-2ff7d4522ead@group-561E16522154, cid=662, SUCCESS, logIndex=809, commits[3cf1264f-5f6b-4138-aeee-2ff7d4522ead:c809, 4f0d1a15-8f14-4d9a-ad4f-8211e1245b5d:c807, 6999f20e-c3f7-4db4-87ca-141c476f2a88:c807]
2019-08-22 07:03:18,973 | INFO  | DNAudit | user=null | ip=null | op=WRITE_CHUNK {blockData=conID: 2 locID: 102659352018420121 bcsId: 809} | ret=SUCCESS |  
2019-08-22 07:03:18,974 | INFO  | DNAudit | user=null | ip=null | op=WRITE_CHUNK {blockData=conID: 2 locID: 102659352018420121 bcsId: 803} | ret=SUCCESS |  
2019-08-22 07:03:18,975 | INFO  | DNAudit | user=null | ip=null | op=WRITE_CHUNK {blockData=conID: 2 locID: 102659352018420121 bcsId: 803} | ret=SUCCESS |  
2019-08-22 07:03:18,975 | INFO  | DNAudit | user=null | ip=null | op=PUT_BLOCK {blockData=[blockId=conID: 2 locID: 102659352018420121 bcsId: 0,size=3145728]} | ret=SUCCESS |  
2019-08-22 07:03:18,977 | INFO  | DNAudit | user=null | ip=null | op=WRITE_CHUNK {blockData=conID: 2 locID: 102659352018420121 bcsId: 809} | ret=SUCCESS |  
2019-08-22 07:03:18,978 | INFO  | DNAudit | user=null | ip=null | op=WRITE_CHUNK {blockData=conID: 2 locID: 102659352018420121 bcsId: 809} | ret=SUCCESS |  
2019-08-22 07:03:18,983 | INFO  | DNAudit | user=null | ip=null | op=PUT_BLOCK {blockData=[blockId=conID: 2 locID: 102659352018420121 bcsId: 0,size=3145728]} | ret=SUCCESS |  
2019-08-22 07:03:19,002 | INFO  | DNAudit | user=null | ip=null | op=WRITE_CHUNK {blockData=conID: 2 locID: 102659352018420121 bcsId: 809} | ret=SUCCESS |  
2019-08-22 07:03:19,003 | INFO  | DNAudit | user=null | ip=null | op=PUT_BLOCK {blockData=[blockId=conID: 2 locID: 102659352018420121 bcsId: 0,size=4194304]} | ret=SUCCESS |  
2019-08-22 07:03:19,003 [grpc-default-executor-3] INFO  client.GrpcClientProtocolClient (GrpcClientProtocolClient.java:onNext(255)) - client-CF63D631FA17->3cf1264f-5f6b-4138-aeee-2ff7d4522ead: receive RaftClientReply:client-CF63D631FA17->3cf1264f-5f6b-4138-aeee-2ff7d4522ead@group-561E16522154, cid=663, SUCCESS, logIndex=812, commits[3cf1264f-5f6b-4138-aeee-2ff7d4522ead:c813, 4f0d1a15-8f14-4d9a-ad4f-8211e1245b5d:c809, 6999f20e-c3f7-4db4-87ca-141c476f2a88:c809]
2019-08-22 07:03:19,003 [grpc-default-executor-3] INFO  client.GrpcClientProtocolClient (GrpcClientProtocolClient.java:onNext(255)) - client-CF63D631FA17->3cf1264f-5f6b-4138-aeee-2ff7d4522ead: receive RaftClientReply:client-CF63D631FA17->3cf1264f-5f6b-4138-aeee-2ff7d4522ead@group-561E16522154, cid=664, SUCCESS, logIndex=813, commits[3cf1264f-5f6b-4138-aeee-2ff7d4522ead:c813, 4f0d1a15-8f14-4d9a-ad4f-8211e1245b5d:c809, 6999f20e-c3f7-4db4-87ca-141c476f2a88:c809]
2019-08-22 07:03:19,014 | INFO  | DNAudit | user=null | ip=null | op=WRITE_CHUNK {blockData=conID: 2 locID: 102659352018420121 bcsId: 809} | ret=SUCCESS |  
2019-08-22 07:03:19,015 | INFO  | DNAudit | user=null | ip=null | op=WRITE_CHUNK {blockData=conID: 2 locID: 102659352018420121 bcsId: 809} | ret=SUCCESS |  
2019-08-22 07:03:19,027 | INFO  | DNAudit | user=null | ip=null | op=PUT_BLOCK {blockData=[blockId=conID: 2 locID: 102659352018420121 bcsId: 0,size=4194304]} | ret=SUCCESS |  
2019-08-22 07:03:19,028 | INFO  | DNAudit | user=null | ip=null | op=PUT_BLOCK {blockData=[blockId=conID: 2 locID: 102659352018420121 bcsId: 0,size=4194304]} | ret=SUCCESS |  
2019-08-22 07:03:19,029 [grpc-default-executor-3] INFO  client.GrpcClientProtocolClient (GrpcClientProtocolClient.java:onNext(255)) - client-CF63D631FA17->3cf1264f-5f6b-4138-aeee-2ff7d4522ead: receive RaftClientReply:client-CF63D631FA17->3cf1264f-5f6b-4138-aeee-2ff7d4522ead@group-561E16522154, cid=665, SUCCESS, logIndex=0, commits[3cf1264f-5f6b-4138-aeee-2ff7d4522ead:c815, 4f0d1a15-8f14-4d9a-ad4f-8211e1245b5d:c813, 6999f20e-c3f7-4db4-87ca-141c476f2a88:c813]
2019-08-22 07:03:19,039 | INFO  | DNAudit | user=null | ip=null | op=WRITE_CHUNK {blockData=conID: 3 locID: 102659352018420122 bcsId: 0} | ret=SUCCESS |  
2019-08-22 07:03:19,045 | INFO  | DNAudit | user=null | ip=null | op=WRITE_CHUNK {blockData=conID: 3 locID: 102659352018420122 bcsId: 0} | ret=SUCCESS |  
2019-08-22 07:03:19,046 | INFO  | DNAudit | user=null | ip=null | op=WRITE_CHUNK {blockData=conID: 3 locID: 102659352018420122 bcsId: 0} | ret=SUCCESS |  
2019-08-22 07:03:19,046 | INFO  | DNAudit | user=null | ip=null | op=WRITE_CHUNK {blockData=conID: 3 locID: 102659352018420122 bcsId: 0} | ret=SUCCESS |  
2019-08-22 07:03:19,048 | INFO  | DNAudit | user=null | ip=null | op=WRITE_CHUNK {blockData=conID: 3 locID: 102659352018420122 bcsId: 0} | ret=SUCCESS |  
2019-08-22 07:03:19,048 | INFO  | DNAudit | user=null | ip=null | op=WRITE_CHUNK {blockData=conID: 3 locID: 102659352018420122 bcsId: 0} | ret=SUCCESS |  
2019-08-22 07:03:19,054 | INFO  | DNAudit | user=null | ip=null | op=WRITE_CHUNK {blockData=conID: 3 locID: 102659352018420122 bcsId: 0} | ret=SUCCESS |  
2019-08-22 07:03:19,055 | INFO  | DNAudit | user=null | ip=null | op=PUT_BLOCK {blockData=[blockId=conID: 3 locID: 102659352018420122 bcsId: 0,size=1048576]} | ret=SUCCESS |  
2019-08-22 07:03:19,055 [grpc-default-executor-1] INFO  client.GrpcClientProtocolClient (GrpcClientProtocolClient.java:onNext(255)) - client-CF63D631FA17->3cf1264f-5f6b-4138-aeee-2ff7d4522ead: receive RaftClientReply:client-CF63D631FA17->3cf1264f-5f6b-4138-aeee-2ff7d4522ead@group-561E16522154, cid=666, SUCCESS, logIndex=816, commits[3cf1264f-5f6b-4138-aeee-2ff7d4522ead:c816, 4f0d1a15-8f14-4d9a-ad4f-8211e1245b5d:c815, 6999f20e-c3f7-4db4-87ca-141c476f2a88:c815]
2019-08-22 07:03:19,056 [grpc-default-executor-1] INFO  client.GrpcClientProtocolClient (GrpcClientProtocolClient.java:onNext(255)) - client-CF63D631FA17->3cf1264f-5f6b-4138-aeee-2ff7d4522ead: receive RaftClientReply:client-CF63D631FA17->3cf1264f-5f6b-4138-aeee-2ff7d4522ead@group-561E16522154, cid=667, SUCCESS, logIndex=817, commits[3cf1264f-5f6b-4138-aeee-2ff7d4522ead:c817, 4f0d1a15-8f14-4d9a-ad4f-8211e1245b5d:c815, 6999f20e-c3f7-4db4-87ca-141c476f2a88:c815]
2019-08-22 07:03:19,063 | INFO  | DNAudit | user=null | ip=null | op=WRITE_CHUNK {blockData=conID: 3 locID: 102659352018420122 bcsId: 0} | ret=SUCCESS |  
2019-08-22 07:03:19,064 | INFO  | DNAudit | user=null | ip=null | op=PUT_BLOCK {blockData=[blockId=conID: 3 locID: 102659352018420122 bcsId: 0,size=2097152]} | ret=SUCCESS |  
2019-08-22 07:03:19,064 [grpc-default-executor-1] INFO  client.GrpcClientProtocolClient (GrpcClientProtocolClient.java:onNext(255)) - client-CF63D631FA17->3cf1264f-5f6b-4138-aeee-2ff7d4522ead: receive RaftClientReply:client-CF63D631FA17->3cf1264f-5f6b-4138-aeee-2ff7d4522ead@group-561E16522154, cid=668, SUCCESS, logIndex=818, commits[3cf1264f-5f6b-4138-aeee-2ff7d4522ead:c819, 4f0d1a15-8f14-4d9a-ad4f-8211e1245b5d:c815, 6999f20e-c3f7-4db4-87ca-141c476f2a88:c815]
2019-08-22 07:03:19,064 [grpc-default-executor-1] INFO  client.GrpcClientProtocolClient (GrpcClientProtocolClient.java:onNext(255)) - client-CF63D631FA17->3cf1264f-5f6b-4138-aeee-2ff7d4522ead: receive RaftClientReply:client-CF63D631FA17->3cf1264f-5f6b-4138-aeee-2ff7d4522ead@group-561E16522154, cid=669, SUCCESS, logIndex=819, commits[3cf1264f-5f6b-4138-aeee-2ff7d4522ead:c819, 4f0d1a15-8f14-4d9a-ad4f-8211e1245b5d:c815, 6999f20e-c3f7-4db4-87ca-141c476f2a88:c815]
2019-08-22 07:03:19,066 | INFO  | DNAudit | user=null | ip=null | op=WRITE_CHUNK {blockData=conID: 3 locID: 102659352018420122 bcsId: 0} | ret=SUCCESS |  
2019-08-22 07:03:19,066 | INFO  | DNAudit | user=null | ip=null | op=WRITE_CHUNK {blockData=conID: 3 locID: 102659352018420122 bcsId: 0} | ret=SUCCESS |  
2019-08-22 07:03:19,067 | INFO  | DNAudit | user=null | ip=null | op=PUT_BLOCK {blockData=[blockId=conID: 3 locID: 102659352018420122 bcsId: 0,size=1048576]} | ret=SUCCESS |  
2019-08-22 07:03:19,067 | INFO  | DNAudit | user=null | ip=null | op=PUT_BLOCK {blockData=[blockId=conID: 3 locID: 102659352018420122 bcsId: 0,size=1048576]} | ret=SUCCESS |  
2019-08-22 07:03:19,068 [grpc-default-executor-1] INFO  client.GrpcClientProtocolClient (GrpcClientProtocolClient.java:onNext(255)) - client-CF63D631FA17->3cf1264f-5f6b-4138-aeee-2ff7d4522ead: receive RaftClientReply:client-CF63D631FA17->3cf1264f-5f6b-4138-aeee-2ff7d4522ead@group-561E16522154, cid=670, SUCCESS, logIndex=0, commits[3cf1264f-5f6b-4138-aeee-2ff7d4522ead:c821, 4f0d1a15-8f14-4d9a-ad4f-8211e1245b5d:c817, 6999f20e-c3f7-4db4-87ca-141c476f2a88:c817]
2019-08-22 07:03:19,078 | INFO  | DNAudit | user=null | ip=null | op=WRITE_CHUNK {blockData=conID: 3 locID: 102659352018420122 bcsId: 819} | ret=SUCCESS |  
2019-08-22 07:03:19,081 | INFO  | DNAudit | user=null | ip=null | op=WRITE_CHUNK {blockData=conID: 3 locID: 102659352018420122 bcsId: 819} | ret=SUCCESS |  
2019-08-22 07:03:19,081 | INFO  | DNAudit | user=null | ip=null | op=WRITE_CHUNK {blockData=conID: 3 locID: 102659352018420122 bcsId: 819} | ret=SUCCESS |  
2019-08-22 07:03:19,091 | INFO  | DNAudit | user=null | ip=null | op=WRITE_CHUNK {blockData=conID: 3 locID: 102659352018420122 bcsId: 0} | ret=SUCCESS |  
2019-08-22 07:03:19,091 | INFO  | DNAudit | user=null | ip=null | op=PUT_BLOCK {blockData=[blockId=conID: 3 locID: 102659352018420122 bcsId: 0,size=2097152]} | ret=SUCCESS |  
2019-08-22 07:03:19,091 | INFO  | DNAudit | user=null | ip=null | op=WRITE_CHUNK {blockData=conID: 3 locID: 102659352018420122 bcsId: 819} | ret=SUCCESS |  
2019-08-22 07:03:19,091 | INFO  | DNAudit | user=null | ip=null | op=WRITE_CHUNK {blockData=conID: 3 locID: 102659352018420122 bcsId: 0} | ret=SUCCESS |  
2019-08-22 07:03:19,092 | INFO  | DNAudit | user=null | ip=null | op=PUT_BLOCK {blockData=[blockId=conID: 3 locID: 102659352018420122 bcsId: 0,size=2097152]} | ret=SUCCESS |  
2019-08-22 07:03:19,092 | INFO  | DNAudit | user=null | ip=null | op=PUT_BLOCK {blockData=[blockId=conID: 3 locID: 102659352018420122 bcsId: 0,size=3145728]} | ret=SUCCESS |  
2019-08-22 07:03:19,092 [grpc-default-executor-0] INFO  client.GrpcClientProtocolClient (GrpcClientProtocolClient.java:onNext(255)) - client-CF63D631FA17->3cf1264f-5f6b-4138-aeee-2ff7d4522ead: receive RaftClientReply:client-CF63D631FA17->3cf1264f-5f6b-4138-aeee-2ff7d4522ead@group-561E16522154, cid=671, SUCCESS, logIndex=823, commits[3cf1264f-5f6b-4138-aeee-2ff7d4522ead:c824, 4f0d1a15-8f14-4d9a-ad4f-8211e1245b5d:c822, 6999f20e-c3f7-4db4-87ca-141c476f2a88:c817]
2019-08-22 07:03:19,093 [grpc-default-executor-0] INFO  client.GrpcClientProtocolClient (GrpcClientProtocolClient.java:onNext(255)) - client-CF63D631FA17->3cf1264f-5f6b-4138-aeee-2ff7d4522ead: receive RaftClientReply:client-CF63D631FA17->3cf1264f-5f6b-4138-aeee-2ff7d4522ead@group-561E16522154, cid=672, SUCCESS, logIndex=824, commits[3cf1264f-5f6b-4138-aeee-2ff7d4522ead:c824, 4f0d1a15-8f14-4d9a-ad4f-8211e1245b5d:c822, 6999f20e-c3f7-4db4-87ca-141c476f2a88:c822]
2019-08-22 07:03:19,094 | INFO  | DNAudit | user=null | ip=null | op=WRITE_CHUNK {blockData=conID: 3 locID: 102659352018420122 bcsId: 819} | ret=SUCCESS |  
2019-08-22 07:03:19,095 | INFO  | DNAudit | user=null | ip=null | op=WRITE_CHUNK {blockData=conID: 3 locID: 102659352018420122 bcsId: 819} | ret=SUCCESS |  
2019-08-22 07:03:19,096 | INFO  | DNAudit | user=null | ip=null | op=PUT_BLOCK {blockData=[blockId=conID: 3 locID: 102659352018420122 bcsId: 0,size=3145728]} | ret=SUCCESS |  
2019-08-22 07:03:19,097 | INFO  | DNAudit | user=null | ip=null | op=PUT_BLOCK {blockData=[blockId=conID: 3 locID: 102659352018420122 bcsId: 0,size=3145728]} | ret=SUCCESS |  
2019-08-22 07:03:19,102 | INFO  | DNAudit | user=null | ip=null | op=WRITE_CHUNK {blockData=conID: 3 locID: 102659352018420122 bcsId: 824} | ret=SUCCESS |  
2019-08-22 07:03:19,106 | INFO  | DNAudit | user=null | ip=null | op=WRITE_CHUNK {blockData=conID: 3 locID: 102659352018420122 bcsId: 824} | ret=SUCCESS |  
2019-08-22 07:03:19,106 | INFO  | DNAudit | user=null | ip=null | op=WRITE_CHUNK {blockData=conID: 3 locID: 102659352018420122 bcsId: 824} | ret=SUCCESS |  
2019-08-22 07:03:19,112 | INFO  | SCMAudit | user=jenkins1000 | ip=192.168.34.31 | op=SEND_HEARTBEAT {datanodeUUID=f789f48f-f3d7-45ec-9bba-6a89e2bdcc9c, command=[]} | ret=SUCCESS |  
2019-08-22 07:03:19,138 | INFO  | DNAudit | user=null | ip=null | op=WRITE_CHUNK {blockData=conID: 3 locID: 102659352018420122 bcsId: 824} | ret=SUCCESS |  
2019-08-22 07:03:19,138 | INFO  | DNAudit | user=null | ip=null | op=PUT_BLOCK {blockData=[blockId=conID: 3 locID: 102659352018420122 bcsId: 0,size=4194304]} | ret=SUCCESS |  
2019-08-22 07:03:19,139 [grpc-default-executor-0] INFO  client.GrpcClientProtocolClient (GrpcClientProtocolClient.java:onNext(255)) - client-CF63D631FA17->3cf1264f-5f6b-4138-aeee-2ff7d4522ead: receive RaftClientReply:client-CF63D631FA17->3cf1264f-5f6b-4138-aeee-2ff7d4522ead@group-561E16522154, cid=673, SUCCESS, logIndex=827, commits[3cf1264f-5f6b-4138-aeee-2ff7d4522ead:c828, 4f0d1a15-8f14-4d9a-ad4f-8211e1245b5d:c826, 6999f20e-c3f7-4db4-87ca-141c476f2a88:c826]
2019-08-22 07:03:19,139 [grpc-default-executor-0] INFO  client.GrpcClientProtocolClient (GrpcClientProtocolClient.java:onNext(255)) - client-CF63D631FA17->3cf1264f-5f6b-4138-aeee-2ff7d4522ead: receive RaftClientReply:client-CF63D631FA17->3cf1264f-5f6b-4138-aeee-2ff7d4522ead@group-561E16522154, cid=674, SUCCESS, logIndex=828, commits[3cf1264f-5f6b-4138-aeee-2ff7d4522ead:c828, 4f0d1a15-8f14-4d9a-ad4f-8211e1245b5d:c826, 6999f20e-c3f7-4db4-87ca-141c476f2a88:c826]
2019-08-22 07:03:19,149 | INFO  | DNAudit | user=null | ip=null | op=WRITE_CHUNK {blockData=conID: 3 locID: 102659352018420122 bcsId: 824} | ret=SUCCESS |  
2019-08-22 07:03:19,149 | INFO  | DNAudit | user=null | ip=null | op=WRITE_CHUNK {blockData=conID: 3 locID: 102659352018420122 bcsId: 824} | ret=SUCCESS |  
2019-08-22 07:03:19,150 | INFO  | DNAudit | user=null | ip=null | op=PUT_BLOCK {blockData=[blockId=conID: 3 locID: 102659352018420122 bcsId: 0,size=4194304]} | ret=SUCCESS |  
2019-08-22 07:03:19,150 | INFO  | DNAudit | user=null | ip=null | op=PUT_BLOCK {blockData=[blockId=conID: 3 locID: 102659352018420122 bcsId: 0,size=4194304]} | ret=SUCCESS |  
2019-08-22 07:03:19,150 [grpc-default-executor-1] INFO  client.GrpcClientProtocolClient (GrpcClientProtocolClient.java:onNext(255)) - client-CF63D631FA17->3cf1264f-5f6b-4138-aeee-2ff7d4522ead: receive RaftClientReply:client-CF63D631FA17->3cf1264f-5f6b-4138-aeee-2ff7d4522ead@group-561E16522154, cid=675, SUCCESS, logIndex=0, commits[3cf1264f-5f6b-4138-aeee-2ff7d4522ead:c828, 4f0d1a15-8f14-4d9a-ad4f-8211e1245b5d:c828, 6999f20e-c3f7-4db4-87ca-141c476f2a88:c828]
2019-08-22 07:03:19,161 | INFO  | DNAudit | user=null | ip=null | op=WRITE_CHUNK {blockData=conID: 1 locID: 102659352018420123 bcsId: 0} | ret=SUCCESS |  
2019-08-22 07:03:19,167 | INFO  | DNAudit | user=null | ip=null | op=WRITE_CHUNK {blockData=conID: 1 locID: 102659352018420123 bcsId: 0} | ret=SUCCESS |  
2019-08-22 07:03:19,169 | INFO  | DNAudit | user=null | ip=null | op=WRITE_CHUNK {blockData=conID: 1 locID: 102659352018420123 bcsId: 0} | ret=SUCCESS |  
2019-08-22 07:03:19,170 | INFO  | DNAudit | user=null | ip=null | op=WRITE_CHUNK {blockData=conID: 1 locID: 102659352018420123 bcsId: 0} | ret=SUCCESS |  
2019-08-22 07:03:19,173 | INFO  | DNAudit | user=null | ip=null | op=WRITE_CHUNK {blockData=conID: 1 locID: 102659352018420123 bcsId: 0} | ret=SUCCESS |  
2019-08-22 07:03:19,175 | INFO  | DNAudit | user=null | ip=null | op=WRITE_CHUNK {blockData=conID: 1 locID: 102659352018420123 bcsId: 0} | ret=SUCCESS |  
2019-08-22 07:03:19,175 | INFO  | DNAudit | user=null | ip=null | op=PUT_BLOCK {blockData=[blockId=conID: 1 locID: 102659352018420123 bcsId: 0,size=1048576]} | ret=SUCCESS |  
2019-08-22 07:03:19,176 | INFO  | DNAudit | user=null | ip=null | op=WRITE_CHUNK {blockData=conID: 1 locID: 102659352018420123 bcsId: 0} | ret=SUCCESS |  
2019-08-22 07:03:19,176 [grpc-default-executor-3] INFO  client.GrpcClientProtocolClient (GrpcClientProtocolClient.java:onNext(255)) - client-CF63D631FA17->3cf1264f-5f6b-4138-aeee-2ff7d4522ead: receive RaftClientReply:client-CF63D631FA17->3cf1264f-5f6b-4138-aeee-2ff7d4522ead@group-561E16522154, cid=676, SUCCESS, logIndex=831, commits[3cf1264f-5f6b-4138-aeee-2ff7d4522ead:c832, 4f0d1a15-8f14-4d9a-ad4f-8211e1245b5d:c830, 6999f20e-c3f7-4db4-87ca-141c476f2a88:c830]
2019-08-22 07:03:19,177 [grpc-default-executor-3] INFO  client.GrpcClientProtocolClient (GrpcClientProtocolClient.java:onNext(255)) - client-CF63D631FA17->3cf1264f-5f6b-4138-aeee-2ff7d4522ead: receive RaftClientReply:client-CF63D631FA17->3cf1264f-5f6b-4138-aeee-2ff7d4522ead@group-561E16522154, cid=677, SUCCESS, logIndex=832, commits[3cf1264f-5f6b-4138-aeee-2ff7d4522ead:c832, 4f0d1a15-8f14-4d9a-ad4f-8211e1245b5d:c830, 6999f20e-c3f7-4db4-87ca-141c476f2a88:c830]
2019-08-22 07:03:19,186 | INFO  | DNAudit | user=null | ip=null | op=WRITE_CHUNK {blockData=conID: 1 locID: 102659352018420123 bcsId: 0} | ret=SUCCESS |  
2019-08-22 07:03:19,186 | INFO  | DNAudit | user=null | ip=null | op=WRITE_CHUNK {blockData=conID: 1 locID: 102659352018420123 bcsId: 0} | ret=SUCCESS |  
2019-08-22 07:03:19,187 | INFO  | DNAudit | user=null | ip=null | op=PUT_BLOCK {blockData=[blockId=conID: 1 locID: 102659352018420123 bcsId: 0,size=2097152]} | ret=SUCCESS |  
2019-08-22 07:03:19,187 | INFO  | DNAudit | user=null | ip=null | op=WRITE_CHUNK {blockData=conID: 1 locID: 102659352018420123 bcsId: 0} | ret=SUCCESS |  
2019-08-22 07:03:19,187 | INFO  | DNAudit | user=null | ip=null | op=PUT_BLOCK {blockData=[blockId=conID: 1 locID: 102659352018420123 bcsId: 0,size=1048576]} | ret=SUCCESS |  
2019-08-22 07:03:19,187 | INFO  | DNAudit | user=null | ip=null | op=PUT_BLOCK {blockData=[blockId=conID: 1 locID: 102659352018420123 bcsId: 0,size=1048576]} | ret=SUCCESS |  
2019-08-22 07:03:19,187 [grpc-default-executor-3] INFO  client.GrpcClientProtocolClient (GrpcClientProtocolClient.java:onNext(255)) - client-CF63D631FA17->3cf1264f-5f6b-4138-aeee-2ff7d4522ead: receive RaftClientReply:client-CF63D631FA17->3cf1264f-5f6b-4138-aeee-2ff7d4522ead@group-561E16522154, cid=678, SUCCESS, logIndex=833, commits[3cf1264f-5f6b-4138-aeee-2ff7d4522ead:c834, 4f0d1a15-8f14-4d9a-ad4f-8211e1245b5d:c830, 6999f20e-c3f7-4db4-87ca-141c476f2a88:c830]
2019-08-22 07:03:19,188 [grpc-default-executor-3] INFO  client.GrpcClientProtocolClient (GrpcClientProtocolClient.java:onNext(255)) - client-CF63D631FA17->3cf1264f-5f6b-4138-aeee-2ff7d4522ead: receive RaftClientReply:client-CF63D631FA17->3cf1264f-5f6b-4138-aeee-2ff7d4522ead@group-561E16522154, cid=679, SUCCESS, logIndex=834, commits[3cf1264f-5f6b-4138-aeee-2ff7d4522ead:c834, 4f0d1a15-8f14-4d9a-ad4f-8211e1245b5d:c830, 6999f20e-c3f7-4db4-87ca-141c476f2a88:c830]
2019-08-22 07:03:19,190 [grpc-default-executor-3] INFO  client.GrpcClientProtocolClient (GrpcClientProtocolClient.java:onNext(255)) - client-CF63D631FA17->3cf1264f-5f6b-4138-aeee-2ff7d4522ead: receive RaftClientReply:client-CF63D631FA17->3cf1264f-5f6b-4138-aeee-2ff7d4522ead@group-561E16522154, cid=680, SUCCESS, logIndex=0, commits[3cf1264f-5f6b-4138-aeee-2ff7d4522ead:c836, 4f0d1a15-8f14-4d9a-ad4f-8211e1245b5d:c832, 6999f20e-c3f7-4db4-87ca-141c476f2a88:c832]
2019-08-22 07:03:19,200 | INFO  | DNAudit | user=null | ip=null | op=WRITE_CHUNK {blockData=conID: 1 locID: 102659352018420123 bcsId: 0} | ret=SUCCESS |  
2019-08-22 07:03:19,200 | INFO  | DNAudit | user=null | ip=null | op=WRITE_CHUNK {blockData=conID: 1 locID: 102659352018420123 bcsId: 0} | ret=SUCCESS |  
2019-08-22 07:03:19,200 | INFO  | DNAudit | user=null | ip=null | op=WRITE_CHUNK {blockData=conID: 1 locID: 102659352018420123 bcsId: 834} | ret=SUCCESS |  
2019-08-22 07:03:19,201 | INFO  | DNAudit | user=null | ip=null | op=PUT_BLOCK {blockData=[blockId=conID: 1 locID: 102659352018420123 bcsId: 0,size=2097152]} | ret=SUCCESS |  
2019-08-22 07:03:19,201 | INFO  | DNAudit | user=null | ip=null | op=PUT_BLOCK {blockData=[blockId=conID: 1 locID: 102659352018420123 bcsId: 0,size=2097152]} | ret=SUCCESS |  
2019-08-22 07:03:19,205 | INFO  | DNAudit | user=null | ip=null | op=WRITE_CHUNK {blockData=conID: 1 locID: 102659352018420123 bcsId: 834} | ret=SUCCESS |  
2019-08-22 07:03:19,205 | INFO  | DNAudit | user=null | ip=null | op=WRITE_CHUNK {blockData=conID: 1 locID: 102659352018420123 bcsId: 834} | ret=SUCCESS |  
2019-08-22 07:03:19,215 | INFO  | DNAudit | user=null | ip=null | op=WRITE_CHUNK {blockData=conID: 1 locID: 102659352018420123 bcsId: 834} | ret=SUCCESS |  
2019-08-22 07:03:19,216 | INFO  | DNAudit | user=null | ip=null | op=PUT_BLOCK {blockData=[blockId=conID: 1 locID: 102659352018420123 bcsId: 0,size=3145728]} | ret=SUCCESS |  
2019-08-22 07:03:19,216 [grpc-default-executor-1] INFO  client.GrpcClientProtocolClient (GrpcClientProtocolClient.java:onNext(255)) - client-CF63D631FA17->3cf1264f-5f6b-4138-aeee-2ff7d4522ead: receive RaftClientReply:client-CF63D631FA17->3cf1264f-5f6b-4138-aeee-2ff7d4522ead@group-561E16522154, cid=681, SUCCESS, logIndex=839, commits[3cf1264f-5f6b-4138-aeee-2ff7d4522ead:c840, 4f0d1a15-8f14-4d9a-ad4f-8211e1245b5d:c836, 6999f20e-c3f7-4db4-87ca-141c476f2a88:c836]
2019-08-22 07:03:19,217 [grpc-default-executor-1] INFO  client.GrpcClientProtocolClient (GrpcClientProtocolClient.java:onNext(255)) - client-CF63D631FA17->3cf1264f-5f6b-4138-aeee-2ff7d4522ead: receive RaftClientReply:client-CF63D631FA17->3cf1264f-5f6b-4138-aeee-2ff7d4522ead@group-561E16522154, cid=682, SUCCESS, logIndex=840, commits[3cf1264f-5f6b-4138-aeee-2ff7d4522ead:c840, 4f0d1a15-8f14-4d9a-ad4f-8211e1245b5d:c836, 6999f20e-c3f7-4db4-87ca-141c476f2a88:c836]
2019-08-22 07:03:19,226 | INFO  | DNAudit | user=null | ip=null | op=WRITE_CHUNK {blockData=conID: 1 locID: 102659352018420123 bcsId: 840} | ret=SUCCESS |  
2019-08-22 07:03:19,228 | INFO  | DNAudit | user=null | ip=null | op=WRITE_CHUNK {blockData=conID: 1 locID: 102659352018420123 bcsId: 834} | ret=SUCCESS |  
2019-08-22 07:03:19,229 | INFO  | DNAudit | user=null | ip=null | op=WRITE_CHUNK {blockData=conID: 1 locID: 102659352018420123 bcsId: 834} | ret=SUCCESS |  
2019-08-22 07:03:19,229 | INFO  | DNAudit | user=null | ip=null | op=PUT_BLOCK {blockData=[blockId=conID: 1 locID: 102659352018420123 bcsId: 0,size=3145728]} | ret=SUCCESS |  
2019-08-22 07:03:19,229 | INFO  | DNAudit | user=null | ip=null | op=PUT_BLOCK {blockData=[blockId=conID: 1 locID: 102659352018420123 bcsId: 0,size=3145728]} | ret=SUCCESS |  
2019-08-22 07:03:19,231 | INFO  | DNAudit | user=null | ip=null | op=WRITE_CHUNK {blockData=conID: 1 locID: 102659352018420123 bcsId: 840} | ret=SUCCESS |  
2019-08-22 07:03:19,231 | INFO  | DNAudit | user=null | ip=null | op=WRITE_CHUNK {blockData=conID: 1 locID: 102659352018420123 bcsId: 840} | ret=SUCCESS |  
2019-08-22 07:03:19,241 | INFO  | DNAudit | user=null | ip=null | op=WRITE_CHUNK {blockData=conID: 1 locID: 102659352018420123 bcsId: 840} | ret=SUCCESS |  
2019-08-22 07:03:19,241 | INFO  | DNAudit | user=null | ip=null | op=PUT_BLOCK {blockData=[blockId=conID: 1 locID: 102659352018420123 bcsId: 0,size=4194304]} | ret=SUCCESS |  
2019-08-22 07:03:19,242 [grpc-default-executor-1] INFO  client.GrpcClientProtocolClient (GrpcClientProtocolClient.java:onNext(255)) - client-CF63D631FA17->3cf1264f-5f6b-4138-aeee-2ff7d4522ead: receive RaftClientReply:client-CF63D631FA17->3cf1264f-5f6b-4138-aeee-2ff7d4522ead@group-561E16522154, cid=683, SUCCESS, logIndex=843, commits[3cf1264f-5f6b-4138-aeee-2ff7d4522ead:c844, 4f0d1a15-8f14-4d9a-ad4f-8211e1245b5d:c840, 6999f20e-c3f7-4db4-87ca-141c476f2a88:c840]
2019-08-22 07:03:19,242 [grpc-default-executor-1] INFO  client.GrpcClientProtocolClient (GrpcClientProtocolClient.java:onNext(255)) - client-CF63D631FA17->3cf1264f-5f6b-4138-aeee-2ff7d4522ead: receive RaftClientReply:client-CF63D631FA17->3cf1264f-5f6b-4138-aeee-2ff7d4522ead@group-561E16522154, cid=684, SUCCESS, logIndex=844, commits[3cf1264f-5f6b-4138-aeee-2ff7d4522ead:c844, 4f0d1a15-8f14-4d9a-ad4f-8211e1245b5d:c840, 6999f20e-c3f7-4db4-87ca-141c476f2a88:c840]
2019-08-22 07:03:19,253 | INFO  | DNAudit | user=null | ip=null | op=WRITE_CHUNK {blockData=conID: 1 locID: 102659352018420123 bcsId: 840} | ret=SUCCESS |  
2019-08-22 07:03:19,254 | INFO  | DNAudit | user=null | ip=null | op=WRITE_CHUNK {blockData=conID: 1 locID: 102659352018420123 bcsId: 840} | ret=SUCCESS |  
2019-08-22 07:03:19,254 | INFO  | DNAudit | user=null | ip=null | op=PUT_BLOCK {blockData=[blockId=conID: 1 locID: 102659352018420123 bcsId: 0,size=4194304]} | ret=SUCCESS |  
2019-08-22 07:03:19,254 | INFO  | DNAudit | user=null | ip=null | op=PUT_BLOCK {blockData=[blockId=conID: 1 locID: 102659352018420123 bcsId: 0,size=4194304]} | ret=SUCCESS |  
2019-08-22 07:03:19,256 [grpc-default-executor-1] INFO  client.GrpcClientProtocolClient (GrpcClientProtocolClient.java:onNext(255)) - client-CF63D631FA17->3cf1264f-5f6b-4138-aeee-2ff7d4522ead: receive RaftClientReply:client-CF63D631FA17->3cf1264f-5f6b-4138-aeee-2ff7d4522ead@group-561E16522154, cid=685, SUCCESS, logIndex=0, commits[3cf1264f-5f6b-4138-aeee-2ff7d4522ead:c845, 4f0d1a15-8f14-4d9a-ad4f-8211e1245b5d:c844, 6999f20e-c3f7-4db4-87ca-141c476f2a88:c844]
2019-08-22 07:03:19,268 | INFO  | DNAudit | user=null | ip=null | op=WRITE_CHUNK {blockData=conID: 2 locID: 102659352018485660 bcsId: 0} | ret=SUCCESS |  
2019-08-22 07:03:19,272 | INFO  | DNAudit | user=null | ip=null | op=WRITE_CHUNK {blockData=conID: 2 locID: 102659352018485660 bcsId: 0} | ret=SUCCESS |  
2019-08-22 07:03:19,272 | INFO  | DNAudit | user=null | ip=null | op=WRITE_CHUNK {blockData=conID: 2 locID: 102659352018485660 bcsId: 0} | ret=SUCCESS |  
2019-08-22 07:03:19,272 | INFO  | DNAudit | user=null | ip=null | op=WRITE_CHUNK {blockData=conID: 2 locID: 102659352018485660 bcsId: 0} | ret=SUCCESS |  
2019-08-22 07:03:19,274 | INFO  | DNAudit | user=null | ip=null | op=WRITE_CHUNK {blockData=conID: 2 locID: 102659352018485660 bcsId: 0} | ret=SUCCESS |  
2019-08-22 07:03:19,274 | INFO  | DNAudit | user=null | ip=null | op=WRITE_CHUNK {blockData=conID: 2 locID: 102659352018485660 bcsId: 0} | ret=SUCCESS |  
2019-08-22 07:03:19,282 | INFO  | DNAudit | user=null | ip=null | op=WRITE_CHUNK {blockData=conID: 2 locID: 102659352018485660 bcsId: 0} | ret=SUCCESS |  
2019-08-22 07:03:19,283 | INFO  | DNAudit | user=null | ip=null | op=PUT_BLOCK {blockData=[blockId=conID: 2 locID: 102659352018485660 bcsId: 0,size=1048576]} | ret=SUCCESS |  
2019-08-22 07:03:19,283 [grpc-default-executor-3] INFO  client.GrpcClientProtocolClient (GrpcClientProtocolClient.java:onNext(255)) - client-CF63D631FA17->3cf1264f-5f6b-4138-aeee-2ff7d4522ead: receive RaftClientReply:client-CF63D631FA17->3cf1264f-5f6b-4138-aeee-2ff7d4522ead@group-561E16522154, cid=686, SUCCESS, logIndex=847, commits[3cf1264f-5f6b-4138-aeee-2ff7d4522ead:c848, 4f0d1a15-8f14-4d9a-ad4f-8211e1245b5d:c845, 6999f20e-c3f7-4db4-87ca-141c476f2a88:c846]
2019-08-22 07:03:19,284 [grpc-default-executor-3] INFO  client.GrpcClientProtocolClient (GrpcClientProtocolClient.java:onNext(255)) - client-CF63D631FA17->3cf1264f-5f6b-4138-aeee-2ff7d4522ead: receive RaftClientReply:client-CF63D631FA17->3cf1264f-5f6b-4138-aeee-2ff7d4522ead@group-561E16522154, cid=687, SUCCESS, logIndex=848, commits[3cf1264f-5f6b-4138-aeee-2ff7d4522ead:c848, 4f0d1a15-8f14-4d9a-ad4f-8211e1245b5d:c846, 6999f20e-c3f7-4db4-87ca-141c476f2a88:c846]
2019-08-22 07:03:19,292 | INFO  | DNAudit | user=null | ip=null | op=WRITE_CHUNK {blockData=conID: 2 locID: 102659352018485660 bcsId: 0} | ret=SUCCESS |  
2019-08-22 07:03:19,292 | INFO  | DNAudit | user=null | ip=null | op=PUT_BLOCK {blockData=[blockId=conID: 2 locID: 102659352018485660 bcsId: 0,size=2097152]} | ret=SUCCESS |  
2019-08-22 07:03:19,293 [grpc-default-executor-3] INFO  client.GrpcClientProtocolClient (GrpcClientProtocolClient.java:onNext(255)) - client-CF63D631FA17->3cf1264f-5f6b-4138-aeee-2ff7d4522ead: receive RaftClientReply:client-CF63D631FA17->3cf1264f-5f6b-4138-aeee-2ff7d4522ead@group-561E16522154, cid=688, SUCCESS, logIndex=849, commits[3cf1264f-5f6b-4138-aeee-2ff7d4522ead:c850, 4f0d1a15-8f14-4d9a-ad4f-8211e1245b5d:c846, 6999f20e-c3f7-4db4-87ca-141c476f2a88:c846]
2019-08-22 07:03:19,293 [grpc-default-executor-3] INFO  client.GrpcClientProtocolClient (GrpcClientProtocolClient.java:onNext(255)) - client-CF63D631FA17->3cf1264f-5f6b-4138-aeee-2ff7d4522ead: receive RaftClientReply:client-CF63D631FA17->3cf1264f-5f6b-4138-aeee-2ff7d4522ead@group-561E16522154, cid=689, SUCCESS, logIndex=850, commits[3cf1264f-5f6b-4138-aeee-2ff7d4522ead:c850, 4f0d1a15-8f14-4d9a-ad4f-8211e1245b5d:c846, 6999f20e-c3f7-4db4-87ca-141c476f2a88:c846]
2019-08-22 07:03:19,294 | INFO  | DNAudit | user=null | ip=null | op=WRITE_CHUNK {blockData=conID: 2 locID: 102659352018485660 bcsId: 0} | ret=SUCCESS |  
2019-08-22 07:03:19,294 | INFO  | DNAudit | user=null | ip=null | op=WRITE_CHUNK {blockData=conID: 2 locID: 102659352018485660 bcsId: 0} | ret=SUCCESS |  
2019-08-22 07:03:19,295 | INFO  | DNAudit | user=null | ip=null | op=PUT_BLOCK {blockData=[blockId=conID: 2 locID: 102659352018485660 bcsId: 0,size=1048576]} | ret=SUCCESS |  
2019-08-22 07:03:19,295 | INFO  | DNAudit | user=null | ip=null | op=PUT_BLOCK {blockData=[blockId=conID: 2 locID: 102659352018485660 bcsId: 0,size=1048576]} | ret=SUCCESS |  
2019-08-22 07:03:19,295 [grpc-default-executor-3] INFO  client.GrpcClientProtocolClient (GrpcClientProtocolClient.java:onNext(255)) - client-CF63D631FA17->3cf1264f-5f6b-4138-aeee-2ff7d4522ead: receive RaftClientReply:client-CF63D631FA17->3cf1264f-5f6b-4138-aeee-2ff7d4522ead@group-561E16522154, cid=690, SUCCESS, logIndex=0, commits[3cf1264f-5f6b-4138-aeee-2ff7d4522ead:c850, 4f0d1a15-8f14-4d9a-ad4f-8211e1245b5d:c848, 6999f20e-c3f7-4db4-87ca-141c476f2a88:c848]
2019-08-22 07:03:19,304 | INFO  | DNAudit | user=null | ip=null | op=WRITE_CHUNK {blockData=conID: 2 locID: 102659352018485660 bcsId: 850} | ret=SUCCESS |  
2019-08-22 07:03:19,308 | INFO  | DNAudit | user=null | ip=null | op=WRITE_CHUNK {blockData=conID: 2 locID: 102659352018485660 bcsId: 850} | ret=SUCCESS |  
2019-08-22 07:03:19,309 | INFO  | DNAudit | user=null | ip=null | op=WRITE_CHUNK {blockData=conID: 2 locID: 102659352018485660 bcsId: 850} | ret=SUCCESS |  
2019-08-22 07:03:19,310 | INFO  | DNAudit | user=null | ip=null | op=WRITE_CHUNK {blockData=conID: 2 locID: 102659352018485660 bcsId: 0} | ret=SUCCESS |  
2019-08-22 07:03:19,310 | INFO  | DNAudit | user=null | ip=null | op=PUT_BLOCK {blockData=[blockId=conID: 2 locID: 102659352018485660 bcsId: 0,size=2097152]} | ret=SUCCESS |  
2019-08-22 07:03:19,310 | INFO  | DNAudit | user=null | ip=null | op=WRITE_CHUNK {blockData=conID: 2 locID: 102659352018485660 bcsId: 0} | ret=SUCCESS |  
2019-08-22 07:03:19,311 | INFO  | DNAudit | user=null | ip=null | op=WRITE_CHUNK {blockData=conID: 2 locID: 102659352018485660 bcsId: 850} | ret=SUCCESS |  
2019-08-22 07:03:19,311 | INFO  | DNAudit | user=null | ip=null | op=PUT_BLOCK {blockData=[blockId=conID: 2 locID: 102659352018485660 bcsId: 0,size=2097152]} | ret=SUCCESS |  
2019-08-22 07:03:19,311 | INFO  | DNAudit | user=null | ip=null | op=PUT_BLOCK {blockData=[blockId=conID: 2 locID: 102659352018485660 bcsId: 0,size=3145728]} | ret=SUCCESS |  
2019-08-22 07:03:19,311 [grpc-default-executor-0] INFO  client.GrpcClientProtocolClient (GrpcClientProtocolClient.java:onNext(255)) - client-CF63D631FA17->3cf1264f-5f6b-4138-aeee-2ff7d4522ead: receive RaftClientReply:client-CF63D631FA17->3cf1264f-5f6b-4138-aeee-2ff7d4522ead@group-561E16522154, cid=691, SUCCESS, logIndex=855, commits[3cf1264f-5f6b-4138-aeee-2ff7d4522ead:c856, 4f0d1a15-8f14-4d9a-ad4f-8211e1245b5d:c854, 6999f20e-c3f7-4db4-87ca-141c476f2a88:c854]
2019-08-22 07:03:19,312 [grpc-default-executor-0] INFO  client.GrpcClientProtocolClient (GrpcClientProtocolClient.java:onNext(255)) - client-CF63D631FA17->3cf1264f-5f6b-4138-aeee-2ff7d4522ead: receive RaftClientReply:client-CF63D631FA17->3cf1264f-5f6b-4138-aeee-2ff7d4522ead@group-561E16522154, cid=692, SUCCESS, logIndex=856, commits[3cf1264f-5f6b-4138-aeee-2ff7d4522ead:c856, 4f0d1a15-8f14-4d9a-ad4f-8211e1245b5d:c854, 6999f20e-c3f7-4db4-87ca-141c476f2a88:c854]
2019-08-22 07:03:19,313 | INFO  | DNAudit | user=null | ip=null | op=WRITE_CHUNK {blockData=conID: 2 locID: 102659352018485660 bcsId: 850} | ret=SUCCESS |  
2019-08-22 07:03:19,313 | INFO  | DNAudit | user=null | ip=null | op=WRITE_CHUNK {blockData=conID: 2 locID: 102659352018485660 bcsId: 850} | ret=SUCCESS |  
2019-08-22 07:03:19,313 | INFO  | DNAudit | user=null | ip=null | op=PUT_BLOCK {blockData=[blockId=conID: 2 locID: 102659352018485660 bcsId: 0,size=3145728]} | ret=SUCCESS |  
2019-08-22 07:03:19,313 | INFO  | DNAudit | user=null | ip=null | op=PUT_BLOCK {blockData=[blockId=conID: 2 locID: 102659352018485660 bcsId: 0,size=3145728]} | ret=SUCCESS |  
2019-08-22 07:03:19,322 | INFO  | DNAudit | user=null | ip=null | op=WRITE_CHUNK {blockData=conID: 2 locID: 102659352018485660 bcsId: 856} | ret=SUCCESS |  
2019-08-22 07:03:19,326 | INFO  | DNAudit | user=null | ip=null | op=WRITE_CHUNK {blockData=conID: 2 locID: 102659352018485660 bcsId: 856} | ret=SUCCESS |  
2019-08-22 07:03:19,326 | INFO  | DNAudit | user=null | ip=null | op=WRITE_CHUNK {blockData=conID: 2 locID: 102659352018485660 bcsId: 856} | ret=SUCCESS |  
2019-08-22 07:03:19,336 | INFO  | DNAudit | user=null | ip=null | op=WRITE_CHUNK {blockData=conID: 2 locID: 102659352018485660 bcsId: 856} | ret=SUCCESS |  
2019-08-22 07:03:19,337 | INFO  | DNAudit | user=null | ip=null | op=PUT_BLOCK {blockData=[blockId=conID: 2 locID: 102659352018485660 bcsId: 0,size=4194304]} | ret=SUCCESS |  
2019-08-22 07:03:19,337 [grpc-default-executor-0] INFO  client.GrpcClientProtocolClient (GrpcClientProtocolClient.java:onNext(255)) - client-CF63D631FA17->3cf1264f-5f6b-4138-aeee-2ff7d4522ead: receive RaftClientReply:client-CF63D631FA17->3cf1264f-5f6b-4138-aeee-2ff7d4522ead@group-561E16522154, cid=693, SUCCESS, logIndex=859, commits[3cf1264f-5f6b-4138-aeee-2ff7d4522ead:c860, 4f0d1a15-8f14-4d9a-ad4f-8211e1245b5d:c856, 6999f20e-c3f7-4db4-87ca-141c476f2a88:c858]
2019-08-22 07:03:19,338 [grpc-default-executor-0] INFO  client.GrpcClientProtocolClient (GrpcClientProtocolClient.java:onNext(255)) - client-CF63D631FA17->3cf1264f-5f6b-4138-aeee-2ff7d4522ead: receive RaftClientReply:client-CF63D631FA17->3cf1264f-5f6b-4138-aeee-2ff7d4522ead@group-561E16522154, cid=694, SUCCESS, logIndex=860, commits[3cf1264f-5f6b-4138-aeee-2ff7d4522ead:c860, 4f0d1a15-8f14-4d9a-ad4f-8211e1245b5d:c858, 6999f20e-c3f7-4db4-87ca-141c476f2a88:c858]
2019-08-22 07:03:19,340 | INFO  | DNAudit | user=null | ip=null | op=WRITE_CHUNK {blockData=conID: 2 locID: 102659352018485660 bcsId: 856} | ret=SUCCESS |  
2019-08-22 07:03:19,340 | INFO  | DNAudit | user=null | ip=null | op=WRITE_CHUNK {blockData=conID: 2 locID: 102659352018485660 bcsId: 856} | ret=SUCCESS |  
2019-08-22 07:03:19,341 | INFO  | DNAudit | user=null | ip=null | op=PUT_BLOCK {blockData=[blockId=conID: 2 locID: 102659352018485660 bcsId: 0,size=4194304]} | ret=SUCCESS |  
2019-08-22 07:03:19,342 | INFO  | DNAudit | user=null | ip=null | op=PUT_BLOCK {blockData=[blockId=conID: 2 locID: 102659352018485660 bcsId: 0,size=4194304]} | ret=SUCCESS |  
2019-08-22 07:03:19,343 [grpc-default-executor-0] INFO  client.GrpcClientProtocolClient (GrpcClientProtocolClient.java:onNext(255)) - client-CF63D631FA17->3cf1264f-5f6b-4138-aeee-2ff7d4522ead: receive RaftClientReply:client-CF63D631FA17->3cf1264f-5f6b-4138-aeee-2ff7d4522ead@group-561E16522154, cid=695, SUCCESS, logIndex=0, commits[3cf1264f-5f6b-4138-aeee-2ff7d4522ead:c862, 4f0d1a15-8f14-4d9a-ad4f-8211e1245b5d:c860, 6999f20e-c3f7-4db4-87ca-141c476f2a88:c860]
2019-08-22 07:03:19,353 | INFO  | DNAudit | user=null | ip=null | op=WRITE_CHUNK {blockData=conID: 3 locID: 102659352018485661 bcsId: 0} | ret=SUCCESS |  
2019-08-22 07:03:19,358 | INFO  | DNAudit | user=null | ip=null | op=WRITE_CHUNK {blockData=conID: 3 locID: 102659352018485661 bcsId: 0} | ret=SUCCESS |  
2019-08-22 07:03:19,358 | INFO  | DNAudit | user=null | ip=null | op=WRITE_CHUNK {blockData=conID: 3 locID: 102659352018485661 bcsId: 0} | ret=SUCCESS |  
2019-08-22 07:03:19,359 | INFO  | DNAudit | user=null | ip=null | op=WRITE_CHUNK {blockData=conID: 3 locID: 102659352018485661 bcsId: 0} | ret=SUCCESS |  
2019-08-22 07:03:19,362 | INFO  | DNAudit | user=null | ip=null | op=WRITE_CHUNK {blockData=conID: 3 locID: 102659352018485661 bcsId: 0} | ret=SUCCESS |  
2019-08-22 07:03:19,362 | INFO  | DNAudit | user=null | ip=null | op=WRITE_CHUNK {blockData=conID: 3 locID: 102659352018485661 bcsId: 0} | ret=SUCCESS |  
2019-08-22 07:03:19,374 | INFO  | DNAudit | user=null | ip=null | op=WRITE_CHUNK {blockData=conID: 3 locID: 102659352018485661 bcsId: 0} | ret=SUCCESS |  
2019-08-22 07:03:19,375 | INFO  | DNAudit | user=null | ip=null | op=PUT_BLOCK {blockData=[blockId=conID: 3 locID: 102659352018485661 bcsId: 0,size=1048576]} | ret=SUCCESS |  
2019-08-22 07:03:19,375 [grpc-default-executor-5] INFO  client.GrpcClientProtocolClient (GrpcClientProtocolClient.java:onNext(255)) - client-CF63D631FA17->3cf1264f-5f6b-4138-aeee-2ff7d4522ead: receive RaftClientReply:client-CF63D631FA17->3cf1264f-5f6b-4138-aeee-2ff7d4522ead@group-561E16522154, cid=696, SUCCESS, logIndex=863, commits[3cf1264f-5f6b-4138-aeee-2ff7d4522ead:c864, 4f0d1a15-8f14-4d9a-ad4f-8211e1245b5d:c862, 6999f20e-c3f7-4db4-87ca-141c476f2a88:c862]
2019-08-22 07:03:19,376 [grpc-default-executor-5] INFO  client.GrpcClientProtocolClient (GrpcClientProtocolClient.java:onNext(255)) - client-CF63D631FA17->3cf1264f-5f6b-4138-aeee-2ff7d4522ead: receive RaftClientReply:client-CF63D631FA17->3cf1264f-5f6b-4138-aeee-2ff7d4522ead@group-561E16522154, cid=697, SUCCESS, logIndex=864, commits[3cf1264f-5f6b-4138-aeee-2ff7d4522ead:c864, 4f0d1a15-8f14-4d9a-ad4f-8211e1245b5d:c862, 6999f20e-c3f7-4db4-87ca-141c476f2a88:c862]
2019-08-22 07:03:19,386 | INFO  | DNAudit | user=null | ip=null | op=WRITE_CHUNK {blockData=conID: 3 locID: 102659352018485661 bcsId: 0} | ret=SUCCESS |  
2019-08-22 07:03:19,386 | INFO  | DNAudit | user=null | ip=null | op=PUT_BLOCK {blockData=[blockId=conID: 3 locID: 102659352018485661 bcsId: 0,size=2097152]} | ret=SUCCESS |  
2019-08-22 07:03:19,386 [grpc-default-executor-3] INFO  client.GrpcClientProtocolClient (GrpcClientProtocolClient.java:onNext(255)) - client-CF63D631FA17->3cf1264f-5f6b-4138-aeee-2ff7d4522ead: receive RaftClientReply:client-CF63D631FA17->3cf1264f-5f6b-4138-aeee-2ff7d4522ead@group-561E16522154, cid=698, SUCCESS, logIndex=865, commits[3cf1264f-5f6b-4138-aeee-2ff7d4522ead:c866, 4f0d1a15-8f14-4d9a-ad4f-8211e1245b5d:c862, 6999f20e-c3f7-4db4-87ca-141c476f2a88:c862]
2019-08-22 07:03:19,387 [grpc-default-executor-3] INFO  client.GrpcClientProtocolClient (GrpcClientProtocolClient.java:onNext(255)) - client-CF63D631FA17->3cf1264f-5f6b-4138-aeee-2ff7d4522ead: receive RaftClientReply:client-CF63D631FA17->3cf1264f-5f6b-4138-aeee-2ff7d4522ead@group-561E16522154, cid=699, SUCCESS, logIndex=866, commits[3cf1264f-5f6b-4138-aeee-2ff7d4522ead:c866, 4f0d1a15-8f14-4d9a-ad4f-8211e1245b5d:c862, 6999f20e-c3f7-4db4-87ca-141c476f2a88:c862]
2019-08-22 07:03:19,396 | INFO  | DNAudit | user=null | ip=null | op=WRITE_CHUNK {blockData=conID: 3 locID: 102659352018485661 bcsId: 0} | ret=SUCCESS |  
2019-08-22 07:03:19,397 | INFO  | DNAudit | user=null | ip=null | op=PUT_BLOCK {blockData=[blockId=conID: 3 locID: 102659352018485661 bcsId: 0,size=1048576]} | ret=SUCCESS |  
2019-08-22 07:03:19,397 | INFO  | DNAudit | user=null | ip=null | op=WRITE_CHUNK {blockData=conID: 3 locID: 102659352018485661 bcsId: 0} | ret=SUCCESS |  
2019-08-22 07:03:19,397 | INFO  | DNAudit | user=null | ip=null | op=PUT_BLOCK {blockData=[blockId=conID: 3 locID: 102659352018485661 bcsId: 0,size=1048576]} | ret=SUCCESS |  
2019-08-22 07:03:19,397 | INFO  | DNAudit | user=null | ip=null | op=WRITE_CHUNK {blockData=conID: 3 locID: 102659352018485661 bcsId: 0} | ret=SUCCESS |  
2019-08-22 07:03:19,398 | INFO  | DNAudit | user=null | ip=null | op=PUT_BLOCK {blockData=[blockId=conID: 3 locID: 102659352018485661 bcsId: 0,size=2097152]} | ret=SUCCESS |  
2019-08-22 07:03:19,398 [grpc-default-executor-3] INFO  client.GrpcClientProtocolClient (GrpcClientProtocolClient.java:onNext(255)) - client-CF63D631FA17->3cf1264f-5f6b-4138-aeee-2ff7d4522ead: receive RaftClientReply:client-CF63D631FA17->3cf1264f-5f6b-4138-aeee-2ff7d4522ead@group-561E16522154, cid=700, SUCCESS, logIndex=0, commits[3cf1264f-5f6b-4138-aeee-2ff7d4522ead:c868, 4f0d1a15-8f14-4d9a-ad4f-8211e1245b5d:c864, 6999f20e-c3f7-4db4-87ca-141c476f2a88:c864]
2019-08-22 07:03:19,398 | INFO  | DNAudit | user=null | ip=null | op=WRITE_CHUNK {blockData=conID: 3 locID: 102659352018485661 bcsId: 0} | ret=SUCCESS |  
2019-08-22 07:03:19,399 | INFO  | DNAudit | user=null | ip=null | op=PUT_BLOCK {blockData=[blockId=conID: 3 locID: 102659352018485661 bcsId: 0,size=2097152]} | ret=SUCCESS |  
2019-08-22 07:03:19,407 | INFO  | DNAudit | user=null | ip=null | op=WRITE_CHUNK {blockData=conID: 3 locID: 102659352018485661 bcsId: 866} | ret=SUCCESS |  
2019-08-22 07:03:19,412 | INFO  | DNAudit | user=null | ip=null | op=WRITE_CHUNK {blockData=conID: 3 locID: 102659352018485661 bcsId: 866} | ret=SUCCESS |  
2019-08-22 07:03:19,412 | INFO  | DNAudit | user=null | ip=null | op=WRITE_CHUNK {blockData=conID: 3 locID: 102659352018485661 bcsId: 866} | ret=SUCCESS |  
2019-08-22 07:03:19,416 | INFO  | DNAudit | user=null | ip=null | op=WRITE_CHUNK {blockData=conID: 3 locID: 102659352018485661 bcsId: 866} | ret=SUCCESS |  
2019-08-22 07:03:19,417 | INFO  | DNAudit | user=null | ip=null | op=PUT_BLOCK {blockData=[blockId=conID: 3 locID: 102659352018485661 bcsId: 0,size=3145728]} | ret=SUCCESS |  
2019-08-22 07:03:19,417 [grpc-default-executor-0] INFO  client.GrpcClientProtocolClient (GrpcClientProtocolClient.java:onNext(255)) - client-CF63D631FA17->3cf1264f-5f6b-4138-aeee-2ff7d4522ead: receive RaftClientReply:client-CF63D631FA17->3cf1264f-5f6b-4138-aeee-2ff7d4522ead@group-561E16522154, cid=701, SUCCESS, logIndex=871, commits[3cf1264f-5f6b-4138-aeee-2ff7d4522ead:c872, 4f0d1a15-8f14-4d9a-ad4f-8211e1245b5d:c870, 6999f20e-c3f7-4db4-87ca-141c476f2a88:c870]
2019-08-22 07:03:19,418 | INFO  | DNAudit | user=null | ip=null | op=WRITE_CHUNK {blockData=conID: 3 locID: 102659352018485661 bcsId: 866} | ret=SUCCESS |  
2019-08-22 07:03:19,418 [grpc-default-executor-0] INFO  client.GrpcClientProtocolClient (GrpcClientProtocolClient.java:onNext(255)) - client-CF63D631FA17->3cf1264f-5f6b-4138-aeee-2ff7d4522ead: receive RaftClientReply:client-CF63D631FA17->3cf1264f-5f6b-4138-aeee-2ff7d4522ead@group-561E16522154, cid=702, SUCCESS, logIndex=872, commits[3cf1264f-5f6b-4138-aeee-2ff7d4522ead:c872, 4f0d1a15-8f14-4d9a-ad4f-8211e1245b5d:c870, 6999f20e-c3f7-4db4-87ca-141c476f2a88:c870]
2019-08-22 07:03:19,418 | INFO  | DNAudit | user=null | ip=null | op=PUT_BLOCK {blockData=[blockId=conID: 3 locID: 102659352018485661 bcsId: 0,size=3145728]} | ret=SUCCESS |  
2019-08-22 07:03:19,418 | INFO  | DNAudit | user=null | ip=null | op=WRITE_CHUNK {blockData=conID: 3 locID: 102659352018485661 bcsId: 866} | ret=SUCCESS |  
2019-08-22 07:03:19,419 | INFO  | DNAudit | user=null | ip=null | op=PUT_BLOCK {blockData=[blockId=conID: 3 locID: 102659352018485661 bcsId: 0,size=3145728]} | ret=SUCCESS |  
2019-08-22 07:03:19,427 | INFO  | DNAudit | user=null | ip=null | op=WRITE_CHUNK {blockData=conID: 3 locID: 102659352018485661 bcsId: 872} | ret=SUCCESS |  
2019-08-22 07:03:19,433 | INFO  | DNAudit | user=null | ip=null | op=WRITE_CHUNK {blockData=conID: 3 locID: 102659352018485661 bcsId: 872} | ret=SUCCESS |  
2019-08-22 07:03:19,433 | INFO  | DNAudit | user=null | ip=null | op=WRITE_CHUNK {blockData=conID: 3 locID: 102659352018485661 bcsId: 872} | ret=SUCCESS |  
2019-08-22 07:03:19,442 | INFO  | DNAudit | user=null | ip=null | op=WRITE_CHUNK {blockData=conID: 3 locID: 102659352018485661 bcsId: 872} | ret=SUCCESS |  
2019-08-22 07:03:19,442 | INFO  | DNAudit | user=null | ip=null | op=PUT_BLOCK {blockData=[blockId=conID: 3 locID: 102659352018485661 bcsId: 0,size=4194304]} | ret=SUCCESS |  
2019-08-22 07:03:19,442 [grpc-default-executor-5] INFO  client.GrpcClientProtocolClient (GrpcClientProtocolClient.java:onNext(255)) - client-CF63D631FA17->3cf1264f-5f6b-4138-aeee-2ff7d4522ead: receive RaftClientReply:client-CF63D631FA17->3cf1264f-5f6b-4138-aeee-2ff7d4522ead@group-561E16522154, cid=703, SUCCESS, logIndex=875, commits[3cf1264f-5f6b-4138-aeee-2ff7d4522ead:c876, 4f0d1a15-8f14-4d9a-ad4f-8211e1245b5d:c874, 6999f20e-c3f7-4db4-87ca-141c476f2a88:c874]
2019-08-22 07:03:19,443 [grpc-default-executor-5] INFO  client.GrpcClientProtocolClient (GrpcClientProtocolClient.java:onNext(255)) - client-CF63D631FA17->3cf1264f-5f6b-4138-aeee-2ff7d4522ead: receive RaftClientReply:client-CF63D631FA17->3cf1264f-5f6b-4138-aeee-2ff7d4522ead@group-561E16522154, cid=704, SUCCESS, logIndex=876, commits[3cf1264f-5f6b-4138-aeee-2ff7d4522ead:c876, 4f0d1a15-8f14-4d9a-ad4f-8211e1245b5d:c874, 6999f20e-c3f7-4db4-87ca-141c476f2a88:c874]
2019-08-22 07:03:19,455 | INFO  | DNAudit | user=null | ip=null | op=WRITE_CHUNK {blockData=conID: 3 locID: 102659352018485661 bcsId: 872} | ret=SUCCESS |  
2019-08-22 07:03:19,455 | INFO  | DNAudit | user=null | ip=null | op=WRITE_CHUNK {blockData=conID: 3 locID: 102659352018485661 bcsId: 872} | ret=SUCCESS |  
2019-08-22 07:03:19,455 | INFO  | DNAudit | user=null | ip=null | op=PUT_BLOCK {blockData=[blockId=conID: 3 locID: 102659352018485661 bcsId: 0,size=4194304]} | ret=SUCCESS |  
2019-08-22 07:03:19,468 | INFO  | DNAudit | user=null | ip=null | op=PUT_BLOCK {blockData=[blockId=conID: 3 locID: 102659352018485661 bcsId: 0,size=4194304]} | ret=SUCCESS |  
2019-08-22 07:03:19,469 [grpc-default-executor-5] INFO  client.GrpcClientProtocolClient (GrpcClientProtocolClient.java:onNext(255)) - client-CF63D631FA17->3cf1264f-5f6b-4138-aeee-2ff7d4522ead: receive RaftClientReply:client-CF63D631FA17->3cf1264f-5f6b-4138-aeee-2ff7d4522ead@group-561E16522154, cid=705, SUCCESS, logIndex=0, commits[3cf1264f-5f6b-4138-aeee-2ff7d4522ead:c877, 4f0d1a15-8f14-4d9a-ad4f-8211e1245b5d:c876, 6999f20e-c3f7-4db4-87ca-141c476f2a88:c876]
2019-08-22 07:03:19,482 | INFO  | DNAudit | user=null | ip=null | op=WRITE_CHUNK {blockData=conID: 1 locID: 102659352018485662 bcsId: 0} | ret=SUCCESS |  
2019-08-22 07:03:19,487 | INFO  | DNAudit | user=null | ip=null | op=WRITE_CHUNK {blockData=conID: 1 locID: 102659352018485662 bcsId: 0} | ret=SUCCESS |  
2019-08-22 07:03:19,488 | INFO  | DNAudit | user=null | ip=null | op=WRITE_CHUNK {blockData=conID: 1 locID: 102659352018485662 bcsId: 0} | ret=SUCCESS |  
2019-08-22 07:03:19,489 | INFO  | DNAudit | user=null | ip=null | op=WRITE_CHUNK {blockData=conID: 1 locID: 102659352018485662 bcsId: 0} | ret=SUCCESS |  
2019-08-22 07:03:19,493 | INFO  | DNAudit | user=null | ip=null | op=WRITE_CHUNK {blockData=conID: 1 locID: 102659352018485662 bcsId: 0} | ret=SUCCESS |  
2019-08-22 07:03:19,493 | INFO  | DNAudit | user=null | ip=null | op=WRITE_CHUNK {blockData=conID: 1 locID: 102659352018485662 bcsId: 0} | ret=SUCCESS |  
2019-08-22 07:03:19,495 | INFO  | DNAudit | user=null | ip=null | op=WRITE_CHUNK {blockData=conID: 1 locID: 102659352018485662 bcsId: 0} | ret=SUCCESS |  
2019-08-22 07:03:19,496 | INFO  | DNAudit | user=null | ip=null | op=PUT_BLOCK {blockData=[blockId=conID: 1 locID: 102659352018485662 bcsId: 0,size=1048576]} | ret=SUCCESS |  
2019-08-22 07:03:19,496 | INFO  | DNAudit | user=null | ip=null | op=WRITE_CHUNK {blockData=conID: 1 locID: 102659352018485662 bcsId: 0} | ret=SUCCESS |  
2019-08-22 07:03:19,497 [grpc-default-executor-3] INFO  client.GrpcClientProtocolClient (GrpcClientProtocolClient.java:onNext(255)) - client-CF63D631FA17->3cf1264f-5f6b-4138-aeee-2ff7d4522ead: receive RaftClientReply:client-CF63D631FA17->3cf1264f-5f6b-4138-aeee-2ff7d4522ead@group-561E16522154, cid=706, SUCCESS, logIndex=879, commits[3cf1264f-5f6b-4138-aeee-2ff7d4522ead:c880, 4f0d1a15-8f14-4d9a-ad4f-8211e1245b5d:c878, 6999f20e-c3f7-4db4-87ca-141c476f2a88:c878]
2019-08-22 07:03:19,497 | INFO  | DNAudit | user=null | ip=null | op=PUT_BLOCK {blockData=[blockId=conID: 1 locID: 102659352018485662 bcsId: 0,size=2097152]} | ret=SUCCESS |  
2019-08-22 07:03:19,497 [grpc-default-executor-3] INFO  client.GrpcClientProtocolClient (GrpcClientProtocolClient.java:onNext(255)) - client-CF63D631FA17->3cf1264f-5f6b-4138-aeee-2ff7d4522ead: receive RaftClientReply:client-CF63D631FA17->3cf1264f-5f6b-4138-aeee-2ff7d4522ead@group-561E16522154, cid=707, SUCCESS, logIndex=880, commits[3cf1264f-5f6b-4138-aeee-2ff7d4522ead:c882, 4f0d1a15-8f14-4d9a-ad4f-8211e1245b5d:c878, 6999f20e-c3f7-4db4-87ca-141c476f2a88:c878]
2019-08-22 07:03:19,497 | INFO  | DNAudit | user=null | ip=null | op=WRITE_CHUNK {blockData=conID: 1 locID: 102659352018485662 bcsId: 0} | ret=SUCCESS |  
2019-08-22 07:03:19,498 | INFO  | DNAudit | user=null | ip=null | op=PUT_BLOCK {blockData=[blockId=conID: 1 locID: 102659352018485662 bcsId: 0,size=1048576]} | ret=SUCCESS |  
2019-08-22 07:03:19,498 | INFO  | DNAudit | user=null | ip=null | op=WRITE_CHUNK {blockData=conID: 1 locID: 102659352018485662 bcsId: 0} | ret=SUCCESS |  
2019-08-22 07:03:19,498 [grpc-default-executor-3] INFO  client.GrpcClientProtocolClient (GrpcClientProtocolClient.java:onNext(255)) - client-CF63D631FA17->3cf1264f-5f6b-4138-aeee-2ff7d4522ead: receive RaftClientReply:client-CF63D631FA17->3cf1264f-5f6b-4138-aeee-2ff7d4522ead@group-561E16522154, cid=708, SUCCESS, logIndex=881, commits[3cf1264f-5f6b-4138-aeee-2ff7d4522ead:c882, 4f0d1a15-8f14-4d9a-ad4f-8211e1245b5d:c878, 6999f20e-c3f7-4db4-87ca-141c476f2a88:c878]
2019-08-22 07:03:19,498 | INFO  | DNAudit | user=null | ip=null | op=PUT_BLOCK {blockData=[blockId=conID: 1 locID: 102659352018485662 bcsId: 0,size=1048576]} | ret=SUCCESS |  
2019-08-22 07:03:19,499 [grpc-default-executor-0] INFO  client.GrpcClientProtocolClient (GrpcClientProtocolClient.java:onNext(255)) - client-CF63D631FA17->3cf1264f-5f6b-4138-aeee-2ff7d4522ead: receive RaftClientReply:client-CF63D631FA17->3cf1264f-5f6b-4138-aeee-2ff7d4522ead@group-561E16522154, cid=709, SUCCESS, logIndex=882, commits[3cf1264f-5f6b-4138-aeee-2ff7d4522ead:c882, 4f0d1a15-8f14-4d9a-ad4f-8211e1245b5d:c878, 6999f20e-c3f7-4db4-87ca-141c476f2a88:c878]
2019-08-22 07:03:19,500 [grpc-default-executor-0] INFO  client.GrpcClientProtocolClient (GrpcClientProtocolClient.java:onNext(255)) - client-CF63D631FA17->3cf1264f-5f6b-4138-aeee-2ff7d4522ead: receive RaftClientReply:client-CF63D631FA17->3cf1264f-5f6b-4138-aeee-2ff7d4522ead@group-561E16522154, cid=710, SUCCESS, logIndex=0, commits[3cf1264f-5f6b-4138-aeee-2ff7d4522ead:c883, 4f0d1a15-8f14-4d9a-ad4f-8211e1245b5d:c880, 6999f20e-c3f7-4db4-87ca-141c476f2a88:c880]
2019-08-22 07:03:19,510 | INFO  | DNAudit | user=null | ip=null | op=WRITE_CHUNK {blockData=conID: 1 locID: 102659352018485662 bcsId: 882} | ret=SUCCESS |  
2019-08-22 07:03:19,510 | INFO  | DNAudit | user=null | ip=null | op=WRITE_CHUNK {blockData=conID: 1 locID: 102659352018485662 bcsId: 0} | ret=SUCCESS |  
2019-08-22 07:03:19,511 | INFO  | DNAudit | user=null | ip=null | op=WRITE_CHUNK {blockData=conID: 1 locID: 102659352018485662 bcsId: 0} | ret=SUCCESS |  
2019-08-22 07:03:19,511 | INFO  | DNAudit | user=null | ip=null | op=PUT_BLOCK {blockData=[blockId=conID: 1 locID: 102659352018485662 bcsId: 0,size=2097152]} | ret=SUCCESS |  
2019-08-22 07:03:19,511 | INFO  | DNAudit | user=null | ip=null | op=PUT_BLOCK {blockData=[blockId=conID: 1 locID: 102659352018485662 bcsId: 0,size=2097152]} | ret=SUCCESS |  
2019-08-22 07:03:19,515 | INFO  | DNAudit | user=null | ip=null | op=WRITE_CHUNK {blockData=conID: 1 locID: 102659352018485662 bcsId: 882} | ret=SUCCESS |  
2019-08-22 07:03:19,516 | INFO  | DNAudit | user=null | ip=null | op=WRITE_CHUNK {blockData=conID: 1 locID: 102659352018485662 bcsId: 882} | ret=SUCCESS |  
2019-08-22 07:03:19,527 | INFO  | DNAudit | user=null | ip=null | op=WRITE_CHUNK {blockData=conID: 1 locID: 102659352018485662 bcsId: 882} | ret=SUCCESS |  
2019-08-22 07:03:19,528 | INFO  | DNAudit | user=null | ip=null | op=PUT_BLOCK {blockData=[blockId=conID: 1 locID: 102659352018485662 bcsId: 0,size=3145728]} | ret=SUCCESS |  
2019-08-22 07:03:19,528 [grpc-default-executor-5] INFO  client.GrpcClientProtocolClient (GrpcClientProtocolClient.java:onNext(255)) - client-CF63D631FA17->3cf1264f-5f6b-4138-aeee-2ff7d4522ead: receive RaftClientReply:client-CF63D631FA17->3cf1264f-5f6b-4138-aeee-2ff7d4522ead@group-561E16522154, cid=711, SUCCESS, logIndex=886, commits[3cf1264f-5f6b-4138-aeee-2ff7d4522ead:c887, 4f0d1a15-8f14-4d9a-ad4f-8211e1245b5d:c883, 6999f20e-c3f7-4db4-87ca-141c476f2a88:c883]
2019-08-22 07:03:19,529 [grpc-default-executor-5] INFO  client.GrpcClientProtocolClient (GrpcClientProtocolClient.java:onNext(255)) - client-CF63D631FA17->3cf1264f-5f6b-4138-aeee-2ff7d4522ead: receive RaftClientReply:client-CF63D631FA17->3cf1264f-5f6b-4138-aeee-2ff7d4522ead@group-561E16522154, cid=712, SUCCESS, logIndex=887, commits[3cf1264f-5f6b-4138-aeee-2ff7d4522ead:c887, 4f0d1a15-8f14-4d9a-ad4f-8211e1245b5d:c883, 6999f20e-c3f7-4db4-87ca-141c476f2a88:c883]
2019-08-22 07:03:19,541 | INFO  | DNAudit | user=null | ip=null | op=WRITE_CHUNK {blockData=conID: 1 locID: 102659352018485662 bcsId: 882} | ret=SUCCESS |  
2019-08-22 07:03:19,541 | INFO  | DNAudit | user=null | ip=null | op=WRITE_CHUNK {blockData=conID: 1 locID: 102659352018485662 bcsId: 887} | ret=SUCCESS |  
2019-08-22 07:03:19,541 | INFO  | DNAudit | user=null | ip=null | op=WRITE_CHUNK {blockData=conID: 1 locID: 102659352018485662 bcsId: 882} | ret=SUCCESS |  
2019-08-22 07:03:19,541 | INFO  | DNAudit | user=null | ip=null | op=PUT_BLOCK {blockData=[blockId=conID: 1 locID: 102659352018485662 bcsId: 0,size=3145728]} | ret=SUCCESS |  
2019-08-22 07:03:19,541 | INFO  | DNAudit | user=null | ip=null | op=PUT_BLOCK {blockData=[blockId=conID: 1 locID: 102659352018485662 bcsId: 0,size=3145728]} | ret=SUCCESS |  
2019-08-22 07:03:19,544 | INFO  | DNAudit | user=null | ip=null | op=WRITE_CHUNK {blockData=conID: 1 locID: 102659352018485662 bcsId: 887} | ret=SUCCESS |  
2019-08-22 07:03:19,545 | INFO  | DNAudit | user=null | ip=null | op=WRITE_CHUNK {blockData=conID: 1 locID: 102659352018485662 bcsId: 887} | ret=SUCCESS |  
2019-08-22 07:03:19,565 | INFO  | DNAudit | user=null | ip=null | op=WRITE_CHUNK {blockData=conID: 1 locID: 102659352018485662 bcsId: 887} | ret=SUCCESS |  
2019-08-22 07:03:19,566 | INFO  | DNAudit | user=null | ip=null | op=PUT_BLOCK {blockData=[blockId=conID: 1 locID: 102659352018485662 bcsId: 0,size=4194304]} | ret=SUCCESS |  
2019-08-22 07:03:19,566 [grpc-default-executor-0] INFO  client.GrpcClientProtocolClient (GrpcClientProtocolClient.java:onNext(255)) - client-CF63D631FA17->3cf1264f-5f6b-4138-aeee-2ff7d4522ead: receive RaftClientReply:client-CF63D631FA17->3cf1264f-5f6b-4138-aeee-2ff7d4522ead@group-561E16522154, cid=713, SUCCESS, logIndex=890, commits[3cf1264f-5f6b-4138-aeee-2ff7d4522ead:c891, 4f0d1a15-8f14-4d9a-ad4f-8211e1245b5d:c887, 6999f20e-c3f7-4db4-87ca-141c476f2a88:c887]
2019-08-22 07:03:19,567 [grpc-default-executor-0] INFO  client.GrpcClientProtocolClient (GrpcClientProtocolClient.java:onNext(255)) - client-CF63D631FA17->3cf1264f-5f6b-4138-aeee-2ff7d4522ead: receive RaftClientReply:client-CF63D631FA17->3cf1264f-5f6b-4138-aeee-2ff7d4522ead@group-561E16522154, cid=714, SUCCESS, logIndex=891, commits[3cf1264f-5f6b-4138-aeee-2ff7d4522ead:c891, 4f0d1a15-8f14-4d9a-ad4f-8211e1245b5d:c887, 6999f20e-c3f7-4db4-87ca-141c476f2a88:c887]
2019-08-22 07:03:19,578 | INFO  | DNAudit | user=null | ip=null | op=WRITE_CHUNK {blockData=conID: 1 locID: 102659352018485662 bcsId: 887} | ret=SUCCESS |  
2019-08-22 07:03:19,578 | INFO  | DNAudit | user=null | ip=null | op=WRITE_CHUNK {blockData=conID: 1 locID: 102659352018485662 bcsId: 887} | ret=SUCCESS |  
2019-08-22 07:03:19,579 | INFO  | DNAudit | user=null | ip=null | op=PUT_BLOCK {blockData=[blockId=conID: 1 locID: 102659352018485662 bcsId: 0,size=4194304]} | ret=SUCCESS |  
2019-08-22 07:03:19,581 | INFO  | SCMAudit | user=jenkins1000 | ip=192.168.34.31 | op=SEND_HEARTBEAT {datanodeUUID=6ab6b5dd-7582-43bd-ad39-1af51ca14a47, command=[]} | ret=SUCCESS |  
2019-08-22 07:03:19,582 | INFO  | DNAudit | user=null | ip=null | op=PUT_BLOCK {blockData=[blockId=conID: 1 locID: 102659352018485662 bcsId: 0,size=4194304]} | ret=SUCCESS |  
2019-08-22 07:03:19,583 [grpc-default-executor-5] INFO  client.GrpcClientProtocolClient (GrpcClientProtocolClient.java:onNext(255)) - client-CF63D631FA17->3cf1264f-5f6b-4138-aeee-2ff7d4522ead: receive RaftClientReply:client-CF63D631FA17->3cf1264f-5f6b-4138-aeee-2ff7d4522ead@group-561E16522154, cid=715, SUCCESS, logIndex=0, commits[3cf1264f-5f6b-4138-aeee-2ff7d4522ead:c892, 4f0d1a15-8f14-4d9a-ad4f-8211e1245b5d:c891, 6999f20e-c3f7-4db4-87ca-141c476f2a88:c891]
2019-08-22 07:03:19,593 | INFO  | DNAudit | user=null | ip=null | op=WRITE_CHUNK {blockData=conID: 2 locID: 102659352018485663 bcsId: 0} | ret=SUCCESS |  
2019-08-22 07:03:19,600 | INFO  | DNAudit | user=null | ip=null | op=WRITE_CHUNK {blockData=conID: 2 locID: 102659352018485663 bcsId: 0} | ret=SUCCESS |  
2019-08-22 07:03:19,600 | INFO  | DNAudit | user=null | ip=null | op=WRITE_CHUNK {blockData=conID: 2 locID: 102659352018485663 bcsId: 0} | ret=SUCCESS |  
2019-08-22 07:03:19,601 | INFO  | DNAudit | user=null | ip=null | op=WRITE_CHUNK {blockData=conID: 2 locID: 102659352018485663 bcsId: 0} | ret=SUCCESS |  
2019-08-22 07:03:19,603 | INFO  | DNAudit | user=null | ip=null | op=WRITE_CHUNK {blockData=conID: 2 locID: 102659352018485663 bcsId: 0} | ret=SUCCESS |  
2019-08-22 07:03:19,604 | INFO  | DNAudit | user=null | ip=null | op=PUT_BLOCK {blockData=[blockId=conID: 2 locID: 102659352018485663 bcsId: 0,size=1048576]} | ret=SUCCESS |  
2019-08-22 07:03:19,605 [grpc-default-executor-3] INFO  client.GrpcClientProtocolClient (GrpcClientProtocolClient.java:onNext(255)) - client-CF63D631FA17->3cf1264f-5f6b-4138-aeee-2ff7d4522ead: receive RaftClientReply:client-CF63D631FA17->3cf1264f-5f6b-4138-aeee-2ff7d4522ead@group-561E16522154, cid=716, SUCCESS, logIndex=894, commits[3cf1264f-5f6b-4138-aeee-2ff7d4522ead:c895, 4f0d1a15-8f14-4d9a-ad4f-8211e1245b5d:c893, 6999f20e-c3f7-4db4-87ca-141c476f2a88:c893]
2019-08-22 07:03:19,606 [grpc-default-executor-3] INFO  client.GrpcClientProtocolClient (GrpcClientProtocolClient.java:onNext(255)) - client-CF63D631FA17->3cf1264f-5f6b-4138-aeee-2ff7d4522ead: receive RaftClientReply:client-CF63D631FA17->3cf1264f-5f6b-4138-aeee-2ff7d4522ead@group-561E16522154, cid=717, SUCCESS, logIndex=895, commits[3cf1264f-5f6b-4138-aeee-2ff7d4522ead:c895, 4f0d1a15-8f14-4d9a-ad4f-8211e1245b5d:c893, 6999f20e-c3f7-4db4-87ca-141c476f2a88:c893]
2019-08-22 07:03:19,607 | INFO  | DNAudit | user=null | ip=null | op=WRITE_CHUNK {blockData=conID: 2 locID: 102659352018485663 bcsId: 0} | ret=SUCCESS |  
2019-08-22 07:03:19,608 | INFO  | DNAudit | user=null | ip=null | op=WRITE_CHUNK {blockData=conID: 2 locID: 102659352018485663 bcsId: 0} | ret=SUCCESS |  
2019-08-22 07:03:19,623 | INFO  | DNAudit | user=null | ip=null | op=WRITE_CHUNK {blockData=conID: 2 locID: 102659352018485663 bcsId: 0} | ret=SUCCESS |  
2019-08-22 07:03:19,623 | INFO  | DNAudit | user=null | ip=null | op=WRITE_CHUNK {blockData=conID: 2 locID: 102659352018485663 bcsId: 0} | ret=SUCCESS |  
2019-08-22 07:03:19,624 | INFO  | DNAudit | user=null | ip=null | op=WRITE_CHUNK {blockData=conID: 2 locID: 102659352018485663 bcsId: 0} | ret=SUCCESS |  
2019-08-22 07:03:19,624 | INFO  | DNAudit | user=null | ip=null | op=PUT_BLOCK {blockData=[blockId=conID: 2 locID: 102659352018485663 bcsId: 0,size=1048576]} | ret=SUCCESS |  
2019-08-22 07:03:19,624 | INFO  | DNAudit | user=null | ip=null | op=PUT_BLOCK {blockData=[blockId=conID: 2 locID: 102659352018485663 bcsId: 0,size=1048576]} | ret=SUCCESS |  
2019-08-22 07:03:19,624 | INFO  | DNAudit | user=null | ip=null | op=PUT_BLOCK {blockData=[blockId=conID: 2 locID: 102659352018485663 bcsId: 0,size=2097152]} | ret=SUCCESS |  
2019-08-22 07:03:19,624 [grpc-default-executor-3] INFO  client.GrpcClientProtocolClient (GrpcClientProtocolClient.java:onNext(255)) - client-CF63D631FA17->3cf1264f-5f6b-4138-aeee-2ff7d4522ead: receive RaftClientReply:client-CF63D631FA17->3cf1264f-5f6b-4138-aeee-2ff7d4522ead@group-561E16522154, cid=718, SUCCESS, logIndex=896, commits[3cf1264f-5f6b-4138-aeee-2ff7d4522ead:c899, 4f0d1a15-8f14-4d9a-ad4f-8211e1245b5d:c893, 6999f20e-c3f7-4db4-87ca-141c476f2a88:c895]
2019-08-22 07:03:19,625 [grpc-default-executor-3] INFO  client.GrpcClientProtocolClient (GrpcClientProtocolClient.java:onNext(255)) - client-CF63D631FA17->3cf1264f-5f6b-4138-aeee-2ff7d4522ead: receive RaftClientReply:client-CF63D631FA17->3cf1264f-5f6b-4138-aeee-2ff7d4522ead@group-561E16522154, cid=719, SUCCESS, logIndex=897, commits[3cf1264f-5f6b-4138-aeee-2ff7d4522ead:c899, 4f0d1a15-8f14-4d9a-ad4f-8211e1245b5d:c895, 6999f20e-c3f7-4db4-87ca-141c476f2a88:c895]
2019-08-22 07:03:19,633 | INFO  | DNAudit | user=null | ip=null | op=WRITE_CHUNK {blockData=conID: 2 locID: 102659352018485663 bcsId: 0} | ret=SUCCESS |  
2019-08-22 07:03:19,633 | INFO  | DNAudit | user=null | ip=null | op=WRITE_CHUNK {blockData=conID: 2 locID: 102659352018485663 bcsId: 0} | ret=SUCCESS |  
2019-08-22 07:03:19,634 | INFO  | DNAudit | user=null | ip=null | op=PUT_BLOCK {blockData=[blockId=conID: 2 locID: 102659352018485663 bcsId: 0,size=2097152]} | ret=SUCCESS |  
2019-08-22 07:03:19,636 | INFO  | DNAudit | user=null | ip=null | op=PUT_BLOCK {blockData=[blockId=conID: 2 locID: 102659352018485663 bcsId: 0,size=2097152]} | ret=SUCCESS |  
2019-08-22 07:03:19,641 | INFO  | DNAudit | user=null | ip=null | op=WRITE_CHUNK {blockData=conID: 2 locID: 102659352018485663 bcsId: 897} | ret=SUCCESS |  
2019-08-22 07:03:19,646 | INFO  | DNAudit | user=null | ip=null | op=WRITE_CHUNK {blockData=conID: 2 locID: 102659352018485663 bcsId: 897} | ret=SUCCESS |  
2019-08-22 07:03:19,648 | INFO  | DNAudit | user=null | ip=null | op=WRITE_CHUNK {blockData=conID: 2 locID: 102659352018485663 bcsId: 897} | ret=SUCCESS |  
2019-08-22 07:03:19,655 | INFO  | DNAudit | user=null | ip=null | op=WRITE_CHUNK {blockData=conID: 2 locID: 102659352018485663 bcsId: 897} | ret=SUCCESS |  
2019-08-22 07:03:19,655 | INFO  | DNAudit | user=null | ip=null | op=PUT_BLOCK {blockData=[blockId=conID: 2 locID: 102659352018485663 bcsId: 0,size=3145728]} | ret=SUCCESS |  
2019-08-22 07:03:19,656 [grpc-default-executor-3] INFO  client.GrpcClientProtocolClient (GrpcClientProtocolClient.java:onNext(255)) - client-CF63D631FA17->3cf1264f-5f6b-4138-aeee-2ff7d4522ead: receive RaftClientReply:client-CF63D631FA17->3cf1264f-5f6b-4138-aeee-2ff7d4522ead@group-561E16522154, cid=720, SUCCESS, logIndex=902, commits[3cf1264f-5f6b-4138-aeee-2ff7d4522ead:c903, 4f0d1a15-8f14-4d9a-ad4f-8211e1245b5d:c901, 6999f20e-c3f7-4db4-87ca-141c476f2a88:c901]
2019-08-22 07:03:19,656 [grpc-default-executor-3] INFO  client.GrpcClientProtocolClient (GrpcClientProtocolClient.java:onNext(255)) - client-CF63D631FA17->3cf1264f-5f6b-4138-aeee-2ff7d4522ead: receive RaftClientReply:client-CF63D631FA17->3cf1264f-5f6b-4138-aeee-2ff7d4522ead@group-561E16522154, cid=721, SUCCESS, logIndex=903, commits[3cf1264f-5f6b-4138-aeee-2ff7d4522ead:c903, 4f0d1a15-8f14-4d9a-ad4f-8211e1245b5d:c901, 6999f20e-c3f7-4db4-87ca-141c476f2a88:c901]
2019-08-22 07:03:19,666 | INFO  | DNAudit | user=null | ip=null | op=WRITE_CHUNK {blockData=conID: 2 locID: 102659352018485663 bcsId: 897} | ret=SUCCESS |  
2019-08-22 07:03:19,666 | INFO  | DNAudit | user=null | ip=null | op=WRITE_CHUNK {blockData=conID: 2 locID: 102659352018485663 bcsId: 897} | ret=SUCCESS |  
2019-08-22 07:03:19,667 | INFO  | DNAudit | user=null | ip=null | op=WRITE_CHUNK {blockData=conID: 2 locID: 102659352018485663 bcsId: 903} | ret=SUCCESS |  
2019-08-22 07:03:19,667 | INFO  | DNAudit | user=null | ip=null | op=PUT_BLOCK {blockData=[blockId=conID: 2 locID: 102659352018485663 bcsId: 0,size=3145728]} | ret=SUCCESS |  
2019-08-22 07:03:19,667 | INFO  | DNAudit | user=null | ip=null | op=PUT_BLOCK {blockData=[blockId=conID: 2 locID: 102659352018485663 bcsId: 0,size=3145728]} | ret=SUCCESS |  
2019-08-22 07:03:19,671 | INFO  | DNAudit | user=null | ip=null | op=WRITE_CHUNK {blockData=conID: 2 locID: 102659352018485663 bcsId: 903} | ret=SUCCESS |  
2019-08-22 07:03:19,671 | INFO  | DNAudit | user=null | ip=null | op=WRITE_CHUNK {blockData=conID: 2 locID: 102659352018485663 bcsId: 903} | ret=SUCCESS |  
2019-08-22 07:03:19,685 | INFO  | DNAudit | user=null | ip=null | op=WRITE_CHUNK {blockData=conID: 2 locID: 102659352018485663 bcsId: 903} | ret=SUCCESS |  
2019-08-22 07:03:19,685 | INFO  | DNAudit | user=null | ip=null | op=PUT_BLOCK {blockData=[blockId=conID: 2 locID: 102659352018485663 bcsId: 0,size=4194304]} | ret=SUCCESS |  
2019-08-22 07:03:19,686 [grpc-default-executor-0] INFO  client.GrpcClientProtocolClient (GrpcClientProtocolClient.java:onNext(255)) - client-CF63D631FA17->3cf1264f-5f6b-4138-aeee-2ff7d4522ead: receive RaftClientReply:client-CF63D631FA17->3cf1264f-5f6b-4138-aeee-2ff7d4522ead@group-561E16522154, cid=722, SUCCESS, logIndex=906, commits[3cf1264f-5f6b-4138-aeee-2ff7d4522ead:c907, 4f0d1a15-8f14-4d9a-ad4f-8211e1245b5d:c903, 6999f20e-c3f7-4db4-87ca-141c476f2a88:c903]
2019-08-22 07:03:19,686 [grpc-default-executor-0] INFO  client.GrpcClientProtocolClient (GrpcClientProtocolClient.java:onNext(255)) - client-CF63D631FA17->3cf1264f-5f6b-4138-aeee-2ff7d4522ead: receive RaftClientReply:client-CF63D631FA17->3cf1264f-5f6b-4138-aeee-2ff7d4522ead@group-561E16522154, cid=723, SUCCESS, logIndex=907, commits[3cf1264f-5f6b-4138-aeee-2ff7d4522ead:c907, 4f0d1a15-8f14-4d9a-ad4f-8211e1245b5d:c903, 6999f20e-c3f7-4db4-87ca-141c476f2a88:c903]
2019-08-22 07:03:19,698 | INFO  | DNAudit | user=null | ip=null | op=WRITE_CHUNK {blockData=conID: 2 locID: 102659352018485663 bcsId: 903} | ret=SUCCESS |  
2019-08-22 07:03:19,698 | INFO  | DNAudit | user=null | ip=null | op=WRITE_CHUNK {blockData=conID: 2 locID: 102659352018485663 bcsId: 903} | ret=SUCCESS |  
2019-08-22 07:03:19,698 | INFO  | DNAudit | user=null | ip=null | op=PUT_BLOCK {blockData=[blockId=conID: 2 locID: 102659352018485663 bcsId: 0,size=4194304]} | ret=SUCCESS |  
2019-08-22 07:03:19,698 | INFO  | DNAudit | user=null | ip=null | op=PUT_BLOCK {blockData=[blockId=conID: 2 locID: 102659352018485663 bcsId: 0,size=4194304]} | ret=SUCCESS |  
2019-08-22 07:03:19,699 [grpc-default-executor-0] INFO  client.GrpcClientProtocolClient (GrpcClientProtocolClient.java:onNext(255)) - client-CF63D631FA17->3cf1264f-5f6b-4138-aeee-2ff7d4522ead: receive RaftClientReply:client-CF63D631FA17->3cf1264f-5f6b-4138-aeee-2ff7d4522ead@group-561E16522154, cid=724, SUCCESS, logIndex=0, commits[3cf1264f-5f6b-4138-aeee-2ff7d4522ead:c908, 4f0d1a15-8f14-4d9a-ad4f-8211e1245b5d:c907, 6999f20e-c3f7-4db4-87ca-141c476f2a88:c907]
2019-08-22 07:03:19,708 | INFO  | DNAudit | user=null | ip=null | op=WRITE_CHUNK {blockData=conID: 3 locID: 102659352018485664 bcsId: 0} | ret=SUCCESS |  
 0.00% |█                                                                                                    |  0/1 Time: 0:00:022019-08-22 07:03:19,715 | INFO  | DNAudit | user=null | ip=null | op=WRITE_CHUNK {blockData=conID: 3 locID: 102659352018485664 bcsId: 0} | ret=SUCCESS |  
2019-08-22 07:03:19,716 | INFO  | DNAudit | user=null | ip=null | op=WRITE_CHUNK {blockData=conID: 3 locID: 102659352018485664 bcsId: 0} | ret=SUCCESS |  
2019-08-22 07:03:19,717 | INFO  | DNAudit | user=null | ip=null | op=WRITE_CHUNK {blockData=conID: 3 locID: 102659352018485664 bcsId: 0} | ret=SUCCESS |  
2019-08-22 07:03:19,720 | INFO  | DNAudit | user=null | ip=null | op=WRITE_CHUNK {blockData=conID: 3 locID: 102659352018485664 bcsId: 0} | ret=SUCCESS |  
2019-08-22 07:03:19,720 | INFO  | DNAudit | user=null | ip=null | op=WRITE_CHUNK {blockData=conID: 3 locID: 102659352018485664 bcsId: 0} | ret=SUCCESS |  
2019-08-22 07:03:19,728 | INFO  | DNAudit | user=null | ip=null | op=WRITE_CHUNK {blockData=conID: 3 locID: 102659352018485664 bcsId: 0} | ret=SUCCESS |  
2019-08-22 07:03:19,728 | INFO  | DNAudit | user=null | ip=null | op=PUT_BLOCK {blockData=[blockId=conID: 3 locID: 102659352018485664 bcsId: 0,size=1048576]} | ret=SUCCESS |  
2019-08-22 07:03:19,729 [grpc-default-executor-1] INFO  client.GrpcClientProtocolClient (GrpcClientProtocolClient.java:onNext(255)) - client-CF63D631FA17->3cf1264f-5f6b-4138-aeee-2ff7d4522ead: receive RaftClientReply:client-CF63D631FA17->3cf1264f-5f6b-4138-aeee-2ff7d4522ead@group-561E16522154, cid=725, SUCCESS, logIndex=910, commits[3cf1264f-5f6b-4138-aeee-2ff7d4522ead:c911, 4f0d1a15-8f14-4d9a-ad4f-8211e1245b5d:c908, 6999f20e-c3f7-4db4-87ca-141c476f2a88:c908]
2019-08-22 07:03:19,729 [grpc-default-executor-1] INFO  client.GrpcClientProtocolClient (GrpcClientProtocolClient.java:onNext(255)) - client-CF63D631FA17->3cf1264f-5f6b-4138-aeee-2ff7d4522ead: receive RaftClientReply:client-CF63D631FA17->3cf1264f-5f6b-4138-aeee-2ff7d4522ead@group-561E16522154, cid=726, SUCCESS, logIndex=911, commits[3cf1264f-5f6b-4138-aeee-2ff7d4522ead:c911, 4f0d1a15-8f14-4d9a-ad4f-8211e1245b5d:c908, 6999f20e-c3f7-4db4-87ca-141c476f2a88:c908]
2019-08-22 07:03:19,739 | INFO  | DNAudit | user=null | ip=null | op=WRITE_CHUNK {blockData=conID: 3 locID: 102659352018485664 bcsId: 0} | ret=SUCCESS |  
2019-08-22 07:03:19,740 | INFO  | DNAudit | user=null | ip=null | op=PUT_BLOCK {blockData=[blockId=conID: 3 locID: 102659352018485664 bcsId: 0,size=2097152]} | ret=SUCCESS |  
2019-08-22 07:03:19,740 [grpc-default-executor-5] INFO  client.GrpcClientProtocolClient (GrpcClientProtocolClient.java:onNext(255)) - client-CF63D631FA17->3cf1264f-5f6b-4138-aeee-2ff7d4522ead: receive RaftClientReply:client-CF63D631FA17->3cf1264f-5f6b-4138-aeee-2ff7d4522ead@group-561E16522154, cid=727, SUCCESS, logIndex=912, commits[3cf1264f-5f6b-4138-aeee-2ff7d4522ead:c913, 4f0d1a15-8f14-4d9a-ad4f-8211e1245b5d:c909, 6999f20e-c3f7-4db4-87ca-141c476f2a88:c908]
2019-08-22 07:03:19,741 [grpc-default-executor-5] INFO  client.GrpcClientProtocolClient (GrpcClientProtocolClient.java:onNext(255)) - client-CF63D631FA17->3cf1264f-5f6b-4138-aeee-2ff7d4522ead: receive RaftClientReply:client-CF63D631FA17->3cf1264f-5f6b-4138-aeee-2ff7d4522ead@group-561E16522154, cid=728, SUCCESS, logIndex=913, commits[3cf1264f-5f6b-4138-aeee-2ff7d4522ead:c913, 4f0d1a15-8f14-4d9a-ad4f-8211e1245b5d:c909, 6999f20e-c3f7-4db4-87ca-141c476f2a88:c908]
2019-08-22 07:03:19,752 | INFO  | DNAudit | user=null | ip=null | op=WRITE_CHUNK {blockData=conID: 3 locID: 102659352018485664 bcsId: 0} | ret=SUCCESS |  
2019-08-22 07:03:19,752 | INFO  | DNAudit | user=null | ip=null | op=PUT_BLOCK {blockData=[blockId=conID: 3 locID: 102659352018485664 bcsId: 0,size=1048576]} | ret=SUCCESS |  
2019-08-22 07:03:19,754 | INFO  | DNAudit | user=null | ip=null | op=WRITE_CHUNK {blockData=conID: 3 locID: 102659352018485664 bcsId: 0} | ret=SUCCESS |  
2019-08-22 07:03:19,754 | INFO  | DNAudit | user=null | ip=null | op=PUT_BLOCK {blockData=[blockId=conID: 3 locID: 102659352018485664 bcsId: 0,size=1048576]} | ret=SUCCESS |  
2019-08-22 07:03:19,754 | INFO  | DNAudit | user=null | ip=null | op=WRITE_CHUNK {blockData=conID: 3 locID: 102659352018485664 bcsId: 0} | ret=SUCCESS |  
2019-08-22 07:03:19,754 | INFO  | DNAudit | user=null | ip=null | op=PUT_BLOCK {blockData=[blockId=conID: 3 locID: 102659352018485664 bcsId: 0,size=2097152]} | ret=SUCCESS |  
2019-08-22 07:03:19,755 [grpc-default-executor-5] INFO  client.GrpcClientProtocolClient (GrpcClientProtocolClient.java:onNext(255)) - client-CF63D631FA17->3cf1264f-5f6b-4138-aeee-2ff7d4522ead: receive RaftClientReply:client-CF63D631FA17->3cf1264f-5f6b-4138-aeee-2ff7d4522ead@group-561E16522154, cid=729, SUCCESS, logIndex=0, commits[3cf1264f-5f6b-4138-aeee-2ff7d4522ead:c915, 4f0d1a15-8f14-4d9a-ad4f-8211e1245b5d:c911, 6999f20e-c3f7-4db4-87ca-141c476f2a88:c911]
2019-08-22 07:03:19,764 | INFO  | DNAudit | user=null | ip=null | op=WRITE_CHUNK {blockData=conID: 3 locID: 102659352018485664 bcsId: 913} | ret=SUCCESS |  
2019-08-22 07:03:19,765 | INFO  | DNAudit | user=null | ip=null | op=WRITE_CHUNK {blockData=conID: 3 locID: 102659352018485664 bcsId: 0} | ret=SUCCESS |  
2019-08-22 07:03:19,765 | INFO  | DNAudit | user=null | ip=null | op=PUT_BLOCK {blockData=[blockId=conID: 3 locID: 102659352018485664 bcsId: 0,size=2097152]} | ret=SUCCESS |  
2019-08-22 07:03:19,767 | INFO  | DNAudit | user=null | ip=null | op=WRITE_CHUNK {blockData=conID: 3 locID: 102659352018485664 bcsId: 913} | ret=SUCCESS |  
2019-08-22 07:03:19,768 | INFO  | DNAudit | user=null | ip=null | op=WRITE_CHUNK {blockData=conID: 3 locID: 102659352018485664 bcsId: 913} | ret=SUCCESS |  
2019-08-22 07:03:19,773 | INFO  | SCMAudit | user=jenkins1000 | ip=192.168.34.31 | op=SEND_HEARTBEAT {datanodeUUID=4f0d1a15-8f14-4d9a-ad4f-8211e1245b5d, command=[]} | ret=SUCCESS |  
2019-08-22 07:03:19,779 | INFO  | DNAudit | user=null | ip=null | op=WRITE_CHUNK {blockData=conID: 3 locID: 102659352018485664 bcsId: 913} | ret=SUCCESS |  
2019-08-22 07:03:19,779 | INFO  | DNAudit | user=null | ip=null | op=PUT_BLOCK {blockData=[blockId=conID: 3 locID: 102659352018485664 bcsId: 0,size=3145728]} | ret=SUCCESS |  
2019-08-22 07:03:19,780 | INFO  | SCMAudit | user=jenkins1000 | ip=192.168.34.31 | op=SEND_HEARTBEAT {datanodeUUID=3cf1264f-5f6b-4138-aeee-2ff7d4522ead, command=[]} | ret=SUCCESS |  
2019-08-22 07:03:19,780 [grpc-default-executor-1] INFO  client.GrpcClientProtocolClient (GrpcClientProtocolClient.java:onNext(255)) - client-CF63D631FA17->3cf1264f-5f6b-4138-aeee-2ff7d4522ead: receive RaftClientReply:client-CF63D631FA17->3cf1264f-5f6b-4138-aeee-2ff7d4522ead@group-561E16522154, cid=730, SUCCESS, logIndex=918, commits[3cf1264f-5f6b-4138-aeee-2ff7d4522ead:c919, 4f0d1a15-8f14-4d9a-ad4f-8211e1245b5d:c913, 6999f20e-c3f7-4db4-87ca-141c476f2a88:c917]
2019-08-22 07:03:19,780 [grpc-default-executor-1] INFO  client.GrpcClientProtocolClient (GrpcClientProtocolClient.java:onNext(255)) - client-CF63D631FA17->3cf1264f-5f6b-4138-aeee-2ff7d4522ead: receive RaftClientReply:client-CF63D631FA17->3cf1264f-5f6b-4138-aeee-2ff7d4522ead@group-561E16522154, cid=731, SUCCESS, logIndex=919, commits[3cf1264f-5f6b-4138-aeee-2ff7d4522ead:c919, 4f0d1a15-8f14-4d9a-ad4f-8211e1245b5d:c917, 6999f20e-c3f7-4db4-87ca-141c476f2a88:c917]
2019-08-22 07:03:19,781 | INFO  | DNAudit | user=null | ip=null | op=WRITE_CHUNK {blockData=conID: 3 locID: 102659352018485664 bcsId: 913} | ret=SUCCESS |  
2019-08-22 07:03:19,781 | INFO  | DNAudit | user=null | ip=null | op=WRITE_CHUNK {blockData=conID: 3 locID: 102659352018485664 bcsId: 913} | ret=SUCCESS |  
2019-08-22 07:03:19,782 | INFO  | DNAudit | user=null | ip=null | op=PUT_BLOCK {blockData=[blockId=conID: 3 locID: 102659352018485664 bcsId: 0,size=3145728]} | ret=SUCCESS |  
2019-08-22 07:03:19,782 | INFO  | DNAudit | user=null | ip=null | op=PUT_BLOCK {blockData=[blockId=conID: 3 locID: 102659352018485664 bcsId: 0,size=3145728]} | ret=SUCCESS |  
2019-08-22 07:03:19,787 | INFO  | SCMAudit | user=jenkins1000 | ip=192.168.34.31 | op=SEND_HEARTBEAT {datanodeUUID=6999f20e-c3f7-4db4-87ca-141c476f2a88, command=[]} | ret=SUCCESS |  
2019-08-22 07:03:19,789 | INFO  | DNAudit | user=null | ip=null | op=WRITE_CHUNK {blockData=conID: 3 locID: 102659352018485664 bcsId: 919} | ret=SUCCESS |  
2019-08-22 07:03:19,946 | INFO  | DNAudit | user=null | ip=null | op=WRITE_CHUNK {blockData=conID: 3 locID: 102659352018485664 bcsId: 919} | ret=SUCCESS |  
2019-08-22 07:03:19,946 | INFO  | DNAudit | user=null | ip=null | op=WRITE_CHUNK {blockData=conID: 3 locID: 102659352018485664 bcsId: 919} | ret=SUCCESS |  
2019-08-22 07:03:19,962 | INFO  | DNAudit | user=null | ip=null | op=WRITE_CHUNK {blockData=conID: 3 locID: 102659352018485664 bcsId: 919} | ret=SUCCESS |  
2019-08-22 07:03:19,963 | INFO  | DNAudit | user=null | ip=null | op=PUT_BLOCK {blockData=[blockId=conID: 3 locID: 102659352018485664 bcsId: 0,size=4194304]} | ret=SUCCESS |  
2019-08-22 07:03:19,963 [grpc-default-executor-1] INFO  client.GrpcClientProtocolClient (GrpcClientProtocolClient.java:onNext(255)) - client-CF63D631FA17->3cf1264f-5f6b-4138-aeee-2ff7d4522ead: receive RaftClientReply:client-CF63D631FA17->3cf1264f-5f6b-4138-aeee-2ff7d4522ead@group-561E16522154, cid=732, SUCCESS, logIndex=922, commits[3cf1264f-5f6b-4138-aeee-2ff7d4522ead:c923, 4f0d1a15-8f14-4d9a-ad4f-8211e1245b5d:c921, 6999f20e-c3f7-4db4-87ca-141c476f2a88:c921]
2019-08-22 07:03:19,964 [grpc-default-executor-1] INFO  client.GrpcClientProtocolClient (GrpcClientProtocolClient.java:onNext(255)) - client-CF63D631FA17->3cf1264f-5f6b-4138-aeee-2ff7d4522ead: receive RaftClientReply:client-CF63D631FA17->3cf1264f-5f6b-4138-aeee-2ff7d4522ead@group-561E16522154, cid=733, SUCCESS, logIndex=923, commits[3cf1264f-5f6b-4138-aeee-2ff7d4522ead:c923, 4f0d1a15-8f14-4d9a-ad4f-8211e1245b5d:c921, 6999f20e-c3f7-4db4-87ca-141c476f2a88:c921]
2019-08-22 07:03:19,973 | INFO  | DNAudit | user=null | ip=null | op=WRITE_CHUNK {blockData=conID: 3 locID: 102659352018485664 bcsId: 919} | ret=SUCCESS |  
2019-08-22 07:03:19,973 | INFO  | DNAudit | user=null | ip=null | op=WRITE_CHUNK {blockData=conID: 3 locID: 102659352018485664 bcsId: 919} | ret=SUCCESS |  
2019-08-22 07:03:19,976 | INFO  | DNAudit | user=null | ip=null | op=PUT_BLOCK {blockData=[blockId=conID: 3 locID: 102659352018485664 bcsId: 0,size=4194304]} | ret=SUCCESS |  
2019-08-22 07:03:19,976 | INFO  | DNAudit | user=null | ip=null | op=PUT_BLOCK {blockData=[blockId=conID: 3 locID: 102659352018485664 bcsId: 0,size=4194304]} | ret=SUCCESS |  
2019-08-22 07:03:19,978 [grpc-default-executor-1] INFO  client.GrpcClientProtocolClient (GrpcClientProtocolClient.java:onNext(255)) - client-CF63D631FA17->3cf1264f-5f6b-4138-aeee-2ff7d4522ead: receive RaftClientReply:client-CF63D631FA17->3cf1264f-5f6b-4138-aeee-2ff7d4522ead@group-561E16522154, cid=734, SUCCESS, logIndex=0, commits[3cf1264f-5f6b-4138-aeee-2ff7d4522ead:c925, 4f0d1a15-8f14-4d9a-ad4f-8211e1245b5d:c923, 6999f20e-c3f7-4db4-87ca-141c476f2a88:c923]
2019-08-22 07:03:19,989 | INFO  | DNAudit | user=null | ip=null | op=WRITE_CHUNK {blockData=conID: 1 locID: 102659352018485665 bcsId: 0} | ret=SUCCESS |  
2019-08-22 07:03:19,996 | INFO  | DNAudit | user=null | ip=null | op=WRITE_CHUNK {blockData=conID: 1 locID: 102659352018485665 bcsId: 0} | ret=SUCCESS |  
2019-08-22 07:03:19,997 | INFO  | DNAudit | user=null | ip=null | op=WRITE_CHUNK {blockData=conID: 1 locID: 102659352018485665 bcsId: 0} | ret=SUCCESS |  
2019-08-22 07:03:19,997 | INFO  | DNAudit | user=null | ip=null | op=WRITE_CHUNK {blockData=conID: 1 locID: 102659352018485665 bcsId: 0} | ret=SUCCESS |  
2019-08-22 07:03:19,999 | INFO  | DNAudit | user=null | ip=null | op=WRITE_CHUNK {blockData=conID: 1 locID: 102659352018485665 bcsId: 0} | ret=SUCCESS |  
2019-08-22 07:03:20,000 | INFO  | DNAudit | user=null | ip=null | op=WRITE_CHUNK {blockData=conID: 1 locID: 102659352018485665 bcsId: 0} | ret=SUCCESS |  
2019-08-22 07:03:20,004 | INFO  | DNAudit | user=null | ip=null | op=WRITE_CHUNK {blockData=conID: 1 locID: 102659352018485665 bcsId: 0} | ret=SUCCESS |  
2019-08-22 07:03:20,004 | INFO  | DNAudit | user=null | ip=null | op=PUT_BLOCK {blockData=[blockId=conID: 1 locID: 102659352018485665 bcsId: 0,size=1048576]} | ret=SUCCESS |  
2019-08-22 07:03:20,005 [grpc-default-executor-5] INFO  client.GrpcClientProtocolClient (GrpcClientProtocolClient.java:onNext(255)) - client-CF63D631FA17->3cf1264f-5f6b-4138-aeee-2ff7d4522ead: receive RaftClientReply:client-CF63D631FA17->3cf1264f-5f6b-4138-aeee-2ff7d4522ead@group-561E16522154, cid=735, SUCCESS, logIndex=926, commits[3cf1264f-5f6b-4138-aeee-2ff7d4522ead:c927, 4f0d1a15-8f14-4d9a-ad4f-8211e1245b5d:c925, 6999f20e-c3f7-4db4-87ca-141c476f2a88:c925]
2019-08-22 07:03:20,006 [grpc-default-executor-5] INFO  client.GrpcClientProtocolClient (GrpcClientProtocolClient.java:onNext(255)) - client-CF63D631FA17->3cf1264f-5f6b-4138-aeee-2ff7d4522ead: receive RaftClientReply:client-CF63D631FA17->3cf1264f-5f6b-4138-aeee-2ff7d4522ead@group-561E16522154, cid=736, SUCCESS, logIndex=927, commits[3cf1264f-5f6b-4138-aeee-2ff7d4522ead:c927, 4f0d1a15-8f14-4d9a-ad4f-8211e1245b5d:c925, 6999f20e-c3f7-4db4-87ca-141c476f2a88:c925]
2019-08-22 07:03:20,014 | INFO  | DNAudit | user=null | ip=null | op=WRITE_CHUNK {blockData=conID: 1 locID: 102659352018485665 bcsId: 0} | ret=SUCCESS |  
2019-08-22 07:03:20,014 | INFO  | DNAudit | user=null | ip=null | op=PUT_BLOCK {blockData=[blockId=conID: 1 locID: 102659352018485665 bcsId: 0,size=2097152]} | ret=SUCCESS |  
2019-08-22 07:03:20,015 [grpc-default-executor-0] INFO  client.GrpcClientProtocolClient (GrpcClientProtocolClient.java:onNext(255)) - client-CF63D631FA17->3cf1264f-5f6b-4138-aeee-2ff7d4522ead: receive RaftClientReply:client-CF63D631FA17->3cf1264f-5f6b-4138-aeee-2ff7d4522ead@group-561E16522154, cid=737, SUCCESS, logIndex=928, commits[3cf1264f-5f6b-4138-aeee-2ff7d4522ead:c929, 4f0d1a15-8f14-4d9a-ad4f-8211e1245b5d:c925, 6999f20e-c3f7-4db4-87ca-141c476f2a88:c925]
2019-08-22 07:03:20,015 [grpc-default-executor-0] INFO  client.GrpcClientProtocolClient (GrpcClientProtocolClient.java:onNext(255)) - client-CF63D631FA17->3cf1264f-5f6b-4138-aeee-2ff7d4522ead: receive RaftClientReply:client-CF63D631FA17->3cf1264f-5f6b-4138-aeee-2ff7d4522ead@group-561E16522154, cid=738, SUCCESS, logIndex=929, commits[3cf1264f-5f6b-4138-aeee-2ff7d4522ead:c929, 4f0d1a15-8f14-4d9a-ad4f-8211e1245b5d:c925, 6999f20e-c3f7-4db4-87ca-141c476f2a88:c925]
2019-08-22 07:03:20,016 | INFO  | DNAudit | user=null | ip=null | op=WRITE_CHUNK {blockData=conID: 1 locID: 102659352018485665 bcsId: 0} | ret=SUCCESS |  
2019-08-22 07:03:20,029 | INFO  | DNAudit | user=null | ip=null | op=PUT_BLOCK {blockData=[blockId=conID: 1 locID: 102659352018485665 bcsId: 0,size=1048576]} | ret=SUCCESS |  
2019-08-22 07:03:20,029 | INFO  | DNAudit | user=null | ip=null | op=WRITE_CHUNK {blockData=conID: 1 locID: 102659352018485665 bcsId: 0} | ret=SUCCESS |  
2019-08-22 07:03:20,029 | INFO  | DNAudit | user=null | ip=null | op=WRITE_CHUNK {blockData=conID: 1 locID: 102659352018485665 bcsId: 0} | ret=SUCCESS |  
2019-08-22 07:03:20,029 | INFO  | DNAudit | user=null | ip=null | op=PUT_BLOCK {blockData=[blockId=conID: 1 locID: 102659352018485665 bcsId: 0,size=1048576]} | ret=SUCCESS |  
2019-08-22 07:03:20,029 | INFO  | DNAudit | user=null | ip=null | op=PUT_BLOCK {blockData=[blockId=conID: 1 locID: 102659352018485665 bcsId: 0,size=2097152]} | ret=SUCCESS |  
2019-08-22 07:03:20,030 | INFO  | DNAudit | user=null | ip=null | op=WRITE_CHUNK {blockData=conID: 1 locID: 102659352018485665 bcsId: 0} | ret=SUCCESS |  
2019-08-22 07:03:20,030 | INFO  | DNAudit | user=null | ip=null | op=PUT_BLOCK {blockData=[blockId=conID: 1 locID: 102659352018485665 bcsId: 0,size=2097152]} | ret=SUCCESS |  
2019-08-22 07:03:20,030 [grpc-default-executor-0] INFO  client.GrpcClientProtocolClient (GrpcClientProtocolClient.java:onNext(255)) - client-CF63D631FA17->3cf1264f-5f6b-4138-aeee-2ff7d4522ead: receive RaftClientReply:client-CF63D631FA17->3cf1264f-5f6b-4138-aeee-2ff7d4522ead@group-561E16522154, cid=739, SUCCESS, logIndex=0, commits[3cf1264f-5f6b-4138-aeee-2ff7d4522ead:c931, 4f0d1a15-8f14-4d9a-ad4f-8211e1245b5d:c929, 6999f20e-c3f7-4db4-87ca-141c476f2a88:c927]
2019-08-22 07:03:20,041 | INFO  | DNAudit | user=null | ip=null | op=WRITE_CHUNK {blockData=conID: 1 locID: 102659352018485665 bcsId: 929} | ret=SUCCESS |  
2019-08-22 07:03:20,047 | INFO  | DNAudit | user=null | ip=null | op=WRITE_CHUNK {blockData=conID: 1 locID: 102659352018485665 bcsId: 929} | ret=SUCCESS |  
2019-08-22 07:03:20,047 | INFO  | DNAudit | user=null | ip=null | op=WRITE_CHUNK {blockData=conID: 1 locID: 102659352018485665 bcsId: 929} | ret=SUCCESS |  
2019-08-22 07:03:20,056 | INFO  | DNAudit | user=null | ip=null | op=WRITE_CHUNK {blockData=conID: 1 locID: 102659352018485665 bcsId: 929} | ret=SUCCESS |  
2019-08-22 07:03:20,056 | INFO  | DNAudit | user=null | ip=null | op=PUT_BLOCK {blockData=[blockId=conID: 1 locID: 102659352018485665 bcsId: 0,size=3145728]} | ret=SUCCESS |  
2019-08-22 07:03:20,057 [grpc-default-executor-5] INFO  client.GrpcClientProtocolClient (GrpcClientProtocolClient.java:onNext(255)) - client-CF63D631FA17->3cf1264f-5f6b-4138-aeee-2ff7d4522ead: receive RaftClientReply:client-CF63D631FA17->3cf1264f-5f6b-4138-aeee-2ff7d4522ead@group-561E16522154, cid=740, SUCCESS, logIndex=933, commits[3cf1264f-5f6b-4138-aeee-2ff7d4522ead:c934, 4f0d1a15-8f14-4d9a-ad4f-8211e1245b5d:c932, 6999f20e-c3f7-4db4-87ca-141c476f2a88:c931]
2019-08-22 07:03:20,057 [grpc-default-executor-5] INFO  client.GrpcClientProtocolClient (GrpcClientProtocolClient.java:onNext(255)) - client-CF63D631FA17->3cf1264f-5f6b-4138-aeee-2ff7d4522ead: receive RaftClientReply:client-CF63D631FA17->3cf1264f-5f6b-4138-aeee-2ff7d4522ead@group-561E16522154, cid=741, SUCCESS, logIndex=934, commits[3cf1264f-5f6b-4138-aeee-2ff7d4522ead:c934, 4f0d1a15-8f14-4d9a-ad4f-8211e1245b5d:c932, 6999f20e-c3f7-4db4-87ca-141c476f2a88:c932]
2019-08-22 07:03:20,067 | INFO  | DNAudit | user=null | ip=null | op=WRITE_CHUNK {blockData=conID: 1 locID: 102659352018485665 bcsId: 934} | ret=SUCCESS |  
2019-08-22 07:03:20,069 | INFO  | DNAudit | user=null | ip=null | op=WRITE_CHUNK {blockData=conID: 1 locID: 102659352018485665 bcsId: 929} | ret=SUCCESS |  
2019-08-22 07:03:20,069 | INFO  | DNAudit | user=null | ip=null | op=WRITE_CHUNK {blockData=conID: 1 locID: 102659352018485665 bcsId: 929} | ret=SUCCESS |  
2019-08-22 07:03:20,069 | INFO  | DNAudit | user=null | ip=null | op=WRITE_CHUNK {blockData=conID: 1 locID: 102659352018485665 bcsId: 934} | ret=SUCCESS |  
2019-08-22 07:03:20,069 | INFO  | DNAudit | user=null | ip=null | op=WRITE_CHUNK {blockData=conID: 1 locID: 102659352018485665 bcsId: 934} | ret=SUCCESS |  
2019-08-22 07:03:20,082 | INFO  | DNAudit | user=null | ip=null | op=PUT_BLOCK {blockData=[blockId=conID: 1 locID: 102659352018485665 bcsId: 0,size=3145728]} | ret=SUCCESS |  
2019-08-22 07:03:20,082 | INFO  | DNAudit | user=null | ip=null | op=PUT_BLOCK {blockData=[blockId=conID: 1 locID: 102659352018485665 bcsId: 0,size=3145728]} | ret=SUCCESS |  
2019-08-22 07:03:20,082 | INFO  | DNAudit | user=null | ip=null | op=WRITE_CHUNK {blockData=conID: 1 locID: 102659352018485665 bcsId: 934} | ret=SUCCESS |  
2019-08-22 07:03:20,083 | INFO  | DNAudit | user=null | ip=null | op=PUT_BLOCK {blockData=[blockId=conID: 1 locID: 102659352018485665 bcsId: 0,size=4194304]} | ret=SUCCESS |  
2019-08-22 07:03:20,083 [grpc-default-executor-0] INFO  client.GrpcClientProtocolClient (GrpcClientProtocolClient.java:onNext(255)) - client-CF63D631FA17->3cf1264f-5f6b-4138-aeee-2ff7d4522ead: receive RaftClientReply:client-CF63D631FA17->3cf1264f-5f6b-4138-aeee-2ff7d4522ead@group-561E16522154, cid=742, SUCCESS, logIndex=937, commits[3cf1264f-5f6b-4138-aeee-2ff7d4522ead:c938, 4f0d1a15-8f14-4d9a-ad4f-8211e1245b5d:c934, 6999f20e-c3f7-4db4-87ca-141c476f2a88:c934]
2019-08-22 07:03:20,084 [grpc-default-executor-0] INFO  client.GrpcClientProtocolClient (GrpcClientProtocolClient.java:onNext(255)) - client-CF63D631FA17->3cf1264f-5f6b-4138-aeee-2ff7d4522ead: receive RaftClientReply:client-CF63D631FA17->3cf1264f-5f6b-4138-aeee-2ff7d4522ead@group-561E16522154, cid=743, SUCCESS, logIndex=938, commits[3cf1264f-5f6b-4138-aeee-2ff7d4522ead:c938, 4f0d1a15-8f14-4d9a-ad4f-8211e1245b5d:c934, 6999f20e-c3f7-4db4-87ca-141c476f2a88:c934]
2019-08-22 07:03:20,095 | INFO  | DNAudit | user=null | ip=null | op=WRITE_CHUNK {blockData=conID: 1 locID: 102659352018485665 bcsId: 934} | ret=SUCCESS |  
2019-08-22 07:03:20,095 | INFO  | DNAudit | user=null | ip=null | op=WRITE_CHUNK {blockData=conID: 1 locID: 102659352018485665 bcsId: 934} | ret=SUCCESS |  
2019-08-22 07:03:20,105 | INFO  | DNAudit | user=null | ip=null | op=PUT_BLOCK {blockData=[blockId=conID: 1 locID: 102659352018485665 bcsId: 0,size=4194304]} | ret=SUCCESS |  
2019-08-22 07:03:20,105 | INFO  | DNAudit | user=null | ip=null | op=PUT_BLOCK {blockData=[blockId=conID: 1 locID: 102659352018485665 bcsId: 0,size=4194304]} | ret=SUCCESS |  
2019-08-22 07:03:20,106 [grpc-default-executor-0] INFO  client.GrpcClientProtocolClient (GrpcClientProtocolClient.java:onNext(255)) - client-CF63D631FA17->3cf1264f-5f6b-4138-aeee-2ff7d4522ead: receive RaftClientReply:client-CF63D631FA17->3cf1264f-5f6b-4138-aeee-2ff7d4522ead@group-561E16522154, cid=744, SUCCESS, logIndex=0, commits[3cf1264f-5f6b-4138-aeee-2ff7d4522ead:c940, 4f0d1a15-8f14-4d9a-ad4f-8211e1245b5d:c938, 6999f20e-c3f7-4db4-87ca-141c476f2a88:c938]
2019-08-22 07:03:20,111 | INFO  | SCMAudit | user=jenkins1000 | ip=192.168.34.31 | op=SEND_HEARTBEAT {datanodeUUID=f789f48f-f3d7-45ec-9bba-6a89e2bdcc9c, command=[]} | ret=SUCCESS |  
2019-08-22 07:03:20,114 | INFO  | DNAudit | user=null | ip=null | op=WRITE_CHUNK {blockData=conID: 2 locID: 102659352018485666 bcsId: 0} | ret=SUCCESS |  
2019-08-22 07:03:20,117 | INFO  | DNAudit | user=null | ip=null | op=WRITE_CHUNK {blockData=conID: 2 locID: 102659352018485666 bcsId: 0} | ret=SUCCESS |  
2019-08-22 07:03:20,119 | INFO  | DNAudit | user=null | ip=null | op=WRITE_CHUNK {blockData=conID: 2 locID: 102659352018485666 bcsId: 0} | ret=SUCCESS |  
2019-08-22 07:03:20,119 | INFO  | DNAudit | user=null | ip=null | op=WRITE_CHUNK {blockData=conID: 2 locID: 102659352018485666 bcsId: 0} | ret=SUCCESS |  
2019-08-22 07:03:20,121 | INFO  | DNAudit | user=null | ip=null | op=WRITE_CHUNK {blockData=conID: 2 locID: 102659352018485666 bcsId: 0} | ret=SUCCESS |  
2019-08-22 07:03:20,121 | INFO  | DNAudit | user=null | ip=null | op=WRITE_CHUNK {blockData=conID: 2 locID: 102659352018485666 bcsId: 0} | ret=SUCCESS |  
2019-08-22 07:03:20,133 | INFO  | DNAudit | user=null | ip=null | op=WRITE_CHUNK {blockData=conID: 2 locID: 102659352018485666 bcsId: 0} | ret=SUCCESS |  
2019-08-22 07:03:20,134 | INFO  | DNAudit | user=null | ip=null | op=PUT_BLOCK {blockData=[blockId=conID: 2 locID: 102659352018485666 bcsId: 0,size=1048576]} | ret=SUCCESS |  
2019-08-22 07:03:20,134 | INFO  | DNAudit | user=null | ip=null | op=WRITE_CHUNK {blockData=conID: 2 locID: 102659352018485666 bcsId: 0} | ret=SUCCESS |  
2019-08-22 07:03:20,134 [grpc-default-executor-0] INFO  client.GrpcClientProtocolClient (GrpcClientProtocolClient.java:onNext(255)) - client-CF63D631FA17->3cf1264f-5f6b-4138-aeee-2ff7d4522ead: receive RaftClientReply:client-CF63D631FA17->3cf1264f-5f6b-4138-aeee-2ff7d4522ead@group-561E16522154, cid=745, SUCCESS, logIndex=941, commits[3cf1264f-5f6b-4138-aeee-2ff7d4522ead:c942, 4f0d1a15-8f14-4d9a-ad4f-8211e1245b5d:c940, 6999f20e-c3f7-4db4-87ca-141c476f2a88:c940]
2019-08-22 07:03:20,135 | INFO  | DNAudit | user=null | ip=null | op=PUT_BLOCK {blockData=[blockId=conID: 2 locID: 102659352018485666 bcsId: 0,size=2097152]} | ret=SUCCESS |  
2019-08-22 07:03:20,135 [grpc-default-executor-0] INFO  client.GrpcClientProtocolClient (GrpcClientProtocolClient.java:onNext(255)) - client-CF63D631FA17->3cf1264f-5f6b-4138-aeee-2ff7d4522ead: receive RaftClientReply:client-CF63D631FA17->3cf1264f-5f6b-4138-aeee-2ff7d4522ead@group-561E16522154, cid=746, SUCCESS, logIndex=942, commits[3cf1264f-5f6b-4138-aeee-2ff7d4522ead:c943, 4f0d1a15-8f14-4d9a-ad4f-8211e1245b5d:c940, 6999f20e-c3f7-4db4-87ca-141c476f2a88:c940]
2019-08-22 07:03:20,135 [grpc-default-executor-0] INFO  client.GrpcClientProtocolClient (GrpcClientProtocolClient.java:onNext(255)) - client-CF63D631FA17->3cf1264f-5f6b-4138-aeee-2ff7d4522ead: receive RaftClientReply:client-CF63D631FA17->3cf1264f-5f6b-4138-aeee-2ff7d4522ead@group-561E16522154, cid=747, SUCCESS, logIndex=943, commits[3cf1264f-5f6b-4138-aeee-2ff7d4522ead:c944, 4f0d1a15-8f14-4d9a-ad4f-8211e1245b5d:c940, 6999f20e-c3f7-4db4-87ca-141c476f2a88:c940]
2019-08-22 07:03:20,135 | INFO  | DNAudit | user=null | ip=null | op=WRITE_CHUNK {blockData=conID: 2 locID: 102659352018485666 bcsId: 0} | ret=SUCCESS |  
2019-08-22 07:03:20,135 [grpc-default-executor-0] INFO  client.GrpcClientProtocolClient (GrpcClientProtocolClient.java:onNext(255)) - client-CF63D631FA17->3cf1264f-5f6b-4138-aeee-2ff7d4522ead: receive RaftClientReply:client-CF63D631FA17->3cf1264f-5f6b-4138-aeee-2ff7d4522ead@group-561E16522154, cid=748, SUCCESS, logIndex=944, commits[3cf1264f-5f6b-4138-aeee-2ff7d4522ead:c944, 4f0d1a15-8f14-4d9a-ad4f-8211e1245b5d:c940, 6999f20e-c3f7-4db4-87ca-141c476f2a88:c940]
2019-08-22 07:03:20,136 | INFO  | DNAudit | user=null | ip=null | op=PUT_BLOCK {blockData=[blockId=conID: 2 locID: 102659352018485666 bcsId: 0,size=1048576]} | ret=SUCCESS |  
2019-08-22 07:03:20,137 | INFO  | DNAudit | user=null | ip=null | op=WRITE_CHUNK {blockData=conID: 2 locID: 102659352018485666 bcsId: 0} | ret=SUCCESS |  
2019-08-22 07:03:20,138 | INFO  | DNAudit | user=null | ip=null | op=PUT_BLOCK {blockData=[blockId=conID: 2 locID: 102659352018485666 bcsId: 0,size=1048576]} | ret=SUCCESS |  
2019-08-22 07:03:20,138 | INFO  | DNAudit | user=null | ip=null | op=WRITE_CHUNK {blockData=conID: 2 locID: 102659352018485666 bcsId: 0} | ret=SUCCESS |  
2019-08-22 07:03:20,138 | INFO  | DNAudit | user=null | ip=null | op=PUT_BLOCK {blockData=[blockId=conID: 2 locID: 102659352018485666 bcsId: 0,size=2097152]} | ret=SUCCESS |  
2019-08-22 07:03:20,138 [grpc-default-executor-0] INFO  client.GrpcClientProtocolClient (GrpcClientProtocolClient.java:onNext(255)) - client-CF63D631FA17->3cf1264f-5f6b-4138-aeee-2ff7d4522ead: receive RaftClientReply:client-CF63D631FA17->3cf1264f-5f6b-4138-aeee-2ff7d4522ead@group-561E16522154, cid=749, SUCCESS, logIndex=0, commits[3cf1264f-5f6b-4138-aeee-2ff7d4522ead:c946, 4f0d1a15-8f14-4d9a-ad4f-8211e1245b5d:c942, 6999f20e-c3f7-4db4-87ca-141c476f2a88:c942]
2019-08-22 07:03:20,139 | INFO  | DNAudit | user=null | ip=null | op=WRITE_CHUNK {blockData=conID: 2 locID: 102659352018485666 bcsId: 0} | ret=SUCCESS |  
2019-08-22 07:03:20,139 | INFO  | DNAudit | user=null | ip=null | op=PUT_BLOCK {blockData=[blockId=conID: 2 locID: 102659352018485666 bcsId: 0,size=2097152]} | ret=SUCCESS |  
2019-08-22 07:03:20,146 | INFO  | DNAudit | user=null | ip=null | op=WRITE_CHUNK {blockData=conID: 2 locID: 102659352018485666 bcsId: 944} | ret=SUCCESS |  
2019-08-22 07:03:20,149 | INFO  | DNAudit | user=null | ip=null | op=WRITE_CHUNK {blockData=conID: 2 locID: 102659352018485666 bcsId: 944} | ret=SUCCESS |  
2019-08-22 07:03:20,150 | INFO  | DNAudit | user=null | ip=null | op=WRITE_CHUNK {blockData=conID: 2 locID: 102659352018485666 bcsId: 944} | ret=SUCCESS |  
2019-08-22 07:03:20,158 | INFO  | DNAudit | user=null | ip=null | op=WRITE_CHUNK {blockData=conID: 2 locID: 102659352018485666 bcsId: 944} | ret=SUCCESS |  
2019-08-22 07:03:20,159 | INFO  | DNAudit | user=null | ip=null | op=PUT_BLOCK {blockData=[blockId=conID: 2 locID: 102659352018485666 bcsId: 0,size=3145728]} | ret=SUCCESS |  
2019-08-22 07:03:20,159 [grpc-default-executor-0] INFO  client.GrpcClientProtocolClient (GrpcClientProtocolClient.java:onNext(255)) - client-CF63D631FA17->3cf1264f-5f6b-4138-aeee-2ff7d4522ead: receive RaftClientReply:client-CF63D631FA17->3cf1264f-5f6b-4138-aeee-2ff7d4522ead@group-561E16522154, cid=750, SUCCESS, logIndex=949, commits[3cf1264f-5f6b-4138-aeee-2ff7d4522ead:c950, 4f0d1a15-8f14-4d9a-ad4f-8211e1245b5d:c948, 6999f20e-c3f7-4db4-87ca-141c476f2a88:c948]
2019-08-22 07:03:20,159 [grpc-default-executor-0] INFO  client.GrpcClientProtocolClient (GrpcClientProtocolClient.java:onNext(255)) - client-CF63D631FA17->3cf1264f-5f6b-4138-aeee-2ff7d4522ead: receive RaftClientReply:client-CF63D631FA17->3cf1264f-5f6b-4138-aeee-2ff7d4522ead@group-561E16522154, cid=751, SUCCESS, logIndex=950, commits[3cf1264f-5f6b-4138-aeee-2ff7d4522ead:c950, 4f0d1a15-8f14-4d9a-ad4f-8211e1245b5d:c948, 6999f20e-c3f7-4db4-87ca-141c476f2a88:c948]
2019-08-22 07:03:20,167 | INFO  | DNAudit | user=null | ip=null | op=WRITE_CHUNK {blockData=conID: 2 locID: 102659352018485666 bcsId: 950} | ret=SUCCESS |  
2019-08-22 07:03:20,170 | INFO  | DNAudit | user=null | ip=null | op=WRITE_CHUNK {blockData=conID: 2 locID: 102659352018485666 bcsId: 950} | ret=SUCCESS |  
2019-08-22 07:03:20,170 | INFO  | DNAudit | user=null | ip=null | op=WRITE_CHUNK {blockData=conID: 2 locID: 102659352018485666 bcsId: 950} | ret=SUCCESS |  
2019-08-22 07:03:20,170 | INFO  | DNAudit | user=null | ip=null | op=WRITE_CHUNK {blockData=conID: 2 locID: 102659352018485666 bcsId: 944} | ret=SUCCESS |  
2019-08-22 07:03:20,170 | INFO  | DNAudit | user=null | ip=null | op=WRITE_CHUNK {blockData=conID: 2 locID: 102659352018485666 bcsId: 944} | ret=SUCCESS |  
2019-08-22 07:03:20,171 | INFO  | DNAudit | user=null | ip=null | op=PUT_BLOCK {blockData=[blockId=conID: 2 locID: 102659352018485666 bcsId: 0,size=3145728]} | ret=SUCCESS |  
2019-08-22 07:03:20,171 | INFO  | DNAudit | user=null | ip=null | op=PUT_BLOCK {blockData=[blockId=conID: 2 locID: 102659352018485666 bcsId: 0,size=3145728]} | ret=SUCCESS |  
2019-08-22 07:03:20,172 | INFO  | DNAudit | user=null | ip=null | op=WRITE_CHUNK {blockData=conID: 2 locID: 102659352018485666 bcsId: 950} | ret=SUCCESS |  
2019-08-22 07:03:20,172 | INFO  | DNAudit | user=null | ip=null | op=PUT_BLOCK {blockData=[blockId=conID: 2 locID: 102659352018485666 bcsId: 0,size=4194304]} | ret=SUCCESS |  
2019-08-22 07:03:20,173 [grpc-default-executor-1] INFO  client.GrpcClientProtocolClient (GrpcClientProtocolClient.java:onNext(255)) - client-CF63D631FA17->3cf1264f-5f6b-4138-aeee-2ff7d4522ead: receive RaftClientReply:client-CF63D631FA17->3cf1264f-5f6b-4138-aeee-2ff7d4522ead@group-561E16522154, cid=752, SUCCESS, logIndex=953, commits[3cf1264f-5f6b-4138-aeee-2ff7d4522ead:c954, 4f0d1a15-8f14-4d9a-ad4f-8211e1245b5d:c950, 6999f20e-c3f7-4db4-87ca-141c476f2a88:c950]
2019-08-22 07:03:20,173 | INFO  | DNAudit | user=null | ip=null | op=WRITE_CHUNK {blockData=conID: 2 locID: 102659352018485666 bcsId: 950} | ret=SUCCESS |  
2019-08-22 07:03:20,173 [grpc-default-executor-1] INFO  client.GrpcClientProtocolClient (GrpcClientProtocolClient.java:onNext(255)) - client-CF63D631FA17->3cf1264f-5f6b-4138-aeee-2ff7d4522ead: receive RaftClientReply:client-CF63D631FA17->3cf1264f-5f6b-4138-aeee-2ff7d4522ead@group-561E16522154, cid=753, SUCCESS, logIndex=954, commits[3cf1264f-5f6b-4138-aeee-2ff7d4522ead:c954, 4f0d1a15-8f14-4d9a-ad4f-8211e1245b5d:c950, 6999f20e-c3f7-4db4-87ca-141c476f2a88:c950]
2019-08-22 07:03:20,173 | INFO  | DNAudit | user=null | ip=null | op=WRITE_CHUNK {blockData=conID: 2 locID: 102659352018485666 bcsId: 950} | ret=SUCCESS |  
2019-08-22 07:03:20,173 | INFO  | DNAudit | user=null | ip=null | op=PUT_BLOCK {blockData=[blockId=conID: 2 locID: 102659352018485666 bcsId: 0,size=4194304]} | ret=SUCCESS |  
2019-08-22 07:03:20,174 | INFO  | DNAudit | user=null | ip=null | op=PUT_BLOCK {blockData=[blockId=conID: 2 locID: 102659352018485666 bcsId: 0,size=4194304]} | ret=SUCCESS |  
2019-08-22 07:03:20,175 [grpc-default-executor-5] INFO  client.GrpcClientProtocolClient (GrpcClientProtocolClient.java:onNext(255)) - client-CF63D631FA17->3cf1264f-5f6b-4138-aeee-2ff7d4522ead: receive RaftClientReply:client-CF63D631FA17->3cf1264f-5f6b-4138-aeee-2ff7d4522ead@group-561E16522154, cid=754, SUCCESS, logIndex=0, commits[3cf1264f-5f6b-4138-aeee-2ff7d4522ead:c955, 4f0d1a15-8f14-4d9a-ad4f-8211e1245b5d:c954, 6999f20e-c3f7-4db4-87ca-141c476f2a88:c954]
2019-08-22 07:03:20,182 | INFO  | DNAudit | user=null | ip=null | op=WRITE_CHUNK {blockData=conID: 3 locID: 102659352018551203 bcsId: 0} | ret=SUCCESS |  
2019-08-22 07:03:20,185 | INFO  | DNAudit | user=null | ip=null | op=WRITE_CHUNK {blockData=conID: 3 locID: 102659352018551203 bcsId: 0} | ret=SUCCESS |  
2019-08-22 07:03:20,186 | INFO  | DNAudit | user=null | ip=null | op=WRITE_CHUNK {blockData=conID: 3 locID: 102659352018551203 bcsId: 0} | ret=SUCCESS |  
2019-08-22 07:03:20,187 | INFO  | DNAudit | user=null | ip=null | op=WRITE_CHUNK {blockData=conID: 3 locID: 102659352018551203 bcsId: 0} | ret=SUCCESS |  
2019-08-22 07:03:20,188 | INFO  | DNAudit | user=null | ip=null | op=WRITE_CHUNK {blockData=conID: 3 locID: 102659352018551203 bcsId: 0} | ret=SUCCESS |  
2019-08-22 07:03:20,189 | INFO  | DNAudit | user=null | ip=null | op=WRITE_CHUNK {blockData=conID: 3 locID: 102659352018551203 bcsId: 0} | ret=SUCCESS |  
2019-08-22 07:03:20,189 | INFO  | DNAudit | user=null | ip=null | op=WRITE_CHUNK {blockData=conID: 3 locID: 102659352018551203 bcsId: 0} | ret=SUCCESS |  
2019-08-22 07:03:20,189 | INFO  | DNAudit | user=null | ip=null | op=PUT_BLOCK {blockData=[blockId=conID: 3 locID: 102659352018551203 bcsId: 0,size=1048576]} | ret=SUCCESS |  
2019-08-22 07:03:20,190 [grpc-default-executor-1] INFO  client.GrpcClientProtocolClient (GrpcClientProtocolClient.java:onNext(255)) - client-CF63D631FA17->3cf1264f-5f6b-4138-aeee-2ff7d4522ead: receive RaftClientReply:client-CF63D631FA17->3cf1264f-5f6b-4138-aeee-2ff7d4522ead@group-561E16522154, cid=755, SUCCESS, logIndex=957, commits[3cf1264f-5f6b-4138-aeee-2ff7d4522ead:c958, 4f0d1a15-8f14-4d9a-ad4f-8211e1245b5d:c954, 6999f20e-c3f7-4db4-87ca-141c476f2a88:c956]
2019-08-22 07:03:20,191 [grpc-default-executor-1] INFO  client.GrpcClientProtocolClient (GrpcClientProtocolClient.java:onNext(255)) - client-CF63D631FA17->3cf1264f-5f6b-4138-aeee-2ff7d4522ead: receive RaftClientReply:client-CF63D631FA17->3cf1264f-5f6b-4138-aeee-2ff7d4522ead@group-561E16522154, cid=756, SUCCESS, logIndex=958, commits[3cf1264f-5f6b-4138-aeee-2ff7d4522ead:c958, 4f0d1a15-8f14-4d9a-ad4f-8211e1245b5d:c954, 6999f20e-c3f7-4db4-87ca-141c476f2a88:c956]
2019-08-22 07:03:20,191 | INFO  | DNAudit | user=null | ip=null | op=WRITE_CHUNK {blockData=conID: 3 locID: 102659352018551203 bcsId: 0} | ret=SUCCESS |  
2019-08-22 07:03:20,192 | INFO  | DNAudit | user=null | ip=null | op=PUT_BLOCK {blockData=[blockId=conID: 3 locID: 102659352018551203 bcsId: 0,size=2097152]} | ret=SUCCESS |  
2019-08-22 07:03:20,192 [grpc-default-executor-1] INFO  client.GrpcClientProtocolClient (GrpcClientProtocolClient.java:onNext(255)) - client-CF63D631FA17->3cf1264f-5f6b-4138-aeee-2ff7d4522ead: receive RaftClientReply:client-CF63D631FA17->3cf1264f-5f6b-4138-aeee-2ff7d4522ead@group-561E16522154, cid=757, SUCCESS, logIndex=959, commits[3cf1264f-5f6b-4138-aeee-2ff7d4522ead:c960, 4f0d1a15-8f14-4d9a-ad4f-8211e1245b5d:c956, 6999f20e-c3f7-4db4-87ca-141c476f2a88:c956]
2019-08-22 07:03:20,193 [grpc-default-executor-1] INFO  client.GrpcClientProtocolClient (GrpcClientProtocolClient.java:onNext(255)) - client-CF63D631FA17->3cf1264f-5f6b-4138-aeee-2ff7d4522ead: receive RaftClientReply:client-CF63D631FA17->3cf1264f-5f6b-4138-aeee-2ff7d4522ead@group-561E16522154, cid=758, SUCCESS, logIndex=960, commits[3cf1264f-5f6b-4138-aeee-2ff7d4522ead:c960, 4f0d1a15-8f14-4d9a-ad4f-8211e1245b5d:c956, 6999f20e-c3f7-4db4-87ca-141c476f2a88:c956]
2019-08-22 07:03:20,202 | INFO  | DNAudit | user=null | ip=null | op=WRITE_CHUNK {blockData=conID: 3 locID: 102659352018551203 bcsId: 0} | ret=SUCCESS |  
2019-08-22 07:03:20,202 | INFO  | DNAudit | user=null | ip=null | op=PUT_BLOCK {blockData=[blockId=conID: 3 locID: 102659352018551203 bcsId: 0,size=1048576]} | ret=SUCCESS |  
2019-08-22 07:03:20,202 | INFO  | DNAudit | user=null | ip=null | op=WRITE_CHUNK {blockData=conID: 3 locID: 102659352018551203 bcsId: 0} | ret=SUCCESS |  
2019-08-22 07:03:20,203 | INFO  | DNAudit | user=null | ip=null | op=PUT_BLOCK {blockData=[blockId=conID: 3 locID: 102659352018551203 bcsId: 0,size=1048576]} | ret=SUCCESS |  
2019-08-22 07:03:20,203 | INFO  | DNAudit | user=null | ip=null | op=WRITE_CHUNK {blockData=conID: 3 locID: 102659352018551203 bcsId: 0} | ret=SUCCESS |  
2019-08-22 07:03:20,203 | INFO  | DNAudit | user=null | ip=null | op=PUT_BLOCK {blockData=[blockId=conID: 3 locID: 102659352018551203 bcsId: 0,size=2097152]} | ret=SUCCESS |  
2019-08-22 07:03:20,203 [grpc-default-executor-0] INFO  client.GrpcClientProtocolClient (GrpcClientProtocolClient.java:onNext(255)) - client-CF63D631FA17->3cf1264f-5f6b-4138-aeee-2ff7d4522ead: receive RaftClientReply:client-CF63D631FA17->3cf1264f-5f6b-4138-aeee-2ff7d4522ead@group-561E16522154, cid=759, SUCCESS, logIndex=0, commits[3cf1264f-5f6b-4138-aeee-2ff7d4522ead:c962, 4f0d1a15-8f14-4d9a-ad4f-8211e1245b5d:c958, 6999f20e-c3f7-4db4-87ca-141c476f2a88:c958]
2019-08-22 07:03:20,205 | INFO  | DNAudit | user=null | ip=null | op=WRITE_CHUNK {blockData=conID: 3 locID: 102659352018551203 bcsId: 0} | ret=SUCCESS |  
2019-08-22 07:03:20,205 | INFO  | DNAudit | user=null | ip=null | op=PUT_BLOCK {blockData=[blockId=conID: 3 locID: 102659352018551203 bcsId: 0,size=2097152]} | ret=SUCCESS |  
2019-08-22 07:03:20,211 | INFO  | DNAudit | user=null | ip=null | op=WRITE_CHUNK {blockData=conID: 3 locID: 102659352018551203 bcsId: 960} | ret=SUCCESS |  
2019-08-22 07:03:20,214 | INFO  | DNAudit | user=null | ip=null | op=WRITE_CHUNK {blockData=conID: 3 locID: 102659352018551203 bcsId: 960} | ret=SUCCESS |  
2019-08-22 07:03:20,214 | INFO  | DNAudit | user=null | ip=null | op=WRITE_CHUNK {blockData=conID: 3 locID: 102659352018551203 bcsId: 960} | ret=SUCCESS |  
2019-08-22 07:03:20,223 | INFO  | DNAudit | user=null | ip=null | op=WRITE_CHUNK {blockData=conID: 3 locID: 102659352018551203 bcsId: 960} | ret=SUCCESS |  
2019-08-22 07:03:20,224 | INFO  | DNAudit | user=null | ip=null | op=PUT_BLOCK {blockData=[blockId=conID: 3 locID: 102659352018551203 bcsId: 0,size=3145728]} | ret=SUCCESS |  
2019-08-22 07:03:20,224 [grpc-default-executor-1] INFO  client.GrpcClientProtocolClient (GrpcClientProtocolClient.java:onNext(255)) - client-CF63D631FA17->3cf1264f-5f6b-4138-aeee-2ff7d4522ead: receive RaftClientReply:client-CF63D631FA17->3cf1264f-5f6b-4138-aeee-2ff7d4522ead@group-561E16522154, cid=760, SUCCESS, logIndex=965, commits[3cf1264f-5f6b-4138-aeee-2ff7d4522ead:c966, 4f0d1a15-8f14-4d9a-ad4f-8211e1245b5d:c964, 6999f20e-c3f7-4db4-87ca-141c476f2a88:c964]
2019-08-22 07:03:20,224 [grpc-default-executor-1] INFO  client.GrpcClientProtocolClient (GrpcClientProtocolClient.java:onNext(255)) - client-CF63D631FA17->3cf1264f-5f6b-4138-aeee-2ff7d4522ead: receive RaftClientReply:client-CF63D631FA17->3cf1264f-5f6b-4138-aeee-2ff7d4522ead@group-561E16522154, cid=761, SUCCESS, logIndex=966, commits[3cf1264f-5f6b-4138-aeee-2ff7d4522ead:c966, 4f0d1a15-8f14-4d9a-ad4f-8211e1245b5d:c964, 6999f20e-c3f7-4db4-87ca-141c476f2a88:c964]
2019-08-22 07:03:20,231 | INFO  | DNAudit | user=null | ip=null | op=WRITE_CHUNK {blockData=conID: 3 locID: 102659352018551203 bcsId: 966} | ret=SUCCESS |  
2019-08-22 07:03:20,234 | INFO  | DNAudit | user=null | ip=null | op=WRITE_CHUNK {blockData=conID: 3 locID: 102659352018551203 bcsId: 966} | ret=SUCCESS |  
2019-08-22 07:03:20,235 | INFO  | DNAudit | user=null | ip=null | op=WRITE_CHUNK {blockData=conID: 3 locID: 102659352018551203 bcsId: 960} | ret=SUCCESS |  
2019-08-22 07:03:20,235 | INFO  | DNAudit | user=null | ip=null | op=WRITE_CHUNK {blockData=conID: 3 locID: 102659352018551203 bcsId: 960} | ret=SUCCESS |  
2019-08-22 07:03:20,235 | INFO  | DNAudit | user=null | ip=null | op=WRITE_CHUNK {blockData=conID: 3 locID: 102659352018551203 bcsId: 966} | ret=SUCCESS |  
2019-08-22 07:03:20,236 | INFO  | DNAudit | user=null | ip=null | op=PUT_BLOCK {blockData=[blockId=conID: 3 locID: 102659352018551203 bcsId: 0,size=3145728]} | ret=SUCCESS |  
2019-08-22 07:03:20,236 | INFO  | DNAudit | user=null | ip=null | op=PUT_BLOCK {blockData=[blockId=conID: 3 locID: 102659352018551203 bcsId: 0,size=3145728]} | ret=SUCCESS |  
2019-08-22 07:03:20,236 | INFO  | DNAudit | user=null | ip=null | op=WRITE_CHUNK {blockData=conID: 3 locID: 102659352018551203 bcsId: 966} | ret=SUCCESS |  
2019-08-22 07:03:20,237 | INFO  | DNAudit | user=null | ip=null | op=PUT_BLOCK {blockData=[blockId=conID: 3 locID: 102659352018551203 bcsId: 0,size=4194304]} | ret=SUCCESS |  
2019-08-22 07:03:20,237 [grpc-default-executor-1] INFO  client.GrpcClientProtocolClient (GrpcClientProtocolClient.java:onNext(255)) - client-CF63D631FA17->3cf1264f-5f6b-4138-aeee-2ff7d4522ead: receive RaftClientReply:client-CF63D631FA17->3cf1264f-5f6b-4138-aeee-2ff7d4522ead@group-561E16522154, cid=762, SUCCESS, logIndex=969, commits[3cf1264f-5f6b-4138-aeee-2ff7d4522ead:c969, 4f0d1a15-8f14-4d9a-ad4f-8211e1245b5d:c966, 6999f20e-c3f7-4db4-87ca-141c476f2a88:c966]
2019-08-22 07:03:20,238 [grpc-default-executor-1] INFO  client.GrpcClientProtocolClient (GrpcClientProtocolClient.java:onNext(255)) - client-CF63D631FA17->3cf1264f-5f6b-4138-aeee-2ff7d4522ead: receive RaftClientReply:client-CF63D631FA17->3cf1264f-5f6b-4138-aeee-2ff7d4522ead@group-561E16522154, cid=763, SUCCESS, logIndex=970, commits[3cf1264f-5f6b-4138-aeee-2ff7d4522ead:c970, 4f0d1a15-8f14-4d9a-ad4f-8211e1245b5d:c966, 6999f20e-c3f7-4db4-87ca-141c476f2a88:c966]
2019-08-22 07:03:20,248 | INFO  | DNAudit | user=null | ip=null | op=WRITE_CHUNK {blockData=conID: 3 locID: 102659352018551203 bcsId: 966} | ret=SUCCESS |  
2019-08-22 07:03:20,249 | INFO  | DNAudit | user=null | ip=null | op=WRITE_CHUNK {blockData=conID: 3 locID: 102659352018551203 bcsId: 966} | ret=SUCCESS |  
2019-08-22 07:03:20,249 | INFO  | DNAudit | user=null | ip=null | op=PUT_BLOCK {blockData=[blockId=conID: 3 locID: 102659352018551203 bcsId: 0,size=4194304]} | ret=SUCCESS |  
2019-08-22 07:03:20,250 | INFO  | DNAudit | user=null | ip=null | op=PUT_BLOCK {blockData=[blockId=conID: 3 locID: 102659352018551203 bcsId: 0,size=4194304]} | ret=SUCCESS |  
2019-08-22 07:03:20,251 [grpc-default-executor-1] INFO  client.GrpcClientProtocolClient (GrpcClientProtocolClient.java:onNext(255)) - client-CF63D631FA17->3cf1264f-5f6b-4138-aeee-2ff7d4522ead: receive RaftClientReply:client-CF63D631FA17->3cf1264f-5f6b-4138-aeee-2ff7d4522ead@group-561E16522154, cid=764, SUCCESS, logIndex=0, commits[3cf1264f-5f6b-4138-aeee-2ff7d4522ead:c972, 4f0d1a15-8f14-4d9a-ad4f-8211e1245b5d:c970, 6999f20e-c3f7-4db4-87ca-141c476f2a88:c970]
2019-08-22 07:03:20,261 | INFO  | DNAudit | user=null | ip=null | op=WRITE_CHUNK {blockData=conID: 1 locID: 102659352018551204 bcsId: 0} | ret=SUCCESS |  
2019-08-22 07:03:20,264 | INFO  | DNAudit | user=null | ip=null | op=WRITE_CHUNK {blockData=conID: 1 locID: 102659352018551204 bcsId: 0} | ret=SUCCESS |  
2019-08-22 07:03:20,265 | INFO  | DNAudit | user=null | ip=null | op=WRITE_CHUNK {blockData=conID: 1 locID: 102659352018551204 bcsId: 0} | ret=SUCCESS |  
2019-08-22 07:03:20,265 | INFO  | DNAudit | user=null | ip=null | op=WRITE_CHUNK {blockData=conID: 1 locID: 102659352018551204 bcsId: 0} | ret=SUCCESS |  
2019-08-22 07:03:20,267 | INFO  | DNAudit | user=null | ip=null | op=WRITE_CHUNK {blockData=conID: 1 locID: 102659352018551204 bcsId: 0} | ret=SUCCESS |  
2019-08-22 07:03:20,269 | INFO  | DNAudit | user=null | ip=null | op=WRITE_CHUNK {blockData=conID: 1 locID: 102659352018551204 bcsId: 0} | ret=SUCCESS |  
2019-08-22 07:03:20,273 | INFO  | DNAudit | user=null | ip=null | op=WRITE_CHUNK {blockData=conID: 1 locID: 102659352018551204 bcsId: 0} | ret=SUCCESS |  
2019-08-22 07:03:20,274 | INFO  | DNAudit | user=null | ip=null | op=PUT_BLOCK {blockData=[blockId=conID: 1 locID: 102659352018551204 bcsId: 0,size=1048576]} | ret=SUCCESS |  
2019-08-22 07:03:20,275 | INFO  | DNAudit | user=null | ip=null | op=WRITE_CHUNK {blockData=conID: 1 locID: 102659352018551204 bcsId: 0} | ret=SUCCESS |  
2019-08-22 07:03:20,275 | INFO  | DNAudit | user=null | ip=null | op=WRITE_CHUNK {blockData=conID: 1 locID: 102659352018551204 bcsId: 0} | ret=SUCCESS |  
2019-08-22 07:03:20,275 | INFO  | DNAudit | user=null | ip=null | op=PUT_BLOCK {blockData=[blockId=conID: 1 locID: 102659352018551204 bcsId: 0,size=2097152]} | ret=SUCCESS |  
2019-08-22 07:03:20,276 | INFO  | DNAudit | user=null | ip=null | op=PUT_BLOCK {blockData=[blockId=conID: 1 locID: 102659352018551204 bcsId: 0,size=1048576]} | ret=SUCCESS |  
2019-08-22 07:03:20,276 [grpc-default-executor-1] INFO  client.GrpcClientProtocolClient (GrpcClientProtocolClient.java:onNext(255)) - client-CF63D631FA17->3cf1264f-5f6b-4138-aeee-2ff7d4522ead: receive RaftClientReply:client-CF63D631FA17->3cf1264f-5f6b-4138-aeee-2ff7d4522ead@group-561E16522154, cid=765, SUCCESS, logIndex=973, commits[3cf1264f-5f6b-4138-aeee-2ff7d4522ead:c974, 4f0d1a15-8f14-4d9a-ad4f-8211e1245b5d:c972, 6999f20e-c3f7-4db4-87ca-141c476f2a88:c972]
2019-08-22 07:03:20,276 | INFO  | DNAudit | user=null | ip=null | op=WRITE_CHUNK {blockData=conID: 1 locID: 102659352018551204 bcsId: 0} | ret=SUCCESS |  
2019-08-22 07:03:20,276 | INFO  | DNAudit | user=null | ip=null | op=PUT_BLOCK {blockData=[blockId=conID: 1 locID: 102659352018551204 bcsId: 0,size=1048576]} | ret=SUCCESS |  
2019-08-22 07:03:20,276 [grpc-default-executor-1] INFO  client.GrpcClientProtocolClient (GrpcClientProtocolClient.java:onNext(255)) - client-CF63D631FA17->3cf1264f-5f6b-4138-aeee-2ff7d4522ead: receive RaftClientReply:client-CF63D631FA17->3cf1264f-5f6b-4138-aeee-2ff7d4522ead@group-561E16522154, cid=766, SUCCESS, logIndex=974, commits[3cf1264f-5f6b-4138-aeee-2ff7d4522ead:c974, 4f0d1a15-8f14-4d9a-ad4f-8211e1245b5d:c972, 6999f20e-c3f7-4db4-87ca-141c476f2a88:c972]
2019-08-22 07:03:20,277 [grpc-default-executor-1] INFO  client.GrpcClientProtocolClient (GrpcClientProtocolClient.java:onNext(255)) - client-CF63D631FA17->3cf1264f-5f6b-4138-aeee-2ff7d4522ead: receive RaftClientReply:client-CF63D631FA17->3cf1264f-5f6b-4138-aeee-2ff7d4522ead@group-561E16522154, cid=767, SUCCESS, logIndex=975, commits[3cf1264f-5f6b-4138-aeee-2ff7d4522ead:c976, 4f0d1a15-8f14-4d9a-ad4f-8211e1245b5d:c972, 6999f20e-c3f7-4db4-87ca-141c476f2a88:c972]
2019-08-22 07:03:20,277 [grpc-default-executor-1] INFO  client.GrpcClientProtocolClient (GrpcClientProtocolClient.java:onNext(255)) - client-CF63D631FA17->3cf1264f-5f6b-4138-aeee-2ff7d4522ead: receive RaftClientReply:client-CF63D631FA17->3cf1264f-5f6b-4138-aeee-2ff7d4522ead@group-561E16522154, cid=768, SUCCESS, logIndex=976, commits[3cf1264f-5f6b-4138-aeee-2ff7d4522ead:c976, 4f0d1a15-8f14-4d9a-ad4f-8211e1245b5d:c972, 6999f20e-c3f7-4db4-87ca-141c476f2a88:c972]
2019-08-22 07:03:20,278 | INFO  | DNAudit | user=null | ip=null | op=WRITE_CHUNK {blockData=conID: 1 locID: 102659352018551204 bcsId: 0} | ret=SUCCESS |  
2019-08-22 07:03:20,278 | INFO  | DNAudit | user=null | ip=null | op=PUT_BLOCK {blockData=[blockId=conID: 1 locID: 102659352018551204 bcsId: 0,size=2097152]} | ret=SUCCESS |  
2019-08-22 07:03:20,279 [grpc-default-executor-1] INFO  client.GrpcClientProtocolClient (GrpcClientProtocolClient.java:onNext(255)) - client-CF63D631FA17->3cf1264f-5f6b-4138-aeee-2ff7d4522ead: receive RaftClientReply:client-CF63D631FA17->3cf1264f-5f6b-4138-aeee-2ff7d4522ead@group-561E16522154, cid=769, SUCCESS, logIndex=0, commits[3cf1264f-5f6b-4138-aeee-2ff7d4522ead:c978, 4f0d1a15-8f14-4d9a-ad4f-8211e1245b5d:c974, 6999f20e-c3f7-4db4-87ca-141c476f2a88:c975]
2019-08-22 07:03:20,286 | INFO  | DNAudit | user=null | ip=null | op=WRITE_CHUNK {blockData=conID: 1 locID: 102659352018551204 bcsId: 976} | ret=SUCCESS |  
2019-08-22 07:03:20,289 | INFO  | DNAudit | user=null | ip=null | op=WRITE_CHUNK {blockData=conID: 1 locID: 102659352018551204 bcsId: 0} | ret=SUCCESS |  
2019-08-22 07:03:20,290 | INFO  | DNAudit | user=null | ip=null | op=WRITE_CHUNK {blockData=conID: 1 locID: 102659352018551204 bcsId: 976} | ret=SUCCESS |  
2019-08-22 07:03:20,290 | INFO  | DNAudit | user=null | ip=null | op=PUT_BLOCK {blockData=[blockId=conID: 1 locID: 102659352018551204 bcsId: 0,size=2097152]} | ret=SUCCESS |  
2019-08-22 07:03:20,290 | INFO  | DNAudit | user=null | ip=null | op=WRITE_CHUNK {blockData=conID: 1 locID: 102659352018551204 bcsId: 976} | ret=SUCCESS |  
2019-08-22 07:03:20,302 | INFO  | DNAudit | user=null | ip=null | op=WRITE_CHUNK {blockData=conID: 1 locID: 102659352018551204 bcsId: 976} | ret=SUCCESS |  
2019-08-22 07:03:20,302 | INFO  | DNAudit | user=null | ip=null | op=PUT_BLOCK {blockData=[blockId=conID: 1 locID: 102659352018551204 bcsId: 0,size=3145728]} | ret=SUCCESS |  
2019-08-22 07:03:20,303 [grpc-default-executor-5] INFO  client.GrpcClientProtocolClient (GrpcClientProtocolClient.java:onNext(255)) - client-CF63D631FA17->3cf1264f-5f6b-4138-aeee-2ff7d4522ead: receive RaftClientReply:client-CF63D631FA17->3cf1264f-5f6b-4138-aeee-2ff7d4522ead@group-561E16522154, cid=770, SUCCESS, logIndex=981, commits[3cf1264f-5f6b-4138-aeee-2ff7d4522ead:c982, 4f0d1a15-8f14-4d9a-ad4f-8211e1245b5d:c980, 6999f20e-c3f7-4db4-87ca-141c476f2a88:c976]
2019-08-22 07:03:20,303 [grpc-default-executor-5] INFO  client.GrpcClientProtocolClient (GrpcClientProtocolClient.java:onNext(255)) - client-CF63D631FA17->3cf1264f-5f6b-4138-aeee-2ff7d4522ead: receive RaftClientReply:client-CF63D631FA17->3cf1264f-5f6b-4138-aeee-2ff7d4522ead@group-561E16522154, cid=771, SUCCESS, logIndex=982, commits[3cf1264f-5f6b-4138-aeee-2ff7d4522ead:c982, 4f0d1a15-8f14-4d9a-ad4f-8211e1245b5d:c980, 6999f20e-c3f7-4db4-87ca-141c476f2a88:c980]
2019-08-22 07:03:20,310 | INFO  | DNAudit | user=null | ip=null | op=WRITE_CHUNK {blockData=conID: 1 locID: 102659352018551204 bcsId: 982} | ret=SUCCESS |  
2019-08-22 07:03:20,313 | INFO  | DNAudit | user=null | ip=null | op=WRITE_CHUNK {blockData=conID: 1 locID: 102659352018551204 bcsId: 976} | ret=SUCCESS |  
2019-08-22 07:03:20,313 | INFO  | DNAudit | user=null | ip=null | op=WRITE_CHUNK {blockData=conID: 1 locID: 102659352018551204 bcsId: 976} | ret=SUCCESS |  
2019-08-22 07:03:20,314 | INFO  | DNAudit | user=null | ip=null | op=PUT_BLOCK {blockData=[blockId=conID: 1 locID: 102659352018551204 bcsId: 0,size=3145728]} | ret=SUCCESS |  
2019-08-22 07:03:20,314 | INFO  | DNAudit | user=null | ip=null | op=PUT_BLOCK {blockData=[blockId=conID: 1 locID: 102659352018551204 bcsId: 0,size=3145728]} | ret=SUCCESS |  
2019-08-22 07:03:20,314 | INFO  | DNAudit | user=null | ip=null | op=WRITE_CHUNK {blockData=conID: 1 locID: 102659352018551204 bcsId: 982} | ret=SUCCESS |  
2019-08-22 07:03:20,314 | INFO  | DNAudit | user=null | ip=null | op=WRITE_CHUNK {blockData=conID: 1 locID: 102659352018551204 bcsId: 982} | ret=SUCCESS |  
2019-08-22 07:03:20,327 | INFO  | DNAudit | user=null | ip=null | op=WRITE_CHUNK {blockData=conID: 1 locID: 102659352018551204 bcsId: 982} | ret=SUCCESS |  
2019-08-22 07:03:20,327 | INFO  | DNAudit | user=null | ip=null | op=PUT_BLOCK {blockData=[blockId=conID: 1 locID: 102659352018551204 bcsId: 0,size=4194304]} | ret=SUCCESS |  
2019-08-22 07:03:20,328 [grpc-default-executor-5] INFO  client.GrpcClientProtocolClient (GrpcClientProtocolClient.java:onNext(255)) - client-CF63D631FA17->3cf1264f-5f6b-4138-aeee-2ff7d4522ead: receive RaftClientReply:client-CF63D631FA17->3cf1264f-5f6b-4138-aeee-2ff7d4522ead@group-561E16522154, cid=772, SUCCESS, logIndex=985, commits[3cf1264f-5f6b-4138-aeee-2ff7d4522ead:c986, 4f0d1a15-8f14-4d9a-ad4f-8211e1245b5d:c982, 6999f20e-c3f7-4db4-87ca-141c476f2a88:c982]
2019-08-22 07:03:20,328 [grpc-default-executor-5] INFO  client.GrpcClientProtocolClient (GrpcClientProtocolClient.java:onNext(255)) - client-CF63D631FA17->3cf1264f-5f6b-4138-aeee-2ff7d4522ead: receive RaftClientReply:client-CF63D631FA17->3cf1264f-5f6b-4138-aeee-2ff7d4522ead@group-561E16522154, cid=773, SUCCESS, logIndex=986, commits[3cf1264f-5f6b-4138-aeee-2ff7d4522ead:c986, 4f0d1a15-8f14-4d9a-ad4f-8211e1245b5d:c982, 6999f20e-c3f7-4db4-87ca-141c476f2a88:c982]
2019-08-22 07:03:20,339 | INFO  | DNAudit | user=null | ip=null | op=WRITE_CHUNK {blockData=conID: 1 locID: 102659352018551204 bcsId: 982} | ret=SUCCESS |  
2019-08-22 07:03:20,339 | INFO  | DNAudit | user=null | ip=null | op=WRITE_CHUNK {blockData=conID: 1 locID: 102659352018551204 bcsId: 982} | ret=SUCCESS |  
2019-08-22 07:03:20,339 | INFO  | DNAudit | user=null | ip=null | op=PUT_BLOCK {blockData=[blockId=conID: 1 locID: 102659352018551204 bcsId: 0,size=4194304]} | ret=SUCCESS |  
2019-08-22 07:03:20,339 | INFO  | DNAudit | user=null | ip=null | op=PUT_BLOCK {blockData=[blockId=conID: 1 locID: 102659352018551204 bcsId: 0,size=4194304]} | ret=SUCCESS |  
2019-08-22 07:03:20,340 [grpc-default-executor-5] INFO  client.GrpcClientProtocolClient (GrpcClientProtocolClient.java:onNext(255)) - client-CF63D631FA17->3cf1264f-5f6b-4138-aeee-2ff7d4522ead: receive RaftClientReply:client-CF63D631FA17->3cf1264f-5f6b-4138-aeee-2ff7d4522ead@group-561E16522154, cid=774, SUCCESS, logIndex=0, commits[3cf1264f-5f6b-4138-aeee-2ff7d4522ead:c987, 4f0d1a15-8f14-4d9a-ad4f-8211e1245b5d:c986, 6999f20e-c3f7-4db4-87ca-141c476f2a88:c986]
2019-08-22 07:03:20,348 | INFO  | DNAudit | user=null | ip=null | op=WRITE_CHUNK {blockData=conID: 2 locID: 102659352018551205 bcsId: 0} | ret=SUCCESS |  
2019-08-22 07:03:20,352 | INFO  | DNAudit | user=null | ip=null | op=WRITE_CHUNK {blockData=conID: 2 locID: 102659352018551205 bcsId: 0} | ret=SUCCESS |  
2019-08-22 07:03:20,353 | INFO  | DNAudit | user=null | ip=null | op=WRITE_CHUNK {blockData=conID: 2 locID: 102659352018551205 bcsId: 0} | ret=SUCCESS |  
2019-08-22 07:03:20,354 | INFO  | DNAudit | user=null | ip=null | op=WRITE_CHUNK {blockData=conID: 2 locID: 102659352018551205 bcsId: 0} | ret=SUCCESS |  
2019-08-22 07:03:20,356 | INFO  | DNAudit | user=null | ip=null | op=WRITE_CHUNK {blockData=conID: 2 locID: 102659352018551205 bcsId: 0} | ret=SUCCESS |  
2019-08-22 07:03:20,357 | INFO  | DNAudit | user=null | ip=null | op=WRITE_CHUNK {blockData=conID: 2 locID: 102659352018551205 bcsId: 0} | ret=SUCCESS |  
2019-08-22 07:03:20,361 | INFO  | DNAudit | user=null | ip=null | op=WRITE_CHUNK {blockData=conID: 2 locID: 102659352018551205 bcsId: 0} | ret=SUCCESS |  
2019-08-22 07:03:20,362 | INFO  | DNAudit | user=null | ip=null | op=PUT_BLOCK {blockData=[blockId=conID: 2 locID: 102659352018551205 bcsId: 0,size=1048576]} | ret=SUCCESS |  
2019-08-22 07:03:20,362 [grpc-default-executor-3] INFO  client.GrpcClientProtocolClient (GrpcClientProtocolClient.java:onNext(255)) - client-CF63D631FA17->3cf1264f-5f6b-4138-aeee-2ff7d4522ead: receive RaftClientReply:client-CF63D631FA17->3cf1264f-5f6b-4138-aeee-2ff7d4522ead@group-561E16522154, cid=775, SUCCESS, logIndex=989, commits[3cf1264f-5f6b-4138-aeee-2ff7d4522ead:c990, 4f0d1a15-8f14-4d9a-ad4f-8211e1245b5d:c988, 6999f20e-c3f7-4db4-87ca-141c476f2a88:c988]
2019-08-22 07:03:20,363 | INFO  | DNAudit | user=null | ip=null | op=WRITE_CHUNK {blockData=conID: 2 locID: 102659352018551205 bcsId: 0} | ret=SUCCESS |  
2019-08-22 07:03:20,363 [grpc-default-executor-5] INFO  client.GrpcClientProtocolClient (GrpcClientProtocolClient.java:onNext(255)) - client-CF63D631FA17->3cf1264f-5f6b-4138-aeee-2ff7d4522ead: receive RaftClientReply:client-CF63D631FA17->3cf1264f-5f6b-4138-aeee-2ff7d4522ead@group-561E16522154, cid=776, SUCCESS, logIndex=990, commits[3cf1264f-5f6b-4138-aeee-2ff7d4522ead:c990, 4f0d1a15-8f14-4d9a-ad4f-8211e1245b5d:c988, 6999f20e-c3f7-4db4-87ca-141c476f2a88:c988]
2019-08-22 07:03:20,363 | INFO  | DNAudit | user=null | ip=null | op=PUT_BLOCK {blockData=[blockId=conID: 2 locID: 102659352018551205 bcsId: 0,size=2097152]} | ret=SUCCESS |  
2019-08-22 07:03:20,364 [grpc-default-executor-5] INFO  client.GrpcClientProtocolClient (GrpcClientProtocolClient.java:onNext(255)) - client-CF63D631FA17->3cf1264f-5f6b-4138-aeee-2ff7d4522ead: receive RaftClientReply:client-CF63D631FA17->3cf1264f-5f6b-4138-aeee-2ff7d4522ead@group-561E16522154, cid=777, SUCCESS, logIndex=991, commits[3cf1264f-5f6b-4138-aeee-2ff7d4522ead:c992, 4f0d1a15-8f14-4d9a-ad4f-8211e1245b5d:c988, 6999f20e-c3f7-4db4-87ca-141c476f2a88:c988]
2019-08-22 07:03:20,364 | INFO  | DNAudit | user=null | ip=null | op=WRITE_CHUNK {blockData=conID: 2 locID: 102659352018551205 bcsId: 0} | ret=SUCCESS |  
2019-08-22 07:03:20,364 [grpc-default-executor-5] INFO  client.GrpcClientProtocolClient (GrpcClientProtocolClient.java:onNext(255)) - client-CF63D631FA17->3cf1264f-5f6b-4138-aeee-2ff7d4522ead: receive RaftClientReply:client-CF63D631FA17->3cf1264f-5f6b-4138-aeee-2ff7d4522ead@group-561E16522154, cid=778, SUCCESS, logIndex=992, commits[3cf1264f-5f6b-4138-aeee-2ff7d4522ead:c992, 4f0d1a15-8f14-4d9a-ad4f-8211e1245b5d:c988, 6999f20e-c3f7-4db4-87ca-141c476f2a88:c988]
2019-08-22 07:03:20,364 | INFO  | DNAudit | user=null | ip=null | op=PUT_BLOCK {blockData=[blockId=conID: 2 locID: 102659352018551205 bcsId: 0,size=1048576]} | ret=SUCCESS |  
2019-08-22 07:03:20,365 | INFO  | DNAudit | user=null | ip=null | op=WRITE_CHUNK {blockData=conID: 2 locID: 102659352018551205 bcsId: 0} | ret=SUCCESS |  
2019-08-22 07:03:20,365 | INFO  | DNAudit | user=null | ip=null | op=PUT_BLOCK {blockData=[blockId=conID: 2 locID: 102659352018551205 bcsId: 0,size=1048576]} | ret=SUCCESS |  
2019-08-22 07:03:20,366 [grpc-default-executor-1] INFO  client.GrpcClientProtocolClient (GrpcClientProtocolClient.java:onNext(255)) - client-CF63D631FA17->3cf1264f-5f6b-4138-aeee-2ff7d4522ead: receive RaftClientReply:client-CF63D631FA17->3cf1264f-5f6b-4138-aeee-2ff7d4522ead@group-561E16522154, cid=779, SUCCESS, logIndex=0, commits[3cf1264f-5f6b-4138-aeee-2ff7d4522ead:c994, 4f0d1a15-8f14-4d9a-ad4f-8211e1245b5d:c990, 6999f20e-c3f7-4db4-87ca-141c476f2a88:c990]
2019-08-22 07:03:20,367 | INFO  | DNAudit | user=null | ip=null | op=WRITE_CHUNK {blockData=conID: 2 locID: 102659352018551205 bcsId: 0} | ret=SUCCESS |  
2019-08-22 07:03:20,367 | INFO  | DNAudit | user=null | ip=null | op=PUT_BLOCK {blockData=[blockId=conID: 2 locID: 102659352018551205 bcsId: 0,size=2097152]} | ret=SUCCESS |  
2019-08-22 07:03:20,369 | INFO  | DNAudit | user=null | ip=null | op=WRITE_CHUNK {blockData=conID: 2 locID: 102659352018551205 bcsId: 0} | ret=SUCCESS |  
2019-08-22 07:03:20,369 | INFO  | DNAudit | user=null | ip=null | op=PUT_BLOCK {blockData=[blockId=conID: 2 locID: 102659352018551205 bcsId: 0,size=2097152]} | ret=SUCCESS |  
2019-08-22 07:03:20,375 | INFO  | DNAudit | user=null | ip=null | op=WRITE_CHUNK {blockData=conID: 2 locID: 102659352018551205 bcsId: 992} | ret=SUCCESS |  
2019-08-22 07:03:20,378 | INFO  | DNAudit | user=null | ip=null | op=WRITE_CHUNK {blockData=conID: 2 locID: 102659352018551205 bcsId: 992} | ret=SUCCESS |  
2019-08-22 07:03:20,379 | INFO  | DNAudit | user=null | ip=null | op=WRITE_CHUNK {blockData=conID: 2 locID: 102659352018551205 bcsId: 992} | ret=SUCCESS |  
2019-08-22 07:03:20,380 | INFO  | DNAudit | user=null | ip=null | op=WRITE_CHUNK {blockData=conID: 2 locID: 102659352018551205 bcsId: 992} | ret=SUCCESS |  
2019-08-22 07:03:20,381 | INFO  | DNAudit | user=null | ip=null | op=PUT_BLOCK {blockData=[blockId=conID: 2 locID: 102659352018551205 bcsId: 0,size=3145728]} | ret=SUCCESS |  
2019-08-22 07:03:20,381 [grpc-default-executor-3] INFO  client.GrpcClientProtocolClient (GrpcClientProtocolClient.java:onNext(255)) - client-CF63D631FA17->3cf1264f-5f6b-4138-aeee-2ff7d4522ead: receive RaftClientReply:client-CF63D631FA17->3cf1264f-5f6b-4138-aeee-2ff7d4522ead@group-561E16522154, cid=780, SUCCESS, logIndex=997, commits[3cf1264f-5f6b-4138-aeee-2ff7d4522ead:c998, 4f0d1a15-8f14-4d9a-ad4f-8211e1245b5d:c996, 6999f20e-c3f7-4db4-87ca-141c476f2a88:c996]
2019-08-22 07:03:20,381 [grpc-default-executor-3] INFO  client.GrpcClientProtocolClient (GrpcClientProtocolClient.java:onNext(255)) - client-CF63D631FA17->3cf1264f-5f6b-4138-aeee-2ff7d4522ead: receive RaftClientReply:client-CF63D631FA17->3cf1264f-5f6b-4138-aeee-2ff7d4522ead@group-561E16522154, cid=781, SUCCESS, logIndex=998, commits[3cf1264f-5f6b-4138-aeee-2ff7d4522ead:c998, 4f0d1a15-8f14-4d9a-ad4f-8211e1245b5d:c996, 6999f20e-c3f7-4db4-87ca-141c476f2a88:c996]
2019-08-22 07:03:20,384 | INFO  | DNAudit | user=null | ip=null | op=WRITE_CHUNK {blockData=conID: 2 locID: 102659352018551205 bcsId: 992} | ret=SUCCESS |  
2019-08-22 07:03:20,386 | INFO  | DNAudit | user=null | ip=null | op=WRITE_CHUNK {blockData=conID: 2 locID: 102659352018551205 bcsId: 992} | ret=SUCCESS |  
2019-08-22 07:03:20,386 | INFO  | DNAudit | user=null | ip=null | op=PUT_BLOCK {blockData=[blockId=conID: 2 locID: 102659352018551205 bcsId: 0,size=3145728]} | ret=SUCCESS |  
2019-08-22 07:03:20,387 | INFO  | DNAudit | user=null | ip=null | op=PUT_BLOCK {blockData=[blockId=conID: 2 locID: 102659352018551205 bcsId: 0,size=3145728]} | ret=SUCCESS |  
2019-08-22 07:03:20,392 | INFO  | DNAudit | user=null | ip=null | op=WRITE_CHUNK {blockData=conID: 2 locID: 102659352018551205 bcsId: 998} | ret=SUCCESS |  
2019-08-22 07:03:20,394 | INFO  | DNAudit | user=null | ip=null | op=WRITE_CHUNK {blockData=conID: 2 locID: 102659352018551205 bcsId: 998} | ret=SUCCESS |  
2019-08-22 07:03:20,395 | INFO  | DNAudit | user=null | ip=null | op=WRITE_CHUNK {blockData=conID: 2 locID: 102659352018551205 bcsId: 998} | ret=SUCCESS |  
2019-08-22 07:03:20,408 | INFO  | DNAudit | user=null | ip=null | op=WRITE_CHUNK {blockData=conID: 2 locID: 102659352018551205 bcsId: 998} | ret=SUCCESS |  
2019-08-22 07:03:20,408 | INFO  | DNAudit | user=null | ip=null | op=PUT_BLOCK {blockData=[blockId=conID: 2 locID: 102659352018551205 bcsId: 0,size=4194304]} | ret=SUCCESS |  
2019-08-22 07:03:20,409 [grpc-default-executor-5] INFO  client.GrpcClientProtocolClient (GrpcClientProtocolClient.java:onNext(255)) - client-CF63D631FA17->3cf1264f-5f6b-4138-aeee-2ff7d4522ead: receive RaftClientReply:client-CF63D631FA17->3cf1264f-5f6b-4138-aeee-2ff7d4522ead@group-561E16522154, cid=782, SUCCESS, logIndex=1001, commits[3cf1264f-5f6b-4138-aeee-2ff7d4522ead:c1002, 4f0d1a15-8f14-4d9a-ad4f-8211e1245b5d:c1000, 6999f20e-c3f7-4db4-87ca-141c476f2a88:c1000]
2019-08-22 07:03:20,409 [grpc-default-executor-5] INFO  client.GrpcClientProtocolClient (GrpcClientProtocolClient.java:onNext(255)) - client-CF63D631FA17->3cf1264f-5f6b-4138-aeee-2ff7d4522ead: receive RaftClientReply:client-CF63D631FA17->3cf1264f-5f6b-4138-aeee-2ff7d4522ead@group-561E16522154, cid=783, SUCCESS, logIndex=1002, commits[3cf1264f-5f6b-4138-aeee-2ff7d4522ead:c1002, 4f0d1a15-8f14-4d9a-ad4f-8211e1245b5d:c1000, 6999f20e-c3f7-4db4-87ca-141c476f2a88:c1000]
2019-08-22 07:03:20,417 | INFO  | DNAudit | user=null | ip=null | op=WRITE_CHUNK {blockData=conID: 2 locID: 102659352018551205 bcsId: 998} | ret=SUCCESS |  
2019-08-22 07:03:20,417 | INFO  | DNAudit | user=null | ip=null | op=WRITE_CHUNK {blockData=conID: 2 locID: 102659352018551205 bcsId: 998} | ret=SUCCESS |  
2019-08-22 07:03:20,417 | INFO  | DNAudit | user=null | ip=null | op=PUT_BLOCK {blockData=[blockId=conID: 2 locID: 102659352018551205 bcsId: 0,size=4194304]} | ret=SUCCESS |  
2019-08-22 07:03:20,417 | INFO  | DNAudit | user=null | ip=null | op=PUT_BLOCK {blockData=[blockId=conID: 2 locID: 102659352018551205 bcsId: 0,size=4194304]} | ret=SUCCESS |  
2019-08-22 07:03:20,418 [grpc-default-executor-3] INFO  client.GrpcClientProtocolClient (GrpcClientProtocolClient.java:onNext(255)) - client-CF63D631FA17->3cf1264f-5f6b-4138-aeee-2ff7d4522ead: receive RaftClientReply:client-CF63D631FA17->3cf1264f-5f6b-4138-aeee-2ff7d4522ead@group-561E16522154, cid=784, SUCCESS, logIndex=0, commits[3cf1264f-5f6b-4138-aeee-2ff7d4522ead:c1003, 4f0d1a15-8f14-4d9a-ad4f-8211e1245b5d:c1002, 6999f20e-c3f7-4db4-87ca-141c476f2a88:c1002]
2019-08-22 07:03:20,426 | INFO  | DNAudit | user=null | ip=null | op=WRITE_CHUNK {blockData=conID: 3 locID: 102659352018551206 bcsId: 0} | ret=SUCCESS |  
2019-08-22 07:03:20,431 | INFO  | DNAudit | user=null | ip=null | op=WRITE_CHUNK {blockData=conID: 3 locID: 102659352018551206 bcsId: 0} | ret=SUCCESS |  
2019-08-22 07:03:20,431 | INFO  | DNAudit | user=null | ip=null | op=WRITE_CHUNK {blockData=conID: 3 locID: 102659352018551206 bcsId: 0} | ret=SUCCESS |  
2019-08-22 07:03:20,431 | INFO  | DNAudit | user=null | ip=null | op=WRITE_CHUNK {blockData=conID: 3 locID: 102659352018551206 bcsId: 0} | ret=SUCCESS |  
2019-08-22 07:03:20,433 | INFO  | DNAudit | user=null | ip=null | op=WRITE_CHUNK {blockData=conID: 3 locID: 102659352018551206 bcsId: 0} | ret=SUCCESS |  
2019-08-22 07:03:20,433 | INFO  | DNAudit | user=null | ip=null | op=WRITE_CHUNK {blockData=conID: 3 locID: 102659352018551206 bcsId: 0} | ret=SUCCESS |  
2019-08-22 07:03:20,439 | INFO  | DNAudit | user=null | ip=null | op=WRITE_CHUNK {blockData=conID: 3 locID: 102659352018551206 bcsId: 0} | ret=SUCCESS |  
2019-08-22 07:03:20,439 | INFO  | DNAudit | user=null | ip=null | op=PUT_BLOCK {blockData=[blockId=conID: 3 locID: 102659352018551206 bcsId: 0,size=1048576]} | ret=SUCCESS |  
2019-08-22 07:03:20,439 [grpc-default-executor-5] INFO  client.GrpcClientProtocolClient (GrpcClientProtocolClient.java:onNext(255)) - client-CF63D631FA17->3cf1264f-5f6b-4138-aeee-2ff7d4522ead: receive RaftClientReply:client-CF63D631FA17->3cf1264f-5f6b-4138-aeee-2ff7d4522ead@group-561E16522154, cid=785, SUCCESS, logIndex=1005, commits[3cf1264f-5f6b-4138-aeee-2ff7d4522ead:c1006, 4f0d1a15-8f14-4d9a-ad4f-8211e1245b5d:c1004, 6999f20e-c3f7-4db4-87ca-141c476f2a88:c1004]
2019-08-22 07:03:20,440 [grpc-default-executor-5] INFO  client.GrpcClientProtocolClient (GrpcClientProtocolClient.java:onNext(255)) - client-CF63D631FA17->3cf1264f-5f6b-4138-aeee-2ff7d4522ead: receive RaftClientReply:client-CF63D631FA17->3cf1264f-5f6b-4138-aeee-2ff7d4522ead@group-561E16522154, cid=786, SUCCESS, logIndex=1006, commits[3cf1264f-5f6b-4138-aeee-2ff7d4522ead:c1006, 4f0d1a15-8f14-4d9a-ad4f-8211e1245b5d:c1004, 6999f20e-c3f7-4db4-87ca-141c476f2a88:c1004]
2019-08-22 07:03:20,450 | INFO  | DNAudit | user=null | ip=null | op=WRITE_CHUNK {blockData=conID: 3 locID: 102659352018551206 bcsId: 0} | ret=SUCCESS |  
2019-08-22 07:03:20,451 | INFO  | DNAudit | user=null | ip=null | op=PUT_BLOCK {blockData=[blockId=conID: 3 locID: 102659352018551206 bcsId: 0,size=2097152]} | ret=SUCCESS |  
2019-08-22 07:03:20,451 | INFO  | DNAudit | user=null | ip=null | op=WRITE_CHUNK {blockData=conID: 3 locID: 102659352018551206 bcsId: 0} | ret=SUCCESS |  
2019-08-22 07:03:20,451 [grpc-default-executor-3] INFO  client.GrpcClientProtocolClient (GrpcClientProtocolClient.java:onNext(255)) - client-CF63D631FA17->3cf1264f-5f6b-4138-aeee-2ff7d4522ead: receive RaftClientReply:client-CF63D631FA17->3cf1264f-5f6b-4138-aeee-2ff7d4522ead@group-561E16522154, cid=787, SUCCESS, logIndex=1007, commits[3cf1264f-5f6b-4138-aeee-2ff7d4522ead:c1008, 4f0d1a15-8f14-4d9a-ad4f-8211e1245b5d:c1004, 6999f20e-c3f7-4db4-87ca-141c476f2a88:c1004]
2019-08-22 07:03:20,451 | INFO  | DNAudit | user=null | ip=null | op=PUT_BLOCK {blockData=[blockId=conID: 3 locID: 102659352018551206 bcsId: 0,size=1048576]} | ret=SUCCESS |  
2019-08-22 07:03:20,452 [grpc-default-executor-3] INFO  client.GrpcClientProtocolClient (GrpcClientProtocolClient.java:onNext(255)) - client-CF63D631FA17->3cf1264f-5f6b-4138-aeee-2ff7d4522ead: receive RaftClientReply:client-CF63D631FA17->3cf1264f-5f6b-4138-aeee-2ff7d4522ead@group-561E16522154, cid=788, SUCCESS, logIndex=1008, commits[3cf1264f-5f6b-4138-aeee-2ff7d4522ead:c1008, 4f0d1a15-8f14-4d9a-ad4f-8211e1245b5d:c1005, 6999f20e-c3f7-4db4-87ca-141c476f2a88:c1004]
2019-08-22 07:03:20,453 | INFO  | DNAudit | user=null | ip=null | op=WRITE_CHUNK {blockData=conID: 3 locID: 102659352018551206 bcsId: 0} | ret=SUCCESS |  
2019-08-22 07:03:20,453 | INFO  | DNAudit | user=null | ip=null | op=PUT_BLOCK {blockData=[blockId=conID: 3 locID: 102659352018551206 bcsId: 0,size=1048576]} | ret=SUCCESS |  
2019-08-22 07:03:20,454 [grpc-default-executor-3] INFO  client.GrpcClientProtocolClient (GrpcClientProtocolClient.java:onNext(255)) - client-CF63D631FA17->3cf1264f-5f6b-4138-aeee-2ff7d4522ead: receive RaftClientReply:client-CF63D631FA17->3cf1264f-5f6b-4138-aeee-2ff7d4522ead@group-561E16522154, cid=789, SUCCESS, logIndex=0, commits[3cf1264f-5f6b-4138-aeee-2ff7d4522ead:c1010, 4f0d1a15-8f14-4d9a-ad4f-8211e1245b5d:c1006, 6999f20e-c3f7-4db4-87ca-141c476f2a88:c1006]
2019-08-22 07:03:20,463 | INFO  | DNAudit | user=null | ip=null | op=WRITE_CHUNK {blockData=conID: 3 locID: 102659352018551206 bcsId: 1008} | ret=SUCCESS |  
2019-08-22 07:03:20,464 | INFO  | DNAudit | user=null | ip=null | op=WRITE_CHUNK {blockData=conID: 3 locID: 102659352018551206 bcsId: 0} | ret=SUCCESS |  
2019-08-22 07:03:20,465 | INFO  | DNAudit | user=null | ip=null | op=PUT_BLOCK {blockData=[blockId=conID: 3 locID: 102659352018551206 bcsId: 0,size=2097152]} | ret=SUCCESS |  
2019-08-22 07:03:20,465 | INFO  | DNAudit | user=null | ip=null | op=WRITE_CHUNK {blockData=conID: 3 locID: 102659352018551206 bcsId: 1008} | ret=SUCCESS |  
2019-08-22 07:03:20,465 | INFO  | DNAudit | user=null | ip=null | op=WRITE_CHUNK {blockData=conID: 3 locID: 102659352018551206 bcsId: 1008} | ret=SUCCESS |  
2019-08-22 07:03:20,466 | INFO  | DNAudit | user=null | ip=null | op=WRITE_CHUNK {blockData=conID: 3 locID: 102659352018551206 bcsId: 0} | ret=SUCCESS |  
2019-08-22 07:03:20,467 | INFO  | DNAudit | user=null | ip=null | op=PUT_BLOCK {blockData=[blockId=conID: 3 locID: 102659352018551206 bcsId: 0,size=2097152]} | ret=SUCCESS |  
2019-08-22 07:03:20,478 | INFO  | DNAudit | user=null | ip=null | op=WRITE_CHUNK {blockData=conID: 3 locID: 102659352018551206 bcsId: 1008} | ret=SUCCESS |  
2019-08-22 07:03:20,478 | INFO  | DNAudit | user=null | ip=null | op=PUT_BLOCK {blockData=[blockId=conID: 3 locID: 102659352018551206 bcsId: 0,size=3145728]} | ret=SUCCESS |  
2019-08-22 07:03:20,478 [grpc-default-executor-5] INFO  client.GrpcClientProtocolClient (GrpcClientProtocolClient.java:onNext(255)) - client-CF63D631FA17->3cf1264f-5f6b-4138-aeee-2ff7d4522ead: receive RaftClientReply:client-CF63D631FA17->3cf1264f-5f6b-4138-aeee-2ff7d4522ead@group-561E16522154, cid=790, SUCCESS, logIndex=1013, commits[3cf1264f-5f6b-4138-aeee-2ff7d4522ead:c1014, 4f0d1a15-8f14-4d9a-ad4f-8211e1245b5d:c1010, 6999f20e-c3f7-4db4-87ca-141c476f2a88:c1010]
2019-08-22 07:03:20,479 [grpc-default-executor-5] INFO  client.GrpcClientProtocolClient (GrpcClientProtocolClient.java:onNext(255)) - client-CF63D631FA17->3cf1264f-5f6b-4138-aeee-2ff7d4522ead: receive RaftClientReply:client-CF63D631FA17->3cf1264f-5f6b-4138-aeee-2ff7d4522ead@group-561E16522154, cid=791, SUCCESS, logIndex=1014, commits[3cf1264f-5f6b-4138-aeee-2ff7d4522ead:c1014, 4f0d1a15-8f14-4d9a-ad4f-8211e1245b5d:c1010, 6999f20e-c3f7-4db4-87ca-141c476f2a88:c1010]
2019-08-22 07:03:20,479 | INFO  | DNAudit | user=null | ip=null | op=WRITE_CHUNK {blockData=conID: 3 locID: 102659352018551206 bcsId: 1008} | ret=SUCCESS |  
2019-08-22 07:03:20,480 | INFO  | DNAudit | user=null | ip=null | op=PUT_BLOCK {blockData=[blockId=conID: 3 locID: 102659352018551206 bcsId: 0,size=3145728]} | ret=SUCCESS |  
2019-08-22 07:03:20,480 | INFO  | DNAudit | user=null | ip=null | op=WRITE_CHUNK {blockData=conID: 3 locID: 102659352018551206 bcsId: 1008} | ret=SUCCESS |  
2019-08-22 07:03:20,480 | INFO  | DNAudit | user=null | ip=null | op=PUT_BLOCK {blockData=[blockId=conID: 3 locID: 102659352018551206 bcsId: 0,size=3145728]} | ret=SUCCESS |  
2019-08-22 07:03:20,487 | INFO  | DNAudit | user=null | ip=null | op=WRITE_CHUNK {blockData=conID: 3 locID: 102659352018551206 bcsId: 1014} | ret=SUCCESS |  
2019-08-22 07:03:20,489 | INFO  | DNAudit | user=null | ip=null | op=WRITE_CHUNK {blockData=conID: 3 locID: 102659352018551206 bcsId: 1014} | ret=SUCCESS |  
2019-08-22 07:03:20,489 | INFO  | DNAudit | user=null | ip=null | op=WRITE_CHUNK {blockData=conID: 3 locID: 102659352018551206 bcsId: 1014} | ret=SUCCESS |  
2019-08-22 07:03:20,500 | INFO  | DNAudit | user=null | ip=null | op=WRITE_CHUNK {blockData=conID: 3 locID: 102659352018551206 bcsId: 1014} | ret=SUCCESS |  
2019-08-22 07:03:20,501 | INFO  | DNAudit | user=null | ip=null | op=PUT_BLOCK {blockData=[blockId=conID: 3 locID: 102659352018551206 bcsId: 0,size=4194304]} | ret=SUCCESS |  
2019-08-22 07:03:20,501 [grpc-default-executor-0] INFO  client.GrpcClientProtocolClient (GrpcClientProtocolClient.java:onNext(255)) - client-CF63D631FA17->3cf1264f-5f6b-4138-aeee-2ff7d4522ead: receive RaftClientReply:client-CF63D631FA17->3cf1264f-5f6b-4138-aeee-2ff7d4522ead@group-561E16522154, cid=792, SUCCESS, logIndex=1017, commits[3cf1264f-5f6b-4138-aeee-2ff7d4522ead:c1018, 4f0d1a15-8f14-4d9a-ad4f-8211e1245b5d:c1016, 6999f20e-c3f7-4db4-87ca-141c476f2a88:c1016]
2019-08-22 07:03:20,501 [grpc-default-executor-0] INFO  client.GrpcClientProtocolClient (GrpcClientProtocolClient.java:onNext(255)) - client-CF63D631FA17->3cf1264f-5f6b-4138-aeee-2ff7d4522ead: receive RaftClientReply:client-CF63D631FA17->3cf1264f-5f6b-4138-aeee-2ff7d4522ead@group-561E16522154, cid=793, SUCCESS, logIndex=1018, commits[3cf1264f-5f6b-4138-aeee-2ff7d4522ead:c1018, 4f0d1a15-8f14-4d9a-ad4f-8211e1245b5d:c1016, 6999f20e-c3f7-4db4-87ca-141c476f2a88:c1016]
2019-08-22 07:03:20,513 | INFO  | DNAudit | user=null | ip=null | op=WRITE_CHUNK {blockData=conID: 3 locID: 102659352018551206 bcsId: 1014} | ret=SUCCESS |  
2019-08-22 07:03:20,513 | INFO  | DNAudit | user=null | ip=null | op=WRITE_CHUNK {blockData=conID: 3 locID: 102659352018551206 bcsId: 1014} | ret=SUCCESS |  
2019-08-22 07:03:20,525 | INFO  | DNAudit | user=null | ip=null | op=PUT_BLOCK {blockData=[blockId=conID: 3 locID: 102659352018551206 bcsId: 0,size=4194304]} | ret=SUCCESS |  
2019-08-22 07:03:20,525 | INFO  | DNAudit | user=null | ip=null | op=PUT_BLOCK {blockData=[blockId=conID: 3 locID: 102659352018551206 bcsId: 0,size=4194304]} | ret=SUCCESS |  
2019-08-22 07:03:20,525 [grpc-default-executor-0] INFO  client.GrpcClientProtocolClient (GrpcClientProtocolClient.java:onNext(255)) - client-CF63D631FA17->3cf1264f-5f6b-4138-aeee-2ff7d4522ead: receive RaftClientReply:client-CF63D631FA17->3cf1264f-5f6b-4138-aeee-2ff7d4522ead@group-561E16522154, cid=794, SUCCESS, logIndex=0, commits[3cf1264f-5f6b-4138-aeee-2ff7d4522ead:c1020, 4f0d1a15-8f14-4d9a-ad4f-8211e1245b5d:c1018, 6999f20e-c3f7-4db4-87ca-141c476f2a88:c1018]
2019-08-22 07:03:20,533 | INFO  | DNAudit | user=null | ip=null | op=WRITE_CHUNK {blockData=conID: 1 locID: 102659352018551207 bcsId: 0} | ret=SUCCESS |  
2019-08-22 07:03:20,538 | INFO  | DNAudit | user=null | ip=null | op=WRITE_CHUNK {blockData=conID: 1 locID: 102659352018551207 bcsId: 0} | ret=SUCCESS |  
2019-08-22 07:03:20,538 | INFO  | DNAudit | user=null | ip=null | op=WRITE_CHUNK {blockData=conID: 1 locID: 102659352018551207 bcsId: 0} | ret=SUCCESS |  
2019-08-22 07:03:20,539 | INFO  | DNAudit | user=null | ip=null | op=WRITE_CHUNK {blockData=conID: 1 locID: 102659352018551207 bcsId: 0} | ret=SUCCESS |  
2019-08-22 07:03:20,541 | INFO  | DNAudit | user=null | ip=null | op=WRITE_CHUNK {blockData=conID: 1 locID: 102659352018551207 bcsId: 0} | ret=SUCCESS |  
2019-08-22 07:03:20,541 | INFO  | DNAudit | user=null | ip=null | op=WRITE_CHUNK {blockData=conID: 1 locID: 102659352018551207 bcsId: 0} | ret=SUCCESS |  
2019-08-22 07:03:20,546 | INFO  | DNAudit | user=null | ip=null | op=WRITE_CHUNK {blockData=conID: 1 locID: 102659352018551207 bcsId: 0} | ret=SUCCESS |  
2019-08-22 07:03:20,546 | INFO  | DNAudit | user=null | ip=null | op=PUT_BLOCK {blockData=[blockId=conID: 1 locID: 102659352018551207 bcsId: 0,size=1048576]} | ret=SUCCESS |  
2019-08-22 07:03:20,547 | INFO  | DNAudit | user=null | ip=null | op=WRITE_CHUNK {blockData=conID: 1 locID: 102659352018551207 bcsId: 0} | ret=SUCCESS |  
2019-08-22 07:03:20,547 [grpc-default-executor-0] INFO  client.GrpcClientProtocolClient (GrpcClientProtocolClient.java:onNext(255)) - client-CF63D631FA17->3cf1264f-5f6b-4138-aeee-2ff7d4522ead: receive RaftClientReply:client-CF63D631FA17->3cf1264f-5f6b-4138-aeee-2ff7d4522ead@group-561E16522154, cid=795, SUCCESS, logIndex=1021, commits[3cf1264f-5f6b-4138-aeee-2ff7d4522ead:c1022, 4f0d1a15-8f14-4d9a-ad4f-8211e1245b5d:c1020, 6999f20e-c3f7-4db4-87ca-141c476f2a88:c1020]
2019-08-22 07:03:20,547 | INFO  | DNAudit | user=null | ip=null | op=PUT_BLOCK {blockData=[blockId=conID: 1 locID: 102659352018551207 bcsId: 0,size=2097152]} | ret=SUCCESS |  
2019-08-22 07:03:20,548 [grpc-default-executor-0] INFO  client.GrpcClientProtocolClient (GrpcClientProtocolClient.java:onNext(255)) - client-CF63D631FA17->3cf1264f-5f6b-4138-aeee-2ff7d4522ead: receive RaftClientReply:client-CF63D631FA17->3cf1264f-5f6b-4138-aeee-2ff7d4522ead@group-561E16522154, cid=796, SUCCESS, logIndex=1022, commits[3cf1264f-5f6b-4138-aeee-2ff7d4522ead:c1024, 4f0d1a15-8f14-4d9a-ad4f-8211e1245b5d:c1020, 6999f20e-c3f7-4db4-87ca-141c476f2a88:c1020]
2019-08-22 07:03:20,548 [grpc-default-executor-0] INFO  client.GrpcClientProtocolClient (GrpcClientProtocolClient.java:onNext(255)) - client-CF63D631FA17->3cf1264f-5f6b-4138-aeee-2ff7d4522ead: receive RaftClientReply:client-CF63D631FA17->3cf1264f-5f6b-4138-aeee-2ff7d4522ead@group-561E16522154, cid=797, SUCCESS, logIndex=1023, commits[3cf1264f-5f6b-4138-aeee-2ff7d4522ead:c1024, 4f0d1a15-8f14-4d9a-ad4f-8211e1245b5d:c1020, 6999f20e-c3f7-4db4-87ca-141c476f2a88:c1020]
2019-08-22 07:03:20,549 [grpc-default-executor-0] INFO  client.GrpcClientProtocolClient (GrpcClientProtocolClient.java:onNext(255)) - client-CF63D631FA17->3cf1264f-5f6b-4138-aeee-2ff7d4522ead: receive RaftClientReply:client-CF63D631FA17->3cf1264f-5f6b-4138-aeee-2ff7d4522ead@group-561E16522154, cid=798, SUCCESS, logIndex=1024, commits[3cf1264f-5f6b-4138-aeee-2ff7d4522ead:c1024, 4f0d1a15-8f14-4d9a-ad4f-8211e1245b5d:c1020, 6999f20e-c3f7-4db4-87ca-141c476f2a88:c1020]
2019-08-22 07:03:20,560 | INFO  | DNAudit | user=null | ip=null | op=WRITE_CHUNK {blockData=conID: 1 locID: 102659352018551207 bcsId: 0} | ret=SUCCESS |  
2019-08-22 07:03:20,560 | INFO  | DNAudit | user=null | ip=null | op=WRITE_CHUNK {blockData=conID: 1 locID: 102659352018551207 bcsId: 0} | ret=SUCCESS |  
2019-08-22 07:03:20,560 | INFO  | DNAudit | user=null | ip=null | op=PUT_BLOCK {blockData=[blockId=conID: 1 locID: 102659352018551207 bcsId: 0,size=1048576]} | ret=SUCCESS |  
2019-08-22 07:03:20,560 | INFO  | DNAudit | user=null | ip=null | op=PUT_BLOCK {blockData=[blockId=conID: 1 locID: 102659352018551207 bcsId: 0,size=1048576]} | ret=SUCCESS |  
2019-08-22 07:03:20,561 | INFO  | DNAudit | user=null | ip=null | op=WRITE_CHUNK {blockData=conID: 1 locID: 102659352018551207 bcsId: 0} | ret=SUCCESS |  
2019-08-22 07:03:20,561 | INFO  | DNAudit | user=null | ip=null | op=WRITE_CHUNK {blockData=conID: 1 locID: 102659352018551207 bcsId: 0} | ret=SUCCESS |  
2019-08-22 07:03:20,561 | INFO  | DNAudit | user=null | ip=null | op=PUT_BLOCK {blockData=[blockId=conID: 1 locID: 102659352018551207 bcsId: 0,size=2097152]} | ret=SUCCESS |  
2019-08-22 07:03:20,561 [grpc-default-executor-0] INFO  client.GrpcClientProtocolClient (GrpcClientProtocolClient.java:onNext(255)) - client-CF63D631FA17->3cf1264f-5f6b-4138-aeee-2ff7d4522ead: receive RaftClientReply:client-CF63D631FA17->3cf1264f-5f6b-4138-aeee-2ff7d4522ead@group-561E16522154, cid=799, SUCCESS, logIndex=0, commits[3cf1264f-5f6b-4138-aeee-2ff7d4522ead:c1027, 4f0d1a15-8f14-4d9a-ad4f-8211e1245b5d:c1022, 6999f20e-c3f7-4db4-87ca-141c476f2a88:c1024]
2019-08-22 07:03:20,561 | INFO  | DNAudit | user=null | ip=null | op=PUT_BLOCK {blockData=[blockId=conID: 1 locID: 102659352018551207 bcsId: 0,size=2097152]} | ret=SUCCESS |  
2019-08-22 07:03:20,569 | INFO  | DNAudit | user=null | ip=null | op=WRITE_CHUNK {blockData=conID: 1 locID: 102659352018551207 bcsId: 1024} | ret=SUCCESS |  
2019-08-22 07:03:20,571 | INFO  | DNAudit | user=null | ip=null | op=WRITE_CHUNK {blockData=conID: 1 locID: 102659352018551207 bcsId: 1024} | ret=SUCCESS |  
2019-08-22 07:03:20,572 | INFO  | DNAudit | user=null | ip=null | op=WRITE_CHUNK {blockData=conID: 1 locID: 102659352018551207 bcsId: 1024} | ret=SUCCESS |  
2019-08-22 07:03:20,580 | INFO  | SCMAudit | user=jenkins1000 | ip=192.168.34.31 | op=SEND_HEARTBEAT {datanodeUUID=6ab6b5dd-7582-43bd-ad39-1af51ca14a47, command=[]} | ret=SUCCESS |  
2019-08-22 07:03:20,583 | INFO  | DNAudit | user=null | ip=null | op=WRITE_CHUNK {blockData=conID: 1 locID: 102659352018551207 bcsId: 1024} | ret=SUCCESS |  
2019-08-22 07:03:20,583 | INFO  | DNAudit | user=null | ip=null | op=PUT_BLOCK {blockData=[blockId=conID: 1 locID: 102659352018551207 bcsId: 0,size=3145728]} | ret=SUCCESS |  
2019-08-22 07:03:20,583 [grpc-default-executor-5] INFO  client.GrpcClientProtocolClient (GrpcClientProtocolClient.java:onNext(255)) - client-CF63D631FA17->3cf1264f-5f6b-4138-aeee-2ff7d4522ead: receive RaftClientReply:client-CF63D631FA17->3cf1264f-5f6b-4138-aeee-2ff7d4522ead@group-561E16522154, cid=800, SUCCESS, logIndex=1028, commits[3cf1264f-5f6b-4138-aeee-2ff7d4522ead:c1029, 4f0d1a15-8f14-4d9a-ad4f-8211e1245b5d:c1027, 6999f20e-c3f7-4db4-87ca-141c476f2a88:c1027]
2019-08-22 07:03:20,584 [grpc-default-executor-5] INFO  client.GrpcClientProtocolClient (GrpcClientProtocolClient.java:onNext(255)) - client-CF63D631FA17->3cf1264f-5f6b-4138-aeee-2ff7d4522ead: receive RaftClientReply:client-CF63D631FA17->3cf1264f-5f6b-4138-aeee-2ff7d4522ead@group-561E16522154, cid=801, SUCCESS, logIndex=1029, commits[3cf1264f-5f6b-4138-aeee-2ff7d4522ead:c1029, 4f0d1a15-8f14-4d9a-ad4f-8211e1245b5d:c1027, 6999f20e-c3f7-4db4-87ca-141c476f2a88:c1027]
2019-08-22 07:03:20,585 | INFO  | DNAudit | user=null | ip=null | op=WRITE_CHUNK {blockData=conID: 1 locID: 102659352018551207 bcsId: 1024} | ret=SUCCESS |  
2019-08-22 07:03:20,585 | INFO  | DNAudit | user=null | ip=null | op=WRITE_CHUNK {blockData=conID: 1 locID: 102659352018551207 bcsId: 1024} | ret=SUCCESS |  
2019-08-22 07:03:20,588 | INFO  | DNAudit | user=null | ip=null | op=PUT_BLOCK {blockData=[blockId=conID: 1 locID: 102659352018551207 bcsId: 0,size=3145728]} | ret=SUCCESS |  
2019-08-22 07:03:20,588 | INFO  | DNAudit | user=null | ip=null | op=PUT_BLOCK {blockData=[blockId=conID: 1 locID: 102659352018551207 bcsId: 0,size=3145728]} | ret=SUCCESS |  
2019-08-22 07:03:20,592 | INFO  | DNAudit | user=null | ip=null | op=WRITE_CHUNK {blockData=conID: 1 locID: 102659352018551207 bcsId: 1029} | ret=SUCCESS |  
2019-08-22 07:03:20,598 | INFO  | DNAudit | user=null | ip=null | op=WRITE_CHUNK {blockData=conID: 1 locID: 102659352018551207 bcsId: 1029} | ret=SUCCESS |  
2019-08-22 07:03:20,598 | INFO  | DNAudit | user=null | ip=null | op=WRITE_CHUNK {blockData=conID: 1 locID: 102659352018551207 bcsId: 1029} | ret=SUCCESS |  
2019-08-22 07:03:20,604 | INFO  | DNAudit | user=null | ip=null | op=WRITE_CHUNK {blockData=conID: 1 locID: 102659352018551207 bcsId: 1029} | ret=SUCCESS |  
2019-08-22 07:03:20,604 | INFO  | DNAudit | user=null | ip=null | op=PUT_BLOCK {blockData=[blockId=conID: 1 locID: 102659352018551207 bcsId: 0,size=4194304]} | ret=SUCCESS |  
2019-08-22 07:03:20,605 [grpc-default-executor-3] INFO  client.GrpcClientProtocolClient (GrpcClientProtocolClient.java:onNext(255)) - client-CF63D631FA17->3cf1264f-5f6b-4138-aeee-2ff7d4522ead: receive RaftClientReply:client-CF63D631FA17->3cf1264f-5f6b-4138-aeee-2ff7d4522ead@group-561E16522154, cid=802, SUCCESS, logIndex=1032, commits[3cf1264f-5f6b-4138-aeee-2ff7d4522ead:c1033, 4f0d1a15-8f14-4d9a-ad4f-8211e1245b5d:c1031, 6999f20e-c3f7-4db4-87ca-141c476f2a88:c1031]
2019-08-22 07:03:20,605 [grpc-default-executor-3] INFO  client.GrpcClientProtocolClient (GrpcClientProtocolClient.java:onNext(255)) - client-CF63D631FA17->3cf1264f-5f6b-4138-aeee-2ff7d4522ead: receive RaftClientReply:client-CF63D631FA17->3cf1264f-5f6b-4138-aeee-2ff7d4522ead@group-561E16522154, cid=803, SUCCESS, logIndex=1033, commits[3cf1264f-5f6b-4138-aeee-2ff7d4522ead:c1033, 4f0d1a15-8f14-4d9a-ad4f-8211e1245b5d:c1031, 6999f20e-c3f7-4db4-87ca-141c476f2a88:c1031]
2019-08-22 07:03:20,606 | INFO  | DNAudit | user=null | ip=null | op=WRITE_CHUNK {blockData=conID: 1 locID: 102659352018551207 bcsId: 1029} | ret=SUCCESS |  
2019-08-22 07:03:20,606 | INFO  | DNAudit | user=null | ip=null | op=WRITE_CHUNK {blockData=conID: 1 locID: 102659352018551207 bcsId: 1029} | ret=SUCCESS |  
2019-08-22 07:03:20,607 | INFO  | DNAudit | user=null | ip=null | op=PUT_BLOCK {blockData=[blockId=conID: 1 locID: 102659352018551207 bcsId: 0,size=4194304]} | ret=SUCCESS |  
2019-08-22 07:03:20,607 | INFO  | DNAudit | user=null | ip=null | op=PUT_BLOCK {blockData=[blockId=conID: 1 locID: 102659352018551207 bcsId: 0,size=4194304]} | ret=SUCCESS |  
2019-08-22 07:03:20,608 [grpc-default-executor-5] INFO  client.GrpcClientProtocolClient (GrpcClientProtocolClient.java:onNext(255)) - client-CF63D631FA17->3cf1264f-5f6b-4138-aeee-2ff7d4522ead: receive RaftClientReply:client-CF63D631FA17->3cf1264f-5f6b-4138-aeee-2ff7d4522ead@group-561E16522154, cid=804, SUCCESS, logIndex=0, commits[3cf1264f-5f6b-4138-aeee-2ff7d4522ead:c1035, 4f0d1a15-8f14-4d9a-ad4f-8211e1245b5d:c1033, 6999f20e-c3f7-4db4-87ca-141c476f2a88:c1033]
2019-08-22 07:03:20,620 | INFO  | DNAudit | user=null | ip=null | op=WRITE_CHUNK {blockData=conID: 2 locID: 102659352018551208 bcsId: 0} | ret=SUCCESS |  
2019-08-22 07:03:20,626 | INFO  | DNAudit | user=null | ip=null | op=WRITE_CHUNK {blockData=conID: 2 locID: 102659352018551208 bcsId: 0} | ret=SUCCESS |  
2019-08-22 07:03:20,627 | INFO  | DNAudit | user=null | ip=null | op=WRITE_CHUNK {blockData=conID: 2 locID: 102659352018551208 bcsId: 0} | ret=SUCCESS |  
2019-08-22 07:03:20,628 | INFO  | DNAudit | user=null | ip=null | op=WRITE_CHUNK {blockData=conID: 2 locID: 102659352018551208 bcsId: 0} | ret=SUCCESS |  
2019-08-22 07:03:20,629 | INFO  | DNAudit | user=null | ip=null | op=WRITE_CHUNK {blockData=conID: 2 locID: 102659352018551208 bcsId: 0} | ret=SUCCESS |  
2019-08-22 07:03:20,630 | INFO  | DNAudit | user=null | ip=null | op=PUT_BLOCK {blockData=[blockId=conID: 2 locID: 102659352018551208 bcsId: 0,size=1048576]} | ret=SUCCESS |  
2019-08-22 07:03:20,631 [grpc-default-executor-3] INFO  client.GrpcClientProtocolClient (GrpcClientProtocolClient.java:onNext(255)) - client-CF63D631FA17->3cf1264f-5f6b-4138-aeee-2ff7d4522ead: receive RaftClientReply:client-CF63D631FA17->3cf1264f-5f6b-4138-aeee-2ff7d4522ead@group-561E16522154, cid=805, SUCCESS, logIndex=1036, commits[3cf1264f-5f6b-4138-aeee-2ff7d4522ead:c1037, 4f0d1a15-8f14-4d9a-ad4f-8211e1245b5d:c1033, 6999f20e-c3f7-4db4-87ca-141c476f2a88:c1035]
2019-08-22 07:03:20,631 [grpc-default-executor-5] INFO  client.GrpcClientProtocolClient (GrpcClientProtocolClient.java:onNext(255)) - client-CF63D631FA17->3cf1264f-5f6b-4138-aeee-2ff7d4522ead: receive RaftClientReply:client-CF63D631FA17->3cf1264f-5f6b-4138-aeee-2ff7d4522ead@group-561E16522154, cid=806, SUCCESS, logIndex=1037, commits[3cf1264f-5f6b-4138-aeee-2ff7d4522ead:c1037, 4f0d1a15-8f14-4d9a-ad4f-8211e1245b5d:c1035, 6999f20e-c3f7-4db4-87ca-141c476f2a88:c1035]
2019-08-22 07:03:20,632 | INFO  | DNAudit | user=null | ip=null | op=WRITE_CHUNK {blockData=conID: 2 locID: 102659352018551208 bcsId: 0} | ret=SUCCESS |  
2019-08-22 07:03:20,633 | INFO  | DNAudit | user=null | ip=null | op=WRITE_CHUNK {blockData=conID: 2 locID: 102659352018551208 bcsId: 0} | ret=SUCCESS |  
2019-08-22 07:03:20,635 | INFO  | DNAudit | user=null | ip=null | op=WRITE_CHUNK {blockData=conID: 2 locID: 102659352018551208 bcsId: 0} | ret=SUCCESS |  
2019-08-22 07:03:20,635 | INFO  | DNAudit | user=null | ip=null | op=WRITE_CHUNK {blockData=conID: 2 locID: 102659352018551208 bcsId: 0} | ret=SUCCESS |  
2019-08-22 07:03:20,635 | INFO  | DNAudit | user=null | ip=null | op=WRITE_CHUNK {blockData=conID: 2 locID: 102659352018551208 bcsId: 0} | ret=SUCCESS |  
2019-08-22 07:03:20,635 | INFO  | DNAudit | user=null | ip=null | op=PUT_BLOCK {blockData=[blockId=conID: 2 locID: 102659352018551208 bcsId: 0,size=1048576]} | ret=SUCCESS |  
2019-08-22 07:03:20,635 | INFO  | DNAudit | user=null | ip=null | op=PUT_BLOCK {blockData=[blockId=conID: 2 locID: 102659352018551208 bcsId: 0,size=1048576]} | ret=SUCCESS |  
2019-08-22 07:03:20,636 | INFO  | DNAudit | user=null | ip=null | op=PUT_BLOCK {blockData=[blockId=conID: 2 locID: 102659352018551208 bcsId: 0,size=2097152]} | ret=SUCCESS |  
2019-08-22 07:03:20,636 [grpc-default-executor-5] INFO  client.GrpcClientProtocolClient (GrpcClientProtocolClient.java:onNext(255)) - client-CF63D631FA17->3cf1264f-5f6b-4138-aeee-2ff7d4522ead: receive RaftClientReply:client-CF63D631FA17->3cf1264f-5f6b-4138-aeee-2ff7d4522ead@group-561E16522154, cid=807, SUCCESS, logIndex=1038, commits[3cf1264f-5f6b-4138-aeee-2ff7d4522ead:c1041, 4f0d1a15-8f14-4d9a-ad4f-8211e1245b5d:c1035, 6999f20e-c3f7-4db4-87ca-141c476f2a88:c1037]
2019-08-22 07:03:20,636 [grpc-default-executor-5] INFO  client.GrpcClientProtocolClient (GrpcClientProtocolClient.java:onNext(255)) - client-CF63D631FA17->3cf1264f-5f6b-4138-aeee-2ff7d4522ead: receive RaftClientReply:client-CF63D631FA17->3cf1264f-5f6b-4138-aeee-2ff7d4522ead@group-561E16522154, cid=808, SUCCESS, logIndex=1039, commits[3cf1264f-5f6b-4138-aeee-2ff7d4522ead:c1041, 4f0d1a15-8f14-4d9a-ad4f-8211e1245b5d:c1037, 6999f20e-c3f7-4db4-87ca-141c476f2a88:c1037]
2019-08-22 07:03:20,645 | INFO  | DNAudit | user=null | ip=null | op=WRITE_CHUNK {blockData=conID: 2 locID: 102659352018551208 bcsId: 0} | ret=SUCCESS |  
2019-08-22 07:03:20,645 | INFO  | DNAudit | user=null | ip=null | op=WRITE_CHUNK {blockData=conID: 2 locID: 102659352018551208 bcsId: 0} | ret=SUCCESS |  
2019-08-22 07:03:20,645 | INFO  | DNAudit | user=null | ip=null | op=WRITE_CHUNK {blockData=conID: 2 locID: 102659352018551208 bcsId: 1039} | ret=SUCCESS |  
2019-08-22 07:03:20,646 | INFO  | DNAudit | user=null | ip=null | op=PUT_BLOCK {blockData=[blockId=conID: 2 locID: 102659352018551208 bcsId: 0,size=2097152]} | ret=SUCCESS |  
2019-08-22 07:03:20,646 | INFO  | DNAudit | user=null | ip=null | op=PUT_BLOCK {blockData=[blockId=conID: 2 locID: 102659352018551208 bcsId: 0,size=2097152]} | ret=SUCCESS |  
2019-08-22 07:03:20,649 | INFO  | DNAudit | user=null | ip=null | op=WRITE_CHUNK {blockData=conID: 2 locID: 102659352018551208 bcsId: 1039} | ret=SUCCESS |  
2019-08-22 07:03:20,650 | INFO  | DNAudit | user=null | ip=null | op=WRITE_CHUNK {blockData=conID: 2 locID: 102659352018551208 bcsId: 1039} | ret=SUCCESS |  
2019-08-22 07:03:20,670 | INFO  | DNAudit | user=null | ip=null | op=WRITE_CHUNK {blockData=conID: 2 locID: 102659352018551208 bcsId: 1039} | ret=SUCCESS |  
2019-08-22 07:03:20,671 | INFO  | DNAudit | user=null | ip=null | op=PUT_BLOCK {blockData=[blockId=conID: 2 locID: 102659352018551208 bcsId: 0,size=3145728]} | ret=SUCCESS |  
2019-08-22 07:03:20,671 [grpc-default-executor-3] INFO  client.GrpcClientProtocolClient (GrpcClientProtocolClient.java:onNext(255)) - client-CF63D631FA17->3cf1264f-5f6b-4138-aeee-2ff7d4522ead: receive RaftClientReply:client-CF63D631FA17->3cf1264f-5f6b-4138-aeee-2ff7d4522ead@group-561E16522154, cid=809, SUCCESS, logIndex=1044, commits[3cf1264f-5f6b-4138-aeee-2ff7d4522ead:c1045, 4f0d1a15-8f14-4d9a-ad4f-8211e1245b5d:c1041, 6999f20e-c3f7-4db4-87ca-141c476f2a88:c1041]
2019-08-22 07:03:20,672 [grpc-default-executor-3] INFO  client.GrpcClientProtocolClient (GrpcClientProtocolClient.java:onNext(255)) - client-CF63D631FA17->3cf1264f-5f6b-4138-aeee-2ff7d4522ead: receive RaftClientReply:client-CF63D631FA17->3cf1264f-5f6b-4138-aeee-2ff7d4522ead@group-561E16522154, cid=810, SUCCESS, logIndex=1045, commits[3cf1264f-5f6b-4138-aeee-2ff7d4522ead:c1045, 4f0d1a15-8f14-4d9a-ad4f-8211e1245b5d:c1041, 6999f20e-c3f7-4db4-87ca-141c476f2a88:c1041]
2019-08-22 07:03:20,682 | INFO  | DNAudit | user=null | ip=null | op=WRITE_CHUNK {blockData=conID: 2 locID: 102659352018551208 bcsId: 1039} | ret=SUCCESS |  
2019-08-22 07:03:20,682 | INFO  | DNAudit | user=null | ip=null | op=WRITE_CHUNK {blockData=conID: 2 locID: 102659352018551208 bcsId: 1039} | ret=SUCCESS |  
2019-08-22 07:03:20,684 | INFO  | DNAudit | user=null | ip=null | op=WRITE_CHUNK {blockData=conID: 2 locID: 102659352018551208 bcsId: 1045} | ret=SUCCESS |  
2019-08-22 07:03:20,684 | INFO  | DNAudit | user=null | ip=null | op=PUT_BLOCK {blockData=[blockId=conID: 2 locID: 102659352018551208 bcsId: 0,size=3145728]} | ret=SUCCESS |  
2019-08-22 07:03:20,685 | INFO  | DNAudit | user=null | ip=null | op=PUT_BLOCK {blockData=[blockId=conID: 2 locID: 102659352018551208 bcsId: 0,size=3145728]} | ret=SUCCESS |  
2019-08-22 07:03:20,688 | INFO  | DNAudit | user=null | ip=null | op=WRITE_CHUNK {blockData=conID: 2 locID: 102659352018551208 bcsId: 1045} | ret=SUCCESS |  
2019-08-22 07:03:20,689 | INFO  | DNAudit | user=null | ip=null | op=WRITE_CHUNK {blockData=conID: 2 locID: 102659352018551208 bcsId: 1045} | ret=SUCCESS |  
2019-08-22 07:03:20,697 | INFO  | DNAudit | user=null | ip=null | op=WRITE_CHUNK {blockData=conID: 2 locID: 102659352018551208 bcsId: 1045} | ret=SUCCESS |  
2019-08-22 07:03:20,698 | INFO  | DNAudit | user=null | ip=null | op=PUT_BLOCK {blockData=[blockId=conID: 2 locID: 102659352018551208 bcsId: 0,size=4194304]} | ret=SUCCESS |  
2019-08-22 07:03:20,699 [grpc-default-executor-1] INFO  client.GrpcClientProtocolClient (GrpcClientProtocolClient.java:onNext(255)) - client-CF63D631FA17->3cf1264f-5f6b-4138-aeee-2ff7d4522ead: receive RaftClientReply:client-CF63D631FA17->3cf1264f-5f6b-4138-aeee-2ff7d4522ead@group-561E16522154, cid=811, SUCCESS, logIndex=1048, commits[3cf1264f-5f6b-4138-aeee-2ff7d4522ead:c1049, 4f0d1a15-8f14-4d9a-ad4f-8211e1245b5d:c1046, 6999f20e-c3f7-4db4-87ca-141c476f2a88:c1045]
2019-08-22 07:03:20,699 [grpc-default-executor-1] INFO  client.GrpcClientProtocolClient (GrpcClientProtocolClient.java:onNext(255)) - client-CF63D631FA17->3cf1264f-5f6b-4138-aeee-2ff7d4522ead: receive RaftClientReply:client-CF63D631FA17->3cf1264f-5f6b-4138-aeee-2ff7d4522ead@group-561E16522154, cid=812, SUCCESS, logIndex=1049, commits[3cf1264f-5f6b-4138-aeee-2ff7d4522ead:c1049, 4f0d1a15-8f14-4d9a-ad4f-8211e1245b5d:c1046, 6999f20e-c3f7-4db4-87ca-141c476f2a88:c1045]
 0.00% |█                                                                                                    |  0/1 Time: 0:00:032019-08-22 07:03:20,715 | INFO  | DNAudit | user=null | ip=null | op=WRITE_CHUNK {blockData=conID: 2 locID: 102659352018551208 bcsId: 1045} | ret=SUCCESS |  
2019-08-22 07:03:20,715 | INFO  | DNAudit | user=null | ip=null | op=WRITE_CHUNK {blockData=conID: 2 locID: 102659352018551208 bcsId: 1045} | ret=SUCCESS |  
2019-08-22 07:03:20,715 | INFO  | DNAudit | user=null | ip=null | op=PUT_BLOCK {blockData=[blockId=conID: 2 locID: 102659352018551208 bcsId: 0,size=4194304]} | ret=SUCCESS |  
2019-08-22 07:03:20,716 | INFO  | DNAudit | user=null | ip=null | op=PUT_BLOCK {blockData=[blockId=conID: 2 locID: 102659352018551208 bcsId: 0,size=4194304]} | ret=SUCCESS |  
2019-08-22 07:03:20,717 [grpc-default-executor-1] INFO  client.GrpcClientProtocolClient (GrpcClientProtocolClient.java:onNext(255)) - client-CF63D631FA17->3cf1264f-5f6b-4138-aeee-2ff7d4522ead: receive RaftClientReply:client-CF63D631FA17->3cf1264f-5f6b-4138-aeee-2ff7d4522ead@group-561E16522154, cid=813, SUCCESS, logIndex=0, commits[3cf1264f-5f6b-4138-aeee-2ff7d4522ead:c1050, 4f0d1a15-8f14-4d9a-ad4f-8211e1245b5d:c1049, 6999f20e-c3f7-4db4-87ca-141c476f2a88:c1049]
2019-08-22 07:03:20,730 | INFO  | DNAudit | user=null | ip=null | op=WRITE_CHUNK {blockData=conID: 3 locID: 102659352018551209 bcsId: 0} | ret=SUCCESS |  
2019-08-22 07:03:20,736 | INFO  | DNAudit | user=null | ip=null | op=WRITE_CHUNK {blockData=conID: 3 locID: 102659352018551209 bcsId: 0} | ret=SUCCESS |  
2019-08-22 07:03:20,737 | INFO  | DNAudit | user=null | ip=null | op=WRITE_CHUNK {blockData=conID: 3 locID: 102659352018551209 bcsId: 0} | ret=SUCCESS |  
2019-08-22 07:03:20,737 | INFO  | DNAudit | user=null | ip=null | op=WRITE_CHUNK {blockData=conID: 3 locID: 102659352018551209 bcsId: 0} | ret=SUCCESS |  
2019-08-22 07:03:20,743 | INFO  | DNAudit | user=null | ip=null | op=WRITE_CHUNK {blockData=conID: 3 locID: 102659352018551209 bcsId: 0} | ret=SUCCESS |  
2019-08-22 07:03:20,743 | INFO  | DNAudit | user=null | ip=null | op=WRITE_CHUNK {blockData=conID: 3 locID: 102659352018551209 bcsId: 0} | ret=SUCCESS |  
2019-08-22 07:03:20,743 | INFO  | DNAudit | user=null | ip=null | op=WRITE_CHUNK {blockData=conID: 3 locID: 102659352018551209 bcsId: 0} | ret=SUCCESS |  
2019-08-22 07:03:20,744 | INFO  | DNAudit | user=null | ip=null | op=PUT_BLOCK {blockData=[blockId=conID: 3 locID: 102659352018551209 bcsId: 0,size=1048576]} | ret=SUCCESS |  
2019-08-22 07:03:20,744 [grpc-default-executor-5] INFO  client.GrpcClientProtocolClient (GrpcClientProtocolClient.java:onNext(255)) - client-CF63D631FA17->3cf1264f-5f6b-4138-aeee-2ff7d4522ead: receive RaftClientReply:client-CF63D631FA17->3cf1264f-5f6b-4138-aeee-2ff7d4522ead@group-561E16522154, cid=814, SUCCESS, logIndex=1052, commits[3cf1264f-5f6b-4138-aeee-2ff7d4522ead:c1053, 4f0d1a15-8f14-4d9a-ad4f-8211e1245b5d:c1051, 6999f20e-c3f7-4db4-87ca-141c476f2a88:c1051]
2019-08-22 07:03:20,745 [grpc-default-executor-5] INFO  client.GrpcClientProtocolClient (GrpcClientProtocolClient.java:onNext(255)) - client-CF63D631FA17->3cf1264f-5f6b-4138-aeee-2ff7d4522ead: receive RaftClientReply:client-CF63D631FA17->3cf1264f-5f6b-4138-aeee-2ff7d4522ead@group-561E16522154, cid=815, SUCCESS, logIndex=1053, commits[3cf1264f-5f6b-4138-aeee-2ff7d4522ead:c1053, 4f0d1a15-8f14-4d9a-ad4f-8211e1245b5d:c1051, 6999f20e-c3f7-4db4-87ca-141c476f2a88:c1051]
2019-08-22 07:03:20,746 | INFO  | DNAudit | user=null | ip=null | op=WRITE_CHUNK {blockData=conID: 3 locID: 102659352018551209 bcsId: 0} | ret=SUCCESS |  
2019-08-22 07:03:20,746 | INFO  | DNAudit | user=null | ip=null | op=WRITE_CHUNK {blockData=conID: 3 locID: 102659352018551209 bcsId: 0} | ret=SUCCESS |  
2019-08-22 07:03:20,746 | INFO  | DNAudit | user=null | ip=null | op=WRITE_CHUNK {blockData=conID: 3 locID: 102659352018551209 bcsId: 0} | ret=SUCCESS |  
2019-08-22 07:03:20,746 | INFO  | DNAudit | user=null | ip=null | op=PUT_BLOCK {blockData=[blockId=conID: 3 locID: 102659352018551209 bcsId: 0,size=1048576]} | ret=SUCCESS |  
2019-08-22 07:03:20,747 | INFO  | DNAudit | user=null | ip=null | op=PUT_BLOCK {blockData=[blockId=conID: 3 locID: 102659352018551209 bcsId: 0,size=1048576]} | ret=SUCCESS |  
2019-08-22 07:03:20,747 | INFO  | DNAudit | user=null | ip=null | op=PUT_BLOCK {blockData=[blockId=conID: 3 locID: 102659352018551209 bcsId: 0,size=2097152]} | ret=SUCCESS |  
2019-08-22 07:03:20,747 [grpc-default-executor-1] INFO  client.GrpcClientProtocolClient (GrpcClientProtocolClient.java:onNext(255)) - client-CF63D631FA17->3cf1264f-5f6b-4138-aeee-2ff7d4522ead: receive RaftClientReply:client-CF63D631FA17->3cf1264f-5f6b-4138-aeee-2ff7d4522ead@group-561E16522154, cid=816, SUCCESS, logIndex=1054, commits[3cf1264f-5f6b-4138-aeee-2ff7d4522ead:c1055, 4f0d1a15-8f14-4d9a-ad4f-8211e1245b5d:c1051, 6999f20e-c3f7-4db4-87ca-141c476f2a88:c1053]
2019-08-22 07:03:20,748 [grpc-default-executor-1] INFO  client.GrpcClientProtocolClient (GrpcClientProtocolClient.java:onNext(255)) - client-CF63D631FA17->3cf1264f-5f6b-4138-aeee-2ff7d4522ead: receive RaftClientReply:client-CF63D631FA17->3cf1264f-5f6b-4138-aeee-2ff7d4522ead@group-561E16522154, cid=817, SUCCESS, logIndex=1055, commits[3cf1264f-5f6b-4138-aeee-2ff7d4522ead:c1056, 4f0d1a15-8f14-4d9a-ad4f-8211e1245b5d:c1053, 6999f20e-c3f7-4db4-87ca-141c476f2a88:c1053]
2019-08-22 07:03:20,757 | INFO  | DNAudit | user=null | ip=null | op=WRITE_CHUNK {blockData=conID: 3 locID: 102659352018551209 bcsId: 1055} | ret=SUCCESS |  
2019-08-22 07:03:20,757 | INFO  | DNAudit | user=null | ip=null | op=WRITE_CHUNK {blockData=conID: 3 locID: 102659352018551209 bcsId: 0} | ret=SUCCESS |  
2019-08-22 07:03:20,757 | INFO  | DNAudit | user=null | ip=null | op=WRITE_CHUNK {blockData=conID: 3 locID: 102659352018551209 bcsId: 0} | ret=SUCCESS |  
2019-08-22 07:03:20,758 | INFO  | DNAudit | user=null | ip=null | op=PUT_BLOCK {blockData=[blockId=conID: 3 locID: 102659352018551209 bcsId: 0,size=2097152]} | ret=SUCCESS |  
2019-08-22 07:03:20,758 | INFO  | DNAudit | user=null | ip=null | op=PUT_BLOCK {blockData=[blockId=conID: 3 locID: 102659352018551209 bcsId: 0,size=2097152]} | ret=SUCCESS |  
2019-08-22 07:03:20,761 | INFO  | DNAudit | user=null | ip=null | op=WRITE_CHUNK {blockData=conID: 3 locID: 102659352018551209 bcsId: 1055} | ret=SUCCESS |  
2019-08-22 07:03:20,761 | INFO  | DNAudit | user=null | ip=null | op=WRITE_CHUNK {blockData=conID: 3 locID: 102659352018551209 bcsId: 1055} | ret=SUCCESS |  
2019-08-22 07:03:20,774 | INFO  | SCMAudit | user=jenkins1000 | ip=192.168.34.31 | op=SEND_HEARTBEAT {datanodeUUID=4f0d1a15-8f14-4d9a-ad4f-8211e1245b5d, command=[]} | ret=SUCCESS |  
2019-08-22 07:03:20,774 | INFO  | DNAudit | user=null | ip=null | op=WRITE_CHUNK {blockData=conID: 3 locID: 102659352018551209 bcsId: 1055} | ret=SUCCESS |  
2019-08-22 07:03:20,775 | INFO  | DNAudit | user=null | ip=null | op=PUT_BLOCK {blockData=[blockId=conID: 3 locID: 102659352018551209 bcsId: 0,size=3145728]} | ret=SUCCESS |  
2019-08-22 07:03:20,775 [grpc-default-executor-1] INFO  client.GrpcClientProtocolClient (GrpcClientProtocolClient.java:onNext(255)) - client-CF63D631FA17->3cf1264f-5f6b-4138-aeee-2ff7d4522ead: receive RaftClientReply:client-CF63D631FA17->3cf1264f-5f6b-4138-aeee-2ff7d4522ead@group-561E16522154, cid=818, SUCCESS, logIndex=1060, commits[3cf1264f-5f6b-4138-aeee-2ff7d4522ead:c1061, 4f0d1a15-8f14-4d9a-ad4f-8211e1245b5d:c1057, 6999f20e-c3f7-4db4-87ca-141c476f2a88:c1057]
2019-08-22 07:03:20,776 [grpc-default-executor-1] INFO  client.GrpcClientProtocolClient (GrpcClientProtocolClient.java:onNext(255)) - client-CF63D631FA17->3cf1264f-5f6b-4138-aeee-2ff7d4522ead: receive RaftClientReply:client-CF63D631FA17->3cf1264f-5f6b-4138-aeee-2ff7d4522ead@group-561E16522154, cid=819, SUCCESS, logIndex=1061, commits[3cf1264f-5f6b-4138-aeee-2ff7d4522ead:c1061, 4f0d1a15-8f14-4d9a-ad4f-8211e1245b5d:c1057, 6999f20e-c3f7-4db4-87ca-141c476f2a88:c1057]
2019-08-22 07:03:20,780 | INFO  | SCMAudit | user=jenkins1000 | ip=192.168.34.31 | op=SEND_HEARTBEAT {datanodeUUID=3cf1264f-5f6b-4138-aeee-2ff7d4522ead, command=[]} | ret=SUCCESS |  
2019-08-22 07:03:20,785 | INFO  | DNAudit | user=null | ip=null | op=WRITE_CHUNK {blockData=conID: 3 locID: 102659352018551209 bcsId: 1061} | ret=SUCCESS |  
2019-08-22 07:03:20,786 | INFO  | DNAudit | user=null | ip=null | op=WRITE_CHUNK {blockData=conID: 3 locID: 102659352018551209 bcsId: 1055} | ret=SUCCESS |  
2019-08-22 07:03:20,786 | INFO  | DNAudit | user=null | ip=null | op=WRITE_CHUNK {blockData=conID: 3 locID: 102659352018551209 bcsId: 1055} | ret=SUCCESS |  
2019-08-22 07:03:20,786 | INFO  | DNAudit | user=null | ip=null | op=PUT_BLOCK {blockData=[blockId=conID: 3 locID: 102659352018551209 bcsId: 0,size=3145728]} | ret=SUCCESS |  
2019-08-22 07:03:20,786 | INFO  | DNAudit | user=null | ip=null | op=PUT_BLOCK {blockData=[blockId=conID: 3 locID: 102659352018551209 bcsId: 0,size=3145728]} | ret=SUCCESS |  
2019-08-22 07:03:20,788 | INFO  | SCMAudit | user=jenkins1000 | ip=192.168.34.31 | op=SEND_HEARTBEAT {datanodeUUID=6999f20e-c3f7-4db4-87ca-141c476f2a88, command=[]} | ret=SUCCESS |  
2019-08-22 07:03:20,790 | INFO  | DNAudit | user=null | ip=null | op=WRITE_CHUNK {blockData=conID: 3 locID: 102659352018551209 bcsId: 1061} | ret=SUCCESS |  
2019-08-22 07:03:20,790 | INFO  | DNAudit | user=null | ip=null | op=WRITE_CHUNK {blockData=conID: 3 locID: 102659352018551209 bcsId: 1061} | ret=SUCCESS |  
2019-08-22 07:03:20,800 | INFO  | DNAudit | user=null | ip=null | op=WRITE_CHUNK {blockData=conID: 3 locID: 102659352018551209 bcsId: 1061} | ret=SUCCESS |  
2019-08-22 07:03:20,800 | INFO  | DNAudit | user=null | ip=null | op=PUT_BLOCK {blockData=[blockId=conID: 3 locID: 102659352018551209 bcsId: 0,size=4194304]} | ret=SUCCESS |  
2019-08-22 07:03:20,801 [grpc-default-executor-5] INFO  client.GrpcClientProtocolClient (GrpcClientProtocolClient.java:onNext(255)) - client-CF63D631FA17->3cf1264f-5f6b-4138-aeee-2ff7d4522ead: receive RaftClientReply:client-CF63D631FA17->3cf1264f-5f6b-4138-aeee-2ff7d4522ead@group-561E16522154, cid=820, SUCCESS, logIndex=1064, commits[3cf1264f-5f6b-4138-aeee-2ff7d4522ead:c1065, 4f0d1a15-8f14-4d9a-ad4f-8211e1245b5d:c1061, 6999f20e-c3f7-4db4-87ca-141c476f2a88:c1061]
2019-08-22 07:03:20,802 [grpc-default-executor-5] INFO  client.GrpcClientProtocolClient (GrpcClientProtocolClient.java:onNext(255)) - client-CF63D631FA17->3cf1264f-5f6b-4138-aeee-2ff7d4522ead: receive RaftClientReply:client-CF63D631FA17->3cf1264f-5f6b-4138-aeee-2ff7d4522ead@group-561E16522154, cid=821, SUCCESS, logIndex=1065, commits[3cf1264f-5f6b-4138-aeee-2ff7d4522ead:c1065, 4f0d1a15-8f14-4d9a-ad4f-8211e1245b5d:c1061, 6999f20e-c3f7-4db4-87ca-141c476f2a88:c1061]
2019-08-22 07:03:20,803 | INFO  | DNAudit | user=null | ip=null | op=WRITE_CHUNK {blockData=conID: 3 locID: 102659352018551209 bcsId: 1061} | ret=SUCCESS |  
2019-08-22 07:03:20,803 | INFO  | DNAudit | user=null | ip=null | op=WRITE_CHUNK {blockData=conID: 3 locID: 102659352018551209 bcsId: 1061} | ret=SUCCESS |  
2019-08-22 07:03:20,803 | INFO  | DNAudit | user=null | ip=null | op=PUT_BLOCK {blockData=[blockId=conID: 3 locID: 102659352018551209 bcsId: 0,size=4194304]} | ret=SUCCESS |  
2019-08-22 07:03:20,804 | INFO  | DNAudit | user=null | ip=null | op=PUT_BLOCK {blockData=[blockId=conID: 3 locID: 102659352018551209 bcsId: 0,size=4194304]} | ret=SUCCESS |  
2019-08-22 07:03:20,805 [grpc-default-executor-5] INFO  client.GrpcClientProtocolClient (GrpcClientProtocolClient.java:onNext(255)) - client-CF63D631FA17->3cf1264f-5f6b-4138-aeee-2ff7d4522ead: receive RaftClientReply:client-CF63D631FA17->3cf1264f-5f6b-4138-aeee-2ff7d4522ead@group-561E16522154, cid=822, SUCCESS, logIndex=0, commits[3cf1264f-5f6b-4138-aeee-2ff7d4522ead:c1066, 4f0d1a15-8f14-4d9a-ad4f-8211e1245b5d:c1065, 6999f20e-c3f7-4db4-87ca-141c476f2a88:c1065]
2019-08-22 07:03:20,817 | INFO  | DNAudit | user=null | ip=null | op=WRITE_CHUNK {blockData=conID: 1 locID: 102659352018551210 bcsId: 0} | ret=SUCCESS |  
2019-08-22 07:03:20,825 | INFO  | DNAudit | user=null | ip=null | op=WRITE_CHUNK {blockData=conID: 1 locID: 102659352018551210 bcsId: 0} | ret=SUCCESS |  
2019-08-22 07:03:20,825 | INFO  | DNAudit | user=null | ip=null | op=WRITE_CHUNK {blockData=conID: 1 locID: 102659352018551210 bcsId: 0} | ret=SUCCESS |  
2019-08-22 07:03:20,826 | INFO  | DNAudit | user=null | ip=null | op=WRITE_CHUNK {blockData=conID: 1 locID: 102659352018551210 bcsId: 0} | ret=SUCCESS |  
2019-08-22 07:03:20,830 | INFO  | DNAudit | user=null | ip=null | op=WRITE_CHUNK {blockData=conID: 1 locID: 102659352018551210 bcsId: 0} | ret=SUCCESS |  
2019-08-22 07:03:20,830 | INFO  | DNAudit | user=null | ip=null | op=WRITE_CHUNK {blockData=conID: 1 locID: 102659352018551210 bcsId: 0} | ret=SUCCESS |  
2019-08-22 07:03:20,830 | INFO  | DNAudit | user=null | ip=null | op=WRITE_CHUNK {blockData=conID: 1 locID: 102659352018551210 bcsId: 0} | ret=SUCCESS |  
2019-08-22 07:03:20,830 | INFO  | DNAudit | user=null | ip=null | op=PUT_BLOCK {blockData=[blockId=conID: 1 locID: 102659352018551210 bcsId: 0,size=1048576]} | ret=SUCCESS |  
2019-08-22 07:03:20,831 [grpc-default-executor-5] INFO  client.GrpcClientProtocolClient (GrpcClientProtocolClient.java:onNext(255)) - client-CF63D631FA17->3cf1264f-5f6b-4138-aeee-2ff7d4522ead: receive RaftClientReply:client-CF63D631FA17->3cf1264f-5f6b-4138-aeee-2ff7d4522ead@group-561E16522154, cid=823, SUCCESS, logIndex=1068, commits[3cf1264f-5f6b-4138-aeee-2ff7d4522ead:c1069, 4f0d1a15-8f14-4d9a-ad4f-8211e1245b5d:c1065, 6999f20e-c3f7-4db4-87ca-141c476f2a88:c1067]
2019-08-22 07:03:20,832 [grpc-default-executor-5] INFO  client.GrpcClientProtocolClient (GrpcClientProtocolClient.java:onNext(255)) - client-CF63D631FA17->3cf1264f-5f6b-4138-aeee-2ff7d4522ead: receive RaftClientReply:client-CF63D631FA17->3cf1264f-5f6b-4138-aeee-2ff7d4522ead@group-561E16522154, cid=824, SUCCESS, logIndex=1069, commits[3cf1264f-5f6b-4138-aeee-2ff7d4522ead:c1069, 4f0d1a15-8f14-4d9a-ad4f-8211e1245b5d:c1067, 6999f20e-c3f7-4db4-87ca-141c476f2a88:c1067]
2019-08-22 07:03:20,842 | INFO  | DNAudit | user=null | ip=null | op=WRITE_CHUNK {blockData=conID: 1 locID: 102659352018551210 bcsId: 0} | ret=SUCCESS |  
2019-08-22 07:03:20,842 | INFO  | DNAudit | user=null | ip=null | op=WRITE_CHUNK {blockData=conID: 1 locID: 102659352018551210 bcsId: 0} | ret=SUCCESS |  
2019-08-22 07:03:20,842 | INFO  | DNAudit | user=null | ip=null | op=WRITE_CHUNK {blockData=conID: 1 locID: 102659352018551210 bcsId: 0} | ret=SUCCESS |  
2019-08-22 07:03:20,843 | INFO  | DNAudit | user=null | ip=null | op=PUT_BLOCK {blockData=[blockId=conID: 1 locID: 102659352018551210 bcsId: 0,size=1048576]} | ret=SUCCESS |  
2019-08-22 07:03:20,843 | INFO  | DNAudit | user=null | ip=null | op=PUT_BLOCK {blockData=[blockId=conID: 1 locID: 102659352018551210 bcsId: 0,size=2097152]} | ret=SUCCESS |  
2019-08-22 07:03:20,843 | INFO  | DNAudit | user=null | ip=null | op=PUT_BLOCK {blockData=[blockId=conID: 1 locID: 102659352018551210 bcsId: 0,size=1048576]} | ret=SUCCESS |  
2019-08-22 07:03:20,843 [grpc-default-executor-3] INFO  client.GrpcClientProtocolClient (GrpcClientProtocolClient.java:onNext(255)) - client-CF63D631FA17->3cf1264f-5f6b-4138-aeee-2ff7d4522ead: receive RaftClientReply:client-CF63D631FA17->3cf1264f-5f6b-4138-aeee-2ff7d4522ead@group-561E16522154, cid=825, SUCCESS, logIndex=1070, commits[3cf1264f-5f6b-4138-aeee-2ff7d4522ead:c1072, 4f0d1a15-8f14-4d9a-ad4f-8211e1245b5d:c1069, 6999f20e-c3f7-4db4-87ca-141c476f2a88:c1067]
2019-08-22 07:03:20,844 | INFO  | DNAudit | user=null | ip=null | op=WRITE_CHUNK {blockData=conID: 1 locID: 102659352018551210 bcsId: 0} | ret=SUCCESS |  
2019-08-22 07:03:20,844 | INFO  | DNAudit | user=null | ip=null | op=WRITE_CHUNK {blockData=conID: 1 locID: 102659352018551210 bcsId: 0} | ret=SUCCESS |  
2019-08-22 07:03:20,844 [grpc-default-executor-3] INFO  client.GrpcClientProtocolClient (GrpcClientProtocolClient.java:onNext(255)) - client-CF63D631FA17->3cf1264f-5f6b-4138-aeee-2ff7d4522ead: receive RaftClientReply:client-CF63D631FA17->3cf1264f-5f6b-4138-aeee-2ff7d4522ead@group-561E16522154, cid=826, SUCCESS, logIndex=1071, commits[3cf1264f-5f6b-4138-aeee-2ff7d4522ead:c1072, 4f0d1a15-8f14-4d9a-ad4f-8211e1245b5d:c1069, 6999f20e-c3f7-4db4-87ca-141c476f2a88:c1067]
2019-08-22 07:03:20,845 | INFO  | DNAudit | user=null | ip=null | op=PUT_BLOCK {blockData=[blockId=conID: 1 locID: 102659352018551210 bcsId: 0,size=2097152]} | ret=SUCCESS |  
2019-08-22 07:03:20,845 | INFO  | DNAudit | user=null | ip=null | op=PUT_BLOCK {blockData=[blockId=conID: 1 locID: 102659352018551210 bcsId: 0,size=2097152]} | ret=SUCCESS |  
2019-08-22 07:03:20,846 [grpc-default-executor-3] INFO  client.GrpcClientProtocolClient (GrpcClientProtocolClient.java:onNext(255)) - client-CF63D631FA17->3cf1264f-5f6b-4138-aeee-2ff7d4522ead: receive RaftClientReply:client-CF63D631FA17->3cf1264f-5f6b-4138-aeee-2ff7d4522ead@group-561E16522154, cid=827, SUCCESS, logIndex=0, commits[3cf1264f-5f6b-4138-aeee-2ff7d4522ead:c1074, 4f0d1a15-8f14-4d9a-ad4f-8211e1245b5d:c1070, 6999f20e-c3f7-4db4-87ca-141c476f2a88:c1070]
2019-08-22 07:03:20,855 | INFO  | DNAudit | user=null | ip=null | op=WRITE_CHUNK {blockData=conID: 1 locID: 102659352018551210 bcsId: 1071} | ret=SUCCESS |  
2019-08-22 07:03:20,858 | INFO  | DNAudit | user=null | ip=null | op=WRITE_CHUNK {blockData=conID: 1 locID: 102659352018551210 bcsId: 1071} | ret=SUCCESS |  
2019-08-22 07:03:20,859 | INFO  | DNAudit | user=null | ip=null | op=WRITE_CHUNK {blockData=conID: 1 locID: 102659352018551210 bcsId: 1071} | ret=SUCCESS |  
2019-08-22 07:03:20,867 | INFO  | DNAudit | user=null | ip=null | op=WRITE_CHUNK {blockData=conID: 1 locID: 102659352018551210 bcsId: 1071} | ret=SUCCESS |  
2019-08-22 07:03:20,868 | INFO  | DNAudit | user=null | ip=null | op=PUT_BLOCK {blockData=[blockId=conID: 1 locID: 102659352018551210 bcsId: 0,size=3145728]} | ret=SUCCESS |  
2019-08-22 07:03:20,868 [grpc-default-executor-3] INFO  client.GrpcClientProtocolClient (GrpcClientProtocolClient.java:onNext(255)) - client-CF63D631FA17->3cf1264f-5f6b-4138-aeee-2ff7d4522ead: receive RaftClientReply:client-CF63D631FA17->3cf1264f-5f6b-4138-aeee-2ff7d4522ead@group-561E16522154, cid=828, SUCCESS, logIndex=1076, commits[3cf1264f-5f6b-4138-aeee-2ff7d4522ead:c1077, 4f0d1a15-8f14-4d9a-ad4f-8211e1245b5d:c1075, 6999f20e-c3f7-4db4-87ca-141c476f2a88:c1075]
2019-08-22 07:03:20,869 [grpc-default-executor-3] INFO  client.GrpcClientProtocolClient (GrpcClientProtocolClient.java:onNext(255)) - client-CF63D631FA17->3cf1264f-5f6b-4138-aeee-2ff7d4522ead: receive RaftClientReply:client-CF63D631FA17->3cf1264f-5f6b-4138-aeee-2ff7d4522ead@group-561E16522154, cid=829, SUCCESS, logIndex=1077, commits[3cf1264f-5f6b-4138-aeee-2ff7d4522ead:c1077, 4f0d1a15-8f14-4d9a-ad4f-8211e1245b5d:c1075, 6999f20e-c3f7-4db4-87ca-141c476f2a88:c1075]
2019-08-22 07:03:20,878 | INFO  | DNAudit | user=null | ip=null | op=WRITE_CHUNK {blockData=conID: 1 locID: 102659352018551210 bcsId: 1077} | ret=SUCCESS |  
2019-08-22 07:03:20,879 | INFO  | DNAudit | user=null | ip=null | op=WRITE_CHUNK {blockData=conID: 1 locID: 102659352018551210 bcsId: 1071} | ret=SUCCESS |  
2019-08-22 07:03:20,879 | INFO  | DNAudit | user=null | ip=null | op=WRITE_CHUNK {blockData=conID: 1 locID: 102659352018551210 bcsId: 1071} | ret=SUCCESS |  
2019-08-22 07:03:20,882 | INFO  | DNAudit | user=null | ip=null | op=PUT_BLOCK {blockData=[blockId=conID: 1 locID: 102659352018551210 bcsId: 0,size=3145728]} | ret=SUCCESS |  
2019-08-22 07:03:20,882 | INFO  | DNAudit | user=null | ip=null | op=PUT_BLOCK {blockData=[blockId=conID: 1 locID: 102659352018551210 bcsId: 0,size=3145728]} | ret=SUCCESS |  
2019-08-22 07:03:20,882 | INFO  | DNAudit | user=null | ip=null | op=WRITE_CHUNK {blockData=conID: 1 locID: 102659352018551210 bcsId: 1077} | ret=SUCCESS |  
2019-08-22 07:03:20,883 | INFO  | DNAudit | user=null | ip=null | op=WRITE_CHUNK {blockData=conID: 1 locID: 102659352018551210 bcsId: 1077} | ret=SUCCESS |  
2019-08-22 07:03:20,886 | INFO  | DNAudit | user=null | ip=null | op=WRITE_CHUNK {blockData=conID: 1 locID: 102659352018551210 bcsId: 1077} | ret=SUCCESS |  
2019-08-22 07:03:20,886 | INFO  | DNAudit | user=null | ip=null | op=PUT_BLOCK {blockData=[blockId=conID: 1 locID: 102659352018551210 bcsId: 0,size=4194304]} | ret=SUCCESS |  
2019-08-22 07:03:20,887 [grpc-default-executor-3] INFO  client.GrpcClientProtocolClient (GrpcClientProtocolClient.java:onNext(255)) - client-CF63D631FA17->3cf1264f-5f6b-4138-aeee-2ff7d4522ead: receive RaftClientReply:client-CF63D631FA17->3cf1264f-5f6b-4138-aeee-2ff7d4522ead@group-561E16522154, cid=830, SUCCESS, logIndex=1080, commits[3cf1264f-5f6b-4138-aeee-2ff7d4522ead:c1081, 4f0d1a15-8f14-4d9a-ad4f-8211e1245b5d:c1077, 6999f20e-c3f7-4db4-87ca-141c476f2a88:c1077]
2019-08-22 07:03:20,887 [grpc-default-executor-3] INFO  client.GrpcClientProtocolClient (GrpcClientProtocolClient.java:onNext(255)) - client-CF63D631FA17->3cf1264f-5f6b-4138-aeee-2ff7d4522ead: receive RaftClientReply:client-CF63D631FA17->3cf1264f-5f6b-4138-aeee-2ff7d4522ead@group-561E16522154, cid=831, SUCCESS, logIndex=1081, commits[3cf1264f-5f6b-4138-aeee-2ff7d4522ead:c1081, 4f0d1a15-8f14-4d9a-ad4f-8211e1245b5d:c1077, 6999f20e-c3f7-4db4-87ca-141c476f2a88:c1077]
2019-08-22 07:03:20,888 | INFO  | DNAudit | user=null | ip=null | op=WRITE_CHUNK {blockData=conID: 1 locID: 102659352018551210 bcsId: 1077} | ret=SUCCESS |  
2019-08-22 07:03:20,888 | INFO  | DNAudit | user=null | ip=null | op=WRITE_CHUNK {blockData=conID: 1 locID: 102659352018551210 bcsId: 1077} | ret=SUCCESS |  
2019-08-22 07:03:20,888 | INFO  | DNAudit | user=null | ip=null | op=PUT_BLOCK {blockData=[blockId=conID: 1 locID: 102659352018551210 bcsId: 0,size=4194304]} | ret=SUCCESS |  
2019-08-22 07:03:20,888 | INFO  | DNAudit | user=null | ip=null | op=PUT_BLOCK {blockData=[blockId=conID: 1 locID: 102659352018551210 bcsId: 0,size=4194304]} | ret=SUCCESS |  
2019-08-22 07:03:20,889 [grpc-default-executor-5] INFO  client.GrpcClientProtocolClient (GrpcClientProtocolClient.java:onNext(255)) - client-CF63D631FA17->3cf1264f-5f6b-4138-aeee-2ff7d4522ead: receive RaftClientReply:client-CF63D631FA17->3cf1264f-5f6b-4138-aeee-2ff7d4522ead@group-561E16522154, cid=832, SUCCESS, logIndex=0, commits[3cf1264f-5f6b-4138-aeee-2ff7d4522ead:c1082, 4f0d1a15-8f14-4d9a-ad4f-8211e1245b5d:c1081, 6999f20e-c3f7-4db4-87ca-141c476f2a88:c1081]
2019-08-22 07:03:20,898 | INFO  | DNAudit | user=null | ip=null | op=WRITE_CHUNK {blockData=conID: 2 locID: 102659352018616747 bcsId: 0} | ret=SUCCESS |  
2019-08-22 07:03:20,902 | INFO  | DNAudit | user=null | ip=null | op=WRITE_CHUNK {blockData=conID: 2 locID: 102659352018616747 bcsId: 0} | ret=SUCCESS |  
2019-08-22 07:03:20,902 | INFO  | DNAudit | user=null | ip=null | op=WRITE_CHUNK {blockData=conID: 2 locID: 102659352018616747 bcsId: 0} | ret=SUCCESS |  
2019-08-22 07:03:20,903 | INFO  | DNAudit | user=null | ip=null | op=WRITE_CHUNK {blockData=conID: 2 locID: 102659352018616747 bcsId: 0} | ret=SUCCESS |  
2019-08-22 07:03:20,905 | INFO  | DNAudit | user=null | ip=null | op=WRITE_CHUNK {blockData=conID: 2 locID: 102659352018616747 bcsId: 0} | ret=SUCCESS |  
2019-08-22 07:03:20,906 | INFO  | DNAudit | user=null | ip=null | op=WRITE_CHUNK {blockData=conID: 2 locID: 102659352018616747 bcsId: 0} | ret=SUCCESS |  
2019-08-22 07:03:20,910 | INFO  | DNAudit | user=null | ip=null | op=WRITE_CHUNK {blockData=conID: 2 locID: 102659352018616747 bcsId: 0} | ret=SUCCESS |  
2019-08-22 07:03:20,910 | INFO  | DNAudit | user=null | ip=null | op=PUT_BLOCK {blockData=[blockId=conID: 2 locID: 102659352018616747 bcsId: 0,size=1048576]} | ret=SUCCESS |  
2019-08-22 07:03:20,911 [grpc-default-executor-3] INFO  client.GrpcClientProtocolClient (GrpcClientProtocolClient.java:onNext(255)) - client-CF63D631FA17->3cf1264f-5f6b-4138-aeee-2ff7d4522ead: receive RaftClientReply:client-CF63D631FA17->3cf1264f-5f6b-4138-aeee-2ff7d4522ead@group-561E16522154, cid=833, SUCCESS, logIndex=1084, commits[3cf1264f-5f6b-4138-aeee-2ff7d4522ead:c1085, 4f0d1a15-8f14-4d9a-ad4f-8211e1245b5d:c1083, 6999f20e-c3f7-4db4-87ca-141c476f2a88:c1083]
2019-08-22 07:03:20,912 | INFO  | DNAudit | user=null | ip=null | op=WRITE_CHUNK {blockData=conID: 2 locID: 102659352018616747 bcsId: 0} | ret=SUCCESS |  
2019-08-22 07:03:20,912 [grpc-default-executor-3] INFO  client.GrpcClientProtocolClient (GrpcClientProtocolClient.java:onNext(255)) - client-CF63D631FA17->3cf1264f-5f6b-4138-aeee-2ff7d4522ead: receive RaftClientReply:client-CF63D631FA17->3cf1264f-5f6b-4138-aeee-2ff7d4522ead@group-561E16522154, cid=834, SUCCESS, logIndex=1085, commits[3cf1264f-5f6b-4138-aeee-2ff7d4522ead:c1085, 4f0d1a15-8f14-4d9a-ad4f-8211e1245b5d:c1083, 6999f20e-c3f7-4db4-87ca-141c476f2a88:c1083]
2019-08-22 07:03:20,913 | INFO  | DNAudit | user=null | ip=null | op=PUT_BLOCK {blockData=[blockId=conID: 2 locID: 102659352018616747 bcsId: 0,size=2097152]} | ret=SUCCESS |  
2019-08-22 07:03:20,913 | INFO  | DNAudit | user=null | ip=null | op=WRITE_CHUNK {blockData=conID: 2 locID: 102659352018616747 bcsId: 0} | ret=SUCCESS |  
2019-08-22 07:03:20,913 | INFO  | DNAudit | user=null | ip=null | op=WRITE_CHUNK {blockData=conID: 2 locID: 102659352018616747 bcsId: 0} | ret=SUCCESS |  
2019-08-22 07:03:20,913 | INFO  | DNAudit | user=null | ip=null | op=PUT_BLOCK {blockData=[blockId=conID: 2 locID: 102659352018616747 bcsId: 0,size=1048576]} | ret=SUCCESS |  
2019-08-22 07:03:20,913 | INFO  | DNAudit | user=null | ip=null | op=PUT_BLOCK {blockData=[blockId=conID: 2 locID: 102659352018616747 bcsId: 0,size=1048576]} | ret=SUCCESS |  
2019-08-22 07:03:20,914 | INFO  | DNAudit | user=null | ip=null | op=WRITE_CHUNK {blockData=conID: 2 locID: 102659352018616747 bcsId: 0} | ret=SUCCESS |  
2019-08-22 07:03:20,914 | INFO  | DNAudit | user=null | ip=null | op=PUT_BLOCK {blockData=[blockId=conID: 2 locID: 102659352018616747 bcsId: 0,size=2097152]} | ret=SUCCESS |  
2019-08-22 07:03:20,914 [grpc-default-executor-3] INFO  client.GrpcClientProtocolClient (GrpcClientProtocolClient.java:onNext(255)) - client-CF63D631FA17->3cf1264f-5f6b-4138-aeee-2ff7d4522ead: receive RaftClientReply:client-CF63D631FA17->3cf1264f-5f6b-4138-aeee-2ff7d4522ead@group-561E16522154, cid=835, SUCCESS, logIndex=1086, commits[3cf1264f-5f6b-4138-aeee-2ff7d4522ead:c1087, 4f0d1a15-8f14-4d9a-ad4f-8211e1245b5d:c1083, 6999f20e-c3f7-4db4-87ca-141c476f2a88:c1083]
2019-08-22 07:03:20,915 | INFO  | DNAudit | user=null | ip=null | op=WRITE_CHUNK {blockData=conID: 2 locID: 102659352018616747 bcsId: 0} | ret=SUCCESS |  
2019-08-22 07:03:20,915 | INFO  | DNAudit | user=null | ip=null | op=PUT_BLOCK {blockData=[blockId=conID: 2 locID: 102659352018616747 bcsId: 0,size=2097152]} | ret=SUCCESS |  
2019-08-22 07:03:20,915 [grpc-default-executor-3] INFO  client.GrpcClientProtocolClient (GrpcClientProtocolClient.java:onNext(255)) - client-CF63D631FA17->3cf1264f-5f6b-4138-aeee-2ff7d4522ead: receive RaftClientReply:client-CF63D631FA17->3cf1264f-5f6b-4138-aeee-2ff7d4522ead@group-561E16522154, cid=836, SUCCESS, logIndex=1087, commits[3cf1264f-5f6b-4138-aeee-2ff7d4522ead:c1087, 4f0d1a15-8f14-4d9a-ad4f-8211e1245b5d:c1083, 6999f20e-c3f7-4db4-87ca-141c476f2a88:c1083]
2019-08-22 07:03:20,917 [grpc-default-executor-1] INFO  client.GrpcClientProtocolClient (GrpcClientProtocolClient.java:onNext(255)) - client-CF63D631FA17->3cf1264f-5f6b-4138-aeee-2ff7d4522ead: receive RaftClientReply:client-CF63D631FA17->3cf1264f-5f6b-4138-aeee-2ff7d4522ead@group-561E16522154, cid=837, SUCCESS, logIndex=0, commits[3cf1264f-5f6b-4138-aeee-2ff7d4522ead:c1091, 4f0d1a15-8f14-4d9a-ad4f-8211e1245b5d:c1087, 6999f20e-c3f7-4db4-87ca-141c476f2a88:c1087]
2019-08-22 07:03:20,926 | INFO  | DNAudit | user=null | ip=null | op=WRITE_CHUNK {blockData=conID: 2 locID: 102659352018616747 bcsId: 1087} | ret=SUCCESS |  
2019-08-22 07:03:20,931 | INFO  | DNAudit | user=null | ip=null | op=WRITE_CHUNK {blockData=conID: 2 locID: 102659352018616747 bcsId: 1087} | ret=SUCCESS |  
2019-08-22 07:03:20,931 | INFO  | DNAudit | user=null | ip=null | op=WRITE_CHUNK {blockData=conID: 2 locID: 102659352018616747 bcsId: 1087} | ret=SUCCESS |  
2019-08-22 07:03:20,945 | INFO  | DNAudit | user=null | ip=null | op=WRITE_CHUNK {blockData=conID: 2 locID: 102659352018616747 bcsId: 1087} | ret=SUCCESS |  
2019-08-22 07:03:20,946 | INFO  | DNAudit | user=null | ip=null | op=PUT_BLOCK {blockData=[blockId=conID: 2 locID: 102659352018616747 bcsId: 0,size=3145728]} | ret=SUCCESS |  
2019-08-22 07:03:20,946 [grpc-default-executor-5] INFO  client.GrpcClientProtocolClient (GrpcClientProtocolClient.java:onNext(255)) - client-CF63D631FA17->3cf1264f-5f6b-4138-aeee-2ff7d4522ead: receive RaftClientReply:client-CF63D631FA17->3cf1264f-5f6b-4138-aeee-2ff7d4522ead@group-561E16522154, cid=838, SUCCESS, logIndex=1092, commits[3cf1264f-5f6b-4138-aeee-2ff7d4522ead:c1093, 4f0d1a15-8f14-4d9a-ad4f-8211e1245b5d:c1091, 6999f20e-c3f7-4db4-87ca-141c476f2a88:c1091]
2019-08-22 07:03:20,947 [grpc-default-executor-5] INFO  client.GrpcClientProtocolClient (GrpcClientProtocolClient.java:onNext(255)) - client-CF63D631FA17->3cf1264f-5f6b-4138-aeee-2ff7d4522ead: receive RaftClientReply:client-CF63D631FA17->3cf1264f-5f6b-4138-aeee-2ff7d4522ead@group-561E16522154, cid=839, SUCCESS, logIndex=1093, commits[3cf1264f-5f6b-4138-aeee-2ff7d4522ead:c1093, 4f0d1a15-8f14-4d9a-ad4f-8211e1245b5d:c1091, 6999f20e-c3f7-4db4-87ca-141c476f2a88:c1091]
2019-08-22 07:03:20,955 | INFO  | DNAudit | user=null | ip=null | op=WRITE_CHUNK {blockData=conID: 2 locID: 102659352018616747 bcsId: 1093} | ret=SUCCESS |  
2019-08-22 07:03:20,958 | INFO  | DNAudit | user=null | ip=null | op=WRITE_CHUNK {blockData=conID: 2 locID: 102659352018616747 bcsId: 1093} | ret=SUCCESS |  
2019-08-22 07:03:20,958 | INFO  | DNAudit | user=null | ip=null | op=WRITE_CHUNK {blockData=conID: 2 locID: 102659352018616747 bcsId: 1093} | ret=SUCCESS |  
2019-08-22 07:03:20,960 | INFO  | DNAudit | user=null | ip=null | op=WRITE_CHUNK {blockData=conID: 2 locID: 102659352018616747 bcsId: 1087} | ret=SUCCESS |  
2019-08-22 07:03:20,960 | INFO  | DNAudit | user=null | ip=null | op=WRITE_CHUNK {blockData=conID: 2 locID: 102659352018616747 bcsId: 1087} | ret=SUCCESS |  
2019-08-22 07:03:20,961 | INFO  | DNAudit | user=null | ip=null | op=PUT_BLOCK {blockData=[blockId=conID: 2 locID: 102659352018616747 bcsId: 0,size=3145728]} | ret=SUCCESS |  
2019-08-22 07:03:20,966 | INFO  | DNAudit | user=null | ip=null | op=PUT_BLOCK {blockData=[blockId=conID: 2 locID: 102659352018616747 bcsId: 0,size=3145728]} | ret=SUCCESS |  
2019-08-22 07:03:20,966 | INFO  | DNAudit | user=null | ip=null | op=WRITE_CHUNK {blockData=conID: 2 locID: 102659352018616747 bcsId: 1093} | ret=SUCCESS |  
2019-08-22 07:03:20,967 | INFO  | DNAudit | user=null | ip=null | op=PUT_BLOCK {blockData=[blockId=conID: 2 locID: 102659352018616747 bcsId: 0,size=4194304]} | ret=SUCCESS |  
2019-08-22 07:03:20,967 [grpc-default-executor-5] INFO  client.GrpcClientProtocolClient (GrpcClientProtocolClient.java:onNext(255)) - client-CF63D631FA17->3cf1264f-5f6b-4138-aeee-2ff7d4522ead: receive RaftClientReply:client-CF63D631FA17->3cf1264f-5f6b-4138-aeee-2ff7d4522ead@group-561E16522154, cid=840, SUCCESS, logIndex=1096, commits[3cf1264f-5f6b-4138-aeee-2ff7d4522ead:c1097, 4f0d1a15-8f14-4d9a-ad4f-8211e1245b5d:c1093, 6999f20e-c3f7-4db4-87ca-141c476f2a88:c1093]
2019-08-22 07:03:20,968 [grpc-default-executor-5] INFO  client.GrpcClientProtocolClient (GrpcClientProtocolClient.java:onNext(255)) - client-CF63D631FA17->3cf1264f-5f6b-4138-aeee-2ff7d4522ead: receive RaftClientReply:client-CF63D631FA17->3cf1264f-5f6b-4138-aeee-2ff7d4522ead@group-561E16522154, cid=841, SUCCESS, logIndex=1097, commits[3cf1264f-5f6b-4138-aeee-2ff7d4522ead:c1097, 4f0d1a15-8f14-4d9a-ad4f-8211e1245b5d:c1093, 6999f20e-c3f7-4db4-87ca-141c476f2a88:c1093]
2019-08-22 07:03:20,978 | INFO  | DNAudit | user=null | ip=null | op=WRITE_CHUNK {blockData=conID: 2 locID: 102659352018616747 bcsId: 1093} | ret=SUCCESS |  
2019-08-22 07:03:20,978 | INFO  | DNAudit | user=null | ip=null | op=WRITE_CHUNK {blockData=conID: 2 locID: 102659352018616747 bcsId: 1093} | ret=SUCCESS |  
2019-08-22 07:03:20,979 | INFO  | DNAudit | user=null | ip=null | op=PUT_BLOCK {blockData=[blockId=conID: 2 locID: 102659352018616747 bcsId: 0,size=4194304]} | ret=SUCCESS |  
2019-08-22 07:03:20,979 | INFO  | DNAudit | user=null | ip=null | op=PUT_BLOCK {blockData=[blockId=conID: 2 locID: 102659352018616747 bcsId: 0,size=4194304]} | ret=SUCCESS |  
2019-08-22 07:03:20,980 [grpc-default-executor-5] INFO  client.GrpcClientProtocolClient (GrpcClientProtocolClient.java:onNext(255)) - client-CF63D631FA17->3cf1264f-5f6b-4138-aeee-2ff7d4522ead: receive RaftClientReply:client-CF63D631FA17->3cf1264f-5f6b-4138-aeee-2ff7d4522ead@group-561E16522154, cid=842, SUCCESS, logIndex=0, commits[3cf1264f-5f6b-4138-aeee-2ff7d4522ead:c1098, 4f0d1a15-8f14-4d9a-ad4f-8211e1245b5d:c1097, 6999f20e-c3f7-4db4-87ca-141c476f2a88:c1097]
2019-08-22 07:03:21,262 | INFO  | SCMAudit | user=jenkins1000 | ip=192.168.34.31 | op=SEND_HEARTBEAT {datanodeUUID=f789f48f-f3d7-45ec-9bba-6a89e2bdcc9c, command=[]} | ret=SUCCESS |  
2019-08-22 07:03:21,264 | INFO  | DNAudit | user=null | ip=null | op=WRITE_CHUNK {blockData=conID: 3 locID: 102659352018616748 bcsId: 0} | ret=SUCCESS |  
2019-08-22 07:03:21,269 | INFO  | DNAudit | user=null | ip=null | op=WRITE_CHUNK {blockData=conID: 3 locID: 102659352018616748 bcsId: 0} | ret=SUCCESS |  
2019-08-22 07:03:21,269 | INFO  | DNAudit | user=null | ip=null | op=WRITE_CHUNK {blockData=conID: 3 locID: 102659352018616748 bcsId: 0} | ret=SUCCESS |  
2019-08-22 07:03:21,269 | INFO  | DNAudit | user=null | ip=null | op=WRITE_CHUNK {blockData=conID: 3 locID: 102659352018616748 bcsId: 0} | ret=SUCCESS |  
2019-08-22 07:03:21,273 | INFO  | DNAudit | user=null | ip=null | op=WRITE_CHUNK {blockData=conID: 3 locID: 102659352018616748 bcsId: 0} | ret=SUCCESS |  
2019-08-22 07:03:21,273 | INFO  | DNAudit | user=null | ip=null | op=WRITE_CHUNK {blockData=conID: 3 locID: 102659352018616748 bcsId: 0} | ret=SUCCESS |  
2019-08-22 07:03:21,279 | INFO  | DNAudit | user=null | ip=null | op=WRITE_CHUNK {blockData=conID: 3 locID: 102659352018616748 bcsId: 0} | ret=SUCCESS |  
2019-08-22 07:03:21,280 | INFO  | DNAudit | user=null | ip=null | op=PUT_BLOCK {blockData=[blockId=conID: 3 locID: 102659352018616748 bcsId: 0,size=1048576]} | ret=SUCCESS |  
2019-08-22 07:03:21,280 | INFO  | DNAudit | user=null | ip=null | op=WRITE_CHUNK {blockData=conID: 3 locID: 102659352018616748 bcsId: 0} | ret=SUCCESS |  
2019-08-22 07:03:21,280 [grpc-default-executor-0] INFO  client.GrpcClientProtocolClient (GrpcClientProtocolClient.java:onNext(255)) - client-CF63D631FA17->3cf1264f-5f6b-4138-aeee-2ff7d4522ead: receive RaftClientReply:client-CF63D631FA17->3cf1264f-5f6b-4138-aeee-2ff7d4522ead@group-561E16522154, cid=843, SUCCESS, logIndex=1100, commits[3cf1264f-5f6b-4138-aeee-2ff7d4522ead:c1102, 4f0d1a15-8f14-4d9a-ad4f-8211e1245b5d:c1099, 6999f20e-c3f7-4db4-87ca-141c476f2a88:c1099]
2019-08-22 07:03:21,281 | INFO  | DNAudit | user=null | ip=null | op=WRITE_CHUNK {blockData=conID: 3 locID: 102659352018616748 bcsId: 0} | ret=SUCCESS |  
2019-08-22 07:03:21,281 | INFO  | DNAudit | user=null | ip=null | op=WRITE_CHUNK {blockData=conID: 3 locID: 102659352018616748 bcsId: 0} | ret=SUCCESS |  
2019-08-22 07:03:21,281 | INFO  | DNAudit | user=null | ip=null | op=PUT_BLOCK {blockData=[blockId=conID: 3 locID: 102659352018616748 bcsId: 0,size=2097152]} | ret=SUCCESS |  
2019-08-22 07:03:21,281 | INFO  | DNAudit | user=null | ip=null | op=PUT_BLOCK {blockData=[blockId=conID: 3 locID: 102659352018616748 bcsId: 0,size=1048576]} | ret=SUCCESS |  
2019-08-22 07:03:21,282 [grpc-default-executor-0] INFO  client.GrpcClientProtocolClient (GrpcClientProtocolClient.java:onNext(255)) - client-CF63D631FA17->3cf1264f-5f6b-4138-aeee-2ff7d4522ead: receive RaftClientReply:client-CF63D631FA17->3cf1264f-5f6b-4138-aeee-2ff7d4522ead@group-561E16522154, cid=844, SUCCESS, logIndex=1101, commits[3cf1264f-5f6b-4138-aeee-2ff7d4522ead:c1104, 4f0d1a15-8f14-4d9a-ad4f-8211e1245b5d:c1100, 6999f20e-c3f7-4db4-87ca-141c476f2a88:c1099]
2019-08-22 07:03:21,282 | INFO  | DNAudit | user=null | ip=null | op=PUT_BLOCK {blockData=[blockId=conID: 3 locID: 102659352018616748 bcsId: 0,size=1048576]} | ret=SUCCESS |  
2019-08-22 07:03:21,282 | INFO  | DNAudit | user=null | ip=null | op=WRITE_CHUNK {blockData=conID: 3 locID: 102659352018616748 bcsId: 0} | ret=SUCCESS |  
2019-08-22 07:03:21,283 | INFO  | DNAudit | user=null | ip=null | op=WRITE_CHUNK {blockData=conID: 3 locID: 102659352018616748 bcsId: 0} | ret=SUCCESS |  
2019-08-22 07:03:21,282 [grpc-default-executor-1] INFO  client.GrpcClientProtocolClient (GrpcClientProtocolClient.java:onNext(255)) - client-CF63D631FA17->3cf1264f-5f6b-4138-aeee-2ff7d4522ead: receive RaftClientReply:client-CF63D631FA17->3cf1264f-5f6b-4138-aeee-2ff7d4522ead@group-561E16522154, cid=845, SUCCESS, logIndex=1102, commits[3cf1264f-5f6b-4138-aeee-2ff7d4522ead:c1104, 4f0d1a15-8f14-4d9a-ad4f-8211e1245b5d:c1100, 6999f20e-c3f7-4db4-87ca-141c476f2a88:c1099]
2019-08-22 07:03:21,283 | INFO  | DNAudit | user=null | ip=null | op=PUT_BLOCK {blockData=[blockId=conID: 3 locID: 102659352018616748 bcsId: 0,size=2097152]} | ret=SUCCESS |  
2019-08-22 07:03:21,283 [grpc-default-executor-1] INFO  client.GrpcClientProtocolClient (GrpcClientProtocolClient.java:onNext(255)) - client-CF63D631FA17->3cf1264f-5f6b-4138-aeee-2ff7d4522ead: receive RaftClientReply:client-CF63D631FA17->3cf1264f-5f6b-4138-aeee-2ff7d4522ead@group-561E16522154, cid=846, SUCCESS, logIndex=1103, commits[3cf1264f-5f6b-4138-aeee-2ff7d4522ead:c1105, 4f0d1a15-8f14-4d9a-ad4f-8211e1245b5d:c1100, 6999f20e-c3f7-4db4-87ca-141c476f2a88:c1101]
2019-08-22 07:03:21,285 [grpc-default-executor-1] INFO  client.GrpcClientProtocolClient (GrpcClientProtocolClient.java:onNext(255)) - client-CF63D631FA17->3cf1264f-5f6b-4138-aeee-2ff7d4522ead: receive RaftClientReply:client-CF63D631FA17->3cf1264f-5f6b-4138-aeee-2ff7d4522ead@group-561E16522154, cid=847, SUCCESS, logIndex=0, commits[3cf1264f-5f6b-4138-aeee-2ff7d4522ead:c1107, 4f0d1a15-8f14-4d9a-ad4f-8211e1245b5d:c1102, 6999f20e-c3f7-4db4-87ca-141c476f2a88:c1103]
2019-08-22 07:03:21,293 | INFO  | DNAudit | user=null | ip=null | op=WRITE_CHUNK {blockData=conID: 3 locID: 102659352018616748 bcsId: 1103} | ret=SUCCESS |  
2019-08-22 07:03:21,293 | INFO  | DNAudit | user=null | ip=null | op=PUT_BLOCK {blockData=[blockId=conID: 3 locID: 102659352018616748 bcsId: 0,size=2097152]} | ret=SUCCESS |  
2019-08-22 07:03:21,296 | INFO  | DNAudit | user=null | ip=null | op=WRITE_CHUNK {blockData=conID: 3 locID: 102659352018616748 bcsId: 1103} | ret=SUCCESS |  
2019-08-22 07:03:21,297 | INFO  | DNAudit | user=null | ip=null | op=WRITE_CHUNK {blockData=conID: 3 locID: 102659352018616748 bcsId: 1103} | ret=SUCCESS |  
2019-08-22 07:03:21,306 | INFO  | DNAudit | user=null | ip=null | op=WRITE_CHUNK {blockData=conID: 3 locID: 102659352018616748 bcsId: 1103} | ret=SUCCESS |  
2019-08-22 07:03:21,306 | INFO  | DNAudit | user=null | ip=null | op=PUT_BLOCK {blockData=[blockId=conID: 3 locID: 102659352018616748 bcsId: 0,size=3145728]} | ret=SUCCESS |  
2019-08-22 07:03:21,307 [grpc-default-executor-1] INFO  client.GrpcClientProtocolClient (GrpcClientProtocolClient.java:onNext(255)) - client-CF63D631FA17->3cf1264f-5f6b-4138-aeee-2ff7d4522ead: receive RaftClientReply:client-CF63D631FA17->3cf1264f-5f6b-4138-aeee-2ff7d4522ead@group-561E16522154, cid=848, SUCCESS, logIndex=1108, commits[3cf1264f-5f6b-4138-aeee-2ff7d4522ead:c1109, 4f0d1a15-8f14-4d9a-ad4f-8211e1245b5d:c1107, 6999f20e-c3f7-4db4-87ca-141c476f2a88:c1107]
2019-08-22 07:03:21,307 [grpc-default-executor-1] INFO  client.GrpcClientProtocolClient (GrpcClientProtocolClient.java:onNext(255)) - client-CF63D631FA17->3cf1264f-5f6b-4138-aeee-2ff7d4522ead: receive RaftClientReply:client-CF63D631FA17->3cf1264f-5f6b-4138-aeee-2ff7d4522ead@group-561E16522154, cid=849, SUCCESS, logIndex=1109, commits[3cf1264f-5f6b-4138-aeee-2ff7d4522ead:c1109, 4f0d1a15-8f14-4d9a-ad4f-8211e1245b5d:c1107, 6999f20e-c3f7-4db4-87ca-141c476f2a88:c1107]
2019-08-22 07:03:21,316 | INFO  | DNAudit | user=null | ip=null | op=WRITE_CHUNK {blockData=conID: 3 locID: 102659352018616748 bcsId: 1109} | ret=SUCCESS |  
2019-08-22 07:03:21,317 | INFO  | DNAudit | user=null | ip=null | op=WRITE_CHUNK {blockData=conID: 3 locID: 102659352018616748 bcsId: 1103} | ret=SUCCESS |  
2019-08-22 07:03:21,317 | INFO  | DNAudit | user=null | ip=null | op=WRITE_CHUNK {blockData=conID: 3 locID: 102659352018616748 bcsId: 1103} | ret=SUCCESS |  
2019-08-22 07:03:21,318 | INFO  | DNAudit | user=null | ip=null | op=PUT_BLOCK {blockData=[blockId=conID: 3 locID: 102659352018616748 bcsId: 0,size=3145728]} | ret=SUCCESS |  
2019-08-22 07:03:21,318 | INFO  | DNAudit | user=null | ip=null | op=PUT_BLOCK {blockData=[blockId=conID: 3 locID: 102659352018616748 bcsId: 0,size=3145728]} | ret=SUCCESS |  
2019-08-22 07:03:21,320 | INFO  | DNAudit | user=null | ip=null | op=WRITE_CHUNK {blockData=conID: 3 locID: 102659352018616748 bcsId: 1109} | ret=SUCCESS |  
2019-08-22 07:03:21,320 | INFO  | DNAudit | user=null | ip=null | op=WRITE_CHUNK {blockData=conID: 3 locID: 102659352018616748 bcsId: 1109} | ret=SUCCESS |  
2019-08-22 07:03:21,332 | INFO  | DNAudit | user=null | ip=null | op=WRITE_CHUNK {blockData=conID: 3 locID: 102659352018616748 bcsId: 1109} | ret=SUCCESS |  
2019-08-22 07:03:21,333 | INFO  | DNAudit | user=null | ip=null | op=PUT_BLOCK {blockData=[blockId=conID: 3 locID: 102659352018616748 bcsId: 0,size=4194304]} | ret=SUCCESS |  
2019-08-22 07:03:21,333 [grpc-default-executor-3] INFO  client.GrpcClientProtocolClient (GrpcClientProtocolClient.java:onNext(255)) - client-CF63D631FA17->3cf1264f-5f6b-4138-aeee-2ff7d4522ead: receive RaftClientReply:client-CF63D631FA17->3cf1264f-5f6b-4138-aeee-2ff7d4522ead@group-561E16522154, cid=850, SUCCESS, logIndex=1112, commits[3cf1264f-5f6b-4138-aeee-2ff7d4522ead:c1113, 4f0d1a15-8f14-4d9a-ad4f-8211e1245b5d:c1109, 6999f20e-c3f7-4db4-87ca-141c476f2a88:c1109]
2019-08-22 07:03:21,334 [grpc-default-executor-3] INFO  client.GrpcClientProtocolClient (GrpcClientProtocolClient.java:onNext(255)) - client-CF63D631FA17->3cf1264f-5f6b-4138-aeee-2ff7d4522ead: receive RaftClientReply:client-CF63D631FA17->3cf1264f-5f6b-4138-aeee-2ff7d4522ead@group-561E16522154, cid=851, SUCCESS, logIndex=1113, commits[3cf1264f-5f6b-4138-aeee-2ff7d4522ead:c1113, 4f0d1a15-8f14-4d9a-ad4f-8211e1245b5d:c1109, 6999f20e-c3f7-4db4-87ca-141c476f2a88:c1109]
2019-08-22 07:03:21,336 | INFO  | DNAudit | user=null | ip=null | op=WRITE_CHUNK {blockData=conID: 3 locID: 102659352018616748 bcsId: 1109} | ret=SUCCESS |  
2019-08-22 07:03:21,336 | INFO  | DNAudit | user=null | ip=null | op=WRITE_CHUNK {blockData=conID: 3 locID: 102659352018616748 bcsId: 1109} | ret=SUCCESS |  
2019-08-22 07:03:21,336 | INFO  | DNAudit | user=null | ip=null | op=PUT_BLOCK {blockData=[blockId=conID: 3 locID: 102659352018616748 bcsId: 0,size=4194304]} | ret=SUCCESS |  
2019-08-22 07:03:21,336 | INFO  | DNAudit | user=null | ip=null | op=PUT_BLOCK {blockData=[blockId=conID: 3 locID: 102659352018616748 bcsId: 0,size=4194304]} | ret=SUCCESS |  
2019-08-22 07:03:21,337 [grpc-default-executor-3] INFO  client.GrpcClientProtocolClient (GrpcClientProtocolClient.java:onNext(255)) - client-CF63D631FA17->3cf1264f-5f6b-4138-aeee-2ff7d4522ead: receive RaftClientReply:client-CF63D631FA17->3cf1264f-5f6b-4138-aeee-2ff7d4522ead@group-561E16522154, cid=852, SUCCESS, logIndex=0, commits[3cf1264f-5f6b-4138-aeee-2ff7d4522ead:c1114, 4f0d1a15-8f14-4d9a-ad4f-8211e1245b5d:c1113, 6999f20e-c3f7-4db4-87ca-141c476f2a88:c1113]
2019-08-22 07:03:21,346 | INFO  | DNAudit | user=null | ip=null | op=WRITE_CHUNK {blockData=conID: 1 locID: 102659352018616749 bcsId: 0} | ret=SUCCESS |  
2019-08-22 07:03:21,348 | INFO  | DNAudit | user=null | ip=null | op=WRITE_CHUNK {blockData=conID: 1 locID: 102659352018616749 bcsId: 0} | ret=SUCCESS |  
2019-08-22 07:03:21,350 | INFO  | DNAudit | user=null | ip=null | op=WRITE_CHUNK {blockData=conID: 1 locID: 102659352018616749 bcsId: 0} | ret=SUCCESS |  
2019-08-22 07:03:21,350 | INFO  | DNAudit | user=null | ip=null | op=WRITE_CHUNK {blockData=conID: 1 locID: 102659352018616749 bcsId: 0} | ret=SUCCESS |  
2019-08-22 07:03:21,351 | INFO  | DNAudit | user=null | ip=null | op=WRITE_CHUNK {blockData=conID: 1 locID: 102659352018616749 bcsId: 0} | ret=SUCCESS |  
2019-08-22 07:03:21,352 | INFO  | DNAudit | user=null | ip=null | op=WRITE_CHUNK {blockData=conID: 1 locID: 102659352018616749 bcsId: 0} | ret=SUCCESS |  
2019-08-22 07:03:21,361 | INFO  | DNAudit | user=null | ip=null | op=WRITE_CHUNK {blockData=conID: 1 locID: 102659352018616749 bcsId: 0} | ret=SUCCESS |  
2019-08-22 07:03:21,362 | INFO  | DNAudit | user=null | ip=null | op=PUT_BLOCK {blockData=[blockId=conID: 1 locID: 102659352018616749 bcsId: 0,size=1048576]} | ret=SUCCESS |  
2019-08-22 07:03:21,363 | INFO  | DNAudit | user=null | ip=null | op=WRITE_CHUNK {blockData=conID: 1 locID: 102659352018616749 bcsId: 0} | ret=SUCCESS |  
2019-08-22 07:03:21,362 [grpc-default-executor-0] INFO  client.GrpcClientProtocolClient (GrpcClientProtocolClient.java:onNext(255)) - client-CF63D631FA17->3cf1264f-5f6b-4138-aeee-2ff7d4522ead: receive RaftClientReply:client-CF63D631FA17->3cf1264f-5f6b-4138-aeee-2ff7d4522ead@group-561E16522154, cid=853, SUCCESS, logIndex=1116, commits[3cf1264f-5f6b-4138-aeee-2ff7d4522ead:c1118, 4f0d1a15-8f14-4d9a-ad4f-8211e1245b5d:c1114, 6999f20e-c3f7-4db4-87ca-141c476f2a88:c1114]
2019-08-22 07:03:21,363 | INFO  | DNAudit | user=null | ip=null | op=PUT_BLOCK {blockData=[blockId=conID: 1 locID: 102659352018616749 bcsId: 0,size=2097152]} | ret=SUCCESS |  
2019-08-22 07:03:21,363 [grpc-default-executor-0] INFO  client.GrpcClientProtocolClient (GrpcClientProtocolClient.java:onNext(255)) - client-CF63D631FA17->3cf1264f-5f6b-4138-aeee-2ff7d4522ead: receive RaftClientReply:client-CF63D631FA17->3cf1264f-5f6b-4138-aeee-2ff7d4522ead@group-561E16522154, cid=854, SUCCESS, logIndex=1117, commits[3cf1264f-5f6b-4138-aeee-2ff7d4522ead:c1119, 4f0d1a15-8f14-4d9a-ad4f-8211e1245b5d:c1114, 6999f20e-c3f7-4db4-87ca-141c476f2a88:c1114]
2019-08-22 07:03:21,363 [grpc-default-executor-0] INFO  client.GrpcClientProtocolClient (GrpcClientProtocolClient.java:onNext(255)) - client-CF63D631FA17->3cf1264f-5f6b-4138-aeee-2ff7d4522ead: receive RaftClientReply:client-CF63D631FA17->3cf1264f-5f6b-4138-aeee-2ff7d4522ead@group-561E16522154, cid=855, SUCCESS, logIndex=1118, commits[3cf1264f-5f6b-4138-aeee-2ff7d4522ead:c1119, 4f0d1a15-8f14-4d9a-ad4f-8211e1245b5d:c1114, 6999f20e-c3f7-4db4-87ca-141c476f2a88:c1114]
2019-08-22 07:03:21,364 [grpc-default-executor-0] INFO  client.GrpcClientProtocolClient (GrpcClientProtocolClient.java:onNext(255)) - client-CF63D631FA17->3cf1264f-5f6b-4138-aeee-2ff7d4522ead: receive RaftClientReply:client-CF63D631FA17->3cf1264f-5f6b-4138-aeee-2ff7d4522ead@group-561E16522154, cid=856, SUCCESS, logIndex=1119, commits[3cf1264f-5f6b-4138-aeee-2ff7d4522ead:c1119, 4f0d1a15-8f14-4d9a-ad4f-8211e1245b5d:c1114, 6999f20e-c3f7-4db4-87ca-141c476f2a88:c1114]
2019-08-22 07:03:21,373 | INFO  | DNAudit | user=null | ip=null | op=WRITE_CHUNK {blockData=conID: 1 locID: 102659352018616749 bcsId: 0} | ret=SUCCESS |  
2019-08-22 07:03:21,373 | INFO  | DNAudit | user=null | ip=null | op=WRITE_CHUNK {blockData=conID: 1 locID: 102659352018616749 bcsId: 0} | ret=SUCCESS |  
2019-08-22 07:03:21,374 | INFO  | DNAudit | user=null | ip=null | op=PUT_BLOCK {blockData=[blockId=conID: 1 locID: 102659352018616749 bcsId: 0,size=1048576]} | ret=SUCCESS |  
2019-08-22 07:03:21,376 | INFO  | DNAudit | user=null | ip=null | op=WRITE_CHUNK {blockData=conID: 1 locID: 102659352018616749 bcsId: 0} | ret=SUCCESS |  
2019-08-22 07:03:21,376 | INFO  | DNAudit | user=null | ip=null | op=PUT_BLOCK {blockData=[blockId=conID: 1 locID: 102659352018616749 bcsId: 0,size=1048576]} | ret=SUCCESS |  
2019-08-22 07:03:21,376 | INFO  | DNAudit | user=null | ip=null | op=PUT_BLOCK {blockData=[blockId=conID: 1 locID: 102659352018616749 bcsId: 0,size=2097152]} | ret=SUCCESS |  
2019-08-22 07:03:21,376 | INFO  | DNAudit | user=null | ip=null | op=WRITE_CHUNK {blockData=conID: 1 locID: 102659352018616749 bcsId: 0} | ret=SUCCESS |  
2019-08-22 07:03:21,376 [grpc-default-executor-0] INFO  client.GrpcClientProtocolClient (GrpcClientProtocolClient.java:onNext(255)) - client-CF63D631FA17->3cf1264f-5f6b-4138-aeee-2ff7d4522ead: receive RaftClientReply:client-CF63D631FA17->3cf1264f-5f6b-4138-aeee-2ff7d4522ead@group-561E16522154, cid=857, SUCCESS, logIndex=0, commits[3cf1264f-5f6b-4138-aeee-2ff7d4522ead:c1122, 4f0d1a15-8f14-4d9a-ad4f-8211e1245b5d:c1118, 6999f20e-c3f7-4db4-87ca-141c476f2a88:c1117]
2019-08-22 07:03:21,377 | INFO  | DNAudit | user=null | ip=null | op=PUT_BLOCK {blockData=[blockId=conID: 1 locID: 102659352018616749 bcsId: 0,size=2097152]} | ret=SUCCESS |  
2019-08-22 07:03:21,384 | INFO  | DNAudit | user=null | ip=null | op=WRITE_CHUNK {blockData=conID: 1 locID: 102659352018616749 bcsId: 1119} | ret=SUCCESS |  
2019-08-22 07:03:21,387 | INFO  | DNAudit | user=null | ip=null | op=WRITE_CHUNK {blockData=conID: 1 locID: 102659352018616749 bcsId: 1119} | ret=SUCCESS |  
2019-08-22 07:03:21,388 | INFO  | DNAudit | user=null | ip=null | op=WRITE_CHUNK {blockData=conID: 1 locID: 102659352018616749 bcsId: 1119} | ret=SUCCESS |  
2019-08-22 07:03:21,396 | INFO  | DNAudit | user=null | ip=null | op=WRITE_CHUNK {blockData=conID: 1 locID: 102659352018616749 bcsId: 1119} | ret=SUCCESS |  
2019-08-22 07:03:21,397 | INFO  | DNAudit | user=null | ip=null | op=PUT_BLOCK {blockData=[blockId=conID: 1 locID: 102659352018616749 bcsId: 0,size=3145728]} | ret=SUCCESS |  
2019-08-22 07:03:21,397 [grpc-default-executor-0] INFO  client.GrpcClientProtocolClient (GrpcClientProtocolClient.java:onNext(255)) - client-CF63D631FA17->3cf1264f-5f6b-4138-aeee-2ff7d4522ead: receive RaftClientReply:client-CF63D631FA17->3cf1264f-5f6b-4138-aeee-2ff7d4522ead@group-561E16522154, cid=858, SUCCESS, logIndex=1124, commits[3cf1264f-5f6b-4138-aeee-2ff7d4522ead:c1124, 4f0d1a15-8f14-4d9a-ad4f-8211e1245b5d:c1123, 6999f20e-c3f7-4db4-87ca-141c476f2a88:c1123]
2019-08-22 07:03:21,398 [grpc-default-executor-0] INFO  client.GrpcClientProtocolClient (GrpcClientProtocolClient.java:onNext(255)) - client-CF63D631FA17->3cf1264f-5f6b-4138-aeee-2ff7d4522ead: receive RaftClientReply:client-CF63D631FA17->3cf1264f-5f6b-4138-aeee-2ff7d4522ead@group-561E16522154, cid=859, SUCCESS, logIndex=1125, commits[3cf1264f-5f6b-4138-aeee-2ff7d4522ead:c1125, 4f0d1a15-8f14-4d9a-ad4f-8211e1245b5d:c1123, 6999f20e-c3f7-4db4-87ca-141c476f2a88:c1123]
2019-08-22 07:03:21,405 | INFO  | DNAudit | user=null | ip=null | op=WRITE_CHUNK {blockData=conID: 1 locID: 102659352018616749 bcsId: 1125} | ret=SUCCESS |  
2019-08-22 07:03:21,407 | INFO  | DNAudit | user=null | ip=null | op=WRITE_CHUNK {blockData=conID: 1 locID: 102659352018616749 bcsId: 1125} | ret=SUCCESS |  
2019-08-22 07:03:21,408 | INFO  | DNAudit | user=null | ip=null | op=WRITE_CHUNK {blockData=conID: 1 locID: 102659352018616749 bcsId: 1125} | ret=SUCCESS |  
2019-08-22 07:03:21,408 | INFO  | DNAudit | user=null | ip=null | op=WRITE_CHUNK {blockData=conID: 1 locID: 102659352018616749 bcsId: 1119} | ret=SUCCESS |  
2019-08-22 07:03:21,408 | INFO  | DNAudit | user=null | ip=null | op=WRITE_CHUNK {blockData=conID: 1 locID: 102659352018616749 bcsId: 1119} | ret=SUCCESS |  
2019-08-22 07:03:21,410 | INFO  | DNAudit | user=null | ip=null | op=PUT_BLOCK {blockData=[blockId=conID: 1 locID: 102659352018616749 bcsId: 0,size=3145728]} | ret=SUCCESS |  
2019-08-22 07:03:21,410 | INFO  | DNAudit | user=null | ip=null | op=PUT_BLOCK {blockData=[blockId=conID: 1 locID: 102659352018616749 bcsId: 0,size=3145728]} | ret=SUCCESS |  
2019-08-22 07:03:21,411 | INFO  | DNAudit | user=null | ip=null | op=WRITE_CHUNK {blockData=conID: 1 locID: 102659352018616749 bcsId: 1125} | ret=SUCCESS |  
2019-08-22 07:03:21,411 | INFO  | DNAudit | user=null | ip=null | op=PUT_BLOCK {blockData=[blockId=conID: 1 locID: 102659352018616749 bcsId: 0,size=4194304]} | ret=SUCCESS |  
2019-08-22 07:03:21,411 [grpc-default-executor-1] INFO  client.GrpcClientProtocolClient (GrpcClientProtocolClient.java:onNext(255)) - client-CF63D631FA17->3cf1264f-5f6b-4138-aeee-2ff7d4522ead: receive RaftClientReply:client-CF63D631FA17->3cf1264f-5f6b-4138-aeee-2ff7d4522ead@group-561E16522154, cid=860, SUCCESS, logIndex=1128, commits[3cf1264f-5f6b-4138-aeee-2ff7d4522ead:c1129, 4f0d1a15-8f14-4d9a-ad4f-8211e1245b5d:c1125, 6999f20e-c3f7-4db4-87ca-141c476f2a88:c1125]
2019-08-22 07:03:21,412 [grpc-default-executor-1] INFO  client.GrpcClientProtocolClient (GrpcClientProtocolClient.java:onNext(255)) - client-CF63D631FA17->3cf1264f-5f6b-4138-aeee-2ff7d4522ead: receive RaftClientReply:client-CF63D631FA17->3cf1264f-5f6b-4138-aeee-2ff7d4522ead@group-561E16522154, cid=861, SUCCESS, logIndex=1129, commits[3cf1264f-5f6b-4138-aeee-2ff7d4522ead:c1129, 4f0d1a15-8f14-4d9a-ad4f-8211e1245b5d:c1125, 6999f20e-c3f7-4db4-87ca-141c476f2a88:c1125]
2019-08-22 07:03:21,413 | INFO  | DNAudit | user=null | ip=null | op=WRITE_CHUNK {blockData=conID: 1 locID: 102659352018616749 bcsId: 1125} | ret=SUCCESS |  
2019-08-22 07:03:21,413 | INFO  | DNAudit | user=null | ip=null | op=WRITE_CHUNK {blockData=conID: 1 locID: 102659352018616749 bcsId: 1125} | ret=SUCCESS |  
2019-08-22 07:03:21,413 | INFO  | DNAudit | user=null | ip=null | op=PUT_BLOCK {blockData=[blockId=conID: 1 locID: 102659352018616749 bcsId: 0,size=4194304]} | ret=SUCCESS |  
2019-08-22 07:03:21,414 | INFO  | DNAudit | user=null | ip=null | op=PUT_BLOCK {blockData=[blockId=conID: 1 locID: 102659352018616749 bcsId: 0,size=4194304]} | ret=SUCCESS |  
2019-08-22 07:03:21,414 [grpc-default-executor-1] INFO  client.GrpcClientProtocolClient (GrpcClientProtocolClient.java:onNext(255)) - client-CF63D631FA17->3cf1264f-5f6b-4138-aeee-2ff7d4522ead: receive RaftClientReply:client-CF63D631FA17->3cf1264f-5f6b-4138-aeee-2ff7d4522ead@group-561E16522154, cid=862, SUCCESS, logIndex=0, commits[3cf1264f-5f6b-4138-aeee-2ff7d4522ead:c1130, 4f0d1a15-8f14-4d9a-ad4f-8211e1245b5d:c1129, 6999f20e-c3f7-4db4-87ca-141c476f2a88:c1129]
2019-08-22 07:03:21,421 | INFO  | DNAudit | user=null | ip=null | op=WRITE_CHUNK {blockData=conID: 2 locID: 102659352018616750 bcsId: 0} | ret=SUCCESS |  
2019-08-22 07:03:21,424 | INFO  | DNAudit | user=null | ip=null | op=WRITE_CHUNK {blockData=conID: 2 locID: 102659352018616750 bcsId: 0} | ret=SUCCESS |  
2019-08-22 07:03:21,424 | INFO  | DNAudit | user=null | ip=null | op=WRITE_CHUNK {blockData=conID: 2 locID: 102659352018616750 bcsId: 0} | ret=SUCCESS |  
2019-08-22 07:03:21,424 | INFO  | DNAudit | user=null | ip=null | op=WRITE_CHUNK {blockData=conID: 2 locID: 102659352018616750 bcsId: 0} | ret=SUCCESS |  
2019-08-22 07:03:21,426 | INFO  | DNAudit | user=null | ip=null | op=WRITE_CHUNK {blockData=conID: 2 locID: 102659352018616750 bcsId: 0} | ret=SUCCESS |  
2019-08-22 07:03:21,427 | INFO  | DNAudit | user=null | ip=null | op=WRITE_CHUNK {blockData=conID: 2 locID: 102659352018616750 bcsId: 0} | ret=SUCCESS |  
2019-08-22 07:03:21,428 | INFO  | DNAudit | user=null | ip=null | op=WRITE_CHUNK {blockData=conID: 2 locID: 102659352018616750 bcsId: 0} | ret=SUCCESS |  
2019-08-22 07:03:21,428 | INFO  | DNAudit | user=null | ip=null | op=PUT_BLOCK {blockData=[blockId=conID: 2 locID: 102659352018616750 bcsId: 0,size=1048576]} | ret=SUCCESS |  
2019-08-22 07:03:21,428 | INFO  | DNAudit | user=null | ip=null | op=WRITE_CHUNK {blockData=conID: 2 locID: 102659352018616750 bcsId: 0} | ret=SUCCESS |  
2019-08-22 07:03:21,428 [grpc-default-executor-1] INFO  client.GrpcClientProtocolClient (GrpcClientProtocolClient.java:onNext(255)) - client-CF63D631FA17->3cf1264f-5f6b-4138-aeee-2ff7d4522ead: receive RaftClientReply:client-CF63D631FA17->3cf1264f-5f6b-4138-aeee-2ff7d4522ead@group-561E16522154, cid=863, SUCCESS, logIndex=1132, commits[3cf1264f-5f6b-4138-aeee-2ff7d4522ead:c1133, 4f0d1a15-8f14-4d9a-ad4f-8211e1245b5d:c1129, 6999f20e-c3f7-4db4-87ca-141c476f2a88:c1131]
2019-08-22 07:03:21,428 | INFO  | DNAudit | user=null | ip=null | op=PUT_BLOCK {blockData=[blockId=conID: 2 locID: 102659352018616750 bcsId: 0,size=2097152]} | ret=SUCCESS |  
2019-08-22 07:03:21,429 [grpc-default-executor-1] INFO  client.GrpcClientProtocolClient (GrpcClientProtocolClient.java:onNext(255)) - client-CF63D631FA17->3cf1264f-5f6b-4138-aeee-2ff7d4522ead: receive RaftClientReply:client-CF63D631FA17->3cf1264f-5f6b-4138-aeee-2ff7d4522ead@group-561E16522154, cid=864, SUCCESS, logIndex=1133, commits[3cf1264f-5f6b-4138-aeee-2ff7d4522ead:c1134, 4f0d1a15-8f14-4d9a-ad4f-8211e1245b5d:c1131, 6999f20e-c3f7-4db4-87ca-141c476f2a88:c1131]
2019-08-22 07:03:21,429 [grpc-default-executor-1] INFO  client.GrpcClientProtocolClient (GrpcClientProtocolClient.java:onNext(255)) - client-CF63D631FA17->3cf1264f-5f6b-4138-aeee-2ff7d4522ead: receive RaftClientReply:client-CF63D631FA17->3cf1264f-5f6b-4138-aeee-2ff7d4522ead@group-561E16522154, cid=865, SUCCESS, logIndex=1134, commits[3cf1264f-5f6b-4138-aeee-2ff7d4522ead:c1135, 4f0d1a15-8f14-4d9a-ad4f-8211e1245b5d:c1131, 6999f20e-c3f7-4db4-87ca-141c476f2a88:c1131]
2019-08-22 07:03:21,429 [grpc-default-executor-1] INFO  client.GrpcClientProtocolClient (GrpcClientProtocolClient.java:onNext(255)) - client-CF63D631FA17->3cf1264f-5f6b-4138-aeee-2ff7d4522ead: receive RaftClientReply:client-CF63D631FA17->3cf1264f-5f6b-4138-aeee-2ff7d4522ead@group-561E16522154, cid=866, SUCCESS, logIndex=1135, commits[3cf1264f-5f6b-4138-aeee-2ff7d4522ead:c1135, 4f0d1a15-8f14-4d9a-ad4f-8211e1245b5d:c1131, 6999f20e-c3f7-4db4-87ca-141c476f2a88:c1131]
2019-08-22 07:03:21,431 | INFO  | DNAudit | user=null | ip=null | op=WRITE_CHUNK {blockData=conID: 2 locID: 102659352018616750 bcsId: 0} | ret=SUCCESS |  
2019-08-22 07:03:21,431 | INFO  | DNAudit | user=null | ip=null | op=PUT_BLOCK {blockData=[blockId=conID: 2 locID: 102659352018616750 bcsId: 0,size=1048576]} | ret=SUCCESS |  
2019-08-22 07:03:21,431 | INFO  | DNAudit | user=null | ip=null | op=WRITE_CHUNK {blockData=conID: 2 locID: 102659352018616750 bcsId: 0} | ret=SUCCESS |  
2019-08-22 07:03:21,432 | INFO  | DNAudit | user=null | ip=null | op=PUT_BLOCK {blockData=[blockId=conID: 2 locID: 102659352018616750 bcsId: 0,size=1048576]} | ret=SUCCESS |  
2019-08-22 07:03:21,432 [grpc-default-executor-5] INFO  client.GrpcClientProtocolClient (GrpcClientProtocolClient.java:onNext(255)) - client-CF63D631FA17->3cf1264f-5f6b-4138-aeee-2ff7d4522ead: receive RaftClientReply:client-CF63D631FA17->3cf1264f-5f6b-4138-aeee-2ff7d4522ead@group-561E16522154, cid=867, SUCCESS, logIndex=0, commits[3cf1264f-5f6b-4138-aeee-2ff7d4522ead:c1137, 4f0d1a15-8f14-4d9a-ad4f-8211e1245b5d:c1133, 6999f20e-c3f7-4db4-87ca-141c476f2a88:c1133]
2019-08-22 07:03:21,432 | INFO  | DNAudit | user=null | ip=null | op=WRITE_CHUNK {blockData=conID: 2 locID: 102659352018616750 bcsId: 0} | ret=SUCCESS |  
2019-08-22 07:03:21,433 | INFO  | DNAudit | user=null | ip=null | op=WRITE_CHUNK {blockData=conID: 2 locID: 102659352018616750 bcsId: 0} | ret=SUCCESS |  
2019-08-22 07:03:21,433 | INFO  | DNAudit | user=null | ip=null | op=PUT_BLOCK {blockData=[blockId=conID: 2 locID: 102659352018616750 bcsId: 0,size=2097152]} | ret=SUCCESS |  
2019-08-22 07:03:21,433 | INFO  | DNAudit | user=null | ip=null | op=PUT_BLOCK {blockData=[blockId=conID: 2 locID: 102659352018616750 bcsId: 0,size=2097152]} | ret=SUCCESS |  
2019-08-22 07:03:21,439 | INFO  | DNAudit | user=null | ip=null | op=WRITE_CHUNK {blockData=conID: 2 locID: 102659352018616750 bcsId: 1135} | ret=SUCCESS |  
2019-08-22 07:03:21,441 | INFO  | DNAudit | user=null | ip=null | op=WRITE_CHUNK {blockData=conID: 2 locID: 102659352018616750 bcsId: 1135} | ret=SUCCESS |  
2019-08-22 07:03:21,442 | INFO  | DNAudit | user=null | ip=null | op=WRITE_CHUNK {blockData=conID: 2 locID: 102659352018616750 bcsId: 1135} | ret=SUCCESS |  
2019-08-22 07:03:21,444 | INFO  | DNAudit | user=null | ip=null | op=WRITE_CHUNK {blockData=conID: 2 locID: 102659352018616750 bcsId: 1135} | ret=SUCCESS |  
2019-08-22 07:03:21,444 | INFO  | DNAudit | user=null | ip=null | op=PUT_BLOCK {blockData=[blockId=conID: 2 locID: 102659352018616750 bcsId: 0,size=3145728]} | ret=SUCCESS |  
2019-08-22 07:03:21,444 [grpc-default-executor-5] INFO  client.GrpcClientProtocolClient (GrpcClientProtocolClient.java:onNext(255)) - client-CF63D631FA17->3cf1264f-5f6b-4138-aeee-2ff7d4522ead: receive RaftClientReply:client-CF63D631FA17->3cf1264f-5f6b-4138-aeee-2ff7d4522ead@group-561E16522154, cid=868, SUCCESS, logIndex=1140, commits[3cf1264f-5f6b-4138-aeee-2ff7d4522ead:c1141, 4f0d1a15-8f14-4d9a-ad4f-8211e1245b5d:c1139, 6999f20e-c3f7-4db4-87ca-141c476f2a88:c1139]
2019-08-22 07:03:21,445 | INFO  | DNAudit | user=null | ip=null | op=WRITE_CHUNK {blockData=conID: 2 locID: 102659352018616750 bcsId: 1135} | ret=SUCCESS |  
2019-08-22 07:03:21,445 [grpc-default-executor-5] INFO  client.GrpcClientProtocolClient (GrpcClientProtocolClient.java:onNext(255)) - client-CF63D631FA17->3cf1264f-5f6b-4138-aeee-2ff7d4522ead: receive RaftClientReply:client-CF63D631FA17->3cf1264f-5f6b-4138-aeee-2ff7d4522ead@group-561E16522154, cid=869, SUCCESS, logIndex=1141, commits[3cf1264f-5f6b-4138-aeee-2ff7d4522ead:c1141, 4f0d1a15-8f14-4d9a-ad4f-8211e1245b5d:c1139, 6999f20e-c3f7-4db4-87ca-141c476f2a88:c1139]
2019-08-22 07:03:21,445 | INFO  | DNAudit | user=null | ip=null | op=WRITE_CHUNK {blockData=conID: 2 locID: 102659352018616750 bcsId: 1135} | ret=SUCCESS |  
2019-08-22 07:03:21,445 | INFO  | DNAudit | user=null | ip=null | op=PUT_BLOCK {blockData=[blockId=conID: 2 locID: 102659352018616750 bcsId: 0,size=3145728]} | ret=SUCCESS |  
2019-08-22 07:03:21,445 | INFO  | DNAudit | user=null | ip=null | op=PUT_BLOCK {blockData=[blockId=conID: 2 locID: 102659352018616750 bcsId: 0,size=3145728]} | ret=SUCCESS |  
2019-08-22 07:03:21,452 | INFO  | DNAudit | user=null | ip=null | op=WRITE_CHUNK {blockData=conID: 2 locID: 102659352018616750 bcsId: 1141} | ret=SUCCESS |  
2019-08-22 07:03:21,456 | INFO  | DNAudit | user=null | ip=null | op=WRITE_CHUNK {blockData=conID: 2 locID: 102659352018616750 bcsId: 1141} | ret=SUCCESS |  
2019-08-22 07:03:21,456 | INFO  | DNAudit | user=null | ip=null | op=WRITE_CHUNK {blockData=conID: 2 locID: 102659352018616750 bcsId: 1141} | ret=SUCCESS |  
2019-08-22 07:03:21,460 | INFO  | DNAudit | user=null | ip=null | op=WRITE_CHUNK {blockData=conID: 2 locID: 102659352018616750 bcsId: 1141} | ret=SUCCESS |  
2019-08-22 07:03:21,461 | INFO  | DNAudit | user=null | ip=null | op=PUT_BLOCK {blockData=[blockId=conID: 2 locID: 102659352018616750 bcsId: 0,size=4194304]} | ret=SUCCESS |  
2019-08-22 07:03:21,461 [grpc-default-executor-3] INFO  client.GrpcClientProtocolClient (GrpcClientProtocolClient.java:onNext(255)) - client-CF63D631FA17->3cf1264f-5f6b-4138-aeee-2ff7d4522ead: receive RaftClientReply:client-CF63D631FA17->3cf1264f-5f6b-4138-aeee-2ff7d4522ead@group-561E16522154, cid=870, SUCCESS, logIndex=1144, commits[3cf1264f-5f6b-4138-aeee-2ff7d4522ead:c1145, 4f0d1a15-8f14-4d9a-ad4f-8211e1245b5d:c1143, 6999f20e-c3f7-4db4-87ca-141c476f2a88:c1143]
2019-08-22 07:03:21,465 | INFO  | DNAudit | user=null | ip=null | op=WRITE_CHUNK {blockData=conID: 2 locID: 102659352018616750 bcsId: 1141} | ret=SUCCESS |  
2019-08-22 07:03:21,465 | INFO  | DNAudit | user=null | ip=null | op=WRITE_CHUNK {blockData=conID: 2 locID: 102659352018616750 bcsId: 1141} | ret=SUCCESS |  
2019-08-22 07:03:21,465 [grpc-default-executor-3] INFO  client.GrpcClientProtocolClient (GrpcClientProtocolClient.java:onNext(255)) - client-CF63D631FA17->3cf1264f-5f6b-4138-aeee-2ff7d4522ead: receive RaftClientReply:client-CF63D631FA17->3cf1264f-5f6b-4138-aeee-2ff7d4522ead@group-561E16522154, cid=871, SUCCESS, logIndex=1145, commits[3cf1264f-5f6b-4138-aeee-2ff7d4522ead:c1145, 4f0d1a15-8f14-4d9a-ad4f-8211e1245b5d:c1143, 6999f20e-c3f7-4db4-87ca-141c476f2a88:c1143]
2019-08-22 07:03:21,465 | INFO  | DNAudit | user=null | ip=null | op=PUT_BLOCK {blockData=[blockId=conID: 2 locID: 102659352018616750 bcsId: 0,size=4194304]} | ret=SUCCESS |  
2019-08-22 07:03:21,465 | INFO  | DNAudit | user=null | ip=null | op=PUT_BLOCK {blockData=[blockId=conID: 2 locID: 102659352018616750 bcsId: 0,size=4194304]} | ret=SUCCESS |  
2019-08-22 07:03:21,467 [grpc-default-executor-5] INFO  client.GrpcClientProtocolClient (GrpcClientProtocolClient.java:onNext(255)) - client-CF63D631FA17->3cf1264f-5f6b-4138-aeee-2ff7d4522ead: receive RaftClientReply:client-CF63D631FA17->3cf1264f-5f6b-4138-aeee-2ff7d4522ead@group-561E16522154, cid=872, SUCCESS, logIndex=0, commits[3cf1264f-5f6b-4138-aeee-2ff7d4522ead:c1146, 4f0d1a15-8f14-4d9a-ad4f-8211e1245b5d:c1145, 6999f20e-c3f7-4db4-87ca-141c476f2a88:c1145]
2019-08-22 07:03:21,475 | INFO  | DNAudit | user=null | ip=null | op=WRITE_CHUNK {blockData=conID: 3 locID: 102659352018616751 bcsId: 0} | ret=SUCCESS |  
2019-08-22 07:03:21,477 | INFO  | DNAudit | user=null | ip=null | op=WRITE_CHUNK {blockData=conID: 3 locID: 102659352018616751 bcsId: 0} | ret=SUCCESS |  
2019-08-22 07:03:21,477 | INFO  | DNAudit | user=null | ip=null | op=WRITE_CHUNK {blockData=conID: 3 locID: 102659352018616751 bcsId: 0} | ret=SUCCESS |  
2019-08-22 07:03:21,478 | INFO  | DNAudit | user=null | ip=null | op=WRITE_CHUNK {blockData=conID: 3 locID: 102659352018616751 bcsId: 0} | ret=SUCCESS |  
2019-08-22 07:03:21,479 | INFO  | DNAudit | user=null | ip=null | op=WRITE_CHUNK {blockData=conID: 3 locID: 102659352018616751 bcsId: 0} | ret=SUCCESS |  
2019-08-22 07:03:21,479 | INFO  | DNAudit | user=null | ip=null | op=WRITE_CHUNK {blockData=conID: 3 locID: 102659352018616751 bcsId: 0} | ret=SUCCESS |  
2019-08-22 07:03:21,481 | INFO  | DNAudit | user=null | ip=null | op=WRITE_CHUNK {blockData=conID: 3 locID: 102659352018616751 bcsId: 0} | ret=SUCCESS |  
2019-08-22 07:03:21,482 | INFO  | DNAudit | user=null | ip=null | op=PUT_BLOCK {blockData=[blockId=conID: 3 locID: 102659352018616751 bcsId: 0,size=1048576]} | ret=SUCCESS |  
2019-08-22 07:03:21,482 | INFO  | DNAudit | user=null | ip=null | op=WRITE_CHUNK {blockData=conID: 3 locID: 102659352018616751 bcsId: 0} | ret=SUCCESS |  
2019-08-22 07:03:21,482 [grpc-default-executor-1] INFO  client.GrpcClientProtocolClient (GrpcClientProtocolClient.java:onNext(255)) - client-CF63D631FA17->3cf1264f-5f6b-4138-aeee-2ff7d4522ead: receive RaftClientReply:client-CF63D631FA17->3cf1264f-5f6b-4138-aeee-2ff7d4522ead@group-561E16522154, cid=873, SUCCESS, logIndex=1148, commits[3cf1264f-5f6b-4138-aeee-2ff7d4522ead:c1151, 4f0d1a15-8f14-4d9a-ad4f-8211e1245b5d:c1147, 6999f20e-c3f7-4db4-87ca-141c476f2a88:c1145]
2019-08-22 07:03:21,482 | INFO  | DNAudit | user=null | ip=null | op=PUT_BLOCK {blockData=[blockId=conID: 3 locID: 102659352018616751 bcsId: 0,size=2097152]} | ret=SUCCESS |  
2019-08-22 07:03:21,483 [grpc-default-executor-1] INFO  client.GrpcClientProtocolClient (GrpcClientProtocolClient.java:onNext(255)) - client-CF63D631FA17->3cf1264f-5f6b-4138-aeee-2ff7d4522ead: receive RaftClientReply:client-CF63D631FA17->3cf1264f-5f6b-4138-aeee-2ff7d4522ead@group-561E16522154, cid=874, SUCCESS, logIndex=1149, commits[3cf1264f-5f6b-4138-aeee-2ff7d4522ead:c1151, 4f0d1a15-8f14-4d9a-ad4f-8211e1245b5d:c1147, 6999f20e-c3f7-4db4-87ca-141c476f2a88:c1147]
2019-08-22 07:03:21,483 [grpc-default-executor-1] INFO  client.GrpcClientProtocolClient (GrpcClientProtocolClient.java:onNext(255)) - client-CF63D631FA17->3cf1264f-5f6b-4138-aeee-2ff7d4522ead: receive RaftClientReply:client-CF63D631FA17->3cf1264f-5f6b-4138-aeee-2ff7d4522ead@group-561E16522154, cid=875, SUCCESS, logIndex=1150, commits[3cf1264f-5f6b-4138-aeee-2ff7d4522ead:c1151, 4f0d1a15-8f14-4d9a-ad4f-8211e1245b5d:c1147, 6999f20e-c3f7-4db4-87ca-141c476f2a88:c1147]
2019-08-22 07:03:21,483 [grpc-default-executor-1] INFO  client.GrpcClientProtocolClient (GrpcClientProtocolClient.java:onNext(255)) - client-CF63D631FA17->3cf1264f-5f6b-4138-aeee-2ff7d4522ead: receive RaftClientReply:client-CF63D631FA17->3cf1264f-5f6b-4138-aeee-2ff7d4522ead@group-561E16522154, cid=876, SUCCESS, logIndex=1151, commits[3cf1264f-5f6b-4138-aeee-2ff7d4522ead:c1151, 4f0d1a15-8f14-4d9a-ad4f-8211e1245b5d:c1147, 6999f20e-c3f7-4db4-87ca-141c476f2a88:c1147]
2019-08-22 07:03:21,483 | INFO  | DNAudit | user=null | ip=null | op=WRITE_CHUNK {blockData=conID: 3 locID: 102659352018616751 bcsId: 0} | ret=SUCCESS |  
2019-08-22 07:03:21,484 | INFO  | DNAudit | user=null | ip=null | op=PUT_BLOCK {blockData=[blockId=conID: 3 locID: 102659352018616751 bcsId: 0,size=1048576]} | ret=SUCCESS |  
2019-08-22 07:03:21,484 | INFO  | DNAudit | user=null | ip=null | op=WRITE_CHUNK {blockData=conID: 3 locID: 102659352018616751 bcsId: 0} | ret=SUCCESS |  
2019-08-22 07:03:21,484 | INFO  | DNAudit | user=null | ip=null | op=WRITE_CHUNK {blockData=conID: 3 locID: 102659352018616751 bcsId: 0} | ret=SUCCESS |  
2019-08-22 07:03:21,484 | INFO  | DNAudit | user=null | ip=null | op=PUT_BLOCK {blockData=[blockId=conID: 3 locID: 102659352018616751 bcsId: 0,size=1048576]} | ret=SUCCESS |  
2019-08-22 07:03:21,485 | INFO  | DNAudit | user=null | ip=null | op=WRITE_CHUNK {blockData=conID: 3 locID: 102659352018616751 bcsId: 0} | ret=SUCCESS |  
2019-08-22 07:03:21,485 | INFO  | DNAudit | user=null | ip=null | op=PUT_BLOCK {blockData=[blockId=conID: 3 locID: 102659352018616751 bcsId: 0,size=2097152]} | ret=SUCCESS |  
2019-08-22 07:03:21,485 [grpc-default-executor-1] INFO  client.GrpcClientProtocolClient (GrpcClientProtocolClient.java:onNext(255)) - client-CF63D631FA17->3cf1264f-5f6b-4138-aeee-2ff7d4522ead: receive RaftClientReply:client-CF63D631FA17->3cf1264f-5f6b-4138-aeee-2ff7d4522ead@group-561E16522154, cid=877, SUCCESS, logIndex=0, commits[3cf1264f-5f6b-4138-aeee-2ff7d4522ead:c1152, 4f0d1a15-8f14-4d9a-ad4f-8211e1245b5d:c1150, 6999f20e-c3f7-4db4-87ca-141c476f2a88:c1150]
2019-08-22 07:03:21,485 | INFO  | DNAudit | user=null | ip=null | op=PUT_BLOCK {blockData=[blockId=conID: 3 locID: 102659352018616751 bcsId: 0,size=2097152]} | ret=SUCCESS |  
2019-08-22 07:03:21,491 | INFO  | DNAudit | user=null | ip=null | op=WRITE_CHUNK {blockData=conID: 3 locID: 102659352018616751 bcsId: 1151} | ret=SUCCESS |  
2019-08-22 07:03:21,493 | INFO  | DNAudit | user=null | ip=null | op=WRITE_CHUNK {blockData=conID: 3 locID: 102659352018616751 bcsId: 1151} | ret=SUCCESS |  
2019-08-22 07:03:21,493 | INFO  | DNAudit | user=null | ip=null | op=WRITE_CHUNK {blockData=conID: 3 locID: 102659352018616751 bcsId: 1151} | ret=SUCCESS |  
2019-08-22 07:03:21,504 | INFO  | DNAudit | user=null | ip=null | op=WRITE_CHUNK {blockData=conID: 3 locID: 102659352018616751 bcsId: 1151} | ret=SUCCESS |  
2019-08-22 07:03:21,505 | INFO  | DNAudit | user=null | ip=null | op=PUT_BLOCK {blockData=[blockId=conID: 3 locID: 102659352018616751 bcsId: 0,size=3145728]} | ret=SUCCESS |  
2019-08-22 07:03:21,505 [grpc-default-executor-5] INFO  client.GrpcClientProtocolClient (GrpcClientProtocolClient.java:onNext(255)) - client-CF63D631FA17->3cf1264f-5f6b-4138-aeee-2ff7d4522ead: receive RaftClientReply:client-CF63D631FA17->3cf1264f-5f6b-4138-aeee-2ff7d4522ead@group-561E16522154, cid=878, SUCCESS, logIndex=1155, commits[3cf1264f-5f6b-4138-aeee-2ff7d4522ead:c1156, 4f0d1a15-8f14-4d9a-ad4f-8211e1245b5d:c1154, 6999f20e-c3f7-4db4-87ca-141c476f2a88:c1154]
2019-08-22 07:03:21,505 [grpc-default-executor-5] INFO  client.GrpcClientProtocolClient (GrpcClientProtocolClient.java:onNext(255)) - client-CF63D631FA17->3cf1264f-5f6b-4138-aeee-2ff7d4522ead: receive RaftClientReply:client-CF63D631FA17->3cf1264f-5f6b-4138-aeee-2ff7d4522ead@group-561E16522154, cid=879, SUCCESS, logIndex=1156, commits[3cf1264f-5f6b-4138-aeee-2ff7d4522ead:c1156, 4f0d1a15-8f14-4d9a-ad4f-8211e1245b5d:c1154, 6999f20e-c3f7-4db4-87ca-141c476f2a88:c1154]
2019-08-22 07:03:21,505 | INFO  | DNAudit | user=null | ip=null | op=WRITE_CHUNK {blockData=conID: 3 locID: 102659352018616751 bcsId: 1151} | ret=SUCCESS |  
2019-08-22 07:03:21,505 | INFO  | DNAudit | user=null | ip=null | op=WRITE_CHUNK {blockData=conID: 3 locID: 102659352018616751 bcsId: 1151} | ret=SUCCESS |  
2019-08-22 07:03:21,506 | INFO  | DNAudit | user=null | ip=null | op=PUT_BLOCK {blockData=[blockId=conID: 3 locID: 102659352018616751 bcsId: 0,size=3145728]} | ret=SUCCESS |  
2019-08-22 07:03:21,506 | INFO  | DNAudit | user=null | ip=null | op=PUT_BLOCK {blockData=[blockId=conID: 3 locID: 102659352018616751 bcsId: 0,size=3145728]} | ret=SUCCESS |  
2019-08-22 07:03:21,511 | INFO  | DNAudit | user=null | ip=null | op=WRITE_CHUNK {blockData=conID: 3 locID: 102659352018616751 bcsId: 1156} | ret=SUCCESS |  
2019-08-22 07:03:21,514 | INFO  | DNAudit | user=null | ip=null | op=WRITE_CHUNK {blockData=conID: 3 locID: 102659352018616751 bcsId: 1156} | ret=SUCCESS |  
2019-08-22 07:03:21,514 | INFO  | DNAudit | user=null | ip=null | op=WRITE_CHUNK {blockData=conID: 3 locID: 102659352018616751 bcsId: 1156} | ret=SUCCESS |  
2019-08-22 07:03:21,517 | INFO  | DNAudit | user=null | ip=null | op=WRITE_CHUNK {blockData=conID: 3 locID: 102659352018616751 bcsId: 1156} | ret=SUCCESS |  
2019-08-22 07:03:21,517 | INFO  | DNAudit | user=null | ip=null | op=PUT_BLOCK {blockData=[blockId=conID: 3 locID: 102659352018616751 bcsId: 0,size=4194304]} | ret=SUCCESS |  
2019-08-22 07:03:21,517 [grpc-default-executor-5] INFO  client.GrpcClientProtocolClient (GrpcClientProtocolClient.java:onNext(255)) - client-CF63D631FA17->3cf1264f-5f6b-4138-aeee-2ff7d4522ead: receive RaftClientReply:client-CF63D631FA17->3cf1264f-5f6b-4138-aeee-2ff7d4522ead@group-561E16522154, cid=880, SUCCESS, logIndex=1159, commits[3cf1264f-5f6b-4138-aeee-2ff7d4522ead:c1160, 4f0d1a15-8f14-4d9a-ad4f-8211e1245b5d:c1156, 6999f20e-c3f7-4db4-87ca-141c476f2a88:c1158]
2019-08-22 07:03:21,518 [grpc-default-executor-5] INFO  client.GrpcClientProtocolClient (GrpcClientProtocolClient.java:onNext(255)) - client-CF63D631FA17->3cf1264f-5f6b-4138-aeee-2ff7d4522ead: receive RaftClientReply:client-CF63D631FA17->3cf1264f-5f6b-4138-aeee-2ff7d4522ead@group-561E16522154, cid=881, SUCCESS, logIndex=1160, commits[3cf1264f-5f6b-4138-aeee-2ff7d4522ead:c1160, 4f0d1a15-8f14-4d9a-ad4f-8211e1245b5d:c1158, 6999f20e-c3f7-4db4-87ca-141c476f2a88:c1158]
2019-08-22 07:03:21,519 | INFO  | DNAudit | user=null | ip=null | op=WRITE_CHUNK {blockData=conID: 3 locID: 102659352018616751 bcsId: 1156} | ret=SUCCESS |  
2019-08-22 07:03:21,519 | INFO  | DNAudit | user=null | ip=null | op=WRITE_CHUNK {blockData=conID: 3 locID: 102659352018616751 bcsId: 1156} | ret=SUCCESS |  
2019-08-22 07:03:21,519 | INFO  | DNAudit | user=null | ip=null | op=PUT_BLOCK {blockData=[blockId=conID: 3 locID: 102659352018616751 bcsId: 0,size=4194304]} | ret=SUCCESS |  
2019-08-22 07:03:21,519 | INFO  | DNAudit | user=null | ip=null | op=PUT_BLOCK {blockData=[blockId=conID: 3 locID: 102659352018616751 bcsId: 0,size=4194304]} | ret=SUCCESS |  
2019-08-22 07:03:21,519 [grpc-default-executor-5] INFO  client.GrpcClientProtocolClient (GrpcClientProtocolClient.java:onNext(255)) - client-CF63D631FA17->3cf1264f-5f6b-4138-aeee-2ff7d4522ead: receive RaftClientReply:client-CF63D631FA17->3cf1264f-5f6b-4138-aeee-2ff7d4522ead@group-561E16522154, cid=882, SUCCESS, logIndex=0, commits[3cf1264f-5f6b-4138-aeee-2ff7d4522ead:c1161, 4f0d1a15-8f14-4d9a-ad4f-8211e1245b5d:c1160, 6999f20e-c3f7-4db4-87ca-141c476f2a88:c1160]
2019-08-22 07:03:21,525 | INFO  | DNAudit | user=null | ip=null | op=WRITE_CHUNK {blockData=conID: 1 locID: 102659352018682288 bcsId: 0} | ret=SUCCESS |  
2019-08-22 07:03:21,529 | INFO  | DNAudit | user=null | ip=null | op=WRITE_CHUNK {blockData=conID: 1 locID: 102659352018682288 bcsId: 0} | ret=SUCCESS |  
2019-08-22 07:03:21,529 | INFO  | DNAudit | user=null | ip=null | op=WRITE_CHUNK {blockData=conID: 1 locID: 102659352018682288 bcsId: 0} | ret=SUCCESS |  
2019-08-22 07:03:21,530 | INFO  | DNAudit | user=null | ip=null | op=WRITE_CHUNK {blockData=conID: 1 locID: 102659352018682288 bcsId: 0} | ret=SUCCESS |  
2019-08-22 07:03:21,531 | INFO  | DNAudit | user=null | ip=null | op=WRITE_CHUNK {blockData=conID: 1 locID: 102659352018682288 bcsId: 0} | ret=SUCCESS |  
2019-08-22 07:03:21,531 | INFO  | DNAudit | user=null | ip=null | op=WRITE_CHUNK {blockData=conID: 1 locID: 102659352018682288 bcsId: 0} | ret=SUCCESS |  
2019-08-22 07:03:21,533 | INFO  | DNAudit | user=null | ip=null | op=WRITE_CHUNK {blockData=conID: 1 locID: 102659352018682288 bcsId: 0} | ret=SUCCESS |  
2019-08-22 07:03:21,534 | INFO  | DNAudit | user=null | ip=null | op=PUT_BLOCK {blockData=[blockId=conID: 1 locID: 102659352018682288 bcsId: 0,size=1048576]} | ret=SUCCESS |  
2019-08-22 07:03:21,534 [grpc-default-executor-3] INFO  client.GrpcClientProtocolClient (GrpcClientProtocolClient.java:onNext(255)) - client-CF63D631FA17->3cf1264f-5f6b-4138-aeee-2ff7d4522ead: receive RaftClientReply:client-CF63D631FA17->3cf1264f-5f6b-4138-aeee-2ff7d4522ead@group-561E16522154, cid=883, SUCCESS, logIndex=1163, commits[3cf1264f-5f6b-4138-aeee-2ff7d4522ead:c1166, 4f0d1a15-8f14-4d9a-ad4f-8211e1245b5d:c1162, 6999f20e-c3f7-4db4-87ca-141c476f2a88:c1162]
2019-08-22 07:03:21,535 | INFO  | DNAudit | user=null | ip=null | op=WRITE_CHUNK {blockData=conID: 1 locID: 102659352018682288 bcsId: 0} | ret=SUCCESS |  
2019-08-22 07:03:21,535 | INFO  | DNAudit | user=null | ip=null | op=WRITE_CHUNK {blockData=conID: 1 locID: 102659352018682288 bcsId: 0} | ret=SUCCESS |  
2019-08-22 07:03:21,535 | INFO  | DNAudit | user=null | ip=null | op=PUT_BLOCK {blockData=[blockId=conID: 1 locID: 102659352018682288 bcsId: 0,size=2097152]} | ret=SUCCESS |  
2019-08-22 07:03:21,535 [grpc-default-executor-3] INFO  client.GrpcClientProtocolClient (GrpcClientProtocolClient.java:onNext(255)) - client-CF63D631FA17->3cf1264f-5f6b-4138-aeee-2ff7d4522ead: receive RaftClientReply:client-CF63D631FA17->3cf1264f-5f6b-4138-aeee-2ff7d4522ead@group-561E16522154, cid=884, SUCCESS, logIndex=1164, commits[3cf1264f-5f6b-4138-aeee-2ff7d4522ead:c1166, 4f0d1a15-8f14-4d9a-ad4f-8211e1245b5d:c1162, 6999f20e-c3f7-4db4-87ca-141c476f2a88:c1162]
2019-08-22 07:03:21,535 | INFO  | DNAudit | user=null | ip=null | op=PUT_BLOCK {blockData=[blockId=conID: 1 locID: 102659352018682288 bcsId: 0,size=1048576]} | ret=SUCCESS |  
2019-08-22 07:03:21,535 | INFO  | DNAudit | user=null | ip=null | op=WRITE_CHUNK {blockData=conID: 1 locID: 102659352018682288 bcsId: 0} | ret=SUCCESS |  
2019-08-22 07:03:21,536 | INFO  | DNAudit | user=null | ip=null | op=PUT_BLOCK {blockData=[blockId=conID: 1 locID: 102659352018682288 bcsId: 0,size=1048576]} | ret=SUCCESS |  
2019-08-22 07:03:21,536 [grpc-default-executor-1] INFO  client.GrpcClientProtocolClient (GrpcClientProtocolClient.java:onNext(255)) - client-CF63D631FA17->3cf1264f-5f6b-4138-aeee-2ff7d4522ead: receive RaftClientReply:client-CF63D631FA17->3cf1264f-5f6b-4138-aeee-2ff7d4522ead@group-561E16522154, cid=885, SUCCESS, logIndex=1165, commits[3cf1264f-5f6b-4138-aeee-2ff7d4522ead:c1166, 4f0d1a15-8f14-4d9a-ad4f-8211e1245b5d:c1162, 6999f20e-c3f7-4db4-87ca-141c476f2a88:c1162]
2019-08-22 07:03:21,536 | INFO  | DNAudit | user=null | ip=null | op=WRITE_CHUNK {blockData=conID: 1 locID: 102659352018682288 bcsId: 0} | ret=SUCCESS |  
2019-08-22 07:03:21,536 [grpc-default-executor-3] INFO  client.GrpcClientProtocolClient (GrpcClientProtocolClient.java:onNext(255)) - client-CF63D631FA17->3cf1264f-5f6b-4138-aeee-2ff7d4522ead: receive RaftClientReply:client-CF63D631FA17->3cf1264f-5f6b-4138-aeee-2ff7d4522ead@group-561E16522154, cid=886, SUCCESS, logIndex=1166, commits[3cf1264f-5f6b-4138-aeee-2ff7d4522ead:c1167, 4f0d1a15-8f14-4d9a-ad4f-8211e1245b5d:c1162, 6999f20e-c3f7-4db4-87ca-141c476f2a88:c1164]
2019-08-22 07:03:21,536 | INFO  | DNAudit | user=null | ip=null | op=PUT_BLOCK {blockData=[blockId=conID: 1 locID: 102659352018682288 bcsId: 0,size=2097152]} | ret=SUCCESS |  
2019-08-22 07:03:21,537 | INFO  | DNAudit | user=null | ip=null | op=WRITE_CHUNK {blockData=conID: 1 locID: 102659352018682288 bcsId: 0} | ret=SUCCESS |  
2019-08-22 07:03:21,537 | INFO  | DNAudit | user=null | ip=null | op=PUT_BLOCK {blockData=[blockId=conID: 1 locID: 102659352018682288 bcsId: 0,size=2097152]} | ret=SUCCESS |  
2019-08-22 07:03:21,537 [grpc-default-executor-3] INFO  client.GrpcClientProtocolClient (GrpcClientProtocolClient.java:onNext(255)) - client-CF63D631FA17->3cf1264f-5f6b-4138-aeee-2ff7d4522ead: receive RaftClientReply:client-CF63D631FA17->3cf1264f-5f6b-4138-aeee-2ff7d4522ead@group-561E16522154, cid=887, SUCCESS, logIndex=0, commits[3cf1264f-5f6b-4138-aeee-2ff7d4522ead:c1170, 4f0d1a15-8f14-4d9a-ad4f-8211e1245b5d:c1164, 6999f20e-c3f7-4db4-87ca-141c476f2a88:c1166]
2019-08-22 07:03:21,543 | INFO  | DNAudit | user=null | ip=null | op=WRITE_CHUNK {blockData=conID: 1 locID: 102659352018682288 bcsId: 1166} | ret=SUCCESS |  
2019-08-22 07:03:21,546 | INFO  | DNAudit | user=null | ip=null | op=WRITE_CHUNK {blockData=conID: 1 locID: 102659352018682288 bcsId: 1166} | ret=SUCCESS |  
2019-08-22 07:03:21,547 | INFO  | DNAudit | user=null | ip=null | op=WRITE_CHUNK {blockData=conID: 1 locID: 102659352018682288 bcsId: 1166} | ret=SUCCESS |  
2019-08-22 07:03:21,559 | INFO  | DNAudit | user=null | ip=null | op=WRITE_CHUNK {blockData=conID: 1 locID: 102659352018682288 bcsId: 1166} | ret=SUCCESS |  
2019-08-22 07:03:21,560 | INFO  | DNAudit | user=null | ip=null | op=PUT_BLOCK {blockData=[blockId=conID: 1 locID: 102659352018682288 bcsId: 0,size=3145728]} | ret=SUCCESS |  
2019-08-22 07:03:21,560 [grpc-default-executor-5] INFO  client.GrpcClientProtocolClient (GrpcClientProtocolClient.java:onNext(255)) - client-CF63D631FA17->3cf1264f-5f6b-4138-aeee-2ff7d4522ead: receive RaftClientReply:client-CF63D631FA17->3cf1264f-5f6b-4138-aeee-2ff7d4522ead@group-561E16522154, cid=888, SUCCESS, logIndex=1171, commits[3cf1264f-5f6b-4138-aeee-2ff7d4522ead:c1172, 4f0d1a15-8f14-4d9a-ad4f-8211e1245b5d:c1170, 6999f20e-c3f7-4db4-87ca-141c476f2a88:c1170]
2019-08-22 07:03:21,561 [grpc-default-executor-5] INFO  client.GrpcClientProtocolClient (GrpcClientProtocolClient.java:onNext(255)) - client-CF63D631FA17->3cf1264f-5f6b-4138-aeee-2ff7d4522ead: receive RaftClientReply:client-CF63D631FA17->3cf1264f-5f6b-4138-aeee-2ff7d4522ead@group-561E16522154, cid=889, SUCCESS, logIndex=1172, commits[3cf1264f-5f6b-4138-aeee-2ff7d4522ead:c1172, 4f0d1a15-8f14-4d9a-ad4f-8211e1245b5d:c1170, 6999f20e-c3f7-4db4-87ca-141c476f2a88:c1170]
2019-08-22 07:03:21,567 | INFO  | DNAudit | user=null | ip=null | op=WRITE_CHUNK {blockData=conID: 1 locID: 102659352018682288 bcsId: 1172} | ret=SUCCESS |  
2019-08-22 07:03:21,570 | INFO  | DNAudit | user=null | ip=null | op=WRITE_CHUNK {blockData=conID: 1 locID: 102659352018682288 bcsId: 1172} | ret=SUCCESS |  
2019-08-22 07:03:21,570 | INFO  | DNAudit | user=null | ip=null | op=WRITE_CHUNK {blockData=conID: 1 locID: 102659352018682288 bcsId: 1172} | ret=SUCCESS |  
2019-08-22 07:03:21,571 | INFO  | DNAudit | user=null | ip=null | op=WRITE_CHUNK {blockData=conID: 1 locID: 102659352018682288 bcsId: 1166} | ret=SUCCESS |  
2019-08-22 07:03:21,571 | INFO  | DNAudit | user=null | ip=null | op=WRITE_CHUNK {blockData=conID: 1 locID: 102659352018682288 bcsId: 1166} | ret=SUCCESS |  
2019-08-22 07:03:21,571 | INFO  | DNAudit | user=null | ip=null | op=PUT_BLOCK {blockData=[blockId=conID: 1 locID: 102659352018682288 bcsId: 0,size=3145728]} | ret=SUCCESS |  
2019-08-22 07:03:21,571 | INFO  | DNAudit | user=null | ip=null | op=PUT_BLOCK {blockData=[blockId=conID: 1 locID: 102659352018682288 bcsId: 0,size=3145728]} | ret=SUCCESS |  
2019-08-22 07:03:21,574 | INFO  | DNAudit | user=null | ip=null | op=WRITE_CHUNK {blockData=conID: 1 locID: 102659352018682288 bcsId: 1172} | ret=SUCCESS |  
2019-08-22 07:03:21,574 | INFO  | DNAudit | user=null | ip=null | op=PUT_BLOCK {blockData=[blockId=conID: 1 locID: 102659352018682288 bcsId: 0,size=4194304]} | ret=SUCCESS |  
2019-08-22 07:03:21,575 [grpc-default-executor-5] INFO  client.GrpcClientProtocolClient (GrpcClientProtocolClient.java:onNext(255)) - client-CF63D631FA17->3cf1264f-5f6b-4138-aeee-2ff7d4522ead: receive RaftClientReply:client-CF63D631FA17->3cf1264f-5f6b-4138-aeee-2ff7d4522ead@group-561E16522154, cid=890, SUCCESS, logIndex=1175, commits[3cf1264f-5f6b-4138-aeee-2ff7d4522ead:c1176, 4f0d1a15-8f14-4d9a-ad4f-8211e1245b5d:c1172, 6999f20e-c3f7-4db4-87ca-141c476f2a88:c1172]
2019-08-22 07:03:21,575 [grpc-default-executor-5] INFO  client.GrpcClientProtocolClient (GrpcClientProtocolClient.java:onNext(255)) - client-CF63D631FA17->3cf1264f-5f6b-4138-aeee-2ff7d4522ead: receive RaftClientReply:client-CF63D631FA17->3cf1264f-5f6b-4138-aeee-2ff7d4522ead@group-561E16522154, cid=891, SUCCESS, logIndex=1176, commits[3cf1264f-5f6b-4138-aeee-2ff7d4522ead:c1176, 4f0d1a15-8f14-4d9a-ad4f-8211e1245b5d:c1172, 6999f20e-c3f7-4db4-87ca-141c476f2a88:c1172]
2019-08-22 07:03:21,580 | INFO  | SCMAudit | user=jenkins1000 | ip=192.168.34.31 | op=SEND_HEARTBEAT {datanodeUUID=6ab6b5dd-7582-43bd-ad39-1af51ca14a47, command=[]} | ret=SUCCESS |  
2019-08-22 07:03:21,594 | INFO  | DNAudit | user=null | ip=null | op=WRITE_CHUNK {blockData=conID: 1 locID: 102659352018682288 bcsId: 1172} | ret=SUCCESS |  
2019-08-22 07:03:21,594 | INFO  | DNAudit | user=null | ip=null | op=WRITE_CHUNK {blockData=conID: 1 locID: 102659352018682288 bcsId: 1172} | ret=SUCCESS |  
2019-08-22 07:03:21,597 | INFO  | DNAudit | user=null | ip=null | op=PUT_BLOCK {blockData=[blockId=conID: 1 locID: 102659352018682288 bcsId: 0,size=4194304]} | ret=SUCCESS |  
2019-08-22 07:03:21,597 | INFO  | DNAudit | user=null | ip=null | op=PUT_BLOCK {blockData=[blockId=conID: 1 locID: 102659352018682288 bcsId: 0,size=4194304]} | ret=SUCCESS |  
2019-08-22 07:03:21,598 [grpc-default-executor-5] INFO  client.GrpcClientProtocolClient (GrpcClientProtocolClient.java:onNext(255)) - client-CF63D631FA17->3cf1264f-5f6b-4138-aeee-2ff7d4522ead: receive RaftClientReply:client-CF63D631FA17->3cf1264f-5f6b-4138-aeee-2ff7d4522ead@group-561E16522154, cid=892, SUCCESS, logIndex=0, commits[3cf1264f-5f6b-4138-aeee-2ff7d4522ead:c1178, 4f0d1a15-8f14-4d9a-ad4f-8211e1245b5d:c1176, 6999f20e-c3f7-4db4-87ca-141c476f2a88:c1176]
2019-08-22 07:03:21,605 | INFO  | DNAudit | user=null | ip=null | op=WRITE_CHUNK {blockData=conID: 2 locID: 102659352018682289 bcsId: 0} | ret=SUCCESS |  
2019-08-22 07:03:21,607 | INFO  | DNAudit | user=null | ip=null | op=WRITE_CHUNK {blockData=conID: 2 locID: 102659352018682289 bcsId: 0} | ret=SUCCESS |  
2019-08-22 07:03:21,608 | INFO  | DNAudit | user=null | ip=null | op=WRITE_CHUNK {blockData=conID: 2 locID: 102659352018682289 bcsId: 0} | ret=SUCCESS |  
2019-08-22 07:03:21,608 | INFO  | DNAudit | user=null | ip=null | op=WRITE_CHUNK {blockData=conID: 2 locID: 102659352018682289 bcsId: 0} | ret=SUCCESS |  
2019-08-22 07:03:21,610 | INFO  | DNAudit | user=null | ip=null | op=WRITE_CHUNK {blockData=conID: 2 locID: 102659352018682289 bcsId: 0} | ret=SUCCESS |  
2019-08-22 07:03:21,610 | INFO  | DNAudit | user=null | ip=null | op=WRITE_CHUNK {blockData=conID: 2 locID: 102659352018682289 bcsId: 0} | ret=SUCCESS |  
2019-08-22 07:03:21,617 | INFO  | DNAudit | user=null | ip=null | op=WRITE_CHUNK {blockData=conID: 2 locID: 102659352018682289 bcsId: 0} | ret=SUCCESS |  
2019-08-22 07:03:21,618 | INFO  | DNAudit | user=null | ip=null | op=PUT_BLOCK {blockData=[blockId=conID: 2 locID: 102659352018682289 bcsId: 0,size=1048576]} | ret=SUCCESS |  
2019-08-22 07:03:21,618 [grpc-default-executor-0] INFO  client.GrpcClientProtocolClient (GrpcClientProtocolClient.java:onNext(255)) - client-CF63D631FA17->3cf1264f-5f6b-4138-aeee-2ff7d4522ead: receive RaftClientReply:client-CF63D631FA17->3cf1264f-5f6b-4138-aeee-2ff7d4522ead@group-561E16522154, cid=893, SUCCESS, logIndex=1179, commits[3cf1264f-5f6b-4138-aeee-2ff7d4522ead:c1180, 4f0d1a15-8f14-4d9a-ad4f-8211e1245b5d:c1178, 6999f20e-c3f7-4db4-87ca-141c476f2a88:c1178]
2019-08-22 07:03:21,618 | INFO  | DNAudit | user=null | ip=null | op=WRITE_CHUNK {blockData=conID: 2 locID: 102659352018682289 bcsId: 0} | ret=SUCCESS |  
2019-08-22 07:03:21,618 [grpc-default-executor-3] INFO  client.GrpcClientProtocolClient (GrpcClientProtocolClient.java:onNext(255)) - client-CF63D631FA17->3cf1264f-5f6b-4138-aeee-2ff7d4522ead: receive RaftClientReply:client-CF63D631FA17->3cf1264f-5f6b-4138-aeee-2ff7d4522ead@group-561E16522154, cid=894, SUCCESS, logIndex=1180, commits[3cf1264f-5f6b-4138-aeee-2ff7d4522ead:c1180, 4f0d1a15-8f14-4d9a-ad4f-8211e1245b5d:c1178, 6999f20e-c3f7-4db4-87ca-141c476f2a88:c1178]
2019-08-22 07:03:21,618 | INFO  | DNAudit | user=null | ip=null | op=PUT_BLOCK {blockData=[blockId=conID: 2 locID: 102659352018682289 bcsId: 0,size=2097152]} | ret=SUCCESS |  
2019-08-22 07:03:21,619 | INFO  | DNAudit | user=null | ip=null | op=WRITE_CHUNK {blockData=conID: 2 locID: 102659352018682289 bcsId: 0} | ret=SUCCESS |  
2019-08-22 07:03:21,619 [grpc-default-executor-0] INFO  client.GrpcClientProtocolClient (GrpcClientProtocolClient.java:onNext(255)) - client-CF63D631FA17->3cf1264f-5f6b-4138-aeee-2ff7d4522ead: receive RaftClientReply:client-CF63D631FA17->3cf1264f-5f6b-4138-aeee-2ff7d4522ead@group-561E16522154, cid=895, SUCCESS, logIndex=1181, commits[3cf1264f-5f6b-4138-aeee-2ff7d4522ead:c1182, 4f0d1a15-8f14-4d9a-ad4f-8211e1245b5d:c1178, 6999f20e-c3f7-4db4-87ca-141c476f2a88:c1178]
2019-08-22 07:03:21,619 | INFO  | DNAudit | user=null | ip=null | op=PUT_BLOCK {blockData=[blockId=conID: 2 locID: 102659352018682289 bcsId: 0,size=1048576]} | ret=SUCCESS |  
2019-08-22 07:03:21,619 [grpc-default-executor-3] INFO  client.GrpcClientProtocolClient (GrpcClientProtocolClient.java:onNext(255)) - client-CF63D631FA17->3cf1264f-5f6b-4138-aeee-2ff7d4522ead: receive RaftClientReply:client-CF63D631FA17->3cf1264f-5f6b-4138-aeee-2ff7d4522ead@group-561E16522154, cid=896, SUCCESS, logIndex=1182, commits[3cf1264f-5f6b-4138-aeee-2ff7d4522ead:c1182, 4f0d1a15-8f14-4d9a-ad4f-8211e1245b5d:c1178, 6999f20e-c3f7-4db4-87ca-141c476f2a88:c1178]
2019-08-22 07:03:21,621 | INFO  | DNAudit | user=null | ip=null | op=WRITE_CHUNK {blockData=conID: 2 locID: 102659352018682289 bcsId: 0} | ret=SUCCESS |  
2019-08-22 07:03:21,622 | INFO  | DNAudit | user=null | ip=null | op=PUT_BLOCK {blockData=[blockId=conID: 2 locID: 102659352018682289 bcsId: 0,size=1048576]} | ret=SUCCESS |  
2019-08-22 07:03:21,623 | INFO  | DNAudit | user=null | ip=null | op=WRITE_CHUNK {blockData=conID: 2 locID: 102659352018682289 bcsId: 0} | ret=SUCCESS |  
2019-08-22 07:03:21,623 | INFO  | DNAudit | user=null | ip=null | op=PUT_BLOCK {blockData=[blockId=conID: 2 locID: 102659352018682289 bcsId: 0,size=2097152]} | ret=SUCCESS |  
2019-08-22 07:03:21,624 [grpc-default-executor-3] INFO  client.GrpcClientProtocolClient (GrpcClientProtocolClient.java:onNext(255)) - client-CF63D631FA17->3cf1264f-5f6b-4138-aeee-2ff7d4522ead: receive RaftClientReply:client-CF63D631FA17->3cf1264f-5f6b-4138-aeee-2ff7d4522ead@group-561E16522154, cid=897, SUCCESS, logIndex=0, commits[3cf1264f-5f6b-4138-aeee-2ff7d4522ead:c1184, 4f0d1a15-8f14-4d9a-ad4f-8211e1245b5d:c1180, 6999f20e-c3f7-4db4-87ca-141c476f2a88:c1180]
2019-08-22 07:03:21,631 | INFO  | DNAudit | user=null | ip=null | op=WRITE_CHUNK {blockData=conID: 2 locID: 102659352018682289 bcsId: 1182} | ret=SUCCESS |  
2019-08-22 07:03:21,632 | INFO  | DNAudit | user=null | ip=null | op=WRITE_CHUNK {blockData=conID: 2 locID: 102659352018682289 bcsId: 0} | ret=SUCCESS |  
2019-08-22 07:03:21,633 | INFO  | DNAudit | user=null | ip=null | op=PUT_BLOCK {blockData=[blockId=conID: 2 locID: 102659352018682289 bcsId: 0,size=2097152]} | ret=SUCCESS |  
2019-08-22 07:03:21,636 | INFO  | DNAudit | user=null | ip=null | op=WRITE_CHUNK {blockData=conID: 2 locID: 102659352018682289 bcsId: 1182} | ret=SUCCESS |  
2019-08-22 07:03:21,636 | INFO  | DNAudit | user=null | ip=null | op=WRITE_CHUNK {blockData=conID: 2 locID: 102659352018682289 bcsId: 1182} | ret=SUCCESS |  
2019-08-22 07:03:21,648 | INFO  | DNAudit | user=null | ip=null | op=WRITE_CHUNK {blockData=conID: 2 locID: 102659352018682289 bcsId: 1182} | ret=SUCCESS |  
2019-08-22 07:03:21,648 | INFO  | DNAudit | user=null | ip=null | op=PUT_BLOCK {blockData=[blockId=conID: 2 locID: 102659352018682289 bcsId: 0,size=3145728]} | ret=SUCCESS |  
2019-08-22 07:03:21,648 [grpc-default-executor-5] INFO  client.GrpcClientProtocolClient (GrpcClientProtocolClient.java:onNext(255)) - client-CF63D631FA17->3cf1264f-5f6b-4138-aeee-2ff7d4522ead: receive RaftClientReply:client-CF63D631FA17->3cf1264f-5f6b-4138-aeee-2ff7d4522ead@group-561E16522154, cid=898, SUCCESS, logIndex=1187, commits[3cf1264f-5f6b-4138-aeee-2ff7d4522ead:c1188, 4f0d1a15-8f14-4d9a-ad4f-8211e1245b5d:c1185, 6999f20e-c3f7-4db4-87ca-141c476f2a88:c1185]
2019-08-22 07:03:21,649 | INFO  | DNAudit | user=null | ip=null | op=WRITE_CHUNK {blockData=conID: 2 locID: 102659352018682289 bcsId: 1182} | ret=SUCCESS |  
2019-08-22 07:03:21,649 [grpc-default-executor-5] INFO  client.GrpcClientProtocolClient (GrpcClientProtocolClient.java:onNext(255)) - client-CF63D631FA17->3cf1264f-5f6b-4138-aeee-2ff7d4522ead: receive RaftClientReply:client-CF63D631FA17->3cf1264f-5f6b-4138-aeee-2ff7d4522ead@group-561E16522154, cid=899, SUCCESS, logIndex=1188, commits[3cf1264f-5f6b-4138-aeee-2ff7d4522ead:c1188, 4f0d1a15-8f14-4d9a-ad4f-8211e1245b5d:c1185, 6999f20e-c3f7-4db4-87ca-141c476f2a88:c1185]
2019-08-22 07:03:21,649 | INFO  | DNAudit | user=null | ip=null | op=PUT_BLOCK {blockData=[blockId=conID: 2 locID: 102659352018682289 bcsId: 0,size=3145728]} | ret=SUCCESS |  
2019-08-22 07:03:21,650 | INFO  | DNAudit | user=null | ip=null | op=WRITE_CHUNK {blockData=conID: 2 locID: 102659352018682289 bcsId: 1182} | ret=SUCCESS |  
2019-08-22 07:03:21,650 | INFO  | DNAudit | user=null | ip=null | op=PUT_BLOCK {blockData=[blockId=conID: 2 locID: 102659352018682289 bcsId: 0,size=3145728]} | ret=SUCCESS |  
2019-08-22 07:03:21,657 | INFO  | DNAudit | user=null | ip=null | op=WRITE_CHUNK {blockData=conID: 2 locID: 102659352018682289 bcsId: 1188} | ret=SUCCESS |  
2019-08-22 07:03:21,659 | INFO  | DNAudit | user=null | ip=null | op=WRITE_CHUNK {blockData=conID: 2 locID: 102659352018682289 bcsId: 1188} | ret=SUCCESS |  
2019-08-22 07:03:21,659 | INFO  | DNAudit | user=null | ip=null | op=WRITE_CHUNK {blockData=conID: 2 locID: 102659352018682289 bcsId: 1188} | ret=SUCCESS |  
2019-08-22 07:03:21,670 | INFO  | DNAudit | user=null | ip=null | op=WRITE_CHUNK {blockData=conID: 2 locID: 102659352018682289 bcsId: 1188} | ret=SUCCESS |  
2019-08-22 07:03:21,670 | INFO  | DNAudit | user=null | ip=null | op=PUT_BLOCK {blockData=[blockId=conID: 2 locID: 102659352018682289 bcsId: 0,size=4194304]} | ret=SUCCESS |  
2019-08-22 07:03:21,670 [grpc-default-executor-3] INFO  client.GrpcClientProtocolClient (GrpcClientProtocolClient.java:onNext(255)) - client-CF63D631FA17->3cf1264f-5f6b-4138-aeee-2ff7d4522ead: receive RaftClientReply:client-CF63D631FA17->3cf1264f-5f6b-4138-aeee-2ff7d4522ead@group-561E16522154, cid=900, SUCCESS, logIndex=1191, commits[3cf1264f-5f6b-4138-aeee-2ff7d4522ead:c1192, 4f0d1a15-8f14-4d9a-ad4f-8211e1245b5d:c1190, 6999f20e-c3f7-4db4-87ca-141c476f2a88:c1190]
2019-08-22 07:03:21,670 [grpc-default-executor-3] INFO  client.GrpcClientProtocolClient (GrpcClientProtocolClient.java:onNext(255)) - client-CF63D631FA17->3cf1264f-5f6b-4138-aeee-2ff7d4522ead: receive RaftClientReply:client-CF63D631FA17->3cf1264f-5f6b-4138-aeee-2ff7d4522ead@group-561E16522154, cid=901, SUCCESS, logIndex=1192, commits[3cf1264f-5f6b-4138-aeee-2ff7d4522ead:c1192, 4f0d1a15-8f14-4d9a-ad4f-8211e1245b5d:c1190, 6999f20e-c3f7-4db4-87ca-141c476f2a88:c1190]
2019-08-22 07:03:21,681 | INFO  | DNAudit | user=null | ip=null | op=WRITE_CHUNK {blockData=conID: 2 locID: 102659352018682289 bcsId: 1188} | ret=SUCCESS |  
2019-08-22 07:03:21,681 | INFO  | DNAudit | user=null | ip=null | op=WRITE_CHUNK {blockData=conID: 2 locID: 102659352018682289 bcsId: 1188} | ret=SUCCESS |  
2019-08-22 07:03:21,684 | INFO  | DNAudit | user=null | ip=null | op=PUT_BLOCK {blockData=[blockId=conID: 2 locID: 102659352018682289 bcsId: 0,size=4194304]} | ret=SUCCESS |  
2019-08-22 07:03:21,684 | INFO  | DNAudit | user=null | ip=null | op=PUT_BLOCK {blockData=[blockId=conID: 2 locID: 102659352018682289 bcsId: 0,size=4194304]} | ret=SUCCESS |  
2019-08-22 07:03:21,685 [grpc-default-executor-3] INFO  client.GrpcClientProtocolClient (GrpcClientProtocolClient.java:onNext(255)) - client-CF63D631FA17->3cf1264f-5f6b-4138-aeee-2ff7d4522ead: receive RaftClientReply:client-CF63D631FA17->3cf1264f-5f6b-4138-aeee-2ff7d4522ead@group-561E16522154, cid=902, SUCCESS, logIndex=0, commits[3cf1264f-5f6b-4138-aeee-2ff7d4522ead:c1194, 4f0d1a15-8f14-4d9a-ad4f-8211e1245b5d:c1192, 6999f20e-c3f7-4db4-87ca-141c476f2a88:c1192]
2019-08-22 07:03:21,693 | INFO  | DNAudit | user=null | ip=null | op=WRITE_CHUNK {blockData=conID: 3 locID: 102659352018682290 bcsId: 0} | ret=SUCCESS |  
2019-08-22 07:03:21,696 | INFO  | DNAudit | user=null | ip=null | op=WRITE_CHUNK {blockData=conID: 3 locID: 102659352018682290 bcsId: 0} | ret=SUCCESS |  
2019-08-22 07:03:21,697 | INFO  | DNAudit | user=null | ip=null | op=WRITE_CHUNK {blockData=conID: 3 locID: 102659352018682290 bcsId: 0} | ret=SUCCESS |  
2019-08-22 07:03:21,699 | INFO  | DNAudit | user=null | ip=null | op=WRITE_CHUNK {blockData=conID: 3 locID: 102659352018682290 bcsId: 0} | ret=SUCCESS |  
2019-08-22 07:03:21,701 | INFO  | DNAudit | user=null | ip=null | op=WRITE_CHUNK {blockData=conID: 3 locID: 102659352018682290 bcsId: 0} | ret=SUCCESS |  
2019-08-22 07:03:21,703 | INFO  | DNAudit | user=null | ip=null | op=WRITE_CHUNK {blockData=conID: 3 locID: 102659352018682290 bcsId: 0} | ret=SUCCESS |  
2019-08-22 07:03:21,706 | INFO  | DNAudit | user=null | ip=null | op=WRITE_CHUNK {blockData=conID: 3 locID: 102659352018682290 bcsId: 0} | ret=SUCCESS |  
2019-08-22 07:03:21,706 | INFO  | DNAudit | user=null | ip=null | op=PUT_BLOCK {blockData=[blockId=conID: 3 locID: 102659352018682290 bcsId: 0,size=1048576]} | ret=SUCCESS |  
2019-08-22 07:03:21,707 [grpc-default-executor-3] INFO  client.GrpcClientProtocolClient (GrpcClientProtocolClient.java:onNext(255)) - client-CF63D631FA17->3cf1264f-5f6b-4138-aeee-2ff7d4522ead: receive RaftClientReply:client-CF63D631FA17->3cf1264f-5f6b-4138-aeee-2ff7d4522ead@group-561E16522154, cid=903, SUCCESS, logIndex=1195, commits[3cf1264f-5f6b-4138-aeee-2ff7d4522ead:c1196, 4f0d1a15-8f14-4d9a-ad4f-8211e1245b5d:c1194, 6999f20e-c3f7-4db4-87ca-141c476f2a88:c1194]
2019-08-22 07:03:21,708 | INFO  | DNAudit | user=null | ip=null | op=WRITE_CHUNK {blockData=conID: 3 locID: 102659352018682290 bcsId: 0} | ret=SUCCESS |  
2019-08-22 07:03:21,708 | INFO  | DNAudit | user=null | ip=null | op=PUT_BLOCK {blockData=[blockId=conID: 3 locID: 102659352018682290 bcsId: 0,size=1048576]} | ret=SUCCESS |  
2019-08-22 07:03:21,708 | INFO  | DNAudit | user=null | ip=null | op=WRITE_CHUNK {blockData=conID: 3 locID: 102659352018682290 bcsId: 0} | ret=SUCCESS |  
2019-08-22 07:03:21,708 | INFO  | DNAudit | user=null | ip=null | op=PUT_BLOCK {blockData=[blockId=conID: 3 locID: 102659352018682290 bcsId: 0,size=1048576]} | ret=SUCCESS |  
2019-08-22 07:03:21,709 | INFO  | DNAudit | user=null | ip=null | op=WRITE_CHUNK {blockData=conID: 3 locID: 102659352018682290 bcsId: 0} | ret=SUCCESS |  
2019-08-22 07:03:21,708 [grpc-default-executor-0] INFO  client.GrpcClientProtocolClient (GrpcClientProtocolClient.java:onNext(255)) - client-CF63D631FA17->3cf1264f-5f6b-4138-aeee-2ff7d4522ead: receive RaftClientReply:client-CF63D631FA17->3cf1264f-5f6b-4138-aeee-2ff7d4522ead@group-561E16522154, cid=904, SUCCESS, logIndex=1196, commits[3cf1264f-5f6b-4138-aeee-2ff7d4522ead:c1196, 4f0d1a15-8f14-4d9a-ad4f-8211e1245b5d:c1194, 6999f20e-c3f7-4db4-87ca-141c476f2a88:c1194]
2019-08-22 07:03:21,709 | INFO  | DNAudit | user=null | ip=null | op=PUT_BLOCK {blockData=[blockId=conID: 3 locID: 102659352018682290 bcsId: 0,size=2097152]} | ret=SUCCESS |  
 0.00% |█                                                                                                    |  0/1 Time: 0:00:042019-08-22 07:03:21,710 [grpc-default-executor-0] INFO  client.GrpcClientProtocolClient (GrpcClientProtocolClient.java:onNext(255)) - client-CF63D631FA17->3cf1264f-5f6b-4138-aeee-2ff7d4522ead: receive RaftClientReply:client-CF63D631FA17->3cf1264f-5f6b-4138-aeee-2ff7d4522ead@group-561E16522154, cid=905, SUCCESS, logIndex=1197, commits[3cf1264f-5f6b-4138-aeee-2ff7d4522ead:c1198, 4f0d1a15-8f14-4d9a-ad4f-8211e1245b5d:c1194, 6999f20e-c3f7-4db4-87ca-141c476f2a88:c1195]
2019-08-22 07:03:21,710 [grpc-default-executor-0] INFO  client.GrpcClientProtocolClient (GrpcClientProtocolClient.java:onNext(255)) - client-CF63D631FA17->3cf1264f-5f6b-4138-aeee-2ff7d4522ead: receive RaftClientReply:client-CF63D631FA17->3cf1264f-5f6b-4138-aeee-2ff7d4522ead@group-561E16522154, cid=906, SUCCESS, logIndex=1198, commits[3cf1264f-5f6b-4138-aeee-2ff7d4522ead:c1200, 4f0d1a15-8f14-4d9a-ad4f-8211e1245b5d:c1194, 6999f20e-c3f7-4db4-87ca-141c476f2a88:c1196]
2019-08-22 07:03:21,710 | INFO  | DNAudit | user=null | ip=null | op=WRITE_CHUNK {blockData=conID: 3 locID: 102659352018682290 bcsId: 0} | ret=SUCCESS |  
2019-08-22 07:03:21,711 | INFO  | DNAudit | user=null | ip=null | op=WRITE_CHUNK {blockData=conID: 3 locID: 102659352018682290 bcsId: 0} | ret=SUCCESS |  
2019-08-22 07:03:21,711 | INFO  | DNAudit | user=null | ip=null | op=PUT_BLOCK {blockData=[blockId=conID: 3 locID: 102659352018682290 bcsId: 0,size=2097152]} | ret=SUCCESS |  
2019-08-22 07:03:21,711 | INFO  | DNAudit | user=null | ip=null | op=PUT_BLOCK {blockData=[blockId=conID: 3 locID: 102659352018682290 bcsId: 0,size=2097152]} | ret=SUCCESS |  
2019-08-22 07:03:21,711 [grpc-default-executor-1] INFO  client.GrpcClientProtocolClient (GrpcClientProtocolClient.java:onNext(255)) - client-CF63D631FA17->3cf1264f-5f6b-4138-aeee-2ff7d4522ead: receive RaftClientReply:client-CF63D631FA17->3cf1264f-5f6b-4138-aeee-2ff7d4522ead@group-561E16522154, cid=907, SUCCESS, logIndex=0, commits[3cf1264f-5f6b-4138-aeee-2ff7d4522ead:c1201, 4f0d1a15-8f14-4d9a-ad4f-8211e1245b5d:c1198, 6999f20e-c3f7-4db4-87ca-141c476f2a88:c1198]
2019-08-22 07:03:21,719 | INFO  | DNAudit | user=null | ip=null | op=WRITE_CHUNK {blockData=conID: 3 locID: 102659352018682290 bcsId: 1198} | ret=SUCCESS |  
2019-08-22 07:03:21,722 | INFO  | DNAudit | user=null | ip=null | op=WRITE_CHUNK {blockData=conID: 3 locID: 102659352018682290 bcsId: 1198} | ret=SUCCESS |  
2019-08-22 07:03:21,723 | INFO  | DNAudit | user=null | ip=null | op=WRITE_CHUNK {blockData=conID: 3 locID: 102659352018682290 bcsId: 1198} | ret=SUCCESS |  
2019-08-22 07:03:21,724 | INFO  | DNAudit | user=null | ip=null | op=WRITE_CHUNK {blockData=conID: 3 locID: 102659352018682290 bcsId: 1198} | ret=SUCCESS |  
2019-08-22 07:03:21,725 | INFO  | DNAudit | user=null | ip=null | op=PUT_BLOCK {blockData=[blockId=conID: 3 locID: 102659352018682290 bcsId: 0,size=3145728]} | ret=SUCCESS |  
2019-08-22 07:03:21,725 [grpc-default-executor-1] INFO  client.GrpcClientProtocolClient (GrpcClientProtocolClient.java:onNext(255)) - client-CF63D631FA17->3cf1264f-5f6b-4138-aeee-2ff7d4522ead: receive RaftClientReply:client-CF63D631FA17->3cf1264f-5f6b-4138-aeee-2ff7d4522ead@group-561E16522154, cid=908, SUCCESS, logIndex=1203, commits[3cf1264f-5f6b-4138-aeee-2ff7d4522ead:c1204, 4f0d1a15-8f14-4d9a-ad4f-8211e1245b5d:c1198, 6999f20e-c3f7-4db4-87ca-141c476f2a88:c1201]
2019-08-22 07:03:21,726 | INFO  | DNAudit | user=null | ip=null | op=WRITE_CHUNK {blockData=conID: 3 locID: 102659352018682290 bcsId: 1198} | ret=SUCCESS |  
2019-08-22 07:03:21,726 | INFO  | DNAudit | user=null | ip=null | op=WRITE_CHUNK {blockData=conID: 3 locID: 102659352018682290 bcsId: 1198} | ret=SUCCESS |  
2019-08-22 07:03:21,726 [grpc-default-executor-1] INFO  client.GrpcClientProtocolClient (GrpcClientProtocolClient.java:onNext(255)) - client-CF63D631FA17->3cf1264f-5f6b-4138-aeee-2ff7d4522ead: receive RaftClientReply:client-CF63D631FA17->3cf1264f-5f6b-4138-aeee-2ff7d4522ead@group-561E16522154, cid=909, SUCCESS, logIndex=1204, commits[3cf1264f-5f6b-4138-aeee-2ff7d4522ead:c1204, 4f0d1a15-8f14-4d9a-ad4f-8211e1245b5d:c1201, 6999f20e-c3f7-4db4-87ca-141c476f2a88:c1201]
2019-08-22 07:03:21,729 | INFO  | DNAudit | user=null | ip=null | op=PUT_BLOCK {blockData=[blockId=conID: 3 locID: 102659352018682290 bcsId: 0,size=3145728]} | ret=SUCCESS |  
2019-08-22 07:03:21,729 | INFO  | DNAudit | user=null | ip=null | op=PUT_BLOCK {blockData=[blockId=conID: 3 locID: 102659352018682290 bcsId: 0,size=3145728]} | ret=SUCCESS |  
2019-08-22 07:03:21,733 | INFO  | DNAudit | user=null | ip=null | op=WRITE_CHUNK {blockData=conID: 3 locID: 102659352018682290 bcsId: 1204} | ret=SUCCESS |  
2019-08-22 07:03:21,737 | INFO  | DNAudit | user=null | ip=null | op=WRITE_CHUNK {blockData=conID: 3 locID: 102659352018682290 bcsId: 1204} | ret=SUCCESS |  
2019-08-22 07:03:21,737 | INFO  | DNAudit | user=null | ip=null | op=WRITE_CHUNK {blockData=conID: 3 locID: 102659352018682290 bcsId: 1204} | ret=SUCCESS |  
2019-08-22 07:03:21,746 | INFO  | DNAudit | user=null | ip=null | op=WRITE_CHUNK {blockData=conID: 3 locID: 102659352018682290 bcsId: 1204} | ret=SUCCESS |  
2019-08-22 07:03:21,746 | INFO  | DNAudit | user=null | ip=null | op=PUT_BLOCK {blockData=[blockId=conID: 3 locID: 102659352018682290 bcsId: 0,size=4194304]} | ret=SUCCESS |  
2019-08-22 07:03:21,746 [grpc-default-executor-1] INFO  client.GrpcClientProtocolClient (GrpcClientProtocolClient.java:onNext(255)) - client-CF63D631FA17->3cf1264f-5f6b-4138-aeee-2ff7d4522ead: receive RaftClientReply:client-CF63D631FA17->3cf1264f-5f6b-4138-aeee-2ff7d4522ead@group-561E16522154, cid=910, SUCCESS, logIndex=1207, commits[3cf1264f-5f6b-4138-aeee-2ff7d4522ead:c1208, 4f0d1a15-8f14-4d9a-ad4f-8211e1245b5d:c1206, 6999f20e-c3f7-4db4-87ca-141c476f2a88:c1206]
2019-08-22 07:03:21,747 [grpc-default-executor-1] INFO  client.GrpcClientProtocolClient (GrpcClientProtocolClient.java:onNext(255)) - client-CF63D631FA17->3cf1264f-5f6b-4138-aeee-2ff7d4522ead: receive RaftClientReply:client-CF63D631FA17->3cf1264f-5f6b-4138-aeee-2ff7d4522ead@group-561E16522154, cid=911, SUCCESS, logIndex=1208, commits[3cf1264f-5f6b-4138-aeee-2ff7d4522ead:c1208, 4f0d1a15-8f14-4d9a-ad4f-8211e1245b5d:c1206, 6999f20e-c3f7-4db4-87ca-141c476f2a88:c1206]
2019-08-22 07:03:21,757 | INFO  | DNAudit | user=null | ip=null | op=WRITE_CHUNK {blockData=conID: 3 locID: 102659352018682290 bcsId: 1204} | ret=SUCCESS |  
2019-08-22 07:03:21,758 | INFO  | DNAudit | user=null | ip=null | op=WRITE_CHUNK {blockData=conID: 3 locID: 102659352018682290 bcsId: 1204} | ret=SUCCESS |  
2019-08-22 07:03:21,758 | INFO  | DNAudit | user=null | ip=null | op=PUT_BLOCK {blockData=[blockId=conID: 3 locID: 102659352018682290 bcsId: 0,size=4194304]} | ret=SUCCESS |  
2019-08-22 07:03:21,758 | INFO  | DNAudit | user=null | ip=null | op=PUT_BLOCK {blockData=[blockId=conID: 3 locID: 102659352018682290 bcsId: 0,size=4194304]} | ret=SUCCESS |  
2019-08-22 07:03:21,758 [grpc-default-executor-1] INFO  client.GrpcClientProtocolClient (GrpcClientProtocolClient.java:onNext(255)) - client-CF63D631FA17->3cf1264f-5f6b-4138-aeee-2ff7d4522ead: receive RaftClientReply:client-CF63D631FA17->3cf1264f-5f6b-4138-aeee-2ff7d4522ead@group-561E16522154, cid=912, SUCCESS, logIndex=0, commits[3cf1264f-5f6b-4138-aeee-2ff7d4522ead:c1209, 4f0d1a15-8f14-4d9a-ad4f-8211e1245b5d:c1208, 6999f20e-c3f7-4db4-87ca-141c476f2a88:c1208]
2019-08-22 07:03:21,765 | INFO  | DNAudit | user=null | ip=null | op=WRITE_CHUNK {blockData=conID: 1 locID: 102659352018682291 bcsId: 0} | ret=SUCCESS |  
2019-08-22 07:03:21,769 | INFO  | DNAudit | user=null | ip=null | op=WRITE_CHUNK {blockData=conID: 1 locID: 102659352018682291 bcsId: 0} | ret=SUCCESS |  
2019-08-22 07:03:21,769 | INFO  | DNAudit | user=null | ip=null | op=WRITE_CHUNK {blockData=conID: 1 locID: 102659352018682291 bcsId: 0} | ret=SUCCESS |  
2019-08-22 07:03:21,769 | INFO  | DNAudit | user=null | ip=null | op=WRITE_CHUNK {blockData=conID: 1 locID: 102659352018682291 bcsId: 0} | ret=SUCCESS |  
2019-08-22 07:03:21,772 | INFO  | DNAudit | user=null | ip=null | op=WRITE_CHUNK {blockData=conID: 1 locID: 102659352018682291 bcsId: 0} | ret=SUCCESS |  
2019-08-22 07:03:21,772 | INFO  | DNAudit | user=null | ip=null | op=WRITE_CHUNK {blockData=conID: 1 locID: 102659352018682291 bcsId: 0} | ret=SUCCESS |  
2019-08-22 07:03:21,896 | INFO  | DNAudit | user=null | ip=null | op=WRITE_CHUNK {blockData=conID: 1 locID: 102659352018682291 bcsId: 0} | ret=SUCCESS |  
2019-08-22 07:03:21,896 | INFO  | DNAudit | user=null | ip=null | op=PUT_BLOCK {blockData=[blockId=conID: 1 locID: 102659352018682291 bcsId: 0,size=1048576]} | ret=SUCCESS |  
2019-08-22 07:03:21,897 | INFO  | SCMAudit | user=jenkins1000 | ip=192.168.34.31 | op=SEND_HEARTBEAT {datanodeUUID=3cf1264f-5f6b-4138-aeee-2ff7d4522ead, command=[]} | ret=SUCCESS |  
2019-08-22 07:03:21,897 | INFO  | SCMAudit | user=jenkins1000 | ip=192.168.34.31 | op=SEND_HEARTBEAT {datanodeUUID=6999f20e-c3f7-4db4-87ca-141c476f2a88, command=[]} | ret=SUCCESS |  
2019-08-22 07:03:21,897 | INFO  | SCMAudit | user=jenkins1000 | ip=192.168.34.31 | op=SEND_HEARTBEAT {datanodeUUID=4f0d1a15-8f14-4d9a-ad4f-8211e1245b5d, command=[]} | ret=SUCCESS |  
2019-08-22 07:03:21,897 | INFO  | DNAudit | user=null | ip=null | op=WRITE_CHUNK {blockData=conID: 1 locID: 102659352018682291 bcsId: 0} | ret=SUCCESS |  
2019-08-22 07:03:21,897 | INFO  | DNAudit | user=null | ip=null | op=WRITE_CHUNK {blockData=conID: 1 locID: 102659352018682291 bcsId: 0} | ret=SUCCESS |  
2019-08-22 07:03:21,897 [grpc-default-executor-3] INFO  client.GrpcClientProtocolClient (GrpcClientProtocolClient.java:onNext(255)) - client-CF63D631FA17->3cf1264f-5f6b-4138-aeee-2ff7d4522ead: receive RaftClientReply:client-CF63D631FA17->3cf1264f-5f6b-4138-aeee-2ff7d4522ead@group-561E16522154, cid=913, SUCCESS, logIndex=1211, commits[3cf1264f-5f6b-4138-aeee-2ff7d4522ead:c1212, 4f0d1a15-8f14-4d9a-ad4f-8211e1245b5d:c1210, 6999f20e-c3f7-4db4-87ca-141c476f2a88:c1210]
2019-08-22 07:03:21,898 | INFO  | DNAudit | user=null | ip=null | op=PUT_BLOCK {blockData=[blockId=conID: 1 locID: 102659352018682291 bcsId: 0,size=2097152]} | ret=SUCCESS |  
2019-08-22 07:03:21,898 [grpc-default-executor-3] INFO  client.GrpcClientProtocolClient (GrpcClientProtocolClient.java:onNext(255)) - client-CF63D631FA17->3cf1264f-5f6b-4138-aeee-2ff7d4522ead: receive RaftClientReply:client-CF63D631FA17->3cf1264f-5f6b-4138-aeee-2ff7d4522ead@group-561E16522154, cid=914, SUCCESS, logIndex=1212, commits[3cf1264f-5f6b-4138-aeee-2ff7d4522ead:c1212, 4f0d1a15-8f14-4d9a-ad4f-8211e1245b5d:c1210, 6999f20e-c3f7-4db4-87ca-141c476f2a88:c1210]
2019-08-22 07:03:21,899 [grpc-default-executor-3] INFO  client.GrpcClientProtocolClient (GrpcClientProtocolClient.java:onNext(255)) - client-CF63D631FA17->3cf1264f-5f6b-4138-aeee-2ff7d4522ead: receive RaftClientReply:client-CF63D631FA17->3cf1264f-5f6b-4138-aeee-2ff7d4522ead@group-561E16522154, cid=915, SUCCESS, logIndex=1213, commits[3cf1264f-5f6b-4138-aeee-2ff7d4522ead:c1215, 4f0d1a15-8f14-4d9a-ad4f-8211e1245b5d:c1211, 6999f20e-c3f7-4db4-87ca-141c476f2a88:c1210]
2019-08-22 07:03:21,899 [grpc-default-executor-3] INFO  client.GrpcClientProtocolClient (GrpcClientProtocolClient.java:onNext(255)) - client-CF63D631FA17->3cf1264f-5f6b-4138-aeee-2ff7d4522ead: receive RaftClientReply:client-CF63D631FA17->3cf1264f-5f6b-4138-aeee-2ff7d4522ead@group-561E16522154, cid=916, SUCCESS, logIndex=1214, commits[3cf1264f-5f6b-4138-aeee-2ff7d4522ead:c1215, 4f0d1a15-8f14-4d9a-ad4f-8211e1245b5d:c1211, 6999f20e-c3f7-4db4-87ca-141c476f2a88:c1210]
2019-08-22 07:03:21,908 | INFO  | DNAudit | user=null | ip=null | op=PUT_BLOCK {blockData=[blockId=conID: 1 locID: 102659352018682291 bcsId: 0,size=1048576]} | ret=SUCCESS |  
2019-08-22 07:03:21,909 | INFO  | DNAudit | user=null | ip=null | op=WRITE_CHUNK {blockData=conID: 1 locID: 102659352018682291 bcsId: 0} | ret=SUCCESS |  
2019-08-22 07:03:21,909 | INFO  | DNAudit | user=null | ip=null | op=PUT_BLOCK {blockData=[blockId=conID: 1 locID: 102659352018682291 bcsId: 0,size=1048576]} | ret=SUCCESS |  
2019-08-22 07:03:21,909 | INFO  | DNAudit | user=null | ip=null | op=WRITE_CHUNK {blockData=conID: 1 locID: 102659352018682291 bcsId: 0} | ret=SUCCESS |  
2019-08-22 07:03:21,909 [grpc-default-executor-3] INFO  client.GrpcClientProtocolClient (GrpcClientProtocolClient.java:onNext(255)) - client-CF63D631FA17->3cf1264f-5f6b-4138-aeee-2ff7d4522ead: receive RaftClientReply:client-CF63D631FA17->3cf1264f-5f6b-4138-aeee-2ff7d4522ead@group-561E16522154, cid=917, SUCCESS, logIndex=0, commits[3cf1264f-5f6b-4138-aeee-2ff7d4522ead:c1216, 4f0d1a15-8f14-4d9a-ad4f-8211e1245b5d:c1212, 6999f20e-c3f7-4db4-87ca-141c476f2a88:c1212]
2019-08-22 07:03:21,910 | INFO  | DNAudit | user=null | ip=null | op=PUT_BLOCK {blockData=[blockId=conID: 1 locID: 102659352018682291 bcsId: 0,size=2097152]} | ret=SUCCESS |  
2019-08-22 07:03:21,911 | INFO  | DNAudit | user=null | ip=null | op=WRITE_CHUNK {blockData=conID: 1 locID: 102659352018682291 bcsId: 0} | ret=SUCCESS |  
2019-08-22 07:03:21,911 | INFO  | DNAudit | user=null | ip=null | op=PUT_BLOCK {blockData=[blockId=conID: 1 locID: 102659352018682291 bcsId: 0,size=2097152]} | ret=SUCCESS |  
2019-08-22 07:03:21,917 | INFO  | DNAudit | user=null | ip=null | op=WRITE_CHUNK {blockData=conID: 1 locID: 102659352018682291 bcsId: 1214} | ret=SUCCESS |  
2019-08-22 07:03:21,920 | INFO  | DNAudit | user=null | ip=null | op=WRITE_CHUNK {blockData=conID: 1 locID: 102659352018682291 bcsId: 1214} | ret=SUCCESS |  
2019-08-22 07:03:21,921 | INFO  | DNAudit | user=null | ip=null | op=WRITE_CHUNK {blockData=conID: 1 locID: 102659352018682291 bcsId: 1214} | ret=SUCCESS |  
2019-08-22 07:03:21,929 | INFO  | DNAudit | user=null | ip=null | op=WRITE_CHUNK {blockData=conID: 1 locID: 102659352018682291 bcsId: 1214} | ret=SUCCESS |  
2019-08-22 07:03:21,930 | INFO  | DNAudit | user=null | ip=null | op=PUT_BLOCK {blockData=[blockId=conID: 1 locID: 102659352018682291 bcsId: 0,size=3145728]} | ret=SUCCESS |  
2019-08-22 07:03:21,930 [grpc-default-executor-3] INFO  client.GrpcClientProtocolClient (GrpcClientProtocolClient.java:onNext(255)) - client-CF63D631FA17->3cf1264f-5f6b-4138-aeee-2ff7d4522ead: receive RaftClientReply:client-CF63D631FA17->3cf1264f-5f6b-4138-aeee-2ff7d4522ead@group-561E16522154, cid=918, SUCCESS, logIndex=1219, commits[3cf1264f-5f6b-4138-aeee-2ff7d4522ead:c1220, 4f0d1a15-8f14-4d9a-ad4f-8211e1245b5d:c1218, 6999f20e-c3f7-4db4-87ca-141c476f2a88:c1218]
2019-08-22 07:03:21,931 [grpc-default-executor-3] INFO  client.GrpcClientProtocolClient (GrpcClientProtocolClient.java:onNext(255)) - client-CF63D631FA17->3cf1264f-5f6b-4138-aeee-2ff7d4522ead: receive RaftClientReply:client-CF63D631FA17->3cf1264f-5f6b-4138-aeee-2ff7d4522ead@group-561E16522154, cid=919, SUCCESS, logIndex=1220, commits[3cf1264f-5f6b-4138-aeee-2ff7d4522ead:c1220, 4f0d1a15-8f14-4d9a-ad4f-8211e1245b5d:c1218, 6999f20e-c3f7-4db4-87ca-141c476f2a88:c1218]
2019-08-22 07:03:21,937 | INFO  | DNAudit | user=null | ip=null | op=WRITE_CHUNK {blockData=conID: 1 locID: 102659352018682291 bcsId: 1220} | ret=SUCCESS |  
2019-08-22 07:03:21,941 | INFO  | DNAudit | user=null | ip=null | op=WRITE_CHUNK {blockData=conID: 1 locID: 102659352018682291 bcsId: 1220} | ret=SUCCESS |  
2019-08-22 07:03:21,941 | INFO  | DNAudit | user=null | ip=null | op=WRITE_CHUNK {blockData=conID: 1 locID: 102659352018682291 bcsId: 1214} | ret=SUCCESS |  
2019-08-22 07:03:21,941 | INFO  | DNAudit | user=null | ip=null | op=WRITE_CHUNK {blockData=conID: 1 locID: 102659352018682291 bcsId: 1214} | ret=SUCCESS |  
2019-08-22 07:03:21,941 | INFO  | DNAudit | user=null | ip=null | op=WRITE_CHUNK {blockData=conID: 1 locID: 102659352018682291 bcsId: 1220} | ret=SUCCESS |  
2019-08-22 07:03:21,943 | INFO  | DNAudit | user=null | ip=null | op=PUT_BLOCK {blockData=[blockId=conID: 1 locID: 102659352018682291 bcsId: 0,size=3145728]} | ret=SUCCESS |  
2019-08-22 07:03:21,943 | INFO  | DNAudit | user=null | ip=null | op=WRITE_CHUNK {blockData=conID: 1 locID: 102659352018682291 bcsId: 1220} | ret=SUCCESS |  
2019-08-22 07:03:21,943 | INFO  | DNAudit | user=null | ip=null | op=PUT_BLOCK {blockData=[blockId=conID: 1 locID: 102659352018682291 bcsId: 0,size=3145728]} | ret=SUCCESS |  
2019-08-22 07:03:21,944 | INFO  | DNAudit | user=null | ip=null | op=PUT_BLOCK {blockData=[blockId=conID: 1 locID: 102659352018682291 bcsId: 0,size=4194304]} | ret=SUCCESS |  
2019-08-22 07:03:21,944 [grpc-default-executor-3] INFO  client.GrpcClientProtocolClient (GrpcClientProtocolClient.java:onNext(255)) - client-CF63D631FA17->3cf1264f-5f6b-4138-aeee-2ff7d4522ead: receive RaftClientReply:client-CF63D631FA17->3cf1264f-5f6b-4138-aeee-2ff7d4522ead@group-561E16522154, cid=920, SUCCESS, logIndex=1223, commits[3cf1264f-5f6b-4138-aeee-2ff7d4522ead:c1224, 4f0d1a15-8f14-4d9a-ad4f-8211e1245b5d:c1220, 6999f20e-c3f7-4db4-87ca-141c476f2a88:c1219]
2019-08-22 07:03:21,944 [grpc-default-executor-3] INFO  client.GrpcClientProtocolClient (GrpcClientProtocolClient.java:onNext(255)) - client-CF63D631FA17->3cf1264f-5f6b-4138-aeee-2ff7d4522ead: receive RaftClientReply:client-CF63D631FA17->3cf1264f-5f6b-4138-aeee-2ff7d4522ead@group-561E16522154, cid=921, SUCCESS, logIndex=1224, commits[3cf1264f-5f6b-4138-aeee-2ff7d4522ead:c1224, 4f0d1a15-8f14-4d9a-ad4f-8211e1245b5d:c1220, 6999f20e-c3f7-4db4-87ca-141c476f2a88:c1220]
2019-08-22 07:03:21,955 | INFO  | DNAudit | user=null | ip=null | op=WRITE_CHUNK {blockData=conID: 1 locID: 102659352018682291 bcsId: 1220} | ret=SUCCESS |  
2019-08-22 07:03:21,955 | INFO  | DNAudit | user=null | ip=null | op=PUT_BLOCK {blockData=[blockId=conID: 1 locID: 102659352018682291 bcsId: 0,size=4194304]} | ret=SUCCESS |  
2019-08-22 07:03:21,956 | INFO  | DNAudit | user=null | ip=null | op=WRITE_CHUNK {blockData=conID: 1 locID: 102659352018682291 bcsId: 1220} | ret=SUCCESS |  
2019-08-22 07:03:21,956 | INFO  | DNAudit | user=null | ip=null | op=PUT_BLOCK {blockData=[blockId=conID: 1 locID: 102659352018682291 bcsId: 0,size=4194304]} | ret=SUCCESS |  
2019-08-22 07:03:21,957 [grpc-default-executor-3] INFO  client.GrpcClientProtocolClient (GrpcClientProtocolClient.java:onNext(255)) - client-CF63D631FA17->3cf1264f-5f6b-4138-aeee-2ff7d4522ead: receive RaftClientReply:client-CF63D631FA17->3cf1264f-5f6b-4138-aeee-2ff7d4522ead@group-561E16522154, cid=922, SUCCESS, logIndex=0, commits[3cf1264f-5f6b-4138-aeee-2ff7d4522ead:c1225, 4f0d1a15-8f14-4d9a-ad4f-8211e1245b5d:c1224, 6999f20e-c3f7-4db4-87ca-141c476f2a88:c1224]
2019-08-22 07:03:21,964 | INFO  | DNAudit | user=null | ip=null | op=WRITE_CHUNK {blockData=conID: 2 locID: 102659352018682292 bcsId: 0} | ret=SUCCESS |  
2019-08-22 07:03:21,966 | INFO  | DNAudit | user=null | ip=null | op=WRITE_CHUNK {blockData=conID: 2 locID: 102659352018682292 bcsId: 0} | ret=SUCCESS |  
2019-08-22 07:03:21,967 | INFO  | DNAudit | user=null | ip=null | op=WRITE_CHUNK {blockData=conID: 2 locID: 102659352018682292 bcsId: 0} | ret=SUCCESS |  
2019-08-22 07:03:21,968 | INFO  | DNAudit | user=null | ip=null | op=WRITE_CHUNK {blockData=conID: 2 locID: 102659352018682292 bcsId: 0} | ret=SUCCESS |  
2019-08-22 07:03:21,970 | INFO  | DNAudit | user=null | ip=null | op=WRITE_CHUNK {blockData=conID: 2 locID: 102659352018682292 bcsId: 0} | ret=SUCCESS |  
2019-08-22 07:03:21,970 | INFO  | DNAudit | user=null | ip=null | op=WRITE_CHUNK {blockData=conID: 2 locID: 102659352018682292 bcsId: 0} | ret=SUCCESS |  
2019-08-22 07:03:21,979 | INFO  | DNAudit | user=null | ip=null | op=WRITE_CHUNK {blockData=conID: 2 locID: 102659352018682292 bcsId: 0} | ret=SUCCESS |  
2019-08-22 07:03:21,980 | INFO  | DNAudit | user=null | ip=null | op=PUT_BLOCK {blockData=[blockId=conID: 2 locID: 102659352018682292 bcsId: 0,size=1048576]} | ret=SUCCESS |  
2019-08-22 07:03:21,980 [grpc-default-executor-1] INFO  client.GrpcClientProtocolClient (GrpcClientProtocolClient.java:onNext(255)) - client-CF63D631FA17->3cf1264f-5f6b-4138-aeee-2ff7d4522ead: receive RaftClientReply:client-CF63D631FA17->3cf1264f-5f6b-4138-aeee-2ff7d4522ead@group-561E16522154, cid=923, SUCCESS, logIndex=1227, commits[3cf1264f-5f6b-4138-aeee-2ff7d4522ead:c1229, 4f0d1a15-8f14-4d9a-ad4f-8211e1245b5d:c1226, 6999f20e-c3f7-4db4-87ca-141c476f2a88:c1226]
2019-08-22 07:03:21,980 | INFO  | DNAudit | user=null | ip=null | op=WRITE_CHUNK {blockData=conID: 2 locID: 102659352018682292 bcsId: 0} | ret=SUCCESS |  
2019-08-22 07:03:21,981 | INFO  | DNAudit | user=null | ip=null | op=PUT_BLOCK {blockData=[blockId=conID: 2 locID: 102659352018682292 bcsId: 0,size=2097152]} | ret=SUCCESS |  
2019-08-22 07:03:21,981 [grpc-default-executor-1] INFO  client.GrpcClientProtocolClient (GrpcClientProtocolClient.java:onNext(255)) - client-CF63D631FA17->3cf1264f-5f6b-4138-aeee-2ff7d4522ead: receive RaftClientReply:client-CF63D631FA17->3cf1264f-5f6b-4138-aeee-2ff7d4522ead@group-561E16522154, cid=924, SUCCESS, logIndex=1228, commits[3cf1264f-5f6b-4138-aeee-2ff7d4522ead:c1230, 4f0d1a15-8f14-4d9a-ad4f-8211e1245b5d:c1226, 6999f20e-c3f7-4db4-87ca-141c476f2a88:c1226]
2019-08-22 07:03:21,981 [grpc-default-executor-1] INFO  client.GrpcClientProtocolClient (GrpcClientProtocolClient.java:onNext(255)) - client-CF63D631FA17->3cf1264f-5f6b-4138-aeee-2ff7d4522ead: receive RaftClientReply:client-CF63D631FA17->3cf1264f-5f6b-4138-aeee-2ff7d4522ead@group-561E16522154, cid=925, SUCCESS, logIndex=1229, commits[3cf1264f-5f6b-4138-aeee-2ff7d4522ead:c1230, 4f0d1a15-8f14-4d9a-ad4f-8211e1245b5d:c1226, 6999f20e-c3f7-4db4-87ca-141c476f2a88:c1226]
2019-08-22 07:03:21,981 [grpc-default-executor-1] INFO  client.GrpcClientProtocolClient (GrpcClientProtocolClient.java:onNext(255)) - client-CF63D631FA17->3cf1264f-5f6b-4138-aeee-2ff7d4522ead: receive RaftClientReply:client-CF63D631FA17->3cf1264f-5f6b-4138-aeee-2ff7d4522ead@group-561E16522154, cid=926, SUCCESS, logIndex=1230, commits[3cf1264f-5f6b-4138-aeee-2ff7d4522ead:c1230, 4f0d1a15-8f14-4d9a-ad4f-8211e1245b5d:c1226, 6999f20e-c3f7-4db4-87ca-141c476f2a88:c1226]
2019-08-22 07:03:21,991 | INFO  | DNAudit | user=null | ip=null | op=WRITE_CHUNK {blockData=conID: 2 locID: 102659352018682292 bcsId: 0} | ret=SUCCESS |  
2019-08-22 07:03:21,991 | INFO  | DNAudit | user=null | ip=null | op=WRITE_CHUNK {blockData=conID: 2 locID: 102659352018682292 bcsId: 0} | ret=SUCCESS |  
2019-08-22 07:03:21,991 | INFO  | DNAudit | user=null | ip=null | op=PUT_BLOCK {blockData=[blockId=conID: 2 locID: 102659352018682292 bcsId: 0,size=1048576]} | ret=SUCCESS |  
2019-08-22 07:03:21,992 | INFO  | DNAudit | user=null | ip=null | op=WRITE_CHUNK {blockData=conID: 2 locID: 102659352018682292 bcsId: 0} | ret=SUCCESS |  
2019-08-22 07:03:21,992 | INFO  | DNAudit | user=null | ip=null | op=PUT_BLOCK {blockData=[blockId=conID: 2 locID: 102659352018682292 bcsId: 0,size=2097152]} | ret=SUCCESS |  
2019-08-22 07:03:21,993 | INFO  | DNAudit | user=null | ip=null | op=PUT_BLOCK {blockData=[blockId=conID: 2 locID: 102659352018682292 bcsId: 0,size=1048576]} | ret=SUCCESS |  
2019-08-22 07:03:21,994 | INFO  | DNAudit | user=null | ip=null | op=WRITE_CHUNK {blockData=conID: 2 locID: 102659352018682292 bcsId: 0} | ret=SUCCESS |  
2019-08-22 07:03:21,994 | INFO  | DNAudit | user=null | ip=null | op=PUT_BLOCK {blockData=[blockId=conID: 2 locID: 102659352018682292 bcsId: 0,size=2097152]} | ret=SUCCESS |  
2019-08-22 07:03:21,994 [grpc-default-executor-1] INFO  client.GrpcClientProtocolClient (GrpcClientProtocolClient.java:onNext(255)) - client-CF63D631FA17->3cf1264f-5f6b-4138-aeee-2ff7d4522ead: receive RaftClientReply:client-CF63D631FA17->3cf1264f-5f6b-4138-aeee-2ff7d4522ead@group-561E16522154, cid=927, SUCCESS, logIndex=0, commits[3cf1264f-5f6b-4138-aeee-2ff7d4522ead:c1234, 4f0d1a15-8f14-4d9a-ad4f-8211e1245b5d:c1228, 6999f20e-c3f7-4db4-87ca-141c476f2a88:c1230]
2019-08-22 07:03:22,001 | INFO  | DNAudit | user=null | ip=null | op=WRITE_CHUNK {blockData=conID: 2 locID: 102659352018682292 bcsId: 1230} | ret=SUCCESS |  
2019-08-22 07:03:22,005 | INFO  | DNAudit | user=null | ip=null | op=WRITE_CHUNK {blockData=conID: 2 locID: 102659352018682292 bcsId: 1230} | ret=SUCCESS |  
2019-08-22 07:03:22,005 | INFO  | DNAudit | user=null | ip=null | op=WRITE_CHUNK {blockData=conID: 2 locID: 102659352018682292 bcsId: 1230} | ret=SUCCESS |  
2019-08-22 07:03:22,014 | INFO  | DNAudit | user=null | ip=null | op=WRITE_CHUNK {blockData=conID: 2 locID: 102659352018682292 bcsId: 1230} | ret=SUCCESS |  
2019-08-22 07:03:22,014 | INFO  | DNAudit | user=null | ip=null | op=PUT_BLOCK {blockData=[blockId=conID: 2 locID: 102659352018682292 bcsId: 0,size=3145728]} | ret=SUCCESS |  
2019-08-22 07:03:22,014 [grpc-default-executor-5] INFO  client.GrpcClientProtocolClient (GrpcClientProtocolClient.java:onNext(255)) - client-CF63D631FA17->3cf1264f-5f6b-4138-aeee-2ff7d4522ead: receive RaftClientReply:client-CF63D631FA17->3cf1264f-5f6b-4138-aeee-2ff7d4522ead@group-561E16522154, cid=928, SUCCESS, logIndex=1235, commits[3cf1264f-5f6b-4138-aeee-2ff7d4522ead:c1236, 4f0d1a15-8f14-4d9a-ad4f-8211e1245b5d:c1234, 6999f20e-c3f7-4db4-87ca-141c476f2a88:c1234]
2019-08-22 07:03:22,015 [grpc-default-executor-5] INFO  client.GrpcClientProtocolClient (GrpcClientProtocolClient.java:onNext(255)) - client-CF63D631FA17->3cf1264f-5f6b-4138-aeee-2ff7d4522ead: receive RaftClientReply:client-CF63D631FA17->3cf1264f-5f6b-4138-aeee-2ff7d4522ead@group-561E16522154, cid=929, SUCCESS, logIndex=1236, commits[3cf1264f-5f6b-4138-aeee-2ff7d4522ead:c1236, 4f0d1a15-8f14-4d9a-ad4f-8211e1245b5d:c1234, 6999f20e-c3f7-4db4-87ca-141c476f2a88:c1234]
2019-08-22 07:03:22,022 | INFO  | DNAudit | user=null | ip=null | op=WRITE_CHUNK {blockData=conID: 2 locID: 102659352018682292 bcsId: 1236} | ret=SUCCESS |  
2019-08-22 07:03:22,024 | INFO  | DNAudit | user=null | ip=null | op=WRITE_CHUNK {blockData=conID: 2 locID: 102659352018682292 bcsId: 1236} | ret=SUCCESS |  
2019-08-22 07:03:22,025 | INFO  | DNAudit | user=null | ip=null | op=WRITE_CHUNK {blockData=conID: 2 locID: 102659352018682292 bcsId: 1236} | ret=SUCCESS |  
2019-08-22 07:03:22,025 | INFO  | DNAudit | user=null | ip=null | op=WRITE_CHUNK {blockData=conID: 2 locID: 102659352018682292 bcsId: 1230} | ret=SUCCESS |  
2019-08-22 07:03:22,025 | INFO  | DNAudit | user=null | ip=null | op=WRITE_CHUNK {blockData=conID: 2 locID: 102659352018682292 bcsId: 1230} | ret=SUCCESS |  
2019-08-22 07:03:22,028 | INFO  | DNAudit | user=null | ip=null | op=PUT_BLOCK {blockData=[blockId=conID: 2 locID: 102659352018682292 bcsId: 0,size=3145728]} | ret=SUCCESS |  
2019-08-22 07:03:22,028 | INFO  | DNAudit | user=null | ip=null | op=PUT_BLOCK {blockData=[blockId=conID: 2 locID: 102659352018682292 bcsId: 0,size=3145728]} | ret=SUCCESS |  
2019-08-22 07:03:22,029 | INFO  | DNAudit | user=null | ip=null | op=WRITE_CHUNK {blockData=conID: 2 locID: 102659352018682292 bcsId: 1236} | ret=SUCCESS |  
2019-08-22 07:03:22,029 | INFO  | DNAudit | user=null | ip=null | op=PUT_BLOCK {blockData=[blockId=conID: 2 locID: 102659352018682292 bcsId: 0,size=4194304]} | ret=SUCCESS |  
2019-08-22 07:03:22,029 [grpc-default-executor-0] INFO  client.GrpcClientProtocolClient (GrpcClientProtocolClient.java:onNext(255)) - client-CF63D631FA17->3cf1264f-5f6b-4138-aeee-2ff7d4522ead: receive RaftClientReply:client-CF63D631FA17->3cf1264f-5f6b-4138-aeee-2ff7d4522ead@group-561E16522154, cid=930, SUCCESS, logIndex=1239, commits[3cf1264f-5f6b-4138-aeee-2ff7d4522ead:c1239, 4f0d1a15-8f14-4d9a-ad4f-8211e1245b5d:c1236, 6999f20e-c3f7-4db4-87ca-141c476f2a88:c1236]
2019-08-22 07:03:22,030 [grpc-default-executor-0] INFO  client.GrpcClientProtocolClient (GrpcClientProtocolClient.java:onNext(255)) - client-CF63D631FA17->3cf1264f-5f6b-4138-aeee-2ff7d4522ead: receive RaftClientReply:client-CF63D631FA17->3cf1264f-5f6b-4138-aeee-2ff7d4522ead@group-561E16522154, cid=931, SUCCESS, logIndex=1240, commits[3cf1264f-5f6b-4138-aeee-2ff7d4522ead:c1240, 4f0d1a15-8f14-4d9a-ad4f-8211e1245b5d:c1236, 6999f20e-c3f7-4db4-87ca-141c476f2a88:c1236]
2019-08-22 07:03:22,040 | INFO  | DNAudit | user=null | ip=null | op=WRITE_CHUNK {blockData=conID: 2 locID: 102659352018682292 bcsId: 1236} | ret=SUCCESS |  
2019-08-22 07:03:22,040 | INFO  | DNAudit | user=null | ip=null | op=WRITE_CHUNK {blockData=conID: 2 locID: 102659352018682292 bcsId: 1236} | ret=SUCCESS |  
2019-08-22 07:03:22,041 | INFO  | DNAudit | user=null | ip=null | op=PUT_BLOCK {blockData=[blockId=conID: 2 locID: 102659352018682292 bcsId: 0,size=4194304]} | ret=SUCCESS |  
2019-08-22 07:03:22,041 | INFO  | DNAudit | user=null | ip=null | op=PUT_BLOCK {blockData=[blockId=conID: 2 locID: 102659352018682292 bcsId: 0,size=4194304]} | ret=SUCCESS |  
2019-08-22 07:03:22,042 [grpc-default-executor-0] INFO  client.GrpcClientProtocolClient (GrpcClientProtocolClient.java:onNext(255)) - client-CF63D631FA17->3cf1264f-5f6b-4138-aeee-2ff7d4522ead: receive RaftClientReply:client-CF63D631FA17->3cf1264f-5f6b-4138-aeee-2ff7d4522ead@group-561E16522154, cid=932, SUCCESS, logIndex=0, commits[3cf1264f-5f6b-4138-aeee-2ff7d4522ead:c1242, 4f0d1a15-8f14-4d9a-ad4f-8211e1245b5d:c1240, 6999f20e-c3f7-4db4-87ca-141c476f2a88:c1240]
2019-08-22 07:03:22,050 | INFO  | DNAudit | user=null | ip=null | op=WRITE_CHUNK {blockData=conID: 3 locID: 102659352018682293 bcsId: 0} | ret=SUCCESS |  
2019-08-22 07:03:22,053 | INFO  | DNAudit | user=null | ip=null | op=WRITE_CHUNK {blockData=conID: 3 locID: 102659352018682293 bcsId: 0} | ret=SUCCESS |  
2019-08-22 07:03:22,053 | INFO  | DNAudit | user=null | ip=null | op=WRITE_CHUNK {blockData=conID: 3 locID: 102659352018682293 bcsId: 0} | ret=SUCCESS |  
2019-08-22 07:03:22,054 | INFO  | DNAudit | user=null | ip=null | op=WRITE_CHUNK {blockData=conID: 3 locID: 102659352018682293 bcsId: 0} | ret=SUCCESS |  
2019-08-22 07:03:22,056 | INFO  | DNAudit | user=null | ip=null | op=WRITE_CHUNK {blockData=conID: 3 locID: 102659352018682293 bcsId: 0} | ret=SUCCESS |  
2019-08-22 07:03:22,056 | INFO  | DNAudit | user=null | ip=null | op=WRITE_CHUNK {blockData=conID: 3 locID: 102659352018682293 bcsId: 0} | ret=SUCCESS |  
2019-08-22 07:03:22,063 | INFO  | DNAudit | user=null | ip=null | op=WRITE_CHUNK {blockData=conID: 3 locID: 102659352018682293 bcsId: 0} | ret=SUCCESS |  
2019-08-22 07:03:22,064 | INFO  | DNAudit | user=null | ip=null | op=PUT_BLOCK {blockData=[blockId=conID: 3 locID: 102659352018682293 bcsId: 0,size=1048576]} | ret=SUCCESS |  
2019-08-22 07:03:22,064 | INFO  | DNAudit | user=null | ip=null | op=WRITE_CHUNK {blockData=conID: 3 locID: 102659352018682293 bcsId: 0} | ret=SUCCESS |  
2019-08-22 07:03:22,064 [grpc-default-executor-0] INFO  client.GrpcClientProtocolClient (GrpcClientProtocolClient.java:onNext(255)) - client-CF63D631FA17->3cf1264f-5f6b-4138-aeee-2ff7d4522ead: receive RaftClientReply:client-CF63D631FA17->3cf1264f-5f6b-4138-aeee-2ff7d4522ead@group-561E16522154, cid=933, SUCCESS, logIndex=1243, commits[3cf1264f-5f6b-4138-aeee-2ff7d4522ead:c1244, 4f0d1a15-8f14-4d9a-ad4f-8211e1245b5d:c1242, 6999f20e-c3f7-4db4-87ca-141c476f2a88:c1242]
2019-08-22 07:03:22,065 | INFO  | DNAudit | user=null | ip=null | op=PUT_BLOCK {blockData=[blockId=conID: 3 locID: 102659352018682293 bcsId: 0,size=2097152]} | ret=SUCCESS |  
2019-08-22 07:03:22,065 [grpc-default-executor-0] INFO  client.GrpcClientProtocolClient (GrpcClientProtocolClient.java:onNext(255)) - client-CF63D631FA17->3cf1264f-5f6b-4138-aeee-2ff7d4522ead: receive RaftClientReply:client-CF63D631FA17->3cf1264f-5f6b-4138-aeee-2ff7d4522ead@group-561E16522154, cid=934, SUCCESS, logIndex=1244, commits[3cf1264f-5f6b-4138-aeee-2ff7d4522ead:c1246, 4f0d1a15-8f14-4d9a-ad4f-8211e1245b5d:c1242, 6999f20e-c3f7-4db4-87ca-141c476f2a88:c1242]
2019-08-22 07:03:22,065 [grpc-default-executor-0] INFO  client.GrpcClientProtocolClient (GrpcClientProtocolClient.java:onNext(255)) - client-CF63D631FA17->3cf1264f-5f6b-4138-aeee-2ff7d4522ead: receive RaftClientReply:client-CF63D631FA17->3cf1264f-5f6b-4138-aeee-2ff7d4522ead@group-561E16522154, cid=935, SUCCESS, logIndex=1245, commits[3cf1264f-5f6b-4138-aeee-2ff7d4522ead:c1246, 4f0d1a15-8f14-4d9a-ad4f-8211e1245b5d:c1242, 6999f20e-c3f7-4db4-87ca-141c476f2a88:c1242]
2019-08-22 07:03:22,066 [grpc-default-executor-0] INFO  client.GrpcClientProtocolClient (GrpcClientProtocolClient.java:onNext(255)) - client-CF63D631FA17->3cf1264f-5f6b-4138-aeee-2ff7d4522ead: receive RaftClientReply:client-CF63D631FA17->3cf1264f-5f6b-4138-aeee-2ff7d4522ead@group-561E16522154, cid=936, SUCCESS, logIndex=1246, commits[3cf1264f-5f6b-4138-aeee-2ff7d4522ead:c1246, 4f0d1a15-8f14-4d9a-ad4f-8211e1245b5d:c1242, 6999f20e-c3f7-4db4-87ca-141c476f2a88:c1242]
2019-08-22 07:03:22,067 | INFO  | DNAudit | user=null | ip=null | op=WRITE_CHUNK {blockData=conID: 3 locID: 102659352018682293 bcsId: 0} | ret=SUCCESS |  
2019-08-22 07:03:22,067 | INFO  | DNAudit | user=null | ip=null | op=PUT_BLOCK {blockData=[blockId=conID: 3 locID: 102659352018682293 bcsId: 0,size=1048576]} | ret=SUCCESS |  
2019-08-22 07:03:22,068 | INFO  | DNAudit | user=null | ip=null | op=WRITE_CHUNK {blockData=conID: 3 locID: 102659352018682293 bcsId: 0} | ret=SUCCESS |  
2019-08-22 07:03:22,068 | INFO  | DNAudit | user=null | ip=null | op=PUT_BLOCK {blockData=[blockId=conID: 3 locID: 102659352018682293 bcsId: 0,size=1048576]} | ret=SUCCESS |  
2019-08-22 07:03:22,068 | INFO  | DNAudit | user=null | ip=null | op=WRITE_CHUNK {blockData=conID: 3 locID: 102659352018682293 bcsId: 0} | ret=SUCCESS |  
2019-08-22 07:03:22,068 | INFO  | DNAudit | user=null | ip=null | op=PUT_BLOCK {blockData=[blockId=conID: 3 locID: 102659352018682293 bcsId: 0,size=2097152]} | ret=SUCCESS |  
2019-08-22 07:03:22,068 | INFO  | DNAudit | user=null | ip=null | op=WRITE_CHUNK {blockData=conID: 3 locID: 102659352018682293 bcsId: 0} | ret=SUCCESS |  
2019-08-22 07:03:22,068 [grpc-default-executor-1] INFO  client.GrpcClientProtocolClient (GrpcClientProtocolClient.java:onNext(255)) - client-CF63D631FA17->3cf1264f-5f6b-4138-aeee-2ff7d4522ead: receive RaftClientReply:client-CF63D631FA17->3cf1264f-5f6b-4138-aeee-2ff7d4522ead@group-561E16522154, cid=937, SUCCESS, logIndex=0, commits[3cf1264f-5f6b-4138-aeee-2ff7d4522ead:c1248, 4f0d1a15-8f14-4d9a-ad4f-8211e1245b5d:c1244, 6999f20e-c3f7-4db4-87ca-141c476f2a88:c1244]
2019-08-22 07:03:22,069 | INFO  | DNAudit | user=null | ip=null | op=PUT_BLOCK {blockData=[blockId=conID: 3 locID: 102659352018682293 bcsId: 0,size=2097152]} | ret=SUCCESS |  
2019-08-22 07:03:22,076 | INFO  | DNAudit | user=null | ip=null | op=WRITE_CHUNK {blockData=conID: 3 locID: 102659352018682293 bcsId: 1246} | ret=SUCCESS |  
2019-08-22 07:03:22,078 | INFO  | DNAudit | user=null | ip=null | op=WRITE_CHUNK {blockData=conID: 3 locID: 102659352018682293 bcsId: 1246} | ret=SUCCESS |  
2019-08-22 07:03:22,079 | INFO  | DNAudit | user=null | ip=null | op=WRITE_CHUNK {blockData=conID: 3 locID: 102659352018682293 bcsId: 1246} | ret=SUCCESS |  
2019-08-22 07:03:22,081 | INFO  | DNAudit | user=null | ip=null | op=WRITE_CHUNK {blockData=conID: 3 locID: 102659352018682293 bcsId: 1246} | ret=SUCCESS |  
2019-08-22 07:03:22,081 | INFO  | DNAudit | user=null | ip=null | op=PUT_BLOCK {blockData=[blockId=conID: 3 locID: 102659352018682293 bcsId: 0,size=3145728]} | ret=SUCCESS |  
2019-08-22 07:03:22,082 [grpc-default-executor-3] INFO  client.GrpcClientProtocolClient (GrpcClientProtocolClient.java:onNext(255)) - client-CF63D631FA17->3cf1264f-5f6b-4138-aeee-2ff7d4522ead: receive RaftClientReply:client-CF63D631FA17->3cf1264f-5f6b-4138-aeee-2ff7d4522ead@group-561E16522154, cid=938, SUCCESS, logIndex=1251, commits[3cf1264f-5f6b-4138-aeee-2ff7d4522ead:c1252, 4f0d1a15-8f14-4d9a-ad4f-8211e1245b5d:c1250, 6999f20e-c3f7-4db4-87ca-141c476f2a88:c1246]
2019-08-22 07:03:22,082 [grpc-default-executor-3] INFO  client.GrpcClientProtocolClient (GrpcClientProtocolClient.java:onNext(255)) - client-CF63D631FA17->3cf1264f-5f6b-4138-aeee-2ff7d4522ead: receive RaftClientReply:client-CF63D631FA17->3cf1264f-5f6b-4138-aeee-2ff7d4522ead@group-561E16522154, cid=939, SUCCESS, logIndex=1252, commits[3cf1264f-5f6b-4138-aeee-2ff7d4522ead:c1252, 4f0d1a15-8f14-4d9a-ad4f-8211e1245b5d:c1250, 6999f20e-c3f7-4db4-87ca-141c476f2a88:c1250]
2019-08-22 07:03:22,084 | INFO  | DNAudit | user=null | ip=null | op=WRITE_CHUNK {blockData=conID: 3 locID: 102659352018682293 bcsId: 1246} | ret=SUCCESS |  
2019-08-22 07:03:22,084 | INFO  | DNAudit | user=null | ip=null | op=WRITE_CHUNK {blockData=conID: 3 locID: 102659352018682293 bcsId: 1246} | ret=SUCCESS |  
2019-08-22 07:03:22,084 | INFO  | DNAudit | user=null | ip=null | op=PUT_BLOCK {blockData=[blockId=conID: 3 locID: 102659352018682293 bcsId: 0,size=3145728]} | ret=SUCCESS |  
2019-08-22 07:03:22,084 | INFO  | DNAudit | user=null | ip=null | op=PUT_BLOCK {blockData=[blockId=conID: 3 locID: 102659352018682293 bcsId: 0,size=3145728]} | ret=SUCCESS |  
2019-08-22 07:03:22,090 | INFO  | DNAudit | user=null | ip=null | op=WRITE_CHUNK {blockData=conID: 3 locID: 102659352018682293 bcsId: 1252} | ret=SUCCESS |  
2019-08-22 07:03:22,092 | INFO  | DNAudit | user=null | ip=null | op=WRITE_CHUNK {blockData=conID: 3 locID: 102659352018682293 bcsId: 1252} | ret=SUCCESS |  
2019-08-22 07:03:22,092 | INFO  | DNAudit | user=null | ip=null | op=WRITE_CHUNK {blockData=conID: 3 locID: 102659352018682293 bcsId: 1252} | ret=SUCCESS |  
2019-08-22 07:03:22,097 | INFO  | DNAudit | user=null | ip=null | op=WRITE_CHUNK {blockData=conID: 3 locID: 102659352018682293 bcsId: 1252} | ret=SUCCESS |  
2019-08-22 07:03:22,097 | INFO  | DNAudit | user=null | ip=null | op=PUT_BLOCK {blockData=[blockId=conID: 3 locID: 102659352018682293 bcsId: 0,size=4194304]} | ret=SUCCESS |  
2019-08-22 07:03:22,097 [grpc-default-executor-0] INFO  client.GrpcClientProtocolClient (GrpcClientProtocolClient.java:onNext(255)) - client-CF63D631FA17->3cf1264f-5f6b-4138-aeee-2ff7d4522ead: receive RaftClientReply:client-CF63D631FA17->3cf1264f-5f6b-4138-aeee-2ff7d4522ead@group-561E16522154, cid=940, SUCCESS, logIndex=1255, commits[3cf1264f-5f6b-4138-aeee-2ff7d4522ead:c1256, 4f0d1a15-8f14-4d9a-ad4f-8211e1245b5d:c1254, 6999f20e-c3f7-4db4-87ca-141c476f2a88:c1254]
2019-08-22 07:03:22,098 [grpc-default-executor-0] INFO  client.GrpcClientProtocolClient (GrpcClientProtocolClient.java:onNext(255)) - client-CF63D631FA17->3cf1264f-5f6b-4138-aeee-2ff7d4522ead: receive RaftClientReply:client-CF63D631FA17->3cf1264f-5f6b-4138-aeee-2ff7d4522ead@group-561E16522154, cid=941, SUCCESS, logIndex=1256, commits[3cf1264f-5f6b-4138-aeee-2ff7d4522ead:c1256, 4f0d1a15-8f14-4d9a-ad4f-8211e1245b5d:c1254, 6999f20e-c3f7-4db4-87ca-141c476f2a88:c1254]
2019-08-22 07:03:22,099 | INFO  | DNAudit | user=null | ip=null | op=WRITE_CHUNK {blockData=conID: 3 locID: 102659352018682293 bcsId: 1252} | ret=SUCCESS |  
2019-08-22 07:03:22,099 | INFO  | DNAudit | user=null | ip=null | op=WRITE_CHUNK {blockData=conID: 3 locID: 102659352018682293 bcsId: 1252} | ret=SUCCESS |  
2019-08-22 07:03:22,101 | INFO  | DNAudit | user=null | ip=null | op=PUT_BLOCK {blockData=[blockId=conID: 3 locID: 102659352018682293 bcsId: 0,size=4194304]} | ret=SUCCESS |  
2019-08-22 07:03:22,101 | INFO  | DNAudit | user=null | ip=null | op=PUT_BLOCK {blockData=[blockId=conID: 3 locID: 102659352018682293 bcsId: 0,size=4194304]} | ret=SUCCESS |  
2019-08-22 07:03:22,102 [grpc-default-executor-0] INFO  client.GrpcClientProtocolClient (GrpcClientProtocolClient.java:onNext(255)) - client-CF63D631FA17->3cf1264f-5f6b-4138-aeee-2ff7d4522ead: receive RaftClientReply:client-CF63D631FA17->3cf1264f-5f6b-4138-aeee-2ff7d4522ead@group-561E16522154, cid=942, SUCCESS, logIndex=0, commits[3cf1264f-5f6b-4138-aeee-2ff7d4522ead:c1258, 4f0d1a15-8f14-4d9a-ad4f-8211e1245b5d:c1256, 6999f20e-c3f7-4db4-87ca-141c476f2a88:c1256]
2019-08-22 07:03:22,108 | INFO  | DNAudit | user=null | ip=null | op=WRITE_CHUNK {blockData=conID: 1 locID: 102659352018682294 bcsId: 0} | ret=SUCCESS |  
2019-08-22 07:03:22,111 | INFO  | DNAudit | user=null | ip=null | op=WRITE_CHUNK {blockData=conID: 1 locID: 102659352018682294 bcsId: 0} | ret=SUCCESS |  
2019-08-22 07:03:22,111 | INFO  | DNAudit | user=null | ip=null | op=WRITE_CHUNK {blockData=conID: 1 locID: 102659352018682294 bcsId: 0} | ret=SUCCESS |  
2019-08-22 07:03:22,111 | INFO  | DNAudit | user=null | ip=null | op=WRITE_CHUNK {blockData=conID: 1 locID: 102659352018682294 bcsId: 0} | ret=SUCCESS |  
2019-08-22 07:03:22,113 | INFO  | DNAudit | user=null | ip=null | op=WRITE_CHUNK {blockData=conID: 1 locID: 102659352018682294 bcsId: 0} | ret=SUCCESS |  
2019-08-22 07:03:22,113 | INFO  | DNAudit | user=null | ip=null | op=WRITE_CHUNK {blockData=conID: 1 locID: 102659352018682294 bcsId: 0} | ret=SUCCESS |  
2019-08-22 07:03:22,115 | INFO  | DNAudit | user=null | ip=null | op=WRITE_CHUNK {blockData=conID: 1 locID: 102659352018682294 bcsId: 0} | ret=SUCCESS |  
2019-08-22 07:03:22,116 | INFO  | DNAudit | user=null | ip=null | op=PUT_BLOCK {blockData=[blockId=conID: 1 locID: 102659352018682294 bcsId: 0,size=1048576]} | ret=SUCCESS |  
2019-08-22 07:03:22,116 [grpc-default-executor-0] INFO  client.GrpcClientProtocolClient (GrpcClientProtocolClient.java:onNext(255)) - client-CF63D631FA17->3cf1264f-5f6b-4138-aeee-2ff7d4522ead: receive RaftClientReply:client-CF63D631FA17->3cf1264f-5f6b-4138-aeee-2ff7d4522ead@group-561E16522154, cid=943, SUCCESS, logIndex=1259, commits[3cf1264f-5f6b-4138-aeee-2ff7d4522ead:c1262, 4f0d1a15-8f14-4d9a-ad4f-8211e1245b5d:c1258, 6999f20e-c3f7-4db4-87ca-141c476f2a88:c1258]
2019-08-22 07:03:22,116 | INFO  | DNAudit | user=null | ip=null | op=WRITE_CHUNK {blockData=conID: 1 locID: 102659352018682294 bcsId: 0} | ret=SUCCESS |  
2019-08-22 07:03:22,116 | INFO  | DNAudit | user=null | ip=null | op=WRITE_CHUNK {blockData=conID: 1 locID: 102659352018682294 bcsId: 0} | ret=SUCCESS |  
2019-08-22 07:03:22,116 | INFO  | DNAudit | user=null | ip=null | op=PUT_BLOCK {blockData=[blockId=conID: 1 locID: 102659352018682294 bcsId: 0,size=2097152]} | ret=SUCCESS |  
2019-08-22 07:03:22,116 [grpc-default-executor-0] INFO  client.GrpcClientProtocolClient (GrpcClientProtocolClient.java:onNext(255)) - client-CF63D631FA17->3cf1264f-5f6b-4138-aeee-2ff7d4522ead: receive RaftClientReply:client-CF63D631FA17->3cf1264f-5f6b-4138-aeee-2ff7d4522ead@group-561E16522154, cid=944, SUCCESS, logIndex=1260, commits[3cf1264f-5f6b-4138-aeee-2ff7d4522ead:c1262, 4f0d1a15-8f14-4d9a-ad4f-8211e1245b5d:c1258, 6999f20e-c3f7-4db4-87ca-141c476f2a88:c1258]
2019-08-22 07:03:22,117 | INFO  | DNAudit | user=null | ip=null | op=PUT_BLOCK {blockData=[blockId=conID: 1 locID: 102659352018682294 bcsId: 0,size=1048576]} | ret=SUCCESS |  
2019-08-22 07:03:22,117 [grpc-default-executor-0] INFO  client.GrpcClientProtocolClient (GrpcClientProtocolClient.java:onNext(255)) - client-CF63D631FA17->3cf1264f-5f6b-4138-aeee-2ff7d4522ead: receive RaftClientReply:client-CF63D631FA17->3cf1264f-5f6b-4138-aeee-2ff7d4522ead@group-561E16522154, cid=945, SUCCESS, logIndex=1261, commits[3cf1264f-5f6b-4138-aeee-2ff7d4522ead:c1262, 4f0d1a15-8f14-4d9a-ad4f-8211e1245b5d:c1258, 6999f20e-c3f7-4db4-87ca-141c476f2a88:c1258]
2019-08-22 07:03:22,117 [grpc-default-executor-0] INFO  client.GrpcClientProtocolClient (GrpcClientProtocolClient.java:onNext(255)) - client-CF63D631FA17->3cf1264f-5f6b-4138-aeee-2ff7d4522ead: receive RaftClientReply:client-CF63D631FA17->3cf1264f-5f6b-4138-aeee-2ff7d4522ead@group-561E16522154, cid=946, SUCCESS, logIndex=1262, commits[3cf1264f-5f6b-4138-aeee-2ff7d4522ead:c1263, 4f0d1a15-8f14-4d9a-ad4f-8211e1245b5d:c1258, 6999f20e-c3f7-4db4-87ca-141c476f2a88:c1260]
2019-08-22 07:03:22,119 | INFO  | DNAudit | user=null | ip=null | op=WRITE_CHUNK {blockData=conID: 1 locID: 102659352018682294 bcsId: 0} | ret=SUCCESS |  
2019-08-22 07:03:22,119 | INFO  | DNAudit | user=null | ip=null | op=PUT_BLOCK {blockData=[blockId=conID: 1 locID: 102659352018682294 bcsId: 0,size=1048576]} | ret=SUCCESS |  
2019-08-22 07:03:22,119 [grpc-default-executor-0] INFO  client.GrpcClientProtocolClient (GrpcClientProtocolClient.java:onNext(255)) - client-CF63D631FA17->3cf1264f-5f6b-4138-aeee-2ff7d4522ead: receive RaftClientReply:client-CF63D631FA17->3cf1264f-5f6b-4138-aeee-2ff7d4522ead@group-561E16522154, cid=947, SUCCESS, logIndex=0, commits[3cf1264f-5f6b-4138-aeee-2ff7d4522ead:c1263, 4f0d1a15-8f14-4d9a-ad4f-8211e1245b5d:c1260, 6999f20e-c3f7-4db4-87ca-141c476f2a88:c1260]
2019-08-22 07:03:22,120 | INFO  | DNAudit | user=null | ip=null | op=WRITE_CHUNK {blockData=conID: 1 locID: 102659352018682294 bcsId: 0} | ret=SUCCESS |  
2019-08-22 07:03:22,120 | INFO  | DNAudit | user=null | ip=null | op=PUT_BLOCK {blockData=[blockId=conID: 1 locID: 102659352018682294 bcsId: 0,size=2097152]} | ret=SUCCESS |  
2019-08-22 07:03:22,121 | INFO  | DNAudit | user=null | ip=null | op=WRITE_CHUNK {blockData=conID: 1 locID: 102659352018682294 bcsId: 0} | ret=SUCCESS |  
2019-08-22 07:03:22,121 | INFO  | DNAudit | user=null | ip=null | op=PUT_BLOCK {blockData=[blockId=conID: 1 locID: 102659352018682294 bcsId: 0,size=2097152]} | ret=SUCCESS |  
2019-08-22 07:03:22,125 | INFO  | DNAudit | user=null | ip=null | op=WRITE_CHUNK {blockData=conID: 1 locID: 102659352018682294 bcsId: 1262} | ret=SUCCESS |  
2019-08-22 07:03:22,127 | INFO  | DNAudit | user=null | ip=null | op=WRITE_CHUNK {blockData=conID: 1 locID: 102659352018682294 bcsId: 1262} | ret=SUCCESS |  
2019-08-22 07:03:22,128 | INFO  | DNAudit | user=null | ip=null | op=WRITE_CHUNK {blockData=conID: 1 locID: 102659352018682294 bcsId: 1262} | ret=SUCCESS |  
2019-08-22 07:03:22,130 | INFO  | DNAudit | user=null | ip=null | op=WRITE_CHUNK {blockData=conID: 1 locID: 102659352018682294 bcsId: 1262} | ret=SUCCESS |  
2019-08-22 07:03:22,130 | INFO  | DNAudit | user=null | ip=null | op=PUT_BLOCK {blockData=[blockId=conID: 1 locID: 102659352018682294 bcsId: 0,size=3145728]} | ret=SUCCESS |  
2019-08-22 07:03:22,130 [grpc-default-executor-0] INFO  client.GrpcClientProtocolClient (GrpcClientProtocolClient.java:onNext(255)) - client-CF63D631FA17->3cf1264f-5f6b-4138-aeee-2ff7d4522ead: receive RaftClientReply:client-CF63D631FA17->3cf1264f-5f6b-4138-aeee-2ff7d4522ead@group-561E16522154, cid=948, SUCCESS, logIndex=1267, commits[3cf1264f-5f6b-4138-aeee-2ff7d4522ead:c1268, 4f0d1a15-8f14-4d9a-ad4f-8211e1245b5d:c1266, 6999f20e-c3f7-4db4-87ca-141c476f2a88:c1266]
2019-08-22 07:03:22,131 [grpc-default-executor-0] INFO  client.GrpcClientProtocolClient (GrpcClientProtocolClient.java:onNext(255)) - client-CF63D631FA17->3cf1264f-5f6b-4138-aeee-2ff7d4522ead: receive RaftClientReply:client-CF63D631FA17->3cf1264f-5f6b-4138-aeee-2ff7d4522ead@group-561E16522154, cid=949, SUCCESS, logIndex=1268, commits[3cf1264f-5f6b-4138-aeee-2ff7d4522ead:c1268, 4f0d1a15-8f14-4d9a-ad4f-8211e1245b5d:c1266, 6999f20e-c3f7-4db4-87ca-141c476f2a88:c1266]
2019-08-22 07:03:22,131 | INFO  | DNAudit | user=null | ip=null | op=WRITE_CHUNK {blockData=conID: 1 locID: 102659352018682294 bcsId: 1262} | ret=SUCCESS |  
2019-08-22 07:03:22,132 | INFO  | DNAudit | user=null | ip=null | op=PUT_BLOCK {blockData=[blockId=conID: 1 locID: 102659352018682294 bcsId: 0,size=3145728]} | ret=SUCCESS |  
2019-08-22 07:03:22,134 | INFO  | DNAudit | user=null | ip=null | op=WRITE_CHUNK {blockData=conID: 1 locID: 102659352018682294 bcsId: 1262} | ret=SUCCESS |  
2019-08-22 07:03:22,135 | INFO  | DNAudit | user=null | ip=null | op=PUT_BLOCK {blockData=[blockId=conID: 1 locID: 102659352018682294 bcsId: 0,size=3145728]} | ret=SUCCESS |  
2019-08-22 07:03:22,137 | INFO  | DNAudit | user=null | ip=null | op=WRITE_CHUNK {blockData=conID: 1 locID: 102659352018682294 bcsId: 1268} | ret=SUCCESS |  
2019-08-22 07:03:22,139 | INFO  | DNAudit | user=null | ip=null | op=WRITE_CHUNK {blockData=conID: 1 locID: 102659352018682294 bcsId: 1268} | ret=SUCCESS |  
2019-08-22 07:03:22,140 | INFO  | DNAudit | user=null | ip=null | op=WRITE_CHUNK {blockData=conID: 1 locID: 102659352018682294 bcsId: 1268} | ret=SUCCESS |  
2019-08-22 07:03:22,142 | INFO  | DNAudit | user=null | ip=null | op=WRITE_CHUNK {blockData=conID: 1 locID: 102659352018682294 bcsId: 1268} | ret=SUCCESS |  
2019-08-22 07:03:22,142 | INFO  | DNAudit | user=null | ip=null | op=PUT_BLOCK {blockData=[blockId=conID: 1 locID: 102659352018682294 bcsId: 0,size=4194304]} | ret=SUCCESS |  
2019-08-22 07:03:22,143 [grpc-default-executor-0] INFO  client.GrpcClientProtocolClient (GrpcClientProtocolClient.java:onNext(255)) - client-CF63D631FA17->3cf1264f-5f6b-4138-aeee-2ff7d4522ead: receive RaftClientReply:client-CF63D631FA17->3cf1264f-5f6b-4138-aeee-2ff7d4522ead@group-561E16522154, cid=950, SUCCESS, logIndex=1271, commits[3cf1264f-5f6b-4138-aeee-2ff7d4522ead:c1272, 4f0d1a15-8f14-4d9a-ad4f-8211e1245b5d:c1269, 6999f20e-c3f7-4db4-87ca-141c476f2a88:c1269]
2019-08-22 07:03:22,143 [grpc-default-executor-0] INFO  client.GrpcClientProtocolClient (GrpcClientProtocolClient.java:onNext(255)) - client-CF63D631FA17->3cf1264f-5f6b-4138-aeee-2ff7d4522ead: receive RaftClientReply:client-CF63D631FA17->3cf1264f-5f6b-4138-aeee-2ff7d4522ead@group-561E16522154, cid=951, SUCCESS, logIndex=1272, commits[3cf1264f-5f6b-4138-aeee-2ff7d4522ead:c1272, 4f0d1a15-8f14-4d9a-ad4f-8211e1245b5d:c1269, 6999f20e-c3f7-4db4-87ca-141c476f2a88:c1269]
2019-08-22 07:03:22,145 | INFO  | DNAudit | user=null | ip=null | op=WRITE_CHUNK {blockData=conID: 1 locID: 102659352018682294 bcsId: 1268} | ret=SUCCESS |  
2019-08-22 07:03:22,145 | INFO  | DNAudit | user=null | ip=null | op=WRITE_CHUNK {blockData=conID: 1 locID: 102659352018682294 bcsId: 1268} | ret=SUCCESS |  
2019-08-22 07:03:22,146 | INFO  | DNAudit | user=null | ip=null | op=PUT_BLOCK {blockData=[blockId=conID: 1 locID: 102659352018682294 bcsId: 0,size=4194304]} | ret=SUCCESS |  
2019-08-22 07:03:22,146 | INFO  | DNAudit | user=null | ip=null | op=PUT_BLOCK {blockData=[blockId=conID: 1 locID: 102659352018682294 bcsId: 0,size=4194304]} | ret=SUCCESS |  
2019-08-22 07:03:22,146 [grpc-default-executor-0] INFO  client.GrpcClientProtocolClient (GrpcClientProtocolClient.java:onNext(255)) - client-CF63D631FA17->3cf1264f-5f6b-4138-aeee-2ff7d4522ead: receive RaftClientReply:client-CF63D631FA17->3cf1264f-5f6b-4138-aeee-2ff7d4522ead@group-561E16522154, cid=952, SUCCESS, logIndex=0, commits[3cf1264f-5f6b-4138-aeee-2ff7d4522ead:c1273, 4f0d1a15-8f14-4d9a-ad4f-8211e1245b5d:c1272, 6999f20e-c3f7-4db4-87ca-141c476f2a88:c1272]
2019-08-22 07:03:22,152 | INFO  | DNAudit | user=null | ip=null | op=WRITE_CHUNK {blockData=conID: 2 locID: 102659352018747831 bcsId: 0} | ret=SUCCESS |  
2019-08-22 07:03:22,154 | INFO  | DNAudit | user=null | ip=null | op=WRITE_CHUNK {blockData=conID: 2 locID: 102659352018747831 bcsId: 0} | ret=SUCCESS |  
2019-08-22 07:03:22,154 | INFO  | DNAudit | user=null | ip=null | op=WRITE_CHUNK {blockData=conID: 2 locID: 102659352018747831 bcsId: 0} | ret=SUCCESS |  
2019-08-22 07:03:22,155 | INFO  | DNAudit | user=null | ip=null | op=WRITE_CHUNK {blockData=conID: 2 locID: 102659352018747831 bcsId: 0} | ret=SUCCESS |  
2019-08-22 07:03:22,157 | INFO  | DNAudit | user=null | ip=null | op=WRITE_CHUNK {blockData=conID: 2 locID: 102659352018747831 bcsId: 0} | ret=SUCCESS |  
2019-08-22 07:03:22,157 | INFO  | DNAudit | user=null | ip=null | op=WRITE_CHUNK {blockData=conID: 2 locID: 102659352018747831 bcsId: 0} | ret=SUCCESS |  
2019-08-22 07:03:22,163 | INFO  | DNAudit | user=null | ip=null | op=WRITE_CHUNK {blockData=conID: 2 locID: 102659352018747831 bcsId: 0} | ret=SUCCESS |  
2019-08-22 07:03:22,163 | INFO  | DNAudit | user=null | ip=null | op=PUT_BLOCK {blockData=[blockId=conID: 2 locID: 102659352018747831 bcsId: 0,size=1048576]} | ret=SUCCESS |  
2019-08-22 07:03:22,163 [grpc-default-executor-0] INFO  client.GrpcClientProtocolClient (GrpcClientProtocolClient.java:onNext(255)) - client-CF63D631FA17->3cf1264f-5f6b-4138-aeee-2ff7d4522ead: receive RaftClientReply:client-CF63D631FA17->3cf1264f-5f6b-4138-aeee-2ff7d4522ead@group-561E16522154, cid=953, SUCCESS, logIndex=1275, commits[3cf1264f-5f6b-4138-aeee-2ff7d4522ead:c1276, 4f0d1a15-8f14-4d9a-ad4f-8211e1245b5d:c1274, 6999f20e-c3f7-4db4-87ca-141c476f2a88:c1274]
2019-08-22 07:03:22,164 [grpc-default-executor-0] INFO  client.GrpcClientProtocolClient (GrpcClientProtocolClient.java:onNext(255)) - client-CF63D631FA17->3cf1264f-5f6b-4138-aeee-2ff7d4522ead: receive RaftClientReply:client-CF63D631FA17->3cf1264f-5f6b-4138-aeee-2ff7d4522ead@group-561E16522154, cid=954, SUCCESS, logIndex=1276, commits[3cf1264f-5f6b-4138-aeee-2ff7d4522ead:c1276, 4f0d1a15-8f14-4d9a-ad4f-8211e1245b5d:c1274, 6999f20e-c3f7-4db4-87ca-141c476f2a88:c1274]
2019-08-22 07:03:22,165 | INFO  | DNAudit | user=null | ip=null | op=WRITE_CHUNK {blockData=conID: 2 locID: 102659352018747831 bcsId: 0} | ret=SUCCESS |  
2019-08-22 07:03:22,165 | INFO  | DNAudit | user=null | ip=null | op=PUT_BLOCK {blockData=[blockId=conID: 2 locID: 102659352018747831 bcsId: 0,size=2097152]} | ret=SUCCESS |  
2019-08-22 07:03:22,165 [grpc-default-executor-1] INFO  client.GrpcClientProtocolClient (GrpcClientProtocolClient.java:onNext(255)) - client-CF63D631FA17->3cf1264f-5f6b-4138-aeee-2ff7d4522ead: receive RaftClientReply:client-CF63D631FA17->3cf1264f-5f6b-4138-aeee-2ff7d4522ead@group-561E16522154, cid=955, SUCCESS, logIndex=1277, commits[3cf1264f-5f6b-4138-aeee-2ff7d4522ead:c1278, 4f0d1a15-8f14-4d9a-ad4f-8211e1245b5d:c1274, 6999f20e-c3f7-4db4-87ca-141c476f2a88:c1274]
2019-08-22 07:03:22,165 [grpc-default-executor-1] INFO  client.GrpcClientProtocolClient (GrpcClientProtocolClient.java:onNext(255)) - client-CF63D631FA17->3cf1264f-5f6b-4138-aeee-2ff7d4522ead: receive RaftClientReply:client-CF63D631FA17->3cf1264f-5f6b-4138-aeee-2ff7d4522ead@group-561E16522154, cid=956, SUCCESS, logIndex=1278, commits[3cf1264f-5f6b-4138-aeee-2ff7d4522ead:c1278, 4f0d1a15-8f14-4d9a-ad4f-8211e1245b5d:c1274, 6999f20e-c3f7-4db4-87ca-141c476f2a88:c1274]
2019-08-22 07:03:22,166 | INFO  | DNAudit | user=null | ip=null | op=WRITE_CHUNK {blockData=conID: 2 locID: 102659352018747831 bcsId: 0} | ret=SUCCESS |  
2019-08-22 07:03:22,166 | INFO  | DNAudit | user=null | ip=null | op=PUT_BLOCK {blockData=[blockId=conID: 2 locID: 102659352018747831 bcsId: 0,size=1048576]} | ret=SUCCESS |  
2019-08-22 07:03:22,168 | INFO  | DNAudit | user=null | ip=null | op=WRITE_CHUNK {blockData=conID: 2 locID: 102659352018747831 bcsId: 0} | ret=SUCCESS |  
2019-08-22 07:03:22,168 | INFO  | DNAudit | user=null | ip=null | op=PUT_BLOCK {blockData=[blockId=conID: 2 locID: 102659352018747831 bcsId: 0,size=1048576]} | ret=SUCCESS |  
2019-08-22 07:03:22,169 [grpc-default-executor-1] INFO  client.GrpcClientProtocolClient (GrpcClientProtocolClient.java:onNext(255)) - client-CF63D631FA17->3cf1264f-5f6b-4138-aeee-2ff7d4522ead: receive RaftClientReply:client-CF63D631FA17->3cf1264f-5f6b-4138-aeee-2ff7d4522ead@group-561E16522154, cid=957, SUCCESS, logIndex=0, commits[3cf1264f-5f6b-4138-aeee-2ff7d4522ead:c1280, 4f0d1a15-8f14-4d9a-ad4f-8211e1245b5d:c1276, 6999f20e-c3f7-4db4-87ca-141c476f2a88:c1276]
2019-08-22 07:03:22,169 | INFO  | DNAudit | user=null | ip=null | op=WRITE_CHUNK {blockData=conID: 2 locID: 102659352018747831 bcsId: 0} | ret=SUCCESS |  
2019-08-22 07:03:22,170 | INFO  | DNAudit | user=null | ip=null | op=PUT_BLOCK {blockData=[blockId=conID: 2 locID: 102659352018747831 bcsId: 0,size=2097152]} | ret=SUCCESS |  
2019-08-22 07:03:22,170 | INFO  | DNAudit | user=null | ip=null | op=WRITE_CHUNK {blockData=conID: 2 locID: 102659352018747831 bcsId: 0} | ret=SUCCESS |  
2019-08-22 07:03:22,170 | INFO  | DNAudit | user=null | ip=null | op=PUT_BLOCK {blockData=[blockId=conID: 2 locID: 102659352018747831 bcsId: 0,size=2097152]} | ret=SUCCESS |  
2019-08-22 07:03:22,176 | INFO  | DNAudit | user=null | ip=null | op=WRITE_CHUNK {blockData=conID: 2 locID: 102659352018747831 bcsId: 1278} | ret=SUCCESS |  
2019-08-22 07:03:22,178 | INFO  | DNAudit | user=null | ip=null | op=WRITE_CHUNK {blockData=conID: 2 locID: 102659352018747831 bcsId: 1278} | ret=SUCCESS |  
2019-08-22 07:03:22,178 | INFO  | DNAudit | user=null | ip=null | op=WRITE_CHUNK {blockData=conID: 2 locID: 102659352018747831 bcsId: 1278} | ret=SUCCESS |  
2019-08-22 07:03:22,194 | INFO  | DNAudit | user=null | ip=null | op=WRITE_CHUNK {blockData=conID: 2 locID: 102659352018747831 bcsId: 1278} | ret=SUCCESS |  
2019-08-22 07:03:22,195 | INFO  | DNAudit | user=null | ip=null | op=PUT_BLOCK {blockData=[blockId=conID: 2 locID: 102659352018747831 bcsId: 0,size=3145728]} | ret=SUCCESS |  
2019-08-22 07:03:22,195 [grpc-default-executor-1] INFO  client.GrpcClientProtocolClient (GrpcClientProtocolClient.java:onNext(255)) - client-CF63D631FA17->3cf1264f-5f6b-4138-aeee-2ff7d4522ead: receive RaftClientReply:client-CF63D631FA17->3cf1264f-5f6b-4138-aeee-2ff7d4522ead@group-561E16522154, cid=958, SUCCESS, logIndex=1283, commits[3cf1264f-5f6b-4138-aeee-2ff7d4522ead:c1284, 4f0d1a15-8f14-4d9a-ad4f-8211e1245b5d:c1282, 6999f20e-c3f7-4db4-87ca-141c476f2a88:c1282]
2019-08-22 07:03:22,195 [grpc-default-executor-1] INFO  client.GrpcClientProtocolClient (GrpcClientProtocolClient.java:onNext(255)) - client-CF63D631FA17->3cf1264f-5f6b-4138-aeee-2ff7d4522ead: receive RaftClientReply:client-CF63D631FA17->3cf1264f-5f6b-4138-aeee-2ff7d4522ead@group-561E16522154, cid=959, SUCCESS, logIndex=1284, commits[3cf1264f-5f6b-4138-aeee-2ff7d4522ead:c1284, 4f0d1a15-8f14-4d9a-ad4f-8211e1245b5d:c1282, 6999f20e-c3f7-4db4-87ca-141c476f2a88:c1282]
2019-08-22 07:03:22,202 | INFO  | DNAudit | user=null | ip=null | op=WRITE_CHUNK {blockData=conID: 2 locID: 102659352018747831 bcsId: 1284} | ret=SUCCESS |  
2019-08-22 07:03:22,204 | INFO  | DNAudit | user=null | ip=null | op=WRITE_CHUNK {blockData=conID: 2 locID: 102659352018747831 bcsId: 1284} | ret=SUCCESS |  
2019-08-22 07:03:22,206 | INFO  | DNAudit | user=null | ip=null | op=WRITE_CHUNK {blockData=conID: 2 locID: 102659352018747831 bcsId: 1278} | ret=SUCCESS |  
2019-08-22 07:03:22,206 | INFO  | DNAudit | user=null | ip=null | op=WRITE_CHUNK {blockData=conID: 2 locID: 102659352018747831 bcsId: 1278} | ret=SUCCESS |  
2019-08-22 07:03:22,206 | INFO  | DNAudit | user=null | ip=null | op=PUT_BLOCK {blockData=[blockId=conID: 2 locID: 102659352018747831 bcsId: 0,size=3145728]} | ret=SUCCESS |  
2019-08-22 07:03:22,206 | INFO  | DNAudit | user=null | ip=null | op=PUT_BLOCK {blockData=[blockId=conID: 2 locID: 102659352018747831 bcsId: 0,size=3145728]} | ret=SUCCESS |  
2019-08-22 07:03:22,206 | INFO  | DNAudit | user=null | ip=null | op=WRITE_CHUNK {blockData=conID: 2 locID: 102659352018747831 bcsId: 1284} | ret=SUCCESS |  
2019-08-22 07:03:22,208 | INFO  | DNAudit | user=null | ip=null | op=WRITE_CHUNK {blockData=conID: 2 locID: 102659352018747831 bcsId: 1284} | ret=SUCCESS |  
2019-08-22 07:03:22,208 | INFO  | DNAudit | user=null | ip=null | op=PUT_BLOCK {blockData=[blockId=conID: 2 locID: 102659352018747831 bcsId: 0,size=4194304]} | ret=SUCCESS |  
2019-08-22 07:03:22,208 [grpc-default-executor-0] INFO  client.GrpcClientProtocolClient (GrpcClientProtocolClient.java:onNext(255)) - client-CF63D631FA17->3cf1264f-5f6b-4138-aeee-2ff7d4522ead: receive RaftClientReply:client-CF63D631FA17->3cf1264f-5f6b-4138-aeee-2ff7d4522ead@group-561E16522154, cid=960, SUCCESS, logIndex=1287, commits[3cf1264f-5f6b-4138-aeee-2ff7d4522ead:c1288, 4f0d1a15-8f14-4d9a-ad4f-8211e1245b5d:c1284, 6999f20e-c3f7-4db4-87ca-141c476f2a88:c1284]
2019-08-22 07:03:22,209 [grpc-default-executor-0] INFO  client.GrpcClientProtocolClient (GrpcClientProtocolClient.java:onNext(255)) - client-CF63D631FA17->3cf1264f-5f6b-4138-aeee-2ff7d4522ead: receive RaftClientReply:client-CF63D631FA17->3cf1264f-5f6b-4138-aeee-2ff7d4522ead@group-561E16522154, cid=961, SUCCESS, logIndex=1288, commits[3cf1264f-5f6b-4138-aeee-2ff7d4522ead:c1288, 4f0d1a15-8f14-4d9a-ad4f-8211e1245b5d:c1284, 6999f20e-c3f7-4db4-87ca-141c476f2a88:c1284]
2019-08-22 07:03:22,209 | INFO  | DNAudit | user=null | ip=null | op=WRITE_CHUNK {blockData=conID: 2 locID: 102659352018747831 bcsId: 1284} | ret=SUCCESS |  
2019-08-22 07:03:22,209 | INFO  | DNAudit | user=null | ip=null | op=WRITE_CHUNK {blockData=conID: 2 locID: 102659352018747831 bcsId: 1284} | ret=SUCCESS |  
2019-08-22 07:03:22,209 | INFO  | DNAudit | user=null | ip=null | op=PUT_BLOCK {blockData=[blockId=conID: 2 locID: 102659352018747831 bcsId: 0,size=4194304]} | ret=SUCCESS |  
2019-08-22 07:03:22,209 | INFO  | DNAudit | user=null | ip=null | op=PUT_BLOCK {blockData=[blockId=conID: 2 locID: 102659352018747831 bcsId: 0,size=4194304]} | ret=SUCCESS |  
2019-08-22 07:03:22,210 [grpc-default-executor-1] INFO  client.GrpcClientProtocolClient (GrpcClientProtocolClient.java:onNext(255)) - client-CF63D631FA17->3cf1264f-5f6b-4138-aeee-2ff7d4522ead: receive RaftClientReply:client-CF63D631FA17->3cf1264f-5f6b-4138-aeee-2ff7d4522ead@group-561E16522154, cid=962, SUCCESS, logIndex=0, commits[3cf1264f-5f6b-4138-aeee-2ff7d4522ead:c1289, 4f0d1a15-8f14-4d9a-ad4f-8211e1245b5d:c1288, 6999f20e-c3f7-4db4-87ca-141c476f2a88:c1288]
2019-08-22 07:03:22,217 | INFO  | DNAudit | user=null | ip=null | op=WRITE_CHUNK {blockData=conID: 3 locID: 102659352018747832 bcsId: 0} | ret=SUCCESS |  
2019-08-22 07:03:22,219 | INFO  | DNAudit | user=null | ip=null | op=WRITE_CHUNK {blockData=conID: 3 locID: 102659352018747832 bcsId: 0} | ret=SUCCESS |  
2019-08-22 07:03:22,220 | INFO  | DNAudit | user=null | ip=null | op=WRITE_CHUNK {blockData=conID: 3 locID: 102659352018747832 bcsId: 0} | ret=SUCCESS |  
2019-08-22 07:03:22,220 | INFO  | DNAudit | user=null | ip=null | op=WRITE_CHUNK {blockData=conID: 3 locID: 102659352018747832 bcsId: 0} | ret=SUCCESS |  
2019-08-22 07:03:22,223 | INFO  | DNAudit | user=null | ip=null | op=WRITE_CHUNK {blockData=conID: 3 locID: 102659352018747832 bcsId: 0} | ret=SUCCESS |  
2019-08-22 07:03:22,223 | INFO  | DNAudit | user=null | ip=null | op=WRITE_CHUNK {blockData=conID: 3 locID: 102659352018747832 bcsId: 0} | ret=SUCCESS |  
2019-08-22 07:03:22,227 | INFO  | DNAudit | user=null | ip=null | op=WRITE_CHUNK {blockData=conID: 3 locID: 102659352018747832 bcsId: 0} | ret=SUCCESS |  
2019-08-22 07:03:22,228 | INFO  | DNAudit | user=null | ip=null | op=PUT_BLOCK {blockData=[blockId=conID: 3 locID: 102659352018747832 bcsId: 0,size=1048576]} | ret=SUCCESS |  
2019-08-22 07:03:22,228 | INFO  | DNAudit | user=null | ip=null | op=WRITE_CHUNK {blockData=conID: 3 locID: 102659352018747832 bcsId: 0} | ret=SUCCESS |  
2019-08-22 07:03:22,228 [grpc-default-executor-5] INFO  client.GrpcClientProtocolClient (GrpcClientProtocolClient.java:onNext(255)) - client-CF63D631FA17->3cf1264f-5f6b-4138-aeee-2ff7d4522ead: receive RaftClientReply:client-CF63D631FA17->3cf1264f-5f6b-4138-aeee-2ff7d4522ead@group-561E16522154, cid=963, SUCCESS, logIndex=1291, commits[3cf1264f-5f6b-4138-aeee-2ff7d4522ead:c1292, 4f0d1a15-8f14-4d9a-ad4f-8211e1245b5d:c1290, 6999f20e-c3f7-4db4-87ca-141c476f2a88:c1290]
2019-08-22 07:03:22,228 | INFO  | DNAudit | user=null | ip=null | op=PUT_BLOCK {blockData=[blockId=conID: 3 locID: 102659352018747832 bcsId: 0,size=2097152]} | ret=SUCCESS |  
2019-08-22 07:03:22,229 [grpc-default-executor-5] INFO  client.GrpcClientProtocolClient (GrpcClientProtocolClient.java:onNext(255)) - client-CF63D631FA17->3cf1264f-5f6b-4138-aeee-2ff7d4522ead: receive RaftClientReply:client-CF63D631FA17->3cf1264f-5f6b-4138-aeee-2ff7d4522ead@group-561E16522154, cid=964, SUCCESS, logIndex=1292, commits[3cf1264f-5f6b-4138-aeee-2ff7d4522ead:c1292, 4f0d1a15-8f14-4d9a-ad4f-8211e1245b5d:c1290, 6999f20e-c3f7-4db4-87ca-141c476f2a88:c1290]
2019-08-22 07:03:22,229 | INFO  | DNAudit | user=null | ip=null | op=WRITE_CHUNK {blockData=conID: 3 locID: 102659352018747832 bcsId: 0} | ret=SUCCESS |  
2019-08-22 07:03:22,229 [grpc-default-executor-5] INFO  client.GrpcClientProtocolClient (GrpcClientProtocolClient.java:onNext(255)) - client-CF63D631FA17->3cf1264f-5f6b-4138-aeee-2ff7d4522ead: receive RaftClientReply:client-CF63D631FA17->3cf1264f-5f6b-4138-aeee-2ff7d4522ead@group-561E16522154, cid=965, SUCCESS, logIndex=1293, commits[3cf1264f-5f6b-4138-aeee-2ff7d4522ead:c1294, 4f0d1a15-8f14-4d9a-ad4f-8211e1245b5d:c1290, 6999f20e-c3f7-4db4-87ca-141c476f2a88:c1290]
2019-08-22 07:03:22,229 | INFO  | DNAudit | user=null | ip=null | op=PUT_BLOCK {blockData=[blockId=conID: 3 locID: 102659352018747832 bcsId: 0,size=1048576]} | ret=SUCCESS |  
2019-08-22 07:03:22,229 [grpc-default-executor-5] INFO  client.GrpcClientProtocolClient (GrpcClientProtocolClient.java:onNext(255)) - client-CF63D631FA17->3cf1264f-5f6b-4138-aeee-2ff7d4522ead: receive RaftClientReply:client-CF63D631FA17->3cf1264f-5f6b-4138-aeee-2ff7d4522ead@group-561E16522154, cid=966, SUCCESS, logIndex=1294, commits[3cf1264f-5f6b-4138-aeee-2ff7d4522ead:c1294, 4f0d1a15-8f14-4d9a-ad4f-8211e1245b5d:c1290, 6999f20e-c3f7-4db4-87ca-141c476f2a88:c1290]
2019-08-22 07:03:22,230 | INFO  | DNAudit | user=null | ip=null | op=WRITE_CHUNK {blockData=conID: 3 locID: 102659352018747832 bcsId: 0} | ret=SUCCESS |  
2019-08-22 07:03:22,230 | INFO  | DNAudit | user=null | ip=null | op=PUT_BLOCK {blockData=[blockId=conID: 3 locID: 102659352018747832 bcsId: 0,size=1048576]} | ret=SUCCESS |  
2019-08-22 07:03:22,231 [grpc-default-executor-5] INFO  client.GrpcClientProtocolClient (GrpcClientProtocolClient.java:onNext(255)) - client-CF63D631FA17->3cf1264f-5f6b-4138-aeee-2ff7d4522ead: receive RaftClientReply:client-CF63D631FA17->3cf1264f-5f6b-4138-aeee-2ff7d4522ead@group-561E16522154, cid=967, SUCCESS, logIndex=0, commits[3cf1264f-5f6b-4138-aeee-2ff7d4522ead:c1295, 4f0d1a15-8f14-4d9a-ad4f-8211e1245b5d:c1292, 6999f20e-c3f7-4db4-87ca-141c476f2a88:c1292]
2019-08-22 07:03:22,231 | INFO  | DNAudit | user=null | ip=null | op=WRITE_CHUNK {blockData=conID: 3 locID: 102659352018747832 bcsId: 0} | ret=SUCCESS |  
2019-08-22 07:03:22,231 | INFO  | DNAudit | user=null | ip=null | op=PUT_BLOCK {blockData=[blockId=conID: 3 locID: 102659352018747832 bcsId: 0,size=2097152]} | ret=SUCCESS |  
2019-08-22 07:03:22,232 | INFO  | DNAudit | user=null | ip=null | op=WRITE_CHUNK {blockData=conID: 3 locID: 102659352018747832 bcsId: 0} | ret=SUCCESS |  
2019-08-22 07:03:22,232 | INFO  | DNAudit | user=null | ip=null | op=PUT_BLOCK {blockData=[blockId=conID: 3 locID: 102659352018747832 bcsId: 0,size=2097152]} | ret=SUCCESS |  
2019-08-22 07:03:22,237 | INFO  | DNAudit | user=null | ip=null | op=WRITE_CHUNK {blockData=conID: 3 locID: 102659352018747832 bcsId: 1294} | ret=SUCCESS |  
2019-08-22 07:03:22,240 | INFO  | DNAudit | user=null | ip=null | op=WRITE_CHUNK {blockData=conID: 3 locID: 102659352018747832 bcsId: 1294} | ret=SUCCESS |  
2019-08-22 07:03:22,241 | INFO  | DNAudit | user=null | ip=null | op=WRITE_CHUNK {blockData=conID: 3 locID: 102659352018747832 bcsId: 1294} | ret=SUCCESS |  
2019-08-22 07:03:22,250 | INFO  | DNAudit | user=null | ip=null | op=WRITE_CHUNK {blockData=conID: 3 locID: 102659352018747832 bcsId: 1294} | ret=SUCCESS |  
2019-08-22 07:03:22,250 | INFO  | DNAudit | user=null | ip=null | op=PUT_BLOCK {blockData=[blockId=conID: 3 locID: 102659352018747832 bcsId: 0,size=3145728]} | ret=SUCCESS |  
2019-08-22 07:03:22,250 [grpc-default-executor-0] INFO  client.GrpcClientProtocolClient (GrpcClientProtocolClient.java:onNext(255)) - client-CF63D631FA17->3cf1264f-5f6b-4138-aeee-2ff7d4522ead: receive RaftClientReply:client-CF63D631FA17->3cf1264f-5f6b-4138-aeee-2ff7d4522ead@group-561E16522154, cid=968, SUCCESS, logIndex=1298, commits[3cf1264f-5f6b-4138-aeee-2ff7d4522ead:c1299, 4f0d1a15-8f14-4d9a-ad4f-8211e1245b5d:c1297, 6999f20e-c3f7-4db4-87ca-141c476f2a88:c1297]
2019-08-22 07:03:22,251 [grpc-default-executor-0] INFO  client.GrpcClientProtocolClient (GrpcClientProtocolClient.java:onNext(255)) - client-CF63D631FA17->3cf1264f-5f6b-4138-aeee-2ff7d4522ead: receive RaftClientReply:client-CF63D631FA17->3cf1264f-5f6b-4138-aeee-2ff7d4522ead@group-561E16522154, cid=969, SUCCESS, logIndex=1299, commits[3cf1264f-5f6b-4138-aeee-2ff7d4522ead:c1299, 4f0d1a15-8f14-4d9a-ad4f-8211e1245b5d:c1297, 6999f20e-c3f7-4db4-87ca-141c476f2a88:c1297]
2019-08-22 07:03:22,257 | INFO  | DNAudit | user=null | ip=null | op=WRITE_CHUNK {blockData=conID: 3 locID: 102659352018747832 bcsId: 1299} | ret=SUCCESS |  
2019-08-22 07:03:22,260 | INFO  | DNAudit | user=null | ip=null | op=WRITE_CHUNK {blockData=conID: 3 locID: 102659352018747832 bcsId: 1299} | ret=SUCCESS |  
2019-08-22 07:03:22,261 | INFO  | DNAudit | user=null | ip=null | op=WRITE_CHUNK {blockData=conID: 3 locID: 102659352018747832 bcsId: 1299} | ret=SUCCESS |  
2019-08-22 07:03:22,261 | INFO  | SCMAudit | user=jenkins1000 | ip=192.168.34.31 | op=SEND_HEARTBEAT {datanodeUUID=f789f48f-f3d7-45ec-9bba-6a89e2bdcc9c, command=[]} | ret=SUCCESS |  
2019-08-22 07:03:22,261 | INFO  | DNAudit | user=null | ip=null | op=WRITE_CHUNK {blockData=conID: 3 locID: 102659352018747832 bcsId: 1294} | ret=SUCCESS |  
2019-08-22 07:03:22,261 | INFO  | DNAudit | user=null | ip=null | op=WRITE_CHUNK {blockData=conID: 3 locID: 102659352018747832 bcsId: 1294} | ret=SUCCESS |  
2019-08-22 07:03:22,264 | INFO  | DNAudit | user=null | ip=null | op=PUT_BLOCK {blockData=[blockId=conID: 3 locID: 102659352018747832 bcsId: 0,size=3145728]} | ret=SUCCESS |  
2019-08-22 07:03:22,264 | INFO  | DNAudit | user=null | ip=null | op=PUT_BLOCK {blockData=[blockId=conID: 3 locID: 102659352018747832 bcsId: 0,size=3145728]} | ret=SUCCESS |  
2019-08-22 07:03:22,265 | INFO  | DNAudit | user=null | ip=null | op=WRITE_CHUNK {blockData=conID: 3 locID: 102659352018747832 bcsId: 1299} | ret=SUCCESS |  
2019-08-22 07:03:22,265 | INFO  | DNAudit | user=null | ip=null | op=PUT_BLOCK {blockData=[blockId=conID: 3 locID: 102659352018747832 bcsId: 0,size=4194304]} | ret=SUCCESS |  
2019-08-22 07:03:22,265 [grpc-default-executor-0] INFO  client.GrpcClientProtocolClient (GrpcClientProtocolClient.java:onNext(255)) - client-CF63D631FA17->3cf1264f-5f6b-4138-aeee-2ff7d4522ead: receive RaftClientReply:client-CF63D631FA17->3cf1264f-5f6b-4138-aeee-2ff7d4522ead@group-561E16522154, cid=970, SUCCESS, logIndex=1302, commits[3cf1264f-5f6b-4138-aeee-2ff7d4522ead:c1303, 4f0d1a15-8f14-4d9a-ad4f-8211e1245b5d:c1299, 6999f20e-c3f7-4db4-87ca-141c476f2a88:c1299]
2019-08-22 07:03:22,266 [grpc-default-executor-0] INFO  client.GrpcClientProtocolClient (GrpcClientProtocolClient.java:onNext(255)) - client-CF63D631FA17->3cf1264f-5f6b-4138-aeee-2ff7d4522ead: receive RaftClientReply:client-CF63D631FA17->3cf1264f-5f6b-4138-aeee-2ff7d4522ead@group-561E16522154, cid=971, SUCCESS, logIndex=1303, commits[3cf1264f-5f6b-4138-aeee-2ff7d4522ead:c1303, 4f0d1a15-8f14-4d9a-ad4f-8211e1245b5d:c1299, 6999f20e-c3f7-4db4-87ca-141c476f2a88:c1299]
2019-08-22 07:03:22,276 | INFO  | DNAudit | user=null | ip=null | op=WRITE_CHUNK {blockData=conID: 3 locID: 102659352018747832 bcsId: 1299} | ret=SUCCESS |  
2019-08-22 07:03:22,276 | INFO  | DNAudit | user=null | ip=null | op=WRITE_CHUNK {blockData=conID: 3 locID: 102659352018747832 bcsId: 1299} | ret=SUCCESS |  
2019-08-22 07:03:22,279 | INFO  | DNAudit | user=null | ip=null | op=PUT_BLOCK {blockData=[blockId=conID: 3 locID: 102659352018747832 bcsId: 0,size=4194304]} | ret=SUCCESS |  
2019-08-22 07:03:22,279 | INFO  | DNAudit | user=null | ip=null | op=PUT_BLOCK {blockData=[blockId=conID: 3 locID: 102659352018747832 bcsId: 0,size=4194304]} | ret=SUCCESS |  
2019-08-22 07:03:22,279 [grpc-default-executor-0] INFO  client.GrpcClientProtocolClient (GrpcClientProtocolClient.java:onNext(255)) - client-CF63D631FA17->3cf1264f-5f6b-4138-aeee-2ff7d4522ead: receive RaftClientReply:client-CF63D631FA17->3cf1264f-5f6b-4138-aeee-2ff7d4522ead@group-561E16522154, cid=972, SUCCESS, logIndex=0, commits[3cf1264f-5f6b-4138-aeee-2ff7d4522ead:c1305, 4f0d1a15-8f14-4d9a-ad4f-8211e1245b5d:c1303, 6999f20e-c3f7-4db4-87ca-141c476f2a88:c1303]
2019-08-22 07:03:22,286 | INFO  | DNAudit | user=null | ip=null | op=WRITE_CHUNK {blockData=conID: 1 locID: 102659352018747833 bcsId: 0} | ret=SUCCESS |  
2019-08-22 07:03:22,290 | INFO  | DNAudit | user=null | ip=null | op=WRITE_CHUNK {blockData=conID: 1 locID: 102659352018747833 bcsId: 0} | ret=SUCCESS |  
2019-08-22 07:03:22,290 | INFO  | DNAudit | user=null | ip=null | op=WRITE_CHUNK {blockData=conID: 1 locID: 102659352018747833 bcsId: 0} | ret=SUCCESS |  
2019-08-22 07:03:22,290 | INFO  | DNAudit | user=null | ip=null | op=WRITE_CHUNK {blockData=conID: 1 locID: 102659352018747833 bcsId: 0} | ret=SUCCESS |  
2019-08-22 07:03:22,293 | INFO  | DNAudit | user=null | ip=null | op=WRITE_CHUNK {blockData=conID: 1 locID: 102659352018747833 bcsId: 0} | ret=SUCCESS |  
2019-08-22 07:03:22,293 | INFO  | DNAudit | user=null | ip=null | op=WRITE_CHUNK {blockData=conID: 1 locID: 102659352018747833 bcsId: 0} | ret=SUCCESS |  
2019-08-22 07:03:22,299 | INFO  | DNAudit | user=null | ip=null | op=WRITE_CHUNK {blockData=conID: 1 locID: 102659352018747833 bcsId: 0} | ret=SUCCESS |  
2019-08-22 07:03:22,300 | INFO  | DNAudit | user=null | ip=null | op=PUT_BLOCK {blockData=[blockId=conID: 1 locID: 102659352018747833 bcsId: 0,size=1048576]} | ret=SUCCESS |  
2019-08-22 07:03:22,300 [grpc-default-executor-0] INFO  client.GrpcClientProtocolClient (GrpcClientProtocolClient.java:onNext(255)) - client-CF63D631FA17->3cf1264f-5f6b-4138-aeee-2ff7d4522ead: receive RaftClientReply:client-CF63D631FA17->3cf1264f-5f6b-4138-aeee-2ff7d4522ead@group-561E16522154, cid=973, SUCCESS, logIndex=1306, commits[3cf1264f-5f6b-4138-aeee-2ff7d4522ead:c1307, 4f0d1a15-8f14-4d9a-ad4f-8211e1245b5d:c1305, 6999f20e-c3f7-4db4-87ca-141c476f2a88:c1305]
2019-08-22 07:03:22,300 | INFO  | DNAudit | user=null | ip=null | op=WRITE_CHUNK {blockData=conID: 1 locID: 102659352018747833 bcsId: 0} | ret=SUCCESS |  
2019-08-22 07:03:22,300 [grpc-default-executor-0] INFO  client.GrpcClientProtocolClient (GrpcClientProtocolClient.java:onNext(255)) - client-CF63D631FA17->3cf1264f-5f6b-4138-aeee-2ff7d4522ead: receive RaftClientReply:client-CF63D631FA17->3cf1264f-5f6b-4138-aeee-2ff7d4522ead@group-561E16522154, cid=974, SUCCESS, logIndex=1307, commits[3cf1264f-5f6b-4138-aeee-2ff7d4522ead:c1307, 4f0d1a15-8f14-4d9a-ad4f-8211e1245b5d:c1305, 6999f20e-c3f7-4db4-87ca-141c476f2a88:c1305]
2019-08-22 07:03:22,301 | INFO  | DNAudit | user=null | ip=null | op=PUT_BLOCK {blockData=[blockId=conID: 1 locID: 102659352018747833 bcsId: 0,size=2097152]} | ret=SUCCESS |  
2019-08-22 07:03:22,301 [grpc-default-executor-0] INFO  client.GrpcClientProtocolClient (GrpcClientProtocolClient.java:onNext(255)) - client-CF63D631FA17->3cf1264f-5f6b-4138-aeee-2ff7d4522ead: receive RaftClientReply:client-CF63D631FA17->3cf1264f-5f6b-4138-aeee-2ff7d4522ead@group-561E16522154, cid=975, SUCCESS, logIndex=1308, commits[3cf1264f-5f6b-4138-aeee-2ff7d4522ead:c1309, 4f0d1a15-8f14-4d9a-ad4f-8211e1245b5d:c1305, 6999f20e-c3f7-4db4-87ca-141c476f2a88:c1305]
2019-08-22 07:03:22,301 | INFO  | DNAudit | user=null | ip=null | op=WRITE_CHUNK {blockData=conID: 1 locID: 102659352018747833 bcsId: 0} | ret=SUCCESS |  
2019-08-22 07:03:22,301 | INFO  | DNAudit | user=null | ip=null | op=PUT_BLOCK {blockData=[blockId=conID: 1 locID: 102659352018747833 bcsId: 0,size=1048576]} | ret=SUCCESS |  
2019-08-22 07:03:22,301 [grpc-default-executor-0] INFO  client.GrpcClientProtocolClient (GrpcClientProtocolClient.java:onNext(255)) - client-CF63D631FA17->3cf1264f-5f6b-4138-aeee-2ff7d4522ead: receive RaftClientReply:client-CF63D631FA17->3cf1264f-5f6b-4138-aeee-2ff7d4522ead@group-561E16522154, cid=976, SUCCESS, logIndex=1309, commits[3cf1264f-5f6b-4138-aeee-2ff7d4522ead:c1309, 4f0d1a15-8f14-4d9a-ad4f-8211e1245b5d:c1305, 6999f20e-c3f7-4db4-87ca-141c476f2a88:c1305]
2019-08-22 07:03:22,302 | INFO  | DNAudit | user=null | ip=null | op=WRITE_CHUNK {blockData=conID: 1 locID: 102659352018747833 bcsId: 0} | ret=SUCCESS |  
2019-08-22 07:03:22,302 | INFO  | DNAudit | user=null | ip=null | op=PUT_BLOCK {blockData=[blockId=conID: 1 locID: 102659352018747833 bcsId: 0,size=1048576]} | ret=SUCCESS |  
2019-08-22 07:03:22,302 | INFO  | DNAudit | user=null | ip=null | op=WRITE_CHUNK {blockData=conID: 1 locID: 102659352018747833 bcsId: 0} | ret=SUCCESS |  
2019-08-22 07:03:22,302 | INFO  | DNAudit | user=null | ip=null | op=PUT_BLOCK {blockData=[blockId=conID: 1 locID: 102659352018747833 bcsId: 0,size=2097152]} | ret=SUCCESS |  
2019-08-22 07:03:22,302 [grpc-default-executor-0] INFO  client.GrpcClientProtocolClient (GrpcClientProtocolClient.java:onNext(255)) - client-CF63D631FA17->3cf1264f-5f6b-4138-aeee-2ff7d4522ead: receive RaftClientReply:client-CF63D631FA17->3cf1264f-5f6b-4138-aeee-2ff7d4522ead@group-561E16522154, cid=977, SUCCESS, logIndex=0, commits[3cf1264f-5f6b-4138-aeee-2ff7d4522ead:c1311, 4f0d1a15-8f14-4d9a-ad4f-8211e1245b5d:c1307, 6999f20e-c3f7-4db4-87ca-141c476f2a88:c1307]
2019-08-22 07:03:22,303 | INFO  | DNAudit | user=null | ip=null | op=WRITE_CHUNK {blockData=conID: 1 locID: 102659352018747833 bcsId: 0} | ret=SUCCESS |  
2019-08-22 07:03:22,303 | INFO  | DNAudit | user=null | ip=null | op=PUT_BLOCK {blockData=[blockId=conID: 1 locID: 102659352018747833 bcsId: 0,size=2097152]} | ret=SUCCESS |  
2019-08-22 07:03:22,310 | INFO  | DNAudit | user=null | ip=null | op=WRITE_CHUNK {blockData=conID: 1 locID: 102659352018747833 bcsId: 1309} | ret=SUCCESS |  
2019-08-22 07:03:22,312 | INFO  | DNAudit | user=null | ip=null | op=WRITE_CHUNK {blockData=conID: 1 locID: 102659352018747833 bcsId: 1309} | ret=SUCCESS |  
2019-08-22 07:03:22,312 | INFO  | DNAudit | user=null | ip=null | op=WRITE_CHUNK {blockData=conID: 1 locID: 102659352018747833 bcsId: 1309} | ret=SUCCESS |  
2019-08-22 07:03:22,322 | INFO  | DNAudit | user=null | ip=null | op=WRITE_CHUNK {blockData=conID: 1 locID: 102659352018747833 bcsId: 1309} | ret=SUCCESS |  
2019-08-22 07:03:22,323 | INFO  | DNAudit | user=null | ip=null | op=PUT_BLOCK {blockData=[blockId=conID: 1 locID: 102659352018747833 bcsId: 0,size=3145728]} | ret=SUCCESS |  
2019-08-22 07:03:22,323 [grpc-default-executor-1] INFO  client.GrpcClientProtocolClient (GrpcClientProtocolClient.java:onNext(255)) - client-CF63D631FA17->3cf1264f-5f6b-4138-aeee-2ff7d4522ead: receive RaftClientReply:client-CF63D631FA17->3cf1264f-5f6b-4138-aeee-2ff7d4522ead@group-561E16522154, cid=978, SUCCESS, logIndex=1314, commits[3cf1264f-5f6b-4138-aeee-2ff7d4522ead:c1315, 4f0d1a15-8f14-4d9a-ad4f-8211e1245b5d:c1313, 6999f20e-c3f7-4db4-87ca-141c476f2a88:c1313]
2019-08-22 07:03:22,323 [grpc-default-executor-1] INFO  client.GrpcClientProtocolClient (GrpcClientProtocolClient.java:onNext(255)) - client-CF63D631FA17->3cf1264f-5f6b-4138-aeee-2ff7d4522ead: receive RaftClientReply:client-CF63D631FA17->3cf1264f-5f6b-4138-aeee-2ff7d4522ead@group-561E16522154, cid=979, SUCCESS, logIndex=1315, commits[3cf1264f-5f6b-4138-aeee-2ff7d4522ead:c1315, 4f0d1a15-8f14-4d9a-ad4f-8211e1245b5d:c1313, 6999f20e-c3f7-4db4-87ca-141c476f2a88:c1313]
2019-08-22 07:03:22,331 | INFO  | DNAudit | user=null | ip=null | op=WRITE_CHUNK {blockData=conID: 1 locID: 102659352018747833 bcsId: 1315} | ret=SUCCESS |  
2019-08-22 07:03:22,332 | INFO  | DNAudit | user=null | ip=null | op=WRITE_CHUNK {blockData=conID: 1 locID: 102659352018747833 bcsId: 1315} | ret=SUCCESS |  
2019-08-22 07:03:22,333 | INFO  | DNAudit | user=null | ip=null | op=WRITE_CHUNK {blockData=conID: 1 locID: 102659352018747833 bcsId: 1315} | ret=SUCCESS |  
2019-08-22 07:03:22,334 | INFO  | DNAudit | user=null | ip=null | op=WRITE_CHUNK {blockData=conID: 1 locID: 102659352018747833 bcsId: 1309} | ret=SUCCESS |  
2019-08-22 07:03:22,334 | INFO  | DNAudit | user=null | ip=null | op=WRITE_CHUNK {blockData=conID: 1 locID: 102659352018747833 bcsId: 1309} | ret=SUCCESS |  
2019-08-22 07:03:22,337 | INFO  | DNAudit | user=null | ip=null | op=PUT_BLOCK {blockData=[blockId=conID: 1 locID: 102659352018747833 bcsId: 0,size=3145728]} | ret=SUCCESS |  
2019-08-22 07:03:22,337 | INFO  | DNAudit | user=null | ip=null | op=PUT_BLOCK {blockData=[blockId=conID: 1 locID: 102659352018747833 bcsId: 0,size=3145728]} | ret=SUCCESS |  
2019-08-22 07:03:22,337 | INFO  | DNAudit | user=null | ip=null | op=WRITE_CHUNK {blockData=conID: 1 locID: 102659352018747833 bcsId: 1315} | ret=SUCCESS |  
2019-08-22 07:03:22,338 | INFO  | DNAudit | user=null | ip=null | op=PUT_BLOCK {blockData=[blockId=conID: 1 locID: 102659352018747833 bcsId: 0,size=4194304]} | ret=SUCCESS |  
2019-08-22 07:03:22,338 [grpc-default-executor-3] INFO  client.GrpcClientProtocolClient (GrpcClientProtocolClient.java:onNext(255)) - client-CF63D631FA17->3cf1264f-5f6b-4138-aeee-2ff7d4522ead: receive RaftClientReply:client-CF63D631FA17->3cf1264f-5f6b-4138-aeee-2ff7d4522ead@group-561E16522154, cid=980, SUCCESS, logIndex=1318, commits[3cf1264f-5f6b-4138-aeee-2ff7d4522ead:c1319, 4f0d1a15-8f14-4d9a-ad4f-8211e1245b5d:c1315, 6999f20e-c3f7-4db4-87ca-141c476f2a88:c1315]
2019-08-22 07:03:22,339 [grpc-default-executor-3] INFO  client.GrpcClientProtocolClient (GrpcClientProtocolClient.java:onNext(255)) - client-CF63D631FA17->3cf1264f-5f6b-4138-aeee-2ff7d4522ead: receive RaftClientReply:client-CF63D631FA17->3cf1264f-5f6b-4138-aeee-2ff7d4522ead@group-561E16522154, cid=981, SUCCESS, logIndex=1319, commits[3cf1264f-5f6b-4138-aeee-2ff7d4522ead:c1319, 4f0d1a15-8f14-4d9a-ad4f-8211e1245b5d:c1315, 6999f20e-c3f7-4db4-87ca-141c476f2a88:c1315]
2019-08-22 07:03:22,349 | INFO  | DNAudit | user=null | ip=null | op=WRITE_CHUNK {blockData=conID: 1 locID: 102659352018747833 bcsId: 1315} | ret=SUCCESS |  
2019-08-22 07:03:22,349 | INFO  | DNAudit | user=null | ip=null | op=WRITE_CHUNK {blockData=conID: 1 locID: 102659352018747833 bcsId: 1315} | ret=SUCCESS |  
2019-08-22 07:03:22,350 | INFO  | DNAudit | user=null | ip=null | op=PUT_BLOCK {blockData=[blockId=conID: 1 locID: 102659352018747833 bcsId: 0,size=4194304]} | ret=SUCCESS |  
2019-08-22 07:03:22,350 | INFO  | DNAudit | user=null | ip=null | op=PUT_BLOCK {blockData=[blockId=conID: 1 locID: 102659352018747833 bcsId: 0,size=4194304]} | ret=SUCCESS |  
2019-08-22 07:03:22,351 [grpc-default-executor-1] INFO  client.GrpcClientProtocolClient (GrpcClientProtocolClient.java:onNext(255)) - client-CF63D631FA17->3cf1264f-5f6b-4138-aeee-2ff7d4522ead: receive RaftClientReply:client-CF63D631FA17->3cf1264f-5f6b-4138-aeee-2ff7d4522ead@group-561E16522154, cid=982, SUCCESS, logIndex=0, commits[3cf1264f-5f6b-4138-aeee-2ff7d4522ead:c1321, 4f0d1a15-8f14-4d9a-ad4f-8211e1245b5d:c1319, 6999f20e-c3f7-4db4-87ca-141c476f2a88:c1319]
2019-08-22 07:03:22,358 | INFO  | DNAudit | user=null | ip=null | op=WRITE_CHUNK {blockData=conID: 2 locID: 102659352018747834 bcsId: 0} | ret=SUCCESS |  
2019-08-22 07:03:22,360 | INFO  | DNAudit | user=null | ip=null | op=WRITE_CHUNK {blockData=conID: 2 locID: 102659352018747834 bcsId: 0} | ret=SUCCESS |  
2019-08-22 07:03:22,361 | INFO  | DNAudit | user=null | ip=null | op=WRITE_CHUNK {blockData=conID: 2 locID: 102659352018747834 bcsId: 0} | ret=SUCCESS |  
2019-08-22 07:03:22,362 | INFO  | DNAudit | user=null | ip=null | op=WRITE_CHUNK {blockData=conID: 2 locID: 102659352018747834 bcsId: 0} | ret=SUCCESS |  
2019-08-22 07:03:22,364 | INFO  | DNAudit | user=null | ip=null | op=WRITE_CHUNK {blockData=conID: 2 locID: 102659352018747834 bcsId: 0} | ret=SUCCESS |  
2019-08-22 07:03:22,364 | INFO  | DNAudit | user=null | ip=null | op=WRITE_CHUNK {blockData=conID: 2 locID: 102659352018747834 bcsId: 0} | ret=SUCCESS |  
2019-08-22 07:03:22,370 | INFO  | DNAudit | user=null | ip=null | op=WRITE_CHUNK {blockData=conID: 2 locID: 102659352018747834 bcsId: 0} | ret=SUCCESS |  
2019-08-22 07:03:22,370 | INFO  | DNAudit | user=null | ip=null | op=PUT_BLOCK {blockData=[blockId=conID: 2 locID: 102659352018747834 bcsId: 0,size=1048576]} | ret=SUCCESS |  
2019-08-22 07:03:22,370 [grpc-default-executor-1] INFO  client.GrpcClientProtocolClient (GrpcClientProtocolClient.java:onNext(255)) - client-CF63D631FA17->3cf1264f-5f6b-4138-aeee-2ff7d4522ead: receive RaftClientReply:client-CF63D631FA17->3cf1264f-5f6b-4138-aeee-2ff7d4522ead@group-561E16522154, cid=983, SUCCESS, logIndex=1322, commits[3cf1264f-5f6b-4138-aeee-2ff7d4522ead:c1323, 4f0d1a15-8f14-4d9a-ad4f-8211e1245b5d:c1321, 6999f20e-c3f7-4db4-87ca-141c476f2a88:c1321]
2019-08-22 07:03:22,371 | INFO  | DNAudit | user=null | ip=null | op=WRITE_CHUNK {blockData=conID: 2 locID: 102659352018747834 bcsId: 0} | ret=SUCCESS |  
2019-08-22 07:03:22,371 [grpc-default-executor-3] INFO  client.GrpcClientProtocolClient (GrpcClientProtocolClient.java:onNext(255)) - client-CF63D631FA17->3cf1264f-5f6b-4138-aeee-2ff7d4522ead: receive RaftClientReply:client-CF63D631FA17->3cf1264f-5f6b-4138-aeee-2ff7d4522ead@group-561E16522154, cid=984, SUCCESS, logIndex=1323, commits[3cf1264f-5f6b-4138-aeee-2ff7d4522ead:c1323, 4f0d1a15-8f14-4d9a-ad4f-8211e1245b5d:c1321, 6999f20e-c3f7-4db4-87ca-141c476f2a88:c1321]
2019-08-22 07:03:22,371 | INFO  | DNAudit | user=null | ip=null | op=PUT_BLOCK {blockData=[blockId=conID: 2 locID: 102659352018747834 bcsId: 0,size=2097152]} | ret=SUCCESS |  
2019-08-22 07:03:22,371 [grpc-default-executor-3] INFO  client.GrpcClientProtocolClient (GrpcClientProtocolClient.java:onNext(255)) - client-CF63D631FA17->3cf1264f-5f6b-4138-aeee-2ff7d4522ead: receive RaftClientReply:client-CF63D631FA17->3cf1264f-5f6b-4138-aeee-2ff7d4522ead@group-561E16522154, cid=985, SUCCESS, logIndex=1324, commits[3cf1264f-5f6b-4138-aeee-2ff7d4522ead:c1324, 4f0d1a15-8f14-4d9a-ad4f-8211e1245b5d:c1321, 6999f20e-c3f7-4db4-87ca-141c476f2a88:c1321]
2019-08-22 07:03:22,372 [grpc-default-executor-0] INFO  client.GrpcClientProtocolClient (GrpcClientProtocolClient.java:onNext(255)) - client-CF63D631FA17->3cf1264f-5f6b-4138-aeee-2ff7d4522ead: receive RaftClientReply:client-CF63D631FA17->3cf1264f-5f6b-4138-aeee-2ff7d4522ead@group-561E16522154, cid=986, SUCCESS, logIndex=1325, commits[3cf1264f-5f6b-4138-aeee-2ff7d4522ead:c1325, 4f0d1a15-8f14-4d9a-ad4f-8211e1245b5d:c1321, 6999f20e-c3f7-4db4-87ca-141c476f2a88:c1321]
2019-08-22 07:03:22,372 | INFO  | DNAudit | user=null | ip=null | op=WRITE_CHUNK {blockData=conID: 2 locID: 102659352018747834 bcsId: 0} | ret=SUCCESS |  
2019-08-22 07:03:22,372 | INFO  | DNAudit | user=null | ip=null | op=PUT_BLOCK {blockData=[blockId=conID: 2 locID: 102659352018747834 bcsId: 0,size=1048576]} | ret=SUCCESS |  
2019-08-22 07:03:22,373 | INFO  | DNAudit | user=null | ip=null | op=WRITE_CHUNK {blockData=conID: 2 locID: 102659352018747834 bcsId: 0} | ret=SUCCESS |  
2019-08-22 07:03:22,373 | INFO  | DNAudit | user=null | ip=null | op=PUT_BLOCK {blockData=[blockId=conID: 2 locID: 102659352018747834 bcsId: 0,size=2097152]} | ret=SUCCESS |  
2019-08-22 07:03:22,373 | INFO  | DNAudit | user=null | ip=null | op=WRITE_CHUNK {blockData=conID: 2 locID: 102659352018747834 bcsId: 0} | ret=SUCCESS |  
2019-08-22 07:03:22,374 | INFO  | DNAudit | user=null | ip=null | op=PUT_BLOCK {blockData=[blockId=conID: 2 locID: 102659352018747834 bcsId: 0,size=1048576]} | ret=SUCCESS |  
2019-08-22 07:03:22,374 | INFO  | DNAudit | user=null | ip=null | op=WRITE_CHUNK {blockData=conID: 2 locID: 102659352018747834 bcsId: 0} | ret=SUCCESS |  
2019-08-22 07:03:22,374 | INFO  | DNAudit | user=null | ip=null | op=PUT_BLOCK {blockData=[blockId=conID: 2 locID: 102659352018747834 bcsId: 0,size=2097152]} | ret=SUCCESS |  
2019-08-22 07:03:22,374 [grpc-default-executor-0] INFO  client.GrpcClientProtocolClient (GrpcClientProtocolClient.java:onNext(255)) - client-CF63D631FA17->3cf1264f-5f6b-4138-aeee-2ff7d4522ead: receive RaftClientReply:client-CF63D631FA17->3cf1264f-5f6b-4138-aeee-2ff7d4522ead@group-561E16522154, cid=987, SUCCESS, logIndex=0, commits[3cf1264f-5f6b-4138-aeee-2ff7d4522ead:c1329, 4f0d1a15-8f14-4d9a-ad4f-8211e1245b5d:c1325, 6999f20e-c3f7-4db4-87ca-141c476f2a88:c1323]
2019-08-22 07:03:22,380 | INFO  | DNAudit | user=null | ip=null | op=WRITE_CHUNK {blockData=conID: 2 locID: 102659352018747834 bcsId: 1325} | ret=SUCCESS |  
2019-08-22 07:03:22,383 | INFO  | DNAudit | user=null | ip=null | op=WRITE_CHUNK {blockData=conID: 2 locID: 102659352018747834 bcsId: 1325} | ret=SUCCESS |  
2019-08-22 07:03:22,384 | INFO  | DNAudit | user=null | ip=null | op=WRITE_CHUNK {blockData=conID: 2 locID: 102659352018747834 bcsId: 1325} | ret=SUCCESS |  
2019-08-22 07:03:22,393 | INFO  | DNAudit | user=null | ip=null | op=WRITE_CHUNK {blockData=conID: 2 locID: 102659352018747834 bcsId: 1325} | ret=SUCCESS |  
2019-08-22 07:03:22,545 [grpc-default-executor-0] INFO  client.GrpcClientProtocolClient (GrpcClientProtocolClient.java:onNext(255)) - client-CF63D631FA17->3cf1264f-5f6b-4138-aeee-2ff7d4522ead: receive RaftClientReply:client-CF63D631FA17->3cf1264f-5f6b-4138-aeee-2ff7d4522ead@group-561E16522154, cid=988, SUCCESS, logIndex=1330, commits[3cf1264f-5f6b-4138-aeee-2ff7d4522ead:c1331, 4f0d1a15-8f14-4d9a-ad4f-8211e1245b5d:c1329, 6999f20e-c3f7-4db4-87ca-141c476f2a88:c1329]
2019-08-22 07:03:22,546 | INFO  | DNAudit | user=null | ip=null | op=PUT_BLOCK {blockData=[blockId=conID: 2 locID: 102659352018747834 bcsId: 0,size=3145728]} | ret=SUCCESS |  
2019-08-22 07:03:22,547 | INFO  | DNAudit | user=null | ip=null | op=WRITE_CHUNK {blockData=conID: 2 locID: 102659352018747834 bcsId: 1325} | ret=SUCCESS |  
2019-08-22 07:03:22,547 | INFO  | DNAudit | user=null | ip=null | op=WRITE_CHUNK {blockData=conID: 2 locID: 102659352018747834 bcsId: 1325} | ret=SUCCESS |  
2019-08-22 07:03:22,547 [grpc-default-executor-0] INFO  client.GrpcClientProtocolClient (GrpcClientProtocolClient.java:onNext(255)) - client-CF63D631FA17->3cf1264f-5f6b-4138-aeee-2ff7d4522ead: receive RaftClientReply:client-CF63D631FA17->3cf1264f-5f6b-4138-aeee-2ff7d4522ead@group-561E16522154, cid=989, SUCCESS, logIndex=1331, commits[3cf1264f-5f6b-4138-aeee-2ff7d4522ead:c1331, 4f0d1a15-8f14-4d9a-ad4f-8211e1245b5d:c1329, 6999f20e-c3f7-4db4-87ca-141c476f2a88:c1329]
2019-08-22 07:03:22,558 | INFO  | DNAudit | user=null | ip=null | op=PUT_BLOCK {blockData=[blockId=conID: 2 locID: 102659352018747834 bcsId: 0,size=3145728]} | ret=SUCCESS |  
2019-08-22 07:03:22,558 | INFO  | DNAudit | user=null | ip=null | op=PUT_BLOCK {blockData=[blockId=conID: 2 locID: 102659352018747834 bcsId: 0,size=3145728]} | ret=SUCCESS |  
2019-08-22 07:03:22,559 | INFO  | DNAudit | user=null | ip=null | op=WRITE_CHUNK {blockData=conID: 2 locID: 102659352018747834 bcsId: 1331} | ret=SUCCESS |  
2019-08-22 07:03:22,562 | INFO  | DNAudit | user=null | ip=null | op=WRITE_CHUNK {blockData=conID: 2 locID: 102659352018747834 bcsId: 1331} | ret=SUCCESS |  
2019-08-22 07:03:22,562 | INFO  | DNAudit | user=null | ip=null | op=WRITE_CHUNK {blockData=conID: 2 locID: 102659352018747834 bcsId: 1331} | ret=SUCCESS |  
2019-08-22 07:03:22,571 | INFO  | DNAudit | user=null | ip=null | op=WRITE_CHUNK {blockData=conID: 2 locID: 102659352018747834 bcsId: 1331} | ret=SUCCESS |  
2019-08-22 07:03:22,572 | INFO  | DNAudit | user=null | ip=null | op=PUT_BLOCK {blockData=[blockId=conID: 2 locID: 102659352018747834 bcsId: 0,size=4194304]} | ret=SUCCESS |  
2019-08-22 07:03:22,572 [grpc-default-executor-3] INFO  client.GrpcClientProtocolClient (GrpcClientProtocolClient.java:onNext(255)) - client-CF63D631FA17->3cf1264f-5f6b-4138-aeee-2ff7d4522ead: receive RaftClientReply:client-CF63D631FA17->3cf1264f-5f6b-4138-aeee-2ff7d4522ead@group-561E16522154, cid=990, SUCCESS, logIndex=1334, commits[3cf1264f-5f6b-4138-aeee-2ff7d4522ead:c1335, 4f0d1a15-8f14-4d9a-ad4f-8211e1245b5d:c1332, 6999f20e-c3f7-4db4-87ca-141c476f2a88:c1332]
2019-08-22 07:03:22,573 [grpc-default-executor-3] INFO  client.GrpcClientProtocolClient (GrpcClientProtocolClient.java:onNext(255)) - client-CF63D631FA17->3cf1264f-5f6b-4138-aeee-2ff7d4522ead: receive RaftClientReply:client-CF63D631FA17->3cf1264f-5f6b-4138-aeee-2ff7d4522ead@group-561E16522154, cid=991, SUCCESS, logIndex=1335, commits[3cf1264f-5f6b-4138-aeee-2ff7d4522ead:c1335, 4f0d1a15-8f14-4d9a-ad4f-8211e1245b5d:c1332, 6999f20e-c3f7-4db4-87ca-141c476f2a88:c1332]
2019-08-22 07:03:22,581 | INFO  | SCMAudit | user=jenkins1000 | ip=192.168.34.31 | op=SEND_HEARTBEAT {datanodeUUID=6ab6b5dd-7582-43bd-ad39-1af51ca14a47, command=[]} | ret=SUCCESS |  
2019-08-22 07:03:22,583 | INFO  | DNAudit | user=null | ip=null | op=WRITE_CHUNK {blockData=conID: 2 locID: 102659352018747834 bcsId: 1331} | ret=SUCCESS |  
2019-08-22 07:03:22,583 | INFO  | DNAudit | user=null | ip=null | op=WRITE_CHUNK {blockData=conID: 2 locID: 102659352018747834 bcsId: 1331} | ret=SUCCESS |  
2019-08-22 07:03:22,585 | INFO  | DNAudit | user=null | ip=null | op=PUT_BLOCK {blockData=[blockId=conID: 2 locID: 102659352018747834 bcsId: 0,size=4194304]} | ret=SUCCESS |  
2019-08-22 07:03:22,586 | INFO  | DNAudit | user=null | ip=null | op=PUT_BLOCK {blockData=[blockId=conID: 2 locID: 102659352018747834 bcsId: 0,size=4194304]} | ret=SUCCESS |  
2019-08-22 07:03:22,586 [grpc-default-executor-5] INFO  client.GrpcClientProtocolClient (GrpcClientProtocolClient.java:onNext(255)) - client-CF63D631FA17->3cf1264f-5f6b-4138-aeee-2ff7d4522ead: receive RaftClientReply:client-CF63D631FA17->3cf1264f-5f6b-4138-aeee-2ff7d4522ead@group-561E16522154, cid=992, SUCCESS, logIndex=0, commits[3cf1264f-5f6b-4138-aeee-2ff7d4522ead:c1337, 4f0d1a15-8f14-4d9a-ad4f-8211e1245b5d:c1335, 6999f20e-c3f7-4db4-87ca-141c476f2a88:c1335]
2019-08-22 07:03:22,596 | INFO  | DNAudit | user=null | ip=null | op=WRITE_CHUNK {blockData=conID: 3 locID: 102659352018747835 bcsId: 0} | ret=SUCCESS |  
2019-08-22 07:03:22,601 | INFO  | DNAudit | user=null | ip=null | op=WRITE_CHUNK {blockData=conID: 3 locID: 102659352018747835 bcsId: 0} | ret=SUCCESS |  
2019-08-22 07:03:22,602 | INFO  | DNAudit | user=null | ip=null | op=WRITE_CHUNK {blockData=conID: 3 locID: 102659352018747835 bcsId: 0} | ret=SUCCESS |  
2019-08-22 07:03:22,602 | INFO  | DNAudit | user=null | ip=null | op=WRITE_CHUNK {blockData=conID: 3 locID: 102659352018747835 bcsId: 0} | ret=SUCCESS |  
2019-08-22 07:03:22,605 | INFO  | DNAudit | user=null | ip=null | op=WRITE_CHUNK {blockData=conID: 3 locID: 102659352018747835 bcsId: 0} | ret=SUCCESS |  
2019-08-22 07:03:22,606 | INFO  | DNAudit | user=null | ip=null | op=WRITE_CHUNK {blockData=conID: 3 locID: 102659352018747835 bcsId: 0} | ret=SUCCESS |  
2019-08-22 07:03:22,609 | INFO  | DNAudit | user=null | ip=null | op=WRITE_CHUNK {blockData=conID: 3 locID: 102659352018747835 bcsId: 0} | ret=SUCCESS |  
2019-08-22 07:03:22,610 | INFO  | DNAudit | user=null | ip=null | op=PUT_BLOCK {blockData=[blockId=conID: 3 locID: 102659352018747835 bcsId: 0,size=1048576]} | ret=SUCCESS |  
2019-08-22 07:03:22,610 | INFO  | DNAudit | user=null | ip=null | op=WRITE_CHUNK {blockData=conID: 3 locID: 102659352018747835 bcsId: 0} | ret=SUCCESS |  
2019-08-22 07:03:22,610 [grpc-default-executor-5] INFO  client.GrpcClientProtocolClient (GrpcClientProtocolClient.java:onNext(255)) - client-CF63D631FA17->3cf1264f-5f6b-4138-aeee-2ff7d4522ead: receive RaftClientReply:client-CF63D631FA17->3cf1264f-5f6b-4138-aeee-2ff7d4522ead@group-561E16522154, cid=993, SUCCESS, logIndex=1338, commits[3cf1264f-5f6b-4138-aeee-2ff7d4522ead:c1339, 4f0d1a15-8f14-4d9a-ad4f-8211e1245b5d:c1337, 6999f20e-c3f7-4db4-87ca-141c476f2a88:c1337]
2019-08-22 07:03:22,611 | INFO  | DNAudit | user=null | ip=null | op=PUT_BLOCK {blockData=[blockId=conID: 3 locID: 102659352018747835 bcsId: 0,size=2097152]} | ret=SUCCESS |  
2019-08-22 07:03:22,611 | INFO  | DNAudit | user=null | ip=null | op=WRITE_CHUNK {blockData=conID: 3 locID: 102659352018747835 bcsId: 0} | ret=SUCCESS |  
2019-08-22 07:03:22,611 | INFO  | DNAudit | user=null | ip=null | op=PUT_BLOCK {blockData=[blockId=conID: 3 locID: 102659352018747835 bcsId: 0,size=1048576]} | ret=SUCCESS |  
2019-08-22 07:03:22,611 | INFO  | DNAudit | user=null | ip=null | op=WRITE_CHUNK {blockData=conID: 3 locID: 102659352018747835 bcsId: 0} | ret=SUCCESS |  
2019-08-22 07:03:22,611 [grpc-default-executor-5] INFO  client.GrpcClientProtocolClient (GrpcClientProtocolClient.java:onNext(255)) - client-CF63D631FA17->3cf1264f-5f6b-4138-aeee-2ff7d4522ead: receive RaftClientReply:client-CF63D631FA17->3cf1264f-5f6b-4138-aeee-2ff7d4522ead@group-561E16522154, cid=994, SUCCESS, logIndex=1339, commits[3cf1264f-5f6b-4138-aeee-2ff7d4522ead:c1341, 4f0d1a15-8f14-4d9a-ad4f-8211e1245b5d:c1337, 6999f20e-c3f7-4db4-87ca-141c476f2a88:c1337]
2019-08-22 07:03:22,612 [grpc-default-executor-5] INFO  client.GrpcClientProtocolClient (GrpcClientProtocolClient.java:onNext(255)) - client-CF63D631FA17->3cf1264f-5f6b-4138-aeee-2ff7d4522ead: receive RaftClientReply:client-CF63D631FA17->3cf1264f-5f6b-4138-aeee-2ff7d4522ead@group-561E16522154, cid=995, SUCCESS, logIndex=1340, commits[3cf1264f-5f6b-4138-aeee-2ff7d4522ead:c1341, 4f0d1a15-8f14-4d9a-ad4f-8211e1245b5d:c1337, 6999f20e-c3f7-4db4-87ca-141c476f2a88:c1337]
2019-08-22 07:03:22,612 | INFO  | DNAudit | user=null | ip=null | op=PUT_BLOCK {blockData=[blockId=conID: 3 locID: 102659352018747835 bcsId: 0,size=1048576]} | ret=SUCCESS |  
2019-08-22 07:03:22,612 [grpc-default-executor-5] INFO  client.GrpcClientProtocolClient (GrpcClientProtocolClient.java:onNext(255)) - client-CF63D631FA17->3cf1264f-5f6b-4138-aeee-2ff7d4522ead: receive RaftClientReply:client-CF63D631FA17->3cf1264f-5f6b-4138-aeee-2ff7d4522ead@group-561E16522154, cid=996, SUCCESS, logIndex=1341, commits[3cf1264f-5f6b-4138-aeee-2ff7d4522ead:c1341, 4f0d1a15-8f14-4d9a-ad4f-8211e1245b5d:c1338, 6999f20e-c3f7-4db4-87ca-141c476f2a88:c1337]
2019-08-22 07:03:22,613 | INFO  | DNAudit | user=null | ip=null | op=WRITE_CHUNK {blockData=conID: 3 locID: 102659352018747835 bcsId: 0} | ret=SUCCESS |  
2019-08-22 07:03:22,613 | INFO  | DNAudit | user=null | ip=null | op=PUT_BLOCK {blockData=[blockId=conID: 3 locID: 102659352018747835 bcsId: 0,size=2097152]} | ret=SUCCESS |  
2019-08-22 07:03:22,613 | INFO  | DNAudit | user=null | ip=null | op=WRITE_CHUNK {blockData=conID: 3 locID: 102659352018747835 bcsId: 0} | ret=SUCCESS |  
2019-08-22 07:03:22,613 | INFO  | DNAudit | user=null | ip=null | op=PUT_BLOCK {blockData=[blockId=conID: 3 locID: 102659352018747835 bcsId: 0,size=2097152]} | ret=SUCCESS |  
2019-08-22 07:03:22,614 [grpc-default-executor-5] INFO  client.GrpcClientProtocolClient (GrpcClientProtocolClient.java:onNext(255)) - client-CF63D631FA17->3cf1264f-5f6b-4138-aeee-2ff7d4522ead: receive RaftClientReply:client-CF63D631FA17->3cf1264f-5f6b-4138-aeee-2ff7d4522ead@group-561E16522154, cid=997, SUCCESS, logIndex=0, commits[3cf1264f-5f6b-4138-aeee-2ff7d4522ead:c1344, 4f0d1a15-8f14-4d9a-ad4f-8211e1245b5d:c1341, 6999f20e-c3f7-4db4-87ca-141c476f2a88:c1341]
2019-08-22 07:03:22,625 | INFO  | DNAudit | user=null | ip=null | op=WRITE_CHUNK {blockData=conID: 3 locID: 102659352018747835 bcsId: 1341} | ret=SUCCESS |  
2019-08-22 07:03:22,629 | INFO  | DNAudit | user=null | ip=null | op=WRITE_CHUNK {blockData=conID: 3 locID: 102659352018747835 bcsId: 1341} | ret=SUCCESS |  
2019-08-22 07:03:22,629 | INFO  | DNAudit | user=null | ip=null | op=WRITE_CHUNK {blockData=conID: 3 locID: 102659352018747835 bcsId: 1341} | ret=SUCCESS |  
2019-08-22 07:03:22,638 | INFO  | DNAudit | user=null | ip=null | op=WRITE_CHUNK {blockData=conID: 3 locID: 102659352018747835 bcsId: 1341} | ret=SUCCESS |  
2019-08-22 07:03:22,639 | INFO  | DNAudit | user=null | ip=null | op=PUT_BLOCK {blockData=[blockId=conID: 3 locID: 102659352018747835 bcsId: 0,size=3145728]} | ret=SUCCESS |  
2019-08-22 07:03:22,639 [grpc-default-executor-3] INFO  client.GrpcClientProtocolClient (GrpcClientProtocolClient.java:onNext(255)) - client-CF63D631FA17->3cf1264f-5f6b-4138-aeee-2ff7d4522ead: receive RaftClientReply:client-CF63D631FA17->3cf1264f-5f6b-4138-aeee-2ff7d4522ead@group-561E16522154, cid=998, SUCCESS, logIndex=1345, commits[3cf1264f-5f6b-4138-aeee-2ff7d4522ead:c1346, 4f0d1a15-8f14-4d9a-ad4f-8211e1245b5d:c1344, 6999f20e-c3f7-4db4-87ca-141c476f2a88:c1344]
2019-08-22 07:03:22,640 [grpc-default-executor-3] INFO  client.GrpcClientProtocolClient (GrpcClientProtocolClient.java:onNext(255)) - client-CF63D631FA17->3cf1264f-5f6b-4138-aeee-2ff7d4522ead: receive RaftClientReply:client-CF63D631FA17->3cf1264f-5f6b-4138-aeee-2ff7d4522ead@group-561E16522154, cid=999, SUCCESS, logIndex=1346, commits[3cf1264f-5f6b-4138-aeee-2ff7d4522ead:c1346, 4f0d1a15-8f14-4d9a-ad4f-8211e1245b5d:c1344, 6999f20e-c3f7-4db4-87ca-141c476f2a88:c1344]
2019-08-22 07:03:22,649 | INFO  | DNAudit | user=null | ip=null | op=WRITE_CHUNK {blockData=conID: 3 locID: 102659352018747835 bcsId: 1346} | ret=SUCCESS |  
2019-08-22 07:03:22,650 | INFO  | DNAudit | user=null | ip=null | op=WRITE_CHUNK {blockData=conID: 3 locID: 102659352018747835 bcsId: 1341} | ret=SUCCESS |  
2019-08-22 07:03:22,650 | INFO  | DNAudit | user=null | ip=null | op=WRITE_CHUNK {blockData=conID: 3 locID: 102659352018747835 bcsId: 1341} | ret=SUCCESS |  
2019-08-22 07:03:22,650 | INFO  | DNAudit | user=null | ip=null | op=PUT_BLOCK {blockData=[blockId=conID: 3 locID: 102659352018747835 bcsId: 0,size=3145728]} | ret=SUCCESS |  
2019-08-22 07:03:22,651 | INFO  | DNAudit | user=null | ip=null | op=PUT_BLOCK {blockData=[blockId=conID: 3 locID: 102659352018747835 bcsId: 0,size=3145728]} | ret=SUCCESS |  
2019-08-22 07:03:22,652 | INFO  | DNAudit | user=null | ip=null | op=WRITE_CHUNK {blockData=conID: 3 locID: 102659352018747835 bcsId: 1346} | ret=SUCCESS |  
2019-08-22 07:03:22,652 | INFO  | DNAudit | user=null | ip=null | op=WRITE_CHUNK {blockData=conID: 3 locID: 102659352018747835 bcsId: 1346} | ret=SUCCESS |  
2019-08-22 07:03:22,664 | INFO  | DNAudit | user=null | ip=null | op=WRITE_CHUNK {blockData=conID: 3 locID: 102659352018747835 bcsId: 1346} | ret=SUCCESS |  
2019-08-22 07:03:22,665 | INFO  | DNAudit | user=null | ip=null | op=PUT_BLOCK {blockData=[blockId=conID: 3 locID: 102659352018747835 bcsId: 0,size=4194304]} | ret=SUCCESS |  
2019-08-22 07:03:22,665 [grpc-default-executor-0] INFO  client.GrpcClientProtocolClient (GrpcClientProtocolClient.java:onNext(255)) - client-CF63D631FA17->3cf1264f-5f6b-4138-aeee-2ff7d4522ead: receive RaftClientReply:client-CF63D631FA17->3cf1264f-5f6b-4138-aeee-2ff7d4522ead@group-561E16522154, cid=1000, SUCCESS, logIndex=1349, commits[3cf1264f-5f6b-4138-aeee-2ff7d4522ead:c1350, 4f0d1a15-8f14-4d9a-ad4f-8211e1245b5d:c1346, 6999f20e-c3f7-4db4-87ca-141c476f2a88:c1346]
2019-08-22 07:03:22,666 [grpc-default-executor-0] INFO  client.GrpcClientProtocolClient (GrpcClientProtocolClient.java:onNext(255)) - client-CF63D631FA17->3cf1264f-5f6b-4138-aeee-2ff7d4522ead: receive RaftClientReply:client-CF63D631FA17->3cf1264f-5f6b-4138-aeee-2ff7d4522ead@group-561E16522154, cid=1001, SUCCESS, logIndex=1350, commits[3cf1264f-5f6b-4138-aeee-2ff7d4522ead:c1350, 4f0d1a15-8f14-4d9a-ad4f-8211e1245b5d:c1346, 6999f20e-c3f7-4db4-87ca-141c476f2a88:c1346]
2019-08-22 07:03:22,676 | INFO  | DNAudit | user=null | ip=null | op=WRITE_CHUNK {blockData=conID: 3 locID: 102659352018747835 bcsId: 1346} | ret=SUCCESS |  
2019-08-22 07:03:22,676 | INFO  | DNAudit | user=null | ip=null | op=WRITE_CHUNK {blockData=conID: 3 locID: 102659352018747835 bcsId: 1346} | ret=SUCCESS |  
2019-08-22 07:03:22,676 | INFO  | DNAudit | user=null | ip=null | op=PUT_BLOCK {blockData=[blockId=conID: 3 locID: 102659352018747835 bcsId: 0,size=4194304]} | ret=SUCCESS |  
2019-08-22 07:03:22,676 | INFO  | DNAudit | user=null | ip=null | op=PUT_BLOCK {blockData=[blockId=conID: 3 locID: 102659352018747835 bcsId: 0,size=4194304]} | ret=SUCCESS |  
2019-08-22 07:03:22,677 [grpc-default-executor-0] INFO  client.GrpcClientProtocolClient (GrpcClientProtocolClient.java:onNext(255)) - client-CF63D631FA17->3cf1264f-5f6b-4138-aeee-2ff7d4522ead: receive RaftClientReply:client-CF63D631FA17->3cf1264f-5f6b-4138-aeee-2ff7d4522ead@group-561E16522154, cid=1002, SUCCESS, logIndex=0, commits[3cf1264f-5f6b-4138-aeee-2ff7d4522ead:c1351, 4f0d1a15-8f14-4d9a-ad4f-8211e1245b5d:c1350, 6999f20e-c3f7-4db4-87ca-141c476f2a88:c1350]
2019-08-22 07:03:22,685 | INFO  | DNAudit | user=null | ip=null | op=WRITE_CHUNK {blockData=conID: 1 locID: 102659352018747836 bcsId: 0} | ret=SUCCESS |  
2019-08-22 07:03:22,689 | INFO  | DNAudit | user=null | ip=null | op=WRITE_CHUNK {blockData=conID: 1 locID: 102659352018747836 bcsId: 0} | ret=SUCCESS |  
2019-08-22 07:03:22,689 | INFO  | DNAudit | user=null | ip=null | op=WRITE_CHUNK {blockData=conID: 1 locID: 102659352018747836 bcsId: 0} | ret=SUCCESS |  
2019-08-22 07:03:22,690 | INFO  | DNAudit | user=null | ip=null | op=WRITE_CHUNK {blockData=conID: 1 locID: 102659352018747836 bcsId: 0} | ret=SUCCESS |  
2019-08-22 07:03:22,692 | INFO  | DNAudit | user=null | ip=null | op=WRITE_CHUNK {blockData=conID: 1 locID: 102659352018747836 bcsId: 0} | ret=SUCCESS |  
2019-08-22 07:03:22,692 | INFO  | DNAudit | user=null | ip=null | op=WRITE_CHUNK {blockData=conID: 1 locID: 102659352018747836 bcsId: 0} | ret=SUCCESS |  
2019-08-22 07:03:22,698 | INFO  | DNAudit | user=null | ip=null | op=WRITE_CHUNK {blockData=conID: 1 locID: 102659352018747836 bcsId: 0} | ret=SUCCESS |  
2019-08-22 07:03:22,698 | INFO  | DNAudit | user=null | ip=null | op=PUT_BLOCK {blockData=[blockId=conID: 1 locID: 102659352018747836 bcsId: 0,size=1048576]} | ret=SUCCESS |  
2019-08-22 07:03:22,699 [grpc-default-executor-3] INFO  client.GrpcClientProtocolClient (GrpcClientProtocolClient.java:onNext(255)) - client-CF63D631FA17->3cf1264f-5f6b-4138-aeee-2ff7d4522ead: receive RaftClientReply:client-CF63D631FA17->3cf1264f-5f6b-4138-aeee-2ff7d4522ead@group-561E16522154, cid=1003, SUCCESS, logIndex=1353, commits[3cf1264f-5f6b-4138-aeee-2ff7d4522ead:c1354, 4f0d1a15-8f14-4d9a-ad4f-8211e1245b5d:c1352, 6999f20e-c3f7-4db4-87ca-141c476f2a88:c1352]
2019-08-22 07:03:22,699 | INFO  | DNAudit | user=null | ip=null | op=WRITE_CHUNK {blockData=conID: 1 locID: 102659352018747836 bcsId: 0} | ret=SUCCESS |  
2019-08-22 07:03:22,699 [grpc-default-executor-3] INFO  client.GrpcClientProtocolClient (GrpcClientProtocolClient.java:onNext(255)) - client-CF63D631FA17->3cf1264f-5f6b-4138-aeee-2ff7d4522ead: receive RaftClientReply:client-CF63D631FA17->3cf1264f-5f6b-4138-aeee-2ff7d4522ead@group-561E16522154, cid=1004, SUCCESS, logIndex=1354, commits[3cf1264f-5f6b-4138-aeee-2ff7d4522ead:c1355, 4f0d1a15-8f14-4d9a-ad4f-8211e1245b5d:c1352, 6999f20e-c3f7-4db4-87ca-141c476f2a88:c1352]
2019-08-22 07:03:22,700 | INFO  | DNAudit | user=null | ip=null | op=PUT_BLOCK {blockData=[blockId=conID: 1 locID: 102659352018747836 bcsId: 0,size=2097152]} | ret=SUCCESS |  
2019-08-22 07:03:22,700 | INFO  | DNAudit | user=null | ip=null | op=WRITE_CHUNK {blockData=conID: 1 locID: 102659352018747836 bcsId: 0} | ret=SUCCESS |  
2019-08-22 07:03:22,700 [grpc-default-executor-1] INFO  client.GrpcClientProtocolClient (GrpcClientProtocolClient.java:onNext(255)) - client-CF63D631FA17->3cf1264f-5f6b-4138-aeee-2ff7d4522ead: receive RaftClientReply:client-CF63D631FA17->3cf1264f-5f6b-4138-aeee-2ff7d4522ead@group-561E16522154, cid=1005, SUCCESS, logIndex=1355, commits[3cf1264f-5f6b-4138-aeee-2ff7d4522ead:c1356, 4f0d1a15-8f14-4d9a-ad4f-8211e1245b5d:c1352, 6999f20e-c3f7-4db4-87ca-141c476f2a88:c1352]
2019-08-22 07:03:22,700 | INFO  | DNAudit | user=null | ip=null | op=PUT_BLOCK {blockData=[blockId=conID: 1 locID: 102659352018747836 bcsId: 0,size=1048576]} | ret=SUCCESS |  
2019-08-22 07:03:22,701 | INFO  | DNAudit | user=null | ip=null | op=WRITE_CHUNK {blockData=conID: 1 locID: 102659352018747836 bcsId: 0} | ret=SUCCESS |  
2019-08-22 07:03:22,701 [grpc-default-executor-1] INFO  client.GrpcClientProtocolClient (GrpcClientProtocolClient.java:onNext(255)) - client-CF63D631FA17->3cf1264f-5f6b-4138-aeee-2ff7d4522ead: receive RaftClientReply:client-CF63D631FA17->3cf1264f-5f6b-4138-aeee-2ff7d4522ead@group-561E16522154, cid=1006, SUCCESS, logIndex=1356, commits[3cf1264f-5f6b-4138-aeee-2ff7d4522ead:c1356, 4f0d1a15-8f14-4d9a-ad4f-8211e1245b5d:c1352, 6999f20e-c3f7-4db4-87ca-141c476f2a88:c1352]
2019-08-22 07:03:22,701 | INFO  | DNAudit | user=null | ip=null | op=PUT_BLOCK {blockData=[blockId=conID: 1 locID: 102659352018747836 bcsId: 0,size=1048576]} | ret=SUCCESS |  
2019-08-22 07:03:22,701 | INFO  | DNAudit | user=null | ip=null | op=WRITE_CHUNK {blockData=conID: 1 locID: 102659352018747836 bcsId: 0} | ret=SUCCESS |  
2019-08-22 07:03:22,701 | INFO  | DNAudit | user=null | ip=null | op=WRITE_CHUNK {blockData=conID: 1 locID: 102659352018747836 bcsId: 0} | ret=SUCCESS |  
2019-08-22 07:03:22,701 | INFO  | DNAudit | user=null | ip=null | op=PUT_BLOCK {blockData=[blockId=conID: 1 locID: 102659352018747836 bcsId: 0,size=2097152]} | ret=SUCCESS |  
2019-08-22 07:03:22,701 | INFO  | DNAudit | user=null | ip=null | op=PUT_BLOCK {blockData=[blockId=conID: 1 locID: 102659352018747836 bcsId: 0,size=2097152]} | ret=SUCCESS |  
2019-08-22 07:03:22,702 [grpc-default-executor-1] INFO  client.GrpcClientProtocolClient (GrpcClientProtocolClient.java:onNext(255)) - client-CF63D631FA17->3cf1264f-5f6b-4138-aeee-2ff7d4522ead: receive RaftClientReply:client-CF63D631FA17->3cf1264f-5f6b-4138-aeee-2ff7d4522ead@group-561E16522154, cid=1007, SUCCESS, logIndex=0, commits[3cf1264f-5f6b-4138-aeee-2ff7d4522ead:c1360, 4f0d1a15-8f14-4d9a-ad4f-8211e1245b5d:c1355, 6999f20e-c3f7-4db4-87ca-141c476f2a88:c1356]
2019-08-22 07:03:22,709 | INFO  | DNAudit | user=null | ip=null | op=WRITE_CHUNK {blockData=conID: 1 locID: 102659352018747836 bcsId: 1356} | ret=SUCCESS |  
 0.00% |█                                                                                                    |  0/1 Time: 0:00:052019-08-22 07:03:22,712 | INFO  | DNAudit | user=null | ip=null | op=WRITE_CHUNK {blockData=conID: 1 locID: 102659352018747836 bcsId: 1356} | ret=SUCCESS |  
2019-08-22 07:03:22,712 | INFO  | DNAudit | user=null | ip=null | op=WRITE_CHUNK {blockData=conID: 1 locID: 102659352018747836 bcsId: 1356} | ret=SUCCESS |  
2019-08-22 07:03:22,722 | INFO  | DNAudit | user=null | ip=null | op=WRITE_CHUNK {blockData=conID: 1 locID: 102659352018747836 bcsId: 1356} | ret=SUCCESS |  
2019-08-22 07:03:22,723 | INFO  | DNAudit | user=null | ip=null | op=PUT_BLOCK {blockData=[blockId=conID: 1 locID: 102659352018747836 bcsId: 0,size=3145728]} | ret=SUCCESS |  
2019-08-22 07:03:22,723 [grpc-default-executor-1] INFO  client.GrpcClientProtocolClient (GrpcClientProtocolClient.java:onNext(255)) - client-CF63D631FA17->3cf1264f-5f6b-4138-aeee-2ff7d4522ead: receive RaftClientReply:client-CF63D631FA17->3cf1264f-5f6b-4138-aeee-2ff7d4522ead@group-561E16522154, cid=1008, SUCCESS, logIndex=1361, commits[3cf1264f-5f6b-4138-aeee-2ff7d4522ead:c1362, 4f0d1a15-8f14-4d9a-ad4f-8211e1245b5d:c1360, 6999f20e-c3f7-4db4-87ca-141c476f2a88:c1360]
2019-08-22 07:03:22,723 [grpc-default-executor-1] INFO  client.GrpcClientProtocolClient (GrpcClientProtocolClient.java:onNext(255)) - client-CF63D631FA17->3cf1264f-5f6b-4138-aeee-2ff7d4522ead: receive RaftClientReply:client-CF63D631FA17->3cf1264f-5f6b-4138-aeee-2ff7d4522ead@group-561E16522154, cid=1009, SUCCESS, logIndex=1362, commits[3cf1264f-5f6b-4138-aeee-2ff7d4522ead:c1362, 4f0d1a15-8f14-4d9a-ad4f-8211e1245b5d:c1360, 6999f20e-c3f7-4db4-87ca-141c476f2a88:c1360]
2019-08-22 07:03:22,724 | INFO  | DNAudit | user=null | ip=null | op=WRITE_CHUNK {blockData=conID: 1 locID: 102659352018747836 bcsId: 1356} | ret=SUCCESS |  
2019-08-22 07:03:22,725 | INFO  | DNAudit | user=null | ip=null | op=WRITE_CHUNK {blockData=conID: 1 locID: 102659352018747836 bcsId: 1356} | ret=SUCCESS |  
2019-08-22 07:03:22,727 | INFO  | DNAudit | user=null | ip=null | op=PUT_BLOCK {blockData=[blockId=conID: 1 locID: 102659352018747836 bcsId: 0,size=3145728]} | ret=SUCCESS |  
2019-08-22 07:03:22,727 | INFO  | DNAudit | user=null | ip=null | op=PUT_BLOCK {blockData=[blockId=conID: 1 locID: 102659352018747836 bcsId: 0,size=3145728]} | ret=SUCCESS |  
2019-08-22 07:03:22,731 | INFO  | DNAudit | user=null | ip=null | op=WRITE_CHUNK {blockData=conID: 1 locID: 102659352018747836 bcsId: 1362} | ret=SUCCESS |  
2019-08-22 07:03:22,733 | INFO  | DNAudit | user=null | ip=null | op=WRITE_CHUNK {blockData=conID: 1 locID: 102659352018747836 bcsId: 1362} | ret=SUCCESS |  
2019-08-22 07:03:22,734 | INFO  | DNAudit | user=null | ip=null | op=WRITE_CHUNK {blockData=conID: 1 locID: 102659352018747836 bcsId: 1362} | ret=SUCCESS |  
2019-08-22 07:03:22,739 | INFO  | DNAudit | user=null | ip=null | op=WRITE_CHUNK {blockData=conID: 1 locID: 102659352018747836 bcsId: 1362} | ret=SUCCESS |  
2019-08-22 07:03:22,739 | INFO  | DNAudit | user=null | ip=null | op=PUT_BLOCK {blockData=[blockId=conID: 1 locID: 102659352018747836 bcsId: 0,size=4194304]} | ret=SUCCESS |  
2019-08-22 07:03:22,739 [grpc-default-executor-5] INFO  client.GrpcClientProtocolClient (GrpcClientProtocolClient.java:onNext(255)) - client-CF63D631FA17->3cf1264f-5f6b-4138-aeee-2ff7d4522ead: receive RaftClientReply:client-CF63D631FA17->3cf1264f-5f6b-4138-aeee-2ff7d4522ead@group-561E16522154, cid=1010, SUCCESS, logIndex=1365, commits[3cf1264f-5f6b-4138-aeee-2ff7d4522ead:c1366, 4f0d1a15-8f14-4d9a-ad4f-8211e1245b5d:c1364, 6999f20e-c3f7-4db4-87ca-141c476f2a88:c1364]
2019-08-22 07:03:22,740 [grpc-default-executor-5] INFO  client.GrpcClientProtocolClient (GrpcClientProtocolClient.java:onNext(255)) - client-CF63D631FA17->3cf1264f-5f6b-4138-aeee-2ff7d4522ead: receive RaftClientReply:client-CF63D631FA17->3cf1264f-5f6b-4138-aeee-2ff7d4522ead@group-561E16522154, cid=1011, SUCCESS, logIndex=1366, commits[3cf1264f-5f6b-4138-aeee-2ff7d4522ead:c1366, 4f0d1a15-8f14-4d9a-ad4f-8211e1245b5d:c1364, 6999f20e-c3f7-4db4-87ca-141c476f2a88:c1364]
2019-08-22 07:03:22,741 | INFO  | DNAudit | user=null | ip=null | op=WRITE_CHUNK {blockData=conID: 1 locID: 102659352018747836 bcsId: 1362} | ret=SUCCESS |  
2019-08-22 07:03:22,741 | INFO  | DNAudit | user=null | ip=null | op=WRITE_CHUNK {blockData=conID: 1 locID: 102659352018747836 bcsId: 1362} | ret=SUCCESS |  
2019-08-22 07:03:22,743 | INFO  | DNAudit | user=null | ip=null | op=PUT_BLOCK {blockData=[blockId=conID: 1 locID: 102659352018747836 bcsId: 0,size=4194304]} | ret=SUCCESS |  
2019-08-22 07:03:22,743 | INFO  | DNAudit | user=null | ip=null | op=PUT_BLOCK {blockData=[blockId=conID: 1 locID: 102659352018747836 bcsId: 0,size=4194304]} | ret=SUCCESS |  
2019-08-22 07:03:22,744 [grpc-default-executor-5] INFO  client.GrpcClientProtocolClient (GrpcClientProtocolClient.java:onNext(255)) - client-CF63D631FA17->3cf1264f-5f6b-4138-aeee-2ff7d4522ead: receive RaftClientReply:client-CF63D631FA17->3cf1264f-5f6b-4138-aeee-2ff7d4522ead@group-561E16522154, cid=1012, SUCCESS, logIndex=0, commits[3cf1264f-5f6b-4138-aeee-2ff7d4522ead:c1368, 4f0d1a15-8f14-4d9a-ad4f-8211e1245b5d:c1366, 6999f20e-c3f7-4db4-87ca-141c476f2a88:c1366]
2019-08-22 07:03:22,751 | INFO  | DNAudit | user=null | ip=null | op=WRITE_CHUNK {blockData=conID: 2 locID: 102659352018747837 bcsId: 0} | ret=SUCCESS |  
2019-08-22 07:03:22,754 | INFO  | DNAudit | user=null | ip=null | op=WRITE_CHUNK {blockData=conID: 2 locID: 102659352018747837 bcsId: 0} | ret=SUCCESS |  
2019-08-22 07:03:22,754 | INFO  | DNAudit | user=null | ip=null | op=WRITE_CHUNK {blockData=conID: 2 locID: 102659352018747837 bcsId: 0} | ret=SUCCESS |  
2019-08-22 07:03:22,754 | INFO  | DNAudit | user=null | ip=null | op=WRITE_CHUNK {blockData=conID: 2 locID: 102659352018747837 bcsId: 0} | ret=SUCCESS |  
2019-08-22 07:03:22,756 | INFO  | DNAudit | user=null | ip=null | op=WRITE_CHUNK {blockData=conID: 2 locID: 102659352018747837 bcsId: 0} | ret=SUCCESS |  
2019-08-22 07:03:22,757 | INFO  | DNAudit | user=null | ip=null | op=WRITE_CHUNK {blockData=conID: 2 locID: 102659352018747837 bcsId: 0} | ret=SUCCESS |  
2019-08-22 07:03:22,757 | INFO  | DNAudit | user=null | ip=null | op=PUT_BLOCK {blockData=[blockId=conID: 2 locID: 102659352018747837 bcsId: 0,size=1048576]} | ret=SUCCESS |  
2019-08-22 07:03:22,757 | INFO  | DNAudit | user=null | ip=null | op=WRITE_CHUNK {blockData=conID: 2 locID: 102659352018747837 bcsId: 0} | ret=SUCCESS |  
2019-08-22 07:03:22,757 [grpc-default-executor-5] INFO  client.GrpcClientProtocolClient (GrpcClientProtocolClient.java:onNext(255)) - client-CF63D631FA17->3cf1264f-5f6b-4138-aeee-2ff7d4522ead: receive RaftClientReply:client-CF63D631FA17->3cf1264f-5f6b-4138-aeee-2ff7d4522ead@group-561E16522154, cid=1013, SUCCESS, logIndex=1369, commits[3cf1264f-5f6b-4138-aeee-2ff7d4522ead:c1370, 4f0d1a15-8f14-4d9a-ad4f-8211e1245b5d:c1368, 6999f20e-c3f7-4db4-87ca-141c476f2a88:c1368]
2019-08-22 07:03:22,758 [grpc-default-executor-5] INFO  client.GrpcClientProtocolClient (GrpcClientProtocolClient.java:onNext(255)) - client-CF63D631FA17->3cf1264f-5f6b-4138-aeee-2ff7d4522ead: receive RaftClientReply:client-CF63D631FA17->3cf1264f-5f6b-4138-aeee-2ff7d4522ead@group-561E16522154, cid=1014, SUCCESS, logIndex=1370, commits[3cf1264f-5f6b-4138-aeee-2ff7d4522ead:c1370, 4f0d1a15-8f14-4d9a-ad4f-8211e1245b5d:c1368, 6999f20e-c3f7-4db4-87ca-141c476f2a88:c1368]
2019-08-22 07:03:22,758 | INFO  | DNAudit | user=null | ip=null | op=WRITE_CHUNK {blockData=conID: 2 locID: 102659352018747837 bcsId: 0} | ret=SUCCESS |  
2019-08-22 07:03:22,758 | INFO  | DNAudit | user=null | ip=null | op=WRITE_CHUNK {blockData=conID: 2 locID: 102659352018747837 bcsId: 0} | ret=SUCCESS |  
2019-08-22 07:03:22,759 | INFO  | DNAudit | user=null | ip=null | op=PUT_BLOCK {blockData=[blockId=conID: 2 locID: 102659352018747837 bcsId: 0,size=2097152]} | ret=SUCCESS |  
2019-08-22 07:03:22,759 [grpc-default-executor-5] INFO  client.GrpcClientProtocolClient (GrpcClientProtocolClient.java:onNext(255)) - client-CF63D631FA17->3cf1264f-5f6b-4138-aeee-2ff7d4522ead: receive RaftClientReply:client-CF63D631FA17->3cf1264f-5f6b-4138-aeee-2ff7d4522ead@group-561E16522154, cid=1015, SUCCESS, logIndex=1371, commits[3cf1264f-5f6b-4138-aeee-2ff7d4522ead:c1372, 4f0d1a15-8f14-4d9a-ad4f-8211e1245b5d:c1369, 6999f20e-c3f7-4db4-87ca-141c476f2a88:c1368]
2019-08-22 07:03:22,760 | INFO  | DNAudit | user=null | ip=null | op=WRITE_CHUNK {blockData=conID: 2 locID: 102659352018747837 bcsId: 0} | ret=SUCCESS |  
2019-08-22 07:03:22,760 [grpc-default-executor-3] INFO  client.GrpcClientProtocolClient (GrpcClientProtocolClient.java:onNext(255)) - client-CF63D631FA17->3cf1264f-5f6b-4138-aeee-2ff7d4522ead: receive RaftClientReply:client-CF63D631FA17->3cf1264f-5f6b-4138-aeee-2ff7d4522ead@group-561E16522154, cid=1016, SUCCESS, logIndex=1372, commits[3cf1264f-5f6b-4138-aeee-2ff7d4522ead:c1373, 4f0d1a15-8f14-4d9a-ad4f-8211e1245b5d:c1369, 6999f20e-c3f7-4db4-87ca-141c476f2a88:c1368]
2019-08-22 07:03:22,760 | INFO  | DNAudit | user=null | ip=null | op=PUT_BLOCK {blockData=[blockId=conID: 2 locID: 102659352018747837 bcsId: 0,size=1048576]} | ret=SUCCESS |  
2019-08-22 07:03:22,761 | INFO  | DNAudit | user=null | ip=null | op=PUT_BLOCK {blockData=[blockId=conID: 2 locID: 102659352018747837 bcsId: 0,size=1048576]} | ret=SUCCESS |  
2019-08-22 07:03:22,762 [grpc-default-executor-3] INFO  client.GrpcClientProtocolClient (GrpcClientProtocolClient.java:onNext(255)) - client-CF63D631FA17->3cf1264f-5f6b-4138-aeee-2ff7d4522ead: receive RaftClientReply:client-CF63D631FA17->3cf1264f-5f6b-4138-aeee-2ff7d4522ead@group-561E16522154, cid=1017, SUCCESS, logIndex=0, commits[3cf1264f-5f6b-4138-aeee-2ff7d4522ead:c1374, 4f0d1a15-8f14-4d9a-ad4f-8211e1245b5d:c1370, 6999f20e-c3f7-4db4-87ca-141c476f2a88:c1370]
2019-08-22 07:03:22,763 | INFO  | DNAudit | user=null | ip=null | op=WRITE_CHUNK {blockData=conID: 2 locID: 102659352018747837 bcsId: 0} | ret=SUCCESS |  
2019-08-22 07:03:22,763 | INFO  | DNAudit | user=null | ip=null | op=PUT_BLOCK {blockData=[blockId=conID: 2 locID: 102659352018747837 bcsId: 0,size=2097152]} | ret=SUCCESS |  
2019-08-22 07:03:22,763 | INFO  | DNAudit | user=null | ip=null | op=WRITE_CHUNK {blockData=conID: 2 locID: 102659352018747837 bcsId: 0} | ret=SUCCESS |  
2019-08-22 07:03:22,763 | INFO  | DNAudit | user=null | ip=null | op=PUT_BLOCK {blockData=[blockId=conID: 2 locID: 102659352018747837 bcsId: 0,size=2097152]} | ret=SUCCESS |  
2019-08-22 07:03:22,769 | INFO  | DNAudit | user=null | ip=null | op=WRITE_CHUNK {blockData=conID: 2 locID: 102659352018747837 bcsId: 1372} | ret=SUCCESS |  
2019-08-22 07:03:22,772 | INFO  | DNAudit | user=null | ip=null | op=WRITE_CHUNK {blockData=conID: 2 locID: 102659352018747837 bcsId: 1372} | ret=SUCCESS |  
2019-08-22 07:03:22,772 | INFO  | DNAudit | user=null | ip=null | op=WRITE_CHUNK {blockData=conID: 2 locID: 102659352018747837 bcsId: 1372} | ret=SUCCESS |  
2019-08-22 07:03:22,775 | INFO  | DNAudit | user=null | ip=null | op=WRITE_CHUNK {blockData=conID: 2 locID: 102659352018747837 bcsId: 1372} | ret=SUCCESS |  
2019-08-22 07:03:22,775 | INFO  | DNAudit | user=null | ip=null | op=PUT_BLOCK {blockData=[blockId=conID: 2 locID: 102659352018747837 bcsId: 0,size=3145728]} | ret=SUCCESS |  
2019-08-22 07:03:22,776 [grpc-default-executor-3] INFO  client.GrpcClientProtocolClient (GrpcClientProtocolClient.java:onNext(255)) - client-CF63D631FA17->3cf1264f-5f6b-4138-aeee-2ff7d4522ead: receive RaftClientReply:client-CF63D631FA17->3cf1264f-5f6b-4138-aeee-2ff7d4522ead@group-561E16522154, cid=1018, SUCCESS, logIndex=1377, commits[3cf1264f-5f6b-4138-aeee-2ff7d4522ead:c1378, 4f0d1a15-8f14-4d9a-ad4f-8211e1245b5d:c1376, 6999f20e-c3f7-4db4-87ca-141c476f2a88:c1376]
2019-08-22 07:03:22,776 [grpc-default-executor-3] INFO  client.GrpcClientProtocolClient (GrpcClientProtocolClient.java:onNext(255)) - client-CF63D631FA17->3cf1264f-5f6b-4138-aeee-2ff7d4522ead: receive RaftClientReply:client-CF63D631FA17->3cf1264f-5f6b-4138-aeee-2ff7d4522ead@group-561E16522154, cid=1019, SUCCESS, logIndex=1378, commits[3cf1264f-5f6b-4138-aeee-2ff7d4522ead:c1378, 4f0d1a15-8f14-4d9a-ad4f-8211e1245b5d:c1376, 6999f20e-c3f7-4db4-87ca-141c476f2a88:c1376]
2019-08-22 07:03:22,777 | INFO  | DNAudit | user=null | ip=null | op=WRITE_CHUNK {blockData=conID: 2 locID: 102659352018747837 bcsId: 1372} | ret=SUCCESS |  
2019-08-22 07:03:22,777 | INFO  | DNAudit | user=null | ip=null | op=WRITE_CHUNK {blockData=conID: 2 locID: 102659352018747837 bcsId: 1372} | ret=SUCCESS |  
2019-08-22 07:03:22,777 | INFO  | DNAudit | user=null | ip=null | op=PUT_BLOCK {blockData=[blockId=conID: 2 locID: 102659352018747837 bcsId: 0,size=3145728]} | ret=SUCCESS |  
2019-08-22 07:03:22,777 | INFO  | DNAudit | user=null | ip=null | op=PUT_BLOCK {blockData=[blockId=conID: 2 locID: 102659352018747837 bcsId: 0,size=3145728]} | ret=SUCCESS |  
2019-08-22 07:03:22,782 | INFO  | DNAudit | user=null | ip=null | op=WRITE_CHUNK {blockData=conID: 2 locID: 102659352018747837 bcsId: 1378} | ret=SUCCESS |  
2019-08-22 07:03:22,785 | INFO  | DNAudit | user=null | ip=null | op=WRITE_CHUNK {blockData=conID: 2 locID: 102659352018747837 bcsId: 1378} | ret=SUCCESS |  
2019-08-22 07:03:22,785 | INFO  | DNAudit | user=null | ip=null | op=WRITE_CHUNK {blockData=conID: 2 locID: 102659352018747837 bcsId: 1378} | ret=SUCCESS |  
2019-08-22 07:03:22,787 | INFO  | DNAudit | user=null | ip=null | op=WRITE_CHUNK {blockData=conID: 2 locID: 102659352018747837 bcsId: 1378} | ret=SUCCESS |  
2019-08-22 07:03:22,788 | INFO  | DNAudit | user=null | ip=null | op=PUT_BLOCK {blockData=[blockId=conID: 2 locID: 102659352018747837 bcsId: 0,size=4194304]} | ret=SUCCESS |  
2019-08-22 07:03:22,788 [grpc-default-executor-1] INFO  client.GrpcClientProtocolClient (GrpcClientProtocolClient.java:onNext(255)) - client-CF63D631FA17->3cf1264f-5f6b-4138-aeee-2ff7d4522ead: receive RaftClientReply:client-CF63D631FA17->3cf1264f-5f6b-4138-aeee-2ff7d4522ead@group-561E16522154, cid=1020, SUCCESS, logIndex=1381, commits[3cf1264f-5f6b-4138-aeee-2ff7d4522ead:c1382, 4f0d1a15-8f14-4d9a-ad4f-8211e1245b5d:c1380, 6999f20e-c3f7-4db4-87ca-141c476f2a88:c1380]
2019-08-22 07:03:22,788 [grpc-default-executor-1] INFO  client.GrpcClientProtocolClient (GrpcClientProtocolClient.java:onNext(255)) - client-CF63D631FA17->3cf1264f-5f6b-4138-aeee-2ff7d4522ead: receive RaftClientReply:client-CF63D631FA17->3cf1264f-5f6b-4138-aeee-2ff7d4522ead@group-561E16522154, cid=1021, SUCCESS, logIndex=1382, commits[3cf1264f-5f6b-4138-aeee-2ff7d4522ead:c1382, 4f0d1a15-8f14-4d9a-ad4f-8211e1245b5d:c1380, 6999f20e-c3f7-4db4-87ca-141c476f2a88:c1380]
2019-08-22 07:03:22,789 | INFO  | DNAudit | user=null | ip=null | op=WRITE_CHUNK {blockData=conID: 2 locID: 102659352018747837 bcsId: 1378} | ret=SUCCESS |  
2019-08-22 07:03:22,790 | INFO  | DNAudit | user=null | ip=null | op=PUT_BLOCK {blockData=[blockId=conID: 2 locID: 102659352018747837 bcsId: 0,size=4194304]} | ret=SUCCESS |  
2019-08-22 07:03:22,790 | INFO  | DNAudit | user=null | ip=null | op=WRITE_CHUNK {blockData=conID: 2 locID: 102659352018747837 bcsId: 1378} | ret=SUCCESS |  
2019-08-22 07:03:22,790 | INFO  | DNAudit | user=null | ip=null | op=PUT_BLOCK {blockData=[blockId=conID: 2 locID: 102659352018747837 bcsId: 0,size=4194304]} | ret=SUCCESS |  
2019-08-22 07:03:22,791 [grpc-default-executor-1] INFO  client.GrpcClientProtocolClient (GrpcClientProtocolClient.java:onNext(255)) - client-CF63D631FA17->3cf1264f-5f6b-4138-aeee-2ff7d4522ead: receive RaftClientReply:client-CF63D631FA17->3cf1264f-5f6b-4138-aeee-2ff7d4522ead@group-561E16522154, cid=1022, SUCCESS, logIndex=0, commits[3cf1264f-5f6b-4138-aeee-2ff7d4522ead:c1383, 4f0d1a15-8f14-4d9a-ad4f-8211e1245b5d:c1382, 6999f20e-c3f7-4db4-87ca-141c476f2a88:c1382]
2019-08-22 07:03:22,798 | INFO  | DNAudit | user=null | ip=null | op=WRITE_CHUNK {blockData=conID: 3 locID: 102659352018747838 bcsId: 0} | ret=SUCCESS |  
2019-08-22 07:03:22,800 | INFO  | DNAudit | user=null | ip=null | op=WRITE_CHUNK {blockData=conID: 3 locID: 102659352018747838 bcsId: 0} | ret=SUCCESS |  
2019-08-22 07:03:22,801 | INFO  | DNAudit | user=null | ip=null | op=WRITE_CHUNK {blockData=conID: 3 locID: 102659352018747838 bcsId: 0} | ret=SUCCESS |  
2019-08-22 07:03:22,801 | INFO  | DNAudit | user=null | ip=null | op=WRITE_CHUNK {blockData=conID: 3 locID: 102659352018747838 bcsId: 0} | ret=SUCCESS |  
2019-08-22 07:03:22,803 | INFO  | DNAudit | user=null | ip=null | op=WRITE_CHUNK {blockData=conID: 3 locID: 102659352018747838 bcsId: 0} | ret=SUCCESS |  
2019-08-22 07:03:22,803 | INFO  | DNAudit | user=null | ip=null | op=PUT_BLOCK {blockData=[blockId=conID: 3 locID: 102659352018747838 bcsId: 0,size=1048576]} | ret=SUCCESS |  
2019-08-22 07:03:22,803 | INFO  | DNAudit | user=null | ip=null | op=WRITE_CHUNK {blockData=conID: 3 locID: 102659352018747838 bcsId: 0} | ret=SUCCESS |  
2019-08-22 07:03:22,803 [grpc-default-executor-3] INFO  client.GrpcClientProtocolClient (GrpcClientProtocolClient.java:onNext(255)) - client-CF63D631FA17->3cf1264f-5f6b-4138-aeee-2ff7d4522ead: receive RaftClientReply:client-CF63D631FA17->3cf1264f-5f6b-4138-aeee-2ff7d4522ead@group-561E16522154, cid=1023, SUCCESS, logIndex=1385, commits[3cf1264f-5f6b-4138-aeee-2ff7d4522ead:c1386, 4f0d1a15-8f14-4d9a-ad4f-8211e1245b5d:c1384, 6999f20e-c3f7-4db4-87ca-141c476f2a88:c1382]
2019-08-22 07:03:22,804 | INFO  | DNAudit | user=null | ip=null | op=WRITE_CHUNK {blockData=conID: 3 locID: 102659352018747838 bcsId: 0} | ret=SUCCESS |  
2019-08-22 07:03:22,804 [grpc-default-executor-3] INFO  client.GrpcClientProtocolClient (GrpcClientProtocolClient.java:onNext(255)) - client-CF63D631FA17->3cf1264f-5f6b-4138-aeee-2ff7d4522ead: receive RaftClientReply:client-CF63D631FA17->3cf1264f-5f6b-4138-aeee-2ff7d4522ead@group-561E16522154, cid=1024, SUCCESS, logIndex=1386, commits[3cf1264f-5f6b-4138-aeee-2ff7d4522ead:c1386, 4f0d1a15-8f14-4d9a-ad4f-8211e1245b5d:c1384, 6999f20e-c3f7-4db4-87ca-141c476f2a88:c1384]
2019-08-22 07:03:22,805 | INFO  | DNAudit | user=null | ip=null | op=WRITE_CHUNK {blockData=conID: 3 locID: 102659352018747838 bcsId: 0} | ret=SUCCESS |  
2019-08-22 07:03:22,805 | INFO  | DNAudit | user=null | ip=null | op=WRITE_CHUNK {blockData=conID: 3 locID: 102659352018747838 bcsId: 0} | ret=SUCCESS |  
2019-08-22 07:03:22,805 | INFO  | DNAudit | user=null | ip=null | op=PUT_BLOCK {blockData=[blockId=conID: 3 locID: 102659352018747838 bcsId: 0,size=1048576]} | ret=SUCCESS |  
2019-08-22 07:03:22,806 | INFO  | DNAudit | user=null | ip=null | op=PUT_BLOCK {blockData=[blockId=conID: 3 locID: 102659352018747838 bcsId: 0,size=2097152]} | ret=SUCCESS |  
2019-08-22 07:03:22,806 | INFO  | DNAudit | user=null | ip=null | op=WRITE_CHUNK {blockData=conID: 3 locID: 102659352018747838 bcsId: 0} | ret=SUCCESS |  
2019-08-22 07:03:22,806 [grpc-default-executor-1] INFO  client.GrpcClientProtocolClient (GrpcClientProtocolClient.java:onNext(255)) - client-CF63D631FA17->3cf1264f-5f6b-4138-aeee-2ff7d4522ead: receive RaftClientReply:client-CF63D631FA17->3cf1264f-5f6b-4138-aeee-2ff7d4522ead@group-561E16522154, cid=1025, SUCCESS, logIndex=1387, commits[3cf1264f-5f6b-4138-aeee-2ff7d4522ead:c1389, 4f0d1a15-8f14-4d9a-ad4f-8211e1245b5d:c1384, 6999f20e-c3f7-4db4-87ca-141c476f2a88:c1386]
2019-08-22 07:03:22,806 | INFO  | DNAudit | user=null | ip=null | op=PUT_BLOCK {blockData=[blockId=conID: 3 locID: 102659352018747838 bcsId: 0,size=1048576]} | ret=SUCCESS |  
2019-08-22 07:03:22,807 [grpc-default-executor-1] INFO  client.GrpcClientProtocolClient (GrpcClientProtocolClient.java:onNext(255)) - client-CF63D631FA17->3cf1264f-5f6b-4138-aeee-2ff7d4522ead: receive RaftClientReply:client-CF63D631FA17->3cf1264f-5f6b-4138-aeee-2ff7d4522ead@group-561E16522154, cid=1026, SUCCESS, logIndex=1388, commits[3cf1264f-5f6b-4138-aeee-2ff7d4522ead:c1390, 4f0d1a15-8f14-4d9a-ad4f-8211e1245b5d:c1384, 6999f20e-c3f7-4db4-87ca-141c476f2a88:c1386]
2019-08-22 07:03:22,807 | INFO  | DNAudit | user=null | ip=null | op=WRITE_CHUNK {blockData=conID: 3 locID: 102659352018747838 bcsId: 0} | ret=SUCCESS |  
2019-08-22 07:03:22,807 | INFO  | DNAudit | user=null | ip=null | op=PUT_BLOCK {blockData=[blockId=conID: 3 locID: 102659352018747838 bcsId: 0,size=2097152]} | ret=SUCCESS |  
2019-08-22 07:03:22,808 | INFO  | DNAudit | user=null | ip=null | op=WRITE_CHUNK {blockData=conID: 3 locID: 102659352018747838 bcsId: 0} | ret=SUCCESS |  
2019-08-22 07:03:22,808 | INFO  | DNAudit | user=null | ip=null | op=PUT_BLOCK {blockData=[blockId=conID: 3 locID: 102659352018747838 bcsId: 0,size=2097152]} | ret=SUCCESS |  
2019-08-22 07:03:22,808 [grpc-default-executor-1] INFO  client.GrpcClientProtocolClient (GrpcClientProtocolClient.java:onNext(255)) - client-CF63D631FA17->3cf1264f-5f6b-4138-aeee-2ff7d4522ead: receive RaftClientReply:client-CF63D631FA17->3cf1264f-5f6b-4138-aeee-2ff7d4522ead@group-561E16522154, cid=1027, SUCCESS, logIndex=0, commits[3cf1264f-5f6b-4138-aeee-2ff7d4522ead:c1391, 4f0d1a15-8f14-4d9a-ad4f-8211e1245b5d:c1386, 6999f20e-c3f7-4db4-87ca-141c476f2a88:c1388]
2019-08-22 07:03:22,815 | INFO  | DNAudit | user=null | ip=null | op=WRITE_CHUNK {blockData=conID: 3 locID: 102659352018747838 bcsId: 1388} | ret=SUCCESS |  
2019-08-22 07:03:22,817 | INFO  | DNAudit | user=null | ip=null | op=WRITE_CHUNK {blockData=conID: 3 locID: 102659352018747838 bcsId: 1388} | ret=SUCCESS |  
2019-08-22 07:03:22,817 | INFO  | DNAudit | user=null | ip=null | op=WRITE_CHUNK {blockData=conID: 3 locID: 102659352018747838 bcsId: 1388} | ret=SUCCESS |  
2019-08-22 07:03:22,829 | INFO  | DNAudit | user=null | ip=null | op=WRITE_CHUNK {blockData=conID: 3 locID: 102659352018747838 bcsId: 1388} | ret=SUCCESS |  
2019-08-22 07:03:22,829 | INFO  | DNAudit | user=null | ip=null | op=PUT_BLOCK {blockData=[blockId=conID: 3 locID: 102659352018747838 bcsId: 0,size=3145728]} | ret=SUCCESS |  
2019-08-22 07:03:22,830 [grpc-default-executor-1] INFO  client.GrpcClientProtocolClient (GrpcClientProtocolClient.java:onNext(255)) - client-CF63D631FA17->3cf1264f-5f6b-4138-aeee-2ff7d4522ead: receive RaftClientReply:client-CF63D631FA17->3cf1264f-5f6b-4138-aeee-2ff7d4522ead@group-561E16522154, cid=1028, SUCCESS, logIndex=1393, commits[3cf1264f-5f6b-4138-aeee-2ff7d4522ead:c1394, 4f0d1a15-8f14-4d9a-ad4f-8211e1245b5d:c1392, 6999f20e-c3f7-4db4-87ca-141c476f2a88:c1392]
2019-08-22 07:03:22,830 [grpc-default-executor-1] INFO  client.GrpcClientProtocolClient (GrpcClientProtocolClient.java:onNext(255)) - client-CF63D631FA17->3cf1264f-5f6b-4138-aeee-2ff7d4522ead: receive RaftClientReply:client-CF63D631FA17->3cf1264f-5f6b-4138-aeee-2ff7d4522ead@group-561E16522154, cid=1029, SUCCESS, logIndex=1394, commits[3cf1264f-5f6b-4138-aeee-2ff7d4522ead:c1394, 4f0d1a15-8f14-4d9a-ad4f-8211e1245b5d:c1392, 6999f20e-c3f7-4db4-87ca-141c476f2a88:c1392]
2019-08-22 07:03:22,837 | INFO  | DNAudit | user=null | ip=null | op=WRITE_CHUNK {blockData=conID: 3 locID: 102659352018747838 bcsId: 1394} | ret=SUCCESS |  
2019-08-22 07:03:22,840 | INFO  | DNAudit | user=null | ip=null | op=WRITE_CHUNK {blockData=conID: 3 locID: 102659352018747838 bcsId: 1394} | ret=SUCCESS |  
2019-08-22 07:03:22,840 | INFO  | DNAudit | user=null | ip=null | op=WRITE_CHUNK {blockData=conID: 3 locID: 102659352018747838 bcsId: 1394} | ret=SUCCESS |  
2019-08-22 07:03:22,841 | INFO  | DNAudit | user=null | ip=null | op=WRITE_CHUNK {blockData=conID: 3 locID: 102659352018747838 bcsId: 1388} | ret=SUCCESS |  
2019-08-22 07:03:22,841 | INFO  | DNAudit | user=null | ip=null | op=WRITE_CHUNK {blockData=conID: 3 locID: 102659352018747838 bcsId: 1388} | ret=SUCCESS |  
2019-08-22 07:03:22,841 | INFO  | DNAudit | user=null | ip=null | op=PUT_BLOCK {blockData=[blockId=conID: 3 locID: 102659352018747838 bcsId: 0,size=3145728]} | ret=SUCCESS |  
2019-08-22 07:03:22,841 | INFO  | DNAudit | user=null | ip=null | op=PUT_BLOCK {blockData=[blockId=conID: 3 locID: 102659352018747838 bcsId: 0,size=3145728]} | ret=SUCCESS |  
2019-08-22 07:03:22,842 | INFO  | DNAudit | user=null | ip=null | op=WRITE_CHUNK {blockData=conID: 3 locID: 102659352018747838 bcsId: 1394} | ret=SUCCESS |  
2019-08-22 07:03:22,843 | INFO  | DNAudit | user=null | ip=null | op=PUT_BLOCK {blockData=[blockId=conID: 3 locID: 102659352018747838 bcsId: 0,size=4194304]} | ret=SUCCESS |  
2019-08-22 07:03:22,843 [grpc-default-executor-3] INFO  client.GrpcClientProtocolClient (GrpcClientProtocolClient.java:onNext(255)) - client-CF63D631FA17->3cf1264f-5f6b-4138-aeee-2ff7d4522ead: receive RaftClientReply:client-CF63D631FA17->3cf1264f-5f6b-4138-aeee-2ff7d4522ead@group-561E16522154, cid=1030, SUCCESS, logIndex=1397, commits[3cf1264f-5f6b-4138-aeee-2ff7d4522ead:c1397, 4f0d1a15-8f14-4d9a-ad4f-8211e1245b5d:c1394, 6999f20e-c3f7-4db4-87ca-141c476f2a88:c1394]
2019-08-22 07:03:22,843 [grpc-default-executor-3] INFO  client.GrpcClientProtocolClient (GrpcClientProtocolClient.java:onNext(255)) - client-CF63D631FA17->3cf1264f-5f6b-4138-aeee-2ff7d4522ead: receive RaftClientReply:client-CF63D631FA17->3cf1264f-5f6b-4138-aeee-2ff7d4522ead@group-561E16522154, cid=1031, SUCCESS, logIndex=1398, commits[3cf1264f-5f6b-4138-aeee-2ff7d4522ead:c1398, 4f0d1a15-8f14-4d9a-ad4f-8211e1245b5d:c1394, 6999f20e-c3f7-4db4-87ca-141c476f2a88:c1394]
2019-08-22 07:03:22,854 | INFO  | DNAudit | user=null | ip=null | op=WRITE_CHUNK {blockData=conID: 3 locID: 102659352018747838 bcsId: 1394} | ret=SUCCESS |  
2019-08-22 07:03:22,854 | INFO  | DNAudit | user=null | ip=null | op=WRITE_CHUNK {blockData=conID: 3 locID: 102659352018747838 bcsId: 1394} | ret=SUCCESS |  
2019-08-22 07:03:22,856 | INFO  | DNAudit | user=null | ip=null | op=PUT_BLOCK {blockData=[blockId=conID: 3 locID: 102659352018747838 bcsId: 0,size=4194304]} | ret=SUCCESS |  
2019-08-22 07:03:22,856 | INFO  | DNAudit | user=null | ip=null | op=PUT_BLOCK {blockData=[blockId=conID: 3 locID: 102659352018747838 bcsId: 0,size=4194304]} | ret=SUCCESS |  
2019-08-22 07:03:22,856 [grpc-default-executor-3] INFO  client.GrpcClientProtocolClient (GrpcClientProtocolClient.java:onNext(255)) - client-CF63D631FA17->3cf1264f-5f6b-4138-aeee-2ff7d4522ead: receive RaftClientReply:client-CF63D631FA17->3cf1264f-5f6b-4138-aeee-2ff7d4522ead@group-561E16522154, cid=1032, SUCCESS, logIndex=0, commits[3cf1264f-5f6b-4138-aeee-2ff7d4522ead:c1400, 4f0d1a15-8f14-4d9a-ad4f-8211e1245b5d:c1398, 6999f20e-c3f7-4db4-87ca-141c476f2a88:c1398]
2019-08-22 07:03:22,863 | INFO  | DNAudit | user=null | ip=null | op=WRITE_CHUNK {blockData=conID: 1 locID: 102659352018813375 bcsId: 0} | ret=SUCCESS |  
2019-08-22 07:03:22,867 | INFO  | DNAudit | user=null | ip=null | op=WRITE_CHUNK {blockData=conID: 1 locID: 102659352018813375 bcsId: 0} | ret=SUCCESS |  
2019-08-22 07:03:22,867 | INFO  | DNAudit | user=null | ip=null | op=WRITE_CHUNK {blockData=conID: 1 locID: 102659352018813375 bcsId: 0} | ret=SUCCESS |  
2019-08-22 07:03:22,867 | INFO  | DNAudit | user=null | ip=null | op=WRITE_CHUNK {blockData=conID: 1 locID: 102659352018813375 bcsId: 0} | ret=SUCCESS |  
2019-08-22 07:03:22,868 | INFO  | DNAudit | user=null | ip=null | op=WRITE_CHUNK {blockData=conID: 1 locID: 102659352018813375 bcsId: 0} | ret=SUCCESS |  
2019-08-22 07:03:22,869 | INFO  | DNAudit | user=null | ip=null | op=WRITE_CHUNK {blockData=conID: 1 locID: 102659352018813375 bcsId: 0} | ret=SUCCESS |  
2019-08-22 07:03:22,878 | INFO  | DNAudit | user=null | ip=null | op=WRITE_CHUNK {blockData=conID: 1 locID: 102659352018813375 bcsId: 0} | ret=SUCCESS |  
2019-08-22 07:03:22,879 | INFO  | DNAudit | user=null | ip=null | op=PUT_BLOCK {blockData=[blockId=conID: 1 locID: 102659352018813375 bcsId: 0,size=1048576]} | ret=SUCCESS |  
2019-08-22 07:03:22,879 | INFO  | DNAudit | user=null | ip=null | op=WRITE_CHUNK {blockData=conID: 1 locID: 102659352018813375 bcsId: 0} | ret=SUCCESS |  
2019-08-22 07:03:22,879 [grpc-default-executor-0] INFO  client.GrpcClientProtocolClient (GrpcClientProtocolClient.java:onNext(255)) - client-CF63D631FA17->3cf1264f-5f6b-4138-aeee-2ff7d4522ead: receive RaftClientReply:client-CF63D631FA17->3cf1264f-5f6b-4138-aeee-2ff7d4522ead@group-561E16522154, cid=1033, SUCCESS, logIndex=1401, commits[3cf1264f-5f6b-4138-aeee-2ff7d4522ead:c1403, 4f0d1a15-8f14-4d9a-ad4f-8211e1245b5d:c1400, 6999f20e-c3f7-4db4-87ca-141c476f2a88:c1400]
2019-08-22 07:03:22,880 | INFO  | DNAudit | user=null | ip=null | op=PUT_BLOCK {blockData=[blockId=conID: 1 locID: 102659352018813375 bcsId: 0,size=2097152]} | ret=SUCCESS |  
2019-08-22 07:03:22,880 | INFO  | DNAudit | user=null | ip=null | op=WRITE_CHUNK {blockData=conID: 1 locID: 102659352018813375 bcsId: 0} | ret=SUCCESS |  
2019-08-22 07:03:22,880 | INFO  | DNAudit | user=null | ip=null | op=WRITE_CHUNK {blockData=conID: 1 locID: 102659352018813375 bcsId: 0} | ret=SUCCESS |  
2019-08-22 07:03:22,880 | INFO  | DNAudit | user=null | ip=null | op=PUT_BLOCK {blockData=[blockId=conID: 1 locID: 102659352018813375 bcsId: 0,size=1048576]} | ret=SUCCESS |  
2019-08-22 07:03:22,880 [grpc-default-executor-5] INFO  client.GrpcClientProtocolClient (GrpcClientProtocolClient.java:onNext(255)) - client-CF63D631FA17->3cf1264f-5f6b-4138-aeee-2ff7d4522ead: receive RaftClientReply:client-CF63D631FA17->3cf1264f-5f6b-4138-aeee-2ff7d4522ead@group-561E16522154, cid=1034, SUCCESS, logIndex=1402, commits[3cf1264f-5f6b-4138-aeee-2ff7d4522ead:c1404, 4f0d1a15-8f14-4d9a-ad4f-8211e1245b5d:c1400, 6999f20e-c3f7-4db4-87ca-141c476f2a88:c1400]
2019-08-22 07:03:22,881 | INFO  | DNAudit | user=null | ip=null | op=PUT_BLOCK {blockData=[blockId=conID: 1 locID: 102659352018813375 bcsId: 0,size=1048576]} | ret=SUCCESS |  
2019-08-22 07:03:22,881 [grpc-default-executor-5] INFO  client.GrpcClientProtocolClient (GrpcClientProtocolClient.java:onNext(255)) - client-CF63D631FA17->3cf1264f-5f6b-4138-aeee-2ff7d4522ead: receive RaftClientReply:client-CF63D631FA17->3cf1264f-5f6b-4138-aeee-2ff7d4522ead@group-561E16522154, cid=1035, SUCCESS, logIndex=1403, commits[3cf1264f-5f6b-4138-aeee-2ff7d4522ead:c1404, 4f0d1a15-8f14-4d9a-ad4f-8211e1245b5d:c1400, 6999f20e-c3f7-4db4-87ca-141c476f2a88:c1400]
2019-08-22 07:03:22,881 | INFO  | DNAudit | user=null | ip=null | op=WRITE_CHUNK {blockData=conID: 1 locID: 102659352018813375 bcsId: 0} | ret=SUCCESS |  
2019-08-22 07:03:22,881 | INFO  | DNAudit | user=null | ip=null | op=WRITE_CHUNK {blockData=conID: 1 locID: 102659352018813375 bcsId: 0} | ret=SUCCESS |  
2019-08-22 07:03:22,881 [grpc-default-executor-5] INFO  client.GrpcClientProtocolClient (GrpcClientProtocolClient.java:onNext(255)) - client-CF63D631FA17->3cf1264f-5f6b-4138-aeee-2ff7d4522ead: receive RaftClientReply:client-CF63D631FA17->3cf1264f-5f6b-4138-aeee-2ff7d4522ead@group-561E16522154, cid=1036, SUCCESS, logIndex=1404, commits[3cf1264f-5f6b-4138-aeee-2ff7d4522ead:c1404, 4f0d1a15-8f14-4d9a-ad4f-8211e1245b5d:c1401, 6999f20e-c3f7-4db4-87ca-141c476f2a88:c1400]
2019-08-22 07:03:22,881 | INFO  | DNAudit | user=null | ip=null | op=PUT_BLOCK {blockData=[blockId=conID: 1 locID: 102659352018813375 bcsId: 0,size=2097152]} | ret=SUCCESS |  
2019-08-22 07:03:22,882 | INFO  | DNAudit | user=null | ip=null | op=PUT_BLOCK {blockData=[blockId=conID: 1 locID: 102659352018813375 bcsId: 0,size=2097152]} | ret=SUCCESS |  
2019-08-22 07:03:22,882 [grpc-default-executor-5] INFO  client.GrpcClientProtocolClient (GrpcClientProtocolClient.java:onNext(255)) - client-CF63D631FA17->3cf1264f-5f6b-4138-aeee-2ff7d4522ead: receive RaftClientReply:client-CF63D631FA17->3cf1264f-5f6b-4138-aeee-2ff7d4522ead@group-561E16522154, cid=1037, SUCCESS, logIndex=0, commits[3cf1264f-5f6b-4138-aeee-2ff7d4522ead:c1408, 4f0d1a15-8f14-4d9a-ad4f-8211e1245b5d:c1404, 6999f20e-c3f7-4db4-87ca-141c476f2a88:c1404]
2019-08-22 07:03:22,894 | INFO  | DNAudit | user=null | ip=null | op=WRITE_CHUNK {blockData=conID: 1 locID: 102659352018813375 bcsId: 1404} | ret=SUCCESS |  
2019-08-22 07:03:22,896 | INFO  | DNAudit | user=null | ip=null | op=WRITE_CHUNK {blockData=conID: 1 locID: 102659352018813375 bcsId: 1404} | ret=SUCCESS |  
2019-08-22 07:03:22,896 | INFO  | DNAudit | user=null | ip=null | op=WRITE_CHUNK {blockData=conID: 1 locID: 102659352018813375 bcsId: 1404} | ret=SUCCESS |  
2019-08-22 07:03:22,898 | INFO  | SCMAudit | user=jenkins1000 | ip=192.168.34.31 | op=SEND_HEARTBEAT {datanodeUUID=3cf1264f-5f6b-4138-aeee-2ff7d4522ead, command=[]} | ret=SUCCESS |  
2019-08-22 07:03:22,898 | INFO  | SCMAudit | user=jenkins1000 | ip=192.168.34.31 | op=SEND_HEARTBEAT {datanodeUUID=6999f20e-c3f7-4db4-87ca-141c476f2a88, command=[]} | ret=SUCCESS |  
2019-08-22 07:03:22,898 | INFO  | SCMAudit | user=jenkins1000 | ip=192.168.34.31 | op=SEND_HEARTBEAT {datanodeUUID=4f0d1a15-8f14-4d9a-ad4f-8211e1245b5d, command=[]} | ret=SUCCESS |  
2019-08-22 07:03:22,907 | INFO  | DNAudit | user=null | ip=null | op=WRITE_CHUNK {blockData=conID: 1 locID: 102659352018813375 bcsId: 1404} | ret=SUCCESS |  
2019-08-22 07:03:22,908 | INFO  | DNAudit | user=null | ip=null | op=PUT_BLOCK {blockData=[blockId=conID: 1 locID: 102659352018813375 bcsId: 0,size=3145728]} | ret=SUCCESS |  
2019-08-22 07:03:22,908 [grpc-default-executor-5] INFO  client.GrpcClientProtocolClient (GrpcClientProtocolClient.java:onNext(255)) - client-CF63D631FA17->3cf1264f-5f6b-4138-aeee-2ff7d4522ead: receive RaftClientReply:client-CF63D631FA17->3cf1264f-5f6b-4138-aeee-2ff7d4522ead@group-561E16522154, cid=1038, SUCCESS, logIndex=1409, commits[3cf1264f-5f6b-4138-aeee-2ff7d4522ead:c1410, 4f0d1a15-8f14-4d9a-ad4f-8211e1245b5d:c1408, 6999f20e-c3f7-4db4-87ca-141c476f2a88:c1408]
2019-08-22 07:03:22,909 [grpc-default-executor-5] INFO  client.GrpcClientProtocolClient (GrpcClientProtocolClient.java:onNext(255)) - client-CF63D631FA17->3cf1264f-5f6b-4138-aeee-2ff7d4522ead: receive RaftClientReply:client-CF63D631FA17->3cf1264f-5f6b-4138-aeee-2ff7d4522ead@group-561E16522154, cid=1039, SUCCESS, logIndex=1410, commits[3cf1264f-5f6b-4138-aeee-2ff7d4522ead:c1410, 4f0d1a15-8f14-4d9a-ad4f-8211e1245b5d:c1408, 6999f20e-c3f7-4db4-87ca-141c476f2a88:c1408]
2019-08-22 07:03:22,916 | INFO  | DNAudit | user=null | ip=null | op=WRITE_CHUNK {blockData=conID: 1 locID: 102659352018813375 bcsId: 1410} | ret=SUCCESS |  
2019-08-22 07:03:22,918 | INFO  | DNAudit | user=null | ip=null | op=WRITE_CHUNK {blockData=conID: 1 locID: 102659352018813375 bcsId: 1410} | ret=SUCCESS |  
2019-08-22 07:03:22,919 | INFO  | DNAudit | user=null | ip=null | op=WRITE_CHUNK {blockData=conID: 1 locID: 102659352018813375 bcsId: 1410} | ret=SUCCESS |  
2019-08-22 07:03:22,919 | INFO  | DNAudit | user=null | ip=null | op=WRITE_CHUNK {blockData=conID: 1 locID: 102659352018813375 bcsId: 1404} | ret=SUCCESS |  
2019-08-22 07:03:22,919 | INFO  | DNAudit | user=null | ip=null | op=WRITE_CHUNK {blockData=conID: 1 locID: 102659352018813375 bcsId: 1404} | ret=SUCCESS |  
2019-08-22 07:03:22,919 | INFO  | DNAudit | user=null | ip=null | op=PUT_BLOCK {blockData=[blockId=conID: 1 locID: 102659352018813375 bcsId: 0,size=3145728]} | ret=SUCCESS |  
2019-08-22 07:03:22,919 | INFO  | DNAudit | user=null | ip=null | op=PUT_BLOCK {blockData=[blockId=conID: 1 locID: 102659352018813375 bcsId: 0,size=3145728]} | ret=SUCCESS |  
2019-08-22 07:03:22,920 | INFO  | DNAudit | user=null | ip=null | op=WRITE_CHUNK {blockData=conID: 1 locID: 102659352018813375 bcsId: 1410} | ret=SUCCESS |  
2019-08-22 07:03:22,921 | INFO  | DNAudit | user=null | ip=null | op=PUT_BLOCK {blockData=[blockId=conID: 1 locID: 102659352018813375 bcsId: 0,size=4194304]} | ret=SUCCESS |  
2019-08-22 07:03:22,921 [grpc-default-executor-5] INFO  client.GrpcClientProtocolClient (GrpcClientProtocolClient.java:onNext(255)) - client-CF63D631FA17->3cf1264f-5f6b-4138-aeee-2ff7d4522ead: receive RaftClientReply:client-CF63D631FA17->3cf1264f-5f6b-4138-aeee-2ff7d4522ead@group-561E16522154, cid=1040, SUCCESS, logIndex=1413, commits[3cf1264f-5f6b-4138-aeee-2ff7d4522ead:c1414, 4f0d1a15-8f14-4d9a-ad4f-8211e1245b5d:c1410, 6999f20e-c3f7-4db4-87ca-141c476f2a88:c1410]
2019-08-22 07:03:22,921 [grpc-default-executor-5] INFO  client.GrpcClientProtocolClient (GrpcClientProtocolClient.java:onNext(255)) - client-CF63D631FA17->3cf1264f-5f6b-4138-aeee-2ff7d4522ead: receive RaftClientReply:client-CF63D631FA17->3cf1264f-5f6b-4138-aeee-2ff7d4522ead@group-561E16522154, cid=1041, SUCCESS, logIndex=1414, commits[3cf1264f-5f6b-4138-aeee-2ff7d4522ead:c1414, 4f0d1a15-8f14-4d9a-ad4f-8211e1245b5d:c1410, 6999f20e-c3f7-4db4-87ca-141c476f2a88:c1410]
2019-08-22 07:03:22,922 | INFO  | DNAudit | user=null | ip=null | op=WRITE_CHUNK {blockData=conID: 1 locID: 102659352018813375 bcsId: 1410} | ret=SUCCESS |  
2019-08-22 07:03:22,922 | INFO  | DNAudit | user=null | ip=null | op=WRITE_CHUNK {blockData=conID: 1 locID: 102659352018813375 bcsId: 1410} | ret=SUCCESS |  
2019-08-22 07:03:22,923 | INFO  | DNAudit | user=null | ip=null | op=PUT_BLOCK {blockData=[blockId=conID: 1 locID: 102659352018813375 bcsId: 0,size=4194304]} | ret=SUCCESS |  
2019-08-22 07:03:22,924 | INFO  | DNAudit | user=null | ip=null | op=PUT_BLOCK {blockData=[blockId=conID: 1 locID: 102659352018813375 bcsId: 0,size=4194304]} | ret=SUCCESS |  
2019-08-22 07:03:22,924 [grpc-default-executor-5] INFO  client.GrpcClientProtocolClient (GrpcClientProtocolClient.java:onNext(255)) - client-CF63D631FA17->3cf1264f-5f6b-4138-aeee-2ff7d4522ead: receive RaftClientReply:client-CF63D631FA17->3cf1264f-5f6b-4138-aeee-2ff7d4522ead@group-561E16522154, cid=1042, SUCCESS, logIndex=0, commits[3cf1264f-5f6b-4138-aeee-2ff7d4522ead:c1416, 4f0d1a15-8f14-4d9a-ad4f-8211e1245b5d:c1414, 6999f20e-c3f7-4db4-87ca-141c476f2a88:c1414]
2019-08-22 07:03:22,930 | INFO  | DNAudit | user=null | ip=null | op=WRITE_CHUNK {blockData=conID: 2 locID: 102659352018813376 bcsId: 0} | ret=SUCCESS |  
2019-08-22 07:03:22,933 | INFO  | DNAudit | user=null | ip=null | op=WRITE_CHUNK {blockData=conID: 2 locID: 102659352018813376 bcsId: 0} | ret=SUCCESS |  
2019-08-22 07:03:22,933 | INFO  | DNAudit | user=null | ip=null | op=WRITE_CHUNK {blockData=conID: 2 locID: 102659352018813376 bcsId: 0} | ret=SUCCESS |  
2019-08-22 07:03:22,933 | INFO  | DNAudit | user=null | ip=null | op=WRITE_CHUNK {blockData=conID: 2 locID: 102659352018813376 bcsId: 0} | ret=SUCCESS |  
2019-08-22 07:03:22,935 | INFO  | DNAudit | user=null | ip=null | op=WRITE_CHUNK {blockData=conID: 2 locID: 102659352018813376 bcsId: 0} | ret=SUCCESS |  
2019-08-22 07:03:22,936 | INFO  | DNAudit | user=null | ip=null | op=WRITE_CHUNK {blockData=conID: 2 locID: 102659352018813376 bcsId: 0} | ret=SUCCESS |  
2019-08-22 07:03:22,943 | INFO  | DNAudit | user=null | ip=null | op=WRITE_CHUNK {blockData=conID: 2 locID: 102659352018813376 bcsId: 0} | ret=SUCCESS |  
2019-08-22 07:03:22,944 | INFO  | DNAudit | user=null | ip=null | op=PUT_BLOCK {blockData=[blockId=conID: 2 locID: 102659352018813376 bcsId: 0,size=1048576]} | ret=SUCCESS |  
2019-08-22 07:03:22,944 | INFO  | DNAudit | user=null | ip=null | op=WRITE_CHUNK {blockData=conID: 2 locID: 102659352018813376 bcsId: 0} | ret=SUCCESS |  
2019-08-22 07:03:22,945 | INFO  | DNAudit | user=null | ip=null | op=PUT_BLOCK {blockData=[blockId=conID: 2 locID: 102659352018813376 bcsId: 0,size=2097152]} | ret=SUCCESS |  
2019-08-22 07:03:22,945 [grpc-default-executor-1] INFO  client.GrpcClientProtocolClient (GrpcClientProtocolClient.java:onNext(255)) - client-CF63D631FA17->3cf1264f-5f6b-4138-aeee-2ff7d4522ead: receive RaftClientReply:client-CF63D631FA17->3cf1264f-5f6b-4138-aeee-2ff7d4522ead@group-561E16522154, cid=1043, SUCCESS, logIndex=1417, commits[3cf1264f-5f6b-4138-aeee-2ff7d4522ead:c1418, 4f0d1a15-8f14-4d9a-ad4f-8211e1245b5d:c1416, 6999f20e-c3f7-4db4-87ca-141c476f2a88:c1416]
2019-08-22 07:03:22,946 [grpc-default-executor-0] INFO  client.GrpcClientProtocolClient (GrpcClientProtocolClient.java:onNext(255)) - client-CF63D631FA17->3cf1264f-5f6b-4138-aeee-2ff7d4522ead: receive RaftClientReply:client-CF63D631FA17->3cf1264f-5f6b-4138-aeee-2ff7d4522ead@group-561E16522154, cid=1044, SUCCESS, logIndex=1418, commits[3cf1264f-5f6b-4138-aeee-2ff7d4522ead:c1418, 4f0d1a15-8f14-4d9a-ad4f-8211e1245b5d:c1416, 6999f20e-c3f7-4db4-87ca-141c476f2a88:c1416]
2019-08-22 07:03:22,946 [grpc-default-executor-0] INFO  client.GrpcClientProtocolClient (GrpcClientProtocolClient.java:onNext(255)) - client-CF63D631FA17->3cf1264f-5f6b-4138-aeee-2ff7d4522ead: receive RaftClientReply:client-CF63D631FA17->3cf1264f-5f6b-4138-aeee-2ff7d4522ead@group-561E16522154, cid=1045, SUCCESS, logIndex=1419, commits[3cf1264f-5f6b-4138-aeee-2ff7d4522ead:c1420, 4f0d1a15-8f14-4d9a-ad4f-8211e1245b5d:c1416, 6999f20e-c3f7-4db4-87ca-141c476f2a88:c1416]
2019-08-22 07:03:22,946 [grpc-default-executor-0] INFO  client.GrpcClientProtocolClient (GrpcClientProtocolClient.java:onNext(255)) - client-CF63D631FA17->3cf1264f-5f6b-4138-aeee-2ff7d4522ead: receive RaftClientReply:client-CF63D631FA17->3cf1264f-5f6b-4138-aeee-2ff7d4522ead@group-561E16522154, cid=1046, SUCCESS, logIndex=1420, commits[3cf1264f-5f6b-4138-aeee-2ff7d4522ead:c1420, 4f0d1a15-8f14-4d9a-ad4f-8211e1245b5d:c1416, 6999f20e-c3f7-4db4-87ca-141c476f2a88:c1416]
2019-08-22 07:03:22,947 | INFO  | DNAudit | user=null | ip=null | op=WRITE_CHUNK {blockData=conID: 2 locID: 102659352018813376 bcsId: 0} | ret=SUCCESS |  
2019-08-22 07:03:22,956 | INFO  | DNAudit | user=null | ip=null | op=PUT_BLOCK {blockData=[blockId=conID: 2 locID: 102659352018813376 bcsId: 0,size=1048576]} | ret=SUCCESS |  
2019-08-22 07:03:22,957 | INFO  | DNAudit | user=null | ip=null | op=WRITE_CHUNK {blockData=conID: 2 locID: 102659352018813376 bcsId: 0} | ret=SUCCESS |  
2019-08-22 07:03:22,957 | INFO  | DNAudit | user=null | ip=null | op=WRITE_CHUNK {blockData=conID: 2 locID: 102659352018813376 bcsId: 0} | ret=SUCCESS |  
2019-08-22 07:03:22,957 | INFO  | DNAudit | user=null | ip=null | op=PUT_BLOCK {blockData=[blockId=conID: 2 locID: 102659352018813376 bcsId: 0,size=2097152]} | ret=SUCCESS |  
2019-08-22 07:03:22,957 | INFO  | DNAudit | user=null | ip=null | op=PUT_BLOCK {blockData=[blockId=conID: 2 locID: 102659352018813376 bcsId: 0,size=1048576]} | ret=SUCCESS |  
2019-08-22 07:03:22,958 | INFO  | DNAudit | user=null | ip=null | op=WRITE_CHUNK {blockData=conID: 2 locID: 102659352018813376 bcsId: 0} | ret=SUCCESS |  
2019-08-22 07:03:22,958 [grpc-default-executor-0] INFO  client.GrpcClientProtocolClient (GrpcClientProtocolClient.java:onNext(255)) - client-CF63D631FA17->3cf1264f-5f6b-4138-aeee-2ff7d4522ead: receive RaftClientReply:client-CF63D631FA17->3cf1264f-5f6b-4138-aeee-2ff7d4522ead@group-561E16522154, cid=1047, SUCCESS, logIndex=0, commits[3cf1264f-5f6b-4138-aeee-2ff7d4522ead:c1424, 4f0d1a15-8f14-4d9a-ad4f-8211e1245b5d:c1420, 6999f20e-c3f7-4db4-87ca-141c476f2a88:c1418]
2019-08-22 07:03:22,958 | INFO  | DNAudit | user=null | ip=null | op=PUT_BLOCK {blockData=[blockId=conID: 2 locID: 102659352018813376 bcsId: 0,size=2097152]} | ret=SUCCESS |  
2019-08-22 07:03:22,963 | INFO  | DNAudit | user=null | ip=null | op=WRITE_CHUNK {blockData=conID: 2 locID: 102659352018813376 bcsId: 1420} | ret=SUCCESS |  
2019-08-22 07:03:22,966 | INFO  | DNAudit | user=null | ip=null | op=WRITE_CHUNK {blockData=conID: 2 locID: 102659352018813376 bcsId: 1420} | ret=SUCCESS |  
2019-08-22 07:03:22,967 | INFO  | DNAudit | user=null | ip=null | op=WRITE_CHUNK {blockData=conID: 2 locID: 102659352018813376 bcsId: 1420} | ret=SUCCESS |  
2019-08-22 07:03:22,976 | INFO  | DNAudit | user=null | ip=null | op=WRITE_CHUNK {blockData=conID: 2 locID: 102659352018813376 bcsId: 1420} | ret=SUCCESS |  
2019-08-22 07:03:22,976 | INFO  | DNAudit | user=null | ip=null | op=PUT_BLOCK {blockData=[blockId=conID: 2 locID: 102659352018813376 bcsId: 0,size=3145728]} | ret=SUCCESS |  
2019-08-22 07:03:22,977 [grpc-default-executor-0] INFO  client.GrpcClientProtocolClient (GrpcClientProtocolClient.java:onNext(255)) - client-CF63D631FA17->3cf1264f-5f6b-4138-aeee-2ff7d4522ead: receive RaftClientReply:client-CF63D631FA17->3cf1264f-5f6b-4138-aeee-2ff7d4522ead@group-561E16522154, cid=1048, SUCCESS, logIndex=1425, commits[3cf1264f-5f6b-4138-aeee-2ff7d4522ead:c1426, 4f0d1a15-8f14-4d9a-ad4f-8211e1245b5d:c1424, 6999f20e-c3f7-4db4-87ca-141c476f2a88:c1424]
2019-08-22 07:03:22,977 [grpc-default-executor-0] INFO  client.GrpcClientProtocolClient (GrpcClientProtocolClient.java:onNext(255)) - client-CF63D631FA17->3cf1264f-5f6b-4138-aeee-2ff7d4522ead: receive RaftClientReply:client-CF63D631FA17->3cf1264f-5f6b-4138-aeee-2ff7d4522ead@group-561E16522154, cid=1049, SUCCESS, logIndex=1426, commits[3cf1264f-5f6b-4138-aeee-2ff7d4522ead:c1426, 4f0d1a15-8f14-4d9a-ad4f-8211e1245b5d:c1424, 6999f20e-c3f7-4db4-87ca-141c476f2a88:c1424]
2019-08-22 07:03:22,984 | INFO  | DNAudit | user=null | ip=null | op=WRITE_CHUNK {blockData=conID: 2 locID: 102659352018813376 bcsId: 1426} | ret=SUCCESS |  
2019-08-22 07:03:22,986 | INFO  | DNAudit | user=null | ip=null | op=WRITE_CHUNK {blockData=conID: 2 locID: 102659352018813376 bcsId: 1426} | ret=SUCCESS |  
2019-08-22 07:03:22,986 | INFO  | DNAudit | user=null | ip=null | op=WRITE_CHUNK {blockData=conID: 2 locID: 102659352018813376 bcsId: 1426} | ret=SUCCESS |  
2019-08-22 07:03:22,988 | INFO  | DNAudit | user=null | ip=null | op=WRITE_CHUNK {blockData=conID: 2 locID: 102659352018813376 bcsId: 1420} | ret=SUCCESS |  
2019-08-22 07:03:22,988 | INFO  | DNAudit | user=null | ip=null | op=WRITE_CHUNK {blockData=conID: 2 locID: 102659352018813376 bcsId: 1420} | ret=SUCCESS |  
2019-08-22 07:03:22,989 | INFO  | DNAudit | user=null | ip=null | op=PUT_BLOCK {blockData=[blockId=conID: 2 locID: 102659352018813376 bcsId: 0,size=3145728]} | ret=SUCCESS |  
2019-08-22 07:03:22,989 | INFO  | DNAudit | user=null | ip=null | op=PUT_BLOCK {blockData=[blockId=conID: 2 locID: 102659352018813376 bcsId: 0,size=3145728]} | ret=SUCCESS |  
2019-08-22 07:03:22,989 | INFO  | DNAudit | user=null | ip=null | op=WRITE_CHUNK {blockData=conID: 2 locID: 102659352018813376 bcsId: 1426} | ret=SUCCESS |  
2019-08-22 07:03:22,990 | INFO  | DNAudit | user=null | ip=null | op=PUT_BLOCK {blockData=[blockId=conID: 2 locID: 102659352018813376 bcsId: 0,size=4194304]} | ret=SUCCESS |  
2019-08-22 07:03:22,990 [grpc-default-executor-0] INFO  client.GrpcClientProtocolClient (GrpcClientProtocolClient.java:onNext(255)) - client-CF63D631FA17->3cf1264f-5f6b-4138-aeee-2ff7d4522ead: receive RaftClientReply:client-CF63D631FA17->3cf1264f-5f6b-4138-aeee-2ff7d4522ead@group-561E16522154, cid=1050, SUCCESS, logIndex=1429, commits[3cf1264f-5f6b-4138-aeee-2ff7d4522ead:c1430, 4f0d1a15-8f14-4d9a-ad4f-8211e1245b5d:c1426, 6999f20e-c3f7-4db4-87ca-141c476f2a88:c1426]
2019-08-22 07:03:22,991 [grpc-default-executor-0] INFO  client.GrpcClientProtocolClient (GrpcClientProtocolClient.java:onNext(255)) - client-CF63D631FA17->3cf1264f-5f6b-4138-aeee-2ff7d4522ead: receive RaftClientReply:client-CF63D631FA17->3cf1264f-5f6b-4138-aeee-2ff7d4522ead@group-561E16522154, cid=1051, SUCCESS, logIndex=1430, commits[3cf1264f-5f6b-4138-aeee-2ff7d4522ead:c1430, 4f0d1a15-8f14-4d9a-ad4f-8211e1245b5d:c1426, 6999f20e-c3f7-4db4-87ca-141c476f2a88:c1426]
2019-08-22 07:03:23,001 | INFO  | DNAudit | user=null | ip=null | op=WRITE_CHUNK {blockData=conID: 2 locID: 102659352018813376 bcsId: 1426} | ret=SUCCESS |  
2019-08-22 07:03:23,001 | INFO  | DNAudit | user=null | ip=null | op=WRITE_CHUNK {blockData=conID: 2 locID: 102659352018813376 bcsId: 1426} | ret=SUCCESS |  
2019-08-22 07:03:23,002 | INFO  | DNAudit | user=null | ip=null | op=PUT_BLOCK {blockData=[blockId=conID: 2 locID: 102659352018813376 bcsId: 0,size=4194304]} | ret=SUCCESS |  
2019-08-22 07:03:23,002 | INFO  | DNAudit | user=null | ip=null | op=PUT_BLOCK {blockData=[blockId=conID: 2 locID: 102659352018813376 bcsId: 0,size=4194304]} | ret=SUCCESS |  
2019-08-22 07:03:23,002 [grpc-default-executor-0] INFO  client.GrpcClientProtocolClient (GrpcClientProtocolClient.java:onNext(255)) - client-CF63D631FA17->3cf1264f-5f6b-4138-aeee-2ff7d4522ead: receive RaftClientReply:client-CF63D631FA17->3cf1264f-5f6b-4138-aeee-2ff7d4522ead@group-561E16522154, cid=1052, SUCCESS, logIndex=0, commits[3cf1264f-5f6b-4138-aeee-2ff7d4522ead:c1431, 4f0d1a15-8f14-4d9a-ad4f-8211e1245b5d:c1430, 6999f20e-c3f7-4db4-87ca-141c476f2a88:c1430]
2019-08-22 07:03:23,008 | INFO  | DNAudit | user=null | ip=null | op=WRITE_CHUNK {blockData=conID: 3 locID: 102659352018813377 bcsId: 0} | ret=SUCCESS |  
2019-08-22 07:03:23,011 | INFO  | DNAudit | user=null | ip=null | op=WRITE_CHUNK {blockData=conID: 3 locID: 102659352018813377 bcsId: 0} | ret=SUCCESS |  
2019-08-22 07:03:23,012 | INFO  | DNAudit | user=null | ip=null | op=WRITE_CHUNK {blockData=conID: 3 locID: 102659352018813377 bcsId: 0} | ret=SUCCESS |  
2019-08-22 07:03:23,012 | INFO  | DNAudit | user=null | ip=null | op=WRITE_CHUNK {blockData=conID: 3 locID: 102659352018813377 bcsId: 0} | ret=SUCCESS |  
2019-08-22 07:03:23,014 | INFO  | DNAudit | user=null | ip=null | op=WRITE_CHUNK {blockData=conID: 3 locID: 102659352018813377 bcsId: 0} | ret=SUCCESS |  
2019-08-22 07:03:23,015 | INFO  | DNAudit | user=null | ip=null | op=WRITE_CHUNK {blockData=conID: 3 locID: 102659352018813377 bcsId: 0} | ret=SUCCESS |  
2019-08-22 07:03:23,021 | INFO  | DNAudit | user=null | ip=null | op=WRITE_CHUNK {blockData=conID: 3 locID: 102659352018813377 bcsId: 0} | ret=SUCCESS |  
2019-08-22 07:03:23,021 | INFO  | DNAudit | user=null | ip=null | op=PUT_BLOCK {blockData=[blockId=conID: 3 locID: 102659352018813377 bcsId: 0,size=1048576]} | ret=SUCCESS |  
2019-08-22 07:03:23,021 [grpc-default-executor-0] INFO  client.GrpcClientProtocolClient (GrpcClientProtocolClient.java:onNext(255)) - client-CF63D631FA17->3cf1264f-5f6b-4138-aeee-2ff7d4522ead: receive RaftClientReply:client-CF63D631FA17->3cf1264f-5f6b-4138-aeee-2ff7d4522ead@group-561E16522154, cid=1053, SUCCESS, logIndex=1433, commits[3cf1264f-5f6b-4138-aeee-2ff7d4522ead:c1435, 4f0d1a15-8f14-4d9a-ad4f-8211e1245b5d:c1432, 6999f20e-c3f7-4db4-87ca-141c476f2a88:c1432]
2019-08-22 07:03:23,022 | INFO  | DNAudit | user=null | ip=null | op=WRITE_CHUNK {blockData=conID: 3 locID: 102659352018813377 bcsId: 0} | ret=SUCCESS |  
2019-08-22 07:03:23,022 | INFO  | DNAudit | user=null | ip=null | op=PUT_BLOCK {blockData=[blockId=conID: 3 locID: 102659352018813377 bcsId: 0,size=2097152]} | ret=SUCCESS |  
2019-08-22 07:03:23,022 [grpc-default-executor-0] INFO  client.GrpcClientProtocolClient (GrpcClientProtocolClient.java:onNext(255)) - client-CF63D631FA17->3cf1264f-5f6b-4138-aeee-2ff7d4522ead: receive RaftClientReply:client-CF63D631FA17->3cf1264f-5f6b-4138-aeee-2ff7d4522ead@group-561E16522154, cid=1054, SUCCESS, logIndex=1434, commits[3cf1264f-5f6b-4138-aeee-2ff7d4522ead:c1436, 4f0d1a15-8f14-4d9a-ad4f-8211e1245b5d:c1432, 6999f20e-c3f7-4db4-87ca-141c476f2a88:c1432]
2019-08-22 07:03:23,022 | INFO  | DNAudit | user=null | ip=null | op=WRITE_CHUNK {blockData=conID: 3 locID: 102659352018813377 bcsId: 0} | ret=SUCCESS |  
2019-08-22 07:03:23,023 | INFO  | DNAudit | user=null | ip=null | op=WRITE_CHUNK {blockData=conID: 3 locID: 102659352018813377 bcsId: 0} | ret=SUCCESS |  
2019-08-22 07:03:23,023 | INFO  | DNAudit | user=null | ip=null | op=PUT_BLOCK {blockData=[blockId=conID: 3 locID: 102659352018813377 bcsId: 0,size=1048576]} | ret=SUCCESS |  
2019-08-22 07:03:23,023 [grpc-default-executor-5] INFO  client.GrpcClientProtocolClient (GrpcClientProtocolClient.java:onNext(255)) - client-CF63D631FA17->3cf1264f-5f6b-4138-aeee-2ff7d4522ead: receive RaftClientReply:client-CF63D631FA17->3cf1264f-5f6b-4138-aeee-2ff7d4522ead@group-561E16522154, cid=1055, SUCCESS, logIndex=1435, commits[3cf1264f-5f6b-4138-aeee-2ff7d4522ead:c1436, 4f0d1a15-8f14-4d9a-ad4f-8211e1245b5d:c1432, 6999f20e-c3f7-4db4-87ca-141c476f2a88:c1432]
2019-08-22 07:03:23,023 | INFO  | DNAudit | user=null | ip=null | op=PUT_BLOCK {blockData=[blockId=conID: 3 locID: 102659352018813377 bcsId: 0,size=1048576]} | ret=SUCCESS |  
2019-08-22 07:03:23,023 [grpc-default-executor-5] INFO  client.GrpcClientProtocolClient (GrpcClientProtocolClient.java:onNext(255)) - client-CF63D631FA17->3cf1264f-5f6b-4138-aeee-2ff7d4522ead: receive RaftClientReply:client-CF63D631FA17->3cf1264f-5f6b-4138-aeee-2ff7d4522ead@group-561E16522154, cid=1056, SUCCESS, logIndex=1436, commits[3cf1264f-5f6b-4138-aeee-2ff7d4522ead:c1436, 4f0d1a15-8f14-4d9a-ad4f-8211e1245b5d:c1432, 6999f20e-c3f7-4db4-87ca-141c476f2a88:c1432]
2019-08-22 07:03:23,024 | INFO  | DNAudit | user=null | ip=null | op=WRITE_CHUNK {blockData=conID: 3 locID: 102659352018813377 bcsId: 0} | ret=SUCCESS |  
2019-08-22 07:03:23,024 | INFO  | DNAudit | user=null | ip=null | op=PUT_BLOCK {blockData=[blockId=conID: 3 locID: 102659352018813377 bcsId: 0,size=2097152]} | ret=SUCCESS |  
2019-08-22 07:03:23,024 | INFO  | DNAudit | user=null | ip=null | op=WRITE_CHUNK {blockData=conID: 3 locID: 102659352018813377 bcsId: 0} | ret=SUCCESS |  
2019-08-22 07:03:23,024 | INFO  | DNAudit | user=null | ip=null | op=PUT_BLOCK {blockData=[blockId=conID: 3 locID: 102659352018813377 bcsId: 0,size=2097152]} | ret=SUCCESS |  
2019-08-22 07:03:23,024 [grpc-default-executor-1] INFO  client.GrpcClientProtocolClient (GrpcClientProtocolClient.java:onNext(255)) - client-CF63D631FA17->3cf1264f-5f6b-4138-aeee-2ff7d4522ead: receive RaftClientReply:client-CF63D631FA17->3cf1264f-5f6b-4138-aeee-2ff7d4522ead@group-561E16522154, cid=1057, SUCCESS, logIndex=0, commits[3cf1264f-5f6b-4138-aeee-2ff7d4522ead:c1440, 4f0d1a15-8f14-4d9a-ad4f-8211e1245b5d:c1434, 6999f20e-c3f7-4db4-87ca-141c476f2a88:c1436]
2019-08-22 07:03:23,031 | INFO  | DNAudit | user=null | ip=null | op=WRITE_CHUNK {blockData=conID: 3 locID: 102659352018813377 bcsId: 1436} | ret=SUCCESS |  
2019-08-22 07:03:23,033 | INFO  | DNAudit | user=null | ip=null | op=WRITE_CHUNK {blockData=conID: 3 locID: 102659352018813377 bcsId: 1436} | ret=SUCCESS |  
2019-08-22 07:03:23,034 | INFO  | DNAudit | user=null | ip=null | op=WRITE_CHUNK {blockData=conID: 3 locID: 102659352018813377 bcsId: 1436} | ret=SUCCESS |  
2019-08-22 07:03:23,044 | INFO  | DNAudit | user=null | ip=null | op=WRITE_CHUNK {blockData=conID: 3 locID: 102659352018813377 bcsId: 1436} | ret=SUCCESS |  
2019-08-22 07:03:23,045 | INFO  | DNAudit | user=null | ip=null | op=PUT_BLOCK {blockData=[blockId=conID: 3 locID: 102659352018813377 bcsId: 0,size=3145728]} | ret=SUCCESS |  
2019-08-22 07:03:23,045 [grpc-default-executor-5] INFO  client.GrpcClientProtocolClient (GrpcClientProtocolClient.java:onNext(255)) - client-CF63D631FA17->3cf1264f-5f6b-4138-aeee-2ff7d4522ead: receive RaftClientReply:client-CF63D631FA17->3cf1264f-5f6b-4138-aeee-2ff7d4522ead@group-561E16522154, cid=1058, SUCCESS, logIndex=1441, commits[3cf1264f-5f6b-4138-aeee-2ff7d4522ead:c1442, 4f0d1a15-8f14-4d9a-ad4f-8211e1245b5d:c1440, 6999f20e-c3f7-4db4-87ca-141c476f2a88:c1440]
2019-08-22 07:03:23,045 [grpc-default-executor-5] INFO  client.GrpcClientProtocolClient (GrpcClientProtocolClient.java:onNext(255)) - client-CF63D631FA17->3cf1264f-5f6b-4138-aeee-2ff7d4522ead: receive RaftClientReply:client-CF63D631FA17->3cf1264f-5f6b-4138-aeee-2ff7d4522ead@group-561E16522154, cid=1059, SUCCESS, logIndex=1442, commits[3cf1264f-5f6b-4138-aeee-2ff7d4522ead:c1442, 4f0d1a15-8f14-4d9a-ad4f-8211e1245b5d:c1440, 6999f20e-c3f7-4db4-87ca-141c476f2a88:c1440]
2019-08-22 07:03:23,046 | INFO  | DNAudit | user=null | ip=null | op=WRITE_CHUNK {blockData=conID: 3 locID: 102659352018813377 bcsId: 1436} | ret=SUCCESS |  
2019-08-22 07:03:23,046 | INFO  | DNAudit | user=null | ip=null | op=WRITE_CHUNK {blockData=conID: 3 locID: 102659352018813377 bcsId: 1436} | ret=SUCCESS |  
2019-08-22 07:03:23,048 | INFO  | DNAudit | user=null | ip=null | op=PUT_BLOCK {blockData=[blockId=conID: 3 locID: 102659352018813377 bcsId: 0,size=3145728]} | ret=SUCCESS |  
2019-08-22 07:03:23,048 | INFO  | DNAudit | user=null | ip=null | op=PUT_BLOCK {blockData=[blockId=conID: 3 locID: 102659352018813377 bcsId: 0,size=3145728]} | ret=SUCCESS |  
2019-08-22 07:03:23,052 | INFO  | DNAudit | user=null | ip=null | op=WRITE_CHUNK {blockData=conID: 3 locID: 102659352018813377 bcsId: 1442} | ret=SUCCESS |  
2019-08-22 07:03:23,055 | INFO  | DNAudit | user=null | ip=null | op=WRITE_CHUNK {blockData=conID: 3 locID: 102659352018813377 bcsId: 1442} | ret=SUCCESS |  
2019-08-22 07:03:23,055 | INFO  | DNAudit | user=null | ip=null | op=WRITE_CHUNK {blockData=conID: 3 locID: 102659352018813377 bcsId: 1442} | ret=SUCCESS |  
2019-08-22 07:03:23,196 | INFO  | DNAudit | user=null | ip=null | op=WRITE_CHUNK {blockData=conID: 3 locID: 102659352018813377 bcsId: 1442} | ret=SUCCESS |  
2019-08-22 07:03:23,197 | INFO  | DNAudit | user=null | ip=null | op=PUT_BLOCK {blockData=[blockId=conID: 3 locID: 102659352018813377 bcsId: 0,size=4194304]} | ret=SUCCESS |  
2019-08-22 07:03:23,197 [grpc-default-executor-0] INFO  client.GrpcClientProtocolClient (GrpcClientProtocolClient.java:onNext(255)) - client-CF63D631FA17->3cf1264f-5f6b-4138-aeee-2ff7d4522ead: receive RaftClientReply:client-CF63D631FA17->3cf1264f-5f6b-4138-aeee-2ff7d4522ead@group-561E16522154, cid=1060, SUCCESS, logIndex=1445, commits[3cf1264f-5f6b-4138-aeee-2ff7d4522ead:c1446, 4f0d1a15-8f14-4d9a-ad4f-8211e1245b5d:c1444, 6999f20e-c3f7-4db4-87ca-141c476f2a88:c1442]
2019-08-22 07:03:23,198 [grpc-default-executor-0] INFO  client.GrpcClientProtocolClient (GrpcClientProtocolClient.java:onNext(255)) - client-CF63D631FA17->3cf1264f-5f6b-4138-aeee-2ff7d4522ead: receive RaftClientReply:client-CF63D631FA17->3cf1264f-5f6b-4138-aeee-2ff7d4522ead@group-561E16522154, cid=1061, SUCCESS, logIndex=1446, commits[3cf1264f-5f6b-4138-aeee-2ff7d4522ead:c1446, 4f0d1a15-8f14-4d9a-ad4f-8211e1245b5d:c1444, 6999f20e-c3f7-4db4-87ca-141c476f2a88:c1444]
2019-08-22 07:03:23,208 | INFO  | DNAudit | user=null | ip=null | op=WRITE_CHUNK {blockData=conID: 3 locID: 102659352018813377 bcsId: 1442} | ret=SUCCESS |  
2019-08-22 07:03:23,208 | INFO  | DNAudit | user=null | ip=null | op=WRITE_CHUNK {blockData=conID: 3 locID: 102659352018813377 bcsId: 1442} | ret=SUCCESS |  
2019-08-22 07:03:23,208 | INFO  | DNAudit | user=null | ip=null | op=PUT_BLOCK {blockData=[blockId=conID: 3 locID: 102659352018813377 bcsId: 0,size=4194304]} | ret=SUCCESS |  
2019-08-22 07:03:23,209 | INFO  | DNAudit | user=null | ip=null | op=PUT_BLOCK {blockData=[blockId=conID: 3 locID: 102659352018813377 bcsId: 0,size=4194304]} | ret=SUCCESS |  
2019-08-22 07:03:23,209 [grpc-default-executor-0] INFO  client.GrpcClientProtocolClient (GrpcClientProtocolClient.java:onNext(255)) - client-CF63D631FA17->3cf1264f-5f6b-4138-aeee-2ff7d4522ead: receive RaftClientReply:client-CF63D631FA17->3cf1264f-5f6b-4138-aeee-2ff7d4522ead@group-561E16522154, cid=1062, SUCCESS, logIndex=0, commits[3cf1264f-5f6b-4138-aeee-2ff7d4522ead:c1446, 4f0d1a15-8f14-4d9a-ad4f-8211e1245b5d:c1446, 6999f20e-c3f7-4db4-87ca-141c476f2a88:c1446]
2019-08-22 07:03:23,216 | INFO  | DNAudit | user=null | ip=null | op=WRITE_CHUNK {blockData=conID: 1 locID: 102659352018813378 bcsId: 0} | ret=SUCCESS |  
2019-08-22 07:03:23,220 | INFO  | DNAudit | user=null | ip=null | op=WRITE_CHUNK {blockData=conID: 1 locID: 102659352018813378 bcsId: 0} | ret=SUCCESS |  
2019-08-22 07:03:23,221 | INFO  | DNAudit | user=null | ip=null | op=WRITE_CHUNK {blockData=conID: 1 locID: 102659352018813378 bcsId: 0} | ret=SUCCESS |  
2019-08-22 07:03:23,221 | INFO  | DNAudit | user=null | ip=null | op=WRITE_CHUNK {blockData=conID: 1 locID: 102659352018813378 bcsId: 0} | ret=SUCCESS |  
2019-08-22 07:03:23,223 | INFO  | DNAudit | user=null | ip=null | op=WRITE_CHUNK {blockData=conID: 1 locID: 102659352018813378 bcsId: 0} | ret=SUCCESS |  
2019-08-22 07:03:23,224 | INFO  | DNAudit | user=null | ip=null | op=WRITE_CHUNK {blockData=conID: 1 locID: 102659352018813378 bcsId: 0} | ret=SUCCESS |  
2019-08-22 07:03:23,229 | INFO  | DNAudit | user=null | ip=null | op=WRITE_CHUNK {blockData=conID: 1 locID: 102659352018813378 bcsId: 0} | ret=SUCCESS |  
2019-08-22 07:03:23,229 | INFO  | DNAudit | user=null | ip=null | op=PUT_BLOCK {blockData=[blockId=conID: 1 locID: 102659352018813378 bcsId: 0,size=1048576]} | ret=SUCCESS |  
2019-08-22 07:03:23,229 [grpc-default-executor-3] INFO  client.GrpcClientProtocolClient (GrpcClientProtocolClient.java:onNext(255)) - client-CF63D631FA17->3cf1264f-5f6b-4138-aeee-2ff7d4522ead: receive RaftClientReply:client-CF63D631FA17->3cf1264f-5f6b-4138-aeee-2ff7d4522ead@group-561E16522154, cid=1063, SUCCESS, logIndex=1449, commits[3cf1264f-5f6b-4138-aeee-2ff7d4522ead:c1450, 4f0d1a15-8f14-4d9a-ad4f-8211e1245b5d:c1448, 6999f20e-c3f7-4db4-87ca-141c476f2a88:c1448]
2019-08-22 07:03:23,230 | INFO  | DNAudit | user=null | ip=null | op=WRITE_CHUNK {blockData=conID: 1 locID: 102659352018813378 bcsId: 0} | ret=SUCCESS |  
2019-08-22 07:03:23,230 | INFO  | DNAudit | user=null | ip=null | op=PUT_BLOCK {blockData=[blockId=conID: 1 locID: 102659352018813378 bcsId: 0,size=2097152]} | ret=SUCCESS |  
2019-08-22 07:03:23,230 [grpc-default-executor-3] INFO  client.GrpcClientProtocolClient (GrpcClientProtocolClient.java:onNext(255)) - client-CF63D631FA17->3cf1264f-5f6b-4138-aeee-2ff7d4522ead: receive RaftClientReply:client-CF63D631FA17->3cf1264f-5f6b-4138-aeee-2ff7d4522ead@group-561E16522154, cid=1064, SUCCESS, logIndex=1450, commits[3cf1264f-5f6b-4138-aeee-2ff7d4522ead:c1450, 4f0d1a15-8f14-4d9a-ad4f-8211e1245b5d:c1448, 6999f20e-c3f7-4db4-87ca-141c476f2a88:c1448]
2019-08-22 07:03:23,231 | INFO  | DNAudit | user=null | ip=null | op=WRITE_CHUNK {blockData=conID: 1 locID: 102659352018813378 bcsId: 0} | ret=SUCCESS |  
2019-08-22 07:03:23,231 | INFO  | DNAudit | user=null | ip=null | op=PUT_BLOCK {blockData=[blockId=conID: 1 locID: 102659352018813378 bcsId: 0,size=1048576]} | ret=SUCCESS |  
2019-08-22 07:03:23,231 [grpc-default-executor-3] INFO  client.GrpcClientProtocolClient (GrpcClientProtocolClient.java:onNext(255)) - client-CF63D631FA17->3cf1264f-5f6b-4138-aeee-2ff7d4522ead: receive RaftClientReply:client-CF63D631FA17->3cf1264f-5f6b-4138-aeee-2ff7d4522ead@group-561E16522154, cid=1065, SUCCESS, logIndex=1451, commits[3cf1264f-5f6b-4138-aeee-2ff7d4522ead:c1452, 4f0d1a15-8f14-4d9a-ad4f-8211e1245b5d:c1448, 6999f20e-c3f7-4db4-87ca-141c476f2a88:c1448]
2019-08-22 07:03:23,231 | INFO  | DNAudit | user=null | ip=null | op=WRITE_CHUNK {blockData=conID: 1 locID: 102659352018813378 bcsId: 0} | ret=SUCCESS |  
2019-08-22 07:03:23,231 [grpc-default-executor-0] INFO  client.GrpcClientProtocolClient (GrpcClientProtocolClient.java:onNext(255)) - client-CF63D631FA17->3cf1264f-5f6b-4138-aeee-2ff7d4522ead: receive RaftClientReply:client-CF63D631FA17->3cf1264f-5f6b-4138-aeee-2ff7d4522ead@group-561E16522154, cid=1066, SUCCESS, logIndex=1452, commits[3cf1264f-5f6b-4138-aeee-2ff7d4522ead:c1452, 4f0d1a15-8f14-4d9a-ad4f-8211e1245b5d:c1448, 6999f20e-c3f7-4db4-87ca-141c476f2a88:c1448]
2019-08-22 07:03:23,232 | INFO  | DNAudit | user=null | ip=null | op=PUT_BLOCK {blockData=[blockId=conID: 1 locID: 102659352018813378 bcsId: 0,size=1048576]} | ret=SUCCESS |  
2019-08-22 07:03:23,232 | INFO  | DNAudit | user=null | ip=null | op=WRITE_CHUNK {blockData=conID: 1 locID: 102659352018813378 bcsId: 0} | ret=SUCCESS |  
2019-08-22 07:03:23,232 | INFO  | DNAudit | user=null | ip=null | op=PUT_BLOCK {blockData=[blockId=conID: 1 locID: 102659352018813378 bcsId: 0,size=2097152]} | ret=SUCCESS |  
2019-08-22 07:03:23,233 | INFO  | DNAudit | user=null | ip=null | op=WRITE_CHUNK {blockData=conID: 1 locID: 102659352018813378 bcsId: 0} | ret=SUCCESS |  
2019-08-22 07:03:23,233 [grpc-default-executor-3] INFO  client.GrpcClientProtocolClient (GrpcClientProtocolClient.java:onNext(255)) - client-CF63D631FA17->3cf1264f-5f6b-4138-aeee-2ff7d4522ead: receive RaftClientReply:client-CF63D631FA17->3cf1264f-5f6b-4138-aeee-2ff7d4522ead@group-561E16522154, cid=1067, SUCCESS, logIndex=0, commits[3cf1264f-5f6b-4138-aeee-2ff7d4522ead:c1454, 4f0d1a15-8f14-4d9a-ad4f-8211e1245b5d:c1450, 6999f20e-c3f7-4db4-87ca-141c476f2a88:c1450]
2019-08-22 07:03:23,233 | INFO  | DNAudit | user=null | ip=null | op=PUT_BLOCK {blockData=[blockId=conID: 1 locID: 102659352018813378 bcsId: 0,size=2097152]} | ret=SUCCESS |  
2019-08-22 07:03:23,240 | INFO  | DNAudit | user=null | ip=null | op=WRITE_CHUNK {blockData=conID: 1 locID: 102659352018813378 bcsId: 1452} | ret=SUCCESS |  
2019-08-22 07:03:23,244 | INFO  | DNAudit | user=null | ip=null | op=WRITE_CHUNK {blockData=conID: 1 locID: 102659352018813378 bcsId: 1452} | ret=SUCCESS |  
2019-08-22 07:03:23,244 | INFO  | DNAudit | user=null | ip=null | op=WRITE_CHUNK {blockData=conID: 1 locID: 102659352018813378 bcsId: 1452} | ret=SUCCESS |  
2019-08-22 07:03:23,253 | INFO  | DNAudit | user=null | ip=null | op=WRITE_CHUNK {blockData=conID: 1 locID: 102659352018813378 bcsId: 1452} | ret=SUCCESS |  
2019-08-22 07:03:23,254 | INFO  | DNAudit | user=null | ip=null | op=PUT_BLOCK {blockData=[blockId=conID: 1 locID: 102659352018813378 bcsId: 0,size=3145728]} | ret=SUCCESS |  
2019-08-22 07:03:23,254 [grpc-default-executor-3] INFO  client.GrpcClientProtocolClient (GrpcClientProtocolClient.java:onNext(255)) - client-CF63D631FA17->3cf1264f-5f6b-4138-aeee-2ff7d4522ead: receive RaftClientReply:client-CF63D631FA17->3cf1264f-5f6b-4138-aeee-2ff7d4522ead@group-561E16522154, cid=1068, SUCCESS, logIndex=1457, commits[3cf1264f-5f6b-4138-aeee-2ff7d4522ead:c1458, 4f0d1a15-8f14-4d9a-ad4f-8211e1245b5d:c1456, 6999f20e-c3f7-4db4-87ca-141c476f2a88:c1456]
2019-08-22 07:03:23,254 [grpc-default-executor-3] INFO  client.GrpcClientProtocolClient (GrpcClientProtocolClient.java:onNext(255)) - client-CF63D631FA17->3cf1264f-5f6b-4138-aeee-2ff7d4522ead: receive RaftClientReply:client-CF63D631FA17->3cf1264f-5f6b-4138-aeee-2ff7d4522ead@group-561E16522154, cid=1069, SUCCESS, logIndex=1458, commits[3cf1264f-5f6b-4138-aeee-2ff7d4522ead:c1458, 4f0d1a15-8f14-4d9a-ad4f-8211e1245b5d:c1456, 6999f20e-c3f7-4db4-87ca-141c476f2a88:c1456]
2019-08-22 07:03:23,261 | INFO  | SCMAudit | user=jenkins1000 | ip=192.168.34.31 | op=SEND_HEARTBEAT {datanodeUUID=f789f48f-f3d7-45ec-9bba-6a89e2bdcc9c, command=[]} | ret=SUCCESS |  
2019-08-22 07:03:23,262 | INFO  | DNAudit | user=null | ip=null | op=WRITE_CHUNK {blockData=conID: 1 locID: 102659352018813378 bcsId: 1458} | ret=SUCCESS |  
2019-08-22 07:03:23,264 | INFO  | DNAudit | user=null | ip=null | op=WRITE_CHUNK {blockData=conID: 1 locID: 102659352018813378 bcsId: 1458} | ret=SUCCESS |  
2019-08-22 07:03:23,264 | INFO  | DNAudit | user=null | ip=null | op=WRITE_CHUNK {blockData=conID: 1 locID: 102659352018813378 bcsId: 1458} | ret=SUCCESS |  
2019-08-22 07:03:23,265 | INFO  | DNAudit | user=null | ip=null | op=WRITE_CHUNK {blockData=conID: 1 locID: 102659352018813378 bcsId: 1452} | ret=SUCCESS |  
2019-08-22 07:03:23,265 | INFO  | DNAudit | user=null | ip=null | op=WRITE_CHUNK {blockData=conID: 1 locID: 102659352018813378 bcsId: 1452} | ret=SUCCESS |  
2019-08-22 07:03:23,265 | INFO  | DNAudit | user=null | ip=null | op=PUT_BLOCK {blockData=[blockId=conID: 1 locID: 102659352018813378 bcsId: 0,size=3145728]} | ret=SUCCESS |  
2019-08-22 07:03:23,265 | INFO  | DNAudit | user=null | ip=null | op=PUT_BLOCK {blockData=[blockId=conID: 1 locID: 102659352018813378 bcsId: 0,size=3145728]} | ret=SUCCESS |  
2019-08-22 07:03:23,266 | INFO  | DNAudit | user=null | ip=null | op=WRITE_CHUNK {blockData=conID: 1 locID: 102659352018813378 bcsId: 1458} | ret=SUCCESS |  
2019-08-22 07:03:23,267 | INFO  | DNAudit | user=null | ip=null | op=PUT_BLOCK {blockData=[blockId=conID: 1 locID: 102659352018813378 bcsId: 0,size=4194304]} | ret=SUCCESS |  
2019-08-22 07:03:23,267 [grpc-default-executor-3] INFO  client.GrpcClientProtocolClient (GrpcClientProtocolClient.java:onNext(255)) - client-CF63D631FA17->3cf1264f-5f6b-4138-aeee-2ff7d4522ead: receive RaftClientReply:client-CF63D631FA17->3cf1264f-5f6b-4138-aeee-2ff7d4522ead@group-561E16522154, cid=1070, SUCCESS, logIndex=1461, commits[3cf1264f-5f6b-4138-aeee-2ff7d4522ead:c1462, 4f0d1a15-8f14-4d9a-ad4f-8211e1245b5d:c1458, 6999f20e-c3f7-4db4-87ca-141c476f2a88:c1458]
2019-08-22 07:03:23,267 [grpc-default-executor-3] INFO  client.GrpcClientProtocolClient (GrpcClientProtocolClient.java:onNext(255)) - client-CF63D631FA17->3cf1264f-5f6b-4138-aeee-2ff7d4522ead: receive RaftClientReply:client-CF63D631FA17->3cf1264f-5f6b-4138-aeee-2ff7d4522ead@group-561E16522154, cid=1071, SUCCESS, logIndex=1462, commits[3cf1264f-5f6b-4138-aeee-2ff7d4522ead:c1462, 4f0d1a15-8f14-4d9a-ad4f-8211e1245b5d:c1458, 6999f20e-c3f7-4db4-87ca-141c476f2a88:c1458]
2019-08-22 07:03:23,268 | INFO  | DNAudit | user=null | ip=null | op=WRITE_CHUNK {blockData=conID: 1 locID: 102659352018813378 bcsId: 1458} | ret=SUCCESS |  
2019-08-22 07:03:23,268 | INFO  | DNAudit | user=null | ip=null | op=WRITE_CHUNK {blockData=conID: 1 locID: 102659352018813378 bcsId: 1458} | ret=SUCCESS |  
2019-08-22 07:03:23,269 | INFO  | DNAudit | user=null | ip=null | op=PUT_BLOCK {blockData=[blockId=conID: 1 locID: 102659352018813378 bcsId: 0,size=4194304]} | ret=SUCCESS |  
2019-08-22 07:03:23,269 | INFO  | DNAudit | user=null | ip=null | op=PUT_BLOCK {blockData=[blockId=conID: 1 locID: 102659352018813378 bcsId: 0,size=4194304]} | ret=SUCCESS |  
2019-08-22 07:03:23,270 [grpc-default-executor-3] INFO  client.GrpcClientProtocolClient (GrpcClientProtocolClient.java:onNext(255)) - client-CF63D631FA17->3cf1264f-5f6b-4138-aeee-2ff7d4522ead: receive RaftClientReply:client-CF63D631FA17->3cf1264f-5f6b-4138-aeee-2ff7d4522ead@group-561E16522154, cid=1072, SUCCESS, logIndex=0, commits[3cf1264f-5f6b-4138-aeee-2ff7d4522ead:c1464, 4f0d1a15-8f14-4d9a-ad4f-8211e1245b5d:c1462, 6999f20e-c3f7-4db4-87ca-141c476f2a88:c1462]
2019-08-22 07:03:23,276 | INFO  | DNAudit | user=null | ip=null | op=WRITE_CHUNK {blockData=conID: 2 locID: 102659352018813379 bcsId: 0} | ret=SUCCESS |  
2019-08-22 07:03:23,279 | INFO  | DNAudit | user=null | ip=null | op=WRITE_CHUNK {blockData=conID: 2 locID: 102659352018813379 bcsId: 0} | ret=SUCCESS |  
2019-08-22 07:03:23,280 | INFO  | DNAudit | user=null | ip=null | op=WRITE_CHUNK {blockData=conID: 2 locID: 102659352018813379 bcsId: 0} | ret=SUCCESS |  
2019-08-22 07:03:23,280 | INFO  | DNAudit | user=null | ip=null | op=WRITE_CHUNK {blockData=conID: 2 locID: 102659352018813379 bcsId: 0} | ret=SUCCESS |  
2019-08-22 07:03:23,281 | INFO  | DNAudit | user=null | ip=null | op=WRITE_CHUNK {blockData=conID: 2 locID: 102659352018813379 bcsId: 0} | ret=SUCCESS |  
2019-08-22 07:03:23,281 | INFO  | DNAudit | user=null | ip=null | op=WRITE_CHUNK {blockData=conID: 2 locID: 102659352018813379 bcsId: 0} | ret=SUCCESS |  
2019-08-22 07:03:23,288 | INFO  | DNAudit | user=null | ip=null | op=WRITE_CHUNK {blockData=conID: 2 locID: 102659352018813379 bcsId: 0} | ret=SUCCESS |  
2019-08-22 07:03:23,289 | INFO  | DNAudit | user=null | ip=null | op=PUT_BLOCK {blockData=[blockId=conID: 2 locID: 102659352018813379 bcsId: 0,size=1048576]} | ret=SUCCESS |  
2019-08-22 07:03:23,289 | INFO  | DNAudit | user=null | ip=null | op=WRITE_CHUNK {blockData=conID: 2 locID: 102659352018813379 bcsId: 0} | ret=SUCCESS |  
2019-08-22 07:03:23,289 [grpc-default-executor-5] INFO  client.GrpcClientProtocolClient (GrpcClientProtocolClient.java:onNext(255)) - client-CF63D631FA17->3cf1264f-5f6b-4138-aeee-2ff7d4522ead: receive RaftClientReply:client-CF63D631FA17->3cf1264f-5f6b-4138-aeee-2ff7d4522ead@group-561E16522154, cid=1073, SUCCESS, logIndex=1465, commits[3cf1264f-5f6b-4138-aeee-2ff7d4522ead:c1467, 4f0d1a15-8f14-4d9a-ad4f-8211e1245b5d:c1464, 6999f20e-c3f7-4db4-87ca-141c476f2a88:c1464]
2019-08-22 07:03:23,290 | INFO  | DNAudit | user=null | ip=null | op=PUT_BLOCK {blockData=[blockId=conID: 2 locID: 102659352018813379 bcsId: 0,size=2097152]} | ret=SUCCESS |  
2019-08-22 07:03:23,290 [grpc-default-executor-5] INFO  client.GrpcClientProtocolClient (GrpcClientProtocolClient.java:onNext(255)) - client-CF63D631FA17->3cf1264f-5f6b-4138-aeee-2ff7d4522ead: receive RaftClientReply:client-CF63D631FA17->3cf1264f-5f6b-4138-aeee-2ff7d4522ead@group-561E16522154, cid=1074, SUCCESS, logIndex=1466, commits[3cf1264f-5f6b-4138-aeee-2ff7d4522ead:c1468, 4f0d1a15-8f14-4d9a-ad4f-8211e1245b5d:c1464, 6999f20e-c3f7-4db4-87ca-141c476f2a88:c1464]
2019-08-22 07:03:23,290 [grpc-default-executor-5] INFO  client.GrpcClientProtocolClient (GrpcClientProtocolClient.java:onNext(255)) - client-CF63D631FA17->3cf1264f-5f6b-4138-aeee-2ff7d4522ead: receive RaftClientReply:client-CF63D631FA17->3cf1264f-5f6b-4138-aeee-2ff7d4522ead@group-561E16522154, cid=1075, SUCCESS, logIndex=1467, commits[3cf1264f-5f6b-4138-aeee-2ff7d4522ead:c1468, 4f0d1a15-8f14-4d9a-ad4f-8211e1245b5d:c1464, 6999f20e-c3f7-4db4-87ca-141c476f2a88:c1464]
2019-08-22 07:03:23,291 [grpc-default-executor-5] INFO  client.GrpcClientProtocolClient (GrpcClientProtocolClient.java:onNext(255)) - client-CF63D631FA17->3cf1264f-5f6b-4138-aeee-2ff7d4522ead: receive RaftClientReply:client-CF63D631FA17->3cf1264f-5f6b-4138-aeee-2ff7d4522ead@group-561E16522154, cid=1076, SUCCESS, logIndex=1468, commits[3cf1264f-5f6b-4138-aeee-2ff7d4522ead:c1468, 4f0d1a15-8f14-4d9a-ad4f-8211e1245b5d:c1464, 6999f20e-c3f7-4db4-87ca-141c476f2a88:c1464]
2019-08-22 07:03:23,292 | INFO  | DNAudit | user=null | ip=null | op=WRITE_CHUNK {blockData=conID: 2 locID: 102659352018813379 bcsId: 0} | ret=SUCCESS |  
2019-08-22 07:03:23,292 | INFO  | DNAudit | user=null | ip=null | op=WRITE_CHUNK {blockData=conID: 2 locID: 102659352018813379 bcsId: 0} | ret=SUCCESS |  
2019-08-22 07:03:23,292 | INFO  | DNAudit | user=null | ip=null | op=PUT_BLOCK {blockData=[blockId=conID: 2 locID: 102659352018813379 bcsId: 0,size=1048576]} | ret=SUCCESS |  
2019-08-22 07:03:23,292 | INFO  | DNAudit | user=null | ip=null | op=PUT_BLOCK {blockData=[blockId=conID: 2 locID: 102659352018813379 bcsId: 0,size=1048576]} | ret=SUCCESS |  
2019-08-22 07:03:23,293 | INFO  | DNAudit | user=null | ip=null | op=WRITE_CHUNK {blockData=conID: 2 locID: 102659352018813379 bcsId: 0} | ret=SUCCESS |  
2019-08-22 07:03:23,293 [grpc-default-executor-5] INFO  client.GrpcClientProtocolClient (GrpcClientProtocolClient.java:onNext(255)) - client-CF63D631FA17->3cf1264f-5f6b-4138-aeee-2ff7d4522ead: receive RaftClientReply:client-CF63D631FA17->3cf1264f-5f6b-4138-aeee-2ff7d4522ead@group-561E16522154, cid=1077, SUCCESS, logIndex=0, commits[3cf1264f-5f6b-4138-aeee-2ff7d4522ead:c1469, 4f0d1a15-8f14-4d9a-ad4f-8211e1245b5d:c1466, 6999f20e-c3f7-4db4-87ca-141c476f2a88:c1466]
2019-08-22 07:03:23,299 | INFO  | DNAudit | user=null | ip=null | op=WRITE_CHUNK {blockData=conID: 2 locID: 102659352018813379 bcsId: 1468} | ret=SUCCESS |  
2019-08-22 07:03:23,302 | INFO  | DNAudit | user=null | ip=null | op=WRITE_CHUNK {blockData=conID: 2 locID: 102659352018813379 bcsId: 1468} | ret=SUCCESS |  
2019-08-22 07:03:23,302 | INFO  | DNAudit | user=null | ip=null | op=WRITE_CHUNK {blockData=conID: 2 locID: 102659352018813379 bcsId: 1468} | ret=SUCCESS |  
2019-08-22 07:03:23,304 | INFO  | DNAudit | user=null | ip=null | op=WRITE_CHUNK {blockData=conID: 2 locID: 102659352018813379 bcsId: 0} | ret=SUCCESS |  
2019-08-22 07:03:23,304 | INFO  | DNAudit | user=null | ip=null | op=PUT_BLOCK {blockData=[blockId=conID: 2 locID: 102659352018813379 bcsId: 0,size=2097152]} | ret=SUCCESS |  
2019-08-22 07:03:23,304 | INFO  | DNAudit | user=null | ip=null | op=PUT_BLOCK {blockData=[blockId=conID: 2 locID: 102659352018813379 bcsId: 0,size=2097152]} | ret=SUCCESS |  
2019-08-22 07:03:23,305 | INFO  | DNAudit | user=null | ip=null | op=WRITE_CHUNK {blockData=conID: 2 locID: 102659352018813379 bcsId: 1468} | ret=SUCCESS |  
2019-08-22 07:03:23,306 | INFO  | DNAudit | user=null | ip=null | op=PUT_BLOCK {blockData=[blockId=conID: 2 locID: 102659352018813379 bcsId: 0,size=3145728]} | ret=SUCCESS |  
2019-08-22 07:03:23,306 [grpc-default-executor-3] INFO  client.GrpcClientProtocolClient (GrpcClientProtocolClient.java:onNext(255)) - client-CF63D631FA17->3cf1264f-5f6b-4138-aeee-2ff7d4522ead: receive RaftClientReply:client-CF63D631FA17->3cf1264f-5f6b-4138-aeee-2ff7d4522ead@group-561E16522154, cid=1078, SUCCESS, logIndex=1473, commits[3cf1264f-5f6b-4138-aeee-2ff7d4522ead:c1474, 4f0d1a15-8f14-4d9a-ad4f-8211e1245b5d:c1468, 6999f20e-c3f7-4db4-87ca-141c476f2a88:c1469]
2019-08-22 07:03:23,307 [grpc-default-executor-3] INFO  client.GrpcClientProtocolClient (GrpcClientProtocolClient.java:onNext(255)) - client-CF63D631FA17->3cf1264f-5f6b-4138-aeee-2ff7d4522ead: receive RaftClientReply:client-CF63D631FA17->3cf1264f-5f6b-4138-aeee-2ff7d4522ead@group-561E16522154, cid=1079, SUCCESS, logIndex=1474, commits[3cf1264f-5f6b-4138-aeee-2ff7d4522ead:c1474, 4f0d1a15-8f14-4d9a-ad4f-8211e1245b5d:c1469, 6999f20e-c3f7-4db4-87ca-141c476f2a88:c1469]
2019-08-22 07:03:23,307 | INFO  | DNAudit | user=null | ip=null | op=WRITE_CHUNK {blockData=conID: 2 locID: 102659352018813379 bcsId: 1468} | ret=SUCCESS |  
2019-08-22 07:03:23,307 | INFO  | DNAudit | user=null | ip=null | op=PUT_BLOCK {blockData=[blockId=conID: 2 locID: 102659352018813379 bcsId: 0,size=3145728]} | ret=SUCCESS |  
2019-08-22 07:03:23,307 | INFO  | DNAudit | user=null | ip=null | op=WRITE_CHUNK {blockData=conID: 2 locID: 102659352018813379 bcsId: 1468} | ret=SUCCESS |  
2019-08-22 07:03:23,308 | INFO  | DNAudit | user=null | ip=null | op=PUT_BLOCK {blockData=[blockId=conID: 2 locID: 102659352018813379 bcsId: 0,size=3145728]} | ret=SUCCESS |  
2019-08-22 07:03:23,316 | INFO  | DNAudit | user=null | ip=null | op=WRITE_CHUNK {blockData=conID: 2 locID: 102659352018813379 bcsId: 1474} | ret=SUCCESS |  
2019-08-22 07:03:23,319 | INFO  | DNAudit | user=null | ip=null | op=WRITE_CHUNK {blockData=conID: 2 locID: 102659352018813379 bcsId: 1474} | ret=SUCCESS |  
2019-08-22 07:03:23,319 | INFO  | DNAudit | user=null | ip=null | op=WRITE_CHUNK {blockData=conID: 2 locID: 102659352018813379 bcsId: 1474} | ret=SUCCESS |  
2019-08-22 07:03:23,331 | INFO  | DNAudit | user=null | ip=null | op=WRITE_CHUNK {blockData=conID: 2 locID: 102659352018813379 bcsId: 1474} | ret=SUCCESS |  
2019-08-22 07:03:23,332 | INFO  | DNAudit | user=null | ip=null | op=PUT_BLOCK {blockData=[blockId=conID: 2 locID: 102659352018813379 bcsId: 0,size=4194304]} | ret=SUCCESS |  
2019-08-22 07:03:23,332 [grpc-default-executor-5] INFO  client.GrpcClientProtocolClient (GrpcClientProtocolClient.java:onNext(255)) - client-CF63D631FA17->3cf1264f-5f6b-4138-aeee-2ff7d4522ead: receive RaftClientReply:client-CF63D631FA17->3cf1264f-5f6b-4138-aeee-2ff7d4522ead@group-561E16522154, cid=1080, SUCCESS, logIndex=1477, commits[3cf1264f-5f6b-4138-aeee-2ff7d4522ead:c1478, 4f0d1a15-8f14-4d9a-ad4f-8211e1245b5d:c1476, 6999f20e-c3f7-4db4-87ca-141c476f2a88:c1476]
2019-08-22 07:03:23,332 [grpc-default-executor-5] INFO  client.GrpcClientProtocolClient (GrpcClientProtocolClient.java:onNext(255)) - client-CF63D631FA17->3cf1264f-5f6b-4138-aeee-2ff7d4522ead: receive RaftClientReply:client-CF63D631FA17->3cf1264f-5f6b-4138-aeee-2ff7d4522ead@group-561E16522154, cid=1081, SUCCESS, logIndex=1478, commits[3cf1264f-5f6b-4138-aeee-2ff7d4522ead:c1478, 4f0d1a15-8f14-4d9a-ad4f-8211e1245b5d:c1476, 6999f20e-c3f7-4db4-87ca-141c476f2a88:c1476]
2019-08-22 07:03:23,343 | INFO  | DNAudit | user=null | ip=null | op=WRITE_CHUNK {blockData=conID: 2 locID: 102659352018813379 bcsId: 1474} | ret=SUCCESS |  
2019-08-22 07:03:23,343 | INFO  | DNAudit | user=null | ip=null | op=WRITE_CHUNK {blockData=conID: 2 locID: 102659352018813379 bcsId: 1474} | ret=SUCCESS |  
2019-08-22 07:03:23,346 | INFO  | DNAudit | user=null | ip=null | op=PUT_BLOCK {blockData=[blockId=conID: 2 locID: 102659352018813379 bcsId: 0,size=4194304]} | ret=SUCCESS |  
2019-08-22 07:03:23,346 | INFO  | DNAudit | user=null | ip=null | op=PUT_BLOCK {blockData=[blockId=conID: 2 locID: 102659352018813379 bcsId: 0,size=4194304]} | ret=SUCCESS |  
2019-08-22 07:03:23,347 [grpc-default-executor-5] INFO  client.GrpcClientProtocolClient (GrpcClientProtocolClient.java:onNext(255)) - client-CF63D631FA17->3cf1264f-5f6b-4138-aeee-2ff7d4522ead: receive RaftClientReply:client-CF63D631FA17->3cf1264f-5f6b-4138-aeee-2ff7d4522ead@group-561E16522154, cid=1082, SUCCESS, logIndex=0, commits[3cf1264f-5f6b-4138-aeee-2ff7d4522ead:c1480, 4f0d1a15-8f14-4d9a-ad4f-8211e1245b5d:c1478, 6999f20e-c3f7-4db4-87ca-141c476f2a88:c1478]
2019-08-22 07:03:23,353 | INFO  | DNAudit | user=null | ip=null | op=WRITE_CHUNK {blockData=conID: 3 locID: 102659352018813380 bcsId: 0} | ret=SUCCESS |  
2019-08-22 07:03:23,357 | INFO  | DNAudit | user=null | ip=null | op=WRITE_CHUNK {blockData=conID: 3 locID: 102659352018813380 bcsId: 0} | ret=SUCCESS |  
2019-08-22 07:03:23,357 | INFO  | DNAudit | user=null | ip=null | op=WRITE_CHUNK {blockData=conID: 3 locID: 102659352018813380 bcsId: 0} | ret=SUCCESS |  
2019-08-22 07:03:23,357 | INFO  | DNAudit | user=null | ip=null | op=WRITE_CHUNK {blockData=conID: 3 locID: 102659352018813380 bcsId: 0} | ret=SUCCESS |  
2019-08-22 07:03:23,359 | INFO  | DNAudit | user=null | ip=null | op=WRITE_CHUNK {blockData=conID: 3 locID: 102659352018813380 bcsId: 0} | ret=SUCCESS |  
2019-08-22 07:03:23,360 | INFO  | DNAudit | user=null | ip=null | op=WRITE_CHUNK {blockData=conID: 3 locID: 102659352018813380 bcsId: 0} | ret=SUCCESS |  
2019-08-22 07:03:23,366 | INFO  | DNAudit | user=null | ip=null | op=WRITE_CHUNK {blockData=conID: 3 locID: 102659352018813380 bcsId: 0} | ret=SUCCESS |  
2019-08-22 07:03:23,366 | INFO  | DNAudit | user=null | ip=null | op=PUT_BLOCK {blockData=[blockId=conID: 3 locID: 102659352018813380 bcsId: 0,size=1048576]} | ret=SUCCESS |  
2019-08-22 07:03:23,366 [grpc-default-executor-0] INFO  client.GrpcClientProtocolClient (GrpcClientProtocolClient.java:onNext(255)) - client-CF63D631FA17->3cf1264f-5f6b-4138-aeee-2ff7d4522ead: receive RaftClientReply:client-CF63D631FA17->3cf1264f-5f6b-4138-aeee-2ff7d4522ead@group-561E16522154, cid=1083, SUCCESS, logIndex=1481, commits[3cf1264f-5f6b-4138-aeee-2ff7d4522ead:c1482, 4f0d1a15-8f14-4d9a-ad4f-8211e1245b5d:c1480, 6999f20e-c3f7-4db4-87ca-141c476f2a88:c1480]
2019-08-22 07:03:23,367 | INFO  | DNAudit | user=null | ip=null | op=WRITE_CHUNK {blockData=conID: 3 locID: 102659352018813380 bcsId: 0} | ret=SUCCESS |  
2019-08-22 07:03:23,367 [grpc-default-executor-0] INFO  client.GrpcClientProtocolClient (GrpcClientProtocolClient.java:onNext(255)) - client-CF63D631FA17->3cf1264f-5f6b-4138-aeee-2ff7d4522ead: receive RaftClientReply:client-CF63D631FA17->3cf1264f-5f6b-4138-aeee-2ff7d4522ead@group-561E16522154, cid=1084, SUCCESS, logIndex=1482, commits[3cf1264f-5f6b-4138-aeee-2ff7d4522ead:c1484, 4f0d1a15-8f14-4d9a-ad4f-8211e1245b5d:c1480, 6999f20e-c3f7-4db4-87ca-141c476f2a88:c1480]
2019-08-22 07:03:23,367 | INFO  | DNAudit | user=null | ip=null | op=WRITE_CHUNK {blockData=conID: 3 locID: 102659352018813380 bcsId: 0} | ret=SUCCESS |  
2019-08-22 07:03:23,367 | INFO  | DNAudit | user=null | ip=null | op=PUT_BLOCK {blockData=[blockId=conID: 3 locID: 102659352018813380 bcsId: 0,size=2097152]} | ret=SUCCESS |  
2019-08-22 07:03:23,368 | INFO  | DNAudit | user=null | ip=null | op=PUT_BLOCK {blockData=[blockId=conID: 3 locID: 102659352018813380 bcsId: 0,size=1048576]} | ret=SUCCESS |  
2019-08-22 07:03:23,368 [grpc-default-executor-1] INFO  client.GrpcClientProtocolClient (GrpcClientProtocolClient.java:onNext(255)) - client-CF63D631FA17->3cf1264f-5f6b-4138-aeee-2ff7d4522ead: receive RaftClientReply:client-CF63D631FA17->3cf1264f-5f6b-4138-aeee-2ff7d4522ead@group-561E16522154, cid=1085, SUCCESS, logIndex=1483, commits[3cf1264f-5f6b-4138-aeee-2ff7d4522ead:c1484, 4f0d1a15-8f14-4d9a-ad4f-8211e1245b5d:c1480, 6999f20e-c3f7-4db4-87ca-141c476f2a88:c1480]
2019-08-22 07:03:23,368 | INFO  | DNAudit | user=null | ip=null | op=WRITE_CHUNK {blockData=conID: 3 locID: 102659352018813380 bcsId: 0} | ret=SUCCESS |  
2019-08-22 07:03:23,368 | INFO  | DNAudit | user=null | ip=null | op=PUT_BLOCK {blockData=[blockId=conID: 3 locID: 102659352018813380 bcsId: 0,size=1048576]} | ret=SUCCESS |  
2019-08-22 07:03:23,368 [grpc-default-executor-0] INFO  client.GrpcClientProtocolClient (GrpcClientProtocolClient.java:onNext(255)) - client-CF63D631FA17->3cf1264f-5f6b-4138-aeee-2ff7d4522ead: receive RaftClientReply:client-CF63D631FA17->3cf1264f-5f6b-4138-aeee-2ff7d4522ead@group-561E16522154, cid=1086, SUCCESS, logIndex=1484, commits[3cf1264f-5f6b-4138-aeee-2ff7d4522ead:c1485, 4f0d1a15-8f14-4d9a-ad4f-8211e1245b5d:c1480, 6999f20e-c3f7-4db4-87ca-141c476f2a88:c1481]
2019-08-22 07:03:23,369 | INFO  | DNAudit | user=null | ip=null | op=WRITE_CHUNK {blockData=conID: 3 locID: 102659352018813380 bcsId: 0} | ret=SUCCESS |  
2019-08-22 07:03:23,369 | INFO  | DNAudit | user=null | ip=null | op=PUT_BLOCK {blockData=[blockId=conID: 3 locID: 102659352018813380 bcsId: 0,size=2097152]} | ret=SUCCESS |  
2019-08-22 07:03:23,369 [grpc-default-executor-0] INFO  client.GrpcClientProtocolClient (GrpcClientProtocolClient.java:onNext(255)) - client-CF63D631FA17->3cf1264f-5f6b-4138-aeee-2ff7d4522ead: receive RaftClientReply:client-CF63D631FA17->3cf1264f-5f6b-4138-aeee-2ff7d4522ead@group-561E16522154, cid=1087, SUCCESS, logIndex=0, commits[3cf1264f-5f6b-4138-aeee-2ff7d4522ead:c1488, 4f0d1a15-8f14-4d9a-ad4f-8211e1245b5d:c1482, 6999f20e-c3f7-4db4-87ca-141c476f2a88:c1484]
2019-08-22 07:03:23,370 | INFO  | DNAudit | user=null | ip=null | op=WRITE_CHUNK {blockData=conID: 3 locID: 102659352018813380 bcsId: 0} | ret=SUCCESS |  
2019-08-22 07:03:23,370 | INFO  | DNAudit | user=null | ip=null | op=PUT_BLOCK {blockData=[blockId=conID: 3 locID: 102659352018813380 bcsId: 0,size=2097152]} | ret=SUCCESS |  
2019-08-22 07:03:23,375 | INFO  | DNAudit | user=null | ip=null | op=WRITE_CHUNK {blockData=conID: 3 locID: 102659352018813380 bcsId: 1484} | ret=SUCCESS |  
2019-08-22 07:03:23,378 | INFO  | DNAudit | user=null | ip=null | op=WRITE_CHUNK {blockData=conID: 3 locID: 102659352018813380 bcsId: 1484} | ret=SUCCESS |  
2019-08-22 07:03:23,378 | INFO  | DNAudit | user=null | ip=null | op=WRITE_CHUNK {blockData=conID: 3 locID: 102659352018813380 bcsId: 1484} | ret=SUCCESS |  
2019-08-22 07:03:23,388 | INFO  | DNAudit | user=null | ip=null | op=WRITE_CHUNK {blockData=conID: 3 locID: 102659352018813380 bcsId: 1484} | ret=SUCCESS |  
2019-08-22 07:03:23,388 | INFO  | DNAudit | user=null | ip=null | op=PUT_BLOCK {blockData=[blockId=conID: 3 locID: 102659352018813380 bcsId: 0,size=3145728]} | ret=SUCCESS |  
2019-08-22 07:03:23,388 [grpc-default-executor-1] INFO  client.GrpcClientProtocolClient (GrpcClientProtocolClient.java:onNext(255)) - client-CF63D631FA17->3cf1264f-5f6b-4138-aeee-2ff7d4522ead: receive RaftClientReply:client-CF63D631FA17->3cf1264f-5f6b-4138-aeee-2ff7d4522ead@group-561E16522154, cid=1088, SUCCESS, logIndex=1489, commits[3cf1264f-5f6b-4138-aeee-2ff7d4522ead:c1490, 4f0d1a15-8f14-4d9a-ad4f-8211e1245b5d:c1488, 6999f20e-c3f7-4db4-87ca-141c476f2a88:c1488]
2019-08-22 07:03:23,389 [grpc-default-executor-1] INFO  client.GrpcClientProtocolClient (GrpcClientProtocolClient.java:onNext(255)) - client-CF63D631FA17->3cf1264f-5f6b-4138-aeee-2ff7d4522ead: receive RaftClientReply:client-CF63D631FA17->3cf1264f-5f6b-4138-aeee-2ff7d4522ead@group-561E16522154, cid=1089, SUCCESS, logIndex=1490, commits[3cf1264f-5f6b-4138-aeee-2ff7d4522ead:c1490, 4f0d1a15-8f14-4d9a-ad4f-8211e1245b5d:c1488, 6999f20e-c3f7-4db4-87ca-141c476f2a88:c1488]
2019-08-22 07:03:23,391 | INFO  | DNAudit | user=null | ip=null | op=WRITE_CHUNK {blockData=conID: 3 locID: 102659352018813380 bcsId: 1484} | ret=SUCCESS |  
2019-08-22 07:03:23,391 | INFO  | DNAudit | user=null | ip=null | op=WRITE_CHUNK {blockData=conID: 3 locID: 102659352018813380 bcsId: 1484} | ret=SUCCESS |  
2019-08-22 07:03:23,394 | INFO  | DNAudit | user=null | ip=null | op=PUT_BLOCK {blockData=[blockId=conID: 3 locID: 102659352018813380 bcsId: 0,size=3145728]} | ret=SUCCESS |  
2019-08-22 07:03:23,394 | INFO  | DNAudit | user=null | ip=null | op=PUT_BLOCK {blockData=[blockId=conID: 3 locID: 102659352018813380 bcsId: 0,size=3145728]} | ret=SUCCESS |  
2019-08-22 07:03:23,395 | INFO  | DNAudit | user=null | ip=null | op=WRITE_CHUNK {blockData=conID: 3 locID: 102659352018813380 bcsId: 1490} | ret=SUCCESS |  
2019-08-22 07:03:23,397 | INFO  | DNAudit | user=null | ip=null | op=WRITE_CHUNK {blockData=conID: 3 locID: 102659352018813380 bcsId: 1490} | ret=SUCCESS |  
2019-08-22 07:03:23,398 | INFO  | DNAudit | user=null | ip=null | op=WRITE_CHUNK {blockData=conID: 3 locID: 102659352018813380 bcsId: 1490} | ret=SUCCESS |  
2019-08-22 07:03:23,407 | INFO  | DNAudit | user=null | ip=null | op=WRITE_CHUNK {blockData=conID: 3 locID: 102659352018813380 bcsId: 1490} | ret=SUCCESS |  
2019-08-22 07:03:23,407 | INFO  | DNAudit | user=null | ip=null | op=PUT_BLOCK {blockData=[blockId=conID: 3 locID: 102659352018813380 bcsId: 0,size=4194304]} | ret=SUCCESS |  
2019-08-22 07:03:23,407 [grpc-default-executor-1] INFO  client.GrpcClientProtocolClient (GrpcClientProtocolClient.java:onNext(255)) - client-CF63D631FA17->3cf1264f-5f6b-4138-aeee-2ff7d4522ead: receive RaftClientReply:client-CF63D631FA17->3cf1264f-5f6b-4138-aeee-2ff7d4522ead@group-561E16522154, cid=1090, SUCCESS, logIndex=1493, commits[3cf1264f-5f6b-4138-aeee-2ff7d4522ead:c1494, 4f0d1a15-8f14-4d9a-ad4f-8211e1245b5d:c1491, 6999f20e-c3f7-4db4-87ca-141c476f2a88:c1491]
2019-08-22 07:03:23,408 [grpc-default-executor-1] INFO  client.GrpcClientProtocolClient (GrpcClientProtocolClient.java:onNext(255)) - client-CF63D631FA17->3cf1264f-5f6b-4138-aeee-2ff7d4522ead: receive RaftClientReply:client-CF63D631FA17->3cf1264f-5f6b-4138-aeee-2ff7d4522ead@group-561E16522154, cid=1091, SUCCESS, logIndex=1494, commits[3cf1264f-5f6b-4138-aeee-2ff7d4522ead:c1494, 4f0d1a15-8f14-4d9a-ad4f-8211e1245b5d:c1491, 6999f20e-c3f7-4db4-87ca-141c476f2a88:c1491]
2019-08-22 07:03:23,409 | INFO  | DNAudit | user=null | ip=null | op=WRITE_CHUNK {blockData=conID: 3 locID: 102659352018813380 bcsId: 1490} | ret=SUCCESS |  
2019-08-22 07:03:23,409 | INFO  | DNAudit | user=null | ip=null | op=WRITE_CHUNK {blockData=conID: 3 locID: 102659352018813380 bcsId: 1490} | ret=SUCCESS |  
2019-08-22 07:03:23,411 | INFO  | DNAudit | user=null | ip=null | op=PUT_BLOCK {blockData=[blockId=conID: 3 locID: 102659352018813380 bcsId: 0,size=4194304]} | ret=SUCCESS |  
2019-08-22 07:03:23,411 | INFO  | DNAudit | user=null | ip=null | op=PUT_BLOCK {blockData=[blockId=conID: 3 locID: 102659352018813380 bcsId: 0,size=4194304]} | ret=SUCCESS |  
2019-08-22 07:03:23,412 [grpc-default-executor-1] INFO  client.GrpcClientProtocolClient (GrpcClientProtocolClient.java:onNext(255)) - client-CF63D631FA17->3cf1264f-5f6b-4138-aeee-2ff7d4522ead: receive RaftClientReply:client-CF63D631FA17->3cf1264f-5f6b-4138-aeee-2ff7d4522ead@group-561E16522154, cid=1092, SUCCESS, logIndex=0, commits[3cf1264f-5f6b-4138-aeee-2ff7d4522ead:c1496, 4f0d1a15-8f14-4d9a-ad4f-8211e1245b5d:c1494, 6999f20e-c3f7-4db4-87ca-141c476f2a88:c1494]
2019-08-22 07:03:23,418 | INFO  | DNAudit | user=null | ip=null | op=WRITE_CHUNK {blockData=conID: 1 locID: 102659352018813381 bcsId: 0} | ret=SUCCESS |  
2019-08-22 07:03:23,419 | INFO  | DNAudit | user=null | ip=null | op=WRITE_CHUNK {blockData=conID: 1 locID: 102659352018813381 bcsId: 0} | ret=SUCCESS |  
2019-08-22 07:03:23,420 | INFO  | DNAudit | user=null | ip=null | op=WRITE_CHUNK {blockData=conID: 1 locID: 102659352018813381 bcsId: 0} | ret=SUCCESS |  
2019-08-22 07:03:23,421 | INFO  | DNAudit | user=null | ip=null | op=WRITE_CHUNK {blockData=conID: 1 locID: 102659352018813381 bcsId: 0} | ret=SUCCESS |  
2019-08-22 07:03:23,422 | INFO  | DNAudit | user=null | ip=null | op=WRITE_CHUNK {blockData=conID: 1 locID: 102659352018813381 bcsId: 0} | ret=SUCCESS |  
2019-08-22 07:03:23,422 | INFO  | DNAudit | user=null | ip=null | op=WRITE_CHUNK {blockData=conID: 1 locID: 102659352018813381 bcsId: 0} | ret=SUCCESS |  
2019-08-22 07:03:23,423 | INFO  | DNAudit | user=null | ip=null | op=PUT_BLOCK {blockData=[blockId=conID: 1 locID: 102659352018813381 bcsId: 0,size=1048576]} | ret=SUCCESS |  
2019-08-22 07:03:23,423 | INFO  | DNAudit | user=null | ip=null | op=WRITE_CHUNK {blockData=conID: 1 locID: 102659352018813381 bcsId: 0} | ret=SUCCESS |  
2019-08-22 07:03:23,423 [grpc-default-executor-1] INFO  client.GrpcClientProtocolClient (GrpcClientProtocolClient.java:onNext(255)) - client-CF63D631FA17->3cf1264f-5f6b-4138-aeee-2ff7d4522ead: receive RaftClientReply:client-CF63D631FA17->3cf1264f-5f6b-4138-aeee-2ff7d4522ead@group-561E16522154, cid=1093, SUCCESS, logIndex=1497, commits[3cf1264f-5f6b-4138-aeee-2ff7d4522ead:c1498, 4f0d1a15-8f14-4d9a-ad4f-8211e1245b5d:c1496, 6999f20e-c3f7-4db4-87ca-141c476f2a88:c1496]
2019-08-22 07:03:23,424 | INFO  | DNAudit | user=null | ip=null | op=WRITE_CHUNK {blockData=conID: 1 locID: 102659352018813381 bcsId: 0} | ret=SUCCESS |  
2019-08-22 07:03:23,424 [grpc-default-executor-1] INFO  client.GrpcClientProtocolClient (GrpcClientProtocolClient.java:onNext(255)) - client-CF63D631FA17->3cf1264f-5f6b-4138-aeee-2ff7d4522ead: receive RaftClientReply:client-CF63D631FA17->3cf1264f-5f6b-4138-aeee-2ff7d4522ead@group-561E16522154, cid=1094, SUCCESS, logIndex=1498, commits[3cf1264f-5f6b-4138-aeee-2ff7d4522ead:c1498, 4f0d1a15-8f14-4d9a-ad4f-8211e1245b5d:c1496, 6999f20e-c3f7-4db4-87ca-141c476f2a88:c1496]
2019-08-22 07:03:23,424 | INFO  | DNAudit | user=null | ip=null | op=WRITE_CHUNK {blockData=conID: 1 locID: 102659352018813381 bcsId: 0} | ret=SUCCESS |  
2019-08-22 07:03:23,424 | INFO  | DNAudit | user=null | ip=null | op=PUT_BLOCK {blockData=[blockId=conID: 1 locID: 102659352018813381 bcsId: 0,size=1048576]} | ret=SUCCESS |  
2019-08-22 07:03:23,425 | INFO  | DNAudit | user=null | ip=null | op=WRITE_CHUNK {blockData=conID: 1 locID: 102659352018813381 bcsId: 0} | ret=SUCCESS |  
2019-08-22 07:03:23,425 | INFO  | DNAudit | user=null | ip=null | op=PUT_BLOCK {blockData=[blockId=conID: 1 locID: 102659352018813381 bcsId: 0,size=2097152]} | ret=SUCCESS |  
2019-08-22 07:03:23,425 | INFO  | DNAudit | user=null | ip=null | op=PUT_BLOCK {blockData=[blockId=conID: 1 locID: 102659352018813381 bcsId: 0,size=1048576]} | ret=SUCCESS |  
2019-08-22 07:03:23,425 [grpc-default-executor-5] INFO  client.GrpcClientProtocolClient (GrpcClientProtocolClient.java:onNext(255)) - client-CF63D631FA17->3cf1264f-5f6b-4138-aeee-2ff7d4522ead: receive RaftClientReply:client-CF63D631FA17->3cf1264f-5f6b-4138-aeee-2ff7d4522ead@group-561E16522154, cid=1095, SUCCESS, logIndex=1499, commits[3cf1264f-5f6b-4138-aeee-2ff7d4522ead:c1502, 4f0d1a15-8f14-4d9a-ad4f-8211e1245b5d:c1496, 6999f20e-c3f7-4db4-87ca-141c476f2a88:c1498]
2019-08-22 07:03:23,425 [grpc-default-executor-5] INFO  client.GrpcClientProtocolClient (GrpcClientProtocolClient.java:onNext(255)) - client-CF63D631FA17->3cf1264f-5f6b-4138-aeee-2ff7d4522ead: receive RaftClientReply:client-CF63D631FA17->3cf1264f-5f6b-4138-aeee-2ff7d4522ead@group-561E16522154, cid=1096, SUCCESS, logIndex=1500, commits[3cf1264f-5f6b-4138-aeee-2ff7d4522ead:c1502, 4f0d1a15-8f14-4d9a-ad4f-8211e1245b5d:c1498, 6999f20e-c3f7-4db4-87ca-141c476f2a88:c1498]
2019-08-22 07:03:23,426 | INFO  | DNAudit | user=null | ip=null | op=WRITE_CHUNK {blockData=conID: 1 locID: 102659352018813381 bcsId: 0} | ret=SUCCESS |  
2019-08-22 07:03:23,426 | INFO  | DNAudit | user=null | ip=null | op=WRITE_CHUNK {blockData=conID: 1 locID: 102659352018813381 bcsId: 0} | ret=SUCCESS |  
2019-08-22 07:03:23,426 | INFO  | DNAudit | user=null | ip=null | op=PUT_BLOCK {blockData=[blockId=conID: 1 locID: 102659352018813381 bcsId: 0,size=2097152]} | ret=SUCCESS |  
2019-08-22 07:03:23,426 | INFO  | DNAudit | user=null | ip=null | op=PUT_BLOCK {blockData=[blockId=conID: 1 locID: 102659352018813381 bcsId: 0,size=2097152]} | ret=SUCCESS |  
2019-08-22 07:03:23,431 | INFO  | DNAudit | user=null | ip=null | op=WRITE_CHUNK {blockData=conID: 1 locID: 102659352018813381 bcsId: 1500} | ret=SUCCESS |  
2019-08-22 07:03:23,434 | INFO  | DNAudit | user=null | ip=null | op=WRITE_CHUNK {blockData=conID: 1 locID: 102659352018813381 bcsId: 1500} | ret=SUCCESS |  
2019-08-22 07:03:23,434 | INFO  | DNAudit | user=null | ip=null | op=WRITE_CHUNK {blockData=conID: 1 locID: 102659352018813381 bcsId: 1500} | ret=SUCCESS |  
2019-08-22 07:03:23,436 | INFO  | DNAudit | user=null | ip=null | op=WRITE_CHUNK {blockData=conID: 1 locID: 102659352018813381 bcsId: 1500} | ret=SUCCESS |  
2019-08-22 07:03:23,437 | INFO  | DNAudit | user=null | ip=null | op=PUT_BLOCK {blockData=[blockId=conID: 1 locID: 102659352018813381 bcsId: 0,size=3145728]} | ret=SUCCESS |  
2019-08-22 07:03:23,437 [grpc-default-executor-0] INFO  client.GrpcClientProtocolClient (GrpcClientProtocolClient.java:onNext(255)) - client-CF63D631FA17->3cf1264f-5f6b-4138-aeee-2ff7d4522ead: receive RaftClientReply:client-CF63D631FA17->3cf1264f-5f6b-4138-aeee-2ff7d4522ead@group-561E16522154, cid=1097, SUCCESS, logIndex=1505, commits[3cf1264f-5f6b-4138-aeee-2ff7d4522ead:c1506, 4f0d1a15-8f14-4d9a-ad4f-8211e1245b5d:c1501, 6999f20e-c3f7-4db4-87ca-141c476f2a88:c1504]
2019-08-22 07:03:23,437 [grpc-default-executor-0] INFO  client.GrpcClientProtocolClient (GrpcClientProtocolClient.java:onNext(255)) - client-CF63D631FA17->3cf1264f-5f6b-4138-aeee-2ff7d4522ead: receive RaftClientReply:client-CF63D631FA17->3cf1264f-5f6b-4138-aeee-2ff7d4522ead@group-561E16522154, cid=1098, SUCCESS, logIndex=1506, commits[3cf1264f-5f6b-4138-aeee-2ff7d4522ead:c1506, 4f0d1a15-8f14-4d9a-ad4f-8211e1245b5d:c1504, 6999f20e-c3f7-4db4-87ca-141c476f2a88:c1504]
2019-08-22 07:03:23,438 | INFO  | DNAudit | user=null | ip=null | op=WRITE_CHUNK {blockData=conID: 1 locID: 102659352018813381 bcsId: 1500} | ret=SUCCESS |  
2019-08-22 07:03:23,438 | INFO  | DNAudit | user=null | ip=null | op=WRITE_CHUNK {blockData=conID: 1 locID: 102659352018813381 bcsId: 1500} | ret=SUCCESS |  
2019-08-22 07:03:23,438 | INFO  | DNAudit | user=null | ip=null | op=PUT_BLOCK {blockData=[blockId=conID: 1 locID: 102659352018813381 bcsId: 0,size=3145728]} | ret=SUCCESS |  
2019-08-22 07:03:23,438 | INFO  | DNAudit | user=null | ip=null | op=PUT_BLOCK {blockData=[blockId=conID: 1 locID: 102659352018813381 bcsId: 0,size=3145728]} | ret=SUCCESS |  
2019-08-22 07:03:23,443 | INFO  | DNAudit | user=null | ip=null | op=WRITE_CHUNK {blockData=conID: 1 locID: 102659352018813381 bcsId: 1506} | ret=SUCCESS |  
2019-08-22 07:03:23,446 | INFO  | DNAudit | user=null | ip=null | op=WRITE_CHUNK {blockData=conID: 1 locID: 102659352018813381 bcsId: 1506} | ret=SUCCESS |  
2019-08-22 07:03:23,446 | INFO  | DNAudit | user=null | ip=null | op=WRITE_CHUNK {blockData=conID: 1 locID: 102659352018813381 bcsId: 1506} | ret=SUCCESS |  
2019-08-22 07:03:23,448 | INFO  | DNAudit | user=null | ip=null | op=WRITE_CHUNK {blockData=conID: 1 locID: 102659352018813381 bcsId: 1506} | ret=SUCCESS |  
2019-08-22 07:03:23,449 | INFO  | DNAudit | user=null | ip=null | op=PUT_BLOCK {blockData=[blockId=conID: 1 locID: 102659352018813381 bcsId: 0,size=4194304]} | ret=SUCCESS |  
2019-08-22 07:03:23,449 [grpc-default-executor-1] INFO  client.GrpcClientProtocolClient (GrpcClientProtocolClient.java:onNext(255)) - client-CF63D631FA17->3cf1264f-5f6b-4138-aeee-2ff7d4522ead: receive RaftClientReply:client-CF63D631FA17->3cf1264f-5f6b-4138-aeee-2ff7d4522ead@group-561E16522154, cid=1099, SUCCESS, logIndex=1509, commits[3cf1264f-5f6b-4138-aeee-2ff7d4522ead:c1510, 4f0d1a15-8f14-4d9a-ad4f-8211e1245b5d:c1508, 6999f20e-c3f7-4db4-87ca-141c476f2a88:c1508]
2019-08-22 07:03:23,449 [grpc-default-executor-1] INFO  client.GrpcClientProtocolClient (GrpcClientProtocolClient.java:onNext(255)) - client-CF63D631FA17->3cf1264f-5f6b-4138-aeee-2ff7d4522ead: receive RaftClientReply:client-CF63D631FA17->3cf1264f-5f6b-4138-aeee-2ff7d4522ead@group-561E16522154, cid=1100, SUCCESS, logIndex=1510, commits[3cf1264f-5f6b-4138-aeee-2ff7d4522ead:c1510, 4f0d1a15-8f14-4d9a-ad4f-8211e1245b5d:c1508, 6999f20e-c3f7-4db4-87ca-141c476f2a88:c1508]
2019-08-22 07:03:23,450 | INFO  | DNAudit | user=null | ip=null | op=WRITE_CHUNK {blockData=conID: 1 locID: 102659352018813381 bcsId: 1506} | ret=SUCCESS |  
2019-08-22 07:03:23,450 | INFO  | DNAudit | user=null | ip=null | op=WRITE_CHUNK {blockData=conID: 1 locID: 102659352018813381 bcsId: 1506} | ret=SUCCESS |  
2019-08-22 07:03:23,450 | INFO  | DNAudit | user=null | ip=null | op=PUT_BLOCK {blockData=[blockId=conID: 1 locID: 102659352018813381 bcsId: 0,size=4194304]} | ret=SUCCESS |  
2019-08-22 07:03:23,450 | INFO  | DNAudit | user=null | ip=null | op=PUT_BLOCK {blockData=[blockId=conID: 1 locID: 102659352018813381 bcsId: 0,size=4194304]} | ret=SUCCESS |  
2019-08-22 07:03:23,451 [grpc-default-executor-0] INFO  client.GrpcClientProtocolClient (GrpcClientProtocolClient.java:onNext(255)) - client-CF63D631FA17->3cf1264f-5f6b-4138-aeee-2ff7d4522ead: receive RaftClientReply:client-CF63D631FA17->3cf1264f-5f6b-4138-aeee-2ff7d4522ead@group-561E16522154, cid=1101, SUCCESS, logIndex=0, commits[3cf1264f-5f6b-4138-aeee-2ff7d4522ead:c1511, 4f0d1a15-8f14-4d9a-ad4f-8211e1245b5d:c1510, 6999f20e-c3f7-4db4-87ca-141c476f2a88:c1510]
2019-08-22 07:03:23,457 | INFO  | DNAudit | user=null | ip=null | op=WRITE_CHUNK {blockData=conID: 2 locID: 102659352018813382 bcsId: 0} | ret=SUCCESS |  
2019-08-22 07:03:23,459 | INFO  | DNAudit | user=null | ip=null | op=WRITE_CHUNK {blockData=conID: 2 locID: 102659352018813382 bcsId: 0} | ret=SUCCESS |  
2019-08-22 07:03:23,459 | INFO  | DNAudit | user=null | ip=null | op=WRITE_CHUNK {blockData=conID: 2 locID: 102659352018813382 bcsId: 0} | ret=SUCCESS |  
2019-08-22 07:03:23,459 | INFO  | DNAudit | user=null | ip=null | op=WRITE_CHUNK {blockData=conID: 2 locID: 102659352018813382 bcsId: 0} | ret=SUCCESS |  
2019-08-22 07:03:23,461 | INFO  | DNAudit | user=null | ip=null | op=WRITE_CHUNK {blockData=conID: 2 locID: 102659352018813382 bcsId: 0} | ret=SUCCESS |  
2019-08-22 07:03:23,461 | INFO  | DNAudit | user=null | ip=null | op=WRITE_CHUNK {blockData=conID: 2 locID: 102659352018813382 bcsId: 0} | ret=SUCCESS |  
2019-08-22 07:03:23,462 | INFO  | DNAudit | user=null | ip=null | op=WRITE_CHUNK {blockData=conID: 2 locID: 102659352018813382 bcsId: 0} | ret=SUCCESS |  
2019-08-22 07:03:23,463 | INFO  | DNAudit | user=null | ip=null | op=PUT_BLOCK {blockData=[blockId=conID: 2 locID: 102659352018813382 bcsId: 0,size=1048576]} | ret=SUCCESS |  
2019-08-22 07:03:23,463 [grpc-default-executor-5] INFO  client.GrpcClientProtocolClient (GrpcClientProtocolClient.java:onNext(255)) - client-CF63D631FA17->3cf1264f-5f6b-4138-aeee-2ff7d4522ead: receive RaftClientReply:client-CF63D631FA17->3cf1264f-5f6b-4138-aeee-2ff7d4522ead@group-561E16522154, cid=1102, SUCCESS, logIndex=1513, commits[3cf1264f-5f6b-4138-aeee-2ff7d4522ead:c1514, 4f0d1a15-8f14-4d9a-ad4f-8211e1245b5d:c1512, 6999f20e-c3f7-4db4-87ca-141c476f2a88:c1512]
2019-08-22 07:03:23,463 | INFO  | DNAudit | user=null | ip=null | op=WRITE_CHUNK {blockData=conID: 2 locID: 102659352018813382 bcsId: 0} | ret=SUCCESS |  
2019-08-22 07:03:23,464 [grpc-default-executor-5] INFO  client.GrpcClientProtocolClient (GrpcClientProtocolClient.java:onNext(255)) - client-CF63D631FA17->3cf1264f-5f6b-4138-aeee-2ff7d4522ead: receive RaftClientReply:client-CF63D631FA17->3cf1264f-5f6b-4138-aeee-2ff7d4522ead@group-561E16522154, cid=1103, SUCCESS, logIndex=1514, commits[3cf1264f-5f6b-4138-aeee-2ff7d4522ead:c1516, 4f0d1a15-8f14-4d9a-ad4f-8211e1245b5d:c1512, 6999f20e-c3f7-4db4-87ca-141c476f2a88:c1512]
2019-08-22 07:03:23,464 | INFO  | DNAudit | user=null | ip=null | op=PUT_BLOCK {blockData=[blockId=conID: 2 locID: 102659352018813382 bcsId: 0,size=2097152]} | ret=SUCCESS |  
2019-08-22 07:03:23,464 | INFO  | DNAudit | user=null | ip=null | op=WRITE_CHUNK {blockData=conID: 2 locID: 102659352018813382 bcsId: 0} | ret=SUCCESS |  
2019-08-22 07:03:23,464 [grpc-default-executor-5] INFO  client.GrpcClientProtocolClient (GrpcClientProtocolClient.java:onNext(255)) - client-CF63D631FA17->3cf1264f-5f6b-4138-aeee-2ff7d4522ead: receive RaftClientReply:client-CF63D631FA17->3cf1264f-5f6b-4138-aeee-2ff7d4522ead@group-561E16522154, cid=1104, SUCCESS, logIndex=1515, commits[3cf1264f-5f6b-4138-aeee-2ff7d4522ead:c1516, 4f0d1a15-8f14-4d9a-ad4f-8211e1245b5d:c1512, 6999f20e-c3f7-4db4-87ca-141c476f2a88:c1512]
2019-08-22 07:03:23,464 | INFO  | DNAudit | user=null | ip=null | op=PUT_BLOCK {blockData=[blockId=conID: 2 locID: 102659352018813382 bcsId: 0,size=1048576]} | ret=SUCCESS |  
2019-08-22 07:03:23,464 [grpc-default-executor-5] INFO  client.GrpcClientProtocolClient (GrpcClientProtocolClient.java:onNext(255)) - client-CF63D631FA17->3cf1264f-5f6b-4138-aeee-2ff7d4522ead: receive RaftClientReply:client-CF63D631FA17->3cf1264f-5f6b-4138-aeee-2ff7d4522ead@group-561E16522154, cid=1105, SUCCESS, logIndex=1516, commits[3cf1264f-5f6b-4138-aeee-2ff7d4522ead:c1516, 4f0d1a15-8f14-4d9a-ad4f-8211e1245b5d:c1512, 6999f20e-c3f7-4db4-87ca-141c476f2a88:c1512]
2019-08-22 07:03:23,465 | INFO  | DNAudit | user=null | ip=null | op=WRITE_CHUNK {blockData=conID: 2 locID: 102659352018813382 bcsId: 0} | ret=SUCCESS |  
2019-08-22 07:03:23,465 | INFO  | DNAudit | user=null | ip=null | op=PUT_BLOCK {blockData=[blockId=conID: 2 locID: 102659352018813382 bcsId: 0,size=1048576]} | ret=SUCCESS |  
2019-08-22 07:03:23,465 | INFO  | DNAudit | user=null | ip=null | op=WRITE_CHUNK {blockData=conID: 2 locID: 102659352018813382 bcsId: 0} | ret=SUCCESS |  
2019-08-22 07:03:23,465 | INFO  | DNAudit | user=null | ip=null | op=WRITE_CHUNK {blockData=conID: 2 locID: 102659352018813382 bcsId: 0} | ret=SUCCESS |  
2019-08-22 07:03:23,465 | INFO  | DNAudit | user=null | ip=null | op=PUT_BLOCK {blockData=[blockId=conID: 2 locID: 102659352018813382 bcsId: 0,size=2097152]} | ret=SUCCESS |  
2019-08-22 07:03:23,466 | INFO  | DNAudit | user=null | ip=null | op=PUT_BLOCK {blockData=[blockId=conID: 2 locID: 102659352018813382 bcsId: 0,size=2097152]} | ret=SUCCESS |  
2019-08-22 07:03:23,465 [grpc-default-executor-5] INFO  client.GrpcClientProtocolClient (GrpcClientProtocolClient.java:onNext(255)) - client-CF63D631FA17->3cf1264f-5f6b-4138-aeee-2ff7d4522ead: receive RaftClientReply:client-CF63D631FA17->3cf1264f-5f6b-4138-aeee-2ff7d4522ead@group-561E16522154, cid=1106, SUCCESS, logIndex=0, commits[3cf1264f-5f6b-4138-aeee-2ff7d4522ead:c1520, 4f0d1a15-8f14-4d9a-ad4f-8211e1245b5d:c1514, 6999f20e-c3f7-4db4-87ca-141c476f2a88:c1516]
2019-08-22 07:03:23,471 | INFO  | DNAudit | user=null | ip=null | op=WRITE_CHUNK {blockData=conID: 2 locID: 102659352018813382 bcsId: 1516} | ret=SUCCESS |  
2019-08-22 07:03:23,473 | INFO  | DNAudit | user=null | ip=null | op=WRITE_CHUNK {blockData=conID: 2 locID: 102659352018813382 bcsId: 1516} | ret=SUCCESS |  
2019-08-22 07:03:23,473 | INFO  | DNAudit | user=null | ip=null | op=WRITE_CHUNK {blockData=conID: 2 locID: 102659352018813382 bcsId: 1516} | ret=SUCCESS |  
2019-08-22 07:03:23,495 | INFO  | DNAudit | user=null | ip=null | op=WRITE_CHUNK {blockData=conID: 2 locID: 102659352018813382 bcsId: 1516} | ret=SUCCESS |  
2019-08-22 07:03:23,495 | INFO  | DNAudit | user=null | ip=null | op=PUT_BLOCK {blockData=[blockId=conID: 2 locID: 102659352018813382 bcsId: 0,size=3145728]} | ret=SUCCESS |  
2019-08-22 07:03:23,495 [grpc-default-executor-0] INFO  client.GrpcClientProtocolClient (GrpcClientProtocolClient.java:onNext(255)) - client-CF63D631FA17->3cf1264f-5f6b-4138-aeee-2ff7d4522ead: receive RaftClientReply:client-CF63D631FA17->3cf1264f-5f6b-4138-aeee-2ff7d4522ead@group-561E16522154, cid=1107, SUCCESS, logIndex=1521, commits[3cf1264f-5f6b-4138-aeee-2ff7d4522ead:c1522, 4f0d1a15-8f14-4d9a-ad4f-8211e1245b5d:c1520, 6999f20e-c3f7-4db4-87ca-141c476f2a88:c1520]
2019-08-22 07:03:23,496 [grpc-default-executor-0] INFO  client.GrpcClientProtocolClient (GrpcClientProtocolClient.java:onNext(255)) - client-CF63D631FA17->3cf1264f-5f6b-4138-aeee-2ff7d4522ead: receive RaftClientReply:client-CF63D631FA17->3cf1264f-5f6b-4138-aeee-2ff7d4522ead@group-561E16522154, cid=1108, SUCCESS, logIndex=1522, commits[3cf1264f-5f6b-4138-aeee-2ff7d4522ead:c1522, 4f0d1a15-8f14-4d9a-ad4f-8211e1245b5d:c1520, 6999f20e-c3f7-4db4-87ca-141c476f2a88:c1520]
2019-08-22 07:03:23,502 | INFO  | DNAudit | user=null | ip=null | op=WRITE_CHUNK {blockData=conID: 2 locID: 102659352018813382 bcsId: 1522} | ret=SUCCESS |  
2019-08-22 07:03:23,505 | INFO  | DNAudit | user=null | ip=null | op=WRITE_CHUNK {blockData=conID: 2 locID: 102659352018813382 bcsId: 1522} | ret=SUCCESS |  
2019-08-22 07:03:23,506 | INFO  | DNAudit | user=null | ip=null | op=WRITE_CHUNK {blockData=conID: 2 locID: 102659352018813382 bcsId: 1522} | ret=SUCCESS |  
2019-08-22 07:03:23,506 | INFO  | DNAudit | user=null | ip=null | op=WRITE_CHUNK {blockData=conID: 2 locID: 102659352018813382 bcsId: 1516} | ret=SUCCESS |  
2019-08-22 07:03:23,506 | INFO  | DNAudit | user=null | ip=null | op=WRITE_CHUNK {blockData=conID: 2 locID: 102659352018813382 bcsId: 1516} | ret=SUCCESS |  
2019-08-22 07:03:23,507 | INFO  | DNAudit | user=null | ip=null | op=PUT_BLOCK {blockData=[blockId=conID: 2 locID: 102659352018813382 bcsId: 0,size=3145728]} | ret=SUCCESS |  
2019-08-22 07:03:23,507 | INFO  | DNAudit | user=null | ip=null | op=PUT_BLOCK {blockData=[blockId=conID: 2 locID: 102659352018813382 bcsId: 0,size=3145728]} | ret=SUCCESS |  
2019-08-22 07:03:23,508 | INFO  | DNAudit | user=null | ip=null | op=WRITE_CHUNK {blockData=conID: 2 locID: 102659352018813382 bcsId: 1522} | ret=SUCCESS |  
2019-08-22 07:03:23,508 | INFO  | DNAudit | user=null | ip=null | op=PUT_BLOCK {blockData=[blockId=conID: 2 locID: 102659352018813382 bcsId: 0,size=4194304]} | ret=SUCCESS |  
2019-08-22 07:03:23,508 [grpc-default-executor-5] INFO  client.GrpcClientProtocolClient (GrpcClientProtocolClient.java:onNext(255)) - client-CF63D631FA17->3cf1264f-5f6b-4138-aeee-2ff7d4522ead: receive RaftClientReply:client-CF63D631FA17->3cf1264f-5f6b-4138-aeee-2ff7d4522ead@group-561E16522154, cid=1109, SUCCESS, logIndex=1525, commits[3cf1264f-5f6b-4138-aeee-2ff7d4522ead:c1525, 4f0d1a15-8f14-4d9a-ad4f-8211e1245b5d:c1522, 6999f20e-c3f7-4db4-87ca-141c476f2a88:c1522]
2019-08-22 07:03:23,509 [grpc-default-executor-5] INFO  client.GrpcClientProtocolClient (GrpcClientProtocolClient.java:onNext(255)) - client-CF63D631FA17->3cf1264f-5f6b-4138-aeee-2ff7d4522ead: receive RaftClientReply:client-CF63D631FA17->3cf1264f-5f6b-4138-aeee-2ff7d4522ead@group-561E16522154, cid=1110, SUCCESS, logIndex=1526, commits[3cf1264f-5f6b-4138-aeee-2ff7d4522ead:c1526, 4f0d1a15-8f14-4d9a-ad4f-8211e1245b5d:c1522, 6999f20e-c3f7-4db4-87ca-141c476f2a88:c1522]
2019-08-22 07:03:23,522 | INFO  | DNAudit | user=null | ip=null | op=WRITE_CHUNK {blockData=conID: 2 locID: 102659352018813382 bcsId: 1522} | ret=SUCCESS |  
2019-08-22 07:03:23,522 | INFO  | DNAudit | user=null | ip=null | op=WRITE_CHUNK {blockData=conID: 2 locID: 102659352018813382 bcsId: 1522} | ret=SUCCESS |  
2019-08-22 07:03:23,523 | INFO  | DNAudit | user=null | ip=null | op=PUT_BLOCK {blockData=[blockId=conID: 2 locID: 102659352018813382 bcsId: 0,size=4194304]} | ret=SUCCESS |  
2019-08-22 07:03:23,523 | INFO  | DNAudit | user=null | ip=null | op=PUT_BLOCK {blockData=[blockId=conID: 2 locID: 102659352018813382 bcsId: 0,size=4194304]} | ret=SUCCESS |  
2019-08-22 07:03:23,524 [grpc-default-executor-5] INFO  client.GrpcClientProtocolClient (GrpcClientProtocolClient.java:onNext(255)) - client-CF63D631FA17->3cf1264f-5f6b-4138-aeee-2ff7d4522ead: receive RaftClientReply:client-CF63D631FA17->3cf1264f-5f6b-4138-aeee-2ff7d4522ead@group-561E16522154, cid=1111, SUCCESS, logIndex=0, commits[3cf1264f-5f6b-4138-aeee-2ff7d4522ead:c1528, 4f0d1a15-8f14-4d9a-ad4f-8211e1245b5d:c1526, 6999f20e-c3f7-4db4-87ca-141c476f2a88:c1526]
2019-08-22 07:03:23,531 | INFO  | DNAudit | user=null | ip=null | op=WRITE_CHUNK {blockData=conID: 3 locID: 102659352018813383 bcsId: 0} | ret=SUCCESS |  
2019-08-22 07:03:23,534 | INFO  | DNAudit | user=null | ip=null | op=WRITE_CHUNK {blockData=conID: 3 locID: 102659352018813383 bcsId: 0} | ret=SUCCESS |  
2019-08-22 07:03:23,535 | INFO  | DNAudit | user=null | ip=null | op=WRITE_CHUNK {blockData=conID: 3 locID: 102659352018813383 bcsId: 0} | ret=SUCCESS |  
2019-08-22 07:03:23,535 | INFO  | DNAudit | user=null | ip=null | op=WRITE_CHUNK {blockData=conID: 3 locID: 102659352018813383 bcsId: 0} | ret=SUCCESS |  
2019-08-22 07:03:23,538 | INFO  | DNAudit | user=null | ip=null | op=WRITE_CHUNK {blockData=conID: 3 locID: 102659352018813383 bcsId: 0} | ret=SUCCESS |  
2019-08-22 07:03:23,538 | INFO  | DNAudit | user=null | ip=null | op=WRITE_CHUNK {blockData=conID: 3 locID: 102659352018813383 bcsId: 0} | ret=SUCCESS |  
2019-08-22 07:03:23,543 | INFO  | DNAudit | user=null | ip=null | op=WRITE_CHUNK {blockData=conID: 3 locID: 102659352018813383 bcsId: 0} | ret=SUCCESS |  
2019-08-22 07:03:23,543 | INFO  | DNAudit | user=null | ip=null | op=PUT_BLOCK {blockData=[blockId=conID: 3 locID: 102659352018813383 bcsId: 0,size=1048576]} | ret=SUCCESS |  
2019-08-22 07:03:23,544 [grpc-default-executor-3] INFO  client.GrpcClientProtocolClient (GrpcClientProtocolClient.java:onNext(255)) - client-CF63D631FA17->3cf1264f-5f6b-4138-aeee-2ff7d4522ead: receive RaftClientReply:client-CF63D631FA17->3cf1264f-5f6b-4138-aeee-2ff7d4522ead@group-561E16522154, cid=1112, SUCCESS, logIndex=1529, commits[3cf1264f-5f6b-4138-aeee-2ff7d4522ead:c1530, 4f0d1a15-8f14-4d9a-ad4f-8211e1245b5d:c1528, 6999f20e-c3f7-4db4-87ca-141c476f2a88:c1528]
2019-08-22 07:03:23,544 | INFO  | DNAudit | user=null | ip=null | op=WRITE_CHUNK {blockData=conID: 3 locID: 102659352018813383 bcsId: 0} | ret=SUCCESS |  
2019-08-22 07:03:23,544 [grpc-default-executor-3] INFO  client.GrpcClientProtocolClient (GrpcClientProtocolClient.java:onNext(255)) - client-CF63D631FA17->3cf1264f-5f6b-4138-aeee-2ff7d4522ead: receive RaftClientReply:client-CF63D631FA17->3cf1264f-5f6b-4138-aeee-2ff7d4522ead@group-561E16522154, cid=1113, SUCCESS, logIndex=1530, commits[3cf1264f-5f6b-4138-aeee-2ff7d4522ead:c1530, 4f0d1a15-8f14-4d9a-ad4f-8211e1245b5d:c1528, 6999f20e-c3f7-4db4-87ca-141c476f2a88:c1528]
2019-08-22 07:03:23,545 | INFO  | DNAudit | user=null | ip=null | op=PUT_BLOCK {blockData=[blockId=conID: 3 locID: 102659352018813383 bcsId: 0,size=2097152]} | ret=SUCCESS |  
2019-08-22 07:03:23,545 [grpc-default-executor-3] INFO  client.GrpcClientProtocolClient (GrpcClientProtocolClient.java:onNext(255)) - client-CF63D631FA17->3cf1264f-5f6b-4138-aeee-2ff7d4522ead: receive RaftClientReply:client-CF63D631FA17->3cf1264f-5f6b-4138-aeee-2ff7d4522ead@group-561E16522154, cid=1114, SUCCESS, logIndex=1531, commits[3cf1264f-5f6b-4138-aeee-2ff7d4522ead:c1532, 4f0d1a15-8f14-4d9a-ad4f-8211e1245b5d:c1528, 6999f20e-c3f7-4db4-87ca-141c476f2a88:c1528]
2019-08-22 07:03:23,545 [grpc-default-executor-3] INFO  client.GrpcClientProtocolClient (GrpcClientProtocolClient.java:onNext(255)) - client-CF63D631FA17->3cf1264f-5f6b-4138-aeee-2ff7d4522ead: receive RaftClientReply:client-CF63D631FA17->3cf1264f-5f6b-4138-aeee-2ff7d4522ead@group-561E16522154, cid=1115, SUCCESS, logIndex=1532, commits[3cf1264f-5f6b-4138-aeee-2ff7d4522ead:c1532, 4f0d1a15-8f14-4d9a-ad4f-8211e1245b5d:c1528, 6999f20e-c3f7-4db4-87ca-141c476f2a88:c1528]
2019-08-22 07:03:23,546 | INFO  | DNAudit | user=null | ip=null | op=WRITE_CHUNK {blockData=conID: 3 locID: 102659352018813383 bcsId: 0} | ret=SUCCESS |  
2019-08-22 07:03:23,547 | INFO  | DNAudit | user=null | ip=null | op=PUT_BLOCK {blockData=[blockId=conID: 3 locID: 102659352018813383 bcsId: 0,size=1048576]} | ret=SUCCESS |  
2019-08-22 07:03:23,547 | INFO  | DNAudit | user=null | ip=null | op=WRITE_CHUNK {blockData=conID: 3 locID: 102659352018813383 bcsId: 0} | ret=SUCCESS |  
2019-08-22 07:03:23,547 | INFO  | DNAudit | user=null | ip=null | op=WRITE_CHUNK {blockData=conID: 3 locID: 102659352018813383 bcsId: 0} | ret=SUCCESS |  
2019-08-22 07:03:23,547 | INFO  | DNAudit | user=null | ip=null | op=PUT_BLOCK {blockData=[blockId=conID: 3 locID: 102659352018813383 bcsId: 0,size=1048576]} | ret=SUCCESS |  
2019-08-22 07:03:23,547 | INFO  | DNAudit | user=null | ip=null | op=PUT_BLOCK {blockData=[blockId=conID: 3 locID: 102659352018813383 bcsId: 0,size=2097152]} | ret=SUCCESS |  
2019-08-22 07:03:23,547 | INFO  | DNAudit | user=null | ip=null | op=WRITE_CHUNK {blockData=conID: 3 locID: 102659352018813383 bcsId: 0} | ret=SUCCESS |  
2019-08-22 07:03:23,547 | INFO  | DNAudit | user=null | ip=null | op=PUT_BLOCK {blockData=[blockId=conID: 3 locID: 102659352018813383 bcsId: 0,size=2097152]} | ret=SUCCESS |  
2019-08-22 07:03:23,547 [grpc-default-executor-5] INFO  client.GrpcClientProtocolClient (GrpcClientProtocolClient.java:onNext(255)) - client-CF63D631FA17->3cf1264f-5f6b-4138-aeee-2ff7d4522ead: receive RaftClientReply:client-CF63D631FA17->3cf1264f-5f6b-4138-aeee-2ff7d4522ead@group-561E16522154, cid=1116, SUCCESS, logIndex=0, commits[3cf1264f-5f6b-4138-aeee-2ff7d4522ead:c1535, 4f0d1a15-8f14-4d9a-ad4f-8211e1245b5d:c1530, 6999f20e-c3f7-4db4-87ca-141c476f2a88:c1532]
2019-08-22 07:03:23,554 | INFO  | DNAudit | user=null | ip=null | op=WRITE_CHUNK {blockData=conID: 3 locID: 102659352018813383 bcsId: 1532} | ret=SUCCESS |  
2019-08-22 07:03:23,556 | INFO  | DNAudit | user=null | ip=null | op=WRITE_CHUNK {blockData=conID: 3 locID: 102659352018813383 bcsId: 1532} | ret=SUCCESS |  
2019-08-22 07:03:23,557 | INFO  | DNAudit | user=null | ip=null | op=WRITE_CHUNK {blockData=conID: 3 locID: 102659352018813383 bcsId: 1532} | ret=SUCCESS |  
2019-08-22 07:03:23,567 | INFO  | DNAudit | user=null | ip=null | op=WRITE_CHUNK {blockData=conID: 3 locID: 102659352018813383 bcsId: 1532} | ret=SUCCESS |  
2019-08-22 07:03:23,567 | INFO  | DNAudit | user=null | ip=null | op=PUT_BLOCK {blockData=[blockId=conID: 3 locID: 102659352018813383 bcsId: 0,size=3145728]} | ret=SUCCESS |  
2019-08-22 07:03:23,567 [grpc-default-executor-3] INFO  client.GrpcClientProtocolClient (GrpcClientProtocolClient.java:onNext(255)) - client-CF63D631FA17->3cf1264f-5f6b-4138-aeee-2ff7d4522ead: receive RaftClientReply:client-CF63D631FA17->3cf1264f-5f6b-4138-aeee-2ff7d4522ead@group-561E16522154, cid=1117, SUCCESS, logIndex=1537, commits[3cf1264f-5f6b-4138-aeee-2ff7d4522ead:c1538, 4f0d1a15-8f14-4d9a-ad4f-8211e1245b5d:c1536, 6999f20e-c3f7-4db4-87ca-141c476f2a88:c1536]
2019-08-22 07:03:23,567 [grpc-default-executor-3] INFO  client.GrpcClientProtocolClient (GrpcClientProtocolClient.java:onNext(255)) - client-CF63D631FA17->3cf1264f-5f6b-4138-aeee-2ff7d4522ead: receive RaftClientReply:client-CF63D631FA17->3cf1264f-5f6b-4138-aeee-2ff7d4522ead@group-561E16522154, cid=1118, SUCCESS, logIndex=1538, commits[3cf1264f-5f6b-4138-aeee-2ff7d4522ead:c1538, 4f0d1a15-8f14-4d9a-ad4f-8211e1245b5d:c1536, 6999f20e-c3f7-4db4-87ca-141c476f2a88:c1536]
2019-08-22 07:03:23,574 | INFO  | DNAudit | user=null | ip=null | op=WRITE_CHUNK {blockData=conID: 3 locID: 102659352018813383 bcsId: 1538} | ret=SUCCESS |  
2019-08-22 07:03:23,575 | INFO  | DNAudit | user=null | ip=null | op=WRITE_CHUNK {blockData=conID: 3 locID: 102659352018813383 bcsId: 1538} | ret=SUCCESS |  
2019-08-22 07:03:23,576 | INFO  | DNAudit | user=null | ip=null | op=WRITE_CHUNK {blockData=conID: 3 locID: 102659352018813383 bcsId: 1538} | ret=SUCCESS |  
2019-08-22 07:03:23,578 | INFO  | DNAudit | user=null | ip=null | op=WRITE_CHUNK {blockData=conID: 3 locID: 102659352018813383 bcsId: 1532} | ret=SUCCESS |  
2019-08-22 07:03:23,579 | INFO  | DNAudit | user=null | ip=null | op=WRITE_CHUNK {blockData=conID: 3 locID: 102659352018813383 bcsId: 1532} | ret=SUCCESS |  
2019-08-22 07:03:23,579 | INFO  | DNAudit | user=null | ip=null | op=PUT_BLOCK {blockData=[blockId=conID: 3 locID: 102659352018813383 bcsId: 0,size=3145728]} | ret=SUCCESS |  
2019-08-22 07:03:23,579 | INFO  | DNAudit | user=null | ip=null | op=PUT_BLOCK {blockData=[blockId=conID: 3 locID: 102659352018813383 bcsId: 0,size=3145728]} | ret=SUCCESS |  
2019-08-22 07:03:23,580 | INFO  | DNAudit | user=null | ip=null | op=WRITE_CHUNK {blockData=conID: 3 locID: 102659352018813383 bcsId: 1538} | ret=SUCCESS |  
2019-08-22 07:03:23,580 | INFO  | DNAudit | user=null | ip=null | op=PUT_BLOCK {blockData=[blockId=conID: 3 locID: 102659352018813383 bcsId: 0,size=4194304]} | ret=SUCCESS |  
2019-08-22 07:03:23,581 | INFO  | SCMAudit | user=jenkins1000 | ip=192.168.34.31 | op=SEND_HEARTBEAT {datanodeUUID=6ab6b5dd-7582-43bd-ad39-1af51ca14a47, command=[]} | ret=SUCCESS |  
2019-08-22 07:03:23,581 [grpc-default-executor-0] INFO  client.GrpcClientProtocolClient (GrpcClientProtocolClient.java:onNext(255)) - client-CF63D631FA17->3cf1264f-5f6b-4138-aeee-2ff7d4522ead: receive RaftClientReply:client-CF63D631FA17->3cf1264f-5f6b-4138-aeee-2ff7d4522ead@group-561E16522154, cid=1119, SUCCESS, logIndex=1541, commits[3cf1264f-5f6b-4138-aeee-2ff7d4522ead:c1542, 4f0d1a15-8f14-4d9a-ad4f-8211e1245b5d:c1538, 6999f20e-c3f7-4db4-87ca-141c476f2a88:c1538]
2019-08-22 07:03:23,581 [grpc-default-executor-0] INFO  client.GrpcClientProtocolClient (GrpcClientProtocolClient.java:onNext(255)) - client-CF63D631FA17->3cf1264f-5f6b-4138-aeee-2ff7d4522ead: receive RaftClientReply:client-CF63D631FA17->3cf1264f-5f6b-4138-aeee-2ff7d4522ead@group-561E16522154, cid=1120, SUCCESS, logIndex=1542, commits[3cf1264f-5f6b-4138-aeee-2ff7d4522ead:c1542, 4f0d1a15-8f14-4d9a-ad4f-8211e1245b5d:c1538, 6999f20e-c3f7-4db4-87ca-141c476f2a88:c1538]
2019-08-22 07:03:23,592 | INFO  | DNAudit | user=null | ip=null | op=WRITE_CHUNK {blockData=conID: 3 locID: 102659352018813383 bcsId: 1538} | ret=SUCCESS |  
2019-08-22 07:03:23,592 | INFO  | DNAudit | user=null | ip=null | op=WRITE_CHUNK {blockData=conID: 3 locID: 102659352018813383 bcsId: 1538} | ret=SUCCESS |  
2019-08-22 07:03:23,595 | INFO  | DNAudit | user=null | ip=null | op=PUT_BLOCK {blockData=[blockId=conID: 3 locID: 102659352018813383 bcsId: 0,size=4194304]} | ret=SUCCESS |  
2019-08-22 07:03:23,595 | INFO  | DNAudit | user=null | ip=null | op=PUT_BLOCK {blockData=[blockId=conID: 3 locID: 102659352018813383 bcsId: 0,size=4194304]} | ret=SUCCESS |  
2019-08-22 07:03:23,595 [grpc-default-executor-0] INFO  client.GrpcClientProtocolClient (GrpcClientProtocolClient.java:onNext(255)) - client-CF63D631FA17->3cf1264f-5f6b-4138-aeee-2ff7d4522ead: receive RaftClientReply:client-CF63D631FA17->3cf1264f-5f6b-4138-aeee-2ff7d4522ead@group-561E16522154, cid=1121, SUCCESS, logIndex=0, commits[3cf1264f-5f6b-4138-aeee-2ff7d4522ead:c1544, 4f0d1a15-8f14-4d9a-ad4f-8211e1245b5d:c1542, 6999f20e-c3f7-4db4-87ca-141c476f2a88:c1542]
2019-08-22 07:03:23,601 | INFO  | DNAudit | user=null | ip=null | op=WRITE_CHUNK {blockData=conID: 1 locID: 102659352018813384 bcsId: 0} | ret=SUCCESS |  
2019-08-22 07:03:23,604 | INFO  | DNAudit | user=null | ip=null | op=WRITE_CHUNK {blockData=conID: 1 locID: 102659352018813384 bcsId: 0} | ret=SUCCESS |  
2019-08-22 07:03:23,605 | INFO  | DNAudit | user=null | ip=null | op=WRITE_CHUNK {blockData=conID: 1 locID: 102659352018813384 bcsId: 0} | ret=SUCCESS |  
2019-08-22 07:03:23,605 | INFO  | DNAudit | user=null | ip=null | op=WRITE_CHUNK {blockData=conID: 1 locID: 102659352018813384 bcsId: 0} | ret=SUCCESS |  
2019-08-22 07:03:23,607 | INFO  | DNAudit | user=null | ip=null | op=WRITE_CHUNK {blockData=conID: 1 locID: 102659352018813384 bcsId: 0} | ret=SUCCESS |  
2019-08-22 07:03:23,607 | INFO  | DNAudit | user=null | ip=null | op=WRITE_CHUNK {blockData=conID: 1 locID: 102659352018813384 bcsId: 0} | ret=SUCCESS |  
2019-08-22 07:03:23,614 | INFO  | DNAudit | user=null | ip=null | op=WRITE_CHUNK {blockData=conID: 1 locID: 102659352018813384 bcsId: 0} | ret=SUCCESS |  
2019-08-22 07:03:23,614 | INFO  | DNAudit | user=null | ip=null | op=PUT_BLOCK {blockData=[blockId=conID: 1 locID: 102659352018813384 bcsId: 0,size=1048576]} | ret=SUCCESS |  
2019-08-22 07:03:23,614 [grpc-default-executor-3] INFO  client.GrpcClientProtocolClient (GrpcClientProtocolClient.java:onNext(255)) - client-CF63D631FA17->3cf1264f-5f6b-4138-aeee-2ff7d4522ead: receive RaftClientReply:client-CF63D631FA17->3cf1264f-5f6b-4138-aeee-2ff7d4522ead@group-561E16522154, cid=1122, SUCCESS, logIndex=1545, commits[3cf1264f-5f6b-4138-aeee-2ff7d4522ead:c1546, 4f0d1a15-8f14-4d9a-ad4f-8211e1245b5d:c1544, 6999f20e-c3f7-4db4-87ca-141c476f2a88:c1544]
2019-08-22 07:03:23,615 | INFO  | DNAudit | user=null | ip=null | op=WRITE_CHUNK {blockData=conID: 1 locID: 102659352018813384 bcsId: 0} | ret=SUCCESS |  
2019-08-22 07:03:23,615 [grpc-default-executor-3] INFO  client.GrpcClientProtocolClient (GrpcClientProtocolClient.java:onNext(255)) - client-CF63D631FA17->3cf1264f-5f6b-4138-aeee-2ff7d4522ead: receive RaftClientReply:client-CF63D631FA17->3cf1264f-5f6b-4138-aeee-2ff7d4522ead@group-561E16522154, cid=1123, SUCCESS, logIndex=1546, commits[3cf1264f-5f6b-4138-aeee-2ff7d4522ead:c1548, 4f0d1a15-8f14-4d9a-ad4f-8211e1245b5d:c1544, 6999f20e-c3f7-4db4-87ca-141c476f2a88:c1544]
2019-08-22 07:03:23,615 | INFO  | DNAudit | user=null | ip=null | op=PUT_BLOCK {blockData=[blockId=conID: 1 locID: 102659352018813384 bcsId: 0,size=2097152]} | ret=SUCCESS |  
2019-08-22 07:03:23,615 | INFO  | DNAudit | user=null | ip=null | op=WRITE_CHUNK {blockData=conID: 1 locID: 102659352018813384 bcsId: 0} | ret=SUCCESS |  
2019-08-22 07:03:23,615 [grpc-default-executor-0] INFO  client.GrpcClientProtocolClient (GrpcClientProtocolClient.java:onNext(255)) - client-CF63D631FA17->3cf1264f-5f6b-4138-aeee-2ff7d4522ead: receive RaftClientReply:client-CF63D631FA17->3cf1264f-5f6b-4138-aeee-2ff7d4522ead@group-561E16522154, cid=1124, SUCCESS, logIndex=1547, commits[3cf1264f-5f6b-4138-aeee-2ff7d4522ead:c1548, 4f0d1a15-8f14-4d9a-ad4f-8211e1245b5d:c1544, 6999f20e-c3f7-4db4-87ca-141c476f2a88:c1544]
2019-08-22 07:03:23,616 | INFO  | DNAudit | user=null | ip=null | op=PUT_BLOCK {blockData=[blockId=conID: 1 locID: 102659352018813384 bcsId: 0,size=1048576]} | ret=SUCCESS |  
2019-08-22 07:03:23,616 | INFO  | DNAudit | user=null | ip=null | op=WRITE_CHUNK {blockData=conID: 1 locID: 102659352018813384 bcsId: 0} | ret=SUCCESS |  
2019-08-22 07:03:23,616 | INFO  | DNAudit | user=null | ip=null | op=PUT_BLOCK {blockData=[blockId=conID: 1 locID: 102659352018813384 bcsId: 0,size=1048576]} | ret=SUCCESS |  
2019-08-22 07:03:23,616 [grpc-default-executor-0] INFO  client.GrpcClientProtocolClient (GrpcClientProtocolClient.java:onNext(255)) - client-CF63D631FA17->3cf1264f-5f6b-4138-aeee-2ff7d4522ead: receive RaftClientReply:client-CF63D631FA17->3cf1264f-5f6b-4138-aeee-2ff7d4522ead@group-561E16522154, cid=1125, SUCCESS, logIndex=1548, commits[3cf1264f-5f6b-4138-aeee-2ff7d4522ead:c1549, 4f0d1a15-8f14-4d9a-ad4f-8211e1245b5d:c1546, 6999f20e-c3f7-4db4-87ca-141c476f2a88:c1544]
2019-08-22 07:03:23,616 | INFO  | DNAudit | user=null | ip=null | op=WRITE_CHUNK {blockData=conID: 1 locID: 102659352018813384 bcsId: 0} | ret=SUCCESS |  
2019-08-22 07:03:23,616 | INFO  | DNAudit | user=null | ip=null | op=WRITE_CHUNK {blockData=conID: 1 locID: 102659352018813384 bcsId: 0} | ret=SUCCESS |  
2019-08-22 07:03:23,617 | INFO  | DNAudit | user=null | ip=null | op=PUT_BLOCK {blockData=[blockId=conID: 1 locID: 102659352018813384 bcsId: 0,size=2097152]} | ret=SUCCESS |  
2019-08-22 07:03:23,617 | INFO  | DNAudit | user=null | ip=null | op=PUT_BLOCK {blockData=[blockId=conID: 1 locID: 102659352018813384 bcsId: 0,size=2097152]} | ret=SUCCESS |  
2019-08-22 07:03:23,617 [grpc-default-executor-3] INFO  client.GrpcClientProtocolClient (GrpcClientProtocolClient.java:onNext(255)) - client-CF63D631FA17->3cf1264f-5f6b-4138-aeee-2ff7d4522ead: receive RaftClientReply:client-CF63D631FA17->3cf1264f-5f6b-4138-aeee-2ff7d4522ead@group-561E16522154, cid=1126, SUCCESS, logIndex=0, commits[3cf1264f-5f6b-4138-aeee-2ff7d4522ead:c1551, 4f0d1a15-8f14-4d9a-ad4f-8211e1245b5d:c1548, 6999f20e-c3f7-4db4-87ca-141c476f2a88:c1548]
2019-08-22 07:03:23,624 | INFO  | DNAudit | user=null | ip=null | op=WRITE_CHUNK {blockData=conID: 1 locID: 102659352018813384 bcsId: 1548} | ret=SUCCESS |  
2019-08-22 07:03:23,626 | INFO  | DNAudit | user=null | ip=null | op=WRITE_CHUNK {blockData=conID: 1 locID: 102659352018813384 bcsId: 1548} | ret=SUCCESS |  
2019-08-22 07:03:23,627 | INFO  | DNAudit | user=null | ip=null | op=WRITE_CHUNK {blockData=conID: 1 locID: 102659352018813384 bcsId: 1548} | ret=SUCCESS |  
2019-08-22 07:03:23,637 | INFO  | DNAudit | user=null | ip=null | op=WRITE_CHUNK {blockData=conID: 1 locID: 102659352018813384 bcsId: 1548} | ret=SUCCESS |  
2019-08-22 07:03:23,637 | INFO  | DNAudit | user=null | ip=null | op=PUT_BLOCK {blockData=[blockId=conID: 1 locID: 102659352018813384 bcsId: 0,size=3145728]} | ret=SUCCESS |  
2019-08-22 07:03:23,637 [grpc-default-executor-3] INFO  client.GrpcClientProtocolClient (GrpcClientProtocolClient.java:onNext(255)) - client-CF63D631FA17->3cf1264f-5f6b-4138-aeee-2ff7d4522ead: receive RaftClientReply:client-CF63D631FA17->3cf1264f-5f6b-4138-aeee-2ff7d4522ead@group-561E16522154, cid=1127, SUCCESS, logIndex=1552, commits[3cf1264f-5f6b-4138-aeee-2ff7d4522ead:c1553, 4f0d1a15-8f14-4d9a-ad4f-8211e1245b5d:c1551, 6999f20e-c3f7-4db4-87ca-141c476f2a88:c1551]
2019-08-22 07:03:23,638 [grpc-default-executor-3] INFO  client.GrpcClientProtocolClient (GrpcClientProtocolClient.java:onNext(255)) - client-CF63D631FA17->3cf1264f-5f6b-4138-aeee-2ff7d4522ead: receive RaftClientReply:client-CF63D631FA17->3cf1264f-5f6b-4138-aeee-2ff7d4522ead@group-561E16522154, cid=1128, SUCCESS, logIndex=1553, commits[3cf1264f-5f6b-4138-aeee-2ff7d4522ead:c1553, 4f0d1a15-8f14-4d9a-ad4f-8211e1245b5d:c1551, 6999f20e-c3f7-4db4-87ca-141c476f2a88:c1551]
2019-08-22 07:03:23,645 | INFO  | DNAudit | user=null | ip=null | op=WRITE_CHUNK {blockData=conID: 1 locID: 102659352018813384 bcsId: 1553} | ret=SUCCESS |  
2019-08-22 07:03:23,647 | INFO  | DNAudit | user=null | ip=null | op=WRITE_CHUNK {blockData=conID: 1 locID: 102659352018813384 bcsId: 1553} | ret=SUCCESS |  
2019-08-22 07:03:23,647 | INFO  | DNAudit | user=null | ip=null | op=WRITE_CHUNK {blockData=conID: 1 locID: 102659352018813384 bcsId: 1553} | ret=SUCCESS |  
2019-08-22 07:03:23,648 | INFO  | DNAudit | user=null | ip=null | op=WRITE_CHUNK {blockData=conID: 1 locID: 102659352018813384 bcsId: 1548} | ret=SUCCESS |  
2019-08-22 07:03:23,648 | INFO  | DNAudit | user=null | ip=null | op=WRITE_CHUNK {blockData=conID: 1 locID: 102659352018813384 bcsId: 1548} | ret=SUCCESS |  
2019-08-22 07:03:23,649 | INFO  | DNAudit | user=null | ip=null | op=PUT_BLOCK {blockData=[blockId=conID: 1 locID: 102659352018813384 bcsId: 0,size=3145728]} | ret=SUCCESS |  
2019-08-22 07:03:23,649 | INFO  | DNAudit | user=null | ip=null | op=PUT_BLOCK {blockData=[blockId=conID: 1 locID: 102659352018813384 bcsId: 0,size=3145728]} | ret=SUCCESS |  
2019-08-22 07:03:23,650 | INFO  | DNAudit | user=null | ip=null | op=WRITE_CHUNK {blockData=conID: 1 locID: 102659352018813384 bcsId: 1553} | ret=SUCCESS |  
2019-08-22 07:03:23,650 | INFO  | DNAudit | user=null | ip=null | op=PUT_BLOCK {blockData=[blockId=conID: 1 locID: 102659352018813384 bcsId: 0,size=4194304]} | ret=SUCCESS |  
2019-08-22 07:03:23,650 [grpc-default-executor-0] INFO  client.GrpcClientProtocolClient (GrpcClientProtocolClient.java:onNext(255)) - client-CF63D631FA17->3cf1264f-5f6b-4138-aeee-2ff7d4522ead: receive RaftClientReply:client-CF63D631FA17->3cf1264f-5f6b-4138-aeee-2ff7d4522ead@group-561E16522154, cid=1129, SUCCESS, logIndex=1556, commits[3cf1264f-5f6b-4138-aeee-2ff7d4522ead:c1557, 4f0d1a15-8f14-4d9a-ad4f-8211e1245b5d:c1553, 6999f20e-c3f7-4db4-87ca-141c476f2a88:c1553]
2019-08-22 07:03:23,651 [grpc-default-executor-0] INFO  client.GrpcClientProtocolClient (GrpcClientProtocolClient.java:onNext(255)) - client-CF63D631FA17->3cf1264f-5f6b-4138-aeee-2ff7d4522ead: receive RaftClientReply:client-CF63D631FA17->3cf1264f-5f6b-4138-aeee-2ff7d4522ead@group-561E16522154, cid=1130, SUCCESS, logIndex=1557, commits[3cf1264f-5f6b-4138-aeee-2ff7d4522ead:c1557, 4f0d1a15-8f14-4d9a-ad4f-8211e1245b5d:c1553, 6999f20e-c3f7-4db4-87ca-141c476f2a88:c1553]
2019-08-22 07:03:23,662 | INFO  | DNAudit | user=null | ip=null | op=WRITE_CHUNK {blockData=conID: 1 locID: 102659352018813384 bcsId: 1553} | ret=SUCCESS |  
2019-08-22 07:03:23,662 | INFO  | DNAudit | user=null | ip=null | op=WRITE_CHUNK {blockData=conID: 1 locID: 102659352018813384 bcsId: 1553} | ret=SUCCESS |  
2019-08-22 07:03:23,664 | INFO  | DNAudit | user=null | ip=null | op=PUT_BLOCK {blockData=[blockId=conID: 1 locID: 102659352018813384 bcsId: 0,size=4194304]} | ret=SUCCESS |  
2019-08-22 07:03:23,665 | INFO  | DNAudit | user=null | ip=null | op=PUT_BLOCK {blockData=[blockId=conID: 1 locID: 102659352018813384 bcsId: 0,size=4194304]} | ret=SUCCESS |  
2019-08-22 07:03:23,665 [grpc-default-executor-0] INFO  client.GrpcClientProtocolClient (GrpcClientProtocolClient.java:onNext(255)) - client-CF63D631FA17->3cf1264f-5f6b-4138-aeee-2ff7d4522ead: receive RaftClientReply:client-CF63D631FA17->3cf1264f-5f6b-4138-aeee-2ff7d4522ead@group-561E16522154, cid=1131, SUCCESS, logIndex=0, commits[3cf1264f-5f6b-4138-aeee-2ff7d4522ead:c1559, 4f0d1a15-8f14-4d9a-ad4f-8211e1245b5d:c1557, 6999f20e-c3f7-4db4-87ca-141c476f2a88:c1557]
2019-08-22 07:03:23,672 | INFO  | DNAudit | user=null | ip=null | op=WRITE_CHUNK {blockData=conID: 2 locID: 102659352018878921 bcsId: 0} | ret=SUCCESS |  
 0.00% |█                                                                                                    |  0/1 Time: 0:00:062019-08-22 07:03:23,771 | INFO  | DNAudit | user=null | ip=null | op=WRITE_CHUNK {blockData=conID: 2 locID: 102659352018878921 bcsId: 0} | ret=SUCCESS |  
2019-08-22 07:03:23,771 | INFO  | DNAudit | user=null | ip=null | op=WRITE_CHUNK {blockData=conID: 2 locID: 102659352018878921 bcsId: 0} | ret=SUCCESS |  
2019-08-22 07:03:23,772 | INFO  | DNAudit | user=null | ip=null | op=WRITE_CHUNK {blockData=conID: 2 locID: 102659352018878921 bcsId: 0} | ret=SUCCESS |  
2019-08-22 07:03:23,776 | INFO  | DNAudit | user=null | ip=null | op=WRITE_CHUNK {blockData=conID: 2 locID: 102659352018878921 bcsId: 0} | ret=SUCCESS |  
2019-08-22 07:03:23,776 | INFO  | DNAudit | user=null | ip=null | op=WRITE_CHUNK {blockData=conID: 2 locID: 102659352018878921 bcsId: 0} | ret=SUCCESS |  
2019-08-22 07:03:23,783 | INFO  | DNAudit | user=null | ip=null | op=WRITE_CHUNK {blockData=conID: 2 locID: 102659352018878921 bcsId: 0} | ret=SUCCESS |  
2019-08-22 07:03:23,784 | INFO  | DNAudit | user=null | ip=null | op=PUT_BLOCK {blockData=[blockId=conID: 2 locID: 102659352018878921 bcsId: 0,size=1048576]} | ret=SUCCESS |  
2019-08-22 07:03:23,784 | INFO  | DNAudit | user=null | ip=null | op=WRITE_CHUNK {blockData=conID: 2 locID: 102659352018878921 bcsId: 0} | ret=SUCCESS |  
2019-08-22 07:03:23,784 [grpc-default-executor-5] INFO  client.GrpcClientProtocolClient (GrpcClientProtocolClient.java:onNext(255)) - client-CF63D631FA17->3cf1264f-5f6b-4138-aeee-2ff7d4522ead: receive RaftClientReply:client-CF63D631FA17->3cf1264f-5f6b-4138-aeee-2ff7d4522ead@group-561E16522154, cid=1132, SUCCESS, logIndex=1560, commits[3cf1264f-5f6b-4138-aeee-2ff7d4522ead:c1561, 4f0d1a15-8f14-4d9a-ad4f-8211e1245b5d:c1559, 6999f20e-c3f7-4db4-87ca-141c476f2a88:c1559]
2019-08-22 07:03:23,785 | INFO  | DNAudit | user=null | ip=null | op=WRITE_CHUNK {blockData=conID: 2 locID: 102659352018878921 bcsId: 0} | ret=SUCCESS |  
2019-08-22 07:03:23,785 | INFO  | DNAudit | user=null | ip=null | op=PUT_BLOCK {blockData=[blockId=conID: 2 locID: 102659352018878921 bcsId: 0,size=2097152]} | ret=SUCCESS |  
2019-08-22 07:03:23,785 [grpc-default-executor-5] INFO  client.GrpcClientProtocolClient (GrpcClientProtocolClient.java:onNext(255)) - client-CF63D631FA17->3cf1264f-5f6b-4138-aeee-2ff7d4522ead: receive RaftClientReply:client-CF63D631FA17->3cf1264f-5f6b-4138-aeee-2ff7d4522ead@group-561E16522154, cid=1133, SUCCESS, logIndex=1561, commits[3cf1264f-5f6b-4138-aeee-2ff7d4522ead:c1563, 4f0d1a15-8f14-4d9a-ad4f-8211e1245b5d:c1559, 6999f20e-c3f7-4db4-87ca-141c476f2a88:c1559]
2019-08-22 07:03:23,785 | INFO  | DNAudit | user=null | ip=null | op=PUT_BLOCK {blockData=[blockId=conID: 2 locID: 102659352018878921 bcsId: 0,size=1048576]} | ret=SUCCESS |  
2019-08-22 07:03:23,785 [grpc-default-executor-5] INFO  client.GrpcClientProtocolClient (GrpcClientProtocolClient.java:onNext(255)) - client-CF63D631FA17->3cf1264f-5f6b-4138-aeee-2ff7d4522ead: receive RaftClientReply:client-CF63D631FA17->3cf1264f-5f6b-4138-aeee-2ff7d4522ead@group-561E16522154, cid=1134, SUCCESS, logIndex=1562, commits[3cf1264f-5f6b-4138-aeee-2ff7d4522ead:c1563, 4f0d1a15-8f14-4d9a-ad4f-8211e1245b5d:c1559, 6999f20e-c3f7-4db4-87ca-141c476f2a88:c1559]
2019-08-22 07:03:23,786 | INFO  | DNAudit | user=null | ip=null | op=WRITE_CHUNK {blockData=conID: 2 locID: 102659352018878921 bcsId: 0} | ret=SUCCESS |  
2019-08-22 07:03:23,786 | INFO  | DNAudit | user=null | ip=null | op=PUT_BLOCK {blockData=[blockId=conID: 2 locID: 102659352018878921 bcsId: 0,size=1048576]} | ret=SUCCESS |  
2019-08-22 07:03:23,786 [grpc-default-executor-5] INFO  client.GrpcClientProtocolClient (GrpcClientProtocolClient.java:onNext(255)) - client-CF63D631FA17->3cf1264f-5f6b-4138-aeee-2ff7d4522ead: receive RaftClientReply:client-CF63D631FA17->3cf1264f-5f6b-4138-aeee-2ff7d4522ead@group-561E16522154, cid=1135, SUCCESS, logIndex=1563, commits[3cf1264f-5f6b-4138-aeee-2ff7d4522ead:c1564, 4f0d1a15-8f14-4d9a-ad4f-8211e1245b5d:c1559, 6999f20e-c3f7-4db4-87ca-141c476f2a88:c1561]
2019-08-22 07:03:23,787 | INFO  | DNAudit | user=null | ip=null | op=WRITE_CHUNK {blockData=conID: 2 locID: 102659352018878921 bcsId: 0} | ret=SUCCESS |  
2019-08-22 07:03:23,787 | INFO  | DNAudit | user=null | ip=null | op=PUT_BLOCK {blockData=[blockId=conID: 2 locID: 102659352018878921 bcsId: 0,size=2097152]} | ret=SUCCESS |  
2019-08-22 07:03:23,787 [grpc-default-executor-5] INFO  client.GrpcClientProtocolClient (GrpcClientProtocolClient.java:onNext(255)) - client-CF63D631FA17->3cf1264f-5f6b-4138-aeee-2ff7d4522ead: receive RaftClientReply:client-CF63D631FA17->3cf1264f-5f6b-4138-aeee-2ff7d4522ead@group-561E16522154, cid=1136, SUCCESS, logIndex=0, commits[3cf1264f-5f6b-4138-aeee-2ff7d4522ead:c1565, 4f0d1a15-8f14-4d9a-ad4f-8211e1245b5d:c1561, 6999f20e-c3f7-4db4-87ca-141c476f2a88:c1561]
2019-08-22 07:03:23,787 | INFO  | DNAudit | user=null | ip=null | op=WRITE_CHUNK {blockData=conID: 2 locID: 102659352018878921 bcsId: 0} | ret=SUCCESS |  
2019-08-22 07:03:23,788 | INFO  | DNAudit | user=null | ip=null | op=PUT_BLOCK {blockData=[blockId=conID: 2 locID: 102659352018878921 bcsId: 0,size=2097152]} | ret=SUCCESS |  
2019-08-22 07:03:23,794 | INFO  | DNAudit | user=null | ip=null | op=WRITE_CHUNK {blockData=conID: 2 locID: 102659352018878921 bcsId: 1563} | ret=SUCCESS |  
2019-08-22 07:03:23,797 | INFO  | DNAudit | user=null | ip=null | op=WRITE_CHUNK {blockData=conID: 2 locID: 102659352018878921 bcsId: 1563} | ret=SUCCESS |  
2019-08-22 07:03:23,798 | INFO  | DNAudit | user=null | ip=null | op=WRITE_CHUNK {blockData=conID: 2 locID: 102659352018878921 bcsId: 1563} | ret=SUCCESS |  
2019-08-22 07:03:23,807 | INFO  | DNAudit | user=null | ip=null | op=WRITE_CHUNK {blockData=conID: 2 locID: 102659352018878921 bcsId: 1563} | ret=SUCCESS |  
2019-08-22 07:03:23,807 | INFO  | DNAudit | user=null | ip=null | op=PUT_BLOCK {blockData=[blockId=conID: 2 locID: 102659352018878921 bcsId: 0,size=3145728]} | ret=SUCCESS |  
2019-08-22 07:03:23,807 [grpc-default-executor-0] INFO  client.GrpcClientProtocolClient (GrpcClientProtocolClient.java:onNext(255)) - client-CF63D631FA17->3cf1264f-5f6b-4138-aeee-2ff7d4522ead: receive RaftClientReply:client-CF63D631FA17->3cf1264f-5f6b-4138-aeee-2ff7d4522ead@group-561E16522154, cid=1137, SUCCESS, logIndex=1567, commits[3cf1264f-5f6b-4138-aeee-2ff7d4522ead:c1568, 4f0d1a15-8f14-4d9a-ad4f-8211e1245b5d:c1566, 6999f20e-c3f7-4db4-87ca-141c476f2a88:c1566]
2019-08-22 07:03:23,808 [grpc-default-executor-0] INFO  client.GrpcClientProtocolClient (GrpcClientProtocolClient.java:onNext(255)) - client-CF63D631FA17->3cf1264f-5f6b-4138-aeee-2ff7d4522ead: receive RaftClientReply:client-CF63D631FA17->3cf1264f-5f6b-4138-aeee-2ff7d4522ead@group-561E16522154, cid=1138, SUCCESS, logIndex=1568, commits[3cf1264f-5f6b-4138-aeee-2ff7d4522ead:c1568, 4f0d1a15-8f14-4d9a-ad4f-8211e1245b5d:c1566, 6999f20e-c3f7-4db4-87ca-141c476f2a88:c1566]
2019-08-22 07:03:23,815 | INFO  | DNAudit | user=null | ip=null | op=WRITE_CHUNK {blockData=conID: 2 locID: 102659352018878921 bcsId: 1568} | ret=SUCCESS |  
2019-08-22 07:03:23,817 | INFO  | DNAudit | user=null | ip=null | op=WRITE_CHUNK {blockData=conID: 2 locID: 102659352018878921 bcsId: 1568} | ret=SUCCESS |  
2019-08-22 07:03:23,818 | INFO  | DNAudit | user=null | ip=null | op=WRITE_CHUNK {blockData=conID: 2 locID: 102659352018878921 bcsId: 1568} | ret=SUCCESS |  
2019-08-22 07:03:23,818 | INFO  | DNAudit | user=null | ip=null | op=WRITE_CHUNK {blockData=conID: 2 locID: 102659352018878921 bcsId: 1563} | ret=SUCCESS |  
2019-08-22 07:03:23,818 | INFO  | DNAudit | user=null | ip=null | op=WRITE_CHUNK {blockData=conID: 2 locID: 102659352018878921 bcsId: 1563} | ret=SUCCESS |  
2019-08-22 07:03:23,821 | INFO  | DNAudit | user=null | ip=null | op=PUT_BLOCK {blockData=[blockId=conID: 2 locID: 102659352018878921 bcsId: 0,size=3145728]} | ret=SUCCESS |  
2019-08-22 07:03:23,821 | INFO  | DNAudit | user=null | ip=null | op=PUT_BLOCK {blockData=[blockId=conID: 2 locID: 102659352018878921 bcsId: 0,size=3145728]} | ret=SUCCESS |  
2019-08-22 07:03:23,822 | INFO  | DNAudit | user=null | ip=null | op=WRITE_CHUNK {blockData=conID: 2 locID: 102659352018878921 bcsId: 1568} | ret=SUCCESS |  
2019-08-22 07:03:23,822 | INFO  | DNAudit | user=null | ip=null | op=PUT_BLOCK {blockData=[blockId=conID: 2 locID: 102659352018878921 bcsId: 0,size=4194304]} | ret=SUCCESS |  
2019-08-22 07:03:23,822 [grpc-default-executor-0] INFO  client.GrpcClientProtocolClient (GrpcClientProtocolClient.java:onNext(255)) - client-CF63D631FA17->3cf1264f-5f6b-4138-aeee-2ff7d4522ead: receive RaftClientReply:client-CF63D631FA17->3cf1264f-5f6b-4138-aeee-2ff7d4522ead@group-561E16522154, cid=1139, SUCCESS, logIndex=1571, commits[3cf1264f-5f6b-4138-aeee-2ff7d4522ead:c1572, 4f0d1a15-8f14-4d9a-ad4f-8211e1245b5d:c1568, 6999f20e-c3f7-4db4-87ca-141c476f2a88:c1568]
2019-08-22 07:03:23,823 [grpc-default-executor-0] INFO  client.GrpcClientProtocolClient (GrpcClientProtocolClient.java:onNext(255)) - client-CF63D631FA17->3cf1264f-5f6b-4138-aeee-2ff7d4522ead: receive RaftClientReply:client-CF63D631FA17->3cf1264f-5f6b-4138-aeee-2ff7d4522ead@group-561E16522154, cid=1140, SUCCESS, logIndex=1572, commits[3cf1264f-5f6b-4138-aeee-2ff7d4522ead:c1572, 4f0d1a15-8f14-4d9a-ad4f-8211e1245b5d:c1568, 6999f20e-c3f7-4db4-87ca-141c476f2a88:c1568]
2019-08-22 07:03:23,833 | INFO  | DNAudit | user=null | ip=null | op=WRITE_CHUNK {blockData=conID: 2 locID: 102659352018878921 bcsId: 1568} | ret=SUCCESS |  
2019-08-22 07:03:23,833 | INFO  | DNAudit | user=null | ip=null | op=WRITE_CHUNK {blockData=conID: 2 locID: 102659352018878921 bcsId: 1568} | ret=SUCCESS |  
2019-08-22 07:03:23,835 | INFO  | DNAudit | user=null | ip=null | op=PUT_BLOCK {blockData=[blockId=conID: 2 locID: 102659352018878921 bcsId: 0,size=4194304]} | ret=SUCCESS |  
2019-08-22 07:03:23,836 | INFO  | DNAudit | user=null | ip=null | op=PUT_BLOCK {blockData=[blockId=conID: 2 locID: 102659352018878921 bcsId: 0,size=4194304]} | ret=SUCCESS |  
2019-08-22 07:03:23,836 [grpc-default-executor-0] INFO  client.GrpcClientProtocolClient (GrpcClientProtocolClient.java:onNext(255)) - client-CF63D631FA17->3cf1264f-5f6b-4138-aeee-2ff7d4522ead: receive RaftClientReply:client-CF63D631FA17->3cf1264f-5f6b-4138-aeee-2ff7d4522ead@group-561E16522154, cid=1141, SUCCESS, logIndex=0, commits[3cf1264f-5f6b-4138-aeee-2ff7d4522ead:c1574, 4f0d1a15-8f14-4d9a-ad4f-8211e1245b5d:c1572, 6999f20e-c3f7-4db4-87ca-141c476f2a88:c1572]
2019-08-22 07:03:23,843 | INFO  | DNAudit | user=null | ip=null | op=WRITE_CHUNK {blockData=conID: 3 locID: 102659352018878922 bcsId: 0} | ret=SUCCESS |  
2019-08-22 07:03:23,846 | INFO  | DNAudit | user=null | ip=null | op=WRITE_CHUNK {blockData=conID: 3 locID: 102659352018878922 bcsId: 0} | ret=SUCCESS |  
2019-08-22 07:03:23,847 | INFO  | DNAudit | user=null | ip=null | op=WRITE_CHUNK {blockData=conID: 3 locID: 102659352018878922 bcsId: 0} | ret=SUCCESS |  
2019-08-22 07:03:23,847 | INFO  | DNAudit | user=null | ip=null | op=WRITE_CHUNK {blockData=conID: 3 locID: 102659352018878922 bcsId: 0} | ret=SUCCESS |  
2019-08-22 07:03:23,848 | INFO  | DNAudit | user=null | ip=null | op=WRITE_CHUNK {blockData=conID: 3 locID: 102659352018878922 bcsId: 0} | ret=SUCCESS |  
2019-08-22 07:03:23,849 | INFO  | DNAudit | user=null | ip=null | op=WRITE_CHUNK {blockData=conID: 3 locID: 102659352018878922 bcsId: 0} | ret=SUCCESS |  
2019-08-22 07:03:23,855 | INFO  | DNAudit | user=null | ip=null | op=WRITE_CHUNK {blockData=conID: 3 locID: 102659352018878922 bcsId: 0} | ret=SUCCESS |  
2019-08-22 07:03:23,856 | INFO  | DNAudit | user=null | ip=null | op=PUT_BLOCK {blockData=[blockId=conID: 3 locID: 102659352018878922 bcsId: 0,size=1048576]} | ret=SUCCESS |  
2019-08-22 07:03:23,856 [grpc-default-executor-0] INFO  client.GrpcClientProtocolClient (GrpcClientProtocolClient.java:onNext(255)) - client-CF63D631FA17->3cf1264f-5f6b-4138-aeee-2ff7d4522ead: receive RaftClientReply:client-CF63D631FA17->3cf1264f-5f6b-4138-aeee-2ff7d4522ead@group-561E16522154, cid=1142, SUCCESS, logIndex=1575, commits[3cf1264f-5f6b-4138-aeee-2ff7d4522ead:c1577, 4f0d1a15-8f14-4d9a-ad4f-8211e1245b5d:c1574, 6999f20e-c3f7-4db4-87ca-141c476f2a88:c1574]
2019-08-22 07:03:23,856 | INFO  | DNAudit | user=null | ip=null | op=WRITE_CHUNK {blockData=conID: 3 locID: 102659352018878922 bcsId: 0} | ret=SUCCESS |  
2019-08-22 07:03:23,857 | INFO  | DNAudit | user=null | ip=null | op=PUT_BLOCK {blockData=[blockId=conID: 3 locID: 102659352018878922 bcsId: 0,size=2097152]} | ret=SUCCESS |  
2019-08-22 07:03:23,857 [grpc-default-executor-0] INFO  client.GrpcClientProtocolClient (GrpcClientProtocolClient.java:onNext(255)) - client-CF63D631FA17->3cf1264f-5f6b-4138-aeee-2ff7d4522ead: receive RaftClientReply:client-CF63D631FA17->3cf1264f-5f6b-4138-aeee-2ff7d4522ead@group-561E16522154, cid=1143, SUCCESS, logIndex=1576, commits[3cf1264f-5f6b-4138-aeee-2ff7d4522ead:c1578, 4f0d1a15-8f14-4d9a-ad4f-8211e1245b5d:c1574, 6999f20e-c3f7-4db4-87ca-141c476f2a88:c1574]
2019-08-22 07:03:23,857 [grpc-default-executor-0] INFO  client.GrpcClientProtocolClient (GrpcClientProtocolClient.java:onNext(255)) - client-CF63D631FA17->3cf1264f-5f6b-4138-aeee-2ff7d4522ead: receive RaftClientReply:client-CF63D631FA17->3cf1264f-5f6b-4138-aeee-2ff7d4522ead@group-561E16522154, cid=1144, SUCCESS, logIndex=1577, commits[3cf1264f-5f6b-4138-aeee-2ff7d4522ead:c1578, 4f0d1a15-8f14-4d9a-ad4f-8211e1245b5d:c1574, 6999f20e-c3f7-4db4-87ca-141c476f2a88:c1574]
2019-08-22 07:03:23,857 [grpc-default-executor-0] INFO  client.GrpcClientProtocolClient (GrpcClientProtocolClient.java:onNext(255)) - client-CF63D631FA17->3cf1264f-5f6b-4138-aeee-2ff7d4522ead: receive RaftClientReply:client-CF63D631FA17->3cf1264f-5f6b-4138-aeee-2ff7d4522ead@group-561E16522154, cid=1145, SUCCESS, logIndex=1578, commits[3cf1264f-5f6b-4138-aeee-2ff7d4522ead:c1578, 4f0d1a15-8f14-4d9a-ad4f-8211e1245b5d:c1574, 6999f20e-c3f7-4db4-87ca-141c476f2a88:c1574]
2019-08-22 07:03:23,867 | INFO  | DNAudit | user=null | ip=null | op=WRITE_CHUNK {blockData=conID: 3 locID: 102659352018878922 bcsId: 0} | ret=SUCCESS |  
2019-08-22 07:03:23,867 | INFO  | DNAudit | user=null | ip=null | op=WRITE_CHUNK {blockData=conID: 3 locID: 102659352018878922 bcsId: 0} | ret=SUCCESS |  
2019-08-22 07:03:23,868 | INFO  | DNAudit | user=null | ip=null | op=PUT_BLOCK {blockData=[blockId=conID: 3 locID: 102659352018878922 bcsId: 0,size=1048576]} | ret=SUCCESS |  
2019-08-22 07:03:23,868 | INFO  | DNAudit | user=null | ip=null | op=PUT_BLOCK {blockData=[blockId=conID: 3 locID: 102659352018878922 bcsId: 0,size=1048576]} | ret=SUCCESS |  
2019-08-22 07:03:23,868 | INFO  | DNAudit | user=null | ip=null | op=WRITE_CHUNK {blockData=conID: 3 locID: 102659352018878922 bcsId: 0} | ret=SUCCESS |  
2019-08-22 07:03:23,868 | INFO  | DNAudit | user=null | ip=null | op=PUT_BLOCK {blockData=[blockId=conID: 3 locID: 102659352018878922 bcsId: 0,size=2097152]} | ret=SUCCESS |  
2019-08-22 07:03:23,868 | INFO  | DNAudit | user=null | ip=null | op=WRITE_CHUNK {blockData=conID: 3 locID: 102659352018878922 bcsId: 0} | ret=SUCCESS |  
2019-08-22 07:03:23,869 | INFO  | DNAudit | user=null | ip=null | op=PUT_BLOCK {blockData=[blockId=conID: 3 locID: 102659352018878922 bcsId: 0,size=2097152]} | ret=SUCCESS |  
2019-08-22 07:03:23,869 [grpc-default-executor-0] INFO  client.GrpcClientProtocolClient (GrpcClientProtocolClient.java:onNext(255)) - client-CF63D631FA17->3cf1264f-5f6b-4138-aeee-2ff7d4522ead: receive RaftClientReply:client-CF63D631FA17->3cf1264f-5f6b-4138-aeee-2ff7d4522ead@group-561E16522154, cid=1146, SUCCESS, logIndex=0, commits[3cf1264f-5f6b-4138-aeee-2ff7d4522ead:c1582, 4f0d1a15-8f14-4d9a-ad4f-8211e1245b5d:c1576, 6999f20e-c3f7-4db4-87ca-141c476f2a88:c1578]
2019-08-22 07:03:23,875 | INFO  | DNAudit | user=null | ip=null | op=WRITE_CHUNK {blockData=conID: 3 locID: 102659352018878922 bcsId: 1578} | ret=SUCCESS |  
2019-08-22 07:03:23,878 | INFO  | DNAudit | user=null | ip=null | op=WRITE_CHUNK {blockData=conID: 3 locID: 102659352018878922 bcsId: 1578} | ret=SUCCESS |  
2019-08-22 07:03:23,879 | INFO  | DNAudit | user=null | ip=null | op=WRITE_CHUNK {blockData=conID: 3 locID: 102659352018878922 bcsId: 1578} | ret=SUCCESS |  
2019-08-22 07:03:23,887 | INFO  | DNAudit | user=null | ip=null | op=WRITE_CHUNK {blockData=conID: 3 locID: 102659352018878922 bcsId: 1578} | ret=SUCCESS |  
2019-08-22 07:03:23,887 | INFO  | DNAudit | user=null | ip=null | op=PUT_BLOCK {blockData=[blockId=conID: 3 locID: 102659352018878922 bcsId: 0,size=3145728]} | ret=SUCCESS |  
2019-08-22 07:03:23,888 [grpc-default-executor-3] INFO  client.GrpcClientProtocolClient (GrpcClientProtocolClient.java:onNext(255)) - client-CF63D631FA17->3cf1264f-5f6b-4138-aeee-2ff7d4522ead: receive RaftClientReply:client-CF63D631FA17->3cf1264f-5f6b-4138-aeee-2ff7d4522ead@group-561E16522154, cid=1147, SUCCESS, logIndex=1583, commits[3cf1264f-5f6b-4138-aeee-2ff7d4522ead:c1584, 4f0d1a15-8f14-4d9a-ad4f-8211e1245b5d:c1582, 6999f20e-c3f7-4db4-87ca-141c476f2a88:c1582]
2019-08-22 07:03:23,888 [grpc-default-executor-3] INFO  client.GrpcClientProtocolClient (GrpcClientProtocolClient.java:onNext(255)) - client-CF63D631FA17->3cf1264f-5f6b-4138-aeee-2ff7d4522ead: receive RaftClientReply:client-CF63D631FA17->3cf1264f-5f6b-4138-aeee-2ff7d4522ead@group-561E16522154, cid=1148, SUCCESS, logIndex=1584, commits[3cf1264f-5f6b-4138-aeee-2ff7d4522ead:c1584, 4f0d1a15-8f14-4d9a-ad4f-8211e1245b5d:c1582, 6999f20e-c3f7-4db4-87ca-141c476f2a88:c1582]
2019-08-22 07:03:23,894 | INFO  | DNAudit | user=null | ip=null | op=WRITE_CHUNK {blockData=conID: 3 locID: 102659352018878922 bcsId: 1584} | ret=SUCCESS |  
2019-08-22 07:03:23,896 | INFO  | SCMAudit | user=jenkins1000 | ip=192.168.34.31 | op=SEND_HEARTBEAT {datanodeUUID=6999f20e-c3f7-4db4-87ca-141c476f2a88, command=[]} | ret=SUCCESS |  
2019-08-22 07:03:23,896 | INFO  | SCMAudit | user=jenkins1000 | ip=192.168.34.31 | op=SEND_HEARTBEAT {datanodeUUID=3cf1264f-5f6b-4138-aeee-2ff7d4522ead, command=[]} | ret=SUCCESS |  
2019-08-22 07:03:23,896 | INFO  | SCMAudit | user=jenkins1000 | ip=192.168.34.31 | op=SEND_HEARTBEAT {datanodeUUID=4f0d1a15-8f14-4d9a-ad4f-8211e1245b5d, command=[]} | ret=SUCCESS |  
2019-08-22 07:03:23,897 | INFO  | DNAudit | user=null | ip=null | op=WRITE_CHUNK {blockData=conID: 3 locID: 102659352018878922 bcsId: 1584} | ret=SUCCESS |  
2019-08-22 07:03:23,897 | INFO  | DNAudit | user=null | ip=null | op=WRITE_CHUNK {blockData=conID: 3 locID: 102659352018878922 bcsId: 1584} | ret=SUCCESS |  
2019-08-22 07:03:23,898 | INFO  | DNAudit | user=null | ip=null | op=WRITE_CHUNK {blockData=conID: 3 locID: 102659352018878922 bcsId: 1578} | ret=SUCCESS |  
2019-08-22 07:03:23,898 | INFO  | DNAudit | user=null | ip=null | op=WRITE_CHUNK {blockData=conID: 3 locID: 102659352018878922 bcsId: 1578} | ret=SUCCESS |  
2019-08-22 07:03:23,902 | INFO  | DNAudit | user=null | ip=null | op=PUT_BLOCK {blockData=[blockId=conID: 3 locID: 102659352018878922 bcsId: 0,size=3145728]} | ret=SUCCESS |  
2019-08-22 07:03:23,902 | INFO  | DNAudit | user=null | ip=null | op=PUT_BLOCK {blockData=[blockId=conID: 3 locID: 102659352018878922 bcsId: 0,size=3145728]} | ret=SUCCESS |  
2019-08-22 07:03:23,902 | INFO  | DNAudit | user=null | ip=null | op=WRITE_CHUNK {blockData=conID: 3 locID: 102659352018878922 bcsId: 1584} | ret=SUCCESS |  
2019-08-22 07:03:23,903 | INFO  | DNAudit | user=null | ip=null | op=PUT_BLOCK {blockData=[blockId=conID: 3 locID: 102659352018878922 bcsId: 0,size=4194304]} | ret=SUCCESS |  
2019-08-22 07:03:23,903 [grpc-default-executor-5] INFO  client.GrpcClientProtocolClient (GrpcClientProtocolClient.java:onNext(255)) - client-CF63D631FA17->3cf1264f-5f6b-4138-aeee-2ff7d4522ead: receive RaftClientReply:client-CF63D631FA17->3cf1264f-5f6b-4138-aeee-2ff7d4522ead@group-561E16522154, cid=1149, SUCCESS, logIndex=1587, commits[3cf1264f-5f6b-4138-aeee-2ff7d4522ead:c1588, 4f0d1a15-8f14-4d9a-ad4f-8211e1245b5d:c1584, 6999f20e-c3f7-4db4-87ca-141c476f2a88:c1584]
2019-08-22 07:03:23,903 [grpc-default-executor-5] INFO  client.GrpcClientProtocolClient (GrpcClientProtocolClient.java:onNext(255)) - client-CF63D631FA17->3cf1264f-5f6b-4138-aeee-2ff7d4522ead: receive RaftClientReply:client-CF63D631FA17->3cf1264f-5f6b-4138-aeee-2ff7d4522ead@group-561E16522154, cid=1150, SUCCESS, logIndex=1588, commits[3cf1264f-5f6b-4138-aeee-2ff7d4522ead:c1588, 4f0d1a15-8f14-4d9a-ad4f-8211e1245b5d:c1584, 6999f20e-c3f7-4db4-87ca-141c476f2a88:c1584]
2019-08-22 07:03:23,914 | INFO  | DNAudit | user=null | ip=null | op=WRITE_CHUNK {blockData=conID: 3 locID: 102659352018878922 bcsId: 1584} | ret=SUCCESS |  
2019-08-22 07:03:23,914 | INFO  | DNAudit | user=null | ip=null | op=WRITE_CHUNK {blockData=conID: 3 locID: 102659352018878922 bcsId: 1584} | ret=SUCCESS |  
2019-08-22 07:03:23,917 | INFO  | DNAudit | user=null | ip=null | op=PUT_BLOCK {blockData=[blockId=conID: 3 locID: 102659352018878922 bcsId: 0,size=4194304]} | ret=SUCCESS |  
2019-08-22 07:03:23,917 | INFO  | DNAudit | user=null | ip=null | op=PUT_BLOCK {blockData=[blockId=conID: 3 locID: 102659352018878922 bcsId: 0,size=4194304]} | ret=SUCCESS |  
2019-08-22 07:03:23,917 [grpc-default-executor-5] INFO  client.GrpcClientProtocolClient (GrpcClientProtocolClient.java:onNext(255)) - client-CF63D631FA17->3cf1264f-5f6b-4138-aeee-2ff7d4522ead: receive RaftClientReply:client-CF63D631FA17->3cf1264f-5f6b-4138-aeee-2ff7d4522ead@group-561E16522154, cid=1151, SUCCESS, logIndex=0, commits[3cf1264f-5f6b-4138-aeee-2ff7d4522ead:c1590, 4f0d1a15-8f14-4d9a-ad4f-8211e1245b5d:c1588, 6999f20e-c3f7-4db4-87ca-141c476f2a88:c1588]
2019-08-22 07:03:23,923 | INFO  | DNAudit | user=null | ip=null | op=WRITE_CHUNK {blockData=conID: 1 locID: 102659352018878923 bcsId: 0} | ret=SUCCESS |  
2019-08-22 07:03:23,926 | INFO  | DNAudit | user=null | ip=null | op=WRITE_CHUNK {blockData=conID: 1 locID: 102659352018878923 bcsId: 0} | ret=SUCCESS |  
2019-08-22 07:03:23,927 | INFO  | DNAudit | user=null | ip=null | op=WRITE_CHUNK {blockData=conID: 1 locID: 102659352018878923 bcsId: 0} | ret=SUCCESS |  
2019-08-22 07:03:23,927 | INFO  | DNAudit | user=null | ip=null | op=WRITE_CHUNK {blockData=conID: 1 locID: 102659352018878923 bcsId: 0} | ret=SUCCESS |  
2019-08-22 07:03:23,930 | INFO  | DNAudit | user=null | ip=null | op=WRITE_CHUNK {blockData=conID: 1 locID: 102659352018878923 bcsId: 0} | ret=SUCCESS |  
2019-08-22 07:03:23,930 | INFO  | DNAudit | user=null | ip=null | op=WRITE_CHUNK {blockData=conID: 1 locID: 102659352018878923 bcsId: 0} | ret=SUCCESS |  
2019-08-22 07:03:23,936 | INFO  | DNAudit | user=null | ip=null | op=WRITE_CHUNK {blockData=conID: 1 locID: 102659352018878923 bcsId: 0} | ret=SUCCESS |  
2019-08-22 07:03:23,936 | INFO  | DNAudit | user=null | ip=null | op=PUT_BLOCK {blockData=[blockId=conID: 1 locID: 102659352018878923 bcsId: 0,size=1048576]} | ret=SUCCESS |  
2019-08-22 07:03:23,937 [grpc-default-executor-3] INFO  client.GrpcClientProtocolClient (GrpcClientProtocolClient.java:onNext(255)) - client-CF63D631FA17->3cf1264f-5f6b-4138-aeee-2ff7d4522ead: receive RaftClientReply:client-CF63D631FA17->3cf1264f-5f6b-4138-aeee-2ff7d4522ead@group-561E16522154, cid=1152, SUCCESS, logIndex=1591, commits[3cf1264f-5f6b-4138-aeee-2ff7d4522ead:c1592, 4f0d1a15-8f14-4d9a-ad4f-8211e1245b5d:c1590, 6999f20e-c3f7-4db4-87ca-141c476f2a88:c1590]
2019-08-22 07:03:23,937 | INFO  | DNAudit | user=null | ip=null | op=WRITE_CHUNK {blockData=conID: 1 locID: 102659352018878923 bcsId: 0} | ret=SUCCESS |  
2019-08-22 07:03:23,937 [grpc-default-executor-3] INFO  client.GrpcClientProtocolClient (GrpcClientProtocolClient.java:onNext(255)) - client-CF63D631FA17->3cf1264f-5f6b-4138-aeee-2ff7d4522ead: receive RaftClientReply:client-CF63D631FA17->3cf1264f-5f6b-4138-aeee-2ff7d4522ead@group-561E16522154, cid=1153, SUCCESS, logIndex=1592, commits[3cf1264f-5f6b-4138-aeee-2ff7d4522ead:c1592, 4f0d1a15-8f14-4d9a-ad4f-8211e1245b5d:c1590, 6999f20e-c3f7-4db4-87ca-141c476f2a88:c1590]
2019-08-22 07:03:23,937 | INFO  | DNAudit | user=null | ip=null | op=PUT_BLOCK {blockData=[blockId=conID: 1 locID: 102659352018878923 bcsId: 0,size=2097152]} | ret=SUCCESS |  
2019-08-22 07:03:23,938 [grpc-default-executor-3] INFO  client.GrpcClientProtocolClient (GrpcClientProtocolClient.java:onNext(255)) - client-CF63D631FA17->3cf1264f-5f6b-4138-aeee-2ff7d4522ead: receive RaftClientReply:client-CF63D631FA17->3cf1264f-5f6b-4138-aeee-2ff7d4522ead@group-561E16522154, cid=1154, SUCCESS, logIndex=1593, commits[3cf1264f-5f6b-4138-aeee-2ff7d4522ead:c1594, 4f0d1a15-8f14-4d9a-ad4f-8211e1245b5d:c1590, 6999f20e-c3f7-4db4-87ca-141c476f2a88:c1590]
2019-08-22 07:03:23,938 | INFO  | DNAudit | user=null | ip=null | op=WRITE_CHUNK {blockData=conID: 1 locID: 102659352018878923 bcsId: 0} | ret=SUCCESS |  
2019-08-22 07:03:23,938 [grpc-default-executor-3] INFO  client.GrpcClientProtocolClient (GrpcClientProtocolClient.java:onNext(255)) - client-CF63D631FA17->3cf1264f-5f6b-4138-aeee-2ff7d4522ead: receive RaftClientReply:client-CF63D631FA17->3cf1264f-5f6b-4138-aeee-2ff7d4522ead@group-561E16522154, cid=1155, SUCCESS, logIndex=1594, commits[3cf1264f-5f6b-4138-aeee-2ff7d4522ead:c1594, 4f0d1a15-8f14-4d9a-ad4f-8211e1245b5d:c1590, 6999f20e-c3f7-4db4-87ca-141c476f2a88:c1590]
2019-08-22 07:03:23,938 | INFO  | DNAudit | user=null | ip=null | op=PUT_BLOCK {blockData=[blockId=conID: 1 locID: 102659352018878923 bcsId: 0,size=1048576]} | ret=SUCCESS |  
2019-08-22 07:03:23,938 | INFO  | DNAudit | user=null | ip=null | op=WRITE_CHUNK {blockData=conID: 1 locID: 102659352018878923 bcsId: 0} | ret=SUCCESS |  
2019-08-22 07:03:23,939 | INFO  | DNAudit | user=null | ip=null | op=PUT_BLOCK {blockData=[blockId=conID: 1 locID: 102659352018878923 bcsId: 0,size=1048576]} | ret=SUCCESS |  
2019-08-22 07:03:23,939 | INFO  | DNAudit | user=null | ip=null | op=WRITE_CHUNK {blockData=conID: 1 locID: 102659352018878923 bcsId: 0} | ret=SUCCESS |  
2019-08-22 07:03:23,939 [grpc-default-executor-3] INFO  client.GrpcClientProtocolClient (GrpcClientProtocolClient.java:onNext(255)) - client-CF63D631FA17->3cf1264f-5f6b-4138-aeee-2ff7d4522ead: receive RaftClientReply:client-CF63D631FA17->3cf1264f-5f6b-4138-aeee-2ff7d4522ead@group-561E16522154, cid=1156, SUCCESS, logIndex=0, commits[3cf1264f-5f6b-4138-aeee-2ff7d4522ead:c1596, 4f0d1a15-8f14-4d9a-ad4f-8211e1245b5d:c1592, 6999f20e-c3f7-4db4-87ca-141c476f2a88:c1592]
2019-08-22 07:03:23,939 | INFO  | DNAudit | user=null | ip=null | op=PUT_BLOCK {blockData=[blockId=conID: 1 locID: 102659352018878923 bcsId: 0,size=2097152]} | ret=SUCCESS |  
2019-08-22 07:03:23,940 | INFO  | DNAudit | user=null | ip=null | op=WRITE_CHUNK {blockData=conID: 1 locID: 102659352018878923 bcsId: 0} | ret=SUCCESS |  
2019-08-22 07:03:23,940 | INFO  | DNAudit | user=null | ip=null | op=PUT_BLOCK {blockData=[blockId=conID: 1 locID: 102659352018878923 bcsId: 0,size=2097152]} | ret=SUCCESS |  
2019-08-22 07:03:23,945 | INFO  | DNAudit | user=null | ip=null | op=WRITE_CHUNK {blockData=conID: 1 locID: 102659352018878923 bcsId: 1594} | ret=SUCCESS |  
2019-08-22 07:03:23,948 | INFO  | DNAudit | user=null | ip=null | op=WRITE_CHUNK {blockData=conID: 1 locID: 102659352018878923 bcsId: 1594} | ret=SUCCESS |  
2019-08-22 07:03:23,949 | INFO  | DNAudit | user=null | ip=null | op=WRITE_CHUNK {blockData=conID: 1 locID: 102659352018878923 bcsId: 1594} | ret=SUCCESS |  
2019-08-22 07:03:23,951 | INFO  | DNAudit | user=null | ip=null | op=WRITE_CHUNK {blockData=conID: 1 locID: 102659352018878923 bcsId: 1594} | ret=SUCCESS |  
2019-08-22 07:03:23,951 | INFO  | DNAudit | user=null | ip=null | op=PUT_BLOCK {blockData=[blockId=conID: 1 locID: 102659352018878923 bcsId: 0,size=3145728]} | ret=SUCCESS |  
2019-08-22 07:03:23,951 [grpc-default-executor-3] INFO  client.GrpcClientProtocolClient (GrpcClientProtocolClient.java:onNext(255)) - client-CF63D631FA17->3cf1264f-5f6b-4138-aeee-2ff7d4522ead: receive RaftClientReply:client-CF63D631FA17->3cf1264f-5f6b-4138-aeee-2ff7d4522ead@group-561E16522154, cid=1157, SUCCESS, logIndex=1599, commits[3cf1264f-5f6b-4138-aeee-2ff7d4522ead:c1600, 4f0d1a15-8f14-4d9a-ad4f-8211e1245b5d:c1594, 6999f20e-c3f7-4db4-87ca-141c476f2a88:c1598]
2019-08-22 07:03:23,952 | INFO  | DNAudit | user=null | ip=null | op=WRITE_CHUNK {blockData=conID: 1 locID: 102659352018878923 bcsId: 1594} | ret=SUCCESS |  
2019-08-22 07:03:23,952 [grpc-default-executor-3] INFO  client.GrpcClientProtocolClient (GrpcClientProtocolClient.java:onNext(255)) - client-CF63D631FA17->3cf1264f-5f6b-4138-aeee-2ff7d4522ead: receive RaftClientReply:client-CF63D631FA17->3cf1264f-5f6b-4138-aeee-2ff7d4522ead@group-561E16522154, cid=1158, SUCCESS, logIndex=1600, commits[3cf1264f-5f6b-4138-aeee-2ff7d4522ead:c1600, 4f0d1a15-8f14-4d9a-ad4f-8211e1245b5d:c1598, 6999f20e-c3f7-4db4-87ca-141c476f2a88:c1598]
2019-08-22 07:03:23,952 | INFO  | DNAudit | user=null | ip=null | op=PUT_BLOCK {blockData=[blockId=conID: 1 locID: 102659352018878923 bcsId: 0,size=3145728]} | ret=SUCCESS |  
2019-08-22 07:03:23,953 | INFO  | DNAudit | user=null | ip=null | op=WRITE_CHUNK {blockData=conID: 1 locID: 102659352018878923 bcsId: 1594} | ret=SUCCESS |  
2019-08-22 07:03:23,953 | INFO  | DNAudit | user=null | ip=null | op=PUT_BLOCK {blockData=[blockId=conID: 1 locID: 102659352018878923 bcsId: 0,size=3145728]} | ret=SUCCESS |  
2019-08-22 07:03:23,958 | INFO  | DNAudit | user=null | ip=null | op=WRITE_CHUNK {blockData=conID: 1 locID: 102659352018878923 bcsId: 1600} | ret=SUCCESS |  
2019-08-22 07:03:23,961 | INFO  | DNAudit | user=null | ip=null | op=WRITE_CHUNK {blockData=conID: 1 locID: 102659352018878923 bcsId: 1600} | ret=SUCCESS |  
2019-08-22 07:03:23,961 | INFO  | DNAudit | user=null | ip=null | op=WRITE_CHUNK {blockData=conID: 1 locID: 102659352018878923 bcsId: 1600} | ret=SUCCESS |  
2019-08-22 07:03:23,963 | INFO  | DNAudit | user=null | ip=null | op=WRITE_CHUNK {blockData=conID: 1 locID: 102659352018878923 bcsId: 1600} | ret=SUCCESS |  
2019-08-22 07:03:23,963 | INFO  | DNAudit | user=null | ip=null | op=PUT_BLOCK {blockData=[blockId=conID: 1 locID: 102659352018878923 bcsId: 0,size=4194304]} | ret=SUCCESS |  
2019-08-22 07:03:23,964 [grpc-default-executor-0] INFO  client.GrpcClientProtocolClient (GrpcClientProtocolClient.java:onNext(255)) - client-CF63D631FA17->3cf1264f-5f6b-4138-aeee-2ff7d4522ead: receive RaftClientReply:client-CF63D631FA17->3cf1264f-5f6b-4138-aeee-2ff7d4522ead@group-561E16522154, cid=1159, SUCCESS, logIndex=1603, commits[3cf1264f-5f6b-4138-aeee-2ff7d4522ead:c1604, 4f0d1a15-8f14-4d9a-ad4f-8211e1245b5d:c1602, 6999f20e-c3f7-4db4-87ca-141c476f2a88:c1600]
2019-08-22 07:03:23,964 [grpc-default-executor-0] INFO  client.GrpcClientProtocolClient (GrpcClientProtocolClient.java:onNext(255)) - client-CF63D631FA17->3cf1264f-5f6b-4138-aeee-2ff7d4522ead: receive RaftClientReply:client-CF63D631FA17->3cf1264f-5f6b-4138-aeee-2ff7d4522ead@group-561E16522154, cid=1160, SUCCESS, logIndex=1604, commits[3cf1264f-5f6b-4138-aeee-2ff7d4522ead:c1604, 4f0d1a15-8f14-4d9a-ad4f-8211e1245b5d:c1602, 6999f20e-c3f7-4db4-87ca-141c476f2a88:c1602]
2019-08-22 07:03:23,965 | INFO  | DNAudit | user=null | ip=null | op=WRITE_CHUNK {blockData=conID: 1 locID: 102659352018878923 bcsId: 1600} | ret=SUCCESS |  
2019-08-22 07:03:23,965 | INFO  | DNAudit | user=null | ip=null | op=WRITE_CHUNK {blockData=conID: 1 locID: 102659352018878923 bcsId: 1600} | ret=SUCCESS |  
2019-08-22 07:03:23,965 | INFO  | DNAudit | user=null | ip=null | op=PUT_BLOCK {blockData=[blockId=conID: 1 locID: 102659352018878923 bcsId: 0,size=4194304]} | ret=SUCCESS |  
2019-08-22 07:03:23,965 | INFO  | DNAudit | user=null | ip=null | op=PUT_BLOCK {blockData=[blockId=conID: 1 locID: 102659352018878923 bcsId: 0,size=4194304]} | ret=SUCCESS |  
2019-08-22 07:03:23,965 [grpc-default-executor-0] INFO  client.GrpcClientProtocolClient (GrpcClientProtocolClient.java:onNext(255)) - client-CF63D631FA17->3cf1264f-5f6b-4138-aeee-2ff7d4522ead: receive RaftClientReply:client-CF63D631FA17->3cf1264f-5f6b-4138-aeee-2ff7d4522ead@group-561E16522154, cid=1161, SUCCESS, logIndex=0, commits[3cf1264f-5f6b-4138-aeee-2ff7d4522ead:c1605, 4f0d1a15-8f14-4d9a-ad4f-8211e1245b5d:c1604, 6999f20e-c3f7-4db4-87ca-141c476f2a88:c1604]
2019-08-22 07:03:23,971 | INFO  | DNAudit | user=null | ip=null | op=WRITE_CHUNK {blockData=conID: 2 locID: 102659352018878924 bcsId: 0} | ret=SUCCESS |  
2019-08-22 07:03:23,974 | INFO  | DNAudit | user=null | ip=null | op=WRITE_CHUNK {blockData=conID: 2 locID: 102659352018878924 bcsId: 0} | ret=SUCCESS |  
2019-08-22 07:03:23,974 | INFO  | DNAudit | user=null | ip=null | op=WRITE_CHUNK {blockData=conID: 2 locID: 102659352018878924 bcsId: 0} | ret=SUCCESS |  
2019-08-22 07:03:23,974 | INFO  | DNAudit | user=null | ip=null | op=WRITE_CHUNK {blockData=conID: 2 locID: 102659352018878924 bcsId: 0} | ret=SUCCESS |  
2019-08-22 07:03:23,976 | INFO  | DNAudit | user=null | ip=null | op=WRITE_CHUNK {blockData=conID: 2 locID: 102659352018878924 bcsId: 0} | ret=SUCCESS |  
2019-08-22 07:03:23,976 | INFO  | DNAudit | user=null | ip=null | op=WRITE_CHUNK {blockData=conID: 2 locID: 102659352018878924 bcsId: 0} | ret=SUCCESS |  
2019-08-22 07:03:23,976 | INFO  | DNAudit | user=null | ip=null | op=WRITE_CHUNK {blockData=conID: 2 locID: 102659352018878924 bcsId: 0} | ret=SUCCESS |  
2019-08-22 07:03:23,977 | INFO  | DNAudit | user=null | ip=null | op=PUT_BLOCK {blockData=[blockId=conID: 2 locID: 102659352018878924 bcsId: 0,size=1048576]} | ret=SUCCESS |  
2019-08-22 07:03:23,977 [grpc-default-executor-3] INFO  client.GrpcClientProtocolClient (GrpcClientProtocolClient.java:onNext(255)) - client-CF63D631FA17->3cf1264f-5f6b-4138-aeee-2ff7d4522ead: receive RaftClientReply:client-CF63D631FA17->3cf1264f-5f6b-4138-aeee-2ff7d4522ead@group-561E16522154, cid=1162, SUCCESS, logIndex=1607, commits[3cf1264f-5f6b-4138-aeee-2ff7d4522ead:c1608, 4f0d1a15-8f14-4d9a-ad4f-8211e1245b5d:c1604, 6999f20e-c3f7-4db4-87ca-141c476f2a88:c1606]
2019-08-22 07:03:23,977 [grpc-default-executor-3] INFO  client.GrpcClientProtocolClient (GrpcClientProtocolClient.java:onNext(255)) - client-CF63D631FA17->3cf1264f-5f6b-4138-aeee-2ff7d4522ead: receive RaftClientReply:client-CF63D631FA17->3cf1264f-5f6b-4138-aeee-2ff7d4522ead@group-561E16522154, cid=1163, SUCCESS, logIndex=1608, commits[3cf1264f-5f6b-4138-aeee-2ff7d4522ead:c1608, 4f0d1a15-8f14-4d9a-ad4f-8211e1245b5d:c1606, 6999f20e-c3f7-4db4-87ca-141c476f2a88:c1606]
2019-08-22 07:03:23,978 | INFO  | DNAudit | user=null | ip=null | op=WRITE_CHUNK {blockData=conID: 2 locID: 102659352018878924 bcsId: 0} | ret=SUCCESS |  
2019-08-22 07:03:23,978 | INFO  | DNAudit | user=null | ip=null | op=WRITE_CHUNK {blockData=conID: 2 locID: 102659352018878924 bcsId: 0} | ret=SUCCESS |  
2019-08-22 07:03:23,978 | INFO  | DNAudit | user=null | ip=null | op=PUT_BLOCK {blockData=[blockId=conID: 2 locID: 102659352018878924 bcsId: 0,size=1048576]} | ret=SUCCESS |  
2019-08-22 07:03:23,978 | INFO  | DNAudit | user=null | ip=null | op=WRITE_CHUNK {blockData=conID: 2 locID: 102659352018878924 bcsId: 0} | ret=SUCCESS |  
2019-08-22 07:03:23,978 | INFO  | DNAudit | user=null | ip=null | op=PUT_BLOCK {blockData=[blockId=conID: 2 locID: 102659352018878924 bcsId: 0,size=2097152]} | ret=SUCCESS |  
2019-08-22 07:03:23,979 | INFO  | DNAudit | user=null | ip=null | op=PUT_BLOCK {blockData=[blockId=conID: 2 locID: 102659352018878924 bcsId: 0,size=1048576]} | ret=SUCCESS |  
2019-08-22 07:03:23,979 [grpc-default-executor-5] INFO  client.GrpcClientProtocolClient (GrpcClientProtocolClient.java:onNext(255)) - client-CF63D631FA17->3cf1264f-5f6b-4138-aeee-2ff7d4522ead: receive RaftClientReply:client-CF63D631FA17->3cf1264f-5f6b-4138-aeee-2ff7d4522ead@group-561E16522154, cid=1164, SUCCESS, logIndex=1609, commits[3cf1264f-5f6b-4138-aeee-2ff7d4522ead:c1612, 4f0d1a15-8f14-4d9a-ad4f-8211e1245b5d:c1608, 6999f20e-c3f7-4db4-87ca-141c476f2a88:c1606]
2019-08-22 07:03:23,979 [grpc-default-executor-5] INFO  client.GrpcClientProtocolClient (GrpcClientProtocolClient.java:onNext(255)) - client-CF63D631FA17->3cf1264f-5f6b-4138-aeee-2ff7d4522ead: receive RaftClientReply:client-CF63D631FA17->3cf1264f-5f6b-4138-aeee-2ff7d4522ead@group-561E16522154, cid=1165, SUCCESS, logIndex=1610, commits[3cf1264f-5f6b-4138-aeee-2ff7d4522ead:c1612, 4f0d1a15-8f14-4d9a-ad4f-8211e1245b5d:c1608, 6999f20e-c3f7-4db4-87ca-141c476f2a88:c1608]
2019-08-22 07:03:23,979 | INFO  | DNAudit | user=null | ip=null | op=WRITE_CHUNK {blockData=conID: 2 locID: 102659352018878924 bcsId: 0} | ret=SUCCESS |  
2019-08-22 07:03:23,980 | INFO  | DNAudit | user=null | ip=null | op=WRITE_CHUNK {blockData=conID: 2 locID: 102659352018878924 bcsId: 0} | ret=SUCCESS |  
2019-08-22 07:03:23,980 | INFO  | DNAudit | user=null | ip=null | op=PUT_BLOCK {blockData=[blockId=conID: 2 locID: 102659352018878924 bcsId: 0,size=2097152]} | ret=SUCCESS |  
2019-08-22 07:03:23,981 | INFO  | DNAudit | user=null | ip=null | op=PUT_BLOCK {blockData=[blockId=conID: 2 locID: 102659352018878924 bcsId: 0,size=2097152]} | ret=SUCCESS |  
2019-08-22 07:03:23,985 | INFO  | DNAudit | user=null | ip=null | op=WRITE_CHUNK {blockData=conID: 2 locID: 102659352018878924 bcsId: 1610} | ret=SUCCESS |  
2019-08-22 07:03:23,988 | INFO  | DNAudit | user=null | ip=null | op=WRITE_CHUNK {blockData=conID: 2 locID: 102659352018878924 bcsId: 1610} | ret=SUCCESS |  
2019-08-22 07:03:23,988 | INFO  | DNAudit | user=null | ip=null | op=WRITE_CHUNK {blockData=conID: 2 locID: 102659352018878924 bcsId: 1610} | ret=SUCCESS |  
2019-08-22 07:03:23,991 | INFO  | DNAudit | user=null | ip=null | op=WRITE_CHUNK {blockData=conID: 2 locID: 102659352018878924 bcsId: 1610} | ret=SUCCESS |  
2019-08-22 07:03:23,991 | INFO  | DNAudit | user=null | ip=null | op=PUT_BLOCK {blockData=[blockId=conID: 2 locID: 102659352018878924 bcsId: 0,size=3145728]} | ret=SUCCESS |  
2019-08-22 07:03:23,992 [grpc-default-executor-0] INFO  client.GrpcClientProtocolClient (GrpcClientProtocolClient.java:onNext(255)) - client-CF63D631FA17->3cf1264f-5f6b-4138-aeee-2ff7d4522ead: receive RaftClientReply:client-CF63D631FA17->3cf1264f-5f6b-4138-aeee-2ff7d4522ead@group-561E16522154, cid=1166, SUCCESS, logIndex=1615, commits[3cf1264f-5f6b-4138-aeee-2ff7d4522ead:c1616, 4f0d1a15-8f14-4d9a-ad4f-8211e1245b5d:c1614, 6999f20e-c3f7-4db4-87ca-141c476f2a88:c1614]
2019-08-22 07:03:23,992 [grpc-default-executor-0] INFO  client.GrpcClientProtocolClient (GrpcClientProtocolClient.java:onNext(255)) - client-CF63D631FA17->3cf1264f-5f6b-4138-aeee-2ff7d4522ead: receive RaftClientReply:client-CF63D631FA17->3cf1264f-5f6b-4138-aeee-2ff7d4522ead@group-561E16522154, cid=1167, SUCCESS, logIndex=1616, commits[3cf1264f-5f6b-4138-aeee-2ff7d4522ead:c1616, 4f0d1a15-8f14-4d9a-ad4f-8211e1245b5d:c1614, 6999f20e-c3f7-4db4-87ca-141c476f2a88:c1614]
2019-08-22 07:03:23,992 | INFO  | DNAudit | user=null | ip=null | op=WRITE_CHUNK {blockData=conID: 2 locID: 102659352018878924 bcsId: 1610} | ret=SUCCESS |  
2019-08-22 07:03:23,992 | INFO  | DNAudit | user=null | ip=null | op=WRITE_CHUNK {blockData=conID: 2 locID: 102659352018878924 bcsId: 1610} | ret=SUCCESS |  
2019-08-22 07:03:23,993 | INFO  | DNAudit | user=null | ip=null | op=PUT_BLOCK {blockData=[blockId=conID: 2 locID: 102659352018878924 bcsId: 0,size=3145728]} | ret=SUCCESS |  
2019-08-22 07:03:23,993 | INFO  | DNAudit | user=null | ip=null | op=PUT_BLOCK {blockData=[blockId=conID: 2 locID: 102659352018878924 bcsId: 0,size=3145728]} | ret=SUCCESS |  
2019-08-22 07:03:23,997 | INFO  | DNAudit | user=null | ip=null | op=WRITE_CHUNK {blockData=conID: 2 locID: 102659352018878924 bcsId: 1616} | ret=SUCCESS |  
2019-08-22 07:03:24,000 | INFO  | DNAudit | user=null | ip=null | op=WRITE_CHUNK {blockData=conID: 2 locID: 102659352018878924 bcsId: 1616} | ret=SUCCESS |  
2019-08-22 07:03:24,000 | INFO  | DNAudit | user=null | ip=null | op=WRITE_CHUNK {blockData=conID: 2 locID: 102659352018878924 bcsId: 1616} | ret=SUCCESS |  
2019-08-22 07:03:24,003 | INFO  | DNAudit | user=null | ip=null | op=WRITE_CHUNK {blockData=conID: 2 locID: 102659352018878924 bcsId: 1616} | ret=SUCCESS |  
2019-08-22 07:03:24,003 | INFO  | DNAudit | user=null | ip=null | op=PUT_BLOCK {blockData=[blockId=conID: 2 locID: 102659352018878924 bcsId: 0,size=4194304]} | ret=SUCCESS |  
2019-08-22 07:03:24,003 [grpc-default-executor-5] INFO  client.GrpcClientProtocolClient (GrpcClientProtocolClient.java:onNext(255)) - client-CF63D631FA17->3cf1264f-5f6b-4138-aeee-2ff7d4522ead: receive RaftClientReply:client-CF63D631FA17->3cf1264f-5f6b-4138-aeee-2ff7d4522ead@group-561E16522154, cid=1168, SUCCESS, logIndex=1619, commits[3cf1264f-5f6b-4138-aeee-2ff7d4522ead:c1620, 4f0d1a15-8f14-4d9a-ad4f-8211e1245b5d:c1618, 6999f20e-c3f7-4db4-87ca-141c476f2a88:c1616]
2019-08-22 07:03:24,004 [grpc-default-executor-5] INFO  client.GrpcClientProtocolClient (GrpcClientProtocolClient.java:onNext(255)) - client-CF63D631FA17->3cf1264f-5f6b-4138-aeee-2ff7d4522ead: receive RaftClientReply:client-CF63D631FA17->3cf1264f-5f6b-4138-aeee-2ff7d4522ead@group-561E16522154, cid=1169, SUCCESS, logIndex=1620, commits[3cf1264f-5f6b-4138-aeee-2ff7d4522ead:c1620, 4f0d1a15-8f14-4d9a-ad4f-8211e1245b5d:c1618, 6999f20e-c3f7-4db4-87ca-141c476f2a88:c1618]
2019-08-22 07:03:24,005 | INFO  | DNAudit | user=null | ip=null | op=WRITE_CHUNK {blockData=conID: 2 locID: 102659352018878924 bcsId: 1616} | ret=SUCCESS |  
2019-08-22 07:03:24,005 | INFO  | DNAudit | user=null | ip=null | op=WRITE_CHUNK {blockData=conID: 2 locID: 102659352018878924 bcsId: 1616} | ret=SUCCESS |  
2019-08-22 07:03:24,005 | INFO  | DNAudit | user=null | ip=null | op=PUT_BLOCK {blockData=[blockId=conID: 2 locID: 102659352018878924 bcsId: 0,size=4194304]} | ret=SUCCESS |  
2019-08-22 07:03:24,005 | INFO  | DNAudit | user=null | ip=null | op=PUT_BLOCK {blockData=[blockId=conID: 2 locID: 102659352018878924 bcsId: 0,size=4194304]} | ret=SUCCESS |  
2019-08-22 07:03:24,005 [grpc-default-executor-0] INFO  client.GrpcClientProtocolClient (GrpcClientProtocolClient.java:onNext(255)) - client-CF63D631FA17->3cf1264f-5f6b-4138-aeee-2ff7d4522ead: receive RaftClientReply:client-CF63D631FA17->3cf1264f-5f6b-4138-aeee-2ff7d4522ead@group-561E16522154, cid=1170, SUCCESS, logIndex=0, commits[3cf1264f-5f6b-4138-aeee-2ff7d4522ead:c1621, 4f0d1a15-8f14-4d9a-ad4f-8211e1245b5d:c1620, 6999f20e-c3f7-4db4-87ca-141c476f2a88:c1620]
2019-08-22 07:03:24,011 | INFO  | DNAudit | user=null | ip=null | op=WRITE_CHUNK {blockData=conID: 3 locID: 102659352018878925 bcsId: 0} | ret=SUCCESS |  
2019-08-22 07:03:24,015 | INFO  | DNAudit | user=null | ip=null | op=WRITE_CHUNK {blockData=conID: 3 locID: 102659352018878925 bcsId: 0} | ret=SUCCESS |  
2019-08-22 07:03:24,015 | INFO  | DNAudit | user=null | ip=null | op=WRITE_CHUNK {blockData=conID: 3 locID: 102659352018878925 bcsId: 0} | ret=SUCCESS |  
2019-08-22 07:03:24,015 | INFO  | DNAudit | user=null | ip=null | op=WRITE_CHUNK {blockData=conID: 3 locID: 102659352018878925 bcsId: 0} | ret=SUCCESS |  
2019-08-22 07:03:24,016 | INFO  | DNAudit | user=null | ip=null | op=WRITE_CHUNK {blockData=conID: 3 locID: 102659352018878925 bcsId: 0} | ret=SUCCESS |  
2019-08-22 07:03:24,016 | INFO  | DNAudit | user=null | ip=null | op=WRITE_CHUNK {blockData=conID: 3 locID: 102659352018878925 bcsId: 0} | ret=SUCCESS |  
2019-08-22 07:03:24,018 | INFO  | DNAudit | user=null | ip=null | op=WRITE_CHUNK {blockData=conID: 3 locID: 102659352018878925 bcsId: 0} | ret=SUCCESS |  
2019-08-22 07:03:24,018 | INFO  | DNAudit | user=null | ip=null | op=PUT_BLOCK {blockData=[blockId=conID: 3 locID: 102659352018878925 bcsId: 0,size=1048576]} | ret=SUCCESS |  
2019-08-22 07:03:24,019 [grpc-default-executor-3] INFO  client.GrpcClientProtocolClient (GrpcClientProtocolClient.java:onNext(255)) - client-CF63D631FA17->3cf1264f-5f6b-4138-aeee-2ff7d4522ead: receive RaftClientReply:client-CF63D631FA17->3cf1264f-5f6b-4138-aeee-2ff7d4522ead@group-561E16522154, cid=1171, SUCCESS, logIndex=1623, commits[3cf1264f-5f6b-4138-aeee-2ff7d4522ead:c1626, 4f0d1a15-8f14-4d9a-ad4f-8211e1245b5d:c1622, 6999f20e-c3f7-4db4-87ca-141c476f2a88:c1622]
2019-08-22 07:03:24,019 | INFO  | DNAudit | user=null | ip=null | op=WRITE_CHUNK {blockData=conID: 3 locID: 102659352018878925 bcsId: 0} | ret=SUCCESS |  
2019-08-22 07:03:24,019 | INFO  | DNAudit | user=null | ip=null | op=PUT_BLOCK {blockData=[blockId=conID: 3 locID: 102659352018878925 bcsId: 0,size=2097152]} | ret=SUCCESS |  
2019-08-22 07:03:24,019 [grpc-default-executor-3] INFO  client.GrpcClientProtocolClient (GrpcClientProtocolClient.java:onNext(255)) - client-CF63D631FA17->3cf1264f-5f6b-4138-aeee-2ff7d4522ead: receive RaftClientReply:client-CF63D631FA17->3cf1264f-5f6b-4138-aeee-2ff7d4522ead@group-561E16522154, cid=1172, SUCCESS, logIndex=1624, commits[3cf1264f-5f6b-4138-aeee-2ff7d4522ead:c1626, 4f0d1a15-8f14-4d9a-ad4f-8211e1245b5d:c1622, 6999f20e-c3f7-4db4-87ca-141c476f2a88:c1622]
2019-08-22 07:03:24,019 [grpc-default-executor-3] INFO  client.GrpcClientProtocolClient (GrpcClientProtocolClient.java:onNext(255)) - client-CF63D631FA17->3cf1264f-5f6b-4138-aeee-2ff7d4522ead: receive RaftClientReply:client-CF63D631FA17->3cf1264f-5f6b-4138-aeee-2ff7d4522ead@group-561E16522154, cid=1173, SUCCESS, logIndex=1625, commits[3cf1264f-5f6b-4138-aeee-2ff7d4522ead:c1626, 4f0d1a15-8f14-4d9a-ad4f-8211e1245b5d:c1622, 6999f20e-c3f7-4db4-87ca-141c476f2a88:c1622]
2019-08-22 07:03:24,020 [grpc-default-executor-3] INFO  client.GrpcClientProtocolClient (GrpcClientProtocolClient.java:onNext(255)) - client-CF63D631FA17->3cf1264f-5f6b-4138-aeee-2ff7d4522ead: receive RaftClientReply:client-CF63D631FA17->3cf1264f-5f6b-4138-aeee-2ff7d4522ead@group-561E16522154, cid=1174, SUCCESS, logIndex=1626, commits[3cf1264f-5f6b-4138-aeee-2ff7d4522ead:c1626, 4f0d1a15-8f14-4d9a-ad4f-8211e1245b5d:c1622, 6999f20e-c3f7-4db4-87ca-141c476f2a88:c1622]
2019-08-22 07:03:24,020 | INFO  | DNAudit | user=null | ip=null | op=WRITE_CHUNK {blockData=conID: 3 locID: 102659352018878925 bcsId: 0} | ret=SUCCESS |  
2019-08-22 07:03:24,020 | INFO  | DNAudit | user=null | ip=null | op=WRITE_CHUNK {blockData=conID: 3 locID: 102659352018878925 bcsId: 0} | ret=SUCCESS |  
2019-08-22 07:03:24,020 | INFO  | DNAudit | user=null | ip=null | op=PUT_BLOCK {blockData=[blockId=conID: 3 locID: 102659352018878925 bcsId: 0,size=1048576]} | ret=SUCCESS |  
2019-08-22 07:03:24,020 | INFO  | DNAudit | user=null | ip=null | op=PUT_BLOCK {blockData=[blockId=conID: 3 locID: 102659352018878925 bcsId: 0,size=1048576]} | ret=SUCCESS |  
2019-08-22 07:03:24,021 [grpc-default-executor-3] INFO  client.GrpcClientProtocolClient (GrpcClientProtocolClient.java:onNext(255)) - client-CF63D631FA17->3cf1264f-5f6b-4138-aeee-2ff7d4522ead: receive RaftClientReply:client-CF63D631FA17->3cf1264f-5f6b-4138-aeee-2ff7d4522ead@group-561E16522154, cid=1175, SUCCESS, logIndex=0, commits[3cf1264f-5f6b-4138-aeee-2ff7d4522ead:c1627, 4f0d1a15-8f14-4d9a-ad4f-8211e1245b5d:c1624, 6999f20e-c3f7-4db4-87ca-141c476f2a88:c1624]
2019-08-22 07:03:24,021 | INFO  | DNAudit | user=null | ip=null | op=WRITE_CHUNK {blockData=conID: 3 locID: 102659352018878925 bcsId: 0} | ret=SUCCESS |  
2019-08-22 07:03:24,021 | INFO  | DNAudit | user=null | ip=null | op=WRITE_CHUNK {blockData=conID: 3 locID: 102659352018878925 bcsId: 0} | ret=SUCCESS |  
2019-08-22 07:03:24,022 | INFO  | DNAudit | user=null | ip=null | op=PUT_BLOCK {blockData=[blockId=conID: 3 locID: 102659352018878925 bcsId: 0,size=2097152]} | ret=SUCCESS |  
2019-08-22 07:03:24,022 | INFO  | DNAudit | user=null | ip=null | op=PUT_BLOCK {blockData=[blockId=conID: 3 locID: 102659352018878925 bcsId: 0,size=2097152]} | ret=SUCCESS |  
2019-08-22 07:03:24,026 | INFO  | DNAudit | user=null | ip=null | op=WRITE_CHUNK {blockData=conID: 3 locID: 102659352018878925 bcsId: 1626} | ret=SUCCESS |  
2019-08-22 07:03:24,028 | INFO  | DNAudit | user=null | ip=null | op=WRITE_CHUNK {blockData=conID: 3 locID: 102659352018878925 bcsId: 1626} | ret=SUCCESS |  
2019-08-22 07:03:24,028 | INFO  | DNAudit | user=null | ip=null | op=WRITE_CHUNK {blockData=conID: 3 locID: 102659352018878925 bcsId: 1626} | ret=SUCCESS |  
2019-08-22 07:03:24,031 | INFO  | DNAudit | user=null | ip=null | op=WRITE_CHUNK {blockData=conID: 3 locID: 102659352018878925 bcsId: 1626} | ret=SUCCESS |  
2019-08-22 07:03:24,031 | INFO  | DNAudit | user=null | ip=null | op=PUT_BLOCK {blockData=[blockId=conID: 3 locID: 102659352018878925 bcsId: 0,size=3145728]} | ret=SUCCESS |  
2019-08-22 07:03:24,031 [grpc-default-executor-3] INFO  client.GrpcClientProtocolClient (GrpcClientProtocolClient.java:onNext(255)) - client-CF63D631FA17->3cf1264f-5f6b-4138-aeee-2ff7d4522ead: receive RaftClientReply:client-CF63D631FA17->3cf1264f-5f6b-4138-aeee-2ff7d4522ead@group-561E16522154, cid=1176, SUCCESS, logIndex=1631, commits[3cf1264f-5f6b-4138-aeee-2ff7d4522ead:c1632, 4f0d1a15-8f14-4d9a-ad4f-8211e1245b5d:c1630, 6999f20e-c3f7-4db4-87ca-141c476f2a88:c1626]
2019-08-22 07:03:24,031 [grpc-default-executor-3] INFO  client.GrpcClientProtocolClient (GrpcClientProtocolClient.java:onNext(255)) - client-CF63D631FA17->3cf1264f-5f6b-4138-aeee-2ff7d4522ead: receive RaftClientReply:client-CF63D631FA17->3cf1264f-5f6b-4138-aeee-2ff7d4522ead@group-561E16522154, cid=1177, SUCCESS, logIndex=1632, commits[3cf1264f-5f6b-4138-aeee-2ff7d4522ead:c1632, 4f0d1a15-8f14-4d9a-ad4f-8211e1245b5d:c1630, 6999f20e-c3f7-4db4-87ca-141c476f2a88:c1626]
2019-08-22 07:03:24,032 | INFO  | DNAudit | user=null | ip=null | op=WRITE_CHUNK {blockData=conID: 3 locID: 102659352018878925 bcsId: 1626} | ret=SUCCESS |  
2019-08-22 07:03:24,033 | INFO  | DNAudit | user=null | ip=null | op=PUT_BLOCK {blockData=[blockId=conID: 3 locID: 102659352018878925 bcsId: 0,size=3145728]} | ret=SUCCESS |  
2019-08-22 07:03:24,033 | INFO  | DNAudit | user=null | ip=null | op=WRITE_CHUNK {blockData=conID: 3 locID: 102659352018878925 bcsId: 1626} | ret=SUCCESS |  
2019-08-22 07:03:24,033 | INFO  | DNAudit | user=null | ip=null | op=PUT_BLOCK {blockData=[blockId=conID: 3 locID: 102659352018878925 bcsId: 0,size=3145728]} | ret=SUCCESS |  
2019-08-22 07:03:24,037 | INFO  | DNAudit | user=null | ip=null | op=WRITE_CHUNK {blockData=conID: 3 locID: 102659352018878925 bcsId: 1632} | ret=SUCCESS |  
2019-08-22 07:03:24,039 | INFO  | DNAudit | user=null | ip=null | op=WRITE_CHUNK {blockData=conID: 3 locID: 102659352018878925 bcsId: 1632} | ret=SUCCESS |  
2019-08-22 07:03:24,039 | INFO  | DNAudit | user=null | ip=null | op=WRITE_CHUNK {blockData=conID: 3 locID: 102659352018878925 bcsId: 1632} | ret=SUCCESS |  
2019-08-22 07:03:24,065 | INFO  | DNAudit | user=null | ip=null | op=WRITE_CHUNK {blockData=conID: 3 locID: 102659352018878925 bcsId: 1632} | ret=SUCCESS |  
2019-08-22 07:03:24,065 | INFO  | DNAudit | user=null | ip=null | op=PUT_BLOCK {blockData=[blockId=conID: 3 locID: 102659352018878925 bcsId: 0,size=4194304]} | ret=SUCCESS |  
2019-08-22 07:03:24,065 [grpc-default-executor-5] INFO  client.GrpcClientProtocolClient (GrpcClientProtocolClient.java:onNext(255)) - client-CF63D631FA17->3cf1264f-5f6b-4138-aeee-2ff7d4522ead: receive RaftClientReply:client-CF63D631FA17->3cf1264f-5f6b-4138-aeee-2ff7d4522ead@group-561E16522154, cid=1178, SUCCESS, logIndex=1635, commits[3cf1264f-5f6b-4138-aeee-2ff7d4522ead:c1636, 4f0d1a15-8f14-4d9a-ad4f-8211e1245b5d:c1634, 6999f20e-c3f7-4db4-87ca-141c476f2a88:c1634]
2019-08-22 07:03:24,066 [grpc-default-executor-5] INFO  client.GrpcClientProtocolClient (GrpcClientProtocolClient.java:onNext(255)) - client-CF63D631FA17->3cf1264f-5f6b-4138-aeee-2ff7d4522ead: receive RaftClientReply:client-CF63D631FA17->3cf1264f-5f6b-4138-aeee-2ff7d4522ead@group-561E16522154, cid=1179, SUCCESS, logIndex=1636, commits[3cf1264f-5f6b-4138-aeee-2ff7d4522ead:c1636, 4f0d1a15-8f14-4d9a-ad4f-8211e1245b5d:c1634, 6999f20e-c3f7-4db4-87ca-141c476f2a88:c1634]
2019-08-22 07:03:24,066 | INFO  | DNAudit | user=null | ip=null | op=WRITE_CHUNK {blockData=conID: 3 locID: 102659352018878925 bcsId: 1632} | ret=SUCCESS |  
2019-08-22 07:03:24,066 | INFO  | DNAudit | user=null | ip=null | op=PUT_BLOCK {blockData=[blockId=conID: 3 locID: 102659352018878925 bcsId: 0,size=4194304]} | ret=SUCCESS |  
2019-08-22 07:03:24,067 | INFO  | DNAudit | user=null | ip=null | op=WRITE_CHUNK {blockData=conID: 3 locID: 102659352018878925 bcsId: 1632} | ret=SUCCESS |  
2019-08-22 07:03:24,067 | INFO  | DNAudit | user=null | ip=null | op=PUT_BLOCK {blockData=[blockId=conID: 3 locID: 102659352018878925 bcsId: 0,size=4194304]} | ret=SUCCESS |  
2019-08-22 07:03:24,067 [grpc-default-executor-0] INFO  client.GrpcClientProtocolClient (GrpcClientProtocolClient.java:onNext(255)) - client-CF63D631FA17->3cf1264f-5f6b-4138-aeee-2ff7d4522ead: receive RaftClientReply:client-CF63D631FA17->3cf1264f-5f6b-4138-aeee-2ff7d4522ead@group-561E16522154, cid=1180, SUCCESS, logIndex=0, commits[3cf1264f-5f6b-4138-aeee-2ff7d4522ead:c1637, 4f0d1a15-8f14-4d9a-ad4f-8211e1245b5d:c1636, 6999f20e-c3f7-4db4-87ca-141c476f2a88:c1636]
2019-08-22 07:03:24,074 | INFO  | DNAudit | user=null | ip=null | op=WRITE_CHUNK {blockData=conID: 1 locID: 102659352018878926 bcsId: 0} | ret=SUCCESS |  
2019-08-22 07:03:24,078 | INFO  | DNAudit | user=null | ip=null | op=WRITE_CHUNK {blockData=conID: 1 locID: 102659352018878926 bcsId: 0} | ret=SUCCESS |  
2019-08-22 07:03:24,078 | INFO  | DNAudit | user=null | ip=null | op=WRITE_CHUNK {blockData=conID: 1 locID: 102659352018878926 bcsId: 0} | ret=SUCCESS |  
2019-08-22 07:03:24,079 | INFO  | DNAudit | user=null | ip=null | op=WRITE_CHUNK {blockData=conID: 1 locID: 102659352018878926 bcsId: 0} | ret=SUCCESS |  
2019-08-22 07:03:24,080 | INFO  | DNAudit | user=null | ip=null | op=WRITE_CHUNK {blockData=conID: 1 locID: 102659352018878926 bcsId: 0} | ret=SUCCESS |  
2019-08-22 07:03:24,080 | INFO  | DNAudit | user=null | ip=null | op=WRITE_CHUNK {blockData=conID: 1 locID: 102659352018878926 bcsId: 0} | ret=SUCCESS |  
2019-08-22 07:03:24,085 | INFO  | DNAudit | user=null | ip=null | op=WRITE_CHUNK {blockData=conID: 1 locID: 102659352018878926 bcsId: 0} | ret=SUCCESS |  
2019-08-22 07:03:24,086 | INFO  | DNAudit | user=null | ip=null | op=PUT_BLOCK {blockData=[blockId=conID: 1 locID: 102659352018878926 bcsId: 0,size=1048576]} | ret=SUCCESS |  
2019-08-22 07:03:24,086 | INFO  | DNAudit | user=null | ip=null | op=WRITE_CHUNK {blockData=conID: 1 locID: 102659352018878926 bcsId: 0} | ret=SUCCESS |  
2019-08-22 07:03:24,086 [grpc-default-executor-3] INFO  client.GrpcClientProtocolClient (GrpcClientProtocolClient.java:onNext(255)) - client-CF63D631FA17->3cf1264f-5f6b-4138-aeee-2ff7d4522ead: receive RaftClientReply:client-CF63D631FA17->3cf1264f-5f6b-4138-aeee-2ff7d4522ead@group-561E16522154, cid=1181, SUCCESS, logIndex=1639, commits[3cf1264f-5f6b-4138-aeee-2ff7d4522ead:c1642, 4f0d1a15-8f14-4d9a-ad4f-8211e1245b5d:c1638, 6999f20e-c3f7-4db4-87ca-141c476f2a88:c1638]
2019-08-22 07:03:24,087 | INFO  | DNAudit | user=null | ip=null | op=PUT_BLOCK {blockData=[blockId=conID: 1 locID: 102659352018878926 bcsId: 0,size=2097152]} | ret=SUCCESS |  
2019-08-22 07:03:24,087 [grpc-default-executor-3] INFO  client.GrpcClientProtocolClient (GrpcClientProtocolClient.java:onNext(255)) - client-CF63D631FA17->3cf1264f-5f6b-4138-aeee-2ff7d4522ead: receive RaftClientReply:client-CF63D631FA17->3cf1264f-5f6b-4138-aeee-2ff7d4522ead@group-561E16522154, cid=1182, SUCCESS, logIndex=1640, commits[3cf1264f-5f6b-4138-aeee-2ff7d4522ead:c1642, 4f0d1a15-8f14-4d9a-ad4f-8211e1245b5d:c1638, 6999f20e-c3f7-4db4-87ca-141c476f2a88:c1638]
2019-08-22 07:03:24,087 [grpc-default-executor-3] INFO  client.GrpcClientProtocolClient (GrpcClientProtocolClient.java:onNext(255)) - client-CF63D631FA17->3cf1264f-5f6b-4138-aeee-2ff7d4522ead: receive RaftClientReply:client-CF63D631FA17->3cf1264f-5f6b-4138-aeee-2ff7d4522ead@group-561E16522154, cid=1183, SUCCESS, logIndex=1641, commits[3cf1264f-5f6b-4138-aeee-2ff7d4522ead:c1642, 4f0d1a15-8f14-4d9a-ad4f-8211e1245b5d:c1638, 6999f20e-c3f7-4db4-87ca-141c476f2a88:c1638]
2019-08-22 07:03:24,087 [grpc-default-executor-3] INFO  client.GrpcClientProtocolClient (GrpcClientProtocolClient.java:onNext(255)) - client-CF63D631FA17->3cf1264f-5f6b-4138-aeee-2ff7d4522ead: receive RaftClientReply:client-CF63D631FA17->3cf1264f-5f6b-4138-aeee-2ff7d4522ead@group-561E16522154, cid=1184, SUCCESS, logIndex=1642, commits[3cf1264f-5f6b-4138-aeee-2ff7d4522ead:c1642, 4f0d1a15-8f14-4d9a-ad4f-8211e1245b5d:c1638, 6999f20e-c3f7-4db4-87ca-141c476f2a88:c1638]
2019-08-22 07:03:24,089 | INFO  | DNAudit | user=null | ip=null | op=WRITE_CHUNK {blockData=conID: 1 locID: 102659352018878926 bcsId: 0} | ret=SUCCESS |  
2019-08-22 07:03:24,100 | INFO  | DNAudit | user=null | ip=null | op=WRITE_CHUNK {blockData=conID: 1 locID: 102659352018878926 bcsId: 0} | ret=SUCCESS |  
2019-08-22 07:03:24,100 | INFO  | DNAudit | user=null | ip=null | op=PUT_BLOCK {blockData=[blockId=conID: 1 locID: 102659352018878926 bcsId: 0,size=1048576]} | ret=SUCCESS |  
2019-08-22 07:03:24,100 | INFO  | DNAudit | user=null | ip=null | op=PUT_BLOCK {blockData=[blockId=conID: 1 locID: 102659352018878926 bcsId: 0,size=1048576]} | ret=SUCCESS |  
2019-08-22 07:03:24,100 | INFO  | DNAudit | user=null | ip=null | op=WRITE_CHUNK {blockData=conID: 1 locID: 102659352018878926 bcsId: 0} | ret=SUCCESS |  
2019-08-22 07:03:24,100 | INFO  | DNAudit | user=null | ip=null | op=PUT_BLOCK {blockData=[blockId=conID: 1 locID: 102659352018878926 bcsId: 0,size=2097152]} | ret=SUCCESS |  
2019-08-22 07:03:24,100 | INFO  | DNAudit | user=null | ip=null | op=WRITE_CHUNK {blockData=conID: 1 locID: 102659352018878926 bcsId: 0} | ret=SUCCESS |  
2019-08-22 07:03:24,101 | INFO  | DNAudit | user=null | ip=null | op=PUT_BLOCK {blockData=[blockId=conID: 1 locID: 102659352018878926 bcsId: 0,size=2097152]} | ret=SUCCESS |  
2019-08-22 07:03:24,101 [grpc-default-executor-0] INFO  client.GrpcClientProtocolClient (GrpcClientProtocolClient.java:onNext(255)) - client-CF63D631FA17->3cf1264f-5f6b-4138-aeee-2ff7d4522ead: receive RaftClientReply:client-CF63D631FA17->3cf1264f-5f6b-4138-aeee-2ff7d4522ead@group-561E16522154, cid=1185, SUCCESS, logIndex=0, commits[3cf1264f-5f6b-4138-aeee-2ff7d4522ead:c1646, 4f0d1a15-8f14-4d9a-ad4f-8211e1245b5d:c1642, 6999f20e-c3f7-4db4-87ca-141c476f2a88:c1640]
2019-08-22 07:03:24,107 | INFO  | DNAudit | user=null | ip=null | op=WRITE_CHUNK {blockData=conID: 1 locID: 102659352018878926 bcsId: 1642} | ret=SUCCESS |  
2019-08-22 07:03:24,109 | INFO  | DNAudit | user=null | ip=null | op=WRITE_CHUNK {blockData=conID: 1 locID: 102659352018878926 bcsId: 1642} | ret=SUCCESS |  
2019-08-22 07:03:24,110 | INFO  | DNAudit | user=null | ip=null | op=WRITE_CHUNK {blockData=conID: 1 locID: 102659352018878926 bcsId: 1642} | ret=SUCCESS |  
2019-08-22 07:03:24,120 | INFO  | DNAudit | user=null | ip=null | op=WRITE_CHUNK {blockData=conID: 1 locID: 102659352018878926 bcsId: 1642} | ret=SUCCESS |  
2019-08-22 07:03:24,120 | INFO  | DNAudit | user=null | ip=null | op=PUT_BLOCK {blockData=[blockId=conID: 1 locID: 102659352018878926 bcsId: 0,size=3145728]} | ret=SUCCESS |  
2019-08-22 07:03:24,120 [grpc-default-executor-0] INFO  client.GrpcClientProtocolClient (GrpcClientProtocolClient.java:onNext(255)) - client-CF63D631FA17->3cf1264f-5f6b-4138-aeee-2ff7d4522ead: receive RaftClientReply:client-CF63D631FA17->3cf1264f-5f6b-4138-aeee-2ff7d4522ead@group-561E16522154, cid=1186, SUCCESS, logIndex=1647, commits[3cf1264f-5f6b-4138-aeee-2ff7d4522ead:c1648, 4f0d1a15-8f14-4d9a-ad4f-8211e1245b5d:c1646, 6999f20e-c3f7-4db4-87ca-141c476f2a88:c1646]
2019-08-22 07:03:24,121 [grpc-default-executor-0] INFO  client.GrpcClientProtocolClient (GrpcClientProtocolClient.java:onNext(255)) - client-CF63D631FA17->3cf1264f-5f6b-4138-aeee-2ff7d4522ead: receive RaftClientReply:client-CF63D631FA17->3cf1264f-5f6b-4138-aeee-2ff7d4522ead@group-561E16522154, cid=1187, SUCCESS, logIndex=1648, commits[3cf1264f-5f6b-4138-aeee-2ff7d4522ead:c1648, 4f0d1a15-8f14-4d9a-ad4f-8211e1245b5d:c1646, 6999f20e-c3f7-4db4-87ca-141c476f2a88:c1646]
2019-08-22 07:03:24,127 | INFO  | DNAudit | user=null | ip=null | op=WRITE_CHUNK {blockData=conID: 1 locID: 102659352018878926 bcsId: 1648} | ret=SUCCESS |  
2019-08-22 07:03:24,128 | INFO  | DNAudit | user=null | ip=null | op=WRITE_CHUNK {blockData=conID: 1 locID: 102659352018878926 bcsId: 1648} | ret=SUCCESS |  
2019-08-22 07:03:24,129 | INFO  | DNAudit | user=null | ip=null | op=WRITE_CHUNK {blockData=conID: 1 locID: 102659352018878926 bcsId: 1648} | ret=SUCCESS |  
2019-08-22 07:03:24,131 | INFO  | DNAudit | user=null | ip=null | op=WRITE_CHUNK {blockData=conID: 1 locID: 102659352018878926 bcsId: 1642} | ret=SUCCESS |  
2019-08-22 07:03:24,131 | INFO  | DNAudit | user=null | ip=null | op=WRITE_CHUNK {blockData=conID: 1 locID: 102659352018878926 bcsId: 1642} | ret=SUCCESS |  
2019-08-22 07:03:24,134 | INFO  | DNAudit | user=null | ip=null | op=PUT_BLOCK {blockData=[blockId=conID: 1 locID: 102659352018878926 bcsId: 0,size=3145728]} | ret=SUCCESS |  
2019-08-22 07:03:24,134 | INFO  | DNAudit | user=null | ip=null | op=PUT_BLOCK {blockData=[blockId=conID: 1 locID: 102659352018878926 bcsId: 0,size=3145728]} | ret=SUCCESS |  
2019-08-22 07:03:24,134 | INFO  | DNAudit | user=null | ip=null | op=WRITE_CHUNK {blockData=conID: 1 locID: 102659352018878926 bcsId: 1648} | ret=SUCCESS |  
2019-08-22 07:03:24,135 | INFO  | DNAudit | user=null | ip=null | op=PUT_BLOCK {blockData=[blockId=conID: 1 locID: 102659352018878926 bcsId: 0,size=4194304]} | ret=SUCCESS |  
2019-08-22 07:03:24,135 [grpc-default-executor-5] INFO  client.GrpcClientProtocolClient (GrpcClientProtocolClient.java:onNext(255)) - client-CF63D631FA17->3cf1264f-5f6b-4138-aeee-2ff7d4522ead: receive RaftClientReply:client-CF63D631FA17->3cf1264f-5f6b-4138-aeee-2ff7d4522ead@group-561E16522154, cid=1188, SUCCESS, logIndex=1651, commits[3cf1264f-5f6b-4138-aeee-2ff7d4522ead:c1651, 4f0d1a15-8f14-4d9a-ad4f-8211e1245b5d:c1648, 6999f20e-c3f7-4db4-87ca-141c476f2a88:c1648]
2019-08-22 07:03:24,135 [grpc-default-executor-5] INFO  client.GrpcClientProtocolClient (GrpcClientProtocolClient.java:onNext(255)) - client-CF63D631FA17->3cf1264f-5f6b-4138-aeee-2ff7d4522ead: receive RaftClientReply:client-CF63D631FA17->3cf1264f-5f6b-4138-aeee-2ff7d4522ead@group-561E16522154, cid=1189, SUCCESS, logIndex=1652, commits[3cf1264f-5f6b-4138-aeee-2ff7d4522ead:c1652, 4f0d1a15-8f14-4d9a-ad4f-8211e1245b5d:c1648, 6999f20e-c3f7-4db4-87ca-141c476f2a88:c1648]
2019-08-22 07:03:24,146 | INFO  | DNAudit | user=null | ip=null | op=WRITE_CHUNK {blockData=conID: 1 locID: 102659352018878926 bcsId: 1648} | ret=SUCCESS |  
2019-08-22 07:03:24,146 | INFO  | DNAudit | user=null | ip=null | op=WRITE_CHUNK {blockData=conID: 1 locID: 102659352018878926 bcsId: 1648} | ret=SUCCESS |  
2019-08-22 07:03:24,150 | INFO  | DNAudit | user=null | ip=null | op=PUT_BLOCK {blockData=[blockId=conID: 1 locID: 102659352018878926 bcsId: 0,size=4194304]} | ret=SUCCESS |  
2019-08-22 07:03:24,150 | INFO  | DNAudit | user=null | ip=null | op=PUT_BLOCK {blockData=[blockId=conID: 1 locID: 102659352018878926 bcsId: 0,size=4194304]} | ret=SUCCESS |  
2019-08-22 07:03:24,151 [grpc-default-executor-5] INFO  client.GrpcClientProtocolClient (GrpcClientProtocolClient.java:onNext(255)) - client-CF63D631FA17->3cf1264f-5f6b-4138-aeee-2ff7d4522ead: receive RaftClientReply:client-CF63D631FA17->3cf1264f-5f6b-4138-aeee-2ff7d4522ead@group-561E16522154, cid=1190, SUCCESS, logIndex=0, commits[3cf1264f-5f6b-4138-aeee-2ff7d4522ead:c1654, 4f0d1a15-8f14-4d9a-ad4f-8211e1245b5d:c1652, 6999f20e-c3f7-4db4-87ca-141c476f2a88:c1652]
2019-08-22 07:03:24,156 | INFO  | DNAudit | user=null | ip=null | op=WRITE_CHUNK {blockData=conID: 2 locID: 102659352018878927 bcsId: 0} | ret=SUCCESS |  
2019-08-22 07:03:24,159 | INFO  | DNAudit | user=null | ip=null | op=WRITE_CHUNK {blockData=conID: 2 locID: 102659352018878927 bcsId: 0} | ret=SUCCESS |  
2019-08-22 07:03:24,159 | INFO  | DNAudit | user=null | ip=null | op=WRITE_CHUNK {blockData=conID: 2 locID: 102659352018878927 bcsId: 0} | ret=SUCCESS |  
2019-08-22 07:03:24,159 | INFO  | DNAudit | user=null | ip=null | op=WRITE_CHUNK {blockData=conID: 2 locID: 102659352018878927 bcsId: 0} | ret=SUCCESS |  
2019-08-22 07:03:24,160 | INFO  | DNAudit | user=null | ip=null | op=WRITE_CHUNK {blockData=conID: 2 locID: 102659352018878927 bcsId: 0} | ret=SUCCESS |  
2019-08-22 07:03:24,161 | INFO  | DNAudit | user=null | ip=null | op=WRITE_CHUNK {blockData=conID: 2 locID: 102659352018878927 bcsId: 0} | ret=SUCCESS |  
2019-08-22 07:03:24,169 | INFO  | DNAudit | user=null | ip=null | op=WRITE_CHUNK {blockData=conID: 2 locID: 102659352018878927 bcsId: 0} | ret=SUCCESS |  
2019-08-22 07:03:24,170 | INFO  | DNAudit | user=null | ip=null | op=PUT_BLOCK {blockData=[blockId=conID: 2 locID: 102659352018878927 bcsId: 0,size=1048576]} | ret=SUCCESS |  
2019-08-22 07:03:24,170 | INFO  | DNAudit | user=null | ip=null | op=WRITE_CHUNK {blockData=conID: 2 locID: 102659352018878927 bcsId: 0} | ret=SUCCESS |  
2019-08-22 07:03:24,170 [grpc-default-executor-0] INFO  client.GrpcClientProtocolClient (GrpcClientProtocolClient.java:onNext(255)) - client-CF63D631FA17->3cf1264f-5f6b-4138-aeee-2ff7d4522ead: receive RaftClientReply:client-CF63D631FA17->3cf1264f-5f6b-4138-aeee-2ff7d4522ead@group-561E16522154, cid=1191, SUCCESS, logIndex=1655, commits[3cf1264f-5f6b-4138-aeee-2ff7d4522ead:c1656, 4f0d1a15-8f14-4d9a-ad4f-8211e1245b5d:c1654, 6999f20e-c3f7-4db4-87ca-141c476f2a88:c1654]
2019-08-22 07:03:24,170 | INFO  | DNAudit | user=null | ip=null | op=PUT_BLOCK {blockData=[blockId=conID: 2 locID: 102659352018878927 bcsId: 0,size=2097152]} | ret=SUCCESS |  
2019-08-22 07:03:24,171 [grpc-default-executor-0] INFO  client.GrpcClientProtocolClient (GrpcClientProtocolClient.java:onNext(255)) - client-CF63D631FA17->3cf1264f-5f6b-4138-aeee-2ff7d4522ead: receive RaftClientReply:client-CF63D631FA17->3cf1264f-5f6b-4138-aeee-2ff7d4522ead@group-561E16522154, cid=1192, SUCCESS, logIndex=1656, commits[3cf1264f-5f6b-4138-aeee-2ff7d4522ead:c1657, 4f0d1a15-8f14-4d9a-ad4f-8211e1245b5d:c1654, 6999f20e-c3f7-4db4-87ca-141c476f2a88:c1654]
2019-08-22 07:03:24,171 | INFO  | DNAudit | user=null | ip=null | op=WRITE_CHUNK {blockData=conID: 2 locID: 102659352018878927 bcsId: 0} | ret=SUCCESS |  
2019-08-22 07:03:24,171 [grpc-default-executor-0] INFO  client.GrpcClientProtocolClient (GrpcClientProtocolClient.java:onNext(255)) - client-CF63D631FA17->3cf1264f-5f6b-4138-aeee-2ff7d4522ead: receive RaftClientReply:client-CF63D631FA17->3cf1264f-5f6b-4138-aeee-2ff7d4522ead@group-561E16522154, cid=1193, SUCCESS, logIndex=1657, commits[3cf1264f-5f6b-4138-aeee-2ff7d4522ead:c1658, 4f0d1a15-8f14-4d9a-ad4f-8211e1245b5d:c1654, 6999f20e-c3f7-4db4-87ca-141c476f2a88:c1654]
2019-08-22 07:03:24,171 | INFO  | DNAudit | user=null | ip=null | op=PUT_BLOCK {blockData=[blockId=conID: 2 locID: 102659352018878927 bcsId: 0,size=1048576]} | ret=SUCCESS |  
2019-08-22 07:03:24,171 [grpc-default-executor-5] INFO  client.GrpcClientProtocolClient (GrpcClientProtocolClient.java:onNext(255)) - client-CF63D631FA17->3cf1264f-5f6b-4138-aeee-2ff7d4522ead: receive RaftClientReply:client-CF63D631FA17->3cf1264f-5f6b-4138-aeee-2ff7d4522ead@group-561E16522154, cid=1194, SUCCESS, logIndex=1658, commits[3cf1264f-5f6b-4138-aeee-2ff7d4522ead:c1658, 4f0d1a15-8f14-4d9a-ad4f-8211e1245b5d:c1654, 6999f20e-c3f7-4db4-87ca-141c476f2a88:c1654]
2019-08-22 07:03:24,172 | INFO  | DNAudit | user=null | ip=null | op=WRITE_CHUNK {blockData=conID: 2 locID: 102659352018878927 bcsId: 0} | ret=SUCCESS |  
2019-08-22 07:03:24,172 | INFO  | DNAudit | user=null | ip=null | op=PUT_BLOCK {blockData=[blockId=conID: 2 locID: 102659352018878927 bcsId: 0,size=1048576]} | ret=SUCCESS |  
2019-08-22 07:03:24,172 | INFO  | DNAudit | user=null | ip=null | op=WRITE_CHUNK {blockData=conID: 2 locID: 102659352018878927 bcsId: 0} | ret=SUCCESS |  
2019-08-22 07:03:24,172 | INFO  | DNAudit | user=null | ip=null | op=WRITE_CHUNK {blockData=conID: 2 locID: 102659352018878927 bcsId: 0} | ret=SUCCESS |  
2019-08-22 07:03:24,172 | INFO  | DNAudit | user=null | ip=null | op=PUT_BLOCK {blockData=[blockId=conID: 2 locID: 102659352018878927 bcsId: 0,size=2097152]} | ret=SUCCESS |  
2019-08-22 07:03:24,172 [grpc-default-executor-5] INFO  client.GrpcClientProtocolClient (GrpcClientProtocolClient.java:onNext(255)) - client-CF63D631FA17->3cf1264f-5f6b-4138-aeee-2ff7d4522ead: receive RaftClientReply:client-CF63D631FA17->3cf1264f-5f6b-4138-aeee-2ff7d4522ead@group-561E16522154, cid=1195, SUCCESS, logIndex=0, commits[3cf1264f-5f6b-4138-aeee-2ff7d4522ead:c1661, 4f0d1a15-8f14-4d9a-ad4f-8211e1245b5d:c1656, 6999f20e-c3f7-4db4-87ca-141c476f2a88:c1657]
2019-08-22 07:03:24,174 | INFO  | DNAudit | user=null | ip=null | op=PUT_BLOCK {blockData=[blockId=conID: 2 locID: 102659352018878927 bcsId: 0,size=2097152]} | ret=SUCCESS |  
2019-08-22 07:03:24,178 | INFO  | DNAudit | user=null | ip=null | op=WRITE_CHUNK {blockData=conID: 2 locID: 102659352018878927 bcsId: 1658} | ret=SUCCESS |  
2019-08-22 07:03:24,181 | INFO  | DNAudit | user=null | ip=null | op=WRITE_CHUNK {blockData=conID: 2 locID: 102659352018878927 bcsId: 1658} | ret=SUCCESS |  
2019-08-22 07:03:24,181 | INFO  | DNAudit | user=null | ip=null | op=WRITE_CHUNK {blockData=conID: 2 locID: 102659352018878927 bcsId: 1658} | ret=SUCCESS |  
2019-08-22 07:03:24,190 | INFO  | DNAudit | user=null | ip=null | op=WRITE_CHUNK {blockData=conID: 2 locID: 102659352018878927 bcsId: 1658} | ret=SUCCESS |  
2019-08-22 07:03:24,191 | INFO  | DNAudit | user=null | ip=null | op=PUT_BLOCK {blockData=[blockId=conID: 2 locID: 102659352018878927 bcsId: 0,size=3145728]} | ret=SUCCESS |  
2019-08-22 07:03:24,191 [grpc-default-executor-0] INFO  client.GrpcClientProtocolClient (GrpcClientProtocolClient.java:onNext(255)) - client-CF63D631FA17->3cf1264f-5f6b-4138-aeee-2ff7d4522ead: receive RaftClientReply:client-CF63D631FA17->3cf1264f-5f6b-4138-aeee-2ff7d4522ead@group-561E16522154, cid=1196, SUCCESS, logIndex=1663, commits[3cf1264f-5f6b-4138-aeee-2ff7d4522ead:c1664, 4f0d1a15-8f14-4d9a-ad4f-8211e1245b5d:c1662, 6999f20e-c3f7-4db4-87ca-141c476f2a88:c1662]
2019-08-22 07:03:24,192 [grpc-default-executor-0] INFO  client.GrpcClientProtocolClient (GrpcClientProtocolClient.java:onNext(255)) - client-CF63D631FA17->3cf1264f-5f6b-4138-aeee-2ff7d4522ead: receive RaftClientReply:client-CF63D631FA17->3cf1264f-5f6b-4138-aeee-2ff7d4522ead@group-561E16522154, cid=1197, SUCCESS, logIndex=1664, commits[3cf1264f-5f6b-4138-aeee-2ff7d4522ead:c1664, 4f0d1a15-8f14-4d9a-ad4f-8211e1245b5d:c1662, 6999f20e-c3f7-4db4-87ca-141c476f2a88:c1662]
2019-08-22 07:03:24,197 | INFO  | DNAudit | user=null | ip=null | op=WRITE_CHUNK {blockData=conID: 2 locID: 102659352018878927 bcsId: 1664} | ret=SUCCESS |  
2019-08-22 07:03:24,200 | INFO  | DNAudit | user=null | ip=null | op=WRITE_CHUNK {blockData=conID: 2 locID: 102659352018878927 bcsId: 1664} | ret=SUCCESS |  
2019-08-22 07:03:24,200 | INFO  | DNAudit | user=null | ip=null | op=WRITE_CHUNK {blockData=conID: 2 locID: 102659352018878927 bcsId: 1664} | ret=SUCCESS |  
2019-08-22 07:03:24,202 | INFO  | DNAudit | user=null | ip=null | op=WRITE_CHUNK {blockData=conID: 2 locID: 102659352018878927 bcsId: 1658} | ret=SUCCESS |  
2019-08-22 07:03:24,202 | INFO  | DNAudit | user=null | ip=null | op=WRITE_CHUNK {blockData=conID: 2 locID: 102659352018878927 bcsId: 1658} | ret=SUCCESS |  
2019-08-22 07:03:24,202 | INFO  | DNAudit | user=null | ip=null | op=PUT_BLOCK {blockData=[blockId=conID: 2 locID: 102659352018878927 bcsId: 0,size=3145728]} | ret=SUCCESS |  
2019-08-22 07:03:24,202 | INFO  | DNAudit | user=null | ip=null | op=PUT_BLOCK {blockData=[blockId=conID: 2 locID: 102659352018878927 bcsId: 0,size=3145728]} | ret=SUCCESS |  
2019-08-22 07:03:24,205 | INFO  | DNAudit | user=null | ip=null | op=WRITE_CHUNK {blockData=conID: 2 locID: 102659352018878927 bcsId: 1664} | ret=SUCCESS |  
2019-08-22 07:03:24,206 | INFO  | DNAudit | user=null | ip=null | op=PUT_BLOCK {blockData=[blockId=conID: 2 locID: 102659352018878927 bcsId: 0,size=4194304]} | ret=SUCCESS |  
2019-08-22 07:03:24,206 [grpc-default-executor-3] INFO  client.GrpcClientProtocolClient (GrpcClientProtocolClient.java:onNext(255)) - client-CF63D631FA17->3cf1264f-5f6b-4138-aeee-2ff7d4522ead: receive RaftClientReply:client-CF63D631FA17->3cf1264f-5f6b-4138-aeee-2ff7d4522ead@group-561E16522154, cid=1198, SUCCESS, logIndex=1667, commits[3cf1264f-5f6b-4138-aeee-2ff7d4522ead:c1668, 4f0d1a15-8f14-4d9a-ad4f-8211e1245b5d:c1664, 6999f20e-c3f7-4db4-87ca-141c476f2a88:c1664]
2019-08-22 07:03:24,206 [grpc-default-executor-3] INFO  client.GrpcClientProtocolClient (GrpcClientProtocolClient.java:onNext(255)) - client-CF63D631FA17->3cf1264f-5f6b-4138-aeee-2ff7d4522ead: receive RaftClientReply:client-CF63D631FA17->3cf1264f-5f6b-4138-aeee-2ff7d4522ead@group-561E16522154, cid=1199, SUCCESS, logIndex=1668, commits[3cf1264f-5f6b-4138-aeee-2ff7d4522ead:c1668, 4f0d1a15-8f14-4d9a-ad4f-8211e1245b5d:c1664, 6999f20e-c3f7-4db4-87ca-141c476f2a88:c1664]
2019-08-22 07:03:24,217 | INFO  | DNAudit | user=null | ip=null | op=WRITE_CHUNK {blockData=conID: 2 locID: 102659352018878927 bcsId: 1664} | ret=SUCCESS |  
2019-08-22 07:03:24,217 | INFO  | DNAudit | user=null | ip=null | op=WRITE_CHUNK {blockData=conID: 2 locID: 102659352018878927 bcsId: 1664} | ret=SUCCESS |  
2019-08-22 07:03:24,220 | INFO  | DNAudit | user=null | ip=null | op=PUT_BLOCK {blockData=[blockId=conID: 2 locID: 102659352018878927 bcsId: 0,size=4194304]} | ret=SUCCESS |  
2019-08-22 07:03:24,220 | INFO  | DNAudit | user=null | ip=null | op=PUT_BLOCK {blockData=[blockId=conID: 2 locID: 102659352018878927 bcsId: 0,size=4194304]} | ret=SUCCESS |  
2019-08-22 07:03:24,220 [grpc-default-executor-3] INFO  client.GrpcClientProtocolClient (GrpcClientProtocolClient.java:onNext(255)) - client-CF63D631FA17->3cf1264f-5f6b-4138-aeee-2ff7d4522ead: receive RaftClientReply:client-CF63D631FA17->3cf1264f-5f6b-4138-aeee-2ff7d4522ead@group-561E16522154, cid=1200, SUCCESS, logIndex=0, commits[3cf1264f-5f6b-4138-aeee-2ff7d4522ead:c1670, 4f0d1a15-8f14-4d9a-ad4f-8211e1245b5d:c1668, 6999f20e-c3f7-4db4-87ca-141c476f2a88:c1668]
2019-08-22 07:03:24,226 | INFO  | DNAudit | user=null | ip=null | op=WRITE_CHUNK {blockData=conID: 3 locID: 102659352018878928 bcsId: 0} | ret=SUCCESS |  
2019-08-22 07:03:24,229 | INFO  | DNAudit | user=null | ip=null | op=WRITE_CHUNK {blockData=conID: 3 locID: 102659352018878928 bcsId: 0} | ret=SUCCESS |  
2019-08-22 07:03:24,230 | INFO  | DNAudit | user=null | ip=null | op=WRITE_CHUNK {blockData=conID: 3 locID: 102659352018878928 bcsId: 0} | ret=SUCCESS |  
2019-08-22 07:03:24,230 | INFO  | DNAudit | user=null | ip=null | op=WRITE_CHUNK {blockData=conID: 3 locID: 102659352018878928 bcsId: 0} | ret=SUCCESS |  
2019-08-22 07:03:24,231 | INFO  | DNAudit | user=null | ip=null | op=WRITE_CHUNK {blockData=conID: 3 locID: 102659352018878928 bcsId: 0} | ret=SUCCESS |  
2019-08-22 07:03:24,232 | INFO  | DNAudit | user=null | ip=null | op=WRITE_CHUNK {blockData=conID: 3 locID: 102659352018878928 bcsId: 0} | ret=SUCCESS |  
2019-08-22 07:03:24,239 | INFO  | DNAudit | user=null | ip=null | op=WRITE_CHUNK {blockData=conID: 3 locID: 102659352018878928 bcsId: 0} | ret=SUCCESS |  
2019-08-22 07:03:24,239 | INFO  | DNAudit | user=null | ip=null | op=PUT_BLOCK {blockData=[blockId=conID: 3 locID: 102659352018878928 bcsId: 0,size=1048576]} | ret=SUCCESS |  
2019-08-22 07:03:24,240 [grpc-default-executor-0] INFO  client.GrpcClientProtocolClient (GrpcClientProtocolClient.java:onNext(255)) - client-CF63D631FA17->3cf1264f-5f6b-4138-aeee-2ff7d4522ead: receive RaftClientReply:client-CF63D631FA17->3cf1264f-5f6b-4138-aeee-2ff7d4522ead@group-561E16522154, cid=1201, SUCCESS, logIndex=1671, commits[3cf1264f-5f6b-4138-aeee-2ff7d4522ead:c1672, 4f0d1a15-8f14-4d9a-ad4f-8211e1245b5d:c1670, 6999f20e-c3f7-4db4-87ca-141c476f2a88:c1670]
2019-08-22 07:03:24,240 [grpc-default-executor-0] INFO  client.GrpcClientProtocolClient (GrpcClientProtocolClient.java:onNext(255)) - client-CF63D631FA17->3cf1264f-5f6b-4138-aeee-2ff7d4522ead: receive RaftClientReply:client-CF63D631FA17->3cf1264f-5f6b-4138-aeee-2ff7d4522ead@group-561E16522154, cid=1202, SUCCESS, logIndex=1672, commits[3cf1264f-5f6b-4138-aeee-2ff7d4522ead:c1672, 4f0d1a15-8f14-4d9a-ad4f-8211e1245b5d:c1670, 6999f20e-c3f7-4db4-87ca-141c476f2a88:c1670]
2019-08-22 07:03:24,242 | INFO  | DNAudit | user=null | ip=null | op=WRITE_CHUNK {blockData=conID: 3 locID: 102659352018878928 bcsId: 0} | ret=SUCCESS |  
2019-08-22 07:03:24,242 | INFO  | DNAudit | user=null | ip=null | op=PUT_BLOCK {blockData=[blockId=conID: 3 locID: 102659352018878928 bcsId: 0,size=2097152]} | ret=SUCCESS |  
2019-08-22 07:03:24,242 [grpc-default-executor-5] INFO  client.GrpcClientProtocolClient (GrpcClientProtocolClient.java:onNext(255)) - client-CF63D631FA17->3cf1264f-5f6b-4138-aeee-2ff7d4522ead: receive RaftClientReply:client-CF63D631FA17->3cf1264f-5f6b-4138-aeee-2ff7d4522ead@group-561E16522154, cid=1203, SUCCESS, logIndex=1673, commits[3cf1264f-5f6b-4138-aeee-2ff7d4522ead:c1674, 4f0d1a15-8f14-4d9a-ad4f-8211e1245b5d:c1670, 6999f20e-c3f7-4db4-87ca-141c476f2a88:c1670]
2019-08-22 07:03:24,242 [grpc-default-executor-5] INFO  client.GrpcClientProtocolClient (GrpcClientProtocolClient.java:onNext(255)) - client-CF63D631FA17->3cf1264f-5f6b-4138-aeee-2ff7d4522ead: receive RaftClientReply:client-CF63D631FA17->3cf1264f-5f6b-4138-aeee-2ff7d4522ead@group-561E16522154, cid=1204, SUCCESS, logIndex=1674, commits[3cf1264f-5f6b-4138-aeee-2ff7d4522ead:c1674, 4f0d1a15-8f14-4d9a-ad4f-8211e1245b5d:c1670, 6999f20e-c3f7-4db4-87ca-141c476f2a88:c1670]
2019-08-22 07:03:24,253 | INFO  | DNAudit | user=null | ip=null | op=WRITE_CHUNK {blockData=conID: 3 locID: 102659352018878928 bcsId: 0} | ret=SUCCESS |  
2019-08-22 07:03:24,253 | INFO  | DNAudit | user=null | ip=null | op=WRITE_CHUNK {blockData=conID: 3 locID: 102659352018878928 bcsId: 0} | ret=SUCCESS |  
2019-08-22 07:03:24,253 | INFO  | DNAudit | user=null | ip=null | op=PUT_BLOCK {blockData=[blockId=conID: 3 locID: 102659352018878928 bcsId: 0,size=1048576]} | ret=SUCCESS |  
2019-08-22 07:03:24,253 | INFO  | DNAudit | user=null | ip=null | op=PUT_BLOCK {blockData=[blockId=conID: 3 locID: 102659352018878928 bcsId: 0,size=1048576]} | ret=SUCCESS |  
2019-08-22 07:03:24,254 [grpc-default-executor-5] INFO  client.GrpcClientProtocolClient (GrpcClientProtocolClient.java:onNext(255)) - client-CF63D631FA17->3cf1264f-5f6b-4138-aeee-2ff7d4522ead: receive RaftClientReply:client-CF63D631FA17->3cf1264f-5f6b-4138-aeee-2ff7d4522ead@group-561E16522154, cid=1205, SUCCESS, logIndex=0, commits[3cf1264f-5f6b-4138-aeee-2ff7d4522ead:c1676, 4f0d1a15-8f14-4d9a-ad4f-8211e1245b5d:c1672, 6999f20e-c3f7-4db4-87ca-141c476f2a88:c1672]
2019-08-22 07:03:24,254 | INFO  | DNAudit | user=null | ip=null | op=WRITE_CHUNK {blockData=conID: 3 locID: 102659352018878928 bcsId: 0} | ret=SUCCESS |  
2019-08-22 07:03:24,254 | INFO  | DNAudit | user=null | ip=null | op=PUT_BLOCK {blockData=[blockId=conID: 3 locID: 102659352018878928 bcsId: 0,size=2097152]} | ret=SUCCESS |  
2019-08-22 07:03:24,254 | INFO  | DNAudit | user=null | ip=null | op=WRITE_CHUNK {blockData=conID: 3 locID: 102659352018878928 bcsId: 0} | ret=SUCCESS |  
2019-08-22 07:03:24,254 | INFO  | DNAudit | user=null | ip=null | op=PUT_BLOCK {blockData=[blockId=conID: 3 locID: 102659352018878928 bcsId: 0,size=2097152]} | ret=SUCCESS |  
2019-08-22 07:03:24,369 | INFO  | SCMAudit | user=jenkins1000 | ip=192.168.34.31 | op=SEND_HEARTBEAT {datanodeUUID=f789f48f-f3d7-45ec-9bba-6a89e2bdcc9c, command=[]} | ret=SUCCESS |  
2019-08-22 07:03:24,369 | INFO  | DNAudit | user=null | ip=null | op=WRITE_CHUNK {blockData=conID: 3 locID: 102659352018878928 bcsId: 1674} | ret=SUCCESS |  
2019-08-22 07:03:24,373 | INFO  | DNAudit | user=null | ip=null | op=WRITE_CHUNK {blockData=conID: 3 locID: 102659352018878928 bcsId: 1674} | ret=SUCCESS |  
2019-08-22 07:03:24,374 | INFO  | DNAudit | user=null | ip=null | op=WRITE_CHUNK {blockData=conID: 3 locID: 102659352018878928 bcsId: 1674} | ret=SUCCESS |  
2019-08-22 07:03:24,382 | INFO  | DNAudit | user=null | ip=null | op=WRITE_CHUNK {blockData=conID: 3 locID: 102659352018878928 bcsId: 1674} | ret=SUCCESS |  
2019-08-22 07:03:24,383 | INFO  | DNAudit | user=null | ip=null | op=PUT_BLOCK {blockData=[blockId=conID: 3 locID: 102659352018878928 bcsId: 0,size=3145728]} | ret=SUCCESS |  
2019-08-22 07:03:24,383 [grpc-default-executor-0] INFO  client.GrpcClientProtocolClient (GrpcClientProtocolClient.java:onNext(255)) - client-CF63D631FA17->3cf1264f-5f6b-4138-aeee-2ff7d4522ead: receive RaftClientReply:client-CF63D631FA17->3cf1264f-5f6b-4138-aeee-2ff7d4522ead@group-561E16522154, cid=1206, SUCCESS, logIndex=1679, commits[3cf1264f-5f6b-4138-aeee-2ff7d4522ead:c1680, 4f0d1a15-8f14-4d9a-ad4f-8211e1245b5d:c1678, 6999f20e-c3f7-4db4-87ca-141c476f2a88:c1678]
2019-08-22 07:03:24,384 [grpc-default-executor-0] INFO  client.GrpcClientProtocolClient (GrpcClientProtocolClient.java:onNext(255)) - client-CF63D631FA17->3cf1264f-5f6b-4138-aeee-2ff7d4522ead: receive RaftClientReply:client-CF63D631FA17->3cf1264f-5f6b-4138-aeee-2ff7d4522ead@group-561E16522154, cid=1207, SUCCESS, logIndex=1680, commits[3cf1264f-5f6b-4138-aeee-2ff7d4522ead:c1680, 4f0d1a15-8f14-4d9a-ad4f-8211e1245b5d:c1678, 6999f20e-c3f7-4db4-87ca-141c476f2a88:c1678]
2019-08-22 07:03:24,391 | INFO  | DNAudit | user=null | ip=null | op=WRITE_CHUNK {blockData=conID: 3 locID: 102659352018878928 bcsId: 1680} | ret=SUCCESS |  
2019-08-22 07:03:24,394 | INFO  | DNAudit | user=null | ip=null | op=WRITE_CHUNK {blockData=conID: 3 locID: 102659352018878928 bcsId: 1674} | ret=SUCCESS |  
2019-08-22 07:03:24,394 | INFO  | DNAudit | user=null | ip=null | op=WRITE_CHUNK {blockData=conID: 3 locID: 102659352018878928 bcsId: 1674} | ret=SUCCESS |  
2019-08-22 07:03:24,394 | INFO  | DNAudit | user=null | ip=null | op=WRITE_CHUNK {blockData=conID: 3 locID: 102659352018878928 bcsId: 1680} | ret=SUCCESS |  
2019-08-22 07:03:24,395 | INFO  | DNAudit | user=null | ip=null | op=WRITE_CHUNK {blockData=conID: 3 locID: 102659352018878928 bcsId: 1680} | ret=SUCCESS |  
2019-08-22 07:03:24,406 | INFO  | DNAudit | user=null | ip=null | op=PUT_BLOCK {blockData=[blockId=conID: 3 locID: 102659352018878928 bcsId: 0,size=3145728]} | ret=SUCCESS |  
2019-08-22 07:03:24,406 | INFO  | DNAudit | user=null | ip=null | op=PUT_BLOCK {blockData=[blockId=conID: 3 locID: 102659352018878928 bcsId: 0,size=3145728]} | ret=SUCCESS |  
2019-08-22 07:03:24,406 | INFO  | DNAudit | user=null | ip=null | op=WRITE_CHUNK {blockData=conID: 3 locID: 102659352018878928 bcsId: 1680} | ret=SUCCESS |  
2019-08-22 07:03:24,407 | INFO  | DNAudit | user=null | ip=null | op=PUT_BLOCK {blockData=[blockId=conID: 3 locID: 102659352018878928 bcsId: 0,size=4194304]} | ret=SUCCESS |  
2019-08-22 07:03:24,407 [grpc-default-executor-5] INFO  client.GrpcClientProtocolClient (GrpcClientProtocolClient.java:onNext(255)) - client-CF63D631FA17->3cf1264f-5f6b-4138-aeee-2ff7d4522ead: receive RaftClientReply:client-CF63D631FA17->3cf1264f-5f6b-4138-aeee-2ff7d4522ead@group-561E16522154, cid=1208, SUCCESS, logIndex=1683, commits[3cf1264f-5f6b-4138-aeee-2ff7d4522ead:c1684, 4f0d1a15-8f14-4d9a-ad4f-8211e1245b5d:c1680, 6999f20e-c3f7-4db4-87ca-141c476f2a88:c1680]
2019-08-22 07:03:24,408 | INFO  | DNAudit | user=null | ip=null | op=WRITE_CHUNK {blockData=conID: 3 locID: 102659352018878928 bcsId: 1680} | ret=SUCCESS |  
2019-08-22 07:03:24,408 | INFO  | DNAudit | user=null | ip=null | op=PUT_BLOCK {blockData=[blockId=conID: 3 locID: 102659352018878928 bcsId: 0,size=4194304]} | ret=SUCCESS |  
2019-08-22 07:03:24,408 [grpc-default-executor-5] INFO  client.GrpcClientProtocolClient (GrpcClientProtocolClient.java:onNext(255)) - client-CF63D631FA17->3cf1264f-5f6b-4138-aeee-2ff7d4522ead: receive RaftClientReply:client-CF63D631FA17->3cf1264f-5f6b-4138-aeee-2ff7d4522ead@group-561E16522154, cid=1209, SUCCESS, logIndex=1684, commits[3cf1264f-5f6b-4138-aeee-2ff7d4522ead:c1684, 4f0d1a15-8f14-4d9a-ad4f-8211e1245b5d:c1680, 6999f20e-c3f7-4db4-87ca-141c476f2a88:c1680]
2019-08-22 07:03:24,410 | INFO  | DNAudit | user=null | ip=null | op=WRITE_CHUNK {blockData=conID: 3 locID: 102659352018878928 bcsId: 1680} | ret=SUCCESS |  
2019-08-22 07:03:24,410 | INFO  | DNAudit | user=null | ip=null | op=PUT_BLOCK {blockData=[blockId=conID: 3 locID: 102659352018878928 bcsId: 0,size=4194304]} | ret=SUCCESS |  
2019-08-22 07:03:24,410 [grpc-default-executor-5] INFO  client.GrpcClientProtocolClient (GrpcClientProtocolClient.java:onNext(255)) - client-CF63D631FA17->3cf1264f-5f6b-4138-aeee-2ff7d4522ead: receive RaftClientReply:client-CF63D631FA17->3cf1264f-5f6b-4138-aeee-2ff7d4522ead@group-561E16522154, cid=1210, SUCCESS, logIndex=0, commits[3cf1264f-5f6b-4138-aeee-2ff7d4522ead:c1685, 4f0d1a15-8f14-4d9a-ad4f-8211e1245b5d:c1684, 6999f20e-c3f7-4db4-87ca-141c476f2a88:c1684]
2019-08-22 07:03:24,417 | INFO  | DNAudit | user=null | ip=null | op=WRITE_CHUNK {blockData=conID: 1 locID: 102659352018944465 bcsId: 0} | ret=SUCCESS |  
2019-08-22 07:03:24,419 | INFO  | DNAudit | user=null | ip=null | op=WRITE_CHUNK {blockData=conID: 1 locID: 102659352018944465 bcsId: 0} | ret=SUCCESS |  
2019-08-22 07:03:24,420 | INFO  | DNAudit | user=null | ip=null | op=WRITE_CHUNK {blockData=conID: 1 locID: 102659352018944465 bcsId: 0} | ret=SUCCESS |  
2019-08-22 07:03:24,420 | INFO  | DNAudit | user=null | ip=null | op=WRITE_CHUNK {blockData=conID: 1 locID: 102659352018944465 bcsId: 0} | ret=SUCCESS |  
2019-08-22 07:03:24,422 | INFO  | DNAudit | user=null | ip=null | op=WRITE_CHUNK {blockData=conID: 1 locID: 102659352018944465 bcsId: 0} | ret=SUCCESS |  
2019-08-22 07:03:24,423 | INFO  | DNAudit | user=null | ip=null | op=WRITE_CHUNK {blockData=conID: 1 locID: 102659352018944465 bcsId: 0} | ret=SUCCESS |  
2019-08-22 07:03:24,423 | INFO  | DNAudit | user=null | ip=null | op=WRITE_CHUNK {blockData=conID: 1 locID: 102659352018944465 bcsId: 0} | ret=SUCCESS |  
2019-08-22 07:03:24,423 | INFO  | DNAudit | user=null | ip=null | op=PUT_BLOCK {blockData=[blockId=conID: 1 locID: 102659352018944465 bcsId: 0,size=1048576]} | ret=SUCCESS |  
2019-08-22 07:03:24,424 [grpc-default-executor-3] INFO  client.GrpcClientProtocolClient (GrpcClientProtocolClient.java:onNext(255)) - client-CF63D631FA17->3cf1264f-5f6b-4138-aeee-2ff7d4522ead: receive RaftClientReply:client-CF63D631FA17->3cf1264f-5f6b-4138-aeee-2ff7d4522ead@group-561E16522154, cid=1211, SUCCESS, logIndex=1687, commits[3cf1264f-5f6b-4138-aeee-2ff7d4522ead:c1688, 4f0d1a15-8f14-4d9a-ad4f-8211e1245b5d:c1685, 6999f20e-c3f7-4db4-87ca-141c476f2a88:c1685]
2019-08-22 07:03:24,424 | INFO  | DNAudit | user=null | ip=null | op=WRITE_CHUNK {blockData=conID: 1 locID: 102659352018944465 bcsId: 0} | ret=SUCCESS |  
2019-08-22 07:03:24,424 | INFO  | DNAudit | user=null | ip=null | op=PUT_BLOCK {blockData=[blockId=conID: 1 locID: 102659352018944465 bcsId: 0,size=2097152]} | ret=SUCCESS |  
2019-08-22 07:03:24,424 [grpc-default-executor-3] INFO  client.GrpcClientProtocolClient (GrpcClientProtocolClient.java:onNext(255)) - client-CF63D631FA17->3cf1264f-5f6b-4138-aeee-2ff7d4522ead: receive RaftClientReply:client-CF63D631FA17->3cf1264f-5f6b-4138-aeee-2ff7d4522ead@group-561E16522154, cid=1212, SUCCESS, logIndex=1688, commits[3cf1264f-5f6b-4138-aeee-2ff7d4522ead:c1690, 4f0d1a15-8f14-4d9a-ad4f-8211e1245b5d:c1685, 6999f20e-c3f7-4db4-87ca-141c476f2a88:c1685]
2019-08-22 07:03:24,425 [grpc-default-executor-3] INFO  client.GrpcClientProtocolClient (GrpcClientProtocolClient.java:onNext(255)) - client-CF63D631FA17->3cf1264f-5f6b-4138-aeee-2ff7d4522ead: receive RaftClientReply:client-CF63D631FA17->3cf1264f-5f6b-4138-aeee-2ff7d4522ead@group-561E16522154, cid=1213, SUCCESS, logIndex=1689, commits[3cf1264f-5f6b-4138-aeee-2ff7d4522ead:c1690, 4f0d1a15-8f14-4d9a-ad4f-8211e1245b5d:c1685, 6999f20e-c3f7-4db4-87ca-141c476f2a88:c1685]
2019-08-22 07:03:24,425 [grpc-default-executor-3] INFO  client.GrpcClientProtocolClient (GrpcClientProtocolClient.java:onNext(255)) - client-CF63D631FA17->3cf1264f-5f6b-4138-aeee-2ff7d4522ead: receive RaftClientReply:client-CF63D631FA17->3cf1264f-5f6b-4138-aeee-2ff7d4522ead@group-561E16522154, cid=1214, SUCCESS, logIndex=1690, commits[3cf1264f-5f6b-4138-aeee-2ff7d4522ead:c1690, 4f0d1a15-8f14-4d9a-ad4f-8211e1245b5d:c1685, 6999f20e-c3f7-4db4-87ca-141c476f2a88:c1685]
2019-08-22 07:03:24,435 | INFO  | DNAudit | user=null | ip=null | op=WRITE_CHUNK {blockData=conID: 1 locID: 102659352018944465 bcsId: 0} | ret=SUCCESS |  
2019-08-22 07:03:24,435 | INFO  | DNAudit | user=null | ip=null | op=PUT_BLOCK {blockData=[blockId=conID: 1 locID: 102659352018944465 bcsId: 0,size=1048576]} | ret=SUCCESS |  
2019-08-22 07:03:24,435 | INFO  | DNAudit | user=null | ip=null | op=WRITE_CHUNK {blockData=conID: 1 locID: 102659352018944465 bcsId: 0} | ret=SUCCESS |  
2019-08-22 07:03:24,435 | INFO  | DNAudit | user=null | ip=null | op=PUT_BLOCK {blockData=[blockId=conID: 1 locID: 102659352018944465 bcsId: 0,size=1048576]} | ret=SUCCESS |  
2019-08-22 07:03:24,435 | INFO  | DNAudit | user=null | ip=null | op=WRITE_CHUNK {blockData=conID: 1 locID: 102659352018944465 bcsId: 0} | ret=SUCCESS |  
2019-08-22 07:03:24,436 | INFO  | DNAudit | user=null | ip=null | op=PUT_BLOCK {blockData=[blockId=conID: 1 locID: 102659352018944465 bcsId: 0,size=2097152]} | ret=SUCCESS |  
2019-08-22 07:03:24,436 [grpc-default-executor-3] INFO  client.GrpcClientProtocolClient (GrpcClientProtocolClient.java:onNext(255)) - client-CF63D631FA17->3cf1264f-5f6b-4138-aeee-2ff7d4522ead: receive RaftClientReply:client-CF63D631FA17->3cf1264f-5f6b-4138-aeee-2ff7d4522ead@group-561E16522154, cid=1215, SUCCESS, logIndex=0, commits[3cf1264f-5f6b-4138-aeee-2ff7d4522ead:c1691, 4f0d1a15-8f14-4d9a-ad4f-8211e1245b5d:c1688, 6999f20e-c3f7-4db4-87ca-141c476f2a88:c1688]
2019-08-22 07:03:24,438 | INFO  | DNAudit | user=null | ip=null | op=WRITE_CHUNK {blockData=conID: 1 locID: 102659352018944465 bcsId: 0} | ret=SUCCESS |  
2019-08-22 07:03:24,438 | INFO  | DNAudit | user=null | ip=null | op=PUT_BLOCK {blockData=[blockId=conID: 1 locID: 102659352018944465 bcsId: 0,size=2097152]} | ret=SUCCESS |  
2019-08-22 07:03:24,443 | INFO  | DNAudit | user=null | ip=null | op=WRITE_CHUNK {blockData=conID: 1 locID: 102659352018944465 bcsId: 1690} | ret=SUCCESS |  
2019-08-22 07:03:24,445 | INFO  | DNAudit | user=null | ip=null | op=WRITE_CHUNK {blockData=conID: 1 locID: 102659352018944465 bcsId: 1690} | ret=SUCCESS |  
2019-08-22 07:03:24,446 | INFO  | DNAudit | user=null | ip=null | op=WRITE_CHUNK {blockData=conID: 1 locID: 102659352018944465 bcsId: 1690} | ret=SUCCESS |  
2019-08-22 07:03:24,456 | INFO  | DNAudit | user=null | ip=null | op=WRITE_CHUNK {blockData=conID: 1 locID: 102659352018944465 bcsId: 1690} | ret=SUCCESS |  
2019-08-22 07:03:24,457 | INFO  | DNAudit | user=null | ip=null | op=PUT_BLOCK {blockData=[blockId=conID: 1 locID: 102659352018944465 bcsId: 0,size=3145728]} | ret=SUCCESS |  
2019-08-22 07:03:24,457 [grpc-default-executor-3] INFO  client.GrpcClientProtocolClient (GrpcClientProtocolClient.java:onNext(255)) - client-CF63D631FA17->3cf1264f-5f6b-4138-aeee-2ff7d4522ead: receive RaftClientReply:client-CF63D631FA17->3cf1264f-5f6b-4138-aeee-2ff7d4522ead@group-561E16522154, cid=1216, SUCCESS, logIndex=1695, commits[3cf1264f-5f6b-4138-aeee-2ff7d4522ead:c1696, 4f0d1a15-8f14-4d9a-ad4f-8211e1245b5d:c1694, 6999f20e-c3f7-4db4-87ca-141c476f2a88:c1694]
2019-08-22 07:03:24,457 [grpc-default-executor-3] INFO  client.GrpcClientProtocolClient (GrpcClientProtocolClient.java:onNext(255)) - client-CF63D631FA17->3cf1264f-5f6b-4138-aeee-2ff7d4522ead: receive RaftClientReply:client-CF63D631FA17->3cf1264f-5f6b-4138-aeee-2ff7d4522ead@group-561E16522154, cid=1217, SUCCESS, logIndex=1696, commits[3cf1264f-5f6b-4138-aeee-2ff7d4522ead:c1696, 4f0d1a15-8f14-4d9a-ad4f-8211e1245b5d:c1694, 6999f20e-c3f7-4db4-87ca-141c476f2a88:c1694]
2019-08-22 07:03:24,464 | INFO  | DNAudit | user=null | ip=null | op=WRITE_CHUNK {blockData=conID: 1 locID: 102659352018944465 bcsId: 1696} | ret=SUCCESS |  
2019-08-22 07:03:24,467 | INFO  | DNAudit | user=null | ip=null | op=WRITE_CHUNK {blockData=conID: 1 locID: 102659352018944465 bcsId: 1696} | ret=SUCCESS |  
2019-08-22 07:03:24,467 | INFO  | DNAudit | user=null | ip=null | op=WRITE_CHUNK {blockData=conID: 1 locID: 102659352018944465 bcsId: 1696} | ret=SUCCESS |  
2019-08-22 07:03:24,467 | INFO  | DNAudit | user=null | ip=null | op=WRITE_CHUNK {blockData=conID: 1 locID: 102659352018944465 bcsId: 1690} | ret=SUCCESS |  
2019-08-22 07:03:24,467 | INFO  | DNAudit | user=null | ip=null | op=WRITE_CHUNK {blockData=conID: 1 locID: 102659352018944465 bcsId: 1690} | ret=SUCCESS |  
2019-08-22 07:03:24,471 | INFO  | DNAudit | user=null | ip=null | op=PUT_BLOCK {blockData=[blockId=conID: 1 locID: 102659352018944465 bcsId: 0,size=3145728]} | ret=SUCCESS |  
2019-08-22 07:03:24,472 | INFO  | DNAudit | user=null | ip=null | op=WRITE_CHUNK {blockData=conID: 1 locID: 102659352018944465 bcsId: 1696} | ret=SUCCESS |  
2019-08-22 07:03:24,472 | INFO  | DNAudit | user=null | ip=null | op=PUT_BLOCK {blockData=[blockId=conID: 1 locID: 102659352018944465 bcsId: 0,size=4194304]} | ret=SUCCESS |  
2019-08-22 07:03:24,472 | INFO  | DNAudit | user=null | ip=null | op=PUT_BLOCK {blockData=[blockId=conID: 1 locID: 102659352018944465 bcsId: 0,size=3145728]} | ret=SUCCESS |  
2019-08-22 07:03:24,473 [grpc-default-executor-3] INFO  client.GrpcClientProtocolClient (GrpcClientProtocolClient.java:onNext(255)) - client-CF63D631FA17->3cf1264f-5f6b-4138-aeee-2ff7d4522ead: receive RaftClientReply:client-CF63D631FA17->3cf1264f-5f6b-4138-aeee-2ff7d4522ead@group-561E16522154, cid=1218, SUCCESS, logIndex=1699, commits[3cf1264f-5f6b-4138-aeee-2ff7d4522ead:c1700, 4f0d1a15-8f14-4d9a-ad4f-8211e1245b5d:c1696, 6999f20e-c3f7-4db4-87ca-141c476f2a88:c1695]
2019-08-22 07:03:24,473 [grpc-default-executor-3] INFO  client.GrpcClientProtocolClient (GrpcClientProtocolClient.java:onNext(255)) - client-CF63D631FA17->3cf1264f-5f6b-4138-aeee-2ff7d4522ead: receive RaftClientReply:client-CF63D631FA17->3cf1264f-5f6b-4138-aeee-2ff7d4522ead@group-561E16522154, cid=1219, SUCCESS, logIndex=1700, commits[3cf1264f-5f6b-4138-aeee-2ff7d4522ead:c1700, 4f0d1a15-8f14-4d9a-ad4f-8211e1245b5d:c1696, 6999f20e-c3f7-4db4-87ca-141c476f2a88:c1696]
2019-08-22 07:03:24,473 | INFO  | DNAudit | user=null | ip=null | op=WRITE_CHUNK {blockData=conID: 1 locID: 102659352018944465 bcsId: 1696} | ret=SUCCESS |  
2019-08-22 07:03:24,474 | INFO  | DNAudit | user=null | ip=null | op=PUT_BLOCK {blockData=[blockId=conID: 1 locID: 102659352018944465 bcsId: 0,size=4194304]} | ret=SUCCESS |  
2019-08-22 07:03:24,475 | INFO  | DNAudit | user=null | ip=null | op=WRITE_CHUNK {blockData=conID: 1 locID: 102659352018944465 bcsId: 1696} | ret=SUCCESS |  
2019-08-22 07:03:24,475 | INFO  | DNAudit | user=null | ip=null | op=PUT_BLOCK {blockData=[blockId=conID: 1 locID: 102659352018944465 bcsId: 0,size=4194304]} | ret=SUCCESS |  
2019-08-22 07:03:24,475 [grpc-default-executor-3] INFO  client.GrpcClientProtocolClient (GrpcClientProtocolClient.java:onNext(255)) - client-CF63D631FA17->3cf1264f-5f6b-4138-aeee-2ff7d4522ead: receive RaftClientReply:client-CF63D631FA17->3cf1264f-5f6b-4138-aeee-2ff7d4522ead@group-561E16522154, cid=1220, SUCCESS, logIndex=0, commits[3cf1264f-5f6b-4138-aeee-2ff7d4522ead:c1701, 4f0d1a15-8f14-4d9a-ad4f-8211e1245b5d:c1700, 6999f20e-c3f7-4db4-87ca-141c476f2a88:c1700]
2019-08-22 07:03:24,481 | INFO  | DNAudit | user=null | ip=null | op=WRITE_CHUNK {blockData=conID: 2 locID: 102659352018944466 bcsId: 0} | ret=SUCCESS |  
2019-08-22 07:03:24,483 | INFO  | DNAudit | user=null | ip=null | op=WRITE_CHUNK {blockData=conID: 2 locID: 102659352018944466 bcsId: 0} | ret=SUCCESS |  
2019-08-22 07:03:24,484 | INFO  | DNAudit | user=null | ip=null | op=WRITE_CHUNK {blockData=conID: 2 locID: 102659352018944466 bcsId: 0} | ret=SUCCESS |  
2019-08-22 07:03:24,485 | INFO  | DNAudit | user=null | ip=null | op=WRITE_CHUNK {blockData=conID: 2 locID: 102659352018944466 bcsId: 0} | ret=SUCCESS |  
2019-08-22 07:03:24,486 | INFO  | DNAudit | user=null | ip=null | op=WRITE_CHUNK {blockData=conID: 2 locID: 102659352018944466 bcsId: 0} | ret=SUCCESS |  
2019-08-22 07:03:24,486 | INFO  | DNAudit | user=null | ip=null | op=WRITE_CHUNK {blockData=conID: 2 locID: 102659352018944466 bcsId: 0} | ret=SUCCESS |  
2019-08-22 07:03:24,487 | INFO  | DNAudit | user=null | ip=null | op=WRITE_CHUNK {blockData=conID: 2 locID: 102659352018944466 bcsId: 0} | ret=SUCCESS |  
2019-08-22 07:03:24,487 | INFO  | DNAudit | user=null | ip=null | op=PUT_BLOCK {blockData=[blockId=conID: 2 locID: 102659352018944466 bcsId: 0,size=1048576]} | ret=SUCCESS |  
2019-08-22 07:03:24,488 [grpc-default-executor-0] INFO  client.GrpcClientProtocolClient (GrpcClientProtocolClient.java:onNext(255)) - client-CF63D631FA17->3cf1264f-5f6b-4138-aeee-2ff7d4522ead: receive RaftClientReply:client-CF63D631FA17->3cf1264f-5f6b-4138-aeee-2ff7d4522ead@group-561E16522154, cid=1221, SUCCESS, logIndex=1703, commits[3cf1264f-5f6b-4138-aeee-2ff7d4522ead:c1704, 4f0d1a15-8f14-4d9a-ad4f-8211e1245b5d:c1700, 6999f20e-c3f7-4db4-87ca-141c476f2a88:c1702]
2019-08-22 07:03:24,488 [grpc-default-executor-0] INFO  client.GrpcClientProtocolClient (GrpcClientProtocolClient.java:onNext(255)) - client-CF63D631FA17->3cf1264f-5f6b-4138-aeee-2ff7d4522ead: receive RaftClientReply:client-CF63D631FA17->3cf1264f-5f6b-4138-aeee-2ff7d4522ead@group-561E16522154, cid=1222, SUCCESS, logIndex=1704, commits[3cf1264f-5f6b-4138-aeee-2ff7d4522ead:c1704, 4f0d1a15-8f14-4d9a-ad4f-8211e1245b5d:c1700, 6999f20e-c3f7-4db4-87ca-141c476f2a88:c1702]
2019-08-22 07:03:24,498 | INFO  | DNAudit | user=null | ip=null | op=WRITE_CHUNK {blockData=conID: 2 locID: 102659352018944466 bcsId: 0} | ret=SUCCESS |  
2019-08-22 07:03:24,498 | INFO  | DNAudit | user=null | ip=null | op=PUT_BLOCK {blockData=[blockId=conID: 2 locID: 102659352018944466 bcsId: 0,size=2097152]} | ret=SUCCESS |  
2019-08-22 07:03:24,498 [grpc-default-executor-0] INFO  client.GrpcClientProtocolClient (GrpcClientProtocolClient.java:onNext(255)) - client-CF63D631FA17->3cf1264f-5f6b-4138-aeee-2ff7d4522ead: receive RaftClientReply:client-CF63D631FA17->3cf1264f-5f6b-4138-aeee-2ff7d4522ead@group-561E16522154, cid=1223, SUCCESS, logIndex=1705, commits[3cf1264f-5f6b-4138-aeee-2ff7d4522ead:c1706, 4f0d1a15-8f14-4d9a-ad4f-8211e1245b5d:c1702, 6999f20e-c3f7-4db4-87ca-141c476f2a88:c1702]
2019-08-22 07:03:24,499 [grpc-default-executor-0] INFO  client.GrpcClientProtocolClient (GrpcClientProtocolClient.java:onNext(255)) - client-CF63D631FA17->3cf1264f-5f6b-4138-aeee-2ff7d4522ead: receive RaftClientReply:client-CF63D631FA17->3cf1264f-5f6b-4138-aeee-2ff7d4522ead@group-561E16522154, cid=1224, SUCCESS, logIndex=1706, commits[3cf1264f-5f6b-4138-aeee-2ff7d4522ead:c1706, 4f0d1a15-8f14-4d9a-ad4f-8211e1245b5d:c1702, 6999f20e-c3f7-4db4-87ca-141c476f2a88:c1702]
2019-08-22 07:03:24,508 | INFO  | DNAudit | user=null | ip=null | op=WRITE_CHUNK {blockData=conID: 2 locID: 102659352018944466 bcsId: 0} | ret=SUCCESS |  
2019-08-22 07:03:24,509 | INFO  | DNAudit | user=null | ip=null | op=WRITE_CHUNK {blockData=conID: 2 locID: 102659352018944466 bcsId: 0} | ret=SUCCESS |  
2019-08-22 07:03:24,509 | INFO  | DNAudit | user=null | ip=null | op=PUT_BLOCK {blockData=[blockId=conID: 2 locID: 102659352018944466 bcsId: 0,size=1048576]} | ret=SUCCESS |  
2019-08-22 07:03:24,509 | INFO  | DNAudit | user=null | ip=null | op=PUT_BLOCK {blockData=[blockId=conID: 2 locID: 102659352018944466 bcsId: 0,size=1048576]} | ret=SUCCESS |  
2019-08-22 07:03:24,509 | INFO  | DNAudit | user=null | ip=null | op=WRITE_CHUNK {blockData=conID: 2 locID: 102659352018944466 bcsId: 0} | ret=SUCCESS |  
2019-08-22 07:03:24,510 | INFO  | DNAudit | user=null | ip=null | op=PUT_BLOCK {blockData=[blockId=conID: 2 locID: 102659352018944466 bcsId: 0,size=2097152]} | ret=SUCCESS |  
2019-08-22 07:03:24,510 [grpc-default-executor-0] INFO  client.GrpcClientProtocolClient (GrpcClientProtocolClient.java:onNext(255)) - client-CF63D631FA17->3cf1264f-5f6b-4138-aeee-2ff7d4522ead: receive RaftClientReply:client-CF63D631FA17->3cf1264f-5f6b-4138-aeee-2ff7d4522ead@group-561E16522154, cid=1225, SUCCESS, logIndex=0, commits[3cf1264f-5f6b-4138-aeee-2ff7d4522ead:c1708, 4f0d1a15-8f14-4d9a-ad4f-8211e1245b5d:c1704, 6999f20e-c3f7-4db4-87ca-141c476f2a88:c1704]
2019-08-22 07:03:24,510 | INFO  | DNAudit | user=null | ip=null | op=WRITE_CHUNK {blockData=conID: 2 locID: 102659352018944466 bcsId: 0} | ret=SUCCESS |  
2019-08-22 07:03:24,511 | INFO  | DNAudit | user=null | ip=null | op=PUT_BLOCK {blockData=[blockId=conID: 2 locID: 102659352018944466 bcsId: 0,size=2097152]} | ret=SUCCESS |  
2019-08-22 07:03:24,517 | INFO  | DNAudit | user=null | ip=null | op=WRITE_CHUNK {blockData=conID: 2 locID: 102659352018944466 bcsId: 1706} | ret=SUCCESS |  
2019-08-22 07:03:24,521 | INFO  | DNAudit | user=null | ip=null | op=WRITE_CHUNK {blockData=conID: 2 locID: 102659352018944466 bcsId: 1706} | ret=SUCCESS |  
2019-08-22 07:03:24,521 | INFO  | DNAudit | user=null | ip=null | op=WRITE_CHUNK {blockData=conID: 2 locID: 102659352018944466 bcsId: 1706} | ret=SUCCESS |  
2019-08-22 07:03:24,530 | INFO  | DNAudit | user=null | ip=null | op=WRITE_CHUNK {blockData=conID: 2 locID: 102659352018944466 bcsId: 1706} | ret=SUCCESS |  
2019-08-22 07:03:24,531 | INFO  | DNAudit | user=null | ip=null | op=PUT_BLOCK {blockData=[blockId=conID: 2 locID: 102659352018944466 bcsId: 0,size=3145728]} | ret=SUCCESS |  
2019-08-22 07:03:24,531 [grpc-default-executor-0] INFO  client.GrpcClientProtocolClient (GrpcClientProtocolClient.java:onNext(255)) - client-CF63D631FA17->3cf1264f-5f6b-4138-aeee-2ff7d4522ead: receive RaftClientReply:client-CF63D631FA17->3cf1264f-5f6b-4138-aeee-2ff7d4522ead@group-561E16522154, cid=1226, SUCCESS, logIndex=1711, commits[3cf1264f-5f6b-4138-aeee-2ff7d4522ead:c1712, 4f0d1a15-8f14-4d9a-ad4f-8211e1245b5d:c1710, 6999f20e-c3f7-4db4-87ca-141c476f2a88:c1710]
2019-08-22 07:03:24,531 [grpc-default-executor-0] INFO  client.GrpcClientProtocolClient (GrpcClientProtocolClient.java:onNext(255)) - client-CF63D631FA17->3cf1264f-5f6b-4138-aeee-2ff7d4522ead: receive RaftClientReply:client-CF63D631FA17->3cf1264f-5f6b-4138-aeee-2ff7d4522ead@group-561E16522154, cid=1227, SUCCESS, logIndex=1712, commits[3cf1264f-5f6b-4138-aeee-2ff7d4522ead:c1712, 4f0d1a15-8f14-4d9a-ad4f-8211e1245b5d:c1710, 6999f20e-c3f7-4db4-87ca-141c476f2a88:c1710]
2019-08-22 07:03:24,532 | INFO  | DNAudit | user=null | ip=null | op=WRITE_CHUNK {blockData=conID: 2 locID: 102659352018944466 bcsId: 1706} | ret=SUCCESS |  
2019-08-22 07:03:24,532 | INFO  | DNAudit | user=null | ip=null | op=WRITE_CHUNK {blockData=conID: 2 locID: 102659352018944466 bcsId: 1706} | ret=SUCCESS |  
2019-08-22 07:03:24,532 | INFO  | DNAudit | user=null | ip=null | op=PUT_BLOCK {blockData=[blockId=conID: 2 locID: 102659352018944466 bcsId: 0,size=3145728]} | ret=SUCCESS |  
2019-08-22 07:03:24,532 | INFO  | DNAudit | user=null | ip=null | op=PUT_BLOCK {blockData=[blockId=conID: 2 locID: 102659352018944466 bcsId: 0,size=3145728]} | ret=SUCCESS |  
2019-08-22 07:03:24,537 | INFO  | DNAudit | user=null | ip=null | op=WRITE_CHUNK {blockData=conID: 2 locID: 102659352018944466 bcsId: 1712} | ret=SUCCESS |  
2019-08-22 07:03:24,540 | INFO  | DNAudit | user=null | ip=null | op=WRITE_CHUNK {blockData=conID: 2 locID: 102659352018944466 bcsId: 1712} | ret=SUCCESS |  
2019-08-22 07:03:24,540 | INFO  | DNAudit | user=null | ip=null | op=WRITE_CHUNK {blockData=conID: 2 locID: 102659352018944466 bcsId: 1712} | ret=SUCCESS |  
2019-08-22 07:03:24,542 | INFO  | DNAudit | user=null | ip=null | op=WRITE_CHUNK {blockData=conID: 2 locID: 102659352018944466 bcsId: 1712} | ret=SUCCESS |  
2019-08-22 07:03:24,542 | INFO  | DNAudit | user=null | ip=null | op=PUT_BLOCK {blockData=[blockId=conID: 2 locID: 102659352018944466 bcsId: 0,size=4194304]} | ret=SUCCESS |  
2019-08-22 07:03:24,543 [grpc-default-executor-5] INFO  client.GrpcClientProtocolClient (GrpcClientProtocolClient.java:onNext(255)) - client-CF63D631FA17->3cf1264f-5f6b-4138-aeee-2ff7d4522ead: receive RaftClientReply:client-CF63D631FA17->3cf1264f-5f6b-4138-aeee-2ff7d4522ead@group-561E16522154, cid=1228, SUCCESS, logIndex=1715, commits[3cf1264f-5f6b-4138-aeee-2ff7d4522ead:c1716, 4f0d1a15-8f14-4d9a-ad4f-8211e1245b5d:c1714, 6999f20e-c3f7-4db4-87ca-141c476f2a88:c1712]
2019-08-22 07:03:24,543 [grpc-default-executor-5] INFO  client.GrpcClientProtocolClient (GrpcClientProtocolClient.java:onNext(255)) - client-CF63D631FA17->3cf1264f-5f6b-4138-aeee-2ff7d4522ead: receive RaftClientReply:client-CF63D631FA17->3cf1264f-5f6b-4138-aeee-2ff7d4522ead@group-561E16522154, cid=1229, SUCCESS, logIndex=1716, commits[3cf1264f-5f6b-4138-aeee-2ff7d4522ead:c1716, 4f0d1a15-8f14-4d9a-ad4f-8211e1245b5d:c1714, 6999f20e-c3f7-4db4-87ca-141c476f2a88:c1714]
2019-08-22 07:03:24,544 | INFO  | DNAudit | user=null | ip=null | op=WRITE_CHUNK {blockData=conID: 2 locID: 102659352018944466 bcsId: 1712} | ret=SUCCESS |  
2019-08-22 07:03:24,544 | INFO  | DNAudit | user=null | ip=null | op=WRITE_CHUNK {blockData=conID: 2 locID: 102659352018944466 bcsId: 1712} | ret=SUCCESS |  
2019-08-22 07:03:24,544 | INFO  | DNAudit | user=null | ip=null | op=PUT_BLOCK {blockData=[blockId=conID: 2 locID: 102659352018944466 bcsId: 0,size=4194304]} | ret=SUCCESS |  
2019-08-22 07:03:24,544 | INFO  | DNAudit | user=null | ip=null | op=PUT_BLOCK {blockData=[blockId=conID: 2 locID: 102659352018944466 bcsId: 0,size=4194304]} | ret=SUCCESS |  
2019-08-22 07:03:24,544 [grpc-default-executor-5] INFO  client.GrpcClientProtocolClient (GrpcClientProtocolClient.java:onNext(255)) - client-CF63D631FA17->3cf1264f-5f6b-4138-aeee-2ff7d4522ead: receive RaftClientReply:client-CF63D631FA17->3cf1264f-5f6b-4138-aeee-2ff7d4522ead@group-561E16522154, cid=1230, SUCCESS, logIndex=0, commits[3cf1264f-5f6b-4138-aeee-2ff7d4522ead:c1717, 4f0d1a15-8f14-4d9a-ad4f-8211e1245b5d:c1716, 6999f20e-c3f7-4db4-87ca-141c476f2a88:c1716]
2019-08-22 07:03:24,559 | INFO  | SCMAudit | user=jenkins1000 | ip=192.168.34.31 | op=ALLOCATE_BLOCK {owner=04b6d46a-98e2-41b1-9f38-1870289993ea, size=4194304, type=RATIS, factor=THREE} | ret=SUCCESS |  
2019-08-22 07:03:24,562 | INFO  | OMAudit | user=jenkins1000 | ip=127.0.0.1 | op=ALLOCATE_BLOCK {volume=vol-0-14906, bucket=bucket-0-53153, key=key-0-33222, dataSize=0, replicationType=null, replicationFactor=null, keyLocationInfo=null, clientID=102659352017764754} | ret=SUCCESS |  
2019-08-22 07:03:24,569 | INFO  | DNAudit | user=null | ip=null | op=WRITE_CHUNK {blockData=conID: 3 locID: 102659352465113555 bcsId: 0} | ret=SUCCESS |  
2019-08-22 07:03:24,572 | INFO  | DNAudit | user=null | ip=null | op=WRITE_CHUNK {blockData=conID: 3 locID: 102659352465113555 bcsId: 0} | ret=SUCCESS |  
2019-08-22 07:03:24,573 | INFO  | DNAudit | user=null | ip=null | op=WRITE_CHUNK {blockData=conID: 3 locID: 102659352465113555 bcsId: 0} | ret=SUCCESS |  
2019-08-22 07:03:24,573 | INFO  | DNAudit | user=null | ip=null | op=WRITE_CHUNK {blockData=conID: 3 locID: 102659352465113555 bcsId: 0} | ret=SUCCESS |  
2019-08-22 07:03:24,575 | INFO  | DNAudit | user=null | ip=null | op=WRITE_CHUNK {blockData=conID: 3 locID: 102659352465113555 bcsId: 0} | ret=SUCCESS |  
2019-08-22 07:03:24,575 | INFO  | DNAudit | user=null | ip=null | op=WRITE_CHUNK {blockData=conID: 3 locID: 102659352465113555 bcsId: 0} | ret=SUCCESS |  
2019-08-22 07:03:24,575 | INFO  | DNAudit | user=null | ip=null | op=WRITE_CHUNK {blockData=conID: 3 locID: 102659352465113555 bcsId: 0} | ret=SUCCESS |  
2019-08-22 07:03:24,576 | INFO  | DNAudit | user=null | ip=null | op=PUT_BLOCK {blockData=[blockId=conID: 3 locID: 102659352465113555 bcsId: 0,size=1048576]} | ret=SUCCESS |  
2019-08-22 07:03:24,576 [grpc-default-executor-3] INFO  client.GrpcClientProtocolClient (GrpcClientProtocolClient.java:onNext(255)) - client-CF63D631FA17->3cf1264f-5f6b-4138-aeee-2ff7d4522ead: receive RaftClientReply:client-CF63D631FA17->3cf1264f-5f6b-4138-aeee-2ff7d4522ead@group-561E16522154, cid=1231, SUCCESS, logIndex=1718, commits[3cf1264f-5f6b-4138-aeee-2ff7d4522ead:c1719, 4f0d1a15-8f14-4d9a-ad4f-8211e1245b5d:c1717, 6999f20e-c3f7-4db4-87ca-141c476f2a88:c1717]
2019-08-22 07:03:24,577 [grpc-default-executor-3] INFO  client.GrpcClientProtocolClient (GrpcClientProtocolClient.java:onNext(255)) - client-CF63D631FA17->3cf1264f-5f6b-4138-aeee-2ff7d4522ead: receive RaftClientReply:client-CF63D631FA17->3cf1264f-5f6b-4138-aeee-2ff7d4522ead@group-561E16522154, cid=1232, SUCCESS, logIndex=1719, commits[3cf1264f-5f6b-4138-aeee-2ff7d4522ead:c1719, 4f0d1a15-8f14-4d9a-ad4f-8211e1245b5d:c1717, 6999f20e-c3f7-4db4-87ca-141c476f2a88:c1717]
2019-08-22 07:03:24,577 | INFO  | DNAudit | user=null | ip=null | op=WRITE_CHUNK {blockData=conID: 3 locID: 102659352465113555 bcsId: 0} | ret=SUCCESS |  
2019-08-22 07:03:24,577 | INFO  | DNAudit | user=null | ip=null | op=WRITE_CHUNK {blockData=conID: 3 locID: 102659352465113555 bcsId: 0} | ret=SUCCESS |  
2019-08-22 07:03:24,577 | INFO  | DNAudit | user=null | ip=null | op=PUT_BLOCK {blockData=[blockId=conID: 3 locID: 102659352465113555 bcsId: 0,size=2097152]} | ret=SUCCESS |  
2019-08-22 07:03:24,578 [grpc-default-executor-0] INFO  client.GrpcClientProtocolClient (GrpcClientProtocolClient.java:onNext(255)) - client-CF63D631FA17->3cf1264f-5f6b-4138-aeee-2ff7d4522ead: receive RaftClientReply:client-CF63D631FA17->3cf1264f-5f6b-4138-aeee-2ff7d4522ead@group-561E16522154, cid=1233, SUCCESS, logIndex=1720, commits[3cf1264f-5f6b-4138-aeee-2ff7d4522ead:c1721, 4f0d1a15-8f14-4d9a-ad4f-8211e1245b5d:c1717, 6999f20e-c3f7-4db4-87ca-141c476f2a88:c1717]
2019-08-22 07:03:24,578 | INFO  | DNAudit | user=null | ip=null | op=WRITE_CHUNK {blockData=conID: 3 locID: 102659352465113555 bcsId: 0} | ret=SUCCESS |  
2019-08-22 07:03:24,578 | INFO  | DNAudit | user=null | ip=null | op=PUT_BLOCK {blockData=[blockId=conID: 3 locID: 102659352465113555 bcsId: 0,size=1048576]} | ret=SUCCESS |  
2019-08-22 07:03:24,578 | INFO  | DNAudit | user=null | ip=null | op=PUT_BLOCK {blockData=[blockId=conID: 3 locID: 102659352465113555 bcsId: 0,size=1048576]} | ret=SUCCESS |  
2019-08-22 07:03:24,578 [grpc-default-executor-0] INFO  client.GrpcClientProtocolClient (GrpcClientProtocolClient.java:onNext(255)) - client-CF63D631FA17->3cf1264f-5f6b-4138-aeee-2ff7d4522ead: receive RaftClientReply:client-CF63D631FA17->3cf1264f-5f6b-4138-aeee-2ff7d4522ead@group-561E16522154, cid=1234, SUCCESS, logIndex=1721, commits[3cf1264f-5f6b-4138-aeee-2ff7d4522ead:c1722, 4f0d1a15-8f14-4d9a-ad4f-8211e1245b5d:c1717, 6999f20e-c3f7-4db4-87ca-141c476f2a88:c1718]
2019-08-22 07:03:24,579 | INFO  | DNAudit | user=null | ip=null | op=WRITE_CHUNK {blockData=conID: 3 locID: 102659352465113555 bcsId: 0} | ret=SUCCESS |  
2019-08-22 07:03:24,579 | INFO  | DNAudit | user=null | ip=null | op=PUT_BLOCK {blockData=[blockId=conID: 3 locID: 102659352465113555 bcsId: 0,size=2097152]} | ret=SUCCESS |  
2019-08-22 07:03:24,579 [grpc-default-executor-0] INFO  client.GrpcClientProtocolClient (GrpcClientProtocolClient.java:onNext(255)) - client-CF63D631FA17->3cf1264f-5f6b-4138-aeee-2ff7d4522ead: receive RaftClientReply:client-CF63D631FA17->3cf1264f-5f6b-4138-aeee-2ff7d4522ead@group-561E16522154, cid=1235, SUCCESS, logIndex=0, commits[3cf1264f-5f6b-4138-aeee-2ff7d4522ead:c1723, 4f0d1a15-8f14-4d9a-ad4f-8211e1245b5d:c1719, 6999f20e-c3f7-4db4-87ca-141c476f2a88:c1719]
2019-08-22 07:03:24,580 | INFO  | DNAudit | user=null | ip=null | op=WRITE_CHUNK {blockData=conID: 3 locID: 102659352465113555 bcsId: 0} | ret=SUCCESS |  
2019-08-22 07:03:24,580 | INFO  | DNAudit | user=null | ip=null | op=PUT_BLOCK {blockData=[blockId=conID: 3 locID: 102659352465113555 bcsId: 0,size=2097152]} | ret=SUCCESS |  
2019-08-22 07:03:24,581 | INFO  | SCMAudit | user=jenkins1000 | ip=192.168.34.31 | op=SEND_HEARTBEAT {datanodeUUID=6ab6b5dd-7582-43bd-ad39-1af51ca14a47, command=[]} | ret=SUCCESS |  
2019-08-22 07:03:24,586 | INFO  | DNAudit | user=null | ip=null | op=WRITE_CHUNK {blockData=conID: 3 locID: 102659352465113555 bcsId: 1721} | ret=SUCCESS |  
2019-08-22 07:03:24,588 | INFO  | DNAudit | user=null | ip=null | op=WRITE_CHUNK {blockData=conID: 3 locID: 102659352465113555 bcsId: 1721} | ret=SUCCESS |  
2019-08-22 07:03:24,588 | INFO  | DNAudit | user=null | ip=null | op=WRITE_CHUNK {blockData=conID: 3 locID: 102659352465113555 bcsId: 1721} | ret=SUCCESS |  
2019-08-22 07:03:24,590 | INFO  | DNAudit | user=null | ip=null | op=WRITE_CHUNK {blockData=conID: 3 locID: 102659352465113555 bcsId: 1721} | ret=SUCCESS |  
2019-08-22 07:03:24,591 | INFO  | DNAudit | user=null | ip=null | op=PUT_BLOCK {blockData=[blockId=conID: 3 locID: 102659352465113555 bcsId: 0,size=3145728]} | ret=SUCCESS |  
2019-08-22 07:03:24,591 [grpc-default-executor-0] INFO  client.GrpcClientProtocolClient (GrpcClientProtocolClient.java:onNext(255)) - client-CF63D631FA17->3cf1264f-5f6b-4138-aeee-2ff7d4522ead: receive RaftClientReply:client-CF63D631FA17->3cf1264f-5f6b-4138-aeee-2ff7d4522ead@group-561E16522154, cid=1236, SUCCESS, logIndex=1726, commits[3cf1264f-5f6b-4138-aeee-2ff7d4522ead:c1727, 4f0d1a15-8f14-4d9a-ad4f-8211e1245b5d:c1725, 6999f20e-c3f7-4db4-87ca-141c476f2a88:c1725]
2019-08-22 07:03:24,591 [grpc-default-executor-0] INFO  client.GrpcClientProtocolClient (GrpcClientProtocolClient.java:onNext(255)) - client-CF63D631FA17->3cf1264f-5f6b-4138-aeee-2ff7d4522ead: receive RaftClientReply:client-CF63D631FA17->3cf1264f-5f6b-4138-aeee-2ff7d4522ead@group-561E16522154, cid=1237, SUCCESS, logIndex=1727, commits[3cf1264f-5f6b-4138-aeee-2ff7d4522ead:c1727, 4f0d1a15-8f14-4d9a-ad4f-8211e1245b5d:c1725, 6999f20e-c3f7-4db4-87ca-141c476f2a88:c1725]
2019-08-22 07:03:24,592 | INFO  | DNAudit | user=null | ip=null | op=WRITE_CHUNK {blockData=conID: 3 locID: 102659352465113555 bcsId: 1721} | ret=SUCCESS |  
2019-08-22 07:03:24,592 | INFO  | DNAudit | user=null | ip=null | op=WRITE_CHUNK {blockData=conID: 3 locID: 102659352465113555 bcsId: 1721} | ret=SUCCESS |  
2019-08-22 07:03:24,592 | INFO  | DNAudit | user=null | ip=null | op=PUT_BLOCK {blockData=[blockId=conID: 3 locID: 102659352465113555 bcsId: 0,size=3145728]} | ret=SUCCESS |  
2019-08-22 07:03:24,592 | INFO  | DNAudit | user=null | ip=null | op=PUT_BLOCK {blockData=[blockId=conID: 3 locID: 102659352465113555 bcsId: 0,size=3145728]} | ret=SUCCESS |  
2019-08-22 07:03:24,598 | INFO  | DNAudit | user=null | ip=null | op=WRITE_CHUNK {blockData=conID: 3 locID: 102659352465113555 bcsId: 1727} | ret=SUCCESS |  
2019-08-22 07:03:24,600 | INFO  | DNAudit | user=null | ip=null | op=WRITE_CHUNK {blockData=conID: 3 locID: 102659352465113555 bcsId: 1727} | ret=SUCCESS |  
2019-08-22 07:03:24,601 | INFO  | DNAudit | user=null | ip=null | op=WRITE_CHUNK {blockData=conID: 3 locID: 102659352465113555 bcsId: 1727} | ret=SUCCESS |  
2019-08-22 07:03:24,634 | INFO  | DNAudit | user=null | ip=null | op=WRITE_CHUNK {blockData=conID: 3 locID: 102659352465113555 bcsId: 1727} | ret=SUCCESS |  
2019-08-22 07:03:24,634 | INFO  | DNAudit | user=null | ip=null | op=PUT_BLOCK {blockData=[blockId=conID: 3 locID: 102659352465113555 bcsId: 0,size=4194304]} | ret=SUCCESS |  
2019-08-22 07:03:24,635 [grpc-default-executor-0] INFO  client.GrpcClientProtocolClient (GrpcClientProtocolClient.java:onNext(255)) - client-CF63D631FA17->3cf1264f-5f6b-4138-aeee-2ff7d4522ead: receive RaftClientReply:client-CF63D631FA17->3cf1264f-5f6b-4138-aeee-2ff7d4522ead@group-561E16522154, cid=1238, SUCCESS, logIndex=1730, commits[3cf1264f-5f6b-4138-aeee-2ff7d4522ead:c1731, 4f0d1a15-8f14-4d9a-ad4f-8211e1245b5d:c1729, 6999f20e-c3f7-4db4-87ca-141c476f2a88:c1729]
2019-08-22 07:03:24,635 [grpc-default-executor-0] INFO  client.GrpcClientProtocolClient (GrpcClientProtocolClient.java:onNext(255)) - client-CF63D631FA17->3cf1264f-5f6b-4138-aeee-2ff7d4522ead: receive RaftClientReply:client-CF63D631FA17->3cf1264f-5f6b-4138-aeee-2ff7d4522ead@group-561E16522154, cid=1239, SUCCESS, logIndex=1731, commits[3cf1264f-5f6b-4138-aeee-2ff7d4522ead:c1731, 4f0d1a15-8f14-4d9a-ad4f-8211e1245b5d:c1729, 6999f20e-c3f7-4db4-87ca-141c476f2a88:c1729]
2019-08-22 07:03:24,645 | INFO  | DNAudit | user=null | ip=null | op=WRITE_CHUNK {blockData=conID: 3 locID: 102659352465113555 bcsId: 1727} | ret=SUCCESS |  
2019-08-22 07:03:24,645 | INFO  | DNAudit | user=null | ip=null | op=WRITE_CHUNK {blockData=conID: 3 locID: 102659352465113555 bcsId: 1727} | ret=SUCCESS |  
2019-08-22 07:03:24,645 | INFO  | DNAudit | user=null | ip=null | op=PUT_BLOCK {blockData=[blockId=conID: 3 locID: 102659352465113555 bcsId: 0,size=4194304]} | ret=SUCCESS |  
2019-08-22 07:03:24,645 | INFO  | DNAudit | user=null | ip=null | op=PUT_BLOCK {blockData=[blockId=conID: 3 locID: 102659352465113555 bcsId: 0,size=4194304]} | ret=SUCCESS |  
2019-08-22 07:03:24,645 [grpc-default-executor-0] INFO  client.GrpcClientProtocolClient (GrpcClientProtocolClient.java:onNext(255)) - client-CF63D631FA17->3cf1264f-5f6b-4138-aeee-2ff7d4522ead: receive RaftClientReply:client-CF63D631FA17->3cf1264f-5f6b-4138-aeee-2ff7d4522ead@group-561E16522154, cid=1240, SUCCESS, logIndex=0, commits[3cf1264f-5f6b-4138-aeee-2ff7d4522ead:c1732, 4f0d1a15-8f14-4d9a-ad4f-8211e1245b5d:c1731, 6999f20e-c3f7-4db4-87ca-141c476f2a88:c1731]
2019-08-22 07:03:24,652 | INFO  | SCMAudit | user=jenkins1000 | ip=192.168.34.31 | op=ALLOCATE_BLOCK {owner=04b6d46a-98e2-41b1-9f38-1870289993ea, size=4194304, type=RATIS, factor=THREE} | ret=SUCCESS |  
2019-08-22 07:03:24,658 | INFO  | OMAudit | user=jenkins1000 | ip=127.0.0.1 | op=ALLOCATE_BLOCK {volume=vol-0-14906, bucket=bucket-0-53153, key=key-0-33222, dataSize=0, replicationType=null, replicationFactor=null, keyLocationInfo=null, clientID=102659352017764754} | ret=SUCCESS |  
2019-08-22 07:03:24,667 | INFO  | DNAudit | user=null | ip=null | op=WRITE_CHUNK {blockData=conID: 1 locID: 102659352471273940 bcsId: 0} | ret=SUCCESS |  
2019-08-22 07:03:24,670 | INFO  | DNAudit | user=null | ip=null | op=WRITE_CHUNK {blockData=conID: 1 locID: 102659352471273940 bcsId: 0} | ret=SUCCESS |  
2019-08-22 07:03:24,670 | INFO  | DNAudit | user=null | ip=null | op=WRITE_CHUNK {blockData=conID: 1 locID: 102659352471273940 bcsId: 0} | ret=SUCCESS |  
2019-08-22 07:03:24,670 | INFO  | DNAudit | user=null | ip=null | op=WRITE_CHUNK {blockData=conID: 1 locID: 102659352471273940 bcsId: 0} | ret=SUCCESS |  
2019-08-22 07:03:24,672 | INFO  | DNAudit | user=null | ip=null | op=WRITE_CHUNK {blockData=conID: 1 locID: 102659352471273940 bcsId: 0} | ret=SUCCESS |  
2019-08-22 07:03:24,672 | INFO  | DNAudit | user=null | ip=null | op=WRITE_CHUNK {blockData=conID: 1 locID: 102659352471273940 bcsId: 0} | ret=SUCCESS |  
2019-08-22 07:03:24,680 | INFO  | DNAudit | user=null | ip=null | op=WRITE_CHUNK {blockData=conID: 1 locID: 102659352471273940 bcsId: 0} | ret=SUCCESS |  
2019-08-22 07:03:24,680 | INFO  | DNAudit | user=null | ip=null | op=PUT_BLOCK {blockData=[blockId=conID: 1 locID: 102659352471273940 bcsId: 0,size=1048576]} | ret=SUCCESS |  
2019-08-22 07:03:24,681 [grpc-default-executor-3] INFO  client.GrpcClientProtocolClient (GrpcClientProtocolClient.java:onNext(255)) - client-CF63D631FA17->3cf1264f-5f6b-4138-aeee-2ff7d4522ead: receive RaftClientReply:client-CF63D631FA17->3cf1264f-5f6b-4138-aeee-2ff7d4522ead@group-561E16522154, cid=1241, SUCCESS, logIndex=1734, commits[3cf1264f-5f6b-4138-aeee-2ff7d4522ead:c1735, 4f0d1a15-8f14-4d9a-ad4f-8211e1245b5d:c1733, 6999f20e-c3f7-4db4-87ca-141c476f2a88:c1733]
2019-08-22 07:03:24,681 | INFO  | DNAudit | user=null | ip=null | op=WRITE_CHUNK {blockData=conID: 1 locID: 102659352471273940 bcsId: 0} | ret=SUCCESS |  
2019-08-22 07:03:24,681 | INFO  | DNAudit | user=null | ip=null | op=WRITE_CHUNK {blockData=conID: 1 locID: 102659352471273940 bcsId: 0} | ret=SUCCESS |  
2019-08-22 07:03:24,681 [grpc-default-executor-3] INFO  client.GrpcClientProtocolClient (GrpcClientProtocolClient.java:onNext(255)) - client-CF63D631FA17->3cf1264f-5f6b-4138-aeee-2ff7d4522ead: receive RaftClientReply:client-CF63D631FA17->3cf1264f-5f6b-4138-aeee-2ff7d4522ead@group-561E16522154, cid=1242, SUCCESS, logIndex=1735, commits[3cf1264f-5f6b-4138-aeee-2ff7d4522ead:c1737, 4f0d1a15-8f14-4d9a-ad4f-8211e1245b5d:c1733, 6999f20e-c3f7-4db4-87ca-141c476f2a88:c1733]
2019-08-22 07:03:24,682 | INFO  | DNAudit | user=null | ip=null | op=PUT_BLOCK {blockData=[blockId=conID: 1 locID: 102659352471273940 bcsId: 0,size=2097152]} | ret=SUCCESS |  
2019-08-22 07:03:24,682 | INFO  | DNAudit | user=null | ip=null | op=PUT_BLOCK {blockData=[blockId=conID: 1 locID: 102659352471273940 bcsId: 0,size=1048576]} | ret=SUCCESS |  
2019-08-22 07:03:24,682 [grpc-default-executor-3] INFO  client.GrpcClientProtocolClient (GrpcClientProtocolClient.java:onNext(255)) - client-CF63D631FA17->3cf1264f-5f6b-4138-aeee-2ff7d4522ead: receive RaftClientReply:client-CF63D631FA17->3cf1264f-5f6b-4138-aeee-2ff7d4522ead@group-561E16522154, cid=1243, SUCCESS, logIndex=1736, commits[3cf1264f-5f6b-4138-aeee-2ff7d4522ead:c1737, 4f0d1a15-8f14-4d9a-ad4f-8211e1245b5d:c1733, 6999f20e-c3f7-4db4-87ca-141c476f2a88:c1733]
2019-08-22 07:03:24,682 | INFO  | DNAudit | user=null | ip=null | op=WRITE_CHUNK {blockData=conID: 1 locID: 102659352471273940 bcsId: 0} | ret=SUCCESS |  
2019-08-22 07:03:24,682 [grpc-default-executor-0] INFO  client.GrpcClientProtocolClient (GrpcClientProtocolClient.java:onNext(255)) - client-CF63D631FA17->3cf1264f-5f6b-4138-aeee-2ff7d4522ead: receive RaftClientReply:client-CF63D631FA17->3cf1264f-5f6b-4138-aeee-2ff7d4522ead@group-561E16522154, cid=1244, SUCCESS, logIndex=1737, commits[3cf1264f-5f6b-4138-aeee-2ff7d4522ead:c1739, 4f0d1a15-8f14-4d9a-ad4f-8211e1245b5d:c1733, 6999f20e-c3f7-4db4-87ca-141c476f2a88:c1735]
2019-08-22 07:03:24,682 | INFO  | DNAudit | user=null | ip=null | op=PUT_BLOCK {blockData=[blockId=conID: 1 locID: 102659352471273940 bcsId: 0,size=1048576]} | ret=SUCCESS |  
2019-08-22 07:03:24,683 | INFO  | DNAudit | user=null | ip=null | op=WRITE_CHUNK {blockData=conID: 1 locID: 102659352471273940 bcsId: 0} | ret=SUCCESS |  
2019-08-22 07:03:24,683 | INFO  | DNAudit | user=null | ip=null | op=PUT_BLOCK {blockData=[blockId=conID: 1 locID: 102659352471273940 bcsId: 0,size=2097152]} | ret=SUCCESS |  
2019-08-22 07:03:24,683 | INFO  | DNAudit | user=null | ip=null | op=WRITE_CHUNK {blockData=conID: 1 locID: 102659352471273940 bcsId: 0} | ret=SUCCESS |  
2019-08-22 07:03:24,683 | INFO  | DNAudit | user=null | ip=null | op=PUT_BLOCK {blockData=[blockId=conID: 1 locID: 102659352471273940 bcsId: 0,size=2097152]} | ret=SUCCESS |  
2019-08-22 07:03:24,684 [grpc-default-executor-0] INFO  client.GrpcClientProtocolClient (GrpcClientProtocolClient.java:onNext(255)) - client-CF63D631FA17->3cf1264f-5f6b-4138-aeee-2ff7d4522ead: receive RaftClientReply:client-CF63D631FA17->3cf1264f-5f6b-4138-aeee-2ff7d4522ead@group-561E16522154, cid=1245, SUCCESS, logIndex=0, commits[3cf1264f-5f6b-4138-aeee-2ff7d4522ead:c1741, 4f0d1a15-8f14-4d9a-ad4f-8211e1245b5d:c1735, 6999f20e-c3f7-4db4-87ca-141c476f2a88:c1737]
2019-08-22 07:03:24,690 | INFO  | DNAudit | user=null | ip=null | op=WRITE_CHUNK {blockData=conID: 1 locID: 102659352471273940 bcsId: 1737} | ret=SUCCESS |  
2019-08-22 07:03:24,694 | INFO  | DNAudit | user=null | ip=null | op=WRITE_CHUNK {blockData=conID: 1 locID: 102659352471273940 bcsId: 1737} | ret=SUCCESS |  
2019-08-22 07:03:24,694 | INFO  | DNAudit | user=null | ip=null | op=WRITE_CHUNK {blockData=conID: 1 locID: 102659352471273940 bcsId: 1737} | ret=SUCCESS |  
2019-08-22 07:03:24,703 | INFO  | DNAudit | user=null | ip=null | op=WRITE_CHUNK {blockData=conID: 1 locID: 102659352471273940 bcsId: 1737} | ret=SUCCESS |  
2019-08-22 07:03:24,703 | INFO  | DNAudit | user=null | ip=null | op=PUT_BLOCK {blockData=[blockId=conID: 1 locID: 102659352471273940 bcsId: 0,size=3145728]} | ret=SUCCESS |  
2019-08-22 07:03:24,704 [grpc-default-executor-5] INFO  client.GrpcClientProtocolClient (GrpcClientProtocolClient.java:onNext(255)) - client-CF63D631FA17->3cf1264f-5f6b-4138-aeee-2ff7d4522ead: receive RaftClientReply:client-CF63D631FA17->3cf1264f-5f6b-4138-aeee-2ff7d4522ead@group-561E16522154, cid=1246, SUCCESS, logIndex=1742, commits[3cf1264f-5f6b-4138-aeee-2ff7d4522ead:c1743, 4f0d1a15-8f14-4d9a-ad4f-8211e1245b5d:c1741, 6999f20e-c3f7-4db4-87ca-141c476f2a88:c1741]
2019-08-22 07:03:24,704 [grpc-default-executor-5] INFO  client.GrpcClientProtocolClient (GrpcClientProtocolClient.java:onNext(255)) - client-CF63D631FA17->3cf1264f-5f6b-4138-aeee-2ff7d4522ead: receive RaftClientReply:client-CF63D631FA17->3cf1264f-5f6b-4138-aeee-2ff7d4522ead@group-561E16522154, cid=1247, SUCCESS, logIndex=1743, commits[3cf1264f-5f6b-4138-aeee-2ff7d4522ead:c1743, 4f0d1a15-8f14-4d9a-ad4f-8211e1245b5d:c1741, 6999f20e-c3f7-4db4-87ca-141c476f2a88:c1741]
2019-08-22 07:03:24,711 | INFO  | DNAudit | user=null | ip=null | op=WRITE_CHUNK {blockData=conID: 1 locID: 102659352471273940 bcsId: 1743} | ret=SUCCESS |  
2019-08-22 07:03:24,714 | INFO  | DNAudit | user=null | ip=null | op=WRITE_CHUNK {blockData=conID: 1 locID: 102659352471273940 bcsId: 1743} | ret=SUCCESS |  
2019-08-22 07:03:24,714 | INFO  | DNAudit | user=null | ip=null | op=WRITE_CHUNK {blockData=conID: 1 locID: 102659352471273940 bcsId: 1743} | ret=SUCCESS |  
2019-08-22 07:03:24,714 | INFO  | DNAudit | user=null | ip=null | op=WRITE_CHUNK {blockData=conID: 1 locID: 102659352471273940 bcsId: 1737} | ret=SUCCESS |  
2019-08-22 07:03:24,715 | INFO  | DNAudit | user=null | ip=null | op=WRITE_CHUNK {blockData=conID: 1 locID: 102659352471273940 bcsId: 1737} | ret=SUCCESS |  
2019-08-22 07:03:24,716 | INFO  | DNAudit | user=null | ip=null | op=PUT_BLOCK {blockData=[blockId=conID: 1 locID: 102659352471273940 bcsId: 0,size=3145728]} | ret=SUCCESS |  
2019-08-22 07:03:24,716 | INFO  | DNAudit | user=null | ip=null | op=WRITE_CHUNK {blockData=conID: 1 locID: 102659352471273940 bcsId: 1743} | ret=SUCCESS |  
2019-08-22 07:03:24,716 | INFO  | DNAudit | user=null | ip=null | op=PUT_BLOCK {blockData=[blockId=conID: 1 locID: 102659352471273940 bcsId: 0,size=3145728]} | ret=SUCCESS |  
2019-08-22 07:03:24,717 | INFO  | DNAudit | user=null | ip=null | op=PUT_BLOCK {blockData=[blockId=conID: 1 locID: 102659352471273940 bcsId: 0,size=4194304]} | ret=SUCCESS |  
2019-08-22 07:03:24,717 [grpc-default-executor-3] INFO  client.GrpcClientProtocolClient (GrpcClientProtocolClient.java:onNext(255)) - client-CF63D631FA17->3cf1264f-5f6b-4138-aeee-2ff7d4522ead: receive RaftClientReply:client-CF63D631FA17->3cf1264f-5f6b-4138-aeee-2ff7d4522ead@group-561E16522154, cid=1248, SUCCESS, logIndex=1746, commits[3cf1264f-5f6b-4138-aeee-2ff7d4522ead:c1747, 4f0d1a15-8f14-4d9a-ad4f-8211e1245b5d:c1743, 6999f20e-c3f7-4db4-87ca-141c476f2a88:c1743]
2019-08-22 07:03:24,717 [grpc-default-executor-3] INFO  client.GrpcClientProtocolClient (GrpcClientProtocolClient.java:onNext(255)) - client-CF63D631FA17->3cf1264f-5f6b-4138-aeee-2ff7d4522ead: receive RaftClientReply:client-CF63D631FA17->3cf1264f-5f6b-4138-aeee-2ff7d4522ead@group-561E16522154, cid=1249, SUCCESS, logIndex=1747, commits[3cf1264f-5f6b-4138-aeee-2ff7d4522ead:c1747, 4f0d1a15-8f14-4d9a-ad4f-8211e1245b5d:c1743, 6999f20e-c3f7-4db4-87ca-141c476f2a88:c1743]
2019-08-22 07:03:24,718 | INFO  | DNAudit | user=null | ip=null | op=WRITE_CHUNK {blockData=conID: 1 locID: 102659352471273940 bcsId: 1743} | ret=SUCCESS |  
2019-08-22 07:03:24,718 | INFO  | DNAudit | user=null | ip=null | op=WRITE_CHUNK {blockData=conID: 1 locID: 102659352471273940 bcsId: 1743} | ret=SUCCESS |  
2019-08-22 07:03:24,718 | INFO  | DNAudit | user=null | ip=null | op=PUT_BLOCK {blockData=[blockId=conID: 1 locID: 102659352471273940 bcsId: 0,size=4194304]} | ret=SUCCESS |  
2019-08-22 07:03:24,719 | INFO  | DNAudit | user=null | ip=null | op=PUT_BLOCK {blockData=[blockId=conID: 1 locID: 102659352471273940 bcsId: 0,size=4194304]} | ret=SUCCESS |  
2019-08-22 07:03:24,719 [grpc-default-executor-3] INFO  client.GrpcClientProtocolClient (GrpcClientProtocolClient.java:onNext(255)) - client-CF63D631FA17->3cf1264f-5f6b-4138-aeee-2ff7d4522ead: receive RaftClientReply:client-CF63D631FA17->3cf1264f-5f6b-4138-aeee-2ff7d4522ead@group-561E16522154, cid=1250, SUCCESS, logIndex=0, commits[3cf1264f-5f6b-4138-aeee-2ff7d4522ead:c1747, 4f0d1a15-8f14-4d9a-ad4f-8211e1245b5d:c1747, 6999f20e-c3f7-4db4-87ca-141c476f2a88:c1747]
2019-08-22 07:03:24,725 | INFO  | SCMAudit | user=jenkins1000 | ip=192.168.34.31 | op=ALLOCATE_BLOCK {owner=04b6d46a-98e2-41b1-9f38-1870289993ea, size=4194304, type=RATIS, factor=THREE} | ret=SUCCESS |  
2019-08-22 07:03:24,728 | INFO  | OMAudit | user=jenkins1000 | ip=127.0.0.1 | op=ALLOCATE_BLOCK {volume=vol-0-14906, bucket=bucket-0-53153, key=key-0-33222, dataSize=0, replicationType=null, replicationFactor=null, keyLocationInfo=null, clientID=102659352017764754} | ret=SUCCESS |  
2019-08-22 07:03:24,736 | INFO  | DNAudit | user=null | ip=null | op=WRITE_CHUNK {blockData=conID: 2 locID: 102659352475992533 bcsId: 0} | ret=SUCCESS |  
2019-08-22 07:03:24,739 | INFO  | DNAudit | user=null | ip=null | op=WRITE_CHUNK {blockData=conID: 2 locID: 102659352475992533 bcsId: 0} | ret=SUCCESS |  
2019-08-22 07:03:24,739 | INFO  | DNAudit | user=null | ip=null | op=WRITE_CHUNK {blockData=conID: 2 locID: 102659352475992533 bcsId: 0} | ret=SUCCESS |  
2019-08-22 07:03:24,740 | INFO  | DNAudit | user=null | ip=null | op=WRITE_CHUNK {blockData=conID: 2 locID: 102659352475992533 bcsId: 0} | ret=SUCCESS |  
2019-08-22 07:03:24,742 | INFO  | DNAudit | user=null | ip=null | op=WRITE_CHUNK {blockData=conID: 2 locID: 102659352475992533 bcsId: 0} | ret=SUCCESS |  
2019-08-22 07:03:24,742 | INFO  | DNAudit | user=null | ip=null | op=WRITE_CHUNK {blockData=conID: 2 locID: 102659352475992533 bcsId: 0} | ret=SUCCESS |  
2019-08-22 07:03:24,748 | INFO  | DNAudit | user=null | ip=null | op=WRITE_CHUNK {blockData=conID: 2 locID: 102659352475992533 bcsId: 0} | ret=SUCCESS |  
2019-08-22 07:03:24,749 | INFO  | DNAudit | user=null | ip=null | op=PUT_BLOCK {blockData=[blockId=conID: 2 locID: 102659352475992533 bcsId: 0,size=1048576]} | ret=SUCCESS |  
2019-08-22 07:03:24,749 [grpc-default-executor-5] INFO  client.GrpcClientProtocolClient (GrpcClientProtocolClient.java:onNext(255)) - client-CF63D631FA17->3cf1264f-5f6b-4138-aeee-2ff7d4522ead: receive RaftClientReply:client-CF63D631FA17->3cf1264f-5f6b-4138-aeee-2ff7d4522ead@group-561E16522154, cid=1251, SUCCESS, logIndex=1750, commits[3cf1264f-5f6b-4138-aeee-2ff7d4522ead:c1751, 4f0d1a15-8f14-4d9a-ad4f-8211e1245b5d:c1749, 6999f20e-c3f7-4db4-87ca-141c476f2a88:c1749]
2019-08-22 07:03:24,749 | INFO  | DNAudit | user=null | ip=null | op=WRITE_CHUNK {blockData=conID: 2 locID: 102659352475992533 bcsId: 0} | ret=SUCCESS |  
2019-08-22 07:03:24,750 [grpc-default-executor-5] INFO  client.GrpcClientProtocolClient (GrpcClientProtocolClient.java:onNext(255)) - client-CF63D631FA17->3cf1264f-5f6b-4138-aeee-2ff7d4522ead: receive RaftClientReply:client-CF63D631FA17->3cf1264f-5f6b-4138-aeee-2ff7d4522ead@group-561E16522154, cid=1252, SUCCESS, logIndex=1751, commits[3cf1264f-5f6b-4138-aeee-2ff7d4522ead:c1753, 4f0d1a15-8f14-4d9a-ad4f-8211e1245b5d:c1749, 6999f20e-c3f7-4db4-87ca-141c476f2a88:c1749]
2019-08-22 07:03:24,750 | INFO  | DNAudit | user=null | ip=null | op=WRITE_CHUNK {blockData=conID: 2 locID: 102659352475992533 bcsId: 0} | ret=SUCCESS |  
2019-08-22 07:03:24,750 | INFO  | DNAudit | user=null | ip=null | op=PUT_BLOCK {blockData=[blockId=conID: 2 locID: 102659352475992533 bcsId: 0,size=2097152]} | ret=SUCCESS |  
2019-08-22 07:03:24,750 | INFO  | DNAudit | user=null | ip=null | op=PUT_BLOCK {blockData=[blockId=conID: 2 locID: 102659352475992533 bcsId: 0,size=1048576]} | ret=SUCCESS |  
2019-08-22 07:03:24,750 [grpc-default-executor-5] INFO  client.GrpcClientProtocolClient (GrpcClientProtocolClient.java:onNext(255)) - client-CF63D631FA17->3cf1264f-5f6b-4138-aeee-2ff7d4522ead: receive RaftClientReply:client-CF63D631FA17->3cf1264f-5f6b-4138-aeee-2ff7d4522ead@group-561E16522154, cid=1253, SUCCESS, logIndex=1752, commits[3cf1264f-5f6b-4138-aeee-2ff7d4522ead:c1753, 4f0d1a15-8f14-4d9a-ad4f-8211e1245b5d:c1749, 6999f20e-c3f7-4db4-87ca-141c476f2a88:c1749]
2019-08-22 07:03:24,751 | INFO  | DNAudit | user=null | ip=null | op=WRITE_CHUNK {blockData=conID: 2 locID: 102659352475992533 bcsId: 0} | ret=SUCCESS |  
2019-08-22 07:03:24,751 [grpc-default-executor-5] INFO  client.GrpcClientProtocolClient (GrpcClientProtocolClient.java:onNext(255)) - client-CF63D631FA17->3cf1264f-5f6b-4138-aeee-2ff7d4522ead: receive RaftClientReply:client-CF63D631FA17->3cf1264f-5f6b-4138-aeee-2ff7d4522ead@group-561E16522154, cid=1254, SUCCESS, logIndex=1753, commits[3cf1264f-5f6b-4138-aeee-2ff7d4522ead:c1754, 4f0d1a15-8f14-4d9a-ad4f-8211e1245b5d:c1751, 6999f20e-c3f7-4db4-87ca-141c476f2a88:c1749]
2019-08-22 07:03:24,751 | INFO  | DNAudit | user=null | ip=null | op=PUT_BLOCK {blockData=[blockId=conID: 2 locID: 102659352475992533 bcsId: 0,size=1048576]} | ret=SUCCESS |  
2019-08-22 07:03:24,751 | INFO  | DNAudit | user=null | ip=null | op=WRITE_CHUNK {blockData=conID: 2 locID: 102659352475992533 bcsId: 0} | ret=SUCCESS |  
2019-08-22 07:03:24,751 | INFO  | DNAudit | user=null | ip=null | op=PUT_BLOCK {blockData=[blockId=conID: 2 locID: 102659352475992533 bcsId: 0,size=2097152]} | ret=SUCCESS |  
2019-08-22 07:03:24,752 | INFO  | DNAudit | user=null | ip=null | op=WRITE_CHUNK {blockData=conID: 2 locID: 102659352475992533 bcsId: 0} | ret=SUCCESS |  
2019-08-22 07:03:24,752 | INFO  | DNAudit | user=null | ip=null | op=PUT_BLOCK {blockData=[blockId=conID: 2 locID: 102659352475992533 bcsId: 0,size=2097152]} | ret=SUCCESS |  
2019-08-22 07:03:24,752 [grpc-default-executor-5] INFO  client.GrpcClientProtocolClient (GrpcClientProtocolClient.java:onNext(255)) - client-CF63D631FA17->3cf1264f-5f6b-4138-aeee-2ff7d4522ead: receive RaftClientReply:client-CF63D631FA17->3cf1264f-5f6b-4138-aeee-2ff7d4522ead@group-561E16522154, cid=1255, SUCCESS, logIndex=0, commits[3cf1264f-5f6b-4138-aeee-2ff7d4522ead:c1757, 4f0d1a15-8f14-4d9a-ad4f-8211e1245b5d:c1753, 6999f20e-c3f7-4db4-87ca-141c476f2a88:c1751]
2019-08-22 07:03:24,760 | INFO  | DNAudit | user=null | ip=null | op=WRITE_CHUNK {blockData=conID: 2 locID: 102659352475992533 bcsId: 1753} | ret=SUCCESS |  
2019-08-22 07:03:24,762 | INFO  | DNAudit | user=null | ip=null | op=WRITE_CHUNK {blockData=conID: 2 locID: 102659352475992533 bcsId: 1753} | ret=SUCCESS |  
2019-08-22 07:03:24,763 | INFO  | DNAudit | user=null | ip=null | op=WRITE_CHUNK {blockData=conID: 2 locID: 102659352475992533 bcsId: 1753} | ret=SUCCESS |  
 0.00% |█                                                                                                    |  0/1 Time: 0:00:072019-08-22 07:03:24,772 | INFO  | DNAudit | user=null | ip=null | op=WRITE_CHUNK {blockData=conID: 2 locID: 102659352475992533 bcsId: 1753} | ret=SUCCESS |  
2019-08-22 07:03:24,773 | INFO  | DNAudit | user=null | ip=null | op=PUT_BLOCK {blockData=[blockId=conID: 2 locID: 102659352475992533 bcsId: 0,size=3145728]} | ret=SUCCESS |  
2019-08-22 07:03:24,773 [grpc-default-executor-5] INFO  client.GrpcClientProtocolClient (GrpcClientProtocolClient.java:onNext(255)) - client-CF63D631FA17->3cf1264f-5f6b-4138-aeee-2ff7d4522ead: receive RaftClientReply:client-CF63D631FA17->3cf1264f-5f6b-4138-aeee-2ff7d4522ead@group-561E16522154, cid=1256, SUCCESS, logIndex=1758, commits[3cf1264f-5f6b-4138-aeee-2ff7d4522ead:c1759, 4f0d1a15-8f14-4d9a-ad4f-8211e1245b5d:c1757, 6999f20e-c3f7-4db4-87ca-141c476f2a88:c1757]
2019-08-22 07:03:24,774 [grpc-default-executor-5] INFO  client.GrpcClientProtocolClient (GrpcClientProtocolClient.java:onNext(255)) - client-CF63D631FA17->3cf1264f-5f6b-4138-aeee-2ff7d4522ead: receive RaftClientReply:client-CF63D631FA17->3cf1264f-5f6b-4138-aeee-2ff7d4522ead@group-561E16522154, cid=1257, SUCCESS, logIndex=1759, commits[3cf1264f-5f6b-4138-aeee-2ff7d4522ead:c1759, 4f0d1a15-8f14-4d9a-ad4f-8211e1245b5d:c1757, 6999f20e-c3f7-4db4-87ca-141c476f2a88:c1757]
2019-08-22 07:03:24,781 | INFO  | DNAudit | user=null | ip=null | op=WRITE_CHUNK {blockData=conID: 2 locID: 102659352475992533 bcsId: 1759} | ret=SUCCESS |  
2019-08-22 07:03:24,784 | INFO  | DNAudit | user=null | ip=null | op=WRITE_CHUNK {blockData=conID: 2 locID: 102659352475992533 bcsId: 1759} | ret=SUCCESS |  
2019-08-22 07:03:24,784 | INFO  | DNAudit | user=null | ip=null | op=WRITE_CHUNK {blockData=conID: 2 locID: 102659352475992533 bcsId: 1753} | ret=SUCCESS |  
2019-08-22 07:03:24,784 | INFO  | DNAudit | user=null | ip=null | op=WRITE_CHUNK {blockData=conID: 2 locID: 102659352475992533 bcsId: 1753} | ret=SUCCESS |  
2019-08-22 07:03:24,784 | INFO  | DNAudit | user=null | ip=null | op=WRITE_CHUNK {blockData=conID: 2 locID: 102659352475992533 bcsId: 1759} | ret=SUCCESS |  
2019-08-22 07:03:24,785 | INFO  | DNAudit | user=null | ip=null | op=PUT_BLOCK {blockData=[blockId=conID: 2 locID: 102659352475992533 bcsId: 0,size=3145728]} | ret=SUCCESS |  
2019-08-22 07:03:24,785 | INFO  | DNAudit | user=null | ip=null | op=PUT_BLOCK {blockData=[blockId=conID: 2 locID: 102659352475992533 bcsId: 0,size=3145728]} | ret=SUCCESS |  
2019-08-22 07:03:24,785 | INFO  | DNAudit | user=null | ip=null | op=WRITE_CHUNK {blockData=conID: 2 locID: 102659352475992533 bcsId: 1759} | ret=SUCCESS |  
2019-08-22 07:03:24,786 | INFO  | DNAudit | user=null | ip=null | op=PUT_BLOCK {blockData=[blockId=conID: 2 locID: 102659352475992533 bcsId: 0,size=4194304]} | ret=SUCCESS |  
2019-08-22 07:03:24,786 [grpc-default-executor-3] INFO  client.GrpcClientProtocolClient (GrpcClientProtocolClient.java:onNext(255)) - client-CF63D631FA17->3cf1264f-5f6b-4138-aeee-2ff7d4522ead: receive RaftClientReply:client-CF63D631FA17->3cf1264f-5f6b-4138-aeee-2ff7d4522ead@group-561E16522154, cid=1258, SUCCESS, logIndex=1762, commits[3cf1264f-5f6b-4138-aeee-2ff7d4522ead:c1763, 4f0d1a15-8f14-4d9a-ad4f-8211e1245b5d:c1759, 6999f20e-c3f7-4db4-87ca-141c476f2a88:c1759]
2019-08-22 07:03:24,787 | INFO  | DNAudit | user=null | ip=null | op=WRITE_CHUNK {blockData=conID: 2 locID: 102659352475992533 bcsId: 1759} | ret=SUCCESS |  
2019-08-22 07:03:24,787 [grpc-default-executor-5] INFO  client.GrpcClientProtocolClient (GrpcClientProtocolClient.java:onNext(255)) - client-CF63D631FA17->3cf1264f-5f6b-4138-aeee-2ff7d4522ead: receive RaftClientReply:client-CF63D631FA17->3cf1264f-5f6b-4138-aeee-2ff7d4522ead@group-561E16522154, cid=1259, SUCCESS, logIndex=1763, commits[3cf1264f-5f6b-4138-aeee-2ff7d4522ead:c1763, 4f0d1a15-8f14-4d9a-ad4f-8211e1245b5d:c1759, 6999f20e-c3f7-4db4-87ca-141c476f2a88:c1759]
2019-08-22 07:03:24,787 | INFO  | DNAudit | user=null | ip=null | op=WRITE_CHUNK {blockData=conID: 2 locID: 102659352475992533 bcsId: 1759} | ret=SUCCESS |  
2019-08-22 07:03:24,788 | INFO  | DNAudit | user=null | ip=null | op=PUT_BLOCK {blockData=[blockId=conID: 2 locID: 102659352475992533 bcsId: 0,size=4194304]} | ret=SUCCESS |  
2019-08-22 07:03:24,788 | INFO  | DNAudit | user=null | ip=null | op=PUT_BLOCK {blockData=[blockId=conID: 2 locID: 102659352475992533 bcsId: 0,size=4194304]} | ret=SUCCESS |  
2019-08-22 07:03:24,789 [grpc-default-executor-3] INFO  client.GrpcClientProtocolClient (GrpcClientProtocolClient.java:onNext(255)) - client-CF63D631FA17->3cf1264f-5f6b-4138-aeee-2ff7d4522ead: receive RaftClientReply:client-CF63D631FA17->3cf1264f-5f6b-4138-aeee-2ff7d4522ead@group-561E16522154, cid=1260, SUCCESS, logIndex=0, commits[3cf1264f-5f6b-4138-aeee-2ff7d4522ead:c1765, 4f0d1a15-8f14-4d9a-ad4f-8211e1245b5d:c1763, 6999f20e-c3f7-4db4-87ca-141c476f2a88:c1763]
2019-08-22 07:03:24,795 | INFO  | SCMAudit | user=jenkins1000 | ip=192.168.34.31 | op=ALLOCATE_BLOCK {owner=04b6d46a-98e2-41b1-9f38-1870289993ea, size=4194304, type=RATIS, factor=THREE} | ret=SUCCESS |  
2019-08-22 07:03:24,799 | INFO  | OMAudit | user=jenkins1000 | ip=127.0.0.1 | op=ALLOCATE_BLOCK {volume=vol-0-14906, bucket=bucket-0-53153, key=key-0-33222, dataSize=0, replicationType=null, replicationFactor=null, keyLocationInfo=null, clientID=102659352017764754} | ret=SUCCESS |  
2019-08-22 07:03:24,808 | INFO  | DNAudit | user=null | ip=null | op=WRITE_CHUNK {blockData=conID: 3 locID: 102659352480645590 bcsId: 0} | ret=SUCCESS |  
2019-08-22 07:03:24,811 | INFO  | DNAudit | user=null | ip=null | op=WRITE_CHUNK {blockData=conID: 3 locID: 102659352480645590 bcsId: 0} | ret=SUCCESS |  
2019-08-22 07:03:24,812 | INFO  | DNAudit | user=null | ip=null | op=WRITE_CHUNK {blockData=conID: 3 locID: 102659352480645590 bcsId: 0} | ret=SUCCESS |  
2019-08-22 07:03:24,812 | INFO  | DNAudit | user=null | ip=null | op=WRITE_CHUNK {blockData=conID: 3 locID: 102659352480645590 bcsId: 0} | ret=SUCCESS |  
2019-08-22 07:03:24,815 | INFO  | DNAudit | user=null | ip=null | op=WRITE_CHUNK {blockData=conID: 3 locID: 102659352480645590 bcsId: 0} | ret=SUCCESS |  
2019-08-22 07:03:24,815 | INFO  | DNAudit | user=null | ip=null | op=WRITE_CHUNK {blockData=conID: 3 locID: 102659352480645590 bcsId: 0} | ret=SUCCESS |  
2019-08-22 07:03:24,821 | INFO  | DNAudit | user=null | ip=null | op=WRITE_CHUNK {blockData=conID: 3 locID: 102659352480645590 bcsId: 0} | ret=SUCCESS |  
2019-08-22 07:03:24,821 | INFO  | DNAudit | user=null | ip=null | op=PUT_BLOCK {blockData=[blockId=conID: 3 locID: 102659352480645590 bcsId: 0,size=1048576]} | ret=SUCCESS |  
2019-08-22 07:03:24,822 [grpc-default-executor-3] INFO  client.GrpcClientProtocolClient (GrpcClientProtocolClient.java:onNext(255)) - client-CF63D631FA17->3cf1264f-5f6b-4138-aeee-2ff7d4522ead: receive RaftClientReply:client-CF63D631FA17->3cf1264f-5f6b-4138-aeee-2ff7d4522ead@group-561E16522154, cid=1261, SUCCESS, logIndex=1766, commits[3cf1264f-5f6b-4138-aeee-2ff7d4522ead:c1767, 4f0d1a15-8f14-4d9a-ad4f-8211e1245b5d:c1765, 6999f20e-c3f7-4db4-87ca-141c476f2a88:c1765]
2019-08-22 07:03:24,822 | INFO  | DNAudit | user=null | ip=null | op=WRITE_CHUNK {blockData=conID: 3 locID: 102659352480645590 bcsId: 0} | ret=SUCCESS |  
2019-08-22 07:03:24,822 [grpc-default-executor-3] INFO  client.GrpcClientProtocolClient (GrpcClientProtocolClient.java:onNext(255)) - client-CF63D631FA17->3cf1264f-5f6b-4138-aeee-2ff7d4522ead: receive RaftClientReply:client-CF63D631FA17->3cf1264f-5f6b-4138-aeee-2ff7d4522ead@group-561E16522154, cid=1262, SUCCESS, logIndex=1767, commits[3cf1264f-5f6b-4138-aeee-2ff7d4522ead:c1769, 4f0d1a15-8f14-4d9a-ad4f-8211e1245b5d:c1765, 6999f20e-c3f7-4db4-87ca-141c476f2a88:c1765]
2019-08-22 07:03:24,822 | INFO  | DNAudit | user=null | ip=null | op=PUT_BLOCK {blockData=[blockId=conID: 3 locID: 102659352480645590 bcsId: 0,size=2097152]} | ret=SUCCESS |  
2019-08-22 07:03:24,823 [grpc-default-executor-3] INFO  client.GrpcClientProtocolClient (GrpcClientProtocolClient.java:onNext(255)) - client-CF63D631FA17->3cf1264f-5f6b-4138-aeee-2ff7d4522ead: receive RaftClientReply:client-CF63D631FA17->3cf1264f-5f6b-4138-aeee-2ff7d4522ead@group-561E16522154, cid=1263, SUCCESS, logIndex=1768, commits[3cf1264f-5f6b-4138-aeee-2ff7d4522ead:c1769, 4f0d1a15-8f14-4d9a-ad4f-8211e1245b5d:c1765, 6999f20e-c3f7-4db4-87ca-141c476f2a88:c1765]
2019-08-22 07:03:24,823 [grpc-default-executor-3] INFO  client.GrpcClientProtocolClient (GrpcClientProtocolClient.java:onNext(255)) - client-CF63D631FA17->3cf1264f-5f6b-4138-aeee-2ff7d4522ead: receive RaftClientReply:client-CF63D631FA17->3cf1264f-5f6b-4138-aeee-2ff7d4522ead@group-561E16522154, cid=1264, SUCCESS, logIndex=1769, commits[3cf1264f-5f6b-4138-aeee-2ff7d4522ead:c1769, 4f0d1a15-8f14-4d9a-ad4f-8211e1245b5d:c1765, 6999f20e-c3f7-4db4-87ca-141c476f2a88:c1765]
2019-08-22 07:03:24,834 | INFO  | DNAudit | user=null | ip=null | op=WRITE_CHUNK {blockData=conID: 3 locID: 102659352480645590 bcsId: 0} | ret=SUCCESS |  
2019-08-22 07:03:24,835 | INFO  | DNAudit | user=null | ip=null | op=PUT_BLOCK {blockData=[blockId=conID: 3 locID: 102659352480645590 bcsId: 0,size=1048576]} | ret=SUCCESS |  
2019-08-22 07:03:24,835 | INFO  | DNAudit | user=null | ip=null | op=WRITE_CHUNK {blockData=conID: 3 locID: 102659352480645590 bcsId: 0} | ret=SUCCESS |  
2019-08-22 07:03:24,835 | INFO  | DNAudit | user=null | ip=null | op=PUT_BLOCK {blockData=[blockId=conID: 3 locID: 102659352480645590 bcsId: 0,size=1048576]} | ret=SUCCESS |  
2019-08-22 07:03:24,835 | INFO  | DNAudit | user=null | ip=null | op=WRITE_CHUNK {blockData=conID: 3 locID: 102659352480645590 bcsId: 0} | ret=SUCCESS |  
2019-08-22 07:03:24,835 | INFO  | DNAudit | user=null | ip=null | op=PUT_BLOCK {blockData=[blockId=conID: 3 locID: 102659352480645590 bcsId: 0,size=2097152]} | ret=SUCCESS |  
2019-08-22 07:03:24,835 | INFO  | DNAudit | user=null | ip=null | op=WRITE_CHUNK {blockData=conID: 3 locID: 102659352480645590 bcsId: 0} | ret=SUCCESS |  
2019-08-22 07:03:24,835 [grpc-default-executor-3] INFO  client.GrpcClientProtocolClient (GrpcClientProtocolClient.java:onNext(255)) - client-CF63D631FA17->3cf1264f-5f6b-4138-aeee-2ff7d4522ead: receive RaftClientReply:client-CF63D631FA17->3cf1264f-5f6b-4138-aeee-2ff7d4522ead@group-561E16522154, cid=1265, SUCCESS, logIndex=0, commits[3cf1264f-5f6b-4138-aeee-2ff7d4522ead:c1771, 4f0d1a15-8f14-4d9a-ad4f-8211e1245b5d:c1767, 6999f20e-c3f7-4db4-87ca-141c476f2a88:c1767]
2019-08-22 07:03:24,836 | INFO  | DNAudit | user=null | ip=null | op=PUT_BLOCK {blockData=[blockId=conID: 3 locID: 102659352480645590 bcsId: 0,size=2097152]} | ret=SUCCESS |  
2019-08-22 07:03:24,841 | INFO  | DNAudit | user=null | ip=null | op=WRITE_CHUNK {blockData=conID: 3 locID: 102659352480645590 bcsId: 1769} | ret=SUCCESS |  
2019-08-22 07:03:24,844 | INFO  | DNAudit | user=null | ip=null | op=WRITE_CHUNK {blockData=conID: 3 locID: 102659352480645590 bcsId: 1769} | ret=SUCCESS |  
2019-08-22 07:03:24,845 | INFO  | DNAudit | user=null | ip=null | op=WRITE_CHUNK {blockData=conID: 3 locID: 102659352480645590 bcsId: 1769} | ret=SUCCESS |  
2019-08-22 07:03:24,853 | INFO  | DNAudit | user=null | ip=null | op=WRITE_CHUNK {blockData=conID: 3 locID: 102659352480645590 bcsId: 1769} | ret=SUCCESS |  
2019-08-22 07:03:24,854 | INFO  | DNAudit | user=null | ip=null | op=PUT_BLOCK {blockData=[blockId=conID: 3 locID: 102659352480645590 bcsId: 0,size=3145728]} | ret=SUCCESS |  
2019-08-22 07:03:24,854 [grpc-default-executor-5] INFO  client.GrpcClientProtocolClient (GrpcClientProtocolClient.java:onNext(255)) - client-CF63D631FA17->3cf1264f-5f6b-4138-aeee-2ff7d4522ead: receive RaftClientReply:client-CF63D631FA17->3cf1264f-5f6b-4138-aeee-2ff7d4522ead@group-561E16522154, cid=1266, SUCCESS, logIndex=1773, commits[3cf1264f-5f6b-4138-aeee-2ff7d4522ead:c1774, 4f0d1a15-8f14-4d9a-ad4f-8211e1245b5d:c1772, 6999f20e-c3f7-4db4-87ca-141c476f2a88:c1772]
2019-08-22 07:03:24,855 [grpc-default-executor-5] INFO  client.GrpcClientProtocolClient (GrpcClientProtocolClient.java:onNext(255)) - client-CF63D631FA17->3cf1264f-5f6b-4138-aeee-2ff7d4522ead: receive RaftClientReply:client-CF63D631FA17->3cf1264f-5f6b-4138-aeee-2ff7d4522ead@group-561E16522154, cid=1267, SUCCESS, logIndex=1774, commits[3cf1264f-5f6b-4138-aeee-2ff7d4522ead:c1774, 4f0d1a15-8f14-4d9a-ad4f-8211e1245b5d:c1772, 6999f20e-c3f7-4db4-87ca-141c476f2a88:c1772]
2019-08-22 07:03:24,861 | INFO  | DNAudit | user=null | ip=null | op=WRITE_CHUNK {blockData=conID: 3 locID: 102659352480645590 bcsId: 1774} | ret=SUCCESS |  
2019-08-22 07:03:24,863 | INFO  | DNAudit | user=null | ip=null | op=WRITE_CHUNK {blockData=conID: 3 locID: 102659352480645590 bcsId: 1774} | ret=SUCCESS |  
2019-08-22 07:03:24,864 | INFO  | DNAudit | user=null | ip=null | op=WRITE_CHUNK {blockData=conID: 3 locID: 102659352480645590 bcsId: 1774} | ret=SUCCESS |  
2019-08-22 07:03:24,865 | INFO  | DNAudit | user=null | ip=null | op=WRITE_CHUNK {blockData=conID: 3 locID: 102659352480645590 bcsId: 1769} | ret=SUCCESS |  
2019-08-22 07:03:24,865 | INFO  | DNAudit | user=null | ip=null | op=WRITE_CHUNK {blockData=conID: 3 locID: 102659352480645590 bcsId: 1769} | ret=SUCCESS |  
2019-08-22 07:03:24,866 | INFO  | DNAudit | user=null | ip=null | op=PUT_BLOCK {blockData=[blockId=conID: 3 locID: 102659352480645590 bcsId: 0,size=3145728]} | ret=SUCCESS |  
2019-08-22 07:03:24,866 | INFO  | DNAudit | user=null | ip=null | op=PUT_BLOCK {blockData=[blockId=conID: 3 locID: 102659352480645590 bcsId: 0,size=3145728]} | ret=SUCCESS |  
2019-08-22 07:03:24,869 | INFO  | DNAudit | user=null | ip=null | op=WRITE_CHUNK {blockData=conID: 3 locID: 102659352480645590 bcsId: 1774} | ret=SUCCESS |  
2019-08-22 07:03:24,869 | INFO  | DNAudit | user=null | ip=null | op=PUT_BLOCK {blockData=[blockId=conID: 3 locID: 102659352480645590 bcsId: 0,size=4194304]} | ret=SUCCESS |  
2019-08-22 07:03:24,870 [grpc-default-executor-3] INFO  client.GrpcClientProtocolClient (GrpcClientProtocolClient.java:onNext(255)) - client-CF63D631FA17->3cf1264f-5f6b-4138-aeee-2ff7d4522ead: receive RaftClientReply:client-CF63D631FA17->3cf1264f-5f6b-4138-aeee-2ff7d4522ead@group-561E16522154, cid=1268, SUCCESS, logIndex=1777, commits[3cf1264f-5f6b-4138-aeee-2ff7d4522ead:c1778, 4f0d1a15-8f14-4d9a-ad4f-8211e1245b5d:c1774, 6999f20e-c3f7-4db4-87ca-141c476f2a88:c1774]
2019-08-22 07:03:24,870 [grpc-default-executor-3] INFO  client.GrpcClientProtocolClient (GrpcClientProtocolClient.java:onNext(255)) - client-CF63D631FA17->3cf1264f-5f6b-4138-aeee-2ff7d4522ead: receive RaftClientReply:client-CF63D631FA17->3cf1264f-5f6b-4138-aeee-2ff7d4522ead@group-561E16522154, cid=1269, SUCCESS, logIndex=1778, commits[3cf1264f-5f6b-4138-aeee-2ff7d4522ead:c1778, 4f0d1a15-8f14-4d9a-ad4f-8211e1245b5d:c1774, 6999f20e-c3f7-4db4-87ca-141c476f2a88:c1774]
2019-08-22 07:03:24,885 | INFO  | DNAudit | user=null | ip=null | op=WRITE_CHUNK {blockData=conID: 3 locID: 102659352480645590 bcsId: 1774} | ret=SUCCESS |  
2019-08-22 07:03:24,885 | INFO  | DNAudit | user=null | ip=null | op=PUT_BLOCK {blockData=[blockId=conID: 3 locID: 102659352480645590 bcsId: 0,size=4194304]} | ret=SUCCESS |  
2019-08-22 07:03:24,885 | INFO  | DNAudit | user=null | ip=null | op=WRITE_CHUNK {blockData=conID: 3 locID: 102659352480645590 bcsId: 1774} | ret=SUCCESS |  
2019-08-22 07:03:24,885 | INFO  | DNAudit | user=null | ip=null | op=PUT_BLOCK {blockData=[blockId=conID: 3 locID: 102659352480645590 bcsId: 0,size=4194304]} | ret=SUCCESS |  
2019-08-22 07:03:24,886 [grpc-default-executor-3] INFO  client.GrpcClientProtocolClient (GrpcClientProtocolClient.java:onNext(255)) - client-CF63D631FA17->3cf1264f-5f6b-4138-aeee-2ff7d4522ead: receive RaftClientReply:client-CF63D631FA17->3cf1264f-5f6b-4138-aeee-2ff7d4522ead@group-561E16522154, cid=1270, SUCCESS, logIndex=0, commits[3cf1264f-5f6b-4138-aeee-2ff7d4522ead:c1779, 4f0d1a15-8f14-4d9a-ad4f-8211e1245b5d:c1778, 6999f20e-c3f7-4db4-87ca-141c476f2a88:c1778]
2019-08-22 07:03:24,891 | INFO  | SCMAudit | user=jenkins1000 | ip=192.168.34.31 | op=ALLOCATE_BLOCK {owner=04b6d46a-98e2-41b1-9f38-1870289993ea, size=4194304, type=RATIS, factor=THREE} | ret=SUCCESS |  
2019-08-22 07:03:24,895 | INFO  | SCMAudit | user=jenkins1000 | ip=192.168.34.31 | op=SEND_HEARTBEAT {datanodeUUID=6999f20e-c3f7-4db4-87ca-141c476f2a88, command=[]} | ret=SUCCESS |  
2019-08-22 07:03:24,895 | INFO  | OMAudit | user=jenkins1000 | ip=127.0.0.1 | op=ALLOCATE_BLOCK {volume=vol-0-14906, bucket=bucket-0-53153, key=key-0-33222, dataSize=0, replicationType=null, replicationFactor=null, keyLocationInfo=null, clientID=102659352017764754} | ret=SUCCESS |  
2019-08-22 07:03:24,896 | INFO  | SCMAudit | user=jenkins1000 | ip=192.168.34.31 | op=SEND_HEARTBEAT {datanodeUUID=3cf1264f-5f6b-4138-aeee-2ff7d4522ead, command=[]} | ret=SUCCESS |  
2019-08-22 07:03:24,896 | INFO  | SCMAudit | user=jenkins1000 | ip=192.168.34.31 | op=SEND_HEARTBEAT {datanodeUUID=4f0d1a15-8f14-4d9a-ad4f-8211e1245b5d, command=[]} | ret=SUCCESS |  
2019-08-22 07:03:24,902 | INFO  | DNAudit | user=null | ip=null | op=WRITE_CHUNK {blockData=conID: 1 locID: 102659352486937047 bcsId: 0} | ret=SUCCESS |  
2019-08-22 07:03:24,905 | INFO  | DNAudit | user=null | ip=null | op=WRITE_CHUNK {blockData=conID: 1 locID: 102659352486937047 bcsId: 0} | ret=SUCCESS |  
2019-08-22 07:03:24,905 | INFO  | DNAudit | user=null | ip=null | op=WRITE_CHUNK {blockData=conID: 1 locID: 102659352486937047 bcsId: 0} | ret=SUCCESS |  
2019-08-22 07:03:24,905 | INFO  | DNAudit | user=null | ip=null | op=WRITE_CHUNK {blockData=conID: 1 locID: 102659352486937047 bcsId: 0} | ret=SUCCESS |  
2019-08-22 07:03:24,907 | INFO  | DNAudit | user=null | ip=null | op=WRITE_CHUNK {blockData=conID: 1 locID: 102659352486937047 bcsId: 0} | ret=SUCCESS |  
2019-08-22 07:03:24,907 | INFO  | DNAudit | user=null | ip=null | op=WRITE_CHUNK {blockData=conID: 1 locID: 102659352486937047 bcsId: 0} | ret=SUCCESS |  
2019-08-22 07:03:24,915 | INFO  | DNAudit | user=null | ip=null | op=WRITE_CHUNK {blockData=conID: 1 locID: 102659352486937047 bcsId: 0} | ret=SUCCESS |  
2019-08-22 07:03:24,915 | INFO  | DNAudit | user=null | ip=null | op=PUT_BLOCK {blockData=[blockId=conID: 1 locID: 102659352486937047 bcsId: 0,size=1048576]} | ret=SUCCESS |  
2019-08-22 07:03:24,915 [grpc-default-executor-0] INFO  client.GrpcClientProtocolClient (GrpcClientProtocolClient.java:onNext(255)) - client-CF63D631FA17->3cf1264f-5f6b-4138-aeee-2ff7d4522ead: receive RaftClientReply:client-CF63D631FA17->3cf1264f-5f6b-4138-aeee-2ff7d4522ead@group-561E16522154, cid=1271, SUCCESS, logIndex=1781, commits[3cf1264f-5f6b-4138-aeee-2ff7d4522ead:c1782, 4f0d1a15-8f14-4d9a-ad4f-8211e1245b5d:c1780, 6999f20e-c3f7-4db4-87ca-141c476f2a88:c1780]
2019-08-22 07:03:24,916 | INFO  | DNAudit | user=null | ip=null | op=WRITE_CHUNK {blockData=conID: 1 locID: 102659352486937047 bcsId: 0} | ret=SUCCESS |  
2019-08-22 07:03:24,916 [grpc-default-executor-0] INFO  client.GrpcClientProtocolClient (GrpcClientProtocolClient.java:onNext(255)) - client-CF63D631FA17->3cf1264f-5f6b-4138-aeee-2ff7d4522ead: receive RaftClientReply:client-CF63D631FA17->3cf1264f-5f6b-4138-aeee-2ff7d4522ead@group-561E16522154, cid=1272, SUCCESS, logIndex=1782, commits[3cf1264f-5f6b-4138-aeee-2ff7d4522ead:c1784, 4f0d1a15-8f14-4d9a-ad4f-8211e1245b5d:c1780, 6999f20e-c3f7-4db4-87ca-141c476f2a88:c1780]
2019-08-22 07:03:24,916 | INFO  | DNAudit | user=null | ip=null | op=PUT_BLOCK {blockData=[blockId=conID: 1 locID: 102659352486937047 bcsId: 0,size=2097152]} | ret=SUCCESS |  
2019-08-22 07:03:24,916 [grpc-default-executor-0] INFO  client.GrpcClientProtocolClient (GrpcClientProtocolClient.java:onNext(255)) - client-CF63D631FA17->3cf1264f-5f6b-4138-aeee-2ff7d4522ead: receive RaftClientReply:client-CF63D631FA17->3cf1264f-5f6b-4138-aeee-2ff7d4522ead@group-561E16522154, cid=1273, SUCCESS, logIndex=1783, commits[3cf1264f-5f6b-4138-aeee-2ff7d4522ead:c1784, 4f0d1a15-8f14-4d9a-ad4f-8211e1245b5d:c1780, 6999f20e-c3f7-4db4-87ca-141c476f2a88:c1780]
2019-08-22 07:03:24,917 | INFO  | DNAudit | user=null | ip=null | op=WRITE_CHUNK {blockData=conID: 1 locID: 102659352486937047 bcsId: 0} | ret=SUCCESS |  
2019-08-22 07:03:24,917 | INFO  | DNAudit | user=null | ip=null | op=WRITE_CHUNK {blockData=conID: 1 locID: 102659352486937047 bcsId: 0} | ret=SUCCESS |  
2019-08-22 07:03:24,917 | INFO  | DNAudit | user=null | ip=null | op=PUT_BLOCK {blockData=[blockId=conID: 1 locID: 102659352486937047 bcsId: 0,size=1048576]} | ret=SUCCESS |  
2019-08-22 07:03:24,917 | INFO  | DNAudit | user=null | ip=null | op=PUT_BLOCK {blockData=[blockId=conID: 1 locID: 102659352486937047 bcsId: 0,size=1048576]} | ret=SUCCESS |  
2019-08-22 07:03:24,917 [grpc-default-executor-0] INFO  client.GrpcClientProtocolClient (GrpcClientProtocolClient.java:onNext(255)) - client-CF63D631FA17->3cf1264f-5f6b-4138-aeee-2ff7d4522ead: receive RaftClientReply:client-CF63D631FA17->3cf1264f-5f6b-4138-aeee-2ff7d4522ead@group-561E16522154, cid=1274, SUCCESS, logIndex=1784, commits[3cf1264f-5f6b-4138-aeee-2ff7d4522ead:c1784, 4f0d1a15-8f14-4d9a-ad4f-8211e1245b5d:c1780, 6999f20e-c3f7-4db4-87ca-141c476f2a88:c1780]
2019-08-22 07:03:24,918 | INFO  | DNAudit | user=null | ip=null | op=WRITE_CHUNK {blockData=conID: 1 locID: 102659352486937047 bcsId: 0} | ret=SUCCESS |  
2019-08-22 07:03:24,918 | INFO  | DNAudit | user=null | ip=null | op=PUT_BLOCK {blockData=[blockId=conID: 1 locID: 102659352486937047 bcsId: 0,size=2097152]} | ret=SUCCESS |  
2019-08-22 07:03:24,918 [grpc-default-executor-3] INFO  client.GrpcClientProtocolClient (GrpcClientProtocolClient.java:onNext(255)) - client-CF63D631FA17->3cf1264f-5f6b-4138-aeee-2ff7d4522ead: receive RaftClientReply:client-CF63D631FA17->3cf1264f-5f6b-4138-aeee-2ff7d4522ead@group-561E16522154, cid=1275, SUCCESS, logIndex=0, commits[3cf1264f-5f6b-4138-aeee-2ff7d4522ead:c1786, 4f0d1a15-8f14-4d9a-ad4f-8211e1245b5d:c1782, 6999f20e-c3f7-4db4-87ca-141c476f2a88:c1782]
2019-08-22 07:03:24,919 | INFO  | DNAudit | user=null | ip=null | op=WRITE_CHUNK {blockData=conID: 1 locID: 102659352486937047 bcsId: 0} | ret=SUCCESS |  
2019-08-22 07:03:24,919 | INFO  | DNAudit | user=null | ip=null | op=PUT_BLOCK {blockData=[blockId=conID: 1 locID: 102659352486937047 bcsId: 0,size=2097152]} | ret=SUCCESS |  
2019-08-22 07:03:24,925 | INFO  | DNAudit | user=null | ip=null | op=WRITE_CHUNK {blockData=conID: 1 locID: 102659352486937047 bcsId: 1784} | ret=SUCCESS |  
2019-08-22 07:03:24,927 | INFO  | DNAudit | user=null | ip=null | op=WRITE_CHUNK {blockData=conID: 1 locID: 102659352486937047 bcsId: 1784} | ret=SUCCESS |  
2019-08-22 07:03:24,928 | INFO  | DNAudit | user=null | ip=null | op=WRITE_CHUNK {blockData=conID: 1 locID: 102659352486937047 bcsId: 1784} | ret=SUCCESS |  
2019-08-22 07:03:24,937 | INFO  | DNAudit | user=null | ip=null | op=WRITE_CHUNK {blockData=conID: 1 locID: 102659352486937047 bcsId: 1784} | ret=SUCCESS |  
2019-08-22 07:03:25,026 | INFO  | DNAudit | user=null | ip=null | op=PUT_BLOCK {blockData=[blockId=conID: 1 locID: 102659352486937047 bcsId: 0,size=3145728]} | ret=SUCCESS |  
2019-08-22 07:03:25,026 [grpc-default-executor-3] INFO  client.GrpcClientProtocolClient (GrpcClientProtocolClient.java:onNext(255)) - client-CF63D631FA17->3cf1264f-5f6b-4138-aeee-2ff7d4522ead: receive RaftClientReply:client-CF63D631FA17->3cf1264f-5f6b-4138-aeee-2ff7d4522ead@group-561E16522154, cid=1276, SUCCESS, logIndex=1789, commits[3cf1264f-5f6b-4138-aeee-2ff7d4522ead:c1790, 4f0d1a15-8f14-4d9a-ad4f-8211e1245b5d:c1788, 6999f20e-c3f7-4db4-87ca-141c476f2a88:c1788]
2019-08-22 07:03:25,026 [grpc-default-executor-3] INFO  client.GrpcClientProtocolClient (GrpcClientProtocolClient.java:onNext(255)) - client-CF63D631FA17->3cf1264f-5f6b-4138-aeee-2ff7d4522ead: receive RaftClientReply:client-CF63D631FA17->3cf1264f-5f6b-4138-aeee-2ff7d4522ead@group-561E16522154, cid=1277, SUCCESS, logIndex=1790, commits[3cf1264f-5f6b-4138-aeee-2ff7d4522ead:c1790, 4f0d1a15-8f14-4d9a-ad4f-8211e1245b5d:c1788, 6999f20e-c3f7-4db4-87ca-141c476f2a88:c1788]
2019-08-22 07:03:25,034 | INFO  | DNAudit | user=null | ip=null | op=WRITE_CHUNK {blockData=conID: 1 locID: 102659352486937047 bcsId: 1790} | ret=SUCCESS |  
2019-08-22 07:03:25,036 | INFO  | DNAudit | user=null | ip=null | op=WRITE_CHUNK {blockData=conID: 1 locID: 102659352486937047 bcsId: 1784} | ret=SUCCESS |  
2019-08-22 07:03:25,036 | INFO  | DNAudit | user=null | ip=null | op=PUT_BLOCK {blockData=[blockId=conID: 1 locID: 102659352486937047 bcsId: 0,size=3145728]} | ret=SUCCESS |  
2019-08-22 07:03:25,037 | INFO  | DNAudit | user=null | ip=null | op=WRITE_CHUNK {blockData=conID: 1 locID: 102659352486937047 bcsId: 1784} | ret=SUCCESS |  
2019-08-22 07:03:25,037 | INFO  | DNAudit | user=null | ip=null | op=PUT_BLOCK {blockData=[blockId=conID: 1 locID: 102659352486937047 bcsId: 0,size=3145728]} | ret=SUCCESS |  
2019-08-22 07:03:25,038 | INFO  | DNAudit | user=null | ip=null | op=WRITE_CHUNK {blockData=conID: 1 locID: 102659352486937047 bcsId: 1790} | ret=SUCCESS |  
2019-08-22 07:03:25,038 | INFO  | DNAudit | user=null | ip=null | op=WRITE_CHUNK {blockData=conID: 1 locID: 102659352486937047 bcsId: 1790} | ret=SUCCESS |  
2019-08-22 07:03:25,050 | INFO  | DNAudit | user=null | ip=null | op=WRITE_CHUNK {blockData=conID: 1 locID: 102659352486937047 bcsId: 1790} | ret=SUCCESS |  
2019-08-22 07:03:25,050 | INFO  | DNAudit | user=null | ip=null | op=PUT_BLOCK {blockData=[blockId=conID: 1 locID: 102659352486937047 bcsId: 0,size=4194304]} | ret=SUCCESS |  
2019-08-22 07:03:25,051 [grpc-default-executor-0] INFO  client.GrpcClientProtocolClient (GrpcClientProtocolClient.java:onNext(255)) - client-CF63D631FA17->3cf1264f-5f6b-4138-aeee-2ff7d4522ead: receive RaftClientReply:client-CF63D631FA17->3cf1264f-5f6b-4138-aeee-2ff7d4522ead@group-561E16522154, cid=1278, SUCCESS, logIndex=1793, commits[3cf1264f-5f6b-4138-aeee-2ff7d4522ead:c1794, 4f0d1a15-8f14-4d9a-ad4f-8211e1245b5d:c1790, 6999f20e-c3f7-4db4-87ca-141c476f2a88:c1790]
2019-08-22 07:03:25,051 [grpc-default-executor-0] INFO  client.GrpcClientProtocolClient (GrpcClientProtocolClient.java:onNext(255)) - client-CF63D631FA17->3cf1264f-5f6b-4138-aeee-2ff7d4522ead: receive RaftClientReply:client-CF63D631FA17->3cf1264f-5f6b-4138-aeee-2ff7d4522ead@group-561E16522154, cid=1279, SUCCESS, logIndex=1794, commits[3cf1264f-5f6b-4138-aeee-2ff7d4522ead:c1794, 4f0d1a15-8f14-4d9a-ad4f-8211e1245b5d:c1790, 6999f20e-c3f7-4db4-87ca-141c476f2a88:c1790]
2019-08-22 07:03:25,063 | INFO  | DNAudit | user=null | ip=null | op=WRITE_CHUNK {blockData=conID: 1 locID: 102659352486937047 bcsId: 1790} | ret=SUCCESS |  
2019-08-22 07:03:25,063 | INFO  | DNAudit | user=null | ip=null | op=WRITE_CHUNK {blockData=conID: 1 locID: 102659352486937047 bcsId: 1790} | ret=SUCCESS |  
2019-08-22 07:03:25,063 | INFO  | DNAudit | user=null | ip=null | op=PUT_BLOCK {blockData=[blockId=conID: 1 locID: 102659352486937047 bcsId: 0,size=4194304]} | ret=SUCCESS |  
2019-08-22 07:03:25,063 | INFO  | DNAudit | user=null | ip=null | op=PUT_BLOCK {blockData=[blockId=conID: 1 locID: 102659352486937047 bcsId: 0,size=4194304]} | ret=SUCCESS |  
2019-08-22 07:03:25,064 [grpc-default-executor-3] INFO  client.GrpcClientProtocolClient (GrpcClientProtocolClient.java:onNext(255)) - client-CF63D631FA17->3cf1264f-5f6b-4138-aeee-2ff7d4522ead: receive RaftClientReply:client-CF63D631FA17->3cf1264f-5f6b-4138-aeee-2ff7d4522ead@group-561E16522154, cid=1280, SUCCESS, logIndex=0, commits[3cf1264f-5f6b-4138-aeee-2ff7d4522ead:c1795, 4f0d1a15-8f14-4d9a-ad4f-8211e1245b5d:c1794, 6999f20e-c3f7-4db4-87ca-141c476f2a88:c1794]
2019-08-22 07:03:25,070 | INFO  | SCMAudit | user=jenkins1000 | ip=192.168.34.31 | op=ALLOCATE_BLOCK {owner=04b6d46a-98e2-41b1-9f38-1870289993ea, size=4194304, type=RATIS, factor=THREE} | ret=SUCCESS |  
2019-08-22 07:03:25,074 | INFO  | OMAudit | user=jenkins1000 | ip=127.0.0.1 | op=ALLOCATE_BLOCK {volume=vol-0-14906, bucket=bucket-0-53153, key=key-0-33222, dataSize=0, replicationType=null, replicationFactor=null, keyLocationInfo=null, clientID=102659352017764754} | ret=SUCCESS |  
2019-08-22 07:03:25,086 | INFO  | DNAudit | user=null | ip=null | op=WRITE_CHUNK {blockData=conID: 2 locID: 102659352498667992 bcsId: 0} | ret=SUCCESS |  
2019-08-22 07:03:25,089 | INFO  | DNAudit | user=null | ip=null | op=WRITE_CHUNK {blockData=conID: 2 locID: 102659352498667992 bcsId: 0} | ret=SUCCESS |  
2019-08-22 07:03:25,090 | INFO  | DNAudit | user=null | ip=null | op=WRITE_CHUNK {blockData=conID: 2 locID: 102659352498667992 bcsId: 0} | ret=SUCCESS |  
2019-08-22 07:03:25,091 | INFO  | DNAudit | user=null | ip=null | op=WRITE_CHUNK {blockData=conID: 2 locID: 102659352498667992 bcsId: 0} | ret=SUCCESS |  
2019-08-22 07:03:25,092 | INFO  | DNAudit | user=null | ip=null | op=WRITE_CHUNK {blockData=conID: 2 locID: 102659352498667992 bcsId: 0} | ret=SUCCESS |  
2019-08-22 07:03:25,092 | INFO  | DNAudit | user=null | ip=null | op=WRITE_CHUNK {blockData=conID: 2 locID: 102659352498667992 bcsId: 0} | ret=SUCCESS |  
2019-08-22 07:03:25,099 | INFO  | DNAudit | user=null | ip=null | op=WRITE_CHUNK {blockData=conID: 2 locID: 102659352498667992 bcsId: 0} | ret=SUCCESS |  
2019-08-22 07:03:25,100 | INFO  | DNAudit | user=null | ip=null | op=PUT_BLOCK {blockData=[blockId=conID: 2 locID: 102659352498667992 bcsId: 0,size=1048576]} | ret=SUCCESS |  
2019-08-22 07:03:25,100 [grpc-default-executor-0] INFO  client.GrpcClientProtocolClient (GrpcClientProtocolClient.java:onNext(255)) - client-CF63D631FA17->3cf1264f-5f6b-4138-aeee-2ff7d4522ead: receive RaftClientReply:client-CF63D631FA17->3cf1264f-5f6b-4138-aeee-2ff7d4522ead@group-561E16522154, cid=1281, SUCCESS, logIndex=1797, commits[3cf1264f-5f6b-4138-aeee-2ff7d4522ead:c1800, 4f0d1a15-8f14-4d9a-ad4f-8211e1245b5d:c1796, 6999f20e-c3f7-4db4-87ca-141c476f2a88:c1796]
2019-08-22 07:03:25,100 | INFO  | DNAudit | user=null | ip=null | op=WRITE_CHUNK {blockData=conID: 2 locID: 102659352498667992 bcsId: 0} | ret=SUCCESS |  
2019-08-22 07:03:25,101 [grpc-default-executor-0] INFO  client.GrpcClientProtocolClient (GrpcClientProtocolClient.java:onNext(255)) - client-CF63D631FA17->3cf1264f-5f6b-4138-aeee-2ff7d4522ead: receive RaftClientReply:client-CF63D631FA17->3cf1264f-5f6b-4138-aeee-2ff7d4522ead@group-561E16522154, cid=1282, SUCCESS, logIndex=1798, commits[3cf1264f-5f6b-4138-aeee-2ff7d4522ead:c1800, 4f0d1a15-8f14-4d9a-ad4f-8211e1245b5d:c1796, 6999f20e-c3f7-4db4-87ca-141c476f2a88:c1796]
2019-08-22 07:03:25,101 | INFO  | DNAudit | user=null | ip=null | op=PUT_BLOCK {blockData=[blockId=conID: 2 locID: 102659352498667992 bcsId: 0,size=2097152]} | ret=SUCCESS |  
2019-08-22 07:03:25,101 [grpc-default-executor-0] INFO  client.GrpcClientProtocolClient (GrpcClientProtocolClient.java:onNext(255)) - client-CF63D631FA17->3cf1264f-5f6b-4138-aeee-2ff7d4522ead: receive RaftClientReply:client-CF63D631FA17->3cf1264f-5f6b-4138-aeee-2ff7d4522ead@group-561E16522154, cid=1283, SUCCESS, logIndex=1799, commits[3cf1264f-5f6b-4138-aeee-2ff7d4522ead:c1800, 4f0d1a15-8f14-4d9a-ad4f-8211e1245b5d:c1796, 6999f20e-c3f7-4db4-87ca-141c476f2a88:c1796]
2019-08-22 07:03:25,102 [grpc-default-executor-0] INFO  client.GrpcClientProtocolClient (GrpcClientProtocolClient.java:onNext(255)) - client-CF63D631FA17->3cf1264f-5f6b-4138-aeee-2ff7d4522ead: receive RaftClientReply:client-CF63D631FA17->3cf1264f-5f6b-4138-aeee-2ff7d4522ead@group-561E16522154, cid=1284, SUCCESS, logIndex=1800, commits[3cf1264f-5f6b-4138-aeee-2ff7d4522ead:c1800, 4f0d1a15-8f14-4d9a-ad4f-8211e1245b5d:c1796, 6999f20e-c3f7-4db4-87ca-141c476f2a88:c1796]
2019-08-22 07:03:25,111 | INFO  | DNAudit | user=null | ip=null | op=WRITE_CHUNK {blockData=conID: 2 locID: 102659352498667992 bcsId: 0} | ret=SUCCESS |  
2019-08-22 07:03:25,111 | INFO  | DNAudit | user=null | ip=null | op=WRITE_CHUNK {blockData=conID: 2 locID: 102659352498667992 bcsId: 0} | ret=SUCCESS |  
2019-08-22 07:03:25,112 | INFO  | DNAudit | user=null | ip=null | op=PUT_BLOCK {blockData=[blockId=conID: 2 locID: 102659352498667992 bcsId: 0,size=1048576]} | ret=SUCCESS |  
2019-08-22 07:03:25,113 | INFO  | DNAudit | user=null | ip=null | op=WRITE_CHUNK {blockData=conID: 2 locID: 102659352498667992 bcsId: 0} | ret=SUCCESS |  
2019-08-22 07:03:25,113 | INFO  | DNAudit | user=null | ip=null | op=PUT_BLOCK {blockData=[blockId=conID: 2 locID: 102659352498667992 bcsId: 0,size=1048576]} | ret=SUCCESS |  
2019-08-22 07:03:25,113 | INFO  | DNAudit | user=null | ip=null | op=PUT_BLOCK {blockData=[blockId=conID: 2 locID: 102659352498667992 bcsId: 0,size=2097152]} | ret=SUCCESS |  
2019-08-22 07:03:25,113 | INFO  | DNAudit | user=null | ip=null | op=WRITE_CHUNK {blockData=conID: 2 locID: 102659352498667992 bcsId: 0} | ret=SUCCESS |  
2019-08-22 07:03:25,113 | INFO  | DNAudit | user=null | ip=null | op=PUT_BLOCK {blockData=[blockId=conID: 2 locID: 102659352498667992 bcsId: 0,size=2097152]} | ret=SUCCESS |  
2019-08-22 07:03:25,114 [grpc-default-executor-0] INFO  client.GrpcClientProtocolClient (GrpcClientProtocolClient.java:onNext(255)) - client-CF63D631FA17->3cf1264f-5f6b-4138-aeee-2ff7d4522ead: receive RaftClientReply:client-CF63D631FA17->3cf1264f-5f6b-4138-aeee-2ff7d4522ead@group-561E16522154, cid=1285, SUCCESS, logIndex=0, commits[3cf1264f-5f6b-4138-aeee-2ff7d4522ead:c1804, 4f0d1a15-8f14-4d9a-ad4f-8211e1245b5d:c1799, 6999f20e-c3f7-4db4-87ca-141c476f2a88:c1800]
2019-08-22 07:03:25,123 | INFO  | DNAudit | user=null | ip=null | op=WRITE_CHUNK {blockData=conID: 2 locID: 102659352498667992 bcsId: 1800} | ret=SUCCESS |  
2019-08-22 07:03:25,126 | INFO  | DNAudit | user=null | ip=null | op=WRITE_CHUNK {blockData=conID: 2 locID: 102659352498667992 bcsId: 1800} | ret=SUCCESS |  
2019-08-22 07:03:25,127 | INFO  | DNAudit | user=null | ip=null | op=WRITE_CHUNK {blockData=conID: 2 locID: 102659352498667992 bcsId: 1800} | ret=SUCCESS |  
2019-08-22 07:03:25,136 | INFO  | DNAudit | user=null | ip=null | op=WRITE_CHUNK {blockData=conID: 2 locID: 102659352498667992 bcsId: 1800} | ret=SUCCESS |  
2019-08-22 07:03:25,136 | INFO  | DNAudit | user=null | ip=null | op=PUT_BLOCK {blockData=[blockId=conID: 2 locID: 102659352498667992 bcsId: 0,size=3145728]} | ret=SUCCESS |  
2019-08-22 07:03:25,136 [grpc-default-executor-5] INFO  client.GrpcClientProtocolClient (GrpcClientProtocolClient.java:onNext(255)) - client-CF63D631FA17->3cf1264f-5f6b-4138-aeee-2ff7d4522ead: receive RaftClientReply:client-CF63D631FA17->3cf1264f-5f6b-4138-aeee-2ff7d4522ead@group-561E16522154, cid=1286, SUCCESS, logIndex=1805, commits[3cf1264f-5f6b-4138-aeee-2ff7d4522ead:c1806, 4f0d1a15-8f14-4d9a-ad4f-8211e1245b5d:c1804, 6999f20e-c3f7-4db4-87ca-141c476f2a88:c1804]
2019-08-22 07:03:25,137 [grpc-default-executor-5] INFO  client.GrpcClientProtocolClient (GrpcClientProtocolClient.java:onNext(255)) - client-CF63D631FA17->3cf1264f-5f6b-4138-aeee-2ff7d4522ead: receive RaftClientReply:client-CF63D631FA17->3cf1264f-5f6b-4138-aeee-2ff7d4522ead@group-561E16522154, cid=1287, SUCCESS, logIndex=1806, commits[3cf1264f-5f6b-4138-aeee-2ff7d4522ead:c1806, 4f0d1a15-8f14-4d9a-ad4f-8211e1245b5d:c1804, 6999f20e-c3f7-4db4-87ca-141c476f2a88:c1804]
2019-08-22 07:03:25,144 | INFO  | DNAudit | user=null | ip=null | op=WRITE_CHUNK {blockData=conID: 2 locID: 102659352498667992 bcsId: 1800} | ret=SUCCESS |  
2019-08-22 07:03:25,145 | INFO  | DNAudit | user=null | ip=null | op=WRITE_CHUNK {blockData=conID: 2 locID: 102659352498667992 bcsId: 1800} | ret=SUCCESS |  
2019-08-22 07:03:25,145 | INFO  | DNAudit | user=null | ip=null | op=WRITE_CHUNK {blockData=conID: 2 locID: 102659352498667992 bcsId: 1806} | ret=SUCCESS |  
2019-08-22 07:03:25,145 | INFO  | DNAudit | user=null | ip=null | op=PUT_BLOCK {blockData=[blockId=conID: 2 locID: 102659352498667992 bcsId: 0,size=3145728]} | ret=SUCCESS |  
2019-08-22 07:03:25,146 | INFO  | DNAudit | user=null | ip=null | op=PUT_BLOCK {blockData=[blockId=conID: 2 locID: 102659352498667992 bcsId: 0,size=3145728]} | ret=SUCCESS |  
2019-08-22 07:03:25,151 | INFO  | DNAudit | user=null | ip=null | op=WRITE_CHUNK {blockData=conID: 2 locID: 102659352498667992 bcsId: 1806} | ret=SUCCESS |  
2019-08-22 07:03:25,151 | INFO  | DNAudit | user=null | ip=null | op=WRITE_CHUNK {blockData=conID: 2 locID: 102659352498667992 bcsId: 1806} | ret=SUCCESS |  
2019-08-22 07:03:25,164 | INFO  | DNAudit | user=null | ip=null | op=WRITE_CHUNK {blockData=conID: 2 locID: 102659352498667992 bcsId: 1806} | ret=SUCCESS |  
2019-08-22 07:03:25,165 | INFO  | DNAudit | user=null | ip=null | op=PUT_BLOCK {blockData=[blockId=conID: 2 locID: 102659352498667992 bcsId: 0,size=4194304]} | ret=SUCCESS |  
2019-08-22 07:03:25,165 [grpc-default-executor-0] INFO  client.GrpcClientProtocolClient (GrpcClientProtocolClient.java:onNext(255)) - client-CF63D631FA17->3cf1264f-5f6b-4138-aeee-2ff7d4522ead: receive RaftClientReply:client-CF63D631FA17->3cf1264f-5f6b-4138-aeee-2ff7d4522ead@group-561E16522154, cid=1288, SUCCESS, logIndex=1809, commits[3cf1264f-5f6b-4138-aeee-2ff7d4522ead:c1810, 4f0d1a15-8f14-4d9a-ad4f-8211e1245b5d:c1806, 6999f20e-c3f7-4db4-87ca-141c476f2a88:c1806]
2019-08-22 07:03:25,165 [grpc-default-executor-0] INFO  client.GrpcClientProtocolClient (GrpcClientProtocolClient.java:onNext(255)) - client-CF63D631FA17->3cf1264f-5f6b-4138-aeee-2ff7d4522ead: receive RaftClientReply:client-CF63D631FA17->3cf1264f-5f6b-4138-aeee-2ff7d4522ead@group-561E16522154, cid=1289, SUCCESS, logIndex=1810, commits[3cf1264f-5f6b-4138-aeee-2ff7d4522ead:c1810, 4f0d1a15-8f14-4d9a-ad4f-8211e1245b5d:c1806, 6999f20e-c3f7-4db4-87ca-141c476f2a88:c1806]
2019-08-22 07:03:25,176 | INFO  | DNAudit | user=null | ip=null | op=WRITE_CHUNK {blockData=conID: 2 locID: 102659352498667992 bcsId: 1806} | ret=SUCCESS |  
2019-08-22 07:03:25,176 | INFO  | DNAudit | user=null | ip=null | op=WRITE_CHUNK {blockData=conID: 2 locID: 102659352498667992 bcsId: 1806} | ret=SUCCESS |  
2019-08-22 07:03:25,177 | INFO  | DNAudit | user=null | ip=null | op=PUT_BLOCK {blockData=[blockId=conID: 2 locID: 102659352498667992 bcsId: 0,size=4194304]} | ret=SUCCESS |  
2019-08-22 07:03:25,177 | INFO  | DNAudit | user=null | ip=null | op=PUT_BLOCK {blockData=[blockId=conID: 2 locID: 102659352498667992 bcsId: 0,size=4194304]} | ret=SUCCESS |  
2019-08-22 07:03:25,178 [grpc-default-executor-0] INFO  client.GrpcClientProtocolClient (GrpcClientProtocolClient.java:onNext(255)) - client-CF63D631FA17->3cf1264f-5f6b-4138-aeee-2ff7d4522ead: receive RaftClientReply:client-CF63D631FA17->3cf1264f-5f6b-4138-aeee-2ff7d4522ead@group-561E16522154, cid=1290, SUCCESS, logIndex=0, commits[3cf1264f-5f6b-4138-aeee-2ff7d4522ead:c1812, 4f0d1a15-8f14-4d9a-ad4f-8211e1245b5d:c1810, 6999f20e-c3f7-4db4-87ca-141c476f2a88:c1810]
2019-08-22 07:03:25,183 | INFO  | SCMAudit | user=jenkins1000 | ip=192.168.34.31 | op=ALLOCATE_BLOCK {owner=04b6d46a-98e2-41b1-9f38-1870289993ea, size=4194304, type=RATIS, factor=THREE} | ret=SUCCESS |  
2019-08-22 07:03:25,186 | INFO  | OMAudit | user=jenkins1000 | ip=127.0.0.1 | op=ALLOCATE_BLOCK {volume=vol-0-14906, bucket=bucket-0-53153, key=key-0-33222, dataSize=0, replicationType=null, replicationFactor=null, keyLocationInfo=null, clientID=102659352017764754} | ret=SUCCESS |  
2019-08-22 07:03:25,193 | INFO  | DNAudit | user=null | ip=null | op=WRITE_CHUNK {blockData=conID: 3 locID: 102659352506073561 bcsId: 0} | ret=SUCCESS |  
2019-08-22 07:03:25,196 | INFO  | DNAudit | user=null | ip=null | op=WRITE_CHUNK {blockData=conID: 3 locID: 102659352506073561 bcsId: 0} | ret=SUCCESS |  
2019-08-22 07:03:25,197 | INFO  | DNAudit | user=null | ip=null | op=WRITE_CHUNK {blockData=conID: 3 locID: 102659352506073561 bcsId: 0} | ret=SUCCESS |  
2019-08-22 07:03:25,197 | INFO  | DNAudit | user=null | ip=null | op=WRITE_CHUNK {blockData=conID: 3 locID: 102659352506073561 bcsId: 0} | ret=SUCCESS |  
2019-08-22 07:03:25,198 | INFO  | DNAudit | user=null | ip=null | op=WRITE_CHUNK {blockData=conID: 3 locID: 102659352506073561 bcsId: 0} | ret=SUCCESS |  
2019-08-22 07:03:25,199 | INFO  | DNAudit | user=null | ip=null | op=WRITE_CHUNK {blockData=conID: 3 locID: 102659352506073561 bcsId: 0} | ret=SUCCESS |  
2019-08-22 07:03:25,206 | INFO  | DNAudit | user=null | ip=null | op=WRITE_CHUNK {blockData=conID: 3 locID: 102659352506073561 bcsId: 0} | ret=SUCCESS |  
2019-08-22 07:03:25,207 | INFO  | DNAudit | user=null | ip=null | op=PUT_BLOCK {blockData=[blockId=conID: 3 locID: 102659352506073561 bcsId: 0,size=1048576]} | ret=SUCCESS |  
2019-08-22 07:03:25,207 [grpc-default-executor-3] INFO  client.GrpcClientProtocolClient (GrpcClientProtocolClient.java:onNext(255)) - client-CF63D631FA17->3cf1264f-5f6b-4138-aeee-2ff7d4522ead: receive RaftClientReply:client-CF63D631FA17->3cf1264f-5f6b-4138-aeee-2ff7d4522ead@group-561E16522154, cid=1291, SUCCESS, logIndex=1813, commits[3cf1264f-5f6b-4138-aeee-2ff7d4522ead:c1815, 4f0d1a15-8f14-4d9a-ad4f-8211e1245b5d:c1812, 6999f20e-c3f7-4db4-87ca-141c476f2a88:c1812]
2019-08-22 07:03:25,208 | INFO  | DNAudit | user=null | ip=null | op=WRITE_CHUNK {blockData=conID: 3 locID: 102659352506073561 bcsId: 0} | ret=SUCCESS |  
2019-08-22 07:03:25,208 [grpc-default-executor-3] INFO  client.GrpcClientProtocolClient (GrpcClientProtocolClient.java:onNext(255)) - client-CF63D631FA17->3cf1264f-5f6b-4138-aeee-2ff7d4522ead: receive RaftClientReply:client-CF63D631FA17->3cf1264f-5f6b-4138-aeee-2ff7d4522ead@group-561E16522154, cid=1292, SUCCESS, logIndex=1814, commits[3cf1264f-5f6b-4138-aeee-2ff7d4522ead:c1816, 4f0d1a15-8f14-4d9a-ad4f-8211e1245b5d:c1812, 6999f20e-c3f7-4db4-87ca-141c476f2a88:c1812]
2019-08-22 07:03:25,208 | INFO  | DNAudit | user=null | ip=null | op=PUT_BLOCK {blockData=[blockId=conID: 3 locID: 102659352506073561 bcsId: 0,size=2097152]} | ret=SUCCESS |  
2019-08-22 07:03:25,208 [grpc-default-executor-3] INFO  client.GrpcClientProtocolClient (GrpcClientProtocolClient.java:onNext(255)) - client-CF63D631FA17->3cf1264f-5f6b-4138-aeee-2ff7d4522ead: receive RaftClientReply:client-CF63D631FA17->3cf1264f-5f6b-4138-aeee-2ff7d4522ead@group-561E16522154, cid=1293, SUCCESS, logIndex=1815, commits[3cf1264f-5f6b-4138-aeee-2ff7d4522ead:c1816, 4f0d1a15-8f14-4d9a-ad4f-8211e1245b5d:c1812, 6999f20e-c3f7-4db4-87ca-141c476f2a88:c1812]
2019-08-22 07:03:25,209 [grpc-default-executor-3] INFO  client.GrpcClientProtocolClient (GrpcClientProtocolClient.java:onNext(255)) - client-CF63D631FA17->3cf1264f-5f6b-4138-aeee-2ff7d4522ead: receive RaftClientReply:client-CF63D631FA17->3cf1264f-5f6b-4138-aeee-2ff7d4522ead@group-561E16522154, cid=1294, SUCCESS, logIndex=1816, commits[3cf1264f-5f6b-4138-aeee-2ff7d4522ead:c1816, 4f0d1a15-8f14-4d9a-ad4f-8211e1245b5d:c1812, 6999f20e-c3f7-4db4-87ca-141c476f2a88:c1812]
2019-08-22 07:03:25,209 | INFO  | DNAudit | user=null | ip=null | op=WRITE_CHUNK {blockData=conID: 3 locID: 102659352506073561 bcsId: 0} | ret=SUCCESS |  
2019-08-22 07:03:25,209 | INFO  | DNAudit | user=null | ip=null | op=WRITE_CHUNK {blockData=conID: 3 locID: 102659352506073561 bcsId: 0} | ret=SUCCESS |  
2019-08-22 07:03:25,209 | INFO  | DNAudit | user=null | ip=null | op=PUT_BLOCK {blockData=[blockId=conID: 3 locID: 102659352506073561 bcsId: 0,size=1048576]} | ret=SUCCESS |  
2019-08-22 07:03:25,221 | INFO  | DNAudit | user=null | ip=null | op=PUT_BLOCK {blockData=[blockId=conID: 3 locID: 102659352506073561 bcsId: 0,size=1048576]} | ret=SUCCESS |  
2019-08-22 07:03:25,221 | INFO  | DNAudit | user=null | ip=null | op=WRITE_CHUNK {blockData=conID: 3 locID: 102659352506073561 bcsId: 0} | ret=SUCCESS |  
2019-08-22 07:03:25,221 | INFO  | DNAudit | user=null | ip=null | op=WRITE_CHUNK {blockData=conID: 3 locID: 102659352506073561 bcsId: 0} | ret=SUCCESS |  
2019-08-22 07:03:25,221 | INFO  | DNAudit | user=null | ip=null | op=PUT_BLOCK {blockData=[blockId=conID: 3 locID: 102659352506073561 bcsId: 0,size=2097152]} | ret=SUCCESS |  
2019-08-22 07:03:25,221 | INFO  | DNAudit | user=null | ip=null | op=PUT_BLOCK {blockData=[blockId=conID: 3 locID: 102659352506073561 bcsId: 0,size=2097152]} | ret=SUCCESS |  
2019-08-22 07:03:25,222 [grpc-default-executor-3] INFO  client.GrpcClientProtocolClient (GrpcClientProtocolClient.java:onNext(255)) - client-CF63D631FA17->3cf1264f-5f6b-4138-aeee-2ff7d4522ead: receive RaftClientReply:client-CF63D631FA17->3cf1264f-5f6b-4138-aeee-2ff7d4522ead@group-561E16522154, cid=1295, SUCCESS, logIndex=0, commits[3cf1264f-5f6b-4138-aeee-2ff7d4522ead:c1818, 4f0d1a15-8f14-4d9a-ad4f-8211e1245b5d:c1814, 6999f20e-c3f7-4db4-87ca-141c476f2a88:c1814]
2019-08-22 07:03:25,231 | INFO  | DNAudit | user=null | ip=null | op=WRITE_CHUNK {blockData=conID: 3 locID: 102659352506073561 bcsId: 1816} | ret=SUCCESS |  
2019-08-22 07:03:25,234 | INFO  | DNAudit | user=null | ip=null | op=WRITE_CHUNK {blockData=conID: 3 locID: 102659352506073561 bcsId: 1816} | ret=SUCCESS |  
2019-08-22 07:03:25,234 | INFO  | DNAudit | user=null | ip=null | op=WRITE_CHUNK {blockData=conID: 3 locID: 102659352506073561 bcsId: 1816} | ret=SUCCESS |  
2019-08-22 07:03:25,244 | INFO  | DNAudit | user=null | ip=null | op=WRITE_CHUNK {blockData=conID: 3 locID: 102659352506073561 bcsId: 1816} | ret=SUCCESS |  
2019-08-22 07:03:25,244 | INFO  | DNAudit | user=null | ip=null | op=PUT_BLOCK {blockData=[blockId=conID: 3 locID: 102659352506073561 bcsId: 0,size=3145728]} | ret=SUCCESS |  
2019-08-22 07:03:25,244 [grpc-default-executor-1] INFO  client.GrpcClientProtocolClient (GrpcClientProtocolClient.java:onNext(255)) - client-CF63D631FA17->3cf1264f-5f6b-4138-aeee-2ff7d4522ead: receive RaftClientReply:client-CF63D631FA17->3cf1264f-5f6b-4138-aeee-2ff7d4522ead@group-561E16522154, cid=1296, SUCCESS, logIndex=1821, commits[3cf1264f-5f6b-4138-aeee-2ff7d4522ead:c1822, 4f0d1a15-8f14-4d9a-ad4f-8211e1245b5d:c1820, 6999f20e-c3f7-4db4-87ca-141c476f2a88:c1820]
2019-08-22 07:03:25,245 [grpc-default-executor-1] INFO  client.GrpcClientProtocolClient (GrpcClientProtocolClient.java:onNext(255)) - client-CF63D631FA17->3cf1264f-5f6b-4138-aeee-2ff7d4522ead: receive RaftClientReply:client-CF63D631FA17->3cf1264f-5f6b-4138-aeee-2ff7d4522ead@group-561E16522154, cid=1297, SUCCESS, logIndex=1822, commits[3cf1264f-5f6b-4138-aeee-2ff7d4522ead:c1822, 4f0d1a15-8f14-4d9a-ad4f-8211e1245b5d:c1820, 6999f20e-c3f7-4db4-87ca-141c476f2a88:c1820]
2019-08-22 07:03:25,251 | INFO  | DNAudit | user=null | ip=null | op=WRITE_CHUNK {blockData=conID: 3 locID: 102659352506073561 bcsId: 1822} | ret=SUCCESS |  
2019-08-22 07:03:25,254 | INFO  | DNAudit | user=null | ip=null | op=WRITE_CHUNK {blockData=conID: 3 locID: 102659352506073561 bcsId: 1822} | ret=SUCCESS |  
2019-08-22 07:03:25,254 | INFO  | DNAudit | user=null | ip=null | op=WRITE_CHUNK {blockData=conID: 3 locID: 102659352506073561 bcsId: 1822} | ret=SUCCESS |  
2019-08-22 07:03:25,255 | INFO  | DNAudit | user=null | ip=null | op=WRITE_CHUNK {blockData=conID: 3 locID: 102659352506073561 bcsId: 1816} | ret=SUCCESS |  
2019-08-22 07:03:25,255 | INFO  | DNAudit | user=null | ip=null | op=WRITE_CHUNK {blockData=conID: 3 locID: 102659352506073561 bcsId: 1816} | ret=SUCCESS |  
2019-08-22 07:03:25,256 | INFO  | DNAudit | user=null | ip=null | op=PUT_BLOCK {blockData=[blockId=conID: 3 locID: 102659352506073561 bcsId: 0,size=3145728]} | ret=SUCCESS |  
2019-08-22 07:03:25,257 | INFO  | DNAudit | user=null | ip=null | op=PUT_BLOCK {blockData=[blockId=conID: 3 locID: 102659352506073561 bcsId: 0,size=3145728]} | ret=SUCCESS |  
2019-08-22 07:03:25,257 | INFO  | DNAudit | user=null | ip=null | op=WRITE_CHUNK {blockData=conID: 3 locID: 102659352506073561 bcsId: 1822} | ret=SUCCESS |  
2019-08-22 07:03:25,257 | INFO  | DNAudit | user=null | ip=null | op=PUT_BLOCK {blockData=[blockId=conID: 3 locID: 102659352506073561 bcsId: 0,size=4194304]} | ret=SUCCESS |  
2019-08-22 07:03:25,261 [grpc-default-executor-1] INFO  client.GrpcClientProtocolClient (GrpcClientProtocolClient.java:onNext(255)) - client-CF63D631FA17->3cf1264f-5f6b-4138-aeee-2ff7d4522ead: receive RaftClientReply:client-CF63D631FA17->3cf1264f-5f6b-4138-aeee-2ff7d4522ead@group-561E16522154, cid=1298, SUCCESS, logIndex=1825, commits[3cf1264f-5f6b-4138-aeee-2ff7d4522ead:c1826, 4f0d1a15-8f14-4d9a-ad4f-8211e1245b5d:c1822, 6999f20e-c3f7-4db4-87ca-141c476f2a88:c1822]
2019-08-22 07:03:25,262 | INFO  | DNAudit | user=null | ip=null | op=WRITE_CHUNK {blockData=conID: 3 locID: 102659352506073561 bcsId: 1822} | ret=SUCCESS |  
2019-08-22 07:03:25,262 | INFO  | DNAudit | user=null | ip=null | op=WRITE_CHUNK {blockData=conID: 3 locID: 102659352506073561 bcsId: 1822} | ret=SUCCESS |  
2019-08-22 07:03:25,262 | INFO  | DNAudit | user=null | ip=null | op=PUT_BLOCK {blockData=[blockId=conID: 3 locID: 102659352506073561 bcsId: 0,size=4194304]} | ret=SUCCESS |  
2019-08-22 07:03:25,262 | INFO  | DNAudit | user=null | ip=null | op=PUT_BLOCK {blockData=[blockId=conID: 3 locID: 102659352506073561 bcsId: 0,size=4194304]} | ret=SUCCESS |  
2019-08-22 07:03:25,262 [grpc-default-executor-5] INFO  client.GrpcClientProtocolClient (GrpcClientProtocolClient.java:onNext(255)) - client-CF63D631FA17->3cf1264f-5f6b-4138-aeee-2ff7d4522ead: receive RaftClientReply:client-CF63D631FA17->3cf1264f-5f6b-4138-aeee-2ff7d4522ead@group-561E16522154, cid=1299, SUCCESS, logIndex=1826, commits[3cf1264f-5f6b-4138-aeee-2ff7d4522ead:c1826, 4f0d1a15-8f14-4d9a-ad4f-8211e1245b5d:c1822, 6999f20e-c3f7-4db4-87ca-141c476f2a88:c1822]
2019-08-22 07:03:25,264 [grpc-default-executor-5] INFO  client.GrpcClientProtocolClient (GrpcClientProtocolClient.java:onNext(255)) - client-CF63D631FA17->3cf1264f-5f6b-4138-aeee-2ff7d4522ead: receive RaftClientReply:client-CF63D631FA17->3cf1264f-5f6b-4138-aeee-2ff7d4522ead@group-561E16522154, cid=1300, SUCCESS, logIndex=0, commits[3cf1264f-5f6b-4138-aeee-2ff7d4522ead:c1827, 4f0d1a15-8f14-4d9a-ad4f-8211e1245b5d:c1826, 6999f20e-c3f7-4db4-87ca-141c476f2a88:c1826]
2019-08-22 07:03:25,269 | INFO  | SCMAudit | user=jenkins1000 | ip=192.168.34.31 | op=ALLOCATE_BLOCK {owner=04b6d46a-98e2-41b1-9f38-1870289993ea, size=4194304, type=RATIS, factor=THREE} | ret=SUCCESS |  
2019-08-22 07:03:25,271 | INFO  | OMAudit | user=jenkins1000 | ip=127.0.0.1 | op=ALLOCATE_BLOCK {volume=vol-0-14906, bucket=bucket-0-53153, key=key-0-33222, dataSize=0, replicationType=null, replicationFactor=null, keyLocationInfo=null, clientID=102659352017764754} | ret=SUCCESS |  
2019-08-22 07:03:25,278 | INFO  | DNAudit | user=null | ip=null | op=WRITE_CHUNK {blockData=conID: 1 locID: 102659352511644122 bcsId: 0} | ret=SUCCESS |  
2019-08-22 07:03:25,281 | INFO  | DNAudit | user=null | ip=null | op=WRITE_CHUNK {blockData=conID: 1 locID: 102659352511644122 bcsId: 0} | ret=SUCCESS |  
2019-08-22 07:03:25,282 | INFO  | DNAudit | user=null | ip=null | op=WRITE_CHUNK {blockData=conID: 1 locID: 102659352511644122 bcsId: 0} | ret=SUCCESS |  
2019-08-22 07:03:25,282 | INFO  | DNAudit | user=null | ip=null | op=WRITE_CHUNK {blockData=conID: 1 locID: 102659352511644122 bcsId: 0} | ret=SUCCESS |  
2019-08-22 07:03:25,283 | INFO  | DNAudit | user=null | ip=null | op=WRITE_CHUNK {blockData=conID: 1 locID: 102659352511644122 bcsId: 0} | ret=SUCCESS |  
2019-08-22 07:03:25,284 | INFO  | DNAudit | user=null | ip=null | op=WRITE_CHUNK {blockData=conID: 1 locID: 102659352511644122 bcsId: 0} | ret=SUCCESS |  
2019-08-22 07:03:25,291 | INFO  | DNAudit | user=null | ip=null | op=WRITE_CHUNK {blockData=conID: 1 locID: 102659352511644122 bcsId: 0} | ret=SUCCESS |  
2019-08-22 07:03:25,291 | INFO  | DNAudit | user=null | ip=null | op=PUT_BLOCK {blockData=[blockId=conID: 1 locID: 102659352511644122 bcsId: 0,size=1048576]} | ret=SUCCESS |  
2019-08-22 07:03:25,292 | INFO  | DNAudit | user=null | ip=null | op=WRITE_CHUNK {blockData=conID: 1 locID: 102659352511644122 bcsId: 0} | ret=SUCCESS |  
2019-08-22 07:03:25,292 [grpc-default-executor-3] INFO  client.GrpcClientProtocolClient (GrpcClientProtocolClient.java:onNext(255)) - client-CF63D631FA17->3cf1264f-5f6b-4138-aeee-2ff7d4522ead: receive RaftClientReply:client-CF63D631FA17->3cf1264f-5f6b-4138-aeee-2ff7d4522ead@group-561E16522154, cid=1301, SUCCESS, logIndex=1829, commits[3cf1264f-5f6b-4138-aeee-2ff7d4522ead:c1830, 4f0d1a15-8f14-4d9a-ad4f-8211e1245b5d:c1828, 6999f20e-c3f7-4db4-87ca-141c476f2a88:c1828]
2019-08-22 07:03:25,292 | INFO  | DNAudit | user=null | ip=null | op=PUT_BLOCK {blockData=[blockId=conID: 1 locID: 102659352511644122 bcsId: 0,size=2097152]} | ret=SUCCESS |  
2019-08-22 07:03:25,292 [grpc-default-executor-3] INFO  client.GrpcClientProtocolClient (GrpcClientProtocolClient.java:onNext(255)) - client-CF63D631FA17->3cf1264f-5f6b-4138-aeee-2ff7d4522ead: receive RaftClientReply:client-CF63D631FA17->3cf1264f-5f6b-4138-aeee-2ff7d4522ead@group-561E16522154, cid=1302, SUCCESS, logIndex=1830, commits[3cf1264f-5f6b-4138-aeee-2ff7d4522ead:c1832, 4f0d1a15-8f14-4d9a-ad4f-8211e1245b5d:c1828, 6999f20e-c3f7-4db4-87ca-141c476f2a88:c1828]
2019-08-22 07:03:25,293 [grpc-default-executor-3] INFO  client.GrpcClientProtocolClient (GrpcClientProtocolClient.java:onNext(255)) - client-CF63D631FA17->3cf1264f-5f6b-4138-aeee-2ff7d4522ead: receive RaftClientReply:client-CF63D631FA17->3cf1264f-5f6b-4138-aeee-2ff7d4522ead@group-561E16522154, cid=1303, SUCCESS, logIndex=1831, commits[3cf1264f-5f6b-4138-aeee-2ff7d4522ead:c1832, 4f0d1a15-8f14-4d9a-ad4f-8211e1245b5d:c1828, 6999f20e-c3f7-4db4-87ca-141c476f2a88:c1828]
2019-08-22 07:03:25,293 [grpc-default-executor-3] INFO  client.GrpcClientProtocolClient (GrpcClientProtocolClient.java:onNext(255)) - client-CF63D631FA17->3cf1264f-5f6b-4138-aeee-2ff7d4522ead: receive RaftClientReply:client-CF63D631FA17->3cf1264f-5f6b-4138-aeee-2ff7d4522ead@group-561E16522154, cid=1304, SUCCESS, logIndex=1832, commits[3cf1264f-5f6b-4138-aeee-2ff7d4522ead:c1832, 4f0d1a15-8f14-4d9a-ad4f-8211e1245b5d:c1828, 6999f20e-c3f7-4db4-87ca-141c476f2a88:c1828]
2019-08-22 07:03:25,294 | INFO  | DNAudit | user=null | ip=null | op=WRITE_CHUNK {blockData=conID: 1 locID: 102659352511644122 bcsId: 0} | ret=SUCCESS |  
2019-08-22 07:03:25,305 | INFO  | DNAudit | user=null | ip=null | op=WRITE_CHUNK {blockData=conID: 1 locID: 102659352511644122 bcsId: 0} | ret=SUCCESS |  
2019-08-22 07:03:25,305 | INFO  | DNAudit | user=null | ip=null | op=PUT_BLOCK {blockData=[blockId=conID: 1 locID: 102659352511644122 bcsId: 0,size=1048576]} | ret=SUCCESS |  
2019-08-22 07:03:25,305 | INFO  | DNAudit | user=null | ip=null | op=PUT_BLOCK {blockData=[blockId=conID: 1 locID: 102659352511644122 bcsId: 0,size=1048576]} | ret=SUCCESS |  
2019-08-22 07:03:25,306 | INFO  | DNAudit | user=null | ip=null | op=WRITE_CHUNK {blockData=conID: 1 locID: 102659352511644122 bcsId: 0} | ret=SUCCESS |  
2019-08-22 07:03:25,306 | INFO  | DNAudit | user=null | ip=null | op=PUT_BLOCK {blockData=[blockId=conID: 1 locID: 102659352511644122 bcsId: 0,size=2097152]} | ret=SUCCESS |  
2019-08-22 07:03:25,306 | INFO  | DNAudit | user=null | ip=null | op=WRITE_CHUNK {blockData=conID: 1 locID: 102659352511644122 bcsId: 0} | ret=SUCCESS |  
2019-08-22 07:03:25,306 | INFO  | DNAudit | user=null | ip=null | op=PUT_BLOCK {blockData=[blockId=conID: 1 locID: 102659352511644122 bcsId: 0,size=2097152]} | ret=SUCCESS |  
2019-08-22 07:03:25,306 [grpc-default-executor-5] INFO  client.GrpcClientProtocolClient (GrpcClientProtocolClient.java:onNext(255)) - client-CF63D631FA17->3cf1264f-5f6b-4138-aeee-2ff7d4522ead: receive RaftClientReply:client-CF63D631FA17->3cf1264f-5f6b-4138-aeee-2ff7d4522ead@group-561E16522154, cid=1305, SUCCESS, logIndex=0, commits[3cf1264f-5f6b-4138-aeee-2ff7d4522ead:c1834, 4f0d1a15-8f14-4d9a-ad4f-8211e1245b5d:c1830, 6999f20e-c3f7-4db4-87ca-141c476f2a88:c1830]
2019-08-22 07:03:25,313 | INFO  | DNAudit | user=null | ip=null | op=WRITE_CHUNK {blockData=conID: 1 locID: 102659352511644122 bcsId: 1832} | ret=SUCCESS |  
2019-08-22 07:03:25,316 | INFO  | DNAudit | user=null | ip=null | op=WRITE_CHUNK {blockData=conID: 1 locID: 102659352511644122 bcsId: 1832} | ret=SUCCESS |  
2019-08-22 07:03:25,316 | INFO  | DNAudit | user=null | ip=null | op=WRITE_CHUNK {blockData=conID: 1 locID: 102659352511644122 bcsId: 1832} | ret=SUCCESS |  
2019-08-22 07:03:25,326 | INFO  | DNAudit | user=null | ip=null | op=WRITE_CHUNK {blockData=conID: 1 locID: 102659352511644122 bcsId: 1832} | ret=SUCCESS |  
2019-08-22 07:03:25,326 | INFO  | DNAudit | user=null | ip=null | op=PUT_BLOCK {blockData=[blockId=conID: 1 locID: 102659352511644122 bcsId: 0,size=3145728]} | ret=SUCCESS |  
2019-08-22 07:03:25,327 [grpc-default-executor-3] INFO  client.GrpcClientProtocolClient (GrpcClientProtocolClient.java:onNext(255)) - client-CF63D631FA17->3cf1264f-5f6b-4138-aeee-2ff7d4522ead: receive RaftClientReply:client-CF63D631FA17->3cf1264f-5f6b-4138-aeee-2ff7d4522ead@group-561E16522154, cid=1306, SUCCESS, logIndex=1836, commits[3cf1264f-5f6b-4138-aeee-2ff7d4522ead:c1837, 4f0d1a15-8f14-4d9a-ad4f-8211e1245b5d:c1835, 6999f20e-c3f7-4db4-87ca-141c476f2a88:c1835]
2019-08-22 07:03:25,327 [grpc-default-executor-3] INFO  client.GrpcClientProtocolClient (GrpcClientProtocolClient.java:onNext(255)) - client-CF63D631FA17->3cf1264f-5f6b-4138-aeee-2ff7d4522ead: receive RaftClientReply:client-CF63D631FA17->3cf1264f-5f6b-4138-aeee-2ff7d4522ead@group-561E16522154, cid=1307, SUCCESS, logIndex=1837, commits[3cf1264f-5f6b-4138-aeee-2ff7d4522ead:c1837, 4f0d1a15-8f14-4d9a-ad4f-8211e1245b5d:c1835, 6999f20e-c3f7-4db4-87ca-141c476f2a88:c1835]
2019-08-22 07:03:25,328 | INFO  | DNAudit | user=null | ip=null | op=WRITE_CHUNK {blockData=conID: 1 locID: 102659352511644122 bcsId: 1832} | ret=SUCCESS |  
2019-08-22 07:03:25,328 | INFO  | DNAudit | user=null | ip=null | op=WRITE_CHUNK {blockData=conID: 1 locID: 102659352511644122 bcsId: 1832} | ret=SUCCESS |  
2019-08-22 07:03:25,328 | INFO  | DNAudit | user=null | ip=null | op=PUT_BLOCK {blockData=[blockId=conID: 1 locID: 102659352511644122 bcsId: 0,size=3145728]} | ret=SUCCESS |  
2019-08-22 07:03:25,329 | INFO  | DNAudit | user=null | ip=null | op=PUT_BLOCK {blockData=[blockId=conID: 1 locID: 102659352511644122 bcsId: 0,size=3145728]} | ret=SUCCESS |  
2019-08-22 07:03:25,334 | INFO  | DNAudit | user=null | ip=null | op=WRITE_CHUNK {blockData=conID: 1 locID: 102659352511644122 bcsId: 1837} | ret=SUCCESS |  
2019-08-22 07:03:25,336 | INFO  | DNAudit | user=null | ip=null | op=WRITE_CHUNK {blockData=conID: 1 locID: 102659352511644122 bcsId: 1837} | ret=SUCCESS |  
2019-08-22 07:03:25,337 | INFO  | DNAudit | user=null | ip=null | op=WRITE_CHUNK {blockData=conID: 1 locID: 102659352511644122 bcsId: 1837} | ret=SUCCESS |  
2019-08-22 07:03:25,339 | INFO  | DNAudit | user=null | ip=null | op=WRITE_CHUNK {blockData=conID: 1 locID: 102659352511644122 bcsId: 1837} | ret=SUCCESS |  
2019-08-22 07:03:25,339 | INFO  | DNAudit | user=null | ip=null | op=PUT_BLOCK {blockData=[blockId=conID: 1 locID: 102659352511644122 bcsId: 0,size=4194304]} | ret=SUCCESS |  
2019-08-22 07:03:25,339 [grpc-default-executor-3] INFO  client.GrpcClientProtocolClient (GrpcClientProtocolClient.java:onNext(255)) - client-CF63D631FA17->3cf1264f-5f6b-4138-aeee-2ff7d4522ead: receive RaftClientReply:client-CF63D631FA17->3cf1264f-5f6b-4138-aeee-2ff7d4522ead@group-561E16522154, cid=1308, SUCCESS, logIndex=1840, commits[3cf1264f-5f6b-4138-aeee-2ff7d4522ead:c1841, 4f0d1a15-8f14-4d9a-ad4f-8211e1245b5d:c1839, 6999f20e-c3f7-4db4-87ca-141c476f2a88:c1839]
2019-08-22 07:03:25,340 [grpc-default-executor-3] INFO  client.GrpcClientProtocolClient (GrpcClientProtocolClient.java:onNext(255)) - client-CF63D631FA17->3cf1264f-5f6b-4138-aeee-2ff7d4522ead: receive RaftClientReply:client-CF63D631FA17->3cf1264f-5f6b-4138-aeee-2ff7d4522ead@group-561E16522154, cid=1309, SUCCESS, logIndex=1841, commits[3cf1264f-5f6b-4138-aeee-2ff7d4522ead:c1841, 4f0d1a15-8f14-4d9a-ad4f-8211e1245b5d:c1839, 6999f20e-c3f7-4db4-87ca-141c476f2a88:c1839]
2019-08-22 07:03:25,342 | INFO  | DNAudit | user=null | ip=null | op=WRITE_CHUNK {blockData=conID: 1 locID: 102659352511644122 bcsId: 1837} | ret=SUCCESS |  
2019-08-22 07:03:25,342 | INFO  | DNAudit | user=null | ip=null | op=WRITE_CHUNK {blockData=conID: 1 locID: 102659352511644122 bcsId: 1837} | ret=SUCCESS |  
2019-08-22 07:03:25,342 | INFO  | DNAudit | user=null | ip=null | op=PUT_BLOCK {blockData=[blockId=conID: 1 locID: 102659352511644122 bcsId: 0,size=4194304]} | ret=SUCCESS |  
2019-08-22 07:03:25,342 | INFO  | DNAudit | user=null | ip=null | op=PUT_BLOCK {blockData=[blockId=conID: 1 locID: 102659352511644122 bcsId: 0,size=4194304]} | ret=SUCCESS |  
2019-08-22 07:03:25,342 [grpc-default-executor-3] INFO  client.GrpcClientProtocolClient (GrpcClientProtocolClient.java:onNext(255)) - client-CF63D631FA17->3cf1264f-5f6b-4138-aeee-2ff7d4522ead: receive RaftClientReply:client-CF63D631FA17->3cf1264f-5f6b-4138-aeee-2ff7d4522ead@group-561E16522154, cid=1310, SUCCESS, logIndex=0, commits[3cf1264f-5f6b-4138-aeee-2ff7d4522ead:c1842, 4f0d1a15-8f14-4d9a-ad4f-8211e1245b5d:c1841, 6999f20e-c3f7-4db4-87ca-141c476f2a88:c1841]
2019-08-22 07:03:25,347 | INFO  | SCMAudit | user=jenkins1000 | ip=192.168.34.31 | op=ALLOCATE_BLOCK {owner=04b6d46a-98e2-41b1-9f38-1870289993ea, size=4194304, type=RATIS, factor=THREE} | ret=SUCCESS |  
2019-08-22 07:03:25,349 | INFO  | OMAudit | user=jenkins1000 | ip=127.0.0.1 | op=ALLOCATE_BLOCK {volume=vol-0-14906, bucket=bucket-0-53153, key=key-0-33222, dataSize=0, replicationType=null, replicationFactor=null, keyLocationInfo=null, clientID=102659352017764754} | ret=SUCCESS |  
2019-08-22 07:03:25,356 | INFO  | DNAudit | user=null | ip=null | op=WRITE_CHUNK {blockData=conID: 2 locID: 102659352516821467 bcsId: 0} | ret=SUCCESS |  
2019-08-22 07:03:25,358 | INFO  | DNAudit | user=null | ip=null | op=WRITE_CHUNK {blockData=conID: 2 locID: 102659352516821467 bcsId: 0} | ret=SUCCESS |  
2019-08-22 07:03:25,359 | INFO  | DNAudit | user=null | ip=null | op=WRITE_CHUNK {blockData=conID: 2 locID: 102659352516821467 bcsId: 0} | ret=SUCCESS |  
2019-08-22 07:03:25,359 | INFO  | DNAudit | user=null | ip=null | op=WRITE_CHUNK {blockData=conID: 2 locID: 102659352516821467 bcsId: 0} | ret=SUCCESS |  
2019-08-22 07:03:25,361 | INFO  | DNAudit | user=null | ip=null | op=WRITE_CHUNK {blockData=conID: 2 locID: 102659352516821467 bcsId: 0} | ret=SUCCESS |  
2019-08-22 07:03:25,361 | INFO  | DNAudit | user=null | ip=null | op=WRITE_CHUNK {blockData=conID: 2 locID: 102659352516821467 bcsId: 0} | ret=SUCCESS |  
2019-08-22 07:03:25,364 | INFO  | DNAudit | user=null | ip=null | op=WRITE_CHUNK {blockData=conID: 2 locID: 102659352516821467 bcsId: 0} | ret=SUCCESS |  
2019-08-22 07:03:25,365 | INFO  | DNAudit | user=null | ip=null | op=PUT_BLOCK {blockData=[blockId=conID: 2 locID: 102659352516821467 bcsId: 0,size=1048576]} | ret=SUCCESS |  
2019-08-22 07:03:25,365 [grpc-default-executor-1] INFO  client.GrpcClientProtocolClient (GrpcClientProtocolClient.java:onNext(255)) - client-CF63D631FA17->3cf1264f-5f6b-4138-aeee-2ff7d4522ead: receive RaftClientReply:client-CF63D631FA17->3cf1264f-5f6b-4138-aeee-2ff7d4522ead@group-561E16522154, cid=1311, SUCCESS, logIndex=1844, commits[3cf1264f-5f6b-4138-aeee-2ff7d4522ead:c1847, 4f0d1a15-8f14-4d9a-ad4f-8211e1245b5d:c1843, 6999f20e-c3f7-4db4-87ca-141c476f2a88:c1843]
2019-08-22 07:03:25,365 | INFO  | DNAudit | user=null | ip=null | op=WRITE_CHUNK {blockData=conID: 2 locID: 102659352516821467 bcsId: 0} | ret=SUCCESS |  
2019-08-22 07:03:25,365 [grpc-default-executor-1] INFO  client.GrpcClientProtocolClient (GrpcClientProtocolClient.java:onNext(255)) - client-CF63D631FA17->3cf1264f-5f6b-4138-aeee-2ff7d4522ead: receive RaftClientReply:client-CF63D631FA17->3cf1264f-5f6b-4138-aeee-2ff7d4522ead@group-561E16522154, cid=1312, SUCCESS, logIndex=1845, commits[3cf1264f-5f6b-4138-aeee-2ff7d4522ead:c1847, 4f0d1a15-8f14-4d9a-ad4f-8211e1245b5d:c1843, 6999f20e-c3f7-4db4-87ca-141c476f2a88:c1843]
2019-08-22 07:03:25,366 | INFO  | DNAudit | user=null | ip=null | op=PUT_BLOCK {blockData=[blockId=conID: 2 locID: 102659352516821467 bcsId: 0,size=2097152]} | ret=SUCCESS |  
2019-08-22 07:03:25,366 [grpc-default-executor-1] INFO  client.GrpcClientProtocolClient (GrpcClientProtocolClient.java:onNext(255)) - client-CF63D631FA17->3cf1264f-5f6b-4138-aeee-2ff7d4522ead: receive RaftClientReply:client-CF63D631FA17->3cf1264f-5f6b-4138-aeee-2ff7d4522ead@group-561E16522154, cid=1313, SUCCESS, logIndex=1846, commits[3cf1264f-5f6b-4138-aeee-2ff7d4522ead:c1847, 4f0d1a15-8f14-4d9a-ad4f-8211e1245b5d:c1843, 6999f20e-c3f7-4db4-87ca-141c476f2a88:c1843]
2019-08-22 07:03:25,366 [grpc-default-executor-1] INFO  client.GrpcClientProtocolClient (GrpcClientProtocolClient.java:onNext(255)) - client-CF63D631FA17->3cf1264f-5f6b-4138-aeee-2ff7d4522ead: receive RaftClientReply:client-CF63D631FA17->3cf1264f-5f6b-4138-aeee-2ff7d4522ead@group-561E16522154, cid=1314, SUCCESS, logIndex=1847, commits[3cf1264f-5f6b-4138-aeee-2ff7d4522ead:c1847, 4f0d1a15-8f14-4d9a-ad4f-8211e1245b5d:c1843, 6999f20e-c3f7-4db4-87ca-141c476f2a88:c1843]
2019-08-22 07:03:25,367 | INFO  | DNAudit | user=null | ip=null | op=WRITE_CHUNK {blockData=conID: 2 locID: 102659352516821467 bcsId: 0} | ret=SUCCESS |  
2019-08-22 07:03:25,367 | INFO  | DNAudit | user=null | ip=null | op=PUT_BLOCK {blockData=[blockId=conID: 2 locID: 102659352516821467 bcsId: 0,size=1048576]} | ret=SUCCESS |  
2019-08-22 07:03:25,367 | INFO  | DNAudit | user=null | ip=null | op=WRITE_CHUNK {blockData=conID: 2 locID: 102659352516821467 bcsId: 0} | ret=SUCCESS |  
2019-08-22 07:03:25,368 | INFO  | DNAudit | user=null | ip=null | op=PUT_BLOCK {blockData=[blockId=conID: 2 locID: 102659352516821467 bcsId: 0,size=1048576]} | ret=SUCCESS |  
2019-08-22 07:03:25,368 | INFO  | DNAudit | user=null | ip=null | op=WRITE_CHUNK {blockData=conID: 2 locID: 102659352516821467 bcsId: 0} | ret=SUCCESS |  
2019-08-22 07:03:25,368 [grpc-default-executor-1] INFO  client.GrpcClientProtocolClient (GrpcClientProtocolClient.java:onNext(255)) - client-CF63D631FA17->3cf1264f-5f6b-4138-aeee-2ff7d4522ead: receive RaftClientReply:client-CF63D631FA17->3cf1264f-5f6b-4138-aeee-2ff7d4522ead@group-561E16522154, cid=1315, SUCCESS, logIndex=0, commits[3cf1264f-5f6b-4138-aeee-2ff7d4522ead:c1848, 4f0d1a15-8f14-4d9a-ad4f-8211e1245b5d:c1845, 6999f20e-c3f7-4db4-87ca-141c476f2a88:c1845]
2019-08-22 07:03:25,368 | INFO  | DNAudit | user=null | ip=null | op=PUT_BLOCK {blockData=[blockId=conID: 2 locID: 102659352516821467 bcsId: 0,size=2097152]} | ret=SUCCESS |  
2019-08-22 07:03:25,369 | INFO  | SCMAudit | user=jenkins1000 | ip=192.168.34.31 | op=SEND_HEARTBEAT {datanodeUUID=f789f48f-f3d7-45ec-9bba-6a89e2bdcc9c, command=[]} | ret=SUCCESS |  
2019-08-22 07:03:25,370 | INFO  | DNAudit | user=null | ip=null | op=WRITE_CHUNK {blockData=conID: 2 locID: 102659352516821467 bcsId: 0} | ret=SUCCESS |  
2019-08-22 07:03:25,370 | INFO  | DNAudit | user=null | ip=null | op=PUT_BLOCK {blockData=[blockId=conID: 2 locID: 102659352516821467 bcsId: 0,size=2097152]} | ret=SUCCESS |  
2019-08-22 07:03:25,374 | INFO  | DNAudit | user=null | ip=null | op=WRITE_CHUNK {blockData=conID: 2 locID: 102659352516821467 bcsId: 1847} | ret=SUCCESS |  
2019-08-22 07:03:25,378 | INFO  | DNAudit | user=null | ip=null | op=WRITE_CHUNK {blockData=conID: 2 locID: 102659352516821467 bcsId: 1847} | ret=SUCCESS |  
2019-08-22 07:03:25,378 | INFO  | DNAudit | user=null | ip=null | op=WRITE_CHUNK {blockData=conID: 2 locID: 102659352516821467 bcsId: 1847} | ret=SUCCESS |  
2019-08-22 07:03:25,395 | INFO  | DNAudit | user=null | ip=null | op=WRITE_CHUNK {blockData=conID: 2 locID: 102659352516821467 bcsId: 1847} | ret=SUCCESS |  
2019-08-22 07:03:25,395 | INFO  | DNAudit | user=null | ip=null | op=PUT_BLOCK {blockData=[blockId=conID: 2 locID: 102659352516821467 bcsId: 0,size=3145728]} | ret=SUCCESS |  
2019-08-22 07:03:25,395 [grpc-default-executor-1] INFO  client.GrpcClientProtocolClient (GrpcClientProtocolClient.java:onNext(255)) - client-CF63D631FA17->3cf1264f-5f6b-4138-aeee-2ff7d4522ead: receive RaftClientReply:client-CF63D631FA17->3cf1264f-5f6b-4138-aeee-2ff7d4522ead@group-561E16522154, cid=1316, SUCCESS, logIndex=1851, commits[3cf1264f-5f6b-4138-aeee-2ff7d4522ead:c1852, 4f0d1a15-8f14-4d9a-ad4f-8211e1245b5d:c1850, 6999f20e-c3f7-4db4-87ca-141c476f2a88:c1850]
2019-08-22 07:03:25,396 [grpc-default-executor-1] INFO  client.GrpcClientProtocolClient (GrpcClientProtocolClient.java:onNext(255)) - client-CF63D631FA17->3cf1264f-5f6b-4138-aeee-2ff7d4522ead: receive RaftClientReply:client-CF63D631FA17->3cf1264f-5f6b-4138-aeee-2ff7d4522ead@group-561E16522154, cid=1317, SUCCESS, logIndex=1852, commits[3cf1264f-5f6b-4138-aeee-2ff7d4522ead:c1852, 4f0d1a15-8f14-4d9a-ad4f-8211e1245b5d:c1850, 6999f20e-c3f7-4db4-87ca-141c476f2a88:c1850]
2019-08-22 07:03:25,403 | INFO  | DNAudit | user=null | ip=null | op=WRITE_CHUNK {blockData=conID: 2 locID: 102659352516821467 bcsId: 1852} | ret=SUCCESS |  
2019-08-22 07:03:25,405 | INFO  | DNAudit | user=null | ip=null | op=WRITE_CHUNK {blockData=conID: 2 locID: 102659352516821467 bcsId: 1852} | ret=SUCCESS |  
2019-08-22 07:03:25,405 | INFO  | DNAudit | user=null | ip=null | op=WRITE_CHUNK {blockData=conID: 2 locID: 102659352516821467 bcsId: 1852} | ret=SUCCESS |  
2019-08-22 07:03:25,406 | INFO  | DNAudit | user=null | ip=null | op=WRITE_CHUNK {blockData=conID: 2 locID: 102659352516821467 bcsId: 1847} | ret=SUCCESS |  
2019-08-22 07:03:25,407 | INFO  | DNAudit | user=null | ip=null | op=WRITE_CHUNK {blockData=conID: 2 locID: 102659352516821467 bcsId: 1847} | ret=SUCCESS |  
2019-08-22 07:03:25,408 | INFO  | DNAudit | user=null | ip=null | op=PUT_BLOCK {blockData=[blockId=conID: 2 locID: 102659352516821467 bcsId: 0,size=3145728]} | ret=SUCCESS |  
2019-08-22 07:03:25,408 | INFO  | DNAudit | user=null | ip=null | op=PUT_BLOCK {blockData=[blockId=conID: 2 locID: 102659352516821467 bcsId: 0,size=3145728]} | ret=SUCCESS |  
2019-08-22 07:03:25,408 | INFO  | DNAudit | user=null | ip=null | op=WRITE_CHUNK {blockData=conID: 2 locID: 102659352516821467 bcsId: 1852} | ret=SUCCESS |  
2019-08-22 07:03:25,409 | INFO  | DNAudit | user=null | ip=null | op=PUT_BLOCK {blockData=[blockId=conID: 2 locID: 102659352516821467 bcsId: 0,size=4194304]} | ret=SUCCESS |  
2019-08-22 07:03:25,409 [grpc-default-executor-5] INFO  client.GrpcClientProtocolClient (GrpcClientProtocolClient.java:onNext(255)) - client-CF63D631FA17->3cf1264f-5f6b-4138-aeee-2ff7d4522ead: receive RaftClientReply:client-CF63D631FA17->3cf1264f-5f6b-4138-aeee-2ff7d4522ead@group-561E16522154, cid=1318, SUCCESS, logIndex=1855, commits[3cf1264f-5f6b-4138-aeee-2ff7d4522ead:c1856, 4f0d1a15-8f14-4d9a-ad4f-8211e1245b5d:c1852, 6999f20e-c3f7-4db4-87ca-141c476f2a88:c1852]
2019-08-22 07:03:25,409 [grpc-default-executor-5] INFO  client.GrpcClientProtocolClient (GrpcClientProtocolClient.java:onNext(255)) - client-CF63D631FA17->3cf1264f-5f6b-4138-aeee-2ff7d4522ead: receive RaftClientReply:client-CF63D631FA17->3cf1264f-5f6b-4138-aeee-2ff7d4522ead@group-561E16522154, cid=1319, SUCCESS, logIndex=1856, commits[3cf1264f-5f6b-4138-aeee-2ff7d4522ead:c1856, 4f0d1a15-8f14-4d9a-ad4f-8211e1245b5d:c1852, 6999f20e-c3f7-4db4-87ca-141c476f2a88:c1852]
2019-08-22 07:03:25,419 | INFO  | DNAudit | user=null | ip=null | op=WRITE_CHUNK {blockData=conID: 2 locID: 102659352516821467 bcsId: 1852} | ret=SUCCESS |  
2019-08-22 07:03:25,419 | INFO  | DNAudit | user=null | ip=null | op=WRITE_CHUNK {blockData=conID: 2 locID: 102659352516821467 bcsId: 1852} | ret=SUCCESS |  
2019-08-22 07:03:25,422 | INFO  | DNAudit | user=null | ip=null | op=PUT_BLOCK {blockData=[blockId=conID: 2 locID: 102659352516821467 bcsId: 0,size=4194304]} | ret=SUCCESS |  
2019-08-22 07:03:25,422 | INFO  | DNAudit | user=null | ip=null | op=PUT_BLOCK {blockData=[blockId=conID: 2 locID: 102659352516821467 bcsId: 0,size=4194304]} | ret=SUCCESS |  
2019-08-22 07:03:25,423 [grpc-default-executor-0] INFO  client.GrpcClientProtocolClient (GrpcClientProtocolClient.java:onNext(255)) - client-CF63D631FA17->3cf1264f-5f6b-4138-aeee-2ff7d4522ead: receive RaftClientReply:client-CF63D631FA17->3cf1264f-5f6b-4138-aeee-2ff7d4522ead@group-561E16522154, cid=1320, SUCCESS, logIndex=0, commits[3cf1264f-5f6b-4138-aeee-2ff7d4522ead:c1858, 4f0d1a15-8f14-4d9a-ad4f-8211e1245b5d:c1856, 6999f20e-c3f7-4db4-87ca-141c476f2a88:c1856]
2019-08-22 07:03:25,427 | INFO  | SCMAudit | user=jenkins1000 | ip=192.168.34.31 | op=ALLOCATE_BLOCK {owner=04b6d46a-98e2-41b1-9f38-1870289993ea, size=4194304, type=RATIS, factor=THREE} | ret=SUCCESS |  
2019-08-22 07:03:25,430 | INFO  | OMAudit | user=jenkins1000 | ip=127.0.0.1 | op=ALLOCATE_BLOCK {volume=vol-0-14906, bucket=bucket-0-53153, key=key-0-33222, dataSize=0, replicationType=null, replicationFactor=null, keyLocationInfo=null, clientID=102659352017764754} | ret=SUCCESS |  
2019-08-22 07:03:25,437 | INFO  | DNAudit | user=null | ip=null | op=WRITE_CHUNK {blockData=conID: 3 locID: 102659352522064348 bcsId: 0} | ret=SUCCESS |  
2019-08-22 07:03:25,439 | INFO  | DNAudit | user=null | ip=null | op=WRITE_CHUNK {blockData=conID: 3 locID: 102659352522064348 bcsId: 0} | ret=SUCCESS |  
2019-08-22 07:03:25,440 | INFO  | DNAudit | user=null | ip=null | op=WRITE_CHUNK {blockData=conID: 3 locID: 102659352522064348 bcsId: 0} | ret=SUCCESS |  
2019-08-22 07:03:25,440 | INFO  | DNAudit | user=null | ip=null | op=WRITE_CHUNK {blockData=conID: 3 locID: 102659352522064348 bcsId: 0} | ret=SUCCESS |  
2019-08-22 07:03:25,441 | INFO  | DNAudit | user=null | ip=null | op=WRITE_CHUNK {blockData=conID: 3 locID: 102659352522064348 bcsId: 0} | ret=SUCCESS |  
2019-08-22 07:03:25,442 | INFO  | DNAudit | user=null | ip=null | op=WRITE_CHUNK {blockData=conID: 3 locID: 102659352522064348 bcsId: 0} | ret=SUCCESS |  
2019-08-22 07:03:25,450 | INFO  | DNAudit | user=null | ip=null | op=WRITE_CHUNK {blockData=conID: 3 locID: 102659352522064348 bcsId: 0} | ret=SUCCESS |  
2019-08-22 07:03:25,450 | INFO  | DNAudit | user=null | ip=null | op=PUT_BLOCK {blockData=[blockId=conID: 3 locID: 102659352522064348 bcsId: 0,size=1048576]} | ret=SUCCESS |  
2019-08-22 07:03:25,450 [grpc-default-executor-5] INFO  client.GrpcClientProtocolClient (GrpcClientProtocolClient.java:onNext(255)) - client-CF63D631FA17->3cf1264f-5f6b-4138-aeee-2ff7d4522ead: receive RaftClientReply:client-CF63D631FA17->3cf1264f-5f6b-4138-aeee-2ff7d4522ead@group-561E16522154, cid=1321, SUCCESS, logIndex=1859, commits[3cf1264f-5f6b-4138-aeee-2ff7d4522ead:c1861, 4f0d1a15-8f14-4d9a-ad4f-8211e1245b5d:c1858, 6999f20e-c3f7-4db4-87ca-141c476f2a88:c1858]
2019-08-22 07:03:25,450 | INFO  | DNAudit | user=null | ip=null | op=WRITE_CHUNK {blockData=conID: 3 locID: 102659352522064348 bcsId: 0} | ret=SUCCESS |  
2019-08-22 07:03:25,451 [grpc-default-executor-5] INFO  client.GrpcClientProtocolClient (GrpcClientProtocolClient.java:onNext(255)) - client-CF63D631FA17->3cf1264f-5f6b-4138-aeee-2ff7d4522ead: receive RaftClientReply:client-CF63D631FA17->3cf1264f-5f6b-4138-aeee-2ff7d4522ead@group-561E16522154, cid=1322, SUCCESS, logIndex=1860, commits[3cf1264f-5f6b-4138-aeee-2ff7d4522ead:c1862, 4f0d1a15-8f14-4d9a-ad4f-8211e1245b5d:c1858, 6999f20e-c3f7-4db4-87ca-141c476f2a88:c1858]
2019-08-22 07:03:25,451 | INFO  | DNAudit | user=null | ip=null | op=PUT_BLOCK {blockData=[blockId=conID: 3 locID: 102659352522064348 bcsId: 0,size=2097152]} | ret=SUCCESS |  
2019-08-22 07:03:25,451 [grpc-default-executor-5] INFO  client.GrpcClientProtocolClient (GrpcClientProtocolClient.java:onNext(255)) - client-CF63D631FA17->3cf1264f-5f6b-4138-aeee-2ff7d4522ead: receive RaftClientReply:client-CF63D631FA17->3cf1264f-5f6b-4138-aeee-2ff7d4522ead@group-561E16522154, cid=1323, SUCCESS, logIndex=1861, commits[3cf1264f-5f6b-4138-aeee-2ff7d4522ead:c1862, 4f0d1a15-8f14-4d9a-ad4f-8211e1245b5d:c1858, 6999f20e-c3f7-4db4-87ca-141c476f2a88:c1858]
2019-08-22 07:03:25,451 [grpc-default-executor-5] INFO  client.GrpcClientProtocolClient (GrpcClientProtocolClient.java:onNext(255)) - client-CF63D631FA17->3cf1264f-5f6b-4138-aeee-2ff7d4522ead: receive RaftClientReply:client-CF63D631FA17->3cf1264f-5f6b-4138-aeee-2ff7d4522ead@group-561E16522154, cid=1324, SUCCESS, logIndex=1862, commits[3cf1264f-5f6b-4138-aeee-2ff7d4522ead:c1862, 4f0d1a15-8f14-4d9a-ad4f-8211e1245b5d:c1858, 6999f20e-c3f7-4db4-87ca-141c476f2a88:c1858]
2019-08-22 07:03:25,461 | INFO  | DNAudit | user=null | ip=null | op=WRITE_CHUNK {blockData=conID: 3 locID: 102659352522064348 bcsId: 0} | ret=SUCCESS |  
2019-08-22 07:03:25,462 | INFO  | DNAudit | user=null | ip=null | op=WRITE_CHUNK {blockData=conID: 3 locID: 102659352522064348 bcsId: 0} | ret=SUCCESS |  
2019-08-22 07:03:25,462 | INFO  | DNAudit | user=null | ip=null | op=PUT_BLOCK {blockData=[blockId=conID: 3 locID: 102659352522064348 bcsId: 0,size=1048576]} | ret=SUCCESS |  
2019-08-22 07:03:25,462 | INFO  | DNAudit | user=null | ip=null | op=WRITE_CHUNK {blockData=conID: 3 locID: 102659352522064348 bcsId: 0} | ret=SUCCESS |  
2019-08-22 07:03:25,462 | INFO  | DNAudit | user=null | ip=null | op=PUT_BLOCK {blockData=[blockId=conID: 3 locID: 102659352522064348 bcsId: 0,size=2097152]} | ret=SUCCESS |  
2019-08-22 07:03:25,464 | INFO  | DNAudit | user=null | ip=null | op=PUT_BLOCK {blockData=[blockId=conID: 3 locID: 102659352522064348 bcsId: 0,size=1048576]} | ret=SUCCESS |  
2019-08-22 07:03:25,464 | INFO  | DNAudit | user=null | ip=null | op=WRITE_CHUNK {blockData=conID: 3 locID: 102659352522064348 bcsId: 0} | ret=SUCCESS |  
2019-08-22 07:03:25,464 | INFO  | DNAudit | user=null | ip=null | op=PUT_BLOCK {blockData=[blockId=conID: 3 locID: 102659352522064348 bcsId: 0,size=2097152]} | ret=SUCCESS |  
2019-08-22 07:03:25,464 [grpc-default-executor-5] INFO  client.GrpcClientProtocolClient (GrpcClientProtocolClient.java:onNext(255)) - client-CF63D631FA17->3cf1264f-5f6b-4138-aeee-2ff7d4522ead: receive RaftClientReply:client-CF63D631FA17->3cf1264f-5f6b-4138-aeee-2ff7d4522ead@group-561E16522154, cid=1325, SUCCESS, logIndex=0, commits[3cf1264f-5f6b-4138-aeee-2ff7d4522ead:c1866, 4f0d1a15-8f14-4d9a-ad4f-8211e1245b5d:c1860, 6999f20e-c3f7-4db4-87ca-141c476f2a88:c1862]
2019-08-22 07:03:25,470 | INFO  | DNAudit | user=null | ip=null | op=WRITE_CHUNK {blockData=conID: 3 locID: 102659352522064348 bcsId: 1862} | ret=SUCCESS |  
2019-08-22 07:03:25,472 | INFO  | DNAudit | user=null | ip=null | op=WRITE_CHUNK {blockData=conID: 3 locID: 102659352522064348 bcsId: 1862} | ret=SUCCESS |  
2019-08-22 07:03:25,473 | INFO  | DNAudit | user=null | ip=null | op=WRITE_CHUNK {blockData=conID: 3 locID: 102659352522064348 bcsId: 1862} | ret=SUCCESS |  
2019-08-22 07:03:25,483 | INFO  | DNAudit | user=null | ip=null | op=WRITE_CHUNK {blockData=conID: 3 locID: 102659352522064348 bcsId: 1862} | ret=SUCCESS |  
2019-08-22 07:03:25,483 | INFO  | DNAudit | user=null | ip=null | op=PUT_BLOCK {blockData=[blockId=conID: 3 locID: 102659352522064348 bcsId: 0,size=3145728]} | ret=SUCCESS |  
2019-08-22 07:03:25,484 [grpc-default-executor-0] INFO  client.GrpcClientProtocolClient (GrpcClientProtocolClient.java:onNext(255)) - client-CF63D631FA17->3cf1264f-5f6b-4138-aeee-2ff7d4522ead: receive RaftClientReply:client-CF63D631FA17->3cf1264f-5f6b-4138-aeee-2ff7d4522ead@group-561E16522154, cid=1326, SUCCESS, logIndex=1867, commits[3cf1264f-5f6b-4138-aeee-2ff7d4522ead:c1868, 4f0d1a15-8f14-4d9a-ad4f-8211e1245b5d:c1866, 6999f20e-c3f7-4db4-87ca-141c476f2a88:c1866]
2019-08-22 07:03:25,484 [grpc-default-executor-0] INFO  client.GrpcClientProtocolClient (GrpcClientProtocolClient.java:onNext(255)) - client-CF63D631FA17->3cf1264f-5f6b-4138-aeee-2ff7d4522ead: receive RaftClientReply:client-CF63D631FA17->3cf1264f-5f6b-4138-aeee-2ff7d4522ead@group-561E16522154, cid=1327, SUCCESS, logIndex=1868, commits[3cf1264f-5f6b-4138-aeee-2ff7d4522ead:c1868, 4f0d1a15-8f14-4d9a-ad4f-8211e1245b5d:c1866, 6999f20e-c3f7-4db4-87ca-141c476f2a88:c1866]
2019-08-22 07:03:25,490 | INFO  | DNAudit | user=null | ip=null | op=WRITE_CHUNK {blockData=conID: 3 locID: 102659352522064348 bcsId: 1868} | ret=SUCCESS |  
2019-08-22 07:03:25,493 | INFO  | DNAudit | user=null | ip=null | op=WRITE_CHUNK {blockData=conID: 3 locID: 102659352522064348 bcsId: 1868} | ret=SUCCESS |  
2019-08-22 07:03:25,493 | INFO  | DNAudit | user=null | ip=null | op=WRITE_CHUNK {blockData=conID: 3 locID: 102659352522064348 bcsId: 1868} | ret=SUCCESS |  
2019-08-22 07:03:25,494 | INFO  | DNAudit | user=null | ip=null | op=WRITE_CHUNK {blockData=conID: 3 locID: 102659352522064348 bcsId: 1862} | ret=SUCCESS |  
2019-08-22 07:03:25,495 | INFO  | DNAudit | user=null | ip=null | op=WRITE_CHUNK {blockData=conID: 3 locID: 102659352522064348 bcsId: 1862} | ret=SUCCESS |  
2019-08-22 07:03:25,497 | INFO  | DNAudit | user=null | ip=null | op=PUT_BLOCK {blockData=[blockId=conID: 3 locID: 102659352522064348 bcsId: 0,size=3145728]} | ret=SUCCESS |  
2019-08-22 07:03:25,498 | INFO  | DNAudit | user=null | ip=null | op=PUT_BLOCK {blockData=[blockId=conID: 3 locID: 102659352522064348 bcsId: 0,size=3145728]} | ret=SUCCESS |  
2019-08-22 07:03:25,498 | INFO  | DNAudit | user=null | ip=null | op=WRITE_CHUNK {blockData=conID: 3 locID: 102659352522064348 bcsId: 1868} | ret=SUCCESS |  
2019-08-22 07:03:25,498 | INFO  | DNAudit | user=null | ip=null | op=PUT_BLOCK {blockData=[blockId=conID: 3 locID: 102659352522064348 bcsId: 0,size=4194304]} | ret=SUCCESS |  
2019-08-22 07:03:25,499 [grpc-default-executor-0] INFO  client.GrpcClientProtocolClient (GrpcClientProtocolClient.java:onNext(255)) - client-CF63D631FA17->3cf1264f-5f6b-4138-aeee-2ff7d4522ead: receive RaftClientReply:client-CF63D631FA17->3cf1264f-5f6b-4138-aeee-2ff7d4522ead@group-561E16522154, cid=1328, SUCCESS, logIndex=1871, commits[3cf1264f-5f6b-4138-aeee-2ff7d4522ead:c1871, 4f0d1a15-8f14-4d9a-ad4f-8211e1245b5d:c1868, 6999f20e-c3f7-4db4-87ca-141c476f2a88:c1868]
2019-08-22 07:03:25,499 [grpc-default-executor-0] INFO  client.GrpcClientProtocolClient (GrpcClientProtocolClient.java:onNext(255)) - client-CF63D631FA17->3cf1264f-5f6b-4138-aeee-2ff7d4522ead: receive RaftClientReply:client-CF63D631FA17->3cf1264f-5f6b-4138-aeee-2ff7d4522ead@group-561E16522154, cid=1329, SUCCESS, logIndex=1872, commits[3cf1264f-5f6b-4138-aeee-2ff7d4522ead:c1872, 4f0d1a15-8f14-4d9a-ad4f-8211e1245b5d:c1868, 6999f20e-c3f7-4db4-87ca-141c476f2a88:c1868]
2019-08-22 07:03:25,510 | INFO  | DNAudit | user=null | ip=null | op=WRITE_CHUNK {blockData=conID: 3 locID: 102659352522064348 bcsId: 1868} | ret=SUCCESS |  
2019-08-22 07:03:25,510 | INFO  | DNAudit | user=null | ip=null | op=WRITE_CHUNK {blockData=conID: 3 locID: 102659352522064348 bcsId: 1868} | ret=SUCCESS |  
2019-08-22 07:03:25,511 | INFO  | DNAudit | user=null | ip=null | op=PUT_BLOCK {blockData=[blockId=conID: 3 locID: 102659352522064348 bcsId: 0,size=4194304]} | ret=SUCCESS |  
2019-08-22 07:03:25,511 | INFO  | DNAudit | user=null | ip=null | op=PUT_BLOCK {blockData=[blockId=conID: 3 locID: 102659352522064348 bcsId: 0,size=4194304]} | ret=SUCCESS |  
2019-08-22 07:03:25,512 [grpc-default-executor-0] INFO  client.GrpcClientProtocolClient (GrpcClientProtocolClient.java:onNext(255)) - client-CF63D631FA17->3cf1264f-5f6b-4138-aeee-2ff7d4522ead: receive RaftClientReply:client-CF63D631FA17->3cf1264f-5f6b-4138-aeee-2ff7d4522ead@group-561E16522154, cid=1330, SUCCESS, logIndex=0, commits[3cf1264f-5f6b-4138-aeee-2ff7d4522ead:c1874, 4f0d1a15-8f14-4d9a-ad4f-8211e1245b5d:c1872, 6999f20e-c3f7-4db4-87ca-141c476f2a88:c1872]
2019-08-22 07:03:25,516 | INFO  | SCMAudit | user=jenkins1000 | ip=192.168.34.31 | op=ALLOCATE_BLOCK {owner=04b6d46a-98e2-41b1-9f38-1870289993ea, size=4194304, type=RATIS, factor=THREE} | ret=SUCCESS |  
2019-08-22 07:03:25,518 | INFO  | OMAudit | user=jenkins1000 | ip=127.0.0.1 | op=ALLOCATE_BLOCK {volume=vol-0-14906, bucket=bucket-0-53153, key=key-0-33222, dataSize=0, replicationType=null, replicationFactor=null, keyLocationInfo=null, clientID=102659352017764754} | ret=SUCCESS |  
2019-08-22 07:03:25,524 | INFO  | DNAudit | user=null | ip=null | op=WRITE_CHUNK {blockData=conID: 1 locID: 102659352527831517 bcsId: 0} | ret=SUCCESS |  
2019-08-22 07:03:25,527 | INFO  | DNAudit | user=null | ip=null | op=WRITE_CHUNK {blockData=conID: 1 locID: 102659352527831517 bcsId: 0} | ret=SUCCESS |  
2019-08-22 07:03:25,527 | INFO  | DNAudit | user=null | ip=null | op=WRITE_CHUNK {blockData=conID: 1 locID: 102659352527831517 bcsId: 0} | ret=SUCCESS |  
2019-08-22 07:03:25,527 | INFO  | DNAudit | user=null | ip=null | op=WRITE_CHUNK {blockData=conID: 1 locID: 102659352527831517 bcsId: 0} | ret=SUCCESS |  
2019-08-22 07:03:25,529 | INFO  | DNAudit | user=null | ip=null | op=WRITE_CHUNK {blockData=conID: 1 locID: 102659352527831517 bcsId: 0} | ret=SUCCESS |  
2019-08-22 07:03:25,530 | INFO  | DNAudit | user=null | ip=null | op=WRITE_CHUNK {blockData=conID: 1 locID: 102659352527831517 bcsId: 0} | ret=SUCCESS |  
2019-08-22 07:03:25,536 | INFO  | DNAudit | user=null | ip=null | op=WRITE_CHUNK {blockData=conID: 1 locID: 102659352527831517 bcsId: 0} | ret=SUCCESS |  
2019-08-22 07:03:25,537 | INFO  | DNAudit | user=null | ip=null | op=PUT_BLOCK {blockData=[blockId=conID: 1 locID: 102659352527831517 bcsId: 0,size=1048576]} | ret=SUCCESS |  
2019-08-22 07:03:25,537 [grpc-default-executor-3] INFO  client.GrpcClientProtocolClient (GrpcClientProtocolClient.java:onNext(255)) - client-CF63D631FA17->3cf1264f-5f6b-4138-aeee-2ff7d4522ead: receive RaftClientReply:client-CF63D631FA17->3cf1264f-5f6b-4138-aeee-2ff7d4522ead@group-561E16522154, cid=1331, SUCCESS, logIndex=1875, commits[3cf1264f-5f6b-4138-aeee-2ff7d4522ead:c1876, 4f0d1a15-8f14-4d9a-ad4f-8211e1245b5d:c1874, 6999f20e-c3f7-4db4-87ca-141c476f2a88:c1874]
2019-08-22 07:03:25,538 | INFO  | DNAudit | user=null | ip=null | op=WRITE_CHUNK {blockData=conID: 1 locID: 102659352527831517 bcsId: 0} | ret=SUCCESS |  
2019-08-22 07:03:25,538 [grpc-default-executor-3] INFO  client.GrpcClientProtocolClient (GrpcClientProtocolClient.java:onNext(255)) - client-CF63D631FA17->3cf1264f-5f6b-4138-aeee-2ff7d4522ead: receive RaftClientReply:client-CF63D631FA17->3cf1264f-5f6b-4138-aeee-2ff7d4522ead@group-561E16522154, cid=1332, SUCCESS, logIndex=1876, commits[3cf1264f-5f6b-4138-aeee-2ff7d4522ead:c1877, 4f0d1a15-8f14-4d9a-ad4f-8211e1245b5d:c1874, 6999f20e-c3f7-4db4-87ca-141c476f2a88:c1874]
2019-08-22 07:03:25,538 | INFO  | DNAudit | user=null | ip=null | op=PUT_BLOCK {blockData=[blockId=conID: 1 locID: 102659352527831517 bcsId: 0,size=2097152]} | ret=SUCCESS |  
2019-08-22 07:03:25,538 [grpc-default-executor-3] INFO  client.GrpcClientProtocolClient (GrpcClientProtocolClient.java:onNext(255)) - client-CF63D631FA17->3cf1264f-5f6b-4138-aeee-2ff7d4522ead: receive RaftClientReply:client-CF63D631FA17->3cf1264f-5f6b-4138-aeee-2ff7d4522ead@group-561E16522154, cid=1333, SUCCESS, logIndex=1877, commits[3cf1264f-5f6b-4138-aeee-2ff7d4522ead:c1878, 4f0d1a15-8f14-4d9a-ad4f-8211e1245b5d:c1874, 6999f20e-c3f7-4db4-87ca-141c476f2a88:c1874]
2019-08-22 07:03:25,539 | INFO  | DNAudit | user=null | ip=null | op=WRITE_CHUNK {blockData=conID: 1 locID: 102659352527831517 bcsId: 0} | ret=SUCCESS |  
2019-08-22 07:03:25,539 [grpc-default-executor-1] INFO  client.GrpcClientProtocolClient (GrpcClientProtocolClient.java:onNext(255)) - client-CF63D631FA17->3cf1264f-5f6b-4138-aeee-2ff7d4522ead: receive RaftClientReply:client-CF63D631FA17->3cf1264f-5f6b-4138-aeee-2ff7d4522ead@group-561E16522154, cid=1334, SUCCESS, logIndex=1878, commits[3cf1264f-5f6b-4138-aeee-2ff7d4522ead:c1878, 4f0d1a15-8f14-4d9a-ad4f-8211e1245b5d:c1874, 6999f20e-c3f7-4db4-87ca-141c476f2a88:c1874]
2019-08-22 07:03:25,539 | INFO  | DNAudit | user=null | ip=null | op=PUT_BLOCK {blockData=[blockId=conID: 1 locID: 102659352527831517 bcsId: 0,size=1048576]} | ret=SUCCESS |  
2019-08-22 07:03:25,541 | INFO  | DNAudit | user=null | ip=null | op=WRITE_CHUNK {blockData=conID: 1 locID: 102659352527831517 bcsId: 0} | ret=SUCCESS |  
2019-08-22 07:03:25,541 | INFO  | DNAudit | user=null | ip=null | op=PUT_BLOCK {blockData=[blockId=conID: 1 locID: 102659352527831517 bcsId: 0,size=1048576]} | ret=SUCCESS |  
2019-08-22 07:03:25,541 | INFO  | DNAudit | user=null | ip=null | op=WRITE_CHUNK {blockData=conID: 1 locID: 102659352527831517 bcsId: 0} | ret=SUCCESS |  
2019-08-22 07:03:25,541 [grpc-default-executor-1] INFO  client.GrpcClientProtocolClient (GrpcClientProtocolClient.java:onNext(255)) - client-CF63D631FA17->3cf1264f-5f6b-4138-aeee-2ff7d4522ead: receive RaftClientReply:client-CF63D631FA17->3cf1264f-5f6b-4138-aeee-2ff7d4522ead@group-561E16522154, cid=1335, SUCCESS, logIndex=0, commits[3cf1264f-5f6b-4138-aeee-2ff7d4522ead:c1880, 4f0d1a15-8f14-4d9a-ad4f-8211e1245b5d:c1876, 6999f20e-c3f7-4db4-87ca-141c476f2a88:c1876]
2019-08-22 07:03:25,548 | INFO  | DNAudit | user=null | ip=null | op=WRITE_CHUNK {blockData=conID: 1 locID: 102659352527831517 bcsId: 1878} | ret=SUCCESS |  
2019-08-22 07:03:25,551 | INFO  | DNAudit | user=null | ip=null | op=WRITE_CHUNK {blockData=conID: 1 locID: 102659352527831517 bcsId: 1878} | ret=SUCCESS |  
2019-08-22 07:03:25,552 | INFO  | DNAudit | user=null | ip=null | op=WRITE_CHUNK {blockData=conID: 1 locID: 102659352527831517 bcsId: 0} | ret=SUCCESS |  
2019-08-22 07:03:25,552 | INFO  | DNAudit | user=null | ip=null | op=WRITE_CHUNK {blockData=conID: 1 locID: 102659352527831517 bcsId: 1878} | ret=SUCCESS |  
2019-08-22 07:03:25,552 | INFO  | DNAudit | user=null | ip=null | op=PUT_BLOCK {blockData=[blockId=conID: 1 locID: 102659352527831517 bcsId: 0,size=2097152]} | ret=SUCCESS |  
2019-08-22 07:03:25,552 | INFO  | DNAudit | user=null | ip=null | op=PUT_BLOCK {blockData=[blockId=conID: 1 locID: 102659352527831517 bcsId: 0,size=2097152]} | ret=SUCCESS |  
2019-08-22 07:03:25,554 | INFO  | DNAudit | user=null | ip=null | op=WRITE_CHUNK {blockData=conID: 1 locID: 102659352527831517 bcsId: 1878} | ret=SUCCESS |  
2019-08-22 07:03:25,554 | INFO  | DNAudit | user=null | ip=null | op=PUT_BLOCK {blockData=[blockId=conID: 1 locID: 102659352527831517 bcsId: 0,size=3145728]} | ret=SUCCESS |  
2019-08-22 07:03:25,554 [grpc-default-executor-1] INFO  client.GrpcClientProtocolClient (GrpcClientProtocolClient.java:onNext(255)) - client-CF63D631FA17->3cf1264f-5f6b-4138-aeee-2ff7d4522ead: receive RaftClientReply:client-CF63D631FA17->3cf1264f-5f6b-4138-aeee-2ff7d4522ead@group-561E16522154, cid=1336, SUCCESS, logIndex=1883, commits[3cf1264f-5f6b-4138-aeee-2ff7d4522ead:c1884, 4f0d1a15-8f14-4d9a-ad4f-8211e1245b5d:c1881, 6999f20e-c3f7-4db4-87ca-141c476f2a88:c1881]
2019-08-22 07:03:25,555 | INFO  | DNAudit | user=null | ip=null | op=WRITE_CHUNK {blockData=conID: 1 locID: 102659352527831517 bcsId: 1878} | ret=SUCCESS |  
2019-08-22 07:03:25,555 [grpc-default-executor-1] INFO  client.GrpcClientProtocolClient (GrpcClientProtocolClient.java:onNext(255)) - client-CF63D631FA17->3cf1264f-5f6b-4138-aeee-2ff7d4522ead: receive RaftClientReply:client-CF63D631FA17->3cf1264f-5f6b-4138-aeee-2ff7d4522ead@group-561E16522154, cid=1337, SUCCESS, logIndex=1884, commits[3cf1264f-5f6b-4138-aeee-2ff7d4522ead:c1884, 4f0d1a15-8f14-4d9a-ad4f-8211e1245b5d:c1881, 6999f20e-c3f7-4db4-87ca-141c476f2a88:c1881]
2019-08-22 07:03:25,555 | INFO  | DNAudit | user=null | ip=null | op=WRITE_CHUNK {blockData=conID: 1 locID: 102659352527831517 bcsId: 1878} | ret=SUCCESS |  
2019-08-22 07:03:25,556 | INFO  | DNAudit | user=null | ip=null | op=PUT_BLOCK {blockData=[blockId=conID: 1 locID: 102659352527831517 bcsId: 0,size=3145728]} | ret=SUCCESS |  
2019-08-22 07:03:25,556 | INFO  | DNAudit | user=null | ip=null | op=PUT_BLOCK {blockData=[blockId=conID: 1 locID: 102659352527831517 bcsId: 0,size=3145728]} | ret=SUCCESS |  
2019-08-22 07:03:25,562 | INFO  | DNAudit | user=null | ip=null | op=WRITE_CHUNK {blockData=conID: 1 locID: 102659352527831517 bcsId: 1884} | ret=SUCCESS |  
2019-08-22 07:03:25,565 | INFO  | DNAudit | user=null | ip=null | op=WRITE_CHUNK {blockData=conID: 1 locID: 102659352527831517 bcsId: 1884} | ret=SUCCESS |  
2019-08-22 07:03:25,565 | INFO  | DNAudit | user=null | ip=null | op=WRITE_CHUNK {blockData=conID: 1 locID: 102659352527831517 bcsId: 1884} | ret=SUCCESS |  
2019-08-22 07:03:25,574 | INFO  | DNAudit | user=null | ip=null | op=WRITE_CHUNK {blockData=conID: 1 locID: 102659352527831517 bcsId: 1884} | ret=SUCCESS |  
2019-08-22 07:03:25,575 | INFO  | DNAudit | user=null | ip=null | op=PUT_BLOCK {blockData=[blockId=conID: 1 locID: 102659352527831517 bcsId: 0,size=4194304]} | ret=SUCCESS |  
2019-08-22 07:03:25,575 [grpc-default-executor-1] INFO  client.GrpcClientProtocolClient (GrpcClientProtocolClient.java:onNext(255)) - client-CF63D631FA17->3cf1264f-5f6b-4138-aeee-2ff7d4522ead: receive RaftClientReply:client-CF63D631FA17->3cf1264f-5f6b-4138-aeee-2ff7d4522ead@group-561E16522154, cid=1338, SUCCESS, logIndex=1887, commits[3cf1264f-5f6b-4138-aeee-2ff7d4522ead:c1888, 4f0d1a15-8f14-4d9a-ad4f-8211e1245b5d:c1886, 6999f20e-c3f7-4db4-87ca-141c476f2a88:c1886]
2019-08-22 07:03:25,575 [grpc-default-executor-1] INFO  client.GrpcClientProtocolClient (GrpcClientProtocolClient.java:onNext(255)) - client-CF63D631FA17->3cf1264f-5f6b-4138-aeee-2ff7d4522ead: receive RaftClientReply:client-CF63D631FA17->3cf1264f-5f6b-4138-aeee-2ff7d4522ead@group-561E16522154, cid=1339, SUCCESS, logIndex=1888, commits[3cf1264f-5f6b-4138-aeee-2ff7d4522ead:c1888, 4f0d1a15-8f14-4d9a-ad4f-8211e1245b5d:c1886, 6999f20e-c3f7-4db4-87ca-141c476f2a88:c1886]
2019-08-22 07:03:25,581 | INFO  | SCMAudit | user=jenkins1000 | ip=192.168.34.31 | op=SEND_HEARTBEAT {datanodeUUID=6ab6b5dd-7582-43bd-ad39-1af51ca14a47, command=[]} | ret=SUCCESS |  
2019-08-22 07:03:25,586 | INFO  | DNAudit | user=null | ip=null | op=WRITE_CHUNK {blockData=conID: 1 locID: 102659352527831517 bcsId: 1884} | ret=SUCCESS |  
2019-08-22 07:03:25,586 | INFO  | DNAudit | user=null | ip=null | op=WRITE_CHUNK {blockData=conID: 1 locID: 102659352527831517 bcsId: 1884} | ret=SUCCESS |  
2019-08-22 07:03:25,589 | INFO  | DNAudit | user=null | ip=null | op=PUT_BLOCK {blockData=[blockId=conID: 1 locID: 102659352527831517 bcsId: 0,size=4194304]} | ret=SUCCESS |  
2019-08-22 07:03:25,589 | INFO  | DNAudit | user=null | ip=null | op=PUT_BLOCK {blockData=[blockId=conID: 1 locID: 102659352527831517 bcsId: 0,size=4194304]} | ret=SUCCESS |  
2019-08-22 07:03:25,589 [grpc-default-executor-0] INFO  client.GrpcClientProtocolClient (GrpcClientProtocolClient.java:onNext(255)) - client-CF63D631FA17->3cf1264f-5f6b-4138-aeee-2ff7d4522ead: receive RaftClientReply:client-CF63D631FA17->3cf1264f-5f6b-4138-aeee-2ff7d4522ead@group-561E16522154, cid=1340, SUCCESS, logIndex=0, commits[3cf1264f-5f6b-4138-aeee-2ff7d4522ead:c1890, 4f0d1a15-8f14-4d9a-ad4f-8211e1245b5d:c1888, 6999f20e-c3f7-4db4-87ca-141c476f2a88:c1888]
2019-08-22 07:03:25,593 | INFO  | SCMAudit | user=jenkins1000 | ip=192.168.34.31 | op=ALLOCATE_BLOCK {owner=04b6d46a-98e2-41b1-9f38-1870289993ea, size=4194304, type=RATIS, factor=THREE} | ret=SUCCESS |  
2019-08-22 07:03:25,595 | INFO  | OMAudit | user=jenkins1000 | ip=127.0.0.1 | op=ALLOCATE_BLOCK {volume=vol-0-14906, bucket=bucket-0-53153, key=key-0-33222, dataSize=0, replicationType=null, replicationFactor=null, keyLocationInfo=null, clientID=102659352017764754} | ret=SUCCESS |  
2019-08-22 07:03:25,602 | INFO  | DNAudit | user=null | ip=null | op=WRITE_CHUNK {blockData=conID: 2 locID: 102659352532943326 bcsId: 0} | ret=SUCCESS |  
2019-08-22 07:03:25,605 | INFO  | DNAudit | user=null | ip=null | op=WRITE_CHUNK {blockData=conID: 2 locID: 102659352532943326 bcsId: 0} | ret=SUCCESS |  
2019-08-22 07:03:25,606 | INFO  | DNAudit | user=null | ip=null | op=WRITE_CHUNK {blockData=conID: 2 locID: 102659352532943326 bcsId: 0} | ret=SUCCESS |  
2019-08-22 07:03:25,606 | INFO  | DNAudit | user=null | ip=null | op=WRITE_CHUNK {blockData=conID: 2 locID: 102659352532943326 bcsId: 0} | ret=SUCCESS |  
2019-08-22 07:03:25,609 | INFO  | DNAudit | user=null | ip=null | op=WRITE_CHUNK {blockData=conID: 2 locID: 102659352532943326 bcsId: 0} | ret=SUCCESS |  
2019-08-22 07:03:25,610 | INFO  | DNAudit | user=null | ip=null | op=WRITE_CHUNK {blockData=conID: 2 locID: 102659352532943326 bcsId: 0} | ret=SUCCESS |  
2019-08-22 07:03:25,614 | INFO  | DNAudit | user=null | ip=null | op=WRITE_CHUNK {blockData=conID: 2 locID: 102659352532943326 bcsId: 0} | ret=SUCCESS |  
2019-08-22 07:03:25,615 | INFO  | DNAudit | user=null | ip=null | op=PUT_BLOCK {blockData=[blockId=conID: 2 locID: 102659352532943326 bcsId: 0,size=1048576]} | ret=SUCCESS |  
2019-08-22 07:03:25,615 [grpc-default-executor-1] INFO  client.GrpcClientProtocolClient (GrpcClientProtocolClient.java:onNext(255)) - client-CF63D631FA17->3cf1264f-5f6b-4138-aeee-2ff7d4522ead: receive RaftClientReply:client-CF63D631FA17->3cf1264f-5f6b-4138-aeee-2ff7d4522ead@group-561E16522154, cid=1341, SUCCESS, logIndex=1891, commits[3cf1264f-5f6b-4138-aeee-2ff7d4522ead:c1892, 4f0d1a15-8f14-4d9a-ad4f-8211e1245b5d:c1890, 6999f20e-c3f7-4db4-87ca-141c476f2a88:c1890]
2019-08-22 07:03:25,616 | INFO  | DNAudit | user=null | ip=null | op=WRITE_CHUNK {blockData=conID: 2 locID: 102659352532943326 bcsId: 0} | ret=SUCCESS |  
2019-08-22 07:03:25,616 | INFO  | DNAudit | user=null | ip=null | op=WRITE_CHUNK {blockData=conID: 2 locID: 102659352532943326 bcsId: 0} | ret=SUCCESS |  
2019-08-22 07:03:25,616 [grpc-default-executor-1] INFO  client.GrpcClientProtocolClient (GrpcClientProtocolClient.java:onNext(255)) - client-CF63D631FA17->3cf1264f-5f6b-4138-aeee-2ff7d4522ead: receive RaftClientReply:client-CF63D631FA17->3cf1264f-5f6b-4138-aeee-2ff7d4522ead@group-561E16522154, cid=1342, SUCCESS, logIndex=1892, commits[3cf1264f-5f6b-4138-aeee-2ff7d4522ead:c1894, 4f0d1a15-8f14-4d9a-ad4f-8211e1245b5d:c1890, 6999f20e-c3f7-4db4-87ca-141c476f2a88:c1890]
2019-08-22 07:03:25,616 | INFO  | DNAudit | user=null | ip=null | op=PUT_BLOCK {blockData=[blockId=conID: 2 locID: 102659352532943326 bcsId: 0,size=1048576]} | ret=SUCCESS |  
2019-08-22 07:03:25,616 | INFO  | DNAudit | user=null | ip=null | op=PUT_BLOCK {blockData=[blockId=conID: 2 locID: 102659352532943326 bcsId: 0,size=2097152]} | ret=SUCCESS |  
2019-08-22 07:03:25,617 [grpc-default-executor-1] INFO  client.GrpcClientProtocolClient (GrpcClientProtocolClient.java:onNext(255)) - client-CF63D631FA17->3cf1264f-5f6b-4138-aeee-2ff7d4522ead: receive RaftClientReply:client-CF63D631FA17->3cf1264f-5f6b-4138-aeee-2ff7d4522ead@group-561E16522154, cid=1343, SUCCESS, logIndex=1893, commits[3cf1264f-5f6b-4138-aeee-2ff7d4522ead:c1895, 4f0d1a15-8f14-4d9a-ad4f-8211e1245b5d:c1890, 6999f20e-c3f7-4db4-87ca-141c476f2a88:c1892]
2019-08-22 07:03:25,617 [grpc-default-executor-1] INFO  client.GrpcClientProtocolClient (GrpcClientProtocolClient.java:onNext(255)) - client-CF63D631FA17->3cf1264f-5f6b-4138-aeee-2ff7d4522ead: receive RaftClientReply:client-CF63D631FA17->3cf1264f-5f6b-4138-aeee-2ff7d4522ead@group-561E16522154, cid=1344, SUCCESS, logIndex=1894, commits[3cf1264f-5f6b-4138-aeee-2ff7d4522ead:c1895, 4f0d1a15-8f14-4d9a-ad4f-8211e1245b5d:c1890, 6999f20e-c3f7-4db4-87ca-141c476f2a88:c1892]
2019-08-22 07:03:25,618 | INFO  | DNAudit | user=null | ip=null | op=WRITE_CHUNK {blockData=conID: 2 locID: 102659352532943326 bcsId: 0} | ret=SUCCESS |  
2019-08-22 07:03:25,618 | INFO  | DNAudit | user=null | ip=null | op=PUT_BLOCK {blockData=[blockId=conID: 2 locID: 102659352532943326 bcsId: 0,size=1048576]} | ret=SUCCESS |  
2019-08-22 07:03:25,619 [grpc-default-executor-1] INFO  client.GrpcClientProtocolClient (GrpcClientProtocolClient.java:onNext(255)) - client-CF63D631FA17->3cf1264f-5f6b-4138-aeee-2ff7d4522ead: receive RaftClientReply:client-CF63D631FA17->3cf1264f-5f6b-4138-aeee-2ff7d4522ead@group-561E16522154, cid=1345, SUCCESS, logIndex=0, commits[3cf1264f-5f6b-4138-aeee-2ff7d4522ead:c1896, 4f0d1a15-8f14-4d9a-ad4f-8211e1245b5d:c1892, 6999f20e-c3f7-4db4-87ca-141c476f2a88:c1892]
2019-08-22 07:03:25,619 | INFO  | DNAudit | user=null | ip=null | op=WRITE_CHUNK {blockData=conID: 2 locID: 102659352532943326 bcsId: 0} | ret=SUCCESS |  
2019-08-22 07:03:25,619 | INFO  | DNAudit | user=null | ip=null | op=PUT_BLOCK {blockData=[blockId=conID: 2 locID: 102659352532943326 bcsId: 0,size=2097152]} | ret=SUCCESS |  
2019-08-22 07:03:25,620 | INFO  | DNAudit | user=null | ip=null | op=WRITE_CHUNK {blockData=conID: 2 locID: 102659352532943326 bcsId: 0} | ret=SUCCESS |  
2019-08-22 07:03:25,620 | INFO  | DNAudit | user=null | ip=null | op=PUT_BLOCK {blockData=[blockId=conID: 2 locID: 102659352532943326 bcsId: 0,size=2097152]} | ret=SUCCESS |  
2019-08-22 07:03:25,732 | INFO  | DNAudit | user=null | ip=null | op=WRITE_CHUNK {blockData=conID: 2 locID: 102659352532943326 bcsId: 1894} | ret=SUCCESS |  
2019-08-22 07:03:25,735 | INFO  | DNAudit | user=null | ip=null | op=WRITE_CHUNK {blockData=conID: 2 locID: 102659352532943326 bcsId: 1894} | ret=SUCCESS |  
2019-08-22 07:03:25,735 | INFO  | DNAudit | user=null | ip=null | op=WRITE_CHUNK {blockData=conID: 2 locID: 102659352532943326 bcsId: 1894} | ret=SUCCESS |  
2019-08-22 07:03:25,745 | INFO  | DNAudit | user=null | ip=null | op=WRITE_CHUNK {blockData=conID: 2 locID: 102659352532943326 bcsId: 1894} | ret=SUCCESS |  
2019-08-22 07:03:25,745 | INFO  | DNAudit | user=null | ip=null | op=PUT_BLOCK {blockData=[blockId=conID: 2 locID: 102659352532943326 bcsId: 0,size=3145728]} | ret=SUCCESS |  
2019-08-22 07:03:25,746 [grpc-default-executor-1] INFO  client.GrpcClientProtocolClient (GrpcClientProtocolClient.java:onNext(255)) - client-CF63D631FA17->3cf1264f-5f6b-4138-aeee-2ff7d4522ead: receive RaftClientReply:client-CF63D631FA17->3cf1264f-5f6b-4138-aeee-2ff7d4522ead@group-561E16522154, cid=1346, SUCCESS, logIndex=1899, commits[3cf1264f-5f6b-4138-aeee-2ff7d4522ead:c1900, 4f0d1a15-8f14-4d9a-ad4f-8211e1245b5d:c1898, 6999f20e-c3f7-4db4-87ca-141c476f2a88:c1898]
2019-08-22 07:03:25,746 [grpc-default-executor-1] INFO  client.GrpcClientProtocolClient (GrpcClientProtocolClient.java:onNext(255)) - client-CF63D631FA17->3cf1264f-5f6b-4138-aeee-2ff7d4522ead: receive RaftClientReply:client-CF63D631FA17->3cf1264f-5f6b-4138-aeee-2ff7d4522ead@group-561E16522154, cid=1347, SUCCESS, logIndex=1900, commits[3cf1264f-5f6b-4138-aeee-2ff7d4522ead:c1900, 4f0d1a15-8f14-4d9a-ad4f-8211e1245b5d:c1898, 6999f20e-c3f7-4db4-87ca-141c476f2a88:c1898]
2019-08-22 07:03:25,755 | INFO  | DNAudit | user=null | ip=null | op=WRITE_CHUNK {blockData=conID: 2 locID: 102659352532943326 bcsId: 1900} | ret=SUCCESS |  
2019-08-22 07:03:25,756 | INFO  | DNAudit | user=null | ip=null | op=WRITE_CHUNK {blockData=conID: 2 locID: 102659352532943326 bcsId: 1894} | ret=SUCCESS |  
2019-08-22 07:03:25,756 | INFO  | DNAudit | user=null | ip=null | op=WRITE_CHUNK {blockData=conID: 2 locID: 102659352532943326 bcsId: 1894} | ret=SUCCESS |  
2019-08-22 07:03:25,757 | INFO  | DNAudit | user=null | ip=null | op=WRITE_CHUNK {blockData=conID: 2 locID: 102659352532943326 bcsId: 1900} | ret=SUCCESS |  
2019-08-22 07:03:25,758 | INFO  | DNAudit | user=null | ip=null | op=WRITE_CHUNK {blockData=conID: 2 locID: 102659352532943326 bcsId: 1900} | ret=SUCCESS |  
2019-08-22 07:03:25,759 | INFO  | DNAudit | user=null | ip=null | op=PUT_BLOCK {blockData=[blockId=conID: 2 locID: 102659352532943326 bcsId: 0,size=3145728]} | ret=SUCCESS |  
2019-08-22 07:03:25,759 | INFO  | DNAudit | user=null | ip=null | op=PUT_BLOCK {blockData=[blockId=conID: 2 locID: 102659352532943326 bcsId: 0,size=3145728]} | ret=SUCCESS |  
2019-08-22 07:03:25,770 | INFO  | DNAudit | user=null | ip=null | op=WRITE_CHUNK {blockData=conID: 2 locID: 102659352532943326 bcsId: 1900} | ret=SUCCESS |  
 0.00% |█                                                                                                    |  0/1 Time: 0:00:082019-08-22 07:03:25,771 | INFO  | DNAudit | user=null | ip=null | op=PUT_BLOCK {blockData=[blockId=conID: 2 locID: 102659352532943326 bcsId: 0,size=4194304]} | ret=SUCCESS |  
2019-08-22 07:03:25,771 [grpc-default-executor-5] INFO  client.GrpcClientProtocolClient (GrpcClientProtocolClient.java:onNext(255)) - client-CF63D631FA17->3cf1264f-5f6b-4138-aeee-2ff7d4522ead: receive RaftClientReply:client-CF63D631FA17->3cf1264f-5f6b-4138-aeee-2ff7d4522ead@group-561E16522154, cid=1348, SUCCESS, logIndex=1903, commits[3cf1264f-5f6b-4138-aeee-2ff7d4522ead:c1904, 4f0d1a15-8f14-4d9a-ad4f-8211e1245b5d:c1900, 6999f20e-c3f7-4db4-87ca-141c476f2a88:c1900]
2019-08-22 07:03:25,772 | INFO  | DNAudit | user=null | ip=null | op=WRITE_CHUNK {blockData=conID: 2 locID: 102659352532943326 bcsId: 1900} | ret=SUCCESS |  
2019-08-22 07:03:25,772 | INFO  | DNAudit | user=null | ip=null | op=WRITE_CHUNK {blockData=conID: 2 locID: 102659352532943326 bcsId: 1900} | ret=SUCCESS |  
2019-08-22 07:03:25,772 | INFO  | DNAudit | user=null | ip=null | op=PUT_BLOCK {blockData=[blockId=conID: 2 locID: 102659352532943326 bcsId: 0,size=4194304]} | ret=SUCCESS |  
2019-08-22 07:03:25,772 | INFO  | DNAudit | user=null | ip=null | op=PUT_BLOCK {blockData=[blockId=conID: 2 locID: 102659352532943326 bcsId: 0,size=4194304]} | ret=SUCCESS |  
2019-08-22 07:03:25,772 [grpc-default-executor-5] INFO  client.GrpcClientProtocolClient (GrpcClientProtocolClient.java:onNext(255)) - client-CF63D631FA17->3cf1264f-5f6b-4138-aeee-2ff7d4522ead: receive RaftClientReply:client-CF63D631FA17->3cf1264f-5f6b-4138-aeee-2ff7d4522ead@group-561E16522154, cid=1349, SUCCESS, logIndex=1904, commits[3cf1264f-5f6b-4138-aeee-2ff7d4522ead:c1904, 4f0d1a15-8f14-4d9a-ad4f-8211e1245b5d:c1900, 6999f20e-c3f7-4db4-87ca-141c476f2a88:c1900]
2019-08-22 07:03:25,774 [grpc-default-executor-1] INFO  client.GrpcClientProtocolClient (GrpcClientProtocolClient.java:onNext(255)) - client-CF63D631FA17->3cf1264f-5f6b-4138-aeee-2ff7d4522ead: receive RaftClientReply:client-CF63D631FA17->3cf1264f-5f6b-4138-aeee-2ff7d4522ead@group-561E16522154, cid=1350, SUCCESS, logIndex=0, commits[3cf1264f-5f6b-4138-aeee-2ff7d4522ead:c1906, 4f0d1a15-8f14-4d9a-ad4f-8211e1245b5d:c1904, 6999f20e-c3f7-4db4-87ca-141c476f2a88:c1904]
2019-08-22 07:03:25,779 | INFO  | SCMAudit | user=jenkins1000 | ip=192.168.34.31 | op=ALLOCATE_BLOCK {owner=04b6d46a-98e2-41b1-9f38-1870289993ea, size=4194304, type=RATIS, factor=THREE} | ret=SUCCESS |  
2019-08-22 07:03:25,782 | INFO  | OMAudit | user=jenkins1000 | ip=127.0.0.1 | op=ALLOCATE_BLOCK {volume=vol-0-14906, bucket=bucket-0-53153, key=key-0-33222, dataSize=0, replicationType=null, replicationFactor=null, keyLocationInfo=null, clientID=102659352017764754} | ret=SUCCESS |  
2019-08-22 07:03:25,790 | INFO  | DNAudit | user=null | ip=null | op=WRITE_CHUNK {blockData=conID: 3 locID: 102659352545133023 bcsId: 0} | ret=SUCCESS |  
2019-08-22 07:03:25,794 | INFO  | DNAudit | user=null | ip=null | op=WRITE_CHUNK {blockData=conID: 3 locID: 102659352545133023 bcsId: 0} | ret=SUCCESS |  
2019-08-22 07:03:25,794 | INFO  | DNAudit | user=null | ip=null | op=WRITE_CHUNK {blockData=conID: 3 locID: 102659352545133023 bcsId: 0} | ret=SUCCESS |  
2019-08-22 07:03:25,795 | INFO  | DNAudit | user=null | ip=null | op=WRITE_CHUNK {blockData=conID: 3 locID: 102659352545133023 bcsId: 0} | ret=SUCCESS |  
2019-08-22 07:03:25,798 | INFO  | DNAudit | user=null | ip=null | op=WRITE_CHUNK {blockData=conID: 3 locID: 102659352545133023 bcsId: 0} | ret=SUCCESS |  
2019-08-22 07:03:25,798 | INFO  | DNAudit | user=null | ip=null | op=WRITE_CHUNK {blockData=conID: 3 locID: 102659352545133023 bcsId: 0} | ret=SUCCESS |  
2019-08-22 07:03:25,803 | INFO  | DNAudit | user=null | ip=null | op=WRITE_CHUNK {blockData=conID: 3 locID: 102659352545133023 bcsId: 0} | ret=SUCCESS |  
2019-08-22 07:03:25,804 | INFO  | DNAudit | user=null | ip=null | op=PUT_BLOCK {blockData=[blockId=conID: 3 locID: 102659352545133023 bcsId: 0,size=1048576]} | ret=SUCCESS |  
2019-08-22 07:03:25,804 | INFO  | DNAudit | user=null | ip=null | op=WRITE_CHUNK {blockData=conID: 3 locID: 102659352545133023 bcsId: 0} | ret=SUCCESS |  
2019-08-22 07:03:25,804 [grpc-default-executor-1] INFO  client.GrpcClientProtocolClient (GrpcClientProtocolClient.java:onNext(255)) - client-CF63D631FA17->3cf1264f-5f6b-4138-aeee-2ff7d4522ead: receive RaftClientReply:client-CF63D631FA17->3cf1264f-5f6b-4138-aeee-2ff7d4522ead@group-561E16522154, cid=1351, SUCCESS, logIndex=1907, commits[3cf1264f-5f6b-4138-aeee-2ff7d4522ead:c1908, 4f0d1a15-8f14-4d9a-ad4f-8211e1245b5d:c1906, 6999f20e-c3f7-4db4-87ca-141c476f2a88:c1906]
2019-08-22 07:03:25,804 | INFO  | DNAudit | user=null | ip=null | op=PUT_BLOCK {blockData=[blockId=conID: 3 locID: 102659352545133023 bcsId: 0,size=2097152]} | ret=SUCCESS |  
2019-08-22 07:03:25,805 [grpc-default-executor-1] INFO  client.GrpcClientProtocolClient (GrpcClientProtocolClient.java:onNext(255)) - client-CF63D631FA17->3cf1264f-5f6b-4138-aeee-2ff7d4522ead: receive RaftClientReply:client-CF63D631FA17->3cf1264f-5f6b-4138-aeee-2ff7d4522ead@group-561E16522154, cid=1352, SUCCESS, logIndex=1908, commits[3cf1264f-5f6b-4138-aeee-2ff7d4522ead:c1910, 4f0d1a15-8f14-4d9a-ad4f-8211e1245b5d:c1906, 6999f20e-c3f7-4db4-87ca-141c476f2a88:c1906]
2019-08-22 07:03:25,805 [grpc-default-executor-1] INFO  client.GrpcClientProtocolClient (GrpcClientProtocolClient.java:onNext(255)) - client-CF63D631FA17->3cf1264f-5f6b-4138-aeee-2ff7d4522ead: receive RaftClientReply:client-CF63D631FA17->3cf1264f-5f6b-4138-aeee-2ff7d4522ead@group-561E16522154, cid=1353, SUCCESS, logIndex=1909, commits[3cf1264f-5f6b-4138-aeee-2ff7d4522ead:c1910, 4f0d1a15-8f14-4d9a-ad4f-8211e1245b5d:c1906, 6999f20e-c3f7-4db4-87ca-141c476f2a88:c1906]
2019-08-22 07:03:25,805 [grpc-default-executor-1] INFO  client.GrpcClientProtocolClient (GrpcClientProtocolClient.java:onNext(255)) - client-CF63D631FA17->3cf1264f-5f6b-4138-aeee-2ff7d4522ead: receive RaftClientReply:client-CF63D631FA17->3cf1264f-5f6b-4138-aeee-2ff7d4522ead@group-561E16522154, cid=1354, SUCCESS, logIndex=1910, commits[3cf1264f-5f6b-4138-aeee-2ff7d4522ead:c1910, 4f0d1a15-8f14-4d9a-ad4f-8211e1245b5d:c1906, 6999f20e-c3f7-4db4-87ca-141c476f2a88:c1906]
2019-08-22 07:03:25,817 | INFO  | DNAudit | user=null | ip=null | op=WRITE_CHUNK {blockData=conID: 3 locID: 102659352545133023 bcsId: 0} | ret=SUCCESS |  
2019-08-22 07:03:25,817 | INFO  | DNAudit | user=null | ip=null | op=WRITE_CHUNK {blockData=conID: 3 locID: 102659352545133023 bcsId: 0} | ret=SUCCESS |  
2019-08-22 07:03:25,817 | INFO  | DNAudit | user=null | ip=null | op=PUT_BLOCK {blockData=[blockId=conID: 3 locID: 102659352545133023 bcsId: 0,size=1048576]} | ret=SUCCESS |  
2019-08-22 07:03:25,817 | INFO  | DNAudit | user=null | ip=null | op=PUT_BLOCK {blockData=[blockId=conID: 3 locID: 102659352545133023 bcsId: 0,size=1048576]} | ret=SUCCESS |  
2019-08-22 07:03:25,817 | INFO  | DNAudit | user=null | ip=null | op=WRITE_CHUNK {blockData=conID: 3 locID: 102659352545133023 bcsId: 0} | ret=SUCCESS |  
2019-08-22 07:03:25,818 | INFO  | DNAudit | user=null | ip=null | op=PUT_BLOCK {blockData=[blockId=conID: 3 locID: 102659352545133023 bcsId: 0,size=2097152]} | ret=SUCCESS |  
2019-08-22 07:03:25,818 | INFO  | DNAudit | user=null | ip=null | op=WRITE_CHUNK {blockData=conID: 3 locID: 102659352545133023 bcsId: 0} | ret=SUCCESS |  
2019-08-22 07:03:25,818 | INFO  | DNAudit | user=null | ip=null | op=PUT_BLOCK {blockData=[blockId=conID: 3 locID: 102659352545133023 bcsId: 0,size=2097152]} | ret=SUCCESS |  
2019-08-22 07:03:25,818 [grpc-default-executor-5] INFO  client.GrpcClientProtocolClient (GrpcClientProtocolClient.java:onNext(255)) - client-CF63D631FA17->3cf1264f-5f6b-4138-aeee-2ff7d4522ead: receive RaftClientReply:client-CF63D631FA17->3cf1264f-5f6b-4138-aeee-2ff7d4522ead@group-561E16522154, cid=1355, SUCCESS, logIndex=0, commits[3cf1264f-5f6b-4138-aeee-2ff7d4522ead:c1912, 4f0d1a15-8f14-4d9a-ad4f-8211e1245b5d:c1908, 6999f20e-c3f7-4db4-87ca-141c476f2a88:c1908]
2019-08-22 07:03:25,826 | INFO  | DNAudit | user=null | ip=null | op=WRITE_CHUNK {blockData=conID: 3 locID: 102659352545133023 bcsId: 1910} | ret=SUCCESS |  
2019-08-22 07:03:25,829 | INFO  | DNAudit | user=null | ip=null | op=WRITE_CHUNK {blockData=conID: 3 locID: 102659352545133023 bcsId: 1910} | ret=SUCCESS |  
2019-08-22 07:03:25,830 | INFO  | DNAudit | user=null | ip=null | op=WRITE_CHUNK {blockData=conID: 3 locID: 102659352545133023 bcsId: 1910} | ret=SUCCESS |  
2019-08-22 07:03:25,839 | INFO  | DNAudit | user=null | ip=null | op=WRITE_CHUNK {blockData=conID: 3 locID: 102659352545133023 bcsId: 1910} | ret=SUCCESS |  
2019-08-22 07:03:25,840 | INFO  | DNAudit | user=null | ip=null | op=PUT_BLOCK {blockData=[blockId=conID: 3 locID: 102659352545133023 bcsId: 0,size=3145728]} | ret=SUCCESS |  
2019-08-22 07:03:25,840 [grpc-default-executor-3] INFO  client.GrpcClientProtocolClient (GrpcClientProtocolClient.java:onNext(255)) - client-CF63D631FA17->3cf1264f-5f6b-4138-aeee-2ff7d4522ead: receive RaftClientReply:client-CF63D631FA17->3cf1264f-5f6b-4138-aeee-2ff7d4522ead@group-561E16522154, cid=1356, SUCCESS, logIndex=1915, commits[3cf1264f-5f6b-4138-aeee-2ff7d4522ead:c1916, 4f0d1a15-8f14-4d9a-ad4f-8211e1245b5d:c1914, 6999f20e-c3f7-4db4-87ca-141c476f2a88:c1914]
2019-08-22 07:03:25,840 [grpc-default-executor-3] INFO  client.GrpcClientProtocolClient (GrpcClientProtocolClient.java:onNext(255)) - client-CF63D631FA17->3cf1264f-5f6b-4138-aeee-2ff7d4522ead: receive RaftClientReply:client-CF63D631FA17->3cf1264f-5f6b-4138-aeee-2ff7d4522ead@group-561E16522154, cid=1357, SUCCESS, logIndex=1916, commits[3cf1264f-5f6b-4138-aeee-2ff7d4522ead:c1916, 4f0d1a15-8f14-4d9a-ad4f-8211e1245b5d:c1914, 6999f20e-c3f7-4db4-87ca-141c476f2a88:c1914]
2019-08-22 07:03:25,848 | INFO  | DNAudit | user=null | ip=null | op=WRITE_CHUNK {blockData=conID: 3 locID: 102659352545133023 bcsId: 1916} | ret=SUCCESS |  
2019-08-22 07:03:25,851 | INFO  | DNAudit | user=null | ip=null | op=WRITE_CHUNK {blockData=conID: 3 locID: 102659352545133023 bcsId: 1910} | ret=SUCCESS |  
2019-08-22 07:03:25,852 | INFO  | DNAudit | user=null | ip=null | op=WRITE_CHUNK {blockData=conID: 3 locID: 102659352545133023 bcsId: 1916} | ret=SUCCESS |  
2019-08-22 07:03:25,852 | INFO  | DNAudit | user=null | ip=null | op=WRITE_CHUNK {blockData=conID: 3 locID: 102659352545133023 bcsId: 1916} | ret=SUCCESS |  
2019-08-22 07:03:25,852 | INFO  | DNAudit | user=null | ip=null | op=WRITE_CHUNK {blockData=conID: 3 locID: 102659352545133023 bcsId: 1910} | ret=SUCCESS |  
2019-08-22 07:03:25,855 | INFO  | DNAudit | user=null | ip=null | op=PUT_BLOCK {blockData=[blockId=conID: 3 locID: 102659352545133023 bcsId: 0,size=3145728]} | ret=SUCCESS |  
2019-08-22 07:03:25,855 | INFO  | DNAudit | user=null | ip=null | op=PUT_BLOCK {blockData=[blockId=conID: 3 locID: 102659352545133023 bcsId: 0,size=3145728]} | ret=SUCCESS |  
2019-08-22 07:03:25,856 | INFO  | DNAudit | user=null | ip=null | op=WRITE_CHUNK {blockData=conID: 3 locID: 102659352545133023 bcsId: 1916} | ret=SUCCESS |  
2019-08-22 07:03:25,856 | INFO  | DNAudit | user=null | ip=null | op=PUT_BLOCK {blockData=[blockId=conID: 3 locID: 102659352545133023 bcsId: 0,size=4194304]} | ret=SUCCESS |  
2019-08-22 07:03:25,857 [grpc-default-executor-3] INFO  client.GrpcClientProtocolClient (GrpcClientProtocolClient.java:onNext(255)) - client-CF63D631FA17->3cf1264f-5f6b-4138-aeee-2ff7d4522ead: receive RaftClientReply:client-CF63D631FA17->3cf1264f-5f6b-4138-aeee-2ff7d4522ead@group-561E16522154, cid=1358, SUCCESS, logIndex=1919, commits[3cf1264f-5f6b-4138-aeee-2ff7d4522ead:c1920, 4f0d1a15-8f14-4d9a-ad4f-8211e1245b5d:c1916, 6999f20e-c3f7-4db4-87ca-141c476f2a88:c1916]
2019-08-22 07:03:25,857 [grpc-default-executor-3] INFO  client.GrpcClientProtocolClient (GrpcClientProtocolClient.java:onNext(255)) - client-CF63D631FA17->3cf1264f-5f6b-4138-aeee-2ff7d4522ead: receive RaftClientReply:client-CF63D631FA17->3cf1264f-5f6b-4138-aeee-2ff7d4522ead@group-561E16522154, cid=1359, SUCCESS, logIndex=1920, commits[3cf1264f-5f6b-4138-aeee-2ff7d4522ead:c1920, 4f0d1a15-8f14-4d9a-ad4f-8211e1245b5d:c1916, 6999f20e-c3f7-4db4-87ca-141c476f2a88:c1916]
2019-08-22 07:03:25,867 | INFO  | DNAudit | user=null | ip=null | op=WRITE_CHUNK {blockData=conID: 3 locID: 102659352545133023 bcsId: 1916} | ret=SUCCESS |  
2019-08-22 07:03:25,867 | INFO  | DNAudit | user=null | ip=null | op=WRITE_CHUNK {blockData=conID: 3 locID: 102659352545133023 bcsId: 1916} | ret=SUCCESS |  
2019-08-22 07:03:25,870 | INFO  | DNAudit | user=null | ip=null | op=PUT_BLOCK {blockData=[blockId=conID: 3 locID: 102659352545133023 bcsId: 0,size=4194304]} | ret=SUCCESS |  
2019-08-22 07:03:25,870 | INFO  | DNAudit | user=null | ip=null | op=PUT_BLOCK {blockData=[blockId=conID: 3 locID: 102659352545133023 bcsId: 0,size=4194304]} | ret=SUCCESS |  
2019-08-22 07:03:25,871 [grpc-default-executor-5] INFO  client.GrpcClientProtocolClient (GrpcClientProtocolClient.java:onNext(255)) - client-CF63D631FA17->3cf1264f-5f6b-4138-aeee-2ff7d4522ead: receive RaftClientReply:client-CF63D631FA17->3cf1264f-5f6b-4138-aeee-2ff7d4522ead@group-561E16522154, cid=1360, SUCCESS, logIndex=0, commits[3cf1264f-5f6b-4138-aeee-2ff7d4522ead:c1922, 4f0d1a15-8f14-4d9a-ad4f-8211e1245b5d:c1920, 6999f20e-c3f7-4db4-87ca-141c476f2a88:c1920]
2019-08-22 07:03:25,877 | INFO  | SCMAudit | user=jenkins1000 | ip=192.168.34.31 | op=ALLOCATE_BLOCK {owner=04b6d46a-98e2-41b1-9f38-1870289993ea, size=4194304, type=RATIS, factor=THREE} | ret=SUCCESS |  
2019-08-22 07:03:25,880 | INFO  | OMAudit | user=jenkins1000 | ip=127.0.0.1 | op=ALLOCATE_BLOCK {volume=vol-0-14906, bucket=bucket-0-53153, key=key-0-33222, dataSize=0, replicationType=null, replicationFactor=null, keyLocationInfo=null, clientID=102659352017764754} | ret=SUCCESS |  
2019-08-22 07:03:25,890 | INFO  | DNAudit | user=null | ip=null | op=WRITE_CHUNK {blockData=conID: 1 locID: 102659352551490016 bcsId: 0} | ret=SUCCESS |  
2019-08-22 07:03:25,894 | INFO  | DNAudit | user=null | ip=null | op=WRITE_CHUNK {blockData=conID: 1 locID: 102659352551490016 bcsId: 0} | ret=SUCCESS |  
2019-08-22 07:03:25,894 | INFO  | DNAudit | user=null | ip=null | op=WRITE_CHUNK {blockData=conID: 1 locID: 102659352551490016 bcsId: 0} | ret=SUCCESS |  
2019-08-22 07:03:25,894 | INFO  | DNAudit | user=null | ip=null | op=WRITE_CHUNK {blockData=conID: 1 locID: 102659352551490016 bcsId: 0} | ret=SUCCESS |  
2019-08-22 07:03:25,896 | INFO  | SCMAudit | user=jenkins1000 | ip=192.168.34.31 | op=SEND_HEARTBEAT {datanodeUUID=6999f20e-c3f7-4db4-87ca-141c476f2a88, command=[]} | ret=SUCCESS |  
2019-08-22 07:03:25,896 | INFO  | SCMAudit | user=jenkins1000 | ip=192.168.34.31 | op=SEND_HEARTBEAT {datanodeUUID=3cf1264f-5f6b-4138-aeee-2ff7d4522ead, command=[]} | ret=SUCCESS |  
2019-08-22 07:03:25,896 | INFO  | SCMAudit | user=jenkins1000 | ip=192.168.34.31 | op=SEND_HEARTBEAT {datanodeUUID=4f0d1a15-8f14-4d9a-ad4f-8211e1245b5d, command=[]} | ret=SUCCESS |  
2019-08-22 07:03:25,897 | INFO  | DNAudit | user=null | ip=null | op=WRITE_CHUNK {blockData=conID: 1 locID: 102659352551490016 bcsId: 0} | ret=SUCCESS |  
2019-08-22 07:03:25,897 | INFO  | DNAudit | user=null | ip=null | op=WRITE_CHUNK {blockData=conID: 1 locID: 102659352551490016 bcsId: 0} | ret=SUCCESS |  
2019-08-22 07:03:25,898 | INFO  | DNAudit | user=null | ip=null | op=WRITE_CHUNK {blockData=conID: 1 locID: 102659352551490016 bcsId: 0} | ret=SUCCESS |  
2019-08-22 07:03:25,898 | INFO  | DNAudit | user=null | ip=null | op=PUT_BLOCK {blockData=[blockId=conID: 1 locID: 102659352551490016 bcsId: 0,size=1048576]} | ret=SUCCESS |  
2019-08-22 07:03:25,899 [grpc-default-executor-0] INFO  client.GrpcClientProtocolClient (GrpcClientProtocolClient.java:onNext(255)) - client-CF63D631FA17->3cf1264f-5f6b-4138-aeee-2ff7d4522ead: receive RaftClientReply:client-CF63D631FA17->3cf1264f-5f6b-4138-aeee-2ff7d4522ead@group-561E16522154, cid=1361, SUCCESS, logIndex=1923, commits[3cf1264f-5f6b-4138-aeee-2ff7d4522ead:c1924, 4f0d1a15-8f14-4d9a-ad4f-8211e1245b5d:c1920, 6999f20e-c3f7-4db4-87ca-141c476f2a88:c1922]
2019-08-22 07:03:25,900 [grpc-default-executor-0] INFO  client.GrpcClientProtocolClient (GrpcClientProtocolClient.java:onNext(255)) - client-CF63D631FA17->3cf1264f-5f6b-4138-aeee-2ff7d4522ead: receive RaftClientReply:client-CF63D631FA17->3cf1264f-5f6b-4138-aeee-2ff7d4522ead@group-561E16522154, cid=1362, SUCCESS, logIndex=1924, commits[3cf1264f-5f6b-4138-aeee-2ff7d4522ead:c1924, 4f0d1a15-8f14-4d9a-ad4f-8211e1245b5d:c1920, 6999f20e-c3f7-4db4-87ca-141c476f2a88:c1922]
2019-08-22 07:03:25,909 | INFO  | DNAudit | user=null | ip=null | op=WRITE_CHUNK {blockData=conID: 1 locID: 102659352551490016 bcsId: 0} | ret=SUCCESS |  
2019-08-22 07:03:25,909 | INFO  | DNAudit | user=null | ip=null | op=WRITE_CHUNK {blockData=conID: 1 locID: 102659352551490016 bcsId: 0} | ret=SUCCESS |  
2019-08-22 07:03:25,909 | INFO  | DNAudit | user=null | ip=null | op=PUT_BLOCK {blockData=[blockId=conID: 1 locID: 102659352551490016 bcsId: 0,size=2097152]} | ret=SUCCESS |  
2019-08-22 07:03:25,909 | INFO  | DNAudit | user=null | ip=null | op=PUT_BLOCK {blockData=[blockId=conID: 1 locID: 102659352551490016 bcsId: 0,size=1048576]} | ret=SUCCESS |  
2019-08-22 07:03:25,910 [grpc-default-executor-0] INFO  client.GrpcClientProtocolClient (GrpcClientProtocolClient.java:onNext(255)) - client-CF63D631FA17->3cf1264f-5f6b-4138-aeee-2ff7d4522ead: receive RaftClientReply:client-CF63D631FA17->3cf1264f-5f6b-4138-aeee-2ff7d4522ead@group-561E16522154, cid=1363, SUCCESS, logIndex=1925, commits[3cf1264f-5f6b-4138-aeee-2ff7d4522ead:c1926, 4f0d1a15-8f14-4d9a-ad4f-8211e1245b5d:c1922, 6999f20e-c3f7-4db4-87ca-141c476f2a88:c1922]
2019-08-22 07:03:25,910 | INFO  | DNAudit | user=null | ip=null | op=WRITE_CHUNK {blockData=conID: 1 locID: 102659352551490016 bcsId: 0} | ret=SUCCESS |  
2019-08-22 07:03:25,910 | INFO  | DNAudit | user=null | ip=null | op=WRITE_CHUNK {blockData=conID: 1 locID: 102659352551490016 bcsId: 0} | ret=SUCCESS |  
2019-08-22 07:03:25,910 [grpc-default-executor-3] INFO  client.GrpcClientProtocolClient (GrpcClientProtocolClient.java:onNext(255)) - client-CF63D631FA17->3cf1264f-5f6b-4138-aeee-2ff7d4522ead: receive RaftClientReply:client-CF63D631FA17->3cf1264f-5f6b-4138-aeee-2ff7d4522ead@group-561E16522154, cid=1364, SUCCESS, logIndex=1926, commits[3cf1264f-5f6b-4138-aeee-2ff7d4522ead:c1928, 4f0d1a15-8f14-4d9a-ad4f-8211e1245b5d:c1922, 6999f20e-c3f7-4db4-87ca-141c476f2a88:c1924]
2019-08-22 07:03:25,911 | INFO  | DNAudit | user=null | ip=null | op=PUT_BLOCK {blockData=[blockId=conID: 1 locID: 102659352551490016 bcsId: 0,size=2097152]} | ret=SUCCESS |  
2019-08-22 07:03:25,911 | INFO  | DNAudit | user=null | ip=null | op=PUT_BLOCK {blockData=[blockId=conID: 1 locID: 102659352551490016 bcsId: 0,size=1048576]} | ret=SUCCESS |  
2019-08-22 07:03:25,912 | INFO  | DNAudit | user=null | ip=null | op=WRITE_CHUNK {blockData=conID: 1 locID: 102659352551490016 bcsId: 0} | ret=SUCCESS |  
2019-08-22 07:03:25,912 | INFO  | DNAudit | user=null | ip=null | op=PUT_BLOCK {blockData=[blockId=conID: 1 locID: 102659352551490016 bcsId: 0,size=2097152]} | ret=SUCCESS |  
2019-08-22 07:03:25,912 [grpc-default-executor-3] INFO  client.GrpcClientProtocolClient (GrpcClientProtocolClient.java:onNext(255)) - client-CF63D631FA17->3cf1264f-5f6b-4138-aeee-2ff7d4522ead: receive RaftClientReply:client-CF63D631FA17->3cf1264f-5f6b-4138-aeee-2ff7d4522ead@group-561E16522154, cid=1365, SUCCESS, logIndex=0, commits[3cf1264f-5f6b-4138-aeee-2ff7d4522ead:c1929, 4f0d1a15-8f14-4d9a-ad4f-8211e1245b5d:c1924, 6999f20e-c3f7-4db4-87ca-141c476f2a88:c1926]
2019-08-22 07:03:25,920 | INFO  | DNAudit | user=null | ip=null | op=WRITE_CHUNK {blockData=conID: 1 locID: 102659352551490016 bcsId: 1926} | ret=SUCCESS |  
2019-08-22 07:03:25,924 | INFO  | DNAudit | user=null | ip=null | op=WRITE_CHUNK {blockData=conID: 1 locID: 102659352551490016 bcsId: 1926} | ret=SUCCESS |  
2019-08-22 07:03:25,924 | INFO  | DNAudit | user=null | ip=null | op=WRITE_CHUNK {blockData=conID: 1 locID: 102659352551490016 bcsId: 1926} | ret=SUCCESS |  
2019-08-22 07:03:25,933 | INFO  | DNAudit | user=null | ip=null | op=WRITE_CHUNK {blockData=conID: 1 locID: 102659352551490016 bcsId: 1926} | ret=SUCCESS |  
2019-08-22 07:03:25,933 | INFO  | DNAudit | user=null | ip=null | op=PUT_BLOCK {blockData=[blockId=conID: 1 locID: 102659352551490016 bcsId: 0,size=3145728]} | ret=SUCCESS |  
2019-08-22 07:03:25,934 [grpc-default-executor-0] INFO  client.GrpcClientProtocolClient (GrpcClientProtocolClient.java:onNext(255)) - client-CF63D631FA17->3cf1264f-5f6b-4138-aeee-2ff7d4522ead: receive RaftClientReply:client-CF63D631FA17->3cf1264f-5f6b-4138-aeee-2ff7d4522ead@group-561E16522154, cid=1366, SUCCESS, logIndex=1931, commits[3cf1264f-5f6b-4138-aeee-2ff7d4522ead:c1932, 4f0d1a15-8f14-4d9a-ad4f-8211e1245b5d:c1930, 6999f20e-c3f7-4db4-87ca-141c476f2a88:c1930]
2019-08-22 07:03:25,934 [grpc-default-executor-0] INFO  client.GrpcClientProtocolClient (GrpcClientProtocolClient.java:onNext(255)) - client-CF63D631FA17->3cf1264f-5f6b-4138-aeee-2ff7d4522ead: receive RaftClientReply:client-CF63D631FA17->3cf1264f-5f6b-4138-aeee-2ff7d4522ead@group-561E16522154, cid=1367, SUCCESS, logIndex=1932, commits[3cf1264f-5f6b-4138-aeee-2ff7d4522ead:c1932, 4f0d1a15-8f14-4d9a-ad4f-8211e1245b5d:c1930, 6999f20e-c3f7-4db4-87ca-141c476f2a88:c1930]
2019-08-22 07:03:25,941 | INFO  | DNAudit | user=null | ip=null | op=WRITE_CHUNK {blockData=conID: 1 locID: 102659352551490016 bcsId: 1932} | ret=SUCCESS |  
2019-08-22 07:03:25,944 | INFO  | DNAudit | user=null | ip=null | op=WRITE_CHUNK {blockData=conID: 1 locID: 102659352551490016 bcsId: 1926} | ret=SUCCESS |  
2019-08-22 07:03:25,944 | INFO  | DNAudit | user=null | ip=null | op=WRITE_CHUNK {blockData=conID: 1 locID: 102659352551490016 bcsId: 1926} | ret=SUCCESS |  
2019-08-22 07:03:25,944 | INFO  | DNAudit | user=null | ip=null | op=WRITE_CHUNK {blockData=conID: 1 locID: 102659352551490016 bcsId: 1932} | ret=SUCCESS |  
2019-08-22 07:03:25,945 | INFO  | DNAudit | user=null | ip=null | op=WRITE_CHUNK {blockData=conID: 1 locID: 102659352551490016 bcsId: 1932} | ret=SUCCESS |  
2019-08-22 07:03:25,945 | INFO  | DNAudit | user=null | ip=null | op=PUT_BLOCK {blockData=[blockId=conID: 1 locID: 102659352551490016 bcsId: 0,size=3145728]} | ret=SUCCESS |  
2019-08-22 07:03:25,945 | INFO  | DNAudit | user=null | ip=null | op=PUT_BLOCK {blockData=[blockId=conID: 1 locID: 102659352551490016 bcsId: 0,size=3145728]} | ret=SUCCESS |  
2019-08-22 07:03:25,956 | INFO  | DNAudit | user=null | ip=null | op=WRITE_CHUNK {blockData=conID: 1 locID: 102659352551490016 bcsId: 1932} | ret=SUCCESS |  
2019-08-22 07:03:25,957 | INFO  | DNAudit | user=null | ip=null | op=PUT_BLOCK {blockData=[blockId=conID: 1 locID: 102659352551490016 bcsId: 0,size=4194304]} | ret=SUCCESS |  
2019-08-22 07:03:25,957 [grpc-default-executor-3] INFO  client.GrpcClientProtocolClient (GrpcClientProtocolClient.java:onNext(255)) - client-CF63D631FA17->3cf1264f-5f6b-4138-aeee-2ff7d4522ead: receive RaftClientReply:client-CF63D631FA17->3cf1264f-5f6b-4138-aeee-2ff7d4522ead@group-561E16522154, cid=1368, SUCCESS, logIndex=1935, commits[3cf1264f-5f6b-4138-aeee-2ff7d4522ead:c1936, 4f0d1a15-8f14-4d9a-ad4f-8211e1245b5d:c1932, 6999f20e-c3f7-4db4-87ca-141c476f2a88:c1932]
2019-08-22 07:03:25,958 [grpc-default-executor-3] INFO  client.GrpcClientProtocolClient (GrpcClientProtocolClient.java:onNext(255)) - client-CF63D631FA17->3cf1264f-5f6b-4138-aeee-2ff7d4522ead: receive RaftClientReply:client-CF63D631FA17->3cf1264f-5f6b-4138-aeee-2ff7d4522ead@group-561E16522154, cid=1369, SUCCESS, logIndex=1936, commits[3cf1264f-5f6b-4138-aeee-2ff7d4522ead:c1936, 4f0d1a15-8f14-4d9a-ad4f-8211e1245b5d:c1932, 6999f20e-c3f7-4db4-87ca-141c476f2a88:c1932]
2019-08-22 07:03:25,958 | INFO  | DNAudit | user=null | ip=null | op=WRITE_CHUNK {blockData=conID: 1 locID: 102659352551490016 bcsId: 1932} | ret=SUCCESS |  
2019-08-22 07:03:25,958 | INFO  | DNAudit | user=null | ip=null | op=WRITE_CHUNK {blockData=conID: 1 locID: 102659352551490016 bcsId: 1932} | ret=SUCCESS |  
2019-08-22 07:03:25,959 | INFO  | DNAudit | user=null | ip=null | op=PUT_BLOCK {blockData=[blockId=conID: 1 locID: 102659352551490016 bcsId: 0,size=4194304]} | ret=SUCCESS |  
2019-08-22 07:03:25,959 | INFO  | DNAudit | user=null | ip=null | op=PUT_BLOCK {blockData=[blockId=conID: 1 locID: 102659352551490016 bcsId: 0,size=4194304]} | ret=SUCCESS |  
2019-08-22 07:03:25,960 [grpc-default-executor-3] INFO  client.GrpcClientProtocolClient (GrpcClientProtocolClient.java:onNext(255)) - client-CF63D631FA17->3cf1264f-5f6b-4138-aeee-2ff7d4522ead: receive RaftClientReply:client-CF63D631FA17->3cf1264f-5f6b-4138-aeee-2ff7d4522ead@group-561E16522154, cid=1370, SUCCESS, logIndex=0, commits[3cf1264f-5f6b-4138-aeee-2ff7d4522ead:c1938, 4f0d1a15-8f14-4d9a-ad4f-8211e1245b5d:c1936, 6999f20e-c3f7-4db4-87ca-141c476f2a88:c1936]
2019-08-22 07:03:25,965 | INFO  | SCMAudit | user=jenkins1000 | ip=192.168.34.31 | op=ALLOCATE_BLOCK {owner=04b6d46a-98e2-41b1-9f38-1870289993ea, size=4194304, type=RATIS, factor=THREE} | ret=SUCCESS |  
2019-08-22 07:03:25,968 | INFO  | OMAudit | user=jenkins1000 | ip=127.0.0.1 | op=ALLOCATE_BLOCK {volume=vol-0-14906, bucket=bucket-0-53153, key=key-0-33222, dataSize=0, replicationType=null, replicationFactor=null, keyLocationInfo=null, clientID=102659352017764754} | ret=SUCCESS |  
2019-08-22 07:03:25,975 | INFO  | DNAudit | user=null | ip=null | op=WRITE_CHUNK {blockData=conID: 2 locID: 102659352557322721 bcsId: 0} | ret=SUCCESS |  
2019-08-22 07:03:25,978 | INFO  | DNAudit | user=null | ip=null | op=WRITE_CHUNK {blockData=conID: 2 locID: 102659352557322721 bcsId: 0} | ret=SUCCESS |  
2019-08-22 07:03:25,978 | INFO  | DNAudit | user=null | ip=null | op=WRITE_CHUNK {blockData=conID: 2 locID: 102659352557322721 bcsId: 0} | ret=SUCCESS |  
2019-08-22 07:03:25,979 | INFO  | DNAudit | user=null | ip=null | op=WRITE_CHUNK {blockData=conID: 2 locID: 102659352557322721 bcsId: 0} | ret=SUCCESS |  
2019-08-22 07:03:25,981 | INFO  | DNAudit | user=null | ip=null | op=WRITE_CHUNK {blockData=conID: 2 locID: 102659352557322721 bcsId: 0} | ret=SUCCESS |  
2019-08-22 07:03:25,982 | INFO  | DNAudit | user=null | ip=null | op=WRITE_CHUNK {blockData=conID: 2 locID: 102659352557322721 bcsId: 0} | ret=SUCCESS |  
2019-08-22 07:03:25,987 | INFO  | DNAudit | user=null | ip=null | op=WRITE_CHUNK {blockData=conID: 2 locID: 102659352557322721 bcsId: 0} | ret=SUCCESS |  
2019-08-22 07:03:25,988 | INFO  | DNAudit | user=null | ip=null | op=PUT_BLOCK {blockData=[blockId=conID: 2 locID: 102659352557322721 bcsId: 0,size=1048576]} | ret=SUCCESS |  
2019-08-22 07:03:25,988 [grpc-default-executor-3] INFO  client.GrpcClientProtocolClient (GrpcClientProtocolClient.java:onNext(255)) - client-CF63D631FA17->3cf1264f-5f6b-4138-aeee-2ff7d4522ead: receive RaftClientReply:client-CF63D631FA17->3cf1264f-5f6b-4138-aeee-2ff7d4522ead@group-561E16522154, cid=1371, SUCCESS, logIndex=1939, commits[3cf1264f-5f6b-4138-aeee-2ff7d4522ead:c1940, 4f0d1a15-8f14-4d9a-ad4f-8211e1245b5d:c1938, 6999f20e-c3f7-4db4-87ca-141c476f2a88:c1938]
2019-08-22 07:03:25,989 | INFO  | DNAudit | user=null | ip=null | op=WRITE_CHUNK {blockData=conID: 2 locID: 102659352557322721 bcsId: 0} | ret=SUCCESS |  
2019-08-22 07:03:25,989 [grpc-default-executor-3] INFO  client.GrpcClientProtocolClient (GrpcClientProtocolClient.java:onNext(255)) - client-CF63D631FA17->3cf1264f-5f6b-4138-aeee-2ff7d4522ead: receive RaftClientReply:client-CF63D631FA17->3cf1264f-5f6b-4138-aeee-2ff7d4522ead@group-561E16522154, cid=1372, SUCCESS, logIndex=1940, commits[3cf1264f-5f6b-4138-aeee-2ff7d4522ead:c1942, 4f0d1a15-8f14-4d9a-ad4f-8211e1245b5d:c1938, 6999f20e-c3f7-4db4-87ca-141c476f2a88:c1938]
2019-08-22 07:03:25,989 | INFO  | DNAudit | user=null | ip=null | op=PUT_BLOCK {blockData=[blockId=conID: 2 locID: 102659352557322721 bcsId: 0,size=2097152]} | ret=SUCCESS |  
2019-08-22 07:03:25,989 [grpc-default-executor-3] INFO  client.GrpcClientProtocolClient (GrpcClientProtocolClient.java:onNext(255)) - client-CF63D631FA17->3cf1264f-5f6b-4138-aeee-2ff7d4522ead: receive RaftClientReply:client-CF63D631FA17->3cf1264f-5f6b-4138-aeee-2ff7d4522ead@group-561E16522154, cid=1373, SUCCESS, logIndex=1941, commits[3cf1264f-5f6b-4138-aeee-2ff7d4522ead:c1942, 4f0d1a15-8f14-4d9a-ad4f-8211e1245b5d:c1938, 6999f20e-c3f7-4db4-87ca-141c476f2a88:c1938]
2019-08-22 07:03:25,989 [grpc-default-executor-3] INFO  client.GrpcClientProtocolClient (GrpcClientProtocolClient.java:onNext(255)) - client-CF63D631FA17->3cf1264f-5f6b-4138-aeee-2ff7d4522ead: receive RaftClientReply:client-CF63D631FA17->3cf1264f-5f6b-4138-aeee-2ff7d4522ead@group-561E16522154, cid=1374, SUCCESS, logIndex=1942, commits[3cf1264f-5f6b-4138-aeee-2ff7d4522ead:c1942, 4f0d1a15-8f14-4d9a-ad4f-8211e1245b5d:c1938, 6999f20e-c3f7-4db4-87ca-141c476f2a88:c1938]
2019-08-22 07:03:26,001 | INFO  | DNAudit | user=null | ip=null | op=WRITE_CHUNK {blockData=conID: 2 locID: 102659352557322721 bcsId: 0} | ret=SUCCESS |  
2019-08-22 07:03:26,001 | INFO  | DNAudit | user=null | ip=null | op=WRITE_CHUNK {blockData=conID: 2 locID: 102659352557322721 bcsId: 0} | ret=SUCCESS |  
2019-08-22 07:03:26,001 | INFO  | DNAudit | user=null | ip=null | op=PUT_BLOCK {blockData=[blockId=conID: 2 locID: 102659352557322721 bcsId: 0,size=1048576]} | ret=SUCCESS |  
2019-08-22 07:03:26,002 | INFO  | DNAudit | user=null | ip=null | op=PUT_BLOCK {blockData=[blockId=conID: 2 locID: 102659352557322721 bcsId: 0,size=1048576]} | ret=SUCCESS |  
2019-08-22 07:03:26,002 | INFO  | DNAudit | user=null | ip=null | op=WRITE_CHUNK {blockData=conID: 2 locID: 102659352557322721 bcsId: 0} | ret=SUCCESS |  
2019-08-22 07:03:26,002 | INFO  | DNAudit | user=null | ip=null | op=WRITE_CHUNK {blockData=conID: 2 locID: 102659352557322721 bcsId: 0} | ret=SUCCESS |  
2019-08-22 07:03:26,002 | INFO  | DNAudit | user=null | ip=null | op=PUT_BLOCK {blockData=[blockId=conID: 2 locID: 102659352557322721 bcsId: 0,size=2097152]} | ret=SUCCESS |  
2019-08-22 07:03:26,002 | INFO  | DNAudit | user=null | ip=null | op=PUT_BLOCK {blockData=[blockId=conID: 2 locID: 102659352557322721 bcsId: 0,size=2097152]} | ret=SUCCESS |  
2019-08-22 07:03:26,002 [grpc-default-executor-3] INFO  client.GrpcClientProtocolClient (GrpcClientProtocolClient.java:onNext(255)) - client-CF63D631FA17->3cf1264f-5f6b-4138-aeee-2ff7d4522ead: receive RaftClientReply:client-CF63D631FA17->3cf1264f-5f6b-4138-aeee-2ff7d4522ead@group-561E16522154, cid=1375, SUCCESS, logIndex=0, commits[3cf1264f-5f6b-4138-aeee-2ff7d4522ead:c1944, 4f0d1a15-8f14-4d9a-ad4f-8211e1245b5d:c1940, 6999f20e-c3f7-4db4-87ca-141c476f2a88:c1940]
2019-08-22 07:03:26,009 | INFO  | DNAudit | user=null | ip=null | op=WRITE_CHUNK {blockData=conID: 2 locID: 102659352557322721 bcsId: 1942} | ret=SUCCESS |  
2019-08-22 07:03:26,012 | INFO  | DNAudit | user=null | ip=null | op=WRITE_CHUNK {blockData=conID: 2 locID: 102659352557322721 bcsId: 1942} | ret=SUCCESS |  
2019-08-22 07:03:26,012 | INFO  | DNAudit | user=null | ip=null | op=WRITE_CHUNK {blockData=conID: 2 locID: 102659352557322721 bcsId: 1942} | ret=SUCCESS |  
2019-08-22 07:03:26,022 | INFO  | DNAudit | user=null | ip=null | op=WRITE_CHUNK {blockData=conID: 2 locID: 102659352557322721 bcsId: 1942} | ret=SUCCESS |  
2019-08-22 07:03:26,023 | INFO  | DNAudit | user=null | ip=null | op=PUT_BLOCK {blockData=[blockId=conID: 2 locID: 102659352557322721 bcsId: 0,size=3145728]} | ret=SUCCESS |  
2019-08-22 07:03:26,023 [grpc-default-executor-3] INFO  client.GrpcClientProtocolClient (GrpcClientProtocolClient.java:onNext(255)) - client-CF63D631FA17->3cf1264f-5f6b-4138-aeee-2ff7d4522ead: receive RaftClientReply:client-CF63D631FA17->3cf1264f-5f6b-4138-aeee-2ff7d4522ead@group-561E16522154, cid=1376, SUCCESS, logIndex=1947, commits[3cf1264f-5f6b-4138-aeee-2ff7d4522ead:c1948, 4f0d1a15-8f14-4d9a-ad4f-8211e1245b5d:c1946, 6999f20e-c3f7-4db4-87ca-141c476f2a88:c1946]
2019-08-22 07:03:26,023 [grpc-default-executor-3] INFO  client.GrpcClientProtocolClient (GrpcClientProtocolClient.java:onNext(255)) - client-CF63D631FA17->3cf1264f-5f6b-4138-aeee-2ff7d4522ead: receive RaftClientReply:client-CF63D631FA17->3cf1264f-5f6b-4138-aeee-2ff7d4522ead@group-561E16522154, cid=1377, SUCCESS, logIndex=1948, commits[3cf1264f-5f6b-4138-aeee-2ff7d4522ead:c1948, 4f0d1a15-8f14-4d9a-ad4f-8211e1245b5d:c1946, 6999f20e-c3f7-4db4-87ca-141c476f2a88:c1946]
2019-08-22 07:03:26,032 | INFO  | DNAudit | user=null | ip=null | op=WRITE_CHUNK {blockData=conID: 2 locID: 102659352557322721 bcsId: 1948} | ret=SUCCESS |  
2019-08-22 07:03:26,033 | INFO  | DNAudit | user=null | ip=null | op=WRITE_CHUNK {blockData=conID: 2 locID: 102659352557322721 bcsId: 1942} | ret=SUCCESS |  
2019-08-22 07:03:26,034 | INFO  | DNAudit | user=null | ip=null | op=WRITE_CHUNK {blockData=conID: 2 locID: 102659352557322721 bcsId: 1942} | ret=SUCCESS |  
2019-08-22 07:03:26,034 | INFO  | DNAudit | user=null | ip=null | op=PUT_BLOCK {blockData=[blockId=conID: 2 locID: 102659352557322721 bcsId: 0,size=3145728]} | ret=SUCCESS |  
2019-08-22 07:03:26,034 | INFO  | DNAudit | user=null | ip=null | op=PUT_BLOCK {blockData=[blockId=conID: 2 locID: 102659352557322721 bcsId: 0,size=3145728]} | ret=SUCCESS |  
2019-08-22 07:03:26,035 | INFO  | DNAudit | user=null | ip=null | op=WRITE_CHUNK {blockData=conID: 2 locID: 102659352557322721 bcsId: 1948} | ret=SUCCESS |  
2019-08-22 07:03:26,035 | INFO  | DNAudit | user=null | ip=null | op=WRITE_CHUNK {blockData=conID: 2 locID: 102659352557322721 bcsId: 1948} | ret=SUCCESS |  
2019-08-22 07:03:26,047 | INFO  | DNAudit | user=null | ip=null | op=WRITE_CHUNK {blockData=conID: 2 locID: 102659352557322721 bcsId: 1948} | ret=SUCCESS |  
2019-08-22 07:03:26,048 | INFO  | DNAudit | user=null | ip=null | op=PUT_BLOCK {blockData=[blockId=conID: 2 locID: 102659352557322721 bcsId: 0,size=4194304]} | ret=SUCCESS |  
2019-08-22 07:03:26,048 [grpc-default-executor-1] INFO  client.GrpcClientProtocolClient (GrpcClientProtocolClient.java:onNext(255)) - client-CF63D631FA17->3cf1264f-5f6b-4138-aeee-2ff7d4522ead: receive RaftClientReply:client-CF63D631FA17->3cf1264f-5f6b-4138-aeee-2ff7d4522ead@group-561E16522154, cid=1378, SUCCESS, logIndex=1951, commits[3cf1264f-5f6b-4138-aeee-2ff7d4522ead:c1952, 4f0d1a15-8f14-4d9a-ad4f-8211e1245b5d:c1948, 6999f20e-c3f7-4db4-87ca-141c476f2a88:c1948]
2019-08-22 07:03:26,049 [grpc-default-executor-1] INFO  client.GrpcClientProtocolClient (GrpcClientProtocolClient.java:onNext(255)) - client-CF63D631FA17->3cf1264f-5f6b-4138-aeee-2ff7d4522ead: receive RaftClientReply:client-CF63D631FA17->3cf1264f-5f6b-4138-aeee-2ff7d4522ead@group-561E16522154, cid=1379, SUCCESS, logIndex=1952, commits[3cf1264f-5f6b-4138-aeee-2ff7d4522ead:c1952, 4f0d1a15-8f14-4d9a-ad4f-8211e1245b5d:c1948, 6999f20e-c3f7-4db4-87ca-141c476f2a88:c1948]
2019-08-22 07:03:26,058 | INFO  | DNAudit | user=null | ip=null | op=WRITE_CHUNK {blockData=conID: 2 locID: 102659352557322721 bcsId: 1948} | ret=SUCCESS |  
2019-08-22 07:03:26,058 | INFO  | DNAudit | user=null | ip=null | op=WRITE_CHUNK {blockData=conID: 2 locID: 102659352557322721 bcsId: 1948} | ret=SUCCESS |  
2019-08-22 07:03:26,059 | INFO  | DNAudit | user=null | ip=null | op=PUT_BLOCK {blockData=[blockId=conID: 2 locID: 102659352557322721 bcsId: 0,size=4194304]} | ret=SUCCESS |  
2019-08-22 07:03:26,059 | INFO  | DNAudit | user=null | ip=null | op=PUT_BLOCK {blockData=[blockId=conID: 2 locID: 102659352557322721 bcsId: 0,size=4194304]} | ret=SUCCESS |  
2019-08-22 07:03:26,059 [grpc-default-executor-3] INFO  client.GrpcClientProtocolClient (GrpcClientProtocolClient.java:onNext(255)) - client-CF63D631FA17->3cf1264f-5f6b-4138-aeee-2ff7d4522ead: receive RaftClientReply:client-CF63D631FA17->3cf1264f-5f6b-4138-aeee-2ff7d4522ead@group-561E16522154, cid=1380, SUCCESS, logIndex=0, commits[3cf1264f-5f6b-4138-aeee-2ff7d4522ead:c1953, 4f0d1a15-8f14-4d9a-ad4f-8211e1245b5d:c1952, 6999f20e-c3f7-4db4-87ca-141c476f2a88:c1952]
2019-08-22 07:03:26,065 | INFO  | SCMAudit | user=jenkins1000 | ip=192.168.34.31 | op=ALLOCATE_BLOCK {owner=04b6d46a-98e2-41b1-9f38-1870289993ea, size=4194304, type=RATIS, factor=THREE} | ret=SUCCESS |  
2019-08-22 07:03:26,069 | INFO  | OMAudit | user=jenkins1000 | ip=127.0.0.1 | op=ALLOCATE_BLOCK {volume=vol-0-14906, bucket=bucket-0-53153, key=key-0-33222, dataSize=0, replicationType=null, replicationFactor=null, keyLocationInfo=null, clientID=102659352017764754} | ret=SUCCESS |  
2019-08-22 07:03:26,077 | INFO  | DNAudit | user=null | ip=null | op=WRITE_CHUNK {blockData=conID: 3 locID: 102659352563876322 bcsId: 0} | ret=SUCCESS |  
2019-08-22 07:03:26,080 | INFO  | DNAudit | user=null | ip=null | op=WRITE_CHUNK {blockData=conID: 3 locID: 102659352563876322 bcsId: 0} | ret=SUCCESS |  
2019-08-22 07:03:26,080 | INFO  | DNAudit | user=null | ip=null | op=WRITE_CHUNK {blockData=conID: 3 locID: 102659352563876322 bcsId: 0} | ret=SUCCESS |  
2019-08-22 07:03:26,081 | INFO  | DNAudit | user=null | ip=null | op=WRITE_CHUNK {blockData=conID: 3 locID: 102659352563876322 bcsId: 0} | ret=SUCCESS |  
2019-08-22 07:03:26,083 | INFO  | DNAudit | user=null | ip=null | op=WRITE_CHUNK {blockData=conID: 3 locID: 102659352563876322 bcsId: 0} | ret=SUCCESS |  
2019-08-22 07:03:26,083 | INFO  | DNAudit | user=null | ip=null | op=WRITE_CHUNK {blockData=conID: 3 locID: 102659352563876322 bcsId: 0} | ret=SUCCESS |  
2019-08-22 07:03:26,090 | INFO  | DNAudit | user=null | ip=null | op=WRITE_CHUNK {blockData=conID: 3 locID: 102659352563876322 bcsId: 0} | ret=SUCCESS |  
2019-08-22 07:03:26,091 | INFO  | DNAudit | user=null | ip=null | op=PUT_BLOCK {blockData=[blockId=conID: 3 locID: 102659352563876322 bcsId: 0,size=1048576]} | ret=SUCCESS |  
2019-08-22 07:03:26,091 | INFO  | DNAudit | user=null | ip=null | op=WRITE_CHUNK {blockData=conID: 3 locID: 102659352563876322 bcsId: 0} | ret=SUCCESS |  
2019-08-22 07:03:26,092 [grpc-default-executor-0] INFO  client.GrpcClientProtocolClient (GrpcClientProtocolClient.java:onNext(255)) - client-CF63D631FA17->3cf1264f-5f6b-4138-aeee-2ff7d4522ead: receive RaftClientReply:client-CF63D631FA17->3cf1264f-5f6b-4138-aeee-2ff7d4522ead@group-561E16522154, cid=1381, SUCCESS, logIndex=1955, commits[3cf1264f-5f6b-4138-aeee-2ff7d4522ead:c1956, 4f0d1a15-8f14-4d9a-ad4f-8211e1245b5d:c1954, 6999f20e-c3f7-4db4-87ca-141c476f2a88:c1954]
2019-08-22 07:03:26,092 | INFO  | DNAudit | user=null | ip=null | op=PUT_BLOCK {blockData=[blockId=conID: 3 locID: 102659352563876322 bcsId: 0,size=2097152]} | ret=SUCCESS |  
2019-08-22 07:03:26,093 [grpc-default-executor-3] INFO  client.GrpcClientProtocolClient (GrpcClientProtocolClient.java:onNext(255)) - client-CF63D631FA17->3cf1264f-5f6b-4138-aeee-2ff7d4522ead: receive RaftClientReply:client-CF63D631FA17->3cf1264f-5f6b-4138-aeee-2ff7d4522ead@group-561E16522154, cid=1382, SUCCESS, logIndex=1956, commits[3cf1264f-5f6b-4138-aeee-2ff7d4522ead:c1957, 4f0d1a15-8f14-4d9a-ad4f-8211e1245b5d:c1954, 6999f20e-c3f7-4db4-87ca-141c476f2a88:c1954]
2019-08-22 07:03:26,093 [grpc-default-executor-3] INFO  client.GrpcClientProtocolClient (GrpcClientProtocolClient.java:onNext(255)) - client-CF63D631FA17->3cf1264f-5f6b-4138-aeee-2ff7d4522ead: receive RaftClientReply:client-CF63D631FA17->3cf1264f-5f6b-4138-aeee-2ff7d4522ead@group-561E16522154, cid=1383, SUCCESS, logIndex=1957, commits[3cf1264f-5f6b-4138-aeee-2ff7d4522ead:c1958, 4f0d1a15-8f14-4d9a-ad4f-8211e1245b5d:c1954, 6999f20e-c3f7-4db4-87ca-141c476f2a88:c1954]
2019-08-22 07:03:26,093 [grpc-default-executor-3] INFO  client.GrpcClientProtocolClient (GrpcClientProtocolClient.java:onNext(255)) - client-CF63D631FA17->3cf1264f-5f6b-4138-aeee-2ff7d4522ead: receive RaftClientReply:client-CF63D631FA17->3cf1264f-5f6b-4138-aeee-2ff7d4522ead@group-561E16522154, cid=1384, SUCCESS, logIndex=1958, commits[3cf1264f-5f6b-4138-aeee-2ff7d4522ead:c1958, 4f0d1a15-8f14-4d9a-ad4f-8211e1245b5d:c1954, 6999f20e-c3f7-4db4-87ca-141c476f2a88:c1954]
2019-08-22 07:03:26,094 | INFO  | DNAudit | user=null | ip=null | op=WRITE_CHUNK {blockData=conID: 3 locID: 102659352563876322 bcsId: 0} | ret=SUCCESS |  
2019-08-22 07:03:26,094 | INFO  | DNAudit | user=null | ip=null | op=WRITE_CHUNK {blockData=conID: 3 locID: 102659352563876322 bcsId: 0} | ret=SUCCESS |  
2019-08-22 07:03:26,094 | INFO  | DNAudit | user=null | ip=null | op=PUT_BLOCK {blockData=[blockId=conID: 3 locID: 102659352563876322 bcsId: 0,size=1048576]} | ret=SUCCESS |  
2019-08-22 07:03:26,094 | INFO  | DNAudit | user=null | ip=null | op=PUT_BLOCK {blockData=[blockId=conID: 3 locID: 102659352563876322 bcsId: 0,size=1048576]} | ret=SUCCESS |  
2019-08-22 07:03:26,095 [grpc-default-executor-0] INFO  client.GrpcClientProtocolClient (GrpcClientProtocolClient.java:onNext(255)) - client-CF63D631FA17->3cf1264f-5f6b-4138-aeee-2ff7d4522ead: receive RaftClientReply:client-CF63D631FA17->3cf1264f-5f6b-4138-aeee-2ff7d4522ead@group-561E16522154, cid=1385, SUCCESS, logIndex=0, commits[3cf1264f-5f6b-4138-aeee-2ff7d4522ead:c1959, 4f0d1a15-8f14-4d9a-ad4f-8211e1245b5d:c1956, 6999f20e-c3f7-4db4-87ca-141c476f2a88:c1956]
2019-08-22 07:03:26,096 | INFO  | DNAudit | user=null | ip=null | op=WRITE_CHUNK {blockData=conID: 3 locID: 102659352563876322 bcsId: 0} | ret=SUCCESS |  
2019-08-22 07:03:26,096 | INFO  | DNAudit | user=null | ip=null | op=WRITE_CHUNK {blockData=conID: 3 locID: 102659352563876322 bcsId: 0} | ret=SUCCESS |  
2019-08-22 07:03:26,096 | INFO  | DNAudit | user=null | ip=null | op=PUT_BLOCK {blockData=[blockId=conID: 3 locID: 102659352563876322 bcsId: 0,size=2097152]} | ret=SUCCESS |  
2019-08-22 07:03:26,096 | INFO  | DNAudit | user=null | ip=null | op=PUT_BLOCK {blockData=[blockId=conID: 3 locID: 102659352563876322 bcsId: 0,size=2097152]} | ret=SUCCESS |  
2019-08-22 07:03:26,102 | INFO  | DNAudit | user=null | ip=null | op=WRITE_CHUNK {blockData=conID: 3 locID: 102659352563876322 bcsId: 1958} | ret=SUCCESS |  
2019-08-22 07:03:26,105 | INFO  | DNAudit | user=null | ip=null | op=WRITE_CHUNK {blockData=conID: 3 locID: 102659352563876322 bcsId: 1958} | ret=SUCCESS |  
2019-08-22 07:03:26,105 | INFO  | DNAudit | user=null | ip=null | op=WRITE_CHUNK {blockData=conID: 3 locID: 102659352563876322 bcsId: 1958} | ret=SUCCESS |  
2019-08-22 07:03:26,108 | INFO  | DNAudit | user=null | ip=null | op=WRITE_CHUNK {blockData=conID: 3 locID: 102659352563876322 bcsId: 1958} | ret=SUCCESS |  
2019-08-22 07:03:26,108 | INFO  | DNAudit | user=null | ip=null | op=PUT_BLOCK {blockData=[blockId=conID: 3 locID: 102659352563876322 bcsId: 0,size=3145728]} | ret=SUCCESS |  
2019-08-22 07:03:26,108 [grpc-default-executor-3] INFO  client.GrpcClientProtocolClient (GrpcClientProtocolClient.java:onNext(255)) - client-CF63D631FA17->3cf1264f-5f6b-4138-aeee-2ff7d4522ead: receive RaftClientReply:client-CF63D631FA17->3cf1264f-5f6b-4138-aeee-2ff7d4522ead@group-561E16522154, cid=1386, SUCCESS, logIndex=1963, commits[3cf1264f-5f6b-4138-aeee-2ff7d4522ead:c1964, 4f0d1a15-8f14-4d9a-ad4f-8211e1245b5d:c1958, 6999f20e-c3f7-4db4-87ca-141c476f2a88:c1962]
2019-08-22 07:03:26,109 [grpc-default-executor-3] INFO  client.GrpcClientProtocolClient (GrpcClientProtocolClient.java:onNext(255)) - client-CF63D631FA17->3cf1264f-5f6b-4138-aeee-2ff7d4522ead: receive RaftClientReply:client-CF63D631FA17->3cf1264f-5f6b-4138-aeee-2ff7d4522ead@group-561E16522154, cid=1387, SUCCESS, logIndex=1964, commits[3cf1264f-5f6b-4138-aeee-2ff7d4522ead:c1964, 4f0d1a15-8f14-4d9a-ad4f-8211e1245b5d:c1962, 6999f20e-c3f7-4db4-87ca-141c476f2a88:c1962]
2019-08-22 07:03:26,110 | INFO  | DNAudit | user=null | ip=null | op=WRITE_CHUNK {blockData=conID: 3 locID: 102659352563876322 bcsId: 1958} | ret=SUCCESS |  
2019-08-22 07:03:26,110 | INFO  | DNAudit | user=null | ip=null | op=WRITE_CHUNK {blockData=conID: 3 locID: 102659352563876322 bcsId: 1958} | ret=SUCCESS |  
2019-08-22 07:03:26,110 | INFO  | DNAudit | user=null | ip=null | op=PUT_BLOCK {blockData=[blockId=conID: 3 locID: 102659352563876322 bcsId: 0,size=3145728]} | ret=SUCCESS |  
2019-08-22 07:03:26,110 | INFO  | DNAudit | user=null | ip=null | op=PUT_BLOCK {blockData=[blockId=conID: 3 locID: 102659352563876322 bcsId: 0,size=3145728]} | ret=SUCCESS |  
2019-08-22 07:03:26,117 | INFO  | DNAudit | user=null | ip=null | op=WRITE_CHUNK {blockData=conID: 3 locID: 102659352563876322 bcsId: 1964} | ret=SUCCESS |  
2019-08-22 07:03:26,118 | INFO  | DNAudit | user=null | ip=null | op=WRITE_CHUNK {blockData=conID: 3 locID: 102659352563876322 bcsId: 1964} | ret=SUCCESS |  
2019-08-22 07:03:26,118 | INFO  | DNAudit | user=null | ip=null | op=WRITE_CHUNK {blockData=conID: 3 locID: 102659352563876322 bcsId: 1964} | ret=SUCCESS |  
2019-08-22 07:03:26,120 | INFO  | DNAudit | user=null | ip=null | op=WRITE_CHUNK {blockData=conID: 3 locID: 102659352563876322 bcsId: 1964} | ret=SUCCESS |  
2019-08-22 07:03:26,120 | INFO  | DNAudit | user=null | ip=null | op=PUT_BLOCK {blockData=[blockId=conID: 3 locID: 102659352563876322 bcsId: 0,size=4194304]} | ret=SUCCESS |  
2019-08-22 07:03:26,120 [grpc-default-executor-1] INFO  client.GrpcClientProtocolClient (GrpcClientProtocolClient.java:onNext(255)) - client-CF63D631FA17->3cf1264f-5f6b-4138-aeee-2ff7d4522ead: receive RaftClientReply:client-CF63D631FA17->3cf1264f-5f6b-4138-aeee-2ff7d4522ead@group-561E16522154, cid=1388, SUCCESS, logIndex=1967, commits[3cf1264f-5f6b-4138-aeee-2ff7d4522ead:c1968, 4f0d1a15-8f14-4d9a-ad4f-8211e1245b5d:c1966, 6999f20e-c3f7-4db4-87ca-141c476f2a88:c1966]
2019-08-22 07:03:26,120 [grpc-default-executor-1] INFO  client.GrpcClientProtocolClient (GrpcClientProtocolClient.java:onNext(255)) - client-CF63D631FA17->3cf1264f-5f6b-4138-aeee-2ff7d4522ead: receive RaftClientReply:client-CF63D631FA17->3cf1264f-5f6b-4138-aeee-2ff7d4522ead@group-561E16522154, cid=1389, SUCCESS, logIndex=1968, commits[3cf1264f-5f6b-4138-aeee-2ff7d4522ead:c1968, 4f0d1a15-8f14-4d9a-ad4f-8211e1245b5d:c1966, 6999f20e-c3f7-4db4-87ca-141c476f2a88:c1966]
2019-08-22 07:03:26,122 | INFO  | DNAudit | user=null | ip=null | op=WRITE_CHUNK {blockData=conID: 3 locID: 102659352563876322 bcsId: 1964} | ret=SUCCESS |  
2019-08-22 07:03:26,122 | INFO  | DNAudit | user=null | ip=null | op=WRITE_CHUNK {blockData=conID: 3 locID: 102659352563876322 bcsId: 1964} | ret=SUCCESS |  
2019-08-22 07:03:26,123 | INFO  | DNAudit | user=null | ip=null | op=PUT_BLOCK {blockData=[blockId=conID: 3 locID: 102659352563876322 bcsId: 0,size=4194304]} | ret=SUCCESS |  
2019-08-22 07:03:26,123 | INFO  | DNAudit | user=null | ip=null | op=PUT_BLOCK {blockData=[blockId=conID: 3 locID: 102659352563876322 bcsId: 0,size=4194304]} | ret=SUCCESS |  
2019-08-22 07:03:26,124 [grpc-default-executor-1] INFO  client.GrpcClientProtocolClient (GrpcClientProtocolClient.java:onNext(255)) - client-CF63D631FA17->3cf1264f-5f6b-4138-aeee-2ff7d4522ead: receive RaftClientReply:client-CF63D631FA17->3cf1264f-5f6b-4138-aeee-2ff7d4522ead@group-561E16522154, cid=1390, SUCCESS, logIndex=0, commits[3cf1264f-5f6b-4138-aeee-2ff7d4522ead:c1970, 4f0d1a15-8f14-4d9a-ad4f-8211e1245b5d:c1968, 6999f20e-c3f7-4db4-87ca-141c476f2a88:c1968]
2019-08-22 07:03:26,129 | INFO  | SCMAudit | user=jenkins1000 | ip=192.168.34.31 | op=ALLOCATE_BLOCK {owner=04b6d46a-98e2-41b1-9f38-1870289993ea, size=4194304, type=RATIS, factor=THREE} | ret=SUCCESS |  
2019-08-22 07:03:26,133 | INFO  | OMAudit | user=jenkins1000 | ip=127.0.0.1 | op=ALLOCATE_BLOCK {volume=vol-0-14906, bucket=bucket-0-53153, key=key-0-33222, dataSize=0, replicationType=null, replicationFactor=null, keyLocationInfo=null, clientID=102659352017764754} | ret=SUCCESS |  
2019-08-22 07:03:26,141 | INFO  | DNAudit | user=null | ip=null | op=WRITE_CHUNK {blockData=conID: 1 locID: 102659352568070627 bcsId: 0} | ret=SUCCESS |  
2019-08-22 07:03:26,144 | INFO  | DNAudit | user=null | ip=null | op=WRITE_CHUNK {blockData=conID: 1 locID: 102659352568070627 bcsId: 0} | ret=SUCCESS |  
2019-08-22 07:03:26,145 | INFO  | DNAudit | user=null | ip=null | op=WRITE_CHUNK {blockData=conID: 1 locID: 102659352568070627 bcsId: 0} | ret=SUCCESS |  
2019-08-22 07:03:26,146 | INFO  | DNAudit | user=null | ip=null | op=WRITE_CHUNK {blockData=conID: 1 locID: 102659352568070627 bcsId: 0} | ret=SUCCESS |  
2019-08-22 07:03:26,148 | INFO  | DNAudit | user=null | ip=null | op=WRITE_CHUNK {blockData=conID: 1 locID: 102659352568070627 bcsId: 0} | ret=SUCCESS |  
2019-08-22 07:03:26,148 | INFO  | DNAudit | user=null | ip=null | op=WRITE_CHUNK {blockData=conID: 1 locID: 102659352568070627 bcsId: 0} | ret=SUCCESS |  
2019-08-22 07:03:26,149 | INFO  | DNAudit | user=null | ip=null | op=WRITE_CHUNK {blockData=conID: 1 locID: 102659352568070627 bcsId: 0} | ret=SUCCESS |  
2019-08-22 07:03:26,149 | INFO  | DNAudit | user=null | ip=null | op=PUT_BLOCK {blockData=[blockId=conID: 1 locID: 102659352568070627 bcsId: 0,size=1048576]} | ret=SUCCESS |  
2019-08-22 07:03:26,150 [grpc-default-executor-1] INFO  client.GrpcClientProtocolClient (GrpcClientProtocolClient.java:onNext(255)) - client-CF63D631FA17->3cf1264f-5f6b-4138-aeee-2ff7d4522ead: receive RaftClientReply:client-CF63D631FA17->3cf1264f-5f6b-4138-aeee-2ff7d4522ead@group-561E16522154, cid=1391, SUCCESS, logIndex=1971, commits[3cf1264f-5f6b-4138-aeee-2ff7d4522ead:c1972, 4f0d1a15-8f14-4d9a-ad4f-8211e1245b5d:c1970, 6999f20e-c3f7-4db4-87ca-141c476f2a88:c1970]
2019-08-22 07:03:26,151 | INFO  | DNAudit | user=null | ip=null | op=WRITE_CHUNK {blockData=conID: 1 locID: 102659352568070627 bcsId: 0} | ret=SUCCESS |  
2019-08-22 07:03:26,151 | INFO  | DNAudit | user=null | ip=null | op=WRITE_CHUNK {blockData=conID: 1 locID: 102659352568070627 bcsId: 0} | ret=SUCCESS |  
2019-08-22 07:03:26,151 [grpc-default-executor-0] INFO  client.GrpcClientProtocolClient (GrpcClientProtocolClient.java:onNext(255)) - client-CF63D631FA17->3cf1264f-5f6b-4138-aeee-2ff7d4522ead: receive RaftClientReply:client-CF63D631FA17->3cf1264f-5f6b-4138-aeee-2ff7d4522ead@group-561E16522154, cid=1392, SUCCESS, logIndex=1972, commits[3cf1264f-5f6b-4138-aeee-2ff7d4522ead:c1972, 4f0d1a15-8f14-4d9a-ad4f-8211e1245b5d:c1970, 6999f20e-c3f7-4db4-87ca-141c476f2a88:c1970]
2019-08-22 07:03:26,151 | INFO  | DNAudit | user=null | ip=null | op=PUT_BLOCK {blockData=[blockId=conID: 1 locID: 102659352568070627 bcsId: 0,size=1048576]} | ret=SUCCESS |  
2019-08-22 07:03:26,151 | INFO  | DNAudit | user=null | ip=null | op=PUT_BLOCK {blockData=[blockId=conID: 1 locID: 102659352568070627 bcsId: 0,size=2097152]} | ret=SUCCESS |  
2019-08-22 07:03:26,152 | INFO  | DNAudit | user=null | ip=null | op=WRITE_CHUNK {blockData=conID: 1 locID: 102659352568070627 bcsId: 0} | ret=SUCCESS |  
2019-08-22 07:03:26,152 [grpc-default-executor-0] INFO  client.GrpcClientProtocolClient (GrpcClientProtocolClient.java:onNext(255)) - client-CF63D631FA17->3cf1264f-5f6b-4138-aeee-2ff7d4522ead: receive RaftClientReply:client-CF63D631FA17->3cf1264f-5f6b-4138-aeee-2ff7d4522ead@group-561E16522154, cid=1393, SUCCESS, logIndex=1973, commits[3cf1264f-5f6b-4138-aeee-2ff7d4522ead:c1974, 4f0d1a15-8f14-4d9a-ad4f-8211e1245b5d:c1970, 6999f20e-c3f7-4db4-87ca-141c476f2a88:c1970]
2019-08-22 07:03:26,152 | INFO  | DNAudit | user=null | ip=null | op=PUT_BLOCK {blockData=[blockId=conID: 1 locID: 102659352568070627 bcsId: 0,size=1048576]} | ret=SUCCESS |  
2019-08-22 07:03:26,152 | INFO  | DNAudit | user=null | ip=null | op=WRITE_CHUNK {blockData=conID: 1 locID: 102659352568070627 bcsId: 0} | ret=SUCCESS |  
2019-08-22 07:03:26,153 | INFO  | DNAudit | user=null | ip=null | op=PUT_BLOCK {blockData=[blockId=conID: 1 locID: 102659352568070627 bcsId: 0,size=2097152]} | ret=SUCCESS |  
2019-08-22 07:03:26,153 [grpc-default-executor-0] INFO  client.GrpcClientProtocolClient (GrpcClientProtocolClient.java:onNext(255)) - client-CF63D631FA17->3cf1264f-5f6b-4138-aeee-2ff7d4522ead: receive RaftClientReply:client-CF63D631FA17->3cf1264f-5f6b-4138-aeee-2ff7d4522ead@group-561E16522154, cid=1394, SUCCESS, logIndex=1974, commits[3cf1264f-5f6b-4138-aeee-2ff7d4522ead:c1976, 4f0d1a15-8f14-4d9a-ad4f-8211e1245b5d:c1970, 6999f20e-c3f7-4db4-87ca-141c476f2a88:c1972]
2019-08-22 07:03:26,154 | INFO  | DNAudit | user=null | ip=null | op=WRITE_CHUNK {blockData=conID: 1 locID: 102659352568070627 bcsId: 0} | ret=SUCCESS |  
2019-08-22 07:03:26,155 | INFO  | DNAudit | user=null | ip=null | op=PUT_BLOCK {blockData=[blockId=conID: 1 locID: 102659352568070627 bcsId: 0,size=2097152]} | ret=SUCCESS |  
2019-08-22 07:03:26,155 [grpc-default-executor-0] INFO  client.GrpcClientProtocolClient (GrpcClientProtocolClient.java:onNext(255)) - client-CF63D631FA17->3cf1264f-5f6b-4138-aeee-2ff7d4522ead: receive RaftClientReply:client-CF63D631FA17->3cf1264f-5f6b-4138-aeee-2ff7d4522ead@group-561E16522154, cid=1395, SUCCESS, logIndex=0, commits[3cf1264f-5f6b-4138-aeee-2ff7d4522ead:c1978, 4f0d1a15-8f14-4d9a-ad4f-8211e1245b5d:c1972, 6999f20e-c3f7-4db4-87ca-141c476f2a88:c1974]
2019-08-22 07:03:26,164 | INFO  | DNAudit | user=null | ip=null | op=WRITE_CHUNK {blockData=conID: 1 locID: 102659352568070627 bcsId: 1974} | ret=SUCCESS |  
2019-08-22 07:03:26,167 | INFO  | DNAudit | user=null | ip=null | op=WRITE_CHUNK {blockData=conID: 1 locID: 102659352568070627 bcsId: 1974} | ret=SUCCESS |  
2019-08-22 07:03:26,167 | INFO  | DNAudit | user=null | ip=null | op=WRITE_CHUNK {blockData=conID: 1 locID: 102659352568070627 bcsId: 1974} | ret=SUCCESS |  
2019-08-22 07:03:26,177 | INFO  | DNAudit | user=null | ip=null | op=WRITE_CHUNK {blockData=conID: 1 locID: 102659352568070627 bcsId: 1974} | ret=SUCCESS |  
2019-08-22 07:03:26,178 | INFO  | DNAudit | user=null | ip=null | op=PUT_BLOCK {blockData=[blockId=conID: 1 locID: 102659352568070627 bcsId: 0,size=3145728]} | ret=SUCCESS |  
2019-08-22 07:03:26,178 [grpc-default-executor-3] INFO  client.GrpcClientProtocolClient (GrpcClientProtocolClient.java:onNext(255)) - client-CF63D631FA17->3cf1264f-5f6b-4138-aeee-2ff7d4522ead: receive RaftClientReply:client-CF63D631FA17->3cf1264f-5f6b-4138-aeee-2ff7d4522ead@group-561E16522154, cid=1396, SUCCESS, logIndex=1979, commits[3cf1264f-5f6b-4138-aeee-2ff7d4522ead:c1980, 4f0d1a15-8f14-4d9a-ad4f-8211e1245b5d:c1978, 6999f20e-c3f7-4db4-87ca-141c476f2a88:c1978]
2019-08-22 07:03:26,178 [grpc-default-executor-3] INFO  client.GrpcClientProtocolClient (GrpcClientProtocolClient.java:onNext(255)) - client-CF63D631FA17->3cf1264f-5f6b-4138-aeee-2ff7d4522ead: receive RaftClientReply:client-CF63D631FA17->3cf1264f-5f6b-4138-aeee-2ff7d4522ead@group-561E16522154, cid=1397, SUCCESS, logIndex=1980, commits[3cf1264f-5f6b-4138-aeee-2ff7d4522ead:c1980, 4f0d1a15-8f14-4d9a-ad4f-8211e1245b5d:c1978, 6999f20e-c3f7-4db4-87ca-141c476f2a88:c1978]
2019-08-22 07:03:26,185 | INFO  | DNAudit | user=null | ip=null | op=WRITE_CHUNK {blockData=conID: 1 locID: 102659352568070627 bcsId: 1980} | ret=SUCCESS |  
2019-08-22 07:03:26,188 | INFO  | DNAudit | user=null | ip=null | op=WRITE_CHUNK {blockData=conID: 1 locID: 102659352568070627 bcsId: 1980} | ret=SUCCESS |  
2019-08-22 07:03:26,189 | INFO  | DNAudit | user=null | ip=null | op=WRITE_CHUNK {blockData=conID: 1 locID: 102659352568070627 bcsId: 1980} | ret=SUCCESS |  
2019-08-22 07:03:26,189 | INFO  | DNAudit | user=null | ip=null | op=WRITE_CHUNK {blockData=conID: 1 locID: 102659352568070627 bcsId: 1974} | ret=SUCCESS |  
2019-08-22 07:03:26,189 | INFO  | DNAudit | user=null | ip=null | op=WRITE_CHUNK {blockData=conID: 1 locID: 102659352568070627 bcsId: 1974} | ret=SUCCESS |  
2019-08-22 07:03:26,189 | INFO  | DNAudit | user=null | ip=null | op=PUT_BLOCK {blockData=[blockId=conID: 1 locID: 102659352568070627 bcsId: 0,size=3145728]} | ret=SUCCESS |  
2019-08-22 07:03:26,189 | INFO  | DNAudit | user=null | ip=null | op=PUT_BLOCK {blockData=[blockId=conID: 1 locID: 102659352568070627 bcsId: 0,size=3145728]} | ret=SUCCESS |  
2019-08-22 07:03:26,193 | INFO  | DNAudit | user=null | ip=null | op=WRITE_CHUNK {blockData=conID: 1 locID: 102659352568070627 bcsId: 1980} | ret=SUCCESS |  
2019-08-22 07:03:26,193 | INFO  | DNAudit | user=null | ip=null | op=PUT_BLOCK {blockData=[blockId=conID: 1 locID: 102659352568070627 bcsId: 0,size=4194304]} | ret=SUCCESS |  
2019-08-22 07:03:26,194 [grpc-default-executor-1] INFO  client.GrpcClientProtocolClient (GrpcClientProtocolClient.java:onNext(255)) - client-CF63D631FA17->3cf1264f-5f6b-4138-aeee-2ff7d4522ead: receive RaftClientReply:client-CF63D631FA17->3cf1264f-5f6b-4138-aeee-2ff7d4522ead@group-561E16522154, cid=1398, SUCCESS, logIndex=1983, commits[3cf1264f-5f6b-4138-aeee-2ff7d4522ead:c1983, 4f0d1a15-8f14-4d9a-ad4f-8211e1245b5d:c1980, 6999f20e-c3f7-4db4-87ca-141c476f2a88:c1980]
2019-08-22 07:03:26,195 [grpc-default-executor-1] INFO  client.GrpcClientProtocolClient (GrpcClientProtocolClient.java:onNext(255)) - client-CF63D631FA17->3cf1264f-5f6b-4138-aeee-2ff7d4522ead: receive RaftClientReply:client-CF63D631FA17->3cf1264f-5f6b-4138-aeee-2ff7d4522ead@group-561E16522154, cid=1399, SUCCESS, logIndex=1984, commits[3cf1264f-5f6b-4138-aeee-2ff7d4522ead:c1984, 4f0d1a15-8f14-4d9a-ad4f-8211e1245b5d:c1980, 6999f20e-c3f7-4db4-87ca-141c476f2a88:c1980]
2019-08-22 07:03:26,204 | INFO  | DNAudit | user=null | ip=null | op=WRITE_CHUNK {blockData=conID: 1 locID: 102659352568070627 bcsId: 1980} | ret=SUCCESS |  
2019-08-22 07:03:26,204 | INFO  | DNAudit | user=null | ip=null | op=WRITE_CHUNK {blockData=conID: 1 locID: 102659352568070627 bcsId: 1980} | ret=SUCCESS |  
2019-08-22 07:03:26,207 | INFO  | DNAudit | user=null | ip=null | op=PUT_BLOCK {blockData=[blockId=conID: 1 locID: 102659352568070627 bcsId: 0,size=4194304]} | ret=SUCCESS |  
2019-08-22 07:03:26,207 | INFO  | DNAudit | user=null | ip=null | op=PUT_BLOCK {blockData=[blockId=conID: 1 locID: 102659352568070627 bcsId: 0,size=4194304]} | ret=SUCCESS |  
2019-08-22 07:03:26,208 [grpc-default-executor-1] INFO  client.GrpcClientProtocolClient (GrpcClientProtocolClient.java:onNext(255)) - client-CF63D631FA17->3cf1264f-5f6b-4138-aeee-2ff7d4522ead: receive RaftClientReply:client-CF63D631FA17->3cf1264f-5f6b-4138-aeee-2ff7d4522ead@group-561E16522154, cid=1400, SUCCESS, logIndex=0, commits[3cf1264f-5f6b-4138-aeee-2ff7d4522ead:c1986, 4f0d1a15-8f14-4d9a-ad4f-8211e1245b5d:c1984, 6999f20e-c3f7-4db4-87ca-141c476f2a88:c1984]
2019-08-22 07:03:26,211 | INFO  | SCMAudit | user=jenkins1000 | ip=192.168.34.31 | op=ALLOCATE_BLOCK {owner=04b6d46a-98e2-41b1-9f38-1870289993ea, size=4194304, type=RATIS, factor=THREE} | ret=SUCCESS |  
2019-08-22 07:03:26,214 | INFO  | OMAudit | user=jenkins1000 | ip=127.0.0.1 | op=ALLOCATE_BLOCK {volume=vol-0-14906, bucket=bucket-0-53153, key=key-0-33222, dataSize=0, replicationType=null, replicationFactor=null, keyLocationInfo=null, clientID=102659352017764754} | ret=SUCCESS |  
2019-08-22 07:03:26,220 | INFO  | DNAudit | user=null | ip=null | op=WRITE_CHUNK {blockData=conID: 2 locID: 102659352573444580 bcsId: 0} | ret=SUCCESS |  
2019-08-22 07:03:26,226 | INFO  | DNAudit | user=null | ip=null | op=WRITE_CHUNK {blockData=conID: 2 locID: 102659352573444580 bcsId: 0} | ret=SUCCESS |  
2019-08-22 07:03:26,226 | INFO  | DNAudit | user=null | ip=null | op=WRITE_CHUNK {blockData=conID: 2 locID: 102659352573444580 bcsId: 0} | ret=SUCCESS |  
2019-08-22 07:03:26,226 | INFO  | DNAudit | user=null | ip=null | op=WRITE_CHUNK {blockData=conID: 2 locID: 102659352573444580 bcsId: 0} | ret=SUCCESS |  
2019-08-22 07:03:26,229 | INFO  | DNAudit | user=null | ip=null | op=WRITE_CHUNK {blockData=conID: 2 locID: 102659352573444580 bcsId: 0} | ret=SUCCESS |  
2019-08-22 07:03:26,229 | INFO  | DNAudit | user=null | ip=null | op=WRITE_CHUNK {blockData=conID: 2 locID: 102659352573444580 bcsId: 0} | ret=SUCCESS |  
2019-08-22 07:03:26,233 | INFO  | DNAudit | user=null | ip=null | op=WRITE_CHUNK {blockData=conID: 2 locID: 102659352573444580 bcsId: 0} | ret=SUCCESS |  
2019-08-22 07:03:26,233 | INFO  | DNAudit | user=null | ip=null | op=PUT_BLOCK {blockData=[blockId=conID: 2 locID: 102659352573444580 bcsId: 0,size=1048576]} | ret=SUCCESS |  
2019-08-22 07:03:26,234 | INFO  | DNAudit | user=null | ip=null | op=WRITE_CHUNK {blockData=conID: 2 locID: 102659352573444580 bcsId: 0} | ret=SUCCESS |  
2019-08-22 07:03:26,234 [grpc-default-executor-3] INFO  client.GrpcClientProtocolClient (GrpcClientProtocolClient.java:onNext(255)) - client-CF63D631FA17->3cf1264f-5f6b-4138-aeee-2ff7d4522ead: receive RaftClientReply:client-CF63D631FA17->3cf1264f-5f6b-4138-aeee-2ff7d4522ead@group-561E16522154, cid=1401, SUCCESS, logIndex=1987, commits[3cf1264f-5f6b-4138-aeee-2ff7d4522ead:c1988, 4f0d1a15-8f14-4d9a-ad4f-8211e1245b5d:c1986, 6999f20e-c3f7-4db4-87ca-141c476f2a88:c1986]
2019-08-22 07:03:26,234 | INFO  | DNAudit | user=null | ip=null | op=PUT_BLOCK {blockData=[blockId=conID: 2 locID: 102659352573444580 bcsId: 0,size=2097152]} | ret=SUCCESS |  
2019-08-22 07:03:26,234 [grpc-default-executor-3] INFO  client.GrpcClientProtocolClient (GrpcClientProtocolClient.java:onNext(255)) - client-CF63D631FA17->3cf1264f-5f6b-4138-aeee-2ff7d4522ead: receive RaftClientReply:client-CF63D631FA17->3cf1264f-5f6b-4138-aeee-2ff7d4522ead@group-561E16522154, cid=1402, SUCCESS, logIndex=1988, commits[3cf1264f-5f6b-4138-aeee-2ff7d4522ead:c1990, 4f0d1a15-8f14-4d9a-ad4f-8211e1245b5d:c1986, 6999f20e-c3f7-4db4-87ca-141c476f2a88:c1986]
2019-08-22 07:03:26,235 [grpc-default-executor-3] INFO  client.GrpcClientProtocolClient (GrpcClientProtocolClient.java:onNext(255)) - client-CF63D631FA17->3cf1264f-5f6b-4138-aeee-2ff7d4522ead: receive RaftClientReply:client-CF63D631FA17->3cf1264f-5f6b-4138-aeee-2ff7d4522ead@group-561E16522154, cid=1403, SUCCESS, logIndex=1989, commits[3cf1264f-5f6b-4138-aeee-2ff7d4522ead:c1990, 4f0d1a15-8f14-4d9a-ad4f-8211e1245b5d:c1986, 6999f20e-c3f7-4db4-87ca-141c476f2a88:c1986]
2019-08-22 07:03:26,235 [grpc-default-executor-3] INFO  client.GrpcClientProtocolClient (GrpcClientProtocolClient.java:onNext(255)) - client-CF63D631FA17->3cf1264f-5f6b-4138-aeee-2ff7d4522ead: receive RaftClientReply:client-CF63D631FA17->3cf1264f-5f6b-4138-aeee-2ff7d4522ead@group-561E16522154, cid=1404, SUCCESS, logIndex=1990, commits[3cf1264f-5f6b-4138-aeee-2ff7d4522ead:c1990, 4f0d1a15-8f14-4d9a-ad4f-8211e1245b5d:c1986, 6999f20e-c3f7-4db4-87ca-141c476f2a88:c1986]
2019-08-22 07:03:26,236 | INFO  | DNAudit | user=null | ip=null | op=WRITE_CHUNK {blockData=conID: 2 locID: 102659352573444580 bcsId: 0} | ret=SUCCESS |  
2019-08-22 07:03:26,247 | INFO  | DNAudit | user=null | ip=null | op=WRITE_CHUNK {blockData=conID: 2 locID: 102659352573444580 bcsId: 0} | ret=SUCCESS |  
2019-08-22 07:03:26,248 | INFO  | DNAudit | user=null | ip=null | op=PUT_BLOCK {blockData=[blockId=conID: 2 locID: 102659352573444580 bcsId: 0,size=1048576]} | ret=SUCCESS |  
2019-08-22 07:03:26,248 | INFO  | DNAudit | user=null | ip=null | op=PUT_BLOCK {blockData=[blockId=conID: 2 locID: 102659352573444580 bcsId: 0,size=1048576]} | ret=SUCCESS |  
2019-08-22 07:03:26,248 | INFO  | DNAudit | user=null | ip=null | op=WRITE_CHUNK {blockData=conID: 2 locID: 102659352573444580 bcsId: 0} | ret=SUCCESS |  
2019-08-22 07:03:26,248 | INFO  | DNAudit | user=null | ip=null | op=PUT_BLOCK {blockData=[blockId=conID: 2 locID: 102659352573444580 bcsId: 0,size=2097152]} | ret=SUCCESS |  
2019-08-22 07:03:26,248 | INFO  | DNAudit | user=null | ip=null | op=WRITE_CHUNK {blockData=conID: 2 locID: 102659352573444580 bcsId: 0} | ret=SUCCESS |  
2019-08-22 07:03:26,249 | INFO  | DNAudit | user=null | ip=null | op=PUT_BLOCK {blockData=[blockId=conID: 2 locID: 102659352573444580 bcsId: 0,size=2097152]} | ret=SUCCESS |  
2019-08-22 07:03:26,249 [grpc-default-executor-0] INFO  client.GrpcClientProtocolClient (GrpcClientProtocolClient.java:onNext(255)) - client-CF63D631FA17->3cf1264f-5f6b-4138-aeee-2ff7d4522ead: receive RaftClientReply:client-CF63D631FA17->3cf1264f-5f6b-4138-aeee-2ff7d4522ead@group-561E16522154, cid=1405, SUCCESS, logIndex=0, commits[3cf1264f-5f6b-4138-aeee-2ff7d4522ead:c1992, 4f0d1a15-8f14-4d9a-ad4f-8211e1245b5d:c1988, 6999f20e-c3f7-4db4-87ca-141c476f2a88:c1988]
2019-08-22 07:03:26,257 | INFO  | DNAudit | user=null | ip=null | op=WRITE_CHUNK {blockData=conID: 2 locID: 102659352573444580 bcsId: 1990} | ret=SUCCESS |  
2019-08-22 07:03:26,260 | INFO  | DNAudit | user=null | ip=null | op=WRITE_CHUNK {blockData=conID: 2 locID: 102659352573444580 bcsId: 1990} | ret=SUCCESS |  
2019-08-22 07:03:26,261 | INFO  | DNAudit | user=null | ip=null | op=WRITE_CHUNK {blockData=conID: 2 locID: 102659352573444580 bcsId: 1990} | ret=SUCCESS |  
2019-08-22 07:03:26,270 | INFO  | DNAudit | user=null | ip=null | op=WRITE_CHUNK {blockData=conID: 2 locID: 102659352573444580 bcsId: 1990} | ret=SUCCESS |  
2019-08-22 07:03:26,270 | INFO  | DNAudit | user=null | ip=null | op=PUT_BLOCK {blockData=[blockId=conID: 2 locID: 102659352573444580 bcsId: 0,size=3145728]} | ret=SUCCESS |  
2019-08-22 07:03:26,270 [grpc-default-executor-1] INFO  client.GrpcClientProtocolClient (GrpcClientProtocolClient.java:onNext(255)) - client-CF63D631FA17->3cf1264f-5f6b-4138-aeee-2ff7d4522ead: receive RaftClientReply:client-CF63D631FA17->3cf1264f-5f6b-4138-aeee-2ff7d4522ead@group-561E16522154, cid=1406, SUCCESS, logIndex=1995, commits[3cf1264f-5f6b-4138-aeee-2ff7d4522ead:c1996, 4f0d1a15-8f14-4d9a-ad4f-8211e1245b5d:c1994, 6999f20e-c3f7-4db4-87ca-141c476f2a88:c1994]
2019-08-22 07:03:26,271 [grpc-default-executor-1] INFO  client.GrpcClientProtocolClient (GrpcClientProtocolClient.java:onNext(255)) - client-CF63D631FA17->3cf1264f-5f6b-4138-aeee-2ff7d4522ead: receive RaftClientReply:client-CF63D631FA17->3cf1264f-5f6b-4138-aeee-2ff7d4522ead@group-561E16522154, cid=1407, SUCCESS, logIndex=1996, commits[3cf1264f-5f6b-4138-aeee-2ff7d4522ead:c1996, 4f0d1a15-8f14-4d9a-ad4f-8211e1245b5d:c1994, 6999f20e-c3f7-4db4-87ca-141c476f2a88:c1994]
2019-08-22 07:03:26,278 | INFO  | DNAudit | user=null | ip=null | op=WRITE_CHUNK {blockData=conID: 2 locID: 102659352573444580 bcsId: 1996} | ret=SUCCESS |  
2019-08-22 07:03:26,281 | INFO  | DNAudit | user=null | ip=null | op=WRITE_CHUNK {blockData=conID: 2 locID: 102659352573444580 bcsId: 1990} | ret=SUCCESS |  
2019-08-22 07:03:26,282 | INFO  | DNAudit | user=null | ip=null | op=WRITE_CHUNK {blockData=conID: 2 locID: 102659352573444580 bcsId: 1996} | ret=SUCCESS |  
2019-08-22 07:03:26,282 | INFO  | DNAudit | user=null | ip=null | op=WRITE_CHUNK {blockData=conID: 2 locID: 102659352573444580 bcsId: 1990} | ret=SUCCESS |  
2019-08-22 07:03:26,282 | INFO  | DNAudit | user=null | ip=null | op=WRITE_CHUNK {blockData=conID: 2 locID: 102659352573444580 bcsId: 1996} | ret=SUCCESS |  
2019-08-22 07:03:26,293 | INFO  | DNAudit | user=null | ip=null | op=PUT_BLOCK {blockData=[blockId=conID: 2 locID: 102659352573444580 bcsId: 0,size=3145728]} | ret=SUCCESS |  
2019-08-22 07:03:26,294 | INFO  | DNAudit | user=null | ip=null | op=PUT_BLOCK {blockData=[blockId=conID: 2 locID: 102659352573444580 bcsId: 0,size=3145728]} | ret=SUCCESS |  
2019-08-22 07:03:26,294 | INFO  | DNAudit | user=null | ip=null | op=WRITE_CHUNK {blockData=conID: 2 locID: 102659352573444580 bcsId: 1996} | ret=SUCCESS |  
2019-08-22 07:03:26,294 | INFO  | DNAudit | user=null | ip=null | op=PUT_BLOCK {blockData=[blockId=conID: 2 locID: 102659352573444580 bcsId: 0,size=4194304]} | ret=SUCCESS |  
2019-08-22 07:03:26,295 [grpc-default-executor-3] INFO  client.GrpcClientProtocolClient (GrpcClientProtocolClient.java:onNext(255)) - client-CF63D631FA17->3cf1264f-5f6b-4138-aeee-2ff7d4522ead: receive RaftClientReply:client-CF63D631FA17->3cf1264f-5f6b-4138-aeee-2ff7d4522ead@group-561E16522154, cid=1408, SUCCESS, logIndex=1999, commits[3cf1264f-5f6b-4138-aeee-2ff7d4522ead:c2000, 4f0d1a15-8f14-4d9a-ad4f-8211e1245b5d:c1996, 6999f20e-c3f7-4db4-87ca-141c476f2a88:c1996]
2019-08-22 07:03:26,295 [grpc-default-executor-3] INFO  client.GrpcClientProtocolClient (GrpcClientProtocolClient.java:onNext(255)) - client-CF63D631FA17->3cf1264f-5f6b-4138-aeee-2ff7d4522ead: receive RaftClientReply:client-CF63D631FA17->3cf1264f-5f6b-4138-aeee-2ff7d4522ead@group-561E16522154, cid=1409, SUCCESS, logIndex=2000, commits[3cf1264f-5f6b-4138-aeee-2ff7d4522ead:c2000, 4f0d1a15-8f14-4d9a-ad4f-8211e1245b5d:c1996, 6999f20e-c3f7-4db4-87ca-141c476f2a88:c1996]
2019-08-22 07:03:26,305 | INFO  | DNAudit | user=null | ip=null | op=WRITE_CHUNK {blockData=conID: 2 locID: 102659352573444580 bcsId: 1996} | ret=SUCCESS |  
2019-08-22 07:03:26,305 | INFO  | DNAudit | user=null | ip=null | op=PUT_BLOCK {blockData=[blockId=conID: 2 locID: 102659352573444580 bcsId: 0,size=4194304]} | ret=SUCCESS |  
2019-08-22 07:03:26,305 | INFO  | DNAudit | user=null | ip=null | op=WRITE_CHUNK {blockData=conID: 2 locID: 102659352573444580 bcsId: 1996} | ret=SUCCESS |  
2019-08-22 07:03:26,306 | INFO  | DNAudit | user=null | ip=null | op=PUT_BLOCK {blockData=[blockId=conID: 2 locID: 102659352573444580 bcsId: 0,size=4194304]} | ret=SUCCESS |  
2019-08-22 07:03:26,306 [grpc-default-executor-3] INFO  client.GrpcClientProtocolClient (GrpcClientProtocolClient.java:onNext(255)) - client-CF63D631FA17->3cf1264f-5f6b-4138-aeee-2ff7d4522ead: receive RaftClientReply:client-CF63D631FA17->3cf1264f-5f6b-4138-aeee-2ff7d4522ead@group-561E16522154, cid=1410, SUCCESS, logIndex=0, commits[3cf1264f-5f6b-4138-aeee-2ff7d4522ead:c2001, 4f0d1a15-8f14-4d9a-ad4f-8211e1245b5d:c2000, 6999f20e-c3f7-4db4-87ca-141c476f2a88:c2000]
2019-08-22 07:03:26,311 | INFO  | SCMAudit | user=jenkins1000 | ip=192.168.34.31 | op=ALLOCATE_BLOCK {owner=04b6d46a-98e2-41b1-9f38-1870289993ea, size=4194304, type=RATIS, factor=THREE} | ret=SUCCESS |  
2019-08-22 07:03:26,313 | INFO  | OMAudit | user=jenkins1000 | ip=127.0.0.1 | op=ALLOCATE_BLOCK {volume=vol-0-14906, bucket=bucket-0-53153, key=key-0-33222, dataSize=0, replicationType=null, replicationFactor=null, keyLocationInfo=null, clientID=102659352017764754} | ret=SUCCESS |  
2019-08-22 07:03:26,321 | INFO  | DNAudit | user=null | ip=null | op=WRITE_CHUNK {blockData=conID: 3 locID: 102659352579998181 bcsId: 0} | ret=SUCCESS |  
2019-08-22 07:03:26,324 | INFO  | DNAudit | user=null | ip=null | op=WRITE_CHUNK {blockData=conID: 3 locID: 102659352579998181 bcsId: 0} | ret=SUCCESS |  
2019-08-22 07:03:26,325 | INFO  | DNAudit | user=null | ip=null | op=WRITE_CHUNK {blockData=conID: 3 locID: 102659352579998181 bcsId: 0} | ret=SUCCESS |  
2019-08-22 07:03:26,326 | INFO  | DNAudit | user=null | ip=null | op=WRITE_CHUNK {blockData=conID: 3 locID: 102659352579998181 bcsId: 0} | ret=SUCCESS |  
2019-08-22 07:03:26,327 | INFO  | DNAudit | user=null | ip=null | op=WRITE_CHUNK {blockData=conID: 3 locID: 102659352579998181 bcsId: 0} | ret=SUCCESS |  
2019-08-22 07:03:26,328 | INFO  | DNAudit | user=null | ip=null | op=WRITE_CHUNK {blockData=conID: 3 locID: 102659352579998181 bcsId: 0} | ret=SUCCESS |  
2019-08-22 07:03:26,334 | INFO  | DNAudit | user=null | ip=null | op=WRITE_CHUNK {blockData=conID: 3 locID: 102659352579998181 bcsId: 0} | ret=SUCCESS |  
2019-08-22 07:03:26,335 | INFO  | DNAudit | user=null | ip=null | op=PUT_BLOCK {blockData=[blockId=conID: 3 locID: 102659352579998181 bcsId: 0,size=1048576]} | ret=SUCCESS |  
2019-08-22 07:03:26,335 | INFO  | DNAudit | user=null | ip=null | op=WRITE_CHUNK {blockData=conID: 3 locID: 102659352579998181 bcsId: 0} | ret=SUCCESS |  
2019-08-22 07:03:26,335 [grpc-default-executor-3] INFO  client.GrpcClientProtocolClient (GrpcClientProtocolClient.java:onNext(255)) - client-CF63D631FA17->3cf1264f-5f6b-4138-aeee-2ff7d4522ead: receive RaftClientReply:client-CF63D631FA17->3cf1264f-5f6b-4138-aeee-2ff7d4522ead@group-561E16522154, cid=1411, SUCCESS, logIndex=2003, commits[3cf1264f-5f6b-4138-aeee-2ff7d4522ead:c2006, 4f0d1a15-8f14-4d9a-ad4f-8211e1245b5d:c2000, 6999f20e-c3f7-4db4-87ca-141c476f2a88:c2002]
2019-08-22 07:03:26,336 | INFO  | DNAudit | user=null | ip=null | op=PUT_BLOCK {blockData=[blockId=conID: 3 locID: 102659352579998181 bcsId: 0,size=2097152]} | ret=SUCCESS |  
2019-08-22 07:03:26,336 [grpc-default-executor-3] INFO  client.GrpcClientProtocolClient (GrpcClientProtocolClient.java:onNext(255)) - client-CF63D631FA17->3cf1264f-5f6b-4138-aeee-2ff7d4522ead: receive RaftClientReply:client-CF63D631FA17->3cf1264f-5f6b-4138-aeee-2ff7d4522ead@group-561E16522154, cid=1412, SUCCESS, logIndex=2004, commits[3cf1264f-5f6b-4138-aeee-2ff7d4522ead:c2006, 4f0d1a15-8f14-4d9a-ad4f-8211e1245b5d:c2002, 6999f20e-c3f7-4db4-87ca-141c476f2a88:c2002]
2019-08-22 07:03:26,336 [grpc-default-executor-3] INFO  client.GrpcClientProtocolClient (GrpcClientProtocolClient.java:onNext(255)) - client-CF63D631FA17->3cf1264f-5f6b-4138-aeee-2ff7d4522ead: receive RaftClientReply:client-CF63D631FA17->3cf1264f-5f6b-4138-aeee-2ff7d4522ead@group-561E16522154, cid=1413, SUCCESS, logIndex=2005, commits[3cf1264f-5f6b-4138-aeee-2ff7d4522ead:c2006, 4f0d1a15-8f14-4d9a-ad4f-8211e1245b5d:c2002, 6999f20e-c3f7-4db4-87ca-141c476f2a88:c2002]
2019-08-22 07:03:26,336 [grpc-default-executor-3] INFO  client.GrpcClientProtocolClient (GrpcClientProtocolClient.java:onNext(255)) - client-CF63D631FA17->3cf1264f-5f6b-4138-aeee-2ff7d4522ead: receive RaftClientReply:client-CF63D631FA17->3cf1264f-5f6b-4138-aeee-2ff7d4522ead@group-561E16522154, cid=1414, SUCCESS, logIndex=2006, commits[3cf1264f-5f6b-4138-aeee-2ff7d4522ead:c2006, 4f0d1a15-8f14-4d9a-ad4f-8211e1245b5d:c2002, 6999f20e-c3f7-4db4-87ca-141c476f2a88:c2002]
2019-08-22 07:03:26,337 | INFO  | DNAudit | user=null | ip=null | op=WRITE_CHUNK {blockData=conID: 3 locID: 102659352579998181 bcsId: 0} | ret=SUCCESS |  
2019-08-22 07:03:26,337 | INFO  | DNAudit | user=null | ip=null | op=WRITE_CHUNK {blockData=conID: 3 locID: 102659352579998181 bcsId: 0} | ret=SUCCESS |  
2019-08-22 07:03:26,338 | INFO  | DNAudit | user=null | ip=null | op=PUT_BLOCK {blockData=[blockId=conID: 3 locID: 102659352579998181 bcsId: 0,size=1048576]} | ret=SUCCESS |  
2019-08-22 07:03:26,338 | INFO  | DNAudit | user=null | ip=null | op=PUT_BLOCK {blockData=[blockId=conID: 3 locID: 102659352579998181 bcsId: 0,size=1048576]} | ret=SUCCESS |  
2019-08-22 07:03:26,339 [grpc-default-executor-3] INFO  client.GrpcClientProtocolClient (GrpcClientProtocolClient.java:onNext(255)) - client-CF63D631FA17->3cf1264f-5f6b-4138-aeee-2ff7d4522ead: receive RaftClientReply:client-CF63D631FA17->3cf1264f-5f6b-4138-aeee-2ff7d4522ead@group-561E16522154, cid=1415, SUCCESS, logIndex=0, commits[3cf1264f-5f6b-4138-aeee-2ff7d4522ead:c2007, 4f0d1a15-8f14-4d9a-ad4f-8211e1245b5d:c2004, 6999f20e-c3f7-4db4-87ca-141c476f2a88:c2004]
2019-08-22 07:03:26,339 | INFO  | DNAudit | user=null | ip=null | op=WRITE_CHUNK {blockData=conID: 3 locID: 102659352579998181 bcsId: 0} | ret=SUCCESS |  
2019-08-22 07:03:26,340 | INFO  | DNAudit | user=null | ip=null | op=PUT_BLOCK {blockData=[blockId=conID: 3 locID: 102659352579998181 bcsId: 0,size=2097152]} | ret=SUCCESS |  
2019-08-22 07:03:26,340 | INFO  | DNAudit | user=null | ip=null | op=WRITE_CHUNK {blockData=conID: 3 locID: 102659352579998181 bcsId: 0} | ret=SUCCESS |  
2019-08-22 07:03:26,340 | INFO  | DNAudit | user=null | ip=null | op=PUT_BLOCK {blockData=[blockId=conID: 3 locID: 102659352579998181 bcsId: 0,size=2097152]} | ret=SUCCESS |  
2019-08-22 07:03:26,346 | INFO  | DNAudit | user=null | ip=null | op=WRITE_CHUNK {blockData=conID: 3 locID: 102659352579998181 bcsId: 2006} | ret=SUCCESS |  
2019-08-22 07:03:26,522 | INFO  | SCMAudit | user=jenkins1000 | ip=192.168.34.31 | op=SEND_HEARTBEAT {datanodeUUID=f789f48f-f3d7-45ec-9bba-6a89e2bdcc9c, command=[]} | ret=SUCCESS |  
2019-08-22 07:03:26,524 | INFO  | DNAudit | user=null | ip=null | op=WRITE_CHUNK {blockData=conID: 3 locID: 102659352579998181 bcsId: 2006} | ret=SUCCESS |  
2019-08-22 07:03:26,525 | INFO  | DNAudit | user=null | ip=null | op=WRITE_CHUNK {blockData=conID: 3 locID: 102659352579998181 bcsId: 2006} | ret=SUCCESS |  
2019-08-22 07:03:26,539 | INFO  | DNAudit | user=null | ip=null | op=WRITE_CHUNK {blockData=conID: 3 locID: 102659352579998181 bcsId: 2006} | ret=SUCCESS |  
2019-08-22 07:03:26,540 | INFO  | DNAudit | user=null | ip=null | op=PUT_BLOCK {blockData=[blockId=conID: 3 locID: 102659352579998181 bcsId: 0,size=3145728]} | ret=SUCCESS |  
2019-08-22 07:03:26,540 [grpc-default-executor-1] INFO  client.GrpcClientProtocolClient (GrpcClientProtocolClient.java:onNext(255)) - client-CF63D631FA17->3cf1264f-5f6b-4138-aeee-2ff7d4522ead: receive RaftClientReply:client-CF63D631FA17->3cf1264f-5f6b-4138-aeee-2ff7d4522ead@group-561E16522154, cid=1416, SUCCESS, logIndex=2011, commits[3cf1264f-5f6b-4138-aeee-2ff7d4522ead:c2012, 4f0d1a15-8f14-4d9a-ad4f-8211e1245b5d:c2010, 6999f20e-c3f7-4db4-87ca-141c476f2a88:c2010]
2019-08-22 07:03:26,541 [grpc-default-executor-1] INFO  client.GrpcClientProtocolClient (GrpcClientProtocolClient.java:onNext(255)) - client-CF63D631FA17->3cf1264f-5f6b-4138-aeee-2ff7d4522ead: receive RaftClientReply:client-CF63D631FA17->3cf1264f-5f6b-4138-aeee-2ff7d4522ead@group-561E16522154, cid=1417, SUCCESS, logIndex=2012, commits[3cf1264f-5f6b-4138-aeee-2ff7d4522ead:c2012, 4f0d1a15-8f14-4d9a-ad4f-8211e1245b5d:c2010, 6999f20e-c3f7-4db4-87ca-141c476f2a88:c2010]
2019-08-22 07:03:26,551 | INFO  | DNAudit | user=null | ip=null | op=WRITE_CHUNK {blockData=conID: 3 locID: 102659352579998181 bcsId: 2006} | ret=SUCCESS |  
2019-08-22 07:03:26,551 | INFO  | DNAudit | user=null | ip=null | op=WRITE_CHUNK {blockData=conID: 3 locID: 102659352579998181 bcsId: 2006} | ret=SUCCESS |  
2019-08-22 07:03:26,551 | INFO  | DNAudit | user=null | ip=null | op=WRITE_CHUNK {blockData=conID: 3 locID: 102659352579998181 bcsId: 2012} | ret=SUCCESS |  
2019-08-22 07:03:26,552 | INFO  | DNAudit | user=null | ip=null | op=PUT_BLOCK {blockData=[blockId=conID: 3 locID: 102659352579998181 bcsId: 0,size=3145728]} | ret=SUCCESS |  
2019-08-22 07:03:26,552 | INFO  | DNAudit | user=null | ip=null | op=PUT_BLOCK {blockData=[blockId=conID: 3 locID: 102659352579998181 bcsId: 0,size=3145728]} | ret=SUCCESS |  
2019-08-22 07:03:26,555 | INFO  | DNAudit | user=null | ip=null | op=WRITE_CHUNK {blockData=conID: 3 locID: 102659352579998181 bcsId: 2012} | ret=SUCCESS |  
2019-08-22 07:03:26,556 | INFO  | DNAudit | user=null | ip=null | op=WRITE_CHUNK {blockData=conID: 3 locID: 102659352579998181 bcsId: 2012} | ret=SUCCESS |  
2019-08-22 07:03:26,568 | INFO  | DNAudit | user=null | ip=null | op=WRITE_CHUNK {blockData=conID: 3 locID: 102659352579998181 bcsId: 2012} | ret=SUCCESS |  
2019-08-22 07:03:26,569 | INFO  | DNAudit | user=null | ip=null | op=PUT_BLOCK {blockData=[blockId=conID: 3 locID: 102659352579998181 bcsId: 0,size=4194304]} | ret=SUCCESS |  
2019-08-22 07:03:26,569 [grpc-default-executor-5] INFO  client.GrpcClientProtocolClient (GrpcClientProtocolClient.java:onNext(255)) - client-CF63D631FA17->3cf1264f-5f6b-4138-aeee-2ff7d4522ead: receive RaftClientReply:client-CF63D631FA17->3cf1264f-5f6b-4138-aeee-2ff7d4522ead@group-561E16522154, cid=1418, SUCCESS, logIndex=2015, commits[3cf1264f-5f6b-4138-aeee-2ff7d4522ead:c2016, 4f0d1a15-8f14-4d9a-ad4f-8211e1245b5d:c2012, 6999f20e-c3f7-4db4-87ca-141c476f2a88:c2012]
2019-08-22 07:03:26,569 [grpc-default-executor-5] INFO  client.GrpcClientProtocolClient (GrpcClientProtocolClient.java:onNext(255)) - client-CF63D631FA17->3cf1264f-5f6b-4138-aeee-2ff7d4522ead: receive RaftClientReply:client-CF63D631FA17->3cf1264f-5f6b-4138-aeee-2ff7d4522ead@group-561E16522154, cid=1419, SUCCESS, logIndex=2016, commits[3cf1264f-5f6b-4138-aeee-2ff7d4522ead:c2016, 4f0d1a15-8f14-4d9a-ad4f-8211e1245b5d:c2012, 6999f20e-c3f7-4db4-87ca-141c476f2a88:c2012]
2019-08-22 07:03:26,579 | INFO  | DNAudit | user=null | ip=null | op=WRITE_CHUNK {blockData=conID: 3 locID: 102659352579998181 bcsId: 2012} | ret=SUCCESS |  
2019-08-22 07:03:26,580 | INFO  | DNAudit | user=null | ip=null | op=WRITE_CHUNK {blockData=conID: 3 locID: 102659352579998181 bcsId: 2012} | ret=SUCCESS |  
2019-08-22 07:03:26,581 | INFO  | DNAudit | user=null | ip=null | op=PUT_BLOCK {blockData=[blockId=conID: 3 locID: 102659352579998181 bcsId: 0,size=4194304]} | ret=SUCCESS |  
2019-08-22 07:03:26,581 | INFO  | DNAudit | user=null | ip=null | op=PUT_BLOCK {blockData=[blockId=conID: 3 locID: 102659352579998181 bcsId: 0,size=4194304]} | ret=SUCCESS |  
2019-08-22 07:03:26,582 [grpc-default-executor-5] INFO  client.GrpcClientProtocolClient (GrpcClientProtocolClient.java:onNext(255)) - client-CF63D631FA17->3cf1264f-5f6b-4138-aeee-2ff7d4522ead: receive RaftClientReply:client-CF63D631FA17->3cf1264f-5f6b-4138-aeee-2ff7d4522ead@group-561E16522154, cid=1420, SUCCESS, logIndex=0, commits[3cf1264f-5f6b-4138-aeee-2ff7d4522ead:c2018, 4f0d1a15-8f14-4d9a-ad4f-8211e1245b5d:c2016, 6999f20e-c3f7-4db4-87ca-141c476f2a88:c2016]
2019-08-22 07:03:26,582 | INFO  | SCMAudit | user=jenkins1000 | ip=192.168.34.31 | op=SEND_HEARTBEAT {datanodeUUID=6ab6b5dd-7582-43bd-ad39-1af51ca14a47, command=[]} | ret=SUCCESS |  
2019-08-22 07:03:26,588 | INFO  | SCMAudit | user=jenkins1000 | ip=192.168.34.31 | op=ALLOCATE_BLOCK {owner=04b6d46a-98e2-41b1-9f38-1870289993ea, size=4194304, type=RATIS, factor=THREE} | ret=SUCCESS |  
2019-08-22 07:03:26,591 | INFO  | OMAudit | user=jenkins1000 | ip=127.0.0.1 | op=ALLOCATE_BLOCK {volume=vol-0-14906, bucket=bucket-0-53153, key=key-0-33222, dataSize=0, replicationType=null, replicationFactor=null, keyLocationInfo=null, clientID=102659352017764754} | ret=SUCCESS |  
2019-08-22 07:03:26,599 | INFO  | DNAudit | user=null | ip=null | op=WRITE_CHUNK {blockData=conID: 1 locID: 102659352598151654 bcsId: 0} | ret=SUCCESS |  
2019-08-22 07:03:26,605 | INFO  | DNAudit | user=null | ip=null | op=WRITE_CHUNK {blockData=conID: 1 locID: 102659352598151654 bcsId: 0} | ret=SUCCESS |  
2019-08-22 07:03:26,605 | INFO  | DNAudit | user=null | ip=null | op=WRITE_CHUNK {blockData=conID: 1 locID: 102659352598151654 bcsId: 0} | ret=SUCCESS |  
2019-08-22 07:03:26,605 | INFO  | DNAudit | user=null | ip=null | op=WRITE_CHUNK {blockData=conID: 1 locID: 102659352598151654 bcsId: 0} | ret=SUCCESS |  
2019-08-22 07:03:26,607 | INFO  | DNAudit | user=null | ip=null | op=WRITE_CHUNK {blockData=conID: 1 locID: 102659352598151654 bcsId: 0} | ret=SUCCESS |  
2019-08-22 07:03:26,608 | INFO  | DNAudit | user=null | ip=null | op=WRITE_CHUNK {blockData=conID: 1 locID: 102659352598151654 bcsId: 0} | ret=SUCCESS |  
2019-08-22 07:03:26,613 | INFO  | DNAudit | user=null | ip=null | op=WRITE_CHUNK {blockData=conID: 1 locID: 102659352598151654 bcsId: 0} | ret=SUCCESS |  
2019-08-22 07:03:26,614 | INFO  | DNAudit | user=null | ip=null | op=PUT_BLOCK {blockData=[blockId=conID: 1 locID: 102659352598151654 bcsId: 0,size=1048576]} | ret=SUCCESS |  
2019-08-22 07:03:26,614 | INFO  | DNAudit | user=null | ip=null | op=WRITE_CHUNK {blockData=conID: 1 locID: 102659352598151654 bcsId: 0} | ret=SUCCESS |  
2019-08-22 07:03:26,614 [grpc-default-executor-1] INFO  client.GrpcClientProtocolClient (GrpcClientProtocolClient.java:onNext(255)) - client-CF63D631FA17->3cf1264f-5f6b-4138-aeee-2ff7d4522ead: receive RaftClientReply:client-CF63D631FA17->3cf1264f-5f6b-4138-aeee-2ff7d4522ead@group-561E16522154, cid=1421, SUCCESS, logIndex=2019, commits[3cf1264f-5f6b-4138-aeee-2ff7d4522ead:c2020, 4f0d1a15-8f14-4d9a-ad4f-8211e1245b5d:c2018, 6999f20e-c3f7-4db4-87ca-141c476f2a88:c2018]
2019-08-22 07:03:26,614 | INFO  | DNAudit | user=null | ip=null | op=WRITE_CHUNK {blockData=conID: 1 locID: 102659352598151654 bcsId: 0} | ret=SUCCESS |  
2019-08-22 07:03:26,614 | INFO  | DNAudit | user=null | ip=null | op=PUT_BLOCK {blockData=[blockId=conID: 1 locID: 102659352598151654 bcsId: 0,size=1048576]} | ret=SUCCESS |  
2019-08-22 07:03:26,615 | INFO  | DNAudit | user=null | ip=null | op=WRITE_CHUNK {blockData=conID: 1 locID: 102659352598151654 bcsId: 0} | ret=SUCCESS |  
2019-08-22 07:03:26,615 | INFO  | DNAudit | user=null | ip=null | op=PUT_BLOCK {blockData=[blockId=conID: 1 locID: 102659352598151654 bcsId: 0,size=2097152]} | ret=SUCCESS |  
2019-08-22 07:03:26,615 | INFO  | DNAudit | user=null | ip=null | op=PUT_BLOCK {blockData=[blockId=conID: 1 locID: 102659352598151654 bcsId: 0,size=1048576]} | ret=SUCCESS |  
2019-08-22 07:03:26,615 [grpc-default-executor-0] INFO  client.GrpcClientProtocolClient (GrpcClientProtocolClient.java:onNext(255)) - client-CF63D631FA17->3cf1264f-5f6b-4138-aeee-2ff7d4522ead: receive RaftClientReply:client-CF63D631FA17->3cf1264f-5f6b-4138-aeee-2ff7d4522ead@group-561E16522154, cid=1422, SUCCESS, logIndex=2020, commits[3cf1264f-5f6b-4138-aeee-2ff7d4522ead:c2022, 4f0d1a15-8f14-4d9a-ad4f-8211e1245b5d:c2018, 6999f20e-c3f7-4db4-87ca-141c476f2a88:c2018]
2019-08-22 07:03:26,615 [grpc-default-executor-0] INFO  client.GrpcClientProtocolClient (GrpcClientProtocolClient.java:onNext(255)) - client-CF63D631FA17->3cf1264f-5f6b-4138-aeee-2ff7d4522ead: receive RaftClientReply:client-CF63D631FA17->3cf1264f-5f6b-4138-aeee-2ff7d4522ead@group-561E16522154, cid=1423, SUCCESS, logIndex=2021, commits[3cf1264f-5f6b-4138-aeee-2ff7d4522ead:c2023, 4f0d1a15-8f14-4d9a-ad4f-8211e1245b5d:c2020, 6999f20e-c3f7-4db4-87ca-141c476f2a88:c2018]
2019-08-22 07:03:26,616 [grpc-default-executor-0] INFO  client.GrpcClientProtocolClient (GrpcClientProtocolClient.java:onNext(255)) - client-CF63D631FA17->3cf1264f-5f6b-4138-aeee-2ff7d4522ead: receive RaftClientReply:client-CF63D631FA17->3cf1264f-5f6b-4138-aeee-2ff7d4522ead@group-561E16522154, cid=1424, SUCCESS, logIndex=2022, commits[3cf1264f-5f6b-4138-aeee-2ff7d4522ead:c2023, 4f0d1a15-8f14-4d9a-ad4f-8211e1245b5d:c2020, 6999f20e-c3f7-4db4-87ca-141c476f2a88:c2020]
2019-08-22 07:03:26,623 | INFO  | DNAudit | user=null | ip=null | op=WRITE_CHUNK {blockData=conID: 1 locID: 102659352598151654 bcsId: 2022} | ret=SUCCESS |  
2019-08-22 07:03:26,627 | INFO  | DNAudit | user=null | ip=null | op=WRITE_CHUNK {blockData=conID: 1 locID: 102659352598151654 bcsId: 2022} | ret=SUCCESS |  
2019-08-22 07:03:26,627 | INFO  | DNAudit | user=null | ip=null | op=WRITE_CHUNK {blockData=conID: 1 locID: 102659352598151654 bcsId: 2022} | ret=SUCCESS |  
2019-08-22 07:03:26,628 | INFO  | DNAudit | user=null | ip=null | op=WRITE_CHUNK {blockData=conID: 1 locID: 102659352598151654 bcsId: 0} | ret=SUCCESS |  
2019-08-22 07:03:26,628 | INFO  | DNAudit | user=null | ip=null | op=WRITE_CHUNK {blockData=conID: 1 locID: 102659352598151654 bcsId: 0} | ret=SUCCESS |  
2019-08-22 07:03:26,628 | INFO  | DNAudit | user=null | ip=null | op=PUT_BLOCK {blockData=[blockId=conID: 1 locID: 102659352598151654 bcsId: 0,size=2097152]} | ret=SUCCESS |  
2019-08-22 07:03:26,629 | INFO  | DNAudit | user=null | ip=null | op=PUT_BLOCK {blockData=[blockId=conID: 1 locID: 102659352598151654 bcsId: 0,size=2097152]} | ret=SUCCESS |  
2019-08-22 07:03:26,629 | INFO  | DNAudit | user=null | ip=null | op=WRITE_CHUNK {blockData=conID: 1 locID: 102659352598151654 bcsId: 2022} | ret=SUCCESS |  
2019-08-22 07:03:26,630 | INFO  | DNAudit | user=null | ip=null | op=PUT_BLOCK {blockData=[blockId=conID: 1 locID: 102659352598151654 bcsId: 0,size=3145728]} | ret=SUCCESS |  
2019-08-22 07:03:26,631 [grpc-default-executor-1] INFO  client.GrpcClientProtocolClient (GrpcClientProtocolClient.java:onNext(255)) - client-CF63D631FA17->3cf1264f-5f6b-4138-aeee-2ff7d4522ead: receive RaftClientReply:client-CF63D631FA17->3cf1264f-5f6b-4138-aeee-2ff7d4522ead@group-561E16522154, cid=1425, SUCCESS, logIndex=2026, commits[3cf1264f-5f6b-4138-aeee-2ff7d4522ead:c2027, 4f0d1a15-8f14-4d9a-ad4f-8211e1245b5d:c2022, 6999f20e-c3f7-4db4-87ca-141c476f2a88:c2024]
2019-08-22 07:03:26,631 | INFO  | DNAudit | user=null | ip=null | op=WRITE_CHUNK {blockData=conID: 1 locID: 102659352598151654 bcsId: 2022} | ret=SUCCESS |  
2019-08-22 07:03:26,632 | INFO  | DNAudit | user=null | ip=null | op=PUT_BLOCK {blockData=[blockId=conID: 1 locID: 102659352598151654 bcsId: 0,size=3145728]} | ret=SUCCESS |  
2019-08-22 07:03:26,632 [grpc-default-executor-1] INFO  client.GrpcClientProtocolClient (GrpcClientProtocolClient.java:onNext(255)) - client-CF63D631FA17->3cf1264f-5f6b-4138-aeee-2ff7d4522ead: receive RaftClientReply:client-CF63D631FA17->3cf1264f-5f6b-4138-aeee-2ff7d4522ead@group-561E16522154, cid=1426, SUCCESS, logIndex=2027, commits[3cf1264f-5f6b-4138-aeee-2ff7d4522ead:c2027, 4f0d1a15-8f14-4d9a-ad4f-8211e1245b5d:c2024, 6999f20e-c3f7-4db4-87ca-141c476f2a88:c2024]
2019-08-22 07:03:26,633 | INFO  | DNAudit | user=null | ip=null | op=WRITE_CHUNK {blockData=conID: 1 locID: 102659352598151654 bcsId: 2022} | ret=SUCCESS |  
2019-08-22 07:03:26,633 | INFO  | DNAudit | user=null | ip=null | op=PUT_BLOCK {blockData=[blockId=conID: 1 locID: 102659352598151654 bcsId: 0,size=3145728]} | ret=SUCCESS |  
2019-08-22 07:03:26,639 | INFO  | DNAudit | user=null | ip=null | op=WRITE_CHUNK {blockData=conID: 1 locID: 102659352598151654 bcsId: 2027} | ret=SUCCESS |  
2019-08-22 07:03:26,642 | INFO  | DNAudit | user=null | ip=null | op=WRITE_CHUNK {blockData=conID: 1 locID: 102659352598151654 bcsId: 2027} | ret=SUCCESS |  
2019-08-22 07:03:26,642 | INFO  | DNAudit | user=null | ip=null | op=WRITE_CHUNK {blockData=conID: 1 locID: 102659352598151654 bcsId: 2027} | ret=SUCCESS |  
2019-08-22 07:03:26,645 | INFO  | DNAudit | user=null | ip=null | op=WRITE_CHUNK {blockData=conID: 1 locID: 102659352598151654 bcsId: 2027} | ret=SUCCESS |  
2019-08-22 07:03:26,646 | INFO  | DNAudit | user=null | ip=null | op=PUT_BLOCK {blockData=[blockId=conID: 1 locID: 102659352598151654 bcsId: 0,size=4194304]} | ret=SUCCESS |  
2019-08-22 07:03:26,646 [grpc-default-executor-5] INFO  client.GrpcClientProtocolClient (GrpcClientProtocolClient.java:onNext(255)) - client-CF63D631FA17->3cf1264f-5f6b-4138-aeee-2ff7d4522ead: receive RaftClientReply:client-CF63D631FA17->3cf1264f-5f6b-4138-aeee-2ff7d4522ead@group-561E16522154, cid=1427, SUCCESS, logIndex=2030, commits[3cf1264f-5f6b-4138-aeee-2ff7d4522ead:c2031, 4f0d1a15-8f14-4d9a-ad4f-8211e1245b5d:c2028, 6999f20e-c3f7-4db4-87ca-141c476f2a88:c2028]
2019-08-22 07:03:26,647 [grpc-default-executor-5] INFO  client.GrpcClientProtocolClient (GrpcClientProtocolClient.java:onNext(255)) - client-CF63D631FA17->3cf1264f-5f6b-4138-aeee-2ff7d4522ead: receive RaftClientReply:client-CF63D631FA17->3cf1264f-5f6b-4138-aeee-2ff7d4522ead@group-561E16522154, cid=1428, SUCCESS, logIndex=2031, commits[3cf1264f-5f6b-4138-aeee-2ff7d4522ead:c2031, 4f0d1a15-8f14-4d9a-ad4f-8211e1245b5d:c2028, 6999f20e-c3f7-4db4-87ca-141c476f2a88:c2028]
2019-08-22 07:03:26,649 | INFO  | DNAudit | user=null | ip=null | op=WRITE_CHUNK {blockData=conID: 1 locID: 102659352598151654 bcsId: 2027} | ret=SUCCESS |  
2019-08-22 07:03:26,649 | INFO  | DNAudit | user=null | ip=null | op=WRITE_CHUNK {blockData=conID: 1 locID: 102659352598151654 bcsId: 2027} | ret=SUCCESS |  
2019-08-22 07:03:26,649 | INFO  | DNAudit | user=null | ip=null | op=PUT_BLOCK {blockData=[blockId=conID: 1 locID: 102659352598151654 bcsId: 0,size=4194304]} | ret=SUCCESS |  
2019-08-22 07:03:26,649 | INFO  | DNAudit | user=null | ip=null | op=PUT_BLOCK {blockData=[blockId=conID: 1 locID: 102659352598151654 bcsId: 0,size=4194304]} | ret=SUCCESS |  
2019-08-22 07:03:26,650 [grpc-default-executor-5] INFO  client.GrpcClientProtocolClient (GrpcClientProtocolClient.java:onNext(255)) - client-CF63D631FA17->3cf1264f-5f6b-4138-aeee-2ff7d4522ead: receive RaftClientReply:client-CF63D631FA17->3cf1264f-5f6b-4138-aeee-2ff7d4522ead@group-561E16522154, cid=1429, SUCCESS, logIndex=0, commits[3cf1264f-5f6b-4138-aeee-2ff7d4522ead:c2032, 4f0d1a15-8f14-4d9a-ad4f-8211e1245b5d:c2031, 6999f20e-c3f7-4db4-87ca-141c476f2a88:c2031]
2019-08-22 07:03:26,655 | INFO  | SCMAudit | user=jenkins1000 | ip=192.168.34.31 | op=ALLOCATE_BLOCK {owner=04b6d46a-98e2-41b1-9f38-1870289993ea, size=4194304, type=RATIS, factor=THREE} | ret=SUCCESS |  
2019-08-22 07:03:26,659 | INFO  | OMAudit | user=jenkins1000 | ip=127.0.0.1 | op=ALLOCATE_BLOCK {volume=vol-0-14906, bucket=bucket-0-53153, key=key-0-33222, dataSize=0, replicationType=null, replicationFactor=null, keyLocationInfo=null, clientID=102659352017764754} | ret=SUCCESS |  
2019-08-22 07:03:26,668 | INFO  | DNAudit | user=null | ip=null | op=WRITE_CHUNK {blockData=conID: 2 locID: 102659352602542567 bcsId: 0} | ret=SUCCESS |  
2019-08-22 07:03:26,672 | INFO  | DNAudit | user=null | ip=null | op=WRITE_CHUNK {blockData=conID: 2 locID: 102659352602542567 bcsId: 0} | ret=SUCCESS |  
2019-08-22 07:03:26,673 | INFO  | DNAudit | user=null | ip=null | op=WRITE_CHUNK {blockData=conID: 2 locID: 102659352602542567 bcsId: 0} | ret=SUCCESS |  
2019-08-22 07:03:26,673 | INFO  | DNAudit | user=null | ip=null | op=WRITE_CHUNK {blockData=conID: 2 locID: 102659352602542567 bcsId: 0} | ret=SUCCESS |  
2019-08-22 07:03:26,675 | INFO  | DNAudit | user=null | ip=null | op=WRITE_CHUNK {blockData=conID: 2 locID: 102659352602542567 bcsId: 0} | ret=SUCCESS |  
2019-08-22 07:03:26,675 | INFO  | DNAudit | user=null | ip=null | op=WRITE_CHUNK {blockData=conID: 2 locID: 102659352602542567 bcsId: 0} | ret=SUCCESS |  
2019-08-22 07:03:26,685 | INFO  | DNAudit | user=null | ip=null | op=WRITE_CHUNK {blockData=conID: 2 locID: 102659352602542567 bcsId: 0} | ret=SUCCESS |  
2019-08-22 07:03:26,686 | INFO  | DNAudit | user=null | ip=null | op=PUT_BLOCK {blockData=[blockId=conID: 2 locID: 102659352602542567 bcsId: 0,size=1048576]} | ret=SUCCESS |  
2019-08-22 07:03:26,686 [grpc-default-executor-5] INFO  client.GrpcClientProtocolClient (GrpcClientProtocolClient.java:onNext(255)) - client-CF63D631FA17->3cf1264f-5f6b-4138-aeee-2ff7d4522ead: receive RaftClientReply:client-CF63D631FA17->3cf1264f-5f6b-4138-aeee-2ff7d4522ead@group-561E16522154, cid=1430, SUCCESS, logIndex=2034, commits[3cf1264f-5f6b-4138-aeee-2ff7d4522ead:c2036, 4f0d1a15-8f14-4d9a-ad4f-8211e1245b5d:c2033, 6999f20e-c3f7-4db4-87ca-141c476f2a88:c2033]
2019-08-22 07:03:26,687 | INFO  | DNAudit | user=null | ip=null | op=WRITE_CHUNK {blockData=conID: 2 locID: 102659352602542567 bcsId: 0} | ret=SUCCESS |  
2019-08-22 07:03:26,687 [grpc-default-executor-5] INFO  client.GrpcClientProtocolClient (GrpcClientProtocolClient.java:onNext(255)) - client-CF63D631FA17->3cf1264f-5f6b-4138-aeee-2ff7d4522ead: receive RaftClientReply:client-CF63D631FA17->3cf1264f-5f6b-4138-aeee-2ff7d4522ead@group-561E16522154, cid=1431, SUCCESS, logIndex=2035, commits[3cf1264f-5f6b-4138-aeee-2ff7d4522ead:c2037, 4f0d1a15-8f14-4d9a-ad4f-8211e1245b5d:c2033, 6999f20e-c3f7-4db4-87ca-141c476f2a88:c2033]
2019-08-22 07:03:26,687 | INFO  | DNAudit | user=null | ip=null | op=PUT_BLOCK {blockData=[blockId=conID: 2 locID: 102659352602542567 bcsId: 0,size=2097152]} | ret=SUCCESS |  
2019-08-22 07:03:26,687 [grpc-default-executor-5] INFO  client.GrpcClientProtocolClient (GrpcClientProtocolClient.java:onNext(255)) - client-CF63D631FA17->3cf1264f-5f6b-4138-aeee-2ff7d4522ead: receive RaftClientReply:client-CF63D631FA17->3cf1264f-5f6b-4138-aeee-2ff7d4522ead@group-561E16522154, cid=1432, SUCCESS, logIndex=2036, commits[3cf1264f-5f6b-4138-aeee-2ff7d4522ead:c2037, 4f0d1a15-8f14-4d9a-ad4f-8211e1245b5d:c2033, 6999f20e-c3f7-4db4-87ca-141c476f2a88:c2033]
2019-08-22 07:03:26,688 [grpc-default-executor-5] INFO  client.GrpcClientProtocolClient (GrpcClientProtocolClient.java:onNext(255)) - client-CF63D631FA17->3cf1264f-5f6b-4138-aeee-2ff7d4522ead: receive RaftClientReply:client-CF63D631FA17->3cf1264f-5f6b-4138-aeee-2ff7d4522ead@group-561E16522154, cid=1433, SUCCESS, logIndex=2037, commits[3cf1264f-5f6b-4138-aeee-2ff7d4522ead:c2037, 4f0d1a15-8f14-4d9a-ad4f-8211e1245b5d:c2033, 6999f20e-c3f7-4db4-87ca-141c476f2a88:c2033]
2019-08-22 07:03:26,689 | INFO  | DNAudit | user=null | ip=null | op=WRITE_CHUNK {blockData=conID: 2 locID: 102659352602542567 bcsId: 0} | ret=SUCCESS |  
2019-08-22 07:03:26,689 | INFO  | DNAudit | user=null | ip=null | op=PUT_BLOCK {blockData=[blockId=conID: 2 locID: 102659352602542567 bcsId: 0,size=1048576]} | ret=SUCCESS |  
2019-08-22 07:03:26,700 | INFO  | DNAudit | user=null | ip=null | op=WRITE_CHUNK {blockData=conID: 2 locID: 102659352602542567 bcsId: 0} | ret=SUCCESS |  
2019-08-22 07:03:26,700 | INFO  | DNAudit | user=null | ip=null | op=PUT_BLOCK {blockData=[blockId=conID: 2 locID: 102659352602542567 bcsId: 0,size=1048576]} | ret=SUCCESS |  
2019-08-22 07:03:26,700 | INFO  | DNAudit | user=null | ip=null | op=WRITE_CHUNK {blockData=conID: 2 locID: 102659352602542567 bcsId: 0} | ret=SUCCESS |  
2019-08-22 07:03:26,700 [grpc-default-executor-5] INFO  client.GrpcClientProtocolClient (GrpcClientProtocolClient.java:onNext(255)) - client-CF63D631FA17->3cf1264f-5f6b-4138-aeee-2ff7d4522ead: receive RaftClientReply:client-CF63D631FA17->3cf1264f-5f6b-4138-aeee-2ff7d4522ead@group-561E16522154, cid=1434, SUCCESS, logIndex=0, commits[3cf1264f-5f6b-4138-aeee-2ff7d4522ead:c2038, 4f0d1a15-8f14-4d9a-ad4f-8211e1245b5d:c2035, 6999f20e-c3f7-4db4-87ca-141c476f2a88:c2035]
2019-08-22 07:03:26,701 | INFO  | DNAudit | user=null | ip=null | op=WRITE_CHUNK {blockData=conID: 2 locID: 102659352602542567 bcsId: 0} | ret=SUCCESS |  
2019-08-22 07:03:26,701 | INFO  | DNAudit | user=null | ip=null | op=PUT_BLOCK {blockData=[blockId=conID: 2 locID: 102659352602542567 bcsId: 0,size=2097152]} | ret=SUCCESS |  
2019-08-22 07:03:26,701 | INFO  | DNAudit | user=null | ip=null | op=PUT_BLOCK {blockData=[blockId=conID: 2 locID: 102659352602542567 bcsId: 0,size=2097152]} | ret=SUCCESS |  
2019-08-22 07:03:26,709 | INFO  | DNAudit | user=null | ip=null | op=WRITE_CHUNK {blockData=conID: 2 locID: 102659352602542567 bcsId: 2037} | ret=SUCCESS |  
2019-08-22 07:03:26,712 | INFO  | DNAudit | user=null | ip=null | op=WRITE_CHUNK {blockData=conID: 2 locID: 102659352602542567 bcsId: 2037} | ret=SUCCESS |  
2019-08-22 07:03:26,713 | INFO  | DNAudit | user=null | ip=null | op=WRITE_CHUNK {blockData=conID: 2 locID: 102659352602542567 bcsId: 2037} | ret=SUCCESS |  
2019-08-22 07:03:26,722 | INFO  | DNAudit | user=null | ip=null | op=WRITE_CHUNK {blockData=conID: 2 locID: 102659352602542567 bcsId: 2037} | ret=SUCCESS |  
2019-08-22 07:03:26,722 | INFO  | DNAudit | user=null | ip=null | op=PUT_BLOCK {blockData=[blockId=conID: 2 locID: 102659352602542567 bcsId: 0,size=3145728]} | ret=SUCCESS |  
2019-08-22 07:03:26,723 [grpc-default-executor-5] INFO  client.GrpcClientProtocolClient (GrpcClientProtocolClient.java:onNext(255)) - client-CF63D631FA17->3cf1264f-5f6b-4138-aeee-2ff7d4522ead: receive RaftClientReply:client-CF63D631FA17->3cf1264f-5f6b-4138-aeee-2ff7d4522ead@group-561E16522154, cid=1435, SUCCESS, logIndex=2042, commits[3cf1264f-5f6b-4138-aeee-2ff7d4522ead:c2043, 4f0d1a15-8f14-4d9a-ad4f-8211e1245b5d:c2041, 6999f20e-c3f7-4db4-87ca-141c476f2a88:c2041]
2019-08-22 07:03:26,723 [grpc-default-executor-5] INFO  client.GrpcClientProtocolClient (GrpcClientProtocolClient.java:onNext(255)) - client-CF63D631FA17->3cf1264f-5f6b-4138-aeee-2ff7d4522ead: receive RaftClientReply:client-CF63D631FA17->3cf1264f-5f6b-4138-aeee-2ff7d4522ead@group-561E16522154, cid=1436, SUCCESS, logIndex=2043, commits[3cf1264f-5f6b-4138-aeee-2ff7d4522ead:c2043, 4f0d1a15-8f14-4d9a-ad4f-8211e1245b5d:c2041, 6999f20e-c3f7-4db4-87ca-141c476f2a88:c2041]
2019-08-22 07:03:26,731 | INFO  | DNAudit | user=null | ip=null | op=WRITE_CHUNK {blockData=conID: 2 locID: 102659352602542567 bcsId: 2043} | ret=SUCCESS |  
2019-08-22 07:03:26,734 | INFO  | DNAudit | user=null | ip=null | op=WRITE_CHUNK {blockData=conID: 2 locID: 102659352602542567 bcsId: 2037} | ret=SUCCESS |  
2019-08-22 07:03:26,734 | INFO  | DNAudit | user=null | ip=null | op=WRITE_CHUNK {blockData=conID: 2 locID: 102659352602542567 bcsId: 2037} | ret=SUCCESS |  
2019-08-22 07:03:26,734 | INFO  | DNAudit | user=null | ip=null | op=PUT_BLOCK {blockData=[blockId=conID: 2 locID: 102659352602542567 bcsId: 0,size=3145728]} | ret=SUCCESS |  
2019-08-22 07:03:26,734 | INFO  | DNAudit | user=null | ip=null | op=PUT_BLOCK {blockData=[blockId=conID: 2 locID: 102659352602542567 bcsId: 0,size=3145728]} | ret=SUCCESS |  
2019-08-22 07:03:26,735 | INFO  | DNAudit | user=null | ip=null | op=WRITE_CHUNK {blockData=conID: 2 locID: 102659352602542567 bcsId: 2043} | ret=SUCCESS |  
2019-08-22 07:03:26,735 | INFO  | DNAudit | user=null | ip=null | op=WRITE_CHUNK {blockData=conID: 2 locID: 102659352602542567 bcsId: 2043} | ret=SUCCESS |  
2019-08-22 07:03:26,747 | INFO  | DNAudit | user=null | ip=null | op=WRITE_CHUNK {blockData=conID: 2 locID: 102659352602542567 bcsId: 2043} | ret=SUCCESS |  
2019-08-22 07:03:26,748 | INFO  | DNAudit | user=null | ip=null | op=PUT_BLOCK {blockData=[blockId=conID: 2 locID: 102659352602542567 bcsId: 0,size=4194304]} | ret=SUCCESS |  
2019-08-22 07:03:26,748 [grpc-default-executor-5] INFO  client.GrpcClientProtocolClient (GrpcClientProtocolClient.java:onNext(255)) - client-CF63D631FA17->3cf1264f-5f6b-4138-aeee-2ff7d4522ead: receive RaftClientReply:client-CF63D631FA17->3cf1264f-5f6b-4138-aeee-2ff7d4522ead@group-561E16522154, cid=1437, SUCCESS, logIndex=2046, commits[3cf1264f-5f6b-4138-aeee-2ff7d4522ead:c2047, 4f0d1a15-8f14-4d9a-ad4f-8211e1245b5d:c2043, 6999f20e-c3f7-4db4-87ca-141c476f2a88:c2043]
2019-08-22 07:03:26,749 | INFO  | DNAudit | user=null | ip=null | op=WRITE_CHUNK {blockData=conID: 2 locID: 102659352602542567 bcsId: 2043} | ret=SUCCESS |  
2019-08-22 07:03:26,749 [grpc-default-executor-0] INFO  client.GrpcClientProtocolClient (GrpcClientProtocolClient.java:onNext(255)) - client-CF63D631FA17->3cf1264f-5f6b-4138-aeee-2ff7d4522ead: receive RaftClientReply:client-CF63D631FA17->3cf1264f-5f6b-4138-aeee-2ff7d4522ead@group-561E16522154, cid=1438, SUCCESS, logIndex=2047, commits[3cf1264f-5f6b-4138-aeee-2ff7d4522ead:c2047, 4f0d1a15-8f14-4d9a-ad4f-8211e1245b5d:c2043, 6999f20e-c3f7-4db4-87ca-141c476f2a88:c2043]
2019-08-22 07:03:26,749 | INFO  | DNAudit | user=null | ip=null | op=PUT_BLOCK {blockData=[blockId=conID: 2 locID: 102659352602542567 bcsId: 0,size=4194304]} | ret=SUCCESS |  
2019-08-22 07:03:26,751 | INFO  | DNAudit | user=null | ip=null | op=WRITE_CHUNK {blockData=conID: 2 locID: 102659352602542567 bcsId: 2043} | ret=SUCCESS |  
2019-08-22 07:03:26,751 | INFO  | DNAudit | user=null | ip=null | op=PUT_BLOCK {blockData=[blockId=conID: 2 locID: 102659352602542567 bcsId: 0,size=4194304]} | ret=SUCCESS |  
2019-08-22 07:03:26,752 [grpc-default-executor-0] INFO  client.GrpcClientProtocolClient (GrpcClientProtocolClient.java:onNext(255)) - client-CF63D631FA17->3cf1264f-5f6b-4138-aeee-2ff7d4522ead: receive RaftClientReply:client-CF63D631FA17->3cf1264f-5f6b-4138-aeee-2ff7d4522ead@group-561E16522154, cid=1439, SUCCESS, logIndex=0, commits[3cf1264f-5f6b-4138-aeee-2ff7d4522ead:c2048, 4f0d1a15-8f14-4d9a-ad4f-8211e1245b5d:c2047, 6999f20e-c3f7-4db4-87ca-141c476f2a88:c2047]
2019-08-22 07:03:26,757 | INFO  | SCMAudit | user=jenkins1000 | ip=192.168.34.31 | op=ALLOCATE_BLOCK {owner=04b6d46a-98e2-41b1-9f38-1870289993ea, size=4194304, type=RATIS, factor=THREE} | ret=SUCCESS |  
2019-08-22 07:03:26,760 | INFO  | OMAudit | user=jenkins1000 | ip=127.0.0.1 | op=ALLOCATE_BLOCK {volume=vol-0-14906, bucket=bucket-0-53153, key=key-0-33222, dataSize=0, replicationType=null, replicationFactor=null, keyLocationInfo=null, clientID=102659352017764754} | ret=SUCCESS |  
2019-08-22 07:03:26,767 | INFO  | DNAudit | user=null | ip=null | op=WRITE_CHUNK {blockData=conID: 3 locID: 102659352609227240 bcsId: 0} | ret=SUCCESS |  
 0.00% |█                                                                                                    |  0/1 Time: 0:00:092019-08-22 07:03:26,771 | INFO  | DNAudit | user=null | ip=null | op=WRITE_CHUNK {blockData=conID: 3 locID: 102659352609227240 bcsId: 0} | ret=SUCCESS |  
2019-08-22 07:03:26,772 | INFO  | DNAudit | user=null | ip=null | op=WRITE_CHUNK {blockData=conID: 3 locID: 102659352609227240 bcsId: 0} | ret=SUCCESS |  
2019-08-22 07:03:26,772 | INFO  | DNAudit | user=null | ip=null | op=WRITE_CHUNK {blockData=conID: 3 locID: 102659352609227240 bcsId: 0} | ret=SUCCESS |  
2019-08-22 07:03:26,775 | INFO  | DNAudit | user=null | ip=null | op=WRITE_CHUNK {blockData=conID: 3 locID: 102659352609227240 bcsId: 0} | ret=SUCCESS |  
2019-08-22 07:03:26,775 | INFO  | DNAudit | user=null | ip=null | op=WRITE_CHUNK {blockData=conID: 3 locID: 102659352609227240 bcsId: 0} | ret=SUCCESS |  
2019-08-22 07:03:26,780 | INFO  | DNAudit | user=null | ip=null | op=WRITE_CHUNK {blockData=conID: 3 locID: 102659352609227240 bcsId: 0} | ret=SUCCESS |  
2019-08-22 07:03:26,781 | INFO  | DNAudit | user=null | ip=null | op=PUT_BLOCK {blockData=[blockId=conID: 3 locID: 102659352609227240 bcsId: 0,size=1048576]} | ret=SUCCESS |  
2019-08-22 07:03:26,781 [grpc-default-executor-0] INFO  client.GrpcClientProtocolClient (GrpcClientProtocolClient.java:onNext(255)) - client-CF63D631FA17->3cf1264f-5f6b-4138-aeee-2ff7d4522ead: receive RaftClientReply:client-CF63D631FA17->3cf1264f-5f6b-4138-aeee-2ff7d4522ead@group-561E16522154, cid=1440, SUCCESS, logIndex=2050, commits[3cf1264f-5f6b-4138-aeee-2ff7d4522ead:c2051, 4f0d1a15-8f14-4d9a-ad4f-8211e1245b5d:c2049, 6999f20e-c3f7-4db4-87ca-141c476f2a88:c2049]
2019-08-22 07:03:26,781 | INFO  | DNAudit | user=null | ip=null | op=WRITE_CHUNK {blockData=conID: 3 locID: 102659352609227240 bcsId: 0} | ret=SUCCESS |  
2019-08-22 07:03:26,782 [grpc-default-executor-0] INFO  client.GrpcClientProtocolClient (GrpcClientProtocolClient.java:onNext(255)) - client-CF63D631FA17->3cf1264f-5f6b-4138-aeee-2ff7d4522ead: receive RaftClientReply:client-CF63D631FA17->3cf1264f-5f6b-4138-aeee-2ff7d4522ead@group-561E16522154, cid=1441, SUCCESS, logIndex=2051, commits[3cf1264f-5f6b-4138-aeee-2ff7d4522ead:c2051, 4f0d1a15-8f14-4d9a-ad4f-8211e1245b5d:c2049, 6999f20e-c3f7-4db4-87ca-141c476f2a88:c2049]
2019-08-22 07:03:26,782 | INFO  | DNAudit | user=null | ip=null | op=PUT_BLOCK {blockData=[blockId=conID: 3 locID: 102659352609227240 bcsId: 0,size=2097152]} | ret=SUCCESS |  
2019-08-22 07:03:26,782 [grpc-default-executor-0] INFO  client.GrpcClientProtocolClient (GrpcClientProtocolClient.java:onNext(255)) - client-CF63D631FA17->3cf1264f-5f6b-4138-aeee-2ff7d4522ead: receive RaftClientReply:client-CF63D631FA17->3cf1264f-5f6b-4138-aeee-2ff7d4522ead@group-561E16522154, cid=1442, SUCCESS, logIndex=2052, commits[3cf1264f-5f6b-4138-aeee-2ff7d4522ead:c2053, 4f0d1a15-8f14-4d9a-ad4f-8211e1245b5d:c2049, 6999f20e-c3f7-4db4-87ca-141c476f2a88:c2049]
2019-08-22 07:03:26,782 [grpc-default-executor-0] INFO  client.GrpcClientProtocolClient (GrpcClientProtocolClient.java:onNext(255)) - client-CF63D631FA17->3cf1264f-5f6b-4138-aeee-2ff7d4522ead: receive RaftClientReply:client-CF63D631FA17->3cf1264f-5f6b-4138-aeee-2ff7d4522ead@group-561E16522154, cid=1443, SUCCESS, logIndex=2053, commits[3cf1264f-5f6b-4138-aeee-2ff7d4522ead:c2053, 4f0d1a15-8f14-4d9a-ad4f-8211e1245b5d:c2049, 6999f20e-c3f7-4db4-87ca-141c476f2a88:c2049]
2019-08-22 07:03:26,794 | INFO  | DNAudit | user=null | ip=null | op=WRITE_CHUNK {blockData=conID: 3 locID: 102659352609227240 bcsId: 0} | ret=SUCCESS |  
2019-08-22 07:03:26,794 | INFO  | DNAudit | user=null | ip=null | op=PUT_BLOCK {blockData=[blockId=conID: 3 locID: 102659352609227240 bcsId: 0,size=1048576]} | ret=SUCCESS |  
2019-08-22 07:03:26,794 | INFO  | DNAudit | user=null | ip=null | op=WRITE_CHUNK {blockData=conID: 3 locID: 102659352609227240 bcsId: 0} | ret=SUCCESS |  
2019-08-22 07:03:26,795 | INFO  | DNAudit | user=null | ip=null | op=PUT_BLOCK {blockData=[blockId=conID: 3 locID: 102659352609227240 bcsId: 0,size=1048576]} | ret=SUCCESS |  
2019-08-22 07:03:26,795 | INFO  | DNAudit | user=null | ip=null | op=WRITE_CHUNK {blockData=conID: 3 locID: 102659352609227240 bcsId: 0} | ret=SUCCESS |  
2019-08-22 07:03:26,795 | INFO  | DNAudit | user=null | ip=null | op=WRITE_CHUNK {blockData=conID: 3 locID: 102659352609227240 bcsId: 0} | ret=SUCCESS |  
2019-08-22 07:03:26,795 | INFO  | DNAudit | user=null | ip=null | op=PUT_BLOCK {blockData=[blockId=conID: 3 locID: 102659352609227240 bcsId: 0,size=2097152]} | ret=SUCCESS |  
2019-08-22 07:03:26,795 | INFO  | DNAudit | user=null | ip=null | op=PUT_BLOCK {blockData=[blockId=conID: 3 locID: 102659352609227240 bcsId: 0,size=2097152]} | ret=SUCCESS |  
2019-08-22 07:03:26,795 [grpc-default-executor-0] INFO  client.GrpcClientProtocolClient (GrpcClientProtocolClient.java:onNext(255)) - client-CF63D631FA17->3cf1264f-5f6b-4138-aeee-2ff7d4522ead: receive RaftClientReply:client-CF63D631FA17->3cf1264f-5f6b-4138-aeee-2ff7d4522ead@group-561E16522154, cid=1444, SUCCESS, logIndex=0, commits[3cf1264f-5f6b-4138-aeee-2ff7d4522ead:c2055, 4f0d1a15-8f14-4d9a-ad4f-8211e1245b5d:c2051, 6999f20e-c3f7-4db4-87ca-141c476f2a88:c2051]
2019-08-22 07:03:26,802 | INFO  | DNAudit | user=null | ip=null | op=WRITE_CHUNK {blockData=conID: 3 locID: 102659352609227240 bcsId: 2053} | ret=SUCCESS |  
2019-08-22 07:03:26,806 | INFO  | DNAudit | user=null | ip=null | op=WRITE_CHUNK {blockData=conID: 3 locID: 102659352609227240 bcsId: 2053} | ret=SUCCESS |  
2019-08-22 07:03:26,806 | INFO  | DNAudit | user=null | ip=null | op=WRITE_CHUNK {blockData=conID: 3 locID: 102659352609227240 bcsId: 2053} | ret=SUCCESS |  
2019-08-22 07:03:26,815 | INFO  | DNAudit | user=null | ip=null | op=WRITE_CHUNK {blockData=conID: 3 locID: 102659352609227240 bcsId: 2053} | ret=SUCCESS |  
2019-08-22 07:03:26,816 | INFO  | DNAudit | user=null | ip=null | op=PUT_BLOCK {blockData=[blockId=conID: 3 locID: 102659352609227240 bcsId: 0,size=3145728]} | ret=SUCCESS |  
2019-08-22 07:03:26,816 [grpc-default-executor-3] INFO  client.GrpcClientProtocolClient (GrpcClientProtocolClient.java:onNext(255)) - client-CF63D631FA17->3cf1264f-5f6b-4138-aeee-2ff7d4522ead: receive RaftClientReply:client-CF63D631FA17->3cf1264f-5f6b-4138-aeee-2ff7d4522ead@group-561E16522154, cid=1445, SUCCESS, logIndex=2058, commits[3cf1264f-5f6b-4138-aeee-2ff7d4522ead:c2059, 4f0d1a15-8f14-4d9a-ad4f-8211e1245b5d:c2057, 6999f20e-c3f7-4db4-87ca-141c476f2a88:c2057]
2019-08-22 07:03:26,817 [grpc-default-executor-3] INFO  client.GrpcClientProtocolClient (GrpcClientProtocolClient.java:onNext(255)) - client-CF63D631FA17->3cf1264f-5f6b-4138-aeee-2ff7d4522ead: receive RaftClientReply:client-CF63D631FA17->3cf1264f-5f6b-4138-aeee-2ff7d4522ead@group-561E16522154, cid=1446, SUCCESS, logIndex=2059, commits[3cf1264f-5f6b-4138-aeee-2ff7d4522ead:c2059, 4f0d1a15-8f14-4d9a-ad4f-8211e1245b5d:c2057, 6999f20e-c3f7-4db4-87ca-141c476f2a88:c2057]
2019-08-22 07:03:26,823 | INFO  | DNAudit | user=null | ip=null | op=WRITE_CHUNK {blockData=conID: 3 locID: 102659352609227240 bcsId: 2059} | ret=SUCCESS |  
2019-08-22 07:03:26,826 | INFO  | DNAudit | user=null | ip=null | op=WRITE_CHUNK {blockData=conID: 3 locID: 102659352609227240 bcsId: 2059} | ret=SUCCESS |  
2019-08-22 07:03:26,826 | INFO  | DNAudit | user=null | ip=null | op=WRITE_CHUNK {blockData=conID: 3 locID: 102659352609227240 bcsId: 2059} | ret=SUCCESS |  
2019-08-22 07:03:26,827 | INFO  | DNAudit | user=null | ip=null | op=WRITE_CHUNK {blockData=conID: 3 locID: 102659352609227240 bcsId: 2053} | ret=SUCCESS |  
2019-08-22 07:03:26,827 | INFO  | DNAudit | user=null | ip=null | op=WRITE_CHUNK {blockData=conID: 3 locID: 102659352609227240 bcsId: 2053} | ret=SUCCESS |  
2019-08-22 07:03:26,828 | INFO  | DNAudit | user=null | ip=null | op=PUT_BLOCK {blockData=[blockId=conID: 3 locID: 102659352609227240 bcsId: 0,size=3145728]} | ret=SUCCESS |  
2019-08-22 07:03:26,828 | INFO  | DNAudit | user=null | ip=null | op=WRITE_CHUNK {blockData=conID: 3 locID: 102659352609227240 bcsId: 2059} | ret=SUCCESS |  
2019-08-22 07:03:26,828 | INFO  | DNAudit | user=null | ip=null | op=PUT_BLOCK {blockData=[blockId=conID: 3 locID: 102659352609227240 bcsId: 0,size=3145728]} | ret=SUCCESS |  
2019-08-22 07:03:26,828 | INFO  | DNAudit | user=null | ip=null | op=PUT_BLOCK {blockData=[blockId=conID: 3 locID: 102659352609227240 bcsId: 0,size=4194304]} | ret=SUCCESS |  
2019-08-22 07:03:26,829 [grpc-default-executor-3] INFO  client.GrpcClientProtocolClient (GrpcClientProtocolClient.java:onNext(255)) - client-CF63D631FA17->3cf1264f-5f6b-4138-aeee-2ff7d4522ead: receive RaftClientReply:client-CF63D631FA17->3cf1264f-5f6b-4138-aeee-2ff7d4522ead@group-561E16522154, cid=1447, SUCCESS, logIndex=2062, commits[3cf1264f-5f6b-4138-aeee-2ff7d4522ead:c2063, 4f0d1a15-8f14-4d9a-ad4f-8211e1245b5d:c2058, 6999f20e-c3f7-4db4-87ca-141c476f2a88:c2059]
2019-08-22 07:03:26,829 [grpc-default-executor-3] INFO  client.GrpcClientProtocolClient (GrpcClientProtocolClient.java:onNext(255)) - client-CF63D631FA17->3cf1264f-5f6b-4138-aeee-2ff7d4522ead: receive RaftClientReply:client-CF63D631FA17->3cf1264f-5f6b-4138-aeee-2ff7d4522ead@group-561E16522154, cid=1448, SUCCESS, logIndex=2063, commits[3cf1264f-5f6b-4138-aeee-2ff7d4522ead:c2063, 4f0d1a15-8f14-4d9a-ad4f-8211e1245b5d:c2059, 6999f20e-c3f7-4db4-87ca-141c476f2a88:c2059]
2019-08-22 07:03:26,829 | INFO  | DNAudit | user=null | ip=null | op=WRITE_CHUNK {blockData=conID: 3 locID: 102659352609227240 bcsId: 2059} | ret=SUCCESS |  
2019-08-22 07:03:26,831 | INFO  | DNAudit | user=null | ip=null | op=WRITE_CHUNK {blockData=conID: 3 locID: 102659352609227240 bcsId: 2059} | ret=SUCCESS |  
2019-08-22 07:03:26,831 | INFO  | DNAudit | user=null | ip=null | op=PUT_BLOCK {blockData=[blockId=conID: 3 locID: 102659352609227240 bcsId: 0,size=4194304]} | ret=SUCCESS |  
2019-08-22 07:03:26,832 | INFO  | DNAudit | user=null | ip=null | op=PUT_BLOCK {blockData=[blockId=conID: 3 locID: 102659352609227240 bcsId: 0,size=4194304]} | ret=SUCCESS |  
2019-08-22 07:03:26,833 [grpc-default-executor-3] INFO  client.GrpcClientProtocolClient (GrpcClientProtocolClient.java:onNext(255)) - client-CF63D631FA17->3cf1264f-5f6b-4138-aeee-2ff7d4522ead: receive RaftClientReply:client-CF63D631FA17->3cf1264f-5f6b-4138-aeee-2ff7d4522ead@group-561E16522154, cid=1449, SUCCESS, logIndex=0, commits[3cf1264f-5f6b-4138-aeee-2ff7d4522ead:c2065, 4f0d1a15-8f14-4d9a-ad4f-8211e1245b5d:c2063, 6999f20e-c3f7-4db4-87ca-141c476f2a88:c2063]
2019-08-22 07:03:26,838 | INFO  | SCMAudit | user=jenkins1000 | ip=192.168.34.31 | op=ALLOCATE_BLOCK {owner=04b6d46a-98e2-41b1-9f38-1870289993ea, size=4194304, type=RATIS, factor=THREE} | ret=SUCCESS |  
2019-08-22 07:03:26,842 | INFO  | OMAudit | user=jenkins1000 | ip=127.0.0.1 | op=ALLOCATE_BLOCK {volume=vol-0-14906, bucket=bucket-0-53153, key=key-0-33222, dataSize=0, replicationType=null, replicationFactor=null, keyLocationInfo=null, clientID=102659352017764754} | ret=SUCCESS |  
2019-08-22 07:03:26,849 | INFO  | DNAudit | user=null | ip=null | op=WRITE_CHUNK {blockData=conID: 1 locID: 102659352614535657 bcsId: 0} | ret=SUCCESS |  
2019-08-22 07:03:26,852 | INFO  | DNAudit | user=null | ip=null | op=WRITE_CHUNK {blockData=conID: 1 locID: 102659352614535657 bcsId: 0} | ret=SUCCESS |  
2019-08-22 07:03:26,853 | INFO  | DNAudit | user=null | ip=null | op=WRITE_CHUNK {blockData=conID: 1 locID: 102659352614535657 bcsId: 0} | ret=SUCCESS |  
2019-08-22 07:03:26,853 | INFO  | DNAudit | user=null | ip=null | op=WRITE_CHUNK {blockData=conID: 1 locID: 102659352614535657 bcsId: 0} | ret=SUCCESS |  
2019-08-22 07:03:26,855 | INFO  | DNAudit | user=null | ip=null | op=WRITE_CHUNK {blockData=conID: 1 locID: 102659352614535657 bcsId: 0} | ret=SUCCESS |  
2019-08-22 07:03:26,856 | INFO  | DNAudit | user=null | ip=null | op=WRITE_CHUNK {blockData=conID: 1 locID: 102659352614535657 bcsId: 0} | ret=SUCCESS |  
2019-08-22 07:03:26,856 | INFO  | DNAudit | user=null | ip=null | op=PUT_BLOCK {blockData=[blockId=conID: 1 locID: 102659352614535657 bcsId: 0,size=1048576]} | ret=SUCCESS |  
2019-08-22 07:03:26,856 [grpc-default-executor-0] INFO  client.GrpcClientProtocolClient (GrpcClientProtocolClient.java:onNext(255)) - client-CF63D631FA17->3cf1264f-5f6b-4138-aeee-2ff7d4522ead: receive RaftClientReply:client-CF63D631FA17->3cf1264f-5f6b-4138-aeee-2ff7d4522ead@group-561E16522154, cid=1450, SUCCESS, logIndex=2066, commits[3cf1264f-5f6b-4138-aeee-2ff7d4522ead:c2067, 4f0d1a15-8f14-4d9a-ad4f-8211e1245b5d:c2065, 6999f20e-c3f7-4db4-87ca-141c476f2a88:c2065]
2019-08-22 07:03:26,856 | INFO  | DNAudit | user=null | ip=null | op=WRITE_CHUNK {blockData=conID: 1 locID: 102659352614535657 bcsId: 0} | ret=SUCCESS |  
2019-08-22 07:03:26,857 [grpc-default-executor-0] INFO  client.GrpcClientProtocolClient (GrpcClientProtocolClient.java:onNext(255)) - client-CF63D631FA17->3cf1264f-5f6b-4138-aeee-2ff7d4522ead: receive RaftClientReply:client-CF63D631FA17->3cf1264f-5f6b-4138-aeee-2ff7d4522ead@group-561E16522154, cid=1451, SUCCESS, logIndex=2067, commits[3cf1264f-5f6b-4138-aeee-2ff7d4522ead:c2067, 4f0d1a15-8f14-4d9a-ad4f-8211e1245b5d:c2065, 6999f20e-c3f7-4db4-87ca-141c476f2a88:c2065]
2019-08-22 07:03:26,858 | INFO  | DNAudit | user=null | ip=null | op=WRITE_CHUNK {blockData=conID: 1 locID: 102659352614535657 bcsId: 0} | ret=SUCCESS |  
2019-08-22 07:03:26,859 | INFO  | DNAudit | user=null | ip=null | op=PUT_BLOCK {blockData=[blockId=conID: 1 locID: 102659352614535657 bcsId: 0,size=1048576]} | ret=SUCCESS |  
2019-08-22 07:03:26,861 | INFO  | DNAudit | user=null | ip=null | op=WRITE_CHUNK {blockData=conID: 1 locID: 102659352614535657 bcsId: 0} | ret=SUCCESS |  
2019-08-22 07:03:26,861 | INFO  | DNAudit | user=null | ip=null | op=PUT_BLOCK {blockData=[blockId=conID: 1 locID: 102659352614535657 bcsId: 0,size=1048576]} | ret=SUCCESS |  
2019-08-22 07:03:26,861 | INFO  | DNAudit | user=null | ip=null | op=WRITE_CHUNK {blockData=conID: 1 locID: 102659352614535657 bcsId: 0} | ret=SUCCESS |  
2019-08-22 07:03:26,862 | INFO  | DNAudit | user=null | ip=null | op=PUT_BLOCK {blockData=[blockId=conID: 1 locID: 102659352614535657 bcsId: 0,size=2097152]} | ret=SUCCESS |  
2019-08-22 07:03:26,862 [grpc-default-executor-3] INFO  client.GrpcClientProtocolClient (GrpcClientProtocolClient.java:onNext(255)) - client-CF63D631FA17->3cf1264f-5f6b-4138-aeee-2ff7d4522ead: receive RaftClientReply:client-CF63D631FA17->3cf1264f-5f6b-4138-aeee-2ff7d4522ead@group-561E16522154, cid=1452, SUCCESS, logIndex=2068, commits[3cf1264f-5f6b-4138-aeee-2ff7d4522ead:c2071, 4f0d1a15-8f14-4d9a-ad4f-8211e1245b5d:c2067, 6999f20e-c3f7-4db4-87ca-141c476f2a88:c2067]
2019-08-22 07:03:26,862 [grpc-default-executor-3] INFO  client.GrpcClientProtocolClient (GrpcClientProtocolClient.java:onNext(255)) - client-CF63D631FA17->3cf1264f-5f6b-4138-aeee-2ff7d4522ead: receive RaftClientReply:client-CF63D631FA17->3cf1264f-5f6b-4138-aeee-2ff7d4522ead@group-561E16522154, cid=1453, SUCCESS, logIndex=2069, commits[3cf1264f-5f6b-4138-aeee-2ff7d4522ead:c2071, 4f0d1a15-8f14-4d9a-ad4f-8211e1245b5d:c2067, 6999f20e-c3f7-4db4-87ca-141c476f2a88:c2067]
2019-08-22 07:03:26,863 | INFO  | DNAudit | user=null | ip=null | op=WRITE_CHUNK {blockData=conID: 1 locID: 102659352614535657 bcsId: 0} | ret=SUCCESS |  
2019-08-22 07:03:26,863 | INFO  | DNAudit | user=null | ip=null | op=WRITE_CHUNK {blockData=conID: 1 locID: 102659352614535657 bcsId: 0} | ret=SUCCESS |  
2019-08-22 07:03:26,864 | INFO  | DNAudit | user=null | ip=null | op=PUT_BLOCK {blockData=[blockId=conID: 1 locID: 102659352614535657 bcsId: 0,size=2097152]} | ret=SUCCESS |  
2019-08-22 07:03:26,864 | INFO  | DNAudit | user=null | ip=null | op=PUT_BLOCK {blockData=[blockId=conID: 1 locID: 102659352614535657 bcsId: 0,size=2097152]} | ret=SUCCESS |  
2019-08-22 07:03:26,868 | INFO  | DNAudit | user=null | ip=null | op=WRITE_CHUNK {blockData=conID: 1 locID: 102659352614535657 bcsId: 2069} | ret=SUCCESS |  
2019-08-22 07:03:26,870 | INFO  | DNAudit | user=null | ip=null | op=WRITE_CHUNK {blockData=conID: 1 locID: 102659352614535657 bcsId: 2069} | ret=SUCCESS |  
2019-08-22 07:03:26,871 | INFO  | DNAudit | user=null | ip=null | op=WRITE_CHUNK {blockData=conID: 1 locID: 102659352614535657 bcsId: 2069} | ret=SUCCESS |  
2019-08-22 07:03:26,872 | INFO  | DNAudit | user=null | ip=null | op=WRITE_CHUNK {blockData=conID: 1 locID: 102659352614535657 bcsId: 2069} | ret=SUCCESS |  
2019-08-22 07:03:26,873 | INFO  | DNAudit | user=null | ip=null | op=PUT_BLOCK {blockData=[blockId=conID: 1 locID: 102659352614535657 bcsId: 0,size=3145728]} | ret=SUCCESS |  
2019-08-22 07:03:26,873 [grpc-default-executor-1] INFO  client.GrpcClientProtocolClient (GrpcClientProtocolClient.java:onNext(255)) - client-CF63D631FA17->3cf1264f-5f6b-4138-aeee-2ff7d4522ead: receive RaftClientReply:client-CF63D631FA17->3cf1264f-5f6b-4138-aeee-2ff7d4522ead@group-561E16522154, cid=1454, SUCCESS, logIndex=2074, commits[3cf1264f-5f6b-4138-aeee-2ff7d4522ead:c2075, 4f0d1a15-8f14-4d9a-ad4f-8211e1245b5d:c2073, 6999f20e-c3f7-4db4-87ca-141c476f2a88:c2073]
2019-08-22 07:03:26,873 [grpc-default-executor-1] INFO  client.GrpcClientProtocolClient (GrpcClientProtocolClient.java:onNext(255)) - client-CF63D631FA17->3cf1264f-5f6b-4138-aeee-2ff7d4522ead: receive RaftClientReply:client-CF63D631FA17->3cf1264f-5f6b-4138-aeee-2ff7d4522ead@group-561E16522154, cid=1455, SUCCESS, logIndex=2075, commits[3cf1264f-5f6b-4138-aeee-2ff7d4522ead:c2075, 4f0d1a15-8f14-4d9a-ad4f-8211e1245b5d:c2073, 6999f20e-c3f7-4db4-87ca-141c476f2a88:c2073]
2019-08-22 07:03:26,873 | INFO  | DNAudit | user=null | ip=null | op=WRITE_CHUNK {blockData=conID: 1 locID: 102659352614535657 bcsId: 2069} | ret=SUCCESS |  
2019-08-22 07:03:26,874 | INFO  | DNAudit | user=null | ip=null | op=WRITE_CHUNK {blockData=conID: 1 locID: 102659352614535657 bcsId: 2069} | ret=SUCCESS |  
2019-08-22 07:03:26,876 | INFO  | DNAudit | user=null | ip=null | op=PUT_BLOCK {blockData=[blockId=conID: 1 locID: 102659352614535657 bcsId: 0,size=3145728]} | ret=SUCCESS |  
2019-08-22 07:03:26,876 | INFO  | DNAudit | user=null | ip=null | op=PUT_BLOCK {blockData=[blockId=conID: 1 locID: 102659352614535657 bcsId: 0,size=3145728]} | ret=SUCCESS |  
2019-08-22 07:03:26,878 | INFO  | DNAudit | user=null | ip=null | op=WRITE_CHUNK {blockData=conID: 1 locID: 102659352614535657 bcsId: 2075} | ret=SUCCESS |  
2019-08-22 07:03:26,881 | INFO  | DNAudit | user=null | ip=null | op=WRITE_CHUNK {blockData=conID: 1 locID: 102659352614535657 bcsId: 2075} | ret=SUCCESS |  
2019-08-22 07:03:26,882 | INFO  | DNAudit | user=null | ip=null | op=WRITE_CHUNK {blockData=conID: 1 locID: 102659352614535657 bcsId: 2075} | ret=SUCCESS |  
2019-08-22 07:03:26,884 | INFO  | DNAudit | user=null | ip=null | op=WRITE_CHUNK {blockData=conID: 1 locID: 102659352614535657 bcsId: 2075} | ret=SUCCESS |  
2019-08-22 07:03:26,884 | INFO  | DNAudit | user=null | ip=null | op=PUT_BLOCK {blockData=[blockId=conID: 1 locID: 102659352614535657 bcsId: 0,size=4194304]} | ret=SUCCESS |  
2019-08-22 07:03:26,884 [grpc-default-executor-0] INFO  client.GrpcClientProtocolClient (GrpcClientProtocolClient.java:onNext(255)) - client-CF63D631FA17->3cf1264f-5f6b-4138-aeee-2ff7d4522ead: receive RaftClientReply:client-CF63D631FA17->3cf1264f-5f6b-4138-aeee-2ff7d4522ead@group-561E16522154, cid=1456, SUCCESS, logIndex=2078, commits[3cf1264f-5f6b-4138-aeee-2ff7d4522ead:c2079, 4f0d1a15-8f14-4d9a-ad4f-8211e1245b5d:c2077, 6999f20e-c3f7-4db4-87ca-141c476f2a88:c2075]
2019-08-22 07:03:26,885 [grpc-default-executor-0] INFO  client.GrpcClientProtocolClient (GrpcClientProtocolClient.java:onNext(255)) - client-CF63D631FA17->3cf1264f-5f6b-4138-aeee-2ff7d4522ead: receive RaftClientReply:client-CF63D631FA17->3cf1264f-5f6b-4138-aeee-2ff7d4522ead@group-561E16522154, cid=1457, SUCCESS, logIndex=2079, commits[3cf1264f-5f6b-4138-aeee-2ff7d4522ead:c2079, 4f0d1a15-8f14-4d9a-ad4f-8211e1245b5d:c2077, 6999f20e-c3f7-4db4-87ca-141c476f2a88:c2077]
2019-08-22 07:03:26,885 | INFO  | DNAudit | user=null | ip=null | op=WRITE_CHUNK {blockData=conID: 1 locID: 102659352614535657 bcsId: 2075} | ret=SUCCESS |  
2019-08-22 07:03:26,885 | INFO  | DNAudit | user=null | ip=null | op=WRITE_CHUNK {blockData=conID: 1 locID: 102659352614535657 bcsId: 2075} | ret=SUCCESS |  
2019-08-22 07:03:26,886 | INFO  | DNAudit | user=null | ip=null | op=PUT_BLOCK {blockData=[blockId=conID: 1 locID: 102659352614535657 bcsId: 0,size=4194304]} | ret=SUCCESS |  
2019-08-22 07:03:26,886 | INFO  | DNAudit | user=null | ip=null | op=PUT_BLOCK {blockData=[blockId=conID: 1 locID: 102659352614535657 bcsId: 0,size=4194304]} | ret=SUCCESS |  
2019-08-22 07:03:26,886 [grpc-default-executor-0] INFO  client.GrpcClientProtocolClient (GrpcClientProtocolClient.java:onNext(255)) - client-CF63D631FA17->3cf1264f-5f6b-4138-aeee-2ff7d4522ead: receive RaftClientReply:client-CF63D631FA17->3cf1264f-5f6b-4138-aeee-2ff7d4522ead@group-561E16522154, cid=1458, SUCCESS, logIndex=0, commits[3cf1264f-5f6b-4138-aeee-2ff7d4522ead:c2080, 4f0d1a15-8f14-4d9a-ad4f-8211e1245b5d:c2079, 6999f20e-c3f7-4db4-87ca-141c476f2a88:c2079]
2019-08-22 07:03:26,889 | INFO  | SCMAudit | user=jenkins1000 | ip=192.168.34.31 | op=ALLOCATE_BLOCK {owner=04b6d46a-98e2-41b1-9f38-1870289993ea, size=4194304, type=RATIS, factor=THREE} | ret=SUCCESS |  
2019-08-22 07:03:26,891 | INFO  | OMAudit | user=jenkins1000 | ip=127.0.0.1 | op=ALLOCATE_BLOCK {volume=vol-0-14906, bucket=bucket-0-53153, key=key-0-33222, dataSize=0, replicationType=null, replicationFactor=null, keyLocationInfo=null, clientID=102659352017764754} | ret=SUCCESS |  
2019-08-22 07:03:26,896 | INFO  | SCMAudit | user=jenkins1000 | ip=192.168.34.31 | op=SEND_HEARTBEAT {datanodeUUID=6999f20e-c3f7-4db4-87ca-141c476f2a88, command=[]} | ret=SUCCESS |  
2019-08-22 07:03:26,896 | INFO  | SCMAudit | user=jenkins1000 | ip=192.168.34.31 | op=SEND_HEARTBEAT {datanodeUUID=3cf1264f-5f6b-4138-aeee-2ff7d4522ead, command=[]} | ret=SUCCESS |  
2019-08-22 07:03:26,897 | INFO  | SCMAudit | user=jenkins1000 | ip=192.168.34.31 | op=SEND_HEARTBEAT {datanodeUUID=4f0d1a15-8f14-4d9a-ad4f-8211e1245b5d, command=[]} | ret=SUCCESS |  
2019-08-22 07:03:26,897 | INFO  | DNAudit | user=null | ip=null | op=WRITE_CHUNK {blockData=conID: 2 locID: 102659352617877994 bcsId: 0} | ret=SUCCESS |  
2019-08-22 07:03:26,900 | INFO  | DNAudit | user=null | ip=null | op=WRITE_CHUNK {blockData=conID: 2 locID: 102659352617877994 bcsId: 0} | ret=SUCCESS |  
2019-08-22 07:03:26,900 | INFO  | DNAudit | user=null | ip=null | op=WRITE_CHUNK {blockData=conID: 2 locID: 102659352617877994 bcsId: 0} | ret=SUCCESS |  
2019-08-22 07:03:26,900 | INFO  | DNAudit | user=null | ip=null | op=WRITE_CHUNK {blockData=conID: 2 locID: 102659352617877994 bcsId: 0} | ret=SUCCESS |  
2019-08-22 07:03:26,902 | INFO  | DNAudit | user=null | ip=null | op=WRITE_CHUNK {blockData=conID: 2 locID: 102659352617877994 bcsId: 0} | ret=SUCCESS |  
2019-08-22 07:03:26,903 | INFO  | DNAudit | user=null | ip=null | op=WRITE_CHUNK {blockData=conID: 2 locID: 102659352617877994 bcsId: 0} | ret=SUCCESS |  
2019-08-22 07:03:26,904 | INFO  | DNAudit | user=null | ip=null | op=WRITE_CHUNK {blockData=conID: 2 locID: 102659352617877994 bcsId: 0} | ret=SUCCESS |  
2019-08-22 07:03:26,905 | INFO  | DNAudit | user=null | ip=null | op=PUT_BLOCK {blockData=[blockId=conID: 2 locID: 102659352617877994 bcsId: 0,size=1048576]} | ret=SUCCESS |  
2019-08-22 07:03:26,905 [grpc-default-executor-1] INFO  client.GrpcClientProtocolClient (GrpcClientProtocolClient.java:onNext(255)) - client-CF63D631FA17->3cf1264f-5f6b-4138-aeee-2ff7d4522ead: receive RaftClientReply:client-CF63D631FA17->3cf1264f-5f6b-4138-aeee-2ff7d4522ead@group-561E16522154, cid=1459, SUCCESS, logIndex=2082, commits[3cf1264f-5f6b-4138-aeee-2ff7d4522ead:c2085, 4f0d1a15-8f14-4d9a-ad4f-8211e1245b5d:c2081, 6999f20e-c3f7-4db4-87ca-141c476f2a88:c2079]
2019-08-22 07:03:26,905 | INFO  | DNAudit | user=null | ip=null | op=WRITE_CHUNK {blockData=conID: 2 locID: 102659352617877994 bcsId: 0} | ret=SUCCESS |  
2019-08-22 07:03:26,905 [grpc-default-executor-1] INFO  client.GrpcClientProtocolClient (GrpcClientProtocolClient.java:onNext(255)) - client-CF63D631FA17->3cf1264f-5f6b-4138-aeee-2ff7d4522ead: receive RaftClientReply:client-CF63D631FA17->3cf1264f-5f6b-4138-aeee-2ff7d4522ead@group-561E16522154, cid=1460, SUCCESS, logIndex=2083, commits[3cf1264f-5f6b-4138-aeee-2ff7d4522ead:c2085, 4f0d1a15-8f14-4d9a-ad4f-8211e1245b5d:c2081, 6999f20e-c3f7-4db4-87ca-141c476f2a88:c2081]
2019-08-22 07:03:26,905 | INFO  | DNAudit | user=null | ip=null | op=PUT_BLOCK {blockData=[blockId=conID: 2 locID: 102659352617877994 bcsId: 0,size=2097152]} | ret=SUCCESS |  
2019-08-22 07:03:26,906 [grpc-default-executor-1] INFO  client.GrpcClientProtocolClient (GrpcClientProtocolClient.java:onNext(255)) - client-CF63D631FA17->3cf1264f-5f6b-4138-aeee-2ff7d4522ead: receive RaftClientReply:client-CF63D631FA17->3cf1264f-5f6b-4138-aeee-2ff7d4522ead@group-561E16522154, cid=1461, SUCCESS, logIndex=2084, commits[3cf1264f-5f6b-4138-aeee-2ff7d4522ead:c2085, 4f0d1a15-8f14-4d9a-ad4f-8211e1245b5d:c2081, 6999f20e-c3f7-4db4-87ca-141c476f2a88:c2081]
2019-08-22 07:03:26,906 | INFO  | DNAudit | user=null | ip=null | op=WRITE_CHUNK {blockData=conID: 2 locID: 102659352617877994 bcsId: 0} | ret=SUCCESS |  
2019-08-22 07:03:26,906 [grpc-default-executor-1] INFO  client.GrpcClientProtocolClient (GrpcClientProtocolClient.java:onNext(255)) - client-CF63D631FA17->3cf1264f-5f6b-4138-aeee-2ff7d4522ead: receive RaftClientReply:client-CF63D631FA17->3cf1264f-5f6b-4138-aeee-2ff7d4522ead@group-561E16522154, cid=1462, SUCCESS, logIndex=2085, commits[3cf1264f-5f6b-4138-aeee-2ff7d4522ead:c2085, 4f0d1a15-8f14-4d9a-ad4f-8211e1245b5d:c2081, 6999f20e-c3f7-4db4-87ca-141c476f2a88:c2081]
2019-08-22 07:03:26,906 | INFO  | DNAudit | user=null | ip=null | op=WRITE_CHUNK {blockData=conID: 2 locID: 102659352617877994 bcsId: 0} | ret=SUCCESS |  
2019-08-22 07:03:26,906 | INFO  | DNAudit | user=null | ip=null | op=PUT_BLOCK {blockData=[blockId=conID: 2 locID: 102659352617877994 bcsId: 0,size=1048576]} | ret=SUCCESS |  
2019-08-22 07:03:26,906 | INFO  | DNAudit | user=null | ip=null | op=PUT_BLOCK {blockData=[blockId=conID: 2 locID: 102659352617877994 bcsId: 0,size=1048576]} | ret=SUCCESS |  
2019-08-22 07:03:26,907 | INFO  | DNAudit | user=null | ip=null | op=WRITE_CHUNK {blockData=conID: 2 locID: 102659352617877994 bcsId: 0} | ret=SUCCESS |  
2019-08-22 07:03:26,907 | INFO  | DNAudit | user=null | ip=null | op=PUT_BLOCK {blockData=[blockId=conID: 2 locID: 102659352617877994 bcsId: 0,size=2097152]} | ret=SUCCESS |  
2019-08-22 07:03:26,907 [grpc-default-executor-1] INFO  client.GrpcClientProtocolClient (GrpcClientProtocolClient.java:onNext(255)) - client-CF63D631FA17->3cf1264f-5f6b-4138-aeee-2ff7d4522ead: receive RaftClientReply:client-CF63D631FA17->3cf1264f-5f6b-4138-aeee-2ff7d4522ead@group-561E16522154, cid=1463, SUCCESS, logIndex=0, commits[3cf1264f-5f6b-4138-aeee-2ff7d4522ead:c2088, 4f0d1a15-8f14-4d9a-ad4f-8211e1245b5d:c2083, 6999f20e-c3f7-4db4-87ca-141c476f2a88:c2085]
2019-08-22 07:03:26,908 | INFO  | DNAudit | user=null | ip=null | op=WRITE_CHUNK {blockData=conID: 2 locID: 102659352617877994 bcsId: 0} | ret=SUCCESS |  
2019-08-22 07:03:26,908 | INFO  | DNAudit | user=null | ip=null | op=PUT_BLOCK {blockData=[blockId=conID: 2 locID: 102659352617877994 bcsId: 0,size=2097152]} | ret=SUCCESS |  
2019-08-22 07:03:26,913 | INFO  | DNAudit | user=null | ip=null | op=WRITE_CHUNK {blockData=conID: 2 locID: 102659352617877994 bcsId: 2085} | ret=SUCCESS |  
2019-08-22 07:03:26,915 | INFO  | DNAudit | user=null | ip=null | op=WRITE_CHUNK {blockData=conID: 2 locID: 102659352617877994 bcsId: 2085} | ret=SUCCESS |  
2019-08-22 07:03:26,915 | INFO  | DNAudit | user=null | ip=null | op=WRITE_CHUNK {blockData=conID: 2 locID: 102659352617877994 bcsId: 2085} | ret=SUCCESS |  
2019-08-22 07:03:26,931 | INFO  | DNAudit | user=null | ip=null | op=WRITE_CHUNK {blockData=conID: 2 locID: 102659352617877994 bcsId: 2085} | ret=SUCCESS |  
2019-08-22 07:03:26,931 | INFO  | DNAudit | user=null | ip=null | op=PUT_BLOCK {blockData=[blockId=conID: 2 locID: 102659352617877994 bcsId: 0,size=3145728]} | ret=SUCCESS |  
2019-08-22 07:03:26,931 [grpc-default-executor-5] INFO  client.GrpcClientProtocolClient (GrpcClientProtocolClient.java:onNext(255)) - client-CF63D631FA17->3cf1264f-5f6b-4138-aeee-2ff7d4522ead: receive RaftClientReply:client-CF63D631FA17->3cf1264f-5f6b-4138-aeee-2ff7d4522ead@group-561E16522154, cid=1464, SUCCESS, logIndex=2090, commits[3cf1264f-5f6b-4138-aeee-2ff7d4522ead:c2091, 4f0d1a15-8f14-4d9a-ad4f-8211e1245b5d:c2089, 6999f20e-c3f7-4db4-87ca-141c476f2a88:c2089]
2019-08-22 07:03:26,932 [grpc-default-executor-5] INFO  client.GrpcClientProtocolClient (GrpcClientProtocolClient.java:onNext(255)) - client-CF63D631FA17->3cf1264f-5f6b-4138-aeee-2ff7d4522ead: receive RaftClientReply:client-CF63D631FA17->3cf1264f-5f6b-4138-aeee-2ff7d4522ead@group-561E16522154, cid=1465, SUCCESS, logIndex=2091, commits[3cf1264f-5f6b-4138-aeee-2ff7d4522ead:c2091, 4f0d1a15-8f14-4d9a-ad4f-8211e1245b5d:c2089, 6999f20e-c3f7-4db4-87ca-141c476f2a88:c2089]
2019-08-22 07:03:26,938 | INFO  | DNAudit | user=null | ip=null | op=WRITE_CHUNK {blockData=conID: 2 locID: 102659352617877994 bcsId: 2091} | ret=SUCCESS |  
2019-08-22 07:03:26,940 | INFO  | DNAudit | user=null | ip=null | op=WRITE_CHUNK {blockData=conID: 2 locID: 102659352617877994 bcsId: 2091} | ret=SUCCESS |  
2019-08-22 07:03:26,940 | INFO  | DNAudit | user=null | ip=null | op=WRITE_CHUNK {blockData=conID: 2 locID: 102659352617877994 bcsId: 2091} | ret=SUCCESS |  
2019-08-22 07:03:26,942 | INFO  | DNAudit | user=null | ip=null | op=WRITE_CHUNK {blockData=conID: 2 locID: 102659352617877994 bcsId: 2085} | ret=SUCCESS |  
2019-08-22 07:03:26,942 | INFO  | DNAudit | user=null | ip=null | op=WRITE_CHUNK {blockData=conID: 2 locID: 102659352617877994 bcsId: 2085} | ret=SUCCESS |  
2019-08-22 07:03:26,942 | INFO  | DNAudit | user=null | ip=null | op=PUT_BLOCK {blockData=[blockId=conID: 2 locID: 102659352617877994 bcsId: 0,size=3145728]} | ret=SUCCESS |  
2019-08-22 07:03:26,942 | INFO  | DNAudit | user=null | ip=null | op=PUT_BLOCK {blockData=[blockId=conID: 2 locID: 102659352617877994 bcsId: 0,size=3145728]} | ret=SUCCESS |  
2019-08-22 07:03:26,944 | INFO  | DNAudit | user=null | ip=null | op=WRITE_CHUNK {blockData=conID: 2 locID: 102659352617877994 bcsId: 2091} | ret=SUCCESS |  
2019-08-22 07:03:26,944 [grpc-default-executor-5] INFO  client.GrpcClientProtocolClient (GrpcClientProtocolClient.java:onNext(255)) - client-CF63D631FA17->3cf1264f-5f6b-4138-aeee-2ff7d4522ead: receive RaftClientReply:client-CF63D631FA17->3cf1264f-5f6b-4138-aeee-2ff7d4522ead@group-561E16522154, cid=1466, SUCCESS, logIndex=2094, commits[3cf1264f-5f6b-4138-aeee-2ff7d4522ead:c2095, 4f0d1a15-8f14-4d9a-ad4f-8211e1245b5d:c2091, 6999f20e-c3f7-4db4-87ca-141c476f2a88:c2091]
2019-08-22 07:03:26,944 | INFO  | DNAudit | user=null | ip=null | op=PUT_BLOCK {blockData=[blockId=conID: 2 locID: 102659352617877994 bcsId: 0,size=4194304]} | ret=SUCCESS |  
2019-08-22 07:03:26,945 [grpc-default-executor-5] INFO  client.GrpcClientProtocolClient (GrpcClientProtocolClient.java:onNext(255)) - client-CF63D631FA17->3cf1264f-5f6b-4138-aeee-2ff7d4522ead: receive RaftClientReply:client-CF63D631FA17->3cf1264f-5f6b-4138-aeee-2ff7d4522ead@group-561E16522154, cid=1467, SUCCESS, logIndex=2095, commits[3cf1264f-5f6b-4138-aeee-2ff7d4522ead:c2095, 4f0d1a15-8f14-4d9a-ad4f-8211e1245b5d:c2091, 6999f20e-c3f7-4db4-87ca-141c476f2a88:c2091]
2019-08-22 07:03:26,955 | INFO  | DNAudit | user=null | ip=null | op=WRITE_CHUNK {blockData=conID: 2 locID: 102659352617877994 bcsId: 2091} | ret=SUCCESS |  
2019-08-22 07:03:26,955 | INFO  | DNAudit | user=null | ip=null | op=WRITE_CHUNK {blockData=conID: 2 locID: 102659352617877994 bcsId: 2091} | ret=SUCCESS |  
2019-08-22 07:03:26,958 | INFO  | DNAudit | user=null | ip=null | op=PUT_BLOCK {blockData=[blockId=conID: 2 locID: 102659352617877994 bcsId: 0,size=4194304]} | ret=SUCCESS |  
2019-08-22 07:03:26,958 | INFO  | DNAudit | user=null | ip=null | op=PUT_BLOCK {blockData=[blockId=conID: 2 locID: 102659352617877994 bcsId: 0,size=4194304]} | ret=SUCCESS |  
2019-08-22 07:03:26,959 [grpc-default-executor-5] INFO  client.GrpcClientProtocolClient (GrpcClientProtocolClient.java:onNext(255)) - client-CF63D631FA17->3cf1264f-5f6b-4138-aeee-2ff7d4522ead: receive RaftClientReply:client-CF63D631FA17->3cf1264f-5f6b-4138-aeee-2ff7d4522ead@group-561E16522154, cid=1468, SUCCESS, logIndex=0, commits[3cf1264f-5f6b-4138-aeee-2ff7d4522ead:c2097, 4f0d1a15-8f14-4d9a-ad4f-8211e1245b5d:c2095, 6999f20e-c3f7-4db4-87ca-141c476f2a88:c2095]
2019-08-22 07:03:26,962 | INFO  | SCMAudit | user=jenkins1000 | ip=192.168.34.31 | op=ALLOCATE_BLOCK {owner=04b6d46a-98e2-41b1-9f38-1870289993ea, size=4194304, type=RATIS, factor=THREE} | ret=SUCCESS |  
2019-08-22 07:03:26,965 | INFO  | OMAudit | user=jenkins1000 | ip=127.0.0.1 | op=ALLOCATE_BLOCK {volume=vol-0-14906, bucket=bucket-0-53153, key=key-0-33222, dataSize=0, replicationType=null, replicationFactor=null, keyLocationInfo=null, clientID=102659352017764754} | ret=SUCCESS |  
2019-08-22 07:03:26,973 | INFO  | DNAudit | user=null | ip=null | op=WRITE_CHUNK {blockData=conID: 3 locID: 102659352622662123 bcsId: 0} | ret=SUCCESS |  
2019-08-22 07:03:26,974 | INFO  | DNAudit | user=null | ip=null | op=WRITE_CHUNK {blockData=conID: 3 locID: 102659352622662123 bcsId: 0} | ret=SUCCESS |  
2019-08-22 07:03:26,974 | INFO  | DNAudit | user=null | ip=null | op=WRITE_CHUNK {blockData=conID: 3 locID: 102659352622662123 bcsId: 0} | ret=SUCCESS |  
2019-08-22 07:03:26,974 | INFO  | DNAudit | user=null | ip=null | op=WRITE_CHUNK {blockData=conID: 3 locID: 102659352622662123 bcsId: 0} | ret=SUCCESS |  
2019-08-22 07:03:26,976 | INFO  | DNAudit | user=null | ip=null | op=WRITE_CHUNK {blockData=conID: 3 locID: 102659352622662123 bcsId: 0} | ret=SUCCESS |  
2019-08-22 07:03:26,976 | INFO  | DNAudit | user=null | ip=null | op=WRITE_CHUNK {blockData=conID: 3 locID: 102659352622662123 bcsId: 0} | ret=SUCCESS |  
2019-08-22 07:03:26,986 | INFO  | DNAudit | user=null | ip=null | op=WRITE_CHUNK {blockData=conID: 3 locID: 102659352622662123 bcsId: 0} | ret=SUCCESS |  
2019-08-22 07:03:26,987 | INFO  | DNAudit | user=null | ip=null | op=PUT_BLOCK {blockData=[blockId=conID: 3 locID: 102659352622662123 bcsId: 0,size=1048576]} | ret=SUCCESS |  
2019-08-22 07:03:26,987 [grpc-default-executor-1] INFO  client.GrpcClientProtocolClient (GrpcClientProtocolClient.java:onNext(255)) - client-CF63D631FA17->3cf1264f-5f6b-4138-aeee-2ff7d4522ead: receive RaftClientReply:client-CF63D631FA17->3cf1264f-5f6b-4138-aeee-2ff7d4522ead@group-561E16522154, cid=1469, SUCCESS, logIndex=2098, commits[3cf1264f-5f6b-4138-aeee-2ff7d4522ead:c2099, 4f0d1a15-8f14-4d9a-ad4f-8211e1245b5d:c2097, 6999f20e-c3f7-4db4-87ca-141c476f2a88:c2097]
2019-08-22 07:03:26,987 | INFO  | DNAudit | user=null | ip=null | op=WRITE_CHUNK {blockData=conID: 3 locID: 102659352622662123 bcsId: 0} | ret=SUCCESS |  
2019-08-22 07:03:26,988 | INFO  | DNAudit | user=null | ip=null | op=PUT_BLOCK {blockData=[blockId=conID: 3 locID: 102659352622662123 bcsId: 0,size=2097152]} | ret=SUCCESS |  
2019-08-22 07:03:26,988 [grpc-default-executor-1] INFO  client.GrpcClientProtocolClient (GrpcClientProtocolClient.java:onNext(255)) - client-CF63D631FA17->3cf1264f-5f6b-4138-aeee-2ff7d4522ead: receive RaftClientReply:client-CF63D631FA17->3cf1264f-5f6b-4138-aeee-2ff7d4522ead@group-561E16522154, cid=1470, SUCCESS, logIndex=2099, commits[3cf1264f-5f6b-4138-aeee-2ff7d4522ead:c2101, 4f0d1a15-8f14-4d9a-ad4f-8211e1245b5d:c2097, 6999f20e-c3f7-4db4-87ca-141c476f2a88:c2097]
2019-08-22 07:03:26,988 [grpc-default-executor-1] INFO  client.GrpcClientProtocolClient (GrpcClientProtocolClient.java:onNext(255)) - client-CF63D631FA17->3cf1264f-5f6b-4138-aeee-2ff7d4522ead: receive RaftClientReply:client-CF63D631FA17->3cf1264f-5f6b-4138-aeee-2ff7d4522ead@group-561E16522154, cid=1471, SUCCESS, logIndex=2100, commits[3cf1264f-5f6b-4138-aeee-2ff7d4522ead:c2101, 4f0d1a15-8f14-4d9a-ad4f-8211e1245b5d:c2097, 6999f20e-c3f7-4db4-87ca-141c476f2a88:c2097]
2019-08-22 07:03:26,988 [grpc-default-executor-1] INFO  client.GrpcClientProtocolClient (GrpcClientProtocolClient.java:onNext(255)) - client-CF63D631FA17->3cf1264f-5f6b-4138-aeee-2ff7d4522ead: receive RaftClientReply:client-CF63D631FA17->3cf1264f-5f6b-4138-aeee-2ff7d4522ead@group-561E16522154, cid=1472, SUCCESS, logIndex=2101, commits[3cf1264f-5f6b-4138-aeee-2ff7d4522ead:c2101, 4f0d1a15-8f14-4d9a-ad4f-8211e1245b5d:c2097, 6999f20e-c3f7-4db4-87ca-141c476f2a88:c2097]
2019-08-22 07:03:27,000 | INFO  | DNAudit | user=null | ip=null | op=WRITE_CHUNK {blockData=conID: 3 locID: 102659352622662123 bcsId: 0} | ret=SUCCESS |  
2019-08-22 07:03:27,000 | INFO  | DNAudit | user=null | ip=null | op=PUT_BLOCK {blockData=[blockId=conID: 3 locID: 102659352622662123 bcsId: 0,size=1048576]} | ret=SUCCESS |  
2019-08-22 07:03:27,000 | INFO  | DNAudit | user=null | ip=null | op=WRITE_CHUNK {blockData=conID: 3 locID: 102659352622662123 bcsId: 0} | ret=SUCCESS |  
2019-08-22 07:03:27,001 | INFO  | DNAudit | user=null | ip=null | op=PUT_BLOCK {blockData=[blockId=conID: 3 locID: 102659352622662123 bcsId: 0,size=1048576]} | ret=SUCCESS |  
2019-08-22 07:03:27,001 | INFO  | DNAudit | user=null | ip=null | op=WRITE_CHUNK {blockData=conID: 3 locID: 102659352622662123 bcsId: 0} | ret=SUCCESS |  
2019-08-22 07:03:27,001 | INFO  | DNAudit | user=null | ip=null | op=WRITE_CHUNK {blockData=conID: 3 locID: 102659352622662123 bcsId: 0} | ret=SUCCESS |  
2019-08-22 07:03:27,001 | INFO  | DNAudit | user=null | ip=null | op=PUT_BLOCK {blockData=[blockId=conID: 3 locID: 102659352622662123 bcsId: 0,size=2097152]} | ret=SUCCESS |  
2019-08-22 07:03:27,001 [grpc-default-executor-5] INFO  client.GrpcClientProtocolClient (GrpcClientProtocolClient.java:onNext(255)) - client-CF63D631FA17->3cf1264f-5f6b-4138-aeee-2ff7d4522ead: receive RaftClientReply:client-CF63D631FA17->3cf1264f-5f6b-4138-aeee-2ff7d4522ead@group-561E16522154, cid=1473, SUCCESS, logIndex=0, commits[3cf1264f-5f6b-4138-aeee-2ff7d4522ead:c2103, 4f0d1a15-8f14-4d9a-ad4f-8211e1245b5d:c2099, 6999f20e-c3f7-4db4-87ca-141c476f2a88:c2099]
2019-08-22 07:03:27,001 | INFO  | DNAudit | user=null | ip=null | op=PUT_BLOCK {blockData=[blockId=conID: 3 locID: 102659352622662123 bcsId: 0,size=2097152]} | ret=SUCCESS |  
2019-08-22 07:03:27,007 | INFO  | DNAudit | user=null | ip=null | op=WRITE_CHUNK {blockData=conID: 3 locID: 102659352622662123 bcsId: 2101} | ret=SUCCESS |  
2019-08-22 07:03:27,009 | INFO  | DNAudit | user=null | ip=null | op=WRITE_CHUNK {blockData=conID: 3 locID: 102659352622662123 bcsId: 2101} | ret=SUCCESS |  
2019-08-22 07:03:27,009 | INFO  | DNAudit | user=null | ip=null | op=WRITE_CHUNK {blockData=conID: 3 locID: 102659352622662123 bcsId: 2101} | ret=SUCCESS |  
2019-08-22 07:03:27,019 | INFO  | DNAudit | user=null | ip=null | op=WRITE_CHUNK {blockData=conID: 3 locID: 102659352622662123 bcsId: 2101} | ret=SUCCESS |  
2019-08-22 07:03:27,020 | INFO  | DNAudit | user=null | ip=null | op=PUT_BLOCK {blockData=[blockId=conID: 3 locID: 102659352622662123 bcsId: 0,size=3145728]} | ret=SUCCESS |  
2019-08-22 07:03:27,020 [grpc-default-executor-1] INFO  client.GrpcClientProtocolClient (GrpcClientProtocolClient.java:onNext(255)) - client-CF63D631FA17->3cf1264f-5f6b-4138-aeee-2ff7d4522ead: receive RaftClientReply:client-CF63D631FA17->3cf1264f-5f6b-4138-aeee-2ff7d4522ead@group-561E16522154, cid=1474, SUCCESS, logIndex=2106, commits[3cf1264f-5f6b-4138-aeee-2ff7d4522ead:c2107, 4f0d1a15-8f14-4d9a-ad4f-8211e1245b5d:c2105, 6999f20e-c3f7-4db4-87ca-141c476f2a88:c2105]
2019-08-22 07:03:27,020 [grpc-default-executor-1] INFO  client.GrpcClientProtocolClient (GrpcClientProtocolClient.java:onNext(255)) - client-CF63D631FA17->3cf1264f-5f6b-4138-aeee-2ff7d4522ead: receive RaftClientReply:client-CF63D631FA17->3cf1264f-5f6b-4138-aeee-2ff7d4522ead@group-561E16522154, cid=1475, SUCCESS, logIndex=2107, commits[3cf1264f-5f6b-4138-aeee-2ff7d4522ead:c2107, 4f0d1a15-8f14-4d9a-ad4f-8211e1245b5d:c2105, 6999f20e-c3f7-4db4-87ca-141c476f2a88:c2105]
2019-08-22 07:03:27,027 | INFO  | DNAudit | user=null | ip=null | op=WRITE_CHUNK {blockData=conID: 3 locID: 102659352622662123 bcsId: 2107} | ret=SUCCESS |  
2019-08-22 07:03:27,029 | INFO  | DNAudit | user=null | ip=null | op=WRITE_CHUNK {blockData=conID: 3 locID: 102659352622662123 bcsId: 2107} | ret=SUCCESS |  
2019-08-22 07:03:27,029 | INFO  | DNAudit | user=null | ip=null | op=WRITE_CHUNK {blockData=conID: 3 locID: 102659352622662123 bcsId: 2107} | ret=SUCCESS |  
2019-08-22 07:03:27,031 | INFO  | DNAudit | user=null | ip=null | op=WRITE_CHUNK {blockData=conID: 3 locID: 102659352622662123 bcsId: 2101} | ret=SUCCESS |  
2019-08-22 07:03:27,031 | INFO  | DNAudit | user=null | ip=null | op=WRITE_CHUNK {blockData=conID: 3 locID: 102659352622662123 bcsId: 2101} | ret=SUCCESS |  
2019-08-22 07:03:27,034 | INFO  | DNAudit | user=null | ip=null | op=PUT_BLOCK {blockData=[blockId=conID: 3 locID: 102659352622662123 bcsId: 0,size=3145728]} | ret=SUCCESS |  
2019-08-22 07:03:27,034 | INFO  | DNAudit | user=null | ip=null | op=PUT_BLOCK {blockData=[blockId=conID: 3 locID: 102659352622662123 bcsId: 0,size=3145728]} | ret=SUCCESS |  
2019-08-22 07:03:27,034 | INFO  | DNAudit | user=null | ip=null | op=WRITE_CHUNK {blockData=conID: 3 locID: 102659352622662123 bcsId: 2107} | ret=SUCCESS |  
2019-08-22 07:03:27,034 | INFO  | DNAudit | user=null | ip=null | op=PUT_BLOCK {blockData=[blockId=conID: 3 locID: 102659352622662123 bcsId: 0,size=4194304]} | ret=SUCCESS |  
2019-08-22 07:03:27,035 [grpc-default-executor-0] INFO  client.GrpcClientProtocolClient (GrpcClientProtocolClient.java:onNext(255)) - client-CF63D631FA17->3cf1264f-5f6b-4138-aeee-2ff7d4522ead: receive RaftClientReply:client-CF63D631FA17->3cf1264f-5f6b-4138-aeee-2ff7d4522ead@group-561E16522154, cid=1476, SUCCESS, logIndex=2110, commits[3cf1264f-5f6b-4138-aeee-2ff7d4522ead:c2110, 4f0d1a15-8f14-4d9a-ad4f-8211e1245b5d:c2107, 6999f20e-c3f7-4db4-87ca-141c476f2a88:c2107]
2019-08-22 07:03:27,035 [grpc-default-executor-0] INFO  client.GrpcClientProtocolClient (GrpcClientProtocolClient.java:onNext(255)) - client-CF63D631FA17->3cf1264f-5f6b-4138-aeee-2ff7d4522ead: receive RaftClientReply:client-CF63D631FA17->3cf1264f-5f6b-4138-aeee-2ff7d4522ead@group-561E16522154, cid=1477, SUCCESS, logIndex=2111, commits[3cf1264f-5f6b-4138-aeee-2ff7d4522ead:c2111, 4f0d1a15-8f14-4d9a-ad4f-8211e1245b5d:c2107, 6999f20e-c3f7-4db4-87ca-141c476f2a88:c2107]
2019-08-22 07:03:27,045 | INFO  | DNAudit | user=null | ip=null | op=WRITE_CHUNK {blockData=conID: 3 locID: 102659352622662123 bcsId: 2107} | ret=SUCCESS |  
2019-08-22 07:03:27,045 | INFO  | DNAudit | user=null | ip=null | op=WRITE_CHUNK {blockData=conID: 3 locID: 102659352622662123 bcsId: 2107} | ret=SUCCESS |  
2019-08-22 07:03:27,048 | INFO  | DNAudit | user=null | ip=null | op=PUT_BLOCK {blockData=[blockId=conID: 3 locID: 102659352622662123 bcsId: 0,size=4194304]} | ret=SUCCESS |  
2019-08-22 07:03:27,048 | INFO  | DNAudit | user=null | ip=null | op=PUT_BLOCK {blockData=[blockId=conID: 3 locID: 102659352622662123 bcsId: 0,size=4194304]} | ret=SUCCESS |  
2019-08-22 07:03:27,049 [grpc-default-executor-0] INFO  client.GrpcClientProtocolClient (GrpcClientProtocolClient.java:onNext(255)) - client-CF63D631FA17->3cf1264f-5f6b-4138-aeee-2ff7d4522ead: receive RaftClientReply:client-CF63D631FA17->3cf1264f-5f6b-4138-aeee-2ff7d4522ead@group-561E16522154, cid=1478, SUCCESS, logIndex=0, commits[3cf1264f-5f6b-4138-aeee-2ff7d4522ead:c2113, 4f0d1a15-8f14-4d9a-ad4f-8211e1245b5d:c2111, 6999f20e-c3f7-4db4-87ca-141c476f2a88:c2111]
2019-08-22 07:03:27,053 | INFO  | SCMAudit | user=jenkins1000 | ip=192.168.34.31 | op=ALLOCATE_BLOCK {owner=04b6d46a-98e2-41b1-9f38-1870289993ea, size=4194304, type=RATIS, factor=THREE} | ret=SUCCESS |  
2019-08-22 07:03:27,055 | INFO  | OMAudit | user=jenkins1000 | ip=127.0.0.1 | op=ALLOCATE_BLOCK {volume=vol-0-14906, bucket=bucket-0-53153, key=key-0-33222, dataSize=0, replicationType=null, replicationFactor=null, keyLocationInfo=null, clientID=102659352017764754} | ret=SUCCESS |  
2019-08-22 07:03:27,062 | INFO  | DNAudit | user=null | ip=null | op=WRITE_CHUNK {blockData=conID: 1 locID: 102659352628625900 bcsId: 0} | ret=SUCCESS |  
2019-08-22 07:03:27,064 | INFO  | DNAudit | user=null | ip=null | op=WRITE_CHUNK {blockData=conID: 1 locID: 102659352628625900 bcsId: 0} | ret=SUCCESS |  
2019-08-22 07:03:27,066 | INFO  | DNAudit | user=null | ip=null | op=WRITE_CHUNK {blockData=conID: 1 locID: 102659352628625900 bcsId: 0} | ret=SUCCESS |  
2019-08-22 07:03:27,066 | INFO  | DNAudit | user=null | ip=null | op=WRITE_CHUNK {blockData=conID: 1 locID: 102659352628625900 bcsId: 0} | ret=SUCCESS |  
2019-08-22 07:03:27,067 | INFO  | DNAudit | user=null | ip=null | op=WRITE_CHUNK {blockData=conID: 1 locID: 102659352628625900 bcsId: 0} | ret=SUCCESS |  
2019-08-22 07:03:27,067 | INFO  | DNAudit | user=null | ip=null | op=WRITE_CHUNK {blockData=conID: 1 locID: 102659352628625900 bcsId: 0} | ret=SUCCESS |  
2019-08-22 07:03:27,076 | INFO  | DNAudit | user=null | ip=null | op=WRITE_CHUNK {blockData=conID: 1 locID: 102659352628625900 bcsId: 0} | ret=SUCCESS |  
2019-08-22 07:03:27,077 | INFO  | DNAudit | user=null | ip=null | op=PUT_BLOCK {blockData=[blockId=conID: 1 locID: 102659352628625900 bcsId: 0,size=1048576]} | ret=SUCCESS |  
2019-08-22 07:03:27,077 [grpc-default-executor-1] INFO  client.GrpcClientProtocolClient (GrpcClientProtocolClient.java:onNext(255)) - client-CF63D631FA17->3cf1264f-5f6b-4138-aeee-2ff7d4522ead: receive RaftClientReply:client-CF63D631FA17->3cf1264f-5f6b-4138-aeee-2ff7d4522ead@group-561E16522154, cid=1479, SUCCESS, logIndex=2114, commits[3cf1264f-5f6b-4138-aeee-2ff7d4522ead:c2115, 4f0d1a15-8f14-4d9a-ad4f-8211e1245b5d:c2113, 6999f20e-c3f7-4db4-87ca-141c476f2a88:c2113]
2019-08-22 07:03:27,077 | INFO  | DNAudit | user=null | ip=null | op=WRITE_CHUNK {blockData=conID: 1 locID: 102659352628625900 bcsId: 0} | ret=SUCCESS |  
2019-08-22 07:03:27,078 [grpc-default-executor-1] INFO  client.GrpcClientProtocolClient (GrpcClientProtocolClient.java:onNext(255)) - client-CF63D631FA17->3cf1264f-5f6b-4138-aeee-2ff7d4522ead: receive RaftClientReply:client-CF63D631FA17->3cf1264f-5f6b-4138-aeee-2ff7d4522ead@group-561E16522154, cid=1480, SUCCESS, logIndex=2115, commits[3cf1264f-5f6b-4138-aeee-2ff7d4522ead:c2117, 4f0d1a15-8f14-4d9a-ad4f-8211e1245b5d:c2113, 6999f20e-c3f7-4db4-87ca-141c476f2a88:c2113]
2019-08-22 07:03:27,078 | INFO  | DNAudit | user=null | ip=null | op=PUT_BLOCK {blockData=[blockId=conID: 1 locID: 102659352628625900 bcsId: 0,size=2097152]} | ret=SUCCESS |  
2019-08-22 07:03:27,078 [grpc-default-executor-1] INFO  client.GrpcClientProtocolClient (GrpcClientProtocolClient.java:onNext(255)) - client-CF63D631FA17->3cf1264f-5f6b-4138-aeee-2ff7d4522ead: receive RaftClientReply:client-CF63D631FA17->3cf1264f-5f6b-4138-aeee-2ff7d4522ead@group-561E16522154, cid=1481, SUCCESS, logIndex=2116, commits[3cf1264f-5f6b-4138-aeee-2ff7d4522ead:c2117, 4f0d1a15-8f14-4d9a-ad4f-8211e1245b5d:c2113, 6999f20e-c3f7-4db4-87ca-141c476f2a88:c2113]
2019-08-22 07:03:27,079 [grpc-default-executor-1] INFO  client.GrpcClientProtocolClient (GrpcClientProtocolClient.java:onNext(255)) - client-CF63D631FA17->3cf1264f-5f6b-4138-aeee-2ff7d4522ead: receive RaftClientReply:client-CF63D631FA17->3cf1264f-5f6b-4138-aeee-2ff7d4522ead@group-561E16522154, cid=1482, SUCCESS, logIndex=2117, commits[3cf1264f-5f6b-4138-aeee-2ff7d4522ead:c2117, 4f0d1a15-8f14-4d9a-ad4f-8211e1245b5d:c2113, 6999f20e-c3f7-4db4-87ca-141c476f2a88:c2113]
2019-08-22 07:03:27,088 | INFO  | DNAudit | user=null | ip=null | op=WRITE_CHUNK {blockData=conID: 1 locID: 102659352628625900 bcsId: 0} | ret=SUCCESS |  
2019-08-22 07:03:27,088 | INFO  | DNAudit | user=null | ip=null | op=WRITE_CHUNK {blockData=conID: 1 locID: 102659352628625900 bcsId: 0} | ret=SUCCESS |  
2019-08-22 07:03:27,090 | INFO  | DNAudit | user=null | ip=null | op=PUT_BLOCK {blockData=[blockId=conID: 1 locID: 102659352628625900 bcsId: 0,size=1048576]} | ret=SUCCESS |  
2019-08-22 07:03:27,090 | INFO  | DNAudit | user=null | ip=null | op=PUT_BLOCK {blockData=[blockId=conID: 1 locID: 102659352628625900 bcsId: 0,size=1048576]} | ret=SUCCESS |  
2019-08-22 07:03:27,090 | INFO  | DNAudit | user=null | ip=null | op=WRITE_CHUNK {blockData=conID: 1 locID: 102659352628625900 bcsId: 0} | ret=SUCCESS |  
2019-08-22 07:03:27,090 | INFO  | DNAudit | user=null | ip=null | op=PUT_BLOCK {blockData=[blockId=conID: 1 locID: 102659352628625900 bcsId: 0,size=2097152]} | ret=SUCCESS |  
2019-08-22 07:03:27,090 | INFO  | DNAudit | user=null | ip=null | op=WRITE_CHUNK {blockData=conID: 1 locID: 102659352628625900 bcsId: 0} | ret=SUCCESS |  
2019-08-22 07:03:27,091 | INFO  | DNAudit | user=null | ip=null | op=PUT_BLOCK {blockData=[blockId=conID: 1 locID: 102659352628625900 bcsId: 0,size=2097152]} | ret=SUCCESS |  
2019-08-22 07:03:27,091 [grpc-default-executor-5] INFO  client.GrpcClientProtocolClient (GrpcClientProtocolClient.java:onNext(255)) - client-CF63D631FA17->3cf1264f-5f6b-4138-aeee-2ff7d4522ead: receive RaftClientReply:client-CF63D631FA17->3cf1264f-5f6b-4138-aeee-2ff7d4522ead@group-561E16522154, cid=1483, SUCCESS, logIndex=0, commits[3cf1264f-5f6b-4138-aeee-2ff7d4522ead:c2119, 4f0d1a15-8f14-4d9a-ad4f-8211e1245b5d:c2115, 6999f20e-c3f7-4db4-87ca-141c476f2a88:c2115]
2019-08-22 07:03:27,211 | INFO  | DNAudit | user=null | ip=null | op=WRITE_CHUNK {blockData=conID: 1 locID: 102659352628625900 bcsId: 2117} | ret=SUCCESS |  
2019-08-22 07:03:27,213 | INFO  | DNAudit | user=null | ip=null | op=WRITE_CHUNK {blockData=conID: 1 locID: 102659352628625900 bcsId: 2117} | ret=SUCCESS |  
2019-08-22 07:03:27,214 | INFO  | DNAudit | user=null | ip=null | op=WRITE_CHUNK {blockData=conID: 1 locID: 102659352628625900 bcsId: 2117} | ret=SUCCESS |  
2019-08-22 07:03:27,225 | INFO  | DNAudit | user=null | ip=null | op=WRITE_CHUNK {blockData=conID: 1 locID: 102659352628625900 bcsId: 2117} | ret=SUCCESS |  
2019-08-22 07:03:27,226 [grpc-default-executor-1] INFO  client.GrpcClientProtocolClient (GrpcClientProtocolClient.java:onNext(255)) - client-CF63D631FA17->3cf1264f-5f6b-4138-aeee-2ff7d4522ead: receive RaftClientReply:client-CF63D631FA17->3cf1264f-5f6b-4138-aeee-2ff7d4522ead@group-561E16522154, cid=1484, SUCCESS, logIndex=2122, commits[3cf1264f-5f6b-4138-aeee-2ff7d4522ead:c2123, 4f0d1a15-8f14-4d9a-ad4f-8211e1245b5d:c2121, 6999f20e-c3f7-4db4-87ca-141c476f2a88:c2121]
2019-08-22 07:03:27,226 | INFO  | DNAudit | user=null | ip=null | op=PUT_BLOCK {blockData=[blockId=conID: 1 locID: 102659352628625900 bcsId: 0,size=3145728]} | ret=SUCCESS |  
2019-08-22 07:03:27,227 [grpc-default-executor-1] INFO  client.GrpcClientProtocolClient (GrpcClientProtocolClient.java:onNext(255)) - client-CF63D631FA17->3cf1264f-5f6b-4138-aeee-2ff7d4522ead: receive RaftClientReply:client-CF63D631FA17->3cf1264f-5f6b-4138-aeee-2ff7d4522ead@group-561E16522154, cid=1485, SUCCESS, logIndex=2123, commits[3cf1264f-5f6b-4138-aeee-2ff7d4522ead:c2123, 4f0d1a15-8f14-4d9a-ad4f-8211e1245b5d:c2121, 6999f20e-c3f7-4db4-87ca-141c476f2a88:c2121]
2019-08-22 07:03:27,235 | INFO  | DNAudit | user=null | ip=null | op=WRITE_CHUNK {blockData=conID: 1 locID: 102659352628625900 bcsId: 2123} | ret=SUCCESS |  
2019-08-22 07:03:27,236 | INFO  | DNAudit | user=null | ip=null | op=WRITE_CHUNK {blockData=conID: 1 locID: 102659352628625900 bcsId: 2117} | ret=SUCCESS |  
2019-08-22 07:03:27,236 | INFO  | DNAudit | user=null | ip=null | op=WRITE_CHUNK {blockData=conID: 1 locID: 102659352628625900 bcsId: 2117} | ret=SUCCESS |  
2019-08-22 07:03:27,237 | INFO  | DNAudit | user=null | ip=null | op=PUT_BLOCK {blockData=[blockId=conID: 1 locID: 102659352628625900 bcsId: 0,size=3145728]} | ret=SUCCESS |  
2019-08-22 07:03:27,237 | INFO  | DNAudit | user=null | ip=null | op=PUT_BLOCK {blockData=[blockId=conID: 1 locID: 102659352628625900 bcsId: 0,size=3145728]} | ret=SUCCESS |  
2019-08-22 07:03:27,239 | INFO  | DNAudit | user=null | ip=null | op=WRITE_CHUNK {blockData=conID: 1 locID: 102659352628625900 bcsId: 2123} | ret=SUCCESS |  
2019-08-22 07:03:27,239 | INFO  | DNAudit | user=null | ip=null | op=WRITE_CHUNK {blockData=conID: 1 locID: 102659352628625900 bcsId: 2123} | ret=SUCCESS |  
2019-08-22 07:03:27,251 | INFO  | DNAudit | user=null | ip=null | op=WRITE_CHUNK {blockData=conID: 1 locID: 102659352628625900 bcsId: 2123} | ret=SUCCESS |  
2019-08-22 07:03:27,251 | INFO  | DNAudit | user=null | ip=null | op=PUT_BLOCK {blockData=[blockId=conID: 1 locID: 102659352628625900 bcsId: 0,size=4194304]} | ret=SUCCESS |  
2019-08-22 07:03:27,251 [grpc-default-executor-5] INFO  client.GrpcClientProtocolClient (GrpcClientProtocolClient.java:onNext(255)) - client-CF63D631FA17->3cf1264f-5f6b-4138-aeee-2ff7d4522ead: receive RaftClientReply:client-CF63D631FA17->3cf1264f-5f6b-4138-aeee-2ff7d4522ead@group-561E16522154, cid=1486, SUCCESS, logIndex=2126, commits[3cf1264f-5f6b-4138-aeee-2ff7d4522ead:c2127, 4f0d1a15-8f14-4d9a-ad4f-8211e1245b5d:c2123, 6999f20e-c3f7-4db4-87ca-141c476f2a88:c2123]
2019-08-22 07:03:27,252 [grpc-default-executor-5] INFO  client.GrpcClientProtocolClient (GrpcClientProtocolClient.java:onNext(255)) - client-CF63D631FA17->3cf1264f-5f6b-4138-aeee-2ff7d4522ead: receive RaftClientReply:client-CF63D631FA17->3cf1264f-5f6b-4138-aeee-2ff7d4522ead@group-561E16522154, cid=1487, SUCCESS, logIndex=2127, commits[3cf1264f-5f6b-4138-aeee-2ff7d4522ead:c2127, 4f0d1a15-8f14-4d9a-ad4f-8211e1245b5d:c2123, 6999f20e-c3f7-4db4-87ca-141c476f2a88:c2123]
2019-08-22 07:03:27,254 | INFO  | DNAudit | user=null | ip=null | op=WRITE_CHUNK {blockData=conID: 1 locID: 102659352628625900 bcsId: 2123} | ret=SUCCESS |  
2019-08-22 07:03:27,254 | INFO  | DNAudit | user=null | ip=null | op=WRITE_CHUNK {blockData=conID: 1 locID: 102659352628625900 bcsId: 2123} | ret=SUCCESS |  
2019-08-22 07:03:27,265 | INFO  | DNAudit | user=null | ip=null | op=PUT_BLOCK {blockData=[blockId=conID: 1 locID: 102659352628625900 bcsId: 0,size=4194304]} | ret=SUCCESS |  
2019-08-22 07:03:27,266 | INFO  | DNAudit | user=null | ip=null | op=PUT_BLOCK {blockData=[blockId=conID: 1 locID: 102659352628625900 bcsId: 0,size=4194304]} | ret=SUCCESS |  
2019-08-22 07:03:27,266 [grpc-default-executor-1] INFO  client.GrpcClientProtocolClient (GrpcClientProtocolClient.java:onNext(255)) - client-CF63D631FA17->3cf1264f-5f6b-4138-aeee-2ff7d4522ead: receive RaftClientReply:client-CF63D631FA17->3cf1264f-5f6b-4138-aeee-2ff7d4522ead@group-561E16522154, cid=1488, SUCCESS, logIndex=0, commits[3cf1264f-5f6b-4138-aeee-2ff7d4522ead:c2129, 4f0d1a15-8f14-4d9a-ad4f-8211e1245b5d:c2127, 6999f20e-c3f7-4db4-87ca-141c476f2a88:c2127]
2019-08-22 07:03:27,272 | INFO  | SCMAudit | user=jenkins1000 | ip=192.168.34.31 | op=ALLOCATE_BLOCK {owner=04b6d46a-98e2-41b1-9f38-1870289993ea, size=4194304, type=RATIS, factor=THREE} | ret=SUCCESS |  
2019-08-22 07:03:27,276 | INFO  | OMAudit | user=jenkins1000 | ip=127.0.0.1 | op=ALLOCATE_BLOCK {volume=vol-0-14906, bucket=bucket-0-53153, key=key-0-33222, dataSize=0, replicationType=null, replicationFactor=null, keyLocationInfo=null, clientID=102659352017764754} | ret=SUCCESS |  
2019-08-22 07:03:27,284 | INFO  | DNAudit | user=null | ip=null | op=WRITE_CHUNK {blockData=conID: 2 locID: 102659352642978285 bcsId: 0} | ret=SUCCESS |  
2019-08-22 07:03:27,288 | INFO  | DNAudit | user=null | ip=null | op=WRITE_CHUNK {blockData=conID: 2 locID: 102659352642978285 bcsId: 0} | ret=SUCCESS |  
2019-08-22 07:03:27,289 | INFO  | DNAudit | user=null | ip=null | op=WRITE_CHUNK {blockData=conID: 2 locID: 102659352642978285 bcsId: 0} | ret=SUCCESS |  
2019-08-22 07:03:27,289 | INFO  | DNAudit | user=null | ip=null | op=WRITE_CHUNK {blockData=conID: 2 locID: 102659352642978285 bcsId: 0} | ret=SUCCESS |  
2019-08-22 07:03:27,291 | INFO  | DNAudit | user=null | ip=null | op=WRITE_CHUNK {blockData=conID: 2 locID: 102659352642978285 bcsId: 0} | ret=SUCCESS |  
2019-08-22 07:03:27,292 | INFO  | DNAudit | user=null | ip=null | op=WRITE_CHUNK {blockData=conID: 2 locID: 102659352642978285 bcsId: 0} | ret=SUCCESS |  
2019-08-22 07:03:27,297 | INFO  | DNAudit | user=null | ip=null | op=WRITE_CHUNK {blockData=conID: 2 locID: 102659352642978285 bcsId: 0} | ret=SUCCESS |  
2019-08-22 07:03:27,298 | INFO  | DNAudit | user=null | ip=null | op=PUT_BLOCK {blockData=[blockId=conID: 2 locID: 102659352642978285 bcsId: 0,size=1048576]} | ret=SUCCESS |  
2019-08-22 07:03:27,298 [grpc-default-executor-1] INFO  client.GrpcClientProtocolClient (GrpcClientProtocolClient.java:onNext(255)) - client-CF63D631FA17->3cf1264f-5f6b-4138-aeee-2ff7d4522ead: receive RaftClientReply:client-CF63D631FA17->3cf1264f-5f6b-4138-aeee-2ff7d4522ead@group-561E16522154, cid=1489, SUCCESS, logIndex=2130, commits[3cf1264f-5f6b-4138-aeee-2ff7d4522ead:c2131, 4f0d1a15-8f14-4d9a-ad4f-8211e1245b5d:c2129, 6999f20e-c3f7-4db4-87ca-141c476f2a88:c2129]
2019-08-22 07:03:27,299 [grpc-default-executor-1] INFO  client.GrpcClientProtocolClient (GrpcClientProtocolClient.java:onNext(255)) - client-CF63D631FA17->3cf1264f-5f6b-4138-aeee-2ff7d4522ead: receive RaftClientReply:client-CF63D631FA17->3cf1264f-5f6b-4138-aeee-2ff7d4522ead@group-561E16522154, cid=1490, SUCCESS, logIndex=2131, commits[3cf1264f-5f6b-4138-aeee-2ff7d4522ead:c2131, 4f0d1a15-8f14-4d9a-ad4f-8211e1245b5d:c2129, 6999f20e-c3f7-4db4-87ca-141c476f2a88:c2129]
2019-08-22 07:03:27,309 | INFO  | DNAudit | user=null | ip=null | op=WRITE_CHUNK {blockData=conID: 2 locID: 102659352642978285 bcsId: 0} | ret=SUCCESS |  
2019-08-22 07:03:27,309 | INFO  | DNAudit | user=null | ip=null | op=PUT_BLOCK {blockData=[blockId=conID: 2 locID: 102659352642978285 bcsId: 0,size=2097152]} | ret=SUCCESS |  
2019-08-22 07:03:27,309 [grpc-default-executor-0] INFO  client.GrpcClientProtocolClient (GrpcClientProtocolClient.java:onNext(255)) - client-CF63D631FA17->3cf1264f-5f6b-4138-aeee-2ff7d4522ead: receive RaftClientReply:client-CF63D631FA17->3cf1264f-5f6b-4138-aeee-2ff7d4522ead@group-561E16522154, cid=1491, SUCCESS, logIndex=2132, commits[3cf1264f-5f6b-4138-aeee-2ff7d4522ead:c2133, 4f0d1a15-8f14-4d9a-ad4f-8211e1245b5d:c2129, 6999f20e-c3f7-4db4-87ca-141c476f2a88:c2129]
2019-08-22 07:03:27,310 | INFO  | DNAudit | user=null | ip=null | op=WRITE_CHUNK {blockData=conID: 2 locID: 102659352642978285 bcsId: 0} | ret=SUCCESS |  
2019-08-22 07:03:27,310 [grpc-default-executor-5] INFO  client.GrpcClientProtocolClient (GrpcClientProtocolClient.java:onNext(255)) - client-CF63D631FA17->3cf1264f-5f6b-4138-aeee-2ff7d4522ead: receive RaftClientReply:client-CF63D631FA17->3cf1264f-5f6b-4138-aeee-2ff7d4522ead@group-561E16522154, cid=1492, SUCCESS, logIndex=2133, commits[3cf1264f-5f6b-4138-aeee-2ff7d4522ead:c2133, 4f0d1a15-8f14-4d9a-ad4f-8211e1245b5d:c2129, 6999f20e-c3f7-4db4-87ca-141c476f2a88:c2129]
2019-08-22 07:03:27,310 | INFO  | DNAudit | user=null | ip=null | op=PUT_BLOCK {blockData=[blockId=conID: 2 locID: 102659352642978285 bcsId: 0,size=1048576]} | ret=SUCCESS |  
2019-08-22 07:03:27,312 | INFO  | DNAudit | user=null | ip=null | op=WRITE_CHUNK {blockData=conID: 2 locID: 102659352642978285 bcsId: 0} | ret=SUCCESS |  
2019-08-22 07:03:27,312 | INFO  | DNAudit | user=null | ip=null | op=PUT_BLOCK {blockData=[blockId=conID: 2 locID: 102659352642978285 bcsId: 0,size=1048576]} | ret=SUCCESS |  
2019-08-22 07:03:27,312 [grpc-default-executor-5] INFO  client.GrpcClientProtocolClient (GrpcClientProtocolClient.java:onNext(255)) - client-CF63D631FA17->3cf1264f-5f6b-4138-aeee-2ff7d4522ead: receive RaftClientReply:client-CF63D631FA17->3cf1264f-5f6b-4138-aeee-2ff7d4522ead@group-561E16522154, cid=1493, SUCCESS, logIndex=0, commits[3cf1264f-5f6b-4138-aeee-2ff7d4522ead:c2135, 4f0d1a15-8f14-4d9a-ad4f-8211e1245b5d:c2131, 6999f20e-c3f7-4db4-87ca-141c476f2a88:c2131]
2019-08-22 07:03:27,320 | INFO  | DNAudit | user=null | ip=null | op=WRITE_CHUNK {blockData=conID: 2 locID: 102659352642978285 bcsId: 2133} | ret=SUCCESS |  
2019-08-22 07:03:27,322 | INFO  | DNAudit | user=null | ip=null | op=WRITE_CHUNK {blockData=conID: 2 locID: 102659352642978285 bcsId: 0} | ret=SUCCESS |  
2019-08-22 07:03:27,323 | INFO  | DNAudit | user=null | ip=null | op=PUT_BLOCK {blockData=[blockId=conID: 2 locID: 102659352642978285 bcsId: 0,size=2097152]} | ret=SUCCESS |  
2019-08-22 07:03:27,323 | INFO  | DNAudit | user=null | ip=null | op=WRITE_CHUNK {blockData=conID: 2 locID: 102659352642978285 bcsId: 0} | ret=SUCCESS |  
2019-08-22 07:03:27,323 | INFO  | DNAudit | user=null | ip=null | op=PUT_BLOCK {blockData=[blockId=conID: 2 locID: 102659352642978285 bcsId: 0,size=2097152]} | ret=SUCCESS |  
2019-08-22 07:03:27,324 | INFO  | DNAudit | user=null | ip=null | op=WRITE_CHUNK {blockData=conID: 2 locID: 102659352642978285 bcsId: 2133} | ret=SUCCESS |  
2019-08-22 07:03:27,324 | INFO  | DNAudit | user=null | ip=null | op=WRITE_CHUNK {blockData=conID: 2 locID: 102659352642978285 bcsId: 2133} | ret=SUCCESS |  
2019-08-22 07:03:27,336 | INFO  | DNAudit | user=null | ip=null | op=WRITE_CHUNK {blockData=conID: 2 locID: 102659352642978285 bcsId: 2133} | ret=SUCCESS |  
2019-08-22 07:03:27,337 | INFO  | DNAudit | user=null | ip=null | op=PUT_BLOCK {blockData=[blockId=conID: 2 locID: 102659352642978285 bcsId: 0,size=3145728]} | ret=SUCCESS |  
2019-08-22 07:03:27,337 [grpc-default-executor-0] INFO  client.GrpcClientProtocolClient (GrpcClientProtocolClient.java:onNext(255)) - client-CF63D631FA17->3cf1264f-5f6b-4138-aeee-2ff7d4522ead: receive RaftClientReply:client-CF63D631FA17->3cf1264f-5f6b-4138-aeee-2ff7d4522ead@group-561E16522154, cid=1494, SUCCESS, logIndex=2138, commits[3cf1264f-5f6b-4138-aeee-2ff7d4522ead:c2139, 4f0d1a15-8f14-4d9a-ad4f-8211e1245b5d:c2135, 6999f20e-c3f7-4db4-87ca-141c476f2a88:c2133]
2019-08-22 07:03:27,337 [grpc-default-executor-0] INFO  client.GrpcClientProtocolClient (GrpcClientProtocolClient.java:onNext(255)) - client-CF63D631FA17->3cf1264f-5f6b-4138-aeee-2ff7d4522ead: receive RaftClientReply:client-CF63D631FA17->3cf1264f-5f6b-4138-aeee-2ff7d4522ead@group-561E16522154, cid=1495, SUCCESS, logIndex=2139, commits[3cf1264f-5f6b-4138-aeee-2ff7d4522ead:c2139, 4f0d1a15-8f14-4d9a-ad4f-8211e1245b5d:c2135, 6999f20e-c3f7-4db4-87ca-141c476f2a88:c2135]
2019-08-22 07:03:27,339 | INFO  | DNAudit | user=null | ip=null | op=WRITE_CHUNK {blockData=conID: 2 locID: 102659352642978285 bcsId: 2133} | ret=SUCCESS |  
2019-08-22 07:03:27,339 | INFO  | DNAudit | user=null | ip=null | op=WRITE_CHUNK {blockData=conID: 2 locID: 102659352642978285 bcsId: 2133} | ret=SUCCESS |  
2019-08-22 07:03:27,339 | INFO  | DNAudit | user=null | ip=null | op=PUT_BLOCK {blockData=[blockId=conID: 2 locID: 102659352642978285 bcsId: 0,size=3145728]} | ret=SUCCESS |  
2019-08-22 07:03:27,339 | INFO  | DNAudit | user=null | ip=null | op=PUT_BLOCK {blockData=[blockId=conID: 2 locID: 102659352642978285 bcsId: 0,size=3145728]} | ret=SUCCESS |  
2019-08-22 07:03:27,345 | INFO  | DNAudit | user=null | ip=null | op=WRITE_CHUNK {blockData=conID: 2 locID: 102659352642978285 bcsId: 2139} | ret=SUCCESS |  
2019-08-22 07:03:27,347 | INFO  | DNAudit | user=null | ip=null | op=WRITE_CHUNK {blockData=conID: 2 locID: 102659352642978285 bcsId: 2139} | ret=SUCCESS |  
2019-08-22 07:03:27,347 | INFO  | DNAudit | user=null | ip=null | op=WRITE_CHUNK {blockData=conID: 2 locID: 102659352642978285 bcsId: 2139} | ret=SUCCESS |  
2019-08-22 07:03:27,351 | INFO  | DNAudit | user=null | ip=null | op=WRITE_CHUNK {blockData=conID: 2 locID: 102659352642978285 bcsId: 2139} | ret=SUCCESS |  
2019-08-22 07:03:27,352 | INFO  | DNAudit | user=null | ip=null | op=PUT_BLOCK {blockData=[blockId=conID: 2 locID: 102659352642978285 bcsId: 0,size=4194304]} | ret=SUCCESS |  
2019-08-22 07:03:27,352 [grpc-default-executor-1] INFO  client.GrpcClientProtocolClient (GrpcClientProtocolClient.java:onNext(255)) - client-CF63D631FA17->3cf1264f-5f6b-4138-aeee-2ff7d4522ead: receive RaftClientReply:client-CF63D631FA17->3cf1264f-5f6b-4138-aeee-2ff7d4522ead@group-561E16522154, cid=1496, SUCCESS, logIndex=2142, commits[3cf1264f-5f6b-4138-aeee-2ff7d4522ead:c2143, 4f0d1a15-8f14-4d9a-ad4f-8211e1245b5d:c2139, 6999f20e-c3f7-4db4-87ca-141c476f2a88:c2140]
2019-08-22 07:03:27,352 [grpc-default-executor-1] INFO  client.GrpcClientProtocolClient (GrpcClientProtocolClient.java:onNext(255)) - client-CF63D631FA17->3cf1264f-5f6b-4138-aeee-2ff7d4522ead: receive RaftClientReply:client-CF63D631FA17->3cf1264f-5f6b-4138-aeee-2ff7d4522ead@group-561E16522154, cid=1497, SUCCESS, logIndex=2143, commits[3cf1264f-5f6b-4138-aeee-2ff7d4522ead:c2143, 4f0d1a15-8f14-4d9a-ad4f-8211e1245b5d:c2140, 6999f20e-c3f7-4db4-87ca-141c476f2a88:c2140]
2019-08-22 07:03:27,353 | INFO  | DNAudit | user=null | ip=null | op=WRITE_CHUNK {blockData=conID: 2 locID: 102659352642978285 bcsId: 2139} | ret=SUCCESS |  
2019-08-22 07:03:27,353 | INFO  | DNAudit | user=null | ip=null | op=PUT_BLOCK {blockData=[blockId=conID: 2 locID: 102659352642978285 bcsId: 0,size=4194304]} | ret=SUCCESS |  
2019-08-22 07:03:27,356 [grpc-default-executor-0] INFO  client.GrpcClientProtocolClient (GrpcClientProtocolClient.java:onNext(255)) - client-CF63D631FA17->3cf1264f-5f6b-4138-aeee-2ff7d4522ead: receive RaftClientReply:client-CF63D631FA17->3cf1264f-5f6b-4138-aeee-2ff7d4522ead@group-561E16522154, cid=1498, SUCCESS, logIndex=0, commits[3cf1264f-5f6b-4138-aeee-2ff7d4522ead:c2144, 4f0d1a15-8f14-4d9a-ad4f-8211e1245b5d:c2143, 6999f20e-c3f7-4db4-87ca-141c476f2a88:c2143]
2019-08-22 07:03:27,359 | INFO  | SCMAudit | user=jenkins1000 | ip=192.168.34.31 | op=ALLOCATE_BLOCK {owner=04b6d46a-98e2-41b1-9f38-1870289993ea, size=4194304, type=RATIS, factor=THREE} | ret=SUCCESS |  
2019-08-22 07:03:27,367 | INFO  | DNAudit | user=null | ip=null | op=WRITE_CHUNK {blockData=conID: 2 locID: 102659352642978285 bcsId: 2139} | ret=SUCCESS |  
2019-08-22 07:03:27,367 | INFO  | OMAudit | user=jenkins1000 | ip=127.0.0.1 | op=ALLOCATE_BLOCK {volume=vol-0-14906, bucket=bucket-0-53153, key=key-0-33222, dataSize=0, replicationType=null, replicationFactor=null, keyLocationInfo=null, clientID=102659352017764754} | ret=SUCCESS |  
2019-08-22 07:03:27,367 | INFO  | DNAudit | user=null | ip=null | op=PUT_BLOCK {blockData=[blockId=conID: 2 locID: 102659352642978285 bcsId: 0,size=4194304]} | ret=SUCCESS |  
2019-08-22 07:03:27,373 | INFO  | DNAudit | user=null | ip=null | op=WRITE_CHUNK {blockData=conID: 3 locID: 102659352648679918 bcsId: 0} | ret=SUCCESS |  
2019-08-22 07:03:27,377 | INFO  | DNAudit | user=null | ip=null | op=WRITE_CHUNK {blockData=conID: 3 locID: 102659352648679918 bcsId: 0} | ret=SUCCESS |  
2019-08-22 07:03:27,378 | INFO  | DNAudit | user=null | ip=null | op=WRITE_CHUNK {blockData=conID: 3 locID: 102659352648679918 bcsId: 0} | ret=SUCCESS |  
2019-08-22 07:03:27,378 | INFO  | DNAudit | user=null | ip=null | op=WRITE_CHUNK {blockData=conID: 3 locID: 102659352648679918 bcsId: 0} | ret=SUCCESS |  
2019-08-22 07:03:27,380 | INFO  | DNAudit | user=null | ip=null | op=WRITE_CHUNK {blockData=conID: 3 locID: 102659352648679918 bcsId: 0} | ret=SUCCESS |  
2019-08-22 07:03:27,381 | INFO  | DNAudit | user=null | ip=null | op=PUT_BLOCK {blockData=[blockId=conID: 3 locID: 102659352648679918 bcsId: 0,size=1048576]} | ret=SUCCESS |  
2019-08-22 07:03:27,381 [grpc-default-executor-5] INFO  client.GrpcClientProtocolClient (GrpcClientProtocolClient.java:onNext(255)) - client-CF63D631FA17->3cf1264f-5f6b-4138-aeee-2ff7d4522ead: receive RaftClientReply:client-CF63D631FA17->3cf1264f-5f6b-4138-aeee-2ff7d4522ead@group-561E16522154, cid=1499, SUCCESS, logIndex=2146, commits[3cf1264f-5f6b-4138-aeee-2ff7d4522ead:c2147, 4f0d1a15-8f14-4d9a-ad4f-8211e1245b5d:c2143, 6999f20e-c3f7-4db4-87ca-141c476f2a88:c2145]
2019-08-22 07:03:27,381 | INFO  | DNAudit | user=null | ip=null | op=WRITE_CHUNK {blockData=conID: 3 locID: 102659352648679918 bcsId: 0} | ret=SUCCESS |  
2019-08-22 07:03:27,382 | INFO  | DNAudit | user=null | ip=null | op=WRITE_CHUNK {blockData=conID: 3 locID: 102659352648679918 bcsId: 0} | ret=SUCCESS |  
2019-08-22 07:03:27,382 [grpc-default-executor-5] INFO  client.GrpcClientProtocolClient (GrpcClientProtocolClient.java:onNext(255)) - client-CF63D631FA17->3cf1264f-5f6b-4138-aeee-2ff7d4522ead: receive RaftClientReply:client-CF63D631FA17->3cf1264f-5f6b-4138-aeee-2ff7d4522ead@group-561E16522154, cid=1500, SUCCESS, logIndex=2147, commits[3cf1264f-5f6b-4138-aeee-2ff7d4522ead:c2147, 4f0d1a15-8f14-4d9a-ad4f-8211e1245b5d:c2145, 6999f20e-c3f7-4db4-87ca-141c476f2a88:c2145]
2019-08-22 07:03:27,383 | INFO  | DNAudit | user=null | ip=null | op=WRITE_CHUNK {blockData=conID: 3 locID: 102659352648679918 bcsId: 0} | ret=SUCCESS |  
2019-08-22 07:03:27,383 | INFO  | DNAudit | user=null | ip=null | op=WRITE_CHUNK {blockData=conID: 3 locID: 102659352648679918 bcsId: 0} | ret=SUCCESS |  
2019-08-22 07:03:27,383 | INFO  | DNAudit | user=null | ip=null | op=PUT_BLOCK {blockData=[blockId=conID: 3 locID: 102659352648679918 bcsId: 0,size=1048576]} | ret=SUCCESS |  
2019-08-22 07:03:27,383 | INFO  | DNAudit | user=null | ip=null | op=PUT_BLOCK {blockData=[blockId=conID: 3 locID: 102659352648679918 bcsId: 0,size=2097152]} | ret=SUCCESS |  
2019-08-22 07:03:27,384 [grpc-default-executor-5] INFO  client.GrpcClientProtocolClient (GrpcClientProtocolClient.java:onNext(255)) - client-CF63D631FA17->3cf1264f-5f6b-4138-aeee-2ff7d4522ead: receive RaftClientReply:client-CF63D631FA17->3cf1264f-5f6b-4138-aeee-2ff7d4522ead@group-561E16522154, cid=1501, SUCCESS, logIndex=2148, commits[3cf1264f-5f6b-4138-aeee-2ff7d4522ead:c2151, 4f0d1a15-8f14-4d9a-ad4f-8211e1245b5d:c2147, 6999f20e-c3f7-4db4-87ca-141c476f2a88:c2145]
2019-08-22 07:03:27,384 | INFO  | DNAudit | user=null | ip=null | op=WRITE_CHUNK {blockData=conID: 3 locID: 102659352648679918 bcsId: 0} | ret=SUCCESS |  
2019-08-22 07:03:27,384 [grpc-default-executor-5] INFO  client.GrpcClientProtocolClient (GrpcClientProtocolClient.java:onNext(255)) - client-CF63D631FA17->3cf1264f-5f6b-4138-aeee-2ff7d4522ead: receive RaftClientReply:client-CF63D631FA17->3cf1264f-5f6b-4138-aeee-2ff7d4522ead@group-561E16522154, cid=1502, SUCCESS, logIndex=2149, commits[3cf1264f-5f6b-4138-aeee-2ff7d4522ead:c2151, 4f0d1a15-8f14-4d9a-ad4f-8211e1245b5d:c2147, 6999f20e-c3f7-4db4-87ca-141c476f2a88:c2145]
2019-08-22 07:03:27,384 | INFO  | DNAudit | user=null | ip=null | op=PUT_BLOCK {blockData=[blockId=conID: 3 locID: 102659352648679918 bcsId: 0,size=1048576]} | ret=SUCCESS |  
2019-08-22 07:03:27,385 [grpc-default-executor-5] INFO  client.GrpcClientProtocolClient (GrpcClientProtocolClient.java:onNext(255)) - client-CF63D631FA17->3cf1264f-5f6b-4138-aeee-2ff7d4522ead: receive RaftClientReply:client-CF63D631FA17->3cf1264f-5f6b-4138-aeee-2ff7d4522ead@group-561E16522154, cid=1503, SUCCESS, logIndex=0, commits[3cf1264f-5f6b-4138-aeee-2ff7d4522ead:c2151, 4f0d1a15-8f14-4d9a-ad4f-8211e1245b5d:c2147, 6999f20e-c3f7-4db4-87ca-141c476f2a88:c2147]
2019-08-22 07:03:27,386 | INFO  | DNAudit | user=null | ip=null | op=WRITE_CHUNK {blockData=conID: 3 locID: 102659352648679918 bcsId: 0} | ret=SUCCESS |  
2019-08-22 07:03:27,386 | INFO  | DNAudit | user=null | ip=null | op=PUT_BLOCK {blockData=[blockId=conID: 3 locID: 102659352648679918 bcsId: 0,size=2097152]} | ret=SUCCESS |  
2019-08-22 07:03:27,388 | INFO  | DNAudit | user=null | ip=null | op=WRITE_CHUNK {blockData=conID: 3 locID: 102659352648679918 bcsId: 0} | ret=SUCCESS |  
2019-08-22 07:03:27,388 | INFO  | DNAudit | user=null | ip=null | op=PUT_BLOCK {blockData=[blockId=conID: 3 locID: 102659352648679918 bcsId: 0,size=2097152]} | ret=SUCCESS |  
2019-08-22 07:03:27,392 | INFO  | DNAudit | user=null | ip=null | op=WRITE_CHUNK {blockData=conID: 3 locID: 102659352648679918 bcsId: 2149} | ret=SUCCESS |  
2019-08-22 07:03:27,394 | INFO  | DNAudit | user=null | ip=null | op=WRITE_CHUNK {blockData=conID: 3 locID: 102659352648679918 bcsId: 2149} | ret=SUCCESS |  
2019-08-22 07:03:27,395 | INFO  | DNAudit | user=null | ip=null | op=WRITE_CHUNK {blockData=conID: 3 locID: 102659352648679918 bcsId: 2149} | ret=SUCCESS |  
2019-08-22 07:03:27,397 | INFO  | DNAudit | user=null | ip=null | op=WRITE_CHUNK {blockData=conID: 3 locID: 102659352648679918 bcsId: 2149} | ret=SUCCESS |  
2019-08-22 07:03:27,397 | INFO  | DNAudit | user=null | ip=null | op=PUT_BLOCK {blockData=[blockId=conID: 3 locID: 102659352648679918 bcsId: 0,size=3145728]} | ret=SUCCESS |  
2019-08-22 07:03:27,397 [grpc-default-executor-3] INFO  client.GrpcClientProtocolClient (GrpcClientProtocolClient.java:onNext(255)) - client-CF63D631FA17->3cf1264f-5f6b-4138-aeee-2ff7d4522ead: receive RaftClientReply:client-CF63D631FA17->3cf1264f-5f6b-4138-aeee-2ff7d4522ead@group-561E16522154, cid=1504, SUCCESS, logIndex=2154, commits[3cf1264f-5f6b-4138-aeee-2ff7d4522ead:c2155, 4f0d1a15-8f14-4d9a-ad4f-8211e1245b5d:c2149, 6999f20e-c3f7-4db4-87ca-141c476f2a88:c2153]
2019-08-22 07:03:27,398 [grpc-default-executor-3] INFO  client.GrpcClientProtocolClient (GrpcClientProtocolClient.java:onNext(255)) - client-CF63D631FA17->3cf1264f-5f6b-4138-aeee-2ff7d4522ead: receive RaftClientReply:client-CF63D631FA17->3cf1264f-5f6b-4138-aeee-2ff7d4522ead@group-561E16522154, cid=1505, SUCCESS, logIndex=2155, commits[3cf1264f-5f6b-4138-aeee-2ff7d4522ead:c2155, 4f0d1a15-8f14-4d9a-ad4f-8211e1245b5d:c2153, 6999f20e-c3f7-4db4-87ca-141c476f2a88:c2153]
2019-08-22 07:03:27,399 | INFO  | DNAudit | user=null | ip=null | op=WRITE_CHUNK {blockData=conID: 3 locID: 102659352648679918 bcsId: 2149} | ret=SUCCESS |  
2019-08-22 07:03:27,399 | INFO  | DNAudit | user=null | ip=null | op=WRITE_CHUNK {blockData=conID: 3 locID: 102659352648679918 bcsId: 2149} | ret=SUCCESS |  
2019-08-22 07:03:27,400 | INFO  | DNAudit | user=null | ip=null | op=PUT_BLOCK {blockData=[blockId=conID: 3 locID: 102659352648679918 bcsId: 0,size=3145728]} | ret=SUCCESS |  
2019-08-22 07:03:27,401 | INFO  | DNAudit | user=null | ip=null | op=PUT_BLOCK {blockData=[blockId=conID: 3 locID: 102659352648679918 bcsId: 0,size=3145728]} | ret=SUCCESS |  
2019-08-22 07:03:27,404 | INFO  | DNAudit | user=null | ip=null | op=WRITE_CHUNK {blockData=conID: 3 locID: 102659352648679918 bcsId: 2155} | ret=SUCCESS |  
2019-08-22 07:03:27,407 | INFO  | DNAudit | user=null | ip=null | op=WRITE_CHUNK {blockData=conID: 3 locID: 102659352648679918 bcsId: 2155} | ret=SUCCESS |  
2019-08-22 07:03:27,407 | INFO  | DNAudit | user=null | ip=null | op=WRITE_CHUNK {blockData=conID: 3 locID: 102659352648679918 bcsId: 2155} | ret=SUCCESS |  
2019-08-22 07:03:27,409 | INFO  | DNAudit | user=null | ip=null | op=WRITE_CHUNK {blockData=conID: 3 locID: 102659352648679918 bcsId: 2155} | ret=SUCCESS |  
2019-08-22 07:03:27,410 | INFO  | DNAudit | user=null | ip=null | op=PUT_BLOCK {blockData=[blockId=conID: 3 locID: 102659352648679918 bcsId: 0,size=4194304]} | ret=SUCCESS |  
2019-08-22 07:03:27,410 [grpc-default-executor-3] INFO  client.GrpcClientProtocolClient (GrpcClientProtocolClient.java:onNext(255)) - client-CF63D631FA17->3cf1264f-5f6b-4138-aeee-2ff7d4522ead: receive RaftClientReply:client-CF63D631FA17->3cf1264f-5f6b-4138-aeee-2ff7d4522ead@group-561E16522154, cid=1506, SUCCESS, logIndex=2158, commits[3cf1264f-5f6b-4138-aeee-2ff7d4522ead:c2159, 4f0d1a15-8f14-4d9a-ad4f-8211e1245b5d:c2157, 6999f20e-c3f7-4db4-87ca-141c476f2a88:c2157]
2019-08-22 07:03:27,410 [grpc-default-executor-3] INFO  client.GrpcClientProtocolClient (GrpcClientProtocolClient.java:onNext(255)) - client-CF63D631FA17->3cf1264f-5f6b-4138-aeee-2ff7d4522ead: receive RaftClientReply:client-CF63D631FA17->3cf1264f-5f6b-4138-aeee-2ff7d4522ead@group-561E16522154, cid=1507, SUCCESS, logIndex=2159, commits[3cf1264f-5f6b-4138-aeee-2ff7d4522ead:c2159, 4f0d1a15-8f14-4d9a-ad4f-8211e1245b5d:c2157, 6999f20e-c3f7-4db4-87ca-141c476f2a88:c2157]
2019-08-22 07:03:27,411 | INFO  | DNAudit | user=null | ip=null | op=WRITE_CHUNK {blockData=conID: 3 locID: 102659352648679918 bcsId: 2155} | ret=SUCCESS |  
2019-08-22 07:03:27,411 | INFO  | DNAudit | user=null | ip=null | op=WRITE_CHUNK {blockData=conID: 3 locID: 102659352648679918 bcsId: 2155} | ret=SUCCESS |  
2019-08-22 07:03:27,411 | INFO  | DNAudit | user=null | ip=null | op=PUT_BLOCK {blockData=[blockId=conID: 3 locID: 102659352648679918 bcsId: 0,size=4194304]} | ret=SUCCESS |  
2019-08-22 07:03:27,411 | INFO  | DNAudit | user=null | ip=null | op=PUT_BLOCK {blockData=[blockId=conID: 3 locID: 102659352648679918 bcsId: 0,size=4194304]} | ret=SUCCESS |  
2019-08-22 07:03:27,411 [grpc-default-executor-3] INFO  client.GrpcClientProtocolClient (GrpcClientProtocolClient.java:onNext(255)) - client-CF63D631FA17->3cf1264f-5f6b-4138-aeee-2ff7d4522ead: receive RaftClientReply:client-CF63D631FA17->3cf1264f-5f6b-4138-aeee-2ff7d4522ead@group-561E16522154, cid=1508, SUCCESS, logIndex=0, commits[3cf1264f-5f6b-4138-aeee-2ff7d4522ead:c2160, 4f0d1a15-8f14-4d9a-ad4f-8211e1245b5d:c2159, 6999f20e-c3f7-4db4-87ca-141c476f2a88:c2159]
2019-08-22 07:03:27,416 | INFO  | SCMAudit | user=jenkins1000 | ip=192.168.34.31 | op=ALLOCATE_BLOCK {owner=04b6d46a-98e2-41b1-9f38-1870289993ea, size=4194304, type=RATIS, factor=THREE} | ret=SUCCESS |  
2019-08-22 07:03:27,419 | INFO  | OMAudit | user=jenkins1000 | ip=127.0.0.1 | op=ALLOCATE_BLOCK {volume=vol-0-14906, bucket=bucket-0-53153, key=key-0-33222, dataSize=0, replicationType=null, replicationFactor=null, keyLocationInfo=null, clientID=102659352017764754} | ret=SUCCESS |  
2019-08-22 07:03:27,425 | INFO  | DNAudit | user=null | ip=null | op=WRITE_CHUNK {blockData=conID: 1 locID: 102659352652415471 bcsId: 0} | ret=SUCCESS |  
2019-08-22 07:03:27,430 | INFO  | DNAudit | user=null | ip=null | op=WRITE_CHUNK {blockData=conID: 1 locID: 102659352652415471 bcsId: 0} | ret=SUCCESS |  
2019-08-22 07:03:27,430 | INFO  | DNAudit | user=null | ip=null | op=WRITE_CHUNK {blockData=conID: 1 locID: 102659352652415471 bcsId: 0} | ret=SUCCESS |  
2019-08-22 07:03:27,430 | INFO  | DNAudit | user=null | ip=null | op=WRITE_CHUNK {blockData=conID: 1 locID: 102659352652415471 bcsId: 0} | ret=SUCCESS |  
2019-08-22 07:03:27,431 | INFO  | DNAudit | user=null | ip=null | op=WRITE_CHUNK {blockData=conID: 1 locID: 102659352652415471 bcsId: 0} | ret=SUCCESS |  
2019-08-22 07:03:27,432 | INFO  | DNAudit | user=null | ip=null | op=WRITE_CHUNK {blockData=conID: 1 locID: 102659352652415471 bcsId: 0} | ret=SUCCESS |  
2019-08-22 07:03:27,432 | INFO  | DNAudit | user=null | ip=null | op=WRITE_CHUNK {blockData=conID: 1 locID: 102659352652415471 bcsId: 0} | ret=SUCCESS |  
2019-08-22 07:03:27,433 | INFO  | DNAudit | user=null | ip=null | op=PUT_BLOCK {blockData=[blockId=conID: 1 locID: 102659352652415471 bcsId: 0,size=1048576]} | ret=SUCCESS |  
2019-08-22 07:03:27,433 [grpc-default-executor-1] INFO  client.GrpcClientProtocolClient (GrpcClientProtocolClient.java:onNext(255)) - client-CF63D631FA17->3cf1264f-5f6b-4138-aeee-2ff7d4522ead: receive RaftClientReply:client-CF63D631FA17->3cf1264f-5f6b-4138-aeee-2ff7d4522ead@group-561E16522154, cid=1509, SUCCESS, logIndex=2161, commits[3cf1264f-5f6b-4138-aeee-2ff7d4522ead:c2162, 4f0d1a15-8f14-4d9a-ad4f-8211e1245b5d:c2159, 6999f20e-c3f7-4db4-87ca-141c476f2a88:c2160]
2019-08-22 07:03:27,434 | INFO  | DNAudit | user=null | ip=null | op=WRITE_CHUNK {blockData=conID: 1 locID: 102659352652415471 bcsId: 0} | ret=SUCCESS |  
2019-08-22 07:03:27,434 [grpc-default-executor-0] INFO  client.GrpcClientProtocolClient (GrpcClientProtocolClient.java:onNext(255)) - client-CF63D631FA17->3cf1264f-5f6b-4138-aeee-2ff7d4522ead: receive RaftClientReply:client-CF63D631FA17->3cf1264f-5f6b-4138-aeee-2ff7d4522ead@group-561E16522154, cid=1510, SUCCESS, logIndex=2162, commits[3cf1264f-5f6b-4138-aeee-2ff7d4522ead:c2162, 4f0d1a15-8f14-4d9a-ad4f-8211e1245b5d:c2159, 6999f20e-c3f7-4db4-87ca-141c476f2a88:c2160]
2019-08-22 07:03:27,434 | INFO  | DNAudit | user=null | ip=null | op=PUT_BLOCK {blockData=[blockId=conID: 1 locID: 102659352652415471 bcsId: 0,size=2097152]} | ret=SUCCESS |  
2019-08-22 07:03:27,434 [grpc-default-executor-0] INFO  client.GrpcClientProtocolClient (GrpcClientProtocolClient.java:onNext(255)) - client-CF63D631FA17->3cf1264f-5f6b-4138-aeee-2ff7d4522ead: receive RaftClientReply:client-CF63D631FA17->3cf1264f-5f6b-4138-aeee-2ff7d4522ead@group-561E16522154, cid=1511, SUCCESS, logIndex=2163, commits[3cf1264f-5f6b-4138-aeee-2ff7d4522ead:c2163, 4f0d1a15-8f14-4d9a-ad4f-8211e1245b5d:c2160, 6999f20e-c3f7-4db4-87ca-141c476f2a88:c2160]
2019-08-22 07:03:27,435 [grpc-default-executor-0] INFO  client.GrpcClientProtocolClient (GrpcClientProtocolClient.java:onNext(255)) - client-CF63D631FA17->3cf1264f-5f6b-4138-aeee-2ff7d4522ead: receive RaftClientReply:client-CF63D631FA17->3cf1264f-5f6b-4138-aeee-2ff7d4522ead@group-561E16522154, cid=1512, SUCCESS, logIndex=2164, commits[3cf1264f-5f6b-4138-aeee-2ff7d4522ead:c2164, 4f0d1a15-8f14-4d9a-ad4f-8211e1245b5d:c2160, 6999f20e-c3f7-4db4-87ca-141c476f2a88:c2160]
2019-08-22 07:03:27,435 | INFO  | DNAudit | user=null | ip=null | op=WRITE_CHUNK {blockData=conID: 1 locID: 102659352652415471 bcsId: 0} | ret=SUCCESS |  
2019-08-22 07:03:27,435 | INFO  | DNAudit | user=null | ip=null | op=WRITE_CHUNK {blockData=conID: 1 locID: 102659352652415471 bcsId: 0} | ret=SUCCESS |  
2019-08-22 07:03:27,435 | INFO  | DNAudit | user=null | ip=null | op=PUT_BLOCK {blockData=[blockId=conID: 1 locID: 102659352652415471 bcsId: 0,size=1048576]} | ret=SUCCESS |  
2019-08-22 07:03:27,436 | INFO  | DNAudit | user=null | ip=null | op=PUT_BLOCK {blockData=[blockId=conID: 1 locID: 102659352652415471 bcsId: 0,size=1048576]} | ret=SUCCESS |  
2019-08-22 07:03:27,436 [grpc-default-executor-1] INFO  client.GrpcClientProtocolClient (GrpcClientProtocolClient.java:onNext(255)) - client-CF63D631FA17->3cf1264f-5f6b-4138-aeee-2ff7d4522ead: receive RaftClientReply:client-CF63D631FA17->3cf1264f-5f6b-4138-aeee-2ff7d4522ead@group-561E16522154, cid=1513, SUCCESS, logIndex=0, commits[3cf1264f-5f6b-4138-aeee-2ff7d4522ead:c2165, 4f0d1a15-8f14-4d9a-ad4f-8211e1245b5d:c2162, 6999f20e-c3f7-4db4-87ca-141c476f2a88:c2162]
2019-08-22 07:03:27,436 | INFO  | DNAudit | user=null | ip=null | op=WRITE_CHUNK {blockData=conID: 1 locID: 102659352652415471 bcsId: 0} | ret=SUCCESS |  
2019-08-22 07:03:27,436 | INFO  | DNAudit | user=null | ip=null | op=PUT_BLOCK {blockData=[blockId=conID: 1 locID: 102659352652415471 bcsId: 0,size=2097152]} | ret=SUCCESS |  
2019-08-22 07:03:27,437 | INFO  | DNAudit | user=null | ip=null | op=WRITE_CHUNK {blockData=conID: 1 locID: 102659352652415471 bcsId: 0} | ret=SUCCESS |  
2019-08-22 07:03:27,437 | INFO  | DNAudit | user=null | ip=null | op=PUT_BLOCK {blockData=[blockId=conID: 1 locID: 102659352652415471 bcsId: 0,size=2097152]} | ret=SUCCESS |  
2019-08-22 07:03:27,442 | INFO  | DNAudit | user=null | ip=null | op=WRITE_CHUNK {blockData=conID: 1 locID: 102659352652415471 bcsId: 2164} | ret=SUCCESS |  
2019-08-22 07:03:27,445 | INFO  | DNAudit | user=null | ip=null | op=WRITE_CHUNK {blockData=conID: 1 locID: 102659352652415471 bcsId: 2164} | ret=SUCCESS |  
2019-08-22 07:03:27,445 | INFO  | DNAudit | user=null | ip=null | op=WRITE_CHUNK {blockData=conID: 1 locID: 102659352652415471 bcsId: 2164} | ret=SUCCESS |  
2019-08-22 07:03:27,457 | INFO  | DNAudit | user=null | ip=null | op=WRITE_CHUNK {blockData=conID: 1 locID: 102659352652415471 bcsId: 2164} | ret=SUCCESS |  
2019-08-22 07:03:27,458 | INFO  | DNAudit | user=null | ip=null | op=PUT_BLOCK {blockData=[blockId=conID: 1 locID: 102659352652415471 bcsId: 0,size=3145728]} | ret=SUCCESS |  
2019-08-22 07:03:27,458 [grpc-default-executor-0] INFO  client.GrpcClientProtocolClient (GrpcClientProtocolClient.java:onNext(255)) - client-CF63D631FA17->3cf1264f-5f6b-4138-aeee-2ff7d4522ead: receive RaftClientReply:client-CF63D631FA17->3cf1264f-5f6b-4138-aeee-2ff7d4522ead@group-561E16522154, cid=1514, SUCCESS, logIndex=2169, commits[3cf1264f-5f6b-4138-aeee-2ff7d4522ead:c2170, 4f0d1a15-8f14-4d9a-ad4f-8211e1245b5d:c2168, 6999f20e-c3f7-4db4-87ca-141c476f2a88:c2168]
2019-08-22 07:03:27,458 [grpc-default-executor-0] INFO  client.GrpcClientProtocolClient (GrpcClientProtocolClient.java:onNext(255)) - client-CF63D631FA17->3cf1264f-5f6b-4138-aeee-2ff7d4522ead: receive RaftClientReply:client-CF63D631FA17->3cf1264f-5f6b-4138-aeee-2ff7d4522ead@group-561E16522154, cid=1515, SUCCESS, logIndex=2170, commits[3cf1264f-5f6b-4138-aeee-2ff7d4522ead:c2170, 4f0d1a15-8f14-4d9a-ad4f-8211e1245b5d:c2168, 6999f20e-c3f7-4db4-87ca-141c476f2a88:c2168]
2019-08-22 07:03:27,464 | INFO  | DNAudit | user=null | ip=null | op=WRITE_CHUNK {blockData=conID: 1 locID: 102659352652415471 bcsId: 2170} | ret=SUCCESS |  
2019-08-22 07:03:27,466 | INFO  | DNAudit | user=null | ip=null | op=WRITE_CHUNK {blockData=conID: 1 locID: 102659352652415471 bcsId: 2170} | ret=SUCCESS |  
2019-08-22 07:03:27,467 | INFO  | DNAudit | user=null | ip=null | op=WRITE_CHUNK {blockData=conID: 1 locID: 102659352652415471 bcsId: 2170} | ret=SUCCESS |  
2019-08-22 07:03:27,469 | INFO  | DNAudit | user=null | ip=null | op=WRITE_CHUNK {blockData=conID: 1 locID: 102659352652415471 bcsId: 2164} | ret=SUCCESS |  
2019-08-22 07:03:27,469 | INFO  | DNAudit | user=null | ip=null | op=WRITE_CHUNK {blockData=conID: 1 locID: 102659352652415471 bcsId: 2164} | ret=SUCCESS |  
2019-08-22 07:03:27,469 | INFO  | DNAudit | user=null | ip=null | op=PUT_BLOCK {blockData=[blockId=conID: 1 locID: 102659352652415471 bcsId: 0,size=3145728]} | ret=SUCCESS |  
2019-08-22 07:03:27,469 | INFO  | DNAudit | user=null | ip=null | op=PUT_BLOCK {blockData=[blockId=conID: 1 locID: 102659352652415471 bcsId: 0,size=3145728]} | ret=SUCCESS |  
2019-08-22 07:03:27,471 | INFO  | DNAudit | user=null | ip=null | op=WRITE_CHUNK {blockData=conID: 1 locID: 102659352652415471 bcsId: 2170} | ret=SUCCESS |  
2019-08-22 07:03:27,471 | INFO  | DNAudit | user=null | ip=null | op=PUT_BLOCK {blockData=[blockId=conID: 1 locID: 102659352652415471 bcsId: 0,size=4194304]} | ret=SUCCESS |  
2019-08-22 07:03:27,471 [grpc-default-executor-3] INFO  client.GrpcClientProtocolClient (GrpcClientProtocolClient.java:onNext(255)) - client-CF63D631FA17->3cf1264f-5f6b-4138-aeee-2ff7d4522ead: receive RaftClientReply:client-CF63D631FA17->3cf1264f-5f6b-4138-aeee-2ff7d4522ead@group-561E16522154, cid=1516, SUCCESS, logIndex=2173, commits[3cf1264f-5f6b-4138-aeee-2ff7d4522ead:c2174, 4f0d1a15-8f14-4d9a-ad4f-8211e1245b5d:c2170, 6999f20e-c3f7-4db4-87ca-141c476f2a88:c2170]
2019-08-22 07:03:27,472 [grpc-default-executor-3] INFO  client.GrpcClientProtocolClient (GrpcClientProtocolClient.java:onNext(255)) - client-CF63D631FA17->3cf1264f-5f6b-4138-aeee-2ff7d4522ead: receive RaftClientReply:client-CF63D631FA17->3cf1264f-5f6b-4138-aeee-2ff7d4522ead@group-561E16522154, cid=1517, SUCCESS, logIndex=2174, commits[3cf1264f-5f6b-4138-aeee-2ff7d4522ead:c2174, 4f0d1a15-8f14-4d9a-ad4f-8211e1245b5d:c2170, 6999f20e-c3f7-4db4-87ca-141c476f2a88:c2170]
2019-08-22 07:03:27,482 | INFO  | DNAudit | user=null | ip=null | op=WRITE_CHUNK {blockData=conID: 1 locID: 102659352652415471 bcsId: 2170} | ret=SUCCESS |  
2019-08-22 07:03:27,482 | INFO  | DNAudit | user=null | ip=null | op=WRITE_CHUNK {blockData=conID: 1 locID: 102659352652415471 bcsId: 2170} | ret=SUCCESS |  
2019-08-22 07:03:27,485 | INFO  | DNAudit | user=null | ip=null | op=PUT_BLOCK {blockData=[blockId=conID: 1 locID: 102659352652415471 bcsId: 0,size=4194304]} | ret=SUCCESS |  
2019-08-22 07:03:27,485 | INFO  | DNAudit | user=null | ip=null | op=PUT_BLOCK {blockData=[blockId=conID: 1 locID: 102659352652415471 bcsId: 0,size=4194304]} | ret=SUCCESS |  
2019-08-22 07:03:27,485 [grpc-default-executor-3] INFO  client.GrpcClientProtocolClient (GrpcClientProtocolClient.java:onNext(255)) - client-CF63D631FA17->3cf1264f-5f6b-4138-aeee-2ff7d4522ead: receive RaftClientReply:client-CF63D631FA17->3cf1264f-5f6b-4138-aeee-2ff7d4522ead@group-561E16522154, cid=1518, SUCCESS, logIndex=0, commits[3cf1264f-5f6b-4138-aeee-2ff7d4522ead:c2176, 4f0d1a15-8f14-4d9a-ad4f-8211e1245b5d:c2174, 6999f20e-c3f7-4db4-87ca-141c476f2a88:c2174]
2019-08-22 07:03:27,490 | INFO  | SCMAudit | user=jenkins1000 | ip=192.168.34.31 | op=ALLOCATE_BLOCK {owner=04b6d46a-98e2-41b1-9f38-1870289993ea, size=4194304, type=RATIS, factor=THREE} | ret=SUCCESS |  
2019-08-22 07:03:27,493 | INFO  | OMAudit | user=jenkins1000 | ip=127.0.0.1 | op=ALLOCATE_BLOCK {volume=vol-0-14906, bucket=bucket-0-53153, key=key-0-33222, dataSize=0, replicationType=null, replicationFactor=null, keyLocationInfo=null, clientID=102659352017764754} | ret=SUCCESS |  
2019-08-22 07:03:27,501 | INFO  | DNAudit | user=null | ip=null | op=WRITE_CHUNK {blockData=conID: 2 locID: 102659352657265136 bcsId: 0} | ret=SUCCESS |  
2019-08-22 07:03:27,502 | INFO  | DNAudit | user=null | ip=null | op=WRITE_CHUNK {blockData=conID: 2 locID: 102659352657265136 bcsId: 0} | ret=SUCCESS |  
2019-08-22 07:03:27,505 | INFO  | DNAudit | user=null | ip=null | op=WRITE_CHUNK {blockData=conID: 2 locID: 102659352657265136 bcsId: 0} | ret=SUCCESS |  
2019-08-22 07:03:27,506 | INFO  | DNAudit | user=null | ip=null | op=WRITE_CHUNK {blockData=conID: 2 locID: 102659352657265136 bcsId: 0} | ret=SUCCESS |  
2019-08-22 07:03:27,508 | INFO  | DNAudit | user=null | ip=null | op=WRITE_CHUNK {blockData=conID: 2 locID: 102659352657265136 bcsId: 0} | ret=SUCCESS |  
2019-08-22 07:03:27,509 | INFO  | DNAudit | user=null | ip=null | op=WRITE_CHUNK {blockData=conID: 2 locID: 102659352657265136 bcsId: 0} | ret=SUCCESS |  
2019-08-22 07:03:27,515 | INFO  | DNAudit | user=null | ip=null | op=WRITE_CHUNK {blockData=conID: 2 locID: 102659352657265136 bcsId: 0} | ret=SUCCESS |  
2019-08-22 07:03:27,516 | INFO  | DNAudit | user=null | ip=null | op=PUT_BLOCK {blockData=[blockId=conID: 2 locID: 102659352657265136 bcsId: 0,size=1048576]} | ret=SUCCESS |  
2019-08-22 07:03:27,516 | INFO  | DNAudit | user=null | ip=null | op=WRITE_CHUNK {blockData=conID: 2 locID: 102659352657265136 bcsId: 0} | ret=SUCCESS |  
2019-08-22 07:03:27,516 [grpc-default-executor-1] INFO  client.GrpcClientProtocolClient (GrpcClientProtocolClient.java:onNext(255)) - client-CF63D631FA17->3cf1264f-5f6b-4138-aeee-2ff7d4522ead: receive RaftClientReply:client-CF63D631FA17->3cf1264f-5f6b-4138-aeee-2ff7d4522ead@group-561E16522154, cid=1519, SUCCESS, logIndex=2177, commits[3cf1264f-5f6b-4138-aeee-2ff7d4522ead:c2180, 4f0d1a15-8f14-4d9a-ad4f-8211e1245b5d:c2176, 6999f20e-c3f7-4db4-87ca-141c476f2a88:c2176]
2019-08-22 07:03:27,516 | INFO  | DNAudit | user=null | ip=null | op=PUT_BLOCK {blockData=[blockId=conID: 2 locID: 102659352657265136 bcsId: 0,size=2097152]} | ret=SUCCESS |  
2019-08-22 07:03:27,517 [grpc-default-executor-1] INFO  client.GrpcClientProtocolClient (GrpcClientProtocolClient.java:onNext(255)) - client-CF63D631FA17->3cf1264f-5f6b-4138-aeee-2ff7d4522ead: receive RaftClientReply:client-CF63D631FA17->3cf1264f-5f6b-4138-aeee-2ff7d4522ead@group-561E16522154, cid=1520, SUCCESS, logIndex=2178, commits[3cf1264f-5f6b-4138-aeee-2ff7d4522ead:c2180, 4f0d1a15-8f14-4d9a-ad4f-8211e1245b5d:c2176, 6999f20e-c3f7-4db4-87ca-141c476f2a88:c2176]
2019-08-22 07:03:27,517 [grpc-default-executor-1] INFO  client.GrpcClientProtocolClient (GrpcClientProtocolClient.java:onNext(255)) - client-CF63D631FA17->3cf1264f-5f6b-4138-aeee-2ff7d4522ead: receive RaftClientReply:client-CF63D631FA17->3cf1264f-5f6b-4138-aeee-2ff7d4522ead@group-561E16522154, cid=1521, SUCCESS, logIndex=2179, commits[3cf1264f-5f6b-4138-aeee-2ff7d4522ead:c2180, 4f0d1a15-8f14-4d9a-ad4f-8211e1245b5d:c2176, 6999f20e-c3f7-4db4-87ca-141c476f2a88:c2176]
2019-08-22 07:03:27,517 [grpc-default-executor-1] INFO  client.GrpcClientProtocolClient (GrpcClientProtocolClient.java:onNext(255)) - client-CF63D631FA17->3cf1264f-5f6b-4138-aeee-2ff7d4522ead: receive RaftClientReply:client-CF63D631FA17->3cf1264f-5f6b-4138-aeee-2ff7d4522ead@group-561E16522154, cid=1522, SUCCESS, logIndex=2180, commits[3cf1264f-5f6b-4138-aeee-2ff7d4522ead:c2180, 4f0d1a15-8f14-4d9a-ad4f-8211e1245b5d:c2176, 6999f20e-c3f7-4db4-87ca-141c476f2a88:c2176]
2019-08-22 07:03:27,521 | INFO  | SCMAudit | user=jenkins1000 | ip=192.168.34.31 | op=SEND_HEARTBEAT {datanodeUUID=f789f48f-f3d7-45ec-9bba-6a89e2bdcc9c, command=[]} | ret=SUCCESS |  
2019-08-22 07:03:27,526 | INFO  | DNAudit | user=null | ip=null | op=WRITE_CHUNK {blockData=conID: 2 locID: 102659352657265136 bcsId: 0} | ret=SUCCESS |  
2019-08-22 07:03:27,526 | INFO  | DNAudit | user=null | ip=null | op=WRITE_CHUNK {blockData=conID: 2 locID: 102659352657265136 bcsId: 0} | ret=SUCCESS |  
2019-08-22 07:03:27,527 | INFO  | DNAudit | user=null | ip=null | op=PUT_BLOCK {blockData=[blockId=conID: 2 locID: 102659352657265136 bcsId: 0,size=1048576]} | ret=SUCCESS |  
2019-08-22 07:03:27,527 | INFO  | DNAudit | user=null | ip=null | op=WRITE_CHUNK {blockData=conID: 2 locID: 102659352657265136 bcsId: 0} | ret=SUCCESS |  
2019-08-22 07:03:27,527 | INFO  | DNAudit | user=null | ip=null | op=PUT_BLOCK {blockData=[blockId=conID: 2 locID: 102659352657265136 bcsId: 0,size=2097152]} | ret=SUCCESS |  
2019-08-22 07:03:27,529 | INFO  | DNAudit | user=null | ip=null | op=PUT_BLOCK {blockData=[blockId=conID: 2 locID: 102659352657265136 bcsId: 0,size=1048576]} | ret=SUCCESS |  
2019-08-22 07:03:27,529 | INFO  | DNAudit | user=null | ip=null | op=WRITE_CHUNK {blockData=conID: 2 locID: 102659352657265136 bcsId: 0} | ret=SUCCESS |  
2019-08-22 07:03:27,529 | INFO  | DNAudit | user=null | ip=null | op=PUT_BLOCK {blockData=[blockId=conID: 2 locID: 102659352657265136 bcsId: 0,size=2097152]} | ret=SUCCESS |  
2019-08-22 07:03:27,529 [grpc-default-executor-1] INFO  client.GrpcClientProtocolClient (GrpcClientProtocolClient.java:onNext(255)) - client-CF63D631FA17->3cf1264f-5f6b-4138-aeee-2ff7d4522ead: receive RaftClientReply:client-CF63D631FA17->3cf1264f-5f6b-4138-aeee-2ff7d4522ead@group-561E16522154, cid=1523, SUCCESS, logIndex=0, commits[3cf1264f-5f6b-4138-aeee-2ff7d4522ead:c2184, 4f0d1a15-8f14-4d9a-ad4f-8211e1245b5d:c2178, 6999f20e-c3f7-4db4-87ca-141c476f2a88:c2180]
2019-08-22 07:03:27,536 | INFO  | DNAudit | user=null | ip=null | op=WRITE_CHUNK {blockData=conID: 2 locID: 102659352657265136 bcsId: 2180} | ret=SUCCESS |  
2019-08-22 07:03:27,539 | INFO  | DNAudit | user=null | ip=null | op=WRITE_CHUNK {blockData=conID: 2 locID: 102659352657265136 bcsId: 2180} | ret=SUCCESS |  
2019-08-22 07:03:27,539 | INFO  | DNAudit | user=null | ip=null | op=WRITE_CHUNK {blockData=conID: 2 locID: 102659352657265136 bcsId: 2180} | ret=SUCCESS |  
2019-08-22 07:03:27,548 | INFO  | DNAudit | user=null | ip=null | op=WRITE_CHUNK {blockData=conID: 2 locID: 102659352657265136 bcsId: 2180} | ret=SUCCESS |  
2019-08-22 07:03:27,549 | INFO  | DNAudit | user=null | ip=null | op=PUT_BLOCK {blockData=[blockId=conID: 2 locID: 102659352657265136 bcsId: 0,size=3145728]} | ret=SUCCESS |  
2019-08-22 07:03:27,549 [grpc-default-executor-3] INFO  client.GrpcClientProtocolClient (GrpcClientProtocolClient.java:onNext(255)) - client-CF63D631FA17->3cf1264f-5f6b-4138-aeee-2ff7d4522ead: receive RaftClientReply:client-CF63D631FA17->3cf1264f-5f6b-4138-aeee-2ff7d4522ead@group-561E16522154, cid=1524, SUCCESS, logIndex=2185, commits[3cf1264f-5f6b-4138-aeee-2ff7d4522ead:c2185, 4f0d1a15-8f14-4d9a-ad4f-8211e1245b5d:c2184, 6999f20e-c3f7-4db4-87ca-141c476f2a88:c2184]
2019-08-22 07:03:27,549 [grpc-default-executor-3] INFO  client.GrpcClientProtocolClient (GrpcClientProtocolClient.java:onNext(255)) - client-CF63D631FA17->3cf1264f-5f6b-4138-aeee-2ff7d4522ead: receive RaftClientReply:client-CF63D631FA17->3cf1264f-5f6b-4138-aeee-2ff7d4522ead@group-561E16522154, cid=1525, SUCCESS, logIndex=2186, commits[3cf1264f-5f6b-4138-aeee-2ff7d4522ead:c2186, 4f0d1a15-8f14-4d9a-ad4f-8211e1245b5d:c2184, 6999f20e-c3f7-4db4-87ca-141c476f2a88:c2184]
2019-08-22 07:03:27,556 | INFO  | DNAudit | user=null | ip=null | op=WRITE_CHUNK {blockData=conID: 2 locID: 102659352657265136 bcsId: 2186} | ret=SUCCESS |  
2019-08-22 07:03:27,559 | INFO  | DNAudit | user=null | ip=null | op=WRITE_CHUNK {blockData=conID: 2 locID: 102659352657265136 bcsId: 2186} | ret=SUCCESS |  
2019-08-22 07:03:27,559 | INFO  | DNAudit | user=null | ip=null | op=WRITE_CHUNK {blockData=conID: 2 locID: 102659352657265136 bcsId: 2186} | ret=SUCCESS |  
2019-08-22 07:03:27,560 | INFO  | DNAudit | user=null | ip=null | op=WRITE_CHUNK {blockData=conID: 2 locID: 102659352657265136 bcsId: 2180} | ret=SUCCESS |  
2019-08-22 07:03:27,560 | INFO  | DNAudit | user=null | ip=null | op=WRITE_CHUNK {blockData=conID: 2 locID: 102659352657265136 bcsId: 2180} | ret=SUCCESS |  
2019-08-22 07:03:27,562 | INFO  | DNAudit | user=null | ip=null | op=PUT_BLOCK {blockData=[blockId=conID: 2 locID: 102659352657265136 bcsId: 0,size=3145728]} | ret=SUCCESS |  
2019-08-22 07:03:27,563 | INFO  | DNAudit | user=null | ip=null | op=WRITE_CHUNK {blockData=conID: 2 locID: 102659352657265136 bcsId: 2186} | ret=SUCCESS |  
2019-08-22 07:03:27,563 | INFO  | DNAudit | user=null | ip=null | op=PUT_BLOCK {blockData=[blockId=conID: 2 locID: 102659352657265136 bcsId: 0,size=3145728]} | ret=SUCCESS |  
2019-08-22 07:03:27,563 | INFO  | DNAudit | user=null | ip=null | op=PUT_BLOCK {blockData=[blockId=conID: 2 locID: 102659352657265136 bcsId: 0,size=4194304]} | ret=SUCCESS |  
2019-08-22 07:03:27,563 [grpc-default-executor-3] INFO  client.GrpcClientProtocolClient (GrpcClientProtocolClient.java:onNext(255)) - client-CF63D631FA17->3cf1264f-5f6b-4138-aeee-2ff7d4522ead: receive RaftClientReply:client-CF63D631FA17->3cf1264f-5f6b-4138-aeee-2ff7d4522ead@group-561E16522154, cid=1526, SUCCESS, logIndex=2189, commits[3cf1264f-5f6b-4138-aeee-2ff7d4522ead:c2190, 4f0d1a15-8f14-4d9a-ad4f-8211e1245b5d:c2186, 6999f20e-c3f7-4db4-87ca-141c476f2a88:c2186]
2019-08-22 07:03:27,564 [grpc-default-executor-3] INFO  client.GrpcClientProtocolClient (GrpcClientProtocolClient.java:onNext(255)) - client-CF63D631FA17->3cf1264f-5f6b-4138-aeee-2ff7d4522ead: receive RaftClientReply:client-CF63D631FA17->3cf1264f-5f6b-4138-aeee-2ff7d4522ead@group-561E16522154, cid=1527, SUCCESS, logIndex=2190, commits[3cf1264f-5f6b-4138-aeee-2ff7d4522ead:c2190, 4f0d1a15-8f14-4d9a-ad4f-8211e1245b5d:c2186, 6999f20e-c3f7-4db4-87ca-141c476f2a88:c2186]
2019-08-22 07:03:27,574 | INFO  | DNAudit | user=null | ip=null | op=WRITE_CHUNK {blockData=conID: 2 locID: 102659352657265136 bcsId: 2186} | ret=SUCCESS |  
2019-08-22 07:03:27,574 | INFO  | DNAudit | user=null | ip=null | op=WRITE_CHUNK {blockData=conID: 2 locID: 102659352657265136 bcsId: 2186} | ret=SUCCESS |  
2019-08-22 07:03:27,575 | INFO  | DNAudit | user=null | ip=null | op=PUT_BLOCK {blockData=[blockId=conID: 2 locID: 102659352657265136 bcsId: 0,size=4194304]} | ret=SUCCESS |  
2019-08-22 07:03:27,575 | INFO  | DNAudit | user=null | ip=null | op=PUT_BLOCK {blockData=[blockId=conID: 2 locID: 102659352657265136 bcsId: 0,size=4194304]} | ret=SUCCESS |  
2019-08-22 07:03:27,575 [grpc-default-executor-0] INFO  client.GrpcClientProtocolClient (GrpcClientProtocolClient.java:onNext(255)) - client-CF63D631FA17->3cf1264f-5f6b-4138-aeee-2ff7d4522ead: receive RaftClientReply:client-CF63D631FA17->3cf1264f-5f6b-4138-aeee-2ff7d4522ead@group-561E16522154, cid=1528, SUCCESS, logIndex=0, commits[3cf1264f-5f6b-4138-aeee-2ff7d4522ead:c2191, 4f0d1a15-8f14-4d9a-ad4f-8211e1245b5d:c2190, 6999f20e-c3f7-4db4-87ca-141c476f2a88:c2190]
2019-08-22 07:03:27,579 | INFO  | SCMAudit | user=jenkins1000 | ip=192.168.34.31 | op=ALLOCATE_BLOCK {owner=04b6d46a-98e2-41b1-9f38-1870289993ea, size=4194304, type=RATIS, factor=THREE} | ret=SUCCESS |  
2019-08-22 07:03:27,582 | INFO  | OMAudit | user=jenkins1000 | ip=127.0.0.1 | op=ALLOCATE_BLOCK {volume=vol-0-14906, bucket=bucket-0-53153, key=key-0-33222, dataSize=0, replicationType=null, replicationFactor=null, keyLocationInfo=null, clientID=102659352017764754} | ret=SUCCESS |  
2019-08-22 07:03:27,583 | INFO  | SCMAudit | user=jenkins1000 | ip=192.168.34.31 | op=SEND_HEARTBEAT {datanodeUUID=6ab6b5dd-7582-43bd-ad39-1af51ca14a47, command=[]} | ret=SUCCESS |  
2019-08-22 07:03:27,589 | INFO  | DNAudit | user=null | ip=null | op=WRITE_CHUNK {blockData=conID: 3 locID: 102659352663097841 bcsId: 0} | ret=SUCCESS |  
2019-08-22 07:03:27,593 | INFO  | DNAudit | user=null | ip=null | op=WRITE_CHUNK {blockData=conID: 3 locID: 102659352663097841 bcsId: 0} | ret=SUCCESS |  
2019-08-22 07:03:27,593 | INFO  | DNAudit | user=null | ip=null | op=WRITE_CHUNK {blockData=conID: 3 locID: 102659352663097841 bcsId: 0} | ret=SUCCESS |  
2019-08-22 07:03:27,594 | INFO  | DNAudit | user=null | ip=null | op=WRITE_CHUNK {blockData=conID: 3 locID: 102659352663097841 bcsId: 0} | ret=SUCCESS |  
2019-08-22 07:03:27,595 | INFO  | DNAudit | user=null | ip=null | op=WRITE_CHUNK {blockData=conID: 3 locID: 102659352663097841 bcsId: 0} | ret=SUCCESS |  
2019-08-22 07:03:27,596 | INFO  | DNAudit | user=null | ip=null | op=WRITE_CHUNK {blockData=conID: 3 locID: 102659352663097841 bcsId: 0} | ret=SUCCESS |  
2019-08-22 07:03:27,603 | INFO  | DNAudit | user=null | ip=null | op=WRITE_CHUNK {blockData=conID: 3 locID: 102659352663097841 bcsId: 0} | ret=SUCCESS |  
2019-08-22 07:03:27,605 | INFO  | DNAudit | user=null | ip=null | op=PUT_BLOCK {blockData=[blockId=conID: 3 locID: 102659352663097841 bcsId: 0,size=1048576]} | ret=SUCCESS |  
2019-08-22 07:03:27,605 [grpc-default-executor-1] INFO  client.GrpcClientProtocolClient (GrpcClientProtocolClient.java:onNext(255)) - client-CF63D631FA17->3cf1264f-5f6b-4138-aeee-2ff7d4522ead: receive RaftClientReply:client-CF63D631FA17->3cf1264f-5f6b-4138-aeee-2ff7d4522ead@group-561E16522154, cid=1529, SUCCESS, logIndex=2193, commits[3cf1264f-5f6b-4138-aeee-2ff7d4522ead:c2194, 4f0d1a15-8f14-4d9a-ad4f-8211e1245b5d:c2192, 6999f20e-c3f7-4db4-87ca-141c476f2a88:c2192]
2019-08-22 07:03:27,605 | INFO  | DNAudit | user=null | ip=null | op=WRITE_CHUNK {blockData=conID: 3 locID: 102659352663097841 bcsId: 0} | ret=SUCCESS |  
2019-08-22 07:03:27,605 | INFO  | DNAudit | user=null | ip=null | op=PUT_BLOCK {blockData=[blockId=conID: 3 locID: 102659352663097841 bcsId: 0,size=2097152]} | ret=SUCCESS |  
2019-08-22 07:03:27,606 | INFO  | DNAudit | user=null | ip=null | op=WRITE_CHUNK {blockData=conID: 3 locID: 102659352663097841 bcsId: 0} | ret=SUCCESS |  
2019-08-22 07:03:27,605 [grpc-default-executor-1] INFO  client.GrpcClientProtocolClient (GrpcClientProtocolClient.java:onNext(255)) - client-CF63D631FA17->3cf1264f-5f6b-4138-aeee-2ff7d4522ead: receive RaftClientReply:client-CF63D631FA17->3cf1264f-5f6b-4138-aeee-2ff7d4522ead@group-561E16522154, cid=1530, SUCCESS, logIndex=2194, commits[3cf1264f-5f6b-4138-aeee-2ff7d4522ead:c2195, 4f0d1a15-8f14-4d9a-ad4f-8211e1245b5d:c2192, 6999f20e-c3f7-4db4-87ca-141c476f2a88:c2192]
2019-08-22 07:03:27,606 [grpc-default-executor-1] INFO  client.GrpcClientProtocolClient (GrpcClientProtocolClient.java:onNext(255)) - client-CF63D631FA17->3cf1264f-5f6b-4138-aeee-2ff7d4522ead: receive RaftClientReply:client-CF63D631FA17->3cf1264f-5f6b-4138-aeee-2ff7d4522ead@group-561E16522154, cid=1531, SUCCESS, logIndex=2195, commits[3cf1264f-5f6b-4138-aeee-2ff7d4522ead:c2196, 4f0d1a15-8f14-4d9a-ad4f-8211e1245b5d:c2192, 6999f20e-c3f7-4db4-87ca-141c476f2a88:c2192]
2019-08-22 07:03:27,606 | INFO  | DNAudit | user=null | ip=null | op=PUT_BLOCK {blockData=[blockId=conID: 3 locID: 102659352663097841 bcsId: 0,size=1048576]} | ret=SUCCESS |  
2019-08-22 07:03:27,606 [grpc-default-executor-0] INFO  client.GrpcClientProtocolClient (GrpcClientProtocolClient.java:onNext(255)) - client-CF63D631FA17->3cf1264f-5f6b-4138-aeee-2ff7d4522ead: receive RaftClientReply:client-CF63D631FA17->3cf1264f-5f6b-4138-aeee-2ff7d4522ead@group-561E16522154, cid=1532, SUCCESS, logIndex=2196, commits[3cf1264f-5f6b-4138-aeee-2ff7d4522ead:c2196, 4f0d1a15-8f14-4d9a-ad4f-8211e1245b5d:c2192, 6999f20e-c3f7-4db4-87ca-141c476f2a88:c2192]
2019-08-22 07:03:27,608 | INFO  | DNAudit | user=null | ip=null | op=WRITE_CHUNK {blockData=conID: 3 locID: 102659352663097841 bcsId: 0} | ret=SUCCESS |  
2019-08-22 07:03:27,608 | INFO  | DNAudit | user=null | ip=null | op=PUT_BLOCK {blockData=[blockId=conID: 3 locID: 102659352663097841 bcsId: 0,size=1048576]} | ret=SUCCESS |  
2019-08-22 07:03:27,608 [grpc-default-executor-0] INFO  client.GrpcClientProtocolClient (GrpcClientProtocolClient.java:onNext(255)) - client-CF63D631FA17->3cf1264f-5f6b-4138-aeee-2ff7d4522ead: receive RaftClientReply:client-CF63D631FA17->3cf1264f-5f6b-4138-aeee-2ff7d4522ead@group-561E16522154, cid=1533, SUCCESS, logIndex=0, commits[3cf1264f-5f6b-4138-aeee-2ff7d4522ead:c2198, 4f0d1a15-8f14-4d9a-ad4f-8211e1245b5d:c2194, 6999f20e-c3f7-4db4-87ca-141c476f2a88:c2194]
2019-08-22 07:03:27,615 | INFO  | DNAudit | user=null | ip=null | op=WRITE_CHUNK {blockData=conID: 3 locID: 102659352663097841 bcsId: 2196} | ret=SUCCESS |  
2019-08-22 07:03:27,618 | INFO  | DNAudit | user=null | ip=null | op=WRITE_CHUNK {blockData=conID: 3 locID: 102659352663097841 bcsId: 2196} | ret=SUCCESS |  
2019-08-22 07:03:27,618 | INFO  | DNAudit | user=null | ip=null | op=WRITE_CHUNK {blockData=conID: 3 locID: 102659352663097841 bcsId: 2196} | ret=SUCCESS |  
2019-08-22 07:03:27,618 | INFO  | DNAudit | user=null | ip=null | op=WRITE_CHUNK {blockData=conID: 3 locID: 102659352663097841 bcsId: 0} | ret=SUCCESS |  
2019-08-22 07:03:27,619 | INFO  | DNAudit | user=null | ip=null | op=WRITE_CHUNK {blockData=conID: 3 locID: 102659352663097841 bcsId: 0} | ret=SUCCESS |  
2019-08-22 07:03:27,619 | INFO  | DNAudit | user=null | ip=null | op=PUT_BLOCK {blockData=[blockId=conID: 3 locID: 102659352663097841 bcsId: 0,size=2097152]} | ret=SUCCESS |  
2019-08-22 07:03:27,619 | INFO  | DNAudit | user=null | ip=null | op=PUT_BLOCK {blockData=[blockId=conID: 3 locID: 102659352663097841 bcsId: 0,size=2097152]} | ret=SUCCESS |  
2019-08-22 07:03:27,620 | INFO  | DNAudit | user=null | ip=null | op=WRITE_CHUNK {blockData=conID: 3 locID: 102659352663097841 bcsId: 2196} | ret=SUCCESS |  
2019-08-22 07:03:27,620 | INFO  | DNAudit | user=null | ip=null | op=PUT_BLOCK {blockData=[blockId=conID: 3 locID: 102659352663097841 bcsId: 0,size=3145728]} | ret=SUCCESS |  
2019-08-22 07:03:27,620 [grpc-default-executor-0] INFO  client.GrpcClientProtocolClient (GrpcClientProtocolClient.java:onNext(255)) - client-CF63D631FA17->3cf1264f-5f6b-4138-aeee-2ff7d4522ead: receive RaftClientReply:client-CF63D631FA17->3cf1264f-5f6b-4138-aeee-2ff7d4522ead@group-561E16522154, cid=1534, SUCCESS, logIndex=2201, commits[3cf1264f-5f6b-4138-aeee-2ff7d4522ead:c2202, 4f0d1a15-8f14-4d9a-ad4f-8211e1245b5d:c2196, 6999f20e-c3f7-4db4-87ca-141c476f2a88:c2198]
2019-08-22 07:03:27,621 [grpc-default-executor-0] INFO  client.GrpcClientProtocolClient (GrpcClientProtocolClient.java:onNext(255)) - client-CF63D631FA17->3cf1264f-5f6b-4138-aeee-2ff7d4522ead: receive RaftClientReply:client-CF63D631FA17->3cf1264f-5f6b-4138-aeee-2ff7d4522ead@group-561E16522154, cid=1535, SUCCESS, logIndex=2202, commits[3cf1264f-5f6b-4138-aeee-2ff7d4522ead:c2202, 4f0d1a15-8f14-4d9a-ad4f-8211e1245b5d:c2198, 6999f20e-c3f7-4db4-87ca-141c476f2a88:c2198]
2019-08-22 07:03:27,621 | INFO  | DNAudit | user=null | ip=null | op=WRITE_CHUNK {blockData=conID: 3 locID: 102659352663097841 bcsId: 2196} | ret=SUCCESS |  
2019-08-22 07:03:27,621 | INFO  | DNAudit | user=null | ip=null | op=WRITE_CHUNK {blockData=conID: 3 locID: 102659352663097841 bcsId: 2196} | ret=SUCCESS |  
2019-08-22 07:03:27,621 | INFO  | DNAudit | user=null | ip=null | op=PUT_BLOCK {blockData=[blockId=conID: 3 locID: 102659352663097841 bcsId: 0,size=3145728]} | ret=SUCCESS |  
2019-08-22 07:03:27,622 | INFO  | DNAudit | user=null | ip=null | op=PUT_BLOCK {blockData=[blockId=conID: 3 locID: 102659352663097841 bcsId: 0,size=3145728]} | ret=SUCCESS |  
2019-08-22 07:03:27,628 | INFO  | DNAudit | user=null | ip=null | op=WRITE_CHUNK {blockData=conID: 3 locID: 102659352663097841 bcsId: 2202} | ret=SUCCESS |  
2019-08-22 07:03:27,630 | INFO  | DNAudit | user=null | ip=null | op=WRITE_CHUNK {blockData=conID: 3 locID: 102659352663097841 bcsId: 2202} | ret=SUCCESS |  
2019-08-22 07:03:27,631 | INFO  | DNAudit | user=null | ip=null | op=WRITE_CHUNK {blockData=conID: 3 locID: 102659352663097841 bcsId: 2202} | ret=SUCCESS |  
2019-08-22 07:03:27,642 | INFO  | DNAudit | user=null | ip=null | op=WRITE_CHUNK {blockData=conID: 3 locID: 102659352663097841 bcsId: 2202} | ret=SUCCESS |  
2019-08-22 07:03:27,642 | INFO  | DNAudit | user=null | ip=null | op=PUT_BLOCK {blockData=[blockId=conID: 3 locID: 102659352663097841 bcsId: 0,size=4194304]} | ret=SUCCESS |  
2019-08-22 07:03:27,642 [grpc-default-executor-1] INFO  client.GrpcClientProtocolClient (GrpcClientProtocolClient.java:onNext(255)) - client-CF63D631FA17->3cf1264f-5f6b-4138-aeee-2ff7d4522ead: receive RaftClientReply:client-CF63D631FA17->3cf1264f-5f6b-4138-aeee-2ff7d4522ead@group-561E16522154, cid=1536, SUCCESS, logIndex=2205, commits[3cf1264f-5f6b-4138-aeee-2ff7d4522ead:c2206, 4f0d1a15-8f14-4d9a-ad4f-8211e1245b5d:c2204, 6999f20e-c3f7-4db4-87ca-141c476f2a88:c2204]
2019-08-22 07:03:27,643 [grpc-default-executor-1] INFO  client.GrpcClientProtocolClient (GrpcClientProtocolClient.java:onNext(255)) - client-CF63D631FA17->3cf1264f-5f6b-4138-aeee-2ff7d4522ead: receive RaftClientReply:client-CF63D631FA17->3cf1264f-5f6b-4138-aeee-2ff7d4522ead@group-561E16522154, cid=1537, SUCCESS, logIndex=2206, commits[3cf1264f-5f6b-4138-aeee-2ff7d4522ead:c2206, 4f0d1a15-8f14-4d9a-ad4f-8211e1245b5d:c2204, 6999f20e-c3f7-4db4-87ca-141c476f2a88:c2204]
2019-08-22 07:03:27,653 | INFO  | DNAudit | user=null | ip=null | op=WRITE_CHUNK {blockData=conID: 3 locID: 102659352663097841 bcsId: 2202} | ret=SUCCESS |  
2019-08-22 07:03:27,653 | INFO  | DNAudit | user=null | ip=null | op=WRITE_CHUNK {blockData=conID: 3 locID: 102659352663097841 bcsId: 2202} | ret=SUCCESS |  
2019-08-22 07:03:27,656 | INFO  | DNAudit | user=null | ip=null | op=PUT_BLOCK {blockData=[blockId=conID: 3 locID: 102659352663097841 bcsId: 0,size=4194304]} | ret=SUCCESS |  
2019-08-22 07:03:27,656 | INFO  | DNAudit | user=null | ip=null | op=PUT_BLOCK {blockData=[blockId=conID: 3 locID: 102659352663097841 bcsId: 0,size=4194304]} | ret=SUCCESS |  
2019-08-22 07:03:27,656 [grpc-default-executor-1] INFO  client.GrpcClientProtocolClient (GrpcClientProtocolClient.java:onNext(255)) - client-CF63D631FA17->3cf1264f-5f6b-4138-aeee-2ff7d4522ead: receive RaftClientReply:client-CF63D631FA17->3cf1264f-5f6b-4138-aeee-2ff7d4522ead@group-561E16522154, cid=1538, SUCCESS, logIndex=0, commits[3cf1264f-5f6b-4138-aeee-2ff7d4522ead:c2208, 4f0d1a15-8f14-4d9a-ad4f-8211e1245b5d:c2206, 6999f20e-c3f7-4db4-87ca-141c476f2a88:c2206]
2019-08-22 07:03:27,662 | INFO  | SCMAudit | user=jenkins1000 | ip=192.168.34.31 | op=ALLOCATE_BLOCK {owner=04b6d46a-98e2-41b1-9f38-1870289993ea, size=4194304, type=RATIS, factor=THREE} | ret=SUCCESS |  
2019-08-22 07:03:27,666 | INFO  | OMAudit | user=jenkins1000 | ip=127.0.0.1 | op=ALLOCATE_BLOCK {volume=vol-0-14906, bucket=bucket-0-53153, key=key-0-33222, dataSize=0, replicationType=null, replicationFactor=null, keyLocationInfo=null, clientID=102659352017764754} | ret=SUCCESS |  
2019-08-22 07:03:27,673 | INFO  | DNAudit | user=null | ip=null | op=WRITE_CHUNK {blockData=conID: 1 locID: 102659352668537330 bcsId: 0} | ret=SUCCESS |  
2019-08-22 07:03:27,675 | INFO  | DNAudit | user=null | ip=null | op=WRITE_CHUNK {blockData=conID: 1 locID: 102659352668537330 bcsId: 0} | ret=SUCCESS |  
2019-08-22 07:03:27,676 | INFO  | DNAudit | user=null | ip=null | op=WRITE_CHUNK {blockData=conID: 1 locID: 102659352668537330 bcsId: 0} | ret=SUCCESS |  
2019-08-22 07:03:27,677 | INFO  | DNAudit | user=null | ip=null | op=WRITE_CHUNK {blockData=conID: 1 locID: 102659352668537330 bcsId: 0} | ret=SUCCESS |  
2019-08-22 07:03:27,680 | INFO  | DNAudit | user=null | ip=null | op=WRITE_CHUNK {blockData=conID: 1 locID: 102659352668537330 bcsId: 0} | ret=SUCCESS |  
2019-08-22 07:03:27,680 | INFO  | DNAudit | user=null | ip=null | op=WRITE_CHUNK {blockData=conID: 1 locID: 102659352668537330 bcsId: 0} | ret=SUCCESS |  
2019-08-22 07:03:27,689 | INFO  | DNAudit | user=null | ip=null | op=WRITE_CHUNK {blockData=conID: 1 locID: 102659352668537330 bcsId: 0} | ret=SUCCESS |  
2019-08-22 07:03:27,690 | INFO  | DNAudit | user=null | ip=null | op=PUT_BLOCK {blockData=[blockId=conID: 1 locID: 102659352668537330 bcsId: 0,size=1048576]} | ret=SUCCESS |  
2019-08-22 07:03:27,690 [grpc-default-executor-1] INFO  client.GrpcClientProtocolClient (GrpcClientProtocolClient.java:onNext(255)) - client-CF63D631FA17->3cf1264f-5f6b-4138-aeee-2ff7d4522ead: receive RaftClientReply:client-CF63D631FA17->3cf1264f-5f6b-4138-aeee-2ff7d4522ead@group-561E16522154, cid=1539, SUCCESS, logIndex=2209, commits[3cf1264f-5f6b-4138-aeee-2ff7d4522ead:c2210, 4f0d1a15-8f14-4d9a-ad4f-8211e1245b5d:c2208, 6999f20e-c3f7-4db4-87ca-141c476f2a88:c2208]
2019-08-22 07:03:27,691 [grpc-default-executor-1] INFO  client.GrpcClientProtocolClient (GrpcClientProtocolClient.java:onNext(255)) - client-CF63D631FA17->3cf1264f-5f6b-4138-aeee-2ff7d4522ead: receive RaftClientReply:client-CF63D631FA17->3cf1264f-5f6b-4138-aeee-2ff7d4522ead@group-561E16522154, cid=1540, SUCCESS, logIndex=2210, commits[3cf1264f-5f6b-4138-aeee-2ff7d4522ead:c2210, 4f0d1a15-8f14-4d9a-ad4f-8211e1245b5d:c2208, 6999f20e-c3f7-4db4-87ca-141c476f2a88:c2208]
2019-08-22 07:03:27,712 | INFO  | DNAudit | user=null | ip=null | op=WRITE_CHUNK {blockData=conID: 1 locID: 102659352668537330 bcsId: 0} | ret=SUCCESS |  
2019-08-22 07:03:27,713 | INFO  | DNAudit | user=null | ip=null | op=WRITE_CHUNK {blockData=conID: 1 locID: 102659352668537330 bcsId: 0} | ret=SUCCESS |  
2019-08-22 07:03:27,713 | INFO  | DNAudit | user=null | ip=null | op=PUT_BLOCK {blockData=[blockId=conID: 1 locID: 102659352668537330 bcsId: 0,size=2097152]} | ret=SUCCESS |  
2019-08-22 07:03:27,713 | INFO  | DNAudit | user=null | ip=null | op=PUT_BLOCK {blockData=[blockId=conID: 1 locID: 102659352668537330 bcsId: 0,size=1048576]} | ret=SUCCESS |  
2019-08-22 07:03:27,713 [grpc-default-executor-0] INFO  client.GrpcClientProtocolClient (GrpcClientProtocolClient.java:onNext(255)) - client-CF63D631FA17->3cf1264f-5f6b-4138-aeee-2ff7d4522ead: receive RaftClientReply:client-CF63D631FA17->3cf1264f-5f6b-4138-aeee-2ff7d4522ead@group-561E16522154, cid=1541, SUCCESS, logIndex=2211, commits[3cf1264f-5f6b-4138-aeee-2ff7d4522ead:c2212, 4f0d1a15-8f14-4d9a-ad4f-8211e1245b5d:c2208, 6999f20e-c3f7-4db4-87ca-141c476f2a88:c2208]
2019-08-22 07:03:27,713 [grpc-default-executor-0] INFO  client.GrpcClientProtocolClient (GrpcClientProtocolClient.java:onNext(255)) - client-CF63D631FA17->3cf1264f-5f6b-4138-aeee-2ff7d4522ead: receive RaftClientReply:client-CF63D631FA17->3cf1264f-5f6b-4138-aeee-2ff7d4522ead@group-561E16522154, cid=1542, SUCCESS, logIndex=2212, commits[3cf1264f-5f6b-4138-aeee-2ff7d4522ead:c2213, 4f0d1a15-8f14-4d9a-ad4f-8211e1245b5d:c2208, 6999f20e-c3f7-4db4-87ca-141c476f2a88:c2209]
2019-08-22 07:03:27,714 | INFO  | DNAudit | user=null | ip=null | op=WRITE_CHUNK {blockData=conID: 1 locID: 102659352668537330 bcsId: 0} | ret=SUCCESS |  
2019-08-22 07:03:27,714 | INFO  | DNAudit | user=null | ip=null | op=PUT_BLOCK {blockData=[blockId=conID: 1 locID: 102659352668537330 bcsId: 0,size=1048576]} | ret=SUCCESS |  
2019-08-22 07:03:27,714 | INFO  | DNAudit | user=null | ip=null | op=WRITE_CHUNK {blockData=conID: 1 locID: 102659352668537330 bcsId: 0} | ret=SUCCESS |  
2019-08-22 07:03:27,714 | INFO  | DNAudit | user=null | ip=null | op=PUT_BLOCK {blockData=[blockId=conID: 1 locID: 102659352668537330 bcsId: 0,size=2097152]} | ret=SUCCESS |  
2019-08-22 07:03:27,715 [grpc-default-executor-5] INFO  client.GrpcClientProtocolClient (GrpcClientProtocolClient.java:onNext(255)) - client-CF63D631FA17->3cf1264f-5f6b-4138-aeee-2ff7d4522ead: receive RaftClientReply:client-CF63D631FA17->3cf1264f-5f6b-4138-aeee-2ff7d4522ead@group-561E16522154, cid=1543, SUCCESS, logIndex=0, commits[3cf1264f-5f6b-4138-aeee-2ff7d4522ead:c2214, 4f0d1a15-8f14-4d9a-ad4f-8211e1245b5d:c2210, 6999f20e-c3f7-4db4-87ca-141c476f2a88:c2210]
2019-08-22 07:03:27,716 | INFO  | DNAudit | user=null | ip=null | op=WRITE_CHUNK {blockData=conID: 1 locID: 102659352668537330 bcsId: 0} | ret=SUCCESS |  
2019-08-22 07:03:27,717 | INFO  | DNAudit | user=null | ip=null | op=PUT_BLOCK {blockData=[blockId=conID: 1 locID: 102659352668537330 bcsId: 0,size=2097152]} | ret=SUCCESS |  
2019-08-22 07:03:27,722 | INFO  | DNAudit | user=null | ip=null | op=WRITE_CHUNK {blockData=conID: 1 locID: 102659352668537330 bcsId: 2212} | ret=SUCCESS |  
2019-08-22 07:03:27,726 | INFO  | DNAudit | user=null | ip=null | op=WRITE_CHUNK {blockData=conID: 1 locID: 102659352668537330 bcsId: 2212} | ret=SUCCESS |  
2019-08-22 07:03:27,727 | INFO  | DNAudit | user=null | ip=null | op=WRITE_CHUNK {blockData=conID: 1 locID: 102659352668537330 bcsId: 2212} | ret=SUCCESS |  
2019-08-22 07:03:27,736 | INFO  | DNAudit | user=null | ip=null | op=WRITE_CHUNK {blockData=conID: 1 locID: 102659352668537330 bcsId: 2212} | ret=SUCCESS |  
2019-08-22 07:03:27,737 | INFO  | DNAudit | user=null | ip=null | op=PUT_BLOCK {blockData=[blockId=conID: 1 locID: 102659352668537330 bcsId: 0,size=3145728]} | ret=SUCCESS |  
2019-08-22 07:03:27,737 [grpc-default-executor-0] INFO  client.GrpcClientProtocolClient (GrpcClientProtocolClient.java:onNext(255)) - client-CF63D631FA17->3cf1264f-5f6b-4138-aeee-2ff7d4522ead: receive RaftClientReply:client-CF63D631FA17->3cf1264f-5f6b-4138-aeee-2ff7d4522ead@group-561E16522154, cid=1544, SUCCESS, logIndex=2217, commits[3cf1264f-5f6b-4138-aeee-2ff7d4522ead:c2218, 4f0d1a15-8f14-4d9a-ad4f-8211e1245b5d:c2216, 6999f20e-c3f7-4db4-87ca-141c476f2a88:c2216]
2019-08-22 07:03:27,738 [grpc-default-executor-0] INFO  client.GrpcClientProtocolClient (GrpcClientProtocolClient.java:onNext(255)) - client-CF63D631FA17->3cf1264f-5f6b-4138-aeee-2ff7d4522ead: receive RaftClientReply:client-CF63D631FA17->3cf1264f-5f6b-4138-aeee-2ff7d4522ead@group-561E16522154, cid=1545, SUCCESS, logIndex=2218, commits[3cf1264f-5f6b-4138-aeee-2ff7d4522ead:c2218, 4f0d1a15-8f14-4d9a-ad4f-8211e1245b5d:c2216, 6999f20e-c3f7-4db4-87ca-141c476f2a88:c2216]
2019-08-22 07:03:27,745 | INFO  | DNAudit | user=null | ip=null | op=WRITE_CHUNK {blockData=conID: 1 locID: 102659352668537330 bcsId: 2218} | ret=SUCCESS |  
2019-08-22 07:03:27,747 | INFO  | DNAudit | user=null | ip=null | op=WRITE_CHUNK {blockData=conID: 1 locID: 102659352668537330 bcsId: 2212} | ret=SUCCESS |  
2019-08-22 07:03:27,748 | INFO  | DNAudit | user=null | ip=null | op=WRITE_CHUNK {blockData=conID: 1 locID: 102659352668537330 bcsId: 2212} | ret=SUCCESS |  
2019-08-22 07:03:27,748 | INFO  | DNAudit | user=null | ip=null | op=PUT_BLOCK {blockData=[blockId=conID: 1 locID: 102659352668537330 bcsId: 0,size=3145728]} | ret=SUCCESS |  
2019-08-22 07:03:27,748 | INFO  | DNAudit | user=null | ip=null | op=WRITE_CHUNK {blockData=conID: 1 locID: 102659352668537330 bcsId: 2218} | ret=SUCCESS |  
2019-08-22 07:03:27,749 | INFO  | DNAudit | user=null | ip=null | op=WRITE_CHUNK {blockData=conID: 1 locID: 102659352668537330 bcsId: 2218} | ret=SUCCESS |  
2019-08-22 07:03:27,761 | INFO  | DNAudit | user=null | ip=null | op=PUT_BLOCK {blockData=[blockId=conID: 1 locID: 102659352668537330 bcsId: 0,size=3145728]} | ret=SUCCESS |  
2019-08-22 07:03:27,761 | INFO  | DNAudit | user=null | ip=null | op=WRITE_CHUNK {blockData=conID: 1 locID: 102659352668537330 bcsId: 2218} | ret=SUCCESS |  
2019-08-22 07:03:27,761 | INFO  | DNAudit | user=null | ip=null | op=PUT_BLOCK {blockData=[blockId=conID: 1 locID: 102659352668537330 bcsId: 0,size=4194304]} | ret=SUCCESS |  
2019-08-22 07:03:27,762 [grpc-default-executor-1] INFO  client.GrpcClientProtocolClient (GrpcClientProtocolClient.java:onNext(255)) - client-CF63D631FA17->3cf1264f-5f6b-4138-aeee-2ff7d4522ead: receive RaftClientReply:client-CF63D631FA17->3cf1264f-5f6b-4138-aeee-2ff7d4522ead@group-561E16522154, cid=1546, SUCCESS, logIndex=2221, commits[3cf1264f-5f6b-4138-aeee-2ff7d4522ead:c2222, 4f0d1a15-8f14-4d9a-ad4f-8211e1245b5d:c2218, 6999f20e-c3f7-4db4-87ca-141c476f2a88:c2218]
2019-08-22 07:03:27,762 [grpc-default-executor-1] INFO  client.GrpcClientProtocolClient (GrpcClientProtocolClient.java:onNext(255)) - client-CF63D631FA17->3cf1264f-5f6b-4138-aeee-2ff7d4522ead: receive RaftClientReply:client-CF63D631FA17->3cf1264f-5f6b-4138-aeee-2ff7d4522ead@group-561E16522154, cid=1547, SUCCESS, logIndex=2222, commits[3cf1264f-5f6b-4138-aeee-2ff7d4522ead:c2222, 4f0d1a15-8f14-4d9a-ad4f-8211e1245b5d:c2218, 6999f20e-c3f7-4db4-87ca-141c476f2a88:c2218]
2019-08-22 07:03:27,762 | INFO  | DNAudit | user=null | ip=null | op=WRITE_CHUNK {blockData=conID: 1 locID: 102659352668537330 bcsId: 2218} | ret=SUCCESS |  
2019-08-22 07:03:27,763 | INFO  | DNAudit | user=null | ip=null | op=WRITE_CHUNK {blockData=conID: 1 locID: 102659352668537330 bcsId: 2218} | ret=SUCCESS |  
2019-08-22 07:03:27,763 | INFO  | DNAudit | user=null | ip=null | op=PUT_BLOCK {blockData=[blockId=conID: 1 locID: 102659352668537330 bcsId: 0,size=4194304]} | ret=SUCCESS |  
2019-08-22 07:03:27,763 | INFO  | DNAudit | user=null | ip=null | op=PUT_BLOCK {blockData=[blockId=conID: 1 locID: 102659352668537330 bcsId: 0,size=4194304]} | ret=SUCCESS |  
2019-08-22 07:03:27,763 [grpc-default-executor-5] INFO  client.GrpcClientProtocolClient (GrpcClientProtocolClient.java:onNext(255)) - client-CF63D631FA17->3cf1264f-5f6b-4138-aeee-2ff7d4522ead: receive RaftClientReply:client-CF63D631FA17->3cf1264f-5f6b-4138-aeee-2ff7d4522ead@group-561E16522154, cid=1548, SUCCESS, logIndex=0, commits[3cf1264f-5f6b-4138-aeee-2ff7d4522ead:c2223, 4f0d1a15-8f14-4d9a-ad4f-8211e1245b5d:c2222, 6999f20e-c3f7-4db4-87ca-141c476f2a88:c2222]
2019-08-22 07:03:27,770 | INFO  | SCMAudit | user=jenkins1000 | ip=192.168.34.31 | op=ALLOCATE_BLOCK {owner=04b6d46a-98e2-41b1-9f38-1870289993ea, size=4194304, type=RATIS, factor=THREE} | ret=SUCCESS |  
 0.00% |█                                                                                                    |  0/1 Time: 0:00:102019-08-22 07:03:27,773 | INFO  | OMAudit | user=jenkins1000 | ip=127.0.0.1 | op=ALLOCATE_BLOCK {volume=vol-0-14906, bucket=bucket-0-53153, key=key-0-33222, dataSize=0, replicationType=null, replicationFactor=null, keyLocationInfo=null, clientID=102659352017764754} | ret=SUCCESS |  
2019-08-22 07:03:27,782 | INFO  | DNAudit | user=null | ip=null | op=WRITE_CHUNK {blockData=conID: 2 locID: 102659352675615219 bcsId: 0} | ret=SUCCESS |  
2019-08-22 07:03:27,784 | INFO  | DNAudit | user=null | ip=null | op=WRITE_CHUNK {blockData=conID: 2 locID: 102659352675615219 bcsId: 0} | ret=SUCCESS |  
2019-08-22 07:03:27,785 | INFO  | DNAudit | user=null | ip=null | op=WRITE_CHUNK {blockData=conID: 2 locID: 102659352675615219 bcsId: 0} | ret=SUCCESS |  
2019-08-22 07:03:27,785 | INFO  | DNAudit | user=null | ip=null | op=WRITE_CHUNK {blockData=conID: 2 locID: 102659352675615219 bcsId: 0} | ret=SUCCESS |  
2019-08-22 07:03:27,787 | INFO  | DNAudit | user=null | ip=null | op=WRITE_CHUNK {blockData=conID: 2 locID: 102659352675615219 bcsId: 0} | ret=SUCCESS |  
2019-08-22 07:03:27,787 | INFO  | DNAudit | user=null | ip=null | op=WRITE_CHUNK {blockData=conID: 2 locID: 102659352675615219 bcsId: 0} | ret=SUCCESS |  
2019-08-22 07:03:27,926 | INFO  | SCMAudit | user=jenkins1000 | ip=192.168.34.31 | op=SEND_HEARTBEAT {datanodeUUID=4f0d1a15-8f14-4d9a-ad4f-8211e1245b5d, command=[]} | ret=SUCCESS |  
2019-08-22 07:03:27,926 | INFO  | SCMAudit | user=jenkins1000 | ip=192.168.34.31 | op=SEND_HEARTBEAT {datanodeUUID=6999f20e-c3f7-4db4-87ca-141c476f2a88, command=[]} | ret=SUCCESS |  
2019-08-22 07:03:27,926 | INFO  | DNAudit | user=null | ip=null | op=WRITE_CHUNK {blockData=conID: 2 locID: 102659352675615219 bcsId: 0} | ret=SUCCESS |  
2019-08-22 07:03:27,926 | INFO  | SCMAudit | user=jenkins1000 | ip=192.168.34.31 | op=SEND_HEARTBEAT {datanodeUUID=3cf1264f-5f6b-4138-aeee-2ff7d4522ead, command=[]} | ret=SUCCESS |  
2019-08-22 07:03:27,927 | INFO  | DNAudit | user=null | ip=null | op=PUT_BLOCK {blockData=[blockId=conID: 2 locID: 102659352675615219 bcsId: 0,size=1048576]} | ret=SUCCESS |  
2019-08-22 07:03:27,927 [grpc-default-executor-0] INFO  client.GrpcClientProtocolClient (GrpcClientProtocolClient.java:onNext(255)) - client-CF63D631FA17->3cf1264f-5f6b-4138-aeee-2ff7d4522ead: receive RaftClientReply:client-CF63D631FA17->3cf1264f-5f6b-4138-aeee-2ff7d4522ead@group-561E16522154, cid=1549, SUCCESS, logIndex=2225, commits[3cf1264f-5f6b-4138-aeee-2ff7d4522ead:c2226, 4f0d1a15-8f14-4d9a-ad4f-8211e1245b5d:c2222, 6999f20e-c3f7-4db4-87ca-141c476f2a88:c2224]
2019-08-22 07:03:27,928 | INFO  | DNAudit | user=null | ip=null | op=WRITE_CHUNK {blockData=conID: 2 locID: 102659352675615219 bcsId: 0} | ret=SUCCESS |  
2019-08-22 07:03:27,928 [grpc-default-executor-1] INFO  client.GrpcClientProtocolClient (GrpcClientProtocolClient.java:onNext(255)) - client-CF63D631FA17->3cf1264f-5f6b-4138-aeee-2ff7d4522ead: receive RaftClientReply:client-CF63D631FA17->3cf1264f-5f6b-4138-aeee-2ff7d4522ead@group-561E16522154, cid=1550, SUCCESS, logIndex=2226, commits[3cf1264f-5f6b-4138-aeee-2ff7d4522ead:c2226, 4f0d1a15-8f14-4d9a-ad4f-8211e1245b5d:c2224, 6999f20e-c3f7-4db4-87ca-141c476f2a88:c2224]
2019-08-22 07:03:27,928 | INFO  | DNAudit | user=null | ip=null | op=PUT_BLOCK {blockData=[blockId=conID: 2 locID: 102659352675615219 bcsId: 0,size=2097152]} | ret=SUCCESS |  
2019-08-22 07:03:27,929 [grpc-default-executor-1] INFO  client.GrpcClientProtocolClient (GrpcClientProtocolClient.java:onNext(255)) - client-CF63D631FA17->3cf1264f-5f6b-4138-aeee-2ff7d4522ead: receive RaftClientReply:client-CF63D631FA17->3cf1264f-5f6b-4138-aeee-2ff7d4522ead@group-561E16522154, cid=1551, SUCCESS, logIndex=2227, commits[3cf1264f-5f6b-4138-aeee-2ff7d4522ead:c2228, 4f0d1a15-8f14-4d9a-ad4f-8211e1245b5d:c2224, 6999f20e-c3f7-4db4-87ca-141c476f2a88:c2224]
2019-08-22 07:03:27,929 [grpc-default-executor-1] INFO  client.GrpcClientProtocolClient (GrpcClientProtocolClient.java:onNext(255)) - client-CF63D631FA17->3cf1264f-5f6b-4138-aeee-2ff7d4522ead: receive RaftClientReply:client-CF63D631FA17->3cf1264f-5f6b-4138-aeee-2ff7d4522ead@group-561E16522154, cid=1552, SUCCESS, logIndex=2228, commits[3cf1264f-5f6b-4138-aeee-2ff7d4522ead:c2228, 4f0d1a15-8f14-4d9a-ad4f-8211e1245b5d:c2224, 6999f20e-c3f7-4db4-87ca-141c476f2a88:c2224]
2019-08-22 07:03:27,937 | INFO  | DNAudit | user=null | ip=null | op=WRITE_CHUNK {blockData=conID: 2 locID: 102659352675615219 bcsId: 0} | ret=SUCCESS |  
2019-08-22 07:03:27,938 | INFO  | DNAudit | user=null | ip=null | op=WRITE_CHUNK {blockData=conID: 2 locID: 102659352675615219 bcsId: 0} | ret=SUCCESS |  
2019-08-22 07:03:27,938 | INFO  | DNAudit | user=null | ip=null | op=PUT_BLOCK {blockData=[blockId=conID: 2 locID: 102659352675615219 bcsId: 0,size=1048576]} | ret=SUCCESS |  
2019-08-22 07:03:27,938 | INFO  | DNAudit | user=null | ip=null | op=PUT_BLOCK {blockData=[blockId=conID: 2 locID: 102659352675615219 bcsId: 0,size=1048576]} | ret=SUCCESS |  
2019-08-22 07:03:27,939 | INFO  | DNAudit | user=null | ip=null | op=WRITE_CHUNK {blockData=conID: 2 locID: 102659352675615219 bcsId: 0} | ret=SUCCESS |  
2019-08-22 07:03:27,939 | INFO  | DNAudit | user=null | ip=null | op=WRITE_CHUNK {blockData=conID: 2 locID: 102659352675615219 bcsId: 0} | ret=SUCCESS |  
2019-08-22 07:03:27,939 | INFO  | DNAudit | user=null | ip=null | op=PUT_BLOCK {blockData=[blockId=conID: 2 locID: 102659352675615219 bcsId: 0,size=2097152]} | ret=SUCCESS |  
2019-08-22 07:03:27,939 | INFO  | DNAudit | user=null | ip=null | op=PUT_BLOCK {blockData=[blockId=conID: 2 locID: 102659352675615219 bcsId: 0,size=2097152]} | ret=SUCCESS |  
2019-08-22 07:03:27,939 [grpc-default-executor-1] INFO  client.GrpcClientProtocolClient (GrpcClientProtocolClient.java:onNext(255)) - client-CF63D631FA17->3cf1264f-5f6b-4138-aeee-2ff7d4522ead: receive RaftClientReply:client-CF63D631FA17->3cf1264f-5f6b-4138-aeee-2ff7d4522ead@group-561E16522154, cid=1553, SUCCESS, logIndex=0, commits[3cf1264f-5f6b-4138-aeee-2ff7d4522ead:c2231, 4f0d1a15-8f14-4d9a-ad4f-8211e1245b5d:c2226, 6999f20e-c3f7-4db4-87ca-141c476f2a88:c2228]
2019-08-22 07:03:27,949 | INFO  | DNAudit | user=null | ip=null | op=WRITE_CHUNK {blockData=conID: 2 locID: 102659352675615219 bcsId: 2228} | ret=SUCCESS |  
2019-08-22 07:03:27,954 | INFO  | DNAudit | user=null | ip=null | op=WRITE_CHUNK {blockData=conID: 2 locID: 102659352675615219 bcsId: 2228} | ret=SUCCESS |  
2019-08-22 07:03:27,954 | INFO  | DNAudit | user=null | ip=null | op=WRITE_CHUNK {blockData=conID: 2 locID: 102659352675615219 bcsId: 2228} | ret=SUCCESS |  
2019-08-22 07:03:27,958 | INFO  | DNAudit | user=null | ip=null | op=WRITE_CHUNK {blockData=conID: 2 locID: 102659352675615219 bcsId: 2228} | ret=SUCCESS |  
2019-08-22 07:03:27,959 | INFO  | DNAudit | user=null | ip=null | op=PUT_BLOCK {blockData=[blockId=conID: 2 locID: 102659352675615219 bcsId: 0,size=3145728]} | ret=SUCCESS |  
2019-08-22 07:03:27,959 [grpc-default-executor-1] INFO  client.GrpcClientProtocolClient (GrpcClientProtocolClient.java:onNext(255)) - client-CF63D631FA17->3cf1264f-5f6b-4138-aeee-2ff7d4522ead: receive RaftClientReply:client-CF63D631FA17->3cf1264f-5f6b-4138-aeee-2ff7d4522ead@group-561E16522154, cid=1554, SUCCESS, logIndex=2232, commits[3cf1264f-5f6b-4138-aeee-2ff7d4522ead:c2233, 4f0d1a15-8f14-4d9a-ad4f-8211e1245b5d:c2231, 6999f20e-c3f7-4db4-87ca-141c476f2a88:c2231]
2019-08-22 07:03:27,960 [grpc-default-executor-1] INFO  client.GrpcClientProtocolClient (GrpcClientProtocolClient.java:onNext(255)) - client-CF63D631FA17->3cf1264f-5f6b-4138-aeee-2ff7d4522ead: receive RaftClientReply:client-CF63D631FA17->3cf1264f-5f6b-4138-aeee-2ff7d4522ead@group-561E16522154, cid=1555, SUCCESS, logIndex=2233, commits[3cf1264f-5f6b-4138-aeee-2ff7d4522ead:c2233, 4f0d1a15-8f14-4d9a-ad4f-8211e1245b5d:c2231, 6999f20e-c3f7-4db4-87ca-141c476f2a88:c2231]
2019-08-22 07:03:27,969 | INFO  | DNAudit | user=null | ip=null | op=WRITE_CHUNK {blockData=conID: 2 locID: 102659352675615219 bcsId: 2228} | ret=SUCCESS |  
2019-08-22 07:03:27,969 | INFO  | DNAudit | user=null | ip=null | op=WRITE_CHUNK {blockData=conID: 2 locID: 102659352675615219 bcsId: 2228} | ret=SUCCESS |  
2019-08-22 07:03:27,970 | INFO  | DNAudit | user=null | ip=null | op=PUT_BLOCK {blockData=[blockId=conID: 2 locID: 102659352675615219 bcsId: 0,size=3145728]} | ret=SUCCESS |  
2019-08-22 07:03:27,970 | INFO  | DNAudit | user=null | ip=null | op=WRITE_CHUNK {blockData=conID: 2 locID: 102659352675615219 bcsId: 2233} | ret=SUCCESS |  
2019-08-22 07:03:27,970 | INFO  | DNAudit | user=null | ip=null | op=PUT_BLOCK {blockData=[blockId=conID: 2 locID: 102659352675615219 bcsId: 0,size=3145728]} | ret=SUCCESS |  
2019-08-22 07:03:27,973 | INFO  | DNAudit | user=null | ip=null | op=WRITE_CHUNK {blockData=conID: 2 locID: 102659352675615219 bcsId: 2233} | ret=SUCCESS |  
2019-08-22 07:03:27,973 | INFO  | DNAudit | user=null | ip=null | op=WRITE_CHUNK {blockData=conID: 2 locID: 102659352675615219 bcsId: 2233} | ret=SUCCESS |  
2019-08-22 07:03:27,986 | INFO  | DNAudit | user=null | ip=null | op=WRITE_CHUNK {blockData=conID: 2 locID: 102659352675615219 bcsId: 2233} | ret=SUCCESS |  
2019-08-22 07:03:27,986 | INFO  | DNAudit | user=null | ip=null | op=PUT_BLOCK {blockData=[blockId=conID: 2 locID: 102659352675615219 bcsId: 0,size=4194304]} | ret=SUCCESS |  
2019-08-22 07:03:27,987 [grpc-default-executor-5] INFO  client.GrpcClientProtocolClient (GrpcClientProtocolClient.java:onNext(255)) - client-CF63D631FA17->3cf1264f-5f6b-4138-aeee-2ff7d4522ead: receive RaftClientReply:client-CF63D631FA17->3cf1264f-5f6b-4138-aeee-2ff7d4522ead@group-561E16522154, cid=1556, SUCCESS, logIndex=2236, commits[3cf1264f-5f6b-4138-aeee-2ff7d4522ead:c2237, 4f0d1a15-8f14-4d9a-ad4f-8211e1245b5d:c2233, 6999f20e-c3f7-4db4-87ca-141c476f2a88:c2233]
2019-08-22 07:03:27,987 [grpc-default-executor-5] INFO  client.GrpcClientProtocolClient (GrpcClientProtocolClient.java:onNext(255)) - client-CF63D631FA17->3cf1264f-5f6b-4138-aeee-2ff7d4522ead: receive RaftClientReply:client-CF63D631FA17->3cf1264f-5f6b-4138-aeee-2ff7d4522ead@group-561E16522154, cid=1557, SUCCESS, logIndex=2237, commits[3cf1264f-5f6b-4138-aeee-2ff7d4522ead:c2237, 4f0d1a15-8f14-4d9a-ad4f-8211e1245b5d:c2233, 6999f20e-c3f7-4db4-87ca-141c476f2a88:c2233]
2019-08-22 07:03:27,999 | INFO  | DNAudit | user=null | ip=null | op=WRITE_CHUNK {blockData=conID: 2 locID: 102659352675615219 bcsId: 2233} | ret=SUCCESS |  
2019-08-22 07:03:27,999 | INFO  | DNAudit | user=null | ip=null | op=WRITE_CHUNK {blockData=conID: 2 locID: 102659352675615219 bcsId: 2233} | ret=SUCCESS |  
2019-08-22 07:03:27,999 | INFO  | DNAudit | user=null | ip=null | op=PUT_BLOCK {blockData=[blockId=conID: 2 locID: 102659352675615219 bcsId: 0,size=4194304]} | ret=SUCCESS |  
2019-08-22 07:03:28,000 | INFO  | DNAudit | user=null | ip=null | op=PUT_BLOCK {blockData=[blockId=conID: 2 locID: 102659352675615219 bcsId: 0,size=4194304]} | ret=SUCCESS |  
2019-08-22 07:03:28,000 [grpc-default-executor-5] INFO  client.GrpcClientProtocolClient (GrpcClientProtocolClient.java:onNext(255)) - client-CF63D631FA17->3cf1264f-5f6b-4138-aeee-2ff7d4522ead: receive RaftClientReply:client-CF63D631FA17->3cf1264f-5f6b-4138-aeee-2ff7d4522ead@group-561E16522154, cid=1558, SUCCESS, logIndex=0, commits[3cf1264f-5f6b-4138-aeee-2ff7d4522ead:c2238, 4f0d1a15-8f14-4d9a-ad4f-8211e1245b5d:c2237, 6999f20e-c3f7-4db4-87ca-141c476f2a88:c2237]
2019-08-22 07:03:28,008 | INFO  | SCMAudit | user=jenkins1000 | ip=192.168.34.31 | op=ALLOCATE_BLOCK {owner=04b6d46a-98e2-41b1-9f38-1870289993ea, size=4194304, type=RATIS, factor=THREE} | ret=SUCCESS |  
2019-08-22 07:03:28,012 | INFO  | OMAudit | user=jenkins1000 | ip=127.0.0.1 | op=ALLOCATE_BLOCK {volume=vol-0-14906, bucket=bucket-0-53153, key=key-0-33222, dataSize=0, replicationType=null, replicationFactor=null, keyLocationInfo=null, clientID=102659352017764754} | ret=SUCCESS |  
2019-08-22 07:03:28,021 | INFO  | DNAudit | user=null | ip=null | op=WRITE_CHUNK {blockData=conID: 3 locID: 102659352691212788 bcsId: 0} | ret=SUCCESS |  
2019-08-22 07:03:28,024 | INFO  | DNAudit | user=null | ip=null | op=WRITE_CHUNK {blockData=conID: 3 locID: 102659352691212788 bcsId: 0} | ret=SUCCESS |  
2019-08-22 07:03:28,025 | INFO  | DNAudit | user=null | ip=null | op=WRITE_CHUNK {blockData=conID: 3 locID: 102659352691212788 bcsId: 0} | ret=SUCCESS |  
2019-08-22 07:03:28,025 | INFO  | DNAudit | user=null | ip=null | op=WRITE_CHUNK {blockData=conID: 3 locID: 102659352691212788 bcsId: 0} | ret=SUCCESS |  
2019-08-22 07:03:28,027 | INFO  | DNAudit | user=null | ip=null | op=WRITE_CHUNK {blockData=conID: 3 locID: 102659352691212788 bcsId: 0} | ret=SUCCESS |  
2019-08-22 07:03:28,027 | INFO  | DNAudit | user=null | ip=null | op=WRITE_CHUNK {blockData=conID: 3 locID: 102659352691212788 bcsId: 0} | ret=SUCCESS |  
2019-08-22 07:03:28,034 | INFO  | DNAudit | user=null | ip=null | op=WRITE_CHUNK {blockData=conID: 3 locID: 102659352691212788 bcsId: 0} | ret=SUCCESS |  
2019-08-22 07:03:28,035 | INFO  | DNAudit | user=null | ip=null | op=PUT_BLOCK {blockData=[blockId=conID: 3 locID: 102659352691212788 bcsId: 0,size=1048576]} | ret=SUCCESS |  
2019-08-22 07:03:28,035 [grpc-default-executor-5] INFO  client.GrpcClientProtocolClient (GrpcClientProtocolClient.java:onNext(255)) - client-CF63D631FA17->3cf1264f-5f6b-4138-aeee-2ff7d4522ead: receive RaftClientReply:client-CF63D631FA17->3cf1264f-5f6b-4138-aeee-2ff7d4522ead@group-561E16522154, cid=1559, SUCCESS, logIndex=2239, commits[3cf1264f-5f6b-4138-aeee-2ff7d4522ead:c2241, 4f0d1a15-8f14-4d9a-ad4f-8211e1245b5d:c2238, 6999f20e-c3f7-4db4-87ca-141c476f2a88:c2238]
2019-08-22 07:03:28,035 | INFO  | DNAudit | user=null | ip=null | op=WRITE_CHUNK {blockData=conID: 3 locID: 102659352691212788 bcsId: 0} | ret=SUCCESS |  
2019-08-22 07:03:28,035 | INFO  | DNAudit | user=null | ip=null | op=WRITE_CHUNK {blockData=conID: 3 locID: 102659352691212788 bcsId: 0} | ret=SUCCESS |  
2019-08-22 07:03:28,035 [grpc-default-executor-5] INFO  client.GrpcClientProtocolClient (GrpcClientProtocolClient.java:onNext(255)) - client-CF63D631FA17->3cf1264f-5f6b-4138-aeee-2ff7d4522ead: receive RaftClientReply:client-CF63D631FA17->3cf1264f-5f6b-4138-aeee-2ff7d4522ead@group-561E16522154, cid=1560, SUCCESS, logIndex=2240, commits[3cf1264f-5f6b-4138-aeee-2ff7d4522ead:c2242, 4f0d1a15-8f14-4d9a-ad4f-8211e1245b5d:c2238, 6999f20e-c3f7-4db4-87ca-141c476f2a88:c2238]
2019-08-22 07:03:28,036 | INFO  | DNAudit | user=null | ip=null | op=PUT_BLOCK {blockData=[blockId=conID: 3 locID: 102659352691212788 bcsId: 0,size=2097152]} | ret=SUCCESS |  
2019-08-22 07:03:28,036 [grpc-default-executor-5] INFO  client.GrpcClientProtocolClient (GrpcClientProtocolClient.java:onNext(255)) - client-CF63D631FA17->3cf1264f-5f6b-4138-aeee-2ff7d4522ead: receive RaftClientReply:client-CF63D631FA17->3cf1264f-5f6b-4138-aeee-2ff7d4522ead@group-561E16522154, cid=1561, SUCCESS, logIndex=2241, commits[3cf1264f-5f6b-4138-aeee-2ff7d4522ead:c2243, 4f0d1a15-8f14-4d9a-ad4f-8211e1245b5d:c2238, 6999f20e-c3f7-4db4-87ca-141c476f2a88:c2239]
2019-08-22 07:03:28,036 [grpc-default-executor-5] INFO  client.GrpcClientProtocolClient (GrpcClientProtocolClient.java:onNext(255)) - client-CF63D631FA17->3cf1264f-5f6b-4138-aeee-2ff7d4522ead: receive RaftClientReply:client-CF63D631FA17->3cf1264f-5f6b-4138-aeee-2ff7d4522ead@group-561E16522154, cid=1562, SUCCESS, logIndex=2242, commits[3cf1264f-5f6b-4138-aeee-2ff7d4522ead:c2243, 4f0d1a15-8f14-4d9a-ad4f-8211e1245b5d:c2238, 6999f20e-c3f7-4db4-87ca-141c476f2a88:c2239]
2019-08-22 07:03:28,037 | INFO  | DNAudit | user=null | ip=null | op=WRITE_CHUNK {blockData=conID: 3 locID: 102659352691212788 bcsId: 0} | ret=SUCCESS |  
2019-08-22 07:03:28,048 | INFO  | DNAudit | user=null | ip=null | op=PUT_BLOCK {blockData=[blockId=conID: 3 locID: 102659352691212788 bcsId: 0,size=1048576]} | ret=SUCCESS |  
2019-08-22 07:03:28,049 | INFO  | DNAudit | user=null | ip=null | op=WRITE_CHUNK {blockData=conID: 3 locID: 102659352691212788 bcsId: 0} | ret=SUCCESS |  
2019-08-22 07:03:28,049 | INFO  | DNAudit | user=null | ip=null | op=PUT_BLOCK {blockData=[blockId=conID: 3 locID: 102659352691212788 bcsId: 0,size=1048576]} | ret=SUCCESS |  
2019-08-22 07:03:28,049 | INFO  | DNAudit | user=null | ip=null | op=PUT_BLOCK {blockData=[blockId=conID: 3 locID: 102659352691212788 bcsId: 0,size=2097152]} | ret=SUCCESS |  
2019-08-22 07:03:28,049 | INFO  | DNAudit | user=null | ip=null | op=WRITE_CHUNK {blockData=conID: 3 locID: 102659352691212788 bcsId: 0} | ret=SUCCESS |  
2019-08-22 07:03:28,049 | INFO  | DNAudit | user=null | ip=null | op=PUT_BLOCK {blockData=[blockId=conID: 3 locID: 102659352691212788 bcsId: 0,size=2097152]} | ret=SUCCESS |  
2019-08-22 07:03:28,049 [grpc-default-executor-5] INFO  client.GrpcClientProtocolClient (GrpcClientProtocolClient.java:onNext(255)) - client-CF63D631FA17->3cf1264f-5f6b-4138-aeee-2ff7d4522ead: receive RaftClientReply:client-CF63D631FA17->3cf1264f-5f6b-4138-aeee-2ff7d4522ead@group-561E16522154, cid=1563, SUCCESS, logIndex=0, commits[3cf1264f-5f6b-4138-aeee-2ff7d4522ead:c2246, 4f0d1a15-8f14-4d9a-ad4f-8211e1245b5d:c2240, 6999f20e-c3f7-4db4-87ca-141c476f2a88:c2242]
2019-08-22 07:03:28,056 | INFO  | DNAudit | user=null | ip=null | op=WRITE_CHUNK {blockData=conID: 3 locID: 102659352691212788 bcsId: 2242} | ret=SUCCESS |  
2019-08-22 07:03:28,059 | INFO  | DNAudit | user=null | ip=null | op=WRITE_CHUNK {blockData=conID: 3 locID: 102659352691212788 bcsId: 2242} | ret=SUCCESS |  
2019-08-22 07:03:28,059 | INFO  | DNAudit | user=null | ip=null | op=WRITE_CHUNK {blockData=conID: 3 locID: 102659352691212788 bcsId: 2242} | ret=SUCCESS |  
2019-08-22 07:03:28,069 | INFO  | DNAudit | user=null | ip=null | op=WRITE_CHUNK {blockData=conID: 3 locID: 102659352691212788 bcsId: 2242} | ret=SUCCESS |  
2019-08-22 07:03:28,069 | INFO  | DNAudit | user=null | ip=null | op=PUT_BLOCK {blockData=[blockId=conID: 3 locID: 102659352691212788 bcsId: 0,size=3145728]} | ret=SUCCESS |  
2019-08-22 07:03:28,070 [grpc-default-executor-0] INFO  client.GrpcClientProtocolClient (GrpcClientProtocolClient.java:onNext(255)) - client-CF63D631FA17->3cf1264f-5f6b-4138-aeee-2ff7d4522ead: receive RaftClientReply:client-CF63D631FA17->3cf1264f-5f6b-4138-aeee-2ff7d4522ead@group-561E16522154, cid=1564, SUCCESS, logIndex=2247, commits[3cf1264f-5f6b-4138-aeee-2ff7d4522ead:c2248, 4f0d1a15-8f14-4d9a-ad4f-8211e1245b5d:c2246, 6999f20e-c3f7-4db4-87ca-141c476f2a88:c2246]
2019-08-22 07:03:28,070 [grpc-default-executor-5] INFO  client.GrpcClientProtocolClient (GrpcClientProtocolClient.java:onNext(255)) - client-CF63D631FA17->3cf1264f-5f6b-4138-aeee-2ff7d4522ead: receive RaftClientReply:client-CF63D631FA17->3cf1264f-5f6b-4138-aeee-2ff7d4522ead@group-561E16522154, cid=1565, SUCCESS, logIndex=2248, commits[3cf1264f-5f6b-4138-aeee-2ff7d4522ead:c2248, 4f0d1a15-8f14-4d9a-ad4f-8211e1245b5d:c2246, 6999f20e-c3f7-4db4-87ca-141c476f2a88:c2246]
2019-08-22 07:03:28,076 | INFO  | DNAudit | user=null | ip=null | op=WRITE_CHUNK {blockData=conID: 3 locID: 102659352691212788 bcsId: 2248} | ret=SUCCESS |  
2019-08-22 07:03:28,079 | INFO  | DNAudit | user=null | ip=null | op=WRITE_CHUNK {blockData=conID: 3 locID: 102659352691212788 bcsId: 2248} | ret=SUCCESS |  
2019-08-22 07:03:28,079 | INFO  | DNAudit | user=null | ip=null | op=WRITE_CHUNK {blockData=conID: 3 locID: 102659352691212788 bcsId: 2248} | ret=SUCCESS |  
2019-08-22 07:03:28,081 | INFO  | DNAudit | user=null | ip=null | op=WRITE_CHUNK {blockData=conID: 3 locID: 102659352691212788 bcsId: 2242} | ret=SUCCESS |  
2019-08-22 07:03:28,081 | INFO  | DNAudit | user=null | ip=null | op=WRITE_CHUNK {blockData=conID: 3 locID: 102659352691212788 bcsId: 2242} | ret=SUCCESS |  
2019-08-22 07:03:28,083 | INFO  | DNAudit | user=null | ip=null | op=PUT_BLOCK {blockData=[blockId=conID: 3 locID: 102659352691212788 bcsId: 0,size=3145728]} | ret=SUCCESS |  
2019-08-22 07:03:28,083 | INFO  | DNAudit | user=null | ip=null | op=PUT_BLOCK {blockData=[blockId=conID: 3 locID: 102659352691212788 bcsId: 0,size=3145728]} | ret=SUCCESS |  
2019-08-22 07:03:28,084 | INFO  | DNAudit | user=null | ip=null | op=WRITE_CHUNK {blockData=conID: 3 locID: 102659352691212788 bcsId: 2248} | ret=SUCCESS |  
2019-08-22 07:03:28,085 | INFO  | DNAudit | user=null | ip=null | op=PUT_BLOCK {blockData=[blockId=conID: 3 locID: 102659352691212788 bcsId: 0,size=4194304]} | ret=SUCCESS |  
2019-08-22 07:03:28,085 [grpc-default-executor-0] INFO  client.GrpcClientProtocolClient (GrpcClientProtocolClient.java:onNext(255)) - client-CF63D631FA17->3cf1264f-5f6b-4138-aeee-2ff7d4522ead: receive RaftClientReply:client-CF63D631FA17->3cf1264f-5f6b-4138-aeee-2ff7d4522ead@group-561E16522154, cid=1566, SUCCESS, logIndex=2251, commits[3cf1264f-5f6b-4138-aeee-2ff7d4522ead:c2252, 4f0d1a15-8f14-4d9a-ad4f-8211e1245b5d:c2248, 6999f20e-c3f7-4db4-87ca-141c476f2a88:c2248]
2019-08-22 07:03:28,085 [grpc-default-executor-0] INFO  client.GrpcClientProtocolClient (GrpcClientProtocolClient.java:onNext(255)) - client-CF63D631FA17->3cf1264f-5f6b-4138-aeee-2ff7d4522ead: receive RaftClientReply:client-CF63D631FA17->3cf1264f-5f6b-4138-aeee-2ff7d4522ead@group-561E16522154, cid=1567, SUCCESS, logIndex=2252, commits[3cf1264f-5f6b-4138-aeee-2ff7d4522ead:c2252, 4f0d1a15-8f14-4d9a-ad4f-8211e1245b5d:c2248, 6999f20e-c3f7-4db4-87ca-141c476f2a88:c2248]
2019-08-22 07:03:28,095 | INFO  | DNAudit | user=null | ip=null | op=WRITE_CHUNK {blockData=conID: 3 locID: 102659352691212788 bcsId: 2248} | ret=SUCCESS |  
2019-08-22 07:03:28,095 | INFO  | DNAudit | user=null | ip=null | op=WRITE_CHUNK {blockData=conID: 3 locID: 102659352691212788 bcsId: 2248} | ret=SUCCESS |  
2019-08-22 07:03:28,095 | INFO  | DNAudit | user=null | ip=null | op=PUT_BLOCK {blockData=[blockId=conID: 3 locID: 102659352691212788 bcsId: 0,size=4194304]} | ret=SUCCESS |  
2019-08-22 07:03:28,096 | INFO  | DNAudit | user=null | ip=null | op=PUT_BLOCK {blockData=[blockId=conID: 3 locID: 102659352691212788 bcsId: 0,size=4194304]} | ret=SUCCESS |  
2019-08-22 07:03:28,096 [grpc-default-executor-5] INFO  client.GrpcClientProtocolClient (GrpcClientProtocolClient.java:onNext(255)) - client-CF63D631FA17->3cf1264f-5f6b-4138-aeee-2ff7d4522ead: receive RaftClientReply:client-CF63D631FA17->3cf1264f-5f6b-4138-aeee-2ff7d4522ead@group-561E16522154, cid=1568, SUCCESS, logIndex=0, commits[3cf1264f-5f6b-4138-aeee-2ff7d4522ead:c2252, 4f0d1a15-8f14-4d9a-ad4f-8211e1245b5d:c2252, 6999f20e-c3f7-4db4-87ca-141c476f2a88:c2252]
2019-08-22 07:03:28,100 | INFO  | SCMAudit | user=jenkins1000 | ip=192.168.34.31 | op=ALLOCATE_BLOCK {owner=04b6d46a-98e2-41b1-9f38-1870289993ea, size=4194304, type=RATIS, factor=THREE} | ret=SUCCESS |  
2019-08-22 07:03:28,103 | INFO  | OMAudit | user=jenkins1000 | ip=127.0.0.1 | op=ALLOCATE_BLOCK {volume=vol-0-14906, bucket=bucket-0-53153, key=key-0-33222, dataSize=0, replicationType=null, replicationFactor=null, keyLocationInfo=null, clientID=102659352017764754} | ret=SUCCESS |  
2019-08-22 07:03:28,110 | INFO  | DNAudit | user=null | ip=null | op=WRITE_CHUNK {blockData=conID: 1 locID: 102659352697242101 bcsId: 0} | ret=SUCCESS |  
2019-08-22 07:03:28,113 | INFO  | DNAudit | user=null | ip=null | op=WRITE_CHUNK {blockData=conID: 1 locID: 102659352697242101 bcsId: 0} | ret=SUCCESS |  
2019-08-22 07:03:28,113 | INFO  | DNAudit | user=null | ip=null | op=WRITE_CHUNK {blockData=conID: 1 locID: 102659352697242101 bcsId: 0} | ret=SUCCESS |  
2019-08-22 07:03:28,113 | INFO  | DNAudit | user=null | ip=null | op=WRITE_CHUNK {blockData=conID: 1 locID: 102659352697242101 bcsId: 0} | ret=SUCCESS |  
2019-08-22 07:03:28,114 | INFO  | DNAudit | user=null | ip=null | op=WRITE_CHUNK {blockData=conID: 1 locID: 102659352697242101 bcsId: 0} | ret=SUCCESS |  
2019-08-22 07:03:28,115 | INFO  | DNAudit | user=null | ip=null | op=WRITE_CHUNK {blockData=conID: 1 locID: 102659352697242101 bcsId: 0} | ret=SUCCESS |  
2019-08-22 07:03:28,126 | INFO  | DNAudit | user=null | ip=null | op=WRITE_CHUNK {blockData=conID: 1 locID: 102659352697242101 bcsId: 0} | ret=SUCCESS |  
2019-08-22 07:03:28,126 | INFO  | DNAudit | user=null | ip=null | op=PUT_BLOCK {blockData=[blockId=conID: 1 locID: 102659352697242101 bcsId: 0,size=1048576]} | ret=SUCCESS |  
2019-08-22 07:03:28,127 [grpc-default-executor-0] INFO  client.GrpcClientProtocolClient (GrpcClientProtocolClient.java:onNext(255)) - client-CF63D631FA17->3cf1264f-5f6b-4138-aeee-2ff7d4522ead: receive RaftClientReply:client-CF63D631FA17->3cf1264f-5f6b-4138-aeee-2ff7d4522ead@group-561E16522154, cid=1569, SUCCESS, logIndex=2255, commits[3cf1264f-5f6b-4138-aeee-2ff7d4522ead:c2258, 4f0d1a15-8f14-4d9a-ad4f-8211e1245b5d:c2254, 6999f20e-c3f7-4db4-87ca-141c476f2a88:c2254]
2019-08-22 07:03:28,127 | INFO  | DNAudit | user=null | ip=null | op=WRITE_CHUNK {blockData=conID: 1 locID: 102659352697242101 bcsId: 0} | ret=SUCCESS |  
2019-08-22 07:03:28,127 | INFO  | DNAudit | user=null | ip=null | op=WRITE_CHUNK {blockData=conID: 1 locID: 102659352697242101 bcsId: 0} | ret=SUCCESS |  
2019-08-22 07:03:28,127 [grpc-default-executor-0] INFO  client.GrpcClientProtocolClient (GrpcClientProtocolClient.java:onNext(255)) - client-CF63D631FA17->3cf1264f-5f6b-4138-aeee-2ff7d4522ead: receive RaftClientReply:client-CF63D631FA17->3cf1264f-5f6b-4138-aeee-2ff7d4522ead@group-561E16522154, cid=1570, SUCCESS, logIndex=2256, commits[3cf1264f-5f6b-4138-aeee-2ff7d4522ead:c2258, 4f0d1a15-8f14-4d9a-ad4f-8211e1245b5d:c2254, 6999f20e-c3f7-4db4-87ca-141c476f2a88:c2254]
2019-08-22 07:03:28,127 | INFO  | DNAudit | user=null | ip=null | op=WRITE_CHUNK {blockData=conID: 1 locID: 102659352697242101 bcsId: 0} | ret=SUCCESS |  
2019-08-22 07:03:28,127 | INFO  | DNAudit | user=null | ip=null | op=PUT_BLOCK {blockData=[blockId=conID: 1 locID: 102659352697242101 bcsId: 0,size=1048576]} | ret=SUCCESS |  
2019-08-22 07:03:28,128 | INFO  | DNAudit | user=null | ip=null | op=PUT_BLOCK {blockData=[blockId=conID: 1 locID: 102659352697242101 bcsId: 0,size=2097152]} | ret=SUCCESS |  
2019-08-22 07:03:28,128 | INFO  | DNAudit | user=null | ip=null | op=PUT_BLOCK {blockData=[blockId=conID: 1 locID: 102659352697242101 bcsId: 0,size=1048576]} | ret=SUCCESS |  
2019-08-22 07:03:28,128 [grpc-default-executor-0] INFO  client.GrpcClientProtocolClient (GrpcClientProtocolClient.java:onNext(255)) - client-CF63D631FA17->3cf1264f-5f6b-4138-aeee-2ff7d4522ead: receive RaftClientReply:client-CF63D631FA17->3cf1264f-5f6b-4138-aeee-2ff7d4522ead@group-561E16522154, cid=1571, SUCCESS, logIndex=2257, commits[3cf1264f-5f6b-4138-aeee-2ff7d4522ead:c2258, 4f0d1a15-8f14-4d9a-ad4f-8211e1245b5d:c2254, 6999f20e-c3f7-4db4-87ca-141c476f2a88:c2254]
2019-08-22 07:03:28,128 | INFO  | DNAudit | user=null | ip=null | op=WRITE_CHUNK {blockData=conID: 1 locID: 102659352697242101 bcsId: 0} | ret=SUCCESS |  
2019-08-22 07:03:28,128 [grpc-default-executor-0] INFO  client.GrpcClientProtocolClient (GrpcClientProtocolClient.java:onNext(255)) - client-CF63D631FA17->3cf1264f-5f6b-4138-aeee-2ff7d4522ead: receive RaftClientReply:client-CF63D631FA17->3cf1264f-5f6b-4138-aeee-2ff7d4522ead@group-561E16522154, cid=1572, SUCCESS, logIndex=2258, commits[3cf1264f-5f6b-4138-aeee-2ff7d4522ead:c2259, 4f0d1a15-8f14-4d9a-ad4f-8211e1245b5d:c2256, 6999f20e-c3f7-4db4-87ca-141c476f2a88:c2256]
2019-08-22 07:03:28,128 | INFO  | DNAudit | user=null | ip=null | op=WRITE_CHUNK {blockData=conID: 1 locID: 102659352697242101 bcsId: 0} | ret=SUCCESS |  
2019-08-22 07:03:28,129 | INFO  | DNAudit | user=null | ip=null | op=PUT_BLOCK {blockData=[blockId=conID: 1 locID: 102659352697242101 bcsId: 0,size=2097152]} | ret=SUCCESS |  
2019-08-22 07:03:28,129 | INFO  | DNAudit | user=null | ip=null | op=PUT_BLOCK {blockData=[blockId=conID: 1 locID: 102659352697242101 bcsId: 0,size=2097152]} | ret=SUCCESS |  
2019-08-22 07:03:28,134 | INFO  | DNAudit | user=null | ip=null | op=WRITE_CHUNK {blockData=conID: 1 locID: 102659352697242101 bcsId: 2258} | ret=SUCCESS |  
2019-08-22 07:03:28,136 | INFO  | DNAudit | user=null | ip=null | op=WRITE_CHUNK {blockData=conID: 1 locID: 102659352697242101 bcsId: 2258} | ret=SUCCESS |  
2019-08-22 07:03:28,137 | INFO  | DNAudit | user=null | ip=null | op=WRITE_CHUNK {blockData=conID: 1 locID: 102659352697242101 bcsId: 2258} | ret=SUCCESS |  
2019-08-22 07:03:28,146 | INFO  | DNAudit | user=null | ip=null | op=WRITE_CHUNK {blockData=conID: 1 locID: 102659352697242101 bcsId: 2258} | ret=SUCCESS |  
2019-08-22 07:03:28,147 | INFO  | DNAudit | user=null | ip=null | op=PUT_BLOCK {blockData=[blockId=conID: 1 locID: 102659352697242101 bcsId: 0,size=3145728]} | ret=SUCCESS |  
2019-08-22 07:03:28,147 [grpc-default-executor-0] INFO  client.GrpcClientProtocolClient (GrpcClientProtocolClient.java:onNext(255)) - client-CF63D631FA17->3cf1264f-5f6b-4138-aeee-2ff7d4522ead: receive RaftClientReply:client-CF63D631FA17->3cf1264f-5f6b-4138-aeee-2ff7d4522ead@group-561E16522154, cid=1573, SUCCESS, logIndex=2263, commits[3cf1264f-5f6b-4138-aeee-2ff7d4522ead:c2264, 4f0d1a15-8f14-4d9a-ad4f-8211e1245b5d:c2262, 6999f20e-c3f7-4db4-87ca-141c476f2a88:c2262]
2019-08-22 07:03:28,147 [grpc-default-executor-0] INFO  client.GrpcClientProtocolClient (GrpcClientProtocolClient.java:onNext(255)) - client-CF63D631FA17->3cf1264f-5f6b-4138-aeee-2ff7d4522ead: receive RaftClientReply:client-CF63D631FA17->3cf1264f-5f6b-4138-aeee-2ff7d4522ead@group-561E16522154, cid=1574, SUCCESS, logIndex=2264, commits[3cf1264f-5f6b-4138-aeee-2ff7d4522ead:c2264, 4f0d1a15-8f14-4d9a-ad4f-8211e1245b5d:c2262, 6999f20e-c3f7-4db4-87ca-141c476f2a88:c2262]
2019-08-22 07:03:28,150 | INFO  | DNAudit | user=null | ip=null | op=WRITE_CHUNK {blockData=conID: 1 locID: 102659352697242101 bcsId: 2258} | ret=SUCCESS |  
2019-08-22 07:03:28,150 | INFO  | DNAudit | user=null | ip=null | op=WRITE_CHUNK {blockData=conID: 1 locID: 102659352697242101 bcsId: 2258} | ret=SUCCESS |  
2019-08-22 07:03:28,150 | INFO  | DNAudit | user=null | ip=null | op=PUT_BLOCK {blockData=[blockId=conID: 1 locID: 102659352697242101 bcsId: 0,size=3145728]} | ret=SUCCESS |  
2019-08-22 07:03:28,150 | INFO  | DNAudit | user=null | ip=null | op=PUT_BLOCK {blockData=[blockId=conID: 1 locID: 102659352697242101 bcsId: 0,size=3145728]} | ret=SUCCESS |  
2019-08-22 07:03:28,153 | INFO  | DNAudit | user=null | ip=null | op=WRITE_CHUNK {blockData=conID: 1 locID: 102659352697242101 bcsId: 2264} | ret=SUCCESS |  
2019-08-22 07:03:28,156 | INFO  | DNAudit | user=null | ip=null | op=WRITE_CHUNK {blockData=conID: 1 locID: 102659352697242101 bcsId: 2264} | ret=SUCCESS |  
2019-08-22 07:03:28,156 | INFO  | DNAudit | user=null | ip=null | op=WRITE_CHUNK {blockData=conID: 1 locID: 102659352697242101 bcsId: 2264} | ret=SUCCESS |  
2019-08-22 07:03:28,158 | INFO  | DNAudit | user=null | ip=null | op=WRITE_CHUNK {blockData=conID: 1 locID: 102659352697242101 bcsId: 2264} | ret=SUCCESS |  
2019-08-22 07:03:28,158 | INFO  | DNAudit | user=null | ip=null | op=PUT_BLOCK {blockData=[blockId=conID: 1 locID: 102659352697242101 bcsId: 0,size=4194304]} | ret=SUCCESS |  
2019-08-22 07:03:28,158 [grpc-default-executor-5] INFO  client.GrpcClientProtocolClient (GrpcClientProtocolClient.java:onNext(255)) - client-CF63D631FA17->3cf1264f-5f6b-4138-aeee-2ff7d4522ead: receive RaftClientReply:client-CF63D631FA17->3cf1264f-5f6b-4138-aeee-2ff7d4522ead@group-561E16522154, cid=1575, SUCCESS, logIndex=2267, commits[3cf1264f-5f6b-4138-aeee-2ff7d4522ead:c2268, 4f0d1a15-8f14-4d9a-ad4f-8211e1245b5d:c2266, 6999f20e-c3f7-4db4-87ca-141c476f2a88:c2264]
2019-08-22 07:03:28,159 [grpc-default-executor-5] INFO  client.GrpcClientProtocolClient (GrpcClientProtocolClient.java:onNext(255)) - client-CF63D631FA17->3cf1264f-5f6b-4138-aeee-2ff7d4522ead: receive RaftClientReply:client-CF63D631FA17->3cf1264f-5f6b-4138-aeee-2ff7d4522ead@group-561E16522154, cid=1576, SUCCESS, logIndex=2268, commits[3cf1264f-5f6b-4138-aeee-2ff7d4522ead:c2268, 4f0d1a15-8f14-4d9a-ad4f-8211e1245b5d:c2266, 6999f20e-c3f7-4db4-87ca-141c476f2a88:c2264]
2019-08-22 07:03:28,159 | INFO  | DNAudit | user=null | ip=null | op=WRITE_CHUNK {blockData=conID: 1 locID: 102659352697242101 bcsId: 2264} | ret=SUCCESS |  
2019-08-22 07:03:28,159 | INFO  | DNAudit | user=null | ip=null | op=WRITE_CHUNK {blockData=conID: 1 locID: 102659352697242101 bcsId: 2264} | ret=SUCCESS |  
2019-08-22 07:03:28,159 | INFO  | DNAudit | user=null | ip=null | op=PUT_BLOCK {blockData=[blockId=conID: 1 locID: 102659352697242101 bcsId: 0,size=4194304]} | ret=SUCCESS |  
2019-08-22 07:03:28,160 | INFO  | DNAudit | user=null | ip=null | op=PUT_BLOCK {blockData=[blockId=conID: 1 locID: 102659352697242101 bcsId: 0,size=4194304]} | ret=SUCCESS |  
2019-08-22 07:03:28,160 [grpc-default-executor-5] INFO  client.GrpcClientProtocolClient (GrpcClientProtocolClient.java:onNext(255)) - client-CF63D631FA17->3cf1264f-5f6b-4138-aeee-2ff7d4522ead: receive RaftClientReply:client-CF63D631FA17->3cf1264f-5f6b-4138-aeee-2ff7d4522ead@group-561E16522154, cid=1577, SUCCESS, logIndex=0, commits[3cf1264f-5f6b-4138-aeee-2ff7d4522ead:c2269, 4f0d1a15-8f14-4d9a-ad4f-8211e1245b5d:c2268, 6999f20e-c3f7-4db4-87ca-141c476f2a88:c2268]
2019-08-22 07:03:28,164 | INFO  | SCMAudit | user=jenkins1000 | ip=192.168.34.31 | op=ALLOCATE_BLOCK {owner=04b6d46a-98e2-41b1-9f38-1870289993ea, size=4194304, type=RATIS, factor=THREE} | ret=SUCCESS |  
2019-08-22 07:03:28,167 | INFO  | OMAudit | user=jenkins1000 | ip=127.0.0.1 | op=ALLOCATE_BLOCK {volume=vol-0-14906, bucket=bucket-0-53153, key=key-0-33222, dataSize=0, replicationType=null, replicationFactor=null, keyLocationInfo=null, clientID=102659352017764754} | ret=SUCCESS |  
2019-08-22 07:03:28,174 | INFO  | DNAudit | user=null | ip=null | op=WRITE_CHUNK {blockData=conID: 2 locID: 102659352701436406 bcsId: 0} | ret=SUCCESS |  
2019-08-22 07:03:28,177 | INFO  | DNAudit | user=null | ip=null | op=WRITE_CHUNK {blockData=conID: 2 locID: 102659352701436406 bcsId: 0} | ret=SUCCESS |  
2019-08-22 07:03:28,177 | INFO  | DNAudit | user=null | ip=null | op=WRITE_CHUNK {blockData=conID: 2 locID: 102659352701436406 bcsId: 0} | ret=SUCCESS |  
2019-08-22 07:03:28,177 | INFO  | DNAudit | user=null | ip=null | op=WRITE_CHUNK {blockData=conID: 2 locID: 102659352701436406 bcsId: 0} | ret=SUCCESS |  
2019-08-22 07:03:28,178 | INFO  | DNAudit | user=null | ip=null | op=WRITE_CHUNK {blockData=conID: 2 locID: 102659352701436406 bcsId: 0} | ret=SUCCESS |  
2019-08-22 07:03:28,178 | INFO  | DNAudit | user=null | ip=null | op=WRITE_CHUNK {blockData=conID: 2 locID: 102659352701436406 bcsId: 0} | ret=SUCCESS |  
2019-08-22 07:03:28,181 | INFO  | DNAudit | user=null | ip=null | op=WRITE_CHUNK {blockData=conID: 2 locID: 102659352701436406 bcsId: 0} | ret=SUCCESS |  
2019-08-22 07:03:28,181 | INFO  | DNAudit | user=null | ip=null | op=PUT_BLOCK {blockData=[blockId=conID: 2 locID: 102659352701436406 bcsId: 0,size=1048576]} | ret=SUCCESS |  
2019-08-22 07:03:28,182 | INFO  | DNAudit | user=null | ip=null | op=WRITE_CHUNK {blockData=conID: 2 locID: 102659352701436406 bcsId: 0} | ret=SUCCESS |  
2019-08-22 07:03:28,182 [grpc-default-executor-1] INFO  client.GrpcClientProtocolClient (GrpcClientProtocolClient.java:onNext(255)) - client-CF63D631FA17->3cf1264f-5f6b-4138-aeee-2ff7d4522ead: receive RaftClientReply:client-CF63D631FA17->3cf1264f-5f6b-4138-aeee-2ff7d4522ead@group-561E16522154, cid=1578, SUCCESS, logIndex=2271, commits[3cf1264f-5f6b-4138-aeee-2ff7d4522ead:c2274, 4f0d1a15-8f14-4d9a-ad4f-8211e1245b5d:c2270, 6999f20e-c3f7-4db4-87ca-141c476f2a88:c2270]
2019-08-22 07:03:28,182 | INFO  | DNAudit | user=null | ip=null | op=WRITE_CHUNK {blockData=conID: 2 locID: 102659352701436406 bcsId: 0} | ret=SUCCESS |  
2019-08-22 07:03:28,182 | INFO  | DNAudit | user=null | ip=null | op=PUT_BLOCK {blockData=[blockId=conID: 2 locID: 102659352701436406 bcsId: 0,size=2097152]} | ret=SUCCESS |  
2019-08-22 07:03:28,183 | INFO  | DNAudit | user=null | ip=null | op=WRITE_CHUNK {blockData=conID: 2 locID: 102659352701436406 bcsId: 0} | ret=SUCCESS |  
2019-08-22 07:03:28,183 [grpc-default-executor-1] INFO  client.GrpcClientProtocolClient (GrpcClientProtocolClient.java:onNext(255)) - client-CF63D631FA17->3cf1264f-5f6b-4138-aeee-2ff7d4522ead: receive RaftClientReply:client-CF63D631FA17->3cf1264f-5f6b-4138-aeee-2ff7d4522ead@group-561E16522154, cid=1579, SUCCESS, logIndex=2272, commits[3cf1264f-5f6b-4138-aeee-2ff7d4522ead:c2274, 4f0d1a15-8f14-4d9a-ad4f-8211e1245b5d:c2270, 6999f20e-c3f7-4db4-87ca-141c476f2a88:c2270]
2019-08-22 07:03:28,183 | INFO  | DNAudit | user=null | ip=null | op=PUT_BLOCK {blockData=[blockId=conID: 2 locID: 102659352701436406 bcsId: 0,size=1048576]} | ret=SUCCESS |  
2019-08-22 07:03:28,183 | INFO  | DNAudit | user=null | ip=null | op=PUT_BLOCK {blockData=[blockId=conID: 2 locID: 102659352701436406 bcsId: 0,size=1048576]} | ret=SUCCESS |  
2019-08-22 07:03:28,183 [grpc-default-executor-1] INFO  client.GrpcClientProtocolClient (GrpcClientProtocolClient.java:onNext(255)) - client-CF63D631FA17->3cf1264f-5f6b-4138-aeee-2ff7d4522ead: receive RaftClientReply:client-CF63D631FA17->3cf1264f-5f6b-4138-aeee-2ff7d4522ead@group-561E16522154, cid=1580, SUCCESS, logIndex=2273, commits[3cf1264f-5f6b-4138-aeee-2ff7d4522ead:c2274, 4f0d1a15-8f14-4d9a-ad4f-8211e1245b5d:c2270, 6999f20e-c3f7-4db4-87ca-141c476f2a88:c2270]
2019-08-22 07:03:28,183 [grpc-default-executor-1] INFO  client.GrpcClientProtocolClient (GrpcClientProtocolClient.java:onNext(255)) - client-CF63D631FA17->3cf1264f-5f6b-4138-aeee-2ff7d4522ead: receive RaftClientReply:client-CF63D631FA17->3cf1264f-5f6b-4138-aeee-2ff7d4522ead@group-561E16522154, cid=1581, SUCCESS, logIndex=2274, commits[3cf1264f-5f6b-4138-aeee-2ff7d4522ead:c2275, 4f0d1a15-8f14-4d9a-ad4f-8211e1245b5d:c2272, 6999f20e-c3f7-4db4-87ca-141c476f2a88:c2272]
2019-08-22 07:03:28,184 | INFO  | DNAudit | user=null | ip=null | op=WRITE_CHUNK {blockData=conID: 2 locID: 102659352701436406 bcsId: 0} | ret=SUCCESS |  
2019-08-22 07:03:28,184 | INFO  | DNAudit | user=null | ip=null | op=WRITE_CHUNK {blockData=conID: 2 locID: 102659352701436406 bcsId: 0} | ret=SUCCESS |  
2019-08-22 07:03:28,185 | INFO  | DNAudit | user=null | ip=null | op=PUT_BLOCK {blockData=[blockId=conID: 2 locID: 102659352701436406 bcsId: 0,size=2097152]} | ret=SUCCESS |  
2019-08-22 07:03:28,185 | INFO  | DNAudit | user=null | ip=null | op=PUT_BLOCK {blockData=[blockId=conID: 2 locID: 102659352701436406 bcsId: 0,size=2097152]} | ret=SUCCESS |  
2019-08-22 07:03:28,189 | INFO  | DNAudit | user=null | ip=null | op=WRITE_CHUNK {blockData=conID: 2 locID: 102659352701436406 bcsId: 2274} | ret=SUCCESS |  
2019-08-22 07:03:28,192 | INFO  | DNAudit | user=null | ip=null | op=WRITE_CHUNK {blockData=conID: 2 locID: 102659352701436406 bcsId: 2274} | ret=SUCCESS |  
2019-08-22 07:03:28,193 | INFO  | DNAudit | user=null | ip=null | op=WRITE_CHUNK {blockData=conID: 2 locID: 102659352701436406 bcsId: 2274} | ret=SUCCESS |  
2019-08-22 07:03:28,213 | INFO  | DNAudit | user=null | ip=null | op=WRITE_CHUNK {blockData=conID: 2 locID: 102659352701436406 bcsId: 2274} | ret=SUCCESS |  
2019-08-22 07:03:28,214 | INFO  | DNAudit | user=null | ip=null | op=PUT_BLOCK {blockData=[blockId=conID: 2 locID: 102659352701436406 bcsId: 0,size=3145728]} | ret=SUCCESS |  
2019-08-22 07:03:28,214 [grpc-default-executor-5] INFO  client.GrpcClientProtocolClient (GrpcClientProtocolClient.java:onNext(255)) - client-CF63D631FA17->3cf1264f-5f6b-4138-aeee-2ff7d4522ead: receive RaftClientReply:client-CF63D631FA17->3cf1264f-5f6b-4138-aeee-2ff7d4522ead@group-561E16522154, cid=1582, SUCCESS, logIndex=2279, commits[3cf1264f-5f6b-4138-aeee-2ff7d4522ead:c2280, 4f0d1a15-8f14-4d9a-ad4f-8211e1245b5d:c2278, 6999f20e-c3f7-4db4-87ca-141c476f2a88:c2278]
2019-08-22 07:03:28,214 [grpc-default-executor-5] INFO  client.GrpcClientProtocolClient (GrpcClientProtocolClient.java:onNext(255)) - client-CF63D631FA17->3cf1264f-5f6b-4138-aeee-2ff7d4522ead: receive RaftClientReply:client-CF63D631FA17->3cf1264f-5f6b-4138-aeee-2ff7d4522ead@group-561E16522154, cid=1583, SUCCESS, logIndex=2280, commits[3cf1264f-5f6b-4138-aeee-2ff7d4522ead:c2280, 4f0d1a15-8f14-4d9a-ad4f-8211e1245b5d:c2278, 6999f20e-c3f7-4db4-87ca-141c476f2a88:c2278]
2019-08-22 07:03:28,215 | INFO  | DNAudit | user=null | ip=null | op=WRITE_CHUNK {blockData=conID: 2 locID: 102659352701436406 bcsId: 2274} | ret=SUCCESS |  
2019-08-22 07:03:28,215 | INFO  | DNAudit | user=null | ip=null | op=WRITE_CHUNK {blockData=conID: 2 locID: 102659352701436406 bcsId: 2274} | ret=SUCCESS |  
2019-08-22 07:03:28,216 | INFO  | DNAudit | user=null | ip=null | op=PUT_BLOCK {blockData=[blockId=conID: 2 locID: 102659352701436406 bcsId: 0,size=3145728]} | ret=SUCCESS |  
2019-08-22 07:03:28,216 | INFO  | DNAudit | user=null | ip=null | op=PUT_BLOCK {blockData=[blockId=conID: 2 locID: 102659352701436406 bcsId: 0,size=3145728]} | ret=SUCCESS |  
2019-08-22 07:03:28,221 | INFO  | DNAudit | user=null | ip=null | op=WRITE_CHUNK {blockData=conID: 2 locID: 102659352701436406 bcsId: 2280} | ret=SUCCESS |  
2019-08-22 07:03:28,224 | INFO  | DNAudit | user=null | ip=null | op=WRITE_CHUNK {blockData=conID: 2 locID: 102659352701436406 bcsId: 2280} | ret=SUCCESS |  
2019-08-22 07:03:28,224 | INFO  | DNAudit | user=null | ip=null | op=WRITE_CHUNK {blockData=conID: 2 locID: 102659352701436406 bcsId: 2280} | ret=SUCCESS |  
2019-08-22 07:03:28,229 | INFO  | DNAudit | user=null | ip=null | op=WRITE_CHUNK {blockData=conID: 2 locID: 102659352701436406 bcsId: 2280} | ret=SUCCESS |  
2019-08-22 07:03:28,230 | INFO  | DNAudit | user=null | ip=null | op=PUT_BLOCK {blockData=[blockId=conID: 2 locID: 102659352701436406 bcsId: 0,size=4194304]} | ret=SUCCESS |  
2019-08-22 07:03:28,230 [grpc-default-executor-0] INFO  client.GrpcClientProtocolClient (GrpcClientProtocolClient.java:onNext(255)) - client-CF63D631FA17->3cf1264f-5f6b-4138-aeee-2ff7d4522ead: receive RaftClientReply:client-CF63D631FA17->3cf1264f-5f6b-4138-aeee-2ff7d4522ead@group-561E16522154, cid=1584, SUCCESS, logIndex=2283, commits[3cf1264f-5f6b-4138-aeee-2ff7d4522ead:c2284, 4f0d1a15-8f14-4d9a-ad4f-8211e1245b5d:c2281, 6999f20e-c3f7-4db4-87ca-141c476f2a88:c2281]
2019-08-22 07:03:28,230 [grpc-default-executor-0] INFO  client.GrpcClientProtocolClient (GrpcClientProtocolClient.java:onNext(255)) - client-CF63D631FA17->3cf1264f-5f6b-4138-aeee-2ff7d4522ead: receive RaftClientReply:client-CF63D631FA17->3cf1264f-5f6b-4138-aeee-2ff7d4522ead@group-561E16522154, cid=1585, SUCCESS, logIndex=2284, commits[3cf1264f-5f6b-4138-aeee-2ff7d4522ead:c2284, 4f0d1a15-8f14-4d9a-ad4f-8211e1245b5d:c2281, 6999f20e-c3f7-4db4-87ca-141c476f2a88:c2281]
2019-08-22 07:03:28,242 | INFO  | DNAudit | user=null | ip=null | op=WRITE_CHUNK {blockData=conID: 2 locID: 102659352701436406 bcsId: 2280} | ret=SUCCESS |  
2019-08-22 07:03:28,242 | INFO  | DNAudit | user=null | ip=null | op=WRITE_CHUNK {blockData=conID: 2 locID: 102659352701436406 bcsId: 2280} | ret=SUCCESS |  
2019-08-22 07:03:28,244 | INFO  | DNAudit | user=null | ip=null | op=PUT_BLOCK {blockData=[blockId=conID: 2 locID: 102659352701436406 bcsId: 0,size=4194304]} | ret=SUCCESS |  
2019-08-22 07:03:28,244 | INFO  | DNAudit | user=null | ip=null | op=PUT_BLOCK {blockData=[blockId=conID: 2 locID: 102659352701436406 bcsId: 0,size=4194304]} | ret=SUCCESS |  
2019-08-22 07:03:28,244 [grpc-default-executor-0] INFO  client.GrpcClientProtocolClient (GrpcClientProtocolClient.java:onNext(255)) - client-CF63D631FA17->3cf1264f-5f6b-4138-aeee-2ff7d4522ead: receive RaftClientReply:client-CF63D631FA17->3cf1264f-5f6b-4138-aeee-2ff7d4522ead@group-561E16522154, cid=1586, SUCCESS, logIndex=0, commits[3cf1264f-5f6b-4138-aeee-2ff7d4522ead:c2286, 4f0d1a15-8f14-4d9a-ad4f-8211e1245b5d:c2284, 6999f20e-c3f7-4db4-87ca-141c476f2a88:c2284]
2019-08-22 07:03:28,250 | INFO  | SCMAudit | user=jenkins1000 | ip=192.168.34.31 | op=ALLOCATE_BLOCK {owner=04b6d46a-98e2-41b1-9f38-1870289993ea, size=4194304, type=RATIS, factor=THREE} | ret=SUCCESS |  
2019-08-22 07:03:28,255 | INFO  | OMAudit | user=jenkins1000 | ip=127.0.0.1 | op=ALLOCATE_BLOCK {volume=vol-0-14906, bucket=bucket-0-53153, key=key-0-33222, dataSize=0, replicationType=null, replicationFactor=null, keyLocationInfo=null, clientID=102659352017764754} | ret=SUCCESS |  
2019-08-22 07:03:28,263 | INFO  | DNAudit | user=null | ip=null | op=WRITE_CHUNK {blockData=conID: 3 locID: 102659352707072503 bcsId: 0} | ret=SUCCESS |  
2019-08-22 07:03:28,265 | INFO  | DNAudit | user=null | ip=null | op=WRITE_CHUNK {blockData=conID: 3 locID: 102659352707072503 bcsId: 0} | ret=SUCCESS |  
2019-08-22 07:03:28,265 | INFO  | DNAudit | user=null | ip=null | op=WRITE_CHUNK {blockData=conID: 3 locID: 102659352707072503 bcsId: 0} | ret=SUCCESS |  
2019-08-22 07:03:28,266 | INFO  | DNAudit | user=null | ip=null | op=WRITE_CHUNK {blockData=conID: 3 locID: 102659352707072503 bcsId: 0} | ret=SUCCESS |  
2019-08-22 07:03:28,267 | INFO  | DNAudit | user=null | ip=null | op=WRITE_CHUNK {blockData=conID: 3 locID: 102659352707072503 bcsId: 0} | ret=SUCCESS |  
2019-08-22 07:03:28,268 | INFO  | DNAudit | user=null | ip=null | op=WRITE_CHUNK {blockData=conID: 3 locID: 102659352707072503 bcsId: 0} | ret=SUCCESS |  
2019-08-22 07:03:28,275 | INFO  | DNAudit | user=null | ip=null | op=WRITE_CHUNK {blockData=conID: 3 locID: 102659352707072503 bcsId: 0} | ret=SUCCESS |  
2019-08-22 07:03:28,276 | INFO  | DNAudit | user=null | ip=null | op=PUT_BLOCK {blockData=[blockId=conID: 3 locID: 102659352707072503 bcsId: 0,size=1048576]} | ret=SUCCESS |  
2019-08-22 07:03:28,276 [grpc-default-executor-5] INFO  client.GrpcClientProtocolClient (GrpcClientProtocolClient.java:onNext(255)) - client-CF63D631FA17->3cf1264f-5f6b-4138-aeee-2ff7d4522ead: receive RaftClientReply:client-CF63D631FA17->3cf1264f-5f6b-4138-aeee-2ff7d4522ead@group-561E16522154, cid=1587, SUCCESS, logIndex=2287, commits[3cf1264f-5f6b-4138-aeee-2ff7d4522ead:c2288, 4f0d1a15-8f14-4d9a-ad4f-8211e1245b5d:c2286, 6999f20e-c3f7-4db4-87ca-141c476f2a88:c2286]
2019-08-22 07:03:28,276 | INFO  | DNAudit | user=null | ip=null | op=WRITE_CHUNK {blockData=conID: 3 locID: 102659352707072503 bcsId: 0} | ret=SUCCESS |  
2019-08-22 07:03:28,277 [grpc-default-executor-5] INFO  client.GrpcClientProtocolClient (GrpcClientProtocolClient.java:onNext(255)) - client-CF63D631FA17->3cf1264f-5f6b-4138-aeee-2ff7d4522ead: receive RaftClientReply:client-CF63D631FA17->3cf1264f-5f6b-4138-aeee-2ff7d4522ead@group-561E16522154, cid=1588, SUCCESS, logIndex=2288, commits[3cf1264f-5f6b-4138-aeee-2ff7d4522ead:c2290, 4f0d1a15-8f14-4d9a-ad4f-8211e1245b5d:c2286, 6999f20e-c3f7-4db4-87ca-141c476f2a88:c2286]
2019-08-22 07:03:28,277 | INFO  | DNAudit | user=null | ip=null | op=PUT_BLOCK {blockData=[blockId=conID: 3 locID: 102659352707072503 bcsId: 0,size=2097152]} | ret=SUCCESS |  
2019-08-22 07:03:28,277 [grpc-default-executor-5] INFO  client.GrpcClientProtocolClient (GrpcClientProtocolClient.java:onNext(255)) - client-CF63D631FA17->3cf1264f-5f6b-4138-aeee-2ff7d4522ead: receive RaftClientReply:client-CF63D631FA17->3cf1264f-5f6b-4138-aeee-2ff7d4522ead@group-561E16522154, cid=1589, SUCCESS, logIndex=2289, commits[3cf1264f-5f6b-4138-aeee-2ff7d4522ead:c2290, 4f0d1a15-8f14-4d9a-ad4f-8211e1245b5d:c2286, 6999f20e-c3f7-4db4-87ca-141c476f2a88:c2286]
2019-08-22 07:03:28,277 [grpc-default-executor-5] INFO  client.GrpcClientProtocolClient (GrpcClientProtocolClient.java:onNext(255)) - client-CF63D631FA17->3cf1264f-5f6b-4138-aeee-2ff7d4522ead: receive RaftClientReply:client-CF63D631FA17->3cf1264f-5f6b-4138-aeee-2ff7d4522ead@group-561E16522154, cid=1590, SUCCESS, logIndex=2290, commits[3cf1264f-5f6b-4138-aeee-2ff7d4522ead:c2290, 4f0d1a15-8f14-4d9a-ad4f-8211e1245b5d:c2286, 6999f20e-c3f7-4db4-87ca-141c476f2a88:c2286]
2019-08-22 07:03:28,289 | INFO  | DNAudit | user=null | ip=null | op=WRITE_CHUNK {blockData=conID: 3 locID: 102659352707072503 bcsId: 0} | ret=SUCCESS |  
2019-08-22 07:03:28,289 | INFO  | DNAudit | user=null | ip=null | op=PUT_BLOCK {blockData=[blockId=conID: 3 locID: 102659352707072503 bcsId: 0,size=1048576]} | ret=SUCCESS |  
2019-08-22 07:03:28,289 | INFO  | DNAudit | user=null | ip=null | op=WRITE_CHUNK {blockData=conID: 3 locID: 102659352707072503 bcsId: 0} | ret=SUCCESS |  
2019-08-22 07:03:28,290 | INFO  | DNAudit | user=null | ip=null | op=PUT_BLOCK {blockData=[blockId=conID: 3 locID: 102659352707072503 bcsId: 0,size=1048576]} | ret=SUCCESS |  
2019-08-22 07:03:28,290 | INFO  | DNAudit | user=null | ip=null | op=WRITE_CHUNK {blockData=conID: 3 locID: 102659352707072503 bcsId: 0} | ret=SUCCESS |  
2019-08-22 07:03:28,290 [grpc-default-executor-1] INFO  client.GrpcClientProtocolClient (GrpcClientProtocolClient.java:onNext(255)) - client-CF63D631FA17->3cf1264f-5f6b-4138-aeee-2ff7d4522ead: receive RaftClientReply:client-CF63D631FA17->3cf1264f-5f6b-4138-aeee-2ff7d4522ead@group-561E16522154, cid=1591, SUCCESS, logIndex=0, commits[3cf1264f-5f6b-4138-aeee-2ff7d4522ead:c2292, 4f0d1a15-8f14-4d9a-ad4f-8211e1245b5d:c2288, 6999f20e-c3f7-4db4-87ca-141c476f2a88:c2288]
2019-08-22 07:03:28,290 | INFO  | DNAudit | user=null | ip=null | op=WRITE_CHUNK {blockData=conID: 3 locID: 102659352707072503 bcsId: 0} | ret=SUCCESS |  
2019-08-22 07:03:28,290 | INFO  | DNAudit | user=null | ip=null | op=PUT_BLOCK {blockData=[blockId=conID: 3 locID: 102659352707072503 bcsId: 0,size=2097152]} | ret=SUCCESS |  
2019-08-22 07:03:28,290 | INFO  | DNAudit | user=null | ip=null | op=PUT_BLOCK {blockData=[blockId=conID: 3 locID: 102659352707072503 bcsId: 0,size=2097152]} | ret=SUCCESS |  
2019-08-22 07:03:28,298 | INFO  | DNAudit | user=null | ip=null | op=WRITE_CHUNK {blockData=conID: 3 locID: 102659352707072503 bcsId: 2290} | ret=SUCCESS |  
2019-08-22 07:03:28,300 | INFO  | DNAudit | user=null | ip=null | op=WRITE_CHUNK {blockData=conID: 3 locID: 102659352707072503 bcsId: 2290} | ret=SUCCESS |  
2019-08-22 07:03:28,301 | INFO  | DNAudit | user=null | ip=null | op=WRITE_CHUNK {blockData=conID: 3 locID: 102659352707072503 bcsId: 2290} | ret=SUCCESS |  
2019-08-22 07:03:28,311 | INFO  | DNAudit | user=null | ip=null | op=WRITE_CHUNK {blockData=conID: 3 locID: 102659352707072503 bcsId: 2290} | ret=SUCCESS |  
2019-08-22 07:03:28,311 | INFO  | DNAudit | user=null | ip=null | op=PUT_BLOCK {blockData=[blockId=conID: 3 locID: 102659352707072503 bcsId: 0,size=3145728]} | ret=SUCCESS |  
2019-08-22 07:03:28,312 [grpc-default-executor-5] INFO  client.GrpcClientProtocolClient (GrpcClientProtocolClient.java:onNext(255)) - client-CF63D631FA17->3cf1264f-5f6b-4138-aeee-2ff7d4522ead: receive RaftClientReply:client-CF63D631FA17->3cf1264f-5f6b-4138-aeee-2ff7d4522ead@group-561E16522154, cid=1592, SUCCESS, logIndex=2295, commits[3cf1264f-5f6b-4138-aeee-2ff7d4522ead:c2296, 4f0d1a15-8f14-4d9a-ad4f-8211e1245b5d:c2294, 6999f20e-c3f7-4db4-87ca-141c476f2a88:c2294]
2019-08-22 07:03:28,312 [grpc-default-executor-5] INFO  client.GrpcClientProtocolClient (GrpcClientProtocolClient.java:onNext(255)) - client-CF63D631FA17->3cf1264f-5f6b-4138-aeee-2ff7d4522ead: receive RaftClientReply:client-CF63D631FA17->3cf1264f-5f6b-4138-aeee-2ff7d4522ead@group-561E16522154, cid=1593, SUCCESS, logIndex=2296, commits[3cf1264f-5f6b-4138-aeee-2ff7d4522ead:c2296, 4f0d1a15-8f14-4d9a-ad4f-8211e1245b5d:c2294, 6999f20e-c3f7-4db4-87ca-141c476f2a88:c2294]
2019-08-22 07:03:28,319 | INFO  | DNAudit | user=null | ip=null | op=WRITE_CHUNK {blockData=conID: 3 locID: 102659352707072503 bcsId: 2296} | ret=SUCCESS |  
2019-08-22 07:03:28,322 | INFO  | DNAudit | user=null | ip=null | op=WRITE_CHUNK {blockData=conID: 3 locID: 102659352707072503 bcsId: 2296} | ret=SUCCESS |  
2019-08-22 07:03:28,322 | INFO  | DNAudit | user=null | ip=null | op=WRITE_CHUNK {blockData=conID: 3 locID: 102659352707072503 bcsId: 2296} | ret=SUCCESS |  
2019-08-22 07:03:28,322 | INFO  | DNAudit | user=null | ip=null | op=WRITE_CHUNK {blockData=conID: 3 locID: 102659352707072503 bcsId: 2290} | ret=SUCCESS |  
2019-08-22 07:03:28,322 | INFO  | DNAudit | user=null | ip=null | op=WRITE_CHUNK {blockData=conID: 3 locID: 102659352707072503 bcsId: 2290} | ret=SUCCESS |  
2019-08-22 07:03:28,334 | INFO  | DNAudit | user=null | ip=null | op=PUT_BLOCK {blockData=[blockId=conID: 3 locID: 102659352707072503 bcsId: 0,size=3145728]} | ret=SUCCESS |  
2019-08-22 07:03:28,334 | INFO  | DNAudit | user=null | ip=null | op=PUT_BLOCK {blockData=[blockId=conID: 3 locID: 102659352707072503 bcsId: 0,size=3145728]} | ret=SUCCESS |  
2019-08-22 07:03:28,334 | INFO  | DNAudit | user=null | ip=null | op=WRITE_CHUNK {blockData=conID: 3 locID: 102659352707072503 bcsId: 2296} | ret=SUCCESS |  
2019-08-22 07:03:28,335 | INFO  | DNAudit | user=null | ip=null | op=PUT_BLOCK {blockData=[blockId=conID: 3 locID: 102659352707072503 bcsId: 0,size=4194304]} | ret=SUCCESS |  
2019-08-22 07:03:28,335 [grpc-default-executor-5] INFO  client.GrpcClientProtocolClient (GrpcClientProtocolClient.java:onNext(255)) - client-CF63D631FA17->3cf1264f-5f6b-4138-aeee-2ff7d4522ead: receive RaftClientReply:client-CF63D631FA17->3cf1264f-5f6b-4138-aeee-2ff7d4522ead@group-561E16522154, cid=1594, SUCCESS, logIndex=2299, commits[3cf1264f-5f6b-4138-aeee-2ff7d4522ead:c2300, 4f0d1a15-8f14-4d9a-ad4f-8211e1245b5d:c2296, 6999f20e-c3f7-4db4-87ca-141c476f2a88:c2296]
2019-08-22 07:03:28,336 [grpc-default-executor-5] INFO  client.GrpcClientProtocolClient (GrpcClientProtocolClient.java:onNext(255)) - client-CF63D631FA17->3cf1264f-5f6b-4138-aeee-2ff7d4522ead: receive RaftClientReply:client-CF63D631FA17->3cf1264f-5f6b-4138-aeee-2ff7d4522ead@group-561E16522154, cid=1595, SUCCESS, logIndex=2300, commits[3cf1264f-5f6b-4138-aeee-2ff7d4522ead:c2300, 4f0d1a15-8f14-4d9a-ad4f-8211e1245b5d:c2296, 6999f20e-c3f7-4db4-87ca-141c476f2a88:c2296]
2019-08-22 07:03:28,346 | INFO  | DNAudit | user=null | ip=null | op=WRITE_CHUNK {blockData=conID: 3 locID: 102659352707072503 bcsId: 2296} | ret=SUCCESS |  
2019-08-22 07:03:28,346 | INFO  | DNAudit | user=null | ip=null | op=WRITE_CHUNK {blockData=conID: 3 locID: 102659352707072503 bcsId: 2296} | ret=SUCCESS |  
2019-08-22 07:03:28,349 | INFO  | DNAudit | user=null | ip=null | op=PUT_BLOCK {blockData=[blockId=conID: 3 locID: 102659352707072503 bcsId: 0,size=4194304]} | ret=SUCCESS |  
2019-08-22 07:03:28,349 | INFO  | DNAudit | user=null | ip=null | op=PUT_BLOCK {blockData=[blockId=conID: 3 locID: 102659352707072503 bcsId: 0,size=4194304]} | ret=SUCCESS |  
2019-08-22 07:03:28,350 [grpc-default-executor-0] INFO  client.GrpcClientProtocolClient (GrpcClientProtocolClient.java:onNext(255)) - client-CF63D631FA17->3cf1264f-5f6b-4138-aeee-2ff7d4522ead: receive RaftClientReply:client-CF63D631FA17->3cf1264f-5f6b-4138-aeee-2ff7d4522ead@group-561E16522154, cid=1596, SUCCESS, logIndex=0, commits[3cf1264f-5f6b-4138-aeee-2ff7d4522ead:c2302, 4f0d1a15-8f14-4d9a-ad4f-8211e1245b5d:c2300, 6999f20e-c3f7-4db4-87ca-141c476f2a88:c2300]
2019-08-22 07:03:28,356 | INFO  | SCMAudit | user=jenkins1000 | ip=192.168.34.31 | op=ALLOCATE_BLOCK {owner=04b6d46a-98e2-41b1-9f38-1870289993ea, size=4194304, type=RATIS, factor=THREE} | ret=SUCCESS |  
2019-08-22 07:03:28,360 | INFO  | OMAudit | user=jenkins1000 | ip=127.0.0.1 | op=ALLOCATE_BLOCK {volume=vol-0-14906, bucket=bucket-0-53153, key=key-0-33222, dataSize=0, replicationType=null, replicationFactor=null, keyLocationInfo=null, clientID=102659352017764754} | ret=SUCCESS |  
2019-08-22 07:03:28,368 | INFO  | DNAudit | user=null | ip=null | op=WRITE_CHUNK {blockData=conID: 1 locID: 102659352713953784 bcsId: 0} | ret=SUCCESS |  
2019-08-22 07:03:28,374 | INFO  | DNAudit | user=null | ip=null | op=WRITE_CHUNK {blockData=conID: 1 locID: 102659352713953784 bcsId: 0} | ret=SUCCESS |  
2019-08-22 07:03:28,374 | INFO  | DNAudit | user=null | ip=null | op=WRITE_CHUNK {blockData=conID: 1 locID: 102659352713953784 bcsId: 0} | ret=SUCCESS |  
2019-08-22 07:03:28,374 | INFO  | DNAudit | user=null | ip=null | op=WRITE_CHUNK {blockData=conID: 1 locID: 102659352713953784 bcsId: 0} | ret=SUCCESS |  
2019-08-22 07:03:28,377 | INFO  | DNAudit | user=null | ip=null | op=WRITE_CHUNK {blockData=conID: 1 locID: 102659352713953784 bcsId: 0} | ret=SUCCESS |  
2019-08-22 07:03:28,378 | INFO  | DNAudit | user=null | ip=null | op=WRITE_CHUNK {blockData=conID: 1 locID: 102659352713953784 bcsId: 0} | ret=SUCCESS |  
2019-08-22 07:03:28,382 | INFO  | DNAudit | user=null | ip=null | op=WRITE_CHUNK {blockData=conID: 1 locID: 102659352713953784 bcsId: 0} | ret=SUCCESS |  
2019-08-22 07:03:28,383 | INFO  | DNAudit | user=null | ip=null | op=PUT_BLOCK {blockData=[blockId=conID: 1 locID: 102659352713953784 bcsId: 0,size=1048576]} | ret=SUCCESS |  
2019-08-22 07:03:28,384 | INFO  | DNAudit | user=null | ip=null | op=WRITE_CHUNK {blockData=conID: 1 locID: 102659352713953784 bcsId: 0} | ret=SUCCESS |  
2019-08-22 07:03:28,383 [grpc-default-executor-5] INFO  client.GrpcClientProtocolClient (GrpcClientProtocolClient.java:onNext(255)) - client-CF63D631FA17->3cf1264f-5f6b-4138-aeee-2ff7d4522ead: receive RaftClientReply:client-CF63D631FA17->3cf1264f-5f6b-4138-aeee-2ff7d4522ead@group-561E16522154, cid=1597, SUCCESS, logIndex=2303, commits[3cf1264f-5f6b-4138-aeee-2ff7d4522ead:c2304, 4f0d1a15-8f14-4d9a-ad4f-8211e1245b5d:c2302, 6999f20e-c3f7-4db4-87ca-141c476f2a88:c2302]
2019-08-22 07:03:28,384 | INFO  | DNAudit | user=null | ip=null | op=PUT_BLOCK {blockData=[blockId=conID: 1 locID: 102659352713953784 bcsId: 0,size=2097152]} | ret=SUCCESS |  
2019-08-22 07:03:28,384 [grpc-default-executor-5] INFO  client.GrpcClientProtocolClient (GrpcClientProtocolClient.java:onNext(255)) - client-CF63D631FA17->3cf1264f-5f6b-4138-aeee-2ff7d4522ead: receive RaftClientReply:client-CF63D631FA17->3cf1264f-5f6b-4138-aeee-2ff7d4522ead@group-561E16522154, cid=1598, SUCCESS, logIndex=2304, commits[3cf1264f-5f6b-4138-aeee-2ff7d4522ead:c2306, 4f0d1a15-8f14-4d9a-ad4f-8211e1245b5d:c2302, 6999f20e-c3f7-4db4-87ca-141c476f2a88:c2302]
2019-08-22 07:03:28,385 [grpc-default-executor-5] INFO  client.GrpcClientProtocolClient (GrpcClientProtocolClient.java:onNext(255)) - client-CF63D631FA17->3cf1264f-5f6b-4138-aeee-2ff7d4522ead: receive RaftClientReply:client-CF63D631FA17->3cf1264f-5f6b-4138-aeee-2ff7d4522ead@group-561E16522154, cid=1599, SUCCESS, logIndex=2305, commits[3cf1264f-5f6b-4138-aeee-2ff7d4522ead:c2306, 4f0d1a15-8f14-4d9a-ad4f-8211e1245b5d:c2302, 6999f20e-c3f7-4db4-87ca-141c476f2a88:c2302]
2019-08-22 07:03:28,385 [grpc-default-executor-5] INFO  client.GrpcClientProtocolClient (GrpcClientProtocolClient.java:onNext(255)) - client-CF63D631FA17->3cf1264f-5f6b-4138-aeee-2ff7d4522ead: receive RaftClientReply:client-CF63D631FA17->3cf1264f-5f6b-4138-aeee-2ff7d4522ead@group-561E16522154, cid=1600, SUCCESS, logIndex=2306, commits[3cf1264f-5f6b-4138-aeee-2ff7d4522ead:c2306, 4f0d1a15-8f14-4d9a-ad4f-8211e1245b5d:c2302, 6999f20e-c3f7-4db4-87ca-141c476f2a88:c2302]
2019-08-22 07:03:28,396 | INFO  | DNAudit | user=null | ip=null | op=WRITE_CHUNK {blockData=conID: 1 locID: 102659352713953784 bcsId: 0} | ret=SUCCESS |  
2019-08-22 07:03:28,396 | INFO  | DNAudit | user=null | ip=null | op=PUT_BLOCK {blockData=[blockId=conID: 1 locID: 102659352713953784 bcsId: 0,size=1048576]} | ret=SUCCESS |  
2019-08-22 07:03:28,398 | INFO  | DNAudit | user=null | ip=null | op=WRITE_CHUNK {blockData=conID: 1 locID: 102659352713953784 bcsId: 0} | ret=SUCCESS |  
2019-08-22 07:03:28,399 | INFO  | DNAudit | user=null | ip=null | op=PUT_BLOCK {blockData=[blockId=conID: 1 locID: 102659352713953784 bcsId: 0,size=1048576]} | ret=SUCCESS |  
2019-08-22 07:03:28,399 [grpc-default-executor-5] INFO  client.GrpcClientProtocolClient (GrpcClientProtocolClient.java:onNext(255)) - client-CF63D631FA17->3cf1264f-5f6b-4138-aeee-2ff7d4522ead: receive RaftClientReply:client-CF63D631FA17->3cf1264f-5f6b-4138-aeee-2ff7d4522ead@group-561E16522154, cid=1601, SUCCESS, logIndex=0, commits[3cf1264f-5f6b-4138-aeee-2ff7d4522ead:c2308, 4f0d1a15-8f14-4d9a-ad4f-8211e1245b5d:c2304, 6999f20e-c3f7-4db4-87ca-141c476f2a88:c2304]
2019-08-22 07:03:28,399 | INFO  | DNAudit | user=null | ip=null | op=WRITE_CHUNK {blockData=conID: 1 locID: 102659352713953784 bcsId: 0} | ret=SUCCESS |  
2019-08-22 07:03:28,399 | INFO  | DNAudit | user=null | ip=null | op=PUT_BLOCK {blockData=[blockId=conID: 1 locID: 102659352713953784 bcsId: 0,size=2097152]} | ret=SUCCESS |  
2019-08-22 07:03:28,407 | INFO  | DNAudit | user=null | ip=null | op=WRITE_CHUNK {blockData=conID: 1 locID: 102659352713953784 bcsId: 2306} | ret=SUCCESS |  
2019-08-22 07:03:28,409 | INFO  | DNAudit | user=null | ip=null | op=WRITE_CHUNK {blockData=conID: 1 locID: 102659352713953784 bcsId: 0} | ret=SUCCESS |  
2019-08-22 07:03:28,409 | INFO  | DNAudit | user=null | ip=null | op=PUT_BLOCK {blockData=[blockId=conID: 1 locID: 102659352713953784 bcsId: 0,size=2097152]} | ret=SUCCESS |  
2019-08-22 07:03:28,410 | INFO  | DNAudit | user=null | ip=null | op=WRITE_CHUNK {blockData=conID: 1 locID: 102659352713953784 bcsId: 2306} | ret=SUCCESS |  
2019-08-22 07:03:28,410 | INFO  | DNAudit | user=null | ip=null | op=WRITE_CHUNK {blockData=conID: 1 locID: 102659352713953784 bcsId: 2306} | ret=SUCCESS |  
2019-08-22 07:03:28,422 | INFO  | DNAudit | user=null | ip=null | op=WRITE_CHUNK {blockData=conID: 1 locID: 102659352713953784 bcsId: 2306} | ret=SUCCESS |  
2019-08-22 07:03:28,422 | INFO  | DNAudit | user=null | ip=null | op=PUT_BLOCK {blockData=[blockId=conID: 1 locID: 102659352713953784 bcsId: 0,size=3145728]} | ret=SUCCESS |  
2019-08-22 07:03:28,423 [grpc-default-executor-1] INFO  client.GrpcClientProtocolClient (GrpcClientProtocolClient.java:onNext(255)) - client-CF63D631FA17->3cf1264f-5f6b-4138-aeee-2ff7d4522ead: receive RaftClientReply:client-CF63D631FA17->3cf1264f-5f6b-4138-aeee-2ff7d4522ead@group-561E16522154, cid=1602, SUCCESS, logIndex=2311, commits[3cf1264f-5f6b-4138-aeee-2ff7d4522ead:c2312, 4f0d1a15-8f14-4d9a-ad4f-8211e1245b5d:c2310, 6999f20e-c3f7-4db4-87ca-141c476f2a88:c2310]
2019-08-22 07:03:28,423 [grpc-default-executor-1] INFO  client.GrpcClientProtocolClient (GrpcClientProtocolClient.java:onNext(255)) - client-CF63D631FA17->3cf1264f-5f6b-4138-aeee-2ff7d4522ead: receive RaftClientReply:client-CF63D631FA17->3cf1264f-5f6b-4138-aeee-2ff7d4522ead@group-561E16522154, cid=1603, SUCCESS, logIndex=2312, commits[3cf1264f-5f6b-4138-aeee-2ff7d4522ead:c2312, 4f0d1a15-8f14-4d9a-ad4f-8211e1245b5d:c2310, 6999f20e-c3f7-4db4-87ca-141c476f2a88:c2310]
2019-08-22 07:03:28,430 | INFO  | DNAudit | user=null | ip=null | op=WRITE_CHUNK {blockData=conID: 1 locID: 102659352713953784 bcsId: 2312} | ret=SUCCESS |  
2019-08-22 07:03:28,433 | INFO  | DNAudit | user=null | ip=null | op=WRITE_CHUNK {blockData=conID: 1 locID: 102659352713953784 bcsId: 2312} | ret=SUCCESS |  
2019-08-22 07:03:28,434 | INFO  | DNAudit | user=null | ip=null | op=WRITE_CHUNK {blockData=conID: 1 locID: 102659352713953784 bcsId: 2306} | ret=SUCCESS |  
2019-08-22 07:03:28,434 | INFO  | DNAudit | user=null | ip=null | op=WRITE_CHUNK {blockData=conID: 1 locID: 102659352713953784 bcsId: 2312} | ret=SUCCESS |  
2019-08-22 07:03:28,434 | INFO  | DNAudit | user=null | ip=null | op=WRITE_CHUNK {blockData=conID: 1 locID: 102659352713953784 bcsId: 2306} | ret=SUCCESS |  
2019-08-22 07:03:28,434 | INFO  | DNAudit | user=null | ip=null | op=PUT_BLOCK {blockData=[blockId=conID: 1 locID: 102659352713953784 bcsId: 0,size=3145728]} | ret=SUCCESS |  
2019-08-22 07:03:28,437 | INFO  | DNAudit | user=null | ip=null | op=PUT_BLOCK {blockData=[blockId=conID: 1 locID: 102659352713953784 bcsId: 0,size=3145728]} | ret=SUCCESS |  
2019-08-22 07:03:28,438 | INFO  | DNAudit | user=null | ip=null | op=WRITE_CHUNK {blockData=conID: 1 locID: 102659352713953784 bcsId: 2312} | ret=SUCCESS |  
2019-08-22 07:03:28,438 | INFO  | DNAudit | user=null | ip=null | op=PUT_BLOCK {blockData=[blockId=conID: 1 locID: 102659352713953784 bcsId: 0,size=4194304]} | ret=SUCCESS |  
2019-08-22 07:03:28,438 [grpc-default-executor-5] INFO  client.GrpcClientProtocolClient (GrpcClientProtocolClient.java:onNext(255)) - client-CF63D631FA17->3cf1264f-5f6b-4138-aeee-2ff7d4522ead: receive RaftClientReply:client-CF63D631FA17->3cf1264f-5f6b-4138-aeee-2ff7d4522ead@group-561E16522154, cid=1604, SUCCESS, logIndex=2315, commits[3cf1264f-5f6b-4138-aeee-2ff7d4522ead:c2316, 4f0d1a15-8f14-4d9a-ad4f-8211e1245b5d:c2312, 6999f20e-c3f7-4db4-87ca-141c476f2a88:c2312]
2019-08-22 07:03:28,439 [grpc-default-executor-5] INFO  client.GrpcClientProtocolClient (GrpcClientProtocolClient.java:onNext(255)) - client-CF63D631FA17->3cf1264f-5f6b-4138-aeee-2ff7d4522ead: receive RaftClientReply:client-CF63D631FA17->3cf1264f-5f6b-4138-aeee-2ff7d4522ead@group-561E16522154, cid=1605, SUCCESS, logIndex=2316, commits[3cf1264f-5f6b-4138-aeee-2ff7d4522ead:c2316, 4f0d1a15-8f14-4d9a-ad4f-8211e1245b5d:c2312, 6999f20e-c3f7-4db4-87ca-141c476f2a88:c2312]
2019-08-22 07:03:28,441 | INFO  | DNAudit | user=null | ip=null | op=WRITE_CHUNK {blockData=conID: 1 locID: 102659352713953784 bcsId: 2312} | ret=SUCCESS |  
2019-08-22 07:03:28,442 | INFO  | DNAudit | user=null | ip=null | op=WRITE_CHUNK {blockData=conID: 1 locID: 102659352713953784 bcsId: 2312} | ret=SUCCESS |  
2019-08-22 07:03:28,445 | INFO  | DNAudit | user=null | ip=null | op=PUT_BLOCK {blockData=[blockId=conID: 1 locID: 102659352713953784 bcsId: 0,size=4194304]} | ret=SUCCESS |  
2019-08-22 07:03:28,445 | INFO  | DNAudit | user=null | ip=null | op=PUT_BLOCK {blockData=[blockId=conID: 1 locID: 102659352713953784 bcsId: 0,size=4194304]} | ret=SUCCESS |  
2019-08-22 07:03:28,445 [grpc-default-executor-5] INFO  client.GrpcClientProtocolClient (GrpcClientProtocolClient.java:onNext(255)) - client-CF63D631FA17->3cf1264f-5f6b-4138-aeee-2ff7d4522ead: receive RaftClientReply:client-CF63D631FA17->3cf1264f-5f6b-4138-aeee-2ff7d4522ead@group-561E16522154, cid=1606, SUCCESS, logIndex=0, commits[3cf1264f-5f6b-4138-aeee-2ff7d4522ead:c2318, 4f0d1a15-8f14-4d9a-ad4f-8211e1245b5d:c2316, 6999f20e-c3f7-4db4-87ca-141c476f2a88:c2316]
2019-08-22 07:03:28,451 | INFO  | SCMAudit | user=jenkins1000 | ip=192.168.34.31 | op=ALLOCATE_BLOCK {owner=04b6d46a-98e2-41b1-9f38-1870289993ea, size=4194304, type=RATIS, factor=THREE} | ret=SUCCESS |  
2019-08-22 07:03:28,454 | INFO  | OMAudit | user=jenkins1000 | ip=127.0.0.1 | op=ALLOCATE_BLOCK {volume=vol-0-14906, bucket=bucket-0-53153, key=key-0-33222, dataSize=0, replicationType=null, replicationFactor=null, keyLocationInfo=null, clientID=102659352017764754} | ret=SUCCESS |  
2019-08-22 07:03:28,462 | INFO  | DNAudit | user=null | ip=null | op=WRITE_CHUNK {blockData=conID: 2 locID: 102659352720245241 bcsId: 0} | ret=SUCCESS |  
2019-08-22 07:03:28,465 | INFO  | DNAudit | user=null | ip=null | op=WRITE_CHUNK {blockData=conID: 2 locID: 102659352720245241 bcsId: 0} | ret=SUCCESS |  
2019-08-22 07:03:28,465 | INFO  | DNAudit | user=null | ip=null | op=WRITE_CHUNK {blockData=conID: 2 locID: 102659352720245241 bcsId: 0} | ret=SUCCESS |  
2019-08-22 07:03:28,466 | INFO  | DNAudit | user=null | ip=null | op=WRITE_CHUNK {blockData=conID: 2 locID: 102659352720245241 bcsId: 0} | ret=SUCCESS |  
2019-08-22 07:03:28,468 | INFO  | DNAudit | user=null | ip=null | op=WRITE_CHUNK {blockData=conID: 2 locID: 102659352720245241 bcsId: 0} | ret=SUCCESS |  
2019-08-22 07:03:28,469 | INFO  | DNAudit | user=null | ip=null | op=WRITE_CHUNK {blockData=conID: 2 locID: 102659352720245241 bcsId: 0} | ret=SUCCESS |  
2019-08-22 07:03:28,474 | INFO  | DNAudit | user=null | ip=null | op=WRITE_CHUNK {blockData=conID: 2 locID: 102659352720245241 bcsId: 0} | ret=SUCCESS |  
2019-08-22 07:03:28,475 | INFO  | DNAudit | user=null | ip=null | op=PUT_BLOCK {blockData=[blockId=conID: 2 locID: 102659352720245241 bcsId: 0,size=1048576]} | ret=SUCCESS |  
2019-08-22 07:03:28,475 [grpc-default-executor-3] INFO  client.GrpcClientProtocolClient (GrpcClientProtocolClient.java:onNext(255)) - client-CF63D631FA17->3cf1264f-5f6b-4138-aeee-2ff7d4522ead: receive RaftClientReply:client-CF63D631FA17->3cf1264f-5f6b-4138-aeee-2ff7d4522ead@group-561E16522154, cid=1607, SUCCESS, logIndex=2319, commits[3cf1264f-5f6b-4138-aeee-2ff7d4522ead:c2320, 4f0d1a15-8f14-4d9a-ad4f-8211e1245b5d:c2318, 6999f20e-c3f7-4db4-87ca-141c476f2a88:c2318]
2019-08-22 07:03:28,475 | INFO  | DNAudit | user=null | ip=null | op=WRITE_CHUNK {blockData=conID: 2 locID: 102659352720245241 bcsId: 0} | ret=SUCCESS |  
2019-08-22 07:03:28,476 | INFO  | DNAudit | user=null | ip=null | op=PUT_BLOCK {blockData=[blockId=conID: 2 locID: 102659352720245241 bcsId: 0,size=2097152]} | ret=SUCCESS |  
2019-08-22 07:03:28,476 [grpc-default-executor-3] INFO  client.GrpcClientProtocolClient (GrpcClientProtocolClient.java:onNext(255)) - client-CF63D631FA17->3cf1264f-5f6b-4138-aeee-2ff7d4522ead: receive RaftClientReply:client-CF63D631FA17->3cf1264f-5f6b-4138-aeee-2ff7d4522ead@group-561E16522154, cid=1608, SUCCESS, logIndex=2320, commits[3cf1264f-5f6b-4138-aeee-2ff7d4522ead:c2322, 4f0d1a15-8f14-4d9a-ad4f-8211e1245b5d:c2318, 6999f20e-c3f7-4db4-87ca-141c476f2a88:c2318]
2019-08-22 07:03:28,476 [grpc-default-executor-3] INFO  client.GrpcClientProtocolClient (GrpcClientProtocolClient.java:onNext(255)) - client-CF63D631FA17->3cf1264f-5f6b-4138-aeee-2ff7d4522ead: receive RaftClientReply:client-CF63D631FA17->3cf1264f-5f6b-4138-aeee-2ff7d4522ead@group-561E16522154, cid=1609, SUCCESS, logIndex=2321, commits[3cf1264f-5f6b-4138-aeee-2ff7d4522ead:c2322, 4f0d1a15-8f14-4d9a-ad4f-8211e1245b5d:c2318, 6999f20e-c3f7-4db4-87ca-141c476f2a88:c2318]
2019-08-22 07:03:28,476 [grpc-default-executor-3] INFO  client.GrpcClientProtocolClient (GrpcClientProtocolClient.java:onNext(255)) - client-CF63D631FA17->3cf1264f-5f6b-4138-aeee-2ff7d4522ead: receive RaftClientReply:client-CF63D631FA17->3cf1264f-5f6b-4138-aeee-2ff7d4522ead@group-561E16522154, cid=1610, SUCCESS, logIndex=2322, commits[3cf1264f-5f6b-4138-aeee-2ff7d4522ead:c2322, 4f0d1a15-8f14-4d9a-ad4f-8211e1245b5d:c2318, 6999f20e-c3f7-4db4-87ca-141c476f2a88:c2318]
2019-08-22 07:03:28,488 | INFO  | DNAudit | user=null | ip=null | op=WRITE_CHUNK {blockData=conID: 2 locID: 102659352720245241 bcsId: 0} | ret=SUCCESS |  
2019-08-22 07:03:28,488 | INFO  | DNAudit | user=null | ip=null | op=PUT_BLOCK {blockData=[blockId=conID: 2 locID: 102659352720245241 bcsId: 0,size=1048576]} | ret=SUCCESS |  
2019-08-22 07:03:28,490 | INFO  | DNAudit | user=null | ip=null | op=WRITE_CHUNK {blockData=conID: 2 locID: 102659352720245241 bcsId: 0} | ret=SUCCESS |  
2019-08-22 07:03:28,490 | INFO  | DNAudit | user=null | ip=null | op=PUT_BLOCK {blockData=[blockId=conID: 2 locID: 102659352720245241 bcsId: 0,size=1048576]} | ret=SUCCESS |  
2019-08-22 07:03:28,490 | INFO  | DNAudit | user=null | ip=null | op=WRITE_CHUNK {blockData=conID: 2 locID: 102659352720245241 bcsId: 0} | ret=SUCCESS |  
2019-08-22 07:03:28,491 | INFO  | DNAudit | user=null | ip=null | op=PUT_BLOCK {blockData=[blockId=conID: 2 locID: 102659352720245241 bcsId: 0,size=2097152]} | ret=SUCCESS |  
2019-08-22 07:03:28,491 [grpc-default-executor-5] INFO  client.GrpcClientProtocolClient (GrpcClientProtocolClient.java:onNext(255)) - client-CF63D631FA17->3cf1264f-5f6b-4138-aeee-2ff7d4522ead: receive RaftClientReply:client-CF63D631FA17->3cf1264f-5f6b-4138-aeee-2ff7d4522ead@group-561E16522154, cid=1611, SUCCESS, logIndex=0, commits[3cf1264f-5f6b-4138-aeee-2ff7d4522ead:c2324, 4f0d1a15-8f14-4d9a-ad4f-8211e1245b5d:c2320, 6999f20e-c3f7-4db4-87ca-141c476f2a88:c2320]
2019-08-22 07:03:28,497 | INFO  | DNAudit | user=null | ip=null | op=WRITE_CHUNK {blockData=conID: 2 locID: 102659352720245241 bcsId: 2322} | ret=SUCCESS |  
2019-08-22 07:03:28,500 | INFO  | DNAudit | user=null | ip=null | op=WRITE_CHUNK {blockData=conID: 2 locID: 102659352720245241 bcsId: 2322} | ret=SUCCESS |  
2019-08-22 07:03:28,500 | INFO  | DNAudit | user=null | ip=null | op=WRITE_CHUNK {blockData=conID: 2 locID: 102659352720245241 bcsId: 2322} | ret=SUCCESS |  
2019-08-22 07:03:28,501 | INFO  | DNAudit | user=null | ip=null | op=WRITE_CHUNK {blockData=conID: 2 locID: 102659352720245241 bcsId: 0} | ret=SUCCESS |  
2019-08-22 07:03:28,501 | INFO  | DNAudit | user=null | ip=null | op=PUT_BLOCK {blockData=[blockId=conID: 2 locID: 102659352720245241 bcsId: 0,size=2097152]} | ret=SUCCESS |  
2019-08-22 07:03:28,504 | INFO  | DNAudit | user=null | ip=null | op=WRITE_CHUNK {blockData=conID: 2 locID: 102659352720245241 bcsId: 2322} | ret=SUCCESS |  
2019-08-22 07:03:28,505 | INFO  | DNAudit | user=null | ip=null | op=PUT_BLOCK {blockData=[blockId=conID: 2 locID: 102659352720245241 bcsId: 0,size=3145728]} | ret=SUCCESS |  
2019-08-22 07:03:28,505 [grpc-default-executor-1] INFO  client.GrpcClientProtocolClient (GrpcClientProtocolClient.java:onNext(255)) - client-CF63D631FA17->3cf1264f-5f6b-4138-aeee-2ff7d4522ead: receive RaftClientReply:client-CF63D631FA17->3cf1264f-5f6b-4138-aeee-2ff7d4522ead@group-561E16522154, cid=1612, SUCCESS, logIndex=2327, commits[3cf1264f-5f6b-4138-aeee-2ff7d4522ead:c2328, 4f0d1a15-8f14-4d9a-ad4f-8211e1245b5d:c2326, 6999f20e-c3f7-4db4-87ca-141c476f2a88:c2326]
2019-08-22 07:03:28,505 [grpc-default-executor-3] INFO  client.GrpcClientProtocolClient (GrpcClientProtocolClient.java:onNext(255)) - client-CF63D631FA17->3cf1264f-5f6b-4138-aeee-2ff7d4522ead: receive RaftClientReply:client-CF63D631FA17->3cf1264f-5f6b-4138-aeee-2ff7d4522ead@group-561E16522154, cid=1613, SUCCESS, logIndex=2328, commits[3cf1264f-5f6b-4138-aeee-2ff7d4522ead:c2328, 4f0d1a15-8f14-4d9a-ad4f-8211e1245b5d:c2326, 6999f20e-c3f7-4db4-87ca-141c476f2a88:c2326]
2019-08-22 07:03:28,512 | INFO  | DNAudit | user=null | ip=null | op=WRITE_CHUNK {blockData=conID: 2 locID: 102659352720245241 bcsId: 2328} | ret=SUCCESS |  
2019-08-22 07:03:28,514 | INFO  | DNAudit | user=null | ip=null | op=WRITE_CHUNK {blockData=conID: 2 locID: 102659352720245241 bcsId: 2328} | ret=SUCCESS |  
2019-08-22 07:03:28,515 | INFO  | DNAudit | user=null | ip=null | op=WRITE_CHUNK {blockData=conID: 2 locID: 102659352720245241 bcsId: 2328} | ret=SUCCESS |  
2019-08-22 07:03:28,517 | INFO  | DNAudit | user=null | ip=null | op=WRITE_CHUNK {blockData=conID: 2 locID: 102659352720245241 bcsId: 2322} | ret=SUCCESS |  
2019-08-22 07:03:28,517 | INFO  | DNAudit | user=null | ip=null | op=WRITE_CHUNK {blockData=conID: 2 locID: 102659352720245241 bcsId: 2322} | ret=SUCCESS |  
2019-08-22 07:03:28,521 | INFO  | SCMAudit | user=jenkins1000 | ip=192.168.34.31 | op=SEND_HEARTBEAT {datanodeUUID=f789f48f-f3d7-45ec-9bba-6a89e2bdcc9c, command=[]} | ret=SUCCESS |  
2019-08-22 07:03:28,528 | INFO  | DNAudit | user=null | ip=null | op=PUT_BLOCK {blockData=[blockId=conID: 2 locID: 102659352720245241 bcsId: 0,size=3145728]} | ret=SUCCESS |  
2019-08-22 07:03:28,528 | INFO  | DNAudit | user=null | ip=null | op=PUT_BLOCK {blockData=[blockId=conID: 2 locID: 102659352720245241 bcsId: 0,size=3145728]} | ret=SUCCESS |  
2019-08-22 07:03:28,529 | INFO  | DNAudit | user=null | ip=null | op=WRITE_CHUNK {blockData=conID: 2 locID: 102659352720245241 bcsId: 2328} | ret=SUCCESS |  
2019-08-22 07:03:28,530 | INFO  | DNAudit | user=null | ip=null | op=PUT_BLOCK {blockData=[blockId=conID: 2 locID: 102659352720245241 bcsId: 0,size=4194304]} | ret=SUCCESS |  
2019-08-22 07:03:28,530 [grpc-default-executor-5] INFO  client.GrpcClientProtocolClient (GrpcClientProtocolClient.java:onNext(255)) - client-CF63D631FA17->3cf1264f-5f6b-4138-aeee-2ff7d4522ead: receive RaftClientReply:client-CF63D631FA17->3cf1264f-5f6b-4138-aeee-2ff7d4522ead@group-561E16522154, cid=1614, SUCCESS, logIndex=2331, commits[3cf1264f-5f6b-4138-aeee-2ff7d4522ead:c2332, 4f0d1a15-8f14-4d9a-ad4f-8211e1245b5d:c2328, 6999f20e-c3f7-4db4-87ca-141c476f2a88:c2328]
2019-08-22 07:03:28,530 [grpc-default-executor-5] INFO  client.GrpcClientProtocolClient (GrpcClientProtocolClient.java:onNext(255)) - client-CF63D631FA17->3cf1264f-5f6b-4138-aeee-2ff7d4522ead: receive RaftClientReply:client-CF63D631FA17->3cf1264f-5f6b-4138-aeee-2ff7d4522ead@group-561E16522154, cid=1615, SUCCESS, logIndex=2332, commits[3cf1264f-5f6b-4138-aeee-2ff7d4522ead:c2332, 4f0d1a15-8f14-4d9a-ad4f-8211e1245b5d:c2328, 6999f20e-c3f7-4db4-87ca-141c476f2a88:c2328]
2019-08-22 07:03:28,542 | INFO  | DNAudit | user=null | ip=null | op=WRITE_CHUNK {blockData=conID: 2 locID: 102659352720245241 bcsId: 2328} | ret=SUCCESS |  
2019-08-22 07:03:28,542 | INFO  | DNAudit | user=null | ip=null | op=WRITE_CHUNK {blockData=conID: 2 locID: 102659352720245241 bcsId: 2328} | ret=SUCCESS |  
2019-08-22 07:03:28,554 | INFO  | DNAudit | user=null | ip=null | op=PUT_BLOCK {blockData=[blockId=conID: 2 locID: 102659352720245241 bcsId: 0,size=4194304]} | ret=SUCCESS |  
2019-08-22 07:03:28,554 | INFO  | DNAudit | user=null | ip=null | op=PUT_BLOCK {blockData=[blockId=conID: 2 locID: 102659352720245241 bcsId: 0,size=4194304]} | ret=SUCCESS |  
2019-08-22 07:03:28,554 [grpc-default-executor-1] INFO  client.GrpcClientProtocolClient (GrpcClientProtocolClient.java:onNext(255)) - client-CF63D631FA17->3cf1264f-5f6b-4138-aeee-2ff7d4522ead: receive RaftClientReply:client-CF63D631FA17->3cf1264f-5f6b-4138-aeee-2ff7d4522ead@group-561E16522154, cid=1616, SUCCESS, logIndex=0, commits[3cf1264f-5f6b-4138-aeee-2ff7d4522ead:c2334, 4f0d1a15-8f14-4d9a-ad4f-8211e1245b5d:c2332, 6999f20e-c3f7-4db4-87ca-141c476f2a88:c2332]
2019-08-22 07:03:28,560 | INFO  | SCMAudit | user=jenkins1000 | ip=192.168.34.31 | op=ALLOCATE_BLOCK {owner=04b6d46a-98e2-41b1-9f38-1870289993ea, size=4194304, type=RATIS, factor=THREE} | ret=SUCCESS |  
2019-08-22 07:03:28,563 | INFO  | OMAudit | user=jenkins1000 | ip=127.0.0.1 | op=ALLOCATE_BLOCK {volume=vol-0-14906, bucket=bucket-0-53153, key=key-0-33222, dataSize=0, replicationType=null, replicationFactor=null, keyLocationInfo=null, clientID=102659352017764754} | ret=SUCCESS |  
2019-08-22 07:03:28,571 | INFO  | DNAudit | user=null | ip=null | op=WRITE_CHUNK {blockData=conID: 3 locID: 102659352727388666 bcsId: 0} | ret=SUCCESS |  
2019-08-22 07:03:28,705 | INFO  | SCMAudit | user=jenkins1000 | ip=192.168.34.31 | op=SEND_HEARTBEAT {datanodeUUID=6ab6b5dd-7582-43bd-ad39-1af51ca14a47, command=[]} | ret=SUCCESS |  
2019-08-22 07:03:28,706 | INFO  | DNAudit | user=null | ip=null | op=WRITE_CHUNK {blockData=conID: 3 locID: 102659352727388666 bcsId: 0} | ret=SUCCESS |  
2019-08-22 07:03:28,707 | INFO  | DNAudit | user=null | ip=null | op=WRITE_CHUNK {blockData=conID: 3 locID: 102659352727388666 bcsId: 0} | ret=SUCCESS |  
2019-08-22 07:03:28,707 | INFO  | DNAudit | user=null | ip=null | op=WRITE_CHUNK {blockData=conID: 3 locID: 102659352727388666 bcsId: 0} | ret=SUCCESS |  
2019-08-22 07:03:28,711 | INFO  | DNAudit | user=null | ip=null | op=WRITE_CHUNK {blockData=conID: 3 locID: 102659352727388666 bcsId: 0} | ret=SUCCESS |  
2019-08-22 07:03:28,711 | INFO  | DNAudit | user=null | ip=null | op=WRITE_CHUNK {blockData=conID: 3 locID: 102659352727388666 bcsId: 0} | ret=SUCCESS |  
2019-08-22 07:03:28,719 | INFO  | DNAudit | user=null | ip=null | op=WRITE_CHUNK {blockData=conID: 3 locID: 102659352727388666 bcsId: 0} | ret=SUCCESS |  
2019-08-22 07:03:28,720 | INFO  | DNAudit | user=null | ip=null | op=PUT_BLOCK {blockData=[blockId=conID: 3 locID: 102659352727388666 bcsId: 0,size=1048576]} | ret=SUCCESS |  
2019-08-22 07:03:28,720 [grpc-default-executor-3] INFO  client.GrpcClientProtocolClient (GrpcClientProtocolClient.java:onNext(255)) - client-CF63D631FA17->3cf1264f-5f6b-4138-aeee-2ff7d4522ead: receive RaftClientReply:client-CF63D631FA17->3cf1264f-5f6b-4138-aeee-2ff7d4522ead@group-561E16522154, cid=1617, SUCCESS, logIndex=2335, commits[3cf1264f-5f6b-4138-aeee-2ff7d4522ead:c2336, 4f0d1a15-8f14-4d9a-ad4f-8211e1245b5d:c2334, 6999f20e-c3f7-4db4-87ca-141c476f2a88:c2332]
2019-08-22 07:03:28,721 [grpc-default-executor-3] INFO  client.GrpcClientProtocolClient (GrpcClientProtocolClient.java:onNext(255)) - client-CF63D631FA17->3cf1264f-5f6b-4138-aeee-2ff7d4522ead: receive RaftClientReply:client-CF63D631FA17->3cf1264f-5f6b-4138-aeee-2ff7d4522ead@group-561E16522154, cid=1618, SUCCESS, logIndex=2336, commits[3cf1264f-5f6b-4138-aeee-2ff7d4522ead:c2336, 4f0d1a15-8f14-4d9a-ad4f-8211e1245b5d:c2334, 6999f20e-c3f7-4db4-87ca-141c476f2a88:c2332]
2019-08-22 07:03:28,731 | INFO  | DNAudit | user=null | ip=null | op=WRITE_CHUNK {blockData=conID: 3 locID: 102659352727388666 bcsId: 0} | ret=SUCCESS |  
2019-08-22 07:03:28,732 | INFO  | DNAudit | user=null | ip=null | op=WRITE_CHUNK {blockData=conID: 3 locID: 102659352727388666 bcsId: 0} | ret=SUCCESS |  
2019-08-22 07:03:28,732 | INFO  | DNAudit | user=null | ip=null | op=PUT_BLOCK {blockData=[blockId=conID: 3 locID: 102659352727388666 bcsId: 0,size=2097152]} | ret=SUCCESS |  
2019-08-22 07:03:28,732 | INFO  | DNAudit | user=null | ip=null | op=PUT_BLOCK {blockData=[blockId=conID: 3 locID: 102659352727388666 bcsId: 0,size=1048576]} | ret=SUCCESS |  
2019-08-22 07:03:28,732 [grpc-default-executor-1] INFO  client.GrpcClientProtocolClient (GrpcClientProtocolClient.java:onNext(255)) - client-CF63D631FA17->3cf1264f-5f6b-4138-aeee-2ff7d4522ead: receive RaftClientReply:client-CF63D631FA17->3cf1264f-5f6b-4138-aeee-2ff7d4522ead@group-561E16522154, cid=1619, SUCCESS, logIndex=2337, commits[3cf1264f-5f6b-4138-aeee-2ff7d4522ead:c2338, 4f0d1a15-8f14-4d9a-ad4f-8211e1245b5d:c2334, 6999f20e-c3f7-4db4-87ca-141c476f2a88:c2334]
2019-08-22 07:03:28,733 | INFO  | DNAudit | user=null | ip=null | op=WRITE_CHUNK {blockData=conID: 3 locID: 102659352727388666 bcsId: 0} | ret=SUCCESS |  
2019-08-22 07:03:28,733 | INFO  | DNAudit | user=null | ip=null | op=PUT_BLOCK {blockData=[blockId=conID: 3 locID: 102659352727388666 bcsId: 0,size=1048576]} | ret=SUCCESS |  
2019-08-22 07:03:28,733 | INFO  | DNAudit | user=null | ip=null | op=WRITE_CHUNK {blockData=conID: 3 locID: 102659352727388666 bcsId: 0} | ret=SUCCESS |  
2019-08-22 07:03:28,733 [grpc-default-executor-1] INFO  client.GrpcClientProtocolClient (GrpcClientProtocolClient.java:onNext(255)) - client-CF63D631FA17->3cf1264f-5f6b-4138-aeee-2ff7d4522ead: receive RaftClientReply:client-CF63D631FA17->3cf1264f-5f6b-4138-aeee-2ff7d4522ead@group-561E16522154, cid=1620, SUCCESS, logIndex=2338, commits[3cf1264f-5f6b-4138-aeee-2ff7d4522ead:c2340, 4f0d1a15-8f14-4d9a-ad4f-8211e1245b5d:c2334, 6999f20e-c3f7-4db4-87ca-141c476f2a88:c2336]
2019-08-22 07:03:28,734 | INFO  | DNAudit | user=null | ip=null | op=WRITE_CHUNK {blockData=conID: 3 locID: 102659352727388666 bcsId: 0} | ret=SUCCESS |  
2019-08-22 07:03:28,735 | INFO  | DNAudit | user=null | ip=null | op=PUT_BLOCK {blockData=[blockId=conID: 3 locID: 102659352727388666 bcsId: 0,size=2097152]} | ret=SUCCESS |  
2019-08-22 07:03:28,735 [grpc-default-executor-1] INFO  client.GrpcClientProtocolClient (GrpcClientProtocolClient.java:onNext(255)) - client-CF63D631FA17->3cf1264f-5f6b-4138-aeee-2ff7d4522ead: receive RaftClientReply:client-CF63D631FA17->3cf1264f-5f6b-4138-aeee-2ff7d4522ead@group-561E16522154, cid=1621, SUCCESS, logIndex=0, commits[3cf1264f-5f6b-4138-aeee-2ff7d4522ead:c2341, 4f0d1a15-8f14-4d9a-ad4f-8211e1245b5d:c2336, 6999f20e-c3f7-4db4-87ca-141c476f2a88:c2337]
2019-08-22 07:03:28,736 | INFO  | DNAudit | user=null | ip=null | op=PUT_BLOCK {blockData=[blockId=conID: 3 locID: 102659352727388666 bcsId: 0,size=2097152]} | ret=SUCCESS |  
2019-08-22 07:03:28,743 | INFO  | DNAudit | user=null | ip=null | op=WRITE_CHUNK {blockData=conID: 3 locID: 102659352727388666 bcsId: 2338} | ret=SUCCESS |  
2019-08-22 07:03:28,747 | INFO  | DNAudit | user=null | ip=null | op=WRITE_CHUNK {blockData=conID: 3 locID: 102659352727388666 bcsId: 2338} | ret=SUCCESS |  
2019-08-22 07:03:28,747 | INFO  | DNAudit | user=null | ip=null | op=WRITE_CHUNK {blockData=conID: 3 locID: 102659352727388666 bcsId: 2338} | ret=SUCCESS |  
2019-08-22 07:03:28,757 | INFO  | DNAudit | user=null | ip=null | op=WRITE_CHUNK {blockData=conID: 3 locID: 102659352727388666 bcsId: 2338} | ret=SUCCESS |  
2019-08-22 07:03:28,758 | INFO  | DNAudit | user=null | ip=null | op=PUT_BLOCK {blockData=[blockId=conID: 3 locID: 102659352727388666 bcsId: 0,size=3145728]} | ret=SUCCESS |  
2019-08-22 07:03:28,758 [grpc-default-executor-1] INFO  client.GrpcClientProtocolClient (GrpcClientProtocolClient.java:onNext(255)) - client-CF63D631FA17->3cf1264f-5f6b-4138-aeee-2ff7d4522ead: receive RaftClientReply:client-CF63D631FA17->3cf1264f-5f6b-4138-aeee-2ff7d4522ead@group-561E16522154, cid=1622, SUCCESS, logIndex=2343, commits[3cf1264f-5f6b-4138-aeee-2ff7d4522ead:c2344, 4f0d1a15-8f14-4d9a-ad4f-8211e1245b5d:c2342, 6999f20e-c3f7-4db4-87ca-141c476f2a88:c2342]
2019-08-22 07:03:28,758 [grpc-default-executor-1] INFO  client.GrpcClientProtocolClient (GrpcClientProtocolClient.java:onNext(255)) - client-CF63D631FA17->3cf1264f-5f6b-4138-aeee-2ff7d4522ead: receive RaftClientReply:client-CF63D631FA17->3cf1264f-5f6b-4138-aeee-2ff7d4522ead@group-561E16522154, cid=1623, SUCCESS, logIndex=2344, commits[3cf1264f-5f6b-4138-aeee-2ff7d4522ead:c2344, 4f0d1a15-8f14-4d9a-ad4f-8211e1245b5d:c2342, 6999f20e-c3f7-4db4-87ca-141c476f2a88:c2342]
2019-08-22 07:03:28,766 | INFO  | DNAudit | user=null | ip=null | op=WRITE_CHUNK {blockData=conID: 3 locID: 102659352727388666 bcsId: 2344} | ret=SUCCESS |  
2019-08-22 07:03:28,770 | INFO  | DNAudit | user=null | ip=null | op=WRITE_CHUNK {blockData=conID: 3 locID: 102659352727388666 bcsId: 2344} | ret=SUCCESS |  
2019-08-22 07:03:28,770 | INFO  | DNAudit | user=null | ip=null | op=WRITE_CHUNK {blockData=conID: 3 locID: 102659352727388666 bcsId: 2344} | ret=SUCCESS |  
 0.00% |█                                                                                                    |  0/1 Time: 0:00:112019-08-22 07:03:28,775 | INFO  | DNAudit | user=null | ip=null | op=WRITE_CHUNK {blockData=conID: 3 locID: 102659352727388666 bcsId: 2338} | ret=SUCCESS |  
2019-08-22 07:03:28,775 | INFO  | DNAudit | user=null | ip=null | op=WRITE_CHUNK {blockData=conID: 3 locID: 102659352727388666 bcsId: 2338} | ret=SUCCESS |  
2019-08-22 07:03:28,775 | INFO  | DNAudit | user=null | ip=null | op=PUT_BLOCK {blockData=[blockId=conID: 3 locID: 102659352727388666 bcsId: 0,size=3145728]} | ret=SUCCESS |  
2019-08-22 07:03:28,775 | INFO  | DNAudit | user=null | ip=null | op=PUT_BLOCK {blockData=[blockId=conID: 3 locID: 102659352727388666 bcsId: 0,size=3145728]} | ret=SUCCESS |  
2019-08-22 07:03:28,778 | INFO  | DNAudit | user=null | ip=null | op=WRITE_CHUNK {blockData=conID: 3 locID: 102659352727388666 bcsId: 2344} | ret=SUCCESS |  
2019-08-22 07:03:28,779 | INFO  | DNAudit | user=null | ip=null | op=PUT_BLOCK {blockData=[blockId=conID: 3 locID: 102659352727388666 bcsId: 0,size=4194304]} | ret=SUCCESS |  
2019-08-22 07:03:28,779 [grpc-default-executor-0] INFO  client.GrpcClientProtocolClient (GrpcClientProtocolClient.java:onNext(255)) - client-CF63D631FA17->3cf1264f-5f6b-4138-aeee-2ff7d4522ead: receive RaftClientReply:client-CF63D631FA17->3cf1264f-5f6b-4138-aeee-2ff7d4522ead@group-561E16522154, cid=1624, SUCCESS, logIndex=2347, commits[3cf1264f-5f6b-4138-aeee-2ff7d4522ead:c2348, 4f0d1a15-8f14-4d9a-ad4f-8211e1245b5d:c2344, 6999f20e-c3f7-4db4-87ca-141c476f2a88:c2344]
2019-08-22 07:03:28,779 [grpc-default-executor-0] INFO  client.GrpcClientProtocolClient (GrpcClientProtocolClient.java:onNext(255)) - client-CF63D631FA17->3cf1264f-5f6b-4138-aeee-2ff7d4522ead: receive RaftClientReply:client-CF63D631FA17->3cf1264f-5f6b-4138-aeee-2ff7d4522ead@group-561E16522154, cid=1625, SUCCESS, logIndex=2348, commits[3cf1264f-5f6b-4138-aeee-2ff7d4522ead:c2348, 4f0d1a15-8f14-4d9a-ad4f-8211e1245b5d:c2344, 6999f20e-c3f7-4db4-87ca-141c476f2a88:c2344]
2019-08-22 07:03:28,789 | INFO  | DNAudit | user=null | ip=null | op=WRITE_CHUNK {blockData=conID: 3 locID: 102659352727388666 bcsId: 2344} | ret=SUCCESS |  
2019-08-22 07:03:28,789 | INFO  | DNAudit | user=null | ip=null | op=WRITE_CHUNK {blockData=conID: 3 locID: 102659352727388666 bcsId: 2344} | ret=SUCCESS |  
2019-08-22 07:03:28,792 | INFO  | DNAudit | user=null | ip=null | op=PUT_BLOCK {blockData=[blockId=conID: 3 locID: 102659352727388666 bcsId: 0,size=4194304]} | ret=SUCCESS |  
2019-08-22 07:03:28,792 | INFO  | DNAudit | user=null | ip=null | op=PUT_BLOCK {blockData=[blockId=conID: 3 locID: 102659352727388666 bcsId: 0,size=4194304]} | ret=SUCCESS |  
2019-08-22 07:03:28,793 [grpc-default-executor-1] INFO  client.GrpcClientProtocolClient (GrpcClientProtocolClient.java:onNext(255)) - client-CF63D631FA17->3cf1264f-5f6b-4138-aeee-2ff7d4522ead: receive RaftClientReply:client-CF63D631FA17->3cf1264f-5f6b-4138-aeee-2ff7d4522ead@group-561E16522154, cid=1626, SUCCESS, logIndex=0, commits[3cf1264f-5f6b-4138-aeee-2ff7d4522ead:c2349, 4f0d1a15-8f14-4d9a-ad4f-8211e1245b5d:c2348, 6999f20e-c3f7-4db4-87ca-141c476f2a88:c2348]
2019-08-22 07:03:28,797 | INFO  | SCMAudit | user=jenkins1000 | ip=192.168.34.31 | op=ALLOCATE_BLOCK {owner=04b6d46a-98e2-41b1-9f38-1870289993ea, size=4194304, type=RATIS, factor=THREE} | ret=SUCCESS |  
2019-08-22 07:03:28,801 | INFO  | OMAudit | user=jenkins1000 | ip=127.0.0.1 | op=ALLOCATE_BLOCK {volume=vol-0-14906, bucket=bucket-0-53153, key=key-0-33222, dataSize=0, replicationType=null, replicationFactor=null, keyLocationInfo=null, clientID=102659352017764754} | ret=SUCCESS |  
2019-08-22 07:03:28,808 | INFO  | DNAudit | user=null | ip=null | op=WRITE_CHUNK {blockData=conID: 1 locID: 102659352742920699 bcsId: 0} | ret=SUCCESS |  
2019-08-22 07:03:28,811 | INFO  | DNAudit | user=null | ip=null | op=WRITE_CHUNK {blockData=conID: 1 locID: 102659352742920699 bcsId: 0} | ret=SUCCESS |  
2019-08-22 07:03:28,812 | INFO  | DNAudit | user=null | ip=null | op=WRITE_CHUNK {blockData=conID: 1 locID: 102659352742920699 bcsId: 0} | ret=SUCCESS |  
2019-08-22 07:03:28,812 | INFO  | DNAudit | user=null | ip=null | op=WRITE_CHUNK {blockData=conID: 1 locID: 102659352742920699 bcsId: 0} | ret=SUCCESS |  
2019-08-22 07:03:28,814 | INFO  | DNAudit | user=null | ip=null | op=WRITE_CHUNK {blockData=conID: 1 locID: 102659352742920699 bcsId: 0} | ret=SUCCESS |  
2019-08-22 07:03:28,814 | INFO  | DNAudit | user=null | ip=null | op=WRITE_CHUNK {blockData=conID: 1 locID: 102659352742920699 bcsId: 0} | ret=SUCCESS |  
2019-08-22 07:03:28,823 | INFO  | DNAudit | user=null | ip=null | op=WRITE_CHUNK {blockData=conID: 1 locID: 102659352742920699 bcsId: 0} | ret=SUCCESS |  
2019-08-22 07:03:28,823 | INFO  | DNAudit | user=null | ip=null | op=PUT_BLOCK {blockData=[blockId=conID: 1 locID: 102659352742920699 bcsId: 0,size=1048576]} | ret=SUCCESS |  
2019-08-22 07:03:28,823 [grpc-default-executor-1] INFO  client.GrpcClientProtocolClient (GrpcClientProtocolClient.java:onNext(255)) - client-CF63D631FA17->3cf1264f-5f6b-4138-aeee-2ff7d4522ead: receive RaftClientReply:client-CF63D631FA17->3cf1264f-5f6b-4138-aeee-2ff7d4522ead@group-561E16522154, cid=1627, SUCCESS, logIndex=2351, commits[3cf1264f-5f6b-4138-aeee-2ff7d4522ead:c2352, 4f0d1a15-8f14-4d9a-ad4f-8211e1245b5d:c2350, 6999f20e-c3f7-4db4-87ca-141c476f2a88:c2350]
2019-08-22 07:03:28,824 [grpc-default-executor-1] INFO  client.GrpcClientProtocolClient (GrpcClientProtocolClient.java:onNext(255)) - client-CF63D631FA17->3cf1264f-5f6b-4138-aeee-2ff7d4522ead: receive RaftClientReply:client-CF63D631FA17->3cf1264f-5f6b-4138-aeee-2ff7d4522ead@group-561E16522154, cid=1628, SUCCESS, logIndex=2352, commits[3cf1264f-5f6b-4138-aeee-2ff7d4522ead:c2352, 4f0d1a15-8f14-4d9a-ad4f-8211e1245b5d:c2350, 6999f20e-c3f7-4db4-87ca-141c476f2a88:c2350]
2019-08-22 07:03:28,833 | INFO  | DNAudit | user=null | ip=null | op=WRITE_CHUNK {blockData=conID: 1 locID: 102659352742920699 bcsId: 0} | ret=SUCCESS |  
2019-08-22 07:03:28,833 | INFO  | DNAudit | user=null | ip=null | op=PUT_BLOCK {blockData=[blockId=conID: 1 locID: 102659352742920699 bcsId: 0,size=2097152]} | ret=SUCCESS |  
2019-08-22 07:03:28,833 [grpc-default-executor-1] INFO  client.GrpcClientProtocolClient (GrpcClientProtocolClient.java:onNext(255)) - client-CF63D631FA17->3cf1264f-5f6b-4138-aeee-2ff7d4522ead: receive RaftClientReply:client-CF63D631FA17->3cf1264f-5f6b-4138-aeee-2ff7d4522ead@group-561E16522154, cid=1629, SUCCESS, logIndex=2353, commits[3cf1264f-5f6b-4138-aeee-2ff7d4522ead:c2354, 4f0d1a15-8f14-4d9a-ad4f-8211e1245b5d:c2350, 6999f20e-c3f7-4db4-87ca-141c476f2a88:c2350]
2019-08-22 07:03:28,834 [grpc-default-executor-1] INFO  client.GrpcClientProtocolClient (GrpcClientProtocolClient.java:onNext(255)) - client-CF63D631FA17->3cf1264f-5f6b-4138-aeee-2ff7d4522ead: receive RaftClientReply:client-CF63D631FA17->3cf1264f-5f6b-4138-aeee-2ff7d4522ead@group-561E16522154, cid=1630, SUCCESS, logIndex=2354, commits[3cf1264f-5f6b-4138-aeee-2ff7d4522ead:c2354, 4f0d1a15-8f14-4d9a-ad4f-8211e1245b5d:c2350, 6999f20e-c3f7-4db4-87ca-141c476f2a88:c2350]
2019-08-22 07:03:28,835 | INFO  | DNAudit | user=null | ip=null | op=WRITE_CHUNK {blockData=conID: 1 locID: 102659352742920699 bcsId: 0} | ret=SUCCESS |  
2019-08-22 07:03:28,847 | INFO  | DNAudit | user=null | ip=null | op=WRITE_CHUNK {blockData=conID: 1 locID: 102659352742920699 bcsId: 0} | ret=SUCCESS |  
2019-08-22 07:03:28,848 | INFO  | DNAudit | user=null | ip=null | op=PUT_BLOCK {blockData=[blockId=conID: 1 locID: 102659352742920699 bcsId: 0,size=1048576]} | ret=SUCCESS |  
2019-08-22 07:03:28,848 | INFO  | DNAudit | user=null | ip=null | op=PUT_BLOCK {blockData=[blockId=conID: 1 locID: 102659352742920699 bcsId: 0,size=1048576]} | ret=SUCCESS |  
2019-08-22 07:03:28,848 | INFO  | DNAudit | user=null | ip=null | op=WRITE_CHUNK {blockData=conID: 1 locID: 102659352742920699 bcsId: 0} | ret=SUCCESS |  
2019-08-22 07:03:28,848 | INFO  | DNAudit | user=null | ip=null | op=WRITE_CHUNK {blockData=conID: 1 locID: 102659352742920699 bcsId: 0} | ret=SUCCESS |  
2019-08-22 07:03:28,849 | INFO  | DNAudit | user=null | ip=null | op=PUT_BLOCK {blockData=[blockId=conID: 1 locID: 102659352742920699 bcsId: 0,size=2097152]} | ret=SUCCESS |  
2019-08-22 07:03:28,848 [grpc-default-executor-1] INFO  client.GrpcClientProtocolClient (GrpcClientProtocolClient.java:onNext(255)) - client-CF63D631FA17->3cf1264f-5f6b-4138-aeee-2ff7d4522ead: receive RaftClientReply:client-CF63D631FA17->3cf1264f-5f6b-4138-aeee-2ff7d4522ead@group-561E16522154, cid=1631, SUCCESS, logIndex=0, commits[3cf1264f-5f6b-4138-aeee-2ff7d4522ead:c2356, 4f0d1a15-8f14-4d9a-ad4f-8211e1245b5d:c2352, 6999f20e-c3f7-4db4-87ca-141c476f2a88:c2352]
2019-08-22 07:03:28,849 | INFO  | DNAudit | user=null | ip=null | op=PUT_BLOCK {blockData=[blockId=conID: 1 locID: 102659352742920699 bcsId: 0,size=2097152]} | ret=SUCCESS |  
2019-08-22 07:03:28,856 | INFO  | DNAudit | user=null | ip=null | op=WRITE_CHUNK {blockData=conID: 1 locID: 102659352742920699 bcsId: 2354} | ret=SUCCESS |  
2019-08-22 07:03:28,860 | INFO  | DNAudit | user=null | ip=null | op=WRITE_CHUNK {blockData=conID: 1 locID: 102659352742920699 bcsId: 2354} | ret=SUCCESS |  
2019-08-22 07:03:28,860 | INFO  | DNAudit | user=null | ip=null | op=WRITE_CHUNK {blockData=conID: 1 locID: 102659352742920699 bcsId: 2354} | ret=SUCCESS |  
2019-08-22 07:03:28,872 | INFO  | DNAudit | user=null | ip=null | op=WRITE_CHUNK {blockData=conID: 1 locID: 102659352742920699 bcsId: 2354} | ret=SUCCESS |  
2019-08-22 07:03:28,873 | INFO  | DNAudit | user=null | ip=null | op=PUT_BLOCK {blockData=[blockId=conID: 1 locID: 102659352742920699 bcsId: 0,size=3145728]} | ret=SUCCESS |  
2019-08-22 07:03:28,873 [grpc-default-executor-5] INFO  client.GrpcClientProtocolClient (GrpcClientProtocolClient.java:onNext(255)) - client-CF63D631FA17->3cf1264f-5f6b-4138-aeee-2ff7d4522ead: receive RaftClientReply:client-CF63D631FA17->3cf1264f-5f6b-4138-aeee-2ff7d4522ead@group-561E16522154, cid=1632, SUCCESS, logIndex=2358, commits[3cf1264f-5f6b-4138-aeee-2ff7d4522ead:c2359, 4f0d1a15-8f14-4d9a-ad4f-8211e1245b5d:c2356, 6999f20e-c3f7-4db4-87ca-141c476f2a88:c2356]
2019-08-22 07:03:28,874 [grpc-default-executor-5] INFO  client.GrpcClientProtocolClient (GrpcClientProtocolClient.java:onNext(255)) - client-CF63D631FA17->3cf1264f-5f6b-4138-aeee-2ff7d4522ead: receive RaftClientReply:client-CF63D631FA17->3cf1264f-5f6b-4138-aeee-2ff7d4522ead@group-561E16522154, cid=1633, SUCCESS, logIndex=2359, commits[3cf1264f-5f6b-4138-aeee-2ff7d4522ead:c2359, 4f0d1a15-8f14-4d9a-ad4f-8211e1245b5d:c2356, 6999f20e-c3f7-4db4-87ca-141c476f2a88:c2356]
2019-08-22 07:03:28,882 | INFO  | DNAudit | user=null | ip=null | op=WRITE_CHUNK {blockData=conID: 1 locID: 102659352742920699 bcsId: 2359} | ret=SUCCESS |  
2019-08-22 07:03:28,884 | INFO  | DNAudit | user=null | ip=null | op=WRITE_CHUNK {blockData=conID: 1 locID: 102659352742920699 bcsId: 2359} | ret=SUCCESS |  
2019-08-22 07:03:28,885 | INFO  | DNAudit | user=null | ip=null | op=WRITE_CHUNK {blockData=conID: 1 locID: 102659352742920699 bcsId: 2359} | ret=SUCCESS |  
2019-08-22 07:03:28,886 | INFO  | DNAudit | user=null | ip=null | op=WRITE_CHUNK {blockData=conID: 1 locID: 102659352742920699 bcsId: 2354} | ret=SUCCESS |  
2019-08-22 07:03:28,886 | INFO  | DNAudit | user=null | ip=null | op=WRITE_CHUNK {blockData=conID: 1 locID: 102659352742920699 bcsId: 2354} | ret=SUCCESS |  
2019-08-22 07:03:28,898 | INFO  | DNAudit | user=null | ip=null | op=PUT_BLOCK {blockData=[blockId=conID: 1 locID: 102659352742920699 bcsId: 0,size=3145728]} | ret=SUCCESS |  
2019-08-22 07:03:28,899 | INFO  | DNAudit | user=null | ip=null | op=PUT_BLOCK {blockData=[blockId=conID: 1 locID: 102659352742920699 bcsId: 0,size=3145728]} | ret=SUCCESS |  
2019-08-22 07:03:28,899 | INFO  | DNAudit | user=null | ip=null | op=WRITE_CHUNK {blockData=conID: 1 locID: 102659352742920699 bcsId: 2359} | ret=SUCCESS |  
2019-08-22 07:03:28,900 | INFO  | DNAudit | user=null | ip=null | op=PUT_BLOCK {blockData=[blockId=conID: 1 locID: 102659352742920699 bcsId: 0,size=4194304]} | ret=SUCCESS |  
2019-08-22 07:03:28,900 [grpc-default-executor-1] INFO  client.GrpcClientProtocolClient (GrpcClientProtocolClient.java:onNext(255)) - client-CF63D631FA17->3cf1264f-5f6b-4138-aeee-2ff7d4522ead: receive RaftClientReply:client-CF63D631FA17->3cf1264f-5f6b-4138-aeee-2ff7d4522ead@group-561E16522154, cid=1634, SUCCESS, logIndex=2362, commits[3cf1264f-5f6b-4138-aeee-2ff7d4522ead:c2363, 4f0d1a15-8f14-4d9a-ad4f-8211e1245b5d:c2359, 6999f20e-c3f7-4db4-87ca-141c476f2a88:c2359]
2019-08-22 07:03:28,901 [grpc-default-executor-1] INFO  client.GrpcClientProtocolClient (GrpcClientProtocolClient.java:onNext(255)) - client-CF63D631FA17->3cf1264f-5f6b-4138-aeee-2ff7d4522ead: receive RaftClientReply:client-CF63D631FA17->3cf1264f-5f6b-4138-aeee-2ff7d4522ead@group-561E16522154, cid=1635, SUCCESS, logIndex=2363, commits[3cf1264f-5f6b-4138-aeee-2ff7d4522ead:c2363, 4f0d1a15-8f14-4d9a-ad4f-8211e1245b5d:c2359, 6999f20e-c3f7-4db4-87ca-141c476f2a88:c2359]
2019-08-22 07:03:28,912 | INFO  | DNAudit | user=null | ip=null | op=WRITE_CHUNK {blockData=conID: 1 locID: 102659352742920699 bcsId: 2359} | ret=SUCCESS |  
2019-08-22 07:03:28,913 | INFO  | DNAudit | user=null | ip=null | op=WRITE_CHUNK {blockData=conID: 1 locID: 102659352742920699 bcsId: 2359} | ret=SUCCESS |  
2019-08-22 07:03:28,913 | INFO  | DNAudit | user=null | ip=null | op=PUT_BLOCK {blockData=[blockId=conID: 1 locID: 102659352742920699 bcsId: 0,size=4194304]} | ret=SUCCESS |  
2019-08-22 07:03:28,913 | INFO  | DNAudit | user=null | ip=null | op=PUT_BLOCK {blockData=[blockId=conID: 1 locID: 102659352742920699 bcsId: 0,size=4194304]} | ret=SUCCESS |  
2019-08-22 07:03:28,913 [grpc-default-executor-1] INFO  client.GrpcClientProtocolClient (GrpcClientProtocolClient.java:onNext(255)) - client-CF63D631FA17->3cf1264f-5f6b-4138-aeee-2ff7d4522ead: receive RaftClientReply:client-CF63D631FA17->3cf1264f-5f6b-4138-aeee-2ff7d4522ead@group-561E16522154, cid=1636, SUCCESS, logIndex=0, commits[3cf1264f-5f6b-4138-aeee-2ff7d4522ead:c2364, 4f0d1a15-8f14-4d9a-ad4f-8211e1245b5d:c2363, 6999f20e-c3f7-4db4-87ca-141c476f2a88:c2363]
2019-08-22 07:03:28,919 | INFO  | SCMAudit | user=jenkins1000 | ip=192.168.34.31 | op=ALLOCATE_BLOCK {owner=04b6d46a-98e2-41b1-9f38-1870289993ea, size=4194304, type=RATIS, factor=THREE} | ret=SUCCESS |  
2019-08-22 07:03:28,923 | INFO  | OMAudit | user=jenkins1000 | ip=127.0.0.1 | op=ALLOCATE_BLOCK {volume=vol-0-14906, bucket=bucket-0-53153, key=key-0-33222, dataSize=0, replicationType=null, replicationFactor=null, keyLocationInfo=null, clientID=102659352017764754} | ret=SUCCESS |  
2019-08-22 07:03:28,924 | INFO  | SCMAudit | user=jenkins1000 | ip=192.168.34.31 | op=SEND_HEARTBEAT {datanodeUUID=4f0d1a15-8f14-4d9a-ad4f-8211e1245b5d, command=[]} | ret=SUCCESS |  
2019-08-22 07:03:28,925 | INFO  | SCMAudit | user=jenkins1000 | ip=192.168.34.31 | op=SEND_HEARTBEAT {datanodeUUID=3cf1264f-5f6b-4138-aeee-2ff7d4522ead, command=[]} | ret=SUCCESS |  
2019-08-22 07:03:28,925 | INFO  | SCMAudit | user=jenkins1000 | ip=192.168.34.31 | op=SEND_HEARTBEAT {datanodeUUID=6999f20e-c3f7-4db4-87ca-141c476f2a88, command=[]} | ret=SUCCESS |  
2019-08-22 07:03:28,932 | INFO  | DNAudit | user=null | ip=null | op=WRITE_CHUNK {blockData=conID: 2 locID: 102659352750916092 bcsId: 0} | ret=SUCCESS |  
2019-08-22 07:03:28,937 | INFO  | DNAudit | user=null | ip=null | op=WRITE_CHUNK {blockData=conID: 2 locID: 102659352750916092 bcsId: 0} | ret=SUCCESS |  
2019-08-22 07:03:28,937 | INFO  | DNAudit | user=null | ip=null | op=WRITE_CHUNK {blockData=conID: 2 locID: 102659352750916092 bcsId: 0} | ret=SUCCESS |  
2019-08-22 07:03:28,937 | INFO  | DNAudit | user=null | ip=null | op=WRITE_CHUNK {blockData=conID: 2 locID: 102659352750916092 bcsId: 0} | ret=SUCCESS |  
2019-08-22 07:03:28,939 | INFO  | DNAudit | user=null | ip=null | op=WRITE_CHUNK {blockData=conID: 2 locID: 102659352750916092 bcsId: 0} | ret=SUCCESS |  
2019-08-22 07:03:28,939 | INFO  | DNAudit | user=null | ip=null | op=WRITE_CHUNK {blockData=conID: 2 locID: 102659352750916092 bcsId: 0} | ret=SUCCESS |  
2019-08-22 07:03:28,943 | INFO  | DNAudit | user=null | ip=null | op=WRITE_CHUNK {blockData=conID: 2 locID: 102659352750916092 bcsId: 0} | ret=SUCCESS |  
2019-08-22 07:03:28,944 | INFO  | DNAudit | user=null | ip=null | op=PUT_BLOCK {blockData=[blockId=conID: 2 locID: 102659352750916092 bcsId: 0,size=1048576]} | ret=SUCCESS |  
2019-08-22 07:03:28,944 [grpc-default-executor-0] INFO  client.GrpcClientProtocolClient (GrpcClientProtocolClient.java:onNext(255)) - client-CF63D631FA17->3cf1264f-5f6b-4138-aeee-2ff7d4522ead: receive RaftClientReply:client-CF63D631FA17->3cf1264f-5f6b-4138-aeee-2ff7d4522ead@group-561E16522154, cid=1637, SUCCESS, logIndex=2366, commits[3cf1264f-5f6b-4138-aeee-2ff7d4522ead:c2367, 4f0d1a15-8f14-4d9a-ad4f-8211e1245b5d:c2363, 6999f20e-c3f7-4db4-87ca-141c476f2a88:c2365]
2019-08-22 07:03:28,945 | INFO  | DNAudit | user=null | ip=null | op=WRITE_CHUNK {blockData=conID: 2 locID: 102659352750916092 bcsId: 0} | ret=SUCCESS |  
2019-08-22 07:03:28,945 | INFO  | DNAudit | user=null | ip=null | op=PUT_BLOCK {blockData=[blockId=conID: 2 locID: 102659352750916092 bcsId: 0,size=2097152]} | ret=SUCCESS |  
2019-08-22 07:03:28,945 [grpc-default-executor-0] INFO  client.GrpcClientProtocolClient (GrpcClientProtocolClient.java:onNext(255)) - client-CF63D631FA17->3cf1264f-5f6b-4138-aeee-2ff7d4522ead: receive RaftClientReply:client-CF63D631FA17->3cf1264f-5f6b-4138-aeee-2ff7d4522ead@group-561E16522154, cid=1638, SUCCESS, logIndex=2367, commits[3cf1264f-5f6b-4138-aeee-2ff7d4522ead:c2369, 4f0d1a15-8f14-4d9a-ad4f-8211e1245b5d:c2363, 6999f20e-c3f7-4db4-87ca-141c476f2a88:c2365]
2019-08-22 07:03:28,945 [grpc-default-executor-0] INFO  client.GrpcClientProtocolClient (GrpcClientProtocolClient.java:onNext(255)) - client-CF63D631FA17->3cf1264f-5f6b-4138-aeee-2ff7d4522ead: receive RaftClientReply:client-CF63D631FA17->3cf1264f-5f6b-4138-aeee-2ff7d4522ead@group-561E16522154, cid=1639, SUCCESS, logIndex=2368, commits[3cf1264f-5f6b-4138-aeee-2ff7d4522ead:c2369, 4f0d1a15-8f14-4d9a-ad4f-8211e1245b5d:c2363, 6999f20e-c3f7-4db4-87ca-141c476f2a88:c2365]
2019-08-22 07:03:28,946 [grpc-default-executor-0] INFO  client.GrpcClientProtocolClient (GrpcClientProtocolClient.java:onNext(255)) - client-CF63D631FA17->3cf1264f-5f6b-4138-aeee-2ff7d4522ead: receive RaftClientReply:client-CF63D631FA17->3cf1264f-5f6b-4138-aeee-2ff7d4522ead@group-561E16522154, cid=1640, SUCCESS, logIndex=2369, commits[3cf1264f-5f6b-4138-aeee-2ff7d4522ead:c2369, 4f0d1a15-8f14-4d9a-ad4f-8211e1245b5d:c2363, 6999f20e-c3f7-4db4-87ca-141c476f2a88:c2365]
2019-08-22 07:03:28,950 | INFO  | DNAudit | user=null | ip=null | op=WRITE_CHUNK {blockData=conID: 2 locID: 102659352750916092 bcsId: 0} | ret=SUCCESS |  
2019-08-22 07:03:28,950 | INFO  | DNAudit | user=null | ip=null | op=PUT_BLOCK {blockData=[blockId=conID: 2 locID: 102659352750916092 bcsId: 0,size=1048576]} | ret=SUCCESS |  
2019-08-22 07:03:28,951 | INFO  | DNAudit | user=null | ip=null | op=WRITE_CHUNK {blockData=conID: 2 locID: 102659352750916092 bcsId: 0} | ret=SUCCESS |  
2019-08-22 07:03:28,952 | INFO  | DNAudit | user=null | ip=null | op=PUT_BLOCK {blockData=[blockId=conID: 2 locID: 102659352750916092 bcsId: 0,size=2097152]} | ret=SUCCESS |  
2019-08-22 07:03:28,952 | INFO  | DNAudit | user=null | ip=null | op=WRITE_CHUNK {blockData=conID: 2 locID: 102659352750916092 bcsId: 0} | ret=SUCCESS |  
2019-08-22 07:03:28,952 | INFO  | DNAudit | user=null | ip=null | op=PUT_BLOCK {blockData=[blockId=conID: 2 locID: 102659352750916092 bcsId: 0,size=1048576]} | ret=SUCCESS |  
2019-08-22 07:03:28,953 | INFO  | DNAudit | user=null | ip=null | op=WRITE_CHUNK {blockData=conID: 2 locID: 102659352750916092 bcsId: 0} | ret=SUCCESS |  
2019-08-22 07:03:28,953 [grpc-default-executor-1] INFO  client.GrpcClientProtocolClient (GrpcClientProtocolClient.java:onNext(255)) - client-CF63D631FA17->3cf1264f-5f6b-4138-aeee-2ff7d4522ead: receive RaftClientReply:client-CF63D631FA17->3cf1264f-5f6b-4138-aeee-2ff7d4522ead@group-561E16522154, cid=1641, SUCCESS, logIndex=0, commits[3cf1264f-5f6b-4138-aeee-2ff7d4522ead:c2373, 4f0d1a15-8f14-4d9a-ad4f-8211e1245b5d:c2367, 6999f20e-c3f7-4db4-87ca-141c476f2a88:c2369]
2019-08-22 07:03:28,953 | INFO  | DNAudit | user=null | ip=null | op=PUT_BLOCK {blockData=[blockId=conID: 2 locID: 102659352750916092 bcsId: 0,size=2097152]} | ret=SUCCESS |  
2019-08-22 07:03:28,961 | INFO  | DNAudit | user=null | ip=null | op=WRITE_CHUNK {blockData=conID: 2 locID: 102659352750916092 bcsId: 2369} | ret=SUCCESS |  
2019-08-22 07:03:28,964 | INFO  | DNAudit | user=null | ip=null | op=WRITE_CHUNK {blockData=conID: 2 locID: 102659352750916092 bcsId: 2369} | ret=SUCCESS |  
2019-08-22 07:03:28,965 | INFO  | DNAudit | user=null | ip=null | op=WRITE_CHUNK {blockData=conID: 2 locID: 102659352750916092 bcsId: 2369} | ret=SUCCESS |  
2019-08-22 07:03:28,987 | INFO  | DNAudit | user=null | ip=null | op=WRITE_CHUNK {blockData=conID: 2 locID: 102659352750916092 bcsId: 2369} | ret=SUCCESS |  
2019-08-22 07:03:28,988 | INFO  | DNAudit | user=null | ip=null | op=PUT_BLOCK {blockData=[blockId=conID: 2 locID: 102659352750916092 bcsId: 0,size=3145728]} | ret=SUCCESS |  
2019-08-22 07:03:28,988 [grpc-default-executor-0] INFO  client.GrpcClientProtocolClient (GrpcClientProtocolClient.java:onNext(255)) - client-CF63D631FA17->3cf1264f-5f6b-4138-aeee-2ff7d4522ead: receive RaftClientReply:client-CF63D631FA17->3cf1264f-5f6b-4138-aeee-2ff7d4522ead@group-561E16522154, cid=1642, SUCCESS, logIndex=2374, commits[3cf1264f-5f6b-4138-aeee-2ff7d4522ead:c2375, 4f0d1a15-8f14-4d9a-ad4f-8211e1245b5d:c2373, 6999f20e-c3f7-4db4-87ca-141c476f2a88:c2373]
2019-08-22 07:03:28,989 [grpc-default-executor-0] INFO  client.GrpcClientProtocolClient (GrpcClientProtocolClient.java:onNext(255)) - client-CF63D631FA17->3cf1264f-5f6b-4138-aeee-2ff7d4522ead: receive RaftClientReply:client-CF63D631FA17->3cf1264f-5f6b-4138-aeee-2ff7d4522ead@group-561E16522154, cid=1643, SUCCESS, logIndex=2375, commits[3cf1264f-5f6b-4138-aeee-2ff7d4522ead:c2375, 4f0d1a15-8f14-4d9a-ad4f-8211e1245b5d:c2373, 6999f20e-c3f7-4db4-87ca-141c476f2a88:c2373]
2019-08-22 07:03:28,997 | INFO  | DNAudit | user=null | ip=null | op=WRITE_CHUNK {blockData=conID: 2 locID: 102659352750916092 bcsId: 2375} | ret=SUCCESS |  
2019-08-22 07:03:28,999 | INFO  | DNAudit | user=null | ip=null | op=WRITE_CHUNK {blockData=conID: 2 locID: 102659352750916092 bcsId: 2369} | ret=SUCCESS |  
2019-08-22 07:03:28,999 | INFO  | DNAudit | user=null | ip=null | op=WRITE_CHUNK {blockData=conID: 2 locID: 102659352750916092 bcsId: 2369} | ret=SUCCESS |  
2019-08-22 07:03:29,000 | INFO  | DNAudit | user=null | ip=null | op=PUT_BLOCK {blockData=[blockId=conID: 2 locID: 102659352750916092 bcsId: 0,size=3145728]} | ret=SUCCESS |  
2019-08-22 07:03:29,000 | INFO  | DNAudit | user=null | ip=null | op=WRITE_CHUNK {blockData=conID: 2 locID: 102659352750916092 bcsId: 2375} | ret=SUCCESS |  
2019-08-22 07:03:29,000 | INFO  | DNAudit | user=null | ip=null | op=PUT_BLOCK {blockData=[blockId=conID: 2 locID: 102659352750916092 bcsId: 0,size=3145728]} | ret=SUCCESS |  
2019-08-22 07:03:29,000 | INFO  | DNAudit | user=null | ip=null | op=WRITE_CHUNK {blockData=conID: 2 locID: 102659352750916092 bcsId: 2375} | ret=SUCCESS |  
2019-08-22 07:03:29,012 | INFO  | DNAudit | user=null | ip=null | op=WRITE_CHUNK {blockData=conID: 2 locID: 102659352750916092 bcsId: 2375} | ret=SUCCESS |  
2019-08-22 07:03:29,013 | INFO  | DNAudit | user=null | ip=null | op=PUT_BLOCK {blockData=[blockId=conID: 2 locID: 102659352750916092 bcsId: 0,size=4194304]} | ret=SUCCESS |  
2019-08-22 07:03:29,013 [grpc-default-executor-0] INFO  client.GrpcClientProtocolClient (GrpcClientProtocolClient.java:onNext(255)) - client-CF63D631FA17->3cf1264f-5f6b-4138-aeee-2ff7d4522ead: receive RaftClientReply:client-CF63D631FA17->3cf1264f-5f6b-4138-aeee-2ff7d4522ead@group-561E16522154, cid=1644, SUCCESS, logIndex=2378, commits[3cf1264f-5f6b-4138-aeee-2ff7d4522ead:c2379, 4f0d1a15-8f14-4d9a-ad4f-8211e1245b5d:c2375, 6999f20e-c3f7-4db4-87ca-141c476f2a88:c2375]
2019-08-22 07:03:29,013 [grpc-default-executor-0] INFO  client.GrpcClientProtocolClient (GrpcClientProtocolClient.java:onNext(255)) - client-CF63D631FA17->3cf1264f-5f6b-4138-aeee-2ff7d4522ead: receive RaftClientReply:client-CF63D631FA17->3cf1264f-5f6b-4138-aeee-2ff7d4522ead@group-561E16522154, cid=1645, SUCCESS, logIndex=2379, commits[3cf1264f-5f6b-4138-aeee-2ff7d4522ead:c2379, 4f0d1a15-8f14-4d9a-ad4f-8211e1245b5d:c2375, 6999f20e-c3f7-4db4-87ca-141c476f2a88:c2375]
2019-08-22 07:03:29,014 | INFO  | DNAudit | user=null | ip=null | op=WRITE_CHUNK {blockData=conID: 2 locID: 102659352750916092 bcsId: 2375} | ret=SUCCESS |  
2019-08-22 07:03:29,014 | INFO  | DNAudit | user=null | ip=null | op=WRITE_CHUNK {blockData=conID: 2 locID: 102659352750916092 bcsId: 2375} | ret=SUCCESS |  
2019-08-22 07:03:29,014 | INFO  | DNAudit | user=null | ip=null | op=PUT_BLOCK {blockData=[blockId=conID: 2 locID: 102659352750916092 bcsId: 0,size=4194304]} | ret=SUCCESS |  
2019-08-22 07:03:29,014 | INFO  | DNAudit | user=null | ip=null | op=PUT_BLOCK {blockData=[blockId=conID: 2 locID: 102659352750916092 bcsId: 0,size=4194304]} | ret=SUCCESS |  
2019-08-22 07:03:29,015 [grpc-default-executor-1] INFO  client.GrpcClientProtocolClient (GrpcClientProtocolClient.java:onNext(255)) - client-CF63D631FA17->3cf1264f-5f6b-4138-aeee-2ff7d4522ead: receive RaftClientReply:client-CF63D631FA17->3cf1264f-5f6b-4138-aeee-2ff7d4522ead@group-561E16522154, cid=1646, SUCCESS, logIndex=0, commits[3cf1264f-5f6b-4138-aeee-2ff7d4522ead:c2380, 4f0d1a15-8f14-4d9a-ad4f-8211e1245b5d:c2379, 6999f20e-c3f7-4db4-87ca-141c476f2a88:c2379]
2019-08-22 07:03:29,020 | INFO  | SCMAudit | user=jenkins1000 | ip=192.168.34.31 | op=ALLOCATE_BLOCK {owner=04b6d46a-98e2-41b1-9f38-1870289993ea, size=4194304, type=RATIS, factor=THREE} | ret=SUCCESS |  
2019-08-22 07:03:29,023 | INFO  | OMAudit | user=jenkins1000 | ip=127.0.0.1 | op=ALLOCATE_BLOCK {volume=vol-0-14906, bucket=bucket-0-53153, key=key-0-33222, dataSize=0, replicationType=null, replicationFactor=null, keyLocationInfo=null, clientID=102659352017764754} | ret=SUCCESS |  
2019-08-22 07:03:29,032 | INFO  | DNAudit | user=null | ip=null | op=WRITE_CHUNK {blockData=conID: 3 locID: 102659352757535229 bcsId: 0} | ret=SUCCESS |  
2019-08-22 07:03:29,035 | INFO  | DNAudit | user=null | ip=null | op=WRITE_CHUNK {blockData=conID: 3 locID: 102659352757535229 bcsId: 0} | ret=SUCCESS |  
2019-08-22 07:03:29,036 | INFO  | DNAudit | user=null | ip=null | op=WRITE_CHUNK {blockData=conID: 3 locID: 102659352757535229 bcsId: 0} | ret=SUCCESS |  
2019-08-22 07:03:29,036 | INFO  | DNAudit | user=null | ip=null | op=WRITE_CHUNK {blockData=conID: 3 locID: 102659352757535229 bcsId: 0} | ret=SUCCESS |  
2019-08-22 07:03:29,039 | INFO  | DNAudit | user=null | ip=null | op=WRITE_CHUNK {blockData=conID: 3 locID: 102659352757535229 bcsId: 0} | ret=SUCCESS |  
2019-08-22 07:03:29,040 | INFO  | DNAudit | user=null | ip=null | op=WRITE_CHUNK {blockData=conID: 3 locID: 102659352757535229 bcsId: 0} | ret=SUCCESS |  
2019-08-22 07:03:29,046 | INFO  | DNAudit | user=null | ip=null | op=WRITE_CHUNK {blockData=conID: 3 locID: 102659352757535229 bcsId: 0} | ret=SUCCESS |  
2019-08-22 07:03:29,047 | INFO  | DNAudit | user=null | ip=null | op=PUT_BLOCK {blockData=[blockId=conID: 3 locID: 102659352757535229 bcsId: 0,size=1048576]} | ret=SUCCESS |  
2019-08-22 07:03:29,047 [grpc-default-executor-0] INFO  client.GrpcClientProtocolClient (GrpcClientProtocolClient.java:onNext(255)) - client-CF63D631FA17->3cf1264f-5f6b-4138-aeee-2ff7d4522ead: receive RaftClientReply:client-CF63D631FA17->3cf1264f-5f6b-4138-aeee-2ff7d4522ead@group-561E16522154, cid=1647, SUCCESS, logIndex=2382, commits[3cf1264f-5f6b-4138-aeee-2ff7d4522ead:c2383, 4f0d1a15-8f14-4d9a-ad4f-8211e1245b5d:c2381, 6999f20e-c3f7-4db4-87ca-141c476f2a88:c2381]
2019-08-22 07:03:29,047 [grpc-default-executor-0] INFO  client.GrpcClientProtocolClient (GrpcClientProtocolClient.java:onNext(255)) - client-CF63D631FA17->3cf1264f-5f6b-4138-aeee-2ff7d4522ead: receive RaftClientReply:client-CF63D631FA17->3cf1264f-5f6b-4138-aeee-2ff7d4522ead@group-561E16522154, cid=1648, SUCCESS, logIndex=2383, commits[3cf1264f-5f6b-4138-aeee-2ff7d4522ead:c2383, 4f0d1a15-8f14-4d9a-ad4f-8211e1245b5d:c2381, 6999f20e-c3f7-4db4-87ca-141c476f2a88:c2381]
2019-08-22 07:03:29,049 | INFO  | DNAudit | user=null | ip=null | op=WRITE_CHUNK {blockData=conID: 3 locID: 102659352757535229 bcsId: 0} | ret=SUCCESS |  
2019-08-22 07:03:29,050 | INFO  | DNAudit | user=null | ip=null | op=PUT_BLOCK {blockData=[blockId=conID: 3 locID: 102659352757535229 bcsId: 0,size=2097152]} | ret=SUCCESS |  
2019-08-22 07:03:29,050 [grpc-default-executor-0] INFO  client.GrpcClientProtocolClient (GrpcClientProtocolClient.java:onNext(255)) - client-CF63D631FA17->3cf1264f-5f6b-4138-aeee-2ff7d4522ead: receive RaftClientReply:client-CF63D631FA17->3cf1264f-5f6b-4138-aeee-2ff7d4522ead@group-561E16522154, cid=1649, SUCCESS, logIndex=2384, commits[3cf1264f-5f6b-4138-aeee-2ff7d4522ead:c2385, 4f0d1a15-8f14-4d9a-ad4f-8211e1245b5d:c2381, 6999f20e-c3f7-4db4-87ca-141c476f2a88:c2381]
2019-08-22 07:03:29,051 [grpc-default-executor-0] INFO  client.GrpcClientProtocolClient (GrpcClientProtocolClient.java:onNext(255)) - client-CF63D631FA17->3cf1264f-5f6b-4138-aeee-2ff7d4522ead: receive RaftClientReply:client-CF63D631FA17->3cf1264f-5f6b-4138-aeee-2ff7d4522ead@group-561E16522154, cid=1650, SUCCESS, logIndex=2385, commits[3cf1264f-5f6b-4138-aeee-2ff7d4522ead:c2385, 4f0d1a15-8f14-4d9a-ad4f-8211e1245b5d:c2381, 6999f20e-c3f7-4db4-87ca-141c476f2a88:c2381]
2019-08-22 07:03:29,061 | INFO  | DNAudit | user=null | ip=null | op=WRITE_CHUNK {blockData=conID: 3 locID: 102659352757535229 bcsId: 0} | ret=SUCCESS |  
2019-08-22 07:03:29,061 | INFO  | DNAudit | user=null | ip=null | op=PUT_BLOCK {blockData=[blockId=conID: 3 locID: 102659352757535229 bcsId: 0,size=1048576]} | ret=SUCCESS |  
2019-08-22 07:03:29,062 | INFO  | DNAudit | user=null | ip=null | op=WRITE_CHUNK {blockData=conID: 3 locID: 102659352757535229 bcsId: 0} | ret=SUCCESS |  
2019-08-22 07:03:29,062 | INFO  | DNAudit | user=null | ip=null | op=PUT_BLOCK {blockData=[blockId=conID: 3 locID: 102659352757535229 bcsId: 0,size=1048576]} | ret=SUCCESS |  
2019-08-22 07:03:29,062 | INFO  | DNAudit | user=null | ip=null | op=WRITE_CHUNK {blockData=conID: 3 locID: 102659352757535229 bcsId: 0} | ret=SUCCESS |  
2019-08-22 07:03:29,062 | INFO  | DNAudit | user=null | ip=null | op=PUT_BLOCK {blockData=[blockId=conID: 3 locID: 102659352757535229 bcsId: 0,size=2097152]} | ret=SUCCESS |  
2019-08-22 07:03:29,062 [grpc-default-executor-0] INFO  client.GrpcClientProtocolClient (GrpcClientProtocolClient.java:onNext(255)) - client-CF63D631FA17->3cf1264f-5f6b-4138-aeee-2ff7d4522ead: receive RaftClientReply:client-CF63D631FA17->3cf1264f-5f6b-4138-aeee-2ff7d4522ead@group-561E16522154, cid=1651, SUCCESS, logIndex=0, commits[3cf1264f-5f6b-4138-aeee-2ff7d4522ead:c2387, 4f0d1a15-8f14-4d9a-ad4f-8211e1245b5d:c2383, 6999f20e-c3f7-4db4-87ca-141c476f2a88:c2383]
2019-08-22 07:03:29,064 | INFO  | DNAudit | user=null | ip=null | op=WRITE_CHUNK {blockData=conID: 3 locID: 102659352757535229 bcsId: 0} | ret=SUCCESS |  
2019-08-22 07:03:29,064 | INFO  | DNAudit | user=null | ip=null | op=PUT_BLOCK {blockData=[blockId=conID: 3 locID: 102659352757535229 bcsId: 0,size=2097152]} | ret=SUCCESS |  
2019-08-22 07:03:29,070 | INFO  | DNAudit | user=null | ip=null | op=WRITE_CHUNK {blockData=conID: 3 locID: 102659352757535229 bcsId: 2385} | ret=SUCCESS |  
2019-08-22 07:03:29,074 | INFO  | DNAudit | user=null | ip=null | op=WRITE_CHUNK {blockData=conID: 3 locID: 102659352757535229 bcsId: 2385} | ret=SUCCESS |  
2019-08-22 07:03:29,074 | INFO  | DNAudit | user=null | ip=null | op=WRITE_CHUNK {blockData=conID: 3 locID: 102659352757535229 bcsId: 2385} | ret=SUCCESS |  
2019-08-22 07:03:29,083 | INFO  | DNAudit | user=null | ip=null | op=WRITE_CHUNK {blockData=conID: 3 locID: 102659352757535229 bcsId: 2385} | ret=SUCCESS |  
2019-08-22 07:03:29,083 | INFO  | DNAudit | user=null | ip=null | op=PUT_BLOCK {blockData=[blockId=conID: 3 locID: 102659352757535229 bcsId: 0,size=3145728]} | ret=SUCCESS |  
2019-08-22 07:03:29,083 [grpc-default-executor-1] INFO  client.GrpcClientProtocolClient (GrpcClientProtocolClient.java:onNext(255)) - client-CF63D631FA17->3cf1264f-5f6b-4138-aeee-2ff7d4522ead: receive RaftClientReply:client-CF63D631FA17->3cf1264f-5f6b-4138-aeee-2ff7d4522ead@group-561E16522154, cid=1652, SUCCESS, logIndex=2389, commits[3cf1264f-5f6b-4138-aeee-2ff7d4522ead:c2390, 4f0d1a15-8f14-4d9a-ad4f-8211e1245b5d:c2388, 6999f20e-c3f7-4db4-87ca-141c476f2a88:c2388]
2019-08-22 07:03:29,084 [grpc-default-executor-1] INFO  client.GrpcClientProtocolClient (GrpcClientProtocolClient.java:onNext(255)) - client-CF63D631FA17->3cf1264f-5f6b-4138-aeee-2ff7d4522ead: receive RaftClientReply:client-CF63D631FA17->3cf1264f-5f6b-4138-aeee-2ff7d4522ead@group-561E16522154, cid=1653, SUCCESS, logIndex=2390, commits[3cf1264f-5f6b-4138-aeee-2ff7d4522ead:c2390, 4f0d1a15-8f14-4d9a-ad4f-8211e1245b5d:c2388, 6999f20e-c3f7-4db4-87ca-141c476f2a88:c2388]
2019-08-22 07:03:29,091 | INFO  | DNAudit | user=null | ip=null | op=WRITE_CHUNK {blockData=conID: 3 locID: 102659352757535229 bcsId: 2390} | ret=SUCCESS |  
2019-08-22 07:03:29,094 | INFO  | DNAudit | user=null | ip=null | op=WRITE_CHUNK {blockData=conID: 3 locID: 102659352757535229 bcsId: 2390} | ret=SUCCESS |  
2019-08-22 07:03:29,094 | INFO  | DNAudit | user=null | ip=null | op=WRITE_CHUNK {blockData=conID: 3 locID: 102659352757535229 bcsId: 2390} | ret=SUCCESS |  
2019-08-22 07:03:29,096 | INFO  | DNAudit | user=null | ip=null | op=WRITE_CHUNK {blockData=conID: 3 locID: 102659352757535229 bcsId: 2385} | ret=SUCCESS |  
2019-08-22 07:03:29,096 | INFO  | DNAudit | user=null | ip=null | op=WRITE_CHUNK {blockData=conID: 3 locID: 102659352757535229 bcsId: 2385} | ret=SUCCESS |  
2019-08-22 07:03:29,109 | INFO  | DNAudit | user=null | ip=null | op=PUT_BLOCK {blockData=[blockId=conID: 3 locID: 102659352757535229 bcsId: 0,size=3145728]} | ret=SUCCESS |  
2019-08-22 07:03:29,109 | INFO  | DNAudit | user=null | ip=null | op=PUT_BLOCK {blockData=[blockId=conID: 3 locID: 102659352757535229 bcsId: 0,size=3145728]} | ret=SUCCESS |  
2019-08-22 07:03:29,109 | INFO  | DNAudit | user=null | ip=null | op=WRITE_CHUNK {blockData=conID: 3 locID: 102659352757535229 bcsId: 2390} | ret=SUCCESS |  
2019-08-22 07:03:29,110 | INFO  | DNAudit | user=null | ip=null | op=PUT_BLOCK {blockData=[blockId=conID: 3 locID: 102659352757535229 bcsId: 0,size=4194304]} | ret=SUCCESS |  
2019-08-22 07:03:29,110 [grpc-default-executor-0] INFO  client.GrpcClientProtocolClient (GrpcClientProtocolClient.java:onNext(255)) - client-CF63D631FA17->3cf1264f-5f6b-4138-aeee-2ff7d4522ead: receive RaftClientReply:client-CF63D631FA17->3cf1264f-5f6b-4138-aeee-2ff7d4522ead@group-561E16522154, cid=1654, SUCCESS, logIndex=2393, commits[3cf1264f-5f6b-4138-aeee-2ff7d4522ead:c2394, 4f0d1a15-8f14-4d9a-ad4f-8211e1245b5d:c2390, 6999f20e-c3f7-4db4-87ca-141c476f2a88:c2390]
2019-08-22 07:03:29,110 [grpc-default-executor-0] INFO  client.GrpcClientProtocolClient (GrpcClientProtocolClient.java:onNext(255)) - client-CF63D631FA17->3cf1264f-5f6b-4138-aeee-2ff7d4522ead: receive RaftClientReply:client-CF63D631FA17->3cf1264f-5f6b-4138-aeee-2ff7d4522ead@group-561E16522154, cid=1655, SUCCESS, logIndex=2394, commits[3cf1264f-5f6b-4138-aeee-2ff7d4522ead:c2394, 4f0d1a15-8f14-4d9a-ad4f-8211e1245b5d:c2390, 6999f20e-c3f7-4db4-87ca-141c476f2a88:c2390]
2019-08-22 07:03:29,123 | INFO  | DNAudit | user=null | ip=null | op=WRITE_CHUNK {blockData=conID: 3 locID: 102659352757535229 bcsId: 2390} | ret=SUCCESS |  
2019-08-22 07:03:29,123 | INFO  | DNAudit | user=null | ip=null | op=WRITE_CHUNK {blockData=conID: 3 locID: 102659352757535229 bcsId: 2390} | ret=SUCCESS |  
2019-08-22 07:03:29,136 | INFO  | DNAudit | user=null | ip=null | op=PUT_BLOCK {blockData=[blockId=conID: 3 locID: 102659352757535229 bcsId: 0,size=4194304]} | ret=SUCCESS |  
2019-08-22 07:03:29,136 | INFO  | DNAudit | user=null | ip=null | op=PUT_BLOCK {blockData=[blockId=conID: 3 locID: 102659352757535229 bcsId: 0,size=4194304]} | ret=SUCCESS |  
2019-08-22 07:03:29,136 [grpc-default-executor-1] INFO  client.GrpcClientProtocolClient (GrpcClientProtocolClient.java:onNext(255)) - client-CF63D631FA17->3cf1264f-5f6b-4138-aeee-2ff7d4522ead: receive RaftClientReply:client-CF63D631FA17->3cf1264f-5f6b-4138-aeee-2ff7d4522ead@group-561E16522154, cid=1656, SUCCESS, logIndex=0, commits[3cf1264f-5f6b-4138-aeee-2ff7d4522ead:c2396, 4f0d1a15-8f14-4d9a-ad4f-8211e1245b5d:c2394, 6999f20e-c3f7-4db4-87ca-141c476f2a88:c2394]
2019-08-22 07:03:29,141 | INFO  | SCMAudit | user=jenkins1000 | ip=192.168.34.31 | op=ALLOCATE_BLOCK {owner=04b6d46a-98e2-41b1-9f38-1870289993ea, size=4194304, type=RATIS, factor=THREE} | ret=SUCCESS |  
2019-08-22 07:03:29,145 | INFO  | OMAudit | user=jenkins1000 | ip=127.0.0.1 | op=ALLOCATE_BLOCK {volume=vol-0-14906, bucket=bucket-0-53153, key=key-0-33222, dataSize=0, replicationType=null, replicationFactor=null, keyLocationInfo=null, clientID=102659352017764754} | ret=SUCCESS |  
2019-08-22 07:03:29,153 | INFO  | DNAudit | user=null | ip=null | op=WRITE_CHUNK {blockData=conID: 1 locID: 102659352765465086 bcsId: 0} | ret=SUCCESS |  
2019-08-22 07:03:29,157 | INFO  | DNAudit | user=null | ip=null | op=WRITE_CHUNK {blockData=conID: 1 locID: 102659352765465086 bcsId: 0} | ret=SUCCESS |  
2019-08-22 07:03:29,157 | INFO  | DNAudit | user=null | ip=null | op=WRITE_CHUNK {blockData=conID: 1 locID: 102659352765465086 bcsId: 0} | ret=SUCCESS |  
2019-08-22 07:03:29,157 | INFO  | DNAudit | user=null | ip=null | op=WRITE_CHUNK {blockData=conID: 1 locID: 102659352765465086 bcsId: 0} | ret=SUCCESS |  
2019-08-22 07:03:29,159 | INFO  | DNAudit | user=null | ip=null | op=WRITE_CHUNK {blockData=conID: 1 locID: 102659352765465086 bcsId: 0} | ret=SUCCESS |  
2019-08-22 07:03:29,160 | INFO  | DNAudit | user=null | ip=null | op=WRITE_CHUNK {blockData=conID: 1 locID: 102659352765465086 bcsId: 0} | ret=SUCCESS |  
2019-08-22 07:03:29,167 | INFO  | DNAudit | user=null | ip=null | op=WRITE_CHUNK {blockData=conID: 1 locID: 102659352765465086 bcsId: 0} | ret=SUCCESS |  
2019-08-22 07:03:29,167 | INFO  | DNAudit | user=null | ip=null | op=PUT_BLOCK {blockData=[blockId=conID: 1 locID: 102659352765465086 bcsId: 0,size=1048576]} | ret=SUCCESS |  
2019-08-22 07:03:29,167 [grpc-default-executor-0] INFO  client.GrpcClientProtocolClient (GrpcClientProtocolClient.java:onNext(255)) - client-CF63D631FA17->3cf1264f-5f6b-4138-aeee-2ff7d4522ead: receive RaftClientReply:client-CF63D631FA17->3cf1264f-5f6b-4138-aeee-2ff7d4522ead@group-561E16522154, cid=1657, SUCCESS, logIndex=2397, commits[3cf1264f-5f6b-4138-aeee-2ff7d4522ead:c2398, 4f0d1a15-8f14-4d9a-ad4f-8211e1245b5d:c2396, 6999f20e-c3f7-4db4-87ca-141c476f2a88:c2396]
2019-08-22 07:03:29,168 [grpc-default-executor-0] INFO  client.GrpcClientProtocolClient (GrpcClientProtocolClient.java:onNext(255)) - client-CF63D631FA17->3cf1264f-5f6b-4138-aeee-2ff7d4522ead: receive RaftClientReply:client-CF63D631FA17->3cf1264f-5f6b-4138-aeee-2ff7d4522ead@group-561E16522154, cid=1658, SUCCESS, logIndex=2398, commits[3cf1264f-5f6b-4138-aeee-2ff7d4522ead:c2398, 4f0d1a15-8f14-4d9a-ad4f-8211e1245b5d:c2396, 6999f20e-c3f7-4db4-87ca-141c476f2a88:c2396]
2019-08-22 07:03:29,177 | INFO  | DNAudit | user=null | ip=null | op=WRITE_CHUNK {blockData=conID: 1 locID: 102659352765465086 bcsId: 0} | ret=SUCCESS |  
2019-08-22 07:03:29,177 | INFO  | DNAudit | user=null | ip=null | op=PUT_BLOCK {blockData=[blockId=conID: 1 locID: 102659352765465086 bcsId: 0,size=2097152]} | ret=SUCCESS |  
2019-08-22 07:03:29,177 [grpc-default-executor-1] INFO  client.GrpcClientProtocolClient (GrpcClientProtocolClient.java:onNext(255)) - client-CF63D631FA17->3cf1264f-5f6b-4138-aeee-2ff7d4522ead: receive RaftClientReply:client-CF63D631FA17->3cf1264f-5f6b-4138-aeee-2ff7d4522ead@group-561E16522154, cid=1659, SUCCESS, logIndex=2399, commits[3cf1264f-5f6b-4138-aeee-2ff7d4522ead:c2400, 4f0d1a15-8f14-4d9a-ad4f-8211e1245b5d:c2396, 6999f20e-c3f7-4db4-87ca-141c476f2a88:c2396]
2019-08-22 07:03:29,178 [grpc-default-executor-1] INFO  client.GrpcClientProtocolClient (GrpcClientProtocolClient.java:onNext(255)) - client-CF63D631FA17->3cf1264f-5f6b-4138-aeee-2ff7d4522ead: receive RaftClientReply:client-CF63D631FA17->3cf1264f-5f6b-4138-aeee-2ff7d4522ead@group-561E16522154, cid=1660, SUCCESS, logIndex=2400, commits[3cf1264f-5f6b-4138-aeee-2ff7d4522ead:c2400, 4f0d1a15-8f14-4d9a-ad4f-8211e1245b5d:c2396, 6999f20e-c3f7-4db4-87ca-141c476f2a88:c2396]
2019-08-22 07:03:29,180 | INFO  | DNAudit | user=null | ip=null | op=WRITE_CHUNK {blockData=conID: 1 locID: 102659352765465086 bcsId: 0} | ret=SUCCESS |  
2019-08-22 07:03:29,192 | INFO  | DNAudit | user=null | ip=null | op=WRITE_CHUNK {blockData=conID: 1 locID: 102659352765465086 bcsId: 0} | ret=SUCCESS |  
2019-08-22 07:03:29,192 | INFO  | DNAudit | user=null | ip=null | op=PUT_BLOCK {blockData=[blockId=conID: 1 locID: 102659352765465086 bcsId: 0,size=1048576]} | ret=SUCCESS |  
2019-08-22 07:03:29,193 | INFO  | DNAudit | user=null | ip=null | op=PUT_BLOCK {blockData=[blockId=conID: 1 locID: 102659352765465086 bcsId: 0,size=1048576]} | ret=SUCCESS |  
2019-08-22 07:03:29,193 | INFO  | DNAudit | user=null | ip=null | op=WRITE_CHUNK {blockData=conID: 1 locID: 102659352765465086 bcsId: 0} | ret=SUCCESS |  
2019-08-22 07:03:29,193 | INFO  | DNAudit | user=null | ip=null | op=WRITE_CHUNK {blockData=conID: 1 locID: 102659352765465086 bcsId: 0} | ret=SUCCESS |  
2019-08-22 07:03:29,193 [grpc-default-executor-1] INFO  client.GrpcClientProtocolClient (GrpcClientProtocolClient.java:onNext(255)) - client-CF63D631FA17->3cf1264f-5f6b-4138-aeee-2ff7d4522ead: receive RaftClientReply:client-CF63D631FA17->3cf1264f-5f6b-4138-aeee-2ff7d4522ead@group-561E16522154, cid=1661, SUCCESS, logIndex=0, commits[3cf1264f-5f6b-4138-aeee-2ff7d4522ead:c2401, 4f0d1a15-8f14-4d9a-ad4f-8211e1245b5d:c2398, 6999f20e-c3f7-4db4-87ca-141c476f2a88:c2398]
2019-08-22 07:03:29,193 | INFO  | DNAudit | user=null | ip=null | op=PUT_BLOCK {blockData=[blockId=conID: 1 locID: 102659352765465086 bcsId: 0,size=2097152]} | ret=SUCCESS |  
2019-08-22 07:03:29,193 | INFO  | DNAudit | user=null | ip=null | op=PUT_BLOCK {blockData=[blockId=conID: 1 locID: 102659352765465086 bcsId: 0,size=2097152]} | ret=SUCCESS |  
2019-08-22 07:03:29,200 | INFO  | DNAudit | user=null | ip=null | op=WRITE_CHUNK {blockData=conID: 1 locID: 102659352765465086 bcsId: 2400} | ret=SUCCESS |  
2019-08-22 07:03:29,203 | INFO  | DNAudit | user=null | ip=null | op=WRITE_CHUNK {blockData=conID: 1 locID: 102659352765465086 bcsId: 2400} | ret=SUCCESS |  
2019-08-22 07:03:29,204 | INFO  | DNAudit | user=null | ip=null | op=WRITE_CHUNK {blockData=conID: 1 locID: 102659352765465086 bcsId: 2400} | ret=SUCCESS |  
2019-08-22 07:03:29,204 | INFO  | DNAudit | user=null | ip=null | op=WRITE_CHUNK {blockData=conID: 1 locID: 102659352765465086 bcsId: 2400} | ret=SUCCESS |  
2019-08-22 07:03:29,205 | INFO  | DNAudit | user=null | ip=null | op=PUT_BLOCK {blockData=[blockId=conID: 1 locID: 102659352765465086 bcsId: 0,size=3145728]} | ret=SUCCESS |  
2019-08-22 07:03:29,205 [grpc-default-executor-1] INFO  client.GrpcClientProtocolClient (GrpcClientProtocolClient.java:onNext(255)) - client-CF63D631FA17->3cf1264f-5f6b-4138-aeee-2ff7d4522ead: receive RaftClientReply:client-CF63D631FA17->3cf1264f-5f6b-4138-aeee-2ff7d4522ead@group-561E16522154, cid=1662, SUCCESS, logIndex=2404, commits[3cf1264f-5f6b-4138-aeee-2ff7d4522ead:c2405, 4f0d1a15-8f14-4d9a-ad4f-8211e1245b5d:c2402, 6999f20e-c3f7-4db4-87ca-141c476f2a88:c2400]
2019-08-22 07:03:29,205 [grpc-default-executor-1] INFO  client.GrpcClientProtocolClient (GrpcClientProtocolClient.java:onNext(255)) - client-CF63D631FA17->3cf1264f-5f6b-4138-aeee-2ff7d4522ead: receive RaftClientReply:client-CF63D631FA17->3cf1264f-5f6b-4138-aeee-2ff7d4522ead@group-561E16522154, cid=1663, SUCCESS, logIndex=2405, commits[3cf1264f-5f6b-4138-aeee-2ff7d4522ead:c2405, 4f0d1a15-8f14-4d9a-ad4f-8211e1245b5d:c2402, 6999f20e-c3f7-4db4-87ca-141c476f2a88:c2402]
2019-08-22 07:03:29,208 | INFO  | DNAudit | user=null | ip=null | op=WRITE_CHUNK {blockData=conID: 1 locID: 102659352765465086 bcsId: 2400} | ret=SUCCESS |  
2019-08-22 07:03:29,209 | INFO  | DNAudit | user=null | ip=null | op=PUT_BLOCK {blockData=[blockId=conID: 1 locID: 102659352765465086 bcsId: 0,size=3145728]} | ret=SUCCESS |  
2019-08-22 07:03:29,211 | INFO  | DNAudit | user=null | ip=null | op=WRITE_CHUNK {blockData=conID: 1 locID: 102659352765465086 bcsId: 2400} | ret=SUCCESS |  
2019-08-22 07:03:29,211 | INFO  | DNAudit | user=null | ip=null | op=PUT_BLOCK {blockData=[blockId=conID: 1 locID: 102659352765465086 bcsId: 0,size=3145728]} | ret=SUCCESS |  
2019-08-22 07:03:29,212 | INFO  | DNAudit | user=null | ip=null | op=WRITE_CHUNK {blockData=conID: 1 locID: 102659352765465086 bcsId: 2405} | ret=SUCCESS |  
2019-08-22 07:03:29,214 | INFO  | DNAudit | user=null | ip=null | op=WRITE_CHUNK {blockData=conID: 1 locID: 102659352765465086 bcsId: 2405} | ret=SUCCESS |  
2019-08-22 07:03:29,214 | INFO  | DNAudit | user=null | ip=null | op=WRITE_CHUNK {blockData=conID: 1 locID: 102659352765465086 bcsId: 2405} | ret=SUCCESS |  
2019-08-22 07:03:29,231 | INFO  | DNAudit | user=null | ip=null | op=WRITE_CHUNK {blockData=conID: 1 locID: 102659352765465086 bcsId: 2405} | ret=SUCCESS |  
2019-08-22 07:03:29,232 | INFO  | DNAudit | user=null | ip=null | op=PUT_BLOCK {blockData=[blockId=conID: 1 locID: 102659352765465086 bcsId: 0,size=4194304]} | ret=SUCCESS |  
2019-08-22 07:03:29,232 [grpc-default-executor-1] INFO  client.GrpcClientProtocolClient (GrpcClientProtocolClient.java:onNext(255)) - client-CF63D631FA17->3cf1264f-5f6b-4138-aeee-2ff7d4522ead: receive RaftClientReply:client-CF63D631FA17->3cf1264f-5f6b-4138-aeee-2ff7d4522ead@group-561E16522154, cid=1664, SUCCESS, logIndex=2408, commits[3cf1264f-5f6b-4138-aeee-2ff7d4522ead:c2409, 4f0d1a15-8f14-4d9a-ad4f-8211e1245b5d:c2406, 6999f20e-c3f7-4db4-87ca-141c476f2a88:c2406]
2019-08-22 07:03:29,233 [grpc-default-executor-1] INFO  client.GrpcClientProtocolClient (GrpcClientProtocolClient.java:onNext(255)) - client-CF63D631FA17->3cf1264f-5f6b-4138-aeee-2ff7d4522ead: receive RaftClientReply:client-CF63D631FA17->3cf1264f-5f6b-4138-aeee-2ff7d4522ead@group-561E16522154, cid=1665, SUCCESS, logIndex=2409, commits[3cf1264f-5f6b-4138-aeee-2ff7d4522ead:c2409, 4f0d1a15-8f14-4d9a-ad4f-8211e1245b5d:c2406, 6999f20e-c3f7-4db4-87ca-141c476f2a88:c2406]
2019-08-22 07:03:29,233 | INFO  | DNAudit | user=null | ip=null | op=WRITE_CHUNK {blockData=conID: 1 locID: 102659352765465086 bcsId: 2405} | ret=SUCCESS |  
2019-08-22 07:03:29,234 | INFO  | DNAudit | user=null | ip=null | op=PUT_BLOCK {blockData=[blockId=conID: 1 locID: 102659352765465086 bcsId: 0,size=4194304]} | ret=SUCCESS |  
2019-08-22 07:03:29,234 | INFO  | DNAudit | user=null | ip=null | op=WRITE_CHUNK {blockData=conID: 1 locID: 102659352765465086 bcsId: 2405} | ret=SUCCESS |  
2019-08-22 07:03:29,246 | INFO  | DNAudit | user=null | ip=null | op=PUT_BLOCK {blockData=[blockId=conID: 1 locID: 102659352765465086 bcsId: 0,size=4194304]} | ret=SUCCESS |  
2019-08-22 07:03:29,246 [grpc-default-executor-1] INFO  client.GrpcClientProtocolClient (GrpcClientProtocolClient.java:onNext(255)) - client-CF63D631FA17->3cf1264f-5f6b-4138-aeee-2ff7d4522ead: receive RaftClientReply:client-CF63D631FA17->3cf1264f-5f6b-4138-aeee-2ff7d4522ead@group-561E16522154, cid=1666, SUCCESS, logIndex=0, commits[3cf1264f-5f6b-4138-aeee-2ff7d4522ead:c2411, 4f0d1a15-8f14-4d9a-ad4f-8211e1245b5d:c2409, 6999f20e-c3f7-4db4-87ca-141c476f2a88:c2409]
2019-08-22 07:03:29,250 | INFO  | SCMAudit | user=jenkins1000 | ip=192.168.34.31 | op=ALLOCATE_BLOCK {owner=04b6d46a-98e2-41b1-9f38-1870289993ea, size=4194304, type=RATIS, factor=THREE} | ret=SUCCESS |  
2019-08-22 07:03:29,251 | INFO  | OMAudit | user=jenkins1000 | ip=127.0.0.1 | op=ALLOCATE_BLOCK {volume=vol-0-14906, bucket=bucket-0-53153, key=key-0-33222, dataSize=0, replicationType=null, replicationFactor=null, keyLocationInfo=null, clientID=102659352017764754} | ret=SUCCESS |  
2019-08-22 07:03:29,258 | INFO  | DNAudit | user=null | ip=null | op=WRITE_CHUNK {blockData=conID: 2 locID: 102659352772542975 bcsId: 0} | ret=SUCCESS |  
2019-08-22 07:03:29,261 | INFO  | DNAudit | user=null | ip=null | op=WRITE_CHUNK {blockData=conID: 2 locID: 102659352772542975 bcsId: 0} | ret=SUCCESS |  
2019-08-22 07:03:29,261 | INFO  | DNAudit | user=null | ip=null | op=WRITE_CHUNK {blockData=conID: 2 locID: 102659352772542975 bcsId: 0} | ret=SUCCESS |  
2019-08-22 07:03:29,262 | INFO  | DNAudit | user=null | ip=null | op=WRITE_CHUNK {blockData=conID: 2 locID: 102659352772542975 bcsId: 0} | ret=SUCCESS |  
2019-08-22 07:03:29,263 | INFO  | DNAudit | user=null | ip=null | op=WRITE_CHUNK {blockData=conID: 2 locID: 102659352772542975 bcsId: 0} | ret=SUCCESS |  
2019-08-22 07:03:29,263 | INFO  | DNAudit | user=null | ip=null | op=WRITE_CHUNK {blockData=conID: 2 locID: 102659352772542975 bcsId: 0} | ret=SUCCESS |  
2019-08-22 07:03:29,270 | INFO  | DNAudit | user=null | ip=null | op=WRITE_CHUNK {blockData=conID: 2 locID: 102659352772542975 bcsId: 0} | ret=SUCCESS |  
2019-08-22 07:03:29,271 | INFO  | DNAudit | user=null | ip=null | op=PUT_BLOCK {blockData=[blockId=conID: 2 locID: 102659352772542975 bcsId: 0,size=1048576]} | ret=SUCCESS |  
2019-08-22 07:03:29,271 [grpc-default-executor-0] INFO  client.GrpcClientProtocolClient (GrpcClientProtocolClient.java:onNext(255)) - client-CF63D631FA17->3cf1264f-5f6b-4138-aeee-2ff7d4522ead: receive RaftClientReply:client-CF63D631FA17->3cf1264f-5f6b-4138-aeee-2ff7d4522ead@group-561E16522154, cid=1667, SUCCESS, logIndex=2412, commits[3cf1264f-5f6b-4138-aeee-2ff7d4522ead:c2413, 4f0d1a15-8f14-4d9a-ad4f-8211e1245b5d:c2411, 6999f20e-c3f7-4db4-87ca-141c476f2a88:c2411]
2019-08-22 07:03:29,271 | INFO  | DNAudit | user=null | ip=null | op=WRITE_CHUNK {blockData=conID: 2 locID: 102659352772542975 bcsId: 0} | ret=SUCCESS |  
2019-08-22 07:03:29,271 | INFO  | DNAudit | user=null | ip=null | op=PUT_BLOCK {blockData=[blockId=conID: 2 locID: 102659352772542975 bcsId: 0,size=2097152]} | ret=SUCCESS |  
2019-08-22 07:03:29,271 [grpc-default-executor-0] INFO  client.GrpcClientProtocolClient (GrpcClientProtocolClient.java:onNext(255)) - client-CF63D631FA17->3cf1264f-5f6b-4138-aeee-2ff7d4522ead: receive RaftClientReply:client-CF63D631FA17->3cf1264f-5f6b-4138-aeee-2ff7d4522ead@group-561E16522154, cid=1668, SUCCESS, logIndex=2413, commits[3cf1264f-5f6b-4138-aeee-2ff7d4522ead:c2413, 4f0d1a15-8f14-4d9a-ad4f-8211e1245b5d:c2411, 6999f20e-c3f7-4db4-87ca-141c476f2a88:c2411]
2019-08-22 07:03:29,272 [grpc-default-executor-0] INFO  client.GrpcClientProtocolClient (GrpcClientProtocolClient.java:onNext(255)) - client-CF63D631FA17->3cf1264f-5f6b-4138-aeee-2ff7d4522ead: receive RaftClientReply:client-CF63D631FA17->3cf1264f-5f6b-4138-aeee-2ff7d4522ead@group-561E16522154, cid=1669, SUCCESS, logIndex=2414, commits[3cf1264f-5f6b-4138-aeee-2ff7d4522ead:c2415, 4f0d1a15-8f14-4d9a-ad4f-8211e1245b5d:c2411, 6999f20e-c3f7-4db4-87ca-141c476f2a88:c2411]
2019-08-22 07:03:29,272 [grpc-default-executor-0] INFO  client.GrpcClientProtocolClient (GrpcClientProtocolClient.java:onNext(255)) - client-CF63D631FA17->3cf1264f-5f6b-4138-aeee-2ff7d4522ead: receive RaftClientReply:client-CF63D631FA17->3cf1264f-5f6b-4138-aeee-2ff7d4522ead@group-561E16522154, cid=1670, SUCCESS, logIndex=2415, commits[3cf1264f-5f6b-4138-aeee-2ff7d4522ead:c2415, 4f0d1a15-8f14-4d9a-ad4f-8211e1245b5d:c2411, 6999f20e-c3f7-4db4-87ca-141c476f2a88:c2411]
2019-08-22 07:03:29,284 | INFO  | DNAudit | user=null | ip=null | op=WRITE_CHUNK {blockData=conID: 2 locID: 102659352772542975 bcsId: 0} | ret=SUCCESS |  
2019-08-22 07:03:29,285 | INFO  | DNAudit | user=null | ip=null | op=PUT_BLOCK {blockData=[blockId=conID: 2 locID: 102659352772542975 bcsId: 0,size=1048576]} | ret=SUCCESS |  
2019-08-22 07:03:29,287 | INFO  | DNAudit | user=null | ip=null | op=WRITE_CHUNK {blockData=conID: 2 locID: 102659352772542975 bcsId: 0} | ret=SUCCESS |  
2019-08-22 07:03:29,287 | INFO  | DNAudit | user=null | ip=null | op=PUT_BLOCK {blockData=[blockId=conID: 2 locID: 102659352772542975 bcsId: 0,size=1048576]} | ret=SUCCESS |  
2019-08-22 07:03:29,287 | INFO  | DNAudit | user=null | ip=null | op=WRITE_CHUNK {blockData=conID: 2 locID: 102659352772542975 bcsId: 0} | ret=SUCCESS |  
2019-08-22 07:03:29,287 [grpc-default-executor-0] INFO  client.GrpcClientProtocolClient (GrpcClientProtocolClient.java:onNext(255)) - client-CF63D631FA17->3cf1264f-5f6b-4138-aeee-2ff7d4522ead: receive RaftClientReply:client-CF63D631FA17->3cf1264f-5f6b-4138-aeee-2ff7d4522ead@group-561E16522154, cid=1671, SUCCESS, logIndex=0, commits[3cf1264f-5f6b-4138-aeee-2ff7d4522ead:c2417, 4f0d1a15-8f14-4d9a-ad4f-8211e1245b5d:c2413, 6999f20e-c3f7-4db4-87ca-141c476f2a88:c2413]
2019-08-22 07:03:29,287 | INFO  | DNAudit | user=null | ip=null | op=PUT_BLOCK {blockData=[blockId=conID: 2 locID: 102659352772542975 bcsId: 0,size=2097152]} | ret=SUCCESS |  
2019-08-22 07:03:29,293 | INFO  | DNAudit | user=null | ip=null | op=WRITE_CHUNK {blockData=conID: 2 locID: 102659352772542975 bcsId: 2415} | ret=SUCCESS |  
2019-08-22 07:03:29,295 | INFO  | DNAudit | user=null | ip=null | op=WRITE_CHUNK {blockData=conID: 2 locID: 102659352772542975 bcsId: 2415} | ret=SUCCESS |  
2019-08-22 07:03:29,296 | INFO  | DNAudit | user=null | ip=null | op=WRITE_CHUNK {blockData=conID: 2 locID: 102659352772542975 bcsId: 2415} | ret=SUCCESS |  
2019-08-22 07:03:29,297 | INFO  | DNAudit | user=null | ip=null | op=WRITE_CHUNK {blockData=conID: 2 locID: 102659352772542975 bcsId: 0} | ret=SUCCESS |  
2019-08-22 07:03:29,298 | INFO  | DNAudit | user=null | ip=null | op=PUT_BLOCK {blockData=[blockId=conID: 2 locID: 102659352772542975 bcsId: 0,size=2097152]} | ret=SUCCESS |  
2019-08-22 07:03:29,300 | INFO  | DNAudit | user=null | ip=null | op=WRITE_CHUNK {blockData=conID: 2 locID: 102659352772542975 bcsId: 2415} | ret=SUCCESS |  
2019-08-22 07:03:29,300 | INFO  | DNAudit | user=null | ip=null | op=PUT_BLOCK {blockData=[blockId=conID: 2 locID: 102659352772542975 bcsId: 0,size=3145728]} | ret=SUCCESS |  
2019-08-22 07:03:29,301 [grpc-default-executor-0] INFO  client.GrpcClientProtocolClient (GrpcClientProtocolClient.java:onNext(255)) - client-CF63D631FA17->3cf1264f-5f6b-4138-aeee-2ff7d4522ead: receive RaftClientReply:client-CF63D631FA17->3cf1264f-5f6b-4138-aeee-2ff7d4522ead@group-561E16522154, cid=1672, SUCCESS, logIndex=2420, commits[3cf1264f-5f6b-4138-aeee-2ff7d4522ead:c2421, 4f0d1a15-8f14-4d9a-ad4f-8211e1245b5d:c2419, 6999f20e-c3f7-4db4-87ca-141c476f2a88:c2415]
2019-08-22 07:03:29,301 [grpc-default-executor-0] INFO  client.GrpcClientProtocolClient (GrpcClientProtocolClient.java:onNext(255)) - client-CF63D631FA17->3cf1264f-5f6b-4138-aeee-2ff7d4522ead: receive RaftClientReply:client-CF63D631FA17->3cf1264f-5f6b-4138-aeee-2ff7d4522ead@group-561E16522154, cid=1673, SUCCESS, logIndex=2421, commits[3cf1264f-5f6b-4138-aeee-2ff7d4522ead:c2421, 4f0d1a15-8f14-4d9a-ad4f-8211e1245b5d:c2419, 6999f20e-c3f7-4db4-87ca-141c476f2a88:c2415]
2019-08-22 07:03:29,307 | INFO  | DNAudit | user=null | ip=null | op=WRITE_CHUNK {blockData=conID: 2 locID: 102659352772542975 bcsId: 2421} | ret=SUCCESS |  
2019-08-22 07:03:29,309 | INFO  | DNAudit | user=null | ip=null | op=WRITE_CHUNK {blockData=conID: 2 locID: 102659352772542975 bcsId: 2421} | ret=SUCCESS |  
2019-08-22 07:03:29,310 | INFO  | DNAudit | user=null | ip=null | op=WRITE_CHUNK {blockData=conID: 2 locID: 102659352772542975 bcsId: 2421} | ret=SUCCESS |  
2019-08-22 07:03:29,311 | INFO  | DNAudit | user=null | ip=null | op=WRITE_CHUNK {blockData=conID: 2 locID: 102659352772542975 bcsId: 2415} | ret=SUCCESS |  
2019-08-22 07:03:29,312 | INFO  | DNAudit | user=null | ip=null | op=WRITE_CHUNK {blockData=conID: 2 locID: 102659352772542975 bcsId: 2415} | ret=SUCCESS |  
2019-08-22 07:03:29,313 | INFO  | DNAudit | user=null | ip=null | op=PUT_BLOCK {blockData=[blockId=conID: 2 locID: 102659352772542975 bcsId: 0,size=3145728]} | ret=SUCCESS |  
2019-08-22 07:03:29,313 | INFO  | DNAudit | user=null | ip=null | op=PUT_BLOCK {blockData=[blockId=conID: 2 locID: 102659352772542975 bcsId: 0,size=3145728]} | ret=SUCCESS |  
2019-08-22 07:03:29,313 | INFO  | DNAudit | user=null | ip=null | op=WRITE_CHUNK {blockData=conID: 2 locID: 102659352772542975 bcsId: 2421} | ret=SUCCESS |  
2019-08-22 07:03:29,313 | INFO  | DNAudit | user=null | ip=null | op=PUT_BLOCK {blockData=[blockId=conID: 2 locID: 102659352772542975 bcsId: 0,size=4194304]} | ret=SUCCESS |  
2019-08-22 07:03:29,314 [grpc-default-executor-1] INFO  client.GrpcClientProtocolClient (GrpcClientProtocolClient.java:onNext(255)) - client-CF63D631FA17->3cf1264f-5f6b-4138-aeee-2ff7d4522ead: receive RaftClientReply:client-CF63D631FA17->3cf1264f-5f6b-4138-aeee-2ff7d4522ead@group-561E16522154, cid=1674, SUCCESS, logIndex=2424, commits[3cf1264f-5f6b-4138-aeee-2ff7d4522ead:c2425, 4f0d1a15-8f14-4d9a-ad4f-8211e1245b5d:c2421, 6999f20e-c3f7-4db4-87ca-141c476f2a88:c2421]
2019-08-22 07:03:29,314 [grpc-default-executor-1] INFO  client.GrpcClientProtocolClient (GrpcClientProtocolClient.java:onNext(255)) - client-CF63D631FA17->3cf1264f-5f6b-4138-aeee-2ff7d4522ead: receive RaftClientReply:client-CF63D631FA17->3cf1264f-5f6b-4138-aeee-2ff7d4522ead@group-561E16522154, cid=1675, SUCCESS, logIndex=2425, commits[3cf1264f-5f6b-4138-aeee-2ff7d4522ead:c2425, 4f0d1a15-8f14-4d9a-ad4f-8211e1245b5d:c2421, 6999f20e-c3f7-4db4-87ca-141c476f2a88:c2421]
2019-08-22 07:03:29,316 | INFO  | DNAudit | user=null | ip=null | op=WRITE_CHUNK {blockData=conID: 2 locID: 102659352772542975 bcsId: 2421} | ret=SUCCESS |  
2019-08-22 07:03:29,316 | INFO  | DNAudit | user=null | ip=null | op=WRITE_CHUNK {blockData=conID: 2 locID: 102659352772542975 bcsId: 2421} | ret=SUCCESS |  
2019-08-22 07:03:29,329 | INFO  | DNAudit | user=null | ip=null | op=PUT_BLOCK {blockData=[blockId=conID: 2 locID: 102659352772542975 bcsId: 0,size=4194304]} | ret=SUCCESS |  
2019-08-22 07:03:29,329 | INFO  | DNAudit | user=null | ip=null | op=PUT_BLOCK {blockData=[blockId=conID: 2 locID: 102659352772542975 bcsId: 0,size=4194304]} | ret=SUCCESS |  
2019-08-22 07:03:29,329 [grpc-default-executor-1] INFO  client.GrpcClientProtocolClient (GrpcClientProtocolClient.java:onNext(255)) - client-CF63D631FA17->3cf1264f-5f6b-4138-aeee-2ff7d4522ead: receive RaftClientReply:client-CF63D631FA17->3cf1264f-5f6b-4138-aeee-2ff7d4522ead@group-561E16522154, cid=1676, SUCCESS, logIndex=0, commits[3cf1264f-5f6b-4138-aeee-2ff7d4522ead:c2427, 4f0d1a15-8f14-4d9a-ad4f-8211e1245b5d:c2425, 6999f20e-c3f7-4db4-87ca-141c476f2a88:c2425]
2019-08-22 07:03:29,333 | INFO  | SCMAudit | user=jenkins1000 | ip=192.168.34.31 | op=ALLOCATE_BLOCK {owner=04b6d46a-98e2-41b1-9f38-1870289993ea, size=4194304, type=RATIS, factor=THREE} | ret=SUCCESS |  
2019-08-22 07:03:29,335 | INFO  | OMAudit | user=jenkins1000 | ip=127.0.0.1 | op=ALLOCATE_BLOCK {volume=vol-0-14906, bucket=bucket-0-53153, key=key-0-33222, dataSize=0, replicationType=null, replicationFactor=null, keyLocationInfo=null, clientID=102659352017764754} | ret=SUCCESS |  
2019-08-22 07:03:29,342 | INFO  | DNAudit | user=null | ip=null | op=WRITE_CHUNK {blockData=conID: 3 locID: 102659352778048000 bcsId: 0} | ret=SUCCESS |  
2019-08-22 07:03:29,344 | INFO  | DNAudit | user=null | ip=null | op=WRITE_CHUNK {blockData=conID: 3 locID: 102659352778048000 bcsId: 0} | ret=SUCCESS |  
2019-08-22 07:03:29,345 | INFO  | DNAudit | user=null | ip=null | op=WRITE_CHUNK {blockData=conID: 3 locID: 102659352778048000 bcsId: 0} | ret=SUCCESS |  
2019-08-22 07:03:29,345 | INFO  | DNAudit | user=null | ip=null | op=WRITE_CHUNK {blockData=conID: 3 locID: 102659352778048000 bcsId: 0} | ret=SUCCESS |  
2019-08-22 07:03:29,346 | INFO  | DNAudit | user=null | ip=null | op=WRITE_CHUNK {blockData=conID: 3 locID: 102659352778048000 bcsId: 0} | ret=SUCCESS |  
2019-08-22 07:03:29,347 | INFO  | DNAudit | user=null | ip=null | op=WRITE_CHUNK {blockData=conID: 3 locID: 102659352778048000 bcsId: 0} | ret=SUCCESS |  
2019-08-22 07:03:29,357 | INFO  | DNAudit | user=null | ip=null | op=WRITE_CHUNK {blockData=conID: 3 locID: 102659352778048000 bcsId: 0} | ret=SUCCESS |  
2019-08-22 07:03:29,357 | INFO  | DNAudit | user=null | ip=null | op=PUT_BLOCK {blockData=[blockId=conID: 3 locID: 102659352778048000 bcsId: 0,size=1048576]} | ret=SUCCESS |  
2019-08-22 07:03:29,357 [grpc-default-executor-5] INFO  client.GrpcClientProtocolClient (GrpcClientProtocolClient.java:onNext(255)) - client-CF63D631FA17->3cf1264f-5f6b-4138-aeee-2ff7d4522ead: receive RaftClientReply:client-CF63D631FA17->3cf1264f-5f6b-4138-aeee-2ff7d4522ead@group-561E16522154, cid=1677, SUCCESS, logIndex=2428, commits[3cf1264f-5f6b-4138-aeee-2ff7d4522ead:c2429, 4f0d1a15-8f14-4d9a-ad4f-8211e1245b5d:c2427, 6999f20e-c3f7-4db4-87ca-141c476f2a88:c2427]
2019-08-22 07:03:29,358 [grpc-default-executor-5] INFO  client.GrpcClientProtocolClient (GrpcClientProtocolClient.java:onNext(255)) - client-CF63D631FA17->3cf1264f-5f6b-4138-aeee-2ff7d4522ead: receive RaftClientReply:client-CF63D631FA17->3cf1264f-5f6b-4138-aeee-2ff7d4522ead@group-561E16522154, cid=1678, SUCCESS, logIndex=2429, commits[3cf1264f-5f6b-4138-aeee-2ff7d4522ead:c2429, 4f0d1a15-8f14-4d9a-ad4f-8211e1245b5d:c2427, 6999f20e-c3f7-4db4-87ca-141c476f2a88:c2427]
2019-08-22 07:03:29,367 | INFO  | DNAudit | user=null | ip=null | op=WRITE_CHUNK {blockData=conID: 3 locID: 102659352778048000 bcsId: 0} | ret=SUCCESS |  
2019-08-22 07:03:29,367 | INFO  | DNAudit | user=null | ip=null | op=PUT_BLOCK {blockData=[blockId=conID: 3 locID: 102659352778048000 bcsId: 0,size=2097152]} | ret=SUCCESS |  
2019-08-22 07:03:29,367 [grpc-default-executor-5] INFO  client.GrpcClientProtocolClient (GrpcClientProtocolClient.java:onNext(255)) - client-CF63D631FA17->3cf1264f-5f6b-4138-aeee-2ff7d4522ead: receive RaftClientReply:client-CF63D631FA17->3cf1264f-5f6b-4138-aeee-2ff7d4522ead@group-561E16522154, cid=1679, SUCCESS, logIndex=2430, commits[3cf1264f-5f6b-4138-aeee-2ff7d4522ead:c2431, 4f0d1a15-8f14-4d9a-ad4f-8211e1245b5d:c2427, 6999f20e-c3f7-4db4-87ca-141c476f2a88:c2427]
2019-08-22 07:03:29,367 [grpc-default-executor-5] INFO  client.GrpcClientProtocolClient (GrpcClientProtocolClient.java:onNext(255)) - client-CF63D631FA17->3cf1264f-5f6b-4138-aeee-2ff7d4522ead: receive RaftClientReply:client-CF63D631FA17->3cf1264f-5f6b-4138-aeee-2ff7d4522ead@group-561E16522154, cid=1680, SUCCESS, logIndex=2431, commits[3cf1264f-5f6b-4138-aeee-2ff7d4522ead:c2431, 4f0d1a15-8f14-4d9a-ad4f-8211e1245b5d:c2427, 6999f20e-c3f7-4db4-87ca-141c476f2a88:c2427]
2019-08-22 07:03:29,369 | INFO  | DNAudit | user=null | ip=null | op=WRITE_CHUNK {blockData=conID: 3 locID: 102659352778048000 bcsId: 0} | ret=SUCCESS |  
2019-08-22 07:03:29,369 | INFO  | DNAudit | user=null | ip=null | op=WRITE_CHUNK {blockData=conID: 3 locID: 102659352778048000 bcsId: 0} | ret=SUCCESS |  
2019-08-22 07:03:29,382 | INFO  | DNAudit | user=null | ip=null | op=PUT_BLOCK {blockData=[blockId=conID: 3 locID: 102659352778048000 bcsId: 0,size=1048576]} | ret=SUCCESS |  
2019-08-22 07:03:29,382 | INFO  | DNAudit | user=null | ip=null | op=PUT_BLOCK {blockData=[blockId=conID: 3 locID: 102659352778048000 bcsId: 0,size=1048576]} | ret=SUCCESS |  
2019-08-22 07:03:29,383 [grpc-default-executor-1] INFO  client.GrpcClientProtocolClient (GrpcClientProtocolClient.java:onNext(255)) - client-CF63D631FA17->3cf1264f-5f6b-4138-aeee-2ff7d4522ead: receive RaftClientReply:client-CF63D631FA17->3cf1264f-5f6b-4138-aeee-2ff7d4522ead@group-561E16522154, cid=1681, SUCCESS, logIndex=0, commits[3cf1264f-5f6b-4138-aeee-2ff7d4522ead:c2433, 4f0d1a15-8f14-4d9a-ad4f-8211e1245b5d:c2429, 6999f20e-c3f7-4db4-87ca-141c476f2a88:c2429]
2019-08-22 07:03:29,389 | INFO  | DNAudit | user=null | ip=null | op=WRITE_CHUNK {blockData=conID: 3 locID: 102659352778048000 bcsId: 2431} | ret=SUCCESS |  
2019-08-22 07:03:29,392 | INFO  | DNAudit | user=null | ip=null | op=WRITE_CHUNK {blockData=conID: 3 locID: 102659352778048000 bcsId: 2431} | ret=SUCCESS |  
2019-08-22 07:03:29,392 | INFO  | DNAudit | user=null | ip=null | op=WRITE_CHUNK {blockData=conID: 3 locID: 102659352778048000 bcsId: 2431} | ret=SUCCESS |  
2019-08-22 07:03:29,403 | INFO  | DNAudit | user=null | ip=null | op=WRITE_CHUNK {blockData=conID: 3 locID: 102659352778048000 bcsId: 0} | ret=SUCCESS |  
2019-08-22 07:03:29,403 | INFO  | DNAudit | user=null | ip=null | op=WRITE_CHUNK {blockData=conID: 3 locID: 102659352778048000 bcsId: 0} | ret=SUCCESS |  
2019-08-22 07:03:29,403 | INFO  | DNAudit | user=null | ip=null | op=PUT_BLOCK {blockData=[blockId=conID: 3 locID: 102659352778048000 bcsId: 0,size=2097152]} | ret=SUCCESS |  
2019-08-22 07:03:29,403 | INFO  | DNAudit | user=null | ip=null | op=WRITE_CHUNK {blockData=conID: 3 locID: 102659352778048000 bcsId: 2431} | ret=SUCCESS |  
2019-08-22 07:03:29,404 | INFO  | DNAudit | user=null | ip=null | op=PUT_BLOCK {blockData=[blockId=conID: 3 locID: 102659352778048000 bcsId: 0,size=2097152]} | ret=SUCCESS |  
2019-08-22 07:03:29,404 | INFO  | DNAudit | user=null | ip=null | op=PUT_BLOCK {blockData=[blockId=conID: 3 locID: 102659352778048000 bcsId: 0,size=3145728]} | ret=SUCCESS |  
2019-08-22 07:03:29,404 [grpc-default-executor-1] INFO  client.GrpcClientProtocolClient (GrpcClientProtocolClient.java:onNext(255)) - client-CF63D631FA17->3cf1264f-5f6b-4138-aeee-2ff7d4522ead: receive RaftClientReply:client-CF63D631FA17->3cf1264f-5f6b-4138-aeee-2ff7d4522ead@group-561E16522154, cid=1682, SUCCESS, logIndex=2436, commits[3cf1264f-5f6b-4138-aeee-2ff7d4522ead:c2437, 4f0d1a15-8f14-4d9a-ad4f-8211e1245b5d:c2435, 6999f20e-c3f7-4db4-87ca-141c476f2a88:c2435]
2019-08-22 07:03:29,404 [grpc-default-executor-1] INFO  client.GrpcClientProtocolClient (GrpcClientProtocolClient.java:onNext(255)) - client-CF63D631FA17->3cf1264f-5f6b-4138-aeee-2ff7d4522ead: receive RaftClientReply:client-CF63D631FA17->3cf1264f-5f6b-4138-aeee-2ff7d4522ead@group-561E16522154, cid=1683, SUCCESS, logIndex=2437, commits[3cf1264f-5f6b-4138-aeee-2ff7d4522ead:c2437, 4f0d1a15-8f14-4d9a-ad4f-8211e1245b5d:c2435, 6999f20e-c3f7-4db4-87ca-141c476f2a88:c2435]
2019-08-22 07:03:29,407 | INFO  | DNAudit | user=null | ip=null | op=WRITE_CHUNK {blockData=conID: 3 locID: 102659352778048000 bcsId: 2431} | ret=SUCCESS |  
2019-08-22 07:03:29,407 | INFO  | DNAudit | user=null | ip=null | op=WRITE_CHUNK {blockData=conID: 3 locID: 102659352778048000 bcsId: 2431} | ret=SUCCESS |  
2019-08-22 07:03:29,407 | INFO  | DNAudit | user=null | ip=null | op=PUT_BLOCK {blockData=[blockId=conID: 3 locID: 102659352778048000 bcsId: 0,size=3145728]} | ret=SUCCESS |  
2019-08-22 07:03:29,410 | INFO  | DNAudit | user=null | ip=null | op=PUT_BLOCK {blockData=[blockId=conID: 3 locID: 102659352778048000 bcsId: 0,size=3145728]} | ret=SUCCESS |  
2019-08-22 07:03:29,411 | INFO  | DNAudit | user=null | ip=null | op=WRITE_CHUNK {blockData=conID: 3 locID: 102659352778048000 bcsId: 2437} | ret=SUCCESS |  
2019-08-22 07:03:29,413 | INFO  | DNAudit | user=null | ip=null | op=WRITE_CHUNK {blockData=conID: 3 locID: 102659352778048000 bcsId: 2437} | ret=SUCCESS |  
2019-08-22 07:03:29,413 | INFO  | DNAudit | user=null | ip=null | op=WRITE_CHUNK {blockData=conID: 3 locID: 102659352778048000 bcsId: 2437} | ret=SUCCESS |  
2019-08-22 07:03:29,415 | INFO  | DNAudit | user=null | ip=null | op=WRITE_CHUNK {blockData=conID: 3 locID: 102659352778048000 bcsId: 2437} | ret=SUCCESS |  
2019-08-22 07:03:29,416 | INFO  | DNAudit | user=null | ip=null | op=PUT_BLOCK {blockData=[blockId=conID: 3 locID: 102659352778048000 bcsId: 0,size=4194304]} | ret=SUCCESS |  
2019-08-22 07:03:29,416 [grpc-default-executor-5] INFO  client.GrpcClientProtocolClient (GrpcClientProtocolClient.java:onNext(255)) - client-CF63D631FA17->3cf1264f-5f6b-4138-aeee-2ff7d4522ead: receive RaftClientReply:client-CF63D631FA17->3cf1264f-5f6b-4138-aeee-2ff7d4522ead@group-561E16522154, cid=1684, SUCCESS, logIndex=2440, commits[3cf1264f-5f6b-4138-aeee-2ff7d4522ead:c2441, 4f0d1a15-8f14-4d9a-ad4f-8211e1245b5d:c2438, 6999f20e-c3f7-4db4-87ca-141c476f2a88:c2438]
2019-08-22 07:03:29,416 [grpc-default-executor-5] INFO  client.GrpcClientProtocolClient (GrpcClientProtocolClient.java:onNext(255)) - client-CF63D631FA17->3cf1264f-5f6b-4138-aeee-2ff7d4522ead: receive RaftClientReply:client-CF63D631FA17->3cf1264f-5f6b-4138-aeee-2ff7d4522ead@group-561E16522154, cid=1685, SUCCESS, logIndex=2441, commits[3cf1264f-5f6b-4138-aeee-2ff7d4522ead:c2441, 4f0d1a15-8f14-4d9a-ad4f-8211e1245b5d:c2438, 6999f20e-c3f7-4db4-87ca-141c476f2a88:c2438]
2019-08-22 07:03:29,419 | INFO  | DNAudit | user=null | ip=null | op=WRITE_CHUNK {blockData=conID: 3 locID: 102659352778048000 bcsId: 2437} | ret=SUCCESS |  
2019-08-22 07:03:29,419 | INFO  | DNAudit | user=null | ip=null | op=WRITE_CHUNK {blockData=conID: 3 locID: 102659352778048000 bcsId: 2437} | ret=SUCCESS |  
2019-08-22 07:03:29,419 | INFO  | DNAudit | user=null | ip=null | op=PUT_BLOCK {blockData=[blockId=conID: 3 locID: 102659352778048000 bcsId: 0,size=4194304]} | ret=SUCCESS |  
2019-08-22 07:03:29,419 | INFO  | DNAudit | user=null | ip=null | op=PUT_BLOCK {blockData=[blockId=conID: 3 locID: 102659352778048000 bcsId: 0,size=4194304]} | ret=SUCCESS |  
2019-08-22 07:03:29,419 [grpc-default-executor-5] INFO  client.GrpcClientProtocolClient (GrpcClientProtocolClient.java:onNext(255)) - client-CF63D631FA17->3cf1264f-5f6b-4138-aeee-2ff7d4522ead: receive RaftClientReply:client-CF63D631FA17->3cf1264f-5f6b-4138-aeee-2ff7d4522ead@group-561E16522154, cid=1686, SUCCESS, logIndex=0, commits[3cf1264f-5f6b-4138-aeee-2ff7d4522ead:c2442, 4f0d1a15-8f14-4d9a-ad4f-8211e1245b5d:c2441, 6999f20e-c3f7-4db4-87ca-141c476f2a88:c2441]
2019-08-22 07:03:29,424 | INFO  | SCMAudit | user=jenkins1000 | ip=192.168.34.31 | op=ALLOCATE_BLOCK {owner=04b6d46a-98e2-41b1-9f38-1870289993ea, size=4194304, type=RATIS, factor=THREE} | ret=SUCCESS |  
2019-08-22 07:03:29,542 | INFO  | SCMAudit | user=jenkins1000 | ip=192.168.34.31 | op=SEND_HEARTBEAT {datanodeUUID=f789f48f-f3d7-45ec-9bba-6a89e2bdcc9c, command=[]} | ret=SUCCESS |  
2019-08-22 07:03:29,543 | INFO  | OMAudit | user=jenkins1000 | ip=127.0.0.1 | op=ALLOCATE_BLOCK {volume=vol-0-14906, bucket=bucket-0-53153, key=key-0-33222, dataSize=0, replicationType=null, replicationFactor=null, keyLocationInfo=null, clientID=102659352017764754} | ret=SUCCESS |  
2019-08-22 07:03:29,552 | INFO  | DNAudit | user=null | ip=null | op=WRITE_CHUNK {blockData=conID: 1 locID: 102659352784011777 bcsId: 0} | ret=SUCCESS |  
2019-08-22 07:03:29,556 | INFO  | DNAudit | user=null | ip=null | op=WRITE_CHUNK {blockData=conID: 1 locID: 102659352784011777 bcsId: 0} | ret=SUCCESS |  
2019-08-22 07:03:29,556 | INFO  | DNAudit | user=null | ip=null | op=WRITE_CHUNK {blockData=conID: 1 locID: 102659352784011777 bcsId: 0} | ret=SUCCESS |  
2019-08-22 07:03:29,556 | INFO  | DNAudit | user=null | ip=null | op=WRITE_CHUNK {blockData=conID: 1 locID: 102659352784011777 bcsId: 0} | ret=SUCCESS |  
2019-08-22 07:03:29,558 | INFO  | DNAudit | user=null | ip=null | op=WRITE_CHUNK {blockData=conID: 1 locID: 102659352784011777 bcsId: 0} | ret=SUCCESS |  
2019-08-22 07:03:29,558 | INFO  | DNAudit | user=null | ip=null | op=WRITE_CHUNK {blockData=conID: 1 locID: 102659352784011777 bcsId: 0} | ret=SUCCESS |  
2019-08-22 07:03:29,565 | INFO  | DNAudit | user=null | ip=null | op=WRITE_CHUNK {blockData=conID: 1 locID: 102659352784011777 bcsId: 0} | ret=SUCCESS |  
2019-08-22 07:03:29,566 | INFO  | DNAudit | user=null | ip=null | op=PUT_BLOCK {blockData=[blockId=conID: 1 locID: 102659352784011777 bcsId: 0,size=1048576]} | ret=SUCCESS |  
2019-08-22 07:03:29,566 [grpc-default-executor-0] INFO  client.GrpcClientProtocolClient (GrpcClientProtocolClient.java:onNext(255)) - client-CF63D631FA17->3cf1264f-5f6b-4138-aeee-2ff7d4522ead: receive RaftClientReply:client-CF63D631FA17->3cf1264f-5f6b-4138-aeee-2ff7d4522ead@group-561E16522154, cid=1687, SUCCESS, logIndex=2444, commits[3cf1264f-5f6b-4138-aeee-2ff7d4522ead:c2445, 4f0d1a15-8f14-4d9a-ad4f-8211e1245b5d:c2443, 6999f20e-c3f7-4db4-87ca-141c476f2a88:c2443]
2019-08-22 07:03:29,566 | INFO  | DNAudit | user=null | ip=null | op=WRITE_CHUNK {blockData=conID: 1 locID: 102659352784011777 bcsId: 0} | ret=SUCCESS |  
2019-08-22 07:03:29,569 | INFO  | DNAudit | user=null | ip=null | op=PUT_BLOCK {blockData=[blockId=conID: 1 locID: 102659352784011777 bcsId: 0,size=2097152]} | ret=SUCCESS |  
2019-08-22 07:03:29,569 | INFO  | DNAudit | user=null | ip=null | op=WRITE_CHUNK {blockData=conID: 1 locID: 102659352784011777 bcsId: 0} | ret=SUCCESS |  
2019-08-22 07:03:29,569 | INFO  | DNAudit | user=null | ip=null | op=WRITE_CHUNK {blockData=conID: 1 locID: 102659352784011777 bcsId: 0} | ret=SUCCESS |  
2019-08-22 07:03:29,569 [grpc-default-executor-0] INFO  client.GrpcClientProtocolClient (GrpcClientProtocolClient.java:onNext(255)) - client-CF63D631FA17->3cf1264f-5f6b-4138-aeee-2ff7d4522ead: receive RaftClientReply:client-CF63D631FA17->3cf1264f-5f6b-4138-aeee-2ff7d4522ead@group-561E16522154, cid=1688, SUCCESS, logIndex=2445, commits[3cf1264f-5f6b-4138-aeee-2ff7d4522ead:c2447, 4f0d1a15-8f14-4d9a-ad4f-8211e1245b5d:c2443, 6999f20e-c3f7-4db4-87ca-141c476f2a88:c2443]
2019-08-22 07:03:29,570 | INFO  | DNAudit | user=null | ip=null | op=PUT_BLOCK {blockData=[blockId=conID: 1 locID: 102659352784011777 bcsId: 0,size=1048576]} | ret=SUCCESS |  
2019-08-22 07:03:29,570 | INFO  | DNAudit | user=null | ip=null | op=PUT_BLOCK {blockData=[blockId=conID: 1 locID: 102659352784011777 bcsId: 0,size=1048576]} | ret=SUCCESS |  
2019-08-22 07:03:29,570 [grpc-default-executor-0] INFO  client.GrpcClientProtocolClient (GrpcClientProtocolClient.java:onNext(255)) - client-CF63D631FA17->3cf1264f-5f6b-4138-aeee-2ff7d4522ead: receive RaftClientReply:client-CF63D631FA17->3cf1264f-5f6b-4138-aeee-2ff7d4522ead@group-561E16522154, cid=1689, SUCCESS, logIndex=2446, commits[3cf1264f-5f6b-4138-aeee-2ff7d4522ead:c2447, 4f0d1a15-8f14-4d9a-ad4f-8211e1245b5d:c2443, 6999f20e-c3f7-4db4-87ca-141c476f2a88:c2443]
2019-08-22 07:03:29,570 [grpc-default-executor-0] INFO  client.GrpcClientProtocolClient (GrpcClientProtocolClient.java:onNext(255)) - client-CF63D631FA17->3cf1264f-5f6b-4138-aeee-2ff7d4522ead: receive RaftClientReply:client-CF63D631FA17->3cf1264f-5f6b-4138-aeee-2ff7d4522ead@group-561E16522154, cid=1690, SUCCESS, logIndex=2447, commits[3cf1264f-5f6b-4138-aeee-2ff7d4522ead:c2447, 4f0d1a15-8f14-4d9a-ad4f-8211e1245b5d:c2443, 6999f20e-c3f7-4db4-87ca-141c476f2a88:c2443]
2019-08-22 07:03:29,572 [grpc-default-executor-0] INFO  client.GrpcClientProtocolClient (GrpcClientProtocolClient.java:onNext(255)) - client-CF63D631FA17->3cf1264f-5f6b-4138-aeee-2ff7d4522ead: receive RaftClientReply:client-CF63D631FA17->3cf1264f-5f6b-4138-aeee-2ff7d4522ead@group-561E16522154, cid=1691, SUCCESS, logIndex=0, commits[3cf1264f-5f6b-4138-aeee-2ff7d4522ead:c2448, 4f0d1a15-8f14-4d9a-ad4f-8211e1245b5d:c2445, 6999f20e-c3f7-4db4-87ca-141c476f2a88:c2445]
2019-08-22 07:03:29,580 | INFO  | DNAudit | user=null | ip=null | op=WRITE_CHUNK {blockData=conID: 1 locID: 102659352784011777 bcsId: 2447} | ret=SUCCESS |  
2019-08-22 07:03:29,581 | INFO  | DNAudit | user=null | ip=null | op=WRITE_CHUNK {blockData=conID: 1 locID: 102659352784011777 bcsId: 0} | ret=SUCCESS |  
2019-08-22 07:03:29,581 | INFO  | DNAudit | user=null | ip=null | op=WRITE_CHUNK {blockData=conID: 1 locID: 102659352784011777 bcsId: 0} | ret=SUCCESS |  
2019-08-22 07:03:29,582 | INFO  | DNAudit | user=null | ip=null | op=PUT_BLOCK {blockData=[blockId=conID: 1 locID: 102659352784011777 bcsId: 0,size=2097152]} | ret=SUCCESS |  
2019-08-22 07:03:29,582 | INFO  | DNAudit | user=null | ip=null | op=PUT_BLOCK {blockData=[blockId=conID: 1 locID: 102659352784011777 bcsId: 0,size=2097152]} | ret=SUCCESS |  
2019-08-22 07:03:29,583 | INFO  | DNAudit | user=null | ip=null | op=WRITE_CHUNK {blockData=conID: 1 locID: 102659352784011777 bcsId: 2447} | ret=SUCCESS |  
2019-08-22 07:03:29,583 | INFO  | DNAudit | user=null | ip=null | op=WRITE_CHUNK {blockData=conID: 1 locID: 102659352784011777 bcsId: 2447} | ret=SUCCESS |  
2019-08-22 07:03:29,595 | INFO  | DNAudit | user=null | ip=null | op=WRITE_CHUNK {blockData=conID: 1 locID: 102659352784011777 bcsId: 2447} | ret=SUCCESS |  
2019-08-22 07:03:29,595 | INFO  | DNAudit | user=null | ip=null | op=PUT_BLOCK {blockData=[blockId=conID: 1 locID: 102659352784011777 bcsId: 0,size=3145728]} | ret=SUCCESS |  
2019-08-22 07:03:29,595 [grpc-default-executor-0] INFO  client.GrpcClientProtocolClient (GrpcClientProtocolClient.java:onNext(255)) - client-CF63D631FA17->3cf1264f-5f6b-4138-aeee-2ff7d4522ead: receive RaftClientReply:client-CF63D631FA17->3cf1264f-5f6b-4138-aeee-2ff7d4522ead@group-561E16522154, cid=1692, SUCCESS, logIndex=2451, commits[3cf1264f-5f6b-4138-aeee-2ff7d4522ead:c2452, 4f0d1a15-8f14-4d9a-ad4f-8211e1245b5d:c2449, 6999f20e-c3f7-4db4-87ca-141c476f2a88:c2449]
2019-08-22 07:03:29,596 [grpc-default-executor-0] INFO  client.GrpcClientProtocolClient (GrpcClientProtocolClient.java:onNext(255)) - client-CF63D631FA17->3cf1264f-5f6b-4138-aeee-2ff7d4522ead: receive RaftClientReply:client-CF63D631FA17->3cf1264f-5f6b-4138-aeee-2ff7d4522ead@group-561E16522154, cid=1693, SUCCESS, logIndex=2452, commits[3cf1264f-5f6b-4138-aeee-2ff7d4522ead:c2452, 4f0d1a15-8f14-4d9a-ad4f-8211e1245b5d:c2449, 6999f20e-c3f7-4db4-87ca-141c476f2a88:c2449]
2019-08-22 07:03:29,603 | INFO  | DNAudit | user=null | ip=null | op=WRITE_CHUNK {blockData=conID: 1 locID: 102659352784011777 bcsId: 2452} | ret=SUCCESS |  
2019-08-22 07:03:29,606 | INFO  | DNAudit | user=null | ip=null | op=WRITE_CHUNK {blockData=conID: 1 locID: 102659352784011777 bcsId: 2452} | ret=SUCCESS |  
2019-08-22 07:03:29,606 | INFO  | DNAudit | user=null | ip=null | op=WRITE_CHUNK {blockData=conID: 1 locID: 102659352784011777 bcsId: 2452} | ret=SUCCESS |  
2019-08-22 07:03:29,608 | INFO  | DNAudit | user=null | ip=null | op=WRITE_CHUNK {blockData=conID: 1 locID: 102659352784011777 bcsId: 2447} | ret=SUCCESS |  
2019-08-22 07:03:29,608 | INFO  | DNAudit | user=null | ip=null | op=WRITE_CHUNK {blockData=conID: 1 locID: 102659352784011777 bcsId: 2447} | ret=SUCCESS |  
2019-08-22 07:03:29,608 | INFO  | DNAudit | user=null | ip=null | op=PUT_BLOCK {blockData=[blockId=conID: 1 locID: 102659352784011777 bcsId: 0,size=3145728]} | ret=SUCCESS |  
2019-08-22 07:03:29,608 | INFO  | DNAudit | user=null | ip=null | op=PUT_BLOCK {blockData=[blockId=conID: 1 locID: 102659352784011777 bcsId: 0,size=3145728]} | ret=SUCCESS |  
2019-08-22 07:03:29,621 | INFO  | DNAudit | user=null | ip=null | op=WRITE_CHUNK {blockData=conID: 1 locID: 102659352784011777 bcsId: 2452} | ret=SUCCESS |  
2019-08-22 07:03:29,622 | INFO  | DNAudit | user=null | ip=null | op=PUT_BLOCK {blockData=[blockId=conID: 1 locID: 102659352784011777 bcsId: 0,size=4194304]} | ret=SUCCESS |  
2019-08-22 07:03:29,622 [grpc-default-executor-5] INFO  client.GrpcClientProtocolClient (GrpcClientProtocolClient.java:onNext(255)) - client-CF63D631FA17->3cf1264f-5f6b-4138-aeee-2ff7d4522ead: receive RaftClientReply:client-CF63D631FA17->3cf1264f-5f6b-4138-aeee-2ff7d4522ead@group-561E16522154, cid=1694, SUCCESS, logIndex=2455, commits[3cf1264f-5f6b-4138-aeee-2ff7d4522ead:c2456, 4f0d1a15-8f14-4d9a-ad4f-8211e1245b5d:c2452, 6999f20e-c3f7-4db4-87ca-141c476f2a88:c2452]
2019-08-22 07:03:29,623 [grpc-default-executor-5] INFO  client.GrpcClientProtocolClient (GrpcClientProtocolClient.java:onNext(255)) - client-CF63D631FA17->3cf1264f-5f6b-4138-aeee-2ff7d4522ead: receive RaftClientReply:client-CF63D631FA17->3cf1264f-5f6b-4138-aeee-2ff7d4522ead@group-561E16522154, cid=1695, SUCCESS, logIndex=2456, commits[3cf1264f-5f6b-4138-aeee-2ff7d4522ead:c2456, 4f0d1a15-8f14-4d9a-ad4f-8211e1245b5d:c2452, 6999f20e-c3f7-4db4-87ca-141c476f2a88:c2452]
2019-08-22 07:03:29,635 | INFO  | DNAudit | user=null | ip=null | op=WRITE_CHUNK {blockData=conID: 1 locID: 102659352784011777 bcsId: 2452} | ret=SUCCESS |  
2019-08-22 07:03:29,635 | INFO  | DNAudit | user=null | ip=null | op=WRITE_CHUNK {blockData=conID: 1 locID: 102659352784011777 bcsId: 2452} | ret=SUCCESS |  
2019-08-22 07:03:29,635 | INFO  | DNAudit | user=null | ip=null | op=PUT_BLOCK {blockData=[blockId=conID: 1 locID: 102659352784011777 bcsId: 0,size=4194304]} | ret=SUCCESS |  
2019-08-22 07:03:29,635 | INFO  | DNAudit | user=null | ip=null | op=PUT_BLOCK {blockData=[blockId=conID: 1 locID: 102659352784011777 bcsId: 0,size=4194304]} | ret=SUCCESS |  
2019-08-22 07:03:29,635 [grpc-default-executor-5] INFO  client.GrpcClientProtocolClient (GrpcClientProtocolClient.java:onNext(255)) - client-CF63D631FA17->3cf1264f-5f6b-4138-aeee-2ff7d4522ead: receive RaftClientReply:client-CF63D631FA17->3cf1264f-5f6b-4138-aeee-2ff7d4522ead@group-561E16522154, cid=1696, SUCCESS, logIndex=0, commits[3cf1264f-5f6b-4138-aeee-2ff7d4522ead:c2457, 4f0d1a15-8f14-4d9a-ad4f-8211e1245b5d:c2456, 6999f20e-c3f7-4db4-87ca-141c476f2a88:c2456]
2019-08-22 07:03:29,640 | INFO  | SCMAudit | user=jenkins1000 | ip=192.168.34.31 | op=ALLOCATE_BLOCK {owner=04b6d46a-98e2-41b1-9f38-1870289993ea, size=4194304, type=RATIS, factor=THREE} | ret=SUCCESS |  
2019-08-22 07:03:29,643 | INFO  | OMAudit | user=jenkins1000 | ip=127.0.0.1 | op=ALLOCATE_BLOCK {volume=vol-0-14906, bucket=bucket-0-53153, key=key-0-33222, dataSize=0, replicationType=null, replicationFactor=null, keyLocationInfo=null, clientID=102659352017764754} | ret=SUCCESS |  
2019-08-22 07:03:29,651 | INFO  | DNAudit | user=null | ip=null | op=WRITE_CHUNK {blockData=conID: 2 locID: 102659352798167554 bcsId: 0} | ret=SUCCESS |  
2019-08-22 07:03:29,653 | INFO  | DNAudit | user=null | ip=null | op=WRITE_CHUNK {blockData=conID: 2 locID: 102659352798167554 bcsId: 0} | ret=SUCCESS |  
2019-08-22 07:03:29,653 | INFO  | DNAudit | user=null | ip=null | op=WRITE_CHUNK {blockData=conID: 2 locID: 102659352798167554 bcsId: 0} | ret=SUCCESS |  
2019-08-22 07:03:29,655 | INFO  | DNAudit | user=null | ip=null | op=WRITE_CHUNK {blockData=conID: 2 locID: 102659352798167554 bcsId: 0} | ret=SUCCESS |  
2019-08-22 07:03:29,656 | INFO  | DNAudit | user=null | ip=null | op=WRITE_CHUNK {blockData=conID: 2 locID: 102659352798167554 bcsId: 0} | ret=SUCCESS |  
2019-08-22 07:03:29,658 | INFO  | DNAudit | user=null | ip=null | op=WRITE_CHUNK {blockData=conID: 2 locID: 102659352798167554 bcsId: 0} | ret=SUCCESS |  
2019-08-22 07:03:29,665 | INFO  | DNAudit | user=null | ip=null | op=WRITE_CHUNK {blockData=conID: 2 locID: 102659352798167554 bcsId: 0} | ret=SUCCESS |  
2019-08-22 07:03:29,665 | INFO  | DNAudit | user=null | ip=null | op=PUT_BLOCK {blockData=[blockId=conID: 2 locID: 102659352798167554 bcsId: 0,size=1048576]} | ret=SUCCESS |  
2019-08-22 07:03:29,665 [grpc-default-executor-5] INFO  client.GrpcClientProtocolClient (GrpcClientProtocolClient.java:onNext(255)) - client-CF63D631FA17->3cf1264f-5f6b-4138-aeee-2ff7d4522ead: receive RaftClientReply:client-CF63D631FA17->3cf1264f-5f6b-4138-aeee-2ff7d4522ead@group-561E16522154, cid=1697, SUCCESS, logIndex=2459, commits[3cf1264f-5f6b-4138-aeee-2ff7d4522ead:c2460, 4f0d1a15-8f14-4d9a-ad4f-8211e1245b5d:c2458, 6999f20e-c3f7-4db4-87ca-141c476f2a88:c2458]
2019-08-22 07:03:29,666 [grpc-default-executor-5] INFO  client.GrpcClientProtocolClient (GrpcClientProtocolClient.java:onNext(255)) - client-CF63D631FA17->3cf1264f-5f6b-4138-aeee-2ff7d4522ead: receive RaftClientReply:client-CF63D631FA17->3cf1264f-5f6b-4138-aeee-2ff7d4522ead@group-561E16522154, cid=1698, SUCCESS, logIndex=2460, commits[3cf1264f-5f6b-4138-aeee-2ff7d4522ead:c2460, 4f0d1a15-8f14-4d9a-ad4f-8211e1245b5d:c2458, 6999f20e-c3f7-4db4-87ca-141c476f2a88:c2458]
2019-08-22 07:03:29,684 | INFO  | DNAudit | user=null | ip=null | op=WRITE_CHUNK {blockData=conID: 2 locID: 102659352798167554 bcsId: 0} | ret=SUCCESS |  
2019-08-22 07:03:29,684 | INFO  | DNAudit | user=null | ip=null | op=PUT_BLOCK {blockData=[blockId=conID: 2 locID: 102659352798167554 bcsId: 0,size=2097152]} | ret=SUCCESS |  
2019-08-22 07:03:29,685 [grpc-default-executor-0] INFO  client.GrpcClientProtocolClient (GrpcClientProtocolClient.java:onNext(255)) - client-CF63D631FA17->3cf1264f-5f6b-4138-aeee-2ff7d4522ead: receive RaftClientReply:client-CF63D631FA17->3cf1264f-5f6b-4138-aeee-2ff7d4522ead@group-561E16522154, cid=1699, SUCCESS, logIndex=2461, commits[3cf1264f-5f6b-4138-aeee-2ff7d4522ead:c2462, 4f0d1a15-8f14-4d9a-ad4f-8211e1245b5d:c2458, 6999f20e-c3f7-4db4-87ca-141c476f2a88:c2458]
2019-08-22 07:03:29,685 | INFO  | DNAudit | user=null | ip=null | op=WRITE_CHUNK {blockData=conID: 2 locID: 102659352798167554 bcsId: 0} | ret=SUCCESS |  
2019-08-22 07:03:29,685 [grpc-default-executor-1] INFO  client.GrpcClientProtocolClient (GrpcClientProtocolClient.java:onNext(255)) - client-CF63D631FA17->3cf1264f-5f6b-4138-aeee-2ff7d4522ead: receive RaftClientReply:client-CF63D631FA17->3cf1264f-5f6b-4138-aeee-2ff7d4522ead@group-561E16522154, cid=1700, SUCCESS, logIndex=2462, commits[3cf1264f-5f6b-4138-aeee-2ff7d4522ead:c2462, 4f0d1a15-8f14-4d9a-ad4f-8211e1245b5d:c2458, 6999f20e-c3f7-4db4-87ca-141c476f2a88:c2458]
2019-08-22 07:03:29,685 | INFO  | DNAudit | user=null | ip=null | op=PUT_BLOCK {blockData=[blockId=conID: 2 locID: 102659352798167554 bcsId: 0,size=1048576]} | ret=SUCCESS |  
2019-08-22 07:03:29,687 | INFO  | DNAudit | user=null | ip=null | op=WRITE_CHUNK {blockData=conID: 2 locID: 102659352798167554 bcsId: 0} | ret=SUCCESS |  
2019-08-22 07:03:29,687 | INFO  | DNAudit | user=null | ip=null | op=PUT_BLOCK {blockData=[blockId=conID: 2 locID: 102659352798167554 bcsId: 0,size=1048576]} | ret=SUCCESS |  
2019-08-22 07:03:29,687 [grpc-default-executor-1] INFO  client.GrpcClientProtocolClient (GrpcClientProtocolClient.java:onNext(255)) - client-CF63D631FA17->3cf1264f-5f6b-4138-aeee-2ff7d4522ead: receive RaftClientReply:client-CF63D631FA17->3cf1264f-5f6b-4138-aeee-2ff7d4522ead@group-561E16522154, cid=1701, SUCCESS, logIndex=0, commits[3cf1264f-5f6b-4138-aeee-2ff7d4522ead:c2464, 4f0d1a15-8f14-4d9a-ad4f-8211e1245b5d:c2460, 6999f20e-c3f7-4db4-87ca-141c476f2a88:c2460]
2019-08-22 07:03:29,694 | INFO  | DNAudit | user=null | ip=null | op=WRITE_CHUNK {blockData=conID: 2 locID: 102659352798167554 bcsId: 2462} | ret=SUCCESS |  
2019-08-22 07:03:29,697 | INFO  | DNAudit | user=null | ip=null | op=WRITE_CHUNK {blockData=conID: 2 locID: 102659352798167554 bcsId: 2462} | ret=SUCCESS |  
2019-08-22 07:03:29,697 | INFO  | DNAudit | user=null | ip=null | op=WRITE_CHUNK {blockData=conID: 2 locID: 102659352798167554 bcsId: 2462} | ret=SUCCESS |  
2019-08-22 07:03:29,698 | INFO  | DNAudit | user=null | ip=null | op=WRITE_CHUNK {blockData=conID: 2 locID: 102659352798167554 bcsId: 0} | ret=SUCCESS |  
2019-08-22 07:03:29,698 | INFO  | DNAudit | user=null | ip=null | op=WRITE_CHUNK {blockData=conID: 2 locID: 102659352798167554 bcsId: 0} | ret=SUCCESS |  
2019-08-22 07:03:29,698 | INFO  | DNAudit | user=null | ip=null | op=PUT_BLOCK {blockData=[blockId=conID: 2 locID: 102659352798167554 bcsId: 0,size=2097152]} | ret=SUCCESS |  
2019-08-22 07:03:29,699 | INFO  | DNAudit | user=null | ip=null | op=PUT_BLOCK {blockData=[blockId=conID: 2 locID: 102659352798167554 bcsId: 0,size=2097152]} | ret=SUCCESS |  
2019-08-22 07:03:29,700 | INFO  | DNAudit | user=null | ip=null | op=WRITE_CHUNK {blockData=conID: 2 locID: 102659352798167554 bcsId: 2462} | ret=SUCCESS |  
2019-08-22 07:03:29,701 | INFO  | DNAudit | user=null | ip=null | op=PUT_BLOCK {blockData=[blockId=conID: 2 locID: 102659352798167554 bcsId: 0,size=3145728]} | ret=SUCCESS |  
2019-08-22 07:03:29,701 [grpc-default-executor-5] INFO  client.GrpcClientProtocolClient (GrpcClientProtocolClient.java:onNext(255)) - client-CF63D631FA17->3cf1264f-5f6b-4138-aeee-2ff7d4522ead: receive RaftClientReply:client-CF63D631FA17->3cf1264f-5f6b-4138-aeee-2ff7d4522ead@group-561E16522154, cid=1702, SUCCESS, logIndex=2467, commits[3cf1264f-5f6b-4138-aeee-2ff7d4522ead:c2468, 4f0d1a15-8f14-4d9a-ad4f-8211e1245b5d:c2464, 6999f20e-c3f7-4db4-87ca-141c476f2a88:c2464]
2019-08-22 07:03:29,701 [grpc-default-executor-5] INFO  client.GrpcClientProtocolClient (GrpcClientProtocolClient.java:onNext(255)) - client-CF63D631FA17->3cf1264f-5f6b-4138-aeee-2ff7d4522ead: receive RaftClientReply:client-CF63D631FA17->3cf1264f-5f6b-4138-aeee-2ff7d4522ead@group-561E16522154, cid=1703, SUCCESS, logIndex=2468, commits[3cf1264f-5f6b-4138-aeee-2ff7d4522ead:c2468, 4f0d1a15-8f14-4d9a-ad4f-8211e1245b5d:c2464, 6999f20e-c3f7-4db4-87ca-141c476f2a88:c2464]
2019-08-22 07:03:29,704 | INFO  | DNAudit | user=null | ip=null | op=WRITE_CHUNK {blockData=conID: 2 locID: 102659352798167554 bcsId: 2462} | ret=SUCCESS |  
2019-08-22 07:03:29,704 | INFO  | DNAudit | user=null | ip=null | op=WRITE_CHUNK {blockData=conID: 2 locID: 102659352798167554 bcsId: 2462} | ret=SUCCESS |  
2019-08-22 07:03:29,705 | INFO  | SCMAudit | user=jenkins1000 | ip=192.168.34.31 | op=SEND_HEARTBEAT {datanodeUUID=6ab6b5dd-7582-43bd-ad39-1af51ca14a47, command=[]} | ret=SUCCESS |  
2019-08-22 07:03:29,707 | INFO  | DNAudit | user=null | ip=null | op=PUT_BLOCK {blockData=[blockId=conID: 2 locID: 102659352798167554 bcsId: 0,size=3145728]} | ret=SUCCESS |  
2019-08-22 07:03:29,707 | INFO  | DNAudit | user=null | ip=null | op=PUT_BLOCK {blockData=[blockId=conID: 2 locID: 102659352798167554 bcsId: 0,size=3145728]} | ret=SUCCESS |  
2019-08-22 07:03:29,708 | INFO  | DNAudit | user=null | ip=null | op=WRITE_CHUNK {blockData=conID: 2 locID: 102659352798167554 bcsId: 2468} | ret=SUCCESS |  
2019-08-22 07:03:29,711 | INFO  | DNAudit | user=null | ip=null | op=WRITE_CHUNK {blockData=conID: 2 locID: 102659352798167554 bcsId: 2468} | ret=SUCCESS |  
2019-08-22 07:03:29,711 | INFO  | DNAudit | user=null | ip=null | op=WRITE_CHUNK {blockData=conID: 2 locID: 102659352798167554 bcsId: 2468} | ret=SUCCESS |  
2019-08-22 07:03:29,713 | INFO  | DNAudit | user=null | ip=null | op=WRITE_CHUNK {blockData=conID: 2 locID: 102659352798167554 bcsId: 2468} | ret=SUCCESS |  
2019-08-22 07:03:29,714 | INFO  | DNAudit | user=null | ip=null | op=PUT_BLOCK {blockData=[blockId=conID: 2 locID: 102659352798167554 bcsId: 0,size=4194304]} | ret=SUCCESS |  
2019-08-22 07:03:29,714 [grpc-default-executor-1] INFO  client.GrpcClientProtocolClient (GrpcClientProtocolClient.java:onNext(255)) - client-CF63D631FA17->3cf1264f-5f6b-4138-aeee-2ff7d4522ead: receive RaftClientReply:client-CF63D631FA17->3cf1264f-5f6b-4138-aeee-2ff7d4522ead@group-561E16522154, cid=1704, SUCCESS, logIndex=2471, commits[3cf1264f-5f6b-4138-aeee-2ff7d4522ead:c2472, 4f0d1a15-8f14-4d9a-ad4f-8211e1245b5d:c2469, 6999f20e-c3f7-4db4-87ca-141c476f2a88:c2468]
2019-08-22 07:03:29,714 [grpc-default-executor-1] INFO  client.GrpcClientProtocolClient (GrpcClientProtocolClient.java:onNext(255)) - client-CF63D631FA17->3cf1264f-5f6b-4138-aeee-2ff7d4522ead: receive RaftClientReply:client-CF63D631FA17->3cf1264f-5f6b-4138-aeee-2ff7d4522ead@group-561E16522154, cid=1705, SUCCESS, logIndex=2472, commits[3cf1264f-5f6b-4138-aeee-2ff7d4522ead:c2472, 4f0d1a15-8f14-4d9a-ad4f-8211e1245b5d:c2469, 6999f20e-c3f7-4db4-87ca-141c476f2a88:c2469]
2019-08-22 07:03:29,717 | INFO  | DNAudit | user=null | ip=null | op=WRITE_CHUNK {blockData=conID: 2 locID: 102659352798167554 bcsId: 2468} | ret=SUCCESS |  
2019-08-22 07:03:29,717 | INFO  | DNAudit | user=null | ip=null | op=WRITE_CHUNK {blockData=conID: 2 locID: 102659352798167554 bcsId: 2468} | ret=SUCCESS |  
2019-08-22 07:03:29,717 | INFO  | DNAudit | user=null | ip=null | op=PUT_BLOCK {blockData=[blockId=conID: 2 locID: 102659352798167554 bcsId: 0,size=4194304]} | ret=SUCCESS |  
2019-08-22 07:03:29,717 | INFO  | DNAudit | user=null | ip=null | op=PUT_BLOCK {blockData=[blockId=conID: 2 locID: 102659352798167554 bcsId: 0,size=4194304]} | ret=SUCCESS |  
2019-08-22 07:03:29,717 [grpc-default-executor-1] INFO  client.GrpcClientProtocolClient (GrpcClientProtocolClient.java:onNext(255)) - client-CF63D631FA17->3cf1264f-5f6b-4138-aeee-2ff7d4522ead: receive RaftClientReply:client-CF63D631FA17->3cf1264f-5f6b-4138-aeee-2ff7d4522ead@group-561E16522154, cid=1706, SUCCESS, logIndex=0, commits[3cf1264f-5f6b-4138-aeee-2ff7d4522ead:c2473, 4f0d1a15-8f14-4d9a-ad4f-8211e1245b5d:c2472, 6999f20e-c3f7-4db4-87ca-141c476f2a88:c2472]
2019-08-22 07:03:29,723 | INFO  | SCMAudit | user=jenkins1000 | ip=192.168.34.31 | op=ALLOCATE_BLOCK {owner=04b6d46a-98e2-41b1-9f38-1870289993ea, size=4194304, type=RATIS, factor=THREE} | ret=SUCCESS |  
2019-08-22 07:03:29,726 | INFO  | OMAudit | user=jenkins1000 | ip=127.0.0.1 | op=ALLOCATE_BLOCK {volume=vol-0-14906, bucket=bucket-0-53153, key=key-0-33222, dataSize=0, replicationType=null, replicationFactor=null, keyLocationInfo=null, clientID=102659352017764754} | ret=SUCCESS |  
2019-08-22 07:03:29,733 | INFO  | DNAudit | user=null | ip=null | op=WRITE_CHUNK {blockData=conID: 3 locID: 102659352803541507 bcsId: 0} | ret=SUCCESS |  
2019-08-22 07:03:29,736 | INFO  | DNAudit | user=null | ip=null | op=WRITE_CHUNK {blockData=conID: 3 locID: 102659352803541507 bcsId: 0} | ret=SUCCESS |  
2019-08-22 07:03:29,737 | INFO  | DNAudit | user=null | ip=null | op=WRITE_CHUNK {blockData=conID: 3 locID: 102659352803541507 bcsId: 0} | ret=SUCCESS |  
2019-08-22 07:03:29,737 | INFO  | DNAudit | user=null | ip=null | op=WRITE_CHUNK {blockData=conID: 3 locID: 102659352803541507 bcsId: 0} | ret=SUCCESS |  
2019-08-22 07:03:29,739 | INFO  | DNAudit | user=null | ip=null | op=WRITE_CHUNK {blockData=conID: 3 locID: 102659352803541507 bcsId: 0} | ret=SUCCESS |  
2019-08-22 07:03:29,739 | INFO  | DNAudit | user=null | ip=null | op=WRITE_CHUNK {blockData=conID: 3 locID: 102659352803541507 bcsId: 0} | ret=SUCCESS |  
2019-08-22 07:03:29,746 | INFO  | DNAudit | user=null | ip=null | op=WRITE_CHUNK {blockData=conID: 3 locID: 102659352803541507 bcsId: 0} | ret=SUCCESS |  
2019-08-22 07:03:29,747 | INFO  | DNAudit | user=null | ip=null | op=PUT_BLOCK {blockData=[blockId=conID: 3 locID: 102659352803541507 bcsId: 0,size=1048576]} | ret=SUCCESS |  
2019-08-22 07:03:29,747 [grpc-default-executor-1] INFO  client.GrpcClientProtocolClient (GrpcClientProtocolClient.java:onNext(255)) - client-CF63D631FA17->3cf1264f-5f6b-4138-aeee-2ff7d4522ead: receive RaftClientReply:client-CF63D631FA17->3cf1264f-5f6b-4138-aeee-2ff7d4522ead@group-561E16522154, cid=1707, SUCCESS, logIndex=2475, commits[3cf1264f-5f6b-4138-aeee-2ff7d4522ead:c2476, 4f0d1a15-8f14-4d9a-ad4f-8211e1245b5d:c2474, 6999f20e-c3f7-4db4-87ca-141c476f2a88:c2474]
2019-08-22 07:03:29,748 | INFO  | DNAudit | user=null | ip=null | op=WRITE_CHUNK {blockData=conID: 3 locID: 102659352803541507 bcsId: 0} | ret=SUCCESS |  
2019-08-22 07:03:29,748 [grpc-default-executor-1] INFO  client.GrpcClientProtocolClient (GrpcClientProtocolClient.java:onNext(255)) - client-CF63D631FA17->3cf1264f-5f6b-4138-aeee-2ff7d4522ead: receive RaftClientReply:client-CF63D631FA17->3cf1264f-5f6b-4138-aeee-2ff7d4522ead@group-561E16522154, cid=1708, SUCCESS, logIndex=2476, commits[3cf1264f-5f6b-4138-aeee-2ff7d4522ead:c2476, 4f0d1a15-8f14-4d9a-ad4f-8211e1245b5d:c2474, 6999f20e-c3f7-4db4-87ca-141c476f2a88:c2474]
2019-08-22 07:03:29,748 | INFO  | DNAudit | user=null | ip=null | op=PUT_BLOCK {blockData=[blockId=conID: 3 locID: 102659352803541507 bcsId: 0,size=2097152]} | ret=SUCCESS |  
2019-08-22 07:03:29,748 [grpc-default-executor-1] INFO  client.GrpcClientProtocolClient (GrpcClientProtocolClient.java:onNext(255)) - client-CF63D631FA17->3cf1264f-5f6b-4138-aeee-2ff7d4522ead: receive RaftClientReply:client-CF63D631FA17->3cf1264f-5f6b-4138-aeee-2ff7d4522ead@group-561E16522154, cid=1709, SUCCESS, logIndex=2477, commits[3cf1264f-5f6b-4138-aeee-2ff7d4522ead:c2478, 4f0d1a15-8f14-4d9a-ad4f-8211e1245b5d:c2474, 6999f20e-c3f7-4db4-87ca-141c476f2a88:c2474]
2019-08-22 07:03:29,748 [grpc-default-executor-1] INFO  client.GrpcClientProtocolClient (GrpcClientProtocolClient.java:onNext(255)) - client-CF63D631FA17->3cf1264f-5f6b-4138-aeee-2ff7d4522ead: receive RaftClientReply:client-CF63D631FA17->3cf1264f-5f6b-4138-aeee-2ff7d4522ead@group-561E16522154, cid=1710, SUCCESS, logIndex=2478, commits[3cf1264f-5f6b-4138-aeee-2ff7d4522ead:c2478, 4f0d1a15-8f14-4d9a-ad4f-8211e1245b5d:c2474, 6999f20e-c3f7-4db4-87ca-141c476f2a88:c2474]
2019-08-22 07:03:29,751 | INFO  | DNAudit | user=null | ip=null | op=WRITE_CHUNK {blockData=conID: 3 locID: 102659352803541507 bcsId: 0} | ret=SUCCESS |  
2019-08-22 07:03:29,751 | INFO  | DNAudit | user=null | ip=null | op=PUT_BLOCK {blockData=[blockId=conID: 3 locID: 102659352803541507 bcsId: 0,size=1048576]} | ret=SUCCESS |  
2019-08-22 07:03:29,751 | INFO  | DNAudit | user=null | ip=null | op=WRITE_CHUNK {blockData=conID: 3 locID: 102659352803541507 bcsId: 0} | ret=SUCCESS |  
2019-08-22 07:03:29,751 | INFO  | DNAudit | user=null | ip=null | op=PUT_BLOCK {blockData=[blockId=conID: 3 locID: 102659352803541507 bcsId: 0,size=1048576]} | ret=SUCCESS |  
2019-08-22 07:03:29,752 | INFO  | DNAudit | user=null | ip=null | op=WRITE_CHUNK {blockData=conID: 3 locID: 102659352803541507 bcsId: 0} | ret=SUCCESS |  
2019-08-22 07:03:29,752 | INFO  | DNAudit | user=null | ip=null | op=WRITE_CHUNK {blockData=conID: 3 locID: 102659352803541507 bcsId: 0} | ret=SUCCESS |  
2019-08-22 07:03:29,752 | INFO  | DNAudit | user=null | ip=null | op=PUT_BLOCK {blockData=[blockId=conID: 3 locID: 102659352803541507 bcsId: 0,size=2097152]} | ret=SUCCESS |  
2019-08-22 07:03:29,752 | INFO  | DNAudit | user=null | ip=null | op=PUT_BLOCK {blockData=[blockId=conID: 3 locID: 102659352803541507 bcsId: 0,size=2097152]} | ret=SUCCESS |  
2019-08-22 07:03:29,752 [grpc-default-executor-1] INFO  client.GrpcClientProtocolClient (GrpcClientProtocolClient.java:onNext(255)) - client-CF63D631FA17->3cf1264f-5f6b-4138-aeee-2ff7d4522ead: receive RaftClientReply:client-CF63D631FA17->3cf1264f-5f6b-4138-aeee-2ff7d4522ead@group-561E16522154, cid=1711, SUCCESS, logIndex=0, commits[3cf1264f-5f6b-4138-aeee-2ff7d4522ead:c2480, 4f0d1a15-8f14-4d9a-ad4f-8211e1245b5d:c2476, 6999f20e-c3f7-4db4-87ca-141c476f2a88:c2476]
2019-08-22 07:03:29,758 | INFO  | DNAudit | user=null | ip=null | op=WRITE_CHUNK {blockData=conID: 3 locID: 102659352803541507 bcsId: 2478} | ret=SUCCESS |  
2019-08-22 07:03:29,760 | INFO  | DNAudit | user=null | ip=null | op=WRITE_CHUNK {blockData=conID: 3 locID: 102659352803541507 bcsId: 2478} | ret=SUCCESS |  
2019-08-22 07:03:29,761 | INFO  | DNAudit | user=null | ip=null | op=WRITE_CHUNK {blockData=conID: 3 locID: 102659352803541507 bcsId: 2478} | ret=SUCCESS |  
 0.00% |█                                                                                                    |  0/1 Time: 0:00:122019-08-22 07:03:29,773 | INFO  | DNAudit | user=null | ip=null | op=WRITE_CHUNK {blockData=conID: 3 locID: 102659352803541507 bcsId: 2478} | ret=SUCCESS |  
2019-08-22 07:03:29,774 | INFO  | DNAudit | user=null | ip=null | op=PUT_BLOCK {blockData=[blockId=conID: 3 locID: 102659352803541507 bcsId: 0,size=3145728]} | ret=SUCCESS |  
2019-08-22 07:03:29,774 [grpc-default-executor-1] INFO  client.GrpcClientProtocolClient (GrpcClientProtocolClient.java:onNext(255)) - client-CF63D631FA17->3cf1264f-5f6b-4138-aeee-2ff7d4522ead: receive RaftClientReply:client-CF63D631FA17->3cf1264f-5f6b-4138-aeee-2ff7d4522ead@group-561E16522154, cid=1712, SUCCESS, logIndex=2483, commits[3cf1264f-5f6b-4138-aeee-2ff7d4522ead:c2484, 4f0d1a15-8f14-4d9a-ad4f-8211e1245b5d:c2482, 6999f20e-c3f7-4db4-87ca-141c476f2a88:c2478]
2019-08-22 07:03:29,774 [grpc-default-executor-1] INFO  client.GrpcClientProtocolClient (GrpcClientProtocolClient.java:onNext(255)) - client-CF63D631FA17->3cf1264f-5f6b-4138-aeee-2ff7d4522ead: receive RaftClientReply:client-CF63D631FA17->3cf1264f-5f6b-4138-aeee-2ff7d4522ead@group-561E16522154, cid=1713, SUCCESS, logIndex=2484, commits[3cf1264f-5f6b-4138-aeee-2ff7d4522ead:c2484, 4f0d1a15-8f14-4d9a-ad4f-8211e1245b5d:c2482, 6999f20e-c3f7-4db4-87ca-141c476f2a88:c2482]
2019-08-22 07:03:29,775 | INFO  | DNAudit | user=null | ip=null | op=WRITE_CHUNK {blockData=conID: 3 locID: 102659352803541507 bcsId: 2478} | ret=SUCCESS |  
2019-08-22 07:03:29,775 | INFO  | DNAudit | user=null | ip=null | op=WRITE_CHUNK {blockData=conID: 3 locID: 102659352803541507 bcsId: 2478} | ret=SUCCESS |  
2019-08-22 07:03:29,775 | INFO  | DNAudit | user=null | ip=null | op=PUT_BLOCK {blockData=[blockId=conID: 3 locID: 102659352803541507 bcsId: 0,size=3145728]} | ret=SUCCESS |  
2019-08-22 07:03:29,775 | INFO  | DNAudit | user=null | ip=null | op=PUT_BLOCK {blockData=[blockId=conID: 3 locID: 102659352803541507 bcsId: 0,size=3145728]} | ret=SUCCESS |  
2019-08-22 07:03:29,781 | INFO  | DNAudit | user=null | ip=null | op=WRITE_CHUNK {blockData=conID: 3 locID: 102659352803541507 bcsId: 2484} | ret=SUCCESS |  
2019-08-22 07:03:29,783 | INFO  | DNAudit | user=null | ip=null | op=WRITE_CHUNK {blockData=conID: 3 locID: 102659352803541507 bcsId: 2484} | ret=SUCCESS |  
2019-08-22 07:03:29,783 | INFO  | DNAudit | user=null | ip=null | op=WRITE_CHUNK {blockData=conID: 3 locID: 102659352803541507 bcsId: 2484} | ret=SUCCESS |  
2019-08-22 07:03:29,793 | INFO  | DNAudit | user=null | ip=null | op=WRITE_CHUNK {blockData=conID: 3 locID: 102659352803541507 bcsId: 2484} | ret=SUCCESS |  
2019-08-22 07:03:29,794 | INFO  | DNAudit | user=null | ip=null | op=PUT_BLOCK {blockData=[blockId=conID: 3 locID: 102659352803541507 bcsId: 0,size=4194304]} | ret=SUCCESS |  
2019-08-22 07:03:29,794 [grpc-default-executor-5] INFO  client.GrpcClientProtocolClient (GrpcClientProtocolClient.java:onNext(255)) - client-CF63D631FA17->3cf1264f-5f6b-4138-aeee-2ff7d4522ead: receive RaftClientReply:client-CF63D631FA17->3cf1264f-5f6b-4138-aeee-2ff7d4522ead@group-561E16522154, cid=1714, SUCCESS, logIndex=2487, commits[3cf1264f-5f6b-4138-aeee-2ff7d4522ead:c2488, 4f0d1a15-8f14-4d9a-ad4f-8211e1245b5d:c2486, 6999f20e-c3f7-4db4-87ca-141c476f2a88:c2486]
2019-08-22 07:03:29,794 [grpc-default-executor-5] INFO  client.GrpcClientProtocolClient (GrpcClientProtocolClient.java:onNext(255)) - client-CF63D631FA17->3cf1264f-5f6b-4138-aeee-2ff7d4522ead: receive RaftClientReply:client-CF63D631FA17->3cf1264f-5f6b-4138-aeee-2ff7d4522ead@group-561E16522154, cid=1715, SUCCESS, logIndex=2488, commits[3cf1264f-5f6b-4138-aeee-2ff7d4522ead:c2488, 4f0d1a15-8f14-4d9a-ad4f-8211e1245b5d:c2486, 6999f20e-c3f7-4db4-87ca-141c476f2a88:c2486]
2019-08-22 07:03:29,807 | INFO  | DNAudit | user=null | ip=null | op=WRITE_CHUNK {blockData=conID: 3 locID: 102659352803541507 bcsId: 2484} | ret=SUCCESS |  
2019-08-22 07:03:29,807 | INFO  | DNAudit | user=null | ip=null | op=WRITE_CHUNK {blockData=conID: 3 locID: 102659352803541507 bcsId: 2484} | ret=SUCCESS |  
2019-08-22 07:03:29,807 | INFO  | DNAudit | user=null | ip=null | op=PUT_BLOCK {blockData=[blockId=conID: 3 locID: 102659352803541507 bcsId: 0,size=4194304]} | ret=SUCCESS |  
2019-08-22 07:03:29,807 | INFO  | DNAudit | user=null | ip=null | op=PUT_BLOCK {blockData=[blockId=conID: 3 locID: 102659352803541507 bcsId: 0,size=4194304]} | ret=SUCCESS |  
2019-08-22 07:03:29,807 [grpc-default-executor-5] INFO  client.GrpcClientProtocolClient (GrpcClientProtocolClient.java:onNext(255)) - client-CF63D631FA17->3cf1264f-5f6b-4138-aeee-2ff7d4522ead: receive RaftClientReply:client-CF63D631FA17->3cf1264f-5f6b-4138-aeee-2ff7d4522ead@group-561E16522154, cid=1716, SUCCESS, logIndex=0, commits[3cf1264f-5f6b-4138-aeee-2ff7d4522ead:c2489, 4f0d1a15-8f14-4d9a-ad4f-8211e1245b5d:c2488, 6999f20e-c3f7-4db4-87ca-141c476f2a88:c2488]
2019-08-22 07:03:29,811 | INFO  | SCMAudit | user=jenkins1000 | ip=192.168.34.31 | op=ALLOCATE_BLOCK {owner=04b6d46a-98e2-41b1-9f38-1870289993ea, size=4194304, type=RATIS, factor=THREE} | ret=SUCCESS |  
2019-08-22 07:03:29,814 | INFO  | OMAudit | user=jenkins1000 | ip=127.0.0.1 | op=ALLOCATE_BLOCK {volume=vol-0-14906, bucket=bucket-0-53153, key=key-0-33222, dataSize=0, replicationType=null, replicationFactor=null, keyLocationInfo=null, clientID=102659352017764754} | ret=SUCCESS |  
2019-08-22 07:03:29,821 | INFO  | DNAudit | user=null | ip=null | op=WRITE_CHUNK {blockData=conID: 1 locID: 102659352809374212 bcsId: 0} | ret=SUCCESS |  
2019-08-22 07:03:29,823 | INFO  | DNAudit | user=null | ip=null | op=WRITE_CHUNK {blockData=conID: 1 locID: 102659352809374212 bcsId: 0} | ret=SUCCESS |  
2019-08-22 07:03:29,823 | INFO  | DNAudit | user=null | ip=null | op=WRITE_CHUNK {blockData=conID: 1 locID: 102659352809374212 bcsId: 0} | ret=SUCCESS |  
2019-08-22 07:03:29,824 | INFO  | DNAudit | user=null | ip=null | op=WRITE_CHUNK {blockData=conID: 1 locID: 102659352809374212 bcsId: 0} | ret=SUCCESS |  
2019-08-22 07:03:29,827 | INFO  | DNAudit | user=null | ip=null | op=WRITE_CHUNK {blockData=conID: 1 locID: 102659352809374212 bcsId: 0} | ret=SUCCESS |  
2019-08-22 07:03:29,827 | INFO  | DNAudit | user=null | ip=null | op=WRITE_CHUNK {blockData=conID: 1 locID: 102659352809374212 bcsId: 0} | ret=SUCCESS |  
2019-08-22 07:03:29,834 | INFO  | DNAudit | user=null | ip=null | op=WRITE_CHUNK {blockData=conID: 1 locID: 102659352809374212 bcsId: 0} | ret=SUCCESS |  
2019-08-22 07:03:29,834 | INFO  | DNAudit | user=null | ip=null | op=PUT_BLOCK {blockData=[blockId=conID: 1 locID: 102659352809374212 bcsId: 0,size=1048576]} | ret=SUCCESS |  
2019-08-22 07:03:29,834 [grpc-default-executor-0] INFO  client.GrpcClientProtocolClient (GrpcClientProtocolClient.java:onNext(255)) - client-CF63D631FA17->3cf1264f-5f6b-4138-aeee-2ff7d4522ead: receive RaftClientReply:client-CF63D631FA17->3cf1264f-5f6b-4138-aeee-2ff7d4522ead@group-561E16522154, cid=1717, SUCCESS, logIndex=2491, commits[3cf1264f-5f6b-4138-aeee-2ff7d4522ead:c2492, 4f0d1a15-8f14-4d9a-ad4f-8211e1245b5d:c2489, 6999f20e-c3f7-4db4-87ca-141c476f2a88:c2489]
2019-08-22 07:03:29,835 [grpc-default-executor-0] INFO  client.GrpcClientProtocolClient (GrpcClientProtocolClient.java:onNext(255)) - client-CF63D631FA17->3cf1264f-5f6b-4138-aeee-2ff7d4522ead: receive RaftClientReply:client-CF63D631FA17->3cf1264f-5f6b-4138-aeee-2ff7d4522ead@group-561E16522154, cid=1718, SUCCESS, logIndex=2492, commits[3cf1264f-5f6b-4138-aeee-2ff7d4522ead:c2492, 4f0d1a15-8f14-4d9a-ad4f-8211e1245b5d:c2489, 6999f20e-c3f7-4db4-87ca-141c476f2a88:c2489]
2019-08-22 07:03:29,836 | INFO  | DNAudit | user=null | ip=null | op=WRITE_CHUNK {blockData=conID: 1 locID: 102659352809374212 bcsId: 0} | ret=SUCCESS |  
2019-08-22 07:03:29,836 | INFO  | DNAudit | user=null | ip=null | op=PUT_BLOCK {blockData=[blockId=conID: 1 locID: 102659352809374212 bcsId: 0,size=2097152]} | ret=SUCCESS |  
2019-08-22 07:03:29,836 [grpc-default-executor-0] INFO  client.GrpcClientProtocolClient (GrpcClientProtocolClient.java:onNext(255)) - client-CF63D631FA17->3cf1264f-5f6b-4138-aeee-2ff7d4522ead: receive RaftClientReply:client-CF63D631FA17->3cf1264f-5f6b-4138-aeee-2ff7d4522ead@group-561E16522154, cid=1719, SUCCESS, logIndex=2493, commits[3cf1264f-5f6b-4138-aeee-2ff7d4522ead:c2493, 4f0d1a15-8f14-4d9a-ad4f-8211e1245b5d:c2490, 6999f20e-c3f7-4db4-87ca-141c476f2a88:c2490]
2019-08-22 07:03:29,837 [grpc-default-executor-0] INFO  client.GrpcClientProtocolClient (GrpcClientProtocolClient.java:onNext(255)) - client-CF63D631FA17->3cf1264f-5f6b-4138-aeee-2ff7d4522ead: receive RaftClientReply:client-CF63D631FA17->3cf1264f-5f6b-4138-aeee-2ff7d4522ead@group-561E16522154, cid=1720, SUCCESS, logIndex=2494, commits[3cf1264f-5f6b-4138-aeee-2ff7d4522ead:c2494, 4f0d1a15-8f14-4d9a-ad4f-8211e1245b5d:c2490, 6999f20e-c3f7-4db4-87ca-141c476f2a88:c2490]
2019-08-22 07:03:29,847 | INFO  | DNAudit | user=null | ip=null | op=WRITE_CHUNK {blockData=conID: 1 locID: 102659352809374212 bcsId: 0} | ret=SUCCESS |  
2019-08-22 07:03:29,847 | INFO  | DNAudit | user=null | ip=null | op=WRITE_CHUNK {blockData=conID: 1 locID: 102659352809374212 bcsId: 0} | ret=SUCCESS |  
2019-08-22 07:03:29,847 | INFO  | DNAudit | user=null | ip=null | op=PUT_BLOCK {blockData=[blockId=conID: 1 locID: 102659352809374212 bcsId: 0,size=1048576]} | ret=SUCCESS |  
2019-08-22 07:03:29,847 | INFO  | DNAudit | user=null | ip=null | op=PUT_BLOCK {blockData=[blockId=conID: 1 locID: 102659352809374212 bcsId: 0,size=1048576]} | ret=SUCCESS |  
2019-08-22 07:03:29,848 | INFO  | DNAudit | user=null | ip=null | op=WRITE_CHUNK {blockData=conID: 1 locID: 102659352809374212 bcsId: 0} | ret=SUCCESS |  
2019-08-22 07:03:29,848 | INFO  | DNAudit | user=null | ip=null | op=PUT_BLOCK {blockData=[blockId=conID: 1 locID: 102659352809374212 bcsId: 0,size=2097152]} | ret=SUCCESS |  
2019-08-22 07:03:29,848 | INFO  | DNAudit | user=null | ip=null | op=WRITE_CHUNK {blockData=conID: 1 locID: 102659352809374212 bcsId: 0} | ret=SUCCESS |  
2019-08-22 07:03:29,849 | INFO  | DNAudit | user=null | ip=null | op=PUT_BLOCK {blockData=[blockId=conID: 1 locID: 102659352809374212 bcsId: 0,size=2097152]} | ret=SUCCESS |  
2019-08-22 07:03:29,850 [grpc-default-executor-0] INFO  client.GrpcClientProtocolClient (GrpcClientProtocolClient.java:onNext(255)) - client-CF63D631FA17->3cf1264f-5f6b-4138-aeee-2ff7d4522ead: receive RaftClientReply:client-CF63D631FA17->3cf1264f-5f6b-4138-aeee-2ff7d4522ead@group-561E16522154, cid=1721, SUCCESS, logIndex=0, commits[3cf1264f-5f6b-4138-aeee-2ff7d4522ead:c2496, 4f0d1a15-8f14-4d9a-ad4f-8211e1245b5d:c2492, 6999f20e-c3f7-4db4-87ca-141c476f2a88:c2492]
2019-08-22 07:03:29,857 | INFO  | DNAudit | user=null | ip=null | op=WRITE_CHUNK {blockData=conID: 1 locID: 102659352809374212 bcsId: 2494} | ret=SUCCESS |  
2019-08-22 07:03:29,860 | INFO  | DNAudit | user=null | ip=null | op=WRITE_CHUNK {blockData=conID: 1 locID: 102659352809374212 bcsId: 2494} | ret=SUCCESS |  
2019-08-22 07:03:29,860 | INFO  | DNAudit | user=null | ip=null | op=WRITE_CHUNK {blockData=conID: 1 locID: 102659352809374212 bcsId: 2494} | ret=SUCCESS |  
2019-08-22 07:03:29,872 | INFO  | DNAudit | user=null | ip=null | op=WRITE_CHUNK {blockData=conID: 1 locID: 102659352809374212 bcsId: 2494} | ret=SUCCESS |  
2019-08-22 07:03:29,872 | INFO  | DNAudit | user=null | ip=null | op=PUT_BLOCK {blockData=[blockId=conID: 1 locID: 102659352809374212 bcsId: 0,size=3145728]} | ret=SUCCESS |  
2019-08-22 07:03:29,872 [grpc-default-executor-0] INFO  client.GrpcClientProtocolClient (GrpcClientProtocolClient.java:onNext(255)) - client-CF63D631FA17->3cf1264f-5f6b-4138-aeee-2ff7d4522ead: receive RaftClientReply:client-CF63D631FA17->3cf1264f-5f6b-4138-aeee-2ff7d4522ead@group-561E16522154, cid=1722, SUCCESS, logIndex=2499, commits[3cf1264f-5f6b-4138-aeee-2ff7d4522ead:c2500, 4f0d1a15-8f14-4d9a-ad4f-8211e1245b5d:c2498, 6999f20e-c3f7-4db4-87ca-141c476f2a88:c2498]
2019-08-22 07:03:29,873 [grpc-default-executor-0] INFO  client.GrpcClientProtocolClient (GrpcClientProtocolClient.java:onNext(255)) - client-CF63D631FA17->3cf1264f-5f6b-4138-aeee-2ff7d4522ead: receive RaftClientReply:client-CF63D631FA17->3cf1264f-5f6b-4138-aeee-2ff7d4522ead@group-561E16522154, cid=1723, SUCCESS, logIndex=2500, commits[3cf1264f-5f6b-4138-aeee-2ff7d4522ead:c2500, 4f0d1a15-8f14-4d9a-ad4f-8211e1245b5d:c2498, 6999f20e-c3f7-4db4-87ca-141c476f2a88:c2498]
2019-08-22 07:03:29,880 | INFO  | DNAudit | user=null | ip=null | op=WRITE_CHUNK {blockData=conID: 1 locID: 102659352809374212 bcsId: 2500} | ret=SUCCESS |  
2019-08-22 07:03:29,883 | INFO  | DNAudit | user=null | ip=null | op=WRITE_CHUNK {blockData=conID: 1 locID: 102659352809374212 bcsId: 2500} | ret=SUCCESS |  
2019-08-22 07:03:29,884 | INFO  | DNAudit | user=null | ip=null | op=WRITE_CHUNK {blockData=conID: 1 locID: 102659352809374212 bcsId: 2500} | ret=SUCCESS |  
2019-08-22 07:03:29,885 | INFO  | DNAudit | user=null | ip=null | op=WRITE_CHUNK {blockData=conID: 1 locID: 102659352809374212 bcsId: 2494} | ret=SUCCESS |  
2019-08-22 07:03:29,885 | INFO  | DNAudit | user=null | ip=null | op=WRITE_CHUNK {blockData=conID: 1 locID: 102659352809374212 bcsId: 2494} | ret=SUCCESS |  
2019-08-22 07:03:29,886 | INFO  | DNAudit | user=null | ip=null | op=PUT_BLOCK {blockData=[blockId=conID: 1 locID: 102659352809374212 bcsId: 0,size=3145728]} | ret=SUCCESS |  
2019-08-22 07:03:29,886 | INFO  | DNAudit | user=null | ip=null | op=PUT_BLOCK {blockData=[blockId=conID: 1 locID: 102659352809374212 bcsId: 0,size=3145728]} | ret=SUCCESS |  
2019-08-22 07:03:29,897 | INFO  | DNAudit | user=null | ip=null | op=WRITE_CHUNK {blockData=conID: 1 locID: 102659352809374212 bcsId: 2500} | ret=SUCCESS |  
2019-08-22 07:03:29,898 | INFO  | DNAudit | user=null | ip=null | op=PUT_BLOCK {blockData=[blockId=conID: 1 locID: 102659352809374212 bcsId: 0,size=4194304]} | ret=SUCCESS |  
2019-08-22 07:03:29,898 [grpc-default-executor-1] INFO  client.GrpcClientProtocolClient (GrpcClientProtocolClient.java:onNext(255)) - client-CF63D631FA17->3cf1264f-5f6b-4138-aeee-2ff7d4522ead: receive RaftClientReply:client-CF63D631FA17->3cf1264f-5f6b-4138-aeee-2ff7d4522ead@group-561E16522154, cid=1724, SUCCESS, logIndex=2503, commits[3cf1264f-5f6b-4138-aeee-2ff7d4522ead:c2503, 4f0d1a15-8f14-4d9a-ad4f-8211e1245b5d:c2500, 6999f20e-c3f7-4db4-87ca-141c476f2a88:c2500]
2019-08-22 07:03:29,899 [grpc-default-executor-1] INFO  client.GrpcClientProtocolClient (GrpcClientProtocolClient.java:onNext(255)) - client-CF63D631FA17->3cf1264f-5f6b-4138-aeee-2ff7d4522ead: receive RaftClientReply:client-CF63D631FA17->3cf1264f-5f6b-4138-aeee-2ff7d4522ead@group-561E16522154, cid=1725, SUCCESS, logIndex=2504, commits[3cf1264f-5f6b-4138-aeee-2ff7d4522ead:c2504, 4f0d1a15-8f14-4d9a-ad4f-8211e1245b5d:c2500, 6999f20e-c3f7-4db4-87ca-141c476f2a88:c2500]
2019-08-22 07:03:29,910 | INFO  | DNAudit | user=null | ip=null | op=WRITE_CHUNK {blockData=conID: 1 locID: 102659352809374212 bcsId: 2500} | ret=SUCCESS |  
2019-08-22 07:03:29,911 | INFO  | DNAudit | user=null | ip=null | op=WRITE_CHUNK {blockData=conID: 1 locID: 102659352809374212 bcsId: 2500} | ret=SUCCESS |  
2019-08-22 07:03:29,921 | INFO  | DNAudit | user=null | ip=null | op=PUT_BLOCK {blockData=[blockId=conID: 1 locID: 102659352809374212 bcsId: 0,size=4194304]} | ret=SUCCESS |  
2019-08-22 07:03:29,922 | INFO  | DNAudit | user=null | ip=null | op=PUT_BLOCK {blockData=[blockId=conID: 1 locID: 102659352809374212 bcsId: 0,size=4194304]} | ret=SUCCESS |  
2019-08-22 07:03:29,923 [grpc-default-executor-1] INFO  client.GrpcClientProtocolClient (GrpcClientProtocolClient.java:onNext(255)) - client-CF63D631FA17->3cf1264f-5f6b-4138-aeee-2ff7d4522ead: receive RaftClientReply:client-CF63D631FA17->3cf1264f-5f6b-4138-aeee-2ff7d4522ead@group-561E16522154, cid=1726, SUCCESS, logIndex=0, commits[3cf1264f-5f6b-4138-aeee-2ff7d4522ead:c2506, 4f0d1a15-8f14-4d9a-ad4f-8211e1245b5d:c2504, 6999f20e-c3f7-4db4-87ca-141c476f2a88:c2504]
2019-08-22 07:03:29,925 | INFO  | SCMAudit | user=jenkins1000 | ip=192.168.34.31 | op=SEND_HEARTBEAT {datanodeUUID=4f0d1a15-8f14-4d9a-ad4f-8211e1245b5d, command=[]} | ret=SUCCESS |  
2019-08-22 07:03:29,925 | INFO  | SCMAudit | user=jenkins1000 | ip=192.168.34.31 | op=SEND_HEARTBEAT {datanodeUUID=6999f20e-c3f7-4db4-87ca-141c476f2a88, command=[]} | ret=SUCCESS |  
2019-08-22 07:03:29,925 | INFO  | SCMAudit | user=jenkins1000 | ip=192.168.34.31 | op=SEND_HEARTBEAT {datanodeUUID=3cf1264f-5f6b-4138-aeee-2ff7d4522ead, command=[]} | ret=SUCCESS |  
2019-08-22 07:03:29,929 | INFO  | SCMAudit | user=jenkins1000 | ip=192.168.34.31 | op=ALLOCATE_BLOCK {owner=04b6d46a-98e2-41b1-9f38-1870289993ea, size=4194304, type=RATIS, factor=THREE} | ret=SUCCESS |  
2019-08-22 07:03:29,932 | INFO  | OMAudit | user=jenkins1000 | ip=127.0.0.1 | op=ALLOCATE_BLOCK {volume=vol-0-14906, bucket=bucket-0-53153, key=key-0-33222, dataSize=0, replicationType=null, replicationFactor=null, keyLocationInfo=null, clientID=102659352017764754} | ret=SUCCESS |  
2019-08-22 07:03:29,940 | INFO  | DNAudit | user=null | ip=null | op=WRITE_CHUNK {blockData=conID: 2 locID: 102659352817107461 bcsId: 0} | ret=SUCCESS |  
2019-08-22 07:03:29,943 | INFO  | DNAudit | user=null | ip=null | op=WRITE_CHUNK {blockData=conID: 2 locID: 102659352817107461 bcsId: 0} | ret=SUCCESS |  
2019-08-22 07:03:29,943 | INFO  | DNAudit | user=null | ip=null | op=WRITE_CHUNK {blockData=conID: 2 locID: 102659352817107461 bcsId: 0} | ret=SUCCESS |  
2019-08-22 07:03:29,944 | INFO  | DNAudit | user=null | ip=null | op=WRITE_CHUNK {blockData=conID: 2 locID: 102659352817107461 bcsId: 0} | ret=SUCCESS |  
2019-08-22 07:03:29,945 | INFO  | DNAudit | user=null | ip=null | op=WRITE_CHUNK {blockData=conID: 2 locID: 102659352817107461 bcsId: 0} | ret=SUCCESS |  
2019-08-22 07:03:29,945 | INFO  | DNAudit | user=null | ip=null | op=WRITE_CHUNK {blockData=conID: 2 locID: 102659352817107461 bcsId: 0} | ret=SUCCESS |  
2019-08-22 07:03:29,946 | INFO  | DNAudit | user=null | ip=null | op=WRITE_CHUNK {blockData=conID: 2 locID: 102659352817107461 bcsId: 0} | ret=SUCCESS |  
2019-08-22 07:03:29,946 | INFO  | DNAudit | user=null | ip=null | op=PUT_BLOCK {blockData=[blockId=conID: 2 locID: 102659352817107461 bcsId: 0,size=1048576]} | ret=SUCCESS |  
2019-08-22 07:03:29,946 [grpc-default-executor-5] INFO  client.GrpcClientProtocolClient (GrpcClientProtocolClient.java:onNext(255)) - client-CF63D631FA17->3cf1264f-5f6b-4138-aeee-2ff7d4522ead: receive RaftClientReply:client-CF63D631FA17->3cf1264f-5f6b-4138-aeee-2ff7d4522ead@group-561E16522154, cid=1727, SUCCESS, logIndex=2507, commits[3cf1264f-5f6b-4138-aeee-2ff7d4522ead:c2508, 4f0d1a15-8f14-4d9a-ad4f-8211e1245b5d:c2506, 6999f20e-c3f7-4db4-87ca-141c476f2a88:c2504]
2019-08-22 07:03:29,947 [grpc-default-executor-5] INFO  client.GrpcClientProtocolClient (GrpcClientProtocolClient.java:onNext(255)) - client-CF63D631FA17->3cf1264f-5f6b-4138-aeee-2ff7d4522ead: receive RaftClientReply:client-CF63D631FA17->3cf1264f-5f6b-4138-aeee-2ff7d4522ead@group-561E16522154, cid=1728, SUCCESS, logIndex=2508, commits[3cf1264f-5f6b-4138-aeee-2ff7d4522ead:c2508, 4f0d1a15-8f14-4d9a-ad4f-8211e1245b5d:c2506, 6999f20e-c3f7-4db4-87ca-141c476f2a88:c2504]
2019-08-22 07:03:29,950 | INFO  | DNAudit | user=null | ip=null | op=WRITE_CHUNK {blockData=conID: 2 locID: 102659352817107461 bcsId: 0} | ret=SUCCESS |  
2019-08-22 07:03:29,950 | INFO  | DNAudit | user=null | ip=null | op=PUT_BLOCK {blockData=[blockId=conID: 2 locID: 102659352817107461 bcsId: 0,size=2097152]} | ret=SUCCESS |  
2019-08-22 07:03:29,950 [grpc-default-executor-1] INFO  client.GrpcClientProtocolClient (GrpcClientProtocolClient.java:onNext(255)) - client-CF63D631FA17->3cf1264f-5f6b-4138-aeee-2ff7d4522ead: receive RaftClientReply:client-CF63D631FA17->3cf1264f-5f6b-4138-aeee-2ff7d4522ead@group-561E16522154, cid=1729, SUCCESS, logIndex=2509, commits[3cf1264f-5f6b-4138-aeee-2ff7d4522ead:c2510, 4f0d1a15-8f14-4d9a-ad4f-8211e1245b5d:c2506, 6999f20e-c3f7-4db4-87ca-141c476f2a88:c2506]
2019-08-22 07:03:29,951 | INFO  | DNAudit | user=null | ip=null | op=WRITE_CHUNK {blockData=conID: 2 locID: 102659352817107461 bcsId: 0} | ret=SUCCESS |  
2019-08-22 07:03:29,951 [grpc-default-executor-1] INFO  client.GrpcClientProtocolClient (GrpcClientProtocolClient.java:onNext(255)) - client-CF63D631FA17->3cf1264f-5f6b-4138-aeee-2ff7d4522ead: receive RaftClientReply:client-CF63D631FA17->3cf1264f-5f6b-4138-aeee-2ff7d4522ead@group-561E16522154, cid=1730, SUCCESS, logIndex=2510, commits[3cf1264f-5f6b-4138-aeee-2ff7d4522ead:c2510, 4f0d1a15-8f14-4d9a-ad4f-8211e1245b5d:c2506, 6999f20e-c3f7-4db4-87ca-141c476f2a88:c2506]
2019-08-22 07:03:29,952 | INFO  | DNAudit | user=null | ip=null | op=PUT_BLOCK {blockData=[blockId=conID: 2 locID: 102659352817107461 bcsId: 0,size=1048576]} | ret=SUCCESS |  
2019-08-22 07:03:29,952 | INFO  | DNAudit | user=null | ip=null | op=WRITE_CHUNK {blockData=conID: 2 locID: 102659352817107461 bcsId: 0} | ret=SUCCESS |  
2019-08-22 07:03:29,953 | INFO  | DNAudit | user=null | ip=null | op=PUT_BLOCK {blockData=[blockId=conID: 2 locID: 102659352817107461 bcsId: 0,size=1048576]} | ret=SUCCESS |  
2019-08-22 07:03:29,953 [grpc-default-executor-5] INFO  client.GrpcClientProtocolClient (GrpcClientProtocolClient.java:onNext(255)) - client-CF63D631FA17->3cf1264f-5f6b-4138-aeee-2ff7d4522ead: receive RaftClientReply:client-CF63D631FA17->3cf1264f-5f6b-4138-aeee-2ff7d4522ead@group-561E16522154, cid=1731, SUCCESS, logIndex=0, commits[3cf1264f-5f6b-4138-aeee-2ff7d4522ead:c2512, 4f0d1a15-8f14-4d9a-ad4f-8211e1245b5d:c2508, 6999f20e-c3f7-4db4-87ca-141c476f2a88:c2508]
2019-08-22 07:03:29,955 | INFO  | DNAudit | user=null | ip=null | op=WRITE_CHUNK {blockData=conID: 2 locID: 102659352817107461 bcsId: 0} | ret=SUCCESS |  
2019-08-22 07:03:29,955 | INFO  | DNAudit | user=null | ip=null | op=PUT_BLOCK {blockData=[blockId=conID: 2 locID: 102659352817107461 bcsId: 0,size=2097152]} | ret=SUCCESS |  
2019-08-22 07:03:29,956 | INFO  | DNAudit | user=null | ip=null | op=WRITE_CHUNK {blockData=conID: 2 locID: 102659352817107461 bcsId: 0} | ret=SUCCESS |  
2019-08-22 07:03:29,956 | INFO  | DNAudit | user=null | ip=null | op=PUT_BLOCK {blockData=[blockId=conID: 2 locID: 102659352817107461 bcsId: 0,size=2097152]} | ret=SUCCESS |  
2019-08-22 07:03:29,961 | INFO  | DNAudit | user=null | ip=null | op=WRITE_CHUNK {blockData=conID: 2 locID: 102659352817107461 bcsId: 2510} | ret=SUCCESS |  
2019-08-22 07:03:29,964 | INFO  | DNAudit | user=null | ip=null | op=WRITE_CHUNK {blockData=conID: 2 locID: 102659352817107461 bcsId: 2510} | ret=SUCCESS |  
2019-08-22 07:03:29,965 | INFO  | DNAudit | user=null | ip=null | op=WRITE_CHUNK {blockData=conID: 2 locID: 102659352817107461 bcsId: 2510} | ret=SUCCESS |  
2019-08-22 07:03:29,967 | INFO  | DNAudit | user=null | ip=null | op=WRITE_CHUNK {blockData=conID: 2 locID: 102659352817107461 bcsId: 2510} | ret=SUCCESS |  
2019-08-22 07:03:29,968 | INFO  | DNAudit | user=null | ip=null | op=PUT_BLOCK {blockData=[blockId=conID: 2 locID: 102659352817107461 bcsId: 0,size=3145728]} | ret=SUCCESS |  
2019-08-22 07:03:29,968 [grpc-default-executor-1] INFO  client.GrpcClientProtocolClient (GrpcClientProtocolClient.java:onNext(255)) - client-CF63D631FA17->3cf1264f-5f6b-4138-aeee-2ff7d4522ead: receive RaftClientReply:client-CF63D631FA17->3cf1264f-5f6b-4138-aeee-2ff7d4522ead@group-561E16522154, cid=1732, SUCCESS, logIndex=2515, commits[3cf1264f-5f6b-4138-aeee-2ff7d4522ead:c2516, 4f0d1a15-8f14-4d9a-ad4f-8211e1245b5d:c2514, 6999f20e-c3f7-4db4-87ca-141c476f2a88:c2510]
2019-08-22 07:03:29,969 [grpc-default-executor-1] INFO  client.GrpcClientProtocolClient (GrpcClientProtocolClient.java:onNext(255)) - client-CF63D631FA17->3cf1264f-5f6b-4138-aeee-2ff7d4522ead: receive RaftClientReply:client-CF63D631FA17->3cf1264f-5f6b-4138-aeee-2ff7d4522ead@group-561E16522154, cid=1733, SUCCESS, logIndex=2516, commits[3cf1264f-5f6b-4138-aeee-2ff7d4522ead:c2516, 4f0d1a15-8f14-4d9a-ad4f-8211e1245b5d:c2514, 6999f20e-c3f7-4db4-87ca-141c476f2a88:c2514]
2019-08-22 07:03:29,970 | INFO  | DNAudit | user=null | ip=null | op=WRITE_CHUNK {blockData=conID: 2 locID: 102659352817107461 bcsId: 2510} | ret=SUCCESS |  
2019-08-22 07:03:29,970 | INFO  | DNAudit | user=null | ip=null | op=WRITE_CHUNK {blockData=conID: 2 locID: 102659352817107461 bcsId: 2510} | ret=SUCCESS |  
2019-08-22 07:03:29,970 | INFO  | DNAudit | user=null | ip=null | op=PUT_BLOCK {blockData=[blockId=conID: 2 locID: 102659352817107461 bcsId: 0,size=3145728]} | ret=SUCCESS |  
2019-08-22 07:03:29,970 | INFO  | DNAudit | user=null | ip=null | op=PUT_BLOCK {blockData=[blockId=conID: 2 locID: 102659352817107461 bcsId: 0,size=3145728]} | ret=SUCCESS |  
2019-08-22 07:03:29,978 | INFO  | DNAudit | user=null | ip=null | op=WRITE_CHUNK {blockData=conID: 2 locID: 102659352817107461 bcsId: 2516} | ret=SUCCESS |  
2019-08-22 07:03:29,981 | INFO  | DNAudit | user=null | ip=null | op=WRITE_CHUNK {blockData=conID: 2 locID: 102659352817107461 bcsId: 2516} | ret=SUCCESS |  
2019-08-22 07:03:29,981 | INFO  | DNAudit | user=null | ip=null | op=WRITE_CHUNK {blockData=conID: 2 locID: 102659352817107461 bcsId: 2516} | ret=SUCCESS |  
2019-08-22 07:03:29,984 | INFO  | DNAudit | user=null | ip=null | op=WRITE_CHUNK {blockData=conID: 2 locID: 102659352817107461 bcsId: 2516} | ret=SUCCESS |  
2019-08-22 07:03:29,984 | INFO  | DNAudit | user=null | ip=null | op=PUT_BLOCK {blockData=[blockId=conID: 2 locID: 102659352817107461 bcsId: 0,size=4194304]} | ret=SUCCESS |  
2019-08-22 07:03:29,985 [grpc-default-executor-1] INFO  client.GrpcClientProtocolClient (GrpcClientProtocolClient.java:onNext(255)) - client-CF63D631FA17->3cf1264f-5f6b-4138-aeee-2ff7d4522ead: receive RaftClientReply:client-CF63D631FA17->3cf1264f-5f6b-4138-aeee-2ff7d4522ead@group-561E16522154, cid=1734, SUCCESS, logIndex=2519, commits[3cf1264f-5f6b-4138-aeee-2ff7d4522ead:c2520, 4f0d1a15-8f14-4d9a-ad4f-8211e1245b5d:c2518, 6999f20e-c3f7-4db4-87ca-141c476f2a88:c2518]
2019-08-22 07:03:29,985 [grpc-default-executor-1] INFO  client.GrpcClientProtocolClient (GrpcClientProtocolClient.java:onNext(255)) - client-CF63D631FA17->3cf1264f-5f6b-4138-aeee-2ff7d4522ead: receive RaftClientReply:client-CF63D631FA17->3cf1264f-5f6b-4138-aeee-2ff7d4522ead@group-561E16522154, cid=1735, SUCCESS, logIndex=2520, commits[3cf1264f-5f6b-4138-aeee-2ff7d4522ead:c2520, 4f0d1a15-8f14-4d9a-ad4f-8211e1245b5d:c2518, 6999f20e-c3f7-4db4-87ca-141c476f2a88:c2518]
2019-08-22 07:03:29,995 | INFO  | DNAudit | user=null | ip=null | op=WRITE_CHUNK {blockData=conID: 2 locID: 102659352817107461 bcsId: 2516} | ret=SUCCESS |  
2019-08-22 07:03:29,995 | INFO  | DNAudit | user=null | ip=null | op=WRITE_CHUNK {blockData=conID: 2 locID: 102659352817107461 bcsId: 2516} | ret=SUCCESS |  
2019-08-22 07:03:29,996 | INFO  | DNAudit | user=null | ip=null | op=PUT_BLOCK {blockData=[blockId=conID: 2 locID: 102659352817107461 bcsId: 0,size=4194304]} | ret=SUCCESS |  
2019-08-22 07:03:29,999 | INFO  | DNAudit | user=null | ip=null | op=PUT_BLOCK {blockData=[blockId=conID: 2 locID: 102659352817107461 bcsId: 0,size=4194304]} | ret=SUCCESS |  
2019-08-22 07:03:30,000 [grpc-default-executor-1] INFO  client.GrpcClientProtocolClient (GrpcClientProtocolClient.java:onNext(255)) - client-CF63D631FA17->3cf1264f-5f6b-4138-aeee-2ff7d4522ead: receive RaftClientReply:client-CF63D631FA17->3cf1264f-5f6b-4138-aeee-2ff7d4522ead@group-561E16522154, cid=1736, SUCCESS, logIndex=0, commits[3cf1264f-5f6b-4138-aeee-2ff7d4522ead:c2522, 4f0d1a15-8f14-4d9a-ad4f-8211e1245b5d:c2520, 6999f20e-c3f7-4db4-87ca-141c476f2a88:c2520]
2019-08-22 07:03:30,006 | INFO  | SCMAudit | user=jenkins1000 | ip=192.168.34.31 | op=ALLOCATE_BLOCK {owner=04b6d46a-98e2-41b1-9f38-1870289993ea, size=4194304, type=RATIS, factor=THREE} | ret=SUCCESS |  
2019-08-22 07:03:30,010 | INFO  | OMAudit | user=jenkins1000 | ip=127.0.0.1 | op=ALLOCATE_BLOCK {volume=vol-0-14906, bucket=bucket-0-53153, key=key-0-33222, dataSize=0, replicationType=null, replicationFactor=null, keyLocationInfo=null, clientID=102659352017764754} | ret=SUCCESS |  
2019-08-22 07:03:30,016 | INFO  | DNAudit | user=null | ip=null | op=WRITE_CHUNK {blockData=conID: 3 locID: 102659352822153734 bcsId: 0} | ret=SUCCESS |  
2019-08-22 07:03:30,019 | INFO  | DNAudit | user=null | ip=null | op=WRITE_CHUNK {blockData=conID: 3 locID: 102659352822153734 bcsId: 0} | ret=SUCCESS |  
2019-08-22 07:03:30,019 | INFO  | DNAudit | user=null | ip=null | op=WRITE_CHUNK {blockData=conID: 3 locID: 102659352822153734 bcsId: 0} | ret=SUCCESS |  
2019-08-22 07:03:30,020 | INFO  | DNAudit | user=null | ip=null | op=WRITE_CHUNK {blockData=conID: 3 locID: 102659352822153734 bcsId: 0} | ret=SUCCESS |  
2019-08-22 07:03:30,021 | INFO  | DNAudit | user=null | ip=null | op=WRITE_CHUNK {blockData=conID: 3 locID: 102659352822153734 bcsId: 0} | ret=SUCCESS |  
2019-08-22 07:03:30,021 | INFO  | DNAudit | user=null | ip=null | op=WRITE_CHUNK {blockData=conID: 3 locID: 102659352822153734 bcsId: 0} | ret=SUCCESS |  
2019-08-22 07:03:30,039 | INFO  | DNAudit | user=null | ip=null | op=WRITE_CHUNK {blockData=conID: 3 locID: 102659352822153734 bcsId: 0} | ret=SUCCESS |  
2019-08-22 07:03:30,039 | INFO  | DNAudit | user=null | ip=null | op=PUT_BLOCK {blockData=[blockId=conID: 3 locID: 102659352822153734 bcsId: 0,size=1048576]} | ret=SUCCESS |  
2019-08-22 07:03:30,039 [grpc-default-executor-1] INFO  client.GrpcClientProtocolClient (GrpcClientProtocolClient.java:onNext(255)) - client-CF63D631FA17->3cf1264f-5f6b-4138-aeee-2ff7d4522ead: receive RaftClientReply:client-CF63D631FA17->3cf1264f-5f6b-4138-aeee-2ff7d4522ead@group-561E16522154, cid=1737, SUCCESS, logIndex=2523, commits[3cf1264f-5f6b-4138-aeee-2ff7d4522ead:c2524, 4f0d1a15-8f14-4d9a-ad4f-8211e1245b5d:c2522, 6999f20e-c3f7-4db4-87ca-141c476f2a88:c2522]
2019-08-22 07:03:30,040 | INFO  | DNAudit | user=null | ip=null | op=WRITE_CHUNK {blockData=conID: 3 locID: 102659352822153734 bcsId: 0} | ret=SUCCESS |  
2019-08-22 07:03:30,040 | INFO  | DNAudit | user=null | ip=null | op=PUT_BLOCK {blockData=[blockId=conID: 3 locID: 102659352822153734 bcsId: 0,size=2097152]} | ret=SUCCESS |  
2019-08-22 07:03:30,040 [grpc-default-executor-1] INFO  client.GrpcClientProtocolClient (GrpcClientProtocolClient.java:onNext(255)) - client-CF63D631FA17->3cf1264f-5f6b-4138-aeee-2ff7d4522ead: receive RaftClientReply:client-CF63D631FA17->3cf1264f-5f6b-4138-aeee-2ff7d4522ead@group-561E16522154, cid=1738, SUCCESS, logIndex=2524, commits[3cf1264f-5f6b-4138-aeee-2ff7d4522ead:c2526, 4f0d1a15-8f14-4d9a-ad4f-8211e1245b5d:c2522, 6999f20e-c3f7-4db4-87ca-141c476f2a88:c2522]
2019-08-22 07:03:30,040 [grpc-default-executor-1] INFO  client.GrpcClientProtocolClient (GrpcClientProtocolClient.java:onNext(255)) - client-CF63D631FA17->3cf1264f-5f6b-4138-aeee-2ff7d4522ead: receive RaftClientReply:client-CF63D631FA17->3cf1264f-5f6b-4138-aeee-2ff7d4522ead@group-561E16522154, cid=1739, SUCCESS, logIndex=2525, commits[3cf1264f-5f6b-4138-aeee-2ff7d4522ead:c2526, 4f0d1a15-8f14-4d9a-ad4f-8211e1245b5d:c2522, 6999f20e-c3f7-4db4-87ca-141c476f2a88:c2522]
2019-08-22 07:03:30,040 [grpc-default-executor-1] INFO  client.GrpcClientProtocolClient (GrpcClientProtocolClient.java:onNext(255)) - client-CF63D631FA17->3cf1264f-5f6b-4138-aeee-2ff7d4522ead: receive RaftClientReply:client-CF63D631FA17->3cf1264f-5f6b-4138-aeee-2ff7d4522ead@group-561E16522154, cid=1740, SUCCESS, logIndex=2526, commits[3cf1264f-5f6b-4138-aeee-2ff7d4522ead:c2526, 4f0d1a15-8f14-4d9a-ad4f-8211e1245b5d:c2522, 6999f20e-c3f7-4db4-87ca-141c476f2a88:c2522]
2019-08-22 07:03:30,041 | INFO  | DNAudit | user=null | ip=null | op=WRITE_CHUNK {blockData=conID: 3 locID: 102659352822153734 bcsId: 0} | ret=SUCCESS |  
2019-08-22 07:03:30,041 | INFO  | DNAudit | user=null | ip=null | op=WRITE_CHUNK {blockData=conID: 3 locID: 102659352822153734 bcsId: 0} | ret=SUCCESS |  
2019-08-22 07:03:30,041 | INFO  | DNAudit | user=null | ip=null | op=PUT_BLOCK {blockData=[blockId=conID: 3 locID: 102659352822153734 bcsId: 0,size=1048576]} | ret=SUCCESS |  
2019-08-22 07:03:30,041 | INFO  | DNAudit | user=null | ip=null | op=PUT_BLOCK {blockData=[blockId=conID: 3 locID: 102659352822153734 bcsId: 0,size=1048576]} | ret=SUCCESS |  
2019-08-22 07:03:30,042 [grpc-default-executor-5] INFO  client.GrpcClientProtocolClient (GrpcClientProtocolClient.java:onNext(255)) - client-CF63D631FA17->3cf1264f-5f6b-4138-aeee-2ff7d4522ead: receive RaftClientReply:client-CF63D631FA17->3cf1264f-5f6b-4138-aeee-2ff7d4522ead@group-561E16522154, cid=1741, SUCCESS, logIndex=0, commits[3cf1264f-5f6b-4138-aeee-2ff7d4522ead:c2527, 4f0d1a15-8f14-4d9a-ad4f-8211e1245b5d:c2524, 6999f20e-c3f7-4db4-87ca-141c476f2a88:c2524]
2019-08-22 07:03:30,048 | INFO  | DNAudit | user=null | ip=null | op=WRITE_CHUNK {blockData=conID: 3 locID: 102659352822153734 bcsId: 2526} | ret=SUCCESS |  
2019-08-22 07:03:30,051 | INFO  | DNAudit | user=null | ip=null | op=WRITE_CHUNK {blockData=conID: 3 locID: 102659352822153734 bcsId: 2526} | ret=SUCCESS |  
2019-08-22 07:03:30,051 | INFO  | DNAudit | user=null | ip=null | op=WRITE_CHUNK {blockData=conID: 3 locID: 102659352822153734 bcsId: 2526} | ret=SUCCESS |  
2019-08-22 07:03:30,052 | INFO  | DNAudit | user=null | ip=null | op=WRITE_CHUNK {blockData=conID: 3 locID: 102659352822153734 bcsId: 0} | ret=SUCCESS |  
2019-08-22 07:03:30,053 | INFO  | DNAudit | user=null | ip=null | op=WRITE_CHUNK {blockData=conID: 3 locID: 102659352822153734 bcsId: 0} | ret=SUCCESS |  
2019-08-22 07:03:30,053 | INFO  | DNAudit | user=null | ip=null | op=PUT_BLOCK {blockData=[blockId=conID: 3 locID: 102659352822153734 bcsId: 0,size=2097152]} | ret=SUCCESS |  
2019-08-22 07:03:30,053 | INFO  | DNAudit | user=null | ip=null | op=PUT_BLOCK {blockData=[blockId=conID: 3 locID: 102659352822153734 bcsId: 0,size=2097152]} | ret=SUCCESS |  
2019-08-22 07:03:30,054 | INFO  | DNAudit | user=null | ip=null | op=WRITE_CHUNK {blockData=conID: 3 locID: 102659352822153734 bcsId: 2526} | ret=SUCCESS |  
2019-08-22 07:03:30,054 | INFO  | DNAudit | user=null | ip=null | op=PUT_BLOCK {blockData=[blockId=conID: 3 locID: 102659352822153734 bcsId: 0,size=3145728]} | ret=SUCCESS |  
2019-08-22 07:03:30,054 [grpc-default-executor-1] INFO  client.GrpcClientProtocolClient (GrpcClientProtocolClient.java:onNext(255)) - client-CF63D631FA17->3cf1264f-5f6b-4138-aeee-2ff7d4522ead: receive RaftClientReply:client-CF63D631FA17->3cf1264f-5f6b-4138-aeee-2ff7d4522ead@group-561E16522154, cid=1742, SUCCESS, logIndex=2530, commits[3cf1264f-5f6b-4138-aeee-2ff7d4522ead:c2531, 4f0d1a15-8f14-4d9a-ad4f-8211e1245b5d:c2527, 6999f20e-c3f7-4db4-87ca-141c476f2a88:c2527]
2019-08-22 07:03:30,055 [grpc-default-executor-1] INFO  client.GrpcClientProtocolClient (GrpcClientProtocolClient.java:onNext(255)) - client-CF63D631FA17->3cf1264f-5f6b-4138-aeee-2ff7d4522ead: receive RaftClientReply:client-CF63D631FA17->3cf1264f-5f6b-4138-aeee-2ff7d4522ead@group-561E16522154, cid=1743, SUCCESS, logIndex=2531, commits[3cf1264f-5f6b-4138-aeee-2ff7d4522ead:c2531, 4f0d1a15-8f14-4d9a-ad4f-8211e1245b5d:c2527, 6999f20e-c3f7-4db4-87ca-141c476f2a88:c2527]
2019-08-22 07:03:30,055 | INFO  | DNAudit | user=null | ip=null | op=WRITE_CHUNK {blockData=conID: 3 locID: 102659352822153734 bcsId: 2526} | ret=SUCCESS |  
2019-08-22 07:03:30,055 | INFO  | DNAudit | user=null | ip=null | op=WRITE_CHUNK {blockData=conID: 3 locID: 102659352822153734 bcsId: 2526} | ret=SUCCESS |  
2019-08-22 07:03:30,055 | INFO  | DNAudit | user=null | ip=null | op=PUT_BLOCK {blockData=[blockId=conID: 3 locID: 102659352822153734 bcsId: 0,size=3145728]} | ret=SUCCESS |  
2019-08-22 07:03:30,055 | INFO  | DNAudit | user=null | ip=null | op=PUT_BLOCK {blockData=[blockId=conID: 3 locID: 102659352822153734 bcsId: 0,size=3145728]} | ret=SUCCESS |  
2019-08-22 07:03:30,062 | INFO  | DNAudit | user=null | ip=null | op=WRITE_CHUNK {blockData=conID: 3 locID: 102659352822153734 bcsId: 2531} | ret=SUCCESS |  
2019-08-22 07:03:30,065 | INFO  | DNAudit | user=null | ip=null | op=WRITE_CHUNK {blockData=conID: 3 locID: 102659352822153734 bcsId: 2531} | ret=SUCCESS |  
2019-08-22 07:03:30,065 | INFO  | DNAudit | user=null | ip=null | op=WRITE_CHUNK {blockData=conID: 3 locID: 102659352822153734 bcsId: 2531} | ret=SUCCESS |  
2019-08-22 07:03:30,071 | INFO  | DNAudit | user=null | ip=null | op=WRITE_CHUNK {blockData=conID: 3 locID: 102659352822153734 bcsId: 2531} | ret=SUCCESS |  
2019-08-22 07:03:30,072 | INFO  | DNAudit | user=null | ip=null | op=PUT_BLOCK {blockData=[blockId=conID: 3 locID: 102659352822153734 bcsId: 0,size=4194304]} | ret=SUCCESS |  
2019-08-22 07:03:30,072 [grpc-default-executor-0] INFO  client.GrpcClientProtocolClient (GrpcClientProtocolClient.java:onNext(255)) - client-CF63D631FA17->3cf1264f-5f6b-4138-aeee-2ff7d4522ead: receive RaftClientReply:client-CF63D631FA17->3cf1264f-5f6b-4138-aeee-2ff7d4522ead@group-561E16522154, cid=1744, SUCCESS, logIndex=2534, commits[3cf1264f-5f6b-4138-aeee-2ff7d4522ead:c2535, 4f0d1a15-8f14-4d9a-ad4f-8211e1245b5d:c2533, 6999f20e-c3f7-4db4-87ca-141c476f2a88:c2533]
2019-08-22 07:03:30,072 [grpc-default-executor-0] INFO  client.GrpcClientProtocolClient (GrpcClientProtocolClient.java:onNext(255)) - client-CF63D631FA17->3cf1264f-5f6b-4138-aeee-2ff7d4522ead: receive RaftClientReply:client-CF63D631FA17->3cf1264f-5f6b-4138-aeee-2ff7d4522ead@group-561E16522154, cid=1745, SUCCESS, logIndex=2535, commits[3cf1264f-5f6b-4138-aeee-2ff7d4522ead:c2535, 4f0d1a15-8f14-4d9a-ad4f-8211e1245b5d:c2533, 6999f20e-c3f7-4db4-87ca-141c476f2a88:c2533]
2019-08-22 07:03:30,073 | INFO  | DNAudit | user=null | ip=null | op=WRITE_CHUNK {blockData=conID: 3 locID: 102659352822153734 bcsId: 2531} | ret=SUCCESS |  
2019-08-22 07:03:30,074 | INFO  | DNAudit | user=null | ip=null | op=WRITE_CHUNK {blockData=conID: 3 locID: 102659352822153734 bcsId: 2531} | ret=SUCCESS |  
2019-08-22 07:03:30,074 | INFO  | DNAudit | user=null | ip=null | op=PUT_BLOCK {blockData=[blockId=conID: 3 locID: 102659352822153734 bcsId: 0,size=4194304]} | ret=SUCCESS |  
2019-08-22 07:03:30,074 | INFO  | DNAudit | user=null | ip=null | op=PUT_BLOCK {blockData=[blockId=conID: 3 locID: 102659352822153734 bcsId: 0,size=4194304]} | ret=SUCCESS |  
2019-08-22 07:03:30,075 [grpc-default-executor-0] INFO  client.GrpcClientProtocolClient (GrpcClientProtocolClient.java:onNext(255)) - client-CF63D631FA17->3cf1264f-5f6b-4138-aeee-2ff7d4522ead: receive RaftClientReply:client-CF63D631FA17->3cf1264f-5f6b-4138-aeee-2ff7d4522ead@group-561E16522154, cid=1746, SUCCESS, logIndex=0, commits[3cf1264f-5f6b-4138-aeee-2ff7d4522ead:c2536, 4f0d1a15-8f14-4d9a-ad4f-8211e1245b5d:c2535, 6999f20e-c3f7-4db4-87ca-141c476f2a88:c2535]
2019-08-22 07:03:30,082 | INFO  | SCMAudit | user=jenkins1000 | ip=192.168.34.31 | op=ALLOCATE_BLOCK {owner=04b6d46a-98e2-41b1-9f38-1870289993ea, size=4194304, type=RATIS, factor=THREE} | ret=SUCCESS |  
2019-08-22 07:03:30,086 | INFO  | OMAudit | user=jenkins1000 | ip=127.0.0.1 | op=ALLOCATE_BLOCK {volume=vol-0-14906, bucket=bucket-0-53153, key=key-0-33222, dataSize=0, replicationType=null, replicationFactor=null, keyLocationInfo=null, clientID=102659352017764754} | ret=SUCCESS |  
2019-08-22 07:03:30,096 | INFO  | DNAudit | user=null | ip=null | op=WRITE_CHUNK {blockData=conID: 1 locID: 102659352827134471 bcsId: 0} | ret=SUCCESS |  
2019-08-22 07:03:30,099 | INFO  | DNAudit | user=null | ip=null | op=WRITE_CHUNK {blockData=conID: 1 locID: 102659352827134471 bcsId: 0} | ret=SUCCESS |  
2019-08-22 07:03:30,099 | INFO  | DNAudit | user=null | ip=null | op=WRITE_CHUNK {blockData=conID: 1 locID: 102659352827134471 bcsId: 0} | ret=SUCCESS |  
2019-08-22 07:03:30,100 | INFO  | DNAudit | user=null | ip=null | op=WRITE_CHUNK {blockData=conID: 1 locID: 102659352827134471 bcsId: 0} | ret=SUCCESS |  
2019-08-22 07:03:30,104 | INFO  | DNAudit | user=null | ip=null | op=WRITE_CHUNK {blockData=conID: 1 locID: 102659352827134471 bcsId: 0} | ret=SUCCESS |  
2019-08-22 07:03:30,104 | INFO  | DNAudit | user=null | ip=null | op=WRITE_CHUNK {blockData=conID: 1 locID: 102659352827134471 bcsId: 0} | ret=SUCCESS |  
2019-08-22 07:03:30,109 | INFO  | DNAudit | user=null | ip=null | op=WRITE_CHUNK {blockData=conID: 1 locID: 102659352827134471 bcsId: 0} | ret=SUCCESS |  
2019-08-22 07:03:30,110 | INFO  | DNAudit | user=null | ip=null | op=PUT_BLOCK {blockData=[blockId=conID: 1 locID: 102659352827134471 bcsId: 0,size=1048576]} | ret=SUCCESS |  
2019-08-22 07:03:30,111 | INFO  | DNAudit | user=null | ip=null | op=WRITE_CHUNK {blockData=conID: 1 locID: 102659352827134471 bcsId: 0} | ret=SUCCESS |  
2019-08-22 07:03:30,111 | INFO  | DNAudit | user=null | ip=null | op=WRITE_CHUNK {blockData=conID: 1 locID: 102659352827134471 bcsId: 0} | ret=SUCCESS |  
2019-08-22 07:03:30,111 | INFO  | DNAudit | user=null | ip=null | op=PUT_BLOCK {blockData=[blockId=conID: 1 locID: 102659352827134471 bcsId: 0,size=2097152]} | ret=SUCCESS |  
2019-08-22 07:03:30,111 [grpc-default-executor-0] INFO  client.GrpcClientProtocolClient (GrpcClientProtocolClient.java:onNext(255)) - client-CF63D631FA17->3cf1264f-5f6b-4138-aeee-2ff7d4522ead: receive RaftClientReply:client-CF63D631FA17->3cf1264f-5f6b-4138-aeee-2ff7d4522ead@group-561E16522154, cid=1747, SUCCESS, logIndex=2538, commits[3cf1264f-5f6b-4138-aeee-2ff7d4522ead:c2539, 4f0d1a15-8f14-4d9a-ad4f-8211e1245b5d:c2537, 6999f20e-c3f7-4db4-87ca-141c476f2a88:c2537]
2019-08-22 07:03:30,111 | INFO  | DNAudit | user=null | ip=null | op=PUT_BLOCK {blockData=[blockId=conID: 1 locID: 102659352827134471 bcsId: 0,size=1048576]} | ret=SUCCESS |  
2019-08-22 07:03:30,111 | INFO  | DNAudit | user=null | ip=null | op=WRITE_CHUNK {blockData=conID: 1 locID: 102659352827134471 bcsId: 0} | ret=SUCCESS |  
2019-08-22 07:03:30,112 | INFO  | DNAudit | user=null | ip=null | op=PUT_BLOCK {blockData=[blockId=conID: 1 locID: 102659352827134471 bcsId: 0,size=1048576]} | ret=SUCCESS |  
2019-08-22 07:03:30,112 [grpc-default-executor-0] INFO  client.GrpcClientProtocolClient (GrpcClientProtocolClient.java:onNext(255)) - client-CF63D631FA17->3cf1264f-5f6b-4138-aeee-2ff7d4522ead: receive RaftClientReply:client-CF63D631FA17->3cf1264f-5f6b-4138-aeee-2ff7d4522ead@group-561E16522154, cid=1748, SUCCESS, logIndex=2539, commits[3cf1264f-5f6b-4138-aeee-2ff7d4522ead:c2541, 4f0d1a15-8f14-4d9a-ad4f-8211e1245b5d:c2537, 6999f20e-c3f7-4db4-87ca-141c476f2a88:c2537]
2019-08-22 07:03:30,113 [grpc-default-executor-0] INFO  client.GrpcClientProtocolClient (GrpcClientProtocolClient.java:onNext(255)) - client-CF63D631FA17->3cf1264f-5f6b-4138-aeee-2ff7d4522ead: receive RaftClientReply:client-CF63D631FA17->3cf1264f-5f6b-4138-aeee-2ff7d4522ead@group-561E16522154, cid=1749, SUCCESS, logIndex=2540, commits[3cf1264f-5f6b-4138-aeee-2ff7d4522ead:c2541, 4f0d1a15-8f14-4d9a-ad4f-8211e1245b5d:c2537, 6999f20e-c3f7-4db4-87ca-141c476f2a88:c2537]
2019-08-22 07:03:30,113 [grpc-default-executor-0] INFO  client.GrpcClientProtocolClient (GrpcClientProtocolClient.java:onNext(255)) - client-CF63D631FA17->3cf1264f-5f6b-4138-aeee-2ff7d4522ead: receive RaftClientReply:client-CF63D631FA17->3cf1264f-5f6b-4138-aeee-2ff7d4522ead@group-561E16522154, cid=1750, SUCCESS, logIndex=2541, commits[3cf1264f-5f6b-4138-aeee-2ff7d4522ead:c2541, 4f0d1a15-8f14-4d9a-ad4f-8211e1245b5d:c2537, 6999f20e-c3f7-4db4-87ca-141c476f2a88:c2537]
2019-08-22 07:03:30,114 | INFO  | DNAudit | user=null | ip=null | op=WRITE_CHUNK {blockData=conID: 1 locID: 102659352827134471 bcsId: 0} | ret=SUCCESS |  
2019-08-22 07:03:30,114 | INFO  | DNAudit | user=null | ip=null | op=WRITE_CHUNK {blockData=conID: 1 locID: 102659352827134471 bcsId: 0} | ret=SUCCESS |  
2019-08-22 07:03:30,114 | INFO  | DNAudit | user=null | ip=null | op=PUT_BLOCK {blockData=[blockId=conID: 1 locID: 102659352827134471 bcsId: 0,size=2097152]} | ret=SUCCESS |  
2019-08-22 07:03:30,115 [grpc-default-executor-0] INFO  client.GrpcClientProtocolClient (GrpcClientProtocolClient.java:onNext(255)) - client-CF63D631FA17->3cf1264f-5f6b-4138-aeee-2ff7d4522ead: receive RaftClientReply:client-CF63D631FA17->3cf1264f-5f6b-4138-aeee-2ff7d4522ead@group-561E16522154, cid=1751, SUCCESS, logIndex=0, commits[3cf1264f-5f6b-4138-aeee-2ff7d4522ead:c2542, 4f0d1a15-8f14-4d9a-ad4f-8211e1245b5d:c2539, 6999f20e-c3f7-4db4-87ca-141c476f2a88:c2539]
2019-08-22 07:03:30,124 | INFO  | DNAudit | user=null | ip=null | op=WRITE_CHUNK {blockData=conID: 1 locID: 102659352827134471 bcsId: 2541} | ret=SUCCESS |  
2019-08-22 07:03:30,125 | INFO  | DNAudit | user=null | ip=null | op=PUT_BLOCK {blockData=[blockId=conID: 1 locID: 102659352827134471 bcsId: 0,size=2097152]} | ret=SUCCESS |  
2019-08-22 07:03:30,127 | INFO  | DNAudit | user=null | ip=null | op=WRITE_CHUNK {blockData=conID: 1 locID: 102659352827134471 bcsId: 2541} | ret=SUCCESS |  
2019-08-22 07:03:30,127 | INFO  | DNAudit | user=null | ip=null | op=WRITE_CHUNK {blockData=conID: 1 locID: 102659352827134471 bcsId: 2541} | ret=SUCCESS |  
2019-08-22 07:03:30,139 | INFO  | DNAudit | user=null | ip=null | op=WRITE_CHUNK {blockData=conID: 1 locID: 102659352827134471 bcsId: 2541} | ret=SUCCESS |  
2019-08-22 07:03:30,140 | INFO  | DNAudit | user=null | ip=null | op=PUT_BLOCK {blockData=[blockId=conID: 1 locID: 102659352827134471 bcsId: 0,size=3145728]} | ret=SUCCESS |  
2019-08-22 07:03:30,140 [grpc-default-executor-0] INFO  client.GrpcClientProtocolClient (GrpcClientProtocolClient.java:onNext(255)) - client-CF63D631FA17->3cf1264f-5f6b-4138-aeee-2ff7d4522ead: receive RaftClientReply:client-CF63D631FA17->3cf1264f-5f6b-4138-aeee-2ff7d4522ead@group-561E16522154, cid=1752, SUCCESS, logIndex=2546, commits[3cf1264f-5f6b-4138-aeee-2ff7d4522ead:c2547, 4f0d1a15-8f14-4d9a-ad4f-8211e1245b5d:c2544, 6999f20e-c3f7-4db4-87ca-141c476f2a88:c2544]
2019-08-22 07:03:30,141 [grpc-default-executor-0] INFO  client.GrpcClientProtocolClient (GrpcClientProtocolClient.java:onNext(255)) - client-CF63D631FA17->3cf1264f-5f6b-4138-aeee-2ff7d4522ead: receive RaftClientReply:client-CF63D631FA17->3cf1264f-5f6b-4138-aeee-2ff7d4522ead@group-561E16522154, cid=1753, SUCCESS, logIndex=2547, commits[3cf1264f-5f6b-4138-aeee-2ff7d4522ead:c2547, 4f0d1a15-8f14-4d9a-ad4f-8211e1245b5d:c2544, 6999f20e-c3f7-4db4-87ca-141c476f2a88:c2544]
2019-08-22 07:03:30,147 | INFO  | DNAudit | user=null | ip=null | op=WRITE_CHUNK {blockData=conID: 1 locID: 102659352827134471 bcsId: 2547} | ret=SUCCESS |  
2019-08-22 07:03:30,150 | INFO  | DNAudit | user=null | ip=null | op=WRITE_CHUNK {blockData=conID: 1 locID: 102659352827134471 bcsId: 2547} | ret=SUCCESS |  
2019-08-22 07:03:30,151 | INFO  | DNAudit | user=null | ip=null | op=WRITE_CHUNK {blockData=conID: 1 locID: 102659352827134471 bcsId: 2547} | ret=SUCCESS |  
2019-08-22 07:03:30,151 | INFO  | DNAudit | user=null | ip=null | op=WRITE_CHUNK {blockData=conID: 1 locID: 102659352827134471 bcsId: 2541} | ret=SUCCESS |  
2019-08-22 07:03:30,151 | INFO  | DNAudit | user=null | ip=null | op=WRITE_CHUNK {blockData=conID: 1 locID: 102659352827134471 bcsId: 2541} | ret=SUCCESS |  
2019-08-22 07:03:30,151 | INFO  | DNAudit | user=null | ip=null | op=PUT_BLOCK {blockData=[blockId=conID: 1 locID: 102659352827134471 bcsId: 0,size=3145728]} | ret=SUCCESS |  
2019-08-22 07:03:30,152 | INFO  | DNAudit | user=null | ip=null | op=PUT_BLOCK {blockData=[blockId=conID: 1 locID: 102659352827134471 bcsId: 0,size=3145728]} | ret=SUCCESS |  
2019-08-22 07:03:30,157 | INFO  | DNAudit | user=null | ip=null | op=WRITE_CHUNK {blockData=conID: 1 locID: 102659352827134471 bcsId: 2547} | ret=SUCCESS |  
2019-08-22 07:03:30,158 | INFO  | DNAudit | user=null | ip=null | op=PUT_BLOCK {blockData=[blockId=conID: 1 locID: 102659352827134471 bcsId: 0,size=4194304]} | ret=SUCCESS |  
2019-08-22 07:03:30,158 [grpc-default-executor-0] INFO  client.GrpcClientProtocolClient (GrpcClientProtocolClient.java:onNext(255)) - client-CF63D631FA17->3cf1264f-5f6b-4138-aeee-2ff7d4522ead: receive RaftClientReply:client-CF63D631FA17->3cf1264f-5f6b-4138-aeee-2ff7d4522ead@group-561E16522154, cid=1754, SUCCESS, logIndex=2549, commits[3cf1264f-5f6b-4138-aeee-2ff7d4522ead:c2550, 4f0d1a15-8f14-4d9a-ad4f-8211e1245b5d:c2547, 6999f20e-c3f7-4db4-87ca-141c476f2a88:c2547]
2019-08-22 07:03:30,159 [grpc-default-executor-0] INFO  client.GrpcClientProtocolClient (GrpcClientProtocolClient.java:onNext(255)) - client-CF63D631FA17->3cf1264f-5f6b-4138-aeee-2ff7d4522ead: receive RaftClientReply:client-CF63D631FA17->3cf1264f-5f6b-4138-aeee-2ff7d4522ead@group-561E16522154, cid=1755, SUCCESS, logIndex=2550, commits[3cf1264f-5f6b-4138-aeee-2ff7d4522ead:c2550, 4f0d1a15-8f14-4d9a-ad4f-8211e1245b5d:c2547, 6999f20e-c3f7-4db4-87ca-141c476f2a88:c2547]
2019-08-22 07:03:30,166 | INFO  | DNAudit | user=null | ip=null | op=WRITE_CHUNK {blockData=conID: 1 locID: 102659352827134471 bcsId: 2547} | ret=SUCCESS |  
2019-08-22 07:03:30,166 | INFO  | DNAudit | user=null | ip=null | op=WRITE_CHUNK {blockData=conID: 1 locID: 102659352827134471 bcsId: 2547} | ret=SUCCESS |  
2019-08-22 07:03:30,166 | INFO  | DNAudit | user=null | ip=null | op=PUT_BLOCK {blockData=[blockId=conID: 1 locID: 102659352827134471 bcsId: 0,size=4194304]} | ret=SUCCESS |  
2019-08-22 07:03:30,169 | INFO  | DNAudit | user=null | ip=null | op=PUT_BLOCK {blockData=[blockId=conID: 1 locID: 102659352827134471 bcsId: 0,size=4194304]} | ret=SUCCESS |  
2019-08-22 07:03:30,170 [grpc-default-executor-0] INFO  client.GrpcClientProtocolClient (GrpcClientProtocolClient.java:onNext(255)) - client-CF63D631FA17->3cf1264f-5f6b-4138-aeee-2ff7d4522ead: receive RaftClientReply:client-CF63D631FA17->3cf1264f-5f6b-4138-aeee-2ff7d4522ead@group-561E16522154, cid=1756, SUCCESS, logIndex=0, commits[3cf1264f-5f6b-4138-aeee-2ff7d4522ead:c2551, 4f0d1a15-8f14-4d9a-ad4f-8211e1245b5d:c2550, 6999f20e-c3f7-4db4-87ca-141c476f2a88:c2550]
2019-08-22 07:03:30,176 | INFO  | SCMAudit | user=jenkins1000 | ip=192.168.34.31 | op=ALLOCATE_BLOCK {owner=04b6d46a-98e2-41b1-9f38-1870289993ea, size=4194304, type=RATIS, factor=THREE} | ret=SUCCESS |  
2019-08-22 07:03:30,180 | INFO  | OMAudit | user=jenkins1000 | ip=127.0.0.1 | op=ALLOCATE_BLOCK {volume=vol-0-14906, bucket=bucket-0-53153, key=key-0-33222, dataSize=0, replicationType=null, replicationFactor=null, keyLocationInfo=null, clientID=102659352017764754} | ret=SUCCESS |  
2019-08-22 07:03:30,377 | INFO  | DNAudit | user=null | ip=null | op=WRITE_CHUNK {blockData=conID: 2 locID: 102659352833294856 bcsId: 0} | ret=SUCCESS |  
2019-08-22 07:03:30,381 | INFO  | DNAudit | user=null | ip=null | op=WRITE_CHUNK {blockData=conID: 2 locID: 102659352833294856 bcsId: 0} | ret=SUCCESS |  
2019-08-22 07:03:30,381 | INFO  | DNAudit | user=null | ip=null | op=WRITE_CHUNK {blockData=conID: 2 locID: 102659352833294856 bcsId: 0} | ret=SUCCESS |  
2019-08-22 07:03:30,382 | INFO  | DNAudit | user=null | ip=null | op=WRITE_CHUNK {blockData=conID: 2 locID: 102659352833294856 bcsId: 0} | ret=SUCCESS |  
2019-08-22 07:03:30,385 | INFO  | DNAudit | user=null | ip=null | op=WRITE_CHUNK {blockData=conID: 2 locID: 102659352833294856 bcsId: 0} | ret=SUCCESS |  
2019-08-22 07:03:30,385 | INFO  | DNAudit | user=null | ip=null | op=WRITE_CHUNK {blockData=conID: 2 locID: 102659352833294856 bcsId: 0} | ret=SUCCESS |  
2019-08-22 07:03:30,390 | INFO  | DNAudit | user=null | ip=null | op=WRITE_CHUNK {blockData=conID: 2 locID: 102659352833294856 bcsId: 0} | ret=SUCCESS |  
2019-08-22 07:03:30,391 | INFO  | DNAudit | user=null | ip=null | op=PUT_BLOCK {blockData=[blockId=conID: 2 locID: 102659352833294856 bcsId: 0,size=1048576]} | ret=SUCCESS |  
2019-08-22 07:03:30,392 | INFO  | DNAudit | user=null | ip=null | op=WRITE_CHUNK {blockData=conID: 2 locID: 102659352833294856 bcsId: 0} | ret=SUCCESS |  
2019-08-22 07:03:30,392 [grpc-default-executor-0] INFO  client.GrpcClientProtocolClient (GrpcClientProtocolClient.java:onNext(255)) - client-CF63D631FA17->3cf1264f-5f6b-4138-aeee-2ff7d4522ead: receive RaftClientReply:client-CF63D631FA17->3cf1264f-5f6b-4138-aeee-2ff7d4522ead@group-561E16522154, cid=1757, SUCCESS, logIndex=2553, commits[3cf1264f-5f6b-4138-aeee-2ff7d4522ead:c2554, 4f0d1a15-8f14-4d9a-ad4f-8211e1245b5d:c2552, 6999f20e-c3f7-4db4-87ca-141c476f2a88:c2552]
2019-08-22 07:03:30,392 | INFO  | DNAudit | user=null | ip=null | op=PUT_BLOCK {blockData=[blockId=conID: 2 locID: 102659352833294856 bcsId: 0,size=2097152]} | ret=SUCCESS |  
2019-08-22 07:03:30,393 [grpc-default-executor-0] INFO  client.GrpcClientProtocolClient (GrpcClientProtocolClient.java:onNext(255)) - client-CF63D631FA17->3cf1264f-5f6b-4138-aeee-2ff7d4522ead: receive RaftClientReply:client-CF63D631FA17->3cf1264f-5f6b-4138-aeee-2ff7d4522ead@group-561E16522154, cid=1758, SUCCESS, logIndex=2554, commits[3cf1264f-5f6b-4138-aeee-2ff7d4522ead:c2555, 4f0d1a15-8f14-4d9a-ad4f-8211e1245b5d:c2552, 6999f20e-c3f7-4db4-87ca-141c476f2a88:c2552]
2019-08-22 07:03:30,393 [grpc-default-executor-0] INFO  client.GrpcClientProtocolClient (GrpcClientProtocolClient.java:onNext(255)) - client-CF63D631FA17->3cf1264f-5f6b-4138-aeee-2ff7d4522ead: receive RaftClientReply:client-CF63D631FA17->3cf1264f-5f6b-4138-aeee-2ff7d4522ead@group-561E16522154, cid=1759, SUCCESS, logIndex=2555, commits[3cf1264f-5f6b-4138-aeee-2ff7d4522ead:c2556, 4f0d1a15-8f14-4d9a-ad4f-8211e1245b5d:c2552, 6999f20e-c3f7-4db4-87ca-141c476f2a88:c2552]
2019-08-22 07:03:30,393 [grpc-default-executor-0] INFO  client.GrpcClientProtocolClient (GrpcClientProtocolClient.java:onNext(255)) - client-CF63D631FA17->3cf1264f-5f6b-4138-aeee-2ff7d4522ead: receive RaftClientReply:client-CF63D631FA17->3cf1264f-5f6b-4138-aeee-2ff7d4522ead@group-561E16522154, cid=1760, SUCCESS, logIndex=2556, commits[3cf1264f-5f6b-4138-aeee-2ff7d4522ead:c2556, 4f0d1a15-8f14-4d9a-ad4f-8211e1245b5d:c2552, 6999f20e-c3f7-4db4-87ca-141c476f2a88:c2552]
2019-08-22 07:03:30,404 | INFO  | DNAudit | user=null | ip=null | op=WRITE_CHUNK {blockData=conID: 2 locID: 102659352833294856 bcsId: 0} | ret=SUCCESS |  
2019-08-22 07:03:30,404 | INFO  | DNAudit | user=null | ip=null | op=PUT_BLOCK {blockData=[blockId=conID: 2 locID: 102659352833294856 bcsId: 0,size=1048576]} | ret=SUCCESS |  
2019-08-22 07:03:30,406 | INFO  | DNAudit | user=null | ip=null | op=WRITE_CHUNK {blockData=conID: 2 locID: 102659352833294856 bcsId: 0} | ret=SUCCESS |  
2019-08-22 07:03:30,406 | INFO  | DNAudit | user=null | ip=null | op=PUT_BLOCK {blockData=[blockId=conID: 2 locID: 102659352833294856 bcsId: 0,size=1048576]} | ret=SUCCESS |  
2019-08-22 07:03:30,407 | INFO  | DNAudit | user=null | ip=null | op=WRITE_CHUNK {blockData=conID: 2 locID: 102659352833294856 bcsId: 0} | ret=SUCCESS |  
2019-08-22 07:03:30,407 | INFO  | DNAudit | user=null | ip=null | op=PUT_BLOCK {blockData=[blockId=conID: 2 locID: 102659352833294856 bcsId: 0,size=2097152]} | ret=SUCCESS |  
2019-08-22 07:03:30,408 [grpc-default-executor-0] INFO  client.GrpcClientProtocolClient (GrpcClientProtocolClient.java:onNext(255)) - client-CF63D631FA17->3cf1264f-5f6b-4138-aeee-2ff7d4522ead: receive RaftClientReply:client-CF63D631FA17->3cf1264f-5f6b-4138-aeee-2ff7d4522ead@group-561E16522154, cid=1761, SUCCESS, logIndex=0, commits[3cf1264f-5f6b-4138-aeee-2ff7d4522ead:c2558, 4f0d1a15-8f14-4d9a-ad4f-8211e1245b5d:c2554, 6999f20e-c3f7-4db4-87ca-141c476f2a88:c2554]
2019-08-22 07:03:30,416 | INFO  | DNAudit | user=null | ip=null | op=WRITE_CHUNK {blockData=conID: 2 locID: 102659352833294856 bcsId: 2556} | ret=SUCCESS |  
2019-08-22 07:03:30,417 | INFO  | DNAudit | user=null | ip=null | op=WRITE_CHUNK {blockData=conID: 2 locID: 102659352833294856 bcsId: 0} | ret=SUCCESS |  
2019-08-22 07:03:30,417 | INFO  | DNAudit | user=null | ip=null | op=PUT_BLOCK {blockData=[blockId=conID: 2 locID: 102659352833294856 bcsId: 0,size=2097152]} | ret=SUCCESS |  
2019-08-22 07:03:30,419 | INFO  | DNAudit | user=null | ip=null | op=WRITE_CHUNK {blockData=conID: 2 locID: 102659352833294856 bcsId: 2556} | ret=SUCCESS |  
2019-08-22 07:03:30,419 | INFO  | DNAudit | user=null | ip=null | op=WRITE_CHUNK {blockData=conID: 2 locID: 102659352833294856 bcsId: 2556} | ret=SUCCESS |  
2019-08-22 07:03:30,431 | INFO  | DNAudit | user=null | ip=null | op=WRITE_CHUNK {blockData=conID: 2 locID: 102659352833294856 bcsId: 2556} | ret=SUCCESS |  
2019-08-22 07:03:30,432 | INFO  | DNAudit | user=null | ip=null | op=PUT_BLOCK {blockData=[blockId=conID: 2 locID: 102659352833294856 bcsId: 0,size=3145728]} | ret=SUCCESS |  
2019-08-22 07:03:30,433 [grpc-default-executor-3] INFO  client.GrpcClientProtocolClient (GrpcClientProtocolClient.java:onNext(255)) - client-CF63D631FA17->3cf1264f-5f6b-4138-aeee-2ff7d4522ead: receive RaftClientReply:client-CF63D631FA17->3cf1264f-5f6b-4138-aeee-2ff7d4522ead@group-561E16522154, cid=1762, SUCCESS, logIndex=2561, commits[3cf1264f-5f6b-4138-aeee-2ff7d4522ead:c2562, 4f0d1a15-8f14-4d9a-ad4f-8211e1245b5d:c2556, 6999f20e-c3f7-4db4-87ca-141c476f2a88:c2560]
2019-08-22 07:03:30,433 [grpc-default-executor-3] INFO  client.GrpcClientProtocolClient (GrpcClientProtocolClient.java:onNext(255)) - client-CF63D631FA17->3cf1264f-5f6b-4138-aeee-2ff7d4522ead: receive RaftClientReply:client-CF63D631FA17->3cf1264f-5f6b-4138-aeee-2ff7d4522ead@group-561E16522154, cid=1763, SUCCESS, logIndex=2562, commits[3cf1264f-5f6b-4138-aeee-2ff7d4522ead:c2562, 4f0d1a15-8f14-4d9a-ad4f-8211e1245b5d:c2560, 6999f20e-c3f7-4db4-87ca-141c476f2a88:c2560]
2019-08-22 07:03:30,442 | INFO  | DNAudit | user=null | ip=null | op=WRITE_CHUNK {blockData=conID: 2 locID: 102659352833294856 bcsId: 2562} | ret=SUCCESS |  
2019-08-22 07:03:30,444 | INFO  | DNAudit | user=null | ip=null | op=WRITE_CHUNK {blockData=conID: 2 locID: 102659352833294856 bcsId: 2556} | ret=SUCCESS |  
2019-08-22 07:03:30,444 | INFO  | DNAudit | user=null | ip=null | op=WRITE_CHUNK {blockData=conID: 2 locID: 102659352833294856 bcsId: 2556} | ret=SUCCESS |  
2019-08-22 07:03:30,448 | INFO  | DNAudit | user=null | ip=null | op=WRITE_CHUNK {blockData=conID: 2 locID: 102659352833294856 bcsId: 2562} | ret=SUCCESS |  
2019-08-22 07:03:30,448 | INFO  | DNAudit | user=null | ip=null | op=WRITE_CHUNK {blockData=conID: 2 locID: 102659352833294856 bcsId: 2562} | ret=SUCCESS |  
2019-08-22 07:03:30,448 | INFO  | DNAudit | user=null | ip=null | op=PUT_BLOCK {blockData=[blockId=conID: 2 locID: 102659352833294856 bcsId: 0,size=3145728]} | ret=SUCCESS |  
2019-08-22 07:03:30,458 | INFO  | DNAudit | user=null | ip=null | op=PUT_BLOCK {blockData=[blockId=conID: 2 locID: 102659352833294856 bcsId: 0,size=3145728]} | ret=SUCCESS |  
2019-08-22 07:03:30,459 | INFO  | DNAudit | user=null | ip=null | op=WRITE_CHUNK {blockData=conID: 2 locID: 102659352833294856 bcsId: 2562} | ret=SUCCESS |  
2019-08-22 07:03:30,459 | INFO  | DNAudit | user=null | ip=null | op=PUT_BLOCK {blockData=[blockId=conID: 2 locID: 102659352833294856 bcsId: 0,size=4194304]} | ret=SUCCESS |  
2019-08-22 07:03:30,460 [grpc-default-executor-3] INFO  client.GrpcClientProtocolClient (GrpcClientProtocolClient.java:onNext(255)) - client-CF63D631FA17->3cf1264f-5f6b-4138-aeee-2ff7d4522ead: receive RaftClientReply:client-CF63D631FA17->3cf1264f-5f6b-4138-aeee-2ff7d4522ead@group-561E16522154, cid=1764, SUCCESS, logIndex=2565, commits[3cf1264f-5f6b-4138-aeee-2ff7d4522ead:c2566, 4f0d1a15-8f14-4d9a-ad4f-8211e1245b5d:c2562, 6999f20e-c3f7-4db4-87ca-141c476f2a88:c2562]
2019-08-22 07:03:30,461 [grpc-default-executor-3] INFO  client.GrpcClientProtocolClient (GrpcClientProtocolClient.java:onNext(255)) - client-CF63D631FA17->3cf1264f-5f6b-4138-aeee-2ff7d4522ead: receive RaftClientReply:client-CF63D631FA17->3cf1264f-5f6b-4138-aeee-2ff7d4522ead@group-561E16522154, cid=1765, SUCCESS, logIndex=2566, commits[3cf1264f-5f6b-4138-aeee-2ff7d4522ead:c2566, 4f0d1a15-8f14-4d9a-ad4f-8211e1245b5d:c2562, 6999f20e-c3f7-4db4-87ca-141c476f2a88:c2562]
2019-08-22 07:03:30,470 | INFO  | DNAudit | user=null | ip=null | op=WRITE_CHUNK {blockData=conID: 2 locID: 102659352833294856 bcsId: 2562} | ret=SUCCESS |  
2019-08-22 07:03:30,471 | INFO  | DNAudit | user=null | ip=null | op=PUT_BLOCK {blockData=[blockId=conID: 2 locID: 102659352833294856 bcsId: 0,size=4194304]} | ret=SUCCESS |  
2019-08-22 07:03:30,481 | INFO  | DNAudit | user=null | ip=null | op=WRITE_CHUNK {blockData=conID: 2 locID: 102659352833294856 bcsId: 2562} | ret=SUCCESS |  
2019-08-22 07:03:30,481 | INFO  | DNAudit | user=null | ip=null | op=PUT_BLOCK {blockData=[blockId=conID: 2 locID: 102659352833294856 bcsId: 0,size=4194304]} | ret=SUCCESS |  
2019-08-22 07:03:30,482 [grpc-default-executor-3] INFO  client.GrpcClientProtocolClient (GrpcClientProtocolClient.java:onNext(255)) - client-CF63D631FA17->3cf1264f-5f6b-4138-aeee-2ff7d4522ead: receive RaftClientReply:client-CF63D631FA17->3cf1264f-5f6b-4138-aeee-2ff7d4522ead@group-561E16522154, cid=1766, SUCCESS, logIndex=0, commits[3cf1264f-5f6b-4138-aeee-2ff7d4522ead:c2567, 4f0d1a15-8f14-4d9a-ad4f-8211e1245b5d:c2566, 6999f20e-c3f7-4db4-87ca-141c476f2a88:c2566]
2019-08-22 07:03:30,488 | INFO  | SCMAudit | user=jenkins1000 | ip=192.168.34.31 | op=ALLOCATE_BLOCK {owner=04b6d46a-98e2-41b1-9f38-1870289993ea, size=4194304, type=RATIS, factor=THREE} | ret=SUCCESS |  
2019-08-22 07:03:30,491 | INFO  | OMAudit | user=jenkins1000 | ip=127.0.0.1 | op=ALLOCATE_BLOCK {volume=vol-0-14906, bucket=bucket-0-53153, key=key-0-33222, dataSize=0, replicationType=null, replicationFactor=null, keyLocationInfo=null, clientID=102659352017764754} | ret=SUCCESS |  
2019-08-22 07:03:30,499 | INFO  | DNAudit | user=null | ip=null | op=WRITE_CHUNK {blockData=conID: 3 locID: 102659352853742089 bcsId: 0} | ret=SUCCESS |  
2019-08-22 07:03:30,502 | INFO  | DNAudit | user=null | ip=null | op=WRITE_CHUNK {blockData=conID: 3 locID: 102659352853742089 bcsId: 0} | ret=SUCCESS |  
2019-08-22 07:03:30,503 | INFO  | DNAudit | user=null | ip=null | op=WRITE_CHUNK {blockData=conID: 3 locID: 102659352853742089 bcsId: 0} | ret=SUCCESS |  
2019-08-22 07:03:30,503 | INFO  | DNAudit | user=null | ip=null | op=WRITE_CHUNK {blockData=conID: 3 locID: 102659352853742089 bcsId: 0} | ret=SUCCESS |  
2019-08-22 07:03:30,504 | INFO  | DNAudit | user=null | ip=null | op=WRITE_CHUNK {blockData=conID: 3 locID: 102659352853742089 bcsId: 0} | ret=SUCCESS |  
2019-08-22 07:03:30,506 | INFO  | DNAudit | user=null | ip=null | op=WRITE_CHUNK {blockData=conID: 3 locID: 102659352853742089 bcsId: 0} | ret=SUCCESS |  
2019-08-22 07:03:30,514 | INFO  | DNAudit | user=null | ip=null | op=WRITE_CHUNK {blockData=conID: 3 locID: 102659352853742089 bcsId: 0} | ret=SUCCESS |  
2019-08-22 07:03:30,514 | INFO  | DNAudit | user=null | ip=null | op=PUT_BLOCK {blockData=[blockId=conID: 3 locID: 102659352853742089 bcsId: 0,size=1048576]} | ret=SUCCESS |  
2019-08-22 07:03:30,514 [grpc-default-executor-1] INFO  client.GrpcClientProtocolClient (GrpcClientProtocolClient.java:onNext(255)) - client-CF63D631FA17->3cf1264f-5f6b-4138-aeee-2ff7d4522ead: receive RaftClientReply:client-CF63D631FA17->3cf1264f-5f6b-4138-aeee-2ff7d4522ead@group-561E16522154, cid=1767, SUCCESS, logIndex=2569, commits[3cf1264f-5f6b-4138-aeee-2ff7d4522ead:c2570, 4f0d1a15-8f14-4d9a-ad4f-8211e1245b5d:c2568, 6999f20e-c3f7-4db4-87ca-141c476f2a88:c2568]
2019-08-22 07:03:30,515 [grpc-default-executor-1] INFO  client.GrpcClientProtocolClient (GrpcClientProtocolClient.java:onNext(255)) - client-CF63D631FA17->3cf1264f-5f6b-4138-aeee-2ff7d4522ead: receive RaftClientReply:client-CF63D631FA17->3cf1264f-5f6b-4138-aeee-2ff7d4522ead@group-561E16522154, cid=1768, SUCCESS, logIndex=2570, commits[3cf1264f-5f6b-4138-aeee-2ff7d4522ead:c2570, 4f0d1a15-8f14-4d9a-ad4f-8211e1245b5d:c2568, 6999f20e-c3f7-4db4-87ca-141c476f2a88:c2568]
2019-08-22 07:03:30,523 | INFO  | DNAudit | user=null | ip=null | op=WRITE_CHUNK {blockData=conID: 3 locID: 102659352853742089 bcsId: 0} | ret=SUCCESS |  
2019-08-22 07:03:30,524 | INFO  | DNAudit | user=null | ip=null | op=PUT_BLOCK {blockData=[blockId=conID: 3 locID: 102659352853742089 bcsId: 0,size=2097152]} | ret=SUCCESS |  
2019-08-22 07:03:30,524 [grpc-default-executor-1] INFO  client.GrpcClientProtocolClient (GrpcClientProtocolClient.java:onNext(255)) - client-CF63D631FA17->3cf1264f-5f6b-4138-aeee-2ff7d4522ead: receive RaftClientReply:client-CF63D631FA17->3cf1264f-5f6b-4138-aeee-2ff7d4522ead@group-561E16522154, cid=1769, SUCCESS, logIndex=2571, commits[3cf1264f-5f6b-4138-aeee-2ff7d4522ead:c2572, 4f0d1a15-8f14-4d9a-ad4f-8211e1245b5d:c2568, 6999f20e-c3f7-4db4-87ca-141c476f2a88:c2568]
2019-08-22 07:03:30,524 [grpc-default-executor-1] INFO  client.GrpcClientProtocolClient (GrpcClientProtocolClient.java:onNext(255)) - client-CF63D631FA17->3cf1264f-5f6b-4138-aeee-2ff7d4522ead: receive RaftClientReply:client-CF63D631FA17->3cf1264f-5f6b-4138-aeee-2ff7d4522ead@group-561E16522154, cid=1770, SUCCESS, logIndex=2572, commits[3cf1264f-5f6b-4138-aeee-2ff7d4522ead:c2572, 4f0d1a15-8f14-4d9a-ad4f-8211e1245b5d:c2568, 6999f20e-c3f7-4db4-87ca-141c476f2a88:c2568]
2019-08-22 07:03:30,526 | INFO  | DNAudit | user=null | ip=null | op=WRITE_CHUNK {blockData=conID: 3 locID: 102659352853742089 bcsId: 0} | ret=SUCCESS |  
2019-08-22 07:03:30,529 | INFO  | DNAudit | user=null | ip=null | op=WRITE_CHUNK {blockData=conID: 3 locID: 102659352853742089 bcsId: 0} | ret=SUCCESS |  
2019-08-22 07:03:30,529 | INFO  | DNAudit | user=null | ip=null | op=PUT_BLOCK {blockData=[blockId=conID: 3 locID: 102659352853742089 bcsId: 0,size=1048576]} | ret=SUCCESS |  
2019-08-22 07:03:30,529 | INFO  | DNAudit | user=null | ip=null | op=PUT_BLOCK {blockData=[blockId=conID: 3 locID: 102659352853742089 bcsId: 0,size=1048576]} | ret=SUCCESS |  
2019-08-22 07:03:30,529 | INFO  | DNAudit | user=null | ip=null | op=WRITE_CHUNK {blockData=conID: 3 locID: 102659352853742089 bcsId: 0} | ret=SUCCESS |  
2019-08-22 07:03:30,530 | INFO  | DNAudit | user=null | ip=null | op=WRITE_CHUNK {blockData=conID: 3 locID: 102659352853742089 bcsId: 0} | ret=SUCCESS |  
2019-08-22 07:03:30,530 | INFO  | DNAudit | user=null | ip=null | op=PUT_BLOCK {blockData=[blockId=conID: 3 locID: 102659352853742089 bcsId: 0,size=2097152]} | ret=SUCCESS |  
2019-08-22 07:03:30,530 | INFO  | DNAudit | user=null | ip=null | op=PUT_BLOCK {blockData=[blockId=conID: 3 locID: 102659352853742089 bcsId: 0,size=2097152]} | ret=SUCCESS |  
2019-08-22 07:03:30,530 [grpc-default-executor-1] INFO  client.GrpcClientProtocolClient (GrpcClientProtocolClient.java:onNext(255)) - client-CF63D631FA17->3cf1264f-5f6b-4138-aeee-2ff7d4522ead: receive RaftClientReply:client-CF63D631FA17->3cf1264f-5f6b-4138-aeee-2ff7d4522ead@group-561E16522154, cid=1771, SUCCESS, logIndex=0, commits[3cf1264f-5f6b-4138-aeee-2ff7d4522ead:c2574, 4f0d1a15-8f14-4d9a-ad4f-8211e1245b5d:c2570, 6999f20e-c3f7-4db4-87ca-141c476f2a88:c2570]
2019-08-22 07:03:30,537 | INFO  | DNAudit | user=null | ip=null | op=WRITE_CHUNK {blockData=conID: 3 locID: 102659352853742089 bcsId: 2572} | ret=SUCCESS |  
2019-08-22 07:03:30,541 | INFO  | DNAudit | user=null | ip=null | op=WRITE_CHUNK {blockData=conID: 3 locID: 102659352853742089 bcsId: 2572} | ret=SUCCESS |  
2019-08-22 07:03:30,541 | INFO  | DNAudit | user=null | ip=null | op=WRITE_CHUNK {blockData=conID: 3 locID: 102659352853742089 bcsId: 2572} | ret=SUCCESS |  
2019-08-22 07:03:30,542 | INFO  | SCMAudit | user=jenkins1000 | ip=192.168.34.31 | op=SEND_HEARTBEAT {datanodeUUID=f789f48f-f3d7-45ec-9bba-6a89e2bdcc9c, command=[]} | ret=SUCCESS |  
2019-08-22 07:03:30,558 | INFO  | DNAudit | user=null | ip=null | op=WRITE_CHUNK {blockData=conID: 3 locID: 102659352853742089 bcsId: 2572} | ret=SUCCESS |  
2019-08-22 07:03:30,559 | INFO  | DNAudit | user=null | ip=null | op=PUT_BLOCK {blockData=[blockId=conID: 3 locID: 102659352853742089 bcsId: 0,size=3145728]} | ret=SUCCESS |  
2019-08-22 07:03:30,559 [grpc-default-executor-5] INFO  client.GrpcClientProtocolClient (GrpcClientProtocolClient.java:onNext(255)) - client-CF63D631FA17->3cf1264f-5f6b-4138-aeee-2ff7d4522ead: receive RaftClientReply:client-CF63D631FA17->3cf1264f-5f6b-4138-aeee-2ff7d4522ead@group-561E16522154, cid=1772, SUCCESS, logIndex=2576, commits[3cf1264f-5f6b-4138-aeee-2ff7d4522ead:c2577, 4f0d1a15-8f14-4d9a-ad4f-8211e1245b5d:c2575, 6999f20e-c3f7-4db4-87ca-141c476f2a88:c2575]
2019-08-22 07:03:30,560 [grpc-default-executor-5] INFO  client.GrpcClientProtocolClient (GrpcClientProtocolClient.java:onNext(255)) - client-CF63D631FA17->3cf1264f-5f6b-4138-aeee-2ff7d4522ead: receive RaftClientReply:client-CF63D631FA17->3cf1264f-5f6b-4138-aeee-2ff7d4522ead@group-561E16522154, cid=1773, SUCCESS, logIndex=2577, commits[3cf1264f-5f6b-4138-aeee-2ff7d4522ead:c2577, 4f0d1a15-8f14-4d9a-ad4f-8211e1245b5d:c2575, 6999f20e-c3f7-4db4-87ca-141c476f2a88:c2575]
2019-08-22 07:03:30,568 | INFO  | DNAudit | user=null | ip=null | op=WRITE_CHUNK {blockData=conID: 3 locID: 102659352853742089 bcsId: 2577} | ret=SUCCESS |  
2019-08-22 07:03:30,570 | INFO  | DNAudit | user=null | ip=null | op=WRITE_CHUNK {blockData=conID: 3 locID: 102659352853742089 bcsId: 2572} | ret=SUCCESS |  
2019-08-22 07:03:30,570 | INFO  | DNAudit | user=null | ip=null | op=WRITE_CHUNK {blockData=conID: 3 locID: 102659352853742089 bcsId: 2577} | ret=SUCCESS |  
2019-08-22 07:03:30,571 | INFO  | DNAudit | user=null | ip=null | op=WRITE_CHUNK {blockData=conID: 3 locID: 102659352853742089 bcsId: 2572} | ret=SUCCESS |  
2019-08-22 07:03:30,571 | INFO  | DNAudit | user=null | ip=null | op=PUT_BLOCK {blockData=[blockId=conID: 3 locID: 102659352853742089 bcsId: 0,size=3145728]} | ret=SUCCESS |  
2019-08-22 07:03:30,571 | INFO  | DNAudit | user=null | ip=null | op=PUT_BLOCK {blockData=[blockId=conID: 3 locID: 102659352853742089 bcsId: 0,size=3145728]} | ret=SUCCESS |  
2019-08-22 07:03:30,571 | INFO  | DNAudit | user=null | ip=null | op=WRITE_CHUNK {blockData=conID: 3 locID: 102659352853742089 bcsId: 2577} | ret=SUCCESS |  
2019-08-22 07:03:30,572 | INFO  | DNAudit | user=null | ip=null | op=WRITE_CHUNK {blockData=conID: 3 locID: 102659352853742089 bcsId: 2577} | ret=SUCCESS |  
2019-08-22 07:03:30,572 | INFO  | DNAudit | user=null | ip=null | op=PUT_BLOCK {blockData=[blockId=conID: 3 locID: 102659352853742089 bcsId: 0,size=4194304]} | ret=SUCCESS |  
2019-08-22 07:03:30,572 [grpc-default-executor-5] INFO  client.GrpcClientProtocolClient (GrpcClientProtocolClient.java:onNext(255)) - client-CF63D631FA17->3cf1264f-5f6b-4138-aeee-2ff7d4522ead: receive RaftClientReply:client-CF63D631FA17->3cf1264f-5f6b-4138-aeee-2ff7d4522ead@group-561E16522154, cid=1774, SUCCESS, logIndex=2580, commits[3cf1264f-5f6b-4138-aeee-2ff7d4522ead:c2581, 4f0d1a15-8f14-4d9a-ad4f-8211e1245b5d:c2577, 6999f20e-c3f7-4db4-87ca-141c476f2a88:c2577]
2019-08-22 07:03:30,573 [grpc-default-executor-5] INFO  client.GrpcClientProtocolClient (GrpcClientProtocolClient.java:onNext(255)) - client-CF63D631FA17->3cf1264f-5f6b-4138-aeee-2ff7d4522ead: receive RaftClientReply:client-CF63D631FA17->3cf1264f-5f6b-4138-aeee-2ff7d4522ead@group-561E16522154, cid=1775, SUCCESS, logIndex=2581, commits[3cf1264f-5f6b-4138-aeee-2ff7d4522ead:c2581, 4f0d1a15-8f14-4d9a-ad4f-8211e1245b5d:c2577, 6999f20e-c3f7-4db4-87ca-141c476f2a88:c2577]
2019-08-22 07:03:30,584 | INFO  | DNAudit | user=null | ip=null | op=WRITE_CHUNK {blockData=conID: 3 locID: 102659352853742089 bcsId: 2577} | ret=SUCCESS |  
2019-08-22 07:03:30,584 | INFO  | DNAudit | user=null | ip=null | op=PUT_BLOCK {blockData=[blockId=conID: 3 locID: 102659352853742089 bcsId: 0,size=4194304]} | ret=SUCCESS |  
2019-08-22 07:03:30,584 | INFO  | DNAudit | user=null | ip=null | op=WRITE_CHUNK {blockData=conID: 3 locID: 102659352853742089 bcsId: 2577} | ret=SUCCESS |  
2019-08-22 07:03:30,584 | INFO  | DNAudit | user=null | ip=null | op=PUT_BLOCK {blockData=[blockId=conID: 3 locID: 102659352853742089 bcsId: 0,size=4194304]} | ret=SUCCESS |  
2019-08-22 07:03:30,585 [grpc-default-executor-5] INFO  client.GrpcClientProtocolClient (GrpcClientProtocolClient.java:onNext(255)) - client-CF63D631FA17->3cf1264f-5f6b-4138-aeee-2ff7d4522ead: receive RaftClientReply:client-CF63D631FA17->3cf1264f-5f6b-4138-aeee-2ff7d4522ead@group-561E16522154, cid=1776, SUCCESS, logIndex=0, commits[3cf1264f-5f6b-4138-aeee-2ff7d4522ead:c2582, 4f0d1a15-8f14-4d9a-ad4f-8211e1245b5d:c2581, 6999f20e-c3f7-4db4-87ca-141c476f2a88:c2581]
2019-08-22 07:03:30,590 | INFO  | SCMAudit | user=jenkins1000 | ip=192.168.34.31 | op=ALLOCATE_BLOCK {owner=04b6d46a-98e2-41b1-9f38-1870289993ea, size=4194304, type=RATIS, factor=THREE} | ret=SUCCESS |  
2019-08-22 07:03:30,594 | INFO  | OMAudit | user=jenkins1000 | ip=127.0.0.1 | op=ALLOCATE_BLOCK {volume=vol-0-14906, bucket=bucket-0-53153, key=key-0-33222, dataSize=0, replicationType=null, replicationFactor=null, keyLocationInfo=null, clientID=102659352017764754} | ret=SUCCESS |  
2019-08-22 07:03:30,602 | INFO  | DNAudit | user=null | ip=null | op=WRITE_CHUNK {blockData=conID: 1 locID: 102659352860426762 bcsId: 0} | ret=SUCCESS |  
2019-08-22 07:03:30,605 | INFO  | DNAudit | user=null | ip=null | op=WRITE_CHUNK {blockData=conID: 1 locID: 102659352860426762 bcsId: 0} | ret=SUCCESS |  
2019-08-22 07:03:30,607 | INFO  | DNAudit | user=null | ip=null | op=WRITE_CHUNK {blockData=conID: 1 locID: 102659352860426762 bcsId: 0} | ret=SUCCESS |  
2019-08-22 07:03:30,607 | INFO  | DNAudit | user=null | ip=null | op=WRITE_CHUNK {blockData=conID: 1 locID: 102659352860426762 bcsId: 0} | ret=SUCCESS |  
2019-08-22 07:03:30,610 | INFO  | DNAudit | user=null | ip=null | op=WRITE_CHUNK {blockData=conID: 1 locID: 102659352860426762 bcsId: 0} | ret=SUCCESS |  
2019-08-22 07:03:30,610 | INFO  | DNAudit | user=null | ip=null | op=WRITE_CHUNK {blockData=conID: 1 locID: 102659352860426762 bcsId: 0} | ret=SUCCESS |  
2019-08-22 07:03:30,632 | INFO  | DNAudit | user=null | ip=null | op=WRITE_CHUNK {blockData=conID: 1 locID: 102659352860426762 bcsId: 0} | ret=SUCCESS |  
2019-08-22 07:03:30,632 | INFO  | DNAudit | user=null | ip=null | op=PUT_BLOCK {blockData=[blockId=conID: 1 locID: 102659352860426762 bcsId: 0,size=1048576]} | ret=SUCCESS |  
2019-08-22 07:03:30,632 [grpc-default-executor-0] INFO  client.GrpcClientProtocolClient (GrpcClientProtocolClient.java:onNext(255)) - client-CF63D631FA17->3cf1264f-5f6b-4138-aeee-2ff7d4522ead: receive RaftClientReply:client-CF63D631FA17->3cf1264f-5f6b-4138-aeee-2ff7d4522ead@group-561E16522154, cid=1777, SUCCESS, logIndex=2584, commits[3cf1264f-5f6b-4138-aeee-2ff7d4522ead:c2587, 4f0d1a15-8f14-4d9a-ad4f-8211e1245b5d:c2583, 6999f20e-c3f7-4db4-87ca-141c476f2a88:c2583]
2019-08-22 07:03:30,633 | INFO  | DNAudit | user=null | ip=null | op=WRITE_CHUNK {blockData=conID: 1 locID: 102659352860426762 bcsId: 0} | ret=SUCCESS |  
2019-08-22 07:03:30,633 [grpc-default-executor-0] INFO  client.GrpcClientProtocolClient (GrpcClientProtocolClient.java:onNext(255)) - client-CF63D631FA17->3cf1264f-5f6b-4138-aeee-2ff7d4522ead: receive RaftClientReply:client-CF63D631FA17->3cf1264f-5f6b-4138-aeee-2ff7d4522ead@group-561E16522154, cid=1778, SUCCESS, logIndex=2585, commits[3cf1264f-5f6b-4138-aeee-2ff7d4522ead:c2587, 4f0d1a15-8f14-4d9a-ad4f-8211e1245b5d:c2583, 6999f20e-c3f7-4db4-87ca-141c476f2a88:c2583]
2019-08-22 07:03:30,634 | INFO  | DNAudit | user=null | ip=null | op=PUT_BLOCK {blockData=[blockId=conID: 1 locID: 102659352860426762 bcsId: 0,size=2097152]} | ret=SUCCESS |  
2019-08-22 07:03:30,634 [grpc-default-executor-0] INFO  client.GrpcClientProtocolClient (GrpcClientProtocolClient.java:onNext(255)) - client-CF63D631FA17->3cf1264f-5f6b-4138-aeee-2ff7d4522ead: receive RaftClientReply:client-CF63D631FA17->3cf1264f-5f6b-4138-aeee-2ff7d4522ead@group-561E16522154, cid=1779, SUCCESS, logIndex=2586, commits[3cf1264f-5f6b-4138-aeee-2ff7d4522ead:c2587, 4f0d1a15-8f14-4d9a-ad4f-8211e1245b5d:c2583, 6999f20e-c3f7-4db4-87ca-141c476f2a88:c2583]
2019-08-22 07:03:30,634 [grpc-default-executor-0] INFO  client.GrpcClientProtocolClient (GrpcClientProtocolClient.java:onNext(255)) - client-CF63D631FA17->3cf1264f-5f6b-4138-aeee-2ff7d4522ead: receive RaftClientReply:client-CF63D631FA17->3cf1264f-5f6b-4138-aeee-2ff7d4522ead@group-561E16522154, cid=1780, SUCCESS, logIndex=2587, commits[3cf1264f-5f6b-4138-aeee-2ff7d4522ead:c2587, 4f0d1a15-8f14-4d9a-ad4f-8211e1245b5d:c2583, 6999f20e-c3f7-4db4-87ca-141c476f2a88:c2583]
2019-08-22 07:03:30,635 | INFO  | DNAudit | user=null | ip=null | op=WRITE_CHUNK {blockData=conID: 1 locID: 102659352860426762 bcsId: 0} | ret=SUCCESS |  
2019-08-22 07:03:30,635 | INFO  | DNAudit | user=null | ip=null | op=WRITE_CHUNK {blockData=conID: 1 locID: 102659352860426762 bcsId: 0} | ret=SUCCESS |  
2019-08-22 07:03:30,635 | INFO  | DNAudit | user=null | ip=null | op=PUT_BLOCK {blockData=[blockId=conID: 1 locID: 102659352860426762 bcsId: 0,size=1048576]} | ret=SUCCESS |  
2019-08-22 07:03:30,635 | INFO  | DNAudit | user=null | ip=null | op=WRITE_CHUNK {blockData=conID: 1 locID: 102659352860426762 bcsId: 0} | ret=SUCCESS |  
2019-08-22 07:03:30,635 | INFO  | DNAudit | user=null | ip=null | op=PUT_BLOCK {blockData=[blockId=conID: 1 locID: 102659352860426762 bcsId: 0,size=1048576]} | ret=SUCCESS |  
2019-08-22 07:03:30,636 | INFO  | DNAudit | user=null | ip=null | op=WRITE_CHUNK {blockData=conID: 1 locID: 102659352860426762 bcsId: 0} | ret=SUCCESS |  
2019-08-22 07:03:30,636 [grpc-default-executor-0] INFO  client.GrpcClientProtocolClient (GrpcClientProtocolClient.java:onNext(255)) - client-CF63D631FA17->3cf1264f-5f6b-4138-aeee-2ff7d4522ead: receive RaftClientReply:client-CF63D631FA17->3cf1264f-5f6b-4138-aeee-2ff7d4522ead@group-561E16522154, cid=1781, SUCCESS, logIndex=0, commits[3cf1264f-5f6b-4138-aeee-2ff7d4522ead:c2588, 4f0d1a15-8f14-4d9a-ad4f-8211e1245b5d:c2586, 6999f20e-c3f7-4db4-87ca-141c476f2a88:c2586]
2019-08-22 07:03:30,646 | INFO  | DNAudit | user=null | ip=null | op=WRITE_CHUNK {blockData=conID: 1 locID: 102659352860426762 bcsId: 2587} | ret=SUCCESS |  
2019-08-22 07:03:30,648 | INFO  | DNAudit | user=null | ip=null | op=PUT_BLOCK {blockData=[blockId=conID: 1 locID: 102659352860426762 bcsId: 0,size=2097152]} | ret=SUCCESS |  
2019-08-22 07:03:30,648 | INFO  | DNAudit | user=null | ip=null | op=PUT_BLOCK {blockData=[blockId=conID: 1 locID: 102659352860426762 bcsId: 0,size=2097152]} | ret=SUCCESS |  
2019-08-22 07:03:30,650 | INFO  | DNAudit | user=null | ip=null | op=WRITE_CHUNK {blockData=conID: 1 locID: 102659352860426762 bcsId: 2587} | ret=SUCCESS |  
2019-08-22 07:03:30,650 | INFO  | DNAudit | user=null | ip=null | op=WRITE_CHUNK {blockData=conID: 1 locID: 102659352860426762 bcsId: 2587} | ret=SUCCESS |  
2019-08-22 07:03:30,668 | INFO  | DNAudit | user=null | ip=null | op=WRITE_CHUNK {blockData=conID: 1 locID: 102659352860426762 bcsId: 2587} | ret=SUCCESS |  
2019-08-22 07:03:30,668 | INFO  | DNAudit | user=null | ip=null | op=PUT_BLOCK {blockData=[blockId=conID: 1 locID: 102659352860426762 bcsId: 0,size=3145728]} | ret=SUCCESS |  
2019-08-22 07:03:30,668 [grpc-default-executor-1] INFO  client.GrpcClientProtocolClient (GrpcClientProtocolClient.java:onNext(255)) - client-CF63D631FA17->3cf1264f-5f6b-4138-aeee-2ff7d4522ead: receive RaftClientReply:client-CF63D631FA17->3cf1264f-5f6b-4138-aeee-2ff7d4522ead@group-561E16522154, cid=1782, SUCCESS, logIndex=2591, commits[3cf1264f-5f6b-4138-aeee-2ff7d4522ead:c2592, 4f0d1a15-8f14-4d9a-ad4f-8211e1245b5d:c2588, 6999f20e-c3f7-4db4-87ca-141c476f2a88:c2588]
2019-08-22 07:03:30,669 [grpc-default-executor-1] INFO  client.GrpcClientProtocolClient (GrpcClientProtocolClient.java:onNext(255)) - client-CF63D631FA17->3cf1264f-5f6b-4138-aeee-2ff7d4522ead: receive RaftClientReply:client-CF63D631FA17->3cf1264f-5f6b-4138-aeee-2ff7d4522ead@group-561E16522154, cid=1783, SUCCESS, logIndex=2592, commits[3cf1264f-5f6b-4138-aeee-2ff7d4522ead:c2592, 4f0d1a15-8f14-4d9a-ad4f-8211e1245b5d:c2588, 6999f20e-c3f7-4db4-87ca-141c476f2a88:c2588]
2019-08-22 07:03:30,677 | INFO  | DNAudit | user=null | ip=null | op=WRITE_CHUNK {blockData=conID: 1 locID: 102659352860426762 bcsId: 2592} | ret=SUCCESS |  
2019-08-22 07:03:30,680 | INFO  | DNAudit | user=null | ip=null | op=WRITE_CHUNK {blockData=conID: 1 locID: 102659352860426762 bcsId: 2592} | ret=SUCCESS |  
2019-08-22 07:03:30,680 | INFO  | DNAudit | user=null | ip=null | op=WRITE_CHUNK {blockData=conID: 1 locID: 102659352860426762 bcsId: 2592} | ret=SUCCESS |  
2019-08-22 07:03:30,681 | INFO  | DNAudit | user=null | ip=null | op=WRITE_CHUNK {blockData=conID: 1 locID: 102659352860426762 bcsId: 2587} | ret=SUCCESS |  
2019-08-22 07:03:30,681 | INFO  | DNAudit | user=null | ip=null | op=WRITE_CHUNK {blockData=conID: 1 locID: 102659352860426762 bcsId: 2587} | ret=SUCCESS |  
2019-08-22 07:03:30,694 | INFO  | DNAudit | user=null | ip=null | op=PUT_BLOCK {blockData=[blockId=conID: 1 locID: 102659352860426762 bcsId: 0,size=3145728]} | ret=SUCCESS |  
2019-08-22 07:03:30,694 | INFO  | DNAudit | user=null | ip=null | op=PUT_BLOCK {blockData=[blockId=conID: 1 locID: 102659352860426762 bcsId: 0,size=3145728]} | ret=SUCCESS |  
2019-08-22 07:03:30,695 | INFO  | DNAudit | user=null | ip=null | op=WRITE_CHUNK {blockData=conID: 1 locID: 102659352860426762 bcsId: 2592} | ret=SUCCESS |  
2019-08-22 07:03:30,695 | INFO  | DNAudit | user=null | ip=null | op=PUT_BLOCK {blockData=[blockId=conID: 1 locID: 102659352860426762 bcsId: 0,size=4194304]} | ret=SUCCESS |  
2019-08-22 07:03:30,695 [grpc-default-executor-5] INFO  client.GrpcClientProtocolClient (GrpcClientProtocolClient.java:onNext(255)) - client-CF63D631FA17->3cf1264f-5f6b-4138-aeee-2ff7d4522ead: receive RaftClientReply:client-CF63D631FA17->3cf1264f-5f6b-4138-aeee-2ff7d4522ead@group-561E16522154, cid=1784, SUCCESS, logIndex=2595, commits[3cf1264f-5f6b-4138-aeee-2ff7d4522ead:c2596, 4f0d1a15-8f14-4d9a-ad4f-8211e1245b5d:c2592, 6999f20e-c3f7-4db4-87ca-141c476f2a88:c2592]
2019-08-22 07:03:30,696 [grpc-default-executor-5] INFO  client.GrpcClientProtocolClient (GrpcClientProtocolClient.java:onNext(255)) - client-CF63D631FA17->3cf1264f-5f6b-4138-aeee-2ff7d4522ead: receive RaftClientReply:client-CF63D631FA17->3cf1264f-5f6b-4138-aeee-2ff7d4522ead@group-561E16522154, cid=1785, SUCCESS, logIndex=2596, commits[3cf1264f-5f6b-4138-aeee-2ff7d4522ead:c2596, 4f0d1a15-8f14-4d9a-ad4f-8211e1245b5d:c2592, 6999f20e-c3f7-4db4-87ca-141c476f2a88:c2592]
2019-08-22 07:03:30,705 | INFO  | SCMAudit | user=jenkins1000 | ip=192.168.34.31 | op=SEND_HEARTBEAT {datanodeUUID=6ab6b5dd-7582-43bd-ad39-1af51ca14a47, command=[]} | ret=SUCCESS |  
2019-08-22 07:03:30,708 | INFO  | DNAudit | user=null | ip=null | op=WRITE_CHUNK {blockData=conID: 1 locID: 102659352860426762 bcsId: 2592} | ret=SUCCESS |  
2019-08-22 07:03:30,708 | INFO  | DNAudit | user=null | ip=null | op=WRITE_CHUNK {blockData=conID: 1 locID: 102659352860426762 bcsId: 2592} | ret=SUCCESS |  
2019-08-22 07:03:30,721 | INFO  | DNAudit | user=null | ip=null | op=PUT_BLOCK {blockData=[blockId=conID: 1 locID: 102659352860426762 bcsId: 0,size=4194304]} | ret=SUCCESS |  
2019-08-22 07:03:30,721 | INFO  | DNAudit | user=null | ip=null | op=PUT_BLOCK {blockData=[blockId=conID: 1 locID: 102659352860426762 bcsId: 0,size=4194304]} | ret=SUCCESS |  
2019-08-22 07:03:30,721 [grpc-default-executor-0] INFO  client.GrpcClientProtocolClient (GrpcClientProtocolClient.java:onNext(255)) - client-CF63D631FA17->3cf1264f-5f6b-4138-aeee-2ff7d4522ead: receive RaftClientReply:client-CF63D631FA17->3cf1264f-5f6b-4138-aeee-2ff7d4522ead@group-561E16522154, cid=1786, SUCCESS, logIndex=0, commits[3cf1264f-5f6b-4138-aeee-2ff7d4522ead:c2597, 4f0d1a15-8f14-4d9a-ad4f-8211e1245b5d:c2596, 6999f20e-c3f7-4db4-87ca-141c476f2a88:c2596]
2019-08-22 07:03:30,727 | INFO  | SCMAudit | user=jenkins1000 | ip=192.168.34.31 | op=ALLOCATE_BLOCK {owner=04b6d46a-98e2-41b1-9f38-1870289993ea, size=4194304, type=RATIS, factor=THREE} | ret=SUCCESS |  
2019-08-22 07:03:30,730 | INFO  | OMAudit | user=jenkins1000 | ip=127.0.0.1 | op=ALLOCATE_BLOCK {volume=vol-0-14906, bucket=bucket-0-53153, key=key-0-33222, dataSize=0, replicationType=null, replicationFactor=null, keyLocationInfo=null, clientID=102659352017764754} | ret=SUCCESS |  
2019-08-22 07:03:30,739 | INFO  | DNAudit | user=null | ip=null | op=WRITE_CHUNK {blockData=conID: 2 locID: 102659352869405195 bcsId: 0} | ret=SUCCESS |  
2019-08-22 07:03:30,742 | INFO  | DNAudit | user=null | ip=null | op=WRITE_CHUNK {blockData=conID: 2 locID: 102659352869405195 bcsId: 0} | ret=SUCCESS |  
2019-08-22 07:03:30,743 | INFO  | DNAudit | user=null | ip=null | op=WRITE_CHUNK {blockData=conID: 2 locID: 102659352869405195 bcsId: 0} | ret=SUCCESS |  
2019-08-22 07:03:30,743 | INFO  | DNAudit | user=null | ip=null | op=WRITE_CHUNK {blockData=conID: 2 locID: 102659352869405195 bcsId: 0} | ret=SUCCESS |  
2019-08-22 07:03:30,744 | INFO  | DNAudit | user=null | ip=null | op=WRITE_CHUNK {blockData=conID: 2 locID: 102659352869405195 bcsId: 0} | ret=SUCCESS |  
2019-08-22 07:03:30,746 | INFO  | DNAudit | user=null | ip=null | op=WRITE_CHUNK {blockData=conID: 2 locID: 102659352869405195 bcsId: 0} | ret=SUCCESS |  
2019-08-22 07:03:30,753 | INFO  | DNAudit | user=null | ip=null | op=WRITE_CHUNK {blockData=conID: 2 locID: 102659352869405195 bcsId: 0} | ret=SUCCESS |  
2019-08-22 07:03:30,754 | INFO  | DNAudit | user=null | ip=null | op=PUT_BLOCK {blockData=[blockId=conID: 2 locID: 102659352869405195 bcsId: 0,size=1048576]} | ret=SUCCESS |  
2019-08-22 07:03:30,754 [grpc-default-executor-1] INFO  client.GrpcClientProtocolClient (GrpcClientProtocolClient.java:onNext(255)) - client-CF63D631FA17->3cf1264f-5f6b-4138-aeee-2ff7d4522ead: receive RaftClientReply:client-CF63D631FA17->3cf1264f-5f6b-4138-aeee-2ff7d4522ead@group-561E16522154, cid=1787, SUCCESS, logIndex=2599, commits[3cf1264f-5f6b-4138-aeee-2ff7d4522ead:c2600, 4f0d1a15-8f14-4d9a-ad4f-8211e1245b5d:c2598, 6999f20e-c3f7-4db4-87ca-141c476f2a88:c2598]
2019-08-22 07:03:30,754 [grpc-default-executor-1] INFO  client.GrpcClientProtocolClient (GrpcClientProtocolClient.java:onNext(255)) - client-CF63D631FA17->3cf1264f-5f6b-4138-aeee-2ff7d4522ead: receive RaftClientReply:client-CF63D631FA17->3cf1264f-5f6b-4138-aeee-2ff7d4522ead@group-561E16522154, cid=1788, SUCCESS, logIndex=2600, commits[3cf1264f-5f6b-4138-aeee-2ff7d4522ead:c2600, 4f0d1a15-8f14-4d9a-ad4f-8211e1245b5d:c2598, 6999f20e-c3f7-4db4-87ca-141c476f2a88:c2598]
2019-08-22 07:03:30,763 | INFO  | DNAudit | user=null | ip=null | op=WRITE_CHUNK {blockData=conID: 2 locID: 102659352869405195 bcsId: 0} | ret=SUCCESS |  
2019-08-22 07:03:30,764 | INFO  | DNAudit | user=null | ip=null | op=PUT_BLOCK {blockData=[blockId=conID: 2 locID: 102659352869405195 bcsId: 0,size=2097152]} | ret=SUCCESS |  
2019-08-22 07:03:30,764 | INFO  | DNAudit | user=null | ip=null | op=WRITE_CHUNK {blockData=conID: 2 locID: 102659352869405195 bcsId: 0} | ret=SUCCESS |  
2019-08-22 07:03:30,765 [grpc-default-executor-5] INFO  client.GrpcClientProtocolClient (GrpcClientProtocolClient.java:onNext(255)) - client-CF63D631FA17->3cf1264f-5f6b-4138-aeee-2ff7d4522ead: receive RaftClientReply:client-CF63D631FA17->3cf1264f-5f6b-4138-aeee-2ff7d4522ead@group-561E16522154, cid=1789, SUCCESS, logIndex=2601, commits[3cf1264f-5f6b-4138-aeee-2ff7d4522ead:c2602, 4f0d1a15-8f14-4d9a-ad4f-8211e1245b5d:c2598, 6999f20e-c3f7-4db4-87ca-141c476f2a88:c2598]
2019-08-22 07:03:30,765 [grpc-default-executor-5] INFO  client.GrpcClientProtocolClient (GrpcClientProtocolClient.java:onNext(255)) - client-CF63D631FA17->3cf1264f-5f6b-4138-aeee-2ff7d4522ead: receive RaftClientReply:client-CF63D631FA17->3cf1264f-5f6b-4138-aeee-2ff7d4522ead@group-561E16522154, cid=1790, SUCCESS, logIndex=2602, commits[3cf1264f-5f6b-4138-aeee-2ff7d4522ead:c2602, 4f0d1a15-8f14-4d9a-ad4f-8211e1245b5d:c2598, 6999f20e-c3f7-4db4-87ca-141c476f2a88:c2598]
2019-08-22 07:03:30,766 | INFO  | DNAudit | user=null | ip=null | op=WRITE_CHUNK {blockData=conID: 2 locID: 102659352869405195 bcsId: 0} | ret=SUCCESS |  
2019-08-22 07:03:30,766 | INFO  | DNAudit | user=null | ip=null | op=PUT_BLOCK {blockData=[blockId=conID: 2 locID: 102659352869405195 bcsId: 0,size=1048576]} | ret=SUCCESS |  
2019-08-22 07:03:30,766 | INFO  | DNAudit | user=null | ip=null | op=PUT_BLOCK {blockData=[blockId=conID: 2 locID: 102659352869405195 bcsId: 0,size=1048576]} | ret=SUCCESS |  
2019-08-22 07:03:30,766 | INFO  | DNAudit | user=null | ip=null | op=WRITE_CHUNK {blockData=conID: 2 locID: 102659352869405195 bcsId: 0} | ret=SUCCESS |  
2019-08-22 07:03:30,766 | INFO  | DNAudit | user=null | ip=null | op=WRITE_CHUNK {blockData=conID: 2 locID: 102659352869405195 bcsId: 0} | ret=SUCCESS |  
2019-08-22 07:03:30,766 [grpc-default-executor-5] INFO  client.GrpcClientProtocolClient (GrpcClientProtocolClient.java:onNext(255)) - client-CF63D631FA17->3cf1264f-5f6b-4138-aeee-2ff7d4522ead: receive RaftClientReply:client-CF63D631FA17->3cf1264f-5f6b-4138-aeee-2ff7d4522ead@group-561E16522154, cid=1791, SUCCESS, logIndex=0, commits[3cf1264f-5f6b-4138-aeee-2ff7d4522ead:c2604, 4f0d1a15-8f14-4d9a-ad4f-8211e1245b5d:c2600, 6999f20e-c3f7-4db4-87ca-141c476f2a88:c2600]
2019-08-22 07:03:30,767 | INFO  | DNAudit | user=null | ip=null | op=PUT_BLOCK {blockData=[blockId=conID: 2 locID: 102659352869405195 bcsId: 0,size=2097152]} | ret=SUCCESS |  
2019-08-22 07:03:30,767 | INFO  | DNAudit | user=null | ip=null | op=PUT_BLOCK {blockData=[blockId=conID: 2 locID: 102659352869405195 bcsId: 0,size=2097152]} | ret=SUCCESS |  
 0.00% |█                                                                                                    |  0/1 Time: 0:00:132019-08-22 07:03:30,774 | INFO  | DNAudit | user=null | ip=null | op=WRITE_CHUNK {blockData=conID: 2 locID: 102659352869405195 bcsId: 2602} | ret=SUCCESS |  
2019-08-22 07:03:30,776 | INFO  | DNAudit | user=null | ip=null | op=WRITE_CHUNK {blockData=conID: 2 locID: 102659352869405195 bcsId: 2602} | ret=SUCCESS |  
2019-08-22 07:03:30,777 | INFO  | DNAudit | user=null | ip=null | op=WRITE_CHUNK {blockData=conID: 2 locID: 102659352869405195 bcsId: 2602} | ret=SUCCESS |  
2019-08-22 07:03:30,779 | INFO  | DNAudit | user=null | ip=null | op=WRITE_CHUNK {blockData=conID: 2 locID: 102659352869405195 bcsId: 2602} | ret=SUCCESS |  
2019-08-22 07:03:30,780 | INFO  | DNAudit | user=null | ip=null | op=PUT_BLOCK {blockData=[blockId=conID: 2 locID: 102659352869405195 bcsId: 0,size=3145728]} | ret=SUCCESS |  
2019-08-22 07:03:30,780 [grpc-default-executor-1] INFO  client.GrpcClientProtocolClient (GrpcClientProtocolClient.java:onNext(255)) - client-CF63D631FA17->3cf1264f-5f6b-4138-aeee-2ff7d4522ead: receive RaftClientReply:client-CF63D631FA17->3cf1264f-5f6b-4138-aeee-2ff7d4522ead@group-561E16522154, cid=1792, SUCCESS, logIndex=2606, commits[3cf1264f-5f6b-4138-aeee-2ff7d4522ead:c2607, 4f0d1a15-8f14-4d9a-ad4f-8211e1245b5d:c2605, 6999f20e-c3f7-4db4-87ca-141c476f2a88:c2605]
2019-08-22 07:03:30,781 [grpc-default-executor-1] INFO  client.GrpcClientProtocolClient (GrpcClientProtocolClient.java:onNext(255)) - client-CF63D631FA17->3cf1264f-5f6b-4138-aeee-2ff7d4522ead: receive RaftClientReply:client-CF63D631FA17->3cf1264f-5f6b-4138-aeee-2ff7d4522ead@group-561E16522154, cid=1793, SUCCESS, logIndex=2607, commits[3cf1264f-5f6b-4138-aeee-2ff7d4522ead:c2607, 4f0d1a15-8f14-4d9a-ad4f-8211e1245b5d:c2605, 6999f20e-c3f7-4db4-87ca-141c476f2a88:c2605]
2019-08-22 07:03:30,781 | INFO  | DNAudit | user=null | ip=null | op=WRITE_CHUNK {blockData=conID: 2 locID: 102659352869405195 bcsId: 2602} | ret=SUCCESS |  
2019-08-22 07:03:30,782 | INFO  | DNAudit | user=null | ip=null | op=WRITE_CHUNK {blockData=conID: 2 locID: 102659352869405195 bcsId: 2602} | ret=SUCCESS |  
2019-08-22 07:03:30,782 | INFO  | DNAudit | user=null | ip=null | op=PUT_BLOCK {blockData=[blockId=conID: 2 locID: 102659352869405195 bcsId: 0,size=3145728]} | ret=SUCCESS |  
2019-08-22 07:03:30,783 | INFO  | DNAudit | user=null | ip=null | op=PUT_BLOCK {blockData=[blockId=conID: 2 locID: 102659352869405195 bcsId: 0,size=3145728]} | ret=SUCCESS |  
2019-08-22 07:03:30,787 | INFO  | DNAudit | user=null | ip=null | op=WRITE_CHUNK {blockData=conID: 2 locID: 102659352869405195 bcsId: 2607} | ret=SUCCESS |  
2019-08-22 07:03:30,790 | INFO  | DNAudit | user=null | ip=null | op=WRITE_CHUNK {blockData=conID: 2 locID: 102659352869405195 bcsId: 2607} | ret=SUCCESS |  
2019-08-22 07:03:30,790 | INFO  | DNAudit | user=null | ip=null | op=WRITE_CHUNK {blockData=conID: 2 locID: 102659352869405195 bcsId: 2607} | ret=SUCCESS |  
2019-08-22 07:03:30,814 | INFO  | DNAudit | user=null | ip=null | op=WRITE_CHUNK {blockData=conID: 2 locID: 102659352869405195 bcsId: 2607} | ret=SUCCESS |  
2019-08-22 07:03:30,815 [grpc-default-executor-1] INFO  client.GrpcClientProtocolClient (GrpcClientProtocolClient.java:onNext(255)) - client-CF63D631FA17->3cf1264f-5f6b-4138-aeee-2ff7d4522ead: receive RaftClientReply:client-CF63D631FA17->3cf1264f-5f6b-4138-aeee-2ff7d4522ead@group-561E16522154, cid=1794, SUCCESS, logIndex=2610, commits[3cf1264f-5f6b-4138-aeee-2ff7d4522ead:c2611, 4f0d1a15-8f14-4d9a-ad4f-8211e1245b5d:c2609, 6999f20e-c3f7-4db4-87ca-141c476f2a88:c2609]
2019-08-22 07:03:30,815 | INFO  | DNAudit | user=null | ip=null | op=PUT_BLOCK {blockData=[blockId=conID: 2 locID: 102659352869405195 bcsId: 0,size=4194304]} | ret=SUCCESS |  
2019-08-22 07:03:30,816 [grpc-default-executor-1] INFO  client.GrpcClientProtocolClient (GrpcClientProtocolClient.java:onNext(255)) - client-CF63D631FA17->3cf1264f-5f6b-4138-aeee-2ff7d4522ead: receive RaftClientReply:client-CF63D631FA17->3cf1264f-5f6b-4138-aeee-2ff7d4522ead@group-561E16522154, cid=1795, SUCCESS, logIndex=2611, commits[3cf1264f-5f6b-4138-aeee-2ff7d4522ead:c2611, 4f0d1a15-8f14-4d9a-ad4f-8211e1245b5d:c2609, 6999f20e-c3f7-4db4-87ca-141c476f2a88:c2609]
2019-08-22 07:03:30,832 | INFO  | DNAudit | user=null | ip=null | op=WRITE_CHUNK {blockData=conID: 2 locID: 102659352869405195 bcsId: 2607} | ret=SUCCESS |  
2019-08-22 07:03:30,832 | INFO  | DNAudit | user=null | ip=null | op=WRITE_CHUNK {blockData=conID: 2 locID: 102659352869405195 bcsId: 2607} | ret=SUCCESS |  
2019-08-22 07:03:30,832 | INFO  | DNAudit | user=null | ip=null | op=PUT_BLOCK {blockData=[blockId=conID: 2 locID: 102659352869405195 bcsId: 0,size=4194304]} | ret=SUCCESS |  
2019-08-22 07:03:30,832 | INFO  | DNAudit | user=null | ip=null | op=PUT_BLOCK {blockData=[blockId=conID: 2 locID: 102659352869405195 bcsId: 0,size=4194304]} | ret=SUCCESS |  
2019-08-22 07:03:30,833 [grpc-default-executor-5] INFO  client.GrpcClientProtocolClient (GrpcClientProtocolClient.java:onNext(255)) - client-CF63D631FA17->3cf1264f-5f6b-4138-aeee-2ff7d4522ead: receive RaftClientReply:client-CF63D631FA17->3cf1264f-5f6b-4138-aeee-2ff7d4522ead@group-561E16522154, cid=1796, SUCCESS, logIndex=0, commits[3cf1264f-5f6b-4138-aeee-2ff7d4522ead:c2612, 4f0d1a15-8f14-4d9a-ad4f-8211e1245b5d:c2611, 6999f20e-c3f7-4db4-87ca-141c476f2a88:c2611]
2019-08-22 07:03:30,839 | INFO  | SCMAudit | user=jenkins1000 | ip=192.168.34.31 | op=ALLOCATE_BLOCK {owner=04b6d46a-98e2-41b1-9f38-1870289993ea, size=4194304, type=RATIS, factor=THREE} | ret=SUCCESS |  
2019-08-22 07:03:30,842 | INFO  | OMAudit | user=jenkins1000 | ip=127.0.0.1 | op=ALLOCATE_BLOCK {volume=vol-0-14906, bucket=bucket-0-53153, key=key-0-33222, dataSize=0, replicationType=null, replicationFactor=null, keyLocationInfo=null, clientID=102659352017764754} | ret=SUCCESS |  
2019-08-22 07:03:30,850 | INFO  | DNAudit | user=null | ip=null | op=WRITE_CHUNK {blockData=conID: 3 locID: 102659352876679692 bcsId: 0} | ret=SUCCESS |  
2019-08-22 07:03:30,853 | INFO  | DNAudit | user=null | ip=null | op=WRITE_CHUNK {blockData=conID: 3 locID: 102659352876679692 bcsId: 0} | ret=SUCCESS |  
2019-08-22 07:03:30,853 | INFO  | DNAudit | user=null | ip=null | op=WRITE_CHUNK {blockData=conID: 3 locID: 102659352876679692 bcsId: 0} | ret=SUCCESS |  
2019-08-22 07:03:30,853 | INFO  | DNAudit | user=null | ip=null | op=WRITE_CHUNK {blockData=conID: 3 locID: 102659352876679692 bcsId: 0} | ret=SUCCESS |  
2019-08-22 07:03:30,855 | INFO  | DNAudit | user=null | ip=null | op=WRITE_CHUNK {blockData=conID: 3 locID: 102659352876679692 bcsId: 0} | ret=SUCCESS |  
2019-08-22 07:03:30,856 | INFO  | DNAudit | user=null | ip=null | op=WRITE_CHUNK {blockData=conID: 3 locID: 102659352876679692 bcsId: 0} | ret=SUCCESS |  
2019-08-22 07:03:30,866 | INFO  | DNAudit | user=null | ip=null | op=WRITE_CHUNK {blockData=conID: 3 locID: 102659352876679692 bcsId: 0} | ret=SUCCESS |  
2019-08-22 07:03:30,867 | INFO  | DNAudit | user=null | ip=null | op=PUT_BLOCK {blockData=[blockId=conID: 3 locID: 102659352876679692 bcsId: 0,size=1048576]} | ret=SUCCESS |  
2019-08-22 07:03:30,867 [grpc-default-executor-1] INFO  client.GrpcClientProtocolClient (GrpcClientProtocolClient.java:onNext(255)) - client-CF63D631FA17->3cf1264f-5f6b-4138-aeee-2ff7d4522ead: receive RaftClientReply:client-CF63D631FA17->3cf1264f-5f6b-4138-aeee-2ff7d4522ead@group-561E16522154, cid=1797, SUCCESS, logIndex=2613, commits[3cf1264f-5f6b-4138-aeee-2ff7d4522ead:c2616, 4f0d1a15-8f14-4d9a-ad4f-8211e1245b5d:c2612, 6999f20e-c3f7-4db4-87ca-141c476f2a88:c2612]
2019-08-22 07:03:30,867 | INFO  | DNAudit | user=null | ip=null | op=WRITE_CHUNK {blockData=conID: 3 locID: 102659352876679692 bcsId: 0} | ret=SUCCESS |  
2019-08-22 07:03:30,867 [grpc-default-executor-1] INFO  client.GrpcClientProtocolClient (GrpcClientProtocolClient.java:onNext(255)) - client-CF63D631FA17->3cf1264f-5f6b-4138-aeee-2ff7d4522ead: receive RaftClientReply:client-CF63D631FA17->3cf1264f-5f6b-4138-aeee-2ff7d4522ead@group-561E16522154, cid=1798, SUCCESS, logIndex=2614, commits[3cf1264f-5f6b-4138-aeee-2ff7d4522ead:c2616, 4f0d1a15-8f14-4d9a-ad4f-8211e1245b5d:c2612, 6999f20e-c3f7-4db4-87ca-141c476f2a88:c2612]
2019-08-22 07:03:30,868 | INFO  | DNAudit | user=null | ip=null | op=PUT_BLOCK {blockData=[blockId=conID: 3 locID: 102659352876679692 bcsId: 0,size=2097152]} | ret=SUCCESS |  
2019-08-22 07:03:30,868 [grpc-default-executor-1] INFO  client.GrpcClientProtocolClient (GrpcClientProtocolClient.java:onNext(255)) - client-CF63D631FA17->3cf1264f-5f6b-4138-aeee-2ff7d4522ead: receive RaftClientReply:client-CF63D631FA17->3cf1264f-5f6b-4138-aeee-2ff7d4522ead@group-561E16522154, cid=1799, SUCCESS, logIndex=2615, commits[3cf1264f-5f6b-4138-aeee-2ff7d4522ead:c2616, 4f0d1a15-8f14-4d9a-ad4f-8211e1245b5d:c2612, 6999f20e-c3f7-4db4-87ca-141c476f2a88:c2612]
2019-08-22 07:03:30,868 [grpc-default-executor-1] INFO  client.GrpcClientProtocolClient (GrpcClientProtocolClient.java:onNext(255)) - client-CF63D631FA17->3cf1264f-5f6b-4138-aeee-2ff7d4522ead: receive RaftClientReply:client-CF63D631FA17->3cf1264f-5f6b-4138-aeee-2ff7d4522ead@group-561E16522154, cid=1800, SUCCESS, logIndex=2616, commits[3cf1264f-5f6b-4138-aeee-2ff7d4522ead:c2616, 4f0d1a15-8f14-4d9a-ad4f-8211e1245b5d:c2612, 6999f20e-c3f7-4db4-87ca-141c476f2a88:c2612]
2019-08-22 07:03:30,878 | INFO  | DNAudit | user=null | ip=null | op=WRITE_CHUNK {blockData=conID: 3 locID: 102659352876679692 bcsId: 0} | ret=SUCCESS |  
2019-08-22 07:03:30,878 | INFO  | DNAudit | user=null | ip=null | op=WRITE_CHUNK {blockData=conID: 3 locID: 102659352876679692 bcsId: 0} | ret=SUCCESS |  
2019-08-22 07:03:30,878 | INFO  | DNAudit | user=null | ip=null | op=PUT_BLOCK {blockData=[blockId=conID: 3 locID: 102659352876679692 bcsId: 0,size=1048576]} | ret=SUCCESS |  
2019-08-22 07:03:30,878 | INFO  | DNAudit | user=null | ip=null | op=PUT_BLOCK {blockData=[blockId=conID: 3 locID: 102659352876679692 bcsId: 0,size=1048576]} | ret=SUCCESS |  
2019-08-22 07:03:30,878 [grpc-default-executor-3] INFO  client.GrpcClientProtocolClient (GrpcClientProtocolClient.java:onNext(255)) - client-CF63D631FA17->3cf1264f-5f6b-4138-aeee-2ff7d4522ead: receive RaftClientReply:client-CF63D631FA17->3cf1264f-5f6b-4138-aeee-2ff7d4522ead@group-561E16522154, cid=1801, SUCCESS, logIndex=0, commits[3cf1264f-5f6b-4138-aeee-2ff7d4522ead:c2617, 4f0d1a15-8f14-4d9a-ad4f-8211e1245b5d:c2614, 6999f20e-c3f7-4db4-87ca-141c476f2a88:c2614]
2019-08-22 07:03:30,880 | INFO  | DNAudit | user=null | ip=null | op=WRITE_CHUNK {blockData=conID: 3 locID: 102659352876679692 bcsId: 0} | ret=SUCCESS |  
2019-08-22 07:03:30,881 | INFO  | DNAudit | user=null | ip=null | op=WRITE_CHUNK {blockData=conID: 3 locID: 102659352876679692 bcsId: 0} | ret=SUCCESS |  
2019-08-22 07:03:30,881 | INFO  | DNAudit | user=null | ip=null | op=PUT_BLOCK {blockData=[blockId=conID: 3 locID: 102659352876679692 bcsId: 0,size=2097152]} | ret=SUCCESS |  
2019-08-22 07:03:30,881 | INFO  | DNAudit | user=null | ip=null | op=PUT_BLOCK {blockData=[blockId=conID: 3 locID: 102659352876679692 bcsId: 0,size=2097152]} | ret=SUCCESS |  
2019-08-22 07:03:30,886 | INFO  | DNAudit | user=null | ip=null | op=WRITE_CHUNK {blockData=conID: 3 locID: 102659352876679692 bcsId: 2616} | ret=SUCCESS |  
2019-08-22 07:03:30,889 | INFO  | DNAudit | user=null | ip=null | op=WRITE_CHUNK {blockData=conID: 3 locID: 102659352876679692 bcsId: 2616} | ret=SUCCESS |  
2019-08-22 07:03:30,890 | INFO  | DNAudit | user=null | ip=null | op=WRITE_CHUNK {blockData=conID: 3 locID: 102659352876679692 bcsId: 2616} | ret=SUCCESS |  
2019-08-22 07:03:30,899 | INFO  | DNAudit | user=null | ip=null | op=WRITE_CHUNK {blockData=conID: 3 locID: 102659352876679692 bcsId: 2616} | ret=SUCCESS |  
2019-08-22 07:03:30,899 | INFO  | DNAudit | user=null | ip=null | op=PUT_BLOCK {blockData=[blockId=conID: 3 locID: 102659352876679692 bcsId: 0,size=3145728]} | ret=SUCCESS |  
2019-08-22 07:03:30,899 [grpc-default-executor-1] INFO  client.GrpcClientProtocolClient (GrpcClientProtocolClient.java:onNext(255)) - client-CF63D631FA17->3cf1264f-5f6b-4138-aeee-2ff7d4522ead: receive RaftClientReply:client-CF63D631FA17->3cf1264f-5f6b-4138-aeee-2ff7d4522ead@group-561E16522154, cid=1802, SUCCESS, logIndex=2621, commits[3cf1264f-5f6b-4138-aeee-2ff7d4522ead:c2622, 4f0d1a15-8f14-4d9a-ad4f-8211e1245b5d:c2620, 6999f20e-c3f7-4db4-87ca-141c476f2a88:c2620]
2019-08-22 07:03:30,900 [grpc-default-executor-1] INFO  client.GrpcClientProtocolClient (GrpcClientProtocolClient.java:onNext(255)) - client-CF63D631FA17->3cf1264f-5f6b-4138-aeee-2ff7d4522ead: receive RaftClientReply:client-CF63D631FA17->3cf1264f-5f6b-4138-aeee-2ff7d4522ead@group-561E16522154, cid=1803, SUCCESS, logIndex=2622, commits[3cf1264f-5f6b-4138-aeee-2ff7d4522ead:c2622, 4f0d1a15-8f14-4d9a-ad4f-8211e1245b5d:c2620, 6999f20e-c3f7-4db4-87ca-141c476f2a88:c2620]
2019-08-22 07:03:30,907 | INFO  | DNAudit | user=null | ip=null | op=WRITE_CHUNK {blockData=conID: 3 locID: 102659352876679692 bcsId: 2622} | ret=SUCCESS |  
2019-08-22 07:03:30,910 | INFO  | DNAudit | user=null | ip=null | op=WRITE_CHUNK {blockData=conID: 3 locID: 102659352876679692 bcsId: 2622} | ret=SUCCESS |  
2019-08-22 07:03:30,910 | INFO  | DNAudit | user=null | ip=null | op=WRITE_CHUNK {blockData=conID: 3 locID: 102659352876679692 bcsId: 2622} | ret=SUCCESS |  
2019-08-22 07:03:30,910 | INFO  | DNAudit | user=null | ip=null | op=WRITE_CHUNK {blockData=conID: 3 locID: 102659352876679692 bcsId: 2616} | ret=SUCCESS |  
2019-08-22 07:03:30,910 | INFO  | DNAudit | user=null | ip=null | op=WRITE_CHUNK {blockData=conID: 3 locID: 102659352876679692 bcsId: 2616} | ret=SUCCESS |  
2019-08-22 07:03:30,911 | INFO  | DNAudit | user=null | ip=null | op=PUT_BLOCK {blockData=[blockId=conID: 3 locID: 102659352876679692 bcsId: 0,size=3145728]} | ret=SUCCESS |  
2019-08-22 07:03:30,913 | INFO  | DNAudit | user=null | ip=null | op=WRITE_CHUNK {blockData=conID: 3 locID: 102659352876679692 bcsId: 2622} | ret=SUCCESS |  
2019-08-22 07:03:30,914 | INFO  | DNAudit | user=null | ip=null | op=PUT_BLOCK {blockData=[blockId=conID: 3 locID: 102659352876679692 bcsId: 0,size=4194304]} | ret=SUCCESS |  
2019-08-22 07:03:30,914 [grpc-default-executor-3] INFO  client.GrpcClientProtocolClient (GrpcClientProtocolClient.java:onNext(255)) - client-CF63D631FA17->3cf1264f-5f6b-4138-aeee-2ff7d4522ead: receive RaftClientReply:client-CF63D631FA17->3cf1264f-5f6b-4138-aeee-2ff7d4522ead@group-561E16522154, cid=1804, SUCCESS, logIndex=2625, commits[3cf1264f-5f6b-4138-aeee-2ff7d4522ead:c2626, 4f0d1a15-8f14-4d9a-ad4f-8211e1245b5d:c2622, 6999f20e-c3f7-4db4-87ca-141c476f2a88:c2621]
2019-08-22 07:03:30,914 [grpc-default-executor-3] INFO  client.GrpcClientProtocolClient (GrpcClientProtocolClient.java:onNext(255)) - client-CF63D631FA17->3cf1264f-5f6b-4138-aeee-2ff7d4522ead: receive RaftClientReply:client-CF63D631FA17->3cf1264f-5f6b-4138-aeee-2ff7d4522ead@group-561E16522154, cid=1805, SUCCESS, logIndex=2626, commits[3cf1264f-5f6b-4138-aeee-2ff7d4522ead:c2626, 4f0d1a15-8f14-4d9a-ad4f-8211e1245b5d:c2622, 6999f20e-c3f7-4db4-87ca-141c476f2a88:c2621]
2019-08-22 07:03:30,924 | INFO  | DNAudit | user=null | ip=null | op=PUT_BLOCK {blockData=[blockId=conID: 3 locID: 102659352876679692 bcsId: 0,size=3145728]} | ret=SUCCESS |  
2019-08-22 07:03:30,924 | INFO  | SCMAudit | user=jenkins1000 | ip=192.168.34.31 | op=SEND_HEARTBEAT {datanodeUUID=4f0d1a15-8f14-4d9a-ad4f-8211e1245b5d, command=[]} | ret=SUCCESS |  
2019-08-22 07:03:30,924 [grpc-default-executor-3] INFO  client.GrpcClientProtocolClient (GrpcClientProtocolClient.java:onNext(255)) - client-CF63D631FA17->3cf1264f-5f6b-4138-aeee-2ff7d4522ead: receive RaftClientReply:client-CF63D631FA17->3cf1264f-5f6b-4138-aeee-2ff7d4522ead@group-561E16522154, cid=1806, SUCCESS, logIndex=0, commits[3cf1264f-5f6b-4138-aeee-2ff7d4522ead:c2626, 4f0d1a15-8f14-4d9a-ad4f-8211e1245b5d:c2622, 6999f20e-c3f7-4db4-87ca-141c476f2a88:c2622]
2019-08-22 07:03:30,925 | INFO  | SCMAudit | user=jenkins1000 | ip=192.168.34.31 | op=SEND_HEARTBEAT {datanodeUUID=6999f20e-c3f7-4db4-87ca-141c476f2a88, command=[]} | ret=SUCCESS |  
2019-08-22 07:03:30,926 | INFO  | DNAudit | user=null | ip=null | op=WRITE_CHUNK {blockData=conID: 3 locID: 102659352876679692 bcsId: 2622} | ret=SUCCESS |  
2019-08-22 07:03:30,926 | INFO  | SCMAudit | user=jenkins1000 | ip=192.168.34.31 | op=SEND_HEARTBEAT {datanodeUUID=3cf1264f-5f6b-4138-aeee-2ff7d4522ead, command=[]} | ret=SUCCESS |  
2019-08-22 07:03:30,937 | INFO  | DNAudit | user=null | ip=null | op=WRITE_CHUNK {blockData=conID: 3 locID: 102659352876679692 bcsId: 2622} | ret=SUCCESS |  
2019-08-22 07:03:30,937 | INFO  | DNAudit | user=null | ip=null | op=PUT_BLOCK {blockData=[blockId=conID: 3 locID: 102659352876679692 bcsId: 0,size=4194304]} | ret=SUCCESS |  
2019-08-22 07:03:30,939 | INFO  | DNAudit | user=null | ip=null | op=PUT_BLOCK {blockData=[blockId=conID: 3 locID: 102659352876679692 bcsId: 0,size=4194304]} | ret=SUCCESS |  
2019-08-22 07:03:30,939 [grpc-default-executor-3] INFO  client.GrpcClientProtocolClient (GrpcClientProtocolClient.java:onNext(255)) - client-CF63D631FA17->3cf1264f-5f6b-4138-aeee-2ff7d4522ead: receive RaftClientReply:client-CF63D631FA17->3cf1264f-5f6b-4138-aeee-2ff7d4522ead@group-561E16522154, cid=1807, SUCCESS, logIndex=0, commits[3cf1264f-5f6b-4138-aeee-2ff7d4522ead:c2628, 4f0d1a15-8f14-4d9a-ad4f-8211e1245b5d:c2626, 6999f20e-c3f7-4db4-87ca-141c476f2a88:c2626]
2019-08-22 07:03:30,943 | INFO  | SCMAudit | user=jenkins1000 | ip=192.168.34.31 | op=ALLOCATE_BLOCK {owner=04b6d46a-98e2-41b1-9f38-1870289993ea, size=4194304, type=RATIS, factor=THREE} | ret=SUCCESS |  
2019-08-22 07:03:30,946 | INFO  | OMAudit | user=jenkins1000 | ip=127.0.0.1 | op=ALLOCATE_BLOCK {volume=vol-0-14906, bucket=bucket-0-53153, key=key-0-33222, dataSize=0, replicationType=null, replicationFactor=null, keyLocationInfo=null, clientID=102659352017764754} | ret=SUCCESS |  
2019-08-22 07:03:30,955 | INFO  | DNAudit | user=null | ip=null | op=WRITE_CHUNK {blockData=conID: 1 locID: 102659352883560973 bcsId: 0} | ret=SUCCESS |  
2019-08-22 07:03:30,957 | INFO  | DNAudit | user=null | ip=null | op=WRITE_CHUNK {blockData=conID: 1 locID: 102659352883560973 bcsId: 0} | ret=SUCCESS |  
2019-08-22 07:03:30,959 | INFO  | DNAudit | user=null | ip=null | op=WRITE_CHUNK {blockData=conID: 1 locID: 102659352883560973 bcsId: 0} | ret=SUCCESS |  
2019-08-22 07:03:30,959 | INFO  | DNAudit | user=null | ip=null | op=WRITE_CHUNK {blockData=conID: 1 locID: 102659352883560973 bcsId: 0} | ret=SUCCESS |  
2019-08-22 07:03:30,960 | INFO  | DNAudit | user=null | ip=null | op=WRITE_CHUNK {blockData=conID: 1 locID: 102659352883560973 bcsId: 0} | ret=SUCCESS |  
2019-08-22 07:03:30,962 | INFO  | DNAudit | user=null | ip=null | op=WRITE_CHUNK {blockData=conID: 1 locID: 102659352883560973 bcsId: 0} | ret=SUCCESS |  
2019-08-22 07:03:30,970 | INFO  | DNAudit | user=null | ip=null | op=WRITE_CHUNK {blockData=conID: 1 locID: 102659352883560973 bcsId: 0} | ret=SUCCESS |  
2019-08-22 07:03:30,971 | INFO  | DNAudit | user=null | ip=null | op=PUT_BLOCK {blockData=[blockId=conID: 1 locID: 102659352883560973 bcsId: 0,size=1048576]} | ret=SUCCESS |  
2019-08-22 07:03:30,971 [grpc-default-executor-3] INFO  client.GrpcClientProtocolClient (GrpcClientProtocolClient.java:onNext(255)) - client-CF63D631FA17->3cf1264f-5f6b-4138-aeee-2ff7d4522ead: receive RaftClientReply:client-CF63D631FA17->3cf1264f-5f6b-4138-aeee-2ff7d4522ead@group-561E16522154, cid=1808, SUCCESS, logIndex=2629, commits[3cf1264f-5f6b-4138-aeee-2ff7d4522ead:c2631, 4f0d1a15-8f14-4d9a-ad4f-8211e1245b5d:c2628, 6999f20e-c3f7-4db4-87ca-141c476f2a88:c2628]
2019-08-22 07:03:30,972 | INFO  | DNAudit | user=null | ip=null | op=WRITE_CHUNK {blockData=conID: 1 locID: 102659352883560973 bcsId: 0} | ret=SUCCESS |  
2019-08-22 07:03:30,972 [grpc-default-executor-3] INFO  client.GrpcClientProtocolClient (GrpcClientProtocolClient.java:onNext(255)) - client-CF63D631FA17->3cf1264f-5f6b-4138-aeee-2ff7d4522ead: receive RaftClientReply:client-CF63D631FA17->3cf1264f-5f6b-4138-aeee-2ff7d4522ead@group-561E16522154, cid=1809, SUCCESS, logIndex=2630, commits[3cf1264f-5f6b-4138-aeee-2ff7d4522ead:c2632, 4f0d1a15-8f14-4d9a-ad4f-8211e1245b5d:c2628, 6999f20e-c3f7-4db4-87ca-141c476f2a88:c2628]
2019-08-22 07:03:30,972 | INFO  | DNAudit | user=null | ip=null | op=PUT_BLOCK {blockData=[blockId=conID: 1 locID: 102659352883560973 bcsId: 0,size=2097152]} | ret=SUCCESS |  
2019-08-22 07:03:30,972 [grpc-default-executor-3] INFO  client.GrpcClientProtocolClient (GrpcClientProtocolClient.java:onNext(255)) - client-CF63D631FA17->3cf1264f-5f6b-4138-aeee-2ff7d4522ead: receive RaftClientReply:client-CF63D631FA17->3cf1264f-5f6b-4138-aeee-2ff7d4522ead@group-561E16522154, cid=1810, SUCCESS, logIndex=2631, commits[3cf1264f-5f6b-4138-aeee-2ff7d4522ead:c2632, 4f0d1a15-8f14-4d9a-ad4f-8211e1245b5d:c2628, 6999f20e-c3f7-4db4-87ca-141c476f2a88:c2628]
2019-08-22 07:03:30,972 [grpc-default-executor-3] INFO  client.GrpcClientProtocolClient (GrpcClientProtocolClient.java:onNext(255)) - client-CF63D631FA17->3cf1264f-5f6b-4138-aeee-2ff7d4522ead: receive RaftClientReply:client-CF63D631FA17->3cf1264f-5f6b-4138-aeee-2ff7d4522ead@group-561E16522154, cid=1811, SUCCESS, logIndex=2632, commits[3cf1264f-5f6b-4138-aeee-2ff7d4522ead:c2632, 4f0d1a15-8f14-4d9a-ad4f-8211e1245b5d:c2628, 6999f20e-c3f7-4db4-87ca-141c476f2a88:c2628]
2019-08-22 07:03:30,984 | INFO  | DNAudit | user=null | ip=null | op=WRITE_CHUNK {blockData=conID: 1 locID: 102659352883560973 bcsId: 0} | ret=SUCCESS |  
2019-08-22 07:03:30,985 | INFO  | DNAudit | user=null | ip=null | op=WRITE_CHUNK {blockData=conID: 1 locID: 102659352883560973 bcsId: 0} | ret=SUCCESS |  
2019-08-22 07:03:30,985 | INFO  | DNAudit | user=null | ip=null | op=PUT_BLOCK {blockData=[blockId=conID: 1 locID: 102659352883560973 bcsId: 0,size=1048576]} | ret=SUCCESS |  
2019-08-22 07:03:30,985 | INFO  | DNAudit | user=null | ip=null | op=PUT_BLOCK {blockData=[blockId=conID: 1 locID: 102659352883560973 bcsId: 0,size=1048576]} | ret=SUCCESS |  
2019-08-22 07:03:30,986 [grpc-default-executor-3] INFO  client.GrpcClientProtocolClient (GrpcClientProtocolClient.java:onNext(255)) - client-CF63D631FA17->3cf1264f-5f6b-4138-aeee-2ff7d4522ead: receive RaftClientReply:client-CF63D631FA17->3cf1264f-5f6b-4138-aeee-2ff7d4522ead@group-561E16522154, cid=1812, SUCCESS, logIndex=0, commits[3cf1264f-5f6b-4138-aeee-2ff7d4522ead:c2633, 4f0d1a15-8f14-4d9a-ad4f-8211e1245b5d:c2630, 6999f20e-c3f7-4db4-87ca-141c476f2a88:c2630]
2019-08-22 07:03:30,995 | INFO  | DNAudit | user=null | ip=null | op=WRITE_CHUNK {blockData=conID: 1 locID: 102659352883560973 bcsId: 0} | ret=SUCCESS |  
2019-08-22 07:03:30,995 | INFO  | DNAudit | user=null | ip=null | op=WRITE_CHUNK {blockData=conID: 1 locID: 102659352883560973 bcsId: 0} | ret=SUCCESS |  
2019-08-22 07:03:30,995 | INFO  | DNAudit | user=null | ip=null | op=PUT_BLOCK {blockData=[blockId=conID: 1 locID: 102659352883560973 bcsId: 0,size=2097152]} | ret=SUCCESS |  
2019-08-22 07:03:30,996 | INFO  | DNAudit | user=null | ip=null | op=PUT_BLOCK {blockData=[blockId=conID: 1 locID: 102659352883560973 bcsId: 0,size=2097152]} | ret=SUCCESS |  
2019-08-22 07:03:30,997 | INFO  | DNAudit | user=null | ip=null | op=WRITE_CHUNK {blockData=conID: 1 locID: 102659352883560973 bcsId: 2632} | ret=SUCCESS |  
2019-08-22 07:03:31,003 | INFO  | DNAudit | user=null | ip=null | op=WRITE_CHUNK {blockData=conID: 1 locID: 102659352883560973 bcsId: 2632} | ret=SUCCESS |  
2019-08-22 07:03:31,003 | INFO  | DNAudit | user=null | ip=null | op=WRITE_CHUNK {blockData=conID: 1 locID: 102659352883560973 bcsId: 2632} | ret=SUCCESS |  
2019-08-22 07:03:31,010 | INFO  | DNAudit | user=null | ip=null | op=WRITE_CHUNK {blockData=conID: 1 locID: 102659352883560973 bcsId: 2632} | ret=SUCCESS |  
2019-08-22 07:03:31,010 | INFO  | DNAudit | user=null | ip=null | op=PUT_BLOCK {blockData=[blockId=conID: 1 locID: 102659352883560973 bcsId: 0,size=3145728]} | ret=SUCCESS |  
2019-08-22 07:03:31,010 [grpc-default-executor-3] INFO  client.GrpcClientProtocolClient (GrpcClientProtocolClient.java:onNext(255)) - client-CF63D631FA17->3cf1264f-5f6b-4138-aeee-2ff7d4522ead: receive RaftClientReply:client-CF63D631FA17->3cf1264f-5f6b-4138-aeee-2ff7d4522ead@group-561E16522154, cid=1813, SUCCESS, logIndex=2637, commits[3cf1264f-5f6b-4138-aeee-2ff7d4522ead:c2638, 4f0d1a15-8f14-4d9a-ad4f-8211e1245b5d:c2636, 6999f20e-c3f7-4db4-87ca-141c476f2a88:c2636]
2019-08-22 07:03:31,011 [grpc-default-executor-3] INFO  client.GrpcClientProtocolClient (GrpcClientProtocolClient.java:onNext(255)) - client-CF63D631FA17->3cf1264f-5f6b-4138-aeee-2ff7d4522ead: receive RaftClientReply:client-CF63D631FA17->3cf1264f-5f6b-4138-aeee-2ff7d4522ead@group-561E16522154, cid=1814, SUCCESS, logIndex=2638, commits[3cf1264f-5f6b-4138-aeee-2ff7d4522ead:c2638, 4f0d1a15-8f14-4d9a-ad4f-8211e1245b5d:c2636, 6999f20e-c3f7-4db4-87ca-141c476f2a88:c2636]
2019-08-22 07:03:31,018 | INFO  | DNAudit | user=null | ip=null | op=WRITE_CHUNK {blockData=conID: 1 locID: 102659352883560973 bcsId: 2638} | ret=SUCCESS |  
2019-08-22 07:03:31,020 | INFO  | DNAudit | user=null | ip=null | op=WRITE_CHUNK {blockData=conID: 1 locID: 102659352883560973 bcsId: 2638} | ret=SUCCESS |  
2019-08-22 07:03:31,021 | INFO  | DNAudit | user=null | ip=null | op=WRITE_CHUNK {blockData=conID: 1 locID: 102659352883560973 bcsId: 2638} | ret=SUCCESS |  
2019-08-22 07:03:31,023 | INFO  | DNAudit | user=null | ip=null | op=WRITE_CHUNK {blockData=conID: 1 locID: 102659352883560973 bcsId: 2632} | ret=SUCCESS |  
2019-08-22 07:03:31,023 | INFO  | DNAudit | user=null | ip=null | op=WRITE_CHUNK {blockData=conID: 1 locID: 102659352883560973 bcsId: 2632} | ret=SUCCESS |  
2019-08-22 07:03:31,026 | INFO  | DNAudit | user=null | ip=null | op=PUT_BLOCK {blockData=[blockId=conID: 1 locID: 102659352883560973 bcsId: 0,size=3145728]} | ret=SUCCESS |  
2019-08-22 07:03:31,027 | INFO  | DNAudit | user=null | ip=null | op=PUT_BLOCK {blockData=[blockId=conID: 1 locID: 102659352883560973 bcsId: 0,size=3145728]} | ret=SUCCESS |  
2019-08-22 07:03:31,027 | INFO  | DNAudit | user=null | ip=null | op=WRITE_CHUNK {blockData=conID: 1 locID: 102659352883560973 bcsId: 2638} | ret=SUCCESS |  
2019-08-22 07:03:31,028 | INFO  | DNAudit | user=null | ip=null | op=PUT_BLOCK {blockData=[blockId=conID: 1 locID: 102659352883560973 bcsId: 0,size=4194304]} | ret=SUCCESS |  
2019-08-22 07:03:31,028 [grpc-default-executor-3] INFO  client.GrpcClientProtocolClient (GrpcClientProtocolClient.java:onNext(255)) - client-CF63D631FA17->3cf1264f-5f6b-4138-aeee-2ff7d4522ead: receive RaftClientReply:client-CF63D631FA17->3cf1264f-5f6b-4138-aeee-2ff7d4522ead@group-561E16522154, cid=1815, SUCCESS, logIndex=2641, commits[3cf1264f-5f6b-4138-aeee-2ff7d4522ead:c2641, 4f0d1a15-8f14-4d9a-ad4f-8211e1245b5d:c2638, 6999f20e-c3f7-4db4-87ca-141c476f2a88:c2638]
2019-08-22 07:03:31,028 [grpc-default-executor-3] INFO  client.GrpcClientProtocolClient (GrpcClientProtocolClient.java:onNext(255)) - client-CF63D631FA17->3cf1264f-5f6b-4138-aeee-2ff7d4522ead: receive RaftClientReply:client-CF63D631FA17->3cf1264f-5f6b-4138-aeee-2ff7d4522ead@group-561E16522154, cid=1816, SUCCESS, logIndex=2642, commits[3cf1264f-5f6b-4138-aeee-2ff7d4522ead:c2642, 4f0d1a15-8f14-4d9a-ad4f-8211e1245b5d:c2638, 6999f20e-c3f7-4db4-87ca-141c476f2a88:c2638]
2019-08-22 07:03:31,031 | INFO  | DNAudit | user=null | ip=null | op=WRITE_CHUNK {blockData=conID: 1 locID: 102659352883560973 bcsId: 2638} | ret=SUCCESS |  
2019-08-22 07:03:31,031 | INFO  | DNAudit | user=null | ip=null | op=WRITE_CHUNK {blockData=conID: 1 locID: 102659352883560973 bcsId: 2638} | ret=SUCCESS |  
2019-08-22 07:03:31,034 | INFO  | DNAudit | user=null | ip=null | op=PUT_BLOCK {blockData=[blockId=conID: 1 locID: 102659352883560973 bcsId: 0,size=4194304]} | ret=SUCCESS |  
2019-08-22 07:03:31,034 | INFO  | DNAudit | user=null | ip=null | op=PUT_BLOCK {blockData=[blockId=conID: 1 locID: 102659352883560973 bcsId: 0,size=4194304]} | ret=SUCCESS |  
2019-08-22 07:03:31,035 [grpc-default-executor-3] INFO  client.GrpcClientProtocolClient (GrpcClientProtocolClient.java:onNext(255)) - client-CF63D631FA17->3cf1264f-5f6b-4138-aeee-2ff7d4522ead: receive RaftClientReply:client-CF63D631FA17->3cf1264f-5f6b-4138-aeee-2ff7d4522ead@group-561E16522154, cid=1817, SUCCESS, logIndex=0, commits[3cf1264f-5f6b-4138-aeee-2ff7d4522ead:c2644, 4f0d1a15-8f14-4d9a-ad4f-8211e1245b5d:c2642, 6999f20e-c3f7-4db4-87ca-141c476f2a88:c2642]
2019-08-22 07:03:31,040 | INFO  | SCMAudit | user=jenkins1000 | ip=192.168.34.31 | op=ALLOCATE_BLOCK {owner=04b6d46a-98e2-41b1-9f38-1870289993ea, size=4194304, type=RATIS, factor=THREE} | ret=SUCCESS |  
2019-08-22 07:03:31,043 | INFO  | OMAudit | user=jenkins1000 | ip=127.0.0.1 | op=ALLOCATE_BLOCK {volume=vol-0-14906, bucket=bucket-0-53153, key=key-0-33222, dataSize=0, replicationType=null, replicationFactor=null, keyLocationInfo=null, clientID=102659352017764754} | ret=SUCCESS |  
2019-08-22 07:03:31,050 | INFO  | DNAudit | user=null | ip=null | op=WRITE_CHUNK {blockData=conID: 2 locID: 102659352889917966 bcsId: 0} | ret=SUCCESS |  
2019-08-22 07:03:31,053 | INFO  | DNAudit | user=null | ip=null | op=WRITE_CHUNK {blockData=conID: 2 locID: 102659352889917966 bcsId: 0} | ret=SUCCESS |  
2019-08-22 07:03:31,053 | INFO  | DNAudit | user=null | ip=null | op=WRITE_CHUNK {blockData=conID: 2 locID: 102659352889917966 bcsId: 0} | ret=SUCCESS |  
2019-08-22 07:03:31,054 | INFO  | DNAudit | user=null | ip=null | op=WRITE_CHUNK {blockData=conID: 2 locID: 102659352889917966 bcsId: 0} | ret=SUCCESS |  
2019-08-22 07:03:31,056 | INFO  | DNAudit | user=null | ip=null | op=WRITE_CHUNK {blockData=conID: 2 locID: 102659352889917966 bcsId: 0} | ret=SUCCESS |  
2019-08-22 07:03:31,056 | INFO  | DNAudit | user=null | ip=null | op=WRITE_CHUNK {blockData=conID: 2 locID: 102659352889917966 bcsId: 0} | ret=SUCCESS |  
2019-08-22 07:03:31,073 | INFO  | DNAudit | user=null | ip=null | op=WRITE_CHUNK {blockData=conID: 2 locID: 102659352889917966 bcsId: 0} | ret=SUCCESS |  
2019-08-22 07:03:31,074 | INFO  | DNAudit | user=null | ip=null | op=PUT_BLOCK {blockData=[blockId=conID: 2 locID: 102659352889917966 bcsId: 0,size=1048576]} | ret=SUCCESS |  
2019-08-22 07:03:31,074 | INFO  | DNAudit | user=null | ip=null | op=WRITE_CHUNK {blockData=conID: 2 locID: 102659352889917966 bcsId: 0} | ret=SUCCESS |  
2019-08-22 07:03:31,074 [grpc-default-executor-0] INFO  client.GrpcClientProtocolClient (GrpcClientProtocolClient.java:onNext(255)) - client-CF63D631FA17->3cf1264f-5f6b-4138-aeee-2ff7d4522ead: receive RaftClientReply:client-CF63D631FA17->3cf1264f-5f6b-4138-aeee-2ff7d4522ead@group-561E16522154, cid=1818, SUCCESS, logIndex=2645, commits[3cf1264f-5f6b-4138-aeee-2ff7d4522ead:c2647, 4f0d1a15-8f14-4d9a-ad4f-8211e1245b5d:c2644, 6999f20e-c3f7-4db4-87ca-141c476f2a88:c2644]
2019-08-22 07:03:31,075 | INFO  | DNAudit | user=null | ip=null | op=WRITE_CHUNK {blockData=conID: 2 locID: 102659352889917966 bcsId: 0} | ret=SUCCESS |  
2019-08-22 07:03:31,075 | INFO  | DNAudit | user=null | ip=null | op=WRITE_CHUNK {blockData=conID: 2 locID: 102659352889917966 bcsId: 0} | ret=SUCCESS |  
2019-08-22 07:03:31,075 | INFO  | DNAudit | user=null | ip=null | op=PUT_BLOCK {blockData=[blockId=conID: 2 locID: 102659352889917966 bcsId: 0,size=2097152]} | ret=SUCCESS |  
2019-08-22 07:03:31,075 | INFO  | DNAudit | user=null | ip=null | op=PUT_BLOCK {blockData=[blockId=conID: 2 locID: 102659352889917966 bcsId: 0,size=1048576]} | ret=SUCCESS |  
2019-08-22 07:03:31,075 [grpc-default-executor-0] INFO  client.GrpcClientProtocolClient (GrpcClientProtocolClient.java:onNext(255)) - client-CF63D631FA17->3cf1264f-5f6b-4138-aeee-2ff7d4522ead: receive RaftClientReply:client-CF63D631FA17->3cf1264f-5f6b-4138-aeee-2ff7d4522ead@group-561E16522154, cid=1819, SUCCESS, logIndex=2646, commits[3cf1264f-5f6b-4138-aeee-2ff7d4522ead:c2648, 4f0d1a15-8f14-4d9a-ad4f-8211e1245b5d:c2644, 6999f20e-c3f7-4db4-87ca-141c476f2a88:c2644]
2019-08-22 07:03:31,075 | INFO  | DNAudit | user=null | ip=null | op=WRITE_CHUNK {blockData=conID: 2 locID: 102659352889917966 bcsId: 0} | ret=SUCCESS |  
2019-08-22 07:03:31,076 [grpc-default-executor-0] INFO  client.GrpcClientProtocolClient (GrpcClientProtocolClient.java:onNext(255)) - client-CF63D631FA17->3cf1264f-5f6b-4138-aeee-2ff7d4522ead: receive RaftClientReply:client-CF63D631FA17->3cf1264f-5f6b-4138-aeee-2ff7d4522ead@group-561E16522154, cid=1820, SUCCESS, logIndex=2647, commits[3cf1264f-5f6b-4138-aeee-2ff7d4522ead:c2648, 4f0d1a15-8f14-4d9a-ad4f-8211e1245b5d:c2644, 6999f20e-c3f7-4db4-87ca-141c476f2a88:c2644]
2019-08-22 07:03:31,076 [grpc-default-executor-0] INFO  client.GrpcClientProtocolClient (GrpcClientProtocolClient.java:onNext(255)) - client-CF63D631FA17->3cf1264f-5f6b-4138-aeee-2ff7d4522ead: receive RaftClientReply:client-CF63D631FA17->3cf1264f-5f6b-4138-aeee-2ff7d4522ead@group-561E16522154, cid=1821, SUCCESS, logIndex=2648, commits[3cf1264f-5f6b-4138-aeee-2ff7d4522ead:c2650, 4f0d1a15-8f14-4d9a-ad4f-8211e1245b5d:c2645, 6999f20e-c3f7-4db4-87ca-141c476f2a88:c2646]
2019-08-22 07:03:31,076 | INFO  | DNAudit | user=null | ip=null | op=PUT_BLOCK {blockData=[blockId=conID: 2 locID: 102659352889917966 bcsId: 0,size=1048576]} | ret=SUCCESS |  
2019-08-22 07:03:31,076 | INFO  | DNAudit | user=null | ip=null | op=WRITE_CHUNK {blockData=conID: 2 locID: 102659352889917966 bcsId: 0} | ret=SUCCESS |  
2019-08-22 07:03:31,077 | INFO  | DNAudit | user=null | ip=null | op=PUT_BLOCK {blockData=[blockId=conID: 2 locID: 102659352889917966 bcsId: 0,size=2097152]} | ret=SUCCESS |  
2019-08-22 07:03:31,077 | INFO  | DNAudit | user=null | ip=null | op=PUT_BLOCK {blockData=[blockId=conID: 2 locID: 102659352889917966 bcsId: 0,size=2097152]} | ret=SUCCESS |  
2019-08-22 07:03:31,077 [grpc-default-executor-1] INFO  client.GrpcClientProtocolClient (GrpcClientProtocolClient.java:onNext(255)) - client-CF63D631FA17->3cf1264f-5f6b-4138-aeee-2ff7d4522ead: receive RaftClientReply:client-CF63D631FA17->3cf1264f-5f6b-4138-aeee-2ff7d4522ead@group-561E16522154, cid=1822, SUCCESS, logIndex=0, commits[3cf1264f-5f6b-4138-aeee-2ff7d4522ead:c2651, 4f0d1a15-8f14-4d9a-ad4f-8211e1245b5d:c2648, 6999f20e-c3f7-4db4-87ca-141c476f2a88:c2647]
2019-08-22 07:03:31,084 | INFO  | DNAudit | user=null | ip=null | op=WRITE_CHUNK {blockData=conID: 2 locID: 102659352889917966 bcsId: 2648} | ret=SUCCESS |  
2019-08-22 07:03:31,088 | INFO  | DNAudit | user=null | ip=null | op=WRITE_CHUNK {blockData=conID: 2 locID: 102659352889917966 bcsId: 2648} | ret=SUCCESS |  
2019-08-22 07:03:31,089 | INFO  | DNAudit | user=null | ip=null | op=WRITE_CHUNK {blockData=conID: 2 locID: 102659352889917966 bcsId: 2648} | ret=SUCCESS |  
2019-08-22 07:03:31,097 | INFO  | DNAudit | user=null | ip=null | op=WRITE_CHUNK {blockData=conID: 2 locID: 102659352889917966 bcsId: 2648} | ret=SUCCESS |  
2019-08-22 07:03:31,098 | INFO  | DNAudit | user=null | ip=null | op=PUT_BLOCK {blockData=[blockId=conID: 2 locID: 102659352889917966 bcsId: 0,size=3145728]} | ret=SUCCESS |  
2019-08-22 07:03:31,098 [grpc-default-executor-0] INFO  client.GrpcClientProtocolClient (GrpcClientProtocolClient.java:onNext(255)) - client-CF63D631FA17->3cf1264f-5f6b-4138-aeee-2ff7d4522ead: receive RaftClientReply:client-CF63D631FA17->3cf1264f-5f6b-4138-aeee-2ff7d4522ead@group-561E16522154, cid=1823, SUCCESS, logIndex=2653, commits[3cf1264f-5f6b-4138-aeee-2ff7d4522ead:c2654, 4f0d1a15-8f14-4d9a-ad4f-8211e1245b5d:c2652, 6999f20e-c3f7-4db4-87ca-141c476f2a88:c2652]
2019-08-22 07:03:31,099 [grpc-default-executor-0] INFO  client.GrpcClientProtocolClient (GrpcClientProtocolClient.java:onNext(255)) - client-CF63D631FA17->3cf1264f-5f6b-4138-aeee-2ff7d4522ead: receive RaftClientReply:client-CF63D631FA17->3cf1264f-5f6b-4138-aeee-2ff7d4522ead@group-561E16522154, cid=1824, SUCCESS, logIndex=2654, commits[3cf1264f-5f6b-4138-aeee-2ff7d4522ead:c2654, 4f0d1a15-8f14-4d9a-ad4f-8211e1245b5d:c2652, 6999f20e-c3f7-4db4-87ca-141c476f2a88:c2652]
2019-08-22 07:03:31,106 | INFO  | DNAudit | user=null | ip=null | op=WRITE_CHUNK {blockData=conID: 2 locID: 102659352889917966 bcsId: 2654} | ret=SUCCESS |  
2019-08-22 07:03:31,108 | INFO  | DNAudit | user=null | ip=null | op=WRITE_CHUNK {blockData=conID: 2 locID: 102659352889917966 bcsId: 2654} | ret=SUCCESS |  
2019-08-22 07:03:31,109 | INFO  | DNAudit | user=null | ip=null | op=WRITE_CHUNK {blockData=conID: 2 locID: 102659352889917966 bcsId: 2654} | ret=SUCCESS |  
2019-08-22 07:03:31,110 | INFO  | DNAudit | user=null | ip=null | op=WRITE_CHUNK {blockData=conID: 2 locID: 102659352889917966 bcsId: 2648} | ret=SUCCESS |  
2019-08-22 07:03:31,110 | INFO  | DNAudit | user=null | ip=null | op=WRITE_CHUNK {blockData=conID: 2 locID: 102659352889917966 bcsId: 2648} | ret=SUCCESS |  
2019-08-22 07:03:31,122 | INFO  | DNAudit | user=null | ip=null | op=PUT_BLOCK {blockData=[blockId=conID: 2 locID: 102659352889917966 bcsId: 0,size=3145728]} | ret=SUCCESS |  
2019-08-22 07:03:31,122 | INFO  | DNAudit | user=null | ip=null | op=PUT_BLOCK {blockData=[blockId=conID: 2 locID: 102659352889917966 bcsId: 0,size=3145728]} | ret=SUCCESS |  
2019-08-22 07:03:31,122 | INFO  | DNAudit | user=null | ip=null | op=WRITE_CHUNK {blockData=conID: 2 locID: 102659352889917966 bcsId: 2654} | ret=SUCCESS |  
2019-08-22 07:03:31,123 | INFO  | DNAudit | user=null | ip=null | op=PUT_BLOCK {blockData=[blockId=conID: 2 locID: 102659352889917966 bcsId: 0,size=4194304]} | ret=SUCCESS |  
2019-08-22 07:03:31,123 [grpc-default-executor-3] INFO  client.GrpcClientProtocolClient (GrpcClientProtocolClient.java:onNext(255)) - client-CF63D631FA17->3cf1264f-5f6b-4138-aeee-2ff7d4522ead: receive RaftClientReply:client-CF63D631FA17->3cf1264f-5f6b-4138-aeee-2ff7d4522ead@group-561E16522154, cid=1825, SUCCESS, logIndex=2657, commits[3cf1264f-5f6b-4138-aeee-2ff7d4522ead:c2658, 4f0d1a15-8f14-4d9a-ad4f-8211e1245b5d:c2654, 6999f20e-c3f7-4db4-87ca-141c476f2a88:c2654]
2019-08-22 07:03:31,123 [grpc-default-executor-3] INFO  client.GrpcClientProtocolClient (GrpcClientProtocolClient.java:onNext(255)) - client-CF63D631FA17->3cf1264f-5f6b-4138-aeee-2ff7d4522ead: receive RaftClientReply:client-CF63D631FA17->3cf1264f-5f6b-4138-aeee-2ff7d4522ead@group-561E16522154, cid=1826, SUCCESS, logIndex=2658, commits[3cf1264f-5f6b-4138-aeee-2ff7d4522ead:c2658, 4f0d1a15-8f14-4d9a-ad4f-8211e1245b5d:c2654, 6999f20e-c3f7-4db4-87ca-141c476f2a88:c2654]
2019-08-22 07:03:31,133 | INFO  | DNAudit | user=null | ip=null | op=WRITE_CHUNK {blockData=conID: 2 locID: 102659352889917966 bcsId: 2654} | ret=SUCCESS |  
2019-08-22 07:03:31,133 | INFO  | DNAudit | user=null | ip=null | op=WRITE_CHUNK {blockData=conID: 2 locID: 102659352889917966 bcsId: 2654} | ret=SUCCESS |  
2019-08-22 07:03:31,134 | INFO  | DNAudit | user=null | ip=null | op=PUT_BLOCK {blockData=[blockId=conID: 2 locID: 102659352889917966 bcsId: 0,size=4194304]} | ret=SUCCESS |  
2019-08-22 07:03:31,135 | INFO  | DNAudit | user=null | ip=null | op=PUT_BLOCK {blockData=[blockId=conID: 2 locID: 102659352889917966 bcsId: 0,size=4194304]} | ret=SUCCESS |  
2019-08-22 07:03:31,135 [grpc-default-executor-3] INFO  client.GrpcClientProtocolClient (GrpcClientProtocolClient.java:onNext(255)) - client-CF63D631FA17->3cf1264f-5f6b-4138-aeee-2ff7d4522ead: receive RaftClientReply:client-CF63D631FA17->3cf1264f-5f6b-4138-aeee-2ff7d4522ead@group-561E16522154, cid=1827, SUCCESS, logIndex=0, commits[3cf1264f-5f6b-4138-aeee-2ff7d4522ead:c2660, 4f0d1a15-8f14-4d9a-ad4f-8211e1245b5d:c2658, 6999f20e-c3f7-4db4-87ca-141c476f2a88:c2658]
2019-08-22 07:03:31,139 | INFO  | SCMAudit | user=jenkins1000 | ip=192.168.34.31 | op=ALLOCATE_BLOCK {owner=04b6d46a-98e2-41b1-9f38-1870289993ea, size=4194304, type=RATIS, factor=THREE} | ret=SUCCESS |  
2019-08-22 07:03:31,141 | INFO  | OMAudit | user=jenkins1000 | ip=127.0.0.1 | op=ALLOCATE_BLOCK {volume=vol-0-14906, bucket=bucket-0-53153, key=key-0-33222, dataSize=0, replicationType=null, replicationFactor=null, keyLocationInfo=null, clientID=102659352017764754} | ret=SUCCESS |  
2019-08-22 07:03:31,282 | INFO  | DNAudit | user=null | ip=null | op=WRITE_CHUNK {blockData=conID: 3 locID: 102659352896406031 bcsId: 0} | ret=SUCCESS |  
2019-08-22 07:03:31,285 | INFO  | DNAudit | user=null | ip=null | op=WRITE_CHUNK {blockData=conID: 3 locID: 102659352896406031 bcsId: 0} | ret=SUCCESS |  
2019-08-22 07:03:31,287 | INFO  | DNAudit | user=null | ip=null | op=WRITE_CHUNK {blockData=conID: 3 locID: 102659352896406031 bcsId: 0} | ret=SUCCESS |  
2019-08-22 07:03:31,287 | INFO  | DNAudit | user=null | ip=null | op=WRITE_CHUNK {blockData=conID: 3 locID: 102659352896406031 bcsId: 0} | ret=SUCCESS |  
2019-08-22 07:03:31,290 | INFO  | DNAudit | user=null | ip=null | op=WRITE_CHUNK {blockData=conID: 3 locID: 102659352896406031 bcsId: 0} | ret=SUCCESS |  
2019-08-22 07:03:31,290 | INFO  | DNAudit | user=null | ip=null | op=WRITE_CHUNK {blockData=conID: 3 locID: 102659352896406031 bcsId: 0} | ret=SUCCESS |  
2019-08-22 07:03:31,297 | INFO  | DNAudit | user=null | ip=null | op=WRITE_CHUNK {blockData=conID: 3 locID: 102659352896406031 bcsId: 0} | ret=SUCCESS |  
2019-08-22 07:03:31,297 | INFO  | DNAudit | user=null | ip=null | op=PUT_BLOCK {blockData=[blockId=conID: 3 locID: 102659352896406031 bcsId: 0,size=1048576]} | ret=SUCCESS |  
2019-08-22 07:03:31,298 [grpc-default-executor-1] INFO  client.GrpcClientProtocolClient (GrpcClientProtocolClient.java:onNext(255)) - client-CF63D631FA17->3cf1264f-5f6b-4138-aeee-2ff7d4522ead: receive RaftClientReply:client-CF63D631FA17->3cf1264f-5f6b-4138-aeee-2ff7d4522ead@group-561E16522154, cid=1828, SUCCESS, logIndex=2661, commits[3cf1264f-5f6b-4138-aeee-2ff7d4522ead:c2662, 4f0d1a15-8f14-4d9a-ad4f-8211e1245b5d:c2660, 6999f20e-c3f7-4db4-87ca-141c476f2a88:c2660]
2019-08-22 07:03:31,298 [grpc-default-executor-1] INFO  client.GrpcClientProtocolClient (GrpcClientProtocolClient.java:onNext(255)) - client-CF63D631FA17->3cf1264f-5f6b-4138-aeee-2ff7d4522ead: receive RaftClientReply:client-CF63D631FA17->3cf1264f-5f6b-4138-aeee-2ff7d4522ead@group-561E16522154, cid=1829, SUCCESS, logIndex=2662, commits[3cf1264f-5f6b-4138-aeee-2ff7d4522ead:c2662, 4f0d1a15-8f14-4d9a-ad4f-8211e1245b5d:c2660, 6999f20e-c3f7-4db4-87ca-141c476f2a88:c2660]
2019-08-22 07:03:31,308 | INFO  | DNAudit | user=null | ip=null | op=WRITE_CHUNK {blockData=conID: 3 locID: 102659352896406031 bcsId: 0} | ret=SUCCESS |  
2019-08-22 07:03:31,309 | INFO  | DNAudit | user=null | ip=null | op=PUT_BLOCK {blockData=[blockId=conID: 3 locID: 102659352896406031 bcsId: 0,size=2097152]} | ret=SUCCESS |  
2019-08-22 07:03:31,309 [grpc-default-executor-0] INFO  client.GrpcClientProtocolClient (GrpcClientProtocolClient.java:onNext(255)) - client-CF63D631FA17->3cf1264f-5f6b-4138-aeee-2ff7d4522ead: receive RaftClientReply:client-CF63D631FA17->3cf1264f-5f6b-4138-aeee-2ff7d4522ead@group-561E16522154, cid=1830, SUCCESS, logIndex=2663, commits[3cf1264f-5f6b-4138-aeee-2ff7d4522ead:c2664, 4f0d1a15-8f14-4d9a-ad4f-8211e1245b5d:c2660, 6999f20e-c3f7-4db4-87ca-141c476f2a88:c2660]
2019-08-22 07:03:31,309 [grpc-default-executor-0] INFO  client.GrpcClientProtocolClient (GrpcClientProtocolClient.java:onNext(255)) - client-CF63D631FA17->3cf1264f-5f6b-4138-aeee-2ff7d4522ead: receive RaftClientReply:client-CF63D631FA17->3cf1264f-5f6b-4138-aeee-2ff7d4522ead@group-561E16522154, cid=1831, SUCCESS, logIndex=2664, commits[3cf1264f-5f6b-4138-aeee-2ff7d4522ead:c2664, 4f0d1a15-8f14-4d9a-ad4f-8211e1245b5d:c2660, 6999f20e-c3f7-4db4-87ca-141c476f2a88:c2660]
2019-08-22 07:03:31,311 | INFO  | DNAudit | user=null | ip=null | op=WRITE_CHUNK {blockData=conID: 3 locID: 102659352896406031 bcsId: 0} | ret=SUCCESS |  
2019-08-22 07:03:31,311 | INFO  | DNAudit | user=null | ip=null | op=WRITE_CHUNK {blockData=conID: 3 locID: 102659352896406031 bcsId: 0} | ret=SUCCESS |  
2019-08-22 07:03:31,314 | INFO  | DNAudit | user=null | ip=null | op=PUT_BLOCK {blockData=[blockId=conID: 3 locID: 102659352896406031 bcsId: 0,size=1048576]} | ret=SUCCESS |  
2019-08-22 07:03:31,314 | INFO  | DNAudit | user=null | ip=null | op=PUT_BLOCK {blockData=[blockId=conID: 3 locID: 102659352896406031 bcsId: 0,size=1048576]} | ret=SUCCESS |  
2019-08-22 07:03:31,315 [grpc-default-executor-0] INFO  client.GrpcClientProtocolClient (GrpcClientProtocolClient.java:onNext(255)) - client-CF63D631FA17->3cf1264f-5f6b-4138-aeee-2ff7d4522ead: receive RaftClientReply:client-CF63D631FA17->3cf1264f-5f6b-4138-aeee-2ff7d4522ead@group-561E16522154, cid=1832, SUCCESS, logIndex=0, commits[3cf1264f-5f6b-4138-aeee-2ff7d4522ead:c2666, 4f0d1a15-8f14-4d9a-ad4f-8211e1245b5d:c2662, 6999f20e-c3f7-4db4-87ca-141c476f2a88:c2662]
2019-08-22 07:03:31,324 | INFO  | DNAudit | user=null | ip=null | op=WRITE_CHUNK {blockData=conID: 3 locID: 102659352896406031 bcsId: 0} | ret=SUCCESS |  
2019-08-22 07:03:31,324 | INFO  | DNAudit | user=null | ip=null | op=WRITE_CHUNK {blockData=conID: 3 locID: 102659352896406031 bcsId: 0} | ret=SUCCESS |  
2019-08-22 07:03:31,324 | INFO  | DNAudit | user=null | ip=null | op=PUT_BLOCK {blockData=[blockId=conID: 3 locID: 102659352896406031 bcsId: 0,size=2097152]} | ret=SUCCESS |  
2019-08-22 07:03:31,324 | INFO  | DNAudit | user=null | ip=null | op=PUT_BLOCK {blockData=[blockId=conID: 3 locID: 102659352896406031 bcsId: 0,size=2097152]} | ret=SUCCESS |  
2019-08-22 07:03:31,325 | INFO  | DNAudit | user=null | ip=null | op=WRITE_CHUNK {blockData=conID: 3 locID: 102659352896406031 bcsId: 2664} | ret=SUCCESS |  
2019-08-22 07:03:31,330 | INFO  | DNAudit | user=null | ip=null | op=WRITE_CHUNK {blockData=conID: 3 locID: 102659352896406031 bcsId: 2664} | ret=SUCCESS |  
2019-08-22 07:03:31,330 | INFO  | DNAudit | user=null | ip=null | op=WRITE_CHUNK {blockData=conID: 3 locID: 102659352896406031 bcsId: 2664} | ret=SUCCESS |  
2019-08-22 07:03:31,347 | INFO  | DNAudit | user=null | ip=null | op=WRITE_CHUNK {blockData=conID: 3 locID: 102659352896406031 bcsId: 2664} | ret=SUCCESS |  
2019-08-22 07:03:31,348 | INFO  | DNAudit | user=null | ip=null | op=PUT_BLOCK {blockData=[blockId=conID: 3 locID: 102659352896406031 bcsId: 0,size=3145728]} | ret=SUCCESS |  
2019-08-22 07:03:31,348 [grpc-default-executor-0] INFO  client.GrpcClientProtocolClient (GrpcClientProtocolClient.java:onNext(255)) - client-CF63D631FA17->3cf1264f-5f6b-4138-aeee-2ff7d4522ead: receive RaftClientReply:client-CF63D631FA17->3cf1264f-5f6b-4138-aeee-2ff7d4522ead@group-561E16522154, cid=1833, SUCCESS, logIndex=2669, commits[3cf1264f-5f6b-4138-aeee-2ff7d4522ead:c2670, 4f0d1a15-8f14-4d9a-ad4f-8211e1245b5d:c2666, 6999f20e-c3f7-4db4-87ca-141c476f2a88:c2666]
2019-08-22 07:03:31,348 [grpc-default-executor-0] INFO  client.GrpcClientProtocolClient (GrpcClientProtocolClient.java:onNext(255)) - client-CF63D631FA17->3cf1264f-5f6b-4138-aeee-2ff7d4522ead: receive RaftClientReply:client-CF63D631FA17->3cf1264f-5f6b-4138-aeee-2ff7d4522ead@group-561E16522154, cid=1834, SUCCESS, logIndex=2670, commits[3cf1264f-5f6b-4138-aeee-2ff7d4522ead:c2670, 4f0d1a15-8f14-4d9a-ad4f-8211e1245b5d:c2666, 6999f20e-c3f7-4db4-87ca-141c476f2a88:c2666]
2019-08-22 07:03:31,357 | INFO  | DNAudit | user=null | ip=null | op=WRITE_CHUNK {blockData=conID: 3 locID: 102659352896406031 bcsId: 2670} | ret=SUCCESS |  
2019-08-22 07:03:31,360 | INFO  | DNAudit | user=null | ip=null | op=WRITE_CHUNK {blockData=conID: 3 locID: 102659352896406031 bcsId: 2670} | ret=SUCCESS |  
2019-08-22 07:03:31,360 | INFO  | DNAudit | user=null | ip=null | op=WRITE_CHUNK {blockData=conID: 3 locID: 102659352896406031 bcsId: 2670} | ret=SUCCESS |  
2019-08-22 07:03:31,366 | INFO  | DNAudit | user=null | ip=null | op=WRITE_CHUNK {blockData=conID: 3 locID: 102659352896406031 bcsId: 2664} | ret=SUCCESS |  
2019-08-22 07:03:31,366 | INFO  | DNAudit | user=null | ip=null | op=WRITE_CHUNK {blockData=conID: 3 locID: 102659352896406031 bcsId: 2664} | ret=SUCCESS |  
2019-08-22 07:03:31,366 | INFO  | DNAudit | user=null | ip=null | op=WRITE_CHUNK {blockData=conID: 3 locID: 102659352896406031 bcsId: 2670} | ret=SUCCESS |  
2019-08-22 07:03:31,366 | INFO  | DNAudit | user=null | ip=null | op=PUT_BLOCK {blockData=[blockId=conID: 3 locID: 102659352896406031 bcsId: 0,size=3145728]} | ret=SUCCESS |  
2019-08-22 07:03:31,367 | INFO  | DNAudit | user=null | ip=null | op=PUT_BLOCK {blockData=[blockId=conID: 3 locID: 102659352896406031 bcsId: 0,size=3145728]} | ret=SUCCESS |  
2019-08-22 07:03:31,367 | INFO  | DNAudit | user=null | ip=null | op=PUT_BLOCK {blockData=[blockId=conID: 3 locID: 102659352896406031 bcsId: 0,size=4194304]} | ret=SUCCESS |  
2019-08-22 07:03:31,367 [grpc-default-executor-0] INFO  client.GrpcClientProtocolClient (GrpcClientProtocolClient.java:onNext(255)) - client-CF63D631FA17->3cf1264f-5f6b-4138-aeee-2ff7d4522ead: receive RaftClientReply:client-CF63D631FA17->3cf1264f-5f6b-4138-aeee-2ff7d4522ead@group-561E16522154, cid=1835, SUCCESS, logIndex=2673, commits[3cf1264f-5f6b-4138-aeee-2ff7d4522ead:c2674, 4f0d1a15-8f14-4d9a-ad4f-8211e1245b5d:c2670, 6999f20e-c3f7-4db4-87ca-141c476f2a88:c2670]
2019-08-22 07:03:31,368 [grpc-default-executor-0] INFO  client.GrpcClientProtocolClient (GrpcClientProtocolClient.java:onNext(255)) - client-CF63D631FA17->3cf1264f-5f6b-4138-aeee-2ff7d4522ead: receive RaftClientReply:client-CF63D631FA17->3cf1264f-5f6b-4138-aeee-2ff7d4522ead@group-561E16522154, cid=1836, SUCCESS, logIndex=2674, commits[3cf1264f-5f6b-4138-aeee-2ff7d4522ead:c2674, 4f0d1a15-8f14-4d9a-ad4f-8211e1245b5d:c2670, 6999f20e-c3f7-4db4-87ca-141c476f2a88:c2670]
2019-08-22 07:03:31,390 | INFO  | DNAudit | user=null | ip=null | op=WRITE_CHUNK {blockData=conID: 3 locID: 102659352896406031 bcsId: 2670} | ret=SUCCESS |  
2019-08-22 07:03:31,390 | INFO  | DNAudit | user=null | ip=null | op=WRITE_CHUNK {blockData=conID: 3 locID: 102659352896406031 bcsId: 2670} | ret=SUCCESS |  
2019-08-22 07:03:31,392 | INFO  | DNAudit | user=null | ip=null | op=PUT_BLOCK {blockData=[blockId=conID: 3 locID: 102659352896406031 bcsId: 0,size=4194304]} | ret=SUCCESS |  
2019-08-22 07:03:31,392 | INFO  | DNAudit | user=null | ip=null | op=PUT_BLOCK {blockData=[blockId=conID: 3 locID: 102659352896406031 bcsId: 0,size=4194304]} | ret=SUCCESS |  
2019-08-22 07:03:31,393 [grpc-default-executor-3] INFO  client.GrpcClientProtocolClient (GrpcClientProtocolClient.java:onNext(255)) - client-CF63D631FA17->3cf1264f-5f6b-4138-aeee-2ff7d4522ead: receive RaftClientReply:client-CF63D631FA17->3cf1264f-5f6b-4138-aeee-2ff7d4522ead@group-561E16522154, cid=1837, SUCCESS, logIndex=0, commits[3cf1264f-5f6b-4138-aeee-2ff7d4522ead:c2676, 4f0d1a15-8f14-4d9a-ad4f-8211e1245b5d:c2674, 6999f20e-c3f7-4db4-87ca-141c476f2a88:c2674]
2019-08-22 07:03:31,400 | INFO  | SCMAudit | user=jenkins1000 | ip=192.168.34.31 | op=ALLOCATE_BLOCK {owner=04b6d46a-98e2-41b1-9f38-1870289993ea, size=4194304, type=RATIS, factor=THREE} | ret=SUCCESS |  
2019-08-22 07:03:31,404 | INFO  | OMAudit | user=jenkins1000 | ip=127.0.0.1 | op=ALLOCATE_BLOCK {volume=vol-0-14906, bucket=bucket-0-53153, key=key-0-33222, dataSize=0, replicationType=null, replicationFactor=null, keyLocationInfo=null, clientID=102659352017764754} | ret=SUCCESS |  
2019-08-22 07:03:31,411 | INFO  | DNAudit | user=null | ip=null | op=WRITE_CHUNK {blockData=conID: 1 locID: 102659352913510928 bcsId: 0} | ret=SUCCESS |  
2019-08-22 07:03:31,415 | INFO  | DNAudit | user=null | ip=null | op=WRITE_CHUNK {blockData=conID: 1 locID: 102659352913510928 bcsId: 0} | ret=SUCCESS |  
2019-08-22 07:03:31,415 | INFO  | DNAudit | user=null | ip=null | op=WRITE_CHUNK {blockData=conID: 1 locID: 102659352913510928 bcsId: 0} | ret=SUCCESS |  
2019-08-22 07:03:31,416 | INFO  | DNAudit | user=null | ip=null | op=WRITE_CHUNK {blockData=conID: 1 locID: 102659352913510928 bcsId: 0} | ret=SUCCESS |  
2019-08-22 07:03:31,417 | INFO  | DNAudit | user=null | ip=null | op=WRITE_CHUNK {blockData=conID: 1 locID: 102659352913510928 bcsId: 0} | ret=SUCCESS |  
2019-08-22 07:03:31,418 | INFO  | DNAudit | user=null | ip=null | op=WRITE_CHUNK {blockData=conID: 1 locID: 102659352913510928 bcsId: 0} | ret=SUCCESS |  
2019-08-22 07:03:31,425 | INFO  | DNAudit | user=null | ip=null | op=WRITE_CHUNK {blockData=conID: 1 locID: 102659352913510928 bcsId: 0} | ret=SUCCESS |  
2019-08-22 07:03:31,425 | INFO  | DNAudit | user=null | ip=null | op=PUT_BLOCK {blockData=[blockId=conID: 1 locID: 102659352913510928 bcsId: 0,size=1048576]} | ret=SUCCESS |  
2019-08-22 07:03:31,426 | INFO  | DNAudit | user=null | ip=null | op=WRITE_CHUNK {blockData=conID: 1 locID: 102659352913510928 bcsId: 0} | ret=SUCCESS |  
2019-08-22 07:03:31,426 [grpc-default-executor-1] INFO  client.GrpcClientProtocolClient (GrpcClientProtocolClient.java:onNext(255)) - client-CF63D631FA17->3cf1264f-5f6b-4138-aeee-2ff7d4522ead: receive RaftClientReply:client-CF63D631FA17->3cf1264f-5f6b-4138-aeee-2ff7d4522ead@group-561E16522154, cid=1838, SUCCESS, logIndex=2677, commits[3cf1264f-5f6b-4138-aeee-2ff7d4522ead:c2680, 4f0d1a15-8f14-4d9a-ad4f-8211e1245b5d:c2676, 6999f20e-c3f7-4db4-87ca-141c476f2a88:c2676]
2019-08-22 07:03:31,426 | INFO  | DNAudit | user=null | ip=null | op=PUT_BLOCK {blockData=[blockId=conID: 1 locID: 102659352913510928 bcsId: 0,size=2097152]} | ret=SUCCESS |  
2019-08-22 07:03:31,426 [grpc-default-executor-1] INFO  client.GrpcClientProtocolClient (GrpcClientProtocolClient.java:onNext(255)) - client-CF63D631FA17->3cf1264f-5f6b-4138-aeee-2ff7d4522ead: receive RaftClientReply:client-CF63D631FA17->3cf1264f-5f6b-4138-aeee-2ff7d4522ead@group-561E16522154, cid=1839, SUCCESS, logIndex=2678, commits[3cf1264f-5f6b-4138-aeee-2ff7d4522ead:c2680, 4f0d1a15-8f14-4d9a-ad4f-8211e1245b5d:c2676, 6999f20e-c3f7-4db4-87ca-141c476f2a88:c2676]
2019-08-22 07:03:31,427 [grpc-default-executor-1] INFO  client.GrpcClientProtocolClient (GrpcClientProtocolClient.java:onNext(255)) - client-CF63D631FA17->3cf1264f-5f6b-4138-aeee-2ff7d4522ead: receive RaftClientReply:client-CF63D631FA17->3cf1264f-5f6b-4138-aeee-2ff7d4522ead@group-561E16522154, cid=1840, SUCCESS, logIndex=2679, commits[3cf1264f-5f6b-4138-aeee-2ff7d4522ead:c2680, 4f0d1a15-8f14-4d9a-ad4f-8211e1245b5d:c2676, 6999f20e-c3f7-4db4-87ca-141c476f2a88:c2676]
2019-08-22 07:03:31,427 [grpc-default-executor-1] INFO  client.GrpcClientProtocolClient (GrpcClientProtocolClient.java:onNext(255)) - client-CF63D631FA17->3cf1264f-5f6b-4138-aeee-2ff7d4522ead: receive RaftClientReply:client-CF63D631FA17->3cf1264f-5f6b-4138-aeee-2ff7d4522ead@group-561E16522154, cid=1841, SUCCESS, logIndex=2680, commits[3cf1264f-5f6b-4138-aeee-2ff7d4522ead:c2680, 4f0d1a15-8f14-4d9a-ad4f-8211e1245b5d:c2676, 6999f20e-c3f7-4db4-87ca-141c476f2a88:c2676]
2019-08-22 07:03:31,436 | INFO  | DNAudit | user=null | ip=null | op=WRITE_CHUNK {blockData=conID: 1 locID: 102659352913510928 bcsId: 0} | ret=SUCCESS |  
2019-08-22 07:03:31,437 | INFO  | DNAudit | user=null | ip=null | op=WRITE_CHUNK {blockData=conID: 1 locID: 102659352913510928 bcsId: 0} | ret=SUCCESS |  
2019-08-22 07:03:31,437 | INFO  | DNAudit | user=null | ip=null | op=PUT_BLOCK {blockData=[blockId=conID: 1 locID: 102659352913510928 bcsId: 0,size=1048576]} | ret=SUCCESS |  
2019-08-22 07:03:31,437 | INFO  | DNAudit | user=null | ip=null | op=PUT_BLOCK {blockData=[blockId=conID: 1 locID: 102659352913510928 bcsId: 0,size=1048576]} | ret=SUCCESS |  
2019-08-22 07:03:31,437 | INFO  | DNAudit | user=null | ip=null | op=WRITE_CHUNK {blockData=conID: 1 locID: 102659352913510928 bcsId: 0} | ret=SUCCESS |  
2019-08-22 07:03:31,437 | INFO  | DNAudit | user=null | ip=null | op=WRITE_CHUNK {blockData=conID: 1 locID: 102659352913510928 bcsId: 0} | ret=SUCCESS |  
2019-08-22 07:03:31,438 [grpc-default-executor-1] INFO  client.GrpcClientProtocolClient (GrpcClientProtocolClient.java:onNext(255)) - client-CF63D631FA17->3cf1264f-5f6b-4138-aeee-2ff7d4522ead: receive RaftClientReply:client-CF63D631FA17->3cf1264f-5f6b-4138-aeee-2ff7d4522ead@group-561E16522154, cid=1842, SUCCESS, logIndex=0, commits[3cf1264f-5f6b-4138-aeee-2ff7d4522ead:c2681, 4f0d1a15-8f14-4d9a-ad4f-8211e1245b5d:c2679, 6999f20e-c3f7-4db4-87ca-141c476f2a88:c2679]
2019-08-22 07:03:31,439 | INFO  | DNAudit | user=null | ip=null | op=PUT_BLOCK {blockData=[blockId=conID: 1 locID: 102659352913510928 bcsId: 0,size=2097152]} | ret=SUCCESS |  
2019-08-22 07:03:31,439 | INFO  | DNAudit | user=null | ip=null | op=PUT_BLOCK {blockData=[blockId=conID: 1 locID: 102659352913510928 bcsId: 0,size=2097152]} | ret=SUCCESS |  
2019-08-22 07:03:31,444 | INFO  | DNAudit | user=null | ip=null | op=WRITE_CHUNK {blockData=conID: 1 locID: 102659352913510928 bcsId: 2680} | ret=SUCCESS |  
2019-08-22 07:03:31,448 | INFO  | DNAudit | user=null | ip=null | op=WRITE_CHUNK {blockData=conID: 1 locID: 102659352913510928 bcsId: 2680} | ret=SUCCESS |  
2019-08-22 07:03:31,448 | INFO  | DNAudit | user=null | ip=null | op=WRITE_CHUNK {blockData=conID: 1 locID: 102659352913510928 bcsId: 2680} | ret=SUCCESS |  
2019-08-22 07:03:31,459 | INFO  | DNAudit | user=null | ip=null | op=WRITE_CHUNK {blockData=conID: 1 locID: 102659352913510928 bcsId: 2680} | ret=SUCCESS |  
2019-08-22 07:03:31,461 [grpc-default-executor-3] INFO  client.GrpcClientProtocolClient (GrpcClientProtocolClient.java:onNext(255)) - client-CF63D631FA17->3cf1264f-5f6b-4138-aeee-2ff7d4522ead: receive RaftClientReply:client-CF63D631FA17->3cf1264f-5f6b-4138-aeee-2ff7d4522ead@group-561E16522154, cid=1843, SUCCESS, logIndex=2684, commits[3cf1264f-5f6b-4138-aeee-2ff7d4522ead:c2685, 4f0d1a15-8f14-4d9a-ad4f-8211e1245b5d:c2683, 6999f20e-c3f7-4db4-87ca-141c476f2a88:c2683]
2019-08-22 07:03:31,461 | INFO  | DNAudit | user=null | ip=null | op=PUT_BLOCK {blockData=[blockId=conID: 1 locID: 102659352913510928 bcsId: 0,size=3145728]} | ret=SUCCESS |  
2019-08-22 07:03:31,462 [grpc-default-executor-3] INFO  client.GrpcClientProtocolClient (GrpcClientProtocolClient.java:onNext(255)) - client-CF63D631FA17->3cf1264f-5f6b-4138-aeee-2ff7d4522ead: receive RaftClientReply:client-CF63D631FA17->3cf1264f-5f6b-4138-aeee-2ff7d4522ead@group-561E16522154, cid=1844, SUCCESS, logIndex=2685, commits[3cf1264f-5f6b-4138-aeee-2ff7d4522ead:c2685, 4f0d1a15-8f14-4d9a-ad4f-8211e1245b5d:c2683, 6999f20e-c3f7-4db4-87ca-141c476f2a88:c2683]
2019-08-22 07:03:31,471 | INFO  | DNAudit | user=null | ip=null | op=WRITE_CHUNK {blockData=conID: 1 locID: 102659352913510928 bcsId: 2685} | ret=SUCCESS |  
2019-08-22 07:03:31,472 | INFO  | DNAudit | user=null | ip=null | op=WRITE_CHUNK {blockData=conID: 1 locID: 102659352913510928 bcsId: 2680} | ret=SUCCESS |  
2019-08-22 07:03:31,472 | INFO  | DNAudit | user=null | ip=null | op=WRITE_CHUNK {blockData=conID: 1 locID: 102659352913510928 bcsId: 2680} | ret=SUCCESS |  
2019-08-22 07:03:31,473 | INFO  | DNAudit | user=null | ip=null | op=WRITE_CHUNK {blockData=conID: 1 locID: 102659352913510928 bcsId: 2685} | ret=SUCCESS |  
2019-08-22 07:03:31,474 | INFO  | DNAudit | user=null | ip=null | op=WRITE_CHUNK {blockData=conID: 1 locID: 102659352913510928 bcsId: 2685} | ret=SUCCESS |  
2019-08-22 07:03:31,484 | INFO  | DNAudit | user=null | ip=null | op=PUT_BLOCK {blockData=[blockId=conID: 1 locID: 102659352913510928 bcsId: 0,size=3145728]} | ret=SUCCESS |  
2019-08-22 07:03:31,484 | INFO  | DNAudit | user=null | ip=null | op=PUT_BLOCK {blockData=[blockId=conID: 1 locID: 102659352913510928 bcsId: 0,size=3145728]} | ret=SUCCESS |  
2019-08-22 07:03:31,484 | INFO  | DNAudit | user=null | ip=null | op=WRITE_CHUNK {blockData=conID: 1 locID: 102659352913510928 bcsId: 2685} | ret=SUCCESS |  
2019-08-22 07:03:31,485 | INFO  | DNAudit | user=null | ip=null | op=PUT_BLOCK {blockData=[blockId=conID: 1 locID: 102659352913510928 bcsId: 0,size=4194304]} | ret=SUCCESS |  
2019-08-22 07:03:31,485 [grpc-default-executor-0] INFO  client.GrpcClientProtocolClient (GrpcClientProtocolClient.java:onNext(255)) - client-CF63D631FA17->3cf1264f-5f6b-4138-aeee-2ff7d4522ead: receive RaftClientReply:client-CF63D631FA17->3cf1264f-5f6b-4138-aeee-2ff7d4522ead@group-561E16522154, cid=1845, SUCCESS, logIndex=2688, commits[3cf1264f-5f6b-4138-aeee-2ff7d4522ead:c2689, 4f0d1a15-8f14-4d9a-ad4f-8211e1245b5d:c2685, 6999f20e-c3f7-4db4-87ca-141c476f2a88:c2685]
2019-08-22 07:03:31,485 [grpc-default-executor-0] INFO  client.GrpcClientProtocolClient (GrpcClientProtocolClient.java:onNext(255)) - client-CF63D631FA17->3cf1264f-5f6b-4138-aeee-2ff7d4522ead: receive RaftClientReply:client-CF63D631FA17->3cf1264f-5f6b-4138-aeee-2ff7d4522ead@group-561E16522154, cid=1846, SUCCESS, logIndex=2689, commits[3cf1264f-5f6b-4138-aeee-2ff7d4522ead:c2689, 4f0d1a15-8f14-4d9a-ad4f-8211e1245b5d:c2685, 6999f20e-c3f7-4db4-87ca-141c476f2a88:c2685]
2019-08-22 07:03:31,497 | INFO  | DNAudit | user=null | ip=null | op=WRITE_CHUNK {blockData=conID: 1 locID: 102659352913510928 bcsId: 2685} | ret=SUCCESS |  
2019-08-22 07:03:31,497 | INFO  | DNAudit | user=null | ip=null | op=WRITE_CHUNK {blockData=conID: 1 locID: 102659352913510928 bcsId: 2685} | ret=SUCCESS |  
2019-08-22 07:03:31,497 | INFO  | DNAudit | user=null | ip=null | op=PUT_BLOCK {blockData=[blockId=conID: 1 locID: 102659352913510928 bcsId: 0,size=4194304]} | ret=SUCCESS |  
2019-08-22 07:03:31,498 | INFO  | DNAudit | user=null | ip=null | op=PUT_BLOCK {blockData=[blockId=conID: 1 locID: 102659352913510928 bcsId: 0,size=4194304]} | ret=SUCCESS |  
2019-08-22 07:03:31,498 [grpc-default-executor-0] INFO  client.GrpcClientProtocolClient (GrpcClientProtocolClient.java:onNext(255)) - client-CF63D631FA17->3cf1264f-5f6b-4138-aeee-2ff7d4522ead: receive RaftClientReply:client-CF63D631FA17->3cf1264f-5f6b-4138-aeee-2ff7d4522ead@group-561E16522154, cid=1847, SUCCESS, logIndex=0, commits[3cf1264f-5f6b-4138-aeee-2ff7d4522ead:c2690, 4f0d1a15-8f14-4d9a-ad4f-8211e1245b5d:c2689, 6999f20e-c3f7-4db4-87ca-141c476f2a88:c2689]
2019-08-22 07:03:31,504 | INFO  | SCMAudit | user=jenkins1000 | ip=192.168.34.31 | op=ALLOCATE_BLOCK {owner=04b6d46a-98e2-41b1-9f38-1870289993ea, size=4194304, type=RATIS, factor=THREE} | ret=SUCCESS |  
2019-08-22 07:03:31,507 | INFO  | OMAudit | user=jenkins1000 | ip=127.0.0.1 | op=ALLOCATE_BLOCK {volume=vol-0-14906, bucket=bucket-0-53153, key=key-0-33222, dataSize=0, replicationType=null, replicationFactor=null, keyLocationInfo=null, clientID=102659352017764754} | ret=SUCCESS |  
2019-08-22 07:03:31,514 | INFO  | DNAudit | user=null | ip=null | op=WRITE_CHUNK {blockData=conID: 2 locID: 102659352920326673 bcsId: 0} | ret=SUCCESS |  
2019-08-22 07:03:31,518 | INFO  | DNAudit | user=null | ip=null | op=WRITE_CHUNK {blockData=conID: 2 locID: 102659352920326673 bcsId: 0} | ret=SUCCESS |  
2019-08-22 07:03:31,518 | INFO  | DNAudit | user=null | ip=null | op=WRITE_CHUNK {blockData=conID: 2 locID: 102659352920326673 bcsId: 0} | ret=SUCCESS |  
2019-08-22 07:03:31,518 | INFO  | DNAudit | user=null | ip=null | op=WRITE_CHUNK {blockData=conID: 2 locID: 102659352920326673 bcsId: 0} | ret=SUCCESS |  
2019-08-22 07:03:31,520 | INFO  | DNAudit | user=null | ip=null | op=WRITE_CHUNK {blockData=conID: 2 locID: 102659352920326673 bcsId: 0} | ret=SUCCESS |  
2019-08-22 07:03:31,521 | INFO  | DNAudit | user=null | ip=null | op=WRITE_CHUNK {blockData=conID: 2 locID: 102659352920326673 bcsId: 0} | ret=SUCCESS |  
2019-08-22 07:03:31,529 | INFO  | DNAudit | user=null | ip=null | op=WRITE_CHUNK {blockData=conID: 2 locID: 102659352920326673 bcsId: 0} | ret=SUCCESS |  
2019-08-22 07:03:31,530 | INFO  | DNAudit | user=null | ip=null | op=PUT_BLOCK {blockData=[blockId=conID: 2 locID: 102659352920326673 bcsId: 0,size=1048576]} | ret=SUCCESS |  
2019-08-22 07:03:31,530 [grpc-default-executor-0] INFO  client.GrpcClientProtocolClient (GrpcClientProtocolClient.java:onNext(255)) - client-CF63D631FA17->3cf1264f-5f6b-4138-aeee-2ff7d4522ead: receive RaftClientReply:client-CF63D631FA17->3cf1264f-5f6b-4138-aeee-2ff7d4522ead@group-561E16522154, cid=1848, SUCCESS, logIndex=2692, commits[3cf1264f-5f6b-4138-aeee-2ff7d4522ead:c2694, 4f0d1a15-8f14-4d9a-ad4f-8211e1245b5d:c2691, 6999f20e-c3f7-4db4-87ca-141c476f2a88:c2691]
2019-08-22 07:03:31,530 | INFO  | DNAudit | user=null | ip=null | op=WRITE_CHUNK {blockData=conID: 2 locID: 102659352920326673 bcsId: 0} | ret=SUCCESS |  
2019-08-22 07:03:31,531 [grpc-default-executor-0] INFO  client.GrpcClientProtocolClient (GrpcClientProtocolClient.java:onNext(255)) - client-CF63D631FA17->3cf1264f-5f6b-4138-aeee-2ff7d4522ead: receive RaftClientReply:client-CF63D631FA17->3cf1264f-5f6b-4138-aeee-2ff7d4522ead@group-561E16522154, cid=1849, SUCCESS, logIndex=2693, commits[3cf1264f-5f6b-4138-aeee-2ff7d4522ead:c2695, 4f0d1a15-8f14-4d9a-ad4f-8211e1245b5d:c2691, 6999f20e-c3f7-4db4-87ca-141c476f2a88:c2691]
2019-08-22 07:03:31,531 | INFO  | DNAudit | user=null | ip=null | op=PUT_BLOCK {blockData=[blockId=conID: 2 locID: 102659352920326673 bcsId: 0,size=2097152]} | ret=SUCCESS |  
2019-08-22 07:03:31,531 [grpc-default-executor-0] INFO  client.GrpcClientProtocolClient (GrpcClientProtocolClient.java:onNext(255)) - client-CF63D631FA17->3cf1264f-5f6b-4138-aeee-2ff7d4522ead: receive RaftClientReply:client-CF63D631FA17->3cf1264f-5f6b-4138-aeee-2ff7d4522ead@group-561E16522154, cid=1850, SUCCESS, logIndex=2694, commits[3cf1264f-5f6b-4138-aeee-2ff7d4522ead:c2695, 4f0d1a15-8f14-4d9a-ad4f-8211e1245b5d:c2691, 6999f20e-c3f7-4db4-87ca-141c476f2a88:c2691]
2019-08-22 07:03:31,531 | INFO  | DNAudit | user=null | ip=null | op=WRITE_CHUNK {blockData=conID: 2 locID: 102659352920326673 bcsId: 0} | ret=SUCCESS |  
2019-08-22 07:03:31,532 [grpc-default-executor-1] INFO  client.GrpcClientProtocolClient (GrpcClientProtocolClient.java:onNext(255)) - client-CF63D631FA17->3cf1264f-5f6b-4138-aeee-2ff7d4522ead: receive RaftClientReply:client-CF63D631FA17->3cf1264f-5f6b-4138-aeee-2ff7d4522ead@group-561E16522154, cid=1851, SUCCESS, logIndex=2695, commits[3cf1264f-5f6b-4138-aeee-2ff7d4522ead:c2695, 4f0d1a15-8f14-4d9a-ad4f-8211e1245b5d:c2691, 6999f20e-c3f7-4db4-87ca-141c476f2a88:c2691]
2019-08-22 07:03:31,543 | INFO  | DNAudit | user=null | ip=null | op=WRITE_CHUNK {blockData=conID: 2 locID: 102659352920326673 bcsId: 0} | ret=SUCCESS |  
2019-08-22 07:03:31,543 | INFO  | SCMAudit | user=jenkins1000 | ip=192.168.34.31 | op=SEND_HEARTBEAT {datanodeUUID=f789f48f-f3d7-45ec-9bba-6a89e2bdcc9c, command=[]} | ret=SUCCESS |  
2019-08-22 07:03:31,543 | INFO  | DNAudit | user=null | ip=null | op=PUT_BLOCK {blockData=[blockId=conID: 2 locID: 102659352920326673 bcsId: 0,size=1048576]} | ret=SUCCESS |  
2019-08-22 07:03:31,544 | INFO  | DNAudit | user=null | ip=null | op=PUT_BLOCK {blockData=[blockId=conID: 2 locID: 102659352920326673 bcsId: 0,size=1048576]} | ret=SUCCESS |  
2019-08-22 07:03:31,545 | INFO  | DNAudit | user=null | ip=null | op=WRITE_CHUNK {blockData=conID: 2 locID: 102659352920326673 bcsId: 0} | ret=SUCCESS |  
2019-08-22 07:03:31,545 | INFO  | DNAudit | user=null | ip=null | op=PUT_BLOCK {blockData=[blockId=conID: 2 locID: 102659352920326673 bcsId: 0,size=2097152]} | ret=SUCCESS |  
2019-08-22 07:03:31,545 [grpc-default-executor-1] INFO  client.GrpcClientProtocolClient (GrpcClientProtocolClient.java:onNext(255)) - client-CF63D631FA17->3cf1264f-5f6b-4138-aeee-2ff7d4522ead: receive RaftClientReply:client-CF63D631FA17->3cf1264f-5f6b-4138-aeee-2ff7d4522ead@group-561E16522154, cid=1852, SUCCESS, logIndex=0, commits[3cf1264f-5f6b-4138-aeee-2ff7d4522ead:c2697, 4f0d1a15-8f14-4d9a-ad4f-8211e1245b5d:c2693, 6999f20e-c3f7-4db4-87ca-141c476f2a88:c2693]
2019-08-22 07:03:31,552 | INFO  | DNAudit | user=null | ip=null | op=WRITE_CHUNK {blockData=conID: 2 locID: 102659352920326673 bcsId: 2695} | ret=SUCCESS |  
2019-08-22 07:03:31,554 | INFO  | DNAudit | user=null | ip=null | op=WRITE_CHUNK {blockData=conID: 2 locID: 102659352920326673 bcsId: 2695} | ret=SUCCESS |  
2019-08-22 07:03:31,555 | INFO  | DNAudit | user=null | ip=null | op=WRITE_CHUNK {blockData=conID: 2 locID: 102659352920326673 bcsId: 2695} | ret=SUCCESS |  
2019-08-22 07:03:31,555 | INFO  | DNAudit | user=null | ip=null | op=WRITE_CHUNK {blockData=conID: 2 locID: 102659352920326673 bcsId: 0} | ret=SUCCESS |  
2019-08-22 07:03:31,555 | INFO  | DNAudit | user=null | ip=null | op=PUT_BLOCK {blockData=[blockId=conID: 2 locID: 102659352920326673 bcsId: 0,size=2097152]} | ret=SUCCESS |  
2019-08-22 07:03:31,559 | INFO  | DNAudit | user=null | ip=null | op=WRITE_CHUNK {blockData=conID: 2 locID: 102659352920326673 bcsId: 2695} | ret=SUCCESS |  
2019-08-22 07:03:31,560 | INFO  | DNAudit | user=null | ip=null | op=PUT_BLOCK {blockData=[blockId=conID: 2 locID: 102659352920326673 bcsId: 0,size=3145728]} | ret=SUCCESS |  
2019-08-22 07:03:31,560 [grpc-default-executor-1] INFO  client.GrpcClientProtocolClient (GrpcClientProtocolClient.java:onNext(255)) - client-CF63D631FA17->3cf1264f-5f6b-4138-aeee-2ff7d4522ead: receive RaftClientReply:client-CF63D631FA17->3cf1264f-5f6b-4138-aeee-2ff7d4522ead@group-561E16522154, cid=1853, SUCCESS, logIndex=2700, commits[3cf1264f-5f6b-4138-aeee-2ff7d4522ead:c2701, 4f0d1a15-8f14-4d9a-ad4f-8211e1245b5d:c2698, 6999f20e-c3f7-4db4-87ca-141c476f2a88:c2698]
2019-08-22 07:03:31,560 [grpc-default-executor-1] INFO  client.GrpcClientProtocolClient (GrpcClientProtocolClient.java:onNext(255)) - client-CF63D631FA17->3cf1264f-5f6b-4138-aeee-2ff7d4522ead: receive RaftClientReply:client-CF63D631FA17->3cf1264f-5f6b-4138-aeee-2ff7d4522ead@group-561E16522154, cid=1854, SUCCESS, logIndex=2701, commits[3cf1264f-5f6b-4138-aeee-2ff7d4522ead:c2701, 4f0d1a15-8f14-4d9a-ad4f-8211e1245b5d:c2698, 6999f20e-c3f7-4db4-87ca-141c476f2a88:c2698]
2019-08-22 07:03:31,561 | INFO  | DNAudit | user=null | ip=null | op=WRITE_CHUNK {blockData=conID: 2 locID: 102659352920326673 bcsId: 2695} | ret=SUCCESS |  
2019-08-22 07:03:31,561 | INFO  | DNAudit | user=null | ip=null | op=WRITE_CHUNK {blockData=conID: 2 locID: 102659352920326673 bcsId: 2695} | ret=SUCCESS |  
2019-08-22 07:03:31,561 | INFO  | DNAudit | user=null | ip=null | op=PUT_BLOCK {blockData=[blockId=conID: 2 locID: 102659352920326673 bcsId: 0,size=3145728]} | ret=SUCCESS |  
2019-08-22 07:03:31,561 | INFO  | DNAudit | user=null | ip=null | op=PUT_BLOCK {blockData=[blockId=conID: 2 locID: 102659352920326673 bcsId: 0,size=3145728]} | ret=SUCCESS |  
2019-08-22 07:03:31,567 | INFO  | DNAudit | user=null | ip=null | op=WRITE_CHUNK {blockData=conID: 2 locID: 102659352920326673 bcsId: 2701} | ret=SUCCESS |  
2019-08-22 07:03:31,570 | INFO  | DNAudit | user=null | ip=null | op=WRITE_CHUNK {blockData=conID: 2 locID: 102659352920326673 bcsId: 2701} | ret=SUCCESS |  
2019-08-22 07:03:31,570 | INFO  | DNAudit | user=null | ip=null | op=WRITE_CHUNK {blockData=conID: 2 locID: 102659352920326673 bcsId: 2701} | ret=SUCCESS |  
2019-08-22 07:03:31,588 | INFO  | DNAudit | user=null | ip=null | op=WRITE_CHUNK {blockData=conID: 2 locID: 102659352920326673 bcsId: 2701} | ret=SUCCESS |  
2019-08-22 07:03:31,589 | INFO  | DNAudit | user=null | ip=null | op=PUT_BLOCK {blockData=[blockId=conID: 2 locID: 102659352920326673 bcsId: 0,size=4194304]} | ret=SUCCESS |  
2019-08-22 07:03:31,589 [grpc-default-executor-3] INFO  client.GrpcClientProtocolClient (GrpcClientProtocolClient.java:onNext(255)) - client-CF63D631FA17->3cf1264f-5f6b-4138-aeee-2ff7d4522ead: receive RaftClientReply:client-CF63D631FA17->3cf1264f-5f6b-4138-aeee-2ff7d4522ead@group-561E16522154, cid=1855, SUCCESS, logIndex=2703, commits[3cf1264f-5f6b-4138-aeee-2ff7d4522ead:c2704, 4f0d1a15-8f14-4d9a-ad4f-8211e1245b5d:c2702, 6999f20e-c3f7-4db4-87ca-141c476f2a88:c2702]
2019-08-22 07:03:31,589 [grpc-default-executor-3] INFO  client.GrpcClientProtocolClient (GrpcClientProtocolClient.java:onNext(255)) - client-CF63D631FA17->3cf1264f-5f6b-4138-aeee-2ff7d4522ead: receive RaftClientReply:client-CF63D631FA17->3cf1264f-5f6b-4138-aeee-2ff7d4522ead@group-561E16522154, cid=1856, SUCCESS, logIndex=2704, commits[3cf1264f-5f6b-4138-aeee-2ff7d4522ead:c2704, 4f0d1a15-8f14-4d9a-ad4f-8211e1245b5d:c2702, 6999f20e-c3f7-4db4-87ca-141c476f2a88:c2702]
2019-08-22 07:03:31,589 | INFO  | DNAudit | user=null | ip=null | op=WRITE_CHUNK {blockData=conID: 2 locID: 102659352920326673 bcsId: 2701} | ret=SUCCESS |  
2019-08-22 07:03:31,592 | INFO  | DNAudit | user=null | ip=null | op=WRITE_CHUNK {blockData=conID: 2 locID: 102659352920326673 bcsId: 2701} | ret=SUCCESS |  
2019-08-22 07:03:31,603 | INFO  | DNAudit | user=null | ip=null | op=PUT_BLOCK {blockData=[blockId=conID: 2 locID: 102659352920326673 bcsId: 0,size=4194304]} | ret=SUCCESS |  
2019-08-22 07:03:31,604 | INFO  | DNAudit | user=null | ip=null | op=PUT_BLOCK {blockData=[blockId=conID: 2 locID: 102659352920326673 bcsId: 0,size=4194304]} | ret=SUCCESS |  
2019-08-22 07:03:31,604 [grpc-default-executor-3] INFO  client.GrpcClientProtocolClient (GrpcClientProtocolClient.java:onNext(255)) - client-CF63D631FA17->3cf1264f-5f6b-4138-aeee-2ff7d4522ead: receive RaftClientReply:client-CF63D631FA17->3cf1264f-5f6b-4138-aeee-2ff7d4522ead@group-561E16522154, cid=1857, SUCCESS, logIndex=0, commits[3cf1264f-5f6b-4138-aeee-2ff7d4522ead:c2706, 4f0d1a15-8f14-4d9a-ad4f-8211e1245b5d:c2704, 6999f20e-c3f7-4db4-87ca-141c476f2a88:c2704]
2019-08-22 07:03:31,609 | INFO  | SCMAudit | user=jenkins1000 | ip=192.168.34.31 | op=ALLOCATE_BLOCK {owner=04b6d46a-98e2-41b1-9f38-1870289993ea, size=4194304, type=RATIS, factor=THREE} | ret=SUCCESS |  
2019-08-22 07:03:31,612 | INFO  | OMAudit | user=jenkins1000 | ip=127.0.0.1 | op=ALLOCATE_BLOCK {volume=vol-0-14906, bucket=bucket-0-53153, key=key-0-33222, dataSize=0, replicationType=null, replicationFactor=null, keyLocationInfo=null, clientID=102659352017764754} | ret=SUCCESS |  
2019-08-22 07:03:31,619 | INFO  | DNAudit | user=null | ip=null | op=WRITE_CHUNK {blockData=conID: 3 locID: 102659352927207954 bcsId: 0} | ret=SUCCESS |  
2019-08-22 07:03:31,620 | INFO  | DNAudit | user=null | ip=null | op=WRITE_CHUNK {blockData=conID: 3 locID: 102659352927207954 bcsId: 0} | ret=SUCCESS |  
2019-08-22 07:03:31,622 | INFO  | DNAudit | user=null | ip=null | op=WRITE_CHUNK {blockData=conID: 3 locID: 102659352927207954 bcsId: 0} | ret=SUCCESS |  
2019-08-22 07:03:31,623 | INFO  | DNAudit | user=null | ip=null | op=WRITE_CHUNK {blockData=conID: 3 locID: 102659352927207954 bcsId: 0} | ret=SUCCESS |  
2019-08-22 07:03:31,624 | INFO  | DNAudit | user=null | ip=null | op=WRITE_CHUNK {blockData=conID: 3 locID: 102659352927207954 bcsId: 0} | ret=SUCCESS |  
2019-08-22 07:03:31,624 | INFO  | DNAudit | user=null | ip=null | op=WRITE_CHUNK {blockData=conID: 3 locID: 102659352927207954 bcsId: 0} | ret=SUCCESS |  
2019-08-22 07:03:31,633 | INFO  | DNAudit | user=null | ip=null | op=WRITE_CHUNK {blockData=conID: 3 locID: 102659352927207954 bcsId: 0} | ret=SUCCESS |  
2019-08-22 07:03:31,633 | INFO  | DNAudit | user=null | ip=null | op=PUT_BLOCK {blockData=[blockId=conID: 3 locID: 102659352927207954 bcsId: 0,size=1048576]} | ret=SUCCESS |  
2019-08-22 07:03:31,633 [grpc-default-executor-1] INFO  client.GrpcClientProtocolClient (GrpcClientProtocolClient.java:onNext(255)) - client-CF63D631FA17->3cf1264f-5f6b-4138-aeee-2ff7d4522ead: receive RaftClientReply:client-CF63D631FA17->3cf1264f-5f6b-4138-aeee-2ff7d4522ead@group-561E16522154, cid=1858, SUCCESS, logIndex=2707, commits[3cf1264f-5f6b-4138-aeee-2ff7d4522ead:c2708, 4f0d1a15-8f14-4d9a-ad4f-8211e1245b5d:c2706, 6999f20e-c3f7-4db4-87ca-141c476f2a88:c2706]
2019-08-22 07:03:31,634 | INFO  | DNAudit | user=null | ip=null | op=WRITE_CHUNK {blockData=conID: 3 locID: 102659352927207954 bcsId: 0} | ret=SUCCESS |  
2019-08-22 07:03:31,634 [grpc-default-executor-1] INFO  client.GrpcClientProtocolClient (GrpcClientProtocolClient.java:onNext(255)) - client-CF63D631FA17->3cf1264f-5f6b-4138-aeee-2ff7d4522ead: receive RaftClientReply:client-CF63D631FA17->3cf1264f-5f6b-4138-aeee-2ff7d4522ead@group-561E16522154, cid=1859, SUCCESS, logIndex=2708, commits[3cf1264f-5f6b-4138-aeee-2ff7d4522ead:c2710, 4f0d1a15-8f14-4d9a-ad4f-8211e1245b5d:c2706, 6999f20e-c3f7-4db4-87ca-141c476f2a88:c2706]
2019-08-22 07:03:31,634 | INFO  | DNAudit | user=null | ip=null | op=PUT_BLOCK {blockData=[blockId=conID: 3 locID: 102659352927207954 bcsId: 0,size=2097152]} | ret=SUCCESS |  
2019-08-22 07:03:31,634 [grpc-default-executor-1] INFO  client.GrpcClientProtocolClient (GrpcClientProtocolClient.java:onNext(255)) - client-CF63D631FA17->3cf1264f-5f6b-4138-aeee-2ff7d4522ead: receive RaftClientReply:client-CF63D631FA17->3cf1264f-5f6b-4138-aeee-2ff7d4522ead@group-561E16522154, cid=1860, SUCCESS, logIndex=2709, commits[3cf1264f-5f6b-4138-aeee-2ff7d4522ead:c2710, 4f0d1a15-8f14-4d9a-ad4f-8211e1245b5d:c2706, 6999f20e-c3f7-4db4-87ca-141c476f2a88:c2706]
2019-08-22 07:03:31,635 [grpc-default-executor-1] INFO  client.GrpcClientProtocolClient (GrpcClientProtocolClient.java:onNext(255)) - client-CF63D631FA17->3cf1264f-5f6b-4138-aeee-2ff7d4522ead: receive RaftClientReply:client-CF63D631FA17->3cf1264f-5f6b-4138-aeee-2ff7d4522ead@group-561E16522154, cid=1861, SUCCESS, logIndex=2710, commits[3cf1264f-5f6b-4138-aeee-2ff7d4522ead:c2710, 4f0d1a15-8f14-4d9a-ad4f-8211e1245b5d:c2706, 6999f20e-c3f7-4db4-87ca-141c476f2a88:c2706]
2019-08-22 07:03:31,646 | INFO  | DNAudit | user=null | ip=null | op=WRITE_CHUNK {blockData=conID: 3 locID: 102659352927207954 bcsId: 0} | ret=SUCCESS |  
2019-08-22 07:03:31,646 | INFO  | DNAudit | user=null | ip=null | op=WRITE_CHUNK {blockData=conID: 3 locID: 102659352927207954 bcsId: 0} | ret=SUCCESS |  
2019-08-22 07:03:31,646 | INFO  | DNAudit | user=null | ip=null | op=PUT_BLOCK {blockData=[blockId=conID: 3 locID: 102659352927207954 bcsId: 0,size=1048576]} | ret=SUCCESS |  
2019-08-22 07:03:31,659 | INFO  | DNAudit | user=null | ip=null | op=PUT_BLOCK {blockData=[blockId=conID: 3 locID: 102659352927207954 bcsId: 0,size=1048576]} | ret=SUCCESS |  
2019-08-22 07:03:31,659 | INFO  | DNAudit | user=null | ip=null | op=WRITE_CHUNK {blockData=conID: 3 locID: 102659352927207954 bcsId: 0} | ret=SUCCESS |  
2019-08-22 07:03:31,659 | INFO  | DNAudit | user=null | ip=null | op=WRITE_CHUNK {blockData=conID: 3 locID: 102659352927207954 bcsId: 0} | ret=SUCCESS |  
2019-08-22 07:03:31,659 | INFO  | DNAudit | user=null | ip=null | op=PUT_BLOCK {blockData=[blockId=conID: 3 locID: 102659352927207954 bcsId: 0,size=2097152]} | ret=SUCCESS |  
2019-08-22 07:03:31,659 | INFO  | DNAudit | user=null | ip=null | op=PUT_BLOCK {blockData=[blockId=conID: 3 locID: 102659352927207954 bcsId: 0,size=2097152]} | ret=SUCCESS |  
2019-08-22 07:03:31,660 [grpc-default-executor-1] INFO  client.GrpcClientProtocolClient (GrpcClientProtocolClient.java:onNext(255)) - client-CF63D631FA17->3cf1264f-5f6b-4138-aeee-2ff7d4522ead: receive RaftClientReply:client-CF63D631FA17->3cf1264f-5f6b-4138-aeee-2ff7d4522ead@group-561E16522154, cid=1862, SUCCESS, logIndex=0, commits[3cf1264f-5f6b-4138-aeee-2ff7d4522ead:c2712, 4f0d1a15-8f14-4d9a-ad4f-8211e1245b5d:c2708, 6999f20e-c3f7-4db4-87ca-141c476f2a88:c2708]
2019-08-22 07:03:31,666 | INFO  | DNAudit | user=null | ip=null | op=WRITE_CHUNK {blockData=conID: 3 locID: 102659352927207954 bcsId: 2710} | ret=SUCCESS |  
2019-08-22 07:03:31,668 | INFO  | DNAudit | user=null | ip=null | op=WRITE_CHUNK {blockData=conID: 3 locID: 102659352927207954 bcsId: 2710} | ret=SUCCESS |  
2019-08-22 07:03:31,668 | INFO  | DNAudit | user=null | ip=null | op=WRITE_CHUNK {blockData=conID: 3 locID: 102659352927207954 bcsId: 2710} | ret=SUCCESS |  
2019-08-22 07:03:31,680 | INFO  | DNAudit | user=null | ip=null | op=WRITE_CHUNK {blockData=conID: 3 locID: 102659352927207954 bcsId: 2710} | ret=SUCCESS |  
2019-08-22 07:03:31,680 | INFO  | DNAudit | user=null | ip=null | op=PUT_BLOCK {blockData=[blockId=conID: 3 locID: 102659352927207954 bcsId: 0,size=3145728]} | ret=SUCCESS |  
2019-08-22 07:03:31,681 [grpc-default-executor-0] INFO  client.GrpcClientProtocolClient (GrpcClientProtocolClient.java:onNext(255)) - client-CF63D631FA17->3cf1264f-5f6b-4138-aeee-2ff7d4522ead: receive RaftClientReply:client-CF63D631FA17->3cf1264f-5f6b-4138-aeee-2ff7d4522ead@group-561E16522154, cid=1863, SUCCESS, logIndex=2715, commits[3cf1264f-5f6b-4138-aeee-2ff7d4522ead:c2716, 4f0d1a15-8f14-4d9a-ad4f-8211e1245b5d:c2714, 6999f20e-c3f7-4db4-87ca-141c476f2a88:c2714]
2019-08-22 07:03:31,681 [grpc-default-executor-0] INFO  client.GrpcClientProtocolClient (GrpcClientProtocolClient.java:onNext(255)) - client-CF63D631FA17->3cf1264f-5f6b-4138-aeee-2ff7d4522ead: receive RaftClientReply:client-CF63D631FA17->3cf1264f-5f6b-4138-aeee-2ff7d4522ead@group-561E16522154, cid=1864, SUCCESS, logIndex=2716, commits[3cf1264f-5f6b-4138-aeee-2ff7d4522ead:c2716, 4f0d1a15-8f14-4d9a-ad4f-8211e1245b5d:c2714, 6999f20e-c3f7-4db4-87ca-141c476f2a88:c2714]
2019-08-22 07:03:31,688 | INFO  | DNAudit | user=null | ip=null | op=WRITE_CHUNK {blockData=conID: 3 locID: 102659352927207954 bcsId: 2716} | ret=SUCCESS |  
2019-08-22 07:03:31,690 | INFO  | DNAudit | user=null | ip=null | op=WRITE_CHUNK {blockData=conID: 3 locID: 102659352927207954 bcsId: 2716} | ret=SUCCESS |  
2019-08-22 07:03:31,691 | INFO  | DNAudit | user=null | ip=null | op=WRITE_CHUNK {blockData=conID: 3 locID: 102659352927207954 bcsId: 2716} | ret=SUCCESS |  
2019-08-22 07:03:31,693 | INFO  | DNAudit | user=null | ip=null | op=WRITE_CHUNK {blockData=conID: 3 locID: 102659352927207954 bcsId: 2710} | ret=SUCCESS |  
2019-08-22 07:03:31,693 | INFO  | DNAudit | user=null | ip=null | op=WRITE_CHUNK {blockData=conID: 3 locID: 102659352927207954 bcsId: 2710} | ret=SUCCESS |  
2019-08-22 07:03:31,704 | INFO  | SCMAudit | user=jenkins1000 | ip=192.168.34.31 | op=SEND_HEARTBEAT {datanodeUUID=6ab6b5dd-7582-43bd-ad39-1af51ca14a47, command=[]} | ret=SUCCESS |  
2019-08-22 07:03:31,706 | INFO  | DNAudit | user=null | ip=null | op=PUT_BLOCK {blockData=[blockId=conID: 3 locID: 102659352927207954 bcsId: 0,size=3145728]} | ret=SUCCESS |  
2019-08-22 07:03:31,706 | INFO  | DNAudit | user=null | ip=null | op=PUT_BLOCK {blockData=[blockId=conID: 3 locID: 102659352927207954 bcsId: 0,size=3145728]} | ret=SUCCESS |  
2019-08-22 07:03:31,707 | INFO  | DNAudit | user=null | ip=null | op=WRITE_CHUNK {blockData=conID: 3 locID: 102659352927207954 bcsId: 2716} | ret=SUCCESS |  
2019-08-22 07:03:31,707 | INFO  | DNAudit | user=null | ip=null | op=PUT_BLOCK {blockData=[blockId=conID: 3 locID: 102659352927207954 bcsId: 0,size=4194304]} | ret=SUCCESS |  
2019-08-22 07:03:31,707 [grpc-default-executor-1] INFO  client.GrpcClientProtocolClient (GrpcClientProtocolClient.java:onNext(255)) - client-CF63D631FA17->3cf1264f-5f6b-4138-aeee-2ff7d4522ead: receive RaftClientReply:client-CF63D631FA17->3cf1264f-5f6b-4138-aeee-2ff7d4522ead@group-561E16522154, cid=1865, SUCCESS, logIndex=2719, commits[3cf1264f-5f6b-4138-aeee-2ff7d4522ead:c2720, 4f0d1a15-8f14-4d9a-ad4f-8211e1245b5d:c2716, 6999f20e-c3f7-4db4-87ca-141c476f2a88:c2716]
2019-08-22 07:03:31,707 [grpc-default-executor-1] INFO  client.GrpcClientProtocolClient (GrpcClientProtocolClient.java:onNext(255)) - client-CF63D631FA17->3cf1264f-5f6b-4138-aeee-2ff7d4522ead: receive RaftClientReply:client-CF63D631FA17->3cf1264f-5f6b-4138-aeee-2ff7d4522ead@group-561E16522154, cid=1866, SUCCESS, logIndex=2720, commits[3cf1264f-5f6b-4138-aeee-2ff7d4522ead:c2720, 4f0d1a15-8f14-4d9a-ad4f-8211e1245b5d:c2716, 6999f20e-c3f7-4db4-87ca-141c476f2a88:c2716]
2019-08-22 07:03:31,719 | INFO  | DNAudit | user=null | ip=null | op=WRITE_CHUNK {blockData=conID: 3 locID: 102659352927207954 bcsId: 2716} | ret=SUCCESS |  
2019-08-22 07:03:31,719 | INFO  | DNAudit | user=null | ip=null | op=WRITE_CHUNK {blockData=conID: 3 locID: 102659352927207954 bcsId: 2716} | ret=SUCCESS |  
2019-08-22 07:03:31,732 | INFO  | DNAudit | user=null | ip=null | op=PUT_BLOCK {blockData=[blockId=conID: 3 locID: 102659352927207954 bcsId: 0,size=4194304]} | ret=SUCCESS |  
2019-08-22 07:03:31,733 | INFO  | DNAudit | user=null | ip=null | op=PUT_BLOCK {blockData=[blockId=conID: 3 locID: 102659352927207954 bcsId: 0,size=4194304]} | ret=SUCCESS |  
2019-08-22 07:03:31,733 [grpc-default-executor-1] INFO  client.GrpcClientProtocolClient (GrpcClientProtocolClient.java:onNext(255)) - client-CF63D631FA17->3cf1264f-5f6b-4138-aeee-2ff7d4522ead: receive RaftClientReply:client-CF63D631FA17->3cf1264f-5f6b-4138-aeee-2ff7d4522ead@group-561E16522154, cid=1867, SUCCESS, logIndex=0, commits[3cf1264f-5f6b-4138-aeee-2ff7d4522ead:c2722, 4f0d1a15-8f14-4d9a-ad4f-8211e1245b5d:c2720, 6999f20e-c3f7-4db4-87ca-141c476f2a88:c2720]
2019-08-22 07:03:31,738 | INFO  | SCMAudit | user=jenkins1000 | ip=192.168.34.31 | op=ALLOCATE_BLOCK {owner=04b6d46a-98e2-41b1-9f38-1870289993ea, size=4194304, type=RATIS, factor=THREE} | ret=SUCCESS |  
2019-08-22 07:03:31,740 | INFO  | OMAudit | user=jenkins1000 | ip=127.0.0.1 | op=ALLOCATE_BLOCK {volume=vol-0-14906, bucket=bucket-0-53153, key=key-0-33222, dataSize=0, replicationType=null, replicationFactor=null, keyLocationInfo=null, clientID=102659352017764754} | ret=SUCCESS |  
2019-08-22 07:03:31,747 | INFO  | DNAudit | user=null | ip=null | op=WRITE_CHUNK {blockData=conID: 1 locID: 102659352935596563 bcsId: 0} | ret=SUCCESS |  
2019-08-22 07:03:31,750 | INFO  | DNAudit | user=null | ip=null | op=WRITE_CHUNK {blockData=conID: 1 locID: 102659352935596563 bcsId: 0} | ret=SUCCESS |  
2019-08-22 07:03:31,751 | INFO  | DNAudit | user=null | ip=null | op=WRITE_CHUNK {blockData=conID: 1 locID: 102659352935596563 bcsId: 0} | ret=SUCCESS |  
2019-08-22 07:03:31,751 | INFO  | DNAudit | user=null | ip=null | op=WRITE_CHUNK {blockData=conID: 1 locID: 102659352935596563 bcsId: 0} | ret=SUCCESS |  
2019-08-22 07:03:31,753 | INFO  | DNAudit | user=null | ip=null | op=WRITE_CHUNK {blockData=conID: 1 locID: 102659352935596563 bcsId: 0} | ret=SUCCESS |  
2019-08-22 07:03:31,754 | INFO  | DNAudit | user=null | ip=null | op=WRITE_CHUNK {blockData=conID: 1 locID: 102659352935596563 bcsId: 0} | ret=SUCCESS |  
2019-08-22 07:03:31,760 | INFO  | DNAudit | user=null | ip=null | op=WRITE_CHUNK {blockData=conID: 1 locID: 102659352935596563 bcsId: 0} | ret=SUCCESS |  
2019-08-22 07:03:31,760 | INFO  | DNAudit | user=null | ip=null | op=PUT_BLOCK {blockData=[blockId=conID: 1 locID: 102659352935596563 bcsId: 0,size=1048576]} | ret=SUCCESS |  
2019-08-22 07:03:31,760 [grpc-default-executor-1] INFO  client.GrpcClientProtocolClient (GrpcClientProtocolClient.java:onNext(255)) - client-CF63D631FA17->3cf1264f-5f6b-4138-aeee-2ff7d4522ead: receive RaftClientReply:client-CF63D631FA17->3cf1264f-5f6b-4138-aeee-2ff7d4522ead@group-561E16522154, cid=1868, SUCCESS, logIndex=2723, commits[3cf1264f-5f6b-4138-aeee-2ff7d4522ead:c2725, 4f0d1a15-8f14-4d9a-ad4f-8211e1245b5d:c2722, 6999f20e-c3f7-4db4-87ca-141c476f2a88:c2722]
2019-08-22 07:03:31,760 | INFO  | DNAudit | user=null | ip=null | op=WRITE_CHUNK {blockData=conID: 1 locID: 102659352935596563 bcsId: 0} | ret=SUCCESS |  
2019-08-22 07:03:31,761 [grpc-default-executor-1] INFO  client.GrpcClientProtocolClient (GrpcClientProtocolClient.java:onNext(255)) - client-CF63D631FA17->3cf1264f-5f6b-4138-aeee-2ff7d4522ead: receive RaftClientReply:client-CF63D631FA17->3cf1264f-5f6b-4138-aeee-2ff7d4522ead@group-561E16522154, cid=1869, SUCCESS, logIndex=2724, commits[3cf1264f-5f6b-4138-aeee-2ff7d4522ead:c2726, 4f0d1a15-8f14-4d9a-ad4f-8211e1245b5d:c2722, 6999f20e-c3f7-4db4-87ca-141c476f2a88:c2722]
2019-08-22 07:03:31,761 | INFO  | DNAudit | user=null | ip=null | op=PUT_BLOCK {blockData=[blockId=conID: 1 locID: 102659352935596563 bcsId: 0,size=2097152]} | ret=SUCCESS |  
2019-08-22 07:03:31,761 [grpc-default-executor-1] INFO  client.GrpcClientProtocolClient (GrpcClientProtocolClient.java:onNext(255)) - client-CF63D631FA17->3cf1264f-5f6b-4138-aeee-2ff7d4522ead: receive RaftClientReply:client-CF63D631FA17->3cf1264f-5f6b-4138-aeee-2ff7d4522ead@group-561E16522154, cid=1870, SUCCESS, logIndex=2725, commits[3cf1264f-5f6b-4138-aeee-2ff7d4522ead:c2726, 4f0d1a15-8f14-4d9a-ad4f-8211e1245b5d:c2722, 6999f20e-c3f7-4db4-87ca-141c476f2a88:c2722]
2019-08-22 07:03:31,761 | INFO  | DNAudit | user=null | ip=null | op=WRITE_CHUNK {blockData=conID: 1 locID: 102659352935596563 bcsId: 0} | ret=SUCCESS |  
2019-08-22 07:03:31,762 [grpc-default-executor-0] INFO  client.GrpcClientProtocolClient (GrpcClientProtocolClient.java:onNext(255)) - client-CF63D631FA17->3cf1264f-5f6b-4138-aeee-2ff7d4522ead: receive RaftClientReply:client-CF63D631FA17->3cf1264f-5f6b-4138-aeee-2ff7d4522ead@group-561E16522154, cid=1871, SUCCESS, logIndex=2726, commits[3cf1264f-5f6b-4138-aeee-2ff7d4522ead:c2726, 4f0d1a15-8f14-4d9a-ad4f-8211e1245b5d:c2722, 6999f20e-c3f7-4db4-87ca-141c476f2a88:c2722]
2019-08-22 07:03:31,763 | INFO  | DNAudit | user=null | ip=null | op=PUT_BLOCK {blockData=[blockId=conID: 1 locID: 102659352935596563 bcsId: 0,size=1048576]} | ret=SUCCESS |  
2019-08-22 07:03:31,763 | INFO  | DNAudit | user=null | ip=null | op=WRITE_CHUNK {blockData=conID: 1 locID: 102659352935596563 bcsId: 0} | ret=SUCCESS |  
2019-08-22 07:03:31,764 | INFO  | DNAudit | user=null | ip=null | op=WRITE_CHUNK {blockData=conID: 1 locID: 102659352935596563 bcsId: 0} | ret=SUCCESS |  
2019-08-22 07:03:31,764 | INFO  | DNAudit | user=null | ip=null | op=PUT_BLOCK {blockData=[blockId=conID: 1 locID: 102659352935596563 bcsId: 0,size=2097152]} | ret=SUCCESS |  
2019-08-22 07:03:31,764 | INFO  | DNAudit | user=null | ip=null | op=PUT_BLOCK {blockData=[blockId=conID: 1 locID: 102659352935596563 bcsId: 0,size=1048576]} | ret=SUCCESS |  
2019-08-22 07:03:31,764 | INFO  | DNAudit | user=null | ip=null | op=WRITE_CHUNK {blockData=conID: 1 locID: 102659352935596563 bcsId: 0} | ret=SUCCESS |  
2019-08-22 07:03:31,764 [grpc-default-executor-0] INFO  client.GrpcClientProtocolClient (GrpcClientProtocolClient.java:onNext(255)) - client-CF63D631FA17->3cf1264f-5f6b-4138-aeee-2ff7d4522ead: receive RaftClientReply:client-CF63D631FA17->3cf1264f-5f6b-4138-aeee-2ff7d4522ead@group-561E16522154, cid=1872, SUCCESS, logIndex=0, commits[3cf1264f-5f6b-4138-aeee-2ff7d4522ead:c2729, 4f0d1a15-8f14-4d9a-ad4f-8211e1245b5d:c2724, 6999f20e-c3f7-4db4-87ca-141c476f2a88:c2725]
2019-08-22 07:03:31,765 | INFO  | DNAudit | user=null | ip=null | op=PUT_BLOCK {blockData=[blockId=conID: 1 locID: 102659352935596563 bcsId: 0,size=2097152]} | ret=SUCCESS |  
2019-08-22 07:03:31,771 | INFO  | DNAudit | user=null | ip=null | op=WRITE_CHUNK {blockData=conID: 1 locID: 102659352935596563 bcsId: 2726} | ret=SUCCESS |  
 0.00% |█                                                                                                    |  0/1 Time: 0:00:142019-08-22 07:03:31,773 | INFO  | DNAudit | user=null | ip=null | op=WRITE_CHUNK {blockData=conID: 1 locID: 102659352935596563 bcsId: 2726} | ret=SUCCESS |  
2019-08-22 07:03:31,774 | INFO  | DNAudit | user=null | ip=null | op=WRITE_CHUNK {blockData=conID: 1 locID: 102659352935596563 bcsId: 2726} | ret=SUCCESS |  
2019-08-22 07:03:31,785 | INFO  | DNAudit | user=null | ip=null | op=WRITE_CHUNK {blockData=conID: 1 locID: 102659352935596563 bcsId: 2726} | ret=SUCCESS |  
2019-08-22 07:03:31,785 | INFO  | DNAudit | user=null | ip=null | op=PUT_BLOCK {blockData=[blockId=conID: 1 locID: 102659352935596563 bcsId: 0,size=3145728]} | ret=SUCCESS |  
2019-08-22 07:03:31,785 [grpc-default-executor-0] INFO  client.GrpcClientProtocolClient (GrpcClientProtocolClient.java:onNext(255)) - client-CF63D631FA17->3cf1264f-5f6b-4138-aeee-2ff7d4522ead: receive RaftClientReply:client-CF63D631FA17->3cf1264f-5f6b-4138-aeee-2ff7d4522ead@group-561E16522154, cid=1873, SUCCESS, logIndex=2731, commits[3cf1264f-5f6b-4138-aeee-2ff7d4522ead:c2732, 4f0d1a15-8f14-4d9a-ad4f-8211e1245b5d:c2726, 6999f20e-c3f7-4db4-87ca-141c476f2a88:c2730]
2019-08-22 07:03:31,786 [grpc-default-executor-0] INFO  client.GrpcClientProtocolClient (GrpcClientProtocolClient.java:onNext(255)) - client-CF63D631FA17->3cf1264f-5f6b-4138-aeee-2ff7d4522ead: receive RaftClientReply:client-CF63D631FA17->3cf1264f-5f6b-4138-aeee-2ff7d4522ead@group-561E16522154, cid=1874, SUCCESS, logIndex=2732, commits[3cf1264f-5f6b-4138-aeee-2ff7d4522ead:c2732, 4f0d1a15-8f14-4d9a-ad4f-8211e1245b5d:c2730, 6999f20e-c3f7-4db4-87ca-141c476f2a88:c2730]
2019-08-22 07:03:31,792 | INFO  | DNAudit | user=null | ip=null | op=WRITE_CHUNK {blockData=conID: 1 locID: 102659352935596563 bcsId: 2732} | ret=SUCCESS |  
2019-08-22 07:03:31,794 | INFO  | DNAudit | user=null | ip=null | op=WRITE_CHUNK {blockData=conID: 1 locID: 102659352935596563 bcsId: 2732} | ret=SUCCESS |  
2019-08-22 07:03:31,795 | INFO  | DNAudit | user=null | ip=null | op=WRITE_CHUNK {blockData=conID: 1 locID: 102659352935596563 bcsId: 2732} | ret=SUCCESS |  
2019-08-22 07:03:31,797 | INFO  | DNAudit | user=null | ip=null | op=WRITE_CHUNK {blockData=conID: 1 locID: 102659352935596563 bcsId: 2726} | ret=SUCCESS |  
2019-08-22 07:03:31,797 | INFO  | DNAudit | user=null | ip=null | op=WRITE_CHUNK {blockData=conID: 1 locID: 102659352935596563 bcsId: 2726} | ret=SUCCESS |  
2019-08-22 07:03:31,800 | INFO  | DNAudit | user=null | ip=null | op=PUT_BLOCK {blockData=[blockId=conID: 1 locID: 102659352935596563 bcsId: 0,size=3145728]} | ret=SUCCESS |  
2019-08-22 07:03:31,800 | INFO  | DNAudit | user=null | ip=null | op=PUT_BLOCK {blockData=[blockId=conID: 1 locID: 102659352935596563 bcsId: 0,size=3145728]} | ret=SUCCESS |  
2019-08-22 07:03:31,801 | INFO  | DNAudit | user=null | ip=null | op=WRITE_CHUNK {blockData=conID: 1 locID: 102659352935596563 bcsId: 2732} | ret=SUCCESS |  
2019-08-22 07:03:31,801 | INFO  | DNAudit | user=null | ip=null | op=PUT_BLOCK {blockData=[blockId=conID: 1 locID: 102659352935596563 bcsId: 0,size=4194304]} | ret=SUCCESS |  
2019-08-22 07:03:31,801 [grpc-default-executor-1] INFO  client.GrpcClientProtocolClient (GrpcClientProtocolClient.java:onNext(255)) - client-CF63D631FA17->3cf1264f-5f6b-4138-aeee-2ff7d4522ead: receive RaftClientReply:client-CF63D631FA17->3cf1264f-5f6b-4138-aeee-2ff7d4522ead@group-561E16522154, cid=1875, SUCCESS, logIndex=2735, commits[3cf1264f-5f6b-4138-aeee-2ff7d4522ead:c2736, 4f0d1a15-8f14-4d9a-ad4f-8211e1245b5d:c2732, 6999f20e-c3f7-4db4-87ca-141c476f2a88:c2732]
2019-08-22 07:03:31,802 [grpc-default-executor-1] INFO  client.GrpcClientProtocolClient (GrpcClientProtocolClient.java:onNext(255)) - client-CF63D631FA17->3cf1264f-5f6b-4138-aeee-2ff7d4522ead: receive RaftClientReply:client-CF63D631FA17->3cf1264f-5f6b-4138-aeee-2ff7d4522ead@group-561E16522154, cid=1876, SUCCESS, logIndex=2736, commits[3cf1264f-5f6b-4138-aeee-2ff7d4522ead:c2736, 4f0d1a15-8f14-4d9a-ad4f-8211e1245b5d:c2732, 6999f20e-c3f7-4db4-87ca-141c476f2a88:c2732]
2019-08-22 07:03:31,804 | INFO  | DNAudit | user=null | ip=null | op=WRITE_CHUNK {blockData=conID: 1 locID: 102659352935596563 bcsId: 2732} | ret=SUCCESS |  
2019-08-22 07:03:31,804 | INFO  | DNAudit | user=null | ip=null | op=WRITE_CHUNK {blockData=conID: 1 locID: 102659352935596563 bcsId: 2732} | ret=SUCCESS |  
2019-08-22 07:03:31,808 | INFO  | DNAudit | user=null | ip=null | op=PUT_BLOCK {blockData=[blockId=conID: 1 locID: 102659352935596563 bcsId: 0,size=4194304]} | ret=SUCCESS |  
2019-08-22 07:03:31,808 | INFO  | DNAudit | user=null | ip=null | op=PUT_BLOCK {blockData=[blockId=conID: 1 locID: 102659352935596563 bcsId: 0,size=4194304]} | ret=SUCCESS |  
2019-08-22 07:03:31,808 [grpc-default-executor-0] INFO  client.GrpcClientProtocolClient (GrpcClientProtocolClient.java:onNext(255)) - client-CF63D631FA17->3cf1264f-5f6b-4138-aeee-2ff7d4522ead: receive RaftClientReply:client-CF63D631FA17->3cf1264f-5f6b-4138-aeee-2ff7d4522ead@group-561E16522154, cid=1877, SUCCESS, logIndex=0, commits[3cf1264f-5f6b-4138-aeee-2ff7d4522ead:c2738, 4f0d1a15-8f14-4d9a-ad4f-8211e1245b5d:c2736, 6999f20e-c3f7-4db4-87ca-141c476f2a88:c2736]
2019-08-22 07:03:31,814 | INFO  | SCMAudit | user=jenkins1000 | ip=192.168.34.31 | op=ALLOCATE_BLOCK {owner=04b6d46a-98e2-41b1-9f38-1870289993ea, size=4194304, type=RATIS, factor=THREE} | ret=SUCCESS |  
2019-08-22 07:03:31,817 | INFO  | OMAudit | user=jenkins1000 | ip=127.0.0.1 | op=ALLOCATE_BLOCK {volume=vol-0-14906, bucket=bucket-0-53153, key=key-0-33222, dataSize=0, replicationType=null, replicationFactor=null, keyLocationInfo=null, clientID=102659352017764754} | ret=SUCCESS |  
2019-08-22 07:03:31,825 | INFO  | DNAudit | user=null | ip=null | op=WRITE_CHUNK {blockData=conID: 2 locID: 102659352940642836 bcsId: 0} | ret=SUCCESS |  
2019-08-22 07:03:31,827 | INFO  | DNAudit | user=null | ip=null | op=WRITE_CHUNK {blockData=conID: 2 locID: 102659352940642836 bcsId: 0} | ret=SUCCESS |  
2019-08-22 07:03:31,828 | INFO  | DNAudit | user=null | ip=null | op=WRITE_CHUNK {blockData=conID: 2 locID: 102659352940642836 bcsId: 0} | ret=SUCCESS |  
2019-08-22 07:03:31,828 | INFO  | DNAudit | user=null | ip=null | op=WRITE_CHUNK {blockData=conID: 2 locID: 102659352940642836 bcsId: 0} | ret=SUCCESS |  
2019-08-22 07:03:31,830 | INFO  | DNAudit | user=null | ip=null | op=WRITE_CHUNK {blockData=conID: 2 locID: 102659352940642836 bcsId: 0} | ret=SUCCESS |  
2019-08-22 07:03:31,830 | INFO  | DNAudit | user=null | ip=null | op=WRITE_CHUNK {blockData=conID: 2 locID: 102659352940642836 bcsId: 0} | ret=SUCCESS |  
2019-08-22 07:03:31,847 | INFO  | DNAudit | user=null | ip=null | op=WRITE_CHUNK {blockData=conID: 2 locID: 102659352940642836 bcsId: 0} | ret=SUCCESS |  
2019-08-22 07:03:31,847 | INFO  | DNAudit | user=null | ip=null | op=PUT_BLOCK {blockData=[blockId=conID: 2 locID: 102659352940642836 bcsId: 0,size=1048576]} | ret=SUCCESS |  
2019-08-22 07:03:31,848 [grpc-default-executor-0] INFO  client.GrpcClientProtocolClient (GrpcClientProtocolClient.java:onNext(255)) - client-CF63D631FA17->3cf1264f-5f6b-4138-aeee-2ff7d4522ead: receive RaftClientReply:client-CF63D631FA17->3cf1264f-5f6b-4138-aeee-2ff7d4522ead@group-561E16522154, cid=1878, SUCCESS, logIndex=2739, commits[3cf1264f-5f6b-4138-aeee-2ff7d4522ead:c2741, 4f0d1a15-8f14-4d9a-ad4f-8211e1245b5d:c2738, 6999f20e-c3f7-4db4-87ca-141c476f2a88:c2738]
2019-08-22 07:03:31,848 | INFO  | DNAudit | user=null | ip=null | op=WRITE_CHUNK {blockData=conID: 2 locID: 102659352940642836 bcsId: 0} | ret=SUCCESS |  
2019-08-22 07:03:31,848 [grpc-default-executor-0] INFO  client.GrpcClientProtocolClient (GrpcClientProtocolClient.java:onNext(255)) - client-CF63D631FA17->3cf1264f-5f6b-4138-aeee-2ff7d4522ead: receive RaftClientReply:client-CF63D631FA17->3cf1264f-5f6b-4138-aeee-2ff7d4522ead@group-561E16522154, cid=1879, SUCCESS, logIndex=2740, commits[3cf1264f-5f6b-4138-aeee-2ff7d4522ead:c2742, 4f0d1a15-8f14-4d9a-ad4f-8211e1245b5d:c2738, 6999f20e-c3f7-4db4-87ca-141c476f2a88:c2738]
2019-08-22 07:03:31,848 | INFO  | DNAudit | user=null | ip=null | op=PUT_BLOCK {blockData=[blockId=conID: 2 locID: 102659352940642836 bcsId: 0,size=2097152]} | ret=SUCCESS |  
2019-08-22 07:03:31,849 [grpc-default-executor-0] INFO  client.GrpcClientProtocolClient (GrpcClientProtocolClient.java:onNext(255)) - client-CF63D631FA17->3cf1264f-5f6b-4138-aeee-2ff7d4522ead: receive RaftClientReply:client-CF63D631FA17->3cf1264f-5f6b-4138-aeee-2ff7d4522ead@group-561E16522154, cid=1880, SUCCESS, logIndex=2741, commits[3cf1264f-5f6b-4138-aeee-2ff7d4522ead:c2742, 4f0d1a15-8f14-4d9a-ad4f-8211e1245b5d:c2738, 6999f20e-c3f7-4db4-87ca-141c476f2a88:c2738]
2019-08-22 07:03:31,849 [grpc-default-executor-0] INFO  client.GrpcClientProtocolClient (GrpcClientProtocolClient.java:onNext(255)) - client-CF63D631FA17->3cf1264f-5f6b-4138-aeee-2ff7d4522ead: receive RaftClientReply:client-CF63D631FA17->3cf1264f-5f6b-4138-aeee-2ff7d4522ead@group-561E16522154, cid=1881, SUCCESS, logIndex=2742, commits[3cf1264f-5f6b-4138-aeee-2ff7d4522ead:c2742, 4f0d1a15-8f14-4d9a-ad4f-8211e1245b5d:c2738, 6999f20e-c3f7-4db4-87ca-141c476f2a88:c2738]
2019-08-22 07:03:31,850 | INFO  | DNAudit | user=null | ip=null | op=WRITE_CHUNK {blockData=conID: 2 locID: 102659352940642836 bcsId: 0} | ret=SUCCESS |  
2019-08-22 07:03:31,862 | INFO  | DNAudit | user=null | ip=null | op=WRITE_CHUNK {blockData=conID: 2 locID: 102659352940642836 bcsId: 0} | ret=SUCCESS |  
2019-08-22 07:03:31,862 | INFO  | DNAudit | user=null | ip=null | op=PUT_BLOCK {blockData=[blockId=conID: 2 locID: 102659352940642836 bcsId: 0,size=1048576]} | ret=SUCCESS |  
2019-08-22 07:03:31,862 | INFO  | DNAudit | user=null | ip=null | op=WRITE_CHUNK {blockData=conID: 2 locID: 102659352940642836 bcsId: 0} | ret=SUCCESS |  
2019-08-22 07:03:31,863 | INFO  | DNAudit | user=null | ip=null | op=PUT_BLOCK {blockData=[blockId=conID: 2 locID: 102659352940642836 bcsId: 0,size=2097152]} | ret=SUCCESS |  
2019-08-22 07:03:31,863 | INFO  | DNAudit | user=null | ip=null | op=PUT_BLOCK {blockData=[blockId=conID: 2 locID: 102659352940642836 bcsId: 0,size=1048576]} | ret=SUCCESS |  
2019-08-22 07:03:31,863 | INFO  | DNAudit | user=null | ip=null | op=WRITE_CHUNK {blockData=conID: 2 locID: 102659352940642836 bcsId: 0} | ret=SUCCESS |  
2019-08-22 07:03:31,863 | INFO  | DNAudit | user=null | ip=null | op=PUT_BLOCK {blockData=[blockId=conID: 2 locID: 102659352940642836 bcsId: 0,size=2097152]} | ret=SUCCESS |  
2019-08-22 07:03:31,863 [grpc-default-executor-0] INFO  client.GrpcClientProtocolClient (GrpcClientProtocolClient.java:onNext(255)) - client-CF63D631FA17->3cf1264f-5f6b-4138-aeee-2ff7d4522ead: receive RaftClientReply:client-CF63D631FA17->3cf1264f-5f6b-4138-aeee-2ff7d4522ead@group-561E16522154, cid=1882, SUCCESS, logIndex=0, commits[3cf1264f-5f6b-4138-aeee-2ff7d4522ead:c2746, 4f0d1a15-8f14-4d9a-ad4f-8211e1245b5d:c2742, 6999f20e-c3f7-4db4-87ca-141c476f2a88:c2740]
2019-08-22 07:03:31,870 | INFO  | DNAudit | user=null | ip=null | op=WRITE_CHUNK {blockData=conID: 2 locID: 102659352940642836 bcsId: 2742} | ret=SUCCESS |  
2019-08-22 07:03:31,874 | INFO  | DNAudit | user=null | ip=null | op=WRITE_CHUNK {blockData=conID: 2 locID: 102659352940642836 bcsId: 2742} | ret=SUCCESS |  
2019-08-22 07:03:31,874 | INFO  | DNAudit | user=null | ip=null | op=WRITE_CHUNK {blockData=conID: 2 locID: 102659352940642836 bcsId: 2742} | ret=SUCCESS |  
2019-08-22 07:03:31,882 | INFO  | DNAudit | user=null | ip=null | op=WRITE_CHUNK {blockData=conID: 2 locID: 102659352940642836 bcsId: 2742} | ret=SUCCESS |  
2019-08-22 07:03:31,882 | INFO  | DNAudit | user=null | ip=null | op=PUT_BLOCK {blockData=[blockId=conID: 2 locID: 102659352940642836 bcsId: 0,size=3145728]} | ret=SUCCESS |  
2019-08-22 07:03:31,883 [grpc-default-executor-0] INFO  client.GrpcClientProtocolClient (GrpcClientProtocolClient.java:onNext(255)) - client-CF63D631FA17->3cf1264f-5f6b-4138-aeee-2ff7d4522ead: receive RaftClientReply:client-CF63D631FA17->3cf1264f-5f6b-4138-aeee-2ff7d4522ead@group-561E16522154, cid=1883, SUCCESS, logIndex=2747, commits[3cf1264f-5f6b-4138-aeee-2ff7d4522ead:c2748, 4f0d1a15-8f14-4d9a-ad4f-8211e1245b5d:c2746, 6999f20e-c3f7-4db4-87ca-141c476f2a88:c2746]
2019-08-22 07:03:31,883 [grpc-default-executor-0] INFO  client.GrpcClientProtocolClient (GrpcClientProtocolClient.java:onNext(255)) - client-CF63D631FA17->3cf1264f-5f6b-4138-aeee-2ff7d4522ead: receive RaftClientReply:client-CF63D631FA17->3cf1264f-5f6b-4138-aeee-2ff7d4522ead@group-561E16522154, cid=1884, SUCCESS, logIndex=2748, commits[3cf1264f-5f6b-4138-aeee-2ff7d4522ead:c2748, 4f0d1a15-8f14-4d9a-ad4f-8211e1245b5d:c2746, 6999f20e-c3f7-4db4-87ca-141c476f2a88:c2746]
2019-08-22 07:03:31,890 | INFO  | DNAudit | user=null | ip=null | op=WRITE_CHUNK {blockData=conID: 2 locID: 102659352940642836 bcsId: 2748} | ret=SUCCESS |  
2019-08-22 07:03:31,892 | INFO  | DNAudit | user=null | ip=null | op=WRITE_CHUNK {blockData=conID: 2 locID: 102659352940642836 bcsId: 2748} | ret=SUCCESS |  
2019-08-22 07:03:31,893 | INFO  | DNAudit | user=null | ip=null | op=WRITE_CHUNK {blockData=conID: 2 locID: 102659352940642836 bcsId: 2748} | ret=SUCCESS |  
2019-08-22 07:03:31,893 | INFO  | DNAudit | user=null | ip=null | op=WRITE_CHUNK {blockData=conID: 2 locID: 102659352940642836 bcsId: 2742} | ret=SUCCESS |  
2019-08-22 07:03:31,894 | INFO  | DNAudit | user=null | ip=null | op=WRITE_CHUNK {blockData=conID: 2 locID: 102659352940642836 bcsId: 2742} | ret=SUCCESS |  
2019-08-22 07:03:31,895 | INFO  | DNAudit | user=null | ip=null | op=PUT_BLOCK {blockData=[blockId=conID: 2 locID: 102659352940642836 bcsId: 0,size=3145728]} | ret=SUCCESS |  
2019-08-22 07:03:31,895 | INFO  | DNAudit | user=null | ip=null | op=PUT_BLOCK {blockData=[blockId=conID: 2 locID: 102659352940642836 bcsId: 0,size=3145728]} | ret=SUCCESS |  
2019-08-22 07:03:31,896 | INFO  | DNAudit | user=null | ip=null | op=WRITE_CHUNK {blockData=conID: 2 locID: 102659352940642836 bcsId: 2748} | ret=SUCCESS |  
2019-08-22 07:03:31,896 | INFO  | DNAudit | user=null | ip=null | op=PUT_BLOCK {blockData=[blockId=conID: 2 locID: 102659352940642836 bcsId: 0,size=4194304]} | ret=SUCCESS |  
2019-08-22 07:03:31,896 [grpc-default-executor-3] INFO  client.GrpcClientProtocolClient (GrpcClientProtocolClient.java:onNext(255)) - client-CF63D631FA17->3cf1264f-5f6b-4138-aeee-2ff7d4522ead: receive RaftClientReply:client-CF63D631FA17->3cf1264f-5f6b-4138-aeee-2ff7d4522ead@group-561E16522154, cid=1885, SUCCESS, logIndex=2751, commits[3cf1264f-5f6b-4138-aeee-2ff7d4522ead:c2752, 4f0d1a15-8f14-4d9a-ad4f-8211e1245b5d:c2748, 6999f20e-c3f7-4db4-87ca-141c476f2a88:c2748]
2019-08-22 07:03:31,897 [grpc-default-executor-3] INFO  client.GrpcClientProtocolClient (GrpcClientProtocolClient.java:onNext(255)) - client-CF63D631FA17->3cf1264f-5f6b-4138-aeee-2ff7d4522ead: receive RaftClientReply:client-CF63D631FA17->3cf1264f-5f6b-4138-aeee-2ff7d4522ead@group-561E16522154, cid=1886, SUCCESS, logIndex=2752, commits[3cf1264f-5f6b-4138-aeee-2ff7d4522ead:c2752, 4f0d1a15-8f14-4d9a-ad4f-8211e1245b5d:c2748, 6999f20e-c3f7-4db4-87ca-141c476f2a88:c2748]
2019-08-22 07:03:31,907 | INFO  | DNAudit | user=null | ip=null | op=WRITE_CHUNK {blockData=conID: 2 locID: 102659352940642836 bcsId: 2748} | ret=SUCCESS |  
2019-08-22 07:03:31,907 | INFO  | DNAudit | user=null | ip=null | op=WRITE_CHUNK {blockData=conID: 2 locID: 102659352940642836 bcsId: 2748} | ret=SUCCESS |  
2019-08-22 07:03:31,907 | INFO  | DNAudit | user=null | ip=null | op=PUT_BLOCK {blockData=[blockId=conID: 2 locID: 102659352940642836 bcsId: 0,size=4194304]} | ret=SUCCESS |  
2019-08-22 07:03:31,908 | INFO  | DNAudit | user=null | ip=null | op=PUT_BLOCK {blockData=[blockId=conID: 2 locID: 102659352940642836 bcsId: 0,size=4194304]} | ret=SUCCESS |  
2019-08-22 07:03:31,908 [grpc-default-executor-3] INFO  client.GrpcClientProtocolClient (GrpcClientProtocolClient.java:onNext(255)) - client-CF63D631FA17->3cf1264f-5f6b-4138-aeee-2ff7d4522ead: receive RaftClientReply:client-CF63D631FA17->3cf1264f-5f6b-4138-aeee-2ff7d4522ead@group-561E16522154, cid=1887, SUCCESS, logIndex=0, commits[3cf1264f-5f6b-4138-aeee-2ff7d4522ead:c2753, 4f0d1a15-8f14-4d9a-ad4f-8211e1245b5d:c2752, 6999f20e-c3f7-4db4-87ca-141c476f2a88:c2752]
2019-08-22 07:03:31,914 | INFO  | SCMAudit | user=jenkins1000 | ip=192.168.34.31 | op=ALLOCATE_BLOCK {owner=04b6d46a-98e2-41b1-9f38-1870289993ea, size=4194304, type=RATIS, factor=THREE} | ret=SUCCESS |  
2019-08-22 07:03:31,917 | INFO  | OMAudit | user=jenkins1000 | ip=127.0.0.1 | op=ALLOCATE_BLOCK {volume=vol-0-14906, bucket=bucket-0-53153, key=key-0-33222, dataSize=0, replicationType=null, replicationFactor=null, keyLocationInfo=null, clientID=102659352017764754} | ret=SUCCESS |  
2019-08-22 07:03:31,925 | INFO  | SCMAudit | user=jenkins1000 | ip=192.168.34.31 | op=SEND_HEARTBEAT {datanodeUUID=4f0d1a15-8f14-4d9a-ad4f-8211e1245b5d, command=[]} | ret=SUCCESS |  
2019-08-22 07:03:31,925 | INFO  | DNAudit | user=null | ip=null | op=WRITE_CHUNK {blockData=conID: 3 locID: 102659352947130901 bcsId: 0} | ret=SUCCESS |  
2019-08-22 07:03:31,926 | INFO  | SCMAudit | user=jenkins1000 | ip=192.168.34.31 | op=SEND_HEARTBEAT {datanodeUUID=3cf1264f-5f6b-4138-aeee-2ff7d4522ead, command=[]} | ret=SUCCESS |  
2019-08-22 07:03:31,926 | INFO  | SCMAudit | user=jenkins1000 | ip=192.168.34.31 | op=SEND_HEARTBEAT {datanodeUUID=6999f20e-c3f7-4db4-87ca-141c476f2a88, command=[]} | ret=SUCCESS |  
2019-08-22 07:03:31,929 | INFO  | DNAudit | user=null | ip=null | op=WRITE_CHUNK {blockData=conID: 3 locID: 102659352947130901 bcsId: 0} | ret=SUCCESS |  
2019-08-22 07:03:31,929 | INFO  | DNAudit | user=null | ip=null | op=WRITE_CHUNK {blockData=conID: 3 locID: 102659352947130901 bcsId: 0} | ret=SUCCESS |  
2019-08-22 07:03:31,929 | INFO  | DNAudit | user=null | ip=null | op=WRITE_CHUNK {blockData=conID: 3 locID: 102659352947130901 bcsId: 0} | ret=SUCCESS |  
2019-08-22 07:03:31,931 | INFO  | DNAudit | user=null | ip=null | op=WRITE_CHUNK {blockData=conID: 3 locID: 102659352947130901 bcsId: 0} | ret=SUCCESS |  
2019-08-22 07:03:31,932 | INFO  | DNAudit | user=null | ip=null | op=WRITE_CHUNK {blockData=conID: 3 locID: 102659352947130901 bcsId: 0} | ret=SUCCESS |  
2019-08-22 07:03:31,940 | INFO  | DNAudit | user=null | ip=null | op=WRITE_CHUNK {blockData=conID: 3 locID: 102659352947130901 bcsId: 0} | ret=SUCCESS |  
2019-08-22 07:03:31,940 | INFO  | DNAudit | user=null | ip=null | op=PUT_BLOCK {blockData=[blockId=conID: 3 locID: 102659352947130901 bcsId: 0,size=1048576]} | ret=SUCCESS |  
2019-08-22 07:03:31,940 [grpc-default-executor-3] INFO  client.GrpcClientProtocolClient (GrpcClientProtocolClient.java:onNext(255)) - client-CF63D631FA17->3cf1264f-5f6b-4138-aeee-2ff7d4522ead: receive RaftClientReply:client-CF63D631FA17->3cf1264f-5f6b-4138-aeee-2ff7d4522ead@group-561E16522154, cid=1888, SUCCESS, logIndex=2755, commits[3cf1264f-5f6b-4138-aeee-2ff7d4522ead:c2756, 4f0d1a15-8f14-4d9a-ad4f-8211e1245b5d:c2754, 6999f20e-c3f7-4db4-87ca-141c476f2a88:c2752]
2019-08-22 07:03:31,941 [grpc-default-executor-3] INFO  client.GrpcClientProtocolClient (GrpcClientProtocolClient.java:onNext(255)) - client-CF63D631FA17->3cf1264f-5f6b-4138-aeee-2ff7d4522ead: receive RaftClientReply:client-CF63D631FA17->3cf1264f-5f6b-4138-aeee-2ff7d4522ead@group-561E16522154, cid=1889, SUCCESS, logIndex=2756, commits[3cf1264f-5f6b-4138-aeee-2ff7d4522ead:c2756, 4f0d1a15-8f14-4d9a-ad4f-8211e1245b5d:c2754, 6999f20e-c3f7-4db4-87ca-141c476f2a88:c2754]
2019-08-22 07:03:31,950 | INFO  | DNAudit | user=null | ip=null | op=WRITE_CHUNK {blockData=conID: 3 locID: 102659352947130901 bcsId: 0} | ret=SUCCESS |  
2019-08-22 07:03:31,950 | INFO  | DNAudit | user=null | ip=null | op=PUT_BLOCK {blockData=[blockId=conID: 3 locID: 102659352947130901 bcsId: 0,size=2097152]} | ret=SUCCESS |  
2019-08-22 07:03:31,950 [grpc-default-executor-3] INFO  client.GrpcClientProtocolClient (GrpcClientProtocolClient.java:onNext(255)) - client-CF63D631FA17->3cf1264f-5f6b-4138-aeee-2ff7d4522ead: receive RaftClientReply:client-CF63D631FA17->3cf1264f-5f6b-4138-aeee-2ff7d4522ead@group-561E16522154, cid=1890, SUCCESS, logIndex=2757, commits[3cf1264f-5f6b-4138-aeee-2ff7d4522ead:c2758, 4f0d1a15-8f14-4d9a-ad4f-8211e1245b5d:c2754, 6999f20e-c3f7-4db4-87ca-141c476f2a88:c2754]
2019-08-22 07:03:31,951 [grpc-default-executor-3] INFO  client.GrpcClientProtocolClient (GrpcClientProtocolClient.java:onNext(255)) - client-CF63D631FA17->3cf1264f-5f6b-4138-aeee-2ff7d4522ead: receive RaftClientReply:client-CF63D631FA17->3cf1264f-5f6b-4138-aeee-2ff7d4522ead@group-561E16522154, cid=1891, SUCCESS, logIndex=2758, commits[3cf1264f-5f6b-4138-aeee-2ff7d4522ead:c2758, 4f0d1a15-8f14-4d9a-ad4f-8211e1245b5d:c2754, 6999f20e-c3f7-4db4-87ca-141c476f2a88:c2754]
2019-08-22 07:03:31,952 | INFO  | DNAudit | user=null | ip=null | op=WRITE_CHUNK {blockData=conID: 3 locID: 102659352947130901 bcsId: 0} | ret=SUCCESS |  
2019-08-22 07:03:31,952 | INFO  | DNAudit | user=null | ip=null | op=PUT_BLOCK {blockData=[blockId=conID: 3 locID: 102659352947130901 bcsId: 0,size=1048576]} | ret=SUCCESS |  
2019-08-22 07:03:31,952 | INFO  | DNAudit | user=null | ip=null | op=WRITE_CHUNK {blockData=conID: 3 locID: 102659352947130901 bcsId: 0} | ret=SUCCESS |  
2019-08-22 07:03:31,953 | INFO  | DNAudit | user=null | ip=null | op=PUT_BLOCK {blockData=[blockId=conID: 3 locID: 102659352947130901 bcsId: 0,size=1048576]} | ret=SUCCESS |  
2019-08-22 07:03:31,953 [grpc-default-executor-1] INFO  client.GrpcClientProtocolClient (GrpcClientProtocolClient.java:onNext(255)) - client-CF63D631FA17->3cf1264f-5f6b-4138-aeee-2ff7d4522ead: receive RaftClientReply:client-CF63D631FA17->3cf1264f-5f6b-4138-aeee-2ff7d4522ead@group-561E16522154, cid=1892, SUCCESS, logIndex=0, commits[3cf1264f-5f6b-4138-aeee-2ff7d4522ead:c2758, 4f0d1a15-8f14-4d9a-ad4f-8211e1245b5d:c2756, 6999f20e-c3f7-4db4-87ca-141c476f2a88:c2756]
2019-08-22 07:03:31,962 | INFO  | DNAudit | user=null | ip=null | op=WRITE_CHUNK {blockData=conID: 3 locID: 102659352947130901 bcsId: 2758} | ret=SUCCESS |  
2019-08-22 07:03:31,964 | INFO  | DNAudit | user=null | ip=null | op=WRITE_CHUNK {blockData=conID: 3 locID: 102659352947130901 bcsId: 2758} | ret=SUCCESS |  
2019-08-22 07:03:31,964 | INFO  | DNAudit | user=null | ip=null | op=WRITE_CHUNK {blockData=conID: 3 locID: 102659352947130901 bcsId: 2758} | ret=SUCCESS |  
2019-08-22 07:03:31,977 | INFO  | DNAudit | user=null | ip=null | op=WRITE_CHUNK {blockData=conID: 3 locID: 102659352947130901 bcsId: 0} | ret=SUCCESS |  
2019-08-22 07:03:31,978 | INFO  | DNAudit | user=null | ip=null | op=WRITE_CHUNK {blockData=conID: 3 locID: 102659352947130901 bcsId: 0} | ret=SUCCESS |  
2019-08-22 07:03:31,978 | INFO  | DNAudit | user=null | ip=null | op=WRITE_CHUNK {blockData=conID: 3 locID: 102659352947130901 bcsId: 2758} | ret=SUCCESS |  
2019-08-22 07:03:31,978 | INFO  | DNAudit | user=null | ip=null | op=PUT_BLOCK {blockData=[blockId=conID: 3 locID: 102659352947130901 bcsId: 0,size=3145728]} | ret=SUCCESS |  
2019-08-22 07:03:31,978 | INFO  | DNAudit | user=null | ip=null | op=PUT_BLOCK {blockData=[blockId=conID: 3 locID: 102659352947130901 bcsId: 0,size=2097152]} | ret=SUCCESS |  
2019-08-22 07:03:31,978 | INFO  | DNAudit | user=null | ip=null | op=PUT_BLOCK {blockData=[blockId=conID: 3 locID: 102659352947130901 bcsId: 0,size=2097152]} | ret=SUCCESS |  
2019-08-22 07:03:31,978 [grpc-default-executor-1] INFO  client.GrpcClientProtocolClient (GrpcClientProtocolClient.java:onNext(255)) - client-CF63D631FA17->3cf1264f-5f6b-4138-aeee-2ff7d4522ead: receive RaftClientReply:client-CF63D631FA17->3cf1264f-5f6b-4138-aeee-2ff7d4522ead@group-561E16522154, cid=1893, SUCCESS, logIndex=2763, commits[3cf1264f-5f6b-4138-aeee-2ff7d4522ead:c2764, 4f0d1a15-8f14-4d9a-ad4f-8211e1245b5d:c2758, 6999f20e-c3f7-4db4-87ca-141c476f2a88:c2758]
2019-08-22 07:03:31,979 [grpc-default-executor-1] INFO  client.GrpcClientProtocolClient (GrpcClientProtocolClient.java:onNext(255)) - client-CF63D631FA17->3cf1264f-5f6b-4138-aeee-2ff7d4522ead: receive RaftClientReply:client-CF63D631FA17->3cf1264f-5f6b-4138-aeee-2ff7d4522ead@group-561E16522154, cid=1894, SUCCESS, logIndex=2764, commits[3cf1264f-5f6b-4138-aeee-2ff7d4522ead:c2764, 4f0d1a15-8f14-4d9a-ad4f-8211e1245b5d:c2758, 6999f20e-c3f7-4db4-87ca-141c476f2a88:c2758]
2019-08-22 07:03:31,985 | INFO  | DNAudit | user=null | ip=null | op=WRITE_CHUNK {blockData=conID: 3 locID: 102659352947130901 bcsId: 2764} | ret=SUCCESS |  
2019-08-22 07:03:31,987 | INFO  | DNAudit | user=null | ip=null | op=WRITE_CHUNK {blockData=conID: 3 locID: 102659352947130901 bcsId: 2764} | ret=SUCCESS |  
2019-08-22 07:03:31,988 | INFO  | DNAudit | user=null | ip=null | op=WRITE_CHUNK {blockData=conID: 3 locID: 102659352947130901 bcsId: 2764} | ret=SUCCESS |  
2019-08-22 07:03:31,991 | INFO  | DNAudit | user=null | ip=null | op=WRITE_CHUNK {blockData=conID: 3 locID: 102659352947130901 bcsId: 2758} | ret=SUCCESS |  
2019-08-22 07:03:31,991 | INFO  | DNAudit | user=null | ip=null | op=WRITE_CHUNK {blockData=conID: 3 locID: 102659352947130901 bcsId: 2758} | ret=SUCCESS |  
2019-08-22 07:03:32,005 | INFO  | DNAudit | user=null | ip=null | op=PUT_BLOCK {blockData=[blockId=conID: 3 locID: 102659352947130901 bcsId: 0,size=3145728]} | ret=SUCCESS |  
2019-08-22 07:03:32,005 | INFO  | DNAudit | user=null | ip=null | op=PUT_BLOCK {blockData=[blockId=conID: 3 locID: 102659352947130901 bcsId: 0,size=3145728]} | ret=SUCCESS |  
2019-08-22 07:03:32,005 | INFO  | DNAudit | user=null | ip=null | op=WRITE_CHUNK {blockData=conID: 3 locID: 102659352947130901 bcsId: 2764} | ret=SUCCESS |  
2019-08-22 07:03:32,006 | INFO  | DNAudit | user=null | ip=null | op=PUT_BLOCK {blockData=[blockId=conID: 3 locID: 102659352947130901 bcsId: 0,size=4194304]} | ret=SUCCESS |  
2019-08-22 07:03:32,006 [grpc-default-executor-1] INFO  client.GrpcClientProtocolClient (GrpcClientProtocolClient.java:onNext(255)) - client-CF63D631FA17->3cf1264f-5f6b-4138-aeee-2ff7d4522ead: receive RaftClientReply:client-CF63D631FA17->3cf1264f-5f6b-4138-aeee-2ff7d4522ead@group-561E16522154, cid=1895, SUCCESS, logIndex=2767, commits[3cf1264f-5f6b-4138-aeee-2ff7d4522ead:c2768, 4f0d1a15-8f14-4d9a-ad4f-8211e1245b5d:c2764, 6999f20e-c3f7-4db4-87ca-141c476f2a88:c2764]
2019-08-22 07:03:32,006 [grpc-default-executor-1] INFO  client.GrpcClientProtocolClient (GrpcClientProtocolClient.java:onNext(255)) - client-CF63D631FA17->3cf1264f-5f6b-4138-aeee-2ff7d4522ead: receive RaftClientReply:client-CF63D631FA17->3cf1264f-5f6b-4138-aeee-2ff7d4522ead@group-561E16522154, cid=1896, SUCCESS, logIndex=2768, commits[3cf1264f-5f6b-4138-aeee-2ff7d4522ead:c2768, 4f0d1a15-8f14-4d9a-ad4f-8211e1245b5d:c2764, 6999f20e-c3f7-4db4-87ca-141c476f2a88:c2764]
2019-08-22 07:03:32,018 | INFO  | DNAudit | user=null | ip=null | op=WRITE_CHUNK {blockData=conID: 3 locID: 102659352947130901 bcsId: 2764} | ret=SUCCESS |  
2019-08-22 07:03:32,018 | INFO  | DNAudit | user=null | ip=null | op=WRITE_CHUNK {blockData=conID: 3 locID: 102659352947130901 bcsId: 2764} | ret=SUCCESS |  
2019-08-22 07:03:32,037 | INFO  | DNAudit | user=null | ip=null | op=PUT_BLOCK {blockData=[blockId=conID: 3 locID: 102659352947130901 bcsId: 0,size=4194304]} | ret=SUCCESS |  
2019-08-22 07:03:32,037 | INFO  | DNAudit | user=null | ip=null | op=PUT_BLOCK {blockData=[blockId=conID: 3 locID: 102659352947130901 bcsId: 0,size=4194304]} | ret=SUCCESS |  
2019-08-22 07:03:32,038 [grpc-default-executor-1] INFO  client.GrpcClientProtocolClient (GrpcClientProtocolClient.java:onNext(255)) - client-CF63D631FA17->3cf1264f-5f6b-4138-aeee-2ff7d4522ead: receive RaftClientReply:client-CF63D631FA17->3cf1264f-5f6b-4138-aeee-2ff7d4522ead@group-561E16522154, cid=1897, SUCCESS, logIndex=0, commits[3cf1264f-5f6b-4138-aeee-2ff7d4522ead:c2770, 4f0d1a15-8f14-4d9a-ad4f-8211e1245b5d:c2768, 6999f20e-c3f7-4db4-87ca-141c476f2a88:c2768]
2019-08-22 07:03:32,045 | INFO  | SCMAudit | user=jenkins1000 | ip=192.168.34.31 | op=ALLOCATE_BLOCK {owner=04b6d46a-98e2-41b1-9f38-1870289993ea, size=4194304, type=RATIS, factor=THREE} | ret=SUCCESS |  
2019-08-22 07:03:32,048 | INFO  | OMAudit | user=jenkins1000 | ip=127.0.0.1 | op=ALLOCATE_BLOCK {volume=vol-0-14906, bucket=bucket-0-53153, key=key-0-33222, dataSize=0, replicationType=null, replicationFactor=null, keyLocationInfo=null, clientID=102659352017764754} | ret=SUCCESS |  
2019-08-22 07:03:32,058 | INFO  | DNAudit | user=null | ip=null | op=WRITE_CHUNK {blockData=conID: 1 locID: 102659352955716118 bcsId: 0} | ret=SUCCESS |  
2019-08-22 07:03:32,062 | INFO  | DNAudit | user=null | ip=null | op=WRITE_CHUNK {blockData=conID: 1 locID: 102659352955716118 bcsId: 0} | ret=SUCCESS |  
2019-08-22 07:03:32,063 | INFO  | DNAudit | user=null | ip=null | op=WRITE_CHUNK {blockData=conID: 1 locID: 102659352955716118 bcsId: 0} | ret=SUCCESS |  
2019-08-22 07:03:32,063 | INFO  | DNAudit | user=null | ip=null | op=WRITE_CHUNK {blockData=conID: 1 locID: 102659352955716118 bcsId: 0} | ret=SUCCESS |  
2019-08-22 07:03:32,065 | INFO  | DNAudit | user=null | ip=null | op=WRITE_CHUNK {blockData=conID: 1 locID: 102659352955716118 bcsId: 0} | ret=SUCCESS |  
2019-08-22 07:03:32,066 | INFO  | DNAudit | user=null | ip=null | op=PUT_BLOCK {blockData=[blockId=conID: 1 locID: 102659352955716118 bcsId: 0,size=1048576]} | ret=SUCCESS |  
2019-08-22 07:03:32,066 [grpc-default-executor-3] INFO  client.GrpcClientProtocolClient (GrpcClientProtocolClient.java:onNext(255)) - client-CF63D631FA17->3cf1264f-5f6b-4138-aeee-2ff7d4522ead: receive RaftClientReply:client-CF63D631FA17->3cf1264f-5f6b-4138-aeee-2ff7d4522ead@group-561E16522154, cid=1898, SUCCESS, logIndex=2771, commits[3cf1264f-5f6b-4138-aeee-2ff7d4522ead:c2772, 4f0d1a15-8f14-4d9a-ad4f-8211e1245b5d:c2768, 6999f20e-c3f7-4db4-87ca-141c476f2a88:c2770]
2019-08-22 07:03:32,067 [grpc-default-executor-3] INFO  client.GrpcClientProtocolClient (GrpcClientProtocolClient.java:onNext(255)) - client-CF63D631FA17->3cf1264f-5f6b-4138-aeee-2ff7d4522ead: receive RaftClientReply:client-CF63D631FA17->3cf1264f-5f6b-4138-aeee-2ff7d4522ead@group-561E16522154, cid=1899, SUCCESS, logIndex=2772, commits[3cf1264f-5f6b-4138-aeee-2ff7d4522ead:c2772, 4f0d1a15-8f14-4d9a-ad4f-8211e1245b5d:c2768, 6999f20e-c3f7-4db4-87ca-141c476f2a88:c2770]
2019-08-22 07:03:32,067 | INFO  | DNAudit | user=null | ip=null | op=WRITE_CHUNK {blockData=conID: 1 locID: 102659352955716118 bcsId: 0} | ret=SUCCESS |  
2019-08-22 07:03:32,067 | INFO  | DNAudit | user=null | ip=null | op=WRITE_CHUNK {blockData=conID: 1 locID: 102659352955716118 bcsId: 0} | ret=SUCCESS |  
2019-08-22 07:03:32,074 | INFO  | DNAudit | user=null | ip=null | op=WRITE_CHUNK {blockData=conID: 1 locID: 102659352955716118 bcsId: 0} | ret=SUCCESS |  
2019-08-22 07:03:32,074 | INFO  | DNAudit | user=null | ip=null | op=WRITE_CHUNK {blockData=conID: 1 locID: 102659352955716118 bcsId: 0} | ret=SUCCESS |  
2019-08-22 07:03:32,074 | INFO  | DNAudit | user=null | ip=null | op=PUT_BLOCK {blockData=[blockId=conID: 1 locID: 102659352955716118 bcsId: 0,size=1048576]} | ret=SUCCESS |  
2019-08-22 07:03:32,075 | INFO  | DNAudit | user=null | ip=null | op=PUT_BLOCK {blockData=[blockId=conID: 1 locID: 102659352955716118 bcsId: 0,size=2097152]} | ret=SUCCESS |  
2019-08-22 07:03:32,075 | INFO  | DNAudit | user=null | ip=null | op=WRITE_CHUNK {blockData=conID: 1 locID: 102659352955716118 bcsId: 0} | ret=SUCCESS |  
2019-08-22 07:03:32,075 [grpc-default-executor-3] INFO  client.GrpcClientProtocolClient (GrpcClientProtocolClient.java:onNext(255)) - client-CF63D631FA17->3cf1264f-5f6b-4138-aeee-2ff7d4522ead: receive RaftClientReply:client-CF63D631FA17->3cf1264f-5f6b-4138-aeee-2ff7d4522ead@group-561E16522154, cid=1900, SUCCESS, logIndex=2773, commits[3cf1264f-5f6b-4138-aeee-2ff7d4522ead:c2775, 4f0d1a15-8f14-4d9a-ad4f-8211e1245b5d:c2770, 6999f20e-c3f7-4db4-87ca-141c476f2a88:c2772]
2019-08-22 07:03:32,076 | INFO  | DNAudit | user=null | ip=null | op=PUT_BLOCK {blockData=[blockId=conID: 1 locID: 102659352955716118 bcsId: 0,size=1048576]} | ret=SUCCESS |  
2019-08-22 07:03:32,076 [grpc-default-executor-3] INFO  client.GrpcClientProtocolClient (GrpcClientProtocolClient.java:onNext(255)) - client-CF63D631FA17->3cf1264f-5f6b-4138-aeee-2ff7d4522ead: receive RaftClientReply:client-CF63D631FA17->3cf1264f-5f6b-4138-aeee-2ff7d4522ead@group-561E16522154, cid=1901, SUCCESS, logIndex=2774, commits[3cf1264f-5f6b-4138-aeee-2ff7d4522ead:c2776, 4f0d1a15-8f14-4d9a-ad4f-8211e1245b5d:c2772, 6999f20e-c3f7-4db4-87ca-141c476f2a88:c2772]
2019-08-22 07:03:32,076 | INFO  | DNAudit | user=null | ip=null | op=WRITE_CHUNK {blockData=conID: 1 locID: 102659352955716118 bcsId: 0} | ret=SUCCESS |  
2019-08-22 07:03:32,077 | INFO  | DNAudit | user=null | ip=null | op=WRITE_CHUNK {blockData=conID: 1 locID: 102659352955716118 bcsId: 0} | ret=SUCCESS |  
2019-08-22 07:03:32,078 | INFO  | DNAudit | user=null | ip=null | op=PUT_BLOCK {blockData=[blockId=conID: 1 locID: 102659352955716118 bcsId: 0,size=2097152]} | ret=SUCCESS |  
2019-08-22 07:03:32,079 | INFO  | DNAudit | user=null | ip=null | op=PUT_BLOCK {blockData=[blockId=conID: 1 locID: 102659352955716118 bcsId: 0,size=2097152]} | ret=SUCCESS |  
2019-08-22 07:03:32,084 | INFO  | DNAudit | user=null | ip=null | op=WRITE_CHUNK {blockData=conID: 1 locID: 102659352955716118 bcsId: 2774} | ret=SUCCESS |  
2019-08-22 07:03:32,088 | INFO  | DNAudit | user=null | ip=null | op=WRITE_CHUNK {blockData=conID: 1 locID: 102659352955716118 bcsId: 2774} | ret=SUCCESS |  
2019-08-22 07:03:32,088 | INFO  | DNAudit | user=null | ip=null | op=WRITE_CHUNK {blockData=conID: 1 locID: 102659352955716118 bcsId: 2774} | ret=SUCCESS |  
 0.00% |█                                                                                                    |  0/1 Time: 0:00:152019-08-22 07:03:32,903 | INFO  | DNAudit | user=null | ip=null | op=WRITE_CHUNK {blockData=conID: 1 locID: 102659352955716118 bcsId: 2774} | ret=SUCCESS |  
2019-08-22 07:03:32,904 | INFO  | SCMAudit | user=jenkins1000 | ip=192.168.34.31 | op=SEND_HEARTBEAT {datanodeUUID=f789f48f-f3d7-45ec-9bba-6a89e2bdcc9c, command=[]} | ret=SUCCESS |  
2019-08-22 07:03:32,904 | INFO  | DNAudit | user=null | ip=null | op=PUT_BLOCK {blockData=[blockId=conID: 1 locID: 102659352955716118 bcsId: 0,size=3145728]} | ret=SUCCESS |  
2019-08-22 07:03:32,904 | INFO  | SCMAudit | user=jenkins1000 | ip=192.168.34.31 | op=SEND_HEARTBEAT {datanodeUUID=6ab6b5dd-7582-43bd-ad39-1af51ca14a47, command=[]} | ret=SUCCESS |  
2019-08-22 07:03:32,904 [grpc-default-executor-0] INFO  client.GrpcClientProtocolClient (GrpcClientProtocolClient.java:onNext(255)) - client-CF63D631FA17->3cf1264f-5f6b-4138-aeee-2ff7d4522ead: receive RaftClientReply:client-CF63D631FA17->3cf1264f-5f6b-4138-aeee-2ff7d4522ead@group-561E16522154, cid=1902, SUCCESS, logIndex=2779, commits[3cf1264f-5f6b-4138-aeee-2ff7d4522ead:c2780, 4f0d1a15-8f14-4d9a-ad4f-8211e1245b5d:c2778, 6999f20e-c3f7-4db4-87ca-141c476f2a88:c2778]
2019-08-22 07:03:32,905 [grpc-default-executor-0] INFO  client.GrpcClientProtocolClient (GrpcClientProtocolClient.java:onNext(255)) - client-CF63D631FA17->3cf1264f-5f6b-4138-aeee-2ff7d4522ead: receive RaftClientReply:client-CF63D631FA17->3cf1264f-5f6b-4138-aeee-2ff7d4522ead@group-561E16522154, cid=1903, SUCCESS, logIndex=2780, commits[3cf1264f-5f6b-4138-aeee-2ff7d4522ead:c2780, 4f0d1a15-8f14-4d9a-ad4f-8211e1245b5d:c2778, 6999f20e-c3f7-4db4-87ca-141c476f2a88:c2778]
2019-08-22 07:03:32,914 | INFO  | DNAudit | user=null | ip=null | op=WRITE_CHUNK {blockData=conID: 1 locID: 102659352955716118 bcsId: 2774} | ret=SUCCESS |  
2019-08-22 07:03:32,914 | INFO  | DNAudit | user=null | ip=null | op=WRITE_CHUNK {blockData=conID: 1 locID: 102659352955716118 bcsId: 2774} | ret=SUCCESS |  
2019-08-22 07:03:32,914 | INFO  | DNAudit | user=null | ip=null | op=PUT_BLOCK {blockData=[blockId=conID: 1 locID: 102659352955716118 bcsId: 0,size=3145728]} | ret=SUCCESS |  
2019-08-22 07:03:32,915 | INFO  | DNAudit | user=null | ip=null | op=PUT_BLOCK {blockData=[blockId=conID: 1 locID: 102659352955716118 bcsId: 0,size=3145728]} | ret=SUCCESS |  
2019-08-22 07:03:32,917 | INFO  | DNAudit | user=null | ip=null | op=WRITE_CHUNK {blockData=conID: 1 locID: 102659352955716118 bcsId: 2780} | ret=SUCCESS |  
2019-08-22 07:03:32,920 | INFO  | DNAudit | user=null | ip=null | op=WRITE_CHUNK {blockData=conID: 1 locID: 102659352955716118 bcsId: 2780} | ret=SUCCESS |  
2019-08-22 07:03:32,920 | INFO  | DNAudit | user=null | ip=null | op=WRITE_CHUNK {blockData=conID: 1 locID: 102659352955716118 bcsId: 2780} | ret=SUCCESS |  
2019-08-22 07:03:32,924 | INFO  | SCMAudit | user=jenkins1000 | ip=192.168.34.31 | op=SEND_HEARTBEAT {datanodeUUID=4f0d1a15-8f14-4d9a-ad4f-8211e1245b5d, command=[]} | ret=SUCCESS |  
2019-08-22 07:03:32,925 | INFO  | SCMAudit | user=jenkins1000 | ip=192.168.34.31 | op=SEND_HEARTBEAT {datanodeUUID=6999f20e-c3f7-4db4-87ca-141c476f2a88, command=[]} | ret=SUCCESS |  
2019-08-22 07:03:32,925 | INFO  | SCMAudit | user=jenkins1000 | ip=192.168.34.31 | op=SEND_HEARTBEAT {datanodeUUID=3cf1264f-5f6b-4138-aeee-2ff7d4522ead, command=[]} | ret=SUCCESS |  
2019-08-22 07:03:32,932 | INFO  | DNAudit | user=null | ip=null | op=WRITE_CHUNK {blockData=conID: 1 locID: 102659352955716118 bcsId: 2780} | ret=SUCCESS |  
2019-08-22 07:03:32,932 [grpc-default-executor-0] INFO  client.GrpcClientProtocolClient (GrpcClientProtocolClient.java:onNext(255)) - client-CF63D631FA17->3cf1264f-5f6b-4138-aeee-2ff7d4522ead: receive RaftClientReply:client-CF63D631FA17->3cf1264f-5f6b-4138-aeee-2ff7d4522ead@group-561E16522154, cid=1904, SUCCESS, logIndex=2782, commits[3cf1264f-5f6b-4138-aeee-2ff7d4522ead:c2783, 4f0d1a15-8f14-4d9a-ad4f-8211e1245b5d:c2781, 6999f20e-c3f7-4db4-87ca-141c476f2a88:c2781]
2019-08-22 07:03:32,933 | INFO  | DNAudit | user=null | ip=null | op=PUT_BLOCK {blockData=[blockId=conID: 1 locID: 102659352955716118 bcsId: 0,size=4194304]} | ret=SUCCESS |  
2019-08-22 07:03:32,933 [grpc-default-executor-0] INFO  client.GrpcClientProtocolClient (GrpcClientProtocolClient.java:onNext(255)) - client-CF63D631FA17->3cf1264f-5f6b-4138-aeee-2ff7d4522ead: receive RaftClientReply:client-CF63D631FA17->3cf1264f-5f6b-4138-aeee-2ff7d4522ead@group-561E16522154, cid=1905, SUCCESS, logIndex=2783, commits[3cf1264f-5f6b-4138-aeee-2ff7d4522ead:c2783, 4f0d1a15-8f14-4d9a-ad4f-8211e1245b5d:c2781, 6999f20e-c3f7-4db4-87ca-141c476f2a88:c2781]
2019-08-22 07:03:32,946 | INFO  | DNAudit | user=null | ip=null | op=WRITE_CHUNK {blockData=conID: 1 locID: 102659352955716118 bcsId: 2780} | ret=SUCCESS |  
2019-08-22 07:03:32,946 | INFO  | DNAudit | user=null | ip=null | op=PUT_BLOCK {blockData=[blockId=conID: 1 locID: 102659352955716118 bcsId: 0,size=4194304]} | ret=SUCCESS |  
2019-08-22 07:03:32,948 | INFO  | DNAudit | user=null | ip=null | op=WRITE_CHUNK {blockData=conID: 1 locID: 102659352955716118 bcsId: 2780} | ret=SUCCESS |  
2019-08-22 07:03:32,948 | INFO  | DNAudit | user=null | ip=null | op=PUT_BLOCK {blockData=[blockId=conID: 1 locID: 102659352955716118 bcsId: 0,size=4194304]} | ret=SUCCESS |  
2019-08-22 07:03:32,948 [grpc-default-executor-0] INFO  client.GrpcClientProtocolClient (GrpcClientProtocolClient.java:onNext(255)) - client-CF63D631FA17->3cf1264f-5f6b-4138-aeee-2ff7d4522ead: receive RaftClientReply:client-CF63D631FA17->3cf1264f-5f6b-4138-aeee-2ff7d4522ead@group-561E16522154, cid=1906, SUCCESS, logIndex=0, commits[3cf1264f-5f6b-4138-aeee-2ff7d4522ead:c2784, 4f0d1a15-8f14-4d9a-ad4f-8211e1245b5d:c2783, 6999f20e-c3f7-4db4-87ca-141c476f2a88:c2783]
2019-08-22 07:03:32,954 | INFO  | SCMAudit | user=jenkins1000 | ip=192.168.34.31 | op=ALLOCATE_BLOCK {owner=04b6d46a-98e2-41b1-9f38-1870289993ea, size=4194304, type=RATIS, factor=THREE} | ret=SUCCESS |  
2019-08-22 07:03:32,957 | INFO  | OMAudit | user=jenkins1000 | ip=127.0.0.1 | op=ALLOCATE_BLOCK {volume=vol-0-14906, bucket=bucket-0-53153, key=key-0-33222, dataSize=0, replicationType=null, replicationFactor=null, keyLocationInfo=null, clientID=102659352017764754} | ret=SUCCESS |  
2019-08-22 07:03:32,966 | INFO  | DNAudit | user=null | ip=null | op=WRITE_CHUNK {blockData=conID: 2 locID: 102659353015353879 bcsId: 0} | ret=SUCCESS |  
2019-08-22 07:03:32,971 | INFO  | DNAudit | user=null | ip=null | op=WRITE_CHUNK {blockData=conID: 2 locID: 102659353015353879 bcsId: 0} | ret=SUCCESS |  
2019-08-22 07:03:32,971 | INFO  | DNAudit | user=null | ip=null | op=WRITE_CHUNK {blockData=conID: 2 locID: 102659353015353879 bcsId: 0} | ret=SUCCESS |  
2019-08-22 07:03:32,971 | INFO  | DNAudit | user=null | ip=null | op=WRITE_CHUNK {blockData=conID: 2 locID: 102659353015353879 bcsId: 0} | ret=SUCCESS |  
2019-08-22 07:03:32,974 | INFO  | DNAudit | user=null | ip=null | op=WRITE_CHUNK {blockData=conID: 2 locID: 102659353015353879 bcsId: 0} | ret=SUCCESS |  
2019-08-22 07:03:32,975 | INFO  | DNAudit | user=null | ip=null | op=WRITE_CHUNK {blockData=conID: 2 locID: 102659353015353879 bcsId: 0} | ret=SUCCESS |  
2019-08-22 07:03:32,980 | INFO  | DNAudit | user=null | ip=null | op=WRITE_CHUNK {blockData=conID: 2 locID: 102659353015353879 bcsId: 0} | ret=SUCCESS |  
2019-08-22 07:03:32,981 | INFO  | DNAudit | user=null | ip=null | op=PUT_BLOCK {blockData=[blockId=conID: 2 locID: 102659353015353879 bcsId: 0,size=1048576]} | ret=SUCCESS |  
2019-08-22 07:03:32,981 [grpc-default-executor-0] INFO  client.GrpcClientProtocolClient (GrpcClientProtocolClient.java:onNext(255)) - client-CF63D631FA17->3cf1264f-5f6b-4138-aeee-2ff7d4522ead: receive RaftClientReply:client-CF63D631FA17->3cf1264f-5f6b-4138-aeee-2ff7d4522ead@group-561E16522154, cid=1907, SUCCESS, logIndex=2786, commits[3cf1264f-5f6b-4138-aeee-2ff7d4522ead:c2787, 4f0d1a15-8f14-4d9a-ad4f-8211e1245b5d:c2785, 6999f20e-c3f7-4db4-87ca-141c476f2a88:c2785]
2019-08-22 07:03:32,982 [grpc-default-executor-0] INFO  client.GrpcClientProtocolClient (GrpcClientProtocolClient.java:onNext(255)) - client-CF63D631FA17->3cf1264f-5f6b-4138-aeee-2ff7d4522ead: receive RaftClientReply:client-CF63D631FA17->3cf1264f-5f6b-4138-aeee-2ff7d4522ead@group-561E16522154, cid=1908, SUCCESS, logIndex=2787, commits[3cf1264f-5f6b-4138-aeee-2ff7d4522ead:c2787, 4f0d1a15-8f14-4d9a-ad4f-8211e1245b5d:c2785, 6999f20e-c3f7-4db4-87ca-141c476f2a88:c2785]
2019-08-22 07:03:32,993 | INFO  | DNAudit | user=null | ip=null | op=WRITE_CHUNK {blockData=conID: 2 locID: 102659353015353879 bcsId: 0} | ret=SUCCESS |  
2019-08-22 07:03:32,994 | INFO  | DNAudit | user=null | ip=null | op=PUT_BLOCK {blockData=[blockId=conID: 2 locID: 102659353015353879 bcsId: 0,size=2097152]} | ret=SUCCESS |  
2019-08-22 07:03:32,994 [grpc-default-executor-1] INFO  client.GrpcClientProtocolClient (GrpcClientProtocolClient.java:onNext(255)) - client-CF63D631FA17->3cf1264f-5f6b-4138-aeee-2ff7d4522ead: receive RaftClientReply:client-CF63D631FA17->3cf1264f-5f6b-4138-aeee-2ff7d4522ead@group-561E16522154, cid=1909, SUCCESS, logIndex=2788, commits[3cf1264f-5f6b-4138-aeee-2ff7d4522ead:c2789, 4f0d1a15-8f14-4d9a-ad4f-8211e1245b5d:c2785, 6999f20e-c3f7-4db4-87ca-141c476f2a88:c2785]
2019-08-22 07:03:32,995 [grpc-default-executor-1] INFO  client.GrpcClientProtocolClient (GrpcClientProtocolClient.java:onNext(255)) - client-CF63D631FA17->3cf1264f-5f6b-4138-aeee-2ff7d4522ead: receive RaftClientReply:client-CF63D631FA17->3cf1264f-5f6b-4138-aeee-2ff7d4522ead@group-561E16522154, cid=1910, SUCCESS, logIndex=2789, commits[3cf1264f-5f6b-4138-aeee-2ff7d4522ead:c2789, 4f0d1a15-8f14-4d9a-ad4f-8211e1245b5d:c2785, 6999f20e-c3f7-4db4-87ca-141c476f2a88:c2785]
2019-08-22 07:03:33,009 | INFO  | DNAudit | user=null | ip=null | op=WRITE_CHUNK {blockData=conID: 2 locID: 102659353015353879 bcsId: 0} | ret=SUCCESS |  
2019-08-22 07:03:33,009 | INFO  | DNAudit | user=null | ip=null | op=WRITE_CHUNK {blockData=conID: 2 locID: 102659353015353879 bcsId: 0} | ret=SUCCESS |  
2019-08-22 07:03:33,010 | INFO  | DNAudit | user=null | ip=null | op=PUT_BLOCK {blockData=[blockId=conID: 2 locID: 102659353015353879 bcsId: 0,size=1048576]} | ret=SUCCESS |  
2019-08-22 07:03:33,010 | INFO  | DNAudit | user=null | ip=null | op=PUT_BLOCK {blockData=[blockId=conID: 2 locID: 102659353015353879 bcsId: 0,size=1048576]} | ret=SUCCESS |  
2019-08-22 07:03:33,010 [grpc-default-executor-3] INFO  client.GrpcClientProtocolClient (GrpcClientProtocolClient.java:onNext(255)) - client-CF63D631FA17->3cf1264f-5f6b-4138-aeee-2ff7d4522ead: receive RaftClientReply:client-CF63D631FA17->3cf1264f-5f6b-4138-aeee-2ff7d4522ead@group-561E16522154, cid=1911, SUCCESS, logIndex=0, commits[3cf1264f-5f6b-4138-aeee-2ff7d4522ead:c2791, 4f0d1a15-8f14-4d9a-ad4f-8211e1245b5d:c2787, 6999f20e-c3f7-4db4-87ca-141c476f2a88:c2787]
2019-08-22 07:03:33,018 | INFO  | DNAudit | user=null | ip=null | op=WRITE_CHUNK {blockData=conID: 2 locID: 102659353015353879 bcsId: 2789} | ret=SUCCESS |  
2019-08-22 07:03:33,019 | INFO  | DNAudit | user=null | ip=null | op=WRITE_CHUNK {blockData=conID: 2 locID: 102659353015353879 bcsId: 0} | ret=SUCCESS |  
2019-08-22 07:03:33,019 | INFO  | DNAudit | user=null | ip=null | op=WRITE_CHUNK {blockData=conID: 2 locID: 102659353015353879 bcsId: 0} | ret=SUCCESS |  
2019-08-22 07:03:33,019 | INFO  | DNAudit | user=null | ip=null | op=PUT_BLOCK {blockData=[blockId=conID: 2 locID: 102659353015353879 bcsId: 0,size=2097152]} | ret=SUCCESS |  
2019-08-22 07:03:33,019 | INFO  | DNAudit | user=null | ip=null | op=PUT_BLOCK {blockData=[blockId=conID: 2 locID: 102659353015353879 bcsId: 0,size=2097152]} | ret=SUCCESS |  
2019-08-22 07:03:33,021 | INFO  | DNAudit | user=null | ip=null | op=WRITE_CHUNK {blockData=conID: 2 locID: 102659353015353879 bcsId: 2789} | ret=SUCCESS |  
2019-08-22 07:03:33,022 | INFO  | DNAudit | user=null | ip=null | op=WRITE_CHUNK {blockData=conID: 2 locID: 102659353015353879 bcsId: 2789} | ret=SUCCESS |  
2019-08-22 07:03:33,032 | INFO  | DNAudit | user=null | ip=null | op=WRITE_CHUNK {blockData=conID: 2 locID: 102659353015353879 bcsId: 2789} | ret=SUCCESS |  
2019-08-22 07:03:33,033 | INFO  | DNAudit | user=null | ip=null | op=PUT_BLOCK {blockData=[blockId=conID: 2 locID: 102659353015353879 bcsId: 0,size=3145728]} | ret=SUCCESS |  
2019-08-22 07:03:33,033 [grpc-default-executor-1] INFO  client.GrpcClientProtocolClient (GrpcClientProtocolClient.java:onNext(255)) - client-CF63D631FA17->3cf1264f-5f6b-4138-aeee-2ff7d4522ead: receive RaftClientReply:client-CF63D631FA17->3cf1264f-5f6b-4138-aeee-2ff7d4522ead@group-561E16522154, cid=1912, SUCCESS, logIndex=2794, commits[3cf1264f-5f6b-4138-aeee-2ff7d4522ead:c2795, 4f0d1a15-8f14-4d9a-ad4f-8211e1245b5d:c2791, 6999f20e-c3f7-4db4-87ca-141c476f2a88:c2791]
2019-08-22 07:03:33,034 [grpc-default-executor-1] INFO  client.GrpcClientProtocolClient (GrpcClientProtocolClient.java:onNext(255)) - client-CF63D631FA17->3cf1264f-5f6b-4138-aeee-2ff7d4522ead: receive RaftClientReply:client-CF63D631FA17->3cf1264f-5f6b-4138-aeee-2ff7d4522ead@group-561E16522154, cid=1913, SUCCESS, logIndex=2795, commits[3cf1264f-5f6b-4138-aeee-2ff7d4522ead:c2795, 4f0d1a15-8f14-4d9a-ad4f-8211e1245b5d:c2791, 6999f20e-c3f7-4db4-87ca-141c476f2a88:c2791]
2019-08-22 07:03:33,041 | INFO  | DNAudit | user=null | ip=null | op=WRITE_CHUNK {blockData=conID: 2 locID: 102659353015353879 bcsId: 2795} | ret=SUCCESS |  
2019-08-22 07:03:33,043 | INFO  | DNAudit | user=null | ip=null | op=WRITE_CHUNK {blockData=conID: 2 locID: 102659353015353879 bcsId: 2795} | ret=SUCCESS |  
2019-08-22 07:03:33,044 | INFO  | DNAudit | user=null | ip=null | op=WRITE_CHUNK {blockData=conID: 2 locID: 102659353015353879 bcsId: 2795} | ret=SUCCESS |  
2019-08-22 07:03:33,052 | INFO  | DNAudit | user=null | ip=null | op=WRITE_CHUNK {blockData=conID: 2 locID: 102659353015353879 bcsId: 2789} | ret=SUCCESS |  
2019-08-22 07:03:33,052 | INFO  | DNAudit | user=null | ip=null | op=WRITE_CHUNK {blockData=conID: 2 locID: 102659353015353879 bcsId: 2789} | ret=SUCCESS |  
2019-08-22 07:03:33,055 | INFO  | DNAudit | user=null | ip=null | op=PUT_BLOCK {blockData=[blockId=conID: 2 locID: 102659353015353879 bcsId: 0,size=3145728]} | ret=SUCCESS |  
2019-08-22 07:03:33,055 | INFO  | DNAudit | user=null | ip=null | op=WRITE_CHUNK {blockData=conID: 2 locID: 102659353015353879 bcsId: 2795} | ret=SUCCESS |  
2019-08-22 07:03:33,055 | INFO  | DNAudit | user=null | ip=null | op=PUT_BLOCK {blockData=[blockId=conID: 2 locID: 102659353015353879 bcsId: 0,size=3145728]} | ret=SUCCESS |  
2019-08-22 07:03:33,056 | INFO  | DNAudit | user=null | ip=null | op=PUT_BLOCK {blockData=[blockId=conID: 2 locID: 102659353015353879 bcsId: 0,size=4194304]} | ret=SUCCESS |  
2019-08-22 07:03:33,056 [grpc-default-executor-0] INFO  client.GrpcClientProtocolClient (GrpcClientProtocolClient.java:onNext(255)) - client-CF63D631FA17->3cf1264f-5f6b-4138-aeee-2ff7d4522ead: receive RaftClientReply:client-CF63D631FA17->3cf1264f-5f6b-4138-aeee-2ff7d4522ead@group-561E16522154, cid=1914, SUCCESS, logIndex=2798, commits[3cf1264f-5f6b-4138-aeee-2ff7d4522ead:c2799, 4f0d1a15-8f14-4d9a-ad4f-8211e1245b5d:c2795, 6999f20e-c3f7-4db4-87ca-141c476f2a88:c2795]
2019-08-22 07:03:33,057 [grpc-default-executor-0] INFO  client.GrpcClientProtocolClient (GrpcClientProtocolClient.java:onNext(255)) - client-CF63D631FA17->3cf1264f-5f6b-4138-aeee-2ff7d4522ead: receive RaftClientReply:client-CF63D631FA17->3cf1264f-5f6b-4138-aeee-2ff7d4522ead@group-561E16522154, cid=1915, SUCCESS, logIndex=2799, commits[3cf1264f-5f6b-4138-aeee-2ff7d4522ead:c2799, 4f0d1a15-8f14-4d9a-ad4f-8211e1245b5d:c2795, 6999f20e-c3f7-4db4-87ca-141c476f2a88:c2795]
2019-08-22 07:03:33,059 | INFO  | DNAudit | user=null | ip=null | op=WRITE_CHUNK {blockData=conID: 2 locID: 102659353015353879 bcsId: 2795} | ret=SUCCESS |  
2019-08-22 07:03:33,059 | INFO  | DNAudit | user=null | ip=null | op=WRITE_CHUNK {blockData=conID: 2 locID: 102659353015353879 bcsId: 2795} | ret=SUCCESS |  
2019-08-22 07:03:33,063 | INFO  | DNAudit | user=null | ip=null | op=PUT_BLOCK {blockData=[blockId=conID: 2 locID: 102659353015353879 bcsId: 0,size=4194304]} | ret=SUCCESS |  
2019-08-22 07:03:33,063 | INFO  | DNAudit | user=null | ip=null | op=PUT_BLOCK {blockData=[blockId=conID: 2 locID: 102659353015353879 bcsId: 0,size=4194304]} | ret=SUCCESS |  
2019-08-22 07:03:33,063 [grpc-default-executor-1] INFO  client.GrpcClientProtocolClient (GrpcClientProtocolClient.java:onNext(255)) - client-CF63D631FA17->3cf1264f-5f6b-4138-aeee-2ff7d4522ead: receive RaftClientReply:client-CF63D631FA17->3cf1264f-5f6b-4138-aeee-2ff7d4522ead@group-561E16522154, cid=1916, SUCCESS, logIndex=0, commits[3cf1264f-5f6b-4138-aeee-2ff7d4522ead:c2801, 4f0d1a15-8f14-4d9a-ad4f-8211e1245b5d:c2799, 6999f20e-c3f7-4db4-87ca-141c476f2a88:c2799]
2019-08-22 07:03:33,069 | INFO  | SCMAudit | user=jenkins1000 | ip=192.168.34.31 | op=ALLOCATE_BLOCK {owner=04b6d46a-98e2-41b1-9f38-1870289993ea, size=4194304, type=RATIS, factor=THREE} | ret=SUCCESS |  
2019-08-22 07:03:33,073 | INFO  | OMAudit | user=jenkins1000 | ip=127.0.0.1 | op=ALLOCATE_BLOCK {volume=vol-0-14906, bucket=bucket-0-53153, key=key-0-33222, dataSize=0, replicationType=null, replicationFactor=null, keyLocationInfo=null, clientID=102659352017764754} | ret=SUCCESS |  
2019-08-22 07:03:33,082 | INFO  | DNAudit | user=null | ip=null | op=WRITE_CHUNK {blockData=conID: 3 locID: 102659353022890520 bcsId: 0} | ret=SUCCESS |  
2019-08-22 07:03:33,084 | INFO  | DNAudit | user=null | ip=null | op=WRITE_CHUNK {blockData=conID: 3 locID: 102659353022890520 bcsId: 0} | ret=SUCCESS |  
2019-08-22 07:03:33,084 | INFO  | DNAudit | user=null | ip=null | op=WRITE_CHUNK {blockData=conID: 3 locID: 102659353022890520 bcsId: 0} | ret=SUCCESS |  
2019-08-22 07:03:33,084 | INFO  | DNAudit | user=null | ip=null | op=WRITE_CHUNK {blockData=conID: 3 locID: 102659353022890520 bcsId: 0} | ret=SUCCESS |  
2019-08-22 07:03:33,085 | INFO  | DNAudit | user=null | ip=null | op=WRITE_CHUNK {blockData=conID: 3 locID: 102659353022890520 bcsId: 0} | ret=SUCCESS |  
2019-08-22 07:03:33,086 | INFO  | DNAudit | user=null | ip=null | op=WRITE_CHUNK {blockData=conID: 3 locID: 102659353022890520 bcsId: 0} | ret=SUCCESS |  
2019-08-22 07:03:33,092 | INFO  | DNAudit | user=null | ip=null | op=WRITE_CHUNK {blockData=conID: 3 locID: 102659353022890520 bcsId: 0} | ret=SUCCESS |  
2019-08-22 07:03:33,093 | INFO  | DNAudit | user=null | ip=null | op=PUT_BLOCK {blockData=[blockId=conID: 3 locID: 102659353022890520 bcsId: 0,size=1048576]} | ret=SUCCESS |  
2019-08-22 07:03:33,093 [grpc-default-executor-5] INFO  client.GrpcClientProtocolClient (GrpcClientProtocolClient.java:onNext(255)) - client-CF63D631FA17->3cf1264f-5f6b-4138-aeee-2ff7d4522ead: receive RaftClientReply:client-CF63D631FA17->3cf1264f-5f6b-4138-aeee-2ff7d4522ead@group-561E16522154, cid=1917, SUCCESS, logIndex=2802, commits[3cf1264f-5f6b-4138-aeee-2ff7d4522ead:c2803, 4f0d1a15-8f14-4d9a-ad4f-8211e1245b5d:c2801, 6999f20e-c3f7-4db4-87ca-141c476f2a88:c2801]
2019-08-22 07:03:33,093 | INFO  | DNAudit | user=null | ip=null | op=WRITE_CHUNK {blockData=conID: 3 locID: 102659353022890520 bcsId: 0} | ret=SUCCESS |  
2019-08-22 07:03:33,093 | INFO  | DNAudit | user=null | ip=null | op=PUT_BLOCK {blockData=[blockId=conID: 3 locID: 102659353022890520 bcsId: 0,size=2097152]} | ret=SUCCESS |  
2019-08-22 07:03:33,094 [grpc-default-executor-5] INFO  client.GrpcClientProtocolClient (GrpcClientProtocolClient.java:onNext(255)) - client-CF63D631FA17->3cf1264f-5f6b-4138-aeee-2ff7d4522ead: receive RaftClientReply:client-CF63D631FA17->3cf1264f-5f6b-4138-aeee-2ff7d4522ead@group-561E16522154, cid=1918, SUCCESS, logIndex=2803, commits[3cf1264f-5f6b-4138-aeee-2ff7d4522ead:c2805, 4f0d1a15-8f14-4d9a-ad4f-8211e1245b5d:c2801, 6999f20e-c3f7-4db4-87ca-141c476f2a88:c2801]
2019-08-22 07:03:33,094 [grpc-default-executor-5] INFO  client.GrpcClientProtocolClient (GrpcClientProtocolClient.java:onNext(255)) - client-CF63D631FA17->3cf1264f-5f6b-4138-aeee-2ff7d4522ead: receive RaftClientReply:client-CF63D631FA17->3cf1264f-5f6b-4138-aeee-2ff7d4522ead@group-561E16522154, cid=1919, SUCCESS, logIndex=2804, commits[3cf1264f-5f6b-4138-aeee-2ff7d4522ead:c2805, 4f0d1a15-8f14-4d9a-ad4f-8211e1245b5d:c2801, 6999f20e-c3f7-4db4-87ca-141c476f2a88:c2801]
2019-08-22 07:03:33,094 [grpc-default-executor-5] INFO  client.GrpcClientProtocolClient (GrpcClientProtocolClient.java:onNext(255)) - client-CF63D631FA17->3cf1264f-5f6b-4138-aeee-2ff7d4522ead: receive RaftClientReply:client-CF63D631FA17->3cf1264f-5f6b-4138-aeee-2ff7d4522ead@group-561E16522154, cid=1920, SUCCESS, logIndex=2805, commits[3cf1264f-5f6b-4138-aeee-2ff7d4522ead:c2805, 4f0d1a15-8f14-4d9a-ad4f-8211e1245b5d:c2801, 6999f20e-c3f7-4db4-87ca-141c476f2a88:c2801]
2019-08-22 07:03:33,096 | INFO  | DNAudit | user=null | ip=null | op=WRITE_CHUNK {blockData=conID: 3 locID: 102659353022890520 bcsId: 0} | ret=SUCCESS |  
2019-08-22 07:03:33,096 | INFO  | DNAudit | user=null | ip=null | op=WRITE_CHUNK {blockData=conID: 3 locID: 102659353022890520 bcsId: 0} | ret=SUCCESS |  
2019-08-22 07:03:33,096 | INFO  | DNAudit | user=null | ip=null | op=PUT_BLOCK {blockData=[blockId=conID: 3 locID: 102659353022890520 bcsId: 0,size=1048576]} | ret=SUCCESS |  
2019-08-22 07:03:33,099 | INFO  | DNAudit | user=null | ip=null | op=PUT_BLOCK {blockData=[blockId=conID: 3 locID: 102659353022890520 bcsId: 0,size=1048576]} | ret=SUCCESS |  
2019-08-22 07:03:33,100 | INFO  | DNAudit | user=null | ip=null | op=WRITE_CHUNK {blockData=conID: 3 locID: 102659353022890520 bcsId: 0} | ret=SUCCESS |  
2019-08-22 07:03:33,100 | INFO  | DNAudit | user=null | ip=null | op=WRITE_CHUNK {blockData=conID: 3 locID: 102659353022890520 bcsId: 0} | ret=SUCCESS |  
2019-08-22 07:03:33,100 | INFO  | DNAudit | user=null | ip=null | op=PUT_BLOCK {blockData=[blockId=conID: 3 locID: 102659353022890520 bcsId: 0,size=2097152]} | ret=SUCCESS |  
2019-08-22 07:03:33,100 | INFO  | DNAudit | user=null | ip=null | op=PUT_BLOCK {blockData=[blockId=conID: 3 locID: 102659353022890520 bcsId: 0,size=2097152]} | ret=SUCCESS |  
2019-08-22 07:03:33,100 [grpc-default-executor-5] INFO  client.GrpcClientProtocolClient (GrpcClientProtocolClient.java:onNext(255)) - client-CF63D631FA17->3cf1264f-5f6b-4138-aeee-2ff7d4522ead: receive RaftClientReply:client-CF63D631FA17->3cf1264f-5f6b-4138-aeee-2ff7d4522ead@group-561E16522154, cid=1921, SUCCESS, logIndex=0, commits[3cf1264f-5f6b-4138-aeee-2ff7d4522ead:c2807, 4f0d1a15-8f14-4d9a-ad4f-8211e1245b5d:c2803, 6999f20e-c3f7-4db4-87ca-141c476f2a88:c2803]
2019-08-22 07:03:33,108 | INFO  | DNAudit | user=null | ip=null | op=WRITE_CHUNK {blockData=conID: 3 locID: 102659353022890520 bcsId: 2805} | ret=SUCCESS |  
2019-08-22 07:03:33,110 | INFO  | DNAudit | user=null | ip=null | op=WRITE_CHUNK {blockData=conID: 3 locID: 102659353022890520 bcsId: 2805} | ret=SUCCESS |  
2019-08-22 07:03:33,110 | INFO  | DNAudit | user=null | ip=null | op=WRITE_CHUNK {blockData=conID: 3 locID: 102659353022890520 bcsId: 2805} | ret=SUCCESS |  
2019-08-22 07:03:33,112 | INFO  | DNAudit | user=null | ip=null | op=WRITE_CHUNK {blockData=conID: 3 locID: 102659353022890520 bcsId: 2805} | ret=SUCCESS |  
2019-08-22 07:03:33,113 | INFO  | DNAudit | user=null | ip=null | op=PUT_BLOCK {blockData=[blockId=conID: 3 locID: 102659353022890520 bcsId: 0,size=3145728]} | ret=SUCCESS |  
2019-08-22 07:03:33,113 [grpc-default-executor-5] INFO  client.GrpcClientProtocolClient (GrpcClientProtocolClient.java:onNext(255)) - client-CF63D631FA17->3cf1264f-5f6b-4138-aeee-2ff7d4522ead: receive RaftClientReply:client-CF63D631FA17->3cf1264f-5f6b-4138-aeee-2ff7d4522ead@group-561E16522154, cid=1922, SUCCESS, logIndex=2810, commits[3cf1264f-5f6b-4138-aeee-2ff7d4522ead:c2811, 4f0d1a15-8f14-4d9a-ad4f-8211e1245b5d:c2809, 6999f20e-c3f7-4db4-87ca-141c476f2a88:c2809]
2019-08-22 07:03:33,113 [grpc-default-executor-5] INFO  client.GrpcClientProtocolClient (GrpcClientProtocolClient.java:onNext(255)) - client-CF63D631FA17->3cf1264f-5f6b-4138-aeee-2ff7d4522ead: receive RaftClientReply:client-CF63D631FA17->3cf1264f-5f6b-4138-aeee-2ff7d4522ead@group-561E16522154, cid=1923, SUCCESS, logIndex=2811, commits[3cf1264f-5f6b-4138-aeee-2ff7d4522ead:c2811, 4f0d1a15-8f14-4d9a-ad4f-8211e1245b5d:c2809, 6999f20e-c3f7-4db4-87ca-141c476f2a88:c2809]
2019-08-22 07:03:33,114 | INFO  | DNAudit | user=null | ip=null | op=WRITE_CHUNK {blockData=conID: 3 locID: 102659353022890520 bcsId: 2805} | ret=SUCCESS |  
2019-08-22 07:03:33,114 | INFO  | DNAudit | user=null | ip=null | op=PUT_BLOCK {blockData=[blockId=conID: 3 locID: 102659353022890520 bcsId: 0,size=3145728]} | ret=SUCCESS |  
2019-08-22 07:03:33,115 | INFO  | DNAudit | user=null | ip=null | op=WRITE_CHUNK {blockData=conID: 3 locID: 102659353022890520 bcsId: 2805} | ret=SUCCESS |  
2019-08-22 07:03:33,115 | INFO  | DNAudit | user=null | ip=null | op=PUT_BLOCK {blockData=[blockId=conID: 3 locID: 102659353022890520 bcsId: 0,size=3145728]} | ret=SUCCESS |  
2019-08-22 07:03:33,120 | INFO  | DNAudit | user=null | ip=null | op=WRITE_CHUNK {blockData=conID: 3 locID: 102659353022890520 bcsId: 2811} | ret=SUCCESS |  
2019-08-22 07:03:33,123 | INFO  | DNAudit | user=null | ip=null | op=WRITE_CHUNK {blockData=conID: 3 locID: 102659353022890520 bcsId: 2811} | ret=SUCCESS |  
2019-08-22 07:03:33,123 | INFO  | DNAudit | user=null | ip=null | op=WRITE_CHUNK {blockData=conID: 3 locID: 102659353022890520 bcsId: 2811} | ret=SUCCESS |  
2019-08-22 07:03:33,125 | INFO  | DNAudit | user=null | ip=null | op=WRITE_CHUNK {blockData=conID: 3 locID: 102659353022890520 bcsId: 2811} | ret=SUCCESS |  
2019-08-22 07:03:33,126 | INFO  | DNAudit | user=null | ip=null | op=PUT_BLOCK {blockData=[blockId=conID: 3 locID: 102659353022890520 bcsId: 0,size=4194304]} | ret=SUCCESS |  
2019-08-22 07:03:33,126 [grpc-default-executor-5] INFO  client.GrpcClientProtocolClient (GrpcClientProtocolClient.java:onNext(255)) - client-CF63D631FA17->3cf1264f-5f6b-4138-aeee-2ff7d4522ead: receive RaftClientReply:client-CF63D631FA17->3cf1264f-5f6b-4138-aeee-2ff7d4522ead@group-561E16522154, cid=1924, SUCCESS, logIndex=2814, commits[3cf1264f-5f6b-4138-aeee-2ff7d4522ead:c2815, 4f0d1a15-8f14-4d9a-ad4f-8211e1245b5d:c2811, 6999f20e-c3f7-4db4-87ca-141c476f2a88:c2813]
2019-08-22 07:03:33,126 [grpc-default-executor-5] INFO  client.GrpcClientProtocolClient (GrpcClientProtocolClient.java:onNext(255)) - client-CF63D631FA17->3cf1264f-5f6b-4138-aeee-2ff7d4522ead: receive RaftClientReply:client-CF63D631FA17->3cf1264f-5f6b-4138-aeee-2ff7d4522ead@group-561E16522154, cid=1925, SUCCESS, logIndex=2815, commits[3cf1264f-5f6b-4138-aeee-2ff7d4522ead:c2815, 4f0d1a15-8f14-4d9a-ad4f-8211e1245b5d:c2813, 6999f20e-c3f7-4db4-87ca-141c476f2a88:c2813]
2019-08-22 07:03:33,129 | INFO  | DNAudit | user=null | ip=null | op=WRITE_CHUNK {blockData=conID: 3 locID: 102659353022890520 bcsId: 2811} | ret=SUCCESS |  
2019-08-22 07:03:33,129 | INFO  | DNAudit | user=null | ip=null | op=WRITE_CHUNK {blockData=conID: 3 locID: 102659353022890520 bcsId: 2811} | ret=SUCCESS |  
2019-08-22 07:03:33,129 | INFO  | DNAudit | user=null | ip=null | op=PUT_BLOCK {blockData=[blockId=conID: 3 locID: 102659353022890520 bcsId: 0,size=4194304]} | ret=SUCCESS |  
2019-08-22 07:03:33,129 | INFO  | DNAudit | user=null | ip=null | op=PUT_BLOCK {blockData=[blockId=conID: 3 locID: 102659353022890520 bcsId: 0,size=4194304]} | ret=SUCCESS |  
2019-08-22 07:03:33,129 [grpc-default-executor-5] INFO  client.GrpcClientProtocolClient (GrpcClientProtocolClient.java:onNext(255)) - client-CF63D631FA17->3cf1264f-5f6b-4138-aeee-2ff7d4522ead: receive RaftClientReply:client-CF63D631FA17->3cf1264f-5f6b-4138-aeee-2ff7d4522ead@group-561E16522154, cid=1926, SUCCESS, logIndex=0, commits[3cf1264f-5f6b-4138-aeee-2ff7d4522ead:c2816, 4f0d1a15-8f14-4d9a-ad4f-8211e1245b5d:c2815, 6999f20e-c3f7-4db4-87ca-141c476f2a88:c2815]
2019-08-22 07:03:33,134 | INFO  | SCMAudit | user=jenkins1000 | ip=192.168.34.31 | op=ALLOCATE_BLOCK {owner=04b6d46a-98e2-41b1-9f38-1870289993ea, size=4194304, type=RATIS, factor=THREE} | ret=SUCCESS |  
2019-08-22 07:03:33,137 | INFO  | OMAudit | user=jenkins1000 | ip=127.0.0.1 | op=ALLOCATE_BLOCK {volume=vol-0-14906, bucket=bucket-0-53153, key=key-0-33222, dataSize=0, replicationType=null, replicationFactor=null, keyLocationInfo=null, clientID=102659352017764754} | ret=SUCCESS |  
2019-08-22 07:03:33,144 | INFO  | DNAudit | user=null | ip=null | op=WRITE_CHUNK {blockData=conID: 1 locID: 102659353027150361 bcsId: 0} | ret=SUCCESS |  
2019-08-22 07:03:33,148 | INFO  | DNAudit | user=null | ip=null | op=WRITE_CHUNK {blockData=conID: 1 locID: 102659353027150361 bcsId: 0} | ret=SUCCESS |  
2019-08-22 07:03:33,148 | INFO  | DNAudit | user=null | ip=null | op=WRITE_CHUNK {blockData=conID: 1 locID: 102659353027150361 bcsId: 0} | ret=SUCCESS |  
2019-08-22 07:03:33,148 | INFO  | DNAudit | user=null | ip=null | op=WRITE_CHUNK {blockData=conID: 1 locID: 102659353027150361 bcsId: 0} | ret=SUCCESS |  
2019-08-22 07:03:33,150 | INFO  | DNAudit | user=null | ip=null | op=WRITE_CHUNK {blockData=conID: 1 locID: 102659353027150361 bcsId: 0} | ret=SUCCESS |  
2019-08-22 07:03:33,150 | INFO  | DNAudit | user=null | ip=null | op=WRITE_CHUNK {blockData=conID: 1 locID: 102659353027150361 bcsId: 0} | ret=SUCCESS |  
2019-08-22 07:03:33,151 | INFO  | DNAudit | user=null | ip=null | op=WRITE_CHUNK {blockData=conID: 1 locID: 102659353027150361 bcsId: 0} | ret=SUCCESS |  
2019-08-22 07:03:33,151 | INFO  | DNAudit | user=null | ip=null | op=PUT_BLOCK {blockData=[blockId=conID: 1 locID: 102659353027150361 bcsId: 0,size=1048576]} | ret=SUCCESS |  
2019-08-22 07:03:33,151 [grpc-default-executor-5] INFO  client.GrpcClientProtocolClient (GrpcClientProtocolClient.java:onNext(255)) - client-CF63D631FA17->3cf1264f-5f6b-4138-aeee-2ff7d4522ead: receive RaftClientReply:client-CF63D631FA17->3cf1264f-5f6b-4138-aeee-2ff7d4522ead@group-561E16522154, cid=1927, SUCCESS, logIndex=2818, commits[3cf1264f-5f6b-4138-aeee-2ff7d4522ead:c2819, 4f0d1a15-8f14-4d9a-ad4f-8211e1245b5d:c2817, 6999f20e-c3f7-4db4-87ca-141c476f2a88:c2815]
2019-08-22 07:03:33,152 [grpc-default-executor-5] INFO  client.GrpcClientProtocolClient (GrpcClientProtocolClient.java:onNext(255)) - client-CF63D631FA17->3cf1264f-5f6b-4138-aeee-2ff7d4522ead: receive RaftClientReply:client-CF63D631FA17->3cf1264f-5f6b-4138-aeee-2ff7d4522ead@group-561E16522154, cid=1928, SUCCESS, logIndex=2819, commits[3cf1264f-5f6b-4138-aeee-2ff7d4522ead:c2819, 4f0d1a15-8f14-4d9a-ad4f-8211e1245b5d:c2817, 6999f20e-c3f7-4db4-87ca-141c476f2a88:c2815]
2019-08-22 07:03:33,152 | INFO  | DNAudit | user=null | ip=null | op=WRITE_CHUNK {blockData=conID: 1 locID: 102659353027150361 bcsId: 0} | ret=SUCCESS |  
2019-08-22 07:03:33,152 | INFO  | DNAudit | user=null | ip=null | op=PUT_BLOCK {blockData=[blockId=conID: 1 locID: 102659353027150361 bcsId: 0,size=2097152]} | ret=SUCCESS |  
2019-08-22 07:03:33,153 [grpc-default-executor-1] INFO  client.GrpcClientProtocolClient (GrpcClientProtocolClient.java:onNext(255)) - client-CF63D631FA17->3cf1264f-5f6b-4138-aeee-2ff7d4522ead: receive RaftClientReply:client-CF63D631FA17->3cf1264f-5f6b-4138-aeee-2ff7d4522ead@group-561E16522154, cid=1929, SUCCESS, logIndex=2820, commits[3cf1264f-5f6b-4138-aeee-2ff7d4522ead:c2821, 4f0d1a15-8f14-4d9a-ad4f-8211e1245b5d:c2817, 6999f20e-c3f7-4db4-87ca-141c476f2a88:c2817]
2019-08-22 07:03:33,153 [grpc-default-executor-1] INFO  client.GrpcClientProtocolClient (GrpcClientProtocolClient.java:onNext(255)) - client-CF63D631FA17->3cf1264f-5f6b-4138-aeee-2ff7d4522ead: receive RaftClientReply:client-CF63D631FA17->3cf1264f-5f6b-4138-aeee-2ff7d4522ead@group-561E16522154, cid=1930, SUCCESS, logIndex=2821, commits[3cf1264f-5f6b-4138-aeee-2ff7d4522ead:c2821, 4f0d1a15-8f14-4d9a-ad4f-8211e1245b5d:c2817, 6999f20e-c3f7-4db4-87ca-141c476f2a88:c2817]
2019-08-22 07:03:33,155 | INFO  | DNAudit | user=null | ip=null | op=WRITE_CHUNK {blockData=conID: 1 locID: 102659353027150361 bcsId: 0} | ret=SUCCESS |  
2019-08-22 07:03:33,155 | INFO  | DNAudit | user=null | ip=null | op=PUT_BLOCK {blockData=[blockId=conID: 1 locID: 102659353027150361 bcsId: 0,size=1048576]} | ret=SUCCESS |  
2019-08-22 07:03:33,155 | INFO  | DNAudit | user=null | ip=null | op=WRITE_CHUNK {blockData=conID: 1 locID: 102659353027150361 bcsId: 0} | ret=SUCCESS |  
2019-08-22 07:03:33,156 | INFO  | DNAudit | user=null | ip=null | op=PUT_BLOCK {blockData=[blockId=conID: 1 locID: 102659353027150361 bcsId: 0,size=1048576]} | ret=SUCCESS |  
2019-08-22 07:03:33,156 [grpc-default-executor-1] INFO  client.GrpcClientProtocolClient (GrpcClientProtocolClient.java:onNext(255)) - client-CF63D631FA17->3cf1264f-5f6b-4138-aeee-2ff7d4522ead: receive RaftClientReply:client-CF63D631FA17->3cf1264f-5f6b-4138-aeee-2ff7d4522ead@group-561E16522154, cid=1931, SUCCESS, logIndex=0, commits[3cf1264f-5f6b-4138-aeee-2ff7d4522ead:c2823, 4f0d1a15-8f14-4d9a-ad4f-8211e1245b5d:c2819, 6999f20e-c3f7-4db4-87ca-141c476f2a88:c2819]
2019-08-22 07:03:33,156 | INFO  | DNAudit | user=null | ip=null | op=WRITE_CHUNK {blockData=conID: 1 locID: 102659353027150361 bcsId: 0} | ret=SUCCESS |  
2019-08-22 07:03:33,156 | INFO  | DNAudit | user=null | ip=null | op=WRITE_CHUNK {blockData=conID: 1 locID: 102659353027150361 bcsId: 0} | ret=SUCCESS |  
2019-08-22 07:03:33,156 | INFO  | DNAudit | user=null | ip=null | op=PUT_BLOCK {blockData=[blockId=conID: 1 locID: 102659353027150361 bcsId: 0,size=2097152]} | ret=SUCCESS |  
2019-08-22 07:03:33,156 | INFO  | DNAudit | user=null | ip=null | op=PUT_BLOCK {blockData=[blockId=conID: 1 locID: 102659353027150361 bcsId: 0,size=2097152]} | ret=SUCCESS |  
2019-08-22 07:03:33,162 | INFO  | DNAudit | user=null | ip=null | op=WRITE_CHUNK {blockData=conID: 1 locID: 102659353027150361 bcsId: 2821} | ret=SUCCESS |  
2019-08-22 07:03:33,165 | INFO  | DNAudit | user=null | ip=null | op=WRITE_CHUNK {blockData=conID: 1 locID: 102659353027150361 bcsId: 2821} | ret=SUCCESS |  
2019-08-22 07:03:33,165 | INFO  | DNAudit | user=null | ip=null | op=WRITE_CHUNK {blockData=conID: 1 locID: 102659353027150361 bcsId: 2821} | ret=SUCCESS |  
2019-08-22 07:03:33,187 | INFO  | DNAudit | user=null | ip=null | op=WRITE_CHUNK {blockData=conID: 1 locID: 102659353027150361 bcsId: 2821} | ret=SUCCESS |  
2019-08-22 07:03:33,188 | INFO  | DNAudit | user=null | ip=null | op=PUT_BLOCK {blockData=[blockId=conID: 1 locID: 102659353027150361 bcsId: 0,size=3145728]} | ret=SUCCESS |  
2019-08-22 07:03:33,188 [grpc-default-executor-5] INFO  client.GrpcClientProtocolClient (GrpcClientProtocolClient.java:onNext(255)) - client-CF63D631FA17->3cf1264f-5f6b-4138-aeee-2ff7d4522ead: receive RaftClientReply:client-CF63D631FA17->3cf1264f-5f6b-4138-aeee-2ff7d4522ead@group-561E16522154, cid=1932, SUCCESS, logIndex=2826, commits[3cf1264f-5f6b-4138-aeee-2ff7d4522ead:c2827, 4f0d1a15-8f14-4d9a-ad4f-8211e1245b5d:c2825, 6999f20e-c3f7-4db4-87ca-141c476f2a88:c2825]
2019-08-22 07:03:33,188 [grpc-default-executor-5] INFO  client.GrpcClientProtocolClient (GrpcClientProtocolClient.java:onNext(255)) - client-CF63D631FA17->3cf1264f-5f6b-4138-aeee-2ff7d4522ead: receive RaftClientReply:client-CF63D631FA17->3cf1264f-5f6b-4138-aeee-2ff7d4522ead@group-561E16522154, cid=1933, SUCCESS, logIndex=2827, commits[3cf1264f-5f6b-4138-aeee-2ff7d4522ead:c2827, 4f0d1a15-8f14-4d9a-ad4f-8211e1245b5d:c2825, 6999f20e-c3f7-4db4-87ca-141c476f2a88:c2825]
2019-08-22 07:03:33,196 | INFO  | DNAudit | user=null | ip=null | op=WRITE_CHUNK {blockData=conID: 1 locID: 102659353027150361 bcsId: 2827} | ret=SUCCESS |  
2019-08-22 07:03:33,199 | INFO  | DNAudit | user=null | ip=null | op=WRITE_CHUNK {blockData=conID: 1 locID: 102659353027150361 bcsId: 2827} | ret=SUCCESS |  
2019-08-22 07:03:33,199 | INFO  | DNAudit | user=null | ip=null | op=WRITE_CHUNK {blockData=conID: 1 locID: 102659353027150361 bcsId: 2827} | ret=SUCCESS |  
2019-08-22 07:03:33,199 | INFO  | DNAudit | user=null | ip=null | op=WRITE_CHUNK {blockData=conID: 1 locID: 102659353027150361 bcsId: 2821} | ret=SUCCESS |  
2019-08-22 07:03:33,199 | INFO  | DNAudit | user=null | ip=null | op=WRITE_CHUNK {blockData=conID: 1 locID: 102659353027150361 bcsId: 2821} | ret=SUCCESS |  
2019-08-22 07:03:33,200 | INFO  | DNAudit | user=null | ip=null | op=PUT_BLOCK {blockData=[blockId=conID: 1 locID: 102659353027150361 bcsId: 0,size=3145728]} | ret=SUCCESS |  
2019-08-22 07:03:33,200 | INFO  | DNAudit | user=null | ip=null | op=PUT_BLOCK {blockData=[blockId=conID: 1 locID: 102659353027150361 bcsId: 0,size=3145728]} | ret=SUCCESS |  
2019-08-22 07:03:33,201 | INFO  | DNAudit | user=null | ip=null | op=WRITE_CHUNK {blockData=conID: 1 locID: 102659353027150361 bcsId: 2827} | ret=SUCCESS |  
2019-08-22 07:03:33,201 | INFO  | DNAudit | user=null | ip=null | op=PUT_BLOCK {blockData=[blockId=conID: 1 locID: 102659353027150361 bcsId: 0,size=4194304]} | ret=SUCCESS |  
2019-08-22 07:03:33,202 [grpc-default-executor-5] INFO  client.GrpcClientProtocolClient (GrpcClientProtocolClient.java:onNext(255)) - client-CF63D631FA17->3cf1264f-5f6b-4138-aeee-2ff7d4522ead: receive RaftClientReply:client-CF63D631FA17->3cf1264f-5f6b-4138-aeee-2ff7d4522ead@group-561E16522154, cid=1934, SUCCESS, logIndex=2830, commits[3cf1264f-5f6b-4138-aeee-2ff7d4522ead:c2831, 4f0d1a15-8f14-4d9a-ad4f-8211e1245b5d:c2827, 6999f20e-c3f7-4db4-87ca-141c476f2a88:c2827]
2019-08-22 07:03:33,202 [grpc-default-executor-5] INFO  client.GrpcClientProtocolClient (GrpcClientProtocolClient.java:onNext(255)) - client-CF63D631FA17->3cf1264f-5f6b-4138-aeee-2ff7d4522ead: receive RaftClientReply:client-CF63D631FA17->3cf1264f-5f6b-4138-aeee-2ff7d4522ead@group-561E16522154, cid=1935, SUCCESS, logIndex=2831, commits[3cf1264f-5f6b-4138-aeee-2ff7d4522ead:c2831, 4f0d1a15-8f14-4d9a-ad4f-8211e1245b5d:c2827, 6999f20e-c3f7-4db4-87ca-141c476f2a88:c2827]
2019-08-22 07:03:33,204 | INFO  | DNAudit | user=null | ip=null | op=WRITE_CHUNK {blockData=conID: 1 locID: 102659353027150361 bcsId: 2827} | ret=SUCCESS |  
2019-08-22 07:03:33,204 | INFO  | DNAudit | user=null | ip=null | op=WRITE_CHUNK {blockData=conID: 1 locID: 102659353027150361 bcsId: 2827} | ret=SUCCESS |  
2019-08-22 07:03:33,216 | INFO  | DNAudit | user=null | ip=null | op=PUT_BLOCK {blockData=[blockId=conID: 1 locID: 102659353027150361 bcsId: 0,size=4194304]} | ret=SUCCESS |  
2019-08-22 07:03:33,216 | INFO  | DNAudit | user=null | ip=null | op=PUT_BLOCK {blockData=[blockId=conID: 1 locID: 102659353027150361 bcsId: 0,size=4194304]} | ret=SUCCESS |  
2019-08-22 07:03:33,216 [grpc-default-executor-0] INFO  client.GrpcClientProtocolClient (GrpcClientProtocolClient.java:onNext(255)) - client-CF63D631FA17->3cf1264f-5f6b-4138-aeee-2ff7d4522ead: receive RaftClientReply:client-CF63D631FA17->3cf1264f-5f6b-4138-aeee-2ff7d4522ead@group-561E16522154, cid=1936, SUCCESS, logIndex=0, commits[3cf1264f-5f6b-4138-aeee-2ff7d4522ead:c2833, 4f0d1a15-8f14-4d9a-ad4f-8211e1245b5d:c2831, 6999f20e-c3f7-4db4-87ca-141c476f2a88:c2831]
2019-08-22 07:03:33,222 | INFO  | SCMAudit | user=jenkins1000 | ip=192.168.34.31 | op=ALLOCATE_BLOCK {owner=04b6d46a-98e2-41b1-9f38-1870289993ea, size=4194304, type=RATIS, factor=THREE} | ret=SUCCESS |  
2019-08-22 07:03:33,226 | INFO  | OMAudit | user=jenkins1000 | ip=127.0.0.1 | op=ALLOCATE_BLOCK {volume=vol-0-14906, bucket=bucket-0-53153, key=key-0-33222, dataSize=0, replicationType=null, replicationFactor=null, keyLocationInfo=null, clientID=102659352017764754} | ret=SUCCESS |  
2019-08-22 07:03:33,234 | INFO  | DNAudit | user=null | ip=null | op=WRITE_CHUNK {blockData=conID: 2 locID: 102659353032917530 bcsId: 0} | ret=SUCCESS |  
2019-08-22 07:03:33,238 | INFO  | DNAudit | user=null | ip=null | op=WRITE_CHUNK {blockData=conID: 2 locID: 102659353032917530 bcsId: 0} | ret=SUCCESS |  
2019-08-22 07:03:33,239 | INFO  | DNAudit | user=null | ip=null | op=WRITE_CHUNK {blockData=conID: 2 locID: 102659353032917530 bcsId: 0} | ret=SUCCESS |  
2019-08-22 07:03:33,239 | INFO  | DNAudit | user=null | ip=null | op=WRITE_CHUNK {blockData=conID: 2 locID: 102659353032917530 bcsId: 0} | ret=SUCCESS |  
2019-08-22 07:03:33,240 | INFO  | DNAudit | user=null | ip=null | op=WRITE_CHUNK {blockData=conID: 2 locID: 102659353032917530 bcsId: 0} | ret=SUCCESS |  
2019-08-22 07:03:33,240 | INFO  | DNAudit | user=null | ip=null | op=WRITE_CHUNK {blockData=conID: 2 locID: 102659353032917530 bcsId: 0} | ret=SUCCESS |  
2019-08-22 07:03:33,247 | INFO  | DNAudit | user=null | ip=null | op=WRITE_CHUNK {blockData=conID: 2 locID: 102659353032917530 bcsId: 0} | ret=SUCCESS |  
2019-08-22 07:03:33,247 | INFO  | DNAudit | user=null | ip=null | op=PUT_BLOCK {blockData=[blockId=conID: 2 locID: 102659353032917530 bcsId: 0,size=1048576]} | ret=SUCCESS |  
2019-08-22 07:03:33,248 | INFO  | DNAudit | user=null | ip=null | op=WRITE_CHUNK {blockData=conID: 2 locID: 102659353032917530 bcsId: 0} | ret=SUCCESS |  
2019-08-22 07:03:33,248 [grpc-default-executor-1] INFO  client.GrpcClientProtocolClient (GrpcClientProtocolClient.java:onNext(255)) - client-CF63D631FA17->3cf1264f-5f6b-4138-aeee-2ff7d4522ead: receive RaftClientReply:client-CF63D631FA17->3cf1264f-5f6b-4138-aeee-2ff7d4522ead@group-561E16522154, cid=1937, SUCCESS, logIndex=2834, commits[3cf1264f-5f6b-4138-aeee-2ff7d4522ead:c2836, 4f0d1a15-8f14-4d9a-ad4f-8211e1245b5d:c2833, 6999f20e-c3f7-4db4-87ca-141c476f2a88:c2833]
2019-08-22 07:03:33,248 | INFO  | DNAudit | user=null | ip=null | op=PUT_BLOCK {blockData=[blockId=conID: 2 locID: 102659353032917530 bcsId: 0,size=2097152]} | ret=SUCCESS |  
2019-08-22 07:03:33,248 | INFO  | DNAudit | user=null | ip=null | op=WRITE_CHUNK {blockData=conID: 2 locID: 102659353032917530 bcsId: 0} | ret=SUCCESS |  
2019-08-22 07:03:33,248 [grpc-default-executor-5] INFO  client.GrpcClientProtocolClient (GrpcClientProtocolClient.java:onNext(255)) - client-CF63D631FA17->3cf1264f-5f6b-4138-aeee-2ff7d4522ead: receive RaftClientReply:client-CF63D631FA17->3cf1264f-5f6b-4138-aeee-2ff7d4522ead@group-561E16522154, cid=1938, SUCCESS, logIndex=2835, commits[3cf1264f-5f6b-4138-aeee-2ff7d4522ead:c2837, 4f0d1a15-8f14-4d9a-ad4f-8211e1245b5d:c2833, 6999f20e-c3f7-4db4-87ca-141c476f2a88:c2833]
2019-08-22 07:03:33,248 [grpc-default-executor-5] INFO  client.GrpcClientProtocolClient (GrpcClientProtocolClient.java:onNext(255)) - client-CF63D631FA17->3cf1264f-5f6b-4138-aeee-2ff7d4522ead: receive RaftClientReply:client-CF63D631FA17->3cf1264f-5f6b-4138-aeee-2ff7d4522ead@group-561E16522154, cid=1939, SUCCESS, logIndex=2836, commits[3cf1264f-5f6b-4138-aeee-2ff7d4522ead:c2837, 4f0d1a15-8f14-4d9a-ad4f-8211e1245b5d:c2833, 6999f20e-c3f7-4db4-87ca-141c476f2a88:c2833]
2019-08-22 07:03:33,249 [grpc-default-executor-5] INFO  client.GrpcClientProtocolClient (GrpcClientProtocolClient.java:onNext(255)) - client-CF63D631FA17->3cf1264f-5f6b-4138-aeee-2ff7d4522ead: receive RaftClientReply:client-CF63D631FA17->3cf1264f-5f6b-4138-aeee-2ff7d4522ead@group-561E16522154, cid=1940, SUCCESS, logIndex=2837, commits[3cf1264f-5f6b-4138-aeee-2ff7d4522ead:c2838, 4f0d1a15-8f14-4d9a-ad4f-8211e1245b5d:c2834, 6999f20e-c3f7-4db4-87ca-141c476f2a88:c2833]
2019-08-22 07:03:33,250 | INFO  | DNAudit | user=null | ip=null | op=WRITE_CHUNK {blockData=conID: 2 locID: 102659353032917530 bcsId: 0} | ret=SUCCESS |  
2019-08-22 07:03:33,251 | INFO  | DNAudit | user=null | ip=null | op=PUT_BLOCK {blockData=[blockId=conID: 2 locID: 102659353032917530 bcsId: 0,size=1048576]} | ret=SUCCESS |  
2019-08-22 07:03:33,261 | INFO  | DNAudit | user=null | ip=null | op=PUT_BLOCK {blockData=[blockId=conID: 2 locID: 102659353032917530 bcsId: 0,size=1048576]} | ret=SUCCESS |  
2019-08-22 07:03:33,262 | INFO  | DNAudit | user=null | ip=null | op=WRITE_CHUNK {blockData=conID: 2 locID: 102659353032917530 bcsId: 0} | ret=SUCCESS |  
2019-08-22 07:03:33,262 | INFO  | DNAudit | user=null | ip=null | op=WRITE_CHUNK {blockData=conID: 2 locID: 102659353032917530 bcsId: 0} | ret=SUCCESS |  
2019-08-22 07:03:33,262 | INFO  | DNAudit | user=null | ip=null | op=PUT_BLOCK {blockData=[blockId=conID: 2 locID: 102659353032917530 bcsId: 0,size=2097152]} | ret=SUCCESS |  
2019-08-22 07:03:33,262 [grpc-default-executor-5] INFO  client.GrpcClientProtocolClient (GrpcClientProtocolClient.java:onNext(255)) - client-CF63D631FA17->3cf1264f-5f6b-4138-aeee-2ff7d4522ead: receive RaftClientReply:client-CF63D631FA17->3cf1264f-5f6b-4138-aeee-2ff7d4522ead@group-561E16522154, cid=1941, SUCCESS, logIndex=0, commits[3cf1264f-5f6b-4138-aeee-2ff7d4522ead:c2839, 4f0d1a15-8f14-4d9a-ad4f-8211e1245b5d:c2835, 6999f20e-c3f7-4db4-87ca-141c476f2a88:c2835]
2019-08-22 07:03:33,262 | INFO  | DNAudit | user=null | ip=null | op=PUT_BLOCK {blockData=[blockId=conID: 2 locID: 102659353032917530 bcsId: 0,size=2097152]} | ret=SUCCESS |  
2019-08-22 07:03:33,269 | INFO  | DNAudit | user=null | ip=null | op=WRITE_CHUNK {blockData=conID: 2 locID: 102659353032917530 bcsId: 2837} | ret=SUCCESS |  
2019-08-22 07:03:33,272 | INFO  | DNAudit | user=null | ip=null | op=WRITE_CHUNK {blockData=conID: 2 locID: 102659353032917530 bcsId: 2837} | ret=SUCCESS |  
2019-08-22 07:03:33,272 | INFO  | DNAudit | user=null | ip=null | op=WRITE_CHUNK {blockData=conID: 2 locID: 102659353032917530 bcsId: 2837} | ret=SUCCESS |  
2019-08-22 07:03:33,283 | INFO  | DNAudit | user=null | ip=null | op=WRITE_CHUNK {blockData=conID: 2 locID: 102659353032917530 bcsId: 2837} | ret=SUCCESS |  
2019-08-22 07:03:33,284 | INFO  | DNAudit | user=null | ip=null | op=PUT_BLOCK {blockData=[blockId=conID: 2 locID: 102659353032917530 bcsId: 0,size=3145728]} | ret=SUCCESS |  
2019-08-22 07:03:33,284 [grpc-default-executor-3] INFO  client.GrpcClientProtocolClient (GrpcClientProtocolClient.java:onNext(255)) - client-CF63D631FA17->3cf1264f-5f6b-4138-aeee-2ff7d4522ead: receive RaftClientReply:client-CF63D631FA17->3cf1264f-5f6b-4138-aeee-2ff7d4522ead@group-561E16522154, cid=1942, SUCCESS, logIndex=2842, commits[3cf1264f-5f6b-4138-aeee-2ff7d4522ead:c2843, 4f0d1a15-8f14-4d9a-ad4f-8211e1245b5d:c2841, 6999f20e-c3f7-4db4-87ca-141c476f2a88:c2841]
2019-08-22 07:03:33,284 [grpc-default-executor-3] INFO  client.GrpcClientProtocolClient (GrpcClientProtocolClient.java:onNext(255)) - client-CF63D631FA17->3cf1264f-5f6b-4138-aeee-2ff7d4522ead: receive RaftClientReply:client-CF63D631FA17->3cf1264f-5f6b-4138-aeee-2ff7d4522ead@group-561E16522154, cid=1943, SUCCESS, logIndex=2843, commits[3cf1264f-5f6b-4138-aeee-2ff7d4522ead:c2843, 4f0d1a15-8f14-4d9a-ad4f-8211e1245b5d:c2841, 6999f20e-c3f7-4db4-87ca-141c476f2a88:c2841]
2019-08-22 07:03:33,292 | INFO  | DNAudit | user=null | ip=null | op=WRITE_CHUNK {blockData=conID: 2 locID: 102659353032917530 bcsId: 2843} | ret=SUCCESS |  
2019-08-22 07:03:33,294 | INFO  | DNAudit | user=null | ip=null | op=WRITE_CHUNK {blockData=conID: 2 locID: 102659353032917530 bcsId: 2843} | ret=SUCCESS |  
2019-08-22 07:03:33,295 | INFO  | DNAudit | user=null | ip=null | op=WRITE_CHUNK {blockData=conID: 2 locID: 102659353032917530 bcsId: 2837} | ret=SUCCESS |  
2019-08-22 07:03:33,295 | INFO  | DNAudit | user=null | ip=null | op=WRITE_CHUNK {blockData=conID: 2 locID: 102659353032917530 bcsId: 2837} | ret=SUCCESS |  
2019-08-22 07:03:33,295 | INFO  | DNAudit | user=null | ip=null | op=WRITE_CHUNK {blockData=conID: 2 locID: 102659353032917530 bcsId: 2843} | ret=SUCCESS |  
2019-08-22 07:03:33,295 | INFO  | DNAudit | user=null | ip=null | op=PUT_BLOCK {blockData=[blockId=conID: 2 locID: 102659353032917530 bcsId: 0,size=3145728]} | ret=SUCCESS |  
2019-08-22 07:03:33,296 | INFO  | DNAudit | user=null | ip=null | op=WRITE_CHUNK {blockData=conID: 2 locID: 102659353032917530 bcsId: 2843} | ret=SUCCESS |  
2019-08-22 07:03:33,296 | INFO  | DNAudit | user=null | ip=null | op=PUT_BLOCK {blockData=[blockId=conID: 2 locID: 102659353032917530 bcsId: 0,size=3145728]} | ret=SUCCESS |  
2019-08-22 07:03:33,297 | INFO  | DNAudit | user=null | ip=null | op=PUT_BLOCK {blockData=[blockId=conID: 2 locID: 102659353032917530 bcsId: 0,size=4194304]} | ret=SUCCESS |  
2019-08-22 07:03:33,297 [grpc-default-executor-3] INFO  client.GrpcClientProtocolClient (GrpcClientProtocolClient.java:onNext(255)) - client-CF63D631FA17->3cf1264f-5f6b-4138-aeee-2ff7d4522ead: receive RaftClientReply:client-CF63D631FA17->3cf1264f-5f6b-4138-aeee-2ff7d4522ead@group-561E16522154, cid=1944, SUCCESS, logIndex=2846, commits[3cf1264f-5f6b-4138-aeee-2ff7d4522ead:c2847, 4f0d1a15-8f14-4d9a-ad4f-8211e1245b5d:c2843, 6999f20e-c3f7-4db4-87ca-141c476f2a88:c2843]
2019-08-22 07:03:33,297 [grpc-default-executor-3] INFO  client.GrpcClientProtocolClient (GrpcClientProtocolClient.java:onNext(255)) - client-CF63D631FA17->3cf1264f-5f6b-4138-aeee-2ff7d4522ead: receive RaftClientReply:client-CF63D631FA17->3cf1264f-5f6b-4138-aeee-2ff7d4522ead@group-561E16522154, cid=1945, SUCCESS, logIndex=2847, commits[3cf1264f-5f6b-4138-aeee-2ff7d4522ead:c2847, 4f0d1a15-8f14-4d9a-ad4f-8211e1245b5d:c2843, 6999f20e-c3f7-4db4-87ca-141c476f2a88:c2843]
2019-08-22 07:03:33,298 | INFO  | DNAudit | user=null | ip=null | op=WRITE_CHUNK {blockData=conID: 2 locID: 102659353032917530 bcsId: 2843} | ret=SUCCESS |  
2019-08-22 07:03:33,298 | INFO  | DNAudit | user=null | ip=null | op=PUT_BLOCK {blockData=[blockId=conID: 2 locID: 102659353032917530 bcsId: 0,size=4194304]} | ret=SUCCESS |  
2019-08-22 07:03:33,300 | INFO  | DNAudit | user=null | ip=null | op=WRITE_CHUNK {blockData=conID: 2 locID: 102659353032917530 bcsId: 2843} | ret=SUCCESS |  
2019-08-22 07:03:33,300 | INFO  | DNAudit | user=null | ip=null | op=PUT_BLOCK {blockData=[blockId=conID: 2 locID: 102659353032917530 bcsId: 0,size=4194304]} | ret=SUCCESS |  
2019-08-22 07:03:33,300 [grpc-default-executor-3] INFO  client.GrpcClientProtocolClient (GrpcClientProtocolClient.java:onNext(255)) - client-CF63D631FA17->3cf1264f-5f6b-4138-aeee-2ff7d4522ead: receive RaftClientReply:client-CF63D631FA17->3cf1264f-5f6b-4138-aeee-2ff7d4522ead@group-561E16522154, cid=1946, SUCCESS, logIndex=0, commits[3cf1264f-5f6b-4138-aeee-2ff7d4522ead:c2848, 4f0d1a15-8f14-4d9a-ad4f-8211e1245b5d:c2847, 6999f20e-c3f7-4db4-87ca-141c476f2a88:c2847]
2019-08-22 07:03:33,305 | INFO  | SCMAudit | user=jenkins1000 | ip=192.168.34.31 | op=ALLOCATE_BLOCK {owner=04b6d46a-98e2-41b1-9f38-1870289993ea, size=4194304, type=RATIS, factor=THREE} | ret=SUCCESS |  
2019-08-22 07:03:33,307 | INFO  | OMAudit | user=jenkins1000 | ip=127.0.0.1 | op=ALLOCATE_BLOCK {volume=vol-0-14906, bucket=bucket-0-53153, key=key-0-33222, dataSize=0, replicationType=null, replicationFactor=null, keyLocationInfo=null, clientID=102659352017764754} | ret=SUCCESS |  
2019-08-22 07:03:33,314 | INFO  | DNAudit | user=null | ip=null | op=WRITE_CHUNK {blockData=conID: 3 locID: 102659353038357019 bcsId: 0} | ret=SUCCESS |  
2019-08-22 07:03:33,316 | INFO  | DNAudit | user=null | ip=null | op=WRITE_CHUNK {blockData=conID: 3 locID: 102659353038357019 bcsId: 0} | ret=SUCCESS |  
2019-08-22 07:03:33,316 | INFO  | DNAudit | user=null | ip=null | op=WRITE_CHUNK {blockData=conID: 3 locID: 102659353038357019 bcsId: 0} | ret=SUCCESS |  
2019-08-22 07:03:33,317 | INFO  | DNAudit | user=null | ip=null | op=WRITE_CHUNK {blockData=conID: 3 locID: 102659353038357019 bcsId: 0} | ret=SUCCESS |  
2019-08-22 07:03:33,319 | INFO  | DNAudit | user=null | ip=null | op=WRITE_CHUNK {blockData=conID: 3 locID: 102659353038357019 bcsId: 0} | ret=SUCCESS |  
2019-08-22 07:03:33,319 | INFO  | DNAudit | user=null | ip=null | op=PUT_BLOCK {blockData=[blockId=conID: 3 locID: 102659353038357019 bcsId: 0,size=1048576]} | ret=SUCCESS |  
2019-08-22 07:03:33,319 | INFO  | DNAudit | user=null | ip=null | op=WRITE_CHUNK {blockData=conID: 3 locID: 102659353038357019 bcsId: 0} | ret=SUCCESS |  
2019-08-22 07:03:33,320 [grpc-default-executor-3] INFO  client.GrpcClientProtocolClient (GrpcClientProtocolClient.java:onNext(255)) - client-CF63D631FA17->3cf1264f-5f6b-4138-aeee-2ff7d4522ead: receive RaftClientReply:client-CF63D631FA17->3cf1264f-5f6b-4138-aeee-2ff7d4522ead@group-561E16522154, cid=1947, SUCCESS, logIndex=2850, commits[3cf1264f-5f6b-4138-aeee-2ff7d4522ead:c2851, 4f0d1a15-8f14-4d9a-ad4f-8211e1245b5d:c2849, 6999f20e-c3f7-4db4-87ca-141c476f2a88:c2849]
2019-08-22 07:03:33,320 | INFO  | DNAudit | user=null | ip=null | op=WRITE_CHUNK {blockData=conID: 3 locID: 102659353038357019 bcsId: 0} | ret=SUCCESS |  
2019-08-22 07:03:33,320 [grpc-default-executor-3] INFO  client.GrpcClientProtocolClient (GrpcClientProtocolClient.java:onNext(255)) - client-CF63D631FA17->3cf1264f-5f6b-4138-aeee-2ff7d4522ead: receive RaftClientReply:client-CF63D631FA17->3cf1264f-5f6b-4138-aeee-2ff7d4522ead@group-561E16522154, cid=1948, SUCCESS, logIndex=2851, commits[3cf1264f-5f6b-4138-aeee-2ff7d4522ead:c2851, 4f0d1a15-8f14-4d9a-ad4f-8211e1245b5d:c2849, 6999f20e-c3f7-4db4-87ca-141c476f2a88:c2849]
2019-08-22 07:03:33,321 | INFO  | DNAudit | user=null | ip=null | op=WRITE_CHUNK {blockData=conID: 3 locID: 102659353038357019 bcsId: 0} | ret=SUCCESS |  
2019-08-22 07:03:33,321 | INFO  | DNAudit | user=null | ip=null | op=WRITE_CHUNK {blockData=conID: 3 locID: 102659353038357019 bcsId: 0} | ret=SUCCESS |  
2019-08-22 07:03:33,322 | INFO  | DNAudit | user=null | ip=null | op=PUT_BLOCK {blockData=[blockId=conID: 3 locID: 102659353038357019 bcsId: 0,size=1048576]} | ret=SUCCESS |  
2019-08-22 07:03:33,322 | INFO  | DNAudit | user=null | ip=null | op=PUT_BLOCK {blockData=[blockId=conID: 3 locID: 102659353038357019 bcsId: 0,size=2097152]} | ret=SUCCESS |  
2019-08-22 07:03:33,322 [grpc-default-executor-1] INFO  client.GrpcClientProtocolClient (GrpcClientProtocolClient.java:onNext(255)) - client-CF63D631FA17->3cf1264f-5f6b-4138-aeee-2ff7d4522ead: receive RaftClientReply:client-CF63D631FA17->3cf1264f-5f6b-4138-aeee-2ff7d4522ead@group-561E16522154, cid=1949, SUCCESS, logIndex=2852, commits[3cf1264f-5f6b-4138-aeee-2ff7d4522ead:c2854, 4f0d1a15-8f14-4d9a-ad4f-8211e1245b5d:c2849, 6999f20e-c3f7-4db4-87ca-141c476f2a88:c2851]
2019-08-22 07:03:33,322 [grpc-default-executor-1] INFO  client.GrpcClientProtocolClient (GrpcClientProtocolClient.java:onNext(255)) - client-CF63D631FA17->3cf1264f-5f6b-4138-aeee-2ff7d4522ead: receive RaftClientReply:client-CF63D631FA17->3cf1264f-5f6b-4138-aeee-2ff7d4522ead@group-561E16522154, cid=1950, SUCCESS, logIndex=2853, commits[3cf1264f-5f6b-4138-aeee-2ff7d4522ead:c2854, 4f0d1a15-8f14-4d9a-ad4f-8211e1245b5d:c2849, 6999f20e-c3f7-4db4-87ca-141c476f2a88:c2851]
2019-08-22 07:03:33,323 | INFO  | DNAudit | user=null | ip=null | op=WRITE_CHUNK {blockData=conID: 3 locID: 102659353038357019 bcsId: 0} | ret=SUCCESS |  
2019-08-22 07:03:33,324 | INFO  | DNAudit | user=null | ip=null | op=PUT_BLOCK {blockData=[blockId=conID: 3 locID: 102659353038357019 bcsId: 0,size=1048576]} | ret=SUCCESS |  
2019-08-22 07:03:33,324 [grpc-default-executor-1] INFO  client.GrpcClientProtocolClient (GrpcClientProtocolClient.java:onNext(255)) - client-CF63D631FA17->3cf1264f-5f6b-4138-aeee-2ff7d4522ead: receive RaftClientReply:client-CF63D631FA17->3cf1264f-5f6b-4138-aeee-2ff7d4522ead@group-561E16522154, cid=1951, SUCCESS, logIndex=0, commits[3cf1264f-5f6b-4138-aeee-2ff7d4522ead:c2855, 4f0d1a15-8f14-4d9a-ad4f-8211e1245b5d:c2851, 6999f20e-c3f7-4db4-87ca-141c476f2a88:c2851]
2019-08-22 07:03:33,325 | INFO  | DNAudit | user=null | ip=null | op=WRITE_CHUNK {blockData=conID: 3 locID: 102659353038357019 bcsId: 0} | ret=SUCCESS |  
2019-08-22 07:03:33,325 | INFO  | DNAudit | user=null | ip=null | op=WRITE_CHUNK {blockData=conID: 3 locID: 102659353038357019 bcsId: 0} | ret=SUCCESS |  
2019-08-22 07:03:33,325 | INFO  | DNAudit | user=null | ip=null | op=PUT_BLOCK {blockData=[blockId=conID: 3 locID: 102659353038357019 bcsId: 0,size=2097152]} | ret=SUCCESS |  
2019-08-22 07:03:33,326 | INFO  | DNAudit | user=null | ip=null | op=PUT_BLOCK {blockData=[blockId=conID: 3 locID: 102659353038357019 bcsId: 0,size=2097152]} | ret=SUCCESS |  
2019-08-22 07:03:33,331 | INFO  | DNAudit | user=null | ip=null | op=WRITE_CHUNK {blockData=conID: 3 locID: 102659353038357019 bcsId: 2853} | ret=SUCCESS |  
2019-08-22 07:03:33,333 | INFO  | DNAudit | user=null | ip=null | op=WRITE_CHUNK {blockData=conID: 3 locID: 102659353038357019 bcsId: 2853} | ret=SUCCESS |  
2019-08-22 07:03:33,333 | INFO  | DNAudit | user=null | ip=null | op=WRITE_CHUNK {blockData=conID: 3 locID: 102659353038357019 bcsId: 2853} | ret=SUCCESS |  
2019-08-22 07:03:33,335 | INFO  | DNAudit | user=null | ip=null | op=WRITE_CHUNK {blockData=conID: 3 locID: 102659353038357019 bcsId: 2853} | ret=SUCCESS |  
2019-08-22 07:03:33,336 | INFO  | DNAudit | user=null | ip=null | op=PUT_BLOCK {blockData=[blockId=conID: 3 locID: 102659353038357019 bcsId: 0,size=3145728]} | ret=SUCCESS |  
2019-08-22 07:03:33,336 [grpc-default-executor-1] INFO  client.GrpcClientProtocolClient (GrpcClientProtocolClient.java:onNext(255)) - client-CF63D631FA17->3cf1264f-5f6b-4138-aeee-2ff7d4522ead: receive RaftClientReply:client-CF63D631FA17->3cf1264f-5f6b-4138-aeee-2ff7d4522ead@group-561E16522154, cid=1952, SUCCESS, logIndex=2858, commits[3cf1264f-5f6b-4138-aeee-2ff7d4522ead:c2859, 4f0d1a15-8f14-4d9a-ad4f-8211e1245b5d:c2857, 6999f20e-c3f7-4db4-87ca-141c476f2a88:c2857]
2019-08-22 07:03:33,337 | INFO  | DNAudit | user=null | ip=null | op=WRITE_CHUNK {blockData=conID: 3 locID: 102659353038357019 bcsId: 2853} | ret=SUCCESS |  
2019-08-22 07:03:33,336 [grpc-default-executor-1] INFO  client.GrpcClientProtocolClient (GrpcClientProtocolClient.java:onNext(255)) - client-CF63D631FA17->3cf1264f-5f6b-4138-aeee-2ff7d4522ead: receive RaftClientReply:client-CF63D631FA17->3cf1264f-5f6b-4138-aeee-2ff7d4522ead@group-561E16522154, cid=1953, SUCCESS, logIndex=2859, commits[3cf1264f-5f6b-4138-aeee-2ff7d4522ead:c2859, 4f0d1a15-8f14-4d9a-ad4f-8211e1245b5d:c2857, 6999f20e-c3f7-4db4-87ca-141c476f2a88:c2857]
2019-08-22 07:03:33,337 | INFO  | DNAudit | user=null | ip=null | op=WRITE_CHUNK {blockData=conID: 3 locID: 102659353038357019 bcsId: 2853} | ret=SUCCESS |  
2019-08-22 07:03:33,338 | INFO  | DNAudit | user=null | ip=null | op=PUT_BLOCK {blockData=[blockId=conID: 3 locID: 102659353038357019 bcsId: 0,size=3145728]} | ret=SUCCESS |  
2019-08-22 07:03:33,338 | INFO  | DNAudit | user=null | ip=null | op=PUT_BLOCK {blockData=[blockId=conID: 3 locID: 102659353038357019 bcsId: 0,size=3145728]} | ret=SUCCESS |  
2019-08-22 07:03:33,342 | INFO  | DNAudit | user=null | ip=null | op=WRITE_CHUNK {blockData=conID: 3 locID: 102659353038357019 bcsId: 2859} | ret=SUCCESS |  
2019-08-22 07:03:33,346 | INFO  | DNAudit | user=null | ip=null | op=WRITE_CHUNK {blockData=conID: 3 locID: 102659353038357019 bcsId: 2859} | ret=SUCCESS |  
2019-08-22 07:03:33,346 | INFO  | DNAudit | user=null | ip=null | op=WRITE_CHUNK {blockData=conID: 3 locID: 102659353038357019 bcsId: 2859} | ret=SUCCESS |  
2019-08-22 07:03:33,348 | INFO  | DNAudit | user=null | ip=null | op=WRITE_CHUNK {blockData=conID: 3 locID: 102659353038357019 bcsId: 2859} | ret=SUCCESS |  
2019-08-22 07:03:33,349 | INFO  | DNAudit | user=null | ip=null | op=PUT_BLOCK {blockData=[blockId=conID: 3 locID: 102659353038357019 bcsId: 0,size=4194304]} | ret=SUCCESS |  
2019-08-22 07:03:33,349 [grpc-default-executor-1] INFO  client.GrpcClientProtocolClient (GrpcClientProtocolClient.java:onNext(255)) - client-CF63D631FA17->3cf1264f-5f6b-4138-aeee-2ff7d4522ead: receive RaftClientReply:client-CF63D631FA17->3cf1264f-5f6b-4138-aeee-2ff7d4522ead@group-561E16522154, cid=1954, SUCCESS, logIndex=2862, commits[3cf1264f-5f6b-4138-aeee-2ff7d4522ead:c2863, 4f0d1a15-8f14-4d9a-ad4f-8211e1245b5d:c2861, 6999f20e-c3f7-4db4-87ca-141c476f2a88:c2861]
2019-08-22 07:03:33,349 [grpc-default-executor-1] INFO  client.GrpcClientProtocolClient (GrpcClientProtocolClient.java:onNext(255)) - client-CF63D631FA17->3cf1264f-5f6b-4138-aeee-2ff7d4522ead: receive RaftClientReply:client-CF63D631FA17->3cf1264f-5f6b-4138-aeee-2ff7d4522ead@group-561E16522154, cid=1955, SUCCESS, logIndex=2863, commits[3cf1264f-5f6b-4138-aeee-2ff7d4522ead:c2863, 4f0d1a15-8f14-4d9a-ad4f-8211e1245b5d:c2861, 6999f20e-c3f7-4db4-87ca-141c476f2a88:c2861]
2019-08-22 07:03:33,350 | INFO  | DNAudit | user=null | ip=null | op=WRITE_CHUNK {blockData=conID: 3 locID: 102659353038357019 bcsId: 2859} | ret=SUCCESS |  
2019-08-22 07:03:33,350 | INFO  | DNAudit | user=null | ip=null | op=WRITE_CHUNK {blockData=conID: 3 locID: 102659353038357019 bcsId: 2859} | ret=SUCCESS |  
2019-08-22 07:03:33,352 | INFO  | DNAudit | user=null | ip=null | op=PUT_BLOCK {blockData=[blockId=conID: 3 locID: 102659353038357019 bcsId: 0,size=4194304]} | ret=SUCCESS |  
2019-08-22 07:03:33,352 | INFO  | DNAudit | user=null | ip=null | op=PUT_BLOCK {blockData=[blockId=conID: 3 locID: 102659353038357019 bcsId: 0,size=4194304]} | ret=SUCCESS |  
2019-08-22 07:03:33,352 [grpc-default-executor-1] INFO  client.GrpcClientProtocolClient (GrpcClientProtocolClient.java:onNext(255)) - client-CF63D631FA17->3cf1264f-5f6b-4138-aeee-2ff7d4522ead: receive RaftClientReply:client-CF63D631FA17->3cf1264f-5f6b-4138-aeee-2ff7d4522ead@group-561E16522154, cid=1956, SUCCESS, logIndex=0, commits[3cf1264f-5f6b-4138-aeee-2ff7d4522ead:c2864, 4f0d1a15-8f14-4d9a-ad4f-8211e1245b5d:c2863, 6999f20e-c3f7-4db4-87ca-141c476f2a88:c2863]
2019-08-22 07:03:33,356 | INFO  | SCMAudit | user=jenkins1000 | ip=192.168.34.31 | op=ALLOCATE_BLOCK {owner=04b6d46a-98e2-41b1-9f38-1870289993ea, size=4194304, type=RATIS, factor=THREE} | ret=SUCCESS |  
2019-08-22 07:03:33,358 | INFO  | OMAudit | user=jenkins1000 | ip=127.0.0.1 | op=ALLOCATE_BLOCK {volume=vol-0-14906, bucket=bucket-0-53153, key=key-0-33222, dataSize=0, replicationType=null, replicationFactor=null, keyLocationInfo=null, clientID=102659352017764754} | ret=SUCCESS |  
2019-08-22 07:03:33,365 | INFO  | DNAudit | user=null | ip=null | op=WRITE_CHUNK {blockData=conID: 1 locID: 102659353041699356 bcsId: 0} | ret=SUCCESS |  
2019-08-22 07:03:33,367 | INFO  | DNAudit | user=null | ip=null | op=WRITE_CHUNK {blockData=conID: 1 locID: 102659353041699356 bcsId: 0} | ret=SUCCESS |  
2019-08-22 07:03:33,367 | INFO  | DNAudit | user=null | ip=null | op=WRITE_CHUNK {blockData=conID: 1 locID: 102659353041699356 bcsId: 0} | ret=SUCCESS |  
2019-08-22 07:03:33,367 | INFO  | DNAudit | user=null | ip=null | op=WRITE_CHUNK {blockData=conID: 1 locID: 102659353041699356 bcsId: 0} | ret=SUCCESS |  
2019-08-22 07:03:33,370 | INFO  | DNAudit | user=null | ip=null | op=WRITE_CHUNK {blockData=conID: 1 locID: 102659353041699356 bcsId: 0} | ret=SUCCESS |  
2019-08-22 07:03:33,370 | INFO  | DNAudit | user=null | ip=null | op=WRITE_CHUNK {blockData=conID: 1 locID: 102659353041699356 bcsId: 0} | ret=SUCCESS |  
2019-08-22 07:03:33,370 | INFO  | DNAudit | user=null | ip=null | op=WRITE_CHUNK {blockData=conID: 1 locID: 102659353041699356 bcsId: 0} | ret=SUCCESS |  
2019-08-22 07:03:33,371 | INFO  | DNAudit | user=null | ip=null | op=PUT_BLOCK {blockData=[blockId=conID: 1 locID: 102659353041699356 bcsId: 0,size=1048576]} | ret=SUCCESS |  
2019-08-22 07:03:33,371 [grpc-default-executor-1] INFO  client.GrpcClientProtocolClient (GrpcClientProtocolClient.java:onNext(255)) - client-CF63D631FA17->3cf1264f-5f6b-4138-aeee-2ff7d4522ead: receive RaftClientReply:client-CF63D631FA17->3cf1264f-5f6b-4138-aeee-2ff7d4522ead@group-561E16522154, cid=1957, SUCCESS, logIndex=2866, commits[3cf1264f-5f6b-4138-aeee-2ff7d4522ead:c2867, 4f0d1a15-8f14-4d9a-ad4f-8211e1245b5d:c2865, 6999f20e-c3f7-4db4-87ca-141c476f2a88:c2865]
2019-08-22 07:03:33,371 [grpc-default-executor-1] INFO  client.GrpcClientProtocolClient (GrpcClientProtocolClient.java:onNext(255)) - client-CF63D631FA17->3cf1264f-5f6b-4138-aeee-2ff7d4522ead: receive RaftClientReply:client-CF63D631FA17->3cf1264f-5f6b-4138-aeee-2ff7d4522ead@group-561E16522154, cid=1958, SUCCESS, logIndex=2867, commits[3cf1264f-5f6b-4138-aeee-2ff7d4522ead:c2867, 4f0d1a15-8f14-4d9a-ad4f-8211e1245b5d:c2865, 6999f20e-c3f7-4db4-87ca-141c476f2a88:c2865]
2019-08-22 07:03:33,372 | INFO  | DNAudit | user=null | ip=null | op=WRITE_CHUNK {blockData=conID: 1 locID: 102659353041699356 bcsId: 0} | ret=SUCCESS |  
2019-08-22 07:03:33,372 | INFO  | DNAudit | user=null | ip=null | op=PUT_BLOCK {blockData=[blockId=conID: 1 locID: 102659353041699356 bcsId: 0,size=2097152]} | ret=SUCCESS |  
2019-08-22 07:03:33,372 [grpc-default-executor-1] INFO  client.GrpcClientProtocolClient (GrpcClientProtocolClient.java:onNext(255)) - client-CF63D631FA17->3cf1264f-5f6b-4138-aeee-2ff7d4522ead: receive RaftClientReply:client-CF63D631FA17->3cf1264f-5f6b-4138-aeee-2ff7d4522ead@group-561E16522154, cid=1959, SUCCESS, logIndex=2868, commits[3cf1264f-5f6b-4138-aeee-2ff7d4522ead:c2869, 4f0d1a15-8f14-4d9a-ad4f-8211e1245b5d:c2865, 6999f20e-c3f7-4db4-87ca-141c476f2a88:c2865]
2019-08-22 07:03:33,373 | INFO  | DNAudit | user=null | ip=null | op=WRITE_CHUNK {blockData=conID: 1 locID: 102659353041699356 bcsId: 0} | ret=SUCCESS |  
2019-08-22 07:03:33,373 [grpc-default-executor-5] INFO  client.GrpcClientProtocolClient (GrpcClientProtocolClient.java:onNext(255)) - client-CF63D631FA17->3cf1264f-5f6b-4138-aeee-2ff7d4522ead: receive RaftClientReply:client-CF63D631FA17->3cf1264f-5f6b-4138-aeee-2ff7d4522ead@group-561E16522154, cid=1960, SUCCESS, logIndex=2869, commits[3cf1264f-5f6b-4138-aeee-2ff7d4522ead:c2869, 4f0d1a15-8f14-4d9a-ad4f-8211e1245b5d:c2865, 6999f20e-c3f7-4db4-87ca-141c476f2a88:c2865]
2019-08-22 07:03:33,373 | INFO  | DNAudit | user=null | ip=null | op=PUT_BLOCK {blockData=[blockId=conID: 1 locID: 102659353041699356 bcsId: 0,size=1048576]} | ret=SUCCESS |  
2019-08-22 07:03:33,375 | INFO  | DNAudit | user=null | ip=null | op=WRITE_CHUNK {blockData=conID: 1 locID: 102659353041699356 bcsId: 0} | ret=SUCCESS |  
2019-08-22 07:03:33,375 | INFO  | DNAudit | user=null | ip=null | op=PUT_BLOCK {blockData=[blockId=conID: 1 locID: 102659353041699356 bcsId: 0,size=1048576]} | ret=SUCCESS |  
2019-08-22 07:03:33,376 [grpc-default-executor-5] INFO  client.GrpcClientProtocolClient (GrpcClientProtocolClient.java:onNext(255)) - client-CF63D631FA17->3cf1264f-5f6b-4138-aeee-2ff7d4522ead: receive RaftClientReply:client-CF63D631FA17->3cf1264f-5f6b-4138-aeee-2ff7d4522ead@group-561E16522154, cid=1961, SUCCESS, logIndex=0, commits[3cf1264f-5f6b-4138-aeee-2ff7d4522ead:c2871, 4f0d1a15-8f14-4d9a-ad4f-8211e1245b5d:c2867, 6999f20e-c3f7-4db4-87ca-141c476f2a88:c2867]
2019-08-22 07:03:33,376 | INFO  | DNAudit | user=null | ip=null | op=WRITE_CHUNK {blockData=conID: 1 locID: 102659353041699356 bcsId: 0} | ret=SUCCESS |  
2019-08-22 07:03:33,377 | INFO  | DNAudit | user=null | ip=null | op=PUT_BLOCK {blockData=[blockId=conID: 1 locID: 102659353041699356 bcsId: 0,size=2097152]} | ret=SUCCESS |  
2019-08-22 07:03:33,377 | INFO  | DNAudit | user=null | ip=null | op=WRITE_CHUNK {blockData=conID: 1 locID: 102659353041699356 bcsId: 0} | ret=SUCCESS |  
2019-08-22 07:03:33,378 | INFO  | DNAudit | user=null | ip=null | op=PUT_BLOCK {blockData=[blockId=conID: 1 locID: 102659353041699356 bcsId: 0,size=2097152]} | ret=SUCCESS |  
2019-08-22 07:03:33,382 | INFO  | DNAudit | user=null | ip=null | op=WRITE_CHUNK {blockData=conID: 1 locID: 102659353041699356 bcsId: 2869} | ret=SUCCESS |  
2019-08-22 07:03:33,384 | INFO  | DNAudit | user=null | ip=null | op=WRITE_CHUNK {blockData=conID: 1 locID: 102659353041699356 bcsId: 2869} | ret=SUCCESS |  
2019-08-22 07:03:33,385 | INFO  | DNAudit | user=null | ip=null | op=WRITE_CHUNK {blockData=conID: 1 locID: 102659353041699356 bcsId: 2869} | ret=SUCCESS |  
2019-08-22 07:03:33,387 | INFO  | DNAudit | user=null | ip=null | op=WRITE_CHUNK {blockData=conID: 1 locID: 102659353041699356 bcsId: 2869} | ret=SUCCESS |  
2019-08-22 07:03:33,387 | INFO  | DNAudit | user=null | ip=null | op=PUT_BLOCK {blockData=[blockId=conID: 1 locID: 102659353041699356 bcsId: 0,size=3145728]} | ret=SUCCESS |  
2019-08-22 07:03:33,387 [grpc-default-executor-5] INFO  client.GrpcClientProtocolClient (GrpcClientProtocolClient.java:onNext(255)) - client-CF63D631FA17->3cf1264f-5f6b-4138-aeee-2ff7d4522ead: receive RaftClientReply:client-CF63D631FA17->3cf1264f-5f6b-4138-aeee-2ff7d4522ead@group-561E16522154, cid=1962, SUCCESS, logIndex=2874, commits[3cf1264f-5f6b-4138-aeee-2ff7d4522ead:c2875, 4f0d1a15-8f14-4d9a-ad4f-8211e1245b5d:c2873, 6999f20e-c3f7-4db4-87ca-141c476f2a88:c2873]
2019-08-22 07:03:33,388 [grpc-default-executor-5] INFO  client.GrpcClientProtocolClient (GrpcClientProtocolClient.java:onNext(255)) - client-CF63D631FA17->3cf1264f-5f6b-4138-aeee-2ff7d4522ead: receive RaftClientReply:client-CF63D631FA17->3cf1264f-5f6b-4138-aeee-2ff7d4522ead@group-561E16522154, cid=1963, SUCCESS, logIndex=2875, commits[3cf1264f-5f6b-4138-aeee-2ff7d4522ead:c2875, 4f0d1a15-8f14-4d9a-ad4f-8211e1245b5d:c2873, 6999f20e-c3f7-4db4-87ca-141c476f2a88:c2873]
2019-08-22 07:03:33,388 | INFO  | DNAudit | user=null | ip=null | op=WRITE_CHUNK {blockData=conID: 1 locID: 102659353041699356 bcsId: 2869} | ret=SUCCESS |  
2019-08-22 07:03:33,388 | INFO  | DNAudit | user=null | ip=null | op=WRITE_CHUNK {blockData=conID: 1 locID: 102659353041699356 bcsId: 2869} | ret=SUCCESS |  
2019-08-22 07:03:33,389 | INFO  | DNAudit | user=null | ip=null | op=PUT_BLOCK {blockData=[blockId=conID: 1 locID: 102659353041699356 bcsId: 0,size=3145728]} | ret=SUCCESS |  
2019-08-22 07:03:33,389 | INFO  | DNAudit | user=null | ip=null | op=PUT_BLOCK {blockData=[blockId=conID: 1 locID: 102659353041699356 bcsId: 0,size=3145728]} | ret=SUCCESS |  
2019-08-22 07:03:33,394 | INFO  | DNAudit | user=null | ip=null | op=WRITE_CHUNK {blockData=conID: 1 locID: 102659353041699356 bcsId: 2875} | ret=SUCCESS |  
2019-08-22 07:03:33,397 | INFO  | DNAudit | user=null | ip=null | op=WRITE_CHUNK {blockData=conID: 1 locID: 102659353041699356 bcsId: 2875} | ret=SUCCESS |  
2019-08-22 07:03:33,397 | INFO  | DNAudit | user=null | ip=null | op=WRITE_CHUNK {blockData=conID: 1 locID: 102659353041699356 bcsId: 2875} | ret=SUCCESS |  
2019-08-22 07:03:33,399 | INFO  | DNAudit | user=null | ip=null | op=WRITE_CHUNK {blockData=conID: 1 locID: 102659353041699356 bcsId: 2875} | ret=SUCCESS |  
2019-08-22 07:03:33,400 | INFO  | DNAudit | user=null | ip=null | op=PUT_BLOCK {blockData=[blockId=conID: 1 locID: 102659353041699356 bcsId: 0,size=4194304]} | ret=SUCCESS |  
2019-08-22 07:03:33,400 [grpc-default-executor-1] INFO  client.GrpcClientProtocolClient (GrpcClientProtocolClient.java:onNext(255)) - client-CF63D631FA17->3cf1264f-5f6b-4138-aeee-2ff7d4522ead: receive RaftClientReply:client-CF63D631FA17->3cf1264f-5f6b-4138-aeee-2ff7d4522ead@group-561E16522154, cid=1964, SUCCESS, logIndex=2878, commits[3cf1264f-5f6b-4138-aeee-2ff7d4522ead:c2879, 4f0d1a15-8f14-4d9a-ad4f-8211e1245b5d:c2875, 6999f20e-c3f7-4db4-87ca-141c476f2a88:c2877]
2019-08-22 07:03:33,400 [grpc-default-executor-1] INFO  client.GrpcClientProtocolClient (GrpcClientProtocolClient.java:onNext(255)) - client-CF63D631FA17->3cf1264f-5f6b-4138-aeee-2ff7d4522ead: receive RaftClientReply:client-CF63D631FA17->3cf1264f-5f6b-4138-aeee-2ff7d4522ead@group-561E16522154, cid=1965, SUCCESS, logIndex=2879, commits[3cf1264f-5f6b-4138-aeee-2ff7d4522ead:c2879, 4f0d1a15-8f14-4d9a-ad4f-8211e1245b5d:c2877, 6999f20e-c3f7-4db4-87ca-141c476f2a88:c2877]
2019-08-22 07:03:33,402 | INFO  | DNAudit | user=null | ip=null | op=WRITE_CHUNK {blockData=conID: 1 locID: 102659353041699356 bcsId: 2875} | ret=SUCCESS |  
2019-08-22 07:03:33,402 | INFO  | DNAudit | user=null | ip=null | op=WRITE_CHUNK {blockData=conID: 1 locID: 102659353041699356 bcsId: 2875} | ret=SUCCESS |  
2019-08-22 07:03:33,404 | INFO  | DNAudit | user=null | ip=null | op=PUT_BLOCK {blockData=[blockId=conID: 1 locID: 102659353041699356 bcsId: 0,size=4194304]} | ret=SUCCESS |  
2019-08-22 07:03:33,404 | INFO  | DNAudit | user=null | ip=null | op=PUT_BLOCK {blockData=[blockId=conID: 1 locID: 102659353041699356 bcsId: 0,size=4194304]} | ret=SUCCESS |  
2019-08-22 07:03:33,405 [grpc-default-executor-5] INFO  client.GrpcClientProtocolClient (GrpcClientProtocolClient.java:onNext(255)) - client-CF63D631FA17->3cf1264f-5f6b-4138-aeee-2ff7d4522ead: receive RaftClientReply:client-CF63D631FA17->3cf1264f-5f6b-4138-aeee-2ff7d4522ead@group-561E16522154, cid=1966, SUCCESS, logIndex=0, commits[3cf1264f-5f6b-4138-aeee-2ff7d4522ead:c2881, 4f0d1a15-8f14-4d9a-ad4f-8211e1245b5d:c2879, 6999f20e-c3f7-4db4-87ca-141c476f2a88:c2879]
2019-08-22 07:03:33,409 | INFO  | SCMAudit | user=jenkins1000 | ip=192.168.34.31 | op=ALLOCATE_BLOCK {owner=04b6d46a-98e2-41b1-9f38-1870289993ea, size=4194304, type=RATIS, factor=THREE} | ret=SUCCESS |  
2019-08-22 07:03:33,411 | INFO  | OMAudit | user=jenkins1000 | ip=127.0.0.1 | op=ALLOCATE_BLOCK {volume=vol-0-14906, bucket=bucket-0-53153, key=key-0-33222, dataSize=0, replicationType=null, replicationFactor=null, keyLocationInfo=null, clientID=102659352017764754} | ret=SUCCESS |  
2019-08-22 07:03:33,417 | INFO  | DNAudit | user=null | ip=null | op=WRITE_CHUNK {blockData=conID: 2 locID: 102659353045172765 bcsId: 0} | ret=SUCCESS |  
2019-08-22 07:03:33,418 | INFO  | DNAudit | user=null | ip=null | op=WRITE_CHUNK {blockData=conID: 2 locID: 102659353045172765 bcsId: 0} | ret=SUCCESS |  
2019-08-22 07:03:33,420 | INFO  | DNAudit | user=null | ip=null | op=WRITE_CHUNK {blockData=conID: 2 locID: 102659353045172765 bcsId: 0} | ret=SUCCESS |  
2019-08-22 07:03:33,420 | INFO  | DNAudit | user=null | ip=null | op=WRITE_CHUNK {blockData=conID: 2 locID: 102659353045172765 bcsId: 0} | ret=SUCCESS |  
2019-08-22 07:03:33,421 | INFO  | DNAudit | user=null | ip=null | op=WRITE_CHUNK {blockData=conID: 2 locID: 102659353045172765 bcsId: 0} | ret=SUCCESS |  
2019-08-22 07:03:33,421 | INFO  | DNAudit | user=null | ip=null | op=WRITE_CHUNK {blockData=conID: 2 locID: 102659353045172765 bcsId: 0} | ret=SUCCESS |  
2019-08-22 07:03:33,438 | INFO  | DNAudit | user=null | ip=null | op=WRITE_CHUNK {blockData=conID: 2 locID: 102659353045172765 bcsId: 0} | ret=SUCCESS |  
2019-08-22 07:03:33,439 | INFO  | DNAudit | user=null | ip=null | op=PUT_BLOCK {blockData=[blockId=conID: 2 locID: 102659353045172765 bcsId: 0,size=1048576]} | ret=SUCCESS |  
2019-08-22 07:03:33,439 [grpc-default-executor-1] INFO  client.GrpcClientProtocolClient (GrpcClientProtocolClient.java:onNext(255)) - client-CF63D631FA17->3cf1264f-5f6b-4138-aeee-2ff7d4522ead: receive RaftClientReply:client-CF63D631FA17->3cf1264f-5f6b-4138-aeee-2ff7d4522ead@group-561E16522154, cid=1967, SUCCESS, logIndex=2882, commits[3cf1264f-5f6b-4138-aeee-2ff7d4522ead:c2885, 4f0d1a15-8f14-4d9a-ad4f-8211e1245b5d:c2881, 6999f20e-c3f7-4db4-87ca-141c476f2a88:c2879]
2019-08-22 07:03:33,439 | INFO  | DNAudit | user=null | ip=null | op=WRITE_CHUNK {blockData=conID: 2 locID: 102659353045172765 bcsId: 0} | ret=SUCCESS |  
2019-08-22 07:03:33,440 [grpc-default-executor-1] INFO  client.GrpcClientProtocolClient (GrpcClientProtocolClient.java:onNext(255)) - client-CF63D631FA17->3cf1264f-5f6b-4138-aeee-2ff7d4522ead: receive RaftClientReply:client-CF63D631FA17->3cf1264f-5f6b-4138-aeee-2ff7d4522ead@group-561E16522154, cid=1968, SUCCESS, logIndex=2883, commits[3cf1264f-5f6b-4138-aeee-2ff7d4522ead:c2885, 4f0d1a15-8f14-4d9a-ad4f-8211e1245b5d:c2881, 6999f20e-c3f7-4db4-87ca-141c476f2a88:c2881]
2019-08-22 07:03:33,440 | INFO  | DNAudit | user=null | ip=null | op=PUT_BLOCK {blockData=[blockId=conID: 2 locID: 102659353045172765 bcsId: 0,size=2097152]} | ret=SUCCESS |  
2019-08-22 07:03:33,440 [grpc-default-executor-1] INFO  client.GrpcClientProtocolClient (GrpcClientProtocolClient.java:onNext(255)) - client-CF63D631FA17->3cf1264f-5f6b-4138-aeee-2ff7d4522ead: receive RaftClientReply:client-CF63D631FA17->3cf1264f-5f6b-4138-aeee-2ff7d4522ead@group-561E16522154, cid=1969, SUCCESS, logIndex=2884, commits[3cf1264f-5f6b-4138-aeee-2ff7d4522ead:c2885, 4f0d1a15-8f14-4d9a-ad4f-8211e1245b5d:c2881, 6999f20e-c3f7-4db4-87ca-141c476f2a88:c2881]
2019-08-22 07:03:33,440 | INFO  | DNAudit | user=null | ip=null | op=WRITE_CHUNK {blockData=conID: 2 locID: 102659353045172765 bcsId: 0} | ret=SUCCESS |  
2019-08-22 07:03:33,440 | INFO  | DNAudit | user=null | ip=null | op=WRITE_CHUNK {blockData=conID: 2 locID: 102659353045172765 bcsId: 0} | ret=SUCCESS |  
2019-08-22 07:03:33,441 | INFO  | DNAudit | user=null | ip=null | op=PUT_BLOCK {blockData=[blockId=conID: 2 locID: 102659353045172765 bcsId: 0,size=1048576]} | ret=SUCCESS |  
2019-08-22 07:03:33,441 | INFO  | DNAudit | user=null | ip=null | op=PUT_BLOCK {blockData=[blockId=conID: 2 locID: 102659353045172765 bcsId: 0,size=1048576]} | ret=SUCCESS |  
2019-08-22 07:03:33,441 [grpc-default-executor-3] INFO  client.GrpcClientProtocolClient (GrpcClientProtocolClient.java:onNext(255)) - client-CF63D631FA17->3cf1264f-5f6b-4138-aeee-2ff7d4522ead: receive RaftClientReply:client-CF63D631FA17->3cf1264f-5f6b-4138-aeee-2ff7d4522ead@group-561E16522154, cid=1970, SUCCESS, logIndex=2885, commits[3cf1264f-5f6b-4138-aeee-2ff7d4522ead:c2885, 4f0d1a15-8f14-4d9a-ad4f-8211e1245b5d:c2881, 6999f20e-c3f7-4db4-87ca-141c476f2a88:c2881]
2019-08-22 07:03:33,441 | INFO  | DNAudit | user=null | ip=null | op=WRITE_CHUNK {blockData=conID: 2 locID: 102659353045172765 bcsId: 0} | ret=SUCCESS |  
2019-08-22 07:03:33,441 | INFO  | DNAudit | user=null | ip=null | op=PUT_BLOCK {blockData=[blockId=conID: 2 locID: 102659353045172765 bcsId: 0,size=2097152]} | ret=SUCCESS |  
2019-08-22 07:03:33,441 | INFO  | DNAudit | user=null | ip=null | op=WRITE_CHUNK {blockData=conID: 2 locID: 102659353045172765 bcsId: 0} | ret=SUCCESS |  
2019-08-22 07:03:33,442 | INFO  | DNAudit | user=null | ip=null | op=PUT_BLOCK {blockData=[blockId=conID: 2 locID: 102659353045172765 bcsId: 0,size=2097152]} | ret=SUCCESS |  
2019-08-22 07:03:33,442 [grpc-default-executor-3] INFO  client.GrpcClientProtocolClient (GrpcClientProtocolClient.java:onNext(255)) - client-CF63D631FA17->3cf1264f-5f6b-4138-aeee-2ff7d4522ead: receive RaftClientReply:client-CF63D631FA17->3cf1264f-5f6b-4138-aeee-2ff7d4522ead@group-561E16522154, cid=1971, SUCCESS, logIndex=0, commits[3cf1264f-5f6b-4138-aeee-2ff7d4522ead:c2889, 4f0d1a15-8f14-4d9a-ad4f-8211e1245b5d:c2883, 6999f20e-c3f7-4db4-87ca-141c476f2a88:c2885]
2019-08-22 07:03:33,448 | INFO  | DNAudit | user=null | ip=null | op=WRITE_CHUNK {blockData=conID: 2 locID: 102659353045172765 bcsId: 2885} | ret=SUCCESS |  
2019-08-22 07:03:33,451 | INFO  | DNAudit | user=null | ip=null | op=WRITE_CHUNK {blockData=conID: 2 locID: 102659353045172765 bcsId: 2885} | ret=SUCCESS |  
2019-08-22 07:03:33,451 | INFO  | DNAudit | user=null | ip=null | op=WRITE_CHUNK {blockData=conID: 2 locID: 102659353045172765 bcsId: 2885} | ret=SUCCESS |  
2019-08-22 07:03:33,460 | INFO  | DNAudit | user=null | ip=null | op=WRITE_CHUNK {blockData=conID: 2 locID: 102659353045172765 bcsId: 2885} | ret=SUCCESS |  
2019-08-22 07:03:33,461 | INFO  | DNAudit | user=null | ip=null | op=PUT_BLOCK {blockData=[blockId=conID: 2 locID: 102659353045172765 bcsId: 0,size=3145728]} | ret=SUCCESS |  
2019-08-22 07:03:33,461 [grpc-default-executor-3] INFO  client.GrpcClientProtocolClient (GrpcClientProtocolClient.java:onNext(255)) - client-CF63D631FA17->3cf1264f-5f6b-4138-aeee-2ff7d4522ead: receive RaftClientReply:client-CF63D631FA17->3cf1264f-5f6b-4138-aeee-2ff7d4522ead@group-561E16522154, cid=1972, SUCCESS, logIndex=2890, commits[3cf1264f-5f6b-4138-aeee-2ff7d4522ead:c2891, 4f0d1a15-8f14-4d9a-ad4f-8211e1245b5d:c2889, 6999f20e-c3f7-4db4-87ca-141c476f2a88:c2889]
2019-08-22 07:03:33,462 [grpc-default-executor-3] INFO  client.GrpcClientProtocolClient (GrpcClientProtocolClient.java:onNext(255)) - client-CF63D631FA17->3cf1264f-5f6b-4138-aeee-2ff7d4522ead: receive RaftClientReply:client-CF63D631FA17->3cf1264f-5f6b-4138-aeee-2ff7d4522ead@group-561E16522154, cid=1973, SUCCESS, logIndex=2891, commits[3cf1264f-5f6b-4138-aeee-2ff7d4522ead:c2891, 4f0d1a15-8f14-4d9a-ad4f-8211e1245b5d:c2889, 6999f20e-c3f7-4db4-87ca-141c476f2a88:c2889]
2019-08-22 07:03:33,468 | INFO  | DNAudit | user=null | ip=null | op=WRITE_CHUNK {blockData=conID: 2 locID: 102659353045172765 bcsId: 2891} | ret=SUCCESS |  
2019-08-22 07:03:33,471 | INFO  | DNAudit | user=null | ip=null | op=WRITE_CHUNK {blockData=conID: 2 locID: 102659353045172765 bcsId: 2891} | ret=SUCCESS |  
2019-08-22 07:03:33,471 | INFO  | DNAudit | user=null | ip=null | op=WRITE_CHUNK {blockData=conID: 2 locID: 102659353045172765 bcsId: 2891} | ret=SUCCESS |  
2019-08-22 07:03:33,472 | INFO  | DNAudit | user=null | ip=null | op=WRITE_CHUNK {blockData=conID: 2 locID: 102659353045172765 bcsId: 2885} | ret=SUCCESS |  
2019-08-22 07:03:33,472 | INFO  | DNAudit | user=null | ip=null | op=WRITE_CHUNK {blockData=conID: 2 locID: 102659353045172765 bcsId: 2885} | ret=SUCCESS |  
2019-08-22 07:03:33,472 | INFO  | DNAudit | user=null | ip=null | op=PUT_BLOCK {blockData=[blockId=conID: 2 locID: 102659353045172765 bcsId: 0,size=3145728]} | ret=SUCCESS |  
2019-08-22 07:03:33,472 | INFO  | DNAudit | user=null | ip=null | op=PUT_BLOCK {blockData=[blockId=conID: 2 locID: 102659353045172765 bcsId: 0,size=3145728]} | ret=SUCCESS |  
2019-08-22 07:03:33,475 | INFO  | DNAudit | user=null | ip=null | op=WRITE_CHUNK {blockData=conID: 2 locID: 102659353045172765 bcsId: 2891} | ret=SUCCESS |  
2019-08-22 07:03:33,476 | INFO  | DNAudit | user=null | ip=null | op=PUT_BLOCK {blockData=[blockId=conID: 2 locID: 102659353045172765 bcsId: 0,size=4194304]} | ret=SUCCESS |  
2019-08-22 07:03:33,476 [grpc-default-executor-1] INFO  client.GrpcClientProtocolClient (GrpcClientProtocolClient.java:onNext(255)) - client-CF63D631FA17->3cf1264f-5f6b-4138-aeee-2ff7d4522ead: receive RaftClientReply:client-CF63D631FA17->3cf1264f-5f6b-4138-aeee-2ff7d4522ead@group-561E16522154, cid=1974, SUCCESS, logIndex=2894, commits[3cf1264f-5f6b-4138-aeee-2ff7d4522ead:c2895, 4f0d1a15-8f14-4d9a-ad4f-8211e1245b5d:c2891, 6999f20e-c3f7-4db4-87ca-141c476f2a88:c2891]
2019-08-22 07:03:33,476 [grpc-default-executor-1] INFO  client.GrpcClientProtocolClient (GrpcClientProtocolClient.java:onNext(255)) - client-CF63D631FA17->3cf1264f-5f6b-4138-aeee-2ff7d4522ead: receive RaftClientReply:client-CF63D631FA17->3cf1264f-5f6b-4138-aeee-2ff7d4522ead@group-561E16522154, cid=1975, SUCCESS, logIndex=2895, commits[3cf1264f-5f6b-4138-aeee-2ff7d4522ead:c2895, 4f0d1a15-8f14-4d9a-ad4f-8211e1245b5d:c2891, 6999f20e-c3f7-4db4-87ca-141c476f2a88:c2891]
2019-08-22 07:03:33,487 | INFO  | DNAudit | user=null | ip=null | op=WRITE_CHUNK {blockData=conID: 2 locID: 102659353045172765 bcsId: 2891} | ret=SUCCESS |  
2019-08-22 07:03:33,487 | INFO  | DNAudit | user=null | ip=null | op=WRITE_CHUNK {blockData=conID: 2 locID: 102659353045172765 bcsId: 2891} | ret=SUCCESS |  
2019-08-22 07:03:33,489 | INFO  | DNAudit | user=null | ip=null | op=PUT_BLOCK {blockData=[blockId=conID: 2 locID: 102659353045172765 bcsId: 0,size=4194304]} | ret=SUCCESS |  
2019-08-22 07:03:33,490 | INFO  | DNAudit | user=null | ip=null | op=PUT_BLOCK {blockData=[blockId=conID: 2 locID: 102659353045172765 bcsId: 0,size=4194304]} | ret=SUCCESS |  
2019-08-22 07:03:33,490 [grpc-default-executor-1] INFO  client.GrpcClientProtocolClient (GrpcClientProtocolClient.java:onNext(255)) - client-CF63D631FA17->3cf1264f-5f6b-4138-aeee-2ff7d4522ead: receive RaftClientReply:client-CF63D631FA17->3cf1264f-5f6b-4138-aeee-2ff7d4522ead@group-561E16522154, cid=1976, SUCCESS, logIndex=0, commits[3cf1264f-5f6b-4138-aeee-2ff7d4522ead:c2897, 4f0d1a15-8f14-4d9a-ad4f-8211e1245b5d:c2895, 6999f20e-c3f7-4db4-87ca-141c476f2a88:c2895]
2019-08-22 07:03:33,495 | INFO  | SCMAudit | user=jenkins1000 | ip=192.168.34.31 | op=ALLOCATE_BLOCK {owner=04b6d46a-98e2-41b1-9f38-1870289993ea, size=4194304, type=RATIS, factor=THREE} | ret=SUCCESS |  
2019-08-22 07:03:33,497 | INFO  | OMAudit | user=jenkins1000 | ip=127.0.0.1 | op=ALLOCATE_BLOCK {volume=vol-0-14906, bucket=bucket-0-53153, key=key-0-33222, dataSize=0, replicationType=null, replicationFactor=null, keyLocationInfo=null, clientID=102659352017764754} | ret=SUCCESS |  
2019-08-22 07:03:33,595 | INFO  | DNAudit | user=null | ip=null | op=WRITE_CHUNK {blockData=conID: 3 locID: 102659353050743326 bcsId: 0} | ret=SUCCESS |  
2019-08-22 07:03:33,597 | INFO  | DNAudit | user=null | ip=null | op=WRITE_CHUNK {blockData=conID: 3 locID: 102659353050743326 bcsId: 0} | ret=SUCCESS |  
2019-08-22 07:03:33,599 | INFO  | DNAudit | user=null | ip=null | op=WRITE_CHUNK {blockData=conID: 3 locID: 102659353050743326 bcsId: 0} | ret=SUCCESS |  
2019-08-22 07:03:33,599 | INFO  | DNAudit | user=null | ip=null | op=WRITE_CHUNK {blockData=conID: 3 locID: 102659353050743326 bcsId: 0} | ret=SUCCESS |  
2019-08-22 07:03:33,601 | INFO  | DNAudit | user=null | ip=null | op=WRITE_CHUNK {blockData=conID: 3 locID: 102659353050743326 bcsId: 0} | ret=SUCCESS |  
2019-08-22 07:03:33,602 | INFO  | DNAudit | user=null | ip=null | op=WRITE_CHUNK {blockData=conID: 3 locID: 102659353050743326 bcsId: 0} | ret=SUCCESS |  
2019-08-22 07:03:33,610 | INFO  | DNAudit | user=null | ip=null | op=WRITE_CHUNK {blockData=conID: 3 locID: 102659353050743326 bcsId: 0} | ret=SUCCESS |  
2019-08-22 07:03:33,610 | INFO  | DNAudit | user=null | ip=null | op=PUT_BLOCK {blockData=[blockId=conID: 3 locID: 102659353050743326 bcsId: 0,size=1048576]} | ret=SUCCESS |  
2019-08-22 07:03:33,610 [grpc-default-executor-5] INFO  client.GrpcClientProtocolClient (GrpcClientProtocolClient.java:onNext(255)) - client-CF63D631FA17->3cf1264f-5f6b-4138-aeee-2ff7d4522ead: receive RaftClientReply:client-CF63D631FA17->3cf1264f-5f6b-4138-aeee-2ff7d4522ead@group-561E16522154, cid=1977, SUCCESS, logIndex=2898, commits[3cf1264f-5f6b-4138-aeee-2ff7d4522ead:c2900, 4f0d1a15-8f14-4d9a-ad4f-8211e1245b5d:c2897, 6999f20e-c3f7-4db4-87ca-141c476f2a88:c2897]
2019-08-22 07:03:33,611 | INFO  | DNAudit | user=null | ip=null | op=WRITE_CHUNK {blockData=conID: 3 locID: 102659353050743326 bcsId: 0} | ret=SUCCESS |  
2019-08-22 07:03:33,611 | INFO  | DNAudit | user=null | ip=null | op=PUT_BLOCK {blockData=[blockId=conID: 3 locID: 102659353050743326 bcsId: 0,size=2097152]} | ret=SUCCESS |  
2019-08-22 07:03:33,611 [grpc-default-executor-5] INFO  client.GrpcClientProtocolClient (GrpcClientProtocolClient.java:onNext(255)) - client-CF63D631FA17->3cf1264f-5f6b-4138-aeee-2ff7d4522ead: receive RaftClientReply:client-CF63D631FA17->3cf1264f-5f6b-4138-aeee-2ff7d4522ead@group-561E16522154, cid=1978, SUCCESS, logIndex=2899, commits[3cf1264f-5f6b-4138-aeee-2ff7d4522ead:c2901, 4f0d1a15-8f14-4d9a-ad4f-8211e1245b5d:c2897, 6999f20e-c3f7-4db4-87ca-141c476f2a88:c2897]
2019-08-22 07:03:33,612 [grpc-default-executor-5] INFO  client.GrpcClientProtocolClient (GrpcClientProtocolClient.java:onNext(255)) - client-CF63D631FA17->3cf1264f-5f6b-4138-aeee-2ff7d4522ead: receive RaftClientReply:client-CF63D631FA17->3cf1264f-5f6b-4138-aeee-2ff7d4522ead@group-561E16522154, cid=1979, SUCCESS, logIndex=2900, commits[3cf1264f-5f6b-4138-aeee-2ff7d4522ead:c2901, 4f0d1a15-8f14-4d9a-ad4f-8211e1245b5d:c2897, 6999f20e-c3f7-4db4-87ca-141c476f2a88:c2897]
2019-08-22 07:03:33,612 [grpc-default-executor-5] INFO  client.GrpcClientProtocolClient (GrpcClientProtocolClient.java:onNext(255)) - client-CF63D631FA17->3cf1264f-5f6b-4138-aeee-2ff7d4522ead: receive RaftClientReply:client-CF63D631FA17->3cf1264f-5f6b-4138-aeee-2ff7d4522ead@group-561E16522154, cid=1980, SUCCESS, logIndex=2901, commits[3cf1264f-5f6b-4138-aeee-2ff7d4522ead:c2901, 4f0d1a15-8f14-4d9a-ad4f-8211e1245b5d:c2897, 6999f20e-c3f7-4db4-87ca-141c476f2a88:c2897]
2019-08-22 07:03:33,623 | INFO  | DNAudit | user=null | ip=null | op=WRITE_CHUNK {blockData=conID: 3 locID: 102659353050743326 bcsId: 0} | ret=SUCCESS |  
2019-08-22 07:03:33,634 | INFO  | DNAudit | user=null | ip=null | op=WRITE_CHUNK {blockData=conID: 3 locID: 102659353050743326 bcsId: 0} | ret=SUCCESS |  
2019-08-22 07:03:33,634 | INFO  | DNAudit | user=null | ip=null | op=PUT_BLOCK {blockData=[blockId=conID: 3 locID: 102659353050743326 bcsId: 0,size=1048576]} | ret=SUCCESS |  
2019-08-22 07:03:33,634 | INFO  | DNAudit | user=null | ip=null | op=PUT_BLOCK {blockData=[blockId=conID: 3 locID: 102659353050743326 bcsId: 0,size=1048576]} | ret=SUCCESS |  
2019-08-22 07:03:33,634 | INFO  | DNAudit | user=null | ip=null | op=WRITE_CHUNK {blockData=conID: 3 locID: 102659353050743326 bcsId: 0} | ret=SUCCESS |  
2019-08-22 07:03:33,635 | INFO  | DNAudit | user=null | ip=null | op=WRITE_CHUNK {blockData=conID: 3 locID: 102659353050743326 bcsId: 0} | ret=SUCCESS |  
2019-08-22 07:03:33,635 | INFO  | DNAudit | user=null | ip=null | op=PUT_BLOCK {blockData=[blockId=conID: 3 locID: 102659353050743326 bcsId: 0,size=2097152]} | ret=SUCCESS |  
2019-08-22 07:03:33,635 | INFO  | DNAudit | user=null | ip=null | op=PUT_BLOCK {blockData=[blockId=conID: 3 locID: 102659353050743326 bcsId: 0,size=2097152]} | ret=SUCCESS |  
2019-08-22 07:03:33,635 [grpc-default-executor-5] INFO  client.GrpcClientProtocolClient (GrpcClientProtocolClient.java:onNext(255)) - client-CF63D631FA17->3cf1264f-5f6b-4138-aeee-2ff7d4522ead: receive RaftClientReply:client-CF63D631FA17->3cf1264f-5f6b-4138-aeee-2ff7d4522ead@group-561E16522154, cid=1981, SUCCESS, logIndex=0, commits[3cf1264f-5f6b-4138-aeee-2ff7d4522ead:c2905, 4f0d1a15-8f14-4d9a-ad4f-8211e1245b5d:c2899, 6999f20e-c3f7-4db4-87ca-141c476f2a88:c2901]
2019-08-22 07:03:33,642 | INFO  | DNAudit | user=null | ip=null | op=WRITE_CHUNK {blockData=conID: 3 locID: 102659353050743326 bcsId: 2901} | ret=SUCCESS |  
2019-08-22 07:03:33,646 | INFO  | DNAudit | user=null | ip=null | op=WRITE_CHUNK {blockData=conID: 3 locID: 102659353050743326 bcsId: 2901} | ret=SUCCESS |  
2019-08-22 07:03:33,646 | INFO  | DNAudit | user=null | ip=null | op=WRITE_CHUNK {blockData=conID: 3 locID: 102659353050743326 bcsId: 2901} | ret=SUCCESS |  
2019-08-22 07:03:33,655 | INFO  | DNAudit | user=null | ip=null | op=WRITE_CHUNK {blockData=conID: 3 locID: 102659353050743326 bcsId: 2901} | ret=SUCCESS |  
2019-08-22 07:03:33,655 | INFO  | DNAudit | user=null | ip=null | op=PUT_BLOCK {blockData=[blockId=conID: 3 locID: 102659353050743326 bcsId: 0,size=3145728]} | ret=SUCCESS |  
2019-08-22 07:03:33,656 [grpc-default-executor-5] INFO  client.GrpcClientProtocolClient (GrpcClientProtocolClient.java:onNext(255)) - client-CF63D631FA17->3cf1264f-5f6b-4138-aeee-2ff7d4522ead: receive RaftClientReply:client-CF63D631FA17->3cf1264f-5f6b-4138-aeee-2ff7d4522ead@group-561E16522154, cid=1982, SUCCESS, logIndex=2906, commits[3cf1264f-5f6b-4138-aeee-2ff7d4522ead:c2907, 4f0d1a15-8f14-4d9a-ad4f-8211e1245b5d:c2905, 6999f20e-c3f7-4db4-87ca-141c476f2a88:c2905]
2019-08-22 07:03:33,656 [grpc-default-executor-5] INFO  client.GrpcClientProtocolClient (GrpcClientProtocolClient.java:onNext(255)) - client-CF63D631FA17->3cf1264f-5f6b-4138-aeee-2ff7d4522ead: receive RaftClientReply:client-CF63D631FA17->3cf1264f-5f6b-4138-aeee-2ff7d4522ead@group-561E16522154, cid=1983, SUCCESS, logIndex=2907, commits[3cf1264f-5f6b-4138-aeee-2ff7d4522ead:c2907, 4f0d1a15-8f14-4d9a-ad4f-8211e1245b5d:c2905, 6999f20e-c3f7-4db4-87ca-141c476f2a88:c2905]
2019-08-22 07:03:33,664 | INFO  | DNAudit | user=null | ip=null | op=WRITE_CHUNK {blockData=conID: 3 locID: 102659353050743326 bcsId: 2907} | ret=SUCCESS |  
2019-08-22 07:03:33,667 | INFO  | DNAudit | user=null | ip=null | op=WRITE_CHUNK {blockData=conID: 3 locID: 102659353050743326 bcsId: 2907} | ret=SUCCESS |  
2019-08-22 07:03:33,667 | INFO  | DNAudit | user=null | ip=null | op=WRITE_CHUNK {blockData=conID: 3 locID: 102659353050743326 bcsId: 2907} | ret=SUCCESS |  
2019-08-22 07:03:33,668 | INFO  | DNAudit | user=null | ip=null | op=WRITE_CHUNK {blockData=conID: 3 locID: 102659353050743326 bcsId: 2901} | ret=SUCCESS |  
2019-08-22 07:03:33,668 | INFO  | DNAudit | user=null | ip=null | op=WRITE_CHUNK {blockData=conID: 3 locID: 102659353050743326 bcsId: 2901} | ret=SUCCESS |  
2019-08-22 07:03:33,679 | INFO  | DNAudit | user=null | ip=null | op=PUT_BLOCK {blockData=[blockId=conID: 3 locID: 102659353050743326 bcsId: 0,size=3145728]} | ret=SUCCESS |  
2019-08-22 07:03:33,679 | INFO  | DNAudit | user=null | ip=null | op=PUT_BLOCK {blockData=[blockId=conID: 3 locID: 102659353050743326 bcsId: 0,size=3145728]} | ret=SUCCESS |  
2019-08-22 07:03:33,680 | INFO  | DNAudit | user=null | ip=null | op=WRITE_CHUNK {blockData=conID: 3 locID: 102659353050743326 bcsId: 2907} | ret=SUCCESS |  
2019-08-22 07:03:33,681 | INFO  | DNAudit | user=null | ip=null | op=PUT_BLOCK {blockData=[blockId=conID: 3 locID: 102659353050743326 bcsId: 0,size=4194304]} | ret=SUCCESS |  
2019-08-22 07:03:33,681 [grpc-default-executor-1] INFO  client.GrpcClientProtocolClient (GrpcClientProtocolClient.java:onNext(255)) - client-CF63D631FA17->3cf1264f-5f6b-4138-aeee-2ff7d4522ead: receive RaftClientReply:client-CF63D631FA17->3cf1264f-5f6b-4138-aeee-2ff7d4522ead@group-561E16522154, cid=1984, SUCCESS, logIndex=2910, commits[3cf1264f-5f6b-4138-aeee-2ff7d4522ead:c2911, 4f0d1a15-8f14-4d9a-ad4f-8211e1245b5d:c2907, 6999f20e-c3f7-4db4-87ca-141c476f2a88:c2907]
2019-08-22 07:03:33,681 [grpc-default-executor-1] INFO  client.GrpcClientProtocolClient (GrpcClientProtocolClient.java:onNext(255)) - client-CF63D631FA17->3cf1264f-5f6b-4138-aeee-2ff7d4522ead: receive RaftClientReply:client-CF63D631FA17->3cf1264f-5f6b-4138-aeee-2ff7d4522ead@group-561E16522154, cid=1985, SUCCESS, logIndex=2911, commits[3cf1264f-5f6b-4138-aeee-2ff7d4522ead:c2911, 4f0d1a15-8f14-4d9a-ad4f-8211e1245b5d:c2907, 6999f20e-c3f7-4db4-87ca-141c476f2a88:c2907]
2019-08-22 07:03:33,698 | INFO  | DNAudit | user=null | ip=null | op=WRITE_CHUNK {blockData=conID: 3 locID: 102659353050743326 bcsId: 2907} | ret=SUCCESS |  
2019-08-22 07:03:33,699 | INFO  | DNAudit | user=null | ip=null | op=WRITE_CHUNK {blockData=conID: 3 locID: 102659353050743326 bcsId: 2907} | ret=SUCCESS |  
2019-08-22 07:03:33,699 | INFO  | DNAudit | user=null | ip=null | op=PUT_BLOCK {blockData=[blockId=conID: 3 locID: 102659353050743326 bcsId: 0,size=4194304]} | ret=SUCCESS |  
2019-08-22 07:03:33,701 | INFO  | DNAudit | user=null | ip=null | op=PUT_BLOCK {blockData=[blockId=conID: 3 locID: 102659353050743326 bcsId: 0,size=4194304]} | ret=SUCCESS |  
2019-08-22 07:03:33,701 [grpc-default-executor-1] INFO  client.GrpcClientProtocolClient (GrpcClientProtocolClient.java:onNext(255)) - client-CF63D631FA17->3cf1264f-5f6b-4138-aeee-2ff7d4522ead: receive RaftClientReply:client-CF63D631FA17->3cf1264f-5f6b-4138-aeee-2ff7d4522ead@group-561E16522154, cid=1986, SUCCESS, logIndex=0, commits[3cf1264f-5f6b-4138-aeee-2ff7d4522ead:c2913, 4f0d1a15-8f14-4d9a-ad4f-8211e1245b5d:c2911, 6999f20e-c3f7-4db4-87ca-141c476f2a88:c2911]
2019-08-22 07:03:33,707 | INFO  | SCMAudit | user=jenkins1000 | ip=192.168.34.31 | op=ALLOCATE_BLOCK {owner=04b6d46a-98e2-41b1-9f38-1870289993ea, size=4194304, type=RATIS, factor=THREE} | ret=SUCCESS |  
2019-08-22 07:03:33,709 | INFO  | OMAudit | user=jenkins1000 | ip=127.0.0.1 | op=ALLOCATE_BLOCK {volume=vol-0-14906, bucket=bucket-0-53153, key=key-0-33222, dataSize=0, replicationType=null, replicationFactor=null, keyLocationInfo=null, clientID=102659352017764754} | ret=SUCCESS |  
2019-08-22 07:03:33,717 | INFO  | DNAudit | user=null | ip=null | op=WRITE_CHUNK {blockData=conID: 1 locID: 102659353064636959 bcsId: 0} | ret=SUCCESS |  
2019-08-22 07:03:33,720 | INFO  | DNAudit | user=null | ip=null | op=WRITE_CHUNK {blockData=conID: 1 locID: 102659353064636959 bcsId: 0} | ret=SUCCESS |  
2019-08-22 07:03:33,720 | INFO  | DNAudit | user=null | ip=null | op=WRITE_CHUNK {blockData=conID: 1 locID: 102659353064636959 bcsId: 0} | ret=SUCCESS |  
2019-08-22 07:03:33,720 | INFO  | DNAudit | user=null | ip=null | op=WRITE_CHUNK {blockData=conID: 1 locID: 102659353064636959 bcsId: 0} | ret=SUCCESS |  
2019-08-22 07:03:33,722 | INFO  | DNAudit | user=null | ip=null | op=WRITE_CHUNK {blockData=conID: 1 locID: 102659353064636959 bcsId: 0} | ret=SUCCESS |  
2019-08-22 07:03:33,722 | INFO  | DNAudit | user=null | ip=null | op=WRITE_CHUNK {blockData=conID: 1 locID: 102659353064636959 bcsId: 0} | ret=SUCCESS |  
2019-08-22 07:03:33,745 | INFO  | DNAudit | user=null | ip=null | op=WRITE_CHUNK {blockData=conID: 1 locID: 102659353064636959 bcsId: 0} | ret=SUCCESS |  
2019-08-22 07:03:33,745 | INFO  | DNAudit | user=null | ip=null | op=PUT_BLOCK {blockData=[blockId=conID: 1 locID: 102659353064636959 bcsId: 0,size=1048576]} | ret=SUCCESS |  
2019-08-22 07:03:33,746 [grpc-default-executor-3] INFO  client.GrpcClientProtocolClient (GrpcClientProtocolClient.java:onNext(255)) - client-CF63D631FA17->3cf1264f-5f6b-4138-aeee-2ff7d4522ead: receive RaftClientReply:client-CF63D631FA17->3cf1264f-5f6b-4138-aeee-2ff7d4522ead@group-561E16522154, cid=1987, SUCCESS, logIndex=2914, commits[3cf1264f-5f6b-4138-aeee-2ff7d4522ead:c2917, 4f0d1a15-8f14-4d9a-ad4f-8211e1245b5d:c2913, 6999f20e-c3f7-4db4-87ca-141c476f2a88:c2913]
2019-08-22 07:03:33,746 | INFO  | DNAudit | user=null | ip=null | op=WRITE_CHUNK {blockData=conID: 1 locID: 102659353064636959 bcsId: 0} | ret=SUCCESS |  
2019-08-22 07:03:33,746 | INFO  | DNAudit | user=null | ip=null | op=PUT_BLOCK {blockData=[blockId=conID: 1 locID: 102659353064636959 bcsId: 0,size=2097152]} | ret=SUCCESS |  
2019-08-22 07:03:33,746 [grpc-default-executor-3] INFO  client.GrpcClientProtocolClient (GrpcClientProtocolClient.java:onNext(255)) - client-CF63D631FA17->3cf1264f-5f6b-4138-aeee-2ff7d4522ead: receive RaftClientReply:client-CF63D631FA17->3cf1264f-5f6b-4138-aeee-2ff7d4522ead@group-561E16522154, cid=1988, SUCCESS, logIndex=2915, commits[3cf1264f-5f6b-4138-aeee-2ff7d4522ead:c2917, 4f0d1a15-8f14-4d9a-ad4f-8211e1245b5d:c2913, 6999f20e-c3f7-4db4-87ca-141c476f2a88:c2913]
2019-08-22 07:03:33,746 [grpc-default-executor-3] INFO  client.GrpcClientProtocolClient (GrpcClientProtocolClient.java:onNext(255)) - client-CF63D631FA17->3cf1264f-5f6b-4138-aeee-2ff7d4522ead: receive RaftClientReply:client-CF63D631FA17->3cf1264f-5f6b-4138-aeee-2ff7d4522ead@group-561E16522154, cid=1989, SUCCESS, logIndex=2916, commits[3cf1264f-5f6b-4138-aeee-2ff7d4522ead:c2917, 4f0d1a15-8f14-4d9a-ad4f-8211e1245b5d:c2913, 6999f20e-c3f7-4db4-87ca-141c476f2a88:c2913]
2019-08-22 07:03:33,747 [grpc-default-executor-3] INFO  client.GrpcClientProtocolClient (GrpcClientProtocolClient.java:onNext(255)) - client-CF63D631FA17->3cf1264f-5f6b-4138-aeee-2ff7d4522ead: receive RaftClientReply:client-CF63D631FA17->3cf1264f-5f6b-4138-aeee-2ff7d4522ead@group-561E16522154, cid=1990, SUCCESS, logIndex=2917, commits[3cf1264f-5f6b-4138-aeee-2ff7d4522ead:c2917, 4f0d1a15-8f14-4d9a-ad4f-8211e1245b5d:c2913, 6999f20e-c3f7-4db4-87ca-141c476f2a88:c2913]
2019-08-22 07:03:33,749 | INFO  | DNAudit | user=null | ip=null | op=WRITE_CHUNK {blockData=conID: 1 locID: 102659353064636959 bcsId: 0} | ret=SUCCESS |  
2019-08-22 07:03:33,749 | INFO  | DNAudit | user=null | ip=null | op=WRITE_CHUNK {blockData=conID: 1 locID: 102659353064636959 bcsId: 0} | ret=SUCCESS |  
2019-08-22 07:03:33,749 | INFO  | DNAudit | user=null | ip=null | op=PUT_BLOCK {blockData=[blockId=conID: 1 locID: 102659353064636959 bcsId: 0,size=1048576]} | ret=SUCCESS |  
2019-08-22 07:03:33,749 | INFO  | DNAudit | user=null | ip=null | op=PUT_BLOCK {blockData=[blockId=conID: 1 locID: 102659353064636959 bcsId: 0,size=1048576]} | ret=SUCCESS |  
2019-08-22 07:03:33,749 [grpc-default-executor-5] INFO  client.GrpcClientProtocolClient (GrpcClientProtocolClient.java:onNext(255)) - client-CF63D631FA17->3cf1264f-5f6b-4138-aeee-2ff7d4522ead: receive RaftClientReply:client-CF63D631FA17->3cf1264f-5f6b-4138-aeee-2ff7d4522ead@group-561E16522154, cid=1991, SUCCESS, logIndex=0, commits[3cf1264f-5f6b-4138-aeee-2ff7d4522ead:c2918, 4f0d1a15-8f14-4d9a-ad4f-8211e1245b5d:c2915, 6999f20e-c3f7-4db4-87ca-141c476f2a88:c2915]
2019-08-22 07:03:33,756 | INFO  | DNAudit | user=null | ip=null | op=WRITE_CHUNK {blockData=conID: 1 locID: 102659353064636959 bcsId: 2917} | ret=SUCCESS |  
2019-08-22 07:03:33,759 | INFO  | DNAudit | user=null | ip=null | op=WRITE_CHUNK {blockData=conID: 1 locID: 102659353064636959 bcsId: 2917} | ret=SUCCESS |  
2019-08-22 07:03:33,759 | INFO  | DNAudit | user=null | ip=null | op=WRITE_CHUNK {blockData=conID: 1 locID: 102659353064636959 bcsId: 2917} | ret=SUCCESS |  
2019-08-22 07:03:33,762 | INFO  | DNAudit | user=null | ip=null | op=WRITE_CHUNK {blockData=conID: 1 locID: 102659353064636959 bcsId: 0} | ret=SUCCESS |  
2019-08-22 07:03:33,762 | INFO  | DNAudit | user=null | ip=null | op=WRITE_CHUNK {blockData=conID: 1 locID: 102659353064636959 bcsId: 0} | ret=SUCCESS |  
2019-08-22 07:03:33,762 | INFO  | DNAudit | user=null | ip=null | op=PUT_BLOCK {blockData=[blockId=conID: 1 locID: 102659353064636959 bcsId: 0,size=2097152]} | ret=SUCCESS |  
2019-08-22 07:03:33,762 | INFO  | DNAudit | user=null | ip=null | op=PUT_BLOCK {blockData=[blockId=conID: 1 locID: 102659353064636959 bcsId: 0,size=2097152]} | ret=SUCCESS |  
2019-08-22 07:03:33,776 | INFO  | DNAudit | user=null | ip=null | op=WRITE_CHUNK {blockData=conID: 1 locID: 102659353064636959 bcsId: 2917} | ret=SUCCESS |  
2019-08-22 07:03:33,776 | INFO  | DNAudit | user=null | ip=null | op=PUT_BLOCK {blockData=[blockId=conID: 1 locID: 102659353064636959 bcsId: 0,size=3145728]} | ret=SUCCESS |  
2019-08-22 07:03:33,776 [grpc-default-executor-3] INFO  client.GrpcClientProtocolClient (GrpcClientProtocolClient.java:onNext(255)) - client-CF63D631FA17->3cf1264f-5f6b-4138-aeee-2ff7d4522ead: receive RaftClientReply:client-CF63D631FA17->3cf1264f-5f6b-4138-aeee-2ff7d4522ead@group-561E16522154, cid=1992, SUCCESS, logIndex=2922, commits[3cf1264f-5f6b-4138-aeee-2ff7d4522ead:c2923, 4f0d1a15-8f14-4d9a-ad4f-8211e1245b5d:c2918, 6999f20e-c3f7-4db4-87ca-141c476f2a88:c2918]
2019-08-22 07:03:33,777 [grpc-default-executor-3] INFO  client.GrpcClientProtocolClient (GrpcClientProtocolClient.java:onNext(255)) - client-CF63D631FA17->3cf1264f-5f6b-4138-aeee-2ff7d4522ead: receive RaftClientReply:client-CF63D631FA17->3cf1264f-5f6b-4138-aeee-2ff7d4522ead@group-561E16522154, cid=1993, SUCCESS, logIndex=2923, commits[3cf1264f-5f6b-4138-aeee-2ff7d4522ead:c2923, 4f0d1a15-8f14-4d9a-ad4f-8211e1245b5d:c2918, 6999f20e-c3f7-4db4-87ca-141c476f2a88:c2918]
2019-08-22 07:03:33,783 | INFO  | DNAudit | user=null | ip=null | op=WRITE_CHUNK {blockData=conID: 1 locID: 102659353064636959 bcsId: 2923} | ret=SUCCESS |  
2019-08-22 07:03:33,786 | INFO  | DNAudit | user=null | ip=null | op=WRITE_CHUNK {blockData=conID: 1 locID: 102659353064636959 bcsId: 2923} | ret=SUCCESS |  
2019-08-22 07:03:33,786 | INFO  | DNAudit | user=null | ip=null | op=WRITE_CHUNK {blockData=conID: 1 locID: 102659353064636959 bcsId: 2923} | ret=SUCCESS |  
2019-08-22 07:03:33,787 | INFO  | DNAudit | user=null | ip=null | op=WRITE_CHUNK {blockData=conID: 1 locID: 102659353064636959 bcsId: 2917} | ret=SUCCESS |  
2019-08-22 07:03:33,787 | INFO  | DNAudit | user=null | ip=null | op=WRITE_CHUNK {blockData=conID: 1 locID: 102659353064636959 bcsId: 2917} | ret=SUCCESS |  
2019-08-22 07:03:33,790 | INFO  | DNAudit | user=null | ip=null | op=PUT_BLOCK {blockData=[blockId=conID: 1 locID: 102659353064636959 bcsId: 0,size=3145728]} | ret=SUCCESS |  
2019-08-22 07:03:33,790 | INFO  | DNAudit | user=null | ip=null | op=PUT_BLOCK {blockData=[blockId=conID: 1 locID: 102659353064636959 bcsId: 0,size=3145728]} | ret=SUCCESS |  
2019-08-22 07:03:33,791 | INFO  | DNAudit | user=null | ip=null | op=WRITE_CHUNK {blockData=conID: 1 locID: 102659353064636959 bcsId: 2923} | ret=SUCCESS |  
2019-08-22 07:03:33,791 | INFO  | DNAudit | user=null | ip=null | op=PUT_BLOCK {blockData=[blockId=conID: 1 locID: 102659353064636959 bcsId: 0,size=4194304]} | ret=SUCCESS |  
2019-08-22 07:03:33,791 [grpc-default-executor-5] INFO  client.GrpcClientProtocolClient (GrpcClientProtocolClient.java:onNext(255)) - client-CF63D631FA17->3cf1264f-5f6b-4138-aeee-2ff7d4522ead: receive RaftClientReply:client-CF63D631FA17->3cf1264f-5f6b-4138-aeee-2ff7d4522ead@group-561E16522154, cid=1994, SUCCESS, logIndex=2926, commits[3cf1264f-5f6b-4138-aeee-2ff7d4522ead:c2927, 4f0d1a15-8f14-4d9a-ad4f-8211e1245b5d:c2923, 6999f20e-c3f7-4db4-87ca-141c476f2a88:c2923]
2019-08-22 07:03:33,792 [grpc-default-executor-5] INFO  client.GrpcClientProtocolClient (GrpcClientProtocolClient.java:onNext(255)) - client-CF63D631FA17->3cf1264f-5f6b-4138-aeee-2ff7d4522ead: receive RaftClientReply:client-CF63D631FA17->3cf1264f-5f6b-4138-aeee-2ff7d4522ead@group-561E16522154, cid=1995, SUCCESS, logIndex=2927, commits[3cf1264f-5f6b-4138-aeee-2ff7d4522ead:c2927, 4f0d1a15-8f14-4d9a-ad4f-8211e1245b5d:c2923, 6999f20e-c3f7-4db4-87ca-141c476f2a88:c2923]
2019-08-22 07:03:33,802 | INFO  | DNAudit | user=null | ip=null | op=WRITE_CHUNK {blockData=conID: 1 locID: 102659353064636959 bcsId: 2923} | ret=SUCCESS |  
2019-08-22 07:03:33,802 | INFO  | DNAudit | user=null | ip=null | op=WRITE_CHUNK {blockData=conID: 1 locID: 102659353064636959 bcsId: 2923} | ret=SUCCESS |  
2019-08-22 07:03:33,802 | INFO  | DNAudit | user=null | ip=null | op=PUT_BLOCK {blockData=[blockId=conID: 1 locID: 102659353064636959 bcsId: 0,size=4194304]} | ret=SUCCESS |  
2019-08-22 07:03:33,802 | INFO  | DNAudit | user=null | ip=null | op=PUT_BLOCK {blockData=[blockId=conID: 1 locID: 102659353064636959 bcsId: 0,size=4194304]} | ret=SUCCESS |  
2019-08-22 07:03:33,802 [grpc-default-executor-5] INFO  client.GrpcClientProtocolClient (GrpcClientProtocolClient.java:onNext(255)) - client-CF63D631FA17->3cf1264f-5f6b-4138-aeee-2ff7d4522ead: receive RaftClientReply:client-CF63D631FA17->3cf1264f-5f6b-4138-aeee-2ff7d4522ead@group-561E16522154, cid=1996, SUCCESS, logIndex=0, commits[3cf1264f-5f6b-4138-aeee-2ff7d4522ead:c2928, 4f0d1a15-8f14-4d9a-ad4f-8211e1245b5d:c2927, 6999f20e-c3f7-4db4-87ca-141c476f2a88:c2927]
2019-08-22 07:03:33,807 | INFO  | SCMAudit | user=jenkins1000 | ip=192.168.34.31 | op=ALLOCATE_BLOCK {owner=04b6d46a-98e2-41b1-9f38-1870289993ea, size=4194304, type=RATIS, factor=THREE} | ret=SUCCESS |  
2019-08-22 07:03:33,810 | INFO  | OMAudit | user=jenkins1000 | ip=127.0.0.1 | op=ALLOCATE_BLOCK {volume=vol-0-14906, bucket=bucket-0-53153, key=key-0-33222, dataSize=0, replicationType=null, replicationFactor=null, keyLocationInfo=null, clientID=102659352017764754} | ret=SUCCESS |  
2019-08-22 07:03:33,817 | INFO  | DNAudit | user=null | ip=null | op=WRITE_CHUNK {blockData=conID: 2 locID: 102659353071256096 bcsId: 0} | ret=SUCCESS |  
2019-08-22 07:03:33,819 | INFO  | DNAudit | user=null | ip=null | op=WRITE_CHUNK {blockData=conID: 2 locID: 102659353071256096 bcsId: 0} | ret=SUCCESS |  
2019-08-22 07:03:33,820 | INFO  | DNAudit | user=null | ip=null | op=WRITE_CHUNK {blockData=conID: 2 locID: 102659353071256096 bcsId: 0} | ret=SUCCESS |  
2019-08-22 07:03:33,821 | INFO  | DNAudit | user=null | ip=null | op=WRITE_CHUNK {blockData=conID: 2 locID: 102659353071256096 bcsId: 0} | ret=SUCCESS |  
2019-08-22 07:03:33,822 | INFO  | DNAudit | user=null | ip=null | op=WRITE_CHUNK {blockData=conID: 2 locID: 102659353071256096 bcsId: 0} | ret=SUCCESS |  
2019-08-22 07:03:33,822 | INFO  | DNAudit | user=null | ip=null | op=WRITE_CHUNK {blockData=conID: 2 locID: 102659353071256096 bcsId: 0} | ret=SUCCESS |  
2019-08-22 07:03:33,832 | INFO  | DNAudit | user=null | ip=null | op=WRITE_CHUNK {blockData=conID: 2 locID: 102659353071256096 bcsId: 0} | ret=SUCCESS |  
2019-08-22 07:03:33,833 | INFO  | DNAudit | user=null | ip=null | op=PUT_BLOCK {blockData=[blockId=conID: 2 locID: 102659353071256096 bcsId: 0,size=1048576]} | ret=SUCCESS |  
2019-08-22 07:03:33,833 [grpc-default-executor-0] INFO  client.GrpcClientProtocolClient (GrpcClientProtocolClient.java:onNext(255)) - client-CF63D631FA17->3cf1264f-5f6b-4138-aeee-2ff7d4522ead: receive RaftClientReply:client-CF63D631FA17->3cf1264f-5f6b-4138-aeee-2ff7d4522ead@group-561E16522154, cid=1997, SUCCESS, logIndex=2930, commits[3cf1264f-5f6b-4138-aeee-2ff7d4522ead:c2932, 4f0d1a15-8f14-4d9a-ad4f-8211e1245b5d:c2929, 6999f20e-c3f7-4db4-87ca-141c476f2a88:c2929]
2019-08-22 07:03:33,833 | INFO  | DNAudit | user=null | ip=null | op=WRITE_CHUNK {blockData=conID: 2 locID: 102659353071256096 bcsId: 0} | ret=SUCCESS |  
2019-08-22 07:03:33,833 [grpc-default-executor-0] INFO  client.GrpcClientProtocolClient (GrpcClientProtocolClient.java:onNext(255)) - client-CF63D631FA17->3cf1264f-5f6b-4138-aeee-2ff7d4522ead: receive RaftClientReply:client-CF63D631FA17->3cf1264f-5f6b-4138-aeee-2ff7d4522ead@group-561E16522154, cid=1998, SUCCESS, logIndex=2931, commits[3cf1264f-5f6b-4138-aeee-2ff7d4522ead:c2933, 4f0d1a15-8f14-4d9a-ad4f-8211e1245b5d:c2929, 6999f20e-c3f7-4db4-87ca-141c476f2a88:c2929]
2019-08-22 07:03:33,834 | INFO  | DNAudit | user=null | ip=null | op=PUT_BLOCK {blockData=[blockId=conID: 2 locID: 102659353071256096 bcsId: 0,size=2097152]} | ret=SUCCESS |  
2019-08-22 07:03:33,834 [grpc-default-executor-0] INFO  client.GrpcClientProtocolClient (GrpcClientProtocolClient.java:onNext(255)) - client-CF63D631FA17->3cf1264f-5f6b-4138-aeee-2ff7d4522ead: receive RaftClientReply:client-CF63D631FA17->3cf1264f-5f6b-4138-aeee-2ff7d4522ead@group-561E16522154, cid=1999, SUCCESS, logIndex=2932, commits[3cf1264f-5f6b-4138-aeee-2ff7d4522ead:c2933, 4f0d1a15-8f14-4d9a-ad4f-8211e1245b5d:c2929, 6999f20e-c3f7-4db4-87ca-141c476f2a88:c2929]
2019-08-22 07:03:33,834 [grpc-default-executor-0] INFO  client.GrpcClientProtocolClient (GrpcClientProtocolClient.java:onNext(255)) - client-CF63D631FA17->3cf1264f-5f6b-4138-aeee-2ff7d4522ead: receive RaftClientReply:client-CF63D631FA17->3cf1264f-5f6b-4138-aeee-2ff7d4522ead@group-561E16522154, cid=2000, SUCCESS, logIndex=2933, commits[3cf1264f-5f6b-4138-aeee-2ff7d4522ead:c2933, 4f0d1a15-8f14-4d9a-ad4f-8211e1245b5d:c2929, 6999f20e-c3f7-4db4-87ca-141c476f2a88:c2929]
2019-08-22 07:03:33,843 | INFO  | DNAudit | user=null | ip=null | op=WRITE_CHUNK {blockData=conID: 2 locID: 102659353071256096 bcsId: 0} | ret=SUCCESS |  
2019-08-22 07:03:33,844 | INFO  | DNAudit | user=null | ip=null | op=WRITE_CHUNK {blockData=conID: 2 locID: 102659353071256096 bcsId: 0} | ret=SUCCESS |  
2019-08-22 07:03:33,844 | INFO  | DNAudit | user=null | ip=null | op=PUT_BLOCK {blockData=[blockId=conID: 2 locID: 102659353071256096 bcsId: 0,size=1048576]} | ret=SUCCESS |  
2019-08-22 07:03:33,844 | INFO  | DNAudit | user=null | ip=null | op=PUT_BLOCK {blockData=[blockId=conID: 2 locID: 102659353071256096 bcsId: 0,size=1048576]} | ret=SUCCESS |  
2019-08-22 07:03:33,844 | INFO  | DNAudit | user=null | ip=null | op=WRITE_CHUNK {blockData=conID: 2 locID: 102659353071256096 bcsId: 0} | ret=SUCCESS |  
2019-08-22 07:03:33,845 | INFO  | DNAudit | user=null | ip=null | op=PUT_BLOCK {blockData=[blockId=conID: 2 locID: 102659353071256096 bcsId: 0,size=2097152]} | ret=SUCCESS |  
2019-08-22 07:03:33,845 | INFO  | DNAudit | user=null | ip=null | op=WRITE_CHUNK {blockData=conID: 2 locID: 102659353071256096 bcsId: 0} | ret=SUCCESS |  
2019-08-22 07:03:33,845 [grpc-default-executor-3] INFO  client.GrpcClientProtocolClient (GrpcClientProtocolClient.java:onNext(255)) - client-CF63D631FA17->3cf1264f-5f6b-4138-aeee-2ff7d4522ead: receive RaftClientReply:client-CF63D631FA17->3cf1264f-5f6b-4138-aeee-2ff7d4522ead@group-561E16522154, cid=2001, SUCCESS, logIndex=0, commits[3cf1264f-5f6b-4138-aeee-2ff7d4522ead:c2935, 4f0d1a15-8f14-4d9a-ad4f-8211e1245b5d:c2931, 6999f20e-c3f7-4db4-87ca-141c476f2a88:c2931]
2019-08-22 07:03:33,846 | INFO  | DNAudit | user=null | ip=null | op=PUT_BLOCK {blockData=[blockId=conID: 2 locID: 102659353071256096 bcsId: 0,size=2097152]} | ret=SUCCESS |  
2019-08-22 07:03:33,852 | INFO  | DNAudit | user=null | ip=null | op=WRITE_CHUNK {blockData=conID: 2 locID: 102659353071256096 bcsId: 2933} | ret=SUCCESS |  
2019-08-22 07:03:33,855 | INFO  | DNAudit | user=null | ip=null | op=WRITE_CHUNK {blockData=conID: 2 locID: 102659353071256096 bcsId: 2933} | ret=SUCCESS |  
2019-08-22 07:03:33,855 | INFO  | DNAudit | user=null | ip=null | op=WRITE_CHUNK {blockData=conID: 2 locID: 102659353071256096 bcsId: 2933} | ret=SUCCESS |  
2019-08-22 07:03:33,865 | INFO  | DNAudit | user=null | ip=null | op=WRITE_CHUNK {blockData=conID: 2 locID: 102659353071256096 bcsId: 2933} | ret=SUCCESS |  
2019-08-22 07:03:33,865 | INFO  | DNAudit | user=null | ip=null | op=PUT_BLOCK {blockData=[blockId=conID: 2 locID: 102659353071256096 bcsId: 0,size=3145728]} | ret=SUCCESS |  
2019-08-22 07:03:33,866 [grpc-default-executor-0] INFO  client.GrpcClientProtocolClient (GrpcClientProtocolClient.java:onNext(255)) - client-CF63D631FA17->3cf1264f-5f6b-4138-aeee-2ff7d4522ead: receive RaftClientReply:client-CF63D631FA17->3cf1264f-5f6b-4138-aeee-2ff7d4522ead@group-561E16522154, cid=2002, SUCCESS, logIndex=2938, commits[3cf1264f-5f6b-4138-aeee-2ff7d4522ead:c2939, 4f0d1a15-8f14-4d9a-ad4f-8211e1245b5d:c2937, 6999f20e-c3f7-4db4-87ca-141c476f2a88:c2937]
2019-08-22 07:03:33,866 [grpc-default-executor-0] INFO  client.GrpcClientProtocolClient (GrpcClientProtocolClient.java:onNext(255)) - client-CF63D631FA17->3cf1264f-5f6b-4138-aeee-2ff7d4522ead: receive RaftClientReply:client-CF63D631FA17->3cf1264f-5f6b-4138-aeee-2ff7d4522ead@group-561E16522154, cid=2003, SUCCESS, logIndex=2939, commits[3cf1264f-5f6b-4138-aeee-2ff7d4522ead:c2939, 4f0d1a15-8f14-4d9a-ad4f-8211e1245b5d:c2937, 6999f20e-c3f7-4db4-87ca-141c476f2a88:c2937]
2019-08-22 07:03:33,872 | INFO  | DNAudit | user=null | ip=null | op=WRITE_CHUNK {blockData=conID: 2 locID: 102659353071256096 bcsId: 2939} | ret=SUCCESS |  
2019-08-22 07:03:33,875 | INFO  | DNAudit | user=null | ip=null | op=WRITE_CHUNK {blockData=conID: 2 locID: 102659353071256096 bcsId: 2939} | ret=SUCCESS |  
2019-08-22 07:03:33,875 | INFO  | DNAudit | user=null | ip=null | op=WRITE_CHUNK {blockData=conID: 2 locID: 102659353071256096 bcsId: 2939} | ret=SUCCESS |  
2019-08-22 07:03:33,876 | INFO  | DNAudit | user=null | ip=null | op=WRITE_CHUNK {blockData=conID: 2 locID: 102659353071256096 bcsId: 2933} | ret=SUCCESS |  
2019-08-22 07:03:33,876 | INFO  | DNAudit | user=null | ip=null | op=WRITE_CHUNK {blockData=conID: 2 locID: 102659353071256096 bcsId: 2933} | ret=SUCCESS |  
2019-08-22 07:03:33,877 | INFO  | DNAudit | user=null | ip=null | op=PUT_BLOCK {blockData=[blockId=conID: 2 locID: 102659353071256096 bcsId: 0,size=3145728]} | ret=SUCCESS |  
2019-08-22 07:03:33,877 | INFO  | DNAudit | user=null | ip=null | op=PUT_BLOCK {blockData=[blockId=conID: 2 locID: 102659353071256096 bcsId: 0,size=3145728]} | ret=SUCCESS |  
2019-08-22 07:03:33,878 | INFO  | DNAudit | user=null | ip=null | op=WRITE_CHUNK {blockData=conID: 2 locID: 102659353071256096 bcsId: 2939} | ret=SUCCESS |  
2019-08-22 07:03:33,878 | INFO  | DNAudit | user=null | ip=null | op=PUT_BLOCK {blockData=[blockId=conID: 2 locID: 102659353071256096 bcsId: 0,size=4194304]} | ret=SUCCESS |  
2019-08-22 07:03:33,878 [grpc-default-executor-1] INFO  client.GrpcClientProtocolClient (GrpcClientProtocolClient.java:onNext(255)) - client-CF63D631FA17->3cf1264f-5f6b-4138-aeee-2ff7d4522ead: receive RaftClientReply:client-CF63D631FA17->3cf1264f-5f6b-4138-aeee-2ff7d4522ead@group-561E16522154, cid=2004, SUCCESS, logIndex=2942, commits[3cf1264f-5f6b-4138-aeee-2ff7d4522ead:c2943, 4f0d1a15-8f14-4d9a-ad4f-8211e1245b5d:c2939, 6999f20e-c3f7-4db4-87ca-141c476f2a88:c2939]
2019-08-22 07:03:33,879 [grpc-default-executor-1] INFO  client.GrpcClientProtocolClient (GrpcClientProtocolClient.java:onNext(255)) - client-CF63D631FA17->3cf1264f-5f6b-4138-aeee-2ff7d4522ead: receive RaftClientReply:client-CF63D631FA17->3cf1264f-5f6b-4138-aeee-2ff7d4522ead@group-561E16522154, cid=2005, SUCCESS, logIndex=2943, commits[3cf1264f-5f6b-4138-aeee-2ff7d4522ead:c2943, 4f0d1a15-8f14-4d9a-ad4f-8211e1245b5d:c2939, 6999f20e-c3f7-4db4-87ca-141c476f2a88:c2939]
2019-08-22 07:03:33,880 | INFO  | DNAudit | user=null | ip=null | op=WRITE_CHUNK {blockData=conID: 2 locID: 102659353071256096 bcsId: 2939} | ret=SUCCESS |  
2019-08-22 07:03:33,880 | INFO  | DNAudit | user=null | ip=null | op=WRITE_CHUNK {blockData=conID: 2 locID: 102659353071256096 bcsId: 2939} | ret=SUCCESS |  
2019-08-22 07:03:33,881 | INFO  | DNAudit | user=null | ip=null | op=PUT_BLOCK {blockData=[blockId=conID: 2 locID: 102659353071256096 bcsId: 0,size=4194304]} | ret=SUCCESS |  
2019-08-22 07:03:33,882 | INFO  | DNAudit | user=null | ip=null | op=PUT_BLOCK {blockData=[blockId=conID: 2 locID: 102659353071256096 bcsId: 0,size=4194304]} | ret=SUCCESS |  
2019-08-22 07:03:33,882 [grpc-default-executor-1] INFO  client.GrpcClientProtocolClient (GrpcClientProtocolClient.java:onNext(255)) - client-CF63D631FA17->3cf1264f-5f6b-4138-aeee-2ff7d4522ead: receive RaftClientReply:client-CF63D631FA17->3cf1264f-5f6b-4138-aeee-2ff7d4522ead@group-561E16522154, cid=2006, SUCCESS, logIndex=0, commits[3cf1264f-5f6b-4138-aeee-2ff7d4522ead:c2945, 4f0d1a15-8f14-4d9a-ad4f-8211e1245b5d:c2943, 6999f20e-c3f7-4db4-87ca-141c476f2a88:c2943]
2019-08-22 07:03:33,888 | INFO  | SCMAudit | user=jenkins1000 | ip=192.168.34.31 | op=ALLOCATE_BLOCK {owner=04b6d46a-98e2-41b1-9f38-1870289993ea, size=4194304, type=RATIS, factor=THREE} | ret=SUCCESS |  
2019-08-22 07:03:33,891 | INFO  | OMAudit | user=jenkins1000 | ip=127.0.0.1 | op=ALLOCATE_BLOCK {volume=vol-0-14906, bucket=bucket-0-53153, key=key-0-33222, dataSize=0, replicationType=null, replicationFactor=null, keyLocationInfo=null, clientID=102659352017764754} | ret=SUCCESS |  
2019-08-22 07:03:33,897 | INFO  | DNAudit | user=null | ip=null | op=WRITE_CHUNK {blockData=conID: 3 locID: 102659353076564513 bcsId: 0} | ret=SUCCESS |  
2019-08-22 07:03:33,899 | INFO  | DNAudit | user=null | ip=null | op=WRITE_CHUNK {blockData=conID: 3 locID: 102659353076564513 bcsId: 0} | ret=SUCCESS |  
2019-08-22 07:03:33,899 | INFO  | SCMAudit | user=jenkins1000 | ip=192.168.34.31 | op=SEND_HEARTBEAT {datanodeUUID=6ab6b5dd-7582-43bd-ad39-1af51ca14a47, command=[]} | ret=SUCCESS |  
2019-08-22 07:03:33,900 | INFO  | DNAudit | user=null | ip=null | op=WRITE_CHUNK {blockData=conID: 3 locID: 102659353076564513 bcsId: 0} | ret=SUCCESS |  
2019-08-22 07:03:33,901 | INFO  | DNAudit | user=null | ip=null | op=WRITE_CHUNK {blockData=conID: 3 locID: 102659353076564513 bcsId: 0} | ret=SUCCESS |  
2019-08-22 07:03:33,901 | INFO  | SCMAudit | user=jenkins1000 | ip=192.168.34.31 | op=SEND_HEARTBEAT {datanodeUUID=f789f48f-f3d7-45ec-9bba-6a89e2bdcc9c, command=[]} | ret=SUCCESS |  
2019-08-22 07:03:33,901 | INFO  | DNAudit | user=null | ip=null | op=WRITE_CHUNK {blockData=conID: 3 locID: 102659353076564513 bcsId: 0} | ret=SUCCESS |  
2019-08-22 07:03:33,902 | INFO  | DNAudit | user=null | ip=null | op=WRITE_CHUNK {blockData=conID: 3 locID: 102659353076564513 bcsId: 0} | ret=SUCCESS |  
 0.00% |█                                                                                                    |  0/1 Time: 0:00:162019-08-22 07:03:33,904 | INFO  | DNAudit | user=null | ip=null | op=WRITE_CHUNK {blockData=conID: 3 locID: 102659353076564513 bcsId: 0} | ret=SUCCESS |  
2019-08-22 07:03:33,904 | INFO  | DNAudit | user=null | ip=null | op=PUT_BLOCK {blockData=[blockId=conID: 3 locID: 102659353076564513 bcsId: 0,size=1048576]} | ret=SUCCESS |  
2019-08-22 07:03:33,904 [grpc-default-executor-5] INFO  client.GrpcClientProtocolClient (GrpcClientProtocolClient.java:onNext(255)) - client-CF63D631FA17->3cf1264f-5f6b-4138-aeee-2ff7d4522ead: receive RaftClientReply:client-CF63D631FA17->3cf1264f-5f6b-4138-aeee-2ff7d4522ead@group-561E16522154, cid=2007, SUCCESS, logIndex=2946, commits[3cf1264f-5f6b-4138-aeee-2ff7d4522ead:c2948, 4f0d1a15-8f14-4d9a-ad4f-8211e1245b5d:c2945, 6999f20e-c3f7-4db4-87ca-141c476f2a88:c2943]
2019-08-22 07:03:33,905 | INFO  | DNAudit | user=null | ip=null | op=WRITE_CHUNK {blockData=conID: 3 locID: 102659353076564513 bcsId: 0} | ret=SUCCESS |  
2019-08-22 07:03:33,905 | INFO  | DNAudit | user=null | ip=null | op=PUT_BLOCK {blockData=[blockId=conID: 3 locID: 102659353076564513 bcsId: 0,size=2097152]} | ret=SUCCESS |  
2019-08-22 07:03:33,905 [grpc-default-executor-5] INFO  client.GrpcClientProtocolClient (GrpcClientProtocolClient.java:onNext(255)) - client-CF63D631FA17->3cf1264f-5f6b-4138-aeee-2ff7d4522ead: receive RaftClientReply:client-CF63D631FA17->3cf1264f-5f6b-4138-aeee-2ff7d4522ead@group-561E16522154, cid=2008, SUCCESS, logIndex=2947, commits[3cf1264f-5f6b-4138-aeee-2ff7d4522ead:c2949, 4f0d1a15-8f14-4d9a-ad4f-8211e1245b5d:c2945, 6999f20e-c3f7-4db4-87ca-141c476f2a88:c2945]
2019-08-22 07:03:33,905 | INFO  | DNAudit | user=null | ip=null | op=WRITE_CHUNK {blockData=conID: 3 locID: 102659353076564513 bcsId: 0} | ret=SUCCESS |  
2019-08-22 07:03:33,905 [grpc-default-executor-5] INFO  client.GrpcClientProtocolClient (GrpcClientProtocolClient.java:onNext(255)) - client-CF63D631FA17->3cf1264f-5f6b-4138-aeee-2ff7d4522ead: receive RaftClientReply:client-CF63D631FA17->3cf1264f-5f6b-4138-aeee-2ff7d4522ead@group-561E16522154, cid=2009, SUCCESS, logIndex=2948, commits[3cf1264f-5f6b-4138-aeee-2ff7d4522ead:c2949, 4f0d1a15-8f14-4d9a-ad4f-8211e1245b5d:c2945, 6999f20e-c3f7-4db4-87ca-141c476f2a88:c2945]
2019-08-22 07:03:33,905 | INFO  | DNAudit | user=null | ip=null | op=PUT_BLOCK {blockData=[blockId=conID: 3 locID: 102659353076564513 bcsId: 0,size=1048576]} | ret=SUCCESS |  
2019-08-22 07:03:33,905 [grpc-default-executor-5] INFO  client.GrpcClientProtocolClient (GrpcClientProtocolClient.java:onNext(255)) - client-CF63D631FA17->3cf1264f-5f6b-4138-aeee-2ff7d4522ead: receive RaftClientReply:client-CF63D631FA17->3cf1264f-5f6b-4138-aeee-2ff7d4522ead@group-561E16522154, cid=2010, SUCCESS, logIndex=2949, commits[3cf1264f-5f6b-4138-aeee-2ff7d4522ead:c2949, 4f0d1a15-8f14-4d9a-ad4f-8211e1245b5d:c2945, 6999f20e-c3f7-4db4-87ca-141c476f2a88:c2945]
2019-08-22 07:03:33,907 | INFO  | DNAudit | user=null | ip=null | op=WRITE_CHUNK {blockData=conID: 3 locID: 102659353076564513 bcsId: 0} | ret=SUCCESS |  
2019-08-22 07:03:33,907 | INFO  | DNAudit | user=null | ip=null | op=PUT_BLOCK {blockData=[blockId=conID: 3 locID: 102659353076564513 bcsId: 0,size=1048576]} | ret=SUCCESS |  
2019-08-22 07:03:33,907 [grpc-default-executor-5] INFO  client.GrpcClientProtocolClient (GrpcClientProtocolClient.java:onNext(255)) - client-CF63D631FA17->3cf1264f-5f6b-4138-aeee-2ff7d4522ead: receive RaftClientReply:client-CF63D631FA17->3cf1264f-5f6b-4138-aeee-2ff7d4522ead@group-561E16522154, cid=2011, SUCCESS, logIndex=0, commits[3cf1264f-5f6b-4138-aeee-2ff7d4522ead:c2950, 4f0d1a15-8f14-4d9a-ad4f-8211e1245b5d:c2947, 6999f20e-c3f7-4db4-87ca-141c476f2a88:c2947]
2019-08-22 07:03:33,908 | INFO  | DNAudit | user=null | ip=null | op=WRITE_CHUNK {blockData=conID: 3 locID: 102659353076564513 bcsId: 0} | ret=SUCCESS |  
2019-08-22 07:03:33,908 | INFO  | DNAudit | user=null | ip=null | op=WRITE_CHUNK {blockData=conID: 3 locID: 102659353076564513 bcsId: 0} | ret=SUCCESS |  
2019-08-22 07:03:33,908 | INFO  | DNAudit | user=null | ip=null | op=PUT_BLOCK {blockData=[blockId=conID: 3 locID: 102659353076564513 bcsId: 0,size=2097152]} | ret=SUCCESS |  
2019-08-22 07:03:33,909 | INFO  | DNAudit | user=null | ip=null | op=PUT_BLOCK {blockData=[blockId=conID: 3 locID: 102659353076564513 bcsId: 0,size=2097152]} | ret=SUCCESS |  
2019-08-22 07:03:33,913 | INFO  | DNAudit | user=null | ip=null | op=WRITE_CHUNK {blockData=conID: 3 locID: 102659353076564513 bcsId: 2949} | ret=SUCCESS |  
2019-08-22 07:03:33,915 | INFO  | DNAudit | user=null | ip=null | op=WRITE_CHUNK {blockData=conID: 3 locID: 102659353076564513 bcsId: 2949} | ret=SUCCESS |  
2019-08-22 07:03:33,915 | INFO  | DNAudit | user=null | ip=null | op=WRITE_CHUNK {blockData=conID: 3 locID: 102659353076564513 bcsId: 2949} | ret=SUCCESS |  
2019-08-22 07:03:33,918 | INFO  | DNAudit | user=null | ip=null | op=WRITE_CHUNK {blockData=conID: 3 locID: 102659353076564513 bcsId: 2949} | ret=SUCCESS |  
2019-08-22 07:03:33,918 | INFO  | DNAudit | user=null | ip=null | op=PUT_BLOCK {blockData=[blockId=conID: 3 locID: 102659353076564513 bcsId: 0,size=3145728]} | ret=SUCCESS |  
2019-08-22 07:03:33,919 [grpc-default-executor-0] INFO  client.GrpcClientProtocolClient (GrpcClientProtocolClient.java:onNext(255)) - client-CF63D631FA17->3cf1264f-5f6b-4138-aeee-2ff7d4522ead: receive RaftClientReply:client-CF63D631FA17->3cf1264f-5f6b-4138-aeee-2ff7d4522ead@group-561E16522154, cid=2012, SUCCESS, logIndex=2954, commits[3cf1264f-5f6b-4138-aeee-2ff7d4522ead:c2955, 4f0d1a15-8f14-4d9a-ad4f-8211e1245b5d:c2953, 6999f20e-c3f7-4db4-87ca-141c476f2a88:c2949]
2019-08-22 07:03:33,919 [grpc-default-executor-0] INFO  client.GrpcClientProtocolClient (GrpcClientProtocolClient.java:onNext(255)) - client-CF63D631FA17->3cf1264f-5f6b-4138-aeee-2ff7d4522ead: receive RaftClientReply:client-CF63D631FA17->3cf1264f-5f6b-4138-aeee-2ff7d4522ead@group-561E16522154, cid=2013, SUCCESS, logIndex=2955, commits[3cf1264f-5f6b-4138-aeee-2ff7d4522ead:c2955, 4f0d1a15-8f14-4d9a-ad4f-8211e1245b5d:c2953, 6999f20e-c3f7-4db4-87ca-141c476f2a88:c2953]
2019-08-22 07:03:33,921 | INFO  | DNAudit | user=null | ip=null | op=WRITE_CHUNK {blockData=conID: 3 locID: 102659353076564513 bcsId: 2949} | ret=SUCCESS |  
2019-08-22 07:03:33,921 | INFO  | DNAudit | user=null | ip=null | op=WRITE_CHUNK {blockData=conID: 3 locID: 102659353076564513 bcsId: 2949} | ret=SUCCESS |  
2019-08-22 07:03:33,921 | INFO  | DNAudit | user=null | ip=null | op=PUT_BLOCK {blockData=[blockId=conID: 3 locID: 102659353076564513 bcsId: 0,size=3145728]} | ret=SUCCESS |  
2019-08-22 07:03:33,921 | INFO  | DNAudit | user=null | ip=null | op=PUT_BLOCK {blockData=[blockId=conID: 3 locID: 102659353076564513 bcsId: 0,size=3145728]} | ret=SUCCESS |  
2019-08-22 07:03:33,924 | INFO  | SCMAudit | user=jenkins1000 | ip=192.168.34.31 | op=SEND_HEARTBEAT {datanodeUUID=4f0d1a15-8f14-4d9a-ad4f-8211e1245b5d, command=[]} | ret=SUCCESS |  
2019-08-22 07:03:33,925 | INFO  | SCMAudit | user=jenkins1000 | ip=192.168.34.31 | op=SEND_HEARTBEAT {datanodeUUID=6999f20e-c3f7-4db4-87ca-141c476f2a88, command=[]} | ret=SUCCESS |  
2019-08-22 07:03:33,925 | INFO  | SCMAudit | user=jenkins1000 | ip=192.168.34.31 | op=SEND_HEARTBEAT {datanodeUUID=3cf1264f-5f6b-4138-aeee-2ff7d4522ead, command=[]} | ret=SUCCESS |  
2019-08-22 07:03:33,926 | INFO  | DNAudit | user=null | ip=null | op=WRITE_CHUNK {blockData=conID: 3 locID: 102659353076564513 bcsId: 2955} | ret=SUCCESS |  
2019-08-22 07:03:33,927 | INFO  | DNAudit | user=null | ip=null | op=WRITE_CHUNK {blockData=conID: 3 locID: 102659353076564513 bcsId: 2955} | ret=SUCCESS |  
2019-08-22 07:03:33,927 | INFO  | DNAudit | user=null | ip=null | op=WRITE_CHUNK {blockData=conID: 3 locID: 102659353076564513 bcsId: 2955} | ret=SUCCESS |  
2019-08-22 07:03:33,939 | INFO  | DNAudit | user=null | ip=null | op=WRITE_CHUNK {blockData=conID: 3 locID: 102659353076564513 bcsId: 2955} | ret=SUCCESS |  
2019-08-22 07:03:33,940 | INFO  | DNAudit | user=null | ip=null | op=PUT_BLOCK {blockData=[blockId=conID: 3 locID: 102659353076564513 bcsId: 0,size=4194304]} | ret=SUCCESS |  
2019-08-22 07:03:33,940 [grpc-default-executor-0] INFO  client.GrpcClientProtocolClient (GrpcClientProtocolClient.java:onNext(255)) - client-CF63D631FA17->3cf1264f-5f6b-4138-aeee-2ff7d4522ead: receive RaftClientReply:client-CF63D631FA17->3cf1264f-5f6b-4138-aeee-2ff7d4522ead@group-561E16522154, cid=2014, SUCCESS, logIndex=2958, commits[3cf1264f-5f6b-4138-aeee-2ff7d4522ead:c2959, 4f0d1a15-8f14-4d9a-ad4f-8211e1245b5d:c2957, 6999f20e-c3f7-4db4-87ca-141c476f2a88:c2957]
2019-08-22 07:03:33,940 [grpc-default-executor-0] INFO  client.GrpcClientProtocolClient (GrpcClientProtocolClient.java:onNext(255)) - client-CF63D631FA17->3cf1264f-5f6b-4138-aeee-2ff7d4522ead: receive RaftClientReply:client-CF63D631FA17->3cf1264f-5f6b-4138-aeee-2ff7d4522ead@group-561E16522154, cid=2015, SUCCESS, logIndex=2959, commits[3cf1264f-5f6b-4138-aeee-2ff7d4522ead:c2959, 4f0d1a15-8f14-4d9a-ad4f-8211e1245b5d:c2957, 6999f20e-c3f7-4db4-87ca-141c476f2a88:c2957]
2019-08-22 07:03:33,964 | INFO  | DNAudit | user=null | ip=null | op=WRITE_CHUNK {blockData=conID: 3 locID: 102659353076564513 bcsId: 2955} | ret=SUCCESS |  
2019-08-22 07:03:33,964 | INFO  | DNAudit | user=null | ip=null | op=WRITE_CHUNK {blockData=conID: 3 locID: 102659353076564513 bcsId: 2955} | ret=SUCCESS |  
2019-08-22 07:03:33,967 | INFO  | DNAudit | user=null | ip=null | op=PUT_BLOCK {blockData=[blockId=conID: 3 locID: 102659353076564513 bcsId: 0,size=4194304]} | ret=SUCCESS |  
2019-08-22 07:03:33,967 | INFO  | DNAudit | user=null | ip=null | op=PUT_BLOCK {blockData=[blockId=conID: 3 locID: 102659353076564513 bcsId: 0,size=4194304]} | ret=SUCCESS |  
2019-08-22 07:03:33,967 [grpc-default-executor-1] INFO  client.GrpcClientProtocolClient (GrpcClientProtocolClient.java:onNext(255)) - client-CF63D631FA17->3cf1264f-5f6b-4138-aeee-2ff7d4522ead: receive RaftClientReply:client-CF63D631FA17->3cf1264f-5f6b-4138-aeee-2ff7d4522ead@group-561E16522154, cid=2016, SUCCESS, logIndex=0, commits[3cf1264f-5f6b-4138-aeee-2ff7d4522ead:c2961, 4f0d1a15-8f14-4d9a-ad4f-8211e1245b5d:c2959, 6999f20e-c3f7-4db4-87ca-141c476f2a88:c2959]
2019-08-22 07:03:33,971 | INFO  | SCMAudit | user=jenkins1000 | ip=192.168.34.31 | op=ALLOCATE_BLOCK {owner=04b6d46a-98e2-41b1-9f38-1870289993ea, size=4194304, type=RATIS, factor=THREE} | ret=SUCCESS |  
2019-08-22 07:03:33,973 | INFO  | OMAudit | user=jenkins1000 | ip=127.0.0.1 | op=ALLOCATE_BLOCK {volume=vol-0-14906, bucket=bucket-0-53153, key=key-0-33222, dataSize=0, replicationType=null, replicationFactor=null, keyLocationInfo=null, clientID=102659352017764754} | ret=SUCCESS |  
2019-08-22 07:03:33,980 | INFO  | DNAudit | user=null | ip=null | op=WRITE_CHUNK {blockData=conID: 1 locID: 102659353082004002 bcsId: 0} | ret=SUCCESS |  
2019-08-22 07:03:33,981 | INFO  | DNAudit | user=null | ip=null | op=WRITE_CHUNK {blockData=conID: 1 locID: 102659353082004002 bcsId: 0} | ret=SUCCESS |  
2019-08-22 07:03:33,982 | INFO  | DNAudit | user=null | ip=null | op=WRITE_CHUNK {blockData=conID: 1 locID: 102659353082004002 bcsId: 0} | ret=SUCCESS |  
2019-08-22 07:03:33,982 | INFO  | DNAudit | user=null | ip=null | op=WRITE_CHUNK {blockData=conID: 1 locID: 102659353082004002 bcsId: 0} | ret=SUCCESS |  
2019-08-22 07:03:33,983 | INFO  | DNAudit | user=null | ip=null | op=WRITE_CHUNK {blockData=conID: 1 locID: 102659353082004002 bcsId: 0} | ret=SUCCESS |  
2019-08-22 07:03:33,983 | INFO  | DNAudit | user=null | ip=null | op=WRITE_CHUNK {blockData=conID: 1 locID: 102659353082004002 bcsId: 0} | ret=SUCCESS |  
2019-08-22 07:03:33,993 | INFO  | DNAudit | user=null | ip=null | op=WRITE_CHUNK {blockData=conID: 1 locID: 102659353082004002 bcsId: 0} | ret=SUCCESS |  
2019-08-22 07:03:33,994 | INFO  | DNAudit | user=null | ip=null | op=PUT_BLOCK {blockData=[blockId=conID: 1 locID: 102659353082004002 bcsId: 0,size=1048576]} | ret=SUCCESS |  
2019-08-22 07:03:33,994 | INFO  | DNAudit | user=null | ip=null | op=WRITE_CHUNK {blockData=conID: 1 locID: 102659353082004002 bcsId: 0} | ret=SUCCESS |  
2019-08-22 07:03:33,994 [grpc-default-executor-1] INFO  client.GrpcClientProtocolClient (GrpcClientProtocolClient.java:onNext(255)) - client-CF63D631FA17->3cf1264f-5f6b-4138-aeee-2ff7d4522ead: receive RaftClientReply:client-CF63D631FA17->3cf1264f-5f6b-4138-aeee-2ff7d4522ead@group-561E16522154, cid=2017, SUCCESS, logIndex=2962, commits[3cf1264f-5f6b-4138-aeee-2ff7d4522ead:c2964, 4f0d1a15-8f14-4d9a-ad4f-8211e1245b5d:c2961, 6999f20e-c3f7-4db4-87ca-141c476f2a88:c2961]
2019-08-22 07:03:33,994 | INFO  | DNAudit | user=null | ip=null | op=PUT_BLOCK {blockData=[blockId=conID: 1 locID: 102659353082004002 bcsId: 0,size=2097152]} | ret=SUCCESS |  
2019-08-22 07:03:33,994 [grpc-default-executor-1] INFO  client.GrpcClientProtocolClient (GrpcClientProtocolClient.java:onNext(255)) - client-CF63D631FA17->3cf1264f-5f6b-4138-aeee-2ff7d4522ead: receive RaftClientReply:client-CF63D631FA17->3cf1264f-5f6b-4138-aeee-2ff7d4522ead@group-561E16522154, cid=2018, SUCCESS, logIndex=2963, commits[3cf1264f-5f6b-4138-aeee-2ff7d4522ead:c2965, 4f0d1a15-8f14-4d9a-ad4f-8211e1245b5d:c2961, 6999f20e-c3f7-4db4-87ca-141c476f2a88:c2961]
2019-08-22 07:03:33,995 [grpc-default-executor-1] INFO  client.GrpcClientProtocolClient (GrpcClientProtocolClient.java:onNext(255)) - client-CF63D631FA17->3cf1264f-5f6b-4138-aeee-2ff7d4522ead: receive RaftClientReply:client-CF63D631FA17->3cf1264f-5f6b-4138-aeee-2ff7d4522ead@group-561E16522154, cid=2019, SUCCESS, logIndex=2964, commits[3cf1264f-5f6b-4138-aeee-2ff7d4522ead:c2965, 4f0d1a15-8f14-4d9a-ad4f-8211e1245b5d:c2961, 6999f20e-c3f7-4db4-87ca-141c476f2a88:c2961]
2019-08-22 07:03:33,995 [grpc-default-executor-1] INFO  client.GrpcClientProtocolClient (GrpcClientProtocolClient.java:onNext(255)) - client-CF63D631FA17->3cf1264f-5f6b-4138-aeee-2ff7d4522ead: receive RaftClientReply:client-CF63D631FA17->3cf1264f-5f6b-4138-aeee-2ff7d4522ead@group-561E16522154, cid=2020, SUCCESS, logIndex=2965, commits[3cf1264f-5f6b-4138-aeee-2ff7d4522ead:c2965, 4f0d1a15-8f14-4d9a-ad4f-8211e1245b5d:c2961, 6999f20e-c3f7-4db4-87ca-141c476f2a88:c2961]
2019-08-22 07:03:34,005 | INFO  | DNAudit | user=null | ip=null | op=WRITE_CHUNK {blockData=conID: 1 locID: 102659353082004002 bcsId: 0} | ret=SUCCESS |  
2019-08-22 07:03:34,005 | INFO  | DNAudit | user=null | ip=null | op=WRITE_CHUNK {blockData=conID: 1 locID: 102659353082004002 bcsId: 0} | ret=SUCCESS |  
2019-08-22 07:03:34,008 | INFO  | DNAudit | user=null | ip=null | op=PUT_BLOCK {blockData=[blockId=conID: 1 locID: 102659353082004002 bcsId: 0,size=1048576]} | ret=SUCCESS |  
2019-08-22 07:03:34,008 | INFO  | DNAudit | user=null | ip=null | op=PUT_BLOCK {blockData=[blockId=conID: 1 locID: 102659353082004002 bcsId: 0,size=1048576]} | ret=SUCCESS |  
2019-08-22 07:03:34,008 | INFO  | DNAudit | user=null | ip=null | op=WRITE_CHUNK {blockData=conID: 1 locID: 102659353082004002 bcsId: 0} | ret=SUCCESS |  
2019-08-22 07:03:34,008 | INFO  | DNAudit | user=null | ip=null | op=WRITE_CHUNK {blockData=conID: 1 locID: 102659353082004002 bcsId: 0} | ret=SUCCESS |  
2019-08-22 07:03:34,008 | INFO  | DNAudit | user=null | ip=null | op=PUT_BLOCK {blockData=[blockId=conID: 1 locID: 102659353082004002 bcsId: 0,size=2097152]} | ret=SUCCESS |  
2019-08-22 07:03:34,008 | INFO  | DNAudit | user=null | ip=null | op=PUT_BLOCK {blockData=[blockId=conID: 1 locID: 102659353082004002 bcsId: 0,size=2097152]} | ret=SUCCESS |  
2019-08-22 07:03:34,009 [grpc-default-executor-0] INFO  client.GrpcClientProtocolClient (GrpcClientProtocolClient.java:onNext(255)) - client-CF63D631FA17->3cf1264f-5f6b-4138-aeee-2ff7d4522ead: receive RaftClientReply:client-CF63D631FA17->3cf1264f-5f6b-4138-aeee-2ff7d4522ead@group-561E16522154, cid=2021, SUCCESS, logIndex=0, commits[3cf1264f-5f6b-4138-aeee-2ff7d4522ead:c2967, 4f0d1a15-8f14-4d9a-ad4f-8211e1245b5d:c2963, 6999f20e-c3f7-4db4-87ca-141c476f2a88:c2963]
2019-08-22 07:03:34,014 | INFO  | DNAudit | user=null | ip=null | op=WRITE_CHUNK {blockData=conID: 1 locID: 102659353082004002 bcsId: 2965} | ret=SUCCESS |  
2019-08-22 07:03:34,016 | INFO  | DNAudit | user=null | ip=null | op=WRITE_CHUNK {blockData=conID: 1 locID: 102659353082004002 bcsId: 2965} | ret=SUCCESS |  
2019-08-22 07:03:34,016 | INFO  | DNAudit | user=null | ip=null | op=WRITE_CHUNK {blockData=conID: 1 locID: 102659353082004002 bcsId: 2965} | ret=SUCCESS |  
2019-08-22 07:03:34,027 | INFO  | DNAudit | user=null | ip=null | op=WRITE_CHUNK {blockData=conID: 1 locID: 102659353082004002 bcsId: 2965} | ret=SUCCESS |  
2019-08-22 07:03:34,027 | INFO  | DNAudit | user=null | ip=null | op=PUT_BLOCK {blockData=[blockId=conID: 1 locID: 102659353082004002 bcsId: 0,size=3145728]} | ret=SUCCESS |  
2019-08-22 07:03:34,027 [grpc-default-executor-0] INFO  client.GrpcClientProtocolClient (GrpcClientProtocolClient.java:onNext(255)) - client-CF63D631FA17->3cf1264f-5f6b-4138-aeee-2ff7d4522ead: receive RaftClientReply:client-CF63D631FA17->3cf1264f-5f6b-4138-aeee-2ff7d4522ead@group-561E16522154, cid=2022, SUCCESS, logIndex=2970, commits[3cf1264f-5f6b-4138-aeee-2ff7d4522ead:c2971, 4f0d1a15-8f14-4d9a-ad4f-8211e1245b5d:c2969, 6999f20e-c3f7-4db4-87ca-141c476f2a88:c2969]
2019-08-22 07:03:34,028 [grpc-default-executor-0] INFO  client.GrpcClientProtocolClient (GrpcClientProtocolClient.java:onNext(255)) - client-CF63D631FA17->3cf1264f-5f6b-4138-aeee-2ff7d4522ead: receive RaftClientReply:client-CF63D631FA17->3cf1264f-5f6b-4138-aeee-2ff7d4522ead@group-561E16522154, cid=2023, SUCCESS, logIndex=2971, commits[3cf1264f-5f6b-4138-aeee-2ff7d4522ead:c2971, 4f0d1a15-8f14-4d9a-ad4f-8211e1245b5d:c2969, 6999f20e-c3f7-4db4-87ca-141c476f2a88:c2969]
2019-08-22 07:03:34,033 | INFO  | DNAudit | user=null | ip=null | op=WRITE_CHUNK {blockData=conID: 1 locID: 102659353082004002 bcsId: 2971} | ret=SUCCESS |  
2019-08-22 07:03:34,035 | INFO  | DNAudit | user=null | ip=null | op=WRITE_CHUNK {blockData=conID: 1 locID: 102659353082004002 bcsId: 2971} | ret=SUCCESS |  
2019-08-22 07:03:34,035 | INFO  | DNAudit | user=null | ip=null | op=WRITE_CHUNK {blockData=conID: 1 locID: 102659353082004002 bcsId: 2971} | ret=SUCCESS |  
2019-08-22 07:03:34,038 | INFO  | DNAudit | user=null | ip=null | op=WRITE_CHUNK {blockData=conID: 1 locID: 102659353082004002 bcsId: 2965} | ret=SUCCESS |  
2019-08-22 07:03:34,038 | INFO  | DNAudit | user=null | ip=null | op=WRITE_CHUNK {blockData=conID: 1 locID: 102659353082004002 bcsId: 2965} | ret=SUCCESS |  
2019-08-22 07:03:34,039 | INFO  | DNAudit | user=null | ip=null | op=PUT_BLOCK {blockData=[blockId=conID: 1 locID: 102659353082004002 bcsId: 0,size=3145728]} | ret=SUCCESS |  
2019-08-22 07:03:34,039 | INFO  | DNAudit | user=null | ip=null | op=PUT_BLOCK {blockData=[blockId=conID: 1 locID: 102659353082004002 bcsId: 0,size=3145728]} | ret=SUCCESS |  
2019-08-22 07:03:34,041 | INFO  | DNAudit | user=null | ip=null | op=WRITE_CHUNK {blockData=conID: 1 locID: 102659353082004002 bcsId: 2971} | ret=SUCCESS |  
2019-08-22 07:03:34,042 | INFO  | DNAudit | user=null | ip=null | op=PUT_BLOCK {blockData=[blockId=conID: 1 locID: 102659353082004002 bcsId: 0,size=4194304]} | ret=SUCCESS |  
2019-08-22 07:03:34,042 [grpc-default-executor-0] INFO  client.GrpcClientProtocolClient (GrpcClientProtocolClient.java:onNext(255)) - client-CF63D631FA17->3cf1264f-5f6b-4138-aeee-2ff7d4522ead: receive RaftClientReply:client-CF63D631FA17->3cf1264f-5f6b-4138-aeee-2ff7d4522ead@group-561E16522154, cid=2024, SUCCESS, logIndex=2974, commits[3cf1264f-5f6b-4138-aeee-2ff7d4522ead:c2975, 4f0d1a15-8f14-4d9a-ad4f-8211e1245b5d:c2971, 6999f20e-c3f7-4db4-87ca-141c476f2a88:c2971]
2019-08-22 07:03:34,042 [grpc-default-executor-0] INFO  client.GrpcClientProtocolClient (GrpcClientProtocolClient.java:onNext(255)) - client-CF63D631FA17->3cf1264f-5f6b-4138-aeee-2ff7d4522ead: receive RaftClientReply:client-CF63D631FA17->3cf1264f-5f6b-4138-aeee-2ff7d4522ead@group-561E16522154, cid=2025, SUCCESS, logIndex=2975, commits[3cf1264f-5f6b-4138-aeee-2ff7d4522ead:c2975, 4f0d1a15-8f14-4d9a-ad4f-8211e1245b5d:c2971, 6999f20e-c3f7-4db4-87ca-141c476f2a88:c2971]
2019-08-22 07:03:34,053 | INFO  | DNAudit | user=null | ip=null | op=WRITE_CHUNK {blockData=conID: 1 locID: 102659353082004002 bcsId: 2971} | ret=SUCCESS |  
2019-08-22 07:03:34,053 | INFO  | DNAudit | user=null | ip=null | op=WRITE_CHUNK {blockData=conID: 1 locID: 102659353082004002 bcsId: 2971} | ret=SUCCESS |  
2019-08-22 07:03:34,056 | INFO  | DNAudit | user=null | ip=null | op=PUT_BLOCK {blockData=[blockId=conID: 1 locID: 102659353082004002 bcsId: 0,size=4194304]} | ret=SUCCESS |  
2019-08-22 07:03:34,056 | INFO  | DNAudit | user=null | ip=null | op=PUT_BLOCK {blockData=[blockId=conID: 1 locID: 102659353082004002 bcsId: 0,size=4194304]} | ret=SUCCESS |  
2019-08-22 07:03:34,056 [grpc-default-executor-0] INFO  client.GrpcClientProtocolClient (GrpcClientProtocolClient.java:onNext(255)) - client-CF63D631FA17->3cf1264f-5f6b-4138-aeee-2ff7d4522ead: receive RaftClientReply:client-CF63D631FA17->3cf1264f-5f6b-4138-aeee-2ff7d4522ead@group-561E16522154, cid=2026, SUCCESS, logIndex=0, commits[3cf1264f-5f6b-4138-aeee-2ff7d4522ead:c2977, 4f0d1a15-8f14-4d9a-ad4f-8211e1245b5d:c2975, 6999f20e-c3f7-4db4-87ca-141c476f2a88:c2975]
2019-08-22 07:03:34,062 | INFO  | SCMAudit | user=jenkins1000 | ip=192.168.34.31 | op=ALLOCATE_BLOCK {owner=04b6d46a-98e2-41b1-9f38-1870289993ea, size=4194304, type=RATIS, factor=THREE} | ret=SUCCESS |  
2019-08-22 07:03:34,064 | INFO  | OMAudit | user=jenkins1000 | ip=127.0.0.1 | op=ALLOCATE_BLOCK {volume=vol-0-14906, bucket=bucket-0-53153, key=key-0-33222, dataSize=0, replicationType=null, replicationFactor=null, keyLocationInfo=null, clientID=102659352017764754} | ret=SUCCESS |  
2019-08-22 07:03:34,070 | INFO  | DNAudit | user=null | ip=null | op=WRITE_CHUNK {blockData=conID: 2 locID: 102659353087967779 bcsId: 0} | ret=SUCCESS |  
2019-08-22 07:03:34,071 | INFO  | DNAudit | user=null | ip=null | op=WRITE_CHUNK {blockData=conID: 2 locID: 102659353087967779 bcsId: 0} | ret=SUCCESS |  
2019-08-22 07:03:34,072 | INFO  | DNAudit | user=null | ip=null | op=WRITE_CHUNK {blockData=conID: 2 locID: 102659353087967779 bcsId: 0} | ret=SUCCESS |  
2019-08-22 07:03:34,073 | INFO  | DNAudit | user=null | ip=null | op=WRITE_CHUNK {blockData=conID: 2 locID: 102659353087967779 bcsId: 0} | ret=SUCCESS |  
2019-08-22 07:03:34,073 | INFO  | DNAudit | user=null | ip=null | op=WRITE_CHUNK {blockData=conID: 2 locID: 102659353087967779 bcsId: 0} | ret=SUCCESS |  
2019-08-22 07:03:34,074 | INFO  | DNAudit | user=null | ip=null | op=WRITE_CHUNK {blockData=conID: 2 locID: 102659353087967779 bcsId: 0} | ret=SUCCESS |  
2019-08-22 07:03:34,082 | INFO  | DNAudit | user=null | ip=null | op=WRITE_CHUNK {blockData=conID: 2 locID: 102659353087967779 bcsId: 0} | ret=SUCCESS |  
2019-08-22 07:03:34,083 | INFO  | DNAudit | user=null | ip=null | op=PUT_BLOCK {blockData=[blockId=conID: 2 locID: 102659353087967779 bcsId: 0,size=1048576]} | ret=SUCCESS |  
2019-08-22 07:03:34,083 [grpc-default-executor-1] INFO  client.GrpcClientProtocolClient (GrpcClientProtocolClient.java:onNext(255)) - client-CF63D631FA17->3cf1264f-5f6b-4138-aeee-2ff7d4522ead: receive RaftClientReply:client-CF63D631FA17->3cf1264f-5f6b-4138-aeee-2ff7d4522ead@group-561E16522154, cid=2027, SUCCESS, logIndex=2978, commits[3cf1264f-5f6b-4138-aeee-2ff7d4522ead:c2978, 4f0d1a15-8f14-4d9a-ad4f-8211e1245b5d:c2977, 6999f20e-c3f7-4db4-87ca-141c476f2a88:c2977]
2019-08-22 07:03:34,083 | INFO  | DNAudit | user=null | ip=null | op=WRITE_CHUNK {blockData=conID: 2 locID: 102659353087967779 bcsId: 0} | ret=SUCCESS |  
2019-08-22 07:03:34,083 | INFO  | DNAudit | user=null | ip=null | op=PUT_BLOCK {blockData=[blockId=conID: 2 locID: 102659353087967779 bcsId: 0,size=2097152]} | ret=SUCCESS |  
2019-08-22 07:03:34,084 | INFO  | DNAudit | user=null | ip=null | op=WRITE_CHUNK {blockData=conID: 2 locID: 102659353087967779 bcsId: 0} | ret=SUCCESS |  
2019-08-22 07:03:34,084 [grpc-default-executor-5] INFO  client.GrpcClientProtocolClient (GrpcClientProtocolClient.java:onNext(255)) - client-CF63D631FA17->3cf1264f-5f6b-4138-aeee-2ff7d4522ead: receive RaftClientReply:client-CF63D631FA17->3cf1264f-5f6b-4138-aeee-2ff7d4522ead@group-561E16522154, cid=2028, SUCCESS, logIndex=2979, commits[3cf1264f-5f6b-4138-aeee-2ff7d4522ead:c2981, 4f0d1a15-8f14-4d9a-ad4f-8211e1245b5d:c2977, 6999f20e-c3f7-4db4-87ca-141c476f2a88:c2977]
2019-08-22 07:03:34,084 [grpc-default-executor-5] INFO  client.GrpcClientProtocolClient (GrpcClientProtocolClient.java:onNext(255)) - client-CF63D631FA17->3cf1264f-5f6b-4138-aeee-2ff7d4522ead: receive RaftClientReply:client-CF63D631FA17->3cf1264f-5f6b-4138-aeee-2ff7d4522ead@group-561E16522154, cid=2029, SUCCESS, logIndex=2980, commits[3cf1264f-5f6b-4138-aeee-2ff7d4522ead:c2981, 4f0d1a15-8f14-4d9a-ad4f-8211e1245b5d:c2977, 6999f20e-c3f7-4db4-87ca-141c476f2a88:c2977]
2019-08-22 07:03:34,084 [grpc-default-executor-5] INFO  client.GrpcClientProtocolClient (GrpcClientProtocolClient.java:onNext(255)) - client-CF63D631FA17->3cf1264f-5f6b-4138-aeee-2ff7d4522ead: receive RaftClientReply:client-CF63D631FA17->3cf1264f-5f6b-4138-aeee-2ff7d4522ead@group-561E16522154, cid=2030, SUCCESS, logIndex=2981, commits[3cf1264f-5f6b-4138-aeee-2ff7d4522ead:c2982, 4f0d1a15-8f14-4d9a-ad4f-8211e1245b5d:c2977, 6999f20e-c3f7-4db4-87ca-141c476f2a88:c2978]
2019-08-22 07:03:34,086 | INFO  | DNAudit | user=null | ip=null | op=WRITE_CHUNK {blockData=conID: 2 locID: 102659353087967779 bcsId: 0} | ret=SUCCESS |  
2019-08-22 07:03:34,086 | INFO  | DNAudit | user=null | ip=null | op=PUT_BLOCK {blockData=[blockId=conID: 2 locID: 102659353087967779 bcsId: 0,size=1048576]} | ret=SUCCESS |  
2019-08-22 07:03:34,096 | INFO  | DNAudit | user=null | ip=null | op=PUT_BLOCK {blockData=[blockId=conID: 2 locID: 102659353087967779 bcsId: 0,size=1048576]} | ret=SUCCESS |  
2019-08-22 07:03:34,097 | INFO  | DNAudit | user=null | ip=null | op=WRITE_CHUNK {blockData=conID: 2 locID: 102659353087967779 bcsId: 0} | ret=SUCCESS |  
2019-08-22 07:03:34,097 | INFO  | DNAudit | user=null | ip=null | op=PUT_BLOCK {blockData=[blockId=conID: 2 locID: 102659353087967779 bcsId: 0,size=2097152]} | ret=SUCCESS |  
2019-08-22 07:03:34,097 [grpc-default-executor-5] INFO  client.GrpcClientProtocolClient (GrpcClientProtocolClient.java:onNext(255)) - client-CF63D631FA17->3cf1264f-5f6b-4138-aeee-2ff7d4522ead: receive RaftClientReply:client-CF63D631FA17->3cf1264f-5f6b-4138-aeee-2ff7d4522ead@group-561E16522154, cid=2031, SUCCESS, logIndex=0, commits[3cf1264f-5f6b-4138-aeee-2ff7d4522ead:c2983, 4f0d1a15-8f14-4d9a-ad4f-8211e1245b5d:c2979, 6999f20e-c3f7-4db4-87ca-141c476f2a88:c2979]
2019-08-22 07:03:34,097 | INFO  | DNAudit | user=null | ip=null | op=WRITE_CHUNK {blockData=conID: 2 locID: 102659353087967779 bcsId: 0} | ret=SUCCESS |  
2019-08-22 07:03:34,097 | INFO  | DNAudit | user=null | ip=null | op=PUT_BLOCK {blockData=[blockId=conID: 2 locID: 102659353087967779 bcsId: 0,size=2097152]} | ret=SUCCESS |  
2019-08-22 07:03:34,102 | INFO  | DNAudit | user=null | ip=null | op=WRITE_CHUNK {blockData=conID: 2 locID: 102659353087967779 bcsId: 2981} | ret=SUCCESS |  
2019-08-22 07:03:34,104 | INFO  | DNAudit | user=null | ip=null | op=WRITE_CHUNK {blockData=conID: 2 locID: 102659353087967779 bcsId: 2981} | ret=SUCCESS |  
2019-08-22 07:03:34,105 | INFO  | DNAudit | user=null | ip=null | op=WRITE_CHUNK {blockData=conID: 2 locID: 102659353087967779 bcsId: 2981} | ret=SUCCESS |  
2019-08-22 07:03:34,116 | INFO  | DNAudit | user=null | ip=null | op=WRITE_CHUNK {blockData=conID: 2 locID: 102659353087967779 bcsId: 2981} | ret=SUCCESS |  
2019-08-22 07:03:34,117 | INFO  | DNAudit | user=null | ip=null | op=PUT_BLOCK {blockData=[blockId=conID: 2 locID: 102659353087967779 bcsId: 0,size=3145728]} | ret=SUCCESS |  
2019-08-22 07:03:34,117 [grpc-default-executor-5] INFO  client.GrpcClientProtocolClient (GrpcClientProtocolClient.java:onNext(255)) - client-CF63D631FA17->3cf1264f-5f6b-4138-aeee-2ff7d4522ead: receive RaftClientReply:client-CF63D631FA17->3cf1264f-5f6b-4138-aeee-2ff7d4522ead@group-561E16522154, cid=2032, SUCCESS, logIndex=2985, commits[3cf1264f-5f6b-4138-aeee-2ff7d4522ead:c2986, 4f0d1a15-8f14-4d9a-ad4f-8211e1245b5d:c2984, 6999f20e-c3f7-4db4-87ca-141c476f2a88:c2984]
2019-08-22 07:03:34,117 [grpc-default-executor-5] INFO  client.GrpcClientProtocolClient (GrpcClientProtocolClient.java:onNext(255)) - client-CF63D631FA17->3cf1264f-5f6b-4138-aeee-2ff7d4522ead: receive RaftClientReply:client-CF63D631FA17->3cf1264f-5f6b-4138-aeee-2ff7d4522ead@group-561E16522154, cid=2033, SUCCESS, logIndex=2986, commits[3cf1264f-5f6b-4138-aeee-2ff7d4522ead:c2986, 4f0d1a15-8f14-4d9a-ad4f-8211e1245b5d:c2984, 6999f20e-c3f7-4db4-87ca-141c476f2a88:c2984]
2019-08-22 07:03:34,122 | INFO  | DNAudit | user=null | ip=null | op=WRITE_CHUNK {blockData=conID: 2 locID: 102659353087967779 bcsId: 2986} | ret=SUCCESS |  
2019-08-22 07:03:34,125 | INFO  | DNAudit | user=null | ip=null | op=WRITE_CHUNK {blockData=conID: 2 locID: 102659353087967779 bcsId: 2986} | ret=SUCCESS |  
2019-08-22 07:03:34,125 | INFO  | DNAudit | user=null | ip=null | op=WRITE_CHUNK {blockData=conID: 2 locID: 102659353087967779 bcsId: 2986} | ret=SUCCESS |  
2019-08-22 07:03:34,128 | INFO  | DNAudit | user=null | ip=null | op=WRITE_CHUNK {blockData=conID: 2 locID: 102659353087967779 bcsId: 2981} | ret=SUCCESS |  
2019-08-22 07:03:34,128 | INFO  | DNAudit | user=null | ip=null | op=WRITE_CHUNK {blockData=conID: 2 locID: 102659353087967779 bcsId: 2981} | ret=SUCCESS |  
2019-08-22 07:03:34,131 | INFO  | DNAudit | user=null | ip=null | op=PUT_BLOCK {blockData=[blockId=conID: 2 locID: 102659353087967779 bcsId: 0,size=3145728]} | ret=SUCCESS |  
2019-08-22 07:03:34,131 | INFO  | DNAudit | user=null | ip=null | op=PUT_BLOCK {blockData=[blockId=conID: 2 locID: 102659353087967779 bcsId: 0,size=3145728]} | ret=SUCCESS |  
2019-08-22 07:03:34,131 | INFO  | DNAudit | user=null | ip=null | op=WRITE_CHUNK {blockData=conID: 2 locID: 102659353087967779 bcsId: 2986} | ret=SUCCESS |  
2019-08-22 07:03:34,132 | INFO  | DNAudit | user=null | ip=null | op=PUT_BLOCK {blockData=[blockId=conID: 2 locID: 102659353087967779 bcsId: 0,size=4194304]} | ret=SUCCESS |  
2019-08-22 07:03:34,132 [grpc-default-executor-5] INFO  client.GrpcClientProtocolClient (GrpcClientProtocolClient.java:onNext(255)) - client-CF63D631FA17->3cf1264f-5f6b-4138-aeee-2ff7d4522ead: receive RaftClientReply:client-CF63D631FA17->3cf1264f-5f6b-4138-aeee-2ff7d4522ead@group-561E16522154, cid=2034, SUCCESS, logIndex=2989, commits[3cf1264f-5f6b-4138-aeee-2ff7d4522ead:c2990, 4f0d1a15-8f14-4d9a-ad4f-8211e1245b5d:c2986, 6999f20e-c3f7-4db4-87ca-141c476f2a88:c2986]
2019-08-22 07:03:34,132 [grpc-default-executor-5] INFO  client.GrpcClientProtocolClient (GrpcClientProtocolClient.java:onNext(255)) - client-CF63D631FA17->3cf1264f-5f6b-4138-aeee-2ff7d4522ead: receive RaftClientReply:client-CF63D631FA17->3cf1264f-5f6b-4138-aeee-2ff7d4522ead@group-561E16522154, cid=2035, SUCCESS, logIndex=2990, commits[3cf1264f-5f6b-4138-aeee-2ff7d4522ead:c2990, 4f0d1a15-8f14-4d9a-ad4f-8211e1245b5d:c2986, 6999f20e-c3f7-4db4-87ca-141c476f2a88:c2986]
2019-08-22 07:03:34,142 | INFO  | DNAudit | user=null | ip=null | op=WRITE_CHUNK {blockData=conID: 2 locID: 102659353087967779 bcsId: 2986} | ret=SUCCESS |  
2019-08-22 07:03:34,142 | INFO  | DNAudit | user=null | ip=null | op=WRITE_CHUNK {blockData=conID: 2 locID: 102659353087967779 bcsId: 2986} | ret=SUCCESS |  
2019-08-22 07:03:34,145 | INFO  | DNAudit | user=null | ip=null | op=PUT_BLOCK {blockData=[blockId=conID: 2 locID: 102659353087967779 bcsId: 0,size=4194304]} | ret=SUCCESS |  
2019-08-22 07:03:34,145 | INFO  | DNAudit | user=null | ip=null | op=PUT_BLOCK {blockData=[blockId=conID: 2 locID: 102659353087967779 bcsId: 0,size=4194304]} | ret=SUCCESS |  
2019-08-22 07:03:34,146 [grpc-default-executor-5] INFO  client.GrpcClientProtocolClient (GrpcClientProtocolClient.java:onNext(255)) - client-CF63D631FA17->3cf1264f-5f6b-4138-aeee-2ff7d4522ead: receive RaftClientReply:client-CF63D631FA17->3cf1264f-5f6b-4138-aeee-2ff7d4522ead@group-561E16522154, cid=2036, SUCCESS, logIndex=0, commits[3cf1264f-5f6b-4138-aeee-2ff7d4522ead:c2992, 4f0d1a15-8f14-4d9a-ad4f-8211e1245b5d:c2990, 6999f20e-c3f7-4db4-87ca-141c476f2a88:c2990]
2019-08-22 07:03:34,149 | INFO  | SCMAudit | user=jenkins1000 | ip=192.168.34.31 | op=ALLOCATE_BLOCK {owner=04b6d46a-98e2-41b1-9f38-1870289993ea, size=4194304, type=RATIS, factor=THREE} | ret=SUCCESS |  
2019-08-22 07:03:34,152 | INFO  | OMAudit | user=jenkins1000 | ip=127.0.0.1 | op=ALLOCATE_BLOCK {volume=vol-0-14906, bucket=bucket-0-53153, key=key-0-33222, dataSize=0, replicationType=null, replicationFactor=null, keyLocationInfo=null, clientID=102659352017764754} | ret=SUCCESS |  
2019-08-22 07:03:34,157 | INFO  | DNAudit | user=null | ip=null | op=WRITE_CHUNK {blockData=conID: 3 locID: 102659353093669412 bcsId: 0} | ret=SUCCESS |  
2019-08-22 07:03:34,160 | INFO  | DNAudit | user=null | ip=null | op=WRITE_CHUNK {blockData=conID: 3 locID: 102659353093669412 bcsId: 0} | ret=SUCCESS |  
2019-08-22 07:03:34,160 | INFO  | DNAudit | user=null | ip=null | op=WRITE_CHUNK {blockData=conID: 3 locID: 102659353093669412 bcsId: 0} | ret=SUCCESS |  
2019-08-22 07:03:34,160 | INFO  | DNAudit | user=null | ip=null | op=WRITE_CHUNK {blockData=conID: 3 locID: 102659353093669412 bcsId: 0} | ret=SUCCESS |  
2019-08-22 07:03:34,162 | INFO  | DNAudit | user=null | ip=null | op=WRITE_CHUNK {blockData=conID: 3 locID: 102659353093669412 bcsId: 0} | ret=SUCCESS |  
2019-08-22 07:03:34,162 | INFO  | DNAudit | user=null | ip=null | op=WRITE_CHUNK {blockData=conID: 3 locID: 102659353093669412 bcsId: 0} | ret=SUCCESS |  
2019-08-22 07:03:34,170 | INFO  | DNAudit | user=null | ip=null | op=WRITE_CHUNK {blockData=conID: 3 locID: 102659353093669412 bcsId: 0} | ret=SUCCESS |  
2019-08-22 07:03:34,170 | INFO  | DNAudit | user=null | ip=null | op=PUT_BLOCK {blockData=[blockId=conID: 3 locID: 102659353093669412 bcsId: 0,size=1048576]} | ret=SUCCESS |  
2019-08-22 07:03:34,170 [grpc-default-executor-1] INFO  client.GrpcClientProtocolClient (GrpcClientProtocolClient.java:onNext(255)) - client-CF63D631FA17->3cf1264f-5f6b-4138-aeee-2ff7d4522ead: receive RaftClientReply:client-CF63D631FA17->3cf1264f-5f6b-4138-aeee-2ff7d4522ead@group-561E16522154, cid=2037, SUCCESS, logIndex=2993, commits[3cf1264f-5f6b-4138-aeee-2ff7d4522ead:c2994, 4f0d1a15-8f14-4d9a-ad4f-8211e1245b5d:c2992, 6999f20e-c3f7-4db4-87ca-141c476f2a88:c2992]
2019-08-22 07:03:34,170 | INFO  | DNAudit | user=null | ip=null | op=WRITE_CHUNK {blockData=conID: 3 locID: 102659353093669412 bcsId: 0} | ret=SUCCESS |  
2019-08-22 07:03:34,171 [grpc-default-executor-0] INFO  client.GrpcClientProtocolClient (GrpcClientProtocolClient.java:onNext(255)) - client-CF63D631FA17->3cf1264f-5f6b-4138-aeee-2ff7d4522ead: receive RaftClientReply:client-CF63D631FA17->3cf1264f-5f6b-4138-aeee-2ff7d4522ead@group-561E16522154, cid=2038, SUCCESS, logIndex=2994, commits[3cf1264f-5f6b-4138-aeee-2ff7d4522ead:c2994, 4f0d1a15-8f14-4d9a-ad4f-8211e1245b5d:c2992, 6999f20e-c3f7-4db4-87ca-141c476f2a88:c2992]
2019-08-22 07:03:34,171 | INFO  | DNAudit | user=null | ip=null | op=PUT_BLOCK {blockData=[blockId=conID: 3 locID: 102659353093669412 bcsId: 0,size=2097152]} | ret=SUCCESS |  
2019-08-22 07:03:34,171 [grpc-default-executor-0] INFO  client.GrpcClientProtocolClient (GrpcClientProtocolClient.java:onNext(255)) - client-CF63D631FA17->3cf1264f-5f6b-4138-aeee-2ff7d4522ead: receive RaftClientReply:client-CF63D631FA17->3cf1264f-5f6b-4138-aeee-2ff7d4522ead@group-561E16522154, cid=2039, SUCCESS, logIndex=2995, commits[3cf1264f-5f6b-4138-aeee-2ff7d4522ead:c2996, 4f0d1a15-8f14-4d9a-ad4f-8211e1245b5d:c2992, 6999f20e-c3f7-4db4-87ca-141c476f2a88:c2992]
2019-08-22 07:03:34,171 [grpc-default-executor-0] INFO  client.GrpcClientProtocolClient (GrpcClientProtocolClient.java:onNext(255)) - client-CF63D631FA17->3cf1264f-5f6b-4138-aeee-2ff7d4522ead: receive RaftClientReply:client-CF63D631FA17->3cf1264f-5f6b-4138-aeee-2ff7d4522ead@group-561E16522154, cid=2040, SUCCESS, logIndex=2996, commits[3cf1264f-5f6b-4138-aeee-2ff7d4522ead:c2996, 4f0d1a15-8f14-4d9a-ad4f-8211e1245b5d:c2992, 6999f20e-c3f7-4db4-87ca-141c476f2a88:c2992]
2019-08-22 07:03:34,174 | INFO  | DNAudit | user=null | ip=null | op=WRITE_CHUNK {blockData=conID: 3 locID: 102659353093669412 bcsId: 0} | ret=SUCCESS |  
2019-08-22 07:03:34,174 | INFO  | DNAudit | user=null | ip=null | op=PUT_BLOCK {blockData=[blockId=conID: 3 locID: 102659353093669412 bcsId: 0,size=1048576]} | ret=SUCCESS |  
2019-08-22 07:03:34,175 | INFO  | DNAudit | user=null | ip=null | op=WRITE_CHUNK {blockData=conID: 3 locID: 102659353093669412 bcsId: 0} | ret=SUCCESS |  
2019-08-22 07:03:34,175 | INFO  | DNAudit | user=null | ip=null | op=PUT_BLOCK {blockData=[blockId=conID: 3 locID: 102659353093669412 bcsId: 0,size=1048576]} | ret=SUCCESS |  
2019-08-22 07:03:34,176 | INFO  | DNAudit | user=null | ip=null | op=WRITE_CHUNK {blockData=conID: 3 locID: 102659353093669412 bcsId: 0} | ret=SUCCESS |  
2019-08-22 07:03:34,176 | INFO  | DNAudit | user=null | ip=null | op=PUT_BLOCK {blockData=[blockId=conID: 3 locID: 102659353093669412 bcsId: 0,size=2097152]} | ret=SUCCESS |  
2019-08-22 07:03:34,176 [grpc-default-executor-0] INFO  client.GrpcClientProtocolClient (GrpcClientProtocolClient.java:onNext(255)) - client-CF63D631FA17->3cf1264f-5f6b-4138-aeee-2ff7d4522ead: receive RaftClientReply:client-CF63D631FA17->3cf1264f-5f6b-4138-aeee-2ff7d4522ead@group-561E16522154, cid=2041, SUCCESS, logIndex=0, commits[3cf1264f-5f6b-4138-aeee-2ff7d4522ead:c2998, 4f0d1a15-8f14-4d9a-ad4f-8211e1245b5d:c2994, 6999f20e-c3f7-4db4-87ca-141c476f2a88:c2994]
2019-08-22 07:03:34,176 | INFO  | DNAudit | user=null | ip=null | op=WRITE_CHUNK {blockData=conID: 3 locID: 102659353093669412 bcsId: 0} | ret=SUCCESS |  
2019-08-22 07:03:34,177 | INFO  | DNAudit | user=null | ip=null | op=PUT_BLOCK {blockData=[blockId=conID: 3 locID: 102659353093669412 bcsId: 0,size=2097152]} | ret=SUCCESS |  
2019-08-22 07:03:34,181 | INFO  | DNAudit | user=null | ip=null | op=WRITE_CHUNK {blockData=conID: 3 locID: 102659353093669412 bcsId: 2996} | ret=SUCCESS |  
2019-08-22 07:03:34,183 | INFO  | DNAudit | user=null | ip=null | op=WRITE_CHUNK {blockData=conID: 3 locID: 102659353093669412 bcsId: 2996} | ret=SUCCESS |  
2019-08-22 07:03:34,183 | INFO  | DNAudit | user=null | ip=null | op=WRITE_CHUNK {blockData=conID: 3 locID: 102659353093669412 bcsId: 2996} | ret=SUCCESS |  
2019-08-22 07:03:34,193 | INFO  | DNAudit | user=null | ip=null | op=WRITE_CHUNK {blockData=conID: 3 locID: 102659353093669412 bcsId: 2996} | ret=SUCCESS |  
2019-08-22 07:03:34,193 | INFO  | DNAudit | user=null | ip=null | op=PUT_BLOCK {blockData=[blockId=conID: 3 locID: 102659353093669412 bcsId: 0,size=3145728]} | ret=SUCCESS |  
2019-08-22 07:03:34,193 [grpc-default-executor-3] INFO  client.GrpcClientProtocolClient (GrpcClientProtocolClient.java:onNext(255)) - client-CF63D631FA17->3cf1264f-5f6b-4138-aeee-2ff7d4522ead: receive RaftClientReply:client-CF63D631FA17->3cf1264f-5f6b-4138-aeee-2ff7d4522ead@group-561E16522154, cid=2042, SUCCESS, logIndex=3001, commits[3cf1264f-5f6b-4138-aeee-2ff7d4522ead:c3002, 4f0d1a15-8f14-4d9a-ad4f-8211e1245b5d:c3000, 6999f20e-c3f7-4db4-87ca-141c476f2a88:c3000]
2019-08-22 07:03:34,194 [grpc-default-executor-3] INFO  client.GrpcClientProtocolClient (GrpcClientProtocolClient.java:onNext(255)) - client-CF63D631FA17->3cf1264f-5f6b-4138-aeee-2ff7d4522ead: receive RaftClientReply:client-CF63D631FA17->3cf1264f-5f6b-4138-aeee-2ff7d4522ead@group-561E16522154, cid=2043, SUCCESS, logIndex=3002, commits[3cf1264f-5f6b-4138-aeee-2ff7d4522ead:c3002, 4f0d1a15-8f14-4d9a-ad4f-8211e1245b5d:c3000, 6999f20e-c3f7-4db4-87ca-141c476f2a88:c3000]
2019-08-22 07:03:34,199 | INFO  | DNAudit | user=null | ip=null | op=WRITE_CHUNK {blockData=conID: 3 locID: 102659353093669412 bcsId: 3002} | ret=SUCCESS |  
2019-08-22 07:03:34,201 | INFO  | DNAudit | user=null | ip=null | op=WRITE_CHUNK {blockData=conID: 3 locID: 102659353093669412 bcsId: 3002} | ret=SUCCESS |  
2019-08-22 07:03:34,201 | INFO  | DNAudit | user=null | ip=null | op=WRITE_CHUNK {blockData=conID: 3 locID: 102659353093669412 bcsId: 3002} | ret=SUCCESS |  
2019-08-22 07:03:34,213 | INFO  | DNAudit | user=null | ip=null | op=WRITE_CHUNK {blockData=conID: 3 locID: 102659353093669412 bcsId: 2996} | ret=SUCCESS |  
2019-08-22 07:03:34,214 | INFO  | DNAudit | user=null | ip=null | op=WRITE_CHUNK {blockData=conID: 3 locID: 102659353093669412 bcsId: 2996} | ret=SUCCESS |  
2019-08-22 07:03:34,214 | INFO  | DNAudit | user=null | ip=null | op=PUT_BLOCK {blockData=[blockId=conID: 3 locID: 102659353093669412 bcsId: 0,size=3145728]} | ret=SUCCESS |  
2019-08-22 07:03:34,215 | INFO  | DNAudit | user=null | ip=null | op=WRITE_CHUNK {blockData=conID: 3 locID: 102659353093669412 bcsId: 3002} | ret=SUCCESS |  
2019-08-22 07:03:34,215 | INFO  | DNAudit | user=null | ip=null | op=PUT_BLOCK {blockData=[blockId=conID: 3 locID: 102659353093669412 bcsId: 0,size=3145728]} | ret=SUCCESS |  
2019-08-22 07:03:34,216 | INFO  | DNAudit | user=null | ip=null | op=PUT_BLOCK {blockData=[blockId=conID: 3 locID: 102659353093669412 bcsId: 0,size=4194304]} | ret=SUCCESS |  
2019-08-22 07:03:34,216 [grpc-default-executor-3] INFO  client.GrpcClientProtocolClient (GrpcClientProtocolClient.java:onNext(255)) - client-CF63D631FA17->3cf1264f-5f6b-4138-aeee-2ff7d4522ead: receive RaftClientReply:client-CF63D631FA17->3cf1264f-5f6b-4138-aeee-2ff7d4522ead@group-561E16522154, cid=2044, SUCCESS, logIndex=3005, commits[3cf1264f-5f6b-4138-aeee-2ff7d4522ead:c3006, 4f0d1a15-8f14-4d9a-ad4f-8211e1245b5d:c3002, 6999f20e-c3f7-4db4-87ca-141c476f2a88:c3001]
2019-08-22 07:03:34,216 [grpc-default-executor-3] INFO  client.GrpcClientProtocolClient (GrpcClientProtocolClient.java:onNext(255)) - client-CF63D631FA17->3cf1264f-5f6b-4138-aeee-2ff7d4522ead: receive RaftClientReply:client-CF63D631FA17->3cf1264f-5f6b-4138-aeee-2ff7d4522ead@group-561E16522154, cid=2045, SUCCESS, logIndex=3006, commits[3cf1264f-5f6b-4138-aeee-2ff7d4522ead:c3006, 4f0d1a15-8f14-4d9a-ad4f-8211e1245b5d:c3002, 6999f20e-c3f7-4db4-87ca-141c476f2a88:c3002]
2019-08-22 07:03:34,227 | INFO  | DNAudit | user=null | ip=null | op=WRITE_CHUNK {blockData=conID: 3 locID: 102659353093669412 bcsId: 3002} | ret=SUCCESS |  
2019-08-22 07:03:34,227 | INFO  | DNAudit | user=null | ip=null | op=WRITE_CHUNK {blockData=conID: 3 locID: 102659353093669412 bcsId: 3002} | ret=SUCCESS |  
2019-08-22 07:03:34,227 | INFO  | DNAudit | user=null | ip=null | op=PUT_BLOCK {blockData=[blockId=conID: 3 locID: 102659353093669412 bcsId: 0,size=4194304]} | ret=SUCCESS |  
2019-08-22 07:03:34,227 | INFO  | DNAudit | user=null | ip=null | op=PUT_BLOCK {blockData=[blockId=conID: 3 locID: 102659353093669412 bcsId: 0,size=4194304]} | ret=SUCCESS |  
2019-08-22 07:03:34,228 [grpc-default-executor-3] INFO  client.GrpcClientProtocolClient (GrpcClientProtocolClient.java:onNext(255)) - client-CF63D631FA17->3cf1264f-5f6b-4138-aeee-2ff7d4522ead: receive RaftClientReply:client-CF63D631FA17->3cf1264f-5f6b-4138-aeee-2ff7d4522ead@group-561E16522154, cid=2046, SUCCESS, logIndex=0, commits[3cf1264f-5f6b-4138-aeee-2ff7d4522ead:c3006, 4f0d1a15-8f14-4d9a-ad4f-8211e1245b5d:c3006, 6999f20e-c3f7-4db4-87ca-141c476f2a88:c3006]
2019-08-22 07:03:34,232 | INFO  | SCMAudit | user=jenkins1000 | ip=192.168.34.31 | op=ALLOCATE_BLOCK {owner=04b6d46a-98e2-41b1-9f38-1870289993ea, size=4194304, type=RATIS, factor=THREE} | ret=SUCCESS |  
2019-08-22 07:03:34,234 | INFO  | OMAudit | user=jenkins1000 | ip=127.0.0.1 | op=ALLOCATE_BLOCK {volume=vol-0-14906, bucket=bucket-0-53153, key=key-0-33222, dataSize=0, replicationType=null, replicationFactor=null, keyLocationInfo=null, clientID=102659352017764754} | ret=SUCCESS |  
2019-08-22 07:03:34,240 | INFO  | DNAudit | user=null | ip=null | op=WRITE_CHUNK {blockData=conID: 1 locID: 102659353099108901 bcsId: 0} | ret=SUCCESS |  
2019-08-22 07:03:34,243 | INFO  | DNAudit | user=null | ip=null | op=WRITE_CHUNK {blockData=conID: 1 locID: 102659353099108901 bcsId: 0} | ret=SUCCESS |  
2019-08-22 07:03:34,244 | INFO  | DNAudit | user=null | ip=null | op=WRITE_CHUNK {blockData=conID: 1 locID: 102659353099108901 bcsId: 0} | ret=SUCCESS |  
2019-08-22 07:03:34,244 | INFO  | DNAudit | user=null | ip=null | op=WRITE_CHUNK {blockData=conID: 1 locID: 102659353099108901 bcsId: 0} | ret=SUCCESS |  
2019-08-22 07:03:34,247 | INFO  | DNAudit | user=null | ip=null | op=WRITE_CHUNK {blockData=conID: 1 locID: 102659353099108901 bcsId: 0} | ret=SUCCESS |  
2019-08-22 07:03:34,247 | INFO  | DNAudit | user=null | ip=null | op=WRITE_CHUNK {blockData=conID: 1 locID: 102659353099108901 bcsId: 0} | ret=SUCCESS |  
2019-08-22 07:03:34,253 | INFO  | DNAudit | user=null | ip=null | op=WRITE_CHUNK {blockData=conID: 1 locID: 102659353099108901 bcsId: 0} | ret=SUCCESS |  
2019-08-22 07:03:34,254 | INFO  | DNAudit | user=null | ip=null | op=PUT_BLOCK {blockData=[blockId=conID: 1 locID: 102659353099108901 bcsId: 0,size=1048576]} | ret=SUCCESS |  
2019-08-22 07:03:34,254 [grpc-default-executor-0] INFO  client.GrpcClientProtocolClient (GrpcClientProtocolClient.java:onNext(255)) - client-CF63D631FA17->3cf1264f-5f6b-4138-aeee-2ff7d4522ead: receive RaftClientReply:client-CF63D631FA17->3cf1264f-5f6b-4138-aeee-2ff7d4522ead@group-561E16522154, cid=2047, SUCCESS, logIndex=3008, commits[3cf1264f-5f6b-4138-aeee-2ff7d4522ead:c3009, 4f0d1a15-8f14-4d9a-ad4f-8211e1245b5d:c3007, 6999f20e-c3f7-4db4-87ca-141c476f2a88:c3007]
2019-08-22 07:03:34,254 | INFO  | DNAudit | user=null | ip=null | op=WRITE_CHUNK {blockData=conID: 1 locID: 102659353099108901 bcsId: 0} | ret=SUCCESS |  
2019-08-22 07:03:34,254 | INFO  | DNAudit | user=null | ip=null | op=PUT_BLOCK {blockData=[blockId=conID: 1 locID: 102659353099108901 bcsId: 0,size=2097152]} | ret=SUCCESS |  
2019-08-22 07:03:34,257 [grpc-default-executor-0] INFO  client.GrpcClientProtocolClient (GrpcClientProtocolClient.java:onNext(255)) - client-CF63D631FA17->3cf1264f-5f6b-4138-aeee-2ff7d4522ead: receive RaftClientReply:client-CF63D631FA17->3cf1264f-5f6b-4138-aeee-2ff7d4522ead@group-561E16522154, cid=2048, SUCCESS, logIndex=3009, commits[3cf1264f-5f6b-4138-aeee-2ff7d4522ead:c3010, 4f0d1a15-8f14-4d9a-ad4f-8211e1245b5d:c3007, 6999f20e-c3f7-4db4-87ca-141c476f2a88:c3007]
2019-08-22 07:03:34,257 [grpc-default-executor-0] INFO  client.GrpcClientProtocolClient (GrpcClientProtocolClient.java:onNext(255)) - client-CF63D631FA17->3cf1264f-5f6b-4138-aeee-2ff7d4522ead: receive RaftClientReply:client-CF63D631FA17->3cf1264f-5f6b-4138-aeee-2ff7d4522ead@group-561E16522154, cid=2049, SUCCESS, logIndex=3010, commits[3cf1264f-5f6b-4138-aeee-2ff7d4522ead:c3011, 4f0d1a15-8f14-4d9a-ad4f-8211e1245b5d:c3007, 6999f20e-c3f7-4db4-87ca-141c476f2a88:c3007]
2019-08-22 07:03:34,257 [grpc-default-executor-0] INFO  client.GrpcClientProtocolClient (GrpcClientProtocolClient.java:onNext(255)) - client-CF63D631FA17->3cf1264f-5f6b-4138-aeee-2ff7d4522ead: receive RaftClientReply:client-CF63D631FA17->3cf1264f-5f6b-4138-aeee-2ff7d4522ead@group-561E16522154, cid=2050, SUCCESS, logIndex=3011, commits[3cf1264f-5f6b-4138-aeee-2ff7d4522ead:c3011, 4f0d1a15-8f14-4d9a-ad4f-8211e1245b5d:c3007, 6999f20e-c3f7-4db4-87ca-141c476f2a88:c3007]
2019-08-22 07:03:34,267 | INFO  | DNAudit | user=null | ip=null | op=WRITE_CHUNK {blockData=conID: 1 locID: 102659353099108901 bcsId: 0} | ret=SUCCESS |  
2019-08-22 07:03:34,267 | INFO  | DNAudit | user=null | ip=null | op=PUT_BLOCK {blockData=[blockId=conID: 1 locID: 102659353099108901 bcsId: 0,size=1048576]} | ret=SUCCESS |  
2019-08-22 07:03:34,267 | INFO  | DNAudit | user=null | ip=null | op=WRITE_CHUNK {blockData=conID: 1 locID: 102659353099108901 bcsId: 0} | ret=SUCCESS |  
2019-08-22 07:03:34,267 | INFO  | DNAudit | user=null | ip=null | op=PUT_BLOCK {blockData=[blockId=conID: 1 locID: 102659353099108901 bcsId: 0,size=1048576]} | ret=SUCCESS |  
2019-08-22 07:03:34,268 | INFO  | DNAudit | user=null | ip=null | op=WRITE_CHUNK {blockData=conID: 1 locID: 102659353099108901 bcsId: 0} | ret=SUCCESS |  
2019-08-22 07:03:34,268 | INFO  | DNAudit | user=null | ip=null | op=WRITE_CHUNK {blockData=conID: 1 locID: 102659353099108901 bcsId: 0} | ret=SUCCESS |  
2019-08-22 07:03:34,268 | INFO  | DNAudit | user=null | ip=null | op=PUT_BLOCK {blockData=[blockId=conID: 1 locID: 102659353099108901 bcsId: 0,size=2097152]} | ret=SUCCESS |  
2019-08-22 07:03:34,268 [grpc-default-executor-0] INFO  client.GrpcClientProtocolClient (GrpcClientProtocolClient.java:onNext(255)) - client-CF63D631FA17->3cf1264f-5f6b-4138-aeee-2ff7d4522ead: receive RaftClientReply:client-CF63D631FA17->3cf1264f-5f6b-4138-aeee-2ff7d4522ead@group-561E16522154, cid=2051, SUCCESS, logIndex=0, commits[3cf1264f-5f6b-4138-aeee-2ff7d4522ead:c3013, 4f0d1a15-8f14-4d9a-ad4f-8211e1245b5d:c3009, 6999f20e-c3f7-4db4-87ca-141c476f2a88:c3009]
2019-08-22 07:03:34,268 | INFO  | DNAudit | user=null | ip=null | op=PUT_BLOCK {blockData=[blockId=conID: 1 locID: 102659353099108901 bcsId: 0,size=2097152]} | ret=SUCCESS |  
2019-08-22 07:03:34,274 | INFO  | DNAudit | user=null | ip=null | op=WRITE_CHUNK {blockData=conID: 1 locID: 102659353099108901 bcsId: 3011} | ret=SUCCESS |  
2019-08-22 07:03:34,276 | INFO  | DNAudit | user=null | ip=null | op=WRITE_CHUNK {blockData=conID: 1 locID: 102659353099108901 bcsId: 3011} | ret=SUCCESS |  
2019-08-22 07:03:34,277 | INFO  | DNAudit | user=null | ip=null | op=WRITE_CHUNK {blockData=conID: 1 locID: 102659353099108901 bcsId: 3011} | ret=SUCCESS |  
2019-08-22 07:03:34,286 | INFO  | DNAudit | user=null | ip=null | op=WRITE_CHUNK {blockData=conID: 1 locID: 102659353099108901 bcsId: 3011} | ret=SUCCESS |  
2019-08-22 07:03:34,287 | INFO  | DNAudit | user=null | ip=null | op=PUT_BLOCK {blockData=[blockId=conID: 1 locID: 102659353099108901 bcsId: 0,size=3145728]} | ret=SUCCESS |  
2019-08-22 07:03:34,287 [grpc-default-executor-1] INFO  client.GrpcClientProtocolClient (GrpcClientProtocolClient.java:onNext(255)) - client-CF63D631FA17->3cf1264f-5f6b-4138-aeee-2ff7d4522ead: receive RaftClientReply:client-CF63D631FA17->3cf1264f-5f6b-4138-aeee-2ff7d4522ead@group-561E16522154, cid=2052, SUCCESS, logIndex=3016, commits[3cf1264f-5f6b-4138-aeee-2ff7d4522ead:c3017, 4f0d1a15-8f14-4d9a-ad4f-8211e1245b5d:c3015, 6999f20e-c3f7-4db4-87ca-141c476f2a88:c3015]
2019-08-22 07:03:34,287 [grpc-default-executor-1] INFO  client.GrpcClientProtocolClient (GrpcClientProtocolClient.java:onNext(255)) - client-CF63D631FA17->3cf1264f-5f6b-4138-aeee-2ff7d4522ead: receive RaftClientReply:client-CF63D631FA17->3cf1264f-5f6b-4138-aeee-2ff7d4522ead@group-561E16522154, cid=2053, SUCCESS, logIndex=3017, commits[3cf1264f-5f6b-4138-aeee-2ff7d4522ead:c3017, 4f0d1a15-8f14-4d9a-ad4f-8211e1245b5d:c3015, 6999f20e-c3f7-4db4-87ca-141c476f2a88:c3015]
2019-08-22 07:03:34,294 | INFO  | DNAudit | user=null | ip=null | op=WRITE_CHUNK {blockData=conID: 1 locID: 102659353099108901 bcsId: 3017} | ret=SUCCESS |  
2019-08-22 07:03:34,296 | INFO  | DNAudit | user=null | ip=null | op=WRITE_CHUNK {blockData=conID: 1 locID: 102659353099108901 bcsId: 3017} | ret=SUCCESS |  
2019-08-22 07:03:34,297 | INFO  | DNAudit | user=null | ip=null | op=WRITE_CHUNK {blockData=conID: 1 locID: 102659353099108901 bcsId: 3017} | ret=SUCCESS |  
2019-08-22 07:03:34,298 | INFO  | DNAudit | user=null | ip=null | op=WRITE_CHUNK {blockData=conID: 1 locID: 102659353099108901 bcsId: 3011} | ret=SUCCESS |  
2019-08-22 07:03:34,298 | INFO  | DNAudit | user=null | ip=null | op=WRITE_CHUNK {blockData=conID: 1 locID: 102659353099108901 bcsId: 3011} | ret=SUCCESS |  
2019-08-22 07:03:34,298 | INFO  | DNAudit | user=null | ip=null | op=PUT_BLOCK {blockData=[blockId=conID: 1 locID: 102659353099108901 bcsId: 0,size=3145728]} | ret=SUCCESS |  
2019-08-22 07:03:34,299 | INFO  | DNAudit | user=null | ip=null | op=PUT_BLOCK {blockData=[blockId=conID: 1 locID: 102659353099108901 bcsId: 0,size=3145728]} | ret=SUCCESS |  
2019-08-22 07:03:34,300 | INFO  | DNAudit | user=null | ip=null | op=WRITE_CHUNK {blockData=conID: 1 locID: 102659353099108901 bcsId: 3017} | ret=SUCCESS |  
2019-08-22 07:03:34,300 | INFO  | DNAudit | user=null | ip=null | op=PUT_BLOCK {blockData=[blockId=conID: 1 locID: 102659353099108901 bcsId: 0,size=4194304]} | ret=SUCCESS |  
2019-08-22 07:03:34,300 [grpc-default-executor-1] INFO  client.GrpcClientProtocolClient (GrpcClientProtocolClient.java:onNext(255)) - client-CF63D631FA17->3cf1264f-5f6b-4138-aeee-2ff7d4522ead: receive RaftClientReply:client-CF63D631FA17->3cf1264f-5f6b-4138-aeee-2ff7d4522ead@group-561E16522154, cid=2054, SUCCESS, logIndex=3020, commits[3cf1264f-5f6b-4138-aeee-2ff7d4522ead:c3021, 4f0d1a15-8f14-4d9a-ad4f-8211e1245b5d:c3017, 6999f20e-c3f7-4db4-87ca-141c476f2a88:c3017]
2019-08-22 07:03:34,301 [grpc-default-executor-1] INFO  client.GrpcClientProtocolClient (GrpcClientProtocolClient.java:onNext(255)) - client-CF63D631FA17->3cf1264f-5f6b-4138-aeee-2ff7d4522ead: receive RaftClientReply:client-CF63D631FA17->3cf1264f-5f6b-4138-aeee-2ff7d4522ead@group-561E16522154, cid=2055, SUCCESS, logIndex=3021, commits[3cf1264f-5f6b-4138-aeee-2ff7d4522ead:c3021, 4f0d1a15-8f14-4d9a-ad4f-8211e1245b5d:c3017, 6999f20e-c3f7-4db4-87ca-141c476f2a88:c3017]
2019-08-22 07:03:34,301 | INFO  | DNAudit | user=null | ip=null | op=WRITE_CHUNK {blockData=conID: 1 locID: 102659353099108901 bcsId: 3017} | ret=SUCCESS |  
2019-08-22 07:03:34,301 | INFO  | DNAudit | user=null | ip=null | op=WRITE_CHUNK {blockData=conID: 1 locID: 102659353099108901 bcsId: 3017} | ret=SUCCESS |  
2019-08-22 07:03:34,302 | INFO  | DNAudit | user=null | ip=null | op=PUT_BLOCK {blockData=[blockId=conID: 1 locID: 102659353099108901 bcsId: 0,size=4194304]} | ret=SUCCESS |  
2019-08-22 07:03:34,302 | INFO  | DNAudit | user=null | ip=null | op=PUT_BLOCK {blockData=[blockId=conID: 1 locID: 102659353099108901 bcsId: 0,size=4194304]} | ret=SUCCESS |  
2019-08-22 07:03:34,303 [grpc-default-executor-5] INFO  client.GrpcClientProtocolClient (GrpcClientProtocolClient.java:onNext(255)) - client-CF63D631FA17->3cf1264f-5f6b-4138-aeee-2ff7d4522ead: receive RaftClientReply:client-CF63D631FA17->3cf1264f-5f6b-4138-aeee-2ff7d4522ead@group-561E16522154, cid=2056, SUCCESS, logIndex=0, commits[3cf1264f-5f6b-4138-aeee-2ff7d4522ead:c3023, 4f0d1a15-8f14-4d9a-ad4f-8211e1245b5d:c3021, 6999f20e-c3f7-4db4-87ca-141c476f2a88:c3021]
2019-08-22 07:03:34,308 | INFO  | SCMAudit | user=jenkins1000 | ip=192.168.34.31 | op=ALLOCATE_BLOCK {owner=04b6d46a-98e2-41b1-9f38-1870289993ea, size=4194304, type=RATIS, factor=THREE} | ret=SUCCESS |  
2019-08-22 07:03:34,311 | INFO  | OMAudit | user=jenkins1000 | ip=127.0.0.1 | op=ALLOCATE_BLOCK {volume=vol-0-14906, bucket=bucket-0-53153, key=key-0-33222, dataSize=0, replicationType=null, replicationFactor=null, keyLocationInfo=null, clientID=102659352017764754} | ret=SUCCESS |  
2019-08-22 07:03:34,318 | INFO  | DNAudit | user=null | ip=null | op=WRITE_CHUNK {blockData=conID: 2 locID: 102659353104089638 bcsId: 0} | ret=SUCCESS |  
2019-08-22 07:03:34,492 | INFO  | DNAudit | user=null | ip=null | op=WRITE_CHUNK {blockData=conID: 2 locID: 102659353104089638 bcsId: 0} | ret=SUCCESS |  
2019-08-22 07:03:34,492 | INFO  | DNAudit | user=null | ip=null | op=WRITE_CHUNK {blockData=conID: 2 locID: 102659353104089638 bcsId: 0} | ret=SUCCESS |  
2019-08-22 07:03:34,492 | INFO  | DNAudit | user=null | ip=null | op=WRITE_CHUNK {blockData=conID: 2 locID: 102659353104089638 bcsId: 0} | ret=SUCCESS |  
2019-08-22 07:03:34,495 | INFO  | DNAudit | user=null | ip=null | op=WRITE_CHUNK {blockData=conID: 2 locID: 102659353104089638 bcsId: 0} | ret=SUCCESS |  
2019-08-22 07:03:34,495 | INFO  | DNAudit | user=null | ip=null | op=WRITE_CHUNK {blockData=conID: 2 locID: 102659353104089638 bcsId: 0} | ret=SUCCESS |  
2019-08-22 07:03:34,511 | INFO  | DNAudit | user=null | ip=null | op=WRITE_CHUNK {blockData=conID: 2 locID: 102659353104089638 bcsId: 0} | ret=SUCCESS |  
2019-08-22 07:03:34,511 | INFO  | DNAudit | user=null | ip=null | op=PUT_BLOCK {blockData=[blockId=conID: 2 locID: 102659353104089638 bcsId: 0,size=1048576]} | ret=SUCCESS |  
2019-08-22 07:03:34,512 [grpc-default-executor-0] INFO  client.GrpcClientProtocolClient (GrpcClientProtocolClient.java:onNext(255)) - client-CF63D631FA17->3cf1264f-5f6b-4138-aeee-2ff7d4522ead: receive RaftClientReply:client-CF63D631FA17->3cf1264f-5f6b-4138-aeee-2ff7d4522ead@group-561E16522154, cid=2057, SUCCESS, logIndex=3024, commits[3cf1264f-5f6b-4138-aeee-2ff7d4522ead:c3026, 4f0d1a15-8f14-4d9a-ad4f-8211e1245b5d:c3023, 6999f20e-c3f7-4db4-87ca-141c476f2a88:c3023]
2019-08-22 07:03:34,512 | INFO  | DNAudit | user=null | ip=null | op=WRITE_CHUNK {blockData=conID: 2 locID: 102659353104089638 bcsId: 0} | ret=SUCCESS |  
2019-08-22 07:03:34,512 [grpc-default-executor-0] INFO  client.GrpcClientProtocolClient (GrpcClientProtocolClient.java:onNext(255)) - client-CF63D631FA17->3cf1264f-5f6b-4138-aeee-2ff7d4522ead: receive RaftClientReply:client-CF63D631FA17->3cf1264f-5f6b-4138-aeee-2ff7d4522ead@group-561E16522154, cid=2058, SUCCESS, logIndex=3025, commits[3cf1264f-5f6b-4138-aeee-2ff7d4522ead:c3027, 4f0d1a15-8f14-4d9a-ad4f-8211e1245b5d:c3023, 6999f20e-c3f7-4db4-87ca-141c476f2a88:c3023]
2019-08-22 07:03:34,512 | INFO  | DNAudit | user=null | ip=null | op=PUT_BLOCK {blockData=[blockId=conID: 2 locID: 102659353104089638 bcsId: 0,size=2097152]} | ret=SUCCESS |  
2019-08-22 07:03:34,513 [grpc-default-executor-0] INFO  client.GrpcClientProtocolClient (GrpcClientProtocolClient.java:onNext(255)) - client-CF63D631FA17->3cf1264f-5f6b-4138-aeee-2ff7d4522ead: receive RaftClientReply:client-CF63D631FA17->3cf1264f-5f6b-4138-aeee-2ff7d4522ead@group-561E16522154, cid=2059, SUCCESS, logIndex=3026, commits[3cf1264f-5f6b-4138-aeee-2ff7d4522ead:c3027, 4f0d1a15-8f14-4d9a-ad4f-8211e1245b5d:c3023, 6999f20e-c3f7-4db4-87ca-141c476f2a88:c3023]
2019-08-22 07:03:34,513 [grpc-default-executor-0] INFO  client.GrpcClientProtocolClient (GrpcClientProtocolClient.java:onNext(255)) - client-CF63D631FA17->3cf1264f-5f6b-4138-aeee-2ff7d4522ead: receive RaftClientReply:client-CF63D631FA17->3cf1264f-5f6b-4138-aeee-2ff7d4522ead@group-561E16522154, cid=2060, SUCCESS, logIndex=3027, commits[3cf1264f-5f6b-4138-aeee-2ff7d4522ead:c3027, 4f0d1a15-8f14-4d9a-ad4f-8211e1245b5d:c3023, 6999f20e-c3f7-4db4-87ca-141c476f2a88:c3023]
2019-08-22 07:03:34,522 | INFO  | DNAudit | user=null | ip=null | op=WRITE_CHUNK {blockData=conID: 2 locID: 102659353104089638 bcsId: 0} | ret=SUCCESS |  
2019-08-22 07:03:34,523 | INFO  | DNAudit | user=null | ip=null | op=WRITE_CHUNK {blockData=conID: 2 locID: 102659353104089638 bcsId: 0} | ret=SUCCESS |  
2019-08-22 07:03:34,523 | INFO  | DNAudit | user=null | ip=null | op=PUT_BLOCK {blockData=[blockId=conID: 2 locID: 102659353104089638 bcsId: 0,size=1048576]} | ret=SUCCESS |  
2019-08-22 07:03:34,523 | INFO  | DNAudit | user=null | ip=null | op=PUT_BLOCK {blockData=[blockId=conID: 2 locID: 102659353104089638 bcsId: 0,size=1048576]} | ret=SUCCESS |  
2019-08-22 07:03:34,523 | INFO  | DNAudit | user=null | ip=null | op=WRITE_CHUNK {blockData=conID: 2 locID: 102659353104089638 bcsId: 0} | ret=SUCCESS |  
2019-08-22 07:03:34,524 | INFO  | DNAudit | user=null | ip=null | op=WRITE_CHUNK {blockData=conID: 2 locID: 102659353104089638 bcsId: 0} | ret=SUCCESS |  
2019-08-22 07:03:34,524 | INFO  | DNAudit | user=null | ip=null | op=PUT_BLOCK {blockData=[blockId=conID: 2 locID: 102659353104089638 bcsId: 0,size=2097152]} | ret=SUCCESS |  
2019-08-22 07:03:34,524 | INFO  | DNAudit | user=null | ip=null | op=PUT_BLOCK {blockData=[blockId=conID: 2 locID: 102659353104089638 bcsId: 0,size=2097152]} | ret=SUCCESS |  
2019-08-22 07:03:34,524 [grpc-default-executor-0] INFO  client.GrpcClientProtocolClient (GrpcClientProtocolClient.java:onNext(255)) - client-CF63D631FA17->3cf1264f-5f6b-4138-aeee-2ff7d4522ead: receive RaftClientReply:client-CF63D631FA17->3cf1264f-5f6b-4138-aeee-2ff7d4522ead@group-561E16522154, cid=2061, SUCCESS, logIndex=0, commits[3cf1264f-5f6b-4138-aeee-2ff7d4522ead:c3031, 4f0d1a15-8f14-4d9a-ad4f-8211e1245b5d:c3025, 6999f20e-c3f7-4db4-87ca-141c476f2a88:c3027]
2019-08-22 07:03:34,533 | INFO  | DNAudit | user=null | ip=null | op=WRITE_CHUNK {blockData=conID: 2 locID: 102659353104089638 bcsId: 3027} | ret=SUCCESS |  
2019-08-22 07:03:34,536 | INFO  | DNAudit | user=null | ip=null | op=WRITE_CHUNK {blockData=conID: 2 locID: 102659353104089638 bcsId: 3027} | ret=SUCCESS |  
2019-08-22 07:03:34,536 | INFO  | DNAudit | user=null | ip=null | op=WRITE_CHUNK {blockData=conID: 2 locID: 102659353104089638 bcsId: 3027} | ret=SUCCESS |  
2019-08-22 07:03:34,546 | INFO  | DNAudit | user=null | ip=null | op=WRITE_CHUNK {blockData=conID: 2 locID: 102659353104089638 bcsId: 3027} | ret=SUCCESS |  
2019-08-22 07:03:34,546 | INFO  | DNAudit | user=null | ip=null | op=PUT_BLOCK {blockData=[blockId=conID: 2 locID: 102659353104089638 bcsId: 0,size=3145728]} | ret=SUCCESS |  
2019-08-22 07:03:34,547 [grpc-default-executor-0] INFO  client.GrpcClientProtocolClient (GrpcClientProtocolClient.java:onNext(255)) - client-CF63D631FA17->3cf1264f-5f6b-4138-aeee-2ff7d4522ead: receive RaftClientReply:client-CF63D631FA17->3cf1264f-5f6b-4138-aeee-2ff7d4522ead@group-561E16522154, cid=2062, SUCCESS, logIndex=3032, commits[3cf1264f-5f6b-4138-aeee-2ff7d4522ead:c3033, 4f0d1a15-8f14-4d9a-ad4f-8211e1245b5d:c3031, 6999f20e-c3f7-4db4-87ca-141c476f2a88:c3031]
2019-08-22 07:03:34,547 [grpc-default-executor-0] INFO  client.GrpcClientProtocolClient (GrpcClientProtocolClient.java:onNext(255)) - client-CF63D631FA17->3cf1264f-5f6b-4138-aeee-2ff7d4522ead: receive RaftClientReply:client-CF63D631FA17->3cf1264f-5f6b-4138-aeee-2ff7d4522ead@group-561E16522154, cid=2063, SUCCESS, logIndex=3033, commits[3cf1264f-5f6b-4138-aeee-2ff7d4522ead:c3033, 4f0d1a15-8f14-4d9a-ad4f-8211e1245b5d:c3031, 6999f20e-c3f7-4db4-87ca-141c476f2a88:c3031]
2019-08-22 07:03:34,555 | INFO  | DNAudit | user=null | ip=null | op=WRITE_CHUNK {blockData=conID: 2 locID: 102659353104089638 bcsId: 3033} | ret=SUCCESS |  
2019-08-22 07:03:34,558 | INFO  | DNAudit | user=null | ip=null | op=WRITE_CHUNK {blockData=conID: 2 locID: 102659353104089638 bcsId: 3033} | ret=SUCCESS |  
2019-08-22 07:03:34,558 | INFO  | DNAudit | user=null | ip=null | op=WRITE_CHUNK {blockData=conID: 2 locID: 102659353104089638 bcsId: 3033} | ret=SUCCESS |  
2019-08-22 07:03:34,582 | INFO  | DNAudit | user=null | ip=null | op=WRITE_CHUNK {blockData=conID: 2 locID: 102659353104089638 bcsId: 3027} | ret=SUCCESS |  
2019-08-22 07:03:34,583 | INFO  | DNAudit | user=null | ip=null | op=WRITE_CHUNK {blockData=conID: 2 locID: 102659353104089638 bcsId: 3027} | ret=SUCCESS |  
2019-08-22 07:03:34,583 | INFO  | DNAudit | user=null | ip=null | op=PUT_BLOCK {blockData=[blockId=conID: 2 locID: 102659353104089638 bcsId: 0,size=3145728]} | ret=SUCCESS |  
2019-08-22 07:03:34,584 | INFO  | DNAudit | user=null | ip=null | op=WRITE_CHUNK {blockData=conID: 2 locID: 102659353104089638 bcsId: 3033} | ret=SUCCESS |  
2019-08-22 07:03:34,584 | INFO  | DNAudit | user=null | ip=null | op=PUT_BLOCK {blockData=[blockId=conID: 2 locID: 102659353104089638 bcsId: 0,size=3145728]} | ret=SUCCESS |  
2019-08-22 07:03:34,584 | INFO  | DNAudit | user=null | ip=null | op=PUT_BLOCK {blockData=[blockId=conID: 2 locID: 102659353104089638 bcsId: 0,size=4194304]} | ret=SUCCESS |  
2019-08-22 07:03:34,585 [grpc-default-executor-1] INFO  client.GrpcClientProtocolClient (GrpcClientProtocolClient.java:onNext(255)) - client-CF63D631FA17->3cf1264f-5f6b-4138-aeee-2ff7d4522ead: receive RaftClientReply:client-CF63D631FA17->3cf1264f-5f6b-4138-aeee-2ff7d4522ead@group-561E16522154, cid=2064, SUCCESS, logIndex=3036, commits[3cf1264f-5f6b-4138-aeee-2ff7d4522ead:c3037, 4f0d1a15-8f14-4d9a-ad4f-8211e1245b5d:c3033, 6999f20e-c3f7-4db4-87ca-141c476f2a88:c3032]
2019-08-22 07:03:34,585 [grpc-default-executor-1] INFO  client.GrpcClientProtocolClient (GrpcClientProtocolClient.java:onNext(255)) - client-CF63D631FA17->3cf1264f-5f6b-4138-aeee-2ff7d4522ead: receive RaftClientReply:client-CF63D631FA17->3cf1264f-5f6b-4138-aeee-2ff7d4522ead@group-561E16522154, cid=2065, SUCCESS, logIndex=3037, commits[3cf1264f-5f6b-4138-aeee-2ff7d4522ead:c3037, 4f0d1a15-8f14-4d9a-ad4f-8211e1245b5d:c3033, 6999f20e-c3f7-4db4-87ca-141c476f2a88:c3033]
2019-08-22 07:03:34,588 | INFO  | DNAudit | user=null | ip=null | op=WRITE_CHUNK {blockData=conID: 2 locID: 102659353104089638 bcsId: 3033} | ret=SUCCESS |  
2019-08-22 07:03:34,588 | INFO  | DNAudit | user=null | ip=null | op=WRITE_CHUNK {blockData=conID: 2 locID: 102659353104089638 bcsId: 3033} | ret=SUCCESS |  
2019-08-22 07:03:34,589 | INFO  | DNAudit | user=null | ip=null | op=PUT_BLOCK {blockData=[blockId=conID: 2 locID: 102659353104089638 bcsId: 0,size=4194304]} | ret=SUCCESS |  
2019-08-22 07:03:34,591 | INFO  | DNAudit | user=null | ip=null | op=PUT_BLOCK {blockData=[blockId=conID: 2 locID: 102659353104089638 bcsId: 0,size=4194304]} | ret=SUCCESS |  
2019-08-22 07:03:34,592 [grpc-default-executor-1] INFO  client.GrpcClientProtocolClient (GrpcClientProtocolClient.java:onNext(255)) - client-CF63D631FA17->3cf1264f-5f6b-4138-aeee-2ff7d4522ead: receive RaftClientReply:client-CF63D631FA17->3cf1264f-5f6b-4138-aeee-2ff7d4522ead@group-561E16522154, cid=2066, SUCCESS, logIndex=0, commits[3cf1264f-5f6b-4138-aeee-2ff7d4522ead:c3039, 4f0d1a15-8f14-4d9a-ad4f-8211e1245b5d:c3037, 6999f20e-c3f7-4db4-87ca-141c476f2a88:c3037]
2019-08-22 07:03:34,597 | INFO  | SCMAudit | user=jenkins1000 | ip=192.168.34.31 | op=ALLOCATE_BLOCK {owner=04b6d46a-98e2-41b1-9f38-1870289993ea, size=4194304, type=RATIS, factor=THREE} | ret=SUCCESS |  
2019-08-22 07:03:34,601 | INFO  | OMAudit | user=jenkins1000 | ip=127.0.0.1 | op=ALLOCATE_BLOCK {volume=vol-0-14906, bucket=bucket-0-53153, key=key-0-33222, dataSize=0, replicationType=null, replicationFactor=null, keyLocationInfo=null, clientID=102659352017764754} | ret=SUCCESS |  
2019-08-22 07:03:34,609 | INFO  | DNAudit | user=null | ip=null | op=WRITE_CHUNK {blockData=conID: 3 locID: 102659353123029543 bcsId: 0} | ret=SUCCESS |  
2019-08-22 07:03:34,613 | INFO  | DNAudit | user=null | ip=null | op=WRITE_CHUNK {blockData=conID: 3 locID: 102659353123029543 bcsId: 0} | ret=SUCCESS |  
2019-08-22 07:03:34,614 | INFO  | DNAudit | user=null | ip=null | op=WRITE_CHUNK {blockData=conID: 3 locID: 102659353123029543 bcsId: 0} | ret=SUCCESS |  
2019-08-22 07:03:34,614 | INFO  | DNAudit | user=null | ip=null | op=WRITE_CHUNK {blockData=conID: 3 locID: 102659353123029543 bcsId: 0} | ret=SUCCESS |  
2019-08-22 07:03:34,616 | INFO  | DNAudit | user=null | ip=null | op=WRITE_CHUNK {blockData=conID: 3 locID: 102659353123029543 bcsId: 0} | ret=SUCCESS |  
2019-08-22 07:03:34,616 | INFO  | DNAudit | user=null | ip=null | op=WRITE_CHUNK {blockData=conID: 3 locID: 102659353123029543 bcsId: 0} | ret=SUCCESS |  
2019-08-22 07:03:34,619 | INFO  | DNAudit | user=null | ip=null | op=WRITE_CHUNK {blockData=conID: 3 locID: 102659353123029543 bcsId: 0} | ret=SUCCESS |  
2019-08-22 07:03:34,620 | INFO  | DNAudit | user=null | ip=null | op=PUT_BLOCK {blockData=[blockId=conID: 3 locID: 102659353123029543 bcsId: 0,size=1048576]} | ret=SUCCESS |  
2019-08-22 07:03:34,620 [grpc-default-executor-5] INFO  client.GrpcClientProtocolClient (GrpcClientProtocolClient.java:onNext(255)) - client-CF63D631FA17->3cf1264f-5f6b-4138-aeee-2ff7d4522ead: receive RaftClientReply:client-CF63D631FA17->3cf1264f-5f6b-4138-aeee-2ff7d4522ead@group-561E16522154, cid=2067, SUCCESS, logIndex=3040, commits[3cf1264f-5f6b-4138-aeee-2ff7d4522ead:c3043, 4f0d1a15-8f14-4d9a-ad4f-8211e1245b5d:c3039, 6999f20e-c3f7-4db4-87ca-141c476f2a88:c3037]
2019-08-22 07:03:34,620 | INFO  | DNAudit | user=null | ip=null | op=WRITE_CHUNK {blockData=conID: 3 locID: 102659353123029543 bcsId: 0} | ret=SUCCESS |  
2019-08-22 07:03:34,620 | INFO  | DNAudit | user=null | ip=null | op=WRITE_CHUNK {blockData=conID: 3 locID: 102659353123029543 bcsId: 0} | ret=SUCCESS |  
2019-08-22 07:03:34,621 | INFO  | DNAudit | user=null | ip=null | op=PUT_BLOCK {blockData=[blockId=conID: 3 locID: 102659353123029543 bcsId: 0,size=1048576]} | ret=SUCCESS |  
2019-08-22 07:03:34,620 [grpc-default-executor-5] INFO  client.GrpcClientProtocolClient (GrpcClientProtocolClient.java:onNext(255)) - client-CF63D631FA17->3cf1264f-5f6b-4138-aeee-2ff7d4522ead: receive RaftClientReply:client-CF63D631FA17->3cf1264f-5f6b-4138-aeee-2ff7d4522ead@group-561E16522154, cid=2068, SUCCESS, logIndex=3041, commits[3cf1264f-5f6b-4138-aeee-2ff7d4522ead:c3043, 4f0d1a15-8f14-4d9a-ad4f-8211e1245b5d:c3039, 6999f20e-c3f7-4db4-87ca-141c476f2a88:c3039]
2019-08-22 07:03:34,621 | INFO  | DNAudit | user=null | ip=null | op=PUT_BLOCK {blockData=[blockId=conID: 3 locID: 102659353123029543 bcsId: 0,size=2097152]} | ret=SUCCESS |  
2019-08-22 07:03:34,621 | INFO  | DNAudit | user=null | ip=null | op=WRITE_CHUNK {blockData=conID: 3 locID: 102659353123029543 bcsId: 0} | ret=SUCCESS |  
2019-08-22 07:03:34,621 | INFO  | DNAudit | user=null | ip=null | op=PUT_BLOCK {blockData=[blockId=conID: 3 locID: 102659353123029543 bcsId: 0,size=1048576]} | ret=SUCCESS |  
2019-08-22 07:03:34,621 [grpc-default-executor-5] INFO  client.GrpcClientProtocolClient (GrpcClientProtocolClient.java:onNext(255)) - client-CF63D631FA17->3cf1264f-5f6b-4138-aeee-2ff7d4522ead: receive RaftClientReply:client-CF63D631FA17->3cf1264f-5f6b-4138-aeee-2ff7d4522ead@group-561E16522154, cid=2069, SUCCESS, logIndex=3042, commits[3cf1264f-5f6b-4138-aeee-2ff7d4522ead:c3044, 4f0d1a15-8f14-4d9a-ad4f-8211e1245b5d:c3041, 6999f20e-c3f7-4db4-87ca-141c476f2a88:c3039]
2019-08-22 07:03:34,621 | INFO  | DNAudit | user=null | ip=null | op=WRITE_CHUNK {blockData=conID: 3 locID: 102659353123029543 bcsId: 0} | ret=SUCCESS |  
2019-08-22 07:03:34,622 | INFO  | DNAudit | user=null | ip=null | op=PUT_BLOCK {blockData=[blockId=conID: 3 locID: 102659353123029543 bcsId: 0,size=2097152]} | ret=SUCCESS |  
2019-08-22 07:03:34,622 [grpc-default-executor-1] INFO  client.GrpcClientProtocolClient (GrpcClientProtocolClient.java:onNext(255)) - client-CF63D631FA17->3cf1264f-5f6b-4138-aeee-2ff7d4522ead: receive RaftClientReply:client-CF63D631FA17->3cf1264f-5f6b-4138-aeee-2ff7d4522ead@group-561E16522154, cid=2070, SUCCESS, logIndex=3043, commits[3cf1264f-5f6b-4138-aeee-2ff7d4522ead:c3044, 4f0d1a15-8f14-4d9a-ad4f-8211e1245b5d:c3041, 6999f20e-c3f7-4db4-87ca-141c476f2a88:c3041]
2019-08-22 07:03:34,622 | INFO  | DNAudit | user=null | ip=null | op=WRITE_CHUNK {blockData=conID: 3 locID: 102659353123029543 bcsId: 0} | ret=SUCCESS |  
2019-08-22 07:03:34,623 | INFO  | DNAudit | user=null | ip=null | op=PUT_BLOCK {blockData=[blockId=conID: 3 locID: 102659353123029543 bcsId: 0,size=2097152]} | ret=SUCCESS |  
2019-08-22 07:03:34,630 | INFO  | DNAudit | user=null | ip=null | op=WRITE_CHUNK {blockData=conID: 3 locID: 102659353123029543 bcsId: 3043} | ret=SUCCESS |  
2019-08-22 07:03:34,633 | INFO  | DNAudit | user=null | ip=null | op=WRITE_CHUNK {blockData=conID: 3 locID: 102659353123029543 bcsId: 3043} | ret=SUCCESS |  
2019-08-22 07:03:34,633 | INFO  | DNAudit | user=null | ip=null | op=WRITE_CHUNK {blockData=conID: 3 locID: 102659353123029543 bcsId: 3043} | ret=SUCCESS |  
2019-08-22 07:03:34,636 | INFO  | DNAudit | user=null | ip=null | op=WRITE_CHUNK {blockData=conID: 3 locID: 102659353123029543 bcsId: 3043} | ret=SUCCESS |  
2019-08-22 07:03:34,636 | INFO  | DNAudit | user=null | ip=null | op=PUT_BLOCK {blockData=[blockId=conID: 3 locID: 102659353123029543 bcsId: 0,size=3145728]} | ret=SUCCESS |  
2019-08-22 07:03:34,636 [grpc-default-executor-0] INFO  client.GrpcClientProtocolClient (GrpcClientProtocolClient.java:onNext(255)) - client-CF63D631FA17->3cf1264f-5f6b-4138-aeee-2ff7d4522ead: receive RaftClientReply:client-CF63D631FA17->3cf1264f-5f6b-4138-aeee-2ff7d4522ead@group-561E16522154, cid=2071, SUCCESS, logIndex=3048, commits[3cf1264f-5f6b-4138-aeee-2ff7d4522ead:c3049, 4f0d1a15-8f14-4d9a-ad4f-8211e1245b5d:c3047, 6999f20e-c3f7-4db4-87ca-141c476f2a88:c3043]
2019-08-22 07:03:34,637 [grpc-default-executor-0] INFO  client.GrpcClientProtocolClient (GrpcClientProtocolClient.java:onNext(255)) - client-CF63D631FA17->3cf1264f-5f6b-4138-aeee-2ff7d4522ead: receive RaftClientReply:client-CF63D631FA17->3cf1264f-5f6b-4138-aeee-2ff7d4522ead@group-561E16522154, cid=2072, SUCCESS, logIndex=3049, commits[3cf1264f-5f6b-4138-aeee-2ff7d4522ead:c3049, 4f0d1a15-8f14-4d9a-ad4f-8211e1245b5d:c3047, 6999f20e-c3f7-4db4-87ca-141c476f2a88:c3047]
2019-08-22 07:03:34,638 | INFO  | DNAudit | user=null | ip=null | op=WRITE_CHUNK {blockData=conID: 3 locID: 102659353123029543 bcsId: 3043} | ret=SUCCESS |  
2019-08-22 07:03:34,638 | INFO  | DNAudit | user=null | ip=null | op=WRITE_CHUNK {blockData=conID: 3 locID: 102659353123029543 bcsId: 3043} | ret=SUCCESS |  
2019-08-22 07:03:34,638 | INFO  | DNAudit | user=null | ip=null | op=PUT_BLOCK {blockData=[blockId=conID: 3 locID: 102659353123029543 bcsId: 0,size=3145728]} | ret=SUCCESS |  
2019-08-22 07:03:34,638 | INFO  | DNAudit | user=null | ip=null | op=PUT_BLOCK {blockData=[blockId=conID: 3 locID: 102659353123029543 bcsId: 0,size=3145728]} | ret=SUCCESS |  
2019-08-22 07:03:34,644 | INFO  | DNAudit | user=null | ip=null | op=WRITE_CHUNK {blockData=conID: 3 locID: 102659353123029543 bcsId: 3049} | ret=SUCCESS |  
2019-08-22 07:03:34,647 | INFO  | DNAudit | user=null | ip=null | op=WRITE_CHUNK {blockData=conID: 3 locID: 102659353123029543 bcsId: 3049} | ret=SUCCESS |  
2019-08-22 07:03:34,647 | INFO  | DNAudit | user=null | ip=null | op=WRITE_CHUNK {blockData=conID: 3 locID: 102659353123029543 bcsId: 3049} | ret=SUCCESS |  
2019-08-22 07:03:34,650 | INFO  | DNAudit | user=null | ip=null | op=WRITE_CHUNK {blockData=conID: 3 locID: 102659353123029543 bcsId: 3049} | ret=SUCCESS |  
2019-08-22 07:03:34,650 | INFO  | DNAudit | user=null | ip=null | op=PUT_BLOCK {blockData=[blockId=conID: 3 locID: 102659353123029543 bcsId: 0,size=4194304]} | ret=SUCCESS |  
2019-08-22 07:03:34,650 [grpc-default-executor-3] INFO  client.GrpcClientProtocolClient (GrpcClientProtocolClient.java:onNext(255)) - client-CF63D631FA17->3cf1264f-5f6b-4138-aeee-2ff7d4522ead: receive RaftClientReply:client-CF63D631FA17->3cf1264f-5f6b-4138-aeee-2ff7d4522ead@group-561E16522154, cid=2073, SUCCESS, logIndex=3052, commits[3cf1264f-5f6b-4138-aeee-2ff7d4522ead:c3053, 4f0d1a15-8f14-4d9a-ad4f-8211e1245b5d:c3049, 6999f20e-c3f7-4db4-87ca-141c476f2a88:c3051]
2019-08-22 07:03:34,651 [grpc-default-executor-3] INFO  client.GrpcClientProtocolClient (GrpcClientProtocolClient.java:onNext(255)) - client-CF63D631FA17->3cf1264f-5f6b-4138-aeee-2ff7d4522ead: receive RaftClientReply:client-CF63D631FA17->3cf1264f-5f6b-4138-aeee-2ff7d4522ead@group-561E16522154, cid=2074, SUCCESS, logIndex=3053, commits[3cf1264f-5f6b-4138-aeee-2ff7d4522ead:c3053, 4f0d1a15-8f14-4d9a-ad4f-8211e1245b5d:c3051, 6999f20e-c3f7-4db4-87ca-141c476f2a88:c3051]
2019-08-22 07:03:34,653 | INFO  | DNAudit | user=null | ip=null | op=WRITE_CHUNK {blockData=conID: 3 locID: 102659353123029543 bcsId: 3049} | ret=SUCCESS |  
2019-08-22 07:03:34,653 | INFO  | DNAudit | user=null | ip=null | op=WRITE_CHUNK {blockData=conID: 3 locID: 102659353123029543 bcsId: 3049} | ret=SUCCESS |  
2019-08-22 07:03:34,653 | INFO  | DNAudit | user=null | ip=null | op=PUT_BLOCK {blockData=[blockId=conID: 3 locID: 102659353123029543 bcsId: 0,size=4194304]} | ret=SUCCESS |  
2019-08-22 07:03:34,653 | INFO  | DNAudit | user=null | ip=null | op=PUT_BLOCK {blockData=[blockId=conID: 3 locID: 102659353123029543 bcsId: 0,size=4194304]} | ret=SUCCESS |  
2019-08-22 07:03:34,654 [grpc-default-executor-3] INFO  client.GrpcClientProtocolClient (GrpcClientProtocolClient.java:onNext(255)) - client-CF63D631FA17->3cf1264f-5f6b-4138-aeee-2ff7d4522ead: receive RaftClientReply:client-CF63D631FA17->3cf1264f-5f6b-4138-aeee-2ff7d4522ead@group-561E16522154, cid=2075, SUCCESS, logIndex=0, commits[3cf1264f-5f6b-4138-aeee-2ff7d4522ead:c3054, 4f0d1a15-8f14-4d9a-ad4f-8211e1245b5d:c3053, 6999f20e-c3f7-4db4-87ca-141c476f2a88:c3053]
2019-08-22 07:03:34,659 | INFO  | SCMAudit | user=jenkins1000 | ip=192.168.34.31 | op=ALLOCATE_BLOCK {owner=04b6d46a-98e2-41b1-9f38-1870289993ea, size=4194304, type=RATIS, factor=THREE} | ret=SUCCESS |  
2019-08-22 07:03:34,663 | INFO  | OMAudit | user=jenkins1000 | ip=127.0.0.1 | op=ALLOCATE_BLOCK {volume=vol-0-14906, bucket=bucket-0-53153, key=key-0-33222, dataSize=0, replicationType=null, replicationFactor=null, keyLocationInfo=null, clientID=102659352017764754} | ret=SUCCESS |  
2019-08-22 07:03:34,669 | INFO  | DNAudit | user=null | ip=null | op=WRITE_CHUNK {blockData=conID: 1 locID: 102659353127092776 bcsId: 0} | ret=SUCCESS |  
2019-08-22 07:03:34,673 | INFO  | DNAudit | user=null | ip=null | op=WRITE_CHUNK {blockData=conID: 1 locID: 102659353127092776 bcsId: 0} | ret=SUCCESS |  
2019-08-22 07:03:34,673 | INFO  | DNAudit | user=null | ip=null | op=WRITE_CHUNK {blockData=conID: 1 locID: 102659353127092776 bcsId: 0} | ret=SUCCESS |  
2019-08-22 07:03:34,673 | INFO  | DNAudit | user=null | ip=null | op=WRITE_CHUNK {blockData=conID: 1 locID: 102659353127092776 bcsId: 0} | ret=SUCCESS |  
2019-08-22 07:03:34,675 | INFO  | DNAudit | user=null | ip=null | op=WRITE_CHUNK {blockData=conID: 1 locID: 102659353127092776 bcsId: 0} | ret=SUCCESS |  
2019-08-22 07:03:34,675 | INFO  | DNAudit | user=null | ip=null | op=WRITE_CHUNK {blockData=conID: 1 locID: 102659353127092776 bcsId: 0} | ret=SUCCESS |  
2019-08-22 07:03:34,678 | INFO  | DNAudit | user=null | ip=null | op=WRITE_CHUNK {blockData=conID: 1 locID: 102659353127092776 bcsId: 0} | ret=SUCCESS |  
2019-08-22 07:03:34,678 | INFO  | DNAudit | user=null | ip=null | op=PUT_BLOCK {blockData=[blockId=conID: 1 locID: 102659353127092776 bcsId: 0,size=1048576]} | ret=SUCCESS |  
2019-08-22 07:03:34,679 [grpc-default-executor-3] INFO  client.GrpcClientProtocolClient (GrpcClientProtocolClient.java:onNext(255)) - client-CF63D631FA17->3cf1264f-5f6b-4138-aeee-2ff7d4522ead: receive RaftClientReply:client-CF63D631FA17->3cf1264f-5f6b-4138-aeee-2ff7d4522ead@group-561E16522154, cid=2076, SUCCESS, logIndex=3056, commits[3cf1264f-5f6b-4138-aeee-2ff7d4522ead:c3057, 4f0d1a15-8f14-4d9a-ad4f-8211e1245b5d:c3055, 6999f20e-c3f7-4db4-87ca-141c476f2a88:c3055]
2019-08-22 07:03:34,679 | INFO  | DNAudit | user=null | ip=null | op=WRITE_CHUNK {blockData=conID: 1 locID: 102659353127092776 bcsId: 0} | ret=SUCCESS |  
2019-08-22 07:03:34,679 [grpc-default-executor-3] INFO  client.GrpcClientProtocolClient (GrpcClientProtocolClient.java:onNext(255)) - client-CF63D631FA17->3cf1264f-5f6b-4138-aeee-2ff7d4522ead: receive RaftClientReply:client-CF63D631FA17->3cf1264f-5f6b-4138-aeee-2ff7d4522ead@group-561E16522154, cid=2077, SUCCESS, logIndex=3057, commits[3cf1264f-5f6b-4138-aeee-2ff7d4522ead:c3057, 4f0d1a15-8f14-4d9a-ad4f-8211e1245b5d:c3055, 6999f20e-c3f7-4db4-87ca-141c476f2a88:c3055]
2019-08-22 07:03:34,680 | INFO  | DNAudit | user=null | ip=null | op=PUT_BLOCK {blockData=[blockId=conID: 1 locID: 102659353127092776 bcsId: 0,size=2097152]} | ret=SUCCESS |  
2019-08-22 07:03:34,680 [grpc-default-executor-3] INFO  client.GrpcClientProtocolClient (GrpcClientProtocolClient.java:onNext(255)) - client-CF63D631FA17->3cf1264f-5f6b-4138-aeee-2ff7d4522ead: receive RaftClientReply:client-CF63D631FA17->3cf1264f-5f6b-4138-aeee-2ff7d4522ead@group-561E16522154, cid=2078, SUCCESS, logIndex=3058, commits[3cf1264f-5f6b-4138-aeee-2ff7d4522ead:c3059, 4f0d1a15-8f14-4d9a-ad4f-8211e1245b5d:c3055, 6999f20e-c3f7-4db4-87ca-141c476f2a88:c3055]
2019-08-22 07:03:34,680 | INFO  | DNAudit | user=null | ip=null | op=WRITE_CHUNK {blockData=conID: 1 locID: 102659353127092776 bcsId: 0} | ret=SUCCESS |  
2019-08-22 07:03:34,681 | INFO  | DNAudit | user=null | ip=null | op=PUT_BLOCK {blockData=[blockId=conID: 1 locID: 102659353127092776 bcsId: 0,size=1048576]} | ret=SUCCESS |  
2019-08-22 07:03:34,680 [grpc-default-executor-1] INFO  client.GrpcClientProtocolClient (GrpcClientProtocolClient.java:onNext(255)) - client-CF63D631FA17->3cf1264f-5f6b-4138-aeee-2ff7d4522ead: receive RaftClientReply:client-CF63D631FA17->3cf1264f-5f6b-4138-aeee-2ff7d4522ead@group-561E16522154, cid=2079, SUCCESS, logIndex=3059, commits[3cf1264f-5f6b-4138-aeee-2ff7d4522ead:c3059, 4f0d1a15-8f14-4d9a-ad4f-8211e1245b5d:c3055, 6999f20e-c3f7-4db4-87ca-141c476f2a88:c3055]
2019-08-22 07:03:34,682 | INFO  | DNAudit | user=null | ip=null | op=WRITE_CHUNK {blockData=conID: 1 locID: 102659353127092776 bcsId: 0} | ret=SUCCESS |  
2019-08-22 07:03:34,683 | INFO  | DNAudit | user=null | ip=null | op=PUT_BLOCK {blockData=[blockId=conID: 1 locID: 102659353127092776 bcsId: 0,size=1048576]} | ret=SUCCESS |  
2019-08-22 07:03:34,683 [grpc-default-executor-1] INFO  client.GrpcClientProtocolClient (GrpcClientProtocolClient.java:onNext(255)) - client-CF63D631FA17->3cf1264f-5f6b-4138-aeee-2ff7d4522ead: receive RaftClientReply:client-CF63D631FA17->3cf1264f-5f6b-4138-aeee-2ff7d4522ead@group-561E16522154, cid=2080, SUCCESS, logIndex=0, commits[3cf1264f-5f6b-4138-aeee-2ff7d4522ead:c3061, 4f0d1a15-8f14-4d9a-ad4f-8211e1245b5d:c3057, 6999f20e-c3f7-4db4-87ca-141c476f2a88:c3057]
2019-08-22 07:03:34,684 | INFO  | DNAudit | user=null | ip=null | op=WRITE_CHUNK {blockData=conID: 1 locID: 102659353127092776 bcsId: 0} | ret=SUCCESS |  
2019-08-22 07:03:34,684 | INFO  | DNAudit | user=null | ip=null | op=PUT_BLOCK {blockData=[blockId=conID: 1 locID: 102659353127092776 bcsId: 0,size=2097152]} | ret=SUCCESS |  
2019-08-22 07:03:34,684 | INFO  | DNAudit | user=null | ip=null | op=WRITE_CHUNK {blockData=conID: 1 locID: 102659353127092776 bcsId: 0} | ret=SUCCESS |  
2019-08-22 07:03:34,685 | INFO  | DNAudit | user=null | ip=null | op=PUT_BLOCK {blockData=[blockId=conID: 1 locID: 102659353127092776 bcsId: 0,size=2097152]} | ret=SUCCESS |  
2019-08-22 07:03:34,689 | INFO  | DNAudit | user=null | ip=null | op=WRITE_CHUNK {blockData=conID: 1 locID: 102659353127092776 bcsId: 3059} | ret=SUCCESS |  
2019-08-22 07:03:34,692 | INFO  | DNAudit | user=null | ip=null | op=WRITE_CHUNK {blockData=conID: 1 locID: 102659353127092776 bcsId: 3059} | ret=SUCCESS |  
2019-08-22 07:03:34,692 | INFO  | DNAudit | user=null | ip=null | op=WRITE_CHUNK {blockData=conID: 1 locID: 102659353127092776 bcsId: 3059} | ret=SUCCESS |  
2019-08-22 07:03:34,694 | INFO  | DNAudit | user=null | ip=null | op=WRITE_CHUNK {blockData=conID: 1 locID: 102659353127092776 bcsId: 3059} | ret=SUCCESS |  
2019-08-22 07:03:34,695 | INFO  | DNAudit | user=null | ip=null | op=PUT_BLOCK {blockData=[blockId=conID: 1 locID: 102659353127092776 bcsId: 0,size=3145728]} | ret=SUCCESS |  
2019-08-22 07:03:34,695 [grpc-default-executor-0] INFO  client.GrpcClientProtocolClient (GrpcClientProtocolClient.java:onNext(255)) - client-CF63D631FA17->3cf1264f-5f6b-4138-aeee-2ff7d4522ead: receive RaftClientReply:client-CF63D631FA17->3cf1264f-5f6b-4138-aeee-2ff7d4522ead@group-561E16522154, cid=2081, SUCCESS, logIndex=3064, commits[3cf1264f-5f6b-4138-aeee-2ff7d4522ead:c3065, 4f0d1a15-8f14-4d9a-ad4f-8211e1245b5d:c3063, 6999f20e-c3f7-4db4-87ca-141c476f2a88:c3063]
2019-08-22 07:03:34,695 [grpc-default-executor-0] INFO  client.GrpcClientProtocolClient (GrpcClientProtocolClient.java:onNext(255)) - client-CF63D631FA17->3cf1264f-5f6b-4138-aeee-2ff7d4522ead: receive RaftClientReply:client-CF63D631FA17->3cf1264f-5f6b-4138-aeee-2ff7d4522ead@group-561E16522154, cid=2082, SUCCESS, logIndex=3065, commits[3cf1264f-5f6b-4138-aeee-2ff7d4522ead:c3065, 4f0d1a15-8f14-4d9a-ad4f-8211e1245b5d:c3063, 6999f20e-c3f7-4db4-87ca-141c476f2a88:c3063]
2019-08-22 07:03:34,696 | INFO  | DNAudit | user=null | ip=null | op=WRITE_CHUNK {blockData=conID: 1 locID: 102659353127092776 bcsId: 3059} | ret=SUCCESS |  
2019-08-22 07:03:34,696 | INFO  | DNAudit | user=null | ip=null | op=WRITE_CHUNK {blockData=conID: 1 locID: 102659353127092776 bcsId: 3059} | ret=SUCCESS |  
2019-08-22 07:03:34,699 | INFO  | DNAudit | user=null | ip=null | op=PUT_BLOCK {blockData=[blockId=conID: 1 locID: 102659353127092776 bcsId: 0,size=3145728]} | ret=SUCCESS |  
2019-08-22 07:03:34,699 | INFO  | DNAudit | user=null | ip=null | op=PUT_BLOCK {blockData=[blockId=conID: 1 locID: 102659353127092776 bcsId: 0,size=3145728]} | ret=SUCCESS |  
2019-08-22 07:03:34,701 | INFO  | DNAudit | user=null | ip=null | op=WRITE_CHUNK {blockData=conID: 1 locID: 102659353127092776 bcsId: 3065} | ret=SUCCESS |  
2019-08-22 07:03:34,703 | INFO  | DNAudit | user=null | ip=null | op=WRITE_CHUNK {blockData=conID: 1 locID: 102659353127092776 bcsId: 3065} | ret=SUCCESS |  
2019-08-22 07:03:34,703 | INFO  | DNAudit | user=null | ip=null | op=WRITE_CHUNK {blockData=conID: 1 locID: 102659353127092776 bcsId: 3065} | ret=SUCCESS |  
2019-08-22 07:03:34,705 | INFO  | DNAudit | user=null | ip=null | op=WRITE_CHUNK {blockData=conID: 1 locID: 102659353127092776 bcsId: 3065} | ret=SUCCESS |  
2019-08-22 07:03:34,706 | INFO  | DNAudit | user=null | ip=null | op=PUT_BLOCK {blockData=[blockId=conID: 1 locID: 102659353127092776 bcsId: 0,size=4194304]} | ret=SUCCESS |  
2019-08-22 07:03:34,707 [grpc-default-executor-1] INFO  client.GrpcClientProtocolClient (GrpcClientProtocolClient.java:onNext(255)) - client-CF63D631FA17->3cf1264f-5f6b-4138-aeee-2ff7d4522ead: receive RaftClientReply:client-CF63D631FA17->3cf1264f-5f6b-4138-aeee-2ff7d4522ead@group-561E16522154, cid=2083, SUCCESS, logIndex=3068, commits[3cf1264f-5f6b-4138-aeee-2ff7d4522ead:c3069, 4f0d1a15-8f14-4d9a-ad4f-8211e1245b5d:c3067, 6999f20e-c3f7-4db4-87ca-141c476f2a88:c3067]
2019-08-22 07:03:34,707 [grpc-default-executor-1] INFO  client.GrpcClientProtocolClient (GrpcClientProtocolClient.java:onNext(255)) - client-CF63D631FA17->3cf1264f-5f6b-4138-aeee-2ff7d4522ead: receive RaftClientReply:client-CF63D631FA17->3cf1264f-5f6b-4138-aeee-2ff7d4522ead@group-561E16522154, cid=2084, SUCCESS, logIndex=3069, commits[3cf1264f-5f6b-4138-aeee-2ff7d4522ead:c3069, 4f0d1a15-8f14-4d9a-ad4f-8211e1245b5d:c3067, 6999f20e-c3f7-4db4-87ca-141c476f2a88:c3067]
2019-08-22 07:03:34,718 | INFO  | DNAudit | user=null | ip=null | op=WRITE_CHUNK {blockData=conID: 1 locID: 102659353127092776 bcsId: 3065} | ret=SUCCESS |  
2019-08-22 07:03:34,718 | INFO  | DNAudit | user=null | ip=null | op=WRITE_CHUNK {blockData=conID: 1 locID: 102659353127092776 bcsId: 3065} | ret=SUCCESS |  
2019-08-22 07:03:34,718 | INFO  | DNAudit | user=null | ip=null | op=PUT_BLOCK {blockData=[blockId=conID: 1 locID: 102659353127092776 bcsId: 0,size=4194304]} | ret=SUCCESS |  
2019-08-22 07:03:34,718 | INFO  | DNAudit | user=null | ip=null | op=PUT_BLOCK {blockData=[blockId=conID: 1 locID: 102659353127092776 bcsId: 0,size=4194304]} | ret=SUCCESS |  
2019-08-22 07:03:34,718 [grpc-default-executor-0] INFO  client.GrpcClientProtocolClient (GrpcClientProtocolClient.java:onNext(255)) - client-CF63D631FA17->3cf1264f-5f6b-4138-aeee-2ff7d4522ead: receive RaftClientReply:client-CF63D631FA17->3cf1264f-5f6b-4138-aeee-2ff7d4522ead@group-561E16522154, cid=2085, SUCCESS, logIndex=0, commits[3cf1264f-5f6b-4138-aeee-2ff7d4522ead:c3070, 4f0d1a15-8f14-4d9a-ad4f-8211e1245b5d:c3069, 6999f20e-c3f7-4db4-87ca-141c476f2a88:c3069]
2019-08-22 07:03:34,724 | INFO  | SCMAudit | user=jenkins1000 | ip=192.168.34.31 | op=ALLOCATE_BLOCK {owner=04b6d46a-98e2-41b1-9f38-1870289993ea, size=4194304, type=RATIS, factor=THREE} | ret=SUCCESS |  
2019-08-22 07:03:34,728 | INFO  | OMAudit | user=jenkins1000 | ip=127.0.0.1 | op=ALLOCATE_BLOCK {volume=vol-0-14906, bucket=bucket-0-53153, key=key-0-33222, dataSize=0, replicationType=null, replicationFactor=null, keyLocationInfo=null, clientID=102659352017764754} | ret=SUCCESS |  
2019-08-22 07:03:34,734 | INFO  | DNAudit | user=null | ip=null | op=WRITE_CHUNK {blockData=conID: 2 locID: 102659353131352617 bcsId: 0} | ret=SUCCESS |  
2019-08-22 07:03:34,737 | INFO  | DNAudit | user=null | ip=null | op=WRITE_CHUNK {blockData=conID: 2 locID: 102659353131352617 bcsId: 0} | ret=SUCCESS |  
2019-08-22 07:03:34,737 | INFO  | DNAudit | user=null | ip=null | op=WRITE_CHUNK {blockData=conID: 2 locID: 102659353131352617 bcsId: 0} | ret=SUCCESS |  
2019-08-22 07:03:34,738 | INFO  | DNAudit | user=null | ip=null | op=WRITE_CHUNK {blockData=conID: 2 locID: 102659353131352617 bcsId: 0} | ret=SUCCESS |  
2019-08-22 07:03:34,738 | INFO  | DNAudit | user=null | ip=null | op=WRITE_CHUNK {blockData=conID: 2 locID: 102659353131352617 bcsId: 0} | ret=SUCCESS |  
2019-08-22 07:03:34,738 | INFO  | DNAudit | user=null | ip=null | op=WRITE_CHUNK {blockData=conID: 2 locID: 102659353131352617 bcsId: 0} | ret=SUCCESS |  
2019-08-22 07:03:34,758 | INFO  | DNAudit | user=null | ip=null | op=WRITE_CHUNK {blockData=conID: 2 locID: 102659353131352617 bcsId: 0} | ret=SUCCESS |  
2019-08-22 07:03:34,759 | INFO  | DNAudit | user=null | ip=null | op=PUT_BLOCK {blockData=[blockId=conID: 2 locID: 102659353131352617 bcsId: 0,size=1048576]} | ret=SUCCESS |  
2019-08-22 07:03:34,759 [grpc-default-executor-0] INFO  client.GrpcClientProtocolClient (GrpcClientProtocolClient.java:onNext(255)) - client-CF63D631FA17->3cf1264f-5f6b-4138-aeee-2ff7d4522ead: receive RaftClientReply:client-CF63D631FA17->3cf1264f-5f6b-4138-aeee-2ff7d4522ead@group-561E16522154, cid=2086, SUCCESS, logIndex=3072, commits[3cf1264f-5f6b-4138-aeee-2ff7d4522ead:c3074, 4f0d1a15-8f14-4d9a-ad4f-8211e1245b5d:c3071, 6999f20e-c3f7-4db4-87ca-141c476f2a88:c3071]
2019-08-22 07:03:34,760 | INFO  | DNAudit | user=null | ip=null | op=WRITE_CHUNK {blockData=conID: 2 locID: 102659353131352617 bcsId: 0} | ret=SUCCESS |  
2019-08-22 07:03:34,760 [grpc-default-executor-0] INFO  client.GrpcClientProtocolClient (GrpcClientProtocolClient.java:onNext(255)) - client-CF63D631FA17->3cf1264f-5f6b-4138-aeee-2ff7d4522ead: receive RaftClientReply:client-CF63D631FA17->3cf1264f-5f6b-4138-aeee-2ff7d4522ead@group-561E16522154, cid=2087, SUCCESS, logIndex=3073, commits[3cf1264f-5f6b-4138-aeee-2ff7d4522ead:c3075, 4f0d1a15-8f14-4d9a-ad4f-8211e1245b5d:c3071, 6999f20e-c3f7-4db4-87ca-141c476f2a88:c3071]
2019-08-22 07:03:34,760 | INFO  | DNAudit | user=null | ip=null | op=PUT_BLOCK {blockData=[blockId=conID: 2 locID: 102659353131352617 bcsId: 0,size=2097152]} | ret=SUCCESS |  
2019-08-22 07:03:34,760 [grpc-default-executor-0] INFO  client.GrpcClientProtocolClient (GrpcClientProtocolClient.java:onNext(255)) - client-CF63D631FA17->3cf1264f-5f6b-4138-aeee-2ff7d4522ead: receive RaftClientReply:client-CF63D631FA17->3cf1264f-5f6b-4138-aeee-2ff7d4522ead@group-561E16522154, cid=2088, SUCCESS, logIndex=3074, commits[3cf1264f-5f6b-4138-aeee-2ff7d4522ead:c3075, 4f0d1a15-8f14-4d9a-ad4f-8211e1245b5d:c3071, 6999f20e-c3f7-4db4-87ca-141c476f2a88:c3071]
2019-08-22 07:03:34,761 [grpc-default-executor-0] INFO  client.GrpcClientProtocolClient (GrpcClientProtocolClient.java:onNext(255)) - client-CF63D631FA17->3cf1264f-5f6b-4138-aeee-2ff7d4522ead: receive RaftClientReply:client-CF63D631FA17->3cf1264f-5f6b-4138-aeee-2ff7d4522ead@group-561E16522154, cid=2089, SUCCESS, logIndex=3075, commits[3cf1264f-5f6b-4138-aeee-2ff7d4522ead:c3075, 4f0d1a15-8f14-4d9a-ad4f-8211e1245b5d:c3071, 6999f20e-c3f7-4db4-87ca-141c476f2a88:c3071]
2019-08-22 07:03:34,770 | INFO  | DNAudit | user=null | ip=null | op=WRITE_CHUNK {blockData=conID: 2 locID: 102659353131352617 bcsId: 0} | ret=SUCCESS |  
2019-08-22 07:03:34,770 | INFO  | DNAudit | user=null | ip=null | op=WRITE_CHUNK {blockData=conID: 2 locID: 102659353131352617 bcsId: 0} | ret=SUCCESS |  
2019-08-22 07:03:34,770 | INFO  | DNAudit | user=null | ip=null | op=PUT_BLOCK {blockData=[blockId=conID: 2 locID: 102659353131352617 bcsId: 0,size=1048576]} | ret=SUCCESS |  
2019-08-22 07:03:34,770 | INFO  | DNAudit | user=null | ip=null | op=PUT_BLOCK {blockData=[blockId=conID: 2 locID: 102659353131352617 bcsId: 0,size=1048576]} | ret=SUCCESS |  
2019-08-22 07:03:34,771 | INFO  | DNAudit | user=null | ip=null | op=WRITE_CHUNK {blockData=conID: 2 locID: 102659353131352617 bcsId: 0} | ret=SUCCESS |  
2019-08-22 07:03:34,771 | INFO  | DNAudit | user=null | ip=null | op=PUT_BLOCK {blockData=[blockId=conID: 2 locID: 102659353131352617 bcsId: 0,size=2097152]} | ret=SUCCESS |  
2019-08-22 07:03:34,771 [grpc-default-executor-0] INFO  client.GrpcClientProtocolClient (GrpcClientProtocolClient.java:onNext(255)) - client-CF63D631FA17->3cf1264f-5f6b-4138-aeee-2ff7d4522ead: receive RaftClientReply:client-CF63D631FA17->3cf1264f-5f6b-4138-aeee-2ff7d4522ead@group-561E16522154, cid=2090, SUCCESS, logIndex=0, commits[3cf1264f-5f6b-4138-aeee-2ff7d4522ead:c3078, 4f0d1a15-8f14-4d9a-ad4f-8211e1245b5d:c3073, 6999f20e-c3f7-4db4-87ca-141c476f2a88:c3074]
2019-08-22 07:03:34,772 | INFO  | DNAudit | user=null | ip=null | op=WRITE_CHUNK {blockData=conID: 2 locID: 102659353131352617 bcsId: 0} | ret=SUCCESS |  
2019-08-22 07:03:34,772 | INFO  | DNAudit | user=null | ip=null | op=PUT_BLOCK {blockData=[blockId=conID: 2 locID: 102659353131352617 bcsId: 0,size=2097152]} | ret=SUCCESS |  
2019-08-22 07:03:34,776 | INFO  | DNAudit | user=null | ip=null | op=WRITE_CHUNK {blockData=conID: 2 locID: 102659353131352617 bcsId: 3075} | ret=SUCCESS |  
2019-08-22 07:03:34,778 | INFO  | DNAudit | user=null | ip=null | op=WRITE_CHUNK {blockData=conID: 2 locID: 102659353131352617 bcsId: 3075} | ret=SUCCESS |  
2019-08-22 07:03:34,779 | INFO  | DNAudit | user=null | ip=null | op=WRITE_CHUNK {blockData=conID: 2 locID: 102659353131352617 bcsId: 3075} | ret=SUCCESS |  
2019-08-22 07:03:34,782 | INFO  | DNAudit | user=null | ip=null | op=WRITE_CHUNK {blockData=conID: 2 locID: 102659353131352617 bcsId: 3075} | ret=SUCCESS |  
2019-08-22 07:03:34,783 | INFO  | DNAudit | user=null | ip=null | op=PUT_BLOCK {blockData=[blockId=conID: 2 locID: 102659353131352617 bcsId: 0,size=3145728]} | ret=SUCCESS |  
2019-08-22 07:03:34,783 [grpc-default-executor-3] INFO  client.GrpcClientProtocolClient (GrpcClientProtocolClient.java:onNext(255)) - client-CF63D631FA17->3cf1264f-5f6b-4138-aeee-2ff7d4522ead: receive RaftClientReply:client-CF63D631FA17->3cf1264f-5f6b-4138-aeee-2ff7d4522ead@group-561E16522154, cid=2091, SUCCESS, logIndex=3080, commits[3cf1264f-5f6b-4138-aeee-2ff7d4522ead:c3081, 4f0d1a15-8f14-4d9a-ad4f-8211e1245b5d:c3079, 6999f20e-c3f7-4db4-87ca-141c476f2a88:c3079]
2019-08-22 07:03:34,783 [grpc-default-executor-3] INFO  client.GrpcClientProtocolClient (GrpcClientProtocolClient.java:onNext(255)) - client-CF63D631FA17->3cf1264f-5f6b-4138-aeee-2ff7d4522ead: receive RaftClientReply:client-CF63D631FA17->3cf1264f-5f6b-4138-aeee-2ff7d4522ead@group-561E16522154, cid=2092, SUCCESS, logIndex=3081, commits[3cf1264f-5f6b-4138-aeee-2ff7d4522ead:c3081, 4f0d1a15-8f14-4d9a-ad4f-8211e1245b5d:c3079, 6999f20e-c3f7-4db4-87ca-141c476f2a88:c3079]
2019-08-22 07:03:34,789 | INFO  | DNAudit | user=null | ip=null | op=WRITE_CHUNK {blockData=conID: 2 locID: 102659353131352617 bcsId: 3081} | ret=SUCCESS |  
2019-08-22 07:03:34,792 | INFO  | DNAudit | user=null | ip=null | op=WRITE_CHUNK {blockData=conID: 2 locID: 102659353131352617 bcsId: 3081} | ret=SUCCESS |  
2019-08-22 07:03:34,792 | INFO  | DNAudit | user=null | ip=null | op=WRITE_CHUNK {blockData=conID: 2 locID: 102659353131352617 bcsId: 3081} | ret=SUCCESS |  
2019-08-22 07:03:34,794 | INFO  | DNAudit | user=null | ip=null | op=WRITE_CHUNK {blockData=conID: 2 locID: 102659353131352617 bcsId: 3075} | ret=SUCCESS |  
2019-08-22 07:03:34,794 | INFO  | DNAudit | user=null | ip=null | op=WRITE_CHUNK {blockData=conID: 2 locID: 102659353131352617 bcsId: 3075} | ret=SUCCESS |  
2019-08-22 07:03:34,797 | INFO  | DNAudit | user=null | ip=null | op=PUT_BLOCK {blockData=[blockId=conID: 2 locID: 102659353131352617 bcsId: 0,size=3145728]} | ret=SUCCESS |  
2019-08-22 07:03:34,797 | INFO  | DNAudit | user=null | ip=null | op=PUT_BLOCK {blockData=[blockId=conID: 2 locID: 102659353131352617 bcsId: 0,size=3145728]} | ret=SUCCESS |  
2019-08-22 07:03:34,798 | INFO  | DNAudit | user=null | ip=null | op=WRITE_CHUNK {blockData=conID: 2 locID: 102659353131352617 bcsId: 3081} | ret=SUCCESS |  
2019-08-22 07:03:34,798 | INFO  | DNAudit | user=null | ip=null | op=PUT_BLOCK {blockData=[blockId=conID: 2 locID: 102659353131352617 bcsId: 0,size=4194304]} | ret=SUCCESS |  
2019-08-22 07:03:34,798 [grpc-default-executor-5] INFO  client.GrpcClientProtocolClient (GrpcClientProtocolClient.java:onNext(255)) - client-CF63D631FA17->3cf1264f-5f6b-4138-aeee-2ff7d4522ead: receive RaftClientReply:client-CF63D631FA17->3cf1264f-5f6b-4138-aeee-2ff7d4522ead@group-561E16522154, cid=2093, SUCCESS, logIndex=3084, commits[3cf1264f-5f6b-4138-aeee-2ff7d4522ead:c3085, 4f0d1a15-8f14-4d9a-ad4f-8211e1245b5d:c3081, 6999f20e-c3f7-4db4-87ca-141c476f2a88:c3081]
2019-08-22 07:03:34,799 [grpc-default-executor-5] INFO  client.GrpcClientProtocolClient (GrpcClientProtocolClient.java:onNext(255)) - client-CF63D631FA17->3cf1264f-5f6b-4138-aeee-2ff7d4522ead: receive RaftClientReply:client-CF63D631FA17->3cf1264f-5f6b-4138-aeee-2ff7d4522ead@group-561E16522154, cid=2094, SUCCESS, logIndex=3085, commits[3cf1264f-5f6b-4138-aeee-2ff7d4522ead:c3085, 4f0d1a15-8f14-4d9a-ad4f-8211e1245b5d:c3081, 6999f20e-c3f7-4db4-87ca-141c476f2a88:c3081]
2019-08-22 07:03:34,809 | INFO  | DNAudit | user=null | ip=null | op=WRITE_CHUNK {blockData=conID: 2 locID: 102659353131352617 bcsId: 3081} | ret=SUCCESS |  
2019-08-22 07:03:34,809 | INFO  | DNAudit | user=null | ip=null | op=WRITE_CHUNK {blockData=conID: 2 locID: 102659353131352617 bcsId: 3081} | ret=SUCCESS |  
2019-08-22 07:03:34,812 | INFO  | DNAudit | user=null | ip=null | op=PUT_BLOCK {blockData=[blockId=conID: 2 locID: 102659353131352617 bcsId: 0,size=4194304]} | ret=SUCCESS |  
2019-08-22 07:03:34,812 | INFO  | DNAudit | user=null | ip=null | op=PUT_BLOCK {blockData=[blockId=conID: 2 locID: 102659353131352617 bcsId: 0,size=4194304]} | ret=SUCCESS |  
2019-08-22 07:03:34,813 [grpc-default-executor-5] INFO  client.GrpcClientProtocolClient (GrpcClientProtocolClient.java:onNext(255)) - client-CF63D631FA17->3cf1264f-5f6b-4138-aeee-2ff7d4522ead: receive RaftClientReply:client-CF63D631FA17->3cf1264f-5f6b-4138-aeee-2ff7d4522ead@group-561E16522154, cid=2095, SUCCESS, logIndex=0, commits[3cf1264f-5f6b-4138-aeee-2ff7d4522ead:c3087, 4f0d1a15-8f14-4d9a-ad4f-8211e1245b5d:c3085, 6999f20e-c3f7-4db4-87ca-141c476f2a88:c3085]
2019-08-22 07:03:34,819 | INFO  | SCMAudit | user=jenkins1000 | ip=192.168.34.31 | op=ALLOCATE_BLOCK {owner=04b6d46a-98e2-41b1-9f38-1870289993ea, size=4194304, type=RATIS, factor=THREE} | ret=SUCCESS |  
2019-08-22 07:03:34,823 | INFO  | OMAudit | user=jenkins1000 | ip=127.0.0.1 | op=ALLOCATE_BLOCK {volume=vol-0-14906, bucket=bucket-0-53153, key=key-0-33222, dataSize=0, replicationType=null, replicationFactor=null, keyLocationInfo=null, clientID=102659352017764754} | ret=SUCCESS |  
2019-08-22 07:03:34,830 | INFO  | DNAudit | user=null | ip=null | op=WRITE_CHUNK {blockData=conID: 3 locID: 102659353137578538 bcsId: 0} | ret=SUCCESS |  
2019-08-22 07:03:34,831 | INFO  | DNAudit | user=null | ip=null | op=WRITE_CHUNK {blockData=conID: 3 locID: 102659353137578538 bcsId: 0} | ret=SUCCESS |  
2019-08-22 07:03:34,832 | INFO  | DNAudit | user=null | ip=null | op=WRITE_CHUNK {blockData=conID: 3 locID: 102659353137578538 bcsId: 0} | ret=SUCCESS |  
2019-08-22 07:03:34,833 | INFO  | DNAudit | user=null | ip=null | op=WRITE_CHUNK {blockData=conID: 3 locID: 102659353137578538 bcsId: 0} | ret=SUCCESS |  
2019-08-22 07:03:34,835 | INFO  | DNAudit | user=null | ip=null | op=WRITE_CHUNK {blockData=conID: 3 locID: 102659353137578538 bcsId: 0} | ret=SUCCESS |  
2019-08-22 07:03:34,835 | INFO  | DNAudit | user=null | ip=null | op=WRITE_CHUNK {blockData=conID: 3 locID: 102659353137578538 bcsId: 0} | ret=SUCCESS |  
2019-08-22 07:03:34,845 | INFO  | DNAudit | user=null | ip=null | op=WRITE_CHUNK {blockData=conID: 3 locID: 102659353137578538 bcsId: 0} | ret=SUCCESS |  
2019-08-22 07:03:34,846 | INFO  | DNAudit | user=null | ip=null | op=PUT_BLOCK {blockData=[blockId=conID: 3 locID: 102659353137578538 bcsId: 0,size=1048576]} | ret=SUCCESS |  
2019-08-22 07:03:34,846 [grpc-default-executor-5] INFO  client.GrpcClientProtocolClient (GrpcClientProtocolClient.java:onNext(255)) - client-CF63D631FA17->3cf1264f-5f6b-4138-aeee-2ff7d4522ead: receive RaftClientReply:client-CF63D631FA17->3cf1264f-5f6b-4138-aeee-2ff7d4522ead@group-561E16522154, cid=2096, SUCCESS, logIndex=3088, commits[3cf1264f-5f6b-4138-aeee-2ff7d4522ead:c3090, 4f0d1a15-8f14-4d9a-ad4f-8211e1245b5d:c3087, 6999f20e-c3f7-4db4-87ca-141c476f2a88:c3087]
2019-08-22 07:03:34,846 | INFO  | DNAudit | user=null | ip=null | op=WRITE_CHUNK {blockData=conID: 3 locID: 102659353137578538 bcsId: 0} | ret=SUCCESS |  
2019-08-22 07:03:34,847 | INFO  | DNAudit | user=null | ip=null | op=PUT_BLOCK {blockData=[blockId=conID: 3 locID: 102659353137578538 bcsId: 0,size=2097152]} | ret=SUCCESS |  
2019-08-22 07:03:34,847 [grpc-default-executor-5] INFO  client.GrpcClientProtocolClient (GrpcClientProtocolClient.java:onNext(255)) - client-CF63D631FA17->3cf1264f-5f6b-4138-aeee-2ff7d4522ead: receive RaftClientReply:client-CF63D631FA17->3cf1264f-5f6b-4138-aeee-2ff7d4522ead@group-561E16522154, cid=2097, SUCCESS, logIndex=3089, commits[3cf1264f-5f6b-4138-aeee-2ff7d4522ead:c3091, 4f0d1a15-8f14-4d9a-ad4f-8211e1245b5d:c3087, 6999f20e-c3f7-4db4-87ca-141c476f2a88:c3087]
2019-08-22 07:03:34,847 [grpc-default-executor-5] INFO  client.GrpcClientProtocolClient (GrpcClientProtocolClient.java:onNext(255)) - client-CF63D631FA17->3cf1264f-5f6b-4138-aeee-2ff7d4522ead: receive RaftClientReply:client-CF63D631FA17->3cf1264f-5f6b-4138-aeee-2ff7d4522ead@group-561E16522154, cid=2098, SUCCESS, logIndex=3090, commits[3cf1264f-5f6b-4138-aeee-2ff7d4522ead:c3091, 4f0d1a15-8f14-4d9a-ad4f-8211e1245b5d:c3087, 6999f20e-c3f7-4db4-87ca-141c476f2a88:c3087]
2019-08-22 07:03:34,847 [grpc-default-executor-5] INFO  client.GrpcClientProtocolClient (GrpcClientProtocolClient.java:onNext(255)) - client-CF63D631FA17->3cf1264f-5f6b-4138-aeee-2ff7d4522ead: receive RaftClientReply:client-CF63D631FA17->3cf1264f-5f6b-4138-aeee-2ff7d4522ead@group-561E16522154, cid=2099, SUCCESS, logIndex=3091, commits[3cf1264f-5f6b-4138-aeee-2ff7d4522ead:c3091, 4f0d1a15-8f14-4d9a-ad4f-8211e1245b5d:c3087, 6999f20e-c3f7-4db4-87ca-141c476f2a88:c3087]
2019-08-22 07:03:34,858 | INFO  | DNAudit | user=null | ip=null | op=WRITE_CHUNK {blockData=conID: 3 locID: 102659353137578538 bcsId: 0} | ret=SUCCESS |  
2019-08-22 07:03:34,859 | INFO  | DNAudit | user=null | ip=null | op=PUT_BLOCK {blockData=[blockId=conID: 3 locID: 102659353137578538 bcsId: 0,size=1048576]} | ret=SUCCESS |  
2019-08-22 07:03:34,869 | INFO  | DNAudit | user=null | ip=null | op=WRITE_CHUNK {blockData=conID: 3 locID: 102659353137578538 bcsId: 0} | ret=SUCCESS |  
2019-08-22 07:03:34,870 | INFO  | DNAudit | user=null | ip=null | op=PUT_BLOCK {blockData=[blockId=conID: 3 locID: 102659353137578538 bcsId: 0,size=1048576]} | ret=SUCCESS |  
2019-08-22 07:03:34,870 | INFO  | DNAudit | user=null | ip=null | op=WRITE_CHUNK {blockData=conID: 3 locID: 102659353137578538 bcsId: 0} | ret=SUCCESS |  
2019-08-22 07:03:34,870 [grpc-default-executor-5] INFO  client.GrpcClientProtocolClient (GrpcClientProtocolClient.java:onNext(255)) - client-CF63D631FA17->3cf1264f-5f6b-4138-aeee-2ff7d4522ead: receive RaftClientReply:client-CF63D631FA17->3cf1264f-5f6b-4138-aeee-2ff7d4522ead@group-561E16522154, cid=2100, SUCCESS, logIndex=0, commits[3cf1264f-5f6b-4138-aeee-2ff7d4522ead:c3092, 4f0d1a15-8f14-4d9a-ad4f-8211e1245b5d:c3089, 6999f20e-c3f7-4db4-87ca-141c476f2a88:c3089]
2019-08-22 07:03:34,870 | INFO  | DNAudit | user=null | ip=null | op=WRITE_CHUNK {blockData=conID: 3 locID: 102659353137578538 bcsId: 0} | ret=SUCCESS |  
2019-08-22 07:03:34,870 | INFO  | DNAudit | user=null | ip=null | op=PUT_BLOCK {blockData=[blockId=conID: 3 locID: 102659353137578538 bcsId: 0,size=2097152]} | ret=SUCCESS |  
2019-08-22 07:03:34,871 | INFO  | DNAudit | user=null | ip=null | op=PUT_BLOCK {blockData=[blockId=conID: 3 locID: 102659353137578538 bcsId: 0,size=2097152]} | ret=SUCCESS |  
2019-08-22 07:03:34,877 | INFO  | DNAudit | user=null | ip=null | op=WRITE_CHUNK {blockData=conID: 3 locID: 102659353137578538 bcsId: 3091} | ret=SUCCESS |  
2019-08-22 07:03:34,880 | INFO  | DNAudit | user=null | ip=null | op=WRITE_CHUNK {blockData=conID: 3 locID: 102659353137578538 bcsId: 3091} | ret=SUCCESS |  
2019-08-22 07:03:34,880 | INFO  | DNAudit | user=null | ip=null | op=WRITE_CHUNK {blockData=conID: 3 locID: 102659353137578538 bcsId: 3091} | ret=SUCCESS |  
2019-08-22 07:03:34,889 | INFO  | DNAudit | user=null | ip=null | op=WRITE_CHUNK {blockData=conID: 3 locID: 102659353137578538 bcsId: 3091} | ret=SUCCESS |  
2019-08-22 07:03:34,890 | INFO  | DNAudit | user=null | ip=null | op=PUT_BLOCK {blockData=[blockId=conID: 3 locID: 102659353137578538 bcsId: 0,size=3145728]} | ret=SUCCESS |  
2019-08-22 07:03:34,890 [grpc-default-executor-0] INFO  client.GrpcClientProtocolClient (GrpcClientProtocolClient.java:onNext(255)) - client-CF63D631FA17->3cf1264f-5f6b-4138-aeee-2ff7d4522ead: receive RaftClientReply:client-CF63D631FA17->3cf1264f-5f6b-4138-aeee-2ff7d4522ead@group-561E16522154, cid=2101, SUCCESS, logIndex=3096, commits[3cf1264f-5f6b-4138-aeee-2ff7d4522ead:c3097, 4f0d1a15-8f14-4d9a-ad4f-8211e1245b5d:c3095, 6999f20e-c3f7-4db4-87ca-141c476f2a88:c3095]
2019-08-22 07:03:34,890 [grpc-default-executor-0] INFO  client.GrpcClientProtocolClient (GrpcClientProtocolClient.java:onNext(255)) - client-CF63D631FA17->3cf1264f-5f6b-4138-aeee-2ff7d4522ead: receive RaftClientReply:client-CF63D631FA17->3cf1264f-5f6b-4138-aeee-2ff7d4522ead@group-561E16522154, cid=2102, SUCCESS, logIndex=3097, commits[3cf1264f-5f6b-4138-aeee-2ff7d4522ead:c3097, 4f0d1a15-8f14-4d9a-ad4f-8211e1245b5d:c3095, 6999f20e-c3f7-4db4-87ca-141c476f2a88:c3095]
2019-08-22 07:03:34,896 | INFO  | DNAudit | user=null | ip=null | op=WRITE_CHUNK {blockData=conID: 3 locID: 102659353137578538 bcsId: 3097} | ret=SUCCESS |  
2019-08-22 07:03:34,899 | INFO  | DNAudit | user=null | ip=null | op=WRITE_CHUNK {blockData=conID: 3 locID: 102659353137578538 bcsId: 3097} | ret=SUCCESS |  
2019-08-22 07:03:34,899 | INFO  | DNAudit | user=null | ip=null | op=WRITE_CHUNK {blockData=conID: 3 locID: 102659353137578538 bcsId: 3097} | ret=SUCCESS |  
2019-08-22 07:03:34,900 | INFO  | SCMAudit | user=jenkins1000 | ip=192.168.34.31 | op=SEND_HEARTBEAT {datanodeUUID=6ab6b5dd-7582-43bd-ad39-1af51ca14a47, command=[]} | ret=SUCCESS |  
2019-08-22 07:03:34,901 | INFO  | DNAudit | user=null | ip=null | op=WRITE_CHUNK {blockData=conID: 3 locID: 102659353137578538 bcsId: 3091} | ret=SUCCESS |  
2019-08-22 07:03:34,901 | INFO  | DNAudit | user=null | ip=null | op=WRITE_CHUNK {blockData=conID: 3 locID: 102659353137578538 bcsId: 3091} | ret=SUCCESS |  
2019-08-22 07:03:34,901 | INFO  | SCMAudit | user=jenkins1000 | ip=192.168.34.31 | op=SEND_HEARTBEAT {datanodeUUID=f789f48f-f3d7-45ec-9bba-6a89e2bdcc9c, command=[]} | ret=SUCCESS |  
 0.00% |█                                                                                                    |  0/1 Time: 0:00:172019-08-22 07:03:34,904 | INFO  | DNAudit | user=null | ip=null | op=PUT_BLOCK {blockData=[blockId=conID: 3 locID: 102659353137578538 bcsId: 0,size=3145728]} | ret=SUCCESS |  
2019-08-22 07:03:34,904 | INFO  | DNAudit | user=null | ip=null | op=PUT_BLOCK {blockData=[blockId=conID: 3 locID: 102659353137578538 bcsId: 0,size=3145728]} | ret=SUCCESS |  
2019-08-22 07:03:34,904 | INFO  | DNAudit | user=null | ip=null | op=WRITE_CHUNK {blockData=conID: 3 locID: 102659353137578538 bcsId: 3097} | ret=SUCCESS |  
2019-08-22 07:03:34,905 | INFO  | DNAudit | user=null | ip=null | op=PUT_BLOCK {blockData=[blockId=conID: 3 locID: 102659353137578538 bcsId: 0,size=4194304]} | ret=SUCCESS |  
2019-08-22 07:03:34,905 [grpc-default-executor-3] INFO  client.GrpcClientProtocolClient (GrpcClientProtocolClient.java:onNext(255)) - client-CF63D631FA17->3cf1264f-5f6b-4138-aeee-2ff7d4522ead: receive RaftClientReply:client-CF63D631FA17->3cf1264f-5f6b-4138-aeee-2ff7d4522ead@group-561E16522154, cid=2103, SUCCESS, logIndex=3100, commits[3cf1264f-5f6b-4138-aeee-2ff7d4522ead:c3101, 4f0d1a15-8f14-4d9a-ad4f-8211e1245b5d:c3097, 6999f20e-c3f7-4db4-87ca-141c476f2a88:c3097]
2019-08-22 07:03:34,905 [grpc-default-executor-3] INFO  client.GrpcClientProtocolClient (GrpcClientProtocolClient.java:onNext(255)) - client-CF63D631FA17->3cf1264f-5f6b-4138-aeee-2ff7d4522ead: receive RaftClientReply:client-CF63D631FA17->3cf1264f-5f6b-4138-aeee-2ff7d4522ead@group-561E16522154, cid=2104, SUCCESS, logIndex=3101, commits[3cf1264f-5f6b-4138-aeee-2ff7d4522ead:c3101, 4f0d1a15-8f14-4d9a-ad4f-8211e1245b5d:c3097, 6999f20e-c3f7-4db4-87ca-141c476f2a88:c3097]
2019-08-22 07:03:34,916 | INFO  | DNAudit | user=null | ip=null | op=WRITE_CHUNK {blockData=conID: 3 locID: 102659353137578538 bcsId: 3097} | ret=SUCCESS |  
2019-08-22 07:03:34,916 | INFO  | DNAudit | user=null | ip=null | op=WRITE_CHUNK {blockData=conID: 3 locID: 102659353137578538 bcsId: 3097} | ret=SUCCESS |  
2019-08-22 07:03:34,919 | INFO  | DNAudit | user=null | ip=null | op=PUT_BLOCK {blockData=[blockId=conID: 3 locID: 102659353137578538 bcsId: 0,size=4194304]} | ret=SUCCESS |  
2019-08-22 07:03:34,919 | INFO  | DNAudit | user=null | ip=null | op=PUT_BLOCK {blockData=[blockId=conID: 3 locID: 102659353137578538 bcsId: 0,size=4194304]} | ret=SUCCESS |  
2019-08-22 07:03:34,919 [grpc-default-executor-1] INFO  client.GrpcClientProtocolClient (GrpcClientProtocolClient.java:onNext(255)) - client-CF63D631FA17->3cf1264f-5f6b-4138-aeee-2ff7d4522ead: receive RaftClientReply:client-CF63D631FA17->3cf1264f-5f6b-4138-aeee-2ff7d4522ead@group-561E16522154, cid=2105, SUCCESS, logIndex=0, commits[3cf1264f-5f6b-4138-aeee-2ff7d4522ead:c3102, 4f0d1a15-8f14-4d9a-ad4f-8211e1245b5d:c3101, 6999f20e-c3f7-4db4-87ca-141c476f2a88:c3101]
2019-08-22 07:03:34,924 | INFO  | SCMAudit | user=jenkins1000 | ip=192.168.34.31 | op=ALLOCATE_BLOCK {owner=04b6d46a-98e2-41b1-9f38-1870289993ea, size=4194304, type=RATIS, factor=THREE} | ret=SUCCESS |  
2019-08-22 07:03:34,925 | INFO  | SCMAudit | user=jenkins1000 | ip=192.168.34.31 | op=SEND_HEARTBEAT {datanodeUUID=4f0d1a15-8f14-4d9a-ad4f-8211e1245b5d, command=[]} | ret=SUCCESS |  
2019-08-22 07:03:34,925 | INFO  | SCMAudit | user=jenkins1000 | ip=192.168.34.31 | op=SEND_HEARTBEAT {datanodeUUID=6999f20e-c3f7-4db4-87ca-141c476f2a88, command=[]} | ret=SUCCESS |  
2019-08-22 07:03:34,925 | INFO  | SCMAudit | user=jenkins1000 | ip=192.168.34.31 | op=SEND_HEARTBEAT {datanodeUUID=3cf1264f-5f6b-4138-aeee-2ff7d4522ead, command=[]} | ret=SUCCESS |  
2019-08-22 07:03:34,927 | INFO  | OMAudit | user=jenkins1000 | ip=127.0.0.1 | op=ALLOCATE_BLOCK {volume=vol-0-14906, bucket=bucket-0-53153, key=key-0-33222, dataSize=0, replicationType=null, replicationFactor=null, keyLocationInfo=null, clientID=102659352017764754} | ret=SUCCESS |  
2019-08-22 07:03:34,933 | INFO  | DNAudit | user=null | ip=null | op=WRITE_CHUNK {blockData=conID: 1 locID: 102659353144459819 bcsId: 0} | ret=SUCCESS |  
2019-08-22 07:03:34,935 | INFO  | DNAudit | user=null | ip=null | op=WRITE_CHUNK {blockData=conID: 1 locID: 102659353144459819 bcsId: 0} | ret=SUCCESS |  
2019-08-22 07:03:34,936 | INFO  | DNAudit | user=null | ip=null | op=WRITE_CHUNK {blockData=conID: 1 locID: 102659353144459819 bcsId: 0} | ret=SUCCESS |  
2019-08-22 07:03:34,937 | INFO  | DNAudit | user=null | ip=null | op=WRITE_CHUNK {blockData=conID: 1 locID: 102659353144459819 bcsId: 0} | ret=SUCCESS |  
2019-08-22 07:03:34,938 | INFO  | DNAudit | user=null | ip=null | op=WRITE_CHUNK {blockData=conID: 1 locID: 102659353144459819 bcsId: 0} | ret=SUCCESS |  
2019-08-22 07:03:34,939 | INFO  | DNAudit | user=null | ip=null | op=WRITE_CHUNK {blockData=conID: 1 locID: 102659353144459819 bcsId: 0} | ret=SUCCESS |  
2019-08-22 07:03:34,949 | INFO  | DNAudit | user=null | ip=null | op=WRITE_CHUNK {blockData=conID: 1 locID: 102659353144459819 bcsId: 0} | ret=SUCCESS |  
2019-08-22 07:03:34,949 | INFO  | DNAudit | user=null | ip=null | op=PUT_BLOCK {blockData=[blockId=conID: 1 locID: 102659353144459819 bcsId: 0,size=1048576]} | ret=SUCCESS |  
2019-08-22 07:03:34,949 [grpc-default-executor-3] INFO  client.GrpcClientProtocolClient (GrpcClientProtocolClient.java:onNext(255)) - client-CF63D631FA17->3cf1264f-5f6b-4138-aeee-2ff7d4522ead: receive RaftClientReply:client-CF63D631FA17->3cf1264f-5f6b-4138-aeee-2ff7d4522ead@group-561E16522154, cid=2106, SUCCESS, logIndex=3104, commits[3cf1264f-5f6b-4138-aeee-2ff7d4522ead:c3106, 4f0d1a15-8f14-4d9a-ad4f-8211e1245b5d:c3103, 6999f20e-c3f7-4db4-87ca-141c476f2a88:c3103]
2019-08-22 07:03:34,950 | INFO  | DNAudit | user=null | ip=null | op=WRITE_CHUNK {blockData=conID: 1 locID: 102659353144459819 bcsId: 0} | ret=SUCCESS |  
2019-08-22 07:03:34,950 [grpc-default-executor-3] INFO  client.GrpcClientProtocolClient (GrpcClientProtocolClient.java:onNext(255)) - client-CF63D631FA17->3cf1264f-5f6b-4138-aeee-2ff7d4522ead: receive RaftClientReply:client-CF63D631FA17->3cf1264f-5f6b-4138-aeee-2ff7d4522ead@group-561E16522154, cid=2107, SUCCESS, logIndex=3105, commits[3cf1264f-5f6b-4138-aeee-2ff7d4522ead:c3107, 4f0d1a15-8f14-4d9a-ad4f-8211e1245b5d:c3103, 6999f20e-c3f7-4db4-87ca-141c476f2a88:c3103]
2019-08-22 07:03:34,950 | INFO  | DNAudit | user=null | ip=null | op=PUT_BLOCK {blockData=[blockId=conID: 1 locID: 102659353144459819 bcsId: 0,size=2097152]} | ret=SUCCESS |  
2019-08-22 07:03:34,950 [grpc-default-executor-3] INFO  client.GrpcClientProtocolClient (GrpcClientProtocolClient.java:onNext(255)) - client-CF63D631FA17->3cf1264f-5f6b-4138-aeee-2ff7d4522ead: receive RaftClientReply:client-CF63D631FA17->3cf1264f-5f6b-4138-aeee-2ff7d4522ead@group-561E16522154, cid=2108, SUCCESS, logIndex=3106, commits[3cf1264f-5f6b-4138-aeee-2ff7d4522ead:c3107, 4f0d1a15-8f14-4d9a-ad4f-8211e1245b5d:c3103, 6999f20e-c3f7-4db4-87ca-141c476f2a88:c3103]
2019-08-22 07:03:34,951 [grpc-default-executor-3] INFO  client.GrpcClientProtocolClient (GrpcClientProtocolClient.java:onNext(255)) - client-CF63D631FA17->3cf1264f-5f6b-4138-aeee-2ff7d4522ead: receive RaftClientReply:client-CF63D631FA17->3cf1264f-5f6b-4138-aeee-2ff7d4522ead@group-561E16522154, cid=2109, SUCCESS, logIndex=3107, commits[3cf1264f-5f6b-4138-aeee-2ff7d4522ead:c3107, 4f0d1a15-8f14-4d9a-ad4f-8211e1245b5d:c3103, 6999f20e-c3f7-4db4-87ca-141c476f2a88:c3103]
2019-08-22 07:03:34,960 | INFO  | DNAudit | user=null | ip=null | op=WRITE_CHUNK {blockData=conID: 1 locID: 102659353144459819 bcsId: 0} | ret=SUCCESS |  
2019-08-22 07:03:34,960 | INFO  | DNAudit | user=null | ip=null | op=WRITE_CHUNK {blockData=conID: 1 locID: 102659353144459819 bcsId: 0} | ret=SUCCESS |  
2019-08-22 07:03:34,960 | INFO  | DNAudit | user=null | ip=null | op=PUT_BLOCK {blockData=[blockId=conID: 1 locID: 102659353144459819 bcsId: 0,size=1048576]} | ret=SUCCESS |  
2019-08-22 07:03:34,962 | INFO  | DNAudit | user=null | ip=null | op=WRITE_CHUNK {blockData=conID: 1 locID: 102659353144459819 bcsId: 0} | ret=SUCCESS |  
2019-08-22 07:03:34,963 | INFO  | DNAudit | user=null | ip=null | op=PUT_BLOCK {blockData=[blockId=conID: 1 locID: 102659353144459819 bcsId: 0,size=1048576]} | ret=SUCCESS |  
2019-08-22 07:03:34,963 | INFO  | DNAudit | user=null | ip=null | op=PUT_BLOCK {blockData=[blockId=conID: 1 locID: 102659353144459819 bcsId: 0,size=2097152]} | ret=SUCCESS |  
2019-08-22 07:03:34,963 | INFO  | DNAudit | user=null | ip=null | op=WRITE_CHUNK {blockData=conID: 1 locID: 102659353144459819 bcsId: 0} | ret=SUCCESS |  
2019-08-22 07:03:34,963 | INFO  | DNAudit | user=null | ip=null | op=PUT_BLOCK {blockData=[blockId=conID: 1 locID: 102659353144459819 bcsId: 0,size=2097152]} | ret=SUCCESS |  
2019-08-22 07:03:34,963 [grpc-default-executor-0] INFO  client.GrpcClientProtocolClient (GrpcClientProtocolClient.java:onNext(255)) - client-CF63D631FA17->3cf1264f-5f6b-4138-aeee-2ff7d4522ead: receive RaftClientReply:client-CF63D631FA17->3cf1264f-5f6b-4138-aeee-2ff7d4522ead@group-561E16522154, cid=2110, SUCCESS, logIndex=0, commits[3cf1264f-5f6b-4138-aeee-2ff7d4522ead:c3110, 4f0d1a15-8f14-4d9a-ad4f-8211e1245b5d:c3105, 6999f20e-c3f7-4db4-87ca-141c476f2a88:c3107]
2019-08-22 07:03:34,969 | INFO  | DNAudit | user=null | ip=null | op=WRITE_CHUNK {blockData=conID: 1 locID: 102659353144459819 bcsId: 3107} | ret=SUCCESS |  
2019-08-22 07:03:34,972 | INFO  | DNAudit | user=null | ip=null | op=WRITE_CHUNK {blockData=conID: 1 locID: 102659353144459819 bcsId: 3107} | ret=SUCCESS |  
2019-08-22 07:03:34,972 | INFO  | DNAudit | user=null | ip=null | op=WRITE_CHUNK {blockData=conID: 1 locID: 102659353144459819 bcsId: 3107} | ret=SUCCESS |  
2019-08-22 07:03:34,981 | INFO  | DNAudit | user=null | ip=null | op=WRITE_CHUNK {blockData=conID: 1 locID: 102659353144459819 bcsId: 3107} | ret=SUCCESS |  
2019-08-22 07:03:34,981 | INFO  | DNAudit | user=null | ip=null | op=PUT_BLOCK {blockData=[blockId=conID: 1 locID: 102659353144459819 bcsId: 0,size=3145728]} | ret=SUCCESS |  
2019-08-22 07:03:34,981 [grpc-default-executor-0] INFO  client.GrpcClientProtocolClient (GrpcClientProtocolClient.java:onNext(255)) - client-CF63D631FA17->3cf1264f-5f6b-4138-aeee-2ff7d4522ead: receive RaftClientReply:client-CF63D631FA17->3cf1264f-5f6b-4138-aeee-2ff7d4522ead@group-561E16522154, cid=2111, SUCCESS, logIndex=3112, commits[3cf1264f-5f6b-4138-aeee-2ff7d4522ead:c3113, 4f0d1a15-8f14-4d9a-ad4f-8211e1245b5d:c3111, 6999f20e-c3f7-4db4-87ca-141c476f2a88:c3111]
2019-08-22 07:03:34,982 [grpc-default-executor-0] INFO  client.GrpcClientProtocolClient (GrpcClientProtocolClient.java:onNext(255)) - client-CF63D631FA17->3cf1264f-5f6b-4138-aeee-2ff7d4522ead: receive RaftClientReply:client-CF63D631FA17->3cf1264f-5f6b-4138-aeee-2ff7d4522ead@group-561E16522154, cid=2112, SUCCESS, logIndex=3113, commits[3cf1264f-5f6b-4138-aeee-2ff7d4522ead:c3113, 4f0d1a15-8f14-4d9a-ad4f-8211e1245b5d:c3111, 6999f20e-c3f7-4db4-87ca-141c476f2a88:c3111]
2019-08-22 07:03:34,984 | INFO  | DNAudit | user=null | ip=null | op=WRITE_CHUNK {blockData=conID: 1 locID: 102659353144459819 bcsId: 3107} | ret=SUCCESS |  
2019-08-22 07:03:34,984 | INFO  | DNAudit | user=null | ip=null | op=WRITE_CHUNK {blockData=conID: 1 locID: 102659353144459819 bcsId: 3107} | ret=SUCCESS |  
2019-08-22 07:03:34,988 | INFO  | DNAudit | user=null | ip=null | op=WRITE_CHUNK {blockData=conID: 1 locID: 102659353144459819 bcsId: 3113} | ret=SUCCESS |  
2019-08-22 07:03:34,988 | INFO  | DNAudit | user=null | ip=null | op=PUT_BLOCK {blockData=[blockId=conID: 1 locID: 102659353144459819 bcsId: 0,size=3145728]} | ret=SUCCESS |  
2019-08-22 07:03:34,988 | INFO  | DNAudit | user=null | ip=null | op=PUT_BLOCK {blockData=[blockId=conID: 1 locID: 102659353144459819 bcsId: 0,size=3145728]} | ret=SUCCESS |  
2019-08-22 07:03:34,991 | INFO  | DNAudit | user=null | ip=null | op=WRITE_CHUNK {blockData=conID: 1 locID: 102659353144459819 bcsId: 3113} | ret=SUCCESS |  
2019-08-22 07:03:34,991 | INFO  | DNAudit | user=null | ip=null | op=WRITE_CHUNK {blockData=conID: 1 locID: 102659353144459819 bcsId: 3113} | ret=SUCCESS |  
2019-08-22 07:03:35,007 | INFO  | DNAudit | user=null | ip=null | op=WRITE_CHUNK {blockData=conID: 1 locID: 102659353144459819 bcsId: 3113} | ret=SUCCESS |  
2019-08-22 07:03:35,008 | INFO  | DNAudit | user=null | ip=null | op=PUT_BLOCK {blockData=[blockId=conID: 1 locID: 102659353144459819 bcsId: 0,size=4194304]} | ret=SUCCESS |  
2019-08-22 07:03:35,008 [grpc-default-executor-0] INFO  client.GrpcClientProtocolClient (GrpcClientProtocolClient.java:onNext(255)) - client-CF63D631FA17->3cf1264f-5f6b-4138-aeee-2ff7d4522ead: receive RaftClientReply:client-CF63D631FA17->3cf1264f-5f6b-4138-aeee-2ff7d4522ead@group-561E16522154, cid=2113, SUCCESS, logIndex=3116, commits[3cf1264f-5f6b-4138-aeee-2ff7d4522ead:c3117, 4f0d1a15-8f14-4d9a-ad4f-8211e1245b5d:c3114, 6999f20e-c3f7-4db4-87ca-141c476f2a88:c3114]
2019-08-22 07:03:35,008 [grpc-default-executor-0] INFO  client.GrpcClientProtocolClient (GrpcClientProtocolClient.java:onNext(255)) - client-CF63D631FA17->3cf1264f-5f6b-4138-aeee-2ff7d4522ead: receive RaftClientReply:client-CF63D631FA17->3cf1264f-5f6b-4138-aeee-2ff7d4522ead@group-561E16522154, cid=2114, SUCCESS, logIndex=3117, commits[3cf1264f-5f6b-4138-aeee-2ff7d4522ead:c3117, 4f0d1a15-8f14-4d9a-ad4f-8211e1245b5d:c3114, 6999f20e-c3f7-4db4-87ca-141c476f2a88:c3114]
2019-08-22 07:03:35,020 | INFO  | DNAudit | user=null | ip=null | op=WRITE_CHUNK {blockData=conID: 1 locID: 102659353144459819 bcsId: 3113} | ret=SUCCESS |  
2019-08-22 07:03:35,020 | INFO  | DNAudit | user=null | ip=null | op=WRITE_CHUNK {blockData=conID: 1 locID: 102659353144459819 bcsId: 3113} | ret=SUCCESS |  
2019-08-22 07:03:35,022 | INFO  | DNAudit | user=null | ip=null | op=PUT_BLOCK {blockData=[blockId=conID: 1 locID: 102659353144459819 bcsId: 0,size=4194304]} | ret=SUCCESS |  
2019-08-22 07:03:35,022 | INFO  | DNAudit | user=null | ip=null | op=PUT_BLOCK {blockData=[blockId=conID: 1 locID: 102659353144459819 bcsId: 0,size=4194304]} | ret=SUCCESS |  
2019-08-22 07:03:35,023 [grpc-default-executor-0] INFO  client.GrpcClientProtocolClient (GrpcClientProtocolClient.java:onNext(255)) - client-CF63D631FA17->3cf1264f-5f6b-4138-aeee-2ff7d4522ead: receive RaftClientReply:client-CF63D631FA17->3cf1264f-5f6b-4138-aeee-2ff7d4522ead@group-561E16522154, cid=2115, SUCCESS, logIndex=0, commits[3cf1264f-5f6b-4138-aeee-2ff7d4522ead:c3119, 4f0d1a15-8f14-4d9a-ad4f-8211e1245b5d:c3117, 6999f20e-c3f7-4db4-87ca-141c476f2a88:c3117]
2019-08-22 07:03:35,033 | INFO  | SCMAudit | user=jenkins1000 | ip=192.168.34.31 | op=ALLOCATE_BLOCK {owner=04b6d46a-98e2-41b1-9f38-1870289993ea, size=4194304, type=RATIS, factor=THREE} | ret=SUCCESS |  
2019-08-22 07:03:35,037 | INFO  | OMAudit | user=jenkins1000 | ip=127.0.0.1 | op=ALLOCATE_BLOCK {volume=vol-0-14906, bucket=bucket-0-53153, key=key-0-33222, dataSize=0, replicationType=null, replicationFactor=null, keyLocationInfo=null, clientID=102659352017764754} | ret=SUCCESS |  
2019-08-22 07:03:35,044 | INFO  | DNAudit | user=null | ip=null | op=WRITE_CHUNK {blockData=conID: 2 locID: 102659353151603244 bcsId: 0} | ret=SUCCESS |  
2019-08-22 07:03:35,046 | INFO  | DNAudit | user=null | ip=null | op=WRITE_CHUNK {blockData=conID: 2 locID: 102659353151603244 bcsId: 0} | ret=SUCCESS |  
2019-08-22 07:03:35,046 | INFO  | DNAudit | user=null | ip=null | op=WRITE_CHUNK {blockData=conID: 2 locID: 102659353151603244 bcsId: 0} | ret=SUCCESS |  
2019-08-22 07:03:35,047 | INFO  | DNAudit | user=null | ip=null | op=WRITE_CHUNK {blockData=conID: 2 locID: 102659353151603244 bcsId: 0} | ret=SUCCESS |  
2019-08-22 07:03:35,048 | INFO  | DNAudit | user=null | ip=null | op=WRITE_CHUNK {blockData=conID: 2 locID: 102659353151603244 bcsId: 0} | ret=SUCCESS |  
2019-08-22 07:03:35,049 | INFO  | DNAudit | user=null | ip=null | op=WRITE_CHUNK {blockData=conID: 2 locID: 102659353151603244 bcsId: 0} | ret=SUCCESS |  
2019-08-22 07:03:35,057 | INFO  | DNAudit | user=null | ip=null | op=WRITE_CHUNK {blockData=conID: 2 locID: 102659353151603244 bcsId: 0} | ret=SUCCESS |  
2019-08-22 07:03:35,057 | INFO  | DNAudit | user=null | ip=null | op=PUT_BLOCK {blockData=[blockId=conID: 2 locID: 102659353151603244 bcsId: 0,size=1048576]} | ret=SUCCESS |  
2019-08-22 07:03:35,057 [grpc-default-executor-3] INFO  client.GrpcClientProtocolClient (GrpcClientProtocolClient.java:onNext(255)) - client-CF63D631FA17->3cf1264f-5f6b-4138-aeee-2ff7d4522ead: receive RaftClientReply:client-CF63D631FA17->3cf1264f-5f6b-4138-aeee-2ff7d4522ead@group-561E16522154, cid=2116, SUCCESS, logIndex=3120, commits[3cf1264f-5f6b-4138-aeee-2ff7d4522ead:c3122, 4f0d1a15-8f14-4d9a-ad4f-8211e1245b5d:c3119, 6999f20e-c3f7-4db4-87ca-141c476f2a88:c3119]
2019-08-22 07:03:35,058 | INFO  | DNAudit | user=null | ip=null | op=WRITE_CHUNK {blockData=conID: 2 locID: 102659353151603244 bcsId: 0} | ret=SUCCESS |  
2019-08-22 07:03:35,058 [grpc-default-executor-3] INFO  client.GrpcClientProtocolClient (GrpcClientProtocolClient.java:onNext(255)) - client-CF63D631FA17->3cf1264f-5f6b-4138-aeee-2ff7d4522ead: receive RaftClientReply:client-CF63D631FA17->3cf1264f-5f6b-4138-aeee-2ff7d4522ead@group-561E16522154, cid=2117, SUCCESS, logIndex=3121, commits[3cf1264f-5f6b-4138-aeee-2ff7d4522ead:c3123, 4f0d1a15-8f14-4d9a-ad4f-8211e1245b5d:c3119, 6999f20e-c3f7-4db4-87ca-141c476f2a88:c3119]
2019-08-22 07:03:35,058 | INFO  | DNAudit | user=null | ip=null | op=PUT_BLOCK {blockData=[blockId=conID: 2 locID: 102659353151603244 bcsId: 0,size=2097152]} | ret=SUCCESS |  
2019-08-22 07:03:35,058 [grpc-default-executor-3] INFO  client.GrpcClientProtocolClient (GrpcClientProtocolClient.java:onNext(255)) - client-CF63D631FA17->3cf1264f-5f6b-4138-aeee-2ff7d4522ead: receive RaftClientReply:client-CF63D631FA17->3cf1264f-5f6b-4138-aeee-2ff7d4522ead@group-561E16522154, cid=2118, SUCCESS, logIndex=3122, commits[3cf1264f-5f6b-4138-aeee-2ff7d4522ead:c3123, 4f0d1a15-8f14-4d9a-ad4f-8211e1245b5d:c3119, 6999f20e-c3f7-4db4-87ca-141c476f2a88:c3119]
2019-08-22 07:03:35,059 [grpc-default-executor-3] INFO  client.GrpcClientProtocolClient (GrpcClientProtocolClient.java:onNext(255)) - client-CF63D631FA17->3cf1264f-5f6b-4138-aeee-2ff7d4522ead: receive RaftClientReply:client-CF63D631FA17->3cf1264f-5f6b-4138-aeee-2ff7d4522ead@group-561E16522154, cid=2119, SUCCESS, logIndex=3123, commits[3cf1264f-5f6b-4138-aeee-2ff7d4522ead:c3123, 4f0d1a15-8f14-4d9a-ad4f-8211e1245b5d:c3119, 6999f20e-c3f7-4db4-87ca-141c476f2a88:c3119]
2019-08-22 07:03:35,060 | INFO  | DNAudit | user=null | ip=null | op=WRITE_CHUNK {blockData=conID: 2 locID: 102659353151603244 bcsId: 0} | ret=SUCCESS |  
2019-08-22 07:03:35,060 | INFO  | DNAudit | user=null | ip=null | op=WRITE_CHUNK {blockData=conID: 2 locID: 102659353151603244 bcsId: 0} | ret=SUCCESS |  
2019-08-22 07:03:35,060 | INFO  | DNAudit | user=null | ip=null | op=PUT_BLOCK {blockData=[blockId=conID: 2 locID: 102659353151603244 bcsId: 0,size=1048576]} | ret=SUCCESS |  
2019-08-22 07:03:35,061 | INFO  | DNAudit | user=null | ip=null | op=WRITE_CHUNK {blockData=conID: 2 locID: 102659353151603244 bcsId: 0} | ret=SUCCESS |  
2019-08-22 07:03:35,073 | INFO  | DNAudit | user=null | ip=null | op=PUT_BLOCK {blockData=[blockId=conID: 2 locID: 102659353151603244 bcsId: 0,size=2097152]} | ret=SUCCESS |  
2019-08-22 07:03:35,073 | INFO  | DNAudit | user=null | ip=null | op=PUT_BLOCK {blockData=[blockId=conID: 2 locID: 102659353151603244 bcsId: 0,size=1048576]} | ret=SUCCESS |  
2019-08-22 07:03:35,073 | INFO  | DNAudit | user=null | ip=null | op=WRITE_CHUNK {blockData=conID: 2 locID: 102659353151603244 bcsId: 0} | ret=SUCCESS |  
2019-08-22 07:03:35,074 | INFO  | DNAudit | user=null | ip=null | op=PUT_BLOCK {blockData=[blockId=conID: 2 locID: 102659353151603244 bcsId: 0,size=2097152]} | ret=SUCCESS |  
2019-08-22 07:03:35,074 [grpc-default-executor-3] INFO  client.GrpcClientProtocolClient (GrpcClientProtocolClient.java:onNext(255)) - client-CF63D631FA17->3cf1264f-5f6b-4138-aeee-2ff7d4522ead: receive RaftClientReply:client-CF63D631FA17->3cf1264f-5f6b-4138-aeee-2ff7d4522ead@group-561E16522154, cid=2120, SUCCESS, logIndex=0, commits[3cf1264f-5f6b-4138-aeee-2ff7d4522ead:c3127, 4f0d1a15-8f14-4d9a-ad4f-8211e1245b5d:c3121, 6999f20e-c3f7-4db4-87ca-141c476f2a88:c3123]
2019-08-22 07:03:35,080 | INFO  | DNAudit | user=null | ip=null | op=WRITE_CHUNK {blockData=conID: 2 locID: 102659353151603244 bcsId: 3123} | ret=SUCCESS |  
2019-08-22 07:03:35,083 | INFO  | DNAudit | user=null | ip=null | op=WRITE_CHUNK {blockData=conID: 2 locID: 102659353151603244 bcsId: 3123} | ret=SUCCESS |  
2019-08-22 07:03:35,083 | INFO  | DNAudit | user=null | ip=null | op=WRITE_CHUNK {blockData=conID: 2 locID: 102659353151603244 bcsId: 3123} | ret=SUCCESS |  
2019-08-22 07:03:35,092 | INFO  | DNAudit | user=null | ip=null | op=WRITE_CHUNK {blockData=conID: 2 locID: 102659353151603244 bcsId: 3123} | ret=SUCCESS |  
2019-08-22 07:03:35,093 | INFO  | DNAudit | user=null | ip=null | op=PUT_BLOCK {blockData=[blockId=conID: 2 locID: 102659353151603244 bcsId: 0,size=3145728]} | ret=SUCCESS |  
2019-08-22 07:03:35,093 [grpc-default-executor-1] INFO  client.GrpcClientProtocolClient (GrpcClientProtocolClient.java:onNext(255)) - client-CF63D631FA17->3cf1264f-5f6b-4138-aeee-2ff7d4522ead: receive RaftClientReply:client-CF63D631FA17->3cf1264f-5f6b-4138-aeee-2ff7d4522ead@group-561E16522154, cid=2121, SUCCESS, logIndex=3128, commits[3cf1264f-5f6b-4138-aeee-2ff7d4522ead:c3129, 4f0d1a15-8f14-4d9a-ad4f-8211e1245b5d:c3127, 6999f20e-c3f7-4db4-87ca-141c476f2a88:c3127]
2019-08-22 07:03:35,093 [grpc-default-executor-1] INFO  client.GrpcClientProtocolClient (GrpcClientProtocolClient.java:onNext(255)) - client-CF63D631FA17->3cf1264f-5f6b-4138-aeee-2ff7d4522ead: receive RaftClientReply:client-CF63D631FA17->3cf1264f-5f6b-4138-aeee-2ff7d4522ead@group-561E16522154, cid=2122, SUCCESS, logIndex=3129, commits[3cf1264f-5f6b-4138-aeee-2ff7d4522ead:c3129, 4f0d1a15-8f14-4d9a-ad4f-8211e1245b5d:c3127, 6999f20e-c3f7-4db4-87ca-141c476f2a88:c3127]
2019-08-22 07:03:35,099 | INFO  | DNAudit | user=null | ip=null | op=WRITE_CHUNK {blockData=conID: 2 locID: 102659353151603244 bcsId: 3129} | ret=SUCCESS |  
2019-08-22 07:03:35,102 | INFO  | DNAudit | user=null | ip=null | op=WRITE_CHUNK {blockData=conID: 2 locID: 102659353151603244 bcsId: 3129} | ret=SUCCESS |  
2019-08-22 07:03:35,102 | INFO  | DNAudit | user=null | ip=null | op=WRITE_CHUNK {blockData=conID: 2 locID: 102659353151603244 bcsId: 3129} | ret=SUCCESS |  
2019-08-22 07:03:35,104 | INFO  | DNAudit | user=null | ip=null | op=WRITE_CHUNK {blockData=conID: 2 locID: 102659353151603244 bcsId: 3123} | ret=SUCCESS |  
2019-08-22 07:03:35,104 | INFO  | DNAudit | user=null | ip=null | op=WRITE_CHUNK {blockData=conID: 2 locID: 102659353151603244 bcsId: 3123} | ret=SUCCESS |  
2019-08-22 07:03:35,104 | INFO  | DNAudit | user=null | ip=null | op=PUT_BLOCK {blockData=[blockId=conID: 2 locID: 102659353151603244 bcsId: 0,size=3145728]} | ret=SUCCESS |  
2019-08-22 07:03:35,104 | INFO  | DNAudit | user=null | ip=null | op=PUT_BLOCK {blockData=[blockId=conID: 2 locID: 102659353151603244 bcsId: 0,size=3145728]} | ret=SUCCESS |  
2019-08-22 07:03:35,107 | INFO  | DNAudit | user=null | ip=null | op=WRITE_CHUNK {blockData=conID: 2 locID: 102659353151603244 bcsId: 3129} | ret=SUCCESS |  
2019-08-22 07:03:35,108 | INFO  | DNAudit | user=null | ip=null | op=PUT_BLOCK {blockData=[blockId=conID: 2 locID: 102659353151603244 bcsId: 0,size=4194304]} | ret=SUCCESS |  
2019-08-22 07:03:35,108 [grpc-default-executor-1] INFO  client.GrpcClientProtocolClient (GrpcClientProtocolClient.java:onNext(255)) - client-CF63D631FA17->3cf1264f-5f6b-4138-aeee-2ff7d4522ead: receive RaftClientReply:client-CF63D631FA17->3cf1264f-5f6b-4138-aeee-2ff7d4522ead@group-561E16522154, cid=2123, SUCCESS, logIndex=3132, commits[3cf1264f-5f6b-4138-aeee-2ff7d4522ead:c3133, 4f0d1a15-8f14-4d9a-ad4f-8211e1245b5d:c3129, 6999f20e-c3f7-4db4-87ca-141c476f2a88:c3129]
2019-08-22 07:03:35,108 [grpc-default-executor-1] INFO  client.GrpcClientProtocolClient (GrpcClientProtocolClient.java:onNext(255)) - client-CF63D631FA17->3cf1264f-5f6b-4138-aeee-2ff7d4522ead: receive RaftClientReply:client-CF63D631FA17->3cf1264f-5f6b-4138-aeee-2ff7d4522ead@group-561E16522154, cid=2124, SUCCESS, logIndex=3133, commits[3cf1264f-5f6b-4138-aeee-2ff7d4522ead:c3133, 4f0d1a15-8f14-4d9a-ad4f-8211e1245b5d:c3129, 6999f20e-c3f7-4db4-87ca-141c476f2a88:c3129]
2019-08-22 07:03:35,120 | INFO  | DNAudit | user=null | ip=null | op=WRITE_CHUNK {blockData=conID: 2 locID: 102659353151603244 bcsId: 3129} | ret=SUCCESS |  
2019-08-22 07:03:35,120 | INFO  | DNAudit | user=null | ip=null | op=WRITE_CHUNK {blockData=conID: 2 locID: 102659353151603244 bcsId: 3129} | ret=SUCCESS |  
2019-08-22 07:03:35,132 | INFO  | DNAudit | user=null | ip=null | op=PUT_BLOCK {blockData=[blockId=conID: 2 locID: 102659353151603244 bcsId: 0,size=4194304]} | ret=SUCCESS |  
2019-08-22 07:03:35,132 | INFO  | DNAudit | user=null | ip=null | op=PUT_BLOCK {blockData=[blockId=conID: 2 locID: 102659353151603244 bcsId: 0,size=4194304]} | ret=SUCCESS |  
2019-08-22 07:03:35,132 [grpc-default-executor-0] INFO  client.GrpcClientProtocolClient (GrpcClientProtocolClient.java:onNext(255)) - client-CF63D631FA17->3cf1264f-5f6b-4138-aeee-2ff7d4522ead: receive RaftClientReply:client-CF63D631FA17->3cf1264f-5f6b-4138-aeee-2ff7d4522ead@group-561E16522154, cid=2125, SUCCESS, logIndex=0, commits[3cf1264f-5f6b-4138-aeee-2ff7d4522ead:c3134, 4f0d1a15-8f14-4d9a-ad4f-8211e1245b5d:c3133, 6999f20e-c3f7-4db4-87ca-141c476f2a88:c3133]
2019-08-22 07:03:35,138 | INFO  | SCMAudit | user=jenkins1000 | ip=192.168.34.31 | op=ALLOCATE_BLOCK {owner=04b6d46a-98e2-41b1-9f38-1870289993ea, size=4194304, type=RATIS, factor=THREE} | ret=SUCCESS |  
2019-08-22 07:03:35,141 | INFO  | OMAudit | user=jenkins1000 | ip=127.0.0.1 | op=ALLOCATE_BLOCK {volume=vol-0-14906, bucket=bucket-0-53153, key=key-0-33222, dataSize=0, replicationType=null, replicationFactor=null, keyLocationInfo=null, clientID=102659352017764754} | ret=SUCCESS |  
2019-08-22 07:03:35,148 | INFO  | DNAudit | user=null | ip=null | op=WRITE_CHUNK {blockData=conID: 3 locID: 102659353158484525 bcsId: 0} | ret=SUCCESS |  
2019-08-22 07:03:35,151 | INFO  | DNAudit | user=null | ip=null | op=WRITE_CHUNK {blockData=conID: 3 locID: 102659353158484525 bcsId: 0} | ret=SUCCESS |  
2019-08-22 07:03:35,151 | INFO  | DNAudit | user=null | ip=null | op=WRITE_CHUNK {blockData=conID: 3 locID: 102659353158484525 bcsId: 0} | ret=SUCCESS |  
2019-08-22 07:03:35,151 | INFO  | DNAudit | user=null | ip=null | op=WRITE_CHUNK {blockData=conID: 3 locID: 102659353158484525 bcsId: 0} | ret=SUCCESS |  
2019-08-22 07:03:35,152 | INFO  | DNAudit | user=null | ip=null | op=WRITE_CHUNK {blockData=conID: 3 locID: 102659353158484525 bcsId: 0} | ret=SUCCESS |  
2019-08-22 07:03:35,153 | INFO  | DNAudit | user=null | ip=null | op=WRITE_CHUNK {blockData=conID: 3 locID: 102659353158484525 bcsId: 0} | ret=SUCCESS |  
2019-08-22 07:03:35,163 | INFO  | DNAudit | user=null | ip=null | op=WRITE_CHUNK {blockData=conID: 3 locID: 102659353158484525 bcsId: 0} | ret=SUCCESS |  
2019-08-22 07:03:35,163 | INFO  | DNAudit | user=null | ip=null | op=PUT_BLOCK {blockData=[blockId=conID: 3 locID: 102659353158484525 bcsId: 0,size=1048576]} | ret=SUCCESS |  
2019-08-22 07:03:35,163 [grpc-default-executor-0] INFO  client.GrpcClientProtocolClient (GrpcClientProtocolClient.java:onNext(255)) - client-CF63D631FA17->3cf1264f-5f6b-4138-aeee-2ff7d4522ead: receive RaftClientReply:client-CF63D631FA17->3cf1264f-5f6b-4138-aeee-2ff7d4522ead@group-561E16522154, cid=2126, SUCCESS, logIndex=3136, commits[3cf1264f-5f6b-4138-aeee-2ff7d4522ead:c3138, 4f0d1a15-8f14-4d9a-ad4f-8211e1245b5d:c3135, 6999f20e-c3f7-4db4-87ca-141c476f2a88:c3135]
2019-08-22 07:03:35,164 | INFO  | DNAudit | user=null | ip=null | op=WRITE_CHUNK {blockData=conID: 3 locID: 102659353158484525 bcsId: 0} | ret=SUCCESS |  
2019-08-22 07:03:35,164 | INFO  | DNAudit | user=null | ip=null | op=WRITE_CHUNK {blockData=conID: 3 locID: 102659353158484525 bcsId: 0} | ret=SUCCESS |  
2019-08-22 07:03:35,164 [grpc-default-executor-0] INFO  client.GrpcClientProtocolClient (GrpcClientProtocolClient.java:onNext(255)) - client-CF63D631FA17->3cf1264f-5f6b-4138-aeee-2ff7d4522ead: receive RaftClientReply:client-CF63D631FA17->3cf1264f-5f6b-4138-aeee-2ff7d4522ead@group-561E16522154, cid=2127, SUCCESS, logIndex=3137, commits[3cf1264f-5f6b-4138-aeee-2ff7d4522ead:c3139, 4f0d1a15-8f14-4d9a-ad4f-8211e1245b5d:c3135, 6999f20e-c3f7-4db4-87ca-141c476f2a88:c3135]
2019-08-22 07:03:35,164 | INFO  | DNAudit | user=null | ip=null | op=PUT_BLOCK {blockData=[blockId=conID: 3 locID: 102659353158484525 bcsId: 0,size=2097152]} | ret=SUCCESS |  
2019-08-22 07:03:35,164 [grpc-default-executor-0] INFO  client.GrpcClientProtocolClient (GrpcClientProtocolClient.java:onNext(255)) - client-CF63D631FA17->3cf1264f-5f6b-4138-aeee-2ff7d4522ead: receive RaftClientReply:client-CF63D631FA17->3cf1264f-5f6b-4138-aeee-2ff7d4522ead@group-561E16522154, cid=2128, SUCCESS, logIndex=3138, commits[3cf1264f-5f6b-4138-aeee-2ff7d4522ead:c3140, 4f0d1a15-8f14-4d9a-ad4f-8211e1245b5d:c3136, 6999f20e-c3f7-4db4-87ca-141c476f2a88:c3135]
2019-08-22 07:03:35,165 [grpc-default-executor-0] INFO  client.GrpcClientProtocolClient (GrpcClientProtocolClient.java:onNext(255)) - client-CF63D631FA17->3cf1264f-5f6b-4138-aeee-2ff7d4522ead: receive RaftClientReply:client-CF63D631FA17->3cf1264f-5f6b-4138-aeee-2ff7d4522ead@group-561E16522154, cid=2129, SUCCESS, logIndex=3139, commits[3cf1264f-5f6b-4138-aeee-2ff7d4522ead:c3140, 4f0d1a15-8f14-4d9a-ad4f-8211e1245b5d:c3136, 6999f20e-c3f7-4db4-87ca-141c476f2a88:c3135]
2019-08-22 07:03:35,165 | INFO  | DNAudit | user=null | ip=null | op=WRITE_CHUNK {blockData=conID: 3 locID: 102659353158484525 bcsId: 0} | ret=SUCCESS |  
2019-08-22 07:03:35,176 | INFO  | DNAudit | user=null | ip=null | op=PUT_BLOCK {blockData=[blockId=conID: 3 locID: 102659353158484525 bcsId: 0,size=1048576]} | ret=SUCCESS |  
2019-08-22 07:03:35,176 | INFO  | DNAudit | user=null | ip=null | op=WRITE_CHUNK {blockData=conID: 3 locID: 102659353158484525 bcsId: 0} | ret=SUCCESS |  
2019-08-22 07:03:35,177 | INFO  | DNAudit | user=null | ip=null | op=PUT_BLOCK {blockData=[blockId=conID: 3 locID: 102659353158484525 bcsId: 0,size=1048576]} | ret=SUCCESS |  
2019-08-22 07:03:35,177 | INFO  | DNAudit | user=null | ip=null | op=PUT_BLOCK {blockData=[blockId=conID: 3 locID: 102659353158484525 bcsId: 0,size=2097152]} | ret=SUCCESS |  
2019-08-22 07:03:35,177 | INFO  | DNAudit | user=null | ip=null | op=WRITE_CHUNK {blockData=conID: 3 locID: 102659353158484525 bcsId: 0} | ret=SUCCESS |  
2019-08-22 07:03:35,177 [grpc-default-executor-0] INFO  client.GrpcClientProtocolClient (GrpcClientProtocolClient.java:onNext(255)) - client-CF63D631FA17->3cf1264f-5f6b-4138-aeee-2ff7d4522ead: receive RaftClientReply:client-CF63D631FA17->3cf1264f-5f6b-4138-aeee-2ff7d4522ead@group-561E16522154, cid=2130, SUCCESS, logIndex=0, commits[3cf1264f-5f6b-4138-aeee-2ff7d4522ead:c3143, 4f0d1a15-8f14-4d9a-ad4f-8211e1245b5d:c3139, 6999f20e-c3f7-4db4-87ca-141c476f2a88:c3137]
2019-08-22 07:03:35,177 | INFO  | DNAudit | user=null | ip=null | op=PUT_BLOCK {blockData=[blockId=conID: 3 locID: 102659353158484525 bcsId: 0,size=2097152]} | ret=SUCCESS |  
2019-08-22 07:03:35,184 | INFO  | DNAudit | user=null | ip=null | op=WRITE_CHUNK {blockData=conID: 3 locID: 102659353158484525 bcsId: 3139} | ret=SUCCESS |  
2019-08-22 07:03:35,186 | INFO  | DNAudit | user=null | ip=null | op=WRITE_CHUNK {blockData=conID: 3 locID: 102659353158484525 bcsId: 3139} | ret=SUCCESS |  
2019-08-22 07:03:35,187 | INFO  | DNAudit | user=null | ip=null | op=WRITE_CHUNK {blockData=conID: 3 locID: 102659353158484525 bcsId: 3139} | ret=SUCCESS |  
2019-08-22 07:03:35,198 | INFO  | DNAudit | user=null | ip=null | op=WRITE_CHUNK {blockData=conID: 3 locID: 102659353158484525 bcsId: 3139} | ret=SUCCESS |  
2019-08-22 07:03:35,198 | INFO  | DNAudit | user=null | ip=null | op=PUT_BLOCK {blockData=[blockId=conID: 3 locID: 102659353158484525 bcsId: 0,size=3145728]} | ret=SUCCESS |  
2019-08-22 07:03:35,198 [grpc-default-executor-0] INFO  client.GrpcClientProtocolClient (GrpcClientProtocolClient.java:onNext(255)) - client-CF63D631FA17->3cf1264f-5f6b-4138-aeee-2ff7d4522ead: receive RaftClientReply:client-CF63D631FA17->3cf1264f-5f6b-4138-aeee-2ff7d4522ead@group-561E16522154, cid=2131, SUCCESS, logIndex=3144, commits[3cf1264f-5f6b-4138-aeee-2ff7d4522ead:c3145, 4f0d1a15-8f14-4d9a-ad4f-8211e1245b5d:c3143, 6999f20e-c3f7-4db4-87ca-141c476f2a88:c3143]
2019-08-22 07:03:35,199 [grpc-default-executor-0] INFO  client.GrpcClientProtocolClient (GrpcClientProtocolClient.java:onNext(255)) - client-CF63D631FA17->3cf1264f-5f6b-4138-aeee-2ff7d4522ead: receive RaftClientReply:client-CF63D631FA17->3cf1264f-5f6b-4138-aeee-2ff7d4522ead@group-561E16522154, cid=2132, SUCCESS, logIndex=3145, commits[3cf1264f-5f6b-4138-aeee-2ff7d4522ead:c3145, 4f0d1a15-8f14-4d9a-ad4f-8211e1245b5d:c3143, 6999f20e-c3f7-4db4-87ca-141c476f2a88:c3143]
2019-08-22 07:03:35,200 | INFO  | DNAudit | user=null | ip=null | op=WRITE_CHUNK {blockData=conID: 3 locID: 102659353158484525 bcsId: 3139} | ret=SUCCESS |  
2019-08-22 07:03:35,200 | INFO  | DNAudit | user=null | ip=null | op=WRITE_CHUNK {blockData=conID: 3 locID: 102659353158484525 bcsId: 3139} | ret=SUCCESS |  
2019-08-22 07:03:35,201 | INFO  | DNAudit | user=null | ip=null | op=PUT_BLOCK {blockData=[blockId=conID: 3 locID: 102659353158484525 bcsId: 0,size=3145728]} | ret=SUCCESS |  
2019-08-22 07:03:35,201 | INFO  | DNAudit | user=null | ip=null | op=PUT_BLOCK {blockData=[blockId=conID: 3 locID: 102659353158484525 bcsId: 0,size=3145728]} | ret=SUCCESS |  
2019-08-22 07:03:35,205 | INFO  | DNAudit | user=null | ip=null | op=WRITE_CHUNK {blockData=conID: 3 locID: 102659353158484525 bcsId: 3145} | ret=SUCCESS |  
2019-08-22 07:03:35,208 | INFO  | DNAudit | user=null | ip=null | op=WRITE_CHUNK {blockData=conID: 3 locID: 102659353158484525 bcsId: 3145} | ret=SUCCESS |  
2019-08-22 07:03:35,208 | INFO  | DNAudit | user=null | ip=null | op=WRITE_CHUNK {blockData=conID: 3 locID: 102659353158484525 bcsId: 3145} | ret=SUCCESS |  
2019-08-22 07:03:35,211 | INFO  | DNAudit | user=null | ip=null | op=WRITE_CHUNK {blockData=conID: 3 locID: 102659353158484525 bcsId: 3145} | ret=SUCCESS |  
2019-08-22 07:03:35,212 | INFO  | DNAudit | user=null | ip=null | op=PUT_BLOCK {blockData=[blockId=conID: 3 locID: 102659353158484525 bcsId: 0,size=4194304]} | ret=SUCCESS |  
2019-08-22 07:03:35,212 [grpc-default-executor-0] INFO  client.GrpcClientProtocolClient (GrpcClientProtocolClient.java:onNext(255)) - client-CF63D631FA17->3cf1264f-5f6b-4138-aeee-2ff7d4522ead: receive RaftClientReply:client-CF63D631FA17->3cf1264f-5f6b-4138-aeee-2ff7d4522ead@group-561E16522154, cid=2133, SUCCESS, logIndex=3148, commits[3cf1264f-5f6b-4138-aeee-2ff7d4522ead:c3149, 4f0d1a15-8f14-4d9a-ad4f-8211e1245b5d:c3147, 6999f20e-c3f7-4db4-87ca-141c476f2a88:c3147]
2019-08-22 07:03:35,212 [grpc-default-executor-0] INFO  client.GrpcClientProtocolClient (GrpcClientProtocolClient.java:onNext(255)) - client-CF63D631FA17->3cf1264f-5f6b-4138-aeee-2ff7d4522ead: receive RaftClientReply:client-CF63D631FA17->3cf1264f-5f6b-4138-aeee-2ff7d4522ead@group-561E16522154, cid=2134, SUCCESS, logIndex=3149, commits[3cf1264f-5f6b-4138-aeee-2ff7d4522ead:c3149, 4f0d1a15-8f14-4d9a-ad4f-8211e1245b5d:c3147, 6999f20e-c3f7-4db4-87ca-141c476f2a88:c3147]
2019-08-22 07:03:35,213 | INFO  | DNAudit | user=null | ip=null | op=WRITE_CHUNK {blockData=conID: 3 locID: 102659353158484525 bcsId: 3145} | ret=SUCCESS |  
2019-08-22 07:03:35,213 | INFO  | DNAudit | user=null | ip=null | op=WRITE_CHUNK {blockData=conID: 3 locID: 102659353158484525 bcsId: 3145} | ret=SUCCESS |  
2019-08-22 07:03:35,213 | INFO  | DNAudit | user=null | ip=null | op=PUT_BLOCK {blockData=[blockId=conID: 3 locID: 102659353158484525 bcsId: 0,size=4194304]} | ret=SUCCESS |  
2019-08-22 07:03:35,213 | INFO  | DNAudit | user=null | ip=null | op=PUT_BLOCK {blockData=[blockId=conID: 3 locID: 102659353158484525 bcsId: 0,size=4194304]} | ret=SUCCESS |  
2019-08-22 07:03:35,214 [grpc-default-executor-3] INFO  client.GrpcClientProtocolClient (GrpcClientProtocolClient.java:onNext(255)) - client-CF63D631FA17->3cf1264f-5f6b-4138-aeee-2ff7d4522ead: receive RaftClientReply:client-CF63D631FA17->3cf1264f-5f6b-4138-aeee-2ff7d4522ead@group-561E16522154, cid=2135, SUCCESS, logIndex=0, commits[3cf1264f-5f6b-4138-aeee-2ff7d4522ead:c3150, 4f0d1a15-8f14-4d9a-ad4f-8211e1245b5d:c3149, 6999f20e-c3f7-4db4-87ca-141c476f2a88:c3149]
2019-08-22 07:03:35,219 | INFO  | SCMAudit | user=jenkins1000 | ip=192.168.34.31 | op=ALLOCATE_BLOCK {owner=04b6d46a-98e2-41b1-9f38-1870289993ea, size=4194304, type=RATIS, factor=THREE} | ret=SUCCESS |  
2019-08-22 07:03:35,222 | INFO  | OMAudit | user=jenkins1000 | ip=127.0.0.1 | op=ALLOCATE_BLOCK {volume=vol-0-14906, bucket=bucket-0-53153, key=key-0-33222, dataSize=0, replicationType=null, replicationFactor=null, keyLocationInfo=null, clientID=102659352017764754} | ret=SUCCESS |  
2019-08-22 07:03:35,439 | INFO  | DNAudit | user=null | ip=null | op=WRITE_CHUNK {blockData=conID: 1 locID: 102659353163792942 bcsId: 0} | ret=SUCCESS |  
2019-08-22 07:03:35,443 | INFO  | DNAudit | user=null | ip=null | op=WRITE_CHUNK {blockData=conID: 1 locID: 102659353163792942 bcsId: 0} | ret=SUCCESS |  
2019-08-22 07:03:35,444 | INFO  | DNAudit | user=null | ip=null | op=WRITE_CHUNK {blockData=conID: 1 locID: 102659353163792942 bcsId: 0} | ret=SUCCESS |  
2019-08-22 07:03:35,444 | INFO  | DNAudit | user=null | ip=null | op=WRITE_CHUNK {blockData=conID: 1 locID: 102659353163792942 bcsId: 0} | ret=SUCCESS |  
2019-08-22 07:03:35,446 | INFO  | DNAudit | user=null | ip=null | op=WRITE_CHUNK {blockData=conID: 1 locID: 102659353163792942 bcsId: 0} | ret=SUCCESS |  
2019-08-22 07:03:35,447 | INFO  | DNAudit | user=null | ip=null | op=WRITE_CHUNK {blockData=conID: 1 locID: 102659353163792942 bcsId: 0} | ret=SUCCESS |  
2019-08-22 07:03:35,453 | INFO  | DNAudit | user=null | ip=null | op=WRITE_CHUNK {blockData=conID: 1 locID: 102659353163792942 bcsId: 0} | ret=SUCCESS |  
2019-08-22 07:03:35,454 | INFO  | DNAudit | user=null | ip=null | op=PUT_BLOCK {blockData=[blockId=conID: 1 locID: 102659353163792942 bcsId: 0,size=1048576]} | ret=SUCCESS |  
2019-08-22 07:03:35,454 [grpc-default-executor-0] INFO  client.GrpcClientProtocolClient (GrpcClientProtocolClient.java:onNext(255)) - client-CF63D631FA17->3cf1264f-5f6b-4138-aeee-2ff7d4522ead: receive RaftClientReply:client-CF63D631FA17->3cf1264f-5f6b-4138-aeee-2ff7d4522ead@group-561E16522154, cid=2136, SUCCESS, logIndex=3152, commits[3cf1264f-5f6b-4138-aeee-2ff7d4522ead:c3153, 4f0d1a15-8f14-4d9a-ad4f-8211e1245b5d:c3151, 6999f20e-c3f7-4db4-87ca-141c476f2a88:c3151]
2019-08-22 07:03:35,454 | INFO  | DNAudit | user=null | ip=null | op=WRITE_CHUNK {blockData=conID: 1 locID: 102659353163792942 bcsId: 0} | ret=SUCCESS |  
2019-08-22 07:03:35,455 [grpc-default-executor-0] INFO  client.GrpcClientProtocolClient (GrpcClientProtocolClient.java:onNext(255)) - client-CF63D631FA17->3cf1264f-5f6b-4138-aeee-2ff7d4522ead: receive RaftClientReply:client-CF63D631FA17->3cf1264f-5f6b-4138-aeee-2ff7d4522ead@group-561E16522154, cid=2137, SUCCESS, logIndex=3153, commits[3cf1264f-5f6b-4138-aeee-2ff7d4522ead:c3155, 4f0d1a15-8f14-4d9a-ad4f-8211e1245b5d:c3151, 6999f20e-c3f7-4db4-87ca-141c476f2a88:c3151]
2019-08-22 07:03:35,455 | INFO  | DNAudit | user=null | ip=null | op=PUT_BLOCK {blockData=[blockId=conID: 1 locID: 102659353163792942 bcsId: 0,size=2097152]} | ret=SUCCESS |  
2019-08-22 07:03:35,455 | INFO  | DNAudit | user=null | ip=null | op=WRITE_CHUNK {blockData=conID: 1 locID: 102659353163792942 bcsId: 0} | ret=SUCCESS |  
2019-08-22 07:03:35,455 [grpc-default-executor-0] INFO  client.GrpcClientProtocolClient (GrpcClientProtocolClient.java:onNext(255)) - client-CF63D631FA17->3cf1264f-5f6b-4138-aeee-2ff7d4522ead: receive RaftClientReply:client-CF63D631FA17->3cf1264f-5f6b-4138-aeee-2ff7d4522ead@group-561E16522154, cid=2138, SUCCESS, logIndex=3154, commits[3cf1264f-5f6b-4138-aeee-2ff7d4522ead:c3155, 4f0d1a15-8f14-4d9a-ad4f-8211e1245b5d:c3151, 6999f20e-c3f7-4db4-87ca-141c476f2a88:c3151]
2019-08-22 07:03:35,455 [grpc-default-executor-0] INFO  client.GrpcClientProtocolClient (GrpcClientProtocolClient.java:onNext(255)) - client-CF63D631FA17->3cf1264f-5f6b-4138-aeee-2ff7d4522ead: receive RaftClientReply:client-CF63D631FA17->3cf1264f-5f6b-4138-aeee-2ff7d4522ead@group-561E16522154, cid=2139, SUCCESS, logIndex=3155, commits[3cf1264f-5f6b-4138-aeee-2ff7d4522ead:c3156, 4f0d1a15-8f14-4d9a-ad4f-8211e1245b5d:c3152, 6999f20e-c3f7-4db4-87ca-141c476f2a88:c3151]
2019-08-22 07:03:35,457 | INFO  | DNAudit | user=null | ip=null | op=WRITE_CHUNK {blockData=conID: 1 locID: 102659353163792942 bcsId: 0} | ret=SUCCESS |  
2019-08-22 07:03:35,457 | INFO  | DNAudit | user=null | ip=null | op=PUT_BLOCK {blockData=[blockId=conID: 1 locID: 102659353163792942 bcsId: 0,size=1048576]} | ret=SUCCESS |  
2019-08-22 07:03:35,468 | INFO  | DNAudit | user=null | ip=null | op=PUT_BLOCK {blockData=[blockId=conID: 1 locID: 102659353163792942 bcsId: 0,size=1048576]} | ret=SUCCESS |  
2019-08-22 07:03:35,468 | INFO  | DNAudit | user=null | ip=null | op=WRITE_CHUNK {blockData=conID: 1 locID: 102659353163792942 bcsId: 0} | ret=SUCCESS |  
2019-08-22 07:03:35,468 | INFO  | DNAudit | user=null | ip=null | op=WRITE_CHUNK {blockData=conID: 1 locID: 102659353163792942 bcsId: 0} | ret=SUCCESS |  
2019-08-22 07:03:35,468 | INFO  | DNAudit | user=null | ip=null | op=PUT_BLOCK {blockData=[blockId=conID: 1 locID: 102659353163792942 bcsId: 0,size=2097152]} | ret=SUCCESS |  
2019-08-22 07:03:35,468 | INFO  | DNAudit | user=null | ip=null | op=PUT_BLOCK {blockData=[blockId=conID: 1 locID: 102659353163792942 bcsId: 0,size=2097152]} | ret=SUCCESS |  
2019-08-22 07:03:35,468 [grpc-default-executor-0] INFO  client.GrpcClientProtocolClient (GrpcClientProtocolClient.java:onNext(255)) - client-CF63D631FA17->3cf1264f-5f6b-4138-aeee-2ff7d4522ead: receive RaftClientReply:client-CF63D631FA17->3cf1264f-5f6b-4138-aeee-2ff7d4522ead@group-561E16522154, cid=2140, SUCCESS, logIndex=0, commits[3cf1264f-5f6b-4138-aeee-2ff7d4522ead:c3157, 4f0d1a15-8f14-4d9a-ad4f-8211e1245b5d:c3153, 6999f20e-c3f7-4db4-87ca-141c476f2a88:c3153]
2019-08-22 07:03:35,477 | INFO  | DNAudit | user=null | ip=null | op=WRITE_CHUNK {blockData=conID: 1 locID: 102659353163792942 bcsId: 3155} | ret=SUCCESS |  
2019-08-22 07:03:35,480 | INFO  | DNAudit | user=null | ip=null | op=WRITE_CHUNK {blockData=conID: 1 locID: 102659353163792942 bcsId: 3155} | ret=SUCCESS |  
2019-08-22 07:03:35,480 | INFO  | DNAudit | user=null | ip=null | op=WRITE_CHUNK {blockData=conID: 1 locID: 102659353163792942 bcsId: 3155} | ret=SUCCESS |  
2019-08-22 07:03:35,491 | INFO  | DNAudit | user=null | ip=null | op=WRITE_CHUNK {blockData=conID: 1 locID: 102659353163792942 bcsId: 3155} | ret=SUCCESS |  
2019-08-22 07:03:35,492 | INFO  | DNAudit | user=null | ip=null | op=PUT_BLOCK {blockData=[blockId=conID: 1 locID: 102659353163792942 bcsId: 0,size=3145728]} | ret=SUCCESS |  
2019-08-22 07:03:35,492 [grpc-default-executor-3] INFO  client.GrpcClientProtocolClient (GrpcClientProtocolClient.java:onNext(255)) - client-CF63D631FA17->3cf1264f-5f6b-4138-aeee-2ff7d4522ead: receive RaftClientReply:client-CF63D631FA17->3cf1264f-5f6b-4138-aeee-2ff7d4522ead@group-561E16522154, cid=2141, SUCCESS, logIndex=3159, commits[3cf1264f-5f6b-4138-aeee-2ff7d4522ead:c3160, 4f0d1a15-8f14-4d9a-ad4f-8211e1245b5d:c3158, 6999f20e-c3f7-4db4-87ca-141c476f2a88:c3158]
2019-08-22 07:03:35,492 [grpc-default-executor-3] INFO  client.GrpcClientProtocolClient (GrpcClientProtocolClient.java:onNext(255)) - client-CF63D631FA17->3cf1264f-5f6b-4138-aeee-2ff7d4522ead: receive RaftClientReply:client-CF63D631FA17->3cf1264f-5f6b-4138-aeee-2ff7d4522ead@group-561E16522154, cid=2142, SUCCESS, logIndex=3160, commits[3cf1264f-5f6b-4138-aeee-2ff7d4522ead:c3160, 4f0d1a15-8f14-4d9a-ad4f-8211e1245b5d:c3158, 6999f20e-c3f7-4db4-87ca-141c476f2a88:c3158]
2019-08-22 07:03:35,500 | INFO  | DNAudit | user=null | ip=null | op=WRITE_CHUNK {blockData=conID: 1 locID: 102659353163792942 bcsId: 3160} | ret=SUCCESS |  
2019-08-22 07:03:35,503 | INFO  | DNAudit | user=null | ip=null | op=WRITE_CHUNK {blockData=conID: 1 locID: 102659353163792942 bcsId: 3160} | ret=SUCCESS |  
2019-08-22 07:03:35,503 | INFO  | DNAudit | user=null | ip=null | op=WRITE_CHUNK {blockData=conID: 1 locID: 102659353163792942 bcsId: 3160} | ret=SUCCESS |  
2019-08-22 07:03:35,504 | INFO  | DNAudit | user=null | ip=null | op=WRITE_CHUNK {blockData=conID: 1 locID: 102659353163792942 bcsId: 3155} | ret=SUCCESS |  
2019-08-22 07:03:35,504 | INFO  | DNAudit | user=null | ip=null | op=WRITE_CHUNK {blockData=conID: 1 locID: 102659353163792942 bcsId: 3155} | ret=SUCCESS |  
2019-08-22 07:03:35,504 | INFO  | DNAudit | user=null | ip=null | op=PUT_BLOCK {blockData=[blockId=conID: 1 locID: 102659353163792942 bcsId: 0,size=3145728]} | ret=SUCCESS |  
2019-08-22 07:03:35,515 | INFO  | DNAudit | user=null | ip=null | op=PUT_BLOCK {blockData=[blockId=conID: 1 locID: 102659353163792942 bcsId: 0,size=3145728]} | ret=SUCCESS |  
2019-08-22 07:03:35,516 | INFO  | DNAudit | user=null | ip=null | op=WRITE_CHUNK {blockData=conID: 1 locID: 102659353163792942 bcsId: 3160} | ret=SUCCESS |  
2019-08-22 07:03:35,517 | INFO  | DNAudit | user=null | ip=null | op=PUT_BLOCK {blockData=[blockId=conID: 1 locID: 102659353163792942 bcsId: 0,size=4194304]} | ret=SUCCESS |  
2019-08-22 07:03:35,517 [grpc-default-executor-0] INFO  client.GrpcClientProtocolClient (GrpcClientProtocolClient.java:onNext(255)) - client-CF63D631FA17->3cf1264f-5f6b-4138-aeee-2ff7d4522ead: receive RaftClientReply:client-CF63D631FA17->3cf1264f-5f6b-4138-aeee-2ff7d4522ead@group-561E16522154, cid=2143, SUCCESS, logIndex=3163, commits[3cf1264f-5f6b-4138-aeee-2ff7d4522ead:c3164, 4f0d1a15-8f14-4d9a-ad4f-8211e1245b5d:c3160, 6999f20e-c3f7-4db4-87ca-141c476f2a88:c3160]
2019-08-22 07:03:35,517 [grpc-default-executor-0] INFO  client.GrpcClientProtocolClient (GrpcClientProtocolClient.java:onNext(255)) - client-CF63D631FA17->3cf1264f-5f6b-4138-aeee-2ff7d4522ead: receive RaftClientReply:client-CF63D631FA17->3cf1264f-5f6b-4138-aeee-2ff7d4522ead@group-561E16522154, cid=2144, SUCCESS, logIndex=3164, commits[3cf1264f-5f6b-4138-aeee-2ff7d4522ead:c3164, 4f0d1a15-8f14-4d9a-ad4f-8211e1245b5d:c3160, 6999f20e-c3f7-4db4-87ca-141c476f2a88:c3160]
2019-08-22 07:03:35,529 | INFO  | DNAudit | user=null | ip=null | op=WRITE_CHUNK {blockData=conID: 1 locID: 102659353163792942 bcsId: 3160} | ret=SUCCESS |  
2019-08-22 07:03:35,529 | INFO  | DNAudit | user=null | ip=null | op=WRITE_CHUNK {blockData=conID: 1 locID: 102659353163792942 bcsId: 3160} | ret=SUCCESS |  
2019-08-22 07:03:35,542 | INFO  | DNAudit | user=null | ip=null | op=PUT_BLOCK {blockData=[blockId=conID: 1 locID: 102659353163792942 bcsId: 0,size=4194304]} | ret=SUCCESS |  
2019-08-22 07:03:35,542 | INFO  | DNAudit | user=null | ip=null | op=PUT_BLOCK {blockData=[blockId=conID: 1 locID: 102659353163792942 bcsId: 0,size=4194304]} | ret=SUCCESS |  
2019-08-22 07:03:35,543 [grpc-default-executor-0] INFO  client.GrpcClientProtocolClient (GrpcClientProtocolClient.java:onNext(255)) - client-CF63D631FA17->3cf1264f-5f6b-4138-aeee-2ff7d4522ead: receive RaftClientReply:client-CF63D631FA17->3cf1264f-5f6b-4138-aeee-2ff7d4522ead@group-561E16522154, cid=2145, SUCCESS, logIndex=0, commits[3cf1264f-5f6b-4138-aeee-2ff7d4522ead:c3166, 4f0d1a15-8f14-4d9a-ad4f-8211e1245b5d:c3164, 6999f20e-c3f7-4db4-87ca-141c476f2a88:c3164]
2019-08-22 07:03:35,549 | INFO  | SCMAudit | user=jenkins1000 | ip=192.168.34.31 | op=ALLOCATE_BLOCK {owner=04b6d46a-98e2-41b1-9f38-1870289993ea, size=4194304, type=RATIS, factor=THREE} | ret=SUCCESS |  
2019-08-22 07:03:35,552 | INFO  | OMAudit | user=jenkins1000 | ip=127.0.0.1 | op=ALLOCATE_BLOCK {volume=vol-0-14906, bucket=bucket-0-53153, key=key-0-33222, dataSize=0, replicationType=null, replicationFactor=null, keyLocationInfo=null, clientID=102659352017764754} | ret=SUCCESS |  
2019-08-22 07:03:35,561 | INFO  | DNAudit | user=null | ip=null | op=WRITE_CHUNK {blockData=conID: 2 locID: 102659353185419823 bcsId: 0} | ret=SUCCESS |  
2019-08-22 07:03:35,565 | INFO  | DNAudit | user=null | ip=null | op=WRITE_CHUNK {blockData=conID: 2 locID: 102659353185419823 bcsId: 0} | ret=SUCCESS |  
2019-08-22 07:03:35,565 | INFO  | DNAudit | user=null | ip=null | op=WRITE_CHUNK {blockData=conID: 2 locID: 102659353185419823 bcsId: 0} | ret=SUCCESS |  
2019-08-22 07:03:35,565 | INFO  | DNAudit | user=null | ip=null | op=WRITE_CHUNK {blockData=conID: 2 locID: 102659353185419823 bcsId: 0} | ret=SUCCESS |  
2019-08-22 07:03:35,568 | INFO  | DNAudit | user=null | ip=null | op=WRITE_CHUNK {blockData=conID: 2 locID: 102659353185419823 bcsId: 0} | ret=SUCCESS |  
2019-08-22 07:03:35,569 | INFO  | DNAudit | user=null | ip=null | op=WRITE_CHUNK {blockData=conID: 2 locID: 102659353185419823 bcsId: 0} | ret=SUCCESS |  
2019-08-22 07:03:35,579 | INFO  | DNAudit | user=null | ip=null | op=WRITE_CHUNK {blockData=conID: 2 locID: 102659353185419823 bcsId: 0} | ret=SUCCESS |  
2019-08-22 07:03:35,579 | INFO  | DNAudit | user=null | ip=null | op=PUT_BLOCK {blockData=[blockId=conID: 2 locID: 102659353185419823 bcsId: 0,size=1048576]} | ret=SUCCESS |  
2019-08-22 07:03:35,579 [grpc-default-executor-1] INFO  client.GrpcClientProtocolClient (GrpcClientProtocolClient.java:onNext(255)) - client-CF63D631FA17->3cf1264f-5f6b-4138-aeee-2ff7d4522ead: receive RaftClientReply:client-CF63D631FA17->3cf1264f-5f6b-4138-aeee-2ff7d4522ead@group-561E16522154, cid=2146, SUCCESS, logIndex=3167, commits[3cf1264f-5f6b-4138-aeee-2ff7d4522ead:c3168, 4f0d1a15-8f14-4d9a-ad4f-8211e1245b5d:c3166, 6999f20e-c3f7-4db4-87ca-141c476f2a88:c3166]
2019-08-22 07:03:35,580 [grpc-default-executor-1] INFO  client.GrpcClientProtocolClient (GrpcClientProtocolClient.java:onNext(255)) - client-CF63D631FA17->3cf1264f-5f6b-4138-aeee-2ff7d4522ead: receive RaftClientReply:client-CF63D631FA17->3cf1264f-5f6b-4138-aeee-2ff7d4522ead@group-561E16522154, cid=2147, SUCCESS, logIndex=3168, commits[3cf1264f-5f6b-4138-aeee-2ff7d4522ead:c3168, 4f0d1a15-8f14-4d9a-ad4f-8211e1245b5d:c3166, 6999f20e-c3f7-4db4-87ca-141c476f2a88:c3166]
2019-08-22 07:03:35,590 | INFO  | DNAudit | user=null | ip=null | op=WRITE_CHUNK {blockData=conID: 2 locID: 102659353185419823 bcsId: 0} | ret=SUCCESS |  
2019-08-22 07:03:35,590 | INFO  | DNAudit | user=null | ip=null | op=PUT_BLOCK {blockData=[blockId=conID: 2 locID: 102659353185419823 bcsId: 0,size=2097152]} | ret=SUCCESS |  
2019-08-22 07:03:35,591 | INFO  | DNAudit | user=null | ip=null | op=WRITE_CHUNK {blockData=conID: 2 locID: 102659353185419823 bcsId: 0} | ret=SUCCESS |  
2019-08-22 07:03:35,591 [grpc-default-executor-5] INFO  client.GrpcClientProtocolClient (GrpcClientProtocolClient.java:onNext(255)) - client-CF63D631FA17->3cf1264f-5f6b-4138-aeee-2ff7d4522ead: receive RaftClientReply:client-CF63D631FA17->3cf1264f-5f6b-4138-aeee-2ff7d4522ead@group-561E16522154, cid=2148, SUCCESS, logIndex=3169, commits[3cf1264f-5f6b-4138-aeee-2ff7d4522ead:c3170, 4f0d1a15-8f14-4d9a-ad4f-8211e1245b5d:c3166, 6999f20e-c3f7-4db4-87ca-141c476f2a88:c3166]
2019-08-22 07:03:35,591 [grpc-default-executor-5] INFO  client.GrpcClientProtocolClient (GrpcClientProtocolClient.java:onNext(255)) - client-CF63D631FA17->3cf1264f-5f6b-4138-aeee-2ff7d4522ead: receive RaftClientReply:client-CF63D631FA17->3cf1264f-5f6b-4138-aeee-2ff7d4522ead@group-561E16522154, cid=2149, SUCCESS, logIndex=3170, commits[3cf1264f-5f6b-4138-aeee-2ff7d4522ead:c3170, 4f0d1a15-8f14-4d9a-ad4f-8211e1245b5d:c3166, 6999f20e-c3f7-4db4-87ca-141c476f2a88:c3166]
2019-08-22 07:03:35,591 | INFO  | DNAudit | user=null | ip=null | op=PUT_BLOCK {blockData=[blockId=conID: 2 locID: 102659353185419823 bcsId: 0,size=1048576]} | ret=SUCCESS |  
2019-08-22 07:03:35,591 | INFO  | DNAudit | user=null | ip=null | op=WRITE_CHUNK {blockData=conID: 2 locID: 102659353185419823 bcsId: 0} | ret=SUCCESS |  
2019-08-22 07:03:35,592 | INFO  | DNAudit | user=null | ip=null | op=PUT_BLOCK {blockData=[blockId=conID: 2 locID: 102659353185419823 bcsId: 0,size=1048576]} | ret=SUCCESS |  
2019-08-22 07:03:35,592 [grpc-default-executor-5] INFO  client.GrpcClientProtocolClient (GrpcClientProtocolClient.java:onNext(255)) - client-CF63D631FA17->3cf1264f-5f6b-4138-aeee-2ff7d4522ead: receive RaftClientReply:client-CF63D631FA17->3cf1264f-5f6b-4138-aeee-2ff7d4522ead@group-561E16522154, cid=2150, SUCCESS, logIndex=0, commits[3cf1264f-5f6b-4138-aeee-2ff7d4522ead:c3172, 4f0d1a15-8f14-4d9a-ad4f-8211e1245b5d:c3168, 6999f20e-c3f7-4db4-87ca-141c476f2a88:c3168]
2019-08-22 07:03:35,594 | INFO  | DNAudit | user=null | ip=null | op=WRITE_CHUNK {blockData=conID: 2 locID: 102659353185419823 bcsId: 0} | ret=SUCCESS |  
2019-08-22 07:03:35,594 | INFO  | DNAudit | user=null | ip=null | op=WRITE_CHUNK {blockData=conID: 2 locID: 102659353185419823 bcsId: 0} | ret=SUCCESS |  
2019-08-22 07:03:35,594 | INFO  | DNAudit | user=null | ip=null | op=PUT_BLOCK {blockData=[blockId=conID: 2 locID: 102659353185419823 bcsId: 0,size=2097152]} | ret=SUCCESS |  
2019-08-22 07:03:35,594 | INFO  | DNAudit | user=null | ip=null | op=PUT_BLOCK {blockData=[blockId=conID: 2 locID: 102659353185419823 bcsId: 0,size=2097152]} | ret=SUCCESS |  
2019-08-22 07:03:35,599 | INFO  | DNAudit | user=null | ip=null | op=WRITE_CHUNK {blockData=conID: 2 locID: 102659353185419823 bcsId: 3170} | ret=SUCCESS |  
2019-08-22 07:03:35,602 | INFO  | DNAudit | user=null | ip=null | op=WRITE_CHUNK {blockData=conID: 2 locID: 102659353185419823 bcsId: 3170} | ret=SUCCESS |  
2019-08-22 07:03:35,602 | INFO  | DNAudit | user=null | ip=null | op=WRITE_CHUNK {blockData=conID: 2 locID: 102659353185419823 bcsId: 3170} | ret=SUCCESS |  
2019-08-22 07:03:35,613 | INFO  | DNAudit | user=null | ip=null | op=WRITE_CHUNK {blockData=conID: 2 locID: 102659353185419823 bcsId: 3170} | ret=SUCCESS |  
2019-08-22 07:03:35,614 | INFO  | DNAudit | user=null | ip=null | op=PUT_BLOCK {blockData=[blockId=conID: 2 locID: 102659353185419823 bcsId: 0,size=3145728]} | ret=SUCCESS |  
2019-08-22 07:03:35,614 [grpc-default-executor-1] INFO  client.GrpcClientProtocolClient (GrpcClientProtocolClient.java:onNext(255)) - client-CF63D631FA17->3cf1264f-5f6b-4138-aeee-2ff7d4522ead: receive RaftClientReply:client-CF63D631FA17->3cf1264f-5f6b-4138-aeee-2ff7d4522ead@group-561E16522154, cid=2151, SUCCESS, logIndex=3175, commits[3cf1264f-5f6b-4138-aeee-2ff7d4522ead:c3176, 4f0d1a15-8f14-4d9a-ad4f-8211e1245b5d:c3174, 6999f20e-c3f7-4db4-87ca-141c476f2a88:c3174]
2019-08-22 07:03:35,614 [grpc-default-executor-1] INFO  client.GrpcClientProtocolClient (GrpcClientProtocolClient.java:onNext(255)) - client-CF63D631FA17->3cf1264f-5f6b-4138-aeee-2ff7d4522ead: receive RaftClientReply:client-CF63D631FA17->3cf1264f-5f6b-4138-aeee-2ff7d4522ead@group-561E16522154, cid=2152, SUCCESS, logIndex=3176, commits[3cf1264f-5f6b-4138-aeee-2ff7d4522ead:c3176, 4f0d1a15-8f14-4d9a-ad4f-8211e1245b5d:c3174, 6999f20e-c3f7-4db4-87ca-141c476f2a88:c3174]
2019-08-22 07:03:35,622 | INFO  | DNAudit | user=null | ip=null | op=WRITE_CHUNK {blockData=conID: 2 locID: 102659353185419823 bcsId: 3176} | ret=SUCCESS |  
2019-08-22 07:03:35,625 | INFO  | DNAudit | user=null | ip=null | op=WRITE_CHUNK {blockData=conID: 2 locID: 102659353185419823 bcsId: 3176} | ret=SUCCESS |  
2019-08-22 07:03:35,625 | INFO  | DNAudit | user=null | ip=null | op=WRITE_CHUNK {blockData=conID: 2 locID: 102659353185419823 bcsId: 3176} | ret=SUCCESS |  
2019-08-22 07:03:35,627 | INFO  | DNAudit | user=null | ip=null | op=WRITE_CHUNK {blockData=conID: 2 locID: 102659353185419823 bcsId: 3170} | ret=SUCCESS |  
2019-08-22 07:03:35,627 | INFO  | DNAudit | user=null | ip=null | op=WRITE_CHUNK {blockData=conID: 2 locID: 102659353185419823 bcsId: 3170} | ret=SUCCESS |  
2019-08-22 07:03:35,640 | INFO  | DNAudit | user=null | ip=null | op=PUT_BLOCK {blockData=[blockId=conID: 2 locID: 102659353185419823 bcsId: 0,size=3145728]} | ret=SUCCESS |  
2019-08-22 07:03:35,640 | INFO  | DNAudit | user=null | ip=null | op=PUT_BLOCK {blockData=[blockId=conID: 2 locID: 102659353185419823 bcsId: 0,size=3145728]} | ret=SUCCESS |  
2019-08-22 07:03:35,640 | INFO  | DNAudit | user=null | ip=null | op=WRITE_CHUNK {blockData=conID: 2 locID: 102659353185419823 bcsId: 3176} | ret=SUCCESS |  
2019-08-22 07:03:35,641 | INFO  | DNAudit | user=null | ip=null | op=PUT_BLOCK {blockData=[blockId=conID: 2 locID: 102659353185419823 bcsId: 0,size=4194304]} | ret=SUCCESS |  
2019-08-22 07:03:35,641 [grpc-default-executor-3] INFO  client.GrpcClientProtocolClient (GrpcClientProtocolClient.java:onNext(255)) - client-CF63D631FA17->3cf1264f-5f6b-4138-aeee-2ff7d4522ead: receive RaftClientReply:client-CF63D631FA17->3cf1264f-5f6b-4138-aeee-2ff7d4522ead@group-561E16522154, cid=2153, SUCCESS, logIndex=3179, commits[3cf1264f-5f6b-4138-aeee-2ff7d4522ead:c3180, 4f0d1a15-8f14-4d9a-ad4f-8211e1245b5d:c3176, 6999f20e-c3f7-4db4-87ca-141c476f2a88:c3176]
2019-08-22 07:03:35,641 [grpc-default-executor-3] INFO  client.GrpcClientProtocolClient (GrpcClientProtocolClient.java:onNext(255)) - client-CF63D631FA17->3cf1264f-5f6b-4138-aeee-2ff7d4522ead: receive RaftClientReply:client-CF63D631FA17->3cf1264f-5f6b-4138-aeee-2ff7d4522ead@group-561E16522154, cid=2154, SUCCESS, logIndex=3180, commits[3cf1264f-5f6b-4138-aeee-2ff7d4522ead:c3180, 4f0d1a15-8f14-4d9a-ad4f-8211e1245b5d:c3176, 6999f20e-c3f7-4db4-87ca-141c476f2a88:c3176]
2019-08-22 07:03:35,670 | INFO  | DNAudit | user=null | ip=null | op=WRITE_CHUNK {blockData=conID: 2 locID: 102659353185419823 bcsId: 3176} | ret=SUCCESS |  
2019-08-22 07:03:35,670 | INFO  | DNAudit | user=null | ip=null | op=WRITE_CHUNK {blockData=conID: 2 locID: 102659353185419823 bcsId: 3176} | ret=SUCCESS |  
2019-08-22 07:03:35,683 | INFO  | DNAudit | user=null | ip=null | op=PUT_BLOCK {blockData=[blockId=conID: 2 locID: 102659353185419823 bcsId: 0,size=4194304]} | ret=SUCCESS |  
2019-08-22 07:03:35,683 | INFO  | DNAudit | user=null | ip=null | op=PUT_BLOCK {blockData=[blockId=conID: 2 locID: 102659353185419823 bcsId: 0,size=4194304]} | ret=SUCCESS |  
2019-08-22 07:03:35,684 [grpc-default-executor-5] INFO  client.GrpcClientProtocolClient (GrpcClientProtocolClient.java:onNext(255)) - client-CF63D631FA17->3cf1264f-5f6b-4138-aeee-2ff7d4522ead: receive RaftClientReply:client-CF63D631FA17->3cf1264f-5f6b-4138-aeee-2ff7d4522ead@group-561E16522154, cid=2155, SUCCESS, logIndex=0, commits[3cf1264f-5f6b-4138-aeee-2ff7d4522ead:c3182, 4f0d1a15-8f14-4d9a-ad4f-8211e1245b5d:c3180, 6999f20e-c3f7-4db4-87ca-141c476f2a88:c3180]
2019-08-22 07:03:35,690 | INFO  | SCMAudit | user=jenkins1000 | ip=192.168.34.31 | op=ALLOCATE_BLOCK {owner=04b6d46a-98e2-41b1-9f38-1870289993ea, size=4194304, type=RATIS, factor=THREE} | ret=SUCCESS |  
2019-08-22 07:03:35,693 | INFO  | OMAudit | user=jenkins1000 | ip=127.0.0.1 | op=ALLOCATE_BLOCK {volume=vol-0-14906, bucket=bucket-0-53153, key=key-0-33222, dataSize=0, replicationType=null, replicationFactor=null, keyLocationInfo=null, clientID=102659352017764754} | ret=SUCCESS |  
2019-08-22 07:03:35,701 | INFO  | DNAudit | user=null | ip=null | op=WRITE_CHUNK {blockData=conID: 3 locID: 102659353194594864 bcsId: 0} | ret=SUCCESS |  
2019-08-22 07:03:35,705 | INFO  | DNAudit | user=null | ip=null | op=WRITE_CHUNK {blockData=conID: 3 locID: 102659353194594864 bcsId: 0} | ret=SUCCESS |  
2019-08-22 07:03:35,705 | INFO  | DNAudit | user=null | ip=null | op=WRITE_CHUNK {blockData=conID: 3 locID: 102659353194594864 bcsId: 0} | ret=SUCCESS |  
2019-08-22 07:03:35,705 | INFO  | DNAudit | user=null | ip=null | op=WRITE_CHUNK {blockData=conID: 3 locID: 102659353194594864 bcsId: 0} | ret=SUCCESS |  
2019-08-22 07:03:35,708 | INFO  | DNAudit | user=null | ip=null | op=WRITE_CHUNK {blockData=conID: 3 locID: 102659353194594864 bcsId: 0} | ret=SUCCESS |  
2019-08-22 07:03:35,708 | INFO  | DNAudit | user=null | ip=null | op=WRITE_CHUNK {blockData=conID: 3 locID: 102659353194594864 bcsId: 0} | ret=SUCCESS |  
2019-08-22 07:03:35,716 | INFO  | DNAudit | user=null | ip=null | op=WRITE_CHUNK {blockData=conID: 3 locID: 102659353194594864 bcsId: 0} | ret=SUCCESS |  
2019-08-22 07:03:35,716 | INFO  | DNAudit | user=null | ip=null | op=PUT_BLOCK {blockData=[blockId=conID: 3 locID: 102659353194594864 bcsId: 0,size=1048576]} | ret=SUCCESS |  
2019-08-22 07:03:35,717 [grpc-default-executor-3] INFO  client.GrpcClientProtocolClient (GrpcClientProtocolClient.java:onNext(255)) - client-CF63D631FA17->3cf1264f-5f6b-4138-aeee-2ff7d4522ead: receive RaftClientReply:client-CF63D631FA17->3cf1264f-5f6b-4138-aeee-2ff7d4522ead@group-561E16522154, cid=2156, SUCCESS, logIndex=3183, commits[3cf1264f-5f6b-4138-aeee-2ff7d4522ead:c3184, 4f0d1a15-8f14-4d9a-ad4f-8211e1245b5d:c3182, 6999f20e-c3f7-4db4-87ca-141c476f2a88:c3182]
2019-08-22 07:03:35,717 [grpc-default-executor-3] INFO  client.GrpcClientProtocolClient (GrpcClientProtocolClient.java:onNext(255)) - client-CF63D631FA17->3cf1264f-5f6b-4138-aeee-2ff7d4522ead: receive RaftClientReply:client-CF63D631FA17->3cf1264f-5f6b-4138-aeee-2ff7d4522ead@group-561E16522154, cid=2157, SUCCESS, logIndex=3184, commits[3cf1264f-5f6b-4138-aeee-2ff7d4522ead:c3184, 4f0d1a15-8f14-4d9a-ad4f-8211e1245b5d:c3182, 6999f20e-c3f7-4db4-87ca-141c476f2a88:c3182]
2019-08-22 07:03:35,728 | INFO  | DNAudit | user=null | ip=null | op=WRITE_CHUNK {blockData=conID: 3 locID: 102659353194594864 bcsId: 0} | ret=SUCCESS |  
2019-08-22 07:03:35,729 | INFO  | DNAudit | user=null | ip=null | op=PUT_BLOCK {blockData=[blockId=conID: 3 locID: 102659353194594864 bcsId: 0,size=2097152]} | ret=SUCCESS |  
2019-08-22 07:03:35,729 [grpc-default-executor-1] INFO  client.GrpcClientProtocolClient (GrpcClientProtocolClient.java:onNext(255)) - client-CF63D631FA17->3cf1264f-5f6b-4138-aeee-2ff7d4522ead: receive RaftClientReply:client-CF63D631FA17->3cf1264f-5f6b-4138-aeee-2ff7d4522ead@group-561E16522154, cid=2158, SUCCESS, logIndex=3185, commits[3cf1264f-5f6b-4138-aeee-2ff7d4522ead:c3186, 4f0d1a15-8f14-4d9a-ad4f-8211e1245b5d:c3182, 6999f20e-c3f7-4db4-87ca-141c476f2a88:c3182]
2019-08-22 07:03:35,729 [grpc-default-executor-1] INFO  client.GrpcClientProtocolClient (GrpcClientProtocolClient.java:onNext(255)) - client-CF63D631FA17->3cf1264f-5f6b-4138-aeee-2ff7d4522ead: receive RaftClientReply:client-CF63D631FA17->3cf1264f-5f6b-4138-aeee-2ff7d4522ead@group-561E16522154, cid=2159, SUCCESS, logIndex=3186, commits[3cf1264f-5f6b-4138-aeee-2ff7d4522ead:c3186, 4f0d1a15-8f14-4d9a-ad4f-8211e1245b5d:c3182, 6999f20e-c3f7-4db4-87ca-141c476f2a88:c3182]
2019-08-22 07:03:35,747 | INFO  | DNAudit | user=null | ip=null | op=WRITE_CHUNK {blockData=conID: 3 locID: 102659353194594864 bcsId: 0} | ret=SUCCESS |  
2019-08-22 07:03:35,747 | INFO  | DNAudit | user=null | ip=null | op=PUT_BLOCK {blockData=[blockId=conID: 3 locID: 102659353194594864 bcsId: 0,size=1048576]} | ret=SUCCESS |  
2019-08-22 07:03:35,748 | INFO  | DNAudit | user=null | ip=null | op=WRITE_CHUNK {blockData=conID: 3 locID: 102659353194594864 bcsId: 0} | ret=SUCCESS |  
2019-08-22 07:03:35,748 | INFO  | DNAudit | user=null | ip=null | op=PUT_BLOCK {blockData=[blockId=conID: 3 locID: 102659353194594864 bcsId: 0,size=1048576]} | ret=SUCCESS |  
2019-08-22 07:03:35,748 | INFO  | DNAudit | user=null | ip=null | op=WRITE_CHUNK {blockData=conID: 3 locID: 102659353194594864 bcsId: 0} | ret=SUCCESS |  
2019-08-22 07:03:35,748 | INFO  | DNAudit | user=null | ip=null | op=PUT_BLOCK {blockData=[blockId=conID: 3 locID: 102659353194594864 bcsId: 0,size=2097152]} | ret=SUCCESS |  
2019-08-22 07:03:35,749 [grpc-default-executor-5] INFO  client.GrpcClientProtocolClient (GrpcClientProtocolClient.java:onNext(255)) - client-CF63D631FA17->3cf1264f-5f6b-4138-aeee-2ff7d4522ead: receive RaftClientReply:client-CF63D631FA17->3cf1264f-5f6b-4138-aeee-2ff7d4522ead@group-561E16522154, cid=2160, SUCCESS, logIndex=0, commits[3cf1264f-5f6b-4138-aeee-2ff7d4522ead:c3188, 4f0d1a15-8f14-4d9a-ad4f-8211e1245b5d:c3184, 6999f20e-c3f7-4db4-87ca-141c476f2a88:c3184]
2019-08-22 07:03:35,750 | INFO  | DNAudit | user=null | ip=null | op=WRITE_CHUNK {blockData=conID: 3 locID: 102659353194594864 bcsId: 0} | ret=SUCCESS |  
2019-08-22 07:03:35,751 | INFO  | DNAudit | user=null | ip=null | op=PUT_BLOCK {blockData=[blockId=conID: 3 locID: 102659353194594864 bcsId: 0,size=2097152]} | ret=SUCCESS |  
2019-08-22 07:03:35,757 | INFO  | DNAudit | user=null | ip=null | op=WRITE_CHUNK {blockData=conID: 3 locID: 102659353194594864 bcsId: 3186} | ret=SUCCESS |  
2019-08-22 07:03:35,760 | INFO  | DNAudit | user=null | ip=null | op=WRITE_CHUNK {blockData=conID: 3 locID: 102659353194594864 bcsId: 3186} | ret=SUCCESS |  
2019-08-22 07:03:35,760 | INFO  | DNAudit | user=null | ip=null | op=WRITE_CHUNK {blockData=conID: 3 locID: 102659353194594864 bcsId: 3186} | ret=SUCCESS |  
2019-08-22 07:03:35,763 | INFO  | DNAudit | user=null | ip=null | op=WRITE_CHUNK {blockData=conID: 3 locID: 102659353194594864 bcsId: 3186} | ret=SUCCESS |  
2019-08-22 07:03:35,764 | INFO  | DNAudit | user=null | ip=null | op=PUT_BLOCK {blockData=[blockId=conID: 3 locID: 102659353194594864 bcsId: 0,size=3145728]} | ret=SUCCESS |  
2019-08-22 07:03:35,764 [grpc-default-executor-3] INFO  client.GrpcClientProtocolClient (GrpcClientProtocolClient.java:onNext(255)) - client-CF63D631FA17->3cf1264f-5f6b-4138-aeee-2ff7d4522ead: receive RaftClientReply:client-CF63D631FA17->3cf1264f-5f6b-4138-aeee-2ff7d4522ead@group-561E16522154, cid=2161, SUCCESS, logIndex=3191, commits[3cf1264f-5f6b-4138-aeee-2ff7d4522ead:c3192, 4f0d1a15-8f14-4d9a-ad4f-8211e1245b5d:c3190, 6999f20e-c3f7-4db4-87ca-141c476f2a88:c3190]
2019-08-22 07:03:35,764 [grpc-default-executor-3] INFO  client.GrpcClientProtocolClient (GrpcClientProtocolClient.java:onNext(255)) - client-CF63D631FA17->3cf1264f-5f6b-4138-aeee-2ff7d4522ead: receive RaftClientReply:client-CF63D631FA17->3cf1264f-5f6b-4138-aeee-2ff7d4522ead@group-561E16522154, cid=2162, SUCCESS, logIndex=3192, commits[3cf1264f-5f6b-4138-aeee-2ff7d4522ead:c3192, 4f0d1a15-8f14-4d9a-ad4f-8211e1245b5d:c3190, 6999f20e-c3f7-4db4-87ca-141c476f2a88:c3190]
2019-08-22 07:03:35,767 | INFO  | DNAudit | user=null | ip=null | op=WRITE_CHUNK {blockData=conID: 3 locID: 102659353194594864 bcsId: 3186} | ret=SUCCESS |  
2019-08-22 07:03:35,767 | INFO  | DNAudit | user=null | ip=null | op=WRITE_CHUNK {blockData=conID: 3 locID: 102659353194594864 bcsId: 3186} | ret=SUCCESS |  
2019-08-22 07:03:35,767 | INFO  | DNAudit | user=null | ip=null | op=PUT_BLOCK {blockData=[blockId=conID: 3 locID: 102659353194594864 bcsId: 0,size=3145728]} | ret=SUCCESS |  
2019-08-22 07:03:35,769 | INFO  | DNAudit | user=null | ip=null | op=PUT_BLOCK {blockData=[blockId=conID: 3 locID: 102659353194594864 bcsId: 0,size=3145728]} | ret=SUCCESS |  
2019-08-22 07:03:35,773 | INFO  | DNAudit | user=null | ip=null | op=WRITE_CHUNK {blockData=conID: 3 locID: 102659353194594864 bcsId: 3192} | ret=SUCCESS |  
2019-08-22 07:03:35,776 | INFO  | DNAudit | user=null | ip=null | op=WRITE_CHUNK {blockData=conID: 3 locID: 102659353194594864 bcsId: 3192} | ret=SUCCESS |  
2019-08-22 07:03:35,776 | INFO  | DNAudit | user=null | ip=null | op=WRITE_CHUNK {blockData=conID: 3 locID: 102659353194594864 bcsId: 3192} | ret=SUCCESS |  
2019-08-22 07:03:35,779 | INFO  | DNAudit | user=null | ip=null | op=WRITE_CHUNK {blockData=conID: 3 locID: 102659353194594864 bcsId: 3192} | ret=SUCCESS |  
2019-08-22 07:03:35,780 | INFO  | DNAudit | user=null | ip=null | op=PUT_BLOCK {blockData=[blockId=conID: 3 locID: 102659353194594864 bcsId: 0,size=4194304]} | ret=SUCCESS |  
2019-08-22 07:03:35,780 [grpc-default-executor-1] INFO  client.GrpcClientProtocolClient (GrpcClientProtocolClient.java:onNext(255)) - client-CF63D631FA17->3cf1264f-5f6b-4138-aeee-2ff7d4522ead: receive RaftClientReply:client-CF63D631FA17->3cf1264f-5f6b-4138-aeee-2ff7d4522ead@group-561E16522154, cid=2163, SUCCESS, logIndex=3195, commits[3cf1264f-5f6b-4138-aeee-2ff7d4522ead:c3196, 4f0d1a15-8f14-4d9a-ad4f-8211e1245b5d:c3194, 6999f20e-c3f7-4db4-87ca-141c476f2a88:c3194]
2019-08-22 07:03:35,781 [grpc-default-executor-1] INFO  client.GrpcClientProtocolClient (GrpcClientProtocolClient.java:onNext(255)) - client-CF63D631FA17->3cf1264f-5f6b-4138-aeee-2ff7d4522ead: receive RaftClientReply:client-CF63D631FA17->3cf1264f-5f6b-4138-aeee-2ff7d4522ead@group-561E16522154, cid=2164, SUCCESS, logIndex=3196, commits[3cf1264f-5f6b-4138-aeee-2ff7d4522ead:c3196, 4f0d1a15-8f14-4d9a-ad4f-8211e1245b5d:c3194, 6999f20e-c3f7-4db4-87ca-141c476f2a88:c3194]
2019-08-22 07:03:35,783 | INFO  | DNAudit | user=null | ip=null | op=WRITE_CHUNK {blockData=conID: 3 locID: 102659353194594864 bcsId: 3192} | ret=SUCCESS |  
2019-08-22 07:03:35,783 | INFO  | DNAudit | user=null | ip=null | op=WRITE_CHUNK {blockData=conID: 3 locID: 102659353194594864 bcsId: 3192} | ret=SUCCESS |  
2019-08-22 07:03:35,783 | INFO  | DNAudit | user=null | ip=null | op=PUT_BLOCK {blockData=[blockId=conID: 3 locID: 102659353194594864 bcsId: 0,size=4194304]} | ret=SUCCESS |  
2019-08-22 07:03:35,783 | INFO  | DNAudit | user=null | ip=null | op=PUT_BLOCK {blockData=[blockId=conID: 3 locID: 102659353194594864 bcsId: 0,size=4194304]} | ret=SUCCESS |  
2019-08-22 07:03:35,784 [grpc-default-executor-1] INFO  client.GrpcClientProtocolClient (GrpcClientProtocolClient.java:onNext(255)) - client-CF63D631FA17->3cf1264f-5f6b-4138-aeee-2ff7d4522ead: receive RaftClientReply:client-CF63D631FA17->3cf1264f-5f6b-4138-aeee-2ff7d4522ead@group-561E16522154, cid=2165, SUCCESS, logIndex=0, commits[3cf1264f-5f6b-4138-aeee-2ff7d4522ead:c3197, 4f0d1a15-8f14-4d9a-ad4f-8211e1245b5d:c3196, 6999f20e-c3f7-4db4-87ca-141c476f2a88:c3196]
2019-08-22 07:03:35,790 | INFO  | SCMAudit | user=jenkins1000 | ip=192.168.34.31 | op=ALLOCATE_BLOCK {owner=04b6d46a-98e2-41b1-9f38-1870289993ea, size=4194304, type=RATIS, factor=THREE} | ret=SUCCESS |  
2019-08-22 07:03:35,793 | INFO  | OMAudit | user=jenkins1000 | ip=127.0.0.1 | op=ALLOCATE_BLOCK {volume=vol-0-14906, bucket=bucket-0-53153, key=key-0-33222, dataSize=0, replicationType=null, replicationFactor=null, keyLocationInfo=null, clientID=102659352017764754} | ret=SUCCESS |  
2019-08-22 07:03:35,801 | INFO  | DNAudit | user=null | ip=null | op=WRITE_CHUNK {blockData=conID: 1 locID: 102659353201148465 bcsId: 0} | ret=SUCCESS |  
2019-08-22 07:03:35,805 | INFO  | DNAudit | user=null | ip=null | op=WRITE_CHUNK {blockData=conID: 1 locID: 102659353201148465 bcsId: 0} | ret=SUCCESS |  
2019-08-22 07:03:35,805 | INFO  | DNAudit | user=null | ip=null | op=WRITE_CHUNK {blockData=conID: 1 locID: 102659353201148465 bcsId: 0} | ret=SUCCESS |  
2019-08-22 07:03:35,806 | INFO  | DNAudit | user=null | ip=null | op=WRITE_CHUNK {blockData=conID: 1 locID: 102659353201148465 bcsId: 0} | ret=SUCCESS |  
2019-08-22 07:03:35,809 | INFO  | DNAudit | user=null | ip=null | op=WRITE_CHUNK {blockData=conID: 1 locID: 102659353201148465 bcsId: 0} | ret=SUCCESS |  
2019-08-22 07:03:35,809 | INFO  | DNAudit | user=null | ip=null | op=WRITE_CHUNK {blockData=conID: 1 locID: 102659353201148465 bcsId: 0} | ret=SUCCESS |  
2019-08-22 07:03:35,822 | INFO  | DNAudit | user=null | ip=null | op=WRITE_CHUNK {blockData=conID: 1 locID: 102659353201148465 bcsId: 0} | ret=SUCCESS |  
2019-08-22 07:03:35,823 | INFO  | DNAudit | user=null | ip=null | op=PUT_BLOCK {blockData=[blockId=conID: 1 locID: 102659353201148465 bcsId: 0,size=1048576]} | ret=SUCCESS |  
2019-08-22 07:03:35,823 | INFO  | DNAudit | user=null | ip=null | op=WRITE_CHUNK {blockData=conID: 1 locID: 102659353201148465 bcsId: 0} | ret=SUCCESS |  
2019-08-22 07:03:35,823 [grpc-default-executor-1] INFO  client.GrpcClientProtocolClient (GrpcClientProtocolClient.java:onNext(255)) - client-CF63D631FA17->3cf1264f-5f6b-4138-aeee-2ff7d4522ead: receive RaftClientReply:client-CF63D631FA17->3cf1264f-5f6b-4138-aeee-2ff7d4522ead@group-561E16522154, cid=2166, SUCCESS, logIndex=3199, commits[3cf1264f-5f6b-4138-aeee-2ff7d4522ead:c3200, 4f0d1a15-8f14-4d9a-ad4f-8211e1245b5d:c3198, 6999f20e-c3f7-4db4-87ca-141c476f2a88:c3198]
2019-08-22 07:03:35,824 | INFO  | DNAudit | user=null | ip=null | op=PUT_BLOCK {blockData=[blockId=conID: 1 locID: 102659353201148465 bcsId: 0,size=2097152]} | ret=SUCCESS |  
2019-08-22 07:03:35,824 [grpc-default-executor-1] INFO  client.GrpcClientProtocolClient (GrpcClientProtocolClient.java:onNext(255)) - client-CF63D631FA17->3cf1264f-5f6b-4138-aeee-2ff7d4522ead: receive RaftClientReply:client-CF63D631FA17->3cf1264f-5f6b-4138-aeee-2ff7d4522ead@group-561E16522154, cid=2167, SUCCESS, logIndex=3200, commits[3cf1264f-5f6b-4138-aeee-2ff7d4522ead:c3201, 4f0d1a15-8f14-4d9a-ad4f-8211e1245b5d:c3198, 6999f20e-c3f7-4db4-87ca-141c476f2a88:c3198]
2019-08-22 07:03:35,824 [grpc-default-executor-1] INFO  client.GrpcClientProtocolClient (GrpcClientProtocolClient.java:onNext(255)) - client-CF63D631FA17->3cf1264f-5f6b-4138-aeee-2ff7d4522ead: receive RaftClientReply:client-CF63D631FA17->3cf1264f-5f6b-4138-aeee-2ff7d4522ead@group-561E16522154, cid=2168, SUCCESS, logIndex=3201, commits[3cf1264f-5f6b-4138-aeee-2ff7d4522ead:c3202, 4f0d1a15-8f14-4d9a-ad4f-8211e1245b5d:c3198, 6999f20e-c3f7-4db4-87ca-141c476f2a88:c3198]
2019-08-22 07:03:35,824 [grpc-default-executor-1] INFO  client.GrpcClientProtocolClient (GrpcClientProtocolClient.java:onNext(255)) - client-CF63D631FA17->3cf1264f-5f6b-4138-aeee-2ff7d4522ead: receive RaftClientReply:client-CF63D631FA17->3cf1264f-5f6b-4138-aeee-2ff7d4522ead@group-561E16522154, cid=2169, SUCCESS, logIndex=3202, commits[3cf1264f-5f6b-4138-aeee-2ff7d4522ead:c3202, 4f0d1a15-8f14-4d9a-ad4f-8211e1245b5d:c3198, 6999f20e-c3f7-4db4-87ca-141c476f2a88:c3198]
2019-08-22 07:03:35,835 | INFO  | DNAudit | user=null | ip=null | op=WRITE_CHUNK {blockData=conID: 1 locID: 102659353201148465 bcsId: 0} | ret=SUCCESS |  
2019-08-22 07:03:35,835 | INFO  | DNAudit | user=null | ip=null | op=WRITE_CHUNK {blockData=conID: 1 locID: 102659353201148465 bcsId: 0} | ret=SUCCESS |  
2019-08-22 07:03:35,836 | INFO  | DNAudit | user=null | ip=null | op=PUT_BLOCK {blockData=[blockId=conID: 1 locID: 102659353201148465 bcsId: 0,size=1048576]} | ret=SUCCESS |  
2019-08-22 07:03:35,836 | INFO  | DNAudit | user=null | ip=null | op=PUT_BLOCK {blockData=[blockId=conID: 1 locID: 102659353201148465 bcsId: 0,size=1048576]} | ret=SUCCESS |  
2019-08-22 07:03:35,836 | INFO  | DNAudit | user=null | ip=null | op=WRITE_CHUNK {blockData=conID: 1 locID: 102659353201148465 bcsId: 0} | ret=SUCCESS |  
2019-08-22 07:03:35,836 [grpc-default-executor-1] INFO  client.GrpcClientProtocolClient (GrpcClientProtocolClient.java:onNext(255)) - client-CF63D631FA17->3cf1264f-5f6b-4138-aeee-2ff7d4522ead: receive RaftClientReply:client-CF63D631FA17->3cf1264f-5f6b-4138-aeee-2ff7d4522ead@group-561E16522154, cid=2170, SUCCESS, logIndex=0, commits[3cf1264f-5f6b-4138-aeee-2ff7d4522ead:c3204, 4f0d1a15-8f14-4d9a-ad4f-8211e1245b5d:c3200, 6999f20e-c3f7-4db4-87ca-141c476f2a88:c3200]
2019-08-22 07:03:35,836 | INFO  | DNAudit | user=null | ip=null | op=PUT_BLOCK {blockData=[blockId=conID: 1 locID: 102659353201148465 bcsId: 0,size=2097152]} | ret=SUCCESS |  
2019-08-22 07:03:35,837 | INFO  | DNAudit | user=null | ip=null | op=WRITE_CHUNK {blockData=conID: 1 locID: 102659353201148465 bcsId: 0} | ret=SUCCESS |  
2019-08-22 07:03:35,837 | INFO  | DNAudit | user=null | ip=null | op=PUT_BLOCK {blockData=[blockId=conID: 1 locID: 102659353201148465 bcsId: 0,size=2097152]} | ret=SUCCESS |  
2019-08-22 07:03:35,843 | INFO  | DNAudit | user=null | ip=null | op=WRITE_CHUNK {blockData=conID: 1 locID: 102659353201148465 bcsId: 3202} | ret=SUCCESS |  
2019-08-22 07:03:35,846 | INFO  | DNAudit | user=null | ip=null | op=WRITE_CHUNK {blockData=conID: 1 locID: 102659353201148465 bcsId: 3202} | ret=SUCCESS |  
2019-08-22 07:03:35,847 | INFO  | DNAudit | user=null | ip=null | op=WRITE_CHUNK {blockData=conID: 1 locID: 102659353201148465 bcsId: 3202} | ret=SUCCESS |  
2019-08-22 07:03:35,850 | INFO  | DNAudit | user=null | ip=null | op=WRITE_CHUNK {blockData=conID: 1 locID: 102659353201148465 bcsId: 3202} | ret=SUCCESS |  
2019-08-22 07:03:35,850 | INFO  | DNAudit | user=null | ip=null | op=PUT_BLOCK {blockData=[blockId=conID: 1 locID: 102659353201148465 bcsId: 0,size=3145728]} | ret=SUCCESS |  
2019-08-22 07:03:35,850 [grpc-default-executor-0] INFO  client.GrpcClientProtocolClient (GrpcClientProtocolClient.java:onNext(255)) - client-CF63D631FA17->3cf1264f-5f6b-4138-aeee-2ff7d4522ead: receive RaftClientReply:client-CF63D631FA17->3cf1264f-5f6b-4138-aeee-2ff7d4522ead@group-561E16522154, cid=2171, SUCCESS, logIndex=3207, commits[3cf1264f-5f6b-4138-aeee-2ff7d4522ead:c3208, 4f0d1a15-8f14-4d9a-ad4f-8211e1245b5d:c3206, 6999f20e-c3f7-4db4-87ca-141c476f2a88:c3206]
2019-08-22 07:03:35,851 [grpc-default-executor-0] INFO  client.GrpcClientProtocolClient (GrpcClientProtocolClient.java:onNext(255)) - client-CF63D631FA17->3cf1264f-5f6b-4138-aeee-2ff7d4522ead: receive RaftClientReply:client-CF63D631FA17->3cf1264f-5f6b-4138-aeee-2ff7d4522ead@group-561E16522154, cid=2172, SUCCESS, logIndex=3208, commits[3cf1264f-5f6b-4138-aeee-2ff7d4522ead:c3208, 4f0d1a15-8f14-4d9a-ad4f-8211e1245b5d:c3206, 6999f20e-c3f7-4db4-87ca-141c476f2a88:c3206]
2019-08-22 07:03:35,858 | INFO  | DNAudit | user=null | ip=null | op=WRITE_CHUNK {blockData=conID: 1 locID: 102659353201148465 bcsId: 3208} | ret=SUCCESS |  
2019-08-22 07:03:35,861 | INFO  | DNAudit | user=null | ip=null | op=WRITE_CHUNK {blockData=conID: 1 locID: 102659353201148465 bcsId: 3208} | ret=SUCCESS |  
2019-08-22 07:03:35,861 | INFO  | DNAudit | user=null | ip=null | op=WRITE_CHUNK {blockData=conID: 1 locID: 102659353201148465 bcsId: 3208} | ret=SUCCESS |  
2019-08-22 07:03:35,862 | INFO  | DNAudit | user=null | ip=null | op=WRITE_CHUNK {blockData=conID: 1 locID: 102659353201148465 bcsId: 3202} | ret=SUCCESS |  
2019-08-22 07:03:35,862 | INFO  | DNAudit | user=null | ip=null | op=WRITE_CHUNK {blockData=conID: 1 locID: 102659353201148465 bcsId: 3202} | ret=SUCCESS |  
2019-08-22 07:03:35,863 | INFO  | DNAudit | user=null | ip=null | op=PUT_BLOCK {blockData=[blockId=conID: 1 locID: 102659353201148465 bcsId: 0,size=3145728]} | ret=SUCCESS |  
2019-08-22 07:03:35,863 | INFO  | DNAudit | user=null | ip=null | op=WRITE_CHUNK {blockData=conID: 1 locID: 102659353201148465 bcsId: 3208} | ret=SUCCESS |  
2019-08-22 07:03:35,863 | INFO  | DNAudit | user=null | ip=null | op=PUT_BLOCK {blockData=[blockId=conID: 1 locID: 102659353201148465 bcsId: 0,size=3145728]} | ret=SUCCESS |  
2019-08-22 07:03:35,864 | INFO  | DNAudit | user=null | ip=null | op=PUT_BLOCK {blockData=[blockId=conID: 1 locID: 102659353201148465 bcsId: 0,size=4194304]} | ret=SUCCESS |  
2019-08-22 07:03:35,864 [grpc-default-executor-0] INFO  client.GrpcClientProtocolClient (GrpcClientProtocolClient.java:onNext(255)) - client-CF63D631FA17->3cf1264f-5f6b-4138-aeee-2ff7d4522ead: receive RaftClientReply:client-CF63D631FA17->3cf1264f-5f6b-4138-aeee-2ff7d4522ead@group-561E16522154, cid=2173, SUCCESS, logIndex=3211, commits[3cf1264f-5f6b-4138-aeee-2ff7d4522ead:c3212, 4f0d1a15-8f14-4d9a-ad4f-8211e1245b5d:c3208, 6999f20e-c3f7-4db4-87ca-141c476f2a88:c3208]
2019-08-22 07:03:35,865 [grpc-default-executor-0] INFO  client.GrpcClientProtocolClient (GrpcClientProtocolClient.java:onNext(255)) - client-CF63D631FA17->3cf1264f-5f6b-4138-aeee-2ff7d4522ead: receive RaftClientReply:client-CF63D631FA17->3cf1264f-5f6b-4138-aeee-2ff7d4522ead@group-561E16522154, cid=2174, SUCCESS, logIndex=3212, commits[3cf1264f-5f6b-4138-aeee-2ff7d4522ead:c3212, 4f0d1a15-8f14-4d9a-ad4f-8211e1245b5d:c3208, 6999f20e-c3f7-4db4-87ca-141c476f2a88:c3208]
2019-08-22 07:03:35,876 | INFO  | DNAudit | user=null | ip=null | op=WRITE_CHUNK {blockData=conID: 1 locID: 102659353201148465 bcsId: 3208} | ret=SUCCESS |  
2019-08-22 07:03:35,877 | INFO  | DNAudit | user=null | ip=null | op=PUT_BLOCK {blockData=[blockId=conID: 1 locID: 102659353201148465 bcsId: 0,size=4194304]} | ret=SUCCESS |  
2019-08-22 07:03:35,877 | INFO  | DNAudit | user=null | ip=null | op=WRITE_CHUNK {blockData=conID: 1 locID: 102659353201148465 bcsId: 3208} | ret=SUCCESS |  
2019-08-22 07:03:35,877 | INFO  | DNAudit | user=null | ip=null | op=PUT_BLOCK {blockData=[blockId=conID: 1 locID: 102659353201148465 bcsId: 0,size=4194304]} | ret=SUCCESS |  
2019-08-22 07:03:35,877 [grpc-default-executor-0] INFO  client.GrpcClientProtocolClient (GrpcClientProtocolClient.java:onNext(255)) - client-CF63D631FA17->3cf1264f-5f6b-4138-aeee-2ff7d4522ead: receive RaftClientReply:client-CF63D631FA17->3cf1264f-5f6b-4138-aeee-2ff7d4522ead@group-561E16522154, cid=2175, SUCCESS, logIndex=0, commits[3cf1264f-5f6b-4138-aeee-2ff7d4522ead:c3213, 4f0d1a15-8f14-4d9a-ad4f-8211e1245b5d:c3212, 6999f20e-c3f7-4db4-87ca-141c476f2a88:c3212]
2019-08-22 07:03:35,883 | INFO  | SCMAudit | user=jenkins1000 | ip=192.168.34.31 | op=ALLOCATE_BLOCK {owner=04b6d46a-98e2-41b1-9f38-1870289993ea, size=4194304, type=RATIS, factor=THREE} | ret=SUCCESS |  
2019-08-22 07:03:35,887 | INFO  | OMAudit | user=jenkins1000 | ip=127.0.0.1 | op=ALLOCATE_BLOCK {volume=vol-0-14906, bucket=bucket-0-53153, key=key-0-33222, dataSize=0, replicationType=null, replicationFactor=null, keyLocationInfo=null, clientID=102659352017764754} | ret=SUCCESS |  
2019-08-22 07:03:35,894 | INFO  | DNAudit | user=null | ip=null | op=WRITE_CHUNK {blockData=conID: 2 locID: 102659353207308850 bcsId: 0} | ret=SUCCESS |  
2019-08-22 07:03:35,898 | INFO  | DNAudit | user=null | ip=null | op=WRITE_CHUNK {blockData=conID: 2 locID: 102659353207308850 bcsId: 0} | ret=SUCCESS |  
2019-08-22 07:03:35,898 | INFO  | DNAudit | user=null | ip=null | op=WRITE_CHUNK {blockData=conID: 2 locID: 102659353207308850 bcsId: 0} | ret=SUCCESS |  
2019-08-22 07:03:35,898 | INFO  | DNAudit | user=null | ip=null | op=WRITE_CHUNK {blockData=conID: 2 locID: 102659353207308850 bcsId: 0} | ret=SUCCESS |  
2019-08-22 07:03:35,899 | INFO  | SCMAudit | user=jenkins1000 | ip=192.168.34.31 | op=SEND_HEARTBEAT {datanodeUUID=6ab6b5dd-7582-43bd-ad39-1af51ca14a47, command=[]} | ret=SUCCESS |  
2019-08-22 07:03:35,900 | INFO  | DNAudit | user=null | ip=null | op=WRITE_CHUNK {blockData=conID: 2 locID: 102659353207308850 bcsId: 0} | ret=SUCCESS |  
2019-08-22 07:03:35,901 | INFO  | DNAudit | user=null | ip=null | op=WRITE_CHUNK {blockData=conID: 2 locID: 102659353207308850 bcsId: 0} | ret=SUCCESS |  
2019-08-22 07:03:35,901 | INFO  | SCMAudit | user=jenkins1000 | ip=192.168.34.31 | op=SEND_HEARTBEAT {datanodeUUID=f789f48f-f3d7-45ec-9bba-6a89e2bdcc9c, command=[]} | ret=SUCCESS |  
 0.00% |█                                                                                                    |  0/1 Time: 0:00:182019-08-22 07:03:35,909 | INFO  | DNAudit | user=null | ip=null | op=WRITE_CHUNK {blockData=conID: 2 locID: 102659353207308850 bcsId: 0} | ret=SUCCESS |  
2019-08-22 07:03:35,909 | INFO  | DNAudit | user=null | ip=null | op=PUT_BLOCK {blockData=[blockId=conID: 2 locID: 102659353207308850 bcsId: 0,size=1048576]} | ret=SUCCESS |  
2019-08-22 07:03:35,910 [grpc-default-executor-1] INFO  client.GrpcClientProtocolClient (GrpcClientProtocolClient.java:onNext(255)) - client-CF63D631FA17->3cf1264f-5f6b-4138-aeee-2ff7d4522ead: receive RaftClientReply:client-CF63D631FA17->3cf1264f-5f6b-4138-aeee-2ff7d4522ead@group-561E16522154, cid=2176, SUCCESS, logIndex=3215, commits[3cf1264f-5f6b-4138-aeee-2ff7d4522ead:c3216, 4f0d1a15-8f14-4d9a-ad4f-8211e1245b5d:c3214, 6999f20e-c3f7-4db4-87ca-141c476f2a88:c3214]
2019-08-22 07:03:35,910 [grpc-default-executor-1] INFO  client.GrpcClientProtocolClient (GrpcClientProtocolClient.java:onNext(255)) - client-CF63D631FA17->3cf1264f-5f6b-4138-aeee-2ff7d4522ead: receive RaftClientReply:client-CF63D631FA17->3cf1264f-5f6b-4138-aeee-2ff7d4522ead@group-561E16522154, cid=2177, SUCCESS, logIndex=3216, commits[3cf1264f-5f6b-4138-aeee-2ff7d4522ead:c3216, 4f0d1a15-8f14-4d9a-ad4f-8211e1245b5d:c3214, 6999f20e-c3f7-4db4-87ca-141c476f2a88:c3214]
2019-08-22 07:03:35,920 | INFO  | DNAudit | user=null | ip=null | op=WRITE_CHUNK {blockData=conID: 2 locID: 102659353207308850 bcsId: 0} | ret=SUCCESS |  
2019-08-22 07:03:35,921 | INFO  | DNAudit | user=null | ip=null | op=PUT_BLOCK {blockData=[blockId=conID: 2 locID: 102659353207308850 bcsId: 0,size=2097152]} | ret=SUCCESS |  
2019-08-22 07:03:35,921 [grpc-default-executor-0] INFO  client.GrpcClientProtocolClient (GrpcClientProtocolClient.java:onNext(255)) - client-CF63D631FA17->3cf1264f-5f6b-4138-aeee-2ff7d4522ead: receive RaftClientReply:client-CF63D631FA17->3cf1264f-5f6b-4138-aeee-2ff7d4522ead@group-561E16522154, cid=2178, SUCCESS, logIndex=3217, commits[3cf1264f-5f6b-4138-aeee-2ff7d4522ead:c3218, 4f0d1a15-8f14-4d9a-ad4f-8211e1245b5d:c3214, 6999f20e-c3f7-4db4-87ca-141c476f2a88:c3214]
2019-08-22 07:03:35,921 | INFO  | DNAudit | user=null | ip=null | op=WRITE_CHUNK {blockData=conID: 2 locID: 102659353207308850 bcsId: 0} | ret=SUCCESS |  
2019-08-22 07:03:35,922 | INFO  | DNAudit | user=null | ip=null | op=PUT_BLOCK {blockData=[blockId=conID: 2 locID: 102659353207308850 bcsId: 0,size=1048576]} | ret=SUCCESS |  
2019-08-22 07:03:35,922 [grpc-default-executor-0] INFO  client.GrpcClientProtocolClient (GrpcClientProtocolClient.java:onNext(255)) - client-CF63D631FA17->3cf1264f-5f6b-4138-aeee-2ff7d4522ead: receive RaftClientReply:client-CF63D631FA17->3cf1264f-5f6b-4138-aeee-2ff7d4522ead@group-561E16522154, cid=2179, SUCCESS, logIndex=3218, commits[3cf1264f-5f6b-4138-aeee-2ff7d4522ead:c3218, 4f0d1a15-8f14-4d9a-ad4f-8211e1245b5d:c3214, 6999f20e-c3f7-4db4-87ca-141c476f2a88:c3214]
2019-08-22 07:03:35,923 | INFO  | DNAudit | user=null | ip=null | op=WRITE_CHUNK {blockData=conID: 2 locID: 102659353207308850 bcsId: 0} | ret=SUCCESS |  
2019-08-22 07:03:35,924 | INFO  | DNAudit | user=null | ip=null | op=PUT_BLOCK {blockData=[blockId=conID: 2 locID: 102659353207308850 bcsId: 0,size=1048576]} | ret=SUCCESS |  
2019-08-22 07:03:35,924 [grpc-default-executor-0] INFO  client.GrpcClientProtocolClient (GrpcClientProtocolClient.java:onNext(255)) - client-CF63D631FA17->3cf1264f-5f6b-4138-aeee-2ff7d4522ead: receive RaftClientReply:client-CF63D631FA17->3cf1264f-5f6b-4138-aeee-2ff7d4522ead@group-561E16522154, cid=2180, SUCCESS, logIndex=0, commits[3cf1264f-5f6b-4138-aeee-2ff7d4522ead:c3220, 4f0d1a15-8f14-4d9a-ad4f-8211e1245b5d:c3216, 6999f20e-c3f7-4db4-87ca-141c476f2a88:c3216]
2019-08-22 07:03:35,925 | INFO  | SCMAudit | user=jenkins1000 | ip=192.168.34.31 | op=SEND_HEARTBEAT {datanodeUUID=4f0d1a15-8f14-4d9a-ad4f-8211e1245b5d, command=[]} | ret=SUCCESS |  
2019-08-22 07:03:35,925 | INFO  | SCMAudit | user=jenkins1000 | ip=192.168.34.31 | op=SEND_HEARTBEAT {datanodeUUID=3cf1264f-5f6b-4138-aeee-2ff7d4522ead, command=[]} | ret=SUCCESS |  
2019-08-22 07:03:35,925 | INFO  | SCMAudit | user=jenkins1000 | ip=192.168.34.31 | op=SEND_HEARTBEAT {datanodeUUID=6999f20e-c3f7-4db4-87ca-141c476f2a88, command=[]} | ret=SUCCESS |  
2019-08-22 07:03:35,931 | INFO  | DNAudit | user=null | ip=null | op=WRITE_CHUNK {blockData=conID: 2 locID: 102659353207308850 bcsId: 3218} | ret=SUCCESS |  
2019-08-22 07:03:35,934 | INFO  | DNAudit | user=null | ip=null | op=WRITE_CHUNK {blockData=conID: 2 locID: 102659353207308850 bcsId: 0} | ret=SUCCESS |  
2019-08-22 07:03:35,935 | INFO  | DNAudit | user=null | ip=null | op=WRITE_CHUNK {blockData=conID: 2 locID: 102659353207308850 bcsId: 3218} | ret=SUCCESS |  
2019-08-22 07:03:35,935 | INFO  | DNAudit | user=null | ip=null | op=PUT_BLOCK {blockData=[blockId=conID: 2 locID: 102659353207308850 bcsId: 0,size=2097152]} | ret=SUCCESS |  
2019-08-22 07:03:35,935 | INFO  | DNAudit | user=null | ip=null | op=WRITE_CHUNK {blockData=conID: 2 locID: 102659353207308850 bcsId: 0} | ret=SUCCESS |  
2019-08-22 07:03:35,935 | INFO  | DNAudit | user=null | ip=null | op=WRITE_CHUNK {blockData=conID: 2 locID: 102659353207308850 bcsId: 3218} | ret=SUCCESS |  
2019-08-22 07:03:35,935 | INFO  | DNAudit | user=null | ip=null | op=PUT_BLOCK {blockData=[blockId=conID: 2 locID: 102659353207308850 bcsId: 0,size=2097152]} | ret=SUCCESS |  
2019-08-22 07:03:35,936 | INFO  | DNAudit | user=null | ip=null | op=WRITE_CHUNK {blockData=conID: 2 locID: 102659353207308850 bcsId: 3218} | ret=SUCCESS |  
2019-08-22 07:03:35,937 | INFO  | DNAudit | user=null | ip=null | op=PUT_BLOCK {blockData=[blockId=conID: 2 locID: 102659353207308850 bcsId: 0,size=3145728]} | ret=SUCCESS |  
2019-08-22 07:03:35,937 [grpc-default-executor-0] INFO  client.GrpcClientProtocolClient (GrpcClientProtocolClient.java:onNext(255)) - client-CF63D631FA17->3cf1264f-5f6b-4138-aeee-2ff7d4522ead: receive RaftClientReply:client-CF63D631FA17->3cf1264f-5f6b-4138-aeee-2ff7d4522ead@group-561E16522154, cid=2181, SUCCESS, logIndex=3223, commits[3cf1264f-5f6b-4138-aeee-2ff7d4522ead:c3224, 4f0d1a15-8f14-4d9a-ad4f-8211e1245b5d:c3220, 6999f20e-c3f7-4db4-87ca-141c476f2a88:c3218]
2019-08-22 07:03:35,938 [grpc-default-executor-0] INFO  client.GrpcClientProtocolClient (GrpcClientProtocolClient.java:onNext(255)) - client-CF63D631FA17->3cf1264f-5f6b-4138-aeee-2ff7d4522ead: receive RaftClientReply:client-CF63D631FA17->3cf1264f-5f6b-4138-aeee-2ff7d4522ead@group-561E16522154, cid=2182, SUCCESS, logIndex=3224, commits[3cf1264f-5f6b-4138-aeee-2ff7d4522ead:c3224, 4f0d1a15-8f14-4d9a-ad4f-8211e1245b5d:c3220, 6999f20e-c3f7-4db4-87ca-141c476f2a88:c3220]
2019-08-22 07:03:35,940 | INFO  | DNAudit | user=null | ip=null | op=WRITE_CHUNK {blockData=conID: 2 locID: 102659353207308850 bcsId: 3218} | ret=SUCCESS |  
2019-08-22 07:03:35,940 | INFO  | DNAudit | user=null | ip=null | op=WRITE_CHUNK {blockData=conID: 2 locID: 102659353207308850 bcsId: 3218} | ret=SUCCESS |  
2019-08-22 07:03:35,940 | INFO  | DNAudit | user=null | ip=null | op=PUT_BLOCK {blockData=[blockId=conID: 2 locID: 102659353207308850 bcsId: 0,size=3145728]} | ret=SUCCESS |  
2019-08-22 07:03:35,940 | INFO  | DNAudit | user=null | ip=null | op=PUT_BLOCK {blockData=[blockId=conID: 2 locID: 102659353207308850 bcsId: 0,size=3145728]} | ret=SUCCESS |  
2019-08-22 07:03:35,945 | INFO  | DNAudit | user=null | ip=null | op=WRITE_CHUNK {blockData=conID: 2 locID: 102659353207308850 bcsId: 3224} | ret=SUCCESS |  
2019-08-22 07:03:35,947 | INFO  | DNAudit | user=null | ip=null | op=WRITE_CHUNK {blockData=conID: 2 locID: 102659353207308850 bcsId: 3224} | ret=SUCCESS |  
2019-08-22 07:03:35,948 | INFO  | DNAudit | user=null | ip=null | op=WRITE_CHUNK {blockData=conID: 2 locID: 102659353207308850 bcsId: 3224} | ret=SUCCESS |  
2019-08-22 07:03:35,966 | INFO  | DNAudit | user=null | ip=null | op=WRITE_CHUNK {blockData=conID: 2 locID: 102659353207308850 bcsId: 3224} | ret=SUCCESS |  
2019-08-22 07:03:35,967 | INFO  | DNAudit | user=null | ip=null | op=PUT_BLOCK {blockData=[blockId=conID: 2 locID: 102659353207308850 bcsId: 0,size=4194304]} | ret=SUCCESS |  
2019-08-22 07:03:35,967 [grpc-default-executor-5] INFO  client.GrpcClientProtocolClient (GrpcClientProtocolClient.java:onNext(255)) - client-CF63D631FA17->3cf1264f-5f6b-4138-aeee-2ff7d4522ead: receive RaftClientReply:client-CF63D631FA17->3cf1264f-5f6b-4138-aeee-2ff7d4522ead@group-561E16522154, cid=2183, SUCCESS, logIndex=3227, commits[3cf1264f-5f6b-4138-aeee-2ff7d4522ead:c3228, 4f0d1a15-8f14-4d9a-ad4f-8211e1245b5d:c3225, 6999f20e-c3f7-4db4-87ca-141c476f2a88:c3225]
2019-08-22 07:03:35,967 [grpc-default-executor-5] INFO  client.GrpcClientProtocolClient (GrpcClientProtocolClient.java:onNext(255)) - client-CF63D631FA17->3cf1264f-5f6b-4138-aeee-2ff7d4522ead: receive RaftClientReply:client-CF63D631FA17->3cf1264f-5f6b-4138-aeee-2ff7d4522ead@group-561E16522154, cid=2184, SUCCESS, logIndex=3228, commits[3cf1264f-5f6b-4138-aeee-2ff7d4522ead:c3228, 4f0d1a15-8f14-4d9a-ad4f-8211e1245b5d:c3225, 6999f20e-c3f7-4db4-87ca-141c476f2a88:c3225]
2019-08-22 07:03:35,980 | INFO  | DNAudit | user=null | ip=null | op=WRITE_CHUNK {blockData=conID: 2 locID: 102659353207308850 bcsId: 3224} | ret=SUCCESS |  
2019-08-22 07:03:35,980 | INFO  | DNAudit | user=null | ip=null | op=WRITE_CHUNK {blockData=conID: 2 locID: 102659353207308850 bcsId: 3224} | ret=SUCCESS |  
2019-08-22 07:03:35,993 | INFO  | DNAudit | user=null | ip=null | op=PUT_BLOCK {blockData=[blockId=conID: 2 locID: 102659353207308850 bcsId: 0,size=4194304]} | ret=SUCCESS |  
2019-08-22 07:03:35,993 | INFO  | DNAudit | user=null | ip=null | op=PUT_BLOCK {blockData=[blockId=conID: 2 locID: 102659353207308850 bcsId: 0,size=4194304]} | ret=SUCCESS |  
2019-08-22 07:03:35,993 [grpc-default-executor-5] INFO  client.GrpcClientProtocolClient (GrpcClientProtocolClient.java:onNext(255)) - client-CF63D631FA17->3cf1264f-5f6b-4138-aeee-2ff7d4522ead: receive RaftClientReply:client-CF63D631FA17->3cf1264f-5f6b-4138-aeee-2ff7d4522ead@group-561E16522154, cid=2185, SUCCESS, logIndex=0, commits[3cf1264f-5f6b-4138-aeee-2ff7d4522ead:c3230, 4f0d1a15-8f14-4d9a-ad4f-8211e1245b5d:c3228, 6999f20e-c3f7-4db4-87ca-141c476f2a88:c3228]
2019-08-22 07:03:35,999 | INFO  | SCMAudit | user=jenkins1000 | ip=192.168.34.31 | op=ALLOCATE_BLOCK {owner=04b6d46a-98e2-41b1-9f38-1870289993ea, size=4194304, type=RATIS, factor=THREE} | ret=SUCCESS |  
2019-08-22 07:03:36,002 | INFO  | OMAudit | user=jenkins1000 | ip=127.0.0.1 | op=ALLOCATE_BLOCK {volume=vol-0-14906, bucket=bucket-0-53153, key=key-0-33222, dataSize=0, replicationType=null, replicationFactor=null, keyLocationInfo=null, clientID=102659352017764754} | ret=SUCCESS |  
2019-08-22 07:03:36,009 | INFO  | DNAudit | user=null | ip=null | op=WRITE_CHUNK {blockData=conID: 3 locID: 102659353214911027 bcsId: 0} | ret=SUCCESS |  
2019-08-22 07:03:36,012 | INFO  | DNAudit | user=null | ip=null | op=WRITE_CHUNK {blockData=conID: 3 locID: 102659353214911027 bcsId: 0} | ret=SUCCESS |  
2019-08-22 07:03:36,012 | INFO  | DNAudit | user=null | ip=null | op=WRITE_CHUNK {blockData=conID: 3 locID: 102659353214911027 bcsId: 0} | ret=SUCCESS |  
2019-08-22 07:03:36,012 | INFO  | DNAudit | user=null | ip=null | op=WRITE_CHUNK {blockData=conID: 3 locID: 102659353214911027 bcsId: 0} | ret=SUCCESS |  
2019-08-22 07:03:36,013 | INFO  | DNAudit | user=null | ip=null | op=WRITE_CHUNK {blockData=conID: 3 locID: 102659353214911027 bcsId: 0} | ret=SUCCESS |  
2019-08-22 07:03:36,014 | INFO  | DNAudit | user=null | ip=null | op=WRITE_CHUNK {blockData=conID: 3 locID: 102659353214911027 bcsId: 0} | ret=SUCCESS |  
2019-08-22 07:03:36,023 | INFO  | DNAudit | user=null | ip=null | op=WRITE_CHUNK {blockData=conID: 3 locID: 102659353214911027 bcsId: 0} | ret=SUCCESS |  
2019-08-22 07:03:36,024 | INFO  | DNAudit | user=null | ip=null | op=PUT_BLOCK {blockData=[blockId=conID: 3 locID: 102659353214911027 bcsId: 0,size=1048576]} | ret=SUCCESS |  
2019-08-22 07:03:36,024 [grpc-default-executor-5] INFO  client.GrpcClientProtocolClient (GrpcClientProtocolClient.java:onNext(255)) - client-CF63D631FA17->3cf1264f-5f6b-4138-aeee-2ff7d4522ead: receive RaftClientReply:client-CF63D631FA17->3cf1264f-5f6b-4138-aeee-2ff7d4522ead@group-561E16522154, cid=2186, SUCCESS, logIndex=3231, commits[3cf1264f-5f6b-4138-aeee-2ff7d4522ead:c3232, 4f0d1a15-8f14-4d9a-ad4f-8211e1245b5d:c3230, 6999f20e-c3f7-4db4-87ca-141c476f2a88:c3230]
2019-08-22 07:03:36,024 | INFO  | DNAudit | user=null | ip=null | op=WRITE_CHUNK {blockData=conID: 3 locID: 102659353214911027 bcsId: 0} | ret=SUCCESS |  
2019-08-22 07:03:36,025 [grpc-default-executor-5] INFO  client.GrpcClientProtocolClient (GrpcClientProtocolClient.java:onNext(255)) - client-CF63D631FA17->3cf1264f-5f6b-4138-aeee-2ff7d4522ead: receive RaftClientReply:client-CF63D631FA17->3cf1264f-5f6b-4138-aeee-2ff7d4522ead@group-561E16522154, cid=2187, SUCCESS, logIndex=3232, commits[3cf1264f-5f6b-4138-aeee-2ff7d4522ead:c3234, 4f0d1a15-8f14-4d9a-ad4f-8211e1245b5d:c3230, 6999f20e-c3f7-4db4-87ca-141c476f2a88:c3230]
2019-08-22 07:03:36,025 | INFO  | DNAudit | user=null | ip=null | op=PUT_BLOCK {blockData=[blockId=conID: 3 locID: 102659353214911027 bcsId: 0,size=2097152]} | ret=SUCCESS |  
2019-08-22 07:03:36,025 [grpc-default-executor-5] INFO  client.GrpcClientProtocolClient (GrpcClientProtocolClient.java:onNext(255)) - client-CF63D631FA17->3cf1264f-5f6b-4138-aeee-2ff7d4522ead: receive RaftClientReply:client-CF63D631FA17->3cf1264f-5f6b-4138-aeee-2ff7d4522ead@group-561E16522154, cid=2188, SUCCESS, logIndex=3233, commits[3cf1264f-5f6b-4138-aeee-2ff7d4522ead:c3234, 4f0d1a15-8f14-4d9a-ad4f-8211e1245b5d:c3230, 6999f20e-c3f7-4db4-87ca-141c476f2a88:c3230]
2019-08-22 07:03:36,025 | INFO  | DNAudit | user=null | ip=null | op=WRITE_CHUNK {blockData=conID: 3 locID: 102659353214911027 bcsId: 0} | ret=SUCCESS |  
2019-08-22 07:03:36,025 | INFO  | DNAudit | user=null | ip=null | op=PUT_BLOCK {blockData=[blockId=conID: 3 locID: 102659353214911027 bcsId: 0,size=1048576]} | ret=SUCCESS |  
2019-08-22 07:03:36,025 [grpc-default-executor-5] INFO  client.GrpcClientProtocolClient (GrpcClientProtocolClient.java:onNext(255)) - client-CF63D631FA17->3cf1264f-5f6b-4138-aeee-2ff7d4522ead: receive RaftClientReply:client-CF63D631FA17->3cf1264f-5f6b-4138-aeee-2ff7d4522ead@group-561E16522154, cid=2189, SUCCESS, logIndex=3234, commits[3cf1264f-5f6b-4138-aeee-2ff7d4522ead:c3234, 4f0d1a15-8f14-4d9a-ad4f-8211e1245b5d:c3230, 6999f20e-c3f7-4db4-87ca-141c476f2a88:c3230]
2019-08-22 07:03:36,027 | INFO  | DNAudit | user=null | ip=null | op=WRITE_CHUNK {blockData=conID: 3 locID: 102659353214911027 bcsId: 0} | ret=SUCCESS |  
2019-08-22 07:03:36,029 | INFO  | DNAudit | user=null | ip=null | op=WRITE_CHUNK {blockData=conID: 3 locID: 102659353214911027 bcsId: 0} | ret=SUCCESS |  
2019-08-22 07:03:36,029 | INFO  | DNAudit | user=null | ip=null | op=PUT_BLOCK {blockData=[blockId=conID: 3 locID: 102659353214911027 bcsId: 0,size=2097152]} | ret=SUCCESS |  
2019-08-22 07:03:36,031 | INFO  | DNAudit | user=null | ip=null | op=PUT_BLOCK {blockData=[blockId=conID: 3 locID: 102659353214911027 bcsId: 0,size=1048576]} | ret=SUCCESS |  
2019-08-22 07:03:36,031 | INFO  | DNAudit | user=null | ip=null | op=WRITE_CHUNK {blockData=conID: 3 locID: 102659353214911027 bcsId: 0} | ret=SUCCESS |  
2019-08-22 07:03:36,031 | INFO  | DNAudit | user=null | ip=null | op=PUT_BLOCK {blockData=[blockId=conID: 3 locID: 102659353214911027 bcsId: 0,size=2097152]} | ret=SUCCESS |  
2019-08-22 07:03:36,031 [grpc-default-executor-5] INFO  client.GrpcClientProtocolClient (GrpcClientProtocolClient.java:onNext(255)) - client-CF63D631FA17->3cf1264f-5f6b-4138-aeee-2ff7d4522ead: receive RaftClientReply:client-CF63D631FA17->3cf1264f-5f6b-4138-aeee-2ff7d4522ead@group-561E16522154, cid=2190, SUCCESS, logIndex=0, commits[3cf1264f-5f6b-4138-aeee-2ff7d4522ead:c3237, 4f0d1a15-8f14-4d9a-ad4f-8211e1245b5d:c3234, 6999f20e-c3f7-4db4-87ca-141c476f2a88:c3232]
2019-08-22 07:03:36,038 | INFO  | DNAudit | user=null | ip=null | op=WRITE_CHUNK {blockData=conID: 3 locID: 102659353214911027 bcsId: 3234} | ret=SUCCESS |  
2019-08-22 07:03:36,040 | INFO  | DNAudit | user=null | ip=null | op=WRITE_CHUNK {blockData=conID: 3 locID: 102659353214911027 bcsId: 3234} | ret=SUCCESS |  
2019-08-22 07:03:36,040 | INFO  | DNAudit | user=null | ip=null | op=WRITE_CHUNK {blockData=conID: 3 locID: 102659353214911027 bcsId: 3234} | ret=SUCCESS |  
2019-08-22 07:03:36,043 | INFO  | DNAudit | user=null | ip=null | op=WRITE_CHUNK {blockData=conID: 3 locID: 102659353214911027 bcsId: 3234} | ret=SUCCESS |  
2019-08-22 07:03:36,043 | INFO  | DNAudit | user=null | ip=null | op=PUT_BLOCK {blockData=[blockId=conID: 3 locID: 102659353214911027 bcsId: 0,size=3145728]} | ret=SUCCESS |  
2019-08-22 07:03:36,043 [grpc-default-executor-0] INFO  client.GrpcClientProtocolClient (GrpcClientProtocolClient.java:onNext(255)) - client-CF63D631FA17->3cf1264f-5f6b-4138-aeee-2ff7d4522ead: receive RaftClientReply:client-CF63D631FA17->3cf1264f-5f6b-4138-aeee-2ff7d4522ead@group-561E16522154, cid=2191, SUCCESS, logIndex=3238, commits[3cf1264f-5f6b-4138-aeee-2ff7d4522ead:c3239, 4f0d1a15-8f14-4d9a-ad4f-8211e1245b5d:c3237, 6999f20e-c3f7-4db4-87ca-141c476f2a88:c3237]
2019-08-22 07:03:36,044 [grpc-default-executor-0] INFO  client.GrpcClientProtocolClient (GrpcClientProtocolClient.java:onNext(255)) - client-CF63D631FA17->3cf1264f-5f6b-4138-aeee-2ff7d4522ead: receive RaftClientReply:client-CF63D631FA17->3cf1264f-5f6b-4138-aeee-2ff7d4522ead@group-561E16522154, cid=2192, SUCCESS, logIndex=3239, commits[3cf1264f-5f6b-4138-aeee-2ff7d4522ead:c3239, 4f0d1a15-8f14-4d9a-ad4f-8211e1245b5d:c3237, 6999f20e-c3f7-4db4-87ca-141c476f2a88:c3237]
2019-08-22 07:03:36,044 | INFO  | DNAudit | user=null | ip=null | op=WRITE_CHUNK {blockData=conID: 3 locID: 102659353214911027 bcsId: 3234} | ret=SUCCESS |  
2019-08-22 07:03:36,046 | INFO  | DNAudit | user=null | ip=null | op=WRITE_CHUNK {blockData=conID: 3 locID: 102659353214911027 bcsId: 3234} | ret=SUCCESS |  
2019-08-22 07:03:36,047 | INFO  | DNAudit | user=null | ip=null | op=PUT_BLOCK {blockData=[blockId=conID: 3 locID: 102659353214911027 bcsId: 0,size=3145728]} | ret=SUCCESS |  
2019-08-22 07:03:36,048 | INFO  | DNAudit | user=null | ip=null | op=PUT_BLOCK {blockData=[blockId=conID: 3 locID: 102659353214911027 bcsId: 0,size=3145728]} | ret=SUCCESS |  
2019-08-22 07:03:36,049 | INFO  | DNAudit | user=null | ip=null | op=WRITE_CHUNK {blockData=conID: 3 locID: 102659353214911027 bcsId: 3239} | ret=SUCCESS |  
2019-08-22 07:03:36,053 | INFO  | DNAudit | user=null | ip=null | op=WRITE_CHUNK {blockData=conID: 3 locID: 102659353214911027 bcsId: 3239} | ret=SUCCESS |  
2019-08-22 07:03:36,053 | INFO  | DNAudit | user=null | ip=null | op=WRITE_CHUNK {blockData=conID: 3 locID: 102659353214911027 bcsId: 3239} | ret=SUCCESS |  
2019-08-22 07:03:36,074 | INFO  | DNAudit | user=null | ip=null | op=WRITE_CHUNK {blockData=conID: 3 locID: 102659353214911027 bcsId: 3239} | ret=SUCCESS |  
2019-08-22 07:03:36,074 | INFO  | DNAudit | user=null | ip=null | op=PUT_BLOCK {blockData=[blockId=conID: 3 locID: 102659353214911027 bcsId: 0,size=4194304]} | ret=SUCCESS |  
2019-08-22 07:03:36,074 [grpc-default-executor-0] INFO  client.GrpcClientProtocolClient (GrpcClientProtocolClient.java:onNext(255)) - client-CF63D631FA17->3cf1264f-5f6b-4138-aeee-2ff7d4522ead: receive RaftClientReply:client-CF63D631FA17->3cf1264f-5f6b-4138-aeee-2ff7d4522ead@group-561E16522154, cid=2193, SUCCESS, logIndex=3242, commits[3cf1264f-5f6b-4138-aeee-2ff7d4522ead:c3243, 4f0d1a15-8f14-4d9a-ad4f-8211e1245b5d:c3241, 6999f20e-c3f7-4db4-87ca-141c476f2a88:c3241]
2019-08-22 07:03:36,075 [grpc-default-executor-0] INFO  client.GrpcClientProtocolClient (GrpcClientProtocolClient.java:onNext(255)) - client-CF63D631FA17->3cf1264f-5f6b-4138-aeee-2ff7d4522ead: receive RaftClientReply:client-CF63D631FA17->3cf1264f-5f6b-4138-aeee-2ff7d4522ead@group-561E16522154, cid=2194, SUCCESS, logIndex=3243, commits[3cf1264f-5f6b-4138-aeee-2ff7d4522ead:c3243, 4f0d1a15-8f14-4d9a-ad4f-8211e1245b5d:c3241, 6999f20e-c3f7-4db4-87ca-141c476f2a88:c3241]
2019-08-22 07:03:36,087 | INFO  | DNAudit | user=null | ip=null | op=WRITE_CHUNK {blockData=conID: 3 locID: 102659353214911027 bcsId: 3239} | ret=SUCCESS |  
2019-08-22 07:03:36,087 | INFO  | DNAudit | user=null | ip=null | op=WRITE_CHUNK {blockData=conID: 3 locID: 102659353214911027 bcsId: 3239} | ret=SUCCESS |  
2019-08-22 07:03:36,087 | INFO  | DNAudit | user=null | ip=null | op=PUT_BLOCK {blockData=[blockId=conID: 3 locID: 102659353214911027 bcsId: 0,size=4194304]} | ret=SUCCESS |  
2019-08-22 07:03:36,087 | INFO  | DNAudit | user=null | ip=null | op=PUT_BLOCK {blockData=[blockId=conID: 3 locID: 102659353214911027 bcsId: 0,size=4194304]} | ret=SUCCESS |  
2019-08-22 07:03:36,087 [grpc-default-executor-0] INFO  client.GrpcClientProtocolClient (GrpcClientProtocolClient.java:onNext(255)) - client-CF63D631FA17->3cf1264f-5f6b-4138-aeee-2ff7d4522ead: receive RaftClientReply:client-CF63D631FA17->3cf1264f-5f6b-4138-aeee-2ff7d4522ead@group-561E16522154, cid=2195, SUCCESS, logIndex=0, commits[3cf1264f-5f6b-4138-aeee-2ff7d4522ead:c3244, 4f0d1a15-8f14-4d9a-ad4f-8211e1245b5d:c3243, 6999f20e-c3f7-4db4-87ca-141c476f2a88:c3243]
2019-08-22 07:03:36,093 | INFO  | SCMAudit | user=jenkins1000 | ip=192.168.34.31 | op=ALLOCATE_BLOCK {owner=04b6d46a-98e2-41b1-9f38-1870289993ea, size=4194304, type=RATIS, factor=THREE} | ret=SUCCESS |  
2019-08-22 07:03:36,097 | INFO  | OMAudit | user=jenkins1000 | ip=127.0.0.1 | op=ALLOCATE_BLOCK {volume=vol-0-14906, bucket=bucket-0-53153, key=key-0-33222, dataSize=0, replicationType=null, replicationFactor=null, keyLocationInfo=null, clientID=102659352017764754} | ret=SUCCESS |  
2019-08-22 07:03:36,103 | INFO  | DNAudit | user=null | ip=null | op=WRITE_CHUNK {blockData=conID: 1 locID: 102659353221071412 bcsId: 0} | ret=SUCCESS |  
2019-08-22 07:03:36,107 | INFO  | DNAudit | user=null | ip=null | op=WRITE_CHUNK {blockData=conID: 1 locID: 102659353221071412 bcsId: 0} | ret=SUCCESS |  
2019-08-22 07:03:36,107 | INFO  | DNAudit | user=null | ip=null | op=WRITE_CHUNK {blockData=conID: 1 locID: 102659353221071412 bcsId: 0} | ret=SUCCESS |  
2019-08-22 07:03:36,107 | INFO  | DNAudit | user=null | ip=null | op=WRITE_CHUNK {blockData=conID: 1 locID: 102659353221071412 bcsId: 0} | ret=SUCCESS |  
2019-08-22 07:03:36,108 | INFO  | DNAudit | user=null | ip=null | op=WRITE_CHUNK {blockData=conID: 1 locID: 102659353221071412 bcsId: 0} | ret=SUCCESS |  
2019-08-22 07:03:36,109 | INFO  | DNAudit | user=null | ip=null | op=WRITE_CHUNK {blockData=conID: 1 locID: 102659353221071412 bcsId: 0} | ret=SUCCESS |  
2019-08-22 07:03:36,130 | INFO  | DNAudit | user=null | ip=null | op=WRITE_CHUNK {blockData=conID: 1 locID: 102659353221071412 bcsId: 0} | ret=SUCCESS |  
2019-08-22 07:03:36,131 | INFO  | DNAudit | user=null | ip=null | op=PUT_BLOCK {blockData=[blockId=conID: 1 locID: 102659353221071412 bcsId: 0,size=1048576]} | ret=SUCCESS |  
2019-08-22 07:03:36,131 [grpc-default-executor-1] INFO  client.GrpcClientProtocolClient (GrpcClientProtocolClient.java:onNext(255)) - client-CF63D631FA17->3cf1264f-5f6b-4138-aeee-2ff7d4522ead: receive RaftClientReply:client-CF63D631FA17->3cf1264f-5f6b-4138-aeee-2ff7d4522ead@group-561E16522154, cid=2196, SUCCESS, logIndex=3246, commits[3cf1264f-5f6b-4138-aeee-2ff7d4522ead:c3248, 4f0d1a15-8f14-4d9a-ad4f-8211e1245b5d:c3245, 6999f20e-c3f7-4db4-87ca-141c476f2a88:c3245]
2019-08-22 07:03:36,131 | INFO  | DNAudit | user=null | ip=null | op=WRITE_CHUNK {blockData=conID: 1 locID: 102659353221071412 bcsId: 0} | ret=SUCCESS |  
2019-08-22 07:03:36,131 [grpc-default-executor-1] INFO  client.GrpcClientProtocolClient (GrpcClientProtocolClient.java:onNext(255)) - client-CF63D631FA17->3cf1264f-5f6b-4138-aeee-2ff7d4522ead: receive RaftClientReply:client-CF63D631FA17->3cf1264f-5f6b-4138-aeee-2ff7d4522ead@group-561E16522154, cid=2197, SUCCESS, logIndex=3247, commits[3cf1264f-5f6b-4138-aeee-2ff7d4522ead:c3249, 4f0d1a15-8f14-4d9a-ad4f-8211e1245b5d:c3245, 6999f20e-c3f7-4db4-87ca-141c476f2a88:c3245]
2019-08-22 07:03:36,132 | INFO  | DNAudit | user=null | ip=null | op=PUT_BLOCK {blockData=[blockId=conID: 1 locID: 102659353221071412 bcsId: 0,size=2097152]} | ret=SUCCESS |  
2019-08-22 07:03:36,132 [grpc-default-executor-1] INFO  client.GrpcClientProtocolClient (GrpcClientProtocolClient.java:onNext(255)) - client-CF63D631FA17->3cf1264f-5f6b-4138-aeee-2ff7d4522ead: receive RaftClientReply:client-CF63D631FA17->3cf1264f-5f6b-4138-aeee-2ff7d4522ead@group-561E16522154, cid=2198, SUCCESS, logIndex=3248, commits[3cf1264f-5f6b-4138-aeee-2ff7d4522ead:c3249, 4f0d1a15-8f14-4d9a-ad4f-8211e1245b5d:c3245, 6999f20e-c3f7-4db4-87ca-141c476f2a88:c3245]
2019-08-22 07:03:36,132 | INFO  | DNAudit | user=null | ip=null | op=WRITE_CHUNK {blockData=conID: 1 locID: 102659353221071412 bcsId: 0} | ret=SUCCESS |  
2019-08-22 07:03:36,132 [grpc-default-executor-1] INFO  client.GrpcClientProtocolClient (GrpcClientProtocolClient.java:onNext(255)) - client-CF63D631FA17->3cf1264f-5f6b-4138-aeee-2ff7d4522ead: receive RaftClientReply:client-CF63D631FA17->3cf1264f-5f6b-4138-aeee-2ff7d4522ead@group-561E16522154, cid=2199, SUCCESS, logIndex=3249, commits[3cf1264f-5f6b-4138-aeee-2ff7d4522ead:c3249, 4f0d1a15-8f14-4d9a-ad4f-8211e1245b5d:c3245, 6999f20e-c3f7-4db4-87ca-141c476f2a88:c3245]
2019-08-22 07:03:36,132 | INFO  | DNAudit | user=null | ip=null | op=PUT_BLOCK {blockData=[blockId=conID: 1 locID: 102659353221071412 bcsId: 0,size=1048576]} | ret=SUCCESS |  
2019-08-22 07:03:36,133 | INFO  | DNAudit | user=null | ip=null | op=WRITE_CHUNK {blockData=conID: 1 locID: 102659353221071412 bcsId: 0} | ret=SUCCESS |  
2019-08-22 07:03:36,133 | INFO  | DNAudit | user=null | ip=null | op=PUT_BLOCK {blockData=[blockId=conID: 1 locID: 102659353221071412 bcsId: 0,size=1048576]} | ret=SUCCESS |  
2019-08-22 07:03:36,133 [grpc-default-executor-1] INFO  client.GrpcClientProtocolClient (GrpcClientProtocolClient.java:onNext(255)) - client-CF63D631FA17->3cf1264f-5f6b-4138-aeee-2ff7d4522ead: receive RaftClientReply:client-CF63D631FA17->3cf1264f-5f6b-4138-aeee-2ff7d4522ead@group-561E16522154, cid=2200, SUCCESS, logIndex=0, commits[3cf1264f-5f6b-4138-aeee-2ff7d4522ead:c3250, 4f0d1a15-8f14-4d9a-ad4f-8211e1245b5d:c3247, 6999f20e-c3f7-4db4-87ca-141c476f2a88:c3247]
2019-08-22 07:03:36,134 | INFO  | DNAudit | user=null | ip=null | op=WRITE_CHUNK {blockData=conID: 1 locID: 102659353221071412 bcsId: 0} | ret=SUCCESS |  
2019-08-22 07:03:36,134 | INFO  | DNAudit | user=null | ip=null | op=PUT_BLOCK {blockData=[blockId=conID: 1 locID: 102659353221071412 bcsId: 0,size=2097152]} | ret=SUCCESS |  
2019-08-22 07:03:36,141 | INFO  | DNAudit | user=null | ip=null | op=WRITE_CHUNK {blockData=conID: 1 locID: 102659353221071412 bcsId: 3249} | ret=SUCCESS |  
2019-08-22 07:03:36,144 | INFO  | DNAudit | user=null | ip=null | op=WRITE_CHUNK {blockData=conID: 1 locID: 102659353221071412 bcsId: 3249} | ret=SUCCESS |  
2019-08-22 07:03:36,144 | INFO  | DNAudit | user=null | ip=null | op=WRITE_CHUNK {blockData=conID: 1 locID: 102659353221071412 bcsId: 3249} | ret=SUCCESS |  
2019-08-22 07:03:36,145 | INFO  | DNAudit | user=null | ip=null | op=WRITE_CHUNK {blockData=conID: 1 locID: 102659353221071412 bcsId: 0} | ret=SUCCESS |  
2019-08-22 07:03:36,146 | INFO  | DNAudit | user=null | ip=null | op=PUT_BLOCK {blockData=[blockId=conID: 1 locID: 102659353221071412 bcsId: 0,size=2097152]} | ret=SUCCESS |  
2019-08-22 07:03:36,146 | INFO  | DNAudit | user=null | ip=null | op=WRITE_CHUNK {blockData=conID: 1 locID: 102659353221071412 bcsId: 3249} | ret=SUCCESS |  
2019-08-22 07:03:36,147 | INFO  | DNAudit | user=null | ip=null | op=PUT_BLOCK {blockData=[blockId=conID: 1 locID: 102659353221071412 bcsId: 0,size=3145728]} | ret=SUCCESS |  
2019-08-22 07:03:36,147 [grpc-default-executor-1] INFO  client.GrpcClientProtocolClient (GrpcClientProtocolClient.java:onNext(255)) - client-CF63D631FA17->3cf1264f-5f6b-4138-aeee-2ff7d4522ead: receive RaftClientReply:client-CF63D631FA17->3cf1264f-5f6b-4138-aeee-2ff7d4522ead@group-561E16522154, cid=2201, SUCCESS, logIndex=3254, commits[3cf1264f-5f6b-4138-aeee-2ff7d4522ead:c3255, 4f0d1a15-8f14-4d9a-ad4f-8211e1245b5d:c3253, 6999f20e-c3f7-4db4-87ca-141c476f2a88:c3253]
2019-08-22 07:03:36,147 [grpc-default-executor-1] INFO  client.GrpcClientProtocolClient (GrpcClientProtocolClient.java:onNext(255)) - client-CF63D631FA17->3cf1264f-5f6b-4138-aeee-2ff7d4522ead: receive RaftClientReply:client-CF63D631FA17->3cf1264f-5f6b-4138-aeee-2ff7d4522ead@group-561E16522154, cid=2202, SUCCESS, logIndex=3255, commits[3cf1264f-5f6b-4138-aeee-2ff7d4522ead:c3255, 4f0d1a15-8f14-4d9a-ad4f-8211e1245b5d:c3253, 6999f20e-c3f7-4db4-87ca-141c476f2a88:c3253]
2019-08-22 07:03:36,149 | INFO  | DNAudit | user=null | ip=null | op=WRITE_CHUNK {blockData=conID: 1 locID: 102659353221071412 bcsId: 3249} | ret=SUCCESS |  
2019-08-22 07:03:36,149 | INFO  | DNAudit | user=null | ip=null | op=WRITE_CHUNK {blockData=conID: 1 locID: 102659353221071412 bcsId: 3249} | ret=SUCCESS |  
2019-08-22 07:03:36,154 | INFO  | DNAudit | user=null | ip=null | op=WRITE_CHUNK {blockData=conID: 1 locID: 102659353221071412 bcsId: 3255} | ret=SUCCESS |  
2019-08-22 07:03:36,157 | INFO  | DNAudit | user=null | ip=null | op=WRITE_CHUNK {blockData=conID: 1 locID: 102659353221071412 bcsId: 3255} | ret=SUCCESS |  
2019-08-22 07:03:36,157 | INFO  | DNAudit | user=null | ip=null | op=WRITE_CHUNK {blockData=conID: 1 locID: 102659353221071412 bcsId: 3255} | ret=SUCCESS |  
2019-08-22 07:03:36,160 | INFO  | DNAudit | user=null | ip=null | op=PUT_BLOCK {blockData=[blockId=conID: 1 locID: 102659353221071412 bcsId: 0,size=3145728]} | ret=SUCCESS |  
2019-08-22 07:03:36,160 | INFO  | DNAudit | user=null | ip=null | op=PUT_BLOCK {blockData=[blockId=conID: 1 locID: 102659353221071412 bcsId: 0,size=3145728]} | ret=SUCCESS |  
2019-08-22 07:03:36,163 | INFO  | DNAudit | user=null | ip=null | op=WRITE_CHUNK {blockData=conID: 1 locID: 102659353221071412 bcsId: 3255} | ret=SUCCESS |  
2019-08-22 07:03:36,164 | INFO  | DNAudit | user=null | ip=null | op=PUT_BLOCK {blockData=[blockId=conID: 1 locID: 102659353221071412 bcsId: 0,size=4194304]} | ret=SUCCESS |  
2019-08-22 07:03:36,164 [grpc-default-executor-3] INFO  client.GrpcClientProtocolClient (GrpcClientProtocolClient.java:onNext(255)) - client-CF63D631FA17->3cf1264f-5f6b-4138-aeee-2ff7d4522ead: receive RaftClientReply:client-CF63D631FA17->3cf1264f-5f6b-4138-aeee-2ff7d4522ead@group-561E16522154, cid=2203, SUCCESS, logIndex=3258, commits[3cf1264f-5f6b-4138-aeee-2ff7d4522ead:c3259, 4f0d1a15-8f14-4d9a-ad4f-8211e1245b5d:c3256, 6999f20e-c3f7-4db4-87ca-141c476f2a88:c3256]
2019-08-22 07:03:36,164 [grpc-default-executor-3] INFO  client.GrpcClientProtocolClient (GrpcClientProtocolClient.java:onNext(255)) - client-CF63D631FA17->3cf1264f-5f6b-4138-aeee-2ff7d4522ead: receive RaftClientReply:client-CF63D631FA17->3cf1264f-5f6b-4138-aeee-2ff7d4522ead@group-561E16522154, cid=2204, SUCCESS, logIndex=3259, commits[3cf1264f-5f6b-4138-aeee-2ff7d4522ead:c3259, 4f0d1a15-8f14-4d9a-ad4f-8211e1245b5d:c3256, 6999f20e-c3f7-4db4-87ca-141c476f2a88:c3256]
2019-08-22 07:03:36,175 | INFO  | DNAudit | user=null | ip=null | op=WRITE_CHUNK {blockData=conID: 1 locID: 102659353221071412 bcsId: 3255} | ret=SUCCESS |  
2019-08-22 07:03:36,175 | INFO  | DNAudit | user=null | ip=null | op=WRITE_CHUNK {blockData=conID: 1 locID: 102659353221071412 bcsId: 3255} | ret=SUCCESS |  
2019-08-22 07:03:36,177 | INFO  | DNAudit | user=null | ip=null | op=PUT_BLOCK {blockData=[blockId=conID: 1 locID: 102659353221071412 bcsId: 0,size=4194304]} | ret=SUCCESS |  
2019-08-22 07:03:36,178 | INFO  | DNAudit | user=null | ip=null | op=PUT_BLOCK {blockData=[blockId=conID: 1 locID: 102659353221071412 bcsId: 0,size=4194304]} | ret=SUCCESS |  
2019-08-22 07:03:36,178 [grpc-default-executor-3] INFO  client.GrpcClientProtocolClient (GrpcClientProtocolClient.java:onNext(255)) - client-CF63D631FA17->3cf1264f-5f6b-4138-aeee-2ff7d4522ead: receive RaftClientReply:client-CF63D631FA17->3cf1264f-5f6b-4138-aeee-2ff7d4522ead@group-561E16522154, cid=2205, SUCCESS, logIndex=0, commits[3cf1264f-5f6b-4138-aeee-2ff7d4522ead:c3260, 4f0d1a15-8f14-4d9a-ad4f-8211e1245b5d:c3259, 6999f20e-c3f7-4db4-87ca-141c476f2a88:c3259]
2019-08-22 07:03:36,182 | INFO  | SCMAudit | user=jenkins1000 | ip=192.168.34.31 | op=ALLOCATE_BLOCK {owner=04b6d46a-98e2-41b1-9f38-1870289993ea, size=4194304, type=RATIS, factor=THREE} | ret=SUCCESS |  
2019-08-22 07:03:36,184 | INFO  | OMAudit | user=jenkins1000 | ip=127.0.0.1 | op=ALLOCATE_BLOCK {volume=vol-0-14906, bucket=bucket-0-53153, key=key-0-33222, dataSize=0, replicationType=null, replicationFactor=null, keyLocationInfo=null, clientID=102659352017764754} | ret=SUCCESS |  
2019-08-22 07:03:36,191 | INFO  | DNAudit | user=null | ip=null | op=WRITE_CHUNK {blockData=conID: 2 locID: 102659353226904117 bcsId: 0} | ret=SUCCESS |  
2019-08-22 07:03:36,194 | INFO  | DNAudit | user=null | ip=null | op=WRITE_CHUNK {blockData=conID: 2 locID: 102659353226904117 bcsId: 0} | ret=SUCCESS |  
2019-08-22 07:03:36,195 | INFO  | DNAudit | user=null | ip=null | op=WRITE_CHUNK {blockData=conID: 2 locID: 102659353226904117 bcsId: 0} | ret=SUCCESS |  
2019-08-22 07:03:36,195 | INFO  | DNAudit | user=null | ip=null | op=WRITE_CHUNK {blockData=conID: 2 locID: 102659353226904117 bcsId: 0} | ret=SUCCESS |  
2019-08-22 07:03:36,197 | INFO  | DNAudit | user=null | ip=null | op=WRITE_CHUNK {blockData=conID: 2 locID: 102659353226904117 bcsId: 0} | ret=SUCCESS |  
2019-08-22 07:03:36,197 | INFO  | DNAudit | user=null | ip=null | op=WRITE_CHUNK {blockData=conID: 2 locID: 102659353226904117 bcsId: 0} | ret=SUCCESS |  
2019-08-22 07:03:36,204 | INFO  | DNAudit | user=null | ip=null | op=WRITE_CHUNK {blockData=conID: 2 locID: 102659353226904117 bcsId: 0} | ret=SUCCESS |  
2019-08-22 07:03:36,205 | INFO  | DNAudit | user=null | ip=null | op=PUT_BLOCK {blockData=[blockId=conID: 2 locID: 102659353226904117 bcsId: 0,size=1048576]} | ret=SUCCESS |  
2019-08-22 07:03:36,205 [grpc-default-executor-0] INFO  client.GrpcClientProtocolClient (GrpcClientProtocolClient.java:onNext(255)) - client-CF63D631FA17->3cf1264f-5f6b-4138-aeee-2ff7d4522ead: receive RaftClientReply:client-CF63D631FA17->3cf1264f-5f6b-4138-aeee-2ff7d4522ead@group-561E16522154, cid=2206, SUCCESS, logIndex=3262, commits[3cf1264f-5f6b-4138-aeee-2ff7d4522ead:c3263, 4f0d1a15-8f14-4d9a-ad4f-8211e1245b5d:c3261, 6999f20e-c3f7-4db4-87ca-141c476f2a88:c3261]
2019-08-22 07:03:36,205 | INFO  | DNAudit | user=null | ip=null | op=WRITE_CHUNK {blockData=conID: 2 locID: 102659353226904117 bcsId: 0} | ret=SUCCESS |  
2019-08-22 07:03:36,205 [grpc-default-executor-0] INFO  client.GrpcClientProtocolClient (GrpcClientProtocolClient.java:onNext(255)) - client-CF63D631FA17->3cf1264f-5f6b-4138-aeee-2ff7d4522ead: receive RaftClientReply:client-CF63D631FA17->3cf1264f-5f6b-4138-aeee-2ff7d4522ead@group-561E16522154, cid=2207, SUCCESS, logIndex=3263, commits[3cf1264f-5f6b-4138-aeee-2ff7d4522ead:c3263, 4f0d1a15-8f14-4d9a-ad4f-8211e1245b5d:c3261, 6999f20e-c3f7-4db4-87ca-141c476f2a88:c3261]
2019-08-22 07:03:36,206 | INFO  | DNAudit | user=null | ip=null | op=PUT_BLOCK {blockData=[blockId=conID: 2 locID: 102659353226904117 bcsId: 0,size=2097152]} | ret=SUCCESS |  
2019-08-22 07:03:36,206 [grpc-default-executor-0] INFO  client.GrpcClientProtocolClient (GrpcClientProtocolClient.java:onNext(255)) - client-CF63D631FA17->3cf1264f-5f6b-4138-aeee-2ff7d4522ead: receive RaftClientReply:client-CF63D631FA17->3cf1264f-5f6b-4138-aeee-2ff7d4522ead@group-561E16522154, cid=2208, SUCCESS, logIndex=3264, commits[3cf1264f-5f6b-4138-aeee-2ff7d4522ead:c3265, 4f0d1a15-8f14-4d9a-ad4f-8211e1245b5d:c3261, 6999f20e-c3f7-4db4-87ca-141c476f2a88:c3261]
2019-08-22 07:03:36,206 [grpc-default-executor-0] INFO  client.GrpcClientProtocolClient (GrpcClientProtocolClient.java:onNext(255)) - client-CF63D631FA17->3cf1264f-5f6b-4138-aeee-2ff7d4522ead: receive RaftClientReply:client-CF63D631FA17->3cf1264f-5f6b-4138-aeee-2ff7d4522ead@group-561E16522154, cid=2209, SUCCESS, logIndex=3265, commits[3cf1264f-5f6b-4138-aeee-2ff7d4522ead:c3265, 4f0d1a15-8f14-4d9a-ad4f-8211e1245b5d:c3261, 6999f20e-c3f7-4db4-87ca-141c476f2a88:c3261]
2019-08-22 07:03:36,218 | INFO  | DNAudit | user=null | ip=null | op=WRITE_CHUNK {blockData=conID: 2 locID: 102659353226904117 bcsId: 0} | ret=SUCCESS |  
2019-08-22 07:03:36,218 | INFO  | DNAudit | user=null | ip=null | op=PUT_BLOCK {blockData=[blockId=conID: 2 locID: 102659353226904117 bcsId: 0,size=1048576]} | ret=SUCCESS |  
2019-08-22 07:03:36,218 | INFO  | DNAudit | user=null | ip=null | op=WRITE_CHUNK {blockData=conID: 2 locID: 102659353226904117 bcsId: 0} | ret=SUCCESS |  
2019-08-22 07:03:36,218 | INFO  | DNAudit | user=null | ip=null | op=PUT_BLOCK {blockData=[blockId=conID: 2 locID: 102659353226904117 bcsId: 0,size=1048576]} | ret=SUCCESS |  
2019-08-22 07:03:36,219 | INFO  | DNAudit | user=null | ip=null | op=WRITE_CHUNK {blockData=conID: 2 locID: 102659353226904117 bcsId: 0} | ret=SUCCESS |  
2019-08-22 07:03:36,219 | INFO  | DNAudit | user=null | ip=null | op=WRITE_CHUNK {blockData=conID: 2 locID: 102659353226904117 bcsId: 0} | ret=SUCCESS |  
2019-08-22 07:03:36,219 | INFO  | DNAudit | user=null | ip=null | op=PUT_BLOCK {blockData=[blockId=conID: 2 locID: 102659353226904117 bcsId: 0,size=2097152]} | ret=SUCCESS |  
2019-08-22 07:03:36,219 | INFO  | DNAudit | user=null | ip=null | op=PUT_BLOCK {blockData=[blockId=conID: 2 locID: 102659353226904117 bcsId: 0,size=2097152]} | ret=SUCCESS |  
2019-08-22 07:03:36,219 [grpc-default-executor-3] INFO  client.GrpcClientProtocolClient (GrpcClientProtocolClient.java:onNext(255)) - client-CF63D631FA17->3cf1264f-5f6b-4138-aeee-2ff7d4522ead: receive RaftClientReply:client-CF63D631FA17->3cf1264f-5f6b-4138-aeee-2ff7d4522ead@group-561E16522154, cid=2210, SUCCESS, logIndex=0, commits[3cf1264f-5f6b-4138-aeee-2ff7d4522ead:c3267, 4f0d1a15-8f14-4d9a-ad4f-8211e1245b5d:c3263, 6999f20e-c3f7-4db4-87ca-141c476f2a88:c3263]
2019-08-22 07:03:36,226 | INFO  | DNAudit | user=null | ip=null | op=WRITE_CHUNK {blockData=conID: 2 locID: 102659353226904117 bcsId: 3265} | ret=SUCCESS |  
2019-08-22 07:03:36,228 | INFO  | DNAudit | user=null | ip=null | op=WRITE_CHUNK {blockData=conID: 2 locID: 102659353226904117 bcsId: 3265} | ret=SUCCESS |  
2019-08-22 07:03:36,229 | INFO  | DNAudit | user=null | ip=null | op=WRITE_CHUNK {blockData=conID: 2 locID: 102659353226904117 bcsId: 3265} | ret=SUCCESS |  
2019-08-22 07:03:36,238 | INFO  | DNAudit | user=null | ip=null | op=WRITE_CHUNK {blockData=conID: 2 locID: 102659353226904117 bcsId: 3265} | ret=SUCCESS |  
2019-08-22 07:03:36,239 | INFO  | DNAudit | user=null | ip=null | op=PUT_BLOCK {blockData=[blockId=conID: 2 locID: 102659353226904117 bcsId: 0,size=3145728]} | ret=SUCCESS |  
2019-08-22 07:03:36,239 [grpc-default-executor-0] INFO  client.GrpcClientProtocolClient (GrpcClientProtocolClient.java:onNext(255)) - client-CF63D631FA17->3cf1264f-5f6b-4138-aeee-2ff7d4522ead: receive RaftClientReply:client-CF63D631FA17->3cf1264f-5f6b-4138-aeee-2ff7d4522ead@group-561E16522154, cid=2211, SUCCESS, logIndex=3270, commits[3cf1264f-5f6b-4138-aeee-2ff7d4522ead:c3271, 4f0d1a15-8f14-4d9a-ad4f-8211e1245b5d:c3269, 6999f20e-c3f7-4db4-87ca-141c476f2a88:c3269]
2019-08-22 07:03:36,239 [grpc-default-executor-0] INFO  client.GrpcClientProtocolClient (GrpcClientProtocolClient.java:onNext(255)) - client-CF63D631FA17->3cf1264f-5f6b-4138-aeee-2ff7d4522ead: receive RaftClientReply:client-CF63D631FA17->3cf1264f-5f6b-4138-aeee-2ff7d4522ead@group-561E16522154, cid=2212, SUCCESS, logIndex=3271, commits[3cf1264f-5f6b-4138-aeee-2ff7d4522ead:c3271, 4f0d1a15-8f14-4d9a-ad4f-8211e1245b5d:c3269, 6999f20e-c3f7-4db4-87ca-141c476f2a88:c3269]
2019-08-22 07:03:36,246 | INFO  | DNAudit | user=null | ip=null | op=WRITE_CHUNK {blockData=conID: 2 locID: 102659353226904117 bcsId: 3271} | ret=SUCCESS |  
2019-08-22 07:03:36,247 | INFO  | DNAudit | user=null | ip=null | op=WRITE_CHUNK {blockData=conID: 2 locID: 102659353226904117 bcsId: 3271} | ret=SUCCESS |  
2019-08-22 07:03:36,247 | INFO  | DNAudit | user=null | ip=null | op=WRITE_CHUNK {blockData=conID: 2 locID: 102659353226904117 bcsId: 3271} | ret=SUCCESS |  
2019-08-22 07:03:36,250 | INFO  | DNAudit | user=null | ip=null | op=WRITE_CHUNK {blockData=conID: 2 locID: 102659353226904117 bcsId: 3265} | ret=SUCCESS |  
2019-08-22 07:03:36,250 | INFO  | DNAudit | user=null | ip=null | op=WRITE_CHUNK {blockData=conID: 2 locID: 102659353226904117 bcsId: 3265} | ret=SUCCESS |  
2019-08-22 07:03:36,250 | INFO  | DNAudit | user=null | ip=null | op=PUT_BLOCK {blockData=[blockId=conID: 2 locID: 102659353226904117 bcsId: 0,size=3145728]} | ret=SUCCESS |  
2019-08-22 07:03:36,252 | INFO  | DNAudit | user=null | ip=null | op=PUT_BLOCK {blockData=[blockId=conID: 2 locID: 102659353226904117 bcsId: 0,size=3145728]} | ret=SUCCESS |  
2019-08-22 07:03:36,253 | INFO  | DNAudit | user=null | ip=null | op=WRITE_CHUNK {blockData=conID: 2 locID: 102659353226904117 bcsId: 3271} | ret=SUCCESS |  
2019-08-22 07:03:36,253 | INFO  | DNAudit | user=null | ip=null | op=PUT_BLOCK {blockData=[blockId=conID: 2 locID: 102659353226904117 bcsId: 0,size=4194304]} | ret=SUCCESS |  
2019-08-22 07:03:36,254 [grpc-default-executor-3] INFO  client.GrpcClientProtocolClient (GrpcClientProtocolClient.java:onNext(255)) - client-CF63D631FA17->3cf1264f-5f6b-4138-aeee-2ff7d4522ead: receive RaftClientReply:client-CF63D631FA17->3cf1264f-5f6b-4138-aeee-2ff7d4522ead@group-561E16522154, cid=2213, SUCCESS, logIndex=3274, commits[3cf1264f-5f6b-4138-aeee-2ff7d4522ead:c3275, 4f0d1a15-8f14-4d9a-ad4f-8211e1245b5d:c3271, 6999f20e-c3f7-4db4-87ca-141c476f2a88:c3271]
2019-08-22 07:03:36,254 [grpc-default-executor-3] INFO  client.GrpcClientProtocolClient (GrpcClientProtocolClient.java:onNext(255)) - client-CF63D631FA17->3cf1264f-5f6b-4138-aeee-2ff7d4522ead: receive RaftClientReply:client-CF63D631FA17->3cf1264f-5f6b-4138-aeee-2ff7d4522ead@group-561E16522154, cid=2214, SUCCESS, logIndex=3275, commits[3cf1264f-5f6b-4138-aeee-2ff7d4522ead:c3275, 4f0d1a15-8f14-4d9a-ad4f-8211e1245b5d:c3271, 6999f20e-c3f7-4db4-87ca-141c476f2a88:c3271]
2019-08-22 07:03:36,265 | INFO  | DNAudit | user=null | ip=null | op=WRITE_CHUNK {blockData=conID: 2 locID: 102659353226904117 bcsId: 3271} | ret=SUCCESS |  
2019-08-22 07:03:36,265 | INFO  | DNAudit | user=null | ip=null | op=WRITE_CHUNK {blockData=conID: 2 locID: 102659353226904117 bcsId: 3271} | ret=SUCCESS |  
2019-08-22 07:03:36,268 | INFO  | DNAudit | user=null | ip=null | op=PUT_BLOCK {blockData=[blockId=conID: 2 locID: 102659353226904117 bcsId: 0,size=4194304]} | ret=SUCCESS |  
2019-08-22 07:03:36,268 | INFO  | DNAudit | user=null | ip=null | op=PUT_BLOCK {blockData=[blockId=conID: 2 locID: 102659353226904117 bcsId: 0,size=4194304]} | ret=SUCCESS |  
2019-08-22 07:03:36,269 [grpc-default-executor-3] INFO  client.GrpcClientProtocolClient (GrpcClientProtocolClient.java:onNext(255)) - client-CF63D631FA17->3cf1264f-5f6b-4138-aeee-2ff7d4522ead: receive RaftClientReply:client-CF63D631FA17->3cf1264f-5f6b-4138-aeee-2ff7d4522ead@group-561E16522154, cid=2215, SUCCESS, logIndex=0, commits[3cf1264f-5f6b-4138-aeee-2ff7d4522ead:c3277, 4f0d1a15-8f14-4d9a-ad4f-8211e1245b5d:c3275, 6999f20e-c3f7-4db4-87ca-141c476f2a88:c3275]
2019-08-22 07:03:36,273 | INFO  | SCMAudit | user=jenkins1000 | ip=192.168.34.31 | op=ALLOCATE_BLOCK {owner=04b6d46a-98e2-41b1-9f38-1870289993ea, size=4194304, type=RATIS, factor=THREE} | ret=SUCCESS |  
2019-08-22 07:03:36,275 | INFO  | OMAudit | user=jenkins1000 | ip=127.0.0.1 | op=ALLOCATE_BLOCK {volume=vol-0-14906, bucket=bucket-0-53153, key=key-0-33222, dataSize=0, replicationType=null, replicationFactor=null, keyLocationInfo=null, clientID=102659352017764754} | ret=SUCCESS |  
2019-08-22 07:03:36,282 | INFO  | DNAudit | user=null | ip=null | op=WRITE_CHUNK {blockData=conID: 3 locID: 102659353232867894 bcsId: 0} | ret=SUCCESS |  
2019-08-22 07:03:36,284 | INFO  | DNAudit | user=null | ip=null | op=WRITE_CHUNK {blockData=conID: 3 locID: 102659353232867894 bcsId: 0} | ret=SUCCESS |  
2019-08-22 07:03:36,284 | INFO  | DNAudit | user=null | ip=null | op=WRITE_CHUNK {blockData=conID: 3 locID: 102659353232867894 bcsId: 0} | ret=SUCCESS |  
2019-08-22 07:03:36,284 | INFO  | DNAudit | user=null | ip=null | op=WRITE_CHUNK {blockData=conID: 3 locID: 102659353232867894 bcsId: 0} | ret=SUCCESS |  
2019-08-22 07:03:36,286 | INFO  | DNAudit | user=null | ip=null | op=WRITE_CHUNK {blockData=conID: 3 locID: 102659353232867894 bcsId: 0} | ret=SUCCESS |  
2019-08-22 07:03:36,286 | INFO  | DNAudit | user=null | ip=null | op=WRITE_CHUNK {blockData=conID: 3 locID: 102659353232867894 bcsId: 0} | ret=SUCCESS |  
2019-08-22 07:03:36,287 | INFO  | DNAudit | user=null | ip=null | op=PUT_BLOCK {blockData=[blockId=conID: 3 locID: 102659353232867894 bcsId: 0,size=1048576]} | ret=SUCCESS |  
2019-08-22 07:03:36,287 | INFO  | DNAudit | user=null | ip=null | op=WRITE_CHUNK {blockData=conID: 3 locID: 102659353232867894 bcsId: 0} | ret=SUCCESS |  
2019-08-22 07:03:36,287 [grpc-default-executor-0] INFO  client.GrpcClientProtocolClient (GrpcClientProtocolClient.java:onNext(255)) - client-CF63D631FA17->3cf1264f-5f6b-4138-aeee-2ff7d4522ead: receive RaftClientReply:client-CF63D631FA17->3cf1264f-5f6b-4138-aeee-2ff7d4522ead@group-561E16522154, cid=2216, SUCCESS, logIndex=3278, commits[3cf1264f-5f6b-4138-aeee-2ff7d4522ead:c3279, 4f0d1a15-8f14-4d9a-ad4f-8211e1245b5d:c3277, 6999f20e-c3f7-4db4-87ca-141c476f2a88:c3277]
2019-08-22 07:03:36,287 [grpc-default-executor-0] INFO  client.GrpcClientProtocolClient (GrpcClientProtocolClient.java:onNext(255)) - client-CF63D631FA17->3cf1264f-5f6b-4138-aeee-2ff7d4522ead: receive RaftClientReply:client-CF63D631FA17->3cf1264f-5f6b-4138-aeee-2ff7d4522ead@group-561E16522154, cid=2217, SUCCESS, logIndex=3279, commits[3cf1264f-5f6b-4138-aeee-2ff7d4522ead:c3279, 4f0d1a15-8f14-4d9a-ad4f-8211e1245b5d:c3277, 6999f20e-c3f7-4db4-87ca-141c476f2a88:c3277]
2019-08-22 07:03:36,288 | INFO  | DNAudit | user=null | ip=null | op=WRITE_CHUNK {blockData=conID: 3 locID: 102659353232867894 bcsId: 0} | ret=SUCCESS |  
2019-08-22 07:03:36,288 | INFO  | DNAudit | user=null | ip=null | op=WRITE_CHUNK {blockData=conID: 3 locID: 102659353232867894 bcsId: 0} | ret=SUCCESS |  
2019-08-22 07:03:36,288 | INFO  | DNAudit | user=null | ip=null | op=PUT_BLOCK {blockData=[blockId=conID: 3 locID: 102659353232867894 bcsId: 0,size=1048576]} | ret=SUCCESS |  
2019-08-22 07:03:36,289 | INFO  | DNAudit | user=null | ip=null | op=PUT_BLOCK {blockData=[blockId=conID: 3 locID: 102659353232867894 bcsId: 0,size=2097152]} | ret=SUCCESS |  
2019-08-22 07:03:36,289 | INFO  | DNAudit | user=null | ip=null | op=WRITE_CHUNK {blockData=conID: 3 locID: 102659353232867894 bcsId: 0} | ret=SUCCESS |  
2019-08-22 07:03:36,289 [grpc-default-executor-3] INFO  client.GrpcClientProtocolClient (GrpcClientProtocolClient.java:onNext(255)) - client-CF63D631FA17->3cf1264f-5f6b-4138-aeee-2ff7d4522ead: receive RaftClientReply:client-CF63D631FA17->3cf1264f-5f6b-4138-aeee-2ff7d4522ead@group-561E16522154, cid=2218, SUCCESS, logIndex=3280, commits[3cf1264f-5f6b-4138-aeee-2ff7d4522ead:c3282, 4f0d1a15-8f14-4d9a-ad4f-8211e1245b5d:c3279, 6999f20e-c3f7-4db4-87ca-141c476f2a88:c3277]
2019-08-22 07:03:36,289 | INFO  | DNAudit | user=null | ip=null | op=PUT_BLOCK {blockData=[blockId=conID: 3 locID: 102659353232867894 bcsId: 0,size=1048576]} | ret=SUCCESS |  
2019-08-22 07:03:36,289 [grpc-default-executor-3] INFO  client.GrpcClientProtocolClient (GrpcClientProtocolClient.java:onNext(255)) - client-CF63D631FA17->3cf1264f-5f6b-4138-aeee-2ff7d4522ead: receive RaftClientReply:client-CF63D631FA17->3cf1264f-5f6b-4138-aeee-2ff7d4522ead@group-561E16522154, cid=2219, SUCCESS, logIndex=3281, commits[3cf1264f-5f6b-4138-aeee-2ff7d4522ead:c3283, 4f0d1a15-8f14-4d9a-ad4f-8211e1245b5d:c3279, 6999f20e-c3f7-4db4-87ca-141c476f2a88:c3277]
2019-08-22 07:03:36,290 [grpc-default-executor-3] INFO  client.GrpcClientProtocolClient (GrpcClientProtocolClient.java:onNext(255)) - client-CF63D631FA17->3cf1264f-5f6b-4138-aeee-2ff7d4522ead: receive RaftClientReply:client-CF63D631FA17->3cf1264f-5f6b-4138-aeee-2ff7d4522ead@group-561E16522154, cid=2220, SUCCESS, logIndex=0, commits[3cf1264f-5f6b-4138-aeee-2ff7d4522ead:c3283, 4f0d1a15-8f14-4d9a-ad4f-8211e1245b5d:c3279, 6999f20e-c3f7-4db4-87ca-141c476f2a88:c3279]
2019-08-22 07:03:36,290 | INFO  | DNAudit | user=null | ip=null | op=WRITE_CHUNK {blockData=conID: 3 locID: 102659353232867894 bcsId: 0} | ret=SUCCESS |  
2019-08-22 07:03:36,290 | INFO  | DNAudit | user=null | ip=null | op=WRITE_CHUNK {blockData=conID: 3 locID: 102659353232867894 bcsId: 0} | ret=SUCCESS |  
2019-08-22 07:03:36,291 | INFO  | DNAudit | user=null | ip=null | op=PUT_BLOCK {blockData=[blockId=conID: 3 locID: 102659353232867894 bcsId: 0,size=2097152]} | ret=SUCCESS |  
2019-08-22 07:03:36,292 | INFO  | DNAudit | user=null | ip=null | op=PUT_BLOCK {blockData=[blockId=conID: 3 locID: 102659353232867894 bcsId: 0,size=2097152]} | ret=SUCCESS |  
2019-08-22 07:03:36,296 | INFO  | DNAudit | user=null | ip=null | op=WRITE_CHUNK {blockData=conID: 3 locID: 102659353232867894 bcsId: 3281} | ret=SUCCESS |  
2019-08-22 07:03:36,298 | INFO  | DNAudit | user=null | ip=null | op=WRITE_CHUNK {blockData=conID: 3 locID: 102659353232867894 bcsId: 3281} | ret=SUCCESS |  
2019-08-22 07:03:36,298 | INFO  | DNAudit | user=null | ip=null | op=WRITE_CHUNK {blockData=conID: 3 locID: 102659353232867894 bcsId: 3281} | ret=SUCCESS |  
2019-08-22 07:03:36,300 | INFO  | DNAudit | user=null | ip=null | op=WRITE_CHUNK {blockData=conID: 3 locID: 102659353232867894 bcsId: 3281} | ret=SUCCESS |  
2019-08-22 07:03:36,300 | INFO  | DNAudit | user=null | ip=null | op=PUT_BLOCK {blockData=[blockId=conID: 3 locID: 102659353232867894 bcsId: 0,size=3145728]} | ret=SUCCESS |  
2019-08-22 07:03:36,300 [grpc-default-executor-0] INFO  client.GrpcClientProtocolClient (GrpcClientProtocolClient.java:onNext(255)) - client-CF63D631FA17->3cf1264f-5f6b-4138-aeee-2ff7d4522ead: receive RaftClientReply:client-CF63D631FA17->3cf1264f-5f6b-4138-aeee-2ff7d4522ead@group-561E16522154, cid=2221, SUCCESS, logIndex=3286, commits[3cf1264f-5f6b-4138-aeee-2ff7d4522ead:c3287, 4f0d1a15-8f14-4d9a-ad4f-8211e1245b5d:c3285, 6999f20e-c3f7-4db4-87ca-141c476f2a88:c3285]
2019-08-22 07:03:36,301 [grpc-default-executor-0] INFO  client.GrpcClientProtocolClient (GrpcClientProtocolClient.java:onNext(255)) - client-CF63D631FA17->3cf1264f-5f6b-4138-aeee-2ff7d4522ead: receive RaftClientReply:client-CF63D631FA17->3cf1264f-5f6b-4138-aeee-2ff7d4522ead@group-561E16522154, cid=2222, SUCCESS, logIndex=3287, commits[3cf1264f-5f6b-4138-aeee-2ff7d4522ead:c3287, 4f0d1a15-8f14-4d9a-ad4f-8211e1245b5d:c3285, 6999f20e-c3f7-4db4-87ca-141c476f2a88:c3285]
2019-08-22 07:03:36,301 | INFO  | DNAudit | user=null | ip=null | op=WRITE_CHUNK {blockData=conID: 3 locID: 102659353232867894 bcsId: 3281} | ret=SUCCESS |  
2019-08-22 07:03:36,302 | INFO  | DNAudit | user=null | ip=null | op=PUT_BLOCK {blockData=[blockId=conID: 3 locID: 102659353232867894 bcsId: 0,size=3145728]} | ret=SUCCESS |  
2019-08-22 07:03:36,303 | INFO  | DNAudit | user=null | ip=null | op=WRITE_CHUNK {blockData=conID: 3 locID: 102659353232867894 bcsId: 3281} | ret=SUCCESS |  
2019-08-22 07:03:36,303 | INFO  | DNAudit | user=null | ip=null | op=PUT_BLOCK {blockData=[blockId=conID: 3 locID: 102659353232867894 bcsId: 0,size=3145728]} | ret=SUCCESS |  
2019-08-22 07:03:36,307 | INFO  | DNAudit | user=null | ip=null | op=WRITE_CHUNK {blockData=conID: 3 locID: 102659353232867894 bcsId: 3287} | ret=SUCCESS |  
2019-08-22 07:03:36,309 | INFO  | DNAudit | user=null | ip=null | op=WRITE_CHUNK {blockData=conID: 3 locID: 102659353232867894 bcsId: 3287} | ret=SUCCESS |  
2019-08-22 07:03:36,309 | INFO  | DNAudit | user=null | ip=null | op=WRITE_CHUNK {blockData=conID: 3 locID: 102659353232867894 bcsId: 3287} | ret=SUCCESS |  
2019-08-22 07:03:36,337 | INFO  | DNAudit | user=null | ip=null | op=WRITE_CHUNK {blockData=conID: 3 locID: 102659353232867894 bcsId: 3287} | ret=SUCCESS |  
2019-08-22 07:03:36,338 | INFO  | DNAudit | user=null | ip=null | op=PUT_BLOCK {blockData=[blockId=conID: 3 locID: 102659353232867894 bcsId: 0,size=4194304]} | ret=SUCCESS |  
2019-08-22 07:03:36,338 [grpc-default-executor-3] INFO  client.GrpcClientProtocolClient (GrpcClientProtocolClient.java:onNext(255)) - client-CF63D631FA17->3cf1264f-5f6b-4138-aeee-2ff7d4522ead: receive RaftClientReply:client-CF63D631FA17->3cf1264f-5f6b-4138-aeee-2ff7d4522ead@group-561E16522154, cid=2223, SUCCESS, logIndex=3290, commits[3cf1264f-5f6b-4138-aeee-2ff7d4522ead:c3291, 4f0d1a15-8f14-4d9a-ad4f-8211e1245b5d:c3289, 6999f20e-c3f7-4db4-87ca-141c476f2a88:c3289]
2019-08-22 07:03:36,338 [grpc-default-executor-3] INFO  client.GrpcClientProtocolClient (GrpcClientProtocolClient.java:onNext(255)) - client-CF63D631FA17->3cf1264f-5f6b-4138-aeee-2ff7d4522ead: receive RaftClientReply:client-CF63D631FA17->3cf1264f-5f6b-4138-aeee-2ff7d4522ead@group-561E16522154, cid=2224, SUCCESS, logIndex=3291, commits[3cf1264f-5f6b-4138-aeee-2ff7d4522ead:c3291, 4f0d1a15-8f14-4d9a-ad4f-8211e1245b5d:c3289, 6999f20e-c3f7-4db4-87ca-141c476f2a88:c3289]
2019-08-22 07:03:36,349 | INFO  | DNAudit | user=null | ip=null | op=WRITE_CHUNK {blockData=conID: 3 locID: 102659353232867894 bcsId: 3287} | ret=SUCCESS |  
2019-08-22 07:03:36,349 | INFO  | DNAudit | user=null | ip=null | op=WRITE_CHUNK {blockData=conID: 3 locID: 102659353232867894 bcsId: 3287} | ret=SUCCESS |  
2019-08-22 07:03:36,349 | INFO  | DNAudit | user=null | ip=null | op=PUT_BLOCK {blockData=[blockId=conID: 3 locID: 102659353232867894 bcsId: 0,size=4194304]} | ret=SUCCESS |  
2019-08-22 07:03:36,349 | INFO  | DNAudit | user=null | ip=null | op=PUT_BLOCK {blockData=[blockId=conID: 3 locID: 102659353232867894 bcsId: 0,size=4194304]} | ret=SUCCESS |  
2019-08-22 07:03:36,505 [grpc-default-executor-3] INFO  client.GrpcClientProtocolClient (GrpcClientProtocolClient.java:onNext(255)) - client-CF63D631FA17->3cf1264f-5f6b-4138-aeee-2ff7d4522ead: receive RaftClientReply:client-CF63D631FA17->3cf1264f-5f6b-4138-aeee-2ff7d4522ead@group-561E16522154, cid=2225, SUCCESS, logIndex=0, commits[3cf1264f-5f6b-4138-aeee-2ff7d4522ead:c3292, 4f0d1a15-8f14-4d9a-ad4f-8211e1245b5d:c3291, 6999f20e-c3f7-4db4-87ca-141c476f2a88:c3291]
2019-08-22 07:03:36,512 | INFO  | SCMAudit | user=jenkins1000 | ip=192.168.34.31 | op=ALLOCATE_BLOCK {owner=04b6d46a-98e2-41b1-9f38-1870289993ea, size=4194304, type=RATIS, factor=THREE} | ret=SUCCESS |  
2019-08-22 07:03:36,516 | INFO  | OMAudit | user=jenkins1000 | ip=127.0.0.1 | op=ALLOCATE_BLOCK {volume=vol-0-14906, bucket=bucket-0-53153, key=key-0-33222, dataSize=0, replicationType=null, replicationFactor=null, keyLocationInfo=null, clientID=102659352017764754} | ret=SUCCESS |  
2019-08-22 07:03:36,525 | INFO  | DNAudit | user=null | ip=null | op=WRITE_CHUNK {blockData=conID: 1 locID: 102659353248530999 bcsId: 0} | ret=SUCCESS |  
2019-08-22 07:03:36,529 | INFO  | DNAudit | user=null | ip=null | op=WRITE_CHUNK {blockData=conID: 1 locID: 102659353248530999 bcsId: 0} | ret=SUCCESS |  
2019-08-22 07:03:36,529 | INFO  | DNAudit | user=null | ip=null | op=WRITE_CHUNK {blockData=conID: 1 locID: 102659353248530999 bcsId: 0} | ret=SUCCESS |  
2019-08-22 07:03:36,530 | INFO  | DNAudit | user=null | ip=null | op=WRITE_CHUNK {blockData=conID: 1 locID: 102659353248530999 bcsId: 0} | ret=SUCCESS |  
2019-08-22 07:03:36,532 | INFO  | DNAudit | user=null | ip=null | op=WRITE_CHUNK {blockData=conID: 1 locID: 102659353248530999 bcsId: 0} | ret=SUCCESS |  
2019-08-22 07:03:36,532 | INFO  | DNAudit | user=null | ip=null | op=WRITE_CHUNK {blockData=conID: 1 locID: 102659353248530999 bcsId: 0} | ret=SUCCESS |  
2019-08-22 07:03:36,538 | INFO  | DNAudit | user=null | ip=null | op=WRITE_CHUNK {blockData=conID: 1 locID: 102659353248530999 bcsId: 0} | ret=SUCCESS |  
2019-08-22 07:03:36,539 | INFO  | DNAudit | user=null | ip=null | op=PUT_BLOCK {blockData=[blockId=conID: 1 locID: 102659353248530999 bcsId: 0,size=1048576]} | ret=SUCCESS |  
2019-08-22 07:03:36,539 [grpc-default-executor-5] INFO  client.GrpcClientProtocolClient (GrpcClientProtocolClient.java:onNext(255)) - client-CF63D631FA17->3cf1264f-5f6b-4138-aeee-2ff7d4522ead: receive RaftClientReply:client-CF63D631FA17->3cf1264f-5f6b-4138-aeee-2ff7d4522ead@group-561E16522154, cid=2226, SUCCESS, logIndex=3294, commits[3cf1264f-5f6b-4138-aeee-2ff7d4522ead:c3295, 4f0d1a15-8f14-4d9a-ad4f-8211e1245b5d:c3293, 6999f20e-c3f7-4db4-87ca-141c476f2a88:c3293]
2019-08-22 07:03:36,539 | INFO  | DNAudit | user=null | ip=null | op=WRITE_CHUNK {blockData=conID: 1 locID: 102659353248530999 bcsId: 0} | ret=SUCCESS |  
2019-08-22 07:03:36,540 | INFO  | DNAudit | user=null | ip=null | op=PUT_BLOCK {blockData=[blockId=conID: 1 locID: 102659353248530999 bcsId: 0,size=2097152]} | ret=SUCCESS |  
2019-08-22 07:03:36,540 [grpc-default-executor-5] INFO  client.GrpcClientProtocolClient (GrpcClientProtocolClient.java:onNext(255)) - client-CF63D631FA17->3cf1264f-5f6b-4138-aeee-2ff7d4522ead: receive RaftClientReply:client-CF63D631FA17->3cf1264f-5f6b-4138-aeee-2ff7d4522ead@group-561E16522154, cid=2227, SUCCESS, logIndex=3295, commits[3cf1264f-5f6b-4138-aeee-2ff7d4522ead:c3297, 4f0d1a15-8f14-4d9a-ad4f-8211e1245b5d:c3293, 6999f20e-c3f7-4db4-87ca-141c476f2a88:c3293]
2019-08-22 07:03:36,540 [grpc-default-executor-5] INFO  client.GrpcClientProtocolClient (GrpcClientProtocolClient.java:onNext(255)) - client-CF63D631FA17->3cf1264f-5f6b-4138-aeee-2ff7d4522ead: receive RaftClientReply:client-CF63D631FA17->3cf1264f-5f6b-4138-aeee-2ff7d4522ead@group-561E16522154, cid=2228, SUCCESS, logIndex=3296, commits[3cf1264f-5f6b-4138-aeee-2ff7d4522ead:c3297, 4f0d1a15-8f14-4d9a-ad4f-8211e1245b5d:c3293, 6999f20e-c3f7-4db4-87ca-141c476f2a88:c3293]
2019-08-22 07:03:36,540 [grpc-default-executor-5] INFO  client.GrpcClientProtocolClient (GrpcClientProtocolClient.java:onNext(255)) - client-CF63D631FA17->3cf1264f-5f6b-4138-aeee-2ff7d4522ead: receive RaftClientReply:client-CF63D631FA17->3cf1264f-5f6b-4138-aeee-2ff7d4522ead@group-561E16522154, cid=2229, SUCCESS, logIndex=3297, commits[3cf1264f-5f6b-4138-aeee-2ff7d4522ead:c3297, 4f0d1a15-8f14-4d9a-ad4f-8211e1245b5d:c3293, 6999f20e-c3f7-4db4-87ca-141c476f2a88:c3293]
2019-08-22 07:03:36,552 | INFO  | DNAudit | user=null | ip=null | op=WRITE_CHUNK {blockData=conID: 1 locID: 102659353248530999 bcsId: 0} | ret=SUCCESS |  
2019-08-22 07:03:36,553 | INFO  | DNAudit | user=null | ip=null | op=PUT_BLOCK {blockData=[blockId=conID: 1 locID: 102659353248530999 bcsId: 0,size=1048576]} | ret=SUCCESS |  
2019-08-22 07:03:36,553 | INFO  | DNAudit | user=null | ip=null | op=WRITE_CHUNK {blockData=conID: 1 locID: 102659353248530999 bcsId: 0} | ret=SUCCESS |  
2019-08-22 07:03:36,553 | INFO  | DNAudit | user=null | ip=null | op=PUT_BLOCK {blockData=[blockId=conID: 1 locID: 102659353248530999 bcsId: 0,size=1048576]} | ret=SUCCESS |  
2019-08-22 07:03:36,553 | INFO  | DNAudit | user=null | ip=null | op=WRITE_CHUNK {blockData=conID: 1 locID: 102659353248530999 bcsId: 0} | ret=SUCCESS |  
2019-08-22 07:03:36,553 | INFO  | DNAudit | user=null | ip=null | op=WRITE_CHUNK {blockData=conID: 1 locID: 102659353248530999 bcsId: 0} | ret=SUCCESS |  
2019-08-22 07:03:36,553 | INFO  | DNAudit | user=null | ip=null | op=PUT_BLOCK {blockData=[blockId=conID: 1 locID: 102659353248530999 bcsId: 0,size=2097152]} | ret=SUCCESS |  
2019-08-22 07:03:36,554 | INFO  | DNAudit | user=null | ip=null | op=PUT_BLOCK {blockData=[blockId=conID: 1 locID: 102659353248530999 bcsId: 0,size=2097152]} | ret=SUCCESS |  
2019-08-22 07:03:36,554 [grpc-default-executor-3] INFO  client.GrpcClientProtocolClient (GrpcClientProtocolClient.java:onNext(255)) - client-CF63D631FA17->3cf1264f-5f6b-4138-aeee-2ff7d4522ead: receive RaftClientReply:client-CF63D631FA17->3cf1264f-5f6b-4138-aeee-2ff7d4522ead@group-561E16522154, cid=2230, SUCCESS, logIndex=0, commits[3cf1264f-5f6b-4138-aeee-2ff7d4522ead:c3299, 4f0d1a15-8f14-4d9a-ad4f-8211e1245b5d:c3295, 6999f20e-c3f7-4db4-87ca-141c476f2a88:c3295]
2019-08-22 07:03:36,561 | INFO  | DNAudit | user=null | ip=null | op=WRITE_CHUNK {blockData=conID: 1 locID: 102659353248530999 bcsId: 3297} | ret=SUCCESS |  
2019-08-22 07:03:36,565 | INFO  | DNAudit | user=null | ip=null | op=WRITE_CHUNK {blockData=conID: 1 locID: 102659353248530999 bcsId: 3297} | ret=SUCCESS |  
2019-08-22 07:03:36,565 | INFO  | DNAudit | user=null | ip=null | op=WRITE_CHUNK {blockData=conID: 1 locID: 102659353248530999 bcsId: 3297} | ret=SUCCESS |  
2019-08-22 07:03:36,574 | INFO  | DNAudit | user=null | ip=null | op=WRITE_CHUNK {blockData=conID: 1 locID: 102659353248530999 bcsId: 3297} | ret=SUCCESS |  
2019-08-22 07:03:36,574 | INFO  | DNAudit | user=null | ip=null | op=PUT_BLOCK {blockData=[blockId=conID: 1 locID: 102659353248530999 bcsId: 0,size=3145728]} | ret=SUCCESS |  
2019-08-22 07:03:36,574 [grpc-default-executor-3] INFO  client.GrpcClientProtocolClient (GrpcClientProtocolClient.java:onNext(255)) - client-CF63D631FA17->3cf1264f-5f6b-4138-aeee-2ff7d4522ead: receive RaftClientReply:client-CF63D631FA17->3cf1264f-5f6b-4138-aeee-2ff7d4522ead@group-561E16522154, cid=2231, SUCCESS, logIndex=3302, commits[3cf1264f-5f6b-4138-aeee-2ff7d4522ead:c3303, 4f0d1a15-8f14-4d9a-ad4f-8211e1245b5d:c3301, 6999f20e-c3f7-4db4-87ca-141c476f2a88:c3301]
2019-08-22 07:03:36,575 [grpc-default-executor-3] INFO  client.GrpcClientProtocolClient (GrpcClientProtocolClient.java:onNext(255)) - client-CF63D631FA17->3cf1264f-5f6b-4138-aeee-2ff7d4522ead: receive RaftClientReply:client-CF63D631FA17->3cf1264f-5f6b-4138-aeee-2ff7d4522ead@group-561E16522154, cid=2232, SUCCESS, logIndex=3303, commits[3cf1264f-5f6b-4138-aeee-2ff7d4522ead:c3303, 4f0d1a15-8f14-4d9a-ad4f-8211e1245b5d:c3301, 6999f20e-c3f7-4db4-87ca-141c476f2a88:c3301]
2019-08-22 07:03:36,575 | INFO  | DNAudit | user=null | ip=null | op=WRITE_CHUNK {blockData=conID: 1 locID: 102659353248530999 bcsId: 3297} | ret=SUCCESS |  
2019-08-22 07:03:36,576 | INFO  | DNAudit | user=null | ip=null | op=PUT_BLOCK {blockData=[blockId=conID: 1 locID: 102659353248530999 bcsId: 0,size=3145728]} | ret=SUCCESS |  
2019-08-22 07:03:36,577 | INFO  | DNAudit | user=null | ip=null | op=WRITE_CHUNK {blockData=conID: 1 locID: 102659353248530999 bcsId: 3297} | ret=SUCCESS |  
2019-08-22 07:03:36,577 | INFO  | DNAudit | user=null | ip=null | op=PUT_BLOCK {blockData=[blockId=conID: 1 locID: 102659353248530999 bcsId: 0,size=3145728]} | ret=SUCCESS |  
2019-08-22 07:03:36,582 | INFO  | DNAudit | user=null | ip=null | op=WRITE_CHUNK {blockData=conID: 1 locID: 102659353248530999 bcsId: 3303} | ret=SUCCESS |  
2019-08-22 07:03:36,586 | INFO  | DNAudit | user=null | ip=null | op=WRITE_CHUNK {blockData=conID: 1 locID: 102659353248530999 bcsId: 3303} | ret=SUCCESS |  
2019-08-22 07:03:36,586 | INFO  | DNAudit | user=null | ip=null | op=WRITE_CHUNK {blockData=conID: 1 locID: 102659353248530999 bcsId: 3303} | ret=SUCCESS |  
2019-08-22 07:03:36,589 | INFO  | DNAudit | user=null | ip=null | op=WRITE_CHUNK {blockData=conID: 1 locID: 102659353248530999 bcsId: 3303} | ret=SUCCESS |  
2019-08-22 07:03:36,590 | INFO  | DNAudit | user=null | ip=null | op=PUT_BLOCK {blockData=[blockId=conID: 1 locID: 102659353248530999 bcsId: 0,size=4194304]} | ret=SUCCESS |  
2019-08-22 07:03:36,590 [grpc-default-executor-3] INFO  client.GrpcClientProtocolClient (GrpcClientProtocolClient.java:onNext(255)) - client-CF63D631FA17->3cf1264f-5f6b-4138-aeee-2ff7d4522ead: receive RaftClientReply:client-CF63D631FA17->3cf1264f-5f6b-4138-aeee-2ff7d4522ead@group-561E16522154, cid=2233, SUCCESS, logIndex=3306, commits[3cf1264f-5f6b-4138-aeee-2ff7d4522ead:c3307, 4f0d1a15-8f14-4d9a-ad4f-8211e1245b5d:c3304, 6999f20e-c3f7-4db4-87ca-141c476f2a88:c3303]
2019-08-22 07:03:36,590 [grpc-default-executor-3] INFO  client.GrpcClientProtocolClient (GrpcClientProtocolClient.java:onNext(255)) - client-CF63D631FA17->3cf1264f-5f6b-4138-aeee-2ff7d4522ead: receive RaftClientReply:client-CF63D631FA17->3cf1264f-5f6b-4138-aeee-2ff7d4522ead@group-561E16522154, cid=2234, SUCCESS, logIndex=3307, commits[3cf1264f-5f6b-4138-aeee-2ff7d4522ead:c3307, 4f0d1a15-8f14-4d9a-ad4f-8211e1245b5d:c3304, 6999f20e-c3f7-4db4-87ca-141c476f2a88:c3304]
2019-08-22 07:03:36,591 | INFO  | DNAudit | user=null | ip=null | op=WRITE_CHUNK {blockData=conID: 1 locID: 102659353248530999 bcsId: 3303} | ret=SUCCESS |  
2019-08-22 07:03:36,591 | INFO  | DNAudit | user=null | ip=null | op=WRITE_CHUNK {blockData=conID: 1 locID: 102659353248530999 bcsId: 3303} | ret=SUCCESS |  
2019-08-22 07:03:36,591 | INFO  | DNAudit | user=null | ip=null | op=PUT_BLOCK {blockData=[blockId=conID: 1 locID: 102659353248530999 bcsId: 0,size=4194304]} | ret=SUCCESS |  
2019-08-22 07:03:36,591 | INFO  | DNAudit | user=null | ip=null | op=PUT_BLOCK {blockData=[blockId=conID: 1 locID: 102659353248530999 bcsId: 0,size=4194304]} | ret=SUCCESS |  
2019-08-22 07:03:36,591 [grpc-default-executor-3] INFO  client.GrpcClientProtocolClient (GrpcClientProtocolClient.java:onNext(255)) - client-CF63D631FA17->3cf1264f-5f6b-4138-aeee-2ff7d4522ead: receive RaftClientReply:client-CF63D631FA17->3cf1264f-5f6b-4138-aeee-2ff7d4522ead@group-561E16522154, cid=2235, SUCCESS, logIndex=0, commits[3cf1264f-5f6b-4138-aeee-2ff7d4522ead:c3308, 4f0d1a15-8f14-4d9a-ad4f-8211e1245b5d:c3307, 6999f20e-c3f7-4db4-87ca-141c476f2a88:c3307]
2019-08-22 07:03:36,596 | INFO  | SCMAudit | user=jenkins1000 | ip=192.168.34.31 | op=ALLOCATE_BLOCK {owner=04b6d46a-98e2-41b1-9f38-1870289993ea, size=4194304, type=RATIS, factor=THREE} | ret=SUCCESS |  
2019-08-22 07:03:36,599 | INFO  | OMAudit | user=jenkins1000 | ip=127.0.0.1 | op=ALLOCATE_BLOCK {volume=vol-0-14906, bucket=bucket-0-53153, key=key-0-33222, dataSize=0, replicationType=null, replicationFactor=null, keyLocationInfo=null, clientID=102659352017764754} | ret=SUCCESS |  
2019-08-22 07:03:36,606 | INFO  | DNAudit | user=null | ip=null | op=WRITE_CHUNK {blockData=conID: 2 locID: 102659353254036024 bcsId: 0} | ret=SUCCESS |  
2019-08-22 07:03:36,610 | INFO  | DNAudit | user=null | ip=null | op=WRITE_CHUNK {blockData=conID: 2 locID: 102659353254036024 bcsId: 0} | ret=SUCCESS |  
2019-08-22 07:03:36,610 | INFO  | DNAudit | user=null | ip=null | op=WRITE_CHUNK {blockData=conID: 2 locID: 102659353254036024 bcsId: 0} | ret=SUCCESS |  
2019-08-22 07:03:36,610 | INFO  | DNAudit | user=null | ip=null | op=WRITE_CHUNK {blockData=conID: 2 locID: 102659353254036024 bcsId: 0} | ret=SUCCESS |  
2019-08-22 07:03:36,613 | INFO  | DNAudit | user=null | ip=null | op=WRITE_CHUNK {blockData=conID: 2 locID: 102659353254036024 bcsId: 0} | ret=SUCCESS |  
2019-08-22 07:03:36,614 | INFO  | DNAudit | user=null | ip=null | op=WRITE_CHUNK {blockData=conID: 2 locID: 102659353254036024 bcsId: 0} | ret=SUCCESS |  
2019-08-22 07:03:36,619 | INFO  | DNAudit | user=null | ip=null | op=WRITE_CHUNK {blockData=conID: 2 locID: 102659353254036024 bcsId: 0} | ret=SUCCESS |  
2019-08-22 07:03:36,620 | INFO  | DNAudit | user=null | ip=null | op=PUT_BLOCK {blockData=[blockId=conID: 2 locID: 102659353254036024 bcsId: 0,size=1048576]} | ret=SUCCESS |  
2019-08-22 07:03:36,620 [grpc-default-executor-3] INFO  client.GrpcClientProtocolClient (GrpcClientProtocolClient.java:onNext(255)) - client-CF63D631FA17->3cf1264f-5f6b-4138-aeee-2ff7d4522ead: receive RaftClientReply:client-CF63D631FA17->3cf1264f-5f6b-4138-aeee-2ff7d4522ead@group-561E16522154, cid=2236, SUCCESS, logIndex=3310, commits[3cf1264f-5f6b-4138-aeee-2ff7d4522ead:c3311, 4f0d1a15-8f14-4d9a-ad4f-8211e1245b5d:c3309, 6999f20e-c3f7-4db4-87ca-141c476f2a88:c3309]
2019-08-22 07:03:36,620 | INFO  | DNAudit | user=null | ip=null | op=WRITE_CHUNK {blockData=conID: 2 locID: 102659353254036024 bcsId: 0} | ret=SUCCESS |  
2019-08-22 07:03:36,621 [grpc-default-executor-3] INFO  client.GrpcClientProtocolClient (GrpcClientProtocolClient.java:onNext(255)) - client-CF63D631FA17->3cf1264f-5f6b-4138-aeee-2ff7d4522ead: receive RaftClientReply:client-CF63D631FA17->3cf1264f-5f6b-4138-aeee-2ff7d4522ead@group-561E16522154, cid=2237, SUCCESS, logIndex=3311, commits[3cf1264f-5f6b-4138-aeee-2ff7d4522ead:c3313, 4f0d1a15-8f14-4d9a-ad4f-8211e1245b5d:c3309, 6999f20e-c3f7-4db4-87ca-141c476f2a88:c3309]
2019-08-22 07:03:36,621 | INFO  | DNAudit | user=null | ip=null | op=PUT_BLOCK {blockData=[blockId=conID: 2 locID: 102659353254036024 bcsId: 0,size=2097152]} | ret=SUCCESS |  
2019-08-22 07:03:36,621 [grpc-default-executor-3] INFO  client.GrpcClientProtocolClient (GrpcClientProtocolClient.java:onNext(255)) - client-CF63D631FA17->3cf1264f-5f6b-4138-aeee-2ff7d4522ead: receive RaftClientReply:client-CF63D631FA17->3cf1264f-5f6b-4138-aeee-2ff7d4522ead@group-561E16522154, cid=2238, SUCCESS, logIndex=3312, commits[3cf1264f-5f6b-4138-aeee-2ff7d4522ead:c3313, 4f0d1a15-8f14-4d9a-ad4f-8211e1245b5d:c3309, 6999f20e-c3f7-4db4-87ca-141c476f2a88:c3309]
2019-08-22 07:03:36,621 [grpc-default-executor-3] INFO  client.GrpcClientProtocolClient (GrpcClientProtocolClient.java:onNext(255)) - client-CF63D631FA17->3cf1264f-5f6b-4138-aeee-2ff7d4522ead: receive RaftClientReply:client-CF63D631FA17->3cf1264f-5f6b-4138-aeee-2ff7d4522ead@group-561E16522154, cid=2239, SUCCESS, logIndex=3313, commits[3cf1264f-5f6b-4138-aeee-2ff7d4522ead:c3313, 4f0d1a15-8f14-4d9a-ad4f-8211e1245b5d:c3309, 6999f20e-c3f7-4db4-87ca-141c476f2a88:c3309]
2019-08-22 07:03:36,633 | INFO  | DNAudit | user=null | ip=null | op=WRITE_CHUNK {blockData=conID: 2 locID: 102659353254036024 bcsId: 0} | ret=SUCCESS |  
2019-08-22 07:03:36,634 | INFO  | DNAudit | user=null | ip=null | op=PUT_BLOCK {blockData=[blockId=conID: 2 locID: 102659353254036024 bcsId: 0,size=1048576]} | ret=SUCCESS |  
2019-08-22 07:03:36,635 | INFO  | DNAudit | user=null | ip=null | op=WRITE_CHUNK {blockData=conID: 2 locID: 102659353254036024 bcsId: 0} | ret=SUCCESS |  
2019-08-22 07:03:36,636 | INFO  | DNAudit | user=null | ip=null | op=PUT_BLOCK {blockData=[blockId=conID: 2 locID: 102659353254036024 bcsId: 0,size=1048576]} | ret=SUCCESS |  
2019-08-22 07:03:36,636 | INFO  | DNAudit | user=null | ip=null | op=WRITE_CHUNK {blockData=conID: 2 locID: 102659353254036024 bcsId: 0} | ret=SUCCESS |  
2019-08-22 07:03:36,636 | INFO  | DNAudit | user=null | ip=null | op=PUT_BLOCK {blockData=[blockId=conID: 2 locID: 102659353254036024 bcsId: 0,size=2097152]} | ret=SUCCESS |  
2019-08-22 07:03:36,636 [grpc-default-executor-5] INFO  client.GrpcClientProtocolClient (GrpcClientProtocolClient.java:onNext(255)) - client-CF63D631FA17->3cf1264f-5f6b-4138-aeee-2ff7d4522ead: receive RaftClientReply:client-CF63D631FA17->3cf1264f-5f6b-4138-aeee-2ff7d4522ead@group-561E16522154, cid=2240, SUCCESS, logIndex=0, commits[3cf1264f-5f6b-4138-aeee-2ff7d4522ead:c3315, 4f0d1a15-8f14-4d9a-ad4f-8211e1245b5d:c3311, 6999f20e-c3f7-4db4-87ca-141c476f2a88:c3311]
2019-08-22 07:03:36,644 | INFO  | DNAudit | user=null | ip=null | op=WRITE_CHUNK {blockData=conID: 2 locID: 102659353254036024 bcsId: 3313} | ret=SUCCESS |  
2019-08-22 07:03:36,646 | INFO  | DNAudit | user=null | ip=null | op=WRITE_CHUNK {blockData=conID: 2 locID: 102659353254036024 bcsId: 3313} | ret=SUCCESS |  
2019-08-22 07:03:36,646 | INFO  | DNAudit | user=null | ip=null | op=WRITE_CHUNK {blockData=conID: 2 locID: 102659353254036024 bcsId: 0} | ret=SUCCESS |  
2019-08-22 07:03:36,647 | INFO  | DNAudit | user=null | ip=null | op=WRITE_CHUNK {blockData=conID: 2 locID: 102659353254036024 bcsId: 3313} | ret=SUCCESS |  
2019-08-22 07:03:36,647 | INFO  | DNAudit | user=null | ip=null | op=PUT_BLOCK {blockData=[blockId=conID: 2 locID: 102659353254036024 bcsId: 0,size=2097152]} | ret=SUCCESS |  
2019-08-22 07:03:36,648 | INFO  | DNAudit | user=null | ip=null | op=WRITE_CHUNK {blockData=conID: 2 locID: 102659353254036024 bcsId: 3313} | ret=SUCCESS |  
2019-08-22 07:03:36,649 | INFO  | DNAudit | user=null | ip=null | op=PUT_BLOCK {blockData=[blockId=conID: 2 locID: 102659353254036024 bcsId: 0,size=3145728]} | ret=SUCCESS |  
2019-08-22 07:03:36,649 [grpc-default-executor-3] INFO  client.GrpcClientProtocolClient (GrpcClientProtocolClient.java:onNext(255)) - client-CF63D631FA17->3cf1264f-5f6b-4138-aeee-2ff7d4522ead: receive RaftClientReply:client-CF63D631FA17->3cf1264f-5f6b-4138-aeee-2ff7d4522ead@group-561E16522154, cid=2241, SUCCESS, logIndex=3318, commits[3cf1264f-5f6b-4138-aeee-2ff7d4522ead:c3319, 4f0d1a15-8f14-4d9a-ad4f-8211e1245b5d:c3313, 6999f20e-c3f7-4db4-87ca-141c476f2a88:c3317]
2019-08-22 07:03:36,649 [grpc-default-executor-3] INFO  client.GrpcClientProtocolClient (GrpcClientProtocolClient.java:onNext(255)) - client-CF63D631FA17->3cf1264f-5f6b-4138-aeee-2ff7d4522ead: receive RaftClientReply:client-CF63D631FA17->3cf1264f-5f6b-4138-aeee-2ff7d4522ead@group-561E16522154, cid=2242, SUCCESS, logIndex=3319, commits[3cf1264f-5f6b-4138-aeee-2ff7d4522ead:c3319, 4f0d1a15-8f14-4d9a-ad4f-8211e1245b5d:c3313, 6999f20e-c3f7-4db4-87ca-141c476f2a88:c3317]
2019-08-22 07:03:36,656 | INFO  | DNAudit | user=null | ip=null | op=WRITE_CHUNK {blockData=conID: 2 locID: 102659353254036024 bcsId: 3319} | ret=SUCCESS |  
2019-08-22 07:03:36,658 | INFO  | DNAudit | user=null | ip=null | op=WRITE_CHUNK {blockData=conID: 2 locID: 102659353254036024 bcsId: 3319} | ret=SUCCESS |  
2019-08-22 07:03:36,658 | INFO  | DNAudit | user=null | ip=null | op=WRITE_CHUNK {blockData=conID: 2 locID: 102659353254036024 bcsId: 3319} | ret=SUCCESS |  
2019-08-22 07:03:36,661 | INFO  | DNAudit | user=null | ip=null | op=WRITE_CHUNK {blockData=conID: 2 locID: 102659353254036024 bcsId: 3313} | ret=SUCCESS |  
2019-08-22 07:03:36,661 | INFO  | DNAudit | user=null | ip=null | op=WRITE_CHUNK {blockData=conID: 2 locID: 102659353254036024 bcsId: 3313} | ret=SUCCESS |  
2019-08-22 07:03:36,661 | INFO  | DNAudit | user=null | ip=null | op=PUT_BLOCK {blockData=[blockId=conID: 2 locID: 102659353254036024 bcsId: 0,size=3145728]} | ret=SUCCESS |  
2019-08-22 07:03:36,661 | INFO  | DNAudit | user=null | ip=null | op=PUT_BLOCK {blockData=[blockId=conID: 2 locID: 102659353254036024 bcsId: 0,size=3145728]} | ret=SUCCESS |  
2019-08-22 07:03:36,663 | INFO  | DNAudit | user=null | ip=null | op=WRITE_CHUNK {blockData=conID: 2 locID: 102659353254036024 bcsId: 3319} | ret=SUCCESS |  
2019-08-22 07:03:36,663 | INFO  | DNAudit | user=null | ip=null | op=PUT_BLOCK {blockData=[blockId=conID: 2 locID: 102659353254036024 bcsId: 0,size=4194304]} | ret=SUCCESS |  
2019-08-22 07:03:36,664 [grpc-default-executor-0] INFO  client.GrpcClientProtocolClient (GrpcClientProtocolClient.java:onNext(255)) - client-CF63D631FA17->3cf1264f-5f6b-4138-aeee-2ff7d4522ead: receive RaftClientReply:client-CF63D631FA17->3cf1264f-5f6b-4138-aeee-2ff7d4522ead@group-561E16522154, cid=2243, SUCCESS, logIndex=3322, commits[3cf1264f-5f6b-4138-aeee-2ff7d4522ead:c3323, 4f0d1a15-8f14-4d9a-ad4f-8211e1245b5d:c3319, 6999f20e-c3f7-4db4-87ca-141c476f2a88:c3319]
2019-08-22 07:03:36,664 [grpc-default-executor-0] INFO  client.GrpcClientProtocolClient (GrpcClientProtocolClient.java:onNext(255)) - client-CF63D631FA17->3cf1264f-5f6b-4138-aeee-2ff7d4522ead: receive RaftClientReply:client-CF63D631FA17->3cf1264f-5f6b-4138-aeee-2ff7d4522ead@group-561E16522154, cid=2244, SUCCESS, logIndex=3323, commits[3cf1264f-5f6b-4138-aeee-2ff7d4522ead:c3323, 4f0d1a15-8f14-4d9a-ad4f-8211e1245b5d:c3319, 6999f20e-c3f7-4db4-87ca-141c476f2a88:c3319]
2019-08-22 07:03:36,666 | INFO  | DNAudit | user=null | ip=null | op=WRITE_CHUNK {blockData=conID: 2 locID: 102659353254036024 bcsId: 3319} | ret=SUCCESS |  
2019-08-22 07:03:36,666 | INFO  | DNAudit | user=null | ip=null | op=WRITE_CHUNK {blockData=conID: 2 locID: 102659353254036024 bcsId: 3319} | ret=SUCCESS |  
2019-08-22 07:03:36,679 | INFO  | DNAudit | user=null | ip=null | op=PUT_BLOCK {blockData=[blockId=conID: 2 locID: 102659353254036024 bcsId: 0,size=4194304]} | ret=SUCCESS |  
2019-08-22 07:03:36,679 | INFO  | DNAudit | user=null | ip=null | op=PUT_BLOCK {blockData=[blockId=conID: 2 locID: 102659353254036024 bcsId: 0,size=4194304]} | ret=SUCCESS |  
2019-08-22 07:03:36,679 [grpc-default-executor-5] INFO  client.GrpcClientProtocolClient (GrpcClientProtocolClient.java:onNext(255)) - client-CF63D631FA17->3cf1264f-5f6b-4138-aeee-2ff7d4522ead: receive RaftClientReply:client-CF63D631FA17->3cf1264f-5f6b-4138-aeee-2ff7d4522ead@group-561E16522154, cid=2245, SUCCESS, logIndex=0, commits[3cf1264f-5f6b-4138-aeee-2ff7d4522ead:c3325, 4f0d1a15-8f14-4d9a-ad4f-8211e1245b5d:c3323, 6999f20e-c3f7-4db4-87ca-141c476f2a88:c3323]
2019-08-22 07:03:36,685 | INFO  | SCMAudit | user=jenkins1000 | ip=192.168.34.31 | op=ALLOCATE_BLOCK {owner=04b6d46a-98e2-41b1-9f38-1870289993ea, size=4194304, type=RATIS, factor=THREE} | ret=SUCCESS |  
2019-08-22 07:03:36,688 | INFO  | OMAudit | user=jenkins1000 | ip=127.0.0.1 | op=ALLOCATE_BLOCK {volume=vol-0-14906, bucket=bucket-0-53153, key=key-0-33222, dataSize=0, replicationType=null, replicationFactor=null, keyLocationInfo=null, clientID=102659352017764754} | ret=SUCCESS |  
2019-08-22 07:03:36,695 | INFO  | DNAudit | user=null | ip=null | op=WRITE_CHUNK {blockData=conID: 3 locID: 102659353259868729 bcsId: 0} | ret=SUCCESS |  
2019-08-22 07:03:36,697 | INFO  | DNAudit | user=null | ip=null | op=WRITE_CHUNK {blockData=conID: 3 locID: 102659353259868729 bcsId: 0} | ret=SUCCESS |  
2019-08-22 07:03:36,697 | INFO  | DNAudit | user=null | ip=null | op=WRITE_CHUNK {blockData=conID: 3 locID: 102659353259868729 bcsId: 0} | ret=SUCCESS |  
2019-08-22 07:03:36,697 | INFO  | DNAudit | user=null | ip=null | op=WRITE_CHUNK {blockData=conID: 3 locID: 102659353259868729 bcsId: 0} | ret=SUCCESS |  
2019-08-22 07:03:36,699 | INFO  | DNAudit | user=null | ip=null | op=WRITE_CHUNK {blockData=conID: 3 locID: 102659353259868729 bcsId: 0} | ret=SUCCESS |  
2019-08-22 07:03:36,699 | INFO  | DNAudit | user=null | ip=null | op=WRITE_CHUNK {blockData=conID: 3 locID: 102659353259868729 bcsId: 0} | ret=SUCCESS |  
2019-08-22 07:03:36,707 | INFO  | DNAudit | user=null | ip=null | op=WRITE_CHUNK {blockData=conID: 3 locID: 102659353259868729 bcsId: 0} | ret=SUCCESS |  
2019-08-22 07:03:36,708 | INFO  | DNAudit | user=null | ip=null | op=PUT_BLOCK {blockData=[blockId=conID: 3 locID: 102659353259868729 bcsId: 0,size=1048576]} | ret=SUCCESS |  
2019-08-22 07:03:36,708 [grpc-default-executor-1] INFO  client.GrpcClientProtocolClient (GrpcClientProtocolClient.java:onNext(255)) - client-CF63D631FA17->3cf1264f-5f6b-4138-aeee-2ff7d4522ead: receive RaftClientReply:client-CF63D631FA17->3cf1264f-5f6b-4138-aeee-2ff7d4522ead@group-561E16522154, cid=2246, SUCCESS, logIndex=3326, commits[3cf1264f-5f6b-4138-aeee-2ff7d4522ead:c3328, 4f0d1a15-8f14-4d9a-ad4f-8211e1245b5d:c3325, 6999f20e-c3f7-4db4-87ca-141c476f2a88:c3325]
2019-08-22 07:03:36,709 | INFO  | DNAudit | user=null | ip=null | op=WRITE_CHUNK {blockData=conID: 3 locID: 102659353259868729 bcsId: 0} | ret=SUCCESS |  
2019-08-22 07:03:36,709 | INFO  | DNAudit | user=null | ip=null | op=WRITE_CHUNK {blockData=conID: 3 locID: 102659353259868729 bcsId: 0} | ret=SUCCESS |  
2019-08-22 07:03:36,709 [grpc-default-executor-1] INFO  client.GrpcClientProtocolClient (GrpcClientProtocolClient.java:onNext(255)) - client-CF63D631FA17->3cf1264f-5f6b-4138-aeee-2ff7d4522ead: receive RaftClientReply:client-CF63D631FA17->3cf1264f-5f6b-4138-aeee-2ff7d4522ead@group-561E16522154, cid=2247, SUCCESS, logIndex=3327, commits[3cf1264f-5f6b-4138-aeee-2ff7d4522ead:c3329, 4f0d1a15-8f14-4d9a-ad4f-8211e1245b5d:c3325, 6999f20e-c3f7-4db4-87ca-141c476f2a88:c3325]
2019-08-22 07:03:36,709 | INFO  | DNAudit | user=null | ip=null | op=PUT_BLOCK {blockData=[blockId=conID: 3 locID: 102659353259868729 bcsId: 0,size=2097152]} | ret=SUCCESS |  
2019-08-22 07:03:36,709 [grpc-default-executor-1] INFO  client.GrpcClientProtocolClient (GrpcClientProtocolClient.java:onNext(255)) - client-CF63D631FA17->3cf1264f-5f6b-4138-aeee-2ff7d4522ead: receive RaftClientReply:client-CF63D631FA17->3cf1264f-5f6b-4138-aeee-2ff7d4522ead@group-561E16522154, cid=2248, SUCCESS, logIndex=3328, commits[3cf1264f-5f6b-4138-aeee-2ff7d4522ead:c3330, 4f0d1a15-8f14-4d9a-ad4f-8211e1245b5d:c3326, 6999f20e-c3f7-4db4-87ca-141c476f2a88:c3325]
2019-08-22 07:03:36,709 [grpc-default-executor-1] INFO  client.GrpcClientProtocolClient (GrpcClientProtocolClient.java:onNext(255)) - client-CF63D631FA17->3cf1264f-5f6b-4138-aeee-2ff7d4522ead: receive RaftClientReply:client-CF63D631FA17->3cf1264f-5f6b-4138-aeee-2ff7d4522ead@group-561E16522154, cid=2249, SUCCESS, logIndex=3329, commits[3cf1264f-5f6b-4138-aeee-2ff7d4522ead:c3330, 4f0d1a15-8f14-4d9a-ad4f-8211e1245b5d:c3326, 6999f20e-c3f7-4db4-87ca-141c476f2a88:c3325]
2019-08-22 07:03:36,710 | INFO  | DNAudit | user=null | ip=null | op=WRITE_CHUNK {blockData=conID: 3 locID: 102659353259868729 bcsId: 0} | ret=SUCCESS |  
2019-08-22 07:03:36,711 | INFO  | DNAudit | user=null | ip=null | op=PUT_BLOCK {blockData=[blockId=conID: 3 locID: 102659353259868729 bcsId: 0,size=1048576]} | ret=SUCCESS |  
2019-08-22 07:03:36,711 | INFO  | DNAudit | user=null | ip=null | op=PUT_BLOCK {blockData=[blockId=conID: 3 locID: 102659353259868729 bcsId: 0,size=1048576]} | ret=SUCCESS |  
2019-08-22 07:03:36,711 | INFO  | DNAudit | user=null | ip=null | op=WRITE_CHUNK {blockData=conID: 3 locID: 102659353259868729 bcsId: 0} | ret=SUCCESS |  
2019-08-22 07:03:36,711 | INFO  | DNAudit | user=null | ip=null | op=PUT_BLOCK {blockData=[blockId=conID: 3 locID: 102659353259868729 bcsId: 0,size=2097152]} | ret=SUCCESS |  
2019-08-22 07:03:36,711 | INFO  | DNAudit | user=null | ip=null | op=WRITE_CHUNK {blockData=conID: 3 locID: 102659353259868729 bcsId: 0} | ret=SUCCESS |  
2019-08-22 07:03:36,712 [grpc-default-executor-1] INFO  client.GrpcClientProtocolClient (GrpcClientProtocolClient.java:onNext(255)) - client-CF63D631FA17->3cf1264f-5f6b-4138-aeee-2ff7d4522ead: receive RaftClientReply:client-CF63D631FA17->3cf1264f-5f6b-4138-aeee-2ff7d4522ead@group-561E16522154, cid=2250, SUCCESS, logIndex=0, commits[3cf1264f-5f6b-4138-aeee-2ff7d4522ead:c3330, 4f0d1a15-8f14-4d9a-ad4f-8211e1245b5d:c3328, 6999f20e-c3f7-4db4-87ca-141c476f2a88:c3327]
2019-08-22 07:03:36,717 | INFO  | DNAudit | user=null | ip=null | op=WRITE_CHUNK {blockData=conID: 3 locID: 102659353259868729 bcsId: 3329} | ret=SUCCESS |  
2019-08-22 07:03:36,720 | INFO  | DNAudit | user=null | ip=null | op=WRITE_CHUNK {blockData=conID: 3 locID: 102659353259868729 bcsId: 3329} | ret=SUCCESS |  
2019-08-22 07:03:36,721 | INFO  | DNAudit | user=null | ip=null | op=WRITE_CHUNK {blockData=conID: 3 locID: 102659353259868729 bcsId: 3329} | ret=SUCCESS |  
2019-08-22 07:03:36,722 | INFO  | DNAudit | user=null | ip=null | op=PUT_BLOCK {blockData=[blockId=conID: 3 locID: 102659353259868729 bcsId: 0,size=2097152]} | ret=SUCCESS |  
2019-08-22 07:03:36,725 | INFO  | DNAudit | user=null | ip=null | op=WRITE_CHUNK {blockData=conID: 3 locID: 102659353259868729 bcsId: 3329} | ret=SUCCESS |  
2019-08-22 07:03:36,725 | INFO  | DNAudit | user=null | ip=null | op=PUT_BLOCK {blockData=[blockId=conID: 3 locID: 102659353259868729 bcsId: 0,size=3145728]} | ret=SUCCESS |  
2019-08-22 07:03:36,725 [grpc-default-executor-1] INFO  client.GrpcClientProtocolClient (GrpcClientProtocolClient.java:onNext(255)) - client-CF63D631FA17->3cf1264f-5f6b-4138-aeee-2ff7d4522ead: receive RaftClientReply:client-CF63D631FA17->3cf1264f-5f6b-4138-aeee-2ff7d4522ead@group-561E16522154, cid=2251, SUCCESS, logIndex=3334, commits[3cf1264f-5f6b-4138-aeee-2ff7d4522ead:c3335, 4f0d1a15-8f14-4d9a-ad4f-8211e1245b5d:c3331, 6999f20e-c3f7-4db4-87ca-141c476f2a88:c3329]
2019-08-22 07:03:36,726 [grpc-default-executor-1] INFO  client.GrpcClientProtocolClient (GrpcClientProtocolClient.java:onNext(255)) - client-CF63D631FA17->3cf1264f-5f6b-4138-aeee-2ff7d4522ead: receive RaftClientReply:client-CF63D631FA17->3cf1264f-5f6b-4138-aeee-2ff7d4522ead@group-561E16522154, cid=2252, SUCCESS, logIndex=3335, commits[3cf1264f-5f6b-4138-aeee-2ff7d4522ead:c3335, 4f0d1a15-8f14-4d9a-ad4f-8211e1245b5d:c3331, 6999f20e-c3f7-4db4-87ca-141c476f2a88:c3329]
2019-08-22 07:03:36,731 | INFO  | DNAudit | user=null | ip=null | op=WRITE_CHUNK {blockData=conID: 3 locID: 102659353259868729 bcsId: 3335} | ret=SUCCESS |  
2019-08-22 07:03:36,734 | INFO  | DNAudit | user=null | ip=null | op=WRITE_CHUNK {blockData=conID: 3 locID: 102659353259868729 bcsId: 3335} | ret=SUCCESS |  
2019-08-22 07:03:36,735 | INFO  | DNAudit | user=null | ip=null | op=WRITE_CHUNK {blockData=conID: 3 locID: 102659353259868729 bcsId: 3335} | ret=SUCCESS |  
2019-08-22 07:03:36,736 | INFO  | DNAudit | user=null | ip=null | op=WRITE_CHUNK {blockData=conID: 3 locID: 102659353259868729 bcsId: 3329} | ret=SUCCESS |  
2019-08-22 07:03:36,736 | INFO  | DNAudit | user=null | ip=null | op=WRITE_CHUNK {blockData=conID: 3 locID: 102659353259868729 bcsId: 3329} | ret=SUCCESS |  
2019-08-22 07:03:36,737 | INFO  | DNAudit | user=null | ip=null | op=PUT_BLOCK {blockData=[blockId=conID: 3 locID: 102659353259868729 bcsId: 0,size=3145728]} | ret=SUCCESS |  
2019-08-22 07:03:36,738 | INFO  | DNAudit | user=null | ip=null | op=WRITE_CHUNK {blockData=conID: 3 locID: 102659353259868729 bcsId: 3335} | ret=SUCCESS |  
2019-08-22 07:03:36,738 | INFO  | DNAudit | user=null | ip=null | op=PUT_BLOCK {blockData=[blockId=conID: 3 locID: 102659353259868729 bcsId: 0,size=3145728]} | ret=SUCCESS |  
2019-08-22 07:03:36,739 | INFO  | DNAudit | user=null | ip=null | op=PUT_BLOCK {blockData=[blockId=conID: 3 locID: 102659353259868729 bcsId: 0,size=4194304]} | ret=SUCCESS |  
2019-08-22 07:03:36,739 [grpc-default-executor-1] INFO  client.GrpcClientProtocolClient (GrpcClientProtocolClient.java:onNext(255)) - client-CF63D631FA17->3cf1264f-5f6b-4138-aeee-2ff7d4522ead: receive RaftClientReply:client-CF63D631FA17->3cf1264f-5f6b-4138-aeee-2ff7d4522ead@group-561E16522154, cid=2253, SUCCESS, logIndex=3338, commits[3cf1264f-5f6b-4138-aeee-2ff7d4522ead:c3339, 4f0d1a15-8f14-4d9a-ad4f-8211e1245b5d:c3334, 6999f20e-c3f7-4db4-87ca-141c476f2a88:c3335]
2019-08-22 07:03:36,739 [grpc-default-executor-1] INFO  client.GrpcClientProtocolClient (GrpcClientProtocolClient.java:onNext(255)) - client-CF63D631FA17->3cf1264f-5f6b-4138-aeee-2ff7d4522ead: receive RaftClientReply:client-CF63D631FA17->3cf1264f-5f6b-4138-aeee-2ff7d4522ead@group-561E16522154, cid=2254, SUCCESS, logIndex=3339, commits[3cf1264f-5f6b-4138-aeee-2ff7d4522ead:c3339, 4f0d1a15-8f14-4d9a-ad4f-8211e1245b5d:c3335, 6999f20e-c3f7-4db4-87ca-141c476f2a88:c3335]
2019-08-22 07:03:36,749 | INFO  | DNAudit | user=null | ip=null | op=WRITE_CHUNK {blockData=conID: 3 locID: 102659353259868729 bcsId: 3335} | ret=SUCCESS |  
2019-08-22 07:03:36,749 | INFO  | DNAudit | user=null | ip=null | op=WRITE_CHUNK {blockData=conID: 3 locID: 102659353259868729 bcsId: 3335} | ret=SUCCESS |  
2019-08-22 07:03:36,750 | INFO  | DNAudit | user=null | ip=null | op=PUT_BLOCK {blockData=[blockId=conID: 3 locID: 102659353259868729 bcsId: 0,size=4194304]} | ret=SUCCESS |  
2019-08-22 07:03:36,750 | INFO  | DNAudit | user=null | ip=null | op=PUT_BLOCK {blockData=[blockId=conID: 3 locID: 102659353259868729 bcsId: 0,size=4194304]} | ret=SUCCESS |  
2019-08-22 07:03:36,750 [grpc-default-executor-1] INFO  client.GrpcClientProtocolClient (GrpcClientProtocolClient.java:onNext(255)) - client-CF63D631FA17->3cf1264f-5f6b-4138-aeee-2ff7d4522ead: receive RaftClientReply:client-CF63D631FA17->3cf1264f-5f6b-4138-aeee-2ff7d4522ead@group-561E16522154, cid=2255, SUCCESS, logIndex=0, commits[3cf1264f-5f6b-4138-aeee-2ff7d4522ead:c3340, 4f0d1a15-8f14-4d9a-ad4f-8211e1245b5d:c3339, 6999f20e-c3f7-4db4-87ca-141c476f2a88:c3339]
2019-08-22 07:03:36,754 | INFO  | SCMAudit | user=jenkins1000 | ip=192.168.34.31 | op=ALLOCATE_BLOCK {owner=04b6d46a-98e2-41b1-9f38-1870289993ea, size=4194304, type=RATIS, factor=THREE} | ret=SUCCESS |  
2019-08-22 07:03:36,756 | INFO  | OMAudit | user=jenkins1000 | ip=127.0.0.1 | op=ALLOCATE_BLOCK {volume=vol-0-14906, bucket=bucket-0-53153, key=key-0-33222, dataSize=0, replicationType=null, replicationFactor=null, keyLocationInfo=null, clientID=102659352017764754} | ret=SUCCESS |  
2019-08-22 07:03:36,763 | INFO  | DNAudit | user=null | ip=null | op=WRITE_CHUNK {blockData=conID: 1 locID: 102659353264390714 bcsId: 0} | ret=SUCCESS |  
2019-08-22 07:03:36,764 | INFO  | DNAudit | user=null | ip=null | op=WRITE_CHUNK {blockData=conID: 1 locID: 102659353264390714 bcsId: 0} | ret=SUCCESS |  
2019-08-22 07:03:36,766 | INFO  | DNAudit | user=null | ip=null | op=WRITE_CHUNK {blockData=conID: 1 locID: 102659353264390714 bcsId: 0} | ret=SUCCESS |  
2019-08-22 07:03:36,766 | INFO  | DNAudit | user=null | ip=null | op=WRITE_CHUNK {blockData=conID: 1 locID: 102659353264390714 bcsId: 0} | ret=SUCCESS |  
2019-08-22 07:03:36,767 | INFO  | DNAudit | user=null | ip=null | op=WRITE_CHUNK {blockData=conID: 1 locID: 102659353264390714 bcsId: 0} | ret=SUCCESS |  
2019-08-22 07:03:36,768 | INFO  | DNAudit | user=null | ip=null | op=WRITE_CHUNK {blockData=conID: 1 locID: 102659353264390714 bcsId: 0} | ret=SUCCESS |  
2019-08-22 07:03:36,769 | INFO  | DNAudit | user=null | ip=null | op=WRITE_CHUNK {blockData=conID: 1 locID: 102659353264390714 bcsId: 0} | ret=SUCCESS |  
2019-08-22 07:03:36,770 | INFO  | DNAudit | user=null | ip=null | op=PUT_BLOCK {blockData=[blockId=conID: 1 locID: 102659353264390714 bcsId: 0,size=1048576]} | ret=SUCCESS |  
2019-08-22 07:03:36,770 [grpc-default-executor-0] INFO  client.GrpcClientProtocolClient (GrpcClientProtocolClient.java:onNext(255)) - client-CF63D631FA17->3cf1264f-5f6b-4138-aeee-2ff7d4522ead: receive RaftClientReply:client-CF63D631FA17->3cf1264f-5f6b-4138-aeee-2ff7d4522ead@group-561E16522154, cid=2256, SUCCESS, logIndex=3341, commits[3cf1264f-5f6b-4138-aeee-2ff7d4522ead:c3343, 4f0d1a15-8f14-4d9a-ad4f-8211e1245b5d:c3340, 6999f20e-c3f7-4db4-87ca-141c476f2a88:c3340]
2019-08-22 07:03:36,771 | INFO  | DNAudit | user=null | ip=null | op=WRITE_CHUNK {blockData=conID: 1 locID: 102659353264390714 bcsId: 0} | ret=SUCCESS |  
2019-08-22 07:03:36,771 [grpc-default-executor-0] INFO  client.GrpcClientProtocolClient (GrpcClientProtocolClient.java:onNext(255)) - client-CF63D631FA17->3cf1264f-5f6b-4138-aeee-2ff7d4522ead: receive RaftClientReply:client-CF63D631FA17->3cf1264f-5f6b-4138-aeee-2ff7d4522ead@group-561E16522154, cid=2257, SUCCESS, logIndex=3342, commits[3cf1264f-5f6b-4138-aeee-2ff7d4522ead:c3344, 4f0d1a15-8f14-4d9a-ad4f-8211e1245b5d:c3340, 6999f20e-c3f7-4db4-87ca-141c476f2a88:c3340]
2019-08-22 07:03:36,771 | INFO  | DNAudit | user=null | ip=null | op=PUT_BLOCK {blockData=[blockId=conID: 1 locID: 102659353264390714 bcsId: 0,size=2097152]} | ret=SUCCESS |  
2019-08-22 07:03:36,771 [grpc-default-executor-0] INFO  client.GrpcClientProtocolClient (GrpcClientProtocolClient.java:onNext(255)) - client-CF63D631FA17->3cf1264f-5f6b-4138-aeee-2ff7d4522ead: receive RaftClientReply:client-CF63D631FA17->3cf1264f-5f6b-4138-aeee-2ff7d4522ead@group-561E16522154, cid=2258, SUCCESS, logIndex=3343, commits[3cf1264f-5f6b-4138-aeee-2ff7d4522ead:c3344, 4f0d1a15-8f14-4d9a-ad4f-8211e1245b5d:c3340, 6999f20e-c3f7-4db4-87ca-141c476f2a88:c3340]
2019-08-22 07:03:36,771 [grpc-default-executor-0] INFO  client.GrpcClientProtocolClient (GrpcClientProtocolClient.java:onNext(255)) - client-CF63D631FA17->3cf1264f-5f6b-4138-aeee-2ff7d4522ead: receive RaftClientReply:client-CF63D631FA17->3cf1264f-5f6b-4138-aeee-2ff7d4522ead@group-561E16522154, cid=2259, SUCCESS, logIndex=3344, commits[3cf1264f-5f6b-4138-aeee-2ff7d4522ead:c3344, 4f0d1a15-8f14-4d9a-ad4f-8211e1245b5d:c3340, 6999f20e-c3f7-4db4-87ca-141c476f2a88:c3340]
2019-08-22 07:03:36,773 | INFO  | DNAudit | user=null | ip=null | op=WRITE_CHUNK {blockData=conID: 1 locID: 102659353264390714 bcsId: 0} | ret=SUCCESS |  
2019-08-22 07:03:36,773 | INFO  | DNAudit | user=null | ip=null | op=WRITE_CHUNK {blockData=conID: 1 locID: 102659353264390714 bcsId: 0} | ret=SUCCESS |  
2019-08-22 07:03:36,773 | INFO  | DNAudit | user=null | ip=null | op=PUT_BLOCK {blockData=[blockId=conID: 1 locID: 102659353264390714 bcsId: 0,size=1048576]} | ret=SUCCESS |  
2019-08-22 07:03:36,773 | INFO  | DNAudit | user=null | ip=null | op=PUT_BLOCK {blockData=[blockId=conID: 1 locID: 102659353264390714 bcsId: 0,size=1048576]} | ret=SUCCESS |  
2019-08-22 07:03:36,773 | INFO  | DNAudit | user=null | ip=null | op=WRITE_CHUNK {blockData=conID: 1 locID: 102659353264390714 bcsId: 0} | ret=SUCCESS |  
2019-08-22 07:03:36,773 [grpc-default-executor-0] INFO  client.GrpcClientProtocolClient (GrpcClientProtocolClient.java:onNext(255)) - client-CF63D631FA17->3cf1264f-5f6b-4138-aeee-2ff7d4522ead: receive RaftClientReply:client-CF63D631FA17->3cf1264f-5f6b-4138-aeee-2ff7d4522ead@group-561E16522154, cid=2260, SUCCESS, logIndex=0, commits[3cf1264f-5f6b-4138-aeee-2ff7d4522ead:c3345, 4f0d1a15-8f14-4d9a-ad4f-8211e1245b5d:c3342, 6999f20e-c3f7-4db4-87ca-141c476f2a88:c3342]
2019-08-22 07:03:36,775 | INFO  | DNAudit | user=null | ip=null | op=WRITE_CHUNK {blockData=conID: 1 locID: 102659353264390714 bcsId: 0} | ret=SUCCESS |  
2019-08-22 07:03:36,775 | INFO  | DNAudit | user=null | ip=null | op=PUT_BLOCK {blockData=[blockId=conID: 1 locID: 102659353264390714 bcsId: 0,size=2097152]} | ret=SUCCESS |  
2019-08-22 07:03:36,775 | INFO  | DNAudit | user=null | ip=null | op=PUT_BLOCK {blockData=[blockId=conID: 1 locID: 102659353264390714 bcsId: 0,size=2097152]} | ret=SUCCESS |  
2019-08-22 07:03:36,779 | INFO  | DNAudit | user=null | ip=null | op=WRITE_CHUNK {blockData=conID: 1 locID: 102659353264390714 bcsId: 3344} | ret=SUCCESS |  
2019-08-22 07:03:36,782 | INFO  | DNAudit | user=null | ip=null | op=WRITE_CHUNK {blockData=conID: 1 locID: 102659353264390714 bcsId: 3344} | ret=SUCCESS |  
2019-08-22 07:03:36,782 | INFO  | DNAudit | user=null | ip=null | op=WRITE_CHUNK {blockData=conID: 1 locID: 102659353264390714 bcsId: 3344} | ret=SUCCESS |  
2019-08-22 07:03:36,784 | INFO  | DNAudit | user=null | ip=null | op=WRITE_CHUNK {blockData=conID: 1 locID: 102659353264390714 bcsId: 3344} | ret=SUCCESS |  
2019-08-22 07:03:36,785 | INFO  | DNAudit | user=null | ip=null | op=PUT_BLOCK {blockData=[blockId=conID: 1 locID: 102659353264390714 bcsId: 0,size=3145728]} | ret=SUCCESS |  
2019-08-22 07:03:36,785 [grpc-default-executor-0] INFO  client.GrpcClientProtocolClient (GrpcClientProtocolClient.java:onNext(255)) - client-CF63D631FA17->3cf1264f-5f6b-4138-aeee-2ff7d4522ead: receive RaftClientReply:client-CF63D631FA17->3cf1264f-5f6b-4138-aeee-2ff7d4522ead@group-561E16522154, cid=2261, SUCCESS, logIndex=3349, commits[3cf1264f-5f6b-4138-aeee-2ff7d4522ead:c3350, 4f0d1a15-8f14-4d9a-ad4f-8211e1245b5d:c3348, 6999f20e-c3f7-4db4-87ca-141c476f2a88:c3344]
2019-08-22 07:03:36,786 [grpc-default-executor-0] INFO  client.GrpcClientProtocolClient (GrpcClientProtocolClient.java:onNext(255)) - client-CF63D631FA17->3cf1264f-5f6b-4138-aeee-2ff7d4522ead: receive RaftClientReply:client-CF63D631FA17->3cf1264f-5f6b-4138-aeee-2ff7d4522ead@group-561E16522154, cid=2262, SUCCESS, logIndex=3350, commits[3cf1264f-5f6b-4138-aeee-2ff7d4522ead:c3350, 4f0d1a15-8f14-4d9a-ad4f-8211e1245b5d:c3348, 6999f20e-c3f7-4db4-87ca-141c476f2a88:c3348]
2019-08-22 07:03:36,787 | INFO  | DNAudit | user=null | ip=null | op=WRITE_CHUNK {blockData=conID: 1 locID: 102659353264390714 bcsId: 3344} | ret=SUCCESS |  
2019-08-22 07:03:36,789 | INFO  | DNAudit | user=null | ip=null | op=WRITE_CHUNK {blockData=conID: 1 locID: 102659353264390714 bcsId: 3344} | ret=SUCCESS |  
2019-08-22 07:03:36,789 | INFO  | DNAudit | user=null | ip=null | op=PUT_BLOCK {blockData=[blockId=conID: 1 locID: 102659353264390714 bcsId: 0,size=3145728]} | ret=SUCCESS |  
2019-08-22 07:03:36,790 | INFO  | DNAudit | user=null | ip=null | op=PUT_BLOCK {blockData=[blockId=conID: 1 locID: 102659353264390714 bcsId: 0,size=3145728]} | ret=SUCCESS |  
2019-08-22 07:03:36,791 | INFO  | DNAudit | user=null | ip=null | op=WRITE_CHUNK {blockData=conID: 1 locID: 102659353264390714 bcsId: 3350} | ret=SUCCESS |  
2019-08-22 07:03:36,794 | INFO  | DNAudit | user=null | ip=null | op=WRITE_CHUNK {blockData=conID: 1 locID: 102659353264390714 bcsId: 3350} | ret=SUCCESS |  
2019-08-22 07:03:36,794 | INFO  | DNAudit | user=null | ip=null | op=WRITE_CHUNK {blockData=conID: 1 locID: 102659353264390714 bcsId: 3350} | ret=SUCCESS |  
2019-08-22 07:03:36,805 | INFO  | DNAudit | user=null | ip=null | op=WRITE_CHUNK {blockData=conID: 1 locID: 102659353264390714 bcsId: 3350} | ret=SUCCESS |  
2019-08-22 07:03:36,806 | INFO  | DNAudit | user=null | ip=null | op=PUT_BLOCK {blockData=[blockId=conID: 1 locID: 102659353264390714 bcsId: 0,size=4194304]} | ret=SUCCESS |  
2019-08-22 07:03:36,806 [grpc-default-executor-5] INFO  client.GrpcClientProtocolClient (GrpcClientProtocolClient.java:onNext(255)) - client-CF63D631FA17->3cf1264f-5f6b-4138-aeee-2ff7d4522ead: receive RaftClientReply:client-CF63D631FA17->3cf1264f-5f6b-4138-aeee-2ff7d4522ead@group-561E16522154, cid=2263, SUCCESS, logIndex=3353, commits[3cf1264f-5f6b-4138-aeee-2ff7d4522ead:c3354, 4f0d1a15-8f14-4d9a-ad4f-8211e1245b5d:c3352, 6999f20e-c3f7-4db4-87ca-141c476f2a88:c3352]
2019-08-22 07:03:36,806 | INFO  | DNAudit | user=null | ip=null | op=WRITE_CHUNK {blockData=conID: 1 locID: 102659353264390714 bcsId: 3350} | ret=SUCCESS |  
2019-08-22 07:03:36,806 [grpc-default-executor-5] INFO  client.GrpcClientProtocolClient (GrpcClientProtocolClient.java:onNext(255)) - client-CF63D631FA17->3cf1264f-5f6b-4138-aeee-2ff7d4522ead: receive RaftClientReply:client-CF63D631FA17->3cf1264f-5f6b-4138-aeee-2ff7d4522ead@group-561E16522154, cid=2264, SUCCESS, logIndex=3354, commits[3cf1264f-5f6b-4138-aeee-2ff7d4522ead:c3354, 4f0d1a15-8f14-4d9a-ad4f-8211e1245b5d:c3352, 6999f20e-c3f7-4db4-87ca-141c476f2a88:c3352]
2019-08-22 07:03:36,807 | INFO  | DNAudit | user=null | ip=null | op=PUT_BLOCK {blockData=[blockId=conID: 1 locID: 102659353264390714 bcsId: 0,size=4194304]} | ret=SUCCESS |  
2019-08-22 07:03:36,807 | INFO  | DNAudit | user=null | ip=null | op=WRITE_CHUNK {blockData=conID: 1 locID: 102659353264390714 bcsId: 3350} | ret=SUCCESS |  
2019-08-22 07:03:36,807 | INFO  | DNAudit | user=null | ip=null | op=PUT_BLOCK {blockData=[blockId=conID: 1 locID: 102659353264390714 bcsId: 0,size=4194304]} | ret=SUCCESS |  
2019-08-22 07:03:36,807 [grpc-default-executor-5] INFO  client.GrpcClientProtocolClient (GrpcClientProtocolClient.java:onNext(255)) - client-CF63D631FA17->3cf1264f-5f6b-4138-aeee-2ff7d4522ead: receive RaftClientReply:client-CF63D631FA17->3cf1264f-5f6b-4138-aeee-2ff7d4522ead@group-561E16522154, cid=2265, SUCCESS, logIndex=0, commits[3cf1264f-5f6b-4138-aeee-2ff7d4522ead:c3355, 4f0d1a15-8f14-4d9a-ad4f-8211e1245b5d:c3354, 6999f20e-c3f7-4db4-87ca-141c476f2a88:c3354]
2019-08-22 07:03:36,813 | INFO  | SCMAudit | user=jenkins1000 | ip=192.168.34.31 | op=ALLOCATE_BLOCK {owner=04b6d46a-98e2-41b1-9f38-1870289993ea, size=4194304, type=RATIS, factor=THREE} | ret=SUCCESS |  
2019-08-22 07:03:36,817 | INFO  | OMAudit | user=jenkins1000 | ip=127.0.0.1 | op=ALLOCATE_BLOCK {volume=vol-0-14906, bucket=bucket-0-53153, key=key-0-33222, dataSize=0, replicationType=null, replicationFactor=null, keyLocationInfo=null, clientID=102659352017764754} | ret=SUCCESS |  
2019-08-22 07:03:36,822 | INFO  | DNAudit | user=null | ip=null | op=WRITE_CHUNK {blockData=conID: 2 locID: 102659353268257339 bcsId: 0} | ret=SUCCESS |  
2019-08-22 07:03:36,825 | INFO  | DNAudit | user=null | ip=null | op=WRITE_CHUNK {blockData=conID: 2 locID: 102659353268257339 bcsId: 0} | ret=SUCCESS |  
2019-08-22 07:03:36,825 | INFO  | DNAudit | user=null | ip=null | op=WRITE_CHUNK {blockData=conID: 2 locID: 102659353268257339 bcsId: 0} | ret=SUCCESS |  
2019-08-22 07:03:36,826 | INFO  | DNAudit | user=null | ip=null | op=WRITE_CHUNK {blockData=conID: 2 locID: 102659353268257339 bcsId: 0} | ret=SUCCESS |  
2019-08-22 07:03:36,827 | INFO  | DNAudit | user=null | ip=null | op=WRITE_CHUNK {blockData=conID: 2 locID: 102659353268257339 bcsId: 0} | ret=SUCCESS |  
2019-08-22 07:03:36,827 | INFO  | DNAudit | user=null | ip=null | op=WRITE_CHUNK {blockData=conID: 2 locID: 102659353268257339 bcsId: 0} | ret=SUCCESS |  
2019-08-22 07:03:36,848 | INFO  | DNAudit | user=null | ip=null | op=WRITE_CHUNK {blockData=conID: 2 locID: 102659353268257339 bcsId: 0} | ret=SUCCESS |  
2019-08-22 07:03:36,849 | INFO  | DNAudit | user=null | ip=null | op=PUT_BLOCK {blockData=[blockId=conID: 2 locID: 102659353268257339 bcsId: 0,size=1048576]} | ret=SUCCESS |  
2019-08-22 07:03:36,849 [grpc-default-executor-5] INFO  client.GrpcClientProtocolClient (GrpcClientProtocolClient.java:onNext(255)) - client-CF63D631FA17->3cf1264f-5f6b-4138-aeee-2ff7d4522ead: receive RaftClientReply:client-CF63D631FA17->3cf1264f-5f6b-4138-aeee-2ff7d4522ead@group-561E16522154, cid=2266, SUCCESS, logIndex=3357, commits[3cf1264f-5f6b-4138-aeee-2ff7d4522ead:c3358, 4f0d1a15-8f14-4d9a-ad4f-8211e1245b5d:c3356, 6999f20e-c3f7-4db4-87ca-141c476f2a88:c3356]
2019-08-22 07:03:36,849 | INFO  | DNAudit | user=null | ip=null | op=WRITE_CHUNK {blockData=conID: 2 locID: 102659353268257339 bcsId: 0} | ret=SUCCESS |  
2019-08-22 07:03:36,849 [grpc-default-executor-0] INFO  client.GrpcClientProtocolClient (GrpcClientProtocolClient.java:onNext(255)) - client-CF63D631FA17->3cf1264f-5f6b-4138-aeee-2ff7d4522ead: receive RaftClientReply:client-CF63D631FA17->3cf1264f-5f6b-4138-aeee-2ff7d4522ead@group-561E16522154, cid=2267, SUCCESS, logIndex=3358, commits[3cf1264f-5f6b-4138-aeee-2ff7d4522ead:c3358, 4f0d1a15-8f14-4d9a-ad4f-8211e1245b5d:c3356, 6999f20e-c3f7-4db4-87ca-141c476f2a88:c3356]
2019-08-22 07:03:36,850 | INFO  | DNAudit | user=null | ip=null | op=PUT_BLOCK {blockData=[blockId=conID: 2 locID: 102659353268257339 bcsId: 0,size=2097152]} | ret=SUCCESS |  
2019-08-22 07:03:36,850 [grpc-default-executor-0] INFO  client.GrpcClientProtocolClient (GrpcClientProtocolClient.java:onNext(255)) - client-CF63D631FA17->3cf1264f-5f6b-4138-aeee-2ff7d4522ead: receive RaftClientReply:client-CF63D631FA17->3cf1264f-5f6b-4138-aeee-2ff7d4522ead@group-561E16522154, cid=2268, SUCCESS, logIndex=3359, commits[3cf1264f-5f6b-4138-aeee-2ff7d4522ead:c3360, 4f0d1a15-8f14-4d9a-ad4f-8211e1245b5d:c3356, 6999f20e-c3f7-4db4-87ca-141c476f2a88:c3356]
2019-08-22 07:03:36,850 | INFO  | DNAudit | user=null | ip=null | op=WRITE_CHUNK {blockData=conID: 2 locID: 102659353268257339 bcsId: 0} | ret=SUCCESS |  
2019-08-22 07:03:36,850 | INFO  | DNAudit | user=null | ip=null | op=WRITE_CHUNK {blockData=conID: 2 locID: 102659353268257339 bcsId: 0} | ret=SUCCESS |  
2019-08-22 07:03:36,851 | INFO  | DNAudit | user=null | ip=null | op=PUT_BLOCK {blockData=[blockId=conID: 2 locID: 102659353268257339 bcsId: 0,size=1048576]} | ret=SUCCESS |  
2019-08-22 07:03:36,851 | INFO  | DNAudit | user=null | ip=null | op=PUT_BLOCK {blockData=[blockId=conID: 2 locID: 102659353268257339 bcsId: 0,size=1048576]} | ret=SUCCESS |  
2019-08-22 07:03:36,851 [grpc-default-executor-0] INFO  client.GrpcClientProtocolClient (GrpcClientProtocolClient.java:onNext(255)) - client-CF63D631FA17->3cf1264f-5f6b-4138-aeee-2ff7d4522ead: receive RaftClientReply:client-CF63D631FA17->3cf1264f-5f6b-4138-aeee-2ff7d4522ead@group-561E16522154, cid=2269, SUCCESS, logIndex=3360, commits[3cf1264f-5f6b-4138-aeee-2ff7d4522ead:c3361, 4f0d1a15-8f14-4d9a-ad4f-8211e1245b5d:c3356, 6999f20e-c3f7-4db4-87ca-141c476f2a88:c3357]
2019-08-22 07:03:36,851 | INFO  | DNAudit | user=null | ip=null | op=WRITE_CHUNK {blockData=conID: 2 locID: 102659353268257339 bcsId: 0} | ret=SUCCESS |  
2019-08-22 07:03:36,851 | INFO  | DNAudit | user=null | ip=null | op=PUT_BLOCK {blockData=[blockId=conID: 2 locID: 102659353268257339 bcsId: 0,size=2097152]} | ret=SUCCESS |  
2019-08-22 07:03:36,852 [grpc-default-executor-0] INFO  client.GrpcClientProtocolClient (GrpcClientProtocolClient.java:onNext(255)) - client-CF63D631FA17->3cf1264f-5f6b-4138-aeee-2ff7d4522ead: receive RaftClientReply:client-CF63D631FA17->3cf1264f-5f6b-4138-aeee-2ff7d4522ead@group-561E16522154, cid=2270, SUCCESS, logIndex=0, commits[3cf1264f-5f6b-4138-aeee-2ff7d4522ead:c3364, 4f0d1a15-8f14-4d9a-ad4f-8211e1245b5d:c3358, 6999f20e-c3f7-4db4-87ca-141c476f2a88:c3360]
2019-08-22 07:03:36,860 | INFO  | DNAudit | user=null | ip=null | op=WRITE_CHUNK {blockData=conID: 2 locID: 102659353268257339 bcsId: 3360} | ret=SUCCESS |  
2019-08-22 07:03:36,862 | INFO  | DNAudit | user=null | ip=null | op=WRITE_CHUNK {blockData=conID: 2 locID: 102659353268257339 bcsId: 0} | ret=SUCCESS |  
2019-08-22 07:03:36,862 | INFO  | DNAudit | user=null | ip=null | op=PUT_BLOCK {blockData=[blockId=conID: 2 locID: 102659353268257339 bcsId: 0,size=2097152]} | ret=SUCCESS |  
2019-08-22 07:03:36,863 | INFO  | DNAudit | user=null | ip=null | op=WRITE_CHUNK {blockData=conID: 2 locID: 102659353268257339 bcsId: 3360} | ret=SUCCESS |  
2019-08-22 07:03:36,863 | INFO  | DNAudit | user=null | ip=null | op=WRITE_CHUNK {blockData=conID: 2 locID: 102659353268257339 bcsId: 3360} | ret=SUCCESS |  
2019-08-22 07:03:36,875 | INFO  | DNAudit | user=null | ip=null | op=WRITE_CHUNK {blockData=conID: 2 locID: 102659353268257339 bcsId: 3360} | ret=SUCCESS |  
2019-08-22 07:03:36,875 | INFO  | DNAudit | user=null | ip=null | op=PUT_BLOCK {blockData=[blockId=conID: 2 locID: 102659353268257339 bcsId: 0,size=3145728]} | ret=SUCCESS |  
2019-08-22 07:03:36,875 [grpc-default-executor-1] INFO  client.GrpcClientProtocolClient (GrpcClientProtocolClient.java:onNext(255)) - client-CF63D631FA17->3cf1264f-5f6b-4138-aeee-2ff7d4522ead: receive RaftClientReply:client-CF63D631FA17->3cf1264f-5f6b-4138-aeee-2ff7d4522ead@group-561E16522154, cid=2271, SUCCESS, logIndex=3365, commits[3cf1264f-5f6b-4138-aeee-2ff7d4522ead:c3366, 4f0d1a15-8f14-4d9a-ad4f-8211e1245b5d:c3360, 6999f20e-c3f7-4db4-87ca-141c476f2a88:c3364]
2019-08-22 07:03:36,876 [grpc-default-executor-1] INFO  client.GrpcClientProtocolClient (GrpcClientProtocolClient.java:onNext(255)) - client-CF63D631FA17->3cf1264f-5f6b-4138-aeee-2ff7d4522ead: receive RaftClientReply:client-CF63D631FA17->3cf1264f-5f6b-4138-aeee-2ff7d4522ead@group-561E16522154, cid=2272, SUCCESS, logIndex=3366, commits[3cf1264f-5f6b-4138-aeee-2ff7d4522ead:c3366, 4f0d1a15-8f14-4d9a-ad4f-8211e1245b5d:c3364, 6999f20e-c3f7-4db4-87ca-141c476f2a88:c3364]
2019-08-22 07:03:36,878 | INFO  | DNAudit | user=null | ip=null | op=WRITE_CHUNK {blockData=conID: 2 locID: 102659353268257339 bcsId: 3360} | ret=SUCCESS |  
2019-08-22 07:03:36,878 | INFO  | DNAudit | user=null | ip=null | op=WRITE_CHUNK {blockData=conID: 2 locID: 102659353268257339 bcsId: 3360} | ret=SUCCESS |  
2019-08-22 07:03:36,878 | INFO  | DNAudit | user=null | ip=null | op=PUT_BLOCK {blockData=[blockId=conID: 2 locID: 102659353268257339 bcsId: 0,size=3145728]} | ret=SUCCESS |  
2019-08-22 07:03:36,882 | INFO  | DNAudit | user=null | ip=null | op=WRITE_CHUNK {blockData=conID: 2 locID: 102659353268257339 bcsId: 3366} | ret=SUCCESS |  
2019-08-22 07:03:36,884 | INFO  | DNAudit | user=null | ip=null | op=WRITE_CHUNK {blockData=conID: 2 locID: 102659353268257339 bcsId: 3366} | ret=SUCCESS |  
2019-08-22 07:03:36,885 | INFO  | DNAudit | user=null | ip=null | op=WRITE_CHUNK {blockData=conID: 2 locID: 102659353268257339 bcsId: 3366} | ret=SUCCESS |  
2019-08-22 07:03:36,889 | INFO  | DNAudit | user=null | ip=null | op=PUT_BLOCK {blockData=[blockId=conID: 2 locID: 102659353268257339 bcsId: 0,size=3145728]} | ret=SUCCESS |  
2019-08-22 07:03:36,892 | INFO  | DNAudit | user=null | ip=null | op=WRITE_CHUNK {blockData=conID: 2 locID: 102659353268257339 bcsId: 3366} | ret=SUCCESS |  
2019-08-22 07:03:36,892 | INFO  | DNAudit | user=null | ip=null | op=PUT_BLOCK {blockData=[blockId=conID: 2 locID: 102659353268257339 bcsId: 0,size=4194304]} | ret=SUCCESS |  
2019-08-22 07:03:36,892 [grpc-default-executor-5] INFO  client.GrpcClientProtocolClient (GrpcClientProtocolClient.java:onNext(255)) - client-CF63D631FA17->3cf1264f-5f6b-4138-aeee-2ff7d4522ead: receive RaftClientReply:client-CF63D631FA17->3cf1264f-5f6b-4138-aeee-2ff7d4522ead@group-561E16522154, cid=2273, SUCCESS, logIndex=3369, commits[3cf1264f-5f6b-4138-aeee-2ff7d4522ead:c3370, 4f0d1a15-8f14-4d9a-ad4f-8211e1245b5d:c3367, 6999f20e-c3f7-4db4-87ca-141c476f2a88:c3367]
2019-08-22 07:03:36,893 [grpc-default-executor-5] INFO  client.GrpcClientProtocolClient (GrpcClientProtocolClient.java:onNext(255)) - client-CF63D631FA17->3cf1264f-5f6b-4138-aeee-2ff7d4522ead: receive RaftClientReply:client-CF63D631FA17->3cf1264f-5f6b-4138-aeee-2ff7d4522ead@group-561E16522154, cid=2274, SUCCESS, logIndex=3370, commits[3cf1264f-5f6b-4138-aeee-2ff7d4522ead:c3370, 4f0d1a15-8f14-4d9a-ad4f-8211e1245b5d:c3367, 6999f20e-c3f7-4db4-87ca-141c476f2a88:c3367]
2019-08-22 07:03:36,899 | INFO  | SCMAudit | user=jenkins1000 | ip=192.168.34.31 | op=SEND_HEARTBEAT {datanodeUUID=6ab6b5dd-7582-43bd-ad39-1af51ca14a47, command=[]} | ret=SUCCESS |  
2019-08-22 07:03:36,901 | INFO  | SCMAudit | user=jenkins1000 | ip=192.168.34.31 | op=SEND_HEARTBEAT {datanodeUUID=f789f48f-f3d7-45ec-9bba-6a89e2bdcc9c, command=[]} | ret=SUCCESS |  
2019-08-22 07:03:36,903 | INFO  | DNAudit | user=null | ip=null | op=WRITE_CHUNK {blockData=conID: 2 locID: 102659353268257339 bcsId: 3366} | ret=SUCCESS |  
2019-08-22 07:03:36,903 | INFO  | DNAudit | user=null | ip=null | op=WRITE_CHUNK {blockData=conID: 2 locID: 102659353268257339 bcsId: 3366} | ret=SUCCESS |  
 0.00% |█                                                                                                    |  0/1 Time: 0:00:192019-08-22 07:03:36,905 | INFO  | DNAudit | user=null | ip=null | op=PUT_BLOCK {blockData=[blockId=conID: 2 locID: 102659353268257339 bcsId: 0,size=4194304]} | ret=SUCCESS |  
2019-08-22 07:03:36,905 | INFO  | DNAudit | user=null | ip=null | op=PUT_BLOCK {blockData=[blockId=conID: 2 locID: 102659353268257339 bcsId: 0,size=4194304]} | ret=SUCCESS |  
2019-08-22 07:03:36,906 [grpc-default-executor-0] INFO  client.GrpcClientProtocolClient (GrpcClientProtocolClient.java:onNext(255)) - client-CF63D631FA17->3cf1264f-5f6b-4138-aeee-2ff7d4522ead: receive RaftClientReply:client-CF63D631FA17->3cf1264f-5f6b-4138-aeee-2ff7d4522ead@group-561E16522154, cid=2275, SUCCESS, logIndex=0, commits[3cf1264f-5f6b-4138-aeee-2ff7d4522ead:c3372, 4f0d1a15-8f14-4d9a-ad4f-8211e1245b5d:c3370, 6999f20e-c3f7-4db4-87ca-141c476f2a88:c3370]
2019-08-22 07:03:36,912 | INFO  | SCMAudit | user=jenkins1000 | ip=192.168.34.31 | op=ALLOCATE_BLOCK {owner=04b6d46a-98e2-41b1-9f38-1870289993ea, size=4194304, type=RATIS, factor=THREE} | ret=SUCCESS |  
2019-08-22 07:03:36,915 | INFO  | OMAudit | user=jenkins1000 | ip=127.0.0.1 | op=ALLOCATE_BLOCK {volume=vol-0-14906, bucket=bucket-0-53153, key=key-0-33222, dataSize=0, replicationType=null, replicationFactor=null, keyLocationInfo=null, clientID=102659352017764754} | ret=SUCCESS |  
2019-08-22 07:03:36,923 | INFO  | DNAudit | user=null | ip=null | op=WRITE_CHUNK {blockData=conID: 3 locID: 102659353274745404 bcsId: 0} | ret=SUCCESS |  
2019-08-22 07:03:36,924 | INFO  | SCMAudit | user=jenkins1000 | ip=192.168.34.31 | op=SEND_HEARTBEAT {datanodeUUID=4f0d1a15-8f14-4d9a-ad4f-8211e1245b5d, command=[]} | ret=SUCCESS |  
2019-08-22 07:03:36,925 | INFO  | SCMAudit | user=jenkins1000 | ip=192.168.34.31 | op=SEND_HEARTBEAT {datanodeUUID=6999f20e-c3f7-4db4-87ca-141c476f2a88, command=[]} | ret=SUCCESS |  
2019-08-22 07:03:36,925 | INFO  | SCMAudit | user=jenkins1000 | ip=192.168.34.31 | op=SEND_HEARTBEAT {datanodeUUID=3cf1264f-5f6b-4138-aeee-2ff7d4522ead, command=[]} | ret=SUCCESS |  
2019-08-22 07:03:36,926 | INFO  | DNAudit | user=null | ip=null | op=WRITE_CHUNK {blockData=conID: 3 locID: 102659353274745404 bcsId: 0} | ret=SUCCESS |  
2019-08-22 07:03:36,927 | INFO  | DNAudit | user=null | ip=null | op=WRITE_CHUNK {blockData=conID: 3 locID: 102659353274745404 bcsId: 0} | ret=SUCCESS |  
2019-08-22 07:03:36,927 | INFO  | DNAudit | user=null | ip=null | op=WRITE_CHUNK {blockData=conID: 3 locID: 102659353274745404 bcsId: 0} | ret=SUCCESS |  
2019-08-22 07:03:36,930 | INFO  | DNAudit | user=null | ip=null | op=WRITE_CHUNK {blockData=conID: 3 locID: 102659353274745404 bcsId: 0} | ret=SUCCESS |  
2019-08-22 07:03:36,930 | INFO  | DNAudit | user=null | ip=null | op=WRITE_CHUNK {blockData=conID: 3 locID: 102659353274745404 bcsId: 0} | ret=SUCCESS |  
2019-08-22 07:03:36,935 | INFO  | DNAudit | user=null | ip=null | op=WRITE_CHUNK {blockData=conID: 3 locID: 102659353274745404 bcsId: 0} | ret=SUCCESS |  
2019-08-22 07:03:36,936 | INFO  | DNAudit | user=null | ip=null | op=PUT_BLOCK {blockData=[blockId=conID: 3 locID: 102659353274745404 bcsId: 0,size=1048576]} | ret=SUCCESS |  
2019-08-22 07:03:36,936 [grpc-default-executor-0] INFO  client.GrpcClientProtocolClient (GrpcClientProtocolClient.java:onNext(255)) - client-CF63D631FA17->3cf1264f-5f6b-4138-aeee-2ff7d4522ead: receive RaftClientReply:client-CF63D631FA17->3cf1264f-5f6b-4138-aeee-2ff7d4522ead@group-561E16522154, cid=2276, SUCCESS, logIndex=3373, commits[3cf1264f-5f6b-4138-aeee-2ff7d4522ead:c3374, 4f0d1a15-8f14-4d9a-ad4f-8211e1245b5d:c3372, 6999f20e-c3f7-4db4-87ca-141c476f2a88:c3372]
2019-08-22 07:03:36,936 | INFO  | DNAudit | user=null | ip=null | op=WRITE_CHUNK {blockData=conID: 3 locID: 102659353274745404 bcsId: 0} | ret=SUCCESS |  
2019-08-22 07:03:36,937 [grpc-default-executor-0] INFO  client.GrpcClientProtocolClient (GrpcClientProtocolClient.java:onNext(255)) - client-CF63D631FA17->3cf1264f-5f6b-4138-aeee-2ff7d4522ead: receive RaftClientReply:client-CF63D631FA17->3cf1264f-5f6b-4138-aeee-2ff7d4522ead@group-561E16522154, cid=2277, SUCCESS, logIndex=3374, commits[3cf1264f-5f6b-4138-aeee-2ff7d4522ead:c3376, 4f0d1a15-8f14-4d9a-ad4f-8211e1245b5d:c3372, 6999f20e-c3f7-4db4-87ca-141c476f2a88:c3372]
2019-08-22 07:03:36,937 | INFO  | DNAudit | user=null | ip=null | op=PUT_BLOCK {blockData=[blockId=conID: 3 locID: 102659353274745404 bcsId: 0,size=2097152]} | ret=SUCCESS |  
2019-08-22 07:03:36,937 | INFO  | DNAudit | user=null | ip=null | op=WRITE_CHUNK {blockData=conID: 3 locID: 102659353274745404 bcsId: 0} | ret=SUCCESS |  
2019-08-22 07:03:36,937 [grpc-default-executor-0] INFO  client.GrpcClientProtocolClient (GrpcClientProtocolClient.java:onNext(255)) - client-CF63D631FA17->3cf1264f-5f6b-4138-aeee-2ff7d4522ead: receive RaftClientReply:client-CF63D631FA17->3cf1264f-5f6b-4138-aeee-2ff7d4522ead@group-561E16522154, cid=2278, SUCCESS, logIndex=3375, commits[3cf1264f-5f6b-4138-aeee-2ff7d4522ead:c3376, 4f0d1a15-8f14-4d9a-ad4f-8211e1245b5d:c3372, 6999f20e-c3f7-4db4-87ca-141c476f2a88:c3372]
2019-08-22 07:03:36,937 | INFO  | DNAudit | user=null | ip=null | op=PUT_BLOCK {blockData=[blockId=conID: 3 locID: 102659353274745404 bcsId: 0,size=1048576]} | ret=SUCCESS |  
2019-08-22 07:03:36,937 [grpc-default-executor-0] INFO  client.GrpcClientProtocolClient (GrpcClientProtocolClient.java:onNext(255)) - client-CF63D631FA17->3cf1264f-5f6b-4138-aeee-2ff7d4522ead: receive RaftClientReply:client-CF63D631FA17->3cf1264f-5f6b-4138-aeee-2ff7d4522ead@group-561E16522154, cid=2279, SUCCESS, logIndex=3376, commits[3cf1264f-5f6b-4138-aeee-2ff7d4522ead:c3376, 4f0d1a15-8f14-4d9a-ad4f-8211e1245b5d:c3372, 6999f20e-c3f7-4db4-87ca-141c476f2a88:c3373]
2019-08-22 07:03:36,939 | INFO  | DNAudit | user=null | ip=null | op=WRITE_CHUNK {blockData=conID: 3 locID: 102659353274745404 bcsId: 0} | ret=SUCCESS |  
2019-08-22 07:03:36,939 | INFO  | DNAudit | user=null | ip=null | op=PUT_BLOCK {blockData=[blockId=conID: 3 locID: 102659353274745404 bcsId: 0,size=1048576]} | ret=SUCCESS |  
2019-08-22 07:03:36,940 [grpc-default-executor-0] INFO  client.GrpcClientProtocolClient (GrpcClientProtocolClient.java:onNext(255)) - client-CF63D631FA17->3cf1264f-5f6b-4138-aeee-2ff7d4522ead: receive RaftClientReply:client-CF63D631FA17->3cf1264f-5f6b-4138-aeee-2ff7d4522ead@group-561E16522154, cid=2280, SUCCESS, logIndex=0, commits[3cf1264f-5f6b-4138-aeee-2ff7d4522ead:c3378, 4f0d1a15-8f14-4d9a-ad4f-8211e1245b5d:c3374, 6999f20e-c3f7-4db4-87ca-141c476f2a88:c3374]
2019-08-22 07:03:36,940 | INFO  | DNAudit | user=null | ip=null | op=WRITE_CHUNK {blockData=conID: 3 locID: 102659353274745404 bcsId: 0} | ret=SUCCESS |  
2019-08-22 07:03:36,947 | INFO  | DNAudit | user=null | ip=null | op=WRITE_CHUNK {blockData=conID: 3 locID: 102659353274745404 bcsId: 3376} | ret=SUCCESS |  
2019-08-22 07:03:36,949 | INFO  | DNAudit | user=null | ip=null | op=WRITE_CHUNK {blockData=conID: 3 locID: 102659353274745404 bcsId: 3376} | ret=SUCCESS |  
2019-08-22 07:03:36,950 | INFO  | DNAudit | user=null | ip=null | op=WRITE_CHUNK {blockData=conID: 3 locID: 102659353274745404 bcsId: 3376} | ret=SUCCESS |  
2019-08-22 07:03:36,950 | INFO  | DNAudit | user=null | ip=null | op=WRITE_CHUNK {blockData=conID: 3 locID: 102659353274745404 bcsId: 0} | ret=SUCCESS |  
2019-08-22 07:03:36,951 | INFO  | DNAudit | user=null | ip=null | op=PUT_BLOCK {blockData=[blockId=conID: 3 locID: 102659353274745404 bcsId: 0,size=2097152]} | ret=SUCCESS |  
2019-08-22 07:03:36,951 | INFO  | DNAudit | user=null | ip=null | op=PUT_BLOCK {blockData=[blockId=conID: 3 locID: 102659353274745404 bcsId: 0,size=2097152]} | ret=SUCCESS |  
2019-08-22 07:03:36,953 | INFO  | DNAudit | user=null | ip=null | op=WRITE_CHUNK {blockData=conID: 3 locID: 102659353274745404 bcsId: 3376} | ret=SUCCESS |  
2019-08-22 07:03:36,954 | INFO  | DNAudit | user=null | ip=null | op=PUT_BLOCK {blockData=[blockId=conID: 3 locID: 102659353274745404 bcsId: 0,size=3145728]} | ret=SUCCESS |  
2019-08-22 07:03:36,954 [grpc-default-executor-3] INFO  client.GrpcClientProtocolClient (GrpcClientProtocolClient.java:onNext(255)) - client-CF63D631FA17->3cf1264f-5f6b-4138-aeee-2ff7d4522ead: receive RaftClientReply:client-CF63D631FA17->3cf1264f-5f6b-4138-aeee-2ff7d4522ead@group-561E16522154, cid=2281, SUCCESS, logIndex=3381, commits[3cf1264f-5f6b-4138-aeee-2ff7d4522ead:c3382, 4f0d1a15-8f14-4d9a-ad4f-8211e1245b5d:c3376, 6999f20e-c3f7-4db4-87ca-141c476f2a88:c3379]
2019-08-22 07:03:36,954 [grpc-default-executor-3] INFO  client.GrpcClientProtocolClient (GrpcClientProtocolClient.java:onNext(255)) - client-CF63D631FA17->3cf1264f-5f6b-4138-aeee-2ff7d4522ead: receive RaftClientReply:client-CF63D631FA17->3cf1264f-5f6b-4138-aeee-2ff7d4522ead@group-561E16522154, cid=2282, SUCCESS, logIndex=3382, commits[3cf1264f-5f6b-4138-aeee-2ff7d4522ead:c3382, 4f0d1a15-8f14-4d9a-ad4f-8211e1245b5d:c3379, 6999f20e-c3f7-4db4-87ca-141c476f2a88:c3379]
2019-08-22 07:03:36,960 | INFO  | DNAudit | user=null | ip=null | op=WRITE_CHUNK {blockData=conID: 3 locID: 102659353274745404 bcsId: 3382} | ret=SUCCESS |  
2019-08-22 07:03:36,963 | INFO  | DNAudit | user=null | ip=null | op=WRITE_CHUNK {blockData=conID: 3 locID: 102659353274745404 bcsId: 3382} | ret=SUCCESS |  
2019-08-22 07:03:36,963 | INFO  | DNAudit | user=null | ip=null | op=WRITE_CHUNK {blockData=conID: 3 locID: 102659353274745404 bcsId: 3382} | ret=SUCCESS |  
2019-08-22 07:03:36,965 | INFO  | DNAudit | user=null | ip=null | op=WRITE_CHUNK {blockData=conID: 3 locID: 102659353274745404 bcsId: 3376} | ret=SUCCESS |  
2019-08-22 07:03:36,965 | INFO  | DNAudit | user=null | ip=null | op=WRITE_CHUNK {blockData=conID: 3 locID: 102659353274745404 bcsId: 3376} | ret=SUCCESS |  
2019-08-22 07:03:36,965 | INFO  | DNAudit | user=null | ip=null | op=PUT_BLOCK {blockData=[blockId=conID: 3 locID: 102659353274745404 bcsId: 0,size=3145728]} | ret=SUCCESS |  
2019-08-22 07:03:36,965 | INFO  | DNAudit | user=null | ip=null | op=PUT_BLOCK {blockData=[blockId=conID: 3 locID: 102659353274745404 bcsId: 0,size=3145728]} | ret=SUCCESS |  
2019-08-22 07:03:36,966 | INFO  | DNAudit | user=null | ip=null | op=WRITE_CHUNK {blockData=conID: 3 locID: 102659353274745404 bcsId: 3382} | ret=SUCCESS |  
2019-08-22 07:03:36,967 | INFO  | DNAudit | user=null | ip=null | op=PUT_BLOCK {blockData=[blockId=conID: 3 locID: 102659353274745404 bcsId: 0,size=4194304]} | ret=SUCCESS |  
2019-08-22 07:03:36,967 [grpc-default-executor-3] INFO  client.GrpcClientProtocolClient (GrpcClientProtocolClient.java:onNext(255)) - client-CF63D631FA17->3cf1264f-5f6b-4138-aeee-2ff7d4522ead: receive RaftClientReply:client-CF63D631FA17->3cf1264f-5f6b-4138-aeee-2ff7d4522ead@group-561E16522154, cid=2283, SUCCESS, logIndex=3384, commits[3cf1264f-5f6b-4138-aeee-2ff7d4522ead:c3385, 4f0d1a15-8f14-4d9a-ad4f-8211e1245b5d:c3382, 6999f20e-c3f7-4db4-87ca-141c476f2a88:c3382]
2019-08-22 07:03:36,967 [grpc-default-executor-3] INFO  client.GrpcClientProtocolClient (GrpcClientProtocolClient.java:onNext(255)) - client-CF63D631FA17->3cf1264f-5f6b-4138-aeee-2ff7d4522ead: receive RaftClientReply:client-CF63D631FA17->3cf1264f-5f6b-4138-aeee-2ff7d4522ead@group-561E16522154, cid=2284, SUCCESS, logIndex=3385, commits[3cf1264f-5f6b-4138-aeee-2ff7d4522ead:c3385, 4f0d1a15-8f14-4d9a-ad4f-8211e1245b5d:c3382, 6999f20e-c3f7-4db4-87ca-141c476f2a88:c3382]
2019-08-22 07:03:36,978 | INFO  | DNAudit | user=null | ip=null | op=WRITE_CHUNK {blockData=conID: 3 locID: 102659353274745404 bcsId: 3382} | ret=SUCCESS |  
2019-08-22 07:03:36,978 | INFO  | DNAudit | user=null | ip=null | op=WRITE_CHUNK {blockData=conID: 3 locID: 102659353274745404 bcsId: 3382} | ret=SUCCESS |  
2019-08-22 07:03:36,980 | INFO  | DNAudit | user=null | ip=null | op=PUT_BLOCK {blockData=[blockId=conID: 3 locID: 102659353274745404 bcsId: 0,size=4194304]} | ret=SUCCESS |  
2019-08-22 07:03:36,980 | INFO  | DNAudit | user=null | ip=null | op=PUT_BLOCK {blockData=[blockId=conID: 3 locID: 102659353274745404 bcsId: 0,size=4194304]} | ret=SUCCESS |  
2019-08-22 07:03:36,981 [grpc-default-executor-1] INFO  client.GrpcClientProtocolClient (GrpcClientProtocolClient.java:onNext(255)) - client-CF63D631FA17->3cf1264f-5f6b-4138-aeee-2ff7d4522ead: receive RaftClientReply:client-CF63D631FA17->3cf1264f-5f6b-4138-aeee-2ff7d4522ead@group-561E16522154, cid=2285, SUCCESS, logIndex=0, commits[3cf1264f-5f6b-4138-aeee-2ff7d4522ead:c3387, 4f0d1a15-8f14-4d9a-ad4f-8211e1245b5d:c3385, 6999f20e-c3f7-4db4-87ca-141c476f2a88:c3385]
2019-08-22 07:03:36,985 | INFO  | SCMAudit | user=jenkins1000 | ip=192.168.34.31 | op=ALLOCATE_BLOCK {owner=04b6d46a-98e2-41b1-9f38-1870289993ea, size=4194304, type=RATIS, factor=THREE} | ret=SUCCESS |  
2019-08-22 07:03:36,988 | INFO  | OMAudit | user=jenkins1000 | ip=127.0.0.1 | op=ALLOCATE_BLOCK {volume=vol-0-14906, bucket=bucket-0-53153, key=key-0-33222, dataSize=0, replicationType=null, replicationFactor=null, keyLocationInfo=null, clientID=102659352017764754} | ret=SUCCESS |  
2019-08-22 07:03:36,994 | INFO  | DNAudit | user=null | ip=null | op=WRITE_CHUNK {blockData=conID: 1 locID: 102659353279529533 bcsId: 0} | ret=SUCCESS |  
2019-08-22 07:03:36,998 | INFO  | DNAudit | user=null | ip=null | op=WRITE_CHUNK {blockData=conID: 1 locID: 102659353279529533 bcsId: 0} | ret=SUCCESS |  
2019-08-22 07:03:36,998 | INFO  | DNAudit | user=null | ip=null | op=WRITE_CHUNK {blockData=conID: 1 locID: 102659353279529533 bcsId: 0} | ret=SUCCESS |  
2019-08-22 07:03:36,999 | INFO  | DNAudit | user=null | ip=null | op=WRITE_CHUNK {blockData=conID: 1 locID: 102659353279529533 bcsId: 0} | ret=SUCCESS |  
2019-08-22 07:03:37,000 | INFO  | DNAudit | user=null | ip=null | op=WRITE_CHUNK {blockData=conID: 1 locID: 102659353279529533 bcsId: 0} | ret=SUCCESS |  
2019-08-22 07:03:37,000 | INFO  | DNAudit | user=null | ip=null | op=WRITE_CHUNK {blockData=conID: 1 locID: 102659353279529533 bcsId: 0} | ret=SUCCESS |  
2019-08-22 07:03:37,006 | INFO  | DNAudit | user=null | ip=null | op=WRITE_CHUNK {blockData=conID: 1 locID: 102659353279529533 bcsId: 0} | ret=SUCCESS |  
2019-08-22 07:03:37,007 | INFO  | DNAudit | user=null | ip=null | op=PUT_BLOCK {blockData=[blockId=conID: 1 locID: 102659353279529533 bcsId: 0,size=1048576]} | ret=SUCCESS |  
2019-08-22 07:03:37,007 [grpc-default-executor-1] INFO  client.GrpcClientProtocolClient (GrpcClientProtocolClient.java:onNext(255)) - client-CF63D631FA17->3cf1264f-5f6b-4138-aeee-2ff7d4522ead: receive RaftClientReply:client-CF63D631FA17->3cf1264f-5f6b-4138-aeee-2ff7d4522ead@group-561E16522154, cid=2286, SUCCESS, logIndex=3388, commits[3cf1264f-5f6b-4138-aeee-2ff7d4522ead:c3391, 4f0d1a15-8f14-4d9a-ad4f-8211e1245b5d:c3387, 6999f20e-c3f7-4db4-87ca-141c476f2a88:c3387]
2019-08-22 07:03:37,007 | INFO  | DNAudit | user=null | ip=null | op=WRITE_CHUNK {blockData=conID: 1 locID: 102659353279529533 bcsId: 0} | ret=SUCCESS |  
2019-08-22 07:03:37,007 [grpc-default-executor-1] INFO  client.GrpcClientProtocolClient (GrpcClientProtocolClient.java:onNext(255)) - client-CF63D631FA17->3cf1264f-5f6b-4138-aeee-2ff7d4522ead: receive RaftClientReply:client-CF63D631FA17->3cf1264f-5f6b-4138-aeee-2ff7d4522ead@group-561E16522154, cid=2287, SUCCESS, logIndex=3389, commits[3cf1264f-5f6b-4138-aeee-2ff7d4522ead:c3391, 4f0d1a15-8f14-4d9a-ad4f-8211e1245b5d:c3387, 6999f20e-c3f7-4db4-87ca-141c476f2a88:c3387]
2019-08-22 07:03:37,008 | INFO  | DNAudit | user=null | ip=null | op=PUT_BLOCK {blockData=[blockId=conID: 1 locID: 102659353279529533 bcsId: 0,size=2097152]} | ret=SUCCESS |  
2019-08-22 07:03:37,008 [grpc-default-executor-1] INFO  client.GrpcClientProtocolClient (GrpcClientProtocolClient.java:onNext(255)) - client-CF63D631FA17->3cf1264f-5f6b-4138-aeee-2ff7d4522ead: receive RaftClientReply:client-CF63D631FA17->3cf1264f-5f6b-4138-aeee-2ff7d4522ead@group-561E16522154, cid=2288, SUCCESS, logIndex=3390, commits[3cf1264f-5f6b-4138-aeee-2ff7d4522ead:c3391, 4f0d1a15-8f14-4d9a-ad4f-8211e1245b5d:c3387, 6999f20e-c3f7-4db4-87ca-141c476f2a88:c3387]
2019-08-22 07:03:37,008 | INFO  | DNAudit | user=null | ip=null | op=WRITE_CHUNK {blockData=conID: 1 locID: 102659353279529533 bcsId: 0} | ret=SUCCESS |  
2019-08-22 07:03:37,008 | INFO  | DNAudit | user=null | ip=null | op=WRITE_CHUNK {blockData=conID: 1 locID: 102659353279529533 bcsId: 0} | ret=SUCCESS |  
2019-08-22 07:03:37,009 | INFO  | DNAudit | user=null | ip=null | op=PUT_BLOCK {blockData=[blockId=conID: 1 locID: 102659353279529533 bcsId: 0,size=1048576]} | ret=SUCCESS |  
2019-08-22 07:03:37,009 [grpc-default-executor-0] INFO  client.GrpcClientProtocolClient (GrpcClientProtocolClient.java:onNext(255)) - client-CF63D631FA17->3cf1264f-5f6b-4138-aeee-2ff7d4522ead: receive RaftClientReply:client-CF63D631FA17->3cf1264f-5f6b-4138-aeee-2ff7d4522ead@group-561E16522154, cid=2289, SUCCESS, logIndex=3391, commits[3cf1264f-5f6b-4138-aeee-2ff7d4522ead:c3391, 4f0d1a15-8f14-4d9a-ad4f-8211e1245b5d:c3387, 6999f20e-c3f7-4db4-87ca-141c476f2a88:c3387]
2019-08-22 07:03:37,009 | INFO  | DNAudit | user=null | ip=null | op=WRITE_CHUNK {blockData=conID: 1 locID: 102659353279529533 bcsId: 0} | ret=SUCCESS |  
2019-08-22 07:03:37,011 | INFO  | DNAudit | user=null | ip=null | op=PUT_BLOCK {blockData=[blockId=conID: 1 locID: 102659353279529533 bcsId: 0,size=1048576]} | ret=SUCCESS |  
2019-08-22 07:03:37,011 | INFO  | DNAudit | user=null | ip=null | op=PUT_BLOCK {blockData=[blockId=conID: 1 locID: 102659353279529533 bcsId: 0,size=2097152]} | ret=SUCCESS |  
2019-08-22 07:03:37,011 | INFO  | DNAudit | user=null | ip=null | op=WRITE_CHUNK {blockData=conID: 1 locID: 102659353279529533 bcsId: 0} | ret=SUCCESS |  
2019-08-22 07:03:37,011 | INFO  | DNAudit | user=null | ip=null | op=PUT_BLOCK {blockData=[blockId=conID: 1 locID: 102659353279529533 bcsId: 0,size=2097152]} | ret=SUCCESS |  
2019-08-22 07:03:37,011 [grpc-default-executor-0] INFO  client.GrpcClientProtocolClient (GrpcClientProtocolClient.java:onNext(255)) - client-CF63D631FA17->3cf1264f-5f6b-4138-aeee-2ff7d4522ead: receive RaftClientReply:client-CF63D631FA17->3cf1264f-5f6b-4138-aeee-2ff7d4522ead@group-561E16522154, cid=2290, SUCCESS, logIndex=0, commits[3cf1264f-5f6b-4138-aeee-2ff7d4522ead:c3394, 4f0d1a15-8f14-4d9a-ad4f-8211e1245b5d:c3390, 6999f20e-c3f7-4db4-87ca-141c476f2a88:c3389]
2019-08-22 07:03:37,018 | INFO  | DNAudit | user=null | ip=null | op=WRITE_CHUNK {blockData=conID: 1 locID: 102659353279529533 bcsId: 3391} | ret=SUCCESS |  
2019-08-22 07:03:37,020 | INFO  | DNAudit | user=null | ip=null | op=WRITE_CHUNK {blockData=conID: 1 locID: 102659353279529533 bcsId: 3391} | ret=SUCCESS |  
2019-08-22 07:03:37,020 | INFO  | DNAudit | user=null | ip=null | op=WRITE_CHUNK {blockData=conID: 1 locID: 102659353279529533 bcsId: 3391} | ret=SUCCESS |  
2019-08-22 07:03:37,022 | INFO  | DNAudit | user=null | ip=null | op=WRITE_CHUNK {blockData=conID: 1 locID: 102659353279529533 bcsId: 3391} | ret=SUCCESS |  
2019-08-22 07:03:37,023 | INFO  | DNAudit | user=null | ip=null | op=PUT_BLOCK {blockData=[blockId=conID: 1 locID: 102659353279529533 bcsId: 0,size=3145728]} | ret=SUCCESS |  
2019-08-22 07:03:37,023 [grpc-default-executor-0] INFO  client.GrpcClientProtocolClient (GrpcClientProtocolClient.java:onNext(255)) - client-CF63D631FA17->3cf1264f-5f6b-4138-aeee-2ff7d4522ead: receive RaftClientReply:client-CF63D631FA17->3cf1264f-5f6b-4138-aeee-2ff7d4522ead@group-561E16522154, cid=2291, SUCCESS, logIndex=3396, commits[3cf1264f-5f6b-4138-aeee-2ff7d4522ead:c3397, 4f0d1a15-8f14-4d9a-ad4f-8211e1245b5d:c3395, 6999f20e-c3f7-4db4-87ca-141c476f2a88:c3391]
2019-08-22 07:03:37,023 [grpc-default-executor-0] INFO  client.GrpcClientProtocolClient (GrpcClientProtocolClient.java:onNext(255)) - client-CF63D631FA17->3cf1264f-5f6b-4138-aeee-2ff7d4522ead: receive RaftClientReply:client-CF63D631FA17->3cf1264f-5f6b-4138-aeee-2ff7d4522ead@group-561E16522154, cid=2292, SUCCESS, logIndex=3397, commits[3cf1264f-5f6b-4138-aeee-2ff7d4522ead:c3397, 4f0d1a15-8f14-4d9a-ad4f-8211e1245b5d:c3395, 6999f20e-c3f7-4db4-87ca-141c476f2a88:c3395]
2019-08-22 07:03:37,024 | INFO  | DNAudit | user=null | ip=null | op=WRITE_CHUNK {blockData=conID: 1 locID: 102659353279529533 bcsId: 3391} | ret=SUCCESS |  
2019-08-22 07:03:37,024 | INFO  | DNAudit | user=null | ip=null | op=PUT_BLOCK {blockData=[blockId=conID: 1 locID: 102659353279529533 bcsId: 0,size=3145728]} | ret=SUCCESS |  
2019-08-22 07:03:37,026 | INFO  | DNAudit | user=null | ip=null | op=WRITE_CHUNK {blockData=conID: 1 locID: 102659353279529533 bcsId: 3391} | ret=SUCCESS |  
2019-08-22 07:03:37,026 | INFO  | DNAudit | user=null | ip=null | op=PUT_BLOCK {blockData=[blockId=conID: 1 locID: 102659353279529533 bcsId: 0,size=3145728]} | ret=SUCCESS |  
2019-08-22 07:03:37,029 | INFO  | DNAudit | user=null | ip=null | op=WRITE_CHUNK {blockData=conID: 1 locID: 102659353279529533 bcsId: 3397} | ret=SUCCESS |  
2019-08-22 07:03:37,032 | INFO  | DNAudit | user=null | ip=null | op=WRITE_CHUNK {blockData=conID: 1 locID: 102659353279529533 bcsId: 3397} | ret=SUCCESS |  
2019-08-22 07:03:37,032 | INFO  | DNAudit | user=null | ip=null | op=WRITE_CHUNK {blockData=conID: 1 locID: 102659353279529533 bcsId: 3397} | ret=SUCCESS |  
2019-08-22 07:03:37,034 | INFO  | DNAudit | user=null | ip=null | op=WRITE_CHUNK {blockData=conID: 1 locID: 102659353279529533 bcsId: 3397} | ret=SUCCESS |  
2019-08-22 07:03:37,035 | INFO  | DNAudit | user=null | ip=null | op=PUT_BLOCK {blockData=[blockId=conID: 1 locID: 102659353279529533 bcsId: 0,size=4194304]} | ret=SUCCESS |  
2019-08-22 07:03:37,035 [grpc-default-executor-3] INFO  client.GrpcClientProtocolClient (GrpcClientProtocolClient.java:onNext(255)) - client-CF63D631FA17->3cf1264f-5f6b-4138-aeee-2ff7d4522ead: receive RaftClientReply:client-CF63D631FA17->3cf1264f-5f6b-4138-aeee-2ff7d4522ead@group-561E16522154, cid=2293, SUCCESS, logIndex=3400, commits[3cf1264f-5f6b-4138-aeee-2ff7d4522ead:c3401, 4f0d1a15-8f14-4d9a-ad4f-8211e1245b5d:c3399, 6999f20e-c3f7-4db4-87ca-141c476f2a88:c3399]
2019-08-22 07:03:37,035 | INFO  | DNAudit | user=null | ip=null | op=WRITE_CHUNK {blockData=conID: 1 locID: 102659353279529533 bcsId: 3397} | ret=SUCCESS |  
2019-08-22 07:03:37,036 | INFO  | DNAudit | user=null | ip=null | op=WRITE_CHUNK {blockData=conID: 1 locID: 102659353279529533 bcsId: 3397} | ret=SUCCESS |  
2019-08-22 07:03:37,035 [grpc-default-executor-3] INFO  client.GrpcClientProtocolClient (GrpcClientProtocolClient.java:onNext(255)) - client-CF63D631FA17->3cf1264f-5f6b-4138-aeee-2ff7d4522ead: receive RaftClientReply:client-CF63D631FA17->3cf1264f-5f6b-4138-aeee-2ff7d4522ead@group-561E16522154, cid=2294, SUCCESS, logIndex=3401, commits[3cf1264f-5f6b-4138-aeee-2ff7d4522ead:c3401, 4f0d1a15-8f14-4d9a-ad4f-8211e1245b5d:c3399, 6999f20e-c3f7-4db4-87ca-141c476f2a88:c3399]
2019-08-22 07:03:37,036 | INFO  | DNAudit | user=null | ip=null | op=PUT_BLOCK {blockData=[blockId=conID: 1 locID: 102659353279529533 bcsId: 0,size=4194304]} | ret=SUCCESS |  
2019-08-22 07:03:37,036 | INFO  | DNAudit | user=null | ip=null | op=PUT_BLOCK {blockData=[blockId=conID: 1 locID: 102659353279529533 bcsId: 0,size=4194304]} | ret=SUCCESS |  
2019-08-22 07:03:37,037 [grpc-default-executor-3] INFO  client.GrpcClientProtocolClient (GrpcClientProtocolClient.java:onNext(255)) - client-CF63D631FA17->3cf1264f-5f6b-4138-aeee-2ff7d4522ead: receive RaftClientReply:client-CF63D631FA17->3cf1264f-5f6b-4138-aeee-2ff7d4522ead@group-561E16522154, cid=2295, SUCCESS, logIndex=0, commits[3cf1264f-5f6b-4138-aeee-2ff7d4522ead:c3402, 4f0d1a15-8f14-4d9a-ad4f-8211e1245b5d:c3401, 6999f20e-c3f7-4db4-87ca-141c476f2a88:c3401]
2019-08-22 07:03:37,041 | INFO  | SCMAudit | user=jenkins1000 | ip=192.168.34.31 | op=ALLOCATE_BLOCK {owner=04b6d46a-98e2-41b1-9f38-1870289993ea, size=4194304, type=RATIS, factor=THREE} | ret=SUCCESS |  
2019-08-22 07:03:37,043 | INFO  | OMAudit | user=jenkins1000 | ip=127.0.0.1 | op=ALLOCATE_BLOCK {volume=vol-0-14906, bucket=bucket-0-53153, key=key-0-33222, dataSize=0, replicationType=null, replicationFactor=null, keyLocationInfo=null, clientID=102659352017764754} | ret=SUCCESS |  
2019-08-22 07:03:37,049 | INFO  | DNAudit | user=null | ip=null | op=WRITE_CHUNK {blockData=conID: 2 locID: 102659353283199550 bcsId: 0} | ret=SUCCESS |  
2019-08-22 07:03:37,052 | INFO  | DNAudit | user=null | ip=null | op=WRITE_CHUNK {blockData=conID: 2 locID: 102659353283199550 bcsId: 0} | ret=SUCCESS |  
2019-08-22 07:03:37,052 | INFO  | DNAudit | user=null | ip=null | op=WRITE_CHUNK {blockData=conID: 2 locID: 102659353283199550 bcsId: 0} | ret=SUCCESS |  
2019-08-22 07:03:37,053 | INFO  | DNAudit | user=null | ip=null | op=WRITE_CHUNK {blockData=conID: 2 locID: 102659353283199550 bcsId: 0} | ret=SUCCESS |  
2019-08-22 07:03:37,055 | INFO  | DNAudit | user=null | ip=null | op=WRITE_CHUNK {blockData=conID: 2 locID: 102659353283199550 bcsId: 0} | ret=SUCCESS |  
2019-08-22 07:03:37,055 | INFO  | DNAudit | user=null | ip=null | op=WRITE_CHUNK {blockData=conID: 2 locID: 102659353283199550 bcsId: 0} | ret=SUCCESS |  
2019-08-22 07:03:37,056 | INFO  | DNAudit | user=null | ip=null | op=WRITE_CHUNK {blockData=conID: 2 locID: 102659353283199550 bcsId: 0} | ret=SUCCESS |  
2019-08-22 07:03:37,056 | INFO  | DNAudit | user=null | ip=null | op=PUT_BLOCK {blockData=[blockId=conID: 2 locID: 102659353283199550 bcsId: 0,size=1048576]} | ret=SUCCESS |  
2019-08-22 07:03:37,056 [grpc-default-executor-5] INFO  client.GrpcClientProtocolClient (GrpcClientProtocolClient.java:onNext(255)) - client-CF63D631FA17->3cf1264f-5f6b-4138-aeee-2ff7d4522ead: receive RaftClientReply:client-CF63D631FA17->3cf1264f-5f6b-4138-aeee-2ff7d4522ead@group-561E16522154, cid=2296, SUCCESS, logIndex=3404, commits[3cf1264f-5f6b-4138-aeee-2ff7d4522ead:c3405, 4f0d1a15-8f14-4d9a-ad4f-8211e1245b5d:c3403, 6999f20e-c3f7-4db4-87ca-141c476f2a88:c3403]
2019-08-22 07:03:37,057 [grpc-default-executor-5] INFO  client.GrpcClientProtocolClient (GrpcClientProtocolClient.java:onNext(255)) - client-CF63D631FA17->3cf1264f-5f6b-4138-aeee-2ff7d4522ead: receive RaftClientReply:client-CF63D631FA17->3cf1264f-5f6b-4138-aeee-2ff7d4522ead@group-561E16522154, cid=2297, SUCCESS, logIndex=3405, commits[3cf1264f-5f6b-4138-aeee-2ff7d4522ead:c3405, 4f0d1a15-8f14-4d9a-ad4f-8211e1245b5d:c3403, 6999f20e-c3f7-4db4-87ca-141c476f2a88:c3403]
2019-08-22 07:03:37,057 | INFO  | DNAudit | user=null | ip=null | op=WRITE_CHUNK {blockData=conID: 2 locID: 102659353283199550 bcsId: 0} | ret=SUCCESS |  
2019-08-22 07:03:37,058 | INFO  | DNAudit | user=null | ip=null | op=PUT_BLOCK {blockData=[blockId=conID: 2 locID: 102659353283199550 bcsId: 0,size=2097152]} | ret=SUCCESS |  
2019-08-22 07:03:37,058 [grpc-default-executor-5] INFO  client.GrpcClientProtocolClient (GrpcClientProtocolClient.java:onNext(255)) - client-CF63D631FA17->3cf1264f-5f6b-4138-aeee-2ff7d4522ead: receive RaftClientReply:client-CF63D631FA17->3cf1264f-5f6b-4138-aeee-2ff7d4522ead@group-561E16522154, cid=2298, SUCCESS, logIndex=3406, commits[3cf1264f-5f6b-4138-aeee-2ff7d4522ead:c3407, 4f0d1a15-8f14-4d9a-ad4f-8211e1245b5d:c3403, 6999f20e-c3f7-4db4-87ca-141c476f2a88:c3403]
2019-08-22 07:03:37,058 [grpc-default-executor-5] INFO  client.GrpcClientProtocolClient (GrpcClientProtocolClient.java:onNext(255)) - client-CF63D631FA17->3cf1264f-5f6b-4138-aeee-2ff7d4522ead: receive RaftClientReply:client-CF63D631FA17->3cf1264f-5f6b-4138-aeee-2ff7d4522ead@group-561E16522154, cid=2299, SUCCESS, logIndex=3407, commits[3cf1264f-5f6b-4138-aeee-2ff7d4522ead:c3407, 4f0d1a15-8f14-4d9a-ad4f-8211e1245b5d:c3403, 6999f20e-c3f7-4db4-87ca-141c476f2a88:c3403]
2019-08-22 07:03:37,058 | INFO  | DNAudit | user=null | ip=null | op=WRITE_CHUNK {blockData=conID: 2 locID: 102659353283199550 bcsId: 0} | ret=SUCCESS |  
2019-08-22 07:03:37,059 | INFO  | DNAudit | user=null | ip=null | op=PUT_BLOCK {blockData=[blockId=conID: 2 locID: 102659353283199550 bcsId: 0,size=1048576]} | ret=SUCCESS |  
2019-08-22 07:03:37,059 | INFO  | DNAudit | user=null | ip=null | op=WRITE_CHUNK {blockData=conID: 2 locID: 102659353283199550 bcsId: 0} | ret=SUCCESS |  
2019-08-22 07:03:37,059 | INFO  | DNAudit | user=null | ip=null | op=PUT_BLOCK {blockData=[blockId=conID: 2 locID: 102659353283199550 bcsId: 0,size=1048576]} | ret=SUCCESS |  
2019-08-22 07:03:37,059 | INFO  | DNAudit | user=null | ip=null | op=WRITE_CHUNK {blockData=conID: 2 locID: 102659353283199550 bcsId: 0} | ret=SUCCESS |  
2019-08-22 07:03:37,060 | INFO  | DNAudit | user=null | ip=null | op=WRITE_CHUNK {blockData=conID: 2 locID: 102659353283199550 bcsId: 0} | ret=SUCCESS |  
2019-08-22 07:03:37,060 | INFO  | DNAudit | user=null | ip=null | op=PUT_BLOCK {blockData=[blockId=conID: 2 locID: 102659353283199550 bcsId: 0,size=2097152]} | ret=SUCCESS |  
2019-08-22 07:03:37,060 [grpc-default-executor-1] INFO  client.GrpcClientProtocolClient (GrpcClientProtocolClient.java:onNext(255)) - client-CF63D631FA17->3cf1264f-5f6b-4138-aeee-2ff7d4522ead: receive RaftClientReply:client-CF63D631FA17->3cf1264f-5f6b-4138-aeee-2ff7d4522ead@group-561E16522154, cid=2300, SUCCESS, logIndex=0, commits[3cf1264f-5f6b-4138-aeee-2ff7d4522ead:c3409, 4f0d1a15-8f14-4d9a-ad4f-8211e1245b5d:c3405, 6999f20e-c3f7-4db4-87ca-141c476f2a88:c3405]
2019-08-22 07:03:37,061 | INFO  | DNAudit | user=null | ip=null | op=PUT_BLOCK {blockData=[blockId=conID: 2 locID: 102659353283199550 bcsId: 0,size=2097152]} | ret=SUCCESS |  
2019-08-22 07:03:37,065 | INFO  | DNAudit | user=null | ip=null | op=WRITE_CHUNK {blockData=conID: 2 locID: 102659353283199550 bcsId: 3407} | ret=SUCCESS |  
2019-08-22 07:03:37,068 | INFO  | DNAudit | user=null | ip=null | op=WRITE_CHUNK {blockData=conID: 2 locID: 102659353283199550 bcsId: 3407} | ret=SUCCESS |  
2019-08-22 07:03:37,068 | INFO  | DNAudit | user=null | ip=null | op=WRITE_CHUNK {blockData=conID: 2 locID: 102659353283199550 bcsId: 3407} | ret=SUCCESS |  
2019-08-22 07:03:37,081 | INFO  | DNAudit | user=null | ip=null | op=WRITE_CHUNK {blockData=conID: 2 locID: 102659353283199550 bcsId: 3407} | ret=SUCCESS |  
2019-08-22 07:03:37,082 | INFO  | DNAudit | user=null | ip=null | op=PUT_BLOCK {blockData=[blockId=conID: 2 locID: 102659353283199550 bcsId: 0,size=3145728]} | ret=SUCCESS |  
2019-08-22 07:03:37,082 [grpc-default-executor-1] INFO  client.GrpcClientProtocolClient (GrpcClientProtocolClient.java:onNext(255)) - client-CF63D631FA17->3cf1264f-5f6b-4138-aeee-2ff7d4522ead: receive RaftClientReply:client-CF63D631FA17->3cf1264f-5f6b-4138-aeee-2ff7d4522ead@group-561E16522154, cid=2301, SUCCESS, logIndex=3412, commits[3cf1264f-5f6b-4138-aeee-2ff7d4522ead:c3413, 4f0d1a15-8f14-4d9a-ad4f-8211e1245b5d:c3411, 6999f20e-c3f7-4db4-87ca-141c476f2a88:c3411]
2019-08-22 07:03:37,083 [grpc-default-executor-1] INFO  client.GrpcClientProtocolClient (GrpcClientProtocolClient.java:onNext(255)) - client-CF63D631FA17->3cf1264f-5f6b-4138-aeee-2ff7d4522ead: receive RaftClientReply:client-CF63D631FA17->3cf1264f-5f6b-4138-aeee-2ff7d4522ead@group-561E16522154, cid=2302, SUCCESS, logIndex=3413, commits[3cf1264f-5f6b-4138-aeee-2ff7d4522ead:c3413, 4f0d1a15-8f14-4d9a-ad4f-8211e1245b5d:c3411, 6999f20e-c3f7-4db4-87ca-141c476f2a88:c3411]
2019-08-22 07:03:37,088 | INFO  | DNAudit | user=null | ip=null | op=WRITE_CHUNK {blockData=conID: 2 locID: 102659353283199550 bcsId: 3413} | ret=SUCCESS |  
2019-08-22 07:03:37,091 | INFO  | DNAudit | user=null | ip=null | op=WRITE_CHUNK {blockData=conID: 2 locID: 102659353283199550 bcsId: 3413} | ret=SUCCESS |  
2019-08-22 07:03:37,091 | INFO  | DNAudit | user=null | ip=null | op=WRITE_CHUNK {blockData=conID: 2 locID: 102659353283199550 bcsId: 3413} | ret=SUCCESS |  
2019-08-22 07:03:37,093 | INFO  | DNAudit | user=null | ip=null | op=WRITE_CHUNK {blockData=conID: 2 locID: 102659353283199550 bcsId: 3407} | ret=SUCCESS |  
2019-08-22 07:03:37,093 | INFO  | DNAudit | user=null | ip=null | op=WRITE_CHUNK {blockData=conID: 2 locID: 102659353283199550 bcsId: 3407} | ret=SUCCESS |  
2019-08-22 07:03:37,094 | INFO  | DNAudit | user=null | ip=null | op=PUT_BLOCK {blockData=[blockId=conID: 2 locID: 102659353283199550 bcsId: 0,size=3145728]} | ret=SUCCESS |  
2019-08-22 07:03:37,094 | INFO  | DNAudit | user=null | ip=null | op=PUT_BLOCK {blockData=[blockId=conID: 2 locID: 102659353283199550 bcsId: 0,size=3145728]} | ret=SUCCESS |  
2019-08-22 07:03:37,095 | INFO  | DNAudit | user=null | ip=null | op=WRITE_CHUNK {blockData=conID: 2 locID: 102659353283199550 bcsId: 3413} | ret=SUCCESS |  
2019-08-22 07:03:37,095 | INFO  | DNAudit | user=null | ip=null | op=PUT_BLOCK {blockData=[blockId=conID: 2 locID: 102659353283199550 bcsId: 0,size=4194304]} | ret=SUCCESS |  
2019-08-22 07:03:37,095 [grpc-default-executor-1] INFO  client.GrpcClientProtocolClient (GrpcClientProtocolClient.java:onNext(255)) - client-CF63D631FA17->3cf1264f-5f6b-4138-aeee-2ff7d4522ead: receive RaftClientReply:client-CF63D631FA17->3cf1264f-5f6b-4138-aeee-2ff7d4522ead@group-561E16522154, cid=2303, SUCCESS, logIndex=3416, commits[3cf1264f-5f6b-4138-aeee-2ff7d4522ead:c3417, 4f0d1a15-8f14-4d9a-ad4f-8211e1245b5d:c3413, 6999f20e-c3f7-4db4-87ca-141c476f2a88:c3413]
2019-08-22 07:03:37,096 [grpc-default-executor-1] INFO  client.GrpcClientProtocolClient (GrpcClientProtocolClient.java:onNext(255)) - client-CF63D631FA17->3cf1264f-5f6b-4138-aeee-2ff7d4522ead: receive RaftClientReply:client-CF63D631FA17->3cf1264f-5f6b-4138-aeee-2ff7d4522ead@group-561E16522154, cid=2304, SUCCESS, logIndex=3417, commits[3cf1264f-5f6b-4138-aeee-2ff7d4522ead:c3417, 4f0d1a15-8f14-4d9a-ad4f-8211e1245b5d:c3413, 6999f20e-c3f7-4db4-87ca-141c476f2a88:c3413]
2019-08-22 07:03:37,106 | INFO  | DNAudit | user=null | ip=null | op=WRITE_CHUNK {blockData=conID: 2 locID: 102659353283199550 bcsId: 3413} | ret=SUCCESS |  
2019-08-22 07:03:37,107 | INFO  | DNAudit | user=null | ip=null | op=WRITE_CHUNK {blockData=conID: 2 locID: 102659353283199550 bcsId: 3413} | ret=SUCCESS |  
2019-08-22 07:03:37,107 | INFO  | DNAudit | user=null | ip=null | op=PUT_BLOCK {blockData=[blockId=conID: 2 locID: 102659353283199550 bcsId: 0,size=4194304]} | ret=SUCCESS |  
2019-08-22 07:03:37,108 | INFO  | DNAudit | user=null | ip=null | op=PUT_BLOCK {blockData=[blockId=conID: 2 locID: 102659353283199550 bcsId: 0,size=4194304]} | ret=SUCCESS |  
2019-08-22 07:03:37,108 [grpc-default-executor-1] INFO  client.GrpcClientProtocolClient (GrpcClientProtocolClient.java:onNext(255)) - client-CF63D631FA17->3cf1264f-5f6b-4138-aeee-2ff7d4522ead: receive RaftClientReply:client-CF63D631FA17->3cf1264f-5f6b-4138-aeee-2ff7d4522ead@group-561E16522154, cid=2305, SUCCESS, logIndex=0, commits[3cf1264f-5f6b-4138-aeee-2ff7d4522ead:c3419, 4f0d1a15-8f14-4d9a-ad4f-8211e1245b5d:c3417, 6999f20e-c3f7-4db4-87ca-141c476f2a88:c3417]
2019-08-22 07:03:37,114 | INFO  | SCMAudit | user=jenkins1000 | ip=192.168.34.31 | op=ALLOCATE_BLOCK {owner=04b6d46a-98e2-41b1-9f38-1870289993ea, size=4194304, type=RATIS, factor=THREE} | ret=SUCCESS |  
2019-08-22 07:03:37,117 | INFO  | OMAudit | user=jenkins1000 | ip=127.0.0.1 | op=ALLOCATE_BLOCK {volume=vol-0-14906, bucket=bucket-0-53153, key=key-0-33222, dataSize=0, replicationType=null, replicationFactor=null, keyLocationInfo=null, clientID=102659352017764754} | ret=SUCCESS |  
2019-08-22 07:03:37,124 | INFO  | DNAudit | user=null | ip=null | op=WRITE_CHUNK {blockData=conID: 3 locID: 102659353287983679 bcsId: 0} | ret=SUCCESS |  
2019-08-22 07:03:37,127 | INFO  | DNAudit | user=null | ip=null | op=WRITE_CHUNK {blockData=conID: 3 locID: 102659353287983679 bcsId: 0} | ret=SUCCESS |  
2019-08-22 07:03:37,128 | INFO  | DNAudit | user=null | ip=null | op=WRITE_CHUNK {blockData=conID: 3 locID: 102659353287983679 bcsId: 0} | ret=SUCCESS |  
2019-08-22 07:03:37,128 | INFO  | DNAudit | user=null | ip=null | op=WRITE_CHUNK {blockData=conID: 3 locID: 102659353287983679 bcsId: 0} | ret=SUCCESS |  
2019-08-22 07:03:37,129 | INFO  | DNAudit | user=null | ip=null | op=WRITE_CHUNK {blockData=conID: 3 locID: 102659353287983679 bcsId: 0} | ret=SUCCESS |  
2019-08-22 07:03:37,130 | INFO  | DNAudit | user=null | ip=null | op=WRITE_CHUNK {blockData=conID: 3 locID: 102659353287983679 bcsId: 0} | ret=SUCCESS |  
2019-08-22 07:03:37,137 | INFO  | DNAudit | user=null | ip=null | op=WRITE_CHUNK {blockData=conID: 3 locID: 102659353287983679 bcsId: 0} | ret=SUCCESS |  
2019-08-22 07:03:37,137 | INFO  | DNAudit | user=null | ip=null | op=PUT_BLOCK {blockData=[blockId=conID: 3 locID: 102659353287983679 bcsId: 0,size=1048576]} | ret=SUCCESS |  
2019-08-22 07:03:37,137 [grpc-default-executor-1] INFO  client.GrpcClientProtocolClient (GrpcClientProtocolClient.java:onNext(255)) - client-CF63D631FA17->3cf1264f-5f6b-4138-aeee-2ff7d4522ead: receive RaftClientReply:client-CF63D631FA17->3cf1264f-5f6b-4138-aeee-2ff7d4522ead@group-561E16522154, cid=2306, SUCCESS, logIndex=3420, commits[3cf1264f-5f6b-4138-aeee-2ff7d4522ead:c3421, 4f0d1a15-8f14-4d9a-ad4f-8211e1245b5d:c3419, 6999f20e-c3f7-4db4-87ca-141c476f2a88:c3419]
2019-08-22 07:03:37,138 | INFO  | DNAudit | user=null | ip=null | op=WRITE_CHUNK {blockData=conID: 3 locID: 102659353287983679 bcsId: 0} | ret=SUCCESS |  
2019-08-22 07:03:37,138 | INFO  | DNAudit | user=null | ip=null | op=PUT_BLOCK {blockData=[blockId=conID: 3 locID: 102659353287983679 bcsId: 0,size=2097152]} | ret=SUCCESS |  
2019-08-22 07:03:37,138 | INFO  | DNAudit | user=null | ip=null | op=WRITE_CHUNK {blockData=conID: 3 locID: 102659353287983679 bcsId: 0} | ret=SUCCESS |  
2019-08-22 07:03:37,138 [grpc-default-executor-3] INFO  client.GrpcClientProtocolClient (GrpcClientProtocolClient.java:onNext(255)) - client-CF63D631FA17->3cf1264f-5f6b-4138-aeee-2ff7d4522ead: receive RaftClientReply:client-CF63D631FA17->3cf1264f-5f6b-4138-aeee-2ff7d4522ead@group-561E16522154, cid=2307, SUCCESS, logIndex=3421, commits[3cf1264f-5f6b-4138-aeee-2ff7d4522ead:c3423, 4f0d1a15-8f14-4d9a-ad4f-8211e1245b5d:c3419, 6999f20e-c3f7-4db4-87ca-141c476f2a88:c3419]
2019-08-22 07:03:37,139 [grpc-default-executor-3] INFO  client.GrpcClientProtocolClient (GrpcClientProtocolClient.java:onNext(255)) - client-CF63D631FA17->3cf1264f-5f6b-4138-aeee-2ff7d4522ead: receive RaftClientReply:client-CF63D631FA17->3cf1264f-5f6b-4138-aeee-2ff7d4522ead@group-561E16522154, cid=2308, SUCCESS, logIndex=3422, commits[3cf1264f-5f6b-4138-aeee-2ff7d4522ead:c3423, 4f0d1a15-8f14-4d9a-ad4f-8211e1245b5d:c3419, 6999f20e-c3f7-4db4-87ca-141c476f2a88:c3419]
2019-08-22 07:03:37,139 [grpc-default-executor-3] INFO  client.GrpcClientProtocolClient (GrpcClientProtocolClient.java:onNext(255)) - client-CF63D631FA17->3cf1264f-5f6b-4138-aeee-2ff7d4522ead: receive RaftClientReply:client-CF63D631FA17->3cf1264f-5f6b-4138-aeee-2ff7d4522ead@group-561E16522154, cid=2309, SUCCESS, logIndex=3423, commits[3cf1264f-5f6b-4138-aeee-2ff7d4522ead:c3423, 4f0d1a15-8f14-4d9a-ad4f-8211e1245b5d:c3420, 6999f20e-c3f7-4db4-87ca-141c476f2a88:c3419]
2019-08-22 07:03:37,140 | INFO  | DNAudit | user=null | ip=null | op=WRITE_CHUNK {blockData=conID: 3 locID: 102659353287983679 bcsId: 0} | ret=SUCCESS |  
2019-08-22 07:03:37,141 | INFO  | DNAudit | user=null | ip=null | op=PUT_BLOCK {blockData=[blockId=conID: 3 locID: 102659353287983679 bcsId: 0,size=1048576]} | ret=SUCCESS |  
2019-08-22 07:03:37,151 | INFO  | DNAudit | user=null | ip=null | op=PUT_BLOCK {blockData=[blockId=conID: 3 locID: 102659353287983679 bcsId: 0,size=1048576]} | ret=SUCCESS |  
2019-08-22 07:03:37,151 | INFO  | DNAudit | user=null | ip=null | op=WRITE_CHUNK {blockData=conID: 3 locID: 102659353287983679 bcsId: 0} | ret=SUCCESS |  
2019-08-22 07:03:37,151 | INFO  | DNAudit | user=null | ip=null | op=PUT_BLOCK {blockData=[blockId=conID: 3 locID: 102659353287983679 bcsId: 0,size=2097152]} | ret=SUCCESS |  
2019-08-22 07:03:37,152 | INFO  | DNAudit | user=null | ip=null | op=WRITE_CHUNK {blockData=conID: 3 locID: 102659353287983679 bcsId: 0} | ret=SUCCESS |  
2019-08-22 07:03:37,152 | INFO  | DNAudit | user=null | ip=null | op=PUT_BLOCK {blockData=[blockId=conID: 3 locID: 102659353287983679 bcsId: 0,size=2097152]} | ret=SUCCESS |  
2019-08-22 07:03:37,152 [grpc-default-executor-3] INFO  client.GrpcClientProtocolClient (GrpcClientProtocolClient.java:onNext(255)) - client-CF63D631FA17->3cf1264f-5f6b-4138-aeee-2ff7d4522ead: receive RaftClientReply:client-CF63D631FA17->3cf1264f-5f6b-4138-aeee-2ff7d4522ead@group-561E16522154, cid=2310, SUCCESS, logIndex=0, commits[3cf1264f-5f6b-4138-aeee-2ff7d4522ead:c3425, 4f0d1a15-8f14-4d9a-ad4f-8211e1245b5d:c3421, 6999f20e-c3f7-4db4-87ca-141c476f2a88:c3421]
2019-08-22 07:03:37,159 | INFO  | DNAudit | user=null | ip=null | op=WRITE_CHUNK {blockData=conID: 3 locID: 102659353287983679 bcsId: 3423} | ret=SUCCESS |  
2019-08-22 07:03:37,161 | INFO  | DNAudit | user=null | ip=null | op=WRITE_CHUNK {blockData=conID: 3 locID: 102659353287983679 bcsId: 3423} | ret=SUCCESS |  
2019-08-22 07:03:37,162 | INFO  | DNAudit | user=null | ip=null | op=WRITE_CHUNK {blockData=conID: 3 locID: 102659353287983679 bcsId: 3423} | ret=SUCCESS |  
2019-08-22 07:03:37,171 | INFO  | DNAudit | user=null | ip=null | op=WRITE_CHUNK {blockData=conID: 3 locID: 102659353287983679 bcsId: 3423} | ret=SUCCESS |  
2019-08-22 07:03:37,172 | INFO  | DNAudit | user=null | ip=null | op=PUT_BLOCK {blockData=[blockId=conID: 3 locID: 102659353287983679 bcsId: 0,size=3145728]} | ret=SUCCESS |  
2019-08-22 07:03:37,172 [grpc-default-executor-3] INFO  client.GrpcClientProtocolClient (GrpcClientProtocolClient.java:onNext(255)) - client-CF63D631FA17->3cf1264f-5f6b-4138-aeee-2ff7d4522ead: receive RaftClientReply:client-CF63D631FA17->3cf1264f-5f6b-4138-aeee-2ff7d4522ead@group-561E16522154, cid=2311, SUCCESS, logIndex=3427, commits[3cf1264f-5f6b-4138-aeee-2ff7d4522ead:c3428, 4f0d1a15-8f14-4d9a-ad4f-8211e1245b5d:c3426, 6999f20e-c3f7-4db4-87ca-141c476f2a88:c3426]
2019-08-22 07:03:37,172 [grpc-default-executor-3] INFO  client.GrpcClientProtocolClient (GrpcClientProtocolClient.java:onNext(255)) - client-CF63D631FA17->3cf1264f-5f6b-4138-aeee-2ff7d4522ead: receive RaftClientReply:client-CF63D631FA17->3cf1264f-5f6b-4138-aeee-2ff7d4522ead@group-561E16522154, cid=2312, SUCCESS, logIndex=3428, commits[3cf1264f-5f6b-4138-aeee-2ff7d4522ead:c3428, 4f0d1a15-8f14-4d9a-ad4f-8211e1245b5d:c3426, 6999f20e-c3f7-4db4-87ca-141c476f2a88:c3426]
2019-08-22 07:03:37,338 | INFO  | DNAudit | user=null | ip=null | op=WRITE_CHUNK {blockData=conID: 3 locID: 102659353287983679 bcsId: 3423} | ret=SUCCESS |  
2019-08-22 07:03:37,338 | INFO  | DNAudit | user=null | ip=null | op=WRITE_CHUNK {blockData=conID: 3 locID: 102659353287983679 bcsId: 3423} | ret=SUCCESS |  
2019-08-22 07:03:37,342 | INFO  | DNAudit | user=null | ip=null | op=WRITE_CHUNK {blockData=conID: 3 locID: 102659353287983679 bcsId: 3428} | ret=SUCCESS |  
2019-08-22 07:03:37,346 | INFO  | DNAudit | user=null | ip=null | op=WRITE_CHUNK {blockData=conID: 3 locID: 102659353287983679 bcsId: 3428} | ret=SUCCESS |  
2019-08-22 07:03:37,346 | INFO  | DNAudit | user=null | ip=null | op=WRITE_CHUNK {blockData=conID: 3 locID: 102659353287983679 bcsId: 3428} | ret=SUCCESS |  
2019-08-22 07:03:37,357 | INFO  | DNAudit | user=null | ip=null | op=PUT_BLOCK {blockData=[blockId=conID: 3 locID: 102659353287983679 bcsId: 0,size=3145728]} | ret=SUCCESS |  
2019-08-22 07:03:37,358 | INFO  | DNAudit | user=null | ip=null | op=PUT_BLOCK {blockData=[blockId=conID: 3 locID: 102659353287983679 bcsId: 0,size=3145728]} | ret=SUCCESS |  
2019-08-22 07:03:37,360 | INFO  | DNAudit | user=null | ip=null | op=WRITE_CHUNK {blockData=conID: 3 locID: 102659353287983679 bcsId: 3428} | ret=SUCCESS |  
2019-08-22 07:03:37,360 | INFO  | DNAudit | user=null | ip=null | op=PUT_BLOCK {blockData=[blockId=conID: 3 locID: 102659353287983679 bcsId: 0,size=4194304]} | ret=SUCCESS |  
2019-08-22 07:03:37,360 [grpc-default-executor-5] INFO  client.GrpcClientProtocolClient (GrpcClientProtocolClient.java:onNext(255)) - client-CF63D631FA17->3cf1264f-5f6b-4138-aeee-2ff7d4522ead: receive RaftClientReply:client-CF63D631FA17->3cf1264f-5f6b-4138-aeee-2ff7d4522ead@group-561E16522154, cid=2313, SUCCESS, logIndex=3431, commits[3cf1264f-5f6b-4138-aeee-2ff7d4522ead:c3432, 4f0d1a15-8f14-4d9a-ad4f-8211e1245b5d:c3429, 6999f20e-c3f7-4db4-87ca-141c476f2a88:c3429]
2019-08-22 07:03:37,361 [grpc-default-executor-5] INFO  client.GrpcClientProtocolClient (GrpcClientProtocolClient.java:onNext(255)) - client-CF63D631FA17->3cf1264f-5f6b-4138-aeee-2ff7d4522ead: receive RaftClientReply:client-CF63D631FA17->3cf1264f-5f6b-4138-aeee-2ff7d4522ead@group-561E16522154, cid=2314, SUCCESS, logIndex=3432, commits[3cf1264f-5f6b-4138-aeee-2ff7d4522ead:c3432, 4f0d1a15-8f14-4d9a-ad4f-8211e1245b5d:c3429, 6999f20e-c3f7-4db4-87ca-141c476f2a88:c3429]
2019-08-22 07:03:37,371 | INFO  | DNAudit | user=null | ip=null | op=WRITE_CHUNK {blockData=conID: 3 locID: 102659353287983679 bcsId: 3428} | ret=SUCCESS |  
2019-08-22 07:03:37,371 | INFO  | DNAudit | user=null | ip=null | op=WRITE_CHUNK {blockData=conID: 3 locID: 102659353287983679 bcsId: 3428} | ret=SUCCESS |  
2019-08-22 07:03:37,372 | INFO  | DNAudit | user=null | ip=null | op=PUT_BLOCK {blockData=[blockId=conID: 3 locID: 102659353287983679 bcsId: 0,size=4194304]} | ret=SUCCESS |  
2019-08-22 07:03:37,372 | INFO  | DNAudit | user=null | ip=null | op=PUT_BLOCK {blockData=[blockId=conID: 3 locID: 102659353287983679 bcsId: 0,size=4194304]} | ret=SUCCESS |  
2019-08-22 07:03:37,372 [grpc-default-executor-3] INFO  client.GrpcClientProtocolClient (GrpcClientProtocolClient.java:onNext(255)) - client-CF63D631FA17->3cf1264f-5f6b-4138-aeee-2ff7d4522ead: receive RaftClientReply:client-CF63D631FA17->3cf1264f-5f6b-4138-aeee-2ff7d4522ead@group-561E16522154, cid=2315, SUCCESS, logIndex=0, commits[3cf1264f-5f6b-4138-aeee-2ff7d4522ead:c3433, 4f0d1a15-8f14-4d9a-ad4f-8211e1245b5d:c3432, 6999f20e-c3f7-4db4-87ca-141c476f2a88:c3432]
2019-08-22 07:03:37,379 | INFO  | SCMAudit | user=jenkins1000 | ip=192.168.34.31 | op=ALLOCATE_BLOCK {owner=04b6d46a-98e2-41b1-9f38-1870289993ea, size=4194304, type=RATIS, factor=THREE} | ret=SUCCESS |  
2019-08-22 07:03:37,384 | INFO  | OMAudit | user=jenkins1000 | ip=127.0.0.1 | op=ALLOCATE_BLOCK {volume=vol-0-14906, bucket=bucket-0-53153, key=key-0-33222, dataSize=0, replicationType=null, replicationFactor=null, keyLocationInfo=null, clientID=102659352017764754} | ret=SUCCESS |  
2019-08-22 07:03:37,392 | INFO  | DNAudit | user=null | ip=null | op=WRITE_CHUNK {blockData=conID: 1 locID: 102659353305350720 bcsId: 0} | ret=SUCCESS |  
2019-08-22 07:03:37,397 | INFO  | DNAudit | user=null | ip=null | op=WRITE_CHUNK {blockData=conID: 1 locID: 102659353305350720 bcsId: 0} | ret=SUCCESS |  
2019-08-22 07:03:37,397 | INFO  | DNAudit | user=null | ip=null | op=WRITE_CHUNK {blockData=conID: 1 locID: 102659353305350720 bcsId: 0} | ret=SUCCESS |  
2019-08-22 07:03:37,397 | INFO  | DNAudit | user=null | ip=null | op=WRITE_CHUNK {blockData=conID: 1 locID: 102659353305350720 bcsId: 0} | ret=SUCCESS |  
2019-08-22 07:03:37,400 | INFO  | DNAudit | user=null | ip=null | op=WRITE_CHUNK {blockData=conID: 1 locID: 102659353305350720 bcsId: 0} | ret=SUCCESS |  
2019-08-22 07:03:37,401 | INFO  | DNAudit | user=null | ip=null | op=WRITE_CHUNK {blockData=conID: 1 locID: 102659353305350720 bcsId: 0} | ret=SUCCESS |  
2019-08-22 07:03:37,405 | INFO  | DNAudit | user=null | ip=null | op=WRITE_CHUNK {blockData=conID: 1 locID: 102659353305350720 bcsId: 0} | ret=SUCCESS |  
2019-08-22 07:03:37,406 | INFO  | DNAudit | user=null | ip=null | op=PUT_BLOCK {blockData=[blockId=conID: 1 locID: 102659353305350720 bcsId: 0,size=1048576]} | ret=SUCCESS |  
2019-08-22 07:03:37,406 [grpc-default-executor-3] INFO  client.GrpcClientProtocolClient (GrpcClientProtocolClient.java:onNext(255)) - client-CF63D631FA17->3cf1264f-5f6b-4138-aeee-2ff7d4522ead: receive RaftClientReply:client-CF63D631FA17->3cf1264f-5f6b-4138-aeee-2ff7d4522ead@group-561E16522154, cid=2316, SUCCESS, logIndex=3434, commits[3cf1264f-5f6b-4138-aeee-2ff7d4522ead:c3435, 4f0d1a15-8f14-4d9a-ad4f-8211e1245b5d:c3433, 6999f20e-c3f7-4db4-87ca-141c476f2a88:c3433]
2019-08-22 07:03:37,407 | INFO  | DNAudit | user=null | ip=null | op=WRITE_CHUNK {blockData=conID: 1 locID: 102659353305350720 bcsId: 0} | ret=SUCCESS |  
2019-08-22 07:03:37,407 [grpc-default-executor-3] INFO  client.GrpcClientProtocolClient (GrpcClientProtocolClient.java:onNext(255)) - client-CF63D631FA17->3cf1264f-5f6b-4138-aeee-2ff7d4522ead: receive RaftClientReply:client-CF63D631FA17->3cf1264f-5f6b-4138-aeee-2ff7d4522ead@group-561E16522154, cid=2317, SUCCESS, logIndex=3435, commits[3cf1264f-5f6b-4138-aeee-2ff7d4522ead:c3437, 4f0d1a15-8f14-4d9a-ad4f-8211e1245b5d:c3433, 6999f20e-c3f7-4db4-87ca-141c476f2a88:c3433]
2019-08-22 07:03:37,407 | INFO  | DNAudit | user=null | ip=null | op=PUT_BLOCK {blockData=[blockId=conID: 1 locID: 102659353305350720 bcsId: 0,size=2097152]} | ret=SUCCESS |  
2019-08-22 07:03:37,407 | INFO  | DNAudit | user=null | ip=null | op=WRITE_CHUNK {blockData=conID: 1 locID: 102659353305350720 bcsId: 0} | ret=SUCCESS |  
2019-08-22 07:03:37,407 [grpc-default-executor-3] INFO  client.GrpcClientProtocolClient (GrpcClientProtocolClient.java:onNext(255)) - client-CF63D631FA17->3cf1264f-5f6b-4138-aeee-2ff7d4522ead: receive RaftClientReply:client-CF63D631FA17->3cf1264f-5f6b-4138-aeee-2ff7d4522ead@group-561E16522154, cid=2318, SUCCESS, logIndex=3436, commits[3cf1264f-5f6b-4138-aeee-2ff7d4522ead:c3437, 4f0d1a15-8f14-4d9a-ad4f-8211e1245b5d:c3433, 6999f20e-c3f7-4db4-87ca-141c476f2a88:c3433]
2019-08-22 07:03:37,408 | INFO  | DNAudit | user=null | ip=null | op=PUT_BLOCK {blockData=[blockId=conID: 1 locID: 102659353305350720 bcsId: 0,size=1048576]} | ret=SUCCESS |  
2019-08-22 07:03:37,408 | INFO  | DNAudit | user=null | ip=null | op=WRITE_CHUNK {blockData=conID: 1 locID: 102659353305350720 bcsId: 0} | ret=SUCCESS |  
2019-08-22 07:03:37,408 | INFO  | DNAudit | user=null | ip=null | op=PUT_BLOCK {blockData=[blockId=conID: 1 locID: 102659353305350720 bcsId: 0,size=1048576]} | ret=SUCCESS |  
2019-08-22 07:03:37,408 [grpc-default-executor-3] INFO  client.GrpcClientProtocolClient (GrpcClientProtocolClient.java:onNext(255)) - client-CF63D631FA17->3cf1264f-5f6b-4138-aeee-2ff7d4522ead: receive RaftClientReply:client-CF63D631FA17->3cf1264f-5f6b-4138-aeee-2ff7d4522ead@group-561E16522154, cid=2319, SUCCESS, logIndex=3437, commits[3cf1264f-5f6b-4138-aeee-2ff7d4522ead:c3438, 4f0d1a15-8f14-4d9a-ad4f-8211e1245b5d:c3434, 6999f20e-c3f7-4db4-87ca-141c476f2a88:c3433]
2019-08-22 07:03:37,408 | INFO  | DNAudit | user=null | ip=null | op=WRITE_CHUNK {blockData=conID: 1 locID: 102659353305350720 bcsId: 0} | ret=SUCCESS |  
2019-08-22 07:03:37,409 | INFO  | DNAudit | user=null | ip=null | op=WRITE_CHUNK {blockData=conID: 1 locID: 102659353305350720 bcsId: 0} | ret=SUCCESS |  
2019-08-22 07:03:37,409 | INFO  | DNAudit | user=null | ip=null | op=PUT_BLOCK {blockData=[blockId=conID: 1 locID: 102659353305350720 bcsId: 0,size=2097152]} | ret=SUCCESS |  
2019-08-22 07:03:37,409 | INFO  | DNAudit | user=null | ip=null | op=PUT_BLOCK {blockData=[blockId=conID: 1 locID: 102659353305350720 bcsId: 0,size=2097152]} | ret=SUCCESS |  
2019-08-22 07:03:37,409 [grpc-default-executor-3] INFO  client.GrpcClientProtocolClient (GrpcClientProtocolClient.java:onNext(255)) - client-CF63D631FA17->3cf1264f-5f6b-4138-aeee-2ff7d4522ead: receive RaftClientReply:client-CF63D631FA17->3cf1264f-5f6b-4138-aeee-2ff7d4522ead@group-561E16522154, cid=2320, SUCCESS, logIndex=0, commits[3cf1264f-5f6b-4138-aeee-2ff7d4522ead:c3441, 4f0d1a15-8f14-4d9a-ad4f-8211e1245b5d:c3437, 6999f20e-c3f7-4db4-87ca-141c476f2a88:c3437]
2019-08-22 07:03:37,417 | INFO  | DNAudit | user=null | ip=null | op=WRITE_CHUNK {blockData=conID: 1 locID: 102659353305350720 bcsId: 3437} | ret=SUCCESS |  
2019-08-22 07:03:37,420 | INFO  | DNAudit | user=null | ip=null | op=WRITE_CHUNK {blockData=conID: 1 locID: 102659353305350720 bcsId: 3437} | ret=SUCCESS |  
2019-08-22 07:03:37,420 | INFO  | DNAudit | user=null | ip=null | op=WRITE_CHUNK {blockData=conID: 1 locID: 102659353305350720 bcsId: 3437} | ret=SUCCESS |  
2019-08-22 07:03:37,430 | INFO  | DNAudit | user=null | ip=null | op=WRITE_CHUNK {blockData=conID: 1 locID: 102659353305350720 bcsId: 3437} | ret=SUCCESS |  
2019-08-22 07:03:37,430 | INFO  | DNAudit | user=null | ip=null | op=PUT_BLOCK {blockData=[blockId=conID: 1 locID: 102659353305350720 bcsId: 0,size=3145728]} | ret=SUCCESS |  
2019-08-22 07:03:37,430 [grpc-default-executor-3] INFO  client.GrpcClientProtocolClient (GrpcClientProtocolClient.java:onNext(255)) - client-CF63D631FA17->3cf1264f-5f6b-4138-aeee-2ff7d4522ead: receive RaftClientReply:client-CF63D631FA17->3cf1264f-5f6b-4138-aeee-2ff7d4522ead@group-561E16522154, cid=2321, SUCCESS, logIndex=3442, commits[3cf1264f-5f6b-4138-aeee-2ff7d4522ead:c3443, 4f0d1a15-8f14-4d9a-ad4f-8211e1245b5d:c3441, 6999f20e-c3f7-4db4-87ca-141c476f2a88:c3441]
2019-08-22 07:03:37,431 [grpc-default-executor-3] INFO  client.GrpcClientProtocolClient (GrpcClientProtocolClient.java:onNext(255)) - client-CF63D631FA17->3cf1264f-5f6b-4138-aeee-2ff7d4522ead: receive RaftClientReply:client-CF63D631FA17->3cf1264f-5f6b-4138-aeee-2ff7d4522ead@group-561E16522154, cid=2322, SUCCESS, logIndex=3443, commits[3cf1264f-5f6b-4138-aeee-2ff7d4522ead:c3443, 4f0d1a15-8f14-4d9a-ad4f-8211e1245b5d:c3441, 6999f20e-c3f7-4db4-87ca-141c476f2a88:c3441]
2019-08-22 07:03:37,438 | INFO  | DNAudit | user=null | ip=null | op=WRITE_CHUNK {blockData=conID: 1 locID: 102659353305350720 bcsId: 3443} | ret=SUCCESS |  
2019-08-22 07:03:37,441 | INFO  | DNAudit | user=null | ip=null | op=WRITE_CHUNK {blockData=conID: 1 locID: 102659353305350720 bcsId: 3443} | ret=SUCCESS |  
2019-08-22 07:03:37,441 | INFO  | DNAudit | user=null | ip=null | op=WRITE_CHUNK {blockData=conID: 1 locID: 102659353305350720 bcsId: 3443} | ret=SUCCESS |  
2019-08-22 07:03:37,442 | INFO  | DNAudit | user=null | ip=null | op=WRITE_CHUNK {blockData=conID: 1 locID: 102659353305350720 bcsId: 3437} | ret=SUCCESS |  
2019-08-22 07:03:37,442 | INFO  | DNAudit | user=null | ip=null | op=WRITE_CHUNK {blockData=conID: 1 locID: 102659353305350720 bcsId: 3437} | ret=SUCCESS |  
2019-08-22 07:03:37,445 | INFO  | DNAudit | user=null | ip=null | op=PUT_BLOCK {blockData=[blockId=conID: 1 locID: 102659353305350720 bcsId: 0,size=3145728]} | ret=SUCCESS |  
2019-08-22 07:03:37,445 | INFO  | DNAudit | user=null | ip=null | op=PUT_BLOCK {blockData=[blockId=conID: 1 locID: 102659353305350720 bcsId: 0,size=3145728]} | ret=SUCCESS |  
2019-08-22 07:03:37,445 | INFO  | DNAudit | user=null | ip=null | op=WRITE_CHUNK {blockData=conID: 1 locID: 102659353305350720 bcsId: 3443} | ret=SUCCESS |  
2019-08-22 07:03:37,446 | INFO  | DNAudit | user=null | ip=null | op=PUT_BLOCK {blockData=[blockId=conID: 1 locID: 102659353305350720 bcsId: 0,size=4194304]} | ret=SUCCESS |  
2019-08-22 07:03:37,446 [grpc-default-executor-3] INFO  client.GrpcClientProtocolClient (GrpcClientProtocolClient.java:onNext(255)) - client-CF63D631FA17->3cf1264f-5f6b-4138-aeee-2ff7d4522ead: receive RaftClientReply:client-CF63D631FA17->3cf1264f-5f6b-4138-aeee-2ff7d4522ead@group-561E16522154, cid=2323, SUCCESS, logIndex=3446, commits[3cf1264f-5f6b-4138-aeee-2ff7d4522ead:c3447, 4f0d1a15-8f14-4d9a-ad4f-8211e1245b5d:c3443, 6999f20e-c3f7-4db4-87ca-141c476f2a88:c3443]
2019-08-22 07:03:37,446 [grpc-default-executor-3] INFO  client.GrpcClientProtocolClient (GrpcClientProtocolClient.java:onNext(255)) - client-CF63D631FA17->3cf1264f-5f6b-4138-aeee-2ff7d4522ead: receive RaftClientReply:client-CF63D631FA17->3cf1264f-5f6b-4138-aeee-2ff7d4522ead@group-561E16522154, cid=2324, SUCCESS, logIndex=3447, commits[3cf1264f-5f6b-4138-aeee-2ff7d4522ead:c3447, 4f0d1a15-8f14-4d9a-ad4f-8211e1245b5d:c3443, 6999f20e-c3f7-4db4-87ca-141c476f2a88:c3443]
2019-08-22 07:03:37,457 | INFO  | DNAudit | user=null | ip=null | op=WRITE_CHUNK {blockData=conID: 1 locID: 102659353305350720 bcsId: 3443} | ret=SUCCESS |  
2019-08-22 07:03:37,457 | INFO  | DNAudit | user=null | ip=null | op=WRITE_CHUNK {blockData=conID: 1 locID: 102659353305350720 bcsId: 3443} | ret=SUCCESS |  
2019-08-22 07:03:37,458 | INFO  | DNAudit | user=null | ip=null | op=PUT_BLOCK {blockData=[blockId=conID: 1 locID: 102659353305350720 bcsId: 0,size=4194304]} | ret=SUCCESS |  
2019-08-22 07:03:37,458 | INFO  | DNAudit | user=null | ip=null | op=PUT_BLOCK {blockData=[blockId=conID: 1 locID: 102659353305350720 bcsId: 0,size=4194304]} | ret=SUCCESS |  
2019-08-22 07:03:37,459 [grpc-default-executor-3] INFO  client.GrpcClientProtocolClient (GrpcClientProtocolClient.java:onNext(255)) - client-CF63D631FA17->3cf1264f-5f6b-4138-aeee-2ff7d4522ead: receive RaftClientReply:client-CF63D631FA17->3cf1264f-5f6b-4138-aeee-2ff7d4522ead@group-561E16522154, cid=2325, SUCCESS, logIndex=0, commits[3cf1264f-5f6b-4138-aeee-2ff7d4522ead:c3449, 4f0d1a15-8f14-4d9a-ad4f-8211e1245b5d:c3447, 6999f20e-c3f7-4db4-87ca-141c476f2a88:c3447]
2019-08-22 07:03:37,465 | INFO  | SCMAudit | user=jenkins1000 | ip=192.168.34.31 | op=ALLOCATE_BLOCK {owner=04b6d46a-98e2-41b1-9f38-1870289993ea, size=4194304, type=RATIS, factor=THREE} | ret=SUCCESS |  
2019-08-22 07:03:37,468 | INFO  | OMAudit | user=jenkins1000 | ip=127.0.0.1 | op=ALLOCATE_BLOCK {volume=vol-0-14906, bucket=bucket-0-53153, key=key-0-33222, dataSize=0, replicationType=null, replicationFactor=null, keyLocationInfo=null, clientID=102659352017764754} | ret=SUCCESS |  
2019-08-22 07:03:37,476 | INFO  | DNAudit | user=null | ip=null | op=WRITE_CHUNK {blockData=conID: 2 locID: 102659353310986817 bcsId: 0} | ret=SUCCESS |  
2019-08-22 07:03:37,479 | INFO  | DNAudit | user=null | ip=null | op=WRITE_CHUNK {blockData=conID: 2 locID: 102659353310986817 bcsId: 0} | ret=SUCCESS |  
2019-08-22 07:03:37,480 | INFO  | DNAudit | user=null | ip=null | op=WRITE_CHUNK {blockData=conID: 2 locID: 102659353310986817 bcsId: 0} | ret=SUCCESS |  
2019-08-22 07:03:37,480 | INFO  | DNAudit | user=null | ip=null | op=WRITE_CHUNK {blockData=conID: 2 locID: 102659353310986817 bcsId: 0} | ret=SUCCESS |  
2019-08-22 07:03:37,481 | INFO  | DNAudit | user=null | ip=null | op=WRITE_CHUNK {blockData=conID: 2 locID: 102659353310986817 bcsId: 0} | ret=SUCCESS |  
2019-08-22 07:03:37,481 | INFO  | DNAudit | user=null | ip=null | op=WRITE_CHUNK {blockData=conID: 2 locID: 102659353310986817 bcsId: 0} | ret=SUCCESS |  
2019-08-22 07:03:37,489 | INFO  | DNAudit | user=null | ip=null | op=WRITE_CHUNK {blockData=conID: 2 locID: 102659353310986817 bcsId: 0} | ret=SUCCESS |  
2019-08-22 07:03:37,489 | INFO  | DNAudit | user=null | ip=null | op=PUT_BLOCK {blockData=[blockId=conID: 2 locID: 102659353310986817 bcsId: 0,size=1048576]} | ret=SUCCESS |  
2019-08-22 07:03:37,490 [grpc-default-executor-3] INFO  client.GrpcClientProtocolClient (GrpcClientProtocolClient.java:onNext(255)) - client-CF63D631FA17->3cf1264f-5f6b-4138-aeee-2ff7d4522ead: receive RaftClientReply:client-CF63D631FA17->3cf1264f-5f6b-4138-aeee-2ff7d4522ead@group-561E16522154, cid=2326, SUCCESS, logIndex=3450, commits[3cf1264f-5f6b-4138-aeee-2ff7d4522ead:c3452, 4f0d1a15-8f14-4d9a-ad4f-8211e1245b5d:c3449, 6999f20e-c3f7-4db4-87ca-141c476f2a88:c3449]
2019-08-22 07:03:37,490 | INFO  | DNAudit | user=null | ip=null | op=WRITE_CHUNK {blockData=conID: 2 locID: 102659353310986817 bcsId: 0} | ret=SUCCESS |  
2019-08-22 07:03:37,490 | INFO  | DNAudit | user=null | ip=null | op=WRITE_CHUNK {blockData=conID: 2 locID: 102659353310986817 bcsId: 0} | ret=SUCCESS |  
2019-08-22 07:03:37,490 [grpc-default-executor-3] INFO  client.GrpcClientProtocolClient (GrpcClientProtocolClient.java:onNext(255)) - client-CF63D631FA17->3cf1264f-5f6b-4138-aeee-2ff7d4522ead: receive RaftClientReply:client-CF63D631FA17->3cf1264f-5f6b-4138-aeee-2ff7d4522ead@group-561E16522154, cid=2327, SUCCESS, logIndex=3451, commits[3cf1264f-5f6b-4138-aeee-2ff7d4522ead:c3453, 4f0d1a15-8f14-4d9a-ad4f-8211e1245b5d:c3449, 6999f20e-c3f7-4db4-87ca-141c476f2a88:c3449]
2019-08-22 07:03:37,490 | INFO  | DNAudit | user=null | ip=null | op=WRITE_CHUNK {blockData=conID: 2 locID: 102659353310986817 bcsId: 0} | ret=SUCCESS |  
2019-08-22 07:03:37,490 | INFO  | DNAudit | user=null | ip=null | op=PUT_BLOCK {blockData=[blockId=conID: 2 locID: 102659353310986817 bcsId: 0,size=1048576]} | ret=SUCCESS |  
2019-08-22 07:03:37,490 | INFO  | DNAudit | user=null | ip=null | op=PUT_BLOCK {blockData=[blockId=conID: 2 locID: 102659353310986817 bcsId: 0,size=2097152]} | ret=SUCCESS |  
2019-08-22 07:03:37,491 | INFO  | DNAudit | user=null | ip=null | op=PUT_BLOCK {blockData=[blockId=conID: 2 locID: 102659353310986817 bcsId: 0,size=1048576]} | ret=SUCCESS |  
2019-08-22 07:03:37,491 [grpc-default-executor-3] INFO  client.GrpcClientProtocolClient (GrpcClientProtocolClient.java:onNext(255)) - client-CF63D631FA17->3cf1264f-5f6b-4138-aeee-2ff7d4522ead: receive RaftClientReply:client-CF63D631FA17->3cf1264f-5f6b-4138-aeee-2ff7d4522ead@group-561E16522154, cid=2328, SUCCESS, logIndex=3452, commits[3cf1264f-5f6b-4138-aeee-2ff7d4522ead:c3454, 4f0d1a15-8f14-4d9a-ad4f-8211e1245b5d:c3449, 6999f20e-c3f7-4db4-87ca-141c476f2a88:c3451]
2019-08-22 07:03:37,491 | INFO  | DNAudit | user=null | ip=null | op=WRITE_CHUNK {blockData=conID: 2 locID: 102659353310986817 bcsId: 0} | ret=SUCCESS |  
2019-08-22 07:03:37,491 | INFO  | DNAudit | user=null | ip=null | op=PUT_BLOCK {blockData=[blockId=conID: 2 locID: 102659353310986817 bcsId: 0,size=2097152]} | ret=SUCCESS |  
2019-08-22 07:03:37,491 [grpc-default-executor-1] INFO  client.GrpcClientProtocolClient (GrpcClientProtocolClient.java:onNext(255)) - client-CF63D631FA17->3cf1264f-5f6b-4138-aeee-2ff7d4522ead: receive RaftClientReply:client-CF63D631FA17->3cf1264f-5f6b-4138-aeee-2ff7d4522ead@group-561E16522154, cid=2329, SUCCESS, logIndex=3453, commits[3cf1264f-5f6b-4138-aeee-2ff7d4522ead:c3454, 4f0d1a15-8f14-4d9a-ad4f-8211e1245b5d:c3451, 6999f20e-c3f7-4db4-87ca-141c476f2a88:c3451]
2019-08-22 07:03:37,491 | INFO  | DNAudit | user=null | ip=null | op=WRITE_CHUNK {blockData=conID: 2 locID: 102659353310986817 bcsId: 0} | ret=SUCCESS |  
2019-08-22 07:03:37,492 | INFO  | DNAudit | user=null | ip=null | op=PUT_BLOCK {blockData=[blockId=conID: 2 locID: 102659353310986817 bcsId: 0,size=2097152]} | ret=SUCCESS |  
2019-08-22 07:03:37,497 | INFO  | DNAudit | user=null | ip=null | op=WRITE_CHUNK {blockData=conID: 2 locID: 102659353310986817 bcsId: 3453} | ret=SUCCESS |  
2019-08-22 07:03:37,500 | INFO  | DNAudit | user=null | ip=null | op=WRITE_CHUNK {blockData=conID: 2 locID: 102659353310986817 bcsId: 3453} | ret=SUCCESS |  
2019-08-22 07:03:37,500 | INFO  | DNAudit | user=null | ip=null | op=WRITE_CHUNK {blockData=conID: 2 locID: 102659353310986817 bcsId: 3453} | ret=SUCCESS |  
2019-08-22 07:03:37,510 | INFO  | DNAudit | user=null | ip=null | op=WRITE_CHUNK {blockData=conID: 2 locID: 102659353310986817 bcsId: 3453} | ret=SUCCESS |  
2019-08-22 07:03:37,510 | INFO  | DNAudit | user=null | ip=null | op=PUT_BLOCK {blockData=[blockId=conID: 2 locID: 102659353310986817 bcsId: 0,size=3145728]} | ret=SUCCESS |  
2019-08-22 07:03:37,510 [grpc-default-executor-3] INFO  client.GrpcClientProtocolClient (GrpcClientProtocolClient.java:onNext(255)) - client-CF63D631FA17->3cf1264f-5f6b-4138-aeee-2ff7d4522ead: receive RaftClientReply:client-CF63D631FA17->3cf1264f-5f6b-4138-aeee-2ff7d4522ead@group-561E16522154, cid=2330, SUCCESS, logIndex=3458, commits[3cf1264f-5f6b-4138-aeee-2ff7d4522ead:c3459, 4f0d1a15-8f14-4d9a-ad4f-8211e1245b5d:c3457, 6999f20e-c3f7-4db4-87ca-141c476f2a88:c3457]
2019-08-22 07:03:37,511 [grpc-default-executor-3] INFO  client.GrpcClientProtocolClient (GrpcClientProtocolClient.java:onNext(255)) - client-CF63D631FA17->3cf1264f-5f6b-4138-aeee-2ff7d4522ead: receive RaftClientReply:client-CF63D631FA17->3cf1264f-5f6b-4138-aeee-2ff7d4522ead@group-561E16522154, cid=2331, SUCCESS, logIndex=3459, commits[3cf1264f-5f6b-4138-aeee-2ff7d4522ead:c3459, 4f0d1a15-8f14-4d9a-ad4f-8211e1245b5d:c3457, 6999f20e-c3f7-4db4-87ca-141c476f2a88:c3457]
2019-08-22 07:03:37,518 | INFO  | DNAudit | user=null | ip=null | op=WRITE_CHUNK {blockData=conID: 2 locID: 102659353310986817 bcsId: 3459} | ret=SUCCESS |  
2019-08-22 07:03:37,520 | INFO  | DNAudit | user=null | ip=null | op=WRITE_CHUNK {blockData=conID: 2 locID: 102659353310986817 bcsId: 3459} | ret=SUCCESS |  
2019-08-22 07:03:37,521 | INFO  | DNAudit | user=null | ip=null | op=WRITE_CHUNK {blockData=conID: 2 locID: 102659353310986817 bcsId: 3459} | ret=SUCCESS |  
2019-08-22 07:03:37,521 | INFO  | DNAudit | user=null | ip=null | op=WRITE_CHUNK {blockData=conID: 2 locID: 102659353310986817 bcsId: 3453} | ret=SUCCESS |  
2019-08-22 07:03:37,521 | INFO  | DNAudit | user=null | ip=null | op=WRITE_CHUNK {blockData=conID: 2 locID: 102659353310986817 bcsId: 3453} | ret=SUCCESS |  
2019-08-22 07:03:37,522 | INFO  | DNAudit | user=null | ip=null | op=PUT_BLOCK {blockData=[blockId=conID: 2 locID: 102659353310986817 bcsId: 0,size=3145728]} | ret=SUCCESS |  
2019-08-22 07:03:37,522 | INFO  | DNAudit | user=null | ip=null | op=PUT_BLOCK {blockData=[blockId=conID: 2 locID: 102659353310986817 bcsId: 0,size=3145728]} | ret=SUCCESS |  
2019-08-22 07:03:37,524 | INFO  | DNAudit | user=null | ip=null | op=WRITE_CHUNK {blockData=conID: 2 locID: 102659353310986817 bcsId: 3459} | ret=SUCCESS |  
2019-08-22 07:03:37,525 | INFO  | DNAudit | user=null | ip=null | op=PUT_BLOCK {blockData=[blockId=conID: 2 locID: 102659353310986817 bcsId: 0,size=4194304]} | ret=SUCCESS |  
2019-08-22 07:03:37,525 [grpc-default-executor-1] INFO  client.GrpcClientProtocolClient (GrpcClientProtocolClient.java:onNext(255)) - client-CF63D631FA17->3cf1264f-5f6b-4138-aeee-2ff7d4522ead: receive RaftClientReply:client-CF63D631FA17->3cf1264f-5f6b-4138-aeee-2ff7d4522ead@group-561E16522154, cid=2332, SUCCESS, logIndex=3462, commits[3cf1264f-5f6b-4138-aeee-2ff7d4522ead:c3463, 4f0d1a15-8f14-4d9a-ad4f-8211e1245b5d:c3459, 6999f20e-c3f7-4db4-87ca-141c476f2a88:c3459]
2019-08-22 07:03:37,525 [grpc-default-executor-1] INFO  client.GrpcClientProtocolClient (GrpcClientProtocolClient.java:onNext(255)) - client-CF63D631FA17->3cf1264f-5f6b-4138-aeee-2ff7d4522ead: receive RaftClientReply:client-CF63D631FA17->3cf1264f-5f6b-4138-aeee-2ff7d4522ead@group-561E16522154, cid=2333, SUCCESS, logIndex=3463, commits[3cf1264f-5f6b-4138-aeee-2ff7d4522ead:c3463, 4f0d1a15-8f14-4d9a-ad4f-8211e1245b5d:c3459, 6999f20e-c3f7-4db4-87ca-141c476f2a88:c3459]
2019-08-22 07:03:37,536 | INFO  | DNAudit | user=null | ip=null | op=WRITE_CHUNK {blockData=conID: 2 locID: 102659353310986817 bcsId: 3459} | ret=SUCCESS |  
2019-08-22 07:03:37,536 | INFO  | DNAudit | user=null | ip=null | op=WRITE_CHUNK {blockData=conID: 2 locID: 102659353310986817 bcsId: 3459} | ret=SUCCESS |  
2019-08-22 07:03:37,537 | INFO  | DNAudit | user=null | ip=null | op=PUT_BLOCK {blockData=[blockId=conID: 2 locID: 102659353310986817 bcsId: 0,size=4194304]} | ret=SUCCESS |  
2019-08-22 07:03:37,537 | INFO  | DNAudit | user=null | ip=null | op=PUT_BLOCK {blockData=[blockId=conID: 2 locID: 102659353310986817 bcsId: 0,size=4194304]} | ret=SUCCESS |  
2019-08-22 07:03:37,537 [grpc-default-executor-1] INFO  client.GrpcClientProtocolClient (GrpcClientProtocolClient.java:onNext(255)) - client-CF63D631FA17->3cf1264f-5f6b-4138-aeee-2ff7d4522ead: receive RaftClientReply:client-CF63D631FA17->3cf1264f-5f6b-4138-aeee-2ff7d4522ead@group-561E16522154, cid=2334, SUCCESS, logIndex=0, commits[3cf1264f-5f6b-4138-aeee-2ff7d4522ead:c3465, 4f0d1a15-8f14-4d9a-ad4f-8211e1245b5d:c3463, 6999f20e-c3f7-4db4-87ca-141c476f2a88:c3463]
2019-08-22 07:03:37,543 | INFO  | SCMAudit | user=jenkins1000 | ip=192.168.34.31 | op=ALLOCATE_BLOCK {owner=04b6d46a-98e2-41b1-9f38-1870289993ea, size=4194304, type=RATIS, factor=THREE} | ret=SUCCESS |  
2019-08-22 07:03:37,547 | INFO  | OMAudit | user=jenkins1000 | ip=127.0.0.1 | op=ALLOCATE_BLOCK {volume=vol-0-14906, bucket=bucket-0-53153, key=key-0-33222, dataSize=0, replicationType=null, replicationFactor=null, keyLocationInfo=null, clientID=102659352017764754} | ret=SUCCESS |  
2019-08-22 07:03:37,553 | INFO  | DNAudit | user=null | ip=null | op=WRITE_CHUNK {blockData=conID: 3 locID: 102659353316098626 bcsId: 0} | ret=SUCCESS |  
2019-08-22 07:03:37,557 | INFO  | DNAudit | user=null | ip=null | op=WRITE_CHUNK {blockData=conID: 3 locID: 102659353316098626 bcsId: 0} | ret=SUCCESS |  
2019-08-22 07:03:37,557 | INFO  | DNAudit | user=null | ip=null | op=WRITE_CHUNK {blockData=conID: 3 locID: 102659353316098626 bcsId: 0} | ret=SUCCESS |  
2019-08-22 07:03:37,557 | INFO  | DNAudit | user=null | ip=null | op=WRITE_CHUNK {blockData=conID: 3 locID: 102659353316098626 bcsId: 0} | ret=SUCCESS |  
2019-08-22 07:03:37,559 | INFO  | DNAudit | user=null | ip=null | op=WRITE_CHUNK {blockData=conID: 3 locID: 102659353316098626 bcsId: 0} | ret=SUCCESS |  
2019-08-22 07:03:37,559 | INFO  | DNAudit | user=null | ip=null | op=WRITE_CHUNK {blockData=conID: 3 locID: 102659353316098626 bcsId: 0} | ret=SUCCESS |  
2019-08-22 07:03:37,568 | INFO  | DNAudit | user=null | ip=null | op=WRITE_CHUNK {blockData=conID: 3 locID: 102659353316098626 bcsId: 0} | ret=SUCCESS |  
2019-08-22 07:03:37,569 | INFO  | DNAudit | user=null | ip=null | op=PUT_BLOCK {blockData=[blockId=conID: 3 locID: 102659353316098626 bcsId: 0,size=1048576]} | ret=SUCCESS |  
2019-08-22 07:03:37,569 [grpc-default-executor-3] INFO  client.GrpcClientProtocolClient (GrpcClientProtocolClient.java:onNext(255)) - client-CF63D631FA17->3cf1264f-5f6b-4138-aeee-2ff7d4522ead: receive RaftClientReply:client-CF63D631FA17->3cf1264f-5f6b-4138-aeee-2ff7d4522ead@group-561E16522154, cid=2335, SUCCESS, logIndex=3466, commits[3cf1264f-5f6b-4138-aeee-2ff7d4522ead:c3467, 4f0d1a15-8f14-4d9a-ad4f-8211e1245b5d:c3465, 6999f20e-c3f7-4db4-87ca-141c476f2a88:c3465]
2019-08-22 07:03:37,570 | INFO  | DNAudit | user=null | ip=null | op=WRITE_CHUNK {blockData=conID: 3 locID: 102659353316098626 bcsId: 0} | ret=SUCCESS |  
2019-08-22 07:03:37,570 [grpc-default-executor-3] INFO  client.GrpcClientProtocolClient (GrpcClientProtocolClient.java:onNext(255)) - client-CF63D631FA17->3cf1264f-5f6b-4138-aeee-2ff7d4522ead: receive RaftClientReply:client-CF63D631FA17->3cf1264f-5f6b-4138-aeee-2ff7d4522ead@group-561E16522154, cid=2336, SUCCESS, logIndex=3467, commits[3cf1264f-5f6b-4138-aeee-2ff7d4522ead:c3467, 4f0d1a15-8f14-4d9a-ad4f-8211e1245b5d:c3465, 6999f20e-c3f7-4db4-87ca-141c476f2a88:c3465]
2019-08-22 07:03:37,570 | INFO  | DNAudit | user=null | ip=null | op=PUT_BLOCK {blockData=[blockId=conID: 3 locID: 102659353316098626 bcsId: 0,size=2097152]} | ret=SUCCESS |  
2019-08-22 07:03:37,570 [grpc-default-executor-3] INFO  client.GrpcClientProtocolClient (GrpcClientProtocolClient.java:onNext(255)) - client-CF63D631FA17->3cf1264f-5f6b-4138-aeee-2ff7d4522ead: receive RaftClientReply:client-CF63D631FA17->3cf1264f-5f6b-4138-aeee-2ff7d4522ead@group-561E16522154, cid=2337, SUCCESS, logIndex=3468, commits[3cf1264f-5f6b-4138-aeee-2ff7d4522ead:c3469, 4f0d1a15-8f14-4d9a-ad4f-8211e1245b5d:c3465, 6999f20e-c3f7-4db4-87ca-141c476f2a88:c3465]
2019-08-22 07:03:37,571 | INFO  | DNAudit | user=null | ip=null | op=WRITE_CHUNK {blockData=conID: 3 locID: 102659353316098626 bcsId: 0} | ret=SUCCESS |  
2019-08-22 07:03:37,571 [grpc-default-executor-3] INFO  client.GrpcClientProtocolClient (GrpcClientProtocolClient.java:onNext(255)) - client-CF63D631FA17->3cf1264f-5f6b-4138-aeee-2ff7d4522ead: receive RaftClientReply:client-CF63D631FA17->3cf1264f-5f6b-4138-aeee-2ff7d4522ead@group-561E16522154, cid=2338, SUCCESS, logIndex=3469, commits[3cf1264f-5f6b-4138-aeee-2ff7d4522ead:c3469, 4f0d1a15-8f14-4d9a-ad4f-8211e1245b5d:c3465, 6999f20e-c3f7-4db4-87ca-141c476f2a88:c3465]
2019-08-22 07:03:37,571 | INFO  | DNAudit | user=null | ip=null | op=PUT_BLOCK {blockData=[blockId=conID: 3 locID: 102659353316098626 bcsId: 0,size=1048576]} | ret=SUCCESS |  
2019-08-22 07:03:37,573 | INFO  | DNAudit | user=null | ip=null | op=WRITE_CHUNK {blockData=conID: 3 locID: 102659353316098626 bcsId: 0} | ret=SUCCESS |  
2019-08-22 07:03:37,573 | INFO  | DNAudit | user=null | ip=null | op=PUT_BLOCK {blockData=[blockId=conID: 3 locID: 102659353316098626 bcsId: 0,size=1048576]} | ret=SUCCESS |  
2019-08-22 07:03:37,574 | INFO  | DNAudit | user=null | ip=null | op=WRITE_CHUNK {blockData=conID: 3 locID: 102659353316098626 bcsId: 0} | ret=SUCCESS |  
2019-08-22 07:03:37,574 [grpc-default-executor-3] INFO  client.GrpcClientProtocolClient (GrpcClientProtocolClient.java:onNext(255)) - client-CF63D631FA17->3cf1264f-5f6b-4138-aeee-2ff7d4522ead: receive RaftClientReply:client-CF63D631FA17->3cf1264f-5f6b-4138-aeee-2ff7d4522ead@group-561E16522154, cid=2339, SUCCESS, logIndex=0, commits[3cf1264f-5f6b-4138-aeee-2ff7d4522ead:c3471, 4f0d1a15-8f14-4d9a-ad4f-8211e1245b5d:c3467, 6999f20e-c3f7-4db4-87ca-141c476f2a88:c3467]
2019-08-22 07:03:37,574 | INFO  | DNAudit | user=null | ip=null | op=PUT_BLOCK {blockData=[blockId=conID: 3 locID: 102659353316098626 bcsId: 0,size=2097152]} | ret=SUCCESS |  
2019-08-22 07:03:37,574 | INFO  | DNAudit | user=null | ip=null | op=WRITE_CHUNK {blockData=conID: 3 locID: 102659353316098626 bcsId: 0} | ret=SUCCESS |  
2019-08-22 07:03:37,575 | INFO  | DNAudit | user=null | ip=null | op=PUT_BLOCK {blockData=[blockId=conID: 3 locID: 102659353316098626 bcsId: 0,size=2097152]} | ret=SUCCESS |  
2019-08-22 07:03:37,581 | INFO  | DNAudit | user=null | ip=null | op=WRITE_CHUNK {blockData=conID: 3 locID: 102659353316098626 bcsId: 3469} | ret=SUCCESS |  
2019-08-22 07:03:37,583 | INFO  | DNAudit | user=null | ip=null | op=WRITE_CHUNK {blockData=conID: 3 locID: 102659353316098626 bcsId: 3469} | ret=SUCCESS |  
2019-08-22 07:03:37,584 | INFO  | DNAudit | user=null | ip=null | op=WRITE_CHUNK {blockData=conID: 3 locID: 102659353316098626 bcsId: 3469} | ret=SUCCESS |  
2019-08-22 07:03:37,594 | INFO  | DNAudit | user=null | ip=null | op=WRITE_CHUNK {blockData=conID: 3 locID: 102659353316098626 bcsId: 3469} | ret=SUCCESS |  
2019-08-22 07:03:37,594 | INFO  | DNAudit | user=null | ip=null | op=PUT_BLOCK {blockData=[blockId=conID: 3 locID: 102659353316098626 bcsId: 0,size=3145728]} | ret=SUCCESS |  
2019-08-22 07:03:37,595 [grpc-default-executor-5] INFO  client.GrpcClientProtocolClient (GrpcClientProtocolClient.java:onNext(255)) - client-CF63D631FA17->3cf1264f-5f6b-4138-aeee-2ff7d4522ead: receive RaftClientReply:client-CF63D631FA17->3cf1264f-5f6b-4138-aeee-2ff7d4522ead@group-561E16522154, cid=2340, SUCCESS, logIndex=3474, commits[3cf1264f-5f6b-4138-aeee-2ff7d4522ead:c3475, 4f0d1a15-8f14-4d9a-ad4f-8211e1245b5d:c3473, 6999f20e-c3f7-4db4-87ca-141c476f2a88:c3473]
2019-08-22 07:03:37,595 [grpc-default-executor-5] INFO  client.GrpcClientProtocolClient (GrpcClientProtocolClient.java:onNext(255)) - client-CF63D631FA17->3cf1264f-5f6b-4138-aeee-2ff7d4522ead: receive RaftClientReply:client-CF63D631FA17->3cf1264f-5f6b-4138-aeee-2ff7d4522ead@group-561E16522154, cid=2341, SUCCESS, logIndex=3475, commits[3cf1264f-5f6b-4138-aeee-2ff7d4522ead:c3475, 4f0d1a15-8f14-4d9a-ad4f-8211e1245b5d:c3473, 6999f20e-c3f7-4db4-87ca-141c476f2a88:c3473]
2019-08-22 07:03:37,596 | INFO  | DNAudit | user=null | ip=null | op=WRITE_CHUNK {blockData=conID: 3 locID: 102659353316098626 bcsId: 3469} | ret=SUCCESS |  
2019-08-22 07:03:37,597 | INFO  | DNAudit | user=null | ip=null | op=WRITE_CHUNK {blockData=conID: 3 locID: 102659353316098626 bcsId: 3469} | ret=SUCCESS |  
2019-08-22 07:03:37,597 | INFO  | DNAudit | user=null | ip=null | op=PUT_BLOCK {blockData=[blockId=conID: 3 locID: 102659353316098626 bcsId: 0,size=3145728]} | ret=SUCCESS |  
2019-08-22 07:03:37,597 | INFO  | DNAudit | user=null | ip=null | op=PUT_BLOCK {blockData=[blockId=conID: 3 locID: 102659353316098626 bcsId: 0,size=3145728]} | ret=SUCCESS |  
2019-08-22 07:03:37,601 | INFO  | DNAudit | user=null | ip=null | op=WRITE_CHUNK {blockData=conID: 3 locID: 102659353316098626 bcsId: 3475} | ret=SUCCESS |  
2019-08-22 07:03:37,604 | INFO  | DNAudit | user=null | ip=null | op=WRITE_CHUNK {blockData=conID: 3 locID: 102659353316098626 bcsId: 3475} | ret=SUCCESS |  
2019-08-22 07:03:37,604 | INFO  | DNAudit | user=null | ip=null | op=WRITE_CHUNK {blockData=conID: 3 locID: 102659353316098626 bcsId: 3475} | ret=SUCCESS |  
2019-08-22 07:03:37,633 | INFO  | DNAudit | user=null | ip=null | op=WRITE_CHUNK {blockData=conID: 3 locID: 102659353316098626 bcsId: 3475} | ret=SUCCESS |  
2019-08-22 07:03:37,634 | INFO  | DNAudit | user=null | ip=null | op=PUT_BLOCK {blockData=[blockId=conID: 3 locID: 102659353316098626 bcsId: 0,size=4194304]} | ret=SUCCESS |  
2019-08-22 07:03:37,634 [grpc-default-executor-3] INFO  client.GrpcClientProtocolClient (GrpcClientProtocolClient.java:onNext(255)) - client-CF63D631FA17->3cf1264f-5f6b-4138-aeee-2ff7d4522ead: receive RaftClientReply:client-CF63D631FA17->3cf1264f-5f6b-4138-aeee-2ff7d4522ead@group-561E16522154, cid=2342, SUCCESS, logIndex=3478, commits[3cf1264f-5f6b-4138-aeee-2ff7d4522ead:c3479, 4f0d1a15-8f14-4d9a-ad4f-8211e1245b5d:c3477, 6999f20e-c3f7-4db4-87ca-141c476f2a88:c3477]
2019-08-22 07:03:37,635 | INFO  | DNAudit | user=null | ip=null | op=WRITE_CHUNK {blockData=conID: 3 locID: 102659353316098626 bcsId: 3475} | ret=SUCCESS |  
2019-08-22 07:03:37,635 [grpc-default-executor-0] INFO  client.GrpcClientProtocolClient (GrpcClientProtocolClient.java:onNext(255)) - client-CF63D631FA17->3cf1264f-5f6b-4138-aeee-2ff7d4522ead: receive RaftClientReply:client-CF63D631FA17->3cf1264f-5f6b-4138-aeee-2ff7d4522ead@group-561E16522154, cid=2343, SUCCESS, logIndex=3479, commits[3cf1264f-5f6b-4138-aeee-2ff7d4522ead:c3479, 4f0d1a15-8f14-4d9a-ad4f-8211e1245b5d:c3477, 6999f20e-c3f7-4db4-87ca-141c476f2a88:c3477]
2019-08-22 07:03:37,635 | INFO  | DNAudit | user=null | ip=null | op=WRITE_CHUNK {blockData=conID: 3 locID: 102659353316098626 bcsId: 3475} | ret=SUCCESS |  
2019-08-22 07:03:37,636 | INFO  | DNAudit | user=null | ip=null | op=PUT_BLOCK {blockData=[blockId=conID: 3 locID: 102659353316098626 bcsId: 0,size=4194304]} | ret=SUCCESS |  
2019-08-22 07:03:37,636 | INFO  | DNAudit | user=null | ip=null | op=PUT_BLOCK {blockData=[blockId=conID: 3 locID: 102659353316098626 bcsId: 0,size=4194304]} | ret=SUCCESS |  
2019-08-22 07:03:37,637 [grpc-default-executor-3] INFO  client.GrpcClientProtocolClient (GrpcClientProtocolClient.java:onNext(255)) - client-CF63D631FA17->3cf1264f-5f6b-4138-aeee-2ff7d4522ead: receive RaftClientReply:client-CF63D631FA17->3cf1264f-5f6b-4138-aeee-2ff7d4522ead@group-561E16522154, cid=2344, SUCCESS, logIndex=0, commits[3cf1264f-5f6b-4138-aeee-2ff7d4522ead:c3481, 4f0d1a15-8f14-4d9a-ad4f-8211e1245b5d:c3479, 6999f20e-c3f7-4db4-87ca-141c476f2a88:c3479]
2019-08-22 07:03:37,644 | INFO  | SCMAudit | user=jenkins1000 | ip=192.168.34.31 | op=ALLOCATE_BLOCK {owner=04b6d46a-98e2-41b1-9f38-1870289993ea, size=4194304, type=RATIS, factor=THREE} | ret=SUCCESS |  
2019-08-22 07:03:37,648 | INFO  | OMAudit | user=jenkins1000 | ip=127.0.0.1 | op=ALLOCATE_BLOCK {volume=vol-0-14906, bucket=bucket-0-53153, key=key-0-33222, dataSize=0, replicationType=null, replicationFactor=null, keyLocationInfo=null, clientID=102659352017764754} | ret=SUCCESS |  
2019-08-22 07:03:37,655 | INFO  | DNAudit | user=null | ip=null | op=WRITE_CHUNK {blockData=conID: 1 locID: 102659353322652227 bcsId: 0} | ret=SUCCESS |  
2019-08-22 07:03:37,659 | INFO  | DNAudit | user=null | ip=null | op=WRITE_CHUNK {blockData=conID: 1 locID: 102659353322652227 bcsId: 0} | ret=SUCCESS |  
2019-08-22 07:03:37,659 | INFO  | DNAudit | user=null | ip=null | op=WRITE_CHUNK {blockData=conID: 1 locID: 102659353322652227 bcsId: 0} | ret=SUCCESS |  
2019-08-22 07:03:37,660 | INFO  | DNAudit | user=null | ip=null | op=WRITE_CHUNK {blockData=conID: 1 locID: 102659353322652227 bcsId: 0} | ret=SUCCESS |  
2019-08-22 07:03:37,663 | INFO  | DNAudit | user=null | ip=null | op=WRITE_CHUNK {blockData=conID: 1 locID: 102659353322652227 bcsId: 0} | ret=SUCCESS |  
2019-08-22 07:03:37,663 | INFO  | DNAudit | user=null | ip=null | op=WRITE_CHUNK {blockData=conID: 1 locID: 102659353322652227 bcsId: 0} | ret=SUCCESS |  
2019-08-22 07:03:37,669 | INFO  | DNAudit | user=null | ip=null | op=WRITE_CHUNK {blockData=conID: 1 locID: 102659353322652227 bcsId: 0} | ret=SUCCESS |  
2019-08-22 07:03:37,669 | INFO  | DNAudit | user=null | ip=null | op=PUT_BLOCK {blockData=[blockId=conID: 1 locID: 102659353322652227 bcsId: 0,size=1048576]} | ret=SUCCESS |  
2019-08-22 07:03:37,669 [grpc-default-executor-0] INFO  client.GrpcClientProtocolClient (GrpcClientProtocolClient.java:onNext(255)) - client-CF63D631FA17->3cf1264f-5f6b-4138-aeee-2ff7d4522ead: receive RaftClientReply:client-CF63D631FA17->3cf1264f-5f6b-4138-aeee-2ff7d4522ead@group-561E16522154, cid=2345, SUCCESS, logIndex=3482, commits[3cf1264f-5f6b-4138-aeee-2ff7d4522ead:c3483, 4f0d1a15-8f14-4d9a-ad4f-8211e1245b5d:c3481, 6999f20e-c3f7-4db4-87ca-141c476f2a88:c3481]
2019-08-22 07:03:37,670 | INFO  | DNAudit | user=null | ip=null | op=WRITE_CHUNK {blockData=conID: 1 locID: 102659353322652227 bcsId: 0} | ret=SUCCESS |  
2019-08-22 07:03:37,670 | INFO  | DNAudit | user=null | ip=null | op=PUT_BLOCK {blockData=[blockId=conID: 1 locID: 102659353322652227 bcsId: 0,size=2097152]} | ret=SUCCESS |  
2019-08-22 07:03:37,670 [grpc-default-executor-0] INFO  client.GrpcClientProtocolClient (GrpcClientProtocolClient.java:onNext(255)) - client-CF63D631FA17->3cf1264f-5f6b-4138-aeee-2ff7d4522ead: receive RaftClientReply:client-CF63D631FA17->3cf1264f-5f6b-4138-aeee-2ff7d4522ead@group-561E16522154, cid=2346, SUCCESS, logIndex=3483, commits[3cf1264f-5f6b-4138-aeee-2ff7d4522ead:c3485, 4f0d1a15-8f14-4d9a-ad4f-8211e1245b5d:c3481, 6999f20e-c3f7-4db4-87ca-141c476f2a88:c3481]
2019-08-22 07:03:37,670 [grpc-default-executor-0] INFO  client.GrpcClientProtocolClient (GrpcClientProtocolClient.java:onNext(255)) - client-CF63D631FA17->3cf1264f-5f6b-4138-aeee-2ff7d4522ead: receive RaftClientReply:client-CF63D631FA17->3cf1264f-5f6b-4138-aeee-2ff7d4522ead@group-561E16522154, cid=2347, SUCCESS, logIndex=3484, commits[3cf1264f-5f6b-4138-aeee-2ff7d4522ead:c3485, 4f0d1a15-8f14-4d9a-ad4f-8211e1245b5d:c3481, 6999f20e-c3f7-4db4-87ca-141c476f2a88:c3481]
2019-08-22 07:03:37,671 [grpc-default-executor-0] INFO  client.GrpcClientProtocolClient (GrpcClientProtocolClient.java:onNext(255)) - client-CF63D631FA17->3cf1264f-5f6b-4138-aeee-2ff7d4522ead: receive RaftClientReply:client-CF63D631FA17->3cf1264f-5f6b-4138-aeee-2ff7d4522ead@group-561E16522154, cid=2348, SUCCESS, logIndex=3485, commits[3cf1264f-5f6b-4138-aeee-2ff7d4522ead:c3485, 4f0d1a15-8f14-4d9a-ad4f-8211e1245b5d:c3481, 6999f20e-c3f7-4db4-87ca-141c476f2a88:c3481]
2019-08-22 07:03:37,681 | INFO  | DNAudit | user=null | ip=null | op=WRITE_CHUNK {blockData=conID: 1 locID: 102659353322652227 bcsId: 0} | ret=SUCCESS |  
2019-08-22 07:03:37,681 | INFO  | DNAudit | user=null | ip=null | op=WRITE_CHUNK {blockData=conID: 1 locID: 102659353322652227 bcsId: 0} | ret=SUCCESS |  
2019-08-22 07:03:37,681 | INFO  | DNAudit | user=null | ip=null | op=PUT_BLOCK {blockData=[blockId=conID: 1 locID: 102659353322652227 bcsId: 0,size=1048576]} | ret=SUCCESS |  
2019-08-22 07:03:37,682 | INFO  | DNAudit | user=null | ip=null | op=WRITE_CHUNK {blockData=conID: 1 locID: 102659353322652227 bcsId: 0} | ret=SUCCESS |  
2019-08-22 07:03:37,682 | INFO  | DNAudit | user=null | ip=null | op=PUT_BLOCK {blockData=[blockId=conID: 1 locID: 102659353322652227 bcsId: 0,size=2097152]} | ret=SUCCESS |  
2019-08-22 07:03:37,683 | INFO  | DNAudit | user=null | ip=null | op=PUT_BLOCK {blockData=[blockId=conID: 1 locID: 102659353322652227 bcsId: 0,size=1048576]} | ret=SUCCESS |  
2019-08-22 07:03:37,684 | INFO  | DNAudit | user=null | ip=null | op=WRITE_CHUNK {blockData=conID: 1 locID: 102659353322652227 bcsId: 0} | ret=SUCCESS |  
2019-08-22 07:03:37,684 | INFO  | DNAudit | user=null | ip=null | op=PUT_BLOCK {blockData=[blockId=conID: 1 locID: 102659353322652227 bcsId: 0,size=2097152]} | ret=SUCCESS |  
2019-08-22 07:03:37,684 [grpc-default-executor-0] INFO  client.GrpcClientProtocolClient (GrpcClientProtocolClient.java:onNext(255)) - client-CF63D631FA17->3cf1264f-5f6b-4138-aeee-2ff7d4522ead: receive RaftClientReply:client-CF63D631FA17->3cf1264f-5f6b-4138-aeee-2ff7d4522ead@group-561E16522154, cid=2349, SUCCESS, logIndex=0, commits[3cf1264f-5f6b-4138-aeee-2ff7d4522ead:c3489, 4f0d1a15-8f14-4d9a-ad4f-8211e1245b5d:c3485, 6999f20e-c3f7-4db4-87ca-141c476f2a88:c3483]
2019-08-22 07:03:37,690 | INFO  | DNAudit | user=null | ip=null | op=WRITE_CHUNK {blockData=conID: 1 locID: 102659353322652227 bcsId: 3485} | ret=SUCCESS |  
2019-08-22 07:03:37,694 | INFO  | DNAudit | user=null | ip=null | op=WRITE_CHUNK {blockData=conID: 1 locID: 102659353322652227 bcsId: 3485} | ret=SUCCESS |  
2019-08-22 07:03:37,694 | INFO  | DNAudit | user=null | ip=null | op=WRITE_CHUNK {blockData=conID: 1 locID: 102659353322652227 bcsId: 3485} | ret=SUCCESS |  
2019-08-22 07:03:37,703 | INFO  | DNAudit | user=null | ip=null | op=WRITE_CHUNK {blockData=conID: 1 locID: 102659353322652227 bcsId: 3485} | ret=SUCCESS |  
2019-08-22 07:03:37,704 | INFO  | DNAudit | user=null | ip=null | op=PUT_BLOCK {blockData=[blockId=conID: 1 locID: 102659353322652227 bcsId: 0,size=3145728]} | ret=SUCCESS |  
2019-08-22 07:03:37,704 [grpc-default-executor-5] INFO  client.GrpcClientProtocolClient (GrpcClientProtocolClient.java:onNext(255)) - client-CF63D631FA17->3cf1264f-5f6b-4138-aeee-2ff7d4522ead: receive RaftClientReply:client-CF63D631FA17->3cf1264f-5f6b-4138-aeee-2ff7d4522ead@group-561E16522154, cid=2350, SUCCESS, logIndex=3490, commits[3cf1264f-5f6b-4138-aeee-2ff7d4522ead:c3491, 4f0d1a15-8f14-4d9a-ad4f-8211e1245b5d:c3489, 6999f20e-c3f7-4db4-87ca-141c476f2a88:c3489]
2019-08-22 07:03:37,704 [grpc-default-executor-5] INFO  client.GrpcClientProtocolClient (GrpcClientProtocolClient.java:onNext(255)) - client-CF63D631FA17->3cf1264f-5f6b-4138-aeee-2ff7d4522ead: receive RaftClientReply:client-CF63D631FA17->3cf1264f-5f6b-4138-aeee-2ff7d4522ead@group-561E16522154, cid=2351, SUCCESS, logIndex=3491, commits[3cf1264f-5f6b-4138-aeee-2ff7d4522ead:c3491, 4f0d1a15-8f14-4d9a-ad4f-8211e1245b5d:c3489, 6999f20e-c3f7-4db4-87ca-141c476f2a88:c3489]
2019-08-22 07:03:37,711 | INFO  | DNAudit | user=null | ip=null | op=WRITE_CHUNK {blockData=conID: 1 locID: 102659353322652227 bcsId: 3491} | ret=SUCCESS |  
2019-08-22 07:03:37,714 | INFO  | DNAudit | user=null | ip=null | op=WRITE_CHUNK {blockData=conID: 1 locID: 102659353322652227 bcsId: 3491} | ret=SUCCESS |  
2019-08-22 07:03:37,715 | INFO  | DNAudit | user=null | ip=null | op=WRITE_CHUNK {blockData=conID: 1 locID: 102659353322652227 bcsId: 3491} | ret=SUCCESS |  
2019-08-22 07:03:37,715 | INFO  | DNAudit | user=null | ip=null | op=WRITE_CHUNK {blockData=conID: 1 locID: 102659353322652227 bcsId: 3485} | ret=SUCCESS |  
2019-08-22 07:03:37,715 | INFO  | DNAudit | user=null | ip=null | op=WRITE_CHUNK {blockData=conID: 1 locID: 102659353322652227 bcsId: 3485} | ret=SUCCESS |  
2019-08-22 07:03:37,716 | INFO  | DNAudit | user=null | ip=null | op=PUT_BLOCK {blockData=[blockId=conID: 1 locID: 102659353322652227 bcsId: 0,size=3145728]} | ret=SUCCESS |  
2019-08-22 07:03:37,716 | INFO  | DNAudit | user=null | ip=null | op=PUT_BLOCK {blockData=[blockId=conID: 1 locID: 102659353322652227 bcsId: 0,size=3145728]} | ret=SUCCESS |  
2019-08-22 07:03:37,717 | INFO  | DNAudit | user=null | ip=null | op=WRITE_CHUNK {blockData=conID: 1 locID: 102659353322652227 bcsId: 3491} | ret=SUCCESS |  
2019-08-22 07:03:37,718 | INFO  | DNAudit | user=null | ip=null | op=PUT_BLOCK {blockData=[blockId=conID: 1 locID: 102659353322652227 bcsId: 0,size=4194304]} | ret=SUCCESS |  
2019-08-22 07:03:37,718 [grpc-default-executor-3] INFO  client.GrpcClientProtocolClient (GrpcClientProtocolClient.java:onNext(255)) - client-CF63D631FA17->3cf1264f-5f6b-4138-aeee-2ff7d4522ead: receive RaftClientReply:client-CF63D631FA17->3cf1264f-5f6b-4138-aeee-2ff7d4522ead@group-561E16522154, cid=2352, SUCCESS, logIndex=3494, commits[3cf1264f-5f6b-4138-aeee-2ff7d4522ead:c3495, 4f0d1a15-8f14-4d9a-ad4f-8211e1245b5d:c3491, 6999f20e-c3f7-4db4-87ca-141c476f2a88:c3491]
2019-08-22 07:03:37,718 [grpc-default-executor-3] INFO  client.GrpcClientProtocolClient (GrpcClientProtocolClient.java:onNext(255)) - client-CF63D631FA17->3cf1264f-5f6b-4138-aeee-2ff7d4522ead: receive RaftClientReply:client-CF63D631FA17->3cf1264f-5f6b-4138-aeee-2ff7d4522ead@group-561E16522154, cid=2353, SUCCESS, logIndex=3495, commits[3cf1264f-5f6b-4138-aeee-2ff7d4522ead:c3495, 4f0d1a15-8f14-4d9a-ad4f-8211e1245b5d:c3491, 6999f20e-c3f7-4db4-87ca-141c476f2a88:c3491]
2019-08-22 07:03:37,729 | INFO  | DNAudit | user=null | ip=null | op=WRITE_CHUNK {blockData=conID: 1 locID: 102659353322652227 bcsId: 3491} | ret=SUCCESS |  
2019-08-22 07:03:37,729 | INFO  | DNAudit | user=null | ip=null | op=WRITE_CHUNK {blockData=conID: 1 locID: 102659353322652227 bcsId: 3491} | ret=SUCCESS |  
2019-08-22 07:03:37,731 | INFO  | DNAudit | user=null | ip=null | op=PUT_BLOCK {blockData=[blockId=conID: 1 locID: 102659353322652227 bcsId: 0,size=4194304]} | ret=SUCCESS |  
2019-08-22 07:03:37,732 | INFO  | DNAudit | user=null | ip=null | op=PUT_BLOCK {blockData=[blockId=conID: 1 locID: 102659353322652227 bcsId: 0,size=4194304]} | ret=SUCCESS |  
2019-08-22 07:03:37,732 [grpc-default-executor-3] INFO  client.GrpcClientProtocolClient (GrpcClientProtocolClient.java:onNext(255)) - client-CF63D631FA17->3cf1264f-5f6b-4138-aeee-2ff7d4522ead: receive RaftClientReply:client-CF63D631FA17->3cf1264f-5f6b-4138-aeee-2ff7d4522ead@group-561E16522154, cid=2354, SUCCESS, logIndex=0, commits[3cf1264f-5f6b-4138-aeee-2ff7d4522ead:c3497, 4f0d1a15-8f14-4d9a-ad4f-8211e1245b5d:c3495, 6999f20e-c3f7-4db4-87ca-141c476f2a88:c3495]
2019-08-22 07:03:37,737 | INFO  | SCMAudit | user=jenkins1000 | ip=192.168.34.31 | op=ALLOCATE_BLOCK {owner=04b6d46a-98e2-41b1-9f38-1870289993ea, size=4194304, type=RATIS, factor=THREE} | ret=SUCCESS |  
2019-08-22 07:03:37,740 | INFO  | OMAudit | user=jenkins1000 | ip=127.0.0.1 | op=ALLOCATE_BLOCK {volume=vol-0-14906, bucket=bucket-0-53153, key=key-0-33222, dataSize=0, replicationType=null, replicationFactor=null, keyLocationInfo=null, clientID=102659352017764754} | ret=SUCCESS |  
2019-08-22 07:03:37,748 | INFO  | DNAudit | user=null | ip=null | op=WRITE_CHUNK {blockData=conID: 2 locID: 102659353328812612 bcsId: 0} | ret=SUCCESS |  
2019-08-22 07:03:37,750 | INFO  | DNAudit | user=null | ip=null | op=WRITE_CHUNK {blockData=conID: 2 locID: 102659353328812612 bcsId: 0} | ret=SUCCESS |  
2019-08-22 07:03:37,751 | INFO  | DNAudit | user=null | ip=null | op=WRITE_CHUNK {blockData=conID: 2 locID: 102659353328812612 bcsId: 0} | ret=SUCCESS |  
2019-08-22 07:03:37,751 | INFO  | DNAudit | user=null | ip=null | op=WRITE_CHUNK {blockData=conID: 2 locID: 102659353328812612 bcsId: 0} | ret=SUCCESS |  
2019-08-22 07:03:37,753 | INFO  | DNAudit | user=null | ip=null | op=WRITE_CHUNK {blockData=conID: 2 locID: 102659353328812612 bcsId: 0} | ret=SUCCESS |  
2019-08-22 07:03:37,753 | INFO  | DNAudit | user=null | ip=null | op=WRITE_CHUNK {blockData=conID: 2 locID: 102659353328812612 bcsId: 0} | ret=SUCCESS |  
2019-08-22 07:03:37,763 | INFO  | DNAudit | user=null | ip=null | op=WRITE_CHUNK {blockData=conID: 2 locID: 102659353328812612 bcsId: 0} | ret=SUCCESS |  
2019-08-22 07:03:37,764 | INFO  | DNAudit | user=null | ip=null | op=PUT_BLOCK {blockData=[blockId=conID: 2 locID: 102659353328812612 bcsId: 0,size=1048576]} | ret=SUCCESS |  
2019-08-22 07:03:37,764 [grpc-default-executor-3] INFO  client.GrpcClientProtocolClient (GrpcClientProtocolClient.java:onNext(255)) - client-CF63D631FA17->3cf1264f-5f6b-4138-aeee-2ff7d4522ead: receive RaftClientReply:client-CF63D631FA17->3cf1264f-5f6b-4138-aeee-2ff7d4522ead@group-561E16522154, cid=2355, SUCCESS, logIndex=3498, commits[3cf1264f-5f6b-4138-aeee-2ff7d4522ead:c3500, 4f0d1a15-8f14-4d9a-ad4f-8211e1245b5d:c3497, 6999f20e-c3f7-4db4-87ca-141c476f2a88:c3497]
2019-08-22 07:03:37,764 | INFO  | DNAudit | user=null | ip=null | op=WRITE_CHUNK {blockData=conID: 2 locID: 102659353328812612 bcsId: 0} | ret=SUCCESS |  
2019-08-22 07:03:37,765 | INFO  | DNAudit | user=null | ip=null | op=PUT_BLOCK {blockData=[blockId=conID: 2 locID: 102659353328812612 bcsId: 0,size=2097152]} | ret=SUCCESS |  
2019-08-22 07:03:37,765 [grpc-default-executor-3] INFO  client.GrpcClientProtocolClient (GrpcClientProtocolClient.java:onNext(255)) - client-CF63D631FA17->3cf1264f-5f6b-4138-aeee-2ff7d4522ead: receive RaftClientReply:client-CF63D631FA17->3cf1264f-5f6b-4138-aeee-2ff7d4522ead@group-561E16522154, cid=2356, SUCCESS, logIndex=3499, commits[3cf1264f-5f6b-4138-aeee-2ff7d4522ead:c3501, 4f0d1a15-8f14-4d9a-ad4f-8211e1245b5d:c3497, 6999f20e-c3f7-4db4-87ca-141c476f2a88:c3497]
2019-08-22 07:03:37,765 [grpc-default-executor-3] INFO  client.GrpcClientProtocolClient (GrpcClientProtocolClient.java:onNext(255)) - client-CF63D631FA17->3cf1264f-5f6b-4138-aeee-2ff7d4522ead: receive RaftClientReply:client-CF63D631FA17->3cf1264f-5f6b-4138-aeee-2ff7d4522ead@group-561E16522154, cid=2357, SUCCESS, logIndex=3500, commits[3cf1264f-5f6b-4138-aeee-2ff7d4522ead:c3501, 4f0d1a15-8f14-4d9a-ad4f-8211e1245b5d:c3497, 6999f20e-c3f7-4db4-87ca-141c476f2a88:c3497]
2019-08-22 07:03:37,766 [grpc-default-executor-3] INFO  client.GrpcClientProtocolClient (GrpcClientProtocolClient.java:onNext(255)) - client-CF63D631FA17->3cf1264f-5f6b-4138-aeee-2ff7d4522ead: receive RaftClientReply:client-CF63D631FA17->3cf1264f-5f6b-4138-aeee-2ff7d4522ead@group-561E16522154, cid=2358, SUCCESS, logIndex=3501, commits[3cf1264f-5f6b-4138-aeee-2ff7d4522ead:c3501, 4f0d1a15-8f14-4d9a-ad4f-8211e1245b5d:c3497, 6999f20e-c3f7-4db4-87ca-141c476f2a88:c3497]
2019-08-22 07:03:37,774 | INFO  | DNAudit | user=null | ip=null | op=WRITE_CHUNK {blockData=conID: 2 locID: 102659353328812612 bcsId: 0} | ret=SUCCESS |  
2019-08-22 07:03:37,775 | INFO  | DNAudit | user=null | ip=null | op=WRITE_CHUNK {blockData=conID: 2 locID: 102659353328812612 bcsId: 0} | ret=SUCCESS |  
2019-08-22 07:03:37,775 | INFO  | DNAudit | user=null | ip=null | op=PUT_BLOCK {blockData=[blockId=conID: 2 locID: 102659353328812612 bcsId: 0,size=1048576]} | ret=SUCCESS |  
2019-08-22 07:03:37,775 | INFO  | DNAudit | user=null | ip=null | op=PUT_BLOCK {blockData=[blockId=conID: 2 locID: 102659353328812612 bcsId: 0,size=1048576]} | ret=SUCCESS |  
2019-08-22 07:03:37,775 | INFO  | DNAudit | user=null | ip=null | op=WRITE_CHUNK {blockData=conID: 2 locID: 102659353328812612 bcsId: 0} | ret=SUCCESS |  
2019-08-22 07:03:37,776 | INFO  | DNAudit | user=null | ip=null | op=WRITE_CHUNK {blockData=conID: 2 locID: 102659353328812612 bcsId: 0} | ret=SUCCESS |  
2019-08-22 07:03:37,776 | INFO  | DNAudit | user=null | ip=null | op=PUT_BLOCK {blockData=[blockId=conID: 2 locID: 102659353328812612 bcsId: 0,size=2097152]} | ret=SUCCESS |  
2019-08-22 07:03:37,776 | INFO  | DNAudit | user=null | ip=null | op=PUT_BLOCK {blockData=[blockId=conID: 2 locID: 102659353328812612 bcsId: 0,size=2097152]} | ret=SUCCESS |  
2019-08-22 07:03:37,776 [grpc-default-executor-3] INFO  client.GrpcClientProtocolClient (GrpcClientProtocolClient.java:onNext(255)) - client-CF63D631FA17->3cf1264f-5f6b-4138-aeee-2ff7d4522ead: receive RaftClientReply:client-CF63D631FA17->3cf1264f-5f6b-4138-aeee-2ff7d4522ead@group-561E16522154, cid=2359, SUCCESS, logIndex=0, commits[3cf1264f-5f6b-4138-aeee-2ff7d4522ead:c3504, 4f0d1a15-8f14-4d9a-ad4f-8211e1245b5d:c3500, 6999f20e-c3f7-4db4-87ca-141c476f2a88:c3499]
2019-08-22 07:03:37,784 | INFO  | DNAudit | user=null | ip=null | op=WRITE_CHUNK {blockData=conID: 2 locID: 102659353328812612 bcsId: 3501} | ret=SUCCESS |  
2019-08-22 07:03:37,788 | INFO  | DNAudit | user=null | ip=null | op=WRITE_CHUNK {blockData=conID: 2 locID: 102659353328812612 bcsId: 3501} | ret=SUCCESS |  
2019-08-22 07:03:37,788 | INFO  | DNAudit | user=null | ip=null | op=WRITE_CHUNK {blockData=conID: 2 locID: 102659353328812612 bcsId: 3501} | ret=SUCCESS |  
2019-08-22 07:03:37,796 | INFO  | DNAudit | user=null | ip=null | op=WRITE_CHUNK {blockData=conID: 2 locID: 102659353328812612 bcsId: 3501} | ret=SUCCESS |  
2019-08-22 07:03:37,797 | INFO  | DNAudit | user=null | ip=null | op=PUT_BLOCK {blockData=[blockId=conID: 2 locID: 102659353328812612 bcsId: 0,size=3145728]} | ret=SUCCESS |  
2019-08-22 07:03:37,797 [grpc-default-executor-5] INFO  client.GrpcClientProtocolClient (GrpcClientProtocolClient.java:onNext(255)) - client-CF63D631FA17->3cf1264f-5f6b-4138-aeee-2ff7d4522ead: receive RaftClientReply:client-CF63D631FA17->3cf1264f-5f6b-4138-aeee-2ff7d4522ead@group-561E16522154, cid=2360, SUCCESS, logIndex=3506, commits[3cf1264f-5f6b-4138-aeee-2ff7d4522ead:c3507, 4f0d1a15-8f14-4d9a-ad4f-8211e1245b5d:c3505, 6999f20e-c3f7-4db4-87ca-141c476f2a88:c3505]
2019-08-22 07:03:37,797 [grpc-default-executor-5] INFO  client.GrpcClientProtocolClient (GrpcClientProtocolClient.java:onNext(255)) - client-CF63D631FA17->3cf1264f-5f6b-4138-aeee-2ff7d4522ead: receive RaftClientReply:client-CF63D631FA17->3cf1264f-5f6b-4138-aeee-2ff7d4522ead@group-561E16522154, cid=2361, SUCCESS, logIndex=3507, commits[3cf1264f-5f6b-4138-aeee-2ff7d4522ead:c3507, 4f0d1a15-8f14-4d9a-ad4f-8211e1245b5d:c3505, 6999f20e-c3f7-4db4-87ca-141c476f2a88:c3505]
2019-08-22 07:03:37,805 | INFO  | DNAudit | user=null | ip=null | op=WRITE_CHUNK {blockData=conID: 2 locID: 102659353328812612 bcsId: 3507} | ret=SUCCESS |  
2019-08-22 07:03:37,808 | INFO  | DNAudit | user=null | ip=null | op=WRITE_CHUNK {blockData=conID: 2 locID: 102659353328812612 bcsId: 3501} | ret=SUCCESS |  
2019-08-22 07:03:37,808 | INFO  | DNAudit | user=null | ip=null | op=WRITE_CHUNK {blockData=conID: 2 locID: 102659353328812612 bcsId: 3501} | ret=SUCCESS |  
2019-08-22 07:03:37,808 | INFO  | DNAudit | user=null | ip=null | op=WRITE_CHUNK {blockData=conID: 2 locID: 102659353328812612 bcsId: 3507} | ret=SUCCESS |  
2019-08-22 07:03:37,809 | INFO  | DNAudit | user=null | ip=null | op=WRITE_CHUNK {blockData=conID: 2 locID: 102659353328812612 bcsId: 3507} | ret=SUCCESS |  
2019-08-22 07:03:37,820 | INFO  | DNAudit | user=null | ip=null | op=PUT_BLOCK {blockData=[blockId=conID: 2 locID: 102659353328812612 bcsId: 0,size=3145728]} | ret=SUCCESS |  
2019-08-22 07:03:37,820 | INFO  | DNAudit | user=null | ip=null | op=WRITE_CHUNK {blockData=conID: 2 locID: 102659353328812612 bcsId: 3507} | ret=SUCCESS |  
2019-08-22 07:03:37,820 | INFO  | DNAudit | user=null | ip=null | op=PUT_BLOCK {blockData=[blockId=conID: 2 locID: 102659353328812612 bcsId: 0,size=3145728]} | ret=SUCCESS |  
2019-08-22 07:03:37,821 | INFO  | DNAudit | user=null | ip=null | op=PUT_BLOCK {blockData=[blockId=conID: 2 locID: 102659353328812612 bcsId: 0,size=4194304]} | ret=SUCCESS |  
2019-08-22 07:03:37,821 [grpc-default-executor-5] INFO  client.GrpcClientProtocolClient (GrpcClientProtocolClient.java:onNext(255)) - client-CF63D631FA17->3cf1264f-5f6b-4138-aeee-2ff7d4522ead: receive RaftClientReply:client-CF63D631FA17->3cf1264f-5f6b-4138-aeee-2ff7d4522ead@group-561E16522154, cid=2362, SUCCESS, logIndex=3510, commits[3cf1264f-5f6b-4138-aeee-2ff7d4522ead:c3511, 4f0d1a15-8f14-4d9a-ad4f-8211e1245b5d:c3506, 6999f20e-c3f7-4db4-87ca-141c476f2a88:c3507]
2019-08-22 07:03:37,821 [grpc-default-executor-5] INFO  client.GrpcClientProtocolClient (GrpcClientProtocolClient.java:onNext(255)) - client-CF63D631FA17->3cf1264f-5f6b-4138-aeee-2ff7d4522ead: receive RaftClientReply:client-CF63D631FA17->3cf1264f-5f6b-4138-aeee-2ff7d4522ead@group-561E16522154, cid=2363, SUCCESS, logIndex=3511, commits[3cf1264f-5f6b-4138-aeee-2ff7d4522ead:c3511, 4f0d1a15-8f14-4d9a-ad4f-8211e1245b5d:c3507, 6999f20e-c3f7-4db4-87ca-141c476f2a88:c3507]
2019-08-22 07:03:37,832 | INFO  | DNAudit | user=null | ip=null | op=WRITE_CHUNK {blockData=conID: 2 locID: 102659353328812612 bcsId: 3507} | ret=SUCCESS |  
2019-08-22 07:03:37,832 | INFO  | DNAudit | user=null | ip=null | op=WRITE_CHUNK {blockData=conID: 2 locID: 102659353328812612 bcsId: 3507} | ret=SUCCESS |  
2019-08-22 07:03:37,835 | INFO  | DNAudit | user=null | ip=null | op=PUT_BLOCK {blockData=[blockId=conID: 2 locID: 102659353328812612 bcsId: 0,size=4194304]} | ret=SUCCESS |  
2019-08-22 07:03:37,835 | INFO  | DNAudit | user=null | ip=null | op=PUT_BLOCK {blockData=[blockId=conID: 2 locID: 102659353328812612 bcsId: 0,size=4194304]} | ret=SUCCESS |  
2019-08-22 07:03:37,836 [grpc-default-executor-5] INFO  client.GrpcClientProtocolClient (GrpcClientProtocolClient.java:onNext(255)) - client-CF63D631FA17->3cf1264f-5f6b-4138-aeee-2ff7d4522ead: receive RaftClientReply:client-CF63D631FA17->3cf1264f-5f6b-4138-aeee-2ff7d4522ead@group-561E16522154, cid=2364, SUCCESS, logIndex=0, commits[3cf1264f-5f6b-4138-aeee-2ff7d4522ead:c3513, 4f0d1a15-8f14-4d9a-ad4f-8211e1245b5d:c3511, 6999f20e-c3f7-4db4-87ca-141c476f2a88:c3511]
2019-08-22 07:03:37,843 | INFO  | SCMAudit | user=jenkins1000 | ip=192.168.34.31 | op=ALLOCATE_BLOCK {owner=04b6d46a-98e2-41b1-9f38-1870289993ea, size=4194304, type=RATIS, factor=THREE} | ret=SUCCESS |  
2019-08-22 07:03:37,848 | INFO  | OMAudit | user=jenkins1000 | ip=127.0.0.1 | op=ALLOCATE_BLOCK {volume=vol-0-14906, bucket=bucket-0-53153, key=key-0-33222, dataSize=0, replicationType=null, replicationFactor=null, keyLocationInfo=null, clientID=102659352017764754} | ret=SUCCESS |  
2019-08-22 07:03:37,855 | INFO  | DNAudit | user=null | ip=null | op=WRITE_CHUNK {blockData=conID: 3 locID: 102659353335759429 bcsId: 0} | ret=SUCCESS |  
2019-08-22 07:03:37,857 | INFO  | DNAudit | user=null | ip=null | op=WRITE_CHUNK {blockData=conID: 3 locID: 102659353335759429 bcsId: 0} | ret=SUCCESS |  
2019-08-22 07:03:37,858 | INFO  | DNAudit | user=null | ip=null | op=WRITE_CHUNK {blockData=conID: 3 locID: 102659353335759429 bcsId: 0} | ret=SUCCESS |  
2019-08-22 07:03:37,858 | INFO  | DNAudit | user=null | ip=null | op=WRITE_CHUNK {blockData=conID: 3 locID: 102659353335759429 bcsId: 0} | ret=SUCCESS |  
2019-08-22 07:03:37,859 | INFO  | DNAudit | user=null | ip=null | op=WRITE_CHUNK {blockData=conID: 3 locID: 102659353335759429 bcsId: 0} | ret=SUCCESS |  
2019-08-22 07:03:37,860 | INFO  | DNAudit | user=null | ip=null | op=WRITE_CHUNK {blockData=conID: 3 locID: 102659353335759429 bcsId: 0} | ret=SUCCESS |  
2019-08-22 07:03:37,880 | INFO  | DNAudit | user=null | ip=null | op=WRITE_CHUNK {blockData=conID: 3 locID: 102659353335759429 bcsId: 0} | ret=SUCCESS |  
2019-08-22 07:03:37,881 | INFO  | DNAudit | user=null | ip=null | op=PUT_BLOCK {blockData=[blockId=conID: 3 locID: 102659353335759429 bcsId: 0,size=1048576]} | ret=SUCCESS |  
2019-08-22 07:03:37,881 [grpc-default-executor-0] INFO  client.GrpcClientProtocolClient (GrpcClientProtocolClient.java:onNext(255)) - client-CF63D631FA17->3cf1264f-5f6b-4138-aeee-2ff7d4522ead: receive RaftClientReply:client-CF63D631FA17->3cf1264f-5f6b-4138-aeee-2ff7d4522ead@group-561E16522154, cid=2365, SUCCESS, logIndex=3514, commits[3cf1264f-5f6b-4138-aeee-2ff7d4522ead:c3517, 4f0d1a15-8f14-4d9a-ad4f-8211e1245b5d:c3513, 6999f20e-c3f7-4db4-87ca-141c476f2a88:c3513]
2019-08-22 07:03:37,881 | INFO  | DNAudit | user=null | ip=null | op=WRITE_CHUNK {blockData=conID: 3 locID: 102659353335759429 bcsId: 0} | ret=SUCCESS |  
2019-08-22 07:03:37,882 [grpc-default-executor-0] INFO  client.GrpcClientProtocolClient (GrpcClientProtocolClient.java:onNext(255)) - client-CF63D631FA17->3cf1264f-5f6b-4138-aeee-2ff7d4522ead: receive RaftClientReply:client-CF63D631FA17->3cf1264f-5f6b-4138-aeee-2ff7d4522ead@group-561E16522154, cid=2366, SUCCESS, logIndex=3515, commits[3cf1264f-5f6b-4138-aeee-2ff7d4522ead:c3517, 4f0d1a15-8f14-4d9a-ad4f-8211e1245b5d:c3513, 6999f20e-c3f7-4db4-87ca-141c476f2a88:c3513]
2019-08-22 07:03:37,882 | INFO  | DNAudit | user=null | ip=null | op=PUT_BLOCK {blockData=[blockId=conID: 3 locID: 102659353335759429 bcsId: 0,size=2097152]} | ret=SUCCESS |  
2019-08-22 07:03:37,882 [grpc-default-executor-5] INFO  client.GrpcClientProtocolClient (GrpcClientProtocolClient.java:onNext(255)) - client-CF63D631FA17->3cf1264f-5f6b-4138-aeee-2ff7d4522ead: receive RaftClientReply:client-CF63D631FA17->3cf1264f-5f6b-4138-aeee-2ff7d4522ead@group-561E16522154, cid=2367, SUCCESS, logIndex=3516, commits[3cf1264f-5f6b-4138-aeee-2ff7d4522ead:c3517, 4f0d1a15-8f14-4d9a-ad4f-8211e1245b5d:c3513, 6999f20e-c3f7-4db4-87ca-141c476f2a88:c3513]
2019-08-22 07:03:37,882 | INFO  | DNAudit | user=null | ip=null | op=WRITE_CHUNK {blockData=conID: 3 locID: 102659353335759429 bcsId: 0} | ret=SUCCESS |  
2019-08-22 07:03:37,882 [grpc-default-executor-0] INFO  client.GrpcClientProtocolClient (GrpcClientProtocolClient.java:onNext(255)) - client-CF63D631FA17->3cf1264f-5f6b-4138-aeee-2ff7d4522ead: receive RaftClientReply:client-CF63D631FA17->3cf1264f-5f6b-4138-aeee-2ff7d4522ead@group-561E16522154, cid=2368, SUCCESS, logIndex=3517, commits[3cf1264f-5f6b-4138-aeee-2ff7d4522ead:c3517, 4f0d1a15-8f14-4d9a-ad4f-8211e1245b5d:c3513, 6999f20e-c3f7-4db4-87ca-141c476f2a88:c3513]
2019-08-22 07:03:37,883 | INFO  | DNAudit | user=null | ip=null | op=WRITE_CHUNK {blockData=conID: 3 locID: 102659353335759429 bcsId: 0} | ret=SUCCESS |  
2019-08-22 07:03:37,883 | INFO  | DNAudit | user=null | ip=null | op=PUT_BLOCK {blockData=[blockId=conID: 3 locID: 102659353335759429 bcsId: 0,size=1048576]} | ret=SUCCESS |  
2019-08-22 07:03:37,883 | INFO  | DNAudit | user=null | ip=null | op=PUT_BLOCK {blockData=[blockId=conID: 3 locID: 102659353335759429 bcsId: 0,size=1048576]} | ret=SUCCESS |  
2019-08-22 07:03:37,883 [grpc-default-executor-5] INFO  client.GrpcClientProtocolClient (GrpcClientProtocolClient.java:onNext(255)) - client-CF63D631FA17->3cf1264f-5f6b-4138-aeee-2ff7d4522ead: receive RaftClientReply:client-CF63D631FA17->3cf1264f-5f6b-4138-aeee-2ff7d4522ead@group-561E16522154, cid=2369, SUCCESS, logIndex=0, commits[3cf1264f-5f6b-4138-aeee-2ff7d4522ead:c3518, 4f0d1a15-8f14-4d9a-ad4f-8211e1245b5d:c3515, 6999f20e-c3f7-4db4-87ca-141c476f2a88:c3515]
2019-08-22 07:03:37,884 | INFO  | DNAudit | user=null | ip=null | op=WRITE_CHUNK {blockData=conID: 3 locID: 102659353335759429 bcsId: 0} | ret=SUCCESS |  
2019-08-22 07:03:37,884 | INFO  | DNAudit | user=null | ip=null | op=PUT_BLOCK {blockData=[blockId=conID: 3 locID: 102659353335759429 bcsId: 0,size=2097152]} | ret=SUCCESS |  
2019-08-22 07:03:37,884 | INFO  | DNAudit | user=null | ip=null | op=WRITE_CHUNK {blockData=conID: 3 locID: 102659353335759429 bcsId: 0} | ret=SUCCESS |  
2019-08-22 07:03:37,884 | INFO  | DNAudit | user=null | ip=null | op=PUT_BLOCK {blockData=[blockId=conID: 3 locID: 102659353335759429 bcsId: 0,size=2097152]} | ret=SUCCESS |  
2019-08-22 07:03:37,890 | INFO  | DNAudit | user=null | ip=null | op=WRITE_CHUNK {blockData=conID: 3 locID: 102659353335759429 bcsId: 3517} | ret=SUCCESS |  
2019-08-22 07:03:37,892 | INFO  | DNAudit | user=null | ip=null | op=WRITE_CHUNK {blockData=conID: 3 locID: 102659353335759429 bcsId: 3517} | ret=SUCCESS |  
2019-08-22 07:03:37,893 | INFO  | DNAudit | user=null | ip=null | op=WRITE_CHUNK {blockData=conID: 3 locID: 102659353335759429 bcsId: 3517} | ret=SUCCESS |  
2019-08-22 07:03:37,899 | INFO  | SCMAudit | user=jenkins1000 | ip=192.168.34.31 | op=SEND_HEARTBEAT {datanodeUUID=6ab6b5dd-7582-43bd-ad39-1af51ca14a47, command=[]} | ret=SUCCESS |  
2019-08-22 07:03:37,901 | INFO  | SCMAudit | user=jenkins1000 | ip=192.168.34.31 | op=SEND_HEARTBEAT {datanodeUUID=f789f48f-f3d7-45ec-9bba-6a89e2bdcc9c, command=[]} | ret=SUCCESS |  
2019-08-22 07:03:37,903 | INFO  | DNAudit | user=null | ip=null | op=WRITE_CHUNK {blockData=conID: 3 locID: 102659353335759429 bcsId: 3517} | ret=SUCCESS |  
2019-08-22 07:03:37,903 | INFO  | DNAudit | user=null | ip=null | op=PUT_BLOCK {blockData=[blockId=conID: 3 locID: 102659353335759429 bcsId: 0,size=3145728]} | ret=SUCCESS |  
2019-08-22 07:03:37,903 [grpc-default-executor-3] INFO  client.GrpcClientProtocolClient (GrpcClientProtocolClient.java:onNext(255)) - client-CF63D631FA17->3cf1264f-5f6b-4138-aeee-2ff7d4522ead: receive RaftClientReply:client-CF63D631FA17->3cf1264f-5f6b-4138-aeee-2ff7d4522ead@group-561E16522154, cid=2370, SUCCESS, logIndex=3521, commits[3cf1264f-5f6b-4138-aeee-2ff7d4522ead:c3522, 4f0d1a15-8f14-4d9a-ad4f-8211e1245b5d:c3520, 6999f20e-c3f7-4db4-87ca-141c476f2a88:c3520]
2019-08-22 07:03:37,904 [grpc-default-executor-3] INFO  client.GrpcClientProtocolClient (GrpcClientProtocolClient.java:onNext(255)) - client-CF63D631FA17->3cf1264f-5f6b-4138-aeee-2ff7d4522ead: receive RaftClientReply:client-CF63D631FA17->3cf1264f-5f6b-4138-aeee-2ff7d4522ead@group-561E16522154, cid=2371, SUCCESS, logIndex=3522, commits[3cf1264f-5f6b-4138-aeee-2ff7d4522ead:c3522, 4f0d1a15-8f14-4d9a-ad4f-8211e1245b5d:c3520, 6999f20e-c3f7-4db4-87ca-141c476f2a88:c3520]
 0.00% |█                                                                                                    |  0/1 Time: 0:00:202019-08-22 07:03:37,910 | INFO  | DNAudit | user=null | ip=null | op=WRITE_CHUNK {blockData=conID: 3 locID: 102659353335759429 bcsId: 3522} | ret=SUCCESS |  
2019-08-22 07:03:37,912 | INFO  | DNAudit | user=null | ip=null | op=WRITE_CHUNK {blockData=conID: 3 locID: 102659353335759429 bcsId: 3522} | ret=SUCCESS |  
2019-08-22 07:03:37,912 | INFO  | DNAudit | user=null | ip=null | op=WRITE_CHUNK {blockData=conID: 3 locID: 102659353335759429 bcsId: 3522} | ret=SUCCESS |  
2019-08-22 07:03:37,914 | INFO  | DNAudit | user=null | ip=null | op=WRITE_CHUNK {blockData=conID: 3 locID: 102659353335759429 bcsId: 3517} | ret=SUCCESS |  
2019-08-22 07:03:37,914 | INFO  | DNAudit | user=null | ip=null | op=WRITE_CHUNK {blockData=conID: 3 locID: 102659353335759429 bcsId: 3517} | ret=SUCCESS |  
2019-08-22 07:03:37,917 | INFO  | DNAudit | user=null | ip=null | op=PUT_BLOCK {blockData=[blockId=conID: 3 locID: 102659353335759429 bcsId: 0,size=3145728]} | ret=SUCCESS |  
2019-08-22 07:03:37,917 | INFO  | DNAudit | user=null | ip=null | op=PUT_BLOCK {blockData=[blockId=conID: 3 locID: 102659353335759429 bcsId: 0,size=3145728]} | ret=SUCCESS |  
2019-08-22 07:03:37,917 | INFO  | DNAudit | user=null | ip=null | op=WRITE_CHUNK {blockData=conID: 3 locID: 102659353335759429 bcsId: 3522} | ret=SUCCESS |  
2019-08-22 07:03:37,918 | INFO  | DNAudit | user=null | ip=null | op=PUT_BLOCK {blockData=[blockId=conID: 3 locID: 102659353335759429 bcsId: 0,size=4194304]} | ret=SUCCESS |  
2019-08-22 07:03:37,918 [grpc-default-executor-0] INFO  client.GrpcClientProtocolClient (GrpcClientProtocolClient.java:onNext(255)) - client-CF63D631FA17->3cf1264f-5f6b-4138-aeee-2ff7d4522ead: receive RaftClientReply:client-CF63D631FA17->3cf1264f-5f6b-4138-aeee-2ff7d4522ead@group-561E16522154, cid=2372, SUCCESS, logIndex=3525, commits[3cf1264f-5f6b-4138-aeee-2ff7d4522ead:c3526, 4f0d1a15-8f14-4d9a-ad4f-8211e1245b5d:c3522, 6999f20e-c3f7-4db4-87ca-141c476f2a88:c3522]
2019-08-22 07:03:37,918 [grpc-default-executor-0] INFO  client.GrpcClientProtocolClient (GrpcClientProtocolClient.java:onNext(255)) - client-CF63D631FA17->3cf1264f-5f6b-4138-aeee-2ff7d4522ead: receive RaftClientReply:client-CF63D631FA17->3cf1264f-5f6b-4138-aeee-2ff7d4522ead@group-561E16522154, cid=2373, SUCCESS, logIndex=3526, commits[3cf1264f-5f6b-4138-aeee-2ff7d4522ead:c3526, 4f0d1a15-8f14-4d9a-ad4f-8211e1245b5d:c3522, 6999f20e-c3f7-4db4-87ca-141c476f2a88:c3522]
2019-08-22 07:03:37,925 | INFO  | SCMAudit | user=jenkins1000 | ip=192.168.34.31 | op=SEND_HEARTBEAT {datanodeUUID=4f0d1a15-8f14-4d9a-ad4f-8211e1245b5d, command=[]} | ret=SUCCESS |  
2019-08-22 07:03:37,925 | INFO  | SCMAudit | user=jenkins1000 | ip=192.168.34.31 | op=SEND_HEARTBEAT {datanodeUUID=6999f20e-c3f7-4db4-87ca-141c476f2a88, command=[]} | ret=SUCCESS |  
2019-08-22 07:03:37,925 | INFO  | SCMAudit | user=jenkins1000 | ip=192.168.34.31 | op=SEND_HEARTBEAT {datanodeUUID=3cf1264f-5f6b-4138-aeee-2ff7d4522ead, command=[]} | ret=SUCCESS |  
2019-08-22 07:03:37,929 | INFO  | DNAudit | user=null | ip=null | op=WRITE_CHUNK {blockData=conID: 3 locID: 102659353335759429 bcsId: 3522} | ret=SUCCESS |  
2019-08-22 07:03:37,929 | INFO  | DNAudit | user=null | ip=null | op=WRITE_CHUNK {blockData=conID: 3 locID: 102659353335759429 bcsId: 3522} | ret=SUCCESS |  
2019-08-22 07:03:37,930 | INFO  | DNAudit | user=null | ip=null | op=PUT_BLOCK {blockData=[blockId=conID: 3 locID: 102659353335759429 bcsId: 0,size=4194304]} | ret=SUCCESS |  
2019-08-22 07:03:37,930 | INFO  | DNAudit | user=null | ip=null | op=PUT_BLOCK {blockData=[blockId=conID: 3 locID: 102659353335759429 bcsId: 0,size=4194304]} | ret=SUCCESS |  
2019-08-22 07:03:37,931 [grpc-default-executor-0] INFO  client.GrpcClientProtocolClient (GrpcClientProtocolClient.java:onNext(255)) - client-CF63D631FA17->3cf1264f-5f6b-4138-aeee-2ff7d4522ead: receive RaftClientReply:client-CF63D631FA17->3cf1264f-5f6b-4138-aeee-2ff7d4522ead@group-561E16522154, cid=2374, SUCCESS, logIndex=0, commits[3cf1264f-5f6b-4138-aeee-2ff7d4522ead:c3528, 4f0d1a15-8f14-4d9a-ad4f-8211e1245b5d:c3526, 6999f20e-c3f7-4db4-87ca-141c476f2a88:c3526]
2019-08-22 07:03:37,935 | INFO  | SCMAudit | user=jenkins1000 | ip=192.168.34.31 | op=ALLOCATE_BLOCK {owner=04b6d46a-98e2-41b1-9f38-1870289993ea, size=4194304, type=RATIS, factor=THREE} | ret=SUCCESS |  
2019-08-22 07:03:37,937 | INFO  | OMAudit | user=jenkins1000 | ip=127.0.0.1 | op=ALLOCATE_BLOCK {volume=vol-0-14906, bucket=bucket-0-53153, key=key-0-33222, dataSize=0, replicationType=null, replicationFactor=null, keyLocationInfo=null, clientID=102659352017764754} | ret=SUCCESS |  
2019-08-22 07:03:37,945 | INFO  | DNAudit | user=null | ip=null | op=WRITE_CHUNK {blockData=conID: 1 locID: 102659353341788742 bcsId: 0} | ret=SUCCESS |  
2019-08-22 07:03:37,949 | INFO  | DNAudit | user=null | ip=null | op=WRITE_CHUNK {blockData=conID: 1 locID: 102659353341788742 bcsId: 0} | ret=SUCCESS |  
2019-08-22 07:03:37,949 | INFO  | DNAudit | user=null | ip=null | op=WRITE_CHUNK {blockData=conID: 1 locID: 102659353341788742 bcsId: 0} | ret=SUCCESS |  
2019-08-22 07:03:37,949 | INFO  | DNAudit | user=null | ip=null | op=WRITE_CHUNK {blockData=conID: 1 locID: 102659353341788742 bcsId: 0} | ret=SUCCESS |  
2019-08-22 07:03:37,950 | INFO  | DNAudit | user=null | ip=null | op=WRITE_CHUNK {blockData=conID: 1 locID: 102659353341788742 bcsId: 0} | ret=SUCCESS |  
2019-08-22 07:03:37,951 | INFO  | DNAudit | user=null | ip=null | op=WRITE_CHUNK {blockData=conID: 1 locID: 102659353341788742 bcsId: 0} | ret=SUCCESS |  
2019-08-22 07:03:37,957 | INFO  | DNAudit | user=null | ip=null | op=WRITE_CHUNK {blockData=conID: 1 locID: 102659353341788742 bcsId: 0} | ret=SUCCESS |  
2019-08-22 07:03:37,958 | INFO  | DNAudit | user=null | ip=null | op=PUT_BLOCK {blockData=[blockId=conID: 1 locID: 102659353341788742 bcsId: 0,size=1048576]} | ret=SUCCESS |  
2019-08-22 07:03:37,958 [grpc-default-executor-5] INFO  client.GrpcClientProtocolClient (GrpcClientProtocolClient.java:onNext(255)) - client-CF63D631FA17->3cf1264f-5f6b-4138-aeee-2ff7d4522ead: receive RaftClientReply:client-CF63D631FA17->3cf1264f-5f6b-4138-aeee-2ff7d4522ead@group-561E16522154, cid=2375, SUCCESS, logIndex=3529, commits[3cf1264f-5f6b-4138-aeee-2ff7d4522ead:c3530, 4f0d1a15-8f14-4d9a-ad4f-8211e1245b5d:c3528, 6999f20e-c3f7-4db4-87ca-141c476f2a88:c3528]
2019-08-22 07:03:37,958 | INFO  | DNAudit | user=null | ip=null | op=WRITE_CHUNK {blockData=conID: 1 locID: 102659353341788742 bcsId: 0} | ret=SUCCESS |  
2019-08-22 07:03:37,958 | INFO  | DNAudit | user=null | ip=null | op=WRITE_CHUNK {blockData=conID: 1 locID: 102659353341788742 bcsId: 0} | ret=SUCCESS |  
2019-08-22 07:03:37,959 | INFO  | DNAudit | user=null | ip=null | op=PUT_BLOCK {blockData=[blockId=conID: 1 locID: 102659353341788742 bcsId: 0,size=2097152]} | ret=SUCCESS |  
2019-08-22 07:03:37,959 [grpc-default-executor-5] INFO  client.GrpcClientProtocolClient (GrpcClientProtocolClient.java:onNext(255)) - client-CF63D631FA17->3cf1264f-5f6b-4138-aeee-2ff7d4522ead: receive RaftClientReply:client-CF63D631FA17->3cf1264f-5f6b-4138-aeee-2ff7d4522ead@group-561E16522154, cid=2376, SUCCESS, logIndex=3530, commits[3cf1264f-5f6b-4138-aeee-2ff7d4522ead:c3532, 4f0d1a15-8f14-4d9a-ad4f-8211e1245b5d:c3528, 6999f20e-c3f7-4db4-87ca-141c476f2a88:c3528]
2019-08-22 07:03:37,959 [grpc-default-executor-5] INFO  client.GrpcClientProtocolClient (GrpcClientProtocolClient.java:onNext(255)) - client-CF63D631FA17->3cf1264f-5f6b-4138-aeee-2ff7d4522ead: receive RaftClientReply:client-CF63D631FA17->3cf1264f-5f6b-4138-aeee-2ff7d4522ead@group-561E16522154, cid=2377, SUCCESS, logIndex=3531, commits[3cf1264f-5f6b-4138-aeee-2ff7d4522ead:c3533, 4f0d1a15-8f14-4d9a-ad4f-8211e1245b5d:c3528, 6999f20e-c3f7-4db4-87ca-141c476f2a88:c3529]
2019-08-22 07:03:37,959 | INFO  | DNAudit | user=null | ip=null | op=WRITE_CHUNK {blockData=conID: 1 locID: 102659353341788742 bcsId: 0} | ret=SUCCESS |  
2019-08-22 07:03:37,959 [grpc-default-executor-0] INFO  client.GrpcClientProtocolClient (GrpcClientProtocolClient.java:onNext(255)) - client-CF63D631FA17->3cf1264f-5f6b-4138-aeee-2ff7d4522ead: receive RaftClientReply:client-CF63D631FA17->3cf1264f-5f6b-4138-aeee-2ff7d4522ead@group-561E16522154, cid=2378, SUCCESS, logIndex=3532, commits[3cf1264f-5f6b-4138-aeee-2ff7d4522ead:c3533, 4f0d1a15-8f14-4d9a-ad4f-8211e1245b5d:c3528, 6999f20e-c3f7-4db4-87ca-141c476f2a88:c3529]
2019-08-22 07:03:37,960 | INFO  | DNAudit | user=null | ip=null | op=PUT_BLOCK {blockData=[blockId=conID: 1 locID: 102659353341788742 bcsId: 0,size=1048576]} | ret=SUCCESS |  
2019-08-22 07:03:37,960 | INFO  | DNAudit | user=null | ip=null | op=PUT_BLOCK {blockData=[blockId=conID: 1 locID: 102659353341788742 bcsId: 0,size=1048576]} | ret=SUCCESS |  
2019-08-22 07:03:37,960 | INFO  | DNAudit | user=null | ip=null | op=WRITE_CHUNK {blockData=conID: 1 locID: 102659353341788742 bcsId: 0} | ret=SUCCESS |  
2019-08-22 07:03:37,960 | INFO  | DNAudit | user=null | ip=null | op=PUT_BLOCK {blockData=[blockId=conID: 1 locID: 102659353341788742 bcsId: 0,size=2097152]} | ret=SUCCESS |  
2019-08-22 07:03:37,960 | INFO  | DNAudit | user=null | ip=null | op=WRITE_CHUNK {blockData=conID: 1 locID: 102659353341788742 bcsId: 0} | ret=SUCCESS |  
2019-08-22 07:03:37,960 | INFO  | DNAudit | user=null | ip=null | op=PUT_BLOCK {blockData=[blockId=conID: 1 locID: 102659353341788742 bcsId: 0,size=2097152]} | ret=SUCCESS |  
2019-08-22 07:03:37,961 [grpc-default-executor-5] INFO  client.GrpcClientProtocolClient (GrpcClientProtocolClient.java:onNext(255)) - client-CF63D631FA17->3cf1264f-5f6b-4138-aeee-2ff7d4522ead: receive RaftClientReply:client-CF63D631FA17->3cf1264f-5f6b-4138-aeee-2ff7d4522ead@group-561E16522154, cid=2379, SUCCESS, logIndex=0, commits[3cf1264f-5f6b-4138-aeee-2ff7d4522ead:c3536, 4f0d1a15-8f14-4d9a-ad4f-8211e1245b5d:c3530, 6999f20e-c3f7-4db4-87ca-141c476f2a88:c3532]
2019-08-22 07:03:37,967 | INFO  | DNAudit | user=null | ip=null | op=WRITE_CHUNK {blockData=conID: 1 locID: 102659353341788742 bcsId: 3532} | ret=SUCCESS |  
2019-08-22 07:03:37,970 | INFO  | DNAudit | user=null | ip=null | op=WRITE_CHUNK {blockData=conID: 1 locID: 102659353341788742 bcsId: 3532} | ret=SUCCESS |  
2019-08-22 07:03:37,970 | INFO  | DNAudit | user=null | ip=null | op=WRITE_CHUNK {blockData=conID: 1 locID: 102659353341788742 bcsId: 3532} | ret=SUCCESS |  
2019-08-22 07:03:37,979 | INFO  | DNAudit | user=null | ip=null | op=WRITE_CHUNK {blockData=conID: 1 locID: 102659353341788742 bcsId: 3532} | ret=SUCCESS |  
2019-08-22 07:03:37,979 | INFO  | DNAudit | user=null | ip=null | op=PUT_BLOCK {blockData=[blockId=conID: 1 locID: 102659353341788742 bcsId: 0,size=3145728]} | ret=SUCCESS |  
2019-08-22 07:03:37,979 [grpc-default-executor-3] INFO  client.GrpcClientProtocolClient (GrpcClientProtocolClient.java:onNext(255)) - client-CF63D631FA17->3cf1264f-5f6b-4138-aeee-2ff7d4522ead: receive RaftClientReply:client-CF63D631FA17->3cf1264f-5f6b-4138-aeee-2ff7d4522ead@group-561E16522154, cid=2380, SUCCESS, logIndex=3537, commits[3cf1264f-5f6b-4138-aeee-2ff7d4522ead:c3538, 4f0d1a15-8f14-4d9a-ad4f-8211e1245b5d:c3536, 6999f20e-c3f7-4db4-87ca-141c476f2a88:c3536]
2019-08-22 07:03:37,980 [grpc-default-executor-3] INFO  client.GrpcClientProtocolClient (GrpcClientProtocolClient.java:onNext(255)) - client-CF63D631FA17->3cf1264f-5f6b-4138-aeee-2ff7d4522ead: receive RaftClientReply:client-CF63D631FA17->3cf1264f-5f6b-4138-aeee-2ff7d4522ead@group-561E16522154, cid=2381, SUCCESS, logIndex=3538, commits[3cf1264f-5f6b-4138-aeee-2ff7d4522ead:c3538, 4f0d1a15-8f14-4d9a-ad4f-8211e1245b5d:c3536, 6999f20e-c3f7-4db4-87ca-141c476f2a88:c3536]
2019-08-22 07:03:37,986 | INFO  | DNAudit | user=null | ip=null | op=WRITE_CHUNK {blockData=conID: 1 locID: 102659353341788742 bcsId: 3538} | ret=SUCCESS |  
2019-08-22 07:03:37,988 | INFO  | DNAudit | user=null | ip=null | op=WRITE_CHUNK {blockData=conID: 1 locID: 102659353341788742 bcsId: 3538} | ret=SUCCESS |  
2019-08-22 07:03:37,989 | INFO  | DNAudit | user=null | ip=null | op=WRITE_CHUNK {blockData=conID: 1 locID: 102659353341788742 bcsId: 3538} | ret=SUCCESS |  
2019-08-22 07:03:37,990 | INFO  | DNAudit | user=null | ip=null | op=WRITE_CHUNK {blockData=conID: 1 locID: 102659353341788742 bcsId: 3532} | ret=SUCCESS |  
2019-08-22 07:03:37,991 | INFO  | DNAudit | user=null | ip=null | op=WRITE_CHUNK {blockData=conID: 1 locID: 102659353341788742 bcsId: 3532} | ret=SUCCESS |  
2019-08-22 07:03:37,991 | INFO  | DNAudit | user=null | ip=null | op=PUT_BLOCK {blockData=[blockId=conID: 1 locID: 102659353341788742 bcsId: 0,size=3145728]} | ret=SUCCESS |  
2019-08-22 07:03:37,993 | INFO  | DNAudit | user=null | ip=null | op=PUT_BLOCK {blockData=[blockId=conID: 1 locID: 102659353341788742 bcsId: 0,size=3145728]} | ret=SUCCESS |  
2019-08-22 07:03:37,994 | INFO  | DNAudit | user=null | ip=null | op=WRITE_CHUNK {blockData=conID: 1 locID: 102659353341788742 bcsId: 3538} | ret=SUCCESS |  
2019-08-22 07:03:37,994 | INFO  | DNAudit | user=null | ip=null | op=PUT_BLOCK {blockData=[blockId=conID: 1 locID: 102659353341788742 bcsId: 0,size=4194304]} | ret=SUCCESS |  
2019-08-22 07:03:37,994 [grpc-default-executor-3] INFO  client.GrpcClientProtocolClient (GrpcClientProtocolClient.java:onNext(255)) - client-CF63D631FA17->3cf1264f-5f6b-4138-aeee-2ff7d4522ead: receive RaftClientReply:client-CF63D631FA17->3cf1264f-5f6b-4138-aeee-2ff7d4522ead@group-561E16522154, cid=2382, SUCCESS, logIndex=3541, commits[3cf1264f-5f6b-4138-aeee-2ff7d4522ead:c3542, 4f0d1a15-8f14-4d9a-ad4f-8211e1245b5d:c3538, 6999f20e-c3f7-4db4-87ca-141c476f2a88:c3538]
2019-08-22 07:03:37,995 [grpc-default-executor-3] INFO  client.GrpcClientProtocolClient (GrpcClientProtocolClient.java:onNext(255)) - client-CF63D631FA17->3cf1264f-5f6b-4138-aeee-2ff7d4522ead: receive RaftClientReply:client-CF63D631FA17->3cf1264f-5f6b-4138-aeee-2ff7d4522ead@group-561E16522154, cid=2383, SUCCESS, logIndex=3542, commits[3cf1264f-5f6b-4138-aeee-2ff7d4522ead:c3542, 4f0d1a15-8f14-4d9a-ad4f-8211e1245b5d:c3538, 6999f20e-c3f7-4db4-87ca-141c476f2a88:c3538]
2019-08-22 07:03:38,005 | INFO  | DNAudit | user=null | ip=null | op=WRITE_CHUNK {blockData=conID: 1 locID: 102659353341788742 bcsId: 3538} | ret=SUCCESS |  
2019-08-22 07:03:38,005 | INFO  | DNAudit | user=null | ip=null | op=WRITE_CHUNK {blockData=conID: 1 locID: 102659353341788742 bcsId: 3538} | ret=SUCCESS |  
2019-08-22 07:03:38,008 | INFO  | DNAudit | user=null | ip=null | op=PUT_BLOCK {blockData=[blockId=conID: 1 locID: 102659353341788742 bcsId: 0,size=4194304]} | ret=SUCCESS |  
2019-08-22 07:03:38,008 | INFO  | DNAudit | user=null | ip=null | op=PUT_BLOCK {blockData=[blockId=conID: 1 locID: 102659353341788742 bcsId: 0,size=4194304]} | ret=SUCCESS |  
2019-08-22 07:03:38,008 [grpc-default-executor-0] INFO  client.GrpcClientProtocolClient (GrpcClientProtocolClient.java:onNext(255)) - client-CF63D631FA17->3cf1264f-5f6b-4138-aeee-2ff7d4522ead: receive RaftClientReply:client-CF63D631FA17->3cf1264f-5f6b-4138-aeee-2ff7d4522ead@group-561E16522154, cid=2384, SUCCESS, logIndex=0, commits[3cf1264f-5f6b-4138-aeee-2ff7d4522ead:c3543, 4f0d1a15-8f14-4d9a-ad4f-8211e1245b5d:c3542, 6999f20e-c3f7-4db4-87ca-141c476f2a88:c3542]
2019-08-22 07:03:38,013 | INFO  | SCMAudit | user=jenkins1000 | ip=192.168.34.31 | op=ALLOCATE_BLOCK {owner=04b6d46a-98e2-41b1-9f38-1870289993ea, size=4194304, type=RATIS, factor=THREE} | ret=SUCCESS |  
2019-08-22 07:03:38,016 | INFO  | OMAudit | user=jenkins1000 | ip=127.0.0.1 | op=ALLOCATE_BLOCK {volume=vol-0-14906, bucket=bucket-0-53153, key=key-0-33222, dataSize=0, replicationType=null, replicationFactor=null, keyLocationInfo=null, clientID=102659352017764754} | ret=SUCCESS |  
2019-08-22 07:03:38,022 | INFO  | DNAudit | user=null | ip=null | op=WRITE_CHUNK {blockData=conID: 2 locID: 102659353346900551 bcsId: 0} | ret=SUCCESS |  
2019-08-22 07:03:38,024 | INFO  | DNAudit | user=null | ip=null | op=WRITE_CHUNK {blockData=conID: 2 locID: 102659353346900551 bcsId: 0} | ret=SUCCESS |  
2019-08-22 07:03:38,025 | INFO  | DNAudit | user=null | ip=null | op=WRITE_CHUNK {blockData=conID: 2 locID: 102659353346900551 bcsId: 0} | ret=SUCCESS |  
2019-08-22 07:03:38,025 | INFO  | DNAudit | user=null | ip=null | op=WRITE_CHUNK {blockData=conID: 2 locID: 102659353346900551 bcsId: 0} | ret=SUCCESS |  
2019-08-22 07:03:38,026 | INFO  | DNAudit | user=null | ip=null | op=WRITE_CHUNK {blockData=conID: 2 locID: 102659353346900551 bcsId: 0} | ret=SUCCESS |  
2019-08-22 07:03:38,026 | INFO  | DNAudit | user=null | ip=null | op=WRITE_CHUNK {blockData=conID: 2 locID: 102659353346900551 bcsId: 0} | ret=SUCCESS |  
2019-08-22 07:03:38,034 | INFO  | DNAudit | user=null | ip=null | op=WRITE_CHUNK {blockData=conID: 2 locID: 102659353346900551 bcsId: 0} | ret=SUCCESS |  
2019-08-22 07:03:38,035 | INFO  | DNAudit | user=null | ip=null | op=PUT_BLOCK {blockData=[blockId=conID: 2 locID: 102659353346900551 bcsId: 0,size=1048576]} | ret=SUCCESS |  
2019-08-22 07:03:38,035 [grpc-default-executor-0] INFO  client.GrpcClientProtocolClient (GrpcClientProtocolClient.java:onNext(255)) - client-CF63D631FA17->3cf1264f-5f6b-4138-aeee-2ff7d4522ead: receive RaftClientReply:client-CF63D631FA17->3cf1264f-5f6b-4138-aeee-2ff7d4522ead@group-561E16522154, cid=2385, SUCCESS, logIndex=3545, commits[3cf1264f-5f6b-4138-aeee-2ff7d4522ead:c3546, 4f0d1a15-8f14-4d9a-ad4f-8211e1245b5d:c3544, 6999f20e-c3f7-4db4-87ca-141c476f2a88:c3544]
2019-08-22 07:03:38,035 | INFO  | DNAudit | user=null | ip=null | op=WRITE_CHUNK {blockData=conID: 2 locID: 102659353346900551 bcsId: 0} | ret=SUCCESS |  
2019-08-22 07:03:38,035 [grpc-default-executor-0] INFO  client.GrpcClientProtocolClient (GrpcClientProtocolClient.java:onNext(255)) - client-CF63D631FA17->3cf1264f-5f6b-4138-aeee-2ff7d4522ead: receive RaftClientReply:client-CF63D631FA17->3cf1264f-5f6b-4138-aeee-2ff7d4522ead@group-561E16522154, cid=2386, SUCCESS, logIndex=3546, commits[3cf1264f-5f6b-4138-aeee-2ff7d4522ead:c3548, 4f0d1a15-8f14-4d9a-ad4f-8211e1245b5d:c3544, 6999f20e-c3f7-4db4-87ca-141c476f2a88:c3544]
2019-08-22 07:03:38,035 | INFO  | DNAudit | user=null | ip=null | op=PUT_BLOCK {blockData=[blockId=conID: 2 locID: 102659353346900551 bcsId: 0,size=2097152]} | ret=SUCCESS |  
2019-08-22 07:03:38,036 [grpc-default-executor-0] INFO  client.GrpcClientProtocolClient (GrpcClientProtocolClient.java:onNext(255)) - client-CF63D631FA17->3cf1264f-5f6b-4138-aeee-2ff7d4522ead: receive RaftClientReply:client-CF63D631FA17->3cf1264f-5f6b-4138-aeee-2ff7d4522ead@group-561E16522154, cid=2387, SUCCESS, logIndex=3547, commits[3cf1264f-5f6b-4138-aeee-2ff7d4522ead:c3548, 4f0d1a15-8f14-4d9a-ad4f-8211e1245b5d:c3544, 6999f20e-c3f7-4db4-87ca-141c476f2a88:c3544]
2019-08-22 07:03:38,036 | INFO  | DNAudit | user=null | ip=null | op=WRITE_CHUNK {blockData=conID: 2 locID: 102659353346900551 bcsId: 0} | ret=SUCCESS |  
2019-08-22 07:03:38,036 | INFO  | DNAudit | user=null | ip=null | op=WRITE_CHUNK {blockData=conID: 2 locID: 102659353346900551 bcsId: 0} | ret=SUCCESS |  
2019-08-22 07:03:38,036 [grpc-default-executor-5] INFO  client.GrpcClientProtocolClient (GrpcClientProtocolClient.java:onNext(255)) - client-CF63D631FA17->3cf1264f-5f6b-4138-aeee-2ff7d4522ead: receive RaftClientReply:client-CF63D631FA17->3cf1264f-5f6b-4138-aeee-2ff7d4522ead@group-561E16522154, cid=2388, SUCCESS, logIndex=3548, commits[3cf1264f-5f6b-4138-aeee-2ff7d4522ead:c3548, 4f0d1a15-8f14-4d9a-ad4f-8211e1245b5d:c3544, 6999f20e-c3f7-4db4-87ca-141c476f2a88:c3544]
2019-08-22 07:03:38,036 | INFO  | DNAudit | user=null | ip=null | op=PUT_BLOCK {blockData=[blockId=conID: 2 locID: 102659353346900551 bcsId: 0,size=1048576]} | ret=SUCCESS |  
2019-08-22 07:03:38,037 | INFO  | DNAudit | user=null | ip=null | op=WRITE_CHUNK {blockData=conID: 2 locID: 102659353346900551 bcsId: 0} | ret=SUCCESS |  
2019-08-22 07:03:38,037 | INFO  | DNAudit | user=null | ip=null | op=PUT_BLOCK {blockData=[blockId=conID: 2 locID: 102659353346900551 bcsId: 0,size=1048576]} | ret=SUCCESS |  
2019-08-22 07:03:38,038 | INFO  | DNAudit | user=null | ip=null | op=PUT_BLOCK {blockData=[blockId=conID: 2 locID: 102659353346900551 bcsId: 0,size=2097152]} | ret=SUCCESS |  
2019-08-22 07:03:38,038 | INFO  | DNAudit | user=null | ip=null | op=WRITE_CHUNK {blockData=conID: 2 locID: 102659353346900551 bcsId: 0} | ret=SUCCESS |  
2019-08-22 07:03:38,038 [grpc-default-executor-5] INFO  client.GrpcClientProtocolClient (GrpcClientProtocolClient.java:onNext(255)) - client-CF63D631FA17->3cf1264f-5f6b-4138-aeee-2ff7d4522ead: receive RaftClientReply:client-CF63D631FA17->3cf1264f-5f6b-4138-aeee-2ff7d4522ead@group-561E16522154, cid=2389, SUCCESS, logIndex=0, commits[3cf1264f-5f6b-4138-aeee-2ff7d4522ead:c3551, 4f0d1a15-8f14-4d9a-ad4f-8211e1245b5d:c3546, 6999f20e-c3f7-4db4-87ca-141c476f2a88:c3547]
2019-08-22 07:03:38,038 | INFO  | DNAudit | user=null | ip=null | op=PUT_BLOCK {blockData=[blockId=conID: 2 locID: 102659353346900551 bcsId: 0,size=2097152]} | ret=SUCCESS |  
2019-08-22 07:03:38,044 | INFO  | DNAudit | user=null | ip=null | op=WRITE_CHUNK {blockData=conID: 2 locID: 102659353346900551 bcsId: 3548} | ret=SUCCESS |  
2019-08-22 07:03:38,045 | INFO  | DNAudit | user=null | ip=null | op=WRITE_CHUNK {blockData=conID: 2 locID: 102659353346900551 bcsId: 3548} | ret=SUCCESS |  
2019-08-22 07:03:38,046 | INFO  | DNAudit | user=null | ip=null | op=WRITE_CHUNK {blockData=conID: 2 locID: 102659353346900551 bcsId: 3548} | ret=SUCCESS |  
2019-08-22 07:03:38,056 | INFO  | DNAudit | user=null | ip=null | op=WRITE_CHUNK {blockData=conID: 2 locID: 102659353346900551 bcsId: 3548} | ret=SUCCESS |  
2019-08-22 07:03:38,057 | INFO  | DNAudit | user=null | ip=null | op=PUT_BLOCK {blockData=[blockId=conID: 2 locID: 102659353346900551 bcsId: 0,size=3145728]} | ret=SUCCESS |  
2019-08-22 07:03:38,057 [grpc-default-executor-5] INFO  client.GrpcClientProtocolClient (GrpcClientProtocolClient.java:onNext(255)) - client-CF63D631FA17->3cf1264f-5f6b-4138-aeee-2ff7d4522ead: receive RaftClientReply:client-CF63D631FA17->3cf1264f-5f6b-4138-aeee-2ff7d4522ead@group-561E16522154, cid=2390, SUCCESS, logIndex=3553, commits[3cf1264f-5f6b-4138-aeee-2ff7d4522ead:c3554, 4f0d1a15-8f14-4d9a-ad4f-8211e1245b5d:c3552, 6999f20e-c3f7-4db4-87ca-141c476f2a88:c3552]
2019-08-22 07:03:38,057 [grpc-default-executor-5] INFO  client.GrpcClientProtocolClient (GrpcClientProtocolClient.java:onNext(255)) - client-CF63D631FA17->3cf1264f-5f6b-4138-aeee-2ff7d4522ead: receive RaftClientReply:client-CF63D631FA17->3cf1264f-5f6b-4138-aeee-2ff7d4522ead@group-561E16522154, cid=2391, SUCCESS, logIndex=3554, commits[3cf1264f-5f6b-4138-aeee-2ff7d4522ead:c3554, 4f0d1a15-8f14-4d9a-ad4f-8211e1245b5d:c3552, 6999f20e-c3f7-4db4-87ca-141c476f2a88:c3552]
2019-08-22 07:03:38,063 | INFO  | DNAudit | user=null | ip=null | op=WRITE_CHUNK {blockData=conID: 2 locID: 102659353346900551 bcsId: 3554} | ret=SUCCESS |  
2019-08-22 07:03:38,065 | INFO  | DNAudit | user=null | ip=null | op=WRITE_CHUNK {blockData=conID: 2 locID: 102659353346900551 bcsId: 3554} | ret=SUCCESS |  
2019-08-22 07:03:38,067 | INFO  | DNAudit | user=null | ip=null | op=WRITE_CHUNK {blockData=conID: 2 locID: 102659353346900551 bcsId: 3554} | ret=SUCCESS |  
2019-08-22 07:03:38,068 | INFO  | DNAudit | user=null | ip=null | op=WRITE_CHUNK {blockData=conID: 2 locID: 102659353346900551 bcsId: 3548} | ret=SUCCESS |  
2019-08-22 07:03:38,068 | INFO  | DNAudit | user=null | ip=null | op=WRITE_CHUNK {blockData=conID: 2 locID: 102659353346900551 bcsId: 3548} | ret=SUCCESS |  
2019-08-22 07:03:38,069 | INFO  | DNAudit | user=null | ip=null | op=PUT_BLOCK {blockData=[blockId=conID: 2 locID: 102659353346900551 bcsId: 0,size=3145728]} | ret=SUCCESS |  
2019-08-22 07:03:38,070 | INFO  | DNAudit | user=null | ip=null | op=PUT_BLOCK {blockData=[blockId=conID: 2 locID: 102659353346900551 bcsId: 0,size=3145728]} | ret=SUCCESS |  
2019-08-22 07:03:38,070 | INFO  | DNAudit | user=null | ip=null | op=WRITE_CHUNK {blockData=conID: 2 locID: 102659353346900551 bcsId: 3554} | ret=SUCCESS |  
2019-08-22 07:03:38,071 | INFO  | DNAudit | user=null | ip=null | op=PUT_BLOCK {blockData=[blockId=conID: 2 locID: 102659353346900551 bcsId: 0,size=4194304]} | ret=SUCCESS |  
2019-08-22 07:03:38,071 [grpc-default-executor-0] INFO  client.GrpcClientProtocolClient (GrpcClientProtocolClient.java:onNext(255)) - client-CF63D631FA17->3cf1264f-5f6b-4138-aeee-2ff7d4522ead: receive RaftClientReply:client-CF63D631FA17->3cf1264f-5f6b-4138-aeee-2ff7d4522ead@group-561E16522154, cid=2392, SUCCESS, logIndex=3557, commits[3cf1264f-5f6b-4138-aeee-2ff7d4522ead:c3558, 4f0d1a15-8f14-4d9a-ad4f-8211e1245b5d:c3554, 6999f20e-c3f7-4db4-87ca-141c476f2a88:c3554]
2019-08-22 07:03:38,071 [grpc-default-executor-0] INFO  client.GrpcClientProtocolClient (GrpcClientProtocolClient.java:onNext(255)) - client-CF63D631FA17->3cf1264f-5f6b-4138-aeee-2ff7d4522ead: receive RaftClientReply:client-CF63D631FA17->3cf1264f-5f6b-4138-aeee-2ff7d4522ead@group-561E16522154, cid=2393, SUCCESS, logIndex=3558, commits[3cf1264f-5f6b-4138-aeee-2ff7d4522ead:c3558, 4f0d1a15-8f14-4d9a-ad4f-8211e1245b5d:c3554, 6999f20e-c3f7-4db4-87ca-141c476f2a88:c3554]
2019-08-22 07:03:38,072 | INFO  | DNAudit | user=null | ip=null | op=WRITE_CHUNK {blockData=conID: 2 locID: 102659353346900551 bcsId: 3554} | ret=SUCCESS |  
2019-08-22 07:03:38,073 | INFO  | DNAudit | user=null | ip=null | op=WRITE_CHUNK {blockData=conID: 2 locID: 102659353346900551 bcsId: 3554} | ret=SUCCESS |  
2019-08-22 07:03:38,075 | INFO  | DNAudit | user=null | ip=null | op=PUT_BLOCK {blockData=[blockId=conID: 2 locID: 102659353346900551 bcsId: 0,size=4194304]} | ret=SUCCESS |  
2019-08-22 07:03:38,075 | INFO  | DNAudit | user=null | ip=null | op=PUT_BLOCK {blockData=[blockId=conID: 2 locID: 102659353346900551 bcsId: 0,size=4194304]} | ret=SUCCESS |  
2019-08-22 07:03:38,076 [grpc-default-executor-0] INFO  client.GrpcClientProtocolClient (GrpcClientProtocolClient.java:onNext(255)) - client-CF63D631FA17->3cf1264f-5f6b-4138-aeee-2ff7d4522ead: receive RaftClientReply:client-CF63D631FA17->3cf1264f-5f6b-4138-aeee-2ff7d4522ead@group-561E16522154, cid=2394, SUCCESS, logIndex=0, commits[3cf1264f-5f6b-4138-aeee-2ff7d4522ead:c3560, 4f0d1a15-8f14-4d9a-ad4f-8211e1245b5d:c3558, 6999f20e-c3f7-4db4-87ca-141c476f2a88:c3558]
2019-08-22 07:03:38,082 | INFO  | SCMAudit | user=jenkins1000 | ip=192.168.34.31 | op=ALLOCATE_BLOCK {owner=04b6d46a-98e2-41b1-9f38-1870289993ea, size=4194304, type=RATIS, factor=THREE} | ret=SUCCESS |  
2019-08-22 07:03:38,085 | INFO  | OMAudit | user=jenkins1000 | ip=127.0.0.1 | op=ALLOCATE_BLOCK {volume=vol-0-14906, bucket=bucket-0-53153, key=key-0-33222, dataSize=0, replicationType=null, replicationFactor=null, keyLocationInfo=null, clientID=102659352017764754} | ret=SUCCESS |  
2019-08-22 07:03:38,092 | INFO  | DNAudit | user=null | ip=null | op=WRITE_CHUNK {blockData=conID: 3 locID: 102659353351422536 bcsId: 0} | ret=SUCCESS |  
2019-08-22 07:03:38,094 | INFO  | DNAudit | user=null | ip=null | op=WRITE_CHUNK {blockData=conID: 3 locID: 102659353351422536 bcsId: 0} | ret=SUCCESS |  
2019-08-22 07:03:38,095 | INFO  | DNAudit | user=null | ip=null | op=WRITE_CHUNK {blockData=conID: 3 locID: 102659353351422536 bcsId: 0} | ret=SUCCESS |  
2019-08-22 07:03:38,096 | INFO  | DNAudit | user=null | ip=null | op=WRITE_CHUNK {blockData=conID: 3 locID: 102659353351422536 bcsId: 0} | ret=SUCCESS |  
2019-08-22 07:03:38,097 | INFO  | DNAudit | user=null | ip=null | op=WRITE_CHUNK {blockData=conID: 3 locID: 102659353351422536 bcsId: 0} | ret=SUCCESS |  
2019-08-22 07:03:38,097 | INFO  | DNAudit | user=null | ip=null | op=WRITE_CHUNK {blockData=conID: 3 locID: 102659353351422536 bcsId: 0} | ret=SUCCESS |  
2019-08-22 07:03:38,098 | INFO  | DNAudit | user=null | ip=null | op=PUT_BLOCK {blockData=[blockId=conID: 3 locID: 102659353351422536 bcsId: 0,size=1048576]} | ret=SUCCESS |  
2019-08-22 07:03:38,098 | INFO  | DNAudit | user=null | ip=null | op=WRITE_CHUNK {blockData=conID: 3 locID: 102659353351422536 bcsId: 0} | ret=SUCCESS |  
2019-08-22 07:03:38,098 [grpc-default-executor-0] INFO  client.GrpcClientProtocolClient (GrpcClientProtocolClient.java:onNext(255)) - client-CF63D631FA17->3cf1264f-5f6b-4138-aeee-2ff7d4522ead: receive RaftClientReply:client-CF63D631FA17->3cf1264f-5f6b-4138-aeee-2ff7d4522ead@group-561E16522154, cid=2395, SUCCESS, logIndex=3561, commits[3cf1264f-5f6b-4138-aeee-2ff7d4522ead:c3562, 4f0d1a15-8f14-4d9a-ad4f-8211e1245b5d:c3558, 6999f20e-c3f7-4db4-87ca-141c476f2a88:c3560]
2019-08-22 07:03:38,099 [grpc-default-executor-0] INFO  client.GrpcClientProtocolClient (GrpcClientProtocolClient.java:onNext(255)) - client-CF63D631FA17->3cf1264f-5f6b-4138-aeee-2ff7d4522ead: receive RaftClientReply:client-CF63D631FA17->3cf1264f-5f6b-4138-aeee-2ff7d4522ead@group-561E16522154, cid=2396, SUCCESS, logIndex=3562, commits[3cf1264f-5f6b-4138-aeee-2ff7d4522ead:c3562, 4f0d1a15-8f14-4d9a-ad4f-8211e1245b5d:c3558, 6999f20e-c3f7-4db4-87ca-141c476f2a88:c3560]
2019-08-22 07:03:38,100 | INFO  | DNAudit | user=null | ip=null | op=WRITE_CHUNK {blockData=conID: 3 locID: 102659353351422536 bcsId: 0} | ret=SUCCESS |  
2019-08-22 07:03:38,100 | INFO  | DNAudit | user=null | ip=null | op=WRITE_CHUNK {blockData=conID: 3 locID: 102659353351422536 bcsId: 0} | ret=SUCCESS |  
2019-08-22 07:03:38,100 | INFO  | DNAudit | user=null | ip=null | op=WRITE_CHUNK {blockData=conID: 3 locID: 102659353351422536 bcsId: 0} | ret=SUCCESS |  
2019-08-22 07:03:38,100 | INFO  | DNAudit | user=null | ip=null | op=PUT_BLOCK {blockData=[blockId=conID: 3 locID: 102659353351422536 bcsId: 0,size=2097152]} | ret=SUCCESS |  
2019-08-22 07:03:38,100 | INFO  | DNAudit | user=null | ip=null | op=PUT_BLOCK {blockData=[blockId=conID: 3 locID: 102659353351422536 bcsId: 0,size=1048576]} | ret=SUCCESS |  
2019-08-22 07:03:38,100 | INFO  | DNAudit | user=null | ip=null | op=PUT_BLOCK {blockData=[blockId=conID: 3 locID: 102659353351422536 bcsId: 0,size=1048576]} | ret=SUCCESS |  
2019-08-22 07:03:38,101 [grpc-default-executor-3] INFO  client.GrpcClientProtocolClient (GrpcClientProtocolClient.java:onNext(255)) - client-CF63D631FA17->3cf1264f-5f6b-4138-aeee-2ff7d4522ead: receive RaftClientReply:client-CF63D631FA17->3cf1264f-5f6b-4138-aeee-2ff7d4522ead@group-561E16522154, cid=2397, SUCCESS, logIndex=3563, commits[3cf1264f-5f6b-4138-aeee-2ff7d4522ead:c3564, 4f0d1a15-8f14-4d9a-ad4f-8211e1245b5d:c3560, 6999f20e-c3f7-4db4-87ca-141c476f2a88:c3560]
2019-08-22 07:03:38,101 [grpc-default-executor-3] INFO  client.GrpcClientProtocolClient (GrpcClientProtocolClient.java:onNext(255)) - client-CF63D631FA17->3cf1264f-5f6b-4138-aeee-2ff7d4522ead: receive RaftClientReply:client-CF63D631FA17->3cf1264f-5f6b-4138-aeee-2ff7d4522ead@group-561E16522154, cid=2398, SUCCESS, logIndex=3564, commits[3cf1264f-5f6b-4138-aeee-2ff7d4522ead:c3565, 4f0d1a15-8f14-4d9a-ad4f-8211e1245b5d:c3562, 6999f20e-c3f7-4db4-87ca-141c476f2a88:c3562]
2019-08-22 07:03:38,102 | INFO  | DNAudit | user=null | ip=null | op=WRITE_CHUNK {blockData=conID: 3 locID: 102659353351422536 bcsId: 0} | ret=SUCCESS |  
2019-08-22 07:03:38,102 | INFO  | DNAudit | user=null | ip=null | op=WRITE_CHUNK {blockData=conID: 3 locID: 102659353351422536 bcsId: 0} | ret=SUCCESS |  
2019-08-22 07:03:38,102 | INFO  | DNAudit | user=null | ip=null | op=PUT_BLOCK {blockData=[blockId=conID: 3 locID: 102659353351422536 bcsId: 0,size=2097152]} | ret=SUCCESS |  
2019-08-22 07:03:38,102 | INFO  | DNAudit | user=null | ip=null | op=PUT_BLOCK {blockData=[blockId=conID: 3 locID: 102659353351422536 bcsId: 0,size=2097152]} | ret=SUCCESS |  
2019-08-22 07:03:38,106 | INFO  | DNAudit | user=null | ip=null | op=WRITE_CHUNK {blockData=conID: 3 locID: 102659353351422536 bcsId: 3564} | ret=SUCCESS |  
2019-08-22 07:03:38,260 | INFO  | DNAudit | user=null | ip=null | op=WRITE_CHUNK {blockData=conID: 3 locID: 102659353351422536 bcsId: 3564} | ret=SUCCESS |  
2019-08-22 07:03:38,260 | INFO  | DNAudit | user=null | ip=null | op=WRITE_CHUNK {blockData=conID: 3 locID: 102659353351422536 bcsId: 3564} | ret=SUCCESS |  
2019-08-22 07:03:38,272 | INFO  | DNAudit | user=null | ip=null | op=WRITE_CHUNK {blockData=conID: 3 locID: 102659353351422536 bcsId: 3564} | ret=SUCCESS |  
2019-08-22 07:03:38,273 | INFO  | DNAudit | user=null | ip=null | op=PUT_BLOCK {blockData=[blockId=conID: 3 locID: 102659353351422536 bcsId: 0,size=3145728]} | ret=SUCCESS |  
2019-08-22 07:03:38,273 [grpc-default-executor-5] INFO  client.GrpcClientProtocolClient (GrpcClientProtocolClient.java:onNext(255)) - client-CF63D631FA17->3cf1264f-5f6b-4138-aeee-2ff7d4522ead: receive RaftClientReply:client-CF63D631FA17->3cf1264f-5f6b-4138-aeee-2ff7d4522ead@group-561E16522154, cid=2399, SUCCESS, logIndex=3569, commits[3cf1264f-5f6b-4138-aeee-2ff7d4522ead:c3570, 4f0d1a15-8f14-4d9a-ad4f-8211e1245b5d:c3568, 6999f20e-c3f7-4db4-87ca-141c476f2a88:c3568]
2019-08-22 07:03:38,273 [grpc-default-executor-5] INFO  client.GrpcClientProtocolClient (GrpcClientProtocolClient.java:onNext(255)) - client-CF63D631FA17->3cf1264f-5f6b-4138-aeee-2ff7d4522ead: receive RaftClientReply:client-CF63D631FA17->3cf1264f-5f6b-4138-aeee-2ff7d4522ead@group-561E16522154, cid=2400, SUCCESS, logIndex=3570, commits[3cf1264f-5f6b-4138-aeee-2ff7d4522ead:c3570, 4f0d1a15-8f14-4d9a-ad4f-8211e1245b5d:c3568, 6999f20e-c3f7-4db4-87ca-141c476f2a88:c3568]
2019-08-22 07:03:38,281 | INFO  | DNAudit | user=null | ip=null | op=WRITE_CHUNK {blockData=conID: 3 locID: 102659353351422536 bcsId: 3570} | ret=SUCCESS |  
2019-08-22 07:03:38,284 | INFO  | DNAudit | user=null | ip=null | op=WRITE_CHUNK {blockData=conID: 3 locID: 102659353351422536 bcsId: 3564} | ret=SUCCESS |  
2019-08-22 07:03:38,284 | INFO  | DNAudit | user=null | ip=null | op=WRITE_CHUNK {blockData=conID: 3 locID: 102659353351422536 bcsId: 3564} | ret=SUCCESS |  
2019-08-22 07:03:38,284 | INFO  | DNAudit | user=null | ip=null | op=PUT_BLOCK {blockData=[blockId=conID: 3 locID: 102659353351422536 bcsId: 0,size=3145728]} | ret=SUCCESS |  
2019-08-22 07:03:38,284 | INFO  | DNAudit | user=null | ip=null | op=PUT_BLOCK {blockData=[blockId=conID: 3 locID: 102659353351422536 bcsId: 0,size=3145728]} | ret=SUCCESS |  
2019-08-22 07:03:38,285 | INFO  | DNAudit | user=null | ip=null | op=WRITE_CHUNK {blockData=conID: 3 locID: 102659353351422536 bcsId: 3570} | ret=SUCCESS |  
2019-08-22 07:03:38,285 | INFO  | DNAudit | user=null | ip=null | op=WRITE_CHUNK {blockData=conID: 3 locID: 102659353351422536 bcsId: 3570} | ret=SUCCESS |  
2019-08-22 07:03:38,297 | INFO  | DNAudit | user=null | ip=null | op=WRITE_CHUNK {blockData=conID: 3 locID: 102659353351422536 bcsId: 3570} | ret=SUCCESS |  
2019-08-22 07:03:38,297 | INFO  | DNAudit | user=null | ip=null | op=PUT_BLOCK {blockData=[blockId=conID: 3 locID: 102659353351422536 bcsId: 0,size=4194304]} | ret=SUCCESS |  
2019-08-22 07:03:38,297 [grpc-default-executor-5] INFO  client.GrpcClientProtocolClient (GrpcClientProtocolClient.java:onNext(255)) - client-CF63D631FA17->3cf1264f-5f6b-4138-aeee-2ff7d4522ead: receive RaftClientReply:client-CF63D631FA17->3cf1264f-5f6b-4138-aeee-2ff7d4522ead@group-561E16522154, cid=2401, SUCCESS, logIndex=3573, commits[3cf1264f-5f6b-4138-aeee-2ff7d4522ead:c3574, 4f0d1a15-8f14-4d9a-ad4f-8211e1245b5d:c3570, 6999f20e-c3f7-4db4-87ca-141c476f2a88:c3570]
2019-08-22 07:03:38,298 [grpc-default-executor-5] INFO  client.GrpcClientProtocolClient (GrpcClientProtocolClient.java:onNext(255)) - client-CF63D631FA17->3cf1264f-5f6b-4138-aeee-2ff7d4522ead: receive RaftClientReply:client-CF63D631FA17->3cf1264f-5f6b-4138-aeee-2ff7d4522ead@group-561E16522154, cid=2402, SUCCESS, logIndex=3574, commits[3cf1264f-5f6b-4138-aeee-2ff7d4522ead:c3574, 4f0d1a15-8f14-4d9a-ad4f-8211e1245b5d:c3570, 6999f20e-c3f7-4db4-87ca-141c476f2a88:c3570]
2019-08-22 07:03:38,308 | INFO  | DNAudit | user=null | ip=null | op=WRITE_CHUNK {blockData=conID: 3 locID: 102659353351422536 bcsId: 3570} | ret=SUCCESS |  
2019-08-22 07:03:38,308 | INFO  | DNAudit | user=null | ip=null | op=PUT_BLOCK {blockData=[blockId=conID: 3 locID: 102659353351422536 bcsId: 0,size=4194304]} | ret=SUCCESS |  
2019-08-22 07:03:38,308 | INFO  | DNAudit | user=null | ip=null | op=WRITE_CHUNK {blockData=conID: 3 locID: 102659353351422536 bcsId: 3570} | ret=SUCCESS |  
2019-08-22 07:03:38,309 | INFO  | DNAudit | user=null | ip=null | op=PUT_BLOCK {blockData=[blockId=conID: 3 locID: 102659353351422536 bcsId: 0,size=4194304]} | ret=SUCCESS |  
2019-08-22 07:03:38,309 [grpc-default-executor-3] INFO  client.GrpcClientProtocolClient (GrpcClientProtocolClient.java:onNext(255)) - client-CF63D631FA17->3cf1264f-5f6b-4138-aeee-2ff7d4522ead: receive RaftClientReply:client-CF63D631FA17->3cf1264f-5f6b-4138-aeee-2ff7d4522ead@group-561E16522154, cid=2403, SUCCESS, logIndex=0, commits[3cf1264f-5f6b-4138-aeee-2ff7d4522ead:c3575, 4f0d1a15-8f14-4d9a-ad4f-8211e1245b5d:c3574, 6999f20e-c3f7-4db4-87ca-141c476f2a88:c3574]
2019-08-22 07:03:38,315 | INFO  | SCMAudit | user=jenkins1000 | ip=192.168.34.31 | op=ALLOCATE_BLOCK {owner=04b6d46a-98e2-41b1-9f38-1870289993ea, size=4194304, type=RATIS, factor=THREE} | ret=SUCCESS |  
2019-08-22 07:03:38,320 | INFO  | OMAudit | user=jenkins1000 | ip=127.0.0.1 | op=ALLOCATE_BLOCK {volume=vol-0-14906, bucket=bucket-0-53153, key=key-0-33222, dataSize=0, replicationType=null, replicationFactor=null, keyLocationInfo=null, clientID=102659352017764754} | ret=SUCCESS |  
2019-08-22 07:03:38,328 | INFO  | DNAudit | user=null | ip=null | op=WRITE_CHUNK {blockData=conID: 1 locID: 102659353366692425 bcsId: 0} | ret=SUCCESS |  
2019-08-22 07:03:38,332 | INFO  | DNAudit | user=null | ip=null | op=WRITE_CHUNK {blockData=conID: 1 locID: 102659353366692425 bcsId: 0} | ret=SUCCESS |  
2019-08-22 07:03:38,332 | INFO  | DNAudit | user=null | ip=null | op=WRITE_CHUNK {blockData=conID: 1 locID: 102659353366692425 bcsId: 0} | ret=SUCCESS |  
2019-08-22 07:03:38,333 | INFO  | DNAudit | user=null | ip=null | op=WRITE_CHUNK {blockData=conID: 1 locID: 102659353366692425 bcsId: 0} | ret=SUCCESS |  
2019-08-22 07:03:38,336 | INFO  | DNAudit | user=null | ip=null | op=WRITE_CHUNK {blockData=conID: 1 locID: 102659353366692425 bcsId: 0} | ret=SUCCESS |  
2019-08-22 07:03:38,336 | INFO  | DNAudit | user=null | ip=null | op=WRITE_CHUNK {blockData=conID: 1 locID: 102659353366692425 bcsId: 0} | ret=SUCCESS |  
2019-08-22 07:03:38,344 | INFO  | DNAudit | user=null | ip=null | op=WRITE_CHUNK {blockData=conID: 1 locID: 102659353366692425 bcsId: 0} | ret=SUCCESS |  
2019-08-22 07:03:38,344 | INFO  | DNAudit | user=null | ip=null | op=PUT_BLOCK {blockData=[blockId=conID: 1 locID: 102659353366692425 bcsId: 0,size=1048576]} | ret=SUCCESS |  
2019-08-22 07:03:38,345 | INFO  | DNAudit | user=null | ip=null | op=WRITE_CHUNK {blockData=conID: 1 locID: 102659353366692425 bcsId: 0} | ret=SUCCESS |  
2019-08-22 07:03:38,345 [grpc-default-executor-1] INFO  client.GrpcClientProtocolClient (GrpcClientProtocolClient.java:onNext(255)) - client-CF63D631FA17->3cf1264f-5f6b-4138-aeee-2ff7d4522ead: receive RaftClientReply:client-CF63D631FA17->3cf1264f-5f6b-4138-aeee-2ff7d4522ead@group-561E16522154, cid=2404, SUCCESS, logIndex=3577, commits[3cf1264f-5f6b-4138-aeee-2ff7d4522ead:c3578, 4f0d1a15-8f14-4d9a-ad4f-8211e1245b5d:c3576, 6999f20e-c3f7-4db4-87ca-141c476f2a88:c3576]
2019-08-22 07:03:38,345 | INFO  | DNAudit | user=null | ip=null | op=PUT_BLOCK {blockData=[blockId=conID: 1 locID: 102659353366692425 bcsId: 0,size=2097152]} | ret=SUCCESS |  
2019-08-22 07:03:38,345 | INFO  | DNAudit | user=null | ip=null | op=WRITE_CHUNK {blockData=conID: 1 locID: 102659353366692425 bcsId: 0} | ret=SUCCESS |  
2019-08-22 07:03:38,345 [grpc-default-executor-1] INFO  client.GrpcClientProtocolClient (GrpcClientProtocolClient.java:onNext(255)) - client-CF63D631FA17->3cf1264f-5f6b-4138-aeee-2ff7d4522ead: receive RaftClientReply:client-CF63D631FA17->3cf1264f-5f6b-4138-aeee-2ff7d4522ead@group-561E16522154, cid=2405, SUCCESS, logIndex=3578, commits[3cf1264f-5f6b-4138-aeee-2ff7d4522ead:c3580, 4f0d1a15-8f14-4d9a-ad4f-8211e1245b5d:c3576, 6999f20e-c3f7-4db4-87ca-141c476f2a88:c3576]
2019-08-22 07:03:38,346 | INFO  | DNAudit | user=null | ip=null | op=PUT_BLOCK {blockData=[blockId=conID: 1 locID: 102659353366692425 bcsId: 0,size=1048576]} | ret=SUCCESS |  
2019-08-22 07:03:38,346 | INFO  | DNAudit | user=null | ip=null | op=WRITE_CHUNK {blockData=conID: 1 locID: 102659353366692425 bcsId: 0} | ret=SUCCESS |  
2019-08-22 07:03:38,346 [grpc-default-executor-1] INFO  client.GrpcClientProtocolClient (GrpcClientProtocolClient.java:onNext(255)) - client-CF63D631FA17->3cf1264f-5f6b-4138-aeee-2ff7d4522ead: receive RaftClientReply:client-CF63D631FA17->3cf1264f-5f6b-4138-aeee-2ff7d4522ead@group-561E16522154, cid=2406, SUCCESS, logIndex=3579, commits[3cf1264f-5f6b-4138-aeee-2ff7d4522ead:c3580, 4f0d1a15-8f14-4d9a-ad4f-8211e1245b5d:c3576, 6999f20e-c3f7-4db4-87ca-141c476f2a88:c3576]
2019-08-22 07:03:38,346 | INFO  | DNAudit | user=null | ip=null | op=PUT_BLOCK {blockData=[blockId=conID: 1 locID: 102659353366692425 bcsId: 0,size=1048576]} | ret=SUCCESS |  
2019-08-22 07:03:38,346 [grpc-default-executor-5] INFO  client.GrpcClientProtocolClient (GrpcClientProtocolClient.java:onNext(255)) - client-CF63D631FA17->3cf1264f-5f6b-4138-aeee-2ff7d4522ead: receive RaftClientReply:client-CF63D631FA17->3cf1264f-5f6b-4138-aeee-2ff7d4522ead@group-561E16522154, cid=2407, SUCCESS, logIndex=3580, commits[3cf1264f-5f6b-4138-aeee-2ff7d4522ead:c3581, 4f0d1a15-8f14-4d9a-ad4f-8211e1245b5d:c3578, 6999f20e-c3f7-4db4-87ca-141c476f2a88:c3576]
2019-08-22 07:03:38,348 | INFO  | DNAudit | user=null | ip=null | op=WRITE_CHUNK {blockData=conID: 1 locID: 102659353366692425 bcsId: 0} | ret=SUCCESS |  
2019-08-22 07:03:38,348 [grpc-default-executor-5] INFO  client.GrpcClientProtocolClient (GrpcClientProtocolClient.java:onNext(255)) - client-CF63D631FA17->3cf1264f-5f6b-4138-aeee-2ff7d4522ead: receive RaftClientReply:client-CF63D631FA17->3cf1264f-5f6b-4138-aeee-2ff7d4522ead@group-561E16522154, cid=2408, SUCCESS, logIndex=0, commits[3cf1264f-5f6b-4138-aeee-2ff7d4522ead:c3582, 4f0d1a15-8f14-4d9a-ad4f-8211e1245b5d:c3578, 6999f20e-c3f7-4db4-87ca-141c476f2a88:c3578]
2019-08-22 07:03:38,348 | INFO  | DNAudit | user=null | ip=null | op=PUT_BLOCK {blockData=[blockId=conID: 1 locID: 102659353366692425 bcsId: 0,size=2097152]} | ret=SUCCESS |  
2019-08-22 07:03:38,349 | INFO  | DNAudit | user=null | ip=null | op=WRITE_CHUNK {blockData=conID: 1 locID: 102659353366692425 bcsId: 0} | ret=SUCCESS |  
2019-08-22 07:03:38,349 | INFO  | DNAudit | user=null | ip=null | op=PUT_BLOCK {blockData=[blockId=conID: 1 locID: 102659353366692425 bcsId: 0,size=2097152]} | ret=SUCCESS |  
2019-08-22 07:03:38,354 | INFO  | DNAudit | user=null | ip=null | op=WRITE_CHUNK {blockData=conID: 1 locID: 102659353366692425 bcsId: 3580} | ret=SUCCESS |  
2019-08-22 07:03:38,358 | INFO  | DNAudit | user=null | ip=null | op=WRITE_CHUNK {blockData=conID: 1 locID: 102659353366692425 bcsId: 3580} | ret=SUCCESS |  
2019-08-22 07:03:38,358 | INFO  | DNAudit | user=null | ip=null | op=WRITE_CHUNK {blockData=conID: 1 locID: 102659353366692425 bcsId: 3580} | ret=SUCCESS |  
2019-08-22 07:03:38,367 | INFO  | DNAudit | user=null | ip=null | op=WRITE_CHUNK {blockData=conID: 1 locID: 102659353366692425 bcsId: 3580} | ret=SUCCESS |  
2019-08-22 07:03:38,367 | INFO  | DNAudit | user=null | ip=null | op=PUT_BLOCK {blockData=[blockId=conID: 1 locID: 102659353366692425 bcsId: 0,size=3145728]} | ret=SUCCESS |  
2019-08-22 07:03:38,368 [grpc-default-executor-0] INFO  client.GrpcClientProtocolClient (GrpcClientProtocolClient.java:onNext(255)) - client-CF63D631FA17->3cf1264f-5f6b-4138-aeee-2ff7d4522ead: receive RaftClientReply:client-CF63D631FA17->3cf1264f-5f6b-4138-aeee-2ff7d4522ead@group-561E16522154, cid=2409, SUCCESS, logIndex=3585, commits[3cf1264f-5f6b-4138-aeee-2ff7d4522ead:c3586, 4f0d1a15-8f14-4d9a-ad4f-8211e1245b5d:c3584, 6999f20e-c3f7-4db4-87ca-141c476f2a88:c3584]
2019-08-22 07:03:38,368 [grpc-default-executor-0] INFO  client.GrpcClientProtocolClient (GrpcClientProtocolClient.java:onNext(255)) - client-CF63D631FA17->3cf1264f-5f6b-4138-aeee-2ff7d4522ead: receive RaftClientReply:client-CF63D631FA17->3cf1264f-5f6b-4138-aeee-2ff7d4522ead@group-561E16522154, cid=2410, SUCCESS, logIndex=3586, commits[3cf1264f-5f6b-4138-aeee-2ff7d4522ead:c3586, 4f0d1a15-8f14-4d9a-ad4f-8211e1245b5d:c3584, 6999f20e-c3f7-4db4-87ca-141c476f2a88:c3584]
2019-08-22 07:03:38,375 | INFO  | DNAudit | user=null | ip=null | op=WRITE_CHUNK {blockData=conID: 1 locID: 102659353366692425 bcsId: 3586} | ret=SUCCESS |  
2019-08-22 07:03:38,378 | INFO  | DNAudit | user=null | ip=null | op=WRITE_CHUNK {blockData=conID: 1 locID: 102659353366692425 bcsId: 3586} | ret=SUCCESS |  
2019-08-22 07:03:38,378 | INFO  | DNAudit | user=null | ip=null | op=WRITE_CHUNK {blockData=conID: 1 locID: 102659353366692425 bcsId: 3586} | ret=SUCCESS |  
2019-08-22 07:03:38,380 | INFO  | DNAudit | user=null | ip=null | op=WRITE_CHUNK {blockData=conID: 1 locID: 102659353366692425 bcsId: 3580} | ret=SUCCESS |  
2019-08-22 07:03:38,381 | INFO  | DNAudit | user=null | ip=null | op=WRITE_CHUNK {blockData=conID: 1 locID: 102659353366692425 bcsId: 3580} | ret=SUCCESS |  
2019-08-22 07:03:38,382 | INFO  | DNAudit | user=null | ip=null | op=PUT_BLOCK {blockData=[blockId=conID: 1 locID: 102659353366692425 bcsId: 0,size=3145728]} | ret=SUCCESS |  
2019-08-22 07:03:38,382 | INFO  | DNAudit | user=null | ip=null | op=WRITE_CHUNK {blockData=conID: 1 locID: 102659353366692425 bcsId: 3586} | ret=SUCCESS |  
2019-08-22 07:03:38,382 | INFO  | DNAudit | user=null | ip=null | op=PUT_BLOCK {blockData=[blockId=conID: 1 locID: 102659353366692425 bcsId: 0,size=3145728]} | ret=SUCCESS |  
2019-08-22 07:03:38,383 | INFO  | DNAudit | user=null | ip=null | op=PUT_BLOCK {blockData=[blockId=conID: 1 locID: 102659353366692425 bcsId: 0,size=4194304]} | ret=SUCCESS |  
2019-08-22 07:03:38,383 [grpc-default-executor-1] INFO  client.GrpcClientProtocolClient (GrpcClientProtocolClient.java:onNext(255)) - client-CF63D631FA17->3cf1264f-5f6b-4138-aeee-2ff7d4522ead: receive RaftClientReply:client-CF63D631FA17->3cf1264f-5f6b-4138-aeee-2ff7d4522ead@group-561E16522154, cid=2411, SUCCESS, logIndex=3589, commits[3cf1264f-5f6b-4138-aeee-2ff7d4522ead:c3590, 4f0d1a15-8f14-4d9a-ad4f-8211e1245b5d:c3585, 6999f20e-c3f7-4db4-87ca-141c476f2a88:c3586]
2019-08-22 07:03:38,383 [grpc-default-executor-1] INFO  client.GrpcClientProtocolClient (GrpcClientProtocolClient.java:onNext(255)) - client-CF63D631FA17->3cf1264f-5f6b-4138-aeee-2ff7d4522ead: receive RaftClientReply:client-CF63D631FA17->3cf1264f-5f6b-4138-aeee-2ff7d4522ead@group-561E16522154, cid=2412, SUCCESS, logIndex=3590, commits[3cf1264f-5f6b-4138-aeee-2ff7d4522ead:c3590, 4f0d1a15-8f14-4d9a-ad4f-8211e1245b5d:c3586, 6999f20e-c3f7-4db4-87ca-141c476f2a88:c3586]
2019-08-22 07:03:38,383 | INFO  | DNAudit | user=null | ip=null | op=WRITE_CHUNK {blockData=conID: 1 locID: 102659353366692425 bcsId: 3586} | ret=SUCCESS |  
2019-08-22 07:03:38,386 | INFO  | DNAudit | user=null | ip=null | op=WRITE_CHUNK {blockData=conID: 1 locID: 102659353366692425 bcsId: 3586} | ret=SUCCESS |  
2019-08-22 07:03:38,396 | INFO  | DNAudit | user=null | ip=null | op=PUT_BLOCK {blockData=[blockId=conID: 1 locID: 102659353366692425 bcsId: 0,size=4194304]} | ret=SUCCESS |  
2019-08-22 07:03:38,397 | INFO  | DNAudit | user=null | ip=null | op=PUT_BLOCK {blockData=[blockId=conID: 1 locID: 102659353366692425 bcsId: 0,size=4194304]} | ret=SUCCESS |  
2019-08-22 07:03:38,398 [grpc-default-executor-1] INFO  client.GrpcClientProtocolClient (GrpcClientProtocolClient.java:onNext(255)) - client-CF63D631FA17->3cf1264f-5f6b-4138-aeee-2ff7d4522ead: receive RaftClientReply:client-CF63D631FA17->3cf1264f-5f6b-4138-aeee-2ff7d4522ead@group-561E16522154, cid=2413, SUCCESS, logIndex=0, commits[3cf1264f-5f6b-4138-aeee-2ff7d4522ead:c3592, 4f0d1a15-8f14-4d9a-ad4f-8211e1245b5d:c3590, 6999f20e-c3f7-4db4-87ca-141c476f2a88:c3590]
2019-08-22 07:03:38,404 | INFO  | SCMAudit | user=jenkins1000 | ip=192.168.34.31 | op=ALLOCATE_BLOCK {owner=04b6d46a-98e2-41b1-9f38-1870289993ea, size=4194304, type=RATIS, factor=THREE} | ret=SUCCESS |  
2019-08-22 07:03:38,408 | INFO  | OMAudit | user=jenkins1000 | ip=127.0.0.1 | op=ALLOCATE_BLOCK {volume=vol-0-14906, bucket=bucket-0-53153, key=key-0-33222, dataSize=0, replicationType=null, replicationFactor=null, keyLocationInfo=null, clientID=102659352017764754} | ret=SUCCESS |  
2019-08-22 07:03:38,415 | INFO  | DNAudit | user=null | ip=null | op=WRITE_CHUNK {blockData=conID: 2 locID: 102659353372525130 bcsId: 0} | ret=SUCCESS |  
2019-08-22 07:03:38,418 | INFO  | DNAudit | user=null | ip=null | op=WRITE_CHUNK {blockData=conID: 2 locID: 102659353372525130 bcsId: 0} | ret=SUCCESS |  
2019-08-22 07:03:38,419 | INFO  | DNAudit | user=null | ip=null | op=WRITE_CHUNK {blockData=conID: 2 locID: 102659353372525130 bcsId: 0} | ret=SUCCESS |  
2019-08-22 07:03:38,419 | INFO  | DNAudit | user=null | ip=null | op=WRITE_CHUNK {blockData=conID: 2 locID: 102659353372525130 bcsId: 0} | ret=SUCCESS |  
2019-08-22 07:03:38,422 | INFO  | DNAudit | user=null | ip=null | op=WRITE_CHUNK {blockData=conID: 2 locID: 102659353372525130 bcsId: 0} | ret=SUCCESS |  
2019-08-22 07:03:38,422 | INFO  | DNAudit | user=null | ip=null | op=WRITE_CHUNK {blockData=conID: 2 locID: 102659353372525130 bcsId: 0} | ret=SUCCESS |  
2019-08-22 07:03:38,428 | INFO  | DNAudit | user=null | ip=null | op=WRITE_CHUNK {blockData=conID: 2 locID: 102659353372525130 bcsId: 0} | ret=SUCCESS |  
2019-08-22 07:03:38,428 | INFO  | DNAudit | user=null | ip=null | op=PUT_BLOCK {blockData=[blockId=conID: 2 locID: 102659353372525130 bcsId: 0,size=1048576]} | ret=SUCCESS |  
2019-08-22 07:03:38,428 [grpc-default-executor-0] INFO  client.GrpcClientProtocolClient (GrpcClientProtocolClient.java:onNext(255)) - client-CF63D631FA17->3cf1264f-5f6b-4138-aeee-2ff7d4522ead: receive RaftClientReply:client-CF63D631FA17->3cf1264f-5f6b-4138-aeee-2ff7d4522ead@group-561E16522154, cid=2414, SUCCESS, logIndex=3593, commits[3cf1264f-5f6b-4138-aeee-2ff7d4522ead:c3594, 4f0d1a15-8f14-4d9a-ad4f-8211e1245b5d:c3592, 6999f20e-c3f7-4db4-87ca-141c476f2a88:c3592]
2019-08-22 07:03:38,429 | INFO  | DNAudit | user=null | ip=null | op=WRITE_CHUNK {blockData=conID: 2 locID: 102659353372525130 bcsId: 0} | ret=SUCCESS |  
2019-08-22 07:03:38,429 | INFO  | DNAudit | user=null | ip=null | op=PUT_BLOCK {blockData=[blockId=conID: 2 locID: 102659353372525130 bcsId: 0,size=2097152]} | ret=SUCCESS |  
2019-08-22 07:03:38,429 [grpc-default-executor-0] INFO  client.GrpcClientProtocolClient (GrpcClientProtocolClient.java:onNext(255)) - client-CF63D631FA17->3cf1264f-5f6b-4138-aeee-2ff7d4522ead: receive RaftClientReply:client-CF63D631FA17->3cf1264f-5f6b-4138-aeee-2ff7d4522ead@group-561E16522154, cid=2415, SUCCESS, logIndex=3594, commits[3cf1264f-5f6b-4138-aeee-2ff7d4522ead:c3594, 4f0d1a15-8f14-4d9a-ad4f-8211e1245b5d:c3592, 6999f20e-c3f7-4db4-87ca-141c476f2a88:c3592]
2019-08-22 07:03:38,429 [grpc-default-executor-0] INFO  client.GrpcClientProtocolClient (GrpcClientProtocolClient.java:onNext(255)) - client-CF63D631FA17->3cf1264f-5f6b-4138-aeee-2ff7d4522ead: receive RaftClientReply:client-CF63D631FA17->3cf1264f-5f6b-4138-aeee-2ff7d4522ead@group-561E16522154, cid=2416, SUCCESS, logIndex=3595, commits[3cf1264f-5f6b-4138-aeee-2ff7d4522ead:c3596, 4f0d1a15-8f14-4d9a-ad4f-8211e1245b5d:c3592, 6999f20e-c3f7-4db4-87ca-141c476f2a88:c3592]
2019-08-22 07:03:38,430 [grpc-default-executor-0] INFO  client.GrpcClientProtocolClient (GrpcClientProtocolClient.java:onNext(255)) - client-CF63D631FA17->3cf1264f-5f6b-4138-aeee-2ff7d4522ead: receive RaftClientReply:client-CF63D631FA17->3cf1264f-5f6b-4138-aeee-2ff7d4522ead@group-561E16522154, cid=2417, SUCCESS, logIndex=3596, commits[3cf1264f-5f6b-4138-aeee-2ff7d4522ead:c3596, 4f0d1a15-8f14-4d9a-ad4f-8211e1245b5d:c3592, 6999f20e-c3f7-4db4-87ca-141c476f2a88:c3592]
2019-08-22 07:03:38,441 | INFO  | DNAudit | user=null | ip=null | op=WRITE_CHUNK {blockData=conID: 2 locID: 102659353372525130 bcsId: 0} | ret=SUCCESS |  
2019-08-22 07:03:38,442 | INFO  | DNAudit | user=null | ip=null | op=WRITE_CHUNK {blockData=conID: 2 locID: 102659353372525130 bcsId: 0} | ret=SUCCESS |  
2019-08-22 07:03:38,442 | INFO  | DNAudit | user=null | ip=null | op=PUT_BLOCK {blockData=[blockId=conID: 2 locID: 102659353372525130 bcsId: 0,size=1048576]} | ret=SUCCESS |  
2019-08-22 07:03:38,442 | INFO  | DNAudit | user=null | ip=null | op=PUT_BLOCK {blockData=[blockId=conID: 2 locID: 102659353372525130 bcsId: 0,size=1048576]} | ret=SUCCESS |  
2019-08-22 07:03:38,442 | INFO  | DNAudit | user=null | ip=null | op=WRITE_CHUNK {blockData=conID: 2 locID: 102659353372525130 bcsId: 0} | ret=SUCCESS |  
2019-08-22 07:03:38,442 | INFO  | DNAudit | user=null | ip=null | op=PUT_BLOCK {blockData=[blockId=conID: 2 locID: 102659353372525130 bcsId: 0,size=2097152]} | ret=SUCCESS |  
2019-08-22 07:03:38,442 | INFO  | DNAudit | user=null | ip=null | op=WRITE_CHUNK {blockData=conID: 2 locID: 102659353372525130 bcsId: 0} | ret=SUCCESS |  
2019-08-22 07:03:38,443 | INFO  | DNAudit | user=null | ip=null | op=PUT_BLOCK {blockData=[blockId=conID: 2 locID: 102659353372525130 bcsId: 0,size=2097152]} | ret=SUCCESS |  
2019-08-22 07:03:38,443 [grpc-default-executor-0] INFO  client.GrpcClientProtocolClient (GrpcClientProtocolClient.java:onNext(255)) - client-CF63D631FA17->3cf1264f-5f6b-4138-aeee-2ff7d4522ead: receive RaftClientReply:client-CF63D631FA17->3cf1264f-5f6b-4138-aeee-2ff7d4522ead@group-561E16522154, cid=2418, SUCCESS, logIndex=0, commits[3cf1264f-5f6b-4138-aeee-2ff7d4522ead:c3598, 4f0d1a15-8f14-4d9a-ad4f-8211e1245b5d:c3594, 6999f20e-c3f7-4db4-87ca-141c476f2a88:c3594]
2019-08-22 07:03:38,449 | INFO  | DNAudit | user=null | ip=null | op=WRITE_CHUNK {blockData=conID: 2 locID: 102659353372525130 bcsId: 3596} | ret=SUCCESS |  
2019-08-22 07:03:38,452 | INFO  | DNAudit | user=null | ip=null | op=WRITE_CHUNK {blockData=conID: 2 locID: 102659353372525130 bcsId: 3596} | ret=SUCCESS |  
2019-08-22 07:03:38,452 | INFO  | DNAudit | user=null | ip=null | op=WRITE_CHUNK {blockData=conID: 2 locID: 102659353372525130 bcsId: 3596} | ret=SUCCESS |  
2019-08-22 07:03:38,462 | INFO  | DNAudit | user=null | ip=null | op=WRITE_CHUNK {blockData=conID: 2 locID: 102659353372525130 bcsId: 3596} | ret=SUCCESS |  
2019-08-22 07:03:38,462 | INFO  | DNAudit | user=null | ip=null | op=PUT_BLOCK {blockData=[blockId=conID: 2 locID: 102659353372525130 bcsId: 0,size=3145728]} | ret=SUCCESS |  
2019-08-22 07:03:38,462 [grpc-default-executor-5] INFO  client.GrpcClientProtocolClient (GrpcClientProtocolClient.java:onNext(255)) - client-CF63D631FA17->3cf1264f-5f6b-4138-aeee-2ff7d4522ead: receive RaftClientReply:client-CF63D631FA17->3cf1264f-5f6b-4138-aeee-2ff7d4522ead@group-561E16522154, cid=2419, SUCCESS, logIndex=3601, commits[3cf1264f-5f6b-4138-aeee-2ff7d4522ead:c3602, 4f0d1a15-8f14-4d9a-ad4f-8211e1245b5d:c3600, 6999f20e-c3f7-4db4-87ca-141c476f2a88:c3600]
2019-08-22 07:03:38,462 [grpc-default-executor-5] INFO  client.GrpcClientProtocolClient (GrpcClientProtocolClient.java:onNext(255)) - client-CF63D631FA17->3cf1264f-5f6b-4138-aeee-2ff7d4522ead: receive RaftClientReply:client-CF63D631FA17->3cf1264f-5f6b-4138-aeee-2ff7d4522ead@group-561E16522154, cid=2420, SUCCESS, logIndex=3602, commits[3cf1264f-5f6b-4138-aeee-2ff7d4522ead:c3602, 4f0d1a15-8f14-4d9a-ad4f-8211e1245b5d:c3600, 6999f20e-c3f7-4db4-87ca-141c476f2a88:c3600]
2019-08-22 07:03:38,469 | INFO  | DNAudit | user=null | ip=null | op=WRITE_CHUNK {blockData=conID: 2 locID: 102659353372525130 bcsId: 3602} | ret=SUCCESS |  
2019-08-22 07:03:38,471 | INFO  | DNAudit | user=null | ip=null | op=WRITE_CHUNK {blockData=conID: 2 locID: 102659353372525130 bcsId: 3602} | ret=SUCCESS |  
2019-08-22 07:03:38,471 | INFO  | DNAudit | user=null | ip=null | op=WRITE_CHUNK {blockData=conID: 2 locID: 102659353372525130 bcsId: 3602} | ret=SUCCESS |  
2019-08-22 07:03:38,473 | INFO  | DNAudit | user=null | ip=null | op=WRITE_CHUNK {blockData=conID: 2 locID: 102659353372525130 bcsId: 3596} | ret=SUCCESS |  
2019-08-22 07:03:38,473 | INFO  | DNAudit | user=null | ip=null | op=WRITE_CHUNK {blockData=conID: 2 locID: 102659353372525130 bcsId: 3596} | ret=SUCCESS |  
2019-08-22 07:03:38,476 | INFO  | DNAudit | user=null | ip=null | op=PUT_BLOCK {blockData=[blockId=conID: 2 locID: 102659353372525130 bcsId: 0,size=3145728]} | ret=SUCCESS |  
2019-08-22 07:03:38,476 | INFO  | DNAudit | user=null | ip=null | op=PUT_BLOCK {blockData=[blockId=conID: 2 locID: 102659353372525130 bcsId: 0,size=3145728]} | ret=SUCCESS |  
2019-08-22 07:03:38,476 | INFO  | DNAudit | user=null | ip=null | op=WRITE_CHUNK {blockData=conID: 2 locID: 102659353372525130 bcsId: 3602} | ret=SUCCESS |  
2019-08-22 07:03:38,477 | INFO  | DNAudit | user=null | ip=null | op=PUT_BLOCK {blockData=[blockId=conID: 2 locID: 102659353372525130 bcsId: 0,size=4194304]} | ret=SUCCESS |  
2019-08-22 07:03:38,477 [grpc-default-executor-5] INFO  client.GrpcClientProtocolClient (GrpcClientProtocolClient.java:onNext(255)) - client-CF63D631FA17->3cf1264f-5f6b-4138-aeee-2ff7d4522ead: receive RaftClientReply:client-CF63D631FA17->3cf1264f-5f6b-4138-aeee-2ff7d4522ead@group-561E16522154, cid=2421, SUCCESS, logIndex=3605, commits[3cf1264f-5f6b-4138-aeee-2ff7d4522ead:c3606, 4f0d1a15-8f14-4d9a-ad4f-8211e1245b5d:c3602, 6999f20e-c3f7-4db4-87ca-141c476f2a88:c3602]
2019-08-22 07:03:38,477 [grpc-default-executor-5] INFO  client.GrpcClientProtocolClient (GrpcClientProtocolClient.java:onNext(255)) - client-CF63D631FA17->3cf1264f-5f6b-4138-aeee-2ff7d4522ead: receive RaftClientReply:client-CF63D631FA17->3cf1264f-5f6b-4138-aeee-2ff7d4522ead@group-561E16522154, cid=2422, SUCCESS, logIndex=3606, commits[3cf1264f-5f6b-4138-aeee-2ff7d4522ead:c3606, 4f0d1a15-8f14-4d9a-ad4f-8211e1245b5d:c3602, 6999f20e-c3f7-4db4-87ca-141c476f2a88:c3602]
2019-08-22 07:03:38,489 | INFO  | DNAudit | user=null | ip=null | op=WRITE_CHUNK {blockData=conID: 2 locID: 102659353372525130 bcsId: 3602} | ret=SUCCESS |  
2019-08-22 07:03:38,490 | INFO  | DNAudit | user=null | ip=null | op=WRITE_CHUNK {blockData=conID: 2 locID: 102659353372525130 bcsId: 3602} | ret=SUCCESS |  
2019-08-22 07:03:38,490 | INFO  | DNAudit | user=null | ip=null | op=PUT_BLOCK {blockData=[blockId=conID: 2 locID: 102659353372525130 bcsId: 0,size=4194304]} | ret=SUCCESS |  
2019-08-22 07:03:38,501 | INFO  | DNAudit | user=null | ip=null | op=PUT_BLOCK {blockData=[blockId=conID: 2 locID: 102659353372525130 bcsId: 0,size=4194304]} | ret=SUCCESS |  
2019-08-22 07:03:38,502 [grpc-default-executor-5] INFO  client.GrpcClientProtocolClient (GrpcClientProtocolClient.java:onNext(255)) - client-CF63D631FA17->3cf1264f-5f6b-4138-aeee-2ff7d4522ead: receive RaftClientReply:client-CF63D631FA17->3cf1264f-5f6b-4138-aeee-2ff7d4522ead@group-561E16522154, cid=2423, SUCCESS, logIndex=0, commits[3cf1264f-5f6b-4138-aeee-2ff7d4522ead:c3607, 4f0d1a15-8f14-4d9a-ad4f-8211e1245b5d:c3606, 6999f20e-c3f7-4db4-87ca-141c476f2a88:c3606]
2019-08-22 07:03:38,506 | INFO  | SCMAudit | user=jenkins1000 | ip=192.168.34.31 | op=ALLOCATE_BLOCK {owner=04b6d46a-98e2-41b1-9f38-1870289993ea, size=4194304, type=RATIS, factor=THREE} | ret=SUCCESS |  
2019-08-22 07:03:38,509 | INFO  | OMAudit | user=jenkins1000 | ip=127.0.0.1 | op=ALLOCATE_BLOCK {volume=vol-0-14906, bucket=bucket-0-53153, key=key-0-33222, dataSize=0, replicationType=null, replicationFactor=null, keyLocationInfo=null, clientID=102659352017764754} | ret=SUCCESS |  
2019-08-22 07:03:38,515 | INFO  | DNAudit | user=null | ip=null | op=WRITE_CHUNK {blockData=conID: 3 locID: 102659353379209803 bcsId: 0} | ret=SUCCESS |  
2019-08-22 07:03:38,518 | INFO  | DNAudit | user=null | ip=null | op=WRITE_CHUNK {blockData=conID: 3 locID: 102659353379209803 bcsId: 0} | ret=SUCCESS |  
2019-08-22 07:03:38,519 | INFO  | DNAudit | user=null | ip=null | op=WRITE_CHUNK {blockData=conID: 3 locID: 102659353379209803 bcsId: 0} | ret=SUCCESS |  
2019-08-22 07:03:38,519 | INFO  | DNAudit | user=null | ip=null | op=WRITE_CHUNK {blockData=conID: 3 locID: 102659353379209803 bcsId: 0} | ret=SUCCESS |  
2019-08-22 07:03:38,520 | INFO  | DNAudit | user=null | ip=null | op=WRITE_CHUNK {blockData=conID: 3 locID: 102659353379209803 bcsId: 0} | ret=SUCCESS |  
2019-08-22 07:03:38,521 | INFO  | DNAudit | user=null | ip=null | op=WRITE_CHUNK {blockData=conID: 3 locID: 102659353379209803 bcsId: 0} | ret=SUCCESS |  
2019-08-22 07:03:38,529 | INFO  | DNAudit | user=null | ip=null | op=WRITE_CHUNK {blockData=conID: 3 locID: 102659353379209803 bcsId: 0} | ret=SUCCESS |  
2019-08-22 07:03:38,530 | INFO  | DNAudit | user=null | ip=null | op=PUT_BLOCK {blockData=[blockId=conID: 3 locID: 102659353379209803 bcsId: 0,size=1048576]} | ret=SUCCESS |  
2019-08-22 07:03:38,530 [grpc-default-executor-5] INFO  client.GrpcClientProtocolClient (GrpcClientProtocolClient.java:onNext(255)) - client-CF63D631FA17->3cf1264f-5f6b-4138-aeee-2ff7d4522ead: receive RaftClientReply:client-CF63D631FA17->3cf1264f-5f6b-4138-aeee-2ff7d4522ead@group-561E16522154, cid=2424, SUCCESS, logIndex=3609, commits[3cf1264f-5f6b-4138-aeee-2ff7d4522ead:c3610, 4f0d1a15-8f14-4d9a-ad4f-8211e1245b5d:c3608, 6999f20e-c3f7-4db4-87ca-141c476f2a88:c3608]
2019-08-22 07:03:38,530 [grpc-default-executor-5] INFO  client.GrpcClientProtocolClient (GrpcClientProtocolClient.java:onNext(255)) - client-CF63D631FA17->3cf1264f-5f6b-4138-aeee-2ff7d4522ead: receive RaftClientReply:client-CF63D631FA17->3cf1264f-5f6b-4138-aeee-2ff7d4522ead@group-561E16522154, cid=2425, SUCCESS, logIndex=3610, commits[3cf1264f-5f6b-4138-aeee-2ff7d4522ead:c3610, 4f0d1a15-8f14-4d9a-ad4f-8211e1245b5d:c3608, 6999f20e-c3f7-4db4-87ca-141c476f2a88:c3608]
2019-08-22 07:03:38,539 | INFO  | DNAudit | user=null | ip=null | op=WRITE_CHUNK {blockData=conID: 3 locID: 102659353379209803 bcsId: 0} | ret=SUCCESS |  
2019-08-22 07:03:38,540 | INFO  | DNAudit | user=null | ip=null | op=PUT_BLOCK {blockData=[blockId=conID: 3 locID: 102659353379209803 bcsId: 0,size=2097152]} | ret=SUCCESS |  
2019-08-22 07:03:38,540 [grpc-default-executor-5] INFO  client.GrpcClientProtocolClient (GrpcClientProtocolClient.java:onNext(255)) - client-CF63D631FA17->3cf1264f-5f6b-4138-aeee-2ff7d4522ead: receive RaftClientReply:client-CF63D631FA17->3cf1264f-5f6b-4138-aeee-2ff7d4522ead@group-561E16522154, cid=2426, SUCCESS, logIndex=3611, commits[3cf1264f-5f6b-4138-aeee-2ff7d4522ead:c3612, 4f0d1a15-8f14-4d9a-ad4f-8211e1245b5d:c3608, 6999f20e-c3f7-4db4-87ca-141c476f2a88:c3608]
2019-08-22 07:03:38,540 [grpc-default-executor-5] INFO  client.GrpcClientProtocolClient (GrpcClientProtocolClient.java:onNext(255)) - client-CF63D631FA17->3cf1264f-5f6b-4138-aeee-2ff7d4522ead: receive RaftClientReply:client-CF63D631FA17->3cf1264f-5f6b-4138-aeee-2ff7d4522ead@group-561E16522154, cid=2427, SUCCESS, logIndex=3612, commits[3cf1264f-5f6b-4138-aeee-2ff7d4522ead:c3612, 4f0d1a15-8f14-4d9a-ad4f-8211e1245b5d:c3608, 6999f20e-c3f7-4db4-87ca-141c476f2a88:c3608]
2019-08-22 07:03:38,541 | INFO  | DNAudit | user=null | ip=null | op=WRITE_CHUNK {blockData=conID: 3 locID: 102659353379209803 bcsId: 0} | ret=SUCCESS |  
2019-08-22 07:03:38,553 | INFO  | DNAudit | user=null | ip=null | op=PUT_BLOCK {blockData=[blockId=conID: 3 locID: 102659353379209803 bcsId: 0,size=1048576]} | ret=SUCCESS |  
2019-08-22 07:03:38,553 | INFO  | DNAudit | user=null | ip=null | op=WRITE_CHUNK {blockData=conID: 3 locID: 102659353379209803 bcsId: 0} | ret=SUCCESS |  
2019-08-22 07:03:38,553 | INFO  | DNAudit | user=null | ip=null | op=WRITE_CHUNK {blockData=conID: 3 locID: 102659353379209803 bcsId: 0} | ret=SUCCESS |  
2019-08-22 07:03:38,553 | INFO  | DNAudit | user=null | ip=null | op=PUT_BLOCK {blockData=[blockId=conID: 3 locID: 102659353379209803 bcsId: 0,size=1048576]} | ret=SUCCESS |  
2019-08-22 07:03:38,554 | INFO  | DNAudit | user=null | ip=null | op=PUT_BLOCK {blockData=[blockId=conID: 3 locID: 102659353379209803 bcsId: 0,size=2097152]} | ret=SUCCESS |  
2019-08-22 07:03:38,554 | INFO  | DNAudit | user=null | ip=null | op=WRITE_CHUNK {blockData=conID: 3 locID: 102659353379209803 bcsId: 0} | ret=SUCCESS |  
2019-08-22 07:03:38,554 [grpc-default-executor-5] INFO  client.GrpcClientProtocolClient (GrpcClientProtocolClient.java:onNext(255)) - client-CF63D631FA17->3cf1264f-5f6b-4138-aeee-2ff7d4522ead: receive RaftClientReply:client-CF63D631FA17->3cf1264f-5f6b-4138-aeee-2ff7d4522ead@group-561E16522154, cid=2428, SUCCESS, logIndex=0, commits[3cf1264f-5f6b-4138-aeee-2ff7d4522ead:c3615, 4f0d1a15-8f14-4d9a-ad4f-8211e1245b5d:c3610, 6999f20e-c3f7-4db4-87ca-141c476f2a88:c3612]
2019-08-22 07:03:38,554 | INFO  | DNAudit | user=null | ip=null | op=PUT_BLOCK {blockData=[blockId=conID: 3 locID: 102659353379209803 bcsId: 0,size=2097152]} | ret=SUCCESS |  
2019-08-22 07:03:38,561 | INFO  | DNAudit | user=null | ip=null | op=WRITE_CHUNK {blockData=conID: 3 locID: 102659353379209803 bcsId: 3612} | ret=SUCCESS |  
2019-08-22 07:03:38,565 | INFO  | DNAudit | user=null | ip=null | op=WRITE_CHUNK {blockData=conID: 3 locID: 102659353379209803 bcsId: 3612} | ret=SUCCESS |  
2019-08-22 07:03:38,565 | INFO  | DNAudit | user=null | ip=null | op=WRITE_CHUNK {blockData=conID: 3 locID: 102659353379209803 bcsId: 3612} | ret=SUCCESS |  
2019-08-22 07:03:38,575 | INFO  | DNAudit | user=null | ip=null | op=WRITE_CHUNK {blockData=conID: 3 locID: 102659353379209803 bcsId: 3612} | ret=SUCCESS |  
2019-08-22 07:03:38,575 | INFO  | DNAudit | user=null | ip=null | op=PUT_BLOCK {blockData=[blockId=conID: 3 locID: 102659353379209803 bcsId: 0,size=3145728]} | ret=SUCCESS |  
2019-08-22 07:03:38,575 [grpc-default-executor-1] INFO  client.GrpcClientProtocolClient (GrpcClientProtocolClient.java:onNext(255)) - client-CF63D631FA17->3cf1264f-5f6b-4138-aeee-2ff7d4522ead: receive RaftClientReply:client-CF63D631FA17->3cf1264f-5f6b-4138-aeee-2ff7d4522ead@group-561E16522154, cid=2429, SUCCESS, logIndex=3616, commits[3cf1264f-5f6b-4138-aeee-2ff7d4522ead:c3617, 4f0d1a15-8f14-4d9a-ad4f-8211e1245b5d:c3615, 6999f20e-c3f7-4db4-87ca-141c476f2a88:c3615]
2019-08-22 07:03:38,576 [grpc-default-executor-1] INFO  client.GrpcClientProtocolClient (GrpcClientProtocolClient.java:onNext(255)) - client-CF63D631FA17->3cf1264f-5f6b-4138-aeee-2ff7d4522ead: receive RaftClientReply:client-CF63D631FA17->3cf1264f-5f6b-4138-aeee-2ff7d4522ead@group-561E16522154, cid=2430, SUCCESS, logIndex=3617, commits[3cf1264f-5f6b-4138-aeee-2ff7d4522ead:c3617, 4f0d1a15-8f14-4d9a-ad4f-8211e1245b5d:c3615, 6999f20e-c3f7-4db4-87ca-141c476f2a88:c3615]
2019-08-22 07:03:38,577 | INFO  | DNAudit | user=null | ip=null | op=WRITE_CHUNK {blockData=conID: 3 locID: 102659353379209803 bcsId: 3612} | ret=SUCCESS |  
2019-08-22 07:03:38,577 | INFO  | DNAudit | user=null | ip=null | op=WRITE_CHUNK {blockData=conID: 3 locID: 102659353379209803 bcsId: 3612} | ret=SUCCESS |  
2019-08-22 07:03:38,579 | INFO  | DNAudit | user=null | ip=null | op=PUT_BLOCK {blockData=[blockId=conID: 3 locID: 102659353379209803 bcsId: 0,size=3145728]} | ret=SUCCESS |  
2019-08-22 07:03:38,579 | INFO  | DNAudit | user=null | ip=null | op=PUT_BLOCK {blockData=[blockId=conID: 3 locID: 102659353379209803 bcsId: 0,size=3145728]} | ret=SUCCESS |  
2019-08-22 07:03:38,582 | INFO  | DNAudit | user=null | ip=null | op=WRITE_CHUNK {blockData=conID: 3 locID: 102659353379209803 bcsId: 3617} | ret=SUCCESS |  
2019-08-22 07:03:38,584 | INFO  | DNAudit | user=null | ip=null | op=WRITE_CHUNK {blockData=conID: 3 locID: 102659353379209803 bcsId: 3617} | ret=SUCCESS |  
2019-08-22 07:03:38,584 | INFO  | DNAudit | user=null | ip=null | op=WRITE_CHUNK {blockData=conID: 3 locID: 102659353379209803 bcsId: 3617} | ret=SUCCESS |  
2019-08-22 07:03:38,587 | INFO  | DNAudit | user=null | ip=null | op=WRITE_CHUNK {blockData=conID: 3 locID: 102659353379209803 bcsId: 3617} | ret=SUCCESS |  
2019-08-22 07:03:38,587 | INFO  | DNAudit | user=null | ip=null | op=PUT_BLOCK {blockData=[blockId=conID: 3 locID: 102659353379209803 bcsId: 0,size=4194304]} | ret=SUCCESS |  
2019-08-22 07:03:38,587 [grpc-default-executor-0] INFO  client.GrpcClientProtocolClient (GrpcClientProtocolClient.java:onNext(255)) - client-CF63D631FA17->3cf1264f-5f6b-4138-aeee-2ff7d4522ead: receive RaftClientReply:client-CF63D631FA17->3cf1264f-5f6b-4138-aeee-2ff7d4522ead@group-561E16522154, cid=2431, SUCCESS, logIndex=3620, commits[3cf1264f-5f6b-4138-aeee-2ff7d4522ead:c3621, 4f0d1a15-8f14-4d9a-ad4f-8211e1245b5d:c3619, 6999f20e-c3f7-4db4-87ca-141c476f2a88:c3617]
2019-08-22 07:03:38,588 [grpc-default-executor-0] INFO  client.GrpcClientProtocolClient (GrpcClientProtocolClient.java:onNext(255)) - client-CF63D631FA17->3cf1264f-5f6b-4138-aeee-2ff7d4522ead: receive RaftClientReply:client-CF63D631FA17->3cf1264f-5f6b-4138-aeee-2ff7d4522ead@group-561E16522154, cid=2432, SUCCESS, logIndex=3621, commits[3cf1264f-5f6b-4138-aeee-2ff7d4522ead:c3621, 4f0d1a15-8f14-4d9a-ad4f-8211e1245b5d:c3619, 6999f20e-c3f7-4db4-87ca-141c476f2a88:c3619]
2019-08-22 07:03:38,589 | INFO  | DNAudit | user=null | ip=null | op=WRITE_CHUNK {blockData=conID: 3 locID: 102659353379209803 bcsId: 3617} | ret=SUCCESS |  
2019-08-22 07:03:38,589 | INFO  | DNAudit | user=null | ip=null | op=WRITE_CHUNK {blockData=conID: 3 locID: 102659353379209803 bcsId: 3617} | ret=SUCCESS |  
2019-08-22 07:03:38,589 | INFO  | DNAudit | user=null | ip=null | op=PUT_BLOCK {blockData=[blockId=conID: 3 locID: 102659353379209803 bcsId: 0,size=4194304]} | ret=SUCCESS |  
2019-08-22 07:03:38,593 | INFO  | DNAudit | user=null | ip=null | op=PUT_BLOCK {blockData=[blockId=conID: 3 locID: 102659353379209803 bcsId: 0,size=4194304]} | ret=SUCCESS |  
2019-08-22 07:03:38,594 [grpc-default-executor-1] INFO  client.GrpcClientProtocolClient (GrpcClientProtocolClient.java:onNext(255)) - client-CF63D631FA17->3cf1264f-5f6b-4138-aeee-2ff7d4522ead: receive RaftClientReply:client-CF63D631FA17->3cf1264f-5f6b-4138-aeee-2ff7d4522ead@group-561E16522154, cid=2433, SUCCESS, logIndex=0, commits[3cf1264f-5f6b-4138-aeee-2ff7d4522ead:c3623, 4f0d1a15-8f14-4d9a-ad4f-8211e1245b5d:c3621, 6999f20e-c3f7-4db4-87ca-141c476f2a88:c3621]
2019-08-22 07:03:38,598 | INFO  | SCMAudit | user=jenkins1000 | ip=192.168.34.31 | op=ALLOCATE_BLOCK {owner=04b6d46a-98e2-41b1-9f38-1870289993ea, size=4194304, type=RATIS, factor=THREE} | ret=SUCCESS |  
2019-08-22 07:03:38,601 | INFO  | OMAudit | user=jenkins1000 | ip=127.0.0.1 | op=ALLOCATE_BLOCK {volume=vol-0-14906, bucket=bucket-0-53153, key=key-0-33222, dataSize=0, replicationType=null, replicationFactor=null, keyLocationInfo=null, clientID=102659352017764754} | ret=SUCCESS |  
2019-08-22 07:03:38,607 | INFO  | DNAudit | user=null | ip=null | op=WRITE_CHUNK {blockData=conID: 1 locID: 102659353385239116 bcsId: 0} | ret=SUCCESS |  
2019-08-22 07:03:38,610 | INFO  | DNAudit | user=null | ip=null | op=WRITE_CHUNK {blockData=conID: 1 locID: 102659353385239116 bcsId: 0} | ret=SUCCESS |  
2019-08-22 07:03:38,611 | INFO  | DNAudit | user=null | ip=null | op=WRITE_CHUNK {blockData=conID: 1 locID: 102659353385239116 bcsId: 0} | ret=SUCCESS |  
2019-08-22 07:03:38,611 | INFO  | DNAudit | user=null | ip=null | op=WRITE_CHUNK {blockData=conID: 1 locID: 102659353385239116 bcsId: 0} | ret=SUCCESS |  
2019-08-22 07:03:38,613 | INFO  | DNAudit | user=null | ip=null | op=WRITE_CHUNK {blockData=conID: 1 locID: 102659353385239116 bcsId: 0} | ret=SUCCESS |  
2019-08-22 07:03:38,613 | INFO  | DNAudit | user=null | ip=null | op=WRITE_CHUNK {blockData=conID: 1 locID: 102659353385239116 bcsId: 0} | ret=SUCCESS |  
2019-08-22 07:03:38,613 | INFO  | DNAudit | user=null | ip=null | op=WRITE_CHUNK {blockData=conID: 1 locID: 102659353385239116 bcsId: 0} | ret=SUCCESS |  
2019-08-22 07:03:38,614 | INFO  | DNAudit | user=null | ip=null | op=PUT_BLOCK {blockData=[blockId=conID: 1 locID: 102659353385239116 bcsId: 0,size=1048576]} | ret=SUCCESS |  
2019-08-22 07:03:38,614 [grpc-default-executor-3] INFO  client.GrpcClientProtocolClient (GrpcClientProtocolClient.java:onNext(255)) - client-CF63D631FA17->3cf1264f-5f6b-4138-aeee-2ff7d4522ead: receive RaftClientReply:client-CF63D631FA17->3cf1264f-5f6b-4138-aeee-2ff7d4522ead@group-561E16522154, cid=2434, SUCCESS, logIndex=3624, commits[3cf1264f-5f6b-4138-aeee-2ff7d4522ead:c3625, 4f0d1a15-8f14-4d9a-ad4f-8211e1245b5d:c3623, 6999f20e-c3f7-4db4-87ca-141c476f2a88:c3623]
2019-08-22 07:03:38,614 [grpc-default-executor-3] INFO  client.GrpcClientProtocolClient (GrpcClientProtocolClient.java:onNext(255)) - client-CF63D631FA17->3cf1264f-5f6b-4138-aeee-2ff7d4522ead: receive RaftClientReply:client-CF63D631FA17->3cf1264f-5f6b-4138-aeee-2ff7d4522ead@group-561E16522154, cid=2435, SUCCESS, logIndex=3625, commits[3cf1264f-5f6b-4138-aeee-2ff7d4522ead:c3625, 4f0d1a15-8f14-4d9a-ad4f-8211e1245b5d:c3623, 6999f20e-c3f7-4db4-87ca-141c476f2a88:c3623]
2019-08-22 07:03:38,616 | INFO  | DNAudit | user=null | ip=null | op=WRITE_CHUNK {blockData=conID: 1 locID: 102659353385239116 bcsId: 0} | ret=SUCCESS |  
2019-08-22 07:03:38,617 | INFO  | DNAudit | user=null | ip=null | op=PUT_BLOCK {blockData=[blockId=conID: 1 locID: 102659353385239116 bcsId: 0,size=2097152]} | ret=SUCCESS |  
2019-08-22 07:03:38,617 | INFO  | DNAudit | user=null | ip=null | op=WRITE_CHUNK {blockData=conID: 1 locID: 102659353385239116 bcsId: 0} | ret=SUCCESS |  
2019-08-22 07:03:38,617 | INFO  | DNAudit | user=null | ip=null | op=PUT_BLOCK {blockData=[blockId=conID: 1 locID: 102659353385239116 bcsId: 0,size=1048576]} | ret=SUCCESS |  
2019-08-22 07:03:38,617 [grpc-default-executor-1] INFO  client.GrpcClientProtocolClient (GrpcClientProtocolClient.java:onNext(255)) - client-CF63D631FA17->3cf1264f-5f6b-4138-aeee-2ff7d4522ead: receive RaftClientReply:client-CF63D631FA17->3cf1264f-5f6b-4138-aeee-2ff7d4522ead@group-561E16522154, cid=2436, SUCCESS, logIndex=3626, commits[3cf1264f-5f6b-4138-aeee-2ff7d4522ead:c3627, 4f0d1a15-8f14-4d9a-ad4f-8211e1245b5d:c3623, 6999f20e-c3f7-4db4-87ca-141c476f2a88:c3623]
2019-08-22 07:03:38,617 | INFO  | DNAudit | user=null | ip=null | op=WRITE_CHUNK {blockData=conID: 1 locID: 102659353385239116 bcsId: 0} | ret=SUCCESS |  
2019-08-22 07:03:38,617 [grpc-default-executor-1] INFO  client.GrpcClientProtocolClient (GrpcClientProtocolClient.java:onNext(255)) - client-CF63D631FA17->3cf1264f-5f6b-4138-aeee-2ff7d4522ead: receive RaftClientReply:client-CF63D631FA17->3cf1264f-5f6b-4138-aeee-2ff7d4522ead@group-561E16522154, cid=2437, SUCCESS, logIndex=3627, commits[3cf1264f-5f6b-4138-aeee-2ff7d4522ead:c3629, 4f0d1a15-8f14-4d9a-ad4f-8211e1245b5d:c3625, 6999f20e-c3f7-4db4-87ca-141c476f2a88:c3623]
2019-08-22 07:03:38,617 | INFO  | DNAudit | user=null | ip=null | op=PUT_BLOCK {blockData=[blockId=conID: 1 locID: 102659353385239116 bcsId: 0,size=1048576]} | ret=SUCCESS |  
2019-08-22 07:03:38,618 | INFO  | DNAudit | user=null | ip=null | op=WRITE_CHUNK {blockData=conID: 1 locID: 102659353385239116 bcsId: 0} | ret=SUCCESS |  
2019-08-22 07:03:38,618 [grpc-default-executor-1] INFO  client.GrpcClientProtocolClient (GrpcClientProtocolClient.java:onNext(255)) - client-CF63D631FA17->3cf1264f-5f6b-4138-aeee-2ff7d4522ead: receive RaftClientReply:client-CF63D631FA17->3cf1264f-5f6b-4138-aeee-2ff7d4522ead@group-561E16522154, cid=2438, SUCCESS, logIndex=0, commits[3cf1264f-5f6b-4138-aeee-2ff7d4522ead:c3629, 4f0d1a15-8f14-4d9a-ad4f-8211e1245b5d:c3625, 6999f20e-c3f7-4db4-87ca-141c476f2a88:c3625]
2019-08-22 07:03:38,619 | INFO  | DNAudit | user=null | ip=null | op=WRITE_CHUNK {blockData=conID: 1 locID: 102659353385239116 bcsId: 0} | ret=SUCCESS |  
2019-08-22 07:03:38,619 | INFO  | DNAudit | user=null | ip=null | op=PUT_BLOCK {blockData=[blockId=conID: 1 locID: 102659353385239116 bcsId: 0,size=2097152]} | ret=SUCCESS |  
2019-08-22 07:03:38,620 | INFO  | DNAudit | user=null | ip=null | op=PUT_BLOCK {blockData=[blockId=conID: 1 locID: 102659353385239116 bcsId: 0,size=2097152]} | ret=SUCCESS |  
2019-08-22 07:03:38,624 | INFO  | DNAudit | user=null | ip=null | op=WRITE_CHUNK {blockData=conID: 1 locID: 102659353385239116 bcsId: 3627} | ret=SUCCESS |  
2019-08-22 07:03:38,627 | INFO  | DNAudit | user=null | ip=null | op=WRITE_CHUNK {blockData=conID: 1 locID: 102659353385239116 bcsId: 3627} | ret=SUCCESS |  
2019-08-22 07:03:38,627 | INFO  | DNAudit | user=null | ip=null | op=WRITE_CHUNK {blockData=conID: 1 locID: 102659353385239116 bcsId: 3627} | ret=SUCCESS |  
2019-08-22 07:03:38,641 | INFO  | DNAudit | user=null | ip=null | op=WRITE_CHUNK {blockData=conID: 1 locID: 102659353385239116 bcsId: 3627} | ret=SUCCESS |  
2019-08-22 07:03:38,642 | INFO  | DNAudit | user=null | ip=null | op=PUT_BLOCK {blockData=[blockId=conID: 1 locID: 102659353385239116 bcsId: 0,size=3145728]} | ret=SUCCESS |  
2019-08-22 07:03:38,642 [grpc-default-executor-1] INFO  client.GrpcClientProtocolClient (GrpcClientProtocolClient.java:onNext(255)) - client-CF63D631FA17->3cf1264f-5f6b-4138-aeee-2ff7d4522ead: receive RaftClientReply:client-CF63D631FA17->3cf1264f-5f6b-4138-aeee-2ff7d4522ead@group-561E16522154, cid=2439, SUCCESS, logIndex=3632, commits[3cf1264f-5f6b-4138-aeee-2ff7d4522ead:c3633, 4f0d1a15-8f14-4d9a-ad4f-8211e1245b5d:c3631, 6999f20e-c3f7-4db4-87ca-141c476f2a88:c3631]
2019-08-22 07:03:38,642 [grpc-default-executor-1] INFO  client.GrpcClientProtocolClient (GrpcClientProtocolClient.java:onNext(255)) - client-CF63D631FA17->3cf1264f-5f6b-4138-aeee-2ff7d4522ead: receive RaftClientReply:client-CF63D631FA17->3cf1264f-5f6b-4138-aeee-2ff7d4522ead@group-561E16522154, cid=2440, SUCCESS, logIndex=3633, commits[3cf1264f-5f6b-4138-aeee-2ff7d4522ead:c3633, 4f0d1a15-8f14-4d9a-ad4f-8211e1245b5d:c3631, 6999f20e-c3f7-4db4-87ca-141c476f2a88:c3631]
2019-08-22 07:03:38,648 | INFO  | DNAudit | user=null | ip=null | op=WRITE_CHUNK {blockData=conID: 1 locID: 102659353385239116 bcsId: 3633} | ret=SUCCESS |  
2019-08-22 07:03:38,652 | INFO  | DNAudit | user=null | ip=null | op=WRITE_CHUNK {blockData=conID: 1 locID: 102659353385239116 bcsId: 3633} | ret=SUCCESS |  
2019-08-22 07:03:38,652 | INFO  | DNAudit | user=null | ip=null | op=WRITE_CHUNK {blockData=conID: 1 locID: 102659353385239116 bcsId: 3633} | ret=SUCCESS |  
2019-08-22 07:03:38,660 | INFO  | DNAudit | user=null | ip=null | op=WRITE_CHUNK {blockData=conID: 1 locID: 102659353385239116 bcsId: 3627} | ret=SUCCESS |  
2019-08-22 07:03:38,660 | INFO  | DNAudit | user=null | ip=null | op=WRITE_CHUNK {blockData=conID: 1 locID: 102659353385239116 bcsId: 3627} | ret=SUCCESS |  
2019-08-22 07:03:38,661 | INFO  | DNAudit | user=null | ip=null | op=PUT_BLOCK {blockData=[blockId=conID: 1 locID: 102659353385239116 bcsId: 0,size=3145728]} | ret=SUCCESS |  
2019-08-22 07:03:38,661 | INFO  | DNAudit | user=null | ip=null | op=PUT_BLOCK {blockData=[blockId=conID: 1 locID: 102659353385239116 bcsId: 0,size=3145728]} | ret=SUCCESS |  
2019-08-22 07:03:38,663 | INFO  | DNAudit | user=null | ip=null | op=WRITE_CHUNK {blockData=conID: 1 locID: 102659353385239116 bcsId: 3633} | ret=SUCCESS |  
2019-08-22 07:03:38,663 | INFO  | DNAudit | user=null | ip=null | op=PUT_BLOCK {blockData=[blockId=conID: 1 locID: 102659353385239116 bcsId: 0,size=4194304]} | ret=SUCCESS |  
2019-08-22 07:03:38,663 [grpc-default-executor-3] INFO  client.GrpcClientProtocolClient (GrpcClientProtocolClient.java:onNext(255)) - client-CF63D631FA17->3cf1264f-5f6b-4138-aeee-2ff7d4522ead: receive RaftClientReply:client-CF63D631FA17->3cf1264f-5f6b-4138-aeee-2ff7d4522ead@group-561E16522154, cid=2441, SUCCESS, logIndex=3636, commits[3cf1264f-5f6b-4138-aeee-2ff7d4522ead:c3637, 4f0d1a15-8f14-4d9a-ad4f-8211e1245b5d:c3633, 6999f20e-c3f7-4db4-87ca-141c476f2a88:c3633]
2019-08-22 07:03:38,663 [grpc-default-executor-3] INFO  client.GrpcClientProtocolClient (GrpcClientProtocolClient.java:onNext(255)) - client-CF63D631FA17->3cf1264f-5f6b-4138-aeee-2ff7d4522ead: receive RaftClientReply:client-CF63D631FA17->3cf1264f-5f6b-4138-aeee-2ff7d4522ead@group-561E16522154, cid=2442, SUCCESS, logIndex=3637, commits[3cf1264f-5f6b-4138-aeee-2ff7d4522ead:c3637, 4f0d1a15-8f14-4d9a-ad4f-8211e1245b5d:c3633, 6999f20e-c3f7-4db4-87ca-141c476f2a88:c3633]
2019-08-22 07:03:38,674 | INFO  | DNAudit | user=null | ip=null | op=WRITE_CHUNK {blockData=conID: 1 locID: 102659353385239116 bcsId: 3633} | ret=SUCCESS |  
2019-08-22 07:03:38,674 | INFO  | DNAudit | user=null | ip=null | op=WRITE_CHUNK {blockData=conID: 1 locID: 102659353385239116 bcsId: 3633} | ret=SUCCESS |  
2019-08-22 07:03:38,677 | INFO  | DNAudit | user=null | ip=null | op=PUT_BLOCK {blockData=[blockId=conID: 1 locID: 102659353385239116 bcsId: 0,size=4194304]} | ret=SUCCESS |  
2019-08-22 07:03:38,677 | INFO  | DNAudit | user=null | ip=null | op=PUT_BLOCK {blockData=[blockId=conID: 1 locID: 102659353385239116 bcsId: 0,size=4194304]} | ret=SUCCESS |  
2019-08-22 07:03:38,678 [grpc-default-executor-3] INFO  client.GrpcClientProtocolClient (GrpcClientProtocolClient.java:onNext(255)) - client-CF63D631FA17->3cf1264f-5f6b-4138-aeee-2ff7d4522ead: receive RaftClientReply:client-CF63D631FA17->3cf1264f-5f6b-4138-aeee-2ff7d4522ead@group-561E16522154, cid=2443, SUCCESS, logIndex=0, commits[3cf1264f-5f6b-4138-aeee-2ff7d4522ead:c3639, 4f0d1a15-8f14-4d9a-ad4f-8211e1245b5d:c3637, 6999f20e-c3f7-4db4-87ca-141c476f2a88:c3637]
2019-08-22 07:03:38,682 | INFO  | SCMAudit | user=jenkins1000 | ip=192.168.34.31 | op=ALLOCATE_BLOCK {owner=04b6d46a-98e2-41b1-9f38-1870289993ea, size=4194304, type=RATIS, factor=THREE} | ret=SUCCESS |  
2019-08-22 07:03:38,685 | INFO  | OMAudit | user=jenkins1000 | ip=127.0.0.1 | op=ALLOCATE_BLOCK {volume=vol-0-14906, bucket=bucket-0-53153, key=key-0-33222, dataSize=0, replicationType=null, replicationFactor=null, keyLocationInfo=null, clientID=102659352017764754} | ret=SUCCESS |  
2019-08-22 07:03:38,692 | INFO  | DNAudit | user=null | ip=null | op=WRITE_CHUNK {blockData=conID: 2 locID: 102659353390744141 bcsId: 0} | ret=SUCCESS |  
2019-08-22 07:03:38,694 | INFO  | DNAudit | user=null | ip=null | op=WRITE_CHUNK {blockData=conID: 2 locID: 102659353390744141 bcsId: 0} | ret=SUCCESS |  
2019-08-22 07:03:38,695 | INFO  | DNAudit | user=null | ip=null | op=WRITE_CHUNK {blockData=conID: 2 locID: 102659353390744141 bcsId: 0} | ret=SUCCESS |  
2019-08-22 07:03:38,695 | INFO  | DNAudit | user=null | ip=null | op=WRITE_CHUNK {blockData=conID: 2 locID: 102659353390744141 bcsId: 0} | ret=SUCCESS |  
2019-08-22 07:03:38,697 | INFO  | DNAudit | user=null | ip=null | op=WRITE_CHUNK {blockData=conID: 2 locID: 102659353390744141 bcsId: 0} | ret=SUCCESS |  
2019-08-22 07:03:38,697 | INFO  | DNAudit | user=null | ip=null | op=WRITE_CHUNK {blockData=conID: 2 locID: 102659353390744141 bcsId: 0} | ret=SUCCESS |  
2019-08-22 07:03:38,705 | INFO  | DNAudit | user=null | ip=null | op=WRITE_CHUNK {blockData=conID: 2 locID: 102659353390744141 bcsId: 0} | ret=SUCCESS |  
2019-08-22 07:03:38,705 | INFO  | DNAudit | user=null | ip=null | op=PUT_BLOCK {blockData=[blockId=conID: 2 locID: 102659353390744141 bcsId: 0,size=1048576]} | ret=SUCCESS |  
2019-08-22 07:03:38,705 [grpc-default-executor-1] INFO  client.GrpcClientProtocolClient (GrpcClientProtocolClient.java:onNext(255)) - client-CF63D631FA17->3cf1264f-5f6b-4138-aeee-2ff7d4522ead: receive RaftClientReply:client-CF63D631FA17->3cf1264f-5f6b-4138-aeee-2ff7d4522ead@group-561E16522154, cid=2444, SUCCESS, logIndex=3640, commits[3cf1264f-5f6b-4138-aeee-2ff7d4522ead:c3641, 4f0d1a15-8f14-4d9a-ad4f-8211e1245b5d:c3639, 6999f20e-c3f7-4db4-87ca-141c476f2a88:c3639]
2019-08-22 07:03:38,706 | INFO  | DNAudit | user=null | ip=null | op=WRITE_CHUNK {blockData=conID: 2 locID: 102659353390744141 bcsId: 0} | ret=SUCCESS |  
2019-08-22 07:03:38,706 [grpc-default-executor-1] INFO  client.GrpcClientProtocolClient (GrpcClientProtocolClient.java:onNext(255)) - client-CF63D631FA17->3cf1264f-5f6b-4138-aeee-2ff7d4522ead: receive RaftClientReply:client-CF63D631FA17->3cf1264f-5f6b-4138-aeee-2ff7d4522ead@group-561E16522154, cid=2445, SUCCESS, logIndex=3641, commits[3cf1264f-5f6b-4138-aeee-2ff7d4522ead:c3641, 4f0d1a15-8f14-4d9a-ad4f-8211e1245b5d:c3639, 6999f20e-c3f7-4db4-87ca-141c476f2a88:c3639]
2019-08-22 07:03:38,706 | INFO  | DNAudit | user=null | ip=null | op=PUT_BLOCK {blockData=[blockId=conID: 2 locID: 102659353390744141 bcsId: 0,size=2097152]} | ret=SUCCESS |  
2019-08-22 07:03:38,706 [grpc-default-executor-1] INFO  client.GrpcClientProtocolClient (GrpcClientProtocolClient.java:onNext(255)) - client-CF63D631FA17->3cf1264f-5f6b-4138-aeee-2ff7d4522ead: receive RaftClientReply:client-CF63D631FA17->3cf1264f-5f6b-4138-aeee-2ff7d4522ead@group-561E16522154, cid=2446, SUCCESS, logIndex=3642, commits[3cf1264f-5f6b-4138-aeee-2ff7d4522ead:c3643, 4f0d1a15-8f14-4d9a-ad4f-8211e1245b5d:c3639, 6999f20e-c3f7-4db4-87ca-141c476f2a88:c3639]
2019-08-22 07:03:38,706 [grpc-default-executor-1] INFO  client.GrpcClientProtocolClient (GrpcClientProtocolClient.java:onNext(255)) - client-CF63D631FA17->3cf1264f-5f6b-4138-aeee-2ff7d4522ead: receive RaftClientReply:client-CF63D631FA17->3cf1264f-5f6b-4138-aeee-2ff7d4522ead@group-561E16522154, cid=2447, SUCCESS, logIndex=3643, commits[3cf1264f-5f6b-4138-aeee-2ff7d4522ead:c3643, 4f0d1a15-8f14-4d9a-ad4f-8211e1245b5d:c3639, 6999f20e-c3f7-4db4-87ca-141c476f2a88:c3639]
2019-08-22 07:03:38,719 | INFO  | DNAudit | user=null | ip=null | op=WRITE_CHUNK {blockData=conID: 2 locID: 102659353390744141 bcsId: 0} | ret=SUCCESS |  
2019-08-22 07:03:38,719 | INFO  | DNAudit | user=null | ip=null | op=WRITE_CHUNK {blockData=conID: 2 locID: 102659353390744141 bcsId: 0} | ret=SUCCESS |  
2019-08-22 07:03:38,719 | INFO  | DNAudit | user=null | ip=null | op=PUT_BLOCK {blockData=[blockId=conID: 2 locID: 102659353390744141 bcsId: 0,size=1048576]} | ret=SUCCESS |  
2019-08-22 07:03:38,719 | INFO  | DNAudit | user=null | ip=null | op=PUT_BLOCK {blockData=[blockId=conID: 2 locID: 102659353390744141 bcsId: 0,size=1048576]} | ret=SUCCESS |  
2019-08-22 07:03:38,719 | INFO  | DNAudit | user=null | ip=null | op=WRITE_CHUNK {blockData=conID: 2 locID: 102659353390744141 bcsId: 0} | ret=SUCCESS |  
2019-08-22 07:03:38,720 | INFO  | DNAudit | user=null | ip=null | op=PUT_BLOCK {blockData=[blockId=conID: 2 locID: 102659353390744141 bcsId: 0,size=2097152]} | ret=SUCCESS |  
2019-08-22 07:03:38,720 | INFO  | DNAudit | user=null | ip=null | op=WRITE_CHUNK {blockData=conID: 2 locID: 102659353390744141 bcsId: 0} | ret=SUCCESS |  
2019-08-22 07:03:38,720 [grpc-default-executor-1] INFO  client.GrpcClientProtocolClient (GrpcClientProtocolClient.java:onNext(255)) - client-CF63D631FA17->3cf1264f-5f6b-4138-aeee-2ff7d4522ead: receive RaftClientReply:client-CF63D631FA17->3cf1264f-5f6b-4138-aeee-2ff7d4522ead@group-561E16522154, cid=2448, SUCCESS, logIndex=0, commits[3cf1264f-5f6b-4138-aeee-2ff7d4522ead:c3645, 4f0d1a15-8f14-4d9a-ad4f-8211e1245b5d:c3641, 6999f20e-c3f7-4db4-87ca-141c476f2a88:c3641]
2019-08-22 07:03:38,720 | INFO  | DNAudit | user=null | ip=null | op=PUT_BLOCK {blockData=[blockId=conID: 2 locID: 102659353390744141 bcsId: 0,size=2097152]} | ret=SUCCESS |  
2019-08-22 07:03:38,727 | INFO  | DNAudit | user=null | ip=null | op=WRITE_CHUNK {blockData=conID: 2 locID: 102659353390744141 bcsId: 3643} | ret=SUCCESS |  
2019-08-22 07:03:38,730 | INFO  | DNAudit | user=null | ip=null | op=WRITE_CHUNK {blockData=conID: 2 locID: 102659353390744141 bcsId: 3643} | ret=SUCCESS |  
2019-08-22 07:03:38,730 | INFO  | DNAudit | user=null | ip=null | op=WRITE_CHUNK {blockData=conID: 2 locID: 102659353390744141 bcsId: 3643} | ret=SUCCESS |  
2019-08-22 07:03:38,739 | INFO  | DNAudit | user=null | ip=null | op=WRITE_CHUNK {blockData=conID: 2 locID: 102659353390744141 bcsId: 3643} | ret=SUCCESS |  
2019-08-22 07:03:38,739 | INFO  | DNAudit | user=null | ip=null | op=PUT_BLOCK {blockData=[blockId=conID: 2 locID: 102659353390744141 bcsId: 0,size=3145728]} | ret=SUCCESS |  
2019-08-22 07:03:38,740 [grpc-default-executor-0] INFO  client.GrpcClientProtocolClient (GrpcClientProtocolClient.java:onNext(255)) - client-CF63D631FA17->3cf1264f-5f6b-4138-aeee-2ff7d4522ead: receive RaftClientReply:client-CF63D631FA17->3cf1264f-5f6b-4138-aeee-2ff7d4522ead@group-561E16522154, cid=2449, SUCCESS, logIndex=3648, commits[3cf1264f-5f6b-4138-aeee-2ff7d4522ead:c3649, 4f0d1a15-8f14-4d9a-ad4f-8211e1245b5d:c3647, 6999f20e-c3f7-4db4-87ca-141c476f2a88:c3647]
2019-08-22 07:03:38,740 [grpc-default-executor-0] INFO  client.GrpcClientProtocolClient (GrpcClientProtocolClient.java:onNext(255)) - client-CF63D631FA17->3cf1264f-5f6b-4138-aeee-2ff7d4522ead: receive RaftClientReply:client-CF63D631FA17->3cf1264f-5f6b-4138-aeee-2ff7d4522ead@group-561E16522154, cid=2450, SUCCESS, logIndex=3649, commits[3cf1264f-5f6b-4138-aeee-2ff7d4522ead:c3649, 4f0d1a15-8f14-4d9a-ad4f-8211e1245b5d:c3647, 6999f20e-c3f7-4db4-87ca-141c476f2a88:c3647]
2019-08-22 07:03:38,747 | INFO  | DNAudit | user=null | ip=null | op=WRITE_CHUNK {blockData=conID: 2 locID: 102659353390744141 bcsId: 3649} | ret=SUCCESS |  
2019-08-22 07:03:38,749 | INFO  | DNAudit | user=null | ip=null | op=WRITE_CHUNK {blockData=conID: 2 locID: 102659353390744141 bcsId: 3649} | ret=SUCCESS |  
2019-08-22 07:03:38,750 | INFO  | DNAudit | user=null | ip=null | op=WRITE_CHUNK {blockData=conID: 2 locID: 102659353390744141 bcsId: 3649} | ret=SUCCESS |  
2019-08-22 07:03:38,750 | INFO  | DNAudit | user=null | ip=null | op=WRITE_CHUNK {blockData=conID: 2 locID: 102659353390744141 bcsId: 3643} | ret=SUCCESS |  
2019-08-22 07:03:38,751 | INFO  | DNAudit | user=null | ip=null | op=WRITE_CHUNK {blockData=conID: 2 locID: 102659353390744141 bcsId: 3643} | ret=SUCCESS |  
2019-08-22 07:03:38,753 | INFO  | DNAudit | user=null | ip=null | op=PUT_BLOCK {blockData=[blockId=conID: 2 locID: 102659353390744141 bcsId: 0,size=3145728]} | ret=SUCCESS |  
2019-08-22 07:03:38,753 | INFO  | DNAudit | user=null | ip=null | op=PUT_BLOCK {blockData=[blockId=conID: 2 locID: 102659353390744141 bcsId: 0,size=3145728]} | ret=SUCCESS |  
2019-08-22 07:03:38,754 | INFO  | DNAudit | user=null | ip=null | op=WRITE_CHUNK {blockData=conID: 2 locID: 102659353390744141 bcsId: 3649} | ret=SUCCESS |  
2019-08-22 07:03:38,754 | INFO  | DNAudit | user=null | ip=null | op=PUT_BLOCK {blockData=[blockId=conID: 2 locID: 102659353390744141 bcsId: 0,size=4194304]} | ret=SUCCESS |  
2019-08-22 07:03:38,754 [grpc-default-executor-3] INFO  client.GrpcClientProtocolClient (GrpcClientProtocolClient.java:onNext(255)) - client-CF63D631FA17->3cf1264f-5f6b-4138-aeee-2ff7d4522ead: receive RaftClientReply:client-CF63D631FA17->3cf1264f-5f6b-4138-aeee-2ff7d4522ead@group-561E16522154, cid=2451, SUCCESS, logIndex=3652, commits[3cf1264f-5f6b-4138-aeee-2ff7d4522ead:c3653, 4f0d1a15-8f14-4d9a-ad4f-8211e1245b5d:c3649, 6999f20e-c3f7-4db4-87ca-141c476f2a88:c3649]
2019-08-22 07:03:38,754 [grpc-default-executor-3] INFO  client.GrpcClientProtocolClient (GrpcClientProtocolClient.java:onNext(255)) - client-CF63D631FA17->3cf1264f-5f6b-4138-aeee-2ff7d4522ead: receive RaftClientReply:client-CF63D631FA17->3cf1264f-5f6b-4138-aeee-2ff7d4522ead@group-561E16522154, cid=2452, SUCCESS, logIndex=3653, commits[3cf1264f-5f6b-4138-aeee-2ff7d4522ead:c3653, 4f0d1a15-8f14-4d9a-ad4f-8211e1245b5d:c3649, 6999f20e-c3f7-4db4-87ca-141c476f2a88:c3649]
2019-08-22 07:03:38,765 | INFO  | DNAudit | user=null | ip=null | op=WRITE_CHUNK {blockData=conID: 2 locID: 102659353390744141 bcsId: 3649} | ret=SUCCESS |  
2019-08-22 07:03:38,765 | INFO  | DNAudit | user=null | ip=null | op=WRITE_CHUNK {blockData=conID: 2 locID: 102659353390744141 bcsId: 3649} | ret=SUCCESS |  
2019-08-22 07:03:38,768 | INFO  | DNAudit | user=null | ip=null | op=PUT_BLOCK {blockData=[blockId=conID: 2 locID: 102659353390744141 bcsId: 0,size=4194304]} | ret=SUCCESS |  
2019-08-22 07:03:38,768 | INFO  | DNAudit | user=null | ip=null | op=PUT_BLOCK {blockData=[blockId=conID: 2 locID: 102659353390744141 bcsId: 0,size=4194304]} | ret=SUCCESS |  
2019-08-22 07:03:38,769 [grpc-default-executor-3] INFO  client.GrpcClientProtocolClient (GrpcClientProtocolClient.java:onNext(255)) - client-CF63D631FA17->3cf1264f-5f6b-4138-aeee-2ff7d4522ead: receive RaftClientReply:client-CF63D631FA17->3cf1264f-5f6b-4138-aeee-2ff7d4522ead@group-561E16522154, cid=2453, SUCCESS, logIndex=0, commits[3cf1264f-5f6b-4138-aeee-2ff7d4522ead:c3655, 4f0d1a15-8f14-4d9a-ad4f-8211e1245b5d:c3653, 6999f20e-c3f7-4db4-87ca-141c476f2a88:c3653]
2019-08-22 07:03:38,773 | INFO  | SCMAudit | user=jenkins1000 | ip=192.168.34.31 | op=ALLOCATE_BLOCK {owner=04b6d46a-98e2-41b1-9f38-1870289993ea, size=4194304, type=RATIS, factor=THREE} | ret=SUCCESS |  
2019-08-22 07:03:38,775 | INFO  | OMAudit | user=jenkins1000 | ip=127.0.0.1 | op=ALLOCATE_BLOCK {volume=vol-0-14906, bucket=bucket-0-53153, key=key-0-33222, dataSize=0, replicationType=null, replicationFactor=null, keyLocationInfo=null, clientID=102659352017764754} | ret=SUCCESS |  
2019-08-22 07:03:38,783 | INFO  | DNAudit | user=null | ip=null | op=WRITE_CHUNK {blockData=conID: 3 locID: 102659353396707918 bcsId: 0} | ret=SUCCESS |  
2019-08-22 07:03:38,785 | INFO  | DNAudit | user=null | ip=null | op=WRITE_CHUNK {blockData=conID: 3 locID: 102659353396707918 bcsId: 0} | ret=SUCCESS |  
2019-08-22 07:03:38,786 | INFO  | DNAudit | user=null | ip=null | op=WRITE_CHUNK {blockData=conID: 3 locID: 102659353396707918 bcsId: 0} | ret=SUCCESS |  
2019-08-22 07:03:38,786 | INFO  | DNAudit | user=null | ip=null | op=WRITE_CHUNK {blockData=conID: 3 locID: 102659353396707918 bcsId: 0} | ret=SUCCESS |  
2019-08-22 07:03:38,788 | INFO  | DNAudit | user=null | ip=null | op=WRITE_CHUNK {blockData=conID: 3 locID: 102659353396707918 bcsId: 0} | ret=SUCCESS |  
2019-08-22 07:03:38,789 | INFO  | DNAudit | user=null | ip=null | op=WRITE_CHUNK {blockData=conID: 3 locID: 102659353396707918 bcsId: 0} | ret=SUCCESS |  
2019-08-22 07:03:38,795 | INFO  | DNAudit | user=null | ip=null | op=WRITE_CHUNK {blockData=conID: 3 locID: 102659353396707918 bcsId: 0} | ret=SUCCESS |  
2019-08-22 07:03:38,795 | INFO  | DNAudit | user=null | ip=null | op=PUT_BLOCK {blockData=[blockId=conID: 3 locID: 102659353396707918 bcsId: 0,size=1048576]} | ret=SUCCESS |  
2019-08-22 07:03:38,795 [grpc-default-executor-1] INFO  client.GrpcClientProtocolClient (GrpcClientProtocolClient.java:onNext(255)) - client-CF63D631FA17->3cf1264f-5f6b-4138-aeee-2ff7d4522ead: receive RaftClientReply:client-CF63D631FA17->3cf1264f-5f6b-4138-aeee-2ff7d4522ead@group-561E16522154, cid=2454, SUCCESS, logIndex=3656, commits[3cf1264f-5f6b-4138-aeee-2ff7d4522ead:c3657, 4f0d1a15-8f14-4d9a-ad4f-8211e1245b5d:c3655, 6999f20e-c3f7-4db4-87ca-141c476f2a88:c3655]
2019-08-22 07:03:38,796 | INFO  | DNAudit | user=null | ip=null | op=WRITE_CHUNK {blockData=conID: 3 locID: 102659353396707918 bcsId: 0} | ret=SUCCESS |  
2019-08-22 07:03:38,796 | INFO  | DNAudit | user=null | ip=null | op=PUT_BLOCK {blockData=[blockId=conID: 3 locID: 102659353396707918 bcsId: 0,size=2097152]} | ret=SUCCESS |  
2019-08-22 07:03:38,796 [grpc-default-executor-5] INFO  client.GrpcClientProtocolClient (GrpcClientProtocolClient.java:onNext(255)) - client-CF63D631FA17->3cf1264f-5f6b-4138-aeee-2ff7d4522ead: receive RaftClientReply:client-CF63D631FA17->3cf1264f-5f6b-4138-aeee-2ff7d4522ead@group-561E16522154, cid=2455, SUCCESS, logIndex=3657, commits[3cf1264f-5f6b-4138-aeee-2ff7d4522ead:c3657, 4f0d1a15-8f14-4d9a-ad4f-8211e1245b5d:c3655, 6999f20e-c3f7-4db4-87ca-141c476f2a88:c3655]
2019-08-22 07:03:38,796 [grpc-default-executor-5] INFO  client.GrpcClientProtocolClient (GrpcClientProtocolClient.java:onNext(255)) - client-CF63D631FA17->3cf1264f-5f6b-4138-aeee-2ff7d4522ead: receive RaftClientReply:client-CF63D631FA17->3cf1264f-5f6b-4138-aeee-2ff7d4522ead@group-561E16522154, cid=2456, SUCCESS, logIndex=3658, commits[3cf1264f-5f6b-4138-aeee-2ff7d4522ead:c3659, 4f0d1a15-8f14-4d9a-ad4f-8211e1245b5d:c3655, 6999f20e-c3f7-4db4-87ca-141c476f2a88:c3655]
2019-08-22 07:03:38,797 [grpc-default-executor-5] INFO  client.GrpcClientProtocolClient (GrpcClientProtocolClient.java:onNext(255)) - client-CF63D631FA17->3cf1264f-5f6b-4138-aeee-2ff7d4522ead: receive RaftClientReply:client-CF63D631FA17->3cf1264f-5f6b-4138-aeee-2ff7d4522ead@group-561E16522154, cid=2457, SUCCESS, logIndex=3659, commits[3cf1264f-5f6b-4138-aeee-2ff7d4522ead:c3659, 4f0d1a15-8f14-4d9a-ad4f-8211e1245b5d:c3655, 6999f20e-c3f7-4db4-87ca-141c476f2a88:c3655]
2019-08-22 07:03:38,809 | INFO  | DNAudit | user=null | ip=null | op=WRITE_CHUNK {blockData=conID: 3 locID: 102659353396707918 bcsId: 0} | ret=SUCCESS |  
2019-08-22 07:03:38,809 | INFO  | DNAudit | user=null | ip=null | op=WRITE_CHUNK {blockData=conID: 3 locID: 102659353396707918 bcsId: 0} | ret=SUCCESS |  
2019-08-22 07:03:38,809 | INFO  | DNAudit | user=null | ip=null | op=PUT_BLOCK {blockData=[blockId=conID: 3 locID: 102659353396707918 bcsId: 0,size=1048576]} | ret=SUCCESS |  
2019-08-22 07:03:38,809 | INFO  | DNAudit | user=null | ip=null | op=PUT_BLOCK {blockData=[blockId=conID: 3 locID: 102659353396707918 bcsId: 0,size=1048576]} | ret=SUCCESS |  
2019-08-22 07:03:38,810 | INFO  | DNAudit | user=null | ip=null | op=WRITE_CHUNK {blockData=conID: 3 locID: 102659353396707918 bcsId: 0} | ret=SUCCESS |  
2019-08-22 07:03:38,810 | INFO  | DNAudit | user=null | ip=null | op=PUT_BLOCK {blockData=[blockId=conID: 3 locID: 102659353396707918 bcsId: 0,size=2097152]} | ret=SUCCESS |  
2019-08-22 07:03:38,810 [grpc-default-executor-5] INFO  client.GrpcClientProtocolClient (GrpcClientProtocolClient.java:onNext(255)) - client-CF63D631FA17->3cf1264f-5f6b-4138-aeee-2ff7d4522ead: receive RaftClientReply:client-CF63D631FA17->3cf1264f-5f6b-4138-aeee-2ff7d4522ead@group-561E16522154, cid=2458, SUCCESS, logIndex=0, commits[3cf1264f-5f6b-4138-aeee-2ff7d4522ead:c3661, 4f0d1a15-8f14-4d9a-ad4f-8211e1245b5d:c3657, 6999f20e-c3f7-4db4-87ca-141c476f2a88:c3657]
2019-08-22 07:03:38,810 | INFO  | DNAudit | user=null | ip=null | op=WRITE_CHUNK {blockData=conID: 3 locID: 102659353396707918 bcsId: 0} | ret=SUCCESS |  
2019-08-22 07:03:38,810 | INFO  | DNAudit | user=null | ip=null | op=PUT_BLOCK {blockData=[blockId=conID: 3 locID: 102659353396707918 bcsId: 0,size=2097152]} | ret=SUCCESS |  
2019-08-22 07:03:38,817 | INFO  | DNAudit | user=null | ip=null | op=WRITE_CHUNK {blockData=conID: 3 locID: 102659353396707918 bcsId: 3659} | ret=SUCCESS |  
2019-08-22 07:03:38,819 | INFO  | DNAudit | user=null | ip=null | op=WRITE_CHUNK {blockData=conID: 3 locID: 102659353396707918 bcsId: 3659} | ret=SUCCESS |  
2019-08-22 07:03:38,819 | INFO  | DNAudit | user=null | ip=null | op=WRITE_CHUNK {blockData=conID: 3 locID: 102659353396707918 bcsId: 3659} | ret=SUCCESS |  
2019-08-22 07:03:38,831 | INFO  | DNAudit | user=null | ip=null | op=WRITE_CHUNK {blockData=conID: 3 locID: 102659353396707918 bcsId: 3659} | ret=SUCCESS |  
2019-08-22 07:03:38,831 | INFO  | DNAudit | user=null | ip=null | op=PUT_BLOCK {blockData=[blockId=conID: 3 locID: 102659353396707918 bcsId: 0,size=3145728]} | ret=SUCCESS |  
2019-08-22 07:03:38,831 [grpc-default-executor-0] INFO  client.GrpcClientProtocolClient (GrpcClientProtocolClient.java:onNext(255)) - client-CF63D631FA17->3cf1264f-5f6b-4138-aeee-2ff7d4522ead: receive RaftClientReply:client-CF63D631FA17->3cf1264f-5f6b-4138-aeee-2ff7d4522ead@group-561E16522154, cid=2459, SUCCESS, logIndex=3664, commits[3cf1264f-5f6b-4138-aeee-2ff7d4522ead:c3665, 4f0d1a15-8f14-4d9a-ad4f-8211e1245b5d:c3663, 6999f20e-c3f7-4db4-87ca-141c476f2a88:c3663]
2019-08-22 07:03:38,832 [grpc-default-executor-0] INFO  client.GrpcClientProtocolClient (GrpcClientProtocolClient.java:onNext(255)) - client-CF63D631FA17->3cf1264f-5f6b-4138-aeee-2ff7d4522ead: receive RaftClientReply:client-CF63D631FA17->3cf1264f-5f6b-4138-aeee-2ff7d4522ead@group-561E16522154, cid=2460, SUCCESS, logIndex=3665, commits[3cf1264f-5f6b-4138-aeee-2ff7d4522ead:c3665, 4f0d1a15-8f14-4d9a-ad4f-8211e1245b5d:c3663, 6999f20e-c3f7-4db4-87ca-141c476f2a88:c3663]
2019-08-22 07:03:38,839 | INFO  | DNAudit | user=null | ip=null | op=WRITE_CHUNK {blockData=conID: 3 locID: 102659353396707918 bcsId: 3665} | ret=SUCCESS |  
2019-08-22 07:03:38,841 | INFO  | DNAudit | user=null | ip=null | op=WRITE_CHUNK {blockData=conID: 3 locID: 102659353396707918 bcsId: 3665} | ret=SUCCESS |  
2019-08-22 07:03:38,841 | INFO  | DNAudit | user=null | ip=null | op=WRITE_CHUNK {blockData=conID: 3 locID: 102659353396707918 bcsId: 3665} | ret=SUCCESS |  
2019-08-22 07:03:38,845 | INFO  | DNAudit | user=null | ip=null | op=WRITE_CHUNK {blockData=conID: 3 locID: 102659353396707918 bcsId: 3659} | ret=SUCCESS |  
2019-08-22 07:03:38,845 | INFO  | DNAudit | user=null | ip=null | op=WRITE_CHUNK {blockData=conID: 3 locID: 102659353396707918 bcsId: 3659} | ret=SUCCESS |  
2019-08-22 07:03:38,845 | INFO  | DNAudit | user=null | ip=null | op=PUT_BLOCK {blockData=[blockId=conID: 3 locID: 102659353396707918 bcsId: 0,size=3145728]} | ret=SUCCESS |  
2019-08-22 07:03:38,845 | INFO  | DNAudit | user=null | ip=null | op=PUT_BLOCK {blockData=[blockId=conID: 3 locID: 102659353396707918 bcsId: 0,size=3145728]} | ret=SUCCESS |  
2019-08-22 07:03:38,858 | INFO  | DNAudit | user=null | ip=null | op=WRITE_CHUNK {blockData=conID: 3 locID: 102659353396707918 bcsId: 3665} | ret=SUCCESS |  
2019-08-22 07:03:38,859 | INFO  | DNAudit | user=null | ip=null | op=PUT_BLOCK {blockData=[blockId=conID: 3 locID: 102659353396707918 bcsId: 0,size=4194304]} | ret=SUCCESS |  
2019-08-22 07:03:38,859 [grpc-default-executor-0] INFO  client.GrpcClientProtocolClient (GrpcClientProtocolClient.java:onNext(255)) - client-CF63D631FA17->3cf1264f-5f6b-4138-aeee-2ff7d4522ead: receive RaftClientReply:client-CF63D631FA17->3cf1264f-5f6b-4138-aeee-2ff7d4522ead@group-561E16522154, cid=2461, SUCCESS, logIndex=3668, commits[3cf1264f-5f6b-4138-aeee-2ff7d4522ead:c3669, 4f0d1a15-8f14-4d9a-ad4f-8211e1245b5d:c3665, 6999f20e-c3f7-4db4-87ca-141c476f2a88:c3665]
2019-08-22 07:03:38,859 [grpc-default-executor-0] INFO  client.GrpcClientProtocolClient (GrpcClientProtocolClient.java:onNext(255)) - client-CF63D631FA17->3cf1264f-5f6b-4138-aeee-2ff7d4522ead: receive RaftClientReply:client-CF63D631FA17->3cf1264f-5f6b-4138-aeee-2ff7d4522ead@group-561E16522154, cid=2462, SUCCESS, logIndex=3669, commits[3cf1264f-5f6b-4138-aeee-2ff7d4522ead:c3669, 4f0d1a15-8f14-4d9a-ad4f-8211e1245b5d:c3665, 6999f20e-c3f7-4db4-87ca-141c476f2a88:c3665]
2019-08-22 07:03:38,860 | INFO  | DNAudit | user=null | ip=null | op=WRITE_CHUNK {blockData=conID: 3 locID: 102659353396707918 bcsId: 3665} | ret=SUCCESS |  
2019-08-22 07:03:38,860 | INFO  | DNAudit | user=null | ip=null | op=WRITE_CHUNK {blockData=conID: 3 locID: 102659353396707918 bcsId: 3665} | ret=SUCCESS |  
2019-08-22 07:03:38,863 | INFO  | DNAudit | user=null | ip=null | op=PUT_BLOCK {blockData=[blockId=conID: 3 locID: 102659353396707918 bcsId: 0,size=4194304]} | ret=SUCCESS |  
2019-08-22 07:03:38,863 | INFO  | DNAudit | user=null | ip=null | op=PUT_BLOCK {blockData=[blockId=conID: 3 locID: 102659353396707918 bcsId: 0,size=4194304]} | ret=SUCCESS |  
2019-08-22 07:03:38,864 [grpc-default-executor-0] INFO  client.GrpcClientProtocolClient (GrpcClientProtocolClient.java:onNext(255)) - client-CF63D631FA17->3cf1264f-5f6b-4138-aeee-2ff7d4522ead: receive RaftClientReply:client-CF63D631FA17->3cf1264f-5f6b-4138-aeee-2ff7d4522ead@group-561E16522154, cid=2463, SUCCESS, logIndex=0, commits[3cf1264f-5f6b-4138-aeee-2ff7d4522ead:c3671, 4f0d1a15-8f14-4d9a-ad4f-8211e1245b5d:c3669, 6999f20e-c3f7-4db4-87ca-141c476f2a88:c3669]
2019-08-22 07:03:38,869 | INFO  | SCMAudit | user=jenkins1000 | ip=192.168.34.31 | op=ALLOCATE_BLOCK {owner=04b6d46a-98e2-41b1-9f38-1870289993ea, size=4194304, type=RATIS, factor=THREE} | ret=SUCCESS |  
2019-08-22 07:03:38,873 | INFO  | OMAudit | user=jenkins1000 | ip=127.0.0.1 | op=ALLOCATE_BLOCK {volume=vol-0-14906, bucket=bucket-0-53153, key=key-0-33222, dataSize=0, replicationType=null, replicationFactor=null, keyLocationInfo=null, clientID=102659352017764754} | ret=SUCCESS |  
2019-08-22 07:03:38,880 | INFO  | DNAudit | user=null | ip=null | op=WRITE_CHUNK {blockData=conID: 1 locID: 102659353402999375 bcsId: 0} | ret=SUCCESS |  
2019-08-22 07:03:38,884 | INFO  | DNAudit | user=null | ip=null | op=WRITE_CHUNK {blockData=conID: 1 locID: 102659353402999375 bcsId: 0} | ret=SUCCESS |  
2019-08-22 07:03:38,884 | INFO  | DNAudit | user=null | ip=null | op=WRITE_CHUNK {blockData=conID: 1 locID: 102659353402999375 bcsId: 0} | ret=SUCCESS |  
2019-08-22 07:03:38,884 | INFO  | DNAudit | user=null | ip=null | op=WRITE_CHUNK {blockData=conID: 1 locID: 102659353402999375 bcsId: 0} | ret=SUCCESS |  
2019-08-22 07:03:38,886 | INFO  | DNAudit | user=null | ip=null | op=WRITE_CHUNK {blockData=conID: 1 locID: 102659353402999375 bcsId: 0} | ret=SUCCESS |  
2019-08-22 07:03:38,886 | INFO  | DNAudit | user=null | ip=null | op=WRITE_CHUNK {blockData=conID: 1 locID: 102659353402999375 bcsId: 0} | ret=SUCCESS |  
2019-08-22 07:03:38,901 | INFO  | SCMAudit | user=jenkins1000 | ip=192.168.34.31 | op=SEND_HEARTBEAT {datanodeUUID=6ab6b5dd-7582-43bd-ad39-1af51ca14a47, command=[]} | ret=SUCCESS |  
2019-08-22 07:03:38,901 | INFO  | SCMAudit | user=jenkins1000 | ip=192.168.34.31 | op=SEND_HEARTBEAT {datanodeUUID=f789f48f-f3d7-45ec-9bba-6a89e2bdcc9c, command=[]} | ret=SUCCESS |  
 0.00% |█                                                                                                    |  0/1 Time: 0:00:212019-08-22 07:03:38,911 | INFO  | DNAudit | user=null | ip=null | op=WRITE_CHUNK {blockData=conID: 1 locID: 102659353402999375 bcsId: 0} | ret=SUCCESS |  
2019-08-22 07:03:38,911 | INFO  | DNAudit | user=null | ip=null | op=PUT_BLOCK {blockData=[blockId=conID: 1 locID: 102659353402999375 bcsId: 0,size=1048576]} | ret=SUCCESS |  
2019-08-22 07:03:38,912 | INFO  | DNAudit | user=null | ip=null | op=WRITE_CHUNK {blockData=conID: 1 locID: 102659353402999375 bcsId: 0} | ret=SUCCESS |  
2019-08-22 07:03:38,912 [grpc-default-executor-1] INFO  client.GrpcClientProtocolClient (GrpcClientProtocolClient.java:onNext(255)) - client-CF63D631FA17->3cf1264f-5f6b-4138-aeee-2ff7d4522ead: receive RaftClientReply:client-CF63D631FA17->3cf1264f-5f6b-4138-aeee-2ff7d4522ead@group-561E16522154, cid=2464, SUCCESS, logIndex=3672, commits[3cf1264f-5f6b-4138-aeee-2ff7d4522ead:c3673, 4f0d1a15-8f14-4d9a-ad4f-8211e1245b5d:c3671, 6999f20e-c3f7-4db4-87ca-141c476f2a88:c3671]
2019-08-22 07:03:38,912 | INFO  | DNAudit | user=null | ip=null | op=PUT_BLOCK {blockData=[blockId=conID: 1 locID: 102659353402999375 bcsId: 0,size=2097152]} | ret=SUCCESS |  
2019-08-22 07:03:38,912 [grpc-default-executor-1] INFO  client.GrpcClientProtocolClient (GrpcClientProtocolClient.java:onNext(255)) - client-CF63D631FA17->3cf1264f-5f6b-4138-aeee-2ff7d4522ead: receive RaftClientReply:client-CF63D631FA17->3cf1264f-5f6b-4138-aeee-2ff7d4522ead@group-561E16522154, cid=2465, SUCCESS, logIndex=3673, commits[3cf1264f-5f6b-4138-aeee-2ff7d4522ead:c3675, 4f0d1a15-8f14-4d9a-ad4f-8211e1245b5d:c3671, 6999f20e-c3f7-4db4-87ca-141c476f2a88:c3671]
2019-08-22 07:03:38,913 [grpc-default-executor-1] INFO  client.GrpcClientProtocolClient (GrpcClientProtocolClient.java:onNext(255)) - client-CF63D631FA17->3cf1264f-5f6b-4138-aeee-2ff7d4522ead: receive RaftClientReply:client-CF63D631FA17->3cf1264f-5f6b-4138-aeee-2ff7d4522ead@group-561E16522154, cid=2466, SUCCESS, logIndex=3674, commits[3cf1264f-5f6b-4138-aeee-2ff7d4522ead:c3675, 4f0d1a15-8f14-4d9a-ad4f-8211e1245b5d:c3671, 6999f20e-c3f7-4db4-87ca-141c476f2a88:c3671]
2019-08-22 07:03:38,913 [grpc-default-executor-1] INFO  client.GrpcClientProtocolClient (GrpcClientProtocolClient.java:onNext(255)) - client-CF63D631FA17->3cf1264f-5f6b-4138-aeee-2ff7d4522ead: receive RaftClientReply:client-CF63D631FA17->3cf1264f-5f6b-4138-aeee-2ff7d4522ead@group-561E16522154, cid=2467, SUCCESS, logIndex=3675, commits[3cf1264f-5f6b-4138-aeee-2ff7d4522ead:c3675, 4f0d1a15-8f14-4d9a-ad4f-8211e1245b5d:c3671, 6999f20e-c3f7-4db4-87ca-141c476f2a88:c3671]
2019-08-22 07:03:38,922 | INFO  | DNAudit | user=null | ip=null | op=WRITE_CHUNK {blockData=conID: 1 locID: 102659353402999375 bcsId: 0} | ret=SUCCESS |  
2019-08-22 07:03:38,922 | INFO  | DNAudit | user=null | ip=null | op=PUT_BLOCK {blockData=[blockId=conID: 1 locID: 102659353402999375 bcsId: 0,size=1048576]} | ret=SUCCESS |  
2019-08-22 07:03:38,922 | INFO  | DNAudit | user=null | ip=null | op=WRITE_CHUNK {blockData=conID: 1 locID: 102659353402999375 bcsId: 0} | ret=SUCCESS |  
2019-08-22 07:03:38,923 | INFO  | DNAudit | user=null | ip=null | op=PUT_BLOCK {blockData=[blockId=conID: 1 locID: 102659353402999375 bcsId: 0,size=1048576]} | ret=SUCCESS |  
2019-08-22 07:03:38,923 | INFO  | DNAudit | user=null | ip=null | op=WRITE_CHUNK {blockData=conID: 1 locID: 102659353402999375 bcsId: 0} | ret=SUCCESS |  
2019-08-22 07:03:38,923 | INFO  | DNAudit | user=null | ip=null | op=PUT_BLOCK {blockData=[blockId=conID: 1 locID: 102659353402999375 bcsId: 0,size=2097152]} | ret=SUCCESS |  
2019-08-22 07:03:38,923 [grpc-default-executor-1] INFO  client.GrpcClientProtocolClient (GrpcClientProtocolClient.java:onNext(255)) - client-CF63D631FA17->3cf1264f-5f6b-4138-aeee-2ff7d4522ead: receive RaftClientReply:client-CF63D631FA17->3cf1264f-5f6b-4138-aeee-2ff7d4522ead@group-561E16522154, cid=2468, SUCCESS, logIndex=0, commits[3cf1264f-5f6b-4138-aeee-2ff7d4522ead:c3676, 4f0d1a15-8f14-4d9a-ad4f-8211e1245b5d:c3673, 6999f20e-c3f7-4db4-87ca-141c476f2a88:c3673]
2019-08-22 07:03:38,925 | INFO  | SCMAudit | user=jenkins1000 | ip=192.168.34.31 | op=SEND_HEARTBEAT {datanodeUUID=4f0d1a15-8f14-4d9a-ad4f-8211e1245b5d, command=[]} | ret=SUCCESS |  
2019-08-22 07:03:38,925 | INFO  | DNAudit | user=null | ip=null | op=WRITE_CHUNK {blockData=conID: 1 locID: 102659353402999375 bcsId: 0} | ret=SUCCESS |  
2019-08-22 07:03:38,925 | INFO  | DNAudit | user=null | ip=null | op=PUT_BLOCK {blockData=[blockId=conID: 1 locID: 102659353402999375 bcsId: 0,size=2097152]} | ret=SUCCESS |  
2019-08-22 07:03:38,925 | INFO  | SCMAudit | user=jenkins1000 | ip=192.168.34.31 | op=SEND_HEARTBEAT {datanodeUUID=3cf1264f-5f6b-4138-aeee-2ff7d4522ead, command=[]} | ret=SUCCESS |  
2019-08-22 07:03:38,925 | INFO  | SCMAudit | user=jenkins1000 | ip=192.168.34.31 | op=SEND_HEARTBEAT {datanodeUUID=6999f20e-c3f7-4db4-87ca-141c476f2a88, command=[]} | ret=SUCCESS |  
2019-08-22 07:03:38,930 | INFO  | DNAudit | user=null | ip=null | op=WRITE_CHUNK {blockData=conID: 1 locID: 102659353402999375 bcsId: 3675} | ret=SUCCESS |  
2019-08-22 07:03:38,933 | INFO  | DNAudit | user=null | ip=null | op=WRITE_CHUNK {blockData=conID: 1 locID: 102659353402999375 bcsId: 3675} | ret=SUCCESS |  
2019-08-22 07:03:38,933 | INFO  | DNAudit | user=null | ip=null | op=WRITE_CHUNK {blockData=conID: 1 locID: 102659353402999375 bcsId: 3675} | ret=SUCCESS |  
2019-08-22 07:03:38,939 | INFO  | DNAudit | user=null | ip=null | op=WRITE_CHUNK {blockData=conID: 1 locID: 102659353402999375 bcsId: 3675} | ret=SUCCESS |  
2019-08-22 07:03:38,940 | INFO  | DNAudit | user=null | ip=null | op=PUT_BLOCK {blockData=[blockId=conID: 1 locID: 102659353402999375 bcsId: 0,size=3145728]} | ret=SUCCESS |  
2019-08-22 07:03:38,940 [grpc-default-executor-1] INFO  client.GrpcClientProtocolClient (GrpcClientProtocolClient.java:onNext(255)) - client-CF63D631FA17->3cf1264f-5f6b-4138-aeee-2ff7d4522ead: receive RaftClientReply:client-CF63D631FA17->3cf1264f-5f6b-4138-aeee-2ff7d4522ead@group-561E16522154, cid=2469, SUCCESS, logIndex=3680, commits[3cf1264f-5f6b-4138-aeee-2ff7d4522ead:c3681, 4f0d1a15-8f14-4d9a-ad4f-8211e1245b5d:c3679, 6999f20e-c3f7-4db4-87ca-141c476f2a88:c3679]
2019-08-22 07:03:38,941 [grpc-default-executor-1] INFO  client.GrpcClientProtocolClient (GrpcClientProtocolClient.java:onNext(255)) - client-CF63D631FA17->3cf1264f-5f6b-4138-aeee-2ff7d4522ead: receive RaftClientReply:client-CF63D631FA17->3cf1264f-5f6b-4138-aeee-2ff7d4522ead@group-561E16522154, cid=2470, SUCCESS, logIndex=3681, commits[3cf1264f-5f6b-4138-aeee-2ff7d4522ead:c3681, 4f0d1a15-8f14-4d9a-ad4f-8211e1245b5d:c3679, 6999f20e-c3f7-4db4-87ca-141c476f2a88:c3679]
2019-08-22 07:03:38,948 | INFO  | DNAudit | user=null | ip=null | op=WRITE_CHUNK {blockData=conID: 1 locID: 102659353402999375 bcsId: 3681} | ret=SUCCESS |  
2019-08-22 07:03:38,950 | INFO  | DNAudit | user=null | ip=null | op=WRITE_CHUNK {blockData=conID: 1 locID: 102659353402999375 bcsId: 3681} | ret=SUCCESS |  
2019-08-22 07:03:38,951 | INFO  | DNAudit | user=null | ip=null | op=WRITE_CHUNK {blockData=conID: 1 locID: 102659353402999375 bcsId: 3681} | ret=SUCCESS |  
2019-08-22 07:03:38,951 | INFO  | DNAudit | user=null | ip=null | op=WRITE_CHUNK {blockData=conID: 1 locID: 102659353402999375 bcsId: 3675} | ret=SUCCESS |  
2019-08-22 07:03:38,951 | INFO  | DNAudit | user=null | ip=null | op=WRITE_CHUNK {blockData=conID: 1 locID: 102659353402999375 bcsId: 3675} | ret=SUCCESS |  
2019-08-22 07:03:38,952 | INFO  | DNAudit | user=null | ip=null | op=PUT_BLOCK {blockData=[blockId=conID: 1 locID: 102659353402999375 bcsId: 0,size=3145728]} | ret=SUCCESS |  
2019-08-22 07:03:38,952 | INFO  | DNAudit | user=null | ip=null | op=PUT_BLOCK {blockData=[blockId=conID: 1 locID: 102659353402999375 bcsId: 0,size=3145728]} | ret=SUCCESS |  
2019-08-22 07:03:38,953 | INFO  | DNAudit | user=null | ip=null | op=WRITE_CHUNK {blockData=conID: 1 locID: 102659353402999375 bcsId: 3681} | ret=SUCCESS |  
2019-08-22 07:03:38,953 | INFO  | DNAudit | user=null | ip=null | op=PUT_BLOCK {blockData=[blockId=conID: 1 locID: 102659353402999375 bcsId: 0,size=4194304]} | ret=SUCCESS |  
2019-08-22 07:03:38,954 [grpc-default-executor-1] INFO  client.GrpcClientProtocolClient (GrpcClientProtocolClient.java:onNext(255)) - client-CF63D631FA17->3cf1264f-5f6b-4138-aeee-2ff7d4522ead: receive RaftClientReply:client-CF63D631FA17->3cf1264f-5f6b-4138-aeee-2ff7d4522ead@group-561E16522154, cid=2471, SUCCESS, logIndex=3684, commits[3cf1264f-5f6b-4138-aeee-2ff7d4522ead:c3685, 4f0d1a15-8f14-4d9a-ad4f-8211e1245b5d:c3681, 6999f20e-c3f7-4db4-87ca-141c476f2a88:c3681]
2019-08-22 07:03:38,954 [grpc-default-executor-1] INFO  client.GrpcClientProtocolClient (GrpcClientProtocolClient.java:onNext(255)) - client-CF63D631FA17->3cf1264f-5f6b-4138-aeee-2ff7d4522ead: receive RaftClientReply:client-CF63D631FA17->3cf1264f-5f6b-4138-aeee-2ff7d4522ead@group-561E16522154, cid=2472, SUCCESS, logIndex=3685, commits[3cf1264f-5f6b-4138-aeee-2ff7d4522ead:c3685, 4f0d1a15-8f14-4d9a-ad4f-8211e1245b5d:c3681, 6999f20e-c3f7-4db4-87ca-141c476f2a88:c3681]
2019-08-22 07:03:38,965 | INFO  | DNAudit | user=null | ip=null | op=WRITE_CHUNK {blockData=conID: 1 locID: 102659353402999375 bcsId: 3681} | ret=SUCCESS |  
2019-08-22 07:03:38,965 | INFO  | DNAudit | user=null | ip=null | op=WRITE_CHUNK {blockData=conID: 1 locID: 102659353402999375 bcsId: 3681} | ret=SUCCESS |  
2019-08-22 07:03:38,968 | INFO  | DNAudit | user=null | ip=null | op=PUT_BLOCK {blockData=[blockId=conID: 1 locID: 102659353402999375 bcsId: 0,size=4194304]} | ret=SUCCESS |  
2019-08-22 07:03:38,968 | INFO  | DNAudit | user=null | ip=null | op=PUT_BLOCK {blockData=[blockId=conID: 1 locID: 102659353402999375 bcsId: 0,size=4194304]} | ret=SUCCESS |  
2019-08-22 07:03:38,968 [grpc-default-executor-0] INFO  client.GrpcClientProtocolClient (GrpcClientProtocolClient.java:onNext(255)) - client-CF63D631FA17->3cf1264f-5f6b-4138-aeee-2ff7d4522ead: receive RaftClientReply:client-CF63D631FA17->3cf1264f-5f6b-4138-aeee-2ff7d4522ead@group-561E16522154, cid=2473, SUCCESS, logIndex=0, commits[3cf1264f-5f6b-4138-aeee-2ff7d4522ead:c3686, 4f0d1a15-8f14-4d9a-ad4f-8211e1245b5d:c3685, 6999f20e-c3f7-4db4-87ca-141c476f2a88:c3685]
2019-08-22 07:03:38,973 | INFO  | SCMAudit | user=jenkins1000 | ip=192.168.34.31 | op=ALLOCATE_BLOCK {owner=04b6d46a-98e2-41b1-9f38-1870289993ea, size=4194304, type=RATIS, factor=THREE} | ret=SUCCESS |  
2019-08-22 07:03:38,976 | INFO  | OMAudit | user=jenkins1000 | ip=127.0.0.1 | op=ALLOCATE_BLOCK {volume=vol-0-14906, bucket=bucket-0-53153, key=key-0-33222, dataSize=0, replicationType=null, replicationFactor=null, keyLocationInfo=null, clientID=102659352017764754} | ret=SUCCESS |  
2019-08-22 07:03:38,982 | INFO  | DNAudit | user=null | ip=null | op=WRITE_CHUNK {blockData=conID: 2 locID: 102659353409815120 bcsId: 0} | ret=SUCCESS |  
2019-08-22 07:03:38,984 | INFO  | DNAudit | user=null | ip=null | op=WRITE_CHUNK {blockData=conID: 2 locID: 102659353409815120 bcsId: 0} | ret=SUCCESS |  
2019-08-22 07:03:38,985 | INFO  | DNAudit | user=null | ip=null | op=WRITE_CHUNK {blockData=conID: 2 locID: 102659353409815120 bcsId: 0} | ret=SUCCESS |  
2019-08-22 07:03:38,985 | INFO  | DNAudit | user=null | ip=null | op=WRITE_CHUNK {blockData=conID: 2 locID: 102659353409815120 bcsId: 0} | ret=SUCCESS |  
2019-08-22 07:03:38,987 | INFO  | DNAudit | user=null | ip=null | op=WRITE_CHUNK {blockData=conID: 2 locID: 102659353409815120 bcsId: 0} | ret=SUCCESS |  
2019-08-22 07:03:38,987 | INFO  | DNAudit | user=null | ip=null | op=WRITE_CHUNK {blockData=conID: 2 locID: 102659353409815120 bcsId: 0} | ret=SUCCESS |  
2019-08-22 07:03:38,996 | INFO  | DNAudit | user=null | ip=null | op=WRITE_CHUNK {blockData=conID: 2 locID: 102659353409815120 bcsId: 0} | ret=SUCCESS |  
2019-08-22 07:03:38,997 | INFO  | DNAudit | user=null | ip=null | op=PUT_BLOCK {blockData=[blockId=conID: 2 locID: 102659353409815120 bcsId: 0,size=1048576]} | ret=SUCCESS |  
2019-08-22 07:03:38,997 [grpc-default-executor-1] INFO  client.GrpcClientProtocolClient (GrpcClientProtocolClient.java:onNext(255)) - client-CF63D631FA17->3cf1264f-5f6b-4138-aeee-2ff7d4522ead: receive RaftClientReply:client-CF63D631FA17->3cf1264f-5f6b-4138-aeee-2ff7d4522ead@group-561E16522154, cid=2474, SUCCESS, logIndex=3688, commits[3cf1264f-5f6b-4138-aeee-2ff7d4522ead:c3689, 4f0d1a15-8f14-4d9a-ad4f-8211e1245b5d:c3687, 6999f20e-c3f7-4db4-87ca-141c476f2a88:c3687]
2019-08-22 07:03:38,997 [grpc-default-executor-1] INFO  client.GrpcClientProtocolClient (GrpcClientProtocolClient.java:onNext(255)) - client-CF63D631FA17->3cf1264f-5f6b-4138-aeee-2ff7d4522ead: receive RaftClientReply:client-CF63D631FA17->3cf1264f-5f6b-4138-aeee-2ff7d4522ead@group-561E16522154, cid=2475, SUCCESS, logIndex=3689, commits[3cf1264f-5f6b-4138-aeee-2ff7d4522ead:c3689, 4f0d1a15-8f14-4d9a-ad4f-8211e1245b5d:c3687, 6999f20e-c3f7-4db4-87ca-141c476f2a88:c3687]
2019-08-22 07:03:39,010 | INFO  | DNAudit | user=null | ip=null | op=WRITE_CHUNK {blockData=conID: 2 locID: 102659353409815120 bcsId: 0} | ret=SUCCESS |  
2019-08-22 07:03:39,011 | INFO  | DNAudit | user=null | ip=null | op=PUT_BLOCK {blockData=[blockId=conID: 2 locID: 102659353409815120 bcsId: 0,size=2097152]} | ret=SUCCESS |  
2019-08-22 07:03:39,011 [grpc-default-executor-5] INFO  client.GrpcClientProtocolClient (GrpcClientProtocolClient.java:onNext(255)) - client-CF63D631FA17->3cf1264f-5f6b-4138-aeee-2ff7d4522ead: receive RaftClientReply:client-CF63D631FA17->3cf1264f-5f6b-4138-aeee-2ff7d4522ead@group-561E16522154, cid=2476, SUCCESS, logIndex=3690, commits[3cf1264f-5f6b-4138-aeee-2ff7d4522ead:c3691, 4f0d1a15-8f14-4d9a-ad4f-8211e1245b5d:c3687, 6999f20e-c3f7-4db4-87ca-141c476f2a88:c3687]
2019-08-22 07:03:39,011 | INFO  | DNAudit | user=null | ip=null | op=WRITE_CHUNK {blockData=conID: 2 locID: 102659353409815120 bcsId: 0} | ret=SUCCESS |  
2019-08-22 07:03:39,011 | INFO  | DNAudit | user=null | ip=null | op=PUT_BLOCK {blockData=[blockId=conID: 2 locID: 102659353409815120 bcsId: 0,size=1048576]} | ret=SUCCESS |  
2019-08-22 07:03:39,011 [grpc-default-executor-1] INFO  client.GrpcClientProtocolClient (GrpcClientProtocolClient.java:onNext(255)) - client-CF63D631FA17->3cf1264f-5f6b-4138-aeee-2ff7d4522ead: receive RaftClientReply:client-CF63D631FA17->3cf1264f-5f6b-4138-aeee-2ff7d4522ead@group-561E16522154, cid=2477, SUCCESS, logIndex=3691, commits[3cf1264f-5f6b-4138-aeee-2ff7d4522ead:c3691, 4f0d1a15-8f14-4d9a-ad4f-8211e1245b5d:c3687, 6999f20e-c3f7-4db4-87ca-141c476f2a88:c3687]
2019-08-22 07:03:39,012 | INFO  | DNAudit | user=null | ip=null | op=WRITE_CHUNK {blockData=conID: 2 locID: 102659353409815120 bcsId: 0} | ret=SUCCESS |  
2019-08-22 07:03:39,013 | INFO  | DNAudit | user=null | ip=null | op=PUT_BLOCK {blockData=[blockId=conID: 2 locID: 102659353409815120 bcsId: 0,size=1048576]} | ret=SUCCESS |  
2019-08-22 07:03:39,013 [grpc-default-executor-1] INFO  client.GrpcClientProtocolClient (GrpcClientProtocolClient.java:onNext(255)) - client-CF63D631FA17->3cf1264f-5f6b-4138-aeee-2ff7d4522ead: receive RaftClientReply:client-CF63D631FA17->3cf1264f-5f6b-4138-aeee-2ff7d4522ead@group-561E16522154, cid=2478, SUCCESS, logIndex=0, commits[3cf1264f-5f6b-4138-aeee-2ff7d4522ead:c3693, 4f0d1a15-8f14-4d9a-ad4f-8211e1245b5d:c3689, 6999f20e-c3f7-4db4-87ca-141c476f2a88:c3689]
2019-08-22 07:03:39,018 | INFO  | DNAudit | user=null | ip=null | op=WRITE_CHUNK {blockData=conID: 2 locID: 102659353409815120 bcsId: 3691} | ret=SUCCESS |  
2019-08-22 07:03:39,021 | INFO  | DNAudit | user=null | ip=null | op=WRITE_CHUNK {blockData=conID: 2 locID: 102659353409815120 bcsId: 3691} | ret=SUCCESS |  
2019-08-22 07:03:39,021 | INFO  | DNAudit | user=null | ip=null | op=WRITE_CHUNK {blockData=conID: 2 locID: 102659353409815120 bcsId: 3691} | ret=SUCCESS |  
2019-08-22 07:03:39,023 | INFO  | DNAudit | user=null | ip=null | op=WRITE_CHUNK {blockData=conID: 2 locID: 102659353409815120 bcsId: 0} | ret=SUCCESS |  
2019-08-22 07:03:39,024 | INFO  | DNAudit | user=null | ip=null | op=PUT_BLOCK {blockData=[blockId=conID: 2 locID: 102659353409815120 bcsId: 0,size=2097152]} | ret=SUCCESS |  
2019-08-22 07:03:39,024 | INFO  | DNAudit | user=null | ip=null | op=WRITE_CHUNK {blockData=conID: 2 locID: 102659353409815120 bcsId: 0} | ret=SUCCESS |  
2019-08-22 07:03:39,024 | INFO  | DNAudit | user=null | ip=null | op=PUT_BLOCK {blockData=[blockId=conID: 2 locID: 102659353409815120 bcsId: 0,size=2097152]} | ret=SUCCESS |  
2019-08-22 07:03:39,027 | INFO  | DNAudit | user=null | ip=null | op=WRITE_CHUNK {blockData=conID: 2 locID: 102659353409815120 bcsId: 3691} | ret=SUCCESS |  
2019-08-22 07:03:39,027 | INFO  | DNAudit | user=null | ip=null | op=PUT_BLOCK {blockData=[blockId=conID: 2 locID: 102659353409815120 bcsId: 0,size=3145728]} | ret=SUCCESS |  
2019-08-22 07:03:39,027 [grpc-default-executor-1] INFO  client.GrpcClientProtocolClient (GrpcClientProtocolClient.java:onNext(255)) - client-CF63D631FA17->3cf1264f-5f6b-4138-aeee-2ff7d4522ead: receive RaftClientReply:client-CF63D631FA17->3cf1264f-5f6b-4138-aeee-2ff7d4522ead@group-561E16522154, cid=2479, SUCCESS, logIndex=3696, commits[3cf1264f-5f6b-4138-aeee-2ff7d4522ead:c3697, 4f0d1a15-8f14-4d9a-ad4f-8211e1245b5d:c3691, 6999f20e-c3f7-4db4-87ca-141c476f2a88:c3693]
2019-08-22 07:03:39,028 [grpc-default-executor-1] INFO  client.GrpcClientProtocolClient (GrpcClientProtocolClient.java:onNext(255)) - client-CF63D631FA17->3cf1264f-5f6b-4138-aeee-2ff7d4522ead: receive RaftClientReply:client-CF63D631FA17->3cf1264f-5f6b-4138-aeee-2ff7d4522ead@group-561E16522154, cid=2480, SUCCESS, logIndex=3697, commits[3cf1264f-5f6b-4138-aeee-2ff7d4522ead:c3697, 4f0d1a15-8f14-4d9a-ad4f-8211e1245b5d:c3693, 6999f20e-c3f7-4db4-87ca-141c476f2a88:c3693]
2019-08-22 07:03:39,033 | INFO  | DNAudit | user=null | ip=null | op=WRITE_CHUNK {blockData=conID: 2 locID: 102659353409815120 bcsId: 3697} | ret=SUCCESS |  
2019-08-22 07:03:39,036 | INFO  | DNAudit | user=null | ip=null | op=WRITE_CHUNK {blockData=conID: 2 locID: 102659353409815120 bcsId: 3697} | ret=SUCCESS |  
2019-08-22 07:03:39,036 | INFO  | DNAudit | user=null | ip=null | op=WRITE_CHUNK {blockData=conID: 2 locID: 102659353409815120 bcsId: 3697} | ret=SUCCESS |  
2019-08-22 07:03:39,038 | INFO  | DNAudit | user=null | ip=null | op=WRITE_CHUNK {blockData=conID: 2 locID: 102659353409815120 bcsId: 3691} | ret=SUCCESS |  
2019-08-22 07:03:39,038 | INFO  | DNAudit | user=null | ip=null | op=WRITE_CHUNK {blockData=conID: 2 locID: 102659353409815120 bcsId: 3691} | ret=SUCCESS |  
2019-08-22 07:03:39,039 | INFO  | DNAudit | user=null | ip=null | op=PUT_BLOCK {blockData=[blockId=conID: 2 locID: 102659353409815120 bcsId: 0,size=3145728]} | ret=SUCCESS |  
2019-08-22 07:03:39,039 | INFO  | DNAudit | user=null | ip=null | op=PUT_BLOCK {blockData=[blockId=conID: 2 locID: 102659353409815120 bcsId: 0,size=3145728]} | ret=SUCCESS |  
2019-08-22 07:03:39,041 | INFO  | DNAudit | user=null | ip=null | op=WRITE_CHUNK {blockData=conID: 2 locID: 102659353409815120 bcsId: 3697} | ret=SUCCESS |  
2019-08-22 07:03:39,042 | INFO  | DNAudit | user=null | ip=null | op=PUT_BLOCK {blockData=[blockId=conID: 2 locID: 102659353409815120 bcsId: 0,size=4194304]} | ret=SUCCESS |  
2019-08-22 07:03:39,042 [grpc-default-executor-0] INFO  client.GrpcClientProtocolClient (GrpcClientProtocolClient.java:onNext(255)) - client-CF63D631FA17->3cf1264f-5f6b-4138-aeee-2ff7d4522ead: receive RaftClientReply:client-CF63D631FA17->3cf1264f-5f6b-4138-aeee-2ff7d4522ead@group-561E16522154, cid=2481, SUCCESS, logIndex=3699, commits[3cf1264f-5f6b-4138-aeee-2ff7d4522ead:c3700, 4f0d1a15-8f14-4d9a-ad4f-8211e1245b5d:c3697, 6999f20e-c3f7-4db4-87ca-141c476f2a88:c3697]
2019-08-22 07:03:39,042 [grpc-default-executor-0] INFO  client.GrpcClientProtocolClient (GrpcClientProtocolClient.java:onNext(255)) - client-CF63D631FA17->3cf1264f-5f6b-4138-aeee-2ff7d4522ead: receive RaftClientReply:client-CF63D631FA17->3cf1264f-5f6b-4138-aeee-2ff7d4522ead@group-561E16522154, cid=2482, SUCCESS, logIndex=3700, commits[3cf1264f-5f6b-4138-aeee-2ff7d4522ead:c3700, 4f0d1a15-8f14-4d9a-ad4f-8211e1245b5d:c3697, 6999f20e-c3f7-4db4-87ca-141c476f2a88:c3697]
2019-08-22 07:03:39,053 | INFO  | DNAudit | user=null | ip=null | op=WRITE_CHUNK {blockData=conID: 2 locID: 102659353409815120 bcsId: 3697} | ret=SUCCESS |  
2019-08-22 07:03:39,053 | INFO  | DNAudit | user=null | ip=null | op=WRITE_CHUNK {blockData=conID: 2 locID: 102659353409815120 bcsId: 3697} | ret=SUCCESS |  
2019-08-22 07:03:39,056 | INFO  | DNAudit | user=null | ip=null | op=PUT_BLOCK {blockData=[blockId=conID: 2 locID: 102659353409815120 bcsId: 0,size=4194304]} | ret=SUCCESS |  
2019-08-22 07:03:39,056 | INFO  | DNAudit | user=null | ip=null | op=PUT_BLOCK {blockData=[blockId=conID: 2 locID: 102659353409815120 bcsId: 0,size=4194304]} | ret=SUCCESS |  
2019-08-22 07:03:39,056 [grpc-default-executor-0] INFO  client.GrpcClientProtocolClient (GrpcClientProtocolClient.java:onNext(255)) - client-CF63D631FA17->3cf1264f-5f6b-4138-aeee-2ff7d4522ead: receive RaftClientReply:client-CF63D631FA17->3cf1264f-5f6b-4138-aeee-2ff7d4522ead@group-561E16522154, cid=2483, SUCCESS, logIndex=0, commits[3cf1264f-5f6b-4138-aeee-2ff7d4522ead:c3702, 4f0d1a15-8f14-4d9a-ad4f-8211e1245b5d:c3700, 6999f20e-c3f7-4db4-87ca-141c476f2a88:c3700]
2019-08-22 07:03:39,060 | INFO  | SCMAudit | user=jenkins1000 | ip=192.168.34.31 | op=ALLOCATE_BLOCK {owner=04b6d46a-98e2-41b1-9f38-1870289993ea, size=4194304, type=RATIS, factor=THREE} | ret=SUCCESS |  
2019-08-22 07:03:39,063 | INFO  | OMAudit | user=jenkins1000 | ip=127.0.0.1 | op=ALLOCATE_BLOCK {volume=vol-0-14906, bucket=bucket-0-53153, key=key-0-33222, dataSize=0, replicationType=null, replicationFactor=null, keyLocationInfo=null, clientID=102659352017764754} | ret=SUCCESS |  
2019-08-22 07:03:39,069 | INFO  | DNAudit | user=null | ip=null | op=WRITE_CHUNK {blockData=conID: 3 locID: 102659353415516753 bcsId: 0} | ret=SUCCESS |  
2019-08-22 07:03:39,072 | INFO  | DNAudit | user=null | ip=null | op=WRITE_CHUNK {blockData=conID: 3 locID: 102659353415516753 bcsId: 0} | ret=SUCCESS |  
2019-08-22 07:03:39,072 | INFO  | DNAudit | user=null | ip=null | op=WRITE_CHUNK {blockData=conID: 3 locID: 102659353415516753 bcsId: 0} | ret=SUCCESS |  
2019-08-22 07:03:39,073 | INFO  | DNAudit | user=null | ip=null | op=WRITE_CHUNK {blockData=conID: 3 locID: 102659353415516753 bcsId: 0} | ret=SUCCESS |  
2019-08-22 07:03:39,075 | INFO  | DNAudit | user=null | ip=null | op=WRITE_CHUNK {blockData=conID: 3 locID: 102659353415516753 bcsId: 0} | ret=SUCCESS |  
2019-08-22 07:03:39,075 | INFO  | DNAudit | user=null | ip=null | op=WRITE_CHUNK {blockData=conID: 3 locID: 102659353415516753 bcsId: 0} | ret=SUCCESS |  
2019-08-22 07:03:39,081 | INFO  | DNAudit | user=null | ip=null | op=WRITE_CHUNK {blockData=conID: 3 locID: 102659353415516753 bcsId: 0} | ret=SUCCESS |  
2019-08-22 07:03:39,081 | INFO  | DNAudit | user=null | ip=null | op=PUT_BLOCK {blockData=[blockId=conID: 3 locID: 102659353415516753 bcsId: 0,size=1048576]} | ret=SUCCESS |  
2019-08-22 07:03:39,081 [grpc-default-executor-1] INFO  client.GrpcClientProtocolClient (GrpcClientProtocolClient.java:onNext(255)) - client-CF63D631FA17->3cf1264f-5f6b-4138-aeee-2ff7d4522ead: receive RaftClientReply:client-CF63D631FA17->3cf1264f-5f6b-4138-aeee-2ff7d4522ead@group-561E16522154, cid=2484, SUCCESS, logIndex=3703, commits[3cf1264f-5f6b-4138-aeee-2ff7d4522ead:c3704, 4f0d1a15-8f14-4d9a-ad4f-8211e1245b5d:c3702, 6999f20e-c3f7-4db4-87ca-141c476f2a88:c3702]
2019-08-22 07:03:39,082 | INFO  | DNAudit | user=null | ip=null | op=WRITE_CHUNK {blockData=conID: 3 locID: 102659353415516753 bcsId: 0} | ret=SUCCESS |  
2019-08-22 07:03:39,082 [grpc-default-executor-3] INFO  client.GrpcClientProtocolClient (GrpcClientProtocolClient.java:onNext(255)) - client-CF63D631FA17->3cf1264f-5f6b-4138-aeee-2ff7d4522ead: receive RaftClientReply:client-CF63D631FA17->3cf1264f-5f6b-4138-aeee-2ff7d4522ead@group-561E16522154, cid=2485, SUCCESS, logIndex=3704, commits[3cf1264f-5f6b-4138-aeee-2ff7d4522ead:c3704, 4f0d1a15-8f14-4d9a-ad4f-8211e1245b5d:c3702, 6999f20e-c3f7-4db4-87ca-141c476f2a88:c3702]
2019-08-22 07:03:39,082 | INFO  | DNAudit | user=null | ip=null | op=PUT_BLOCK {blockData=[blockId=conID: 3 locID: 102659353415516753 bcsId: 0,size=2097152]} | ret=SUCCESS |  
2019-08-22 07:03:39,083 [grpc-default-executor-3] INFO  client.GrpcClientProtocolClient (GrpcClientProtocolClient.java:onNext(255)) - client-CF63D631FA17->3cf1264f-5f6b-4138-aeee-2ff7d4522ead: receive RaftClientReply:client-CF63D631FA17->3cf1264f-5f6b-4138-aeee-2ff7d4522ead@group-561E16522154, cid=2486, SUCCESS, logIndex=3705, commits[3cf1264f-5f6b-4138-aeee-2ff7d4522ead:c3706, 4f0d1a15-8f14-4d9a-ad4f-8211e1245b5d:c3702, 6999f20e-c3f7-4db4-87ca-141c476f2a88:c3702]
2019-08-22 07:03:39,083 | INFO  | DNAudit | user=null | ip=null | op=WRITE_CHUNK {blockData=conID: 3 locID: 102659353415516753 bcsId: 0} | ret=SUCCESS |  
2019-08-22 07:03:39,083 [grpc-default-executor-3] INFO  client.GrpcClientProtocolClient (GrpcClientProtocolClient.java:onNext(255)) - client-CF63D631FA17->3cf1264f-5f6b-4138-aeee-2ff7d4522ead: receive RaftClientReply:client-CF63D631FA17->3cf1264f-5f6b-4138-aeee-2ff7d4522ead@group-561E16522154, cid=2487, SUCCESS, logIndex=3706, commits[3cf1264f-5f6b-4138-aeee-2ff7d4522ead:c3706, 4f0d1a15-8f14-4d9a-ad4f-8211e1245b5d:c3702, 6999f20e-c3f7-4db4-87ca-141c476f2a88:c3702]
2019-08-22 07:03:39,083 | INFO  | DNAudit | user=null | ip=null | op=PUT_BLOCK {blockData=[blockId=conID: 3 locID: 102659353415516753 bcsId: 0,size=1048576]} | ret=SUCCESS |  
2019-08-22 07:03:39,085 | INFO  | DNAudit | user=null | ip=null | op=WRITE_CHUNK {blockData=conID: 3 locID: 102659353415516753 bcsId: 0} | ret=SUCCESS |  
2019-08-22 07:03:39,085 | INFO  | DNAudit | user=null | ip=null | op=PUT_BLOCK {blockData=[blockId=conID: 3 locID: 102659353415516753 bcsId: 0,size=1048576]} | ret=SUCCESS |  
2019-08-22 07:03:39,086 [grpc-default-executor-3] INFO  client.GrpcClientProtocolClient (GrpcClientProtocolClient.java:onNext(255)) - client-CF63D631FA17->3cf1264f-5f6b-4138-aeee-2ff7d4522ead: receive RaftClientReply:client-CF63D631FA17->3cf1264f-5f6b-4138-aeee-2ff7d4522ead@group-561E16522154, cid=2488, SUCCESS, logIndex=0, commits[3cf1264f-5f6b-4138-aeee-2ff7d4522ead:c3708, 4f0d1a15-8f14-4d9a-ad4f-8211e1245b5d:c3704, 6999f20e-c3f7-4db4-87ca-141c476f2a88:c3704]
2019-08-22 07:03:39,214 | INFO  | DNAudit | user=null | ip=null | op=WRITE_CHUNK {blockData=conID: 3 locID: 102659353415516753 bcsId: 0} | ret=SUCCESS |  
2019-08-22 07:03:39,214 | INFO  | DNAudit | user=null | ip=null | op=WRITE_CHUNK {blockData=conID: 3 locID: 102659353415516753 bcsId: 0} | ret=SUCCESS |  
2019-08-22 07:03:39,215 | INFO  | DNAudit | user=null | ip=null | op=PUT_BLOCK {blockData=[blockId=conID: 3 locID: 102659353415516753 bcsId: 0,size=2097152]} | ret=SUCCESS |  
2019-08-22 07:03:39,215 | INFO  | DNAudit | user=null | ip=null | op=PUT_BLOCK {blockData=[blockId=conID: 3 locID: 102659353415516753 bcsId: 0,size=2097152]} | ret=SUCCESS |  
2019-08-22 07:03:39,219 | INFO  | DNAudit | user=null | ip=null | op=WRITE_CHUNK {blockData=conID: 3 locID: 102659353415516753 bcsId: 3706} | ret=SUCCESS |  
2019-08-22 07:03:39,222 | INFO  | DNAudit | user=null | ip=null | op=WRITE_CHUNK {blockData=conID: 3 locID: 102659353415516753 bcsId: 3706} | ret=SUCCESS |  
2019-08-22 07:03:39,222 | INFO  | DNAudit | user=null | ip=null | op=WRITE_CHUNK {blockData=conID: 3 locID: 102659353415516753 bcsId: 3706} | ret=SUCCESS |  
2019-08-22 07:03:39,232 | INFO  | DNAudit | user=null | ip=null | op=WRITE_CHUNK {blockData=conID: 3 locID: 102659353415516753 bcsId: 3706} | ret=SUCCESS |  
2019-08-22 07:03:39,233 | INFO  | DNAudit | user=null | ip=null | op=PUT_BLOCK {blockData=[blockId=conID: 3 locID: 102659353415516753 bcsId: 0,size=3145728]} | ret=SUCCESS |  
2019-08-22 07:03:39,233 [grpc-default-executor-3] INFO  client.GrpcClientProtocolClient (GrpcClientProtocolClient.java:onNext(255)) - client-CF63D631FA17->3cf1264f-5f6b-4138-aeee-2ff7d4522ead: receive RaftClientReply:client-CF63D631FA17->3cf1264f-5f6b-4138-aeee-2ff7d4522ead@group-561E16522154, cid=2489, SUCCESS, logIndex=3711, commits[3cf1264f-5f6b-4138-aeee-2ff7d4522ead:c3712, 4f0d1a15-8f14-4d9a-ad4f-8211e1245b5d:c3710, 6999f20e-c3f7-4db4-87ca-141c476f2a88:c3710]
2019-08-22 07:03:39,233 [grpc-default-executor-3] INFO  client.GrpcClientProtocolClient (GrpcClientProtocolClient.java:onNext(255)) - client-CF63D631FA17->3cf1264f-5f6b-4138-aeee-2ff7d4522ead: receive RaftClientReply:client-CF63D631FA17->3cf1264f-5f6b-4138-aeee-2ff7d4522ead@group-561E16522154, cid=2490, SUCCESS, logIndex=3712, commits[3cf1264f-5f6b-4138-aeee-2ff7d4522ead:c3712, 4f0d1a15-8f14-4d9a-ad4f-8211e1245b5d:c3710, 6999f20e-c3f7-4db4-87ca-141c476f2a88:c3710]
2019-08-22 07:03:39,240 | INFO  | DNAudit | user=null | ip=null | op=WRITE_CHUNK {blockData=conID: 3 locID: 102659353415516753 bcsId: 3712} | ret=SUCCESS |  
2019-08-22 07:03:39,243 | INFO  | DNAudit | user=null | ip=null | op=WRITE_CHUNK {blockData=conID: 3 locID: 102659353415516753 bcsId: 3712} | ret=SUCCESS |  
2019-08-22 07:03:39,243 | INFO  | DNAudit | user=null | ip=null | op=WRITE_CHUNK {blockData=conID: 3 locID: 102659353415516753 bcsId: 3712} | ret=SUCCESS |  
2019-08-22 07:03:39,243 | INFO  | DNAudit | user=null | ip=null | op=WRITE_CHUNK {blockData=conID: 3 locID: 102659353415516753 bcsId: 3706} | ret=SUCCESS |  
2019-08-22 07:03:39,243 | INFO  | DNAudit | user=null | ip=null | op=WRITE_CHUNK {blockData=conID: 3 locID: 102659353415516753 bcsId: 3706} | ret=SUCCESS |  
2019-08-22 07:03:39,244 | INFO  | DNAudit | user=null | ip=null | op=PUT_BLOCK {blockData=[blockId=conID: 3 locID: 102659353415516753 bcsId: 0,size=3145728]} | ret=SUCCESS |  
2019-08-22 07:03:39,244 | INFO  | DNAudit | user=null | ip=null | op=PUT_BLOCK {blockData=[blockId=conID: 3 locID: 102659353415516753 bcsId: 0,size=3145728]} | ret=SUCCESS |  
2019-08-22 07:03:39,245 | INFO  | DNAudit | user=null | ip=null | op=WRITE_CHUNK {blockData=conID: 3 locID: 102659353415516753 bcsId: 3712} | ret=SUCCESS |  
2019-08-22 07:03:39,245 | INFO  | DNAudit | user=null | ip=null | op=PUT_BLOCK {blockData=[blockId=conID: 3 locID: 102659353415516753 bcsId: 0,size=4194304]} | ret=SUCCESS |  
2019-08-22 07:03:39,245 [grpc-default-executor-3] INFO  client.GrpcClientProtocolClient (GrpcClientProtocolClient.java:onNext(255)) - client-CF63D631FA17->3cf1264f-5f6b-4138-aeee-2ff7d4522ead: receive RaftClientReply:client-CF63D631FA17->3cf1264f-5f6b-4138-aeee-2ff7d4522ead@group-561E16522154, cid=2491, SUCCESS, logIndex=3715, commits[3cf1264f-5f6b-4138-aeee-2ff7d4522ead:c3716, 4f0d1a15-8f14-4d9a-ad4f-8211e1245b5d:c3712, 6999f20e-c3f7-4db4-87ca-141c476f2a88:c3712]
2019-08-22 07:03:39,246 | INFO  | DNAudit | user=null | ip=null | op=WRITE_CHUNK {blockData=conID: 3 locID: 102659353415516753 bcsId: 3712} | ret=SUCCESS |  
2019-08-22 07:03:39,246 [grpc-default-executor-3] INFO  client.GrpcClientProtocolClient (GrpcClientProtocolClient.java:onNext(255)) - client-CF63D631FA17->3cf1264f-5f6b-4138-aeee-2ff7d4522ead: receive RaftClientReply:client-CF63D631FA17->3cf1264f-5f6b-4138-aeee-2ff7d4522ead@group-561E16522154, cid=2492, SUCCESS, logIndex=3716, commits[3cf1264f-5f6b-4138-aeee-2ff7d4522ead:c3716, 4f0d1a15-8f14-4d9a-ad4f-8211e1245b5d:c3712, 6999f20e-c3f7-4db4-87ca-141c476f2a88:c3712]
2019-08-22 07:03:39,246 | INFO  | DNAudit | user=null | ip=null | op=WRITE_CHUNK {blockData=conID: 3 locID: 102659353415516753 bcsId: 3712} | ret=SUCCESS |  
2019-08-22 07:03:39,246 | INFO  | DNAudit | user=null | ip=null | op=PUT_BLOCK {blockData=[blockId=conID: 3 locID: 102659353415516753 bcsId: 0,size=4194304]} | ret=SUCCESS |  
2019-08-22 07:03:39,247 | INFO  | DNAudit | user=null | ip=null | op=PUT_BLOCK {blockData=[blockId=conID: 3 locID: 102659353415516753 bcsId: 0,size=4194304]} | ret=SUCCESS |  
2019-08-22 07:03:39,248 [grpc-default-executor-0] INFO  client.GrpcClientProtocolClient (GrpcClientProtocolClient.java:onNext(255)) - client-CF63D631FA17->3cf1264f-5f6b-4138-aeee-2ff7d4522ead: receive RaftClientReply:client-CF63D631FA17->3cf1264f-5f6b-4138-aeee-2ff7d4522ead@group-561E16522154, cid=2493, SUCCESS, logIndex=0, commits[3cf1264f-5f6b-4138-aeee-2ff7d4522ead:c3718, 4f0d1a15-8f14-4d9a-ad4f-8211e1245b5d:c3716, 6999f20e-c3f7-4db4-87ca-141c476f2a88:c3716]
2019-08-22 07:03:39,253 | INFO  | SCMAudit | user=jenkins1000 | ip=192.168.34.31 | op=ALLOCATE_BLOCK {owner=04b6d46a-98e2-41b1-9f38-1870289993ea, size=4194304, type=RATIS, factor=THREE} | ret=SUCCESS |  
2019-08-22 07:03:39,257 | INFO  | OMAudit | user=jenkins1000 | ip=127.0.0.1 | op=ALLOCATE_BLOCK {volume=vol-0-14906, bucket=bucket-0-53153, key=key-0-33222, dataSize=0, replicationType=null, replicationFactor=null, keyLocationInfo=null, clientID=102659352017764754} | ret=SUCCESS |  
2019-08-22 07:03:39,264 | INFO  | DNAudit | user=null | ip=null | op=WRITE_CHUNK {blockData=conID: 1 locID: 102659353428165202 bcsId: 0} | ret=SUCCESS |  
2019-08-22 07:03:39,267 | INFO  | DNAudit | user=null | ip=null | op=WRITE_CHUNK {blockData=conID: 1 locID: 102659353428165202 bcsId: 0} | ret=SUCCESS |  
2019-08-22 07:03:39,267 | INFO  | DNAudit | user=null | ip=null | op=WRITE_CHUNK {blockData=conID: 1 locID: 102659353428165202 bcsId: 0} | ret=SUCCESS |  
2019-08-22 07:03:39,268 | INFO  | DNAudit | user=null | ip=null | op=WRITE_CHUNK {blockData=conID: 1 locID: 102659353428165202 bcsId: 0} | ret=SUCCESS |  
2019-08-22 07:03:39,269 | INFO  | DNAudit | user=null | ip=null | op=WRITE_CHUNK {blockData=conID: 1 locID: 102659353428165202 bcsId: 0} | ret=SUCCESS |  
2019-08-22 07:03:39,270 | INFO  | DNAudit | user=null | ip=null | op=WRITE_CHUNK {blockData=conID: 1 locID: 102659353428165202 bcsId: 0} | ret=SUCCESS |  
2019-08-22 07:03:39,277 | INFO  | DNAudit | user=null | ip=null | op=WRITE_CHUNK {blockData=conID: 1 locID: 102659353428165202 bcsId: 0} | ret=SUCCESS |  
2019-08-22 07:03:39,277 | INFO  | DNAudit | user=null | ip=null | op=PUT_BLOCK {blockData=[blockId=conID: 1 locID: 102659353428165202 bcsId: 0,size=1048576]} | ret=SUCCESS |  
2019-08-22 07:03:39,277 [grpc-default-executor-5] INFO  client.GrpcClientProtocolClient (GrpcClientProtocolClient.java:onNext(255)) - client-CF63D631FA17->3cf1264f-5f6b-4138-aeee-2ff7d4522ead: receive RaftClientReply:client-CF63D631FA17->3cf1264f-5f6b-4138-aeee-2ff7d4522ead@group-561E16522154, cid=2494, SUCCESS, logIndex=3719, commits[3cf1264f-5f6b-4138-aeee-2ff7d4522ead:c3720, 4f0d1a15-8f14-4d9a-ad4f-8211e1245b5d:c3718, 6999f20e-c3f7-4db4-87ca-141c476f2a88:c3718]
2019-08-22 07:03:39,278 | INFO  | DNAudit | user=null | ip=null | op=WRITE_CHUNK {blockData=conID: 1 locID: 102659353428165202 bcsId: 0} | ret=SUCCESS |  
2019-08-22 07:03:39,278 [grpc-default-executor-5] INFO  client.GrpcClientProtocolClient (GrpcClientProtocolClient.java:onNext(255)) - client-CF63D631FA17->3cf1264f-5f6b-4138-aeee-2ff7d4522ead: receive RaftClientReply:client-CF63D631FA17->3cf1264f-5f6b-4138-aeee-2ff7d4522ead@group-561E16522154, cid=2495, SUCCESS, logIndex=3720, commits[3cf1264f-5f6b-4138-aeee-2ff7d4522ead:c3720, 4f0d1a15-8f14-4d9a-ad4f-8211e1245b5d:c3718, 6999f20e-c3f7-4db4-87ca-141c476f2a88:c3718]
2019-08-22 07:03:39,278 | INFO  | DNAudit | user=null | ip=null | op=PUT_BLOCK {blockData=[blockId=conID: 1 locID: 102659353428165202 bcsId: 0,size=2097152]} | ret=SUCCESS |  
2019-08-22 07:03:39,278 [grpc-default-executor-3] INFO  client.GrpcClientProtocolClient (GrpcClientProtocolClient.java:onNext(255)) - client-CF63D631FA17->3cf1264f-5f6b-4138-aeee-2ff7d4522ead: receive RaftClientReply:client-CF63D631FA17->3cf1264f-5f6b-4138-aeee-2ff7d4522ead@group-561E16522154, cid=2496, SUCCESS, logIndex=3721, commits[3cf1264f-5f6b-4138-aeee-2ff7d4522ead:c3721, 4f0d1a15-8f14-4d9a-ad4f-8211e1245b5d:c3718, 6999f20e-c3f7-4db4-87ca-141c476f2a88:c3718]
2019-08-22 07:03:39,279 [grpc-default-executor-3] INFO  client.GrpcClientProtocolClient (GrpcClientProtocolClient.java:onNext(255)) - client-CF63D631FA17->3cf1264f-5f6b-4138-aeee-2ff7d4522ead: receive RaftClientReply:client-CF63D631FA17->3cf1264f-5f6b-4138-aeee-2ff7d4522ead@group-561E16522154, cid=2497, SUCCESS, logIndex=3722, commits[3cf1264f-5f6b-4138-aeee-2ff7d4522ead:c3722, 4f0d1a15-8f14-4d9a-ad4f-8211e1245b5d:c3718, 6999f20e-c3f7-4db4-87ca-141c476f2a88:c3718]
2019-08-22 07:03:39,290 | INFO  | DNAudit | user=null | ip=null | op=WRITE_CHUNK {blockData=conID: 1 locID: 102659353428165202 bcsId: 0} | ret=SUCCESS |  
2019-08-22 07:03:39,291 | INFO  | DNAudit | user=null | ip=null | op=PUT_BLOCK {blockData=[blockId=conID: 1 locID: 102659353428165202 bcsId: 0,size=1048576]} | ret=SUCCESS |  
2019-08-22 07:03:39,291 | INFO  | DNAudit | user=null | ip=null | op=WRITE_CHUNK {blockData=conID: 1 locID: 102659353428165202 bcsId: 0} | ret=SUCCESS |  
2019-08-22 07:03:39,291 | INFO  | DNAudit | user=null | ip=null | op=PUT_BLOCK {blockData=[blockId=conID: 1 locID: 102659353428165202 bcsId: 0,size=1048576]} | ret=SUCCESS |  
2019-08-22 07:03:39,291 | INFO  | DNAudit | user=null | ip=null | op=WRITE_CHUNK {blockData=conID: 1 locID: 102659353428165202 bcsId: 0} | ret=SUCCESS |  
2019-08-22 07:03:39,291 | INFO  | DNAudit | user=null | ip=null | op=PUT_BLOCK {blockData=[blockId=conID: 1 locID: 102659353428165202 bcsId: 0,size=2097152]} | ret=SUCCESS |  
2019-08-22 07:03:39,291 | INFO  | DNAudit | user=null | ip=null | op=WRITE_CHUNK {blockData=conID: 1 locID: 102659353428165202 bcsId: 0} | ret=SUCCESS |  
2019-08-22 07:03:39,292 | INFO  | DNAudit | user=null | ip=null | op=PUT_BLOCK {blockData=[blockId=conID: 1 locID: 102659353428165202 bcsId: 0,size=2097152]} | ret=SUCCESS |  
2019-08-22 07:03:39,292 [grpc-default-executor-3] INFO  client.GrpcClientProtocolClient (GrpcClientProtocolClient.java:onNext(255)) - client-CF63D631FA17->3cf1264f-5f6b-4138-aeee-2ff7d4522ead: receive RaftClientReply:client-CF63D631FA17->3cf1264f-5f6b-4138-aeee-2ff7d4522ead@group-561E16522154, cid=2498, SUCCESS, logIndex=0, commits[3cf1264f-5f6b-4138-aeee-2ff7d4522ead:c3724, 4f0d1a15-8f14-4d9a-ad4f-8211e1245b5d:c3720, 6999f20e-c3f7-4db4-87ca-141c476f2a88:c3720]
2019-08-22 07:03:39,299 | INFO  | DNAudit | user=null | ip=null | op=WRITE_CHUNK {blockData=conID: 1 locID: 102659353428165202 bcsId: 3722} | ret=SUCCESS |  
2019-08-22 07:03:39,300 | INFO  | DNAudit | user=null | ip=null | op=WRITE_CHUNK {blockData=conID: 1 locID: 102659353428165202 bcsId: 3722} | ret=SUCCESS |  
2019-08-22 07:03:39,301 | INFO  | DNAudit | user=null | ip=null | op=WRITE_CHUNK {blockData=conID: 1 locID: 102659353428165202 bcsId: 3722} | ret=SUCCESS |  
2019-08-22 07:03:39,313 | INFO  | DNAudit | user=null | ip=null | op=WRITE_CHUNK {blockData=conID: 1 locID: 102659353428165202 bcsId: 3722} | ret=SUCCESS |  
2019-08-22 07:03:39,314 | INFO  | DNAudit | user=null | ip=null | op=PUT_BLOCK {blockData=[blockId=conID: 1 locID: 102659353428165202 bcsId: 0,size=3145728]} | ret=SUCCESS |  
2019-08-22 07:03:39,314 [grpc-default-executor-5] INFO  client.GrpcClientProtocolClient (GrpcClientProtocolClient.java:onNext(255)) - client-CF63D631FA17->3cf1264f-5f6b-4138-aeee-2ff7d4522ead: receive RaftClientReply:client-CF63D631FA17->3cf1264f-5f6b-4138-aeee-2ff7d4522ead@group-561E16522154, cid=2499, SUCCESS, logIndex=3727, commits[3cf1264f-5f6b-4138-aeee-2ff7d4522ead:c3728, 4f0d1a15-8f14-4d9a-ad4f-8211e1245b5d:c3726, 6999f20e-c3f7-4db4-87ca-141c476f2a88:c3726]
2019-08-22 07:03:39,314 [grpc-default-executor-5] INFO  client.GrpcClientProtocolClient (GrpcClientProtocolClient.java:onNext(255)) - client-CF63D631FA17->3cf1264f-5f6b-4138-aeee-2ff7d4522ead: receive RaftClientReply:client-CF63D631FA17->3cf1264f-5f6b-4138-aeee-2ff7d4522ead@group-561E16522154, cid=2500, SUCCESS, logIndex=3728, commits[3cf1264f-5f6b-4138-aeee-2ff7d4522ead:c3728, 4f0d1a15-8f14-4d9a-ad4f-8211e1245b5d:c3726, 6999f20e-c3f7-4db4-87ca-141c476f2a88:c3726]
2019-08-22 07:03:39,320 | INFO  | DNAudit | user=null | ip=null | op=WRITE_CHUNK {blockData=conID: 1 locID: 102659353428165202 bcsId: 3728} | ret=SUCCESS |  
2019-08-22 07:03:39,322 | INFO  | DNAudit | user=null | ip=null | op=WRITE_CHUNK {blockData=conID: 1 locID: 102659353428165202 bcsId: 3728} | ret=SUCCESS |  
2019-08-22 07:03:39,323 | INFO  | DNAudit | user=null | ip=null | op=WRITE_CHUNK {blockData=conID: 1 locID: 102659353428165202 bcsId: 3728} | ret=SUCCESS |  
2019-08-22 07:03:39,325 | INFO  | DNAudit | user=null | ip=null | op=WRITE_CHUNK {blockData=conID: 1 locID: 102659353428165202 bcsId: 3722} | ret=SUCCESS |  
2019-08-22 07:03:39,325 | INFO  | DNAudit | user=null | ip=null | op=WRITE_CHUNK {blockData=conID: 1 locID: 102659353428165202 bcsId: 3722} | ret=SUCCESS |  
2019-08-22 07:03:39,326 | INFO  | DNAudit | user=null | ip=null | op=PUT_BLOCK {blockData=[blockId=conID: 1 locID: 102659353428165202 bcsId: 0,size=3145728]} | ret=SUCCESS |  
2019-08-22 07:03:39,326 | INFO  | DNAudit | user=null | ip=null | op=PUT_BLOCK {blockData=[blockId=conID: 1 locID: 102659353428165202 bcsId: 0,size=3145728]} | ret=SUCCESS |  
2019-08-22 07:03:39,326 | INFO  | DNAudit | user=null | ip=null | op=WRITE_CHUNK {blockData=conID: 1 locID: 102659353428165202 bcsId: 3728} | ret=SUCCESS |  
2019-08-22 07:03:39,327 | INFO  | DNAudit | user=null | ip=null | op=PUT_BLOCK {blockData=[blockId=conID: 1 locID: 102659353428165202 bcsId: 0,size=4194304]} | ret=SUCCESS |  
2019-08-22 07:03:39,327 [grpc-default-executor-0] INFO  client.GrpcClientProtocolClient (GrpcClientProtocolClient.java:onNext(255)) - client-CF63D631FA17->3cf1264f-5f6b-4138-aeee-2ff7d4522ead: receive RaftClientReply:client-CF63D631FA17->3cf1264f-5f6b-4138-aeee-2ff7d4522ead@group-561E16522154, cid=2501, SUCCESS, logIndex=3731, commits[3cf1264f-5f6b-4138-aeee-2ff7d4522ead:c3731, 4f0d1a15-8f14-4d9a-ad4f-8211e1245b5d:c3728, 6999f20e-c3f7-4db4-87ca-141c476f2a88:c3728]
2019-08-22 07:03:39,327 [grpc-default-executor-0] INFO  client.GrpcClientProtocolClient (GrpcClientProtocolClient.java:onNext(255)) - client-CF63D631FA17->3cf1264f-5f6b-4138-aeee-2ff7d4522ead: receive RaftClientReply:client-CF63D631FA17->3cf1264f-5f6b-4138-aeee-2ff7d4522ead@group-561E16522154, cid=2502, SUCCESS, logIndex=3732, commits[3cf1264f-5f6b-4138-aeee-2ff7d4522ead:c3732, 4f0d1a15-8f14-4d9a-ad4f-8211e1245b5d:c3728, 6999f20e-c3f7-4db4-87ca-141c476f2a88:c3728]
2019-08-22 07:03:39,340 | INFO  | DNAudit | user=null | ip=null | op=WRITE_CHUNK {blockData=conID: 1 locID: 102659353428165202 bcsId: 3728} | ret=SUCCESS |  
2019-08-22 07:03:39,340 | INFO  | DNAudit | user=null | ip=null | op=WRITE_CHUNK {blockData=conID: 1 locID: 102659353428165202 bcsId: 3728} | ret=SUCCESS |  
2019-08-22 07:03:39,352 | INFO  | DNAudit | user=null | ip=null | op=PUT_BLOCK {blockData=[blockId=conID: 1 locID: 102659353428165202 bcsId: 0,size=4194304]} | ret=SUCCESS |  
2019-08-22 07:03:39,353 | INFO  | DNAudit | user=null | ip=null | op=PUT_BLOCK {blockData=[blockId=conID: 1 locID: 102659353428165202 bcsId: 0,size=4194304]} | ret=SUCCESS |  
2019-08-22 07:03:39,353 [grpc-default-executor-0] INFO  client.GrpcClientProtocolClient (GrpcClientProtocolClient.java:onNext(255)) - client-CF63D631FA17->3cf1264f-5f6b-4138-aeee-2ff7d4522ead: receive RaftClientReply:client-CF63D631FA17->3cf1264f-5f6b-4138-aeee-2ff7d4522ead@group-561E16522154, cid=2503, SUCCESS, logIndex=0, commits[3cf1264f-5f6b-4138-aeee-2ff7d4522ead:c3734, 4f0d1a15-8f14-4d9a-ad4f-8211e1245b5d:c3732, 6999f20e-c3f7-4db4-87ca-141c476f2a88:c3732]
2019-08-22 07:03:39,359 | INFO  | SCMAudit | user=jenkins1000 | ip=192.168.34.31 | op=ALLOCATE_BLOCK {owner=04b6d46a-98e2-41b1-9f38-1870289993ea, size=4194304, type=RATIS, factor=THREE} | ret=SUCCESS |  
2019-08-22 07:03:39,363 | INFO  | OMAudit | user=jenkins1000 | ip=127.0.0.1 | op=ALLOCATE_BLOCK {volume=vol-0-14906, bucket=bucket-0-53153, key=key-0-33222, dataSize=0, replicationType=null, replicationFactor=null, keyLocationInfo=null, clientID=102659352017764754} | ret=SUCCESS |  
2019-08-22 07:03:39,369 | INFO  | DNAudit | user=null | ip=null | op=WRITE_CHUNK {blockData=conID: 2 locID: 102659353435112019 bcsId: 0} | ret=SUCCESS |  
2019-08-22 07:03:39,373 | INFO  | DNAudit | user=null | ip=null | op=WRITE_CHUNK {blockData=conID: 2 locID: 102659353435112019 bcsId: 0} | ret=SUCCESS |  
2019-08-22 07:03:39,373 | INFO  | DNAudit | user=null | ip=null | op=WRITE_CHUNK {blockData=conID: 2 locID: 102659353435112019 bcsId: 0} | ret=SUCCESS |  
2019-08-22 07:03:39,373 | INFO  | DNAudit | user=null | ip=null | op=WRITE_CHUNK {blockData=conID: 2 locID: 102659353435112019 bcsId: 0} | ret=SUCCESS |  
2019-08-22 07:03:39,375 | INFO  | DNAudit | user=null | ip=null | op=WRITE_CHUNK {blockData=conID: 2 locID: 102659353435112019 bcsId: 0} | ret=SUCCESS |  
2019-08-22 07:03:39,375 | INFO  | DNAudit | user=null | ip=null | op=WRITE_CHUNK {blockData=conID: 2 locID: 102659353435112019 bcsId: 0} | ret=SUCCESS |  
2019-08-22 07:03:39,382 | INFO  | DNAudit | user=null | ip=null | op=WRITE_CHUNK {blockData=conID: 2 locID: 102659353435112019 bcsId: 0} | ret=SUCCESS |  
2019-08-22 07:03:39,382 | INFO  | DNAudit | user=null | ip=null | op=PUT_BLOCK {blockData=[blockId=conID: 2 locID: 102659353435112019 bcsId: 0,size=1048576]} | ret=SUCCESS |  
2019-08-22 07:03:39,382 [grpc-default-executor-0] INFO  client.GrpcClientProtocolClient (GrpcClientProtocolClient.java:onNext(255)) - client-CF63D631FA17->3cf1264f-5f6b-4138-aeee-2ff7d4522ead: receive RaftClientReply:client-CF63D631FA17->3cf1264f-5f6b-4138-aeee-2ff7d4522ead@group-561E16522154, cid=2504, SUCCESS, logIndex=3735, commits[3cf1264f-5f6b-4138-aeee-2ff7d4522ead:c3736, 4f0d1a15-8f14-4d9a-ad4f-8211e1245b5d:c3734, 6999f20e-c3f7-4db4-87ca-141c476f2a88:c3734]
2019-08-22 07:03:39,383 | INFO  | DNAudit | user=null | ip=null | op=WRITE_CHUNK {blockData=conID: 2 locID: 102659353435112019 bcsId: 0} | ret=SUCCESS |  
2019-08-22 07:03:39,383 [grpc-default-executor-0] INFO  client.GrpcClientProtocolClient (GrpcClientProtocolClient.java:onNext(255)) - client-CF63D631FA17->3cf1264f-5f6b-4138-aeee-2ff7d4522ead: receive RaftClientReply:client-CF63D631FA17->3cf1264f-5f6b-4138-aeee-2ff7d4522ead@group-561E16522154, cid=2505, SUCCESS, logIndex=3736, commits[3cf1264f-5f6b-4138-aeee-2ff7d4522ead:c3736, 4f0d1a15-8f14-4d9a-ad4f-8211e1245b5d:c3734, 6999f20e-c3f7-4db4-87ca-141c476f2a88:c3734]
2019-08-22 07:03:39,383 | INFO  | DNAudit | user=null | ip=null | op=PUT_BLOCK {blockData=[blockId=conID: 2 locID: 102659353435112019 bcsId: 0,size=2097152]} | ret=SUCCESS |  
2019-08-22 07:03:39,383 [grpc-default-executor-0] INFO  client.GrpcClientProtocolClient (GrpcClientProtocolClient.java:onNext(255)) - client-CF63D631FA17->3cf1264f-5f6b-4138-aeee-2ff7d4522ead: receive RaftClientReply:client-CF63D631FA17->3cf1264f-5f6b-4138-aeee-2ff7d4522ead@group-561E16522154, cid=2506, SUCCESS, logIndex=3737, commits[3cf1264f-5f6b-4138-aeee-2ff7d4522ead:c3738, 4f0d1a15-8f14-4d9a-ad4f-8211e1245b5d:c3734, 6999f20e-c3f7-4db4-87ca-141c476f2a88:c3734]
2019-08-22 07:03:39,383 [grpc-default-executor-0] INFO  client.GrpcClientProtocolClient (GrpcClientProtocolClient.java:onNext(255)) - client-CF63D631FA17->3cf1264f-5f6b-4138-aeee-2ff7d4522ead: receive RaftClientReply:client-CF63D631FA17->3cf1264f-5f6b-4138-aeee-2ff7d4522ead@group-561E16522154, cid=2507, SUCCESS, logIndex=3738, commits[3cf1264f-5f6b-4138-aeee-2ff7d4522ead:c3738, 4f0d1a15-8f14-4d9a-ad4f-8211e1245b5d:c3734, 6999f20e-c3f7-4db4-87ca-141c476f2a88:c3734]
2019-08-22 07:03:39,396 | INFO  | DNAudit | user=null | ip=null | op=WRITE_CHUNK {blockData=conID: 2 locID: 102659353435112019 bcsId: 0} | ret=SUCCESS |  
2019-08-22 07:03:39,396 | INFO  | DNAudit | user=null | ip=null | op=PUT_BLOCK {blockData=[blockId=conID: 2 locID: 102659353435112019 bcsId: 0,size=1048576]} | ret=SUCCESS |  
2019-08-22 07:03:39,396 | INFO  | DNAudit | user=null | ip=null | op=WRITE_CHUNK {blockData=conID: 2 locID: 102659353435112019 bcsId: 0} | ret=SUCCESS |  
2019-08-22 07:03:39,396 | INFO  | DNAudit | user=null | ip=null | op=PUT_BLOCK {blockData=[blockId=conID: 2 locID: 102659353435112019 bcsId: 0,size=1048576]} | ret=SUCCESS |  
2019-08-22 07:03:39,397 | INFO  | DNAudit | user=null | ip=null | op=WRITE_CHUNK {blockData=conID: 2 locID: 102659353435112019 bcsId: 0} | ret=SUCCESS |  
2019-08-22 07:03:39,397 | INFO  | DNAudit | user=null | ip=null | op=PUT_BLOCK {blockData=[blockId=conID: 2 locID: 102659353435112019 bcsId: 0,size=2097152]} | ret=SUCCESS |  
2019-08-22 07:03:39,397 | INFO  | DNAudit | user=null | ip=null | op=WRITE_CHUNK {blockData=conID: 2 locID: 102659353435112019 bcsId: 0} | ret=SUCCESS |  
2019-08-22 07:03:39,397 | INFO  | DNAudit | user=null | ip=null | op=PUT_BLOCK {blockData=[blockId=conID: 2 locID: 102659353435112019 bcsId: 0,size=2097152]} | ret=SUCCESS |  
2019-08-22 07:03:39,397 [grpc-default-executor-0] INFO  client.GrpcClientProtocolClient (GrpcClientProtocolClient.java:onNext(255)) - client-CF63D631FA17->3cf1264f-5f6b-4138-aeee-2ff7d4522ead: receive RaftClientReply:client-CF63D631FA17->3cf1264f-5f6b-4138-aeee-2ff7d4522ead@group-561E16522154, cid=2508, SUCCESS, logIndex=0, commits[3cf1264f-5f6b-4138-aeee-2ff7d4522ead:c3740, 4f0d1a15-8f14-4d9a-ad4f-8211e1245b5d:c3736, 6999f20e-c3f7-4db4-87ca-141c476f2a88:c3736]
2019-08-22 07:03:39,403 | INFO  | DNAudit | user=null | ip=null | op=WRITE_CHUNK {blockData=conID: 2 locID: 102659353435112019 bcsId: 3738} | ret=SUCCESS |  
2019-08-22 07:03:39,405 | INFO  | DNAudit | user=null | ip=null | op=WRITE_CHUNK {blockData=conID: 2 locID: 102659353435112019 bcsId: 3738} | ret=SUCCESS |  
2019-08-22 07:03:39,406 | INFO  | DNAudit | user=null | ip=null | op=WRITE_CHUNK {blockData=conID: 2 locID: 102659353435112019 bcsId: 3738} | ret=SUCCESS |  
2019-08-22 07:03:39,423 | INFO  | DNAudit | user=null | ip=null | op=WRITE_CHUNK {blockData=conID: 2 locID: 102659353435112019 bcsId: 3738} | ret=SUCCESS |  
2019-08-22 07:03:39,423 | INFO  | DNAudit | user=null | ip=null | op=PUT_BLOCK {blockData=[blockId=conID: 2 locID: 102659353435112019 bcsId: 0,size=3145728]} | ret=SUCCESS |  
2019-08-22 07:03:39,423 [grpc-default-executor-5] INFO  client.GrpcClientProtocolClient (GrpcClientProtocolClient.java:onNext(255)) - client-CF63D631FA17->3cf1264f-5f6b-4138-aeee-2ff7d4522ead: receive RaftClientReply:client-CF63D631FA17->3cf1264f-5f6b-4138-aeee-2ff7d4522ead@group-561E16522154, cid=2509, SUCCESS, logIndex=3743, commits[3cf1264f-5f6b-4138-aeee-2ff7d4522ead:c3744, 4f0d1a15-8f14-4d9a-ad4f-8211e1245b5d:c3742, 6999f20e-c3f7-4db4-87ca-141c476f2a88:c3742]
2019-08-22 07:03:39,424 [grpc-default-executor-5] INFO  client.GrpcClientProtocolClient (GrpcClientProtocolClient.java:onNext(255)) - client-CF63D631FA17->3cf1264f-5f6b-4138-aeee-2ff7d4522ead: receive RaftClientReply:client-CF63D631FA17->3cf1264f-5f6b-4138-aeee-2ff7d4522ead@group-561E16522154, cid=2510, SUCCESS, logIndex=3744, commits[3cf1264f-5f6b-4138-aeee-2ff7d4522ead:c3744, 4f0d1a15-8f14-4d9a-ad4f-8211e1245b5d:c3742, 6999f20e-c3f7-4db4-87ca-141c476f2a88:c3742]
2019-08-22 07:03:39,425 | INFO  | DNAudit | user=null | ip=null | op=WRITE_CHUNK {blockData=conID: 2 locID: 102659353435112019 bcsId: 3738} | ret=SUCCESS |  
2019-08-22 07:03:39,425 | INFO  | DNAudit | user=null | ip=null | op=WRITE_CHUNK {blockData=conID: 2 locID: 102659353435112019 bcsId: 3738} | ret=SUCCESS |  
2019-08-22 07:03:39,425 | INFO  | DNAudit | user=null | ip=null | op=PUT_BLOCK {blockData=[blockId=conID: 2 locID: 102659353435112019 bcsId: 0,size=3145728]} | ret=SUCCESS |  
2019-08-22 07:03:39,426 | INFO  | DNAudit | user=null | ip=null | op=PUT_BLOCK {blockData=[blockId=conID: 2 locID: 102659353435112019 bcsId: 0,size=3145728]} | ret=SUCCESS |  
2019-08-22 07:03:39,430 | INFO  | DNAudit | user=null | ip=null | op=WRITE_CHUNK {blockData=conID: 2 locID: 102659353435112019 bcsId: 3744} | ret=SUCCESS |  
2019-08-22 07:03:39,432 | INFO  | DNAudit | user=null | ip=null | op=WRITE_CHUNK {blockData=conID: 2 locID: 102659353435112019 bcsId: 3744} | ret=SUCCESS |  
2019-08-22 07:03:39,432 | INFO  | DNAudit | user=null | ip=null | op=WRITE_CHUNK {blockData=conID: 2 locID: 102659353435112019 bcsId: 3744} | ret=SUCCESS |  
2019-08-22 07:03:39,440 | INFO  | DNAudit | user=null | ip=null | op=WRITE_CHUNK {blockData=conID: 2 locID: 102659353435112019 bcsId: 3744} | ret=SUCCESS |  
2019-08-22 07:03:39,441 | INFO  | DNAudit | user=null | ip=null | op=PUT_BLOCK {blockData=[blockId=conID: 2 locID: 102659353435112019 bcsId: 0,size=4194304]} | ret=SUCCESS |  
2019-08-22 07:03:39,441 [grpc-default-executor-5] INFO  client.GrpcClientProtocolClient (GrpcClientProtocolClient.java:onNext(255)) - client-CF63D631FA17->3cf1264f-5f6b-4138-aeee-2ff7d4522ead: receive RaftClientReply:client-CF63D631FA17->3cf1264f-5f6b-4138-aeee-2ff7d4522ead@group-561E16522154, cid=2511, SUCCESS, logIndex=3747, commits[3cf1264f-5f6b-4138-aeee-2ff7d4522ead:c3748, 4f0d1a15-8f14-4d9a-ad4f-8211e1245b5d:c3745, 6999f20e-c3f7-4db4-87ca-141c476f2a88:c3745]
2019-08-22 07:03:39,441 [grpc-default-executor-5] INFO  client.GrpcClientProtocolClient (GrpcClientProtocolClient.java:onNext(255)) - client-CF63D631FA17->3cf1264f-5f6b-4138-aeee-2ff7d4522ead: receive RaftClientReply:client-CF63D631FA17->3cf1264f-5f6b-4138-aeee-2ff7d4522ead@group-561E16522154, cid=2512, SUCCESS, logIndex=3748, commits[3cf1264f-5f6b-4138-aeee-2ff7d4522ead:c3748, 4f0d1a15-8f14-4d9a-ad4f-8211e1245b5d:c3745, 6999f20e-c3f7-4db4-87ca-141c476f2a88:c3745]
2019-08-22 07:03:39,452 | INFO  | DNAudit | user=null | ip=null | op=WRITE_CHUNK {blockData=conID: 2 locID: 102659353435112019 bcsId: 3744} | ret=SUCCESS |  
2019-08-22 07:03:39,452 | INFO  | DNAudit | user=null | ip=null | op=WRITE_CHUNK {blockData=conID: 2 locID: 102659353435112019 bcsId: 3744} | ret=SUCCESS |  
2019-08-22 07:03:39,455 | INFO  | DNAudit | user=null | ip=null | op=PUT_BLOCK {blockData=[blockId=conID: 2 locID: 102659353435112019 bcsId: 0,size=4194304]} | ret=SUCCESS |  
2019-08-22 07:03:39,455 | INFO  | DNAudit | user=null | ip=null | op=PUT_BLOCK {blockData=[blockId=conID: 2 locID: 102659353435112019 bcsId: 0,size=4194304]} | ret=SUCCESS |  
2019-08-22 07:03:39,455 [grpc-default-executor-5] INFO  client.GrpcClientProtocolClient (GrpcClientProtocolClient.java:onNext(255)) - client-CF63D631FA17->3cf1264f-5f6b-4138-aeee-2ff7d4522ead: receive RaftClientReply:client-CF63D631FA17->3cf1264f-5f6b-4138-aeee-2ff7d4522ead@group-561E16522154, cid=2513, SUCCESS, logIndex=0, commits[3cf1264f-5f6b-4138-aeee-2ff7d4522ead:c3749, 4f0d1a15-8f14-4d9a-ad4f-8211e1245b5d:c3748, 6999f20e-c3f7-4db4-87ca-141c476f2a88:c3748]
2019-08-22 07:03:39,461 | INFO  | SCMAudit | user=jenkins1000 | ip=192.168.34.31 | op=ALLOCATE_BLOCK {owner=04b6d46a-98e2-41b1-9f38-1870289993ea, size=4194304, type=RATIS, factor=THREE} | ret=SUCCESS |  
2019-08-22 07:03:39,466 | INFO  | OMAudit | user=jenkins1000 | ip=127.0.0.1 | op=ALLOCATE_BLOCK {volume=vol-0-14906, bucket=bucket-0-53153, key=key-0-33222, dataSize=0, replicationType=null, replicationFactor=null, keyLocationInfo=null, clientID=102659352017764754} | ret=SUCCESS |  
2019-08-22 07:03:39,472 | INFO  | DNAudit | user=null | ip=null | op=WRITE_CHUNK {blockData=conID: 3 locID: 102659353441796692 bcsId: 0} | ret=SUCCESS |  
2019-08-22 07:03:39,474 | INFO  | DNAudit | user=null | ip=null | op=WRITE_CHUNK {blockData=conID: 3 locID: 102659353441796692 bcsId: 0} | ret=SUCCESS |  
2019-08-22 07:03:39,475 | INFO  | DNAudit | user=null | ip=null | op=WRITE_CHUNK {blockData=conID: 3 locID: 102659353441796692 bcsId: 0} | ret=SUCCESS |  
2019-08-22 07:03:39,477 | INFO  | DNAudit | user=null | ip=null | op=WRITE_CHUNK {blockData=conID: 3 locID: 102659353441796692 bcsId: 0} | ret=SUCCESS |  
2019-08-22 07:03:39,478 | INFO  | DNAudit | user=null | ip=null | op=WRITE_CHUNK {blockData=conID: 3 locID: 102659353441796692 bcsId: 0} | ret=SUCCESS |  
2019-08-22 07:03:39,478 | INFO  | DNAudit | user=null | ip=null | op=WRITE_CHUNK {blockData=conID: 3 locID: 102659353441796692 bcsId: 0} | ret=SUCCESS |  
2019-08-22 07:03:39,487 | INFO  | DNAudit | user=null | ip=null | op=WRITE_CHUNK {blockData=conID: 3 locID: 102659353441796692 bcsId: 0} | ret=SUCCESS |  
2019-08-22 07:03:39,487 | INFO  | DNAudit | user=null | ip=null | op=PUT_BLOCK {blockData=[blockId=conID: 3 locID: 102659353441796692 bcsId: 0,size=1048576]} | ret=SUCCESS |  
2019-08-22 07:03:39,487 [grpc-default-executor-3] INFO  client.GrpcClientProtocolClient (GrpcClientProtocolClient.java:onNext(255)) - client-CF63D631FA17->3cf1264f-5f6b-4138-aeee-2ff7d4522ead: receive RaftClientReply:client-CF63D631FA17->3cf1264f-5f6b-4138-aeee-2ff7d4522ead@group-561E16522154, cid=2514, SUCCESS, logIndex=3751, commits[3cf1264f-5f6b-4138-aeee-2ff7d4522ead:c3752, 4f0d1a15-8f14-4d9a-ad4f-8211e1245b5d:c3750, 6999f20e-c3f7-4db4-87ca-141c476f2a88:c3750]
2019-08-22 07:03:39,488 [grpc-default-executor-3] INFO  client.GrpcClientProtocolClient (GrpcClientProtocolClient.java:onNext(255)) - client-CF63D631FA17->3cf1264f-5f6b-4138-aeee-2ff7d4522ead: receive RaftClientReply:client-CF63D631FA17->3cf1264f-5f6b-4138-aeee-2ff7d4522ead@group-561E16522154, cid=2515, SUCCESS, logIndex=3752, commits[3cf1264f-5f6b-4138-aeee-2ff7d4522ead:c3752, 4f0d1a15-8f14-4d9a-ad4f-8211e1245b5d:c3750, 6999f20e-c3f7-4db4-87ca-141c476f2a88:c3750]
2019-08-22 07:03:39,497 | INFO  | DNAudit | user=null | ip=null | op=WRITE_CHUNK {blockData=conID: 3 locID: 102659353441796692 bcsId: 0} | ret=SUCCESS |  
2019-08-22 07:03:39,497 | INFO  | DNAudit | user=null | ip=null | op=PUT_BLOCK {blockData=[blockId=conID: 3 locID: 102659353441796692 bcsId: 0,size=2097152]} | ret=SUCCESS |  
2019-08-22 07:03:39,498 | INFO  | DNAudit | user=null | ip=null | op=WRITE_CHUNK {blockData=conID: 3 locID: 102659353441796692 bcsId: 0} | ret=SUCCESS |  
2019-08-22 07:03:39,498 [grpc-default-executor-0] INFO  client.GrpcClientProtocolClient (GrpcClientProtocolClient.java:onNext(255)) - client-CF63D631FA17->3cf1264f-5f6b-4138-aeee-2ff7d4522ead: receive RaftClientReply:client-CF63D631FA17->3cf1264f-5f6b-4138-aeee-2ff7d4522ead@group-561E16522154, cid=2516, SUCCESS, logIndex=3753, commits[3cf1264f-5f6b-4138-aeee-2ff7d4522ead:c3754, 4f0d1a15-8f14-4d9a-ad4f-8211e1245b5d:c3750, 6999f20e-c3f7-4db4-87ca-141c476f2a88:c3750]
2019-08-22 07:03:39,498 [grpc-default-executor-0] INFO  client.GrpcClientProtocolClient (GrpcClientProtocolClient.java:onNext(255)) - client-CF63D631FA17->3cf1264f-5f6b-4138-aeee-2ff7d4522ead: receive RaftClientReply:client-CF63D631FA17->3cf1264f-5f6b-4138-aeee-2ff7d4522ead@group-561E16522154, cid=2517, SUCCESS, logIndex=3754, commits[3cf1264f-5f6b-4138-aeee-2ff7d4522ead:c3754, 4f0d1a15-8f14-4d9a-ad4f-8211e1245b5d:c3750, 6999f20e-c3f7-4db4-87ca-141c476f2a88:c3750]
2019-08-22 07:03:39,499 | INFO  | DNAudit | user=null | ip=null | op=PUT_BLOCK {blockData=[blockId=conID: 3 locID: 102659353441796692 bcsId: 0,size=1048576]} | ret=SUCCESS |  
2019-08-22 07:03:39,499 | INFO  | DNAudit | user=null | ip=null | op=WRITE_CHUNK {blockData=conID: 3 locID: 102659353441796692 bcsId: 0} | ret=SUCCESS |  
2019-08-22 07:03:39,499 | INFO  | DNAudit | user=null | ip=null | op=WRITE_CHUNK {blockData=conID: 3 locID: 102659353441796692 bcsId: 0} | ret=SUCCESS |  
2019-08-22 07:03:39,500 | INFO  | DNAudit | user=null | ip=null | op=PUT_BLOCK {blockData=[blockId=conID: 3 locID: 102659353441796692 bcsId: 0,size=2097152]} | ret=SUCCESS |  
2019-08-22 07:03:39,500 | INFO  | DNAudit | user=null | ip=null | op=PUT_BLOCK {blockData=[blockId=conID: 3 locID: 102659353441796692 bcsId: 0,size=1048576]} | ret=SUCCESS |  
2019-08-22 07:03:39,500 | INFO  | DNAudit | user=null | ip=null | op=WRITE_CHUNK {blockData=conID: 3 locID: 102659353441796692 bcsId: 0} | ret=SUCCESS |  
2019-08-22 07:03:39,500 [grpc-default-executor-0] INFO  client.GrpcClientProtocolClient (GrpcClientProtocolClient.java:onNext(255)) - client-CF63D631FA17->3cf1264f-5f6b-4138-aeee-2ff7d4522ead: receive RaftClientReply:client-CF63D631FA17->3cf1264f-5f6b-4138-aeee-2ff7d4522ead@group-561E16522154, cid=2518, SUCCESS, logIndex=0, commits[3cf1264f-5f6b-4138-aeee-2ff7d4522ead:c3757, 4f0d1a15-8f14-4d9a-ad4f-8211e1245b5d:c3752, 6999f20e-c3f7-4db4-87ca-141c476f2a88:c3754]
2019-08-22 07:03:39,500 | INFO  | DNAudit | user=null | ip=null | op=PUT_BLOCK {blockData=[blockId=conID: 3 locID: 102659353441796692 bcsId: 0,size=2097152]} | ret=SUCCESS |  
2019-08-22 07:03:39,506 | INFO  | DNAudit | user=null | ip=null | op=WRITE_CHUNK {blockData=conID: 3 locID: 102659353441796692 bcsId: 3754} | ret=SUCCESS |  
2019-08-22 07:03:39,509 | INFO  | DNAudit | user=null | ip=null | op=WRITE_CHUNK {blockData=conID: 3 locID: 102659353441796692 bcsId: 3754} | ret=SUCCESS |  
2019-08-22 07:03:39,509 | INFO  | DNAudit | user=null | ip=null | op=WRITE_CHUNK {blockData=conID: 3 locID: 102659353441796692 bcsId: 3754} | ret=SUCCESS |  
2019-08-22 07:03:39,518 | INFO  | DNAudit | user=null | ip=null | op=WRITE_CHUNK {blockData=conID: 3 locID: 102659353441796692 bcsId: 3754} | ret=SUCCESS |  
2019-08-22 07:03:39,519 | INFO  | DNAudit | user=null | ip=null | op=PUT_BLOCK {blockData=[blockId=conID: 3 locID: 102659353441796692 bcsId: 0,size=3145728]} | ret=SUCCESS |  
2019-08-22 07:03:39,519 [grpc-default-executor-3] INFO  client.GrpcClientProtocolClient (GrpcClientProtocolClient.java:onNext(255)) - client-CF63D631FA17->3cf1264f-5f6b-4138-aeee-2ff7d4522ead: receive RaftClientReply:client-CF63D631FA17->3cf1264f-5f6b-4138-aeee-2ff7d4522ead@group-561E16522154, cid=2519, SUCCESS, logIndex=3758, commits[3cf1264f-5f6b-4138-aeee-2ff7d4522ead:c3759, 4f0d1a15-8f14-4d9a-ad4f-8211e1245b5d:c3757, 6999f20e-c3f7-4db4-87ca-141c476f2a88:c3757]
2019-08-22 07:03:39,519 [grpc-default-executor-3] INFO  client.GrpcClientProtocolClient (GrpcClientProtocolClient.java:onNext(255)) - client-CF63D631FA17->3cf1264f-5f6b-4138-aeee-2ff7d4522ead: receive RaftClientReply:client-CF63D631FA17->3cf1264f-5f6b-4138-aeee-2ff7d4522ead@group-561E16522154, cid=2520, SUCCESS, logIndex=3759, commits[3cf1264f-5f6b-4138-aeee-2ff7d4522ead:c3759, 4f0d1a15-8f14-4d9a-ad4f-8211e1245b5d:c3757, 6999f20e-c3f7-4db4-87ca-141c476f2a88:c3757]
2019-08-22 07:03:39,525 | INFO  | DNAudit | user=null | ip=null | op=WRITE_CHUNK {blockData=conID: 3 locID: 102659353441796692 bcsId: 3759} | ret=SUCCESS |  
2019-08-22 07:03:39,528 | INFO  | DNAudit | user=null | ip=null | op=WRITE_CHUNK {blockData=conID: 3 locID: 102659353441796692 bcsId: 3759} | ret=SUCCESS |  
2019-08-22 07:03:39,528 | INFO  | DNAudit | user=null | ip=null | op=WRITE_CHUNK {blockData=conID: 3 locID: 102659353441796692 bcsId: 3759} | ret=SUCCESS |  
2019-08-22 07:03:39,530 | INFO  | DNAudit | user=null | ip=null | op=WRITE_CHUNK {blockData=conID: 3 locID: 102659353441796692 bcsId: 3754} | ret=SUCCESS |  
2019-08-22 07:03:39,530 | INFO  | DNAudit | user=null | ip=null | op=WRITE_CHUNK {blockData=conID: 3 locID: 102659353441796692 bcsId: 3754} | ret=SUCCESS |  
2019-08-22 07:03:39,533 | INFO  | DNAudit | user=null | ip=null | op=PUT_BLOCK {blockData=[blockId=conID: 3 locID: 102659353441796692 bcsId: 0,size=3145728]} | ret=SUCCESS |  
2019-08-22 07:03:39,533 | INFO  | DNAudit | user=null | ip=null | op=PUT_BLOCK {blockData=[blockId=conID: 3 locID: 102659353441796692 bcsId: 0,size=3145728]} | ret=SUCCESS |  
2019-08-22 07:03:39,533 | INFO  | DNAudit | user=null | ip=null | op=WRITE_CHUNK {blockData=conID: 3 locID: 102659353441796692 bcsId: 3759} | ret=SUCCESS |  
2019-08-22 07:03:39,534 | INFO  | DNAudit | user=null | ip=null | op=PUT_BLOCK {blockData=[blockId=conID: 3 locID: 102659353441796692 bcsId: 0,size=4194304]} | ret=SUCCESS |  
2019-08-22 07:03:39,534 [grpc-default-executor-0] INFO  client.GrpcClientProtocolClient (GrpcClientProtocolClient.java:onNext(255)) - client-CF63D631FA17->3cf1264f-5f6b-4138-aeee-2ff7d4522ead: receive RaftClientReply:client-CF63D631FA17->3cf1264f-5f6b-4138-aeee-2ff7d4522ead@group-561E16522154, cid=2521, SUCCESS, logIndex=3762, commits[3cf1264f-5f6b-4138-aeee-2ff7d4522ead:c3763, 4f0d1a15-8f14-4d9a-ad4f-8211e1245b5d:c3759, 6999f20e-c3f7-4db4-87ca-141c476f2a88:c3759]
2019-08-22 07:03:39,534 [grpc-default-executor-0] INFO  client.GrpcClientProtocolClient (GrpcClientProtocolClient.java:onNext(255)) - client-CF63D631FA17->3cf1264f-5f6b-4138-aeee-2ff7d4522ead: receive RaftClientReply:client-CF63D631FA17->3cf1264f-5f6b-4138-aeee-2ff7d4522ead@group-561E16522154, cid=2522, SUCCESS, logIndex=3763, commits[3cf1264f-5f6b-4138-aeee-2ff7d4522ead:c3763, 4f0d1a15-8f14-4d9a-ad4f-8211e1245b5d:c3759, 6999f20e-c3f7-4db4-87ca-141c476f2a88:c3759]
2019-08-22 07:03:39,545 | INFO  | DNAudit | user=null | ip=null | op=WRITE_CHUNK {blockData=conID: 3 locID: 102659353441796692 bcsId: 3759} | ret=SUCCESS |  
2019-08-22 07:03:39,545 | INFO  | DNAudit | user=null | ip=null | op=WRITE_CHUNK {blockData=conID: 3 locID: 102659353441796692 bcsId: 3759} | ret=SUCCESS |  
2019-08-22 07:03:39,548 | INFO  | DNAudit | user=null | ip=null | op=PUT_BLOCK {blockData=[blockId=conID: 3 locID: 102659353441796692 bcsId: 0,size=4194304]} | ret=SUCCESS |  
2019-08-22 07:03:39,548 | INFO  | DNAudit | user=null | ip=null | op=PUT_BLOCK {blockData=[blockId=conID: 3 locID: 102659353441796692 bcsId: 0,size=4194304]} | ret=SUCCESS |  
2019-08-22 07:03:39,548 [grpc-default-executor-0] INFO  client.GrpcClientProtocolClient (GrpcClientProtocolClient.java:onNext(255)) - client-CF63D631FA17->3cf1264f-5f6b-4138-aeee-2ff7d4522ead: receive RaftClientReply:client-CF63D631FA17->3cf1264f-5f6b-4138-aeee-2ff7d4522ead@group-561E16522154, cid=2523, SUCCESS, logIndex=0, commits[3cf1264f-5f6b-4138-aeee-2ff7d4522ead:c3765, 4f0d1a15-8f14-4d9a-ad4f-8211e1245b5d:c3763, 6999f20e-c3f7-4db4-87ca-141c476f2a88:c3763]
2019-08-22 07:03:39,553 | INFO  | SCMAudit | user=jenkins1000 | ip=192.168.34.31 | op=ALLOCATE_BLOCK {owner=04b6d46a-98e2-41b1-9f38-1870289993ea, size=4194304, type=RATIS, factor=THREE} | ret=SUCCESS |  
2019-08-22 07:03:39,556 | INFO  | OMAudit | user=jenkins1000 | ip=127.0.0.1 | op=ALLOCATE_BLOCK {volume=vol-0-14906, bucket=bucket-0-53153, key=key-0-33222, dataSize=0, replicationType=null, replicationFactor=null, keyLocationInfo=null, clientID=102659352017764754} | ret=SUCCESS |  
2019-08-22 07:03:39,562 | INFO  | DNAudit | user=null | ip=null | op=WRITE_CHUNK {blockData=conID: 1 locID: 102659353447826005 bcsId: 0} | ret=SUCCESS |  
2019-08-22 07:03:39,564 | INFO  | DNAudit | user=null | ip=null | op=WRITE_CHUNK {blockData=conID: 1 locID: 102659353447826005 bcsId: 0} | ret=SUCCESS |  
2019-08-22 07:03:39,565 | INFO  | DNAudit | user=null | ip=null | op=WRITE_CHUNK {blockData=conID: 1 locID: 102659353447826005 bcsId: 0} | ret=SUCCESS |  
2019-08-22 07:03:39,566 | INFO  | DNAudit | user=null | ip=null | op=WRITE_CHUNK {blockData=conID: 1 locID: 102659353447826005 bcsId: 0} | ret=SUCCESS |  
2019-08-22 07:03:39,567 | INFO  | DNAudit | user=null | ip=null | op=WRITE_CHUNK {blockData=conID: 1 locID: 102659353447826005 bcsId: 0} | ret=SUCCESS |  
2019-08-22 07:03:39,567 | INFO  | DNAudit | user=null | ip=null | op=WRITE_CHUNK {blockData=conID: 1 locID: 102659353447826005 bcsId: 0} | ret=SUCCESS |  
2019-08-22 07:03:39,576 | INFO  | DNAudit | user=null | ip=null | op=WRITE_CHUNK {blockData=conID: 1 locID: 102659353447826005 bcsId: 0} | ret=SUCCESS |  
2019-08-22 07:03:39,577 | INFO  | DNAudit | user=null | ip=null | op=PUT_BLOCK {blockData=[blockId=conID: 1 locID: 102659353447826005 bcsId: 0,size=1048576]} | ret=SUCCESS |  
2019-08-22 07:03:39,577 [grpc-default-executor-5] INFO  client.GrpcClientProtocolClient (GrpcClientProtocolClient.java:onNext(255)) - client-CF63D631FA17->3cf1264f-5f6b-4138-aeee-2ff7d4522ead: receive RaftClientReply:client-CF63D631FA17->3cf1264f-5f6b-4138-aeee-2ff7d4522ead@group-561E16522154, cid=2524, SUCCESS, logIndex=3766, commits[3cf1264f-5f6b-4138-aeee-2ff7d4522ead:c3767, 4f0d1a15-8f14-4d9a-ad4f-8211e1245b5d:c3765, 6999f20e-c3f7-4db4-87ca-141c476f2a88:c3765]
2019-08-22 07:03:39,577 [grpc-default-executor-5] INFO  client.GrpcClientProtocolClient (GrpcClientProtocolClient.java:onNext(255)) - client-CF63D631FA17->3cf1264f-5f6b-4138-aeee-2ff7d4522ead: receive RaftClientReply:client-CF63D631FA17->3cf1264f-5f6b-4138-aeee-2ff7d4522ead@group-561E16522154, cid=2525, SUCCESS, logIndex=3767, commits[3cf1264f-5f6b-4138-aeee-2ff7d4522ead:c3767, 4f0d1a15-8f14-4d9a-ad4f-8211e1245b5d:c3765, 6999f20e-c3f7-4db4-87ca-141c476f2a88:c3765]
2019-08-22 07:03:39,586 | INFO  | DNAudit | user=null | ip=null | op=WRITE_CHUNK {blockData=conID: 1 locID: 102659353447826005 bcsId: 0} | ret=SUCCESS |  
2019-08-22 07:03:39,587 | INFO  | DNAudit | user=null | ip=null | op=PUT_BLOCK {blockData=[blockId=conID: 1 locID: 102659353447826005 bcsId: 0,size=2097152]} | ret=SUCCESS |  
2019-08-22 07:03:39,587 [grpc-default-executor-5] INFO  client.GrpcClientProtocolClient (GrpcClientProtocolClient.java:onNext(255)) - client-CF63D631FA17->3cf1264f-5f6b-4138-aeee-2ff7d4522ead: receive RaftClientReply:client-CF63D631FA17->3cf1264f-5f6b-4138-aeee-2ff7d4522ead@group-561E16522154, cid=2526, SUCCESS, logIndex=3768, commits[3cf1264f-5f6b-4138-aeee-2ff7d4522ead:c3769, 4f0d1a15-8f14-4d9a-ad4f-8211e1245b5d:c3765, 6999f20e-c3f7-4db4-87ca-141c476f2a88:c3765]
2019-08-22 07:03:39,587 | INFO  | DNAudit | user=null | ip=null | op=WRITE_CHUNK {blockData=conID: 1 locID: 102659353447826005 bcsId: 0} | ret=SUCCESS |  
2019-08-22 07:03:39,587 | INFO  | DNAudit | user=null | ip=null | op=WRITE_CHUNK {blockData=conID: 1 locID: 102659353447826005 bcsId: 0} | ret=SUCCESS |  
2019-08-22 07:03:39,587 [grpc-default-executor-5] INFO  client.GrpcClientProtocolClient (GrpcClientProtocolClient.java:onNext(255)) - client-CF63D631FA17->3cf1264f-5f6b-4138-aeee-2ff7d4522ead: receive RaftClientReply:client-CF63D631FA17->3cf1264f-5f6b-4138-aeee-2ff7d4522ead@group-561E16522154, cid=2527, SUCCESS, logIndex=3769, commits[3cf1264f-5f6b-4138-aeee-2ff7d4522ead:c3769, 4f0d1a15-8f14-4d9a-ad4f-8211e1245b5d:c3765, 6999f20e-c3f7-4db4-87ca-141c476f2a88:c3765]
2019-08-22 07:03:39,590 | INFO  | DNAudit | user=null | ip=null | op=PUT_BLOCK {blockData=[blockId=conID: 1 locID: 102659353447826005 bcsId: 0,size=1048576]} | ret=SUCCESS |  
2019-08-22 07:03:39,590 | INFO  | DNAudit | user=null | ip=null | op=PUT_BLOCK {blockData=[blockId=conID: 1 locID: 102659353447826005 bcsId: 0,size=1048576]} | ret=SUCCESS |  
2019-08-22 07:03:39,591 [grpc-default-executor-5] INFO  client.GrpcClientProtocolClient (GrpcClientProtocolClient.java:onNext(255)) - client-CF63D631FA17->3cf1264f-5f6b-4138-aeee-2ff7d4522ead: receive RaftClientReply:client-CF63D631FA17->3cf1264f-5f6b-4138-aeee-2ff7d4522ead@group-561E16522154, cid=2528, SUCCESS, logIndex=0, commits[3cf1264f-5f6b-4138-aeee-2ff7d4522ead:c3771, 4f0d1a15-8f14-4d9a-ad4f-8211e1245b5d:c3767, 6999f20e-c3f7-4db4-87ca-141c476f2a88:c3767]
2019-08-22 07:03:39,597 | INFO  | DNAudit | user=null | ip=null | op=WRITE_CHUNK {blockData=conID: 1 locID: 102659353447826005 bcsId: 3769} | ret=SUCCESS |  
2019-08-22 07:03:39,600 | INFO  | DNAudit | user=null | ip=null | op=WRITE_CHUNK {blockData=conID: 1 locID: 102659353447826005 bcsId: 3769} | ret=SUCCESS |  
2019-08-22 07:03:39,600 | INFO  | DNAudit | user=null | ip=null | op=WRITE_CHUNK {blockData=conID: 1 locID: 102659353447826005 bcsId: 3769} | ret=SUCCESS |  
2019-08-22 07:03:39,609 | INFO  | DNAudit | user=null | ip=null | op=WRITE_CHUNK {blockData=conID: 1 locID: 102659353447826005 bcsId: 0} | ret=SUCCESS |  
2019-08-22 07:03:39,609 | INFO  | DNAudit | user=null | ip=null | op=WRITE_CHUNK {blockData=conID: 1 locID: 102659353447826005 bcsId: 0} | ret=SUCCESS |  
2019-08-22 07:03:39,609 | INFO  | DNAudit | user=null | ip=null | op=WRITE_CHUNK {blockData=conID: 1 locID: 102659353447826005 bcsId: 3769} | ret=SUCCESS |  
2019-08-22 07:03:39,609 | INFO  | DNAudit | user=null | ip=null | op=PUT_BLOCK {blockData=[blockId=conID: 1 locID: 102659353447826005 bcsId: 0,size=2097152]} | ret=SUCCESS |  
2019-08-22 07:03:39,609 | INFO  | DNAudit | user=null | ip=null | op=PUT_BLOCK {blockData=[blockId=conID: 1 locID: 102659353447826005 bcsId: 0,size=2097152]} | ret=SUCCESS |  
2019-08-22 07:03:39,609 | INFO  | DNAudit | user=null | ip=null | op=PUT_BLOCK {blockData=[blockId=conID: 1 locID: 102659353447826005 bcsId: 0,size=3145728]} | ret=SUCCESS |  
2019-08-22 07:03:39,610 [grpc-default-executor-3] INFO  client.GrpcClientProtocolClient (GrpcClientProtocolClient.java:onNext(255)) - client-CF63D631FA17->3cf1264f-5f6b-4138-aeee-2ff7d4522ead: receive RaftClientReply:client-CF63D631FA17->3cf1264f-5f6b-4138-aeee-2ff7d4522ead@group-561E16522154, cid=2529, SUCCESS, logIndex=3774, commits[3cf1264f-5f6b-4138-aeee-2ff7d4522ead:c3775, 4f0d1a15-8f14-4d9a-ad4f-8211e1245b5d:c3773, 6999f20e-c3f7-4db4-87ca-141c476f2a88:c3773]
2019-08-22 07:03:39,610 [grpc-default-executor-3] INFO  client.GrpcClientProtocolClient (GrpcClientProtocolClient.java:onNext(255)) - client-CF63D631FA17->3cf1264f-5f6b-4138-aeee-2ff7d4522ead: receive RaftClientReply:client-CF63D631FA17->3cf1264f-5f6b-4138-aeee-2ff7d4522ead@group-561E16522154, cid=2530, SUCCESS, logIndex=3775, commits[3cf1264f-5f6b-4138-aeee-2ff7d4522ead:c3775, 4f0d1a15-8f14-4d9a-ad4f-8211e1245b5d:c3773, 6999f20e-c3f7-4db4-87ca-141c476f2a88:c3773]
2019-08-22 07:03:39,613 | INFO  | DNAudit | user=null | ip=null | op=WRITE_CHUNK {blockData=conID: 1 locID: 102659353447826005 bcsId: 3769} | ret=SUCCESS |  
2019-08-22 07:03:39,613 | INFO  | DNAudit | user=null | ip=null | op=WRITE_CHUNK {blockData=conID: 1 locID: 102659353447826005 bcsId: 3769} | ret=SUCCESS |  
2019-08-22 07:03:39,613 | INFO  | DNAudit | user=null | ip=null | op=PUT_BLOCK {blockData=[blockId=conID: 1 locID: 102659353447826005 bcsId: 0,size=3145728]} | ret=SUCCESS |  
2019-08-22 07:03:39,617 | INFO  | DNAudit | user=null | ip=null | op=PUT_BLOCK {blockData=[blockId=conID: 1 locID: 102659353447826005 bcsId: 0,size=3145728]} | ret=SUCCESS |  
2019-08-22 07:03:39,618 | INFO  | DNAudit | user=null | ip=null | op=WRITE_CHUNK {blockData=conID: 1 locID: 102659353447826005 bcsId: 3775} | ret=SUCCESS |  
2019-08-22 07:03:39,620 | INFO  | DNAudit | user=null | ip=null | op=WRITE_CHUNK {blockData=conID: 1 locID: 102659353447826005 bcsId: 3775} | ret=SUCCESS |  
2019-08-22 07:03:39,620 | INFO  | DNAudit | user=null | ip=null | op=WRITE_CHUNK {blockData=conID: 1 locID: 102659353447826005 bcsId: 3775} | ret=SUCCESS |  
2019-08-22 07:03:39,622 | INFO  | DNAudit | user=null | ip=null | op=WRITE_CHUNK {blockData=conID: 1 locID: 102659353447826005 bcsId: 3775} | ret=SUCCESS |  
2019-08-22 07:03:39,622 | INFO  | DNAudit | user=null | ip=null | op=PUT_BLOCK {blockData=[blockId=conID: 1 locID: 102659353447826005 bcsId: 0,size=4194304]} | ret=SUCCESS |  
2019-08-22 07:03:39,623 [grpc-default-executor-3] INFO  client.GrpcClientProtocolClient (GrpcClientProtocolClient.java:onNext(255)) - client-CF63D631FA17->3cf1264f-5f6b-4138-aeee-2ff7d4522ead: receive RaftClientReply:client-CF63D631FA17->3cf1264f-5f6b-4138-aeee-2ff7d4522ead@group-561E16522154, cid=2531, SUCCESS, logIndex=3778, commits[3cf1264f-5f6b-4138-aeee-2ff7d4522ead:c3779, 4f0d1a15-8f14-4d9a-ad4f-8211e1245b5d:c3776, 6999f20e-c3f7-4db4-87ca-141c476f2a88:c3776]
2019-08-22 07:03:39,623 [grpc-default-executor-3] INFO  client.GrpcClientProtocolClient (GrpcClientProtocolClient.java:onNext(255)) - client-CF63D631FA17->3cf1264f-5f6b-4138-aeee-2ff7d4522ead: receive RaftClientReply:client-CF63D631FA17->3cf1264f-5f6b-4138-aeee-2ff7d4522ead@group-561E16522154, cid=2532, SUCCESS, logIndex=3779, commits[3cf1264f-5f6b-4138-aeee-2ff7d4522ead:c3779, 4f0d1a15-8f14-4d9a-ad4f-8211e1245b5d:c3776, 6999f20e-c3f7-4db4-87ca-141c476f2a88:c3776]
2019-08-22 07:03:39,624 | INFO  | DNAudit | user=null | ip=null | op=WRITE_CHUNK {blockData=conID: 1 locID: 102659353447826005 bcsId: 3775} | ret=SUCCESS |  
2019-08-22 07:03:39,624 | INFO  | DNAudit | user=null | ip=null | op=WRITE_CHUNK {blockData=conID: 1 locID: 102659353447826005 bcsId: 3775} | ret=SUCCESS |  
2019-08-22 07:03:39,627 | INFO  | DNAudit | user=null | ip=null | op=PUT_BLOCK {blockData=[blockId=conID: 1 locID: 102659353447826005 bcsId: 0,size=4194304]} | ret=SUCCESS |  
2019-08-22 07:03:39,628 | INFO  | DNAudit | user=null | ip=null | op=PUT_BLOCK {blockData=[blockId=conID: 1 locID: 102659353447826005 bcsId: 0,size=4194304]} | ret=SUCCESS |  
2019-08-22 07:03:39,628 [grpc-default-executor-5] INFO  client.GrpcClientProtocolClient (GrpcClientProtocolClient.java:onNext(255)) - client-CF63D631FA17->3cf1264f-5f6b-4138-aeee-2ff7d4522ead: receive RaftClientReply:client-CF63D631FA17->3cf1264f-5f6b-4138-aeee-2ff7d4522ead@group-561E16522154, cid=2533, SUCCESS, logIndex=0, commits[3cf1264f-5f6b-4138-aeee-2ff7d4522ead:c3781, 4f0d1a15-8f14-4d9a-ad4f-8211e1245b5d:c3779, 6999f20e-c3f7-4db4-87ca-141c476f2a88:c3779]
2019-08-22 07:03:39,632 | INFO  | SCMAudit | user=jenkins1000 | ip=192.168.34.31 | op=ALLOCATE_BLOCK {owner=04b6d46a-98e2-41b1-9f38-1870289993ea, size=4194304, type=RATIS, factor=THREE} | ret=SUCCESS |  
2019-08-22 07:03:39,635 | INFO  | OMAudit | user=jenkins1000 | ip=127.0.0.1 | op=ALLOCATE_BLOCK {volume=vol-0-14906, bucket=bucket-0-53153, key=key-0-33222, dataSize=0, replicationType=null, replicationFactor=null, keyLocationInfo=null, clientID=102659352017764754} | ret=SUCCESS |  
2019-08-22 07:03:39,642 | INFO  | DNAudit | user=null | ip=null | op=WRITE_CHUNK {blockData=conID: 2 locID: 102659353453003350 bcsId: 0} | ret=SUCCESS |  
2019-08-22 07:03:39,645 | INFO  | DNAudit | user=null | ip=null | op=WRITE_CHUNK {blockData=conID: 2 locID: 102659353453003350 bcsId: 0} | ret=SUCCESS |  
2019-08-22 07:03:39,646 | INFO  | DNAudit | user=null | ip=null | op=WRITE_CHUNK {blockData=conID: 2 locID: 102659353453003350 bcsId: 0} | ret=SUCCESS |  
2019-08-22 07:03:39,646 | INFO  | DNAudit | user=null | ip=null | op=WRITE_CHUNK {blockData=conID: 2 locID: 102659353453003350 bcsId: 0} | ret=SUCCESS |  
2019-08-22 07:03:39,649 | INFO  | DNAudit | user=null | ip=null | op=WRITE_CHUNK {blockData=conID: 2 locID: 102659353453003350 bcsId: 0} | ret=SUCCESS |  
2019-08-22 07:03:39,649 | INFO  | DNAudit | user=null | ip=null | op=WRITE_CHUNK {blockData=conID: 2 locID: 102659353453003350 bcsId: 0} | ret=SUCCESS |  
2019-08-22 07:03:39,663 | INFO  | DNAudit | user=null | ip=null | op=WRITE_CHUNK {blockData=conID: 2 locID: 102659353453003350 bcsId: 0} | ret=SUCCESS |  
2019-08-22 07:03:39,664 | INFO  | DNAudit | user=null | ip=null | op=PUT_BLOCK {blockData=[blockId=conID: 2 locID: 102659353453003350 bcsId: 0,size=1048576]} | ret=SUCCESS |  
2019-08-22 07:03:39,664 [grpc-default-executor-0] INFO  client.GrpcClientProtocolClient (GrpcClientProtocolClient.java:onNext(255)) - client-CF63D631FA17->3cf1264f-5f6b-4138-aeee-2ff7d4522ead: receive RaftClientReply:client-CF63D631FA17->3cf1264f-5f6b-4138-aeee-2ff7d4522ead@group-561E16522154, cid=2534, SUCCESS, logIndex=3782, commits[3cf1264f-5f6b-4138-aeee-2ff7d4522ead:c3783, 4f0d1a15-8f14-4d9a-ad4f-8211e1245b5d:c3781, 6999f20e-c3f7-4db4-87ca-141c476f2a88:c3781]
2019-08-22 07:03:39,664 | INFO  | DNAudit | user=null | ip=null | op=WRITE_CHUNK {blockData=conID: 2 locID: 102659353453003350 bcsId: 0} | ret=SUCCESS |  
2019-08-22 07:03:39,664 [grpc-default-executor-1] INFO  client.GrpcClientProtocolClient (GrpcClientProtocolClient.java:onNext(255)) - client-CF63D631FA17->3cf1264f-5f6b-4138-aeee-2ff7d4522ead: receive RaftClientReply:client-CF63D631FA17->3cf1264f-5f6b-4138-aeee-2ff7d4522ead@group-561E16522154, cid=2535, SUCCESS, logIndex=3783, commits[3cf1264f-5f6b-4138-aeee-2ff7d4522ead:c3783, 4f0d1a15-8f14-4d9a-ad4f-8211e1245b5d:c3781, 6999f20e-c3f7-4db4-87ca-141c476f2a88:c3781]
2019-08-22 07:03:39,665 | INFO  | DNAudit | user=null | ip=null | op=PUT_BLOCK {blockData=[blockId=conID: 2 locID: 102659353453003350 bcsId: 0,size=2097152]} | ret=SUCCESS |  
2019-08-22 07:03:39,665 [grpc-default-executor-1] INFO  client.GrpcClientProtocolClient (GrpcClientProtocolClient.java:onNext(255)) - client-CF63D631FA17->3cf1264f-5f6b-4138-aeee-2ff7d4522ead: receive RaftClientReply:client-CF63D631FA17->3cf1264f-5f6b-4138-aeee-2ff7d4522ead@group-561E16522154, cid=2536, SUCCESS, logIndex=3784, commits[3cf1264f-5f6b-4138-aeee-2ff7d4522ead:c3784, 4f0d1a15-8f14-4d9a-ad4f-8211e1245b5d:c3781, 6999f20e-c3f7-4db4-87ca-141c476f2a88:c3781]
2019-08-22 07:03:39,665 [grpc-default-executor-5] INFO  client.GrpcClientProtocolClient (GrpcClientProtocolClient.java:onNext(255)) - client-CF63D631FA17->3cf1264f-5f6b-4138-aeee-2ff7d4522ead: receive RaftClientReply:client-CF63D631FA17->3cf1264f-5f6b-4138-aeee-2ff7d4522ead@group-561E16522154, cid=2537, SUCCESS, logIndex=3785, commits[3cf1264f-5f6b-4138-aeee-2ff7d4522ead:c3785, 4f0d1a15-8f14-4d9a-ad4f-8211e1245b5d:c3781, 6999f20e-c3f7-4db4-87ca-141c476f2a88:c3781]
2019-08-22 07:03:39,677 | INFO  | DNAudit | user=null | ip=null | op=WRITE_CHUNK {blockData=conID: 2 locID: 102659353453003350 bcsId: 0} | ret=SUCCESS |  
2019-08-22 07:03:39,678 | INFO  | DNAudit | user=null | ip=null | op=PUT_BLOCK {blockData=[blockId=conID: 2 locID: 102659353453003350 bcsId: 0,size=1048576]} | ret=SUCCESS |  
2019-08-22 07:03:39,678 | INFO  | DNAudit | user=null | ip=null | op=WRITE_CHUNK {blockData=conID: 2 locID: 102659353453003350 bcsId: 0} | ret=SUCCESS |  
2019-08-22 07:03:39,679 | INFO  | DNAudit | user=null | ip=null | op=PUT_BLOCK {blockData=[blockId=conID: 2 locID: 102659353453003350 bcsId: 0,size=1048576]} | ret=SUCCESS |  
2019-08-22 07:03:39,679 | INFO  | DNAudit | user=null | ip=null | op=WRITE_CHUNK {blockData=conID: 2 locID: 102659353453003350 bcsId: 0} | ret=SUCCESS |  
2019-08-22 07:03:39,679 | INFO  | DNAudit | user=null | ip=null | op=PUT_BLOCK {blockData=[blockId=conID: 2 locID: 102659353453003350 bcsId: 0,size=2097152]} | ret=SUCCESS |  
2019-08-22 07:03:39,679 [grpc-default-executor-5] INFO  client.GrpcClientProtocolClient (GrpcClientProtocolClient.java:onNext(255)) - client-CF63D631FA17->3cf1264f-5f6b-4138-aeee-2ff7d4522ead: receive RaftClientReply:client-CF63D631FA17->3cf1264f-5f6b-4138-aeee-2ff7d4522ead@group-561E16522154, cid=2538, SUCCESS, logIndex=0, commits[3cf1264f-5f6b-4138-aeee-2ff7d4522ead:c3787, 4f0d1a15-8f14-4d9a-ad4f-8211e1245b5d:c3783, 6999f20e-c3f7-4db4-87ca-141c476f2a88:c3783]
2019-08-22 07:03:39,679 | INFO  | DNAudit | user=null | ip=null | op=WRITE_CHUNK {blockData=conID: 2 locID: 102659353453003350 bcsId: 0} | ret=SUCCESS |  
2019-08-22 07:03:39,679 | INFO  | DNAudit | user=null | ip=null | op=PUT_BLOCK {blockData=[blockId=conID: 2 locID: 102659353453003350 bcsId: 0,size=2097152]} | ret=SUCCESS |  
2019-08-22 07:03:39,686 | INFO  | DNAudit | user=null | ip=null | op=WRITE_CHUNK {blockData=conID: 2 locID: 102659353453003350 bcsId: 3785} | ret=SUCCESS |  
2019-08-22 07:03:39,689 | INFO  | DNAudit | user=null | ip=null | op=WRITE_CHUNK {blockData=conID: 2 locID: 102659353453003350 bcsId: 3785} | ret=SUCCESS |  
2019-08-22 07:03:39,689 | INFO  | DNAudit | user=null | ip=null | op=WRITE_CHUNK {blockData=conID: 2 locID: 102659353453003350 bcsId: 3785} | ret=SUCCESS |  
2019-08-22 07:03:39,692 | INFO  | DNAudit | user=null | ip=null | op=WRITE_CHUNK {blockData=conID: 2 locID: 102659353453003350 bcsId: 3785} | ret=SUCCESS |  
2019-08-22 07:03:39,693 | INFO  | DNAudit | user=null | ip=null | op=PUT_BLOCK {blockData=[blockId=conID: 2 locID: 102659353453003350 bcsId: 0,size=3145728]} | ret=SUCCESS |  
2019-08-22 07:03:39,693 [grpc-default-executor-5] INFO  client.GrpcClientProtocolClient (GrpcClientProtocolClient.java:onNext(255)) - client-CF63D631FA17->3cf1264f-5f6b-4138-aeee-2ff7d4522ead: receive RaftClientReply:client-CF63D631FA17->3cf1264f-5f6b-4138-aeee-2ff7d4522ead@group-561E16522154, cid=2539, SUCCESS, logIndex=3790, commits[3cf1264f-5f6b-4138-aeee-2ff7d4522ead:c3791, 4f0d1a15-8f14-4d9a-ad4f-8211e1245b5d:c3785, 6999f20e-c3f7-4db4-87ca-141c476f2a88:c3789]
2019-08-22 07:03:39,693 [grpc-default-executor-5] INFO  client.GrpcClientProtocolClient (GrpcClientProtocolClient.java:onNext(255)) - client-CF63D631FA17->3cf1264f-5f6b-4138-aeee-2ff7d4522ead: receive RaftClientReply:client-CF63D631FA17->3cf1264f-5f6b-4138-aeee-2ff7d4522ead@group-561E16522154, cid=2540, SUCCESS, logIndex=3791, commits[3cf1264f-5f6b-4138-aeee-2ff7d4522ead:c3791, 4f0d1a15-8f14-4d9a-ad4f-8211e1245b5d:c3789, 6999f20e-c3f7-4db4-87ca-141c476f2a88:c3789]
2019-08-22 07:03:39,694 | INFO  | DNAudit | user=null | ip=null | op=WRITE_CHUNK {blockData=conID: 2 locID: 102659353453003350 bcsId: 3785} | ret=SUCCESS |  
2019-08-22 07:03:39,694 | INFO  | DNAudit | user=null | ip=null | op=WRITE_CHUNK {blockData=conID: 2 locID: 102659353453003350 bcsId: 3785} | ret=SUCCESS |  
2019-08-22 07:03:39,695 | INFO  | DNAudit | user=null | ip=null | op=PUT_BLOCK {blockData=[blockId=conID: 2 locID: 102659353453003350 bcsId: 0,size=3145728]} | ret=SUCCESS |  
2019-08-22 07:03:39,695 | INFO  | DNAudit | user=null | ip=null | op=PUT_BLOCK {blockData=[blockId=conID: 2 locID: 102659353453003350 bcsId: 0,size=3145728]} | ret=SUCCESS |  
2019-08-22 07:03:39,699 | INFO  | DNAudit | user=null | ip=null | op=WRITE_CHUNK {blockData=conID: 2 locID: 102659353453003350 bcsId: 3791} | ret=SUCCESS |  
2019-08-22 07:03:39,701 | INFO  | DNAudit | user=null | ip=null | op=WRITE_CHUNK {blockData=conID: 2 locID: 102659353453003350 bcsId: 3791} | ret=SUCCESS |  
2019-08-22 07:03:39,701 | INFO  | DNAudit | user=null | ip=null | op=WRITE_CHUNK {blockData=conID: 2 locID: 102659353453003350 bcsId: 3791} | ret=SUCCESS |  
2019-08-22 07:03:39,712 | INFO  | DNAudit | user=null | ip=null | op=WRITE_CHUNK {blockData=conID: 2 locID: 102659353453003350 bcsId: 3791} | ret=SUCCESS |  
2019-08-22 07:03:39,713 | INFO  | DNAudit | user=null | ip=null | op=PUT_BLOCK {blockData=[blockId=conID: 2 locID: 102659353453003350 bcsId: 0,size=4194304]} | ret=SUCCESS |  
2019-08-22 07:03:39,713 [grpc-default-executor-1] INFO  client.GrpcClientProtocolClient (GrpcClientProtocolClient.java:onNext(255)) - client-CF63D631FA17->3cf1264f-5f6b-4138-aeee-2ff7d4522ead: receive RaftClientReply:client-CF63D631FA17->3cf1264f-5f6b-4138-aeee-2ff7d4522ead@group-561E16522154, cid=2541, SUCCESS, logIndex=3794, commits[3cf1264f-5f6b-4138-aeee-2ff7d4522ead:c3795, 4f0d1a15-8f14-4d9a-ad4f-8211e1245b5d:c3793, 6999f20e-c3f7-4db4-87ca-141c476f2a88:c3793]
2019-08-22 07:03:39,713 [grpc-default-executor-1] INFO  client.GrpcClientProtocolClient (GrpcClientProtocolClient.java:onNext(255)) - client-CF63D631FA17->3cf1264f-5f6b-4138-aeee-2ff7d4522ead: receive RaftClientReply:client-CF63D631FA17->3cf1264f-5f6b-4138-aeee-2ff7d4522ead@group-561E16522154, cid=2542, SUCCESS, logIndex=3795, commits[3cf1264f-5f6b-4138-aeee-2ff7d4522ead:c3795, 4f0d1a15-8f14-4d9a-ad4f-8211e1245b5d:c3793, 6999f20e-c3f7-4db4-87ca-141c476f2a88:c3793]
2019-08-22 07:03:39,724 | INFO  | DNAudit | user=null | ip=null | op=WRITE_CHUNK {blockData=conID: 2 locID: 102659353453003350 bcsId: 3791} | ret=SUCCESS |  
2019-08-22 07:03:39,724 | INFO  | DNAudit | user=null | ip=null | op=WRITE_CHUNK {blockData=conID: 2 locID: 102659353453003350 bcsId: 3791} | ret=SUCCESS |  
2019-08-22 07:03:39,727 | INFO  | DNAudit | user=null | ip=null | op=PUT_BLOCK {blockData=[blockId=conID: 2 locID: 102659353453003350 bcsId: 0,size=4194304]} | ret=SUCCESS |  
2019-08-22 07:03:39,727 | INFO  | DNAudit | user=null | ip=null | op=PUT_BLOCK {blockData=[blockId=conID: 2 locID: 102659353453003350 bcsId: 0,size=4194304]} | ret=SUCCESS |  
2019-08-22 07:03:39,727 [grpc-default-executor-1] INFO  client.GrpcClientProtocolClient (GrpcClientProtocolClient.java:onNext(255)) - client-CF63D631FA17->3cf1264f-5f6b-4138-aeee-2ff7d4522ead: receive RaftClientReply:client-CF63D631FA17->3cf1264f-5f6b-4138-aeee-2ff7d4522ead@group-561E16522154, cid=2543, SUCCESS, logIndex=0, commits[3cf1264f-5f6b-4138-aeee-2ff7d4522ead:c3797, 4f0d1a15-8f14-4d9a-ad4f-8211e1245b5d:c3795, 6999f20e-c3f7-4db4-87ca-141c476f2a88:c3795]
2019-08-22 07:03:39,732 | INFO  | SCMAudit | user=jenkins1000 | ip=192.168.34.31 | op=ALLOCATE_BLOCK {owner=04b6d46a-98e2-41b1-9f38-1870289993ea, size=4194304, type=RATIS, factor=THREE} | ret=SUCCESS |  
2019-08-22 07:03:39,736 | INFO  | OMAudit | user=jenkins1000 | ip=127.0.0.1 | op=ALLOCATE_BLOCK {volume=vol-0-14906, bucket=bucket-0-53153, key=key-0-33222, dataSize=0, replicationType=null, replicationFactor=null, keyLocationInfo=null, clientID=102659352017764754} | ret=SUCCESS |  
2019-08-22 07:03:39,743 | INFO  | DNAudit | user=null | ip=null | op=WRITE_CHUNK {blockData=conID: 3 locID: 102659353459556951 bcsId: 0} | ret=SUCCESS |  
2019-08-22 07:03:39,744 | INFO  | DNAudit | user=null | ip=null | op=WRITE_CHUNK {blockData=conID: 3 locID: 102659353459556951 bcsId: 0} | ret=SUCCESS |  
2019-08-22 07:03:39,745 | INFO  | DNAudit | user=null | ip=null | op=WRITE_CHUNK {blockData=conID: 3 locID: 102659353459556951 bcsId: 0} | ret=SUCCESS |  
2019-08-22 07:03:39,746 | INFO  | DNAudit | user=null | ip=null | op=WRITE_CHUNK {blockData=conID: 3 locID: 102659353459556951 bcsId: 0} | ret=SUCCESS |  
2019-08-22 07:03:39,747 | INFO  | DNAudit | user=null | ip=null | op=WRITE_CHUNK {blockData=conID: 3 locID: 102659353459556951 bcsId: 0} | ret=SUCCESS |  
2019-08-22 07:03:39,747 | INFO  | DNAudit | user=null | ip=null | op=WRITE_CHUNK {blockData=conID: 3 locID: 102659353459556951 bcsId: 0} | ret=SUCCESS |  
2019-08-22 07:03:39,760 | INFO  | DNAudit | user=null | ip=null | op=WRITE_CHUNK {blockData=conID: 3 locID: 102659353459556951 bcsId: 0} | ret=SUCCESS |  
2019-08-22 07:03:39,761 | INFO  | DNAudit | user=null | ip=null | op=PUT_BLOCK {blockData=[blockId=conID: 3 locID: 102659353459556951 bcsId: 0,size=1048576]} | ret=SUCCESS |  
2019-08-22 07:03:39,761 [grpc-default-executor-0] INFO  client.GrpcClientProtocolClient (GrpcClientProtocolClient.java:onNext(255)) - client-CF63D631FA17->3cf1264f-5f6b-4138-aeee-2ff7d4522ead: receive RaftClientReply:client-CF63D631FA17->3cf1264f-5f6b-4138-aeee-2ff7d4522ead@group-561E16522154, cid=2544, SUCCESS, logIndex=3798, commits[3cf1264f-5f6b-4138-aeee-2ff7d4522ead:c3800, 4f0d1a15-8f14-4d9a-ad4f-8211e1245b5d:c3797, 6999f20e-c3f7-4db4-87ca-141c476f2a88:c3797]
2019-08-22 07:03:39,761 | INFO  | DNAudit | user=null | ip=null | op=WRITE_CHUNK {blockData=conID: 3 locID: 102659353459556951 bcsId: 0} | ret=SUCCESS |  
2019-08-22 07:03:39,761 | INFO  | DNAudit | user=null | ip=null | op=PUT_BLOCK {blockData=[blockId=conID: 3 locID: 102659353459556951 bcsId: 0,size=2097152]} | ret=SUCCESS |  
2019-08-22 07:03:39,761 [grpc-default-executor-0] INFO  client.GrpcClientProtocolClient (GrpcClientProtocolClient.java:onNext(255)) - client-CF63D631FA17->3cf1264f-5f6b-4138-aeee-2ff7d4522ead: receive RaftClientReply:client-CF63D631FA17->3cf1264f-5f6b-4138-aeee-2ff7d4522ead@group-561E16522154, cid=2545, SUCCESS, logIndex=3799, commits[3cf1264f-5f6b-4138-aeee-2ff7d4522ead:c3801, 4f0d1a15-8f14-4d9a-ad4f-8211e1245b5d:c3797, 6999f20e-c3f7-4db4-87ca-141c476f2a88:c3797]
2019-08-22 07:03:39,762 [grpc-default-executor-0] INFO  client.GrpcClientProtocolClient (GrpcClientProtocolClient.java:onNext(255)) - client-CF63D631FA17->3cf1264f-5f6b-4138-aeee-2ff7d4522ead: receive RaftClientReply:client-CF63D631FA17->3cf1264f-5f6b-4138-aeee-2ff7d4522ead@group-561E16522154, cid=2546, SUCCESS, logIndex=3800, commits[3cf1264f-5f6b-4138-aeee-2ff7d4522ead:c3801, 4f0d1a15-8f14-4d9a-ad4f-8211e1245b5d:c3797, 6999f20e-c3f7-4db4-87ca-141c476f2a88:c3797]
2019-08-22 07:03:39,762 [grpc-default-executor-0] INFO  client.GrpcClientProtocolClient (GrpcClientProtocolClient.java:onNext(255)) - client-CF63D631FA17->3cf1264f-5f6b-4138-aeee-2ff7d4522ead: receive RaftClientReply:client-CF63D631FA17->3cf1264f-5f6b-4138-aeee-2ff7d4522ead@group-561E16522154, cid=2547, SUCCESS, logIndex=3801, commits[3cf1264f-5f6b-4138-aeee-2ff7d4522ead:c3801, 4f0d1a15-8f14-4d9a-ad4f-8211e1245b5d:c3797, 6999f20e-c3f7-4db4-87ca-141c476f2a88:c3797]
2019-08-22 07:03:39,772 | INFO  | DNAudit | user=null | ip=null | op=WRITE_CHUNK {blockData=conID: 3 locID: 102659353459556951 bcsId: 0} | ret=SUCCESS |  
2019-08-22 07:03:39,772 | INFO  | DNAudit | user=null | ip=null | op=WRITE_CHUNK {blockData=conID: 3 locID: 102659353459556951 bcsId: 0} | ret=SUCCESS |  
2019-08-22 07:03:39,772 | INFO  | DNAudit | user=null | ip=null | op=PUT_BLOCK {blockData=[blockId=conID: 3 locID: 102659353459556951 bcsId: 0,size=1048576]} | ret=SUCCESS |  
2019-08-22 07:03:39,772 | INFO  | DNAudit | user=null | ip=null | op=PUT_BLOCK {blockData=[blockId=conID: 3 locID: 102659353459556951 bcsId: 0,size=1048576]} | ret=SUCCESS |  
2019-08-22 07:03:39,772 [grpc-default-executor-0] INFO  client.GrpcClientProtocolClient (GrpcClientProtocolClient.java:onNext(255)) - client-CF63D631FA17->3cf1264f-5f6b-4138-aeee-2ff7d4522ead: receive RaftClientReply:client-CF63D631FA17->3cf1264f-5f6b-4138-aeee-2ff7d4522ead@group-561E16522154, cid=2548, SUCCESS, logIndex=0, commits[3cf1264f-5f6b-4138-aeee-2ff7d4522ead:c3802, 4f0d1a15-8f14-4d9a-ad4f-8211e1245b5d:c3799, 6999f20e-c3f7-4db4-87ca-141c476f2a88:c3799]
2019-08-22 07:03:39,773 | INFO  | DNAudit | user=null | ip=null | op=WRITE_CHUNK {blockData=conID: 3 locID: 102659353459556951 bcsId: 0} | ret=SUCCESS |  
2019-08-22 07:03:39,774 | INFO  | DNAudit | user=null | ip=null | op=WRITE_CHUNK {blockData=conID: 3 locID: 102659353459556951 bcsId: 0} | ret=SUCCESS |  
2019-08-22 07:03:39,774 | INFO  | DNAudit | user=null | ip=null | op=PUT_BLOCK {blockData=[blockId=conID: 3 locID: 102659353459556951 bcsId: 0,size=2097152]} | ret=SUCCESS |  
2019-08-22 07:03:39,774 | INFO  | DNAudit | user=null | ip=null | op=PUT_BLOCK {blockData=[blockId=conID: 3 locID: 102659353459556951 bcsId: 0,size=2097152]} | ret=SUCCESS |  
2019-08-22 07:03:39,778 | INFO  | DNAudit | user=null | ip=null | op=WRITE_CHUNK {blockData=conID: 3 locID: 102659353459556951 bcsId: 3801} | ret=SUCCESS |  
2019-08-22 07:03:39,780 | INFO  | DNAudit | user=null | ip=null | op=WRITE_CHUNK {blockData=conID: 3 locID: 102659353459556951 bcsId: 3801} | ret=SUCCESS |  
2019-08-22 07:03:39,781 | INFO  | DNAudit | user=null | ip=null | op=WRITE_CHUNK {blockData=conID: 3 locID: 102659353459556951 bcsId: 3801} | ret=SUCCESS |  
2019-08-22 07:03:39,790 | INFO  | DNAudit | user=null | ip=null | op=WRITE_CHUNK {blockData=conID: 3 locID: 102659353459556951 bcsId: 3801} | ret=SUCCESS |  
2019-08-22 07:03:39,791 | INFO  | DNAudit | user=null | ip=null | op=PUT_BLOCK {blockData=[blockId=conID: 3 locID: 102659353459556951 bcsId: 0,size=3145728]} | ret=SUCCESS |  
2019-08-22 07:03:39,791 [grpc-default-executor-1] INFO  client.GrpcClientProtocolClient (GrpcClientProtocolClient.java:onNext(255)) - client-CF63D631FA17->3cf1264f-5f6b-4138-aeee-2ff7d4522ead: receive RaftClientReply:client-CF63D631FA17->3cf1264f-5f6b-4138-aeee-2ff7d4522ead@group-561E16522154, cid=2549, SUCCESS, logIndex=3806, commits[3cf1264f-5f6b-4138-aeee-2ff7d4522ead:c3807, 4f0d1a15-8f14-4d9a-ad4f-8211e1245b5d:c3805, 6999f20e-c3f7-4db4-87ca-141c476f2a88:c3805]
2019-08-22 07:03:39,791 [grpc-default-executor-1] INFO  client.GrpcClientProtocolClient (GrpcClientProtocolClient.java:onNext(255)) - client-CF63D631FA17->3cf1264f-5f6b-4138-aeee-2ff7d4522ead: receive RaftClientReply:client-CF63D631FA17->3cf1264f-5f6b-4138-aeee-2ff7d4522ead@group-561E16522154, cid=2550, SUCCESS, logIndex=3807, commits[3cf1264f-5f6b-4138-aeee-2ff7d4522ead:c3807, 4f0d1a15-8f14-4d9a-ad4f-8211e1245b5d:c3805, 6999f20e-c3f7-4db4-87ca-141c476f2a88:c3805]
2019-08-22 07:03:39,797 | INFO  | DNAudit | user=null | ip=null | op=WRITE_CHUNK {blockData=conID: 3 locID: 102659353459556951 bcsId: 3807} | ret=SUCCESS |  
2019-08-22 07:03:39,800 | INFO  | DNAudit | user=null | ip=null | op=WRITE_CHUNK {blockData=conID: 3 locID: 102659353459556951 bcsId: 3807} | ret=SUCCESS |  
2019-08-22 07:03:39,800 | INFO  | DNAudit | user=null | ip=null | op=WRITE_CHUNK {blockData=conID: 3 locID: 102659353459556951 bcsId: 3807} | ret=SUCCESS |  
2019-08-22 07:03:39,801 | INFO  | DNAudit | user=null | ip=null | op=WRITE_CHUNK {blockData=conID: 3 locID: 102659353459556951 bcsId: 3801} | ret=SUCCESS |  
2019-08-22 07:03:39,802 | INFO  | DNAudit | user=null | ip=null | op=WRITE_CHUNK {blockData=conID: 3 locID: 102659353459556951 bcsId: 3801} | ret=SUCCESS |  
2019-08-22 07:03:39,804 | INFO  | DNAudit | user=null | ip=null | op=PUT_BLOCK {blockData=[blockId=conID: 3 locID: 102659353459556951 bcsId: 0,size=3145728]} | ret=SUCCESS |  
2019-08-22 07:03:39,804 | INFO  | DNAudit | user=null | ip=null | op=PUT_BLOCK {blockData=[blockId=conID: 3 locID: 102659353459556951 bcsId: 0,size=3145728]} | ret=SUCCESS |  
2019-08-22 07:03:39,805 | INFO  | DNAudit | user=null | ip=null | op=WRITE_CHUNK {blockData=conID: 3 locID: 102659353459556951 bcsId: 3807} | ret=SUCCESS |  
2019-08-22 07:03:39,805 | INFO  | DNAudit | user=null | ip=null | op=PUT_BLOCK {blockData=[blockId=conID: 3 locID: 102659353459556951 bcsId: 0,size=4194304]} | ret=SUCCESS |  
2019-08-22 07:03:39,805 [grpc-default-executor-1] INFO  client.GrpcClientProtocolClient (GrpcClientProtocolClient.java:onNext(255)) - client-CF63D631FA17->3cf1264f-5f6b-4138-aeee-2ff7d4522ead: receive RaftClientReply:client-CF63D631FA17->3cf1264f-5f6b-4138-aeee-2ff7d4522ead@group-561E16522154, cid=2551, SUCCESS, logIndex=3810, commits[3cf1264f-5f6b-4138-aeee-2ff7d4522ead:c3811, 4f0d1a15-8f14-4d9a-ad4f-8211e1245b5d:c3807, 6999f20e-c3f7-4db4-87ca-141c476f2a88:c3807]
2019-08-22 07:03:39,805 [grpc-default-executor-1] INFO  client.GrpcClientProtocolClient (GrpcClientProtocolClient.java:onNext(255)) - client-CF63D631FA17->3cf1264f-5f6b-4138-aeee-2ff7d4522ead: receive RaftClientReply:client-CF63D631FA17->3cf1264f-5f6b-4138-aeee-2ff7d4522ead@group-561E16522154, cid=2552, SUCCESS, logIndex=3811, commits[3cf1264f-5f6b-4138-aeee-2ff7d4522ead:c3811, 4f0d1a15-8f14-4d9a-ad4f-8211e1245b5d:c3807, 6999f20e-c3f7-4db4-87ca-141c476f2a88:c3807]
2019-08-22 07:03:39,816 | INFO  | DNAudit | user=null | ip=null | op=WRITE_CHUNK {blockData=conID: 3 locID: 102659353459556951 bcsId: 3807} | ret=SUCCESS |  
2019-08-22 07:03:39,816 | INFO  | DNAudit | user=null | ip=null | op=WRITE_CHUNK {blockData=conID: 3 locID: 102659353459556951 bcsId: 3807} | ret=SUCCESS |  
2019-08-22 07:03:39,819 | INFO  | DNAudit | user=null | ip=null | op=PUT_BLOCK {blockData=[blockId=conID: 3 locID: 102659353459556951 bcsId: 0,size=4194304]} | ret=SUCCESS |  
2019-08-22 07:03:39,819 | INFO  | DNAudit | user=null | ip=null | op=PUT_BLOCK {blockData=[blockId=conID: 3 locID: 102659353459556951 bcsId: 0,size=4194304]} | ret=SUCCESS |  
2019-08-22 07:03:39,820 [grpc-default-executor-1] INFO  client.GrpcClientProtocolClient (GrpcClientProtocolClient.java:onNext(255)) - client-CF63D631FA17->3cf1264f-5f6b-4138-aeee-2ff7d4522ead: receive RaftClientReply:client-CF63D631FA17->3cf1264f-5f6b-4138-aeee-2ff7d4522ead@group-561E16522154, cid=2553, SUCCESS, logIndex=0, commits[3cf1264f-5f6b-4138-aeee-2ff7d4522ead:c3813, 4f0d1a15-8f14-4d9a-ad4f-8211e1245b5d:c3811, 6999f20e-c3f7-4db4-87ca-141c476f2a88:c3811]
2019-08-22 07:03:39,826 | INFO  | SCMAudit | user=jenkins1000 | ip=192.168.34.31 | op=ALLOCATE_BLOCK {owner=04b6d46a-98e2-41b1-9f38-1870289993ea, size=4194304, type=RATIS, factor=THREE} | ret=SUCCESS |  
2019-08-22 07:03:39,829 | INFO  | OMAudit | user=jenkins1000 | ip=127.0.0.1 | op=ALLOCATE_BLOCK {volume=vol-0-14906, bucket=bucket-0-53153, key=key-0-33222, dataSize=0, replicationType=null, replicationFactor=null, keyLocationInfo=null, clientID=102659352017764754} | ret=SUCCESS |  
2019-08-22 07:03:39,836 | INFO  | DNAudit | user=null | ip=null | op=WRITE_CHUNK {blockData=conID: 1 locID: 102659353465717336 bcsId: 0} | ret=SUCCESS |  
2019-08-22 07:03:39,837 | INFO  | DNAudit | user=null | ip=null | op=WRITE_CHUNK {blockData=conID: 1 locID: 102659353465717336 bcsId: 0} | ret=SUCCESS |  
2019-08-22 07:03:39,838 | INFO  | DNAudit | user=null | ip=null | op=WRITE_CHUNK {blockData=conID: 1 locID: 102659353465717336 bcsId: 0} | ret=SUCCESS |  
2019-08-22 07:03:39,839 | INFO  | DNAudit | user=null | ip=null | op=WRITE_CHUNK {blockData=conID: 1 locID: 102659353465717336 bcsId: 0} | ret=SUCCESS |  
2019-08-22 07:03:39,841 | INFO  | DNAudit | user=null | ip=null | op=WRITE_CHUNK {blockData=conID: 1 locID: 102659353465717336 bcsId: 0} | ret=SUCCESS |  
2019-08-22 07:03:39,841 | INFO  | DNAudit | user=null | ip=null | op=WRITE_CHUNK {blockData=conID: 1 locID: 102659353465717336 bcsId: 0} | ret=SUCCESS |  
2019-08-22 07:03:39,848 | INFO  | DNAudit | user=null | ip=null | op=WRITE_CHUNK {blockData=conID: 1 locID: 102659353465717336 bcsId: 0} | ret=SUCCESS |  
2019-08-22 07:03:39,848 | INFO  | DNAudit | user=null | ip=null | op=PUT_BLOCK {blockData=[blockId=conID: 1 locID: 102659353465717336 bcsId: 0,size=1048576]} | ret=SUCCESS |  
2019-08-22 07:03:39,848 [grpc-default-executor-1] INFO  client.GrpcClientProtocolClient (GrpcClientProtocolClient.java:onNext(255)) - client-CF63D631FA17->3cf1264f-5f6b-4138-aeee-2ff7d4522ead: receive RaftClientReply:client-CF63D631FA17->3cf1264f-5f6b-4138-aeee-2ff7d4522ead@group-561E16522154, cid=2554, SUCCESS, logIndex=3814, commits[3cf1264f-5f6b-4138-aeee-2ff7d4522ead:c3815, 4f0d1a15-8f14-4d9a-ad4f-8211e1245b5d:c3813, 6999f20e-c3f7-4db4-87ca-141c476f2a88:c3813]
2019-08-22 07:03:39,849 | INFO  | DNAudit | user=null | ip=null | op=WRITE_CHUNK {blockData=conID: 1 locID: 102659353465717336 bcsId: 0} | ret=SUCCESS |  
2019-08-22 07:03:39,849 [grpc-default-executor-1] INFO  client.GrpcClientProtocolClient (GrpcClientProtocolClient.java:onNext(255)) - client-CF63D631FA17->3cf1264f-5f6b-4138-aeee-2ff7d4522ead: receive RaftClientReply:client-CF63D631FA17->3cf1264f-5f6b-4138-aeee-2ff7d4522ead@group-561E16522154, cid=2555, SUCCESS, logIndex=3815, commits[3cf1264f-5f6b-4138-aeee-2ff7d4522ead:c3815, 4f0d1a15-8f14-4d9a-ad4f-8211e1245b5d:c3813, 6999f20e-c3f7-4db4-87ca-141c476f2a88:c3813]
2019-08-22 07:03:39,849 | INFO  | DNAudit | user=null | ip=null | op=PUT_BLOCK {blockData=[blockId=conID: 1 locID: 102659353465717336 bcsId: 0,size=2097152]} | ret=SUCCESS |  
2019-08-22 07:03:39,849 [grpc-default-executor-0] INFO  client.GrpcClientProtocolClient (GrpcClientProtocolClient.java:onNext(255)) - client-CF63D631FA17->3cf1264f-5f6b-4138-aeee-2ff7d4522ead: receive RaftClientReply:client-CF63D631FA17->3cf1264f-5f6b-4138-aeee-2ff7d4522ead@group-561E16522154, cid=2556, SUCCESS, logIndex=3816, commits[3cf1264f-5f6b-4138-aeee-2ff7d4522ead:c3817, 4f0d1a15-8f14-4d9a-ad4f-8211e1245b5d:c3813, 6999f20e-c3f7-4db4-87ca-141c476f2a88:c3813]
2019-08-22 07:03:39,849 [grpc-default-executor-0] INFO  client.GrpcClientProtocolClient (GrpcClientProtocolClient.java:onNext(255)) - client-CF63D631FA17->3cf1264f-5f6b-4138-aeee-2ff7d4522ead: receive RaftClientReply:client-CF63D631FA17->3cf1264f-5f6b-4138-aeee-2ff7d4522ead@group-561E16522154, cid=2557, SUCCESS, logIndex=3817, commits[3cf1264f-5f6b-4138-aeee-2ff7d4522ead:c3817, 4f0d1a15-8f14-4d9a-ad4f-8211e1245b5d:c3813, 6999f20e-c3f7-4db4-87ca-141c476f2a88:c3813]
2019-08-22 07:03:39,862 | INFO  | DNAudit | user=null | ip=null | op=WRITE_CHUNK {blockData=conID: 1 locID: 102659353465717336 bcsId: 0} | ret=SUCCESS |  
2019-08-22 07:03:39,862 | INFO  | DNAudit | user=null | ip=null | op=WRITE_CHUNK {blockData=conID: 1 locID: 102659353465717336 bcsId: 0} | ret=SUCCESS |  
2019-08-22 07:03:39,862 | INFO  | DNAudit | user=null | ip=null | op=PUT_BLOCK {blockData=[blockId=conID: 1 locID: 102659353465717336 bcsId: 0,size=1048576]} | ret=SUCCESS |  
2019-08-22 07:03:39,862 | INFO  | DNAudit | user=null | ip=null | op=PUT_BLOCK {blockData=[blockId=conID: 1 locID: 102659353465717336 bcsId: 0,size=1048576]} | ret=SUCCESS |  
2019-08-22 07:03:39,863 | INFO  | DNAudit | user=null | ip=null | op=WRITE_CHUNK {blockData=conID: 1 locID: 102659353465717336 bcsId: 0} | ret=SUCCESS |  
2019-08-22 07:03:39,863 | INFO  | DNAudit | user=null | ip=null | op=PUT_BLOCK {blockData=[blockId=conID: 1 locID: 102659353465717336 bcsId: 0,size=2097152]} | ret=SUCCESS |  
2019-08-22 07:03:39,863 | INFO  | DNAudit | user=null | ip=null | op=WRITE_CHUNK {blockData=conID: 1 locID: 102659353465717336 bcsId: 0} | ret=SUCCESS |  
2019-08-22 07:03:39,863 [grpc-default-executor-0] INFO  client.GrpcClientProtocolClient (GrpcClientProtocolClient.java:onNext(255)) - client-CF63D631FA17->3cf1264f-5f6b-4138-aeee-2ff7d4522ead: receive RaftClientReply:client-CF63D631FA17->3cf1264f-5f6b-4138-aeee-2ff7d4522ead@group-561E16522154, cid=2558, SUCCESS, logIndex=0, commits[3cf1264f-5f6b-4138-aeee-2ff7d4522ead:c3819, 4f0d1a15-8f14-4d9a-ad4f-8211e1245b5d:c3815, 6999f20e-c3f7-4db4-87ca-141c476f2a88:c3815]
2019-08-22 07:03:39,863 | INFO  | DNAudit | user=null | ip=null | op=PUT_BLOCK {blockData=[blockId=conID: 1 locID: 102659353465717336 bcsId: 0,size=2097152]} | ret=SUCCESS |  
2019-08-22 07:03:39,868 | INFO  | DNAudit | user=null | ip=null | op=WRITE_CHUNK {blockData=conID: 1 locID: 102659353465717336 bcsId: 3817} | ret=SUCCESS |  
2019-08-22 07:03:39,871 | INFO  | DNAudit | user=null | ip=null | op=WRITE_CHUNK {blockData=conID: 1 locID: 102659353465717336 bcsId: 3817} | ret=SUCCESS |  
2019-08-22 07:03:39,872 | INFO  | DNAudit | user=null | ip=null | op=WRITE_CHUNK {blockData=conID: 1 locID: 102659353465717336 bcsId: 3817} | ret=SUCCESS |  
2019-08-22 07:03:39,880 | INFO  | DNAudit | user=null | ip=null | op=WRITE_CHUNK {blockData=conID: 1 locID: 102659353465717336 bcsId: 3817} | ret=SUCCESS |  
2019-08-22 07:03:39,881 | INFO  | DNAudit | user=null | ip=null | op=PUT_BLOCK {blockData=[blockId=conID: 1 locID: 102659353465717336 bcsId: 0,size=3145728]} | ret=SUCCESS |  
2019-08-22 07:03:39,881 [grpc-default-executor-0] INFO  client.GrpcClientProtocolClient (GrpcClientProtocolClient.java:onNext(255)) - client-CF63D631FA17->3cf1264f-5f6b-4138-aeee-2ff7d4522ead: receive RaftClientReply:client-CF63D631FA17->3cf1264f-5f6b-4138-aeee-2ff7d4522ead@group-561E16522154, cid=2559, SUCCESS, logIndex=3822, commits[3cf1264f-5f6b-4138-aeee-2ff7d4522ead:c3823, 4f0d1a15-8f14-4d9a-ad4f-8211e1245b5d:c3821, 6999f20e-c3f7-4db4-87ca-141c476f2a88:c3817]
2019-08-22 07:03:39,881 [grpc-default-executor-0] INFO  client.GrpcClientProtocolClient (GrpcClientProtocolClient.java:onNext(255)) - client-CF63D631FA17->3cf1264f-5f6b-4138-aeee-2ff7d4522ead: receive RaftClientReply:client-CF63D631FA17->3cf1264f-5f6b-4138-aeee-2ff7d4522ead@group-561E16522154, cid=2560, SUCCESS, logIndex=3823, commits[3cf1264f-5f6b-4138-aeee-2ff7d4522ead:c3823, 4f0d1a15-8f14-4d9a-ad4f-8211e1245b5d:c3821, 6999f20e-c3f7-4db4-87ca-141c476f2a88:c3821]
2019-08-22 07:03:39,884 | INFO  | DNAudit | user=null | ip=null | op=WRITE_CHUNK {blockData=conID: 1 locID: 102659353465717336 bcsId: 3817} | ret=SUCCESS |  
2019-08-22 07:03:39,884 | INFO  | DNAudit | user=null | ip=null | op=WRITE_CHUNK {blockData=conID: 1 locID: 102659353465717336 bcsId: 3817} | ret=SUCCESS |  
2019-08-22 07:03:39,887 | INFO  | DNAudit | user=null | ip=null | op=WRITE_CHUNK {blockData=conID: 1 locID: 102659353465717336 bcsId: 3823} | ret=SUCCESS |  
2019-08-22 07:03:39,888 | INFO  | DNAudit | user=null | ip=null | op=PUT_BLOCK {blockData=[blockId=conID: 1 locID: 102659353465717336 bcsId: 0,size=3145728]} | ret=SUCCESS |  
2019-08-22 07:03:39,888 | INFO  | DNAudit | user=null | ip=null | op=PUT_BLOCK {blockData=[blockId=conID: 1 locID: 102659353465717336 bcsId: 0,size=3145728]} | ret=SUCCESS |  
2019-08-22 07:03:39,889 | INFO  | DNAudit | user=null | ip=null | op=WRITE_CHUNK {blockData=conID: 1 locID: 102659353465717336 bcsId: 3823} | ret=SUCCESS |  
2019-08-22 07:03:39,889 | INFO  | DNAudit | user=null | ip=null | op=WRITE_CHUNK {blockData=conID: 1 locID: 102659353465717336 bcsId: 3823} | ret=SUCCESS |  
2019-08-22 07:03:39,891 | INFO  | DNAudit | user=null | ip=null | op=WRITE_CHUNK {blockData=conID: 1 locID: 102659353465717336 bcsId: 3823} | ret=SUCCESS |  
2019-08-22 07:03:39,891 | INFO  | DNAudit | user=null | ip=null | op=PUT_BLOCK {blockData=[blockId=conID: 1 locID: 102659353465717336 bcsId: 0,size=4194304]} | ret=SUCCESS |  
2019-08-22 07:03:39,892 [grpc-default-executor-0] INFO  client.GrpcClientProtocolClient (GrpcClientProtocolClient.java:onNext(255)) - client-CF63D631FA17->3cf1264f-5f6b-4138-aeee-2ff7d4522ead: receive RaftClientReply:client-CF63D631FA17->3cf1264f-5f6b-4138-aeee-2ff7d4522ead@group-561E16522154, cid=2561, SUCCESS, logIndex=3826, commits[3cf1264f-5f6b-4138-aeee-2ff7d4522ead:c3827, 4f0d1a15-8f14-4d9a-ad4f-8211e1245b5d:c3824, 6999f20e-c3f7-4db4-87ca-141c476f2a88:c3823]
2019-08-22 07:03:39,892 [grpc-default-executor-0] INFO  client.GrpcClientProtocolClient (GrpcClientProtocolClient.java:onNext(255)) - client-CF63D631FA17->3cf1264f-5f6b-4138-aeee-2ff7d4522ead: receive RaftClientReply:client-CF63D631FA17->3cf1264f-5f6b-4138-aeee-2ff7d4522ead@group-561E16522154, cid=2562, SUCCESS, logIndex=3827, commits[3cf1264f-5f6b-4138-aeee-2ff7d4522ead:c3827, 4f0d1a15-8f14-4d9a-ad4f-8211e1245b5d:c3824, 6999f20e-c3f7-4db4-87ca-141c476f2a88:c3824]
2019-08-22 07:03:39,893 | INFO  | DNAudit | user=null | ip=null | op=WRITE_CHUNK {blockData=conID: 1 locID: 102659353465717336 bcsId: 3823} | ret=SUCCESS |  
2019-08-22 07:03:39,893 | INFO  | DNAudit | user=null | ip=null | op=WRITE_CHUNK {blockData=conID: 1 locID: 102659353465717336 bcsId: 3823} | ret=SUCCESS |  
2019-08-22 07:03:39,893 | INFO  | DNAudit | user=null | ip=null | op=PUT_BLOCK {blockData=[blockId=conID: 1 locID: 102659353465717336 bcsId: 0,size=4194304]} | ret=SUCCESS |  
2019-08-22 07:03:39,893 | INFO  | DNAudit | user=null | ip=null | op=PUT_BLOCK {blockData=[blockId=conID: 1 locID: 102659353465717336 bcsId: 0,size=4194304]} | ret=SUCCESS |  
2019-08-22 07:03:39,893 [grpc-default-executor-0] INFO  client.GrpcClientProtocolClient (GrpcClientProtocolClient.java:onNext(255)) - client-CF63D631FA17->3cf1264f-5f6b-4138-aeee-2ff7d4522ead: receive RaftClientReply:client-CF63D631FA17->3cf1264f-5f6b-4138-aeee-2ff7d4522ead@group-561E16522154, cid=2563, SUCCESS, logIndex=0, commits[3cf1264f-5f6b-4138-aeee-2ff7d4522ead:c3828, 4f0d1a15-8f14-4d9a-ad4f-8211e1245b5d:c3827, 6999f20e-c3f7-4db4-87ca-141c476f2a88:c3827]
2019-08-22 07:03:39,899 | INFO  | SCMAudit | user=jenkins1000 | ip=192.168.34.31 | op=SEND_HEARTBEAT {datanodeUUID=6ab6b5dd-7582-43bd-ad39-1af51ca14a47, command=[]} | ret=SUCCESS |  
2019-08-22 07:03:39,900 | INFO  | SCMAudit | user=jenkins1000 | ip=192.168.34.31 | op=ALLOCATE_BLOCK {owner=04b6d46a-98e2-41b1-9f38-1870289993ea, size=4194304, type=RATIS, factor=THREE} | ret=SUCCESS |  
2019-08-22 07:03:39,901 | INFO  | SCMAudit | user=jenkins1000 | ip=192.168.34.31 | op=SEND_HEARTBEAT {datanodeUUID=f789f48f-f3d7-45ec-9bba-6a89e2bdcc9c, command=[]} | ret=SUCCESS |  
2019-08-22 07:03:39,903 | INFO  | OMAudit | user=jenkins1000 | ip=127.0.0.1 | op=ALLOCATE_BLOCK {volume=vol-0-14906, bucket=bucket-0-53153, key=key-0-33222, dataSize=0, replicationType=null, replicationFactor=null, keyLocationInfo=null, clientID=102659352017764754} | ret=SUCCESS |  
 0.00% |█                                                                                                    |  0/1 Time: 0:00:222019-08-22 07:03:39,909 | INFO  | DNAudit | user=null | ip=null | op=WRITE_CHUNK {blockData=conID: 2 locID: 102659353470567001 bcsId: 0} | ret=SUCCESS |  
2019-08-22 07:03:39,911 | INFO  | DNAudit | user=null | ip=null | op=WRITE_CHUNK {blockData=conID: 2 locID: 102659353470567001 bcsId: 0} | ret=SUCCESS |  
2019-08-22 07:03:39,912 | INFO  | DNAudit | user=null | ip=null | op=WRITE_CHUNK {blockData=conID: 2 locID: 102659353470567001 bcsId: 0} | ret=SUCCESS |  
2019-08-22 07:03:39,912 | INFO  | DNAudit | user=null | ip=null | op=WRITE_CHUNK {blockData=conID: 2 locID: 102659353470567001 bcsId: 0} | ret=SUCCESS |  
2019-08-22 07:03:39,913 | INFO  | DNAudit | user=null | ip=null | op=WRITE_CHUNK {blockData=conID: 2 locID: 102659353470567001 bcsId: 0} | ret=SUCCESS |  
2019-08-22 07:03:39,913 | INFO  | DNAudit | user=null | ip=null | op=WRITE_CHUNK {blockData=conID: 2 locID: 102659353470567001 bcsId: 0} | ret=SUCCESS |  
2019-08-22 07:03:39,924 | INFO  | DNAudit | user=null | ip=null | op=WRITE_CHUNK {blockData=conID: 2 locID: 102659353470567001 bcsId: 0} | ret=SUCCESS |  
2019-08-22 07:03:39,924 | INFO  | DNAudit | user=null | ip=null | op=PUT_BLOCK {blockData=[blockId=conID: 2 locID: 102659353470567001 bcsId: 0,size=1048576]} | ret=SUCCESS |  
2019-08-22 07:03:39,924 [grpc-default-executor-3] INFO  client.GrpcClientProtocolClient (GrpcClientProtocolClient.java:onNext(255)) - client-CF63D631FA17->3cf1264f-5f6b-4138-aeee-2ff7d4522ead: receive RaftClientReply:client-CF63D631FA17->3cf1264f-5f6b-4138-aeee-2ff7d4522ead@group-561E16522154, cid=2564, SUCCESS, logIndex=3830, commits[3cf1264f-5f6b-4138-aeee-2ff7d4522ead:c3832, 4f0d1a15-8f14-4d9a-ad4f-8211e1245b5d:c3829, 6999f20e-c3f7-4db4-87ca-141c476f2a88:c3829]
2019-08-22 07:03:39,925 | INFO  | SCMAudit | user=jenkins1000 | ip=192.168.34.31 | op=SEND_HEARTBEAT {datanodeUUID=4f0d1a15-8f14-4d9a-ad4f-8211e1245b5d, command=[]} | ret=SUCCESS |  
2019-08-22 07:03:39,925 | INFO  | DNAudit | user=null | ip=null | op=WRITE_CHUNK {blockData=conID: 2 locID: 102659353470567001 bcsId: 0} | ret=SUCCESS |  
2019-08-22 07:03:39,925 [grpc-default-executor-3] INFO  client.GrpcClientProtocolClient (GrpcClientProtocolClient.java:onNext(255)) - client-CF63D631FA17->3cf1264f-5f6b-4138-aeee-2ff7d4522ead: receive RaftClientReply:client-CF63D631FA17->3cf1264f-5f6b-4138-aeee-2ff7d4522ead@group-561E16522154, cid=2565, SUCCESS, logIndex=3831, commits[3cf1264f-5f6b-4138-aeee-2ff7d4522ead:c3833, 4f0d1a15-8f14-4d9a-ad4f-8211e1245b5d:c3829, 6999f20e-c3f7-4db4-87ca-141c476f2a88:c3829]
2019-08-22 07:03:39,925 | INFO  | DNAudit | user=null | ip=null | op=PUT_BLOCK {blockData=[blockId=conID: 2 locID: 102659353470567001 bcsId: 0,size=2097152]} | ret=SUCCESS |  
2019-08-22 07:03:39,925 | INFO  | SCMAudit | user=jenkins1000 | ip=192.168.34.31 | op=SEND_HEARTBEAT {datanodeUUID=6999f20e-c3f7-4db4-87ca-141c476f2a88, command=[]} | ret=SUCCESS |  
2019-08-22 07:03:39,925 [grpc-default-executor-3] INFO  client.GrpcClientProtocolClient (GrpcClientProtocolClient.java:onNext(255)) - client-CF63D631FA17->3cf1264f-5f6b-4138-aeee-2ff7d4522ead: receive RaftClientReply:client-CF63D631FA17->3cf1264f-5f6b-4138-aeee-2ff7d4522ead@group-561E16522154, cid=2566, SUCCESS, logIndex=3832, commits[3cf1264f-5f6b-4138-aeee-2ff7d4522ead:c3833, 4f0d1a15-8f14-4d9a-ad4f-8211e1245b5d:c3829, 6999f20e-c3f7-4db4-87ca-141c476f2a88:c3829]
2019-08-22 07:03:39,925 | INFO  | SCMAudit | user=jenkins1000 | ip=192.168.34.31 | op=SEND_HEARTBEAT {datanodeUUID=3cf1264f-5f6b-4138-aeee-2ff7d4522ead, command=[]} | ret=SUCCESS |  
2019-08-22 07:03:39,926 [grpc-default-executor-3] INFO  client.GrpcClientProtocolClient (GrpcClientProtocolClient.java:onNext(255)) - client-CF63D631FA17->3cf1264f-5f6b-4138-aeee-2ff7d4522ead: receive RaftClientReply:client-CF63D631FA17->3cf1264f-5f6b-4138-aeee-2ff7d4522ead@group-561E16522154, cid=2567, SUCCESS, logIndex=3833, commits[3cf1264f-5f6b-4138-aeee-2ff7d4522ead:c3833, 4f0d1a15-8f14-4d9a-ad4f-8211e1245b5d:c3829, 6999f20e-c3f7-4db4-87ca-141c476f2a88:c3829]
2019-08-22 07:03:39,926 | INFO  | DNAudit | user=null | ip=null | op=WRITE_CHUNK {blockData=conID: 2 locID: 102659353470567001 bcsId: 0} | ret=SUCCESS |  
2019-08-22 07:03:39,926 | INFO  | DNAudit | user=null | ip=null | op=WRITE_CHUNK {blockData=conID: 2 locID: 102659353470567001 bcsId: 0} | ret=SUCCESS |  
2019-08-22 07:03:39,926 | INFO  | DNAudit | user=null | ip=null | op=PUT_BLOCK {blockData=[blockId=conID: 2 locID: 102659353470567001 bcsId: 0,size=1048576]} | ret=SUCCESS |  
2019-08-22 07:03:39,926 | INFO  | DNAudit | user=null | ip=null | op=PUT_BLOCK {blockData=[blockId=conID: 2 locID: 102659353470567001 bcsId: 0,size=1048576]} | ret=SUCCESS |  
2019-08-22 07:03:39,927 [grpc-default-executor-0] INFO  client.GrpcClientProtocolClient (GrpcClientProtocolClient.java:onNext(255)) - client-CF63D631FA17->3cf1264f-5f6b-4138-aeee-2ff7d4522ead: receive RaftClientReply:client-CF63D631FA17->3cf1264f-5f6b-4138-aeee-2ff7d4522ead@group-561E16522154, cid=2568, SUCCESS, logIndex=0, commits[3cf1264f-5f6b-4138-aeee-2ff7d4522ead:c3834, 4f0d1a15-8f14-4d9a-ad4f-8211e1245b5d:c3831, 6999f20e-c3f7-4db4-87ca-141c476f2a88:c3831]
2019-08-22 07:03:39,932 | INFO  | DNAudit | user=null | ip=null | op=WRITE_CHUNK {blockData=conID: 2 locID: 102659353470567001 bcsId: 3833} | ret=SUCCESS |  
2019-08-22 07:03:39,934 | INFO  | DNAudit | user=null | ip=null | op=WRITE_CHUNK {blockData=conID: 2 locID: 102659353470567001 bcsId: 3833} | ret=SUCCESS |  
2019-08-22 07:03:39,935 | INFO  | DNAudit | user=null | ip=null | op=WRITE_CHUNK {blockData=conID: 2 locID: 102659353470567001 bcsId: 3833} | ret=SUCCESS |  
2019-08-22 07:03:39,937 | INFO  | DNAudit | user=null | ip=null | op=WRITE_CHUNK {blockData=conID: 2 locID: 102659353470567001 bcsId: 0} | ret=SUCCESS |  
2019-08-22 07:03:39,937 | INFO  | DNAudit | user=null | ip=null | op=WRITE_CHUNK {blockData=conID: 2 locID: 102659353470567001 bcsId: 0} | ret=SUCCESS |  
2019-08-22 07:03:39,937 | INFO  | DNAudit | user=null | ip=null | op=PUT_BLOCK {blockData=[blockId=conID: 2 locID: 102659353470567001 bcsId: 0,size=2097152]} | ret=SUCCESS |  
2019-08-22 07:03:39,937 | INFO  | DNAudit | user=null | ip=null | op=PUT_BLOCK {blockData=[blockId=conID: 2 locID: 102659353470567001 bcsId: 0,size=2097152]} | ret=SUCCESS |  
2019-08-22 07:03:39,939 | INFO  | DNAudit | user=null | ip=null | op=WRITE_CHUNK {blockData=conID: 2 locID: 102659353470567001 bcsId: 3833} | ret=SUCCESS |  
2019-08-22 07:03:39,939 | INFO  | DNAudit | user=null | ip=null | op=PUT_BLOCK {blockData=[blockId=conID: 2 locID: 102659353470567001 bcsId: 0,size=3145728]} | ret=SUCCESS |  
2019-08-22 07:03:39,939 [grpc-default-executor-5] INFO  client.GrpcClientProtocolClient (GrpcClientProtocolClient.java:onNext(255)) - client-CF63D631FA17->3cf1264f-5f6b-4138-aeee-2ff7d4522ead: receive RaftClientReply:client-CF63D631FA17->3cf1264f-5f6b-4138-aeee-2ff7d4522ead@group-561E16522154, cid=2569, SUCCESS, logIndex=3838, commits[3cf1264f-5f6b-4138-aeee-2ff7d4522ead:c3839, 4f0d1a15-8f14-4d9a-ad4f-8211e1245b5d:c3833, 6999f20e-c3f7-4db4-87ca-141c476f2a88:c3834]
2019-08-22 07:03:39,939 [grpc-default-executor-5] INFO  client.GrpcClientProtocolClient (GrpcClientProtocolClient.java:onNext(255)) - client-CF63D631FA17->3cf1264f-5f6b-4138-aeee-2ff7d4522ead: receive RaftClientReply:client-CF63D631FA17->3cf1264f-5f6b-4138-aeee-2ff7d4522ead@group-561E16522154, cid=2570, SUCCESS, logIndex=3839, commits[3cf1264f-5f6b-4138-aeee-2ff7d4522ead:c3839, 4f0d1a15-8f14-4d9a-ad4f-8211e1245b5d:c3834, 6999f20e-c3f7-4db4-87ca-141c476f2a88:c3834]
2019-08-22 07:03:39,940 | INFO  | DNAudit | user=null | ip=null | op=WRITE_CHUNK {blockData=conID: 2 locID: 102659353470567001 bcsId: 3833} | ret=SUCCESS |  
2019-08-22 07:03:39,940 | INFO  | DNAudit | user=null | ip=null | op=WRITE_CHUNK {blockData=conID: 2 locID: 102659353470567001 bcsId: 3833} | ret=SUCCESS |  
2019-08-22 07:03:39,941 | INFO  | DNAudit | user=null | ip=null | op=PUT_BLOCK {blockData=[blockId=conID: 2 locID: 102659353470567001 bcsId: 0,size=3145728]} | ret=SUCCESS |  
2019-08-22 07:03:39,941 | INFO  | DNAudit | user=null | ip=null | op=PUT_BLOCK {blockData=[blockId=conID: 2 locID: 102659353470567001 bcsId: 0,size=3145728]} | ret=SUCCESS |  
2019-08-22 07:03:39,945 | INFO  | DNAudit | user=null | ip=null | op=WRITE_CHUNK {blockData=conID: 2 locID: 102659353470567001 bcsId: 3839} | ret=SUCCESS |  
2019-08-22 07:03:39,947 | INFO  | DNAudit | user=null | ip=null | op=WRITE_CHUNK {blockData=conID: 2 locID: 102659353470567001 bcsId: 3839} | ret=SUCCESS |  
2019-08-22 07:03:39,947 | INFO  | DNAudit | user=null | ip=null | op=WRITE_CHUNK {blockData=conID: 2 locID: 102659353470567001 bcsId: 3839} | ret=SUCCESS |  
2019-08-22 07:03:39,959 | INFO  | DNAudit | user=null | ip=null | op=WRITE_CHUNK {blockData=conID: 2 locID: 102659353470567001 bcsId: 3839} | ret=SUCCESS |  
2019-08-22 07:03:39,959 | INFO  | DNAudit | user=null | ip=null | op=PUT_BLOCK {blockData=[blockId=conID: 2 locID: 102659353470567001 bcsId: 0,size=4194304]} | ret=SUCCESS |  
2019-08-22 07:03:39,960 [grpc-default-executor-5] INFO  client.GrpcClientProtocolClient (GrpcClientProtocolClient.java:onNext(255)) - client-CF63D631FA17->3cf1264f-5f6b-4138-aeee-2ff7d4522ead: receive RaftClientReply:client-CF63D631FA17->3cf1264f-5f6b-4138-aeee-2ff7d4522ead@group-561E16522154, cid=2571, SUCCESS, logIndex=3842, commits[3cf1264f-5f6b-4138-aeee-2ff7d4522ead:c3843, 4f0d1a15-8f14-4d9a-ad4f-8211e1245b5d:c3839, 6999f20e-c3f7-4db4-87ca-141c476f2a88:c3841]
2019-08-22 07:03:39,960 [grpc-default-executor-5] INFO  client.GrpcClientProtocolClient (GrpcClientProtocolClient.java:onNext(255)) - client-CF63D631FA17->3cf1264f-5f6b-4138-aeee-2ff7d4522ead: receive RaftClientReply:client-CF63D631FA17->3cf1264f-5f6b-4138-aeee-2ff7d4522ead@group-561E16522154, cid=2572, SUCCESS, logIndex=3843, commits[3cf1264f-5f6b-4138-aeee-2ff7d4522ead:c3843, 4f0d1a15-8f14-4d9a-ad4f-8211e1245b5d:c3841, 6999f20e-c3f7-4db4-87ca-141c476f2a88:c3841]
2019-08-22 07:03:39,960 | INFO  | DNAudit | user=null | ip=null | op=WRITE_CHUNK {blockData=conID: 2 locID: 102659353470567001 bcsId: 3839} | ret=SUCCESS |  
2019-08-22 07:03:39,960 | INFO  | DNAudit | user=null | ip=null | op=PUT_BLOCK {blockData=[blockId=conID: 2 locID: 102659353470567001 bcsId: 0,size=4194304]} | ret=SUCCESS |  
2019-08-22 07:03:39,961 | INFO  | DNAudit | user=null | ip=null | op=WRITE_CHUNK {blockData=conID: 2 locID: 102659353470567001 bcsId: 3839} | ret=SUCCESS |  
2019-08-22 07:03:39,961 | INFO  | DNAudit | user=null | ip=null | op=PUT_BLOCK {blockData=[blockId=conID: 2 locID: 102659353470567001 bcsId: 0,size=4194304]} | ret=SUCCESS |  
2019-08-22 07:03:39,961 [grpc-default-executor-5] INFO  client.GrpcClientProtocolClient (GrpcClientProtocolClient.java:onNext(255)) - client-CF63D631FA17->3cf1264f-5f6b-4138-aeee-2ff7d4522ead: receive RaftClientReply:client-CF63D631FA17->3cf1264f-5f6b-4138-aeee-2ff7d4522ead@group-561E16522154, cid=2573, SUCCESS, logIndex=0, commits[3cf1264f-5f6b-4138-aeee-2ff7d4522ead:c3844, 4f0d1a15-8f14-4d9a-ad4f-8211e1245b5d:c3843, 6999f20e-c3f7-4db4-87ca-141c476f2a88:c3843]
2019-08-22 07:03:39,965 | INFO  | SCMAudit | user=jenkins1000 | ip=192.168.34.31 | op=ALLOCATE_BLOCK {owner=04b6d46a-98e2-41b1-9f38-1870289993ea, size=4194304, type=RATIS, factor=THREE} | ret=SUCCESS |  
2019-08-22 07:03:39,968 | INFO  | OMAudit | user=jenkins1000 | ip=127.0.0.1 | op=ALLOCATE_BLOCK {volume=vol-0-14906, bucket=bucket-0-53153, key=key-0-33222, dataSize=0, replicationType=null, replicationFactor=null, keyLocationInfo=null, clientID=102659352017764754} | ret=SUCCESS |  
2019-08-22 07:03:39,973 | INFO  | DNAudit | user=null | ip=null | op=WRITE_CHUNK {blockData=conID: 3 locID: 102659353474826842 bcsId: 0} | ret=SUCCESS |  
2019-08-22 07:03:39,976 | INFO  | DNAudit | user=null | ip=null | op=WRITE_CHUNK {blockData=conID: 3 locID: 102659353474826842 bcsId: 0} | ret=SUCCESS |  
2019-08-22 07:03:39,976 | INFO  | DNAudit | user=null | ip=null | op=WRITE_CHUNK {blockData=conID: 3 locID: 102659353474826842 bcsId: 0} | ret=SUCCESS |  
2019-08-22 07:03:39,976 | INFO  | DNAudit | user=null | ip=null | op=WRITE_CHUNK {blockData=conID: 3 locID: 102659353474826842 bcsId: 0} | ret=SUCCESS |  
2019-08-22 07:03:39,977 | INFO  | DNAudit | user=null | ip=null | op=WRITE_CHUNK {blockData=conID: 3 locID: 102659353474826842 bcsId: 0} | ret=SUCCESS |  
2019-08-22 07:03:39,977 | INFO  | DNAudit | user=null | ip=null | op=WRITE_CHUNK {blockData=conID: 3 locID: 102659353474826842 bcsId: 0} | ret=SUCCESS |  
2019-08-22 07:03:39,986 | INFO  | DNAudit | user=null | ip=null | op=WRITE_CHUNK {blockData=conID: 3 locID: 102659353474826842 bcsId: 0} | ret=SUCCESS |  
2019-08-22 07:03:39,986 | INFO  | DNAudit | user=null | ip=null | op=PUT_BLOCK {blockData=[blockId=conID: 3 locID: 102659353474826842 bcsId: 0,size=1048576]} | ret=SUCCESS |  
2019-08-22 07:03:39,987 | INFO  | DNAudit | user=null | ip=null | op=WRITE_CHUNK {blockData=conID: 3 locID: 102659353474826842 bcsId: 0} | ret=SUCCESS |  
2019-08-22 07:03:39,986 [grpc-default-executor-1] INFO  client.GrpcClientProtocolClient (GrpcClientProtocolClient.java:onNext(255)) - client-CF63D631FA17->3cf1264f-5f6b-4138-aeee-2ff7d4522ead: receive RaftClientReply:client-CF63D631FA17->3cf1264f-5f6b-4138-aeee-2ff7d4522ead@group-561E16522154, cid=2574, SUCCESS, logIndex=3846, commits[3cf1264f-5f6b-4138-aeee-2ff7d4522ead:c3847, 4f0d1a15-8f14-4d9a-ad4f-8211e1245b5d:c3845, 6999f20e-c3f7-4db4-87ca-141c476f2a88:c3845]
2019-08-22 07:03:39,987 | INFO  | DNAudit | user=null | ip=null | op=PUT_BLOCK {blockData=[blockId=conID: 3 locID: 102659353474826842 bcsId: 0,size=2097152]} | ret=SUCCESS |  
2019-08-22 07:03:39,987 [grpc-default-executor-1] INFO  client.GrpcClientProtocolClient (GrpcClientProtocolClient.java:onNext(255)) - client-CF63D631FA17->3cf1264f-5f6b-4138-aeee-2ff7d4522ead: receive RaftClientReply:client-CF63D631FA17->3cf1264f-5f6b-4138-aeee-2ff7d4522ead@group-561E16522154, cid=2575, SUCCESS, logIndex=3847, commits[3cf1264f-5f6b-4138-aeee-2ff7d4522ead:c3849, 4f0d1a15-8f14-4d9a-ad4f-8211e1245b5d:c3845, 6999f20e-c3f7-4db4-87ca-141c476f2a88:c3845]
2019-08-22 07:03:40,138 [grpc-default-executor-1] INFO  client.GrpcClientProtocolClient (GrpcClientProtocolClient.java:onNext(255)) - client-CF63D631FA17->3cf1264f-5f6b-4138-aeee-2ff7d4522ead: receive RaftClientReply:client-CF63D631FA17->3cf1264f-5f6b-4138-aeee-2ff7d4522ead@group-561E16522154, cid=2576, SUCCESS, logIndex=3848, commits[3cf1264f-5f6b-4138-aeee-2ff7d4522ead:c3849, 4f0d1a15-8f14-4d9a-ad4f-8211e1245b5d:c3845, 6999f20e-c3f7-4db4-87ca-141c476f2a88:c3845]
2019-08-22 07:03:40,138 [grpc-default-executor-1] INFO  client.GrpcClientProtocolClient (GrpcClientProtocolClient.java:onNext(255)) - client-CF63D631FA17->3cf1264f-5f6b-4138-aeee-2ff7d4522ead: receive RaftClientReply:client-CF63D631FA17->3cf1264f-5f6b-4138-aeee-2ff7d4522ead@group-561E16522154, cid=2577, SUCCESS, logIndex=3849, commits[3cf1264f-5f6b-4138-aeee-2ff7d4522ead:c3849, 4f0d1a15-8f14-4d9a-ad4f-8211e1245b5d:c3845, 6999f20e-c3f7-4db4-87ca-141c476f2a88:c3845]
2019-08-22 07:03:40,139 | INFO  | DNAudit | user=null | ip=null | op=WRITE_CHUNK {blockData=conID: 3 locID: 102659353474826842 bcsId: 0} | ret=SUCCESS |  
2019-08-22 07:03:40,139 | INFO  | DNAudit | user=null | ip=null | op=WRITE_CHUNK {blockData=conID: 3 locID: 102659353474826842 bcsId: 0} | ret=SUCCESS |  
2019-08-22 07:03:40,140 | INFO  | DNAudit | user=null | ip=null | op=PUT_BLOCK {blockData=[blockId=conID: 3 locID: 102659353474826842 bcsId: 0,size=1048576]} | ret=SUCCESS |  
2019-08-22 07:03:40,140 | INFO  | DNAudit | user=null | ip=null | op=PUT_BLOCK {blockData=[blockId=conID: 3 locID: 102659353474826842 bcsId: 0,size=1048576]} | ret=SUCCESS |  
2019-08-22 07:03:40,140 [grpc-default-executor-3] INFO  client.GrpcClientProtocolClient (GrpcClientProtocolClient.java:onNext(255)) - client-CF63D631FA17->3cf1264f-5f6b-4138-aeee-2ff7d4522ead: receive RaftClientReply:client-CF63D631FA17->3cf1264f-5f6b-4138-aeee-2ff7d4522ead@group-561E16522154, cid=2578, SUCCESS, logIndex=0, commits[3cf1264f-5f6b-4138-aeee-2ff7d4522ead:c3850, 4f0d1a15-8f14-4d9a-ad4f-8211e1245b5d:c3847, 6999f20e-c3f7-4db4-87ca-141c476f2a88:c3847]
2019-08-22 07:03:40,149 | INFO  | DNAudit | user=null | ip=null | op=WRITE_CHUNK {blockData=conID: 3 locID: 102659353474826842 bcsId: 3849} | ret=SUCCESS |  
2019-08-22 07:03:40,151 | INFO  | DNAudit | user=null | ip=null | op=WRITE_CHUNK {blockData=conID: 3 locID: 102659353474826842 bcsId: 0} | ret=SUCCESS |  
2019-08-22 07:03:40,151 | INFO  | DNAudit | user=null | ip=null | op=PUT_BLOCK {blockData=[blockId=conID: 3 locID: 102659353474826842 bcsId: 0,size=2097152]} | ret=SUCCESS |  
2019-08-22 07:03:40,151 | INFO  | DNAudit | user=null | ip=null | op=WRITE_CHUNK {blockData=conID: 3 locID: 102659353474826842 bcsId: 0} | ret=SUCCESS |  
2019-08-22 07:03:40,151 | INFO  | DNAudit | user=null | ip=null | op=PUT_BLOCK {blockData=[blockId=conID: 3 locID: 102659353474826842 bcsId: 0,size=2097152]} | ret=SUCCESS |  
2019-08-22 07:03:40,153 | INFO  | DNAudit | user=null | ip=null | op=WRITE_CHUNK {blockData=conID: 3 locID: 102659353474826842 bcsId: 3849} | ret=SUCCESS |  
2019-08-22 07:03:40,153 | INFO  | DNAudit | user=null | ip=null | op=WRITE_CHUNK {blockData=conID: 3 locID: 102659353474826842 bcsId: 3849} | ret=SUCCESS |  
2019-08-22 07:03:40,168 | INFO  | DNAudit | user=null | ip=null | op=WRITE_CHUNK {blockData=conID: 3 locID: 102659353474826842 bcsId: 3849} | ret=SUCCESS |  
2019-08-22 07:03:40,169 | INFO  | DNAudit | user=null | ip=null | op=PUT_BLOCK {blockData=[blockId=conID: 3 locID: 102659353474826842 bcsId: 0,size=3145728]} | ret=SUCCESS |  
2019-08-22 07:03:40,169 [grpc-default-executor-1] INFO  client.GrpcClientProtocolClient (GrpcClientProtocolClient.java:onNext(255)) - client-CF63D631FA17->3cf1264f-5f6b-4138-aeee-2ff7d4522ead: receive RaftClientReply:client-CF63D631FA17->3cf1264f-5f6b-4138-aeee-2ff7d4522ead@group-561E16522154, cid=2579, SUCCESS, logIndex=3854, commits[3cf1264f-5f6b-4138-aeee-2ff7d4522ead:c3855, 4f0d1a15-8f14-4d9a-ad4f-8211e1245b5d:c3851, 6999f20e-c3f7-4db4-87ca-141c476f2a88:c3851]
2019-08-22 07:03:40,169 [grpc-default-executor-1] INFO  client.GrpcClientProtocolClient (GrpcClientProtocolClient.java:onNext(255)) - client-CF63D631FA17->3cf1264f-5f6b-4138-aeee-2ff7d4522ead: receive RaftClientReply:client-CF63D631FA17->3cf1264f-5f6b-4138-aeee-2ff7d4522ead@group-561E16522154, cid=2580, SUCCESS, logIndex=3855, commits[3cf1264f-5f6b-4138-aeee-2ff7d4522ead:c3855, 4f0d1a15-8f14-4d9a-ad4f-8211e1245b5d:c3851, 6999f20e-c3f7-4db4-87ca-141c476f2a88:c3851]
2019-08-22 07:03:40,178 | INFO  | DNAudit | user=null | ip=null | op=WRITE_CHUNK {blockData=conID: 3 locID: 102659353474826842 bcsId: 3855} | ret=SUCCESS |  
2019-08-22 07:03:40,180 | INFO  | DNAudit | user=null | ip=null | op=WRITE_CHUNK {blockData=conID: 3 locID: 102659353474826842 bcsId: 3849} | ret=SUCCESS |  
2019-08-22 07:03:40,180 | INFO  | DNAudit | user=null | ip=null | op=WRITE_CHUNK {blockData=conID: 3 locID: 102659353474826842 bcsId: 3849} | ret=SUCCESS |  
2019-08-22 07:03:40,181 | INFO  | DNAudit | user=null | ip=null | op=PUT_BLOCK {blockData=[blockId=conID: 3 locID: 102659353474826842 bcsId: 0,size=3145728]} | ret=SUCCESS |  
2019-08-22 07:03:40,181 | INFO  | DNAudit | user=null | ip=null | op=PUT_BLOCK {blockData=[blockId=conID: 3 locID: 102659353474826842 bcsId: 0,size=3145728]} | ret=SUCCESS |  
2019-08-22 07:03:40,182 | INFO  | DNAudit | user=null | ip=null | op=WRITE_CHUNK {blockData=conID: 3 locID: 102659353474826842 bcsId: 3855} | ret=SUCCESS |  
2019-08-22 07:03:40,182 | INFO  | DNAudit | user=null | ip=null | op=WRITE_CHUNK {blockData=conID: 3 locID: 102659353474826842 bcsId: 3855} | ret=SUCCESS |  
2019-08-22 07:03:40,197 | INFO  | DNAudit | user=null | ip=null | op=WRITE_CHUNK {blockData=conID: 3 locID: 102659353474826842 bcsId: 3855} | ret=SUCCESS |  
2019-08-22 07:03:40,198 | INFO  | DNAudit | user=null | ip=null | op=PUT_BLOCK {blockData=[blockId=conID: 3 locID: 102659353474826842 bcsId: 0,size=4194304]} | ret=SUCCESS |  
2019-08-22 07:03:40,198 [grpc-default-executor-5] INFO  client.GrpcClientProtocolClient (GrpcClientProtocolClient.java:onNext(255)) - client-CF63D631FA17->3cf1264f-5f6b-4138-aeee-2ff7d4522ead: receive RaftClientReply:client-CF63D631FA17->3cf1264f-5f6b-4138-aeee-2ff7d4522ead@group-561E16522154, cid=2581, SUCCESS, logIndex=3858, commits[3cf1264f-5f6b-4138-aeee-2ff7d4522ead:c3859, 4f0d1a15-8f14-4d9a-ad4f-8211e1245b5d:c3855, 6999f20e-c3f7-4db4-87ca-141c476f2a88:c3855]
2019-08-22 07:03:40,199 [grpc-default-executor-5] INFO  client.GrpcClientProtocolClient (GrpcClientProtocolClient.java:onNext(255)) - client-CF63D631FA17->3cf1264f-5f6b-4138-aeee-2ff7d4522ead: receive RaftClientReply:client-CF63D631FA17->3cf1264f-5f6b-4138-aeee-2ff7d4522ead@group-561E16522154, cid=2582, SUCCESS, logIndex=3859, commits[3cf1264f-5f6b-4138-aeee-2ff7d4522ead:c3859, 4f0d1a15-8f14-4d9a-ad4f-8211e1245b5d:c3855, 6999f20e-c3f7-4db4-87ca-141c476f2a88:c3855]
2019-08-22 07:03:40,199 | INFO  | DNAudit | user=null | ip=null | op=WRITE_CHUNK {blockData=conID: 3 locID: 102659353474826842 bcsId: 3855} | ret=SUCCESS |  
2019-08-22 07:03:40,199 | INFO  | DNAudit | user=null | ip=null | op=WRITE_CHUNK {blockData=conID: 3 locID: 102659353474826842 bcsId: 3855} | ret=SUCCESS |  
2019-08-22 07:03:40,200 | INFO  | DNAudit | user=null | ip=null | op=PUT_BLOCK {blockData=[blockId=conID: 3 locID: 102659353474826842 bcsId: 0,size=4194304]} | ret=SUCCESS |  
2019-08-22 07:03:40,201 [grpc-default-executor-1] INFO  client.GrpcClientProtocolClient (GrpcClientProtocolClient.java:onNext(255)) - client-CF63D631FA17->3cf1264f-5f6b-4138-aeee-2ff7d4522ead: receive RaftClientReply:client-CF63D631FA17->3cf1264f-5f6b-4138-aeee-2ff7d4522ead@group-561E16522154, cid=2583, SUCCESS, logIndex=0, commits[3cf1264f-5f6b-4138-aeee-2ff7d4522ead:c3861, 4f0d1a15-8f14-4d9a-ad4f-8211e1245b5d:c3859, 6999f20e-c3f7-4db4-87ca-141c476f2a88:c3859]
2019-08-22 07:03:40,203 | INFO  | DNAudit | user=null | ip=null | op=PUT_BLOCK {blockData=[blockId=conID: 3 locID: 102659353474826842 bcsId: 0,size=4194304]} | ret=SUCCESS |  
2019-08-22 07:03:40,208 | INFO  | SCMAudit | user=jenkins1000 | ip=192.168.34.31 | op=ALLOCATE_BLOCK {owner=04b6d46a-98e2-41b1-9f38-1870289993ea, size=4194304, type=RATIS, factor=THREE} | ret=SUCCESS |  
2019-08-22 07:03:40,212 | INFO  | OMAudit | user=jenkins1000 | ip=127.0.0.1 | op=ALLOCATE_BLOCK {volume=vol-0-14906, bucket=bucket-0-53153, key=key-0-33222, dataSize=0, replicationType=null, replicationFactor=null, keyLocationInfo=null, clientID=102659352017764754} | ret=SUCCESS |  
2019-08-22 07:03:40,220 | INFO  | DNAudit | user=null | ip=null | op=WRITE_CHUNK {blockData=conID: 1 locID: 102659353490752091 bcsId: 0} | ret=SUCCESS |  
2019-08-22 07:03:40,225 | INFO  | DNAudit | user=null | ip=null | op=WRITE_CHUNK {blockData=conID: 1 locID: 102659353490752091 bcsId: 0} | ret=SUCCESS |  
2019-08-22 07:03:40,225 | INFO  | DNAudit | user=null | ip=null | op=WRITE_CHUNK {blockData=conID: 1 locID: 102659353490752091 bcsId: 0} | ret=SUCCESS |  
2019-08-22 07:03:40,225 | INFO  | DNAudit | user=null | ip=null | op=WRITE_CHUNK {blockData=conID: 1 locID: 102659353490752091 bcsId: 0} | ret=SUCCESS |  
2019-08-22 07:03:40,227 | INFO  | DNAudit | user=null | ip=null | op=WRITE_CHUNK {blockData=conID: 1 locID: 102659353490752091 bcsId: 0} | ret=SUCCESS |  
2019-08-22 07:03:40,227 | INFO  | DNAudit | user=null | ip=null | op=WRITE_CHUNK {blockData=conID: 1 locID: 102659353490752091 bcsId: 0} | ret=SUCCESS |  
2019-08-22 07:03:40,233 | INFO  | DNAudit | user=null | ip=null | op=WRITE_CHUNK {blockData=conID: 1 locID: 102659353490752091 bcsId: 0} | ret=SUCCESS |  
2019-08-22 07:03:40,234 | INFO  | DNAudit | user=null | ip=null | op=PUT_BLOCK {blockData=[blockId=conID: 1 locID: 102659353490752091 bcsId: 0,size=1048576]} | ret=SUCCESS |  
2019-08-22 07:03:40,235 | INFO  | DNAudit | user=null | ip=null | op=WRITE_CHUNK {blockData=conID: 1 locID: 102659353490752091 bcsId: 0} | ret=SUCCESS |  
2019-08-22 07:03:40,234 [grpc-default-executor-1] INFO  client.GrpcClientProtocolClient (GrpcClientProtocolClient.java:onNext(255)) - client-CF63D631FA17->3cf1264f-5f6b-4138-aeee-2ff7d4522ead: receive RaftClientReply:client-CF63D631FA17->3cf1264f-5f6b-4138-aeee-2ff7d4522ead@group-561E16522154, cid=2584, SUCCESS, logIndex=3862, commits[3cf1264f-5f6b-4138-aeee-2ff7d4522ead:c3862, 4f0d1a15-8f14-4d9a-ad4f-8211e1245b5d:c3861, 6999f20e-c3f7-4db4-87ca-141c476f2a88:c3861]
2019-08-22 07:03:40,235 | INFO  | DNAudit | user=null | ip=null | op=PUT_BLOCK {blockData=[blockId=conID: 1 locID: 102659353490752091 bcsId: 0,size=2097152]} | ret=SUCCESS |  
2019-08-22 07:03:40,235 | INFO  | DNAudit | user=null | ip=null | op=WRITE_CHUNK {blockData=conID: 1 locID: 102659353490752091 bcsId: 0} | ret=SUCCESS |  
2019-08-22 07:03:40,235 [grpc-default-executor-1] INFO  client.GrpcClientProtocolClient (GrpcClientProtocolClient.java:onNext(255)) - client-CF63D631FA17->3cf1264f-5f6b-4138-aeee-2ff7d4522ead: receive RaftClientReply:client-CF63D631FA17->3cf1264f-5f6b-4138-aeee-2ff7d4522ead@group-561E16522154, cid=2585, SUCCESS, logIndex=3863, commits[3cf1264f-5f6b-4138-aeee-2ff7d4522ead:c3865, 4f0d1a15-8f14-4d9a-ad4f-8211e1245b5d:c3861, 6999f20e-c3f7-4db4-87ca-141c476f2a88:c3861]
2019-08-22 07:03:40,235 [grpc-default-executor-1] INFO  client.GrpcClientProtocolClient (GrpcClientProtocolClient.java:onNext(255)) - client-CF63D631FA17->3cf1264f-5f6b-4138-aeee-2ff7d4522ead: receive RaftClientReply:client-CF63D631FA17->3cf1264f-5f6b-4138-aeee-2ff7d4522ead@group-561E16522154, cid=2586, SUCCESS, logIndex=3864, commits[3cf1264f-5f6b-4138-aeee-2ff7d4522ead:c3865, 4f0d1a15-8f14-4d9a-ad4f-8211e1245b5d:c3861, 6999f20e-c3f7-4db4-87ca-141c476f2a88:c3861]
2019-08-22 07:03:40,236 [grpc-default-executor-1] INFO  client.GrpcClientProtocolClient (GrpcClientProtocolClient.java:onNext(255)) - client-CF63D631FA17->3cf1264f-5f6b-4138-aeee-2ff7d4522ead: receive RaftClientReply:client-CF63D631FA17->3cf1264f-5f6b-4138-aeee-2ff7d4522ead@group-561E16522154, cid=2587, SUCCESS, logIndex=3865, commits[3cf1264f-5f6b-4138-aeee-2ff7d4522ead:c3866, 4f0d1a15-8f14-4d9a-ad4f-8211e1245b5d:c3861, 6999f20e-c3f7-4db4-87ca-141c476f2a88:c3862]
2019-08-22 07:03:40,236 | INFO  | DNAudit | user=null | ip=null | op=WRITE_CHUNK {blockData=conID: 1 locID: 102659353490752091 bcsId: 0} | ret=SUCCESS |  
2019-08-22 07:03:40,236 | INFO  | DNAudit | user=null | ip=null | op=PUT_BLOCK {blockData=[blockId=conID: 1 locID: 102659353490752091 bcsId: 0,size=1048576]} | ret=SUCCESS |  
2019-08-22 07:03:40,247 | INFO  | DNAudit | user=null | ip=null | op=PUT_BLOCK {blockData=[blockId=conID: 1 locID: 102659353490752091 bcsId: 0,size=1048576]} | ret=SUCCESS |  
2019-08-22 07:03:40,247 | INFO  | DNAudit | user=null | ip=null | op=WRITE_CHUNK {blockData=conID: 1 locID: 102659353490752091 bcsId: 0} | ret=SUCCESS |  
2019-08-22 07:03:40,248 | INFO  | DNAudit | user=null | ip=null | op=WRITE_CHUNK {blockData=conID: 1 locID: 102659353490752091 bcsId: 0} | ret=SUCCESS |  
2019-08-22 07:03:40,248 | INFO  | DNAudit | user=null | ip=null | op=PUT_BLOCK {blockData=[blockId=conID: 1 locID: 102659353490752091 bcsId: 0,size=2097152]} | ret=SUCCESS |  
2019-08-22 07:03:40,248 | INFO  | DNAudit | user=null | ip=null | op=PUT_BLOCK {blockData=[blockId=conID: 1 locID: 102659353490752091 bcsId: 0,size=2097152]} | ret=SUCCESS |  
2019-08-22 07:03:40,248 [grpc-default-executor-1] INFO  client.GrpcClientProtocolClient (GrpcClientProtocolClient.java:onNext(255)) - client-CF63D631FA17->3cf1264f-5f6b-4138-aeee-2ff7d4522ead: receive RaftClientReply:client-CF63D631FA17->3cf1264f-5f6b-4138-aeee-2ff7d4522ead@group-561E16522154, cid=2588, SUCCESS, logIndex=0, commits[3cf1264f-5f6b-4138-aeee-2ff7d4522ead:c3867, 4f0d1a15-8f14-4d9a-ad4f-8211e1245b5d:c3863, 6999f20e-c3f7-4db4-87ca-141c476f2a88:c3864]
2019-08-22 07:03:40,255 | INFO  | DNAudit | user=null | ip=null | op=WRITE_CHUNK {blockData=conID: 1 locID: 102659353490752091 bcsId: 3865} | ret=SUCCESS |  
2019-08-22 07:03:40,258 | INFO  | DNAudit | user=null | ip=null | op=WRITE_CHUNK {blockData=conID: 1 locID: 102659353490752091 bcsId: 3865} | ret=SUCCESS |  
2019-08-22 07:03:40,258 | INFO  | DNAudit | user=null | ip=null | op=WRITE_CHUNK {blockData=conID: 1 locID: 102659353490752091 bcsId: 3865} | ret=SUCCESS |  
2019-08-22 07:03:40,269 | INFO  | DNAudit | user=null | ip=null | op=WRITE_CHUNK {blockData=conID: 1 locID: 102659353490752091 bcsId: 3865} | ret=SUCCESS |  
2019-08-22 07:03:40,270 | INFO  | DNAudit | user=null | ip=null | op=PUT_BLOCK {blockData=[blockId=conID: 1 locID: 102659353490752091 bcsId: 0,size=3145728]} | ret=SUCCESS |  
2019-08-22 07:03:40,270 [grpc-default-executor-5] INFO  client.GrpcClientProtocolClient (GrpcClientProtocolClient.java:onNext(255)) - client-CF63D631FA17->3cf1264f-5f6b-4138-aeee-2ff7d4522ead: receive RaftClientReply:client-CF63D631FA17->3cf1264f-5f6b-4138-aeee-2ff7d4522ead@group-561E16522154, cid=2589, SUCCESS, logIndex=3870, commits[3cf1264f-5f6b-4138-aeee-2ff7d4522ead:c3871, 4f0d1a15-8f14-4d9a-ad4f-8211e1245b5d:c3869, 6999f20e-c3f7-4db4-87ca-141c476f2a88:c3869]
2019-08-22 07:03:40,270 [grpc-default-executor-5] INFO  client.GrpcClientProtocolClient (GrpcClientProtocolClient.java:onNext(255)) - client-CF63D631FA17->3cf1264f-5f6b-4138-aeee-2ff7d4522ead: receive RaftClientReply:client-CF63D631FA17->3cf1264f-5f6b-4138-aeee-2ff7d4522ead@group-561E16522154, cid=2590, SUCCESS, logIndex=3871, commits[3cf1264f-5f6b-4138-aeee-2ff7d4522ead:c3871, 4f0d1a15-8f14-4d9a-ad4f-8211e1245b5d:c3869, 6999f20e-c3f7-4db4-87ca-141c476f2a88:c3869]
2019-08-22 07:03:40,277 | INFO  | DNAudit | user=null | ip=null | op=WRITE_CHUNK {blockData=conID: 1 locID: 102659353490752091 bcsId: 3871} | ret=SUCCESS |  
2019-08-22 07:03:40,280 | INFO  | DNAudit | user=null | ip=null | op=WRITE_CHUNK {blockData=conID: 1 locID: 102659353490752091 bcsId: 3871} | ret=SUCCESS |  
2019-08-22 07:03:40,280 | INFO  | DNAudit | user=null | ip=null | op=WRITE_CHUNK {blockData=conID: 1 locID: 102659353490752091 bcsId: 3871} | ret=SUCCESS |  
2019-08-22 07:03:40,281 | INFO  | DNAudit | user=null | ip=null | op=WRITE_CHUNK {blockData=conID: 1 locID: 102659353490752091 bcsId: 3865} | ret=SUCCESS |  
2019-08-22 07:03:40,281 | INFO  | DNAudit | user=null | ip=null | op=WRITE_CHUNK {blockData=conID: 1 locID: 102659353490752091 bcsId: 3865} | ret=SUCCESS |  
2019-08-22 07:03:40,284 | INFO  | DNAudit | user=null | ip=null | op=PUT_BLOCK {blockData=[blockId=conID: 1 locID: 102659353490752091 bcsId: 0,size=3145728]} | ret=SUCCESS |  
2019-08-22 07:03:40,284 | INFO  | DNAudit | user=null | ip=null | op=PUT_BLOCK {blockData=[blockId=conID: 1 locID: 102659353490752091 bcsId: 0,size=3145728]} | ret=SUCCESS |  
2019-08-22 07:03:40,284 | INFO  | DNAudit | user=null | ip=null | op=WRITE_CHUNK {blockData=conID: 1 locID: 102659353490752091 bcsId: 3871} | ret=SUCCESS |  
2019-08-22 07:03:40,285 | INFO  | DNAudit | user=null | ip=null | op=PUT_BLOCK {blockData=[blockId=conID: 1 locID: 102659353490752091 bcsId: 0,size=4194304]} | ret=SUCCESS |  
2019-08-22 07:03:40,285 [grpc-default-executor-1] INFO  client.GrpcClientProtocolClient (GrpcClientProtocolClient.java:onNext(255)) - client-CF63D631FA17->3cf1264f-5f6b-4138-aeee-2ff7d4522ead: receive RaftClientReply:client-CF63D631FA17->3cf1264f-5f6b-4138-aeee-2ff7d4522ead@group-561E16522154, cid=2591, SUCCESS, logIndex=3874, commits[3cf1264f-5f6b-4138-aeee-2ff7d4522ead:c3875, 4f0d1a15-8f14-4d9a-ad4f-8211e1245b5d:c3871, 6999f20e-c3f7-4db4-87ca-141c476f2a88:c3871]
2019-08-22 07:03:40,285 [grpc-default-executor-1] INFO  client.GrpcClientProtocolClient (GrpcClientProtocolClient.java:onNext(255)) - client-CF63D631FA17->3cf1264f-5f6b-4138-aeee-2ff7d4522ead: receive RaftClientReply:client-CF63D631FA17->3cf1264f-5f6b-4138-aeee-2ff7d4522ead@group-561E16522154, cid=2592, SUCCESS, logIndex=3875, commits[3cf1264f-5f6b-4138-aeee-2ff7d4522ead:c3875, 4f0d1a15-8f14-4d9a-ad4f-8211e1245b5d:c3871, 6999f20e-c3f7-4db4-87ca-141c476f2a88:c3871]
2019-08-22 07:03:40,296 | INFO  | DNAudit | user=null | ip=null | op=WRITE_CHUNK {blockData=conID: 1 locID: 102659353490752091 bcsId: 3871} | ret=SUCCESS |  
2019-08-22 07:03:40,296 | INFO  | DNAudit | user=null | ip=null | op=WRITE_CHUNK {blockData=conID: 1 locID: 102659353490752091 bcsId: 3871} | ret=SUCCESS |  
2019-08-22 07:03:40,299 | INFO  | DNAudit | user=null | ip=null | op=PUT_BLOCK {blockData=[blockId=conID: 1 locID: 102659353490752091 bcsId: 0,size=4194304]} | ret=SUCCESS |  
2019-08-22 07:03:40,299 | INFO  | DNAudit | user=null | ip=null | op=PUT_BLOCK {blockData=[blockId=conID: 1 locID: 102659353490752091 bcsId: 0,size=4194304]} | ret=SUCCESS |  
2019-08-22 07:03:40,300 [grpc-default-executor-5] INFO  client.GrpcClientProtocolClient (GrpcClientProtocolClient.java:onNext(255)) - client-CF63D631FA17->3cf1264f-5f6b-4138-aeee-2ff7d4522ead: receive RaftClientReply:client-CF63D631FA17->3cf1264f-5f6b-4138-aeee-2ff7d4522ead@group-561E16522154, cid=2593, SUCCESS, logIndex=0, commits[3cf1264f-5f6b-4138-aeee-2ff7d4522ead:c3877, 4f0d1a15-8f14-4d9a-ad4f-8211e1245b5d:c3875, 6999f20e-c3f7-4db4-87ca-141c476f2a88:c3875]
2019-08-22 07:03:40,305 | INFO  | SCMAudit | user=jenkins1000 | ip=192.168.34.31 | op=ALLOCATE_BLOCK {owner=04b6d46a-98e2-41b1-9f38-1870289993ea, size=4194304, type=RATIS, factor=THREE} | ret=SUCCESS |  
2019-08-22 07:03:40,308 | INFO  | OMAudit | user=jenkins1000 | ip=127.0.0.1 | op=ALLOCATE_BLOCK {volume=vol-0-14906, bucket=bucket-0-53153, key=key-0-33222, dataSize=0, replicationType=null, replicationFactor=null, keyLocationInfo=null, clientID=102659352017764754} | ret=SUCCESS |  
2019-08-22 07:03:40,314 | INFO  | DNAudit | user=null | ip=null | op=WRITE_CHUNK {blockData=conID: 2 locID: 102659353497109084 bcsId: 0} | ret=SUCCESS |  
2019-08-22 07:03:40,318 | INFO  | DNAudit | user=null | ip=null | op=WRITE_CHUNK {blockData=conID: 2 locID: 102659353497109084 bcsId: 0} | ret=SUCCESS |  
2019-08-22 07:03:40,318 | INFO  | DNAudit | user=null | ip=null | op=WRITE_CHUNK {blockData=conID: 2 locID: 102659353497109084 bcsId: 0} | ret=SUCCESS |  
2019-08-22 07:03:40,318 | INFO  | DNAudit | user=null | ip=null | op=WRITE_CHUNK {blockData=conID: 2 locID: 102659353497109084 bcsId: 0} | ret=SUCCESS |  
2019-08-22 07:03:40,320 | INFO  | DNAudit | user=null | ip=null | op=WRITE_CHUNK {blockData=conID: 2 locID: 102659353497109084 bcsId: 0} | ret=SUCCESS |  
2019-08-22 07:03:40,320 | INFO  | DNAudit | user=null | ip=null | op=WRITE_CHUNK {blockData=conID: 2 locID: 102659353497109084 bcsId: 0} | ret=SUCCESS |  
2019-08-22 07:03:40,328 | INFO  | DNAudit | user=null | ip=null | op=WRITE_CHUNK {blockData=conID: 2 locID: 102659353497109084 bcsId: 0} | ret=SUCCESS |  
2019-08-22 07:03:40,328 | INFO  | DNAudit | user=null | ip=null | op=PUT_BLOCK {blockData=[blockId=conID: 2 locID: 102659353497109084 bcsId: 0,size=1048576]} | ret=SUCCESS |  
2019-08-22 07:03:40,328 [grpc-default-executor-3] INFO  client.GrpcClientProtocolClient (GrpcClientProtocolClient.java:onNext(255)) - client-CF63D631FA17->3cf1264f-5f6b-4138-aeee-2ff7d4522ead: receive RaftClientReply:client-CF63D631FA17->3cf1264f-5f6b-4138-aeee-2ff7d4522ead@group-561E16522154, cid=2594, SUCCESS, logIndex=3878, commits[3cf1264f-5f6b-4138-aeee-2ff7d4522ead:c3879, 4f0d1a15-8f14-4d9a-ad4f-8211e1245b5d:c3877, 6999f20e-c3f7-4db4-87ca-141c476f2a88:c3877]
2019-08-22 07:03:40,329 [grpc-default-executor-3] INFO  client.GrpcClientProtocolClient (GrpcClientProtocolClient.java:onNext(255)) - client-CF63D631FA17->3cf1264f-5f6b-4138-aeee-2ff7d4522ead: receive RaftClientReply:client-CF63D631FA17->3cf1264f-5f6b-4138-aeee-2ff7d4522ead@group-561E16522154, cid=2595, SUCCESS, logIndex=3879, commits[3cf1264f-5f6b-4138-aeee-2ff7d4522ead:c3879, 4f0d1a15-8f14-4d9a-ad4f-8211e1245b5d:c3877, 6999f20e-c3f7-4db4-87ca-141c476f2a88:c3877]
2019-08-22 07:03:40,339 | INFO  | DNAudit | user=null | ip=null | op=WRITE_CHUNK {blockData=conID: 2 locID: 102659353497109084 bcsId: 0} | ret=SUCCESS |  
2019-08-22 07:03:40,340 | INFO  | DNAudit | user=null | ip=null | op=PUT_BLOCK {blockData=[blockId=conID: 2 locID: 102659353497109084 bcsId: 0,size=2097152]} | ret=SUCCESS |  
2019-08-22 07:03:40,340 [grpc-default-executor-1] INFO  client.GrpcClientProtocolClient (GrpcClientProtocolClient.java:onNext(255)) - client-CF63D631FA17->3cf1264f-5f6b-4138-aeee-2ff7d4522ead: receive RaftClientReply:client-CF63D631FA17->3cf1264f-5f6b-4138-aeee-2ff7d4522ead@group-561E16522154, cid=2596, SUCCESS, logIndex=3880, commits[3cf1264f-5f6b-4138-aeee-2ff7d4522ead:c3881, 4f0d1a15-8f14-4d9a-ad4f-8211e1245b5d:c3877, 6999f20e-c3f7-4db4-87ca-141c476f2a88:c3877]
2019-08-22 07:03:40,340 | INFO  | DNAudit | user=null | ip=null | op=WRITE_CHUNK {blockData=conID: 2 locID: 102659353497109084 bcsId: 0} | ret=SUCCESS |  
2019-08-22 07:03:40,341 [grpc-default-executor-1] INFO  client.GrpcClientProtocolClient (GrpcClientProtocolClient.java:onNext(255)) - client-CF63D631FA17->3cf1264f-5f6b-4138-aeee-2ff7d4522ead: receive RaftClientReply:client-CF63D631FA17->3cf1264f-5f6b-4138-aeee-2ff7d4522ead@group-561E16522154, cid=2597, SUCCESS, logIndex=3881, commits[3cf1264f-5f6b-4138-aeee-2ff7d4522ead:c3881, 4f0d1a15-8f14-4d9a-ad4f-8211e1245b5d:c3877, 6999f20e-c3f7-4db4-87ca-141c476f2a88:c3877]
2019-08-22 07:03:40,341 | INFO  | DNAudit | user=null | ip=null | op=PUT_BLOCK {blockData=[blockId=conID: 2 locID: 102659353497109084 bcsId: 0,size=1048576]} | ret=SUCCESS |  
2019-08-22 07:03:40,341 | INFO  | DNAudit | user=null | ip=null | op=WRITE_CHUNK {blockData=conID: 2 locID: 102659353497109084 bcsId: 0} | ret=SUCCESS |  
2019-08-22 07:03:40,341 | INFO  | DNAudit | user=null | ip=null | op=PUT_BLOCK {blockData=[blockId=conID: 2 locID: 102659353497109084 bcsId: 0,size=1048576]} | ret=SUCCESS |  
2019-08-22 07:03:40,341 | INFO  | DNAudit | user=null | ip=null | op=WRITE_CHUNK {blockData=conID: 2 locID: 102659353497109084 bcsId: 0} | ret=SUCCESS |  
2019-08-22 07:03:40,342 | INFO  | DNAudit | user=null | ip=null | op=PUT_BLOCK {blockData=[blockId=conID: 2 locID: 102659353497109084 bcsId: 0,size=2097152]} | ret=SUCCESS |  
2019-08-22 07:03:40,342 [grpc-default-executor-5] INFO  client.GrpcClientProtocolClient (GrpcClientProtocolClient.java:onNext(255)) - client-CF63D631FA17->3cf1264f-5f6b-4138-aeee-2ff7d4522ead: receive RaftClientReply:client-CF63D631FA17->3cf1264f-5f6b-4138-aeee-2ff7d4522ead@group-561E16522154, cid=2598, SUCCESS, logIndex=0, commits[3cf1264f-5f6b-4138-aeee-2ff7d4522ead:c3883, 4f0d1a15-8f14-4d9a-ad4f-8211e1245b5d:c3879, 6999f20e-c3f7-4db4-87ca-141c476f2a88:c3879]
2019-08-22 07:03:40,344 | INFO  | DNAudit | user=null | ip=null | op=WRITE_CHUNK {blockData=conID: 2 locID: 102659353497109084 bcsId: 0} | ret=SUCCESS |  
2019-08-22 07:03:40,344 | INFO  | DNAudit | user=null | ip=null | op=PUT_BLOCK {blockData=[blockId=conID: 2 locID: 102659353497109084 bcsId: 0,size=2097152]} | ret=SUCCESS |  
2019-08-22 07:03:40,348 | INFO  | DNAudit | user=null | ip=null | op=WRITE_CHUNK {blockData=conID: 2 locID: 102659353497109084 bcsId: 3881} | ret=SUCCESS |  
2019-08-22 07:03:40,351 | INFO  | DNAudit | user=null | ip=null | op=WRITE_CHUNK {blockData=conID: 2 locID: 102659353497109084 bcsId: 3881} | ret=SUCCESS |  
2019-08-22 07:03:40,351 | INFO  | DNAudit | user=null | ip=null | op=WRITE_CHUNK {blockData=conID: 2 locID: 102659353497109084 bcsId: 3881} | ret=SUCCESS |  
2019-08-22 07:03:40,360 | INFO  | DNAudit | user=null | ip=null | op=WRITE_CHUNK {blockData=conID: 2 locID: 102659353497109084 bcsId: 3881} | ret=SUCCESS |  
2019-08-22 07:03:40,361 | INFO  | DNAudit | user=null | ip=null | op=PUT_BLOCK {blockData=[blockId=conID: 2 locID: 102659353497109084 bcsId: 0,size=3145728]} | ret=SUCCESS |  
2019-08-22 07:03:40,361 [grpc-default-executor-3] INFO  client.GrpcClientProtocolClient (GrpcClientProtocolClient.java:onNext(255)) - client-CF63D631FA17->3cf1264f-5f6b-4138-aeee-2ff7d4522ead: receive RaftClientReply:client-CF63D631FA17->3cf1264f-5f6b-4138-aeee-2ff7d4522ead@group-561E16522154, cid=2599, SUCCESS, logIndex=3886, commits[3cf1264f-5f6b-4138-aeee-2ff7d4522ead:c3887, 4f0d1a15-8f14-4d9a-ad4f-8211e1245b5d:c3885, 6999f20e-c3f7-4db4-87ca-141c476f2a88:c3885]
2019-08-22 07:03:40,361 [grpc-default-executor-3] INFO  client.GrpcClientProtocolClient (GrpcClientProtocolClient.java:onNext(255)) - client-CF63D631FA17->3cf1264f-5f6b-4138-aeee-2ff7d4522ead: receive RaftClientReply:client-CF63D631FA17->3cf1264f-5f6b-4138-aeee-2ff7d4522ead@group-561E16522154, cid=2600, SUCCESS, logIndex=3887, commits[3cf1264f-5f6b-4138-aeee-2ff7d4522ead:c3887, 4f0d1a15-8f14-4d9a-ad4f-8211e1245b5d:c3885, 6999f20e-c3f7-4db4-87ca-141c476f2a88:c3885]
2019-08-22 07:03:40,367 | INFO  | DNAudit | user=null | ip=null | op=WRITE_CHUNK {blockData=conID: 2 locID: 102659353497109084 bcsId: 3887} | ret=SUCCESS |  
2019-08-22 07:03:40,371 | INFO  | DNAudit | user=null | ip=null | op=WRITE_CHUNK {blockData=conID: 2 locID: 102659353497109084 bcsId: 3887} | ret=SUCCESS |  
2019-08-22 07:03:40,371 | INFO  | DNAudit | user=null | ip=null | op=WRITE_CHUNK {blockData=conID: 2 locID: 102659353497109084 bcsId: 3887} | ret=SUCCESS |  
2019-08-22 07:03:40,372 | INFO  | DNAudit | user=null | ip=null | op=WRITE_CHUNK {blockData=conID: 2 locID: 102659353497109084 bcsId: 3881} | ret=SUCCESS |  
2019-08-22 07:03:40,372 | INFO  | DNAudit | user=null | ip=null | op=WRITE_CHUNK {blockData=conID: 2 locID: 102659353497109084 bcsId: 3881} | ret=SUCCESS |  
2019-08-22 07:03:40,375 | INFO  | DNAudit | user=null | ip=null | op=PUT_BLOCK {blockData=[blockId=conID: 2 locID: 102659353497109084 bcsId: 0,size=3145728]} | ret=SUCCESS |  
2019-08-22 07:03:40,375 | INFO  | DNAudit | user=null | ip=null | op=PUT_BLOCK {blockData=[blockId=conID: 2 locID: 102659353497109084 bcsId: 0,size=3145728]} | ret=SUCCESS |  
2019-08-22 07:03:40,376 | INFO  | DNAudit | user=null | ip=null | op=WRITE_CHUNK {blockData=conID: 2 locID: 102659353497109084 bcsId: 3887} | ret=SUCCESS |  
2019-08-22 07:03:40,376 | INFO  | DNAudit | user=null | ip=null | op=PUT_BLOCK {blockData=[blockId=conID: 2 locID: 102659353497109084 bcsId: 0,size=4194304]} | ret=SUCCESS |  
2019-08-22 07:03:40,376 [grpc-default-executor-5] INFO  client.GrpcClientProtocolClient (GrpcClientProtocolClient.java:onNext(255)) - client-CF63D631FA17->3cf1264f-5f6b-4138-aeee-2ff7d4522ead: receive RaftClientReply:client-CF63D631FA17->3cf1264f-5f6b-4138-aeee-2ff7d4522ead@group-561E16522154, cid=2601, SUCCESS, logIndex=3890, commits[3cf1264f-5f6b-4138-aeee-2ff7d4522ead:c3891, 4f0d1a15-8f14-4d9a-ad4f-8211e1245b5d:c3887, 6999f20e-c3f7-4db4-87ca-141c476f2a88:c3887]
2019-08-22 07:03:40,377 [grpc-default-executor-5] INFO  client.GrpcClientProtocolClient (GrpcClientProtocolClient.java:onNext(255)) - client-CF63D631FA17->3cf1264f-5f6b-4138-aeee-2ff7d4522ead: receive RaftClientReply:client-CF63D631FA17->3cf1264f-5f6b-4138-aeee-2ff7d4522ead@group-561E16522154, cid=2602, SUCCESS, logIndex=3891, commits[3cf1264f-5f6b-4138-aeee-2ff7d4522ead:c3891, 4f0d1a15-8f14-4d9a-ad4f-8211e1245b5d:c3887, 6999f20e-c3f7-4db4-87ca-141c476f2a88:c3887]
2019-08-22 07:03:40,388 | INFO  | DNAudit | user=null | ip=null | op=WRITE_CHUNK {blockData=conID: 2 locID: 102659353497109084 bcsId: 3887} | ret=SUCCESS |  
2019-08-22 07:03:40,388 | INFO  | DNAudit | user=null | ip=null | op=WRITE_CHUNK {blockData=conID: 2 locID: 102659353497109084 bcsId: 3887} | ret=SUCCESS |  
2019-08-22 07:03:40,391 | INFO  | DNAudit | user=null | ip=null | op=PUT_BLOCK {blockData=[blockId=conID: 2 locID: 102659353497109084 bcsId: 0,size=4194304]} | ret=SUCCESS |  
2019-08-22 07:03:40,391 | INFO  | DNAudit | user=null | ip=null | op=PUT_BLOCK {blockData=[blockId=conID: 2 locID: 102659353497109084 bcsId: 0,size=4194304]} | ret=SUCCESS |  
2019-08-22 07:03:40,392 [grpc-default-executor-3] INFO  client.GrpcClientProtocolClient (GrpcClientProtocolClient.java:onNext(255)) - client-CF63D631FA17->3cf1264f-5f6b-4138-aeee-2ff7d4522ead: receive RaftClientReply:client-CF63D631FA17->3cf1264f-5f6b-4138-aeee-2ff7d4522ead@group-561E16522154, cid=2603, SUCCESS, logIndex=0, commits[3cf1264f-5f6b-4138-aeee-2ff7d4522ead:c3893, 4f0d1a15-8f14-4d9a-ad4f-8211e1245b5d:c3891, 6999f20e-c3f7-4db4-87ca-141c476f2a88:c3891]
2019-08-22 07:03:40,398 | INFO  | SCMAudit | user=jenkins1000 | ip=192.168.34.31 | op=ALLOCATE_BLOCK {owner=04b6d46a-98e2-41b1-9f38-1870289993ea, size=4194304, type=RATIS, factor=THREE} | ret=SUCCESS |  
2019-08-22 07:03:40,402 | INFO  | OMAudit | user=jenkins1000 | ip=127.0.0.1 | op=ALLOCATE_BLOCK {volume=vol-0-14906, bucket=bucket-0-53153, key=key-0-33222, dataSize=0, replicationType=null, replicationFactor=null, keyLocationInfo=null, clientID=102659352017764754} | ret=SUCCESS |  
2019-08-22 07:03:40,410 | INFO  | DNAudit | user=null | ip=null | op=WRITE_CHUNK {blockData=conID: 3 locID: 102659353503203933 bcsId: 0} | ret=SUCCESS |  
2019-08-22 07:03:40,412 | INFO  | DNAudit | user=null | ip=null | op=WRITE_CHUNK {blockData=conID: 3 locID: 102659353503203933 bcsId: 0} | ret=SUCCESS |  
2019-08-22 07:03:40,413 | INFO  | DNAudit | user=null | ip=null | op=WRITE_CHUNK {blockData=conID: 3 locID: 102659353503203933 bcsId: 0} | ret=SUCCESS |  
2019-08-22 07:03:40,414 | INFO  | DNAudit | user=null | ip=null | op=WRITE_CHUNK {blockData=conID: 3 locID: 102659353503203933 bcsId: 0} | ret=SUCCESS |  
2019-08-22 07:03:40,415 | INFO  | DNAudit | user=null | ip=null | op=WRITE_CHUNK {blockData=conID: 3 locID: 102659353503203933 bcsId: 0} | ret=SUCCESS |  
2019-08-22 07:03:40,415 | INFO  | DNAudit | user=null | ip=null | op=WRITE_CHUNK {blockData=conID: 3 locID: 102659353503203933 bcsId: 0} | ret=SUCCESS |  
2019-08-22 07:03:40,431 | INFO  | DNAudit | user=null | ip=null | op=WRITE_CHUNK {blockData=conID: 3 locID: 102659353503203933 bcsId: 0} | ret=SUCCESS |  
2019-08-22 07:03:40,432 | INFO  | DNAudit | user=null | ip=null | op=PUT_BLOCK {blockData=[blockId=conID: 3 locID: 102659353503203933 bcsId: 0,size=1048576]} | ret=SUCCESS |  
2019-08-22 07:03:40,432 [grpc-default-executor-3] INFO  client.GrpcClientProtocolClient (GrpcClientProtocolClient.java:onNext(255)) - client-CF63D631FA17->3cf1264f-5f6b-4138-aeee-2ff7d4522ead: receive RaftClientReply:client-CF63D631FA17->3cf1264f-5f6b-4138-aeee-2ff7d4522ead@group-561E16522154, cid=2604, SUCCESS, logIndex=3894, commits[3cf1264f-5f6b-4138-aeee-2ff7d4522ead:c3896, 4f0d1a15-8f14-4d9a-ad4f-8211e1245b5d:c3893, 6999f20e-c3f7-4db4-87ca-141c476f2a88:c3893]
2019-08-22 07:03:40,432 | INFO  | DNAudit | user=null | ip=null | op=WRITE_CHUNK {blockData=conID: 3 locID: 102659353503203933 bcsId: 0} | ret=SUCCESS |  
2019-08-22 07:03:40,432 | INFO  | DNAudit | user=null | ip=null | op=PUT_BLOCK {blockData=[blockId=conID: 3 locID: 102659353503203933 bcsId: 0,size=2097152]} | ret=SUCCESS |  
2019-08-22 07:03:40,433 [grpc-default-executor-3] INFO  client.GrpcClientProtocolClient (GrpcClientProtocolClient.java:onNext(255)) - client-CF63D631FA17->3cf1264f-5f6b-4138-aeee-2ff7d4522ead: receive RaftClientReply:client-CF63D631FA17->3cf1264f-5f6b-4138-aeee-2ff7d4522ead@group-561E16522154, cid=2605, SUCCESS, logIndex=3895, commits[3cf1264f-5f6b-4138-aeee-2ff7d4522ead:c3897, 4f0d1a15-8f14-4d9a-ad4f-8211e1245b5d:c3893, 6999f20e-c3f7-4db4-87ca-141c476f2a88:c3893]
2019-08-22 07:03:40,433 [grpc-default-executor-3] INFO  client.GrpcClientProtocolClient (GrpcClientProtocolClient.java:onNext(255)) - client-CF63D631FA17->3cf1264f-5f6b-4138-aeee-2ff7d4522ead: receive RaftClientReply:client-CF63D631FA17->3cf1264f-5f6b-4138-aeee-2ff7d4522ead@group-561E16522154, cid=2606, SUCCESS, logIndex=3896, commits[3cf1264f-5f6b-4138-aeee-2ff7d4522ead:c3897, 4f0d1a15-8f14-4d9a-ad4f-8211e1245b5d:c3893, 6999f20e-c3f7-4db4-87ca-141c476f2a88:c3893]
2019-08-22 07:03:40,433 [grpc-default-executor-3] INFO  client.GrpcClientProtocolClient (GrpcClientProtocolClient.java:onNext(255)) - client-CF63D631FA17->3cf1264f-5f6b-4138-aeee-2ff7d4522ead: receive RaftClientReply:client-CF63D631FA17->3cf1264f-5f6b-4138-aeee-2ff7d4522ead@group-561E16522154, cid=2607, SUCCESS, logIndex=3897, commits[3cf1264f-5f6b-4138-aeee-2ff7d4522ead:c3897, 4f0d1a15-8f14-4d9a-ad4f-8211e1245b5d:c3893, 6999f20e-c3f7-4db4-87ca-141c476f2a88:c3893]
2019-08-22 07:03:40,443 | INFO  | DNAudit | user=null | ip=null | op=WRITE_CHUNK {blockData=conID: 3 locID: 102659353503203933 bcsId: 0} | ret=SUCCESS |  
2019-08-22 07:03:40,443 | INFO  | DNAudit | user=null | ip=null | op=WRITE_CHUNK {blockData=conID: 3 locID: 102659353503203933 bcsId: 0} | ret=SUCCESS |  
2019-08-22 07:03:40,445 | INFO  | DNAudit | user=null | ip=null | op=PUT_BLOCK {blockData=[blockId=conID: 3 locID: 102659353503203933 bcsId: 0,size=1048576]} | ret=SUCCESS |  
2019-08-22 07:03:40,445 | INFO  | DNAudit | user=null | ip=null | op=PUT_BLOCK {blockData=[blockId=conID: 3 locID: 102659353503203933 bcsId: 0,size=1048576]} | ret=SUCCESS |  
2019-08-22 07:03:40,446 | INFO  | DNAudit | user=null | ip=null | op=WRITE_CHUNK {blockData=conID: 3 locID: 102659353503203933 bcsId: 0} | ret=SUCCESS |  
2019-08-22 07:03:40,446 | INFO  | DNAudit | user=null | ip=null | op=WRITE_CHUNK {blockData=conID: 3 locID: 102659353503203933 bcsId: 0} | ret=SUCCESS |  
2019-08-22 07:03:40,446 | INFO  | DNAudit | user=null | ip=null | op=PUT_BLOCK {blockData=[blockId=conID: 3 locID: 102659353503203933 bcsId: 0,size=2097152]} | ret=SUCCESS |  
2019-08-22 07:03:40,446 | INFO  | DNAudit | user=null | ip=null | op=PUT_BLOCK {blockData=[blockId=conID: 3 locID: 102659353503203933 bcsId: 0,size=2097152]} | ret=SUCCESS |  
2019-08-22 07:03:40,446 [grpc-default-executor-3] INFO  client.GrpcClientProtocolClient (GrpcClientProtocolClient.java:onNext(255)) - client-CF63D631FA17->3cf1264f-5f6b-4138-aeee-2ff7d4522ead: receive RaftClientReply:client-CF63D631FA17->3cf1264f-5f6b-4138-aeee-2ff7d4522ead@group-561E16522154, cid=2608, SUCCESS, logIndex=0, commits[3cf1264f-5f6b-4138-aeee-2ff7d4522ead:c3899, 4f0d1a15-8f14-4d9a-ad4f-8211e1245b5d:c3895, 6999f20e-c3f7-4db4-87ca-141c476f2a88:c3896]
2019-08-22 07:03:40,453 | INFO  | DNAudit | user=null | ip=null | op=WRITE_CHUNK {blockData=conID: 3 locID: 102659353503203933 bcsId: 3897} | ret=SUCCESS |  
2019-08-22 07:03:40,456 | INFO  | DNAudit | user=null | ip=null | op=WRITE_CHUNK {blockData=conID: 3 locID: 102659353503203933 bcsId: 3897} | ret=SUCCESS |  
2019-08-22 07:03:40,457 | INFO  | DNAudit | user=null | ip=null | op=WRITE_CHUNK {blockData=conID: 3 locID: 102659353503203933 bcsId: 3897} | ret=SUCCESS |  
2019-08-22 07:03:40,469 | INFO  | DNAudit | user=null | ip=null | op=WRITE_CHUNK {blockData=conID: 3 locID: 102659353503203933 bcsId: 3897} | ret=SUCCESS |  
2019-08-22 07:03:40,469 | INFO  | DNAudit | user=null | ip=null | op=PUT_BLOCK {blockData=[blockId=conID: 3 locID: 102659353503203933 bcsId: 0,size=3145728]} | ret=SUCCESS |  
2019-08-22 07:03:40,470 [grpc-default-executor-5] INFO  client.GrpcClientProtocolClient (GrpcClientProtocolClient.java:onNext(255)) - client-CF63D631FA17->3cf1264f-5f6b-4138-aeee-2ff7d4522ead: receive RaftClientReply:client-CF63D631FA17->3cf1264f-5f6b-4138-aeee-2ff7d4522ead@group-561E16522154, cid=2609, SUCCESS, logIndex=3902, commits[3cf1264f-5f6b-4138-aeee-2ff7d4522ead:c3903, 4f0d1a15-8f14-4d9a-ad4f-8211e1245b5d:c3901, 6999f20e-c3f7-4db4-87ca-141c476f2a88:c3901]
2019-08-22 07:03:40,470 [grpc-default-executor-5] INFO  client.GrpcClientProtocolClient (GrpcClientProtocolClient.java:onNext(255)) - client-CF63D631FA17->3cf1264f-5f6b-4138-aeee-2ff7d4522ead: receive RaftClientReply:client-CF63D631FA17->3cf1264f-5f6b-4138-aeee-2ff7d4522ead@group-561E16522154, cid=2610, SUCCESS, logIndex=3903, commits[3cf1264f-5f6b-4138-aeee-2ff7d4522ead:c3903, 4f0d1a15-8f14-4d9a-ad4f-8211e1245b5d:c3901, 6999f20e-c3f7-4db4-87ca-141c476f2a88:c3901]
2019-08-22 07:03:40,478 | INFO  | DNAudit | user=null | ip=null | op=WRITE_CHUNK {blockData=conID: 3 locID: 102659353503203933 bcsId: 3903} | ret=SUCCESS |  
2019-08-22 07:03:40,480 | INFO  | DNAudit | user=null | ip=null | op=WRITE_CHUNK {blockData=conID: 3 locID: 102659353503203933 bcsId: 3903} | ret=SUCCESS |  
2019-08-22 07:03:40,480 | INFO  | DNAudit | user=null | ip=null | op=WRITE_CHUNK {blockData=conID: 3 locID: 102659353503203933 bcsId: 3897} | ret=SUCCESS |  
2019-08-22 07:03:40,480 | INFO  | DNAudit | user=null | ip=null | op=WRITE_CHUNK {blockData=conID: 3 locID: 102659353503203933 bcsId: 3897} | ret=SUCCESS |  
2019-08-22 07:03:40,481 | INFO  | DNAudit | user=null | ip=null | op=WRITE_CHUNK {blockData=conID: 3 locID: 102659353503203933 bcsId: 3903} | ret=SUCCESS |  
2019-08-22 07:03:40,481 | INFO  | DNAudit | user=null | ip=null | op=PUT_BLOCK {blockData=[blockId=conID: 3 locID: 102659353503203933 bcsId: 0,size=3145728]} | ret=SUCCESS |  
2019-08-22 07:03:40,481 | INFO  | DNAudit | user=null | ip=null | op=PUT_BLOCK {blockData=[blockId=conID: 3 locID: 102659353503203933 bcsId: 0,size=3145728]} | ret=SUCCESS |  
2019-08-22 07:03:40,482 | INFO  | DNAudit | user=null | ip=null | op=WRITE_CHUNK {blockData=conID: 3 locID: 102659353503203933 bcsId: 3903} | ret=SUCCESS |  
2019-08-22 07:03:40,482 | INFO  | DNAudit | user=null | ip=null | op=PUT_BLOCK {blockData=[blockId=conID: 3 locID: 102659353503203933 bcsId: 0,size=4194304]} | ret=SUCCESS |  
2019-08-22 07:03:40,483 [grpc-default-executor-1] INFO  client.GrpcClientProtocolClient (GrpcClientProtocolClient.java:onNext(255)) - client-CF63D631FA17->3cf1264f-5f6b-4138-aeee-2ff7d4522ead: receive RaftClientReply:client-CF63D631FA17->3cf1264f-5f6b-4138-aeee-2ff7d4522ead@group-561E16522154, cid=2611, SUCCESS, logIndex=3906, commits[3cf1264f-5f6b-4138-aeee-2ff7d4522ead:c3907, 4f0d1a15-8f14-4d9a-ad4f-8211e1245b5d:c3903, 6999f20e-c3f7-4db4-87ca-141c476f2a88:c3903]
2019-08-22 07:03:40,483 [grpc-default-executor-1] INFO  client.GrpcClientProtocolClient (GrpcClientProtocolClient.java:onNext(255)) - client-CF63D631FA17->3cf1264f-5f6b-4138-aeee-2ff7d4522ead: receive RaftClientReply:client-CF63D631FA17->3cf1264f-5f6b-4138-aeee-2ff7d4522ead@group-561E16522154, cid=2612, SUCCESS, logIndex=3907, commits[3cf1264f-5f6b-4138-aeee-2ff7d4522ead:c3907, 4f0d1a15-8f14-4d9a-ad4f-8211e1245b5d:c3903, 6999f20e-c3f7-4db4-87ca-141c476f2a88:c3903]
2019-08-22 07:03:40,485 | INFO  | DNAudit | user=null | ip=null | op=WRITE_CHUNK {blockData=conID: 3 locID: 102659353503203933 bcsId: 3903} | ret=SUCCESS |  
2019-08-22 07:03:40,485 | INFO  | DNAudit | user=null | ip=null | op=WRITE_CHUNK {blockData=conID: 3 locID: 102659353503203933 bcsId: 3903} | ret=SUCCESS |  
2019-08-22 07:03:40,497 | INFO  | DNAudit | user=null | ip=null | op=PUT_BLOCK {blockData=[blockId=conID: 3 locID: 102659353503203933 bcsId: 0,size=4194304]} | ret=SUCCESS |  
2019-08-22 07:03:40,497 | INFO  | DNAudit | user=null | ip=null | op=PUT_BLOCK {blockData=[blockId=conID: 3 locID: 102659353503203933 bcsId: 0,size=4194304]} | ret=SUCCESS |  
2019-08-22 07:03:40,497 [grpc-default-executor-1] INFO  client.GrpcClientProtocolClient (GrpcClientProtocolClient.java:onNext(255)) - client-CF63D631FA17->3cf1264f-5f6b-4138-aeee-2ff7d4522ead: receive RaftClientReply:client-CF63D631FA17->3cf1264f-5f6b-4138-aeee-2ff7d4522ead@group-561E16522154, cid=2613, SUCCESS, logIndex=0, commits[3cf1264f-5f6b-4138-aeee-2ff7d4522ead:c3909, 4f0d1a15-8f14-4d9a-ad4f-8211e1245b5d:c3907, 6999f20e-c3f7-4db4-87ca-141c476f2a88:c3907]
2019-08-22 07:03:40,503 | INFO  | SCMAudit | user=jenkins1000 | ip=192.168.34.31 | op=ALLOCATE_BLOCK {owner=04b6d46a-98e2-41b1-9f38-1870289993ea, size=4194304, type=RATIS, factor=THREE} | ret=SUCCESS |  
2019-08-22 07:03:40,507 | INFO  | OMAudit | user=jenkins1000 | ip=127.0.0.1 | op=ALLOCATE_BLOCK {volume=vol-0-14906, bucket=bucket-0-53153, key=key-0-33222, dataSize=0, replicationType=null, replicationFactor=null, keyLocationInfo=null, clientID=102659352017764754} | ret=SUCCESS |  
2019-08-22 07:03:40,515 | INFO  | DNAudit | user=null | ip=null | op=WRITE_CHUNK {blockData=conID: 1 locID: 102659353510085214 bcsId: 0} | ret=SUCCESS |  
2019-08-22 07:03:40,516 | INFO  | DNAudit | user=null | ip=null | op=WRITE_CHUNK {blockData=conID: 1 locID: 102659353510085214 bcsId: 0} | ret=SUCCESS |  
2019-08-22 07:03:40,518 | INFO  | DNAudit | user=null | ip=null | op=WRITE_CHUNK {blockData=conID: 1 locID: 102659353510085214 bcsId: 0} | ret=SUCCESS |  
2019-08-22 07:03:40,518 | INFO  | DNAudit | user=null | ip=null | op=WRITE_CHUNK {blockData=conID: 1 locID: 102659353510085214 bcsId: 0} | ret=SUCCESS |  
2019-08-22 07:03:40,519 | INFO  | DNAudit | user=null | ip=null | op=WRITE_CHUNK {blockData=conID: 1 locID: 102659353510085214 bcsId: 0} | ret=SUCCESS |  
2019-08-22 07:03:40,520 | INFO  | DNAudit | user=null | ip=null | op=WRITE_CHUNK {blockData=conID: 1 locID: 102659353510085214 bcsId: 0} | ret=SUCCESS |  
2019-08-22 07:03:40,532 | INFO  | DNAudit | user=null | ip=null | op=WRITE_CHUNK {blockData=conID: 1 locID: 102659353510085214 bcsId: 0} | ret=SUCCESS |  
2019-08-22 07:03:40,532 | INFO  | DNAudit | user=null | ip=null | op=PUT_BLOCK {blockData=[blockId=conID: 1 locID: 102659353510085214 bcsId: 0,size=1048576]} | ret=SUCCESS |  
2019-08-22 07:03:40,533 | INFO  | DNAudit | user=null | ip=null | op=WRITE_CHUNK {blockData=conID: 1 locID: 102659353510085214 bcsId: 0} | ret=SUCCESS |  
2019-08-22 07:03:40,532 [grpc-default-executor-1] INFO  client.GrpcClientProtocolClient (GrpcClientProtocolClient.java:onNext(255)) - client-CF63D631FA17->3cf1264f-5f6b-4138-aeee-2ff7d4522ead: receive RaftClientReply:client-CF63D631FA17->3cf1264f-5f6b-4138-aeee-2ff7d4522ead@group-561E16522154, cid=2614, SUCCESS, logIndex=3910, commits[3cf1264f-5f6b-4138-aeee-2ff7d4522ead:c3911, 4f0d1a15-8f14-4d9a-ad4f-8211e1245b5d:c3909, 6999f20e-c3f7-4db4-87ca-141c476f2a88:c3909]
2019-08-22 07:03:40,533 | INFO  | DNAudit | user=null | ip=null | op=PUT_BLOCK {blockData=[blockId=conID: 1 locID: 102659353510085214 bcsId: 0,size=2097152]} | ret=SUCCESS |  
2019-08-22 07:03:40,533 [grpc-default-executor-1] INFO  client.GrpcClientProtocolClient (GrpcClientProtocolClient.java:onNext(255)) - client-CF63D631FA17->3cf1264f-5f6b-4138-aeee-2ff7d4522ead: receive RaftClientReply:client-CF63D631FA17->3cf1264f-5f6b-4138-aeee-2ff7d4522ead@group-561E16522154, cid=2615, SUCCESS, logIndex=3911, commits[3cf1264f-5f6b-4138-aeee-2ff7d4522ead:c3913, 4f0d1a15-8f14-4d9a-ad4f-8211e1245b5d:c3909, 6999f20e-c3f7-4db4-87ca-141c476f2a88:c3909]
2019-08-22 07:03:40,533 [grpc-default-executor-1] INFO  client.GrpcClientProtocolClient (GrpcClientProtocolClient.java:onNext(255)) - client-CF63D631FA17->3cf1264f-5f6b-4138-aeee-2ff7d4522ead: receive RaftClientReply:client-CF63D631FA17->3cf1264f-5f6b-4138-aeee-2ff7d4522ead@group-561E16522154, cid=2616, SUCCESS, logIndex=3912, commits[3cf1264f-5f6b-4138-aeee-2ff7d4522ead:c3913, 4f0d1a15-8f14-4d9a-ad4f-8211e1245b5d:c3909, 6999f20e-c3f7-4db4-87ca-141c476f2a88:c3909]
2019-08-22 07:03:40,534 [grpc-default-executor-1] INFO  client.GrpcClientProtocolClient (GrpcClientProtocolClient.java:onNext(255)) - client-CF63D631FA17->3cf1264f-5f6b-4138-aeee-2ff7d4522ead: receive RaftClientReply:client-CF63D631FA17->3cf1264f-5f6b-4138-aeee-2ff7d4522ead@group-561E16522154, cid=2617, SUCCESS, logIndex=3913, commits[3cf1264f-5f6b-4138-aeee-2ff7d4522ead:c3913, 4f0d1a15-8f14-4d9a-ad4f-8211e1245b5d:c3909, 6999f20e-c3f7-4db4-87ca-141c476f2a88:c3909]
2019-08-22 07:03:40,543 | INFO  | DNAudit | user=null | ip=null | op=WRITE_CHUNK {blockData=conID: 1 locID: 102659353510085214 bcsId: 0} | ret=SUCCESS |  
2019-08-22 07:03:40,543 | INFO  | DNAudit | user=null | ip=null | op=WRITE_CHUNK {blockData=conID: 1 locID: 102659353510085214 bcsId: 0} | ret=SUCCESS |  
2019-08-22 07:03:40,544 | INFO  | DNAudit | user=null | ip=null | op=PUT_BLOCK {blockData=[blockId=conID: 1 locID: 102659353510085214 bcsId: 0,size=1048576]} | ret=SUCCESS |  
2019-08-22 07:03:40,544 | INFO  | DNAudit | user=null | ip=null | op=PUT_BLOCK {blockData=[blockId=conID: 1 locID: 102659353510085214 bcsId: 0,size=1048576]} | ret=SUCCESS |  
2019-08-22 07:03:40,544 | INFO  | DNAudit | user=null | ip=null | op=WRITE_CHUNK {blockData=conID: 1 locID: 102659353510085214 bcsId: 0} | ret=SUCCESS |  
2019-08-22 07:03:40,545 | INFO  | DNAudit | user=null | ip=null | op=PUT_BLOCK {blockData=[blockId=conID: 1 locID: 102659353510085214 bcsId: 0,size=2097152]} | ret=SUCCESS |  
2019-08-22 07:03:40,544 [grpc-default-executor-1] INFO  client.GrpcClientProtocolClient (GrpcClientProtocolClient.java:onNext(255)) - client-CF63D631FA17->3cf1264f-5f6b-4138-aeee-2ff7d4522ead: receive RaftClientReply:client-CF63D631FA17->3cf1264f-5f6b-4138-aeee-2ff7d4522ead@group-561E16522154, cid=2618, SUCCESS, logIndex=0, commits[3cf1264f-5f6b-4138-aeee-2ff7d4522ead:c3915, 4f0d1a15-8f14-4d9a-ad4f-8211e1245b5d:c3911, 6999f20e-c3f7-4db4-87ca-141c476f2a88:c3911]
2019-08-22 07:03:40,546 | INFO  | DNAudit | user=null | ip=null | op=WRITE_CHUNK {blockData=conID: 1 locID: 102659353510085214 bcsId: 0} | ret=SUCCESS |  
2019-08-22 07:03:40,546 | INFO  | DNAudit | user=null | ip=null | op=PUT_BLOCK {blockData=[blockId=conID: 1 locID: 102659353510085214 bcsId: 0,size=2097152]} | ret=SUCCESS |  
2019-08-22 07:03:40,551 | INFO  | DNAudit | user=null | ip=null | op=WRITE_CHUNK {blockData=conID: 1 locID: 102659353510085214 bcsId: 3913} | ret=SUCCESS |  
2019-08-22 07:03:40,554 | INFO  | DNAudit | user=null | ip=null | op=WRITE_CHUNK {blockData=conID: 1 locID: 102659353510085214 bcsId: 3913} | ret=SUCCESS |  
2019-08-22 07:03:40,554 | INFO  | DNAudit | user=null | ip=null | op=WRITE_CHUNK {blockData=conID: 1 locID: 102659353510085214 bcsId: 3913} | ret=SUCCESS |  
2019-08-22 07:03:40,564 | INFO  | DNAudit | user=null | ip=null | op=WRITE_CHUNK {blockData=conID: 1 locID: 102659353510085214 bcsId: 3913} | ret=SUCCESS |  
2019-08-22 07:03:40,564 | INFO  | DNAudit | user=null | ip=null | op=PUT_BLOCK {blockData=[blockId=conID: 1 locID: 102659353510085214 bcsId: 0,size=3145728]} | ret=SUCCESS |  
2019-08-22 07:03:40,565 [grpc-default-executor-3] INFO  client.GrpcClientProtocolClient (GrpcClientProtocolClient.java:onNext(255)) - client-CF63D631FA17->3cf1264f-5f6b-4138-aeee-2ff7d4522ead: receive RaftClientReply:client-CF63D631FA17->3cf1264f-5f6b-4138-aeee-2ff7d4522ead@group-561E16522154, cid=2619, SUCCESS, logIndex=3917, commits[3cf1264f-5f6b-4138-aeee-2ff7d4522ead:c3918, 4f0d1a15-8f14-4d9a-ad4f-8211e1245b5d:c3916, 6999f20e-c3f7-4db4-87ca-141c476f2a88:c3916]
2019-08-22 07:03:40,565 [grpc-default-executor-3] INFO  client.GrpcClientProtocolClient (GrpcClientProtocolClient.java:onNext(255)) - client-CF63D631FA17->3cf1264f-5f6b-4138-aeee-2ff7d4522ead: receive RaftClientReply:client-CF63D631FA17->3cf1264f-5f6b-4138-aeee-2ff7d4522ead@group-561E16522154, cid=2620, SUCCESS, logIndex=3918, commits[3cf1264f-5f6b-4138-aeee-2ff7d4522ead:c3918, 4f0d1a15-8f14-4d9a-ad4f-8211e1245b5d:c3916, 6999f20e-c3f7-4db4-87ca-141c476f2a88:c3916]
2019-08-22 07:03:40,570 | INFO  | DNAudit | user=null | ip=null | op=WRITE_CHUNK {blockData=conID: 1 locID: 102659353510085214 bcsId: 3918} | ret=SUCCESS |  
2019-08-22 07:03:40,573 | INFO  | DNAudit | user=null | ip=null | op=WRITE_CHUNK {blockData=conID: 1 locID: 102659353510085214 bcsId: 3918} | ret=SUCCESS |  
2019-08-22 07:03:40,574 | INFO  | DNAudit | user=null | ip=null | op=WRITE_CHUNK {blockData=conID: 1 locID: 102659353510085214 bcsId: 3918} | ret=SUCCESS |  
2019-08-22 07:03:40,575 | INFO  | DNAudit | user=null | ip=null | op=WRITE_CHUNK {blockData=conID: 1 locID: 102659353510085214 bcsId: 3913} | ret=SUCCESS |  
2019-08-22 07:03:40,575 | INFO  | DNAudit | user=null | ip=null | op=WRITE_CHUNK {blockData=conID: 1 locID: 102659353510085214 bcsId: 3913} | ret=SUCCESS |  
2019-08-22 07:03:40,578 | INFO  | DNAudit | user=null | ip=null | op=PUT_BLOCK {blockData=[blockId=conID: 1 locID: 102659353510085214 bcsId: 0,size=3145728]} | ret=SUCCESS |  
2019-08-22 07:03:40,578 | INFO  | DNAudit | user=null | ip=null | op=PUT_BLOCK {blockData=[blockId=conID: 1 locID: 102659353510085214 bcsId: 0,size=3145728]} | ret=SUCCESS |  
2019-08-22 07:03:40,578 | INFO  | DNAudit | user=null | ip=null | op=WRITE_CHUNK {blockData=conID: 1 locID: 102659353510085214 bcsId: 3918} | ret=SUCCESS |  
2019-08-22 07:03:40,579 | INFO  | DNAudit | user=null | ip=null | op=PUT_BLOCK {blockData=[blockId=conID: 1 locID: 102659353510085214 bcsId: 0,size=4194304]} | ret=SUCCESS |  
2019-08-22 07:03:40,579 [grpc-default-executor-3] INFO  client.GrpcClientProtocolClient (GrpcClientProtocolClient.java:onNext(255)) - client-CF63D631FA17->3cf1264f-5f6b-4138-aeee-2ff7d4522ead: receive RaftClientReply:client-CF63D631FA17->3cf1264f-5f6b-4138-aeee-2ff7d4522ead@group-561E16522154, cid=2621, SUCCESS, logIndex=3921, commits[3cf1264f-5f6b-4138-aeee-2ff7d4522ead:c3922, 4f0d1a15-8f14-4d9a-ad4f-8211e1245b5d:c3918, 6999f20e-c3f7-4db4-87ca-141c476f2a88:c3918]
2019-08-22 07:03:40,579 [grpc-default-executor-3] INFO  client.GrpcClientProtocolClient (GrpcClientProtocolClient.java:onNext(255)) - client-CF63D631FA17->3cf1264f-5f6b-4138-aeee-2ff7d4522ead: receive RaftClientReply:client-CF63D631FA17->3cf1264f-5f6b-4138-aeee-2ff7d4522ead@group-561E16522154, cid=2622, SUCCESS, logIndex=3922, commits[3cf1264f-5f6b-4138-aeee-2ff7d4522ead:c3922, 4f0d1a15-8f14-4d9a-ad4f-8211e1245b5d:c3918, 6999f20e-c3f7-4db4-87ca-141c476f2a88:c3918]
2019-08-22 07:03:40,591 | INFO  | DNAudit | user=null | ip=null | op=WRITE_CHUNK {blockData=conID: 1 locID: 102659353510085214 bcsId: 3918} | ret=SUCCESS |  
2019-08-22 07:03:40,592 | INFO  | DNAudit | user=null | ip=null | op=WRITE_CHUNK {blockData=conID: 1 locID: 102659353510085214 bcsId: 3918} | ret=SUCCESS |  
2019-08-22 07:03:40,603 | INFO  | DNAudit | user=null | ip=null | op=PUT_BLOCK {blockData=[blockId=conID: 1 locID: 102659353510085214 bcsId: 0,size=4194304]} | ret=SUCCESS |  
2019-08-22 07:03:40,603 | INFO  | DNAudit | user=null | ip=null | op=PUT_BLOCK {blockData=[blockId=conID: 1 locID: 102659353510085214 bcsId: 0,size=4194304]} | ret=SUCCESS |  
2019-08-22 07:03:40,604 [grpc-default-executor-3] INFO  client.GrpcClientProtocolClient (GrpcClientProtocolClient.java:onNext(255)) - client-CF63D631FA17->3cf1264f-5f6b-4138-aeee-2ff7d4522ead: receive RaftClientReply:client-CF63D631FA17->3cf1264f-5f6b-4138-aeee-2ff7d4522ead@group-561E16522154, cid=2623, SUCCESS, logIndex=0, commits[3cf1264f-5f6b-4138-aeee-2ff7d4522ead:c3924, 4f0d1a15-8f14-4d9a-ad4f-8211e1245b5d:c3922, 6999f20e-c3f7-4db4-87ca-141c476f2a88:c3922]
2019-08-22 07:03:40,608 | INFO  | SCMAudit | user=jenkins1000 | ip=192.168.34.31 | op=ALLOCATE_BLOCK {owner=04b6d46a-98e2-41b1-9f38-1870289993ea, size=4194304, type=RATIS, factor=THREE} | ret=SUCCESS |  
2019-08-22 07:03:40,611 | INFO  | OMAudit | user=jenkins1000 | ip=127.0.0.1 | op=ALLOCATE_BLOCK {volume=vol-0-14906, bucket=bucket-0-53153, key=key-0-33222, dataSize=0, replicationType=null, replicationFactor=null, keyLocationInfo=null, clientID=102659352017764754} | ret=SUCCESS |  
2019-08-22 07:03:40,619 | INFO  | DNAudit | user=null | ip=null | op=WRITE_CHUNK {blockData=conID: 2 locID: 102659353516966495 bcsId: 0} | ret=SUCCESS |  
2019-08-22 07:03:40,623 | INFO  | DNAudit | user=null | ip=null | op=WRITE_CHUNK {blockData=conID: 2 locID: 102659353516966495 bcsId: 0} | ret=SUCCESS |  
2019-08-22 07:03:40,623 | INFO  | DNAudit | user=null | ip=null | op=WRITE_CHUNK {blockData=conID: 2 locID: 102659353516966495 bcsId: 0} | ret=SUCCESS |  
2019-08-22 07:03:40,624 | INFO  | DNAudit | user=null | ip=null | op=WRITE_CHUNK {blockData=conID: 2 locID: 102659353516966495 bcsId: 0} | ret=SUCCESS |  
2019-08-22 07:03:40,627 | INFO  | DNAudit | user=null | ip=null | op=WRITE_CHUNK {blockData=conID: 2 locID: 102659353516966495 bcsId: 0} | ret=SUCCESS |  
2019-08-22 07:03:40,627 | INFO  | DNAudit | user=null | ip=null | op=WRITE_CHUNK {blockData=conID: 2 locID: 102659353516966495 bcsId: 0} | ret=SUCCESS |  
2019-08-22 07:03:40,633 | INFO  | DNAudit | user=null | ip=null | op=WRITE_CHUNK {blockData=conID: 2 locID: 102659353516966495 bcsId: 0} | ret=SUCCESS |  
2019-08-22 07:03:40,634 | INFO  | DNAudit | user=null | ip=null | op=PUT_BLOCK {blockData=[blockId=conID: 2 locID: 102659353516966495 bcsId: 0,size=1048576]} | ret=SUCCESS |  
2019-08-22 07:03:40,634 [grpc-default-executor-1] INFO  client.GrpcClientProtocolClient (GrpcClientProtocolClient.java:onNext(255)) - client-CF63D631FA17->3cf1264f-5f6b-4138-aeee-2ff7d4522ead: receive RaftClientReply:client-CF63D631FA17->3cf1264f-5f6b-4138-aeee-2ff7d4522ead@group-561E16522154, cid=2624, SUCCESS, logIndex=3925, commits[3cf1264f-5f6b-4138-aeee-2ff7d4522ead:c3926, 4f0d1a15-8f14-4d9a-ad4f-8211e1245b5d:c3924, 6999f20e-c3f7-4db4-87ca-141c476f2a88:c3924]
2019-08-22 07:03:40,635 [grpc-default-executor-1] INFO  client.GrpcClientProtocolClient (GrpcClientProtocolClient.java:onNext(255)) - client-CF63D631FA17->3cf1264f-5f6b-4138-aeee-2ff7d4522ead: receive RaftClientReply:client-CF63D631FA17->3cf1264f-5f6b-4138-aeee-2ff7d4522ead@group-561E16522154, cid=2625, SUCCESS, logIndex=3926, commits[3cf1264f-5f6b-4138-aeee-2ff7d4522ead:c3926, 4f0d1a15-8f14-4d9a-ad4f-8211e1245b5d:c3924, 6999f20e-c3f7-4db4-87ca-141c476f2a88:c3924]
2019-08-22 07:03:40,635 | INFO  | DNAudit | user=null | ip=null | op=WRITE_CHUNK {blockData=conID: 2 locID: 102659353516966495 bcsId: 0} | ret=SUCCESS |  
2019-08-22 07:03:40,636 | INFO  | DNAudit | user=null | ip=null | op=PUT_BLOCK {blockData=[blockId=conID: 2 locID: 102659353516966495 bcsId: 0,size=2097152]} | ret=SUCCESS |  
2019-08-22 07:03:40,636 [grpc-default-executor-1] INFO  client.GrpcClientProtocolClient (GrpcClientProtocolClient.java:onNext(255)) - client-CF63D631FA17->3cf1264f-5f6b-4138-aeee-2ff7d4522ead: receive RaftClientReply:client-CF63D631FA17->3cf1264f-5f6b-4138-aeee-2ff7d4522ead@group-561E16522154, cid=2626, SUCCESS, logIndex=3927, commits[3cf1264f-5f6b-4138-aeee-2ff7d4522ead:c3928, 4f0d1a15-8f14-4d9a-ad4f-8211e1245b5d:c3924, 6999f20e-c3f7-4db4-87ca-141c476f2a88:c3924]
2019-08-22 07:03:40,636 | INFO  | DNAudit | user=null | ip=null | op=WRITE_CHUNK {blockData=conID: 2 locID: 102659353516966495 bcsId: 0} | ret=SUCCESS |  
2019-08-22 07:03:40,636 [grpc-default-executor-1] INFO  client.GrpcClientProtocolClient (GrpcClientProtocolClient.java:onNext(255)) - client-CF63D631FA17->3cf1264f-5f6b-4138-aeee-2ff7d4522ead: receive RaftClientReply:client-CF63D631FA17->3cf1264f-5f6b-4138-aeee-2ff7d4522ead@group-561E16522154, cid=2627, SUCCESS, logIndex=3928, commits[3cf1264f-5f6b-4138-aeee-2ff7d4522ead:c3928, 4f0d1a15-8f14-4d9a-ad4f-8211e1245b5d:c3924, 6999f20e-c3f7-4db4-87ca-141c476f2a88:c3924]
2019-08-22 07:03:40,636 | INFO  | DNAudit | user=null | ip=null | op=PUT_BLOCK {blockData=[blockId=conID: 2 locID: 102659353516966495 bcsId: 0,size=1048576]} | ret=SUCCESS |  
2019-08-22 07:03:40,637 | INFO  | DNAudit | user=null | ip=null | op=WRITE_CHUNK {blockData=conID: 2 locID: 102659353516966495 bcsId: 0} | ret=SUCCESS |  
2019-08-22 07:03:40,638 | INFO  | DNAudit | user=null | ip=null | op=PUT_BLOCK {blockData=[blockId=conID: 2 locID: 102659353516966495 bcsId: 0,size=1048576]} | ret=SUCCESS |  
2019-08-22 07:03:40,638 [grpc-default-executor-1] INFO  client.GrpcClientProtocolClient (GrpcClientProtocolClient.java:onNext(255)) - client-CF63D631FA17->3cf1264f-5f6b-4138-aeee-2ff7d4522ead: receive RaftClientReply:client-CF63D631FA17->3cf1264f-5f6b-4138-aeee-2ff7d4522ead@group-561E16522154, cid=2628, SUCCESS, logIndex=0, commits[3cf1264f-5f6b-4138-aeee-2ff7d4522ead:c3930, 4f0d1a15-8f14-4d9a-ad4f-8211e1245b5d:c3926, 6999f20e-c3f7-4db4-87ca-141c476f2a88:c3926]
2019-08-22 07:03:40,645 | INFO  | DNAudit | user=null | ip=null | op=WRITE_CHUNK {blockData=conID: 2 locID: 102659353516966495 bcsId: 3928} | ret=SUCCESS |  
2019-08-22 07:03:40,648 | INFO  | DNAudit | user=null | ip=null | op=WRITE_CHUNK {blockData=conID: 2 locID: 102659353516966495 bcsId: 3928} | ret=SUCCESS |  
2019-08-22 07:03:40,648 | INFO  | DNAudit | user=null | ip=null | op=WRITE_CHUNK {blockData=conID: 2 locID: 102659353516966495 bcsId: 3928} | ret=SUCCESS |  
2019-08-22 07:03:40,657 | INFO  | DNAudit | user=null | ip=null | op=WRITE_CHUNK {blockData=conID: 2 locID: 102659353516966495 bcsId: 0} | ret=SUCCESS |  
2019-08-22 07:03:40,657 | INFO  | DNAudit | user=null | ip=null | op=PUT_BLOCK {blockData=[blockId=conID: 2 locID: 102659353516966495 bcsId: 0,size=2097152]} | ret=SUCCESS |  
2019-08-22 07:03:40,659 | INFO  | DNAudit | user=null | ip=null | op=WRITE_CHUNK {blockData=conID: 2 locID: 102659353516966495 bcsId: 0} | ret=SUCCESS |  
2019-08-22 07:03:40,659 | INFO  | DNAudit | user=null | ip=null | op=PUT_BLOCK {blockData=[blockId=conID: 2 locID: 102659353516966495 bcsId: 0,size=2097152]} | ret=SUCCESS |  
2019-08-22 07:03:40,662 | INFO  | DNAudit | user=null | ip=null | op=WRITE_CHUNK {blockData=conID: 2 locID: 102659353516966495 bcsId: 3928} | ret=SUCCESS |  
2019-08-22 07:03:40,662 | INFO  | DNAudit | user=null | ip=null | op=PUT_BLOCK {blockData=[blockId=conID: 2 locID: 102659353516966495 bcsId: 0,size=3145728]} | ret=SUCCESS |  
2019-08-22 07:03:40,663 [grpc-default-executor-3] INFO  client.GrpcClientProtocolClient (GrpcClientProtocolClient.java:onNext(255)) - client-CF63D631FA17->3cf1264f-5f6b-4138-aeee-2ff7d4522ead: receive RaftClientReply:client-CF63D631FA17->3cf1264f-5f6b-4138-aeee-2ff7d4522ead@group-561E16522154, cid=2629, SUCCESS, logIndex=3933, commits[3cf1264f-5f6b-4138-aeee-2ff7d4522ead:c3934, 4f0d1a15-8f14-4d9a-ad4f-8211e1245b5d:c3930, 6999f20e-c3f7-4db4-87ca-141c476f2a88:c3928]
2019-08-22 07:03:40,663 [grpc-default-executor-3] INFO  client.GrpcClientProtocolClient (GrpcClientProtocolClient.java:onNext(255)) - client-CF63D631FA17->3cf1264f-5f6b-4138-aeee-2ff7d4522ead: receive RaftClientReply:client-CF63D631FA17->3cf1264f-5f6b-4138-aeee-2ff7d4522ead@group-561E16522154, cid=2630, SUCCESS, logIndex=3934, commits[3cf1264f-5f6b-4138-aeee-2ff7d4522ead:c3934, 4f0d1a15-8f14-4d9a-ad4f-8211e1245b5d:c3930, 6999f20e-c3f7-4db4-87ca-141c476f2a88:c3930]
2019-08-22 07:03:40,664 | INFO  | DNAudit | user=null | ip=null | op=WRITE_CHUNK {blockData=conID: 2 locID: 102659353516966495 bcsId: 3928} | ret=SUCCESS |  
2019-08-22 07:03:40,664 | INFO  | DNAudit | user=null | ip=null | op=WRITE_CHUNK {blockData=conID: 2 locID: 102659353516966495 bcsId: 3928} | ret=SUCCESS |  
2019-08-22 07:03:40,665 | INFO  | DNAudit | user=null | ip=null | op=PUT_BLOCK {blockData=[blockId=conID: 2 locID: 102659353516966495 bcsId: 0,size=3145728]} | ret=SUCCESS |  
2019-08-22 07:03:40,665 | INFO  | DNAudit | user=null | ip=null | op=PUT_BLOCK {blockData=[blockId=conID: 2 locID: 102659353516966495 bcsId: 0,size=3145728]} | ret=SUCCESS |  
2019-08-22 07:03:40,670 | INFO  | DNAudit | user=null | ip=null | op=WRITE_CHUNK {blockData=conID: 2 locID: 102659353516966495 bcsId: 3934} | ret=SUCCESS |  
2019-08-22 07:03:40,672 | INFO  | DNAudit | user=null | ip=null | op=WRITE_CHUNK {blockData=conID: 2 locID: 102659353516966495 bcsId: 3934} | ret=SUCCESS |  
2019-08-22 07:03:40,673 | INFO  | DNAudit | user=null | ip=null | op=WRITE_CHUNK {blockData=conID: 2 locID: 102659353516966495 bcsId: 3934} | ret=SUCCESS |  
2019-08-22 07:03:40,692 | INFO  | DNAudit | user=null | ip=null | op=WRITE_CHUNK {blockData=conID: 2 locID: 102659353516966495 bcsId: 3934} | ret=SUCCESS |  
2019-08-22 07:03:40,693 | INFO  | DNAudit | user=null | ip=null | op=PUT_BLOCK {blockData=[blockId=conID: 2 locID: 102659353516966495 bcsId: 0,size=4194304]} | ret=SUCCESS |  
2019-08-22 07:03:40,693 [grpc-default-executor-5] INFO  client.GrpcClientProtocolClient (GrpcClientProtocolClient.java:onNext(255)) - client-CF63D631FA17->3cf1264f-5f6b-4138-aeee-2ff7d4522ead: receive RaftClientReply:client-CF63D631FA17->3cf1264f-5f6b-4138-aeee-2ff7d4522ead@group-561E16522154, cid=2631, SUCCESS, logIndex=3936, commits[3cf1264f-5f6b-4138-aeee-2ff7d4522ead:c3937, 4f0d1a15-8f14-4d9a-ad4f-8211e1245b5d:c3935, 6999f20e-c3f7-4db4-87ca-141c476f2a88:c3935]
2019-08-22 07:03:40,693 [grpc-default-executor-5] INFO  client.GrpcClientProtocolClient (GrpcClientProtocolClient.java:onNext(255)) - client-CF63D631FA17->3cf1264f-5f6b-4138-aeee-2ff7d4522ead: receive RaftClientReply:client-CF63D631FA17->3cf1264f-5f6b-4138-aeee-2ff7d4522ead@group-561E16522154, cid=2632, SUCCESS, logIndex=3937, commits[3cf1264f-5f6b-4138-aeee-2ff7d4522ead:c3937, 4f0d1a15-8f14-4d9a-ad4f-8211e1245b5d:c3935, 6999f20e-c3f7-4db4-87ca-141c476f2a88:c3935]
2019-08-22 07:03:40,695 | INFO  | DNAudit | user=null | ip=null | op=WRITE_CHUNK {blockData=conID: 2 locID: 102659353516966495 bcsId: 3934} | ret=SUCCESS |  
2019-08-22 07:03:40,695 | INFO  | DNAudit | user=null | ip=null | op=WRITE_CHUNK {blockData=conID: 2 locID: 102659353516966495 bcsId: 3934} | ret=SUCCESS |  
2019-08-22 07:03:40,695 | INFO  | DNAudit | user=null | ip=null | op=PUT_BLOCK {blockData=[blockId=conID: 2 locID: 102659353516966495 bcsId: 0,size=4194304]} | ret=SUCCESS |  
2019-08-22 07:03:40,695 | INFO  | DNAudit | user=null | ip=null | op=PUT_BLOCK {blockData=[blockId=conID: 2 locID: 102659353516966495 bcsId: 0,size=4194304]} | ret=SUCCESS |  
2019-08-22 07:03:40,696 [grpc-default-executor-5] INFO  client.GrpcClientProtocolClient (GrpcClientProtocolClient.java:onNext(255)) - client-CF63D631FA17->3cf1264f-5f6b-4138-aeee-2ff7d4522ead: receive RaftClientReply:client-CF63D631FA17->3cf1264f-5f6b-4138-aeee-2ff7d4522ead@group-561E16522154, cid=2633, SUCCESS, logIndex=0, commits[3cf1264f-5f6b-4138-aeee-2ff7d4522ead:c3938, 4f0d1a15-8f14-4d9a-ad4f-8211e1245b5d:c3937, 6999f20e-c3f7-4db4-87ca-141c476f2a88:c3937]
2019-08-22 07:03:40,700 | INFO  | SCMAudit | user=jenkins1000 | ip=192.168.34.31 | op=ALLOCATE_BLOCK {owner=04b6d46a-98e2-41b1-9f38-1870289993ea, size=4194304, type=RATIS, factor=THREE} | ret=SUCCESS |  
2019-08-22 07:03:40,703 | INFO  | OMAudit | user=jenkins1000 | ip=127.0.0.1 | op=ALLOCATE_BLOCK {volume=vol-0-14906, bucket=bucket-0-53153, key=key-0-33222, dataSize=0, replicationType=null, replicationFactor=null, keyLocationInfo=null, clientID=102659352017764754} | ret=SUCCESS |  
2019-08-22 07:03:40,710 | INFO  | DNAudit | user=null | ip=null | op=WRITE_CHUNK {blockData=conID: 3 locID: 102659353522995808 bcsId: 0} | ret=SUCCESS |  
2019-08-22 07:03:40,712 | INFO  | DNAudit | user=null | ip=null | op=WRITE_CHUNK {blockData=conID: 3 locID: 102659353522995808 bcsId: 0} | ret=SUCCESS |  
2019-08-22 07:03:40,712 | INFO  | DNAudit | user=null | ip=null | op=WRITE_CHUNK {blockData=conID: 3 locID: 102659353522995808 bcsId: 0} | ret=SUCCESS |  
2019-08-22 07:03:40,712 | INFO  | DNAudit | user=null | ip=null | op=WRITE_CHUNK {blockData=conID: 3 locID: 102659353522995808 bcsId: 0} | ret=SUCCESS |  
2019-08-22 07:03:40,715 | INFO  | DNAudit | user=null | ip=null | op=WRITE_CHUNK {blockData=conID: 3 locID: 102659353522995808 bcsId: 0} | ret=SUCCESS |  
2019-08-22 07:03:40,715 | INFO  | DNAudit | user=null | ip=null | op=WRITE_CHUNK {blockData=conID: 3 locID: 102659353522995808 bcsId: 0} | ret=SUCCESS |  
2019-08-22 07:03:40,722 | INFO  | DNAudit | user=null | ip=null | op=WRITE_CHUNK {blockData=conID: 3 locID: 102659353522995808 bcsId: 0} | ret=SUCCESS |  
2019-08-22 07:03:40,723 | INFO  | DNAudit | user=null | ip=null | op=PUT_BLOCK {blockData=[blockId=conID: 3 locID: 102659353522995808 bcsId: 0,size=1048576]} | ret=SUCCESS |  
2019-08-22 07:03:40,723 [grpc-default-executor-5] INFO  client.GrpcClientProtocolClient (GrpcClientProtocolClient.java:onNext(255)) - client-CF63D631FA17->3cf1264f-5f6b-4138-aeee-2ff7d4522ead: receive RaftClientReply:client-CF63D631FA17->3cf1264f-5f6b-4138-aeee-2ff7d4522ead@group-561E16522154, cid=2634, SUCCESS, logIndex=3940, commits[3cf1264f-5f6b-4138-aeee-2ff7d4522ead:c3941, 4f0d1a15-8f14-4d9a-ad4f-8211e1245b5d:c3939, 6999f20e-c3f7-4db4-87ca-141c476f2a88:c3939]
2019-08-22 07:03:40,723 | INFO  | DNAudit | user=null | ip=null | op=WRITE_CHUNK {blockData=conID: 3 locID: 102659353522995808 bcsId: 0} | ret=SUCCESS |  
2019-08-22 07:03:40,724 [grpc-default-executor-5] INFO  client.GrpcClientProtocolClient (GrpcClientProtocolClient.java:onNext(255)) - client-CF63D631FA17->3cf1264f-5f6b-4138-aeee-2ff7d4522ead: receive RaftClientReply:client-CF63D631FA17->3cf1264f-5f6b-4138-aeee-2ff7d4522ead@group-561E16522154, cid=2635, SUCCESS, logIndex=3941, commits[3cf1264f-5f6b-4138-aeee-2ff7d4522ead:c3941, 4f0d1a15-8f14-4d9a-ad4f-8211e1245b5d:c3939, 6999f20e-c3f7-4db4-87ca-141c476f2a88:c3939]
2019-08-22 07:03:40,724 | INFO  | DNAudit | user=null | ip=null | op=PUT_BLOCK {blockData=[blockId=conID: 3 locID: 102659353522995808 bcsId: 0,size=2097152]} | ret=SUCCESS |  
2019-08-22 07:03:40,724 [grpc-default-executor-5] INFO  client.GrpcClientProtocolClient (GrpcClientProtocolClient.java:onNext(255)) - client-CF63D631FA17->3cf1264f-5f6b-4138-aeee-2ff7d4522ead: receive RaftClientReply:client-CF63D631FA17->3cf1264f-5f6b-4138-aeee-2ff7d4522ead@group-561E16522154, cid=2636, SUCCESS, logIndex=3942, commits[3cf1264f-5f6b-4138-aeee-2ff7d4522ead:c3942, 4f0d1a15-8f14-4d9a-ad4f-8211e1245b5d:c3939, 6999f20e-c3f7-4db4-87ca-141c476f2a88:c3939]
2019-08-22 07:03:40,724 [grpc-default-executor-5] INFO  client.GrpcClientProtocolClient (GrpcClientProtocolClient.java:onNext(255)) - client-CF63D631FA17->3cf1264f-5f6b-4138-aeee-2ff7d4522ead: receive RaftClientReply:client-CF63D631FA17->3cf1264f-5f6b-4138-aeee-2ff7d4522ead@group-561E16522154, cid=2637, SUCCESS, logIndex=3943, commits[3cf1264f-5f6b-4138-aeee-2ff7d4522ead:c3943, 4f0d1a15-8f14-4d9a-ad4f-8211e1245b5d:c3939, 6999f20e-c3f7-4db4-87ca-141c476f2a88:c3939]
2019-08-22 07:03:40,725 | INFO  | DNAudit | user=null | ip=null | op=WRITE_CHUNK {blockData=conID: 3 locID: 102659353522995808 bcsId: 0} | ret=SUCCESS |  
2019-08-22 07:03:40,725 | INFO  | DNAudit | user=null | ip=null | op=PUT_BLOCK {blockData=[blockId=conID: 3 locID: 102659353522995808 bcsId: 0,size=1048576]} | ret=SUCCESS |  
2019-08-22 07:03:40,725 | INFO  | DNAudit | user=null | ip=null | op=WRITE_CHUNK {blockData=conID: 3 locID: 102659353522995808 bcsId: 0} | ret=SUCCESS |  
2019-08-22 07:03:40,725 | INFO  | DNAudit | user=null | ip=null | op=PUT_BLOCK {blockData=[blockId=conID: 3 locID: 102659353522995808 bcsId: 0,size=1048576]} | ret=SUCCESS |  
2019-08-22 07:03:40,725 [grpc-default-executor-0] INFO  client.GrpcClientProtocolClient (GrpcClientProtocolClient.java:onNext(255)) - client-CF63D631FA17->3cf1264f-5f6b-4138-aeee-2ff7d4522ead: receive RaftClientReply:client-CF63D631FA17->3cf1264f-5f6b-4138-aeee-2ff7d4522ead@group-561E16522154, cid=2638, SUCCESS, logIndex=0, commits[3cf1264f-5f6b-4138-aeee-2ff7d4522ead:c3945, 4f0d1a15-8f14-4d9a-ad4f-8211e1245b5d:c3941, 6999f20e-c3f7-4db4-87ca-141c476f2a88:c3941]
2019-08-22 07:03:40,727 | INFO  | DNAudit | user=null | ip=null | op=WRITE_CHUNK {blockData=conID: 3 locID: 102659353522995808 bcsId: 0} | ret=SUCCESS |  
2019-08-22 07:03:40,727 | INFO  | DNAudit | user=null | ip=null | op=PUT_BLOCK {blockData=[blockId=conID: 3 locID: 102659353522995808 bcsId: 0,size=2097152]} | ret=SUCCESS |  
2019-08-22 07:03:40,732 | INFO  | DNAudit | user=null | ip=null | op=WRITE_CHUNK {blockData=conID: 3 locID: 102659353522995808 bcsId: 3943} | ret=SUCCESS |  
2019-08-22 07:03:40,734 | INFO  | DNAudit | user=null | ip=null | op=WRITE_CHUNK {blockData=conID: 3 locID: 102659353522995808 bcsId: 3943} | ret=SUCCESS |  
2019-08-22 07:03:40,734 | INFO  | DNAudit | user=null | ip=null | op=WRITE_CHUNK {blockData=conID: 3 locID: 102659353522995808 bcsId: 3943} | ret=SUCCESS |  
2019-08-22 07:03:40,738 | INFO  | DNAudit | user=null | ip=null | op=WRITE_CHUNK {blockData=conID: 3 locID: 102659353522995808 bcsId: 0} | ret=SUCCESS |  
2019-08-22 07:03:40,739 | INFO  | DNAudit | user=null | ip=null | op=PUT_BLOCK {blockData=[blockId=conID: 3 locID: 102659353522995808 bcsId: 0,size=2097152]} | ret=SUCCESS |  
2019-08-22 07:03:40,739 | INFO  | DNAudit | user=null | ip=null | op=WRITE_CHUNK {blockData=conID: 3 locID: 102659353522995808 bcsId: 3943} | ret=SUCCESS |  
2019-08-22 07:03:40,740 | INFO  | DNAudit | user=null | ip=null | op=PUT_BLOCK {blockData=[blockId=conID: 3 locID: 102659353522995808 bcsId: 0,size=3145728]} | ret=SUCCESS |  
2019-08-22 07:03:40,740 [grpc-default-executor-1] INFO  client.GrpcClientProtocolClient (GrpcClientProtocolClient.java:onNext(255)) - client-CF63D631FA17->3cf1264f-5f6b-4138-aeee-2ff7d4522ead: receive RaftClientReply:client-CF63D631FA17->3cf1264f-5f6b-4138-aeee-2ff7d4522ead@group-561E16522154, cid=2639, SUCCESS, logIndex=3948, commits[3cf1264f-5f6b-4138-aeee-2ff7d4522ead:c3949, 4f0d1a15-8f14-4d9a-ad4f-8211e1245b5d:c3947, 6999f20e-c3f7-4db4-87ca-141c476f2a88:c3947]
2019-08-22 07:03:40,740 [grpc-default-executor-1] INFO  client.GrpcClientProtocolClient (GrpcClientProtocolClient.java:onNext(255)) - client-CF63D631FA17->3cf1264f-5f6b-4138-aeee-2ff7d4522ead: receive RaftClientReply:client-CF63D631FA17->3cf1264f-5f6b-4138-aeee-2ff7d4522ead@group-561E16522154, cid=2640, SUCCESS, logIndex=3949, commits[3cf1264f-5f6b-4138-aeee-2ff7d4522ead:c3949, 4f0d1a15-8f14-4d9a-ad4f-8211e1245b5d:c3947, 6999f20e-c3f7-4db4-87ca-141c476f2a88:c3947]
2019-08-22 07:03:40,742 | INFO  | DNAudit | user=null | ip=null | op=WRITE_CHUNK {blockData=conID: 3 locID: 102659353522995808 bcsId: 3943} | ret=SUCCESS |  
2019-08-22 07:03:40,742 | INFO  | DNAudit | user=null | ip=null | op=WRITE_CHUNK {blockData=conID: 3 locID: 102659353522995808 bcsId: 3943} | ret=SUCCESS |  
2019-08-22 07:03:40,742 | INFO  | DNAudit | user=null | ip=null | op=PUT_BLOCK {blockData=[blockId=conID: 3 locID: 102659353522995808 bcsId: 0,size=3145728]} | ret=SUCCESS |  
2019-08-22 07:03:40,742 | INFO  | DNAudit | user=null | ip=null | op=PUT_BLOCK {blockData=[blockId=conID: 3 locID: 102659353522995808 bcsId: 0,size=3145728]} | ret=SUCCESS |  
2019-08-22 07:03:40,746 | INFO  | DNAudit | user=null | ip=null | op=WRITE_CHUNK {blockData=conID: 3 locID: 102659353522995808 bcsId: 3949} | ret=SUCCESS |  
2019-08-22 07:03:40,749 | INFO  | DNAudit | user=null | ip=null | op=WRITE_CHUNK {blockData=conID: 3 locID: 102659353522995808 bcsId: 3949} | ret=SUCCESS |  
2019-08-22 07:03:40,749 | INFO  | DNAudit | user=null | ip=null | op=WRITE_CHUNK {blockData=conID: 3 locID: 102659353522995808 bcsId: 3949} | ret=SUCCESS |  
2019-08-22 07:03:40,754 | INFO  | DNAudit | user=null | ip=null | op=WRITE_CHUNK {blockData=conID: 3 locID: 102659353522995808 bcsId: 3949} | ret=SUCCESS |  
2019-08-22 07:03:40,755 | INFO  | DNAudit | user=null | ip=null | op=PUT_BLOCK {blockData=[blockId=conID: 3 locID: 102659353522995808 bcsId: 0,size=4194304]} | ret=SUCCESS |  
2019-08-22 07:03:40,755 [grpc-default-executor-5] INFO  client.GrpcClientProtocolClient (GrpcClientProtocolClient.java:onNext(255)) - client-CF63D631FA17->3cf1264f-5f6b-4138-aeee-2ff7d4522ead: receive RaftClientReply:client-CF63D631FA17->3cf1264f-5f6b-4138-aeee-2ff7d4522ead@group-561E16522154, cid=2641, SUCCESS, logIndex=3952, commits[3cf1264f-5f6b-4138-aeee-2ff7d4522ead:c3953, 4f0d1a15-8f14-4d9a-ad4f-8211e1245b5d:c3949, 6999f20e-c3f7-4db4-87ca-141c476f2a88:c3950]
2019-08-22 07:03:40,755 [grpc-default-executor-5] INFO  client.GrpcClientProtocolClient (GrpcClientProtocolClient.java:onNext(255)) - client-CF63D631FA17->3cf1264f-5f6b-4138-aeee-2ff7d4522ead: receive RaftClientReply:client-CF63D631FA17->3cf1264f-5f6b-4138-aeee-2ff7d4522ead@group-561E16522154, cid=2642, SUCCESS, logIndex=3953, commits[3cf1264f-5f6b-4138-aeee-2ff7d4522ead:c3953, 4f0d1a15-8f14-4d9a-ad4f-8211e1245b5d:c3950, 6999f20e-c3f7-4db4-87ca-141c476f2a88:c3950]
2019-08-22 07:03:40,757 | INFO  | DNAudit | user=null | ip=null | op=WRITE_CHUNK {blockData=conID: 3 locID: 102659353522995808 bcsId: 3949} | ret=SUCCESS |  
2019-08-22 07:03:40,758 | INFO  | DNAudit | user=null | ip=null | op=WRITE_CHUNK {blockData=conID: 3 locID: 102659353522995808 bcsId: 3949} | ret=SUCCESS |  
2019-08-22 07:03:40,758 | INFO  | DNAudit | user=null | ip=null | op=PUT_BLOCK {blockData=[blockId=conID: 3 locID: 102659353522995808 bcsId: 0,size=4194304]} | ret=SUCCESS |  
2019-08-22 07:03:40,758 | INFO  | DNAudit | user=null | ip=null | op=PUT_BLOCK {blockData=[blockId=conID: 3 locID: 102659353522995808 bcsId: 0,size=4194304]} | ret=SUCCESS |  
2019-08-22 07:03:40,758 [grpc-default-executor-5] INFO  client.GrpcClientProtocolClient (GrpcClientProtocolClient.java:onNext(255)) - client-CF63D631FA17->3cf1264f-5f6b-4138-aeee-2ff7d4522ead: receive RaftClientReply:client-CF63D631FA17->3cf1264f-5f6b-4138-aeee-2ff7d4522ead@group-561E16522154, cid=2643, SUCCESS, logIndex=0, commits[3cf1264f-5f6b-4138-aeee-2ff7d4522ead:c3954, 4f0d1a15-8f14-4d9a-ad4f-8211e1245b5d:c3953, 6999f20e-c3f7-4db4-87ca-141c476f2a88:c3953]
2019-08-22 07:03:40,764 | INFO  | SCMAudit | user=jenkins1000 | ip=192.168.34.31 | op=ALLOCATE_BLOCK {owner=04b6d46a-98e2-41b1-9f38-1870289993ea, size=4194304, type=RATIS, factor=THREE} | ret=SUCCESS |  
2019-08-22 07:03:40,768 | INFO  | OMAudit | user=jenkins1000 | ip=127.0.0.1 | op=ALLOCATE_BLOCK {volume=vol-0-14906, bucket=bucket-0-53153, key=key-0-33222, dataSize=0, replicationType=null, replicationFactor=null, keyLocationInfo=null, clientID=102659352017764754} | ret=SUCCESS |  
2019-08-22 07:03:40,774 | INFO  | DNAudit | user=null | ip=null | op=WRITE_CHUNK {blockData=conID: 1 locID: 102659353527190113 bcsId: 0} | ret=SUCCESS |  
2019-08-22 07:03:40,777 | INFO  | DNAudit | user=null | ip=null | op=WRITE_CHUNK {blockData=conID: 1 locID: 102659353527190113 bcsId: 0} | ret=SUCCESS |  
2019-08-22 07:03:40,777 | INFO  | DNAudit | user=null | ip=null | op=WRITE_CHUNK {blockData=conID: 1 locID: 102659353527190113 bcsId: 0} | ret=SUCCESS |  
2019-08-22 07:03:40,777 | INFO  | DNAudit | user=null | ip=null | op=WRITE_CHUNK {blockData=conID: 1 locID: 102659353527190113 bcsId: 0} | ret=SUCCESS |  
2019-08-22 07:03:40,779 | INFO  | DNAudit | user=null | ip=null | op=WRITE_CHUNK {blockData=conID: 1 locID: 102659353527190113 bcsId: 0} | ret=SUCCESS |  
2019-08-22 07:03:40,780 | INFO  | DNAudit | user=null | ip=null | op=WRITE_CHUNK {blockData=conID: 1 locID: 102659353527190113 bcsId: 0} | ret=SUCCESS |  
2019-08-22 07:03:40,787 | INFO  | DNAudit | user=null | ip=null | op=WRITE_CHUNK {blockData=conID: 1 locID: 102659353527190113 bcsId: 0} | ret=SUCCESS |  
2019-08-22 07:03:40,787 | INFO  | DNAudit | user=null | ip=null | op=PUT_BLOCK {blockData=[blockId=conID: 1 locID: 102659353527190113 bcsId: 0,size=1048576]} | ret=SUCCESS |  
2019-08-22 07:03:40,787 [grpc-default-executor-0] INFO  client.GrpcClientProtocolClient (GrpcClientProtocolClient.java:onNext(255)) - client-CF63D631FA17->3cf1264f-5f6b-4138-aeee-2ff7d4522ead: receive RaftClientReply:client-CF63D631FA17->3cf1264f-5f6b-4138-aeee-2ff7d4522ead@group-561E16522154, cid=2644, SUCCESS, logIndex=3956, commits[3cf1264f-5f6b-4138-aeee-2ff7d4522ead:c3957, 4f0d1a15-8f14-4d9a-ad4f-8211e1245b5d:c3955, 6999f20e-c3f7-4db4-87ca-141c476f2a88:c3955]
2019-08-22 07:03:40,787 | INFO  | DNAudit | user=null | ip=null | op=WRITE_CHUNK {blockData=conID: 1 locID: 102659353527190113 bcsId: 0} | ret=SUCCESS |  
2019-08-22 07:03:40,788 [grpc-default-executor-0] INFO  client.GrpcClientProtocolClient (GrpcClientProtocolClient.java:onNext(255)) - client-CF63D631FA17->3cf1264f-5f6b-4138-aeee-2ff7d4522ead: receive RaftClientReply:client-CF63D631FA17->3cf1264f-5f6b-4138-aeee-2ff7d4522ead@group-561E16522154, cid=2645, SUCCESS, logIndex=3957, commits[3cf1264f-5f6b-4138-aeee-2ff7d4522ead:c3957, 4f0d1a15-8f14-4d9a-ad4f-8211e1245b5d:c3955, 6999f20e-c3f7-4db4-87ca-141c476f2a88:c3955]
2019-08-22 07:03:40,788 | INFO  | DNAudit | user=null | ip=null | op=PUT_BLOCK {blockData=[blockId=conID: 1 locID: 102659353527190113 bcsId: 0,size=2097152]} | ret=SUCCESS |  
2019-08-22 07:03:40,788 [grpc-default-executor-0] INFO  client.GrpcClientProtocolClient (GrpcClientProtocolClient.java:onNext(255)) - client-CF63D631FA17->3cf1264f-5f6b-4138-aeee-2ff7d4522ead: receive RaftClientReply:client-CF63D631FA17->3cf1264f-5f6b-4138-aeee-2ff7d4522ead@group-561E16522154, cid=2646, SUCCESS, logIndex=3958, commits[3cf1264f-5f6b-4138-aeee-2ff7d4522ead:c3959, 4f0d1a15-8f14-4d9a-ad4f-8211e1245b5d:c3955, 6999f20e-c3f7-4db4-87ca-141c476f2a88:c3955]
2019-08-22 07:03:40,788 [grpc-default-executor-0] INFO  client.GrpcClientProtocolClient (GrpcClientProtocolClient.java:onNext(255)) - client-CF63D631FA17->3cf1264f-5f6b-4138-aeee-2ff7d4522ead: receive RaftClientReply:client-CF63D631FA17->3cf1264f-5f6b-4138-aeee-2ff7d4522ead@group-561E16522154, cid=2647, SUCCESS, logIndex=3959, commits[3cf1264f-5f6b-4138-aeee-2ff7d4522ead:c3959, 4f0d1a15-8f14-4d9a-ad4f-8211e1245b5d:c3955, 6999f20e-c3f7-4db4-87ca-141c476f2a88:c3955]
2019-08-22 07:03:40,788 | INFO  | DNAudit | user=null | ip=null | op=WRITE_CHUNK {blockData=conID: 1 locID: 102659353527190113 bcsId: 0} | ret=SUCCESS |  
2019-08-22 07:03:40,789 | INFO  | DNAudit | user=null | ip=null | op=PUT_BLOCK {blockData=[blockId=conID: 1 locID: 102659353527190113 bcsId: 0,size=1048576]} | ret=SUCCESS |  
2019-08-22 07:03:40,790 | INFO  | DNAudit | user=null | ip=null | op=WRITE_CHUNK {blockData=conID: 1 locID: 102659353527190113 bcsId: 0} | ret=SUCCESS |  
2019-08-22 07:03:40,790 | INFO  | DNAudit | user=null | ip=null | op=WRITE_CHUNK {blockData=conID: 1 locID: 102659353527190113 bcsId: 0} | ret=SUCCESS |  
2019-08-22 07:03:40,790 | INFO  | DNAudit | user=null | ip=null | op=PUT_BLOCK {blockData=[blockId=conID: 1 locID: 102659353527190113 bcsId: 0,size=2097152]} | ret=SUCCESS |  
2019-08-22 07:03:40,790 | INFO  | DNAudit | user=null | ip=null | op=PUT_BLOCK {blockData=[blockId=conID: 1 locID: 102659353527190113 bcsId: 0,size=1048576]} | ret=SUCCESS |  
2019-08-22 07:03:40,790 | INFO  | DNAudit | user=null | ip=null | op=WRITE_CHUNK {blockData=conID: 1 locID: 102659353527190113 bcsId: 0} | ret=SUCCESS |  
2019-08-22 07:03:40,790 | INFO  | DNAudit | user=null | ip=null | op=PUT_BLOCK {blockData=[blockId=conID: 1 locID: 102659353527190113 bcsId: 0,size=2097152]} | ret=SUCCESS |  
2019-08-22 07:03:40,791 [grpc-default-executor-1] INFO  client.GrpcClientProtocolClient (GrpcClientProtocolClient.java:onNext(255)) - client-CF63D631FA17->3cf1264f-5f6b-4138-aeee-2ff7d4522ead: receive RaftClientReply:client-CF63D631FA17->3cf1264f-5f6b-4138-aeee-2ff7d4522ead@group-561E16522154, cid=2648, SUCCESS, logIndex=0, commits[3cf1264f-5f6b-4138-aeee-2ff7d4522ead:c3963, 4f0d1a15-8f14-4d9a-ad4f-8211e1245b5d:c3957, 6999f20e-c3f7-4db4-87ca-141c476f2a88:c3959]
2019-08-22 07:03:40,796 | INFO  | DNAudit | user=null | ip=null | op=WRITE_CHUNK {blockData=conID: 1 locID: 102659353527190113 bcsId: 3959} | ret=SUCCESS |  
2019-08-22 07:03:40,798 | INFO  | DNAudit | user=null | ip=null | op=WRITE_CHUNK {blockData=conID: 1 locID: 102659353527190113 bcsId: 3959} | ret=SUCCESS |  
2019-08-22 07:03:40,799 | INFO  | DNAudit | user=null | ip=null | op=WRITE_CHUNK {blockData=conID: 1 locID: 102659353527190113 bcsId: 3959} | ret=SUCCESS |  
2019-08-22 07:03:40,808 | INFO  | DNAudit | user=null | ip=null | op=WRITE_CHUNK {blockData=conID: 1 locID: 102659353527190113 bcsId: 3959} | ret=SUCCESS |  
2019-08-22 07:03:40,809 | INFO  | DNAudit | user=null | ip=null | op=PUT_BLOCK {blockData=[blockId=conID: 1 locID: 102659353527190113 bcsId: 0,size=3145728]} | ret=SUCCESS |  
2019-08-22 07:03:40,809 [grpc-default-executor-0] INFO  client.GrpcClientProtocolClient (GrpcClientProtocolClient.java:onNext(255)) - client-CF63D631FA17->3cf1264f-5f6b-4138-aeee-2ff7d4522ead: receive RaftClientReply:client-CF63D631FA17->3cf1264f-5f6b-4138-aeee-2ff7d4522ead@group-561E16522154, cid=2649, SUCCESS, logIndex=3964, commits[3cf1264f-5f6b-4138-aeee-2ff7d4522ead:c3965, 4f0d1a15-8f14-4d9a-ad4f-8211e1245b5d:c3963, 6999f20e-c3f7-4db4-87ca-141c476f2a88:c3963]
2019-08-22 07:03:40,809 [grpc-default-executor-0] INFO  client.GrpcClientProtocolClient (GrpcClientProtocolClient.java:onNext(255)) - client-CF63D631FA17->3cf1264f-5f6b-4138-aeee-2ff7d4522ead: receive RaftClientReply:client-CF63D631FA17->3cf1264f-5f6b-4138-aeee-2ff7d4522ead@group-561E16522154, cid=2650, SUCCESS, logIndex=3965, commits[3cf1264f-5f6b-4138-aeee-2ff7d4522ead:c3965, 4f0d1a15-8f14-4d9a-ad4f-8211e1245b5d:c3963, 6999f20e-c3f7-4db4-87ca-141c476f2a88:c3963]
2019-08-22 07:03:40,815 | INFO  | DNAudit | user=null | ip=null | op=WRITE_CHUNK {blockData=conID: 1 locID: 102659353527190113 bcsId: 3965} | ret=SUCCESS |  
2019-08-22 07:03:40,818 | INFO  | DNAudit | user=null | ip=null | op=WRITE_CHUNK {blockData=conID: 1 locID: 102659353527190113 bcsId: 3965} | ret=SUCCESS |  
2019-08-22 07:03:40,818 | INFO  | DNAudit | user=null | ip=null | op=WRITE_CHUNK {blockData=conID: 1 locID: 102659353527190113 bcsId: 3965} | ret=SUCCESS |  
2019-08-22 07:03:40,820 | INFO  | DNAudit | user=null | ip=null | op=WRITE_CHUNK {blockData=conID: 1 locID: 102659353527190113 bcsId: 3959} | ret=SUCCESS |  
2019-08-22 07:03:40,820 | INFO  | DNAudit | user=null | ip=null | op=WRITE_CHUNK {blockData=conID: 1 locID: 102659353527190113 bcsId: 3959} | ret=SUCCESS |  
2019-08-22 07:03:40,823 | INFO  | DNAudit | user=null | ip=null | op=PUT_BLOCK {blockData=[blockId=conID: 1 locID: 102659353527190113 bcsId: 0,size=3145728]} | ret=SUCCESS |  
2019-08-22 07:03:40,823 | INFO  | DNAudit | user=null | ip=null | op=PUT_BLOCK {blockData=[blockId=conID: 1 locID: 102659353527190113 bcsId: 0,size=3145728]} | ret=SUCCESS |  
2019-08-22 07:03:40,823 | INFO  | DNAudit | user=null | ip=null | op=WRITE_CHUNK {blockData=conID: 1 locID: 102659353527190113 bcsId: 3965} | ret=SUCCESS |  
2019-08-22 07:03:40,823 | INFO  | DNAudit | user=null | ip=null | op=PUT_BLOCK {blockData=[blockId=conID: 1 locID: 102659353527190113 bcsId: 0,size=4194304]} | ret=SUCCESS |  
2019-08-22 07:03:40,824 [grpc-default-executor-5] INFO  client.GrpcClientProtocolClient (GrpcClientProtocolClient.java:onNext(255)) - client-CF63D631FA17->3cf1264f-5f6b-4138-aeee-2ff7d4522ead: receive RaftClientReply:client-CF63D631FA17->3cf1264f-5f6b-4138-aeee-2ff7d4522ead@group-561E16522154, cid=2651, SUCCESS, logIndex=3968, commits[3cf1264f-5f6b-4138-aeee-2ff7d4522ead:c3969, 4f0d1a15-8f14-4d9a-ad4f-8211e1245b5d:c3965, 6999f20e-c3f7-4db4-87ca-141c476f2a88:c3965]
2019-08-22 07:03:40,824 [grpc-default-executor-5] INFO  client.GrpcClientProtocolClient (GrpcClientProtocolClient.java:onNext(255)) - client-CF63D631FA17->3cf1264f-5f6b-4138-aeee-2ff7d4522ead: receive RaftClientReply:client-CF63D631FA17->3cf1264f-5f6b-4138-aeee-2ff7d4522ead@group-561E16522154, cid=2652, SUCCESS, logIndex=3969, commits[3cf1264f-5f6b-4138-aeee-2ff7d4522ead:c3969, 4f0d1a15-8f14-4d9a-ad4f-8211e1245b5d:c3965, 6999f20e-c3f7-4db4-87ca-141c476f2a88:c3965]
2019-08-22 07:03:40,835 | INFO  | DNAudit | user=null | ip=null | op=WRITE_CHUNK {blockData=conID: 1 locID: 102659353527190113 bcsId: 3965} | ret=SUCCESS |  
2019-08-22 07:03:40,835 | INFO  | DNAudit | user=null | ip=null | op=WRITE_CHUNK {blockData=conID: 1 locID: 102659353527190113 bcsId: 3965} | ret=SUCCESS |  
2019-08-22 07:03:40,837 | INFO  | DNAudit | user=null | ip=null | op=PUT_BLOCK {blockData=[blockId=conID: 1 locID: 102659353527190113 bcsId: 0,size=4194304]} | ret=SUCCESS |  
2019-08-22 07:03:40,837 | INFO  | DNAudit | user=null | ip=null | op=PUT_BLOCK {blockData=[blockId=conID: 1 locID: 102659353527190113 bcsId: 0,size=4194304]} | ret=SUCCESS |  
2019-08-22 07:03:40,838 [grpc-default-executor-5] INFO  client.GrpcClientProtocolClient (GrpcClientProtocolClient.java:onNext(255)) - client-CF63D631FA17->3cf1264f-5f6b-4138-aeee-2ff7d4522ead: receive RaftClientReply:client-CF63D631FA17->3cf1264f-5f6b-4138-aeee-2ff7d4522ead@group-561E16522154, cid=2653, SUCCESS, logIndex=0, commits[3cf1264f-5f6b-4138-aeee-2ff7d4522ead:c3971, 4f0d1a15-8f14-4d9a-ad4f-8211e1245b5d:c3969, 6999f20e-c3f7-4db4-87ca-141c476f2a88:c3969]
2019-08-22 07:03:40,843 | INFO  | SCMAudit | user=jenkins1000 | ip=192.168.34.31 | op=ALLOCATE_BLOCK {owner=04b6d46a-98e2-41b1-9f38-1870289993ea, size=4194304, type=RATIS, factor=THREE} | ret=SUCCESS |  
2019-08-22 07:03:40,846 | INFO  | OMAudit | user=jenkins1000 | ip=127.0.0.1 | op=ALLOCATE_BLOCK {volume=vol-0-14906, bucket=bucket-0-53153, key=key-0-33222, dataSize=0, replicationType=null, replicationFactor=null, keyLocationInfo=null, clientID=102659352017764754} | ret=SUCCESS |  
2019-08-22 07:03:40,853 | INFO  | DNAudit | user=null | ip=null | op=WRITE_CHUNK {blockData=conID: 2 locID: 102659353532367458 bcsId: 0} | ret=SUCCESS |  
2019-08-22 07:03:40,856 | INFO  | DNAudit | user=null | ip=null | op=WRITE_CHUNK {blockData=conID: 2 locID: 102659353532367458 bcsId: 0} | ret=SUCCESS |  
2019-08-22 07:03:40,856 | INFO  | DNAudit | user=null | ip=null | op=WRITE_CHUNK {blockData=conID: 2 locID: 102659353532367458 bcsId: 0} | ret=SUCCESS |  
2019-08-22 07:03:40,856 | INFO  | DNAudit | user=null | ip=null | op=WRITE_CHUNK {blockData=conID: 2 locID: 102659353532367458 bcsId: 0} | ret=SUCCESS |  
2019-08-22 07:03:40,859 | INFO  | DNAudit | user=null | ip=null | op=WRITE_CHUNK {blockData=conID: 2 locID: 102659353532367458 bcsId: 0} | ret=SUCCESS |  
2019-08-22 07:03:40,859 | INFO  | DNAudit | user=null | ip=null | op=WRITE_CHUNK {blockData=conID: 2 locID: 102659353532367458 bcsId: 0} | ret=SUCCESS |  
2019-08-22 07:03:40,866 | INFO  | DNAudit | user=null | ip=null | op=WRITE_CHUNK {blockData=conID: 2 locID: 102659353532367458 bcsId: 0} | ret=SUCCESS |  
2019-08-22 07:03:40,867 | INFO  | DNAudit | user=null | ip=null | op=PUT_BLOCK {blockData=[blockId=conID: 2 locID: 102659353532367458 bcsId: 0,size=1048576]} | ret=SUCCESS |  
2019-08-22 07:03:40,867 [grpc-default-executor-0] INFO  client.GrpcClientProtocolClient (GrpcClientProtocolClient.java:onNext(255)) - client-CF63D631FA17->3cf1264f-5f6b-4138-aeee-2ff7d4522ead: receive RaftClientReply:client-CF63D631FA17->3cf1264f-5f6b-4138-aeee-2ff7d4522ead@group-561E16522154, cid=2654, SUCCESS, logIndex=3972, commits[3cf1264f-5f6b-4138-aeee-2ff7d4522ead:c3973, 4f0d1a15-8f14-4d9a-ad4f-8211e1245b5d:c3971, 6999f20e-c3f7-4db4-87ca-141c476f2a88:c3971]
2019-08-22 07:03:40,868 [grpc-default-executor-0] INFO  client.GrpcClientProtocolClient (GrpcClientProtocolClient.java:onNext(255)) - client-CF63D631FA17->3cf1264f-5f6b-4138-aeee-2ff7d4522ead: receive RaftClientReply:client-CF63D631FA17->3cf1264f-5f6b-4138-aeee-2ff7d4522ead@group-561E16522154, cid=2655, SUCCESS, logIndex=3973, commits[3cf1264f-5f6b-4138-aeee-2ff7d4522ead:c3973, 4f0d1a15-8f14-4d9a-ad4f-8211e1245b5d:c3971, 6999f20e-c3f7-4db4-87ca-141c476f2a88:c3971]
2019-08-22 07:03:40,878 | INFO  | DNAudit | user=null | ip=null | op=WRITE_CHUNK {blockData=conID: 2 locID: 102659353532367458 bcsId: 0} | ret=SUCCESS |  
2019-08-22 07:03:40,878 | INFO  | DNAudit | user=null | ip=null | op=PUT_BLOCK {blockData=[blockId=conID: 2 locID: 102659353532367458 bcsId: 0,size=2097152]} | ret=SUCCESS |  
2019-08-22 07:03:40,879 [grpc-default-executor-5] INFO  client.GrpcClientProtocolClient (GrpcClientProtocolClient.java:onNext(255)) - client-CF63D631FA17->3cf1264f-5f6b-4138-aeee-2ff7d4522ead: receive RaftClientReply:client-CF63D631FA17->3cf1264f-5f6b-4138-aeee-2ff7d4522ead@group-561E16522154, cid=2656, SUCCESS, logIndex=3974, commits[3cf1264f-5f6b-4138-aeee-2ff7d4522ead:c3975, 4f0d1a15-8f14-4d9a-ad4f-8211e1245b5d:c3971, 6999f20e-c3f7-4db4-87ca-141c476f2a88:c3971]
2019-08-22 07:03:40,879 | INFO  | DNAudit | user=null | ip=null | op=WRITE_CHUNK {blockData=conID: 2 locID: 102659353532367458 bcsId: 0} | ret=SUCCESS |  
2019-08-22 07:03:40,879 | INFO  | DNAudit | user=null | ip=null | op=PUT_BLOCK {blockData=[blockId=conID: 2 locID: 102659353532367458 bcsId: 0,size=1048576]} | ret=SUCCESS |  
2019-08-22 07:03:40,879 [grpc-default-executor-5] INFO  client.GrpcClientProtocolClient (GrpcClientProtocolClient.java:onNext(255)) - client-CF63D631FA17->3cf1264f-5f6b-4138-aeee-2ff7d4522ead: receive RaftClientReply:client-CF63D631FA17->3cf1264f-5f6b-4138-aeee-2ff7d4522ead@group-561E16522154, cid=2657, SUCCESS, logIndex=3975, commits[3cf1264f-5f6b-4138-aeee-2ff7d4522ead:c3975, 4f0d1a15-8f14-4d9a-ad4f-8211e1245b5d:c3971, 6999f20e-c3f7-4db4-87ca-141c476f2a88:c3971]
2019-08-22 07:03:40,880 | INFO  | DNAudit | user=null | ip=null | op=WRITE_CHUNK {blockData=conID: 2 locID: 102659353532367458 bcsId: 0} | ret=SUCCESS |  
2019-08-22 07:03:40,880 | INFO  | DNAudit | user=null | ip=null | op=PUT_BLOCK {blockData=[blockId=conID: 2 locID: 102659353532367458 bcsId: 0,size=1048576]} | ret=SUCCESS |  
2019-08-22 07:03:40,880 [grpc-default-executor-3] INFO  client.GrpcClientProtocolClient (GrpcClientProtocolClient.java:onNext(255)) - client-CF63D631FA17->3cf1264f-5f6b-4138-aeee-2ff7d4522ead: receive RaftClientReply:client-CF63D631FA17->3cf1264f-5f6b-4138-aeee-2ff7d4522ead@group-561E16522154, cid=2658, SUCCESS, logIndex=0, commits[3cf1264f-5f6b-4138-aeee-2ff7d4522ead:c3977, 4f0d1a15-8f14-4d9a-ad4f-8211e1245b5d:c3973, 6999f20e-c3f7-4db4-87ca-141c476f2a88:c3973]
2019-08-22 07:03:40,881 | INFO  | DNAudit | user=null | ip=null | op=WRITE_CHUNK {blockData=conID: 2 locID: 102659353532367458 bcsId: 0} | ret=SUCCESS |  
2019-08-22 07:03:40,881 | INFO  | DNAudit | user=null | ip=null | op=WRITE_CHUNK {blockData=conID: 2 locID: 102659353532367458 bcsId: 0} | ret=SUCCESS |  
2019-08-22 07:03:40,881 | INFO  | DNAudit | user=null | ip=null | op=PUT_BLOCK {blockData=[blockId=conID: 2 locID: 102659353532367458 bcsId: 0,size=2097152]} | ret=SUCCESS |  
2019-08-22 07:03:40,881 | INFO  | DNAudit | user=null | ip=null | op=PUT_BLOCK {blockData=[blockId=conID: 2 locID: 102659353532367458 bcsId: 0,size=2097152]} | ret=SUCCESS |  
2019-08-22 07:03:40,887 | INFO  | DNAudit | user=null | ip=null | op=WRITE_CHUNK {blockData=conID: 2 locID: 102659353532367458 bcsId: 3975} | ret=SUCCESS |  
2019-08-22 07:03:40,889 | INFO  | DNAudit | user=null | ip=null | op=WRITE_CHUNK {blockData=conID: 2 locID: 102659353532367458 bcsId: 3975} | ret=SUCCESS |  
2019-08-22 07:03:40,889 | INFO  | DNAudit | user=null | ip=null | op=WRITE_CHUNK {blockData=conID: 2 locID: 102659353532367458 bcsId: 3975} | ret=SUCCESS |  
2019-08-22 07:03:40,891 | INFO  | DNAudit | user=null | ip=null | op=WRITE_CHUNK {blockData=conID: 2 locID: 102659353532367458 bcsId: 3975} | ret=SUCCESS |  
2019-08-22 07:03:40,891 | INFO  | DNAudit | user=null | ip=null | op=PUT_BLOCK {blockData=[blockId=conID: 2 locID: 102659353532367458 bcsId: 0,size=3145728]} | ret=SUCCESS |  
2019-08-22 07:03:40,891 [grpc-default-executor-5] INFO  client.GrpcClientProtocolClient (GrpcClientProtocolClient.java:onNext(255)) - client-CF63D631FA17->3cf1264f-5f6b-4138-aeee-2ff7d4522ead: receive RaftClientReply:client-CF63D631FA17->3cf1264f-5f6b-4138-aeee-2ff7d4522ead@group-561E16522154, cid=2659, SUCCESS, logIndex=3980, commits[3cf1264f-5f6b-4138-aeee-2ff7d4522ead:c3981, 4f0d1a15-8f14-4d9a-ad4f-8211e1245b5d:c3979, 6999f20e-c3f7-4db4-87ca-141c476f2a88:c3975]
2019-08-22 07:03:40,892 [grpc-default-executor-5] INFO  client.GrpcClientProtocolClient (GrpcClientProtocolClient.java:onNext(255)) - client-CF63D631FA17->3cf1264f-5f6b-4138-aeee-2ff7d4522ead: receive RaftClientReply:client-CF63D631FA17->3cf1264f-5f6b-4138-aeee-2ff7d4522ead@group-561E16522154, cid=2660, SUCCESS, logIndex=3981, commits[3cf1264f-5f6b-4138-aeee-2ff7d4522ead:c3981, 4f0d1a15-8f14-4d9a-ad4f-8211e1245b5d:c3979, 6999f20e-c3f7-4db4-87ca-141c476f2a88:c3975]
2019-08-22 07:03:40,892 | INFO  | DNAudit | user=null | ip=null | op=WRITE_CHUNK {blockData=conID: 2 locID: 102659353532367458 bcsId: 3975} | ret=SUCCESS |  
2019-08-22 07:03:40,895 | INFO  | DNAudit | user=null | ip=null | op=WRITE_CHUNK {blockData=conID: 2 locID: 102659353532367458 bcsId: 3975} | ret=SUCCESS |  
2019-08-22 07:03:40,895 | INFO  | DNAudit | user=null | ip=null | op=PUT_BLOCK {blockData=[blockId=conID: 2 locID: 102659353532367458 bcsId: 0,size=3145728]} | ret=SUCCESS |  
2019-08-22 07:03:40,895 | INFO  | DNAudit | user=null | ip=null | op=PUT_BLOCK {blockData=[blockId=conID: 2 locID: 102659353532367458 bcsId: 0,size=3145728]} | ret=SUCCESS |  
2019-08-22 07:03:40,899 | INFO  | DNAudit | user=null | ip=null | op=WRITE_CHUNK {blockData=conID: 2 locID: 102659353532367458 bcsId: 3981} | ret=SUCCESS |  
2019-08-22 07:03:40,900 | INFO  | SCMAudit | user=jenkins1000 | ip=192.168.34.31 | op=SEND_HEARTBEAT {datanodeUUID=6ab6b5dd-7582-43bd-ad39-1af51ca14a47, command=[]} | ret=SUCCESS |  
2019-08-22 07:03:40,900 | INFO  | DNAudit | user=null | ip=null | op=WRITE_CHUNK {blockData=conID: 2 locID: 102659353532367458 bcsId: 3981} | ret=SUCCESS |  
2019-08-22 07:03:40,901 | INFO  | DNAudit | user=null | ip=null | op=WRITE_CHUNK {blockData=conID: 2 locID: 102659353532367458 bcsId: 3981} | ret=SUCCESS |  
2019-08-22 07:03:40,901 | INFO  | SCMAudit | user=jenkins1000 | ip=192.168.34.31 | op=SEND_HEARTBEAT {datanodeUUID=f789f48f-f3d7-45ec-9bba-6a89e2bdcc9c, command=[]} | ret=SUCCESS |  
2019-08-22 07:03:40,902 | INFO  | DNAudit | user=null | ip=null | op=WRITE_CHUNK {blockData=conID: 2 locID: 102659353532367458 bcsId: 3981} | ret=SUCCESS |  
2019-08-22 07:03:40,902 | INFO  | DNAudit | user=null | ip=null | op=PUT_BLOCK {blockData=[blockId=conID: 2 locID: 102659353532367458 bcsId: 0,size=4194304]} | ret=SUCCESS |  
2019-08-22 07:03:40,903 [grpc-default-executor-3] INFO  client.GrpcClientProtocolClient (GrpcClientProtocolClient.java:onNext(255)) - client-CF63D631FA17->3cf1264f-5f6b-4138-aeee-2ff7d4522ead: receive RaftClientReply:client-CF63D631FA17->3cf1264f-5f6b-4138-aeee-2ff7d4522ead@group-561E16522154, cid=2661, SUCCESS, logIndex=3984, commits[3cf1264f-5f6b-4138-aeee-2ff7d4522ead:c3985, 4f0d1a15-8f14-4d9a-ad4f-8211e1245b5d:c3981, 6999f20e-c3f7-4db4-87ca-141c476f2a88:c3983]
2019-08-22 07:03:40,903 [grpc-default-executor-3] INFO  client.GrpcClientProtocolClient (GrpcClientProtocolClient.java:onNext(255)) - client-CF63D631FA17->3cf1264f-5f6b-4138-aeee-2ff7d4522ead: receive RaftClientReply:client-CF63D631FA17->3cf1264f-5f6b-4138-aeee-2ff7d4522ead@group-561E16522154, cid=2662, SUCCESS, logIndex=3985, commits[3cf1264f-5f6b-4138-aeee-2ff7d4522ead:c3985, 4f0d1a15-8f14-4d9a-ad4f-8211e1245b5d:c3983, 6999f20e-c3f7-4db4-87ca-141c476f2a88:c3983]
2019-08-22 07:03:40,905 | INFO  | DNAudit | user=null | ip=null | op=WRITE_CHUNK {blockData=conID: 2 locID: 102659353532367458 bcsId: 3981} | ret=SUCCESS |  
2019-08-22 07:03:40,905 | INFO  | DNAudit | user=null | ip=null | op=WRITE_CHUNK {blockData=conID: 2 locID: 102659353532367458 bcsId: 3981} | ret=SUCCESS |  
2019-08-22 07:03:40,905 | INFO  | DNAudit | user=null | ip=null | op=PUT_BLOCK {blockData=[blockId=conID: 2 locID: 102659353532367458 bcsId: 0,size=4194304]} | ret=SUCCESS |  
 0.00% |█                                                                                                    |  0/1 Time: 0:00:232019-08-22 07:03:40,905 | INFO  | DNAudit | user=null | ip=null | op=PUT_BLOCK {blockData=[blockId=conID: 2 locID: 102659353532367458 bcsId: 0,size=4194304]} | ret=SUCCESS |  
2019-08-22 07:03:40,905 [grpc-default-executor-3] INFO  client.GrpcClientProtocolClient (GrpcClientProtocolClient.java:onNext(255)) - client-CF63D631FA17->3cf1264f-5f6b-4138-aeee-2ff7d4522ead: receive RaftClientReply:client-CF63D631FA17->3cf1264f-5f6b-4138-aeee-2ff7d4522ead@group-561E16522154, cid=2663, SUCCESS, logIndex=0, commits[3cf1264f-5f6b-4138-aeee-2ff7d4522ead:c3986, 4f0d1a15-8f14-4d9a-ad4f-8211e1245b5d:c3985, 6999f20e-c3f7-4db4-87ca-141c476f2a88:c3985]
2019-08-22 07:03:40,912 | INFO  | SCMAudit | user=jenkins1000 | ip=192.168.34.31 | op=ALLOCATE_BLOCK {owner=04b6d46a-98e2-41b1-9f38-1870289993ea, size=4194304, type=RATIS, factor=THREE} | ret=SUCCESS |  
2019-08-22 07:03:40,916 | INFO  | OMAudit | user=jenkins1000 | ip=127.0.0.1 | op=ALLOCATE_BLOCK {volume=vol-0-14906, bucket=bucket-0-53153, key=key-0-33222, dataSize=0, replicationType=null, replicationFactor=null, keyLocationInfo=null, clientID=102659352017764754} | ret=SUCCESS |  
2019-08-22 07:03:40,923 | INFO  | DNAudit | user=null | ip=null | op=WRITE_CHUNK {blockData=conID: 3 locID: 102659353536889443 bcsId: 0} | ret=SUCCESS |  
2019-08-22 07:03:41,131 | INFO  | SCMAudit | user=jenkins1000 | ip=192.168.34.31 | op=SEND_HEARTBEAT {datanodeUUID=3cf1264f-5f6b-4138-aeee-2ff7d4522ead, command=[]} | ret=SUCCESS |  
2019-08-22 07:03:41,131 | INFO  | SCMAudit | user=jenkins1000 | ip=192.168.34.31 | op=SEND_HEARTBEAT {datanodeUUID=6999f20e-c3f7-4db4-87ca-141c476f2a88, command=[]} | ret=SUCCESS |  
2019-08-22 07:03:41,131 | INFO  | SCMAudit | user=jenkins1000 | ip=192.168.34.31 | op=SEND_HEARTBEAT {datanodeUUID=4f0d1a15-8f14-4d9a-ad4f-8211e1245b5d, command=[]} | ret=SUCCESS |  
2019-08-22 07:03:41,133 | INFO  | DNAudit | user=null | ip=null | op=WRITE_CHUNK {blockData=conID: 3 locID: 102659353536889443 bcsId: 0} | ret=SUCCESS |  
2019-08-22 07:03:41,133 | INFO  | DNAudit | user=null | ip=null | op=WRITE_CHUNK {blockData=conID: 3 locID: 102659353536889443 bcsId: 0} | ret=SUCCESS |  
2019-08-22 07:03:41,133 | INFO  | DNAudit | user=null | ip=null | op=WRITE_CHUNK {blockData=conID: 3 locID: 102659353536889443 bcsId: 0} | ret=SUCCESS |  
2019-08-22 07:03:41,135 | INFO  | DNAudit | user=null | ip=null | op=WRITE_CHUNK {blockData=conID: 3 locID: 102659353536889443 bcsId: 0} | ret=SUCCESS |  
2019-08-22 07:03:41,135 | INFO  | DNAudit | user=null | ip=null | op=WRITE_CHUNK {blockData=conID: 3 locID: 102659353536889443 bcsId: 0} | ret=SUCCESS |  
2019-08-22 07:03:41,145 | INFO  | DNAudit | user=null | ip=null | op=WRITE_CHUNK {blockData=conID: 3 locID: 102659353536889443 bcsId: 0} | ret=SUCCESS |  
2019-08-22 07:03:41,146 | INFO  | DNAudit | user=null | ip=null | op=PUT_BLOCK {blockData=[blockId=conID: 3 locID: 102659353536889443 bcsId: 0,size=1048576]} | ret=SUCCESS |  
2019-08-22 07:03:41,146 | INFO  | DNAudit | user=null | ip=null | op=WRITE_CHUNK {blockData=conID: 3 locID: 102659353536889443 bcsId: 0} | ret=SUCCESS |  
2019-08-22 07:03:41,146 [grpc-default-executor-1] INFO  client.GrpcClientProtocolClient (GrpcClientProtocolClient.java:onNext(255)) - client-CF63D631FA17->3cf1264f-5f6b-4138-aeee-2ff7d4522ead: receive RaftClientReply:client-CF63D631FA17->3cf1264f-5f6b-4138-aeee-2ff7d4522ead@group-561E16522154, cid=2664, SUCCESS, logIndex=3988, commits[3cf1264f-5f6b-4138-aeee-2ff7d4522ead:c3990, 4f0d1a15-8f14-4d9a-ad4f-8211e1245b5d:c3987, 6999f20e-c3f7-4db4-87ca-141c476f2a88:c3987]
2019-08-22 07:03:41,147 | INFO  | DNAudit | user=null | ip=null | op=PUT_BLOCK {blockData=[blockId=conID: 3 locID: 102659353536889443 bcsId: 0,size=2097152]} | ret=SUCCESS |  
2019-08-22 07:03:41,147 | INFO  | DNAudit | user=null | ip=null | op=WRITE_CHUNK {blockData=conID: 3 locID: 102659353536889443 bcsId: 0} | ret=SUCCESS |  
2019-08-22 07:03:41,147 [grpc-default-executor-1] INFO  client.GrpcClientProtocolClient (GrpcClientProtocolClient.java:onNext(255)) - client-CF63D631FA17->3cf1264f-5f6b-4138-aeee-2ff7d4522ead: receive RaftClientReply:client-CF63D631FA17->3cf1264f-5f6b-4138-aeee-2ff7d4522ead@group-561E16522154, cid=2665, SUCCESS, logIndex=3989, commits[3cf1264f-5f6b-4138-aeee-2ff7d4522ead:c3991, 4f0d1a15-8f14-4d9a-ad4f-8211e1245b5d:c3987, 6999f20e-c3f7-4db4-87ca-141c476f2a88:c3987]
2019-08-22 07:03:41,147 | INFO  | DNAudit | user=null | ip=null | op=PUT_BLOCK {blockData=[blockId=conID: 3 locID: 102659353536889443 bcsId: 0,size=1048576]} | ret=SUCCESS |  
2019-08-22 07:03:41,147 [grpc-default-executor-1] INFO  client.GrpcClientProtocolClient (GrpcClientProtocolClient.java:onNext(255)) - client-CF63D631FA17->3cf1264f-5f6b-4138-aeee-2ff7d4522ead: receive RaftClientReply:client-CF63D631FA17->3cf1264f-5f6b-4138-aeee-2ff7d4522ead@group-561E16522154, cid=2666, SUCCESS, logIndex=3990, commits[3cf1264f-5f6b-4138-aeee-2ff7d4522ead:c3991, 4f0d1a15-8f14-4d9a-ad4f-8211e1245b5d:c3987, 6999f20e-c3f7-4db4-87ca-141c476f2a88:c3987]
2019-08-22 07:03:41,148 [grpc-default-executor-1] INFO  client.GrpcClientProtocolClient (GrpcClientProtocolClient.java:onNext(255)) - client-CF63D631FA17->3cf1264f-5f6b-4138-aeee-2ff7d4522ead: receive RaftClientReply:client-CF63D631FA17->3cf1264f-5f6b-4138-aeee-2ff7d4522ead@group-561E16522154, cid=2667, SUCCESS, logIndex=3991, commits[3cf1264f-5f6b-4138-aeee-2ff7d4522ead:c3992, 4f0d1a15-8f14-4d9a-ad4f-8211e1245b5d:c3989, 6999f20e-c3f7-4db4-87ca-141c476f2a88:c3987]
2019-08-22 07:03:41,149 | INFO  | DNAudit | user=null | ip=null | op=WRITE_CHUNK {blockData=conID: 3 locID: 102659353536889443 bcsId: 0} | ret=SUCCESS |  
2019-08-22 07:03:41,149 | INFO  | DNAudit | user=null | ip=null | op=PUT_BLOCK {blockData=[blockId=conID: 3 locID: 102659353536889443 bcsId: 0,size=1048576]} | ret=SUCCESS |  
2019-08-22 07:03:41,150 [grpc-default-executor-1] INFO  client.GrpcClientProtocolClient (GrpcClientProtocolClient.java:onNext(255)) - client-CF63D631FA17->3cf1264f-5f6b-4138-aeee-2ff7d4522ead: receive RaftClientReply:client-CF63D631FA17->3cf1264f-5f6b-4138-aeee-2ff7d4522ead@group-561E16522154, cid=2668, SUCCESS, logIndex=0, commits[3cf1264f-5f6b-4138-aeee-2ff7d4522ead:c3992, 4f0d1a15-8f14-4d9a-ad4f-8211e1245b5d:c3989, 6999f20e-c3f7-4db4-87ca-141c476f2a88:c3989]
2019-08-22 07:03:41,158 | INFO  | DNAudit | user=null | ip=null | op=WRITE_CHUNK {blockData=conID: 3 locID: 102659353536889443 bcsId: 3991} | ret=SUCCESS |  
2019-08-22 07:03:41,160 | INFO  | DNAudit | user=null | ip=null | op=WRITE_CHUNK {blockData=conID: 3 locID: 102659353536889443 bcsId: 0} | ret=SUCCESS |  
2019-08-22 07:03:41,160 | INFO  | DNAudit | user=null | ip=null | op=WRITE_CHUNK {blockData=conID: 3 locID: 102659353536889443 bcsId: 0} | ret=SUCCESS |  
2019-08-22 07:03:41,160 | INFO  | DNAudit | user=null | ip=null | op=PUT_BLOCK {blockData=[blockId=conID: 3 locID: 102659353536889443 bcsId: 0,size=2097152]} | ret=SUCCESS |  
2019-08-22 07:03:41,161 | INFO  | DNAudit | user=null | ip=null | op=PUT_BLOCK {blockData=[blockId=conID: 3 locID: 102659353536889443 bcsId: 0,size=2097152]} | ret=SUCCESS |  
2019-08-22 07:03:41,161 | INFO  | DNAudit | user=null | ip=null | op=WRITE_CHUNK {blockData=conID: 3 locID: 102659353536889443 bcsId: 3991} | ret=SUCCESS |  
2019-08-22 07:03:41,161 | INFO  | DNAudit | user=null | ip=null | op=WRITE_CHUNK {blockData=conID: 3 locID: 102659353536889443 bcsId: 3991} | ret=SUCCESS |  
2019-08-22 07:03:41,173 | INFO  | DNAudit | user=null | ip=null | op=WRITE_CHUNK {blockData=conID: 3 locID: 102659353536889443 bcsId: 3991} | ret=SUCCESS |  
2019-08-22 07:03:41,174 | INFO  | DNAudit | user=null | ip=null | op=PUT_BLOCK {blockData=[blockId=conID: 3 locID: 102659353536889443 bcsId: 0,size=3145728]} | ret=SUCCESS |  
2019-08-22 07:03:41,174 [grpc-default-executor-0] INFO  client.GrpcClientProtocolClient (GrpcClientProtocolClient.java:onNext(255)) - client-CF63D631FA17->3cf1264f-5f6b-4138-aeee-2ff7d4522ead: receive RaftClientReply:client-CF63D631FA17->3cf1264f-5f6b-4138-aeee-2ff7d4522ead@group-561E16522154, cid=2669, SUCCESS, logIndex=3996, commits[3cf1264f-5f6b-4138-aeee-2ff7d4522ead:c3997, 4f0d1a15-8f14-4d9a-ad4f-8211e1245b5d:c3993, 6999f20e-c3f7-4db4-87ca-141c476f2a88:c3993]
2019-08-22 07:03:41,175 [grpc-default-executor-0] INFO  client.GrpcClientProtocolClient (GrpcClientProtocolClient.java:onNext(255)) - client-CF63D631FA17->3cf1264f-5f6b-4138-aeee-2ff7d4522ead: receive RaftClientReply:client-CF63D631FA17->3cf1264f-5f6b-4138-aeee-2ff7d4522ead@group-561E16522154, cid=2670, SUCCESS, logIndex=3997, commits[3cf1264f-5f6b-4138-aeee-2ff7d4522ead:c3997, 4f0d1a15-8f14-4d9a-ad4f-8211e1245b5d:c3993, 6999f20e-c3f7-4db4-87ca-141c476f2a88:c3993]
2019-08-22 07:03:41,175 | INFO  | DNAudit | user=null | ip=null | op=WRITE_CHUNK {blockData=conID: 3 locID: 102659353536889443 bcsId: 3991} | ret=SUCCESS |  
2019-08-22 07:03:41,175 | INFO  | DNAudit | user=null | ip=null | op=PUT_BLOCK {blockData=[blockId=conID: 3 locID: 102659353536889443 bcsId: 0,size=3145728]} | ret=SUCCESS |  
2019-08-22 07:03:41,177 | INFO  | DNAudit | user=null | ip=null | op=WRITE_CHUNK {blockData=conID: 3 locID: 102659353536889443 bcsId: 3991} | ret=SUCCESS |  
2019-08-22 07:03:41,177 | INFO  | DNAudit | user=null | ip=null | op=PUT_BLOCK {blockData=[blockId=conID: 3 locID: 102659353536889443 bcsId: 0,size=3145728]} | ret=SUCCESS |  
2019-08-22 07:03:41,183 | INFO  | DNAudit | user=null | ip=null | op=WRITE_CHUNK {blockData=conID: 3 locID: 102659353536889443 bcsId: 3997} | ret=SUCCESS |  
2019-08-22 07:03:41,185 | INFO  | DNAudit | user=null | ip=null | op=WRITE_CHUNK {blockData=conID: 3 locID: 102659353536889443 bcsId: 3997} | ret=SUCCESS |  
2019-08-22 07:03:41,186 | INFO  | DNAudit | user=null | ip=null | op=WRITE_CHUNK {blockData=conID: 3 locID: 102659353536889443 bcsId: 3997} | ret=SUCCESS |  
2019-08-22 07:03:41,190 | INFO  | DNAudit | user=null | ip=null | op=WRITE_CHUNK {blockData=conID: 3 locID: 102659353536889443 bcsId: 3997} | ret=SUCCESS |  
2019-08-22 07:03:41,190 | INFO  | DNAudit | user=null | ip=null | op=PUT_BLOCK {blockData=[blockId=conID: 3 locID: 102659353536889443 bcsId: 0,size=4194304]} | ret=SUCCESS |  
2019-08-22 07:03:41,191 [grpc-default-executor-0] INFO  client.GrpcClientProtocolClient (GrpcClientProtocolClient.java:onNext(255)) - client-CF63D631FA17->3cf1264f-5f6b-4138-aeee-2ff7d4522ead: receive RaftClientReply:client-CF63D631FA17->3cf1264f-5f6b-4138-aeee-2ff7d4522ead@group-561E16522154, cid=2671, SUCCESS, logIndex=4000, commits[3cf1264f-5f6b-4138-aeee-2ff7d4522ead:c4001, 4f0d1a15-8f14-4d9a-ad4f-8211e1245b5d:c3998, 6999f20e-c3f7-4db4-87ca-141c476f2a88:c3998]
2019-08-22 07:03:41,191 [grpc-default-executor-0] INFO  client.GrpcClientProtocolClient (GrpcClientProtocolClient.java:onNext(255)) - client-CF63D631FA17->3cf1264f-5f6b-4138-aeee-2ff7d4522ead: receive RaftClientReply:client-CF63D631FA17->3cf1264f-5f6b-4138-aeee-2ff7d4522ead@group-561E16522154, cid=2672, SUCCESS, logIndex=4001, commits[3cf1264f-5f6b-4138-aeee-2ff7d4522ead:c4001, 4f0d1a15-8f14-4d9a-ad4f-8211e1245b5d:c3998, 6999f20e-c3f7-4db4-87ca-141c476f2a88:c3998]
2019-08-22 07:03:41,191 | INFO  | DNAudit | user=null | ip=null | op=WRITE_CHUNK {blockData=conID: 3 locID: 102659353536889443 bcsId: 3997} | ret=SUCCESS |  
2019-08-22 07:03:41,191 | INFO  | DNAudit | user=null | ip=null | op=WRITE_CHUNK {blockData=conID: 3 locID: 102659353536889443 bcsId: 3997} | ret=SUCCESS |  
2019-08-22 07:03:41,192 | INFO  | DNAudit | user=null | ip=null | op=PUT_BLOCK {blockData=[blockId=conID: 3 locID: 102659353536889443 bcsId: 0,size=4194304]} | ret=SUCCESS |  
2019-08-22 07:03:41,192 | INFO  | DNAudit | user=null | ip=null | op=PUT_BLOCK {blockData=[blockId=conID: 3 locID: 102659353536889443 bcsId: 0,size=4194304]} | ret=SUCCESS |  
2019-08-22 07:03:41,193 [grpc-default-executor-0] INFO  client.GrpcClientProtocolClient (GrpcClientProtocolClient.java:onNext(255)) - client-CF63D631FA17->3cf1264f-5f6b-4138-aeee-2ff7d4522ead: receive RaftClientReply:client-CF63D631FA17->3cf1264f-5f6b-4138-aeee-2ff7d4522ead@group-561E16522154, cid=2673, SUCCESS, logIndex=0, commits[3cf1264f-5f6b-4138-aeee-2ff7d4522ead:c4002, 4f0d1a15-8f14-4d9a-ad4f-8211e1245b5d:c4001, 6999f20e-c3f7-4db4-87ca-141c476f2a88:c4001]
2019-08-22 07:03:41,199 | INFO  | SCMAudit | user=jenkins1000 | ip=192.168.34.31 | op=ALLOCATE_BLOCK {owner=04b6d46a-98e2-41b1-9f38-1870289993ea, size=4194304, type=RATIS, factor=THREE} | ret=SUCCESS |  
2019-08-22 07:03:41,207 | INFO  | OMAudit | user=jenkins1000 | ip=127.0.0.1 | op=ALLOCATE_BLOCK {volume=vol-0-14906, bucket=bucket-0-53153, key=key-0-33222, dataSize=0, replicationType=null, replicationFactor=null, keyLocationInfo=null, clientID=102659352017764754} | ret=SUCCESS |  
2019-08-22 07:03:41,216 | INFO  | DNAudit | user=null | ip=null | op=WRITE_CHUNK {blockData=conID: 1 locID: 102659353555698276 bcsId: 0} | ret=SUCCESS |  
2019-08-22 07:03:41,220 | INFO  | DNAudit | user=null | ip=null | op=WRITE_CHUNK {blockData=conID: 1 locID: 102659353555698276 bcsId: 0} | ret=SUCCESS |  
2019-08-22 07:03:41,220 | INFO  | DNAudit | user=null | ip=null | op=WRITE_CHUNK {blockData=conID: 1 locID: 102659353555698276 bcsId: 0} | ret=SUCCESS |  
2019-08-22 07:03:41,221 | INFO  | DNAudit | user=null | ip=null | op=WRITE_CHUNK {blockData=conID: 1 locID: 102659353555698276 bcsId: 0} | ret=SUCCESS |  
2019-08-22 07:03:41,224 | INFO  | DNAudit | user=null | ip=null | op=WRITE_CHUNK {blockData=conID: 1 locID: 102659353555698276 bcsId: 0} | ret=SUCCESS |  
2019-08-22 07:03:41,224 | INFO  | DNAudit | user=null | ip=null | op=WRITE_CHUNK {blockData=conID: 1 locID: 102659353555698276 bcsId: 0} | ret=SUCCESS |  
2019-08-22 07:03:41,229 | INFO  | DNAudit | user=null | ip=null | op=WRITE_CHUNK {blockData=conID: 1 locID: 102659353555698276 bcsId: 0} | ret=SUCCESS |  
2019-08-22 07:03:41,229 | INFO  | DNAudit | user=null | ip=null | op=PUT_BLOCK {blockData=[blockId=conID: 1 locID: 102659353555698276 bcsId: 0,size=1048576]} | ret=SUCCESS |  
2019-08-22 07:03:41,230 | INFO  | DNAudit | user=null | ip=null | op=WRITE_CHUNK {blockData=conID: 1 locID: 102659353555698276 bcsId: 0} | ret=SUCCESS |  
2019-08-22 07:03:41,230 [grpc-default-executor-3] INFO  client.GrpcClientProtocolClient (GrpcClientProtocolClient.java:onNext(255)) - client-CF63D631FA17->3cf1264f-5f6b-4138-aeee-2ff7d4522ead: receive RaftClientReply:client-CF63D631FA17->3cf1264f-5f6b-4138-aeee-2ff7d4522ead@group-561E16522154, cid=2674, SUCCESS, logIndex=4004, commits[3cf1264f-5f6b-4138-aeee-2ff7d4522ead:c4005, 4f0d1a15-8f14-4d9a-ad4f-8211e1245b5d:c4003, 6999f20e-c3f7-4db4-87ca-141c476f2a88:c4003]
2019-08-22 07:03:41,230 | INFO  | DNAudit | user=null | ip=null | op=PUT_BLOCK {blockData=[blockId=conID: 1 locID: 102659353555698276 bcsId: 0,size=2097152]} | ret=SUCCESS |  
2019-08-22 07:03:41,230 [grpc-default-executor-3] INFO  client.GrpcClientProtocolClient (GrpcClientProtocolClient.java:onNext(255)) - client-CF63D631FA17->3cf1264f-5f6b-4138-aeee-2ff7d4522ead: receive RaftClientReply:client-CF63D631FA17->3cf1264f-5f6b-4138-aeee-2ff7d4522ead@group-561E16522154, cid=2675, SUCCESS, logIndex=4005, commits[3cf1264f-5f6b-4138-aeee-2ff7d4522ead:c4007, 4f0d1a15-8f14-4d9a-ad4f-8211e1245b5d:c4003, 6999f20e-c3f7-4db4-87ca-141c476f2a88:c4003]
2019-08-22 07:03:41,231 [grpc-default-executor-3] INFO  client.GrpcClientProtocolClient (GrpcClientProtocolClient.java:onNext(255)) - client-CF63D631FA17->3cf1264f-5f6b-4138-aeee-2ff7d4522ead: receive RaftClientReply:client-CF63D631FA17->3cf1264f-5f6b-4138-aeee-2ff7d4522ead@group-561E16522154, cid=2676, SUCCESS, logIndex=4006, commits[3cf1264f-5f6b-4138-aeee-2ff7d4522ead:c4007, 4f0d1a15-8f14-4d9a-ad4f-8211e1245b5d:c4003, 6999f20e-c3f7-4db4-87ca-141c476f2a88:c4003]
2019-08-22 07:03:41,231 [grpc-default-executor-3] INFO  client.GrpcClientProtocolClient (GrpcClientProtocolClient.java:onNext(255)) - client-CF63D631FA17->3cf1264f-5f6b-4138-aeee-2ff7d4522ead: receive RaftClientReply:client-CF63D631FA17->3cf1264f-5f6b-4138-aeee-2ff7d4522ead@group-561E16522154, cid=2677, SUCCESS, logIndex=4007, commits[3cf1264f-5f6b-4138-aeee-2ff7d4522ead:c4007, 4f0d1a15-8f14-4d9a-ad4f-8211e1245b5d:c4003, 6999f20e-c3f7-4db4-87ca-141c476f2a88:c4003]
2019-08-22 07:03:41,242 | INFO  | DNAudit | user=null | ip=null | op=WRITE_CHUNK {blockData=conID: 1 locID: 102659353555698276 bcsId: 0} | ret=SUCCESS |  
2019-08-22 07:03:41,242 | INFO  | DNAudit | user=null | ip=null | op=WRITE_CHUNK {blockData=conID: 1 locID: 102659353555698276 bcsId: 0} | ret=SUCCESS |  
2019-08-22 07:03:41,243 | INFO  | DNAudit | user=null | ip=null | op=PUT_BLOCK {blockData=[blockId=conID: 1 locID: 102659353555698276 bcsId: 0,size=1048576]} | ret=SUCCESS |  
2019-08-22 07:03:41,243 | INFO  | DNAudit | user=null | ip=null | op=PUT_BLOCK {blockData=[blockId=conID: 1 locID: 102659353555698276 bcsId: 0,size=1048576]} | ret=SUCCESS |  
2019-08-22 07:03:41,243 | INFO  | DNAudit | user=null | ip=null | op=WRITE_CHUNK {blockData=conID: 1 locID: 102659353555698276 bcsId: 0} | ret=SUCCESS |  
2019-08-22 07:03:41,244 | INFO  | DNAudit | user=null | ip=null | op=WRITE_CHUNK {blockData=conID: 1 locID: 102659353555698276 bcsId: 0} | ret=SUCCESS |  
2019-08-22 07:03:41,244 | INFO  | DNAudit | user=null | ip=null | op=PUT_BLOCK {blockData=[blockId=conID: 1 locID: 102659353555698276 bcsId: 0,size=2097152]} | ret=SUCCESS |  
2019-08-22 07:03:41,244 | INFO  | DNAudit | user=null | ip=null | op=PUT_BLOCK {blockData=[blockId=conID: 1 locID: 102659353555698276 bcsId: 0,size=2097152]} | ret=SUCCESS |  
2019-08-22 07:03:41,245 [grpc-default-executor-3] INFO  client.GrpcClientProtocolClient (GrpcClientProtocolClient.java:onNext(255)) - client-CF63D631FA17->3cf1264f-5f6b-4138-aeee-2ff7d4522ead: receive RaftClientReply:client-CF63D631FA17->3cf1264f-5f6b-4138-aeee-2ff7d4522ead@group-561E16522154, cid=2678, SUCCESS, logIndex=0, commits[3cf1264f-5f6b-4138-aeee-2ff7d4522ead:c4011, 4f0d1a15-8f14-4d9a-ad4f-8211e1245b5d:c4007, 6999f20e-c3f7-4db4-87ca-141c476f2a88:c4005]
2019-08-22 07:03:41,253 | INFO  | DNAudit | user=null | ip=null | op=WRITE_CHUNK {blockData=conID: 1 locID: 102659353555698276 bcsId: 4007} | ret=SUCCESS |  
2019-08-22 07:03:41,257 | INFO  | DNAudit | user=null | ip=null | op=WRITE_CHUNK {blockData=conID: 1 locID: 102659353555698276 bcsId: 4007} | ret=SUCCESS |  
2019-08-22 07:03:41,258 | INFO  | DNAudit | user=null | ip=null | op=WRITE_CHUNK {blockData=conID: 1 locID: 102659353555698276 bcsId: 4007} | ret=SUCCESS |  
2019-08-22 07:03:41,266 | INFO  | DNAudit | user=null | ip=null | op=WRITE_CHUNK {blockData=conID: 1 locID: 102659353555698276 bcsId: 4007} | ret=SUCCESS |  
2019-08-22 07:03:41,267 | INFO  | DNAudit | user=null | ip=null | op=PUT_BLOCK {blockData=[blockId=conID: 1 locID: 102659353555698276 bcsId: 0,size=3145728]} | ret=SUCCESS |  
2019-08-22 07:03:41,267 [grpc-default-executor-1] INFO  client.GrpcClientProtocolClient (GrpcClientProtocolClient.java:onNext(255)) - client-CF63D631FA17->3cf1264f-5f6b-4138-aeee-2ff7d4522ead: receive RaftClientReply:client-CF63D631FA17->3cf1264f-5f6b-4138-aeee-2ff7d4522ead@group-561E16522154, cid=2679, SUCCESS, logIndex=4012, commits[3cf1264f-5f6b-4138-aeee-2ff7d4522ead:c4013, 4f0d1a15-8f14-4d9a-ad4f-8211e1245b5d:c4011, 6999f20e-c3f7-4db4-87ca-141c476f2a88:c4011]
2019-08-22 07:03:41,268 [grpc-default-executor-1] INFO  client.GrpcClientProtocolClient (GrpcClientProtocolClient.java:onNext(255)) - client-CF63D631FA17->3cf1264f-5f6b-4138-aeee-2ff7d4522ead: receive RaftClientReply:client-CF63D631FA17->3cf1264f-5f6b-4138-aeee-2ff7d4522ead@group-561E16522154, cid=2680, SUCCESS, logIndex=4013, commits[3cf1264f-5f6b-4138-aeee-2ff7d4522ead:c4013, 4f0d1a15-8f14-4d9a-ad4f-8211e1245b5d:c4011, 6999f20e-c3f7-4db4-87ca-141c476f2a88:c4011]
2019-08-22 07:03:41,276 | INFO  | DNAudit | user=null | ip=null | op=WRITE_CHUNK {blockData=conID: 1 locID: 102659353555698276 bcsId: 4013} | ret=SUCCESS |  
2019-08-22 07:03:41,278 | INFO  | DNAudit | user=null | ip=null | op=WRITE_CHUNK {blockData=conID: 1 locID: 102659353555698276 bcsId: 4007} | ret=SUCCESS |  
2019-08-22 07:03:41,278 | INFO  | DNAudit | user=null | ip=null | op=WRITE_CHUNK {blockData=conID: 1 locID: 102659353555698276 bcsId: 4007} | ret=SUCCESS |  
2019-08-22 07:03:41,279 | INFO  | DNAudit | user=null | ip=null | op=PUT_BLOCK {blockData=[blockId=conID: 1 locID: 102659353555698276 bcsId: 0,size=3145728]} | ret=SUCCESS |  
2019-08-22 07:03:41,279 | INFO  | DNAudit | user=null | ip=null | op=PUT_BLOCK {blockData=[blockId=conID: 1 locID: 102659353555698276 bcsId: 0,size=3145728]} | ret=SUCCESS |  
2019-08-22 07:03:41,279 | INFO  | DNAudit | user=null | ip=null | op=WRITE_CHUNK {blockData=conID: 1 locID: 102659353555698276 bcsId: 4013} | ret=SUCCESS |  
2019-08-22 07:03:41,280 | INFO  | DNAudit | user=null | ip=null | op=WRITE_CHUNK {blockData=conID: 1 locID: 102659353555698276 bcsId: 4013} | ret=SUCCESS |  
2019-08-22 07:03:41,291 | INFO  | DNAudit | user=null | ip=null | op=WRITE_CHUNK {blockData=conID: 1 locID: 102659353555698276 bcsId: 4013} | ret=SUCCESS |  
2019-08-22 07:03:41,291 | INFO  | DNAudit | user=null | ip=null | op=PUT_BLOCK {blockData=[blockId=conID: 1 locID: 102659353555698276 bcsId: 0,size=4194304]} | ret=SUCCESS |  
2019-08-22 07:03:41,292 [grpc-default-executor-1] INFO  client.GrpcClientProtocolClient (GrpcClientProtocolClient.java:onNext(255)) - client-CF63D631FA17->3cf1264f-5f6b-4138-aeee-2ff7d4522ead: receive RaftClientReply:client-CF63D631FA17->3cf1264f-5f6b-4138-aeee-2ff7d4522ead@group-561E16522154, cid=2681, SUCCESS, logIndex=4016, commits[3cf1264f-5f6b-4138-aeee-2ff7d4522ead:c4017, 4f0d1a15-8f14-4d9a-ad4f-8211e1245b5d:c4013, 6999f20e-c3f7-4db4-87ca-141c476f2a88:c4013]
2019-08-22 07:03:41,292 [grpc-default-executor-1] INFO  client.GrpcClientProtocolClient (GrpcClientProtocolClient.java:onNext(255)) - client-CF63D631FA17->3cf1264f-5f6b-4138-aeee-2ff7d4522ead: receive RaftClientReply:client-CF63D631FA17->3cf1264f-5f6b-4138-aeee-2ff7d4522ead@group-561E16522154, cid=2682, SUCCESS, logIndex=4017, commits[3cf1264f-5f6b-4138-aeee-2ff7d4522ead:c4017, 4f0d1a15-8f14-4d9a-ad4f-8211e1245b5d:c4013, 6999f20e-c3f7-4db4-87ca-141c476f2a88:c4013]
2019-08-22 07:03:41,293 | INFO  | DNAudit | user=null | ip=null | op=WRITE_CHUNK {blockData=conID: 1 locID: 102659353555698276 bcsId: 4013} | ret=SUCCESS |  
2019-08-22 07:03:41,294 | INFO  | DNAudit | user=null | ip=null | op=WRITE_CHUNK {blockData=conID: 1 locID: 102659353555698276 bcsId: 4013} | ret=SUCCESS |  
2019-08-22 07:03:41,294 | INFO  | DNAudit | user=null | ip=null | op=PUT_BLOCK {blockData=[blockId=conID: 1 locID: 102659353555698276 bcsId: 0,size=4194304]} | ret=SUCCESS |  
2019-08-22 07:03:41,295 | INFO  | DNAudit | user=null | ip=null | op=PUT_BLOCK {blockData=[blockId=conID: 1 locID: 102659353555698276 bcsId: 0,size=4194304]} | ret=SUCCESS |  
2019-08-22 07:03:41,296 [grpc-default-executor-1] INFO  client.GrpcClientProtocolClient (GrpcClientProtocolClient.java:onNext(255)) - client-CF63D631FA17->3cf1264f-5f6b-4138-aeee-2ff7d4522ead: receive RaftClientReply:client-CF63D631FA17->3cf1264f-5f6b-4138-aeee-2ff7d4522ead@group-561E16522154, cid=2683, SUCCESS, logIndex=0, commits[3cf1264f-5f6b-4138-aeee-2ff7d4522ead:c4019, 4f0d1a15-8f14-4d9a-ad4f-8211e1245b5d:c4017, 6999f20e-c3f7-4db4-87ca-141c476f2a88:c4017]
2019-08-22 07:03:41,303 | INFO  | SCMAudit | user=jenkins1000 | ip=192.168.34.31 | op=ALLOCATE_BLOCK {owner=04b6d46a-98e2-41b1-9f38-1870289993ea, size=4194304, type=RATIS, factor=THREE} | ret=SUCCESS |  
2019-08-22 07:03:41,308 | INFO  | OMAudit | user=jenkins1000 | ip=127.0.0.1 | op=ALLOCATE_BLOCK {volume=vol-0-14906, bucket=bucket-0-53153, key=key-0-33222, dataSize=0, replicationType=null, replicationFactor=null, keyLocationInfo=null, clientID=102659352017764754} | ret=SUCCESS |  
2019-08-22 07:03:41,315 | INFO  | DNAudit | user=null | ip=null | op=WRITE_CHUNK {blockData=conID: 2 locID: 102659353562514021 bcsId: 0} | ret=SUCCESS |  
2019-08-22 07:03:41,321 | INFO  | DNAudit | user=null | ip=null | op=WRITE_CHUNK {blockData=conID: 2 locID: 102659353562514021 bcsId: 0} | ret=SUCCESS |  
2019-08-22 07:03:41,321 | INFO  | DNAudit | user=null | ip=null | op=WRITE_CHUNK {blockData=conID: 2 locID: 102659353562514021 bcsId: 0} | ret=SUCCESS |  
2019-08-22 07:03:41,321 | INFO  | DNAudit | user=null | ip=null | op=WRITE_CHUNK {blockData=conID: 2 locID: 102659353562514021 bcsId: 0} | ret=SUCCESS |  
2019-08-22 07:03:41,325 | INFO  | DNAudit | user=null | ip=null | op=WRITE_CHUNK {blockData=conID: 2 locID: 102659353562514021 bcsId: 0} | ret=SUCCESS |  
2019-08-22 07:03:41,325 | INFO  | DNAudit | user=null | ip=null | op=WRITE_CHUNK {blockData=conID: 2 locID: 102659353562514021 bcsId: 0} | ret=SUCCESS |  
2019-08-22 07:03:41,330 | INFO  | DNAudit | user=null | ip=null | op=WRITE_CHUNK {blockData=conID: 2 locID: 102659353562514021 bcsId: 0} | ret=SUCCESS |  
2019-08-22 07:03:41,330 | INFO  | DNAudit | user=null | ip=null | op=PUT_BLOCK {blockData=[blockId=conID: 2 locID: 102659353562514021 bcsId: 0,size=1048576]} | ret=SUCCESS |  
2019-08-22 07:03:41,331 [grpc-default-executor-5] INFO  client.GrpcClientProtocolClient (GrpcClientProtocolClient.java:onNext(255)) - client-CF63D631FA17->3cf1264f-5f6b-4138-aeee-2ff7d4522ead: receive RaftClientReply:client-CF63D631FA17->3cf1264f-5f6b-4138-aeee-2ff7d4522ead@group-561E16522154, cid=2684, SUCCESS, logIndex=4020, commits[3cf1264f-5f6b-4138-aeee-2ff7d4522ead:c4021, 4f0d1a15-8f14-4d9a-ad4f-8211e1245b5d:c4019, 6999f20e-c3f7-4db4-87ca-141c476f2a88:c4019]
2019-08-22 07:03:41,331 [grpc-default-executor-5] INFO  client.GrpcClientProtocolClient (GrpcClientProtocolClient.java:onNext(255)) - client-CF63D631FA17->3cf1264f-5f6b-4138-aeee-2ff7d4522ead: receive RaftClientReply:client-CF63D631FA17->3cf1264f-5f6b-4138-aeee-2ff7d4522ead@group-561E16522154, cid=2685, SUCCESS, logIndex=4021, commits[3cf1264f-5f6b-4138-aeee-2ff7d4522ead:c4021, 4f0d1a15-8f14-4d9a-ad4f-8211e1245b5d:c4019, 6999f20e-c3f7-4db4-87ca-141c476f2a88:c4019]
2019-08-22 07:03:41,343 | INFO  | DNAudit | user=null | ip=null | op=WRITE_CHUNK {blockData=conID: 2 locID: 102659353562514021 bcsId: 0} | ret=SUCCESS |  
2019-08-22 07:03:41,344 | INFO  | DNAudit | user=null | ip=null | op=PUT_BLOCK {blockData=[blockId=conID: 2 locID: 102659353562514021 bcsId: 0,size=2097152]} | ret=SUCCESS |  
2019-08-22 07:03:41,344 [grpc-default-executor-3] INFO  client.GrpcClientProtocolClient (GrpcClientProtocolClient.java:onNext(255)) - client-CF63D631FA17->3cf1264f-5f6b-4138-aeee-2ff7d4522ead: receive RaftClientReply:client-CF63D631FA17->3cf1264f-5f6b-4138-aeee-2ff7d4522ead@group-561E16522154, cid=2686, SUCCESS, logIndex=4022, commits[3cf1264f-5f6b-4138-aeee-2ff7d4522ead:c4023, 4f0d1a15-8f14-4d9a-ad4f-8211e1245b5d:c4019, 6999f20e-c3f7-4db4-87ca-141c476f2a88:c4019]
2019-08-22 07:03:41,344 | INFO  | DNAudit | user=null | ip=null | op=WRITE_CHUNK {blockData=conID: 2 locID: 102659353562514021 bcsId: 0} | ret=SUCCESS |  
2019-08-22 07:03:41,345 | INFO  | DNAudit | user=null | ip=null | op=PUT_BLOCK {blockData=[blockId=conID: 2 locID: 102659353562514021 bcsId: 0,size=1048576]} | ret=SUCCESS |  
2019-08-22 07:03:41,344 [grpc-default-executor-5] INFO  client.GrpcClientProtocolClient (GrpcClientProtocolClient.java:onNext(255)) - client-CF63D631FA17->3cf1264f-5f6b-4138-aeee-2ff7d4522ead: receive RaftClientReply:client-CF63D631FA17->3cf1264f-5f6b-4138-aeee-2ff7d4522ead@group-561E16522154, cid=2687, SUCCESS, logIndex=4023, commits[3cf1264f-5f6b-4138-aeee-2ff7d4522ead:c4023, 4f0d1a15-8f14-4d9a-ad4f-8211e1245b5d:c4019, 6999f20e-c3f7-4db4-87ca-141c476f2a88:c4019]
2019-08-22 07:03:41,345 | INFO  | DNAudit | user=null | ip=null | op=WRITE_CHUNK {blockData=conID: 2 locID: 102659353562514021 bcsId: 0} | ret=SUCCESS |  
2019-08-22 07:03:41,346 | INFO  | DNAudit | user=null | ip=null | op=PUT_BLOCK {blockData=[blockId=conID: 2 locID: 102659353562514021 bcsId: 0,size=1048576]} | ret=SUCCESS |  
2019-08-22 07:03:41,346 [grpc-default-executor-5] INFO  client.GrpcClientProtocolClient (GrpcClientProtocolClient.java:onNext(255)) - client-CF63D631FA17->3cf1264f-5f6b-4138-aeee-2ff7d4522ead: receive RaftClientReply:client-CF63D631FA17->3cf1264f-5f6b-4138-aeee-2ff7d4522ead@group-561E16522154, cid=2688, SUCCESS, logIndex=0, commits[3cf1264f-5f6b-4138-aeee-2ff7d4522ead:c4025, 4f0d1a15-8f14-4d9a-ad4f-8211e1245b5d:c4021, 6999f20e-c3f7-4db4-87ca-141c476f2a88:c4021]
2019-08-22 07:03:41,355 | INFO  | DNAudit | user=null | ip=null | op=WRITE_CHUNK {blockData=conID: 2 locID: 102659353562514021 bcsId: 4023} | ret=SUCCESS |  
2019-08-22 07:03:41,356 | INFO  | DNAudit | user=null | ip=null | op=WRITE_CHUNK {blockData=conID: 2 locID: 102659353562514021 bcsId: 0} | ret=SUCCESS |  
2019-08-22 07:03:41,357 | INFO  | DNAudit | user=null | ip=null | op=PUT_BLOCK {blockData=[blockId=conID: 2 locID: 102659353562514021 bcsId: 0,size=2097152]} | ret=SUCCESS |  
2019-08-22 07:03:41,357 | INFO  | DNAudit | user=null | ip=null | op=WRITE_CHUNK {blockData=conID: 2 locID: 102659353562514021 bcsId: 4023} | ret=SUCCESS |  
2019-08-22 07:03:41,357 | INFO  | DNAudit | user=null | ip=null | op=WRITE_CHUNK {blockData=conID: 2 locID: 102659353562514021 bcsId: 4023} | ret=SUCCESS |  
2019-08-22 07:03:41,358 | INFO  | DNAudit | user=null | ip=null | op=WRITE_CHUNK {blockData=conID: 2 locID: 102659353562514021 bcsId: 0} | ret=SUCCESS |  
2019-08-22 07:03:41,358 | INFO  | DNAudit | user=null | ip=null | op=PUT_BLOCK {blockData=[blockId=conID: 2 locID: 102659353562514021 bcsId: 0,size=2097152]} | ret=SUCCESS |  
2019-08-22 07:03:41,370 | INFO  | DNAudit | user=null | ip=null | op=WRITE_CHUNK {blockData=conID: 2 locID: 102659353562514021 bcsId: 4023} | ret=SUCCESS |  
2019-08-22 07:03:41,370 | INFO  | DNAudit | user=null | ip=null | op=PUT_BLOCK {blockData=[blockId=conID: 2 locID: 102659353562514021 bcsId: 0,size=3145728]} | ret=SUCCESS |  
2019-08-22 07:03:41,370 [grpc-default-executor-5] INFO  client.GrpcClientProtocolClient (GrpcClientProtocolClient.java:onNext(255)) - client-CF63D631FA17->3cf1264f-5f6b-4138-aeee-2ff7d4522ead: receive RaftClientReply:client-CF63D631FA17->3cf1264f-5f6b-4138-aeee-2ff7d4522ead@group-561E16522154, cid=2689, SUCCESS, logIndex=4028, commits[3cf1264f-5f6b-4138-aeee-2ff7d4522ead:c4029, 4f0d1a15-8f14-4d9a-ad4f-8211e1245b5d:c4025, 6999f20e-c3f7-4db4-87ca-141c476f2a88:c4025]
2019-08-22 07:03:41,371 [grpc-default-executor-5] INFO  client.GrpcClientProtocolClient (GrpcClientProtocolClient.java:onNext(255)) - client-CF63D631FA17->3cf1264f-5f6b-4138-aeee-2ff7d4522ead: receive RaftClientReply:client-CF63D631FA17->3cf1264f-5f6b-4138-aeee-2ff7d4522ead@group-561E16522154, cid=2690, SUCCESS, logIndex=4029, commits[3cf1264f-5f6b-4138-aeee-2ff7d4522ead:c4029, 4f0d1a15-8f14-4d9a-ad4f-8211e1245b5d:c4025, 6999f20e-c3f7-4db4-87ca-141c476f2a88:c4025]
2019-08-22 07:03:41,379 | INFO  | DNAudit | user=null | ip=null | op=WRITE_CHUNK {blockData=conID: 2 locID: 102659353562514021 bcsId: 4029} | ret=SUCCESS |  
2019-08-22 07:03:41,382 | INFO  | DNAudit | user=null | ip=null | op=WRITE_CHUNK {blockData=conID: 2 locID: 102659353562514021 bcsId: 4029} | ret=SUCCESS |  
2019-08-22 07:03:41,382 | INFO  | DNAudit | user=null | ip=null | op=WRITE_CHUNK {blockData=conID: 2 locID: 102659353562514021 bcsId: 4029} | ret=SUCCESS |  
2019-08-22 07:03:41,383 | INFO  | DNAudit | user=null | ip=null | op=WRITE_CHUNK {blockData=conID: 2 locID: 102659353562514021 bcsId: 4023} | ret=SUCCESS |  
2019-08-22 07:03:41,383 | INFO  | DNAudit | user=null | ip=null | op=PUT_BLOCK {blockData=[blockId=conID: 2 locID: 102659353562514021 bcsId: 0,size=3145728]} | ret=SUCCESS |  
2019-08-22 07:03:41,383 | INFO  | DNAudit | user=null | ip=null | op=WRITE_CHUNK {blockData=conID: 2 locID: 102659353562514021 bcsId: 4023} | ret=SUCCESS |  
2019-08-22 07:03:41,383 | INFO  | DNAudit | user=null | ip=null | op=PUT_BLOCK {blockData=[blockId=conID: 2 locID: 102659353562514021 bcsId: 0,size=3145728]} | ret=SUCCESS |  
2019-08-22 07:03:41,386 | INFO  | DNAudit | user=null | ip=null | op=WRITE_CHUNK {blockData=conID: 2 locID: 102659353562514021 bcsId: 4029} | ret=SUCCESS |  
2019-08-22 07:03:41,386 | INFO  | DNAudit | user=null | ip=null | op=PUT_BLOCK {blockData=[blockId=conID: 2 locID: 102659353562514021 bcsId: 0,size=4194304]} | ret=SUCCESS |  
2019-08-22 07:03:41,387 [grpc-default-executor-3] INFO  client.GrpcClientProtocolClient (GrpcClientProtocolClient.java:onNext(255)) - client-CF63D631FA17->3cf1264f-5f6b-4138-aeee-2ff7d4522ead: receive RaftClientReply:client-CF63D631FA17->3cf1264f-5f6b-4138-aeee-2ff7d4522ead@group-561E16522154, cid=2691, SUCCESS, logIndex=4032, commits[3cf1264f-5f6b-4138-aeee-2ff7d4522ead:c4033, 4f0d1a15-8f14-4d9a-ad4f-8211e1245b5d:c4029, 6999f20e-c3f7-4db4-87ca-141c476f2a88:c4029]
2019-08-22 07:03:41,387 [grpc-default-executor-3] INFO  client.GrpcClientProtocolClient (GrpcClientProtocolClient.java:onNext(255)) - client-CF63D631FA17->3cf1264f-5f6b-4138-aeee-2ff7d4522ead: receive RaftClientReply:client-CF63D631FA17->3cf1264f-5f6b-4138-aeee-2ff7d4522ead@group-561E16522154, cid=2692, SUCCESS, logIndex=4033, commits[3cf1264f-5f6b-4138-aeee-2ff7d4522ead:c4033, 4f0d1a15-8f14-4d9a-ad4f-8211e1245b5d:c4029, 6999f20e-c3f7-4db4-87ca-141c476f2a88:c4029]
2019-08-22 07:03:41,388 | INFO  | DNAudit | user=null | ip=null | op=WRITE_CHUNK {blockData=conID: 2 locID: 102659353562514021 bcsId: 4029} | ret=SUCCESS |  
2019-08-22 07:03:41,388 | INFO  | DNAudit | user=null | ip=null | op=WRITE_CHUNK {blockData=conID: 2 locID: 102659353562514021 bcsId: 4029} | ret=SUCCESS |  
2019-08-22 07:03:41,388 | INFO  | DNAudit | user=null | ip=null | op=PUT_BLOCK {blockData=[blockId=conID: 2 locID: 102659353562514021 bcsId: 0,size=4194304]} | ret=SUCCESS |  
2019-08-22 07:03:41,388 | INFO  | DNAudit | user=null | ip=null | op=PUT_BLOCK {blockData=[blockId=conID: 2 locID: 102659353562514021 bcsId: 0,size=4194304]} | ret=SUCCESS |  
2019-08-22 07:03:41,388 [grpc-default-executor-3] INFO  client.GrpcClientProtocolClient (GrpcClientProtocolClient.java:onNext(255)) - client-CF63D631FA17->3cf1264f-5f6b-4138-aeee-2ff7d4522ead: receive RaftClientReply:client-CF63D631FA17->3cf1264f-5f6b-4138-aeee-2ff7d4522ead@group-561E16522154, cid=2693, SUCCESS, logIndex=0, commits[3cf1264f-5f6b-4138-aeee-2ff7d4522ead:c4034, 4f0d1a15-8f14-4d9a-ad4f-8211e1245b5d:c4033, 6999f20e-c3f7-4db4-87ca-141c476f2a88:c4033]
2019-08-22 07:03:41,394 | INFO  | SCMAudit | user=jenkins1000 | ip=192.168.34.31 | op=ALLOCATE_BLOCK {owner=04b6d46a-98e2-41b1-9f38-1870289993ea, size=4194304, type=RATIS, factor=THREE} | ret=SUCCESS |  
2019-08-22 07:03:41,397 | INFO  | OMAudit | user=jenkins1000 | ip=127.0.0.1 | op=ALLOCATE_BLOCK {volume=vol-0-14906, bucket=bucket-0-53153, key=key-0-33222, dataSize=0, replicationType=null, replicationFactor=null, keyLocationInfo=null, clientID=102659352017764754} | ret=SUCCESS |  
2019-08-22 07:03:41,406 | INFO  | DNAudit | user=null | ip=null | op=WRITE_CHUNK {blockData=conID: 3 locID: 102659353568477798 bcsId: 0} | ret=SUCCESS |  
2019-08-22 07:03:41,411 | INFO  | DNAudit | user=null | ip=null | op=WRITE_CHUNK {blockData=conID: 3 locID: 102659353568477798 bcsId: 0} | ret=SUCCESS |  
2019-08-22 07:03:41,411 | INFO  | DNAudit | user=null | ip=null | op=WRITE_CHUNK {blockData=conID: 3 locID: 102659353568477798 bcsId: 0} | ret=SUCCESS |  
2019-08-22 07:03:41,412 | INFO  | DNAudit | user=null | ip=null | op=WRITE_CHUNK {blockData=conID: 3 locID: 102659353568477798 bcsId: 0} | ret=SUCCESS |  
2019-08-22 07:03:41,414 | INFO  | DNAudit | user=null | ip=null | op=WRITE_CHUNK {blockData=conID: 3 locID: 102659353568477798 bcsId: 0} | ret=SUCCESS |  
2019-08-22 07:03:41,414 | INFO  | DNAudit | user=null | ip=null | op=WRITE_CHUNK {blockData=conID: 3 locID: 102659353568477798 bcsId: 0} | ret=SUCCESS |  
2019-08-22 07:03:41,415 | INFO  | DNAudit | user=null | ip=null | op=PUT_BLOCK {blockData=[blockId=conID: 3 locID: 102659353568477798 bcsId: 0,size=1048576]} | ret=SUCCESS |  
2019-08-22 07:03:41,415 | INFO  | DNAudit | user=null | ip=null | op=WRITE_CHUNK {blockData=conID: 3 locID: 102659353568477798 bcsId: 0} | ret=SUCCESS |  
2019-08-22 07:03:41,415 [grpc-default-executor-5] INFO  client.GrpcClientProtocolClient (GrpcClientProtocolClient.java:onNext(255)) - client-CF63D631FA17->3cf1264f-5f6b-4138-aeee-2ff7d4522ead: receive RaftClientReply:client-CF63D631FA17->3cf1264f-5f6b-4138-aeee-2ff7d4522ead@group-561E16522154, cid=2694, SUCCESS, logIndex=4035, commits[3cf1264f-5f6b-4138-aeee-2ff7d4522ead:c4036, 4f0d1a15-8f14-4d9a-ad4f-8211e1245b5d:c4033, 6999f20e-c3f7-4db4-87ca-141c476f2a88:c4034]
2019-08-22 07:03:41,416 [grpc-default-executor-5] INFO  client.GrpcClientProtocolClient (GrpcClientProtocolClient.java:onNext(255)) - client-CF63D631FA17->3cf1264f-5f6b-4138-aeee-2ff7d4522ead: receive RaftClientReply:client-CF63D631FA17->3cf1264f-5f6b-4138-aeee-2ff7d4522ead@group-561E16522154, cid=2695, SUCCESS, logIndex=4036, commits[3cf1264f-5f6b-4138-aeee-2ff7d4522ead:c4036, 4f0d1a15-8f14-4d9a-ad4f-8211e1245b5d:c4033, 6999f20e-c3f7-4db4-87ca-141c476f2a88:c4034]
2019-08-22 07:03:41,417 | INFO  | DNAudit | user=null | ip=null | op=WRITE_CHUNK {blockData=conID: 3 locID: 102659353568477798 bcsId: 0} | ret=SUCCESS |  
2019-08-22 07:03:41,417 | INFO  | DNAudit | user=null | ip=null | op=WRITE_CHUNK {blockData=conID: 3 locID: 102659353568477798 bcsId: 0} | ret=SUCCESS |  
2019-08-22 07:03:41,417 | INFO  | DNAudit | user=null | ip=null | op=PUT_BLOCK {blockData=[blockId=conID: 3 locID: 102659353568477798 bcsId: 0,size=1048576]} | ret=SUCCESS |  
2019-08-22 07:03:41,418 | INFO  | DNAudit | user=null | ip=null | op=WRITE_CHUNK {blockData=conID: 3 locID: 102659353568477798 bcsId: 0} | ret=SUCCESS |  
2019-08-22 07:03:41,418 | INFO  | DNAudit | user=null | ip=null | op=PUT_BLOCK {blockData=[blockId=conID: 3 locID: 102659353568477798 bcsId: 0,size=2097152]} | ret=SUCCESS |  
2019-08-22 07:03:41,418 | INFO  | DNAudit | user=null | ip=null | op=PUT_BLOCK {blockData=[blockId=conID: 3 locID: 102659353568477798 bcsId: 0,size=1048576]} | ret=SUCCESS |  
2019-08-22 07:03:41,418 [grpc-default-executor-3] INFO  client.GrpcClientProtocolClient (GrpcClientProtocolClient.java:onNext(255)) - client-CF63D631FA17->3cf1264f-5f6b-4138-aeee-2ff7d4522ead: receive RaftClientReply:client-CF63D631FA17->3cf1264f-5f6b-4138-aeee-2ff7d4522ead@group-561E16522154, cid=2696, SUCCESS, logIndex=4037, commits[3cf1264f-5f6b-4138-aeee-2ff7d4522ead:c4039, 4f0d1a15-8f14-4d9a-ad4f-8211e1245b5d:c4036, 6999f20e-c3f7-4db4-87ca-141c476f2a88:c4034]
2019-08-22 07:03:41,419 [grpc-default-executor-5] INFO  client.GrpcClientProtocolClient (GrpcClientProtocolClient.java:onNext(255)) - client-CF63D631FA17->3cf1264f-5f6b-4138-aeee-2ff7d4522ead: receive RaftClientReply:client-CF63D631FA17->3cf1264f-5f6b-4138-aeee-2ff7d4522ead@group-561E16522154, cid=2697, SUCCESS, logIndex=4038, commits[3cf1264f-5f6b-4138-aeee-2ff7d4522ead:c4039, 4f0d1a15-8f14-4d9a-ad4f-8211e1245b5d:c4036, 6999f20e-c3f7-4db4-87ca-141c476f2a88:c4034]
2019-08-22 07:03:41,420 [grpc-default-executor-5] INFO  client.GrpcClientProtocolClient (GrpcClientProtocolClient.java:onNext(255)) - client-CF63D631FA17->3cf1264f-5f6b-4138-aeee-2ff7d4522ead: receive RaftClientReply:client-CF63D631FA17->3cf1264f-5f6b-4138-aeee-2ff7d4522ead@group-561E16522154, cid=2698, SUCCESS, logIndex=0, commits[3cf1264f-5f6b-4138-aeee-2ff7d4522ead:c4040, 4f0d1a15-8f14-4d9a-ad4f-8211e1245b5d:c4036, 6999f20e-c3f7-4db4-87ca-141c476f2a88:c4036]
2019-08-22 07:03:41,421 | INFO  | DNAudit | user=null | ip=null | op=WRITE_CHUNK {blockData=conID: 3 locID: 102659353568477798 bcsId: 0} | ret=SUCCESS |  
2019-08-22 07:03:41,422 | INFO  | DNAudit | user=null | ip=null | op=WRITE_CHUNK {blockData=conID: 3 locID: 102659353568477798 bcsId: 0} | ret=SUCCESS |  
2019-08-22 07:03:41,422 | INFO  | DNAudit | user=null | ip=null | op=PUT_BLOCK {blockData=[blockId=conID: 3 locID: 102659353568477798 bcsId: 0,size=2097152]} | ret=SUCCESS |  
2019-08-22 07:03:41,423 | INFO  | DNAudit | user=null | ip=null | op=PUT_BLOCK {blockData=[blockId=conID: 3 locID: 102659353568477798 bcsId: 0,size=2097152]} | ret=SUCCESS |  
2019-08-22 07:03:41,428 | INFO  | DNAudit | user=null | ip=null | op=WRITE_CHUNK {blockData=conID: 3 locID: 102659353568477798 bcsId: 4038} | ret=SUCCESS |  
2019-08-22 07:03:41,431 | INFO  | DNAudit | user=null | ip=null | op=WRITE_CHUNK {blockData=conID: 3 locID: 102659353568477798 bcsId: 4038} | ret=SUCCESS |  
2019-08-22 07:03:41,431 | INFO  | DNAudit | user=null | ip=null | op=WRITE_CHUNK {blockData=conID: 3 locID: 102659353568477798 bcsId: 4038} | ret=SUCCESS |  
2019-08-22 07:03:41,453 | INFO  | DNAudit | user=null | ip=null | op=WRITE_CHUNK {blockData=conID: 3 locID: 102659353568477798 bcsId: 4038} | ret=SUCCESS |  
2019-08-22 07:03:41,453 | INFO  | DNAudit | user=null | ip=null | op=PUT_BLOCK {blockData=[blockId=conID: 3 locID: 102659353568477798 bcsId: 0,size=3145728]} | ret=SUCCESS |  
2019-08-22 07:03:41,454 [grpc-default-executor-5] INFO  client.GrpcClientProtocolClient (GrpcClientProtocolClient.java:onNext(255)) - client-CF63D631FA17->3cf1264f-5f6b-4138-aeee-2ff7d4522ead: receive RaftClientReply:client-CF63D631FA17->3cf1264f-5f6b-4138-aeee-2ff7d4522ead@group-561E16522154, cid=2699, SUCCESS, logIndex=4043, commits[3cf1264f-5f6b-4138-aeee-2ff7d4522ead:c4044, 4f0d1a15-8f14-4d9a-ad4f-8211e1245b5d:c4042, 6999f20e-c3f7-4db4-87ca-141c476f2a88:c4042]
2019-08-22 07:03:41,454 [grpc-default-executor-5] INFO  client.GrpcClientProtocolClient (GrpcClientProtocolClient.java:onNext(255)) - client-CF63D631FA17->3cf1264f-5f6b-4138-aeee-2ff7d4522ead: receive RaftClientReply:client-CF63D631FA17->3cf1264f-5f6b-4138-aeee-2ff7d4522ead@group-561E16522154, cid=2700, SUCCESS, logIndex=4044, commits[3cf1264f-5f6b-4138-aeee-2ff7d4522ead:c4044, 4f0d1a15-8f14-4d9a-ad4f-8211e1245b5d:c4042, 6999f20e-c3f7-4db4-87ca-141c476f2a88:c4042]
2019-08-22 07:03:41,464 | INFO  | DNAudit | user=null | ip=null | op=WRITE_CHUNK {blockData=conID: 3 locID: 102659353568477798 bcsId: 4044} | ret=SUCCESS |  
2019-08-22 07:03:41,464 | INFO  | DNAudit | user=null | ip=null | op=WRITE_CHUNK {blockData=conID: 3 locID: 102659353568477798 bcsId: 4038} | ret=SUCCESS |  
2019-08-22 07:03:41,465 | INFO  | DNAudit | user=null | ip=null | op=PUT_BLOCK {blockData=[blockId=conID: 3 locID: 102659353568477798 bcsId: 0,size=3145728]} | ret=SUCCESS |  
2019-08-22 07:03:41,466 | INFO  | DNAudit | user=null | ip=null | op=WRITE_CHUNK {blockData=conID: 3 locID: 102659353568477798 bcsId: 4038} | ret=SUCCESS |  
2019-08-22 07:03:41,466 | INFO  | DNAudit | user=null | ip=null | op=PUT_BLOCK {blockData=[blockId=conID: 3 locID: 102659353568477798 bcsId: 0,size=3145728]} | ret=SUCCESS |  
2019-08-22 07:03:41,469 | INFO  | DNAudit | user=null | ip=null | op=WRITE_CHUNK {blockData=conID: 3 locID: 102659353568477798 bcsId: 4044} | ret=SUCCESS |  
2019-08-22 07:03:41,469 | INFO  | DNAudit | user=null | ip=null | op=WRITE_CHUNK {blockData=conID: 3 locID: 102659353568477798 bcsId: 4044} | ret=SUCCESS |  
2019-08-22 07:03:41,476 | INFO  | DNAudit | user=null | ip=null | op=WRITE_CHUNK {blockData=conID: 3 locID: 102659353568477798 bcsId: 4044} | ret=SUCCESS |  
2019-08-22 07:03:41,477 | INFO  | DNAudit | user=null | ip=null | op=PUT_BLOCK {blockData=[blockId=conID: 3 locID: 102659353568477798 bcsId: 0,size=4194304]} | ret=SUCCESS |  
2019-08-22 07:03:41,477 [grpc-default-executor-3] INFO  client.GrpcClientProtocolClient (GrpcClientProtocolClient.java:onNext(255)) - client-CF63D631FA17->3cf1264f-5f6b-4138-aeee-2ff7d4522ead: receive RaftClientReply:client-CF63D631FA17->3cf1264f-5f6b-4138-aeee-2ff7d4522ead@group-561E16522154, cid=2701, SUCCESS, logIndex=4047, commits[3cf1264f-5f6b-4138-aeee-2ff7d4522ead:c4048, 4f0d1a15-8f14-4d9a-ad4f-8211e1245b5d:c4044, 6999f20e-c3f7-4db4-87ca-141c476f2a88:c4044]
2019-08-22 07:03:41,478 [grpc-default-executor-3] INFO  client.GrpcClientProtocolClient (GrpcClientProtocolClient.java:onNext(255)) - client-CF63D631FA17->3cf1264f-5f6b-4138-aeee-2ff7d4522ead: receive RaftClientReply:client-CF63D631FA17->3cf1264f-5f6b-4138-aeee-2ff7d4522ead@group-561E16522154, cid=2702, SUCCESS, logIndex=4048, commits[3cf1264f-5f6b-4138-aeee-2ff7d4522ead:c4048, 4f0d1a15-8f14-4d9a-ad4f-8211e1245b5d:c4044, 6999f20e-c3f7-4db4-87ca-141c476f2a88:c4044]
2019-08-22 07:03:41,488 | INFO  | DNAudit | user=null | ip=null | op=WRITE_CHUNK {blockData=conID: 3 locID: 102659353568477798 bcsId: 4044} | ret=SUCCESS |  
2019-08-22 07:03:41,489 | INFO  | DNAudit | user=null | ip=null | op=WRITE_CHUNK {blockData=conID: 3 locID: 102659353568477798 bcsId: 4044} | ret=SUCCESS |  
2019-08-22 07:03:41,489 | INFO  | DNAudit | user=null | ip=null | op=PUT_BLOCK {blockData=[blockId=conID: 3 locID: 102659353568477798 bcsId: 0,size=4194304]} | ret=SUCCESS |  
2019-08-22 07:03:41,489 | INFO  | DNAudit | user=null | ip=null | op=PUT_BLOCK {blockData=[blockId=conID: 3 locID: 102659353568477798 bcsId: 0,size=4194304]} | ret=SUCCESS |  
2019-08-22 07:03:41,490 [grpc-default-executor-3] INFO  client.GrpcClientProtocolClient (GrpcClientProtocolClient.java:onNext(255)) - client-CF63D631FA17->3cf1264f-5f6b-4138-aeee-2ff7d4522ead: receive RaftClientReply:client-CF63D631FA17->3cf1264f-5f6b-4138-aeee-2ff7d4522ead@group-561E16522154, cid=2703, SUCCESS, logIndex=0, commits[3cf1264f-5f6b-4138-aeee-2ff7d4522ead:c4049, 4f0d1a15-8f14-4d9a-ad4f-8211e1245b5d:c4048, 6999f20e-c3f7-4db4-87ca-141c476f2a88:c4048]
2019-08-22 07:03:41,498 | INFO  | SCMAudit | user=jenkins1000 | ip=192.168.34.31 | op=ALLOCATE_BLOCK {owner=04b6d46a-98e2-41b1-9f38-1870289993ea, size=4194304, type=RATIS, factor=THREE} | ret=SUCCESS |  
2019-08-22 07:03:41,503 | INFO  | OMAudit | user=jenkins1000 | ip=127.0.0.1 | op=ALLOCATE_BLOCK {volume=vol-0-14906, bucket=bucket-0-53153, key=key-0-33222, dataSize=0, replicationType=null, replicationFactor=null, keyLocationInfo=null, clientID=102659352017764754} | ret=SUCCESS |  
2019-08-22 07:03:41,513 | INFO  | DNAudit | user=null | ip=null | op=WRITE_CHUNK {blockData=conID: 1 locID: 102659353575293543 bcsId: 0} | ret=SUCCESS |  
2019-08-22 07:03:41,516 | INFO  | DNAudit | user=null | ip=null | op=WRITE_CHUNK {blockData=conID: 1 locID: 102659353575293543 bcsId: 0} | ret=SUCCESS |  
2019-08-22 07:03:41,517 | INFO  | DNAudit | user=null | ip=null | op=WRITE_CHUNK {blockData=conID: 1 locID: 102659353575293543 bcsId: 0} | ret=SUCCESS |  
2019-08-22 07:03:41,517 | INFO  | DNAudit | user=null | ip=null | op=WRITE_CHUNK {blockData=conID: 1 locID: 102659353575293543 bcsId: 0} | ret=SUCCESS |  
2019-08-22 07:03:41,520 | INFO  | DNAudit | user=null | ip=null | op=WRITE_CHUNK {blockData=conID: 1 locID: 102659353575293543 bcsId: 0} | ret=SUCCESS |  
2019-08-22 07:03:41,520 | INFO  | DNAudit | user=null | ip=null | op=WRITE_CHUNK {blockData=conID: 1 locID: 102659353575293543 bcsId: 0} | ret=SUCCESS |  
2019-08-22 07:03:41,526 | INFO  | DNAudit | user=null | ip=null | op=WRITE_CHUNK {blockData=conID: 1 locID: 102659353575293543 bcsId: 0} | ret=SUCCESS |  
2019-08-22 07:03:41,526 | INFO  | DNAudit | user=null | ip=null | op=PUT_BLOCK {blockData=[blockId=conID: 1 locID: 102659353575293543 bcsId: 0,size=1048576]} | ret=SUCCESS |  
2019-08-22 07:03:41,526 [grpc-default-executor-5] INFO  client.GrpcClientProtocolClient (GrpcClientProtocolClient.java:onNext(255)) - client-CF63D631FA17->3cf1264f-5f6b-4138-aeee-2ff7d4522ead: receive RaftClientReply:client-CF63D631FA17->3cf1264f-5f6b-4138-aeee-2ff7d4522ead@group-561E16522154, cid=2704, SUCCESS, logIndex=4051, commits[3cf1264f-5f6b-4138-aeee-2ff7d4522ead:c4052, 4f0d1a15-8f14-4d9a-ad4f-8211e1245b5d:c4050, 6999f20e-c3f7-4db4-87ca-141c476f2a88:c4050]
2019-08-22 07:03:41,527 | INFO  | DNAudit | user=null | ip=null | op=WRITE_CHUNK {blockData=conID: 1 locID: 102659353575293543 bcsId: 0} | ret=SUCCESS |  
2019-08-22 07:03:41,527 [grpc-default-executor-3] INFO  client.GrpcClientProtocolClient (GrpcClientProtocolClient.java:onNext(255)) - client-CF63D631FA17->3cf1264f-5f6b-4138-aeee-2ff7d4522ead: receive RaftClientReply:client-CF63D631FA17->3cf1264f-5f6b-4138-aeee-2ff7d4522ead@group-561E16522154, cid=2705, SUCCESS, logIndex=4052, commits[3cf1264f-5f6b-4138-aeee-2ff7d4522ead:c4052, 4f0d1a15-8f14-4d9a-ad4f-8211e1245b5d:c4050, 6999f20e-c3f7-4db4-87ca-141c476f2a88:c4050]
2019-08-22 07:03:41,527 | INFO  | DNAudit | user=null | ip=null | op=PUT_BLOCK {blockData=[blockId=conID: 1 locID: 102659353575293543 bcsId: 0,size=2097152]} | ret=SUCCESS |  
2019-08-22 07:03:41,528 [grpc-default-executor-0] INFO  client.GrpcClientProtocolClient (GrpcClientProtocolClient.java:onNext(255)) - client-CF63D631FA17->3cf1264f-5f6b-4138-aeee-2ff7d4522ead: receive RaftClientReply:client-CF63D631FA17->3cf1264f-5f6b-4138-aeee-2ff7d4522ead@group-561E16522154, cid=2706, SUCCESS, logIndex=4053, commits[3cf1264f-5f6b-4138-aeee-2ff7d4522ead:c4053, 4f0d1a15-8f14-4d9a-ad4f-8211e1245b5d:c4050, 6999f20e-c3f7-4db4-87ca-141c476f2a88:c4050]
2019-08-22 07:03:41,528 [grpc-default-executor-0] INFO  client.GrpcClientProtocolClient (GrpcClientProtocolClient.java:onNext(255)) - client-CF63D631FA17->3cf1264f-5f6b-4138-aeee-2ff7d4522ead: receive RaftClientReply:client-CF63D631FA17->3cf1264f-5f6b-4138-aeee-2ff7d4522ead@group-561E16522154, cid=2707, SUCCESS, logIndex=4054, commits[3cf1264f-5f6b-4138-aeee-2ff7d4522ead:c4054, 4f0d1a15-8f14-4d9a-ad4f-8211e1245b5d:c4050, 6999f20e-c3f7-4db4-87ca-141c476f2a88:c4050]
2019-08-22 07:03:41,540 | INFO  | DNAudit | user=null | ip=null | op=WRITE_CHUNK {blockData=conID: 1 locID: 102659353575293543 bcsId: 0} | ret=SUCCESS |  
2019-08-22 07:03:41,540 | INFO  | DNAudit | user=null | ip=null | op=PUT_BLOCK {blockData=[blockId=conID: 1 locID: 102659353575293543 bcsId: 0,size=1048576]} | ret=SUCCESS |  
2019-08-22 07:03:41,541 | INFO  | DNAudit | user=null | ip=null | op=WRITE_CHUNK {blockData=conID: 1 locID: 102659353575293543 bcsId: 0} | ret=SUCCESS |  
2019-08-22 07:03:41,541 | INFO  | DNAudit | user=null | ip=null | op=WRITE_CHUNK {blockData=conID: 1 locID: 102659353575293543 bcsId: 0} | ret=SUCCESS |  
2019-08-22 07:03:41,541 | INFO  | DNAudit | user=null | ip=null | op=PUT_BLOCK {blockData=[blockId=conID: 1 locID: 102659353575293543 bcsId: 0,size=1048576]} | ret=SUCCESS |  
2019-08-22 07:03:41,541 | INFO  | DNAudit | user=null | ip=null | op=PUT_BLOCK {blockData=[blockId=conID: 1 locID: 102659353575293543 bcsId: 0,size=2097152]} | ret=SUCCESS |  
2019-08-22 07:03:41,541 | INFO  | DNAudit | user=null | ip=null | op=WRITE_CHUNK {blockData=conID: 1 locID: 102659353575293543 bcsId: 0} | ret=SUCCESS |  
2019-08-22 07:03:41,542 | INFO  | DNAudit | user=null | ip=null | op=PUT_BLOCK {blockData=[blockId=conID: 1 locID: 102659353575293543 bcsId: 0,size=2097152]} | ret=SUCCESS |  
2019-08-22 07:03:41,542 [grpc-default-executor-0] INFO  client.GrpcClientProtocolClient (GrpcClientProtocolClient.java:onNext(255)) - client-CF63D631FA17->3cf1264f-5f6b-4138-aeee-2ff7d4522ead: receive RaftClientReply:client-CF63D631FA17->3cf1264f-5f6b-4138-aeee-2ff7d4522ead@group-561E16522154, cid=2708, SUCCESS, logIndex=0, commits[3cf1264f-5f6b-4138-aeee-2ff7d4522ead:c4056, 4f0d1a15-8f14-4d9a-ad4f-8211e1245b5d:c4052, 6999f20e-c3f7-4db4-87ca-141c476f2a88:c4052]
2019-08-22 07:03:41,551 | INFO  | DNAudit | user=null | ip=null | op=WRITE_CHUNK {blockData=conID: 1 locID: 102659353575293543 bcsId: 4054} | ret=SUCCESS |  
2019-08-22 07:03:41,555 | INFO  | DNAudit | user=null | ip=null | op=WRITE_CHUNK {blockData=conID: 1 locID: 102659353575293543 bcsId: 4054} | ret=SUCCESS |  
2019-08-22 07:03:41,555 | INFO  | DNAudit | user=null | ip=null | op=WRITE_CHUNK {blockData=conID: 1 locID: 102659353575293543 bcsId: 4054} | ret=SUCCESS |  
2019-08-22 07:03:41,564 | INFO  | DNAudit | user=null | ip=null | op=WRITE_CHUNK {blockData=conID: 1 locID: 102659353575293543 bcsId: 4054} | ret=SUCCESS |  
2019-08-22 07:03:41,564 | INFO  | DNAudit | user=null | ip=null | op=PUT_BLOCK {blockData=[blockId=conID: 1 locID: 102659353575293543 bcsId: 0,size=3145728]} | ret=SUCCESS |  
2019-08-22 07:03:41,565 [grpc-default-executor-3] INFO  client.GrpcClientProtocolClient (GrpcClientProtocolClient.java:onNext(255)) - client-CF63D631FA17->3cf1264f-5f6b-4138-aeee-2ff7d4522ead: receive RaftClientReply:client-CF63D631FA17->3cf1264f-5f6b-4138-aeee-2ff7d4522ead@group-561E16522154, cid=2709, SUCCESS, logIndex=4059, commits[3cf1264f-5f6b-4138-aeee-2ff7d4522ead:c4060, 4f0d1a15-8f14-4d9a-ad4f-8211e1245b5d:c4058, 6999f20e-c3f7-4db4-87ca-141c476f2a88:c4058]
2019-08-22 07:03:41,565 [grpc-default-executor-3] INFO  client.GrpcClientProtocolClient (GrpcClientProtocolClient.java:onNext(255)) - client-CF63D631FA17->3cf1264f-5f6b-4138-aeee-2ff7d4522ead: receive RaftClientReply:client-CF63D631FA17->3cf1264f-5f6b-4138-aeee-2ff7d4522ead@group-561E16522154, cid=2710, SUCCESS, logIndex=4060, commits[3cf1264f-5f6b-4138-aeee-2ff7d4522ead:c4060, 4f0d1a15-8f14-4d9a-ad4f-8211e1245b5d:c4058, 6999f20e-c3f7-4db4-87ca-141c476f2a88:c4058]
2019-08-22 07:03:41,573 | INFO  | DNAudit | user=null | ip=null | op=WRITE_CHUNK {blockData=conID: 1 locID: 102659353575293543 bcsId: 4060} | ret=SUCCESS |  
2019-08-22 07:03:41,575 | INFO  | DNAudit | user=null | ip=null | op=WRITE_CHUNK {blockData=conID: 1 locID: 102659353575293543 bcsId: 4054} | ret=SUCCESS |  
2019-08-22 07:03:41,576 | INFO  | DNAudit | user=null | ip=null | op=WRITE_CHUNK {blockData=conID: 1 locID: 102659353575293543 bcsId: 4054} | ret=SUCCESS |  
2019-08-22 07:03:41,576 | INFO  | DNAudit | user=null | ip=null | op=PUT_BLOCK {blockData=[blockId=conID: 1 locID: 102659353575293543 bcsId: 0,size=3145728]} | ret=SUCCESS |  
2019-08-22 07:03:41,576 | INFO  | DNAudit | user=null | ip=null | op=PUT_BLOCK {blockData=[blockId=conID: 1 locID: 102659353575293543 bcsId: 0,size=3145728]} | ret=SUCCESS |  
2019-08-22 07:03:41,578 | INFO  | DNAudit | user=null | ip=null | op=WRITE_CHUNK {blockData=conID: 1 locID: 102659353575293543 bcsId: 4060} | ret=SUCCESS |  
2019-08-22 07:03:41,578 | INFO  | DNAudit | user=null | ip=null | op=WRITE_CHUNK {blockData=conID: 1 locID: 102659353575293543 bcsId: 4060} | ret=SUCCESS |  
2019-08-22 07:03:41,590 | INFO  | DNAudit | user=null | ip=null | op=WRITE_CHUNK {blockData=conID: 1 locID: 102659353575293543 bcsId: 4060} | ret=SUCCESS |  
2019-08-22 07:03:41,595 | INFO  | DNAudit | user=null | ip=null | op=PUT_BLOCK {blockData=[blockId=conID: 1 locID: 102659353575293543 bcsId: 0,size=4194304]} | ret=SUCCESS |  
2019-08-22 07:03:41,595 [grpc-default-executor-3] INFO  client.GrpcClientProtocolClient (GrpcClientProtocolClient.java:onNext(255)) - client-CF63D631FA17->3cf1264f-5f6b-4138-aeee-2ff7d4522ead: receive RaftClientReply:client-CF63D631FA17->3cf1264f-5f6b-4138-aeee-2ff7d4522ead@group-561E16522154, cid=2711, SUCCESS, logIndex=4063, commits[3cf1264f-5f6b-4138-aeee-2ff7d4522ead:c4064, 4f0d1a15-8f14-4d9a-ad4f-8211e1245b5d:c4060, 6999f20e-c3f7-4db4-87ca-141c476f2a88:c4060]
2019-08-22 07:03:41,596 [grpc-default-executor-3] INFO  client.GrpcClientProtocolClient (GrpcClientProtocolClient.java:onNext(255)) - client-CF63D631FA17->3cf1264f-5f6b-4138-aeee-2ff7d4522ead: receive RaftClientReply:client-CF63D631FA17->3cf1264f-5f6b-4138-aeee-2ff7d4522ead@group-561E16522154, cid=2712, SUCCESS, logIndex=4064, commits[3cf1264f-5f6b-4138-aeee-2ff7d4522ead:c4064, 4f0d1a15-8f14-4d9a-ad4f-8211e1245b5d:c4060, 6999f20e-c3f7-4db4-87ca-141c476f2a88:c4060]
2019-08-22 07:03:41,602 | INFO  | DNAudit | user=null | ip=null | op=WRITE_CHUNK {blockData=conID: 1 locID: 102659353575293543 bcsId: 4060} | ret=SUCCESS |  
2019-08-22 07:03:41,603 | INFO  | DNAudit | user=null | ip=null | op=WRITE_CHUNK {blockData=conID: 1 locID: 102659353575293543 bcsId: 4060} | ret=SUCCESS |  
2019-08-22 07:03:41,603 | INFO  | DNAudit | user=null | ip=null | op=PUT_BLOCK {blockData=[blockId=conID: 1 locID: 102659353575293543 bcsId: 0,size=4194304]} | ret=SUCCESS |  
2019-08-22 07:03:41,605 | INFO  | DNAudit | user=null | ip=null | op=PUT_BLOCK {blockData=[blockId=conID: 1 locID: 102659353575293543 bcsId: 0,size=4194304]} | ret=SUCCESS |  
2019-08-22 07:03:41,606 [grpc-default-executor-3] INFO  client.GrpcClientProtocolClient (GrpcClientProtocolClient.java:onNext(255)) - client-CF63D631FA17->3cf1264f-5f6b-4138-aeee-2ff7d4522ead: receive RaftClientReply:client-CF63D631FA17->3cf1264f-5f6b-4138-aeee-2ff7d4522ead@group-561E16522154, cid=2713, SUCCESS, logIndex=0, commits[3cf1264f-5f6b-4138-aeee-2ff7d4522ead:c4066, 4f0d1a15-8f14-4d9a-ad4f-8211e1245b5d:c4064, 6999f20e-c3f7-4db4-87ca-141c476f2a88:c4064]
2019-08-22 07:03:41,613 | INFO  | SCMAudit | user=jenkins1000 | ip=192.168.34.31 | op=ALLOCATE_BLOCK {owner=04b6d46a-98e2-41b1-9f38-1870289993ea, size=4194304, type=RATIS, factor=THREE} | ret=SUCCESS |  
2019-08-22 07:03:41,618 | INFO  | OMAudit | user=jenkins1000 | ip=127.0.0.1 | op=ALLOCATE_BLOCK {volume=vol-0-14906, bucket=bucket-0-53153, key=key-0-33222, dataSize=0, replicationType=null, replicationFactor=null, keyLocationInfo=null, clientID=102659352017764754} | ret=SUCCESS |  
2019-08-22 07:03:41,627 | INFO  | DNAudit | user=null | ip=null | op=WRITE_CHUNK {blockData=conID: 2 locID: 102659353582830184 bcsId: 0} | ret=SUCCESS |  
2019-08-22 07:03:41,631 | INFO  | DNAudit | user=null | ip=null | op=WRITE_CHUNK {blockData=conID: 2 locID: 102659353582830184 bcsId: 0} | ret=SUCCESS |  
2019-08-22 07:03:41,631 | INFO  | DNAudit | user=null | ip=null | op=WRITE_CHUNK {blockData=conID: 2 locID: 102659353582830184 bcsId: 0} | ret=SUCCESS |  
2019-08-22 07:03:41,632 | INFO  | DNAudit | user=null | ip=null | op=WRITE_CHUNK {blockData=conID: 2 locID: 102659353582830184 bcsId: 0} | ret=SUCCESS |  
2019-08-22 07:03:41,634 | INFO  | DNAudit | user=null | ip=null | op=WRITE_CHUNK {blockData=conID: 2 locID: 102659353582830184 bcsId: 0} | ret=SUCCESS |  
2019-08-22 07:03:41,635 | INFO  | DNAudit | user=null | ip=null | op=WRITE_CHUNK {blockData=conID: 2 locID: 102659353582830184 bcsId: 0} | ret=SUCCESS |  
2019-08-22 07:03:41,639 | INFO  | DNAudit | user=null | ip=null | op=WRITE_CHUNK {blockData=conID: 2 locID: 102659353582830184 bcsId: 0} | ret=SUCCESS |  
2019-08-22 07:03:41,640 | INFO  | DNAudit | user=null | ip=null | op=PUT_BLOCK {blockData=[blockId=conID: 2 locID: 102659353582830184 bcsId: 0,size=1048576]} | ret=SUCCESS |  
2019-08-22 07:03:41,640 [grpc-default-executor-5] INFO  client.GrpcClientProtocolClient (GrpcClientProtocolClient.java:onNext(255)) - client-CF63D631FA17->3cf1264f-5f6b-4138-aeee-2ff7d4522ead: receive RaftClientReply:client-CF63D631FA17->3cf1264f-5f6b-4138-aeee-2ff7d4522ead@group-561E16522154, cid=2714, SUCCESS, logIndex=4067, commits[3cf1264f-5f6b-4138-aeee-2ff7d4522ead:c4068, 4f0d1a15-8f14-4d9a-ad4f-8211e1245b5d:c4066, 6999f20e-c3f7-4db4-87ca-141c476f2a88:c4066]
2019-08-22 07:03:41,641 | INFO  | DNAudit | user=null | ip=null | op=WRITE_CHUNK {blockData=conID: 2 locID: 102659353582830184 bcsId: 0} | ret=SUCCESS |  
2019-08-22 07:03:41,641 [grpc-default-executor-5] INFO  client.GrpcClientProtocolClient (GrpcClientProtocolClient.java:onNext(255)) - client-CF63D631FA17->3cf1264f-5f6b-4138-aeee-2ff7d4522ead: receive RaftClientReply:client-CF63D631FA17->3cf1264f-5f6b-4138-aeee-2ff7d4522ead@group-561E16522154, cid=2715, SUCCESS, logIndex=4068, commits[3cf1264f-5f6b-4138-aeee-2ff7d4522ead:c4068, 4f0d1a15-8f14-4d9a-ad4f-8211e1245b5d:c4066, 6999f20e-c3f7-4db4-87ca-141c476f2a88:c4066]
2019-08-22 07:03:41,641 | INFO  | DNAudit | user=null | ip=null | op=PUT_BLOCK {blockData=[blockId=conID: 2 locID: 102659353582830184 bcsId: 0,size=2097152]} | ret=SUCCESS |  
2019-08-22 07:03:41,641 [grpc-default-executor-5] INFO  client.GrpcClientProtocolClient (GrpcClientProtocolClient.java:onNext(255)) - client-CF63D631FA17->3cf1264f-5f6b-4138-aeee-2ff7d4522ead: receive RaftClientReply:client-CF63D631FA17->3cf1264f-5f6b-4138-aeee-2ff7d4522ead@group-561E16522154, cid=2716, SUCCESS, logIndex=4069, commits[3cf1264f-5f6b-4138-aeee-2ff7d4522ead:c4070, 4f0d1a15-8f14-4d9a-ad4f-8211e1245b5d:c4066, 6999f20e-c3f7-4db4-87ca-141c476f2a88:c4066]
2019-08-22 07:03:41,641 [grpc-default-executor-5] INFO  client.GrpcClientProtocolClient (GrpcClientProtocolClient.java:onNext(255)) - client-CF63D631FA17->3cf1264f-5f6b-4138-aeee-2ff7d4522ead: receive RaftClientReply:client-CF63D631FA17->3cf1264f-5f6b-4138-aeee-2ff7d4522ead@group-561E16522154, cid=2717, SUCCESS, logIndex=4070, commits[3cf1264f-5f6b-4138-aeee-2ff7d4522ead:c4070, 4f0d1a15-8f14-4d9a-ad4f-8211e1245b5d:c4066, 6999f20e-c3f7-4db4-87ca-141c476f2a88:c4066]
2019-08-22 07:03:41,654 | INFO  | DNAudit | user=null | ip=null | op=WRITE_CHUNK {blockData=conID: 2 locID: 102659353582830184 bcsId: 0} | ret=SUCCESS |  
2019-08-22 07:03:41,654 | INFO  | DNAudit | user=null | ip=null | op=WRITE_CHUNK {blockData=conID: 2 locID: 102659353582830184 bcsId: 0} | ret=SUCCESS |  
2019-08-22 07:03:41,654 | INFO  | DNAudit | user=null | ip=null | op=PUT_BLOCK {blockData=[blockId=conID: 2 locID: 102659353582830184 bcsId: 0,size=1048576]} | ret=SUCCESS |  
2019-08-22 07:03:41,654 | INFO  | DNAudit | user=null | ip=null | op=PUT_BLOCK {blockData=[blockId=conID: 2 locID: 102659353582830184 bcsId: 0,size=1048576]} | ret=SUCCESS |  
2019-08-22 07:03:41,654 | INFO  | DNAudit | user=null | ip=null | op=WRITE_CHUNK {blockData=conID: 2 locID: 102659353582830184 bcsId: 0} | ret=SUCCESS |  
2019-08-22 07:03:41,655 | INFO  | DNAudit | user=null | ip=null | op=PUT_BLOCK {blockData=[blockId=conID: 2 locID: 102659353582830184 bcsId: 0,size=2097152]} | ret=SUCCESS |  
2019-08-22 07:03:41,655 | INFO  | DNAudit | user=null | ip=null | op=WRITE_CHUNK {blockData=conID: 2 locID: 102659353582830184 bcsId: 0} | ret=SUCCESS |  
2019-08-22 07:03:41,655 | INFO  | DNAudit | user=null | ip=null | op=PUT_BLOCK {blockData=[blockId=conID: 2 locID: 102659353582830184 bcsId: 0,size=2097152]} | ret=SUCCESS |  
2019-08-22 07:03:41,655 [grpc-default-executor-5] INFO  client.GrpcClientProtocolClient (GrpcClientProtocolClient.java:onNext(255)) - client-CF63D631FA17->3cf1264f-5f6b-4138-aeee-2ff7d4522ead: receive RaftClientReply:client-CF63D631FA17->3cf1264f-5f6b-4138-aeee-2ff7d4522ead@group-561E16522154, cid=2718, SUCCESS, logIndex=0, commits[3cf1264f-5f6b-4138-aeee-2ff7d4522ead:c4072, 4f0d1a15-8f14-4d9a-ad4f-8211e1245b5d:c4068, 6999f20e-c3f7-4db4-87ca-141c476f2a88:c4068]
2019-08-22 07:03:41,664 | INFO  | DNAudit | user=null | ip=null | op=WRITE_CHUNK {blockData=conID: 2 locID: 102659353582830184 bcsId: 4070} | ret=SUCCESS |  
2019-08-22 07:03:41,667 | INFO  | DNAudit | user=null | ip=null | op=WRITE_CHUNK {blockData=conID: 2 locID: 102659353582830184 bcsId: 4070} | ret=SUCCESS |  
2019-08-22 07:03:41,667 | INFO  | DNAudit | user=null | ip=null | op=WRITE_CHUNK {blockData=conID: 2 locID: 102659353582830184 bcsId: 4070} | ret=SUCCESS |  
2019-08-22 07:03:41,678 | INFO  | DNAudit | user=null | ip=null | op=WRITE_CHUNK {blockData=conID: 2 locID: 102659353582830184 bcsId: 4070} | ret=SUCCESS |  
2019-08-22 07:03:41,679 | INFO  | DNAudit | user=null | ip=null | op=PUT_BLOCK {blockData=[blockId=conID: 2 locID: 102659353582830184 bcsId: 0,size=3145728]} | ret=SUCCESS |  
2019-08-22 07:03:41,679 [grpc-default-executor-0] INFO  client.GrpcClientProtocolClient (GrpcClientProtocolClient.java:onNext(255)) - client-CF63D631FA17->3cf1264f-5f6b-4138-aeee-2ff7d4522ead: receive RaftClientReply:client-CF63D631FA17->3cf1264f-5f6b-4138-aeee-2ff7d4522ead@group-561E16522154, cid=2719, SUCCESS, logIndex=4075, commits[3cf1264f-5f6b-4138-aeee-2ff7d4522ead:c4076, 4f0d1a15-8f14-4d9a-ad4f-8211e1245b5d:c4074, 6999f20e-c3f7-4db4-87ca-141c476f2a88:c4074]
2019-08-22 07:03:41,680 [grpc-default-executor-0] INFO  client.GrpcClientProtocolClient (GrpcClientProtocolClient.java:onNext(255)) - client-CF63D631FA17->3cf1264f-5f6b-4138-aeee-2ff7d4522ead: receive RaftClientReply:client-CF63D631FA17->3cf1264f-5f6b-4138-aeee-2ff7d4522ead@group-561E16522154, cid=2720, SUCCESS, logIndex=4076, commits[3cf1264f-5f6b-4138-aeee-2ff7d4522ead:c4076, 4f0d1a15-8f14-4d9a-ad4f-8211e1245b5d:c4074, 6999f20e-c3f7-4db4-87ca-141c476f2a88:c4074]
2019-08-22 07:03:41,680 | INFO  | DNAudit | user=null | ip=null | op=WRITE_CHUNK {blockData=conID: 2 locID: 102659353582830184 bcsId: 4070} | ret=SUCCESS |  
2019-08-22 07:03:41,680 | INFO  | DNAudit | user=null | ip=null | op=WRITE_CHUNK {blockData=conID: 2 locID: 102659353582830184 bcsId: 4070} | ret=SUCCESS |  
2019-08-22 07:03:41,683 | INFO  | DNAudit | user=null | ip=null | op=PUT_BLOCK {blockData=[blockId=conID: 2 locID: 102659353582830184 bcsId: 0,size=3145728]} | ret=SUCCESS |  
2019-08-22 07:03:41,683 | INFO  | DNAudit | user=null | ip=null | op=PUT_BLOCK {blockData=[blockId=conID: 2 locID: 102659353582830184 bcsId: 0,size=3145728]} | ret=SUCCESS |  
2019-08-22 07:03:41,691 | INFO  | DNAudit | user=null | ip=null | op=WRITE_CHUNK {blockData=conID: 2 locID: 102659353582830184 bcsId: 4076} | ret=SUCCESS |  
2019-08-22 07:03:41,696 | INFO  | DNAudit | user=null | ip=null | op=WRITE_CHUNK {blockData=conID: 2 locID: 102659353582830184 bcsId: 4076} | ret=SUCCESS |  
2019-08-22 07:03:41,696 | INFO  | DNAudit | user=null | ip=null | op=WRITE_CHUNK {blockData=conID: 2 locID: 102659353582830184 bcsId: 4076} | ret=SUCCESS |  
2019-08-22 07:03:41,707 | INFO  | DNAudit | user=null | ip=null | op=WRITE_CHUNK {blockData=conID: 2 locID: 102659353582830184 bcsId: 4076} | ret=SUCCESS |  
2019-08-22 07:03:41,708 | INFO  | DNAudit | user=null | ip=null | op=PUT_BLOCK {blockData=[blockId=conID: 2 locID: 102659353582830184 bcsId: 0,size=4194304]} | ret=SUCCESS |  
2019-08-22 07:03:41,708 [grpc-default-executor-0] INFO  client.GrpcClientProtocolClient (GrpcClientProtocolClient.java:onNext(255)) - client-CF63D631FA17->3cf1264f-5f6b-4138-aeee-2ff7d4522ead: receive RaftClientReply:client-CF63D631FA17->3cf1264f-5f6b-4138-aeee-2ff7d4522ead@group-561E16522154, cid=2721, SUCCESS, logIndex=4079, commits[3cf1264f-5f6b-4138-aeee-2ff7d4522ead:c4080, 4f0d1a15-8f14-4d9a-ad4f-8211e1245b5d:c4078, 6999f20e-c3f7-4db4-87ca-141c476f2a88:c4078]
2019-08-22 07:03:41,709 [grpc-default-executor-0] INFO  client.GrpcClientProtocolClient (GrpcClientProtocolClient.java:onNext(255)) - client-CF63D631FA17->3cf1264f-5f6b-4138-aeee-2ff7d4522ead: receive RaftClientReply:client-CF63D631FA17->3cf1264f-5f6b-4138-aeee-2ff7d4522ead@group-561E16522154, cid=2722, SUCCESS, logIndex=4080, commits[3cf1264f-5f6b-4138-aeee-2ff7d4522ead:c4080, 4f0d1a15-8f14-4d9a-ad4f-8211e1245b5d:c4078, 6999f20e-c3f7-4db4-87ca-141c476f2a88:c4078]
2019-08-22 07:03:41,719 | INFO  | DNAudit | user=null | ip=null | op=WRITE_CHUNK {blockData=conID: 2 locID: 102659353582830184 bcsId: 4076} | ret=SUCCESS |  
2019-08-22 07:03:41,719 | INFO  | DNAudit | user=null | ip=null | op=WRITE_CHUNK {blockData=conID: 2 locID: 102659353582830184 bcsId: 4076} | ret=SUCCESS |  
2019-08-22 07:03:41,720 | INFO  | DNAudit | user=null | ip=null | op=PUT_BLOCK {blockData=[blockId=conID: 2 locID: 102659353582830184 bcsId: 0,size=4194304]} | ret=SUCCESS |  
2019-08-22 07:03:41,721 | INFO  | DNAudit | user=null | ip=null | op=PUT_BLOCK {blockData=[blockId=conID: 2 locID: 102659353582830184 bcsId: 0,size=4194304]} | ret=SUCCESS |  
2019-08-22 07:03:41,723 [grpc-default-executor-0] INFO  client.GrpcClientProtocolClient (GrpcClientProtocolClient.java:onNext(255)) - client-CF63D631FA17->3cf1264f-5f6b-4138-aeee-2ff7d4522ead: receive RaftClientReply:client-CF63D631FA17->3cf1264f-5f6b-4138-aeee-2ff7d4522ead@group-561E16522154, cid=2723, SUCCESS, logIndex=0, commits[3cf1264f-5f6b-4138-aeee-2ff7d4522ead:c4081, 4f0d1a15-8f14-4d9a-ad4f-8211e1245b5d:c4080, 6999f20e-c3f7-4db4-87ca-141c476f2a88:c4080]
2019-08-22 07:03:41,732 | INFO  | SCMAudit | user=jenkins1000 | ip=192.168.34.31 | op=ALLOCATE_BLOCK {owner=04b6d46a-98e2-41b1-9f38-1870289993ea, size=4194304, type=RATIS, factor=THREE} | ret=SUCCESS |  
2019-08-22 07:03:41,737 | INFO  | OMAudit | user=jenkins1000 | ip=127.0.0.1 | op=ALLOCATE_BLOCK {volume=vol-0-14906, bucket=bucket-0-53153, key=key-0-33222, dataSize=0, replicationType=null, replicationFactor=null, keyLocationInfo=null, clientID=102659352017764754} | ret=SUCCESS |  
2019-08-22 07:03:41,748 | INFO  | DNAudit | user=null | ip=null | op=WRITE_CHUNK {blockData=conID: 3 locID: 102659353590628969 bcsId: 0} | ret=SUCCESS |  
2019-08-22 07:03:41,754 | INFO  | DNAudit | user=null | ip=null | op=WRITE_CHUNK {blockData=conID: 3 locID: 102659353590628969 bcsId: 0} | ret=SUCCESS |  
2019-08-22 07:03:41,755 | INFO  | DNAudit | user=null | ip=null | op=WRITE_CHUNK {blockData=conID: 3 locID: 102659353590628969 bcsId: 0} | ret=SUCCESS |  
2019-08-22 07:03:41,759 | INFO  | DNAudit | user=null | ip=null | op=WRITE_CHUNK {blockData=conID: 3 locID: 102659353590628969 bcsId: 0} | ret=SUCCESS |  
2019-08-22 07:03:41,760 | INFO  | DNAudit | user=null | ip=null | op=WRITE_CHUNK {blockData=conID: 3 locID: 102659353590628969 bcsId: 0} | ret=SUCCESS |  
2019-08-22 07:03:41,763 | INFO  | DNAudit | user=null | ip=null | op=WRITE_CHUNK {blockData=conID: 3 locID: 102659353590628969 bcsId: 0} | ret=SUCCESS |  
2019-08-22 07:03:41,763 | INFO  | DNAudit | user=null | ip=null | op=WRITE_CHUNK {blockData=conID: 3 locID: 102659353590628969 bcsId: 0} | ret=SUCCESS |  
2019-08-22 07:03:41,763 | INFO  | DNAudit | user=null | ip=null | op=PUT_BLOCK {blockData=[blockId=conID: 3 locID: 102659353590628969 bcsId: 0,size=1048576]} | ret=SUCCESS |  
2019-08-22 07:03:41,764 | INFO  | DNAudit | user=null | ip=null | op=WRITE_CHUNK {blockData=conID: 3 locID: 102659353590628969 bcsId: 0} | ret=SUCCESS |  
2019-08-22 07:03:41,764 [grpc-default-executor-1] INFO  client.GrpcClientProtocolClient (GrpcClientProtocolClient.java:onNext(255)) - client-CF63D631FA17->3cf1264f-5f6b-4138-aeee-2ff7d4522ead: receive RaftClientReply:client-CF63D631FA17->3cf1264f-5f6b-4138-aeee-2ff7d4522ead@group-561E16522154, cid=2724, SUCCESS, logIndex=4083, commits[3cf1264f-5f6b-4138-aeee-2ff7d4522ead:c4086, 4f0d1a15-8f14-4d9a-ad4f-8211e1245b5d:c4080, 6999f20e-c3f7-4db4-87ca-141c476f2a88:c4082]
2019-08-22 07:03:41,765 | INFO  | DNAudit | user=null | ip=null | op=PUT_BLOCK {blockData=[blockId=conID: 3 locID: 102659353590628969 bcsId: 0,size=2097152]} | ret=SUCCESS |  
2019-08-22 07:03:41,765 [grpc-default-executor-1] INFO  client.GrpcClientProtocolClient (GrpcClientProtocolClient.java:onNext(255)) - client-CF63D631FA17->3cf1264f-5f6b-4138-aeee-2ff7d4522ead: receive RaftClientReply:client-CF63D631FA17->3cf1264f-5f6b-4138-aeee-2ff7d4522ead@group-561E16522154, cid=2725, SUCCESS, logIndex=4084, commits[3cf1264f-5f6b-4138-aeee-2ff7d4522ead:c4086, 4f0d1a15-8f14-4d9a-ad4f-8211e1245b5d:c4080, 6999f20e-c3f7-4db4-87ca-141c476f2a88:c4082]
2019-08-22 07:03:41,766 [grpc-default-executor-1] INFO  client.GrpcClientProtocolClient (GrpcClientProtocolClient.java:onNext(255)) - client-CF63D631FA17->3cf1264f-5f6b-4138-aeee-2ff7d4522ead: receive RaftClientReply:client-CF63D631FA17->3cf1264f-5f6b-4138-aeee-2ff7d4522ead@group-561E16522154, cid=2726, SUCCESS, logIndex=4085, commits[3cf1264f-5f6b-4138-aeee-2ff7d4522ead:c4086, 4f0d1a15-8f14-4d9a-ad4f-8211e1245b5d:c4080, 6999f20e-c3f7-4db4-87ca-141c476f2a88:c4082]
2019-08-22 07:03:41,766 [grpc-default-executor-1] INFO  client.GrpcClientProtocolClient (GrpcClientProtocolClient.java:onNext(255)) - client-CF63D631FA17->3cf1264f-5f6b-4138-aeee-2ff7d4522ead: receive RaftClientReply:client-CF63D631FA17->3cf1264f-5f6b-4138-aeee-2ff7d4522ead@group-561E16522154, cid=2727, SUCCESS, logIndex=4086, commits[3cf1264f-5f6b-4138-aeee-2ff7d4522ead:c4086, 4f0d1a15-8f14-4d9a-ad4f-8211e1245b5d:c4080, 6999f20e-c3f7-4db4-87ca-141c476f2a88:c4082]
2019-08-22 07:03:41,776 | INFO  | DNAudit | user=null | ip=null | op=WRITE_CHUNK {blockData=conID: 3 locID: 102659353590628969 bcsId: 0} | ret=SUCCESS |  
2019-08-22 07:03:41,777 | INFO  | DNAudit | user=null | ip=null | op=PUT_BLOCK {blockData=[blockId=conID: 3 locID: 102659353590628969 bcsId: 0,size=1048576]} | ret=SUCCESS |  
2019-08-22 07:03:41,777 | INFO  | DNAudit | user=null | ip=null | op=WRITE_CHUNK {blockData=conID: 3 locID: 102659353590628969 bcsId: 0} | ret=SUCCESS |  
2019-08-22 07:03:41,778 | INFO  | DNAudit | user=null | ip=null | op=PUT_BLOCK {blockData=[blockId=conID: 3 locID: 102659353590628969 bcsId: 0,size=1048576]} | ret=SUCCESS |  
2019-08-22 07:03:41,778 | INFO  | DNAudit | user=null | ip=null | op=WRITE_CHUNK {blockData=conID: 3 locID: 102659353590628969 bcsId: 0} | ret=SUCCESS |  
2019-08-22 07:03:41,778 | INFO  | DNAudit | user=null | ip=null | op=PUT_BLOCK {blockData=[blockId=conID: 3 locID: 102659353590628969 bcsId: 0,size=2097152]} | ret=SUCCESS |  
2019-08-22 07:03:41,779 [grpc-default-executor-1] INFO  client.GrpcClientProtocolClient (GrpcClientProtocolClient.java:onNext(255)) - client-CF63D631FA17->3cf1264f-5f6b-4138-aeee-2ff7d4522ead: receive RaftClientReply:client-CF63D631FA17->3cf1264f-5f6b-4138-aeee-2ff7d4522ead@group-561E16522154, cid=2728, SUCCESS, logIndex=0, commits[3cf1264f-5f6b-4138-aeee-2ff7d4522ead:c4087, 4f0d1a15-8f14-4d9a-ad4f-8211e1245b5d:c4084, 6999f20e-c3f7-4db4-87ca-141c476f2a88:c4084]
2019-08-22 07:03:41,788 | INFO  | DNAudit | user=null | ip=null | op=WRITE_CHUNK {blockData=conID: 3 locID: 102659353590628969 bcsId: 0} | ret=SUCCESS |  
2019-08-22 07:03:41,788 | INFO  | DNAudit | user=null | ip=null | op=PUT_BLOCK {blockData=[blockId=conID: 3 locID: 102659353590628969 bcsId: 0,size=2097152]} | ret=SUCCESS |  
2019-08-22 07:03:41,790 | INFO  | DNAudit | user=null | ip=null | op=WRITE_CHUNK {blockData=conID: 3 locID: 102659353590628969 bcsId: 4086} | ret=SUCCESS |  
2019-08-22 07:03:41,794 | INFO  | DNAudit | user=null | ip=null | op=WRITE_CHUNK {blockData=conID: 3 locID: 102659353590628969 bcsId: 4086} | ret=SUCCESS |  
2019-08-22 07:03:41,795 | INFO  | DNAudit | user=null | ip=null | op=WRITE_CHUNK {blockData=conID: 3 locID: 102659353590628969 bcsId: 4086} | ret=SUCCESS |  
2019-08-22 07:03:41,804 | INFO  | DNAudit | user=null | ip=null | op=WRITE_CHUNK {blockData=conID: 3 locID: 102659353590628969 bcsId: 4086} | ret=SUCCESS |  
2019-08-22 07:03:41,804 | INFO  | DNAudit | user=null | ip=null | op=PUT_BLOCK {blockData=[blockId=conID: 3 locID: 102659353590628969 bcsId: 0,size=3145728]} | ret=SUCCESS |  
2019-08-22 07:03:41,805 [grpc-default-executor-3] INFO  client.GrpcClientProtocolClient (GrpcClientProtocolClient.java:onNext(255)) - client-CF63D631FA17->3cf1264f-5f6b-4138-aeee-2ff7d4522ead: receive RaftClientReply:client-CF63D631FA17->3cf1264f-5f6b-4138-aeee-2ff7d4522ead@group-561E16522154, cid=2729, SUCCESS, logIndex=4091, commits[3cf1264f-5f6b-4138-aeee-2ff7d4522ead:c4092, 4f0d1a15-8f14-4d9a-ad4f-8211e1245b5d:c4090, 6999f20e-c3f7-4db4-87ca-141c476f2a88:c4090]
2019-08-22 07:03:41,806 [grpc-default-executor-3] INFO  client.GrpcClientProtocolClient (GrpcClientProtocolClient.java:onNext(255)) - client-CF63D631FA17->3cf1264f-5f6b-4138-aeee-2ff7d4522ead: receive RaftClientReply:client-CF63D631FA17->3cf1264f-5f6b-4138-aeee-2ff7d4522ead@group-561E16522154, cid=2730, SUCCESS, logIndex=4092, commits[3cf1264f-5f6b-4138-aeee-2ff7d4522ead:c4092, 4f0d1a15-8f14-4d9a-ad4f-8211e1245b5d:c4090, 6999f20e-c3f7-4db4-87ca-141c476f2a88:c4090]
2019-08-22 07:03:41,815 | INFO  | DNAudit | user=null | ip=null | op=WRITE_CHUNK {blockData=conID: 3 locID: 102659353590628969 bcsId: 4086} | ret=SUCCESS |  
2019-08-22 07:03:41,816 | INFO  | DNAudit | user=null | ip=null | op=WRITE_CHUNK {blockData=conID: 3 locID: 102659353590628969 bcsId: 4086} | ret=SUCCESS |  
2019-08-22 07:03:41,817 | INFO  | DNAudit | user=null | ip=null | op=PUT_BLOCK {blockData=[blockId=conID: 3 locID: 102659353590628969 bcsId: 0,size=3145728]} | ret=SUCCESS |  
2019-08-22 07:03:41,817 | INFO  | DNAudit | user=null | ip=null | op=PUT_BLOCK {blockData=[blockId=conID: 3 locID: 102659353590628969 bcsId: 0,size=3145728]} | ret=SUCCESS |  
2019-08-22 07:03:41,821 | INFO  | DNAudit | user=null | ip=null | op=WRITE_CHUNK {blockData=conID: 3 locID: 102659353590628969 bcsId: 4092} | ret=SUCCESS |  
2019-08-22 07:03:41,825 | INFO  | DNAudit | user=null | ip=null | op=WRITE_CHUNK {blockData=conID: 3 locID: 102659353590628969 bcsId: 4092} | ret=SUCCESS |  
2019-08-22 07:03:41,826 | INFO  | DNAudit | user=null | ip=null | op=WRITE_CHUNK {blockData=conID: 3 locID: 102659353590628969 bcsId: 4092} | ret=SUCCESS |  
2019-08-22 07:03:41,834 | INFO  | DNAudit | user=null | ip=null | op=WRITE_CHUNK {blockData=conID: 3 locID: 102659353590628969 bcsId: 4092} | ret=SUCCESS |  
2019-08-22 07:03:41,835 | INFO  | DNAudit | user=null | ip=null | op=PUT_BLOCK {blockData=[blockId=conID: 3 locID: 102659353590628969 bcsId: 0,size=4194304]} | ret=SUCCESS |  
2019-08-22 07:03:41,835 [grpc-default-executor-3] INFO  client.GrpcClientProtocolClient (GrpcClientProtocolClient.java:onNext(255)) - client-CF63D631FA17->3cf1264f-5f6b-4138-aeee-2ff7d4522ead: receive RaftClientReply:client-CF63D631FA17->3cf1264f-5f6b-4138-aeee-2ff7d4522ead@group-561E16522154, cid=2731, SUCCESS, logIndex=4095, commits[3cf1264f-5f6b-4138-aeee-2ff7d4522ead:c4096, 4f0d1a15-8f14-4d9a-ad4f-8211e1245b5d:c4094, 6999f20e-c3f7-4db4-87ca-141c476f2a88:c4094]
2019-08-22 07:03:41,835 [grpc-default-executor-3] INFO  client.GrpcClientProtocolClient (GrpcClientProtocolClient.java:onNext(255)) - client-CF63D631FA17->3cf1264f-5f6b-4138-aeee-2ff7d4522ead: receive RaftClientReply:client-CF63D631FA17->3cf1264f-5f6b-4138-aeee-2ff7d4522ead@group-561E16522154, cid=2732, SUCCESS, logIndex=4096, commits[3cf1264f-5f6b-4138-aeee-2ff7d4522ead:c4096, 4f0d1a15-8f14-4d9a-ad4f-8211e1245b5d:c4094, 6999f20e-c3f7-4db4-87ca-141c476f2a88:c4094]
2019-08-22 07:03:41,845 | INFO  | DNAudit | user=null | ip=null | op=WRITE_CHUNK {blockData=conID: 3 locID: 102659353590628969 bcsId: 4092} | ret=SUCCESS |  
2019-08-22 07:03:41,845 | INFO  | DNAudit | user=null | ip=null | op=WRITE_CHUNK {blockData=conID: 3 locID: 102659353590628969 bcsId: 4092} | ret=SUCCESS |  
2019-08-22 07:03:41,848 | INFO  | DNAudit | user=null | ip=null | op=PUT_BLOCK {blockData=[blockId=conID: 3 locID: 102659353590628969 bcsId: 0,size=4194304]} | ret=SUCCESS |  
2019-08-22 07:03:41,848 | INFO  | DNAudit | user=null | ip=null | op=PUT_BLOCK {blockData=[blockId=conID: 3 locID: 102659353590628969 bcsId: 0,size=4194304]} | ret=SUCCESS |  
2019-08-22 07:03:41,850 [grpc-default-executor-3] INFO  client.GrpcClientProtocolClient (GrpcClientProtocolClient.java:onNext(255)) - client-CF63D631FA17->3cf1264f-5f6b-4138-aeee-2ff7d4522ead: receive RaftClientReply:client-CF63D631FA17->3cf1264f-5f6b-4138-aeee-2ff7d4522ead@group-561E16522154, cid=2733, SUCCESS, logIndex=0, commits[3cf1264f-5f6b-4138-aeee-2ff7d4522ead:c4098, 4f0d1a15-8f14-4d9a-ad4f-8211e1245b5d:c4096, 6999f20e-c3f7-4db4-87ca-141c476f2a88:c4096]
2019-08-22 07:03:41,860 | INFO  | SCMAudit | user=jenkins1000 | ip=192.168.34.31 | op=ALLOCATE_BLOCK {owner=04b6d46a-98e2-41b1-9f38-1870289993ea, size=4194304, type=RATIS, factor=THREE} | ret=SUCCESS |  
2019-08-22 07:03:41,866 | INFO  | OMAudit | user=jenkins1000 | ip=127.0.0.1 | op=ALLOCATE_BLOCK {volume=vol-0-14906, bucket=bucket-0-53153, key=key-0-33222, dataSize=0, replicationType=null, replicationFactor=null, keyLocationInfo=null, clientID=102659352017764754} | ret=SUCCESS |  
2019-08-22 07:03:41,876 | INFO  | DNAudit | user=null | ip=null | op=WRITE_CHUNK {blockData=conID: 1 locID: 102659353599017578 bcsId: 0} | ret=SUCCESS |  
2019-08-22 07:03:41,882 | INFO  | DNAudit | user=null | ip=null | op=WRITE_CHUNK {blockData=conID: 1 locID: 102659353599017578 bcsId: 0} | ret=SUCCESS |  
2019-08-22 07:03:41,882 | INFO  | DNAudit | user=null | ip=null | op=WRITE_CHUNK {blockData=conID: 1 locID: 102659353599017578 bcsId: 0} | ret=SUCCESS |  
2019-08-22 07:03:41,883 | INFO  | DNAudit | user=null | ip=null | op=WRITE_CHUNK {blockData=conID: 1 locID: 102659353599017578 bcsId: 0} | ret=SUCCESS |  
2019-08-22 07:03:41,885 | INFO  | DNAudit | user=null | ip=null | op=WRITE_CHUNK {blockData=conID: 1 locID: 102659353599017578 bcsId: 0} | ret=SUCCESS |  
2019-08-22 07:03:41,885 | INFO  | DNAudit | user=null | ip=null | op=WRITE_CHUNK {blockData=conID: 1 locID: 102659353599017578 bcsId: 0} | ret=SUCCESS |  
2019-08-22 07:03:41,890 | INFO  | DNAudit | user=null | ip=null | op=WRITE_CHUNK {blockData=conID: 1 locID: 102659353599017578 bcsId: 0} | ret=SUCCESS |  
2019-08-22 07:03:41,890 | INFO  | DNAudit | user=null | ip=null | op=PUT_BLOCK {blockData=[blockId=conID: 1 locID: 102659353599017578 bcsId: 0,size=1048576]} | ret=SUCCESS |  
2019-08-22 07:03:41,890 [grpc-default-executor-1] INFO  client.GrpcClientProtocolClient (GrpcClientProtocolClient.java:onNext(255)) - client-CF63D631FA17->3cf1264f-5f6b-4138-aeee-2ff7d4522ead: receive RaftClientReply:client-CF63D631FA17->3cf1264f-5f6b-4138-aeee-2ff7d4522ead@group-561E16522154, cid=2734, SUCCESS, logIndex=4099, commits[3cf1264f-5f6b-4138-aeee-2ff7d4522ead:c4100, 4f0d1a15-8f14-4d9a-ad4f-8211e1245b5d:c4098, 6999f20e-c3f7-4db4-87ca-141c476f2a88:c4098]
2019-08-22 07:03:41,891 [grpc-default-executor-1] INFO  client.GrpcClientProtocolClient (GrpcClientProtocolClient.java:onNext(255)) - client-CF63D631FA17->3cf1264f-5f6b-4138-aeee-2ff7d4522ead: receive RaftClientReply:client-CF63D631FA17->3cf1264f-5f6b-4138-aeee-2ff7d4522ead@group-561E16522154, cid=2735, SUCCESS, logIndex=4100, commits[3cf1264f-5f6b-4138-aeee-2ff7d4522ead:c4100, 4f0d1a15-8f14-4d9a-ad4f-8211e1245b5d:c4098, 6999f20e-c3f7-4db4-87ca-141c476f2a88:c4098]
2019-08-22 07:03:41,892 | INFO  | DNAudit | user=null | ip=null | op=WRITE_CHUNK {blockData=conID: 1 locID: 102659353599017578 bcsId: 0} | ret=SUCCESS |  
2019-08-22 07:03:41,893 | INFO  | DNAudit | user=null | ip=null | op=PUT_BLOCK {blockData=[blockId=conID: 1 locID: 102659353599017578 bcsId: 0,size=2097152]} | ret=SUCCESS |  
2019-08-22 07:03:41,893 [grpc-default-executor-3] INFO  client.GrpcClientProtocolClient (GrpcClientProtocolClient.java:onNext(255)) - client-CF63D631FA17->3cf1264f-5f6b-4138-aeee-2ff7d4522ead: receive RaftClientReply:client-CF63D631FA17->3cf1264f-5f6b-4138-aeee-2ff7d4522ead@group-561E16522154, cid=2736, SUCCESS, logIndex=4101, commits[3cf1264f-5f6b-4138-aeee-2ff7d4522ead:c4102, 4f0d1a15-8f14-4d9a-ad4f-8211e1245b5d:c4098, 6999f20e-c3f7-4db4-87ca-141c476f2a88:c4098]
2019-08-22 07:03:41,894 [grpc-default-executor-3] INFO  client.GrpcClientProtocolClient (GrpcClientProtocolClient.java:onNext(255)) - client-CF63D631FA17->3cf1264f-5f6b-4138-aeee-2ff7d4522ead: receive RaftClientReply:client-CF63D631FA17->3cf1264f-5f6b-4138-aeee-2ff7d4522ead@group-561E16522154, cid=2737, SUCCESS, logIndex=4102, commits[3cf1264f-5f6b-4138-aeee-2ff7d4522ead:c4102, 4f0d1a15-8f14-4d9a-ad4f-8211e1245b5d:c4098, 6999f20e-c3f7-4db4-87ca-141c476f2a88:c4098]
2019-08-22 07:03:41,900 | INFO  | SCMAudit | user=jenkins1000 | ip=192.168.34.31 | op=SEND_HEARTBEAT {datanodeUUID=6ab6b5dd-7582-43bd-ad39-1af51ca14a47, command=[]} | ret=SUCCESS |  
2019-08-22 07:03:41,901 | INFO  | SCMAudit | user=jenkins1000 | ip=192.168.34.31 | op=SEND_HEARTBEAT {datanodeUUID=f789f48f-f3d7-45ec-9bba-6a89e2bdcc9c, command=[]} | ret=SUCCESS |  
2019-08-22 07:03:41,905 | INFO  | DNAudit | user=null | ip=null | op=WRITE_CHUNK {blockData=conID: 1 locID: 102659353599017578 bcsId: 0} | ret=SUCCESS |  
2019-08-22 07:03:41,905 | INFO  | DNAudit | user=null | ip=null | op=WRITE_CHUNK {blockData=conID: 1 locID: 102659353599017578 bcsId: 0} | ret=SUCCESS |  
2019-08-22 07:03:41,905 | INFO  | DNAudit | user=null | ip=null | op=PUT_BLOCK {blockData=[blockId=conID: 1 locID: 102659353599017578 bcsId: 0,size=1048576]} | ret=SUCCESS |  
 0.00% |█                                                                                                    |  0/1 Time: 0:00:242019-08-22 07:03:41,905 | INFO  | DNAudit | user=null | ip=null | op=PUT_BLOCK {blockData=[blockId=conID: 1 locID: 102659353599017578 bcsId: 0,size=1048576]} | ret=SUCCESS |  
2019-08-22 07:03:41,906 [grpc-default-executor-0] INFO  client.GrpcClientProtocolClient (GrpcClientProtocolClient.java:onNext(255)) - client-CF63D631FA17->3cf1264f-5f6b-4138-aeee-2ff7d4522ead: receive RaftClientReply:client-CF63D631FA17->3cf1264f-5f6b-4138-aeee-2ff7d4522ead@group-561E16522154, cid=2738, SUCCESS, logIndex=0, commits[3cf1264f-5f6b-4138-aeee-2ff7d4522ead:c4104, 4f0d1a15-8f14-4d9a-ad4f-8211e1245b5d:c4100, 6999f20e-c3f7-4db4-87ca-141c476f2a88:c4100]
2019-08-22 07:03:41,907 | INFO  | DNAudit | user=null | ip=null | op=WRITE_CHUNK {blockData=conID: 1 locID: 102659353599017578 bcsId: 0} | ret=SUCCESS |  
2019-08-22 07:03:41,908 | INFO  | DNAudit | user=null | ip=null | op=WRITE_CHUNK {blockData=conID: 1 locID: 102659353599017578 bcsId: 0} | ret=SUCCESS |  
2019-08-22 07:03:41,908 | INFO  | DNAudit | user=null | ip=null | op=PUT_BLOCK {blockData=[blockId=conID: 1 locID: 102659353599017578 bcsId: 0,size=2097152]} | ret=SUCCESS |  
2019-08-22 07:03:41,908 | INFO  | DNAudit | user=null | ip=null | op=PUT_BLOCK {blockData=[blockId=conID: 1 locID: 102659353599017578 bcsId: 0,size=2097152]} | ret=SUCCESS |  
2019-08-22 07:03:41,916 | INFO  | DNAudit | user=null | ip=null | op=WRITE_CHUNK {blockData=conID: 1 locID: 102659353599017578 bcsId: 4102} | ret=SUCCESS |  
2019-08-22 07:03:41,920 | INFO  | DNAudit | user=null | ip=null | op=WRITE_CHUNK {blockData=conID: 1 locID: 102659353599017578 bcsId: 4102} | ret=SUCCESS |  
2019-08-22 07:03:41,920 | INFO  | DNAudit | user=null | ip=null | op=WRITE_CHUNK {blockData=conID: 1 locID: 102659353599017578 bcsId: 4102} | ret=SUCCESS |  
2019-08-22 07:03:41,923 | INFO  | DNAudit | user=null | ip=null | op=WRITE_CHUNK {blockData=conID: 1 locID: 102659353599017578 bcsId: 4102} | ret=SUCCESS |  
2019-08-22 07:03:41,923 | INFO  | DNAudit | user=null | ip=null | op=PUT_BLOCK {blockData=[blockId=conID: 1 locID: 102659353599017578 bcsId: 0,size=3145728]} | ret=SUCCESS |  
2019-08-22 07:03:41,924 [grpc-default-executor-3] INFO  client.GrpcClientProtocolClient (GrpcClientProtocolClient.java:onNext(255)) - client-CF63D631FA17->3cf1264f-5f6b-4138-aeee-2ff7d4522ead: receive RaftClientReply:client-CF63D631FA17->3cf1264f-5f6b-4138-aeee-2ff7d4522ead@group-561E16522154, cid=2739, SUCCESS, logIndex=4107, commits[3cf1264f-5f6b-4138-aeee-2ff7d4522ead:c4108, 4f0d1a15-8f14-4d9a-ad4f-8211e1245b5d:c4102, 6999f20e-c3f7-4db4-87ca-141c476f2a88:c4106]
2019-08-22 07:03:41,924 [grpc-default-executor-3] INFO  client.GrpcClientProtocolClient (GrpcClientProtocolClient.java:onNext(255)) - client-CF63D631FA17->3cf1264f-5f6b-4138-aeee-2ff7d4522ead: receive RaftClientReply:client-CF63D631FA17->3cf1264f-5f6b-4138-aeee-2ff7d4522ead@group-561E16522154, cid=2740, SUCCESS, logIndex=4108, commits[3cf1264f-5f6b-4138-aeee-2ff7d4522ead:c4108, 4f0d1a15-8f14-4d9a-ad4f-8211e1245b5d:c4106, 6999f20e-c3f7-4db4-87ca-141c476f2a88:c4106]
2019-08-22 07:03:41,925 | INFO  | SCMAudit | user=jenkins1000 | ip=192.168.34.31 | op=SEND_HEARTBEAT {datanodeUUID=6999f20e-c3f7-4db4-87ca-141c476f2a88, command=[]} | ret=SUCCESS |  
2019-08-22 07:03:41,925 | INFO  | SCMAudit | user=jenkins1000 | ip=192.168.34.31 | op=SEND_HEARTBEAT {datanodeUUID=3cf1264f-5f6b-4138-aeee-2ff7d4522ead, command=[]} | ret=SUCCESS |  
2019-08-22 07:03:41,927 | INFO  | DNAudit | user=null | ip=null | op=WRITE_CHUNK {blockData=conID: 1 locID: 102659353599017578 bcsId: 4102} | ret=SUCCESS |  
2019-08-22 07:03:41,927 | INFO  | DNAudit | user=null | ip=null | op=WRITE_CHUNK {blockData=conID: 1 locID: 102659353599017578 bcsId: 4102} | ret=SUCCESS |  
2019-08-22 07:03:41,927 | INFO  | DNAudit | user=null | ip=null | op=PUT_BLOCK {blockData=[blockId=conID: 1 locID: 102659353599017578 bcsId: 0,size=3145728]} | ret=SUCCESS |  
2019-08-22 07:03:41,927 | INFO  | DNAudit | user=null | ip=null | op=PUT_BLOCK {blockData=[blockId=conID: 1 locID: 102659353599017578 bcsId: 0,size=3145728]} | ret=SUCCESS |  
2019-08-22 07:03:41,934 | INFO  | DNAudit | user=null | ip=null | op=WRITE_CHUNK {blockData=conID: 1 locID: 102659353599017578 bcsId: 4108} | ret=SUCCESS |  
2019-08-22 07:03:41,938 | INFO  | DNAudit | user=null | ip=null | op=WRITE_CHUNK {blockData=conID: 1 locID: 102659353599017578 bcsId: 4108} | ret=SUCCESS |  
2019-08-22 07:03:41,938 | INFO  | DNAudit | user=null | ip=null | op=WRITE_CHUNK {blockData=conID: 1 locID: 102659353599017578 bcsId: 4108} | ret=SUCCESS |  
2019-08-22 07:03:41,956 | INFO  | DNAudit | user=null | ip=null | op=WRITE_CHUNK {blockData=conID: 1 locID: 102659353599017578 bcsId: 4108} | ret=SUCCESS |  
2019-08-22 07:03:41,957 | INFO  | DNAudit | user=null | ip=null | op=PUT_BLOCK {blockData=[blockId=conID: 1 locID: 102659353599017578 bcsId: 0,size=4194304]} | ret=SUCCESS |  
2019-08-22 07:03:41,957 [grpc-default-executor-0] INFO  client.GrpcClientProtocolClient (GrpcClientProtocolClient.java:onNext(255)) - client-CF63D631FA17->3cf1264f-5f6b-4138-aeee-2ff7d4522ead: receive RaftClientReply:client-CF63D631FA17->3cf1264f-5f6b-4138-aeee-2ff7d4522ead@group-561E16522154, cid=2741, SUCCESS, logIndex=4111, commits[3cf1264f-5f6b-4138-aeee-2ff7d4522ead:c4112, 4f0d1a15-8f14-4d9a-ad4f-8211e1245b5d:c4110, 6999f20e-c3f7-4db4-87ca-141c476f2a88:c4110]
2019-08-22 07:03:41,958 [grpc-default-executor-0] INFO  client.GrpcClientProtocolClient (GrpcClientProtocolClient.java:onNext(255)) - client-CF63D631FA17->3cf1264f-5f6b-4138-aeee-2ff7d4522ead: receive RaftClientReply:client-CF63D631FA17->3cf1264f-5f6b-4138-aeee-2ff7d4522ead@group-561E16522154, cid=2742, SUCCESS, logIndex=4112, commits[3cf1264f-5f6b-4138-aeee-2ff7d4522ead:c4112, 4f0d1a15-8f14-4d9a-ad4f-8211e1245b5d:c4110, 6999f20e-c3f7-4db4-87ca-141c476f2a88:c4110]
2019-08-22 07:03:41,968 | INFO  | DNAudit | user=null | ip=null | op=WRITE_CHUNK {blockData=conID: 1 locID: 102659353599017578 bcsId: 4108} | ret=SUCCESS |  
2019-08-22 07:03:41,968 | INFO  | DNAudit | user=null | ip=null | op=WRITE_CHUNK {blockData=conID: 1 locID: 102659353599017578 bcsId: 4108} | ret=SUCCESS |  
2019-08-22 07:03:41,968 | INFO  | DNAudit | user=null | ip=null | op=PUT_BLOCK {blockData=[blockId=conID: 1 locID: 102659353599017578 bcsId: 0,size=4194304]} | ret=SUCCESS |  
2019-08-22 07:03:41,968 | INFO  | DNAudit | user=null | ip=null | op=PUT_BLOCK {blockData=[blockId=conID: 1 locID: 102659353599017578 bcsId: 0,size=4194304]} | ret=SUCCESS |  
2019-08-22 07:03:41,969 [grpc-default-executor-0] INFO  client.GrpcClientProtocolClient (GrpcClientProtocolClient.java:onNext(255)) - client-CF63D631FA17->3cf1264f-5f6b-4138-aeee-2ff7d4522ead: receive RaftClientReply:client-CF63D631FA17->3cf1264f-5f6b-4138-aeee-2ff7d4522ead@group-561E16522154, cid=2743, SUCCESS, logIndex=0, commits[3cf1264f-5f6b-4138-aeee-2ff7d4522ead:c4113, 4f0d1a15-8f14-4d9a-ad4f-8211e1245b5d:c4112, 6999f20e-c3f7-4db4-87ca-141c476f2a88:c4112]
2019-08-22 07:03:41,979 | INFO  | SCMAudit | user=jenkins1000 | ip=192.168.34.31 | op=ALLOCATE_BLOCK {owner=04b6d46a-98e2-41b1-9f38-1870289993ea, size=4194304, type=RATIS, factor=THREE} | ret=SUCCESS |  
2019-08-22 07:03:41,985 | INFO  | OMAudit | user=jenkins1000 | ip=127.0.0.1 | op=ALLOCATE_BLOCK {volume=vol-0-14906, bucket=bucket-0-53153, key=key-0-33222, dataSize=0, replicationType=null, replicationFactor=null, keyLocationInfo=null, clientID=102659352017764754} | ret=SUCCESS |  
2019-08-22 07:03:41,995 | INFO  | DNAudit | user=null | ip=null | op=WRITE_CHUNK {blockData=conID: 2 locID: 102659353606816363 bcsId: 0} | ret=SUCCESS |  
2019-08-22 07:03:42,000 | INFO  | DNAudit | user=null | ip=null | op=WRITE_CHUNK {blockData=conID: 2 locID: 102659353606816363 bcsId: 0} | ret=SUCCESS |  
2019-08-22 07:03:42,000 | INFO  | DNAudit | user=null | ip=null | op=WRITE_CHUNK {blockData=conID: 2 locID: 102659353606816363 bcsId: 0} | ret=SUCCESS |  
2019-08-22 07:03:42,001 | INFO  | DNAudit | user=null | ip=null | op=WRITE_CHUNK {blockData=conID: 2 locID: 102659353606816363 bcsId: 0} | ret=SUCCESS |  
2019-08-22 07:03:42,002 | INFO  | DNAudit | user=null | ip=null | op=WRITE_CHUNK {blockData=conID: 2 locID: 102659353606816363 bcsId: 0} | ret=SUCCESS |  
2019-08-22 07:03:42,003 | INFO  | DNAudit | user=null | ip=null | op=WRITE_CHUNK {blockData=conID: 2 locID: 102659353606816363 bcsId: 0} | ret=SUCCESS |  
2019-08-22 07:03:42,010 | INFO  | DNAudit | user=null | ip=null | op=WRITE_CHUNK {blockData=conID: 2 locID: 102659353606816363 bcsId: 0} | ret=SUCCESS |  
2019-08-22 07:03:42,011 | INFO  | DNAudit | user=null | ip=null | op=PUT_BLOCK {blockData=[blockId=conID: 2 locID: 102659353606816363 bcsId: 0,size=1048576]} | ret=SUCCESS |  
2019-08-22 07:03:42,011 | INFO  | DNAudit | user=null | ip=null | op=WRITE_CHUNK {blockData=conID: 2 locID: 102659353606816363 bcsId: 0} | ret=SUCCESS |  
2019-08-22 07:03:42,012 | INFO  | DNAudit | user=null | ip=null | op=PUT_BLOCK {blockData=[blockId=conID: 2 locID: 102659353606816363 bcsId: 0,size=2097152]} | ret=SUCCESS |  
2019-08-22 07:03:42,011 [grpc-default-executor-0] INFO  client.GrpcClientProtocolClient (GrpcClientProtocolClient.java:onNext(255)) - client-CF63D631FA17->3cf1264f-5f6b-4138-aeee-2ff7d4522ead: receive RaftClientReply:client-CF63D631FA17->3cf1264f-5f6b-4138-aeee-2ff7d4522ead@group-561E16522154, cid=2744, SUCCESS, logIndex=4115, commits[3cf1264f-5f6b-4138-aeee-2ff7d4522ead:c4116, 4f0d1a15-8f14-4d9a-ad4f-8211e1245b5d:c4114, 6999f20e-c3f7-4db4-87ca-141c476f2a88:c4114]
2019-08-22 07:03:42,012 [grpc-default-executor-0] INFO  client.GrpcClientProtocolClient (GrpcClientProtocolClient.java:onNext(255)) - client-CF63D631FA17->3cf1264f-5f6b-4138-aeee-2ff7d4522ead: receive RaftClientReply:client-CF63D631FA17->3cf1264f-5f6b-4138-aeee-2ff7d4522ead@group-561E16522154, cid=2745, SUCCESS, logIndex=4116, commits[3cf1264f-5f6b-4138-aeee-2ff7d4522ead:c4118, 4f0d1a15-8f14-4d9a-ad4f-8211e1245b5d:c4114, 6999f20e-c3f7-4db4-87ca-141c476f2a88:c4114]
2019-08-22 07:03:42,013 [grpc-default-executor-0] INFO  client.GrpcClientProtocolClient (GrpcClientProtocolClient.java:onNext(255)) - client-CF63D631FA17->3cf1264f-5f6b-4138-aeee-2ff7d4522ead: receive RaftClientReply:client-CF63D631FA17->3cf1264f-5f6b-4138-aeee-2ff7d4522ead@group-561E16522154, cid=2746, SUCCESS, logIndex=4117, commits[3cf1264f-5f6b-4138-aeee-2ff7d4522ead:c4118, 4f0d1a15-8f14-4d9a-ad4f-8211e1245b5d:c4114, 6999f20e-c3f7-4db4-87ca-141c476f2a88:c4114]
2019-08-22 07:03:42,013 [grpc-default-executor-0] INFO  client.GrpcClientProtocolClient (GrpcClientProtocolClient.java:onNext(255)) - client-CF63D631FA17->3cf1264f-5f6b-4138-aeee-2ff7d4522ead: receive RaftClientReply:client-CF63D631FA17->3cf1264f-5f6b-4138-aeee-2ff7d4522ead@group-561E16522154, cid=2747, SUCCESS, logIndex=4118, commits[3cf1264f-5f6b-4138-aeee-2ff7d4522ead:c4118, 4f0d1a15-8f14-4d9a-ad4f-8211e1245b5d:c4114, 6999f20e-c3f7-4db4-87ca-141c476f2a88:c4114]
2019-08-22 07:03:42,024 | INFO  | DNAudit | user=null | ip=null | op=WRITE_CHUNK {blockData=conID: 2 locID: 102659353606816363 bcsId: 0} | ret=SUCCESS |  
2019-08-22 07:03:42,024 | INFO  | DNAudit | user=null | ip=null | op=WRITE_CHUNK {blockData=conID: 2 locID: 102659353606816363 bcsId: 0} | ret=SUCCESS |  
2019-08-22 07:03:42,025 | INFO  | DNAudit | user=null | ip=null | op=PUT_BLOCK {blockData=[blockId=conID: 2 locID: 102659353606816363 bcsId: 0,size=1048576]} | ret=SUCCESS |  
2019-08-22 07:03:42,036 | INFO  | DNAudit | user=null | ip=null | op=PUT_BLOCK {blockData=[blockId=conID: 2 locID: 102659353606816363 bcsId: 0,size=1048576]} | ret=SUCCESS |  
2019-08-22 07:03:42,036 | INFO  | DNAudit | user=null | ip=null | op=WRITE_CHUNK {blockData=conID: 2 locID: 102659353606816363 bcsId: 0} | ret=SUCCESS |  
2019-08-22 07:03:42,036 | INFO  | DNAudit | user=null | ip=null | op=WRITE_CHUNK {blockData=conID: 2 locID: 102659353606816363 bcsId: 0} | ret=SUCCESS |  
2019-08-22 07:03:42,036 | INFO  | DNAudit | user=null | ip=null | op=PUT_BLOCK {blockData=[blockId=conID: 2 locID: 102659353606816363 bcsId: 0,size=2097152]} | ret=SUCCESS |  
2019-08-22 07:03:42,037 | INFO  | DNAudit | user=null | ip=null | op=PUT_BLOCK {blockData=[blockId=conID: 2 locID: 102659353606816363 bcsId: 0,size=2097152]} | ret=SUCCESS |  
2019-08-22 07:03:42,037 [grpc-default-executor-0] INFO  client.GrpcClientProtocolClient (GrpcClientProtocolClient.java:onNext(255)) - client-CF63D631FA17->3cf1264f-5f6b-4138-aeee-2ff7d4522ead: receive RaftClientReply:client-CF63D631FA17->3cf1264f-5f6b-4138-aeee-2ff7d4522ead@group-561E16522154, cid=2748, SUCCESS, logIndex=0, commits[3cf1264f-5f6b-4138-aeee-2ff7d4522ead:c4119, 4f0d1a15-8f14-4d9a-ad4f-8211e1245b5d:c4116, 6999f20e-c3f7-4db4-87ca-141c476f2a88:c4116]
2019-08-22 07:03:42,047 | INFO  | DNAudit | user=null | ip=null | op=WRITE_CHUNK {blockData=conID: 2 locID: 102659353606816363 bcsId: 4118} | ret=SUCCESS |  
2019-08-22 07:03:42,051 | INFO  | DNAudit | user=null | ip=null | op=WRITE_CHUNK {blockData=conID: 2 locID: 102659353606816363 bcsId: 4118} | ret=SUCCESS |  
2019-08-22 07:03:42,051 | INFO  | DNAudit | user=null | ip=null | op=WRITE_CHUNK {blockData=conID: 2 locID: 102659353606816363 bcsId: 4118} | ret=SUCCESS |  
2019-08-22 07:03:42,061 | INFO  | DNAudit | user=null | ip=null | op=WRITE_CHUNK {blockData=conID: 2 locID: 102659353606816363 bcsId: 4118} | ret=SUCCESS |  
2019-08-22 07:03:42,062 | INFO  | DNAudit | user=null | ip=null | op=PUT_BLOCK {blockData=[blockId=conID: 2 locID: 102659353606816363 bcsId: 0,size=3145728]} | ret=SUCCESS |  
2019-08-22 07:03:42,062 [grpc-default-executor-0] INFO  client.GrpcClientProtocolClient (GrpcClientProtocolClient.java:onNext(255)) - client-CF63D631FA17->3cf1264f-5f6b-4138-aeee-2ff7d4522ead: receive RaftClientReply:client-CF63D631FA17->3cf1264f-5f6b-4138-aeee-2ff7d4522ead@group-561E16522154, cid=2749, SUCCESS, logIndex=4122, commits[3cf1264f-5f6b-4138-aeee-2ff7d4522ead:c4123, 4f0d1a15-8f14-4d9a-ad4f-8211e1245b5d:c4121, 6999f20e-c3f7-4db4-87ca-141c476f2a88:c4121]
2019-08-22 07:03:42,062 [grpc-default-executor-0] INFO  client.GrpcClientProtocolClient (GrpcClientProtocolClient.java:onNext(255)) - client-CF63D631FA17->3cf1264f-5f6b-4138-aeee-2ff7d4522ead: receive RaftClientReply:client-CF63D631FA17->3cf1264f-5f6b-4138-aeee-2ff7d4522ead@group-561E16522154, cid=2750, SUCCESS, logIndex=4123, commits[3cf1264f-5f6b-4138-aeee-2ff7d4522ead:c4123, 4f0d1a15-8f14-4d9a-ad4f-8211e1245b5d:c4121, 6999f20e-c3f7-4db4-87ca-141c476f2a88:c4121]
2019-08-22 07:03:42,072 | INFO  | DNAudit | user=null | ip=null | op=WRITE_CHUNK {blockData=conID: 2 locID: 102659353606816363 bcsId: 4123} | ret=SUCCESS |  
2019-08-22 07:03:42,072 | INFO  | DNAudit | user=null | ip=null | op=WRITE_CHUNK {blockData=conID: 2 locID: 102659353606816363 bcsId: 4118} | ret=SUCCESS |  
2019-08-22 07:03:42,072 | INFO  | DNAudit | user=null | ip=null | op=WRITE_CHUNK {blockData=conID: 2 locID: 102659353606816363 bcsId: 4118} | ret=SUCCESS |  
2019-08-22 07:03:42,072 | INFO  | DNAudit | user=null | ip=null | op=PUT_BLOCK {blockData=[blockId=conID: 2 locID: 102659353606816363 bcsId: 0,size=3145728]} | ret=SUCCESS |  
2019-08-22 07:03:42,072 | INFO  | DNAudit | user=null | ip=null | op=PUT_BLOCK {blockData=[blockId=conID: 2 locID: 102659353606816363 bcsId: 0,size=3145728]} | ret=SUCCESS |  
2019-08-22 07:03:42,076 | INFO  | DNAudit | user=null | ip=null | op=WRITE_CHUNK {blockData=conID: 2 locID: 102659353606816363 bcsId: 4123} | ret=SUCCESS |  
2019-08-22 07:03:42,076 | INFO  | DNAudit | user=null | ip=null | op=WRITE_CHUNK {blockData=conID: 2 locID: 102659353606816363 bcsId: 4123} | ret=SUCCESS |  
2019-08-22 07:03:42,089 | INFO  | DNAudit | user=null | ip=null | op=WRITE_CHUNK {blockData=conID: 2 locID: 102659353606816363 bcsId: 4123} | ret=SUCCESS |  
2019-08-22 07:03:42,090 | INFO  | DNAudit | user=null | ip=null | op=PUT_BLOCK {blockData=[blockId=conID: 2 locID: 102659353606816363 bcsId: 0,size=4194304]} | ret=SUCCESS |  
2019-08-22 07:03:42,090 [grpc-default-executor-1] INFO  client.GrpcClientProtocolClient (GrpcClientProtocolClient.java:onNext(255)) - client-CF63D631FA17->3cf1264f-5f6b-4138-aeee-2ff7d4522ead: receive RaftClientReply:client-CF63D631FA17->3cf1264f-5f6b-4138-aeee-2ff7d4522ead@group-561E16522154, cid=2751, SUCCESS, logIndex=4126, commits[3cf1264f-5f6b-4138-aeee-2ff7d4522ead:c4127, 4f0d1a15-8f14-4d9a-ad4f-8211e1245b5d:c4123, 6999f20e-c3f7-4db4-87ca-141c476f2a88:c4123]
2019-08-22 07:03:42,090 [grpc-default-executor-1] INFO  client.GrpcClientProtocolClient (GrpcClientProtocolClient.java:onNext(255)) - client-CF63D631FA17->3cf1264f-5f6b-4138-aeee-2ff7d4522ead: receive RaftClientReply:client-CF63D631FA17->3cf1264f-5f6b-4138-aeee-2ff7d4522ead@group-561E16522154, cid=2752, SUCCESS, logIndex=4127, commits[3cf1264f-5f6b-4138-aeee-2ff7d4522ead:c4127, 4f0d1a15-8f14-4d9a-ad4f-8211e1245b5d:c4123, 6999f20e-c3f7-4db4-87ca-141c476f2a88:c4123]
2019-08-22 07:03:42,100 | INFO  | DNAudit | user=null | ip=null | op=WRITE_CHUNK {blockData=conID: 2 locID: 102659353606816363 bcsId: 4123} | ret=SUCCESS |  
2019-08-22 07:03:42,100 | INFO  | DNAudit | user=null | ip=null | op=WRITE_CHUNK {blockData=conID: 2 locID: 102659353606816363 bcsId: 4123} | ret=SUCCESS |  
2019-08-22 07:03:42,100 | INFO  | DNAudit | user=null | ip=null | op=PUT_BLOCK {blockData=[blockId=conID: 2 locID: 102659353606816363 bcsId: 0,size=4194304]} | ret=SUCCESS |  
2019-08-22 07:03:42,101 | INFO  | DNAudit | user=null | ip=null | op=PUT_BLOCK {blockData=[blockId=conID: 2 locID: 102659353606816363 bcsId: 0,size=4194304]} | ret=SUCCESS |  
2019-08-22 07:03:42,101 [grpc-default-executor-1] INFO  client.GrpcClientProtocolClient (GrpcClientProtocolClient.java:onNext(255)) - client-CF63D631FA17->3cf1264f-5f6b-4138-aeee-2ff7d4522ead: receive RaftClientReply:client-CF63D631FA17->3cf1264f-5f6b-4138-aeee-2ff7d4522ead@group-561E16522154, cid=2753, SUCCESS, logIndex=0, commits[3cf1264f-5f6b-4138-aeee-2ff7d4522ead:c4128, 4f0d1a15-8f14-4d9a-ad4f-8211e1245b5d:c4127, 6999f20e-c3f7-4db4-87ca-141c476f2a88:c4127]
2019-08-22 07:03:42,110 | INFO  | SCMAudit | user=jenkins1000 | ip=192.168.34.31 | op=ALLOCATE_BLOCK {owner=04b6d46a-98e2-41b1-9f38-1870289993ea, size=4194304, type=RATIS, factor=THREE} | ret=SUCCESS |  
2019-08-22 07:03:42,116 | INFO  | OMAudit | user=jenkins1000 | ip=127.0.0.1 | op=ALLOCATE_BLOCK {volume=vol-0-14906, bucket=bucket-0-53153, key=key-0-33222, dataSize=0, replicationType=null, replicationFactor=null, keyLocationInfo=null, clientID=102659352017764754} | ret=SUCCESS |  
2019-08-22 07:03:42,126 | INFO  | DNAudit | user=null | ip=null | op=WRITE_CHUNK {blockData=conID: 3 locID: 102659353615401580 bcsId: 0} | ret=SUCCESS |  
2019-08-22 07:03:42,135 | INFO  | DNAudit | user=null | ip=null | op=WRITE_CHUNK {blockData=conID: 3 locID: 102659353615401580 bcsId: 0} | ret=SUCCESS |  
2019-08-22 07:03:42,135 | INFO  | DNAudit | user=null | ip=null | op=WRITE_CHUNK {blockData=conID: 3 locID: 102659353615401580 bcsId: 0} | ret=SUCCESS |  
2019-08-22 07:03:42,135 | INFO  | DNAudit | user=null | ip=null | op=WRITE_CHUNK {blockData=conID: 3 locID: 102659353615401580 bcsId: 0} | ret=SUCCESS |  
2019-08-22 07:03:42,136 | INFO  | SCMAudit | user=jenkins1000 | ip=192.168.34.31 | op=SEND_HEARTBEAT {datanodeUUID=4f0d1a15-8f14-4d9a-ad4f-8211e1245b5d, command=[]} | ret=SUCCESS |  
2019-08-22 07:03:42,140 | INFO  | DNAudit | user=null | ip=null | op=WRITE_CHUNK {blockData=conID: 3 locID: 102659353615401580 bcsId: 0} | ret=SUCCESS |  
2019-08-22 07:03:42,140 | INFO  | DNAudit | user=null | ip=null | op=WRITE_CHUNK {blockData=conID: 3 locID: 102659353615401580 bcsId: 0} | ret=SUCCESS |  
2019-08-22 07:03:42,141 | INFO  | DNAudit | user=null | ip=null | op=PUT_BLOCK {blockData=[blockId=conID: 3 locID: 102659353615401580 bcsId: 0,size=1048576]} | ret=SUCCESS |  
2019-08-22 07:03:42,141 [grpc-default-executor-0] INFO  client.GrpcClientProtocolClient (GrpcClientProtocolClient.java:onNext(255)) - client-CF63D631FA17->3cf1264f-5f6b-4138-aeee-2ff7d4522ead: receive RaftClientReply:client-CF63D631FA17->3cf1264f-5f6b-4138-aeee-2ff7d4522ead@group-561E16522154, cid=2754, SUCCESS, logIndex=4130, commits[3cf1264f-5f6b-4138-aeee-2ff7d4522ead:c4131, 4f0d1a15-8f14-4d9a-ad4f-8211e1245b5d:c4129, 6999f20e-c3f7-4db4-87ca-141c476f2a88:c4129]
2019-08-22 07:03:42,142 [grpc-default-executor-0] INFO  client.GrpcClientProtocolClient (GrpcClientProtocolClient.java:onNext(255)) - client-CF63D631FA17->3cf1264f-5f6b-4138-aeee-2ff7d4522ead: receive RaftClientReply:client-CF63D631FA17->3cf1264f-5f6b-4138-aeee-2ff7d4522ead@group-561E16522154, cid=2755, SUCCESS, logIndex=4131, commits[3cf1264f-5f6b-4138-aeee-2ff7d4522ead:c4131, 4f0d1a15-8f14-4d9a-ad4f-8211e1245b5d:c4129, 6999f20e-c3f7-4db4-87ca-141c476f2a88:c4129]
2019-08-22 07:03:42,387 | INFO  | DNAudit | user=null | ip=null | op=WRITE_CHUNK {blockData=conID: 3 locID: 102659353615401580 bcsId: 0} | ret=SUCCESS |  
2019-08-22 07:03:42,389 | INFO  | DNAudit | user=null | ip=null | op=WRITE_CHUNK {blockData=conID: 3 locID: 102659353615401580 bcsId: 0} | ret=SUCCESS |  
2019-08-22 07:03:42,389 | INFO  | DNAudit | user=null | ip=null | op=PUT_BLOCK {blockData=[blockId=conID: 3 locID: 102659353615401580 bcsId: 0,size=1048576]} | ret=SUCCESS |  
2019-08-22 07:03:42,390 | INFO  | DNAudit | user=null | ip=null | op=WRITE_CHUNK {blockData=conID: 3 locID: 102659353615401580 bcsId: 0} | ret=SUCCESS |  
2019-08-22 07:03:42,390 | INFO  | DNAudit | user=null | ip=null | op=PUT_BLOCK {blockData=[blockId=conID: 3 locID: 102659353615401580 bcsId: 0,size=2097152]} | ret=SUCCESS |  
2019-08-22 07:03:42,391 [grpc-default-executor-3] INFO  client.GrpcClientProtocolClient (GrpcClientProtocolClient.java:onNext(255)) - client-CF63D631FA17->3cf1264f-5f6b-4138-aeee-2ff7d4522ead: receive RaftClientReply:client-CF63D631FA17->3cf1264f-5f6b-4138-aeee-2ff7d4522ead@group-561E16522154, cid=2756, SUCCESS, logIndex=4132, commits[3cf1264f-5f6b-4138-aeee-2ff7d4522ead:c4134, 4f0d1a15-8f14-4d9a-ad4f-8211e1245b5d:c4131, 6999f20e-c3f7-4db4-87ca-141c476f2a88:c4129]
2019-08-22 07:03:42,392 [grpc-default-executor-3] INFO  client.GrpcClientProtocolClient (GrpcClientProtocolClient.java:onNext(255)) - client-CF63D631FA17->3cf1264f-5f6b-4138-aeee-2ff7d4522ead: receive RaftClientReply:client-CF63D631FA17->3cf1264f-5f6b-4138-aeee-2ff7d4522ead@group-561E16522154, cid=2757, SUCCESS, logIndex=4133, commits[3cf1264f-5f6b-4138-aeee-2ff7d4522ead:c4135, 4f0d1a15-8f14-4d9a-ad4f-8211e1245b5d:c4131, 6999f20e-c3f7-4db4-87ca-141c476f2a88:c4129]
2019-08-22 07:03:42,399 | INFO  | DNAudit | user=null | ip=null | op=WRITE_CHUNK {blockData=conID: 3 locID: 102659353615401580 bcsId: 0} | ret=SUCCESS |  
2019-08-22 07:03:42,400 | INFO  | DNAudit | user=null | ip=null | op=PUT_BLOCK {blockData=[blockId=conID: 3 locID: 102659353615401580 bcsId: 0,size=2097152]} | ret=SUCCESS |  
2019-08-22 07:03:42,401 | INFO  | DNAudit | user=null | ip=null | op=WRITE_CHUNK {blockData=conID: 3 locID: 102659353615401580 bcsId: 0} | ret=SUCCESS |  
2019-08-22 07:03:42,402 | INFO  | DNAudit | user=null | ip=null | op=PUT_BLOCK {blockData=[blockId=conID: 3 locID: 102659353615401580 bcsId: 0,size=1048576]} | ret=SUCCESS |  
2019-08-22 07:03:42,403 [grpc-default-executor-3] INFO  client.GrpcClientProtocolClient (GrpcClientProtocolClient.java:onNext(255)) - client-CF63D631FA17->3cf1264f-5f6b-4138-aeee-2ff7d4522ead: receive RaftClientReply:client-CF63D631FA17->3cf1264f-5f6b-4138-aeee-2ff7d4522ead@group-561E16522154, cid=2758, SUCCESS, logIndex=0, commits[3cf1264f-5f6b-4138-aeee-2ff7d4522ead:c4137, 4f0d1a15-8f14-4d9a-ad4f-8211e1245b5d:c4134, 6999f20e-c3f7-4db4-87ca-141c476f2a88:c4131]
2019-08-22 07:03:42,412 | INFO  | DNAudit | user=null | ip=null | op=WRITE_CHUNK {blockData=conID: 3 locID: 102659353615401580 bcsId: 0} | ret=SUCCESS |  
2019-08-22 07:03:42,412 | INFO  | DNAudit | user=null | ip=null | op=PUT_BLOCK {blockData=[blockId=conID: 3 locID: 102659353615401580 bcsId: 0,size=2097152]} | ret=SUCCESS |  
2019-08-22 07:03:42,415 | INFO  | DNAudit | user=null | ip=null | op=WRITE_CHUNK {blockData=conID: 3 locID: 102659353615401580 bcsId: 4133} | ret=SUCCESS |  
2019-08-22 07:03:42,420 | INFO  | DNAudit | user=null | ip=null | op=WRITE_CHUNK {blockData=conID: 3 locID: 102659353615401580 bcsId: 4133} | ret=SUCCESS |  
2019-08-22 07:03:42,421 | INFO  | DNAudit | user=null | ip=null | op=WRITE_CHUNK {blockData=conID: 3 locID: 102659353615401580 bcsId: 4133} | ret=SUCCESS |  
2019-08-22 07:03:42,427 | INFO  | DNAudit | user=null | ip=null | op=WRITE_CHUNK {blockData=conID: 3 locID: 102659353615401580 bcsId: 4133} | ret=SUCCESS |  
2019-08-22 07:03:42,428 | INFO  | DNAudit | user=null | ip=null | op=PUT_BLOCK {blockData=[blockId=conID: 3 locID: 102659353615401580 bcsId: 0,size=3145728]} | ret=SUCCESS |  
2019-08-22 07:03:42,428 [grpc-default-executor-3] INFO  client.GrpcClientProtocolClient (GrpcClientProtocolClient.java:onNext(255)) - client-CF63D631FA17->3cf1264f-5f6b-4138-aeee-2ff7d4522ead: receive RaftClientReply:client-CF63D631FA17->3cf1264f-5f6b-4138-aeee-2ff7d4522ead@group-561E16522154, cid=2759, SUCCESS, logIndex=4138, commits[3cf1264f-5f6b-4138-aeee-2ff7d4522ead:c4139, 4f0d1a15-8f14-4d9a-ad4f-8211e1245b5d:c4137, 6999f20e-c3f7-4db4-87ca-141c476f2a88:c4137]
2019-08-22 07:03:42,429 [grpc-default-executor-3] INFO  client.GrpcClientProtocolClient (GrpcClientProtocolClient.java:onNext(255)) - client-CF63D631FA17->3cf1264f-5f6b-4138-aeee-2ff7d4522ead: receive RaftClientReply:client-CF63D631FA17->3cf1264f-5f6b-4138-aeee-2ff7d4522ead@group-561E16522154, cid=2760, SUCCESS, logIndex=4139, commits[3cf1264f-5f6b-4138-aeee-2ff7d4522ead:c4139, 4f0d1a15-8f14-4d9a-ad4f-8211e1245b5d:c4137, 6999f20e-c3f7-4db4-87ca-141c476f2a88:c4137]
2019-08-22 07:03:42,440 | INFO  | DNAudit | user=null | ip=null | op=WRITE_CHUNK {blockData=conID: 3 locID: 102659353615401580 bcsId: 4139} | ret=SUCCESS |  
2019-08-22 07:03:42,441 | INFO  | DNAudit | user=null | ip=null | op=WRITE_CHUNK {blockData=conID: 3 locID: 102659353615401580 bcsId: 4133} | ret=SUCCESS |  
2019-08-22 07:03:42,441 | INFO  | DNAudit | user=null | ip=null | op=WRITE_CHUNK {blockData=conID: 3 locID: 102659353615401580 bcsId: 4133} | ret=SUCCESS |  
2019-08-22 07:03:42,443 | INFO  | DNAudit | user=null | ip=null | op=WRITE_CHUNK {blockData=conID: 3 locID: 102659353615401580 bcsId: 4139} | ret=SUCCESS |  
2019-08-22 07:03:42,444 | INFO  | DNAudit | user=null | ip=null | op=WRITE_CHUNK {blockData=conID: 3 locID: 102659353615401580 bcsId: 4139} | ret=SUCCESS |  
2019-08-22 07:03:42,463 | INFO  | DNAudit | user=null | ip=null | op=PUT_BLOCK {blockData=[blockId=conID: 3 locID: 102659353615401580 bcsId: 0,size=3145728]} | ret=SUCCESS |  
2019-08-22 07:03:42,464 | INFO  | DNAudit | user=null | ip=null | op=PUT_BLOCK {blockData=[blockId=conID: 3 locID: 102659353615401580 bcsId: 0,size=3145728]} | ret=SUCCESS |  
2019-08-22 07:03:42,465 | INFO  | DNAudit | user=null | ip=null | op=WRITE_CHUNK {blockData=conID: 3 locID: 102659353615401580 bcsId: 4139} | ret=SUCCESS |  
2019-08-22 07:03:42,466 | INFO  | DNAudit | user=null | ip=null | op=PUT_BLOCK {blockData=[blockId=conID: 3 locID: 102659353615401580 bcsId: 0,size=4194304]} | ret=SUCCESS |  
2019-08-22 07:03:42,466 [grpc-default-executor-3] INFO  client.GrpcClientProtocolClient (GrpcClientProtocolClient.java:onNext(255)) - client-CF63D631FA17->3cf1264f-5f6b-4138-aeee-2ff7d4522ead: receive RaftClientReply:client-CF63D631FA17->3cf1264f-5f6b-4138-aeee-2ff7d4522ead@group-561E16522154, cid=2761, SUCCESS, logIndex=4142, commits[3cf1264f-5f6b-4138-aeee-2ff7d4522ead:c4143, 4f0d1a15-8f14-4d9a-ad4f-8211e1245b5d:c4139, 6999f20e-c3f7-4db4-87ca-141c476f2a88:c4139]
2019-08-22 07:03:42,467 [grpc-default-executor-3] INFO  client.GrpcClientProtocolClient (GrpcClientProtocolClient.java:onNext(255)) - client-CF63D631FA17->3cf1264f-5f6b-4138-aeee-2ff7d4522ead: receive RaftClientReply:client-CF63D631FA17->3cf1264f-5f6b-4138-aeee-2ff7d4522ead@group-561E16522154, cid=2762, SUCCESS, logIndex=4143, commits[3cf1264f-5f6b-4138-aeee-2ff7d4522ead:c4143, 4f0d1a15-8f14-4d9a-ad4f-8211e1245b5d:c4139, 6999f20e-c3f7-4db4-87ca-141c476f2a88:c4139]
2019-08-22 07:03:42,477 | INFO  | DNAudit | user=null | ip=null | op=WRITE_CHUNK {blockData=conID: 3 locID: 102659353615401580 bcsId: 4139} | ret=SUCCESS |  
2019-08-22 07:03:42,477 | INFO  | DNAudit | user=null | ip=null | op=WRITE_CHUNK {blockData=conID: 3 locID: 102659353615401580 bcsId: 4139} | ret=SUCCESS |  
2019-08-22 07:03:42,477 | INFO  | DNAudit | user=null | ip=null | op=PUT_BLOCK {blockData=[blockId=conID: 3 locID: 102659353615401580 bcsId: 0,size=4194304]} | ret=SUCCESS |  
2019-08-22 07:03:42,477 | INFO  | DNAudit | user=null | ip=null | op=PUT_BLOCK {blockData=[blockId=conID: 3 locID: 102659353615401580 bcsId: 0,size=4194304]} | ret=SUCCESS |  
2019-08-22 07:03:42,478 [grpc-default-executor-3] INFO  client.GrpcClientProtocolClient (GrpcClientProtocolClient.java:onNext(255)) - client-CF63D631FA17->3cf1264f-5f6b-4138-aeee-2ff7d4522ead: receive RaftClientReply:client-CF63D631FA17->3cf1264f-5f6b-4138-aeee-2ff7d4522ead@group-561E16522154, cid=2763, SUCCESS, logIndex=0, commits[3cf1264f-5f6b-4138-aeee-2ff7d4522ead:c4144, 4f0d1a15-8f14-4d9a-ad4f-8211e1245b5d:c4143, 6999f20e-c3f7-4db4-87ca-141c476f2a88:c4143]
2019-08-22 07:03:42,491 | INFO  | SCMAudit | user=jenkins1000 | ip=192.168.34.31 | op=ALLOCATE_BLOCK {owner=04b6d46a-98e2-41b1-9f38-1870289993ea, size=4194304, type=RATIS, factor=THREE} | ret=SUCCESS |  
2019-08-22 07:03:42,497 | INFO  | OMAudit | user=jenkins1000 | ip=127.0.0.1 | op=ALLOCATE_BLOCK {volume=vol-0-14906, bucket=bucket-0-53153, key=key-0-33222, dataSize=0, replicationType=null, replicationFactor=null, keyLocationInfo=null, clientID=102659352017764754} | ret=SUCCESS |  
2019-08-22 07:03:42,507 | INFO  | DNAudit | user=null | ip=null | op=WRITE_CHUNK {blockData=conID: 1 locID: 102659353640305261 bcsId: 0} | ret=SUCCESS |  
2019-08-22 07:03:42,510 | INFO  | DNAudit | user=null | ip=null | op=WRITE_CHUNK {blockData=conID: 1 locID: 102659353640305261 bcsId: 0} | ret=SUCCESS |  
2019-08-22 07:03:42,512 | INFO  | DNAudit | user=null | ip=null | op=WRITE_CHUNK {blockData=conID: 1 locID: 102659353640305261 bcsId: 0} | ret=SUCCESS |  
2019-08-22 07:03:42,512 | INFO  | DNAudit | user=null | ip=null | op=WRITE_CHUNK {blockData=conID: 1 locID: 102659353640305261 bcsId: 0} | ret=SUCCESS |  
2019-08-22 07:03:42,514 | INFO  | DNAudit | user=null | ip=null | op=WRITE_CHUNK {blockData=conID: 1 locID: 102659353640305261 bcsId: 0} | ret=SUCCESS |  
2019-08-22 07:03:42,515 | INFO  | DNAudit | user=null | ip=null | op=WRITE_CHUNK {blockData=conID: 1 locID: 102659353640305261 bcsId: 0} | ret=SUCCESS |  
2019-08-22 07:03:42,522 | INFO  | DNAudit | user=null | ip=null | op=WRITE_CHUNK {blockData=conID: 1 locID: 102659353640305261 bcsId: 0} | ret=SUCCESS |  
2019-08-22 07:03:42,523 | INFO  | DNAudit | user=null | ip=null | op=PUT_BLOCK {blockData=[blockId=conID: 1 locID: 102659353640305261 bcsId: 0,size=1048576]} | ret=SUCCESS |  
2019-08-22 07:03:42,523 [grpc-default-executor-0] INFO  client.GrpcClientProtocolClient (GrpcClientProtocolClient.java:onNext(255)) - client-CF63D631FA17->3cf1264f-5f6b-4138-aeee-2ff7d4522ead: receive RaftClientReply:client-CF63D631FA17->3cf1264f-5f6b-4138-aeee-2ff7d4522ead@group-561E16522154, cid=2764, SUCCESS, logIndex=4146, commits[3cf1264f-5f6b-4138-aeee-2ff7d4522ead:c4147, 4f0d1a15-8f14-4d9a-ad4f-8211e1245b5d:c4145, 6999f20e-c3f7-4db4-87ca-141c476f2a88:c4145]
2019-08-22 07:03:42,524 | INFO  | DNAudit | user=null | ip=null | op=WRITE_CHUNK {blockData=conID: 1 locID: 102659353640305261 bcsId: 0} | ret=SUCCESS |  
2019-08-22 07:03:42,524 | INFO  | DNAudit | user=null | ip=null | op=PUT_BLOCK {blockData=[blockId=conID: 1 locID: 102659353640305261 bcsId: 0,size=2097152]} | ret=SUCCESS |  
2019-08-22 07:03:42,524 [grpc-default-executor-0] INFO  client.GrpcClientProtocolClient (GrpcClientProtocolClient.java:onNext(255)) - client-CF63D631FA17->3cf1264f-5f6b-4138-aeee-2ff7d4522ead: receive RaftClientReply:client-CF63D631FA17->3cf1264f-5f6b-4138-aeee-2ff7d4522ead@group-561E16522154, cid=2765, SUCCESS, logIndex=4147, commits[3cf1264f-5f6b-4138-aeee-2ff7d4522ead:c4149, 4f0d1a15-8f14-4d9a-ad4f-8211e1245b5d:c4145, 6999f20e-c3f7-4db4-87ca-141c476f2a88:c4145]
2019-08-22 07:03:42,525 [grpc-default-executor-0] INFO  client.GrpcClientProtocolClient (GrpcClientProtocolClient.java:onNext(255)) - client-CF63D631FA17->3cf1264f-5f6b-4138-aeee-2ff7d4522ead: receive RaftClientReply:client-CF63D631FA17->3cf1264f-5f6b-4138-aeee-2ff7d4522ead@group-561E16522154, cid=2766, SUCCESS, logIndex=4148, commits[3cf1264f-5f6b-4138-aeee-2ff7d4522ead:c4149, 4f0d1a15-8f14-4d9a-ad4f-8211e1245b5d:c4145, 6999f20e-c3f7-4db4-87ca-141c476f2a88:c4145]
2019-08-22 07:03:42,525 [grpc-default-executor-0] INFO  client.GrpcClientProtocolClient (GrpcClientProtocolClient.java:onNext(255)) - client-CF63D631FA17->3cf1264f-5f6b-4138-aeee-2ff7d4522ead: receive RaftClientReply:client-CF63D631FA17->3cf1264f-5f6b-4138-aeee-2ff7d4522ead@group-561E16522154, cid=2767, SUCCESS, logIndex=4149, commits[3cf1264f-5f6b-4138-aeee-2ff7d4522ead:c4149, 4f0d1a15-8f14-4d9a-ad4f-8211e1245b5d:c4145, 6999f20e-c3f7-4db4-87ca-141c476f2a88:c4145]
2019-08-22 07:03:42,533 | INFO  | DNAudit | user=null | ip=null | op=WRITE_CHUNK {blockData=conID: 1 locID: 102659353640305261 bcsId: 0} | ret=SUCCESS |  
2019-08-22 07:03:42,534 | INFO  | DNAudit | user=null | ip=null | op=WRITE_CHUNK {blockData=conID: 1 locID: 102659353640305261 bcsId: 0} | ret=SUCCESS |  
2019-08-22 07:03:42,534 | INFO  | DNAudit | user=null | ip=null | op=PUT_BLOCK {blockData=[blockId=conID: 1 locID: 102659353640305261 bcsId: 0,size=1048576]} | ret=SUCCESS |  
2019-08-22 07:03:42,535 | INFO  | DNAudit | user=null | ip=null | op=WRITE_CHUNK {blockData=conID: 1 locID: 102659353640305261 bcsId: 0} | ret=SUCCESS |  
2019-08-22 07:03:42,535 | INFO  | DNAudit | user=null | ip=null | op=PUT_BLOCK {blockData=[blockId=conID: 1 locID: 102659353640305261 bcsId: 0,size=2097152]} | ret=SUCCESS |  
2019-08-22 07:03:42,536 | INFO  | DNAudit | user=null | ip=null | op=PUT_BLOCK {blockData=[blockId=conID: 1 locID: 102659353640305261 bcsId: 0,size=1048576]} | ret=SUCCESS |  
2019-08-22 07:03:42,537 | INFO  | DNAudit | user=null | ip=null | op=WRITE_CHUNK {blockData=conID: 1 locID: 102659353640305261 bcsId: 0} | ret=SUCCESS |  
2019-08-22 07:03:42,537 | INFO  | DNAudit | user=null | ip=null | op=PUT_BLOCK {blockData=[blockId=conID: 1 locID: 102659353640305261 bcsId: 0,size=2097152]} | ret=SUCCESS |  
2019-08-22 07:03:42,541 [grpc-default-executor-0] INFO  client.GrpcClientProtocolClient (GrpcClientProtocolClient.java:onNext(255)) - client-CF63D631FA17->3cf1264f-5f6b-4138-aeee-2ff7d4522ead: receive RaftClientReply:client-CF63D631FA17->3cf1264f-5f6b-4138-aeee-2ff7d4522ead@group-561E16522154, cid=2768, SUCCESS, logIndex=0, commits[3cf1264f-5f6b-4138-aeee-2ff7d4522ead:c4153, 4f0d1a15-8f14-4d9a-ad4f-8211e1245b5d:c4147, 6999f20e-c3f7-4db4-87ca-141c476f2a88:c4149]
2019-08-22 07:03:42,555 | INFO  | DNAudit | user=null | ip=null | op=WRITE_CHUNK {blockData=conID: 1 locID: 102659353640305261 bcsId: 4149} | ret=SUCCESS |  
2019-08-22 07:03:42,559 | INFO  | DNAudit | user=null | ip=null | op=WRITE_CHUNK {blockData=conID: 1 locID: 102659353640305261 bcsId: 4149} | ret=SUCCESS |  
2019-08-22 07:03:42,559 | INFO  | DNAudit | user=null | ip=null | op=WRITE_CHUNK {blockData=conID: 1 locID: 102659353640305261 bcsId: 4149} | ret=SUCCESS |  
2019-08-22 07:03:42,569 | INFO  | DNAudit | user=null | ip=null | op=WRITE_CHUNK {blockData=conID: 1 locID: 102659353640305261 bcsId: 4149} | ret=SUCCESS |  
2019-08-22 07:03:42,570 | INFO  | DNAudit | user=null | ip=null | op=PUT_BLOCK {blockData=[blockId=conID: 1 locID: 102659353640305261 bcsId: 0,size=3145728]} | ret=SUCCESS |  
2019-08-22 07:03:42,571 [grpc-default-executor-0] INFO  client.GrpcClientProtocolClient (GrpcClientProtocolClient.java:onNext(255)) - client-CF63D631FA17->3cf1264f-5f6b-4138-aeee-2ff7d4522ead: receive RaftClientReply:client-CF63D631FA17->3cf1264f-5f6b-4138-aeee-2ff7d4522ead@group-561E16522154, cid=2769, SUCCESS, logIndex=4154, commits[3cf1264f-5f6b-4138-aeee-2ff7d4522ead:c4155, 4f0d1a15-8f14-4d9a-ad4f-8211e1245b5d:c4153, 6999f20e-c3f7-4db4-87ca-141c476f2a88:c4153]
2019-08-22 07:03:42,571 [grpc-default-executor-0] INFO  client.GrpcClientProtocolClient (GrpcClientProtocolClient.java:onNext(255)) - client-CF63D631FA17->3cf1264f-5f6b-4138-aeee-2ff7d4522ead: receive RaftClientReply:client-CF63D631FA17->3cf1264f-5f6b-4138-aeee-2ff7d4522ead@group-561E16522154, cid=2770, SUCCESS, logIndex=4155, commits[3cf1264f-5f6b-4138-aeee-2ff7d4522ead:c4155, 4f0d1a15-8f14-4d9a-ad4f-8211e1245b5d:c4153, 6999f20e-c3f7-4db4-87ca-141c476f2a88:c4153]
2019-08-22 07:03:42,580 | INFO  | DNAudit | user=null | ip=null | op=WRITE_CHUNK {blockData=conID: 1 locID: 102659353640305261 bcsId: 4149} | ret=SUCCESS |  
2019-08-22 07:03:42,580 | INFO  | DNAudit | user=null | ip=null | op=WRITE_CHUNK {blockData=conID: 1 locID: 102659353640305261 bcsId: 4149} | ret=SUCCESS |  
2019-08-22 07:03:42,581 | INFO  | DNAudit | user=null | ip=null | op=PUT_BLOCK {blockData=[blockId=conID: 1 locID: 102659353640305261 bcsId: 0,size=3145728]} | ret=SUCCESS |  
2019-08-22 07:03:42,581 | INFO  | DNAudit | user=null | ip=null | op=WRITE_CHUNK {blockData=conID: 1 locID: 102659353640305261 bcsId: 4155} | ret=SUCCESS |  
2019-08-22 07:03:42,581 | INFO  | DNAudit | user=null | ip=null | op=PUT_BLOCK {blockData=[blockId=conID: 1 locID: 102659353640305261 bcsId: 0,size=3145728]} | ret=SUCCESS |  
2019-08-22 07:03:42,584 | INFO  | DNAudit | user=null | ip=null | op=WRITE_CHUNK {blockData=conID: 1 locID: 102659353640305261 bcsId: 4155} | ret=SUCCESS |  
2019-08-22 07:03:42,584 | INFO  | DNAudit | user=null | ip=null | op=WRITE_CHUNK {blockData=conID: 1 locID: 102659353640305261 bcsId: 4155} | ret=SUCCESS |  
2019-08-22 07:03:42,596 | INFO  | DNAudit | user=null | ip=null | op=WRITE_CHUNK {blockData=conID: 1 locID: 102659353640305261 bcsId: 4155} | ret=SUCCESS |  
2019-08-22 07:03:42,597 | INFO  | DNAudit | user=null | ip=null | op=PUT_BLOCK {blockData=[blockId=conID: 1 locID: 102659353640305261 bcsId: 0,size=4194304]} | ret=SUCCESS |  
2019-08-22 07:03:42,597 [grpc-default-executor-3] INFO  client.GrpcClientProtocolClient (GrpcClientProtocolClient.java:onNext(255)) - client-CF63D631FA17->3cf1264f-5f6b-4138-aeee-2ff7d4522ead: receive RaftClientReply:client-CF63D631FA17->3cf1264f-5f6b-4138-aeee-2ff7d4522ead@group-561E16522154, cid=2771, SUCCESS, logIndex=4158, commits[3cf1264f-5f6b-4138-aeee-2ff7d4522ead:c4159, 4f0d1a15-8f14-4d9a-ad4f-8211e1245b5d:c4155, 6999f20e-c3f7-4db4-87ca-141c476f2a88:c4155]
2019-08-22 07:03:42,597 [grpc-default-executor-3] INFO  client.GrpcClientProtocolClient (GrpcClientProtocolClient.java:onNext(255)) - client-CF63D631FA17->3cf1264f-5f6b-4138-aeee-2ff7d4522ead: receive RaftClientReply:client-CF63D631FA17->3cf1264f-5f6b-4138-aeee-2ff7d4522ead@group-561E16522154, cid=2772, SUCCESS, logIndex=4159, commits[3cf1264f-5f6b-4138-aeee-2ff7d4522ead:c4159, 4f0d1a15-8f14-4d9a-ad4f-8211e1245b5d:c4155, 6999f20e-c3f7-4db4-87ca-141c476f2a88:c4155]
2019-08-22 07:03:42,598 | INFO  | DNAudit | user=null | ip=null | op=WRITE_CHUNK {blockData=conID: 1 locID: 102659353640305261 bcsId: 4155} | ret=SUCCESS |  
2019-08-22 07:03:42,598 | INFO  | DNAudit | user=null | ip=null | op=PUT_BLOCK {blockData=[blockId=conID: 1 locID: 102659353640305261 bcsId: 0,size=4194304]} | ret=SUCCESS |  
2019-08-22 07:03:42,600 | INFO  | DNAudit | user=null | ip=null | op=WRITE_CHUNK {blockData=conID: 1 locID: 102659353640305261 bcsId: 4155} | ret=SUCCESS |  
2019-08-22 07:03:42,600 | INFO  | DNAudit | user=null | ip=null | op=PUT_BLOCK {blockData=[blockId=conID: 1 locID: 102659353640305261 bcsId: 0,size=4194304]} | ret=SUCCESS |  
2019-08-22 07:03:42,601 [grpc-default-executor-3] INFO  client.GrpcClientProtocolClient (GrpcClientProtocolClient.java:onNext(255)) - client-CF63D631FA17->3cf1264f-5f6b-4138-aeee-2ff7d4522ead: receive RaftClientReply:client-CF63D631FA17->3cf1264f-5f6b-4138-aeee-2ff7d4522ead@group-561E16522154, cid=2773, SUCCESS, logIndex=0, commits[3cf1264f-5f6b-4138-aeee-2ff7d4522ead:c4160, 4f0d1a15-8f14-4d9a-ad4f-8211e1245b5d:c4159, 6999f20e-c3f7-4db4-87ca-141c476f2a88:c4159]
2019-08-22 07:03:42,611 | INFO  | SCMAudit | user=jenkins1000 | ip=192.168.34.31 | op=ALLOCATE_BLOCK {owner=04b6d46a-98e2-41b1-9f38-1870289993ea, size=4194304, type=RATIS, factor=THREE} | ret=SUCCESS |  
2019-08-22 07:03:42,617 | INFO  | OMAudit | user=jenkins1000 | ip=127.0.0.1 | op=ALLOCATE_BLOCK {volume=vol-0-14906, bucket=bucket-0-53153, key=key-0-33222, dataSize=0, replicationType=null, replicationFactor=null, keyLocationInfo=null, clientID=102659352017764754} | ret=SUCCESS |  
2019-08-22 07:03:42,626 | INFO  | DNAudit | user=null | ip=null | op=WRITE_CHUNK {blockData=conID: 2 locID: 102659353648235118 bcsId: 0} | ret=SUCCESS |  
2019-08-22 07:03:42,630 | INFO  | DNAudit | user=null | ip=null | op=WRITE_CHUNK {blockData=conID: 2 locID: 102659353648235118 bcsId: 0} | ret=SUCCESS |  
2019-08-22 07:03:42,630 | INFO  | DNAudit | user=null | ip=null | op=WRITE_CHUNK {blockData=conID: 2 locID: 102659353648235118 bcsId: 0} | ret=SUCCESS |  
2019-08-22 07:03:42,631 | INFO  | DNAudit | user=null | ip=null | op=WRITE_CHUNK {blockData=conID: 2 locID: 102659353648235118 bcsId: 0} | ret=SUCCESS |  
2019-08-22 07:03:42,633 | INFO  | DNAudit | user=null | ip=null | op=WRITE_CHUNK {blockData=conID: 2 locID: 102659353648235118 bcsId: 0} | ret=SUCCESS |  
2019-08-22 07:03:42,634 | INFO  | DNAudit | user=null | ip=null | op=WRITE_CHUNK {blockData=conID: 2 locID: 102659353648235118 bcsId: 0} | ret=SUCCESS |  
2019-08-22 07:03:42,638 | INFO  | DNAudit | user=null | ip=null | op=WRITE_CHUNK {blockData=conID: 2 locID: 102659353648235118 bcsId: 0} | ret=SUCCESS |  
2019-08-22 07:03:42,639 | INFO  | DNAudit | user=null | ip=null | op=PUT_BLOCK {blockData=[blockId=conID: 2 locID: 102659353648235118 bcsId: 0,size=1048576]} | ret=SUCCESS |  
2019-08-22 07:03:42,639 [grpc-default-executor-1] INFO  client.GrpcClientProtocolClient (GrpcClientProtocolClient.java:onNext(255)) - client-CF63D631FA17->3cf1264f-5f6b-4138-aeee-2ff7d4522ead: receive RaftClientReply:client-CF63D631FA17->3cf1264f-5f6b-4138-aeee-2ff7d4522ead@group-561E16522154, cid=2774, SUCCESS, logIndex=4162, commits[3cf1264f-5f6b-4138-aeee-2ff7d4522ead:c4163, 4f0d1a15-8f14-4d9a-ad4f-8211e1245b5d:c4161, 6999f20e-c3f7-4db4-87ca-141c476f2a88:c4161]
2019-08-22 07:03:42,640 | INFO  | DNAudit | user=null | ip=null | op=WRITE_CHUNK {blockData=conID: 2 locID: 102659353648235118 bcsId: 0} | ret=SUCCESS |  
2019-08-22 07:03:42,640 | INFO  | DNAudit | user=null | ip=null | op=PUT_BLOCK {blockData=[blockId=conID: 2 locID: 102659353648235118 bcsId: 0,size=2097152]} | ret=SUCCESS |  
2019-08-22 07:03:42,640 [grpc-default-executor-3] INFO  client.GrpcClientProtocolClient (GrpcClientProtocolClient.java:onNext(255)) - client-CF63D631FA17->3cf1264f-5f6b-4138-aeee-2ff7d4522ead: receive RaftClientReply:client-CF63D631FA17->3cf1264f-5f6b-4138-aeee-2ff7d4522ead@group-561E16522154, cid=2775, SUCCESS, logIndex=4163, commits[3cf1264f-5f6b-4138-aeee-2ff7d4522ead:c4164, 4f0d1a15-8f14-4d9a-ad4f-8211e1245b5d:c4161, 6999f20e-c3f7-4db4-87ca-141c476f2a88:c4161]
2019-08-22 07:03:42,641 | INFO  | DNAudit | user=null | ip=null | op=WRITE_CHUNK {blockData=conID: 2 locID: 102659353648235118 bcsId: 0} | ret=SUCCESS |  
2019-08-22 07:03:42,641 [grpc-default-executor-3] INFO  client.GrpcClientProtocolClient (GrpcClientProtocolClient.java:onNext(255)) - client-CF63D631FA17->3cf1264f-5f6b-4138-aeee-2ff7d4522ead: receive RaftClientReply:client-CF63D631FA17->3cf1264f-5f6b-4138-aeee-2ff7d4522ead@group-561E16522154, cid=2776, SUCCESS, logIndex=4164, commits[3cf1264f-5f6b-4138-aeee-2ff7d4522ead:c4165, 4f0d1a15-8f14-4d9a-ad4f-8211e1245b5d:c4161, 6999f20e-c3f7-4db4-87ca-141c476f2a88:c4161]
2019-08-22 07:03:42,641 | INFO  | DNAudit | user=null | ip=null | op=PUT_BLOCK {blockData=[blockId=conID: 2 locID: 102659353648235118 bcsId: 0,size=1048576]} | ret=SUCCESS |  
2019-08-22 07:03:42,641 [grpc-default-executor-3] INFO  client.GrpcClientProtocolClient (GrpcClientProtocolClient.java:onNext(255)) - client-CF63D631FA17->3cf1264f-5f6b-4138-aeee-2ff7d4522ead: receive RaftClientReply:client-CF63D631FA17->3cf1264f-5f6b-4138-aeee-2ff7d4522ead@group-561E16522154, cid=2777, SUCCESS, logIndex=4165, commits[3cf1264f-5f6b-4138-aeee-2ff7d4522ead:c4165, 4f0d1a15-8f14-4d9a-ad4f-8211e1245b5d:c4161, 6999f20e-c3f7-4db4-87ca-141c476f2a88:c4161]
2019-08-22 07:03:42,642 | INFO  | DNAudit | user=null | ip=null | op=WRITE_CHUNK {blockData=conID: 2 locID: 102659353648235118 bcsId: 0} | ret=SUCCESS |  
2019-08-22 07:03:42,642 | INFO  | DNAudit | user=null | ip=null | op=PUT_BLOCK {blockData=[blockId=conID: 2 locID: 102659353648235118 bcsId: 0,size=1048576]} | ret=SUCCESS |  
2019-08-22 07:03:42,642 | INFO  | DNAudit | user=null | ip=null | op=WRITE_CHUNK {blockData=conID: 2 locID: 102659353648235118 bcsId: 0} | ret=SUCCESS |  
2019-08-22 07:03:42,643 | INFO  | DNAudit | user=null | ip=null | op=PUT_BLOCK {blockData=[blockId=conID: 2 locID: 102659353648235118 bcsId: 0,size=2097152]} | ret=SUCCESS |  
2019-08-22 07:03:42,643 [grpc-default-executor-3] INFO  client.GrpcClientProtocolClient (GrpcClientProtocolClient.java:onNext(255)) - client-CF63D631FA17->3cf1264f-5f6b-4138-aeee-2ff7d4522ead: receive RaftClientReply:client-CF63D631FA17->3cf1264f-5f6b-4138-aeee-2ff7d4522ead@group-561E16522154, cid=2778, SUCCESS, logIndex=0, commits[3cf1264f-5f6b-4138-aeee-2ff7d4522ead:c4167, 4f0d1a15-8f14-4d9a-ad4f-8211e1245b5d:c4163, 6999f20e-c3f7-4db4-87ca-141c476f2a88:c4163]
2019-08-22 07:03:42,650 | INFO  | DNAudit | user=null | ip=null | op=WRITE_CHUNK {blockData=conID: 2 locID: 102659353648235118 bcsId: 4165} | ret=SUCCESS |  
2019-08-22 07:03:42,653 | INFO  | DNAudit | user=null | ip=null | op=WRITE_CHUNK {blockData=conID: 2 locID: 102659353648235118 bcsId: 0} | ret=SUCCESS |  
2019-08-22 07:03:42,653 | INFO  | DNAudit | user=null | ip=null | op=PUT_BLOCK {blockData=[blockId=conID: 2 locID: 102659353648235118 bcsId: 0,size=2097152]} | ret=SUCCESS |  
2019-08-22 07:03:42,654 | INFO  | DNAudit | user=null | ip=null | op=WRITE_CHUNK {blockData=conID: 2 locID: 102659353648235118 bcsId: 4165} | ret=SUCCESS |  
2019-08-22 07:03:42,654 | INFO  | DNAudit | user=null | ip=null | op=WRITE_CHUNK {blockData=conID: 2 locID: 102659353648235118 bcsId: 4165} | ret=SUCCESS |  
2019-08-22 07:03:42,666 | INFO  | DNAudit | user=null | ip=null | op=WRITE_CHUNK {blockData=conID: 2 locID: 102659353648235118 bcsId: 4165} | ret=SUCCESS |  
2019-08-22 07:03:42,667 | INFO  | DNAudit | user=null | ip=null | op=PUT_BLOCK {blockData=[blockId=conID: 2 locID: 102659353648235118 bcsId: 0,size=3145728]} | ret=SUCCESS |  
2019-08-22 07:03:42,667 [grpc-default-executor-3] INFO  client.GrpcClientProtocolClient (GrpcClientProtocolClient.java:onNext(255)) - client-CF63D631FA17->3cf1264f-5f6b-4138-aeee-2ff7d4522ead: receive RaftClientReply:client-CF63D631FA17->3cf1264f-5f6b-4138-aeee-2ff7d4522ead@group-561E16522154, cid=2779, SUCCESS, logIndex=4170, commits[3cf1264f-5f6b-4138-aeee-2ff7d4522ead:c4171, 4f0d1a15-8f14-4d9a-ad4f-8211e1245b5d:c4169, 6999f20e-c3f7-4db4-87ca-141c476f2a88:c4169]
2019-08-22 07:03:42,667 [grpc-default-executor-3] INFO  client.GrpcClientProtocolClient (GrpcClientProtocolClient.java:onNext(255)) - client-CF63D631FA17->3cf1264f-5f6b-4138-aeee-2ff7d4522ead: receive RaftClientReply:client-CF63D631FA17->3cf1264f-5f6b-4138-aeee-2ff7d4522ead@group-561E16522154, cid=2780, SUCCESS, logIndex=4171, commits[3cf1264f-5f6b-4138-aeee-2ff7d4522ead:c4171, 4f0d1a15-8f14-4d9a-ad4f-8211e1245b5d:c4169, 6999f20e-c3f7-4db4-87ca-141c476f2a88:c4169]
2019-08-22 07:03:42,670 | INFO  | DNAudit | user=null | ip=null | op=WRITE_CHUNK {blockData=conID: 2 locID: 102659353648235118 bcsId: 4165} | ret=SUCCESS |  
2019-08-22 07:03:42,670 | INFO  | DNAudit | user=null | ip=null | op=WRITE_CHUNK {blockData=conID: 2 locID: 102659353648235118 bcsId: 4165} | ret=SUCCESS |  
2019-08-22 07:03:42,670 | INFO  | DNAudit | user=null | ip=null | op=PUT_BLOCK {blockData=[blockId=conID: 2 locID: 102659353648235118 bcsId: 0,size=3145728]} | ret=SUCCESS |  
2019-08-22 07:03:42,670 | INFO  | DNAudit | user=null | ip=null | op=PUT_BLOCK {blockData=[blockId=conID: 2 locID: 102659353648235118 bcsId: 0,size=3145728]} | ret=SUCCESS |  
2019-08-22 07:03:42,675 | INFO  | DNAudit | user=null | ip=null | op=WRITE_CHUNK {blockData=conID: 2 locID: 102659353648235118 bcsId: 4171} | ret=SUCCESS |  
2019-08-22 07:03:42,678 | INFO  | DNAudit | user=null | ip=null | op=WRITE_CHUNK {blockData=conID: 2 locID: 102659353648235118 bcsId: 4171} | ret=SUCCESS |  
2019-08-22 07:03:42,679 | INFO  | DNAudit | user=null | ip=null | op=WRITE_CHUNK {blockData=conID: 2 locID: 102659353648235118 bcsId: 4171} | ret=SUCCESS |  
2019-08-22 07:03:42,682 | INFO  | DNAudit | user=null | ip=null | op=WRITE_CHUNK {blockData=conID: 2 locID: 102659353648235118 bcsId: 4171} | ret=SUCCESS |  
2019-08-22 07:03:42,683 | INFO  | DNAudit | user=null | ip=null | op=PUT_BLOCK {blockData=[blockId=conID: 2 locID: 102659353648235118 bcsId: 0,size=4194304]} | ret=SUCCESS |  
2019-08-22 07:03:42,683 [grpc-default-executor-3] INFO  client.GrpcClientProtocolClient (GrpcClientProtocolClient.java:onNext(255)) - client-CF63D631FA17->3cf1264f-5f6b-4138-aeee-2ff7d4522ead: receive RaftClientReply:client-CF63D631FA17->3cf1264f-5f6b-4138-aeee-2ff7d4522ead@group-561E16522154, cid=2781, SUCCESS, logIndex=4174, commits[3cf1264f-5f6b-4138-aeee-2ff7d4522ead:c4175, 4f0d1a15-8f14-4d9a-ad4f-8211e1245b5d:c4171, 6999f20e-c3f7-4db4-87ca-141c476f2a88:c4172]
2019-08-22 07:03:42,683 [grpc-default-executor-3] INFO  client.GrpcClientProtocolClient (GrpcClientProtocolClient.java:onNext(255)) - client-CF63D631FA17->3cf1264f-5f6b-4138-aeee-2ff7d4522ead: receive RaftClientReply:client-CF63D631FA17->3cf1264f-5f6b-4138-aeee-2ff7d4522ead@group-561E16522154, cid=2782, SUCCESS, logIndex=4175, commits[3cf1264f-5f6b-4138-aeee-2ff7d4522ead:c4175, 4f0d1a15-8f14-4d9a-ad4f-8211e1245b5d:c4172, 6999f20e-c3f7-4db4-87ca-141c476f2a88:c4172]
2019-08-22 07:03:42,684 | INFO  | DNAudit | user=null | ip=null | op=WRITE_CHUNK {blockData=conID: 2 locID: 102659353648235118 bcsId: 4171} | ret=SUCCESS |  
2019-08-22 07:03:42,684 | INFO  | DNAudit | user=null | ip=null | op=WRITE_CHUNK {blockData=conID: 2 locID: 102659353648235118 bcsId: 4171} | ret=SUCCESS |  
2019-08-22 07:03:42,684 | INFO  | DNAudit | user=null | ip=null | op=PUT_BLOCK {blockData=[blockId=conID: 2 locID: 102659353648235118 bcsId: 0,size=4194304]} | ret=SUCCESS |  
2019-08-22 07:03:42,685 | INFO  | DNAudit | user=null | ip=null | op=PUT_BLOCK {blockData=[blockId=conID: 2 locID: 102659353648235118 bcsId: 0,size=4194304]} | ret=SUCCESS |  
2019-08-22 07:03:42,686 [grpc-default-executor-3] INFO  client.GrpcClientProtocolClient (GrpcClientProtocolClient.java:onNext(255)) - client-CF63D631FA17->3cf1264f-5f6b-4138-aeee-2ff7d4522ead: receive RaftClientReply:client-CF63D631FA17->3cf1264f-5f6b-4138-aeee-2ff7d4522ead@group-561E16522154, cid=2783, SUCCESS, logIndex=0, commits[3cf1264f-5f6b-4138-aeee-2ff7d4522ead:c4177, 4f0d1a15-8f14-4d9a-ad4f-8211e1245b5d:c4175, 6999f20e-c3f7-4db4-87ca-141c476f2a88:c4175]
2019-08-22 07:03:42,693 | INFO  | SCMAudit | user=jenkins1000 | ip=192.168.34.31 | op=ALLOCATE_BLOCK {owner=04b6d46a-98e2-41b1-9f38-1870289993ea, size=4194304, type=RATIS, factor=THREE} | ret=SUCCESS |  
2019-08-22 07:03:42,698 | INFO  | OMAudit | user=jenkins1000 | ip=127.0.0.1 | op=ALLOCATE_BLOCK {volume=vol-0-14906, bucket=bucket-0-53153, key=key-0-33222, dataSize=0, replicationType=null, replicationFactor=null, keyLocationInfo=null, clientID=102659352017764754} | ret=SUCCESS |  
2019-08-22 07:03:42,706 | INFO  | DNAudit | user=null | ip=null | op=WRITE_CHUNK {blockData=conID: 3 locID: 102659353653609071 bcsId: 0} | ret=SUCCESS |  
2019-08-22 07:03:42,709 | INFO  | DNAudit | user=null | ip=null | op=WRITE_CHUNK {blockData=conID: 3 locID: 102659353653609071 bcsId: 0} | ret=SUCCESS |  
2019-08-22 07:03:42,711 | INFO  | DNAudit | user=null | ip=null | op=WRITE_CHUNK {blockData=conID: 3 locID: 102659353653609071 bcsId: 0} | ret=SUCCESS |  
2019-08-22 07:03:42,711 | INFO  | DNAudit | user=null | ip=null | op=WRITE_CHUNK {blockData=conID: 3 locID: 102659353653609071 bcsId: 0} | ret=SUCCESS |  
2019-08-22 07:03:42,712 | INFO  | DNAudit | user=null | ip=null | op=WRITE_CHUNK {blockData=conID: 3 locID: 102659353653609071 bcsId: 0} | ret=SUCCESS |  
2019-08-22 07:03:42,713 | INFO  | DNAudit | user=null | ip=null | op=WRITE_CHUNK {blockData=conID: 3 locID: 102659353653609071 bcsId: 0} | ret=SUCCESS |  
2019-08-22 07:03:42,731 | INFO  | DNAudit | user=null | ip=null | op=WRITE_CHUNK {blockData=conID: 3 locID: 102659353653609071 bcsId: 0} | ret=SUCCESS |  
2019-08-22 07:03:42,732 | INFO  | DNAudit | user=null | ip=null | op=PUT_BLOCK {blockData=[blockId=conID: 3 locID: 102659353653609071 bcsId: 0,size=1048576]} | ret=SUCCESS |  
2019-08-22 07:03:42,732 [grpc-default-executor-3] INFO  client.GrpcClientProtocolClient (GrpcClientProtocolClient.java:onNext(255)) - client-CF63D631FA17->3cf1264f-5f6b-4138-aeee-2ff7d4522ead: receive RaftClientReply:client-CF63D631FA17->3cf1264f-5f6b-4138-aeee-2ff7d4522ead@group-561E16522154, cid=2784, SUCCESS, logIndex=4178, commits[3cf1264f-5f6b-4138-aeee-2ff7d4522ead:c4181, 4f0d1a15-8f14-4d9a-ad4f-8211e1245b5d:c4177, 6999f20e-c3f7-4db4-87ca-141c476f2a88:c4177]
2019-08-22 07:03:42,732 | INFO  | DNAudit | user=null | ip=null | op=WRITE_CHUNK {blockData=conID: 3 locID: 102659353653609071 bcsId: 0} | ret=SUCCESS |  
2019-08-22 07:03:42,733 [grpc-default-executor-3] INFO  client.GrpcClientProtocolClient (GrpcClientProtocolClient.java:onNext(255)) - client-CF63D631FA17->3cf1264f-5f6b-4138-aeee-2ff7d4522ead: receive RaftClientReply:client-CF63D631FA17->3cf1264f-5f6b-4138-aeee-2ff7d4522ead@group-561E16522154, cid=2785, SUCCESS, logIndex=4179, commits[3cf1264f-5f6b-4138-aeee-2ff7d4522ead:c4181, 4f0d1a15-8f14-4d9a-ad4f-8211e1245b5d:c4177, 6999f20e-c3f7-4db4-87ca-141c476f2a88:c4177]
2019-08-22 07:03:42,733 | INFO  | DNAudit | user=null | ip=null | op=PUT_BLOCK {blockData=[blockId=conID: 3 locID: 102659353653609071 bcsId: 0,size=2097152]} | ret=SUCCESS |  
2019-08-22 07:03:42,733 [grpc-default-executor-3] INFO  client.GrpcClientProtocolClient (GrpcClientProtocolClient.java:onNext(255)) - client-CF63D631FA17->3cf1264f-5f6b-4138-aeee-2ff7d4522ead: receive RaftClientReply:client-CF63D631FA17->3cf1264f-5f6b-4138-aeee-2ff7d4522ead@group-561E16522154, cid=2786, SUCCESS, logIndex=4180, commits[3cf1264f-5f6b-4138-aeee-2ff7d4522ead:c4181, 4f0d1a15-8f14-4d9a-ad4f-8211e1245b5d:c4177, 6999f20e-c3f7-4db4-87ca-141c476f2a88:c4177]
2019-08-22 07:03:42,734 [grpc-default-executor-3] INFO  client.GrpcClientProtocolClient (GrpcClientProtocolClient.java:onNext(255)) - client-CF63D631FA17->3cf1264f-5f6b-4138-aeee-2ff7d4522ead: receive RaftClientReply:client-CF63D631FA17->3cf1264f-5f6b-4138-aeee-2ff7d4522ead@group-561E16522154, cid=2787, SUCCESS, logIndex=4181, commits[3cf1264f-5f6b-4138-aeee-2ff7d4522ead:c4181, 4f0d1a15-8f14-4d9a-ad4f-8211e1245b5d:c4177, 6999f20e-c3f7-4db4-87ca-141c476f2a88:c4177]
2019-08-22 07:03:42,743 | INFO  | DNAudit | user=null | ip=null | op=WRITE_CHUNK {blockData=conID: 3 locID: 102659353653609071 bcsId: 0} | ret=SUCCESS |  
2019-08-22 07:03:42,743 | INFO  | DNAudit | user=null | ip=null | op=WRITE_CHUNK {blockData=conID: 3 locID: 102659353653609071 bcsId: 0} | ret=SUCCESS |  
2019-08-22 07:03:42,743 | INFO  | DNAudit | user=null | ip=null | op=PUT_BLOCK {blockData=[blockId=conID: 3 locID: 102659353653609071 bcsId: 0,size=1048576]} | ret=SUCCESS |  
2019-08-22 07:03:42,746 | INFO  | DNAudit | user=null | ip=null | op=WRITE_CHUNK {blockData=conID: 3 locID: 102659353653609071 bcsId: 0} | ret=SUCCESS |  
2019-08-22 07:03:42,746 | INFO  | DNAudit | user=null | ip=null | op=PUT_BLOCK {blockData=[blockId=conID: 3 locID: 102659353653609071 bcsId: 0,size=1048576]} | ret=SUCCESS |  
2019-08-22 07:03:42,746 | INFO  | DNAudit | user=null | ip=null | op=WRITE_CHUNK {blockData=conID: 3 locID: 102659353653609071 bcsId: 0} | ret=SUCCESS |  
2019-08-22 07:03:42,747 | INFO  | DNAudit | user=null | ip=null | op=PUT_BLOCK {blockData=[blockId=conID: 3 locID: 102659353653609071 bcsId: 0,size=2097152]} | ret=SUCCESS |  
2019-08-22 07:03:42,747 | INFO  | DNAudit | user=null | ip=null | op=PUT_BLOCK {blockData=[blockId=conID: 3 locID: 102659353653609071 bcsId: 0,size=2097152]} | ret=SUCCESS |  
2019-08-22 07:03:42,747 [grpc-default-executor-3] INFO  client.GrpcClientProtocolClient (GrpcClientProtocolClient.java:onNext(255)) - client-CF63D631FA17->3cf1264f-5f6b-4138-aeee-2ff7d4522ead: receive RaftClientReply:client-CF63D631FA17->3cf1264f-5f6b-4138-aeee-2ff7d4522ead@group-561E16522154, cid=2788, SUCCESS, logIndex=0, commits[3cf1264f-5f6b-4138-aeee-2ff7d4522ead:c4183, 4f0d1a15-8f14-4d9a-ad4f-8211e1245b5d:c4180, 6999f20e-c3f7-4db4-87ca-141c476f2a88:c4180]
2019-08-22 07:03:42,756 | INFO  | DNAudit | user=null | ip=null | op=WRITE_CHUNK {blockData=conID: 3 locID: 102659353653609071 bcsId: 4181} | ret=SUCCESS |  
2019-08-22 07:03:42,760 | INFO  | DNAudit | user=null | ip=null | op=WRITE_CHUNK {blockData=conID: 3 locID: 102659353653609071 bcsId: 4181} | ret=SUCCESS |  
2019-08-22 07:03:42,762 | INFO  | DNAudit | user=null | ip=null | op=WRITE_CHUNK {blockData=conID: 3 locID: 102659353653609071 bcsId: 4181} | ret=SUCCESS |  
2019-08-22 07:03:42,770 | INFO  | DNAudit | user=null | ip=null | op=WRITE_CHUNK {blockData=conID: 3 locID: 102659353653609071 bcsId: 4181} | ret=SUCCESS |  
2019-08-22 07:03:42,770 | INFO  | DNAudit | user=null | ip=null | op=PUT_BLOCK {blockData=[blockId=conID: 3 locID: 102659353653609071 bcsId: 0,size=3145728]} | ret=SUCCESS |  
2019-08-22 07:03:42,770 [grpc-default-executor-5] INFO  client.GrpcClientProtocolClient (GrpcClientProtocolClient.java:onNext(255)) - client-CF63D631FA17->3cf1264f-5f6b-4138-aeee-2ff7d4522ead: receive RaftClientReply:client-CF63D631FA17->3cf1264f-5f6b-4138-aeee-2ff7d4522ead@group-561E16522154, cid=2789, SUCCESS, logIndex=4186, commits[3cf1264f-5f6b-4138-aeee-2ff7d4522ead:c4187, 4f0d1a15-8f14-4d9a-ad4f-8211e1245b5d:c4185, 6999f20e-c3f7-4db4-87ca-141c476f2a88:c4185]
2019-08-22 07:03:42,771 [grpc-default-executor-5] INFO  client.GrpcClientProtocolClient (GrpcClientProtocolClient.java:onNext(255)) - client-CF63D631FA17->3cf1264f-5f6b-4138-aeee-2ff7d4522ead: receive RaftClientReply:client-CF63D631FA17->3cf1264f-5f6b-4138-aeee-2ff7d4522ead@group-561E16522154, cid=2790, SUCCESS, logIndex=4187, commits[3cf1264f-5f6b-4138-aeee-2ff7d4522ead:c4187, 4f0d1a15-8f14-4d9a-ad4f-8211e1245b5d:c4185, 6999f20e-c3f7-4db4-87ca-141c476f2a88:c4185]
2019-08-22 07:03:42,779 | INFO  | DNAudit | user=null | ip=null | op=WRITE_CHUNK {blockData=conID: 3 locID: 102659353653609071 bcsId: 4187} | ret=SUCCESS |  
2019-08-22 07:03:42,783 | INFO  | DNAudit | user=null | ip=null | op=WRITE_CHUNK {blockData=conID: 3 locID: 102659353653609071 bcsId: 4181} | ret=SUCCESS |  
2019-08-22 07:03:42,783 | INFO  | DNAudit | user=null | ip=null | op=WRITE_CHUNK {blockData=conID: 3 locID: 102659353653609071 bcsId: 4187} | ret=SUCCESS |  
2019-08-22 07:03:42,783 | INFO  | DNAudit | user=null | ip=null | op=WRITE_CHUNK {blockData=conID: 3 locID: 102659353653609071 bcsId: 4181} | ret=SUCCESS |  
2019-08-22 07:03:42,783 | INFO  | DNAudit | user=null | ip=null | op=PUT_BLOCK {blockData=[blockId=conID: 3 locID: 102659353653609071 bcsId: 0,size=3145728]} | ret=SUCCESS |  
2019-08-22 07:03:42,783 | INFO  | DNAudit | user=null | ip=null | op=PUT_BLOCK {blockData=[blockId=conID: 3 locID: 102659353653609071 bcsId: 0,size=3145728]} | ret=SUCCESS |  
2019-08-22 07:03:42,784 | INFO  | DNAudit | user=null | ip=null | op=WRITE_CHUNK {blockData=conID: 3 locID: 102659353653609071 bcsId: 4187} | ret=SUCCESS |  
2019-08-22 07:03:42,795 | INFO  | DNAudit | user=null | ip=null | op=WRITE_CHUNK {blockData=conID: 3 locID: 102659353653609071 bcsId: 4187} | ret=SUCCESS |  
2019-08-22 07:03:42,796 | INFO  | DNAudit | user=null | ip=null | op=PUT_BLOCK {blockData=[blockId=conID: 3 locID: 102659353653609071 bcsId: 0,size=4194304]} | ret=SUCCESS |  
2019-08-22 07:03:42,796 [grpc-default-executor-1] INFO  client.GrpcClientProtocolClient (GrpcClientProtocolClient.java:onNext(255)) - client-CF63D631FA17->3cf1264f-5f6b-4138-aeee-2ff7d4522ead: receive RaftClientReply:client-CF63D631FA17->3cf1264f-5f6b-4138-aeee-2ff7d4522ead@group-561E16522154, cid=2791, SUCCESS, logIndex=4190, commits[3cf1264f-5f6b-4138-aeee-2ff7d4522ead:c4191, 4f0d1a15-8f14-4d9a-ad4f-8211e1245b5d:c4187, 6999f20e-c3f7-4db4-87ca-141c476f2a88:c4187]
2019-08-22 07:03:42,796 [grpc-default-executor-1] INFO  client.GrpcClientProtocolClient (GrpcClientProtocolClient.java:onNext(255)) - client-CF63D631FA17->3cf1264f-5f6b-4138-aeee-2ff7d4522ead: receive RaftClientReply:client-CF63D631FA17->3cf1264f-5f6b-4138-aeee-2ff7d4522ead@group-561E16522154, cid=2792, SUCCESS, logIndex=4191, commits[3cf1264f-5f6b-4138-aeee-2ff7d4522ead:c4191, 4f0d1a15-8f14-4d9a-ad4f-8211e1245b5d:c4187, 6999f20e-c3f7-4db4-87ca-141c476f2a88:c4187]
2019-08-22 07:03:42,806 | INFO  | DNAudit | user=null | ip=null | op=WRITE_CHUNK {blockData=conID: 3 locID: 102659353653609071 bcsId: 4187} | ret=SUCCESS |  
2019-08-22 07:03:42,807 | INFO  | DNAudit | user=null | ip=null | op=WRITE_CHUNK {blockData=conID: 3 locID: 102659353653609071 bcsId: 4187} | ret=SUCCESS |  
2019-08-22 07:03:42,807 | INFO  | DNAudit | user=null | ip=null | op=PUT_BLOCK {blockData=[blockId=conID: 3 locID: 102659353653609071 bcsId: 0,size=4194304]} | ret=SUCCESS |  
2019-08-22 07:03:42,808 | INFO  | DNAudit | user=null | ip=null | op=PUT_BLOCK {blockData=[blockId=conID: 3 locID: 102659353653609071 bcsId: 0,size=4194304]} | ret=SUCCESS |  
2019-08-22 07:03:42,809 [grpc-default-executor-1] INFO  client.GrpcClientProtocolClient (GrpcClientProtocolClient.java:onNext(255)) - client-CF63D631FA17->3cf1264f-5f6b-4138-aeee-2ff7d4522ead: receive RaftClientReply:client-CF63D631FA17->3cf1264f-5f6b-4138-aeee-2ff7d4522ead@group-561E16522154, cid=2793, SUCCESS, logIndex=0, commits[3cf1264f-5f6b-4138-aeee-2ff7d4522ead:c4193, 4f0d1a15-8f14-4d9a-ad4f-8211e1245b5d:c4191, 6999f20e-c3f7-4db4-87ca-141c476f2a88:c4191]
2019-08-22 07:03:42,815 | INFO  | SCMAudit | user=jenkins1000 | ip=192.168.34.31 | op=ALLOCATE_BLOCK {owner=04b6d46a-98e2-41b1-9f38-1870289993ea, size=4194304, type=RATIS, factor=THREE} | ret=SUCCESS |  
2019-08-22 07:03:42,819 | INFO  | OMAudit | user=jenkins1000 | ip=127.0.0.1 | op=ALLOCATE_BLOCK {volume=vol-0-14906, bucket=bucket-0-53153, key=key-0-33222, dataSize=0, replicationType=null, replicationFactor=null, keyLocationInfo=null, clientID=102659352017764754} | ret=SUCCESS |  
2019-08-22 07:03:42,829 | INFO  | DNAudit | user=null | ip=null | op=WRITE_CHUNK {blockData=conID: 1 locID: 102659353661604464 bcsId: 0} | ret=SUCCESS |  
2019-08-22 07:03:42,834 | INFO  | DNAudit | user=null | ip=null | op=WRITE_CHUNK {blockData=conID: 1 locID: 102659353661604464 bcsId: 0} | ret=SUCCESS |  
2019-08-22 07:03:42,834 | INFO  | DNAudit | user=null | ip=null | op=WRITE_CHUNK {blockData=conID: 1 locID: 102659353661604464 bcsId: 0} | ret=SUCCESS |  
2019-08-22 07:03:42,834 | INFO  | DNAudit | user=null | ip=null | op=WRITE_CHUNK {blockData=conID: 1 locID: 102659353661604464 bcsId: 0} | ret=SUCCESS |  
2019-08-22 07:03:42,838 | INFO  | DNAudit | user=null | ip=null | op=WRITE_CHUNK {blockData=conID: 1 locID: 102659353661604464 bcsId: 0} | ret=SUCCESS |  
2019-08-22 07:03:42,839 | INFO  | DNAudit | user=null | ip=null | op=WRITE_CHUNK {blockData=conID: 1 locID: 102659353661604464 bcsId: 0} | ret=SUCCESS |  
2019-08-22 07:03:42,842 | INFO  | DNAudit | user=null | ip=null | op=WRITE_CHUNK {blockData=conID: 1 locID: 102659353661604464 bcsId: 0} | ret=SUCCESS |  
2019-08-22 07:03:42,843 | INFO  | DNAudit | user=null | ip=null | op=PUT_BLOCK {blockData=[blockId=conID: 1 locID: 102659353661604464 bcsId: 0,size=1048576]} | ret=SUCCESS |  
2019-08-22 07:03:42,843 [grpc-default-executor-3] INFO  client.GrpcClientProtocolClient (GrpcClientProtocolClient.java:onNext(255)) - client-CF63D631FA17->3cf1264f-5f6b-4138-aeee-2ff7d4522ead: receive RaftClientReply:client-CF63D631FA17->3cf1264f-5f6b-4138-aeee-2ff7d4522ead@group-561E16522154, cid=2794, SUCCESS, logIndex=4194, commits[3cf1264f-5f6b-4138-aeee-2ff7d4522ead:c4195, 4f0d1a15-8f14-4d9a-ad4f-8211e1245b5d:c4193, 6999f20e-c3f7-4db4-87ca-141c476f2a88:c4193]
2019-08-22 07:03:42,843 | INFO  | DNAudit | user=null | ip=null | op=WRITE_CHUNK {blockData=conID: 1 locID: 102659353661604464 bcsId: 0} | ret=SUCCESS |  
2019-08-22 07:03:42,844 [grpc-default-executor-3] INFO  client.GrpcClientProtocolClient (GrpcClientProtocolClient.java:onNext(255)) - client-CF63D631FA17->3cf1264f-5f6b-4138-aeee-2ff7d4522ead: receive RaftClientReply:client-CF63D631FA17->3cf1264f-5f6b-4138-aeee-2ff7d4522ead@group-561E16522154, cid=2795, SUCCESS, logIndex=4195, commits[3cf1264f-5f6b-4138-aeee-2ff7d4522ead:c4197, 4f0d1a15-8f14-4d9a-ad4f-8211e1245b5d:c4193, 6999f20e-c3f7-4db4-87ca-141c476f2a88:c4193]
2019-08-22 07:03:42,844 | INFO  | DNAudit | user=null | ip=null | op=PUT_BLOCK {blockData=[blockId=conID: 1 locID: 102659353661604464 bcsId: 0,size=2097152]} | ret=SUCCESS |  
2019-08-22 07:03:42,844 [grpc-default-executor-3] INFO  client.GrpcClientProtocolClient (GrpcClientProtocolClient.java:onNext(255)) - client-CF63D631FA17->3cf1264f-5f6b-4138-aeee-2ff7d4522ead: receive RaftClientReply:client-CF63D631FA17->3cf1264f-5f6b-4138-aeee-2ff7d4522ead@group-561E16522154, cid=2796, SUCCESS, logIndex=4196, commits[3cf1264f-5f6b-4138-aeee-2ff7d4522ead:c4197, 4f0d1a15-8f14-4d9a-ad4f-8211e1245b5d:c4193, 6999f20e-c3f7-4db4-87ca-141c476f2a88:c4193]
2019-08-22 07:03:42,844 | INFO  | DNAudit | user=null | ip=null | op=WRITE_CHUNK {blockData=conID: 1 locID: 102659353661604464 bcsId: 0} | ret=SUCCESS |  
2019-08-22 07:03:42,845 | INFO  | DNAudit | user=null | ip=null | op=PUT_BLOCK {blockData=[blockId=conID: 1 locID: 102659353661604464 bcsId: 0,size=1048576]} | ret=SUCCESS |  
2019-08-22 07:03:42,845 [grpc-default-executor-3] INFO  client.GrpcClientProtocolClient (GrpcClientProtocolClient.java:onNext(255)) - client-CF63D631FA17->3cf1264f-5f6b-4138-aeee-2ff7d4522ead: receive RaftClientReply:client-CF63D631FA17->3cf1264f-5f6b-4138-aeee-2ff7d4522ead@group-561E16522154, cid=2797, SUCCESS, logIndex=4197, commits[3cf1264f-5f6b-4138-aeee-2ff7d4522ead:c4197, 4f0d1a15-8f14-4d9a-ad4f-8211e1245b5d:c4193, 6999f20e-c3f7-4db4-87ca-141c476f2a88:c4193]
2019-08-22 07:03:42,856 | INFO  | DNAudit | user=null | ip=null | op=WRITE_CHUNK {blockData=conID: 1 locID: 102659353661604464 bcsId: 0} | ret=SUCCESS |  
2019-08-22 07:03:42,856 | INFO  | DNAudit | user=null | ip=null | op=PUT_BLOCK {blockData=[blockId=conID: 1 locID: 102659353661604464 bcsId: 0,size=1048576]} | ret=SUCCESS |  
2019-08-22 07:03:42,856 | INFO  | DNAudit | user=null | ip=null | op=WRITE_CHUNK {blockData=conID: 1 locID: 102659353661604464 bcsId: 0} | ret=SUCCESS |  
2019-08-22 07:03:42,856 | INFO  | DNAudit | user=null | ip=null | op=WRITE_CHUNK {blockData=conID: 1 locID: 102659353661604464 bcsId: 0} | ret=SUCCESS |  
2019-08-22 07:03:42,857 | INFO  | DNAudit | user=null | ip=null | op=PUT_BLOCK {blockData=[blockId=conID: 1 locID: 102659353661604464 bcsId: 0,size=2097152]} | ret=SUCCESS |  
2019-08-22 07:03:42,857 | INFO  | DNAudit | user=null | ip=null | op=PUT_BLOCK {blockData=[blockId=conID: 1 locID: 102659353661604464 bcsId: 0,size=2097152]} | ret=SUCCESS |  
2019-08-22 07:03:42,857 [grpc-default-executor-5] INFO  client.GrpcClientProtocolClient (GrpcClientProtocolClient.java:onNext(255)) - client-CF63D631FA17->3cf1264f-5f6b-4138-aeee-2ff7d4522ead: receive RaftClientReply:client-CF63D631FA17->3cf1264f-5f6b-4138-aeee-2ff7d4522ead@group-561E16522154, cid=2798, SUCCESS, logIndex=0, commits[3cf1264f-5f6b-4138-aeee-2ff7d4522ead:c4198, 4f0d1a15-8f14-4d9a-ad4f-8211e1245b5d:c4195, 6999f20e-c3f7-4db4-87ca-141c476f2a88:c4195]
2019-08-22 07:03:42,866 | INFO  | DNAudit | user=null | ip=null | op=WRITE_CHUNK {blockData=conID: 1 locID: 102659353661604464 bcsId: 4197} | ret=SUCCESS |  
2019-08-22 07:03:42,869 | INFO  | DNAudit | user=null | ip=null | op=WRITE_CHUNK {blockData=conID: 1 locID: 102659353661604464 bcsId: 4197} | ret=SUCCESS |  
2019-08-22 07:03:42,870 | INFO  | DNAudit | user=null | ip=null | op=WRITE_CHUNK {blockData=conID: 1 locID: 102659353661604464 bcsId: 4197} | ret=SUCCESS |  
2019-08-22 07:03:42,880 | INFO  | DNAudit | user=null | ip=null | op=WRITE_CHUNK {blockData=conID: 1 locID: 102659353661604464 bcsId: 4197} | ret=SUCCESS |  
2019-08-22 07:03:42,881 | INFO  | DNAudit | user=null | ip=null | op=PUT_BLOCK {blockData=[blockId=conID: 1 locID: 102659353661604464 bcsId: 0,size=3145728]} | ret=SUCCESS |  
2019-08-22 07:03:42,881 [grpc-default-executor-5] INFO  client.GrpcClientProtocolClient (GrpcClientProtocolClient.java:onNext(255)) - client-CF63D631FA17->3cf1264f-5f6b-4138-aeee-2ff7d4522ead: receive RaftClientReply:client-CF63D631FA17->3cf1264f-5f6b-4138-aeee-2ff7d4522ead@group-561E16522154, cid=2799, SUCCESS, logIndex=4202, commits[3cf1264f-5f6b-4138-aeee-2ff7d4522ead:c4203, 4f0d1a15-8f14-4d9a-ad4f-8211e1245b5d:c4201, 6999f20e-c3f7-4db4-87ca-141c476f2a88:c4201]
2019-08-22 07:03:42,881 [grpc-default-executor-5] INFO  client.GrpcClientProtocolClient (GrpcClientProtocolClient.java:onNext(255)) - client-CF63D631FA17->3cf1264f-5f6b-4138-aeee-2ff7d4522ead: receive RaftClientReply:client-CF63D631FA17->3cf1264f-5f6b-4138-aeee-2ff7d4522ead@group-561E16522154, cid=2800, SUCCESS, logIndex=4203, commits[3cf1264f-5f6b-4138-aeee-2ff7d4522ead:c4203, 4f0d1a15-8f14-4d9a-ad4f-8211e1245b5d:c4201, 6999f20e-c3f7-4db4-87ca-141c476f2a88:c4201]
2019-08-22 07:03:42,890 | INFO  | DNAudit | user=null | ip=null | op=WRITE_CHUNK {blockData=conID: 1 locID: 102659353661604464 bcsId: 4203} | ret=SUCCESS |  
2019-08-22 07:03:42,892 | INFO  | DNAudit | user=null | ip=null | op=WRITE_CHUNK {blockData=conID: 1 locID: 102659353661604464 bcsId: 4197} | ret=SUCCESS |  
2019-08-22 07:03:42,892 | INFO  | DNAudit | user=null | ip=null | op=WRITE_CHUNK {blockData=conID: 1 locID: 102659353661604464 bcsId: 4197} | ret=SUCCESS |  
2019-08-22 07:03:42,893 | INFO  | DNAudit | user=null | ip=null | op=PUT_BLOCK {blockData=[blockId=conID: 1 locID: 102659353661604464 bcsId: 0,size=3145728]} | ret=SUCCESS |  
2019-08-22 07:03:42,894 | INFO  | DNAudit | user=null | ip=null | op=WRITE_CHUNK {blockData=conID: 1 locID: 102659353661604464 bcsId: 4203} | ret=SUCCESS |  
2019-08-22 07:03:42,895 | INFO  | DNAudit | user=null | ip=null | op=WRITE_CHUNK {blockData=conID: 1 locID: 102659353661604464 bcsId: 4203} | ret=SUCCESS |  
2019-08-22 07:03:42,902 | INFO  | SCMAudit | user=jenkins1000 | ip=192.168.34.31 | op=SEND_HEARTBEAT {datanodeUUID=6ab6b5dd-7582-43bd-ad39-1af51ca14a47, command=[]} | ret=SUCCESS |  
2019-08-22 07:03:42,902 | INFO  | SCMAudit | user=jenkins1000 | ip=192.168.34.31 | op=SEND_HEARTBEAT {datanodeUUID=f789f48f-f3d7-45ec-9bba-6a89e2bdcc9c, command=[]} | ret=SUCCESS |  
2019-08-22 07:03:42,906 | INFO  | DNAudit | user=null | ip=null | op=PUT_BLOCK {blockData=[blockId=conID: 1 locID: 102659353661604464 bcsId: 0,size=3145728]} | ret=SUCCESS |  
2019-08-22 07:03:42,906 | INFO  | DNAudit | user=null | ip=null | op=WRITE_CHUNK {blockData=conID: 1 locID: 102659353661604464 bcsId: 4203} | ret=SUCCESS |  
 0.00% |█                                                                                                    |  0/1 Time: 0:00:252019-08-22 07:03:42,907 | INFO  | DNAudit | user=null | ip=null | op=PUT_BLOCK {blockData=[blockId=conID: 1 locID: 102659353661604464 bcsId: 0,size=4194304]} | ret=SUCCESS |  
2019-08-22 07:03:42,907 [grpc-default-executor-1] INFO  client.GrpcClientProtocolClient (GrpcClientProtocolClient.java:onNext(255)) - client-CF63D631FA17->3cf1264f-5f6b-4138-aeee-2ff7d4522ead: receive RaftClientReply:client-CF63D631FA17->3cf1264f-5f6b-4138-aeee-2ff7d4522ead@group-561E16522154, cid=2801, SUCCESS, logIndex=4206, commits[3cf1264f-5f6b-4138-aeee-2ff7d4522ead:c4207, 4f0d1a15-8f14-4d9a-ad4f-8211e1245b5d:c4203, 6999f20e-c3f7-4db4-87ca-141c476f2a88:c4203]
2019-08-22 07:03:42,907 [grpc-default-executor-1] INFO  client.GrpcClientProtocolClient (GrpcClientProtocolClient.java:onNext(255)) - client-CF63D631FA17->3cf1264f-5f6b-4138-aeee-2ff7d4522ead: receive RaftClientReply:client-CF63D631FA17->3cf1264f-5f6b-4138-aeee-2ff7d4522ead@group-561E16522154, cid=2802, SUCCESS, logIndex=4207, commits[3cf1264f-5f6b-4138-aeee-2ff7d4522ead:c4207, 4f0d1a15-8f14-4d9a-ad4f-8211e1245b5d:c4203, 6999f20e-c3f7-4db4-87ca-141c476f2a88:c4203]
2019-08-22 07:03:42,908 | INFO  | DNAudit | user=null | ip=null | op=WRITE_CHUNK {blockData=conID: 1 locID: 102659353661604464 bcsId: 4203} | ret=SUCCESS |  
2019-08-22 07:03:42,908 | INFO  | DNAudit | user=null | ip=null | op=WRITE_CHUNK {blockData=conID: 1 locID: 102659353661604464 bcsId: 4203} | ret=SUCCESS |  
2019-08-22 07:03:42,911 | INFO  | DNAudit | user=null | ip=null | op=PUT_BLOCK {blockData=[blockId=conID: 1 locID: 102659353661604464 bcsId: 0,size=4194304]} | ret=SUCCESS |  
2019-08-22 07:03:42,911 | INFO  | DNAudit | user=null | ip=null | op=PUT_BLOCK {blockData=[blockId=conID: 1 locID: 102659353661604464 bcsId: 0,size=4194304]} | ret=SUCCESS |  
2019-08-22 07:03:42,912 [grpc-default-executor-3] INFO  client.GrpcClientProtocolClient (GrpcClientProtocolClient.java:onNext(255)) - client-CF63D631FA17->3cf1264f-5f6b-4138-aeee-2ff7d4522ead: receive RaftClientReply:client-CF63D631FA17->3cf1264f-5f6b-4138-aeee-2ff7d4522ead@group-561E16522154, cid=2803, SUCCESS, logIndex=0, commits[3cf1264f-5f6b-4138-aeee-2ff7d4522ead:c4209, 4f0d1a15-8f14-4d9a-ad4f-8211e1245b5d:c4207, 6999f20e-c3f7-4db4-87ca-141c476f2a88:c4207]
2019-08-22 07:03:42,920 | INFO  | SCMAudit | user=jenkins1000 | ip=192.168.34.31 | op=ALLOCATE_BLOCK {owner=04b6d46a-98e2-41b1-9f38-1870289993ea, size=4194304, type=RATIS, factor=THREE} | ret=SUCCESS |  
2019-08-22 07:03:42,924 | INFO  | OMAudit | user=jenkins1000 | ip=127.0.0.1 | op=ALLOCATE_BLOCK {volume=vol-0-14906, bucket=bucket-0-53153, key=key-0-33222, dataSize=0, replicationType=null, replicationFactor=null, keyLocationInfo=null, clientID=102659352017764754} | ret=SUCCESS |  
2019-08-22 07:03:42,925 | INFO  | SCMAudit | user=jenkins1000 | ip=192.168.34.31 | op=SEND_HEARTBEAT {datanodeUUID=6999f20e-c3f7-4db4-87ca-141c476f2a88, command=[]} | ret=SUCCESS |  
2019-08-22 07:03:42,925 | INFO  | SCMAudit | user=jenkins1000 | ip=192.168.34.31 | op=SEND_HEARTBEAT {datanodeUUID=3cf1264f-5f6b-4138-aeee-2ff7d4522ead, command=[]} | ret=SUCCESS |  
2019-08-22 07:03:42,934 | INFO  | DNAudit | user=null | ip=null | op=WRITE_CHUNK {blockData=conID: 2 locID: 102659353668420209 bcsId: 0} | ret=SUCCESS |  
2019-08-22 07:03:42,939 | INFO  | DNAudit | user=null | ip=null | op=WRITE_CHUNK {blockData=conID: 2 locID: 102659353668420209 bcsId: 0} | ret=SUCCESS |  
2019-08-22 07:03:42,939 | INFO  | DNAudit | user=null | ip=null | op=WRITE_CHUNK {blockData=conID: 2 locID: 102659353668420209 bcsId: 0} | ret=SUCCESS |  
2019-08-22 07:03:42,939 | INFO  | DNAudit | user=null | ip=null | op=WRITE_CHUNK {blockData=conID: 2 locID: 102659353668420209 bcsId: 0} | ret=SUCCESS |  
2019-08-22 07:03:42,942 | INFO  | DNAudit | user=null | ip=null | op=WRITE_CHUNK {blockData=conID: 2 locID: 102659353668420209 bcsId: 0} | ret=SUCCESS |  
2019-08-22 07:03:42,942 | INFO  | DNAudit | user=null | ip=null | op=PUT_BLOCK {blockData=[blockId=conID: 2 locID: 102659353668420209 bcsId: 0,size=1048576]} | ret=SUCCESS |  
2019-08-22 07:03:42,943 | INFO  | DNAudit | user=null | ip=null | op=WRITE_CHUNK {blockData=conID: 2 locID: 102659353668420209 bcsId: 0} | ret=SUCCESS |  
2019-08-22 07:03:42,944 | INFO  | DNAudit | user=null | ip=null | op=WRITE_CHUNK {blockData=conID: 2 locID: 102659353668420209 bcsId: 0} | ret=SUCCESS |  
2019-08-22 07:03:42,945 | INFO  | DNAudit | user=null | ip=null | op=WRITE_CHUNK {blockData=conID: 2 locID: 102659353668420209 bcsId: 0} | ret=SUCCESS |  
2019-08-22 07:03:42,946 | INFO  | DNAudit | user=null | ip=null | op=PUT_BLOCK {blockData=[blockId=conID: 2 locID: 102659353668420209 bcsId: 0,size=1048576]} | ret=SUCCESS |  
2019-08-22 07:03:42,946 | INFO  | DNAudit | user=null | ip=null | op=WRITE_CHUNK {blockData=conID: 2 locID: 102659353668420209 bcsId: 0} | ret=SUCCESS |  
2019-08-22 07:03:42,946 | INFO  | DNAudit | user=null | ip=null | op=PUT_BLOCK {blockData=[blockId=conID: 2 locID: 102659353668420209 bcsId: 0,size=1048576]} | ret=SUCCESS |  
2019-08-22 07:03:42,947 | INFO  | DNAudit | user=null | ip=null | op=WRITE_CHUNK {blockData=conID: 2 locID: 102659353668420209 bcsId: 0} | ret=SUCCESS |  
2019-08-22 07:03:42,947 | INFO  | DNAudit | user=null | ip=null | op=PUT_BLOCK {blockData=[blockId=conID: 2 locID: 102659353668420209 bcsId: 0,size=2097152]} | ret=SUCCESS |  
2019-08-22 07:03:42,948 [grpc-default-executor-5] INFO  client.GrpcClientProtocolClient (GrpcClientProtocolClient.java:onNext(255)) - client-CF63D631FA17->3cf1264f-5f6b-4138-aeee-2ff7d4522ead: receive RaftClientReply:client-CF63D631FA17->3cf1264f-5f6b-4138-aeee-2ff7d4522ead@group-561E16522154, cid=2804, SUCCESS, logIndex=4210, commits[3cf1264f-5f6b-4138-aeee-2ff7d4522ead:c4211, 4f0d1a15-8f14-4d9a-ad4f-8211e1245b5d:c4209, 6999f20e-c3f7-4db4-87ca-141c476f2a88:c4209]
2019-08-22 07:03:42,949 [grpc-default-executor-5] INFO  client.GrpcClientProtocolClient (GrpcClientProtocolClient.java:onNext(255)) - client-CF63D631FA17->3cf1264f-5f6b-4138-aeee-2ff7d4522ead: receive RaftClientReply:client-CF63D631FA17->3cf1264f-5f6b-4138-aeee-2ff7d4522ead@group-561E16522154, cid=2805, SUCCESS, logIndex=4211, commits[3cf1264f-5f6b-4138-aeee-2ff7d4522ead:c4211, 4f0d1a15-8f14-4d9a-ad4f-8211e1245b5d:c4209, 6999f20e-c3f7-4db4-87ca-141c476f2a88:c4209]
2019-08-22 07:03:42,949 [grpc-default-executor-5] INFO  client.GrpcClientProtocolClient (GrpcClientProtocolClient.java:onNext(255)) - client-CF63D631FA17->3cf1264f-5f6b-4138-aeee-2ff7d4522ead: receive RaftClientReply:client-CF63D631FA17->3cf1264f-5f6b-4138-aeee-2ff7d4522ead@group-561E16522154, cid=2806, SUCCESS, logIndex=4212, commits[3cf1264f-5f6b-4138-aeee-2ff7d4522ead:c4215, 4f0d1a15-8f14-4d9a-ad4f-8211e1245b5d:c4211, 6999f20e-c3f7-4db4-87ca-141c476f2a88:c4211]
2019-08-22 07:03:42,950 [grpc-default-executor-5] INFO  client.GrpcClientProtocolClient (GrpcClientProtocolClient.java:onNext(255)) - client-CF63D631FA17->3cf1264f-5f6b-4138-aeee-2ff7d4522ead: receive RaftClientReply:client-CF63D631FA17->3cf1264f-5f6b-4138-aeee-2ff7d4522ead@group-561E16522154, cid=2807, SUCCESS, logIndex=4213, commits[3cf1264f-5f6b-4138-aeee-2ff7d4522ead:c4215, 4f0d1a15-8f14-4d9a-ad4f-8211e1245b5d:c4211, 6999f20e-c3f7-4db4-87ca-141c476f2a88:c4211]
2019-08-22 07:03:42,958 | INFO  | DNAudit | user=null | ip=null | op=WRITE_CHUNK {blockData=conID: 2 locID: 102659353668420209 bcsId: 4213} | ret=SUCCESS |  
2019-08-22 07:03:42,960 | INFO  | DNAudit | user=null | ip=null | op=WRITE_CHUNK {blockData=conID: 2 locID: 102659353668420209 bcsId: 4213} | ret=SUCCESS |  
2019-08-22 07:03:42,960 | INFO  | DNAudit | user=null | ip=null | op=WRITE_CHUNK {blockData=conID: 2 locID: 102659353668420209 bcsId: 4213} | ret=SUCCESS |  
2019-08-22 07:03:42,976 | INFO  | DNAudit | user=null | ip=null | op=WRITE_CHUNK {blockData=conID: 2 locID: 102659353668420209 bcsId: 0} | ret=SUCCESS |  
2019-08-22 07:03:42,976 | INFO  | DNAudit | user=null | ip=null | op=WRITE_CHUNK {blockData=conID: 2 locID: 102659353668420209 bcsId: 0} | ret=SUCCESS |  
2019-08-22 07:03:42,976 | INFO  | DNAudit | user=null | ip=null | op=WRITE_CHUNK {blockData=conID: 2 locID: 102659353668420209 bcsId: 4213} | ret=SUCCESS |  
2019-08-22 07:03:42,976 | INFO  | DNAudit | user=null | ip=null | op=PUT_BLOCK {blockData=[blockId=conID: 2 locID: 102659353668420209 bcsId: 0,size=2097152]} | ret=SUCCESS |  
2019-08-22 07:03:42,977 | INFO  | DNAudit | user=null | ip=null | op=PUT_BLOCK {blockData=[blockId=conID: 2 locID: 102659353668420209 bcsId: 0,size=2097152]} | ret=SUCCESS |  
2019-08-22 07:03:42,977 | INFO  | DNAudit | user=null | ip=null | op=PUT_BLOCK {blockData=[blockId=conID: 2 locID: 102659353668420209 bcsId: 0,size=3145728]} | ret=SUCCESS |  
2019-08-22 07:03:42,977 [grpc-default-executor-3] INFO  client.GrpcClientProtocolClient (GrpcClientProtocolClient.java:onNext(255)) - client-CF63D631FA17->3cf1264f-5f6b-4138-aeee-2ff7d4522ead: receive RaftClientReply:client-CF63D631FA17->3cf1264f-5f6b-4138-aeee-2ff7d4522ead@group-561E16522154, cid=2808, SUCCESS, logIndex=4216, commits[3cf1264f-5f6b-4138-aeee-2ff7d4522ead:c4217, 4f0d1a15-8f14-4d9a-ad4f-8211e1245b5d:c4215, 6999f20e-c3f7-4db4-87ca-141c476f2a88:c4215]
2019-08-22 07:03:42,977 [grpc-default-executor-3] INFO  client.GrpcClientProtocolClient (GrpcClientProtocolClient.java:onNext(255)) - client-CF63D631FA17->3cf1264f-5f6b-4138-aeee-2ff7d4522ead: receive RaftClientReply:client-CF63D631FA17->3cf1264f-5f6b-4138-aeee-2ff7d4522ead@group-561E16522154, cid=2809, SUCCESS, logIndex=4217, commits[3cf1264f-5f6b-4138-aeee-2ff7d4522ead:c4217, 4f0d1a15-8f14-4d9a-ad4f-8211e1245b5d:c4215, 6999f20e-c3f7-4db4-87ca-141c476f2a88:c4215]
2019-08-22 07:03:42,985 | INFO  | DNAudit | user=null | ip=null | op=WRITE_CHUNK {blockData=conID: 2 locID: 102659353668420209 bcsId: 4217} | ret=SUCCESS |  
2019-08-22 07:03:42,988 | INFO  | DNAudit | user=null | ip=null | op=WRITE_CHUNK {blockData=conID: 2 locID: 102659353668420209 bcsId: 4217} | ret=SUCCESS |  
2019-08-22 07:03:42,988 | INFO  | DNAudit | user=null | ip=null | op=WRITE_CHUNK {blockData=conID: 2 locID: 102659353668420209 bcsId: 4217} | ret=SUCCESS |  
2019-08-22 07:03:42,988 | INFO  | DNAudit | user=null | ip=null | op=WRITE_CHUNK {blockData=conID: 2 locID: 102659353668420209 bcsId: 4213} | ret=SUCCESS |  
2019-08-22 07:03:42,988 | INFO  | DNAudit | user=null | ip=null | op=WRITE_CHUNK {blockData=conID: 2 locID: 102659353668420209 bcsId: 4213} | ret=SUCCESS |  
2019-08-22 07:03:42,989 | INFO  | DNAudit | user=null | ip=null | op=PUT_BLOCK {blockData=[blockId=conID: 2 locID: 102659353668420209 bcsId: 0,size=3145728]} | ret=SUCCESS |  
2019-08-22 07:03:42,989 | INFO  | DNAudit | user=null | ip=null | op=PUT_BLOCK {blockData=[blockId=conID: 2 locID: 102659353668420209 bcsId: 0,size=3145728]} | ret=SUCCESS |  
2019-08-22 07:03:42,991 | INFO  | DNAudit | user=null | ip=null | op=WRITE_CHUNK {blockData=conID: 2 locID: 102659353668420209 bcsId: 4217} | ret=SUCCESS |  
2019-08-22 07:03:42,992 | INFO  | DNAudit | user=null | ip=null | op=PUT_BLOCK {blockData=[blockId=conID: 2 locID: 102659353668420209 bcsId: 0,size=4194304]} | ret=SUCCESS |  
2019-08-22 07:03:42,992 [grpc-default-executor-5] INFO  client.GrpcClientProtocolClient (GrpcClientProtocolClient.java:onNext(255)) - client-CF63D631FA17->3cf1264f-5f6b-4138-aeee-2ff7d4522ead: receive RaftClientReply:client-CF63D631FA17->3cf1264f-5f6b-4138-aeee-2ff7d4522ead@group-561E16522154, cid=2810, SUCCESS, logIndex=4220, commits[3cf1264f-5f6b-4138-aeee-2ff7d4522ead:c4220, 4f0d1a15-8f14-4d9a-ad4f-8211e1245b5d:c4217, 6999f20e-c3f7-4db4-87ca-141c476f2a88:c4217]
2019-08-22 07:03:42,992 [grpc-default-executor-5] INFO  client.GrpcClientProtocolClient (GrpcClientProtocolClient.java:onNext(255)) - client-CF63D631FA17->3cf1264f-5f6b-4138-aeee-2ff7d4522ead: receive RaftClientReply:client-CF63D631FA17->3cf1264f-5f6b-4138-aeee-2ff7d4522ead@group-561E16522154, cid=2811, SUCCESS, logIndex=4221, commits[3cf1264f-5f6b-4138-aeee-2ff7d4522ead:c4221, 4f0d1a15-8f14-4d9a-ad4f-8211e1245b5d:c4217, 6999f20e-c3f7-4db4-87ca-141c476f2a88:c4217]
2019-08-22 07:03:43,006 | INFO  | DNAudit | user=null | ip=null | op=WRITE_CHUNK {blockData=conID: 2 locID: 102659353668420209 bcsId: 4217} | ret=SUCCESS |  
2019-08-22 07:03:43,006 | INFO  | DNAudit | user=null | ip=null | op=WRITE_CHUNK {blockData=conID: 2 locID: 102659353668420209 bcsId: 4217} | ret=SUCCESS |  
2019-08-22 07:03:43,028 | INFO  | DNAudit | user=null | ip=null | op=PUT_BLOCK {blockData=[blockId=conID: 2 locID: 102659353668420209 bcsId: 0,size=4194304]} | ret=SUCCESS |  
2019-08-22 07:03:43,029 | INFO  | DNAudit | user=null | ip=null | op=PUT_BLOCK {blockData=[blockId=conID: 2 locID: 102659353668420209 bcsId: 0,size=4194304]} | ret=SUCCESS |  
2019-08-22 07:03:43,030 [grpc-default-executor-1] INFO  client.GrpcClientProtocolClient (GrpcClientProtocolClient.java:onNext(255)) - client-CF63D631FA17->3cf1264f-5f6b-4138-aeee-2ff7d4522ead: receive RaftClientReply:client-CF63D631FA17->3cf1264f-5f6b-4138-aeee-2ff7d4522ead@group-561E16522154, cid=2812, SUCCESS, logIndex=0, commits[3cf1264f-5f6b-4138-aeee-2ff7d4522ead:c4223, 4f0d1a15-8f14-4d9a-ad4f-8211e1245b5d:c4221, 6999f20e-c3f7-4db4-87ca-141c476f2a88:c4221]
2019-08-22 07:03:43,035 | INFO  | SCMAudit | user=jenkins1000 | ip=192.168.34.31 | op=ALLOCATE_BLOCK {owner=04b6d46a-98e2-41b1-9f38-1870289993ea, size=4194304, type=RATIS, factor=THREE} | ret=SUCCESS |  
2019-08-22 07:03:43,038 | INFO  | OMAudit | user=jenkins1000 | ip=127.0.0.1 | op=ALLOCATE_BLOCK {volume=vol-0-14906, bucket=bucket-0-53153, key=key-0-33222, dataSize=0, replicationType=null, replicationFactor=null, keyLocationInfo=null, clientID=102659352017764754} | ret=SUCCESS |  
2019-08-22 07:03:43,046 | INFO  | DNAudit | user=null | ip=null | op=WRITE_CHUNK {blockData=conID: 3 locID: 102659353676022386 bcsId: 0} | ret=SUCCESS |  
2019-08-22 07:03:43,050 | INFO  | DNAudit | user=null | ip=null | op=WRITE_CHUNK {blockData=conID: 3 locID: 102659353676022386 bcsId: 0} | ret=SUCCESS |  
2019-08-22 07:03:43,051 | INFO  | DNAudit | user=null | ip=null | op=WRITE_CHUNK {blockData=conID: 3 locID: 102659353676022386 bcsId: 0} | ret=SUCCESS |  
2019-08-22 07:03:43,051 | INFO  | DNAudit | user=null | ip=null | op=WRITE_CHUNK {blockData=conID: 3 locID: 102659353676022386 bcsId: 0} | ret=SUCCESS |  
2019-08-22 07:03:43,053 | INFO  | DNAudit | user=null | ip=null | op=WRITE_CHUNK {blockData=conID: 3 locID: 102659353676022386 bcsId: 0} | ret=SUCCESS |  
2019-08-22 07:03:43,054 | INFO  | DNAudit | user=null | ip=null | op=WRITE_CHUNK {blockData=conID: 3 locID: 102659353676022386 bcsId: 0} | ret=SUCCESS |  
2019-08-22 07:03:43,059 | INFO  | DNAudit | user=null | ip=null | op=WRITE_CHUNK {blockData=conID: 3 locID: 102659353676022386 bcsId: 0} | ret=SUCCESS |  
2019-08-22 07:03:43,060 | INFO  | DNAudit | user=null | ip=null | op=PUT_BLOCK {blockData=[blockId=conID: 3 locID: 102659353676022386 bcsId: 0,size=1048576]} | ret=SUCCESS |  
2019-08-22 07:03:43,060 [grpc-default-executor-5] INFO  client.GrpcClientProtocolClient (GrpcClientProtocolClient.java:onNext(255)) - client-CF63D631FA17->3cf1264f-5f6b-4138-aeee-2ff7d4522ead: receive RaftClientReply:client-CF63D631FA17->3cf1264f-5f6b-4138-aeee-2ff7d4522ead@group-561E16522154, cid=2813, SUCCESS, logIndex=4224, commits[3cf1264f-5f6b-4138-aeee-2ff7d4522ead:c4226, 4f0d1a15-8f14-4d9a-ad4f-8211e1245b5d:c4223, 6999f20e-c3f7-4db4-87ca-141c476f2a88:c4223]
2019-08-22 07:03:43,060 | INFO  | DNAudit | user=null | ip=null | op=WRITE_CHUNK {blockData=conID: 3 locID: 102659353676022386 bcsId: 0} | ret=SUCCESS |  
2019-08-22 07:03:43,061 | INFO  | DNAudit | user=null | ip=null | op=PUT_BLOCK {blockData=[blockId=conID: 3 locID: 102659353676022386 bcsId: 0,size=2097152]} | ret=SUCCESS |  
2019-08-22 07:03:43,061 [grpc-default-executor-5] INFO  client.GrpcClientProtocolClient (GrpcClientProtocolClient.java:onNext(255)) - client-CF63D631FA17->3cf1264f-5f6b-4138-aeee-2ff7d4522ead: receive RaftClientReply:client-CF63D631FA17->3cf1264f-5f6b-4138-aeee-2ff7d4522ead@group-561E16522154, cid=2814, SUCCESS, logIndex=4225, commits[3cf1264f-5f6b-4138-aeee-2ff7d4522ead:c4227, 4f0d1a15-8f14-4d9a-ad4f-8211e1245b5d:c4223, 6999f20e-c3f7-4db4-87ca-141c476f2a88:c4223]
2019-08-22 07:03:43,061 [grpc-default-executor-5] INFO  client.GrpcClientProtocolClient (GrpcClientProtocolClient.java:onNext(255)) - client-CF63D631FA17->3cf1264f-5f6b-4138-aeee-2ff7d4522ead: receive RaftClientReply:client-CF63D631FA17->3cf1264f-5f6b-4138-aeee-2ff7d4522ead@group-561E16522154, cid=2815, SUCCESS, logIndex=4226, commits[3cf1264f-5f6b-4138-aeee-2ff7d4522ead:c4227, 4f0d1a15-8f14-4d9a-ad4f-8211e1245b5d:c4223, 6999f20e-c3f7-4db4-87ca-141c476f2a88:c4223]
2019-08-22 07:03:43,061 [grpc-default-executor-5] INFO  client.GrpcClientProtocolClient (GrpcClientProtocolClient.java:onNext(255)) - client-CF63D631FA17->3cf1264f-5f6b-4138-aeee-2ff7d4522ead: receive RaftClientReply:client-CF63D631FA17->3cf1264f-5f6b-4138-aeee-2ff7d4522ead@group-561E16522154, cid=2816, SUCCESS, logIndex=4227, commits[3cf1264f-5f6b-4138-aeee-2ff7d4522ead:c4227, 4f0d1a15-8f14-4d9a-ad4f-8211e1245b5d:c4223, 6999f20e-c3f7-4db4-87ca-141c476f2a88:c4223]
2019-08-22 07:03:43,062 | INFO  | DNAudit | user=null | ip=null | op=WRITE_CHUNK {blockData=conID: 3 locID: 102659353676022386 bcsId: 0} | ret=SUCCESS |  
2019-08-22 07:03:43,062 | INFO  | DNAudit | user=null | ip=null | op=WRITE_CHUNK {blockData=conID: 3 locID: 102659353676022386 bcsId: 0} | ret=SUCCESS |  
2019-08-22 07:03:43,063 | INFO  | DNAudit | user=null | ip=null | op=PUT_BLOCK {blockData=[blockId=conID: 3 locID: 102659353676022386 bcsId: 0,size=1048576]} | ret=SUCCESS |  
2019-08-22 07:03:43,063 | INFO  | DNAudit | user=null | ip=null | op=PUT_BLOCK {blockData=[blockId=conID: 3 locID: 102659353676022386 bcsId: 0,size=1048576]} | ret=SUCCESS |  
2019-08-22 07:03:43,063 [grpc-default-executor-5] INFO  client.GrpcClientProtocolClient (GrpcClientProtocolClient.java:onNext(255)) - client-CF63D631FA17->3cf1264f-5f6b-4138-aeee-2ff7d4522ead: receive RaftClientReply:client-CF63D631FA17->3cf1264f-5f6b-4138-aeee-2ff7d4522ead@group-561E16522154, cid=2817, SUCCESS, logIndex=0, commits[3cf1264f-5f6b-4138-aeee-2ff7d4522ead:c4228, 4f0d1a15-8f14-4d9a-ad4f-8211e1245b5d:c4225, 6999f20e-c3f7-4db4-87ca-141c476f2a88:c4225]
2019-08-22 07:03:43,071 | INFO  | DNAudit | user=null | ip=null | op=WRITE_CHUNK {blockData=conID: 3 locID: 102659353676022386 bcsId: 4227} | ret=SUCCESS |  
2019-08-22 07:03:43,074 | INFO  | DNAudit | user=null | ip=null | op=WRITE_CHUNK {blockData=conID: 3 locID: 102659353676022386 bcsId: 4227} | ret=SUCCESS |  
2019-08-22 07:03:43,075 | INFO  | DNAudit | user=null | ip=null | op=WRITE_CHUNK {blockData=conID: 3 locID: 102659353676022386 bcsId: 4227} | ret=SUCCESS |  
2019-08-22 07:03:43,076 | INFO  | DNAudit | user=null | ip=null | op=WRITE_CHUNK {blockData=conID: 3 locID: 102659353676022386 bcsId: 0} | ret=SUCCESS |  
2019-08-22 07:03:43,076 | INFO  | DNAudit | user=null | ip=null | op=PUT_BLOCK {blockData=[blockId=conID: 3 locID: 102659353676022386 bcsId: 0,size=2097152]} | ret=SUCCESS |  
2019-08-22 07:03:43,076 | INFO  | DNAudit | user=null | ip=null | op=WRITE_CHUNK {blockData=conID: 3 locID: 102659353676022386 bcsId: 0} | ret=SUCCESS |  
2019-08-22 07:03:43,076 | INFO  | DNAudit | user=null | ip=null | op=PUT_BLOCK {blockData=[blockId=conID: 3 locID: 102659353676022386 bcsId: 0,size=2097152]} | ret=SUCCESS |  
2019-08-22 07:03:43,088 | INFO  | DNAudit | user=null | ip=null | op=WRITE_CHUNK {blockData=conID: 3 locID: 102659353676022386 bcsId: 4227} | ret=SUCCESS |  
2019-08-22 07:03:43,088 | INFO  | DNAudit | user=null | ip=null | op=PUT_BLOCK {blockData=[blockId=conID: 3 locID: 102659353676022386 bcsId: 0,size=3145728]} | ret=SUCCESS |  
2019-08-22 07:03:43,088 [grpc-default-executor-1] INFO  client.GrpcClientProtocolClient (GrpcClientProtocolClient.java:onNext(255)) - client-CF63D631FA17->3cf1264f-5f6b-4138-aeee-2ff7d4522ead: receive RaftClientReply:client-CF63D631FA17->3cf1264f-5f6b-4138-aeee-2ff7d4522ead@group-561E16522154, cid=2818, SUCCESS, logIndex=4232, commits[3cf1264f-5f6b-4138-aeee-2ff7d4522ead:c4233, 4f0d1a15-8f14-4d9a-ad4f-8211e1245b5d:c4228, 6999f20e-c3f7-4db4-87ca-141c476f2a88:c4228]
2019-08-22 07:03:43,089 [grpc-default-executor-1] INFO  client.GrpcClientProtocolClient (GrpcClientProtocolClient.java:onNext(255)) - client-CF63D631FA17->3cf1264f-5f6b-4138-aeee-2ff7d4522ead: receive RaftClientReply:client-CF63D631FA17->3cf1264f-5f6b-4138-aeee-2ff7d4522ead@group-561E16522154, cid=2819, SUCCESS, logIndex=4233, commits[3cf1264f-5f6b-4138-aeee-2ff7d4522ead:c4233, 4f0d1a15-8f14-4d9a-ad4f-8211e1245b5d:c4228, 6999f20e-c3f7-4db4-87ca-141c476f2a88:c4228]
2019-08-22 07:03:43,096 | INFO  | DNAudit | user=null | ip=null | op=WRITE_CHUNK {blockData=conID: 3 locID: 102659353676022386 bcsId: 4233} | ret=SUCCESS |  
2019-08-22 07:03:43,097 | INFO  | DNAudit | user=null | ip=null | op=WRITE_CHUNK {blockData=conID: 3 locID: 102659353676022386 bcsId: 4233} | ret=SUCCESS |  
2019-08-22 07:03:43,098 | INFO  | DNAudit | user=null | ip=null | op=WRITE_CHUNK {blockData=conID: 3 locID: 102659353676022386 bcsId: 4233} | ret=SUCCESS |  
2019-08-22 07:03:43,099 | INFO  | DNAudit | user=null | ip=null | op=WRITE_CHUNK {blockData=conID: 3 locID: 102659353676022386 bcsId: 4227} | ret=SUCCESS |  
2019-08-22 07:03:43,099 | INFO  | DNAudit | user=null | ip=null | op=WRITE_CHUNK {blockData=conID: 3 locID: 102659353676022386 bcsId: 4227} | ret=SUCCESS |  
2019-08-22 07:03:43,102 | INFO  | DNAudit | user=null | ip=null | op=PUT_BLOCK {blockData=[blockId=conID: 3 locID: 102659353676022386 bcsId: 0,size=3145728]} | ret=SUCCESS |  
2019-08-22 07:03:43,102 | INFO  | DNAudit | user=null | ip=null | op=PUT_BLOCK {blockData=[blockId=conID: 3 locID: 102659353676022386 bcsId: 0,size=3145728]} | ret=SUCCESS |  
2019-08-22 07:03:43,103 | INFO  | DNAudit | user=null | ip=null | op=WRITE_CHUNK {blockData=conID: 3 locID: 102659353676022386 bcsId: 4233} | ret=SUCCESS |  
2019-08-22 07:03:43,103 | INFO  | DNAudit | user=null | ip=null | op=PUT_BLOCK {blockData=[blockId=conID: 3 locID: 102659353676022386 bcsId: 0,size=4194304]} | ret=SUCCESS |  
2019-08-22 07:03:43,103 [grpc-default-executor-1] INFO  client.GrpcClientProtocolClient (GrpcClientProtocolClient.java:onNext(255)) - client-CF63D631FA17->3cf1264f-5f6b-4138-aeee-2ff7d4522ead: receive RaftClientReply:client-CF63D631FA17->3cf1264f-5f6b-4138-aeee-2ff7d4522ead@group-561E16522154, cid=2820, SUCCESS, logIndex=4236, commits[3cf1264f-5f6b-4138-aeee-2ff7d4522ead:c4237, 4f0d1a15-8f14-4d9a-ad4f-8211e1245b5d:c4233, 6999f20e-c3f7-4db4-87ca-141c476f2a88:c4233]
2019-08-22 07:03:43,104 [grpc-default-executor-1] INFO  client.GrpcClientProtocolClient (GrpcClientProtocolClient.java:onNext(255)) - client-CF63D631FA17->3cf1264f-5f6b-4138-aeee-2ff7d4522ead: receive RaftClientReply:client-CF63D631FA17->3cf1264f-5f6b-4138-aeee-2ff7d4522ead@group-561E16522154, cid=2821, SUCCESS, logIndex=4237, commits[3cf1264f-5f6b-4138-aeee-2ff7d4522ead:c4237, 4f0d1a15-8f14-4d9a-ad4f-8211e1245b5d:c4233, 6999f20e-c3f7-4db4-87ca-141c476f2a88:c4233]
2019-08-22 07:03:43,114 | INFO  | DNAudit | user=null | ip=null | op=WRITE_CHUNK {blockData=conID: 3 locID: 102659353676022386 bcsId: 4233} | ret=SUCCESS |  
2019-08-22 07:03:43,114 | INFO  | DNAudit | user=null | ip=null | op=WRITE_CHUNK {blockData=conID: 3 locID: 102659353676022386 bcsId: 4233} | ret=SUCCESS |  
2019-08-22 07:03:43,117 | INFO  | DNAudit | user=null | ip=null | op=PUT_BLOCK {blockData=[blockId=conID: 3 locID: 102659353676022386 bcsId: 0,size=4194304]} | ret=SUCCESS |  
2019-08-22 07:03:43,117 | INFO  | DNAudit | user=null | ip=null | op=PUT_BLOCK {blockData=[blockId=conID: 3 locID: 102659353676022386 bcsId: 0,size=4194304]} | ret=SUCCESS |  
2019-08-22 07:03:43,118 [grpc-default-executor-1] INFO  client.GrpcClientProtocolClient (GrpcClientProtocolClient.java:onNext(255)) - client-CF63D631FA17->3cf1264f-5f6b-4138-aeee-2ff7d4522ead: receive RaftClientReply:client-CF63D631FA17->3cf1264f-5f6b-4138-aeee-2ff7d4522ead@group-561E16522154, cid=2822, SUCCESS, logIndex=0, commits[3cf1264f-5f6b-4138-aeee-2ff7d4522ead:c4239, 4f0d1a15-8f14-4d9a-ad4f-8211e1245b5d:c4237, 6999f20e-c3f7-4db4-87ca-141c476f2a88:c4237]
2019-08-22 07:03:43,125 | INFO  | SCMAudit | user=jenkins1000 | ip=192.168.34.31 | op=ALLOCATE_BLOCK {owner=04b6d46a-98e2-41b1-9f38-1870289993ea, size=4194304, type=RATIS, factor=THREE} | ret=SUCCESS |  
2019-08-22 07:03:43,129 | INFO  | OMAudit | user=jenkins1000 | ip=127.0.0.1 | op=ALLOCATE_BLOCK {volume=vol-0-14906, bucket=bucket-0-53153, key=key-0-33222, dataSize=0, replicationType=null, replicationFactor=null, keyLocationInfo=null, clientID=102659352017764754} | ret=SUCCESS |  
2019-08-22 07:03:43,135 | INFO  | SCMAudit | user=jenkins1000 | ip=192.168.34.31 | op=SEND_HEARTBEAT {datanodeUUID=4f0d1a15-8f14-4d9a-ad4f-8211e1245b5d, command=[]} | ret=SUCCESS |  
2019-08-22 07:03:43,137 | INFO  | DNAudit | user=null | ip=null | op=WRITE_CHUNK {blockData=conID: 1 locID: 102659353681855091 bcsId: 0} | ret=SUCCESS |  
2019-08-22 07:03:43,141 | INFO  | DNAudit | user=null | ip=null | op=WRITE_CHUNK {blockData=conID: 1 locID: 102659353681855091 bcsId: 0} | ret=SUCCESS |  
2019-08-22 07:03:43,141 | INFO  | DNAudit | user=null | ip=null | op=WRITE_CHUNK {blockData=conID: 1 locID: 102659353681855091 bcsId: 0} | ret=SUCCESS |  
2019-08-22 07:03:43,143 | INFO  | DNAudit | user=null | ip=null | op=WRITE_CHUNK {blockData=conID: 1 locID: 102659353681855091 bcsId: 0} | ret=SUCCESS |  
2019-08-22 07:03:43,145 | INFO  | DNAudit | user=null | ip=null | op=WRITE_CHUNK {blockData=conID: 1 locID: 102659353681855091 bcsId: 0} | ret=SUCCESS |  
2019-08-22 07:03:43,145 | INFO  | DNAudit | user=null | ip=null | op=WRITE_CHUNK {blockData=conID: 1 locID: 102659353681855091 bcsId: 0} | ret=SUCCESS |  
2019-08-22 07:03:43,152 | INFO  | DNAudit | user=null | ip=null | op=WRITE_CHUNK {blockData=conID: 1 locID: 102659353681855091 bcsId: 0} | ret=SUCCESS |  
2019-08-22 07:03:43,152 | INFO  | DNAudit | user=null | ip=null | op=PUT_BLOCK {blockData=[blockId=conID: 1 locID: 102659353681855091 bcsId: 0,size=1048576]} | ret=SUCCESS |  
2019-08-22 07:03:43,153 [grpc-default-executor-3] INFO  client.GrpcClientProtocolClient (GrpcClientProtocolClient.java:onNext(255)) - client-CF63D631FA17->3cf1264f-5f6b-4138-aeee-2ff7d4522ead: receive RaftClientReply:client-CF63D631FA17->3cf1264f-5f6b-4138-aeee-2ff7d4522ead@group-561E16522154, cid=2823, SUCCESS, logIndex=4240, commits[3cf1264f-5f6b-4138-aeee-2ff7d4522ead:c4241, 4f0d1a15-8f14-4d9a-ad4f-8211e1245b5d:c4239, 6999f20e-c3f7-4db4-87ca-141c476f2a88:c4239]
2019-08-22 07:03:43,153 [grpc-default-executor-3] INFO  client.GrpcClientProtocolClient (GrpcClientProtocolClient.java:onNext(255)) - client-CF63D631FA17->3cf1264f-5f6b-4138-aeee-2ff7d4522ead: receive RaftClientReply:client-CF63D631FA17->3cf1264f-5f6b-4138-aeee-2ff7d4522ead@group-561E16522154, cid=2824, SUCCESS, logIndex=4241, commits[3cf1264f-5f6b-4138-aeee-2ff7d4522ead:c4241, 4f0d1a15-8f14-4d9a-ad4f-8211e1245b5d:c4239, 6999f20e-c3f7-4db4-87ca-141c476f2a88:c4239]
2019-08-22 07:03:43,164 | INFO  | DNAudit | user=null | ip=null | op=WRITE_CHUNK {blockData=conID: 1 locID: 102659353681855091 bcsId: 0} | ret=SUCCESS |  
2019-08-22 07:03:43,164 | INFO  | DNAudit | user=null | ip=null | op=PUT_BLOCK {blockData=[blockId=conID: 1 locID: 102659353681855091 bcsId: 0,size=2097152]} | ret=SUCCESS |  
2019-08-22 07:03:43,165 [grpc-default-executor-5] INFO  client.GrpcClientProtocolClient (GrpcClientProtocolClient.java:onNext(255)) - client-CF63D631FA17->3cf1264f-5f6b-4138-aeee-2ff7d4522ead: receive RaftClientReply:client-CF63D631FA17->3cf1264f-5f6b-4138-aeee-2ff7d4522ead@group-561E16522154, cid=2825, SUCCESS, logIndex=4242, commits[3cf1264f-5f6b-4138-aeee-2ff7d4522ead:c4243, 4f0d1a15-8f14-4d9a-ad4f-8211e1245b5d:c4239, 6999f20e-c3f7-4db4-87ca-141c476f2a88:c4239]
2019-08-22 07:03:43,165 [grpc-default-executor-5] INFO  client.GrpcClientProtocolClient (GrpcClientProtocolClient.java:onNext(255)) - client-CF63D631FA17->3cf1264f-5f6b-4138-aeee-2ff7d4522ead: receive RaftClientReply:client-CF63D631FA17->3cf1264f-5f6b-4138-aeee-2ff7d4522ead@group-561E16522154, cid=2826, SUCCESS, logIndex=4243, commits[3cf1264f-5f6b-4138-aeee-2ff7d4522ead:c4243, 4f0d1a15-8f14-4d9a-ad4f-8211e1245b5d:c4239, 6999f20e-c3f7-4db4-87ca-141c476f2a88:c4239]
2019-08-22 07:03:43,166 | INFO  | DNAudit | user=null | ip=null | op=WRITE_CHUNK {blockData=conID: 1 locID: 102659353681855091 bcsId: 0} | ret=SUCCESS |  
2019-08-22 07:03:43,166 | INFO  | DNAudit | user=null | ip=null | op=PUT_BLOCK {blockData=[blockId=conID: 1 locID: 102659353681855091 bcsId: 0,size=1048576]} | ret=SUCCESS |  
2019-08-22 07:03:43,177 | INFO  | DNAudit | user=null | ip=null | op=WRITE_CHUNK {blockData=conID: 1 locID: 102659353681855091 bcsId: 0} | ret=SUCCESS |  
2019-08-22 07:03:43,177 | INFO  | DNAudit | user=null | ip=null | op=PUT_BLOCK {blockData=[blockId=conID: 1 locID: 102659353681855091 bcsId: 0,size=2097152]} | ret=SUCCESS |  
2019-08-22 07:03:43,178 | INFO  | DNAudit | user=null | ip=null | op=WRITE_CHUNK {blockData=conID: 1 locID: 102659353681855091 bcsId: 0} | ret=SUCCESS |  
2019-08-22 07:03:43,178 | INFO  | DNAudit | user=null | ip=null | op=PUT_BLOCK {blockData=[blockId=conID: 1 locID: 102659353681855091 bcsId: 0,size=1048576]} | ret=SUCCESS |  
2019-08-22 07:03:43,179 | INFO  | DNAudit | user=null | ip=null | op=WRITE_CHUNK {blockData=conID: 1 locID: 102659353681855091 bcsId: 0} | ret=SUCCESS |  
2019-08-22 07:03:43,179 | INFO  | DNAudit | user=null | ip=null | op=PUT_BLOCK {blockData=[blockId=conID: 1 locID: 102659353681855091 bcsId: 0,size=2097152]} | ret=SUCCESS |  
2019-08-22 07:03:43,179 [grpc-default-executor-5] INFO  client.GrpcClientProtocolClient (GrpcClientProtocolClient.java:onNext(255)) - client-CF63D631FA17->3cf1264f-5f6b-4138-aeee-2ff7d4522ead: receive RaftClientReply:client-CF63D631FA17->3cf1264f-5f6b-4138-aeee-2ff7d4522ead@group-561E16522154, cid=2827, SUCCESS, logIndex=0, commits[3cf1264f-5f6b-4138-aeee-2ff7d4522ead:c4247, 4f0d1a15-8f14-4d9a-ad4f-8211e1245b5d:c4241, 6999f20e-c3f7-4db4-87ca-141c476f2a88:c4243]
2019-08-22 07:03:43,188 | INFO  | DNAudit | user=null | ip=null | op=WRITE_CHUNK {blockData=conID: 1 locID: 102659353681855091 bcsId: 4243} | ret=SUCCESS |  
2019-08-22 07:03:43,192 | INFO  | DNAudit | user=null | ip=null | op=WRITE_CHUNK {blockData=conID: 1 locID: 102659353681855091 bcsId: 4243} | ret=SUCCESS |  
2019-08-22 07:03:43,192 | INFO  | DNAudit | user=null | ip=null | op=WRITE_CHUNK {blockData=conID: 1 locID: 102659353681855091 bcsId: 4243} | ret=SUCCESS |  
2019-08-22 07:03:43,200 | INFO  | DNAudit | user=null | ip=null | op=WRITE_CHUNK {blockData=conID: 1 locID: 102659353681855091 bcsId: 4243} | ret=SUCCESS |  
2019-08-22 07:03:43,201 | INFO  | DNAudit | user=null | ip=null | op=PUT_BLOCK {blockData=[blockId=conID: 1 locID: 102659353681855091 bcsId: 0,size=3145728]} | ret=SUCCESS |  
2019-08-22 07:03:43,201 [grpc-default-executor-1] INFO  client.GrpcClientProtocolClient (GrpcClientProtocolClient.java:onNext(255)) - client-CF63D631FA17->3cf1264f-5f6b-4138-aeee-2ff7d4522ead: receive RaftClientReply:client-CF63D631FA17->3cf1264f-5f6b-4138-aeee-2ff7d4522ead@group-561E16522154, cid=2828, SUCCESS, logIndex=4248, commits[3cf1264f-5f6b-4138-aeee-2ff7d4522ead:c4249, 4f0d1a15-8f14-4d9a-ad4f-8211e1245b5d:c4247, 6999f20e-c3f7-4db4-87ca-141c476f2a88:c4247]
2019-08-22 07:03:43,202 [grpc-default-executor-1] INFO  client.GrpcClientProtocolClient (GrpcClientProtocolClient.java:onNext(255)) - client-CF63D631FA17->3cf1264f-5f6b-4138-aeee-2ff7d4522ead: receive RaftClientReply:client-CF63D631FA17->3cf1264f-5f6b-4138-aeee-2ff7d4522ead@group-561E16522154, cid=2829, SUCCESS, logIndex=4249, commits[3cf1264f-5f6b-4138-aeee-2ff7d4522ead:c4249, 4f0d1a15-8f14-4d9a-ad4f-8211e1245b5d:c4247, 6999f20e-c3f7-4db4-87ca-141c476f2a88:c4247]
2019-08-22 07:03:43,204 | INFO  | DNAudit | user=null | ip=null | op=WRITE_CHUNK {blockData=conID: 1 locID: 102659353681855091 bcsId: 4243} | ret=SUCCESS |  
2019-08-22 07:03:43,204 | INFO  | DNAudit | user=null | ip=null | op=WRITE_CHUNK {blockData=conID: 1 locID: 102659353681855091 bcsId: 4243} | ret=SUCCESS |  
2019-08-22 07:03:43,208 | INFO  | DNAudit | user=null | ip=null | op=PUT_BLOCK {blockData=[blockId=conID: 1 locID: 102659353681855091 bcsId: 0,size=3145728]} | ret=SUCCESS |  
2019-08-22 07:03:43,208 | INFO  | DNAudit | user=null | ip=null | op=PUT_BLOCK {blockData=[blockId=conID: 1 locID: 102659353681855091 bcsId: 0,size=3145728]} | ret=SUCCESS |  
2019-08-22 07:03:43,211 | INFO  | DNAudit | user=null | ip=null | op=WRITE_CHUNK {blockData=conID: 1 locID: 102659353681855091 bcsId: 4249} | ret=SUCCESS |  
2019-08-22 07:03:43,214 | INFO  | DNAudit | user=null | ip=null | op=WRITE_CHUNK {blockData=conID: 1 locID: 102659353681855091 bcsId: 4249} | ret=SUCCESS |  
2019-08-22 07:03:43,215 | INFO  | DNAudit | user=null | ip=null | op=WRITE_CHUNK {blockData=conID: 1 locID: 102659353681855091 bcsId: 4249} | ret=SUCCESS |  
2019-08-22 07:03:43,229 | INFO  | DNAudit | user=null | ip=null | op=WRITE_CHUNK {blockData=conID: 1 locID: 102659353681855091 bcsId: 4249} | ret=SUCCESS |  
2019-08-22 07:03:43,230 | INFO  | DNAudit | user=null | ip=null | op=PUT_BLOCK {blockData=[blockId=conID: 1 locID: 102659353681855091 bcsId: 0,size=4194304]} | ret=SUCCESS |  
2019-08-22 07:03:43,230 [grpc-default-executor-5] INFO  client.GrpcClientProtocolClient (GrpcClientProtocolClient.java:onNext(255)) - client-CF63D631FA17->3cf1264f-5f6b-4138-aeee-2ff7d4522ead: receive RaftClientReply:client-CF63D631FA17->3cf1264f-5f6b-4138-aeee-2ff7d4522ead@group-561E16522154, cid=2830, SUCCESS, logIndex=4252, commits[3cf1264f-5f6b-4138-aeee-2ff7d4522ead:c4253, 4f0d1a15-8f14-4d9a-ad4f-8211e1245b5d:c4251, 6999f20e-c3f7-4db4-87ca-141c476f2a88:c4251]
2019-08-22 07:03:43,230 [grpc-default-executor-5] INFO  client.GrpcClientProtocolClient (GrpcClientProtocolClient.java:onNext(255)) - client-CF63D631FA17->3cf1264f-5f6b-4138-aeee-2ff7d4522ead: receive RaftClientReply:client-CF63D631FA17->3cf1264f-5f6b-4138-aeee-2ff7d4522ead@group-561E16522154, cid=2831, SUCCESS, logIndex=4253, commits[3cf1264f-5f6b-4138-aeee-2ff7d4522ead:c4253, 4f0d1a15-8f14-4d9a-ad4f-8211e1245b5d:c4251, 6999f20e-c3f7-4db4-87ca-141c476f2a88:c4251]
2019-08-22 07:03:43,241 | INFO  | DNAudit | user=null | ip=null | op=WRITE_CHUNK {blockData=conID: 1 locID: 102659353681855091 bcsId: 4249} | ret=SUCCESS |  
2019-08-22 07:03:43,241 | INFO  | DNAudit | user=null | ip=null | op=PUT_BLOCK {blockData=[blockId=conID: 1 locID: 102659353681855091 bcsId: 0,size=4194304]} | ret=SUCCESS |  
2019-08-22 07:03:43,241 | INFO  | DNAudit | user=null | ip=null | op=WRITE_CHUNK {blockData=conID: 1 locID: 102659353681855091 bcsId: 4249} | ret=SUCCESS |  
2019-08-22 07:03:43,242 | INFO  | DNAudit | user=null | ip=null | op=PUT_BLOCK {blockData=[blockId=conID: 1 locID: 102659353681855091 bcsId: 0,size=4194304]} | ret=SUCCESS |  
2019-08-22 07:03:43,242 [grpc-default-executor-3] INFO  client.GrpcClientProtocolClient (GrpcClientProtocolClient.java:onNext(255)) - client-CF63D631FA17->3cf1264f-5f6b-4138-aeee-2ff7d4522ead: receive RaftClientReply:client-CF63D631FA17->3cf1264f-5f6b-4138-aeee-2ff7d4522ead@group-561E16522154, cid=2832, SUCCESS, logIndex=0, commits[3cf1264f-5f6b-4138-aeee-2ff7d4522ead:c4254, 4f0d1a15-8f14-4d9a-ad4f-8211e1245b5d:c4253, 6999f20e-c3f7-4db4-87ca-141c476f2a88:c4253]
2019-08-22 07:03:43,249 | INFO  | SCMAudit | user=jenkins1000 | ip=192.168.34.31 | op=ALLOCATE_BLOCK {owner=04b6d46a-98e2-41b1-9f38-1870289993ea, size=4194304, type=RATIS, factor=THREE} | ret=SUCCESS |  
2019-08-22 07:03:43,254 | INFO  | OMAudit | user=jenkins1000 | ip=127.0.0.1 | op=ALLOCATE_BLOCK {volume=vol-0-14906, bucket=bucket-0-53153, key=key-0-33222, dataSize=0, replicationType=null, replicationFactor=null, keyLocationInfo=null, clientID=102659352017764754} | ret=SUCCESS |  
2019-08-22 07:03:43,263 | INFO  | DNAudit | user=null | ip=null | op=WRITE_CHUNK {blockData=conID: 2 locID: 102659353690047092 bcsId: 0} | ret=SUCCESS |  
2019-08-22 07:03:43,266 | INFO  | DNAudit | user=null | ip=null | op=WRITE_CHUNK {blockData=conID: 2 locID: 102659353690047092 bcsId: 0} | ret=SUCCESS |  
2019-08-22 07:03:43,267 | INFO  | DNAudit | user=null | ip=null | op=WRITE_CHUNK {blockData=conID: 2 locID: 102659353690047092 bcsId: 0} | ret=SUCCESS |  
2019-08-22 07:03:43,267 | INFO  | DNAudit | user=null | ip=null | op=WRITE_CHUNK {blockData=conID: 2 locID: 102659353690047092 bcsId: 0} | ret=SUCCESS |  
2019-08-22 07:03:43,269 | INFO  | DNAudit | user=null | ip=null | op=WRITE_CHUNK {blockData=conID: 2 locID: 102659353690047092 bcsId: 0} | ret=SUCCESS |  
2019-08-22 07:03:43,270 | INFO  | DNAudit | user=null | ip=null | op=WRITE_CHUNK {blockData=conID: 2 locID: 102659353690047092 bcsId: 0} | ret=SUCCESS |  
2019-08-22 07:03:43,281 | INFO  | DNAudit | user=null | ip=null | op=WRITE_CHUNK {blockData=conID: 2 locID: 102659353690047092 bcsId: 0} | ret=SUCCESS |  
2019-08-22 07:03:43,282 | INFO  | DNAudit | user=null | ip=null | op=PUT_BLOCK {blockData=[blockId=conID: 2 locID: 102659353690047092 bcsId: 0,size=1048576]} | ret=SUCCESS |  
2019-08-22 07:03:43,282 | INFO  | DNAudit | user=null | ip=null | op=WRITE_CHUNK {blockData=conID: 2 locID: 102659353690047092 bcsId: 0} | ret=SUCCESS |  
2019-08-22 07:03:43,282 [grpc-default-executor-5] INFO  client.GrpcClientProtocolClient (GrpcClientProtocolClient.java:onNext(255)) - client-CF63D631FA17->3cf1264f-5f6b-4138-aeee-2ff7d4522ead: receive RaftClientReply:client-CF63D631FA17->3cf1264f-5f6b-4138-aeee-2ff7d4522ead@group-561E16522154, cid=2833, SUCCESS, logIndex=4256, commits[3cf1264f-5f6b-4138-aeee-2ff7d4522ead:c4257, 4f0d1a15-8f14-4d9a-ad4f-8211e1245b5d:c4255, 6999f20e-c3f7-4db4-87ca-141c476f2a88:c4255]
2019-08-22 07:03:43,282 | INFO  | DNAudit | user=null | ip=null | op=PUT_BLOCK {blockData=[blockId=conID: 2 locID: 102659353690047092 bcsId: 0,size=2097152]} | ret=SUCCESS |  
2019-08-22 07:03:43,283 [grpc-default-executor-5] INFO  client.GrpcClientProtocolClient (GrpcClientProtocolClient.java:onNext(255)) - client-CF63D631FA17->3cf1264f-5f6b-4138-aeee-2ff7d4522ead: receive RaftClientReply:client-CF63D631FA17->3cf1264f-5f6b-4138-aeee-2ff7d4522ead@group-561E16522154, cid=2834, SUCCESS, logIndex=4257, commits[3cf1264f-5f6b-4138-aeee-2ff7d4522ead:c4259, 4f0d1a15-8f14-4d9a-ad4f-8211e1245b5d:c4255, 6999f20e-c3f7-4db4-87ca-141c476f2a88:c4255]
2019-08-22 07:03:43,283 [grpc-default-executor-5] INFO  client.GrpcClientProtocolClient (GrpcClientProtocolClient.java:onNext(255)) - client-CF63D631FA17->3cf1264f-5f6b-4138-aeee-2ff7d4522ead: receive RaftClientReply:client-CF63D631FA17->3cf1264f-5f6b-4138-aeee-2ff7d4522ead@group-561E16522154, cid=2835, SUCCESS, logIndex=4258, commits[3cf1264f-5f6b-4138-aeee-2ff7d4522ead:c4259, 4f0d1a15-8f14-4d9a-ad4f-8211e1245b5d:c4255, 6999f20e-c3f7-4db4-87ca-141c476f2a88:c4255]
2019-08-22 07:03:43,283 [grpc-default-executor-5] INFO  client.GrpcClientProtocolClient (GrpcClientProtocolClient.java:onNext(255)) - client-CF63D631FA17->3cf1264f-5f6b-4138-aeee-2ff7d4522ead: receive RaftClientReply:client-CF63D631FA17->3cf1264f-5f6b-4138-aeee-2ff7d4522ead@group-561E16522154, cid=2836, SUCCESS, logIndex=4259, commits[3cf1264f-5f6b-4138-aeee-2ff7d4522ead:c4259, 4f0d1a15-8f14-4d9a-ad4f-8211e1245b5d:c4255, 6999f20e-c3f7-4db4-87ca-141c476f2a88:c4255]
2019-08-22 07:03:43,284 | INFO  | DNAudit | user=null | ip=null | op=WRITE_CHUNK {blockData=conID: 2 locID: 102659353690047092 bcsId: 0} | ret=SUCCESS |  
2019-08-22 07:03:43,284 | INFO  | DNAudit | user=null | ip=null | op=WRITE_CHUNK {blockData=conID: 2 locID: 102659353690047092 bcsId: 0} | ret=SUCCESS |  
2019-08-22 07:03:43,285 | INFO  | DNAudit | user=null | ip=null | op=PUT_BLOCK {blockData=[blockId=conID: 2 locID: 102659353690047092 bcsId: 0,size=1048576]} | ret=SUCCESS |  
2019-08-22 07:03:43,285 | INFO  | DNAudit | user=null | ip=null | op=PUT_BLOCK {blockData=[blockId=conID: 2 locID: 102659353690047092 bcsId: 0,size=1048576]} | ret=SUCCESS |  
2019-08-22 07:03:43,285 [grpc-default-executor-1] INFO  client.GrpcClientProtocolClient (GrpcClientProtocolClient.java:onNext(255)) - client-CF63D631FA17->3cf1264f-5f6b-4138-aeee-2ff7d4522ead: receive RaftClientReply:client-CF63D631FA17->3cf1264f-5f6b-4138-aeee-2ff7d4522ead@group-561E16522154, cid=2837, SUCCESS, logIndex=0, commits[3cf1264f-5f6b-4138-aeee-2ff7d4522ead:c4260, 4f0d1a15-8f14-4d9a-ad4f-8211e1245b5d:c4257, 6999f20e-c3f7-4db4-87ca-141c476f2a88:c4257]
2019-08-22 07:03:43,294 | INFO  | DNAudit | user=null | ip=null | op=WRITE_CHUNK {blockData=conID: 2 locID: 102659353690047092 bcsId: 4259} | ret=SUCCESS |  
2019-08-22 07:03:43,296 | INFO  | DNAudit | user=null | ip=null | op=WRITE_CHUNK {blockData=conID: 2 locID: 102659353690047092 bcsId: 0} | ret=SUCCESS |  
2019-08-22 07:03:43,296 | INFO  | DNAudit | user=null | ip=null | op=WRITE_CHUNK {blockData=conID: 2 locID: 102659353690047092 bcsId: 0} | ret=SUCCESS |  
2019-08-22 07:03:43,297 | INFO  | DNAudit | user=null | ip=null | op=PUT_BLOCK {blockData=[blockId=conID: 2 locID: 102659353690047092 bcsId: 0,size=2097152]} | ret=SUCCESS |  
2019-08-22 07:03:43,297 | INFO  | DNAudit | user=null | ip=null | op=WRITE_CHUNK {blockData=conID: 2 locID: 102659353690047092 bcsId: 4259} | ret=SUCCESS |  
2019-08-22 07:03:43,297 | INFO  | DNAudit | user=null | ip=null | op=PUT_BLOCK {blockData=[blockId=conID: 2 locID: 102659353690047092 bcsId: 0,size=2097152]} | ret=SUCCESS |  
2019-08-22 07:03:43,298 | INFO  | DNAudit | user=null | ip=null | op=WRITE_CHUNK {blockData=conID: 2 locID: 102659353690047092 bcsId: 4259} | ret=SUCCESS |  
2019-08-22 07:03:43,310 | INFO  | DNAudit | user=null | ip=null | op=WRITE_CHUNK {blockData=conID: 2 locID: 102659353690047092 bcsId: 4259} | ret=SUCCESS |  
2019-08-22 07:03:43,310 | INFO  | DNAudit | user=null | ip=null | op=PUT_BLOCK {blockData=[blockId=conID: 2 locID: 102659353690047092 bcsId: 0,size=3145728]} | ret=SUCCESS |  
2019-08-22 07:03:43,310 [grpc-default-executor-5] INFO  client.GrpcClientProtocolClient (GrpcClientProtocolClient.java:onNext(255)) - client-CF63D631FA17->3cf1264f-5f6b-4138-aeee-2ff7d4522ead: receive RaftClientReply:client-CF63D631FA17->3cf1264f-5f6b-4138-aeee-2ff7d4522ead@group-561E16522154, cid=2838, SUCCESS, logIndex=4264, commits[3cf1264f-5f6b-4138-aeee-2ff7d4522ead:c4265, 4f0d1a15-8f14-4d9a-ad4f-8211e1245b5d:c4260, 6999f20e-c3f7-4db4-87ca-141c476f2a88:c4260]
2019-08-22 07:03:43,311 [grpc-default-executor-5] INFO  client.GrpcClientProtocolClient (GrpcClientProtocolClient.java:onNext(255)) - client-CF63D631FA17->3cf1264f-5f6b-4138-aeee-2ff7d4522ead: receive RaftClientReply:client-CF63D631FA17->3cf1264f-5f6b-4138-aeee-2ff7d4522ead@group-561E16522154, cid=2839, SUCCESS, logIndex=4265, commits[3cf1264f-5f6b-4138-aeee-2ff7d4522ead:c4265, 4f0d1a15-8f14-4d9a-ad4f-8211e1245b5d:c4260, 6999f20e-c3f7-4db4-87ca-141c476f2a88:c4260]
2019-08-22 07:03:43,319 | INFO  | DNAudit | user=null | ip=null | op=WRITE_CHUNK {blockData=conID: 2 locID: 102659353690047092 bcsId: 4265} | ret=SUCCESS |  
2019-08-22 07:03:43,322 | INFO  | DNAudit | user=null | ip=null | op=WRITE_CHUNK {blockData=conID: 2 locID: 102659353690047092 bcsId: 4259} | ret=SUCCESS |  
2019-08-22 07:03:43,322 | INFO  | DNAudit | user=null | ip=null | op=WRITE_CHUNK {blockData=conID: 2 locID: 102659353690047092 bcsId: 4259} | ret=SUCCESS |  
2019-08-22 07:03:43,323 | INFO  | DNAudit | user=null | ip=null | op=WRITE_CHUNK {blockData=conID: 2 locID: 102659353690047092 bcsId: 4265} | ret=SUCCESS |  
2019-08-22 07:03:43,323 | INFO  | DNAudit | user=null | ip=null | op=WRITE_CHUNK {blockData=conID: 2 locID: 102659353690047092 bcsId: 4265} | ret=SUCCESS |  
2019-08-22 07:03:43,335 | INFO  | DNAudit | user=null | ip=null | op=PUT_BLOCK {blockData=[blockId=conID: 2 locID: 102659353690047092 bcsId: 0,size=3145728]} | ret=SUCCESS |  
2019-08-22 07:03:43,335 | INFO  | DNAudit | user=null | ip=null | op=WRITE_CHUNK {blockData=conID: 2 locID: 102659353690047092 bcsId: 4265} | ret=SUCCESS |  
2019-08-22 07:03:43,335 | INFO  | DNAudit | user=null | ip=null | op=PUT_BLOCK {blockData=[blockId=conID: 2 locID: 102659353690047092 bcsId: 0,size=3145728]} | ret=SUCCESS |  
2019-08-22 07:03:43,336 | INFO  | DNAudit | user=null | ip=null | op=PUT_BLOCK {blockData=[blockId=conID: 2 locID: 102659353690047092 bcsId: 0,size=4194304]} | ret=SUCCESS |  
2019-08-22 07:03:43,336 [grpc-default-executor-1] INFO  client.GrpcClientProtocolClient (GrpcClientProtocolClient.java:onNext(255)) - client-CF63D631FA17->3cf1264f-5f6b-4138-aeee-2ff7d4522ead: receive RaftClientReply:client-CF63D631FA17->3cf1264f-5f6b-4138-aeee-2ff7d4522ead@group-561E16522154, cid=2840, SUCCESS, logIndex=4268, commits[3cf1264f-5f6b-4138-aeee-2ff7d4522ead:c4269, 4f0d1a15-8f14-4d9a-ad4f-8211e1245b5d:c4265, 6999f20e-c3f7-4db4-87ca-141c476f2a88:c4265]
2019-08-22 07:03:43,336 [grpc-default-executor-1] INFO  client.GrpcClientProtocolClient (GrpcClientProtocolClient.java:onNext(255)) - client-CF63D631FA17->3cf1264f-5f6b-4138-aeee-2ff7d4522ead: receive RaftClientReply:client-CF63D631FA17->3cf1264f-5f6b-4138-aeee-2ff7d4522ead@group-561E16522154, cid=2841, SUCCESS, logIndex=4269, commits[3cf1264f-5f6b-4138-aeee-2ff7d4522ead:c4269, 4f0d1a15-8f14-4d9a-ad4f-8211e1245b5d:c4265, 6999f20e-c3f7-4db4-87ca-141c476f2a88:c4265]
2019-08-22 07:03:43,347 | INFO  | DNAudit | user=null | ip=null | op=WRITE_CHUNK {blockData=conID: 2 locID: 102659353690047092 bcsId: 4265} | ret=SUCCESS |  
2019-08-22 07:03:43,347 | INFO  | DNAudit | user=null | ip=null | op=WRITE_CHUNK {blockData=conID: 2 locID: 102659353690047092 bcsId: 4265} | ret=SUCCESS |  
2019-08-22 07:03:43,350 | INFO  | DNAudit | user=null | ip=null | op=PUT_BLOCK {blockData=[blockId=conID: 2 locID: 102659353690047092 bcsId: 0,size=4194304]} | ret=SUCCESS |  
2019-08-22 07:03:43,350 | INFO  | DNAudit | user=null | ip=null | op=PUT_BLOCK {blockData=[blockId=conID: 2 locID: 102659353690047092 bcsId: 0,size=4194304]} | ret=SUCCESS |  
2019-08-22 07:03:43,351 [grpc-default-executor-5] INFO  client.GrpcClientProtocolClient (GrpcClientProtocolClient.java:onNext(255)) - client-CF63D631FA17->3cf1264f-5f6b-4138-aeee-2ff7d4522ead: receive RaftClientReply:client-CF63D631FA17->3cf1264f-5f6b-4138-aeee-2ff7d4522ead@group-561E16522154, cid=2842, SUCCESS, logIndex=0, commits[3cf1264f-5f6b-4138-aeee-2ff7d4522ead:c4271, 4f0d1a15-8f14-4d9a-ad4f-8211e1245b5d:c4269, 6999f20e-c3f7-4db4-87ca-141c476f2a88:c4269]
2019-08-22 07:03:43,358 | INFO  | SCMAudit | user=jenkins1000 | ip=192.168.34.31 | op=ALLOCATE_BLOCK {owner=04b6d46a-98e2-41b1-9f38-1870289993ea, size=4194304, type=RATIS, factor=THREE} | ret=SUCCESS |  
2019-08-22 07:03:43,364 | INFO  | OMAudit | user=jenkins1000 | ip=127.0.0.1 | op=ALLOCATE_BLOCK {volume=vol-0-14906, bucket=bucket-0-53153, key=key-0-33222, dataSize=0, replicationType=null, replicationFactor=null, keyLocationInfo=null, clientID=102659352017764754} | ret=SUCCESS |  
2019-08-22 07:03:43,373 | INFO  | DNAudit | user=null | ip=null | op=WRITE_CHUNK {blockData=conID: 3 locID: 102659353697190517 bcsId: 0} | ret=SUCCESS |  
2019-08-22 07:03:43,377 | INFO  | DNAudit | user=null | ip=null | op=WRITE_CHUNK {blockData=conID: 3 locID: 102659353697190517 bcsId: 0} | ret=SUCCESS |  
2019-08-22 07:03:43,634 | INFO  | DNAudit | user=null | ip=null | op=WRITE_CHUNK {blockData=conID: 3 locID: 102659353697190517 bcsId: 0} | ret=SUCCESS |  
2019-08-22 07:03:43,634 | INFO  | DNAudit | user=null | ip=null | op=WRITE_CHUNK {blockData=conID: 3 locID: 102659353697190517 bcsId: 0} | ret=SUCCESS |  
2019-08-22 07:03:43,638 | INFO  | DNAudit | user=null | ip=null | op=WRITE_CHUNK {blockData=conID: 3 locID: 102659353697190517 bcsId: 0} | ret=SUCCESS |  
2019-08-22 07:03:43,638 | INFO  | DNAudit | user=null | ip=null | op=WRITE_CHUNK {blockData=conID: 3 locID: 102659353697190517 bcsId: 0} | ret=SUCCESS |  
2019-08-22 07:03:43,648 | INFO  | DNAudit | user=null | ip=null | op=WRITE_CHUNK {blockData=conID: 3 locID: 102659353697190517 bcsId: 0} | ret=SUCCESS |  
2019-08-22 07:03:43,648 | INFO  | DNAudit | user=null | ip=null | op=PUT_BLOCK {blockData=[blockId=conID: 3 locID: 102659353697190517 bcsId: 0,size=1048576]} | ret=SUCCESS |  
2019-08-22 07:03:43,649 | INFO  | DNAudit | user=null | ip=null | op=WRITE_CHUNK {blockData=conID: 3 locID: 102659353697190517 bcsId: 0} | ret=SUCCESS |  
2019-08-22 07:03:43,649 [grpc-default-executor-1] INFO  client.GrpcClientProtocolClient (GrpcClientProtocolClient.java:onNext(255)) - client-CF63D631FA17->3cf1264f-5f6b-4138-aeee-2ff7d4522ead: receive RaftClientReply:client-CF63D631FA17->3cf1264f-5f6b-4138-aeee-2ff7d4522ead@group-561E16522154, cid=2843, SUCCESS, logIndex=4272, commits[3cf1264f-5f6b-4138-aeee-2ff7d4522ead:c4274, 4f0d1a15-8f14-4d9a-ad4f-8211e1245b5d:c4271, 6999f20e-c3f7-4db4-87ca-141c476f2a88:c4271]
2019-08-22 07:03:43,649 | INFO  | DNAudit | user=null | ip=null | op=PUT_BLOCK {blockData=[blockId=conID: 3 locID: 102659353697190517 bcsId: 0,size=2097152]} | ret=SUCCESS |  
2019-08-22 07:03:43,649 | INFO  | DNAudit | user=null | ip=null | op=WRITE_CHUNK {blockData=conID: 3 locID: 102659353697190517 bcsId: 0} | ret=SUCCESS |  
2019-08-22 07:03:43,650 [grpc-default-executor-1] INFO  client.GrpcClientProtocolClient (GrpcClientProtocolClient.java:onNext(255)) - client-CF63D631FA17->3cf1264f-5f6b-4138-aeee-2ff7d4522ead: receive RaftClientReply:client-CF63D631FA17->3cf1264f-5f6b-4138-aeee-2ff7d4522ead@group-561E16522154, cid=2844, SUCCESS, logIndex=4273, commits[3cf1264f-5f6b-4138-aeee-2ff7d4522ead:c4275, 4f0d1a15-8f14-4d9a-ad4f-8211e1245b5d:c4271, 6999f20e-c3f7-4db4-87ca-141c476f2a88:c4271]
2019-08-22 07:03:43,650 | INFO  | DNAudit | user=null | ip=null | op=PUT_BLOCK {blockData=[blockId=conID: 3 locID: 102659353697190517 bcsId: 0,size=1048576]} | ret=SUCCESS |  
2019-08-22 07:03:43,650 [grpc-default-executor-1] INFO  client.GrpcClientProtocolClient (GrpcClientProtocolClient.java:onNext(255)) - client-CF63D631FA17->3cf1264f-5f6b-4138-aeee-2ff7d4522ead: receive RaftClientReply:client-CF63D631FA17->3cf1264f-5f6b-4138-aeee-2ff7d4522ead@group-561E16522154, cid=2845, SUCCESS, logIndex=4274, commits[3cf1264f-5f6b-4138-aeee-2ff7d4522ead:c4275, 4f0d1a15-8f14-4d9a-ad4f-8211e1245b5d:c4271, 6999f20e-c3f7-4db4-87ca-141c476f2a88:c4271]
2019-08-22 07:03:43,650 [grpc-default-executor-1] INFO  client.GrpcClientProtocolClient (GrpcClientProtocolClient.java:onNext(255)) - client-CF63D631FA17->3cf1264f-5f6b-4138-aeee-2ff7d4522ead: receive RaftClientReply:client-CF63D631FA17->3cf1264f-5f6b-4138-aeee-2ff7d4522ead@group-561E16522154, cid=2846, SUCCESS, logIndex=4275, commits[3cf1264f-5f6b-4138-aeee-2ff7d4522ead:c4276, 4f0d1a15-8f14-4d9a-ad4f-8211e1245b5d:c4273, 6999f20e-c3f7-4db4-87ca-141c476f2a88:c4271]
2019-08-22 07:03:43,651 | INFO  | DNAudit | user=null | ip=null | op=WRITE_CHUNK {blockData=conID: 3 locID: 102659353697190517 bcsId: 0} | ret=SUCCESS |  
2019-08-22 07:03:43,652 | INFO  | DNAudit | user=null | ip=null | op=PUT_BLOCK {blockData=[blockId=conID: 3 locID: 102659353697190517 bcsId: 0,size=1048576]} | ret=SUCCESS |  
2019-08-22 07:03:43,652 [grpc-default-executor-1] INFO  client.GrpcClientProtocolClient (GrpcClientProtocolClient.java:onNext(255)) - client-CF63D631FA17->3cf1264f-5f6b-4138-aeee-2ff7d4522ead: receive RaftClientReply:client-CF63D631FA17->3cf1264f-5f6b-4138-aeee-2ff7d4522ead@group-561E16522154, cid=2847, SUCCESS, logIndex=0, commits[3cf1264f-5f6b-4138-aeee-2ff7d4522ead:c4276, 4f0d1a15-8f14-4d9a-ad4f-8211e1245b5d:c4273, 6999f20e-c3f7-4db4-87ca-141c476f2a88:c4273]
2019-08-22 07:03:43,661 | INFO  | DNAudit | user=null | ip=null | op=WRITE_CHUNK {blockData=conID: 3 locID: 102659353697190517 bcsId: 4275} | ret=SUCCESS |  
2019-08-22 07:03:43,663 | INFO  | DNAudit | user=null | ip=null | op=WRITE_CHUNK {blockData=conID: 3 locID: 102659353697190517 bcsId: 0} | ret=SUCCESS |  
2019-08-22 07:03:43,663 | INFO  | DNAudit | user=null | ip=null | op=PUT_BLOCK {blockData=[blockId=conID: 3 locID: 102659353697190517 bcsId: 0,size=2097152]} | ret=SUCCESS |  
2019-08-22 07:03:43,663 | INFO  | DNAudit | user=null | ip=null | op=WRITE_CHUNK {blockData=conID: 3 locID: 102659353697190517 bcsId: 0} | ret=SUCCESS |  
2019-08-22 07:03:43,663 | INFO  | DNAudit | user=null | ip=null | op=PUT_BLOCK {blockData=[blockId=conID: 3 locID: 102659353697190517 bcsId: 0,size=2097152]} | ret=SUCCESS |  
2019-08-22 07:03:43,665 | INFO  | DNAudit | user=null | ip=null | op=WRITE_CHUNK {blockData=conID: 3 locID: 102659353697190517 bcsId: 4275} | ret=SUCCESS |  
2019-08-22 07:03:43,665 | INFO  | DNAudit | user=null | ip=null | op=WRITE_CHUNK {blockData=conID: 3 locID: 102659353697190517 bcsId: 4275} | ret=SUCCESS |  
2019-08-22 07:03:43,677 | INFO  | DNAudit | user=null | ip=null | op=WRITE_CHUNK {blockData=conID: 3 locID: 102659353697190517 bcsId: 4275} | ret=SUCCESS |  
2019-08-22 07:03:43,677 | INFO  | DNAudit | user=null | ip=null | op=PUT_BLOCK {blockData=[blockId=conID: 3 locID: 102659353697190517 bcsId: 0,size=3145728]} | ret=SUCCESS |  
2019-08-22 07:03:43,678 [grpc-default-executor-0] INFO  client.GrpcClientProtocolClient (GrpcClientProtocolClient.java:onNext(255)) - client-CF63D631FA17->3cf1264f-5f6b-4138-aeee-2ff7d4522ead: receive RaftClientReply:client-CF63D631FA17->3cf1264f-5f6b-4138-aeee-2ff7d4522ead@group-561E16522154, cid=2848, SUCCESS, logIndex=4280, commits[3cf1264f-5f6b-4138-aeee-2ff7d4522ead:c4281, 4f0d1a15-8f14-4d9a-ad4f-8211e1245b5d:c4276, 6999f20e-c3f7-4db4-87ca-141c476f2a88:c4276]
2019-08-22 07:03:43,678 [grpc-default-executor-0] INFO  client.GrpcClientProtocolClient (GrpcClientProtocolClient.java:onNext(255)) - client-CF63D631FA17->3cf1264f-5f6b-4138-aeee-2ff7d4522ead: receive RaftClientReply:client-CF63D631FA17->3cf1264f-5f6b-4138-aeee-2ff7d4522ead@group-561E16522154, cid=2849, SUCCESS, logIndex=4281, commits[3cf1264f-5f6b-4138-aeee-2ff7d4522ead:c4281, 4f0d1a15-8f14-4d9a-ad4f-8211e1245b5d:c4276, 6999f20e-c3f7-4db4-87ca-141c476f2a88:c4276]
2019-08-22 07:03:43,686 | INFO  | DNAudit | user=null | ip=null | op=WRITE_CHUNK {blockData=conID: 3 locID: 102659353697190517 bcsId: 4281} | ret=SUCCESS |  
2019-08-22 07:03:43,688 | INFO  | DNAudit | user=null | ip=null | op=WRITE_CHUNK {blockData=conID: 3 locID: 102659353697190517 bcsId: 4275} | ret=SUCCESS |  
2019-08-22 07:03:43,689 | INFO  | DNAudit | user=null | ip=null | op=WRITE_CHUNK {blockData=conID: 3 locID: 102659353697190517 bcsId: 4275} | ret=SUCCESS |  
2019-08-22 07:03:43,689 | INFO  | DNAudit | user=null | ip=null | op=PUT_BLOCK {blockData=[blockId=conID: 3 locID: 102659353697190517 bcsId: 0,size=3145728]} | ret=SUCCESS |  
2019-08-22 07:03:43,689 | INFO  | DNAudit | user=null | ip=null | op=PUT_BLOCK {blockData=[blockId=conID: 3 locID: 102659353697190517 bcsId: 0,size=3145728]} | ret=SUCCESS |  
2019-08-22 07:03:43,690 | INFO  | DNAudit | user=null | ip=null | op=WRITE_CHUNK {blockData=conID: 3 locID: 102659353697190517 bcsId: 4281} | ret=SUCCESS |  
2019-08-22 07:03:43,691 | INFO  | DNAudit | user=null | ip=null | op=WRITE_CHUNK {blockData=conID: 3 locID: 102659353697190517 bcsId: 4281} | ret=SUCCESS |  
2019-08-22 07:03:43,702 | INFO  | DNAudit | user=null | ip=null | op=WRITE_CHUNK {blockData=conID: 3 locID: 102659353697190517 bcsId: 4281} | ret=SUCCESS |  
2019-08-22 07:03:43,703 | INFO  | DNAudit | user=null | ip=null | op=PUT_BLOCK {blockData=[blockId=conID: 3 locID: 102659353697190517 bcsId: 0,size=4194304]} | ret=SUCCESS |  
2019-08-22 07:03:43,703 [grpc-default-executor-0] INFO  client.GrpcClientProtocolClient (GrpcClientProtocolClient.java:onNext(255)) - client-CF63D631FA17->3cf1264f-5f6b-4138-aeee-2ff7d4522ead: receive RaftClientReply:client-CF63D631FA17->3cf1264f-5f6b-4138-aeee-2ff7d4522ead@group-561E16522154, cid=2850, SUCCESS, logIndex=4283, commits[3cf1264f-5f6b-4138-aeee-2ff7d4522ead:c4284, 4f0d1a15-8f14-4d9a-ad4f-8211e1245b5d:c4281, 6999f20e-c3f7-4db4-87ca-141c476f2a88:c4281]
2019-08-22 07:03:43,703 [grpc-default-executor-0] INFO  client.GrpcClientProtocolClient (GrpcClientProtocolClient.java:onNext(255)) - client-CF63D631FA17->3cf1264f-5f6b-4138-aeee-2ff7d4522ead: receive RaftClientReply:client-CF63D631FA17->3cf1264f-5f6b-4138-aeee-2ff7d4522ead@group-561E16522154, cid=2851, SUCCESS, logIndex=4284, commits[3cf1264f-5f6b-4138-aeee-2ff7d4522ead:c4284, 4f0d1a15-8f14-4d9a-ad4f-8211e1245b5d:c4281, 6999f20e-c3f7-4db4-87ca-141c476f2a88:c4281]
2019-08-22 07:03:43,705 | INFO  | DNAudit | user=null | ip=null | op=WRITE_CHUNK {blockData=conID: 3 locID: 102659353697190517 bcsId: 4281} | ret=SUCCESS |  
2019-08-22 07:03:43,706 | INFO  | DNAudit | user=null | ip=null | op=WRITE_CHUNK {blockData=conID: 3 locID: 102659353697190517 bcsId: 4281} | ret=SUCCESS |  
2019-08-22 07:03:43,707 | INFO  | DNAudit | user=null | ip=null | op=PUT_BLOCK {blockData=[blockId=conID: 3 locID: 102659353697190517 bcsId: 0,size=4194304]} | ret=SUCCESS |  
2019-08-22 07:03:43,707 | INFO  | DNAudit | user=null | ip=null | op=PUT_BLOCK {blockData=[blockId=conID: 3 locID: 102659353697190517 bcsId: 0,size=4194304]} | ret=SUCCESS |  
2019-08-22 07:03:43,708 [grpc-default-executor-0] INFO  client.GrpcClientProtocolClient (GrpcClientProtocolClient.java:onNext(255)) - client-CF63D631FA17->3cf1264f-5f6b-4138-aeee-2ff7d4522ead: receive RaftClientReply:client-CF63D631FA17->3cf1264f-5f6b-4138-aeee-2ff7d4522ead@group-561E16522154, cid=2852, SUCCESS, logIndex=0, commits[3cf1264f-5f6b-4138-aeee-2ff7d4522ead:c4286, 4f0d1a15-8f14-4d9a-ad4f-8211e1245b5d:c4284, 6999f20e-c3f7-4db4-87ca-141c476f2a88:c4284]
2019-08-22 07:03:43,715 | INFO  | SCMAudit | user=jenkins1000 | ip=192.168.34.31 | op=ALLOCATE_BLOCK {owner=04b6d46a-98e2-41b1-9f38-1870289993ea, size=4194304, type=RATIS, factor=THREE} | ret=SUCCESS |  
2019-08-22 07:03:43,719 | INFO  | OMAudit | user=jenkins1000 | ip=127.0.0.1 | op=ALLOCATE_BLOCK {volume=vol-0-14906, bucket=bucket-0-53153, key=key-0-33222, dataSize=0, replicationType=null, replicationFactor=null, keyLocationInfo=null, clientID=102659352017764754} | ret=SUCCESS |  
2019-08-22 07:03:43,728 | INFO  | DNAudit | user=null | ip=null | op=WRITE_CHUNK {blockData=conID: 1 locID: 102659353720586870 bcsId: 0} | ret=SUCCESS |  
2019-08-22 07:03:43,730 | INFO  | DNAudit | user=null | ip=null | op=WRITE_CHUNK {blockData=conID: 1 locID: 102659353720586870 bcsId: 0} | ret=SUCCESS |  
2019-08-22 07:03:43,731 | INFO  | DNAudit | user=null | ip=null | op=WRITE_CHUNK {blockData=conID: 1 locID: 102659353720586870 bcsId: 0} | ret=SUCCESS |  
2019-08-22 07:03:43,731 | INFO  | DNAudit | user=null | ip=null | op=WRITE_CHUNK {blockData=conID: 1 locID: 102659353720586870 bcsId: 0} | ret=SUCCESS |  
2019-08-22 07:03:43,734 | INFO  | DNAudit | user=null | ip=null | op=WRITE_CHUNK {blockData=conID: 1 locID: 102659353720586870 bcsId: 0} | ret=SUCCESS |  
2019-08-22 07:03:43,734 | INFO  | DNAudit | user=null | ip=null | op=WRITE_CHUNK {blockData=conID: 1 locID: 102659353720586870 bcsId: 0} | ret=SUCCESS |  
2019-08-22 07:03:43,734 | INFO  | DNAudit | user=null | ip=null | op=WRITE_CHUNK {blockData=conID: 1 locID: 102659353720586870 bcsId: 0} | ret=SUCCESS |  
2019-08-22 07:03:43,734 | INFO  | DNAudit | user=null | ip=null | op=PUT_BLOCK {blockData=[blockId=conID: 1 locID: 102659353720586870 bcsId: 0,size=1048576]} | ret=SUCCESS |  
2019-08-22 07:03:43,734 [grpc-default-executor-1] INFO  client.GrpcClientProtocolClient (GrpcClientProtocolClient.java:onNext(255)) - client-CF63D631FA17->3cf1264f-5f6b-4138-aeee-2ff7d4522ead: receive RaftClientReply:client-CF63D631FA17->3cf1264f-5f6b-4138-aeee-2ff7d4522ead@group-561E16522154, cid=2853, SUCCESS, logIndex=4287, commits[3cf1264f-5f6b-4138-aeee-2ff7d4522ead:c4288, 4f0d1a15-8f14-4d9a-ad4f-8211e1245b5d:c4286, 6999f20e-c3f7-4db4-87ca-141c476f2a88:c4286]
2019-08-22 07:03:43,735 [grpc-default-executor-1] INFO  client.GrpcClientProtocolClient (GrpcClientProtocolClient.java:onNext(255)) - client-CF63D631FA17->3cf1264f-5f6b-4138-aeee-2ff7d4522ead: receive RaftClientReply:client-CF63D631FA17->3cf1264f-5f6b-4138-aeee-2ff7d4522ead@group-561E16522154, cid=2854, SUCCESS, logIndex=4288, commits[3cf1264f-5f6b-4138-aeee-2ff7d4522ead:c4288, 4f0d1a15-8f14-4d9a-ad4f-8211e1245b5d:c4286, 6999f20e-c3f7-4db4-87ca-141c476f2a88:c4286]
2019-08-22 07:03:43,738 | INFO  | DNAudit | user=null | ip=null | op=WRITE_CHUNK {blockData=conID: 1 locID: 102659353720586870 bcsId: 0} | ret=SUCCESS |  
2019-08-22 07:03:43,738 | INFO  | DNAudit | user=null | ip=null | op=WRITE_CHUNK {blockData=conID: 1 locID: 102659353720586870 bcsId: 0} | ret=SUCCESS |  
2019-08-22 07:03:43,738 | INFO  | DNAudit | user=null | ip=null | op=WRITE_CHUNK {blockData=conID: 1 locID: 102659353720586870 bcsId: 0} | ret=SUCCESS |  
2019-08-22 07:03:43,739 | INFO  | DNAudit | user=null | ip=null | op=PUT_BLOCK {blockData=[blockId=conID: 1 locID: 102659353720586870 bcsId: 0,size=1048576]} | ret=SUCCESS |  
2019-08-22 07:03:43,739 | INFO  | DNAudit | user=null | ip=null | op=PUT_BLOCK {blockData=[blockId=conID: 1 locID: 102659353720586870 bcsId: 0,size=1048576]} | ret=SUCCESS |  
2019-08-22 07:03:43,739 | INFO  | DNAudit | user=null | ip=null | op=PUT_BLOCK {blockData=[blockId=conID: 1 locID: 102659353720586870 bcsId: 0,size=2097152]} | ret=SUCCESS |  
2019-08-22 07:03:43,739 | INFO  | DNAudit | user=null | ip=null | op=WRITE_CHUNK {blockData=conID: 1 locID: 102659353720586870 bcsId: 0} | ret=SUCCESS |  
2019-08-22 07:03:43,739 [grpc-default-executor-0] INFO  client.GrpcClientProtocolClient (GrpcClientProtocolClient.java:onNext(255)) - client-CF63D631FA17->3cf1264f-5f6b-4138-aeee-2ff7d4522ead: receive RaftClientReply:client-CF63D631FA17->3cf1264f-5f6b-4138-aeee-2ff7d4522ead@group-561E16522154, cid=2855, SUCCESS, logIndex=4289, commits[3cf1264f-5f6b-4138-aeee-2ff7d4522ead:c4290, 4f0d1a15-8f14-4d9a-ad4f-8211e1245b5d:c4286, 6999f20e-c3f7-4db4-87ca-141c476f2a88:c4286]
2019-08-22 07:03:43,739 | INFO  | DNAudit | user=null | ip=null | op=PUT_BLOCK {blockData=[blockId=conID: 1 locID: 102659353720586870 bcsId: 0,size=2097152]} | ret=SUCCESS |  
2019-08-22 07:03:43,739 [grpc-default-executor-0] INFO  client.GrpcClientProtocolClient (GrpcClientProtocolClient.java:onNext(255)) - client-CF63D631FA17->3cf1264f-5f6b-4138-aeee-2ff7d4522ead: receive RaftClientReply:client-CF63D631FA17->3cf1264f-5f6b-4138-aeee-2ff7d4522ead@group-561E16522154, cid=2856, SUCCESS, logIndex=4290, commits[3cf1264f-5f6b-4138-aeee-2ff7d4522ead:c4292, 4f0d1a15-8f14-4d9a-ad4f-8211e1245b5d:c4288, 6999f20e-c3f7-4db4-87ca-141c476f2a88:c4288]
2019-08-22 07:03:43,740 | INFO  | DNAudit | user=null | ip=null | op=WRITE_CHUNK {blockData=conID: 1 locID: 102659353720586870 bcsId: 0} | ret=SUCCESS |  
2019-08-22 07:03:43,741 | INFO  | DNAudit | user=null | ip=null | op=PUT_BLOCK {blockData=[blockId=conID: 1 locID: 102659353720586870 bcsId: 0,size=2097152]} | ret=SUCCESS |  
2019-08-22 07:03:43,747 | INFO  | DNAudit | user=null | ip=null | op=WRITE_CHUNK {blockData=conID: 1 locID: 102659353720586870 bcsId: 4290} | ret=SUCCESS |  
2019-08-22 07:03:43,750 | INFO  | DNAudit | user=null | ip=null | op=WRITE_CHUNK {blockData=conID: 1 locID: 102659353720586870 bcsId: 4290} | ret=SUCCESS |  
2019-08-22 07:03:43,750 | INFO  | DNAudit | user=null | ip=null | op=WRITE_CHUNK {blockData=conID: 1 locID: 102659353720586870 bcsId: 4290} | ret=SUCCESS |  
2019-08-22 07:03:43,765 | INFO  | DNAudit | user=null | ip=null | op=WRITE_CHUNK {blockData=conID: 1 locID: 102659353720586870 bcsId: 4290} | ret=SUCCESS |  
2019-08-22 07:03:43,766 | INFO  | DNAudit | user=null | ip=null | op=PUT_BLOCK {blockData=[blockId=conID: 1 locID: 102659353720586870 bcsId: 0,size=3145728]} | ret=SUCCESS |  
2019-08-22 07:03:43,766 [grpc-default-executor-0] INFO  client.GrpcClientProtocolClient (GrpcClientProtocolClient.java:onNext(255)) - client-CF63D631FA17->3cf1264f-5f6b-4138-aeee-2ff7d4522ead: receive RaftClientReply:client-CF63D631FA17->3cf1264f-5f6b-4138-aeee-2ff7d4522ead@group-561E16522154, cid=2857, SUCCESS, logIndex=4295, commits[3cf1264f-5f6b-4138-aeee-2ff7d4522ead:c4296, 4f0d1a15-8f14-4d9a-ad4f-8211e1245b5d:c4294, 6999f20e-c3f7-4db4-87ca-141c476f2a88:c4294]
2019-08-22 07:03:43,766 [grpc-default-executor-0] INFO  client.GrpcClientProtocolClient (GrpcClientProtocolClient.java:onNext(255)) - client-CF63D631FA17->3cf1264f-5f6b-4138-aeee-2ff7d4522ead: receive RaftClientReply:client-CF63D631FA17->3cf1264f-5f6b-4138-aeee-2ff7d4522ead@group-561E16522154, cid=2858, SUCCESS, logIndex=4296, commits[3cf1264f-5f6b-4138-aeee-2ff7d4522ead:c4296, 4f0d1a15-8f14-4d9a-ad4f-8211e1245b5d:c4294, 6999f20e-c3f7-4db4-87ca-141c476f2a88:c4294]
2019-08-22 07:03:43,774 | INFO  | DNAudit | user=null | ip=null | op=WRITE_CHUNK {blockData=conID: 1 locID: 102659353720586870 bcsId: 4296} | ret=SUCCESS |  
2019-08-22 07:03:43,776 | INFO  | DNAudit | user=null | ip=null | op=WRITE_CHUNK {blockData=conID: 1 locID: 102659353720586870 bcsId: 4296} | ret=SUCCESS |  
2019-08-22 07:03:43,777 | INFO  | DNAudit | user=null | ip=null | op=WRITE_CHUNK {blockData=conID: 1 locID: 102659353720586870 bcsId: 4296} | ret=SUCCESS |  
2019-08-22 07:03:43,777 | INFO  | DNAudit | user=null | ip=null | op=WRITE_CHUNK {blockData=conID: 1 locID: 102659353720586870 bcsId: 4290} | ret=SUCCESS |  
2019-08-22 07:03:43,777 | INFO  | DNAudit | user=null | ip=null | op=WRITE_CHUNK {blockData=conID: 1 locID: 102659353720586870 bcsId: 4290} | ret=SUCCESS |  
2019-08-22 07:03:43,779 | INFO  | DNAudit | user=null | ip=null | op=PUT_BLOCK {blockData=[blockId=conID: 1 locID: 102659353720586870 bcsId: 0,size=3145728]} | ret=SUCCESS |  
2019-08-22 07:03:43,779 | INFO  | DNAudit | user=null | ip=null | op=PUT_BLOCK {blockData=[blockId=conID: 1 locID: 102659353720586870 bcsId: 0,size=3145728]} | ret=SUCCESS |  
2019-08-22 07:03:43,780 | INFO  | DNAudit | user=null | ip=null | op=WRITE_CHUNK {blockData=conID: 1 locID: 102659353720586870 bcsId: 4296} | ret=SUCCESS |  
2019-08-22 07:03:43,780 | INFO  | DNAudit | user=null | ip=null | op=PUT_BLOCK {blockData=[blockId=conID: 1 locID: 102659353720586870 bcsId: 0,size=4194304]} | ret=SUCCESS |  
2019-08-22 07:03:43,780 [grpc-default-executor-3] INFO  client.GrpcClientProtocolClient (GrpcClientProtocolClient.java:onNext(255)) - client-CF63D631FA17->3cf1264f-5f6b-4138-aeee-2ff7d4522ead: receive RaftClientReply:client-CF63D631FA17->3cf1264f-5f6b-4138-aeee-2ff7d4522ead@group-561E16522154, cid=2859, SUCCESS, logIndex=4299, commits[3cf1264f-5f6b-4138-aeee-2ff7d4522ead:c4300, 4f0d1a15-8f14-4d9a-ad4f-8211e1245b5d:c4296, 6999f20e-c3f7-4db4-87ca-141c476f2a88:c4296]
2019-08-22 07:03:43,781 [grpc-default-executor-3] INFO  client.GrpcClientProtocolClient (GrpcClientProtocolClient.java:onNext(255)) - client-CF63D631FA17->3cf1264f-5f6b-4138-aeee-2ff7d4522ead: receive RaftClientReply:client-CF63D631FA17->3cf1264f-5f6b-4138-aeee-2ff7d4522ead@group-561E16522154, cid=2860, SUCCESS, logIndex=4300, commits[3cf1264f-5f6b-4138-aeee-2ff7d4522ead:c4300, 4f0d1a15-8f14-4d9a-ad4f-8211e1245b5d:c4296, 6999f20e-c3f7-4db4-87ca-141c476f2a88:c4296]
2019-08-22 07:03:43,791 | INFO  | DNAudit | user=null | ip=null | op=WRITE_CHUNK {blockData=conID: 1 locID: 102659353720586870 bcsId: 4296} | ret=SUCCESS |  
2019-08-22 07:03:43,792 | INFO  | DNAudit | user=null | ip=null | op=WRITE_CHUNK {blockData=conID: 1 locID: 102659353720586870 bcsId: 4296} | ret=SUCCESS |  
2019-08-22 07:03:43,794 | INFO  | DNAudit | user=null | ip=null | op=PUT_BLOCK {blockData=[blockId=conID: 1 locID: 102659353720586870 bcsId: 0,size=4194304]} | ret=SUCCESS |  
2019-08-22 07:03:43,794 | INFO  | DNAudit | user=null | ip=null | op=PUT_BLOCK {blockData=[blockId=conID: 1 locID: 102659353720586870 bcsId: 0,size=4194304]} | ret=SUCCESS |  
2019-08-22 07:03:43,795 [grpc-default-executor-3] INFO  client.GrpcClientProtocolClient (GrpcClientProtocolClient.java:onNext(255)) - client-CF63D631FA17->3cf1264f-5f6b-4138-aeee-2ff7d4522ead: receive RaftClientReply:client-CF63D631FA17->3cf1264f-5f6b-4138-aeee-2ff7d4522ead@group-561E16522154, cid=2861, SUCCESS, logIndex=0, commits[3cf1264f-5f6b-4138-aeee-2ff7d4522ead:c4302, 4f0d1a15-8f14-4d9a-ad4f-8211e1245b5d:c4300, 6999f20e-c3f7-4db4-87ca-141c476f2a88:c4300]
2019-08-22 07:03:43,801 | INFO  | SCMAudit | user=jenkins1000 | ip=192.168.34.31 | op=ALLOCATE_BLOCK {owner=04b6d46a-98e2-41b1-9f38-1870289993ea, size=4194304, type=RATIS, factor=THREE} | ret=SUCCESS |  
2019-08-22 07:03:43,805 | INFO  | OMAudit | user=jenkins1000 | ip=127.0.0.1 | op=ALLOCATE_BLOCK {volume=vol-0-14906, bucket=bucket-0-53153, key=key-0-33222, dataSize=0, replicationType=null, replicationFactor=null, keyLocationInfo=null, clientID=102659352017764754} | ret=SUCCESS |  
2019-08-22 07:03:43,813 | INFO  | DNAudit | user=null | ip=null | op=WRITE_CHUNK {blockData=conID: 2 locID: 102659353726222967 bcsId: 0} | ret=SUCCESS |  
2019-08-22 07:03:43,816 | INFO  | DNAudit | user=null | ip=null | op=WRITE_CHUNK {blockData=conID: 2 locID: 102659353726222967 bcsId: 0} | ret=SUCCESS |  
2019-08-22 07:03:43,817 | INFO  | DNAudit | user=null | ip=null | op=WRITE_CHUNK {blockData=conID: 2 locID: 102659353726222967 bcsId: 0} | ret=SUCCESS |  
2019-08-22 07:03:43,817 | INFO  | DNAudit | user=null | ip=null | op=WRITE_CHUNK {blockData=conID: 2 locID: 102659353726222967 bcsId: 0} | ret=SUCCESS |  
2019-08-22 07:03:43,819 | INFO  | DNAudit | user=null | ip=null | op=WRITE_CHUNK {blockData=conID: 2 locID: 102659353726222967 bcsId: 0} | ret=SUCCESS |  
2019-08-22 07:03:43,819 | INFO  | DNAudit | user=null | ip=null | op=WRITE_CHUNK {blockData=conID: 2 locID: 102659353726222967 bcsId: 0} | ret=SUCCESS |  
2019-08-22 07:03:43,827 | INFO  | DNAudit | user=null | ip=null | op=WRITE_CHUNK {blockData=conID: 2 locID: 102659353726222967 bcsId: 0} | ret=SUCCESS |  
2019-08-22 07:03:43,827 | INFO  | DNAudit | user=null | ip=null | op=PUT_BLOCK {blockData=[blockId=conID: 2 locID: 102659353726222967 bcsId: 0,size=1048576]} | ret=SUCCESS |  
2019-08-22 07:03:43,828 [grpc-default-executor-3] INFO  client.GrpcClientProtocolClient (GrpcClientProtocolClient.java:onNext(255)) - client-CF63D631FA17->3cf1264f-5f6b-4138-aeee-2ff7d4522ead: receive RaftClientReply:client-CF63D631FA17->3cf1264f-5f6b-4138-aeee-2ff7d4522ead@group-561E16522154, cid=2862, SUCCESS, logIndex=4303, commits[3cf1264f-5f6b-4138-aeee-2ff7d4522ead:c4304, 4f0d1a15-8f14-4d9a-ad4f-8211e1245b5d:c4302, 6999f20e-c3f7-4db4-87ca-141c476f2a88:c4302]
2019-08-22 07:03:43,828 [grpc-default-executor-3] INFO  client.GrpcClientProtocolClient (GrpcClientProtocolClient.java:onNext(255)) - client-CF63D631FA17->3cf1264f-5f6b-4138-aeee-2ff7d4522ead: receive RaftClientReply:client-CF63D631FA17->3cf1264f-5f6b-4138-aeee-2ff7d4522ead@group-561E16522154, cid=2863, SUCCESS, logIndex=4304, commits[3cf1264f-5f6b-4138-aeee-2ff7d4522ead:c4304, 4f0d1a15-8f14-4d9a-ad4f-8211e1245b5d:c4302, 6999f20e-c3f7-4db4-87ca-141c476f2a88:c4302]
2019-08-22 07:03:43,838 | INFO  | DNAudit | user=null | ip=null | op=WRITE_CHUNK {blockData=conID: 2 locID: 102659353726222967 bcsId: 0} | ret=SUCCESS |  
2019-08-22 07:03:43,838 | INFO  | DNAudit | user=null | ip=null | op=PUT_BLOCK {blockData=[blockId=conID: 2 locID: 102659353726222967 bcsId: 0,size=2097152]} | ret=SUCCESS |  
2019-08-22 07:03:43,838 [grpc-default-executor-3] INFO  client.GrpcClientProtocolClient (GrpcClientProtocolClient.java:onNext(255)) - client-CF63D631FA17->3cf1264f-5f6b-4138-aeee-2ff7d4522ead: receive RaftClientReply:client-CF63D631FA17->3cf1264f-5f6b-4138-aeee-2ff7d4522ead@group-561E16522154, cid=2864, SUCCESS, logIndex=4305, commits[3cf1264f-5f6b-4138-aeee-2ff7d4522ead:c4306, 4f0d1a15-8f14-4d9a-ad4f-8211e1245b5d:c4302, 6999f20e-c3f7-4db4-87ca-141c476f2a88:c4302]
2019-08-22 07:03:43,839 [grpc-default-executor-3] INFO  client.GrpcClientProtocolClient (GrpcClientProtocolClient.java:onNext(255)) - client-CF63D631FA17->3cf1264f-5f6b-4138-aeee-2ff7d4522ead: receive RaftClientReply:client-CF63D631FA17->3cf1264f-5f6b-4138-aeee-2ff7d4522ead@group-561E16522154, cid=2865, SUCCESS, logIndex=4306, commits[3cf1264f-5f6b-4138-aeee-2ff7d4522ead:c4306, 4f0d1a15-8f14-4d9a-ad4f-8211e1245b5d:c4302, 6999f20e-c3f7-4db4-87ca-141c476f2a88:c4302]
2019-08-22 07:03:43,839 | INFO  | DNAudit | user=null | ip=null | op=WRITE_CHUNK {blockData=conID: 2 locID: 102659353726222967 bcsId: 0} | ret=SUCCESS |  
2019-08-22 07:03:43,839 | INFO  | DNAudit | user=null | ip=null | op=WRITE_CHUNK {blockData=conID: 2 locID: 102659353726222967 bcsId: 0} | ret=SUCCESS |  
2019-08-22 07:03:43,840 | INFO  | DNAudit | user=null | ip=null | op=PUT_BLOCK {blockData=[blockId=conID: 2 locID: 102659353726222967 bcsId: 0,size=1048576]} | ret=SUCCESS |  
2019-08-22 07:03:43,840 | INFO  | DNAudit | user=null | ip=null | op=PUT_BLOCK {blockData=[blockId=conID: 2 locID: 102659353726222967 bcsId: 0,size=1048576]} | ret=SUCCESS |  
2019-08-22 07:03:43,840 [grpc-default-executor-3] INFO  client.GrpcClientProtocolClient (GrpcClientProtocolClient.java:onNext(255)) - client-CF63D631FA17->3cf1264f-5f6b-4138-aeee-2ff7d4522ead: receive RaftClientReply:client-CF63D631FA17->3cf1264f-5f6b-4138-aeee-2ff7d4522ead@group-561E16522154, cid=2866, SUCCESS, logIndex=0, commits[3cf1264f-5f6b-4138-aeee-2ff7d4522ead:c4308, 4f0d1a15-8f14-4d9a-ad4f-8211e1245b5d:c4304, 6999f20e-c3f7-4db4-87ca-141c476f2a88:c4304]
2019-08-22 07:03:43,841 | INFO  | DNAudit | user=null | ip=null | op=WRITE_CHUNK {blockData=conID: 2 locID: 102659353726222967 bcsId: 0} | ret=SUCCESS |  
2019-08-22 07:03:43,841 | INFO  | DNAudit | user=null | ip=null | op=WRITE_CHUNK {blockData=conID: 2 locID: 102659353726222967 bcsId: 0} | ret=SUCCESS |  
2019-08-22 07:03:43,841 | INFO  | DNAudit | user=null | ip=null | op=PUT_BLOCK {blockData=[blockId=conID: 2 locID: 102659353726222967 bcsId: 0,size=2097152]} | ret=SUCCESS |  
2019-08-22 07:03:43,842 | INFO  | DNAudit | user=null | ip=null | op=PUT_BLOCK {blockData=[blockId=conID: 2 locID: 102659353726222967 bcsId: 0,size=2097152]} | ret=SUCCESS |  
2019-08-22 07:03:43,848 | INFO  | DNAudit | user=null | ip=null | op=WRITE_CHUNK {blockData=conID: 2 locID: 102659353726222967 bcsId: 4306} | ret=SUCCESS |  
2019-08-22 07:03:43,850 | INFO  | DNAudit | user=null | ip=null | op=WRITE_CHUNK {blockData=conID: 2 locID: 102659353726222967 bcsId: 4306} | ret=SUCCESS |  
2019-08-22 07:03:43,850 | INFO  | DNAudit | user=null | ip=null | op=WRITE_CHUNK {blockData=conID: 2 locID: 102659353726222967 bcsId: 4306} | ret=SUCCESS |  
2019-08-22 07:03:43,860 | INFO  | DNAudit | user=null | ip=null | op=WRITE_CHUNK {blockData=conID: 2 locID: 102659353726222967 bcsId: 4306} | ret=SUCCESS |  
2019-08-22 07:03:43,861 | INFO  | DNAudit | user=null | ip=null | op=PUT_BLOCK {blockData=[blockId=conID: 2 locID: 102659353726222967 bcsId: 0,size=3145728]} | ret=SUCCESS |  
2019-08-22 07:03:43,861 [grpc-default-executor-1] INFO  client.GrpcClientProtocolClient (GrpcClientProtocolClient.java:onNext(255)) - client-CF63D631FA17->3cf1264f-5f6b-4138-aeee-2ff7d4522ead: receive RaftClientReply:client-CF63D631FA17->3cf1264f-5f6b-4138-aeee-2ff7d4522ead@group-561E16522154, cid=2867, SUCCESS, logIndex=4311, commits[3cf1264f-5f6b-4138-aeee-2ff7d4522ead:c4312, 4f0d1a15-8f14-4d9a-ad4f-8211e1245b5d:c4310, 6999f20e-c3f7-4db4-87ca-141c476f2a88:c4310]
2019-08-22 07:03:43,861 [grpc-default-executor-1] INFO  client.GrpcClientProtocolClient (GrpcClientProtocolClient.java:onNext(255)) - client-CF63D631FA17->3cf1264f-5f6b-4138-aeee-2ff7d4522ead: receive RaftClientReply:client-CF63D631FA17->3cf1264f-5f6b-4138-aeee-2ff7d4522ead@group-561E16522154, cid=2868, SUCCESS, logIndex=4312, commits[3cf1264f-5f6b-4138-aeee-2ff7d4522ead:c4312, 4f0d1a15-8f14-4d9a-ad4f-8211e1245b5d:c4310, 6999f20e-c3f7-4db4-87ca-141c476f2a88:c4310]
2019-08-22 07:03:43,868 | INFO  | DNAudit | user=null | ip=null | op=WRITE_CHUNK {blockData=conID: 2 locID: 102659353726222967 bcsId: 4312} | ret=SUCCESS |  
2019-08-22 07:03:43,872 | INFO  | DNAudit | user=null | ip=null | op=WRITE_CHUNK {blockData=conID: 2 locID: 102659353726222967 bcsId: 4306} | ret=SUCCESS |  
2019-08-22 07:03:43,872 | INFO  | DNAudit | user=null | ip=null | op=WRITE_CHUNK {blockData=conID: 2 locID: 102659353726222967 bcsId: 4306} | ret=SUCCESS |  
2019-08-22 07:03:43,872 | INFO  | DNAudit | user=null | ip=null | op=PUT_BLOCK {blockData=[blockId=conID: 2 locID: 102659353726222967 bcsId: 0,size=3145728]} | ret=SUCCESS |  
2019-08-22 07:03:43,872 | INFO  | DNAudit | user=null | ip=null | op=PUT_BLOCK {blockData=[blockId=conID: 2 locID: 102659353726222967 bcsId: 0,size=3145728]} | ret=SUCCESS |  
2019-08-22 07:03:43,873 | INFO  | DNAudit | user=null | ip=null | op=WRITE_CHUNK {blockData=conID: 2 locID: 102659353726222967 bcsId: 4312} | ret=SUCCESS |  
2019-08-22 07:03:43,873 | INFO  | DNAudit | user=null | ip=null | op=WRITE_CHUNK {blockData=conID: 2 locID: 102659353726222967 bcsId: 4312} | ret=SUCCESS |  
2019-08-22 07:03:43,885 | INFO  | DNAudit | user=null | ip=null | op=WRITE_CHUNK {blockData=conID: 2 locID: 102659353726222967 bcsId: 4312} | ret=SUCCESS |  
2019-08-22 07:03:43,886 | INFO  | DNAudit | user=null | ip=null | op=PUT_BLOCK {blockData=[blockId=conID: 2 locID: 102659353726222967 bcsId: 0,size=4194304]} | ret=SUCCESS |  
2019-08-22 07:03:43,886 [grpc-default-executor-3] INFO  client.GrpcClientProtocolClient (GrpcClientProtocolClient.java:onNext(255)) - client-CF63D631FA17->3cf1264f-5f6b-4138-aeee-2ff7d4522ead: receive RaftClientReply:client-CF63D631FA17->3cf1264f-5f6b-4138-aeee-2ff7d4522ead@group-561E16522154, cid=2869, SUCCESS, logIndex=4315, commits[3cf1264f-5f6b-4138-aeee-2ff7d4522ead:c4316, 4f0d1a15-8f14-4d9a-ad4f-8211e1245b5d:c4312, 6999f20e-c3f7-4db4-87ca-141c476f2a88:c4312]
2019-08-22 07:03:43,886 [grpc-default-executor-3] INFO  client.GrpcClientProtocolClient (GrpcClientProtocolClient.java:onNext(255)) - client-CF63D631FA17->3cf1264f-5f6b-4138-aeee-2ff7d4522ead: receive RaftClientReply:client-CF63D631FA17->3cf1264f-5f6b-4138-aeee-2ff7d4522ead@group-561E16522154, cid=2870, SUCCESS, logIndex=4316, commits[3cf1264f-5f6b-4138-aeee-2ff7d4522ead:c4316, 4f0d1a15-8f14-4d9a-ad4f-8211e1245b5d:c4312, 6999f20e-c3f7-4db4-87ca-141c476f2a88:c4312]
2019-08-22 07:03:43,898 | INFO  | DNAudit | user=null | ip=null | op=WRITE_CHUNK {blockData=conID: 2 locID: 102659353726222967 bcsId: 4312} | ret=SUCCESS |  
2019-08-22 07:03:43,899 | INFO  | DNAudit | user=null | ip=null | op=WRITE_CHUNK {blockData=conID: 2 locID: 102659353726222967 bcsId: 4312} | ret=SUCCESS |  
2019-08-22 07:03:43,899 | INFO  | DNAudit | user=null | ip=null | op=PUT_BLOCK {blockData=[blockId=conID: 2 locID: 102659353726222967 bcsId: 0,size=4194304]} | ret=SUCCESS |  
2019-08-22 07:03:43,900 | INFO  | DNAudit | user=null | ip=null | op=PUT_BLOCK {blockData=[blockId=conID: 2 locID: 102659353726222967 bcsId: 0,size=4194304]} | ret=SUCCESS |  
2019-08-22 07:03:43,900 [grpc-default-executor-3] INFO  client.GrpcClientProtocolClient (GrpcClientProtocolClient.java:onNext(255)) - client-CF63D631FA17->3cf1264f-5f6b-4138-aeee-2ff7d4522ead: receive RaftClientReply:client-CF63D631FA17->3cf1264f-5f6b-4138-aeee-2ff7d4522ead@group-561E16522154, cid=2871, SUCCESS, logIndex=0, commits[3cf1264f-5f6b-4138-aeee-2ff7d4522ead:c4318, 4f0d1a15-8f14-4d9a-ad4f-8211e1245b5d:c4316, 6999f20e-c3f7-4db4-87ca-141c476f2a88:c4316]
2019-08-22 07:03:43,900 | INFO  | SCMAudit | user=jenkins1000 | ip=192.168.34.31 | op=SEND_HEARTBEAT {datanodeUUID=6ab6b5dd-7582-43bd-ad39-1af51ca14a47, command=[]} | ret=SUCCESS |  
2019-08-22 07:03:43,901 | INFO  | SCMAudit | user=jenkins1000 | ip=192.168.34.31 | op=SEND_HEARTBEAT {datanodeUUID=f789f48f-f3d7-45ec-9bba-6a89e2bdcc9c, command=[]} | ret=SUCCESS |  
2019-08-22 07:03:43,905 | INFO  | SCMAudit | user=jenkins1000 | ip=192.168.34.31 | op=ALLOCATE_BLOCK {owner=04b6d46a-98e2-41b1-9f38-1870289993ea, size=4194304, type=RATIS, factor=THREE} | ret=SUCCESS |  
 0.00% |█                                                                                                    |  0/1 Time: 0:00:262019-08-22 07:03:43,910 | INFO  | OMAudit | user=jenkins1000 | ip=127.0.0.1 | op=ALLOCATE_BLOCK {volume=vol-0-14906, bucket=bucket-0-53153, key=key-0-33222, dataSize=0, replicationType=null, replicationFactor=null, keyLocationInfo=null, clientID=102659352017764754} | ret=SUCCESS |  
2019-08-22 07:03:43,917 | INFO  | DNAudit | user=null | ip=null | op=WRITE_CHUNK {blockData=conID: 3 locID: 102659353733038712 bcsId: 0} | ret=SUCCESS |  
2019-08-22 07:03:43,919 | INFO  | DNAudit | user=null | ip=null | op=WRITE_CHUNK {blockData=conID: 3 locID: 102659353733038712 bcsId: 0} | ret=SUCCESS |  
2019-08-22 07:03:43,919 | INFO  | DNAudit | user=null | ip=null | op=WRITE_CHUNK {blockData=conID: 3 locID: 102659353733038712 bcsId: 0} | ret=SUCCESS |  
2019-08-22 07:03:43,920 | INFO  | DNAudit | user=null | ip=null | op=WRITE_CHUNK {blockData=conID: 3 locID: 102659353733038712 bcsId: 0} | ret=SUCCESS |  
2019-08-22 07:03:43,921 | INFO  | DNAudit | user=null | ip=null | op=WRITE_CHUNK {blockData=conID: 3 locID: 102659353733038712 bcsId: 0} | ret=SUCCESS |  
2019-08-22 07:03:43,921 | INFO  | DNAudit | user=null | ip=null | op=WRITE_CHUNK {blockData=conID: 3 locID: 102659353733038712 bcsId: 0} | ret=SUCCESS |  
2019-08-22 07:03:43,925 | INFO  | SCMAudit | user=jenkins1000 | ip=192.168.34.31 | op=SEND_HEARTBEAT {datanodeUUID=6999f20e-c3f7-4db4-87ca-141c476f2a88, command=[]} | ret=SUCCESS |  
2019-08-22 07:03:43,925 | INFO  | SCMAudit | user=jenkins1000 | ip=192.168.34.31 | op=SEND_HEARTBEAT {datanodeUUID=3cf1264f-5f6b-4138-aeee-2ff7d4522ead, command=[]} | ret=SUCCESS |  
2019-08-22 07:03:43,929 | INFO  | DNAudit | user=null | ip=null | op=WRITE_CHUNK {blockData=conID: 3 locID: 102659353733038712 bcsId: 0} | ret=SUCCESS |  
2019-08-22 07:03:43,929 | INFO  | DNAudit | user=null | ip=null | op=PUT_BLOCK {blockData=[blockId=conID: 3 locID: 102659353733038712 bcsId: 0,size=1048576]} | ret=SUCCESS |  
2019-08-22 07:03:43,930 | INFO  | DNAudit | user=null | ip=null | op=WRITE_CHUNK {blockData=conID: 3 locID: 102659353733038712 bcsId: 0} | ret=SUCCESS |  
2019-08-22 07:03:43,930 [grpc-default-executor-3] INFO  client.GrpcClientProtocolClient (GrpcClientProtocolClient.java:onNext(255)) - client-CF63D631FA17->3cf1264f-5f6b-4138-aeee-2ff7d4522ead: receive RaftClientReply:client-CF63D631FA17->3cf1264f-5f6b-4138-aeee-2ff7d4522ead@group-561E16522154, cid=2872, SUCCESS, logIndex=4319, commits[3cf1264f-5f6b-4138-aeee-2ff7d4522ead:c4321, 4f0d1a15-8f14-4d9a-ad4f-8211e1245b5d:c4318, 6999f20e-c3f7-4db4-87ca-141c476f2a88:c4318]
2019-08-22 07:03:43,930 | INFO  | DNAudit | user=null | ip=null | op=PUT_BLOCK {blockData=[blockId=conID: 3 locID: 102659353733038712 bcsId: 0,size=2097152]} | ret=SUCCESS |  
2019-08-22 07:03:43,930 [grpc-default-executor-3] INFO  client.GrpcClientProtocolClient (GrpcClientProtocolClient.java:onNext(255)) - client-CF63D631FA17->3cf1264f-5f6b-4138-aeee-2ff7d4522ead: receive RaftClientReply:client-CF63D631FA17->3cf1264f-5f6b-4138-aeee-2ff7d4522ead@group-561E16522154, cid=2873, SUCCESS, logIndex=4320, commits[3cf1264f-5f6b-4138-aeee-2ff7d4522ead:c4322, 4f0d1a15-8f14-4d9a-ad4f-8211e1245b5d:c4318, 6999f20e-c3f7-4db4-87ca-141c476f2a88:c4318]
2019-08-22 07:03:43,930 [grpc-default-executor-3] INFO  client.GrpcClientProtocolClient (GrpcClientProtocolClient.java:onNext(255)) - client-CF63D631FA17->3cf1264f-5f6b-4138-aeee-2ff7d4522ead: receive RaftClientReply:client-CF63D631FA17->3cf1264f-5f6b-4138-aeee-2ff7d4522ead@group-561E16522154, cid=2874, SUCCESS, logIndex=4321, commits[3cf1264f-5f6b-4138-aeee-2ff7d4522ead:c4322, 4f0d1a15-8f14-4d9a-ad4f-8211e1245b5d:c4318, 6999f20e-c3f7-4db4-87ca-141c476f2a88:c4318]
2019-08-22 07:03:43,931 [grpc-default-executor-3] INFO  client.GrpcClientProtocolClient (GrpcClientProtocolClient.java:onNext(255)) - client-CF63D631FA17->3cf1264f-5f6b-4138-aeee-2ff7d4522ead: receive RaftClientReply:client-CF63D631FA17->3cf1264f-5f6b-4138-aeee-2ff7d4522ead@group-561E16522154, cid=2875, SUCCESS, logIndex=4322, commits[3cf1264f-5f6b-4138-aeee-2ff7d4522ead:c4322, 4f0d1a15-8f14-4d9a-ad4f-8211e1245b5d:c4318, 6999f20e-c3f7-4db4-87ca-141c476f2a88:c4318]
2019-08-22 07:03:43,932 | INFO  | DNAudit | user=null | ip=null | op=WRITE_CHUNK {blockData=conID: 3 locID: 102659353733038712 bcsId: 0} | ret=SUCCESS |  
2019-08-22 07:03:43,942 | INFO  | DNAudit | user=null | ip=null | op=WRITE_CHUNK {blockData=conID: 3 locID: 102659353733038712 bcsId: 0} | ret=SUCCESS |  
2019-08-22 07:03:43,943 | INFO  | DNAudit | user=null | ip=null | op=PUT_BLOCK {blockData=[blockId=conID: 3 locID: 102659353733038712 bcsId: 0,size=1048576]} | ret=SUCCESS |  
2019-08-22 07:03:43,943 | INFO  | DNAudit | user=null | ip=null | op=PUT_BLOCK {blockData=[blockId=conID: 3 locID: 102659353733038712 bcsId: 0,size=1048576]} | ret=SUCCESS |  
2019-08-22 07:03:43,943 | INFO  | DNAudit | user=null | ip=null | op=WRITE_CHUNK {blockData=conID: 3 locID: 102659353733038712 bcsId: 0} | ret=SUCCESS |  
2019-08-22 07:03:43,943 | INFO  | DNAudit | user=null | ip=null | op=WRITE_CHUNK {blockData=conID: 3 locID: 102659353733038712 bcsId: 0} | ret=SUCCESS |  
2019-08-22 07:03:43,943 | INFO  | DNAudit | user=null | ip=null | op=PUT_BLOCK {blockData=[blockId=conID: 3 locID: 102659353733038712 bcsId: 0,size=2097152]} | ret=SUCCESS |  
2019-08-22 07:03:43,943 | INFO  | DNAudit | user=null | ip=null | op=PUT_BLOCK {blockData=[blockId=conID: 3 locID: 102659353733038712 bcsId: 0,size=2097152]} | ret=SUCCESS |  
2019-08-22 07:03:43,943 [grpc-default-executor-3] INFO  client.GrpcClientProtocolClient (GrpcClientProtocolClient.java:onNext(255)) - client-CF63D631FA17->3cf1264f-5f6b-4138-aeee-2ff7d4522ead: receive RaftClientReply:client-CF63D631FA17->3cf1264f-5f6b-4138-aeee-2ff7d4522ead@group-561E16522154, cid=2876, SUCCESS, logIndex=0, commits[3cf1264f-5f6b-4138-aeee-2ff7d4522ead:c4325, 4f0d1a15-8f14-4d9a-ad4f-8211e1245b5d:c4321, 6999f20e-c3f7-4db4-87ca-141c476f2a88:c4320]
2019-08-22 07:03:43,949 | INFO  | DNAudit | user=null | ip=null | op=WRITE_CHUNK {blockData=conID: 3 locID: 102659353733038712 bcsId: 4322} | ret=SUCCESS |  
2019-08-22 07:03:43,951 | INFO  | DNAudit | user=null | ip=null | op=WRITE_CHUNK {blockData=conID: 3 locID: 102659353733038712 bcsId: 4322} | ret=SUCCESS |  
2019-08-22 07:03:43,952 | INFO  | DNAudit | user=null | ip=null | op=WRITE_CHUNK {blockData=conID: 3 locID: 102659353733038712 bcsId: 4322} | ret=SUCCESS |  
2019-08-22 07:03:43,961 | INFO  | DNAudit | user=null | ip=null | op=WRITE_CHUNK {blockData=conID: 3 locID: 102659353733038712 bcsId: 4322} | ret=SUCCESS |  
2019-08-22 07:03:43,961 | INFO  | DNAudit | user=null | ip=null | op=PUT_BLOCK {blockData=[blockId=conID: 3 locID: 102659353733038712 bcsId: 0,size=3145728]} | ret=SUCCESS |  
2019-08-22 07:03:43,961 [grpc-default-executor-5] INFO  client.GrpcClientProtocolClient (GrpcClientProtocolClient.java:onNext(255)) - client-CF63D631FA17->3cf1264f-5f6b-4138-aeee-2ff7d4522ead: receive RaftClientReply:client-CF63D631FA17->3cf1264f-5f6b-4138-aeee-2ff7d4522ead@group-561E16522154, cid=2877, SUCCESS, logIndex=4327, commits[3cf1264f-5f6b-4138-aeee-2ff7d4522ead:c4328, 4f0d1a15-8f14-4d9a-ad4f-8211e1245b5d:c4326, 6999f20e-c3f7-4db4-87ca-141c476f2a88:c4326]
2019-08-22 07:03:43,962 [grpc-default-executor-5] INFO  client.GrpcClientProtocolClient (GrpcClientProtocolClient.java:onNext(255)) - client-CF63D631FA17->3cf1264f-5f6b-4138-aeee-2ff7d4522ead: receive RaftClientReply:client-CF63D631FA17->3cf1264f-5f6b-4138-aeee-2ff7d4522ead@group-561E16522154, cid=2878, SUCCESS, logIndex=4328, commits[3cf1264f-5f6b-4138-aeee-2ff7d4522ead:c4328, 4f0d1a15-8f14-4d9a-ad4f-8211e1245b5d:c4326, 6999f20e-c3f7-4db4-87ca-141c476f2a88:c4326]
2019-08-22 07:03:43,964 | INFO  | DNAudit | user=null | ip=null | op=WRITE_CHUNK {blockData=conID: 3 locID: 102659353733038712 bcsId: 4322} | ret=SUCCESS |  
2019-08-22 07:03:43,964 | INFO  | DNAudit | user=null | ip=null | op=WRITE_CHUNK {blockData=conID: 3 locID: 102659353733038712 bcsId: 4322} | ret=SUCCESS |  
2019-08-22 07:03:43,964 | INFO  | DNAudit | user=null | ip=null | op=PUT_BLOCK {blockData=[blockId=conID: 3 locID: 102659353733038712 bcsId: 0,size=3145728]} | ret=SUCCESS |  
2019-08-22 07:03:43,964 | INFO  | DNAudit | user=null | ip=null | op=PUT_BLOCK {blockData=[blockId=conID: 3 locID: 102659353733038712 bcsId: 0,size=3145728]} | ret=SUCCESS |  
2019-08-22 07:03:43,967 | INFO  | DNAudit | user=null | ip=null | op=WRITE_CHUNK {blockData=conID: 3 locID: 102659353733038712 bcsId: 4328} | ret=SUCCESS |  
2019-08-22 07:03:43,969 | INFO  | DNAudit | user=null | ip=null | op=WRITE_CHUNK {blockData=conID: 3 locID: 102659353733038712 bcsId: 4328} | ret=SUCCESS |  
2019-08-22 07:03:43,969 | INFO  | DNAudit | user=null | ip=null | op=WRITE_CHUNK {blockData=conID: 3 locID: 102659353733038712 bcsId: 4328} | ret=SUCCESS |  
2019-08-22 07:03:43,971 | INFO  | DNAudit | user=null | ip=null | op=WRITE_CHUNK {blockData=conID: 3 locID: 102659353733038712 bcsId: 4328} | ret=SUCCESS |  
2019-08-22 07:03:43,971 | INFO  | DNAudit | user=null | ip=null | op=PUT_BLOCK {blockData=[blockId=conID: 3 locID: 102659353733038712 bcsId: 0,size=4194304]} | ret=SUCCESS |  
2019-08-22 07:03:43,972 [grpc-default-executor-1] INFO  client.GrpcClientProtocolClient (GrpcClientProtocolClient.java:onNext(255)) - client-CF63D631FA17->3cf1264f-5f6b-4138-aeee-2ff7d4522ead: receive RaftClientReply:client-CF63D631FA17->3cf1264f-5f6b-4138-aeee-2ff7d4522ead@group-561E16522154, cid=2879, SUCCESS, logIndex=4331, commits[3cf1264f-5f6b-4138-aeee-2ff7d4522ead:c4332, 4f0d1a15-8f14-4d9a-ad4f-8211e1245b5d:c4330, 6999f20e-c3f7-4db4-87ca-141c476f2a88:c4328]
2019-08-22 07:03:43,972 [grpc-default-executor-1] INFO  client.GrpcClientProtocolClient (GrpcClientProtocolClient.java:onNext(255)) - client-CF63D631FA17->3cf1264f-5f6b-4138-aeee-2ff7d4522ead: receive RaftClientReply:client-CF63D631FA17->3cf1264f-5f6b-4138-aeee-2ff7d4522ead@group-561E16522154, cid=2880, SUCCESS, logIndex=4332, commits[3cf1264f-5f6b-4138-aeee-2ff7d4522ead:c4332, 4f0d1a15-8f14-4d9a-ad4f-8211e1245b5d:c4330, 6999f20e-c3f7-4db4-87ca-141c476f2a88:c4330]
2019-08-22 07:03:43,973 | INFO  | DNAudit | user=null | ip=null | op=WRITE_CHUNK {blockData=conID: 3 locID: 102659353733038712 bcsId: 4328} | ret=SUCCESS |  
2019-08-22 07:03:43,973 | INFO  | DNAudit | user=null | ip=null | op=WRITE_CHUNK {blockData=conID: 3 locID: 102659353733038712 bcsId: 4328} | ret=SUCCESS |  
2019-08-22 07:03:43,973 | INFO  | DNAudit | user=null | ip=null | op=PUT_BLOCK {blockData=[blockId=conID: 3 locID: 102659353733038712 bcsId: 0,size=4194304]} | ret=SUCCESS |  
2019-08-22 07:03:43,973 | INFO  | DNAudit | user=null | ip=null | op=PUT_BLOCK {blockData=[blockId=conID: 3 locID: 102659353733038712 bcsId: 0,size=4194304]} | ret=SUCCESS |  
2019-08-22 07:03:43,973 [grpc-default-executor-1] INFO  client.GrpcClientProtocolClient (GrpcClientProtocolClient.java:onNext(255)) - client-CF63D631FA17->3cf1264f-5f6b-4138-aeee-2ff7d4522ead: receive RaftClientReply:client-CF63D631FA17->3cf1264f-5f6b-4138-aeee-2ff7d4522ead@group-561E16522154, cid=2881, SUCCESS, logIndex=0, commits[3cf1264f-5f6b-4138-aeee-2ff7d4522ead:c4333, 4f0d1a15-8f14-4d9a-ad4f-8211e1245b5d:c4332, 6999f20e-c3f7-4db4-87ca-141c476f2a88:c4332]
2019-08-22 07:03:43,978 | INFO  | SCMAudit | user=jenkins1000 | ip=192.168.34.31 | op=ALLOCATE_BLOCK {owner=04b6d46a-98e2-41b1-9f38-1870289993ea, size=4194304, type=RATIS, factor=THREE} | ret=SUCCESS |  
2019-08-22 07:03:43,981 | INFO  | OMAudit | user=jenkins1000 | ip=127.0.0.1 | op=ALLOCATE_BLOCK {volume=vol-0-14906, bucket=bucket-0-53153, key=key-0-33222, dataSize=0, replicationType=null, replicationFactor=null, keyLocationInfo=null, clientID=102659352017764754} | ret=SUCCESS |  
2019-08-22 07:03:43,986 | INFO  | DNAudit | user=null | ip=null | op=WRITE_CHUNK {blockData=conID: 1 locID: 102659353737822841 bcsId: 0} | ret=SUCCESS |  
2019-08-22 07:03:43,990 | INFO  | DNAudit | user=null | ip=null | op=WRITE_CHUNK {blockData=conID: 1 locID: 102659353737822841 bcsId: 0} | ret=SUCCESS |  
2019-08-22 07:03:43,990 | INFO  | DNAudit | user=null | ip=null | op=WRITE_CHUNK {blockData=conID: 1 locID: 102659353737822841 bcsId: 0} | ret=SUCCESS |  
2019-08-22 07:03:43,990 | INFO  | DNAudit | user=null | ip=null | op=WRITE_CHUNK {blockData=conID: 1 locID: 102659353737822841 bcsId: 0} | ret=SUCCESS |  
2019-08-22 07:03:43,991 | INFO  | DNAudit | user=null | ip=null | op=WRITE_CHUNK {blockData=conID: 1 locID: 102659353737822841 bcsId: 0} | ret=SUCCESS |  
2019-08-22 07:03:43,991 | INFO  | DNAudit | user=null | ip=null | op=WRITE_CHUNK {blockData=conID: 1 locID: 102659353737822841 bcsId: 0} | ret=SUCCESS |  
2019-08-22 07:03:43,997 | INFO  | DNAudit | user=null | ip=null | op=WRITE_CHUNK {blockData=conID: 1 locID: 102659353737822841 bcsId: 0} | ret=SUCCESS |  
2019-08-22 07:03:43,998 | INFO  | DNAudit | user=null | ip=null | op=PUT_BLOCK {blockData=[blockId=conID: 1 locID: 102659353737822841 bcsId: 0,size=1048576]} | ret=SUCCESS |  
2019-08-22 07:03:43,998 [grpc-default-executor-1] INFO  client.GrpcClientProtocolClient (GrpcClientProtocolClient.java:onNext(255)) - client-CF63D631FA17->3cf1264f-5f6b-4138-aeee-2ff7d4522ead: receive RaftClientReply:client-CF63D631FA17->3cf1264f-5f6b-4138-aeee-2ff7d4522ead@group-561E16522154, cid=2882, SUCCESS, logIndex=4335, commits[3cf1264f-5f6b-4138-aeee-2ff7d4522ead:c4336, 4f0d1a15-8f14-4d9a-ad4f-8211e1245b5d:c4334, 6999f20e-c3f7-4db4-87ca-141c476f2a88:c4334]
2019-08-22 07:03:43,998 | INFO  | DNAudit | user=null | ip=null | op=WRITE_CHUNK {blockData=conID: 1 locID: 102659353737822841 bcsId: 0} | ret=SUCCESS |  
2019-08-22 07:03:43,999 | INFO  | DNAudit | user=null | ip=null | op=PUT_BLOCK {blockData=[blockId=conID: 1 locID: 102659353737822841 bcsId: 0,size=2097152]} | ret=SUCCESS |  
2019-08-22 07:03:43,999 [grpc-default-executor-1] INFO  client.GrpcClientProtocolClient (GrpcClientProtocolClient.java:onNext(255)) - client-CF63D631FA17->3cf1264f-5f6b-4138-aeee-2ff7d4522ead: receive RaftClientReply:client-CF63D631FA17->3cf1264f-5f6b-4138-aeee-2ff7d4522ead@group-561E16522154, cid=2883, SUCCESS, logIndex=4336, commits[3cf1264f-5f6b-4138-aeee-2ff7d4522ead:c4338, 4f0d1a15-8f14-4d9a-ad4f-8211e1245b5d:c4334, 6999f20e-c3f7-4db4-87ca-141c476f2a88:c4334]
2019-08-22 07:03:43,999 | INFO  | DNAudit | user=null | ip=null | op=WRITE_CHUNK {blockData=conID: 1 locID: 102659353737822841 bcsId: 0} | ret=SUCCESS |  
2019-08-22 07:03:43,999 [grpc-default-executor-1] INFO  client.GrpcClientProtocolClient (GrpcClientProtocolClient.java:onNext(255)) - client-CF63D631FA17->3cf1264f-5f6b-4138-aeee-2ff7d4522ead: receive RaftClientReply:client-CF63D631FA17->3cf1264f-5f6b-4138-aeee-2ff7d4522ead@group-561E16522154, cid=2884, SUCCESS, logIndex=4337, commits[3cf1264f-5f6b-4138-aeee-2ff7d4522ead:c4338, 4f0d1a15-8f14-4d9a-ad4f-8211e1245b5d:c4334, 6999f20e-c3f7-4db4-87ca-141c476f2a88:c4334]
2019-08-22 07:03:43,999 [grpc-default-executor-1] INFO  client.GrpcClientProtocolClient (GrpcClientProtocolClient.java:onNext(255)) - client-CF63D631FA17->3cf1264f-5f6b-4138-aeee-2ff7d4522ead: receive RaftClientReply:client-CF63D631FA17->3cf1264f-5f6b-4138-aeee-2ff7d4522ead@group-561E16522154, cid=2885, SUCCESS, logIndex=4338, commits[3cf1264f-5f6b-4138-aeee-2ff7d4522ead:c4338, 4f0d1a15-8f14-4d9a-ad4f-8211e1245b5d:c4335, 6999f20e-c3f7-4db4-87ca-141c476f2a88:c4334]
2019-08-22 07:03:44,000 | INFO  | DNAudit | user=null | ip=null | op=WRITE_CHUNK {blockData=conID: 1 locID: 102659353737822841 bcsId: 0} | ret=SUCCESS |  
2019-08-22 07:03:44,000 | INFO  | DNAudit | user=null | ip=null | op=PUT_BLOCK {blockData=[blockId=conID: 1 locID: 102659353737822841 bcsId: 0,size=1048576]} | ret=SUCCESS |  
2019-08-22 07:03:44,001 | INFO  | DNAudit | user=null | ip=null | op=WRITE_CHUNK {blockData=conID: 1 locID: 102659353737822841 bcsId: 0} | ret=SUCCESS |  
2019-08-22 07:03:44,001 | INFO  | DNAudit | user=null | ip=null | op=PUT_BLOCK {blockData=[blockId=conID: 1 locID: 102659353737822841 bcsId: 0,size=2097152]} | ret=SUCCESS |  
2019-08-22 07:03:44,002 | INFO  | DNAudit | user=null | ip=null | op=PUT_BLOCK {blockData=[blockId=conID: 1 locID: 102659353737822841 bcsId: 0,size=1048576]} | ret=SUCCESS |  
2019-08-22 07:03:44,003 | INFO  | DNAudit | user=null | ip=null | op=WRITE_CHUNK {blockData=conID: 1 locID: 102659353737822841 bcsId: 0} | ret=SUCCESS |  
2019-08-22 07:03:44,003 [grpc-default-executor-1] INFO  client.GrpcClientProtocolClient (GrpcClientProtocolClient.java:onNext(255)) - client-CF63D631FA17->3cf1264f-5f6b-4138-aeee-2ff7d4522ead: receive RaftClientReply:client-CF63D631FA17->3cf1264f-5f6b-4138-aeee-2ff7d4522ead@group-561E16522154, cid=2886, SUCCESS, logIndex=0, commits[3cf1264f-5f6b-4138-aeee-2ff7d4522ead:c4341, 4f0d1a15-8f14-4d9a-ad4f-8211e1245b5d:c4336, 6999f20e-c3f7-4db4-87ca-141c476f2a88:c4338]
2019-08-22 07:03:44,003 | INFO  | DNAudit | user=null | ip=null | op=PUT_BLOCK {blockData=[blockId=conID: 1 locID: 102659353737822841 bcsId: 0,size=2097152]} | ret=SUCCESS |  
2019-08-22 07:03:44,008 | INFO  | DNAudit | user=null | ip=null | op=WRITE_CHUNK {blockData=conID: 1 locID: 102659353737822841 bcsId: 4338} | ret=SUCCESS |  
2019-08-22 07:03:44,011 | INFO  | DNAudit | user=null | ip=null | op=WRITE_CHUNK {blockData=conID: 1 locID: 102659353737822841 bcsId: 4338} | ret=SUCCESS |  
2019-08-22 07:03:44,011 | INFO  | DNAudit | user=null | ip=null | op=WRITE_CHUNK {blockData=conID: 1 locID: 102659353737822841 bcsId: 4338} | ret=SUCCESS |  
2019-08-22 07:03:44,023 | INFO  | DNAudit | user=null | ip=null | op=WRITE_CHUNK {blockData=conID: 1 locID: 102659353737822841 bcsId: 4338} | ret=SUCCESS |  
2019-08-22 07:03:44,023 | INFO  | DNAudit | user=null | ip=null | op=PUT_BLOCK {blockData=[blockId=conID: 1 locID: 102659353737822841 bcsId: 0,size=3145728]} | ret=SUCCESS |  
2019-08-22 07:03:44,023 [grpc-default-executor-0] INFO  client.GrpcClientProtocolClient (GrpcClientProtocolClient.java:onNext(255)) - client-CF63D631FA17->3cf1264f-5f6b-4138-aeee-2ff7d4522ead: receive RaftClientReply:client-CF63D631FA17->3cf1264f-5f6b-4138-aeee-2ff7d4522ead@group-561E16522154, cid=2887, SUCCESS, logIndex=4342, commits[3cf1264f-5f6b-4138-aeee-2ff7d4522ead:c4343, 4f0d1a15-8f14-4d9a-ad4f-8211e1245b5d:c4341, 6999f20e-c3f7-4db4-87ca-141c476f2a88:c4341]
2019-08-22 07:03:44,024 [grpc-default-executor-0] INFO  client.GrpcClientProtocolClient (GrpcClientProtocolClient.java:onNext(255)) - client-CF63D631FA17->3cf1264f-5f6b-4138-aeee-2ff7d4522ead: receive RaftClientReply:client-CF63D631FA17->3cf1264f-5f6b-4138-aeee-2ff7d4522ead@group-561E16522154, cid=2888, SUCCESS, logIndex=4343, commits[3cf1264f-5f6b-4138-aeee-2ff7d4522ead:c4343, 4f0d1a15-8f14-4d9a-ad4f-8211e1245b5d:c4341, 6999f20e-c3f7-4db4-87ca-141c476f2a88:c4341]
2019-08-22 07:03:44,029 | INFO  | DNAudit | user=null | ip=null | op=WRITE_CHUNK {blockData=conID: 1 locID: 102659353737822841 bcsId: 4343} | ret=SUCCESS |  
2019-08-22 07:03:44,031 | INFO  | DNAudit | user=null | ip=null | op=WRITE_CHUNK {blockData=conID: 1 locID: 102659353737822841 bcsId: 4343} | ret=SUCCESS |  
2019-08-22 07:03:44,032 | INFO  | DNAudit | user=null | ip=null | op=WRITE_CHUNK {blockData=conID: 1 locID: 102659353737822841 bcsId: 4343} | ret=SUCCESS |  
2019-08-22 07:03:44,034 | INFO  | DNAudit | user=null | ip=null | op=WRITE_CHUNK {blockData=conID: 1 locID: 102659353737822841 bcsId: 4338} | ret=SUCCESS |  
2019-08-22 07:03:44,035 | INFO  | DNAudit | user=null | ip=null | op=WRITE_CHUNK {blockData=conID: 1 locID: 102659353737822841 bcsId: 4338} | ret=SUCCESS |  
2019-08-22 07:03:44,035 | INFO  | DNAudit | user=null | ip=null | op=PUT_BLOCK {blockData=[blockId=conID: 1 locID: 102659353737822841 bcsId: 0,size=3145728]} | ret=SUCCESS |  
2019-08-22 07:03:44,037 | INFO  | DNAudit | user=null | ip=null | op=PUT_BLOCK {blockData=[blockId=conID: 1 locID: 102659353737822841 bcsId: 0,size=3145728]} | ret=SUCCESS |  
2019-08-22 07:03:44,038 | INFO  | DNAudit | user=null | ip=null | op=WRITE_CHUNK {blockData=conID: 1 locID: 102659353737822841 bcsId: 4343} | ret=SUCCESS |  
2019-08-22 07:03:44,038 | INFO  | DNAudit | user=null | ip=null | op=PUT_BLOCK {blockData=[blockId=conID: 1 locID: 102659353737822841 bcsId: 0,size=4194304]} | ret=SUCCESS |  
2019-08-22 07:03:44,038 [grpc-default-executor-0] INFO  client.GrpcClientProtocolClient (GrpcClientProtocolClient.java:onNext(255)) - client-CF63D631FA17->3cf1264f-5f6b-4138-aeee-2ff7d4522ead: receive RaftClientReply:client-CF63D631FA17->3cf1264f-5f6b-4138-aeee-2ff7d4522ead@group-561E16522154, cid=2889, SUCCESS, logIndex=4346, commits[3cf1264f-5f6b-4138-aeee-2ff7d4522ead:c4347, 4f0d1a15-8f14-4d9a-ad4f-8211e1245b5d:c4343, 6999f20e-c3f7-4db4-87ca-141c476f2a88:c4343]
2019-08-22 07:03:44,039 [grpc-default-executor-0] INFO  client.GrpcClientProtocolClient (GrpcClientProtocolClient.java:onNext(255)) - client-CF63D631FA17->3cf1264f-5f6b-4138-aeee-2ff7d4522ead: receive RaftClientReply:client-CF63D631FA17->3cf1264f-5f6b-4138-aeee-2ff7d4522ead@group-561E16522154, cid=2890, SUCCESS, logIndex=4347, commits[3cf1264f-5f6b-4138-aeee-2ff7d4522ead:c4347, 4f0d1a15-8f14-4d9a-ad4f-8211e1245b5d:c4343, 6999f20e-c3f7-4db4-87ca-141c476f2a88:c4343]
2019-08-22 07:03:44,051 | INFO  | DNAudit | user=null | ip=null | op=WRITE_CHUNK {blockData=conID: 1 locID: 102659353737822841 bcsId: 4343} | ret=SUCCESS |  
2019-08-22 07:03:44,051 | INFO  | DNAudit | user=null | ip=null | op=WRITE_CHUNK {blockData=conID: 1 locID: 102659353737822841 bcsId: 4343} | ret=SUCCESS |  
2019-08-22 07:03:44,052 | INFO  | DNAudit | user=null | ip=null | op=PUT_BLOCK {blockData=[blockId=conID: 1 locID: 102659353737822841 bcsId: 0,size=4194304]} | ret=SUCCESS |  
2019-08-22 07:03:44,054 | INFO  | DNAudit | user=null | ip=null | op=PUT_BLOCK {blockData=[blockId=conID: 1 locID: 102659353737822841 bcsId: 0,size=4194304]} | ret=SUCCESS |  
2019-08-22 07:03:44,055 [grpc-default-executor-0] INFO  client.GrpcClientProtocolClient (GrpcClientProtocolClient.java:onNext(255)) - client-CF63D631FA17->3cf1264f-5f6b-4138-aeee-2ff7d4522ead: receive RaftClientReply:client-CF63D631FA17->3cf1264f-5f6b-4138-aeee-2ff7d4522ead@group-561E16522154, cid=2891, SUCCESS, logIndex=0, commits[3cf1264f-5f6b-4138-aeee-2ff7d4522ead:c4349, 4f0d1a15-8f14-4d9a-ad4f-8211e1245b5d:c4347, 6999f20e-c3f7-4db4-87ca-141c476f2a88:c4347]
2019-08-22 07:03:44,059 | INFO  | SCMAudit | user=jenkins1000 | ip=192.168.34.31 | op=ALLOCATE_BLOCK {owner=04b6d46a-98e2-41b1-9f38-1870289993ea, size=4194304, type=RATIS, factor=THREE} | ret=SUCCESS |  
2019-08-22 07:03:44,062 | INFO  | OMAudit | user=jenkins1000 | ip=127.0.0.1 | op=ALLOCATE_BLOCK {volume=vol-0-14906, bucket=bucket-0-53153, key=key-0-33222, dataSize=0, replicationType=null, replicationFactor=null, keyLocationInfo=null, clientID=102659352017764754} | ret=SUCCESS |  
2019-08-22 07:03:44,068 | INFO  | DNAudit | user=null | ip=null | op=WRITE_CHUNK {blockData=conID: 2 locID: 102659353743131258 bcsId: 0} | ret=SUCCESS |  
2019-08-22 07:03:44,072 | INFO  | DNAudit | user=null | ip=null | op=WRITE_CHUNK {blockData=conID: 2 locID: 102659353743131258 bcsId: 0} | ret=SUCCESS |  
2019-08-22 07:03:44,072 | INFO  | DNAudit | user=null | ip=null | op=WRITE_CHUNK {blockData=conID: 2 locID: 102659353743131258 bcsId: 0} | ret=SUCCESS |  
2019-08-22 07:03:44,073 | INFO  | DNAudit | user=null | ip=null | op=WRITE_CHUNK {blockData=conID: 2 locID: 102659353743131258 bcsId: 0} | ret=SUCCESS |  
2019-08-22 07:03:44,074 | INFO  | DNAudit | user=null | ip=null | op=WRITE_CHUNK {blockData=conID: 2 locID: 102659353743131258 bcsId: 0} | ret=SUCCESS |  
2019-08-22 07:03:44,074 | INFO  | DNAudit | user=null | ip=null | op=WRITE_CHUNK {blockData=conID: 2 locID: 102659353743131258 bcsId: 0} | ret=SUCCESS |  
2019-08-22 07:03:44,082 | INFO  | DNAudit | user=null | ip=null | op=WRITE_CHUNK {blockData=conID: 2 locID: 102659353743131258 bcsId: 0} | ret=SUCCESS |  
2019-08-22 07:03:44,083 | INFO  | DNAudit | user=null | ip=null | op=PUT_BLOCK {blockData=[blockId=conID: 2 locID: 102659353743131258 bcsId: 0,size=1048576]} | ret=SUCCESS |  
2019-08-22 07:03:44,083 [grpc-default-executor-3] INFO  client.GrpcClientProtocolClient (GrpcClientProtocolClient.java:onNext(255)) - client-CF63D631FA17->3cf1264f-5f6b-4138-aeee-2ff7d4522ead: receive RaftClientReply:client-CF63D631FA17->3cf1264f-5f6b-4138-aeee-2ff7d4522ead@group-561E16522154, cid=2892, SUCCESS, logIndex=4350, commits[3cf1264f-5f6b-4138-aeee-2ff7d4522ead:c4351, 4f0d1a15-8f14-4d9a-ad4f-8211e1245b5d:c4349, 6999f20e-c3f7-4db4-87ca-141c476f2a88:c4347]
2019-08-22 07:03:44,083 [grpc-default-executor-3] INFO  client.GrpcClientProtocolClient (GrpcClientProtocolClient.java:onNext(255)) - client-CF63D631FA17->3cf1264f-5f6b-4138-aeee-2ff7d4522ead: receive RaftClientReply:client-CF63D631FA17->3cf1264f-5f6b-4138-aeee-2ff7d4522ead@group-561E16522154, cid=2893, SUCCESS, logIndex=4351, commits[3cf1264f-5f6b-4138-aeee-2ff7d4522ead:c4351, 4f0d1a15-8f14-4d9a-ad4f-8211e1245b5d:c4349, 6999f20e-c3f7-4db4-87ca-141c476f2a88:c4347]
2019-08-22 07:03:44,086 | INFO  | DNAudit | user=null | ip=null | op=WRITE_CHUNK {blockData=conID: 2 locID: 102659353743131258 bcsId: 0} | ret=SUCCESS |  
2019-08-22 07:03:44,087 | INFO  | DNAudit | user=null | ip=null | op=WRITE_CHUNK {blockData=conID: 2 locID: 102659353743131258 bcsId: 0} | ret=SUCCESS |  
2019-08-22 07:03:44,087 | INFO  | DNAudit | user=null | ip=null | op=PUT_BLOCK {blockData=[blockId=conID: 2 locID: 102659353743131258 bcsId: 0,size=2097152]} | ret=SUCCESS |  
2019-08-22 07:03:44,087 | INFO  | DNAudit | user=null | ip=null | op=PUT_BLOCK {blockData=[blockId=conID: 2 locID: 102659353743131258 bcsId: 0,size=1048576]} | ret=SUCCESS |  
2019-08-22 07:03:44,087 [grpc-default-executor-0] INFO  client.GrpcClientProtocolClient (GrpcClientProtocolClient.java:onNext(255)) - client-CF63D631FA17->3cf1264f-5f6b-4138-aeee-2ff7d4522ead: receive RaftClientReply:client-CF63D631FA17->3cf1264f-5f6b-4138-aeee-2ff7d4522ead@group-561E16522154, cid=2894, SUCCESS, logIndex=4352, commits[3cf1264f-5f6b-4138-aeee-2ff7d4522ead:c4353, 4f0d1a15-8f14-4d9a-ad4f-8211e1245b5d:c4349, 6999f20e-c3f7-4db4-87ca-141c476f2a88:c4349]
2019-08-22 07:03:44,087 [grpc-default-executor-0] INFO  client.GrpcClientProtocolClient (GrpcClientProtocolClient.java:onNext(255)) - client-CF63D631FA17->3cf1264f-5f6b-4138-aeee-2ff7d4522ead: receive RaftClientReply:client-CF63D631FA17->3cf1264f-5f6b-4138-aeee-2ff7d4522ead@group-561E16522154, cid=2895, SUCCESS, logIndex=4353, commits[3cf1264f-5f6b-4138-aeee-2ff7d4522ead:c4355, 4f0d1a15-8f14-4d9a-ad4f-8211e1245b5d:c4349, 6999f20e-c3f7-4db4-87ca-141c476f2a88:c4351]
2019-08-22 07:03:44,098 | INFO  | DNAudit | user=null | ip=null | op=WRITE_CHUNK {blockData=conID: 2 locID: 102659353743131258 bcsId: 0} | ret=SUCCESS |  
2019-08-22 07:03:44,098 | INFO  | DNAudit | user=null | ip=null | op=PUT_BLOCK {blockData=[blockId=conID: 2 locID: 102659353743131258 bcsId: 0,size=2097152]} | ret=SUCCESS |  
2019-08-22 07:03:44,099 | INFO  | DNAudit | user=null | ip=null | op=WRITE_CHUNK {blockData=conID: 2 locID: 102659353743131258 bcsId: 0} | ret=SUCCESS |  
2019-08-22 07:03:44,099 | INFO  | DNAudit | user=null | ip=null | op=PUT_BLOCK {blockData=[blockId=conID: 2 locID: 102659353743131258 bcsId: 0,size=1048576]} | ret=SUCCESS |  
2019-08-22 07:03:44,099 [grpc-default-executor-0] INFO  client.GrpcClientProtocolClient (GrpcClientProtocolClient.java:onNext(255)) - client-CF63D631FA17->3cf1264f-5f6b-4138-aeee-2ff7d4522ead: receive RaftClientReply:client-CF63D631FA17->3cf1264f-5f6b-4138-aeee-2ff7d4522ead@group-561E16522154, cid=2896, SUCCESS, logIndex=0, commits[3cf1264f-5f6b-4138-aeee-2ff7d4522ead:c4357, 4f0d1a15-8f14-4d9a-ad4f-8211e1245b5d:c4351, 6999f20e-c3f7-4db4-87ca-141c476f2a88:c4353]
2019-08-22 07:03:44,100 | INFO  | DNAudit | user=null | ip=null | op=WRITE_CHUNK {blockData=conID: 2 locID: 102659353743131258 bcsId: 0} | ret=SUCCESS |  
2019-08-22 07:03:44,100 | INFO  | DNAudit | user=null | ip=null | op=PUT_BLOCK {blockData=[blockId=conID: 2 locID: 102659353743131258 bcsId: 0,size=2097152]} | ret=SUCCESS |  
2019-08-22 07:03:44,105 | INFO  | DNAudit | user=null | ip=null | op=WRITE_CHUNK {blockData=conID: 2 locID: 102659353743131258 bcsId: 4353} | ret=SUCCESS |  
2019-08-22 07:03:44,108 | INFO  | DNAudit | user=null | ip=null | op=WRITE_CHUNK {blockData=conID: 2 locID: 102659353743131258 bcsId: 4353} | ret=SUCCESS |  
2019-08-22 07:03:44,108 | INFO  | DNAudit | user=null | ip=null | op=WRITE_CHUNK {blockData=conID: 2 locID: 102659353743131258 bcsId: 4353} | ret=SUCCESS |  
2019-08-22 07:03:44,119 | INFO  | DNAudit | user=null | ip=null | op=WRITE_CHUNK {blockData=conID: 2 locID: 102659353743131258 bcsId: 4353} | ret=SUCCESS |  
2019-08-22 07:03:44,120 | INFO  | DNAudit | user=null | ip=null | op=PUT_BLOCK {blockData=[blockId=conID: 2 locID: 102659353743131258 bcsId: 0,size=3145728]} | ret=SUCCESS |  
2019-08-22 07:03:44,120 [grpc-default-executor-3] INFO  client.GrpcClientProtocolClient (GrpcClientProtocolClient.java:onNext(255)) - client-CF63D631FA17->3cf1264f-5f6b-4138-aeee-2ff7d4522ead: receive RaftClientReply:client-CF63D631FA17->3cf1264f-5f6b-4138-aeee-2ff7d4522ead@group-561E16522154, cid=2897, SUCCESS, logIndex=4358, commits[3cf1264f-5f6b-4138-aeee-2ff7d4522ead:c4359, 4f0d1a15-8f14-4d9a-ad4f-8211e1245b5d:c4357, 6999f20e-c3f7-4db4-87ca-141c476f2a88:c4357]
2019-08-22 07:03:44,120 [grpc-default-executor-3] INFO  client.GrpcClientProtocolClient (GrpcClientProtocolClient.java:onNext(255)) - client-CF63D631FA17->3cf1264f-5f6b-4138-aeee-2ff7d4522ead: receive RaftClientReply:client-CF63D631FA17->3cf1264f-5f6b-4138-aeee-2ff7d4522ead@group-561E16522154, cid=2898, SUCCESS, logIndex=4359, commits[3cf1264f-5f6b-4138-aeee-2ff7d4522ead:c4359, 4f0d1a15-8f14-4d9a-ad4f-8211e1245b5d:c4357, 6999f20e-c3f7-4db4-87ca-141c476f2a88:c4357]
2019-08-22 07:03:44,126 | INFO  | DNAudit | user=null | ip=null | op=WRITE_CHUNK {blockData=conID: 2 locID: 102659353743131258 bcsId: 4359} | ret=SUCCESS |  
2019-08-22 07:03:44,129 | INFO  | DNAudit | user=null | ip=null | op=WRITE_CHUNK {blockData=conID: 2 locID: 102659353743131258 bcsId: 4359} | ret=SUCCESS |  
2019-08-22 07:03:44,129 | INFO  | DNAudit | user=null | ip=null | op=WRITE_CHUNK {blockData=conID: 2 locID: 102659353743131258 bcsId: 4359} | ret=SUCCESS |  
2019-08-22 07:03:44,131 | INFO  | DNAudit | user=null | ip=null | op=WRITE_CHUNK {blockData=conID: 2 locID: 102659353743131258 bcsId: 4353} | ret=SUCCESS |  
2019-08-22 07:03:44,131 | INFO  | DNAudit | user=null | ip=null | op=WRITE_CHUNK {blockData=conID: 2 locID: 102659353743131258 bcsId: 4353} | ret=SUCCESS |  
2019-08-22 07:03:44,131 | INFO  | DNAudit | user=null | ip=null | op=PUT_BLOCK {blockData=[blockId=conID: 2 locID: 102659353743131258 bcsId: 0,size=3145728]} | ret=SUCCESS |  
2019-08-22 07:03:44,131 | INFO  | DNAudit | user=null | ip=null | op=PUT_BLOCK {blockData=[blockId=conID: 2 locID: 102659353743131258 bcsId: 0,size=3145728]} | ret=SUCCESS |  
2019-08-22 07:03:44,133 | INFO  | DNAudit | user=null | ip=null | op=WRITE_CHUNK {blockData=conID: 2 locID: 102659353743131258 bcsId: 4359} | ret=SUCCESS |  
2019-08-22 07:03:44,134 | INFO  | DNAudit | user=null | ip=null | op=PUT_BLOCK {blockData=[blockId=conID: 2 locID: 102659353743131258 bcsId: 0,size=4194304]} | ret=SUCCESS |  
2019-08-22 07:03:44,134 [grpc-default-executor-3] INFO  client.GrpcClientProtocolClient (GrpcClientProtocolClient.java:onNext(255)) - client-CF63D631FA17->3cf1264f-5f6b-4138-aeee-2ff7d4522ead: receive RaftClientReply:client-CF63D631FA17->3cf1264f-5f6b-4138-aeee-2ff7d4522ead@group-561E16522154, cid=2899, SUCCESS, logIndex=4362, commits[3cf1264f-5f6b-4138-aeee-2ff7d4522ead:c4363, 4f0d1a15-8f14-4d9a-ad4f-8211e1245b5d:c4359, 6999f20e-c3f7-4db4-87ca-141c476f2a88:c4359]
2019-08-22 07:03:44,134 [grpc-default-executor-3] INFO  client.GrpcClientProtocolClient (GrpcClientProtocolClient.java:onNext(255)) - client-CF63D631FA17->3cf1264f-5f6b-4138-aeee-2ff7d4522ead: receive RaftClientReply:client-CF63D631FA17->3cf1264f-5f6b-4138-aeee-2ff7d4522ead@group-561E16522154, cid=2900, SUCCESS, logIndex=4363, commits[3cf1264f-5f6b-4138-aeee-2ff7d4522ead:c4363, 4f0d1a15-8f14-4d9a-ad4f-8211e1245b5d:c4359, 6999f20e-c3f7-4db4-87ca-141c476f2a88:c4359]
2019-08-22 07:03:44,135 | INFO  | SCMAudit | user=jenkins1000 | ip=192.168.34.31 | op=SEND_HEARTBEAT {datanodeUUID=4f0d1a15-8f14-4d9a-ad4f-8211e1245b5d, command=[]} | ret=SUCCESS |  
2019-08-22 07:03:44,146 | INFO  | DNAudit | user=null | ip=null | op=WRITE_CHUNK {blockData=conID: 2 locID: 102659353743131258 bcsId: 4359} | ret=SUCCESS |  
2019-08-22 07:03:44,146 | INFO  | DNAudit | user=null | ip=null | op=WRITE_CHUNK {blockData=conID: 2 locID: 102659353743131258 bcsId: 4359} | ret=SUCCESS |  
2019-08-22 07:03:44,146 | INFO  | DNAudit | user=null | ip=null | op=PUT_BLOCK {blockData=[blockId=conID: 2 locID: 102659353743131258 bcsId: 0,size=4194304]} | ret=SUCCESS |  
2019-08-22 07:03:44,146 | INFO  | DNAudit | user=null | ip=null | op=PUT_BLOCK {blockData=[blockId=conID: 2 locID: 102659353743131258 bcsId: 0,size=4194304]} | ret=SUCCESS |  
2019-08-22 07:03:44,146 [grpc-default-executor-1] INFO  client.GrpcClientProtocolClient (GrpcClientProtocolClient.java:onNext(255)) - client-CF63D631FA17->3cf1264f-5f6b-4138-aeee-2ff7d4522ead: receive RaftClientReply:client-CF63D631FA17->3cf1264f-5f6b-4138-aeee-2ff7d4522ead@group-561E16522154, cid=2901, SUCCESS, logIndex=0, commits[3cf1264f-5f6b-4138-aeee-2ff7d4522ead:c4364, 4f0d1a15-8f14-4d9a-ad4f-8211e1245b5d:c4363, 6999f20e-c3f7-4db4-87ca-141c476f2a88:c4363]
2019-08-22 07:03:44,153 | INFO  | SCMAudit | user=jenkins1000 | ip=192.168.34.31 | op=ALLOCATE_BLOCK {owner=04b6d46a-98e2-41b1-9f38-1870289993ea, size=4194304, type=RATIS, factor=THREE} | ret=SUCCESS |  
2019-08-22 07:03:44,158 | INFO  | OMAudit | user=jenkins1000 | ip=127.0.0.1 | op=ALLOCATE_BLOCK {volume=vol-0-14906, bucket=bucket-0-53153, key=key-0-33222, dataSize=0, replicationType=null, replicationFactor=null, keyLocationInfo=null, clientID=102659352017764754} | ret=SUCCESS |  
2019-08-22 07:03:44,164 | INFO  | DNAudit | user=null | ip=null | op=WRITE_CHUNK {blockData=conID: 3 locID: 102659353749291643 bcsId: 0} | ret=SUCCESS |  
2019-08-22 07:03:44,166 | INFO  | DNAudit | user=null | ip=null | op=WRITE_CHUNK {blockData=conID: 3 locID: 102659353749291643 bcsId: 0} | ret=SUCCESS |  
2019-08-22 07:03:44,167 | INFO  | DNAudit | user=null | ip=null | op=WRITE_CHUNK {blockData=conID: 3 locID: 102659353749291643 bcsId: 0} | ret=SUCCESS |  
2019-08-22 07:03:44,168 | INFO  | DNAudit | user=null | ip=null | op=WRITE_CHUNK {blockData=conID: 3 locID: 102659353749291643 bcsId: 0} | ret=SUCCESS |  
2019-08-22 07:03:44,169 | INFO  | DNAudit | user=null | ip=null | op=WRITE_CHUNK {blockData=conID: 3 locID: 102659353749291643 bcsId: 0} | ret=SUCCESS |  
2019-08-22 07:03:44,170 | INFO  | DNAudit | user=null | ip=null | op=WRITE_CHUNK {blockData=conID: 3 locID: 102659353749291643 bcsId: 0} | ret=SUCCESS |  
2019-08-22 07:03:44,178 | INFO  | DNAudit | user=null | ip=null | op=WRITE_CHUNK {blockData=conID: 3 locID: 102659353749291643 bcsId: 0} | ret=SUCCESS |  
2019-08-22 07:03:44,179 | INFO  | DNAudit | user=null | ip=null | op=PUT_BLOCK {blockData=[blockId=conID: 3 locID: 102659353749291643 bcsId: 0,size=1048576]} | ret=SUCCESS |  
2019-08-22 07:03:44,179 | INFO  | DNAudit | user=null | ip=null | op=WRITE_CHUNK {blockData=conID: 3 locID: 102659353749291643 bcsId: 0} | ret=SUCCESS |  
2019-08-22 07:03:44,179 [grpc-default-executor-1] INFO  client.GrpcClientProtocolClient (GrpcClientProtocolClient.java:onNext(255)) - client-CF63D631FA17->3cf1264f-5f6b-4138-aeee-2ff7d4522ead: receive RaftClientReply:client-CF63D631FA17->3cf1264f-5f6b-4138-aeee-2ff7d4522ead@group-561E16522154, cid=2902, SUCCESS, logIndex=4366, commits[3cf1264f-5f6b-4138-aeee-2ff7d4522ead:c4369, 4f0d1a15-8f14-4d9a-ad4f-8211e1245b5d:c4365, 6999f20e-c3f7-4db4-87ca-141c476f2a88:c4365]
2019-08-22 07:03:44,179 | INFO  | DNAudit | user=null | ip=null | op=PUT_BLOCK {blockData=[blockId=conID: 3 locID: 102659353749291643 bcsId: 0,size=2097152]} | ret=SUCCESS |  
2019-08-22 07:03:44,180 [grpc-default-executor-1] INFO  client.GrpcClientProtocolClient (GrpcClientProtocolClient.java:onNext(255)) - client-CF63D631FA17->3cf1264f-5f6b-4138-aeee-2ff7d4522ead: receive RaftClientReply:client-CF63D631FA17->3cf1264f-5f6b-4138-aeee-2ff7d4522ead@group-561E16522154, cid=2903, SUCCESS, logIndex=4367, commits[3cf1264f-5f6b-4138-aeee-2ff7d4522ead:c4369, 4f0d1a15-8f14-4d9a-ad4f-8211e1245b5d:c4365, 6999f20e-c3f7-4db4-87ca-141c476f2a88:c4365]
2019-08-22 07:03:44,180 [grpc-default-executor-1] INFO  client.GrpcClientProtocolClient (GrpcClientProtocolClient.java:onNext(255)) - client-CF63D631FA17->3cf1264f-5f6b-4138-aeee-2ff7d4522ead: receive RaftClientReply:client-CF63D631FA17->3cf1264f-5f6b-4138-aeee-2ff7d4522ead@group-561E16522154, cid=2904, SUCCESS, logIndex=4368, commits[3cf1264f-5f6b-4138-aeee-2ff7d4522ead:c4369, 4f0d1a15-8f14-4d9a-ad4f-8211e1245b5d:c4365, 6999f20e-c3f7-4db4-87ca-141c476f2a88:c4365]
2019-08-22 07:03:44,180 [grpc-default-executor-1] INFO  client.GrpcClientProtocolClient (GrpcClientProtocolClient.java:onNext(255)) - client-CF63D631FA17->3cf1264f-5f6b-4138-aeee-2ff7d4522ead: receive RaftClientReply:client-CF63D631FA17->3cf1264f-5f6b-4138-aeee-2ff7d4522ead@group-561E16522154, cid=2905, SUCCESS, logIndex=4369, commits[3cf1264f-5f6b-4138-aeee-2ff7d4522ead:c4369, 4f0d1a15-8f14-4d9a-ad4f-8211e1245b5d:c4365, 6999f20e-c3f7-4db4-87ca-141c476f2a88:c4365]
2019-08-22 07:03:44,190 | INFO  | DNAudit | user=null | ip=null | op=WRITE_CHUNK {blockData=conID: 3 locID: 102659353749291643 bcsId: 0} | ret=SUCCESS |  
2019-08-22 07:03:44,190 | INFO  | DNAudit | user=null | ip=null | op=WRITE_CHUNK {blockData=conID: 3 locID: 102659353749291643 bcsId: 0} | ret=SUCCESS |  
2019-08-22 07:03:44,190 | INFO  | DNAudit | user=null | ip=null | op=PUT_BLOCK {blockData=[blockId=conID: 3 locID: 102659353749291643 bcsId: 0,size=1048576]} | ret=SUCCESS |  
2019-08-22 07:03:44,190 | INFO  | DNAudit | user=null | ip=null | op=PUT_BLOCK {blockData=[blockId=conID: 3 locID: 102659353749291643 bcsId: 0,size=1048576]} | ret=SUCCESS |  
2019-08-22 07:03:44,190 | INFO  | DNAudit | user=null | ip=null | op=WRITE_CHUNK {blockData=conID: 3 locID: 102659353749291643 bcsId: 0} | ret=SUCCESS |  
2019-08-22 07:03:44,190 | INFO  | DNAudit | user=null | ip=null | op=WRITE_CHUNK {blockData=conID: 3 locID: 102659353749291643 bcsId: 0} | ret=SUCCESS |  
2019-08-22 07:03:44,190 [grpc-default-executor-3] INFO  client.GrpcClientProtocolClient (GrpcClientProtocolClient.java:onNext(255)) - client-CF63D631FA17->3cf1264f-5f6b-4138-aeee-2ff7d4522ead: receive RaftClientReply:client-CF63D631FA17->3cf1264f-5f6b-4138-aeee-2ff7d4522ead@group-561E16522154, cid=2906, SUCCESS, logIndex=0, commits[3cf1264f-5f6b-4138-aeee-2ff7d4522ead:c4370, 4f0d1a15-8f14-4d9a-ad4f-8211e1245b5d:c4368, 6999f20e-c3f7-4db4-87ca-141c476f2a88:c4368]
2019-08-22 07:03:44,193 | INFO  | DNAudit | user=null | ip=null | op=PUT_BLOCK {blockData=[blockId=conID: 3 locID: 102659353749291643 bcsId: 0,size=2097152]} | ret=SUCCESS |  
2019-08-22 07:03:44,193 | INFO  | DNAudit | user=null | ip=null | op=PUT_BLOCK {blockData=[blockId=conID: 3 locID: 102659353749291643 bcsId: 0,size=2097152]} | ret=SUCCESS |  
2019-08-22 07:03:44,196 | INFO  | DNAudit | user=null | ip=null | op=WRITE_CHUNK {blockData=conID: 3 locID: 102659353749291643 bcsId: 4369} | ret=SUCCESS |  
2019-08-22 07:03:44,199 | INFO  | DNAudit | user=null | ip=null | op=WRITE_CHUNK {blockData=conID: 3 locID: 102659353749291643 bcsId: 4369} | ret=SUCCESS |  
2019-08-22 07:03:44,199 | INFO  | DNAudit | user=null | ip=null | op=WRITE_CHUNK {blockData=conID: 3 locID: 102659353749291643 bcsId: 4369} | ret=SUCCESS |  
2019-08-22 07:03:44,208 | INFO  | DNAudit | user=null | ip=null | op=WRITE_CHUNK {blockData=conID: 3 locID: 102659353749291643 bcsId: 4369} | ret=SUCCESS |  
2019-08-22 07:03:44,209 | INFO  | DNAudit | user=null | ip=null | op=PUT_BLOCK {blockData=[blockId=conID: 3 locID: 102659353749291643 bcsId: 0,size=3145728]} | ret=SUCCESS |  
2019-08-22 07:03:44,209 [grpc-default-executor-3] INFO  client.GrpcClientProtocolClient (GrpcClientProtocolClient.java:onNext(255)) - client-CF63D631FA17->3cf1264f-5f6b-4138-aeee-2ff7d4522ead: receive RaftClientReply:client-CF63D631FA17->3cf1264f-5f6b-4138-aeee-2ff7d4522ead@group-561E16522154, cid=2907, SUCCESS, logIndex=4373, commits[3cf1264f-5f6b-4138-aeee-2ff7d4522ead:c4374, 4f0d1a15-8f14-4d9a-ad4f-8211e1245b5d:c4372, 6999f20e-c3f7-4db4-87ca-141c476f2a88:c4372]
2019-08-22 07:03:44,213 [grpc-default-executor-3] INFO  client.GrpcClientProtocolClient (GrpcClientProtocolClient.java:onNext(255)) - client-CF63D631FA17->3cf1264f-5f6b-4138-aeee-2ff7d4522ead: receive RaftClientReply:client-CF63D631FA17->3cf1264f-5f6b-4138-aeee-2ff7d4522ead@group-561E16522154, cid=2908, SUCCESS, logIndex=4374, commits[3cf1264f-5f6b-4138-aeee-2ff7d4522ead:c4374, 4f0d1a15-8f14-4d9a-ad4f-8211e1245b5d:c4372, 6999f20e-c3f7-4db4-87ca-141c476f2a88:c4372]
2019-08-22 07:03:44,218 | INFO  | DNAudit | user=null | ip=null | op=WRITE_CHUNK {blockData=conID: 3 locID: 102659353749291643 bcsId: 4374} | ret=SUCCESS |  
2019-08-22 07:03:44,220 | INFO  | DNAudit | user=null | ip=null | op=WRITE_CHUNK {blockData=conID: 3 locID: 102659353749291643 bcsId: 4369} | ret=SUCCESS |  
2019-08-22 07:03:44,220 | INFO  | DNAudit | user=null | ip=null | op=WRITE_CHUNK {blockData=conID: 3 locID: 102659353749291643 bcsId: 4369} | ret=SUCCESS |  
2019-08-22 07:03:44,220 | INFO  | DNAudit | user=null | ip=null | op=PUT_BLOCK {blockData=[blockId=conID: 3 locID: 102659353749291643 bcsId: 0,size=3145728]} | ret=SUCCESS |  
2019-08-22 07:03:44,220 | INFO  | DNAudit | user=null | ip=null | op=WRITE_CHUNK {blockData=conID: 3 locID: 102659353749291643 bcsId: 4374} | ret=SUCCESS |  
2019-08-22 07:03:44,221 | INFO  | DNAudit | user=null | ip=null | op=WRITE_CHUNK {blockData=conID: 3 locID: 102659353749291643 bcsId: 4374} | ret=SUCCESS |  
2019-08-22 07:03:44,232 | INFO  | DNAudit | user=null | ip=null | op=WRITE_CHUNK {blockData=conID: 3 locID: 102659353749291643 bcsId: 4374} | ret=SUCCESS |  
2019-08-22 07:03:44,232 | INFO  | DNAudit | user=null | ip=null | op=PUT_BLOCK {blockData=[blockId=conID: 3 locID: 102659353749291643 bcsId: 0,size=3145728]} | ret=SUCCESS |  
2019-08-22 07:03:44,232 | INFO  | DNAudit | user=null | ip=null | op=PUT_BLOCK {blockData=[blockId=conID: 3 locID: 102659353749291643 bcsId: 0,size=4194304]} | ret=SUCCESS |  
2019-08-22 07:03:44,232 [grpc-default-executor-0] INFO  client.GrpcClientProtocolClient (GrpcClientProtocolClient.java:onNext(255)) - client-CF63D631FA17->3cf1264f-5f6b-4138-aeee-2ff7d4522ead: receive RaftClientReply:client-CF63D631FA17->3cf1264f-5f6b-4138-aeee-2ff7d4522ead@group-561E16522154, cid=2909, SUCCESS, logIndex=4377, commits[3cf1264f-5f6b-4138-aeee-2ff7d4522ead:c4378, 4f0d1a15-8f14-4d9a-ad4f-8211e1245b5d:c4374, 6999f20e-c3f7-4db4-87ca-141c476f2a88:c4373]
2019-08-22 07:03:44,233 [grpc-default-executor-0] INFO  client.GrpcClientProtocolClient (GrpcClientProtocolClient.java:onNext(255)) - client-CF63D631FA17->3cf1264f-5f6b-4138-aeee-2ff7d4522ead: receive RaftClientReply:client-CF63D631FA17->3cf1264f-5f6b-4138-aeee-2ff7d4522ead@group-561E16522154, cid=2910, SUCCESS, logIndex=4378, commits[3cf1264f-5f6b-4138-aeee-2ff7d4522ead:c4378, 4f0d1a15-8f14-4d9a-ad4f-8211e1245b5d:c4374, 6999f20e-c3f7-4db4-87ca-141c476f2a88:c4374]
2019-08-22 07:03:44,235 | INFO  | DNAudit | user=null | ip=null | op=WRITE_CHUNK {blockData=conID: 3 locID: 102659353749291643 bcsId: 4374} | ret=SUCCESS |  
2019-08-22 07:03:44,235 | INFO  | DNAudit | user=null | ip=null | op=WRITE_CHUNK {blockData=conID: 3 locID: 102659353749291643 bcsId: 4374} | ret=SUCCESS |  
2019-08-22 07:03:44,237 | INFO  | DNAudit | user=null | ip=null | op=PUT_BLOCK {blockData=[blockId=conID: 3 locID: 102659353749291643 bcsId: 0,size=4194304]} | ret=SUCCESS |  
2019-08-22 07:03:44,237 | INFO  | DNAudit | user=null | ip=null | op=PUT_BLOCK {blockData=[blockId=conID: 3 locID: 102659353749291643 bcsId: 0,size=4194304]} | ret=SUCCESS |  
2019-08-22 07:03:44,237 [grpc-default-executor-0] INFO  client.GrpcClientProtocolClient (GrpcClientProtocolClient.java:onNext(255)) - client-CF63D631FA17->3cf1264f-5f6b-4138-aeee-2ff7d4522ead: receive RaftClientReply:client-CF63D631FA17->3cf1264f-5f6b-4138-aeee-2ff7d4522ead@group-561E16522154, cid=2911, SUCCESS, logIndex=0, commits[3cf1264f-5f6b-4138-aeee-2ff7d4522ead:c4380, 4f0d1a15-8f14-4d9a-ad4f-8211e1245b5d:c4378, 6999f20e-c3f7-4db4-87ca-141c476f2a88:c4378]
2019-08-22 07:03:44,242 | INFO  | SCMAudit | user=jenkins1000 | ip=192.168.34.31 | op=ALLOCATE_BLOCK {owner=04b6d46a-98e2-41b1-9f38-1870289993ea, size=4194304, type=RATIS, factor=THREE} | ret=SUCCESS |  
2019-08-22 07:03:44,245 | INFO  | OMAudit | user=jenkins1000 | ip=127.0.0.1 | op=ALLOCATE_BLOCK {volume=vol-0-14906, bucket=bucket-0-53153, key=key-0-33222, dataSize=0, replicationType=null, replicationFactor=null, keyLocationInfo=null, clientID=102659352017764754} | ret=SUCCESS |  
2019-08-22 07:03:44,251 | INFO  | DNAudit | user=null | ip=null | op=WRITE_CHUNK {blockData=conID: 1 locID: 102659353755124348 bcsId: 0} | ret=SUCCESS |  
2019-08-22 07:03:44,253 | INFO  | DNAudit | user=null | ip=null | op=WRITE_CHUNK {blockData=conID: 1 locID: 102659353755124348 bcsId: 0} | ret=SUCCESS |  
2019-08-22 07:03:44,254 | INFO  | DNAudit | user=null | ip=null | op=WRITE_CHUNK {blockData=conID: 1 locID: 102659353755124348 bcsId: 0} | ret=SUCCESS |  
2019-08-22 07:03:44,254 | INFO  | DNAudit | user=null | ip=null | op=WRITE_CHUNK {blockData=conID: 1 locID: 102659353755124348 bcsId: 0} | ret=SUCCESS |  
2019-08-22 07:03:44,254 | INFO  | DNAudit | user=null | ip=null | op=WRITE_CHUNK {blockData=conID: 1 locID: 102659353755124348 bcsId: 0} | ret=SUCCESS |  
2019-08-22 07:03:44,255 | INFO  | DNAudit | user=null | ip=null | op=WRITE_CHUNK {blockData=conID: 1 locID: 102659353755124348 bcsId: 0} | ret=SUCCESS |  
2019-08-22 07:03:44,261 | INFO  | DNAudit | user=null | ip=null | op=WRITE_CHUNK {blockData=conID: 1 locID: 102659353755124348 bcsId: 0} | ret=SUCCESS |  
2019-08-22 07:03:44,261 | INFO  | DNAudit | user=null | ip=null | op=PUT_BLOCK {blockData=[blockId=conID: 1 locID: 102659353755124348 bcsId: 0,size=1048576]} | ret=SUCCESS |  
2019-08-22 07:03:44,262 [grpc-default-executor-0] INFO  client.GrpcClientProtocolClient (GrpcClientProtocolClient.java:onNext(255)) - client-CF63D631FA17->3cf1264f-5f6b-4138-aeee-2ff7d4522ead: receive RaftClientReply:client-CF63D631FA17->3cf1264f-5f6b-4138-aeee-2ff7d4522ead@group-561E16522154, cid=2912, SUCCESS, logIndex=4381, commits[3cf1264f-5f6b-4138-aeee-2ff7d4522ead:c4382, 4f0d1a15-8f14-4d9a-ad4f-8211e1245b5d:c4380, 6999f20e-c3f7-4db4-87ca-141c476f2a88:c4380]
2019-08-22 07:03:44,262 | INFO  | DNAudit | user=null | ip=null | op=WRITE_CHUNK {blockData=conID: 1 locID: 102659353755124348 bcsId: 0} | ret=SUCCESS |  
2019-08-22 07:03:44,262 [grpc-default-executor-0] INFO  client.GrpcClientProtocolClient (GrpcClientProtocolClient.java:onNext(255)) - client-CF63D631FA17->3cf1264f-5f6b-4138-aeee-2ff7d4522ead: receive RaftClientReply:client-CF63D631FA17->3cf1264f-5f6b-4138-aeee-2ff7d4522ead@group-561E16522154, cid=2913, SUCCESS, logIndex=4382, commits[3cf1264f-5f6b-4138-aeee-2ff7d4522ead:c4384, 4f0d1a15-8f14-4d9a-ad4f-8211e1245b5d:c4380, 6999f20e-c3f7-4db4-87ca-141c476f2a88:c4380]
2019-08-22 07:03:44,262 | INFO  | DNAudit | user=null | ip=null | op=PUT_BLOCK {blockData=[blockId=conID: 1 locID: 102659353755124348 bcsId: 0,size=2097152]} | ret=SUCCESS |  
2019-08-22 07:03:44,262 [grpc-default-executor-0] INFO  client.GrpcClientProtocolClient (GrpcClientProtocolClient.java:onNext(255)) - client-CF63D631FA17->3cf1264f-5f6b-4138-aeee-2ff7d4522ead: receive RaftClientReply:client-CF63D631FA17->3cf1264f-5f6b-4138-aeee-2ff7d4522ead@group-561E16522154, cid=2914, SUCCESS, logIndex=4383, commits[3cf1264f-5f6b-4138-aeee-2ff7d4522ead:c4384, 4f0d1a15-8f14-4d9a-ad4f-8211e1245b5d:c4380, 6999f20e-c3f7-4db4-87ca-141c476f2a88:c4380]
2019-08-22 07:03:44,262 [grpc-default-executor-0] INFO  client.GrpcClientProtocolClient (GrpcClientProtocolClient.java:onNext(255)) - client-CF63D631FA17->3cf1264f-5f6b-4138-aeee-2ff7d4522ead: receive RaftClientReply:client-CF63D631FA17->3cf1264f-5f6b-4138-aeee-2ff7d4522ead@group-561E16522154, cid=2915, SUCCESS, logIndex=4384, commits[3cf1264f-5f6b-4138-aeee-2ff7d4522ead:c4384, 4f0d1a15-8f14-4d9a-ad4f-8211e1245b5d:c4380, 6999f20e-c3f7-4db4-87ca-141c476f2a88:c4380]
2019-08-22 07:03:44,263 | INFO  | DNAudit | user=null | ip=null | op=WRITE_CHUNK {blockData=conID: 1 locID: 102659353755124348 bcsId: 0} | ret=SUCCESS |  
2019-08-22 07:03:44,263 | INFO  | DNAudit | user=null | ip=null | op=WRITE_CHUNK {blockData=conID: 1 locID: 102659353755124348 bcsId: 0} | ret=SUCCESS |  
2019-08-22 07:03:44,263 | INFO  | DNAudit | user=null | ip=null | op=PUT_BLOCK {blockData=[blockId=conID: 1 locID: 102659353755124348 bcsId: 0,size=1048576]} | ret=SUCCESS |  
2019-08-22 07:03:44,264 | INFO  | DNAudit | user=null | ip=null | op=PUT_BLOCK {blockData=[blockId=conID: 1 locID: 102659353755124348 bcsId: 0,size=1048576]} | ret=SUCCESS |  
2019-08-22 07:03:44,264 [grpc-default-executor-0] INFO  client.GrpcClientProtocolClient (GrpcClientProtocolClient.java:onNext(255)) - client-CF63D631FA17->3cf1264f-5f6b-4138-aeee-2ff7d4522ead: receive RaftClientReply:client-CF63D631FA17->3cf1264f-5f6b-4138-aeee-2ff7d4522ead@group-561E16522154, cid=2916, SUCCESS, logIndex=0, commits[3cf1264f-5f6b-4138-aeee-2ff7d4522ead:c4385, 4f0d1a15-8f14-4d9a-ad4f-8211e1245b5d:c4382, 6999f20e-c3f7-4db4-87ca-141c476f2a88:c4382]
2019-08-22 07:03:44,269 | INFO  | DNAudit | user=null | ip=null | op=WRITE_CHUNK {blockData=conID: 1 locID: 102659353755124348 bcsId: 4384} | ret=SUCCESS |  
2019-08-22 07:03:44,271 | INFO  | DNAudit | user=null | ip=null | op=WRITE_CHUNK {blockData=conID: 1 locID: 102659353755124348 bcsId: 4384} | ret=SUCCESS |  
2019-08-22 07:03:44,272 | INFO  | DNAudit | user=null | ip=null | op=WRITE_CHUNK {blockData=conID: 1 locID: 102659353755124348 bcsId: 4384} | ret=SUCCESS |  
2019-08-22 07:03:44,275 | INFO  | DNAudit | user=null | ip=null | op=WRITE_CHUNK {blockData=conID: 1 locID: 102659353755124348 bcsId: 0} | ret=SUCCESS |  
2019-08-22 07:03:44,275 | INFO  | DNAudit | user=null | ip=null | op=WRITE_CHUNK {blockData=conID: 1 locID: 102659353755124348 bcsId: 0} | ret=SUCCESS |  
2019-08-22 07:03:44,275 | INFO  | DNAudit | user=null | ip=null | op=PUT_BLOCK {blockData=[blockId=conID: 1 locID: 102659353755124348 bcsId: 0,size=2097152]} | ret=SUCCESS |  
2019-08-22 07:03:44,275 | INFO  | DNAudit | user=null | ip=null | op=PUT_BLOCK {blockData=[blockId=conID: 1 locID: 102659353755124348 bcsId: 0,size=2097152]} | ret=SUCCESS |  
2019-08-22 07:03:44,276 | INFO  | DNAudit | user=null | ip=null | op=WRITE_CHUNK {blockData=conID: 1 locID: 102659353755124348 bcsId: 4384} | ret=SUCCESS |  
2019-08-22 07:03:44,277 | INFO  | DNAudit | user=null | ip=null | op=PUT_BLOCK {blockData=[blockId=conID: 1 locID: 102659353755124348 bcsId: 0,size=3145728]} | ret=SUCCESS |  
2019-08-22 07:03:44,277 [grpc-default-executor-0] INFO  client.GrpcClientProtocolClient (GrpcClientProtocolClient.java:onNext(255)) - client-CF63D631FA17->3cf1264f-5f6b-4138-aeee-2ff7d4522ead: receive RaftClientReply:client-CF63D631FA17->3cf1264f-5f6b-4138-aeee-2ff7d4522ead@group-561E16522154, cid=2917, SUCCESS, logIndex=4389, commits[3cf1264f-5f6b-4138-aeee-2ff7d4522ead:c4390, 4f0d1a15-8f14-4d9a-ad4f-8211e1245b5d:c4384, 6999f20e-c3f7-4db4-87ca-141c476f2a88:c4385]
2019-08-22 07:03:44,277 [grpc-default-executor-0] INFO  client.GrpcClientProtocolClient (GrpcClientProtocolClient.java:onNext(255)) - client-CF63D631FA17->3cf1264f-5f6b-4138-aeee-2ff7d4522ead: receive RaftClientReply:client-CF63D631FA17->3cf1264f-5f6b-4138-aeee-2ff7d4522ead@group-561E16522154, cid=2918, SUCCESS, logIndex=4390, commits[3cf1264f-5f6b-4138-aeee-2ff7d4522ead:c4390, 4f0d1a15-8f14-4d9a-ad4f-8211e1245b5d:c4385, 6999f20e-c3f7-4db4-87ca-141c476f2a88:c4385]
2019-08-22 07:03:44,279 | INFO  | DNAudit | user=null | ip=null | op=WRITE_CHUNK {blockData=conID: 1 locID: 102659353755124348 bcsId: 4384} | ret=SUCCESS |  
2019-08-22 07:03:44,279 | INFO  | DNAudit | user=null | ip=null | op=PUT_BLOCK {blockData=[blockId=conID: 1 locID: 102659353755124348 bcsId: 0,size=3145728]} | ret=SUCCESS |  
2019-08-22 07:03:44,279 | INFO  | DNAudit | user=null | ip=null | op=WRITE_CHUNK {blockData=conID: 1 locID: 102659353755124348 bcsId: 4384} | ret=SUCCESS |  
2019-08-22 07:03:44,280 | INFO  | DNAudit | user=null | ip=null | op=PUT_BLOCK {blockData=[blockId=conID: 1 locID: 102659353755124348 bcsId: 0,size=3145728]} | ret=SUCCESS |  
2019-08-22 07:03:44,282 | INFO  | DNAudit | user=null | ip=null | op=WRITE_CHUNK {blockData=conID: 1 locID: 102659353755124348 bcsId: 4390} | ret=SUCCESS |  
2019-08-22 07:03:44,284 | INFO  | DNAudit | user=null | ip=null | op=WRITE_CHUNK {blockData=conID: 1 locID: 102659353755124348 bcsId: 4390} | ret=SUCCESS |  
2019-08-22 07:03:44,285 | INFO  | DNAudit | user=null | ip=null | op=WRITE_CHUNK {blockData=conID: 1 locID: 102659353755124348 bcsId: 4390} | ret=SUCCESS |  
2019-08-22 07:03:44,294 | INFO  | DNAudit | user=null | ip=null | op=WRITE_CHUNK {blockData=conID: 1 locID: 102659353755124348 bcsId: 4390} | ret=SUCCESS |  
2019-08-22 07:03:44,294 | INFO  | DNAudit | user=null | ip=null | op=PUT_BLOCK {blockData=[blockId=conID: 1 locID: 102659353755124348 bcsId: 0,size=4194304]} | ret=SUCCESS |  
2019-08-22 07:03:44,294 [grpc-default-executor-1] INFO  client.GrpcClientProtocolClient (GrpcClientProtocolClient.java:onNext(255)) - client-CF63D631FA17->3cf1264f-5f6b-4138-aeee-2ff7d4522ead: receive RaftClientReply:client-CF63D631FA17->3cf1264f-5f6b-4138-aeee-2ff7d4522ead@group-561E16522154, cid=2919, SUCCESS, logIndex=4393, commits[3cf1264f-5f6b-4138-aeee-2ff7d4522ead:c4394, 4f0d1a15-8f14-4d9a-ad4f-8211e1245b5d:c4391, 6999f20e-c3f7-4db4-87ca-141c476f2a88:c4391]
2019-08-22 07:03:44,295 [grpc-default-executor-1] INFO  client.GrpcClientProtocolClient (GrpcClientProtocolClient.java:onNext(255)) - client-CF63D631FA17->3cf1264f-5f6b-4138-aeee-2ff7d4522ead: receive RaftClientReply:client-CF63D631FA17->3cf1264f-5f6b-4138-aeee-2ff7d4522ead@group-561E16522154, cid=2920, SUCCESS, logIndex=4394, commits[3cf1264f-5f6b-4138-aeee-2ff7d4522ead:c4394, 4f0d1a15-8f14-4d9a-ad4f-8211e1245b5d:c4391, 6999f20e-c3f7-4db4-87ca-141c476f2a88:c4391]
2019-08-22 07:03:44,310 | INFO  | DNAudit | user=null | ip=null | op=WRITE_CHUNK {blockData=conID: 1 locID: 102659353755124348 bcsId: 4390} | ret=SUCCESS |  
2019-08-22 07:03:44,310 | INFO  | DNAudit | user=null | ip=null | op=WRITE_CHUNK {blockData=conID: 1 locID: 102659353755124348 bcsId: 4390} | ret=SUCCESS |  
2019-08-22 07:03:44,311 | INFO  | DNAudit | user=null | ip=null | op=PUT_BLOCK {blockData=[blockId=conID: 1 locID: 102659353755124348 bcsId: 0,size=4194304]} | ret=SUCCESS |  
2019-08-22 07:03:44,313 | INFO  | DNAudit | user=null | ip=null | op=PUT_BLOCK {blockData=[blockId=conID: 1 locID: 102659353755124348 bcsId: 0,size=4194304]} | ret=SUCCESS |  
2019-08-22 07:03:44,313 [grpc-default-executor-1] INFO  client.GrpcClientProtocolClient (GrpcClientProtocolClient.java:onNext(255)) - client-CF63D631FA17->3cf1264f-5f6b-4138-aeee-2ff7d4522ead: receive RaftClientReply:client-CF63D631FA17->3cf1264f-5f6b-4138-aeee-2ff7d4522ead@group-561E16522154, cid=2921, SUCCESS, logIndex=0, commits[3cf1264f-5f6b-4138-aeee-2ff7d4522ead:c4396, 4f0d1a15-8f14-4d9a-ad4f-8211e1245b5d:c4394, 6999f20e-c3f7-4db4-87ca-141c476f2a88:c4394]
2019-08-22 07:03:44,318 | INFO  | SCMAudit | user=jenkins1000 | ip=192.168.34.31 | op=ALLOCATE_BLOCK {owner=04b6d46a-98e2-41b1-9f38-1870289993ea, size=4194304, type=RATIS, factor=THREE} | ret=SUCCESS |  
2019-08-22 07:03:44,322 | INFO  | OMAudit | user=jenkins1000 | ip=127.0.0.1 | op=ALLOCATE_BLOCK {volume=vol-0-14906, bucket=bucket-0-53153, key=key-0-33222, dataSize=0, replicationType=null, replicationFactor=null, keyLocationInfo=null, clientID=102659352017764754} | ret=SUCCESS |  
2019-08-22 07:03:44,327 | INFO  | DNAudit | user=null | ip=null | op=WRITE_CHUNK {blockData=conID: 2 locID: 102659353760105085 bcsId: 0} | ret=SUCCESS |  
2019-08-22 07:03:44,330 | INFO  | DNAudit | user=null | ip=null | op=WRITE_CHUNK {blockData=conID: 2 locID: 102659353760105085 bcsId: 0} | ret=SUCCESS |  
2019-08-22 07:03:44,330 | INFO  | DNAudit | user=null | ip=null | op=WRITE_CHUNK {blockData=conID: 2 locID: 102659353760105085 bcsId: 0} | ret=SUCCESS |  
2019-08-22 07:03:44,330 | INFO  | DNAudit | user=null | ip=null | op=WRITE_CHUNK {blockData=conID: 2 locID: 102659353760105085 bcsId: 0} | ret=SUCCESS |  
2019-08-22 07:03:44,331 | INFO  | DNAudit | user=null | ip=null | op=WRITE_CHUNK {blockData=conID: 2 locID: 102659353760105085 bcsId: 0} | ret=SUCCESS |  
2019-08-22 07:03:44,332 | INFO  | DNAudit | user=null | ip=null | op=WRITE_CHUNK {blockData=conID: 2 locID: 102659353760105085 bcsId: 0} | ret=SUCCESS |  
2019-08-22 07:03:44,340 | INFO  | DNAudit | user=null | ip=null | op=WRITE_CHUNK {blockData=conID: 2 locID: 102659353760105085 bcsId: 0} | ret=SUCCESS |  
2019-08-22 07:03:44,340 | INFO  | DNAudit | user=null | ip=null | op=PUT_BLOCK {blockData=[blockId=conID: 2 locID: 102659353760105085 bcsId: 0,size=1048576]} | ret=SUCCESS |  
2019-08-22 07:03:44,341 | INFO  | DNAudit | user=null | ip=null | op=WRITE_CHUNK {blockData=conID: 2 locID: 102659353760105085 bcsId: 0} | ret=SUCCESS |  
2019-08-22 07:03:44,341 [grpc-default-executor-1] INFO  client.GrpcClientProtocolClient (GrpcClientProtocolClient.java:onNext(255)) - client-CF63D631FA17->3cf1264f-5f6b-4138-aeee-2ff7d4522ead: receive RaftClientReply:client-CF63D631FA17->3cf1264f-5f6b-4138-aeee-2ff7d4522ead@group-561E16522154, cid=2922, SUCCESS, logIndex=4397, commits[3cf1264f-5f6b-4138-aeee-2ff7d4522ead:c4398, 4f0d1a15-8f14-4d9a-ad4f-8211e1245b5d:c4396, 6999f20e-c3f7-4db4-87ca-141c476f2a88:c4396]
2019-08-22 07:03:44,341 | INFO  | DNAudit | user=null | ip=null | op=PUT_BLOCK {blockData=[blockId=conID: 2 locID: 102659353760105085 bcsId: 0,size=2097152]} | ret=SUCCESS |  
2019-08-22 07:03:44,341 [grpc-default-executor-1] INFO  client.GrpcClientProtocolClient (GrpcClientProtocolClient.java:onNext(255)) - client-CF63D631FA17->3cf1264f-5f6b-4138-aeee-2ff7d4522ead: receive RaftClientReply:client-CF63D631FA17->3cf1264f-5f6b-4138-aeee-2ff7d4522ead@group-561E16522154, cid=2923, SUCCESS, logIndex=4398, commits[3cf1264f-5f6b-4138-aeee-2ff7d4522ead:c4400, 4f0d1a15-8f14-4d9a-ad4f-8211e1245b5d:c4396, 6999f20e-c3f7-4db4-87ca-141c476f2a88:c4396]
2019-08-22 07:03:44,341 [grpc-default-executor-1] INFO  client.GrpcClientProtocolClient (GrpcClientProtocolClient.java:onNext(255)) - client-CF63D631FA17->3cf1264f-5f6b-4138-aeee-2ff7d4522ead: receive RaftClientReply:client-CF63D631FA17->3cf1264f-5f6b-4138-aeee-2ff7d4522ead@group-561E16522154, cid=2924, SUCCESS, logIndex=4399, commits[3cf1264f-5f6b-4138-aeee-2ff7d4522ead:c4400, 4f0d1a15-8f14-4d9a-ad4f-8211e1245b5d:c4396, 6999f20e-c3f7-4db4-87ca-141c476f2a88:c4396]
2019-08-22 07:03:44,342 [grpc-default-executor-1] INFO  client.GrpcClientProtocolClient (GrpcClientProtocolClient.java:onNext(255)) - client-CF63D631FA17->3cf1264f-5f6b-4138-aeee-2ff7d4522ead: receive RaftClientReply:client-CF63D631FA17->3cf1264f-5f6b-4138-aeee-2ff7d4522ead@group-561E16522154, cid=2925, SUCCESS, logIndex=4400, commits[3cf1264f-5f6b-4138-aeee-2ff7d4522ead:c4400, 4f0d1a15-8f14-4d9a-ad4f-8211e1245b5d:c4396, 6999f20e-c3f7-4db4-87ca-141c476f2a88:c4396]
2019-08-22 07:03:44,344 | INFO  | DNAudit | user=null | ip=null | op=WRITE_CHUNK {blockData=conID: 2 locID: 102659353760105085 bcsId: 0} | ret=SUCCESS |  
2019-08-22 07:03:44,344 | INFO  | DNAudit | user=null | ip=null | op=WRITE_CHUNK {blockData=conID: 2 locID: 102659353760105085 bcsId: 0} | ret=SUCCESS |  
2019-08-22 07:03:44,344 | INFO  | DNAudit | user=null | ip=null | op=PUT_BLOCK {blockData=[blockId=conID: 2 locID: 102659353760105085 bcsId: 0,size=1048576]} | ret=SUCCESS |  
2019-08-22 07:03:44,344 | INFO  | DNAudit | user=null | ip=null | op=PUT_BLOCK {blockData=[blockId=conID: 2 locID: 102659353760105085 bcsId: 0,size=1048576]} | ret=SUCCESS |  
2019-08-22 07:03:44,344 [grpc-default-executor-3] INFO  client.GrpcClientProtocolClient (GrpcClientProtocolClient.java:onNext(255)) - client-CF63D631FA17->3cf1264f-5f6b-4138-aeee-2ff7d4522ead: receive RaftClientReply:client-CF63D631FA17->3cf1264f-5f6b-4138-aeee-2ff7d4522ead@group-561E16522154, cid=2926, SUCCESS, logIndex=0, commits[3cf1264f-5f6b-4138-aeee-2ff7d4522ead:c4401, 4f0d1a15-8f14-4d9a-ad4f-8211e1245b5d:c4398, 6999f20e-c3f7-4db4-87ca-141c476f2a88:c4398]
2019-08-22 07:03:44,350 | INFO  | DNAudit | user=null | ip=null | op=WRITE_CHUNK {blockData=conID: 2 locID: 102659353760105085 bcsId: 4400} | ret=SUCCESS |  
2019-08-22 07:03:44,352 | INFO  | DNAudit | user=null | ip=null | op=WRITE_CHUNK {blockData=conID: 2 locID: 102659353760105085 bcsId: 4400} | ret=SUCCESS |  
2019-08-22 07:03:44,353 | INFO  | DNAudit | user=null | ip=null | op=WRITE_CHUNK {blockData=conID: 2 locID: 102659353760105085 bcsId: 4400} | ret=SUCCESS |  
2019-08-22 07:03:44,356 | INFO  | DNAudit | user=null | ip=null | op=WRITE_CHUNK {blockData=conID: 2 locID: 102659353760105085 bcsId: 0} | ret=SUCCESS |  
2019-08-22 07:03:44,356 | INFO  | DNAudit | user=null | ip=null | op=PUT_BLOCK {blockData=[blockId=conID: 2 locID: 102659353760105085 bcsId: 0,size=2097152]} | ret=SUCCESS |  
2019-08-22 07:03:44,356 | INFO  | DNAudit | user=null | ip=null | op=WRITE_CHUNK {blockData=conID: 2 locID: 102659353760105085 bcsId: 0} | ret=SUCCESS |  
2019-08-22 07:03:44,356 | INFO  | DNAudit | user=null | ip=null | op=PUT_BLOCK {blockData=[blockId=conID: 2 locID: 102659353760105085 bcsId: 0,size=2097152]} | ret=SUCCESS |  
2019-08-22 07:03:44,359 | INFO  | DNAudit | user=null | ip=null | op=WRITE_CHUNK {blockData=conID: 2 locID: 102659353760105085 bcsId: 4400} | ret=SUCCESS |  
2019-08-22 07:03:44,360 | INFO  | DNAudit | user=null | ip=null | op=PUT_BLOCK {blockData=[blockId=conID: 2 locID: 102659353760105085 bcsId: 0,size=3145728]} | ret=SUCCESS |  
2019-08-22 07:03:44,360 [grpc-default-executor-3] INFO  client.GrpcClientProtocolClient (GrpcClientProtocolClient.java:onNext(255)) - client-CF63D631FA17->3cf1264f-5f6b-4138-aeee-2ff7d4522ead: receive RaftClientReply:client-CF63D631FA17->3cf1264f-5f6b-4138-aeee-2ff7d4522ead@group-561E16522154, cid=2927, SUCCESS, logIndex=4405, commits[3cf1264f-5f6b-4138-aeee-2ff7d4522ead:c4406, 4f0d1a15-8f14-4d9a-ad4f-8211e1245b5d:c4401, 6999f20e-c3f7-4db4-87ca-141c476f2a88:c4401]
2019-08-22 07:03:44,360 [grpc-default-executor-3] INFO  client.GrpcClientProtocolClient (GrpcClientProtocolClient.java:onNext(255)) - client-CF63D631FA17->3cf1264f-5f6b-4138-aeee-2ff7d4522ead: receive RaftClientReply:client-CF63D631FA17->3cf1264f-5f6b-4138-aeee-2ff7d4522ead@group-561E16522154, cid=2928, SUCCESS, logIndex=4406, commits[3cf1264f-5f6b-4138-aeee-2ff7d4522ead:c4406, 4f0d1a15-8f14-4d9a-ad4f-8211e1245b5d:c4401, 6999f20e-c3f7-4db4-87ca-141c476f2a88:c4401]
2019-08-22 07:03:44,366 | INFO  | DNAudit | user=null | ip=null | op=WRITE_CHUNK {blockData=conID: 2 locID: 102659353760105085 bcsId: 4406} | ret=SUCCESS |  
2019-08-22 07:03:44,369 | INFO  | DNAudit | user=null | ip=null | op=WRITE_CHUNK {blockData=conID: 2 locID: 102659353760105085 bcsId: 4406} | ret=SUCCESS |  
2019-08-22 07:03:44,369 | INFO  | DNAudit | user=null | ip=null | op=WRITE_CHUNK {blockData=conID: 2 locID: 102659353760105085 bcsId: 4406} | ret=SUCCESS |  
2019-08-22 07:03:44,373 | INFO  | DNAudit | user=null | ip=null | op=WRITE_CHUNK {blockData=conID: 2 locID: 102659353760105085 bcsId: 4400} | ret=SUCCESS |  
2019-08-22 07:03:44,373 | INFO  | DNAudit | user=null | ip=null | op=WRITE_CHUNK {blockData=conID: 2 locID: 102659353760105085 bcsId: 4400} | ret=SUCCESS |  
2019-08-22 07:03:44,384 | INFO  | DNAudit | user=null | ip=null | op=PUT_BLOCK {blockData=[blockId=conID: 2 locID: 102659353760105085 bcsId: 0,size=3145728]} | ret=SUCCESS |  
2019-08-22 07:03:44,384 | INFO  | DNAudit | user=null | ip=null | op=PUT_BLOCK {blockData=[blockId=conID: 2 locID: 102659353760105085 bcsId: 0,size=3145728]} | ret=SUCCESS |  
2019-08-22 07:03:44,385 | INFO  | DNAudit | user=null | ip=null | op=WRITE_CHUNK {blockData=conID: 2 locID: 102659353760105085 bcsId: 4406} | ret=SUCCESS |  
2019-08-22 07:03:44,385 | INFO  | DNAudit | user=null | ip=null | op=PUT_BLOCK {blockData=[blockId=conID: 2 locID: 102659353760105085 bcsId: 0,size=4194304]} | ret=SUCCESS |  
2019-08-22 07:03:44,385 [grpc-default-executor-3] INFO  client.GrpcClientProtocolClient (GrpcClientProtocolClient.java:onNext(255)) - client-CF63D631FA17->3cf1264f-5f6b-4138-aeee-2ff7d4522ead: receive RaftClientReply:client-CF63D631FA17->3cf1264f-5f6b-4138-aeee-2ff7d4522ead@group-561E16522154, cid=2929, SUCCESS, logIndex=4409, commits[3cf1264f-5f6b-4138-aeee-2ff7d4522ead:c4410, 4f0d1a15-8f14-4d9a-ad4f-8211e1245b5d:c4406, 6999f20e-c3f7-4db4-87ca-141c476f2a88:c4406]
2019-08-22 07:03:44,385 [grpc-default-executor-3] INFO  client.GrpcClientProtocolClient (GrpcClientProtocolClient.java:onNext(255)) - client-CF63D631FA17->3cf1264f-5f6b-4138-aeee-2ff7d4522ead: receive RaftClientReply:client-CF63D631FA17->3cf1264f-5f6b-4138-aeee-2ff7d4522ead@group-561E16522154, cid=2930, SUCCESS, logIndex=4410, commits[3cf1264f-5f6b-4138-aeee-2ff7d4522ead:c4410, 4f0d1a15-8f14-4d9a-ad4f-8211e1245b5d:c4406, 6999f20e-c3f7-4db4-87ca-141c476f2a88:c4406]
2019-08-22 07:03:44,396 | INFO  | DNAudit | user=null | ip=null | op=WRITE_CHUNK {blockData=conID: 2 locID: 102659353760105085 bcsId: 4406} | ret=SUCCESS |  
2019-08-22 07:03:44,396 | INFO  | DNAudit | user=null | ip=null | op=WRITE_CHUNK {blockData=conID: 2 locID: 102659353760105085 bcsId: 4406} | ret=SUCCESS |  
2019-08-22 07:03:44,398 | INFO  | DNAudit | user=null | ip=null | op=PUT_BLOCK {blockData=[blockId=conID: 2 locID: 102659353760105085 bcsId: 0,size=4194304]} | ret=SUCCESS |  
2019-08-22 07:03:44,398 | INFO  | DNAudit | user=null | ip=null | op=PUT_BLOCK {blockData=[blockId=conID: 2 locID: 102659353760105085 bcsId: 0,size=4194304]} | ret=SUCCESS |  
2019-08-22 07:03:44,398 [grpc-default-executor-0] INFO  client.GrpcClientProtocolClient (GrpcClientProtocolClient.java:onNext(255)) - client-CF63D631FA17->3cf1264f-5f6b-4138-aeee-2ff7d4522ead: receive RaftClientReply:client-CF63D631FA17->3cf1264f-5f6b-4138-aeee-2ff7d4522ead@group-561E16522154, cid=2931, SUCCESS, logIndex=0, commits[3cf1264f-5f6b-4138-aeee-2ff7d4522ead:c4411, 4f0d1a15-8f14-4d9a-ad4f-8211e1245b5d:c4410, 6999f20e-c3f7-4db4-87ca-141c476f2a88:c4410]
2019-08-22 07:03:44,403 | INFO  | SCMAudit | user=jenkins1000 | ip=192.168.34.31 | op=ALLOCATE_BLOCK {owner=04b6d46a-98e2-41b1-9f38-1870289993ea, size=4194304, type=RATIS, factor=THREE} | ret=SUCCESS |  
2019-08-22 07:03:44,406 | INFO  | OMAudit | user=jenkins1000 | ip=127.0.0.1 | op=ALLOCATE_BLOCK {volume=vol-0-14906, bucket=bucket-0-53153, key=key-0-33222, dataSize=0, replicationType=null, replicationFactor=null, keyLocationInfo=null, clientID=102659352017764754} | ret=SUCCESS |  
2019-08-22 07:03:44,412 | INFO  | DNAudit | user=null | ip=null | op=WRITE_CHUNK {blockData=conID: 3 locID: 102659353765675646 bcsId: 0} | ret=SUCCESS |  
2019-08-22 07:03:44,605 | INFO  | DNAudit | user=null | ip=null | op=WRITE_CHUNK {blockData=conID: 3 locID: 102659353765675646 bcsId: 0} | ret=SUCCESS |  
2019-08-22 07:03:44,606 | INFO  | DNAudit | user=null | ip=null | op=WRITE_CHUNK {blockData=conID: 3 locID: 102659353765675646 bcsId: 0} | ret=SUCCESS |  
2019-08-22 07:03:44,607 | INFO  | DNAudit | user=null | ip=null | op=WRITE_CHUNK {blockData=conID: 3 locID: 102659353765675646 bcsId: 0} | ret=SUCCESS |  
2019-08-22 07:03:44,607 | INFO  | DNAudit | user=null | ip=null | op=WRITE_CHUNK {blockData=conID: 3 locID: 102659353765675646 bcsId: 0} | ret=SUCCESS |  
2019-08-22 07:03:44,608 | INFO  | DNAudit | user=null | ip=null | op=WRITE_CHUNK {blockData=conID: 3 locID: 102659353765675646 bcsId: 0} | ret=SUCCESS |  
2019-08-22 07:03:44,615 | INFO  | DNAudit | user=null | ip=null | op=WRITE_CHUNK {blockData=conID: 3 locID: 102659353765675646 bcsId: 0} | ret=SUCCESS |  
2019-08-22 07:03:44,616 | INFO  | DNAudit | user=null | ip=null | op=PUT_BLOCK {blockData=[blockId=conID: 3 locID: 102659353765675646 bcsId: 0,size=1048576]} | ret=SUCCESS |  
2019-08-22 07:03:44,616 [grpc-default-executor-3] INFO  client.GrpcClientProtocolClient (GrpcClientProtocolClient.java:onNext(255)) - client-CF63D631FA17->3cf1264f-5f6b-4138-aeee-2ff7d4522ead: receive RaftClientReply:client-CF63D631FA17->3cf1264f-5f6b-4138-aeee-2ff7d4522ead@group-561E16522154, cid=2932, SUCCESS, logIndex=4413, commits[3cf1264f-5f6b-4138-aeee-2ff7d4522ead:c4414, 4f0d1a15-8f14-4d9a-ad4f-8211e1245b5d:c4412, 6999f20e-c3f7-4db4-87ca-141c476f2a88:c4412]
2019-08-22 07:03:44,616 | INFO  | DNAudit | user=null | ip=null | op=WRITE_CHUNK {blockData=conID: 3 locID: 102659353765675646 bcsId: 0} | ret=SUCCESS |  
2019-08-22 07:03:44,616 | INFO  | DNAudit | user=null | ip=null | op=WRITE_CHUNK {blockData=conID: 3 locID: 102659353765675646 bcsId: 0} | ret=SUCCESS |  
2019-08-22 07:03:44,616 | INFO  | DNAudit | user=null | ip=null | op=PUT_BLOCK {blockData=[blockId=conID: 3 locID: 102659353765675646 bcsId: 0,size=2097152]} | ret=SUCCESS |  
2019-08-22 07:03:44,616 [grpc-default-executor-3] INFO  client.GrpcClientProtocolClient (GrpcClientProtocolClient.java:onNext(255)) - client-CF63D631FA17->3cf1264f-5f6b-4138-aeee-2ff7d4522ead: receive RaftClientReply:client-CF63D631FA17->3cf1264f-5f6b-4138-aeee-2ff7d4522ead@group-561E16522154, cid=2933, SUCCESS, logIndex=4414, commits[3cf1264f-5f6b-4138-aeee-2ff7d4522ead:c4416, 4f0d1a15-8f14-4d9a-ad4f-8211e1245b5d:c4412, 6999f20e-c3f7-4db4-87ca-141c476f2a88:c4412]
2019-08-22 07:03:44,617 | INFO  | DNAudit | user=null | ip=null | op=WRITE_CHUNK {blockData=conID: 3 locID: 102659353765675646 bcsId: 0} | ret=SUCCESS |  
2019-08-22 07:03:44,617 [grpc-default-executor-3] INFO  client.GrpcClientProtocolClient (GrpcClientProtocolClient.java:onNext(255)) - client-CF63D631FA17->3cf1264f-5f6b-4138-aeee-2ff7d4522ead: receive RaftClientReply:client-CF63D631FA17->3cf1264f-5f6b-4138-aeee-2ff7d4522ead@group-561E16522154, cid=2934, SUCCESS, logIndex=4415, commits[3cf1264f-5f6b-4138-aeee-2ff7d4522ead:c4417, 4f0d1a15-8f14-4d9a-ad4f-8211e1245b5d:c4413, 6999f20e-c3f7-4db4-87ca-141c476f2a88:c4412]
2019-08-22 07:03:44,617 [grpc-default-executor-3] INFO  client.GrpcClientProtocolClient (GrpcClientProtocolClient.java:onNext(255)) - client-CF63D631FA17->3cf1264f-5f6b-4138-aeee-2ff7d4522ead: receive RaftClientReply:client-CF63D631FA17->3cf1264f-5f6b-4138-aeee-2ff7d4522ead@group-561E16522154, cid=2935, SUCCESS, logIndex=4416, commits[3cf1264f-5f6b-4138-aeee-2ff7d4522ead:c4417, 4f0d1a15-8f14-4d9a-ad4f-8211e1245b5d:c4413, 6999f20e-c3f7-4db4-87ca-141c476f2a88:c4412]
2019-08-22 07:03:44,617 | INFO  | DNAudit | user=null | ip=null | op=PUT_BLOCK {blockData=[blockId=conID: 3 locID: 102659353765675646 bcsId: 0,size=1048576]} | ret=SUCCESS |  
2019-08-22 07:03:44,619 | INFO  | DNAudit | user=null | ip=null | op=PUT_BLOCK {blockData=[blockId=conID: 3 locID: 102659353765675646 bcsId: 0,size=1048576]} | ret=SUCCESS |  
2019-08-22 07:03:44,619 | INFO  | DNAudit | user=null | ip=null | op=WRITE_CHUNK {blockData=conID: 3 locID: 102659353765675646 bcsId: 0} | ret=SUCCESS |  
2019-08-22 07:03:44,619 [grpc-default-executor-3] INFO  client.GrpcClientProtocolClient (GrpcClientProtocolClient.java:onNext(255)) - client-CF63D631FA17->3cf1264f-5f6b-4138-aeee-2ff7d4522ead: receive RaftClientReply:client-CF63D631FA17->3cf1264f-5f6b-4138-aeee-2ff7d4522ead@group-561E16522154, cid=2936, SUCCESS, logIndex=0, commits[3cf1264f-5f6b-4138-aeee-2ff7d4522ead:c4418, 4f0d1a15-8f14-4d9a-ad4f-8211e1245b5d:c4414, 6999f20e-c3f7-4db4-87ca-141c476f2a88:c4414]
2019-08-22 07:03:44,627 | INFO  | DNAudit | user=null | ip=null | op=WRITE_CHUNK {blockData=conID: 3 locID: 102659353765675646 bcsId: 4416} | ret=SUCCESS |  
2019-08-22 07:03:44,630 | INFO  | DNAudit | user=null | ip=null | op=WRITE_CHUNK {blockData=conID: 3 locID: 102659353765675646 bcsId: 0} | ret=SUCCESS |  
2019-08-22 07:03:44,630 | INFO  | DNAudit | user=null | ip=null | op=WRITE_CHUNK {blockData=conID: 3 locID: 102659353765675646 bcsId: 4416} | ret=SUCCESS |  
2019-08-22 07:03:44,630 | INFO  | DNAudit | user=null | ip=null | op=PUT_BLOCK {blockData=[blockId=conID: 3 locID: 102659353765675646 bcsId: 0,size=2097152]} | ret=SUCCESS |  
2019-08-22 07:03:44,630 | INFO  | DNAudit | user=null | ip=null | op=PUT_BLOCK {blockData=[blockId=conID: 3 locID: 102659353765675646 bcsId: 0,size=2097152]} | ret=SUCCESS |  
2019-08-22 07:03:44,631 | INFO  | DNAudit | user=null | ip=null | op=WRITE_CHUNK {blockData=conID: 3 locID: 102659353765675646 bcsId: 4416} | ret=SUCCESS |  
2019-08-22 07:03:44,642 | INFO  | DNAudit | user=null | ip=null | op=WRITE_CHUNK {blockData=conID: 3 locID: 102659353765675646 bcsId: 4416} | ret=SUCCESS |  
2019-08-22 07:03:44,643 | INFO  | DNAudit | user=null | ip=null | op=PUT_BLOCK {blockData=[blockId=conID: 3 locID: 102659353765675646 bcsId: 0,size=3145728]} | ret=SUCCESS |  
2019-08-22 07:03:44,643 [grpc-default-executor-1] INFO  client.GrpcClientProtocolClient (GrpcClientProtocolClient.java:onNext(255)) - client-CF63D631FA17->3cf1264f-5f6b-4138-aeee-2ff7d4522ead: receive RaftClientReply:client-CF63D631FA17->3cf1264f-5f6b-4138-aeee-2ff7d4522ead@group-561E16522154, cid=2937, SUCCESS, logIndex=4421, commits[3cf1264f-5f6b-4138-aeee-2ff7d4522ead:c4422, 4f0d1a15-8f14-4d9a-ad4f-8211e1245b5d:c4419, 6999f20e-c3f7-4db4-87ca-141c476f2a88:c4419]
2019-08-22 07:03:44,643 [grpc-default-executor-1] INFO  client.GrpcClientProtocolClient (GrpcClientProtocolClient.java:onNext(255)) - client-CF63D631FA17->3cf1264f-5f6b-4138-aeee-2ff7d4522ead: receive RaftClientReply:client-CF63D631FA17->3cf1264f-5f6b-4138-aeee-2ff7d4522ead@group-561E16522154, cid=2938, SUCCESS, logIndex=4422, commits[3cf1264f-5f6b-4138-aeee-2ff7d4522ead:c4422, 4f0d1a15-8f14-4d9a-ad4f-8211e1245b5d:c4419, 6999f20e-c3f7-4db4-87ca-141c476f2a88:c4419]
2019-08-22 07:03:44,653 | INFO  | DNAudit | user=null | ip=null | op=WRITE_CHUNK {blockData=conID: 3 locID: 102659353765675646 bcsId: 4422} | ret=SUCCESS |  
2019-08-22 07:03:44,654 | INFO  | DNAudit | user=null | ip=null | op=WRITE_CHUNK {blockData=conID: 3 locID: 102659353765675646 bcsId: 4416} | ret=SUCCESS |  
2019-08-22 07:03:44,654 | INFO  | DNAudit | user=null | ip=null | op=WRITE_CHUNK {blockData=conID: 3 locID: 102659353765675646 bcsId: 4416} | ret=SUCCESS |  
2019-08-22 07:03:44,655 | INFO  | DNAudit | user=null | ip=null | op=PUT_BLOCK {blockData=[blockId=conID: 3 locID: 102659353765675646 bcsId: 0,size=3145728]} | ret=SUCCESS |  
2019-08-22 07:03:44,655 | INFO  | DNAudit | user=null | ip=null | op=PUT_BLOCK {blockData=[blockId=conID: 3 locID: 102659353765675646 bcsId: 0,size=3145728]} | ret=SUCCESS |  
2019-08-22 07:03:44,657 | INFO  | DNAudit | user=null | ip=null | op=WRITE_CHUNK {blockData=conID: 3 locID: 102659353765675646 bcsId: 4422} | ret=SUCCESS |  
2019-08-22 07:03:44,658 | INFO  | DNAudit | user=null | ip=null | op=WRITE_CHUNK {blockData=conID: 3 locID: 102659353765675646 bcsId: 4422} | ret=SUCCESS |  
2019-08-22 07:03:44,670 | INFO  | DNAudit | user=null | ip=null | op=WRITE_CHUNK {blockData=conID: 3 locID: 102659353765675646 bcsId: 4422} | ret=SUCCESS |  
2019-08-22 07:03:44,670 | INFO  | DNAudit | user=null | ip=null | op=PUT_BLOCK {blockData=[blockId=conID: 3 locID: 102659353765675646 bcsId: 0,size=4194304]} | ret=SUCCESS |  
2019-08-22 07:03:44,670 [grpc-default-executor-1] INFO  client.GrpcClientProtocolClient (GrpcClientProtocolClient.java:onNext(255)) - client-CF63D631FA17->3cf1264f-5f6b-4138-aeee-2ff7d4522ead: receive RaftClientReply:client-CF63D631FA17->3cf1264f-5f6b-4138-aeee-2ff7d4522ead@group-561E16522154, cid=2939, SUCCESS, logIndex=4425, commits[3cf1264f-5f6b-4138-aeee-2ff7d4522ead:c4426, 4f0d1a15-8f14-4d9a-ad4f-8211e1245b5d:c4422, 6999f20e-c3f7-4db4-87ca-141c476f2a88:c4422]
2019-08-22 07:03:44,671 [grpc-default-executor-1] INFO  client.GrpcClientProtocolClient (GrpcClientProtocolClient.java:onNext(255)) - client-CF63D631FA17->3cf1264f-5f6b-4138-aeee-2ff7d4522ead: receive RaftClientReply:client-CF63D631FA17->3cf1264f-5f6b-4138-aeee-2ff7d4522ead@group-561E16522154, cid=2940, SUCCESS, logIndex=4426, commits[3cf1264f-5f6b-4138-aeee-2ff7d4522ead:c4426, 4f0d1a15-8f14-4d9a-ad4f-8211e1245b5d:c4422, 6999f20e-c3f7-4db4-87ca-141c476f2a88:c4422]
2019-08-22 07:03:44,682 | INFO  | DNAudit | user=null | ip=null | op=WRITE_CHUNK {blockData=conID: 3 locID: 102659353765675646 bcsId: 4422} | ret=SUCCESS |  
2019-08-22 07:03:44,682 | INFO  | DNAudit | user=null | ip=null | op=WRITE_CHUNK {blockData=conID: 3 locID: 102659353765675646 bcsId: 4422} | ret=SUCCESS |  
2019-08-22 07:03:44,682 | INFO  | DNAudit | user=null | ip=null | op=PUT_BLOCK {blockData=[blockId=conID: 3 locID: 102659353765675646 bcsId: 0,size=4194304]} | ret=SUCCESS |  
2019-08-22 07:03:44,682 | INFO  | DNAudit | user=null | ip=null | op=PUT_BLOCK {blockData=[blockId=conID: 3 locID: 102659353765675646 bcsId: 0,size=4194304]} | ret=SUCCESS |  
2019-08-22 07:03:44,683 [grpc-default-executor-1] INFO  client.GrpcClientProtocolClient (GrpcClientProtocolClient.java:onNext(255)) - client-CF63D631FA17->3cf1264f-5f6b-4138-aeee-2ff7d4522ead: receive RaftClientReply:client-CF63D631FA17->3cf1264f-5f6b-4138-aeee-2ff7d4522ead@group-561E16522154, cid=2941, SUCCESS, logIndex=0, commits[3cf1264f-5f6b-4138-aeee-2ff7d4522ead:c4427, 4f0d1a15-8f14-4d9a-ad4f-8211e1245b5d:c4426, 6999f20e-c3f7-4db4-87ca-141c476f2a88:c4426]
2019-08-22 07:03:44,690 | INFO  | SCMAudit | user=jenkins1000 | ip=192.168.34.31 | op=ALLOCATE_BLOCK {owner=04b6d46a-98e2-41b1-9f38-1870289993ea, size=4194304, type=RATIS, factor=THREE} | ret=SUCCESS |  
2019-08-22 07:03:44,695 | INFO  | OMAudit | user=jenkins1000 | ip=127.0.0.1 | op=ALLOCATE_BLOCK {volume=vol-0-14906, bucket=bucket-0-53153, key=key-0-33222, dataSize=0, replicationType=null, replicationFactor=null, keyLocationInfo=null, clientID=102659352017764754} | ret=SUCCESS |  
2019-08-22 07:03:44,703 | INFO  | DNAudit | user=null | ip=null | op=WRITE_CHUNK {blockData=conID: 1 locID: 102659353784418943 bcsId: 0} | ret=SUCCESS |  
2019-08-22 07:03:44,707 | INFO  | DNAudit | user=null | ip=null | op=WRITE_CHUNK {blockData=conID: 1 locID: 102659353784418943 bcsId: 0} | ret=SUCCESS |  
2019-08-22 07:03:44,707 | INFO  | DNAudit | user=null | ip=null | op=WRITE_CHUNK {blockData=conID: 1 locID: 102659353784418943 bcsId: 0} | ret=SUCCESS |  
2019-08-22 07:03:44,707 | INFO  | DNAudit | user=null | ip=null | op=WRITE_CHUNK {blockData=conID: 1 locID: 102659353784418943 bcsId: 0} | ret=SUCCESS |  
2019-08-22 07:03:44,710 | INFO  | DNAudit | user=null | ip=null | op=WRITE_CHUNK {blockData=conID: 1 locID: 102659353784418943 bcsId: 0} | ret=SUCCESS |  
2019-08-22 07:03:44,710 | INFO  | DNAudit | user=null | ip=null | op=WRITE_CHUNK {blockData=conID: 1 locID: 102659353784418943 bcsId: 0} | ret=SUCCESS |  
2019-08-22 07:03:44,717 | INFO  | DNAudit | user=null | ip=null | op=WRITE_CHUNK {blockData=conID: 1 locID: 102659353784418943 bcsId: 0} | ret=SUCCESS |  
2019-08-22 07:03:44,717 | INFO  | DNAudit | user=null | ip=null | op=PUT_BLOCK {blockData=[blockId=conID: 1 locID: 102659353784418943 bcsId: 0,size=1048576]} | ret=SUCCESS |  
2019-08-22 07:03:44,718 | INFO  | DNAudit | user=null | ip=null | op=WRITE_CHUNK {blockData=conID: 1 locID: 102659353784418943 bcsId: 0} | ret=SUCCESS |  
2019-08-22 07:03:44,719 | INFO  | DNAudit | user=null | ip=null | op=PUT_BLOCK {blockData=[blockId=conID: 1 locID: 102659353784418943 bcsId: 0,size=2097152]} | ret=SUCCESS |  
2019-08-22 07:03:44,719 [grpc-default-executor-0] INFO  client.GrpcClientProtocolClient (GrpcClientProtocolClient.java:onNext(255)) - client-CF63D631FA17->3cf1264f-5f6b-4138-aeee-2ff7d4522ead: receive RaftClientReply:client-CF63D631FA17->3cf1264f-5f6b-4138-aeee-2ff7d4522ead@group-561E16522154, cid=2942, SUCCESS, logIndex=4429, commits[3cf1264f-5f6b-4138-aeee-2ff7d4522ead:c4430, 4f0d1a15-8f14-4d9a-ad4f-8211e1245b5d:c4428, 6999f20e-c3f7-4db4-87ca-141c476f2a88:c4428]
2019-08-22 07:03:44,719 [grpc-default-executor-0] INFO  client.GrpcClientProtocolClient (GrpcClientProtocolClient.java:onNext(255)) - client-CF63D631FA17->3cf1264f-5f6b-4138-aeee-2ff7d4522ead: receive RaftClientReply:client-CF63D631FA17->3cf1264f-5f6b-4138-aeee-2ff7d4522ead@group-561E16522154, cid=2943, SUCCESS, logIndex=4430, commits[3cf1264f-5f6b-4138-aeee-2ff7d4522ead:c4430, 4f0d1a15-8f14-4d9a-ad4f-8211e1245b5d:c4428, 6999f20e-c3f7-4db4-87ca-141c476f2a88:c4428]
2019-08-22 07:03:44,720 [grpc-default-executor-0] INFO  client.GrpcClientProtocolClient (GrpcClientProtocolClient.java:onNext(255)) - client-CF63D631FA17->3cf1264f-5f6b-4138-aeee-2ff7d4522ead: receive RaftClientReply:client-CF63D631FA17->3cf1264f-5f6b-4138-aeee-2ff7d4522ead@group-561E16522154, cid=2944, SUCCESS, logIndex=4431, commits[3cf1264f-5f6b-4138-aeee-2ff7d4522ead:c4432, 4f0d1a15-8f14-4d9a-ad4f-8211e1245b5d:c4428, 6999f20e-c3f7-4db4-87ca-141c476f2a88:c4428]
2019-08-22 07:03:44,720 [grpc-default-executor-0] INFO  client.GrpcClientProtocolClient (GrpcClientProtocolClient.java:onNext(255)) - client-CF63D631FA17->3cf1264f-5f6b-4138-aeee-2ff7d4522ead: receive RaftClientReply:client-CF63D631FA17->3cf1264f-5f6b-4138-aeee-2ff7d4522ead@group-561E16522154, cid=2945, SUCCESS, logIndex=4432, commits[3cf1264f-5f6b-4138-aeee-2ff7d4522ead:c4432, 4f0d1a15-8f14-4d9a-ad4f-8211e1245b5d:c4428, 6999f20e-c3f7-4db4-87ca-141c476f2a88:c4428]
2019-08-22 07:03:44,760 | INFO  | DNAudit | user=null | ip=null | op=WRITE_CHUNK {blockData=conID: 1 locID: 102659353784418943 bcsId: 0} | ret=SUCCESS |  
2019-08-22 07:03:44,761 | INFO  | DNAudit | user=null | ip=null | op=WRITE_CHUNK {blockData=conID: 1 locID: 102659353784418943 bcsId: 0} | ret=SUCCESS |  
2019-08-22 07:03:44,761 | INFO  | DNAudit | user=null | ip=null | op=PUT_BLOCK {blockData=[blockId=conID: 1 locID: 102659353784418943 bcsId: 0,size=1048576]} | ret=SUCCESS |  
2019-08-22 07:03:44,761 | INFO  | DNAudit | user=null | ip=null | op=PUT_BLOCK {blockData=[blockId=conID: 1 locID: 102659353784418943 bcsId: 0,size=1048576]} | ret=SUCCESS |  
2019-08-22 07:03:44,762 | INFO  | DNAudit | user=null | ip=null | op=WRITE_CHUNK {blockData=conID: 1 locID: 102659353784418943 bcsId: 0} | ret=SUCCESS |  
2019-08-22 07:03:44,762 | INFO  | DNAudit | user=null | ip=null | op=PUT_BLOCK {blockData=[blockId=conID: 1 locID: 102659353784418943 bcsId: 0,size=2097152]} | ret=SUCCESS |  
2019-08-22 07:03:44,763 | INFO  | DNAudit | user=null | ip=null | op=WRITE_CHUNK {blockData=conID: 1 locID: 102659353784418943 bcsId: 0} | ret=SUCCESS |  
2019-08-22 07:03:44,763 [grpc-default-executor-0] INFO  client.GrpcClientProtocolClient (GrpcClientProtocolClient.java:onNext(255)) - client-CF63D631FA17->3cf1264f-5f6b-4138-aeee-2ff7d4522ead: receive RaftClientReply:client-CF63D631FA17->3cf1264f-5f6b-4138-aeee-2ff7d4522ead@group-561E16522154, cid=2946, SUCCESS, logIndex=0, commits[3cf1264f-5f6b-4138-aeee-2ff7d4522ead:c4434, 4f0d1a15-8f14-4d9a-ad4f-8211e1245b5d:c4430, 6999f20e-c3f7-4db4-87ca-141c476f2a88:c4430]
2019-08-22 07:03:44,763 | INFO  | DNAudit | user=null | ip=null | op=PUT_BLOCK {blockData=[blockId=conID: 1 locID: 102659353784418943 bcsId: 0,size=2097152]} | ret=SUCCESS |  
2019-08-22 07:03:44,772 | INFO  | DNAudit | user=null | ip=null | op=WRITE_CHUNK {blockData=conID: 1 locID: 102659353784418943 bcsId: 4432} | ret=SUCCESS |  
2019-08-22 07:03:44,776 | INFO  | DNAudit | user=null | ip=null | op=WRITE_CHUNK {blockData=conID: 1 locID: 102659353784418943 bcsId: 4432} | ret=SUCCESS |  
2019-08-22 07:03:44,776 | INFO  | DNAudit | user=null | ip=null | op=WRITE_CHUNK {blockData=conID: 1 locID: 102659353784418943 bcsId: 4432} | ret=SUCCESS |  
2019-08-22 07:03:44,785 | INFO  | DNAudit | user=null | ip=null | op=WRITE_CHUNK {blockData=conID: 1 locID: 102659353784418943 bcsId: 4432} | ret=SUCCESS |  
2019-08-22 07:03:44,786 | INFO  | DNAudit | user=null | ip=null | op=PUT_BLOCK {blockData=[blockId=conID: 1 locID: 102659353784418943 bcsId: 0,size=3145728]} | ret=SUCCESS |  
2019-08-22 07:03:44,786 [grpc-default-executor-3] INFO  client.GrpcClientProtocolClient (GrpcClientProtocolClient.java:onNext(255)) - client-CF63D631FA17->3cf1264f-5f6b-4138-aeee-2ff7d4522ead: receive RaftClientReply:client-CF63D631FA17->3cf1264f-5f6b-4138-aeee-2ff7d4522ead@group-561E16522154, cid=2947, SUCCESS, logIndex=4437, commits[3cf1264f-5f6b-4138-aeee-2ff7d4522ead:c4437, 4f0d1a15-8f14-4d9a-ad4f-8211e1245b5d:c4436, 6999f20e-c3f7-4db4-87ca-141c476f2a88:c4436]
2019-08-22 07:03:44,786 [grpc-default-executor-3] INFO  client.GrpcClientProtocolClient (GrpcClientProtocolClient.java:onNext(255)) - client-CF63D631FA17->3cf1264f-5f6b-4138-aeee-2ff7d4522ead: receive RaftClientReply:client-CF63D631FA17->3cf1264f-5f6b-4138-aeee-2ff7d4522ead@group-561E16522154, cid=2948, SUCCESS, logIndex=4438, commits[3cf1264f-5f6b-4138-aeee-2ff7d4522ead:c4438, 4f0d1a15-8f14-4d9a-ad4f-8211e1245b5d:c4436, 6999f20e-c3f7-4db4-87ca-141c476f2a88:c4436]
2019-08-22 07:03:44,793 | INFO  | DNAudit | user=null | ip=null | op=WRITE_CHUNK {blockData=conID: 1 locID: 102659353784418943 bcsId: 4438} | ret=SUCCESS |  
2019-08-22 07:03:44,795 | INFO  | DNAudit | user=null | ip=null | op=WRITE_CHUNK {blockData=conID: 1 locID: 102659353784418943 bcsId: 4438} | ret=SUCCESS |  
2019-08-22 07:03:44,796 | INFO  | DNAudit | user=null | ip=null | op=WRITE_CHUNK {blockData=conID: 1 locID: 102659353784418943 bcsId: 4438} | ret=SUCCESS |  
2019-08-22 07:03:44,798 | INFO  | DNAudit | user=null | ip=null | op=WRITE_CHUNK {blockData=conID: 1 locID: 102659353784418943 bcsId: 4432} | ret=SUCCESS |  
2019-08-22 07:03:44,798 | INFO  | DNAudit | user=null | ip=null | op=WRITE_CHUNK {blockData=conID: 1 locID: 102659353784418943 bcsId: 4432} | ret=SUCCESS |  
2019-08-22 07:03:44,809 | INFO  | DNAudit | user=null | ip=null | op=PUT_BLOCK {blockData=[blockId=conID: 1 locID: 102659353784418943 bcsId: 0,size=3145728]} | ret=SUCCESS |  
2019-08-22 07:03:44,809 | INFO  | DNAudit | user=null | ip=null | op=PUT_BLOCK {blockData=[blockId=conID: 1 locID: 102659353784418943 bcsId: 0,size=3145728]} | ret=SUCCESS |  
2019-08-22 07:03:44,810 | INFO  | DNAudit | user=null | ip=null | op=WRITE_CHUNK {blockData=conID: 1 locID: 102659353784418943 bcsId: 4438} | ret=SUCCESS |  
2019-08-22 07:03:44,811 | INFO  | DNAudit | user=null | ip=null | op=PUT_BLOCK {blockData=[blockId=conID: 1 locID: 102659353784418943 bcsId: 0,size=4194304]} | ret=SUCCESS |  
2019-08-22 07:03:44,811 [grpc-default-executor-3] INFO  client.GrpcClientProtocolClient (GrpcClientProtocolClient.java:onNext(255)) - client-CF63D631FA17->3cf1264f-5f6b-4138-aeee-2ff7d4522ead: receive RaftClientReply:client-CF63D631FA17->3cf1264f-5f6b-4138-aeee-2ff7d4522ead@group-561E16522154, cid=2949, SUCCESS, logIndex=4441, commits[3cf1264f-5f6b-4138-aeee-2ff7d4522ead:c4441, 4f0d1a15-8f14-4d9a-ad4f-8211e1245b5d:c4438, 6999f20e-c3f7-4db4-87ca-141c476f2a88:c4438]
2019-08-22 07:03:44,812 [grpc-default-executor-3] INFO  client.GrpcClientProtocolClient (GrpcClientProtocolClient.java:onNext(255)) - client-CF63D631FA17->3cf1264f-5f6b-4138-aeee-2ff7d4522ead: receive RaftClientReply:client-CF63D631FA17->3cf1264f-5f6b-4138-aeee-2ff7d4522ead@group-561E16522154, cid=2950, SUCCESS, logIndex=4442, commits[3cf1264f-5f6b-4138-aeee-2ff7d4522ead:c4442, 4f0d1a15-8f14-4d9a-ad4f-8211e1245b5d:c4438, 6999f20e-c3f7-4db4-87ca-141c476f2a88:c4438]
2019-08-22 07:03:44,830 | INFO  | DNAudit | user=null | ip=null | op=WRITE_CHUNK {blockData=conID: 1 locID: 102659353784418943 bcsId: 4438} | ret=SUCCESS |  
2019-08-22 07:03:44,831 | INFO  | DNAudit | user=null | ip=null | op=WRITE_CHUNK {blockData=conID: 1 locID: 102659353784418943 bcsId: 4438} | ret=SUCCESS |  
2019-08-22 07:03:44,831 | INFO  | DNAudit | user=null | ip=null | op=PUT_BLOCK {blockData=[blockId=conID: 1 locID: 102659353784418943 bcsId: 0,size=4194304]} | ret=SUCCESS |  
2019-08-22 07:03:44,832 | INFO  | DNAudit | user=null | ip=null | op=PUT_BLOCK {blockData=[blockId=conID: 1 locID: 102659353784418943 bcsId: 0,size=4194304]} | ret=SUCCESS |  
2019-08-22 07:03:44,833 [grpc-default-executor-3] INFO  client.GrpcClientProtocolClient (GrpcClientProtocolClient.java:onNext(255)) - client-CF63D631FA17->3cf1264f-5f6b-4138-aeee-2ff7d4522ead: receive RaftClientReply:client-CF63D631FA17->3cf1264f-5f6b-4138-aeee-2ff7d4522ead@group-561E16522154, cid=2951, SUCCESS, logIndex=0, commits[3cf1264f-5f6b-4138-aeee-2ff7d4522ead:c4444, 4f0d1a15-8f14-4d9a-ad4f-8211e1245b5d:c4442, 6999f20e-c3f7-4db4-87ca-141c476f2a88:c4442]
2019-08-22 07:03:44,841 | INFO  | SCMAudit | user=jenkins1000 | ip=192.168.34.31 | op=ALLOCATE_BLOCK {owner=04b6d46a-98e2-41b1-9f38-1870289993ea, size=4194304, type=RATIS, factor=THREE} | ret=SUCCESS |  
2019-08-22 07:03:44,846 | INFO  | OMAudit | user=jenkins1000 | ip=127.0.0.1 | op=ALLOCATE_BLOCK {volume=vol-0-14906, bucket=bucket-0-53153, key=key-0-33222, dataSize=0, replicationType=null, replicationFactor=null, keyLocationInfo=null, clientID=102659352017764754} | ret=SUCCESS |  
2019-08-22 07:03:44,856 | INFO  | DNAudit | user=null | ip=null | op=WRITE_CHUNK {blockData=conID: 2 locID: 102659353794380416 bcsId: 0} | ret=SUCCESS |  
2019-08-22 07:03:44,858 | INFO  | DNAudit | user=null | ip=null | op=WRITE_CHUNK {blockData=conID: 2 locID: 102659353794380416 bcsId: 0} | ret=SUCCESS |  
2019-08-22 07:03:44,858 | INFO  | DNAudit | user=null | ip=null | op=WRITE_CHUNK {blockData=conID: 2 locID: 102659353794380416 bcsId: 0} | ret=SUCCESS |  
2019-08-22 07:03:44,859 | INFO  | DNAudit | user=null | ip=null | op=WRITE_CHUNK {blockData=conID: 2 locID: 102659353794380416 bcsId: 0} | ret=SUCCESS |  
2019-08-22 07:03:44,860 | INFO  | DNAudit | user=null | ip=null | op=WRITE_CHUNK {blockData=conID: 2 locID: 102659353794380416 bcsId: 0} | ret=SUCCESS |  
2019-08-22 07:03:44,865 | INFO  | DNAudit | user=null | ip=null | op=WRITE_CHUNK {blockData=conID: 2 locID: 102659353794380416 bcsId: 0} | ret=SUCCESS |  
2019-08-22 07:03:44,871 | INFO  | DNAudit | user=null | ip=null | op=WRITE_CHUNK {blockData=conID: 2 locID: 102659353794380416 bcsId: 0} | ret=SUCCESS |  
2019-08-22 07:03:44,871 | INFO  | DNAudit | user=null | ip=null | op=PUT_BLOCK {blockData=[blockId=conID: 2 locID: 102659353794380416 bcsId: 0,size=1048576]} | ret=SUCCESS |  
2019-08-22 07:03:44,872 | INFO  | DNAudit | user=null | ip=null | op=WRITE_CHUNK {blockData=conID: 2 locID: 102659353794380416 bcsId: 0} | ret=SUCCESS |  
2019-08-22 07:03:44,872 [grpc-default-executor-1] INFO  client.GrpcClientProtocolClient (GrpcClientProtocolClient.java:onNext(255)) - client-CF63D631FA17->3cf1264f-5f6b-4138-aeee-2ff7d4522ead: receive RaftClientReply:client-CF63D631FA17->3cf1264f-5f6b-4138-aeee-2ff7d4522ead@group-561E16522154, cid=2952, SUCCESS, logIndex=4445, commits[3cf1264f-5f6b-4138-aeee-2ff7d4522ead:c4446, 4f0d1a15-8f14-4d9a-ad4f-8211e1245b5d:c4444, 6999f20e-c3f7-4db4-87ca-141c476f2a88:c4444]
2019-08-22 07:03:44,872 | INFO  | DNAudit | user=null | ip=null | op=PUT_BLOCK {blockData=[blockId=conID: 2 locID: 102659353794380416 bcsId: 0,size=2097152]} | ret=SUCCESS |  
2019-08-22 07:03:44,872 [grpc-default-executor-1] INFO  client.GrpcClientProtocolClient (GrpcClientProtocolClient.java:onNext(255)) - client-CF63D631FA17->3cf1264f-5f6b-4138-aeee-2ff7d4522ead: receive RaftClientReply:client-CF63D631FA17->3cf1264f-5f6b-4138-aeee-2ff7d4522ead@group-561E16522154, cid=2953, SUCCESS, logIndex=4446, commits[3cf1264f-5f6b-4138-aeee-2ff7d4522ead:c4448, 4f0d1a15-8f14-4d9a-ad4f-8211e1245b5d:c4444, 6999f20e-c3f7-4db4-87ca-141c476f2a88:c4444]
2019-08-22 07:03:44,873 [grpc-default-executor-1] INFO  client.GrpcClientProtocolClient (GrpcClientProtocolClient.java:onNext(255)) - client-CF63D631FA17->3cf1264f-5f6b-4138-aeee-2ff7d4522ead: receive RaftClientReply:client-CF63D631FA17->3cf1264f-5f6b-4138-aeee-2ff7d4522ead@group-561E16522154, cid=2954, SUCCESS, logIndex=4447, commits[3cf1264f-5f6b-4138-aeee-2ff7d4522ead:c4448, 4f0d1a15-8f14-4d9a-ad4f-8211e1245b5d:c4444, 6999f20e-c3f7-4db4-87ca-141c476f2a88:c4444]
2019-08-22 07:03:44,873 [grpc-default-executor-1] INFO  client.GrpcClientProtocolClient (GrpcClientProtocolClient.java:onNext(255)) - client-CF63D631FA17->3cf1264f-5f6b-4138-aeee-2ff7d4522ead: receive RaftClientReply:client-CF63D631FA17->3cf1264f-5f6b-4138-aeee-2ff7d4522ead@group-561E16522154, cid=2955, SUCCESS, logIndex=4448, commits[3cf1264f-5f6b-4138-aeee-2ff7d4522ead:c4448, 4f0d1a15-8f14-4d9a-ad4f-8211e1245b5d:c4444, 6999f20e-c3f7-4db4-87ca-141c476f2a88:c4444]
2019-08-22 07:03:44,882 | INFO  | DNAudit | user=null | ip=null | op=WRITE_CHUNK {blockData=conID: 2 locID: 102659353794380416 bcsId: 0} | ret=SUCCESS |  
2019-08-22 07:03:44,883 | INFO  | DNAudit | user=null | ip=null | op=PUT_BLOCK {blockData=[blockId=conID: 2 locID: 102659353794380416 bcsId: 0,size=1048576]} | ret=SUCCESS |  
2019-08-22 07:03:44,883 | INFO  | DNAudit | user=null | ip=null | op=WRITE_CHUNK {blockData=conID: 2 locID: 102659353794380416 bcsId: 0} | ret=SUCCESS |  
2019-08-22 07:03:44,883 | INFO  | DNAudit | user=null | ip=null | op=PUT_BLOCK {blockData=[blockId=conID: 2 locID: 102659353794380416 bcsId: 0,size=1048576]} | ret=SUCCESS |  
2019-08-22 07:03:44,883 | INFO  | DNAudit | user=null | ip=null | op=WRITE_CHUNK {blockData=conID: 2 locID: 102659353794380416 bcsId: 0} | ret=SUCCESS |  
2019-08-22 07:03:44,883 | INFO  | DNAudit | user=null | ip=null | op=PUT_BLOCK {blockData=[blockId=conID: 2 locID: 102659353794380416 bcsId: 0,size=2097152]} | ret=SUCCESS |  
2019-08-22 07:03:44,883 [grpc-default-executor-1] INFO  client.GrpcClientProtocolClient (GrpcClientProtocolClient.java:onNext(255)) - client-CF63D631FA17->3cf1264f-5f6b-4138-aeee-2ff7d4522ead: receive RaftClientReply:client-CF63D631FA17->3cf1264f-5f6b-4138-aeee-2ff7d4522ead@group-561E16522154, cid=2956, SUCCESS, logIndex=0, commits[3cf1264f-5f6b-4138-aeee-2ff7d4522ead:c4449, 4f0d1a15-8f14-4d9a-ad4f-8211e1245b5d:c4446, 6999f20e-c3f7-4db4-87ca-141c476f2a88:c4446]
2019-08-22 07:03:44,885 | INFO  | DNAudit | user=null | ip=null | op=WRITE_CHUNK {blockData=conID: 2 locID: 102659353794380416 bcsId: 0} | ret=SUCCESS |  
2019-08-22 07:03:44,885 | INFO  | DNAudit | user=null | ip=null | op=PUT_BLOCK {blockData=[blockId=conID: 2 locID: 102659353794380416 bcsId: 0,size=2097152]} | ret=SUCCESS |  
2019-08-22 07:03:44,890 | INFO  | DNAudit | user=null | ip=null | op=WRITE_CHUNK {blockData=conID: 2 locID: 102659353794380416 bcsId: 4448} | ret=SUCCESS |  
2019-08-22 07:03:44,893 | INFO  | DNAudit | user=null | ip=null | op=WRITE_CHUNK {blockData=conID: 2 locID: 102659353794380416 bcsId: 4448} | ret=SUCCESS |  
2019-08-22 07:03:44,893 | INFO  | DNAudit | user=null | ip=null | op=WRITE_CHUNK {blockData=conID: 2 locID: 102659353794380416 bcsId: 4448} | ret=SUCCESS |  
2019-08-22 07:03:44,900 | INFO  | SCMAudit | user=jenkins1000 | ip=192.168.34.31 | op=SEND_HEARTBEAT {datanodeUUID=6ab6b5dd-7582-43bd-ad39-1af51ca14a47, command=[]} | ret=SUCCESS |  
2019-08-22 07:03:44,901 | INFO  | SCMAudit | user=jenkins1000 | ip=192.168.34.31 | op=SEND_HEARTBEAT {datanodeUUID=f789f48f-f3d7-45ec-9bba-6a89e2bdcc9c, command=[]} | ret=SUCCESS |  
2019-08-22 07:03:44,904 | INFO  | DNAudit | user=null | ip=null | op=WRITE_CHUNK {blockData=conID: 2 locID: 102659353794380416 bcsId: 4448} | ret=SUCCESS |  
2019-08-22 07:03:44,905 | INFO  | DNAudit | user=null | ip=null | op=PUT_BLOCK {blockData=[blockId=conID: 2 locID: 102659353794380416 bcsId: 0,size=3145728]} | ret=SUCCESS |  
2019-08-22 07:03:44,905 [grpc-default-executor-1] INFO  client.GrpcClientProtocolClient (GrpcClientProtocolClient.java:onNext(255)) - client-CF63D631FA17->3cf1264f-5f6b-4138-aeee-2ff7d4522ead: receive RaftClientReply:client-CF63D631FA17->3cf1264f-5f6b-4138-aeee-2ff7d4522ead@group-561E16522154, cid=2957, SUCCESS, logIndex=4453, commits[3cf1264f-5f6b-4138-aeee-2ff7d4522ead:c4454, 4f0d1a15-8f14-4d9a-ad4f-8211e1245b5d:c4452, 6999f20e-c3f7-4db4-87ca-141c476f2a88:c4452]
2019-08-22 07:03:44,906 [grpc-default-executor-1] INFO  client.GrpcClientProtocolClient (GrpcClientProtocolClient.java:onNext(255)) - client-CF63D631FA17->3cf1264f-5f6b-4138-aeee-2ff7d4522ead: receive RaftClientReply:client-CF63D631FA17->3cf1264f-5f6b-4138-aeee-2ff7d4522ead@group-561E16522154, cid=2958, SUCCESS, logIndex=4454, commits[3cf1264f-5f6b-4138-aeee-2ff7d4522ead:c4454, 4f0d1a15-8f14-4d9a-ad4f-8211e1245b5d:c4452, 6999f20e-c3f7-4db4-87ca-141c476f2a88:c4452]
 0.00% |█                                                                                                    |  0/1 Time: 0:00:272019-08-22 07:03:44,912 | INFO  | DNAudit | user=null | ip=null | op=WRITE_CHUNK {blockData=conID: 2 locID: 102659353794380416 bcsId: 4454} | ret=SUCCESS |  
2019-08-22 07:03:44,914 | INFO  | DNAudit | user=null | ip=null | op=WRITE_CHUNK {blockData=conID: 2 locID: 102659353794380416 bcsId: 4454} | ret=SUCCESS |  
2019-08-22 07:03:44,914 | INFO  | DNAudit | user=null | ip=null | op=WRITE_CHUNK {blockData=conID: 2 locID: 102659353794380416 bcsId: 4454} | ret=SUCCESS |  
2019-08-22 07:03:44,916 | INFO  | DNAudit | user=null | ip=null | op=WRITE_CHUNK {blockData=conID: 2 locID: 102659353794380416 bcsId: 4448} | ret=SUCCESS |  
2019-08-22 07:03:44,916 | INFO  | DNAudit | user=null | ip=null | op=WRITE_CHUNK {blockData=conID: 2 locID: 102659353794380416 bcsId: 4448} | ret=SUCCESS |  
2019-08-22 07:03:44,919 | INFO  | DNAudit | user=null | ip=null | op=PUT_BLOCK {blockData=[blockId=conID: 2 locID: 102659353794380416 bcsId: 0,size=3145728]} | ret=SUCCESS |  
2019-08-22 07:03:44,919 | INFO  | DNAudit | user=null | ip=null | op=PUT_BLOCK {blockData=[blockId=conID: 2 locID: 102659353794380416 bcsId: 0,size=3145728]} | ret=SUCCESS |  
2019-08-22 07:03:44,919 | INFO  | DNAudit | user=null | ip=null | op=WRITE_CHUNK {blockData=conID: 2 locID: 102659353794380416 bcsId: 4454} | ret=SUCCESS |  
2019-08-22 07:03:44,920 | INFO  | DNAudit | user=null | ip=null | op=PUT_BLOCK {blockData=[blockId=conID: 2 locID: 102659353794380416 bcsId: 0,size=4194304]} | ret=SUCCESS |  
2019-08-22 07:03:44,920 [grpc-default-executor-3] INFO  client.GrpcClientProtocolClient (GrpcClientProtocolClient.java:onNext(255)) - client-CF63D631FA17->3cf1264f-5f6b-4138-aeee-2ff7d4522ead: receive RaftClientReply:client-CF63D631FA17->3cf1264f-5f6b-4138-aeee-2ff7d4522ead@group-561E16522154, cid=2959, SUCCESS, logIndex=4457, commits[3cf1264f-5f6b-4138-aeee-2ff7d4522ead:c4457, 4f0d1a15-8f14-4d9a-ad4f-8211e1245b5d:c4454, 6999f20e-c3f7-4db4-87ca-141c476f2a88:c4454]
2019-08-22 07:03:44,920 [grpc-default-executor-3] INFO  client.GrpcClientProtocolClient (GrpcClientProtocolClient.java:onNext(255)) - client-CF63D631FA17->3cf1264f-5f6b-4138-aeee-2ff7d4522ead: receive RaftClientReply:client-CF63D631FA17->3cf1264f-5f6b-4138-aeee-2ff7d4522ead@group-561E16522154, cid=2960, SUCCESS, logIndex=4458, commits[3cf1264f-5f6b-4138-aeee-2ff7d4522ead:c4458, 4f0d1a15-8f14-4d9a-ad4f-8211e1245b5d:c4454, 6999f20e-c3f7-4db4-87ca-141c476f2a88:c4454]
2019-08-22 07:03:44,925 | INFO  | SCMAudit | user=jenkins1000 | ip=192.168.34.31 | op=SEND_HEARTBEAT {datanodeUUID=6999f20e-c3f7-4db4-87ca-141c476f2a88, command=[]} | ret=SUCCESS |  
2019-08-22 07:03:44,925 | INFO  | SCMAudit | user=jenkins1000 | ip=192.168.34.31 | op=SEND_HEARTBEAT {datanodeUUID=3cf1264f-5f6b-4138-aeee-2ff7d4522ead, command=[]} | ret=SUCCESS |  
2019-08-22 07:03:44,931 | INFO  | DNAudit | user=null | ip=null | op=WRITE_CHUNK {blockData=conID: 2 locID: 102659353794380416 bcsId: 4454} | ret=SUCCESS |  
2019-08-22 07:03:44,931 | INFO  | DNAudit | user=null | ip=null | op=WRITE_CHUNK {blockData=conID: 2 locID: 102659353794380416 bcsId: 4454} | ret=SUCCESS |  
2019-08-22 07:03:44,933 | INFO  | DNAudit | user=null | ip=null | op=PUT_BLOCK {blockData=[blockId=conID: 2 locID: 102659353794380416 bcsId: 0,size=4194304]} | ret=SUCCESS |  
2019-08-22 07:03:44,934 | INFO  | DNAudit | user=null | ip=null | op=PUT_BLOCK {blockData=[blockId=conID: 2 locID: 102659353794380416 bcsId: 0,size=4194304]} | ret=SUCCESS |  
2019-08-22 07:03:44,934 [grpc-default-executor-3] INFO  client.GrpcClientProtocolClient (GrpcClientProtocolClient.java:onNext(255)) - client-CF63D631FA17->3cf1264f-5f6b-4138-aeee-2ff7d4522ead: receive RaftClientReply:client-CF63D631FA17->3cf1264f-5f6b-4138-aeee-2ff7d4522ead@group-561E16522154, cid=2961, SUCCESS, logIndex=0, commits[3cf1264f-5f6b-4138-aeee-2ff7d4522ead:c4460, 4f0d1a15-8f14-4d9a-ad4f-8211e1245b5d:c4458, 6999f20e-c3f7-4db4-87ca-141c476f2a88:c4458]
2019-08-22 07:03:44,939 | INFO  | SCMAudit | user=jenkins1000 | ip=192.168.34.31 | op=ALLOCATE_BLOCK {owner=04b6d46a-98e2-41b1-9f38-1870289993ea, size=4194304, type=RATIS, factor=THREE} | ret=SUCCESS |  
2019-08-22 07:03:44,944 | INFO  | OMAudit | user=jenkins1000 | ip=127.0.0.1 | op=ALLOCATE_BLOCK {volume=vol-0-14906, bucket=bucket-0-53153, key=key-0-33222, dataSize=0, replicationType=null, replicationFactor=null, keyLocationInfo=null, clientID=102659352017764754} | ret=SUCCESS |  
2019-08-22 07:03:44,952 | INFO  | DNAudit | user=null | ip=null | op=WRITE_CHUNK {blockData=conID: 3 locID: 102659353800802945 bcsId: 0} | ret=SUCCESS |  
2019-08-22 07:03:44,954 | INFO  | DNAudit | user=null | ip=null | op=WRITE_CHUNK {blockData=conID: 3 locID: 102659353800802945 bcsId: 0} | ret=SUCCESS |  
2019-08-22 07:03:44,955 | INFO  | DNAudit | user=null | ip=null | op=WRITE_CHUNK {blockData=conID: 3 locID: 102659353800802945 bcsId: 0} | ret=SUCCESS |  
2019-08-22 07:03:44,956 | INFO  | DNAudit | user=null | ip=null | op=WRITE_CHUNK {blockData=conID: 3 locID: 102659353800802945 bcsId: 0} | ret=SUCCESS |  
2019-08-22 07:03:44,957 | INFO  | DNAudit | user=null | ip=null | op=WRITE_CHUNK {blockData=conID: 3 locID: 102659353800802945 bcsId: 0} | ret=SUCCESS |  
2019-08-22 07:03:44,958 | INFO  | DNAudit | user=null | ip=null | op=WRITE_CHUNK {blockData=conID: 3 locID: 102659353800802945 bcsId: 0} | ret=SUCCESS |  
2019-08-22 07:03:44,966 | INFO  | DNAudit | user=null | ip=null | op=WRITE_CHUNK {blockData=conID: 3 locID: 102659353800802945 bcsId: 0} | ret=SUCCESS |  
2019-08-22 07:03:44,966 | INFO  | DNAudit | user=null | ip=null | op=PUT_BLOCK {blockData=[blockId=conID: 3 locID: 102659353800802945 bcsId: 0,size=1048576]} | ret=SUCCESS |  
2019-08-22 07:03:44,967 [grpc-default-executor-1] INFO  client.GrpcClientProtocolClient (GrpcClientProtocolClient.java:onNext(255)) - client-CF63D631FA17->3cf1264f-5f6b-4138-aeee-2ff7d4522ead: receive RaftClientReply:client-CF63D631FA17->3cf1264f-5f6b-4138-aeee-2ff7d4522ead@group-561E16522154, cid=2962, SUCCESS, logIndex=4461, commits[3cf1264f-5f6b-4138-aeee-2ff7d4522ead:c4462, 4f0d1a15-8f14-4d9a-ad4f-8211e1245b5d:c4458, 6999f20e-c3f7-4db4-87ca-141c476f2a88:c4460]
2019-08-22 07:03:44,967 [grpc-default-executor-1] INFO  client.GrpcClientProtocolClient (GrpcClientProtocolClient.java:onNext(255)) - client-CF63D631FA17->3cf1264f-5f6b-4138-aeee-2ff7d4522ead: receive RaftClientReply:client-CF63D631FA17->3cf1264f-5f6b-4138-aeee-2ff7d4522ead@group-561E16522154, cid=2963, SUCCESS, logIndex=4462, commits[3cf1264f-5f6b-4138-aeee-2ff7d4522ead:c4462, 4f0d1a15-8f14-4d9a-ad4f-8211e1245b5d:c4458, 6999f20e-c3f7-4db4-87ca-141c476f2a88:c4460]
2019-08-22 07:03:44,968 | INFO  | DNAudit | user=null | ip=null | op=WRITE_CHUNK {blockData=conID: 3 locID: 102659353800802945 bcsId: 0} | ret=SUCCESS |  
2019-08-22 07:03:44,969 | INFO  | DNAudit | user=null | ip=null | op=PUT_BLOCK {blockData=[blockId=conID: 3 locID: 102659353800802945 bcsId: 0,size=2097152]} | ret=SUCCESS |  
2019-08-22 07:03:44,969 [grpc-default-executor-5] INFO  client.GrpcClientProtocolClient (GrpcClientProtocolClient.java:onNext(255)) - client-CF63D631FA17->3cf1264f-5f6b-4138-aeee-2ff7d4522ead: receive RaftClientReply:client-CF63D631FA17->3cf1264f-5f6b-4138-aeee-2ff7d4522ead@group-561E16522154, cid=2964, SUCCESS, logIndex=4463, commits[3cf1264f-5f6b-4138-aeee-2ff7d4522ead:c4464, 4f0d1a15-8f14-4d9a-ad4f-8211e1245b5d:c4460, 6999f20e-c3f7-4db4-87ca-141c476f2a88:c4460]
2019-08-22 07:03:44,970 [grpc-default-executor-5] INFO  client.GrpcClientProtocolClient (GrpcClientProtocolClient.java:onNext(255)) - client-CF63D631FA17->3cf1264f-5f6b-4138-aeee-2ff7d4522ead: receive RaftClientReply:client-CF63D631FA17->3cf1264f-5f6b-4138-aeee-2ff7d4522ead@group-561E16522154, cid=2965, SUCCESS, logIndex=4464, commits[3cf1264f-5f6b-4138-aeee-2ff7d4522ead:c4464, 4f0d1a15-8f14-4d9a-ad4f-8211e1245b5d:c4460, 6999f20e-c3f7-4db4-87ca-141c476f2a88:c4460]
2019-08-22 07:03:44,970 | INFO  | DNAudit | user=null | ip=null | op=WRITE_CHUNK {blockData=conID: 3 locID: 102659353800802945 bcsId: 0} | ret=SUCCESS |  
2019-08-22 07:03:44,971 | INFO  | DNAudit | user=null | ip=null | op=PUT_BLOCK {blockData=[blockId=conID: 3 locID: 102659353800802945 bcsId: 0,size=1048576]} | ret=SUCCESS |  
2019-08-22 07:03:44,971 | INFO  | DNAudit | user=null | ip=null | op=WRITE_CHUNK {blockData=conID: 3 locID: 102659353800802945 bcsId: 0} | ret=SUCCESS |  
2019-08-22 07:03:44,971 | INFO  | DNAudit | user=null | ip=null | op=PUT_BLOCK {blockData=[blockId=conID: 3 locID: 102659353800802945 bcsId: 0,size=1048576]} | ret=SUCCESS |  
2019-08-22 07:03:44,972 [grpc-default-executor-5] INFO  client.GrpcClientProtocolClient (GrpcClientProtocolClient.java:onNext(255)) - client-CF63D631FA17->3cf1264f-5f6b-4138-aeee-2ff7d4522ead: receive RaftClientReply:client-CF63D631FA17->3cf1264f-5f6b-4138-aeee-2ff7d4522ead@group-561E16522154, cid=2966, SUCCESS, logIndex=0, commits[3cf1264f-5f6b-4138-aeee-2ff7d4522ead:c4466, 4f0d1a15-8f14-4d9a-ad4f-8211e1245b5d:c4462, 6999f20e-c3f7-4db4-87ca-141c476f2a88:c4462]
2019-08-22 07:03:44,979 | INFO  | DNAudit | user=null | ip=null | op=WRITE_CHUNK {blockData=conID: 3 locID: 102659353800802945 bcsId: 4464} | ret=SUCCESS |  
2019-08-22 07:03:44,982 | INFO  | DNAudit | user=null | ip=null | op=WRITE_CHUNK {blockData=conID: 3 locID: 102659353800802945 bcsId: 0} | ret=SUCCESS |  
2019-08-22 07:03:44,982 | INFO  | DNAudit | user=null | ip=null | op=WRITE_CHUNK {blockData=conID: 3 locID: 102659353800802945 bcsId: 4464} | ret=SUCCESS |  
2019-08-22 07:03:44,982 | INFO  | DNAudit | user=null | ip=null | op=WRITE_CHUNK {blockData=conID: 3 locID: 102659353800802945 bcsId: 4464} | ret=SUCCESS |  
2019-08-22 07:03:44,982 | INFO  | DNAudit | user=null | ip=null | op=WRITE_CHUNK {blockData=conID: 3 locID: 102659353800802945 bcsId: 0} | ret=SUCCESS |  
2019-08-22 07:03:44,982 | INFO  | DNAudit | user=null | ip=null | op=PUT_BLOCK {blockData=[blockId=conID: 3 locID: 102659353800802945 bcsId: 0,size=2097152]} | ret=SUCCESS |  
2019-08-22 07:03:44,983 | INFO  | DNAudit | user=null | ip=null | op=PUT_BLOCK {blockData=[blockId=conID: 3 locID: 102659353800802945 bcsId: 0,size=2097152]} | ret=SUCCESS |  
2019-08-22 07:03:44,986 | INFO  | DNAudit | user=null | ip=null | op=WRITE_CHUNK {blockData=conID: 3 locID: 102659353800802945 bcsId: 4464} | ret=SUCCESS |  
2019-08-22 07:03:44,986 | INFO  | DNAudit | user=null | ip=null | op=PUT_BLOCK {blockData=[blockId=conID: 3 locID: 102659353800802945 bcsId: 0,size=3145728]} | ret=SUCCESS |  
2019-08-22 07:03:44,986 [grpc-default-executor-5] INFO  client.GrpcClientProtocolClient (GrpcClientProtocolClient.java:onNext(255)) - client-CF63D631FA17->3cf1264f-5f6b-4138-aeee-2ff7d4522ead: receive RaftClientReply:client-CF63D631FA17->3cf1264f-5f6b-4138-aeee-2ff7d4522ead@group-561E16522154, cid=2967, SUCCESS, logIndex=4469, commits[3cf1264f-5f6b-4138-aeee-2ff7d4522ead:c4470, 4f0d1a15-8f14-4d9a-ad4f-8211e1245b5d:c4466, 6999f20e-c3f7-4db4-87ca-141c476f2a88:c4464]
2019-08-22 07:03:44,987 [grpc-default-executor-5] INFO  client.GrpcClientProtocolClient (GrpcClientProtocolClient.java:onNext(255)) - client-CF63D631FA17->3cf1264f-5f6b-4138-aeee-2ff7d4522ead: receive RaftClientReply:client-CF63D631FA17->3cf1264f-5f6b-4138-aeee-2ff7d4522ead@group-561E16522154, cid=2968, SUCCESS, logIndex=4470, commits[3cf1264f-5f6b-4138-aeee-2ff7d4522ead:c4470, 4f0d1a15-8f14-4d9a-ad4f-8211e1245b5d:c4466, 6999f20e-c3f7-4db4-87ca-141c476f2a88:c4464]
2019-08-22 07:03:44,994 | INFO  | DNAudit | user=null | ip=null | op=WRITE_CHUNK {blockData=conID: 3 locID: 102659353800802945 bcsId: 4470} | ret=SUCCESS |  
2019-08-22 07:03:44,996 | INFO  | DNAudit | user=null | ip=null | op=WRITE_CHUNK {blockData=conID: 3 locID: 102659353800802945 bcsId: 4470} | ret=SUCCESS |  
2019-08-22 07:03:44,996 | INFO  | DNAudit | user=null | ip=null | op=WRITE_CHUNK {blockData=conID: 3 locID: 102659353800802945 bcsId: 4470} | ret=SUCCESS |  
2019-08-22 07:03:44,997 | INFO  | DNAudit | user=null | ip=null | op=WRITE_CHUNK {blockData=conID: 3 locID: 102659353800802945 bcsId: 4464} | ret=SUCCESS |  
2019-08-22 07:03:44,997 | INFO  | DNAudit | user=null | ip=null | op=PUT_BLOCK {blockData=[blockId=conID: 3 locID: 102659353800802945 bcsId: 0,size=3145728]} | ret=SUCCESS |  
2019-08-22 07:03:45,000 | INFO  | DNAudit | user=null | ip=null | op=WRITE_CHUNK {blockData=conID: 3 locID: 102659353800802945 bcsId: 4464} | ret=SUCCESS |  
2019-08-22 07:03:45,000 | INFO  | DNAudit | user=null | ip=null | op=PUT_BLOCK {blockData=[blockId=conID: 3 locID: 102659353800802945 bcsId: 0,size=3145728]} | ret=SUCCESS |  
2019-08-22 07:03:45,000 | INFO  | DNAudit | user=null | ip=null | op=WRITE_CHUNK {blockData=conID: 3 locID: 102659353800802945 bcsId: 4470} | ret=SUCCESS |  
2019-08-22 07:03:45,001 | INFO  | DNAudit | user=null | ip=null | op=PUT_BLOCK {blockData=[blockId=conID: 3 locID: 102659353800802945 bcsId: 0,size=4194304]} | ret=SUCCESS |  
2019-08-22 07:03:45,001 [grpc-default-executor-1] INFO  client.GrpcClientProtocolClient (GrpcClientProtocolClient.java:onNext(255)) - client-CF63D631FA17->3cf1264f-5f6b-4138-aeee-2ff7d4522ead: receive RaftClientReply:client-CF63D631FA17->3cf1264f-5f6b-4138-aeee-2ff7d4522ead@group-561E16522154, cid=2969, SUCCESS, logIndex=4473, commits[3cf1264f-5f6b-4138-aeee-2ff7d4522ead:c4473, 4f0d1a15-8f14-4d9a-ad4f-8211e1245b5d:c4470, 6999f20e-c3f7-4db4-87ca-141c476f2a88:c4470]
2019-08-22 07:03:45,002 [grpc-default-executor-1] INFO  client.GrpcClientProtocolClient (GrpcClientProtocolClient.java:onNext(255)) - client-CF63D631FA17->3cf1264f-5f6b-4138-aeee-2ff7d4522ead: receive RaftClientReply:client-CF63D631FA17->3cf1264f-5f6b-4138-aeee-2ff7d4522ead@group-561E16522154, cid=2970, SUCCESS, logIndex=4474, commits[3cf1264f-5f6b-4138-aeee-2ff7d4522ead:c4474, 4f0d1a15-8f14-4d9a-ad4f-8211e1245b5d:c4470, 6999f20e-c3f7-4db4-87ca-141c476f2a88:c4470]
2019-08-22 07:03:45,014 | INFO  | DNAudit | user=null | ip=null | op=WRITE_CHUNK {blockData=conID: 3 locID: 102659353800802945 bcsId: 4470} | ret=SUCCESS |  
2019-08-22 07:03:45,014 | INFO  | DNAudit | user=null | ip=null | op=WRITE_CHUNK {blockData=conID: 3 locID: 102659353800802945 bcsId: 4470} | ret=SUCCESS |  
2019-08-22 07:03:45,025 | INFO  | DNAudit | user=null | ip=null | op=PUT_BLOCK {blockData=[blockId=conID: 3 locID: 102659353800802945 bcsId: 0,size=4194304]} | ret=SUCCESS |  
2019-08-22 07:03:45,025 | INFO  | DNAudit | user=null | ip=null | op=PUT_BLOCK {blockData=[blockId=conID: 3 locID: 102659353800802945 bcsId: 0,size=4194304]} | ret=SUCCESS |  
2019-08-22 07:03:45,026 [grpc-default-executor-1] INFO  client.GrpcClientProtocolClient (GrpcClientProtocolClient.java:onNext(255)) - client-CF63D631FA17->3cf1264f-5f6b-4138-aeee-2ff7d4522ead: receive RaftClientReply:client-CF63D631FA17->3cf1264f-5f6b-4138-aeee-2ff7d4522ead@group-561E16522154, cid=2971, SUCCESS, logIndex=0, commits[3cf1264f-5f6b-4138-aeee-2ff7d4522ead:c4476, 4f0d1a15-8f14-4d9a-ad4f-8211e1245b5d:c4474, 6999f20e-c3f7-4db4-87ca-141c476f2a88:c4474]
2019-08-22 07:03:45,037 | INFO  | SCMAudit | user=jenkins1000 | ip=192.168.34.31 | op=ALLOCATE_BLOCK {owner=04b6d46a-98e2-41b1-9f38-1870289993ea, size=4194304, type=RATIS, factor=THREE} | ret=SUCCESS |  
2019-08-22 07:03:45,047 | INFO  | OMAudit | user=jenkins1000 | ip=127.0.0.1 | op=ALLOCATE_BLOCK {volume=vol-0-14906, bucket=bucket-0-53153, key=key-0-33222, dataSize=0, replicationType=null, replicationFactor=null, keyLocationInfo=null, clientID=102659352017764754} | ret=SUCCESS |  
2019-08-22 07:03:45,055 | INFO  | DNAudit | user=null | ip=null | op=WRITE_CHUNK {blockData=conID: 1 locID: 102659353807225474 bcsId: 0} | ret=SUCCESS |  
2019-08-22 07:03:45,059 | INFO  | DNAudit | user=null | ip=null | op=WRITE_CHUNK {blockData=conID: 1 locID: 102659353807225474 bcsId: 0} | ret=SUCCESS |  
2019-08-22 07:03:45,059 | INFO  | DNAudit | user=null | ip=null | op=WRITE_CHUNK {blockData=conID: 1 locID: 102659353807225474 bcsId: 0} | ret=SUCCESS |  
2019-08-22 07:03:45,060 | INFO  | DNAudit | user=null | ip=null | op=WRITE_CHUNK {blockData=conID: 1 locID: 102659353807225474 bcsId: 0} | ret=SUCCESS |  
2019-08-22 07:03:45,061 | INFO  | DNAudit | user=null | ip=null | op=WRITE_CHUNK {blockData=conID: 1 locID: 102659353807225474 bcsId: 0} | ret=SUCCESS |  
2019-08-22 07:03:45,061 | INFO  | DNAudit | user=null | ip=null | op=WRITE_CHUNK {blockData=conID: 1 locID: 102659353807225474 bcsId: 0} | ret=SUCCESS |  
2019-08-22 07:03:45,077 | INFO  | DNAudit | user=null | ip=null | op=WRITE_CHUNK {blockData=conID: 1 locID: 102659353807225474 bcsId: 0} | ret=SUCCESS |  
2019-08-22 07:03:45,078 | INFO  | DNAudit | user=null | ip=null | op=PUT_BLOCK {blockData=[blockId=conID: 1 locID: 102659353807225474 bcsId: 0,size=1048576]} | ret=SUCCESS |  
2019-08-22 07:03:45,079 | INFO  | DNAudit | user=null | ip=null | op=WRITE_CHUNK {blockData=conID: 1 locID: 102659353807225474 bcsId: 0} | ret=SUCCESS |  
2019-08-22 07:03:45,079 | INFO  | DNAudit | user=null | ip=null | op=PUT_BLOCK {blockData=[blockId=conID: 1 locID: 102659353807225474 bcsId: 0,size=1048576]} | ret=SUCCESS |  
2019-08-22 07:03:45,079 | INFO  | DNAudit | user=null | ip=null | op=WRITE_CHUNK {blockData=conID: 1 locID: 102659353807225474 bcsId: 0} | ret=SUCCESS |  
2019-08-22 07:03:45,079 [grpc-default-executor-5] INFO  client.GrpcClientProtocolClient (GrpcClientProtocolClient.java:onNext(255)) - client-CF63D631FA17->3cf1264f-5f6b-4138-aeee-2ff7d4522ead: receive RaftClientReply:client-CF63D631FA17->3cf1264f-5f6b-4138-aeee-2ff7d4522ead@group-561E16522154, cid=2972, SUCCESS, logIndex=4477, commits[3cf1264f-5f6b-4138-aeee-2ff7d4522ead:c4478, 4f0d1a15-8f14-4d9a-ad4f-8211e1245b5d:c4476, 6999f20e-c3f7-4db4-87ca-141c476f2a88:c4474]
2019-08-22 07:03:45,079 | INFO  | DNAudit | user=null | ip=null | op=WRITE_CHUNK {blockData=conID: 1 locID: 102659353807225474 bcsId: 0} | ret=SUCCESS |  
2019-08-22 07:03:45,080 | INFO  | DNAudit | user=null | ip=null | op=PUT_BLOCK {blockData=[blockId=conID: 1 locID: 102659353807225474 bcsId: 0,size=1048576]} | ret=SUCCESS |  
2019-08-22 07:03:45,080 | INFO  | DNAudit | user=null | ip=null | op=PUT_BLOCK {blockData=[blockId=conID: 1 locID: 102659353807225474 bcsId: 0,size=2097152]} | ret=SUCCESS |  
2019-08-22 07:03:45,081 [grpc-default-executor-5] INFO  client.GrpcClientProtocolClient (GrpcClientProtocolClient.java:onNext(255)) - client-CF63D631FA17->3cf1264f-5f6b-4138-aeee-2ff7d4522ead: receive RaftClientReply:client-CF63D631FA17->3cf1264f-5f6b-4138-aeee-2ff7d4522ead@group-561E16522154, cid=2973, SUCCESS, logIndex=4478, commits[3cf1264f-5f6b-4138-aeee-2ff7d4522ead:c4478, 4f0d1a15-8f14-4d9a-ad4f-8211e1245b5d:c4476, 6999f20e-c3f7-4db4-87ca-141c476f2a88:c4474]
2019-08-22 07:03:45,081 [grpc-default-executor-5] INFO  client.GrpcClientProtocolClient (GrpcClientProtocolClient.java:onNext(255)) - client-CF63D631FA17->3cf1264f-5f6b-4138-aeee-2ff7d4522ead: receive RaftClientReply:client-CF63D631FA17->3cf1264f-5f6b-4138-aeee-2ff7d4522ead@group-561E16522154, cid=2974, SUCCESS, logIndex=4479, commits[3cf1264f-5f6b-4138-aeee-2ff7d4522ead:c4480, 4f0d1a15-8f14-4d9a-ad4f-8211e1245b5d:c4476, 6999f20e-c3f7-4db4-87ca-141c476f2a88:c4476]
2019-08-22 07:03:45,082 [grpc-default-executor-5] INFO  client.GrpcClientProtocolClient (GrpcClientProtocolClient.java:onNext(255)) - client-CF63D631FA17->3cf1264f-5f6b-4138-aeee-2ff7d4522ead: receive RaftClientReply:client-CF63D631FA17->3cf1264f-5f6b-4138-aeee-2ff7d4522ead@group-561E16522154, cid=2975, SUCCESS, logIndex=4480, commits[3cf1264f-5f6b-4138-aeee-2ff7d4522ead:c4481, 4f0d1a15-8f14-4d9a-ad4f-8211e1245b5d:c4478, 6999f20e-c3f7-4db4-87ca-141c476f2a88:c4476]
2019-08-22 07:03:45,083 [grpc-default-executor-5] INFO  client.GrpcClientProtocolClient (GrpcClientProtocolClient.java:onNext(255)) - client-CF63D631FA17->3cf1264f-5f6b-4138-aeee-2ff7d4522ead: receive RaftClientReply:client-CF63D631FA17->3cf1264f-5f6b-4138-aeee-2ff7d4522ead@group-561E16522154, cid=2976, SUCCESS, logIndex=0, commits[3cf1264f-5f6b-4138-aeee-2ff7d4522ead:c4482, 4f0d1a15-8f14-4d9a-ad4f-8211e1245b5d:c4478, 6999f20e-c3f7-4db4-87ca-141c476f2a88:c4478]
2019-08-22 07:03:45,091 | INFO  | DNAudit | user=null | ip=null | op=WRITE_CHUNK {blockData=conID: 1 locID: 102659353807225474 bcsId: 4480} | ret=SUCCESS |  
2019-08-22 07:03:45,091 | INFO  | DNAudit | user=null | ip=null | op=WRITE_CHUNK {blockData=conID: 1 locID: 102659353807225474 bcsId: 0} | ret=SUCCESS |  
2019-08-22 07:03:45,091 | INFO  | DNAudit | user=null | ip=null | op=WRITE_CHUNK {blockData=conID: 1 locID: 102659353807225474 bcsId: 0} | ret=SUCCESS |  
2019-08-22 07:03:45,091 | INFO  | DNAudit | user=null | ip=null | op=PUT_BLOCK {blockData=[blockId=conID: 1 locID: 102659353807225474 bcsId: 0,size=2097152]} | ret=SUCCESS |  
2019-08-22 07:03:45,091 | INFO  | DNAudit | user=null | ip=null | op=PUT_BLOCK {blockData=[blockId=conID: 1 locID: 102659353807225474 bcsId: 0,size=2097152]} | ret=SUCCESS |  
2019-08-22 07:03:45,095 | INFO  | DNAudit | user=null | ip=null | op=WRITE_CHUNK {blockData=conID: 1 locID: 102659353807225474 bcsId: 4480} | ret=SUCCESS |  
2019-08-22 07:03:45,096 | INFO  | DNAudit | user=null | ip=null | op=WRITE_CHUNK {blockData=conID: 1 locID: 102659353807225474 bcsId: 4480} | ret=SUCCESS |  
2019-08-22 07:03:45,113 | INFO  | DNAudit | user=null | ip=null | op=WRITE_CHUNK {blockData=conID: 1 locID: 102659353807225474 bcsId: 4480} | ret=SUCCESS |  
2019-08-22 07:03:45,114 | INFO  | DNAudit | user=null | ip=null | op=PUT_BLOCK {blockData=[blockId=conID: 1 locID: 102659353807225474 bcsId: 0,size=3145728]} | ret=SUCCESS |  
2019-08-22 07:03:45,114 [grpc-default-executor-5] INFO  client.GrpcClientProtocolClient (GrpcClientProtocolClient.java:onNext(255)) - client-CF63D631FA17->3cf1264f-5f6b-4138-aeee-2ff7d4522ead: receive RaftClientReply:client-CF63D631FA17->3cf1264f-5f6b-4138-aeee-2ff7d4522ead@group-561E16522154, cid=2977, SUCCESS, logIndex=4485, commits[3cf1264f-5f6b-4138-aeee-2ff7d4522ead:c4486, 4f0d1a15-8f14-4d9a-ad4f-8211e1245b5d:c4482, 6999f20e-c3f7-4db4-87ca-141c476f2a88:c4482]
2019-08-22 07:03:45,114 [grpc-default-executor-5] INFO  client.GrpcClientProtocolClient (GrpcClientProtocolClient.java:onNext(255)) - client-CF63D631FA17->3cf1264f-5f6b-4138-aeee-2ff7d4522ead: receive RaftClientReply:client-CF63D631FA17->3cf1264f-5f6b-4138-aeee-2ff7d4522ead@group-561E16522154, cid=2978, SUCCESS, logIndex=4486, commits[3cf1264f-5f6b-4138-aeee-2ff7d4522ead:c4486, 4f0d1a15-8f14-4d9a-ad4f-8211e1245b5d:c4482, 6999f20e-c3f7-4db4-87ca-141c476f2a88:c4482]
2019-08-22 07:03:45,123 | INFO  | DNAudit | user=null | ip=null | op=WRITE_CHUNK {blockData=conID: 1 locID: 102659353807225474 bcsId: 4486} | ret=SUCCESS |  
2019-08-22 07:03:45,124 | INFO  | DNAudit | user=null | ip=null | op=WRITE_CHUNK {blockData=conID: 1 locID: 102659353807225474 bcsId: 4480} | ret=SUCCESS |  
2019-08-22 07:03:45,125 | INFO  | DNAudit | user=null | ip=null | op=WRITE_CHUNK {blockData=conID: 1 locID: 102659353807225474 bcsId: 4480} | ret=SUCCESS |  
2019-08-22 07:03:45,125 | INFO  | DNAudit | user=null | ip=null | op=PUT_BLOCK {blockData=[blockId=conID: 1 locID: 102659353807225474 bcsId: 0,size=3145728]} | ret=SUCCESS |  
2019-08-22 07:03:45,125 | INFO  | DNAudit | user=null | ip=null | op=PUT_BLOCK {blockData=[blockId=conID: 1 locID: 102659353807225474 bcsId: 0,size=3145728]} | ret=SUCCESS |  
2019-08-22 07:03:45,126 | INFO  | DNAudit | user=null | ip=null | op=WRITE_CHUNK {blockData=conID: 1 locID: 102659353807225474 bcsId: 4486} | ret=SUCCESS |  
2019-08-22 07:03:45,126 | INFO  | DNAudit | user=null | ip=null | op=WRITE_CHUNK {blockData=conID: 1 locID: 102659353807225474 bcsId: 4486} | ret=SUCCESS |  
2019-08-22 07:03:45,136 | INFO  | SCMAudit | user=jenkins1000 | ip=192.168.34.31 | op=SEND_HEARTBEAT {datanodeUUID=4f0d1a15-8f14-4d9a-ad4f-8211e1245b5d, command=[]} | ret=SUCCESS |  
2019-08-22 07:03:45,139 | INFO  | DNAudit | user=null | ip=null | op=WRITE_CHUNK {blockData=conID: 1 locID: 102659353807225474 bcsId: 4486} | ret=SUCCESS |  
2019-08-22 07:03:45,140 | INFO  | DNAudit | user=null | ip=null | op=PUT_BLOCK {blockData=[blockId=conID: 1 locID: 102659353807225474 bcsId: 0,size=4194304]} | ret=SUCCESS |  
2019-08-22 07:03:45,144 [grpc-default-executor-3] INFO  client.GrpcClientProtocolClient (GrpcClientProtocolClient.java:onNext(255)) - client-CF63D631FA17->3cf1264f-5f6b-4138-aeee-2ff7d4522ead: receive RaftClientReply:client-CF63D631FA17->3cf1264f-5f6b-4138-aeee-2ff7d4522ead@group-561E16522154, cid=2979, SUCCESS, logIndex=4489, commits[3cf1264f-5f6b-4138-aeee-2ff7d4522ead:c4490, 4f0d1a15-8f14-4d9a-ad4f-8211e1245b5d:c4486, 6999f20e-c3f7-4db4-87ca-141c476f2a88:c4486]
2019-08-22 07:03:45,145 [grpc-default-executor-3] INFO  client.GrpcClientProtocolClient (GrpcClientProtocolClient.java:onNext(255)) - client-CF63D631FA17->3cf1264f-5f6b-4138-aeee-2ff7d4522ead: receive RaftClientReply:client-CF63D631FA17->3cf1264f-5f6b-4138-aeee-2ff7d4522ead@group-561E16522154, cid=2980, SUCCESS, logIndex=4490, commits[3cf1264f-5f6b-4138-aeee-2ff7d4522ead:c4490, 4f0d1a15-8f14-4d9a-ad4f-8211e1245b5d:c4486, 6999f20e-c3f7-4db4-87ca-141c476f2a88:c4486]
2019-08-22 07:03:45,152 | INFO  | DNAudit | user=null | ip=null | op=WRITE_CHUNK {blockData=conID: 1 locID: 102659353807225474 bcsId: 4486} | ret=SUCCESS |  
2019-08-22 07:03:45,152 | INFO  | DNAudit | user=null | ip=null | op=WRITE_CHUNK {blockData=conID: 1 locID: 102659353807225474 bcsId: 4486} | ret=SUCCESS |  
2019-08-22 07:03:45,152 | INFO  | DNAudit | user=null | ip=null | op=PUT_BLOCK {blockData=[blockId=conID: 1 locID: 102659353807225474 bcsId: 0,size=4194304]} | ret=SUCCESS |  
2019-08-22 07:03:45,152 | INFO  | DNAudit | user=null | ip=null | op=PUT_BLOCK {blockData=[blockId=conID: 1 locID: 102659353807225474 bcsId: 0,size=4194304]} | ret=SUCCESS |  
2019-08-22 07:03:45,152 [grpc-default-executor-3] INFO  client.GrpcClientProtocolClient (GrpcClientProtocolClient.java:onNext(255)) - client-CF63D631FA17->3cf1264f-5f6b-4138-aeee-2ff7d4522ead: receive RaftClientReply:client-CF63D631FA17->3cf1264f-5f6b-4138-aeee-2ff7d4522ead@group-561E16522154, cid=2981, SUCCESS, logIndex=0, commits[3cf1264f-5f6b-4138-aeee-2ff7d4522ead:c4491, 4f0d1a15-8f14-4d9a-ad4f-8211e1245b5d:c4490, 6999f20e-c3f7-4db4-87ca-141c476f2a88:c4490]
2019-08-22 07:03:45,159 | INFO  | SCMAudit | user=jenkins1000 | ip=192.168.34.31 | op=ALLOCATE_BLOCK {owner=04b6d46a-98e2-41b1-9f38-1870289993ea, size=4194304, type=RATIS, factor=THREE} | ret=SUCCESS |  
2019-08-22 07:03:45,164 | INFO  | OMAudit | user=jenkins1000 | ip=127.0.0.1 | op=ALLOCATE_BLOCK {volume=vol-0-14906, bucket=bucket-0-53153, key=key-0-33222, dataSize=0, replicationType=null, replicationFactor=null, keyLocationInfo=null, clientID=102659352017764754} | ret=SUCCESS |  
2019-08-22 07:03:45,171 | INFO  | DNAudit | user=null | ip=null | op=WRITE_CHUNK {blockData=conID: 2 locID: 102659353815220867 bcsId: 0} | ret=SUCCESS |  
2019-08-22 07:03:45,175 | INFO  | DNAudit | user=null | ip=null | op=WRITE_CHUNK {blockData=conID: 2 locID: 102659353815220867 bcsId: 0} | ret=SUCCESS |  
2019-08-22 07:03:45,176 | INFO  | DNAudit | user=null | ip=null | op=WRITE_CHUNK {blockData=conID: 2 locID: 102659353815220867 bcsId: 0} | ret=SUCCESS |  
2019-08-22 07:03:45,176 | INFO  | DNAudit | user=null | ip=null | op=WRITE_CHUNK {blockData=conID: 2 locID: 102659353815220867 bcsId: 0} | ret=SUCCESS |  
2019-08-22 07:03:45,176 | INFO  | DNAudit | user=null | ip=null | op=WRITE_CHUNK {blockData=conID: 2 locID: 102659353815220867 bcsId: 0} | ret=SUCCESS |  
2019-08-22 07:03:45,176 | INFO  | DNAudit | user=null | ip=null | op=WRITE_CHUNK {blockData=conID: 2 locID: 102659353815220867 bcsId: 0} | ret=SUCCESS |  
2019-08-22 07:03:45,184 | INFO  | DNAudit | user=null | ip=null | op=WRITE_CHUNK {blockData=conID: 2 locID: 102659353815220867 bcsId: 0} | ret=SUCCESS |  
2019-08-22 07:03:45,185 | INFO  | DNAudit | user=null | ip=null | op=PUT_BLOCK {blockData=[blockId=conID: 2 locID: 102659353815220867 bcsId: 0,size=1048576]} | ret=SUCCESS |  
2019-08-22 07:03:45,185 [grpc-default-executor-5] INFO  client.GrpcClientProtocolClient (GrpcClientProtocolClient.java:onNext(255)) - client-CF63D631FA17->3cf1264f-5f6b-4138-aeee-2ff7d4522ead: receive RaftClientReply:client-CF63D631FA17->3cf1264f-5f6b-4138-aeee-2ff7d4522ead@group-561E16522154, cid=2982, SUCCESS, logIndex=4493, commits[3cf1264f-5f6b-4138-aeee-2ff7d4522ead:c4495, 4f0d1a15-8f14-4d9a-ad4f-8211e1245b5d:c4492, 6999f20e-c3f7-4db4-87ca-141c476f2a88:c4492]
2019-08-22 07:03:45,186 | INFO  | DNAudit | user=null | ip=null | op=WRITE_CHUNK {blockData=conID: 2 locID: 102659353815220867 bcsId: 0} | ret=SUCCESS |  
2019-08-22 07:03:45,186 | INFO  | DNAudit | user=null | ip=null | op=WRITE_CHUNK {blockData=conID: 2 locID: 102659353815220867 bcsId: 0} | ret=SUCCESS |  
2019-08-22 07:03:45,186 [grpc-default-executor-5] INFO  client.GrpcClientProtocolClient (GrpcClientProtocolClient.java:onNext(255)) - client-CF63D631FA17->3cf1264f-5f6b-4138-aeee-2ff7d4522ead: receive RaftClientReply:client-CF63D631FA17->3cf1264f-5f6b-4138-aeee-2ff7d4522ead@group-561E16522154, cid=2983, SUCCESS, logIndex=4494, commits[3cf1264f-5f6b-4138-aeee-2ff7d4522ead:c4496, 4f0d1a15-8f14-4d9a-ad4f-8211e1245b5d:c4492, 6999f20e-c3f7-4db4-87ca-141c476f2a88:c4492]
2019-08-22 07:03:45,186 | INFO  | DNAudit | user=null | ip=null | op=PUT_BLOCK {blockData=[blockId=conID: 2 locID: 102659353815220867 bcsId: 0,size=2097152]} | ret=SUCCESS |  
2019-08-22 07:03:45,186 | INFO  | DNAudit | user=null | ip=null | op=WRITE_CHUNK {blockData=conID: 2 locID: 102659353815220867 bcsId: 0} | ret=SUCCESS |  
2019-08-22 07:03:45,187 [grpc-default-executor-5] INFO  client.GrpcClientProtocolClient (GrpcClientProtocolClient.java:onNext(255)) - client-CF63D631FA17->3cf1264f-5f6b-4138-aeee-2ff7d4522ead: receive RaftClientReply:client-CF63D631FA17->3cf1264f-5f6b-4138-aeee-2ff7d4522ead@group-561E16522154, cid=2984, SUCCESS, logIndex=4495, commits[3cf1264f-5f6b-4138-aeee-2ff7d4522ead:c4497, 4f0d1a15-8f14-4d9a-ad4f-8211e1245b5d:c4492, 6999f20e-c3f7-4db4-87ca-141c476f2a88:c4493]
2019-08-22 07:03:45,187 | INFO  | DNAudit | user=null | ip=null | op=PUT_BLOCK {blockData=[blockId=conID: 2 locID: 102659353815220867 bcsId: 0,size=1048576]} | ret=SUCCESS |  
2019-08-22 07:03:45,187 | INFO  | DNAudit | user=null | ip=null | op=PUT_BLOCK {blockData=[blockId=conID: 2 locID: 102659353815220867 bcsId: 0,size=1048576]} | ret=SUCCESS |  
2019-08-22 07:03:45,187 | INFO  | DNAudit | user=null | ip=null | op=WRITE_CHUNK {blockData=conID: 2 locID: 102659353815220867 bcsId: 0} | ret=SUCCESS |  
2019-08-22 07:03:45,188 | INFO  | DNAudit | user=null | ip=null | op=WRITE_CHUNK {blockData=conID: 2 locID: 102659353815220867 bcsId: 0} | ret=SUCCESS |  
2019-08-22 07:03:45,188 [grpc-default-executor-0] INFO  client.GrpcClientProtocolClient (GrpcClientProtocolClient.java:onNext(255)) - client-CF63D631FA17->3cf1264f-5f6b-4138-aeee-2ff7d4522ead: receive RaftClientReply:client-CF63D631FA17->3cf1264f-5f6b-4138-aeee-2ff7d4522ead@group-561E16522154, cid=2985, SUCCESS, logIndex=4496, commits[3cf1264f-5f6b-4138-aeee-2ff7d4522ead:c4497, 4f0d1a15-8f14-4d9a-ad4f-8211e1245b5d:c4493, 6999f20e-c3f7-4db4-87ca-141c476f2a88:c4493]
2019-08-22 07:03:45,188 [grpc-default-executor-0] INFO  client.GrpcClientProtocolClient (GrpcClientProtocolClient.java:onNext(255)) - client-CF63D631FA17->3cf1264f-5f6b-4138-aeee-2ff7d4522ead: receive RaftClientReply:client-CF63D631FA17->3cf1264f-5f6b-4138-aeee-2ff7d4522ead@group-561E16522154, cid=2986, SUCCESS, logIndex=0, commits[3cf1264f-5f6b-4138-aeee-2ff7d4522ead:c4499, 4f0d1a15-8f14-4d9a-ad4f-8211e1245b5d:c4495, 6999f20e-c3f7-4db4-87ca-141c476f2a88:c4495]
2019-08-22 07:03:45,196 | INFO  | DNAudit | user=null | ip=null | op=WRITE_CHUNK {blockData=conID: 2 locID: 102659353815220867 bcsId: 4496} | ret=SUCCESS |  
2019-08-22 07:03:45,198 | INFO  | DNAudit | user=null | ip=null | op=PUT_BLOCK {blockData=[blockId=conID: 2 locID: 102659353815220867 bcsId: 0,size=2097152]} | ret=SUCCESS |  
2019-08-22 07:03:45,199 | INFO  | DNAudit | user=null | ip=null | op=PUT_BLOCK {blockData=[blockId=conID: 2 locID: 102659353815220867 bcsId: 0,size=2097152]} | ret=SUCCESS |  
2019-08-22 07:03:45,199 | INFO  | DNAudit | user=null | ip=null | op=WRITE_CHUNK {blockData=conID: 2 locID: 102659353815220867 bcsId: 4496} | ret=SUCCESS |  
2019-08-22 07:03:45,199 | INFO  | DNAudit | user=null | ip=null | op=WRITE_CHUNK {blockData=conID: 2 locID: 102659353815220867 bcsId: 4496} | ret=SUCCESS |  
2019-08-22 07:03:45,211 | INFO  | DNAudit | user=null | ip=null | op=WRITE_CHUNK {blockData=conID: 2 locID: 102659353815220867 bcsId: 4496} | ret=SUCCESS |  
2019-08-22 07:03:45,211 | INFO  | DNAudit | user=null | ip=null | op=PUT_BLOCK {blockData=[blockId=conID: 2 locID: 102659353815220867 bcsId: 0,size=3145728]} | ret=SUCCESS |  
2019-08-22 07:03:45,212 [grpc-default-executor-3] INFO  client.GrpcClientProtocolClient (GrpcClientProtocolClient.java:onNext(255)) - client-CF63D631FA17->3cf1264f-5f6b-4138-aeee-2ff7d4522ead: receive RaftClientReply:client-CF63D631FA17->3cf1264f-5f6b-4138-aeee-2ff7d4522ead@group-561E16522154, cid=2987, SUCCESS, logIndex=4501, commits[3cf1264f-5f6b-4138-aeee-2ff7d4522ead:c4502, 4f0d1a15-8f14-4d9a-ad4f-8211e1245b5d:c4499, 6999f20e-c3f7-4db4-87ca-141c476f2a88:c4499]
2019-08-22 07:03:45,213 [grpc-default-executor-3] INFO  client.GrpcClientProtocolClient (GrpcClientProtocolClient.java:onNext(255)) - client-CF63D631FA17->3cf1264f-5f6b-4138-aeee-2ff7d4522ead: receive RaftClientReply:client-CF63D631FA17->3cf1264f-5f6b-4138-aeee-2ff7d4522ead@group-561E16522154, cid=2988, SUCCESS, logIndex=4502, commits[3cf1264f-5f6b-4138-aeee-2ff7d4522ead:c4502, 4f0d1a15-8f14-4d9a-ad4f-8211e1245b5d:c4499, 6999f20e-c3f7-4db4-87ca-141c476f2a88:c4499]
2019-08-22 07:03:45,220 | INFO  | DNAudit | user=null | ip=null | op=WRITE_CHUNK {blockData=conID: 2 locID: 102659353815220867 bcsId: 4502} | ret=SUCCESS |  
2019-08-22 07:03:45,223 | INFO  | DNAudit | user=null | ip=null | op=WRITE_CHUNK {blockData=conID: 2 locID: 102659353815220867 bcsId: 4496} | ret=SUCCESS |  
2019-08-22 07:03:45,223 | INFO  | DNAudit | user=null | ip=null | op=WRITE_CHUNK {blockData=conID: 2 locID: 102659353815220867 bcsId: 4502} | ret=SUCCESS |  
2019-08-22 07:03:45,223 | INFO  | DNAudit | user=null | ip=null | op=WRITE_CHUNK {blockData=conID: 2 locID: 102659353815220867 bcsId: 4496} | ret=SUCCESS |  
2019-08-22 07:03:45,223 | INFO  | DNAudit | user=null | ip=null | op=PUT_BLOCK {blockData=[blockId=conID: 2 locID: 102659353815220867 bcsId: 0,size=3145728]} | ret=SUCCESS |  
2019-08-22 07:03:45,223 | INFO  | DNAudit | user=null | ip=null | op=PUT_BLOCK {blockData=[blockId=conID: 2 locID: 102659353815220867 bcsId: 0,size=3145728]} | ret=SUCCESS |  
2019-08-22 07:03:45,223 | INFO  | DNAudit | user=null | ip=null | op=WRITE_CHUNK {blockData=conID: 2 locID: 102659353815220867 bcsId: 4502} | ret=SUCCESS |  
2019-08-22 07:03:45,225 | INFO  | DNAudit | user=null | ip=null | op=WRITE_CHUNK {blockData=conID: 2 locID: 102659353815220867 bcsId: 4502} | ret=SUCCESS |  
2019-08-22 07:03:45,225 | INFO  | DNAudit | user=null | ip=null | op=PUT_BLOCK {blockData=[blockId=conID: 2 locID: 102659353815220867 bcsId: 0,size=4194304]} | ret=SUCCESS |  
2019-08-22 07:03:45,225 [grpc-default-executor-0] INFO  client.GrpcClientProtocolClient (GrpcClientProtocolClient.java:onNext(255)) - client-CF63D631FA17->3cf1264f-5f6b-4138-aeee-2ff7d4522ead: receive RaftClientReply:client-CF63D631FA17->3cf1264f-5f6b-4138-aeee-2ff7d4522ead@group-561E16522154, cid=2989, SUCCESS, logIndex=4505, commits[3cf1264f-5f6b-4138-aeee-2ff7d4522ead:c4506, 4f0d1a15-8f14-4d9a-ad4f-8211e1245b5d:c4502, 6999f20e-c3f7-4db4-87ca-141c476f2a88:c4502]
2019-08-22 07:03:45,226 [grpc-default-executor-0] INFO  client.GrpcClientProtocolClient (GrpcClientProtocolClient.java:onNext(255)) - client-CF63D631FA17->3cf1264f-5f6b-4138-aeee-2ff7d4522ead: receive RaftClientReply:client-CF63D631FA17->3cf1264f-5f6b-4138-aeee-2ff7d4522ead@group-561E16522154, cid=2990, SUCCESS, logIndex=4506, commits[3cf1264f-5f6b-4138-aeee-2ff7d4522ead:c4506, 4f0d1a15-8f14-4d9a-ad4f-8211e1245b5d:c4502, 6999f20e-c3f7-4db4-87ca-141c476f2a88:c4502]
2019-08-22 07:03:45,236 | INFO  | DNAudit | user=null | ip=null | op=WRITE_CHUNK {blockData=conID: 2 locID: 102659353815220867 bcsId: 4502} | ret=SUCCESS |  
2019-08-22 07:03:45,236 | INFO  | DNAudit | user=null | ip=null | op=PUT_BLOCK {blockData=[blockId=conID: 2 locID: 102659353815220867 bcsId: 0,size=4194304]} | ret=SUCCESS |  
2019-08-22 07:03:45,236 | INFO  | DNAudit | user=null | ip=null | op=WRITE_CHUNK {blockData=conID: 2 locID: 102659353815220867 bcsId: 4502} | ret=SUCCESS |  
2019-08-22 07:03:45,237 | INFO  | DNAudit | user=null | ip=null | op=PUT_BLOCK {blockData=[blockId=conID: 2 locID: 102659353815220867 bcsId: 0,size=4194304]} | ret=SUCCESS |  
2019-08-22 07:03:45,237 [grpc-default-executor-0] INFO  client.GrpcClientProtocolClient (GrpcClientProtocolClient.java:onNext(255)) - client-CF63D631FA17->3cf1264f-5f6b-4138-aeee-2ff7d4522ead: receive RaftClientReply:client-CF63D631FA17->3cf1264f-5f6b-4138-aeee-2ff7d4522ead@group-561E16522154, cid=2991, SUCCESS, logIndex=0, commits[3cf1264f-5f6b-4138-aeee-2ff7d4522ead:c4507, 4f0d1a15-8f14-4d9a-ad4f-8211e1245b5d:c4506, 6999f20e-c3f7-4db4-87ca-141c476f2a88:c4506]
2019-08-22 07:03:45,244 | INFO  | SCMAudit | user=jenkins1000 | ip=192.168.34.31 | op=ALLOCATE_BLOCK {owner=04b6d46a-98e2-41b1-9f38-1870289993ea, size=4194304, type=RATIS, factor=THREE} | ret=SUCCESS |  
2019-08-22 07:03:45,249 | INFO  | OMAudit | user=jenkins1000 | ip=127.0.0.1 | op=ALLOCATE_BLOCK {volume=vol-0-14906, bucket=bucket-0-53153, key=key-0-33222, dataSize=0, replicationType=null, replicationFactor=null, keyLocationInfo=null, clientID=102659352017764754} | ret=SUCCESS |  
2019-08-22 07:03:45,258 | INFO  | DNAudit | user=null | ip=null | op=WRITE_CHUNK {blockData=conID: 3 locID: 102659353820791428 bcsId: 0} | ret=SUCCESS |  
2019-08-22 07:03:45,260 | INFO  | DNAudit | user=null | ip=null | op=WRITE_CHUNK {blockData=conID: 3 locID: 102659353820791428 bcsId: 0} | ret=SUCCESS |  
2019-08-22 07:03:45,260 | INFO  | DNAudit | user=null | ip=null | op=WRITE_CHUNK {blockData=conID: 3 locID: 102659353820791428 bcsId: 0} | ret=SUCCESS |  
2019-08-22 07:03:45,260 | INFO  | DNAudit | user=null | ip=null | op=WRITE_CHUNK {blockData=conID: 3 locID: 102659353820791428 bcsId: 0} | ret=SUCCESS |  
2019-08-22 07:03:45,262 | INFO  | DNAudit | user=null | ip=null | op=WRITE_CHUNK {blockData=conID: 3 locID: 102659353820791428 bcsId: 0} | ret=SUCCESS |  
2019-08-22 07:03:45,263 | INFO  | DNAudit | user=null | ip=null | op=WRITE_CHUNK {blockData=conID: 3 locID: 102659353820791428 bcsId: 0} | ret=SUCCESS |  
2019-08-22 07:03:45,272 | INFO  | DNAudit | user=null | ip=null | op=WRITE_CHUNK {blockData=conID: 3 locID: 102659353820791428 bcsId: 0} | ret=SUCCESS |  
2019-08-22 07:03:45,273 | INFO  | DNAudit | user=null | ip=null | op=PUT_BLOCK {blockData=[blockId=conID: 3 locID: 102659353820791428 bcsId: 0,size=1048576]} | ret=SUCCESS |  
2019-08-22 07:03:45,274 [grpc-default-executor-5] INFO  client.GrpcClientProtocolClient (GrpcClientProtocolClient.java:onNext(255)) - client-CF63D631FA17->3cf1264f-5f6b-4138-aeee-2ff7d4522ead: receive RaftClientReply:client-CF63D631FA17->3cf1264f-5f6b-4138-aeee-2ff7d4522ead@group-561E16522154, cid=2992, SUCCESS, logIndex=4509, commits[3cf1264f-5f6b-4138-aeee-2ff7d4522ead:c4510, 4f0d1a15-8f14-4d9a-ad4f-8211e1245b5d:c4506, 6999f20e-c3f7-4db4-87ca-141c476f2a88:c4508]
2019-08-22 07:03:45,274 [grpc-default-executor-5] INFO  client.GrpcClientProtocolClient (GrpcClientProtocolClient.java:onNext(255)) - client-CF63D631FA17->3cf1264f-5f6b-4138-aeee-2ff7d4522ead: receive RaftClientReply:client-CF63D631FA17->3cf1264f-5f6b-4138-aeee-2ff7d4522ead@group-561E16522154, cid=2993, SUCCESS, logIndex=4510, commits[3cf1264f-5f6b-4138-aeee-2ff7d4522ead:c4510, 4f0d1a15-8f14-4d9a-ad4f-8211e1245b5d:c4508, 6999f20e-c3f7-4db4-87ca-141c476f2a88:c4508]
2019-08-22 07:03:45,283 | INFO  | DNAudit | user=null | ip=null | op=WRITE_CHUNK {blockData=conID: 3 locID: 102659353820791428 bcsId: 0} | ret=SUCCESS |  
2019-08-22 07:03:45,284 | INFO  | DNAudit | user=null | ip=null | op=PUT_BLOCK {blockData=[blockId=conID: 3 locID: 102659353820791428 bcsId: 0,size=2097152]} | ret=SUCCESS |  
2019-08-22 07:03:45,284 | INFO  | DNAudit | user=null | ip=null | op=WRITE_CHUNK {blockData=conID: 3 locID: 102659353820791428 bcsId: 0} | ret=SUCCESS |  
2019-08-22 07:03:45,285 | INFO  | DNAudit | user=null | ip=null | op=PUT_BLOCK {blockData=[blockId=conID: 3 locID: 102659353820791428 bcsId: 0,size=1048576]} | ret=SUCCESS |  
2019-08-22 07:03:45,285 | INFO  | DNAudit | user=null | ip=null | op=WRITE_CHUNK {blockData=conID: 3 locID: 102659353820791428 bcsId: 0} | ret=SUCCESS |  
2019-08-22 07:03:45,286 | INFO  | DNAudit | user=null | ip=null | op=WRITE_CHUNK {blockData=conID: 3 locID: 102659353820791428 bcsId: 0} | ret=SUCCESS |  
2019-08-22 07:03:45,286 | INFO  | DNAudit | user=null | ip=null | op=PUT_BLOCK {blockData=[blockId=conID: 3 locID: 102659353820791428 bcsId: 0,size=1048576]} | ret=SUCCESS |  
2019-08-22 07:03:45,286 | INFO  | DNAudit | user=null | ip=null | op=PUT_BLOCK {blockData=[blockId=conID: 3 locID: 102659353820791428 bcsId: 0,size=2097152]} | ret=SUCCESS |  
2019-08-22 07:03:45,286 | INFO  | DNAudit | user=null | ip=null | op=WRITE_CHUNK {blockData=conID: 3 locID: 102659353820791428 bcsId: 0} | ret=SUCCESS |  
2019-08-22 07:03:45,286 [grpc-default-executor-0] INFO  client.GrpcClientProtocolClient (GrpcClientProtocolClient.java:onNext(255)) - client-CF63D631FA17->3cf1264f-5f6b-4138-aeee-2ff7d4522ead: receive RaftClientReply:client-CF63D631FA17->3cf1264f-5f6b-4138-aeee-2ff7d4522ead@group-561E16522154, cid=2994, SUCCESS, logIndex=4511, commits[3cf1264f-5f6b-4138-aeee-2ff7d4522ead:c4512, 4f0d1a15-8f14-4d9a-ad4f-8211e1245b5d:c4508, 6999f20e-c3f7-4db4-87ca-141c476f2a88:c4508]
2019-08-22 07:03:45,287 | INFO  | DNAudit | user=null | ip=null | op=PUT_BLOCK {blockData=[blockId=conID: 3 locID: 102659353820791428 bcsId: 0,size=2097152]} | ret=SUCCESS |  
2019-08-22 07:03:45,287 [grpc-default-executor-0] INFO  client.GrpcClientProtocolClient (GrpcClientProtocolClient.java:onNext(255)) - client-CF63D631FA17->3cf1264f-5f6b-4138-aeee-2ff7d4522ead: receive RaftClientReply:client-CF63D631FA17->3cf1264f-5f6b-4138-aeee-2ff7d4522ead@group-561E16522154, cid=2995, SUCCESS, logIndex=4512, commits[3cf1264f-5f6b-4138-aeee-2ff7d4522ead:c4512, 4f0d1a15-8f14-4d9a-ad4f-8211e1245b5d:c4508, 6999f20e-c3f7-4db4-87ca-141c476f2a88:c4508]
2019-08-22 07:03:45,289 [grpc-default-executor-0] INFO  client.GrpcClientProtocolClient (GrpcClientProtocolClient.java:onNext(255)) - client-CF63D631FA17->3cf1264f-5f6b-4138-aeee-2ff7d4522ead: receive RaftClientReply:client-CF63D631FA17->3cf1264f-5f6b-4138-aeee-2ff7d4522ead@group-561E16522154, cid=2996, SUCCESS, logIndex=0, commits[3cf1264f-5f6b-4138-aeee-2ff7d4522ead:c4516, 4f0d1a15-8f14-4d9a-ad4f-8211e1245b5d:c4512, 6999f20e-c3f7-4db4-87ca-141c476f2a88:c4512]
2019-08-22 07:03:45,295 | INFO  | DNAudit | user=null | ip=null | op=WRITE_CHUNK {blockData=conID: 3 locID: 102659353820791428 bcsId: 4512} | ret=SUCCESS |  
2019-08-22 07:03:45,298 | INFO  | DNAudit | user=null | ip=null | op=WRITE_CHUNK {blockData=conID: 3 locID: 102659353820791428 bcsId: 4512} | ret=SUCCESS |  
2019-08-22 07:03:45,299 | INFO  | DNAudit | user=null | ip=null | op=WRITE_CHUNK {blockData=conID: 3 locID: 102659353820791428 bcsId: 4512} | ret=SUCCESS |  
2019-08-22 07:03:45,308 | INFO  | DNAudit | user=null | ip=null | op=WRITE_CHUNK {blockData=conID: 3 locID: 102659353820791428 bcsId: 4512} | ret=SUCCESS |  
2019-08-22 07:03:45,309 | INFO  | DNAudit | user=null | ip=null | op=PUT_BLOCK {blockData=[blockId=conID: 3 locID: 102659353820791428 bcsId: 0,size=3145728]} | ret=SUCCESS |  
2019-08-22 07:03:45,310 [grpc-default-executor-5] INFO  client.GrpcClientProtocolClient (GrpcClientProtocolClient.java:onNext(255)) - client-CF63D631FA17->3cf1264f-5f6b-4138-aeee-2ff7d4522ead: receive RaftClientReply:client-CF63D631FA17->3cf1264f-5f6b-4138-aeee-2ff7d4522ead@group-561E16522154, cid=2997, SUCCESS, logIndex=4517, commits[3cf1264f-5f6b-4138-aeee-2ff7d4522ead:c4518, 4f0d1a15-8f14-4d9a-ad4f-8211e1245b5d:c4516, 6999f20e-c3f7-4db4-87ca-141c476f2a88:c4516]
2019-08-22 07:03:45,310 [grpc-default-executor-5] INFO  client.GrpcClientProtocolClient (GrpcClientProtocolClient.java:onNext(255)) - client-CF63D631FA17->3cf1264f-5f6b-4138-aeee-2ff7d4522ead: receive RaftClientReply:client-CF63D631FA17->3cf1264f-5f6b-4138-aeee-2ff7d4522ead@group-561E16522154, cid=2998, SUCCESS, logIndex=4518, commits[3cf1264f-5f6b-4138-aeee-2ff7d4522ead:c4518, 4f0d1a15-8f14-4d9a-ad4f-8211e1245b5d:c4516, 6999f20e-c3f7-4db4-87ca-141c476f2a88:c4516]
2019-08-22 07:03:45,318 | INFO  | DNAudit | user=null | ip=null | op=WRITE_CHUNK {blockData=conID: 3 locID: 102659353820791428 bcsId: 4518} | ret=SUCCESS |  
2019-08-22 07:03:45,322 | INFO  | DNAudit | user=null | ip=null | op=WRITE_CHUNK {blockData=conID: 3 locID: 102659353820791428 bcsId: 4518} | ret=SUCCESS |  
2019-08-22 07:03:45,322 | INFO  | DNAudit | user=null | ip=null | op=WRITE_CHUNK {blockData=conID: 3 locID: 102659353820791428 bcsId: 4518} | ret=SUCCESS |  
2019-08-22 07:03:45,327 | INFO  | DNAudit | user=null | ip=null | op=WRITE_CHUNK {blockData=conID: 3 locID: 102659353820791428 bcsId: 4512} | ret=SUCCESS |  
2019-08-22 07:03:45,327 | INFO  | DNAudit | user=null | ip=null | op=WRITE_CHUNK {blockData=conID: 3 locID: 102659353820791428 bcsId: 4512} | ret=SUCCESS |  
2019-08-22 07:03:45,328 | INFO  | DNAudit | user=null | ip=null | op=PUT_BLOCK {blockData=[blockId=conID: 3 locID: 102659353820791428 bcsId: 0,size=3145728]} | ret=SUCCESS |  
2019-08-22 07:03:45,328 | INFO  | DNAudit | user=null | ip=null | op=PUT_BLOCK {blockData=[blockId=conID: 3 locID: 102659353820791428 bcsId: 0,size=3145728]} | ret=SUCCESS |  
2019-08-22 07:03:45,328 | INFO  | DNAudit | user=null | ip=null | op=WRITE_CHUNK {blockData=conID: 3 locID: 102659353820791428 bcsId: 4518} | ret=SUCCESS |  
2019-08-22 07:03:45,329 | INFO  | DNAudit | user=null | ip=null | op=PUT_BLOCK {blockData=[blockId=conID: 3 locID: 102659353820791428 bcsId: 0,size=4194304]} | ret=SUCCESS |  
2019-08-22 07:03:45,329 [grpc-default-executor-5] INFO  client.GrpcClientProtocolClient (GrpcClientProtocolClient.java:onNext(255)) - client-CF63D631FA17->3cf1264f-5f6b-4138-aeee-2ff7d4522ead: receive RaftClientReply:client-CF63D631FA17->3cf1264f-5f6b-4138-aeee-2ff7d4522ead@group-561E16522154, cid=2999, SUCCESS, logIndex=4521, commits[3cf1264f-5f6b-4138-aeee-2ff7d4522ead:c4522, 4f0d1a15-8f14-4d9a-ad4f-8211e1245b5d:c4518, 6999f20e-c3f7-4db4-87ca-141c476f2a88:c4517]
2019-08-22 07:03:45,330 [grpc-default-executor-5] INFO  client.GrpcClientProtocolClient (GrpcClientProtocolClient.java:onNext(255)) - client-CF63D631FA17->3cf1264f-5f6b-4138-aeee-2ff7d4522ead: receive RaftClientReply:client-CF63D631FA17->3cf1264f-5f6b-4138-aeee-2ff7d4522ead@group-561E16522154, cid=3000, SUCCESS, logIndex=4522, commits[3cf1264f-5f6b-4138-aeee-2ff7d4522ead:c4522, 4f0d1a15-8f14-4d9a-ad4f-8211e1245b5d:c4518, 6999f20e-c3f7-4db4-87ca-141c476f2a88:c4518]
2019-08-22 07:03:45,341 | INFO  | DNAudit | user=null | ip=null | op=WRITE_CHUNK {blockData=conID: 3 locID: 102659353820791428 bcsId: 4518} | ret=SUCCESS |  
2019-08-22 07:03:45,341 | INFO  | DNAudit | user=null | ip=null | op=WRITE_CHUNK {blockData=conID: 3 locID: 102659353820791428 bcsId: 4518} | ret=SUCCESS |  
2019-08-22 07:03:45,341 | INFO  | DNAudit | user=null | ip=null | op=PUT_BLOCK {blockData=[blockId=conID: 3 locID: 102659353820791428 bcsId: 0,size=4194304]} | ret=SUCCESS |  
2019-08-22 07:03:45,341 | INFO  | DNAudit | user=null | ip=null | op=PUT_BLOCK {blockData=[blockId=conID: 3 locID: 102659353820791428 bcsId: 0,size=4194304]} | ret=SUCCESS |  
2019-08-22 07:03:45,342 [grpc-default-executor-5] INFO  client.GrpcClientProtocolClient (GrpcClientProtocolClient.java:onNext(255)) - client-CF63D631FA17->3cf1264f-5f6b-4138-aeee-2ff7d4522ead: receive RaftClientReply:client-CF63D631FA17->3cf1264f-5f6b-4138-aeee-2ff7d4522ead@group-561E16522154, cid=3001, SUCCESS, logIndex=0, commits[3cf1264f-5f6b-4138-aeee-2ff7d4522ead:c4523, 4f0d1a15-8f14-4d9a-ad4f-8211e1245b5d:c4522, 6999f20e-c3f7-4db4-87ca-141c476f2a88:c4522]
2019-08-22 07:03:45,352 | INFO  | SCMAudit | user=jenkins1000 | ip=192.168.34.31 | op=ALLOCATE_BLOCK {owner=04b6d46a-98e2-41b1-9f38-1870289993ea, size=4194304, type=RATIS, factor=THREE} | ret=SUCCESS |  
2019-08-22 07:03:45,359 | INFO  | OMAudit | user=jenkins1000 | ip=127.0.0.1 | op=ALLOCATE_BLOCK {volume=vol-0-14906, bucket=bucket-0-53153, key=key-0-33222, dataSize=0, replicationType=null, replicationFactor=null, keyLocationInfo=null, clientID=102659352017764754} | ret=SUCCESS |  
2019-08-22 07:03:45,366 | INFO  | DNAudit | user=null | ip=null | op=WRITE_CHUNK {blockData=conID: 1 locID: 102659353827869317 bcsId: 0} | ret=SUCCESS |  
2019-08-22 07:03:45,369 | INFO  | DNAudit | user=null | ip=null | op=WRITE_CHUNK {blockData=conID: 1 locID: 102659353827869317 bcsId: 0} | ret=SUCCESS |  
2019-08-22 07:03:45,370 | INFO  | DNAudit | user=null | ip=null | op=WRITE_CHUNK {blockData=conID: 1 locID: 102659353827869317 bcsId: 0} | ret=SUCCESS |  
2019-08-22 07:03:45,370 | INFO  | DNAudit | user=null | ip=null | op=WRITE_CHUNK {blockData=conID: 1 locID: 102659353827869317 bcsId: 0} | ret=SUCCESS |  
2019-08-22 07:03:45,372 | INFO  | DNAudit | user=null | ip=null | op=WRITE_CHUNK {blockData=conID: 1 locID: 102659353827869317 bcsId: 0} | ret=SUCCESS |  
2019-08-22 07:03:45,373 | INFO  | DNAudit | user=null | ip=null | op=WRITE_CHUNK {blockData=conID: 1 locID: 102659353827869317 bcsId: 0} | ret=SUCCESS |  
2019-08-22 07:03:45,381 | INFO  | DNAudit | user=null | ip=null | op=WRITE_CHUNK {blockData=conID: 1 locID: 102659353827869317 bcsId: 0} | ret=SUCCESS |  
2019-08-22 07:03:45,381 | INFO  | DNAudit | user=null | ip=null | op=PUT_BLOCK {blockData=[blockId=conID: 1 locID: 102659353827869317 bcsId: 0,size=1048576]} | ret=SUCCESS |  
2019-08-22 07:03:45,382 | INFO  | DNAudit | user=null | ip=null | op=WRITE_CHUNK {blockData=conID: 1 locID: 102659353827869317 bcsId: 0} | ret=SUCCESS |  
2019-08-22 07:03:45,382 [grpc-default-executor-1] INFO  client.GrpcClientProtocolClient (GrpcClientProtocolClient.java:onNext(255)) - client-CF63D631FA17->3cf1264f-5f6b-4138-aeee-2ff7d4522ead: receive RaftClientReply:client-CF63D631FA17->3cf1264f-5f6b-4138-aeee-2ff7d4522ead@group-561E16522154, cid=3002, SUCCESS, logIndex=4525, commits[3cf1264f-5f6b-4138-aeee-2ff7d4522ead:c4527, 4f0d1a15-8f14-4d9a-ad4f-8211e1245b5d:c4524, 6999f20e-c3f7-4db4-87ca-141c476f2a88:c4524]
2019-08-22 07:03:45,382 | INFO  | DNAudit | user=null | ip=null | op=PUT_BLOCK {blockData=[blockId=conID: 1 locID: 102659353827869317 bcsId: 0,size=2097152]} | ret=SUCCESS |  
2019-08-22 07:03:45,383 [grpc-default-executor-1] INFO  client.GrpcClientProtocolClient (GrpcClientProtocolClient.java:onNext(255)) - client-CF63D631FA17->3cf1264f-5f6b-4138-aeee-2ff7d4522ead: receive RaftClientReply:client-CF63D631FA17->3cf1264f-5f6b-4138-aeee-2ff7d4522ead@group-561E16522154, cid=3003, SUCCESS, logIndex=4526, commits[3cf1264f-5f6b-4138-aeee-2ff7d4522ead:c4528, 4f0d1a15-8f14-4d9a-ad4f-8211e1245b5d:c4524, 6999f20e-c3f7-4db4-87ca-141c476f2a88:c4524]
2019-08-22 07:03:45,383 [grpc-default-executor-1] INFO  client.GrpcClientProtocolClient (GrpcClientProtocolClient.java:onNext(255)) - client-CF63D631FA17->3cf1264f-5f6b-4138-aeee-2ff7d4522ead: receive RaftClientReply:client-CF63D631FA17->3cf1264f-5f6b-4138-aeee-2ff7d4522ead@group-561E16522154, cid=3004, SUCCESS, logIndex=4527, commits[3cf1264f-5f6b-4138-aeee-2ff7d4522ead:c4528, 4f0d1a15-8f14-4d9a-ad4f-8211e1245b5d:c4524, 6999f20e-c3f7-4db4-87ca-141c476f2a88:c4524]
2019-08-22 07:03:45,383 [grpc-default-executor-1] INFO  client.GrpcClientProtocolClient (GrpcClientProtocolClient.java:onNext(255)) - client-CF63D631FA17->3cf1264f-5f6b-4138-aeee-2ff7d4522ead: receive RaftClientReply:client-CF63D631FA17->3cf1264f-5f6b-4138-aeee-2ff7d4522ead@group-561E16522154, cid=3005, SUCCESS, logIndex=4528, commits[3cf1264f-5f6b-4138-aeee-2ff7d4522ead:c4528, 4f0d1a15-8f14-4d9a-ad4f-8211e1245b5d:c4524, 6999f20e-c3f7-4db4-87ca-141c476f2a88:c4524]
2019-08-22 07:03:45,392 | INFO  | DNAudit | user=null | ip=null | op=WRITE_CHUNK {blockData=conID: 1 locID: 102659353827869317 bcsId: 0} | ret=SUCCESS |  
2019-08-22 07:03:45,392 | INFO  | DNAudit | user=null | ip=null | op=PUT_BLOCK {blockData=[blockId=conID: 1 locID: 102659353827869317 bcsId: 0,size=1048576]} | ret=SUCCESS |  
2019-08-22 07:03:45,392 | INFO  | DNAudit | user=null | ip=null | op=WRITE_CHUNK {blockData=conID: 1 locID: 102659353827869317 bcsId: 0} | ret=SUCCESS |  
2019-08-22 07:03:45,393 | INFO  | DNAudit | user=null | ip=null | op=PUT_BLOCK {blockData=[blockId=conID: 1 locID: 102659353827869317 bcsId: 0,size=1048576]} | ret=SUCCESS |  
2019-08-22 07:03:45,393 [grpc-default-executor-1] INFO  client.GrpcClientProtocolClient (GrpcClientProtocolClient.java:onNext(255)) - client-CF63D631FA17->3cf1264f-5f6b-4138-aeee-2ff7d4522ead: receive RaftClientReply:client-CF63D631FA17->3cf1264f-5f6b-4138-aeee-2ff7d4522ead@group-561E16522154, cid=3006, SUCCESS, logIndex=0, commits[3cf1264f-5f6b-4138-aeee-2ff7d4522ead:c4529, 4f0d1a15-8f14-4d9a-ad4f-8211e1245b5d:c4526, 6999f20e-c3f7-4db4-87ca-141c476f2a88:c4526]
2019-08-22 07:03:45,394 | INFO  | DNAudit | user=null | ip=null | op=WRITE_CHUNK {blockData=conID: 1 locID: 102659353827869317 bcsId: 0} | ret=SUCCESS |  
2019-08-22 07:03:45,395 | INFO  | DNAudit | user=null | ip=null | op=WRITE_CHUNK {blockData=conID: 1 locID: 102659353827869317 bcsId: 0} | ret=SUCCESS |  
2019-08-22 07:03:45,395 | INFO  | DNAudit | user=null | ip=null | op=PUT_BLOCK {blockData=[blockId=conID: 1 locID: 102659353827869317 bcsId: 0,size=2097152]} | ret=SUCCESS |  
2019-08-22 07:03:45,396 | INFO  | DNAudit | user=null | ip=null | op=PUT_BLOCK {blockData=[blockId=conID: 1 locID: 102659353827869317 bcsId: 0,size=2097152]} | ret=SUCCESS |  
2019-08-22 07:03:45,401 | INFO  | DNAudit | user=null | ip=null | op=WRITE_CHUNK {blockData=conID: 1 locID: 102659353827869317 bcsId: 4528} | ret=SUCCESS |  
2019-08-22 07:03:45,404 | INFO  | DNAudit | user=null | ip=null | op=WRITE_CHUNK {blockData=conID: 1 locID: 102659353827869317 bcsId: 4528} | ret=SUCCESS |  
2019-08-22 07:03:45,405 | INFO  | DNAudit | user=null | ip=null | op=WRITE_CHUNK {blockData=conID: 1 locID: 102659353827869317 bcsId: 4528} | ret=SUCCESS |  
2019-08-22 07:03:45,415 | INFO  | DNAudit | user=null | ip=null | op=WRITE_CHUNK {blockData=conID: 1 locID: 102659353827869317 bcsId: 4528} | ret=SUCCESS |  
2019-08-22 07:03:45,416 | INFO  | DNAudit | user=null | ip=null | op=PUT_BLOCK {blockData=[blockId=conID: 1 locID: 102659353827869317 bcsId: 0,size=3145728]} | ret=SUCCESS |  
2019-08-22 07:03:45,416 [grpc-default-executor-0] INFO  client.GrpcClientProtocolClient (GrpcClientProtocolClient.java:onNext(255)) - client-CF63D631FA17->3cf1264f-5f6b-4138-aeee-2ff7d4522ead: receive RaftClientReply:client-CF63D631FA17->3cf1264f-5f6b-4138-aeee-2ff7d4522ead@group-561E16522154, cid=3007, SUCCESS, logIndex=4533, commits[3cf1264f-5f6b-4138-aeee-2ff7d4522ead:c4534, 4f0d1a15-8f14-4d9a-ad4f-8211e1245b5d:c4532, 6999f20e-c3f7-4db4-87ca-141c476f2a88:c4532]
2019-08-22 07:03:45,417 [grpc-default-executor-0] INFO  client.GrpcClientProtocolClient (GrpcClientProtocolClient.java:onNext(255)) - client-CF63D631FA17->3cf1264f-5f6b-4138-aeee-2ff7d4522ead: receive RaftClientReply:client-CF63D631FA17->3cf1264f-5f6b-4138-aeee-2ff7d4522ead@group-561E16522154, cid=3008, SUCCESS, logIndex=4534, commits[3cf1264f-5f6b-4138-aeee-2ff7d4522ead:c4534, 4f0d1a15-8f14-4d9a-ad4f-8211e1245b5d:c4532, 6999f20e-c3f7-4db4-87ca-141c476f2a88:c4532]
2019-08-22 07:03:45,426 | INFO  | DNAudit | user=null | ip=null | op=WRITE_CHUNK {blockData=conID: 1 locID: 102659353827869317 bcsId: 4534} | ret=SUCCESS |  
2019-08-22 07:03:45,426 | INFO  | DNAudit | user=null | ip=null | op=WRITE_CHUNK {blockData=conID: 1 locID: 102659353827869317 bcsId: 4528} | ret=SUCCESS |  
2019-08-22 07:03:45,427 | INFO  | DNAudit | user=null | ip=null | op=WRITE_CHUNK {blockData=conID: 1 locID: 102659353827869317 bcsId: 4528} | ret=SUCCESS |  
2019-08-22 07:03:45,427 | INFO  | DNAudit | user=null | ip=null | op=PUT_BLOCK {blockData=[blockId=conID: 1 locID: 102659353827869317 bcsId: 0,size=3145728]} | ret=SUCCESS |  
2019-08-22 07:03:45,427 | INFO  | DNAudit | user=null | ip=null | op=PUT_BLOCK {blockData=[blockId=conID: 1 locID: 102659353827869317 bcsId: 0,size=3145728]} | ret=SUCCESS |  
2019-08-22 07:03:45,429 | INFO  | DNAudit | user=null | ip=null | op=WRITE_CHUNK {blockData=conID: 1 locID: 102659353827869317 bcsId: 4534} | ret=SUCCESS |  
2019-08-22 07:03:45,430 | INFO  | DNAudit | user=null | ip=null | op=WRITE_CHUNK {blockData=conID: 1 locID: 102659353827869317 bcsId: 4534} | ret=SUCCESS |  
2019-08-22 07:03:45,439 | INFO  | DNAudit | user=null | ip=null | op=WRITE_CHUNK {blockData=conID: 1 locID: 102659353827869317 bcsId: 4534} | ret=SUCCESS |  
2019-08-22 07:03:45,440 | INFO  | DNAudit | user=null | ip=null | op=PUT_BLOCK {blockData=[blockId=conID: 1 locID: 102659353827869317 bcsId: 0,size=4194304]} | ret=SUCCESS |  
2019-08-22 07:03:45,440 [grpc-default-executor-1] INFO  client.GrpcClientProtocolClient (GrpcClientProtocolClient.java:onNext(255)) - client-CF63D631FA17->3cf1264f-5f6b-4138-aeee-2ff7d4522ead: receive RaftClientReply:client-CF63D631FA17->3cf1264f-5f6b-4138-aeee-2ff7d4522ead@group-561E16522154, cid=3009, SUCCESS, logIndex=4537, commits[3cf1264f-5f6b-4138-aeee-2ff7d4522ead:c4538, 4f0d1a15-8f14-4d9a-ad4f-8211e1245b5d:c4534, 6999f20e-c3f7-4db4-87ca-141c476f2a88:c4534]
2019-08-22 07:03:45,440 [grpc-default-executor-1] INFO  client.GrpcClientProtocolClient (GrpcClientProtocolClient.java:onNext(255)) - client-CF63D631FA17->3cf1264f-5f6b-4138-aeee-2ff7d4522ead: receive RaftClientReply:client-CF63D631FA17->3cf1264f-5f6b-4138-aeee-2ff7d4522ead@group-561E16522154, cid=3010, SUCCESS, logIndex=4538, commits[3cf1264f-5f6b-4138-aeee-2ff7d4522ead:c4538, 4f0d1a15-8f14-4d9a-ad4f-8211e1245b5d:c4534, 6999f20e-c3f7-4db4-87ca-141c476f2a88:c4534]
2019-08-22 07:03:45,451 | INFO  | DNAudit | user=null | ip=null | op=WRITE_CHUNK {blockData=conID: 1 locID: 102659353827869317 bcsId: 4534} | ret=SUCCESS |  
2019-08-22 07:03:45,451 | INFO  | DNAudit | user=null | ip=null | op=WRITE_CHUNK {blockData=conID: 1 locID: 102659353827869317 bcsId: 4534} | ret=SUCCESS |  
2019-08-22 07:03:45,451 | INFO  | DNAudit | user=null | ip=null | op=PUT_BLOCK {blockData=[blockId=conID: 1 locID: 102659353827869317 bcsId: 0,size=4194304]} | ret=SUCCESS |  
2019-08-22 07:03:45,451 | INFO  | DNAudit | user=null | ip=null | op=PUT_BLOCK {blockData=[blockId=conID: 1 locID: 102659353827869317 bcsId: 0,size=4194304]} | ret=SUCCESS |  
2019-08-22 07:03:45,452 [grpc-default-executor-1] INFO  client.GrpcClientProtocolClient (GrpcClientProtocolClient.java:onNext(255)) - client-CF63D631FA17->3cf1264f-5f6b-4138-aeee-2ff7d4522ead: receive RaftClientReply:client-CF63D631FA17->3cf1264f-5f6b-4138-aeee-2ff7d4522ead@group-561E16522154, cid=3011, SUCCESS, logIndex=0, commits[3cf1264f-5f6b-4138-aeee-2ff7d4522ead:c4539, 4f0d1a15-8f14-4d9a-ad4f-8211e1245b5d:c4538, 6999f20e-c3f7-4db4-87ca-141c476f2a88:c4538]
2019-08-22 07:03:45,463 | INFO  | SCMAudit | user=jenkins1000 | ip=192.168.34.31 | op=ALLOCATE_BLOCK {owner=04b6d46a-98e2-41b1-9f38-1870289993ea, size=4194304, type=RATIS, factor=THREE} | ret=SUCCESS |  
2019-08-22 07:03:45,468 | INFO  | OMAudit | user=jenkins1000 | ip=127.0.0.1 | op=ALLOCATE_BLOCK {volume=vol-0-14906, bucket=bucket-0-53153, key=key-0-33222, dataSize=0, replicationType=null, replicationFactor=null, keyLocationInfo=null, clientID=102659352017764754} | ret=SUCCESS |  
2019-08-22 07:03:45,477 | INFO  | DNAudit | user=null | ip=null | op=WRITE_CHUNK {blockData=conID: 2 locID: 102659353835143814 bcsId: 0} | ret=SUCCESS |  
2019-08-22 07:03:45,482 | INFO  | DNAudit | user=null | ip=null | op=WRITE_CHUNK {blockData=conID: 2 locID: 102659353835143814 bcsId: 0} | ret=SUCCESS |  
2019-08-22 07:03:45,483 | INFO  | DNAudit | user=null | ip=null | op=WRITE_CHUNK {blockData=conID: 2 locID: 102659353835143814 bcsId: 0} | ret=SUCCESS |  
2019-08-22 07:03:45,483 | INFO  | DNAudit | user=null | ip=null | op=WRITE_CHUNK {blockData=conID: 2 locID: 102659353835143814 bcsId: 0} | ret=SUCCESS |  
2019-08-22 07:03:45,486 | INFO  | DNAudit | user=null | ip=null | op=WRITE_CHUNK {blockData=conID: 2 locID: 102659353835143814 bcsId: 0} | ret=SUCCESS |  
2019-08-22 07:03:45,487 | INFO  | DNAudit | user=null | ip=null | op=WRITE_CHUNK {blockData=conID: 2 locID: 102659353835143814 bcsId: 0} | ret=SUCCESS |  
2019-08-22 07:03:45,491 | INFO  | DNAudit | user=null | ip=null | op=WRITE_CHUNK {blockData=conID: 2 locID: 102659353835143814 bcsId: 0} | ret=SUCCESS |  
2019-08-22 07:03:45,491 | INFO  | DNAudit | user=null | ip=null | op=PUT_BLOCK {blockData=[blockId=conID: 2 locID: 102659353835143814 bcsId: 0,size=1048576]} | ret=SUCCESS |  
2019-08-22 07:03:45,492 [grpc-default-executor-1] INFO  client.GrpcClientProtocolClient (GrpcClientProtocolClient.java:onNext(255)) - client-CF63D631FA17->3cf1264f-5f6b-4138-aeee-2ff7d4522ead: receive RaftClientReply:client-CF63D631FA17->3cf1264f-5f6b-4138-aeee-2ff7d4522ead@group-561E16522154, cid=3012, SUCCESS, logIndex=4541, commits[3cf1264f-5f6b-4138-aeee-2ff7d4522ead:c4542, 4f0d1a15-8f14-4d9a-ad4f-8211e1245b5d:c4540, 6999f20e-c3f7-4db4-87ca-141c476f2a88:c4540]
2019-08-22 07:03:45,492 | INFO  | DNAudit | user=null | ip=null | op=WRITE_CHUNK {blockData=conID: 2 locID: 102659353835143814 bcsId: 0} | ret=SUCCESS |  
2019-08-22 07:03:45,493 | INFO  | DNAudit | user=null | ip=null | op=PUT_BLOCK {blockData=[blockId=conID: 2 locID: 102659353835143814 bcsId: 0,size=2097152]} | ret=SUCCESS |  
2019-08-22 07:03:45,493 [grpc-default-executor-1] INFO  client.GrpcClientProtocolClient (GrpcClientProtocolClient.java:onNext(255)) - client-CF63D631FA17->3cf1264f-5f6b-4138-aeee-2ff7d4522ead: receive RaftClientReply:client-CF63D631FA17->3cf1264f-5f6b-4138-aeee-2ff7d4522ead@group-561E16522154, cid=3013, SUCCESS, logIndex=4542, commits[3cf1264f-5f6b-4138-aeee-2ff7d4522ead:c4544, 4f0d1a15-8f14-4d9a-ad4f-8211e1245b5d:c4540, 6999f20e-c3f7-4db4-87ca-141c476f2a88:c4540]
2019-08-22 07:03:45,493 [grpc-default-executor-1] INFO  client.GrpcClientProtocolClient (GrpcClientProtocolClient.java:onNext(255)) - client-CF63D631FA17->3cf1264f-5f6b-4138-aeee-2ff7d4522ead: receive RaftClientReply:client-CF63D631FA17->3cf1264f-5f6b-4138-aeee-2ff7d4522ead@group-561E16522154, cid=3014, SUCCESS, logIndex=4543, commits[3cf1264f-5f6b-4138-aeee-2ff7d4522ead:c4544, 4f0d1a15-8f14-4d9a-ad4f-8211e1245b5d:c4540, 6999f20e-c3f7-4db4-87ca-141c476f2a88:c4540]
2019-08-22 07:03:45,494 [grpc-default-executor-1] INFO  client.GrpcClientProtocolClient (GrpcClientProtocolClient.java:onNext(255)) - client-CF63D631FA17->3cf1264f-5f6b-4138-aeee-2ff7d4522ead: receive RaftClientReply:client-CF63D631FA17->3cf1264f-5f6b-4138-aeee-2ff7d4522ead@group-561E16522154, cid=3015, SUCCESS, logIndex=4544, commits[3cf1264f-5f6b-4138-aeee-2ff7d4522ead:c4544, 4f0d1a15-8f14-4d9a-ad4f-8211e1245b5d:c4540, 6999f20e-c3f7-4db4-87ca-141c476f2a88:c4540]
2019-08-22 07:03:45,503 | INFO  | DNAudit | user=null | ip=null | op=WRITE_CHUNK {blockData=conID: 2 locID: 102659353835143814 bcsId: 0} | ret=SUCCESS |  
2019-08-22 07:03:45,503 | INFO  | DNAudit | user=null | ip=null | op=PUT_BLOCK {blockData=[blockId=conID: 2 locID: 102659353835143814 bcsId: 0,size=1048576]} | ret=SUCCESS |  
2019-08-22 07:03:45,504 | INFO  | DNAudit | user=null | ip=null | op=WRITE_CHUNK {blockData=conID: 2 locID: 102659353835143814 bcsId: 0} | ret=SUCCESS |  
2019-08-22 07:03:45,504 | INFO  | DNAudit | user=null | ip=null | op=PUT_BLOCK {blockData=[blockId=conID: 2 locID: 102659353835143814 bcsId: 0,size=1048576]} | ret=SUCCESS |  
2019-08-22 07:03:45,504 | INFO  | DNAudit | user=null | ip=null | op=WRITE_CHUNK {blockData=conID: 2 locID: 102659353835143814 bcsId: 0} | ret=SUCCESS |  
2019-08-22 07:03:45,505 | INFO  | DNAudit | user=null | ip=null | op=WRITE_CHUNK {blockData=conID: 2 locID: 102659353835143814 bcsId: 0} | ret=SUCCESS |  
2019-08-22 07:03:45,505 | INFO  | DNAudit | user=null | ip=null | op=PUT_BLOCK {blockData=[blockId=conID: 2 locID: 102659353835143814 bcsId: 0,size=2097152]} | ret=SUCCESS |  
2019-08-22 07:03:45,505 | INFO  | DNAudit | user=null | ip=null | op=PUT_BLOCK {blockData=[blockId=conID: 2 locID: 102659353835143814 bcsId: 0,size=2097152]} | ret=SUCCESS |  
2019-08-22 07:03:45,505 [grpc-default-executor-1] INFO  client.GrpcClientProtocolClient (GrpcClientProtocolClient.java:onNext(255)) - client-CF63D631FA17->3cf1264f-5f6b-4138-aeee-2ff7d4522ead: receive RaftClientReply:client-CF63D631FA17->3cf1264f-5f6b-4138-aeee-2ff7d4522ead@group-561E16522154, cid=3016, SUCCESS, logIndex=0, commits[3cf1264f-5f6b-4138-aeee-2ff7d4522ead:c4545, 4f0d1a15-8f14-4d9a-ad4f-8211e1245b5d:c4542, 6999f20e-c3f7-4db4-87ca-141c476f2a88:c4542]
2019-08-22 07:03:45,515 | INFO  | DNAudit | user=null | ip=null | op=WRITE_CHUNK {blockData=conID: 2 locID: 102659353835143814 bcsId: 4544} | ret=SUCCESS |  
2019-08-22 07:03:45,518 | INFO  | DNAudit | user=null | ip=null | op=WRITE_CHUNK {blockData=conID: 2 locID: 102659353835143814 bcsId: 4544} | ret=SUCCESS |  
2019-08-22 07:03:45,519 | INFO  | DNAudit | user=null | ip=null | op=WRITE_CHUNK {blockData=conID: 2 locID: 102659353835143814 bcsId: 4544} | ret=SUCCESS |  
2019-08-22 07:03:45,527 | INFO  | DNAudit | user=null | ip=null | op=WRITE_CHUNK {blockData=conID: 2 locID: 102659353835143814 bcsId: 4544} | ret=SUCCESS |  
2019-08-22 07:03:45,528 | INFO  | DNAudit | user=null | ip=null | op=PUT_BLOCK {blockData=[blockId=conID: 2 locID: 102659353835143814 bcsId: 0,size=3145728]} | ret=SUCCESS |  
2019-08-22 07:03:45,528 [grpc-default-executor-3] INFO  client.GrpcClientProtocolClient (GrpcClientProtocolClient.java:onNext(255)) - client-CF63D631FA17->3cf1264f-5f6b-4138-aeee-2ff7d4522ead: receive RaftClientReply:client-CF63D631FA17->3cf1264f-5f6b-4138-aeee-2ff7d4522ead@group-561E16522154, cid=3017, SUCCESS, logIndex=4549, commits[3cf1264f-5f6b-4138-aeee-2ff7d4522ead:c4550, 4f0d1a15-8f14-4d9a-ad4f-8211e1245b5d:c4548, 6999f20e-c3f7-4db4-87ca-141c476f2a88:c4548]
2019-08-22 07:03:45,529 [grpc-default-executor-3] INFO  client.GrpcClientProtocolClient (GrpcClientProtocolClient.java:onNext(255)) - client-CF63D631FA17->3cf1264f-5f6b-4138-aeee-2ff7d4522ead: receive RaftClientReply:client-CF63D631FA17->3cf1264f-5f6b-4138-aeee-2ff7d4522ead@group-561E16522154, cid=3018, SUCCESS, logIndex=4550, commits[3cf1264f-5f6b-4138-aeee-2ff7d4522ead:c4550, 4f0d1a15-8f14-4d9a-ad4f-8211e1245b5d:c4548, 6999f20e-c3f7-4db4-87ca-141c476f2a88:c4548]
2019-08-22 07:03:45,538 | INFO  | DNAudit | user=null | ip=null | op=WRITE_CHUNK {blockData=conID: 2 locID: 102659353835143814 bcsId: 4550} | ret=SUCCESS |  
2019-08-22 07:03:45,539 | INFO  | DNAudit | user=null | ip=null | op=WRITE_CHUNK {blockData=conID: 2 locID: 102659353835143814 bcsId: 4544} | ret=SUCCESS |  
2019-08-22 07:03:45,539 | INFO  | DNAudit | user=null | ip=null | op=WRITE_CHUNK {blockData=conID: 2 locID: 102659353835143814 bcsId: 4544} | ret=SUCCESS |  
2019-08-22 07:03:45,540 | INFO  | DNAudit | user=null | ip=null | op=WRITE_CHUNK {blockData=conID: 2 locID: 102659353835143814 bcsId: 4550} | ret=SUCCESS |  
2019-08-22 07:03:45,541 | INFO  | DNAudit | user=null | ip=null | op=WRITE_CHUNK {blockData=conID: 2 locID: 102659353835143814 bcsId: 4550} | ret=SUCCESS |  
2019-08-22 07:03:45,542 | INFO  | DNAudit | user=null | ip=null | op=PUT_BLOCK {blockData=[blockId=conID: 2 locID: 102659353835143814 bcsId: 0,size=3145728]} | ret=SUCCESS |  
2019-08-22 07:03:45,543 | INFO  | DNAudit | user=null | ip=null | op=WRITE_CHUNK {blockData=conID: 2 locID: 102659353835143814 bcsId: 4550} | ret=SUCCESS |  
2019-08-22 07:03:45,543 | INFO  | DNAudit | user=null | ip=null | op=PUT_BLOCK {blockData=[blockId=conID: 2 locID: 102659353835143814 bcsId: 0,size=3145728]} | ret=SUCCESS |  
2019-08-22 07:03:45,543 | INFO  | DNAudit | user=null | ip=null | op=PUT_BLOCK {blockData=[blockId=conID: 2 locID: 102659353835143814 bcsId: 0,size=4194304]} | ret=SUCCESS |  
2019-08-22 07:03:45,544 [grpc-default-executor-3] INFO  client.GrpcClientProtocolClient (GrpcClientProtocolClient.java:onNext(255)) - client-CF63D631FA17->3cf1264f-5f6b-4138-aeee-2ff7d4522ead: receive RaftClientReply:client-CF63D631FA17->3cf1264f-5f6b-4138-aeee-2ff7d4522ead@group-561E16522154, cid=3019, SUCCESS, logIndex=4553, commits[3cf1264f-5f6b-4138-aeee-2ff7d4522ead:c4554, 4f0d1a15-8f14-4d9a-ad4f-8211e1245b5d:c4550, 6999f20e-c3f7-4db4-87ca-141c476f2a88:c4549]
2019-08-22 07:03:45,544 [grpc-default-executor-3] INFO  client.GrpcClientProtocolClient (GrpcClientProtocolClient.java:onNext(255)) - client-CF63D631FA17->3cf1264f-5f6b-4138-aeee-2ff7d4522ead: receive RaftClientReply:client-CF63D631FA17->3cf1264f-5f6b-4138-aeee-2ff7d4522ead@group-561E16522154, cid=3020, SUCCESS, logIndex=4554, commits[3cf1264f-5f6b-4138-aeee-2ff7d4522ead:c4554, 4f0d1a15-8f14-4d9a-ad4f-8211e1245b5d:c4550, 6999f20e-c3f7-4db4-87ca-141c476f2a88:c4550]
2019-08-22 07:03:45,545 | INFO  | DNAudit | user=null | ip=null | op=WRITE_CHUNK {blockData=conID: 2 locID: 102659353835143814 bcsId: 4550} | ret=SUCCESS |  
2019-08-22 07:03:45,545 | INFO  | DNAudit | user=null | ip=null | op=WRITE_CHUNK {blockData=conID: 2 locID: 102659353835143814 bcsId: 4550} | ret=SUCCESS |  
2019-08-22 07:03:45,546 | INFO  | DNAudit | user=null | ip=null | op=PUT_BLOCK {blockData=[blockId=conID: 2 locID: 102659353835143814 bcsId: 0,size=4194304]} | ret=SUCCESS |  
2019-08-22 07:03:45,547 | INFO  | DNAudit | user=null | ip=null | op=PUT_BLOCK {blockData=[blockId=conID: 2 locID: 102659353835143814 bcsId: 0,size=4194304]} | ret=SUCCESS |  
2019-08-22 07:03:45,547 [grpc-default-executor-3] INFO  client.GrpcClientProtocolClient (GrpcClientProtocolClient.java:onNext(255)) - client-CF63D631FA17->3cf1264f-5f6b-4138-aeee-2ff7d4522ead: receive RaftClientReply:client-CF63D631FA17->3cf1264f-5f6b-4138-aeee-2ff7d4522ead@group-561E16522154, cid=3021, SUCCESS, logIndex=0, commits[3cf1264f-5f6b-4138-aeee-2ff7d4522ead:c4556, 4f0d1a15-8f14-4d9a-ad4f-8211e1245b5d:c4554, 6999f20e-c3f7-4db4-87ca-141c476f2a88:c4554]
2019-08-22 07:03:45,554 | INFO  | SCMAudit | user=jenkins1000 | ip=192.168.34.31 | op=ALLOCATE_BLOCK {owner=04b6d46a-98e2-41b1-9f38-1870289993ea, size=4194304, type=RATIS, factor=THREE} | ret=SUCCESS |  
2019-08-22 07:03:45,560 | INFO  | OMAudit | user=jenkins1000 | ip=127.0.0.1 | op=ALLOCATE_BLOCK {volume=vol-0-14906, bucket=bucket-0-53153, key=key-0-33222, dataSize=0, replicationType=null, replicationFactor=null, keyLocationInfo=null, clientID=102659352017764754} | ret=SUCCESS |  
2019-08-22 07:03:45,569 | INFO  | DNAudit | user=null | ip=null | op=WRITE_CHUNK {blockData=conID: 3 locID: 102659353841107591 bcsId: 0} | ret=SUCCESS |  
 0.00% |█                                                                                                    |  0/1 Time: 0:00:282019-08-22 07:03:45,944 | INFO  | DNAudit | user=null | ip=null | op=WRITE_CHUNK {blockData=conID: 3 locID: 102659353841107591 bcsId: 0} | ret=SUCCESS |  
2019-08-22 07:03:45,944 | INFO  | DNAudit | user=null | ip=null | op=WRITE_CHUNK {blockData=conID: 3 locID: 102659353841107591 bcsId: 0} | ret=SUCCESS |  
2019-08-22 07:03:45,944 | INFO  | DNAudit | user=null | ip=null | op=WRITE_CHUNK {blockData=conID: 3 locID: 102659353841107591 bcsId: 0} | ret=SUCCESS |  
2019-08-22 07:03:45,944 | INFO  | SCMAudit | user=jenkins1000 | ip=192.168.34.31 | op=SEND_HEARTBEAT {datanodeUUID=6ab6b5dd-7582-43bd-ad39-1af51ca14a47, command=[]} | ret=SUCCESS |  
2019-08-22 07:03:45,944 | INFO  | SCMAudit | user=jenkins1000 | ip=192.168.34.31 | op=SEND_HEARTBEAT {datanodeUUID=f789f48f-f3d7-45ec-9bba-6a89e2bdcc9c, command=[]} | ret=SUCCESS |  
2019-08-22 07:03:45,944 | INFO  | SCMAudit | user=jenkins1000 | ip=192.168.34.31 | op=SEND_HEARTBEAT {datanodeUUID=6999f20e-c3f7-4db4-87ca-141c476f2a88, command=[]} | ret=SUCCESS |  
2019-08-22 07:03:45,944 | INFO  | SCMAudit | user=jenkins1000 | ip=192.168.34.31 | op=SEND_HEARTBEAT {datanodeUUID=3cf1264f-5f6b-4138-aeee-2ff7d4522ead, command=[]} | ret=SUCCESS |  
2019-08-22 07:03:45,947 | INFO  | DNAudit | user=null | ip=null | op=WRITE_CHUNK {blockData=conID: 3 locID: 102659353841107591 bcsId: 0} | ret=SUCCESS |  
2019-08-22 07:03:45,948 | INFO  | DNAudit | user=null | ip=null | op=WRITE_CHUNK {blockData=conID: 3 locID: 102659353841107591 bcsId: 0} | ret=SUCCESS |  
2019-08-22 07:03:45,958 | INFO  | DNAudit | user=null | ip=null | op=WRITE_CHUNK {blockData=conID: 3 locID: 102659353841107591 bcsId: 0} | ret=SUCCESS |  
2019-08-22 07:03:45,958 | INFO  | DNAudit | user=null | ip=null | op=PUT_BLOCK {blockData=[blockId=conID: 3 locID: 102659353841107591 bcsId: 0,size=1048576]} | ret=SUCCESS |  
2019-08-22 07:03:45,959 | INFO  | DNAudit | user=null | ip=null | op=WRITE_CHUNK {blockData=conID: 3 locID: 102659353841107591 bcsId: 0} | ret=SUCCESS |  
2019-08-22 07:03:45,959 [grpc-default-executor-0] INFO  client.GrpcClientProtocolClient (GrpcClientProtocolClient.java:onNext(255)) - client-CF63D631FA17->3cf1264f-5f6b-4138-aeee-2ff7d4522ead: receive RaftClientReply:client-CF63D631FA17->3cf1264f-5f6b-4138-aeee-2ff7d4522ead@group-561E16522154, cid=3022, SUCCESS, logIndex=4557, commits[3cf1264f-5f6b-4138-aeee-2ff7d4522ead:c4560, 4f0d1a15-8f14-4d9a-ad4f-8211e1245b5d:c4556, 6999f20e-c3f7-4db4-87ca-141c476f2a88:c4556]
2019-08-22 07:03:45,959 | INFO  | DNAudit | user=null | ip=null | op=PUT_BLOCK {blockData=[blockId=conID: 3 locID: 102659353841107591 bcsId: 0,size=2097152]} | ret=SUCCESS |  
2019-08-22 07:03:45,960 [grpc-default-executor-0] INFO  client.GrpcClientProtocolClient (GrpcClientProtocolClient.java:onNext(255)) - client-CF63D631FA17->3cf1264f-5f6b-4138-aeee-2ff7d4522ead: receive RaftClientReply:client-CF63D631FA17->3cf1264f-5f6b-4138-aeee-2ff7d4522ead@group-561E16522154, cid=3023, SUCCESS, logIndex=4558, commits[3cf1264f-5f6b-4138-aeee-2ff7d4522ead:c4560, 4f0d1a15-8f14-4d9a-ad4f-8211e1245b5d:c4556, 6999f20e-c3f7-4db4-87ca-141c476f2a88:c4556]
2019-08-22 07:03:45,960 [grpc-default-executor-0] INFO  client.GrpcClientProtocolClient (GrpcClientProtocolClient.java:onNext(255)) - client-CF63D631FA17->3cf1264f-5f6b-4138-aeee-2ff7d4522ead: receive RaftClientReply:client-CF63D631FA17->3cf1264f-5f6b-4138-aeee-2ff7d4522ead@group-561E16522154, cid=3024, SUCCESS, logIndex=4559, commits[3cf1264f-5f6b-4138-aeee-2ff7d4522ead:c4560, 4f0d1a15-8f14-4d9a-ad4f-8211e1245b5d:c4556, 6999f20e-c3f7-4db4-87ca-141c476f2a88:c4556]
2019-08-22 07:03:45,961 [grpc-default-executor-0] INFO  client.GrpcClientProtocolClient (GrpcClientProtocolClient.java:onNext(255)) - client-CF63D631FA17->3cf1264f-5f6b-4138-aeee-2ff7d4522ead: receive RaftClientReply:client-CF63D631FA17->3cf1264f-5f6b-4138-aeee-2ff7d4522ead@group-561E16522154, cid=3025, SUCCESS, logIndex=4560, commits[3cf1264f-5f6b-4138-aeee-2ff7d4522ead:c4560, 4f0d1a15-8f14-4d9a-ad4f-8211e1245b5d:c4556, 6999f20e-c3f7-4db4-87ca-141c476f2a88:c4556]
2019-08-22 07:03:45,969 | INFO  | DNAudit | user=null | ip=null | op=WRITE_CHUNK {blockData=conID: 3 locID: 102659353841107591 bcsId: 0} | ret=SUCCESS |  
2019-08-22 07:03:45,970 | INFO  | DNAudit | user=null | ip=null | op=PUT_BLOCK {blockData=[blockId=conID: 3 locID: 102659353841107591 bcsId: 0,size=1048576]} | ret=SUCCESS |  
2019-08-22 07:03:45,970 | INFO  | DNAudit | user=null | ip=null | op=WRITE_CHUNK {blockData=conID: 3 locID: 102659353841107591 bcsId: 0} | ret=SUCCESS |  
2019-08-22 07:03:45,970 | INFO  | DNAudit | user=null | ip=null | op=PUT_BLOCK {blockData=[blockId=conID: 3 locID: 102659353841107591 bcsId: 0,size=1048576]} | ret=SUCCESS |  
2019-08-22 07:03:45,970 [grpc-default-executor-0] INFO  client.GrpcClientProtocolClient (GrpcClientProtocolClient.java:onNext(255)) - client-CF63D631FA17->3cf1264f-5f6b-4138-aeee-2ff7d4522ead: receive RaftClientReply:client-CF63D631FA17->3cf1264f-5f6b-4138-aeee-2ff7d4522ead@group-561E16522154, cid=3026, SUCCESS, logIndex=0, commits[3cf1264f-5f6b-4138-aeee-2ff7d4522ead:c4561, 4f0d1a15-8f14-4d9a-ad4f-8211e1245b5d:c4558, 6999f20e-c3f7-4db4-87ca-141c476f2a88:c4558]
2019-08-22 07:03:45,971 | INFO  | DNAudit | user=null | ip=null | op=WRITE_CHUNK {blockData=conID: 3 locID: 102659353841107591 bcsId: 0} | ret=SUCCESS |  
2019-08-22 07:03:45,971 | INFO  | DNAudit | user=null | ip=null | op=PUT_BLOCK {blockData=[blockId=conID: 3 locID: 102659353841107591 bcsId: 0,size=2097152]} | ret=SUCCESS |  
2019-08-22 07:03:45,971 | INFO  | DNAudit | user=null | ip=null | op=WRITE_CHUNK {blockData=conID: 3 locID: 102659353841107591 bcsId: 0} | ret=SUCCESS |  
2019-08-22 07:03:45,971 | INFO  | DNAudit | user=null | ip=null | op=PUT_BLOCK {blockData=[blockId=conID: 3 locID: 102659353841107591 bcsId: 0,size=2097152]} | ret=SUCCESS |  
2019-08-22 07:03:45,980 | INFO  | DNAudit | user=null | ip=null | op=WRITE_CHUNK {blockData=conID: 3 locID: 102659353841107591 bcsId: 4560} | ret=SUCCESS |  
2019-08-22 07:03:45,983 | INFO  | DNAudit | user=null | ip=null | op=WRITE_CHUNK {blockData=conID: 3 locID: 102659353841107591 bcsId: 4560} | ret=SUCCESS |  
2019-08-22 07:03:45,985 | INFO  | DNAudit | user=null | ip=null | op=WRITE_CHUNK {blockData=conID: 3 locID: 102659353841107591 bcsId: 4560} | ret=SUCCESS |  
2019-08-22 07:03:45,992 | INFO  | DNAudit | user=null | ip=null | op=WRITE_CHUNK {blockData=conID: 3 locID: 102659353841107591 bcsId: 4560} | ret=SUCCESS |  
2019-08-22 07:03:45,993 | INFO  | DNAudit | user=null | ip=null | op=PUT_BLOCK {blockData=[blockId=conID: 3 locID: 102659353841107591 bcsId: 0,size=3145728]} | ret=SUCCESS |  
2019-08-22 07:03:45,993 [grpc-default-executor-0] INFO  client.GrpcClientProtocolClient (GrpcClientProtocolClient.java:onNext(255)) - client-CF63D631FA17->3cf1264f-5f6b-4138-aeee-2ff7d4522ead: receive RaftClientReply:client-CF63D631FA17->3cf1264f-5f6b-4138-aeee-2ff7d4522ead@group-561E16522154, cid=3027, SUCCESS, logIndex=4565, commits[3cf1264f-5f6b-4138-aeee-2ff7d4522ead:c4566, 4f0d1a15-8f14-4d9a-ad4f-8211e1245b5d:c4564, 6999f20e-c3f7-4db4-87ca-141c476f2a88:c4564]
2019-08-22 07:03:45,994 [grpc-default-executor-0] INFO  client.GrpcClientProtocolClient (GrpcClientProtocolClient.java:onNext(255)) - client-CF63D631FA17->3cf1264f-5f6b-4138-aeee-2ff7d4522ead: receive RaftClientReply:client-CF63D631FA17->3cf1264f-5f6b-4138-aeee-2ff7d4522ead@group-561E16522154, cid=3028, SUCCESS, logIndex=4566, commits[3cf1264f-5f6b-4138-aeee-2ff7d4522ead:c4566, 4f0d1a15-8f14-4d9a-ad4f-8211e1245b5d:c4564, 6999f20e-c3f7-4db4-87ca-141c476f2a88:c4564]
2019-08-22 07:03:46,003 | INFO  | DNAudit | user=null | ip=null | op=WRITE_CHUNK {blockData=conID: 3 locID: 102659353841107591 bcsId: 4566} | ret=SUCCESS |  
2019-08-22 07:03:46,004 | INFO  | DNAudit | user=null | ip=null | op=WRITE_CHUNK {blockData=conID: 3 locID: 102659353841107591 bcsId: 4560} | ret=SUCCESS |  
2019-08-22 07:03:46,004 | INFO  | DNAudit | user=null | ip=null | op=WRITE_CHUNK {blockData=conID: 3 locID: 102659353841107591 bcsId: 4560} | ret=SUCCESS |  
2019-08-22 07:03:46,004 | INFO  | DNAudit | user=null | ip=null | op=PUT_BLOCK {blockData=[blockId=conID: 3 locID: 102659353841107591 bcsId: 0,size=3145728]} | ret=SUCCESS |  
2019-08-22 07:03:46,007 | INFO  | DNAudit | user=null | ip=null | op=WRITE_CHUNK {blockData=conID: 3 locID: 102659353841107591 bcsId: 4566} | ret=SUCCESS |  
2019-08-22 07:03:46,008 | INFO  | DNAudit | user=null | ip=null | op=WRITE_CHUNK {blockData=conID: 3 locID: 102659353841107591 bcsId: 4566} | ret=SUCCESS |  
2019-08-22 07:03:46,008 | INFO  | DNAudit | user=null | ip=null | op=PUT_BLOCK {blockData=[blockId=conID: 3 locID: 102659353841107591 bcsId: 0,size=3145728]} | ret=SUCCESS |  
2019-08-22 07:03:46,020 | INFO  | DNAudit | user=null | ip=null | op=WRITE_CHUNK {blockData=conID: 3 locID: 102659353841107591 bcsId: 4566} | ret=SUCCESS |  
2019-08-22 07:03:46,021 | INFO  | DNAudit | user=null | ip=null | op=PUT_BLOCK {blockData=[blockId=conID: 3 locID: 102659353841107591 bcsId: 0,size=4194304]} | ret=SUCCESS |  
2019-08-22 07:03:46,024 | INFO  | DNAudit | user=null | ip=null | op=WRITE_CHUNK {blockData=conID: 3 locID: 102659353841107591 bcsId: 4566} | ret=SUCCESS |  
2019-08-22 07:03:46,024 | INFO  | DNAudit | user=null | ip=null | op=WRITE_CHUNK {blockData=conID: 3 locID: 102659353841107591 bcsId: 4566} | ret=SUCCESS |  
2019-08-22 07:03:46,023 [grpc-default-executor-3] INFO  client.GrpcClientProtocolClient (GrpcClientProtocolClient.java:onNext(255)) - client-CF63D631FA17->3cf1264f-5f6b-4138-aeee-2ff7d4522ead: receive RaftClientReply:client-CF63D631FA17->3cf1264f-5f6b-4138-aeee-2ff7d4522ead@group-561E16522154, cid=3029, SUCCESS, logIndex=4569, commits[3cf1264f-5f6b-4138-aeee-2ff7d4522ead:c4570, 4f0d1a15-8f14-4d9a-ad4f-8211e1245b5d:c4566, 6999f20e-c3f7-4db4-87ca-141c476f2a88:c4566]
2019-08-22 07:03:46,025 | INFO  | DNAudit | user=null | ip=null | op=PUT_BLOCK {blockData=[blockId=conID: 3 locID: 102659353841107591 bcsId: 0,size=4194304]} | ret=SUCCESS |  
2019-08-22 07:03:46,025 [grpc-default-executor-3] INFO  client.GrpcClientProtocolClient (GrpcClientProtocolClient.java:onNext(255)) - client-CF63D631FA17->3cf1264f-5f6b-4138-aeee-2ff7d4522ead: receive RaftClientReply:client-CF63D631FA17->3cf1264f-5f6b-4138-aeee-2ff7d4522ead@group-561E16522154, cid=3030, SUCCESS, logIndex=4570, commits[3cf1264f-5f6b-4138-aeee-2ff7d4522ead:c4570, 4f0d1a15-8f14-4d9a-ad4f-8211e1245b5d:c4566, 6999f20e-c3f7-4db4-87ca-141c476f2a88:c4566]
2019-08-22 07:03:46,025 | INFO  | DNAudit | user=null | ip=null | op=PUT_BLOCK {blockData=[blockId=conID: 3 locID: 102659353841107591 bcsId: 0,size=4194304]} | ret=SUCCESS |  
2019-08-22 07:03:46,027 [grpc-default-executor-3] INFO  client.GrpcClientProtocolClient (GrpcClientProtocolClient.java:onNext(255)) - client-CF63D631FA17->3cf1264f-5f6b-4138-aeee-2ff7d4522ead: receive RaftClientReply:client-CF63D631FA17->3cf1264f-5f6b-4138-aeee-2ff7d4522ead@group-561E16522154, cid=3031, SUCCESS, logIndex=0, commits[3cf1264f-5f6b-4138-aeee-2ff7d4522ead:c4571, 4f0d1a15-8f14-4d9a-ad4f-8211e1245b5d:c4570, 6999f20e-c3f7-4db4-87ca-141c476f2a88:c4570]
2019-08-22 07:03:46,037 | INFO  | SCMAudit | user=jenkins1000 | ip=192.168.34.31 | op=ALLOCATE_BLOCK {owner=04b6d46a-98e2-41b1-9f38-1870289993ea, size=4194304, type=RATIS, factor=THREE} | ret=SUCCESS |  
2019-08-22 07:03:46,042 | INFO  | OMAudit | user=jenkins1000 | ip=127.0.0.1 | op=ALLOCATE_BLOCK {volume=vol-0-14906, bucket=bucket-0-53153, key=key-0-33222, dataSize=0, replicationType=null, replicationFactor=null, keyLocationInfo=null, clientID=102659352017764754} | ret=SUCCESS |  
2019-08-22 07:03:46,052 | INFO  | DNAudit | user=null | ip=null | op=WRITE_CHUNK {blockData=conID: 1 locID: 102659353872761480 bcsId: 0} | ret=SUCCESS |  
2019-08-22 07:03:46,054 | INFO  | DNAudit | user=null | ip=null | op=WRITE_CHUNK {blockData=conID: 1 locID: 102659353872761480 bcsId: 0} | ret=SUCCESS |  
2019-08-22 07:03:46,055 | INFO  | DNAudit | user=null | ip=null | op=WRITE_CHUNK {blockData=conID: 1 locID: 102659353872761480 bcsId: 0} | ret=SUCCESS |  
2019-08-22 07:03:46,056 | INFO  | DNAudit | user=null | ip=null | op=WRITE_CHUNK {blockData=conID: 1 locID: 102659353872761480 bcsId: 0} | ret=SUCCESS |  
2019-08-22 07:03:46,057 | INFO  | DNAudit | user=null | ip=null | op=WRITE_CHUNK {blockData=conID: 1 locID: 102659353872761480 bcsId: 0} | ret=SUCCESS |  
2019-08-22 07:03:46,058 | INFO  | DNAudit | user=null | ip=null | op=WRITE_CHUNK {blockData=conID: 1 locID: 102659353872761480 bcsId: 0} | ret=SUCCESS |  
2019-08-22 07:03:46,068 | INFO  | DNAudit | user=null | ip=null | op=WRITE_CHUNK {blockData=conID: 1 locID: 102659353872761480 bcsId: 0} | ret=SUCCESS |  
2019-08-22 07:03:46,069 | INFO  | DNAudit | user=null | ip=null | op=PUT_BLOCK {blockData=[blockId=conID: 1 locID: 102659353872761480 bcsId: 0,size=1048576]} | ret=SUCCESS |  
2019-08-22 07:03:46,069 | INFO  | DNAudit | user=null | ip=null | op=WRITE_CHUNK {blockData=conID: 1 locID: 102659353872761480 bcsId: 0} | ret=SUCCESS |  
2019-08-22 07:03:46,069 [grpc-default-executor-0] INFO  client.GrpcClientProtocolClient (GrpcClientProtocolClient.java:onNext(255)) - client-CF63D631FA17->3cf1264f-5f6b-4138-aeee-2ff7d4522ead: receive RaftClientReply:client-CF63D631FA17->3cf1264f-5f6b-4138-aeee-2ff7d4522ead@group-561E16522154, cid=3032, SUCCESS, logIndex=4573, commits[3cf1264f-5f6b-4138-aeee-2ff7d4522ead:c4575, 4f0d1a15-8f14-4d9a-ad4f-8211e1245b5d:c4572, 6999f20e-c3f7-4db4-87ca-141c476f2a88:c4572]
2019-08-22 07:03:46,070 | INFO  | DNAudit | user=null | ip=null | op=PUT_BLOCK {blockData=[blockId=conID: 1 locID: 102659353872761480 bcsId: 0,size=2097152]} | ret=SUCCESS |  
2019-08-22 07:03:46,070 [grpc-default-executor-0] INFO  client.GrpcClientProtocolClient (GrpcClientProtocolClient.java:onNext(255)) - client-CF63D631FA17->3cf1264f-5f6b-4138-aeee-2ff7d4522ead: receive RaftClientReply:client-CF63D631FA17->3cf1264f-5f6b-4138-aeee-2ff7d4522ead@group-561E16522154, cid=3033, SUCCESS, logIndex=4574, commits[3cf1264f-5f6b-4138-aeee-2ff7d4522ead:c4576, 4f0d1a15-8f14-4d9a-ad4f-8211e1245b5d:c4572, 6999f20e-c3f7-4db4-87ca-141c476f2a88:c4572]
2019-08-22 07:03:46,070 [grpc-default-executor-0] INFO  client.GrpcClientProtocolClient (GrpcClientProtocolClient.java:onNext(255)) - client-CF63D631FA17->3cf1264f-5f6b-4138-aeee-2ff7d4522ead: receive RaftClientReply:client-CF63D631FA17->3cf1264f-5f6b-4138-aeee-2ff7d4522ead@group-561E16522154, cid=3034, SUCCESS, logIndex=4575, commits[3cf1264f-5f6b-4138-aeee-2ff7d4522ead:c4576, 4f0d1a15-8f14-4d9a-ad4f-8211e1245b5d:c4572, 6999f20e-c3f7-4db4-87ca-141c476f2a88:c4572]
2019-08-22 07:03:46,070 [grpc-default-executor-0] INFO  client.GrpcClientProtocolClient (GrpcClientProtocolClient.java:onNext(255)) - client-CF63D631FA17->3cf1264f-5f6b-4138-aeee-2ff7d4522ead: receive RaftClientReply:client-CF63D631FA17->3cf1264f-5f6b-4138-aeee-2ff7d4522ead@group-561E16522154, cid=3035, SUCCESS, logIndex=4576, commits[3cf1264f-5f6b-4138-aeee-2ff7d4522ead:c4576, 4f0d1a15-8f14-4d9a-ad4f-8211e1245b5d:c4572, 6999f20e-c3f7-4db4-87ca-141c476f2a88:c4572]
2019-08-22 07:03:46,080 | INFO  | DNAudit | user=null | ip=null | op=WRITE_CHUNK {blockData=conID: 1 locID: 102659353872761480 bcsId: 0} | ret=SUCCESS |  
2019-08-22 07:03:46,080 | INFO  | DNAudit | user=null | ip=null | op=PUT_BLOCK {blockData=[blockId=conID: 1 locID: 102659353872761480 bcsId: 0,size=1048576]} | ret=SUCCESS |  
2019-08-22 07:03:46,080 | INFO  | DNAudit | user=null | ip=null | op=WRITE_CHUNK {blockData=conID: 1 locID: 102659353872761480 bcsId: 0} | ret=SUCCESS |  
2019-08-22 07:03:46,083 | INFO  | DNAudit | user=null | ip=null | op=WRITE_CHUNK {blockData=conID: 1 locID: 102659353872761480 bcsId: 0} | ret=SUCCESS |  
2019-08-22 07:03:46,083 | INFO  | DNAudit | user=null | ip=null | op=PUT_BLOCK {blockData=[blockId=conID: 1 locID: 102659353872761480 bcsId: 0,size=1048576]} | ret=SUCCESS |  
2019-08-22 07:03:46,083 | INFO  | DNAudit | user=null | ip=null | op=PUT_BLOCK {blockData=[blockId=conID: 1 locID: 102659353872761480 bcsId: 0,size=2097152]} | ret=SUCCESS |  
2019-08-22 07:03:46,083 | INFO  | DNAudit | user=null | ip=null | op=WRITE_CHUNK {blockData=conID: 1 locID: 102659353872761480 bcsId: 0} | ret=SUCCESS |  
2019-08-22 07:03:46,084 | INFO  | DNAudit | user=null | ip=null | op=PUT_BLOCK {blockData=[blockId=conID: 1 locID: 102659353872761480 bcsId: 0,size=2097152]} | ret=SUCCESS |  
2019-08-22 07:03:46,084 [grpc-default-executor-3] INFO  client.GrpcClientProtocolClient (GrpcClientProtocolClient.java:onNext(255)) - client-CF63D631FA17->3cf1264f-5f6b-4138-aeee-2ff7d4522ead: receive RaftClientReply:client-CF63D631FA17->3cf1264f-5f6b-4138-aeee-2ff7d4522ead@group-561E16522154, cid=3036, SUCCESS, logIndex=0, commits[3cf1264f-5f6b-4138-aeee-2ff7d4522ead:c4578, 4f0d1a15-8f14-4d9a-ad4f-8211e1245b5d:c4574, 6999f20e-c3f7-4db4-87ca-141c476f2a88:c4575]
2019-08-22 07:03:46,092 | INFO  | DNAudit | user=null | ip=null | op=WRITE_CHUNK {blockData=conID: 1 locID: 102659353872761480 bcsId: 4576} | ret=SUCCESS |  
2019-08-22 07:03:46,095 | INFO  | DNAudit | user=null | ip=null | op=WRITE_CHUNK {blockData=conID: 1 locID: 102659353872761480 bcsId: 4576} | ret=SUCCESS |  
2019-08-22 07:03:46,096 | INFO  | DNAudit | user=null | ip=null | op=WRITE_CHUNK {blockData=conID: 1 locID: 102659353872761480 bcsId: 4576} | ret=SUCCESS |  
2019-08-22 07:03:46,104 | INFO  | DNAudit | user=null | ip=null | op=WRITE_CHUNK {blockData=conID: 1 locID: 102659353872761480 bcsId: 4576} | ret=SUCCESS |  
2019-08-22 07:03:46,105 | INFO  | DNAudit | user=null | ip=null | op=PUT_BLOCK {blockData=[blockId=conID: 1 locID: 102659353872761480 bcsId: 0,size=3145728]} | ret=SUCCESS |  
2019-08-22 07:03:46,105 [grpc-default-executor-0] INFO  client.GrpcClientProtocolClient (GrpcClientProtocolClient.java:onNext(255)) - client-CF63D631FA17->3cf1264f-5f6b-4138-aeee-2ff7d4522ead: receive RaftClientReply:client-CF63D631FA17->3cf1264f-5f6b-4138-aeee-2ff7d4522ead@group-561E16522154, cid=3037, SUCCESS, logIndex=4581, commits[3cf1264f-5f6b-4138-aeee-2ff7d4522ead:c4582, 4f0d1a15-8f14-4d9a-ad4f-8211e1245b5d:c4580, 6999f20e-c3f7-4db4-87ca-141c476f2a88:c4580]
2019-08-22 07:03:46,105 [grpc-default-executor-0] INFO  client.GrpcClientProtocolClient (GrpcClientProtocolClient.java:onNext(255)) - client-CF63D631FA17->3cf1264f-5f6b-4138-aeee-2ff7d4522ead: receive RaftClientReply:client-CF63D631FA17->3cf1264f-5f6b-4138-aeee-2ff7d4522ead@group-561E16522154, cid=3038, SUCCESS, logIndex=4582, commits[3cf1264f-5f6b-4138-aeee-2ff7d4522ead:c4582, 4f0d1a15-8f14-4d9a-ad4f-8211e1245b5d:c4580, 6999f20e-c3f7-4db4-87ca-141c476f2a88:c4580]
2019-08-22 07:03:46,114 | INFO  | DNAudit | user=null | ip=null | op=WRITE_CHUNK {blockData=conID: 1 locID: 102659353872761480 bcsId: 4582} | ret=SUCCESS |  
2019-08-22 07:03:46,116 | INFO  | DNAudit | user=null | ip=null | op=WRITE_CHUNK {blockData=conID: 1 locID: 102659353872761480 bcsId: 4576} | ret=SUCCESS |  
2019-08-22 07:03:46,117 | INFO  | DNAudit | user=null | ip=null | op=WRITE_CHUNK {blockData=conID: 1 locID: 102659353872761480 bcsId: 4576} | ret=SUCCESS |  
2019-08-22 07:03:46,117 | INFO  | DNAudit | user=null | ip=null | op=WRITE_CHUNK {blockData=conID: 1 locID: 102659353872761480 bcsId: 4582} | ret=SUCCESS |  
2019-08-22 07:03:46,117 | INFO  | DNAudit | user=null | ip=null | op=WRITE_CHUNK {blockData=conID: 1 locID: 102659353872761480 bcsId: 4582} | ret=SUCCESS |  
2019-08-22 07:03:46,118 | INFO  | DNAudit | user=null | ip=null | op=PUT_BLOCK {blockData=[blockId=conID: 1 locID: 102659353872761480 bcsId: 0,size=3145728]} | ret=SUCCESS |  
2019-08-22 07:03:46,119 | INFO  | DNAudit | user=null | ip=null | op=WRITE_CHUNK {blockData=conID: 1 locID: 102659353872761480 bcsId: 4582} | ret=SUCCESS |  
2019-08-22 07:03:46,119 | INFO  | DNAudit | user=null | ip=null | op=PUT_BLOCK {blockData=[blockId=conID: 1 locID: 102659353872761480 bcsId: 0,size=3145728]} | ret=SUCCESS |  
2019-08-22 07:03:46,119 | INFO  | DNAudit | user=null | ip=null | op=PUT_BLOCK {blockData=[blockId=conID: 1 locID: 102659353872761480 bcsId: 0,size=4194304]} | ret=SUCCESS |  
2019-08-22 07:03:46,119 [grpc-default-executor-3] INFO  client.GrpcClientProtocolClient (GrpcClientProtocolClient.java:onNext(255)) - client-CF63D631FA17->3cf1264f-5f6b-4138-aeee-2ff7d4522ead: receive RaftClientReply:client-CF63D631FA17->3cf1264f-5f6b-4138-aeee-2ff7d4522ead@group-561E16522154, cid=3039, SUCCESS, logIndex=4585, commits[3cf1264f-5f6b-4138-aeee-2ff7d4522ead:c4586, 4f0d1a15-8f14-4d9a-ad4f-8211e1245b5d:c4581, 6999f20e-c3f7-4db4-87ca-141c476f2a88:c4582]
2019-08-22 07:03:46,120 [grpc-default-executor-3] INFO  client.GrpcClientProtocolClient (GrpcClientProtocolClient.java:onNext(255)) - client-CF63D631FA17->3cf1264f-5f6b-4138-aeee-2ff7d4522ead: receive RaftClientReply:client-CF63D631FA17->3cf1264f-5f6b-4138-aeee-2ff7d4522ead@group-561E16522154, cid=3040, SUCCESS, logIndex=4586, commits[3cf1264f-5f6b-4138-aeee-2ff7d4522ead:c4586, 4f0d1a15-8f14-4d9a-ad4f-8211e1245b5d:c4582, 6999f20e-c3f7-4db4-87ca-141c476f2a88:c4582]
2019-08-22 07:03:46,120 | INFO  | DNAudit | user=null | ip=null | op=WRITE_CHUNK {blockData=conID: 1 locID: 102659353872761480 bcsId: 4582} | ret=SUCCESS |  
2019-08-22 07:03:46,120 | INFO  | DNAudit | user=null | ip=null | op=WRITE_CHUNK {blockData=conID: 1 locID: 102659353872761480 bcsId: 4582} | ret=SUCCESS |  
2019-08-22 07:03:46,122 | INFO  | DNAudit | user=null | ip=null | op=PUT_BLOCK {blockData=[blockId=conID: 1 locID: 102659353872761480 bcsId: 0,size=4194304]} | ret=SUCCESS |  
2019-08-22 07:03:46,122 | INFO  | DNAudit | user=null | ip=null | op=PUT_BLOCK {blockData=[blockId=conID: 1 locID: 102659353872761480 bcsId: 0,size=4194304]} | ret=SUCCESS |  
2019-08-22 07:03:46,123 [grpc-default-executor-0] INFO  client.GrpcClientProtocolClient (GrpcClientProtocolClient.java:onNext(255)) - client-CF63D631FA17->3cf1264f-5f6b-4138-aeee-2ff7d4522ead: receive RaftClientReply:client-CF63D631FA17->3cf1264f-5f6b-4138-aeee-2ff7d4522ead@group-561E16522154, cid=3041, SUCCESS, logIndex=0, commits[3cf1264f-5f6b-4138-aeee-2ff7d4522ead:c4588, 4f0d1a15-8f14-4d9a-ad4f-8211e1245b5d:c4586, 6999f20e-c3f7-4db4-87ca-141c476f2a88:c4586]
2019-08-22 07:03:46,129 | INFO  | SCMAudit | user=jenkins1000 | ip=192.168.34.31 | op=ALLOCATE_BLOCK {owner=04b6d46a-98e2-41b1-9f38-1870289993ea, size=4194304, type=RATIS, factor=THREE} | ret=SUCCESS |  
2019-08-22 07:03:46,132 | INFO  | OMAudit | user=jenkins1000 | ip=127.0.0.1 | op=ALLOCATE_BLOCK {volume=vol-0-14906, bucket=bucket-0-53153, key=key-0-33222, dataSize=0, replicationType=null, replicationFactor=null, keyLocationInfo=null, clientID=102659352017764754} | ret=SUCCESS |  
2019-08-22 07:03:46,136 | INFO  | SCMAudit | user=jenkins1000 | ip=192.168.34.31 | op=SEND_HEARTBEAT {datanodeUUID=4f0d1a15-8f14-4d9a-ad4f-8211e1245b5d, command=[]} | ret=SUCCESS |  
2019-08-22 07:03:46,140 | INFO  | DNAudit | user=null | ip=null | op=WRITE_CHUNK {blockData=conID: 2 locID: 102659353878725257 bcsId: 0} | ret=SUCCESS |  
2019-08-22 07:03:46,142 | INFO  | DNAudit | user=null | ip=null | op=WRITE_CHUNK {blockData=conID: 2 locID: 102659353878725257 bcsId: 0} | ret=SUCCESS |  
2019-08-22 07:03:46,143 | INFO  | DNAudit | user=null | ip=null | op=WRITE_CHUNK {blockData=conID: 2 locID: 102659353878725257 bcsId: 0} | ret=SUCCESS |  
2019-08-22 07:03:46,144 | INFO  | DNAudit | user=null | ip=null | op=WRITE_CHUNK {blockData=conID: 2 locID: 102659353878725257 bcsId: 0} | ret=SUCCESS |  
2019-08-22 07:03:46,145 | INFO  | DNAudit | user=null | ip=null | op=WRITE_CHUNK {blockData=conID: 2 locID: 102659353878725257 bcsId: 0} | ret=SUCCESS |  
2019-08-22 07:03:46,145 | INFO  | DNAudit | user=null | ip=null | op=WRITE_CHUNK {blockData=conID: 2 locID: 102659353878725257 bcsId: 0} | ret=SUCCESS |  
2019-08-22 07:03:46,148 | INFO  | DNAudit | user=null | ip=null | op=WRITE_CHUNK {blockData=conID: 2 locID: 102659353878725257 bcsId: 0} | ret=SUCCESS |  
2019-08-22 07:03:46,149 | INFO  | DNAudit | user=null | ip=null | op=PUT_BLOCK {blockData=[blockId=conID: 2 locID: 102659353878725257 bcsId: 0,size=1048576]} | ret=SUCCESS |  
2019-08-22 07:03:46,149 | INFO  | DNAudit | user=null | ip=null | op=WRITE_CHUNK {blockData=conID: 2 locID: 102659353878725257 bcsId: 0} | ret=SUCCESS |  
2019-08-22 07:03:46,149 [grpc-default-executor-3] INFO  client.GrpcClientProtocolClient (GrpcClientProtocolClient.java:onNext(255)) - client-CF63D631FA17->3cf1264f-5f6b-4138-aeee-2ff7d4522ead: receive RaftClientReply:client-CF63D631FA17->3cf1264f-5f6b-4138-aeee-2ff7d4522ead@group-561E16522154, cid=3042, SUCCESS, logIndex=4589, commits[3cf1264f-5f6b-4138-aeee-2ff7d4522ead:c4591, 4f0d1a15-8f14-4d9a-ad4f-8211e1245b5d:c4588, 6999f20e-c3f7-4db4-87ca-141c476f2a88:c4588]
2019-08-22 07:03:46,150 | INFO  | DNAudit | user=null | ip=null | op=PUT_BLOCK {blockData=[blockId=conID: 2 locID: 102659353878725257 bcsId: 0,size=2097152]} | ret=SUCCESS |  
2019-08-22 07:03:46,150 | INFO  | DNAudit | user=null | ip=null | op=WRITE_CHUNK {blockData=conID: 2 locID: 102659353878725257 bcsId: 0} | ret=SUCCESS |  
2019-08-22 07:03:46,150 [grpc-default-executor-3] INFO  client.GrpcClientProtocolClient (GrpcClientProtocolClient.java:onNext(255)) - client-CF63D631FA17->3cf1264f-5f6b-4138-aeee-2ff7d4522ead: receive RaftClientReply:client-CF63D631FA17->3cf1264f-5f6b-4138-aeee-2ff7d4522ead@group-561E16522154, cid=3043, SUCCESS, logIndex=4590, commits[3cf1264f-5f6b-4138-aeee-2ff7d4522ead:c4591, 4f0d1a15-8f14-4d9a-ad4f-8211e1245b5d:c4588, 6999f20e-c3f7-4db4-87ca-141c476f2a88:c4588]
2019-08-22 07:03:46,150 [grpc-default-executor-3] INFO  client.GrpcClientProtocolClient (GrpcClientProtocolClient.java:onNext(255)) - client-CF63D631FA17->3cf1264f-5f6b-4138-aeee-2ff7d4522ead: receive RaftClientReply:client-CF63D631FA17->3cf1264f-5f6b-4138-aeee-2ff7d4522ead@group-561E16522154, cid=3044, SUCCESS, logIndex=4591, commits[3cf1264f-5f6b-4138-aeee-2ff7d4522ead:c4592, 4f0d1a15-8f14-4d9a-ad4f-8211e1245b5d:c4588, 6999f20e-c3f7-4db4-87ca-141c476f2a88:c4588]
2019-08-22 07:03:46,150 [grpc-default-executor-3] INFO  client.GrpcClientProtocolClient (GrpcClientProtocolClient.java:onNext(255)) - client-CF63D631FA17->3cf1264f-5f6b-4138-aeee-2ff7d4522ead: receive RaftClientReply:client-CF63D631FA17->3cf1264f-5f6b-4138-aeee-2ff7d4522ead@group-561E16522154, cid=3045, SUCCESS, logIndex=4592, commits[3cf1264f-5f6b-4138-aeee-2ff7d4522ead:c4592, 4f0d1a15-8f14-4d9a-ad4f-8211e1245b5d:c4588, 6999f20e-c3f7-4db4-87ca-141c476f2a88:c4588]
2019-08-22 07:03:46,152 | INFO  | DNAudit | user=null | ip=null | op=WRITE_CHUNK {blockData=conID: 2 locID: 102659353878725257 bcsId: 0} | ret=SUCCESS |  
2019-08-22 07:03:46,152 | INFO  | DNAudit | user=null | ip=null | op=PUT_BLOCK {blockData=[blockId=conID: 2 locID: 102659353878725257 bcsId: 0,size=1048576]} | ret=SUCCESS |  
2019-08-22 07:03:46,152 | INFO  | DNAudit | user=null | ip=null | op=WRITE_CHUNK {blockData=conID: 2 locID: 102659353878725257 bcsId: 0} | ret=SUCCESS |  
2019-08-22 07:03:46,153 | INFO  | DNAudit | user=null | ip=null | op=PUT_BLOCK {blockData=[blockId=conID: 2 locID: 102659353878725257 bcsId: 0,size=1048576]} | ret=SUCCESS |  
2019-08-22 07:03:46,153 | INFO  | DNAudit | user=null | ip=null | op=WRITE_CHUNK {blockData=conID: 2 locID: 102659353878725257 bcsId: 0} | ret=SUCCESS |  
2019-08-22 07:03:46,153 | INFO  | DNAudit | user=null | ip=null | op=PUT_BLOCK {blockData=[blockId=conID: 2 locID: 102659353878725257 bcsId: 0,size=2097152]} | ret=SUCCESS |  
2019-08-22 07:03:46,154 [grpc-default-executor-3] INFO  client.GrpcClientProtocolClient (GrpcClientProtocolClient.java:onNext(255)) - client-CF63D631FA17->3cf1264f-5f6b-4138-aeee-2ff7d4522ead: receive RaftClientReply:client-CF63D631FA17->3cf1264f-5f6b-4138-aeee-2ff7d4522ead@group-561E16522154, cid=3046, SUCCESS, logIndex=0, commits[3cf1264f-5f6b-4138-aeee-2ff7d4522ead:c4595, 4f0d1a15-8f14-4d9a-ad4f-8211e1245b5d:c4590, 6999f20e-c3f7-4db4-87ca-141c476f2a88:c4591]
2019-08-22 07:03:46,154 | INFO  | DNAudit | user=null | ip=null | op=PUT_BLOCK {blockData=[blockId=conID: 2 locID: 102659353878725257 bcsId: 0,size=2097152]} | ret=SUCCESS |  
2019-08-22 07:03:46,160 | INFO  | DNAudit | user=null | ip=null | op=WRITE_CHUNK {blockData=conID: 2 locID: 102659353878725257 bcsId: 4592} | ret=SUCCESS |  
2019-08-22 07:03:46,164 | INFO  | DNAudit | user=null | ip=null | op=WRITE_CHUNK {blockData=conID: 2 locID: 102659353878725257 bcsId: 4592} | ret=SUCCESS |  
2019-08-22 07:03:46,165 | INFO  | DNAudit | user=null | ip=null | op=WRITE_CHUNK {blockData=conID: 2 locID: 102659353878725257 bcsId: 4592} | ret=SUCCESS |  
2019-08-22 07:03:46,167 | INFO  | DNAudit | user=null | ip=null | op=WRITE_CHUNK {blockData=conID: 2 locID: 102659353878725257 bcsId: 4592} | ret=SUCCESS |  
2019-08-22 07:03:46,167 | INFO  | DNAudit | user=null | ip=null | op=PUT_BLOCK {blockData=[blockId=conID: 2 locID: 102659353878725257 bcsId: 0,size=3145728]} | ret=SUCCESS |  
2019-08-22 07:03:46,167 [grpc-default-executor-0] INFO  client.GrpcClientProtocolClient (GrpcClientProtocolClient.java:onNext(255)) - client-CF63D631FA17->3cf1264f-5f6b-4138-aeee-2ff7d4522ead: receive RaftClientReply:client-CF63D631FA17->3cf1264f-5f6b-4138-aeee-2ff7d4522ead@group-561E16522154, cid=3047, SUCCESS, logIndex=4597, commits[3cf1264f-5f6b-4138-aeee-2ff7d4522ead:c4598, 4f0d1a15-8f14-4d9a-ad4f-8211e1245b5d:c4596, 6999f20e-c3f7-4db4-87ca-141c476f2a88:c4596]
2019-08-22 07:03:46,168 [grpc-default-executor-0] INFO  client.GrpcClientProtocolClient (GrpcClientProtocolClient.java:onNext(255)) - client-CF63D631FA17->3cf1264f-5f6b-4138-aeee-2ff7d4522ead: receive RaftClientReply:client-CF63D631FA17->3cf1264f-5f6b-4138-aeee-2ff7d4522ead@group-561E16522154, cid=3048, SUCCESS, logIndex=4598, commits[3cf1264f-5f6b-4138-aeee-2ff7d4522ead:c4598, 4f0d1a15-8f14-4d9a-ad4f-8211e1245b5d:c4596, 6999f20e-c3f7-4db4-87ca-141c476f2a88:c4596]
2019-08-22 07:03:46,168 | INFO  | DNAudit | user=null | ip=null | op=WRITE_CHUNK {blockData=conID: 2 locID: 102659353878725257 bcsId: 4592} | ret=SUCCESS |  
2019-08-22 07:03:46,168 | INFO  | DNAudit | user=null | ip=null | op=WRITE_CHUNK {blockData=conID: 2 locID: 102659353878725257 bcsId: 4592} | ret=SUCCESS |  
2019-08-22 07:03:46,168 | INFO  | DNAudit | user=null | ip=null | op=PUT_BLOCK {blockData=[blockId=conID: 2 locID: 102659353878725257 bcsId: 0,size=3145728]} | ret=SUCCESS |  
2019-08-22 07:03:46,170 | INFO  | DNAudit | user=null | ip=null | op=PUT_BLOCK {blockData=[blockId=conID: 2 locID: 102659353878725257 bcsId: 0,size=3145728]} | ret=SUCCESS |  
2019-08-22 07:03:46,174 | INFO  | DNAudit | user=null | ip=null | op=WRITE_CHUNK {blockData=conID: 2 locID: 102659353878725257 bcsId: 4598} | ret=SUCCESS |  
2019-08-22 07:03:46,177 | INFO  | DNAudit | user=null | ip=null | op=WRITE_CHUNK {blockData=conID: 2 locID: 102659353878725257 bcsId: 4598} | ret=SUCCESS |  
2019-08-22 07:03:46,177 | INFO  | DNAudit | user=null | ip=null | op=WRITE_CHUNK {blockData=conID: 2 locID: 102659353878725257 bcsId: 4598} | ret=SUCCESS |  
2019-08-22 07:03:46,179 | INFO  | DNAudit | user=null | ip=null | op=WRITE_CHUNK {blockData=conID: 2 locID: 102659353878725257 bcsId: 4598} | ret=SUCCESS |  
2019-08-22 07:03:46,180 | INFO  | DNAudit | user=null | ip=null | op=PUT_BLOCK {blockData=[blockId=conID: 2 locID: 102659353878725257 bcsId: 0,size=4194304]} | ret=SUCCESS |  
2019-08-22 07:03:46,180 [grpc-default-executor-0] INFO  client.GrpcClientProtocolClient (GrpcClientProtocolClient.java:onNext(255)) - client-CF63D631FA17->3cf1264f-5f6b-4138-aeee-2ff7d4522ead: receive RaftClientReply:client-CF63D631FA17->3cf1264f-5f6b-4138-aeee-2ff7d4522ead@group-561E16522154, cid=3049, SUCCESS, logIndex=4601, commits[3cf1264f-5f6b-4138-aeee-2ff7d4522ead:c4602, 4f0d1a15-8f14-4d9a-ad4f-8211e1245b5d:c4600, 6999f20e-c3f7-4db4-87ca-141c476f2a88:c4600]
2019-08-22 07:03:46,181 [grpc-default-executor-0] INFO  client.GrpcClientProtocolClient (GrpcClientProtocolClient.java:onNext(255)) - client-CF63D631FA17->3cf1264f-5f6b-4138-aeee-2ff7d4522ead: receive RaftClientReply:client-CF63D631FA17->3cf1264f-5f6b-4138-aeee-2ff7d4522ead@group-561E16522154, cid=3050, SUCCESS, logIndex=4602, commits[3cf1264f-5f6b-4138-aeee-2ff7d4522ead:c4602, 4f0d1a15-8f14-4d9a-ad4f-8211e1245b5d:c4600, 6999f20e-c3f7-4db4-87ca-141c476f2a88:c4600]
2019-08-22 07:03:46,181 | INFO  | DNAudit | user=null | ip=null | op=WRITE_CHUNK {blockData=conID: 2 locID: 102659353878725257 bcsId: 4598} | ret=SUCCESS |  
2019-08-22 07:03:46,181 | INFO  | DNAudit | user=null | ip=null | op=WRITE_CHUNK {blockData=conID: 2 locID: 102659353878725257 bcsId: 4598} | ret=SUCCESS |  
2019-08-22 07:03:46,181 | INFO  | DNAudit | user=null | ip=null | op=PUT_BLOCK {blockData=[blockId=conID: 2 locID: 102659353878725257 bcsId: 0,size=4194304]} | ret=SUCCESS |  
2019-08-22 07:03:46,181 | INFO  | DNAudit | user=null | ip=null | op=PUT_BLOCK {blockData=[blockId=conID: 2 locID: 102659353878725257 bcsId: 0,size=4194304]} | ret=SUCCESS |  
2019-08-22 07:03:46,182 [grpc-default-executor-0] INFO  client.GrpcClientProtocolClient (GrpcClientProtocolClient.java:onNext(255)) - client-CF63D631FA17->3cf1264f-5f6b-4138-aeee-2ff7d4522ead: receive RaftClientReply:client-CF63D631FA17->3cf1264f-5f6b-4138-aeee-2ff7d4522ead@group-561E16522154, cid=3051, SUCCESS, logIndex=0, commits[3cf1264f-5f6b-4138-aeee-2ff7d4522ead:c4603, 4f0d1a15-8f14-4d9a-ad4f-8211e1245b5d:c4602, 6999f20e-c3f7-4db4-87ca-141c476f2a88:c4602]
2019-08-22 07:03:46,188 | INFO  | SCMAudit | user=jenkins1000 | ip=192.168.34.31 | op=ALLOCATE_BLOCK {owner=04b6d46a-98e2-41b1-9f38-1870289993ea, size=4194304, type=RATIS, factor=THREE} | ret=SUCCESS |  
2019-08-22 07:03:46,192 | INFO  | OMAudit | user=jenkins1000 | ip=127.0.0.1 | op=ALLOCATE_BLOCK {volume=vol-0-14906, bucket=bucket-0-53153, key=key-0-33222, dataSize=0, replicationType=null, replicationFactor=null, keyLocationInfo=null, clientID=102659352017764754} | ret=SUCCESS |  
2019-08-22 07:03:46,200 | INFO  | DNAudit | user=null | ip=null | op=WRITE_CHUNK {blockData=conID: 3 locID: 102659353882657418 bcsId: 0} | ret=SUCCESS |  
2019-08-22 07:03:46,201 | INFO  | DNAudit | user=null | ip=null | op=WRITE_CHUNK {blockData=conID: 3 locID: 102659353882657418 bcsId: 0} | ret=SUCCESS |  
2019-08-22 07:03:46,203 | INFO  | DNAudit | user=null | ip=null | op=WRITE_CHUNK {blockData=conID: 3 locID: 102659353882657418 bcsId: 0} | ret=SUCCESS |  
2019-08-22 07:03:46,204 | INFO  | DNAudit | user=null | ip=null | op=WRITE_CHUNK {blockData=conID: 3 locID: 102659353882657418 bcsId: 0} | ret=SUCCESS |  
2019-08-22 07:03:46,205 | INFO  | DNAudit | user=null | ip=null | op=WRITE_CHUNK {blockData=conID: 3 locID: 102659353882657418 bcsId: 0} | ret=SUCCESS |  
2019-08-22 07:03:46,206 | INFO  | DNAudit | user=null | ip=null | op=WRITE_CHUNK {blockData=conID: 3 locID: 102659353882657418 bcsId: 0} | ret=SUCCESS |  
2019-08-22 07:03:46,207 | INFO  | DNAudit | user=null | ip=null | op=WRITE_CHUNK {blockData=conID: 3 locID: 102659353882657418 bcsId: 0} | ret=SUCCESS |  
2019-08-22 07:03:46,208 | INFO  | DNAudit | user=null | ip=null | op=PUT_BLOCK {blockData=[blockId=conID: 3 locID: 102659353882657418 bcsId: 0,size=1048576]} | ret=SUCCESS |  
2019-08-22 07:03:46,208 | INFO  | DNAudit | user=null | ip=null | op=WRITE_CHUNK {blockData=conID: 3 locID: 102659353882657418 bcsId: 0} | ret=SUCCESS |  
2019-08-22 07:03:46,208 [grpc-default-executor-3] INFO  client.GrpcClientProtocolClient (GrpcClientProtocolClient.java:onNext(255)) - client-CF63D631FA17->3cf1264f-5f6b-4138-aeee-2ff7d4522ead: receive RaftClientReply:client-CF63D631FA17->3cf1264f-5f6b-4138-aeee-2ff7d4522ead@group-561E16522154, cid=3052, SUCCESS, logIndex=4605, commits[3cf1264f-5f6b-4138-aeee-2ff7d4522ead:c4608, 4f0d1a15-8f14-4d9a-ad4f-8211e1245b5d:c4604, 6999f20e-c3f7-4db4-87ca-141c476f2a88:c4604]
2019-08-22 07:03:46,208 | INFO  | DNAudit | user=null | ip=null | op=PUT_BLOCK {blockData=[blockId=conID: 3 locID: 102659353882657418 bcsId: 0,size=2097152]} | ret=SUCCESS |  
2019-08-22 07:03:46,209 [grpc-default-executor-3] INFO  client.GrpcClientProtocolClient (GrpcClientProtocolClient.java:onNext(255)) - client-CF63D631FA17->3cf1264f-5f6b-4138-aeee-2ff7d4522ead: receive RaftClientReply:client-CF63D631FA17->3cf1264f-5f6b-4138-aeee-2ff7d4522ead@group-561E16522154, cid=3053, SUCCESS, logIndex=4606, commits[3cf1264f-5f6b-4138-aeee-2ff7d4522ead:c4608, 4f0d1a15-8f14-4d9a-ad4f-8211e1245b5d:c4604, 6999f20e-c3f7-4db4-87ca-141c476f2a88:c4604]
2019-08-22 07:03:46,209 [grpc-default-executor-3] INFO  client.GrpcClientProtocolClient (GrpcClientProtocolClient.java:onNext(255)) - client-CF63D631FA17->3cf1264f-5f6b-4138-aeee-2ff7d4522ead: receive RaftClientReply:client-CF63D631FA17->3cf1264f-5f6b-4138-aeee-2ff7d4522ead@group-561E16522154, cid=3054, SUCCESS, logIndex=4607, commits[3cf1264f-5f6b-4138-aeee-2ff7d4522ead:c4608, 4f0d1a15-8f14-4d9a-ad4f-8211e1245b5d:c4604, 6999f20e-c3f7-4db4-87ca-141c476f2a88:c4604]
2019-08-22 07:03:46,209 [grpc-default-executor-3] INFO  client.GrpcClientProtocolClient (GrpcClientProtocolClient.java:onNext(255)) - client-CF63D631FA17->3cf1264f-5f6b-4138-aeee-2ff7d4522ead: receive RaftClientReply:client-CF63D631FA17->3cf1264f-5f6b-4138-aeee-2ff7d4522ead@group-561E16522154, cid=3055, SUCCESS, logIndex=4608, commits[3cf1264f-5f6b-4138-aeee-2ff7d4522ead:c4608, 4f0d1a15-8f14-4d9a-ad4f-8211e1245b5d:c4604, 6999f20e-c3f7-4db4-87ca-141c476f2a88:c4604]
2019-08-22 07:03:46,210 | INFO  | DNAudit | user=null | ip=null | op=WRITE_CHUNK {blockData=conID: 3 locID: 102659353882657418 bcsId: 0} | ret=SUCCESS |  
2019-08-22 07:03:46,211 | INFO  | DNAudit | user=null | ip=null | op=PUT_BLOCK {blockData=[blockId=conID: 3 locID: 102659353882657418 bcsId: 0,size=1048576]} | ret=SUCCESS |  
2019-08-22 07:03:46,211 | INFO  | DNAudit | user=null | ip=null | op=WRITE_CHUNK {blockData=conID: 3 locID: 102659353882657418 bcsId: 0} | ret=SUCCESS |  
2019-08-22 07:03:46,214 | INFO  | DNAudit | user=null | ip=null | op=WRITE_CHUNK {blockData=conID: 3 locID: 102659353882657418 bcsId: 0} | ret=SUCCESS |  
2019-08-22 07:03:46,215 | INFO  | DNAudit | user=null | ip=null | op=PUT_BLOCK {blockData=[blockId=conID: 3 locID: 102659353882657418 bcsId: 0,size=1048576]} | ret=SUCCESS |  
2019-08-22 07:03:46,215 | INFO  | DNAudit | user=null | ip=null | op=PUT_BLOCK {blockData=[blockId=conID: 3 locID: 102659353882657418 bcsId: 0,size=2097152]} | ret=SUCCESS |  
2019-08-22 07:03:46,215 | INFO  | DNAudit | user=null | ip=null | op=WRITE_CHUNK {blockData=conID: 3 locID: 102659353882657418 bcsId: 0} | ret=SUCCESS |  
2019-08-22 07:03:46,215 | INFO  | DNAudit | user=null | ip=null | op=PUT_BLOCK {blockData=[blockId=conID: 3 locID: 102659353882657418 bcsId: 0,size=2097152]} | ret=SUCCESS |  
2019-08-22 07:03:46,216 [grpc-default-executor-3] INFO  client.GrpcClientProtocolClient (GrpcClientProtocolClient.java:onNext(255)) - client-CF63D631FA17->3cf1264f-5f6b-4138-aeee-2ff7d4522ead: receive RaftClientReply:client-CF63D631FA17->3cf1264f-5f6b-4138-aeee-2ff7d4522ead@group-561E16522154, cid=3056, SUCCESS, logIndex=0, commits[3cf1264f-5f6b-4138-aeee-2ff7d4522ead:c4609, 4f0d1a15-8f14-4d9a-ad4f-8211e1245b5d:c4607, 6999f20e-c3f7-4db4-87ca-141c476f2a88:c4608]
2019-08-22 07:03:46,224 | INFO  | DNAudit | user=null | ip=null | op=WRITE_CHUNK {blockData=conID: 3 locID: 102659353882657418 bcsId: 4608} | ret=SUCCESS |  
2019-08-22 07:03:46,227 | INFO  | DNAudit | user=null | ip=null | op=WRITE_CHUNK {blockData=conID: 3 locID: 102659353882657418 bcsId: 4608} | ret=SUCCESS |  
2019-08-22 07:03:46,228 | INFO  | DNAudit | user=null | ip=null | op=WRITE_CHUNK {blockData=conID: 3 locID: 102659353882657418 bcsId: 4608} | ret=SUCCESS |  
2019-08-22 07:03:46,249 | INFO  | DNAudit | user=null | ip=null | op=WRITE_CHUNK {blockData=conID: 3 locID: 102659353882657418 bcsId: 4608} | ret=SUCCESS |  
2019-08-22 07:03:46,250 | INFO  | DNAudit | user=null | ip=null | op=PUT_BLOCK {blockData=[blockId=conID: 3 locID: 102659353882657418 bcsId: 0,size=3145728]} | ret=SUCCESS |  
2019-08-22 07:03:46,250 [grpc-default-executor-3] INFO  client.GrpcClientProtocolClient (GrpcClientProtocolClient.java:onNext(255)) - client-CF63D631FA17->3cf1264f-5f6b-4138-aeee-2ff7d4522ead: receive RaftClientReply:client-CF63D631FA17->3cf1264f-5f6b-4138-aeee-2ff7d4522ead@group-561E16522154, cid=3057, SUCCESS, logIndex=4613, commits[3cf1264f-5f6b-4138-aeee-2ff7d4522ead:c4614, 4f0d1a15-8f14-4d9a-ad4f-8211e1245b5d:c4612, 6999f20e-c3f7-4db4-87ca-141c476f2a88:c4608]
2019-08-22 07:03:46,251 [grpc-default-executor-3] INFO  client.GrpcClientProtocolClient (GrpcClientProtocolClient.java:onNext(255)) - client-CF63D631FA17->3cf1264f-5f6b-4138-aeee-2ff7d4522ead: receive RaftClientReply:client-CF63D631FA17->3cf1264f-5f6b-4138-aeee-2ff7d4522ead@group-561E16522154, cid=3058, SUCCESS, logIndex=4614, commits[3cf1264f-5f6b-4138-aeee-2ff7d4522ead:c4614, 4f0d1a15-8f14-4d9a-ad4f-8211e1245b5d:c4612, 6999f20e-c3f7-4db4-87ca-141c476f2a88:c4608]
2019-08-22 07:03:46,251 | INFO  | DNAudit | user=null | ip=null | op=WRITE_CHUNK {blockData=conID: 3 locID: 102659353882657418 bcsId: 4608} | ret=SUCCESS |  
2019-08-22 07:03:46,252 | INFO  | DNAudit | user=null | ip=null | op=WRITE_CHUNK {blockData=conID: 3 locID: 102659353882657418 bcsId: 4608} | ret=SUCCESS |  
2019-08-22 07:03:46,252 | INFO  | DNAudit | user=null | ip=null | op=PUT_BLOCK {blockData=[blockId=conID: 3 locID: 102659353882657418 bcsId: 0,size=3145728]} | ret=SUCCESS |  
2019-08-22 07:03:46,252 | INFO  | DNAudit | user=null | ip=null | op=PUT_BLOCK {blockData=[blockId=conID: 3 locID: 102659353882657418 bcsId: 0,size=3145728]} | ret=SUCCESS |  
2019-08-22 07:03:46,261 | INFO  | DNAudit | user=null | ip=null | op=WRITE_CHUNK {blockData=conID: 3 locID: 102659353882657418 bcsId: 4614} | ret=SUCCESS |  
2019-08-22 07:03:46,263 | INFO  | DNAudit | user=null | ip=null | op=WRITE_CHUNK {blockData=conID: 3 locID: 102659353882657418 bcsId: 4614} | ret=SUCCESS |  
2019-08-22 07:03:46,263 | INFO  | DNAudit | user=null | ip=null | op=WRITE_CHUNK {blockData=conID: 3 locID: 102659353882657418 bcsId: 4614} | ret=SUCCESS |  
2019-08-22 07:03:46,275 | INFO  | DNAudit | user=null | ip=null | op=WRITE_CHUNK {blockData=conID: 3 locID: 102659353882657418 bcsId: 4614} | ret=SUCCESS |  
2019-08-22 07:03:46,275 | INFO  | DNAudit | user=null | ip=null | op=PUT_BLOCK {blockData=[blockId=conID: 3 locID: 102659353882657418 bcsId: 0,size=4194304]} | ret=SUCCESS |  
2019-08-22 07:03:46,275 [grpc-default-executor-0] INFO  client.GrpcClientProtocolClient (GrpcClientProtocolClient.java:onNext(255)) - client-CF63D631FA17->3cf1264f-5f6b-4138-aeee-2ff7d4522ead: receive RaftClientReply:client-CF63D631FA17->3cf1264f-5f6b-4138-aeee-2ff7d4522ead@group-561E16522154, cid=3059, SUCCESS, logIndex=4616, commits[3cf1264f-5f6b-4138-aeee-2ff7d4522ead:c4617, 4f0d1a15-8f14-4d9a-ad4f-8211e1245b5d:c4615, 6999f20e-c3f7-4db4-87ca-141c476f2a88:c4615]
2019-08-22 07:03:46,276 [grpc-default-executor-0] INFO  client.GrpcClientProtocolClient (GrpcClientProtocolClient.java:onNext(255)) - client-CF63D631FA17->3cf1264f-5f6b-4138-aeee-2ff7d4522ead: receive RaftClientReply:client-CF63D631FA17->3cf1264f-5f6b-4138-aeee-2ff7d4522ead@group-561E16522154, cid=3060, SUCCESS, logIndex=4617, commits[3cf1264f-5f6b-4138-aeee-2ff7d4522ead:c4617, 4f0d1a15-8f14-4d9a-ad4f-8211e1245b5d:c4615, 6999f20e-c3f7-4db4-87ca-141c476f2a88:c4615]
2019-08-22 07:03:46,286 | INFO  | DNAudit | user=null | ip=null | op=WRITE_CHUNK {blockData=conID: 3 locID: 102659353882657418 bcsId: 4614} | ret=SUCCESS |  
2019-08-22 07:03:46,286 | INFO  | DNAudit | user=null | ip=null | op=WRITE_CHUNK {blockData=conID: 3 locID: 102659353882657418 bcsId: 4614} | ret=SUCCESS |  
2019-08-22 07:03:46,289 | INFO  | DNAudit | user=null | ip=null | op=PUT_BLOCK {blockData=[blockId=conID: 3 locID: 102659353882657418 bcsId: 0,size=4194304]} | ret=SUCCESS |  
2019-08-22 07:03:46,289 | INFO  | DNAudit | user=null | ip=null | op=PUT_BLOCK {blockData=[blockId=conID: 3 locID: 102659353882657418 bcsId: 0,size=4194304]} | ret=SUCCESS |  
2019-08-22 07:03:46,290 [grpc-default-executor-0] INFO  client.GrpcClientProtocolClient (GrpcClientProtocolClient.java:onNext(255)) - client-CF63D631FA17->3cf1264f-5f6b-4138-aeee-2ff7d4522ead: receive RaftClientReply:client-CF63D631FA17->3cf1264f-5f6b-4138-aeee-2ff7d4522ead@group-561E16522154, cid=3061, SUCCESS, logIndex=0, commits[3cf1264f-5f6b-4138-aeee-2ff7d4522ead:c4619, 4f0d1a15-8f14-4d9a-ad4f-8211e1245b5d:c4617, 6999f20e-c3f7-4db4-87ca-141c476f2a88:c4617]
2019-08-22 07:03:46,295 | INFO  | SCMAudit | user=jenkins1000 | ip=192.168.34.31 | op=ALLOCATE_BLOCK {owner=04b6d46a-98e2-41b1-9f38-1870289993ea, size=4194304, type=RATIS, factor=THREE} | ret=SUCCESS |  
2019-08-22 07:03:46,298 | INFO  | OMAudit | user=jenkins1000 | ip=127.0.0.1 | op=ALLOCATE_BLOCK {volume=vol-0-14906, bucket=bucket-0-53153, key=key-0-33222, dataSize=0, replicationType=null, replicationFactor=null, keyLocationInfo=null, clientID=102659352017764754} | ret=SUCCESS |  
2019-08-22 07:03:46,306 | INFO  | DNAudit | user=null | ip=null | op=WRITE_CHUNK {blockData=conID: 1 locID: 102659353889669771 bcsId: 0} | ret=SUCCESS |  
2019-08-22 07:03:46,309 | INFO  | DNAudit | user=null | ip=null | op=WRITE_CHUNK {blockData=conID: 1 locID: 102659353889669771 bcsId: 0} | ret=SUCCESS |  
2019-08-22 07:03:46,309 | INFO  | DNAudit | user=null | ip=null | op=WRITE_CHUNK {blockData=conID: 1 locID: 102659353889669771 bcsId: 0} | ret=SUCCESS |  
2019-08-22 07:03:46,309 | INFO  | DNAudit | user=null | ip=null | op=WRITE_CHUNK {blockData=conID: 1 locID: 102659353889669771 bcsId: 0} | ret=SUCCESS |  
2019-08-22 07:03:46,312 | INFO  | DNAudit | user=null | ip=null | op=WRITE_CHUNK {blockData=conID: 1 locID: 102659353889669771 bcsId: 0} | ret=SUCCESS |  
2019-08-22 07:03:46,312 | INFO  | DNAudit | user=null | ip=null | op=WRITE_CHUNK {blockData=conID: 1 locID: 102659353889669771 bcsId: 0} | ret=SUCCESS |  
2019-08-22 07:03:46,319 | INFO  | DNAudit | user=null | ip=null | op=WRITE_CHUNK {blockData=conID: 1 locID: 102659353889669771 bcsId: 0} | ret=SUCCESS |  
2019-08-22 07:03:46,320 | INFO  | DNAudit | user=null | ip=null | op=PUT_BLOCK {blockData=[blockId=conID: 1 locID: 102659353889669771 bcsId: 0,size=1048576]} | ret=SUCCESS |  
2019-08-22 07:03:46,320 | INFO  | DNAudit | user=null | ip=null | op=WRITE_CHUNK {blockData=conID: 1 locID: 102659353889669771 bcsId: 0} | ret=SUCCESS |  
2019-08-22 07:03:46,320 [grpc-default-executor-3] INFO  client.GrpcClientProtocolClient (GrpcClientProtocolClient.java:onNext(255)) - client-CF63D631FA17->3cf1264f-5f6b-4138-aeee-2ff7d4522ead: receive RaftClientReply:client-CF63D631FA17->3cf1264f-5f6b-4138-aeee-2ff7d4522ead@group-561E16522154, cid=3062, SUCCESS, logIndex=4620, commits[3cf1264f-5f6b-4138-aeee-2ff7d4522ead:c4621, 4f0d1a15-8f14-4d9a-ad4f-8211e1245b5d:c4619, 6999f20e-c3f7-4db4-87ca-141c476f2a88:c4619]
2019-08-22 07:03:46,321 | INFO  | DNAudit | user=null | ip=null | op=WRITE_CHUNK {blockData=conID: 1 locID: 102659353889669771 bcsId: 0} | ret=SUCCESS |  
2019-08-22 07:03:46,321 | INFO  | DNAudit | user=null | ip=null | op=PUT_BLOCK {blockData=[blockId=conID: 1 locID: 102659353889669771 bcsId: 0,size=2097152]} | ret=SUCCESS |  
2019-08-22 07:03:46,321 [grpc-default-executor-0] INFO  client.GrpcClientProtocolClient (GrpcClientProtocolClient.java:onNext(255)) - client-CF63D631FA17->3cf1264f-5f6b-4138-aeee-2ff7d4522ead: receive RaftClientReply:client-CF63D631FA17->3cf1264f-5f6b-4138-aeee-2ff7d4522ead@group-561E16522154, cid=3063, SUCCESS, logIndex=4621, commits[3cf1264f-5f6b-4138-aeee-2ff7d4522ead:c4622, 4f0d1a15-8f14-4d9a-ad4f-8211e1245b5d:c4619, 6999f20e-c3f7-4db4-87ca-141c476f2a88:c4619]
2019-08-22 07:03:46,321 | INFO  | DNAudit | user=null | ip=null | op=WRITE_CHUNK {blockData=conID: 1 locID: 102659353889669771 bcsId: 0} | ret=SUCCESS |  
2019-08-22 07:03:46,321 [grpc-default-executor-0] INFO  client.GrpcClientProtocolClient (GrpcClientProtocolClient.java:onNext(255)) - client-CF63D631FA17->3cf1264f-5f6b-4138-aeee-2ff7d4522ead: receive RaftClientReply:client-CF63D631FA17->3cf1264f-5f6b-4138-aeee-2ff7d4522ead@group-561E16522154, cid=3064, SUCCESS, logIndex=4622, commits[3cf1264f-5f6b-4138-aeee-2ff7d4522ead:c4622, 4f0d1a15-8f14-4d9a-ad4f-8211e1245b5d:c4619, 6999f20e-c3f7-4db4-87ca-141c476f2a88:c4619]
2019-08-22 07:03:46,322 | INFO  | DNAudit | user=null | ip=null | op=PUT_BLOCK {blockData=[blockId=conID: 1 locID: 102659353889669771 bcsId: 0,size=1048576]} | ret=SUCCESS |  
2019-08-22 07:03:46,322 | INFO  | DNAudit | user=null | ip=null | op=PUT_BLOCK {blockData=[blockId=conID: 1 locID: 102659353889669771 bcsId: 0,size=1048576]} | ret=SUCCESS |  
2019-08-22 07:03:46,322 [grpc-default-executor-0] INFO  client.GrpcClientProtocolClient (GrpcClientProtocolClient.java:onNext(255)) - client-CF63D631FA17->3cf1264f-5f6b-4138-aeee-2ff7d4522ead: receive RaftClientReply:client-CF63D631FA17->3cf1264f-5f6b-4138-aeee-2ff7d4522ead@group-561E16522154, cid=3065, SUCCESS, logIndex=4623, commits[3cf1264f-5f6b-4138-aeee-2ff7d4522ead:c4623, 4f0d1a15-8f14-4d9a-ad4f-8211e1245b5d:c4619, 6999f20e-c3f7-4db4-87ca-141c476f2a88:c4620]
2019-08-22 07:03:46,323 [grpc-default-executor-0] INFO  client.GrpcClientProtocolClient (GrpcClientProtocolClient.java:onNext(255)) - client-CF63D631FA17->3cf1264f-5f6b-4138-aeee-2ff7d4522ead: receive RaftClientReply:client-CF63D631FA17->3cf1264f-5f6b-4138-aeee-2ff7d4522ead@group-561E16522154, cid=3066, SUCCESS, logIndex=0, commits[3cf1264f-5f6b-4138-aeee-2ff7d4522ead:c4625, 4f0d1a15-8f14-4d9a-ad4f-8211e1245b5d:c4621, 6999f20e-c3f7-4db4-87ca-141c476f2a88:c4621]
2019-08-22 07:03:46,324 | INFO  | DNAudit | user=null | ip=null | op=WRITE_CHUNK {blockData=conID: 1 locID: 102659353889669771 bcsId: 0} | ret=SUCCESS |  
2019-08-22 07:03:46,324 | INFO  | DNAudit | user=null | ip=null | op=WRITE_CHUNK {blockData=conID: 1 locID: 102659353889669771 bcsId: 0} | ret=SUCCESS |  
2019-08-22 07:03:46,325 | INFO  | DNAudit | user=null | ip=null | op=PUT_BLOCK {blockData=[blockId=conID: 1 locID: 102659353889669771 bcsId: 0,size=2097152]} | ret=SUCCESS |  
2019-08-22 07:03:46,325 | INFO  | DNAudit | user=null | ip=null | op=PUT_BLOCK {blockData=[blockId=conID: 1 locID: 102659353889669771 bcsId: 0,size=2097152]} | ret=SUCCESS |  
2019-08-22 07:03:46,329 | INFO  | DNAudit | user=null | ip=null | op=WRITE_CHUNK {blockData=conID: 1 locID: 102659353889669771 bcsId: 4623} | ret=SUCCESS |  
2019-08-22 07:03:46,333 | INFO  | DNAudit | user=null | ip=null | op=WRITE_CHUNK {blockData=conID: 1 locID: 102659353889669771 bcsId: 4623} | ret=SUCCESS |  
2019-08-22 07:03:46,333 | INFO  | DNAudit | user=null | ip=null | op=WRITE_CHUNK {blockData=conID: 1 locID: 102659353889669771 bcsId: 4623} | ret=SUCCESS |  
2019-08-22 07:03:46,342 | INFO  | DNAudit | user=null | ip=null | op=WRITE_CHUNK {blockData=conID: 1 locID: 102659353889669771 bcsId: 4623} | ret=SUCCESS |  
2019-08-22 07:03:46,342 | INFO  | DNAudit | user=null | ip=null | op=PUT_BLOCK {blockData=[blockId=conID: 1 locID: 102659353889669771 bcsId: 0,size=3145728]} | ret=SUCCESS |  
2019-08-22 07:03:46,342 [grpc-default-executor-5] INFO  client.GrpcClientProtocolClient (GrpcClientProtocolClient.java:onNext(255)) - client-CF63D631FA17->3cf1264f-5f6b-4138-aeee-2ff7d4522ead: receive RaftClientReply:client-CF63D631FA17->3cf1264f-5f6b-4138-aeee-2ff7d4522ead@group-561E16522154, cid=3067, SUCCESS, logIndex=4628, commits[3cf1264f-5f6b-4138-aeee-2ff7d4522ead:c4629, 4f0d1a15-8f14-4d9a-ad4f-8211e1245b5d:c4627, 6999f20e-c3f7-4db4-87ca-141c476f2a88:c4627]
2019-08-22 07:03:46,343 [grpc-default-executor-5] INFO  client.GrpcClientProtocolClient (GrpcClientProtocolClient.java:onNext(255)) - client-CF63D631FA17->3cf1264f-5f6b-4138-aeee-2ff7d4522ead: receive RaftClientReply:client-CF63D631FA17->3cf1264f-5f6b-4138-aeee-2ff7d4522ead@group-561E16522154, cid=3068, SUCCESS, logIndex=4629, commits[3cf1264f-5f6b-4138-aeee-2ff7d4522ead:c4629, 4f0d1a15-8f14-4d9a-ad4f-8211e1245b5d:c4627, 6999f20e-c3f7-4db4-87ca-141c476f2a88:c4627]
2019-08-22 07:03:46,349 | INFO  | DNAudit | user=null | ip=null | op=WRITE_CHUNK {blockData=conID: 1 locID: 102659353889669771 bcsId: 4629} | ret=SUCCESS |  
2019-08-22 07:03:46,351 | INFO  | DNAudit | user=null | ip=null | op=WRITE_CHUNK {blockData=conID: 1 locID: 102659353889669771 bcsId: 4629} | ret=SUCCESS |  
2019-08-22 07:03:46,352 | INFO  | DNAudit | user=null | ip=null | op=WRITE_CHUNK {blockData=conID: 1 locID: 102659353889669771 bcsId: 4629} | ret=SUCCESS |  
2019-08-22 07:03:46,354 | INFO  | DNAudit | user=null | ip=null | op=WRITE_CHUNK {blockData=conID: 1 locID: 102659353889669771 bcsId: 4623} | ret=SUCCESS |  
2019-08-22 07:03:46,354 | INFO  | DNAudit | user=null | ip=null | op=WRITE_CHUNK {blockData=conID: 1 locID: 102659353889669771 bcsId: 4623} | ret=SUCCESS |  
2019-08-22 07:03:46,355 | INFO  | DNAudit | user=null | ip=null | op=PUT_BLOCK {blockData=[blockId=conID: 1 locID: 102659353889669771 bcsId: 0,size=3145728]} | ret=SUCCESS |  
2019-08-22 07:03:46,355 | INFO  | DNAudit | user=null | ip=null | op=PUT_BLOCK {blockData=[blockId=conID: 1 locID: 102659353889669771 bcsId: 0,size=3145728]} | ret=SUCCESS |  
2019-08-22 07:03:46,356 | INFO  | DNAudit | user=null | ip=null | op=WRITE_CHUNK {blockData=conID: 1 locID: 102659353889669771 bcsId: 4629} | ret=SUCCESS |  
2019-08-22 07:03:46,356 | INFO  | DNAudit | user=null | ip=null | op=PUT_BLOCK {blockData=[blockId=conID: 1 locID: 102659353889669771 bcsId: 0,size=4194304]} | ret=SUCCESS |  
2019-08-22 07:03:46,356 [grpc-default-executor-5] INFO  client.GrpcClientProtocolClient (GrpcClientProtocolClient.java:onNext(255)) - client-CF63D631FA17->3cf1264f-5f6b-4138-aeee-2ff7d4522ead: receive RaftClientReply:client-CF63D631FA17->3cf1264f-5f6b-4138-aeee-2ff7d4522ead@group-561E16522154, cid=3069, SUCCESS, logIndex=4632, commits[3cf1264f-5f6b-4138-aeee-2ff7d4522ead:c4633, 4f0d1a15-8f14-4d9a-ad4f-8211e1245b5d:c4629, 6999f20e-c3f7-4db4-87ca-141c476f2a88:c4629]
2019-08-22 07:03:46,356 [grpc-default-executor-5] INFO  client.GrpcClientProtocolClient (GrpcClientProtocolClient.java:onNext(255)) - client-CF63D631FA17->3cf1264f-5f6b-4138-aeee-2ff7d4522ead: receive RaftClientReply:client-CF63D631FA17->3cf1264f-5f6b-4138-aeee-2ff7d4522ead@group-561E16522154, cid=3070, SUCCESS, logIndex=4633, commits[3cf1264f-5f6b-4138-aeee-2ff7d4522ead:c4633, 4f0d1a15-8f14-4d9a-ad4f-8211e1245b5d:c4629, 6999f20e-c3f7-4db4-87ca-141c476f2a88:c4629]
2019-08-22 07:03:46,367 | INFO  | DNAudit | user=null | ip=null | op=WRITE_CHUNK {blockData=conID: 1 locID: 102659353889669771 bcsId: 4629} | ret=SUCCESS |  
2019-08-22 07:03:46,368 | INFO  | DNAudit | user=null | ip=null | op=WRITE_CHUNK {blockData=conID: 1 locID: 102659353889669771 bcsId: 4629} | ret=SUCCESS |  
2019-08-22 07:03:46,370 | INFO  | DNAudit | user=null | ip=null | op=PUT_BLOCK {blockData=[blockId=conID: 1 locID: 102659353889669771 bcsId: 0,size=4194304]} | ret=SUCCESS |  
2019-08-22 07:03:46,370 | INFO  | DNAudit | user=null | ip=null | op=PUT_BLOCK {blockData=[blockId=conID: 1 locID: 102659353889669771 bcsId: 0,size=4194304]} | ret=SUCCESS |  
2019-08-22 07:03:46,371 [grpc-default-executor-3] INFO  client.GrpcClientProtocolClient (GrpcClientProtocolClient.java:onNext(255)) - client-CF63D631FA17->3cf1264f-5f6b-4138-aeee-2ff7d4522ead: receive RaftClientReply:client-CF63D631FA17->3cf1264f-5f6b-4138-aeee-2ff7d4522ead@group-561E16522154, cid=3071, SUCCESS, logIndex=0, commits[3cf1264f-5f6b-4138-aeee-2ff7d4522ead:c4635, 4f0d1a15-8f14-4d9a-ad4f-8211e1245b5d:c4633, 6999f20e-c3f7-4db4-87ca-141c476f2a88:c4633]
2019-08-22 07:03:46,376 | INFO  | SCMAudit | user=jenkins1000 | ip=192.168.34.31 | op=ALLOCATE_BLOCK {owner=04b6d46a-98e2-41b1-9f38-1870289993ea, size=4194304, type=RATIS, factor=THREE} | ret=SUCCESS |  
2019-08-22 07:03:46,379 | INFO  | OMAudit | user=jenkins1000 | ip=127.0.0.1 | op=ALLOCATE_BLOCK {volume=vol-0-14906, bucket=bucket-0-53153, key=key-0-33222, dataSize=0, replicationType=null, replicationFactor=null, keyLocationInfo=null, clientID=102659352017764754} | ret=SUCCESS |  
2019-08-22 07:03:46,385 | INFO  | DNAudit | user=null | ip=null | op=WRITE_CHUNK {blockData=conID: 2 locID: 102659353894978188 bcsId: 0} | ret=SUCCESS |  
2019-08-22 07:03:46,389 | INFO  | DNAudit | user=null | ip=null | op=WRITE_CHUNK {blockData=conID: 2 locID: 102659353894978188 bcsId: 0} | ret=SUCCESS |  
2019-08-22 07:03:46,389 | INFO  | DNAudit | user=null | ip=null | op=WRITE_CHUNK {blockData=conID: 2 locID: 102659353894978188 bcsId: 0} | ret=SUCCESS |  
2019-08-22 07:03:46,390 | INFO  | DNAudit | user=null | ip=null | op=WRITE_CHUNK {blockData=conID: 2 locID: 102659353894978188 bcsId: 0} | ret=SUCCESS |  
2019-08-22 07:03:46,392 | INFO  | DNAudit | user=null | ip=null | op=WRITE_CHUNK {blockData=conID: 2 locID: 102659353894978188 bcsId: 0} | ret=SUCCESS |  
2019-08-22 07:03:46,392 | INFO  | DNAudit | user=null | ip=null | op=WRITE_CHUNK {blockData=conID: 2 locID: 102659353894978188 bcsId: 0} | ret=SUCCESS |  
2019-08-22 07:03:46,398 | INFO  | DNAudit | user=null | ip=null | op=WRITE_CHUNK {blockData=conID: 2 locID: 102659353894978188 bcsId: 0} | ret=SUCCESS |  
2019-08-22 07:03:46,398 | INFO  | DNAudit | user=null | ip=null | op=PUT_BLOCK {blockData=[blockId=conID: 2 locID: 102659353894978188 bcsId: 0,size=1048576]} | ret=SUCCESS |  
2019-08-22 07:03:46,399 | INFO  | DNAudit | user=null | ip=null | op=WRITE_CHUNK {blockData=conID: 2 locID: 102659353894978188 bcsId: 0} | ret=SUCCESS |  
2019-08-22 07:03:46,399 [grpc-default-executor-0] INFO  client.GrpcClientProtocolClient (GrpcClientProtocolClient.java:onNext(255)) - client-CF63D631FA17->3cf1264f-5f6b-4138-aeee-2ff7d4522ead: receive RaftClientReply:client-CF63D631FA17->3cf1264f-5f6b-4138-aeee-2ff7d4522ead@group-561E16522154, cid=3072, SUCCESS, logIndex=4636, commits[3cf1264f-5f6b-4138-aeee-2ff7d4522ead:c4637, 4f0d1a15-8f14-4d9a-ad4f-8211e1245b5d:c4635, 6999f20e-c3f7-4db4-87ca-141c476f2a88:c4635]
2019-08-22 07:03:46,399 | INFO  | DNAudit | user=null | ip=null | op=PUT_BLOCK {blockData=[blockId=conID: 2 locID: 102659353894978188 bcsId: 0,size=2097152]} | ret=SUCCESS |  
2019-08-22 07:03:46,399 [grpc-default-executor-0] INFO  client.GrpcClientProtocolClient (GrpcClientProtocolClient.java:onNext(255)) - client-CF63D631FA17->3cf1264f-5f6b-4138-aeee-2ff7d4522ead: receive RaftClientReply:client-CF63D631FA17->3cf1264f-5f6b-4138-aeee-2ff7d4522ead@group-561E16522154, cid=3073, SUCCESS, logIndex=4637, commits[3cf1264f-5f6b-4138-aeee-2ff7d4522ead:c4639, 4f0d1a15-8f14-4d9a-ad4f-8211e1245b5d:c4635, 6999f20e-c3f7-4db4-87ca-141c476f2a88:c4635]
2019-08-22 07:03:46,399 [grpc-default-executor-0] INFO  client.GrpcClientProtocolClient (GrpcClientProtocolClient.java:onNext(255)) - client-CF63D631FA17->3cf1264f-5f6b-4138-aeee-2ff7d4522ead: receive RaftClientReply:client-CF63D631FA17->3cf1264f-5f6b-4138-aeee-2ff7d4522ead@group-561E16522154, cid=3074, SUCCESS, logIndex=4638, commits[3cf1264f-5f6b-4138-aeee-2ff7d4522ead:c4639, 4f0d1a15-8f14-4d9a-ad4f-8211e1245b5d:c4635, 6999f20e-c3f7-4db4-87ca-141c476f2a88:c4635]
2019-08-22 07:03:46,400 [grpc-default-executor-0] INFO  client.GrpcClientProtocolClient (GrpcClientProtocolClient.java:onNext(255)) - client-CF63D631FA17->3cf1264f-5f6b-4138-aeee-2ff7d4522ead: receive RaftClientReply:client-CF63D631FA17->3cf1264f-5f6b-4138-aeee-2ff7d4522ead@group-561E16522154, cid=3075, SUCCESS, logIndex=4639, commits[3cf1264f-5f6b-4138-aeee-2ff7d4522ead:c4639, 4f0d1a15-8f14-4d9a-ad4f-8211e1245b5d:c4635, 6999f20e-c3f7-4db4-87ca-141c476f2a88:c4635]
2019-08-22 07:03:46,412 | INFO  | DNAudit | user=null | ip=null | op=WRITE_CHUNK {blockData=conID: 2 locID: 102659353894978188 bcsId: 0} | ret=SUCCESS |  
2019-08-22 07:03:46,412 | INFO  | DNAudit | user=null | ip=null | op=PUT_BLOCK {blockData=[blockId=conID: 2 locID: 102659353894978188 bcsId: 0,size=1048576]} | ret=SUCCESS |  
2019-08-22 07:03:46,412 | INFO  | DNAudit | user=null | ip=null | op=WRITE_CHUNK {blockData=conID: 2 locID: 102659353894978188 bcsId: 0} | ret=SUCCESS |  
2019-08-22 07:03:46,412 | INFO  | DNAudit | user=null | ip=null | op=PUT_BLOCK {blockData=[blockId=conID: 2 locID: 102659353894978188 bcsId: 0,size=1048576]} | ret=SUCCESS |  
2019-08-22 07:03:46,412 | INFO  | DNAudit | user=null | ip=null | op=WRITE_CHUNK {blockData=conID: 2 locID: 102659353894978188 bcsId: 0} | ret=SUCCESS |  
2019-08-22 07:03:46,413 | INFO  | DNAudit | user=null | ip=null | op=PUT_BLOCK {blockData=[blockId=conID: 2 locID: 102659353894978188 bcsId: 0,size=2097152]} | ret=SUCCESS |  
2019-08-22 07:03:46,413 [grpc-default-executor-0] INFO  client.GrpcClientProtocolClient (GrpcClientProtocolClient.java:onNext(255)) - client-CF63D631FA17->3cf1264f-5f6b-4138-aeee-2ff7d4522ead: receive RaftClientReply:client-CF63D631FA17->3cf1264f-5f6b-4138-aeee-2ff7d4522ead@group-561E16522154, cid=3076, SUCCESS, logIndex=0, commits[3cf1264f-5f6b-4138-aeee-2ff7d4522ead:c4641, 4f0d1a15-8f14-4d9a-ad4f-8211e1245b5d:c4637, 6999f20e-c3f7-4db4-87ca-141c476f2a88:c4637]
2019-08-22 07:03:46,419 | INFO  | DNAudit | user=null | ip=null | op=WRITE_CHUNK {blockData=conID: 2 locID: 102659353894978188 bcsId: 4639} | ret=SUCCESS |  
2019-08-22 07:03:46,423 | INFO  | DNAudit | user=null | ip=null | op=WRITE_CHUNK {blockData=conID: 2 locID: 102659353894978188 bcsId: 0} | ret=SUCCESS |  
2019-08-22 07:03:46,423 | INFO  | DNAudit | user=null | ip=null | op=PUT_BLOCK {blockData=[blockId=conID: 2 locID: 102659353894978188 bcsId: 0,size=2097152]} | ret=SUCCESS |  
2019-08-22 07:03:46,424 | INFO  | DNAudit | user=null | ip=null | op=WRITE_CHUNK {blockData=conID: 2 locID: 102659353894978188 bcsId: 4639} | ret=SUCCESS |  
2019-08-22 07:03:46,425 | INFO  | DNAudit | user=null | ip=null | op=WRITE_CHUNK {blockData=conID: 2 locID: 102659353894978188 bcsId: 4639} | ret=SUCCESS |  
2019-08-22 07:03:46,436 | INFO  | DNAudit | user=null | ip=null | op=WRITE_CHUNK {blockData=conID: 2 locID: 102659353894978188 bcsId: 4639} | ret=SUCCESS |  
2019-08-22 07:03:46,436 | INFO  | DNAudit | user=null | ip=null | op=PUT_BLOCK {blockData=[blockId=conID: 2 locID: 102659353894978188 bcsId: 0,size=3145728]} | ret=SUCCESS |  
2019-08-22 07:03:46,436 [grpc-default-executor-3] INFO  client.GrpcClientProtocolClient (GrpcClientProtocolClient.java:onNext(255)) - client-CF63D631FA17->3cf1264f-5f6b-4138-aeee-2ff7d4522ead: receive RaftClientReply:client-CF63D631FA17->3cf1264f-5f6b-4138-aeee-2ff7d4522ead@group-561E16522154, cid=3077, SUCCESS, logIndex=4644, commits[3cf1264f-5f6b-4138-aeee-2ff7d4522ead:c4645, 4f0d1a15-8f14-4d9a-ad4f-8211e1245b5d:c4643, 6999f20e-c3f7-4db4-87ca-141c476f2a88:c4643]
2019-08-22 07:03:46,437 [grpc-default-executor-3] INFO  client.GrpcClientProtocolClient (GrpcClientProtocolClient.java:onNext(255)) - client-CF63D631FA17->3cf1264f-5f6b-4138-aeee-2ff7d4522ead: receive RaftClientReply:client-CF63D631FA17->3cf1264f-5f6b-4138-aeee-2ff7d4522ead@group-561E16522154, cid=3078, SUCCESS, logIndex=4645, commits[3cf1264f-5f6b-4138-aeee-2ff7d4522ead:c4645, 4f0d1a15-8f14-4d9a-ad4f-8211e1245b5d:c4643, 6999f20e-c3f7-4db4-87ca-141c476f2a88:c4643]
2019-08-22 07:03:46,438 | INFO  | DNAudit | user=null | ip=null | op=WRITE_CHUNK {blockData=conID: 2 locID: 102659353894978188 bcsId: 4639} | ret=SUCCESS |  
2019-08-22 07:03:46,438 | INFO  | DNAudit | user=null | ip=null | op=PUT_BLOCK {blockData=[blockId=conID: 2 locID: 102659353894978188 bcsId: 0,size=3145728]} | ret=SUCCESS |  
2019-08-22 07:03:46,438 | INFO  | DNAudit | user=null | ip=null | op=WRITE_CHUNK {blockData=conID: 2 locID: 102659353894978188 bcsId: 4639} | ret=SUCCESS |  
2019-08-22 07:03:46,438 | INFO  | DNAudit | user=null | ip=null | op=PUT_BLOCK {blockData=[blockId=conID: 2 locID: 102659353894978188 bcsId: 0,size=3145728]} | ret=SUCCESS |  
2019-08-22 07:03:46,443 | INFO  | DNAudit | user=null | ip=null | op=WRITE_CHUNK {blockData=conID: 2 locID: 102659353894978188 bcsId: 4645} | ret=SUCCESS |  
2019-08-22 07:03:46,446 | INFO  | DNAudit | user=null | ip=null | op=WRITE_CHUNK {blockData=conID: 2 locID: 102659353894978188 bcsId: 4645} | ret=SUCCESS |  
2019-08-22 07:03:46,446 | INFO  | DNAudit | user=null | ip=null | op=WRITE_CHUNK {blockData=conID: 2 locID: 102659353894978188 bcsId: 4645} | ret=SUCCESS |  
2019-08-22 07:03:46,451 | INFO  | DNAudit | user=null | ip=null | op=WRITE_CHUNK {blockData=conID: 2 locID: 102659353894978188 bcsId: 4645} | ret=SUCCESS |  
2019-08-22 07:03:46,451 | INFO  | DNAudit | user=null | ip=null | op=PUT_BLOCK {blockData=[blockId=conID: 2 locID: 102659353894978188 bcsId: 0,size=4194304]} | ret=SUCCESS |  
2019-08-22 07:03:46,452 [grpc-default-executor-5] INFO  client.GrpcClientProtocolClient (GrpcClientProtocolClient.java:onNext(255)) - client-CF63D631FA17->3cf1264f-5f6b-4138-aeee-2ff7d4522ead: receive RaftClientReply:client-CF63D631FA17->3cf1264f-5f6b-4138-aeee-2ff7d4522ead@group-561E16522154, cid=3079, SUCCESS, logIndex=4648, commits[3cf1264f-5f6b-4138-aeee-2ff7d4522ead:c4649, 4f0d1a15-8f14-4d9a-ad4f-8211e1245b5d:c4646, 6999f20e-c3f7-4db4-87ca-141c476f2a88:c4646]
2019-08-22 07:03:46,452 [grpc-default-executor-5] INFO  client.GrpcClientProtocolClient (GrpcClientProtocolClient.java:onNext(255)) - client-CF63D631FA17->3cf1264f-5f6b-4138-aeee-2ff7d4522ead: receive RaftClientReply:client-CF63D631FA17->3cf1264f-5f6b-4138-aeee-2ff7d4522ead@group-561E16522154, cid=3080, SUCCESS, logIndex=4649, commits[3cf1264f-5f6b-4138-aeee-2ff7d4522ead:c4649, 4f0d1a15-8f14-4d9a-ad4f-8211e1245b5d:c4646, 6999f20e-c3f7-4db4-87ca-141c476f2a88:c4646]
2019-08-22 07:03:46,455 | INFO  | DNAudit | user=null | ip=null | op=WRITE_CHUNK {blockData=conID: 2 locID: 102659353894978188 bcsId: 4645} | ret=SUCCESS |  
2019-08-22 07:03:46,455 | INFO  | DNAudit | user=null | ip=null | op=WRITE_CHUNK {blockData=conID: 2 locID: 102659353894978188 bcsId: 4645} | ret=SUCCESS |  
2019-08-22 07:03:46,457 | INFO  | DNAudit | user=null | ip=null | op=PUT_BLOCK {blockData=[blockId=conID: 2 locID: 102659353894978188 bcsId: 0,size=4194304]} | ret=SUCCESS |  
2019-08-22 07:03:46,457 | INFO  | DNAudit | user=null | ip=null | op=PUT_BLOCK {blockData=[blockId=conID: 2 locID: 102659353894978188 bcsId: 0,size=4194304]} | ret=SUCCESS |  
2019-08-22 07:03:46,458 [grpc-default-executor-3] INFO  client.GrpcClientProtocolClient (GrpcClientProtocolClient.java:onNext(255)) - client-CF63D631FA17->3cf1264f-5f6b-4138-aeee-2ff7d4522ead: receive RaftClientReply:client-CF63D631FA17->3cf1264f-5f6b-4138-aeee-2ff7d4522ead@group-561E16522154, cid=3081, SUCCESS, logIndex=0, commits[3cf1264f-5f6b-4138-aeee-2ff7d4522ead:c4651, 4f0d1a15-8f14-4d9a-ad4f-8211e1245b5d:c4649, 6999f20e-c3f7-4db4-87ca-141c476f2a88:c4649]
2019-08-22 07:03:46,464 | INFO  | SCMAudit | user=jenkins1000 | ip=192.168.34.31 | op=ALLOCATE_BLOCK {owner=04b6d46a-98e2-41b1-9f38-1870289993ea, size=4194304, type=RATIS, factor=THREE} | ret=SUCCESS |  
2019-08-22 07:03:46,467 | INFO  | OMAudit | user=jenkins1000 | ip=127.0.0.1 | op=ALLOCATE_BLOCK {volume=vol-0-14906, bucket=bucket-0-53153, key=key-0-33222, dataSize=0, replicationType=null, replicationFactor=null, keyLocationInfo=null, clientID=102659352017764754} | ret=SUCCESS |  
2019-08-22 07:03:46,474 | INFO  | DNAudit | user=null | ip=null | op=WRITE_CHUNK {blockData=conID: 3 locID: 102659353900745357 bcsId: 0} | ret=SUCCESS |  
2019-08-22 07:03:46,479 | INFO  | DNAudit | user=null | ip=null | op=WRITE_CHUNK {blockData=conID: 3 locID: 102659353900745357 bcsId: 0} | ret=SUCCESS |  
2019-08-22 07:03:46,479 | INFO  | DNAudit | user=null | ip=null | op=WRITE_CHUNK {blockData=conID: 3 locID: 102659353900745357 bcsId: 0} | ret=SUCCESS |  
2019-08-22 07:03:46,479 | INFO  | DNAudit | user=null | ip=null | op=WRITE_CHUNK {blockData=conID: 3 locID: 102659353900745357 bcsId: 0} | ret=SUCCESS |  
2019-08-22 07:03:46,481 | INFO  | DNAudit | user=null | ip=null | op=WRITE_CHUNK {blockData=conID: 3 locID: 102659353900745357 bcsId: 0} | ret=SUCCESS |  
2019-08-22 07:03:46,482 | INFO  | DNAudit | user=null | ip=null | op=WRITE_CHUNK {blockData=conID: 3 locID: 102659353900745357 bcsId: 0} | ret=SUCCESS |  
2019-08-22 07:03:46,493 | INFO  | DNAudit | user=null | ip=null | op=WRITE_CHUNK {blockData=conID: 3 locID: 102659353900745357 bcsId: 0} | ret=SUCCESS |  
2019-08-22 07:03:46,494 | INFO  | DNAudit | user=null | ip=null | op=PUT_BLOCK {blockData=[blockId=conID: 3 locID: 102659353900745357 bcsId: 0,size=1048576]} | ret=SUCCESS |  
2019-08-22 07:03:46,494 | INFO  | DNAudit | user=null | ip=null | op=WRITE_CHUNK {blockData=conID: 3 locID: 102659353900745357 bcsId: 0} | ret=SUCCESS |  
2019-08-22 07:03:46,494 [grpc-default-executor-0] INFO  client.GrpcClientProtocolClient (GrpcClientProtocolClient.java:onNext(255)) - client-CF63D631FA17->3cf1264f-5f6b-4138-aeee-2ff7d4522ead: receive RaftClientReply:client-CF63D631FA17->3cf1264f-5f6b-4138-aeee-2ff7d4522ead@group-561E16522154, cid=3082, SUCCESS, logIndex=4652, commits[3cf1264f-5f6b-4138-aeee-2ff7d4522ead:c4653, 4f0d1a15-8f14-4d9a-ad4f-8211e1245b5d:c4649, 6999f20e-c3f7-4db4-87ca-141c476f2a88:c4651]
2019-08-22 07:03:46,494 | INFO  | DNAudit | user=null | ip=null | op=PUT_BLOCK {blockData=[blockId=conID: 3 locID: 102659353900745357 bcsId: 0,size=2097152]} | ret=SUCCESS |  
2019-08-22 07:03:46,495 [grpc-default-executor-0] INFO  client.GrpcClientProtocolClient (GrpcClientProtocolClient.java:onNext(255)) - client-CF63D631FA17->3cf1264f-5f6b-4138-aeee-2ff7d4522ead: receive RaftClientReply:client-CF63D631FA17->3cf1264f-5f6b-4138-aeee-2ff7d4522ead@group-561E16522154, cid=3083, SUCCESS, logIndex=4653, commits[3cf1264f-5f6b-4138-aeee-2ff7d4522ead:c4655, 4f0d1a15-8f14-4d9a-ad4f-8211e1245b5d:c4651, 6999f20e-c3f7-4db4-87ca-141c476f2a88:c4651]
2019-08-22 07:03:46,495 [grpc-default-executor-0] INFO  client.GrpcClientProtocolClient (GrpcClientProtocolClient.java:onNext(255)) - client-CF63D631FA17->3cf1264f-5f6b-4138-aeee-2ff7d4522ead: receive RaftClientReply:client-CF63D631FA17->3cf1264f-5f6b-4138-aeee-2ff7d4522ead@group-561E16522154, cid=3084, SUCCESS, logIndex=4654, commits[3cf1264f-5f6b-4138-aeee-2ff7d4522ead:c4655, 4f0d1a15-8f14-4d9a-ad4f-8211e1245b5d:c4651, 6999f20e-c3f7-4db4-87ca-141c476f2a88:c4651]
2019-08-22 07:03:46,495 [grpc-default-executor-0] INFO  client.GrpcClientProtocolClient (GrpcClientProtocolClient.java:onNext(255)) - client-CF63D631FA17->3cf1264f-5f6b-4138-aeee-2ff7d4522ead: receive RaftClientReply:client-CF63D631FA17->3cf1264f-5f6b-4138-aeee-2ff7d4522ead@group-561E16522154, cid=3085, SUCCESS, logIndex=4655, commits[3cf1264f-5f6b-4138-aeee-2ff7d4522ead:c4655, 4f0d1a15-8f14-4d9a-ad4f-8211e1245b5d:c4651, 6999f20e-c3f7-4db4-87ca-141c476f2a88:c4651]
2019-08-22 07:03:46,505 | INFO  | DNAudit | user=null | ip=null | op=WRITE_CHUNK {blockData=conID: 3 locID: 102659353900745357 bcsId: 0} | ret=SUCCESS |  
2019-08-22 07:03:46,505 | INFO  | DNAudit | user=null | ip=null | op=PUT_BLOCK {blockData=[blockId=conID: 3 locID: 102659353900745357 bcsId: 0,size=1048576]} | ret=SUCCESS |  
2019-08-22 07:03:46,505 | INFO  | DNAudit | user=null | ip=null | op=WRITE_CHUNK {blockData=conID: 3 locID: 102659353900745357 bcsId: 0} | ret=SUCCESS |  
2019-08-22 07:03:46,505 | INFO  | DNAudit | user=null | ip=null | op=PUT_BLOCK {blockData=[blockId=conID: 3 locID: 102659353900745357 bcsId: 0,size=1048576]} | ret=SUCCESS |  
2019-08-22 07:03:46,505 | INFO  | DNAudit | user=null | ip=null | op=WRITE_CHUNK {blockData=conID: 3 locID: 102659353900745357 bcsId: 0} | ret=SUCCESS |  
2019-08-22 07:03:46,506 | INFO  | DNAudit | user=null | ip=null | op=PUT_BLOCK {blockData=[blockId=conID: 3 locID: 102659353900745357 bcsId: 0,size=2097152]} | ret=SUCCESS |  
2019-08-22 07:03:46,506 | INFO  | DNAudit | user=null | ip=null | op=WRITE_CHUNK {blockData=conID: 3 locID: 102659353900745357 bcsId: 0} | ret=SUCCESS |  
2019-08-22 07:03:46,506 [grpc-default-executor-5] INFO  client.GrpcClientProtocolClient (GrpcClientProtocolClient.java:onNext(255)) - client-CF63D631FA17->3cf1264f-5f6b-4138-aeee-2ff7d4522ead: receive RaftClientReply:client-CF63D631FA17->3cf1264f-5f6b-4138-aeee-2ff7d4522ead@group-561E16522154, cid=3086, SUCCESS, logIndex=0, commits[3cf1264f-5f6b-4138-aeee-2ff7d4522ead:c4656, 4f0d1a15-8f14-4d9a-ad4f-8211e1245b5d:c4653, 6999f20e-c3f7-4db4-87ca-141c476f2a88:c4653]
2019-08-22 07:03:46,506 | INFO  | DNAudit | user=null | ip=null | op=PUT_BLOCK {blockData=[blockId=conID: 3 locID: 102659353900745357 bcsId: 0,size=2097152]} | ret=SUCCESS |  
2019-08-22 07:03:46,513 | INFO  | DNAudit | user=null | ip=null | op=WRITE_CHUNK {blockData=conID: 3 locID: 102659353900745357 bcsId: 4655} | ret=SUCCESS |  
2019-08-22 07:03:46,515 | INFO  | DNAudit | user=null | ip=null | op=WRITE_CHUNK {blockData=conID: 3 locID: 102659353900745357 bcsId: 4655} | ret=SUCCESS |  
2019-08-22 07:03:46,516 | INFO  | DNAudit | user=null | ip=null | op=WRITE_CHUNK {blockData=conID: 3 locID: 102659353900745357 bcsId: 4655} | ret=SUCCESS |  
2019-08-22 07:03:46,523 | INFO  | DNAudit | user=null | ip=null | op=WRITE_CHUNK {blockData=conID: 3 locID: 102659353900745357 bcsId: 4655} | ret=SUCCESS |  
2019-08-22 07:03:46,524 | INFO  | DNAudit | user=null | ip=null | op=PUT_BLOCK {blockData=[blockId=conID: 3 locID: 102659353900745357 bcsId: 0,size=3145728]} | ret=SUCCESS |  
2019-08-22 07:03:46,524 [grpc-default-executor-0] INFO  client.GrpcClientProtocolClient (GrpcClientProtocolClient.java:onNext(255)) - client-CF63D631FA17->3cf1264f-5f6b-4138-aeee-2ff7d4522ead: receive RaftClientReply:client-CF63D631FA17->3cf1264f-5f6b-4138-aeee-2ff7d4522ead@group-561E16522154, cid=3087, SUCCESS, logIndex=4660, commits[3cf1264f-5f6b-4138-aeee-2ff7d4522ead:c4661, 4f0d1a15-8f14-4d9a-ad4f-8211e1245b5d:c4659, 6999f20e-c3f7-4db4-87ca-141c476f2a88:c4659]
2019-08-22 07:03:46,524 [grpc-default-executor-0] INFO  client.GrpcClientProtocolClient (GrpcClientProtocolClient.java:onNext(255)) - client-CF63D631FA17->3cf1264f-5f6b-4138-aeee-2ff7d4522ead: receive RaftClientReply:client-CF63D631FA17->3cf1264f-5f6b-4138-aeee-2ff7d4522ead@group-561E16522154, cid=3088, SUCCESS, logIndex=4661, commits[3cf1264f-5f6b-4138-aeee-2ff7d4522ead:c4661, 4f0d1a15-8f14-4d9a-ad4f-8211e1245b5d:c4659, 6999f20e-c3f7-4db4-87ca-141c476f2a88:c4659]
2019-08-22 07:03:46,531 | INFO  | DNAudit | user=null | ip=null | op=WRITE_CHUNK {blockData=conID: 3 locID: 102659353900745357 bcsId: 4661} | ret=SUCCESS |  
2019-08-22 07:03:46,534 | INFO  | DNAudit | user=null | ip=null | op=WRITE_CHUNK {blockData=conID: 3 locID: 102659353900745357 bcsId: 4661} | ret=SUCCESS |  
2019-08-22 07:03:46,535 | INFO  | DNAudit | user=null | ip=null | op=WRITE_CHUNK {blockData=conID: 3 locID: 102659353900745357 bcsId: 4661} | ret=SUCCESS |  
2019-08-22 07:03:46,535 | INFO  | DNAudit | user=null | ip=null | op=WRITE_CHUNK {blockData=conID: 3 locID: 102659353900745357 bcsId: 4655} | ret=SUCCESS |  
2019-08-22 07:03:46,535 | INFO  | DNAudit | user=null | ip=null | op=WRITE_CHUNK {blockData=conID: 3 locID: 102659353900745357 bcsId: 4655} | ret=SUCCESS |  
2019-08-22 07:03:46,537 | INFO  | DNAudit | user=null | ip=null | op=PUT_BLOCK {blockData=[blockId=conID: 3 locID: 102659353900745357 bcsId: 0,size=3145728]} | ret=SUCCESS |  
2019-08-22 07:03:46,538 | INFO  | DNAudit | user=null | ip=null | op=PUT_BLOCK {blockData=[blockId=conID: 3 locID: 102659353900745357 bcsId: 0,size=3145728]} | ret=SUCCESS |  
2019-08-22 07:03:46,538 | INFO  | DNAudit | user=null | ip=null | op=WRITE_CHUNK {blockData=conID: 3 locID: 102659353900745357 bcsId: 4661} | ret=SUCCESS |  
2019-08-22 07:03:46,538 | INFO  | DNAudit | user=null | ip=null | op=PUT_BLOCK {blockData=[blockId=conID: 3 locID: 102659353900745357 bcsId: 0,size=4194304]} | ret=SUCCESS |  
2019-08-22 07:03:46,538 [grpc-default-executor-5] INFO  client.GrpcClientProtocolClient (GrpcClientProtocolClient.java:onNext(255)) - client-CF63D631FA17->3cf1264f-5f6b-4138-aeee-2ff7d4522ead: receive RaftClientReply:client-CF63D631FA17->3cf1264f-5f6b-4138-aeee-2ff7d4522ead@group-561E16522154, cid=3089, SUCCESS, logIndex=4664, commits[3cf1264f-5f6b-4138-aeee-2ff7d4522ead:c4665, 4f0d1a15-8f14-4d9a-ad4f-8211e1245b5d:c4661, 6999f20e-c3f7-4db4-87ca-141c476f2a88:c4661]
2019-08-22 07:03:46,539 [grpc-default-executor-5] INFO  client.GrpcClientProtocolClient (GrpcClientProtocolClient.java:onNext(255)) - client-CF63D631FA17->3cf1264f-5f6b-4138-aeee-2ff7d4522ead: receive RaftClientReply:client-CF63D631FA17->3cf1264f-5f6b-4138-aeee-2ff7d4522ead@group-561E16522154, cid=3090, SUCCESS, logIndex=4665, commits[3cf1264f-5f6b-4138-aeee-2ff7d4522ead:c4665, 4f0d1a15-8f14-4d9a-ad4f-8211e1245b5d:c4661, 6999f20e-c3f7-4db4-87ca-141c476f2a88:c4661]
2019-08-22 07:03:46,550 | INFO  | DNAudit | user=null | ip=null | op=WRITE_CHUNK {blockData=conID: 3 locID: 102659353900745357 bcsId: 4661} | ret=SUCCESS |  
2019-08-22 07:03:46,550 | INFO  | DNAudit | user=null | ip=null | op=WRITE_CHUNK {blockData=conID: 3 locID: 102659353900745357 bcsId: 4661} | ret=SUCCESS |  
2019-08-22 07:03:46,552 | INFO  | DNAudit | user=null | ip=null | op=PUT_BLOCK {blockData=[blockId=conID: 3 locID: 102659353900745357 bcsId: 0,size=4194304]} | ret=SUCCESS |  
2019-08-22 07:03:46,552 | INFO  | DNAudit | user=null | ip=null | op=PUT_BLOCK {blockData=[blockId=conID: 3 locID: 102659353900745357 bcsId: 0,size=4194304]} | ret=SUCCESS |  
2019-08-22 07:03:46,553 [grpc-default-executor-5] INFO  client.GrpcClientProtocolClient (GrpcClientProtocolClient.java:onNext(255)) - client-CF63D631FA17->3cf1264f-5f6b-4138-aeee-2ff7d4522ead: receive RaftClientReply:client-CF63D631FA17->3cf1264f-5f6b-4138-aeee-2ff7d4522ead@group-561E16522154, cid=3091, SUCCESS, logIndex=0, commits[3cf1264f-5f6b-4138-aeee-2ff7d4522ead:c4667, 4f0d1a15-8f14-4d9a-ad4f-8211e1245b5d:c4665, 6999f20e-c3f7-4db4-87ca-141c476f2a88:c4665]
2019-08-22 07:03:46,558 | INFO  | SCMAudit | user=jenkins1000 | ip=192.168.34.31 | op=ALLOCATE_BLOCK {owner=04b6d46a-98e2-41b1-9f38-1870289993ea, size=4194304, type=RATIS, factor=THREE} | ret=SUCCESS |  
2019-08-22 07:03:46,561 | INFO  | OMAudit | user=jenkins1000 | ip=127.0.0.1 | op=ALLOCATE_BLOCK {volume=vol-0-14906, bucket=bucket-0-53153, key=key-0-33222, dataSize=0, replicationType=null, replicationFactor=null, keyLocationInfo=null, clientID=102659352017764754} | ret=SUCCESS |  
2019-08-22 07:03:46,570 | INFO  | DNAudit | user=null | ip=null | op=WRITE_CHUNK {blockData=conID: 1 locID: 102659353906905742 bcsId: 0} | ret=SUCCESS |  
2019-08-22 07:03:46,572 | INFO  | DNAudit | user=null | ip=null | op=WRITE_CHUNK {blockData=conID: 1 locID: 102659353906905742 bcsId: 0} | ret=SUCCESS |  
2019-08-22 07:03:46,573 | INFO  | DNAudit | user=null | ip=null | op=WRITE_CHUNK {blockData=conID: 1 locID: 102659353906905742 bcsId: 0} | ret=SUCCESS |  
2019-08-22 07:03:46,573 | INFO  | DNAudit | user=null | ip=null | op=WRITE_CHUNK {blockData=conID: 1 locID: 102659353906905742 bcsId: 0} | ret=SUCCESS |  
2019-08-22 07:03:46,575 | INFO  | DNAudit | user=null | ip=null | op=WRITE_CHUNK {blockData=conID: 1 locID: 102659353906905742 bcsId: 0} | ret=SUCCESS |  
2019-08-22 07:03:46,576 | INFO  | DNAudit | user=null | ip=null | op=WRITE_CHUNK {blockData=conID: 1 locID: 102659353906905742 bcsId: 0} | ret=SUCCESS |  
2019-08-22 07:03:46,583 | INFO  | DNAudit | user=null | ip=null | op=WRITE_CHUNK {blockData=conID: 1 locID: 102659353906905742 bcsId: 0} | ret=SUCCESS |  
2019-08-22 07:03:46,583 | INFO  | DNAudit | user=null | ip=null | op=PUT_BLOCK {blockData=[blockId=conID: 1 locID: 102659353906905742 bcsId: 0,size=1048576]} | ret=SUCCESS |  
2019-08-22 07:03:46,583 | INFO  | DNAudit | user=null | ip=null | op=WRITE_CHUNK {blockData=conID: 1 locID: 102659353906905742 bcsId: 0} | ret=SUCCESS |  
2019-08-22 07:03:46,583 [grpc-default-executor-0] INFO  client.GrpcClientProtocolClient (GrpcClientProtocolClient.java:onNext(255)) - client-CF63D631FA17->3cf1264f-5f6b-4138-aeee-2ff7d4522ead: receive RaftClientReply:client-CF63D631FA17->3cf1264f-5f6b-4138-aeee-2ff7d4522ead@group-561E16522154, cid=3092, SUCCESS, logIndex=4668, commits[3cf1264f-5f6b-4138-aeee-2ff7d4522ead:c4669, 4f0d1a15-8f14-4d9a-ad4f-8211e1245b5d:c4667, 6999f20e-c3f7-4db4-87ca-141c476f2a88:c4667]
2019-08-22 07:03:46,584 | INFO  | DNAudit | user=null | ip=null | op=PUT_BLOCK {blockData=[blockId=conID: 1 locID: 102659353906905742 bcsId: 0,size=2097152]} | ret=SUCCESS |  
2019-08-22 07:03:46,584 [grpc-default-executor-0] INFO  client.GrpcClientProtocolClient (GrpcClientProtocolClient.java:onNext(255)) - client-CF63D631FA17->3cf1264f-5f6b-4138-aeee-2ff7d4522ead: receive RaftClientReply:client-CF63D631FA17->3cf1264f-5f6b-4138-aeee-2ff7d4522ead@group-561E16522154, cid=3093, SUCCESS, logIndex=4669, commits[3cf1264f-5f6b-4138-aeee-2ff7d4522ead:c4671, 4f0d1a15-8f14-4d9a-ad4f-8211e1245b5d:c4667, 6999f20e-c3f7-4db4-87ca-141c476f2a88:c4667]
2019-08-22 07:03:46,584 [grpc-default-executor-0] INFO  client.GrpcClientProtocolClient (GrpcClientProtocolClient.java:onNext(255)) - client-CF63D631FA17->3cf1264f-5f6b-4138-aeee-2ff7d4522ead: receive RaftClientReply:client-CF63D631FA17->3cf1264f-5f6b-4138-aeee-2ff7d4522ead@group-561E16522154, cid=3094, SUCCESS, logIndex=4670, commits[3cf1264f-5f6b-4138-aeee-2ff7d4522ead:c4671, 4f0d1a15-8f14-4d9a-ad4f-8211e1245b5d:c4667, 6999f20e-c3f7-4db4-87ca-141c476f2a88:c4667]
2019-08-22 07:03:46,584 [grpc-default-executor-0] INFO  client.GrpcClientProtocolClient (GrpcClientProtocolClient.java:onNext(255)) - client-CF63D631FA17->3cf1264f-5f6b-4138-aeee-2ff7d4522ead: receive RaftClientReply:client-CF63D631FA17->3cf1264f-5f6b-4138-aeee-2ff7d4522ead@group-561E16522154, cid=3095, SUCCESS, logIndex=4671, commits[3cf1264f-5f6b-4138-aeee-2ff7d4522ead:c4671, 4f0d1a15-8f14-4d9a-ad4f-8211e1245b5d:c4667, 6999f20e-c3f7-4db4-87ca-141c476f2a88:c4667]
2019-08-22 07:03:46,595 | INFO  | DNAudit | user=null | ip=null | op=WRITE_CHUNK {blockData=conID: 1 locID: 102659353906905742 bcsId: 0} | ret=SUCCESS |  
2019-08-22 07:03:46,595 | INFO  | DNAudit | user=null | ip=null | op=WRITE_CHUNK {blockData=conID: 1 locID: 102659353906905742 bcsId: 0} | ret=SUCCESS |  
2019-08-22 07:03:46,595 | INFO  | DNAudit | user=null | ip=null | op=PUT_BLOCK {blockData=[blockId=conID: 1 locID: 102659353906905742 bcsId: 0,size=1048576]} | ret=SUCCESS |  
2019-08-22 07:03:46,596 | INFO  | DNAudit | user=null | ip=null | op=WRITE_CHUNK {blockData=conID: 1 locID: 102659353906905742 bcsId: 0} | ret=SUCCESS |  
2019-08-22 07:03:46,596 | INFO  | DNAudit | user=null | ip=null | op=PUT_BLOCK {blockData=[blockId=conID: 1 locID: 102659353906905742 bcsId: 0,size=2097152]} | ret=SUCCESS |  
2019-08-22 07:03:46,597 | INFO  | DNAudit | user=null | ip=null | op=PUT_BLOCK {blockData=[blockId=conID: 1 locID: 102659353906905742 bcsId: 0,size=1048576]} | ret=SUCCESS |  
2019-08-22 07:03:46,598 | INFO  | DNAudit | user=null | ip=null | op=WRITE_CHUNK {blockData=conID: 1 locID: 102659353906905742 bcsId: 0} | ret=SUCCESS |  
2019-08-22 07:03:46,598 | INFO  | DNAudit | user=null | ip=null | op=PUT_BLOCK {blockData=[blockId=conID: 1 locID: 102659353906905742 bcsId: 0,size=2097152]} | ret=SUCCESS |  
2019-08-22 07:03:46,598 [grpc-default-executor-0] INFO  client.GrpcClientProtocolClient (GrpcClientProtocolClient.java:onNext(255)) - client-CF63D631FA17->3cf1264f-5f6b-4138-aeee-2ff7d4522ead: receive RaftClientReply:client-CF63D631FA17->3cf1264f-5f6b-4138-aeee-2ff7d4522ead@group-561E16522154, cid=3096, SUCCESS, logIndex=0, commits[3cf1264f-5f6b-4138-aeee-2ff7d4522ead:c4675, 4f0d1a15-8f14-4d9a-ad4f-8211e1245b5d:c4669, 6999f20e-c3f7-4db4-87ca-141c476f2a88:c4671]
2019-08-22 07:03:46,605 | INFO  | DNAudit | user=null | ip=null | op=WRITE_CHUNK {blockData=conID: 1 locID: 102659353906905742 bcsId: 4671} | ret=SUCCESS |  
2019-08-22 07:03:46,608 | INFO  | DNAudit | user=null | ip=null | op=WRITE_CHUNK {blockData=conID: 1 locID: 102659353906905742 bcsId: 4671} | ret=SUCCESS |  
2019-08-22 07:03:46,608 | INFO  | DNAudit | user=null | ip=null | op=WRITE_CHUNK {blockData=conID: 1 locID: 102659353906905742 bcsId: 4671} | ret=SUCCESS |  
2019-08-22 07:03:46,618 | INFO  | DNAudit | user=null | ip=null | op=WRITE_CHUNK {blockData=conID: 1 locID: 102659353906905742 bcsId: 4671} | ret=SUCCESS |  
2019-08-22 07:03:46,618 | INFO  | DNAudit | user=null | ip=null | op=PUT_BLOCK {blockData=[blockId=conID: 1 locID: 102659353906905742 bcsId: 0,size=3145728]} | ret=SUCCESS |  
2019-08-22 07:03:46,618 [grpc-default-executor-5] INFO  client.GrpcClientProtocolClient (GrpcClientProtocolClient.java:onNext(255)) - client-CF63D631FA17->3cf1264f-5f6b-4138-aeee-2ff7d4522ead: receive RaftClientReply:client-CF63D631FA17->3cf1264f-5f6b-4138-aeee-2ff7d4522ead@group-561E16522154, cid=3097, SUCCESS, logIndex=4676, commits[3cf1264f-5f6b-4138-aeee-2ff7d4522ead:c4677, 4f0d1a15-8f14-4d9a-ad4f-8211e1245b5d:c4675, 6999f20e-c3f7-4db4-87ca-141c476f2a88:c4675]
2019-08-22 07:03:46,619 [grpc-default-executor-5] INFO  client.GrpcClientProtocolClient (GrpcClientProtocolClient.java:onNext(255)) - client-CF63D631FA17->3cf1264f-5f6b-4138-aeee-2ff7d4522ead: receive RaftClientReply:client-CF63D631FA17->3cf1264f-5f6b-4138-aeee-2ff7d4522ead@group-561E16522154, cid=3098, SUCCESS, logIndex=4677, commits[3cf1264f-5f6b-4138-aeee-2ff7d4522ead:c4677, 4f0d1a15-8f14-4d9a-ad4f-8211e1245b5d:c4675, 6999f20e-c3f7-4db4-87ca-141c476f2a88:c4675]
2019-08-22 07:03:46,626 | INFO  | DNAudit | user=null | ip=null | op=WRITE_CHUNK {blockData=conID: 1 locID: 102659353906905742 bcsId: 4677} | ret=SUCCESS |  
2019-08-22 07:03:46,628 | INFO  | DNAudit | user=null | ip=null | op=WRITE_CHUNK {blockData=conID: 1 locID: 102659353906905742 bcsId: 4677} | ret=SUCCESS |  
2019-08-22 07:03:46,629 | INFO  | DNAudit | user=null | ip=null | op=WRITE_CHUNK {blockData=conID: 1 locID: 102659353906905742 bcsId: 4677} | ret=SUCCESS |  
2019-08-22 07:03:46,629 | INFO  | DNAudit | user=null | ip=null | op=WRITE_CHUNK {blockData=conID: 1 locID: 102659353906905742 bcsId: 4671} | ret=SUCCESS |  
2019-08-22 07:03:46,629 | INFO  | DNAudit | user=null | ip=null | op=WRITE_CHUNK {blockData=conID: 1 locID: 102659353906905742 bcsId: 4671} | ret=SUCCESS |  
2019-08-22 07:03:46,630 | INFO  | DNAudit | user=null | ip=null | op=PUT_BLOCK {blockData=[blockId=conID: 1 locID: 102659353906905742 bcsId: 0,size=3145728]} | ret=SUCCESS |  
2019-08-22 07:03:46,630 | INFO  | DNAudit | user=null | ip=null | op=PUT_BLOCK {blockData=[blockId=conID: 1 locID: 102659353906905742 bcsId: 0,size=3145728]} | ret=SUCCESS |  
2019-08-22 07:03:46,631 | INFO  | DNAudit | user=null | ip=null | op=WRITE_CHUNK {blockData=conID: 1 locID: 102659353906905742 bcsId: 4677} | ret=SUCCESS |  
2019-08-22 07:03:46,631 | INFO  | DNAudit | user=null | ip=null | op=PUT_BLOCK {blockData=[blockId=conID: 1 locID: 102659353906905742 bcsId: 0,size=4194304]} | ret=SUCCESS |  
2019-08-22 07:03:46,631 [grpc-default-executor-5] INFO  client.GrpcClientProtocolClient (GrpcClientProtocolClient.java:onNext(255)) - client-CF63D631FA17->3cf1264f-5f6b-4138-aeee-2ff7d4522ead: receive RaftClientReply:client-CF63D631FA17->3cf1264f-5f6b-4138-aeee-2ff7d4522ead@group-561E16522154, cid=3099, SUCCESS, logIndex=4680, commits[3cf1264f-5f6b-4138-aeee-2ff7d4522ead:c4681, 4f0d1a15-8f14-4d9a-ad4f-8211e1245b5d:c4677, 6999f20e-c3f7-4db4-87ca-141c476f2a88:c4677]
2019-08-22 07:03:46,632 [grpc-default-executor-5] INFO  client.GrpcClientProtocolClient (GrpcClientProtocolClient.java:onNext(255)) - client-CF63D631FA17->3cf1264f-5f6b-4138-aeee-2ff7d4522ead: receive RaftClientReply:client-CF63D631FA17->3cf1264f-5f6b-4138-aeee-2ff7d4522ead@group-561E16522154, cid=3100, SUCCESS, logIndex=4681, commits[3cf1264f-5f6b-4138-aeee-2ff7d4522ead:c4681, 4f0d1a15-8f14-4d9a-ad4f-8211e1245b5d:c4677, 6999f20e-c3f7-4db4-87ca-141c476f2a88:c4677]
2019-08-22 07:03:46,642 | INFO  | DNAudit | user=null | ip=null | op=WRITE_CHUNK {blockData=conID: 1 locID: 102659353906905742 bcsId: 4677} | ret=SUCCESS |  
2019-08-22 07:03:46,643 | INFO  | DNAudit | user=null | ip=null | op=WRITE_CHUNK {blockData=conID: 1 locID: 102659353906905742 bcsId: 4677} | ret=SUCCESS |  
2019-08-22 07:03:46,643 | INFO  | DNAudit | user=null | ip=null | op=PUT_BLOCK {blockData=[blockId=conID: 1 locID: 102659353906905742 bcsId: 0,size=4194304]} | ret=SUCCESS |  
2019-08-22 07:03:46,643 | INFO  | DNAudit | user=null | ip=null | op=PUT_BLOCK {blockData=[blockId=conID: 1 locID: 102659353906905742 bcsId: 0,size=4194304]} | ret=SUCCESS |  
2019-08-22 07:03:46,643 [grpc-default-executor-5] INFO  client.GrpcClientProtocolClient (GrpcClientProtocolClient.java:onNext(255)) - client-CF63D631FA17->3cf1264f-5f6b-4138-aeee-2ff7d4522ead: receive RaftClientReply:client-CF63D631FA17->3cf1264f-5f6b-4138-aeee-2ff7d4522ead@group-561E16522154, cid=3101, SUCCESS, logIndex=0, commits[3cf1264f-5f6b-4138-aeee-2ff7d4522ead:c4682, 4f0d1a15-8f14-4d9a-ad4f-8211e1245b5d:c4681, 6999f20e-c3f7-4db4-87ca-141c476f2a88:c4681]
2019-08-22 07:03:46,651 | INFO  | SCMAudit | user=jenkins1000 | ip=192.168.34.31 | op=ALLOCATE_BLOCK {owner=04b6d46a-98e2-41b1-9f38-1870289993ea, size=4194304, type=RATIS, factor=THREE} | ret=SUCCESS |  
2019-08-22 07:03:46,657 | INFO  | OMAudit | user=jenkins1000 | ip=127.0.0.1 | op=ALLOCATE_BLOCK {volume=vol-0-14906, bucket=bucket-0-53153, key=key-0-33222, dataSize=0, replicationType=null, replicationFactor=null, keyLocationInfo=null, clientID=102659352017764754} | ret=SUCCESS |  
2019-08-22 07:03:46,664 | INFO  | DNAudit | user=null | ip=null | op=WRITE_CHUNK {blockData=conID: 2 locID: 102659353913000591 bcsId: 0} | ret=SUCCESS |  
2019-08-22 07:03:46,666 | INFO  | DNAudit | user=null | ip=null | op=WRITE_CHUNK {blockData=conID: 2 locID: 102659353913000591 bcsId: 0} | ret=SUCCESS |  
2019-08-22 07:03:46,667 | INFO  | DNAudit | user=null | ip=null | op=WRITE_CHUNK {blockData=conID: 2 locID: 102659353913000591 bcsId: 0} | ret=SUCCESS |  
2019-08-22 07:03:46,667 | INFO  | DNAudit | user=null | ip=null | op=WRITE_CHUNK {blockData=conID: 2 locID: 102659353913000591 bcsId: 0} | ret=SUCCESS |  
2019-08-22 07:03:46,668 | INFO  | DNAudit | user=null | ip=null | op=WRITE_CHUNK {blockData=conID: 2 locID: 102659353913000591 bcsId: 0} | ret=SUCCESS |  
2019-08-22 07:03:46,669 | INFO  | DNAudit | user=null | ip=null | op=WRITE_CHUNK {blockData=conID: 2 locID: 102659353913000591 bcsId: 0} | ret=SUCCESS |  
2019-08-22 07:03:46,681 | INFO  | DNAudit | user=null | ip=null | op=WRITE_CHUNK {blockData=conID: 2 locID: 102659353913000591 bcsId: 0} | ret=SUCCESS |  
2019-08-22 07:03:46,682 | INFO  | DNAudit | user=null | ip=null | op=PUT_BLOCK {blockData=[blockId=conID: 2 locID: 102659353913000591 bcsId: 0,size=1048576]} | ret=SUCCESS |  
2019-08-22 07:03:46,682 [grpc-default-executor-5] INFO  client.GrpcClientProtocolClient (GrpcClientProtocolClient.java:onNext(255)) - client-CF63D631FA17->3cf1264f-5f6b-4138-aeee-2ff7d4522ead: receive RaftClientReply:client-CF63D631FA17->3cf1264f-5f6b-4138-aeee-2ff7d4522ead@group-561E16522154, cid=3102, SUCCESS, logIndex=4684, commits[3cf1264f-5f6b-4138-aeee-2ff7d4522ead:c4685, 4f0d1a15-8f14-4d9a-ad4f-8211e1245b5d:c4683, 6999f20e-c3f7-4db4-87ca-141c476f2a88:c4683]
2019-08-22 07:03:46,682 | INFO  | DNAudit | user=null | ip=null | op=WRITE_CHUNK {blockData=conID: 2 locID: 102659353913000591 bcsId: 0} | ret=SUCCESS |  
2019-08-22 07:03:46,683 | INFO  | DNAudit | user=null | ip=null | op=PUT_BLOCK {blockData=[blockId=conID: 2 locID: 102659353913000591 bcsId: 0,size=2097152]} | ret=SUCCESS |  
2019-08-22 07:03:46,683 [grpc-default-executor-5] INFO  client.GrpcClientProtocolClient (GrpcClientProtocolClient.java:onNext(255)) - client-CF63D631FA17->3cf1264f-5f6b-4138-aeee-2ff7d4522ead: receive RaftClientReply:client-CF63D631FA17->3cf1264f-5f6b-4138-aeee-2ff7d4522ead@group-561E16522154, cid=3103, SUCCESS, logIndex=4685, commits[3cf1264f-5f6b-4138-aeee-2ff7d4522ead:c4687, 4f0d1a15-8f14-4d9a-ad4f-8211e1245b5d:c4683, 6999f20e-c3f7-4db4-87ca-141c476f2a88:c4683]
2019-08-22 07:03:46,683 [grpc-default-executor-5] INFO  client.GrpcClientProtocolClient (GrpcClientProtocolClient.java:onNext(255)) - client-CF63D631FA17->3cf1264f-5f6b-4138-aeee-2ff7d4522ead: receive RaftClientReply:client-CF63D631FA17->3cf1264f-5f6b-4138-aeee-2ff7d4522ead@group-561E16522154, cid=3104, SUCCESS, logIndex=4686, commits[3cf1264f-5f6b-4138-aeee-2ff7d4522ead:c4687, 4f0d1a15-8f14-4d9a-ad4f-8211e1245b5d:c4683, 6999f20e-c3f7-4db4-87ca-141c476f2a88:c4683]
2019-08-22 07:03:46,683 [grpc-default-executor-5] INFO  client.GrpcClientProtocolClient (GrpcClientProtocolClient.java:onNext(255)) - client-CF63D631FA17->3cf1264f-5f6b-4138-aeee-2ff7d4522ead: receive RaftClientReply:client-CF63D631FA17->3cf1264f-5f6b-4138-aeee-2ff7d4522ead@group-561E16522154, cid=3105, SUCCESS, logIndex=4687, commits[3cf1264f-5f6b-4138-aeee-2ff7d4522ead:c4687, 4f0d1a15-8f14-4d9a-ad4f-8211e1245b5d:c4683, 6999f20e-c3f7-4db4-87ca-141c476f2a88:c4683]
2019-08-22 07:03:46,693 | INFO  | DNAudit | user=null | ip=null | op=WRITE_CHUNK {blockData=conID: 2 locID: 102659353913000591 bcsId: 0} | ret=SUCCESS |  
2019-08-22 07:03:46,693 | INFO  | DNAudit | user=null | ip=null | op=WRITE_CHUNK {blockData=conID: 2 locID: 102659353913000591 bcsId: 0} | ret=SUCCESS |  
2019-08-22 07:03:46,693 | INFO  | DNAudit | user=null | ip=null | op=PUT_BLOCK {blockData=[blockId=conID: 2 locID: 102659353913000591 bcsId: 0,size=1048576]} | ret=SUCCESS |  
2019-08-22 07:03:46,693 | INFO  | DNAudit | user=null | ip=null | op=PUT_BLOCK {blockData=[blockId=conID: 2 locID: 102659353913000591 bcsId: 0,size=1048576]} | ret=SUCCESS |  
2019-08-22 07:03:46,694 | INFO  | DNAudit | user=null | ip=null | op=WRITE_CHUNK {blockData=conID: 2 locID: 102659353913000591 bcsId: 0} | ret=SUCCESS |  
2019-08-22 07:03:46,694 [grpc-default-executor-0] INFO  client.GrpcClientProtocolClient (GrpcClientProtocolClient.java:onNext(255)) - client-CF63D631FA17->3cf1264f-5f6b-4138-aeee-2ff7d4522ead: receive RaftClientReply:client-CF63D631FA17->3cf1264f-5f6b-4138-aeee-2ff7d4522ead@group-561E16522154, cid=3106, SUCCESS, logIndex=0, commits[3cf1264f-5f6b-4138-aeee-2ff7d4522ead:c4689, 4f0d1a15-8f14-4d9a-ad4f-8211e1245b5d:c4685, 6999f20e-c3f7-4db4-87ca-141c476f2a88:c4685]
2019-08-22 07:03:46,694 | INFO  | DNAudit | user=null | ip=null | op=PUT_BLOCK {blockData=[blockId=conID: 2 locID: 102659353913000591 bcsId: 0,size=2097152]} | ret=SUCCESS |  
2019-08-22 07:03:46,695 | INFO  | DNAudit | user=null | ip=null | op=WRITE_CHUNK {blockData=conID: 2 locID: 102659353913000591 bcsId: 0} | ret=SUCCESS |  
2019-08-22 07:03:46,695 | INFO  | DNAudit | user=null | ip=null | op=PUT_BLOCK {blockData=[blockId=conID: 2 locID: 102659353913000591 bcsId: 0,size=2097152]} | ret=SUCCESS |  
2019-08-22 07:03:46,701 | INFO  | DNAudit | user=null | ip=null | op=WRITE_CHUNK {blockData=conID: 2 locID: 102659353913000591 bcsId: 4687} | ret=SUCCESS |  
2019-08-22 07:03:46,703 | INFO  | DNAudit | user=null | ip=null | op=WRITE_CHUNK {blockData=conID: 2 locID: 102659353913000591 bcsId: 4687} | ret=SUCCESS |  
2019-08-22 07:03:46,704 | INFO  | DNAudit | user=null | ip=null | op=WRITE_CHUNK {blockData=conID: 2 locID: 102659353913000591 bcsId: 4687} | ret=SUCCESS |  
2019-08-22 07:03:46,713 | INFO  | DNAudit | user=null | ip=null | op=WRITE_CHUNK {blockData=conID: 2 locID: 102659353913000591 bcsId: 4687} | ret=SUCCESS |  
2019-08-22 07:03:46,713 | INFO  | DNAudit | user=null | ip=null | op=PUT_BLOCK {blockData=[blockId=conID: 2 locID: 102659353913000591 bcsId: 0,size=3145728]} | ret=SUCCESS |  
2019-08-22 07:03:46,714 [grpc-default-executor-0] INFO  client.GrpcClientProtocolClient (GrpcClientProtocolClient.java:onNext(255)) - client-CF63D631FA17->3cf1264f-5f6b-4138-aeee-2ff7d4522ead: receive RaftClientReply:client-CF63D631FA17->3cf1264f-5f6b-4138-aeee-2ff7d4522ead@group-561E16522154, cid=3107, SUCCESS, logIndex=4692, commits[3cf1264f-5f6b-4138-aeee-2ff7d4522ead:c4693, 4f0d1a15-8f14-4d9a-ad4f-8211e1245b5d:c4691, 6999f20e-c3f7-4db4-87ca-141c476f2a88:c4691]
2019-08-22 07:03:46,714 [grpc-default-executor-0] INFO  client.GrpcClientProtocolClient (GrpcClientProtocolClient.java:onNext(255)) - client-CF63D631FA17->3cf1264f-5f6b-4138-aeee-2ff7d4522ead: receive RaftClientReply:client-CF63D631FA17->3cf1264f-5f6b-4138-aeee-2ff7d4522ead@group-561E16522154, cid=3108, SUCCESS, logIndex=4693, commits[3cf1264f-5f6b-4138-aeee-2ff7d4522ead:c4693, 4f0d1a15-8f14-4d9a-ad4f-8211e1245b5d:c4691, 6999f20e-c3f7-4db4-87ca-141c476f2a88:c4691]
2019-08-22 07:03:46,715 | INFO  | DNAudit | user=null | ip=null | op=WRITE_CHUNK {blockData=conID: 2 locID: 102659353913000591 bcsId: 4687} | ret=SUCCESS |  
2019-08-22 07:03:46,715 | INFO  | DNAudit | user=null | ip=null | op=WRITE_CHUNK {blockData=conID: 2 locID: 102659353913000591 bcsId: 4687} | ret=SUCCESS |  
2019-08-22 07:03:46,715 | INFO  | DNAudit | user=null | ip=null | op=PUT_BLOCK {blockData=[blockId=conID: 2 locID: 102659353913000591 bcsId: 0,size=3145728]} | ret=SUCCESS |  
2019-08-22 07:03:46,718 | INFO  | DNAudit | user=null | ip=null | op=PUT_BLOCK {blockData=[blockId=conID: 2 locID: 102659353913000591 bcsId: 0,size=3145728]} | ret=SUCCESS |  
2019-08-22 07:03:46,720 | INFO  | DNAudit | user=null | ip=null | op=WRITE_CHUNK {blockData=conID: 2 locID: 102659353913000591 bcsId: 4693} | ret=SUCCESS |  
2019-08-22 07:03:46,722 | INFO  | DNAudit | user=null | ip=null | op=WRITE_CHUNK {blockData=conID: 2 locID: 102659353913000591 bcsId: 4693} | ret=SUCCESS |  
2019-08-22 07:03:46,723 | INFO  | DNAudit | user=null | ip=null | op=WRITE_CHUNK {blockData=conID: 2 locID: 102659353913000591 bcsId: 4693} | ret=SUCCESS |  
2019-08-22 07:03:46,724 | INFO  | DNAudit | user=null | ip=null | op=WRITE_CHUNK {blockData=conID: 2 locID: 102659353913000591 bcsId: 4693} | ret=SUCCESS |  
2019-08-22 07:03:46,725 | INFO  | DNAudit | user=null | ip=null | op=PUT_BLOCK {blockData=[blockId=conID: 2 locID: 102659353913000591 bcsId: 0,size=4194304]} | ret=SUCCESS |  
2019-08-22 07:03:46,725 [grpc-default-executor-3] INFO  client.GrpcClientProtocolClient (GrpcClientProtocolClient.java:onNext(255)) - client-CF63D631FA17->3cf1264f-5f6b-4138-aeee-2ff7d4522ead: receive RaftClientReply:client-CF63D631FA17->3cf1264f-5f6b-4138-aeee-2ff7d4522ead@group-561E16522154, cid=3109, SUCCESS, logIndex=4696, commits[3cf1264f-5f6b-4138-aeee-2ff7d4522ead:c4697, 4f0d1a15-8f14-4d9a-ad4f-8211e1245b5d:c4695, 6999f20e-c3f7-4db4-87ca-141c476f2a88:c4693]
2019-08-22 07:03:46,725 [grpc-default-executor-3] INFO  client.GrpcClientProtocolClient (GrpcClientProtocolClient.java:onNext(255)) - client-CF63D631FA17->3cf1264f-5f6b-4138-aeee-2ff7d4522ead: receive RaftClientReply:client-CF63D631FA17->3cf1264f-5f6b-4138-aeee-2ff7d4522ead@group-561E16522154, cid=3110, SUCCESS, logIndex=4697, commits[3cf1264f-5f6b-4138-aeee-2ff7d4522ead:c4697, 4f0d1a15-8f14-4d9a-ad4f-8211e1245b5d:c4695, 6999f20e-c3f7-4db4-87ca-141c476f2a88:c4695]
2019-08-22 07:03:46,727 | INFO  | DNAudit | user=null | ip=null | op=WRITE_CHUNK {blockData=conID: 2 locID: 102659353913000591 bcsId: 4693} | ret=SUCCESS |  
2019-08-22 07:03:46,727 | INFO  | DNAudit | user=null | ip=null | op=WRITE_CHUNK {blockData=conID: 2 locID: 102659353913000591 bcsId: 4693} | ret=SUCCESS |  
2019-08-22 07:03:46,727 | INFO  | DNAudit | user=null | ip=null | op=PUT_BLOCK {blockData=[blockId=conID: 2 locID: 102659353913000591 bcsId: 0,size=4194304]} | ret=SUCCESS |  
2019-08-22 07:03:46,730 | INFO  | DNAudit | user=null | ip=null | op=PUT_BLOCK {blockData=[blockId=conID: 2 locID: 102659353913000591 bcsId: 0,size=4194304]} | ret=SUCCESS |  
2019-08-22 07:03:46,730 [grpc-default-executor-0] INFO  client.GrpcClientProtocolClient (GrpcClientProtocolClient.java:onNext(255)) - client-CF63D631FA17->3cf1264f-5f6b-4138-aeee-2ff7d4522ead: receive RaftClientReply:client-CF63D631FA17->3cf1264f-5f6b-4138-aeee-2ff7d4522ead@group-561E16522154, cid=3111, SUCCESS, logIndex=0, commits[3cf1264f-5f6b-4138-aeee-2ff7d4522ead:c4698, 4f0d1a15-8f14-4d9a-ad4f-8211e1245b5d:c4697, 6999f20e-c3f7-4db4-87ca-141c476f2a88:c4697]
2019-08-22 07:03:46,738 | INFO  | SCMAudit | user=jenkins1000 | ip=192.168.34.31 | op=ALLOCATE_BLOCK {owner=04b6d46a-98e2-41b1-9f38-1870289993ea, size=4194304, type=RATIS, factor=THREE} | ret=SUCCESS |  
2019-08-22 07:03:46,744 | INFO  | OMAudit | user=jenkins1000 | ip=127.0.0.1 | op=ALLOCATE_BLOCK {volume=vol-0-14906, bucket=bucket-0-53153, key=key-0-33222, dataSize=0, replicationType=null, replicationFactor=null, keyLocationInfo=null, clientID=102659352017764754} | ret=SUCCESS |  
2019-08-22 07:03:46,754 | INFO  | DNAudit | user=null | ip=null | op=WRITE_CHUNK {blockData=conID: 3 locID: 102659353918702224 bcsId: 0} | ret=SUCCESS |  
2019-08-22 07:03:46,755 | INFO  | DNAudit | user=null | ip=null | op=WRITE_CHUNK {blockData=conID: 3 locID: 102659353918702224 bcsId: 0} | ret=SUCCESS |  
 0.00% |█                                                                                                    |  0/1 Time: 0:00:292019-08-22 07:03:46,974 | INFO  | DNAudit | user=null | ip=null | op=WRITE_CHUNK {blockData=conID: 3 locID: 102659353918702224 bcsId: 0} | ret=SUCCESS |  
2019-08-22 07:03:46,974 | INFO  | DNAudit | user=null | ip=null | op=WRITE_CHUNK {blockData=conID: 3 locID: 102659353918702224 bcsId: 0} | ret=SUCCESS |  
2019-08-22 07:03:46,974 | INFO  | SCMAudit | user=jenkins1000 | ip=192.168.34.31 | op=SEND_HEARTBEAT {datanodeUUID=f789f48f-f3d7-45ec-9bba-6a89e2bdcc9c, command=[]} | ret=SUCCESS |  
2019-08-22 07:03:46,974 | INFO  | SCMAudit | user=jenkins1000 | ip=192.168.34.31 | op=SEND_HEARTBEAT {datanodeUUID=6ab6b5dd-7582-43bd-ad39-1af51ca14a47, command=[]} | ret=SUCCESS |  
2019-08-22 07:03:46,974 | INFO  | SCMAudit | user=jenkins1000 | ip=192.168.34.31 | op=SEND_HEARTBEAT {datanodeUUID=6999f20e-c3f7-4db4-87ca-141c476f2a88, command=[]} | ret=SUCCESS |  
2019-08-22 07:03:46,974 | INFO  | SCMAudit | user=jenkins1000 | ip=192.168.34.31 | op=SEND_HEARTBEAT {datanodeUUID=3cf1264f-5f6b-4138-aeee-2ff7d4522ead, command=[]} | ret=SUCCESS |  
2019-08-22 07:03:46,975 | INFO  | DNAudit | user=null | ip=null | op=WRITE_CHUNK {blockData=conID: 3 locID: 102659353918702224 bcsId: 0} | ret=SUCCESS |  
2019-08-22 07:03:46,978 | INFO  | DNAudit | user=null | ip=null | op=WRITE_CHUNK {blockData=conID: 3 locID: 102659353918702224 bcsId: 0} | ret=SUCCESS |  
2019-08-22 07:03:46,986 | INFO  | DNAudit | user=null | ip=null | op=WRITE_CHUNK {blockData=conID: 3 locID: 102659353918702224 bcsId: 0} | ret=SUCCESS |  
2019-08-22 07:03:46,987 | INFO  | DNAudit | user=null | ip=null | op=PUT_BLOCK {blockData=[blockId=conID: 3 locID: 102659353918702224 bcsId: 0,size=1048576]} | ret=SUCCESS |  
2019-08-22 07:03:46,987 [grpc-default-executor-5] INFO  client.GrpcClientProtocolClient (GrpcClientProtocolClient.java:onNext(255)) - client-CF63D631FA17->3cf1264f-5f6b-4138-aeee-2ff7d4522ead: receive RaftClientReply:client-CF63D631FA17->3cf1264f-5f6b-4138-aeee-2ff7d4522ead@group-561E16522154, cid=3112, SUCCESS, logIndex=4700, commits[3cf1264f-5f6b-4138-aeee-2ff7d4522ead:c4703, 4f0d1a15-8f14-4d9a-ad4f-8211e1245b5d:c4699, 6999f20e-c3f7-4db4-87ca-141c476f2a88:c4699]
2019-08-22 07:03:46,987 | INFO  | DNAudit | user=null | ip=null | op=WRITE_CHUNK {blockData=conID: 3 locID: 102659353918702224 bcsId: 0} | ret=SUCCESS |  
2019-08-22 07:03:46,987 | INFO  | DNAudit | user=null | ip=null | op=PUT_BLOCK {blockData=[blockId=conID: 3 locID: 102659353918702224 bcsId: 0,size=2097152]} | ret=SUCCESS |  
2019-08-22 07:03:46,988 [grpc-default-executor-5] INFO  client.GrpcClientProtocolClient (GrpcClientProtocolClient.java:onNext(255)) - client-CF63D631FA17->3cf1264f-5f6b-4138-aeee-2ff7d4522ead: receive RaftClientReply:client-CF63D631FA17->3cf1264f-5f6b-4138-aeee-2ff7d4522ead@group-561E16522154, cid=3113, SUCCESS, logIndex=4701, commits[3cf1264f-5f6b-4138-aeee-2ff7d4522ead:c4703, 4f0d1a15-8f14-4d9a-ad4f-8211e1245b5d:c4699, 6999f20e-c3f7-4db4-87ca-141c476f2a88:c4699]
2019-08-22 07:03:46,988 | INFO  | DNAudit | user=null | ip=null | op=WRITE_CHUNK {blockData=conID: 3 locID: 102659353918702224 bcsId: 0} | ret=SUCCESS |  
2019-08-22 07:03:46,988 [grpc-default-executor-5] INFO  client.GrpcClientProtocolClient (GrpcClientProtocolClient.java:onNext(255)) - client-CF63D631FA17->3cf1264f-5f6b-4138-aeee-2ff7d4522ead: receive RaftClientReply:client-CF63D631FA17->3cf1264f-5f6b-4138-aeee-2ff7d4522ead@group-561E16522154, cid=3114, SUCCESS, logIndex=4702, commits[3cf1264f-5f6b-4138-aeee-2ff7d4522ead:c4703, 4f0d1a15-8f14-4d9a-ad4f-8211e1245b5d:c4699, 6999f20e-c3f7-4db4-87ca-141c476f2a88:c4699]
2019-08-22 07:03:46,988 | INFO  | DNAudit | user=null | ip=null | op=PUT_BLOCK {blockData=[blockId=conID: 3 locID: 102659353918702224 bcsId: 0,size=1048576]} | ret=SUCCESS |  
2019-08-22 07:03:46,988 [grpc-default-executor-5] INFO  client.GrpcClientProtocolClient (GrpcClientProtocolClient.java:onNext(255)) - client-CF63D631FA17->3cf1264f-5f6b-4138-aeee-2ff7d4522ead: receive RaftClientReply:client-CF63D631FA17->3cf1264f-5f6b-4138-aeee-2ff7d4522ead@group-561E16522154, cid=3115, SUCCESS, logIndex=4703, commits[3cf1264f-5f6b-4138-aeee-2ff7d4522ead:c4703, 4f0d1a15-8f14-4d9a-ad4f-8211e1245b5d:c4699, 6999f20e-c3f7-4db4-87ca-141c476f2a88:c4699]
2019-08-22 07:03:46,990 | INFO  | DNAudit | user=null | ip=null | op=WRITE_CHUNK {blockData=conID: 3 locID: 102659353918702224 bcsId: 0} | ret=SUCCESS |  
2019-08-22 07:03:46,990 | INFO  | DNAudit | user=null | ip=null | op=PUT_BLOCK {blockData=[blockId=conID: 3 locID: 102659353918702224 bcsId: 0,size=1048576]} | ret=SUCCESS |  
2019-08-22 07:03:46,990 [grpc-default-executor-5] INFO  client.GrpcClientProtocolClient (GrpcClientProtocolClient.java:onNext(255)) - client-CF63D631FA17->3cf1264f-5f6b-4138-aeee-2ff7d4522ead: receive RaftClientReply:client-CF63D631FA17->3cf1264f-5f6b-4138-aeee-2ff7d4522ead@group-561E16522154, cid=3116, SUCCESS, logIndex=0, commits[3cf1264f-5f6b-4138-aeee-2ff7d4522ead:c4704, 4f0d1a15-8f14-4d9a-ad4f-8211e1245b5d:c4701, 6999f20e-c3f7-4db4-87ca-141c476f2a88:c4701]
2019-08-22 07:03:46,997 | INFO  | DNAudit | user=null | ip=null | op=WRITE_CHUNK {blockData=conID: 3 locID: 102659353918702224 bcsId: 4703} | ret=SUCCESS |  
2019-08-22 07:03:47,001 | INFO  | DNAudit | user=null | ip=null | op=WRITE_CHUNK {blockData=conID: 3 locID: 102659353918702224 bcsId: 0} | ret=SUCCESS |  
2019-08-22 07:03:47,001 | INFO  | DNAudit | user=null | ip=null | op=PUT_BLOCK {blockData=[blockId=conID: 3 locID: 102659353918702224 bcsId: 0,size=2097152]} | ret=SUCCESS |  
2019-08-22 07:03:47,001 | INFO  | DNAudit | user=null | ip=null | op=WRITE_CHUNK {blockData=conID: 3 locID: 102659353918702224 bcsId: 4703} | ret=SUCCESS |  
2019-08-22 07:03:47,001 | INFO  | DNAudit | user=null | ip=null | op=WRITE_CHUNK {blockData=conID: 3 locID: 102659353918702224 bcsId: 0} | ret=SUCCESS |  
2019-08-22 07:03:47,001 | INFO  | DNAudit | user=null | ip=null | op=WRITE_CHUNK {blockData=conID: 3 locID: 102659353918702224 bcsId: 4703} | ret=SUCCESS |  
2019-08-22 07:03:47,002 | INFO  | DNAudit | user=null | ip=null | op=PUT_BLOCK {blockData=[blockId=conID: 3 locID: 102659353918702224 bcsId: 0,size=2097152]} | ret=SUCCESS |  
2019-08-22 07:03:47,015 | INFO  | DNAudit | user=null | ip=null | op=WRITE_CHUNK {blockData=conID: 3 locID: 102659353918702224 bcsId: 4703} | ret=SUCCESS |  
2019-08-22 07:03:47,015 | INFO  | DNAudit | user=null | ip=null | op=PUT_BLOCK {blockData=[blockId=conID: 3 locID: 102659353918702224 bcsId: 0,size=3145728]} | ret=SUCCESS |  
2019-08-22 07:03:47,015 [grpc-default-executor-5] INFO  client.GrpcClientProtocolClient (GrpcClientProtocolClient.java:onNext(255)) - client-CF63D631FA17->3cf1264f-5f6b-4138-aeee-2ff7d4522ead: receive RaftClientReply:client-CF63D631FA17->3cf1264f-5f6b-4138-aeee-2ff7d4522ead@group-561E16522154, cid=3117, SUCCESS, logIndex=4708, commits[3cf1264f-5f6b-4138-aeee-2ff7d4522ead:c4709, 4f0d1a15-8f14-4d9a-ad4f-8211e1245b5d:c4704, 6999f20e-c3f7-4db4-87ca-141c476f2a88:c4704]
2019-08-22 07:03:47,016 [grpc-default-executor-5] INFO  client.GrpcClientProtocolClient (GrpcClientProtocolClient.java:onNext(255)) - client-CF63D631FA17->3cf1264f-5f6b-4138-aeee-2ff7d4522ead: receive RaftClientReply:client-CF63D631FA17->3cf1264f-5f6b-4138-aeee-2ff7d4522ead@group-561E16522154, cid=3118, SUCCESS, logIndex=4709, commits[3cf1264f-5f6b-4138-aeee-2ff7d4522ead:c4709, 4f0d1a15-8f14-4d9a-ad4f-8211e1245b5d:c4704, 6999f20e-c3f7-4db4-87ca-141c476f2a88:c4704]
2019-08-22 07:03:47,016 | INFO  | DNAudit | user=null | ip=null | op=WRITE_CHUNK {blockData=conID: 3 locID: 102659353918702224 bcsId: 4703} | ret=SUCCESS |  
2019-08-22 07:03:47,017 | INFO  | DNAudit | user=null | ip=null | op=WRITE_CHUNK {blockData=conID: 3 locID: 102659353918702224 bcsId: 4703} | ret=SUCCESS |  
2019-08-22 07:03:47,017 | INFO  | DNAudit | user=null | ip=null | op=PUT_BLOCK {blockData=[blockId=conID: 3 locID: 102659353918702224 bcsId: 0,size=3145728]} | ret=SUCCESS |  
2019-08-22 07:03:47,018 | INFO  | DNAudit | user=null | ip=null | op=PUT_BLOCK {blockData=[blockId=conID: 3 locID: 102659353918702224 bcsId: 0,size=3145728]} | ret=SUCCESS |  
2019-08-22 07:03:47,023 | INFO  | DNAudit | user=null | ip=null | op=WRITE_CHUNK {blockData=conID: 3 locID: 102659353918702224 bcsId: 4709} | ret=SUCCESS |  
2019-08-22 07:03:47,025 | INFO  | DNAudit | user=null | ip=null | op=WRITE_CHUNK {blockData=conID: 3 locID: 102659353918702224 bcsId: 4709} | ret=SUCCESS |  
2019-08-22 07:03:47,026 | INFO  | DNAudit | user=null | ip=null | op=WRITE_CHUNK {blockData=conID: 3 locID: 102659353918702224 bcsId: 4709} | ret=SUCCESS |  
2019-08-22 07:03:47,035 | INFO  | DNAudit | user=null | ip=null | op=WRITE_CHUNK {blockData=conID: 3 locID: 102659353918702224 bcsId: 4709} | ret=SUCCESS |  
2019-08-22 07:03:47,036 | INFO  | DNAudit | user=null | ip=null | op=PUT_BLOCK {blockData=[blockId=conID: 3 locID: 102659353918702224 bcsId: 0,size=4194304]} | ret=SUCCESS |  
2019-08-22 07:03:47,036 [grpc-default-executor-3] INFO  client.GrpcClientProtocolClient (GrpcClientProtocolClient.java:onNext(255)) - client-CF63D631FA17->3cf1264f-5f6b-4138-aeee-2ff7d4522ead: receive RaftClientReply:client-CF63D631FA17->3cf1264f-5f6b-4138-aeee-2ff7d4522ead@group-561E16522154, cid=3119, SUCCESS, logIndex=4712, commits[3cf1264f-5f6b-4138-aeee-2ff7d4522ead:c4713, 4f0d1a15-8f14-4d9a-ad4f-8211e1245b5d:c4711, 6999f20e-c3f7-4db4-87ca-141c476f2a88:c4711]
2019-08-22 07:03:47,036 [grpc-default-executor-3] INFO  client.GrpcClientProtocolClient (GrpcClientProtocolClient.java:onNext(255)) - client-CF63D631FA17->3cf1264f-5f6b-4138-aeee-2ff7d4522ead: receive RaftClientReply:client-CF63D631FA17->3cf1264f-5f6b-4138-aeee-2ff7d4522ead@group-561E16522154, cid=3120, SUCCESS, logIndex=4713, commits[3cf1264f-5f6b-4138-aeee-2ff7d4522ead:c4713, 4f0d1a15-8f14-4d9a-ad4f-8211e1245b5d:c4711, 6999f20e-c3f7-4db4-87ca-141c476f2a88:c4711]
2019-08-22 07:03:47,047 | INFO  | DNAudit | user=null | ip=null | op=WRITE_CHUNK {blockData=conID: 3 locID: 102659353918702224 bcsId: 4709} | ret=SUCCESS |  
2019-08-22 07:03:47,047 | INFO  | DNAudit | user=null | ip=null | op=WRITE_CHUNK {blockData=conID: 3 locID: 102659353918702224 bcsId: 4709} | ret=SUCCESS |  
2019-08-22 07:03:47,047 | INFO  | DNAudit | user=null | ip=null | op=PUT_BLOCK {blockData=[blockId=conID: 3 locID: 102659353918702224 bcsId: 0,size=4194304]} | ret=SUCCESS |  
2019-08-22 07:03:47,050 | INFO  | DNAudit | user=null | ip=null | op=PUT_BLOCK {blockData=[blockId=conID: 3 locID: 102659353918702224 bcsId: 0,size=4194304]} | ret=SUCCESS |  
2019-08-22 07:03:47,050 [grpc-default-executor-3] INFO  client.GrpcClientProtocolClient (GrpcClientProtocolClient.java:onNext(255)) - client-CF63D631FA17->3cf1264f-5f6b-4138-aeee-2ff7d4522ead: receive RaftClientReply:client-CF63D631FA17->3cf1264f-5f6b-4138-aeee-2ff7d4522ead@group-561E16522154, cid=3121, SUCCESS, logIndex=0, commits[3cf1264f-5f6b-4138-aeee-2ff7d4522ead:c4715, 4f0d1a15-8f14-4d9a-ad4f-8211e1245b5d:c4713, 6999f20e-c3f7-4db4-87ca-141c476f2a88:c4713]
2019-08-22 07:03:47,056 | INFO  | SCMAudit | user=jenkins1000 | ip=192.168.34.31 | op=ALLOCATE_BLOCK {owner=04b6d46a-98e2-41b1-9f38-1870289993ea, size=4194304, type=RATIS, factor=THREE} | ret=SUCCESS |  
2019-08-22 07:03:47,061 | INFO  | OMAudit | user=jenkins1000 | ip=127.0.0.1 | op=ALLOCATE_BLOCK {volume=vol-0-14906, bucket=bucket-0-53153, key=key-0-33222, dataSize=0, replicationType=null, replicationFactor=null, keyLocationInfo=null, clientID=102659352017764754} | ret=SUCCESS |  
2019-08-22 07:03:47,068 | INFO  | DNAudit | user=null | ip=null | op=WRITE_CHUNK {blockData=conID: 1 locID: 102659353939542673 bcsId: 0} | ret=SUCCESS |  
2019-08-22 07:03:47,071 | INFO  | DNAudit | user=null | ip=null | op=WRITE_CHUNK {blockData=conID: 1 locID: 102659353939542673 bcsId: 0} | ret=SUCCESS |  
2019-08-22 07:03:47,073 | INFO  | DNAudit | user=null | ip=null | op=WRITE_CHUNK {blockData=conID: 1 locID: 102659353939542673 bcsId: 0} | ret=SUCCESS |  
2019-08-22 07:03:47,073 | INFO  | DNAudit | user=null | ip=null | op=WRITE_CHUNK {blockData=conID: 1 locID: 102659353939542673 bcsId: 0} | ret=SUCCESS |  
2019-08-22 07:03:47,075 | INFO  | DNAudit | user=null | ip=null | op=WRITE_CHUNK {blockData=conID: 1 locID: 102659353939542673 bcsId: 0} | ret=SUCCESS |  
2019-08-22 07:03:47,075 | INFO  | DNAudit | user=null | ip=null | op=WRITE_CHUNK {blockData=conID: 1 locID: 102659353939542673 bcsId: 0} | ret=SUCCESS |  
2019-08-22 07:03:47,081 | INFO  | DNAudit | user=null | ip=null | op=WRITE_CHUNK {blockData=conID: 1 locID: 102659353939542673 bcsId: 0} | ret=SUCCESS |  
2019-08-22 07:03:47,081 | INFO  | DNAudit | user=null | ip=null | op=PUT_BLOCK {blockData=[blockId=conID: 1 locID: 102659353939542673 bcsId: 0,size=1048576]} | ret=SUCCESS |  
2019-08-22 07:03:47,082 | INFO  | DNAudit | user=null | ip=null | op=WRITE_CHUNK {blockData=conID: 1 locID: 102659353939542673 bcsId: 0} | ret=SUCCESS |  
2019-08-22 07:03:47,081 [grpc-default-executor-5] INFO  client.GrpcClientProtocolClient (GrpcClientProtocolClient.java:onNext(255)) - client-CF63D631FA17->3cf1264f-5f6b-4138-aeee-2ff7d4522ead: receive RaftClientReply:client-CF63D631FA17->3cf1264f-5f6b-4138-aeee-2ff7d4522ead@group-561E16522154, cid=3122, SUCCESS, logIndex=4716, commits[3cf1264f-5f6b-4138-aeee-2ff7d4522ead:c4716, 4f0d1a15-8f14-4d9a-ad4f-8211e1245b5d:c4715, 6999f20e-c3f7-4db4-87ca-141c476f2a88:c4715]
2019-08-22 07:03:47,082 | INFO  | DNAudit | user=null | ip=null | op=PUT_BLOCK {blockData=[blockId=conID: 1 locID: 102659353939542673 bcsId: 0,size=2097152]} | ret=SUCCESS |  
2019-08-22 07:03:47,082 [grpc-default-executor-5] INFO  client.GrpcClientProtocolClient (GrpcClientProtocolClient.java:onNext(255)) - client-CF63D631FA17->3cf1264f-5f6b-4138-aeee-2ff7d4522ead: receive RaftClientReply:client-CF63D631FA17->3cf1264f-5f6b-4138-aeee-2ff7d4522ead@group-561E16522154, cid=3123, SUCCESS, logIndex=4717, commits[3cf1264f-5f6b-4138-aeee-2ff7d4522ead:c4719, 4f0d1a15-8f14-4d9a-ad4f-8211e1245b5d:c4715, 6999f20e-c3f7-4db4-87ca-141c476f2a88:c4715]
2019-08-22 07:03:47,082 | INFO  | DNAudit | user=null | ip=null | op=WRITE_CHUNK {blockData=conID: 1 locID: 102659353939542673 bcsId: 0} | ret=SUCCESS |  
2019-08-22 07:03:47,083 [grpc-default-executor-5] INFO  client.GrpcClientProtocolClient (GrpcClientProtocolClient.java:onNext(255)) - client-CF63D631FA17->3cf1264f-5f6b-4138-aeee-2ff7d4522ead: receive RaftClientReply:client-CF63D631FA17->3cf1264f-5f6b-4138-aeee-2ff7d4522ead@group-561E16522154, cid=3124, SUCCESS, logIndex=4718, commits[3cf1264f-5f6b-4138-aeee-2ff7d4522ead:c4719, 4f0d1a15-8f14-4d9a-ad4f-8211e1245b5d:c4715, 6999f20e-c3f7-4db4-87ca-141c476f2a88:c4715]
2019-08-22 07:03:47,083 [grpc-default-executor-5] INFO  client.GrpcClientProtocolClient (GrpcClientProtocolClient.java:onNext(255)) - client-CF63D631FA17->3cf1264f-5f6b-4138-aeee-2ff7d4522ead: receive RaftClientReply:client-CF63D631FA17->3cf1264f-5f6b-4138-aeee-2ff7d4522ead@group-561E16522154, cid=3125, SUCCESS, logIndex=4719, commits[3cf1264f-5f6b-4138-aeee-2ff7d4522ead:c4719, 4f0d1a15-8f14-4d9a-ad4f-8211e1245b5d:c4715, 6999f20e-c3f7-4db4-87ca-141c476f2a88:c4715]
2019-08-22 07:03:47,083 | INFO  | DNAudit | user=null | ip=null | op=WRITE_CHUNK {blockData=conID: 1 locID: 102659353939542673 bcsId: 0} | ret=SUCCESS |  
2019-08-22 07:03:47,083 | INFO  | DNAudit | user=null | ip=null | op=PUT_BLOCK {blockData=[blockId=conID: 1 locID: 102659353939542673 bcsId: 0,size=1048576]} | ret=SUCCESS |  
2019-08-22 07:03:47,084 | INFO  | DNAudit | user=null | ip=null | op=PUT_BLOCK {blockData=[blockId=conID: 1 locID: 102659353939542673 bcsId: 0,size=1048576]} | ret=SUCCESS |  
2019-08-22 07:03:47,084 | INFO  | DNAudit | user=null | ip=null | op=WRITE_CHUNK {blockData=conID: 1 locID: 102659353939542673 bcsId: 0} | ret=SUCCESS |  
2019-08-22 07:03:47,084 | INFO  | DNAudit | user=null | ip=null | op=WRITE_CHUNK {blockData=conID: 1 locID: 102659353939542673 bcsId: 0} | ret=SUCCESS |  
2019-08-22 07:03:47,084 | INFO  | DNAudit | user=null | ip=null | op=PUT_BLOCK {blockData=[blockId=conID: 1 locID: 102659353939542673 bcsId: 0,size=2097152]} | ret=SUCCESS |  
2019-08-22 07:03:47,084 | INFO  | DNAudit | user=null | ip=null | op=PUT_BLOCK {blockData=[blockId=conID: 1 locID: 102659353939542673 bcsId: 0,size=2097152]} | ret=SUCCESS |  
2019-08-22 07:03:47,084 [grpc-default-executor-5] INFO  client.GrpcClientProtocolClient (GrpcClientProtocolClient.java:onNext(255)) - client-CF63D631FA17->3cf1264f-5f6b-4138-aeee-2ff7d4522ead: receive RaftClientReply:client-CF63D631FA17->3cf1264f-5f6b-4138-aeee-2ff7d4522ead@group-561E16522154, cid=3126, SUCCESS, logIndex=0, commits[3cf1264f-5f6b-4138-aeee-2ff7d4522ead:c4721, 4f0d1a15-8f14-4d9a-ad4f-8211e1245b5d:c4718, 6999f20e-c3f7-4db4-87ca-141c476f2a88:c4717]
2019-08-22 07:03:47,091 | INFO  | DNAudit | user=null | ip=null | op=WRITE_CHUNK {blockData=conID: 1 locID: 102659353939542673 bcsId: 4719} | ret=SUCCESS |  
2019-08-22 07:03:47,095 | INFO  | DNAudit | user=null | ip=null | op=WRITE_CHUNK {blockData=conID: 1 locID: 102659353939542673 bcsId: 4719} | ret=SUCCESS |  
2019-08-22 07:03:47,095 | INFO  | DNAudit | user=null | ip=null | op=WRITE_CHUNK {blockData=conID: 1 locID: 102659353939542673 bcsId: 4719} | ret=SUCCESS |  
2019-08-22 07:03:47,104 | INFO  | DNAudit | user=null | ip=null | op=WRITE_CHUNK {blockData=conID: 1 locID: 102659353939542673 bcsId: 4719} | ret=SUCCESS |  
2019-08-22 07:03:47,105 | INFO  | DNAudit | user=null | ip=null | op=PUT_BLOCK {blockData=[blockId=conID: 1 locID: 102659353939542673 bcsId: 0,size=3145728]} | ret=SUCCESS |  
2019-08-22 07:03:47,105 [grpc-default-executor-3] INFO  client.GrpcClientProtocolClient (GrpcClientProtocolClient.java:onNext(255)) - client-CF63D631FA17->3cf1264f-5f6b-4138-aeee-2ff7d4522ead: receive RaftClientReply:client-CF63D631FA17->3cf1264f-5f6b-4138-aeee-2ff7d4522ead@group-561E16522154, cid=3127, SUCCESS, logIndex=4724, commits[3cf1264f-5f6b-4138-aeee-2ff7d4522ead:c4725, 4f0d1a15-8f14-4d9a-ad4f-8211e1245b5d:c4723, 6999f20e-c3f7-4db4-87ca-141c476f2a88:c4723]
2019-08-22 07:03:47,105 [grpc-default-executor-3] INFO  client.GrpcClientProtocolClient (GrpcClientProtocolClient.java:onNext(255)) - client-CF63D631FA17->3cf1264f-5f6b-4138-aeee-2ff7d4522ead: receive RaftClientReply:client-CF63D631FA17->3cf1264f-5f6b-4138-aeee-2ff7d4522ead@group-561E16522154, cid=3128, SUCCESS, logIndex=4725, commits[3cf1264f-5f6b-4138-aeee-2ff7d4522ead:c4725, 4f0d1a15-8f14-4d9a-ad4f-8211e1245b5d:c4723, 6999f20e-c3f7-4db4-87ca-141c476f2a88:c4723]
2019-08-22 07:03:47,112 | INFO  | DNAudit | user=null | ip=null | op=WRITE_CHUNK {blockData=conID: 1 locID: 102659353939542673 bcsId: 4725} | ret=SUCCESS |  
2019-08-22 07:03:47,115 | INFO  | DNAudit | user=null | ip=null | op=WRITE_CHUNK {blockData=conID: 1 locID: 102659353939542673 bcsId: 4725} | ret=SUCCESS |  
2019-08-22 07:03:47,115 | INFO  | DNAudit | user=null | ip=null | op=WRITE_CHUNK {blockData=conID: 1 locID: 102659353939542673 bcsId: 4725} | ret=SUCCESS |  
2019-08-22 07:03:47,116 | INFO  | DNAudit | user=null | ip=null | op=WRITE_CHUNK {blockData=conID: 1 locID: 102659353939542673 bcsId: 4719} | ret=SUCCESS |  
2019-08-22 07:03:47,116 | INFO  | DNAudit | user=null | ip=null | op=WRITE_CHUNK {blockData=conID: 1 locID: 102659353939542673 bcsId: 4719} | ret=SUCCESS |  
2019-08-22 07:03:47,116 | INFO  | DNAudit | user=null | ip=null | op=PUT_BLOCK {blockData=[blockId=conID: 1 locID: 102659353939542673 bcsId: 0,size=3145728]} | ret=SUCCESS |  
2019-08-22 07:03:47,119 | INFO  | DNAudit | user=null | ip=null | op=PUT_BLOCK {blockData=[blockId=conID: 1 locID: 102659353939542673 bcsId: 0,size=3145728]} | ret=SUCCESS |  
2019-08-22 07:03:47,119 | INFO  | DNAudit | user=null | ip=null | op=WRITE_CHUNK {blockData=conID: 1 locID: 102659353939542673 bcsId: 4725} | ret=SUCCESS |  
2019-08-22 07:03:47,119 | INFO  | DNAudit | user=null | ip=null | op=PUT_BLOCK {blockData=[blockId=conID: 1 locID: 102659353939542673 bcsId: 0,size=4194304]} | ret=SUCCESS |  
2019-08-22 07:03:47,120 [grpc-default-executor-5] INFO  client.GrpcClientProtocolClient (GrpcClientProtocolClient.java:onNext(255)) - client-CF63D631FA17->3cf1264f-5f6b-4138-aeee-2ff7d4522ead: receive RaftClientReply:client-CF63D631FA17->3cf1264f-5f6b-4138-aeee-2ff7d4522ead@group-561E16522154, cid=3129, SUCCESS, logIndex=4728, commits[3cf1264f-5f6b-4138-aeee-2ff7d4522ead:c4728, 4f0d1a15-8f14-4d9a-ad4f-8211e1245b5d:c4725, 6999f20e-c3f7-4db4-87ca-141c476f2a88:c4725]
2019-08-22 07:03:47,120 [grpc-default-executor-5] INFO  client.GrpcClientProtocolClient (GrpcClientProtocolClient.java:onNext(255)) - client-CF63D631FA17->3cf1264f-5f6b-4138-aeee-2ff7d4522ead: receive RaftClientReply:client-CF63D631FA17->3cf1264f-5f6b-4138-aeee-2ff7d4522ead@group-561E16522154, cid=3130, SUCCESS, logIndex=4729, commits[3cf1264f-5f6b-4138-aeee-2ff7d4522ead:c4729, 4f0d1a15-8f14-4d9a-ad4f-8211e1245b5d:c4725, 6999f20e-c3f7-4db4-87ca-141c476f2a88:c4725]
2019-08-22 07:03:47,131 | INFO  | DNAudit | user=null | ip=null | op=WRITE_CHUNK {blockData=conID: 1 locID: 102659353939542673 bcsId: 4725} | ret=SUCCESS |  
2019-08-22 07:03:47,131 | INFO  | DNAudit | user=null | ip=null | op=WRITE_CHUNK {blockData=conID: 1 locID: 102659353939542673 bcsId: 4725} | ret=SUCCESS |  
2019-08-22 07:03:47,133 | INFO  | DNAudit | user=null | ip=null | op=PUT_BLOCK {blockData=[blockId=conID: 1 locID: 102659353939542673 bcsId: 0,size=4194304]} | ret=SUCCESS |  
2019-08-22 07:03:47,134 | INFO  | DNAudit | user=null | ip=null | op=PUT_BLOCK {blockData=[blockId=conID: 1 locID: 102659353939542673 bcsId: 0,size=4194304]} | ret=SUCCESS |  
2019-08-22 07:03:47,134 [grpc-default-executor-5] INFO  client.GrpcClientProtocolClient (GrpcClientProtocolClient.java:onNext(255)) - client-CF63D631FA17->3cf1264f-5f6b-4138-aeee-2ff7d4522ead: receive RaftClientReply:client-CF63D631FA17->3cf1264f-5f6b-4138-aeee-2ff7d4522ead@group-561E16522154, cid=3131, SUCCESS, logIndex=0, commits[3cf1264f-5f6b-4138-aeee-2ff7d4522ead:c4731, 4f0d1a15-8f14-4d9a-ad4f-8211e1245b5d:c4729, 6999f20e-c3f7-4db4-87ca-141c476f2a88:c4729]
2019-08-22 07:03:47,135 | INFO  | SCMAudit | user=jenkins1000 | ip=192.168.34.31 | op=SEND_HEARTBEAT {datanodeUUID=4f0d1a15-8f14-4d9a-ad4f-8211e1245b5d, command=[]} | ret=SUCCESS |  
2019-08-22 07:03:47,140 | INFO  | SCMAudit | user=jenkins1000 | ip=192.168.34.31 | op=ALLOCATE_BLOCK {owner=04b6d46a-98e2-41b1-9f38-1870289993ea, size=4194304, type=RATIS, factor=THREE} | ret=SUCCESS |  
2019-08-22 07:03:47,145 | INFO  | OMAudit | user=jenkins1000 | ip=127.0.0.1 | op=ALLOCATE_BLOCK {volume=vol-0-14906, bucket=bucket-0-53153, key=key-0-33222, dataSize=0, replicationType=null, replicationFactor=null, keyLocationInfo=null, clientID=102659352017764754} | ret=SUCCESS |  
2019-08-22 07:03:47,151 | INFO  | DNAudit | user=null | ip=null | op=WRITE_CHUNK {blockData=conID: 2 locID: 102659353945047698 bcsId: 0} | ret=SUCCESS |  
2019-08-22 07:03:47,154 | INFO  | DNAudit | user=null | ip=null | op=WRITE_CHUNK {blockData=conID: 2 locID: 102659353945047698 bcsId: 0} | ret=SUCCESS |  
2019-08-22 07:03:47,155 | INFO  | DNAudit | user=null | ip=null | op=WRITE_CHUNK {blockData=conID: 2 locID: 102659353945047698 bcsId: 0} | ret=SUCCESS |  
2019-08-22 07:03:47,156 | INFO  | DNAudit | user=null | ip=null | op=WRITE_CHUNK {blockData=conID: 2 locID: 102659353945047698 bcsId: 0} | ret=SUCCESS |  
2019-08-22 07:03:47,157 | INFO  | DNAudit | user=null | ip=null | op=WRITE_CHUNK {blockData=conID: 2 locID: 102659353945047698 bcsId: 0} | ret=SUCCESS |  
2019-08-22 07:03:47,157 | INFO  | DNAudit | user=null | ip=null | op=WRITE_CHUNK {blockData=conID: 2 locID: 102659353945047698 bcsId: 0} | ret=SUCCESS |  
2019-08-22 07:03:47,163 | INFO  | DNAudit | user=null | ip=null | op=WRITE_CHUNK {blockData=conID: 2 locID: 102659353945047698 bcsId: 0} | ret=SUCCESS |  
2019-08-22 07:03:47,164 | INFO  | DNAudit | user=null | ip=null | op=PUT_BLOCK {blockData=[blockId=conID: 2 locID: 102659353945047698 bcsId: 0,size=1048576]} | ret=SUCCESS |  
2019-08-22 07:03:47,164 | INFO  | DNAudit | user=null | ip=null | op=WRITE_CHUNK {blockData=conID: 2 locID: 102659353945047698 bcsId: 0} | ret=SUCCESS |  
2019-08-22 07:03:47,164 [grpc-default-executor-3] INFO  client.GrpcClientProtocolClient (GrpcClientProtocolClient.java:onNext(255)) - client-CF63D631FA17->3cf1264f-5f6b-4138-aeee-2ff7d4522ead: receive RaftClientReply:client-CF63D631FA17->3cf1264f-5f6b-4138-aeee-2ff7d4522ead@group-561E16522154, cid=3132, SUCCESS, logIndex=4732, commits[3cf1264f-5f6b-4138-aeee-2ff7d4522ead:c4733, 4f0d1a15-8f14-4d9a-ad4f-8211e1245b5d:c4731, 6999f20e-c3f7-4db4-87ca-141c476f2a88:c4731]
2019-08-22 07:03:47,165 | INFO  | DNAudit | user=null | ip=null | op=PUT_BLOCK {blockData=[blockId=conID: 2 locID: 102659353945047698 bcsId: 0,size=2097152]} | ret=SUCCESS |  
2019-08-22 07:03:47,165 [grpc-default-executor-3] INFO  client.GrpcClientProtocolClient (GrpcClientProtocolClient.java:onNext(255)) - client-CF63D631FA17->3cf1264f-5f6b-4138-aeee-2ff7d4522ead: receive RaftClientReply:client-CF63D631FA17->3cf1264f-5f6b-4138-aeee-2ff7d4522ead@group-561E16522154, cid=3133, SUCCESS, logIndex=4733, commits[3cf1264f-5f6b-4138-aeee-2ff7d4522ead:c4735, 4f0d1a15-8f14-4d9a-ad4f-8211e1245b5d:c4731, 6999f20e-c3f7-4db4-87ca-141c476f2a88:c4731]
2019-08-22 07:03:47,165 [grpc-default-executor-3] INFO  client.GrpcClientProtocolClient (GrpcClientProtocolClient.java:onNext(255)) - client-CF63D631FA17->3cf1264f-5f6b-4138-aeee-2ff7d4522ead: receive RaftClientReply:client-CF63D631FA17->3cf1264f-5f6b-4138-aeee-2ff7d4522ead@group-561E16522154, cid=3134, SUCCESS, logIndex=4734, commits[3cf1264f-5f6b-4138-aeee-2ff7d4522ead:c4735, 4f0d1a15-8f14-4d9a-ad4f-8211e1245b5d:c4731, 6999f20e-c3f7-4db4-87ca-141c476f2a88:c4731]
2019-08-22 07:03:47,165 [grpc-default-executor-3] INFO  client.GrpcClientProtocolClient (GrpcClientProtocolClient.java:onNext(255)) - client-CF63D631FA17->3cf1264f-5f6b-4138-aeee-2ff7d4522ead: receive RaftClientReply:client-CF63D631FA17->3cf1264f-5f6b-4138-aeee-2ff7d4522ead@group-561E16522154, cid=3135, SUCCESS, logIndex=4735, commits[3cf1264f-5f6b-4138-aeee-2ff7d4522ead:c4735, 4f0d1a15-8f14-4d9a-ad4f-8211e1245b5d:c4731, 6999f20e-c3f7-4db4-87ca-141c476f2a88:c4731]
2019-08-22 07:03:47,167 | INFO  | DNAudit | user=null | ip=null | op=WRITE_CHUNK {blockData=conID: 2 locID: 102659353945047698 bcsId: 0} | ret=SUCCESS |  
2019-08-22 07:03:47,167 | INFO  | DNAudit | user=null | ip=null | op=WRITE_CHUNK {blockData=conID: 2 locID: 102659353945047698 bcsId: 0} | ret=SUCCESS |  
2019-08-22 07:03:47,167 | INFO  | DNAudit | user=null | ip=null | op=PUT_BLOCK {blockData=[blockId=conID: 2 locID: 102659353945047698 bcsId: 0,size=1048576]} | ret=SUCCESS |  
2019-08-22 07:03:47,178 | INFO  | DNAudit | user=null | ip=null | op=PUT_BLOCK {blockData=[blockId=conID: 2 locID: 102659353945047698 bcsId: 0,size=1048576]} | ret=SUCCESS |  
2019-08-22 07:03:47,178 | INFO  | DNAudit | user=null | ip=null | op=WRITE_CHUNK {blockData=conID: 2 locID: 102659353945047698 bcsId: 0} | ret=SUCCESS |  
2019-08-22 07:03:47,179 | INFO  | DNAudit | user=null | ip=null | op=PUT_BLOCK {blockData=[blockId=conID: 2 locID: 102659353945047698 bcsId: 0,size=2097152]} | ret=SUCCESS |  
2019-08-22 07:03:47,179 | INFO  | DNAudit | user=null | ip=null | op=WRITE_CHUNK {blockData=conID: 2 locID: 102659353945047698 bcsId: 0} | ret=SUCCESS |  
2019-08-22 07:03:47,179 | INFO  | DNAudit | user=null | ip=null | op=PUT_BLOCK {blockData=[blockId=conID: 2 locID: 102659353945047698 bcsId: 0,size=2097152]} | ret=SUCCESS |  
2019-08-22 07:03:47,179 [grpc-default-executor-3] INFO  client.GrpcClientProtocolClient (GrpcClientProtocolClient.java:onNext(255)) - client-CF63D631FA17->3cf1264f-5f6b-4138-aeee-2ff7d4522ead: receive RaftClientReply:client-CF63D631FA17->3cf1264f-5f6b-4138-aeee-2ff7d4522ead@group-561E16522154, cid=3136, SUCCESS, logIndex=0, commits[3cf1264f-5f6b-4138-aeee-2ff7d4522ead:c4738, 4f0d1a15-8f14-4d9a-ad4f-8211e1245b5d:c4733, 6999f20e-c3f7-4db4-87ca-141c476f2a88:c4734]
2019-08-22 07:03:47,185 | INFO  | DNAudit | user=null | ip=null | op=WRITE_CHUNK {blockData=conID: 2 locID: 102659353945047698 bcsId: 4735} | ret=SUCCESS |  
2019-08-22 07:03:47,188 | INFO  | DNAudit | user=null | ip=null | op=WRITE_CHUNK {blockData=conID: 2 locID: 102659353945047698 bcsId: 4735} | ret=SUCCESS |  
2019-08-22 07:03:47,188 | INFO  | DNAudit | user=null | ip=null | op=WRITE_CHUNK {blockData=conID: 2 locID: 102659353945047698 bcsId: 4735} | ret=SUCCESS |  
2019-08-22 07:03:47,197 | INFO  | DNAudit | user=null | ip=null | op=WRITE_CHUNK {blockData=conID: 2 locID: 102659353945047698 bcsId: 4735} | ret=SUCCESS |  
2019-08-22 07:03:47,198 | INFO  | DNAudit | user=null | ip=null | op=PUT_BLOCK {blockData=[blockId=conID: 2 locID: 102659353945047698 bcsId: 0,size=3145728]} | ret=SUCCESS |  
2019-08-22 07:03:47,198 [grpc-default-executor-0] INFO  client.GrpcClientProtocolClient (GrpcClientProtocolClient.java:onNext(255)) - client-CF63D631FA17->3cf1264f-5f6b-4138-aeee-2ff7d4522ead: receive RaftClientReply:client-CF63D631FA17->3cf1264f-5f6b-4138-aeee-2ff7d4522ead@group-561E16522154, cid=3137, SUCCESS, logIndex=4740, commits[3cf1264f-5f6b-4138-aeee-2ff7d4522ead:c4741, 4f0d1a15-8f14-4d9a-ad4f-8211e1245b5d:c4739, 6999f20e-c3f7-4db4-87ca-141c476f2a88:c4739]
2019-08-22 07:03:47,198 [grpc-default-executor-0] INFO  client.GrpcClientProtocolClient (GrpcClientProtocolClient.java:onNext(255)) - client-CF63D631FA17->3cf1264f-5f6b-4138-aeee-2ff7d4522ead: receive RaftClientReply:client-CF63D631FA17->3cf1264f-5f6b-4138-aeee-2ff7d4522ead@group-561E16522154, cid=3138, SUCCESS, logIndex=4741, commits[3cf1264f-5f6b-4138-aeee-2ff7d4522ead:c4741, 4f0d1a15-8f14-4d9a-ad4f-8211e1245b5d:c4739, 6999f20e-c3f7-4db4-87ca-141c476f2a88:c4739]
2019-08-22 07:03:47,204 | INFO  | DNAudit | user=null | ip=null | op=WRITE_CHUNK {blockData=conID: 2 locID: 102659353945047698 bcsId: 4741} | ret=SUCCESS |  
2019-08-22 07:03:47,209 | INFO  | DNAudit | user=null | ip=null | op=WRITE_CHUNK {blockData=conID: 2 locID: 102659353945047698 bcsId: 4735} | ret=SUCCESS |  
2019-08-22 07:03:47,209 | INFO  | DNAudit | user=null | ip=null | op=WRITE_CHUNK {blockData=conID: 2 locID: 102659353945047698 bcsId: 4735} | ret=SUCCESS |  
2019-08-22 07:03:47,210 | INFO  | DNAudit | user=null | ip=null | op=WRITE_CHUNK {blockData=conID: 2 locID: 102659353945047698 bcsId: 4741} | ret=SUCCESS |  
2019-08-22 07:03:47,210 | INFO  | DNAudit | user=null | ip=null | op=PUT_BLOCK {blockData=[blockId=conID: 2 locID: 102659353945047698 bcsId: 0,size=3145728]} | ret=SUCCESS |  
2019-08-22 07:03:47,210 | INFO  | DNAudit | user=null | ip=null | op=PUT_BLOCK {blockData=[blockId=conID: 2 locID: 102659353945047698 bcsId: 0,size=3145728]} | ret=SUCCESS |  
2019-08-22 07:03:47,210 | INFO  | DNAudit | user=null | ip=null | op=WRITE_CHUNK {blockData=conID: 2 locID: 102659353945047698 bcsId: 4741} | ret=SUCCESS |  
2019-08-22 07:03:47,211 | INFO  | DNAudit | user=null | ip=null | op=WRITE_CHUNK {blockData=conID: 2 locID: 102659353945047698 bcsId: 4741} | ret=SUCCESS |  
2019-08-22 07:03:47,212 | INFO  | DNAudit | user=null | ip=null | op=PUT_BLOCK {blockData=[blockId=conID: 2 locID: 102659353945047698 bcsId: 0,size=4194304]} | ret=SUCCESS |  
2019-08-22 07:03:47,212 [grpc-default-executor-0] INFO  client.GrpcClientProtocolClient (GrpcClientProtocolClient.java:onNext(255)) - client-CF63D631FA17->3cf1264f-5f6b-4138-aeee-2ff7d4522ead: receive RaftClientReply:client-CF63D631FA17->3cf1264f-5f6b-4138-aeee-2ff7d4522ead@group-561E16522154, cid=3139, SUCCESS, logIndex=4744, commits[3cf1264f-5f6b-4138-aeee-2ff7d4522ead:c4744, 4f0d1a15-8f14-4d9a-ad4f-8211e1245b5d:c4741, 6999f20e-c3f7-4db4-87ca-141c476f2a88:c4741]
2019-08-22 07:03:47,212 [grpc-default-executor-0] INFO  client.GrpcClientProtocolClient (GrpcClientProtocolClient.java:onNext(255)) - client-CF63D631FA17->3cf1264f-5f6b-4138-aeee-2ff7d4522ead: receive RaftClientReply:client-CF63D631FA17->3cf1264f-5f6b-4138-aeee-2ff7d4522ead@group-561E16522154, cid=3140, SUCCESS, logIndex=4745, commits[3cf1264f-5f6b-4138-aeee-2ff7d4522ead:c4745, 4f0d1a15-8f14-4d9a-ad4f-8211e1245b5d:c4741, 6999f20e-c3f7-4db4-87ca-141c476f2a88:c4741]
2019-08-22 07:03:47,223 | INFO  | DNAudit | user=null | ip=null | op=WRITE_CHUNK {blockData=conID: 2 locID: 102659353945047698 bcsId: 4741} | ret=SUCCESS |  
2019-08-22 07:03:47,223 | INFO  | DNAudit | user=null | ip=null | op=WRITE_CHUNK {blockData=conID: 2 locID: 102659353945047698 bcsId: 4741} | ret=SUCCESS |  
2019-08-22 07:03:47,224 | INFO  | DNAudit | user=null | ip=null | op=PUT_BLOCK {blockData=[blockId=conID: 2 locID: 102659353945047698 bcsId: 0,size=4194304]} | ret=SUCCESS |  
2019-08-22 07:03:47,225 | INFO  | DNAudit | user=null | ip=null | op=PUT_BLOCK {blockData=[blockId=conID: 2 locID: 102659353945047698 bcsId: 0,size=4194304]} | ret=SUCCESS |  
2019-08-22 07:03:47,225 [grpc-default-executor-0] INFO  client.GrpcClientProtocolClient (GrpcClientProtocolClient.java:onNext(255)) - client-CF63D631FA17->3cf1264f-5f6b-4138-aeee-2ff7d4522ead: receive RaftClientReply:client-CF63D631FA17->3cf1264f-5f6b-4138-aeee-2ff7d4522ead@group-561E16522154, cid=3141, SUCCESS, logIndex=0, commits[3cf1264f-5f6b-4138-aeee-2ff7d4522ead:c4747, 4f0d1a15-8f14-4d9a-ad4f-8211e1245b5d:c4745, 6999f20e-c3f7-4db4-87ca-141c476f2a88:c4745]
2019-08-22 07:03:47,232 | INFO  | SCMAudit | user=jenkins1000 | ip=192.168.34.31 | op=ALLOCATE_BLOCK {owner=04b6d46a-98e2-41b1-9f38-1870289993ea, size=4194304, type=RATIS, factor=THREE} | ret=SUCCESS |  
2019-08-22 07:03:47,240 | INFO  | OMAudit | user=jenkins1000 | ip=127.0.0.1 | op=ALLOCATE_BLOCK {volume=vol-0-14906, bucket=bucket-0-53153, key=key-0-33222, dataSize=0, replicationType=null, replicationFactor=null, keyLocationInfo=null, clientID=102659352017764754} | ret=SUCCESS |  
2019-08-22 07:03:47,249 | INFO  | DNAudit | user=null | ip=null | op=WRITE_CHUNK {blockData=conID: 3 locID: 102659353951077011 bcsId: 0} | ret=SUCCESS |  
2019-08-22 07:03:47,253 | INFO  | DNAudit | user=null | ip=null | op=WRITE_CHUNK {blockData=conID: 3 locID: 102659353951077011 bcsId: 0} | ret=SUCCESS |  
2019-08-22 07:03:47,254 | INFO  | DNAudit | user=null | ip=null | op=WRITE_CHUNK {blockData=conID: 3 locID: 102659353951077011 bcsId: 0} | ret=SUCCESS |  
2019-08-22 07:03:47,256 | INFO  | DNAudit | user=null | ip=null | op=WRITE_CHUNK {blockData=conID: 3 locID: 102659353951077011 bcsId: 0} | ret=SUCCESS |  
2019-08-22 07:03:47,259 | INFO  | DNAudit | user=null | ip=null | op=WRITE_CHUNK {blockData=conID: 3 locID: 102659353951077011 bcsId: 0} | ret=SUCCESS |  
2019-08-22 07:03:47,259 | INFO  | DNAudit | user=null | ip=null | op=WRITE_CHUNK {blockData=conID: 3 locID: 102659353951077011 bcsId: 0} | ret=SUCCESS |  
2019-08-22 07:03:47,270 | INFO  | DNAudit | user=null | ip=null | op=WRITE_CHUNK {blockData=conID: 3 locID: 102659353951077011 bcsId: 0} | ret=SUCCESS |  
2019-08-22 07:03:47,270 | INFO  | DNAudit | user=null | ip=null | op=PUT_BLOCK {blockData=[blockId=conID: 3 locID: 102659353951077011 bcsId: 0,size=1048576]} | ret=SUCCESS |  
2019-08-22 07:03:47,271 | INFO  | DNAudit | user=null | ip=null | op=WRITE_CHUNK {blockData=conID: 3 locID: 102659353951077011 bcsId: 0} | ret=SUCCESS |  
2019-08-22 07:03:47,271 [grpc-default-executor-0] INFO  client.GrpcClientProtocolClient (GrpcClientProtocolClient.java:onNext(255)) - client-CF63D631FA17->3cf1264f-5f6b-4138-aeee-2ff7d4522ead: receive RaftClientReply:client-CF63D631FA17->3cf1264f-5f6b-4138-aeee-2ff7d4522ead@group-561E16522154, cid=3142, SUCCESS, logIndex=4748, commits[3cf1264f-5f6b-4138-aeee-2ff7d4522ead:c4751, 4f0d1a15-8f14-4d9a-ad4f-8211e1245b5d:c4747, 6999f20e-c3f7-4db4-87ca-141c476f2a88:c4747]
2019-08-22 07:03:47,271 | INFO  | DNAudit | user=null | ip=null | op=PUT_BLOCK {blockData=[blockId=conID: 3 locID: 102659353951077011 bcsId: 0,size=2097152]} | ret=SUCCESS |  
2019-08-22 07:03:47,271 [grpc-default-executor-0] INFO  client.GrpcClientProtocolClient (GrpcClientProtocolClient.java:onNext(255)) - client-CF63D631FA17->3cf1264f-5f6b-4138-aeee-2ff7d4522ead: receive RaftClientReply:client-CF63D631FA17->3cf1264f-5f6b-4138-aeee-2ff7d4522ead@group-561E16522154, cid=3143, SUCCESS, logIndex=4749, commits[3cf1264f-5f6b-4138-aeee-2ff7d4522ead:c4751, 4f0d1a15-8f14-4d9a-ad4f-8211e1245b5d:c4747, 6999f20e-c3f7-4db4-87ca-141c476f2a88:c4747]
2019-08-22 07:03:47,272 [grpc-default-executor-0] INFO  client.GrpcClientProtocolClient (GrpcClientProtocolClient.java:onNext(255)) - client-CF63D631FA17->3cf1264f-5f6b-4138-aeee-2ff7d4522ead: receive RaftClientReply:client-CF63D631FA17->3cf1264f-5f6b-4138-aeee-2ff7d4522ead@group-561E16522154, cid=3144, SUCCESS, logIndex=4750, commits[3cf1264f-5f6b-4138-aeee-2ff7d4522ead:c4751, 4f0d1a15-8f14-4d9a-ad4f-8211e1245b5d:c4747, 6999f20e-c3f7-4db4-87ca-141c476f2a88:c4747]
2019-08-22 07:03:47,272 [grpc-default-executor-0] INFO  client.GrpcClientProtocolClient (GrpcClientProtocolClient.java:onNext(255)) - client-CF63D631FA17->3cf1264f-5f6b-4138-aeee-2ff7d4522ead: receive RaftClientReply:client-CF63D631FA17->3cf1264f-5f6b-4138-aeee-2ff7d4522ead@group-561E16522154, cid=3145, SUCCESS, logIndex=4751, commits[3cf1264f-5f6b-4138-aeee-2ff7d4522ead:c4751, 4f0d1a15-8f14-4d9a-ad4f-8211e1245b5d:c4747, 6999f20e-c3f7-4db4-87ca-141c476f2a88:c4747]
2019-08-22 07:03:47,281 | INFO  | DNAudit | user=null | ip=null | op=WRITE_CHUNK {blockData=conID: 3 locID: 102659353951077011 bcsId: 0} | ret=SUCCESS |  
2019-08-22 07:03:47,281 | INFO  | DNAudit | user=null | ip=null | op=WRITE_CHUNK {blockData=conID: 3 locID: 102659353951077011 bcsId: 0} | ret=SUCCESS |  
2019-08-22 07:03:47,282 | INFO  | DNAudit | user=null | ip=null | op=PUT_BLOCK {blockData=[blockId=conID: 3 locID: 102659353951077011 bcsId: 0,size=1048576]} | ret=SUCCESS |  
2019-08-22 07:03:47,282 | INFO  | DNAudit | user=null | ip=null | op=PUT_BLOCK {blockData=[blockId=conID: 3 locID: 102659353951077011 bcsId: 0,size=1048576]} | ret=SUCCESS |  
2019-08-22 07:03:47,282 [grpc-default-executor-0] INFO  client.GrpcClientProtocolClient (GrpcClientProtocolClient.java:onNext(255)) - client-CF63D631FA17->3cf1264f-5f6b-4138-aeee-2ff7d4522ead: receive RaftClientReply:client-CF63D631FA17->3cf1264f-5f6b-4138-aeee-2ff7d4522ead@group-561E16522154, cid=3146, SUCCESS, logIndex=0, commits[3cf1264f-5f6b-4138-aeee-2ff7d4522ead:c4752, 4f0d1a15-8f14-4d9a-ad4f-8211e1245b5d:c4749, 6999f20e-c3f7-4db4-87ca-141c476f2a88:c4749]
2019-08-22 07:03:47,284 | INFO  | DNAudit | user=null | ip=null | op=WRITE_CHUNK {blockData=conID: 3 locID: 102659353951077011 bcsId: 0} | ret=SUCCESS |  
2019-08-22 07:03:47,284 | INFO  | DNAudit | user=null | ip=null | op=WRITE_CHUNK {blockData=conID: 3 locID: 102659353951077011 bcsId: 0} | ret=SUCCESS |  
2019-08-22 07:03:47,284 | INFO  | DNAudit | user=null | ip=null | op=PUT_BLOCK {blockData=[blockId=conID: 3 locID: 102659353951077011 bcsId: 0,size=2097152]} | ret=SUCCESS |  
2019-08-22 07:03:47,284 | INFO  | DNAudit | user=null | ip=null | op=PUT_BLOCK {blockData=[blockId=conID: 3 locID: 102659353951077011 bcsId: 0,size=2097152]} | ret=SUCCESS |  
2019-08-22 07:03:47,291 | INFO  | DNAudit | user=null | ip=null | op=WRITE_CHUNK {blockData=conID: 3 locID: 102659353951077011 bcsId: 4751} | ret=SUCCESS |  
2019-08-22 07:03:47,296 | INFO  | DNAudit | user=null | ip=null | op=WRITE_CHUNK {blockData=conID: 3 locID: 102659353951077011 bcsId: 4751} | ret=SUCCESS |  
2019-08-22 07:03:47,296 | INFO  | DNAudit | user=null | ip=null | op=WRITE_CHUNK {blockData=conID: 3 locID: 102659353951077011 bcsId: 4751} | ret=SUCCESS |  
2019-08-22 07:03:47,299 | INFO  | DNAudit | user=null | ip=null | op=WRITE_CHUNK {blockData=conID: 3 locID: 102659353951077011 bcsId: 4751} | ret=SUCCESS |  
2019-08-22 07:03:47,300 | INFO  | DNAudit | user=null | ip=null | op=PUT_BLOCK {blockData=[blockId=conID: 3 locID: 102659353951077011 bcsId: 0,size=3145728]} | ret=SUCCESS |  
2019-08-22 07:03:47,300 [grpc-default-executor-5] INFO  client.GrpcClientProtocolClient (GrpcClientProtocolClient.java:onNext(255)) - client-CF63D631FA17->3cf1264f-5f6b-4138-aeee-2ff7d4522ead: receive RaftClientReply:client-CF63D631FA17->3cf1264f-5f6b-4138-aeee-2ff7d4522ead@group-561E16522154, cid=3147, SUCCESS, logIndex=4755, commits[3cf1264f-5f6b-4138-aeee-2ff7d4522ead:c4755, 4f0d1a15-8f14-4d9a-ad4f-8211e1245b5d:c4754, 6999f20e-c3f7-4db4-87ca-141c476f2a88:c4754]
2019-08-22 07:03:47,301 [grpc-default-executor-5] INFO  client.GrpcClientProtocolClient (GrpcClientProtocolClient.java:onNext(255)) - client-CF63D631FA17->3cf1264f-5f6b-4138-aeee-2ff7d4522ead: receive RaftClientReply:client-CF63D631FA17->3cf1264f-5f6b-4138-aeee-2ff7d4522ead@group-561E16522154, cid=3148, SUCCESS, logIndex=4756, commits[3cf1264f-5f6b-4138-aeee-2ff7d4522ead:c4756, 4f0d1a15-8f14-4d9a-ad4f-8211e1245b5d:c4754, 6999f20e-c3f7-4db4-87ca-141c476f2a88:c4754]
2019-08-22 07:03:47,310 | INFO  | DNAudit | user=null | ip=null | op=WRITE_CHUNK {blockData=conID: 3 locID: 102659353951077011 bcsId: 4756} | ret=SUCCESS |  
2019-08-22 07:03:47,312 | INFO  | DNAudit | user=null | ip=null | op=WRITE_CHUNK {blockData=conID: 3 locID: 102659353951077011 bcsId: 4751} | ret=SUCCESS |  
2019-08-22 07:03:47,312 | INFO  | DNAudit | user=null | ip=null | op=WRITE_CHUNK {blockData=conID: 3 locID: 102659353951077011 bcsId: 4751} | ret=SUCCESS |  
2019-08-22 07:03:47,313 | INFO  | DNAudit | user=null | ip=null | op=PUT_BLOCK {blockData=[blockId=conID: 3 locID: 102659353951077011 bcsId: 0,size=3145728]} | ret=SUCCESS |  
2019-08-22 07:03:47,313 | INFO  | DNAudit | user=null | ip=null | op=WRITE_CHUNK {blockData=conID: 3 locID: 102659353951077011 bcsId: 4756} | ret=SUCCESS |  
2019-08-22 07:03:47,314 | INFO  | DNAudit | user=null | ip=null | op=WRITE_CHUNK {blockData=conID: 3 locID: 102659353951077011 bcsId: 4756} | ret=SUCCESS |  
2019-08-22 07:03:47,325 | INFO  | DNAudit | user=null | ip=null | op=PUT_BLOCK {blockData=[blockId=conID: 3 locID: 102659353951077011 bcsId: 0,size=3145728]} | ret=SUCCESS |  
2019-08-22 07:03:47,326 | INFO  | DNAudit | user=null | ip=null | op=WRITE_CHUNK {blockData=conID: 3 locID: 102659353951077011 bcsId: 4756} | ret=SUCCESS |  
2019-08-22 07:03:47,326 | INFO  | DNAudit | user=null | ip=null | op=PUT_BLOCK {blockData=[blockId=conID: 3 locID: 102659353951077011 bcsId: 0,size=4194304]} | ret=SUCCESS |  
2019-08-22 07:03:47,327 [grpc-default-executor-5] INFO  client.GrpcClientProtocolClient (GrpcClientProtocolClient.java:onNext(255)) - client-CF63D631FA17->3cf1264f-5f6b-4138-aeee-2ff7d4522ead: receive RaftClientReply:client-CF63D631FA17->3cf1264f-5f6b-4138-aeee-2ff7d4522ead@group-561E16522154, cid=3149, SUCCESS, logIndex=4759, commits[3cf1264f-5f6b-4138-aeee-2ff7d4522ead:c4760, 4f0d1a15-8f14-4d9a-ad4f-8211e1245b5d:c4756, 6999f20e-c3f7-4db4-87ca-141c476f2a88:c4756]
2019-08-22 07:03:47,327 [grpc-default-executor-5] INFO  client.GrpcClientProtocolClient (GrpcClientProtocolClient.java:onNext(255)) - client-CF63D631FA17->3cf1264f-5f6b-4138-aeee-2ff7d4522ead: receive RaftClientReply:client-CF63D631FA17->3cf1264f-5f6b-4138-aeee-2ff7d4522ead@group-561E16522154, cid=3150, SUCCESS, logIndex=4760, commits[3cf1264f-5f6b-4138-aeee-2ff7d4522ead:c4760, 4f0d1a15-8f14-4d9a-ad4f-8211e1245b5d:c4756, 6999f20e-c3f7-4db4-87ca-141c476f2a88:c4756]
2019-08-22 07:03:47,338 | INFO  | DNAudit | user=null | ip=null | op=WRITE_CHUNK {blockData=conID: 3 locID: 102659353951077011 bcsId: 4756} | ret=SUCCESS |  
2019-08-22 07:03:47,338 | INFO  | DNAudit | user=null | ip=null | op=WRITE_CHUNK {blockData=conID: 3 locID: 102659353951077011 bcsId: 4756} | ret=SUCCESS |  
2019-08-22 07:03:47,338 | INFO  | DNAudit | user=null | ip=null | op=PUT_BLOCK {blockData=[blockId=conID: 3 locID: 102659353951077011 bcsId: 0,size=4194304]} | ret=SUCCESS |  
2019-08-22 07:03:47,338 | INFO  | DNAudit | user=null | ip=null | op=PUT_BLOCK {blockData=[blockId=conID: 3 locID: 102659353951077011 bcsId: 0,size=4194304]} | ret=SUCCESS |  
2019-08-22 07:03:47,339 [grpc-default-executor-0] INFO  client.GrpcClientProtocolClient (GrpcClientProtocolClient.java:onNext(255)) - client-CF63D631FA17->3cf1264f-5f6b-4138-aeee-2ff7d4522ead: receive RaftClientReply:client-CF63D631FA17->3cf1264f-5f6b-4138-aeee-2ff7d4522ead@group-561E16522154, cid=3151, SUCCESS, logIndex=0, commits[3cf1264f-5f6b-4138-aeee-2ff7d4522ead:c4761, 4f0d1a15-8f14-4d9a-ad4f-8211e1245b5d:c4760, 6999f20e-c3f7-4db4-87ca-141c476f2a88:c4760]
2019-08-22 07:03:47,348 | INFO  | SCMAudit | user=jenkins1000 | ip=192.168.34.31 | op=ALLOCATE_BLOCK {owner=04b6d46a-98e2-41b1-9f38-1870289993ea, size=4194304, type=RATIS, factor=THREE} | ret=SUCCESS |  
2019-08-22 07:03:47,354 | INFO  | OMAudit | user=jenkins1000 | ip=127.0.0.1 | op=ALLOCATE_BLOCK {volume=vol-0-14906, bucket=bucket-0-53153, key=key-0-33222, dataSize=0, replicationType=null, replicationFactor=null, keyLocationInfo=null, clientID=102659352017764754} | ret=SUCCESS |  
2019-08-22 07:03:47,361 | INFO  | DNAudit | user=null | ip=null | op=WRITE_CHUNK {blockData=conID: 1 locID: 102659353958679188 bcsId: 0} | ret=SUCCESS |  
2019-08-22 07:03:47,364 | INFO  | DNAudit | user=null | ip=null | op=WRITE_CHUNK {blockData=conID: 1 locID: 102659353958679188 bcsId: 0} | ret=SUCCESS |  
2019-08-22 07:03:47,365 | INFO  | DNAudit | user=null | ip=null | op=WRITE_CHUNK {blockData=conID: 1 locID: 102659353958679188 bcsId: 0} | ret=SUCCESS |  
2019-08-22 07:03:47,365 | INFO  | DNAudit | user=null | ip=null | op=WRITE_CHUNK {blockData=conID: 1 locID: 102659353958679188 bcsId: 0} | ret=SUCCESS |  
2019-08-22 07:03:47,366 | INFO  | DNAudit | user=null | ip=null | op=WRITE_CHUNK {blockData=conID: 1 locID: 102659353958679188 bcsId: 0} | ret=SUCCESS |  
2019-08-22 07:03:47,366 | INFO  | DNAudit | user=null | ip=null | op=WRITE_CHUNK {blockData=conID: 1 locID: 102659353958679188 bcsId: 0} | ret=SUCCESS |  
2019-08-22 07:03:47,374 | INFO  | DNAudit | user=null | ip=null | op=WRITE_CHUNK {blockData=conID: 1 locID: 102659353958679188 bcsId: 0} | ret=SUCCESS |  
2019-08-22 07:03:47,375 | INFO  | DNAudit | user=null | ip=null | op=PUT_BLOCK {blockData=[blockId=conID: 1 locID: 102659353958679188 bcsId: 0,size=1048576]} | ret=SUCCESS |  
2019-08-22 07:03:47,375 | INFO  | DNAudit | user=null | ip=null | op=WRITE_CHUNK {blockData=conID: 1 locID: 102659353958679188 bcsId: 0} | ret=SUCCESS |  
2019-08-22 07:03:47,376 | INFO  | DNAudit | user=null | ip=null | op=PUT_BLOCK {blockData=[blockId=conID: 1 locID: 102659353958679188 bcsId: 0,size=2097152]} | ret=SUCCESS |  
2019-08-22 07:03:47,376 [grpc-default-executor-0] INFO  client.GrpcClientProtocolClient (GrpcClientProtocolClient.java:onNext(255)) - client-CF63D631FA17->3cf1264f-5f6b-4138-aeee-2ff7d4522ead: receive RaftClientReply:client-CF63D631FA17->3cf1264f-5f6b-4138-aeee-2ff7d4522ead@group-561E16522154, cid=3152, SUCCESS, logIndex=4763, commits[3cf1264f-5f6b-4138-aeee-2ff7d4522ead:c4764, 4f0d1a15-8f14-4d9a-ad4f-8211e1245b5d:c4762, 6999f20e-c3f7-4db4-87ca-141c476f2a88:c4762]
2019-08-22 07:03:47,377 [grpc-default-executor-0] INFO  client.GrpcClientProtocolClient (GrpcClientProtocolClient.java:onNext(255)) - client-CF63D631FA17->3cf1264f-5f6b-4138-aeee-2ff7d4522ead: receive RaftClientReply:client-CF63D631FA17->3cf1264f-5f6b-4138-aeee-2ff7d4522ead@group-561E16522154, cid=3153, SUCCESS, logIndex=4764, commits[3cf1264f-5f6b-4138-aeee-2ff7d4522ead:c4766, 4f0d1a15-8f14-4d9a-ad4f-8211e1245b5d:c4762, 6999f20e-c3f7-4db4-87ca-141c476f2a88:c4762]
2019-08-22 07:03:47,377 [grpc-default-executor-0] INFO  client.GrpcClientProtocolClient (GrpcClientProtocolClient.java:onNext(255)) - client-CF63D631FA17->3cf1264f-5f6b-4138-aeee-2ff7d4522ead: receive RaftClientReply:client-CF63D631FA17->3cf1264f-5f6b-4138-aeee-2ff7d4522ead@group-561E16522154, cid=3154, SUCCESS, logIndex=4765, commits[3cf1264f-5f6b-4138-aeee-2ff7d4522ead:c4766, 4f0d1a15-8f14-4d9a-ad4f-8211e1245b5d:c4762, 6999f20e-c3f7-4db4-87ca-141c476f2a88:c4762]
2019-08-22 07:03:47,377 [grpc-default-executor-0] INFO  client.GrpcClientProtocolClient (GrpcClientProtocolClient.java:onNext(255)) - client-CF63D631FA17->3cf1264f-5f6b-4138-aeee-2ff7d4522ead: receive RaftClientReply:client-CF63D631FA17->3cf1264f-5f6b-4138-aeee-2ff7d4522ead@group-561E16522154, cid=3155, SUCCESS, logIndex=4766, commits[3cf1264f-5f6b-4138-aeee-2ff7d4522ead:c4766, 4f0d1a15-8f14-4d9a-ad4f-8211e1245b5d:c4762, 6999f20e-c3f7-4db4-87ca-141c476f2a88:c4762]
2019-08-22 07:03:47,386 | INFO  | DNAudit | user=null | ip=null | op=WRITE_CHUNK {blockData=conID: 1 locID: 102659353958679188 bcsId: 0} | ret=SUCCESS |  
2019-08-22 07:03:47,386 | INFO  | DNAudit | user=null | ip=null | op=WRITE_CHUNK {blockData=conID: 1 locID: 102659353958679188 bcsId: 0} | ret=SUCCESS |  
2019-08-22 07:03:47,388 | INFO  | DNAudit | user=null | ip=null | op=PUT_BLOCK {blockData=[blockId=conID: 1 locID: 102659353958679188 bcsId: 0,size=1048576]} | ret=SUCCESS |  
2019-08-22 07:03:47,388 | INFO  | DNAudit | user=null | ip=null | op=PUT_BLOCK {blockData=[blockId=conID: 1 locID: 102659353958679188 bcsId: 0,size=1048576]} | ret=SUCCESS |  
2019-08-22 07:03:47,389 | INFO  | DNAudit | user=null | ip=null | op=WRITE_CHUNK {blockData=conID: 1 locID: 102659353958679188 bcsId: 0} | ret=SUCCESS |  
2019-08-22 07:03:47,389 | INFO  | DNAudit | user=null | ip=null | op=WRITE_CHUNK {blockData=conID: 1 locID: 102659353958679188 bcsId: 0} | ret=SUCCESS |  
2019-08-22 07:03:47,389 | INFO  | DNAudit | user=null | ip=null | op=PUT_BLOCK {blockData=[blockId=conID: 1 locID: 102659353958679188 bcsId: 0,size=2097152]} | ret=SUCCESS |  
2019-08-22 07:03:47,389 | INFO  | DNAudit | user=null | ip=null | op=PUT_BLOCK {blockData=[blockId=conID: 1 locID: 102659353958679188 bcsId: 0,size=2097152]} | ret=SUCCESS |  
2019-08-22 07:03:47,390 [grpc-default-executor-0] INFO  client.GrpcClientProtocolClient (GrpcClientProtocolClient.java:onNext(255)) - client-CF63D631FA17->3cf1264f-5f6b-4138-aeee-2ff7d4522ead: receive RaftClientReply:client-CF63D631FA17->3cf1264f-5f6b-4138-aeee-2ff7d4522ead@group-561E16522154, cid=3156, SUCCESS, logIndex=0, commits[3cf1264f-5f6b-4138-aeee-2ff7d4522ead:c4770, 4f0d1a15-8f14-4d9a-ad4f-8211e1245b5d:c4765, 6999f20e-c3f7-4db4-87ca-141c476f2a88:c4766]
2019-08-22 07:03:47,398 | INFO  | DNAudit | user=null | ip=null | op=WRITE_CHUNK {blockData=conID: 1 locID: 102659353958679188 bcsId: 4766} | ret=SUCCESS |  
2019-08-22 07:03:47,402 | INFO  | DNAudit | user=null | ip=null | op=WRITE_CHUNK {blockData=conID: 1 locID: 102659353958679188 bcsId: 4766} | ret=SUCCESS |  
2019-08-22 07:03:47,402 | INFO  | DNAudit | user=null | ip=null | op=WRITE_CHUNK {blockData=conID: 1 locID: 102659353958679188 bcsId: 4766} | ret=SUCCESS |  
2019-08-22 07:03:47,411 | INFO  | DNAudit | user=null | ip=null | op=WRITE_CHUNK {blockData=conID: 1 locID: 102659353958679188 bcsId: 4766} | ret=SUCCESS |  
2019-08-22 07:03:47,412 | INFO  | DNAudit | user=null | ip=null | op=PUT_BLOCK {blockData=[blockId=conID: 1 locID: 102659353958679188 bcsId: 0,size=3145728]} | ret=SUCCESS |  
2019-08-22 07:03:47,412 [grpc-default-executor-3] INFO  client.GrpcClientProtocolClient (GrpcClientProtocolClient.java:onNext(255)) - client-CF63D631FA17->3cf1264f-5f6b-4138-aeee-2ff7d4522ead: receive RaftClientReply:client-CF63D631FA17->3cf1264f-5f6b-4138-aeee-2ff7d4522ead@group-561E16522154, cid=3157, SUCCESS, logIndex=4771, commits[3cf1264f-5f6b-4138-aeee-2ff7d4522ead:c4772, 4f0d1a15-8f14-4d9a-ad4f-8211e1245b5d:c4770, 6999f20e-c3f7-4db4-87ca-141c476f2a88:c4770]
2019-08-22 07:03:47,413 [grpc-default-executor-3] INFO  client.GrpcClientProtocolClient (GrpcClientProtocolClient.java:onNext(255)) - client-CF63D631FA17->3cf1264f-5f6b-4138-aeee-2ff7d4522ead: receive RaftClientReply:client-CF63D631FA17->3cf1264f-5f6b-4138-aeee-2ff7d4522ead@group-561E16522154, cid=3158, SUCCESS, logIndex=4772, commits[3cf1264f-5f6b-4138-aeee-2ff7d4522ead:c4772, 4f0d1a15-8f14-4d9a-ad4f-8211e1245b5d:c4770, 6999f20e-c3f7-4db4-87ca-141c476f2a88:c4770]
2019-08-22 07:03:47,421 | INFO  | DNAudit | user=null | ip=null | op=WRITE_CHUNK {blockData=conID: 1 locID: 102659353958679188 bcsId: 4772} | ret=SUCCESS |  
2019-08-22 07:03:47,423 | INFO  | DNAudit | user=null | ip=null | op=WRITE_CHUNK {blockData=conID: 1 locID: 102659353958679188 bcsId: 4766} | ret=SUCCESS |  
2019-08-22 07:03:47,423 | INFO  | DNAudit | user=null | ip=null | op=WRITE_CHUNK {blockData=conID: 1 locID: 102659353958679188 bcsId: 4766} | ret=SUCCESS |  
2019-08-22 07:03:47,423 | INFO  | DNAudit | user=null | ip=null | op=PUT_BLOCK {blockData=[blockId=conID: 1 locID: 102659353958679188 bcsId: 0,size=3145728]} | ret=SUCCESS |  
2019-08-22 07:03:47,423 | INFO  | DNAudit | user=null | ip=null | op=PUT_BLOCK {blockData=[blockId=conID: 1 locID: 102659353958679188 bcsId: 0,size=3145728]} | ret=SUCCESS |  
2019-08-22 07:03:47,424 | INFO  | DNAudit | user=null | ip=null | op=WRITE_CHUNK {blockData=conID: 1 locID: 102659353958679188 bcsId: 4772} | ret=SUCCESS |  
2019-08-22 07:03:47,424 | INFO  | DNAudit | user=null | ip=null | op=WRITE_CHUNK {blockData=conID: 1 locID: 102659353958679188 bcsId: 4772} | ret=SUCCESS |  
2019-08-22 07:03:47,436 | INFO  | DNAudit | user=null | ip=null | op=WRITE_CHUNK {blockData=conID: 1 locID: 102659353958679188 bcsId: 4772} | ret=SUCCESS |  
2019-08-22 07:03:47,436 | INFO  | DNAudit | user=null | ip=null | op=PUT_BLOCK {blockData=[blockId=conID: 1 locID: 102659353958679188 bcsId: 0,size=4194304]} | ret=SUCCESS |  
2019-08-22 07:03:47,437 [grpc-default-executor-0] INFO  client.GrpcClientProtocolClient (GrpcClientProtocolClient.java:onNext(255)) - client-CF63D631FA17->3cf1264f-5f6b-4138-aeee-2ff7d4522ead: receive RaftClientReply:client-CF63D631FA17->3cf1264f-5f6b-4138-aeee-2ff7d4522ead@group-561E16522154, cid=3159, SUCCESS, logIndex=4775, commits[3cf1264f-5f6b-4138-aeee-2ff7d4522ead:c4776, 4f0d1a15-8f14-4d9a-ad4f-8211e1245b5d:c4772, 6999f20e-c3f7-4db4-87ca-141c476f2a88:c4772]
2019-08-22 07:03:47,437 [grpc-default-executor-0] INFO  client.GrpcClientProtocolClient (GrpcClientProtocolClient.java:onNext(255)) - client-CF63D631FA17->3cf1264f-5f6b-4138-aeee-2ff7d4522ead: receive RaftClientReply:client-CF63D631FA17->3cf1264f-5f6b-4138-aeee-2ff7d4522ead@group-561E16522154, cid=3160, SUCCESS, logIndex=4776, commits[3cf1264f-5f6b-4138-aeee-2ff7d4522ead:c4776, 4f0d1a15-8f14-4d9a-ad4f-8211e1245b5d:c4772, 6999f20e-c3f7-4db4-87ca-141c476f2a88:c4772]
2019-08-22 07:03:47,448 | INFO  | DNAudit | user=null | ip=null | op=WRITE_CHUNK {blockData=conID: 1 locID: 102659353958679188 bcsId: 4772} | ret=SUCCESS |  
2019-08-22 07:03:47,448 | INFO  | DNAudit | user=null | ip=null | op=WRITE_CHUNK {blockData=conID: 1 locID: 102659353958679188 bcsId: 4772} | ret=SUCCESS |  
2019-08-22 07:03:47,448 | INFO  | DNAudit | user=null | ip=null | op=PUT_BLOCK {blockData=[blockId=conID: 1 locID: 102659353958679188 bcsId: 0,size=4194304]} | ret=SUCCESS |  
2019-08-22 07:03:47,448 | INFO  | DNAudit | user=null | ip=null | op=PUT_BLOCK {blockData=[blockId=conID: 1 locID: 102659353958679188 bcsId: 0,size=4194304]} | ret=SUCCESS |  
2019-08-22 07:03:47,449 [grpc-default-executor-0] INFO  client.GrpcClientProtocolClient (GrpcClientProtocolClient.java:onNext(255)) - client-CF63D631FA17->3cf1264f-5f6b-4138-aeee-2ff7d4522ead: receive RaftClientReply:client-CF63D631FA17->3cf1264f-5f6b-4138-aeee-2ff7d4522ead@group-561E16522154, cid=3161, SUCCESS, logIndex=0, commits[3cf1264f-5f6b-4138-aeee-2ff7d4522ead:c4777, 4f0d1a15-8f14-4d9a-ad4f-8211e1245b5d:c4776, 6999f20e-c3f7-4db4-87ca-141c476f2a88:c4776]
2019-08-22 07:03:47,456 | INFO  | SCMAudit | user=jenkins1000 | ip=192.168.34.31 | op=ALLOCATE_BLOCK {owner=04b6d46a-98e2-41b1-9f38-1870289993ea, size=4194304, type=RATIS, factor=THREE} | ret=SUCCESS |  
2019-08-22 07:03:47,460 | INFO  | OMAudit | user=jenkins1000 | ip=127.0.0.1 | op=ALLOCATE_BLOCK {volume=vol-0-14906, bucket=bucket-0-53153, key=key-0-33222, dataSize=0, replicationType=null, replicationFactor=null, keyLocationInfo=null, clientID=102659352017764754} | ret=SUCCESS |  
2019-08-22 07:03:47,468 | INFO  | DNAudit | user=null | ip=null | op=WRITE_CHUNK {blockData=conID: 2 locID: 102659353965757077 bcsId: 0} | ret=SUCCESS |  
2019-08-22 07:03:47,473 | INFO  | DNAudit | user=null | ip=null | op=WRITE_CHUNK {blockData=conID: 2 locID: 102659353965757077 bcsId: 0} | ret=SUCCESS |  
2019-08-22 07:03:47,473 | INFO  | DNAudit | user=null | ip=null | op=WRITE_CHUNK {blockData=conID: 2 locID: 102659353965757077 bcsId: 0} | ret=SUCCESS |  
2019-08-22 07:03:47,473 | INFO  | DNAudit | user=null | ip=null | op=WRITE_CHUNK {blockData=conID: 2 locID: 102659353965757077 bcsId: 0} | ret=SUCCESS |  
2019-08-22 07:03:47,476 | INFO  | DNAudit | user=null | ip=null | op=WRITE_CHUNK {blockData=conID: 2 locID: 102659353965757077 bcsId: 0} | ret=SUCCESS |  
2019-08-22 07:03:47,476 | INFO  | DNAudit | user=null | ip=null | op=WRITE_CHUNK {blockData=conID: 2 locID: 102659353965757077 bcsId: 0} | ret=SUCCESS |  
2019-08-22 07:03:47,481 | INFO  | DNAudit | user=null | ip=null | op=WRITE_CHUNK {blockData=conID: 2 locID: 102659353965757077 bcsId: 0} | ret=SUCCESS |  
2019-08-22 07:03:47,486 | INFO  | DNAudit | user=null | ip=null | op=PUT_BLOCK {blockData=[blockId=conID: 2 locID: 102659353965757077 bcsId: 0,size=1048576]} | ret=SUCCESS |  
2019-08-22 07:03:47,486 [grpc-default-executor-5] INFO  client.GrpcClientProtocolClient (GrpcClientProtocolClient.java:onNext(255)) - client-CF63D631FA17->3cf1264f-5f6b-4138-aeee-2ff7d4522ead: receive RaftClientReply:client-CF63D631FA17->3cf1264f-5f6b-4138-aeee-2ff7d4522ead@group-561E16522154, cid=3162, SUCCESS, logIndex=4779, commits[3cf1264f-5f6b-4138-aeee-2ff7d4522ead:c4780, 4f0d1a15-8f14-4d9a-ad4f-8211e1245b5d:c4778, 6999f20e-c3f7-4db4-87ca-141c476f2a88:c4778]
2019-08-22 07:03:47,487 | INFO  | DNAudit | user=null | ip=null | op=WRITE_CHUNK {blockData=conID: 2 locID: 102659353965757077 bcsId: 0} | ret=SUCCESS |  
2019-08-22 07:03:47,487 [grpc-default-executor-5] INFO  client.GrpcClientProtocolClient (GrpcClientProtocolClient.java:onNext(255)) - client-CF63D631FA17->3cf1264f-5f6b-4138-aeee-2ff7d4522ead: receive RaftClientReply:client-CF63D631FA17->3cf1264f-5f6b-4138-aeee-2ff7d4522ead@group-561E16522154, cid=3163, SUCCESS, logIndex=4780, commits[3cf1264f-5f6b-4138-aeee-2ff7d4522ead:c4780, 4f0d1a15-8f14-4d9a-ad4f-8211e1245b5d:c4778, 6999f20e-c3f7-4db4-87ca-141c476f2a88:c4778]
2019-08-22 07:03:47,488 | INFO  | DNAudit | user=null | ip=null | op=PUT_BLOCK {blockData=[blockId=conID: 2 locID: 102659353965757077 bcsId: 0,size=2097152]} | ret=SUCCESS |  
2019-08-22 07:03:47,488 [grpc-default-executor-5] INFO  client.GrpcClientProtocolClient (GrpcClientProtocolClient.java:onNext(255)) - client-CF63D631FA17->3cf1264f-5f6b-4138-aeee-2ff7d4522ead: receive RaftClientReply:client-CF63D631FA17->3cf1264f-5f6b-4138-aeee-2ff7d4522ead@group-561E16522154, cid=3164, SUCCESS, logIndex=4781, commits[3cf1264f-5f6b-4138-aeee-2ff7d4522ead:c4781, 4f0d1a15-8f14-4d9a-ad4f-8211e1245b5d:c4778, 6999f20e-c3f7-4db4-87ca-141c476f2a88:c4778]
2019-08-22 07:03:47,488 [grpc-default-executor-5] INFO  client.GrpcClientProtocolClient (GrpcClientProtocolClient.java:onNext(255)) - client-CF63D631FA17->3cf1264f-5f6b-4138-aeee-2ff7d4522ead: receive RaftClientReply:client-CF63D631FA17->3cf1264f-5f6b-4138-aeee-2ff7d4522ead@group-561E16522154, cid=3165, SUCCESS, logIndex=4782, commits[3cf1264f-5f6b-4138-aeee-2ff7d4522ead:c4782, 4f0d1a15-8f14-4d9a-ad4f-8211e1245b5d:c4778, 6999f20e-c3f7-4db4-87ca-141c476f2a88:c4778]
2019-08-22 07:03:47,489 | INFO  | DNAudit | user=null | ip=null | op=WRITE_CHUNK {blockData=conID: 2 locID: 102659353965757077 bcsId: 0} | ret=SUCCESS |  
2019-08-22 07:03:47,489 | INFO  | DNAudit | user=null | ip=null | op=PUT_BLOCK {blockData=[blockId=conID: 2 locID: 102659353965757077 bcsId: 0,size=1048576]} | ret=SUCCESS |  
2019-08-22 07:03:47,489 | INFO  | DNAudit | user=null | ip=null | op=WRITE_CHUNK {blockData=conID: 2 locID: 102659353965757077 bcsId: 0} | ret=SUCCESS |  
2019-08-22 07:03:47,490 | INFO  | DNAudit | user=null | ip=null | op=PUT_BLOCK {blockData=[blockId=conID: 2 locID: 102659353965757077 bcsId: 0,size=1048576]} | ret=SUCCESS |  
2019-08-22 07:03:47,490 | INFO  | DNAudit | user=null | ip=null | op=WRITE_CHUNK {blockData=conID: 2 locID: 102659353965757077 bcsId: 0} | ret=SUCCESS |  
2019-08-22 07:03:47,490 | INFO  | DNAudit | user=null | ip=null | op=WRITE_CHUNK {blockData=conID: 2 locID: 102659353965757077 bcsId: 0} | ret=SUCCESS |  
2019-08-22 07:03:47,491 | INFO  | DNAudit | user=null | ip=null | op=PUT_BLOCK {blockData=[blockId=conID: 2 locID: 102659353965757077 bcsId: 0,size=2097152]} | ret=SUCCESS |  
2019-08-22 07:03:47,491 | INFO  | DNAudit | user=null | ip=null | op=PUT_BLOCK {blockData=[blockId=conID: 2 locID: 102659353965757077 bcsId: 0,size=2097152]} | ret=SUCCESS |  
2019-08-22 07:03:47,491 [grpc-default-executor-3] INFO  client.GrpcClientProtocolClient (GrpcClientProtocolClient.java:onNext(255)) - client-CF63D631FA17->3cf1264f-5f6b-4138-aeee-2ff7d4522ead: receive RaftClientReply:client-CF63D631FA17->3cf1264f-5f6b-4138-aeee-2ff7d4522ead@group-561E16522154, cid=3166, SUCCESS, logIndex=0, commits[3cf1264f-5f6b-4138-aeee-2ff7d4522ead:c4784, 4f0d1a15-8f14-4d9a-ad4f-8211e1245b5d:c4780, 6999f20e-c3f7-4db4-87ca-141c476f2a88:c4780]
2019-08-22 07:03:47,501 | INFO  | DNAudit | user=null | ip=null | op=WRITE_CHUNK {blockData=conID: 2 locID: 102659353965757077 bcsId: 4782} | ret=SUCCESS |  
2019-08-22 07:03:47,505 | INFO  | DNAudit | user=null | ip=null | op=WRITE_CHUNK {blockData=conID: 2 locID: 102659353965757077 bcsId: 4782} | ret=SUCCESS |  
2019-08-22 07:03:47,505 | INFO  | DNAudit | user=null | ip=null | op=WRITE_CHUNK {blockData=conID: 2 locID: 102659353965757077 bcsId: 4782} | ret=SUCCESS |  
2019-08-22 07:03:47,525 | INFO  | DNAudit | user=null | ip=null | op=WRITE_CHUNK {blockData=conID: 2 locID: 102659353965757077 bcsId: 4782} | ret=SUCCESS |  
2019-08-22 07:03:47,526 | INFO  | DNAudit | user=null | ip=null | op=PUT_BLOCK {blockData=[blockId=conID: 2 locID: 102659353965757077 bcsId: 0,size=3145728]} | ret=SUCCESS |  
2019-08-22 07:03:47,526 [grpc-default-executor-5] INFO  client.GrpcClientProtocolClient (GrpcClientProtocolClient.java:onNext(255)) - client-CF63D631FA17->3cf1264f-5f6b-4138-aeee-2ff7d4522ead: receive RaftClientReply:client-CF63D631FA17->3cf1264f-5f6b-4138-aeee-2ff7d4522ead@group-561E16522154, cid=3167, SUCCESS, logIndex=4787, commits[3cf1264f-5f6b-4138-aeee-2ff7d4522ead:c4788, 4f0d1a15-8f14-4d9a-ad4f-8211e1245b5d:c4786, 6999f20e-c3f7-4db4-87ca-141c476f2a88:c4786]
2019-08-22 07:03:47,527 [grpc-default-executor-5] INFO  client.GrpcClientProtocolClient (GrpcClientProtocolClient.java:onNext(255)) - client-CF63D631FA17->3cf1264f-5f6b-4138-aeee-2ff7d4522ead: receive RaftClientReply:client-CF63D631FA17->3cf1264f-5f6b-4138-aeee-2ff7d4522ead@group-561E16522154, cid=3168, SUCCESS, logIndex=4788, commits[3cf1264f-5f6b-4138-aeee-2ff7d4522ead:c4788, 4f0d1a15-8f14-4d9a-ad4f-8211e1245b5d:c4786, 6999f20e-c3f7-4db4-87ca-141c476f2a88:c4786]
2019-08-22 07:03:47,535 | INFO  | DNAudit | user=null | ip=null | op=WRITE_CHUNK {blockData=conID: 2 locID: 102659353965757077 bcsId: 4782} | ret=SUCCESS |  
2019-08-22 07:03:47,535 | INFO  | DNAudit | user=null | ip=null | op=WRITE_CHUNK {blockData=conID: 2 locID: 102659353965757077 bcsId: 4782} | ret=SUCCESS |  
2019-08-22 07:03:47,536 | INFO  | DNAudit | user=null | ip=null | op=PUT_BLOCK {blockData=[blockId=conID: 2 locID: 102659353965757077 bcsId: 0,size=3145728]} | ret=SUCCESS |  
2019-08-22 07:03:47,536 | INFO  | DNAudit | user=null | ip=null | op=PUT_BLOCK {blockData=[blockId=conID: 2 locID: 102659353965757077 bcsId: 0,size=3145728]} | ret=SUCCESS |  
2019-08-22 07:03:47,536 | INFO  | DNAudit | user=null | ip=null | op=WRITE_CHUNK {blockData=conID: 2 locID: 102659353965757077 bcsId: 4788} | ret=SUCCESS |  
2019-08-22 07:03:47,542 | INFO  | DNAudit | user=null | ip=null | op=WRITE_CHUNK {blockData=conID: 2 locID: 102659353965757077 bcsId: 4788} | ret=SUCCESS |  
2019-08-22 07:03:47,542 | INFO  | DNAudit | user=null | ip=null | op=WRITE_CHUNK {blockData=conID: 2 locID: 102659353965757077 bcsId: 4788} | ret=SUCCESS |  
2019-08-22 07:03:47,550 | INFO  | DNAudit | user=null | ip=null | op=WRITE_CHUNK {blockData=conID: 2 locID: 102659353965757077 bcsId: 4788} | ret=SUCCESS |  
2019-08-22 07:03:47,550 | INFO  | DNAudit | user=null | ip=null | op=PUT_BLOCK {blockData=[blockId=conID: 2 locID: 102659353965757077 bcsId: 0,size=4194304]} | ret=SUCCESS |  
2019-08-22 07:03:47,551 [grpc-default-executor-3] INFO  client.GrpcClientProtocolClient (GrpcClientProtocolClient.java:onNext(255)) - client-CF63D631FA17->3cf1264f-5f6b-4138-aeee-2ff7d4522ead: receive RaftClientReply:client-CF63D631FA17->3cf1264f-5f6b-4138-aeee-2ff7d4522ead@group-561E16522154, cid=3169, SUCCESS, logIndex=4791, commits[3cf1264f-5f6b-4138-aeee-2ff7d4522ead:c4792, 4f0d1a15-8f14-4d9a-ad4f-8211e1245b5d:c4788, 6999f20e-c3f7-4db4-87ca-141c476f2a88:c4789]
2019-08-22 07:03:47,552 [grpc-default-executor-3] INFO  client.GrpcClientProtocolClient (GrpcClientProtocolClient.java:onNext(255)) - client-CF63D631FA17->3cf1264f-5f6b-4138-aeee-2ff7d4522ead: receive RaftClientReply:client-CF63D631FA17->3cf1264f-5f6b-4138-aeee-2ff7d4522ead@group-561E16522154, cid=3170, SUCCESS, logIndex=4792, commits[3cf1264f-5f6b-4138-aeee-2ff7d4522ead:c4792, 4f0d1a15-8f14-4d9a-ad4f-8211e1245b5d:c4788, 6999f20e-c3f7-4db4-87ca-141c476f2a88:c4789]
2019-08-22 07:03:47,562 | INFO  | DNAudit | user=null | ip=null | op=WRITE_CHUNK {blockData=conID: 2 locID: 102659353965757077 bcsId: 4788} | ret=SUCCESS |  
2019-08-22 07:03:47,562 | INFO  | DNAudit | user=null | ip=null | op=WRITE_CHUNK {blockData=conID: 2 locID: 102659353965757077 bcsId: 4788} | ret=SUCCESS |  
2019-08-22 07:03:47,562 | INFO  | DNAudit | user=null | ip=null | op=PUT_BLOCK {blockData=[blockId=conID: 2 locID: 102659353965757077 bcsId: 0,size=4194304]} | ret=SUCCESS |  
2019-08-22 07:03:47,563 | INFO  | DNAudit | user=null | ip=null | op=PUT_BLOCK {blockData=[blockId=conID: 2 locID: 102659353965757077 bcsId: 0,size=4194304]} | ret=SUCCESS |  
2019-08-22 07:03:47,564 [grpc-default-executor-3] INFO  client.GrpcClientProtocolClient (GrpcClientProtocolClient.java:onNext(255)) - client-CF63D631FA17->3cf1264f-5f6b-4138-aeee-2ff7d4522ead: receive RaftClientReply:client-CF63D631FA17->3cf1264f-5f6b-4138-aeee-2ff7d4522ead@group-561E16522154, cid=3171, SUCCESS, logIndex=0, commits[3cf1264f-5f6b-4138-aeee-2ff7d4522ead:c4793, 4f0d1a15-8f14-4d9a-ad4f-8211e1245b5d:c4792, 6999f20e-c3f7-4db4-87ca-141c476f2a88:c4792]
2019-08-22 07:03:47,580 | INFO  | SCMAudit | user=jenkins1000 | ip=192.168.34.31 | op=ALLOCATE_BLOCK {owner=04b6d46a-98e2-41b1-9f38-1870289993ea, size=4194304, type=RATIS, factor=THREE} | ret=SUCCESS |  
2019-08-22 07:03:47,588 | INFO  | OMAudit | user=jenkins1000 | ip=127.0.0.1 | op=ALLOCATE_BLOCK {volume=vol-0-14906, bucket=bucket-0-53153, key=key-0-33222, dataSize=0, replicationType=null, replicationFactor=null, keyLocationInfo=null, clientID=102659352017764754} | ret=SUCCESS |  
2019-08-22 07:03:47,601 | INFO  | DNAudit | user=null | ip=null | op=WRITE_CHUNK {blockData=conID: 3 locID: 102659353973883542 bcsId: 0} | ret=SUCCESS |  
2019-08-22 07:03:47,606 | INFO  | DNAudit | user=null | ip=null | op=WRITE_CHUNK {blockData=conID: 3 locID: 102659353973883542 bcsId: 0} | ret=SUCCESS |  
2019-08-22 07:03:47,607 | INFO  | DNAudit | user=null | ip=null | op=WRITE_CHUNK {blockData=conID: 3 locID: 102659353973883542 bcsId: 0} | ret=SUCCESS |  
2019-08-22 07:03:47,608 | INFO  | DNAudit | user=null | ip=null | op=WRITE_CHUNK {blockData=conID: 3 locID: 102659353973883542 bcsId: 0} | ret=SUCCESS |  
2019-08-22 07:03:47,611 | INFO  | DNAudit | user=null | ip=null | op=WRITE_CHUNK {blockData=conID: 3 locID: 102659353973883542 bcsId: 0} | ret=SUCCESS |  
2019-08-22 07:03:47,611 | INFO  | DNAudit | user=null | ip=null | op=WRITE_CHUNK {blockData=conID: 3 locID: 102659353973883542 bcsId: 0} | ret=SUCCESS |  
2019-08-22 07:03:47,616 | INFO  | DNAudit | user=null | ip=null | op=WRITE_CHUNK {blockData=conID: 3 locID: 102659353973883542 bcsId: 0} | ret=SUCCESS |  
2019-08-22 07:03:47,616 | INFO  | DNAudit | user=null | ip=null | op=PUT_BLOCK {blockData=[blockId=conID: 3 locID: 102659353973883542 bcsId: 0,size=1048576]} | ret=SUCCESS |  
2019-08-22 07:03:47,617 [grpc-default-executor-5] INFO  client.GrpcClientProtocolClient (GrpcClientProtocolClient.java:onNext(255)) - client-CF63D631FA17->3cf1264f-5f6b-4138-aeee-2ff7d4522ead: receive RaftClientReply:client-CF63D631FA17->3cf1264f-5f6b-4138-aeee-2ff7d4522ead@group-561E16522154, cid=3172, SUCCESS, logIndex=4795, commits[3cf1264f-5f6b-4138-aeee-2ff7d4522ead:c4796, 4f0d1a15-8f14-4d9a-ad4f-8211e1245b5d:c4794, 6999f20e-c3f7-4db4-87ca-141c476f2a88:c4794]
2019-08-22 07:03:47,618 [grpc-default-executor-5] INFO  client.GrpcClientProtocolClient (GrpcClientProtocolClient.java:onNext(255)) - client-CF63D631FA17->3cf1264f-5f6b-4138-aeee-2ff7d4522ead: receive RaftClientReply:client-CF63D631FA17->3cf1264f-5f6b-4138-aeee-2ff7d4522ead@group-561E16522154, cid=3173, SUCCESS, logIndex=4796, commits[3cf1264f-5f6b-4138-aeee-2ff7d4522ead:c4796, 4f0d1a15-8f14-4d9a-ad4f-8211e1245b5d:c4794, 6999f20e-c3f7-4db4-87ca-141c476f2a88:c4794]
2019-08-22 07:03:47,621 | INFO  | DNAudit | user=null | ip=null | op=WRITE_CHUNK {blockData=conID: 3 locID: 102659353973883542 bcsId: 0} | ret=SUCCESS |  
2019-08-22 07:03:47,621 | INFO  | DNAudit | user=null | ip=null | op=PUT_BLOCK {blockData=[blockId=conID: 3 locID: 102659353973883542 bcsId: 0,size=2097152]} | ret=SUCCESS |  
2019-08-22 07:03:47,622 [grpc-default-executor-0] INFO  client.GrpcClientProtocolClient (GrpcClientProtocolClient.java:onNext(255)) - client-CF63D631FA17->3cf1264f-5f6b-4138-aeee-2ff7d4522ead: receive RaftClientReply:client-CF63D631FA17->3cf1264f-5f6b-4138-aeee-2ff7d4522ead@group-561E16522154, cid=3174, SUCCESS, logIndex=4797, commits[3cf1264f-5f6b-4138-aeee-2ff7d4522ead:c4798, 4f0d1a15-8f14-4d9a-ad4f-8211e1245b5d:c4794, 6999f20e-c3f7-4db4-87ca-141c476f2a88:c4794]
2019-08-22 07:03:47,623 [grpc-default-executor-0] INFO  client.GrpcClientProtocolClient (GrpcClientProtocolClient.java:onNext(255)) - client-CF63D631FA17->3cf1264f-5f6b-4138-aeee-2ff7d4522ead: receive RaftClientReply:client-CF63D631FA17->3cf1264f-5f6b-4138-aeee-2ff7d4522ead@group-561E16522154, cid=3175, SUCCESS, logIndex=4798, commits[3cf1264f-5f6b-4138-aeee-2ff7d4522ead:c4798, 4f0d1a15-8f14-4d9a-ad4f-8211e1245b5d:c4794, 6999f20e-c3f7-4db4-87ca-141c476f2a88:c4794]
2019-08-22 07:03:47,631 | INFO  | DNAudit | user=null | ip=null | op=WRITE_CHUNK {blockData=conID: 3 locID: 102659353973883542 bcsId: 0} | ret=SUCCESS |  
2019-08-22 07:03:47,632 | INFO  | DNAudit | user=null | ip=null | op=PUT_BLOCK {blockData=[blockId=conID: 3 locID: 102659353973883542 bcsId: 0,size=1048576]} | ret=SUCCESS |  
2019-08-22 07:03:47,632 | INFO  | DNAudit | user=null | ip=null | op=WRITE_CHUNK {blockData=conID: 3 locID: 102659353973883542 bcsId: 0} | ret=SUCCESS |  
2019-08-22 07:03:47,632 | INFO  | DNAudit | user=null | ip=null | op=PUT_BLOCK {blockData=[blockId=conID: 3 locID: 102659353973883542 bcsId: 0,size=1048576]} | ret=SUCCESS |  
2019-08-22 07:03:47,632 | INFO  | DNAudit | user=null | ip=null | op=WRITE_CHUNK {blockData=conID: 3 locID: 102659353973883542 bcsId: 0} | ret=SUCCESS |  
2019-08-22 07:03:47,633 | INFO  | DNAudit | user=null | ip=null | op=PUT_BLOCK {blockData=[blockId=conID: 3 locID: 102659353973883542 bcsId: 0,size=2097152]} | ret=SUCCESS |  
2019-08-22 07:03:47,634 | INFO  | DNAudit | user=null | ip=null | op=WRITE_CHUNK {blockData=conID: 3 locID: 102659353973883542 bcsId: 0} | ret=SUCCESS |  
2019-08-22 07:03:47,634 | INFO  | DNAudit | user=null | ip=null | op=PUT_BLOCK {blockData=[blockId=conID: 3 locID: 102659353973883542 bcsId: 0,size=2097152]} | ret=SUCCESS |  
2019-08-22 07:03:47,634 [grpc-default-executor-3] INFO  client.GrpcClientProtocolClient (GrpcClientProtocolClient.java:onNext(255)) - client-CF63D631FA17->3cf1264f-5f6b-4138-aeee-2ff7d4522ead: receive RaftClientReply:client-CF63D631FA17->3cf1264f-5f6b-4138-aeee-2ff7d4522ead@group-561E16522154, cid=3176, SUCCESS, logIndex=0, commits[3cf1264f-5f6b-4138-aeee-2ff7d4522ead:c4802, 4f0d1a15-8f14-4d9a-ad4f-8211e1245b5d:c4798, 6999f20e-c3f7-4db4-87ca-141c476f2a88:c4796]
2019-08-22 07:03:47,644 | INFO  | DNAudit | user=null | ip=null | op=WRITE_CHUNK {blockData=conID: 3 locID: 102659353973883542 bcsId: 4798} | ret=SUCCESS |  
2019-08-22 07:03:47,648 | INFO  | DNAudit | user=null | ip=null | op=WRITE_CHUNK {blockData=conID: 3 locID: 102659353973883542 bcsId: 4798} | ret=SUCCESS |  
2019-08-22 07:03:47,648 | INFO  | DNAudit | user=null | ip=null | op=WRITE_CHUNK {blockData=conID: 3 locID: 102659353973883542 bcsId: 4798} | ret=SUCCESS |  
2019-08-22 07:03:47,657 | INFO  | DNAudit | user=null | ip=null | op=WRITE_CHUNK {blockData=conID: 3 locID: 102659353973883542 bcsId: 4798} | ret=SUCCESS |  
2019-08-22 07:03:47,658 | INFO  | DNAudit | user=null | ip=null | op=PUT_BLOCK {blockData=[blockId=conID: 3 locID: 102659353973883542 bcsId: 0,size=3145728]} | ret=SUCCESS |  
2019-08-22 07:03:47,659 [grpc-default-executor-3] INFO  client.GrpcClientProtocolClient (GrpcClientProtocolClient.java:onNext(255)) - client-CF63D631FA17->3cf1264f-5f6b-4138-aeee-2ff7d4522ead: receive RaftClientReply:client-CF63D631FA17->3cf1264f-5f6b-4138-aeee-2ff7d4522ead@group-561E16522154, cid=3177, SUCCESS, logIndex=4803, commits[3cf1264f-5f6b-4138-aeee-2ff7d4522ead:c4804, 4f0d1a15-8f14-4d9a-ad4f-8211e1245b5d:c4802, 6999f20e-c3f7-4db4-87ca-141c476f2a88:c4802]
2019-08-22 07:03:47,659 [grpc-default-executor-3] INFO  client.GrpcClientProtocolClient (GrpcClientProtocolClient.java:onNext(255)) - client-CF63D631FA17->3cf1264f-5f6b-4138-aeee-2ff7d4522ead: receive RaftClientReply:client-CF63D631FA17->3cf1264f-5f6b-4138-aeee-2ff7d4522ead@group-561E16522154, cid=3178, SUCCESS, logIndex=4804, commits[3cf1264f-5f6b-4138-aeee-2ff7d4522ead:c4804, 4f0d1a15-8f14-4d9a-ad4f-8211e1245b5d:c4802, 6999f20e-c3f7-4db4-87ca-141c476f2a88:c4802]
2019-08-22 07:03:47,668 | INFO  | DNAudit | user=null | ip=null | op=WRITE_CHUNK {blockData=conID: 3 locID: 102659353973883542 bcsId: 4804} | ret=SUCCESS |  
2019-08-22 07:03:47,669 | INFO  | DNAudit | user=null | ip=null | op=WRITE_CHUNK {blockData=conID: 3 locID: 102659353973883542 bcsId: 4798} | ret=SUCCESS |  
2019-08-22 07:03:47,669 | INFO  | DNAudit | user=null | ip=null | op=WRITE_CHUNK {blockData=conID: 3 locID: 102659353973883542 bcsId: 4798} | ret=SUCCESS |  
2019-08-22 07:03:47,669 | INFO  | DNAudit | user=null | ip=null | op=PUT_BLOCK {blockData=[blockId=conID: 3 locID: 102659353973883542 bcsId: 0,size=3145728]} | ret=SUCCESS |  
2019-08-22 07:03:47,669 | INFO  | DNAudit | user=null | ip=null | op=PUT_BLOCK {blockData=[blockId=conID: 3 locID: 102659353973883542 bcsId: 0,size=3145728]} | ret=SUCCESS |  
2019-08-22 07:03:47,673 | INFO  | DNAudit | user=null | ip=null | op=WRITE_CHUNK {blockData=conID: 3 locID: 102659353973883542 bcsId: 4804} | ret=SUCCESS |  
2019-08-22 07:03:47,673 | INFO  | DNAudit | user=null | ip=null | op=WRITE_CHUNK {blockData=conID: 3 locID: 102659353973883542 bcsId: 4804} | ret=SUCCESS |  
2019-08-22 07:03:47,689 | INFO  | DNAudit | user=null | ip=null | op=WRITE_CHUNK {blockData=conID: 3 locID: 102659353973883542 bcsId: 4804} | ret=SUCCESS |  
2019-08-22 07:03:47,690 | INFO  | DNAudit | user=null | ip=null | op=PUT_BLOCK {blockData=[blockId=conID: 3 locID: 102659353973883542 bcsId: 0,size=4194304]} | ret=SUCCESS |  
2019-08-22 07:03:47,691 [grpc-default-executor-0] INFO  client.GrpcClientProtocolClient (GrpcClientProtocolClient.java:onNext(255)) - client-CF63D631FA17->3cf1264f-5f6b-4138-aeee-2ff7d4522ead: receive RaftClientReply:client-CF63D631FA17->3cf1264f-5f6b-4138-aeee-2ff7d4522ead@group-561E16522154, cid=3179, SUCCESS, logIndex=4807, commits[3cf1264f-5f6b-4138-aeee-2ff7d4522ead:c4807, 4f0d1a15-8f14-4d9a-ad4f-8211e1245b5d:c4804, 6999f20e-c3f7-4db4-87ca-141c476f2a88:c4804]
2019-08-22 07:03:47,692 [grpc-default-executor-0] INFO  client.GrpcClientProtocolClient (GrpcClientProtocolClient.java:onNext(255)) - client-CF63D631FA17->3cf1264f-5f6b-4138-aeee-2ff7d4522ead: receive RaftClientReply:client-CF63D631FA17->3cf1264f-5f6b-4138-aeee-2ff7d4522ead@group-561E16522154, cid=3180, SUCCESS, logIndex=4808, commits[3cf1264f-5f6b-4138-aeee-2ff7d4522ead:c4808, 4f0d1a15-8f14-4d9a-ad4f-8211e1245b5d:c4804, 6999f20e-c3f7-4db4-87ca-141c476f2a88:c4804]
2019-08-22 07:03:47,701 | INFO  | DNAudit | user=null | ip=null | op=WRITE_CHUNK {blockData=conID: 3 locID: 102659353973883542 bcsId: 4804} | ret=SUCCESS |  
2019-08-22 07:03:47,701 | INFO  | DNAudit | user=null | ip=null | op=WRITE_CHUNK {blockData=conID: 3 locID: 102659353973883542 bcsId: 4804} | ret=SUCCESS |  
2019-08-22 07:03:47,702 | INFO  | DNAudit | user=null | ip=null | op=PUT_BLOCK {blockData=[blockId=conID: 3 locID: 102659353973883542 bcsId: 0,size=4194304]} | ret=SUCCESS |  
2019-08-22 07:03:47,702 | INFO  | DNAudit | user=null | ip=null | op=PUT_BLOCK {blockData=[blockId=conID: 3 locID: 102659353973883542 bcsId: 0,size=4194304]} | ret=SUCCESS |  
2019-08-22 07:03:47,703 [grpc-default-executor-0] INFO  client.GrpcClientProtocolClient (GrpcClientProtocolClient.java:onNext(255)) - client-CF63D631FA17->3cf1264f-5f6b-4138-aeee-2ff7d4522ead: receive RaftClientReply:client-CF63D631FA17->3cf1264f-5f6b-4138-aeee-2ff7d4522ead@group-561E16522154, cid=3181, SUCCESS, logIndex=0, commits[3cf1264f-5f6b-4138-aeee-2ff7d4522ead:c4810, 4f0d1a15-8f14-4d9a-ad4f-8211e1245b5d:c4808, 6999f20e-c3f7-4db4-87ca-141c476f2a88:c4808]
2019-08-22 07:03:47,715 | INFO  | SCMAudit | user=jenkins1000 | ip=192.168.34.31 | op=ALLOCATE_BLOCK {owner=04b6d46a-98e2-41b1-9f38-1870289993ea, size=4194304, type=RATIS, factor=THREE} | ret=SUCCESS |  
2019-08-22 07:03:47,722 | INFO  | OMAudit | user=jenkins1000 | ip=127.0.0.1 | op=ALLOCATE_BLOCK {volume=vol-0-14906, bucket=bucket-0-53153, key=key-0-33222, dataSize=0, replicationType=null, replicationFactor=null, keyLocationInfo=null, clientID=102659352017764754} | ret=SUCCESS |  
2019-08-22 07:03:47,733 | INFO  | DNAudit | user=null | ip=null | op=WRITE_CHUNK {blockData=conID: 1 locID: 102659353982665367 bcsId: 0} | ret=SUCCESS |  
2019-08-22 07:03:47,737 | INFO  | DNAudit | user=null | ip=null | op=WRITE_CHUNK {blockData=conID: 1 locID: 102659353982665367 bcsId: 0} | ret=SUCCESS |  
2019-08-22 07:03:47,738 | INFO  | DNAudit | user=null | ip=null | op=WRITE_CHUNK {blockData=conID: 1 locID: 102659353982665367 bcsId: 0} | ret=SUCCESS |  
2019-08-22 07:03:47,738 | INFO  | DNAudit | user=null | ip=null | op=WRITE_CHUNK {blockData=conID: 1 locID: 102659353982665367 bcsId: 0} | ret=SUCCESS |  
2019-08-22 07:03:47,741 | INFO  | DNAudit | user=null | ip=null | op=WRITE_CHUNK {blockData=conID: 1 locID: 102659353982665367 bcsId: 0} | ret=SUCCESS |  
2019-08-22 07:03:47,741 | INFO  | DNAudit | user=null | ip=null | op=WRITE_CHUNK {blockData=conID: 1 locID: 102659353982665367 bcsId: 0} | ret=SUCCESS |  
2019-08-22 07:03:47,746 | INFO  | DNAudit | user=null | ip=null | op=WRITE_CHUNK {blockData=conID: 1 locID: 102659353982665367 bcsId: 0} | ret=SUCCESS |  
2019-08-22 07:03:47,747 | INFO  | DNAudit | user=null | ip=null | op=PUT_BLOCK {blockData=[blockId=conID: 1 locID: 102659353982665367 bcsId: 0,size=1048576]} | ret=SUCCESS |  
2019-08-22 07:03:47,748 | INFO  | DNAudit | user=null | ip=null | op=WRITE_CHUNK {blockData=conID: 1 locID: 102659353982665367 bcsId: 0} | ret=SUCCESS |  
2019-08-22 07:03:47,748 [grpc-default-executor-0] INFO  client.GrpcClientProtocolClient (GrpcClientProtocolClient.java:onNext(255)) - client-CF63D631FA17->3cf1264f-5f6b-4138-aeee-2ff7d4522ead: receive RaftClientReply:client-CF63D631FA17->3cf1264f-5f6b-4138-aeee-2ff7d4522ead@group-561E16522154, cid=3182, SUCCESS, logIndex=4811, commits[3cf1264f-5f6b-4138-aeee-2ff7d4522ead:c4812, 4f0d1a15-8f14-4d9a-ad4f-8211e1245b5d:c4810, 6999f20e-c3f7-4db4-87ca-141c476f2a88:c4810]
2019-08-22 07:03:47,748 | INFO  | DNAudit | user=null | ip=null | op=PUT_BLOCK {blockData=[blockId=conID: 1 locID: 102659353982665367 bcsId: 0,size=2097152]} | ret=SUCCESS |  
2019-08-22 07:03:47,748 | INFO  | DNAudit | user=null | ip=null | op=WRITE_CHUNK {blockData=conID: 1 locID: 102659353982665367 bcsId: 0} | ret=SUCCESS |  
2019-08-22 07:03:47,749 | INFO  | DNAudit | user=null | ip=null | op=PUT_BLOCK {blockData=[blockId=conID: 1 locID: 102659353982665367 bcsId: 0,size=1048576]} | ret=SUCCESS |  
2019-08-22 07:03:47,749 | INFO  | DNAudit | user=null | ip=null | op=WRITE_CHUNK {blockData=conID: 1 locID: 102659353982665367 bcsId: 0} | ret=SUCCESS |  
2019-08-22 07:03:47,749 [grpc-default-executor-0] INFO  client.GrpcClientProtocolClient (GrpcClientProtocolClient.java:onNext(255)) - client-CF63D631FA17->3cf1264f-5f6b-4138-aeee-2ff7d4522ead: receive RaftClientReply:client-CF63D631FA17->3cf1264f-5f6b-4138-aeee-2ff7d4522ead@group-561E16522154, cid=3183, SUCCESS, logIndex=4812, commits[3cf1264f-5f6b-4138-aeee-2ff7d4522ead:c4814, 4f0d1a15-8f14-4d9a-ad4f-8211e1245b5d:c4810, 6999f20e-c3f7-4db4-87ca-141c476f2a88:c4810]
2019-08-22 07:03:47,750 | INFO  | DNAudit | user=null | ip=null | op=PUT_BLOCK {blockData=[blockId=conID: 1 locID: 102659353982665367 bcsId: 0,size=1048576]} | ret=SUCCESS |  
2019-08-22 07:03:47,750 | INFO  | DNAudit | user=null | ip=null | op=WRITE_CHUNK {blockData=conID: 1 locID: 102659353982665367 bcsId: 0} | ret=SUCCESS |  
2019-08-22 07:03:47,751 | INFO  | DNAudit | user=null | ip=null | op=WRITE_CHUNK {blockData=conID: 1 locID: 102659353982665367 bcsId: 0} | ret=SUCCESS |  
2019-08-22 07:03:47,751 | INFO  | DNAudit | user=null | ip=null | op=PUT_BLOCK {blockData=[blockId=conID: 1 locID: 102659353982665367 bcsId: 0,size=2097152]} | ret=SUCCESS |  
2019-08-22 07:03:47,751 | INFO  | DNAudit | user=null | ip=null | op=PUT_BLOCK {blockData=[blockId=conID: 1 locID: 102659353982665367 bcsId: 0,size=2097152]} | ret=SUCCESS |  
2019-08-22 07:03:47,751 [grpc-default-executor-0] INFO  client.GrpcClientProtocolClient (GrpcClientProtocolClient.java:onNext(255)) - client-CF63D631FA17->3cf1264f-5f6b-4138-aeee-2ff7d4522ead: receive RaftClientReply:client-CF63D631FA17->3cf1264f-5f6b-4138-aeee-2ff7d4522ead@group-561E16522154, cid=3184, SUCCESS, logIndex=4813, commits[3cf1264f-5f6b-4138-aeee-2ff7d4522ead:c4814, 4f0d1a15-8f14-4d9a-ad4f-8211e1245b5d:c4810, 6999f20e-c3f7-4db4-87ca-141c476f2a88:c4810]
2019-08-22 07:03:47,752 [grpc-default-executor-3] INFO  client.GrpcClientProtocolClient (GrpcClientProtocolClient.java:onNext(255)) - client-CF63D631FA17->3cf1264f-5f6b-4138-aeee-2ff7d4522ead: receive RaftClientReply:client-CF63D631FA17->3cf1264f-5f6b-4138-aeee-2ff7d4522ead@group-561E16522154, cid=3185, SUCCESS, logIndex=4814, commits[3cf1264f-5f6b-4138-aeee-2ff7d4522ead:c4814, 4f0d1a15-8f14-4d9a-ad4f-8211e1245b5d:c4810, 6999f20e-c3f7-4db4-87ca-141c476f2a88:c4810]
2019-08-22 07:03:47,753 [grpc-default-executor-3] INFO  client.GrpcClientProtocolClient (GrpcClientProtocolClient.java:onNext(255)) - client-CF63D631FA17->3cf1264f-5f6b-4138-aeee-2ff7d4522ead: receive RaftClientReply:client-CF63D631FA17->3cf1264f-5f6b-4138-aeee-2ff7d4522ead@group-561E16522154, cid=3186, SUCCESS, logIndex=0, commits[3cf1264f-5f6b-4138-aeee-2ff7d4522ead:c4818, 4f0d1a15-8f14-4d9a-ad4f-8211e1245b5d:c4814, 6999f20e-c3f7-4db4-87ca-141c476f2a88:c4814]
2019-08-22 07:03:47,762 | INFO  | DNAudit | user=null | ip=null | op=WRITE_CHUNK {blockData=conID: 1 locID: 102659353982665367 bcsId: 4814} | ret=SUCCESS |  
2019-08-22 07:03:47,766 | INFO  | DNAudit | user=null | ip=null | op=WRITE_CHUNK {blockData=conID: 1 locID: 102659353982665367 bcsId: 4814} | ret=SUCCESS |  
2019-08-22 07:03:47,766 | INFO  | DNAudit | user=null | ip=null | op=WRITE_CHUNK {blockData=conID: 1 locID: 102659353982665367 bcsId: 4814} | ret=SUCCESS |  
2019-08-22 07:03:47,854 | INFO  | DNAudit | user=null | ip=null | op=WRITE_CHUNK {blockData=conID: 1 locID: 102659353982665367 bcsId: 4814} | ret=SUCCESS |  
2019-08-22 07:03:47,855 | INFO  | DNAudit | user=null | ip=null | op=PUT_BLOCK {blockData=[blockId=conID: 1 locID: 102659353982665367 bcsId: 0,size=3145728]} | ret=SUCCESS |  
2019-08-22 07:03:47,855 [grpc-default-executor-3] INFO  client.GrpcClientProtocolClient (GrpcClientProtocolClient.java:onNext(255)) - client-CF63D631FA17->3cf1264f-5f6b-4138-aeee-2ff7d4522ead: receive RaftClientReply:client-CF63D631FA17->3cf1264f-5f6b-4138-aeee-2ff7d4522ead@group-561E16522154, cid=3187, SUCCESS, logIndex=4819, commits[3cf1264f-5f6b-4138-aeee-2ff7d4522ead:c4820, 4f0d1a15-8f14-4d9a-ad4f-8211e1245b5d:c4814, 6999f20e-c3f7-4db4-87ca-141c476f2a88:c4818]
2019-08-22 07:03:47,855 [grpc-default-executor-3] INFO  client.GrpcClientProtocolClient (GrpcClientProtocolClient.java:onNext(255)) - client-CF63D631FA17->3cf1264f-5f6b-4138-aeee-2ff7d4522ead: receive RaftClientReply:client-CF63D631FA17->3cf1264f-5f6b-4138-aeee-2ff7d4522ead@group-561E16522154, cid=3188, SUCCESS, logIndex=4820, commits[3cf1264f-5f6b-4138-aeee-2ff7d4522ead:c4820, 4f0d1a15-8f14-4d9a-ad4f-8211e1245b5d:c4818, 6999f20e-c3f7-4db4-87ca-141c476f2a88:c4818]
2019-08-22 07:03:47,866 | INFO  | DNAudit | user=null | ip=null | op=WRITE_CHUNK {blockData=conID: 1 locID: 102659353982665367 bcsId: 4820} | ret=SUCCESS |  
2019-08-22 07:03:47,871 | INFO  | DNAudit | user=null | ip=null | op=WRITE_CHUNK {blockData=conID: 1 locID: 102659353982665367 bcsId: 4820} | ret=SUCCESS |  
2019-08-22 07:03:47,871 | INFO  | DNAudit | user=null | ip=null | op=WRITE_CHUNK {blockData=conID: 1 locID: 102659353982665367 bcsId: 4820} | ret=SUCCESS |  
2019-08-22 07:03:47,972 | INFO  | SCMAudit | user=jenkins1000 | ip=192.168.34.31 | op=SEND_HEARTBEAT {datanodeUUID=f789f48f-f3d7-45ec-9bba-6a89e2bdcc9c, command=[]} | ret=SUCCESS |  
2019-08-22 07:03:47,972 | INFO  | SCMAudit | user=jenkins1000 | ip=192.168.34.31 | op=SEND_HEARTBEAT {datanodeUUID=6ab6b5dd-7582-43bd-ad39-1af51ca14a47, command=[]} | ret=SUCCESS |  
 0.00% |█                                                                                                    |  0/1 Time: 0:00:302019-08-22 07:03:47,973 | INFO  | SCMAudit | user=jenkins1000 | ip=192.168.34.31 | op=SEND_HEARTBEAT {datanodeUUID=6999f20e-c3f7-4db4-87ca-141c476f2a88, command=[]} | ret=SUCCESS |  
2019-08-22 07:03:47,973 | INFO  | SCMAudit | user=jenkins1000 | ip=192.168.34.31 | op=SEND_HEARTBEAT {datanodeUUID=3cf1264f-5f6b-4138-aeee-2ff7d4522ead, command=[]} | ret=SUCCESS |  
2019-08-22 07:03:47,975 | INFO  | DNAudit | user=null | ip=null | op=WRITE_CHUNK {blockData=conID: 1 locID: 102659353982665367 bcsId: 4814} | ret=SUCCESS |  
2019-08-22 07:03:47,976 | INFO  | DNAudit | user=null | ip=null | op=WRITE_CHUNK {blockData=conID: 1 locID: 102659353982665367 bcsId: 4814} | ret=SUCCESS |  
2019-08-22 07:03:47,976 | INFO  | DNAudit | user=null | ip=null | op=PUT_BLOCK {blockData=[blockId=conID: 1 locID: 102659353982665367 bcsId: 0,size=3145728]} | ret=SUCCESS |  
2019-08-22 07:03:47,976 | INFO  | DNAudit | user=null | ip=null | op=PUT_BLOCK {blockData=[blockId=conID: 1 locID: 102659353982665367 bcsId: 0,size=3145728]} | ret=SUCCESS |  
2019-08-22 07:03:47,978 | INFO  | DNAudit | user=null | ip=null | op=WRITE_CHUNK {blockData=conID: 1 locID: 102659353982665367 bcsId: 4820} | ret=SUCCESS |  
2019-08-22 07:03:47,979 | INFO  | DNAudit | user=null | ip=null | op=PUT_BLOCK {blockData=[blockId=conID: 1 locID: 102659353982665367 bcsId: 0,size=4194304]} | ret=SUCCESS |  
2019-08-22 07:03:47,980 [grpc-default-executor-0] INFO  client.GrpcClientProtocolClient (GrpcClientProtocolClient.java:onNext(255)) - client-CF63D631FA17->3cf1264f-5f6b-4138-aeee-2ff7d4522ead: receive RaftClientReply:client-CF63D631FA17->3cf1264f-5f6b-4138-aeee-2ff7d4522ead@group-561E16522154, cid=3189, SUCCESS, logIndex=4823, commits[3cf1264f-5f6b-4138-aeee-2ff7d4522ead:c4824, 4f0d1a15-8f14-4d9a-ad4f-8211e1245b5d:c4820, 6999f20e-c3f7-4db4-87ca-141c476f2a88:c4820]
2019-08-22 07:03:47,980 [grpc-default-executor-0] INFO  client.GrpcClientProtocolClient (GrpcClientProtocolClient.java:onNext(255)) - client-CF63D631FA17->3cf1264f-5f6b-4138-aeee-2ff7d4522ead: receive RaftClientReply:client-CF63D631FA17->3cf1264f-5f6b-4138-aeee-2ff7d4522ead@group-561E16522154, cid=3190, SUCCESS, logIndex=4824, commits[3cf1264f-5f6b-4138-aeee-2ff7d4522ead:c4824, 4f0d1a15-8f14-4d9a-ad4f-8211e1245b5d:c4820, 6999f20e-c3f7-4db4-87ca-141c476f2a88:c4820]
2019-08-22 07:03:47,985 | INFO  | DNAudit | user=null | ip=null | op=WRITE_CHUNK {blockData=conID: 1 locID: 102659353982665367 bcsId: 4820} | ret=SUCCESS |  
2019-08-22 07:03:47,985 | INFO  | DNAudit | user=null | ip=null | op=WRITE_CHUNK {blockData=conID: 1 locID: 102659353982665367 bcsId: 4820} | ret=SUCCESS |  
2019-08-22 07:03:47,985 | INFO  | DNAudit | user=null | ip=null | op=PUT_BLOCK {blockData=[blockId=conID: 1 locID: 102659353982665367 bcsId: 0,size=4194304]} | ret=SUCCESS |  
2019-08-22 07:03:47,986 | INFO  | DNAudit | user=null | ip=null | op=PUT_BLOCK {blockData=[blockId=conID: 1 locID: 102659353982665367 bcsId: 0,size=4194304]} | ret=SUCCESS |  
2019-08-22 07:03:47,987 [grpc-default-executor-0] INFO  client.GrpcClientProtocolClient (GrpcClientProtocolClient.java:onNext(255)) - client-CF63D631FA17->3cf1264f-5f6b-4138-aeee-2ff7d4522ead: receive RaftClientReply:client-CF63D631FA17->3cf1264f-5f6b-4138-aeee-2ff7d4522ead@group-561E16522154, cid=3191, SUCCESS, logIndex=0, commits[3cf1264f-5f6b-4138-aeee-2ff7d4522ead:c4825, 4f0d1a15-8f14-4d9a-ad4f-8211e1245b5d:c4824, 6999f20e-c3f7-4db4-87ca-141c476f2a88:c4824]
2019-08-22 07:03:48,001 | INFO  | SCMAudit | user=jenkins1000 | ip=192.168.34.31 | op=ALLOCATE_BLOCK {owner=04b6d46a-98e2-41b1-9f38-1870289993ea, size=4194304, type=RATIS, factor=THREE} | ret=SUCCESS |  
2019-08-22 07:03:48,008 | INFO  | OMAudit | user=jenkins1000 | ip=127.0.0.1 | op=ALLOCATE_BLOCK {volume=vol-0-14906, bucket=bucket-0-53153, key=key-0-33222, dataSize=0, replicationType=null, replicationFactor=null, keyLocationInfo=null, clientID=102659352017764754} | ret=SUCCESS |  
2019-08-22 07:03:48,019 | INFO  | DNAudit | user=null | ip=null | op=WRITE_CHUNK {blockData=conID: 2 locID: 102659354001474200 bcsId: 0} | ret=SUCCESS |  
2019-08-22 07:03:48,023 | INFO  | DNAudit | user=null | ip=null | op=WRITE_CHUNK {blockData=conID: 2 locID: 102659354001474200 bcsId: 0} | ret=SUCCESS |  
2019-08-22 07:03:48,024 | INFO  | DNAudit | user=null | ip=null | op=WRITE_CHUNK {blockData=conID: 2 locID: 102659354001474200 bcsId: 0} | ret=SUCCESS |  
2019-08-22 07:03:48,027 | INFO  | DNAudit | user=null | ip=null | op=WRITE_CHUNK {blockData=conID: 2 locID: 102659354001474200 bcsId: 0} | ret=SUCCESS |  
2019-08-22 07:03:48,028 | INFO  | DNAudit | user=null | ip=null | op=WRITE_CHUNK {blockData=conID: 2 locID: 102659354001474200 bcsId: 0} | ret=SUCCESS |  
2019-08-22 07:03:48,029 | INFO  | DNAudit | user=null | ip=null | op=WRITE_CHUNK {blockData=conID: 2 locID: 102659354001474200 bcsId: 0} | ret=SUCCESS |  
2019-08-22 07:03:48,040 | INFO  | DNAudit | user=null | ip=null | op=WRITE_CHUNK {blockData=conID: 2 locID: 102659354001474200 bcsId: 0} | ret=SUCCESS |  
2019-08-22 07:03:48,040 | INFO  | DNAudit | user=null | ip=null | op=PUT_BLOCK {blockData=[blockId=conID: 2 locID: 102659354001474200 bcsId: 0,size=1048576]} | ret=SUCCESS |  
2019-08-22 07:03:48,041 | INFO  | DNAudit | user=null | ip=null | op=WRITE_CHUNK {blockData=conID: 2 locID: 102659354001474200 bcsId: 0} | ret=SUCCESS |  
2019-08-22 07:03:48,041 [grpc-default-executor-1] INFO  client.GrpcClientProtocolClient (GrpcClientProtocolClient.java:onNext(255)) - client-CF63D631FA17->3cf1264f-5f6b-4138-aeee-2ff7d4522ead: receive RaftClientReply:client-CF63D631FA17->3cf1264f-5f6b-4138-aeee-2ff7d4522ead@group-561E16522154, cid=3192, SUCCESS, logIndex=4827, commits[3cf1264f-5f6b-4138-aeee-2ff7d4522ead:c4829, 4f0d1a15-8f14-4d9a-ad4f-8211e1245b5d:c4826, 6999f20e-c3f7-4db4-87ca-141c476f2a88:c4826]
2019-08-22 07:03:48,041 | INFO  | DNAudit | user=null | ip=null | op=PUT_BLOCK {blockData=[blockId=conID: 2 locID: 102659354001474200 bcsId: 0,size=2097152]} | ret=SUCCESS |  
2019-08-22 07:03:48,042 [grpc-default-executor-1] INFO  client.GrpcClientProtocolClient (GrpcClientProtocolClient.java:onNext(255)) - client-CF63D631FA17->3cf1264f-5f6b-4138-aeee-2ff7d4522ead: receive RaftClientReply:client-CF63D631FA17->3cf1264f-5f6b-4138-aeee-2ff7d4522ead@group-561E16522154, cid=3193, SUCCESS, logIndex=4828, commits[3cf1264f-5f6b-4138-aeee-2ff7d4522ead:c4830, 4f0d1a15-8f14-4d9a-ad4f-8211e1245b5d:c4826, 6999f20e-c3f7-4db4-87ca-141c476f2a88:c4826]
2019-08-22 07:03:48,042 [grpc-default-executor-1] INFO  client.GrpcClientProtocolClient (GrpcClientProtocolClient.java:onNext(255)) - client-CF63D631FA17->3cf1264f-5f6b-4138-aeee-2ff7d4522ead: receive RaftClientReply:client-CF63D631FA17->3cf1264f-5f6b-4138-aeee-2ff7d4522ead@group-561E16522154, cid=3194, SUCCESS, logIndex=4829, commits[3cf1264f-5f6b-4138-aeee-2ff7d4522ead:c4830, 4f0d1a15-8f14-4d9a-ad4f-8211e1245b5d:c4826, 6999f20e-c3f7-4db4-87ca-141c476f2a88:c4826]
2019-08-22 07:03:48,043 [grpc-default-executor-1] INFO  client.GrpcClientProtocolClient (GrpcClientProtocolClient.java:onNext(255)) - client-CF63D631FA17->3cf1264f-5f6b-4138-aeee-2ff7d4522ead: receive RaftClientReply:client-CF63D631FA17->3cf1264f-5f6b-4138-aeee-2ff7d4522ead@group-561E16522154, cid=3195, SUCCESS, logIndex=4830, commits[3cf1264f-5f6b-4138-aeee-2ff7d4522ead:c4830, 4f0d1a15-8f14-4d9a-ad4f-8211e1245b5d:c4826, 6999f20e-c3f7-4db4-87ca-141c476f2a88:c4826]
2019-08-22 07:03:48,051 | INFO  | DNAudit | user=null | ip=null | op=WRITE_CHUNK {blockData=conID: 2 locID: 102659354001474200 bcsId: 0} | ret=SUCCESS |  
2019-08-22 07:03:48,051 | INFO  | DNAudit | user=null | ip=null | op=WRITE_CHUNK {blockData=conID: 2 locID: 102659354001474200 bcsId: 0} | ret=SUCCESS |  
2019-08-22 07:03:48,052 | INFO  | DNAudit | user=null | ip=null | op=PUT_BLOCK {blockData=[blockId=conID: 2 locID: 102659354001474200 bcsId: 0,size=1048576]} | ret=SUCCESS |  
2019-08-22 07:03:48,052 | INFO  | DNAudit | user=null | ip=null | op=PUT_BLOCK {blockData=[blockId=conID: 2 locID: 102659354001474200 bcsId: 0,size=1048576]} | ret=SUCCESS |  
2019-08-22 07:03:48,053 [grpc-default-executor-1] INFO  client.GrpcClientProtocolClient (GrpcClientProtocolClient.java:onNext(255)) - client-CF63D631FA17->3cf1264f-5f6b-4138-aeee-2ff7d4522ead: receive RaftClientReply:client-CF63D631FA17->3cf1264f-5f6b-4138-aeee-2ff7d4522ead@group-561E16522154, cid=3196, SUCCESS, logIndex=0, commits[3cf1264f-5f6b-4138-aeee-2ff7d4522ead:c4831, 4f0d1a15-8f14-4d9a-ad4f-8211e1245b5d:c4828, 6999f20e-c3f7-4db4-87ca-141c476f2a88:c4828]
2019-08-22 07:03:48,054 | INFO  | DNAudit | user=null | ip=null | op=WRITE_CHUNK {blockData=conID: 2 locID: 102659354001474200 bcsId: 0} | ret=SUCCESS |  
2019-08-22 07:03:48,054 | INFO  | DNAudit | user=null | ip=null | op=WRITE_CHUNK {blockData=conID: 2 locID: 102659354001474200 bcsId: 0} | ret=SUCCESS |  
2019-08-22 07:03:48,055 | INFO  | DNAudit | user=null | ip=null | op=PUT_BLOCK {blockData=[blockId=conID: 2 locID: 102659354001474200 bcsId: 0,size=2097152]} | ret=SUCCESS |  
2019-08-22 07:03:48,055 | INFO  | DNAudit | user=null | ip=null | op=PUT_BLOCK {blockData=[blockId=conID: 2 locID: 102659354001474200 bcsId: 0,size=2097152]} | ret=SUCCESS |  
2019-08-22 07:03:48,063 | INFO  | DNAudit | user=null | ip=null | op=WRITE_CHUNK {blockData=conID: 2 locID: 102659354001474200 bcsId: 4830} | ret=SUCCESS |  
2019-08-22 07:03:48,067 | INFO  | DNAudit | user=null | ip=null | op=WRITE_CHUNK {blockData=conID: 2 locID: 102659354001474200 bcsId: 4830} | ret=SUCCESS |  
2019-08-22 07:03:48,068 | INFO  | DNAudit | user=null | ip=null | op=WRITE_CHUNK {blockData=conID: 2 locID: 102659354001474200 bcsId: 4830} | ret=SUCCESS |  
2019-08-22 07:03:48,077 | INFO  | DNAudit | user=null | ip=null | op=WRITE_CHUNK {blockData=conID: 2 locID: 102659354001474200 bcsId: 4830} | ret=SUCCESS |  
2019-08-22 07:03:48,077 | INFO  | DNAudit | user=null | ip=null | op=PUT_BLOCK {blockData=[blockId=conID: 2 locID: 102659354001474200 bcsId: 0,size=3145728]} | ret=SUCCESS |  
2019-08-22 07:03:48,078 [grpc-default-executor-1] INFO  client.GrpcClientProtocolClient (GrpcClientProtocolClient.java:onNext(255)) - client-CF63D631FA17->3cf1264f-5f6b-4138-aeee-2ff7d4522ead: receive RaftClientReply:client-CF63D631FA17->3cf1264f-5f6b-4138-aeee-2ff7d4522ead@group-561E16522154, cid=3197, SUCCESS, logIndex=4835, commits[3cf1264f-5f6b-4138-aeee-2ff7d4522ead:c4836, 4f0d1a15-8f14-4d9a-ad4f-8211e1245b5d:c4834, 6999f20e-c3f7-4db4-87ca-141c476f2a88:c4834]
2019-08-22 07:03:48,078 [grpc-default-executor-1] INFO  client.GrpcClientProtocolClient (GrpcClientProtocolClient.java:onNext(255)) - client-CF63D631FA17->3cf1264f-5f6b-4138-aeee-2ff7d4522ead: receive RaftClientReply:client-CF63D631FA17->3cf1264f-5f6b-4138-aeee-2ff7d4522ead@group-561E16522154, cid=3198, SUCCESS, logIndex=4836, commits[3cf1264f-5f6b-4138-aeee-2ff7d4522ead:c4836, 4f0d1a15-8f14-4d9a-ad4f-8211e1245b5d:c4834, 6999f20e-c3f7-4db4-87ca-141c476f2a88:c4834]
2019-08-22 07:03:48,088 | INFO  | DNAudit | user=null | ip=null | op=WRITE_CHUNK {blockData=conID: 2 locID: 102659354001474200 bcsId: 4836} | ret=SUCCESS |  
2019-08-22 07:03:48,090 | INFO  | DNAudit | user=null | ip=null | op=WRITE_CHUNK {blockData=conID: 2 locID: 102659354001474200 bcsId: 4830} | ret=SUCCESS |  
2019-08-22 07:03:48,090 | INFO  | DNAudit | user=null | ip=null | op=WRITE_CHUNK {blockData=conID: 2 locID: 102659354001474200 bcsId: 4830} | ret=SUCCESS |  
2019-08-22 07:03:48,090 | INFO  | DNAudit | user=null | ip=null | op=PUT_BLOCK {blockData=[blockId=conID: 2 locID: 102659354001474200 bcsId: 0,size=3145728]} | ret=SUCCESS |  
2019-08-22 07:03:48,090 | INFO  | DNAudit | user=null | ip=null | op=PUT_BLOCK {blockData=[blockId=conID: 2 locID: 102659354001474200 bcsId: 0,size=3145728]} | ret=SUCCESS |  
2019-08-22 07:03:48,091 | INFO  | DNAudit | user=null | ip=null | op=WRITE_CHUNK {blockData=conID: 2 locID: 102659354001474200 bcsId: 4836} | ret=SUCCESS |  
2019-08-22 07:03:48,092 | INFO  | DNAudit | user=null | ip=null | op=WRITE_CHUNK {blockData=conID: 2 locID: 102659354001474200 bcsId: 4836} | ret=SUCCESS |  
2019-08-22 07:03:48,104 | INFO  | DNAudit | user=null | ip=null | op=WRITE_CHUNK {blockData=conID: 2 locID: 102659354001474200 bcsId: 4836} | ret=SUCCESS |  
2019-08-22 07:03:48,104 | INFO  | DNAudit | user=null | ip=null | op=PUT_BLOCK {blockData=[blockId=conID: 2 locID: 102659354001474200 bcsId: 0,size=4194304]} | ret=SUCCESS |  
2019-08-22 07:03:48,105 [grpc-default-executor-3] INFO  client.GrpcClientProtocolClient (GrpcClientProtocolClient.java:onNext(255)) - client-CF63D631FA17->3cf1264f-5f6b-4138-aeee-2ff7d4522ead: receive RaftClientReply:client-CF63D631FA17->3cf1264f-5f6b-4138-aeee-2ff7d4522ead@group-561E16522154, cid=3199, SUCCESS, logIndex=4839, commits[3cf1264f-5f6b-4138-aeee-2ff7d4522ead:c4840, 4f0d1a15-8f14-4d9a-ad4f-8211e1245b5d:c4836, 6999f20e-c3f7-4db4-87ca-141c476f2a88:c4836]
2019-08-22 07:03:48,105 [grpc-default-executor-3] INFO  client.GrpcClientProtocolClient (GrpcClientProtocolClient.java:onNext(255)) - client-CF63D631FA17->3cf1264f-5f6b-4138-aeee-2ff7d4522ead: receive RaftClientReply:client-CF63D631FA17->3cf1264f-5f6b-4138-aeee-2ff7d4522ead@group-561E16522154, cid=3200, SUCCESS, logIndex=4840, commits[3cf1264f-5f6b-4138-aeee-2ff7d4522ead:c4840, 4f0d1a15-8f14-4d9a-ad4f-8211e1245b5d:c4836, 6999f20e-c3f7-4db4-87ca-141c476f2a88:c4836]
2019-08-22 07:03:48,115 | INFO  | DNAudit | user=null | ip=null | op=WRITE_CHUNK {blockData=conID: 2 locID: 102659354001474200 bcsId: 4836} | ret=SUCCESS |  
2019-08-22 07:03:48,115 | INFO  | DNAudit | user=null | ip=null | op=WRITE_CHUNK {blockData=conID: 2 locID: 102659354001474200 bcsId: 4836} | ret=SUCCESS |  
2019-08-22 07:03:48,118 | INFO  | DNAudit | user=null | ip=null | op=PUT_BLOCK {blockData=[blockId=conID: 2 locID: 102659354001474200 bcsId: 0,size=4194304]} | ret=SUCCESS |  
2019-08-22 07:03:48,118 | INFO  | DNAudit | user=null | ip=null | op=PUT_BLOCK {blockData=[blockId=conID: 2 locID: 102659354001474200 bcsId: 0,size=4194304]} | ret=SUCCESS |  
2019-08-22 07:03:48,119 [grpc-default-executor-3] INFO  client.GrpcClientProtocolClient (GrpcClientProtocolClient.java:onNext(255)) - client-CF63D631FA17->3cf1264f-5f6b-4138-aeee-2ff7d4522ead: receive RaftClientReply:client-CF63D631FA17->3cf1264f-5f6b-4138-aeee-2ff7d4522ead@group-561E16522154, cid=3201, SUCCESS, logIndex=0, commits[3cf1264f-5f6b-4138-aeee-2ff7d4522ead:c4842, 4f0d1a15-8f14-4d9a-ad4f-8211e1245b5d:c4840, 6999f20e-c3f7-4db4-87ca-141c476f2a88:c4840]
2019-08-22 07:03:48,130 | INFO  | SCMAudit | user=jenkins1000 | ip=192.168.34.31 | op=ALLOCATE_BLOCK {owner=04b6d46a-98e2-41b1-9f38-1870289993ea, size=4194304, type=RATIS, factor=THREE} | ret=SUCCESS |  
2019-08-22 07:03:48,136 | INFO  | SCMAudit | user=jenkins1000 | ip=192.168.34.31 | op=SEND_HEARTBEAT {datanodeUUID=4f0d1a15-8f14-4d9a-ad4f-8211e1245b5d, command=[]} | ret=SUCCESS |  
2019-08-22 07:03:48,136 | INFO  | OMAudit | user=jenkins1000 | ip=127.0.0.1 | op=ALLOCATE_BLOCK {volume=vol-0-14906, bucket=bucket-0-53153, key=key-0-33222, dataSize=0, replicationType=null, replicationFactor=null, keyLocationInfo=null, clientID=102659352017764754} | ret=SUCCESS |  
2019-08-22 07:03:48,147 | INFO  | DNAudit | user=null | ip=null | op=WRITE_CHUNK {blockData=conID: 3 locID: 102659354009928345 bcsId: 0} | ret=SUCCESS |  
2019-08-22 07:03:48,151 | INFO  | DNAudit | user=null | ip=null | op=WRITE_CHUNK {blockData=conID: 3 locID: 102659354009928345 bcsId: 0} | ret=SUCCESS |  
2019-08-22 07:03:48,151 | INFO  | DNAudit | user=null | ip=null | op=WRITE_CHUNK {blockData=conID: 3 locID: 102659354009928345 bcsId: 0} | ret=SUCCESS |  
2019-08-22 07:03:48,152 | INFO  | DNAudit | user=null | ip=null | op=WRITE_CHUNK {blockData=conID: 3 locID: 102659354009928345 bcsId: 0} | ret=SUCCESS |  
2019-08-22 07:03:48,154 | INFO  | DNAudit | user=null | ip=null | op=WRITE_CHUNK {blockData=conID: 3 locID: 102659354009928345 bcsId: 0} | ret=SUCCESS |  
2019-08-22 07:03:48,154 | INFO  | DNAudit | user=null | ip=null | op=WRITE_CHUNK {blockData=conID: 3 locID: 102659354009928345 bcsId: 0} | ret=SUCCESS |  
2019-08-22 07:03:48,160 | INFO  | DNAudit | user=null | ip=null | op=WRITE_CHUNK {blockData=conID: 3 locID: 102659354009928345 bcsId: 0} | ret=SUCCESS |  
2019-08-22 07:03:48,161 | INFO  | DNAudit | user=null | ip=null | op=PUT_BLOCK {blockData=[blockId=conID: 3 locID: 102659354009928345 bcsId: 0,size=1048576]} | ret=SUCCESS |  
2019-08-22 07:03:48,161 | INFO  | DNAudit | user=null | ip=null | op=WRITE_CHUNK {blockData=conID: 3 locID: 102659354009928345 bcsId: 0} | ret=SUCCESS |  
2019-08-22 07:03:48,162 | INFO  | DNAudit | user=null | ip=null | op=PUT_BLOCK {blockData=[blockId=conID: 3 locID: 102659354009928345 bcsId: 0,size=2097152]} | ret=SUCCESS |  
2019-08-22 07:03:48,162 [grpc-default-executor-1] INFO  client.GrpcClientProtocolClient (GrpcClientProtocolClient.java:onNext(255)) - client-CF63D631FA17->3cf1264f-5f6b-4138-aeee-2ff7d4522ead: receive RaftClientReply:client-CF63D631FA17->3cf1264f-5f6b-4138-aeee-2ff7d4522ead@group-561E16522154, cid=3202, SUCCESS, logIndex=4843, commits[3cf1264f-5f6b-4138-aeee-2ff7d4522ead:c4844, 4f0d1a15-8f14-4d9a-ad4f-8211e1245b5d:c4840, 6999f20e-c3f7-4db4-87ca-141c476f2a88:c4842]
2019-08-22 07:03:48,163 [grpc-default-executor-1] INFO  client.GrpcClientProtocolClient (GrpcClientProtocolClient.java:onNext(255)) - client-CF63D631FA17->3cf1264f-5f6b-4138-aeee-2ff7d4522ead: receive RaftClientReply:client-CF63D631FA17->3cf1264f-5f6b-4138-aeee-2ff7d4522ead@group-561E16522154, cid=3203, SUCCESS, logIndex=4844, commits[3cf1264f-5f6b-4138-aeee-2ff7d4522ead:c4844, 4f0d1a15-8f14-4d9a-ad4f-8211e1245b5d:c4842, 6999f20e-c3f7-4db4-87ca-141c476f2a88:c4842]
2019-08-22 07:03:48,885 | INFO  | DNAudit | user=null | ip=null | op=WRITE_CHUNK {blockData=conID: 3 locID: 102659354009928345 bcsId: 0} | ret=SUCCESS |  
2019-08-22 07:03:48,886 | INFO  | DNAudit | user=null | ip=null | op=PUT_BLOCK {blockData=[blockId=conID: 3 locID: 102659354009928345 bcsId: 0,size=1048576]} | ret=SUCCESS |  
2019-08-22 07:03:48,886 [grpc-default-executor-1] INFO  client.GrpcClientProtocolClient (GrpcClientProtocolClient.java:onNext(255)) - client-CF63D631FA17->3cf1264f-5f6b-4138-aeee-2ff7d4522ead: receive RaftClientReply:client-CF63D631FA17->3cf1264f-5f6b-4138-aeee-2ff7d4522ead@group-561E16522154, cid=3204, SUCCESS, logIndex=4845, commits[3cf1264f-5f6b-4138-aeee-2ff7d4522ead:c4846, 4f0d1a15-8f14-4d9a-ad4f-8211e1245b5d:c4842, 6999f20e-c3f7-4db4-87ca-141c476f2a88:c4842]
2019-08-22 07:03:48,886 | INFO  | DNAudit | user=null | ip=null | op=WRITE_CHUNK {blockData=conID: 3 locID: 102659354009928345 bcsId: 0} | ret=SUCCESS |  
2019-08-22 07:03:48,886 | INFO  | DNAudit | user=null | ip=null | op=WRITE_CHUNK {blockData=conID: 3 locID: 102659354009928345 bcsId: 0} | ret=SUCCESS |  
2019-08-22 07:03:48,886 [grpc-default-executor-1] INFO  client.GrpcClientProtocolClient (GrpcClientProtocolClient.java:onNext(255)) - client-CF63D631FA17->3cf1264f-5f6b-4138-aeee-2ff7d4522ead: receive RaftClientReply:client-CF63D631FA17->3cf1264f-5f6b-4138-aeee-2ff7d4522ead@group-561E16522154, cid=3205, SUCCESS, logIndex=4846, commits[3cf1264f-5f6b-4138-aeee-2ff7d4522ead:c4846, 4f0d1a15-8f14-4d9a-ad4f-8211e1245b5d:c4842, 6999f20e-c3f7-4db4-87ca-141c476f2a88:c4842]
2019-08-22 07:03:48,887 | INFO  | DNAudit | user=null | ip=null | op=PUT_BLOCK {blockData=[blockId=conID: 3 locID: 102659354009928345 bcsId: 0,size=1048576]} | ret=SUCCESS |  
2019-08-22 07:03:48,887 | INFO  | DNAudit | user=null | ip=null | op=PUT_BLOCK {blockData=[blockId=conID: 3 locID: 102659354009928345 bcsId: 0,size=2097152]} | ret=SUCCESS |  
2019-08-22 07:03:48,887 | INFO  | DNAudit | user=null | ip=null | op=WRITE_CHUNK {blockData=conID: 3 locID: 102659354009928345 bcsId: 0} | ret=SUCCESS |  
2019-08-22 07:03:48,887 | INFO  | DNAudit | user=null | ip=null | op=PUT_BLOCK {blockData=[blockId=conID: 3 locID: 102659354009928345 bcsId: 0,size=2097152]} | ret=SUCCESS |  
2019-08-22 07:03:48,888 [grpc-default-executor-1] INFO  client.GrpcClientProtocolClient (GrpcClientProtocolClient.java:onNext(255)) - client-CF63D631FA17->3cf1264f-5f6b-4138-aeee-2ff7d4522ead: receive RaftClientReply:client-CF63D631FA17->3cf1264f-5f6b-4138-aeee-2ff7d4522ead@group-561E16522154, cid=3206, SUCCESS, logIndex=0, commits[3cf1264f-5f6b-4138-aeee-2ff7d4522ead:c4848, 4f0d1a15-8f14-4d9a-ad4f-8211e1245b5d:c4846, 6999f20e-c3f7-4db4-87ca-141c476f2a88:c4846]
2019-08-22 07:03:48,897 | INFO  | DNAudit | user=null | ip=null | op=WRITE_CHUNK {blockData=conID: 3 locID: 102659354009928345 bcsId: 4846} | ret=SUCCESS |  
2019-08-22 07:03:48,901 | INFO  | DNAudit | user=null | ip=null | op=WRITE_CHUNK {blockData=conID: 3 locID: 102659354009928345 bcsId: 4846} | ret=SUCCESS |  
2019-08-22 07:03:48,902 | INFO  | DNAudit | user=null | ip=null | op=WRITE_CHUNK {blockData=conID: 3 locID: 102659354009928345 bcsId: 4846} | ret=SUCCESS |  
2019-08-22 07:03:48,910 | INFO  | DNAudit | user=null | ip=null | op=WRITE_CHUNK {blockData=conID: 3 locID: 102659354009928345 bcsId: 4846} | ret=SUCCESS |  
2019-08-22 07:03:48,911 | INFO  | DNAudit | user=null | ip=null | op=PUT_BLOCK {blockData=[blockId=conID: 3 locID: 102659354009928345 bcsId: 0,size=3145728]} | ret=SUCCESS |  
2019-08-22 07:03:48,911 [grpc-default-executor-5] INFO  client.GrpcClientProtocolClient (GrpcClientProtocolClient.java:onNext(255)) - client-CF63D631FA17->3cf1264f-5f6b-4138-aeee-2ff7d4522ead: receive RaftClientReply:client-CF63D631FA17->3cf1264f-5f6b-4138-aeee-2ff7d4522ead@group-561E16522154, cid=3207, SUCCESS, logIndex=4850, commits[3cf1264f-5f6b-4138-aeee-2ff7d4522ead:c4851, 4f0d1a15-8f14-4d9a-ad4f-8211e1245b5d:c4848, 6999f20e-c3f7-4db4-87ca-141c476f2a88:c4848]
2019-08-22 07:03:48,912 [grpc-default-executor-5] INFO  client.GrpcClientProtocolClient (GrpcClientProtocolClient.java:onNext(255)) - client-CF63D631FA17->3cf1264f-5f6b-4138-aeee-2ff7d4522ead: receive RaftClientReply:client-CF63D631FA17->3cf1264f-5f6b-4138-aeee-2ff7d4522ead@group-561E16522154, cid=3208, SUCCESS, logIndex=4851, commits[3cf1264f-5f6b-4138-aeee-2ff7d4522ead:c4851, 4f0d1a15-8f14-4d9a-ad4f-8211e1245b5d:c4848, 6999f20e-c3f7-4db4-87ca-141c476f2a88:c4848]
2019-08-22 07:03:48,920 | INFO  | DNAudit | user=null | ip=null | op=WRITE_CHUNK {blockData=conID: 3 locID: 102659354009928345 bcsId: 4851} | ret=SUCCESS |  
2019-08-22 07:03:48,922 | INFO  | DNAudit | user=null | ip=null | op=WRITE_CHUNK {blockData=conID: 3 locID: 102659354009928345 bcsId: 4846} | ret=SUCCESS |  
2019-08-22 07:03:48,922 | INFO  | DNAudit | user=null | ip=null | op=WRITE_CHUNK {blockData=conID: 3 locID: 102659354009928345 bcsId: 4846} | ret=SUCCESS |  
2019-08-22 07:03:48,922 | INFO  | DNAudit | user=null | ip=null | op=PUT_BLOCK {blockData=[blockId=conID: 3 locID: 102659354009928345 bcsId: 0,size=3145728]} | ret=SUCCESS |  
2019-08-22 07:03:48,922 | INFO  | DNAudit | user=null | ip=null | op=PUT_BLOCK {blockData=[blockId=conID: 3 locID: 102659354009928345 bcsId: 0,size=3145728]} | ret=SUCCESS |  
2019-08-22 07:03:48,924 | INFO  | DNAudit | user=null | ip=null | op=WRITE_CHUNK {blockData=conID: 3 locID: 102659354009928345 bcsId: 4851} | ret=SUCCESS |  
2019-08-22 07:03:48,925 | INFO  | DNAudit | user=null | ip=null | op=WRITE_CHUNK {blockData=conID: 3 locID: 102659354009928345 bcsId: 4851} | ret=SUCCESS |  
2019-08-22 07:03:48,936 | INFO  | DNAudit | user=null | ip=null | op=WRITE_CHUNK {blockData=conID: 3 locID: 102659354009928345 bcsId: 4851} | ret=SUCCESS |  
2019-08-22 07:03:48,937 | INFO  | DNAudit | user=null | ip=null | op=PUT_BLOCK {blockData=[blockId=conID: 3 locID: 102659354009928345 bcsId: 0,size=4194304]} | ret=SUCCESS |  
2019-08-22 07:03:48,937 [grpc-default-executor-5] INFO  client.GrpcClientProtocolClient (GrpcClientProtocolClient.java:onNext(255)) - client-CF63D631FA17->3cf1264f-5f6b-4138-aeee-2ff7d4522ead: receive RaftClientReply:client-CF63D631FA17->3cf1264f-5f6b-4138-aeee-2ff7d4522ead@group-561E16522154, cid=3209, SUCCESS, logIndex=4854, commits[3cf1264f-5f6b-4138-aeee-2ff7d4522ead:c4855, 4f0d1a15-8f14-4d9a-ad4f-8211e1245b5d:c4851, 6999f20e-c3f7-4db4-87ca-141c476f2a88:c4851]
2019-08-22 07:03:48,937 | INFO  | DNAudit | user=null | ip=null | op=WRITE_CHUNK {blockData=conID: 3 locID: 102659354009928345 bcsId: 4851} | ret=SUCCESS |  
2019-08-22 07:03:48,937 [grpc-default-executor-5] INFO  client.GrpcClientProtocolClient (GrpcClientProtocolClient.java:onNext(255)) - client-CF63D631FA17->3cf1264f-5f6b-4138-aeee-2ff7d4522ead: receive RaftClientReply:client-CF63D631FA17->3cf1264f-5f6b-4138-aeee-2ff7d4522ead@group-561E16522154, cid=3210, SUCCESS, logIndex=4855, commits[3cf1264f-5f6b-4138-aeee-2ff7d4522ead:c4855, 4f0d1a15-8f14-4d9a-ad4f-8211e1245b5d:c4851, 6999f20e-c3f7-4db4-87ca-141c476f2a88:c4851]
2019-08-22 07:03:48,940 | INFO  | DNAudit | user=null | ip=null | op=WRITE_CHUNK {blockData=conID: 3 locID: 102659354009928345 bcsId: 4851} | ret=SUCCESS |  
2019-08-22 07:03:48,951 | INFO  | DNAudit | user=null | ip=null | op=PUT_BLOCK {blockData=[blockId=conID: 3 locID: 102659354009928345 bcsId: 0,size=4194304]} | ret=SUCCESS |  
2019-08-22 07:03:48,951 | INFO  | DNAudit | user=null | ip=null | op=PUT_BLOCK {blockData=[blockId=conID: 3 locID: 102659354009928345 bcsId: 0,size=4194304]} | ret=SUCCESS |  
2019-08-22 07:03:48,952 [grpc-default-executor-5] INFO  client.GrpcClientProtocolClient (GrpcClientProtocolClient.java:onNext(255)) - client-CF63D631FA17->3cf1264f-5f6b-4138-aeee-2ff7d4522ead: receive RaftClientReply:client-CF63D631FA17->3cf1264f-5f6b-4138-aeee-2ff7d4522ead@group-561E16522154, cid=3211, SUCCESS, logIndex=0, commits[3cf1264f-5f6b-4138-aeee-2ff7d4522ead:c4857, 4f0d1a15-8f14-4d9a-ad4f-8211e1245b5d:c4855, 6999f20e-c3f7-4db4-87ca-141c476f2a88:c4855]
2019-08-22 07:03:48,960 | INFO  | SCMAudit | user=jenkins1000 | ip=192.168.34.31 | op=ALLOCATE_BLOCK {owner=04b6d46a-98e2-41b1-9f38-1870289993ea, size=4194304, type=RATIS, factor=THREE} | ret=SUCCESS |  
2019-08-22 07:03:48,965 | INFO  | OMAudit | user=jenkins1000 | ip=127.0.0.1 | op=ALLOCATE_BLOCK {volume=vol-0-14906, bucket=bucket-0-53153, key=key-0-33222, dataSize=0, replicationType=null, replicationFactor=null, keyLocationInfo=null, clientID=102659352017764754} | ret=SUCCESS |  
2019-08-22 07:03:48,973 | INFO  | SCMAudit | user=jenkins1000 | ip=192.168.34.31 | op=SEND_HEARTBEAT {datanodeUUID=f789f48f-f3d7-45ec-9bba-6a89e2bdcc9c, command=[]} | ret=SUCCESS |  
2019-08-22 07:03:48,973 | INFO  | SCMAudit | user=jenkins1000 | ip=192.168.34.31 | op=SEND_HEARTBEAT {datanodeUUID=6ab6b5dd-7582-43bd-ad39-1af51ca14a47, command=[]} | ret=SUCCESS |  
2019-08-22 07:03:48,973 | INFO  | SCMAudit | user=jenkins1000 | ip=192.168.34.31 | op=SEND_HEARTBEAT {datanodeUUID=6999f20e-c3f7-4db4-87ca-141c476f2a88, command=[]} | ret=SUCCESS |  
 0.00% |█                                                                                                    |  0/1 Time: 0:00:312019-08-22 07:03:48,974 | INFO  | SCMAudit | user=jenkins1000 | ip=192.168.34.31 | op=SEND_HEARTBEAT {datanodeUUID=3cf1264f-5f6b-4138-aeee-2ff7d4522ead, command=[]} | ret=SUCCESS |  
2019-08-22 07:03:48,974 | INFO  | DNAudit | user=null | ip=null | op=WRITE_CHUNK {blockData=conID: 1 locID: 102659354064323226 bcsId: 0} | ret=SUCCESS |  
2019-08-22 07:03:48,977 | INFO  | DNAudit | user=null | ip=null | op=WRITE_CHUNK {blockData=conID: 1 locID: 102659354064323226 bcsId: 0} | ret=SUCCESS |  
2019-08-22 07:03:48,977 | INFO  | DNAudit | user=null | ip=null | op=WRITE_CHUNK {blockData=conID: 1 locID: 102659354064323226 bcsId: 0} | ret=SUCCESS |  
2019-08-22 07:03:48,978 | INFO  | DNAudit | user=null | ip=null | op=WRITE_CHUNK {blockData=conID: 1 locID: 102659354064323226 bcsId: 0} | ret=SUCCESS |  
2019-08-22 07:03:48,981 | INFO  | DNAudit | user=null | ip=null | op=WRITE_CHUNK {blockData=conID: 1 locID: 102659354064323226 bcsId: 0} | ret=SUCCESS |  
2019-08-22 07:03:48,981 | INFO  | DNAudit | user=null | ip=null | op=WRITE_CHUNK {blockData=conID: 1 locID: 102659354064323226 bcsId: 0} | ret=SUCCESS |  
2019-08-22 07:03:48,993 | INFO  | DNAudit | user=null | ip=null | op=WRITE_CHUNK {blockData=conID: 1 locID: 102659354064323226 bcsId: 0} | ret=SUCCESS |  
2019-08-22 07:03:48,993 | INFO  | DNAudit | user=null | ip=null | op=PUT_BLOCK {blockData=[blockId=conID: 1 locID: 102659354064323226 bcsId: 0,size=1048576]} | ret=SUCCESS |  
2019-08-22 07:03:48,994 [grpc-default-executor-1] INFO  client.GrpcClientProtocolClient (GrpcClientProtocolClient.java:onNext(255)) - client-CF63D631FA17->3cf1264f-5f6b-4138-aeee-2ff7d4522ead: receive RaftClientReply:client-CF63D631FA17->3cf1264f-5f6b-4138-aeee-2ff7d4522ead@group-561E16522154, cid=3212, SUCCESS, logIndex=4858, commits[3cf1264f-5f6b-4138-aeee-2ff7d4522ead:c4859, 4f0d1a15-8f14-4d9a-ad4f-8211e1245b5d:c4857, 6999f20e-c3f7-4db4-87ca-141c476f2a88:c4857]
2019-08-22 07:03:48,994 [grpc-default-executor-1] INFO  client.GrpcClientProtocolClient (GrpcClientProtocolClient.java:onNext(255)) - client-CF63D631FA17->3cf1264f-5f6b-4138-aeee-2ff7d4522ead: receive RaftClientReply:client-CF63D631FA17->3cf1264f-5f6b-4138-aeee-2ff7d4522ead@group-561E16522154, cid=3213, SUCCESS, logIndex=4859, commits[3cf1264f-5f6b-4138-aeee-2ff7d4522ead:c4859, 4f0d1a15-8f14-4d9a-ad4f-8211e1245b5d:c4857, 6999f20e-c3f7-4db4-87ca-141c476f2a88:c4857]
2019-08-22 07:03:49,004 | INFO  | DNAudit | user=null | ip=null | op=WRITE_CHUNK {blockData=conID: 1 locID: 102659354064323226 bcsId: 0} | ret=SUCCESS |  
2019-08-22 07:03:49,004 | INFO  | DNAudit | user=null | ip=null | op=PUT_BLOCK {blockData=[blockId=conID: 1 locID: 102659354064323226 bcsId: 0,size=2097152]} | ret=SUCCESS |  
2019-08-22 07:03:49,004 [grpc-default-executor-5] INFO  client.GrpcClientProtocolClient (GrpcClientProtocolClient.java:onNext(255)) - client-CF63D631FA17->3cf1264f-5f6b-4138-aeee-2ff7d4522ead: receive RaftClientReply:client-CF63D631FA17->3cf1264f-5f6b-4138-aeee-2ff7d4522ead@group-561E16522154, cid=3214, SUCCESS, logIndex=4860, commits[3cf1264f-5f6b-4138-aeee-2ff7d4522ead:c4861, 4f0d1a15-8f14-4d9a-ad4f-8211e1245b5d:c4857, 6999f20e-c3f7-4db4-87ca-141c476f2a88:c4857]
2019-08-22 07:03:49,005 | INFO  | DNAudit | user=null | ip=null | op=WRITE_CHUNK {blockData=conID: 1 locID: 102659354064323226 bcsId: 0} | ret=SUCCESS |  
2019-08-22 07:03:49,005 [grpc-default-executor-5] INFO  client.GrpcClientProtocolClient (GrpcClientProtocolClient.java:onNext(255)) - client-CF63D631FA17->3cf1264f-5f6b-4138-aeee-2ff7d4522ead: receive RaftClientReply:client-CF63D631FA17->3cf1264f-5f6b-4138-aeee-2ff7d4522ead@group-561E16522154, cid=3215, SUCCESS, logIndex=4861, commits[3cf1264f-5f6b-4138-aeee-2ff7d4522ead:c4861, 4f0d1a15-8f14-4d9a-ad4f-8211e1245b5d:c4857, 6999f20e-c3f7-4db4-87ca-141c476f2a88:c4857]
2019-08-22 07:03:49,005 | INFO  | DNAudit | user=null | ip=null | op=PUT_BLOCK {blockData=[blockId=conID: 1 locID: 102659354064323226 bcsId: 0,size=1048576]} | ret=SUCCESS |  
2019-08-22 07:03:49,007 | INFO  | DNAudit | user=null | ip=null | op=WRITE_CHUNK {blockData=conID: 1 locID: 102659354064323226 bcsId: 0} | ret=SUCCESS |  
2019-08-22 07:03:49,007 | INFO  | DNAudit | user=null | ip=null | op=PUT_BLOCK {blockData=[blockId=conID: 1 locID: 102659354064323226 bcsId: 0,size=1048576]} | ret=SUCCESS |  
2019-08-22 07:03:49,008 [grpc-default-executor-5] INFO  client.GrpcClientProtocolClient (GrpcClientProtocolClient.java:onNext(255)) - client-CF63D631FA17->3cf1264f-5f6b-4138-aeee-2ff7d4522ead: receive RaftClientReply:client-CF63D631FA17->3cf1264f-5f6b-4138-aeee-2ff7d4522ead@group-561E16522154, cid=3216, SUCCESS, logIndex=0, commits[3cf1264f-5f6b-4138-aeee-2ff7d4522ead:c4863, 4f0d1a15-8f14-4d9a-ad4f-8211e1245b5d:c4859, 6999f20e-c3f7-4db4-87ca-141c476f2a88:c4859]
2019-08-22 07:03:49,014 | INFO  | DNAudit | user=null | ip=null | op=WRITE_CHUNK {blockData=conID: 1 locID: 102659354064323226 bcsId: 4861} | ret=SUCCESS |  
2019-08-22 07:03:49,017 | INFO  | DNAudit | user=null | ip=null | op=WRITE_CHUNK {blockData=conID: 1 locID: 102659354064323226 bcsId: 4861} | ret=SUCCESS |  
2019-08-22 07:03:49,017 | INFO  | DNAudit | user=null | ip=null | op=WRITE_CHUNK {blockData=conID: 1 locID: 102659354064323226 bcsId: 4861} | ret=SUCCESS |  
2019-08-22 07:03:49,018 | INFO  | DNAudit | user=null | ip=null | op=WRITE_CHUNK {blockData=conID: 1 locID: 102659354064323226 bcsId: 0} | ret=SUCCESS |  
2019-08-22 07:03:49,018 | INFO  | DNAudit | user=null | ip=null | op=PUT_BLOCK {blockData=[blockId=conID: 1 locID: 102659354064323226 bcsId: 0,size=2097152]} | ret=SUCCESS |  
2019-08-22 07:03:49,018 | INFO  | DNAudit | user=null | ip=null | op=WRITE_CHUNK {blockData=conID: 1 locID: 102659354064323226 bcsId: 0} | ret=SUCCESS |  
2019-08-22 07:03:49,019 | INFO  | DNAudit | user=null | ip=null | op=PUT_BLOCK {blockData=[blockId=conID: 1 locID: 102659354064323226 bcsId: 0,size=2097152]} | ret=SUCCESS |  
2019-08-22 07:03:49,021 | INFO  | DNAudit | user=null | ip=null | op=WRITE_CHUNK {blockData=conID: 1 locID: 102659354064323226 bcsId: 4861} | ret=SUCCESS |  
2019-08-22 07:03:49,021 | INFO  | DNAudit | user=null | ip=null | op=PUT_BLOCK {blockData=[blockId=conID: 1 locID: 102659354064323226 bcsId: 0,size=3145728]} | ret=SUCCESS |  
2019-08-22 07:03:49,022 [grpc-default-executor-1] INFO  client.GrpcClientProtocolClient (GrpcClientProtocolClient.java:onNext(255)) - client-CF63D631FA17->3cf1264f-5f6b-4138-aeee-2ff7d4522ead: receive RaftClientReply:client-CF63D631FA17->3cf1264f-5f6b-4138-aeee-2ff7d4522ead@group-561E16522154, cid=3217, SUCCESS, logIndex=4866, commits[3cf1264f-5f6b-4138-aeee-2ff7d4522ead:c4867, 4f0d1a15-8f14-4d9a-ad4f-8211e1245b5d:c4863, 6999f20e-c3f7-4db4-87ca-141c476f2a88:c4861]
2019-08-22 07:03:49,022 [grpc-default-executor-1] INFO  client.GrpcClientProtocolClient (GrpcClientProtocolClient.java:onNext(255)) - client-CF63D631FA17->3cf1264f-5f6b-4138-aeee-2ff7d4522ead: receive RaftClientReply:client-CF63D631FA17->3cf1264f-5f6b-4138-aeee-2ff7d4522ead@group-561E16522154, cid=3218, SUCCESS, logIndex=4867, commits[3cf1264f-5f6b-4138-aeee-2ff7d4522ead:c4867, 4f0d1a15-8f14-4d9a-ad4f-8211e1245b5d:c4863, 6999f20e-c3f7-4db4-87ca-141c476f2a88:c4863]
2019-08-22 07:03:49,027 | INFO  | DNAudit | user=null | ip=null | op=WRITE_CHUNK {blockData=conID: 1 locID: 102659354064323226 bcsId: 4867} | ret=SUCCESS |  
2019-08-22 07:03:49,030 | INFO  | DNAudit | user=null | ip=null | op=WRITE_CHUNK {blockData=conID: 1 locID: 102659354064323226 bcsId: 4867} | ret=SUCCESS |  
2019-08-22 07:03:49,030 | INFO  | DNAudit | user=null | ip=null | op=WRITE_CHUNK {blockData=conID: 1 locID: 102659354064323226 bcsId: 4867} | ret=SUCCESS |  
2019-08-22 07:03:49,032 | INFO  | DNAudit | user=null | ip=null | op=WRITE_CHUNK {blockData=conID: 1 locID: 102659354064323226 bcsId: 4861} | ret=SUCCESS |  
2019-08-22 07:03:49,033 | INFO  | DNAudit | user=null | ip=null | op=WRITE_CHUNK {blockData=conID: 1 locID: 102659354064323226 bcsId: 4861} | ret=SUCCESS |  
2019-08-22 07:03:49,033 | INFO  | DNAudit | user=null | ip=null | op=PUT_BLOCK {blockData=[blockId=conID: 1 locID: 102659354064323226 bcsId: 0,size=3145728]} | ret=SUCCESS |  
2019-08-22 07:03:49,033 | INFO  | DNAudit | user=null | ip=null | op=PUT_BLOCK {blockData=[blockId=conID: 1 locID: 102659354064323226 bcsId: 0,size=3145728]} | ret=SUCCESS |  
2019-08-22 07:03:49,036 | INFO  | DNAudit | user=null | ip=null | op=WRITE_CHUNK {blockData=conID: 1 locID: 102659354064323226 bcsId: 4867} | ret=SUCCESS |  
2019-08-22 07:03:49,036 | INFO  | DNAudit | user=null | ip=null | op=PUT_BLOCK {blockData=[blockId=conID: 1 locID: 102659354064323226 bcsId: 0,size=4194304]} | ret=SUCCESS |  
2019-08-22 07:03:49,036 [grpc-default-executor-3] INFO  client.GrpcClientProtocolClient (GrpcClientProtocolClient.java:onNext(255)) - client-CF63D631FA17->3cf1264f-5f6b-4138-aeee-2ff7d4522ead: receive RaftClientReply:client-CF63D631FA17->3cf1264f-5f6b-4138-aeee-2ff7d4522ead@group-561E16522154, cid=3219, SUCCESS, logIndex=4869, commits[3cf1264f-5f6b-4138-aeee-2ff7d4522ead:c4870, 4f0d1a15-8f14-4d9a-ad4f-8211e1245b5d:c4867, 6999f20e-c3f7-4db4-87ca-141c476f2a88:c4867]
2019-08-22 07:03:49,037 [grpc-default-executor-3] INFO  client.GrpcClientProtocolClient (GrpcClientProtocolClient.java:onNext(255)) - client-CF63D631FA17->3cf1264f-5f6b-4138-aeee-2ff7d4522ead: receive RaftClientReply:client-CF63D631FA17->3cf1264f-5f6b-4138-aeee-2ff7d4522ead@group-561E16522154, cid=3220, SUCCESS, logIndex=4870, commits[3cf1264f-5f6b-4138-aeee-2ff7d4522ead:c4870, 4f0d1a15-8f14-4d9a-ad4f-8211e1245b5d:c4867, 6999f20e-c3f7-4db4-87ca-141c476f2a88:c4867]
2019-08-22 07:03:49,047 | INFO  | DNAudit | user=null | ip=null | op=WRITE_CHUNK {blockData=conID: 1 locID: 102659354064323226 bcsId: 4867} | ret=SUCCESS |  
2019-08-22 07:03:49,047 | INFO  | DNAudit | user=null | ip=null | op=WRITE_CHUNK {blockData=conID: 1 locID: 102659354064323226 bcsId: 4867} | ret=SUCCESS |  
2019-08-22 07:03:49,050 | INFO  | DNAudit | user=null | ip=null | op=PUT_BLOCK {blockData=[blockId=conID: 1 locID: 102659354064323226 bcsId: 0,size=4194304]} | ret=SUCCESS |  
2019-08-22 07:03:49,050 | INFO  | DNAudit | user=null | ip=null | op=PUT_BLOCK {blockData=[blockId=conID: 1 locID: 102659354064323226 bcsId: 0,size=4194304]} | ret=SUCCESS |  
2019-08-22 07:03:49,051 [grpc-default-executor-3] INFO  client.GrpcClientProtocolClient (GrpcClientProtocolClient.java:onNext(255)) - client-CF63D631FA17->3cf1264f-5f6b-4138-aeee-2ff7d4522ead: receive RaftClientReply:client-CF63D631FA17->3cf1264f-5f6b-4138-aeee-2ff7d4522ead@group-561E16522154, cid=3221, SUCCESS, logIndex=0, commits[3cf1264f-5f6b-4138-aeee-2ff7d4522ead:c4872, 4f0d1a15-8f14-4d9a-ad4f-8211e1245b5d:c4870, 6999f20e-c3f7-4db4-87ca-141c476f2a88:c4870]
2019-08-22 07:03:49,057 | INFO  | SCMAudit | user=jenkins1000 | ip=192.168.34.31 | op=ALLOCATE_BLOCK {owner=04b6d46a-98e2-41b1-9f38-1870289993ea, size=4194304, type=RATIS, factor=THREE} | ret=SUCCESS |  
2019-08-22 07:03:49,060 | INFO  | OMAudit | user=jenkins1000 | ip=127.0.0.1 | op=ALLOCATE_BLOCK {volume=vol-0-14906, bucket=bucket-0-53153, key=key-0-33222, dataSize=0, replicationType=null, replicationFactor=null, keyLocationInfo=null, clientID=102659352017764754} | ret=SUCCESS |  
2019-08-22 07:03:49,067 | INFO  | DNAudit | user=null | ip=null | op=WRITE_CHUNK {blockData=conID: 2 locID: 102659354070680219 bcsId: 0} | ret=SUCCESS |  
2019-08-22 07:03:49,070 | INFO  | DNAudit | user=null | ip=null | op=WRITE_CHUNK {blockData=conID: 2 locID: 102659354070680219 bcsId: 0} | ret=SUCCESS |  
2019-08-22 07:03:49,071 | INFO  | DNAudit | user=null | ip=null | op=WRITE_CHUNK {blockData=conID: 2 locID: 102659354070680219 bcsId: 0} | ret=SUCCESS |  
2019-08-22 07:03:49,071 | INFO  | DNAudit | user=null | ip=null | op=WRITE_CHUNK {blockData=conID: 2 locID: 102659354070680219 bcsId: 0} | ret=SUCCESS |  
2019-08-22 07:03:49,072 | INFO  | DNAudit | user=null | ip=null | op=WRITE_CHUNK {blockData=conID: 2 locID: 102659354070680219 bcsId: 0} | ret=SUCCESS |  
2019-08-22 07:03:49,073 | INFO  | DNAudit | user=null | ip=null | op=WRITE_CHUNK {blockData=conID: 2 locID: 102659354070680219 bcsId: 0} | ret=SUCCESS |  
2019-08-22 07:03:49,073 | INFO  | DNAudit | user=null | ip=null | op=WRITE_CHUNK {blockData=conID: 2 locID: 102659354070680219 bcsId: 0} | ret=SUCCESS |  
2019-08-22 07:03:49,073 | INFO  | DNAudit | user=null | ip=null | op=PUT_BLOCK {blockData=[blockId=conID: 2 locID: 102659354070680219 bcsId: 0,size=1048576]} | ret=SUCCESS |  
2019-08-22 07:03:49,074 [grpc-default-executor-5] INFO  client.GrpcClientProtocolClient (GrpcClientProtocolClient.java:onNext(255)) - client-CF63D631FA17->3cf1264f-5f6b-4138-aeee-2ff7d4522ead: receive RaftClientReply:client-CF63D631FA17->3cf1264f-5f6b-4138-aeee-2ff7d4522ead@group-561E16522154, cid=3222, SUCCESS, logIndex=4873, commits[3cf1264f-5f6b-4138-aeee-2ff7d4522ead:c4874, 4f0d1a15-8f14-4d9a-ad4f-8211e1245b5d:c4872, 6999f20e-c3f7-4db4-87ca-141c476f2a88:c4872]
2019-08-22 07:03:49,074 [grpc-default-executor-5] INFO  client.GrpcClientProtocolClient (GrpcClientProtocolClient.java:onNext(255)) - client-CF63D631FA17->3cf1264f-5f6b-4138-aeee-2ff7d4522ead: receive RaftClientReply:client-CF63D631FA17->3cf1264f-5f6b-4138-aeee-2ff7d4522ead@group-561E16522154, cid=3223, SUCCESS, logIndex=4874, commits[3cf1264f-5f6b-4138-aeee-2ff7d4522ead:c4874, 4f0d1a15-8f14-4d9a-ad4f-8211e1245b5d:c4872, 6999f20e-c3f7-4db4-87ca-141c476f2a88:c4872]
2019-08-22 07:03:49,083 | INFO  | DNAudit | user=null | ip=null | op=WRITE_CHUNK {blockData=conID: 2 locID: 102659354070680219 bcsId: 0} | ret=SUCCESS |  
2019-08-22 07:03:49,083 | INFO  | DNAudit | user=null | ip=null | op=PUT_BLOCK {blockData=[blockId=conID: 2 locID: 102659354070680219 bcsId: 0,size=2097152]} | ret=SUCCESS |  
2019-08-22 07:03:49,084 | INFO  | DNAudit | user=null | ip=null | op=WRITE_CHUNK {blockData=conID: 2 locID: 102659354070680219 bcsId: 0} | ret=SUCCESS |  
2019-08-22 07:03:49,083 [grpc-default-executor-5] INFO  client.GrpcClientProtocolClient (GrpcClientProtocolClient.java:onNext(255)) - client-CF63D631FA17->3cf1264f-5f6b-4138-aeee-2ff7d4522ead: receive RaftClientReply:client-CF63D631FA17->3cf1264f-5f6b-4138-aeee-2ff7d4522ead@group-561E16522154, cid=3224, SUCCESS, logIndex=4875, commits[3cf1264f-5f6b-4138-aeee-2ff7d4522ead:c4876, 4f0d1a15-8f14-4d9a-ad4f-8211e1245b5d:c4872, 6999f20e-c3f7-4db4-87ca-141c476f2a88:c4872]
2019-08-22 07:03:49,084 | INFO  | DNAudit | user=null | ip=null | op=PUT_BLOCK {blockData=[blockId=conID: 2 locID: 102659354070680219 bcsId: 0,size=1048576]} | ret=SUCCESS |  
2019-08-22 07:03:49,084 [grpc-default-executor-3] INFO  client.GrpcClientProtocolClient (GrpcClientProtocolClient.java:onNext(255)) - client-CF63D631FA17->3cf1264f-5f6b-4138-aeee-2ff7d4522ead: receive RaftClientReply:client-CF63D631FA17->3cf1264f-5f6b-4138-aeee-2ff7d4522ead@group-561E16522154, cid=3225, SUCCESS, logIndex=4876, commits[3cf1264f-5f6b-4138-aeee-2ff7d4522ead:c4876, 4f0d1a15-8f14-4d9a-ad4f-8211e1245b5d:c4872, 6999f20e-c3f7-4db4-87ca-141c476f2a88:c4872]
2019-08-22 07:03:49,085 | INFO  | DNAudit | user=null | ip=null | op=WRITE_CHUNK {blockData=conID: 2 locID: 102659354070680219 bcsId: 0} | ret=SUCCESS |  
2019-08-22 07:03:49,085 | INFO  | DNAudit | user=null | ip=null | op=PUT_BLOCK {blockData=[blockId=conID: 2 locID: 102659354070680219 bcsId: 0,size=1048576]} | ret=SUCCESS |  
2019-08-22 07:03:49,086 [grpc-default-executor-3] INFO  client.GrpcClientProtocolClient (GrpcClientProtocolClient.java:onNext(255)) - client-CF63D631FA17->3cf1264f-5f6b-4138-aeee-2ff7d4522ead: receive RaftClientReply:client-CF63D631FA17->3cf1264f-5f6b-4138-aeee-2ff7d4522ead@group-561E16522154, cid=3226, SUCCESS, logIndex=0, commits[3cf1264f-5f6b-4138-aeee-2ff7d4522ead:c4878, 4f0d1a15-8f14-4d9a-ad4f-8211e1245b5d:c4874, 6999f20e-c3f7-4db4-87ca-141c476f2a88:c4874]
2019-08-22 07:03:49,086 | INFO  | DNAudit | user=null | ip=null | op=WRITE_CHUNK {blockData=conID: 2 locID: 102659354070680219 bcsId: 0} | ret=SUCCESS |  
2019-08-22 07:03:49,087 | INFO  | DNAudit | user=null | ip=null | op=PUT_BLOCK {blockData=[blockId=conID: 2 locID: 102659354070680219 bcsId: 0,size=2097152]} | ret=SUCCESS |  
2019-08-22 07:03:49,087 | INFO  | DNAudit | user=null | ip=null | op=WRITE_CHUNK {blockData=conID: 2 locID: 102659354070680219 bcsId: 0} | ret=SUCCESS |  
2019-08-22 07:03:49,087 | INFO  | DNAudit | user=null | ip=null | op=PUT_BLOCK {blockData=[blockId=conID: 2 locID: 102659354070680219 bcsId: 0,size=2097152]} | ret=SUCCESS |  
2019-08-22 07:03:49,092 | INFO  | DNAudit | user=null | ip=null | op=WRITE_CHUNK {blockData=conID: 2 locID: 102659354070680219 bcsId: 4876} | ret=SUCCESS |  
2019-08-22 07:03:49,096 | INFO  | DNAudit | user=null | ip=null | op=WRITE_CHUNK {blockData=conID: 2 locID: 102659354070680219 bcsId: 4876} | ret=SUCCESS |  
2019-08-22 07:03:49,096 | INFO  | DNAudit | user=null | ip=null | op=WRITE_CHUNK {blockData=conID: 2 locID: 102659354070680219 bcsId: 4876} | ret=SUCCESS |  
2019-08-22 07:03:49,123 | INFO  | DNAudit | user=null | ip=null | op=WRITE_CHUNK {blockData=conID: 2 locID: 102659354070680219 bcsId: 4876} | ret=SUCCESS |  
2019-08-22 07:03:49,124 | INFO  | DNAudit | user=null | ip=null | op=PUT_BLOCK {blockData=[blockId=conID: 2 locID: 102659354070680219 bcsId: 0,size=3145728]} | ret=SUCCESS |  
2019-08-22 07:03:49,124 [grpc-default-executor-5] INFO  client.GrpcClientProtocolClient (GrpcClientProtocolClient.java:onNext(255)) - client-CF63D631FA17->3cf1264f-5f6b-4138-aeee-2ff7d4522ead: receive RaftClientReply:client-CF63D631FA17->3cf1264f-5f6b-4138-aeee-2ff7d4522ead@group-561E16522154, cid=3227, SUCCESS, logIndex=4881, commits[3cf1264f-5f6b-4138-aeee-2ff7d4522ead:c4882, 4f0d1a15-8f14-4d9a-ad4f-8211e1245b5d:c4880, 6999f20e-c3f7-4db4-87ca-141c476f2a88:c4880]
2019-08-22 07:03:49,125 [grpc-default-executor-5] INFO  client.GrpcClientProtocolClient (GrpcClientProtocolClient.java:onNext(255)) - client-CF63D631FA17->3cf1264f-5f6b-4138-aeee-2ff7d4522ead: receive RaftClientReply:client-CF63D631FA17->3cf1264f-5f6b-4138-aeee-2ff7d4522ead@group-561E16522154, cid=3228, SUCCESS, logIndex=4882, commits[3cf1264f-5f6b-4138-aeee-2ff7d4522ead:c4882, 4f0d1a15-8f14-4d9a-ad4f-8211e1245b5d:c4880, 6999f20e-c3f7-4db4-87ca-141c476f2a88:c4880]
2019-08-22 07:03:49,133 | INFO  | DNAudit | user=null | ip=null | op=WRITE_CHUNK {blockData=conID: 2 locID: 102659354070680219 bcsId: 4882} | ret=SUCCESS |  
2019-08-22 07:03:49,135 | INFO  | DNAudit | user=null | ip=null | op=WRITE_CHUNK {blockData=conID: 2 locID: 102659354070680219 bcsId: 4876} | ret=SUCCESS |  
2019-08-22 07:03:49,135 | INFO  | DNAudit | user=null | ip=null | op=WRITE_CHUNK {blockData=conID: 2 locID: 102659354070680219 bcsId: 4876} | ret=SUCCESS |  
2019-08-22 07:03:49,135 | INFO  | DNAudit | user=null | ip=null | op=PUT_BLOCK {blockData=[blockId=conID: 2 locID: 102659354070680219 bcsId: 0,size=3145728]} | ret=SUCCESS |  
2019-08-22 07:03:49,137 | INFO  | DNAudit | user=null | ip=null | op=WRITE_CHUNK {blockData=conID: 2 locID: 102659354070680219 bcsId: 4882} | ret=SUCCESS |  
2019-08-22 07:03:49,137 | INFO  | SCMAudit | user=jenkins1000 | ip=192.168.34.31 | op=SEND_HEARTBEAT {datanodeUUID=4f0d1a15-8f14-4d9a-ad4f-8211e1245b5d, command=[]} | ret=SUCCESS |  
2019-08-22 07:03:49,137 | INFO  | DNAudit | user=null | ip=null | op=WRITE_CHUNK {blockData=conID: 2 locID: 102659354070680219 bcsId: 4882} | ret=SUCCESS |  
2019-08-22 07:03:49,138 | INFO  | DNAudit | user=null | ip=null | op=PUT_BLOCK {blockData=[blockId=conID: 2 locID: 102659354070680219 bcsId: 0,size=3145728]} | ret=SUCCESS |  
2019-08-22 07:03:49,149 | INFO  | DNAudit | user=null | ip=null | op=WRITE_CHUNK {blockData=conID: 2 locID: 102659354070680219 bcsId: 4882} | ret=SUCCESS |  
2019-08-22 07:03:49,150 | INFO  | DNAudit | user=null | ip=null | op=PUT_BLOCK {blockData=[blockId=conID: 2 locID: 102659354070680219 bcsId: 0,size=4194304]} | ret=SUCCESS |  
2019-08-22 07:03:49,150 [grpc-default-executor-3] INFO  client.GrpcClientProtocolClient (GrpcClientProtocolClient.java:onNext(255)) - client-CF63D631FA17->3cf1264f-5f6b-4138-aeee-2ff7d4522ead: receive RaftClientReply:client-CF63D631FA17->3cf1264f-5f6b-4138-aeee-2ff7d4522ead@group-561E16522154, cid=3229, SUCCESS, logIndex=4885, commits[3cf1264f-5f6b-4138-aeee-2ff7d4522ead:c4886, 4f0d1a15-8f14-4d9a-ad4f-8211e1245b5d:c4882, 6999f20e-c3f7-4db4-87ca-141c476f2a88:c4882]
2019-08-22 07:03:49,151 [grpc-default-executor-3] INFO  client.GrpcClientProtocolClient (GrpcClientProtocolClient.java:onNext(255)) - client-CF63D631FA17->3cf1264f-5f6b-4138-aeee-2ff7d4522ead: receive RaftClientReply:client-CF63D631FA17->3cf1264f-5f6b-4138-aeee-2ff7d4522ead@group-561E16522154, cid=3230, SUCCESS, logIndex=4886, commits[3cf1264f-5f6b-4138-aeee-2ff7d4522ead:c4886, 4f0d1a15-8f14-4d9a-ad4f-8211e1245b5d:c4882, 6999f20e-c3f7-4db4-87ca-141c476f2a88:c4882]
2019-08-22 07:03:49,161 | INFO  | DNAudit | user=null | ip=null | op=WRITE_CHUNK {blockData=conID: 2 locID: 102659354070680219 bcsId: 4882} | ret=SUCCESS |  
2019-08-22 07:03:49,161 | INFO  | DNAudit | user=null | ip=null | op=PUT_BLOCK {blockData=[blockId=conID: 2 locID: 102659354070680219 bcsId: 0,size=4194304]} | ret=SUCCESS |  
2019-08-22 07:03:49,162 | INFO  | DNAudit | user=null | ip=null | op=WRITE_CHUNK {blockData=conID: 2 locID: 102659354070680219 bcsId: 4882} | ret=SUCCESS |  
2019-08-22 07:03:49,164 | INFO  | DNAudit | user=null | ip=null | op=PUT_BLOCK {blockData=[blockId=conID: 2 locID: 102659354070680219 bcsId: 0,size=4194304]} | ret=SUCCESS |  
2019-08-22 07:03:49,165 [grpc-default-executor-3] INFO  client.GrpcClientProtocolClient (GrpcClientProtocolClient.java:onNext(255)) - client-CF63D631FA17->3cf1264f-5f6b-4138-aeee-2ff7d4522ead: receive RaftClientReply:client-CF63D631FA17->3cf1264f-5f6b-4138-aeee-2ff7d4522ead@group-561E16522154, cid=3231, SUCCESS, logIndex=0, commits[3cf1264f-5f6b-4138-aeee-2ff7d4522ead:c4888, 4f0d1a15-8f14-4d9a-ad4f-8211e1245b5d:c4886, 6999f20e-c3f7-4db4-87ca-141c476f2a88:c4886]
2019-08-22 07:03:49,173 | INFO  | SCMAudit | user=jenkins1000 | ip=192.168.34.31 | op=ALLOCATE_BLOCK {owner=04b6d46a-98e2-41b1-9f38-1870289993ea, size=4194304, type=RATIS, factor=THREE} | ret=SUCCESS |  
2019-08-22 07:03:49,178 | INFO  | OMAudit | user=jenkins1000 | ip=127.0.0.1 | op=ALLOCATE_BLOCK {volume=vol-0-14906, bucket=bucket-0-53153, key=key-0-33222, dataSize=0, replicationType=null, replicationFactor=null, keyLocationInfo=null, clientID=102659352017764754} | ret=SUCCESS |  
2019-08-22 07:03:49,187 | INFO  | DNAudit | user=null | ip=null | op=WRITE_CHUNK {blockData=conID: 3 locID: 102659354078282396 bcsId: 0} | ret=SUCCESS |  
2019-08-22 07:03:49,191 | INFO  | DNAudit | user=null | ip=null | op=WRITE_CHUNK {blockData=conID: 3 locID: 102659354078282396 bcsId: 0} | ret=SUCCESS |  
2019-08-22 07:03:49,192 | INFO  | DNAudit | user=null | ip=null | op=WRITE_CHUNK {blockData=conID: 3 locID: 102659354078282396 bcsId: 0} | ret=SUCCESS |  
2019-08-22 07:03:49,192 | INFO  | DNAudit | user=null | ip=null | op=WRITE_CHUNK {blockData=conID: 3 locID: 102659354078282396 bcsId: 0} | ret=SUCCESS |  
2019-08-22 07:03:49,195 | INFO  | DNAudit | user=null | ip=null | op=WRITE_CHUNK {blockData=conID: 3 locID: 102659354078282396 bcsId: 0} | ret=SUCCESS |  
2019-08-22 07:03:49,196 | INFO  | DNAudit | user=null | ip=null | op=WRITE_CHUNK {blockData=conID: 3 locID: 102659354078282396 bcsId: 0} | ret=SUCCESS |  
2019-08-22 07:03:49,199 | INFO  | DNAudit | user=null | ip=null | op=WRITE_CHUNK {blockData=conID: 3 locID: 102659354078282396 bcsId: 0} | ret=SUCCESS |  
2019-08-22 07:03:49,200 | INFO  | DNAudit | user=null | ip=null | op=PUT_BLOCK {blockData=[blockId=conID: 3 locID: 102659354078282396 bcsId: 0,size=1048576]} | ret=SUCCESS |  
2019-08-22 07:03:49,201 | INFO  | DNAudit | user=null | ip=null | op=WRITE_CHUNK {blockData=conID: 3 locID: 102659354078282396 bcsId: 0} | ret=SUCCESS |  
2019-08-22 07:03:49,200 [grpc-default-executor-3] INFO  client.GrpcClientProtocolClient (GrpcClientProtocolClient.java:onNext(255)) - client-CF63D631FA17->3cf1264f-5f6b-4138-aeee-2ff7d4522ead: receive RaftClientReply:client-CF63D631FA17->3cf1264f-5f6b-4138-aeee-2ff7d4522ead@group-561E16522154, cid=3232, SUCCESS, logIndex=4889, commits[3cf1264f-5f6b-4138-aeee-2ff7d4522ead:c4890, 4f0d1a15-8f14-4d9a-ad4f-8211e1245b5d:c4888, 6999f20e-c3f7-4db4-87ca-141c476f2a88:c4888]
2019-08-22 07:03:49,201 | INFO  | DNAudit | user=null | ip=null | op=PUT_BLOCK {blockData=[blockId=conID: 3 locID: 102659354078282396 bcsId: 0,size=2097152]} | ret=SUCCESS |  
2019-08-22 07:03:49,201 [grpc-default-executor-3] INFO  client.GrpcClientProtocolClient (GrpcClientProtocolClient.java:onNext(255)) - client-CF63D631FA17->3cf1264f-5f6b-4138-aeee-2ff7d4522ead: receive RaftClientReply:client-CF63D631FA17->3cf1264f-5f6b-4138-aeee-2ff7d4522ead@group-561E16522154, cid=3233, SUCCESS, logIndex=4890, commits[3cf1264f-5f6b-4138-aeee-2ff7d4522ead:c4891, 4f0d1a15-8f14-4d9a-ad4f-8211e1245b5d:c4888, 6999f20e-c3f7-4db4-87ca-141c476f2a88:c4888]
2019-08-22 07:03:49,201 [grpc-default-executor-3] INFO  client.GrpcClientProtocolClient (GrpcClientProtocolClient.java:onNext(255)) - client-CF63D631FA17->3cf1264f-5f6b-4138-aeee-2ff7d4522ead: receive RaftClientReply:client-CF63D631FA17->3cf1264f-5f6b-4138-aeee-2ff7d4522ead@group-561E16522154, cid=3234, SUCCESS, logIndex=4891, commits[3cf1264f-5f6b-4138-aeee-2ff7d4522ead:c4892, 4f0d1a15-8f14-4d9a-ad4f-8211e1245b5d:c4888, 6999f20e-c3f7-4db4-87ca-141c476f2a88:c4888]
2019-08-22 07:03:49,202 [grpc-default-executor-1] INFO  client.GrpcClientProtocolClient (GrpcClientProtocolClient.java:onNext(255)) - client-CF63D631FA17->3cf1264f-5f6b-4138-aeee-2ff7d4522ead: receive RaftClientReply:client-CF63D631FA17->3cf1264f-5f6b-4138-aeee-2ff7d4522ead@group-561E16522154, cid=3235, SUCCESS, logIndex=4892, commits[3cf1264f-5f6b-4138-aeee-2ff7d4522ead:c4892, 4f0d1a15-8f14-4d9a-ad4f-8211e1245b5d:c4888, 6999f20e-c3f7-4db4-87ca-141c476f2a88:c4888]
2019-08-22 07:03:49,212 | INFO  | DNAudit | user=null | ip=null | op=WRITE_CHUNK {blockData=conID: 3 locID: 102659354078282396 bcsId: 0} | ret=SUCCESS |  
2019-08-22 07:03:49,212 | INFO  | DNAudit | user=null | ip=null | op=PUT_BLOCK {blockData=[blockId=conID: 3 locID: 102659354078282396 bcsId: 0,size=1048576]} | ret=SUCCESS |  
2019-08-22 07:03:49,213 | INFO  | DNAudit | user=null | ip=null | op=WRITE_CHUNK {blockData=conID: 3 locID: 102659354078282396 bcsId: 0} | ret=SUCCESS |  
2019-08-22 07:03:49,213 | INFO  | DNAudit | user=null | ip=null | op=PUT_BLOCK {blockData=[blockId=conID: 3 locID: 102659354078282396 bcsId: 0,size=1048576]} | ret=SUCCESS |  
2019-08-22 07:03:49,213 [grpc-default-executor-1] INFO  client.GrpcClientProtocolClient (GrpcClientProtocolClient.java:onNext(255)) - client-CF63D631FA17->3cf1264f-5f6b-4138-aeee-2ff7d4522ead: receive RaftClientReply:client-CF63D631FA17->3cf1264f-5f6b-4138-aeee-2ff7d4522ead@group-561E16522154, cid=3236, SUCCESS, logIndex=0, commits[3cf1264f-5f6b-4138-aeee-2ff7d4522ead:c4894, 4f0d1a15-8f14-4d9a-ad4f-8211e1245b5d:c4890, 6999f20e-c3f7-4db4-87ca-141c476f2a88:c4890]
2019-08-22 07:03:49,214 | INFO  | DNAudit | user=null | ip=null | op=WRITE_CHUNK {blockData=conID: 3 locID: 102659354078282396 bcsId: 0} | ret=SUCCESS |  
2019-08-22 07:03:49,214 | INFO  | DNAudit | user=null | ip=null | op=PUT_BLOCK {blockData=[blockId=conID: 3 locID: 102659354078282396 bcsId: 0,size=2097152]} | ret=SUCCESS |  
2019-08-22 07:03:49,221 | INFO  | DNAudit | user=null | ip=null | op=WRITE_CHUNK {blockData=conID: 3 locID: 102659354078282396 bcsId: 4892} | ret=SUCCESS |  
2019-08-22 07:03:49,221 | INFO  | DNAudit | user=null | ip=null | op=WRITE_CHUNK {blockData=conID: 3 locID: 102659354078282396 bcsId: 0} | ret=SUCCESS |  
2019-08-22 07:03:49,221 | INFO  | DNAudit | user=null | ip=null | op=PUT_BLOCK {blockData=[blockId=conID: 3 locID: 102659354078282396 bcsId: 0,size=2097152]} | ret=SUCCESS |  
2019-08-22 07:03:49,224 | INFO  | DNAudit | user=null | ip=null | op=WRITE_CHUNK {blockData=conID: 3 locID: 102659354078282396 bcsId: 4892} | ret=SUCCESS |  
2019-08-22 07:03:49,224 | INFO  | DNAudit | user=null | ip=null | op=WRITE_CHUNK {blockData=conID: 3 locID: 102659354078282396 bcsId: 4892} | ret=SUCCESS |  
2019-08-22 07:03:49,233 | INFO  | DNAudit | user=null | ip=null | op=WRITE_CHUNK {blockData=conID: 3 locID: 102659354078282396 bcsId: 4892} | ret=SUCCESS |  
2019-08-22 07:03:49,234 | INFO  | DNAudit | user=null | ip=null | op=PUT_BLOCK {blockData=[blockId=conID: 3 locID: 102659354078282396 bcsId: 0,size=3145728]} | ret=SUCCESS |  
2019-08-22 07:03:49,234 [grpc-default-executor-0] INFO  client.GrpcClientProtocolClient (GrpcClientProtocolClient.java:onNext(255)) - client-CF63D631FA17->3cf1264f-5f6b-4138-aeee-2ff7d4522ead: receive RaftClientReply:client-CF63D631FA17->3cf1264f-5f6b-4138-aeee-2ff7d4522ead@group-561E16522154, cid=3237, SUCCESS, logIndex=4897, commits[3cf1264f-5f6b-4138-aeee-2ff7d4522ead:c4898, 4f0d1a15-8f14-4d9a-ad4f-8211e1245b5d:c4896, 6999f20e-c3f7-4db4-87ca-141c476f2a88:c4896]
2019-08-22 07:03:49,235 [grpc-default-executor-0] INFO  client.GrpcClientProtocolClient (GrpcClientProtocolClient.java:onNext(255)) - client-CF63D631FA17->3cf1264f-5f6b-4138-aeee-2ff7d4522ead: receive RaftClientReply:client-CF63D631FA17->3cf1264f-5f6b-4138-aeee-2ff7d4522ead@group-561E16522154, cid=3238, SUCCESS, logIndex=4898, commits[3cf1264f-5f6b-4138-aeee-2ff7d4522ead:c4898, 4f0d1a15-8f14-4d9a-ad4f-8211e1245b5d:c4896, 6999f20e-c3f7-4db4-87ca-141c476f2a88:c4896]
2019-08-22 07:03:49,243 | INFO  | DNAudit | user=null | ip=null | op=WRITE_CHUNK {blockData=conID: 3 locID: 102659354078282396 bcsId: 4898} | ret=SUCCESS |  
2019-08-22 07:03:49,245 | INFO  | DNAudit | user=null | ip=null | op=WRITE_CHUNK {blockData=conID: 3 locID: 102659354078282396 bcsId: 4892} | ret=SUCCESS |  
2019-08-22 07:03:49,245 | INFO  | DNAudit | user=null | ip=null | op=WRITE_CHUNK {blockData=conID: 3 locID: 102659354078282396 bcsId: 4892} | ret=SUCCESS |  
2019-08-22 07:03:49,246 | INFO  | DNAudit | user=null | ip=null | op=WRITE_CHUNK {blockData=conID: 3 locID: 102659354078282396 bcsId: 4898} | ret=SUCCESS |  
2019-08-22 07:03:49,246 | INFO  | DNAudit | user=null | ip=null | op=WRITE_CHUNK {blockData=conID: 3 locID: 102659354078282396 bcsId: 4898} | ret=SUCCESS |  
2019-08-22 07:03:49,258 | INFO  | DNAudit | user=null | ip=null | op=PUT_BLOCK {blockData=[blockId=conID: 3 locID: 102659354078282396 bcsId: 0,size=3145728]} | ret=SUCCESS |  
2019-08-22 07:03:49,258 | INFO  | DNAudit | user=null | ip=null | op=WRITE_CHUNK {blockData=conID: 3 locID: 102659354078282396 bcsId: 4898} | ret=SUCCESS |  
2019-08-22 07:03:49,258 | INFO  | DNAudit | user=null | ip=null | op=PUT_BLOCK {blockData=[blockId=conID: 3 locID: 102659354078282396 bcsId: 0,size=3145728]} | ret=SUCCESS |  
2019-08-22 07:03:49,259 | INFO  | DNAudit | user=null | ip=null | op=PUT_BLOCK {blockData=[blockId=conID: 3 locID: 102659354078282396 bcsId: 0,size=4194304]} | ret=SUCCESS |  
2019-08-22 07:03:49,259 [grpc-default-executor-1] INFO  client.GrpcClientProtocolClient (GrpcClientProtocolClient.java:onNext(255)) - client-CF63D631FA17->3cf1264f-5f6b-4138-aeee-2ff7d4522ead: receive RaftClientReply:client-CF63D631FA17->3cf1264f-5f6b-4138-aeee-2ff7d4522ead@group-561E16522154, cid=3239, SUCCESS, logIndex=4901, commits[3cf1264f-5f6b-4138-aeee-2ff7d4522ead:c4902, 4f0d1a15-8f14-4d9a-ad4f-8211e1245b5d:c4898, 6999f20e-c3f7-4db4-87ca-141c476f2a88:c4898]
2019-08-22 07:03:49,259 [grpc-default-executor-1] INFO  client.GrpcClientProtocolClient (GrpcClientProtocolClient.java:onNext(255)) - client-CF63D631FA17->3cf1264f-5f6b-4138-aeee-2ff7d4522ead: receive RaftClientReply:client-CF63D631FA17->3cf1264f-5f6b-4138-aeee-2ff7d4522ead@group-561E16522154, cid=3240, SUCCESS, logIndex=4902, commits[3cf1264f-5f6b-4138-aeee-2ff7d4522ead:c4902, 4f0d1a15-8f14-4d9a-ad4f-8211e1245b5d:c4898, 6999f20e-c3f7-4db4-87ca-141c476f2a88:c4898]
2019-08-22 07:03:49,260 | INFO  | DNAudit | user=null | ip=null | op=WRITE_CHUNK {blockData=conID: 3 locID: 102659354078282396 bcsId: 4898} | ret=SUCCESS |  
2019-08-22 07:03:49,260 | INFO  | DNAudit | user=null | ip=null | op=WRITE_CHUNK {blockData=conID: 3 locID: 102659354078282396 bcsId: 4898} | ret=SUCCESS |  
2019-08-22 07:03:49,262 | INFO  | DNAudit | user=null | ip=null | op=PUT_BLOCK {blockData=[blockId=conID: 3 locID: 102659354078282396 bcsId: 0,size=4194304]} | ret=SUCCESS |  
2019-08-22 07:03:49,263 | INFO  | DNAudit | user=null | ip=null | op=PUT_BLOCK {blockData=[blockId=conID: 3 locID: 102659354078282396 bcsId: 0,size=4194304]} | ret=SUCCESS |  
2019-08-22 07:03:49,263 [grpc-default-executor-1] INFO  client.GrpcClientProtocolClient (GrpcClientProtocolClient.java:onNext(255)) - client-CF63D631FA17->3cf1264f-5f6b-4138-aeee-2ff7d4522ead: receive RaftClientReply:client-CF63D631FA17->3cf1264f-5f6b-4138-aeee-2ff7d4522ead@group-561E16522154, cid=3241, SUCCESS, logIndex=0, commits[3cf1264f-5f6b-4138-aeee-2ff7d4522ead:c4904, 4f0d1a15-8f14-4d9a-ad4f-8211e1245b5d:c4902, 6999f20e-c3f7-4db4-87ca-141c476f2a88:c4902]
2019-08-22 07:03:49,272 | INFO  | SCMAudit | user=jenkins1000 | ip=192.168.34.31 | op=ALLOCATE_BLOCK {owner=04b6d46a-98e2-41b1-9f38-1870289993ea, size=4194304, type=RATIS, factor=THREE} | ret=SUCCESS |  
2019-08-22 07:03:49,278 | INFO  | OMAudit | user=jenkins1000 | ip=127.0.0.1 | op=ALLOCATE_BLOCK {volume=vol-0-14906, bucket=bucket-0-53153, key=key-0-33222, dataSize=0, replicationType=null, replicationFactor=null, keyLocationInfo=null, clientID=102659352017764754} | ret=SUCCESS |  
2019-08-22 07:03:49,286 | INFO  | DNAudit | user=null | ip=null | op=WRITE_CHUNK {blockData=conID: 1 locID: 102659354084770461 bcsId: 0} | ret=SUCCESS |  
2019-08-22 07:03:49,291 | INFO  | DNAudit | user=null | ip=null | op=WRITE_CHUNK {blockData=conID: 1 locID: 102659354084770461 bcsId: 0} | ret=SUCCESS |  
2019-08-22 07:03:49,292 | INFO  | DNAudit | user=null | ip=null | op=WRITE_CHUNK {blockData=conID: 1 locID: 102659354084770461 bcsId: 0} | ret=SUCCESS |  
2019-08-22 07:03:49,292 | INFO  | DNAudit | user=null | ip=null | op=WRITE_CHUNK {blockData=conID: 1 locID: 102659354084770461 bcsId: 0} | ret=SUCCESS |  
2019-08-22 07:03:49,295 | INFO  | DNAudit | user=null | ip=null | op=WRITE_CHUNK {blockData=conID: 1 locID: 102659354084770461 bcsId: 0} | ret=SUCCESS |  
2019-08-22 07:03:49,296 | INFO  | DNAudit | user=null | ip=null | op=WRITE_CHUNK {blockData=conID: 1 locID: 102659354084770461 bcsId: 0} | ret=SUCCESS |  
2019-08-22 07:03:49,302 | INFO  | DNAudit | user=null | ip=null | op=WRITE_CHUNK {blockData=conID: 1 locID: 102659354084770461 bcsId: 0} | ret=SUCCESS |  
2019-08-22 07:03:49,303 | INFO  | DNAudit | user=null | ip=null | op=PUT_BLOCK {blockData=[blockId=conID: 1 locID: 102659354084770461 bcsId: 0,size=1048576]} | ret=SUCCESS |  
2019-08-22 07:03:49,303 [grpc-default-executor-3] INFO  client.GrpcClientProtocolClient (GrpcClientProtocolClient.java:onNext(255)) - client-CF63D631FA17->3cf1264f-5f6b-4138-aeee-2ff7d4522ead: receive RaftClientReply:client-CF63D631FA17->3cf1264f-5f6b-4138-aeee-2ff7d4522ead@group-561E16522154, cid=3242, SUCCESS, logIndex=4905, commits[3cf1264f-5f6b-4138-aeee-2ff7d4522ead:c4906, 4f0d1a15-8f14-4d9a-ad4f-8211e1245b5d:c4904, 6999f20e-c3f7-4db4-87ca-141c476f2a88:c4904]
2019-08-22 07:03:49,303 [grpc-default-executor-3] INFO  client.GrpcClientProtocolClient (GrpcClientProtocolClient.java:onNext(255)) - client-CF63D631FA17->3cf1264f-5f6b-4138-aeee-2ff7d4522ead: receive RaftClientReply:client-CF63D631FA17->3cf1264f-5f6b-4138-aeee-2ff7d4522ead@group-561E16522154, cid=3243, SUCCESS, logIndex=4906, commits[3cf1264f-5f6b-4138-aeee-2ff7d4522ead:c4906, 4f0d1a15-8f14-4d9a-ad4f-8211e1245b5d:c4904, 6999f20e-c3f7-4db4-87ca-141c476f2a88:c4904]
2019-08-22 07:03:49,304 | INFO  | DNAudit | user=null | ip=null | op=WRITE_CHUNK {blockData=conID: 1 locID: 102659354084770461 bcsId: 0} | ret=SUCCESS |  
2019-08-22 07:03:49,304 | INFO  | DNAudit | user=null | ip=null | op=PUT_BLOCK {blockData=[blockId=conID: 1 locID: 102659354084770461 bcsId: 0,size=2097152]} | ret=SUCCESS |  
2019-08-22 07:03:49,305 [grpc-default-executor-3] INFO  client.GrpcClientProtocolClient (GrpcClientProtocolClient.java:onNext(255)) - client-CF63D631FA17->3cf1264f-5f6b-4138-aeee-2ff7d4522ead: receive RaftClientReply:client-CF63D631FA17->3cf1264f-5f6b-4138-aeee-2ff7d4522ead@group-561E16522154, cid=3244, SUCCESS, logIndex=4907, commits[3cf1264f-5f6b-4138-aeee-2ff7d4522ead:c4908, 4f0d1a15-8f14-4d9a-ad4f-8211e1245b5d:c4904, 6999f20e-c3f7-4db4-87ca-141c476f2a88:c4904]
2019-08-22 07:03:49,305 [grpc-default-executor-3] INFO  client.GrpcClientProtocolClient (GrpcClientProtocolClient.java:onNext(255)) - client-CF63D631FA17->3cf1264f-5f6b-4138-aeee-2ff7d4522ead: receive RaftClientReply:client-CF63D631FA17->3cf1264f-5f6b-4138-aeee-2ff7d4522ead@group-561E16522154, cid=3245, SUCCESS, logIndex=4908, commits[3cf1264f-5f6b-4138-aeee-2ff7d4522ead:c4908, 4f0d1a15-8f14-4d9a-ad4f-8211e1245b5d:c4904, 6999f20e-c3f7-4db4-87ca-141c476f2a88:c4904]
2019-08-22 07:03:49,306 | INFO  | DNAudit | user=null | ip=null | op=WRITE_CHUNK {blockData=conID: 1 locID: 102659354084770461 bcsId: 0} | ret=SUCCESS |  
2019-08-22 07:03:49,306 | INFO  | DNAudit | user=null | ip=null | op=PUT_BLOCK {blockData=[blockId=conID: 1 locID: 102659354084770461 bcsId: 0,size=1048576]} | ret=SUCCESS |  
2019-08-22 07:03:49,317 | INFO  | DNAudit | user=null | ip=null | op=WRITE_CHUNK {blockData=conID: 1 locID: 102659354084770461 bcsId: 0} | ret=SUCCESS |  
2019-08-22 07:03:49,317 | INFO  | DNAudit | user=null | ip=null | op=WRITE_CHUNK {blockData=conID: 1 locID: 102659354084770461 bcsId: 0} | ret=SUCCESS |  
2019-08-22 07:03:49,318 | INFO  | DNAudit | user=null | ip=null | op=PUT_BLOCK {blockData=[blockId=conID: 1 locID: 102659354084770461 bcsId: 0,size=2097152]} | ret=SUCCESS |  
2019-08-22 07:03:49,318 | INFO  | DNAudit | user=null | ip=null | op=PUT_BLOCK {blockData=[blockId=conID: 1 locID: 102659354084770461 bcsId: 0,size=1048576]} | ret=SUCCESS |  
2019-08-22 07:03:49,318 | INFO  | DNAudit | user=null | ip=null | op=WRITE_CHUNK {blockData=conID: 1 locID: 102659354084770461 bcsId: 0} | ret=SUCCESS |  
2019-08-22 07:03:49,318 [grpc-default-executor-3] INFO  client.GrpcClientProtocolClient (GrpcClientProtocolClient.java:onNext(255)) - client-CF63D631FA17->3cf1264f-5f6b-4138-aeee-2ff7d4522ead: receive RaftClientReply:client-CF63D631FA17->3cf1264f-5f6b-4138-aeee-2ff7d4522ead@group-561E16522154, cid=3246, SUCCESS, logIndex=0, commits[3cf1264f-5f6b-4138-aeee-2ff7d4522ead:c4911, 4f0d1a15-8f14-4d9a-ad4f-8211e1245b5d:c4906, 6999f20e-c3f7-4db4-87ca-141c476f2a88:c4908]
2019-08-22 07:03:49,319 | INFO  | DNAudit | user=null | ip=null | op=PUT_BLOCK {blockData=[blockId=conID: 1 locID: 102659354084770461 bcsId: 0,size=2097152]} | ret=SUCCESS |  
2019-08-22 07:03:49,327 | INFO  | DNAudit | user=null | ip=null | op=WRITE_CHUNK {blockData=conID: 1 locID: 102659354084770461 bcsId: 4908} | ret=SUCCESS |  
2019-08-22 07:03:49,331 | INFO  | DNAudit | user=null | ip=null | op=WRITE_CHUNK {blockData=conID: 1 locID: 102659354084770461 bcsId: 4908} | ret=SUCCESS |  
2019-08-22 07:03:49,331 | INFO  | DNAudit | user=null | ip=null | op=WRITE_CHUNK {blockData=conID: 1 locID: 102659354084770461 bcsId: 4908} | ret=SUCCESS |  
2019-08-22 07:03:49,339 | INFO  | DNAudit | user=null | ip=null | op=WRITE_CHUNK {blockData=conID: 1 locID: 102659354084770461 bcsId: 4908} | ret=SUCCESS |  
2019-08-22 07:03:49,340 | INFO  | DNAudit | user=null | ip=null | op=PUT_BLOCK {blockData=[blockId=conID: 1 locID: 102659354084770461 bcsId: 0,size=3145728]} | ret=SUCCESS |  
2019-08-22 07:03:49,340 [grpc-default-executor-0] INFO  client.GrpcClientProtocolClient (GrpcClientProtocolClient.java:onNext(255)) - client-CF63D631FA17->3cf1264f-5f6b-4138-aeee-2ff7d4522ead: receive RaftClientReply:client-CF63D631FA17->3cf1264f-5f6b-4138-aeee-2ff7d4522ead@group-561E16522154, cid=3247, SUCCESS, logIndex=4913, commits[3cf1264f-5f6b-4138-aeee-2ff7d4522ead:c4914, 4f0d1a15-8f14-4d9a-ad4f-8211e1245b5d:c4912, 6999f20e-c3f7-4db4-87ca-141c476f2a88:c4912]
2019-08-22 07:03:49,340 [grpc-default-executor-0] INFO  client.GrpcClientProtocolClient (GrpcClientProtocolClient.java:onNext(255)) - client-CF63D631FA17->3cf1264f-5f6b-4138-aeee-2ff7d4522ead: receive RaftClientReply:client-CF63D631FA17->3cf1264f-5f6b-4138-aeee-2ff7d4522ead@group-561E16522154, cid=3248, SUCCESS, logIndex=4914, commits[3cf1264f-5f6b-4138-aeee-2ff7d4522ead:c4914, 4f0d1a15-8f14-4d9a-ad4f-8211e1245b5d:c4912, 6999f20e-c3f7-4db4-87ca-141c476f2a88:c4912]
2019-08-22 07:03:49,348 | INFO  | DNAudit | user=null | ip=null | op=WRITE_CHUNK {blockData=conID: 1 locID: 102659354084770461 bcsId: 4914} | ret=SUCCESS |  
2019-08-22 07:03:49,353 | INFO  | DNAudit | user=null | ip=null | op=WRITE_CHUNK {blockData=conID: 1 locID: 102659354084770461 bcsId: 4914} | ret=SUCCESS |  
2019-08-22 07:03:49,353 | INFO  | DNAudit | user=null | ip=null | op=WRITE_CHUNK {blockData=conID: 1 locID: 102659354084770461 bcsId: 4914} | ret=SUCCESS |  
2019-08-22 07:03:49,360 | INFO  | DNAudit | user=null | ip=null | op=WRITE_CHUNK {blockData=conID: 1 locID: 102659354084770461 bcsId: 4908} | ret=SUCCESS |  
2019-08-22 07:03:49,360 | INFO  | DNAudit | user=null | ip=null | op=WRITE_CHUNK {blockData=conID: 1 locID: 102659354084770461 bcsId: 4908} | ret=SUCCESS |  
2019-08-22 07:03:49,363 | INFO  | DNAudit | user=null | ip=null | op=PUT_BLOCK {blockData=[blockId=conID: 1 locID: 102659354084770461 bcsId: 0,size=3145728]} | ret=SUCCESS |  
2019-08-22 07:03:49,363 | INFO  | DNAudit | user=null | ip=null | op=PUT_BLOCK {blockData=[blockId=conID: 1 locID: 102659354084770461 bcsId: 0,size=3145728]} | ret=SUCCESS |  
2019-08-22 07:03:49,364 | INFO  | DNAudit | user=null | ip=null | op=WRITE_CHUNK {blockData=conID: 1 locID: 102659354084770461 bcsId: 4914} | ret=SUCCESS |  
2019-08-22 07:03:49,364 | INFO  | DNAudit | user=null | ip=null | op=PUT_BLOCK {blockData=[blockId=conID: 1 locID: 102659354084770461 bcsId: 0,size=4194304]} | ret=SUCCESS |  
2019-08-22 07:03:49,365 [grpc-default-executor-0] INFO  client.GrpcClientProtocolClient (GrpcClientProtocolClient.java:onNext(255)) - client-CF63D631FA17->3cf1264f-5f6b-4138-aeee-2ff7d4522ead: receive RaftClientReply:client-CF63D631FA17->3cf1264f-5f6b-4138-aeee-2ff7d4522ead@group-561E16522154, cid=3249, SUCCESS, logIndex=4917, commits[3cf1264f-5f6b-4138-aeee-2ff7d4522ead:c4918, 4f0d1a15-8f14-4d9a-ad4f-8211e1245b5d:c4914, 6999f20e-c3f7-4db4-87ca-141c476f2a88:c4914]
2019-08-22 07:03:49,365 [grpc-default-executor-0] INFO  client.GrpcClientProtocolClient (GrpcClientProtocolClient.java:onNext(255)) - client-CF63D631FA17->3cf1264f-5f6b-4138-aeee-2ff7d4522ead: receive RaftClientReply:client-CF63D631FA17->3cf1264f-5f6b-4138-aeee-2ff7d4522ead@group-561E16522154, cid=3250, SUCCESS, logIndex=4918, commits[3cf1264f-5f6b-4138-aeee-2ff7d4522ead:c4918, 4f0d1a15-8f14-4d9a-ad4f-8211e1245b5d:c4914, 6999f20e-c3f7-4db4-87ca-141c476f2a88:c4914]
2019-08-22 07:03:49,378 | INFO  | DNAudit | user=null | ip=null | op=WRITE_CHUNK {blockData=conID: 1 locID: 102659354084770461 bcsId: 4914} | ret=SUCCESS |  
2019-08-22 07:03:49,378 | INFO  | DNAudit | user=null | ip=null | op=WRITE_CHUNK {blockData=conID: 1 locID: 102659354084770461 bcsId: 4914} | ret=SUCCESS |  
2019-08-22 07:03:49,380 | INFO  | DNAudit | user=null | ip=null | op=PUT_BLOCK {blockData=[blockId=conID: 1 locID: 102659354084770461 bcsId: 0,size=4194304]} | ret=SUCCESS |  
2019-08-22 07:03:49,381 | INFO  | DNAudit | user=null | ip=null | op=PUT_BLOCK {blockData=[blockId=conID: 1 locID: 102659354084770461 bcsId: 0,size=4194304]} | ret=SUCCESS |  
2019-08-22 07:03:49,382 [grpc-default-executor-0] INFO  client.GrpcClientProtocolClient (GrpcClientProtocolClient.java:onNext(255)) - client-CF63D631FA17->3cf1264f-5f6b-4138-aeee-2ff7d4522ead: receive RaftClientReply:client-CF63D631FA17->3cf1264f-5f6b-4138-aeee-2ff7d4522ead@group-561E16522154, cid=3251, SUCCESS, logIndex=0, commits[3cf1264f-5f6b-4138-aeee-2ff7d4522ead:c4920, 4f0d1a15-8f14-4d9a-ad4f-8211e1245b5d:c4918, 6999f20e-c3f7-4db4-87ca-141c476f2a88:c4918]
2019-08-22 07:03:49,391 | INFO  | SCMAudit | user=jenkins1000 | ip=192.168.34.31 | op=ALLOCATE_BLOCK {owner=04b6d46a-98e2-41b1-9f38-1870289993ea, size=4194304, type=RATIS, factor=THREE} | ret=SUCCESS |  
2019-08-22 07:03:49,396 | INFO  | OMAudit | user=jenkins1000 | ip=127.0.0.1 | op=ALLOCATE_BLOCK {volume=vol-0-14906, bucket=bucket-0-53153, key=key-0-33222, dataSize=0, replicationType=null, replicationFactor=null, keyLocationInfo=null, clientID=102659352017764754} | ret=SUCCESS |  
2019-08-22 07:03:49,405 | INFO  | DNAudit | user=null | ip=null | op=WRITE_CHUNK {blockData=conID: 2 locID: 102659354092503710 bcsId: 0} | ret=SUCCESS |  
2019-08-22 07:03:49,411 | INFO  | DNAudit | user=null | ip=null | op=WRITE_CHUNK {blockData=conID: 2 locID: 102659354092503710 bcsId: 0} | ret=SUCCESS |  
2019-08-22 07:03:49,411 | INFO  | DNAudit | user=null | ip=null | op=WRITE_CHUNK {blockData=conID: 2 locID: 102659354092503710 bcsId: 0} | ret=SUCCESS |  
2019-08-22 07:03:49,411 | INFO  | DNAudit | user=null | ip=null | op=WRITE_CHUNK {blockData=conID: 2 locID: 102659354092503710 bcsId: 0} | ret=SUCCESS |  
2019-08-22 07:03:49,414 | INFO  | DNAudit | user=null | ip=null | op=WRITE_CHUNK {blockData=conID: 2 locID: 102659354092503710 bcsId: 0} | ret=SUCCESS |  
2019-08-22 07:03:49,415 | INFO  | DNAudit | user=null | ip=null | op=WRITE_CHUNK {blockData=conID: 2 locID: 102659354092503710 bcsId: 0} | ret=SUCCESS |  
2019-08-22 07:03:49,418 | INFO  | DNAudit | user=null | ip=null | op=WRITE_CHUNK {blockData=conID: 2 locID: 102659354092503710 bcsId: 0} | ret=SUCCESS |  
2019-08-22 07:03:49,419 | INFO  | DNAudit | user=null | ip=null | op=PUT_BLOCK {blockData=[blockId=conID: 2 locID: 102659354092503710 bcsId: 0,size=1048576]} | ret=SUCCESS |  
2019-08-22 07:03:49,419 | INFO  | DNAudit | user=null | ip=null | op=WRITE_CHUNK {blockData=conID: 2 locID: 102659354092503710 bcsId: 0} | ret=SUCCESS |  
2019-08-22 07:03:49,419 [grpc-default-executor-1] INFO  client.GrpcClientProtocolClient (GrpcClientProtocolClient.java:onNext(255)) - client-CF63D631FA17->3cf1264f-5f6b-4138-aeee-2ff7d4522ead: receive RaftClientReply:client-CF63D631FA17->3cf1264f-5f6b-4138-aeee-2ff7d4522ead@group-561E16522154, cid=3252, SUCCESS, logIndex=4921, commits[3cf1264f-5f6b-4138-aeee-2ff7d4522ead:c4922, 4f0d1a15-8f14-4d9a-ad4f-8211e1245b5d:c4920, 6999f20e-c3f7-4db4-87ca-141c476f2a88:c4920]
2019-08-22 07:03:49,419 | INFO  | DNAudit | user=null | ip=null | op=PUT_BLOCK {blockData=[blockId=conID: 2 locID: 102659354092503710 bcsId: 0,size=2097152]} | ret=SUCCESS |  
2019-08-22 07:03:49,420 [grpc-default-executor-1] INFO  client.GrpcClientProtocolClient (GrpcClientProtocolClient.java:onNext(255)) - client-CF63D631FA17->3cf1264f-5f6b-4138-aeee-2ff7d4522ead: receive RaftClientReply:client-CF63D631FA17->3cf1264f-5f6b-4138-aeee-2ff7d4522ead@group-561E16522154, cid=3253, SUCCESS, logIndex=4922, commits[3cf1264f-5f6b-4138-aeee-2ff7d4522ead:c4923, 4f0d1a15-8f14-4d9a-ad4f-8211e1245b5d:c4920, 6999f20e-c3f7-4db4-87ca-141c476f2a88:c4920]
2019-08-22 07:03:49,420 [grpc-default-executor-1] INFO  client.GrpcClientProtocolClient (GrpcClientProtocolClient.java:onNext(255)) - client-CF63D631FA17->3cf1264f-5f6b-4138-aeee-2ff7d4522ead: receive RaftClientReply:client-CF63D631FA17->3cf1264f-5f6b-4138-aeee-2ff7d4522ead@group-561E16522154, cid=3254, SUCCESS, logIndex=4923, commits[3cf1264f-5f6b-4138-aeee-2ff7d4522ead:c4924, 4f0d1a15-8f14-4d9a-ad4f-8211e1245b5d:c4920, 6999f20e-c3f7-4db4-87ca-141c476f2a88:c4920]
2019-08-22 07:03:49,420 [grpc-default-executor-1] INFO  client.GrpcClientProtocolClient (GrpcClientProtocolClient.java:onNext(255)) - client-CF63D631FA17->3cf1264f-5f6b-4138-aeee-2ff7d4522ead: receive RaftClientReply:client-CF63D631FA17->3cf1264f-5f6b-4138-aeee-2ff7d4522ead@group-561E16522154, cid=3255, SUCCESS, logIndex=4924, commits[3cf1264f-5f6b-4138-aeee-2ff7d4522ead:c4924, 4f0d1a15-8f14-4d9a-ad4f-8211e1245b5d:c4920, 6999f20e-c3f7-4db4-87ca-141c476f2a88:c4920]
2019-08-22 07:03:49,432 | INFO  | DNAudit | user=null | ip=null | op=WRITE_CHUNK {blockData=conID: 2 locID: 102659354092503710 bcsId: 0} | ret=SUCCESS |  
2019-08-22 07:03:49,432 | INFO  | DNAudit | user=null | ip=null | op=PUT_BLOCK {blockData=[blockId=conID: 2 locID: 102659354092503710 bcsId: 0,size=1048576]} | ret=SUCCESS |  
2019-08-22 07:03:49,432 | INFO  | DNAudit | user=null | ip=null | op=WRITE_CHUNK {blockData=conID: 2 locID: 102659354092503710 bcsId: 0} | ret=SUCCESS |  
2019-08-22 07:03:49,433 | INFO  | DNAudit | user=null | ip=null | op=PUT_BLOCK {blockData=[blockId=conID: 2 locID: 102659354092503710 bcsId: 0,size=1048576]} | ret=SUCCESS |  
2019-08-22 07:03:49,433 | INFO  | DNAudit | user=null | ip=null | op=WRITE_CHUNK {blockData=conID: 2 locID: 102659354092503710 bcsId: 0} | ret=SUCCESS |  
2019-08-22 07:03:49,433 | INFO  | DNAudit | user=null | ip=null | op=PUT_BLOCK {blockData=[blockId=conID: 2 locID: 102659354092503710 bcsId: 0,size=2097152]} | ret=SUCCESS |  
2019-08-22 07:03:49,433 [grpc-default-executor-3] INFO  client.GrpcClientProtocolClient (GrpcClientProtocolClient.java:onNext(255)) - client-CF63D631FA17->3cf1264f-5f6b-4138-aeee-2ff7d4522ead: receive RaftClientReply:client-CF63D631FA17->3cf1264f-5f6b-4138-aeee-2ff7d4522ead@group-561E16522154, cid=3256, SUCCESS, logIndex=0, commits[3cf1264f-5f6b-4138-aeee-2ff7d4522ead:c4926, 4f0d1a15-8f14-4d9a-ad4f-8211e1245b5d:c4922, 6999f20e-c3f7-4db4-87ca-141c476f2a88:c4922]
2019-08-22 07:03:49,441 | INFO  | DNAudit | user=null | ip=null | op=WRITE_CHUNK {blockData=conID: 2 locID: 102659354092503710 bcsId: 4924} | ret=SUCCESS |  
2019-08-22 07:03:49,443 | INFO  | DNAudit | user=null | ip=null | op=WRITE_CHUNK {blockData=conID: 2 locID: 102659354092503710 bcsId: 0} | ret=SUCCESS |  
2019-08-22 07:03:49,444 | INFO  | DNAudit | user=null | ip=null | op=PUT_BLOCK {blockData=[blockId=conID: 2 locID: 102659354092503710 bcsId: 0,size=2097152]} | ret=SUCCESS |  
2019-08-22 07:03:49,445 | INFO  | DNAudit | user=null | ip=null | op=WRITE_CHUNK {blockData=conID: 2 locID: 102659354092503710 bcsId: 4924} | ret=SUCCESS |  
2019-08-22 07:03:49,446 | INFO  | DNAudit | user=null | ip=null | op=WRITE_CHUNK {blockData=conID: 2 locID: 102659354092503710 bcsId: 4924} | ret=SUCCESS |  
2019-08-22 07:03:49,457 | INFO  | DNAudit | user=null | ip=null | op=WRITE_CHUNK {blockData=conID: 2 locID: 102659354092503710 bcsId: 4924} | ret=SUCCESS |  
2019-08-22 07:03:49,457 | INFO  | DNAudit | user=null | ip=null | op=PUT_BLOCK {blockData=[blockId=conID: 2 locID: 102659354092503710 bcsId: 0,size=3145728]} | ret=SUCCESS |  
2019-08-22 07:03:49,458 [grpc-default-executor-5] INFO  client.GrpcClientProtocolClient (GrpcClientProtocolClient.java:onNext(255)) - client-CF63D631FA17->3cf1264f-5f6b-4138-aeee-2ff7d4522ead: receive RaftClientReply:client-CF63D631FA17->3cf1264f-5f6b-4138-aeee-2ff7d4522ead@group-561E16522154, cid=3257, SUCCESS, logIndex=4929, commits[3cf1264f-5f6b-4138-aeee-2ff7d4522ead:c4930, 4f0d1a15-8f14-4d9a-ad4f-8211e1245b5d:c4928, 6999f20e-c3f7-4db4-87ca-141c476f2a88:c4928]
2019-08-22 07:03:49,458 | INFO  | DNAudit | user=null | ip=null | op=WRITE_CHUNK {blockData=conID: 2 locID: 102659354092503710 bcsId: 4924} | ret=SUCCESS |  
2019-08-22 07:03:49,458 [grpc-default-executor-5] INFO  client.GrpcClientProtocolClient (GrpcClientProtocolClient.java:onNext(255)) - client-CF63D631FA17->3cf1264f-5f6b-4138-aeee-2ff7d4522ead: receive RaftClientReply:client-CF63D631FA17->3cf1264f-5f6b-4138-aeee-2ff7d4522ead@group-561E16522154, cid=3258, SUCCESS, logIndex=4930, commits[3cf1264f-5f6b-4138-aeee-2ff7d4522ead:c4930, 4f0d1a15-8f14-4d9a-ad4f-8211e1245b5d:c4928, 6999f20e-c3f7-4db4-87ca-141c476f2a88:c4928]
2019-08-22 07:03:49,459 | INFO  | DNAudit | user=null | ip=null | op=WRITE_CHUNK {blockData=conID: 2 locID: 102659354092503710 bcsId: 4924} | ret=SUCCESS |  
2019-08-22 07:03:49,459 | INFO  | DNAudit | user=null | ip=null | op=PUT_BLOCK {blockData=[blockId=conID: 2 locID: 102659354092503710 bcsId: 0,size=3145728]} | ret=SUCCESS |  
2019-08-22 07:03:49,460 | INFO  | DNAudit | user=null | ip=null | op=PUT_BLOCK {blockData=[blockId=conID: 2 locID: 102659354092503710 bcsId: 0,size=3145728]} | ret=SUCCESS |  
2019-08-22 07:03:49,465 | INFO  | DNAudit | user=null | ip=null | op=WRITE_CHUNK {blockData=conID: 2 locID: 102659354092503710 bcsId: 4930} | ret=SUCCESS |  
2019-08-22 07:03:49,469 | INFO  | DNAudit | user=null | ip=null | op=WRITE_CHUNK {blockData=conID: 2 locID: 102659354092503710 bcsId: 4930} | ret=SUCCESS |  
2019-08-22 07:03:49,469 | INFO  | DNAudit | user=null | ip=null | op=WRITE_CHUNK {blockData=conID: 2 locID: 102659354092503710 bcsId: 4930} | ret=SUCCESS |  
2019-08-22 07:03:49,478 | INFO  | DNAudit | user=null | ip=null | op=WRITE_CHUNK {blockData=conID: 2 locID: 102659354092503710 bcsId: 4930} | ret=SUCCESS |  
2019-08-22 07:03:49,478 | INFO  | DNAudit | user=null | ip=null | op=PUT_BLOCK {blockData=[blockId=conID: 2 locID: 102659354092503710 bcsId: 0,size=4194304]} | ret=SUCCESS |  
2019-08-22 07:03:49,478 [grpc-default-executor-3] INFO  client.GrpcClientProtocolClient (GrpcClientProtocolClient.java:onNext(255)) - client-CF63D631FA17->3cf1264f-5f6b-4138-aeee-2ff7d4522ead: receive RaftClientReply:client-CF63D631FA17->3cf1264f-5f6b-4138-aeee-2ff7d4522ead@group-561E16522154, cid=3259, SUCCESS, logIndex=4933, commits[3cf1264f-5f6b-4138-aeee-2ff7d4522ead:c4934, 4f0d1a15-8f14-4d9a-ad4f-8211e1245b5d:c4932, 6999f20e-c3f7-4db4-87ca-141c476f2a88:c4932]
2019-08-22 07:03:49,479 [grpc-default-executor-3] INFO  client.GrpcClientProtocolClient (GrpcClientProtocolClient.java:onNext(255)) - client-CF63D631FA17->3cf1264f-5f6b-4138-aeee-2ff7d4522ead: receive RaftClientReply:client-CF63D631FA17->3cf1264f-5f6b-4138-aeee-2ff7d4522ead@group-561E16522154, cid=3260, SUCCESS, logIndex=4934, commits[3cf1264f-5f6b-4138-aeee-2ff7d4522ead:c4934, 4f0d1a15-8f14-4d9a-ad4f-8211e1245b5d:c4932, 6999f20e-c3f7-4db4-87ca-141c476f2a88:c4932]
2019-08-22 07:03:49,489 | INFO  | DNAudit | user=null | ip=null | op=WRITE_CHUNK {blockData=conID: 2 locID: 102659354092503710 bcsId: 4930} | ret=SUCCESS |  
2019-08-22 07:03:49,489 | INFO  | DNAudit | user=null | ip=null | op=WRITE_CHUNK {blockData=conID: 2 locID: 102659354092503710 bcsId: 4930} | ret=SUCCESS |  
2019-08-22 07:03:49,492 | INFO  | DNAudit | user=null | ip=null | op=PUT_BLOCK {blockData=[blockId=conID: 2 locID: 102659354092503710 bcsId: 0,size=4194304]} | ret=SUCCESS |  
2019-08-22 07:03:49,492 | INFO  | DNAudit | user=null | ip=null | op=PUT_BLOCK {blockData=[blockId=conID: 2 locID: 102659354092503710 bcsId: 0,size=4194304]} | ret=SUCCESS |  
2019-08-22 07:03:49,493 [grpc-default-executor-5] INFO  client.GrpcClientProtocolClient (GrpcClientProtocolClient.java:onNext(255)) - client-CF63D631FA17->3cf1264f-5f6b-4138-aeee-2ff7d4522ead: receive RaftClientReply:client-CF63D631FA17->3cf1264f-5f6b-4138-aeee-2ff7d4522ead@group-561E16522154, cid=3261, SUCCESS, logIndex=0, commits[3cf1264f-5f6b-4138-aeee-2ff7d4522ead:c4936, 4f0d1a15-8f14-4d9a-ad4f-8211e1245b5d:c4934, 6999f20e-c3f7-4db4-87ca-141c476f2a88:c4934]
2019-08-22 07:03:49,500 | INFO  | SCMAudit | user=jenkins1000 | ip=192.168.34.31 | op=ALLOCATE_BLOCK {owner=04b6d46a-98e2-41b1-9f38-1870289993ea, size=4194304, type=RATIS, factor=THREE} | ret=SUCCESS |  
2019-08-22 07:03:49,504 | INFO  | OMAudit | user=jenkins1000 | ip=127.0.0.1 | op=ALLOCATE_BLOCK {volume=vol-0-14906, bucket=bucket-0-53153, key=key-0-33222, dataSize=0, replicationType=null, replicationFactor=null, keyLocationInfo=null, clientID=102659352017764754} | ret=SUCCESS |  
2019-08-22 07:03:49,511 | INFO  | DNAudit | user=null | ip=null | op=WRITE_CHUNK {blockData=conID: 3 locID: 102659354099712671 bcsId: 0} | ret=SUCCESS |  
2019-08-22 07:03:49,516 | INFO  | DNAudit | user=null | ip=null | op=WRITE_CHUNK {blockData=conID: 3 locID: 102659354099712671 bcsId: 0} | ret=SUCCESS |  
2019-08-22 07:03:49,516 | INFO  | DNAudit | user=null | ip=null | op=WRITE_CHUNK {blockData=conID: 3 locID: 102659354099712671 bcsId: 0} | ret=SUCCESS |  
2019-08-22 07:03:49,516 | INFO  | DNAudit | user=null | ip=null | op=WRITE_CHUNK {blockData=conID: 3 locID: 102659354099712671 bcsId: 0} | ret=SUCCESS |  
2019-08-22 07:03:49,518 | INFO  | DNAudit | user=null | ip=null | op=WRITE_CHUNK {blockData=conID: 3 locID: 102659354099712671 bcsId: 0} | ret=SUCCESS |  
2019-08-22 07:03:49,518 | INFO  | DNAudit | user=null | ip=null | op=WRITE_CHUNK {blockData=conID: 3 locID: 102659354099712671 bcsId: 0} | ret=SUCCESS |  
2019-08-22 07:03:49,524 | INFO  | DNAudit | user=null | ip=null | op=WRITE_CHUNK {blockData=conID: 3 locID: 102659354099712671 bcsId: 0} | ret=SUCCESS |  
2019-08-22 07:03:49,524 | INFO  | DNAudit | user=null | ip=null | op=PUT_BLOCK {blockData=[blockId=conID: 3 locID: 102659354099712671 bcsId: 0,size=1048576]} | ret=SUCCESS |  
2019-08-22 07:03:49,525 | INFO  | DNAudit | user=null | ip=null | op=WRITE_CHUNK {blockData=conID: 3 locID: 102659354099712671 bcsId: 0} | ret=SUCCESS |  
2019-08-22 07:03:49,525 [grpc-default-executor-1] INFO  client.GrpcClientProtocolClient (GrpcClientProtocolClient.java:onNext(255)) - client-CF63D631FA17->3cf1264f-5f6b-4138-aeee-2ff7d4522ead: receive RaftClientReply:client-CF63D631FA17->3cf1264f-5f6b-4138-aeee-2ff7d4522ead@group-561E16522154, cid=3262, SUCCESS, logIndex=4937, commits[3cf1264f-5f6b-4138-aeee-2ff7d4522ead:c4938, 4f0d1a15-8f14-4d9a-ad4f-8211e1245b5d:c4936, 6999f20e-c3f7-4db4-87ca-141c476f2a88:c4936]
2019-08-22 07:03:49,525 | INFO  | DNAudit | user=null | ip=null | op=PUT_BLOCK {blockData=[blockId=conID: 3 locID: 102659354099712671 bcsId: 0,size=2097152]} | ret=SUCCESS |  
2019-08-22 07:03:49,525 [grpc-default-executor-1] INFO  client.GrpcClientProtocolClient (GrpcClientProtocolClient.java:onNext(255)) - client-CF63D631FA17->3cf1264f-5f6b-4138-aeee-2ff7d4522ead: receive RaftClientReply:client-CF63D631FA17->3cf1264f-5f6b-4138-aeee-2ff7d4522ead@group-561E16522154, cid=3263, SUCCESS, logIndex=4938, commits[3cf1264f-5f6b-4138-aeee-2ff7d4522ead:c4939, 4f0d1a15-8f14-4d9a-ad4f-8211e1245b5d:c4936, 6999f20e-c3f7-4db4-87ca-141c476f2a88:c4936]
2019-08-22 07:03:49,526 | INFO  | DNAudit | user=null | ip=null | op=WRITE_CHUNK {blockData=conID: 3 locID: 102659354099712671 bcsId: 0} | ret=SUCCESS |  
2019-08-22 07:03:49,526 [grpc-default-executor-1] INFO  client.GrpcClientProtocolClient (GrpcClientProtocolClient.java:onNext(255)) - client-CF63D631FA17->3cf1264f-5f6b-4138-aeee-2ff7d4522ead: receive RaftClientReply:client-CF63D631FA17->3cf1264f-5f6b-4138-aeee-2ff7d4522ead@group-561E16522154, cid=3264, SUCCESS, logIndex=4939, commits[3cf1264f-5f6b-4138-aeee-2ff7d4522ead:c4940, 4f0d1a15-8f14-4d9a-ad4f-8211e1245b5d:c4936, 6999f20e-c3f7-4db4-87ca-141c476f2a88:c4936]
2019-08-22 07:03:49,526 [grpc-default-executor-1] INFO  client.GrpcClientProtocolClient (GrpcClientProtocolClient.java:onNext(255)) - client-CF63D631FA17->3cf1264f-5f6b-4138-aeee-2ff7d4522ead: receive RaftClientReply:client-CF63D631FA17->3cf1264f-5f6b-4138-aeee-2ff7d4522ead@group-561E16522154, cid=3265, SUCCESS, logIndex=4940, commits[3cf1264f-5f6b-4138-aeee-2ff7d4522ead:c4940, 4f0d1a15-8f14-4d9a-ad4f-8211e1245b5d:c4936, 6999f20e-c3f7-4db4-87ca-141c476f2a88:c4936]
2019-08-22 07:03:49,526 | INFO  | DNAudit | user=null | ip=null | op=PUT_BLOCK {blockData=[blockId=conID: 3 locID: 102659354099712671 bcsId: 0,size=1048576]} | ret=SUCCESS |  
2019-08-22 07:03:49,526 | INFO  | DNAudit | user=null | ip=null | op=WRITE_CHUNK {blockData=conID: 3 locID: 102659354099712671 bcsId: 0} | ret=SUCCESS |  
2019-08-22 07:03:49,526 | INFO  | DNAudit | user=null | ip=null | op=PUT_BLOCK {blockData=[blockId=conID: 3 locID: 102659354099712671 bcsId: 0,size=1048576]} | ret=SUCCESS |  
2019-08-22 07:03:49,527 | INFO  | DNAudit | user=null | ip=null | op=WRITE_CHUNK {blockData=conID: 3 locID: 102659354099712671 bcsId: 0} | ret=SUCCESS |  
2019-08-22 07:03:49,527 | INFO  | DNAudit | user=null | ip=null | op=WRITE_CHUNK {blockData=conID: 3 locID: 102659354099712671 bcsId: 0} | ret=SUCCESS |  
2019-08-22 07:03:49,527 | INFO  | DNAudit | user=null | ip=null | op=PUT_BLOCK {blockData=[blockId=conID: 3 locID: 102659354099712671 bcsId: 0,size=2097152]} | ret=SUCCESS |  
2019-08-22 07:03:49,527 [grpc-default-executor-1] INFO  client.GrpcClientProtocolClient (GrpcClientProtocolClient.java:onNext(255)) - client-CF63D631FA17->3cf1264f-5f6b-4138-aeee-2ff7d4522ead: receive RaftClientReply:client-CF63D631FA17->3cf1264f-5f6b-4138-aeee-2ff7d4522ead@group-561E16522154, cid=3266, SUCCESS, logIndex=0, commits[3cf1264f-5f6b-4138-aeee-2ff7d4522ead:c4942, 4f0d1a15-8f14-4d9a-ad4f-8211e1245b5d:c4938, 6999f20e-c3f7-4db4-87ca-141c476f2a88:c4938]
2019-08-22 07:03:49,529 | INFO  | DNAudit | user=null | ip=null | op=PUT_BLOCK {blockData=[blockId=conID: 3 locID: 102659354099712671 bcsId: 0,size=2097152]} | ret=SUCCESS |  
2019-08-22 07:03:49,534 | INFO  | DNAudit | user=null | ip=null | op=WRITE_CHUNK {blockData=conID: 3 locID: 102659354099712671 bcsId: 4940} | ret=SUCCESS |  
2019-08-22 07:03:49,536 | INFO  | DNAudit | user=null | ip=null | op=WRITE_CHUNK {blockData=conID: 3 locID: 102659354099712671 bcsId: 4940} | ret=SUCCESS |  
2019-08-22 07:03:49,537 | INFO  | DNAudit | user=null | ip=null | op=WRITE_CHUNK {blockData=conID: 3 locID: 102659354099712671 bcsId: 4940} | ret=SUCCESS |  
2019-08-22 07:03:49,546 | INFO  | DNAudit | user=null | ip=null | op=WRITE_CHUNK {blockData=conID: 3 locID: 102659354099712671 bcsId: 4940} | ret=SUCCESS |  
2019-08-22 07:03:49,546 | INFO  | DNAudit | user=null | ip=null | op=PUT_BLOCK {blockData=[blockId=conID: 3 locID: 102659354099712671 bcsId: 0,size=3145728]} | ret=SUCCESS |  
2019-08-22 07:03:49,547 [grpc-default-executor-3] INFO  client.GrpcClientProtocolClient (GrpcClientProtocolClient.java:onNext(255)) - client-CF63D631FA17->3cf1264f-5f6b-4138-aeee-2ff7d4522ead: receive RaftClientReply:client-CF63D631FA17->3cf1264f-5f6b-4138-aeee-2ff7d4522ead@group-561E16522154, cid=3267, SUCCESS, logIndex=4945, commits[3cf1264f-5f6b-4138-aeee-2ff7d4522ead:c4946, 4f0d1a15-8f14-4d9a-ad4f-8211e1245b5d:c4944, 6999f20e-c3f7-4db4-87ca-141c476f2a88:c4944]
2019-08-22 07:03:49,547 [grpc-default-executor-3] INFO  client.GrpcClientProtocolClient (GrpcClientProtocolClient.java:onNext(255)) - client-CF63D631FA17->3cf1264f-5f6b-4138-aeee-2ff7d4522ead: receive RaftClientReply:client-CF63D631FA17->3cf1264f-5f6b-4138-aeee-2ff7d4522ead@group-561E16522154, cid=3268, SUCCESS, logIndex=4946, commits[3cf1264f-5f6b-4138-aeee-2ff7d4522ead:c4946, 4f0d1a15-8f14-4d9a-ad4f-8211e1245b5d:c4944, 6999f20e-c3f7-4db4-87ca-141c476f2a88:c4944]
2019-08-22 07:03:49,553 | INFO  | DNAudit | user=null | ip=null | op=WRITE_CHUNK {blockData=conID: 3 locID: 102659354099712671 bcsId: 4946} | ret=SUCCESS |  
2019-08-22 07:03:49,556 | INFO  | DNAudit | user=null | ip=null | op=WRITE_CHUNK {blockData=conID: 3 locID: 102659354099712671 bcsId: 4946} | ret=SUCCESS |  
2019-08-22 07:03:49,556 | INFO  | DNAudit | user=null | ip=null | op=WRITE_CHUNK {blockData=conID: 3 locID: 102659354099712671 bcsId: 4946} | ret=SUCCESS |  
2019-08-22 07:03:49,558 | INFO  | DNAudit | user=null | ip=null | op=WRITE_CHUNK {blockData=conID: 3 locID: 102659354099712671 bcsId: 4940} | ret=SUCCESS |  
2019-08-22 07:03:49,558 | INFO  | DNAudit | user=null | ip=null | op=WRITE_CHUNK {blockData=conID: 3 locID: 102659354099712671 bcsId: 4940} | ret=SUCCESS |  
2019-08-22 07:03:49,561 | INFO  | DNAudit | user=null | ip=null | op=PUT_BLOCK {blockData=[blockId=conID: 3 locID: 102659354099712671 bcsId: 0,size=3145728]} | ret=SUCCESS |  
2019-08-22 07:03:49,561 | INFO  | DNAudit | user=null | ip=null | op=WRITE_CHUNK {blockData=conID: 3 locID: 102659354099712671 bcsId: 4946} | ret=SUCCESS |  
2019-08-22 07:03:49,561 | INFO  | DNAudit | user=null | ip=null | op=PUT_BLOCK {blockData=[blockId=conID: 3 locID: 102659354099712671 bcsId: 0,size=3145728]} | ret=SUCCESS |  
2019-08-22 07:03:49,561 | INFO  | DNAudit | user=null | ip=null | op=PUT_BLOCK {blockData=[blockId=conID: 3 locID: 102659354099712671 bcsId: 0,size=4194304]} | ret=SUCCESS |  
2019-08-22 07:03:49,562 [grpc-default-executor-1] INFO  client.GrpcClientProtocolClient (GrpcClientProtocolClient.java:onNext(255)) - client-CF63D631FA17->3cf1264f-5f6b-4138-aeee-2ff7d4522ead: receive RaftClientReply:client-CF63D631FA17->3cf1264f-5f6b-4138-aeee-2ff7d4522ead@group-561E16522154, cid=3269, SUCCESS, logIndex=4949, commits[3cf1264f-5f6b-4138-aeee-2ff7d4522ead:c4950, 4f0d1a15-8f14-4d9a-ad4f-8211e1245b5d:c4945, 6999f20e-c3f7-4db4-87ca-141c476f2a88:c4946]
2019-08-22 07:03:49,562 [grpc-default-executor-1] INFO  client.GrpcClientProtocolClient (GrpcClientProtocolClient.java:onNext(255)) - client-CF63D631FA17->3cf1264f-5f6b-4138-aeee-2ff7d4522ead: receive RaftClientReply:client-CF63D631FA17->3cf1264f-5f6b-4138-aeee-2ff7d4522ead@group-561E16522154, cid=3270, SUCCESS, logIndex=4950, commits[3cf1264f-5f6b-4138-aeee-2ff7d4522ead:c4950, 4f0d1a15-8f14-4d9a-ad4f-8211e1245b5d:c4946, 6999f20e-c3f7-4db4-87ca-141c476f2a88:c4946]
2019-08-22 07:03:49,572 | INFO  | DNAudit | user=null | ip=null | op=WRITE_CHUNK {blockData=conID: 3 locID: 102659354099712671 bcsId: 4946} | ret=SUCCESS |  
2019-08-22 07:03:49,572 | INFO  | DNAudit | user=null | ip=null | op=WRITE_CHUNK {blockData=conID: 3 locID: 102659354099712671 bcsId: 4946} | ret=SUCCESS |  
2019-08-22 07:03:49,572 | INFO  | DNAudit | user=null | ip=null | op=PUT_BLOCK {blockData=[blockId=conID: 3 locID: 102659354099712671 bcsId: 0,size=4194304]} | ret=SUCCESS |  
2019-08-22 07:03:49,573 | INFO  | DNAudit | user=null | ip=null | op=PUT_BLOCK {blockData=[blockId=conID: 3 locID: 102659354099712671 bcsId: 0,size=4194304]} | ret=SUCCESS |  
2019-08-22 07:03:49,573 [grpc-default-executor-1] INFO  client.GrpcClientProtocolClient (GrpcClientProtocolClient.java:onNext(255)) - client-CF63D631FA17->3cf1264f-5f6b-4138-aeee-2ff7d4522ead: receive RaftClientReply:client-CF63D631FA17->3cf1264f-5f6b-4138-aeee-2ff7d4522ead@group-561E16522154, cid=3271, SUCCESS, logIndex=0, commits[3cf1264f-5f6b-4138-aeee-2ff7d4522ead:c4951, 4f0d1a15-8f14-4d9a-ad4f-8211e1245b5d:c4950, 6999f20e-c3f7-4db4-87ca-141c476f2a88:c4950]
2019-08-22 07:03:49,580 | INFO  | SCMAudit | user=jenkins1000 | ip=192.168.34.31 | op=ALLOCATE_BLOCK {owner=04b6d46a-98e2-41b1-9f38-1870289993ea, size=4194304, type=RATIS, factor=THREE} | ret=SUCCESS |  
2019-08-22 07:03:49,585 | INFO  | OMAudit | user=jenkins1000 | ip=127.0.0.1 | op=ALLOCATE_BLOCK {volume=vol-0-14906, bucket=bucket-0-53153, key=key-0-33222, dataSize=0, replicationType=null, replicationFactor=null, keyLocationInfo=null, clientID=102659352017764754} | ret=SUCCESS |  
2019-08-22 07:03:49,592 | INFO  | DNAudit | user=null | ip=null | op=WRITE_CHUNK {blockData=conID: 1 locID: 102659354104955552 bcsId: 0} | ret=SUCCESS |  
2019-08-22 07:03:49,595 | INFO  | DNAudit | user=null | ip=null | op=WRITE_CHUNK {blockData=conID: 1 locID: 102659354104955552 bcsId: 0} | ret=SUCCESS |  
2019-08-22 07:03:49,595 | INFO  | DNAudit | user=null | ip=null | op=WRITE_CHUNK {blockData=conID: 1 locID: 102659354104955552 bcsId: 0} | ret=SUCCESS |  
2019-08-22 07:03:49,595 | INFO  | DNAudit | user=null | ip=null | op=WRITE_CHUNK {blockData=conID: 1 locID: 102659354104955552 bcsId: 0} | ret=SUCCESS |  
2019-08-22 07:03:49,597 | INFO  | DNAudit | user=null | ip=null | op=WRITE_CHUNK {blockData=conID: 1 locID: 102659354104955552 bcsId: 0} | ret=SUCCESS |  
2019-08-22 07:03:49,597 | INFO  | DNAudit | user=null | ip=null | op=WRITE_CHUNK {blockData=conID: 1 locID: 102659354104955552 bcsId: 0} | ret=SUCCESS |  
2019-08-22 07:03:49,613 | INFO  | DNAudit | user=null | ip=null | op=WRITE_CHUNK {blockData=conID: 1 locID: 102659354104955552 bcsId: 0} | ret=SUCCESS |  
2019-08-22 07:03:49,613 | INFO  | DNAudit | user=null | ip=null | op=PUT_BLOCK {blockData=[blockId=conID: 1 locID: 102659354104955552 bcsId: 0,size=1048576]} | ret=SUCCESS |  
2019-08-22 07:03:49,614 | INFO  | DNAudit | user=null | ip=null | op=WRITE_CHUNK {blockData=conID: 1 locID: 102659354104955552 bcsId: 0} | ret=SUCCESS |  
2019-08-22 07:03:49,614 | INFO  | DNAudit | user=null | ip=null | op=PUT_BLOCK {blockData=[blockId=conID: 1 locID: 102659354104955552 bcsId: 0,size=2097152]} | ret=SUCCESS |  
2019-08-22 07:03:49,614 [grpc-default-executor-0] INFO  client.GrpcClientProtocolClient (GrpcClientProtocolClient.java:onNext(255)) - client-CF63D631FA17->3cf1264f-5f6b-4138-aeee-2ff7d4522ead: receive RaftClientReply:client-CF63D631FA17->3cf1264f-5f6b-4138-aeee-2ff7d4522ead@group-561E16522154, cid=3272, SUCCESS, logIndex=4953, commits[3cf1264f-5f6b-4138-aeee-2ff7d4522ead:c4954, 4f0d1a15-8f14-4d9a-ad4f-8211e1245b5d:c4952, 6999f20e-c3f7-4db4-87ca-141c476f2a88:c4952]
2019-08-22 07:03:49,614 [grpc-default-executor-0] INFO  client.GrpcClientProtocolClient (GrpcClientProtocolClient.java:onNext(255)) - client-CF63D631FA17->3cf1264f-5f6b-4138-aeee-2ff7d4522ead: receive RaftClientReply:client-CF63D631FA17->3cf1264f-5f6b-4138-aeee-2ff7d4522ead@group-561E16522154, cid=3273, SUCCESS, logIndex=4954, commits[3cf1264f-5f6b-4138-aeee-2ff7d4522ead:c4955, 4f0d1a15-8f14-4d9a-ad4f-8211e1245b5d:c4952, 6999f20e-c3f7-4db4-87ca-141c476f2a88:c4952]
2019-08-22 07:03:49,615 [grpc-default-executor-0] INFO  client.GrpcClientProtocolClient (GrpcClientProtocolClient.java:onNext(255)) - client-CF63D631FA17->3cf1264f-5f6b-4138-aeee-2ff7d4522ead: receive RaftClientReply:client-CF63D631FA17->3cf1264f-5f6b-4138-aeee-2ff7d4522ead@group-561E16522154, cid=3274, SUCCESS, logIndex=4955, commits[3cf1264f-5f6b-4138-aeee-2ff7d4522ead:c4956, 4f0d1a15-8f14-4d9a-ad4f-8211e1245b5d:c4952, 6999f20e-c3f7-4db4-87ca-141c476f2a88:c4952]
2019-08-22 07:03:49,615 [grpc-default-executor-0] INFO  client.GrpcClientProtocolClient (GrpcClientProtocolClient.java:onNext(255)) - client-CF63D631FA17->3cf1264f-5f6b-4138-aeee-2ff7d4522ead: receive RaftClientReply:client-CF63D631FA17->3cf1264f-5f6b-4138-aeee-2ff7d4522ead@group-561E16522154, cid=3275, SUCCESS, logIndex=4956, commits[3cf1264f-5f6b-4138-aeee-2ff7d4522ead:c4956, 4f0d1a15-8f14-4d9a-ad4f-8211e1245b5d:c4952, 6999f20e-c3f7-4db4-87ca-141c476f2a88:c4952]
2019-08-22 07:03:49,624 | INFO  | DNAudit | user=null | ip=null | op=WRITE_CHUNK {blockData=conID: 1 locID: 102659354104955552 bcsId: 0} | ret=SUCCESS |  
2019-08-22 07:03:49,625 | INFO  | DNAudit | user=null | ip=null | op=WRITE_CHUNK {blockData=conID: 1 locID: 102659354104955552 bcsId: 0} | ret=SUCCESS |  
2019-08-22 07:03:49,625 | INFO  | DNAudit | user=null | ip=null | op=PUT_BLOCK {blockData=[blockId=conID: 1 locID: 102659354104955552 bcsId: 0,size=1048576]} | ret=SUCCESS |  
2019-08-22 07:03:49,625 | INFO  | DNAudit | user=null | ip=null | op=WRITE_CHUNK {blockData=conID: 1 locID: 102659354104955552 bcsId: 0} | ret=SUCCESS |  
2019-08-22 07:03:49,625 | INFO  | DNAudit | user=null | ip=null | op=PUT_BLOCK {blockData=[blockId=conID: 1 locID: 102659354104955552 bcsId: 0,size=2097152]} | ret=SUCCESS |  
2019-08-22 07:03:49,625 | INFO  | DNAudit | user=null | ip=null | op=PUT_BLOCK {blockData=[blockId=conID: 1 locID: 102659354104955552 bcsId: 0,size=1048576]} | ret=SUCCESS |  
2019-08-22 07:03:49,626 | INFO  | DNAudit | user=null | ip=null | op=WRITE_CHUNK {blockData=conID: 1 locID: 102659354104955552 bcsId: 0} | ret=SUCCESS |  
2019-08-22 07:03:49,626 | INFO  | DNAudit | user=null | ip=null | op=PUT_BLOCK {blockData=[blockId=conID: 1 locID: 102659354104955552 bcsId: 0,size=2097152]} | ret=SUCCESS |  
2019-08-22 07:03:49,626 [grpc-default-executor-0] INFO  client.GrpcClientProtocolClient (GrpcClientProtocolClient.java:onNext(255)) - client-CF63D631FA17->3cf1264f-5f6b-4138-aeee-2ff7d4522ead: receive RaftClientReply:client-CF63D631FA17->3cf1264f-5f6b-4138-aeee-2ff7d4522ead@group-561E16522154, cid=3276, SUCCESS, logIndex=0, commits[3cf1264f-5f6b-4138-aeee-2ff7d4522ead:c4960, 4f0d1a15-8f14-4d9a-ad4f-8211e1245b5d:c4954, 6999f20e-c3f7-4db4-87ca-141c476f2a88:c4956]
2019-08-22 07:03:49,633 | INFO  | DNAudit | user=null | ip=null | op=WRITE_CHUNK {blockData=conID: 1 locID: 102659354104955552 bcsId: 4956} | ret=SUCCESS |  
2019-08-22 07:03:49,637 | INFO  | DNAudit | user=null | ip=null | op=WRITE_CHUNK {blockData=conID: 1 locID: 102659354104955552 bcsId: 4956} | ret=SUCCESS |  
2019-08-22 07:03:49,637 | INFO  | DNAudit | user=null | ip=null | op=WRITE_CHUNK {blockData=conID: 1 locID: 102659354104955552 bcsId: 4956} | ret=SUCCESS |  
2019-08-22 07:03:49,642 | INFO  | DNAudit | user=null | ip=null | op=WRITE_CHUNK {blockData=conID: 1 locID: 102659354104955552 bcsId: 4956} | ret=SUCCESS |  
2019-08-22 07:03:49,642 | INFO  | DNAudit | user=null | ip=null | op=PUT_BLOCK {blockData=[blockId=conID: 1 locID: 102659354104955552 bcsId: 0,size=3145728]} | ret=SUCCESS |  
2019-08-22 07:03:49,642 [grpc-default-executor-5] INFO  client.GrpcClientProtocolClient (GrpcClientProtocolClient.java:onNext(255)) - client-CF63D631FA17->3cf1264f-5f6b-4138-aeee-2ff7d4522ead: receive RaftClientReply:client-CF63D631FA17->3cf1264f-5f6b-4138-aeee-2ff7d4522ead@group-561E16522154, cid=3277, SUCCESS, logIndex=4961, commits[3cf1264f-5f6b-4138-aeee-2ff7d4522ead:c4962, 4f0d1a15-8f14-4d9a-ad4f-8211e1245b5d:c4960, 6999f20e-c3f7-4db4-87ca-141c476f2a88:c4960]
2019-08-22 07:03:49,643 [grpc-default-executor-5] INFO  client.GrpcClientProtocolClient (GrpcClientProtocolClient.java:onNext(255)) - client-CF63D631FA17->3cf1264f-5f6b-4138-aeee-2ff7d4522ead: receive RaftClientReply:client-CF63D631FA17->3cf1264f-5f6b-4138-aeee-2ff7d4522ead@group-561E16522154, cid=3278, SUCCESS, logIndex=4962, commits[3cf1264f-5f6b-4138-aeee-2ff7d4522ead:c4962, 4f0d1a15-8f14-4d9a-ad4f-8211e1245b5d:c4960, 6999f20e-c3f7-4db4-87ca-141c476f2a88:c4960]
2019-08-22 07:03:49,650 | INFO  | DNAudit | user=null | ip=null | op=WRITE_CHUNK {blockData=conID: 1 locID: 102659354104955552 bcsId: 4962} | ret=SUCCESS |  
2019-08-22 07:03:49,653 | INFO  | DNAudit | user=null | ip=null | op=WRITE_CHUNK {blockData=conID: 1 locID: 102659354104955552 bcsId: 4962} | ret=SUCCESS |  
2019-08-22 07:03:49,653 | INFO  | DNAudit | user=null | ip=null | op=WRITE_CHUNK {blockData=conID: 1 locID: 102659354104955552 bcsId: 4962} | ret=SUCCESS |  
2019-08-22 07:03:49,654 | INFO  | DNAudit | user=null | ip=null | op=WRITE_CHUNK {blockData=conID: 1 locID: 102659354104955552 bcsId: 4956} | ret=SUCCESS |  
2019-08-22 07:03:49,654 | INFO  | DNAudit | user=null | ip=null | op=WRITE_CHUNK {blockData=conID: 1 locID: 102659354104955552 bcsId: 4956} | ret=SUCCESS |  
2019-08-22 07:03:49,655 | INFO  | DNAudit | user=null | ip=null | op=PUT_BLOCK {blockData=[blockId=conID: 1 locID: 102659354104955552 bcsId: 0,size=3145728]} | ret=SUCCESS |  
2019-08-22 07:03:49,655 | INFO  | DNAudit | user=null | ip=null | op=PUT_BLOCK {blockData=[blockId=conID: 1 locID: 102659354104955552 bcsId: 0,size=3145728]} | ret=SUCCESS |  
2019-08-22 07:03:49,656 | INFO  | DNAudit | user=null | ip=null | op=WRITE_CHUNK {blockData=conID: 1 locID: 102659354104955552 bcsId: 4962} | ret=SUCCESS |  
2019-08-22 07:03:49,656 | INFO  | DNAudit | user=null | ip=null | op=PUT_BLOCK {blockData=[blockId=conID: 1 locID: 102659354104955552 bcsId: 0,size=4194304]} | ret=SUCCESS |  
2019-08-22 07:03:49,656 [grpc-default-executor-0] INFO  client.GrpcClientProtocolClient (GrpcClientProtocolClient.java:onNext(255)) - client-CF63D631FA17->3cf1264f-5f6b-4138-aeee-2ff7d4522ead: receive RaftClientReply:client-CF63D631FA17->3cf1264f-5f6b-4138-aeee-2ff7d4522ead@group-561E16522154, cid=3279, SUCCESS, logIndex=4965, commits[3cf1264f-5f6b-4138-aeee-2ff7d4522ead:c4966, 4f0d1a15-8f14-4d9a-ad4f-8211e1245b5d:c4962, 6999f20e-c3f7-4db4-87ca-141c476f2a88:c4962]
2019-08-22 07:03:49,657 [grpc-default-executor-0] INFO  client.GrpcClientProtocolClient (GrpcClientProtocolClient.java:onNext(255)) - client-CF63D631FA17->3cf1264f-5f6b-4138-aeee-2ff7d4522ead: receive RaftClientReply:client-CF63D631FA17->3cf1264f-5f6b-4138-aeee-2ff7d4522ead@group-561E16522154, cid=3280, SUCCESS, logIndex=4966, commits[3cf1264f-5f6b-4138-aeee-2ff7d4522ead:c4966, 4f0d1a15-8f14-4d9a-ad4f-8211e1245b5d:c4962, 6999f20e-c3f7-4db4-87ca-141c476f2a88:c4962]
2019-08-22 07:03:49,667 | INFO  | DNAudit | user=null | ip=null | op=WRITE_CHUNK {blockData=conID: 1 locID: 102659354104955552 bcsId: 4962} | ret=SUCCESS |  
2019-08-22 07:03:49,668 | INFO  | DNAudit | user=null | ip=null | op=WRITE_CHUNK {blockData=conID: 1 locID: 102659354104955552 bcsId: 4962} | ret=SUCCESS |  
2019-08-22 07:03:49,670 | INFO  | DNAudit | user=null | ip=null | op=PUT_BLOCK {blockData=[blockId=conID: 1 locID: 102659354104955552 bcsId: 0,size=4194304]} | ret=SUCCESS |  
2019-08-22 07:03:49,670 | INFO  | DNAudit | user=null | ip=null | op=PUT_BLOCK {blockData=[blockId=conID: 1 locID: 102659354104955552 bcsId: 0,size=4194304]} | ret=SUCCESS |  
2019-08-22 07:03:49,671 [grpc-default-executor-3] INFO  client.GrpcClientProtocolClient (GrpcClientProtocolClient.java:onNext(255)) - client-CF63D631FA17->3cf1264f-5f6b-4138-aeee-2ff7d4522ead: receive RaftClientReply:client-CF63D631FA17->3cf1264f-5f6b-4138-aeee-2ff7d4522ead@group-561E16522154, cid=3281, SUCCESS, logIndex=0, commits[3cf1264f-5f6b-4138-aeee-2ff7d4522ead:c4967, 4f0d1a15-8f14-4d9a-ad4f-8211e1245b5d:c4966, 6999f20e-c3f7-4db4-87ca-141c476f2a88:c4966]
2019-08-22 07:03:49,679 | INFO  | SCMAudit | user=jenkins1000 | ip=192.168.34.31 | op=ALLOCATE_BLOCK {owner=04b6d46a-98e2-41b1-9f38-1870289993ea, size=4194304, type=RATIS, factor=THREE} | ret=SUCCESS |  
2019-08-22 07:03:49,685 | INFO  | OMAudit | user=jenkins1000 | ip=127.0.0.1 | op=ALLOCATE_BLOCK {volume=vol-0-14906, bucket=bucket-0-53153, key=key-0-33222, dataSize=0, replicationType=null, replicationFactor=null, keyLocationInfo=null, clientID=102659352017764754} | ret=SUCCESS |  
2019-08-22 07:03:49,692 | INFO  | DNAudit | user=null | ip=null | op=WRITE_CHUNK {blockData=conID: 2 locID: 102659354111443617 bcsId: 0} | ret=SUCCESS |  
2019-08-22 07:03:49,696 | INFO  | DNAudit | user=null | ip=null | op=WRITE_CHUNK {blockData=conID: 2 locID: 102659354111443617 bcsId: 0} | ret=SUCCESS |  
2019-08-22 07:03:49,698 | INFO  | DNAudit | user=null | ip=null | op=WRITE_CHUNK {blockData=conID: 2 locID: 102659354111443617 bcsId: 0} | ret=SUCCESS |  
2019-08-22 07:03:49,698 | INFO  | DNAudit | user=null | ip=null | op=WRITE_CHUNK {blockData=conID: 2 locID: 102659354111443617 bcsId: 0} | ret=SUCCESS |  
2019-08-22 07:03:49,701 | INFO  | DNAudit | user=null | ip=null | op=WRITE_CHUNK {blockData=conID: 2 locID: 102659354111443617 bcsId: 0} | ret=SUCCESS |  
2019-08-22 07:03:49,701 | INFO  | DNAudit | user=null | ip=null | op=WRITE_CHUNK {blockData=conID: 2 locID: 102659354111443617 bcsId: 0} | ret=SUCCESS |  
2019-08-22 07:03:49,705 | INFO  | DNAudit | user=null | ip=null | op=WRITE_CHUNK {blockData=conID: 2 locID: 102659354111443617 bcsId: 0} | ret=SUCCESS |  
2019-08-22 07:03:49,706 | INFO  | DNAudit | user=null | ip=null | op=PUT_BLOCK {blockData=[blockId=conID: 2 locID: 102659354111443617 bcsId: 0,size=1048576]} | ret=SUCCESS |  
2019-08-22 07:03:49,706 | INFO  | DNAudit | user=null | ip=null | op=WRITE_CHUNK {blockData=conID: 2 locID: 102659354111443617 bcsId: 0} | ret=SUCCESS |  
2019-08-22 07:03:49,706 [grpc-default-executor-5] INFO  client.GrpcClientProtocolClient (GrpcClientProtocolClient.java:onNext(255)) - client-CF63D631FA17->3cf1264f-5f6b-4138-aeee-2ff7d4522ead: receive RaftClientReply:client-CF63D631FA17->3cf1264f-5f6b-4138-aeee-2ff7d4522ead@group-561E16522154, cid=3282, SUCCESS, logIndex=4969, commits[3cf1264f-5f6b-4138-aeee-2ff7d4522ead:c4970, 4f0d1a15-8f14-4d9a-ad4f-8211e1245b5d:c4968, 6999f20e-c3f7-4db4-87ca-141c476f2a88:c4968]
2019-08-22 07:03:49,706 | INFO  | DNAudit | user=null | ip=null | op=PUT_BLOCK {blockData=[blockId=conID: 2 locID: 102659354111443617 bcsId: 0,size=2097152]} | ret=SUCCESS |  
2019-08-22 07:03:49,706 [grpc-default-executor-5] INFO  client.GrpcClientProtocolClient (GrpcClientProtocolClient.java:onNext(255)) - client-CF63D631FA17->3cf1264f-5f6b-4138-aeee-2ff7d4522ead: receive RaftClientReply:client-CF63D631FA17->3cf1264f-5f6b-4138-aeee-2ff7d4522ead@group-561E16522154, cid=3283, SUCCESS, logIndex=4970, commits[3cf1264f-5f6b-4138-aeee-2ff7d4522ead:c4971, 4f0d1a15-8f14-4d9a-ad4f-8211e1245b5d:c4968, 6999f20e-c3f7-4db4-87ca-141c476f2a88:c4968]
2019-08-22 07:03:49,707 [grpc-default-executor-5] INFO  client.GrpcClientProtocolClient (GrpcClientProtocolClient.java:onNext(255)) - client-CF63D631FA17->3cf1264f-5f6b-4138-aeee-2ff7d4522ead: receive RaftClientReply:client-CF63D631FA17->3cf1264f-5f6b-4138-aeee-2ff7d4522ead@group-561E16522154, cid=3284, SUCCESS, logIndex=4971, commits[3cf1264f-5f6b-4138-aeee-2ff7d4522ead:c4972, 4f0d1a15-8f14-4d9a-ad4f-8211e1245b5d:c4968, 6999f20e-c3f7-4db4-87ca-141c476f2a88:c4968]
2019-08-22 07:03:49,707 [grpc-default-executor-5] INFO  client.GrpcClientProtocolClient (GrpcClientProtocolClient.java:onNext(255)) - client-CF63D631FA17->3cf1264f-5f6b-4138-aeee-2ff7d4522ead: receive RaftClientReply:client-CF63D631FA17->3cf1264f-5f6b-4138-aeee-2ff7d4522ead@group-561E16522154, cid=3285, SUCCESS, logIndex=4972, commits[3cf1264f-5f6b-4138-aeee-2ff7d4522ead:c4972, 4f0d1a15-8f14-4d9a-ad4f-8211e1245b5d:c4968, 6999f20e-c3f7-4db4-87ca-141c476f2a88:c4968]
2019-08-22 07:03:49,719 | INFO  | DNAudit | user=null | ip=null | op=WRITE_CHUNK {blockData=conID: 2 locID: 102659354111443617 bcsId: 0} | ret=SUCCESS |  
2019-08-22 07:03:49,719 | INFO  | DNAudit | user=null | ip=null | op=PUT_BLOCK {blockData=[blockId=conID: 2 locID: 102659354111443617 bcsId: 0,size=1048576]} | ret=SUCCESS |  
2019-08-22 07:03:49,719 | INFO  | DNAudit | user=null | ip=null | op=WRITE_CHUNK {blockData=conID: 2 locID: 102659354111443617 bcsId: 0} | ret=SUCCESS |  
2019-08-22 07:03:49,719 | INFO  | DNAudit | user=null | ip=null | op=PUT_BLOCK {blockData=[blockId=conID: 2 locID: 102659354111443617 bcsId: 0,size=1048576]} | ret=SUCCESS |  
2019-08-22 07:03:49,720 | INFO  | DNAudit | user=null | ip=null | op=WRITE_CHUNK {blockData=conID: 2 locID: 102659354111443617 bcsId: 0} | ret=SUCCESS |  
2019-08-22 07:03:49,720 | INFO  | DNAudit | user=null | ip=null | op=WRITE_CHUNK {blockData=conID: 2 locID: 102659354111443617 bcsId: 0} | ret=SUCCESS |  
2019-08-22 07:03:49,720 | INFO  | DNAudit | user=null | ip=null | op=PUT_BLOCK {blockData=[blockId=conID: 2 locID: 102659354111443617 bcsId: 0,size=2097152]} | ret=SUCCESS |  
2019-08-22 07:03:49,720 | INFO  | DNAudit | user=null | ip=null | op=PUT_BLOCK {blockData=[blockId=conID: 2 locID: 102659354111443617 bcsId: 0,size=2097152]} | ret=SUCCESS |  
2019-08-22 07:03:49,720 [grpc-default-executor-0] INFO  client.GrpcClientProtocolClient (GrpcClientProtocolClient.java:onNext(255)) - client-CF63D631FA17->3cf1264f-5f6b-4138-aeee-2ff7d4522ead: receive RaftClientReply:client-CF63D631FA17->3cf1264f-5f6b-4138-aeee-2ff7d4522ead@group-561E16522154, cid=3286, SUCCESS, logIndex=0, commits[3cf1264f-5f6b-4138-aeee-2ff7d4522ead:c4974, 4f0d1a15-8f14-4d9a-ad4f-8211e1245b5d:c4970, 6999f20e-c3f7-4db4-87ca-141c476f2a88:c4970]
2019-08-22 07:03:49,728 | INFO  | DNAudit | user=null | ip=null | op=WRITE_CHUNK {blockData=conID: 2 locID: 102659354111443617 bcsId: 4972} | ret=SUCCESS |  
2019-08-22 07:03:49,731 | INFO  | DNAudit | user=null | ip=null | op=WRITE_CHUNK {blockData=conID: 2 locID: 102659354111443617 bcsId: 4972} | ret=SUCCESS |  
2019-08-22 07:03:49,731 | INFO  | DNAudit | user=null | ip=null | op=WRITE_CHUNK {blockData=conID: 2 locID: 102659354111443617 bcsId: 4972} | ret=SUCCESS |  
2019-08-22 07:03:49,740 | INFO  | DNAudit | user=null | ip=null | op=WRITE_CHUNK {blockData=conID: 2 locID: 102659354111443617 bcsId: 4972} | ret=SUCCESS |  
2019-08-22 07:03:49,741 | INFO  | DNAudit | user=null | ip=null | op=PUT_BLOCK {blockData=[blockId=conID: 2 locID: 102659354111443617 bcsId: 0,size=3145728]} | ret=SUCCESS |  
2019-08-22 07:03:49,741 [grpc-default-executor-0] INFO  client.GrpcClientProtocolClient (GrpcClientProtocolClient.java:onNext(255)) - client-CF63D631FA17->3cf1264f-5f6b-4138-aeee-2ff7d4522ead: receive RaftClientReply:client-CF63D631FA17->3cf1264f-5f6b-4138-aeee-2ff7d4522ead@group-561E16522154, cid=3287, SUCCESS, logIndex=4977, commits[3cf1264f-5f6b-4138-aeee-2ff7d4522ead:c4978, 4f0d1a15-8f14-4d9a-ad4f-8211e1245b5d:c4976, 6999f20e-c3f7-4db4-87ca-141c476f2a88:c4976]
2019-08-22 07:03:49,742 [grpc-default-executor-0] INFO  client.GrpcClientProtocolClient (GrpcClientProtocolClient.java:onNext(255)) - client-CF63D631FA17->3cf1264f-5f6b-4138-aeee-2ff7d4522ead: receive RaftClientReply:client-CF63D631FA17->3cf1264f-5f6b-4138-aeee-2ff7d4522ead@group-561E16522154, cid=3288, SUCCESS, logIndex=4978, commits[3cf1264f-5f6b-4138-aeee-2ff7d4522ead:c4978, 4f0d1a15-8f14-4d9a-ad4f-8211e1245b5d:c4976, 6999f20e-c3f7-4db4-87ca-141c476f2a88:c4976]
2019-08-22 07:03:49,749 | INFO  | DNAudit | user=null | ip=null | op=WRITE_CHUNK {blockData=conID: 2 locID: 102659354111443617 bcsId: 4978} | ret=SUCCESS |  
2019-08-22 07:03:49,752 | INFO  | DNAudit | user=null | ip=null | op=WRITE_CHUNK {blockData=conID: 2 locID: 102659354111443617 bcsId: 4972} | ret=SUCCESS |  
2019-08-22 07:03:49,752 | INFO  | DNAudit | user=null | ip=null | op=WRITE_CHUNK {blockData=conID: 2 locID: 102659354111443617 bcsId: 4978} | ret=SUCCESS |  
2019-08-22 07:03:49,752 | INFO  | DNAudit | user=null | ip=null | op=WRITE_CHUNK {blockData=conID: 2 locID: 102659354111443617 bcsId: 4978} | ret=SUCCESS |  
2019-08-22 07:03:49,752 | INFO  | DNAudit | user=null | ip=null | op=WRITE_CHUNK {blockData=conID: 2 locID: 102659354111443617 bcsId: 4972} | ret=SUCCESS |  
2019-08-22 07:03:49,753 | INFO  | DNAudit | user=null | ip=null | op=PUT_BLOCK {blockData=[blockId=conID: 2 locID: 102659354111443617 bcsId: 0,size=3145728]} | ret=SUCCESS |  
2019-08-22 07:03:49,754 | INFO  | DNAudit | user=null | ip=null | op=PUT_BLOCK {blockData=[blockId=conID: 2 locID: 102659354111443617 bcsId: 0,size=3145728]} | ret=SUCCESS |  
2019-08-22 07:03:49,754 | INFO  | DNAudit | user=null | ip=null | op=WRITE_CHUNK {blockData=conID: 2 locID: 102659354111443617 bcsId: 4978} | ret=SUCCESS |  
2019-08-22 07:03:49,754 | INFO  | DNAudit | user=null | ip=null | op=PUT_BLOCK {blockData=[blockId=conID: 2 locID: 102659354111443617 bcsId: 0,size=4194304]} | ret=SUCCESS |  
2019-08-22 07:03:49,755 [grpc-default-executor-3] INFO  client.GrpcClientProtocolClient (GrpcClientProtocolClient.java:onNext(255)) - client-CF63D631FA17->3cf1264f-5f6b-4138-aeee-2ff7d4522ead: receive RaftClientReply:client-CF63D631FA17->3cf1264f-5f6b-4138-aeee-2ff7d4522ead@group-561E16522154, cid=3289, SUCCESS, logIndex=4981, commits[3cf1264f-5f6b-4138-aeee-2ff7d4522ead:c4982, 4f0d1a15-8f14-4d9a-ad4f-8211e1245b5d:c4978, 6999f20e-c3f7-4db4-87ca-141c476f2a88:c4977]
2019-08-22 07:03:49,755 [grpc-default-executor-3] INFO  client.GrpcClientProtocolClient (GrpcClientProtocolClient.java:onNext(255)) - client-CF63D631FA17->3cf1264f-5f6b-4138-aeee-2ff7d4522ead: receive RaftClientReply:client-CF63D631FA17->3cf1264f-5f6b-4138-aeee-2ff7d4522ead@group-561E16522154, cid=3290, SUCCESS, logIndex=4982, commits[3cf1264f-5f6b-4138-aeee-2ff7d4522ead:c4982, 4f0d1a15-8f14-4d9a-ad4f-8211e1245b5d:c4978, 6999f20e-c3f7-4db4-87ca-141c476f2a88:c4978]
2019-08-22 07:03:49,755 | INFO  | DNAudit | user=null | ip=null | op=WRITE_CHUNK {blockData=conID: 2 locID: 102659354111443617 bcsId: 4978} | ret=SUCCESS |  
2019-08-22 07:03:49,755 | INFO  | DNAudit | user=null | ip=null | op=WRITE_CHUNK {blockData=conID: 2 locID: 102659354111443617 bcsId: 4978} | ret=SUCCESS |  
2019-08-22 07:03:49,758 | INFO  | DNAudit | user=null | ip=null | op=PUT_BLOCK {blockData=[blockId=conID: 2 locID: 102659354111443617 bcsId: 0,size=4194304]} | ret=SUCCESS |  
2019-08-22 07:03:49,758 | INFO  | DNAudit | user=null | ip=null | op=PUT_BLOCK {blockData=[blockId=conID: 2 locID: 102659354111443617 bcsId: 0,size=4194304]} | ret=SUCCESS |  
2019-08-22 07:03:49,759 [grpc-default-executor-3] INFO  client.GrpcClientProtocolClient (GrpcClientProtocolClient.java:onNext(255)) - client-CF63D631FA17->3cf1264f-5f6b-4138-aeee-2ff7d4522ead: receive RaftClientReply:client-CF63D631FA17->3cf1264f-5f6b-4138-aeee-2ff7d4522ead@group-561E16522154, cid=3291, SUCCESS, logIndex=0, commits[3cf1264f-5f6b-4138-aeee-2ff7d4522ead:c4984, 4f0d1a15-8f14-4d9a-ad4f-8211e1245b5d:c4982, 6999f20e-c3f7-4db4-87ca-141c476f2a88:c4982]
2019-08-22 07:03:49,764 | INFO  | SCMAudit | user=jenkins1000 | ip=192.168.34.31 | op=ALLOCATE_BLOCK {owner=04b6d46a-98e2-41b1-9f38-1870289993ea, size=4194304, type=RATIS, factor=THREE} | ret=SUCCESS |  
2019-08-22 07:03:49,768 | INFO  | OMAudit | user=jenkins1000 | ip=127.0.0.1 | op=ALLOCATE_BLOCK {volume=vol-0-14906, bucket=bucket-0-53153, key=key-0-33222, dataSize=0, replicationType=null, replicationFactor=null, keyLocationInfo=null, clientID=102659352017764754} | ret=SUCCESS |  
2019-08-22 07:03:49,776 | INFO  | DNAudit | user=null | ip=null | op=WRITE_CHUNK {blockData=conID: 3 locID: 102659354117014178 bcsId: 0} | ret=SUCCESS |  
2019-08-22 07:03:49,779 | INFO  | DNAudit | user=null | ip=null | op=WRITE_CHUNK {blockData=conID: 3 locID: 102659354117014178 bcsId: 0} | ret=SUCCESS |  
2019-08-22 07:03:49,780 | INFO  | DNAudit | user=null | ip=null | op=WRITE_CHUNK {blockData=conID: 3 locID: 102659354117014178 bcsId: 0} | ret=SUCCESS |  
2019-08-22 07:03:49,780 | INFO  | DNAudit | user=null | ip=null | op=WRITE_CHUNK {blockData=conID: 3 locID: 102659354117014178 bcsId: 0} | ret=SUCCESS |  
2019-08-22 07:03:49,918 | INFO  | DNAudit | user=null | ip=null | op=WRITE_CHUNK {blockData=conID: 3 locID: 102659354117014178 bcsId: 0} | ret=SUCCESS |  
2019-08-22 07:03:49,919 | INFO  | DNAudit | user=null | ip=null | op=PUT_BLOCK {blockData=[blockId=conID: 3 locID: 102659354117014178 bcsId: 0,size=1048576]} | ret=SUCCESS |  
2019-08-22 07:03:49,919 [grpc-default-executor-0] INFO  client.GrpcClientProtocolClient (GrpcClientProtocolClient.java:onNext(255)) - client-CF63D631FA17->3cf1264f-5f6b-4138-aeee-2ff7d4522ead: receive RaftClientReply:client-CF63D631FA17->3cf1264f-5f6b-4138-aeee-2ff7d4522ead@group-561E16522154, cid=3292, SUCCESS, logIndex=4985, commits[3cf1264f-5f6b-4138-aeee-2ff7d4522ead:c4986, 4f0d1a15-8f14-4d9a-ad4f-8211e1245b5d:c4984, 6999f20e-c3f7-4db4-87ca-141c476f2a88:c4984]
2019-08-22 07:03:49,919 | INFO  | DNAudit | user=null | ip=null | op=WRITE_CHUNK {blockData=conID: 3 locID: 102659354117014178 bcsId: 0} | ret=SUCCESS |  
2019-08-22 07:03:49,919 | INFO  | DNAudit | user=null | ip=null | op=WRITE_CHUNK {blockData=conID: 3 locID: 102659354117014178 bcsId: 0} | ret=SUCCESS |  
2019-08-22 07:03:49,920 [grpc-default-executor-0] INFO  client.GrpcClientProtocolClient (GrpcClientProtocolClient.java:onNext(255)) - client-CF63D631FA17->3cf1264f-5f6b-4138-aeee-2ff7d4522ead: receive RaftClientReply:client-CF63D631FA17->3cf1264f-5f6b-4138-aeee-2ff7d4522ead@group-561E16522154, cid=3293, SUCCESS, logIndex=4986, commits[3cf1264f-5f6b-4138-aeee-2ff7d4522ead:c4986, 4f0d1a15-8f14-4d9a-ad4f-8211e1245b5d:c4984, 6999f20e-c3f7-4db4-87ca-141c476f2a88:c4984]
2019-08-22 07:03:49,930 | INFO  | DNAudit | user=null | ip=null | op=WRITE_CHUNK {blockData=conID: 3 locID: 102659354117014178 bcsId: 0} | ret=SUCCESS |  
2019-08-22 07:03:49,930 | INFO  | DNAudit | user=null | ip=null | op=WRITE_CHUNK {blockData=conID: 3 locID: 102659354117014178 bcsId: 0} | ret=SUCCESS |  
2019-08-22 07:03:49,930 | INFO  | DNAudit | user=null | ip=null | op=PUT_BLOCK {blockData=[blockId=conID: 3 locID: 102659354117014178 bcsId: 0,size=2097152]} | ret=SUCCESS |  
2019-08-22 07:03:49,930 | INFO  | DNAudit | user=null | ip=null | op=WRITE_CHUNK {blockData=conID: 3 locID: 102659354117014178 bcsId: 0} | ret=SUCCESS |  
2019-08-22 07:03:49,930 | INFO  | DNAudit | user=null | ip=null | op=PUT_BLOCK {blockData=[blockId=conID: 3 locID: 102659354117014178 bcsId: 0,size=1048576]} | ret=SUCCESS |  
2019-08-22 07:03:49,930 | INFO  | DNAudit | user=null | ip=null | op=PUT_BLOCK {blockData=[blockId=conID: 3 locID: 102659354117014178 bcsId: 0,size=1048576]} | ret=SUCCESS |  
2019-08-22 07:03:49,930 [grpc-default-executor-0] INFO  client.GrpcClientProtocolClient (GrpcClientProtocolClient.java:onNext(255)) - client-CF63D631FA17->3cf1264f-5f6b-4138-aeee-2ff7d4522ead: receive RaftClientReply:client-CF63D631FA17->3cf1264f-5f6b-4138-aeee-2ff7d4522ead@group-561E16522154, cid=3294, SUCCESS, logIndex=4987, commits[3cf1264f-5f6b-4138-aeee-2ff7d4522ead:c4988, 4f0d1a15-8f14-4d9a-ad4f-8211e1245b5d:c4984, 6999f20e-c3f7-4db4-87ca-141c476f2a88:c4984]
2019-08-22 07:03:49,931 [grpc-default-executor-0] INFO  client.GrpcClientProtocolClient (GrpcClientProtocolClient.java:onNext(255)) - client-CF63D631FA17->3cf1264f-5f6b-4138-aeee-2ff7d4522ead: receive RaftClientReply:client-CF63D631FA17->3cf1264f-5f6b-4138-aeee-2ff7d4522ead@group-561E16522154, cid=3295, SUCCESS, logIndex=4988, commits[3cf1264f-5f6b-4138-aeee-2ff7d4522ead:c4989, 4f0d1a15-8f14-4d9a-ad4f-8211e1245b5d:c4986, 6999f20e-c3f7-4db4-87ca-141c476f2a88:c4986]
2019-08-22 07:03:49,932 | INFO  | DNAudit | user=null | ip=null | op=WRITE_CHUNK {blockData=conID: 3 locID: 102659354117014178 bcsId: 0} | ret=SUCCESS |  
2019-08-22 07:03:49,932 | INFO  | DNAudit | user=null | ip=null | op=WRITE_CHUNK {blockData=conID: 3 locID: 102659354117014178 bcsId: 0} | ret=SUCCESS |  
2019-08-22 07:03:49,932 | INFO  | DNAudit | user=null | ip=null | op=PUT_BLOCK {blockData=[blockId=conID: 3 locID: 102659354117014178 bcsId: 0,size=2097152]} | ret=SUCCESS |  
2019-08-22 07:03:49,932 | INFO  | DNAudit | user=null | ip=null | op=PUT_BLOCK {blockData=[blockId=conID: 3 locID: 102659354117014178 bcsId: 0,size=2097152]} | ret=SUCCESS |  
2019-08-22 07:03:49,937 | INFO  | DNAudit | user=null | ip=null | op=WRITE_CHUNK {blockData=conID: 3 locID: 102659354117014178 bcsId: 4988} | ret=SUCCESS |  
2019-08-22 07:03:49,941 | INFO  | DNAudit | user=null | ip=null | op=WRITE_CHUNK {blockData=conID: 3 locID: 102659354117014178 bcsId: 4988} | ret=SUCCESS |  
2019-08-22 07:03:49,941 | INFO  | DNAudit | user=null | ip=null | op=WRITE_CHUNK {blockData=conID: 3 locID: 102659354117014178 bcsId: 4988} | ret=SUCCESS |  
2019-08-22 07:03:49,949 | INFO  | DNAudit | user=null | ip=null | op=WRITE_CHUNK {blockData=conID: 3 locID: 102659354117014178 bcsId: 4988} | ret=SUCCESS |  
2019-08-22 07:03:49,950 | INFO  | DNAudit | user=null | ip=null | op=PUT_BLOCK {blockData=[blockId=conID: 3 locID: 102659354117014178 bcsId: 0,size=3145728]} | ret=SUCCESS |  
2019-08-22 07:03:49,950 [grpc-default-executor-5] INFO  client.GrpcClientProtocolClient (GrpcClientProtocolClient.java:onNext(255)) - client-CF63D631FA17->3cf1264f-5f6b-4138-aeee-2ff7d4522ead: receive RaftClientReply:client-CF63D631FA17->3cf1264f-5f6b-4138-aeee-2ff7d4522ead@group-561E16522154, cid=3296, SUCCESS, logIndex=4993, commits[3cf1264f-5f6b-4138-aeee-2ff7d4522ead:c4994, 4f0d1a15-8f14-4d9a-ad4f-8211e1245b5d:c4992, 6999f20e-c3f7-4db4-87ca-141c476f2a88:c4992]
2019-08-22 07:03:49,950 [grpc-default-executor-5] INFO  client.GrpcClientProtocolClient (GrpcClientProtocolClient.java:onNext(255)) - client-CF63D631FA17->3cf1264f-5f6b-4138-aeee-2ff7d4522ead: receive RaftClientReply:client-CF63D631FA17->3cf1264f-5f6b-4138-aeee-2ff7d4522ead@group-561E16522154, cid=3297, SUCCESS, logIndex=4994, commits[3cf1264f-5f6b-4138-aeee-2ff7d4522ead:c4994, 4f0d1a15-8f14-4d9a-ad4f-8211e1245b5d:c4992, 6999f20e-c3f7-4db4-87ca-141c476f2a88:c4992]
2019-08-22 07:03:49,957 | INFO  | DNAudit | user=null | ip=null | op=WRITE_CHUNK {blockData=conID: 3 locID: 102659354117014178 bcsId: 4994} | ret=SUCCESS |  
2019-08-22 07:03:49,959 | INFO  | DNAudit | user=null | ip=null | op=WRITE_CHUNK {blockData=conID: 3 locID: 102659354117014178 bcsId: 4994} | ret=SUCCESS |  
2019-08-22 07:03:49,960 | INFO  | DNAudit | user=null | ip=null | op=WRITE_CHUNK {blockData=conID: 3 locID: 102659354117014178 bcsId: 4994} | ret=SUCCESS |  
2019-08-22 07:03:49,961 | INFO  | DNAudit | user=null | ip=null | op=WRITE_CHUNK {blockData=conID: 3 locID: 102659354117014178 bcsId: 4988} | ret=SUCCESS |  
2019-08-22 07:03:49,961 | INFO  | DNAudit | user=null | ip=null | op=WRITE_CHUNK {blockData=conID: 3 locID: 102659354117014178 bcsId: 4988} | ret=SUCCESS |  
2019-08-22 07:03:49,964 | INFO  | DNAudit | user=null | ip=null | op=PUT_BLOCK {blockData=[blockId=conID: 3 locID: 102659354117014178 bcsId: 0,size=3145728]} | ret=SUCCESS |  
2019-08-22 07:03:49,964 | INFO  | DNAudit | user=null | ip=null | op=PUT_BLOCK {blockData=[blockId=conID: 3 locID: 102659354117014178 bcsId: 0,size=3145728]} | ret=SUCCESS |  
2019-08-22 07:03:49,964 | INFO  | DNAudit | user=null | ip=null | op=WRITE_CHUNK {blockData=conID: 3 locID: 102659354117014178 bcsId: 4994} | ret=SUCCESS |  
2019-08-22 07:03:49,965 | INFO  | DNAudit | user=null | ip=null | op=PUT_BLOCK {blockData=[blockId=conID: 3 locID: 102659354117014178 bcsId: 0,size=4194304]} | ret=SUCCESS |  
2019-08-22 07:03:49,965 [grpc-default-executor-5] INFO  client.GrpcClientProtocolClient (GrpcClientProtocolClient.java:onNext(255)) - client-CF63D631FA17->3cf1264f-5f6b-4138-aeee-2ff7d4522ead: receive RaftClientReply:client-CF63D631FA17->3cf1264f-5f6b-4138-aeee-2ff7d4522ead@group-561E16522154, cid=3298, SUCCESS, logIndex=4997, commits[3cf1264f-5f6b-4138-aeee-2ff7d4522ead:c4997, 4f0d1a15-8f14-4d9a-ad4f-8211e1245b5d:c4994, 6999f20e-c3f7-4db4-87ca-141c476f2a88:c4994]
2019-08-22 07:03:49,965 [grpc-default-executor-5] INFO  client.GrpcClientProtocolClient (GrpcClientProtocolClient.java:onNext(255)) - client-CF63D631FA17->3cf1264f-5f6b-4138-aeee-2ff7d4522ead: receive RaftClientReply:client-CF63D631FA17->3cf1264f-5f6b-4138-aeee-2ff7d4522ead@group-561E16522154, cid=3299, SUCCESS, logIndex=4998, commits[3cf1264f-5f6b-4138-aeee-2ff7d4522ead:c4998, 4f0d1a15-8f14-4d9a-ad4f-8211e1245b5d:c4994, 6999f20e-c3f7-4db4-87ca-141c476f2a88:c4994]
2019-08-22 07:03:49,973 | INFO  | SCMAudit | user=jenkins1000 | ip=192.168.34.31 | op=SEND_HEARTBEAT {datanodeUUID=6ab6b5dd-7582-43bd-ad39-1af51ca14a47, command=[]} | ret=SUCCESS |  
2019-08-22 07:03:49,973 | INFO  | SCMAudit | user=jenkins1000 | ip=192.168.34.31 | op=SEND_HEARTBEAT {datanodeUUID=f789f48f-f3d7-45ec-9bba-6a89e2bdcc9c, command=[]} | ret=SUCCESS |  
2019-08-22 07:03:49,973 | INFO  | SCMAudit | user=jenkins1000 | ip=192.168.34.31 | op=SEND_HEARTBEAT {datanodeUUID=6999f20e-c3f7-4db4-87ca-141c476f2a88, command=[]} | ret=SUCCESS |  
 0.00% |█                                                                                                    |  0/1 Time: 0:00:322019-08-22 07:03:49,974 | INFO  | SCMAudit | user=jenkins1000 | ip=192.168.34.31 | op=SEND_HEARTBEAT {datanodeUUID=3cf1264f-5f6b-4138-aeee-2ff7d4522ead, command=[]} | ret=SUCCESS |  
2019-08-22 07:03:49,976 | INFO  | DNAudit | user=null | ip=null | op=WRITE_CHUNK {blockData=conID: 3 locID: 102659354117014178 bcsId: 4994} | ret=SUCCESS |  
2019-08-22 07:03:49,976 | INFO  | DNAudit | user=null | ip=null | op=WRITE_CHUNK {blockData=conID: 3 locID: 102659354117014178 bcsId: 4994} | ret=SUCCESS |  
2019-08-22 07:03:49,979 | INFO  | DNAudit | user=null | ip=null | op=PUT_BLOCK {blockData=[blockId=conID: 3 locID: 102659354117014178 bcsId: 0,size=4194304]} | ret=SUCCESS |  
2019-08-22 07:03:49,979 | INFO  | DNAudit | user=null | ip=null | op=PUT_BLOCK {blockData=[blockId=conID: 3 locID: 102659354117014178 bcsId: 0,size=4194304]} | ret=SUCCESS |  
2019-08-22 07:03:49,979 [grpc-default-executor-5] INFO  client.GrpcClientProtocolClient (GrpcClientProtocolClient.java:onNext(255)) - client-CF63D631FA17->3cf1264f-5f6b-4138-aeee-2ff7d4522ead: receive RaftClientReply:client-CF63D631FA17->3cf1264f-5f6b-4138-aeee-2ff7d4522ead@group-561E16522154, cid=3300, SUCCESS, logIndex=0, commits[3cf1264f-5f6b-4138-aeee-2ff7d4522ead:c5000, 4f0d1a15-8f14-4d9a-ad4f-8211e1245b5d:c4998, 6999f20e-c3f7-4db4-87ca-141c476f2a88:c4998]
2019-08-22 07:03:49,985 | INFO  | SCMAudit | user=jenkins1000 | ip=192.168.34.31 | op=ALLOCATE_BLOCK {owner=04b6d46a-98e2-41b1-9f38-1870289993ea, size=4194304, type=RATIS, factor=THREE} | ret=SUCCESS |  
2019-08-22 07:03:49,989 | INFO  | OMAudit | user=jenkins1000 | ip=127.0.0.1 | op=ALLOCATE_BLOCK {volume=vol-0-14906, bucket=bucket-0-53153, key=key-0-33222, dataSize=0, replicationType=null, replicationFactor=null, keyLocationInfo=null, clientID=102659352017764754} | ret=SUCCESS |  
2019-08-22 07:03:49,995 | INFO  | DNAudit | user=null | ip=null | op=WRITE_CHUNK {blockData=conID: 1 locID: 102659354131497635 bcsId: 0} | ret=SUCCESS |  
2019-08-22 07:03:49,997 | INFO  | DNAudit | user=null | ip=null | op=WRITE_CHUNK {blockData=conID: 1 locID: 102659354131497635 bcsId: 0} | ret=SUCCESS |  
2019-08-22 07:03:49,998 | INFO  | DNAudit | user=null | ip=null | op=WRITE_CHUNK {blockData=conID: 1 locID: 102659354131497635 bcsId: 0} | ret=SUCCESS |  
2019-08-22 07:03:49,999 | INFO  | DNAudit | user=null | ip=null | op=WRITE_CHUNK {blockData=conID: 1 locID: 102659354131497635 bcsId: 0} | ret=SUCCESS |  
2019-08-22 07:03:50,001 | INFO  | DNAudit | user=null | ip=null | op=WRITE_CHUNK {blockData=conID: 1 locID: 102659354131497635 bcsId: 0} | ret=SUCCESS |  
2019-08-22 07:03:50,001 | INFO  | DNAudit | user=null | ip=null | op=WRITE_CHUNK {blockData=conID: 1 locID: 102659354131497635 bcsId: 0} | ret=SUCCESS |  
2019-08-22 07:03:50,010 | INFO  | DNAudit | user=null | ip=null | op=WRITE_CHUNK {blockData=conID: 1 locID: 102659354131497635 bcsId: 0} | ret=SUCCESS |  
2019-08-22 07:03:50,011 | INFO  | DNAudit | user=null | ip=null | op=PUT_BLOCK {blockData=[blockId=conID: 1 locID: 102659354131497635 bcsId: 0,size=1048576]} | ret=SUCCESS |  
2019-08-22 07:03:50,011 [grpc-default-executor-0] INFO  client.GrpcClientProtocolClient (GrpcClientProtocolClient.java:onNext(255)) - client-CF63D631FA17->3cf1264f-5f6b-4138-aeee-2ff7d4522ead: receive RaftClientReply:client-CF63D631FA17->3cf1264f-5f6b-4138-aeee-2ff7d4522ead@group-561E16522154, cid=3301, SUCCESS, logIndex=5001, commits[3cf1264f-5f6b-4138-aeee-2ff7d4522ead:c5002, 4f0d1a15-8f14-4d9a-ad4f-8211e1245b5d:c5000, 6999f20e-c3f7-4db4-87ca-141c476f2a88:c5000]
2019-08-22 07:03:50,011 [grpc-default-executor-0] INFO  client.GrpcClientProtocolClient (GrpcClientProtocolClient.java:onNext(255)) - client-CF63D631FA17->3cf1264f-5f6b-4138-aeee-2ff7d4522ead: receive RaftClientReply:client-CF63D631FA17->3cf1264f-5f6b-4138-aeee-2ff7d4522ead@group-561E16522154, cid=3302, SUCCESS, logIndex=5002, commits[3cf1264f-5f6b-4138-aeee-2ff7d4522ead:c5002, 4f0d1a15-8f14-4d9a-ad4f-8211e1245b5d:c5000, 6999f20e-c3f7-4db4-87ca-141c476f2a88:c5000]
2019-08-22 07:03:50,021 | INFO  | DNAudit | user=null | ip=null | op=WRITE_CHUNK {blockData=conID: 1 locID: 102659354131497635 bcsId: 0} | ret=SUCCESS |  
2019-08-22 07:03:50,022 | INFO  | DNAudit | user=null | ip=null | op=PUT_BLOCK {blockData=[blockId=conID: 1 locID: 102659354131497635 bcsId: 0,size=2097152]} | ret=SUCCESS |  
2019-08-22 07:03:50,022 [grpc-default-executor-0] INFO  client.GrpcClientProtocolClient (GrpcClientProtocolClient.java:onNext(255)) - client-CF63D631FA17->3cf1264f-5f6b-4138-aeee-2ff7d4522ead: receive RaftClientReply:client-CF63D631FA17->3cf1264f-5f6b-4138-aeee-2ff7d4522ead@group-561E16522154, cid=3303, SUCCESS, logIndex=5003, commits[3cf1264f-5f6b-4138-aeee-2ff7d4522ead:c5004, 4f0d1a15-8f14-4d9a-ad4f-8211e1245b5d:c5000, 6999f20e-c3f7-4db4-87ca-141c476f2a88:c5000]
2019-08-22 07:03:50,022 | INFO  | DNAudit | user=null | ip=null | op=WRITE_CHUNK {blockData=conID: 1 locID: 102659354131497635 bcsId: 0} | ret=SUCCESS |  
2019-08-22 07:03:50,022 [grpc-default-executor-0] INFO  client.GrpcClientProtocolClient (GrpcClientProtocolClient.java:onNext(255)) - client-CF63D631FA17->3cf1264f-5f6b-4138-aeee-2ff7d4522ead: receive RaftClientReply:client-CF63D631FA17->3cf1264f-5f6b-4138-aeee-2ff7d4522ead@group-561E16522154, cid=3304, SUCCESS, logIndex=5004, commits[3cf1264f-5f6b-4138-aeee-2ff7d4522ead:c5004, 4f0d1a15-8f14-4d9a-ad4f-8211e1245b5d:c5000, 6999f20e-c3f7-4db4-87ca-141c476f2a88:c5000]
2019-08-22 07:03:50,023 | INFO  | DNAudit | user=null | ip=null | op=PUT_BLOCK {blockData=[blockId=conID: 1 locID: 102659354131497635 bcsId: 0,size=1048576]} | ret=SUCCESS |  
2019-08-22 07:03:50,024 | INFO  | DNAudit | user=null | ip=null | op=WRITE_CHUNK {blockData=conID: 1 locID: 102659354131497635 bcsId: 0} | ret=SUCCESS |  
2019-08-22 07:03:50,025 | INFO  | DNAudit | user=null | ip=null | op=PUT_BLOCK {blockData=[blockId=conID: 1 locID: 102659354131497635 bcsId: 0,size=1048576]} | ret=SUCCESS |  
2019-08-22 07:03:50,025 [grpc-default-executor-0] INFO  client.GrpcClientProtocolClient (GrpcClientProtocolClient.java:onNext(255)) - client-CF63D631FA17->3cf1264f-5f6b-4138-aeee-2ff7d4522ead: receive RaftClientReply:client-CF63D631FA17->3cf1264f-5f6b-4138-aeee-2ff7d4522ead@group-561E16522154, cid=3305, SUCCESS, logIndex=0, commits[3cf1264f-5f6b-4138-aeee-2ff7d4522ead:c5006, 4f0d1a15-8f14-4d9a-ad4f-8211e1245b5d:c5002, 6999f20e-c3f7-4db4-87ca-141c476f2a88:c5002]
2019-08-22 07:03:50,032 | INFO  | DNAudit | user=null | ip=null | op=WRITE_CHUNK {blockData=conID: 1 locID: 102659354131497635 bcsId: 5004} | ret=SUCCESS |  
2019-08-22 07:03:50,035 | INFO  | DNAudit | user=null | ip=null | op=WRITE_CHUNK {blockData=conID: 1 locID: 102659354131497635 bcsId: 5004} | ret=SUCCESS |  
2019-08-22 07:03:50,035 | INFO  | DNAudit | user=null | ip=null | op=WRITE_CHUNK {blockData=conID: 1 locID: 102659354131497635 bcsId: 5004} | ret=SUCCESS |  
2019-08-22 07:03:50,035 | INFO  | DNAudit | user=null | ip=null | op=WRITE_CHUNK {blockData=conID: 1 locID: 102659354131497635 bcsId: 0} | ret=SUCCESS |  
2019-08-22 07:03:50,036 | INFO  | DNAudit | user=null | ip=null | op=PUT_BLOCK {blockData=[blockId=conID: 1 locID: 102659354131497635 bcsId: 0,size=2097152]} | ret=SUCCESS |  
2019-08-22 07:03:50,036 | INFO  | DNAudit | user=null | ip=null | op=WRITE_CHUNK {blockData=conID: 1 locID: 102659354131497635 bcsId: 0} | ret=SUCCESS |  
2019-08-22 07:03:50,036 | INFO  | DNAudit | user=null | ip=null | op=PUT_BLOCK {blockData=[blockId=conID: 1 locID: 102659354131497635 bcsId: 0,size=2097152]} | ret=SUCCESS |  
2019-08-22 07:03:50,037 | INFO  | DNAudit | user=null | ip=null | op=WRITE_CHUNK {blockData=conID: 1 locID: 102659354131497635 bcsId: 5004} | ret=SUCCESS |  
2019-08-22 07:03:50,037 | INFO  | DNAudit | user=null | ip=null | op=PUT_BLOCK {blockData=[blockId=conID: 1 locID: 102659354131497635 bcsId: 0,size=3145728]} | ret=SUCCESS |  
2019-08-22 07:03:50,037 [grpc-default-executor-3] INFO  client.GrpcClientProtocolClient (GrpcClientProtocolClient.java:onNext(255)) - client-CF63D631FA17->3cf1264f-5f6b-4138-aeee-2ff7d4522ead: receive RaftClientReply:client-CF63D631FA17->3cf1264f-5f6b-4138-aeee-2ff7d4522ead@group-561E16522154, cid=3306, SUCCESS, logIndex=5009, commits[3cf1264f-5f6b-4138-aeee-2ff7d4522ead:c5010, 4f0d1a15-8f14-4d9a-ad4f-8211e1245b5d:c5006, 6999f20e-c3f7-4db4-87ca-141c476f2a88:c5004]
2019-08-22 07:03:50,038 [grpc-default-executor-3] INFO  client.GrpcClientProtocolClient (GrpcClientProtocolClient.java:onNext(255)) - client-CF63D631FA17->3cf1264f-5f6b-4138-aeee-2ff7d4522ead: receive RaftClientReply:client-CF63D631FA17->3cf1264f-5f6b-4138-aeee-2ff7d4522ead@group-561E16522154, cid=3307, SUCCESS, logIndex=5010, commits[3cf1264f-5f6b-4138-aeee-2ff7d4522ead:c5010, 4f0d1a15-8f14-4d9a-ad4f-8211e1245b5d:c5006, 6999f20e-c3f7-4db4-87ca-141c476f2a88:c5006]
2019-08-22 07:03:50,038 | INFO  | DNAudit | user=null | ip=null | op=WRITE_CHUNK {blockData=conID: 1 locID: 102659354131497635 bcsId: 5004} | ret=SUCCESS |  
2019-08-22 07:03:50,038 | INFO  | DNAudit | user=null | ip=null | op=PUT_BLOCK {blockData=[blockId=conID: 1 locID: 102659354131497635 bcsId: 0,size=3145728]} | ret=SUCCESS |  
2019-08-22 07:03:50,038 | INFO  | DNAudit | user=null | ip=null | op=WRITE_CHUNK {blockData=conID: 1 locID: 102659354131497635 bcsId: 5004} | ret=SUCCESS |  
2019-08-22 07:03:50,039 | INFO  | DNAudit | user=null | ip=null | op=PUT_BLOCK {blockData=[blockId=conID: 1 locID: 102659354131497635 bcsId: 0,size=3145728]} | ret=SUCCESS |  
2019-08-22 07:03:50,045 | INFO  | DNAudit | user=null | ip=null | op=WRITE_CHUNK {blockData=conID: 1 locID: 102659354131497635 bcsId: 5010} | ret=SUCCESS |  
2019-08-22 07:03:50,049 | INFO  | DNAudit | user=null | ip=null | op=WRITE_CHUNK {blockData=conID: 1 locID: 102659354131497635 bcsId: 5010} | ret=SUCCESS |  
2019-08-22 07:03:50,049 | INFO  | DNAudit | user=null | ip=null | op=WRITE_CHUNK {blockData=conID: 1 locID: 102659354131497635 bcsId: 5010} | ret=SUCCESS |  
2019-08-22 07:03:50,057 | INFO  | DNAudit | user=null | ip=null | op=WRITE_CHUNK {blockData=conID: 1 locID: 102659354131497635 bcsId: 5010} | ret=SUCCESS |  
2019-08-22 07:03:50,058 | INFO  | DNAudit | user=null | ip=null | op=PUT_BLOCK {blockData=[blockId=conID: 1 locID: 102659354131497635 bcsId: 0,size=4194304]} | ret=SUCCESS |  
2019-08-22 07:03:50,058 [grpc-default-executor-0] INFO  client.GrpcClientProtocolClient (GrpcClientProtocolClient.java:onNext(255)) - client-CF63D631FA17->3cf1264f-5f6b-4138-aeee-2ff7d4522ead: receive RaftClientReply:client-CF63D631FA17->3cf1264f-5f6b-4138-aeee-2ff7d4522ead@group-561E16522154, cid=3308, SUCCESS, logIndex=5013, commits[3cf1264f-5f6b-4138-aeee-2ff7d4522ead:c5013, 4f0d1a15-8f14-4d9a-ad4f-8211e1245b5d:c5012, 6999f20e-c3f7-4db4-87ca-141c476f2a88:c5012]
2019-08-22 07:03:50,058 [grpc-default-executor-0] INFO  client.GrpcClientProtocolClient (GrpcClientProtocolClient.java:onNext(255)) - client-CF63D631FA17->3cf1264f-5f6b-4138-aeee-2ff7d4522ead: receive RaftClientReply:client-CF63D631FA17->3cf1264f-5f6b-4138-aeee-2ff7d4522ead@group-561E16522154, cid=3309, SUCCESS, logIndex=5014, commits[3cf1264f-5f6b-4138-aeee-2ff7d4522ead:c5014, 4f0d1a15-8f14-4d9a-ad4f-8211e1245b5d:c5012, 6999f20e-c3f7-4db4-87ca-141c476f2a88:c5012]
2019-08-22 07:03:50,069 | INFO  | DNAudit | user=null | ip=null | op=WRITE_CHUNK {blockData=conID: 1 locID: 102659354131497635 bcsId: 5010} | ret=SUCCESS |  
2019-08-22 07:03:50,069 | INFO  | DNAudit | user=null | ip=null | op=WRITE_CHUNK {blockData=conID: 1 locID: 102659354131497635 bcsId: 5010} | ret=SUCCESS |  
2019-08-22 07:03:50,070 | INFO  | DNAudit | user=null | ip=null | op=PUT_BLOCK {blockData=[blockId=conID: 1 locID: 102659354131497635 bcsId: 0,size=4194304]} | ret=SUCCESS |  
2019-08-22 07:03:50,070 | INFO  | DNAudit | user=null | ip=null | op=PUT_BLOCK {blockData=[blockId=conID: 1 locID: 102659354131497635 bcsId: 0,size=4194304]} | ret=SUCCESS |  
2019-08-22 07:03:50,071 [grpc-default-executor-3] INFO  client.GrpcClientProtocolClient (GrpcClientProtocolClient.java:onNext(255)) - client-CF63D631FA17->3cf1264f-5f6b-4138-aeee-2ff7d4522ead: receive RaftClientReply:client-CF63D631FA17->3cf1264f-5f6b-4138-aeee-2ff7d4522ead@group-561E16522154, cid=3310, SUCCESS, logIndex=0, commits[3cf1264f-5f6b-4138-aeee-2ff7d4522ead:c5016, 4f0d1a15-8f14-4d9a-ad4f-8211e1245b5d:c5014, 6999f20e-c3f7-4db4-87ca-141c476f2a88:c5014]
2019-08-22 07:03:50,078 | INFO  | SCMAudit | user=jenkins1000 | ip=192.168.34.31 | op=ALLOCATE_BLOCK {owner=04b6d46a-98e2-41b1-9f38-1870289993ea, size=4194304, type=RATIS, factor=THREE} | ret=SUCCESS |  
2019-08-22 07:03:50,082 | INFO  | OMAudit | user=jenkins1000 | ip=127.0.0.1 | op=ALLOCATE_BLOCK {volume=vol-0-14906, bucket=bucket-0-53153, key=key-0-33222, dataSize=0, replicationType=null, replicationFactor=null, keyLocationInfo=null, clientID=102659352017764754} | ret=SUCCESS |  
2019-08-22 07:03:50,090 | INFO  | DNAudit | user=null | ip=null | op=WRITE_CHUNK {blockData=conID: 2 locID: 102659354137592484 bcsId: 0} | ret=SUCCESS |  
2019-08-22 07:03:50,093 | INFO  | DNAudit | user=null | ip=null | op=WRITE_CHUNK {blockData=conID: 2 locID: 102659354137592484 bcsId: 0} | ret=SUCCESS |  
2019-08-22 07:03:50,094 | INFO  | DNAudit | user=null | ip=null | op=WRITE_CHUNK {blockData=conID: 2 locID: 102659354137592484 bcsId: 0} | ret=SUCCESS |  
2019-08-22 07:03:50,094 | INFO  | DNAudit | user=null | ip=null | op=WRITE_CHUNK {blockData=conID: 2 locID: 102659354137592484 bcsId: 0} | ret=SUCCESS |  
2019-08-22 07:03:50,096 | INFO  | DNAudit | user=null | ip=null | op=WRITE_CHUNK {blockData=conID: 2 locID: 102659354137592484 bcsId: 0} | ret=SUCCESS |  
2019-08-22 07:03:50,097 | INFO  | DNAudit | user=null | ip=null | op=WRITE_CHUNK {blockData=conID: 2 locID: 102659354137592484 bcsId: 0} | ret=SUCCESS |  
2019-08-22 07:03:50,102 | INFO  | DNAudit | user=null | ip=null | op=WRITE_CHUNK {blockData=conID: 2 locID: 102659354137592484 bcsId: 0} | ret=SUCCESS |  
2019-08-22 07:03:50,103 [grpc-default-executor-5] INFO  client.GrpcClientProtocolClient (GrpcClientProtocolClient.java:onNext(255)) - client-CF63D631FA17->3cf1264f-5f6b-4138-aeee-2ff7d4522ead: receive RaftClientReply:client-CF63D631FA17->3cf1264f-5f6b-4138-aeee-2ff7d4522ead@group-561E16522154, cid=3311, SUCCESS, logIndex=5017, commits[3cf1264f-5f6b-4138-aeee-2ff7d4522ead:c5018, 4f0d1a15-8f14-4d9a-ad4f-8211e1245b5d:c5016, 6999f20e-c3f7-4db4-87ca-141c476f2a88:c5016]
2019-08-22 07:03:50,105 | INFO  | DNAudit | user=null | ip=null | op=PUT_BLOCK {blockData=[blockId=conID: 2 locID: 102659354137592484 bcsId: 0,size=1048576]} | ret=SUCCESS |  
2019-08-22 07:03:50,106 [grpc-default-executor-5] INFO  client.GrpcClientProtocolClient (GrpcClientProtocolClient.java:onNext(255)) - client-CF63D631FA17->3cf1264f-5f6b-4138-aeee-2ff7d4522ead: receive RaftClientReply:client-CF63D631FA17->3cf1264f-5f6b-4138-aeee-2ff7d4522ead@group-561E16522154, cid=3312, SUCCESS, logIndex=5018, commits[3cf1264f-5f6b-4138-aeee-2ff7d4522ead:c5018, 4f0d1a15-8f14-4d9a-ad4f-8211e1245b5d:c5016, 6999f20e-c3f7-4db4-87ca-141c476f2a88:c5016]
2019-08-22 07:03:50,107 | INFO  | DNAudit | user=null | ip=null | op=WRITE_CHUNK {blockData=conID: 2 locID: 102659354137592484 bcsId: 0} | ret=SUCCESS |  
2019-08-22 07:03:50,107 | INFO  | DNAudit | user=null | ip=null | op=PUT_BLOCK {blockData=[blockId=conID: 2 locID: 102659354137592484 bcsId: 0,size=2097152]} | ret=SUCCESS |  
2019-08-22 07:03:50,107 [grpc-default-executor-5] INFO  client.GrpcClientProtocolClient (GrpcClientProtocolClient.java:onNext(255)) - client-CF63D631FA17->3cf1264f-5f6b-4138-aeee-2ff7d4522ead: receive RaftClientReply:client-CF63D631FA17->3cf1264f-5f6b-4138-aeee-2ff7d4522ead@group-561E16522154, cid=3313, SUCCESS, logIndex=5019, commits[3cf1264f-5f6b-4138-aeee-2ff7d4522ead:c5020, 4f0d1a15-8f14-4d9a-ad4f-8211e1245b5d:c5016, 6999f20e-c3f7-4db4-87ca-141c476f2a88:c5016]
2019-08-22 07:03:50,108 | INFO  | DNAudit | user=null | ip=null | op=WRITE_CHUNK {blockData=conID: 2 locID: 102659354137592484 bcsId: 0} | ret=SUCCESS |  
2019-08-22 07:03:50,108 | INFO  | DNAudit | user=null | ip=null | op=PUT_BLOCK {blockData=[blockId=conID: 2 locID: 102659354137592484 bcsId: 0,size=1048576]} | ret=SUCCESS |  
2019-08-22 07:03:50,108 [grpc-default-executor-5] INFO  client.GrpcClientProtocolClient (GrpcClientProtocolClient.java:onNext(255)) - client-CF63D631FA17->3cf1264f-5f6b-4138-aeee-2ff7d4522ead: receive RaftClientReply:client-CF63D631FA17->3cf1264f-5f6b-4138-aeee-2ff7d4522ead@group-561E16522154, cid=3314, SUCCESS, logIndex=5020, commits[3cf1264f-5f6b-4138-aeee-2ff7d4522ead:c5020, 4f0d1a15-8f14-4d9a-ad4f-8211e1245b5d:c5016, 6999f20e-c3f7-4db4-87ca-141c476f2a88:c5016]
2019-08-22 07:03:50,108 | INFO  | DNAudit | user=null | ip=null | op=WRITE_CHUNK {blockData=conID: 2 locID: 102659354137592484 bcsId: 0} | ret=SUCCESS |  
2019-08-22 07:03:50,109 | INFO  | DNAudit | user=null | ip=null | op=PUT_BLOCK {blockData=[blockId=conID: 2 locID: 102659354137592484 bcsId: 0,size=1048576]} | ret=SUCCESS |  
2019-08-22 07:03:50,109 | INFO  | DNAudit | user=null | ip=null | op=WRITE_CHUNK {blockData=conID: 2 locID: 102659354137592484 bcsId: 0} | ret=SUCCESS |  
2019-08-22 07:03:50,109 | INFO  | DNAudit | user=null | ip=null | op=PUT_BLOCK {blockData=[blockId=conID: 2 locID: 102659354137592484 bcsId: 0,size=2097152]} | ret=SUCCESS |  
2019-08-22 07:03:50,109 [grpc-default-executor-3] INFO  client.GrpcClientProtocolClient (GrpcClientProtocolClient.java:onNext(255)) - client-CF63D631FA17->3cf1264f-5f6b-4138-aeee-2ff7d4522ead: receive RaftClientReply:client-CF63D631FA17->3cf1264f-5f6b-4138-aeee-2ff7d4522ead@group-561E16522154, cid=3315, SUCCESS, logIndex=0, commits[3cf1264f-5f6b-4138-aeee-2ff7d4522ead:c5022, 4f0d1a15-8f14-4d9a-ad4f-8211e1245b5d:c5018, 6999f20e-c3f7-4db4-87ca-141c476f2a88:c5018]
2019-08-22 07:03:50,110 | INFO  | DNAudit | user=null | ip=null | op=WRITE_CHUNK {blockData=conID: 2 locID: 102659354137592484 bcsId: 0} | ret=SUCCESS |  
2019-08-22 07:03:50,110 | INFO  | DNAudit | user=null | ip=null | op=PUT_BLOCK {blockData=[blockId=conID: 2 locID: 102659354137592484 bcsId: 0,size=2097152]} | ret=SUCCESS |  
2019-08-22 07:03:50,117 | INFO  | DNAudit | user=null | ip=null | op=WRITE_CHUNK {blockData=conID: 2 locID: 102659354137592484 bcsId: 5020} | ret=SUCCESS |  
2019-08-22 07:03:50,120 | INFO  | DNAudit | user=null | ip=null | op=WRITE_CHUNK {blockData=conID: 2 locID: 102659354137592484 bcsId: 5020} | ret=SUCCESS |  
2019-08-22 07:03:50,121 | INFO  | DNAudit | user=null | ip=null | op=WRITE_CHUNK {blockData=conID: 2 locID: 102659354137592484 bcsId: 5020} | ret=SUCCESS |  
2019-08-22 07:03:50,123 | INFO  | DNAudit | user=null | ip=null | op=WRITE_CHUNK {blockData=conID: 2 locID: 102659354137592484 bcsId: 5020} | ret=SUCCESS |  
2019-08-22 07:03:50,124 | INFO  | DNAudit | user=null | ip=null | op=PUT_BLOCK {blockData=[blockId=conID: 2 locID: 102659354137592484 bcsId: 0,size=3145728]} | ret=SUCCESS |  
2019-08-22 07:03:50,124 [grpc-default-executor-0] INFO  client.GrpcClientProtocolClient (GrpcClientProtocolClient.java:onNext(255)) - client-CF63D631FA17->3cf1264f-5f6b-4138-aeee-2ff7d4522ead: receive RaftClientReply:client-CF63D631FA17->3cf1264f-5f6b-4138-aeee-2ff7d4522ead@group-561E16522154, cid=3316, SUCCESS, logIndex=5025, commits[3cf1264f-5f6b-4138-aeee-2ff7d4522ead:c5026, 4f0d1a15-8f14-4d9a-ad4f-8211e1245b5d:c5020, 6999f20e-c3f7-4db4-87ca-141c476f2a88:c5024]
2019-08-22 07:03:50,124 [grpc-default-executor-0] INFO  client.GrpcClientProtocolClient (GrpcClientProtocolClient.java:onNext(255)) - client-CF63D631FA17->3cf1264f-5f6b-4138-aeee-2ff7d4522ead: receive RaftClientReply:client-CF63D631FA17->3cf1264f-5f6b-4138-aeee-2ff7d4522ead@group-561E16522154, cid=3317, SUCCESS, logIndex=5026, commits[3cf1264f-5f6b-4138-aeee-2ff7d4522ead:c5026, 4f0d1a15-8f14-4d9a-ad4f-8211e1245b5d:c5024, 6999f20e-c3f7-4db4-87ca-141c476f2a88:c5024]
2019-08-22 07:03:50,125 | INFO  | DNAudit | user=null | ip=null | op=WRITE_CHUNK {blockData=conID: 2 locID: 102659354137592484 bcsId: 5020} | ret=SUCCESS |  
2019-08-22 07:03:50,126 | INFO  | DNAudit | user=null | ip=null | op=PUT_BLOCK {blockData=[blockId=conID: 2 locID: 102659354137592484 bcsId: 0,size=3145728]} | ret=SUCCESS |  
2019-08-22 07:03:50,126 | INFO  | DNAudit | user=null | ip=null | op=WRITE_CHUNK {blockData=conID: 2 locID: 102659354137592484 bcsId: 5020} | ret=SUCCESS |  
2019-08-22 07:03:50,126 | INFO  | DNAudit | user=null | ip=null | op=PUT_BLOCK {blockData=[blockId=conID: 2 locID: 102659354137592484 bcsId: 0,size=3145728]} | ret=SUCCESS |  
2019-08-22 07:03:50,132 | INFO  | DNAudit | user=null | ip=null | op=WRITE_CHUNK {blockData=conID: 2 locID: 102659354137592484 bcsId: 5026} | ret=SUCCESS |  
2019-08-22 07:03:50,135 | INFO  | DNAudit | user=null | ip=null | op=WRITE_CHUNK {blockData=conID: 2 locID: 102659354137592484 bcsId: 5026} | ret=SUCCESS |  
2019-08-22 07:03:50,135 | INFO  | DNAudit | user=null | ip=null | op=WRITE_CHUNK {blockData=conID: 2 locID: 102659354137592484 bcsId: 5026} | ret=SUCCESS |  
2019-08-22 07:03:50,137 | INFO  | SCMAudit | user=jenkins1000 | ip=192.168.34.31 | op=SEND_HEARTBEAT {datanodeUUID=4f0d1a15-8f14-4d9a-ad4f-8211e1245b5d, command=[]} | ret=SUCCESS |  
2019-08-22 07:03:50,146 | INFO  | DNAudit | user=null | ip=null | op=WRITE_CHUNK {blockData=conID: 2 locID: 102659354137592484 bcsId: 5026} | ret=SUCCESS |  
2019-08-22 07:03:50,146 | INFO  | DNAudit | user=null | ip=null | op=PUT_BLOCK {blockData=[blockId=conID: 2 locID: 102659354137592484 bcsId: 0,size=4194304]} | ret=SUCCESS |  
2019-08-22 07:03:50,147 [grpc-default-executor-0] INFO  client.GrpcClientProtocolClient (GrpcClientProtocolClient.java:onNext(255)) - client-CF63D631FA17->3cf1264f-5f6b-4138-aeee-2ff7d4522ead: receive RaftClientReply:client-CF63D631FA17->3cf1264f-5f6b-4138-aeee-2ff7d4522ead@group-561E16522154, cid=3318, SUCCESS, logIndex=5029, commits[3cf1264f-5f6b-4138-aeee-2ff7d4522ead:c5030, 4f0d1a15-8f14-4d9a-ad4f-8211e1245b5d:c5028, 6999f20e-c3f7-4db4-87ca-141c476f2a88:c5028]
2019-08-22 07:03:50,147 [grpc-default-executor-0] INFO  client.GrpcClientProtocolClient (GrpcClientProtocolClient.java:onNext(255)) - client-CF63D631FA17->3cf1264f-5f6b-4138-aeee-2ff7d4522ead: receive RaftClientReply:client-CF63D631FA17->3cf1264f-5f6b-4138-aeee-2ff7d4522ead@group-561E16522154, cid=3319, SUCCESS, logIndex=5030, commits[3cf1264f-5f6b-4138-aeee-2ff7d4522ead:c5030, 4f0d1a15-8f14-4d9a-ad4f-8211e1245b5d:c5028, 6999f20e-c3f7-4db4-87ca-141c476f2a88:c5028]
2019-08-22 07:03:50,148 | INFO  | DNAudit | user=null | ip=null | op=WRITE_CHUNK {blockData=conID: 2 locID: 102659354137592484 bcsId: 5026} | ret=SUCCESS |  
2019-08-22 07:03:50,148 | INFO  | DNAudit | user=null | ip=null | op=WRITE_CHUNK {blockData=conID: 2 locID: 102659354137592484 bcsId: 5026} | ret=SUCCESS |  
2019-08-22 07:03:50,151 | INFO  | DNAudit | user=null | ip=null | op=PUT_BLOCK {blockData=[blockId=conID: 2 locID: 102659354137592484 bcsId: 0,size=4194304]} | ret=SUCCESS |  
2019-08-22 07:03:50,151 | INFO  | DNAudit | user=null | ip=null | op=PUT_BLOCK {blockData=[blockId=conID: 2 locID: 102659354137592484 bcsId: 0,size=4194304]} | ret=SUCCESS |  
2019-08-22 07:03:50,152 [grpc-default-executor-3] INFO  client.GrpcClientProtocolClient (GrpcClientProtocolClient.java:onNext(255)) - client-CF63D631FA17->3cf1264f-5f6b-4138-aeee-2ff7d4522ead: receive RaftClientReply:client-CF63D631FA17->3cf1264f-5f6b-4138-aeee-2ff7d4522ead@group-561E16522154, cid=3320, SUCCESS, logIndex=0, commits[3cf1264f-5f6b-4138-aeee-2ff7d4522ead:c5032, 4f0d1a15-8f14-4d9a-ad4f-8211e1245b5d:c5030, 6999f20e-c3f7-4db4-87ca-141c476f2a88:c5030]
2019-08-22 07:03:50,159 | INFO  | SCMAudit | user=jenkins1000 | ip=192.168.34.31 | op=ALLOCATE_BLOCK {owner=04b6d46a-98e2-41b1-9f38-1870289993ea, size=4194304, type=RATIS, factor=THREE} | ret=SUCCESS |  
2019-08-22 07:03:50,164 | INFO  | OMAudit | user=jenkins1000 | ip=127.0.0.1 | op=ALLOCATE_BLOCK {volume=vol-0-14906, bucket=bucket-0-53153, key=key-0-33222, dataSize=0, replicationType=null, replicationFactor=null, keyLocationInfo=null, clientID=102659352017764754} | ret=SUCCESS |  
2019-08-22 07:03:50,172 | INFO  | DNAudit | user=null | ip=null | op=WRITE_CHUNK {blockData=conID: 3 locID: 102659354142900901 bcsId: 0} | ret=SUCCESS |  
2019-08-22 07:03:50,176 | INFO  | DNAudit | user=null | ip=null | op=WRITE_CHUNK {blockData=conID: 3 locID: 102659354142900901 bcsId: 0} | ret=SUCCESS |  
2019-08-22 07:03:50,177 | INFO  | DNAudit | user=null | ip=null | op=WRITE_CHUNK {blockData=conID: 3 locID: 102659354142900901 bcsId: 0} | ret=SUCCESS |  
2019-08-22 07:03:50,178 | INFO  | DNAudit | user=null | ip=null | op=WRITE_CHUNK {blockData=conID: 3 locID: 102659354142900901 bcsId: 0} | ret=SUCCESS |  
2019-08-22 07:03:50,181 | INFO  | DNAudit | user=null | ip=null | op=WRITE_CHUNK {blockData=conID: 3 locID: 102659354142900901 bcsId: 0} | ret=SUCCESS |  
2019-08-22 07:03:50,181 | INFO  | DNAudit | user=null | ip=null | op=WRITE_CHUNK {blockData=conID: 3 locID: 102659354142900901 bcsId: 0} | ret=SUCCESS |  
2019-08-22 07:03:50,186 | INFO  | DNAudit | user=null | ip=null | op=WRITE_CHUNK {blockData=conID: 3 locID: 102659354142900901 bcsId: 0} | ret=SUCCESS |  
2019-08-22 07:03:50,187 | INFO  | DNAudit | user=null | ip=null | op=PUT_BLOCK {blockData=[blockId=conID: 3 locID: 102659354142900901 bcsId: 0,size=1048576]} | ret=SUCCESS |  
2019-08-22 07:03:50,187 [grpc-default-executor-5] INFO  client.GrpcClientProtocolClient (GrpcClientProtocolClient.java:onNext(255)) - client-CF63D631FA17->3cf1264f-5f6b-4138-aeee-2ff7d4522ead: receive RaftClientReply:client-CF63D631FA17->3cf1264f-5f6b-4138-aeee-2ff7d4522ead@group-561E16522154, cid=3321, SUCCESS, logIndex=5033, commits[3cf1264f-5f6b-4138-aeee-2ff7d4522ead:c5034, 4f0d1a15-8f14-4d9a-ad4f-8211e1245b5d:c5032, 6999f20e-c3f7-4db4-87ca-141c476f2a88:c5032]
2019-08-22 07:03:50,188 | INFO  | DNAudit | user=null | ip=null | op=WRITE_CHUNK {blockData=conID: 3 locID: 102659354142900901 bcsId: 0} | ret=SUCCESS |  
2019-08-22 07:03:50,188 | INFO  | DNAudit | user=null | ip=null | op=PUT_BLOCK {blockData=[blockId=conID: 3 locID: 102659354142900901 bcsId: 0,size=2097152]} | ret=SUCCESS |  
2019-08-22 07:03:50,188 [grpc-default-executor-0] INFO  client.GrpcClientProtocolClient (GrpcClientProtocolClient.java:onNext(255)) - client-CF63D631FA17->3cf1264f-5f6b-4138-aeee-2ff7d4522ead: receive RaftClientReply:client-CF63D631FA17->3cf1264f-5f6b-4138-aeee-2ff7d4522ead@group-561E16522154, cid=3322, SUCCESS, logIndex=5034, commits[3cf1264f-5f6b-4138-aeee-2ff7d4522ead:c5034, 4f0d1a15-8f14-4d9a-ad4f-8211e1245b5d:c5032, 6999f20e-c3f7-4db4-87ca-141c476f2a88:c5032]
2019-08-22 07:03:50,189 | INFO  | DNAudit | user=null | ip=null | op=WRITE_CHUNK {blockData=conID: 3 locID: 102659354142900901 bcsId: 0} | ret=SUCCESS |  
2019-08-22 07:03:50,189 | INFO  | DNAudit | user=null | ip=null | op=PUT_BLOCK {blockData=[blockId=conID: 3 locID: 102659354142900901 bcsId: 0,size=1048576]} | ret=SUCCESS |  
2019-08-22 07:03:50,189 [grpc-default-executor-5] INFO  client.GrpcClientProtocolClient (GrpcClientProtocolClient.java:onNext(255)) - client-CF63D631FA17->3cf1264f-5f6b-4138-aeee-2ff7d4522ead: receive RaftClientReply:client-CF63D631FA17->3cf1264f-5f6b-4138-aeee-2ff7d4522ead@group-561E16522154, cid=3323, SUCCESS, logIndex=5035, commits[3cf1264f-5f6b-4138-aeee-2ff7d4522ead:c5036, 4f0d1a15-8f14-4d9a-ad4f-8211e1245b5d:c5032, 6999f20e-c3f7-4db4-87ca-141c476f2a88:c5032]
2019-08-22 07:03:50,189 [grpc-default-executor-5] INFO  client.GrpcClientProtocolClient (GrpcClientProtocolClient.java:onNext(255)) - client-CF63D631FA17->3cf1264f-5f6b-4138-aeee-2ff7d4522ead: receive RaftClientReply:client-CF63D631FA17->3cf1264f-5f6b-4138-aeee-2ff7d4522ead@group-561E16522154, cid=3324, SUCCESS, logIndex=5036, commits[3cf1264f-5f6b-4138-aeee-2ff7d4522ead:c5036, 4f0d1a15-8f14-4d9a-ad4f-8211e1245b5d:c5032, 6999f20e-c3f7-4db4-87ca-141c476f2a88:c5032]
2019-08-22 07:03:50,191 | INFO  | DNAudit | user=null | ip=null | op=WRITE_CHUNK {blockData=conID: 3 locID: 102659354142900901 bcsId: 0} | ret=SUCCESS |  
2019-08-22 07:03:50,191 | INFO  | DNAudit | user=null | ip=null | op=PUT_BLOCK {blockData=[blockId=conID: 3 locID: 102659354142900901 bcsId: 0,size=1048576]} | ret=SUCCESS |  
2019-08-22 07:03:50,191 [grpc-default-executor-5] INFO  client.GrpcClientProtocolClient (GrpcClientProtocolClient.java:onNext(255)) - client-CF63D631FA17->3cf1264f-5f6b-4138-aeee-2ff7d4522ead: receive RaftClientReply:client-CF63D631FA17->3cf1264f-5f6b-4138-aeee-2ff7d4522ead@group-561E16522154, cid=3325, SUCCESS, logIndex=0, commits[3cf1264f-5f6b-4138-aeee-2ff7d4522ead:c5038, 4f0d1a15-8f14-4d9a-ad4f-8211e1245b5d:c5034, 6999f20e-c3f7-4db4-87ca-141c476f2a88:c5034]
2019-08-22 07:03:50,199 | INFO  | DNAudit | user=null | ip=null | op=WRITE_CHUNK {blockData=conID: 3 locID: 102659354142900901 bcsId: 5036} | ret=SUCCESS |  
2019-08-22 07:03:50,202 | INFO  | DNAudit | user=null | ip=null | op=WRITE_CHUNK {blockData=conID: 3 locID: 102659354142900901 bcsId: 0} | ret=SUCCESS |  
2019-08-22 07:03:50,202 | INFO  | DNAudit | user=null | ip=null | op=PUT_BLOCK {blockData=[blockId=conID: 3 locID: 102659354142900901 bcsId: 0,size=2097152]} | ret=SUCCESS |  
2019-08-22 07:03:50,202 | INFO  | DNAudit | user=null | ip=null | op=WRITE_CHUNK {blockData=conID: 3 locID: 102659354142900901 bcsId: 0} | ret=SUCCESS |  
2019-08-22 07:03:50,202 | INFO  | DNAudit | user=null | ip=null | op=PUT_BLOCK {blockData=[blockId=conID: 3 locID: 102659354142900901 bcsId: 0,size=2097152]} | ret=SUCCESS |  
2019-08-22 07:03:50,202 | INFO  | DNAudit | user=null | ip=null | op=WRITE_CHUNK {blockData=conID: 3 locID: 102659354142900901 bcsId: 5036} | ret=SUCCESS |  
2019-08-22 07:03:50,202 | INFO  | DNAudit | user=null | ip=null | op=WRITE_CHUNK {blockData=conID: 3 locID: 102659354142900901 bcsId: 5036} | ret=SUCCESS |  
2019-08-22 07:03:50,215 | INFO  | DNAudit | user=null | ip=null | op=WRITE_CHUNK {blockData=conID: 3 locID: 102659354142900901 bcsId: 5036} | ret=SUCCESS |  
2019-08-22 07:03:50,215 | INFO  | DNAudit | user=null | ip=null | op=PUT_BLOCK {blockData=[blockId=conID: 3 locID: 102659354142900901 bcsId: 0,size=3145728]} | ret=SUCCESS |  
2019-08-22 07:03:50,215 [grpc-default-executor-3] INFO  client.GrpcClientProtocolClient (GrpcClientProtocolClient.java:onNext(255)) - client-CF63D631FA17->3cf1264f-5f6b-4138-aeee-2ff7d4522ead: receive RaftClientReply:client-CF63D631FA17->3cf1264f-5f6b-4138-aeee-2ff7d4522ead@group-561E16522154, cid=3326, SUCCESS, logIndex=5041, commits[3cf1264f-5f6b-4138-aeee-2ff7d4522ead:c5042, 4f0d1a15-8f14-4d9a-ad4f-8211e1245b5d:c5038, 6999f20e-c3f7-4db4-87ca-141c476f2a88:c5038]
2019-08-22 07:03:50,216 [grpc-default-executor-3] INFO  client.GrpcClientProtocolClient (GrpcClientProtocolClient.java:onNext(255)) - client-CF63D631FA17->3cf1264f-5f6b-4138-aeee-2ff7d4522ead: receive RaftClientReply:client-CF63D631FA17->3cf1264f-5f6b-4138-aeee-2ff7d4522ead@group-561E16522154, cid=3327, SUCCESS, logIndex=5042, commits[3cf1264f-5f6b-4138-aeee-2ff7d4522ead:c5042, 4f0d1a15-8f14-4d9a-ad4f-8211e1245b5d:c5038, 6999f20e-c3f7-4db4-87ca-141c476f2a88:c5038]
2019-08-22 07:03:50,216 | INFO  | DNAudit | user=null | ip=null | op=WRITE_CHUNK {blockData=conID: 3 locID: 102659354142900901 bcsId: 5036} | ret=SUCCESS |  
2019-08-22 07:03:50,216 | INFO  | DNAudit | user=null | ip=null | op=WRITE_CHUNK {blockData=conID: 3 locID: 102659354142900901 bcsId: 5036} | ret=SUCCESS |  
2019-08-22 07:03:50,216 | INFO  | DNAudit | user=null | ip=null | op=PUT_BLOCK {blockData=[blockId=conID: 3 locID: 102659354142900901 bcsId: 0,size=3145728]} | ret=SUCCESS |  
2019-08-22 07:03:50,217 | INFO  | DNAudit | user=null | ip=null | op=PUT_BLOCK {blockData=[blockId=conID: 3 locID: 102659354142900901 bcsId: 0,size=3145728]} | ret=SUCCESS |  
2019-08-22 07:03:50,222 | INFO  | DNAudit | user=null | ip=null | op=WRITE_CHUNK {blockData=conID: 3 locID: 102659354142900901 bcsId: 5042} | ret=SUCCESS |  
2019-08-22 07:03:50,226 | INFO  | DNAudit | user=null | ip=null | op=WRITE_CHUNK {blockData=conID: 3 locID: 102659354142900901 bcsId: 5042} | ret=SUCCESS |  
2019-08-22 07:03:50,226 | INFO  | DNAudit | user=null | ip=null | op=WRITE_CHUNK {blockData=conID: 3 locID: 102659354142900901 bcsId: 5042} | ret=SUCCESS |  
2019-08-22 07:03:50,235 | INFO  | DNAudit | user=null | ip=null | op=WRITE_CHUNK {blockData=conID: 3 locID: 102659354142900901 bcsId: 5042} | ret=SUCCESS |  
2019-08-22 07:03:50,235 | INFO  | DNAudit | user=null | ip=null | op=PUT_BLOCK {blockData=[blockId=conID: 3 locID: 102659354142900901 bcsId: 0,size=4194304]} | ret=SUCCESS |  
2019-08-22 07:03:50,236 [grpc-default-executor-3] INFO  client.GrpcClientProtocolClient (GrpcClientProtocolClient.java:onNext(255)) - client-CF63D631FA17->3cf1264f-5f6b-4138-aeee-2ff7d4522ead: receive RaftClientReply:client-CF63D631FA17->3cf1264f-5f6b-4138-aeee-2ff7d4522ead@group-561E16522154, cid=3328, SUCCESS, logIndex=5045, commits[3cf1264f-5f6b-4138-aeee-2ff7d4522ead:c5046, 4f0d1a15-8f14-4d9a-ad4f-8211e1245b5d:c5044, 6999f20e-c3f7-4db4-87ca-141c476f2a88:c5044]
2019-08-22 07:03:50,236 [grpc-default-executor-3] INFO  client.GrpcClientProtocolClient (GrpcClientProtocolClient.java:onNext(255)) - client-CF63D631FA17->3cf1264f-5f6b-4138-aeee-2ff7d4522ead: receive RaftClientReply:client-CF63D631FA17->3cf1264f-5f6b-4138-aeee-2ff7d4522ead@group-561E16522154, cid=3329, SUCCESS, logIndex=5046, commits[3cf1264f-5f6b-4138-aeee-2ff7d4522ead:c5046, 4f0d1a15-8f14-4d9a-ad4f-8211e1245b5d:c5044, 6999f20e-c3f7-4db4-87ca-141c476f2a88:c5044]
2019-08-22 07:03:50,247 | INFO  | DNAudit | user=null | ip=null | op=WRITE_CHUNK {blockData=conID: 3 locID: 102659354142900901 bcsId: 5042} | ret=SUCCESS |  
2019-08-22 07:03:50,247 | INFO  | DNAudit | user=null | ip=null | op=WRITE_CHUNK {blockData=conID: 3 locID: 102659354142900901 bcsId: 5042} | ret=SUCCESS |  
2019-08-22 07:03:50,249 | INFO  | DNAudit | user=null | ip=null | op=PUT_BLOCK {blockData=[blockId=conID: 3 locID: 102659354142900901 bcsId: 0,size=4194304]} | ret=SUCCESS |  
2019-08-22 07:03:50,249 | INFO  | DNAudit | user=null | ip=null | op=PUT_BLOCK {blockData=[blockId=conID: 3 locID: 102659354142900901 bcsId: 0,size=4194304]} | ret=SUCCESS |  
2019-08-22 07:03:50,250 [grpc-default-executor-3] INFO  client.GrpcClientProtocolClient (GrpcClientProtocolClient.java:onNext(255)) - client-CF63D631FA17->3cf1264f-5f6b-4138-aeee-2ff7d4522ead: receive RaftClientReply:client-CF63D631FA17->3cf1264f-5f6b-4138-aeee-2ff7d4522ead@group-561E16522154, cid=3330, SUCCESS, logIndex=0, commits[3cf1264f-5f6b-4138-aeee-2ff7d4522ead:c5048, 4f0d1a15-8f14-4d9a-ad4f-8211e1245b5d:c5046, 6999f20e-c3f7-4db4-87ca-141c476f2a88:c5046]
2019-08-22 07:03:50,257 | INFO  | SCMAudit | user=jenkins1000 | ip=192.168.34.31 | op=ALLOCATE_BLOCK {owner=04b6d46a-98e2-41b1-9f38-1870289993ea, size=4194304, type=RATIS, factor=THREE} | ret=SUCCESS |  
2019-08-22 07:03:50,262 | INFO  | OMAudit | user=jenkins1000 | ip=127.0.0.1 | op=ALLOCATE_BLOCK {volume=vol-0-14906, bucket=bucket-0-53153, key=key-0-33222, dataSize=0, replicationType=null, replicationFactor=null, keyLocationInfo=null, clientID=102659352017764754} | ret=SUCCESS |  
2019-08-22 07:03:50,270 | INFO  | DNAudit | user=null | ip=null | op=WRITE_CHUNK {blockData=conID: 1 locID: 102659354149323430 bcsId: 0} | ret=SUCCESS |  
2019-08-22 07:03:50,274 | INFO  | DNAudit | user=null | ip=null | op=WRITE_CHUNK {blockData=conID: 1 locID: 102659354149323430 bcsId: 0} | ret=SUCCESS |  
2019-08-22 07:03:50,274 | INFO  | DNAudit | user=null | ip=null | op=WRITE_CHUNK {blockData=conID: 1 locID: 102659354149323430 bcsId: 0} | ret=SUCCESS |  
2019-08-22 07:03:50,274 | INFO  | DNAudit | user=null | ip=null | op=WRITE_CHUNK {blockData=conID: 1 locID: 102659354149323430 bcsId: 0} | ret=SUCCESS |  
2019-08-22 07:03:50,276 | INFO  | DNAudit | user=null | ip=null | op=WRITE_CHUNK {blockData=conID: 1 locID: 102659354149323430 bcsId: 0} | ret=SUCCESS |  
2019-08-22 07:03:50,276 | INFO  | DNAudit | user=null | ip=null | op=WRITE_CHUNK {blockData=conID: 1 locID: 102659354149323430 bcsId: 0} | ret=SUCCESS |  
2019-08-22 07:03:50,282 | INFO  | DNAudit | user=null | ip=null | op=WRITE_CHUNK {blockData=conID: 1 locID: 102659354149323430 bcsId: 0} | ret=SUCCESS |  
2019-08-22 07:03:50,283 | INFO  | DNAudit | user=null | ip=null | op=PUT_BLOCK {blockData=[blockId=conID: 1 locID: 102659354149323430 bcsId: 0,size=1048576]} | ret=SUCCESS |  
2019-08-22 07:03:50,283 [grpc-default-executor-0] INFO  client.GrpcClientProtocolClient (GrpcClientProtocolClient.java:onNext(255)) - client-CF63D631FA17->3cf1264f-5f6b-4138-aeee-2ff7d4522ead: receive RaftClientReply:client-CF63D631FA17->3cf1264f-5f6b-4138-aeee-2ff7d4522ead@group-561E16522154, cid=3331, SUCCESS, logIndex=5049, commits[3cf1264f-5f6b-4138-aeee-2ff7d4522ead:c5051, 4f0d1a15-8f14-4d9a-ad4f-8211e1245b5d:c5048, 6999f20e-c3f7-4db4-87ca-141c476f2a88:c5048]
2019-08-22 07:03:50,283 | INFO  | DNAudit | user=null | ip=null | op=WRITE_CHUNK {blockData=conID: 1 locID: 102659354149323430 bcsId: 0} | ret=SUCCESS |  
2019-08-22 07:03:50,284 | INFO  | DNAudit | user=null | ip=null | op=WRITE_CHUNK {blockData=conID: 1 locID: 102659354149323430 bcsId: 0} | ret=SUCCESS |  
2019-08-22 07:03:50,284 | INFO  | DNAudit | user=null | ip=null | op=PUT_BLOCK {blockData=[blockId=conID: 1 locID: 102659354149323430 bcsId: 0,size=2097152]} | ret=SUCCESS |  
2019-08-22 07:03:50,284 [grpc-default-executor-1] INFO  client.GrpcClientProtocolClient (GrpcClientProtocolClient.java:onNext(255)) - client-CF63D631FA17->3cf1264f-5f6b-4138-aeee-2ff7d4522ead: receive RaftClientReply:client-CF63D631FA17->3cf1264f-5f6b-4138-aeee-2ff7d4522ead@group-561E16522154, cid=3332, SUCCESS, logIndex=5050, commits[3cf1264f-5f6b-4138-aeee-2ff7d4522ead:c5052, 4f0d1a15-8f14-4d9a-ad4f-8211e1245b5d:c5048, 6999f20e-c3f7-4db4-87ca-141c476f2a88:c5048]
2019-08-22 07:03:50,284 [grpc-default-executor-1] INFO  client.GrpcClientProtocolClient (GrpcClientProtocolClient.java:onNext(255)) - client-CF63D631FA17->3cf1264f-5f6b-4138-aeee-2ff7d4522ead: receive RaftClientReply:client-CF63D631FA17->3cf1264f-5f6b-4138-aeee-2ff7d4522ead@group-561E16522154, cid=3333, SUCCESS, logIndex=5051, commits[3cf1264f-5f6b-4138-aeee-2ff7d4522ead:c5052, 4f0d1a15-8f14-4d9a-ad4f-8211e1245b5d:c5048, 6999f20e-c3f7-4db4-87ca-141c476f2a88:c5048]
2019-08-22 07:03:50,285 [grpc-default-executor-1] INFO  client.GrpcClientProtocolClient (GrpcClientProtocolClient.java:onNext(255)) - client-CF63D631FA17->3cf1264f-5f6b-4138-aeee-2ff7d4522ead: receive RaftClientReply:client-CF63D631FA17->3cf1264f-5f6b-4138-aeee-2ff7d4522ead@group-561E16522154, cid=3334, SUCCESS, logIndex=5052, commits[3cf1264f-5f6b-4138-aeee-2ff7d4522ead:c5052, 4f0d1a15-8f14-4d9a-ad4f-8211e1245b5d:c5048, 6999f20e-c3f7-4db4-87ca-141c476f2a88:c5049]
2019-08-22 07:03:50,286 | INFO  | DNAudit | user=null | ip=null | op=WRITE_CHUNK {blockData=conID: 1 locID: 102659354149323430 bcsId: 0} | ret=SUCCESS |  
2019-08-22 07:03:50,286 | INFO  | DNAudit | user=null | ip=null | op=PUT_BLOCK {blockData=[blockId=conID: 1 locID: 102659354149323430 bcsId: 0,size=1048576]} | ret=SUCCESS |  
2019-08-22 07:03:50,286 | INFO  | DNAudit | user=null | ip=null | op=WRITE_CHUNK {blockData=conID: 1 locID: 102659354149323430 bcsId: 0} | ret=SUCCESS |  
2019-08-22 07:03:50,297 | INFO  | DNAudit | user=null | ip=null | op=PUT_BLOCK {blockData=[blockId=conID: 1 locID: 102659354149323430 bcsId: 0,size=1048576]} | ret=SUCCESS |  
2019-08-22 07:03:50,297 | INFO  | DNAudit | user=null | ip=null | op=WRITE_CHUNK {blockData=conID: 1 locID: 102659354149323430 bcsId: 0} | ret=SUCCESS |  
2019-08-22 07:03:50,298 | INFO  | DNAudit | user=null | ip=null | op=PUT_BLOCK {blockData=[blockId=conID: 1 locID: 102659354149323430 bcsId: 0,size=2097152]} | ret=SUCCESS |  
2019-08-22 07:03:50,298 | INFO  | DNAudit | user=null | ip=null | op=PUT_BLOCK {blockData=[blockId=conID: 1 locID: 102659354149323430 bcsId: 0,size=2097152]} | ret=SUCCESS |  
2019-08-22 07:03:50,298 [grpc-default-executor-1] INFO  client.GrpcClientProtocolClient (GrpcClientProtocolClient.java:onNext(255)) - client-CF63D631FA17->3cf1264f-5f6b-4138-aeee-2ff7d4522ead: receive RaftClientReply:client-CF63D631FA17->3cf1264f-5f6b-4138-aeee-2ff7d4522ead@group-561E16522154, cid=3335, SUCCESS, logIndex=0, commits[3cf1264f-5f6b-4138-aeee-2ff7d4522ead:c5055, 4f0d1a15-8f14-4d9a-ad4f-8211e1245b5d:c5051, 6999f20e-c3f7-4db4-87ca-141c476f2a88:c5051]
2019-08-22 07:03:50,305 | INFO  | DNAudit | user=null | ip=null | op=WRITE_CHUNK {blockData=conID: 1 locID: 102659354149323430 bcsId: 5052} | ret=SUCCESS |  
2019-08-22 07:03:50,308 | INFO  | DNAudit | user=null | ip=null | op=WRITE_CHUNK {blockData=conID: 1 locID: 102659354149323430 bcsId: 5052} | ret=SUCCESS |  
2019-08-22 07:03:50,309 | INFO  | DNAudit | user=null | ip=null | op=WRITE_CHUNK {blockData=conID: 1 locID: 102659354149323430 bcsId: 5052} | ret=SUCCESS |  
2019-08-22 07:03:50,317 | INFO  | DNAudit | user=null | ip=null | op=WRITE_CHUNK {blockData=conID: 1 locID: 102659354149323430 bcsId: 5052} | ret=SUCCESS |  
2019-08-22 07:03:50,318 | INFO  | DNAudit | user=null | ip=null | op=PUT_BLOCK {blockData=[blockId=conID: 1 locID: 102659354149323430 bcsId: 0,size=3145728]} | ret=SUCCESS |  
2019-08-22 07:03:50,318 [grpc-default-executor-0] INFO  client.GrpcClientProtocolClient (GrpcClientProtocolClient.java:onNext(255)) - client-CF63D631FA17->3cf1264f-5f6b-4138-aeee-2ff7d4522ead: receive RaftClientReply:client-CF63D631FA17->3cf1264f-5f6b-4138-aeee-2ff7d4522ead@group-561E16522154, cid=3336, SUCCESS, logIndex=5057, commits[3cf1264f-5f6b-4138-aeee-2ff7d4522ead:c5058, 4f0d1a15-8f14-4d9a-ad4f-8211e1245b5d:c5056, 6999f20e-c3f7-4db4-87ca-141c476f2a88:c5056]
2019-08-22 07:03:50,318 [grpc-default-executor-0] INFO  client.GrpcClientProtocolClient (GrpcClientProtocolClient.java:onNext(255)) - client-CF63D631FA17->3cf1264f-5f6b-4138-aeee-2ff7d4522ead: receive RaftClientReply:client-CF63D631FA17->3cf1264f-5f6b-4138-aeee-2ff7d4522ead@group-561E16522154, cid=3337, SUCCESS, logIndex=5058, commits[3cf1264f-5f6b-4138-aeee-2ff7d4522ead:c5058, 4f0d1a15-8f14-4d9a-ad4f-8211e1245b5d:c5056, 6999f20e-c3f7-4db4-87ca-141c476f2a88:c5056]
2019-08-22 07:03:50,325 | INFO  | DNAudit | user=null | ip=null | op=WRITE_CHUNK {blockData=conID: 1 locID: 102659354149323430 bcsId: 5058} | ret=SUCCESS |  
2019-08-22 07:03:50,329 | INFO  | DNAudit | user=null | ip=null | op=WRITE_CHUNK {blockData=conID: 1 locID: 102659354149323430 bcsId: 5052} | ret=SUCCESS |  
2019-08-22 07:03:50,329 | INFO  | DNAudit | user=null | ip=null | op=WRITE_CHUNK {blockData=conID: 1 locID: 102659354149323430 bcsId: 5052} | ret=SUCCESS |  
2019-08-22 07:03:50,329 | INFO  | DNAudit | user=null | ip=null | op=WRITE_CHUNK {blockData=conID: 1 locID: 102659354149323430 bcsId: 5058} | ret=SUCCESS |  
2019-08-22 07:03:50,329 | INFO  | DNAudit | user=null | ip=null | op=WRITE_CHUNK {blockData=conID: 1 locID: 102659354149323430 bcsId: 5058} | ret=SUCCESS |  
2019-08-22 07:03:50,341 | INFO  | DNAudit | user=null | ip=null | op=PUT_BLOCK {blockData=[blockId=conID: 1 locID: 102659354149323430 bcsId: 0,size=3145728]} | ret=SUCCESS |  
2019-08-22 07:03:50,341 | INFO  | DNAudit | user=null | ip=null | op=WRITE_CHUNK {blockData=conID: 1 locID: 102659354149323430 bcsId: 5058} | ret=SUCCESS |  
2019-08-22 07:03:50,341 | INFO  | DNAudit | user=null | ip=null | op=PUT_BLOCK {blockData=[blockId=conID: 1 locID: 102659354149323430 bcsId: 0,size=3145728]} | ret=SUCCESS |  
2019-08-22 07:03:50,342 | INFO  | DNAudit | user=null | ip=null | op=PUT_BLOCK {blockData=[blockId=conID: 1 locID: 102659354149323430 bcsId: 0,size=4194304]} | ret=SUCCESS |  
2019-08-22 07:03:50,342 [grpc-default-executor-1] INFO  client.GrpcClientProtocolClient (GrpcClientProtocolClient.java:onNext(255)) - client-CF63D631FA17->3cf1264f-5f6b-4138-aeee-2ff7d4522ead: receive RaftClientReply:client-CF63D631FA17->3cf1264f-5f6b-4138-aeee-2ff7d4522ead@group-561E16522154, cid=3338, SUCCESS, logIndex=5061, commits[3cf1264f-5f6b-4138-aeee-2ff7d4522ead:c5062, 4f0d1a15-8f14-4d9a-ad4f-8211e1245b5d:c5058, 6999f20e-c3f7-4db4-87ca-141c476f2a88:c5057]
2019-08-22 07:03:50,342 | INFO  | DNAudit | user=null | ip=null | op=WRITE_CHUNK {blockData=conID: 1 locID: 102659354149323430 bcsId: 5058} | ret=SUCCESS |  
2019-08-22 07:03:50,342 [grpc-default-executor-3] INFO  client.GrpcClientProtocolClient (GrpcClientProtocolClient.java:onNext(255)) - client-CF63D631FA17->3cf1264f-5f6b-4138-aeee-2ff7d4522ead: receive RaftClientReply:client-CF63D631FA17->3cf1264f-5f6b-4138-aeee-2ff7d4522ead@group-561E16522154, cid=3339, SUCCESS, logIndex=5062, commits[3cf1264f-5f6b-4138-aeee-2ff7d4522ead:c5062, 4f0d1a15-8f14-4d9a-ad4f-8211e1245b5d:c5058, 6999f20e-c3f7-4db4-87ca-141c476f2a88:c5058]
2019-08-22 07:03:50,345 | INFO  | DNAudit | user=null | ip=null | op=WRITE_CHUNK {blockData=conID: 1 locID: 102659354149323430 bcsId: 5058} | ret=SUCCESS |  
2019-08-22 07:03:50,356 | INFO  | DNAudit | user=null | ip=null | op=PUT_BLOCK {blockData=[blockId=conID: 1 locID: 102659354149323430 bcsId: 0,size=4194304]} | ret=SUCCESS |  
2019-08-22 07:03:50,356 | INFO  | DNAudit | user=null | ip=null | op=PUT_BLOCK {blockData=[blockId=conID: 1 locID: 102659354149323430 bcsId: 0,size=4194304]} | ret=SUCCESS |  
2019-08-22 07:03:50,357 [grpc-default-executor-3] INFO  client.GrpcClientProtocolClient (GrpcClientProtocolClient.java:onNext(255)) - client-CF63D631FA17->3cf1264f-5f6b-4138-aeee-2ff7d4522ead: receive RaftClientReply:client-CF63D631FA17->3cf1264f-5f6b-4138-aeee-2ff7d4522ead@group-561E16522154, cid=3340, SUCCESS, logIndex=0, commits[3cf1264f-5f6b-4138-aeee-2ff7d4522ead:c5064, 4f0d1a15-8f14-4d9a-ad4f-8211e1245b5d:c5062, 6999f20e-c3f7-4db4-87ca-141c476f2a88:c5062]
2019-08-22 07:03:50,364 | INFO  | SCMAudit | user=jenkins1000 | ip=192.168.34.31 | op=ALLOCATE_BLOCK {owner=04b6d46a-98e2-41b1-9f38-1870289993ea, size=4194304, type=RATIS, factor=THREE} | ret=SUCCESS |  
2019-08-22 07:03:50,369 | INFO  | OMAudit | user=jenkins1000 | ip=127.0.0.1 | op=ALLOCATE_BLOCK {volume=vol-0-14906, bucket=bucket-0-53153, key=key-0-33222, dataSize=0, replicationType=null, replicationFactor=null, keyLocationInfo=null, clientID=102659352017764754} | ret=SUCCESS |  
2019-08-22 07:03:50,376 | INFO  | DNAudit | user=null | ip=null | op=WRITE_CHUNK {blockData=conID: 2 locID: 102659354156335783 bcsId: 0} | ret=SUCCESS |  
2019-08-22 07:03:50,378 | INFO  | DNAudit | user=null | ip=null | op=WRITE_CHUNK {blockData=conID: 2 locID: 102659354156335783 bcsId: 0} | ret=SUCCESS |  
2019-08-22 07:03:50,380 | INFO  | DNAudit | user=null | ip=null | op=WRITE_CHUNK {blockData=conID: 2 locID: 102659354156335783 bcsId: 0} | ret=SUCCESS |  
2019-08-22 07:03:50,380 | INFO  | DNAudit | user=null | ip=null | op=WRITE_CHUNK {blockData=conID: 2 locID: 102659354156335783 bcsId: 0} | ret=SUCCESS |  
2019-08-22 07:03:50,382 | INFO  | DNAudit | user=null | ip=null | op=WRITE_CHUNK {blockData=conID: 2 locID: 102659354156335783 bcsId: 0} | ret=SUCCESS |  
2019-08-22 07:03:50,382 | INFO  | DNAudit | user=null | ip=null | op=WRITE_CHUNK {blockData=conID: 2 locID: 102659354156335783 bcsId: 0} | ret=SUCCESS |  
2019-08-22 07:03:50,389 | INFO  | DNAudit | user=null | ip=null | op=WRITE_CHUNK {blockData=conID: 2 locID: 102659354156335783 bcsId: 0} | ret=SUCCESS |  
2019-08-22 07:03:50,390 | INFO  | DNAudit | user=null | ip=null | op=PUT_BLOCK {blockData=[blockId=conID: 2 locID: 102659354156335783 bcsId: 0,size=1048576]} | ret=SUCCESS |  
2019-08-22 07:03:50,390 | INFO  | DNAudit | user=null | ip=null | op=WRITE_CHUNK {blockData=conID: 2 locID: 102659354156335783 bcsId: 0} | ret=SUCCESS |  
2019-08-22 07:03:50,390 [grpc-default-executor-0] INFO  client.GrpcClientProtocolClient (GrpcClientProtocolClient.java:onNext(255)) - client-CF63D631FA17->3cf1264f-5f6b-4138-aeee-2ff7d4522ead: receive RaftClientReply:client-CF63D631FA17->3cf1264f-5f6b-4138-aeee-2ff7d4522ead@group-561E16522154, cid=3341, SUCCESS, logIndex=5065, commits[3cf1264f-5f6b-4138-aeee-2ff7d4522ead:c5066, 4f0d1a15-8f14-4d9a-ad4f-8211e1245b5d:c5064, 6999f20e-c3f7-4db4-87ca-141c476f2a88:c5064]
2019-08-22 07:03:50,390 | INFO  | DNAudit | user=null | ip=null | op=WRITE_CHUNK {blockData=conID: 2 locID: 102659354156335783 bcsId: 0} | ret=SUCCESS |  
2019-08-22 07:03:50,391 | INFO  | DNAudit | user=null | ip=null | op=PUT_BLOCK {blockData=[blockId=conID: 2 locID: 102659354156335783 bcsId: 0,size=1048576]} | ret=SUCCESS |  
2019-08-22 07:03:50,391 | INFO  | DNAudit | user=null | ip=null | op=PUT_BLOCK {blockData=[blockId=conID: 2 locID: 102659354156335783 bcsId: 0,size=2097152]} | ret=SUCCESS |  
2019-08-22 07:03:50,391 [grpc-default-executor-0] INFO  client.GrpcClientProtocolClient (GrpcClientProtocolClient.java:onNext(255)) - client-CF63D631FA17->3cf1264f-5f6b-4138-aeee-2ff7d4522ead: receive RaftClientReply:client-CF63D631FA17->3cf1264f-5f6b-4138-aeee-2ff7d4522ead@group-561E16522154, cid=3342, SUCCESS, logIndex=5066, commits[3cf1264f-5f6b-4138-aeee-2ff7d4522ead:c5068, 4f0d1a15-8f14-4d9a-ad4f-8211e1245b5d:c5064, 6999f20e-c3f7-4db4-87ca-141c476f2a88:c5064]
2019-08-22 07:03:50,391 [grpc-default-executor-0] INFO  client.GrpcClientProtocolClient (GrpcClientProtocolClient.java:onNext(255)) - client-CF63D631FA17->3cf1264f-5f6b-4138-aeee-2ff7d4522ead: receive RaftClientReply:client-CF63D631FA17->3cf1264f-5f6b-4138-aeee-2ff7d4522ead@group-561E16522154, cid=3343, SUCCESS, logIndex=5067, commits[3cf1264f-5f6b-4138-aeee-2ff7d4522ead:c5069, 4f0d1a15-8f14-4d9a-ad4f-8211e1245b5d:c5064, 6999f20e-c3f7-4db4-87ca-141c476f2a88:c5066]
2019-08-22 07:03:50,391 [grpc-default-executor-0] INFO  client.GrpcClientProtocolClient (GrpcClientProtocolClient.java:onNext(255)) - client-CF63D631FA17->3cf1264f-5f6b-4138-aeee-2ff7d4522ead: receive RaftClientReply:client-CF63D631FA17->3cf1264f-5f6b-4138-aeee-2ff7d4522ead@group-561E16522154, cid=3344, SUCCESS, logIndex=5068, commits[3cf1264f-5f6b-4138-aeee-2ff7d4522ead:c5069, 4f0d1a15-8f14-4d9a-ad4f-8211e1245b5d:c5064, 6999f20e-c3f7-4db4-87ca-141c476f2a88:c5066]
2019-08-22 07:03:50,392 | INFO  | DNAudit | user=null | ip=null | op=WRITE_CHUNK {blockData=conID: 2 locID: 102659354156335783 bcsId: 0} | ret=SUCCESS |  
2019-08-22 07:03:50,392 | INFO  | DNAudit | user=null | ip=null | op=PUT_BLOCK {blockData=[blockId=conID: 2 locID: 102659354156335783 bcsId: 0,size=1048576]} | ret=SUCCESS |  
2019-08-22 07:03:50,392 [grpc-default-executor-0] INFO  client.GrpcClientProtocolClient (GrpcClientProtocolClient.java:onNext(255)) - client-CF63D631FA17->3cf1264f-5f6b-4138-aeee-2ff7d4522ead: receive RaftClientReply:client-CF63D631FA17->3cf1264f-5f6b-4138-aeee-2ff7d4522ead@group-561E16522154, cid=3345, SUCCESS, logIndex=0, commits[3cf1264f-5f6b-4138-aeee-2ff7d4522ead:c5070, 4f0d1a15-8f14-4d9a-ad4f-8211e1245b5d:c5066, 6999f20e-c3f7-4db4-87ca-141c476f2a88:c5066]
2019-08-22 07:03:50,393 | INFO  | DNAudit | user=null | ip=null | op=WRITE_CHUNK {blockData=conID: 2 locID: 102659354156335783 bcsId: 0} | ret=SUCCESS |  
2019-08-22 07:03:50,393 | INFO  | DNAudit | user=null | ip=null | op=PUT_BLOCK {blockData=[blockId=conID: 2 locID: 102659354156335783 bcsId: 0,size=2097152]} | ret=SUCCESS |  
2019-08-22 07:03:50,393 | INFO  | DNAudit | user=null | ip=null | op=WRITE_CHUNK {blockData=conID: 2 locID: 102659354156335783 bcsId: 0} | ret=SUCCESS |  
2019-08-22 07:03:50,394 | INFO  | DNAudit | user=null | ip=null | op=PUT_BLOCK {blockData=[blockId=conID: 2 locID: 102659354156335783 bcsId: 0,size=2097152]} | ret=SUCCESS |  
2019-08-22 07:03:50,401 | INFO  | DNAudit | user=null | ip=null | op=WRITE_CHUNK {blockData=conID: 2 locID: 102659354156335783 bcsId: 5068} | ret=SUCCESS |  
2019-08-22 07:03:50,404 | INFO  | DNAudit | user=null | ip=null | op=WRITE_CHUNK {blockData=conID: 2 locID: 102659354156335783 bcsId: 5068} | ret=SUCCESS |  
2019-08-22 07:03:50,404 | INFO  | DNAudit | user=null | ip=null | op=WRITE_CHUNK {blockData=conID: 2 locID: 102659354156335783 bcsId: 5068} | ret=SUCCESS |  
2019-08-22 07:03:50,415 | INFO  | DNAudit | user=null | ip=null | op=WRITE_CHUNK {blockData=conID: 2 locID: 102659354156335783 bcsId: 5068} | ret=SUCCESS |  
2019-08-22 07:03:50,415 | INFO  | DNAudit | user=null | ip=null | op=PUT_BLOCK {blockData=[blockId=conID: 2 locID: 102659354156335783 bcsId: 0,size=3145728]} | ret=SUCCESS |  
2019-08-22 07:03:50,416 [grpc-default-executor-0] INFO  client.GrpcClientProtocolClient (GrpcClientProtocolClient.java:onNext(255)) - client-CF63D631FA17->3cf1264f-5f6b-4138-aeee-2ff7d4522ead: receive RaftClientReply:client-CF63D631FA17->3cf1264f-5f6b-4138-aeee-2ff7d4522ead@group-561E16522154, cid=3346, SUCCESS, logIndex=5072, commits[3cf1264f-5f6b-4138-aeee-2ff7d4522ead:c5073, 4f0d1a15-8f14-4d9a-ad4f-8211e1245b5d:c5071, 6999f20e-c3f7-4db4-87ca-141c476f2a88:c5071]
2019-08-22 07:03:50,416 [grpc-default-executor-0] INFO  client.GrpcClientProtocolClient (GrpcClientProtocolClient.java:onNext(255)) - client-CF63D631FA17->3cf1264f-5f6b-4138-aeee-2ff7d4522ead: receive RaftClientReply:client-CF63D631FA17->3cf1264f-5f6b-4138-aeee-2ff7d4522ead@group-561E16522154, cid=3347, SUCCESS, logIndex=5073, commits[3cf1264f-5f6b-4138-aeee-2ff7d4522ead:c5073, 4f0d1a15-8f14-4d9a-ad4f-8211e1245b5d:c5071, 6999f20e-c3f7-4db4-87ca-141c476f2a88:c5071]
2019-08-22 07:03:50,424 | INFO  | DNAudit | user=null | ip=null | op=WRITE_CHUNK {blockData=conID: 2 locID: 102659354156335783 bcsId: 5073} | ret=SUCCESS |  
2019-08-22 07:03:50,427 | INFO  | DNAudit | user=null | ip=null | op=WRITE_CHUNK {blockData=conID: 2 locID: 102659354156335783 bcsId: 5068} | ret=SUCCESS |  
2019-08-22 07:03:50,427 | INFO  | DNAudit | user=null | ip=null | op=WRITE_CHUNK {blockData=conID: 2 locID: 102659354156335783 bcsId: 5068} | ret=SUCCESS |  
2019-08-22 07:03:50,428 | INFO  | DNAudit | user=null | ip=null | op=WRITE_CHUNK {blockData=conID: 2 locID: 102659354156335783 bcsId: 5073} | ret=SUCCESS |  
2019-08-22 07:03:50,428 | INFO  | DNAudit | user=null | ip=null | op=WRITE_CHUNK {blockData=conID: 2 locID: 102659354156335783 bcsId: 5073} | ret=SUCCESS |  
2019-08-22 07:03:50,440 | INFO  | DNAudit | user=null | ip=null | op=PUT_BLOCK {blockData=[blockId=conID: 2 locID: 102659354156335783 bcsId: 0,size=3145728]} | ret=SUCCESS |  
2019-08-22 07:03:50,440 | INFO  | DNAudit | user=null | ip=null | op=WRITE_CHUNK {blockData=conID: 2 locID: 102659354156335783 bcsId: 5073} | ret=SUCCESS |  
2019-08-22 07:03:50,440 | INFO  | DNAudit | user=null | ip=null | op=PUT_BLOCK {blockData=[blockId=conID: 2 locID: 102659354156335783 bcsId: 0,size=3145728]} | ret=SUCCESS |  
2019-08-22 07:03:50,440 | INFO  | DNAudit | user=null | ip=null | op=PUT_BLOCK {blockData=[blockId=conID: 2 locID: 102659354156335783 bcsId: 0,size=4194304]} | ret=SUCCESS |  
2019-08-22 07:03:50,441 [grpc-default-executor-0] INFO  client.GrpcClientProtocolClient (GrpcClientProtocolClient.java:onNext(255)) - client-CF63D631FA17->3cf1264f-5f6b-4138-aeee-2ff7d4522ead: receive RaftClientReply:client-CF63D631FA17->3cf1264f-5f6b-4138-aeee-2ff7d4522ead@group-561E16522154, cid=3348, SUCCESS, logIndex=5076, commits[3cf1264f-5f6b-4138-aeee-2ff7d4522ead:c5077, 4f0d1a15-8f14-4d9a-ad4f-8211e1245b5d:c5072, 6999f20e-c3f7-4db4-87ca-141c476f2a88:c5073]
2019-08-22 07:03:50,441 [grpc-default-executor-0] INFO  client.GrpcClientProtocolClient (GrpcClientProtocolClient.java:onNext(255)) - client-CF63D631FA17->3cf1264f-5f6b-4138-aeee-2ff7d4522ead: receive RaftClientReply:client-CF63D631FA17->3cf1264f-5f6b-4138-aeee-2ff7d4522ead@group-561E16522154, cid=3349, SUCCESS, logIndex=5077, commits[3cf1264f-5f6b-4138-aeee-2ff7d4522ead:c5077, 4f0d1a15-8f14-4d9a-ad4f-8211e1245b5d:c5073, 6999f20e-c3f7-4db4-87ca-141c476f2a88:c5073]
2019-08-22 07:03:50,441 | INFO  | DNAudit | user=null | ip=null | op=WRITE_CHUNK {blockData=conID: 2 locID: 102659354156335783 bcsId: 5073} | ret=SUCCESS |  
2019-08-22 07:03:50,442 | INFO  | DNAudit | user=null | ip=null | op=PUT_BLOCK {blockData=[blockId=conID: 2 locID: 102659354156335783 bcsId: 0,size=4194304]} | ret=SUCCESS |  
2019-08-22 07:03:50,442 | INFO  | DNAudit | user=null | ip=null | op=WRITE_CHUNK {blockData=conID: 2 locID: 102659354156335783 bcsId: 5073} | ret=SUCCESS |  
2019-08-22 07:03:50,442 | INFO  | DNAudit | user=null | ip=null | op=PUT_BLOCK {blockData=[blockId=conID: 2 locID: 102659354156335783 bcsId: 0,size=4194304]} | ret=SUCCESS |  
2019-08-22 07:03:50,443 [grpc-default-executor-0] INFO  client.GrpcClientProtocolClient (GrpcClientProtocolClient.java:onNext(255)) - client-CF63D631FA17->3cf1264f-5f6b-4138-aeee-2ff7d4522ead: receive RaftClientReply:client-CF63D631FA17->3cf1264f-5f6b-4138-aeee-2ff7d4522ead@group-561E16522154, cid=3350, SUCCESS, logIndex=0, commits[3cf1264f-5f6b-4138-aeee-2ff7d4522ead:c5078, 4f0d1a15-8f14-4d9a-ad4f-8211e1245b5d:c5077, 6999f20e-c3f7-4db4-87ca-141c476f2a88:c5077]
2019-08-22 07:03:50,449 | INFO  | SCMAudit | user=jenkins1000 | ip=192.168.34.31 | op=ALLOCATE_BLOCK {owner=04b6d46a-98e2-41b1-9f38-1870289993ea, size=4194304, type=RATIS, factor=THREE} | ret=SUCCESS |  
2019-08-22 07:03:50,452 | INFO  | OMAudit | user=jenkins1000 | ip=127.0.0.1 | op=ALLOCATE_BLOCK {volume=vol-0-14906, bucket=bucket-0-53153, key=key-0-33222, dataSize=0, replicationType=null, replicationFactor=null, keyLocationInfo=null, clientID=102659352017764754} | ret=SUCCESS |  
2019-08-22 07:03:50,461 | INFO  | DNAudit | user=null | ip=null | op=WRITE_CHUNK {blockData=conID: 3 locID: 102659354161840808 bcsId: 0} | ret=SUCCESS |  
2019-08-22 07:03:50,465 | INFO  | DNAudit | user=null | ip=null | op=WRITE_CHUNK {blockData=conID: 3 locID: 102659354161840808 bcsId: 0} | ret=SUCCESS |  
2019-08-22 07:03:50,465 | INFO  | DNAudit | user=null | ip=null | op=WRITE_CHUNK {blockData=conID: 3 locID: 102659354161840808 bcsId: 0} | ret=SUCCESS |  
2019-08-22 07:03:50,466 | INFO  | DNAudit | user=null | ip=null | op=WRITE_CHUNK {blockData=conID: 3 locID: 102659354161840808 bcsId: 0} | ret=SUCCESS |  
2019-08-22 07:03:50,468 | INFO  | DNAudit | user=null | ip=null | op=WRITE_CHUNK {blockData=conID: 3 locID: 102659354161840808 bcsId: 0} | ret=SUCCESS |  
2019-08-22 07:03:50,468 | INFO  | DNAudit | user=null | ip=null | op=WRITE_CHUNK {blockData=conID: 3 locID: 102659354161840808 bcsId: 0} | ret=SUCCESS |  
2019-08-22 07:03:50,474 | INFO  | DNAudit | user=null | ip=null | op=WRITE_CHUNK {blockData=conID: 3 locID: 102659354161840808 bcsId: 0} | ret=SUCCESS |  
2019-08-22 07:03:50,474 | INFO  | DNAudit | user=null | ip=null | op=PUT_BLOCK {blockData=[blockId=conID: 3 locID: 102659354161840808 bcsId: 0,size=1048576]} | ret=SUCCESS |  
2019-08-22 07:03:50,475 | INFO  | DNAudit | user=null | ip=null | op=WRITE_CHUNK {blockData=conID: 3 locID: 102659354161840808 bcsId: 0} | ret=SUCCESS |  
2019-08-22 07:03:50,475 [grpc-default-executor-3] INFO  client.GrpcClientProtocolClient (GrpcClientProtocolClient.java:onNext(255)) - client-CF63D631FA17->3cf1264f-5f6b-4138-aeee-2ff7d4522ead: receive RaftClientReply:client-CF63D631FA17->3cf1264f-5f6b-4138-aeee-2ff7d4522ead@group-561E16522154, cid=3351, SUCCESS, logIndex=5080, commits[3cf1264f-5f6b-4138-aeee-2ff7d4522ead:c5081, 4f0d1a15-8f14-4d9a-ad4f-8211e1245b5d:c5079, 6999f20e-c3f7-4db4-87ca-141c476f2a88:c5079]
2019-08-22 07:03:50,475 | INFO  | DNAudit | user=null | ip=null | op=PUT_BLOCK {blockData=[blockId=conID: 3 locID: 102659354161840808 bcsId: 0,size=2097152]} | ret=SUCCESS |  
2019-08-22 07:03:50,475 [grpc-default-executor-3] INFO  client.GrpcClientProtocolClient (GrpcClientProtocolClient.java:onNext(255)) - client-CF63D631FA17->3cf1264f-5f6b-4138-aeee-2ff7d4522ead: receive RaftClientReply:client-CF63D631FA17->3cf1264f-5f6b-4138-aeee-2ff7d4522ead@group-561E16522154, cid=3352, SUCCESS, logIndex=5081, commits[3cf1264f-5f6b-4138-aeee-2ff7d4522ead:c5083, 4f0d1a15-8f14-4d9a-ad4f-8211e1245b5d:c5079, 6999f20e-c3f7-4db4-87ca-141c476f2a88:c5079]
2019-08-22 07:03:50,476 [grpc-default-executor-3] INFO  client.GrpcClientProtocolClient (GrpcClientProtocolClient.java:onNext(255)) - client-CF63D631FA17->3cf1264f-5f6b-4138-aeee-2ff7d4522ead: receive RaftClientReply:client-CF63D631FA17->3cf1264f-5f6b-4138-aeee-2ff7d4522ead@group-561E16522154, cid=3353, SUCCESS, logIndex=5082, commits[3cf1264f-5f6b-4138-aeee-2ff7d4522ead:c5083, 4f0d1a15-8f14-4d9a-ad4f-8211e1245b5d:c5079, 6999f20e-c3f7-4db4-87ca-141c476f2a88:c5079]
2019-08-22 07:03:50,476 [grpc-default-executor-3] INFO  client.GrpcClientProtocolClient (GrpcClientProtocolClient.java:onNext(255)) - client-CF63D631FA17->3cf1264f-5f6b-4138-aeee-2ff7d4522ead: receive RaftClientReply:client-CF63D631FA17->3cf1264f-5f6b-4138-aeee-2ff7d4522ead@group-561E16522154, cid=3354, SUCCESS, logIndex=5083, commits[3cf1264f-5f6b-4138-aeee-2ff7d4522ead:c5083, 4f0d1a15-8f14-4d9a-ad4f-8211e1245b5d:c5079, 6999f20e-c3f7-4db4-87ca-141c476f2a88:c5079]
2019-08-22 07:03:50,487 | INFO  | DNAudit | user=null | ip=null | op=WRITE_CHUNK {blockData=conID: 3 locID: 102659354161840808 bcsId: 0} | ret=SUCCESS |  
2019-08-22 07:03:50,488 | INFO  | DNAudit | user=null | ip=null | op=PUT_BLOCK {blockData=[blockId=conID: 3 locID: 102659354161840808 bcsId: 0,size=1048576]} | ret=SUCCESS |  
2019-08-22 07:03:50,488 | INFO  | DNAudit | user=null | ip=null | op=WRITE_CHUNK {blockData=conID: 3 locID: 102659354161840808 bcsId: 0} | ret=SUCCESS |  
2019-08-22 07:03:50,488 | INFO  | DNAudit | user=null | ip=null | op=PUT_BLOCK {blockData=[blockId=conID: 3 locID: 102659354161840808 bcsId: 0,size=1048576]} | ret=SUCCESS |  
2019-08-22 07:03:50,488 | INFO  | DNAudit | user=null | ip=null | op=WRITE_CHUNK {blockData=conID: 3 locID: 102659354161840808 bcsId: 0} | ret=SUCCESS |  
2019-08-22 07:03:50,489 | INFO  | DNAudit | user=null | ip=null | op=PUT_BLOCK {blockData=[blockId=conID: 3 locID: 102659354161840808 bcsId: 0,size=2097152]} | ret=SUCCESS |  
2019-08-22 07:03:50,489 | INFO  | DNAudit | user=null | ip=null | op=WRITE_CHUNK {blockData=conID: 3 locID: 102659354161840808 bcsId: 0} | ret=SUCCESS |  
2019-08-22 07:03:50,489 | INFO  | DNAudit | user=null | ip=null | op=PUT_BLOCK {blockData=[blockId=conID: 3 locID: 102659354161840808 bcsId: 0,size=2097152]} | ret=SUCCESS |  
2019-08-22 07:03:50,489 [grpc-default-executor-3] INFO  client.GrpcClientProtocolClient (GrpcClientProtocolClient.java:onNext(255)) - client-CF63D631FA17->3cf1264f-5f6b-4138-aeee-2ff7d4522ead: receive RaftClientReply:client-CF63D631FA17->3cf1264f-5f6b-4138-aeee-2ff7d4522ead@group-561E16522154, cid=3355, SUCCESS, logIndex=0, commits[3cf1264f-5f6b-4138-aeee-2ff7d4522ead:c5085, 4f0d1a15-8f14-4d9a-ad4f-8211e1245b5d:c5081, 6999f20e-c3f7-4db4-87ca-141c476f2a88:c5081]
2019-08-22 07:03:50,497 | INFO  | DNAudit | user=null | ip=null | op=WRITE_CHUNK {blockData=conID: 3 locID: 102659354161840808 bcsId: 5083} | ret=SUCCESS |  
2019-08-22 07:03:50,500 | INFO  | DNAudit | user=null | ip=null | op=WRITE_CHUNK {blockData=conID: 3 locID: 102659354161840808 bcsId: 5083} | ret=SUCCESS |  
2019-08-22 07:03:50,501 | INFO  | DNAudit | user=null | ip=null | op=WRITE_CHUNK {blockData=conID: 3 locID: 102659354161840808 bcsId: 5083} | ret=SUCCESS |  
2019-08-22 07:03:50,510 | INFO  | DNAudit | user=null | ip=null | op=WRITE_CHUNK {blockData=conID: 3 locID: 102659354161840808 bcsId: 5083} | ret=SUCCESS |  
2019-08-22 07:03:50,510 | INFO  | DNAudit | user=null | ip=null | op=PUT_BLOCK {blockData=[blockId=conID: 3 locID: 102659354161840808 bcsId: 0,size=3145728]} | ret=SUCCESS |  
2019-08-22 07:03:50,511 [grpc-default-executor-0] INFO  client.GrpcClientProtocolClient (GrpcClientProtocolClient.java:onNext(255)) - client-CF63D631FA17->3cf1264f-5f6b-4138-aeee-2ff7d4522ead: receive RaftClientReply:client-CF63D631FA17->3cf1264f-5f6b-4138-aeee-2ff7d4522ead@group-561E16522154, cid=3356, SUCCESS, logIndex=5088, commits[3cf1264f-5f6b-4138-aeee-2ff7d4522ead:c5089, 4f0d1a15-8f14-4d9a-ad4f-8211e1245b5d:c5087, 6999f20e-c3f7-4db4-87ca-141c476f2a88:c5087]
2019-08-22 07:03:50,511 [grpc-default-executor-0] INFO  client.GrpcClientProtocolClient (GrpcClientProtocolClient.java:onNext(255)) - client-CF63D631FA17->3cf1264f-5f6b-4138-aeee-2ff7d4522ead: receive RaftClientReply:client-CF63D631FA17->3cf1264f-5f6b-4138-aeee-2ff7d4522ead@group-561E16522154, cid=3357, SUCCESS, logIndex=5089, commits[3cf1264f-5f6b-4138-aeee-2ff7d4522ead:c5089, 4f0d1a15-8f14-4d9a-ad4f-8211e1245b5d:c5087, 6999f20e-c3f7-4db4-87ca-141c476f2a88:c5087]
2019-08-22 07:03:50,518 | INFO  | DNAudit | user=null | ip=null | op=WRITE_CHUNK {blockData=conID: 3 locID: 102659354161840808 bcsId: 5089} | ret=SUCCESS |  
2019-08-22 07:03:50,521 | INFO  | DNAudit | user=null | ip=null | op=WRITE_CHUNK {blockData=conID: 3 locID: 102659354161840808 bcsId: 5089} | ret=SUCCESS |  
2019-08-22 07:03:50,522 | INFO  | DNAudit | user=null | ip=null | op=WRITE_CHUNK {blockData=conID: 3 locID: 102659354161840808 bcsId: 5089} | ret=SUCCESS |  
2019-08-22 07:03:50,522 | INFO  | DNAudit | user=null | ip=null | op=WRITE_CHUNK {blockData=conID: 3 locID: 102659354161840808 bcsId: 5083} | ret=SUCCESS |  
2019-08-22 07:03:50,522 | INFO  | DNAudit | user=null | ip=null | op=WRITE_CHUNK {blockData=conID: 3 locID: 102659354161840808 bcsId: 5083} | ret=SUCCESS |  
2019-08-22 07:03:50,523 | INFO  | DNAudit | user=null | ip=null | op=PUT_BLOCK {blockData=[blockId=conID: 3 locID: 102659354161840808 bcsId: 0,size=3145728]} | ret=SUCCESS |  
2019-08-22 07:03:50,523 | INFO  | DNAudit | user=null | ip=null | op=WRITE_CHUNK {blockData=conID: 3 locID: 102659354161840808 bcsId: 5089} | ret=SUCCESS |  
2019-08-22 07:03:50,523 | INFO  | DNAudit | user=null | ip=null | op=PUT_BLOCK {blockData=[blockId=conID: 3 locID: 102659354161840808 bcsId: 0,size=3145728]} | ret=SUCCESS |  
2019-08-22 07:03:50,524 | INFO  | DNAudit | user=null | ip=null | op=PUT_BLOCK {blockData=[blockId=conID: 3 locID: 102659354161840808 bcsId: 0,size=4194304]} | ret=SUCCESS |  
2019-08-22 07:03:50,524 [grpc-default-executor-3] INFO  client.GrpcClientProtocolClient (GrpcClientProtocolClient.java:onNext(255)) - client-CF63D631FA17->3cf1264f-5f6b-4138-aeee-2ff7d4522ead: receive RaftClientReply:client-CF63D631FA17->3cf1264f-5f6b-4138-aeee-2ff7d4522ead@group-561E16522154, cid=3358, SUCCESS, logIndex=5092, commits[3cf1264f-5f6b-4138-aeee-2ff7d4522ead:c5093, 4f0d1a15-8f14-4d9a-ad4f-8211e1245b5d:c5089, 6999f20e-c3f7-4db4-87ca-141c476f2a88:c5088]
2019-08-22 07:03:50,524 | INFO  | DNAudit | user=null | ip=null | op=WRITE_CHUNK {blockData=conID: 3 locID: 102659354161840808 bcsId: 5089} | ret=SUCCESS |  
2019-08-22 07:03:50,524 [grpc-default-executor-3] INFO  client.GrpcClientProtocolClient (GrpcClientProtocolClient.java:onNext(255)) - client-CF63D631FA17->3cf1264f-5f6b-4138-aeee-2ff7d4522ead: receive RaftClientReply:client-CF63D631FA17->3cf1264f-5f6b-4138-aeee-2ff7d4522ead@group-561E16522154, cid=3359, SUCCESS, logIndex=5093, commits[3cf1264f-5f6b-4138-aeee-2ff7d4522ead:c5093, 4f0d1a15-8f14-4d9a-ad4f-8211e1245b5d:c5089, 6999f20e-c3f7-4db4-87ca-141c476f2a88:c5089]
2019-08-22 07:03:50,525 | INFO  | DNAudit | user=null | ip=null | op=WRITE_CHUNK {blockData=conID: 3 locID: 102659354161840808 bcsId: 5089} | ret=SUCCESS |  
2019-08-22 07:03:50,525 | INFO  | DNAudit | user=null | ip=null | op=PUT_BLOCK {blockData=[blockId=conID: 3 locID: 102659354161840808 bcsId: 0,size=4194304]} | ret=SUCCESS |  
2019-08-22 07:03:50,526 | INFO  | DNAudit | user=null | ip=null | op=PUT_BLOCK {blockData=[blockId=conID: 3 locID: 102659354161840808 bcsId: 0,size=4194304]} | ret=SUCCESS |  
2019-08-22 07:03:50,526 [grpc-default-executor-3] INFO  client.GrpcClientProtocolClient (GrpcClientProtocolClient.java:onNext(255)) - client-CF63D631FA17->3cf1264f-5f6b-4138-aeee-2ff7d4522ead: receive RaftClientReply:client-CF63D631FA17->3cf1264f-5f6b-4138-aeee-2ff7d4522ead@group-561E16522154, cid=3360, SUCCESS, logIndex=0, commits[3cf1264f-5f6b-4138-aeee-2ff7d4522ead:c5095, 4f0d1a15-8f14-4d9a-ad4f-8211e1245b5d:c5093, 6999f20e-c3f7-4db4-87ca-141c476f2a88:c5093]
2019-08-22 07:03:50,534 | INFO  | SCMAudit | user=jenkins1000 | ip=192.168.34.31 | op=ALLOCATE_BLOCK {owner=04b6d46a-98e2-41b1-9f38-1870289993ea, size=4194304, type=RATIS, factor=THREE} | ret=SUCCESS |  
2019-08-22 07:03:50,538 | INFO  | OMAudit | user=jenkins1000 | ip=127.0.0.1 | op=ALLOCATE_BLOCK {volume=vol-0-14906, bucket=bucket-0-53153, key=key-0-33222, dataSize=0, replicationType=null, replicationFactor=null, keyLocationInfo=null, clientID=102659352017764754} | ret=SUCCESS |  
2019-08-22 07:03:50,546 | INFO  | DNAudit | user=null | ip=null | op=WRITE_CHUNK {blockData=conID: 1 locID: 102659354167411369 bcsId: 0} | ret=SUCCESS |  
2019-08-22 07:03:50,550 | INFO  | DNAudit | user=null | ip=null | op=WRITE_CHUNK {blockData=conID: 1 locID: 102659354167411369 bcsId: 0} | ret=SUCCESS |  
2019-08-22 07:03:50,550 | INFO  | DNAudit | user=null | ip=null | op=WRITE_CHUNK {blockData=conID: 1 locID: 102659354167411369 bcsId: 0} | ret=SUCCESS |  
2019-08-22 07:03:50,551 | INFO  | DNAudit | user=null | ip=null | op=WRITE_CHUNK {blockData=conID: 1 locID: 102659354167411369 bcsId: 0} | ret=SUCCESS |  
2019-08-22 07:03:50,552 | INFO  | DNAudit | user=null | ip=null | op=WRITE_CHUNK {blockData=conID: 1 locID: 102659354167411369 bcsId: 0} | ret=SUCCESS |  
2019-08-22 07:03:50,552 | INFO  | DNAudit | user=null | ip=null | op=WRITE_CHUNK {blockData=conID: 1 locID: 102659354167411369 bcsId: 0} | ret=SUCCESS |  
2019-08-22 07:03:50,559 | INFO  | DNAudit | user=null | ip=null | op=WRITE_CHUNK {blockData=conID: 1 locID: 102659354167411369 bcsId: 0} | ret=SUCCESS |  
2019-08-22 07:03:50,560 | INFO  | DNAudit | user=null | ip=null | op=PUT_BLOCK {blockData=[blockId=conID: 1 locID: 102659354167411369 bcsId: 0,size=1048576]} | ret=SUCCESS |  
2019-08-22 07:03:50,560 | INFO  | DNAudit | user=null | ip=null | op=WRITE_CHUNK {blockData=conID: 1 locID: 102659354167411369 bcsId: 0} | ret=SUCCESS |  
2019-08-22 07:03:50,560 [grpc-default-executor-1] INFO  client.GrpcClientProtocolClient (GrpcClientProtocolClient.java:onNext(255)) - client-CF63D631FA17->3cf1264f-5f6b-4138-aeee-2ff7d4522ead: receive RaftClientReply:client-CF63D631FA17->3cf1264f-5f6b-4138-aeee-2ff7d4522ead@group-561E16522154, cid=3361, SUCCESS, logIndex=5096, commits[3cf1264f-5f6b-4138-aeee-2ff7d4522ead:c5098, 4f0d1a15-8f14-4d9a-ad4f-8211e1245b5d:c5095, 6999f20e-c3f7-4db4-87ca-141c476f2a88:c5095]
2019-08-22 07:03:50,561 | INFO  | DNAudit | user=null | ip=null | op=PUT_BLOCK {blockData=[blockId=conID: 1 locID: 102659354167411369 bcsId: 0,size=2097152]} | ret=SUCCESS |  
2019-08-22 07:03:50,561 | INFO  | DNAudit | user=null | ip=null | op=WRITE_CHUNK {blockData=conID: 1 locID: 102659354167411369 bcsId: 0} | ret=SUCCESS |  
2019-08-22 07:03:50,561 [grpc-default-executor-1] INFO  client.GrpcClientProtocolClient (GrpcClientProtocolClient.java:onNext(255)) - client-CF63D631FA17->3cf1264f-5f6b-4138-aeee-2ff7d4522ead: receive RaftClientReply:client-CF63D631FA17->3cf1264f-5f6b-4138-aeee-2ff7d4522ead@group-561E16522154, cid=3362, SUCCESS, logIndex=5097, commits[3cf1264f-5f6b-4138-aeee-2ff7d4522ead:c5099, 4f0d1a15-8f14-4d9a-ad4f-8211e1245b5d:c5095, 6999f20e-c3f7-4db4-87ca-141c476f2a88:c5095]
2019-08-22 07:03:50,561 [grpc-default-executor-1] INFO  client.GrpcClientProtocolClient (GrpcClientProtocolClient.java:onNext(255)) - client-CF63D631FA17->3cf1264f-5f6b-4138-aeee-2ff7d4522ead: receive RaftClientReply:client-CF63D631FA17->3cf1264f-5f6b-4138-aeee-2ff7d4522ead@group-561E16522154, cid=3363, SUCCESS, logIndex=5098, commits[3cf1264f-5f6b-4138-aeee-2ff7d4522ead:c5099, 4f0d1a15-8f14-4d9a-ad4f-8211e1245b5d:c5095, 6999f20e-c3f7-4db4-87ca-141c476f2a88:c5095]
2019-08-22 07:03:50,561 [grpc-default-executor-1] INFO  client.GrpcClientProtocolClient (GrpcClientProtocolClient.java:onNext(255)) - client-CF63D631FA17->3cf1264f-5f6b-4138-aeee-2ff7d4522ead: receive RaftClientReply:client-CF63D631FA17->3cf1264f-5f6b-4138-aeee-2ff7d4522ead@group-561E16522154, cid=3364, SUCCESS, logIndex=5099, commits[3cf1264f-5f6b-4138-aeee-2ff7d4522ead:c5100, 4f0d1a15-8f14-4d9a-ad4f-8211e1245b5d:c5096, 6999f20e-c3f7-4db4-87ca-141c476f2a88:c5095]
2019-08-22 07:03:50,563 | INFO  | DNAudit | user=null | ip=null | op=WRITE_CHUNK {blockData=conID: 1 locID: 102659354167411369 bcsId: 0} | ret=SUCCESS |  
2019-08-22 07:03:50,563 | INFO  | DNAudit | user=null | ip=null | op=PUT_BLOCK {blockData=[blockId=conID: 1 locID: 102659354167411369 bcsId: 0,size=1048576]} | ret=SUCCESS |  
2019-08-22 07:03:50,563 | INFO  | DNAudit | user=null | ip=null | op=WRITE_CHUNK {blockData=conID: 1 locID: 102659354167411369 bcsId: 0} | ret=SUCCESS |  
2019-08-22 07:03:50,574 | INFO  | DNAudit | user=null | ip=null | op=PUT_BLOCK {blockData=[blockId=conID: 1 locID: 102659354167411369 bcsId: 0,size=1048576]} | ret=SUCCESS |  
2019-08-22 07:03:50,574 | INFO  | DNAudit | user=null | ip=null | op=WRITE_CHUNK {blockData=conID: 1 locID: 102659354167411369 bcsId: 0} | ret=SUCCESS |  
2019-08-22 07:03:50,574 | INFO  | DNAudit | user=null | ip=null | op=PUT_BLOCK {blockData=[blockId=conID: 1 locID: 102659354167411369 bcsId: 0,size=2097152]} | ret=SUCCESS |  
2019-08-22 07:03:50,574 | INFO  | DNAudit | user=null | ip=null | op=PUT_BLOCK {blockData=[blockId=conID: 1 locID: 102659354167411369 bcsId: 0,size=2097152]} | ret=SUCCESS |  
2019-08-22 07:03:50,574 [grpc-default-executor-0] INFO  client.GrpcClientProtocolClient (GrpcClientProtocolClient.java:onNext(255)) - client-CF63D631FA17->3cf1264f-5f6b-4138-aeee-2ff7d4522ead: receive RaftClientReply:client-CF63D631FA17->3cf1264f-5f6b-4138-aeee-2ff7d4522ead@group-561E16522154, cid=3365, SUCCESS, logIndex=0, commits[3cf1264f-5f6b-4138-aeee-2ff7d4522ead:c5102, 4f0d1a15-8f14-4d9a-ad4f-8211e1245b5d:c5097, 6999f20e-c3f7-4db4-87ca-141c476f2a88:c5098]
2019-08-22 07:03:50,581 | INFO  | DNAudit | user=null | ip=null | op=WRITE_CHUNK {blockData=conID: 1 locID: 102659354167411369 bcsId: 5099} | ret=SUCCESS |  
2019-08-22 07:03:50,584 | INFO  | DNAudit | user=null | ip=null | op=WRITE_CHUNK {blockData=conID: 1 locID: 102659354167411369 bcsId: 5099} | ret=SUCCESS |  
2019-08-22 07:03:50,584 | INFO  | DNAudit | user=null | ip=null | op=WRITE_CHUNK {blockData=conID: 1 locID: 102659354167411369 bcsId: 5099} | ret=SUCCESS |  
2019-08-22 07:03:50,594 | INFO  | DNAudit | user=null | ip=null | op=WRITE_CHUNK {blockData=conID: 1 locID: 102659354167411369 bcsId: 5099} | ret=SUCCESS |  
2019-08-22 07:03:50,595 | INFO  | DNAudit | user=null | ip=null | op=PUT_BLOCK {blockData=[blockId=conID: 1 locID: 102659354167411369 bcsId: 0,size=3145728]} | ret=SUCCESS |  
2019-08-22 07:03:50,595 [grpc-default-executor-0] INFO  client.GrpcClientProtocolClient (GrpcClientProtocolClient.java:onNext(255)) - client-CF63D631FA17->3cf1264f-5f6b-4138-aeee-2ff7d4522ead: receive RaftClientReply:client-CF63D631FA17->3cf1264f-5f6b-4138-aeee-2ff7d4522ead@group-561E16522154, cid=3366, SUCCESS, logIndex=5104, commits[3cf1264f-5f6b-4138-aeee-2ff7d4522ead:c5105, 4f0d1a15-8f14-4d9a-ad4f-8211e1245b5d:c5103, 6999f20e-c3f7-4db4-87ca-141c476f2a88:c5103]
2019-08-22 07:03:50,595 [grpc-default-executor-0] INFO  client.GrpcClientProtocolClient (GrpcClientProtocolClient.java:onNext(255)) - client-CF63D631FA17->3cf1264f-5f6b-4138-aeee-2ff7d4522ead: receive RaftClientReply:client-CF63D631FA17->3cf1264f-5f6b-4138-aeee-2ff7d4522ead@group-561E16522154, cid=3367, SUCCESS, logIndex=5105, commits[3cf1264f-5f6b-4138-aeee-2ff7d4522ead:c5105, 4f0d1a15-8f14-4d9a-ad4f-8211e1245b5d:c5103, 6999f20e-c3f7-4db4-87ca-141c476f2a88:c5103]
2019-08-22 07:03:50,602 | INFO  | DNAudit | user=null | ip=null | op=WRITE_CHUNK {blockData=conID: 1 locID: 102659354167411369 bcsId: 5105} | ret=SUCCESS |  
2019-08-22 07:03:50,605 | INFO  | DNAudit | user=null | ip=null | op=WRITE_CHUNK {blockData=conID: 1 locID: 102659354167411369 bcsId: 5099} | ret=SUCCESS |  
2019-08-22 07:03:50,606 | INFO  | DNAudit | user=null | ip=null | op=WRITE_CHUNK {blockData=conID: 1 locID: 102659354167411369 bcsId: 5099} | ret=SUCCESS |  
2019-08-22 07:03:50,606 | INFO  | DNAudit | user=null | ip=null | op=WRITE_CHUNK {blockData=conID: 1 locID: 102659354167411369 bcsId: 5105} | ret=SUCCESS |  
2019-08-22 07:03:50,606 | INFO  | DNAudit | user=null | ip=null | op=WRITE_CHUNK {blockData=conID: 1 locID: 102659354167411369 bcsId: 5105} | ret=SUCCESS |  
2019-08-22 07:03:50,616 | INFO  | DNAudit | user=null | ip=null | op=PUT_BLOCK {blockData=[blockId=conID: 1 locID: 102659354167411369 bcsId: 0,size=3145728]} | ret=SUCCESS |  
2019-08-22 07:03:50,617 | INFO  | DNAudit | user=null | ip=null | op=PUT_BLOCK {blockData=[blockId=conID: 1 locID: 102659354167411369 bcsId: 0,size=3145728]} | ret=SUCCESS |  
2019-08-22 07:03:50,617 | INFO  | DNAudit | user=null | ip=null | op=WRITE_CHUNK {blockData=conID: 1 locID: 102659354167411369 bcsId: 5105} | ret=SUCCESS |  
2019-08-22 07:03:50,617 | INFO  | DNAudit | user=null | ip=null | op=PUT_BLOCK {blockData=[blockId=conID: 1 locID: 102659354167411369 bcsId: 0,size=4194304]} | ret=SUCCESS |  
2019-08-22 07:03:50,618 [grpc-default-executor-1] INFO  client.GrpcClientProtocolClient (GrpcClientProtocolClient.java:onNext(255)) - client-CF63D631FA17->3cf1264f-5f6b-4138-aeee-2ff7d4522ead: receive RaftClientReply:client-CF63D631FA17->3cf1264f-5f6b-4138-aeee-2ff7d4522ead@group-561E16522154, cid=3368, SUCCESS, logIndex=5108, commits[3cf1264f-5f6b-4138-aeee-2ff7d4522ead:c5109, 4f0d1a15-8f14-4d9a-ad4f-8211e1245b5d:c5105, 6999f20e-c3f7-4db4-87ca-141c476f2a88:c5105]
2019-08-22 07:03:50,618 [grpc-default-executor-1] INFO  client.GrpcClientProtocolClient (GrpcClientProtocolClient.java:onNext(255)) - client-CF63D631FA17->3cf1264f-5f6b-4138-aeee-2ff7d4522ead: receive RaftClientReply:client-CF63D631FA17->3cf1264f-5f6b-4138-aeee-2ff7d4522ead@group-561E16522154, cid=3369, SUCCESS, logIndex=5109, commits[3cf1264f-5f6b-4138-aeee-2ff7d4522ead:c5109, 4f0d1a15-8f14-4d9a-ad4f-8211e1245b5d:c5105, 6999f20e-c3f7-4db4-87ca-141c476f2a88:c5105]
2019-08-22 07:03:50,619 | INFO  | DNAudit | user=null | ip=null | op=WRITE_CHUNK {blockData=conID: 1 locID: 102659354167411369 bcsId: 5105} | ret=SUCCESS |  
2019-08-22 07:03:50,619 | INFO  | DNAudit | user=null | ip=null | op=WRITE_CHUNK {blockData=conID: 1 locID: 102659354167411369 bcsId: 5105} | ret=SUCCESS |  
2019-08-22 07:03:50,619 | INFO  | DNAudit | user=null | ip=null | op=PUT_BLOCK {blockData=[blockId=conID: 1 locID: 102659354167411369 bcsId: 0,size=4194304]} | ret=SUCCESS |  
2019-08-22 07:03:50,619 | INFO  | DNAudit | user=null | ip=null | op=PUT_BLOCK {blockData=[blockId=conID: 1 locID: 102659354167411369 bcsId: 0,size=4194304]} | ret=SUCCESS |  
2019-08-22 07:03:50,619 [grpc-default-executor-0] INFO  client.GrpcClientProtocolClient (GrpcClientProtocolClient.java:onNext(255)) - client-CF63D631FA17->3cf1264f-5f6b-4138-aeee-2ff7d4522ead: receive RaftClientReply:client-CF63D631FA17->3cf1264f-5f6b-4138-aeee-2ff7d4522ead@group-561E16522154, cid=3370, SUCCESS, logIndex=0, commits[3cf1264f-5f6b-4138-aeee-2ff7d4522ead:c5110, 4f0d1a15-8f14-4d9a-ad4f-8211e1245b5d:c5109, 6999f20e-c3f7-4db4-87ca-141c476f2a88:c5109]
2019-08-22 07:03:50,627 | INFO  | SCMAudit | user=jenkins1000 | ip=192.168.34.31 | op=ALLOCATE_BLOCK {owner=04b6d46a-98e2-41b1-9f38-1870289993ea, size=4194304, type=RATIS, factor=THREE} | ret=SUCCESS |  
2019-08-22 07:03:50,633 | INFO  | OMAudit | user=jenkins1000 | ip=127.0.0.1 | op=ALLOCATE_BLOCK {volume=vol-0-14906, bucket=bucket-0-53153, key=key-0-33222, dataSize=0, replicationType=null, replicationFactor=null, keyLocationInfo=null, clientID=102659352017764754} | ret=SUCCESS |  
2019-08-22 07:03:50,642 | INFO  | DNAudit | user=null | ip=null | op=WRITE_CHUNK {blockData=conID: 2 locID: 102659354173571754 bcsId: 0} | ret=SUCCESS |  
2019-08-22 07:03:50,646 | INFO  | DNAudit | user=null | ip=null | op=WRITE_CHUNK {blockData=conID: 2 locID: 102659354173571754 bcsId: 0} | ret=SUCCESS |  
2019-08-22 07:03:50,646 | INFO  | DNAudit | user=null | ip=null | op=WRITE_CHUNK {blockData=conID: 2 locID: 102659354173571754 bcsId: 0} | ret=SUCCESS |  
2019-08-22 07:03:50,647 | INFO  | DNAudit | user=null | ip=null | op=WRITE_CHUNK {blockData=conID: 2 locID: 102659354173571754 bcsId: 0} | ret=SUCCESS |  
2019-08-22 07:03:50,648 | INFO  | DNAudit | user=null | ip=null | op=WRITE_CHUNK {blockData=conID: 2 locID: 102659354173571754 bcsId: 0} | ret=SUCCESS |  
2019-08-22 07:03:50,649 | INFO  | DNAudit | user=null | ip=null | op=WRITE_CHUNK {blockData=conID: 2 locID: 102659354173571754 bcsId: 0} | ret=SUCCESS |  
2019-08-22 07:03:50,663 | INFO  | DNAudit | user=null | ip=null | op=WRITE_CHUNK {blockData=conID: 2 locID: 102659354173571754 bcsId: 0} | ret=SUCCESS |  
2019-08-22 07:03:50,663 | INFO  | DNAudit | user=null | ip=null | op=PUT_BLOCK {blockData=[blockId=conID: 2 locID: 102659354173571754 bcsId: 0,size=1048576]} | ret=SUCCESS |  
2019-08-22 07:03:50,664 | INFO  | DNAudit | user=null | ip=null | op=WRITE_CHUNK {blockData=conID: 2 locID: 102659354173571754 bcsId: 0} | ret=SUCCESS |  
2019-08-22 07:03:50,664 [grpc-default-executor-3] INFO  client.GrpcClientProtocolClient (GrpcClientProtocolClient.java:onNext(255)) - client-CF63D631FA17->3cf1264f-5f6b-4138-aeee-2ff7d4522ead: receive RaftClientReply:client-CF63D631FA17->3cf1264f-5f6b-4138-aeee-2ff7d4522ead@group-561E16522154, cid=3371, SUCCESS, logIndex=5112, commits[3cf1264f-5f6b-4138-aeee-2ff7d4522ead:c5113, 4f0d1a15-8f14-4d9a-ad4f-8211e1245b5d:c5111, 6999f20e-c3f7-4db4-87ca-141c476f2a88:c5111]
2019-08-22 07:03:50,664 | INFO  | DNAudit | user=null | ip=null | op=PUT_BLOCK {blockData=[blockId=conID: 2 locID: 102659354173571754 bcsId: 0,size=2097152]} | ret=SUCCESS |  
2019-08-22 07:03:50,664 [grpc-default-executor-3] INFO  client.GrpcClientProtocolClient (GrpcClientProtocolClient.java:onNext(255)) - client-CF63D631FA17->3cf1264f-5f6b-4138-aeee-2ff7d4522ead: receive RaftClientReply:client-CF63D631FA17->3cf1264f-5f6b-4138-aeee-2ff7d4522ead@group-561E16522154, cid=3372, SUCCESS, logIndex=5113, commits[3cf1264f-5f6b-4138-aeee-2ff7d4522ead:c5115, 4f0d1a15-8f14-4d9a-ad4f-8211e1245b5d:c5111, 6999f20e-c3f7-4db4-87ca-141c476f2a88:c5111]
2019-08-22 07:03:50,665 | INFO  | DNAudit | user=null | ip=null | op=WRITE_CHUNK {blockData=conID: 2 locID: 102659354173571754 bcsId: 0} | ret=SUCCESS |  
2019-08-22 07:03:50,665 [grpc-default-executor-3] INFO  client.GrpcClientProtocolClient (GrpcClientProtocolClient.java:onNext(255)) - client-CF63D631FA17->3cf1264f-5f6b-4138-aeee-2ff7d4522ead: receive RaftClientReply:client-CF63D631FA17->3cf1264f-5f6b-4138-aeee-2ff7d4522ead@group-561E16522154, cid=3373, SUCCESS, logIndex=5114, commits[3cf1264f-5f6b-4138-aeee-2ff7d4522ead:c5115, 4f0d1a15-8f14-4d9a-ad4f-8211e1245b5d:c5111, 6999f20e-c3f7-4db4-87ca-141c476f2a88:c5111]
2019-08-22 07:03:50,665 [grpc-default-executor-3] INFO  client.GrpcClientProtocolClient (GrpcClientProtocolClient.java:onNext(255)) - client-CF63D631FA17->3cf1264f-5f6b-4138-aeee-2ff7d4522ead: receive RaftClientReply:client-CF63D631FA17->3cf1264f-5f6b-4138-aeee-2ff7d4522ead@group-561E16522154, cid=3374, SUCCESS, logIndex=5115, commits[3cf1264f-5f6b-4138-aeee-2ff7d4522ead:c5115, 4f0d1a15-8f14-4d9a-ad4f-8211e1245b5d:c5111, 6999f20e-c3f7-4db4-87ca-141c476f2a88:c5111]
2019-08-22 07:03:50,667 | INFO  | DNAudit | user=null | ip=null | op=WRITE_CHUNK {blockData=conID: 2 locID: 102659354173571754 bcsId: 0} | ret=SUCCESS |  
2019-08-22 07:03:50,667 | INFO  | DNAudit | user=null | ip=null | op=PUT_BLOCK {blockData=[blockId=conID: 2 locID: 102659354173571754 bcsId: 0,size=1048576]} | ret=SUCCESS |  
2019-08-22 07:03:50,677 | INFO  | DNAudit | user=null | ip=null | op=PUT_BLOCK {blockData=[blockId=conID: 2 locID: 102659354173571754 bcsId: 0,size=1048576]} | ret=SUCCESS |  
2019-08-22 07:03:50,678 | INFO  | DNAudit | user=null | ip=null | op=WRITE_CHUNK {blockData=conID: 2 locID: 102659354173571754 bcsId: 0} | ret=SUCCESS |  
2019-08-22 07:03:50,678 | INFO  | DNAudit | user=null | ip=null | op=PUT_BLOCK {blockData=[blockId=conID: 2 locID: 102659354173571754 bcsId: 0,size=2097152]} | ret=SUCCESS |  
2019-08-22 07:03:50,678 | INFO  | DNAudit | user=null | ip=null | op=WRITE_CHUNK {blockData=conID: 2 locID: 102659354173571754 bcsId: 0} | ret=SUCCESS |  
2019-08-22 07:03:50,678 | INFO  | DNAudit | user=null | ip=null | op=PUT_BLOCK {blockData=[blockId=conID: 2 locID: 102659354173571754 bcsId: 0,size=2097152]} | ret=SUCCESS |  
2019-08-22 07:03:50,678 [grpc-default-executor-0] INFO  client.GrpcClientProtocolClient (GrpcClientProtocolClient.java:onNext(255)) - client-CF63D631FA17->3cf1264f-5f6b-4138-aeee-2ff7d4522ead: receive RaftClientReply:client-CF63D631FA17->3cf1264f-5f6b-4138-aeee-2ff7d4522ead@group-561E16522154, cid=3375, SUCCESS, logIndex=0, commits[3cf1264f-5f6b-4138-aeee-2ff7d4522ead:c5117, 4f0d1a15-8f14-4d9a-ad4f-8211e1245b5d:c5113, 6999f20e-c3f7-4db4-87ca-141c476f2a88:c5113]
2019-08-22 07:03:50,686 | INFO  | DNAudit | user=null | ip=null | op=WRITE_CHUNK {blockData=conID: 2 locID: 102659354173571754 bcsId: 5115} | ret=SUCCESS |  
2019-08-22 07:03:50,689 | INFO  | DNAudit | user=null | ip=null | op=WRITE_CHUNK {blockData=conID: 2 locID: 102659354173571754 bcsId: 5115} | ret=SUCCESS |  
2019-08-22 07:03:50,690 | INFO  | DNAudit | user=null | ip=null | op=WRITE_CHUNK {blockData=conID: 2 locID: 102659354173571754 bcsId: 5115} | ret=SUCCESS |  
2019-08-22 07:03:50,699 | INFO  | DNAudit | user=null | ip=null | op=WRITE_CHUNK {blockData=conID: 2 locID: 102659354173571754 bcsId: 5115} | ret=SUCCESS |  
2019-08-22 07:03:50,699 | INFO  | DNAudit | user=null | ip=null | op=PUT_BLOCK {blockData=[blockId=conID: 2 locID: 102659354173571754 bcsId: 0,size=3145728]} | ret=SUCCESS |  
2019-08-22 07:03:50,699 [grpc-default-executor-3] INFO  client.GrpcClientProtocolClient (GrpcClientProtocolClient.java:onNext(255)) - client-CF63D631FA17->3cf1264f-5f6b-4138-aeee-2ff7d4522ead: receive RaftClientReply:client-CF63D631FA17->3cf1264f-5f6b-4138-aeee-2ff7d4522ead@group-561E16522154, cid=3376, SUCCESS, logIndex=5119, commits[3cf1264f-5f6b-4138-aeee-2ff7d4522ead:c5120, 4f0d1a15-8f14-4d9a-ad4f-8211e1245b5d:c5118, 6999f20e-c3f7-4db4-87ca-141c476f2a88:c5115]
2019-08-22 07:03:50,700 [grpc-default-executor-3] INFO  client.GrpcClientProtocolClient (GrpcClientProtocolClient.java:onNext(255)) - client-CF63D631FA17->3cf1264f-5f6b-4138-aeee-2ff7d4522ead: receive RaftClientReply:client-CF63D631FA17->3cf1264f-5f6b-4138-aeee-2ff7d4522ead@group-561E16522154, cid=3377, SUCCESS, logIndex=5120, commits[3cf1264f-5f6b-4138-aeee-2ff7d4522ead:c5120, 4f0d1a15-8f14-4d9a-ad4f-8211e1245b5d:c5118, 6999f20e-c3f7-4db4-87ca-141c476f2a88:c5118]
2019-08-22 07:03:50,700 | INFO  | DNAudit | user=null | ip=null | op=WRITE_CHUNK {blockData=conID: 2 locID: 102659354173571754 bcsId: 5115} | ret=SUCCESS |  
2019-08-22 07:03:50,700 | INFO  | DNAudit | user=null | ip=null | op=WRITE_CHUNK {blockData=conID: 2 locID: 102659354173571754 bcsId: 5115} | ret=SUCCESS |  
2019-08-22 07:03:50,700 | INFO  | DNAudit | user=null | ip=null | op=PUT_BLOCK {blockData=[blockId=conID: 2 locID: 102659354173571754 bcsId: 0,size=3145728]} | ret=SUCCESS |  
2019-08-22 07:03:50,700 | INFO  | DNAudit | user=null | ip=null | op=PUT_BLOCK {blockData=[blockId=conID: 2 locID: 102659354173571754 bcsId: 0,size=3145728]} | ret=SUCCESS |  
2019-08-22 07:03:50,707 | INFO  | DNAudit | user=null | ip=null | op=WRITE_CHUNK {blockData=conID: 2 locID: 102659354173571754 bcsId: 5120} | ret=SUCCESS |  
2019-08-22 07:03:50,710 | INFO  | DNAudit | user=null | ip=null | op=WRITE_CHUNK {blockData=conID: 2 locID: 102659354173571754 bcsId: 5120} | ret=SUCCESS |  
2019-08-22 07:03:50,711 | INFO  | DNAudit | user=null | ip=null | op=WRITE_CHUNK {blockData=conID: 2 locID: 102659354173571754 bcsId: 5120} | ret=SUCCESS |  
2019-08-22 07:03:50,724 | INFO  | DNAudit | user=null | ip=null | op=WRITE_CHUNK {blockData=conID: 2 locID: 102659354173571754 bcsId: 5120} | ret=SUCCESS |  
2019-08-22 07:03:50,724 | INFO  | DNAudit | user=null | ip=null | op=PUT_BLOCK {blockData=[blockId=conID: 2 locID: 102659354173571754 bcsId: 0,size=4194304]} | ret=SUCCESS |  
2019-08-22 07:03:50,724 [grpc-default-executor-3] INFO  client.GrpcClientProtocolClient (GrpcClientProtocolClient.java:onNext(255)) - client-CF63D631FA17->3cf1264f-5f6b-4138-aeee-2ff7d4522ead: receive RaftClientReply:client-CF63D631FA17->3cf1264f-5f6b-4138-aeee-2ff7d4522ead@group-561E16522154, cid=3378, SUCCESS, logIndex=5122, commits[3cf1264f-5f6b-4138-aeee-2ff7d4522ead:c5123, 4f0d1a15-8f14-4d9a-ad4f-8211e1245b5d:c5121, 6999f20e-c3f7-4db4-87ca-141c476f2a88:c5121]
2019-08-22 07:03:50,725 [grpc-default-executor-3] INFO  client.GrpcClientProtocolClient (GrpcClientProtocolClient.java:onNext(255)) - client-CF63D631FA17->3cf1264f-5f6b-4138-aeee-2ff7d4522ead: receive RaftClientReply:client-CF63D631FA17->3cf1264f-5f6b-4138-aeee-2ff7d4522ead@group-561E16522154, cid=3379, SUCCESS, logIndex=5123, commits[3cf1264f-5f6b-4138-aeee-2ff7d4522ead:c5123, 4f0d1a15-8f14-4d9a-ad4f-8211e1245b5d:c5121, 6999f20e-c3f7-4db4-87ca-141c476f2a88:c5121]
2019-08-22 07:03:50,735 | INFO  | DNAudit | user=null | ip=null | op=WRITE_CHUNK {blockData=conID: 2 locID: 102659354173571754 bcsId: 5120} | ret=SUCCESS |  
2019-08-22 07:03:50,736 | INFO  | DNAudit | user=null | ip=null | op=WRITE_CHUNK {blockData=conID: 2 locID: 102659354173571754 bcsId: 5120} | ret=SUCCESS |  
2019-08-22 07:03:50,736 | INFO  | DNAudit | user=null | ip=null | op=PUT_BLOCK {blockData=[blockId=conID: 2 locID: 102659354173571754 bcsId: 0,size=4194304]} | ret=SUCCESS |  
2019-08-22 07:03:50,736 | INFO  | DNAudit | user=null | ip=null | op=PUT_BLOCK {blockData=[blockId=conID: 2 locID: 102659354173571754 bcsId: 0,size=4194304]} | ret=SUCCESS |  
2019-08-22 07:03:50,736 [grpc-default-executor-1] INFO  client.GrpcClientProtocolClient (GrpcClientProtocolClient.java:onNext(255)) - client-CF63D631FA17->3cf1264f-5f6b-4138-aeee-2ff7d4522ead: receive RaftClientReply:client-CF63D631FA17->3cf1264f-5f6b-4138-aeee-2ff7d4522ead@group-561E16522154, cid=3380, SUCCESS, logIndex=0, commits[3cf1264f-5f6b-4138-aeee-2ff7d4522ead:c5124, 4f0d1a15-8f14-4d9a-ad4f-8211e1245b5d:c5123, 6999f20e-c3f7-4db4-87ca-141c476f2a88:c5123]
2019-08-22 07:03:50,744 | INFO  | SCMAudit | user=jenkins1000 | ip=192.168.34.31 | op=ALLOCATE_BLOCK {owner=04b6d46a-98e2-41b1-9f38-1870289993ea, size=4194304, type=RATIS, factor=THREE} | ret=SUCCESS |  
2019-08-22 07:03:50,748 | INFO  | OMAudit | user=jenkins1000 | ip=127.0.0.1 | op=ALLOCATE_BLOCK {volume=vol-0-14906, bucket=bucket-0-53153, key=key-0-33222, dataSize=0, replicationType=null, replicationFactor=null, keyLocationInfo=null, clientID=102659352017764754} | ret=SUCCESS |  
2019-08-22 07:03:50,756 | INFO  | DNAudit | user=null | ip=null | op=WRITE_CHUNK {blockData=conID: 3 locID: 102659354181239467 bcsId: 0} | ret=SUCCESS |  
2019-08-22 07:03:50,877 | INFO  | DNAudit | user=null | ip=null | op=WRITE_CHUNK {blockData=conID: 3 locID: 102659354181239467 bcsId: 0} | ret=SUCCESS |  
2019-08-22 07:03:50,879 | INFO  | DNAudit | user=null | ip=null | op=WRITE_CHUNK {blockData=conID: 3 locID: 102659354181239467 bcsId: 0} | ret=SUCCESS |  
2019-08-22 07:03:50,880 | INFO  | DNAudit | user=null | ip=null | op=WRITE_CHUNK {blockData=conID: 3 locID: 102659354181239467 bcsId: 0} | ret=SUCCESS |  
2019-08-22 07:03:50,882 | INFO  | DNAudit | user=null | ip=null | op=WRITE_CHUNK {blockData=conID: 3 locID: 102659354181239467 bcsId: 0} | ret=SUCCESS |  
2019-08-22 07:03:50,882 | INFO  | DNAudit | user=null | ip=null | op=WRITE_CHUNK {blockData=conID: 3 locID: 102659354181239467 bcsId: 0} | ret=SUCCESS |  
2019-08-22 07:03:50,891 | INFO  | DNAudit | user=null | ip=null | op=WRITE_CHUNK {blockData=conID: 3 locID: 102659354181239467 bcsId: 0} | ret=SUCCESS |  
2019-08-22 07:03:50,891 | INFO  | DNAudit | user=null | ip=null | op=PUT_BLOCK {blockData=[blockId=conID: 3 locID: 102659354181239467 bcsId: 0,size=1048576]} | ret=SUCCESS |  
2019-08-22 07:03:50,892 [grpc-default-executor-1] INFO  client.GrpcClientProtocolClient (GrpcClientProtocolClient.java:onNext(255)) - client-CF63D631FA17->3cf1264f-5f6b-4138-aeee-2ff7d4522ead: receive RaftClientReply:client-CF63D631FA17->3cf1264f-5f6b-4138-aeee-2ff7d4522ead@group-561E16522154, cid=3381, SUCCESS, logIndex=5126, commits[3cf1264f-5f6b-4138-aeee-2ff7d4522ead:c5127, 4f0d1a15-8f14-4d9a-ad4f-8211e1245b5d:c5123, 6999f20e-c3f7-4db4-87ca-141c476f2a88:c5125]
2019-08-22 07:03:50,892 [grpc-default-executor-1] INFO  client.GrpcClientProtocolClient (GrpcClientProtocolClient.java:onNext(255)) - client-CF63D631FA17->3cf1264f-5f6b-4138-aeee-2ff7d4522ead: receive RaftClientReply:client-CF63D631FA17->3cf1264f-5f6b-4138-aeee-2ff7d4522ead@group-561E16522154, cid=3382, SUCCESS, logIndex=5127, commits[3cf1264f-5f6b-4138-aeee-2ff7d4522ead:c5127, 4f0d1a15-8f14-4d9a-ad4f-8211e1245b5d:c5123, 6999f20e-c3f7-4db4-87ca-141c476f2a88:c5125]
2019-08-22 07:03:50,893 | INFO  | DNAudit | user=null | ip=null | op=WRITE_CHUNK {blockData=conID: 3 locID: 102659354181239467 bcsId: 0} | ret=SUCCESS |  
2019-08-22 07:03:50,893 | INFO  | DNAudit | user=null | ip=null | op=PUT_BLOCK {blockData=[blockId=conID: 3 locID: 102659354181239467 bcsId: 0,size=2097152]} | ret=SUCCESS |  
2019-08-22 07:03:50,894 [grpc-default-executor-0] INFO  client.GrpcClientProtocolClient (GrpcClientProtocolClient.java:onNext(255)) - client-CF63D631FA17->3cf1264f-5f6b-4138-aeee-2ff7d4522ead: receive RaftClientReply:client-CF63D631FA17->3cf1264f-5f6b-4138-aeee-2ff7d4522ead@group-561E16522154, cid=3383, SUCCESS, logIndex=5128, commits[3cf1264f-5f6b-4138-aeee-2ff7d4522ead:c5129, 4f0d1a15-8f14-4d9a-ad4f-8211e1245b5d:c5125, 6999f20e-c3f7-4db4-87ca-141c476f2a88:c5125]
2019-08-22 07:03:50,894 [grpc-default-executor-0] INFO  client.GrpcClientProtocolClient (GrpcClientProtocolClient.java:onNext(255)) - client-CF63D631FA17->3cf1264f-5f6b-4138-aeee-2ff7d4522ead: receive RaftClientReply:client-CF63D631FA17->3cf1264f-5f6b-4138-aeee-2ff7d4522ead@group-561E16522154, cid=3384, SUCCESS, logIndex=5129, commits[3cf1264f-5f6b-4138-aeee-2ff7d4522ead:c5129, 4f0d1a15-8f14-4d9a-ad4f-8211e1245b5d:c5125, 6999f20e-c3f7-4db4-87ca-141c476f2a88:c5125]
2019-08-22 07:03:50,895 | INFO  | DNAudit | user=null | ip=null | op=WRITE_CHUNK {blockData=conID: 3 locID: 102659354181239467 bcsId: 0} | ret=SUCCESS |  
2019-08-22 07:03:50,895 | INFO  | DNAudit | user=null | ip=null | op=PUT_BLOCK {blockData=[blockId=conID: 3 locID: 102659354181239467 bcsId: 0,size=1048576]} | ret=SUCCESS |  
2019-08-22 07:03:50,895 | INFO  | DNAudit | user=null | ip=null | op=WRITE_CHUNK {blockData=conID: 3 locID: 102659354181239467 bcsId: 0} | ret=SUCCESS |  
2019-08-22 07:03:50,896 | INFO  | DNAudit | user=null | ip=null | op=PUT_BLOCK {blockData=[blockId=conID: 3 locID: 102659354181239467 bcsId: 0,size=1048576]} | ret=SUCCESS |  
2019-08-22 07:03:50,896 [grpc-default-executor-1] INFO  client.GrpcClientProtocolClient (GrpcClientProtocolClient.java:onNext(255)) - client-CF63D631FA17->3cf1264f-5f6b-4138-aeee-2ff7d4522ead: receive RaftClientReply:client-CF63D631FA17->3cf1264f-5f6b-4138-aeee-2ff7d4522ead@group-561E16522154, cid=3385, SUCCESS, logIndex=0, commits[3cf1264f-5f6b-4138-aeee-2ff7d4522ead:c5131, 4f0d1a15-8f14-4d9a-ad4f-8211e1245b5d:c5127, 6999f20e-c3f7-4db4-87ca-141c476f2a88:c5127]
2019-08-22 07:03:50,904 | INFO  | DNAudit | user=null | ip=null | op=WRITE_CHUNK {blockData=conID: 3 locID: 102659354181239467 bcsId: 5129} | ret=SUCCESS |  
2019-08-22 07:03:50,906 | INFO  | DNAudit | user=null | ip=null | op=WRITE_CHUNK {blockData=conID: 3 locID: 102659354181239467 bcsId: 0} | ret=SUCCESS |  
2019-08-22 07:03:50,906 | INFO  | DNAudit | user=null | ip=null | op=WRITE_CHUNK {blockData=conID: 3 locID: 102659354181239467 bcsId: 0} | ret=SUCCESS |  
2019-08-22 07:03:50,906 | INFO  | DNAudit | user=null | ip=null | op=PUT_BLOCK {blockData=[blockId=conID: 3 locID: 102659354181239467 bcsId: 0,size=2097152]} | ret=SUCCESS |  
2019-08-22 07:03:50,906 | INFO  | DNAudit | user=null | ip=null | op=PUT_BLOCK {blockData=[blockId=conID: 3 locID: 102659354181239467 bcsId: 0,size=2097152]} | ret=SUCCESS |  
2019-08-22 07:03:50,907 | INFO  | DNAudit | user=null | ip=null | op=WRITE_CHUNK {blockData=conID: 3 locID: 102659354181239467 bcsId: 5129} | ret=SUCCESS |  
2019-08-22 07:03:50,907 | INFO  | DNAudit | user=null | ip=null | op=WRITE_CHUNK {blockData=conID: 3 locID: 102659354181239467 bcsId: 5129} | ret=SUCCESS |  
2019-08-22 07:03:50,932 | INFO  | DNAudit | user=null | ip=null | op=WRITE_CHUNK {blockData=conID: 3 locID: 102659354181239467 bcsId: 5129} | ret=SUCCESS |  
2019-08-22 07:03:50,933 | INFO  | DNAudit | user=null | ip=null | op=PUT_BLOCK {blockData=[blockId=conID: 3 locID: 102659354181239467 bcsId: 0,size=3145728]} | ret=SUCCESS |  
2019-08-22 07:03:50,933 [grpc-default-executor-1] INFO  client.GrpcClientProtocolClient (GrpcClientProtocolClient.java:onNext(255)) - client-CF63D631FA17->3cf1264f-5f6b-4138-aeee-2ff7d4522ead: receive RaftClientReply:client-CF63D631FA17->3cf1264f-5f6b-4138-aeee-2ff7d4522ead@group-561E16522154, cid=3386, SUCCESS, logIndex=5134, commits[3cf1264f-5f6b-4138-aeee-2ff7d4522ead:c5135, 4f0d1a15-8f14-4d9a-ad4f-8211e1245b5d:c5131, 6999f20e-c3f7-4db4-87ca-141c476f2a88:c5131]
2019-08-22 07:03:50,933 [grpc-default-executor-1] INFO  client.GrpcClientProtocolClient (GrpcClientProtocolClient.java:onNext(255)) - client-CF63D631FA17->3cf1264f-5f6b-4138-aeee-2ff7d4522ead: receive RaftClientReply:client-CF63D631FA17->3cf1264f-5f6b-4138-aeee-2ff7d4522ead@group-561E16522154, cid=3387, SUCCESS, logIndex=5135, commits[3cf1264f-5f6b-4138-aeee-2ff7d4522ead:c5135, 4f0d1a15-8f14-4d9a-ad4f-8211e1245b5d:c5131, 6999f20e-c3f7-4db4-87ca-141c476f2a88:c5131]
2019-08-22 07:03:50,934 | INFO  | DNAudit | user=null | ip=null | op=WRITE_CHUNK {blockData=conID: 3 locID: 102659354181239467 bcsId: 5129} | ret=SUCCESS |  
2019-08-22 07:03:50,934 | INFO  | DNAudit | user=null | ip=null | op=WRITE_CHUNK {blockData=conID: 3 locID: 102659354181239467 bcsId: 5129} | ret=SUCCESS |  
2019-08-22 07:03:50,934 | INFO  | DNAudit | user=null | ip=null | op=PUT_BLOCK {blockData=[blockId=conID: 3 locID: 102659354181239467 bcsId: 0,size=3145728]} | ret=SUCCESS |  
2019-08-22 07:03:50,935 | INFO  | DNAudit | user=null | ip=null | op=PUT_BLOCK {blockData=[blockId=conID: 3 locID: 102659354181239467 bcsId: 0,size=3145728]} | ret=SUCCESS |  
2019-08-22 07:03:50,941 | INFO  | DNAudit | user=null | ip=null | op=WRITE_CHUNK {blockData=conID: 3 locID: 102659354181239467 bcsId: 5135} | ret=SUCCESS |  
2019-08-22 07:03:50,944 | INFO  | DNAudit | user=null | ip=null | op=WRITE_CHUNK {blockData=conID: 3 locID: 102659354181239467 bcsId: 5135} | ret=SUCCESS |  
2019-08-22 07:03:50,944 | INFO  | DNAudit | user=null | ip=null | op=WRITE_CHUNK {blockData=conID: 3 locID: 102659354181239467 bcsId: 5135} | ret=SUCCESS |  
2019-08-22 07:03:50,954 | INFO  | DNAudit | user=null | ip=null | op=WRITE_CHUNK {blockData=conID: 3 locID: 102659354181239467 bcsId: 5135} | ret=SUCCESS |  
2019-08-22 07:03:50,954 | INFO  | DNAudit | user=null | ip=null | op=PUT_BLOCK {blockData=[blockId=conID: 3 locID: 102659354181239467 bcsId: 0,size=4194304]} | ret=SUCCESS |  
2019-08-22 07:03:50,955 [grpc-default-executor-0] INFO  client.GrpcClientProtocolClient (GrpcClientProtocolClient.java:onNext(255)) - client-CF63D631FA17->3cf1264f-5f6b-4138-aeee-2ff7d4522ead: receive RaftClientReply:client-CF63D631FA17->3cf1264f-5f6b-4138-aeee-2ff7d4522ead@group-561E16522154, cid=3388, SUCCESS, logIndex=5138, commits[3cf1264f-5f6b-4138-aeee-2ff7d4522ead:c5139, 4f0d1a15-8f14-4d9a-ad4f-8211e1245b5d:c5137, 6999f20e-c3f7-4db4-87ca-141c476f2a88:c5137]
2019-08-22 07:03:50,955 [grpc-default-executor-0] INFO  client.GrpcClientProtocolClient (GrpcClientProtocolClient.java:onNext(255)) - client-CF63D631FA17->3cf1264f-5f6b-4138-aeee-2ff7d4522ead: receive RaftClientReply:client-CF63D631FA17->3cf1264f-5f6b-4138-aeee-2ff7d4522ead@group-561E16522154, cid=3389, SUCCESS, logIndex=5139, commits[3cf1264f-5f6b-4138-aeee-2ff7d4522ead:c5139, 4f0d1a15-8f14-4d9a-ad4f-8211e1245b5d:c5137, 6999f20e-c3f7-4db4-87ca-141c476f2a88:c5137]
2019-08-22 07:03:50,965 | INFO  | DNAudit | user=null | ip=null | op=WRITE_CHUNK {blockData=conID: 3 locID: 102659354181239467 bcsId: 5135} | ret=SUCCESS |  
2019-08-22 07:03:50,965 | INFO  | DNAudit | user=null | ip=null | op=WRITE_CHUNK {blockData=conID: 3 locID: 102659354181239467 bcsId: 5135} | ret=SUCCESS |  
2019-08-22 07:03:50,968 | INFO  | DNAudit | user=null | ip=null | op=PUT_BLOCK {blockData=[blockId=conID: 3 locID: 102659354181239467 bcsId: 0,size=4194304]} | ret=SUCCESS |  
2019-08-22 07:03:50,968 | INFO  | DNAudit | user=null | ip=null | op=PUT_BLOCK {blockData=[blockId=conID: 3 locID: 102659354181239467 bcsId: 0,size=4194304]} | ret=SUCCESS |  
2019-08-22 07:03:50,969 [grpc-default-executor-0] INFO  client.GrpcClientProtocolClient (GrpcClientProtocolClient.java:onNext(255)) - client-CF63D631FA17->3cf1264f-5f6b-4138-aeee-2ff7d4522ead: receive RaftClientReply:client-CF63D631FA17->3cf1264f-5f6b-4138-aeee-2ff7d4522ead@group-561E16522154, cid=3390, SUCCESS, logIndex=0, commits[3cf1264f-5f6b-4138-aeee-2ff7d4522ead:c5141, 4f0d1a15-8f14-4d9a-ad4f-8211e1245b5d:c5139, 6999f20e-c3f7-4db4-87ca-141c476f2a88:c5139]
2019-08-22 07:03:50,972 | INFO  | SCMAudit | user=jenkins1000 | ip=192.168.34.31 | op=SEND_HEARTBEAT {datanodeUUID=6ab6b5dd-7582-43bd-ad39-1af51ca14a47, command=[]} | ret=SUCCESS |  
2019-08-22 07:03:50,972 | INFO  | SCMAudit | user=jenkins1000 | ip=192.168.34.31 | op=SEND_HEARTBEAT {datanodeUUID=f789f48f-f3d7-45ec-9bba-6a89e2bdcc9c, command=[]} | ret=SUCCESS |  
2019-08-22 07:03:50,973 | INFO  | SCMAudit | user=jenkins1000 | ip=192.168.34.31 | op=SEND_HEARTBEAT {datanodeUUID=6999f20e-c3f7-4db4-87ca-141c476f2a88, command=[]} | ret=SUCCESS |  
2019-08-22 07:03:50,973 | INFO  | SCMAudit | user=jenkins1000 | ip=192.168.34.31 | op=SEND_HEARTBEAT {datanodeUUID=3cf1264f-5f6b-4138-aeee-2ff7d4522ead, command=[]} | ret=SUCCESS |  
 0.00% |█                                                                                                    |  0/1 Time: 0:00:332019-08-22 07:03:50,978 | INFO  | SCMAudit | user=jenkins1000 | ip=192.168.34.31 | op=ALLOCATE_BLOCK {owner=04b6d46a-98e2-41b1-9f38-1870289993ea, size=4194304, type=RATIS, factor=THREE} | ret=SUCCESS |  
2019-08-22 07:03:50,984 | INFO  | OMAudit | user=jenkins1000 | ip=127.0.0.1 | op=ALLOCATE_BLOCK {volume=vol-0-14906, bucket=bucket-0-53153, key=key-0-33222, dataSize=0, replicationType=null, replicationFactor=null, keyLocationInfo=null, clientID=102659352017764754} | ret=SUCCESS |  
2019-08-22 07:03:50,992 | INFO  | DNAudit | user=null | ip=null | op=WRITE_CHUNK {blockData=conID: 1 locID: 102659354196574892 bcsId: 0} | ret=SUCCESS |  
2019-08-22 07:03:50,995 | INFO  | DNAudit | user=null | ip=null | op=WRITE_CHUNK {blockData=conID: 1 locID: 102659354196574892 bcsId: 0} | ret=SUCCESS |  
2019-08-22 07:03:50,995 | INFO  | DNAudit | user=null | ip=null | op=WRITE_CHUNK {blockData=conID: 1 locID: 102659354196574892 bcsId: 0} | ret=SUCCESS |  
2019-08-22 07:03:50,996 | INFO  | DNAudit | user=null | ip=null | op=WRITE_CHUNK {blockData=conID: 1 locID: 102659354196574892 bcsId: 0} | ret=SUCCESS |  
2019-08-22 07:03:50,999 | INFO  | DNAudit | user=null | ip=null | op=WRITE_CHUNK {blockData=conID: 1 locID: 102659354196574892 bcsId: 0} | ret=SUCCESS |  
2019-08-22 07:03:50,999 | INFO  | DNAudit | user=null | ip=null | op=WRITE_CHUNK {blockData=conID: 1 locID: 102659354196574892 bcsId: 0} | ret=SUCCESS |  
2019-08-22 07:03:51,004 | INFO  | DNAudit | user=null | ip=null | op=WRITE_CHUNK {blockData=conID: 1 locID: 102659354196574892 bcsId: 0} | ret=SUCCESS |  
2019-08-22 07:03:51,005 | INFO  | DNAudit | user=null | ip=null | op=PUT_BLOCK {blockData=[blockId=conID: 1 locID: 102659354196574892 bcsId: 0,size=1048576]} | ret=SUCCESS |  
2019-08-22 07:03:51,005 [grpc-default-executor-1] INFO  client.GrpcClientProtocolClient (GrpcClientProtocolClient.java:onNext(255)) - client-CF63D631FA17->3cf1264f-5f6b-4138-aeee-2ff7d4522ead: receive RaftClientReply:client-CF63D631FA17->3cf1264f-5f6b-4138-aeee-2ff7d4522ead@group-561E16522154, cid=3391, SUCCESS, logIndex=5142, commits[3cf1264f-5f6b-4138-aeee-2ff7d4522ead:c5143, 4f0d1a15-8f14-4d9a-ad4f-8211e1245b5d:c5141, 6999f20e-c3f7-4db4-87ca-141c476f2a88:c5141]
2019-08-22 07:03:51,005 | INFO  | DNAudit | user=null | ip=null | op=WRITE_CHUNK {blockData=conID: 1 locID: 102659354196574892 bcsId: 0} | ret=SUCCESS |  
2019-08-22 07:03:51,005 | INFO  | DNAudit | user=null | ip=null | op=PUT_BLOCK {blockData=[blockId=conID: 1 locID: 102659354196574892 bcsId: 0,size=2097152]} | ret=SUCCESS |  
2019-08-22 07:03:51,006 [grpc-default-executor-1] INFO  client.GrpcClientProtocolClient (GrpcClientProtocolClient.java:onNext(255)) - client-CF63D631FA17->3cf1264f-5f6b-4138-aeee-2ff7d4522ead: receive RaftClientReply:client-CF63D631FA17->3cf1264f-5f6b-4138-aeee-2ff7d4522ead@group-561E16522154, cid=3392, SUCCESS, logIndex=5143, commits[3cf1264f-5f6b-4138-aeee-2ff7d4522ead:c5143, 4f0d1a15-8f14-4d9a-ad4f-8211e1245b5d:c5141, 6999f20e-c3f7-4db4-87ca-141c476f2a88:c5141]
2019-08-22 07:03:51,006 [grpc-default-executor-1] INFO  client.GrpcClientProtocolClient (GrpcClientProtocolClient.java:onNext(255)) - client-CF63D631FA17->3cf1264f-5f6b-4138-aeee-2ff7d4522ead: receive RaftClientReply:client-CF63D631FA17->3cf1264f-5f6b-4138-aeee-2ff7d4522ead@group-561E16522154, cid=3393, SUCCESS, logIndex=5144, commits[3cf1264f-5f6b-4138-aeee-2ff7d4522ead:c5145, 4f0d1a15-8f14-4d9a-ad4f-8211e1245b5d:c5141, 6999f20e-c3f7-4db4-87ca-141c476f2a88:c5141]
2019-08-22 07:03:51,006 [grpc-default-executor-1] INFO  client.GrpcClientProtocolClient (GrpcClientProtocolClient.java:onNext(255)) - client-CF63D631FA17->3cf1264f-5f6b-4138-aeee-2ff7d4522ead: receive RaftClientReply:client-CF63D631FA17->3cf1264f-5f6b-4138-aeee-2ff7d4522ead@group-561E16522154, cid=3394, SUCCESS, logIndex=5145, commits[3cf1264f-5f6b-4138-aeee-2ff7d4522ead:c5145, 4f0d1a15-8f14-4d9a-ad4f-8211e1245b5d:c5141, 6999f20e-c3f7-4db4-87ca-141c476f2a88:c5141]
2019-08-22 07:03:51,018 | INFO  | DNAudit | user=null | ip=null | op=WRITE_CHUNK {blockData=conID: 1 locID: 102659354196574892 bcsId: 0} | ret=SUCCESS |  
2019-08-22 07:03:51,018 | INFO  | DNAudit | user=null | ip=null | op=PUT_BLOCK {blockData=[blockId=conID: 1 locID: 102659354196574892 bcsId: 0,size=1048576]} | ret=SUCCESS |  
2019-08-22 07:03:51,018 | INFO  | DNAudit | user=null | ip=null | op=WRITE_CHUNK {blockData=conID: 1 locID: 102659354196574892 bcsId: 0} | ret=SUCCESS |  
2019-08-22 07:03:51,018 | INFO  | DNAudit | user=null | ip=null | op=PUT_BLOCK {blockData=[blockId=conID: 1 locID: 102659354196574892 bcsId: 0,size=1048576]} | ret=SUCCESS |  
2019-08-22 07:03:51,019 | INFO  | DNAudit | user=null | ip=null | op=WRITE_CHUNK {blockData=conID: 1 locID: 102659354196574892 bcsId: 0} | ret=SUCCESS |  
2019-08-22 07:03:51,019 | INFO  | DNAudit | user=null | ip=null | op=WRITE_CHUNK {blockData=conID: 1 locID: 102659354196574892 bcsId: 0} | ret=SUCCESS |  
2019-08-22 07:03:51,019 [grpc-default-executor-1] INFO  client.GrpcClientProtocolClient (GrpcClientProtocolClient.java:onNext(255)) - client-CF63D631FA17->3cf1264f-5f6b-4138-aeee-2ff7d4522ead: receive RaftClientReply:client-CF63D631FA17->3cf1264f-5f6b-4138-aeee-2ff7d4522ead@group-561E16522154, cid=3395, SUCCESS, logIndex=0, commits[3cf1264f-5f6b-4138-aeee-2ff7d4522ead:c5147, 4f0d1a15-8f14-4d9a-ad4f-8211e1245b5d:c5143, 6999f20e-c3f7-4db4-87ca-141c476f2a88:c5143]
2019-08-22 07:03:51,019 | INFO  | DNAudit | user=null | ip=null | op=PUT_BLOCK {blockData=[blockId=conID: 1 locID: 102659354196574892 bcsId: 0,size=2097152]} | ret=SUCCESS |  
2019-08-22 07:03:51,019 | INFO  | DNAudit | user=null | ip=null | op=PUT_BLOCK {blockData=[blockId=conID: 1 locID: 102659354196574892 bcsId: 0,size=2097152]} | ret=SUCCESS |  
2019-08-22 07:03:51,026 | INFO  | DNAudit | user=null | ip=null | op=WRITE_CHUNK {blockData=conID: 1 locID: 102659354196574892 bcsId: 5145} | ret=SUCCESS |  
2019-08-22 07:03:51,028 | INFO  | DNAudit | user=null | ip=null | op=WRITE_CHUNK {blockData=conID: 1 locID: 102659354196574892 bcsId: 5145} | ret=SUCCESS |  
2019-08-22 07:03:51,028 | INFO  | DNAudit | user=null | ip=null | op=WRITE_CHUNK {blockData=conID: 1 locID: 102659354196574892 bcsId: 5145} | ret=SUCCESS |  
2019-08-22 07:03:51,038 | INFO  | DNAudit | user=null | ip=null | op=WRITE_CHUNK {blockData=conID: 1 locID: 102659354196574892 bcsId: 5145} | ret=SUCCESS |  
2019-08-22 07:03:51,038 | INFO  | DNAudit | user=null | ip=null | op=PUT_BLOCK {blockData=[blockId=conID: 1 locID: 102659354196574892 bcsId: 0,size=3145728]} | ret=SUCCESS |  
2019-08-22 07:03:51,038 [grpc-default-executor-1] INFO  client.GrpcClientProtocolClient (GrpcClientProtocolClient.java:onNext(255)) - client-CF63D631FA17->3cf1264f-5f6b-4138-aeee-2ff7d4522ead: receive RaftClientReply:client-CF63D631FA17->3cf1264f-5f6b-4138-aeee-2ff7d4522ead@group-561E16522154, cid=3396, SUCCESS, logIndex=5150, commits[3cf1264f-5f6b-4138-aeee-2ff7d4522ead:c5151, 4f0d1a15-8f14-4d9a-ad4f-8211e1245b5d:c5149, 6999f20e-c3f7-4db4-87ca-141c476f2a88:c5149]
2019-08-22 07:03:51,039 [grpc-default-executor-1] INFO  client.GrpcClientProtocolClient (GrpcClientProtocolClient.java:onNext(255)) - client-CF63D631FA17->3cf1264f-5f6b-4138-aeee-2ff7d4522ead: receive RaftClientReply:client-CF63D631FA17->3cf1264f-5f6b-4138-aeee-2ff7d4522ead@group-561E16522154, cid=3397, SUCCESS, logIndex=5151, commits[3cf1264f-5f6b-4138-aeee-2ff7d4522ead:c5151, 4f0d1a15-8f14-4d9a-ad4f-8211e1245b5d:c5149, 6999f20e-c3f7-4db4-87ca-141c476f2a88:c5149]
2019-08-22 07:03:51,045 | INFO  | DNAudit | user=null | ip=null | op=WRITE_CHUNK {blockData=conID: 1 locID: 102659354196574892 bcsId: 5151} | ret=SUCCESS |  
2019-08-22 07:03:51,048 | INFO  | DNAudit | user=null | ip=null | op=WRITE_CHUNK {blockData=conID: 1 locID: 102659354196574892 bcsId: 5151} | ret=SUCCESS |  
2019-08-22 07:03:51,048 | INFO  | DNAudit | user=null | ip=null | op=WRITE_CHUNK {blockData=conID: 1 locID: 102659354196574892 bcsId: 5151} | ret=SUCCESS |  
2019-08-22 07:03:51,049 | INFO  | DNAudit | user=null | ip=null | op=WRITE_CHUNK {blockData=conID: 1 locID: 102659354196574892 bcsId: 5145} | ret=SUCCESS |  
2019-08-22 07:03:51,050 | INFO  | DNAudit | user=null | ip=null | op=WRITE_CHUNK {blockData=conID: 1 locID: 102659354196574892 bcsId: 5145} | ret=SUCCESS |  
2019-08-22 07:03:51,052 | INFO  | DNAudit | user=null | ip=null | op=PUT_BLOCK {blockData=[blockId=conID: 1 locID: 102659354196574892 bcsId: 0,size=3145728]} | ret=SUCCESS |  
2019-08-22 07:03:51,053 | INFO  | DNAudit | user=null | ip=null | op=PUT_BLOCK {blockData=[blockId=conID: 1 locID: 102659354196574892 bcsId: 0,size=3145728]} | ret=SUCCESS |  
2019-08-22 07:03:51,053 | INFO  | DNAudit | user=null | ip=null | op=WRITE_CHUNK {blockData=conID: 1 locID: 102659354196574892 bcsId: 5151} | ret=SUCCESS |  
2019-08-22 07:03:51,053 | INFO  | DNAudit | user=null | ip=null | op=PUT_BLOCK {blockData=[blockId=conID: 1 locID: 102659354196574892 bcsId: 0,size=4194304]} | ret=SUCCESS |  
2019-08-22 07:03:51,054 [grpc-default-executor-1] INFO  client.GrpcClientProtocolClient (GrpcClientProtocolClient.java:onNext(255)) - client-CF63D631FA17->3cf1264f-5f6b-4138-aeee-2ff7d4522ead: receive RaftClientReply:client-CF63D631FA17->3cf1264f-5f6b-4138-aeee-2ff7d4522ead@group-561E16522154, cid=3398, SUCCESS, logIndex=5154, commits[3cf1264f-5f6b-4138-aeee-2ff7d4522ead:c5155, 4f0d1a15-8f14-4d9a-ad4f-8211e1245b5d:c5151, 6999f20e-c3f7-4db4-87ca-141c476f2a88:c5151]
2019-08-22 07:03:51,054 [grpc-default-executor-1] INFO  client.GrpcClientProtocolClient (GrpcClientProtocolClient.java:onNext(255)) - client-CF63D631FA17->3cf1264f-5f6b-4138-aeee-2ff7d4522ead: receive RaftClientReply:client-CF63D631FA17->3cf1264f-5f6b-4138-aeee-2ff7d4522ead@group-561E16522154, cid=3399, SUCCESS, logIndex=5155, commits[3cf1264f-5f6b-4138-aeee-2ff7d4522ead:c5155, 4f0d1a15-8f14-4d9a-ad4f-8211e1245b5d:c5151, 6999f20e-c3f7-4db4-87ca-141c476f2a88:c5151]
2019-08-22 07:03:51,064 | INFO  | DNAudit | user=null | ip=null | op=WRITE_CHUNK {blockData=conID: 1 locID: 102659354196574892 bcsId: 5151} | ret=SUCCESS |  
2019-08-22 07:03:51,064 | INFO  | DNAudit | user=null | ip=null | op=WRITE_CHUNK {blockData=conID: 1 locID: 102659354196574892 bcsId: 5151} | ret=SUCCESS |  
2019-08-22 07:03:51,067 | INFO  | DNAudit | user=null | ip=null | op=PUT_BLOCK {blockData=[blockId=conID: 1 locID: 102659354196574892 bcsId: 0,size=4194304]} | ret=SUCCESS |  
2019-08-22 07:03:51,067 | INFO  | DNAudit | user=null | ip=null | op=PUT_BLOCK {blockData=[blockId=conID: 1 locID: 102659354196574892 bcsId: 0,size=4194304]} | ret=SUCCESS |  
2019-08-22 07:03:51,068 [grpc-default-executor-3] INFO  client.GrpcClientProtocolClient (GrpcClientProtocolClient.java:onNext(255)) - client-CF63D631FA17->3cf1264f-5f6b-4138-aeee-2ff7d4522ead: receive RaftClientReply:client-CF63D631FA17->3cf1264f-5f6b-4138-aeee-2ff7d4522ead@group-561E16522154, cid=3400, SUCCESS, logIndex=0, commits[3cf1264f-5f6b-4138-aeee-2ff7d4522ead:c5157, 4f0d1a15-8f14-4d9a-ad4f-8211e1245b5d:c5155, 6999f20e-c3f7-4db4-87ca-141c476f2a88:c5155]
2019-08-22 07:03:51,074 | INFO  | SCMAudit | user=jenkins1000 | ip=192.168.34.31 | op=ALLOCATE_BLOCK {owner=04b6d46a-98e2-41b1-9f38-1870289993ea, size=4194304, type=RATIS, factor=THREE} | ret=SUCCESS |  
2019-08-22 07:03:51,078 | INFO  | OMAudit | user=jenkins1000 | ip=127.0.0.1 | op=ALLOCATE_BLOCK {volume=vol-0-14906, bucket=bucket-0-53153, key=key-0-33222, dataSize=0, replicationType=null, replicationFactor=null, keyLocationInfo=null, clientID=102659352017764754} | ret=SUCCESS |  
2019-08-22 07:03:51,086 | INFO  | DNAudit | user=null | ip=null | op=WRITE_CHUNK {blockData=conID: 2 locID: 102659354202866349 bcsId: 0} | ret=SUCCESS |  
2019-08-22 07:03:51,088 | INFO  | DNAudit | user=null | ip=null | op=WRITE_CHUNK {blockData=conID: 2 locID: 102659354202866349 bcsId: 0} | ret=SUCCESS |  
2019-08-22 07:03:51,089 | INFO  | DNAudit | user=null | ip=null | op=WRITE_CHUNK {blockData=conID: 2 locID: 102659354202866349 bcsId: 0} | ret=SUCCESS |  
2019-08-22 07:03:51,089 | INFO  | DNAudit | user=null | ip=null | op=WRITE_CHUNK {blockData=conID: 2 locID: 102659354202866349 bcsId: 0} | ret=SUCCESS |  
2019-08-22 07:03:51,091 | INFO  | DNAudit | user=null | ip=null | op=WRITE_CHUNK {blockData=conID: 2 locID: 102659354202866349 bcsId: 0} | ret=SUCCESS |  
2019-08-22 07:03:51,092 | INFO  | DNAudit | user=null | ip=null | op=WRITE_CHUNK {blockData=conID: 2 locID: 102659354202866349 bcsId: 0} | ret=SUCCESS |  
2019-08-22 07:03:51,098 | INFO  | DNAudit | user=null | ip=null | op=WRITE_CHUNK {blockData=conID: 2 locID: 102659354202866349 bcsId: 0} | ret=SUCCESS |  
2019-08-22 07:03:51,099 | INFO  | DNAudit | user=null | ip=null | op=PUT_BLOCK {blockData=[blockId=conID: 2 locID: 102659354202866349 bcsId: 0,size=1048576]} | ret=SUCCESS |  
2019-08-22 07:03:51,099 [grpc-default-executor-5] INFO  client.GrpcClientProtocolClient (GrpcClientProtocolClient.java:onNext(255)) - client-CF63D631FA17->3cf1264f-5f6b-4138-aeee-2ff7d4522ead: receive RaftClientReply:client-CF63D631FA17->3cf1264f-5f6b-4138-aeee-2ff7d4522ead@group-561E16522154, cid=3401, SUCCESS, logIndex=5158, commits[3cf1264f-5f6b-4138-aeee-2ff7d4522ead:c5159, 4f0d1a15-8f14-4d9a-ad4f-8211e1245b5d:c5157, 6999f20e-c3f7-4db4-87ca-141c476f2a88:c5157]
2019-08-22 07:03:51,099 | INFO  | DNAudit | user=null | ip=null | op=WRITE_CHUNK {blockData=conID: 2 locID: 102659354202866349 bcsId: 0} | ret=SUCCESS |  
2019-08-22 07:03:51,099 [grpc-default-executor-5] INFO  client.GrpcClientProtocolClient (GrpcClientProtocolClient.java:onNext(255)) - client-CF63D631FA17->3cf1264f-5f6b-4138-aeee-2ff7d4522ead: receive RaftClientReply:client-CF63D631FA17->3cf1264f-5f6b-4138-aeee-2ff7d4522ead@group-561E16522154, cid=3402, SUCCESS, logIndex=5159, commits[3cf1264f-5f6b-4138-aeee-2ff7d4522ead:c5159, 4f0d1a15-8f14-4d9a-ad4f-8211e1245b5d:c5157, 6999f20e-c3f7-4db4-87ca-141c476f2a88:c5157]
2019-08-22 07:03:51,099 | INFO  | DNAudit | user=null | ip=null | op=PUT_BLOCK {blockData=[blockId=conID: 2 locID: 102659354202866349 bcsId: 0,size=2097152]} | ret=SUCCESS |  
2019-08-22 07:03:51,100 [grpc-default-executor-5] INFO  client.GrpcClientProtocolClient (GrpcClientProtocolClient.java:onNext(255)) - client-CF63D631FA17->3cf1264f-5f6b-4138-aeee-2ff7d4522ead: receive RaftClientReply:client-CF63D631FA17->3cf1264f-5f6b-4138-aeee-2ff7d4522ead@group-561E16522154, cid=3403, SUCCESS, logIndex=5160, commits[3cf1264f-5f6b-4138-aeee-2ff7d4522ead:c5161, 4f0d1a15-8f14-4d9a-ad4f-8211e1245b5d:c5157, 6999f20e-c3f7-4db4-87ca-141c476f2a88:c5157]
2019-08-22 07:03:51,100 [grpc-default-executor-5] INFO  client.GrpcClientProtocolClient (GrpcClientProtocolClient.java:onNext(255)) - client-CF63D631FA17->3cf1264f-5f6b-4138-aeee-2ff7d4522ead: receive RaftClientReply:client-CF63D631FA17->3cf1264f-5f6b-4138-aeee-2ff7d4522ead@group-561E16522154, cid=3404, SUCCESS, logIndex=5161, commits[3cf1264f-5f6b-4138-aeee-2ff7d4522ead:c5161, 4f0d1a15-8f14-4d9a-ad4f-8211e1245b5d:c5157, 6999f20e-c3f7-4db4-87ca-141c476f2a88:c5157]
2019-08-22 07:03:51,112 | INFO  | DNAudit | user=null | ip=null | op=WRITE_CHUNK {blockData=conID: 2 locID: 102659354202866349 bcsId: 0} | ret=SUCCESS |  
2019-08-22 07:03:51,112 | INFO  | DNAudit | user=null | ip=null | op=PUT_BLOCK {blockData=[blockId=conID: 2 locID: 102659354202866349 bcsId: 0,size=1048576]} | ret=SUCCESS |  
2019-08-22 07:03:51,112 | INFO  | DNAudit | user=null | ip=null | op=WRITE_CHUNK {blockData=conID: 2 locID: 102659354202866349 bcsId: 0} | ret=SUCCESS |  
2019-08-22 07:03:51,112 | INFO  | DNAudit | user=null | ip=null | op=PUT_BLOCK {blockData=[blockId=conID: 2 locID: 102659354202866349 bcsId: 0,size=1048576]} | ret=SUCCESS |  
2019-08-22 07:03:51,113 | INFO  | DNAudit | user=null | ip=null | op=WRITE_CHUNK {blockData=conID: 2 locID: 102659354202866349 bcsId: 0} | ret=SUCCESS |  
2019-08-22 07:03:51,113 | INFO  | DNAudit | user=null | ip=null | op=PUT_BLOCK {blockData=[blockId=conID: 2 locID: 102659354202866349 bcsId: 0,size=2097152]} | ret=SUCCESS |  
2019-08-22 07:03:51,113 [grpc-default-executor-5] INFO  client.GrpcClientProtocolClient (GrpcClientProtocolClient.java:onNext(255)) - client-CF63D631FA17->3cf1264f-5f6b-4138-aeee-2ff7d4522ead: receive RaftClientReply:client-CF63D631FA17->3cf1264f-5f6b-4138-aeee-2ff7d4522ead@group-561E16522154, cid=3405, SUCCESS, logIndex=0, commits[3cf1264f-5f6b-4138-aeee-2ff7d4522ead:c5163, 4f0d1a15-8f14-4d9a-ad4f-8211e1245b5d:c5159, 6999f20e-c3f7-4db4-87ca-141c476f2a88:c5159]
2019-08-22 07:03:51,113 | INFO  | DNAudit | user=null | ip=null | op=WRITE_CHUNK {blockData=conID: 2 locID: 102659354202866349 bcsId: 0} | ret=SUCCESS |  
2019-08-22 07:03:51,113 | INFO  | DNAudit | user=null | ip=null | op=PUT_BLOCK {blockData=[blockId=conID: 2 locID: 102659354202866349 bcsId: 0,size=2097152]} | ret=SUCCESS |  
2019-08-22 07:03:51,120 | INFO  | DNAudit | user=null | ip=null | op=WRITE_CHUNK {blockData=conID: 2 locID: 102659354202866349 bcsId: 5161} | ret=SUCCESS |  
2019-08-22 07:03:51,122 | INFO  | DNAudit | user=null | ip=null | op=WRITE_CHUNK {blockData=conID: 2 locID: 102659354202866349 bcsId: 5161} | ret=SUCCESS |  
2019-08-22 07:03:51,122 | INFO  | DNAudit | user=null | ip=null | op=WRITE_CHUNK {blockData=conID: 2 locID: 102659354202866349 bcsId: 5161} | ret=SUCCESS |  
2019-08-22 07:03:51,132 | INFO  | DNAudit | user=null | ip=null | op=WRITE_CHUNK {blockData=conID: 2 locID: 102659354202866349 bcsId: 5161} | ret=SUCCESS |  
2019-08-22 07:03:51,132 | INFO  | DNAudit | user=null | ip=null | op=PUT_BLOCK {blockData=[blockId=conID: 2 locID: 102659354202866349 bcsId: 0,size=3145728]} | ret=SUCCESS |  
2019-08-22 07:03:51,133 [grpc-default-executor-0] INFO  client.GrpcClientProtocolClient (GrpcClientProtocolClient.java:onNext(255)) - client-CF63D631FA17->3cf1264f-5f6b-4138-aeee-2ff7d4522ead: receive RaftClientReply:client-CF63D631FA17->3cf1264f-5f6b-4138-aeee-2ff7d4522ead@group-561E16522154, cid=3406, SUCCESS, logIndex=5166, commits[3cf1264f-5f6b-4138-aeee-2ff7d4522ead:c5167, 4f0d1a15-8f14-4d9a-ad4f-8211e1245b5d:c5165, 6999f20e-c3f7-4db4-87ca-141c476f2a88:c5165]
2019-08-22 07:03:51,133 [grpc-default-executor-0] INFO  client.GrpcClientProtocolClient (GrpcClientProtocolClient.java:onNext(255)) - client-CF63D631FA17->3cf1264f-5f6b-4138-aeee-2ff7d4522ead: receive RaftClientReply:client-CF63D631FA17->3cf1264f-5f6b-4138-aeee-2ff7d4522ead@group-561E16522154, cid=3407, SUCCESS, logIndex=5167, commits[3cf1264f-5f6b-4138-aeee-2ff7d4522ead:c5167, 4f0d1a15-8f14-4d9a-ad4f-8211e1245b5d:c5165, 6999f20e-c3f7-4db4-87ca-141c476f2a88:c5165]
2019-08-22 07:03:51,134 | INFO  | DNAudit | user=null | ip=null | op=WRITE_CHUNK {blockData=conID: 2 locID: 102659354202866349 bcsId: 5161} | ret=SUCCESS |  
2019-08-22 07:03:51,134 | INFO  | DNAudit | user=null | ip=null | op=WRITE_CHUNK {blockData=conID: 2 locID: 102659354202866349 bcsId: 5161} | ret=SUCCESS |  
2019-08-22 07:03:51,136 | INFO  | DNAudit | user=null | ip=null | op=PUT_BLOCK {blockData=[blockId=conID: 2 locID: 102659354202866349 bcsId: 0,size=3145728]} | ret=SUCCESS |  
2019-08-22 07:03:51,136 | INFO  | SCMAudit | user=jenkins1000 | ip=192.168.34.31 | op=SEND_HEARTBEAT {datanodeUUID=4f0d1a15-8f14-4d9a-ad4f-8211e1245b5d, command=[]} | ret=SUCCESS |  
2019-08-22 07:03:51,136 | INFO  | DNAudit | user=null | ip=null | op=PUT_BLOCK {blockData=[blockId=conID: 2 locID: 102659354202866349 bcsId: 0,size=3145728]} | ret=SUCCESS |  
2019-08-22 07:03:51,139 | INFO  | DNAudit | user=null | ip=null | op=WRITE_CHUNK {blockData=conID: 2 locID: 102659354202866349 bcsId: 5167} | ret=SUCCESS |  
2019-08-22 07:03:51,142 | INFO  | DNAudit | user=null | ip=null | op=WRITE_CHUNK {blockData=conID: 2 locID: 102659354202866349 bcsId: 5167} | ret=SUCCESS |  
2019-08-22 07:03:51,142 | INFO  | DNAudit | user=null | ip=null | op=WRITE_CHUNK {blockData=conID: 2 locID: 102659354202866349 bcsId: 5167} | ret=SUCCESS |  
2019-08-22 07:03:51,144 | INFO  | DNAudit | user=null | ip=null | op=WRITE_CHUNK {blockData=conID: 2 locID: 102659354202866349 bcsId: 5167} | ret=SUCCESS |  
2019-08-22 07:03:51,144 | INFO  | DNAudit | user=null | ip=null | op=PUT_BLOCK {blockData=[blockId=conID: 2 locID: 102659354202866349 bcsId: 0,size=4194304]} | ret=SUCCESS |  
2019-08-22 07:03:51,145 [grpc-default-executor-1] INFO  client.GrpcClientProtocolClient (GrpcClientProtocolClient.java:onNext(255)) - client-CF63D631FA17->3cf1264f-5f6b-4138-aeee-2ff7d4522ead: receive RaftClientReply:client-CF63D631FA17->3cf1264f-5f6b-4138-aeee-2ff7d4522ead@group-561E16522154, cid=3408, SUCCESS, logIndex=5170, commits[3cf1264f-5f6b-4138-aeee-2ff7d4522ead:c5171, 4f0d1a15-8f14-4d9a-ad4f-8211e1245b5d:c5169, 6999f20e-c3f7-4db4-87ca-141c476f2a88:c5167]
2019-08-22 07:03:51,145 [grpc-default-executor-1] INFO  client.GrpcClientProtocolClient (GrpcClientProtocolClient.java:onNext(255)) - client-CF63D631FA17->3cf1264f-5f6b-4138-aeee-2ff7d4522ead: receive RaftClientReply:client-CF63D631FA17->3cf1264f-5f6b-4138-aeee-2ff7d4522ead@group-561E16522154, cid=3409, SUCCESS, logIndex=5171, commits[3cf1264f-5f6b-4138-aeee-2ff7d4522ead:c5171, 4f0d1a15-8f14-4d9a-ad4f-8211e1245b5d:c5169, 6999f20e-c3f7-4db4-87ca-141c476f2a88:c5167]
2019-08-22 07:03:51,147 | INFO  | DNAudit | user=null | ip=null | op=WRITE_CHUNK {blockData=conID: 2 locID: 102659354202866349 bcsId: 5167} | ret=SUCCESS |  
2019-08-22 07:03:51,147 | INFO  | DNAudit | user=null | ip=null | op=WRITE_CHUNK {blockData=conID: 2 locID: 102659354202866349 bcsId: 5167} | ret=SUCCESS |  
2019-08-22 07:03:51,148 | INFO  | DNAudit | user=null | ip=null | op=PUT_BLOCK {blockData=[blockId=conID: 2 locID: 102659354202866349 bcsId: 0,size=4194304]} | ret=SUCCESS |  
2019-08-22 07:03:51,148 | INFO  | DNAudit | user=null | ip=null | op=PUT_BLOCK {blockData=[blockId=conID: 2 locID: 102659354202866349 bcsId: 0,size=4194304]} | ret=SUCCESS |  
2019-08-22 07:03:51,148 [grpc-default-executor-1] INFO  client.GrpcClientProtocolClient (GrpcClientProtocolClient.java:onNext(255)) - client-CF63D631FA17->3cf1264f-5f6b-4138-aeee-2ff7d4522ead: receive RaftClientReply:client-CF63D631FA17->3cf1264f-5f6b-4138-aeee-2ff7d4522ead@group-561E16522154, cid=3410, SUCCESS, logIndex=0, commits[3cf1264f-5f6b-4138-aeee-2ff7d4522ead:c5172, 4f0d1a15-8f14-4d9a-ad4f-8211e1245b5d:c5171, 6999f20e-c3f7-4db4-87ca-141c476f2a88:c5171]
2019-08-22 07:03:51,153 | INFO  | SCMAudit | user=jenkins1000 | ip=192.168.34.31 | op=ALLOCATE_BLOCK {owner=04b6d46a-98e2-41b1-9f38-1870289993ea, size=4194304, type=RATIS, factor=THREE} | ret=SUCCESS |  
2019-08-22 07:03:51,157 | INFO  | OMAudit | user=jenkins1000 | ip=127.0.0.1 | op=ALLOCATE_BLOCK {volume=vol-0-14906, bucket=bucket-0-53153, key=key-0-33222, dataSize=0, replicationType=null, replicationFactor=null, keyLocationInfo=null, clientID=102659352017764754} | ret=SUCCESS |  
2019-08-22 07:03:51,164 | INFO  | DNAudit | user=null | ip=null | op=WRITE_CHUNK {blockData=conID: 3 locID: 102659354208043694 bcsId: 0} | ret=SUCCESS |  
2019-08-22 07:03:51,167 | INFO  | DNAudit | user=null | ip=null | op=WRITE_CHUNK {blockData=conID: 3 locID: 102659354208043694 bcsId: 0} | ret=SUCCESS |  
2019-08-22 07:03:51,168 | INFO  | DNAudit | user=null | ip=null | op=WRITE_CHUNK {blockData=conID: 3 locID: 102659354208043694 bcsId: 0} | ret=SUCCESS |  
2019-08-22 07:03:51,168 | INFO  | DNAudit | user=null | ip=null | op=WRITE_CHUNK {blockData=conID: 3 locID: 102659354208043694 bcsId: 0} | ret=SUCCESS |  
2019-08-22 07:03:51,171 | INFO  | DNAudit | user=null | ip=null | op=WRITE_CHUNK {blockData=conID: 3 locID: 102659354208043694 bcsId: 0} | ret=SUCCESS |  
2019-08-22 07:03:51,171 | INFO  | DNAudit | user=null | ip=null | op=WRITE_CHUNK {blockData=conID: 3 locID: 102659354208043694 bcsId: 0} | ret=SUCCESS |  
2019-08-22 07:03:51,181 | INFO  | DNAudit | user=null | ip=null | op=WRITE_CHUNK {blockData=conID: 3 locID: 102659354208043694 bcsId: 0} | ret=SUCCESS |  
2019-08-22 07:03:51,181 | INFO  | DNAudit | user=null | ip=null | op=PUT_BLOCK {blockData=[blockId=conID: 3 locID: 102659354208043694 bcsId: 0,size=1048576]} | ret=SUCCESS |  
2019-08-22 07:03:51,182 [grpc-default-executor-0] INFO  client.GrpcClientProtocolClient (GrpcClientProtocolClient.java:onNext(255)) - client-CF63D631FA17->3cf1264f-5f6b-4138-aeee-2ff7d4522ead: receive RaftClientReply:client-CF63D631FA17->3cf1264f-5f6b-4138-aeee-2ff7d4522ead@group-561E16522154, cid=3411, SUCCESS, logIndex=5174, commits[3cf1264f-5f6b-4138-aeee-2ff7d4522ead:c5175, 4f0d1a15-8f14-4d9a-ad4f-8211e1245b5d:c5173, 6999f20e-c3f7-4db4-87ca-141c476f2a88:c5173]
2019-08-22 07:03:51,182 | INFO  | DNAudit | user=null | ip=null | op=WRITE_CHUNK {blockData=conID: 3 locID: 102659354208043694 bcsId: 0} | ret=SUCCESS |  
2019-08-22 07:03:51,182 | INFO  | DNAudit | user=null | ip=null | op=PUT_BLOCK {blockData=[blockId=conID: 3 locID: 102659354208043694 bcsId: 0,size=2097152]} | ret=SUCCESS |  
2019-08-22 07:03:51,182 [grpc-default-executor-0] INFO  client.GrpcClientProtocolClient (GrpcClientProtocolClient.java:onNext(255)) - client-CF63D631FA17->3cf1264f-5f6b-4138-aeee-2ff7d4522ead: receive RaftClientReply:client-CF63D631FA17->3cf1264f-5f6b-4138-aeee-2ff7d4522ead@group-561E16522154, cid=3412, SUCCESS, logIndex=5175, commits[3cf1264f-5f6b-4138-aeee-2ff7d4522ead:c5176, 4f0d1a15-8f14-4d9a-ad4f-8211e1245b5d:c5173, 6999f20e-c3f7-4db4-87ca-141c476f2a88:c5173]
2019-08-22 07:03:51,182 [grpc-default-executor-0] INFO  client.GrpcClientProtocolClient (GrpcClientProtocolClient.java:onNext(255)) - client-CF63D631FA17->3cf1264f-5f6b-4138-aeee-2ff7d4522ead: receive RaftClientReply:client-CF63D631FA17->3cf1264f-5f6b-4138-aeee-2ff7d4522ead@group-561E16522154, cid=3413, SUCCESS, logIndex=5176, commits[3cf1264f-5f6b-4138-aeee-2ff7d4522ead:c5177, 4f0d1a15-8f14-4d9a-ad4f-8211e1245b5d:c5173, 6999f20e-c3f7-4db4-87ca-141c476f2a88:c5173]
2019-08-22 07:03:51,183 [grpc-default-executor-0] INFO  client.GrpcClientProtocolClient (GrpcClientProtocolClient.java:onNext(255)) - client-CF63D631FA17->3cf1264f-5f6b-4138-aeee-2ff7d4522ead: receive RaftClientReply:client-CF63D631FA17->3cf1264f-5f6b-4138-aeee-2ff7d4522ead@group-561E16522154, cid=3414, SUCCESS, logIndex=5177, commits[3cf1264f-5f6b-4138-aeee-2ff7d4522ead:c5177, 4f0d1a15-8f14-4d9a-ad4f-8211e1245b5d:c5173, 6999f20e-c3f7-4db4-87ca-141c476f2a88:c5173]
2019-08-22 07:03:51,194 | INFO  | DNAudit | user=null | ip=null | op=WRITE_CHUNK {blockData=conID: 3 locID: 102659354208043694 bcsId: 0} | ret=SUCCESS |  
2019-08-22 07:03:51,195 | INFO  | DNAudit | user=null | ip=null | op=PUT_BLOCK {blockData=[blockId=conID: 3 locID: 102659354208043694 bcsId: 0,size=1048576]} | ret=SUCCESS |  
2019-08-22 07:03:51,195 | INFO  | DNAudit | user=null | ip=null | op=WRITE_CHUNK {blockData=conID: 3 locID: 102659354208043694 bcsId: 0} | ret=SUCCESS |  
2019-08-22 07:03:51,195 | INFO  | DNAudit | user=null | ip=null | op=PUT_BLOCK {blockData=[blockId=conID: 3 locID: 102659354208043694 bcsId: 0,size=1048576]} | ret=SUCCESS |  
2019-08-22 07:03:51,195 | INFO  | DNAudit | user=null | ip=null | op=WRITE_CHUNK {blockData=conID: 3 locID: 102659354208043694 bcsId: 0} | ret=SUCCESS |  
2019-08-22 07:03:51,195 | INFO  | DNAudit | user=null | ip=null | op=PUT_BLOCK {blockData=[blockId=conID: 3 locID: 102659354208043694 bcsId: 0,size=2097152]} | ret=SUCCESS |  
2019-08-22 07:03:51,195 [grpc-default-executor-0] INFO  client.GrpcClientProtocolClient (GrpcClientProtocolClient.java:onNext(255)) - client-CF63D631FA17->3cf1264f-5f6b-4138-aeee-2ff7d4522ead: receive RaftClientReply:client-CF63D631FA17->3cf1264f-5f6b-4138-aeee-2ff7d4522ead@group-561E16522154, cid=3415, SUCCESS, logIndex=0, commits[3cf1264f-5f6b-4138-aeee-2ff7d4522ead:c5179, 4f0d1a15-8f14-4d9a-ad4f-8211e1245b5d:c5175, 6999f20e-c3f7-4db4-87ca-141c476f2a88:c5175]
2019-08-22 07:03:51,196 | INFO  | DNAudit | user=null | ip=null | op=WRITE_CHUNK {blockData=conID: 3 locID: 102659354208043694 bcsId: 0} | ret=SUCCESS |  
2019-08-22 07:03:51,196 | INFO  | DNAudit | user=null | ip=null | op=PUT_BLOCK {blockData=[blockId=conID: 3 locID: 102659354208043694 bcsId: 0,size=2097152]} | ret=SUCCESS |  
2019-08-22 07:03:51,203 | INFO  | DNAudit | user=null | ip=null | op=WRITE_CHUNK {blockData=conID: 3 locID: 102659354208043694 bcsId: 5177} | ret=SUCCESS |  
2019-08-22 07:03:51,206 | INFO  | DNAudit | user=null | ip=null | op=WRITE_CHUNK {blockData=conID: 3 locID: 102659354208043694 bcsId: 5177} | ret=SUCCESS |  
2019-08-22 07:03:51,206 | INFO  | DNAudit | user=null | ip=null | op=WRITE_CHUNK {blockData=conID: 3 locID: 102659354208043694 bcsId: 5177} | ret=SUCCESS |  
2019-08-22 07:03:51,215 | INFO  | DNAudit | user=null | ip=null | op=WRITE_CHUNK {blockData=conID: 3 locID: 102659354208043694 bcsId: 5177} | ret=SUCCESS |  
2019-08-22 07:03:51,216 | INFO  | DNAudit | user=null | ip=null | op=PUT_BLOCK {blockData=[blockId=conID: 3 locID: 102659354208043694 bcsId: 0,size=3145728]} | ret=SUCCESS |  
2019-08-22 07:03:51,216 [grpc-default-executor-5] INFO  client.GrpcClientProtocolClient (GrpcClientProtocolClient.java:onNext(255)) - client-CF63D631FA17->3cf1264f-5f6b-4138-aeee-2ff7d4522ead: receive RaftClientReply:client-CF63D631FA17->3cf1264f-5f6b-4138-aeee-2ff7d4522ead@group-561E16522154, cid=3416, SUCCESS, logIndex=5182, commits[3cf1264f-5f6b-4138-aeee-2ff7d4522ead:c5183, 4f0d1a15-8f14-4d9a-ad4f-8211e1245b5d:c5181, 6999f20e-c3f7-4db4-87ca-141c476f2a88:c5181]
2019-08-22 07:03:51,216 [grpc-default-executor-5] INFO  client.GrpcClientProtocolClient (GrpcClientProtocolClient.java:onNext(255)) - client-CF63D631FA17->3cf1264f-5f6b-4138-aeee-2ff7d4522ead: receive RaftClientReply:client-CF63D631FA17->3cf1264f-5f6b-4138-aeee-2ff7d4522ead@group-561E16522154, cid=3417, SUCCESS, logIndex=5183, commits[3cf1264f-5f6b-4138-aeee-2ff7d4522ead:c5183, 4f0d1a15-8f14-4d9a-ad4f-8211e1245b5d:c5181, 6999f20e-c3f7-4db4-87ca-141c476f2a88:c5181]
2019-08-22 07:03:51,223 | INFO  | DNAudit | user=null | ip=null | op=WRITE_CHUNK {blockData=conID: 3 locID: 102659354208043694 bcsId: 5183} | ret=SUCCESS |  
2019-08-22 07:03:51,226 | INFO  | DNAudit | user=null | ip=null | op=WRITE_CHUNK {blockData=conID: 3 locID: 102659354208043694 bcsId: 5183} | ret=SUCCESS |  
2019-08-22 07:03:51,226 | INFO  | DNAudit | user=null | ip=null | op=WRITE_CHUNK {blockData=conID: 3 locID: 102659354208043694 bcsId: 5183} | ret=SUCCESS |  
2019-08-22 07:03:51,227 | INFO  | DNAudit | user=null | ip=null | op=WRITE_CHUNK {blockData=conID: 3 locID: 102659354208043694 bcsId: 5177} | ret=SUCCESS |  
2019-08-22 07:03:51,227 | INFO  | DNAudit | user=null | ip=null | op=WRITE_CHUNK {blockData=conID: 3 locID: 102659354208043694 bcsId: 5177} | ret=SUCCESS |  
2019-08-22 07:03:51,227 | INFO  | DNAudit | user=null | ip=null | op=PUT_BLOCK {blockData=[blockId=conID: 3 locID: 102659354208043694 bcsId: 0,size=3145728]} | ret=SUCCESS |  
2019-08-22 07:03:51,228 | INFO  | DNAudit | user=null | ip=null | op=PUT_BLOCK {blockData=[blockId=conID: 3 locID: 102659354208043694 bcsId: 0,size=3145728]} | ret=SUCCESS |  
2019-08-22 07:03:51,229 | INFO  | DNAudit | user=null | ip=null | op=WRITE_CHUNK {blockData=conID: 3 locID: 102659354208043694 bcsId: 5183} | ret=SUCCESS |  
2019-08-22 07:03:51,229 | INFO  | DNAudit | user=null | ip=null | op=PUT_BLOCK {blockData=[blockId=conID: 3 locID: 102659354208043694 bcsId: 0,size=4194304]} | ret=SUCCESS |  
2019-08-22 07:03:51,230 [grpc-default-executor-5] INFO  client.GrpcClientProtocolClient (GrpcClientProtocolClient.java:onNext(255)) - client-CF63D631FA17->3cf1264f-5f6b-4138-aeee-2ff7d4522ead: receive RaftClientReply:client-CF63D631FA17->3cf1264f-5f6b-4138-aeee-2ff7d4522ead@group-561E16522154, cid=3418, SUCCESS, logIndex=5186, commits[3cf1264f-5f6b-4138-aeee-2ff7d4522ead:c5187, 4f0d1a15-8f14-4d9a-ad4f-8211e1245b5d:c5183, 6999f20e-c3f7-4db4-87ca-141c476f2a88:c5183]
2019-08-22 07:03:51,230 [grpc-default-executor-5] INFO  client.GrpcClientProtocolClient (GrpcClientProtocolClient.java:onNext(255)) - client-CF63D631FA17->3cf1264f-5f6b-4138-aeee-2ff7d4522ead: receive RaftClientReply:client-CF63D631FA17->3cf1264f-5f6b-4138-aeee-2ff7d4522ead@group-561E16522154, cid=3419, SUCCESS, logIndex=5187, commits[3cf1264f-5f6b-4138-aeee-2ff7d4522ead:c5187, 4f0d1a15-8f14-4d9a-ad4f-8211e1245b5d:c5183, 6999f20e-c3f7-4db4-87ca-141c476f2a88:c5183]
2019-08-22 07:03:51,241 | INFO  | DNAudit | user=null | ip=null | op=WRITE_CHUNK {blockData=conID: 3 locID: 102659354208043694 bcsId: 5183} | ret=SUCCESS |  
2019-08-22 07:03:51,241 | INFO  | DNAudit | user=null | ip=null | op=WRITE_CHUNK {blockData=conID: 3 locID: 102659354208043694 bcsId: 5183} | ret=SUCCESS |  
2019-08-22 07:03:51,243 | INFO  | DNAudit | user=null | ip=null | op=PUT_BLOCK {blockData=[blockId=conID: 3 locID: 102659354208043694 bcsId: 0,size=4194304]} | ret=SUCCESS |  
2019-08-22 07:03:51,244 | INFO  | DNAudit | user=null | ip=null | op=PUT_BLOCK {blockData=[blockId=conID: 3 locID: 102659354208043694 bcsId: 0,size=4194304]} | ret=SUCCESS |  
2019-08-22 07:03:51,244 [grpc-default-executor-0] INFO  client.GrpcClientProtocolClient (GrpcClientProtocolClient.java:onNext(255)) - client-CF63D631FA17->3cf1264f-5f6b-4138-aeee-2ff7d4522ead: receive RaftClientReply:client-CF63D631FA17->3cf1264f-5f6b-4138-aeee-2ff7d4522ead@group-561E16522154, cid=3420, SUCCESS, logIndex=0, commits[3cf1264f-5f6b-4138-aeee-2ff7d4522ead:c5189, 4f0d1a15-8f14-4d9a-ad4f-8211e1245b5d:c5187, 6999f20e-c3f7-4db4-87ca-141c476f2a88:c5187]
2019-08-22 07:03:51,252 | INFO  | SCMAudit | user=jenkins1000 | ip=192.168.34.31 | op=ALLOCATE_BLOCK {owner=04b6d46a-98e2-41b1-9f38-1870289993ea, size=4194304, type=RATIS, factor=THREE} | ret=SUCCESS |  
2019-08-22 07:03:51,258 | INFO  | OMAudit | user=jenkins1000 | ip=127.0.0.1 | op=ALLOCATE_BLOCK {volume=vol-0-14906, bucket=bucket-0-53153, key=key-0-33222, dataSize=0, replicationType=null, replicationFactor=null, keyLocationInfo=null, clientID=102659352017764754} | ret=SUCCESS |  
2019-08-22 07:03:51,265 | INFO  | DNAudit | user=null | ip=null | op=WRITE_CHUNK {blockData=conID: 1 locID: 102659354214531759 bcsId: 0} | ret=SUCCESS |  
2019-08-22 07:03:51,269 | INFO  | DNAudit | user=null | ip=null | op=WRITE_CHUNK {blockData=conID: 1 locID: 102659354214531759 bcsId: 0} | ret=SUCCESS |  
2019-08-22 07:03:51,270 | INFO  | DNAudit | user=null | ip=null | op=WRITE_CHUNK {blockData=conID: 1 locID: 102659354214531759 bcsId: 0} | ret=SUCCESS |  
2019-08-22 07:03:51,270 | INFO  | DNAudit | user=null | ip=null | op=WRITE_CHUNK {blockData=conID: 1 locID: 102659354214531759 bcsId: 0} | ret=SUCCESS |  
2019-08-22 07:03:51,272 | INFO  | DNAudit | user=null | ip=null | op=WRITE_CHUNK {blockData=conID: 1 locID: 102659354214531759 bcsId: 0} | ret=SUCCESS |  
2019-08-22 07:03:51,273 | INFO  | DNAudit | user=null | ip=null | op=WRITE_CHUNK {blockData=conID: 1 locID: 102659354214531759 bcsId: 0} | ret=SUCCESS |  
2019-08-22 07:03:51,277 | INFO  | DNAudit | user=null | ip=null | op=WRITE_CHUNK {blockData=conID: 1 locID: 102659354214531759 bcsId: 0} | ret=SUCCESS |  
2019-08-22 07:03:51,278 | INFO  | DNAudit | user=null | ip=null | op=PUT_BLOCK {blockData=[blockId=conID: 1 locID: 102659354214531759 bcsId: 0,size=1048576]} | ret=SUCCESS |  
2019-08-22 07:03:51,278 [grpc-default-executor-5] INFO  client.GrpcClientProtocolClient (GrpcClientProtocolClient.java:onNext(255)) - client-CF63D631FA17->3cf1264f-5f6b-4138-aeee-2ff7d4522ead: receive RaftClientReply:client-CF63D631FA17->3cf1264f-5f6b-4138-aeee-2ff7d4522ead@group-561E16522154, cid=3421, SUCCESS, logIndex=5190, commits[3cf1264f-5f6b-4138-aeee-2ff7d4522ead:c5191, 4f0d1a15-8f14-4d9a-ad4f-8211e1245b5d:c5189, 6999f20e-c3f7-4db4-87ca-141c476f2a88:c5189]
2019-08-22 07:03:51,278 | INFO  | DNAudit | user=null | ip=null | op=WRITE_CHUNK {blockData=conID: 1 locID: 102659354214531759 bcsId: 0} | ret=SUCCESS |  
2019-08-22 07:03:51,279 [grpc-default-executor-1] INFO  client.GrpcClientProtocolClient (GrpcClientProtocolClient.java:onNext(255)) - client-CF63D631FA17->3cf1264f-5f6b-4138-aeee-2ff7d4522ead: receive RaftClientReply:client-CF63D631FA17->3cf1264f-5f6b-4138-aeee-2ff7d4522ead@group-561E16522154, cid=3422, SUCCESS, logIndex=5191, commits[3cf1264f-5f6b-4138-aeee-2ff7d4522ead:c5191, 4f0d1a15-8f14-4d9a-ad4f-8211e1245b5d:c5189, 6999f20e-c3f7-4db4-87ca-141c476f2a88:c5189]
2019-08-22 07:03:51,279 | INFO  | DNAudit | user=null | ip=null | op=PUT_BLOCK {blockData=[blockId=conID: 1 locID: 102659354214531759 bcsId: 0,size=2097152]} | ret=SUCCESS |  
2019-08-22 07:03:51,279 [grpc-default-executor-1] INFO  client.GrpcClientProtocolClient (GrpcClientProtocolClient.java:onNext(255)) - client-CF63D631FA17->3cf1264f-5f6b-4138-aeee-2ff7d4522ead: receive RaftClientReply:client-CF63D631FA17->3cf1264f-5f6b-4138-aeee-2ff7d4522ead@group-561E16522154, cid=3423, SUCCESS, logIndex=5192, commits[3cf1264f-5f6b-4138-aeee-2ff7d4522ead:c5193, 4f0d1a15-8f14-4d9a-ad4f-8211e1245b5d:c5189, 6999f20e-c3f7-4db4-87ca-141c476f2a88:c5189]
2019-08-22 07:03:51,279 [grpc-default-executor-1] INFO  client.GrpcClientProtocolClient (GrpcClientProtocolClient.java:onNext(255)) - client-CF63D631FA17->3cf1264f-5f6b-4138-aeee-2ff7d4522ead: receive RaftClientReply:client-CF63D631FA17->3cf1264f-5f6b-4138-aeee-2ff7d4522ead@group-561E16522154, cid=3424, SUCCESS, logIndex=5193, commits[3cf1264f-5f6b-4138-aeee-2ff7d4522ead:c5193, 4f0d1a15-8f14-4d9a-ad4f-8211e1245b5d:c5189, 6999f20e-c3f7-4db4-87ca-141c476f2a88:c5189]
2019-08-22 07:03:51,291 | INFO  | DNAudit | user=null | ip=null | op=WRITE_CHUNK {blockData=conID: 1 locID: 102659354214531759 bcsId: 0} | ret=SUCCESS |  
2019-08-22 07:03:51,292 | INFO  | DNAudit | user=null | ip=null | op=PUT_BLOCK {blockData=[blockId=conID: 1 locID: 102659354214531759 bcsId: 0,size=1048576]} | ret=SUCCESS |  
2019-08-22 07:03:51,292 | INFO  | DNAudit | user=null | ip=null | op=WRITE_CHUNK {blockData=conID: 1 locID: 102659354214531759 bcsId: 0} | ret=SUCCESS |  
2019-08-22 07:03:51,292 | INFO  | DNAudit | user=null | ip=null | op=WRITE_CHUNK {blockData=conID: 1 locID: 102659354214531759 bcsId: 0} | ret=SUCCESS |  
2019-08-22 07:03:51,293 | INFO  | DNAudit | user=null | ip=null | op=PUT_BLOCK {blockData=[blockId=conID: 1 locID: 102659354214531759 bcsId: 0,size=2097152]} | ret=SUCCESS |  
2019-08-22 07:03:51,293 [grpc-default-executor-0] INFO  client.GrpcClientProtocolClient (GrpcClientProtocolClient.java:onNext(255)) - client-CF63D631FA17->3cf1264f-5f6b-4138-aeee-2ff7d4522ead: receive RaftClientReply:client-CF63D631FA17->3cf1264f-5f6b-4138-aeee-2ff7d4522ead@group-561E16522154, cid=3425, SUCCESS, logIndex=0, commits[3cf1264f-5f6b-4138-aeee-2ff7d4522ead:c5195, 4f0d1a15-8f14-4d9a-ad4f-8211e1245b5d:c5191, 6999f20e-c3f7-4db4-87ca-141c476f2a88:c5191]
2019-08-22 07:03:51,293 | INFO  | DNAudit | user=null | ip=null | op=PUT_BLOCK {blockData=[blockId=conID: 1 locID: 102659354214531759 bcsId: 0,size=1048576]} | ret=SUCCESS |  
2019-08-22 07:03:51,293 | INFO  | DNAudit | user=null | ip=null | op=WRITE_CHUNK {blockData=conID: 1 locID: 102659354214531759 bcsId: 0} | ret=SUCCESS |  
2019-08-22 07:03:51,293 | INFO  | DNAudit | user=null | ip=null | op=PUT_BLOCK {blockData=[blockId=conID: 1 locID: 102659354214531759 bcsId: 0,size=2097152]} | ret=SUCCESS |  
2019-08-22 07:03:51,299 | INFO  | DNAudit | user=null | ip=null | op=WRITE_CHUNK {blockData=conID: 1 locID: 102659354214531759 bcsId: 5193} | ret=SUCCESS |  
2019-08-22 07:03:51,303 | INFO  | DNAudit | user=null | ip=null | op=WRITE_CHUNK {blockData=conID: 1 locID: 102659354214531759 bcsId: 5193} | ret=SUCCESS |  
2019-08-22 07:03:51,303 | INFO  | DNAudit | user=null | ip=null | op=WRITE_CHUNK {blockData=conID: 1 locID: 102659354214531759 bcsId: 5193} | ret=SUCCESS |  
2019-08-22 07:03:51,311 | INFO  | DNAudit | user=null | ip=null | op=WRITE_CHUNK {blockData=conID: 1 locID: 102659354214531759 bcsId: 5193} | ret=SUCCESS |  
2019-08-22 07:03:51,312 | INFO  | DNAudit | user=null | ip=null | op=PUT_BLOCK {blockData=[blockId=conID: 1 locID: 102659354214531759 bcsId: 0,size=3145728]} | ret=SUCCESS |  
2019-08-22 07:03:51,312 [grpc-default-executor-1] INFO  client.GrpcClientProtocolClient (GrpcClientProtocolClient.java:onNext(255)) - client-CF63D631FA17->3cf1264f-5f6b-4138-aeee-2ff7d4522ead: receive RaftClientReply:client-CF63D631FA17->3cf1264f-5f6b-4138-aeee-2ff7d4522ead@group-561E16522154, cid=3426, SUCCESS, logIndex=5198, commits[3cf1264f-5f6b-4138-aeee-2ff7d4522ead:c5199, 4f0d1a15-8f14-4d9a-ad4f-8211e1245b5d:c5197, 6999f20e-c3f7-4db4-87ca-141c476f2a88:c5197]
2019-08-22 07:03:51,312 [grpc-default-executor-1] INFO  client.GrpcClientProtocolClient (GrpcClientProtocolClient.java:onNext(255)) - client-CF63D631FA17->3cf1264f-5f6b-4138-aeee-2ff7d4522ead: receive RaftClientReply:client-CF63D631FA17->3cf1264f-5f6b-4138-aeee-2ff7d4522ead@group-561E16522154, cid=3427, SUCCESS, logIndex=5199, commits[3cf1264f-5f6b-4138-aeee-2ff7d4522ead:c5199, 4f0d1a15-8f14-4d9a-ad4f-8211e1245b5d:c5197, 6999f20e-c3f7-4db4-87ca-141c476f2a88:c5197]
2019-08-22 07:03:51,319 | INFO  | DNAudit | user=null | ip=null | op=WRITE_CHUNK {blockData=conID: 1 locID: 102659354214531759 bcsId: 5199} | ret=SUCCESS |  
2019-08-22 07:03:51,322 | INFO  | DNAudit | user=null | ip=null | op=WRITE_CHUNK {blockData=conID: 1 locID: 102659354214531759 bcsId: 5199} | ret=SUCCESS |  
2019-08-22 07:03:51,322 | INFO  | DNAudit | user=null | ip=null | op=WRITE_CHUNK {blockData=conID: 1 locID: 102659354214531759 bcsId: 5199} | ret=SUCCESS |  
2019-08-22 07:03:51,323 | INFO  | DNAudit | user=null | ip=null | op=WRITE_CHUNK {blockData=conID: 1 locID: 102659354214531759 bcsId: 5193} | ret=SUCCESS |  
2019-08-22 07:03:51,323 | INFO  | DNAudit | user=null | ip=null | op=WRITE_CHUNK {blockData=conID: 1 locID: 102659354214531759 bcsId: 5193} | ret=SUCCESS |  
2019-08-22 07:03:51,324 | INFO  | DNAudit | user=null | ip=null | op=PUT_BLOCK {blockData=[blockId=conID: 1 locID: 102659354214531759 bcsId: 0,size=3145728]} | ret=SUCCESS |  
2019-08-22 07:03:51,324 | INFO  | DNAudit | user=null | ip=null | op=PUT_BLOCK {blockData=[blockId=conID: 1 locID: 102659354214531759 bcsId: 0,size=3145728]} | ret=SUCCESS |  
2019-08-22 07:03:51,326 | INFO  | DNAudit | user=null | ip=null | op=WRITE_CHUNK {blockData=conID: 1 locID: 102659354214531759 bcsId: 5199} | ret=SUCCESS |  
2019-08-22 07:03:51,327 | INFO  | DNAudit | user=null | ip=null | op=PUT_BLOCK {blockData=[blockId=conID: 1 locID: 102659354214531759 bcsId: 0,size=4194304]} | ret=SUCCESS |  
2019-08-22 07:03:51,327 [grpc-default-executor-1] INFO  client.GrpcClientProtocolClient (GrpcClientProtocolClient.java:onNext(255)) - client-CF63D631FA17->3cf1264f-5f6b-4138-aeee-2ff7d4522ead: receive RaftClientReply:client-CF63D631FA17->3cf1264f-5f6b-4138-aeee-2ff7d4522ead@group-561E16522154, cid=3428, SUCCESS, logIndex=5202, commits[3cf1264f-5f6b-4138-aeee-2ff7d4522ead:c5203, 4f0d1a15-8f14-4d9a-ad4f-8211e1245b5d:c5199, 6999f20e-c3f7-4db4-87ca-141c476f2a88:c5199]
2019-08-22 07:03:51,328 [grpc-default-executor-1] INFO  client.GrpcClientProtocolClient (GrpcClientProtocolClient.java:onNext(255)) - client-CF63D631FA17->3cf1264f-5f6b-4138-aeee-2ff7d4522ead: receive RaftClientReply:client-CF63D631FA17->3cf1264f-5f6b-4138-aeee-2ff7d4522ead@group-561E16522154, cid=3429, SUCCESS, logIndex=5203, commits[3cf1264f-5f6b-4138-aeee-2ff7d4522ead:c5203, 4f0d1a15-8f14-4d9a-ad4f-8211e1245b5d:c5199, 6999f20e-c3f7-4db4-87ca-141c476f2a88:c5199]
2019-08-22 07:03:51,338 | INFO  | DNAudit | user=null | ip=null | op=WRITE_CHUNK {blockData=conID: 1 locID: 102659354214531759 bcsId: 5199} | ret=SUCCESS |  
2019-08-22 07:03:51,338 | INFO  | DNAudit | user=null | ip=null | op=WRITE_CHUNK {blockData=conID: 1 locID: 102659354214531759 bcsId: 5199} | ret=SUCCESS |  
2019-08-22 07:03:51,339 | INFO  | DNAudit | user=null | ip=null | op=PUT_BLOCK {blockData=[blockId=conID: 1 locID: 102659354214531759 bcsId: 0,size=4194304]} | ret=SUCCESS |  
2019-08-22 07:03:51,339 | INFO  | DNAudit | user=null | ip=null | op=PUT_BLOCK {blockData=[blockId=conID: 1 locID: 102659354214531759 bcsId: 0,size=4194304]} | ret=SUCCESS |  
2019-08-22 07:03:51,339 [grpc-default-executor-5] INFO  client.GrpcClientProtocolClient (GrpcClientProtocolClient.java:onNext(255)) - client-CF63D631FA17->3cf1264f-5f6b-4138-aeee-2ff7d4522ead: receive RaftClientReply:client-CF63D631FA17->3cf1264f-5f6b-4138-aeee-2ff7d4522ead@group-561E16522154, cid=3430, SUCCESS, logIndex=0, commits[3cf1264f-5f6b-4138-aeee-2ff7d4522ead:c5203, 4f0d1a15-8f14-4d9a-ad4f-8211e1245b5d:c5203, 6999f20e-c3f7-4db4-87ca-141c476f2a88:c5203]
2019-08-22 07:03:51,346 | INFO  | SCMAudit | user=jenkins1000 | ip=192.168.34.31 | op=ALLOCATE_BLOCK {owner=04b6d46a-98e2-41b1-9f38-1870289993ea, size=4194304, type=RATIS, factor=THREE} | ret=SUCCESS |  
2019-08-22 07:03:51,352 | INFO  | OMAudit | user=jenkins1000 | ip=127.0.0.1 | op=ALLOCATE_BLOCK {volume=vol-0-14906, bucket=bucket-0-53153, key=key-0-33222, dataSize=0, replicationType=null, replicationFactor=null, keyLocationInfo=null, clientID=102659352017764754} | ret=SUCCESS |  
2019-08-22 07:03:51,359 | INFO  | DNAudit | user=null | ip=null | op=WRITE_CHUNK {blockData=conID: 2 locID: 102659354220692144 bcsId: 0} | ret=SUCCESS |  
2019-08-22 07:03:51,362 | INFO  | DNAudit | user=null | ip=null | op=WRITE_CHUNK {blockData=conID: 2 locID: 102659354220692144 bcsId: 0} | ret=SUCCESS |  
2019-08-22 07:03:51,362 | INFO  | DNAudit | user=null | ip=null | op=WRITE_CHUNK {blockData=conID: 2 locID: 102659354220692144 bcsId: 0} | ret=SUCCESS |  
2019-08-22 07:03:51,362 | INFO  | DNAudit | user=null | ip=null | op=WRITE_CHUNK {blockData=conID: 2 locID: 102659354220692144 bcsId: 0} | ret=SUCCESS |  
2019-08-22 07:03:51,364 | INFO  | DNAudit | user=null | ip=null | op=WRITE_CHUNK {blockData=conID: 2 locID: 102659354220692144 bcsId: 0} | ret=SUCCESS |  
2019-08-22 07:03:51,364 | INFO  | DNAudit | user=null | ip=null | op=WRITE_CHUNK {blockData=conID: 2 locID: 102659354220692144 bcsId: 0} | ret=SUCCESS |  
2019-08-22 07:03:51,372 | INFO  | DNAudit | user=null | ip=null | op=WRITE_CHUNK {blockData=conID: 2 locID: 102659354220692144 bcsId: 0} | ret=SUCCESS |  
2019-08-22 07:03:51,372 | INFO  | DNAudit | user=null | ip=null | op=PUT_BLOCK {blockData=[blockId=conID: 2 locID: 102659354220692144 bcsId: 0,size=1048576]} | ret=SUCCESS |  
2019-08-22 07:03:51,372 [grpc-default-executor-1] INFO  client.GrpcClientProtocolClient (GrpcClientProtocolClient.java:onNext(255)) - client-CF63D631FA17->3cf1264f-5f6b-4138-aeee-2ff7d4522ead: receive RaftClientReply:client-CF63D631FA17->3cf1264f-5f6b-4138-aeee-2ff7d4522ead@group-561E16522154, cid=3431, SUCCESS, logIndex=5206, commits[3cf1264f-5f6b-4138-aeee-2ff7d4522ead:c5207, 4f0d1a15-8f14-4d9a-ad4f-8211e1245b5d:c5205, 6999f20e-c3f7-4db4-87ca-141c476f2a88:c5205]
2019-08-22 07:03:51,373 | INFO  | DNAudit | user=null | ip=null | op=WRITE_CHUNK {blockData=conID: 2 locID: 102659354220692144 bcsId: 0} | ret=SUCCESS |  
2019-08-22 07:03:51,373 | INFO  | DNAudit | user=null | ip=null | op=PUT_BLOCK {blockData=[blockId=conID: 2 locID: 102659354220692144 bcsId: 0,size=2097152]} | ret=SUCCESS |  
2019-08-22 07:03:51,373 [grpc-default-executor-1] INFO  client.GrpcClientProtocolClient (GrpcClientProtocolClient.java:onNext(255)) - client-CF63D631FA17->3cf1264f-5f6b-4138-aeee-2ff7d4522ead: receive RaftClientReply:client-CF63D631FA17->3cf1264f-5f6b-4138-aeee-2ff7d4522ead@group-561E16522154, cid=3432, SUCCESS, logIndex=5207, commits[3cf1264f-5f6b-4138-aeee-2ff7d4522ead:c5208, 4f0d1a15-8f14-4d9a-ad4f-8211e1245b5d:c5205, 6999f20e-c3f7-4db4-87ca-141c476f2a88:c5205]
2019-08-22 07:03:51,373 [grpc-default-executor-1] INFO  client.GrpcClientProtocolClient (GrpcClientProtocolClient.java:onNext(255)) - client-CF63D631FA17->3cf1264f-5f6b-4138-aeee-2ff7d4522ead: receive RaftClientReply:client-CF63D631FA17->3cf1264f-5f6b-4138-aeee-2ff7d4522ead@group-561E16522154, cid=3433, SUCCESS, logIndex=5208, commits[3cf1264f-5f6b-4138-aeee-2ff7d4522ead:c5209, 4f0d1a15-8f14-4d9a-ad4f-8211e1245b5d:c5205, 6999f20e-c3f7-4db4-87ca-141c476f2a88:c5205]
2019-08-22 07:03:51,374 [grpc-default-executor-1] INFO  client.GrpcClientProtocolClient (GrpcClientProtocolClient.java:onNext(255)) - client-CF63D631FA17->3cf1264f-5f6b-4138-aeee-2ff7d4522ead: receive RaftClientReply:client-CF63D631FA17->3cf1264f-5f6b-4138-aeee-2ff7d4522ead@group-561E16522154, cid=3434, SUCCESS, logIndex=5209, commits[3cf1264f-5f6b-4138-aeee-2ff7d4522ead:c5209, 4f0d1a15-8f14-4d9a-ad4f-8211e1245b5d:c5205, 6999f20e-c3f7-4db4-87ca-141c476f2a88:c5205]
2019-08-22 07:03:51,385 | INFO  | DNAudit | user=null | ip=null | op=WRITE_CHUNK {blockData=conID: 2 locID: 102659354220692144 bcsId: 0} | ret=SUCCESS |  
2019-08-22 07:03:51,386 | INFO  | DNAudit | user=null | ip=null | op=PUT_BLOCK {blockData=[blockId=conID: 2 locID: 102659354220692144 bcsId: 0,size=1048576]} | ret=SUCCESS |  
2019-08-22 07:03:51,386 | INFO  | DNAudit | user=null | ip=null | op=WRITE_CHUNK {blockData=conID: 2 locID: 102659354220692144 bcsId: 0} | ret=SUCCESS |  
2019-08-22 07:03:51,386 | INFO  | DNAudit | user=null | ip=null | op=PUT_BLOCK {blockData=[blockId=conID: 2 locID: 102659354220692144 bcsId: 0,size=1048576]} | ret=SUCCESS |  
2019-08-22 07:03:51,386 | INFO  | DNAudit | user=null | ip=null | op=WRITE_CHUNK {blockData=conID: 2 locID: 102659354220692144 bcsId: 0} | ret=SUCCESS |  
2019-08-22 07:03:51,387 | INFO  | DNAudit | user=null | ip=null | op=PUT_BLOCK {blockData=[blockId=conID: 2 locID: 102659354220692144 bcsId: 0,size=2097152]} | ret=SUCCESS |  
2019-08-22 07:03:51,387 [grpc-default-executor-1] INFO  client.GrpcClientProtocolClient (GrpcClientProtocolClient.java:onNext(255)) - client-CF63D631FA17->3cf1264f-5f6b-4138-aeee-2ff7d4522ead: receive RaftClientReply:client-CF63D631FA17->3cf1264f-5f6b-4138-aeee-2ff7d4522ead@group-561E16522154, cid=3435, SUCCESS, logIndex=0, commits[3cf1264f-5f6b-4138-aeee-2ff7d4522ead:c5211, 4f0d1a15-8f14-4d9a-ad4f-8211e1245b5d:c5207, 6999f20e-c3f7-4db4-87ca-141c476f2a88:c5207]
2019-08-22 07:03:51,387 | INFO  | DNAudit | user=null | ip=null | op=WRITE_CHUNK {blockData=conID: 2 locID: 102659354220692144 bcsId: 0} | ret=SUCCESS |  
2019-08-22 07:03:51,387 | INFO  | DNAudit | user=null | ip=null | op=PUT_BLOCK {blockData=[blockId=conID: 2 locID: 102659354220692144 bcsId: 0,size=2097152]} | ret=SUCCESS |  
2019-08-22 07:03:51,393 | INFO  | DNAudit | user=null | ip=null | op=WRITE_CHUNK {blockData=conID: 2 locID: 102659354220692144 bcsId: 5209} | ret=SUCCESS |  
2019-08-22 07:03:51,396 | INFO  | DNAudit | user=null | ip=null | op=WRITE_CHUNK {blockData=conID: 2 locID: 102659354220692144 bcsId: 5209} | ret=SUCCESS |  
2019-08-22 07:03:51,396 | INFO  | DNAudit | user=null | ip=null | op=WRITE_CHUNK {blockData=conID: 2 locID: 102659354220692144 bcsId: 5209} | ret=SUCCESS |  
2019-08-22 07:03:51,398 | INFO  | DNAudit | user=null | ip=null | op=WRITE_CHUNK {blockData=conID: 2 locID: 102659354220692144 bcsId: 5209} | ret=SUCCESS |  
2019-08-22 07:03:51,399 | INFO  | DNAudit | user=null | ip=null | op=PUT_BLOCK {blockData=[blockId=conID: 2 locID: 102659354220692144 bcsId: 0,size=3145728]} | ret=SUCCESS |  
2019-08-22 07:03:51,399 [grpc-default-executor-5] INFO  client.GrpcClientProtocolClient (GrpcClientProtocolClient.java:onNext(255)) - client-CF63D631FA17->3cf1264f-5f6b-4138-aeee-2ff7d4522ead: receive RaftClientReply:client-CF63D631FA17->3cf1264f-5f6b-4138-aeee-2ff7d4522ead@group-561E16522154, cid=3436, SUCCESS, logIndex=5214, commits[3cf1264f-5f6b-4138-aeee-2ff7d4522ead:c5215, 4f0d1a15-8f14-4d9a-ad4f-8211e1245b5d:c5213, 6999f20e-c3f7-4db4-87ca-141c476f2a88:c5213]
2019-08-22 07:03:51,399 [grpc-default-executor-5] INFO  client.GrpcClientProtocolClient (GrpcClientProtocolClient.java:onNext(255)) - client-CF63D631FA17->3cf1264f-5f6b-4138-aeee-2ff7d4522ead: receive RaftClientReply:client-CF63D631FA17->3cf1264f-5f6b-4138-aeee-2ff7d4522ead@group-561E16522154, cid=3437, SUCCESS, logIndex=5215, commits[3cf1264f-5f6b-4138-aeee-2ff7d4522ead:c5215, 4f0d1a15-8f14-4d9a-ad4f-8211e1245b5d:c5213, 6999f20e-c3f7-4db4-87ca-141c476f2a88:c5213]
2019-08-22 07:03:51,401 | INFO  | DNAudit | user=null | ip=null | op=WRITE_CHUNK {blockData=conID: 2 locID: 102659354220692144 bcsId: 5209} | ret=SUCCESS |  
2019-08-22 07:03:51,401 | INFO  | DNAudit | user=null | ip=null | op=WRITE_CHUNK {blockData=conID: 2 locID: 102659354220692144 bcsId: 5209} | ret=SUCCESS |  
2019-08-22 07:03:51,401 | INFO  | DNAudit | user=null | ip=null | op=PUT_BLOCK {blockData=[blockId=conID: 2 locID: 102659354220692144 bcsId: 0,size=3145728]} | ret=SUCCESS |  
2019-08-22 07:03:51,402 | INFO  | DNAudit | user=null | ip=null | op=PUT_BLOCK {blockData=[blockId=conID: 2 locID: 102659354220692144 bcsId: 0,size=3145728]} | ret=SUCCESS |  
2019-08-22 07:03:51,405 | INFO  | DNAudit | user=null | ip=null | op=WRITE_CHUNK {blockData=conID: 2 locID: 102659354220692144 bcsId: 5215} | ret=SUCCESS |  
2019-08-22 07:03:51,408 | INFO  | DNAudit | user=null | ip=null | op=WRITE_CHUNK {blockData=conID: 2 locID: 102659354220692144 bcsId: 5215} | ret=SUCCESS |  
2019-08-22 07:03:51,409 | INFO  | DNAudit | user=null | ip=null | op=WRITE_CHUNK {blockData=conID: 2 locID: 102659354220692144 bcsId: 5215} | ret=SUCCESS |  
2019-08-22 07:03:51,425 | INFO  | DNAudit | user=null | ip=null | op=WRITE_CHUNK {blockData=conID: 2 locID: 102659354220692144 bcsId: 5215} | ret=SUCCESS |  
2019-08-22 07:03:51,425 | INFO  | DNAudit | user=null | ip=null | op=PUT_BLOCK {blockData=[blockId=conID: 2 locID: 102659354220692144 bcsId: 0,size=4194304]} | ret=SUCCESS |  
2019-08-22 07:03:51,426 [grpc-default-executor-0] INFO  client.GrpcClientProtocolClient (GrpcClientProtocolClient.java:onNext(255)) - client-CF63D631FA17->3cf1264f-5f6b-4138-aeee-2ff7d4522ead: receive RaftClientReply:client-CF63D631FA17->3cf1264f-5f6b-4138-aeee-2ff7d4522ead@group-561E16522154, cid=3438, SUCCESS, logIndex=5218, commits[3cf1264f-5f6b-4138-aeee-2ff7d4522ead:c5219, 4f0d1a15-8f14-4d9a-ad4f-8211e1245b5d:c5217, 6999f20e-c3f7-4db4-87ca-141c476f2a88:c5217]
2019-08-22 07:03:51,426 [grpc-default-executor-0] INFO  client.GrpcClientProtocolClient (GrpcClientProtocolClient.java:onNext(255)) - client-CF63D631FA17->3cf1264f-5f6b-4138-aeee-2ff7d4522ead: receive RaftClientReply:client-CF63D631FA17->3cf1264f-5f6b-4138-aeee-2ff7d4522ead@group-561E16522154, cid=3439, SUCCESS, logIndex=5219, commits[3cf1264f-5f6b-4138-aeee-2ff7d4522ead:c5219, 4f0d1a15-8f14-4d9a-ad4f-8211e1245b5d:c5217, 6999f20e-c3f7-4db4-87ca-141c476f2a88:c5217]
2019-08-22 07:03:51,437 | INFO  | DNAudit | user=null | ip=null | op=WRITE_CHUNK {blockData=conID: 2 locID: 102659354220692144 bcsId: 5215} | ret=SUCCESS |  
2019-08-22 07:03:51,437 | INFO  | DNAudit | user=null | ip=null | op=WRITE_CHUNK {blockData=conID: 2 locID: 102659354220692144 bcsId: 5215} | ret=SUCCESS |  
2019-08-22 07:03:51,438 | INFO  | DNAudit | user=null | ip=null | op=PUT_BLOCK {blockData=[blockId=conID: 2 locID: 102659354220692144 bcsId: 0,size=4194304]} | ret=SUCCESS |  
2019-08-22 07:03:51,438 | INFO  | DNAudit | user=null | ip=null | op=PUT_BLOCK {blockData=[blockId=conID: 2 locID: 102659354220692144 bcsId: 0,size=4194304]} | ret=SUCCESS |  
2019-08-22 07:03:51,439 [grpc-default-executor-5] INFO  client.GrpcClientProtocolClient (GrpcClientProtocolClient.java:onNext(255)) - client-CF63D631FA17->3cf1264f-5f6b-4138-aeee-2ff7d4522ead: receive RaftClientReply:client-CF63D631FA17->3cf1264f-5f6b-4138-aeee-2ff7d4522ead@group-561E16522154, cid=3440, SUCCESS, logIndex=0, commits[3cf1264f-5f6b-4138-aeee-2ff7d4522ead:c5220, 4f0d1a15-8f14-4d9a-ad4f-8211e1245b5d:c5219, 6999f20e-c3f7-4db4-87ca-141c476f2a88:c5219]
2019-08-22 07:03:51,447 | INFO  | SCMAudit | user=jenkins1000 | ip=192.168.34.31 | op=ALLOCATE_BLOCK {owner=04b6d46a-98e2-41b1-9f38-1870289993ea, size=4194304, type=RATIS, factor=THREE} | ret=SUCCESS |  
2019-08-22 07:03:51,453 | INFO  | OMAudit | user=jenkins1000 | ip=127.0.0.1 | op=ALLOCATE_BLOCK {volume=vol-0-14906, bucket=bucket-0-53153, key=key-0-33222, dataSize=0, replicationType=null, replicationFactor=null, keyLocationInfo=null, clientID=102659352017764754} | ret=SUCCESS |  
2019-08-22 07:03:51,459 | INFO  | DNAudit | user=null | ip=null | op=WRITE_CHUNK {blockData=conID: 3 locID: 102659354227311281 bcsId: 0} | ret=SUCCESS |  
2019-08-22 07:03:51,464 | INFO  | DNAudit | user=null | ip=null | op=WRITE_CHUNK {blockData=conID: 3 locID: 102659354227311281 bcsId: 0} | ret=SUCCESS |  
2019-08-22 07:03:51,464 | INFO  | DNAudit | user=null | ip=null | op=WRITE_CHUNK {blockData=conID: 3 locID: 102659354227311281 bcsId: 0} | ret=SUCCESS |  
2019-08-22 07:03:51,464 | INFO  | DNAudit | user=null | ip=null | op=WRITE_CHUNK {blockData=conID: 3 locID: 102659354227311281 bcsId: 0} | ret=SUCCESS |  
2019-08-22 07:03:51,465 | INFO  | DNAudit | user=null | ip=null | op=WRITE_CHUNK {blockData=conID: 3 locID: 102659354227311281 bcsId: 0} | ret=SUCCESS |  
2019-08-22 07:03:51,465 | INFO  | DNAudit | user=null | ip=null | op=WRITE_CHUNK {blockData=conID: 3 locID: 102659354227311281 bcsId: 0} | ret=SUCCESS |  
2019-08-22 07:03:51,472 | INFO  | DNAudit | user=null | ip=null | op=WRITE_CHUNK {blockData=conID: 3 locID: 102659354227311281 bcsId: 0} | ret=SUCCESS |  
2019-08-22 07:03:51,473 | INFO  | DNAudit | user=null | ip=null | op=PUT_BLOCK {blockData=[blockId=conID: 3 locID: 102659354227311281 bcsId: 0,size=1048576]} | ret=SUCCESS |  
2019-08-22 07:03:51,473 [grpc-default-executor-0] INFO  client.GrpcClientProtocolClient (GrpcClientProtocolClient.java:onNext(255)) - client-CF63D631FA17->3cf1264f-5f6b-4138-aeee-2ff7d4522ead: receive RaftClientReply:client-CF63D631FA17->3cf1264f-5f6b-4138-aeee-2ff7d4522ead@group-561E16522154, cid=3441, SUCCESS, logIndex=5222, commits[3cf1264f-5f6b-4138-aeee-2ff7d4522ead:c5224, 4f0d1a15-8f14-4d9a-ad4f-8211e1245b5d:c5221, 6999f20e-c3f7-4db4-87ca-141c476f2a88:c5221]
2019-08-22 07:03:51,473 | INFO  | DNAudit | user=null | ip=null | op=WRITE_CHUNK {blockData=conID: 3 locID: 102659354227311281 bcsId: 0} | ret=SUCCESS |  
2019-08-22 07:03:51,474 [grpc-default-executor-0] INFO  client.GrpcClientProtocolClient (GrpcClientProtocolClient.java:onNext(255)) - client-CF63D631FA17->3cf1264f-5f6b-4138-aeee-2ff7d4522ead: receive RaftClientReply:client-CF63D631FA17->3cf1264f-5f6b-4138-aeee-2ff7d4522ead@group-561E16522154, cid=3442, SUCCESS, logIndex=5223, commits[3cf1264f-5f6b-4138-aeee-2ff7d4522ead:c5225, 4f0d1a15-8f14-4d9a-ad4f-8211e1245b5d:c5221, 6999f20e-c3f7-4db4-87ca-141c476f2a88:c5221]
2019-08-22 07:03:51,474 | INFO  | DNAudit | user=null | ip=null | op=PUT_BLOCK {blockData=[blockId=conID: 3 locID: 102659354227311281 bcsId: 0,size=2097152]} | ret=SUCCESS |  
2019-08-22 07:03:51,474 [grpc-default-executor-0] INFO  client.GrpcClientProtocolClient (GrpcClientProtocolClient.java:onNext(255)) - client-CF63D631FA17->3cf1264f-5f6b-4138-aeee-2ff7d4522ead: receive RaftClientReply:client-CF63D631FA17->3cf1264f-5f6b-4138-aeee-2ff7d4522ead@group-561E16522154, cid=3443, SUCCESS, logIndex=5224, commits[3cf1264f-5f6b-4138-aeee-2ff7d4522ead:c5225, 4f0d1a15-8f14-4d9a-ad4f-8211e1245b5d:c5221, 6999f20e-c3f7-4db4-87ca-141c476f2a88:c5221]
2019-08-22 07:03:51,474 [grpc-default-executor-0] INFO  client.GrpcClientProtocolClient (GrpcClientProtocolClient.java:onNext(255)) - client-CF63D631FA17->3cf1264f-5f6b-4138-aeee-2ff7d4522ead: receive RaftClientReply:client-CF63D631FA17->3cf1264f-5f6b-4138-aeee-2ff7d4522ead@group-561E16522154, cid=3444, SUCCESS, logIndex=5225, commits[3cf1264f-5f6b-4138-aeee-2ff7d4522ead:c5225, 4f0d1a15-8f14-4d9a-ad4f-8211e1245b5d:c5221, 6999f20e-c3f7-4db4-87ca-141c476f2a88:c5221]
2019-08-22 07:03:51,484 | INFO  | DNAudit | user=null | ip=null | op=WRITE_CHUNK {blockData=conID: 3 locID: 102659354227311281 bcsId: 0} | ret=SUCCESS |  
2019-08-22 07:03:51,484 | INFO  | DNAudit | user=null | ip=null | op=WRITE_CHUNK {blockData=conID: 3 locID: 102659354227311281 bcsId: 0} | ret=SUCCESS |  
2019-08-22 07:03:51,486 | INFO  | DNAudit | user=null | ip=null | op=PUT_BLOCK {blockData=[blockId=conID: 3 locID: 102659354227311281 bcsId: 0,size=1048576]} | ret=SUCCESS |  
2019-08-22 07:03:51,487 | INFO  | DNAudit | user=null | ip=null | op=WRITE_CHUNK {blockData=conID: 3 locID: 102659354227311281 bcsId: 0} | ret=SUCCESS |  
2019-08-22 07:03:51,487 | INFO  | DNAudit | user=null | ip=null | op=PUT_BLOCK {blockData=[blockId=conID: 3 locID: 102659354227311281 bcsId: 0,size=1048576]} | ret=SUCCESS |  
2019-08-22 07:03:51,487 | INFO  | DNAudit | user=null | ip=null | op=PUT_BLOCK {blockData=[blockId=conID: 3 locID: 102659354227311281 bcsId: 0,size=2097152]} | ret=SUCCESS |  
2019-08-22 07:03:51,487 | INFO  | DNAudit | user=null | ip=null | op=WRITE_CHUNK {blockData=conID: 3 locID: 102659354227311281 bcsId: 0} | ret=SUCCESS |  
2019-08-22 07:03:51,487 | INFO  | DNAudit | user=null | ip=null | op=PUT_BLOCK {blockData=[blockId=conID: 3 locID: 102659354227311281 bcsId: 0,size=2097152]} | ret=SUCCESS |  
2019-08-22 07:03:51,487 [grpc-default-executor-0] INFO  client.GrpcClientProtocolClient (GrpcClientProtocolClient.java:onNext(255)) - client-CF63D631FA17->3cf1264f-5f6b-4138-aeee-2ff7d4522ead: receive RaftClientReply:client-CF63D631FA17->3cf1264f-5f6b-4138-aeee-2ff7d4522ead@group-561E16522154, cid=3445, SUCCESS, logIndex=0, commits[3cf1264f-5f6b-4138-aeee-2ff7d4522ead:c5229, 4f0d1a15-8f14-4d9a-ad4f-8211e1245b5d:c5223, 6999f20e-c3f7-4db4-87ca-141c476f2a88:c5225]
2019-08-22 07:03:51,494 | INFO  | DNAudit | user=null | ip=null | op=WRITE_CHUNK {blockData=conID: 3 locID: 102659354227311281 bcsId: 5225} | ret=SUCCESS |  
2019-08-22 07:03:51,497 | INFO  | DNAudit | user=null | ip=null | op=WRITE_CHUNK {blockData=conID: 3 locID: 102659354227311281 bcsId: 5225} | ret=SUCCESS |  
2019-08-22 07:03:51,498 | INFO  | DNAudit | user=null | ip=null | op=WRITE_CHUNK {blockData=conID: 3 locID: 102659354227311281 bcsId: 5225} | ret=SUCCESS |  
2019-08-22 07:03:51,507 | INFO  | DNAudit | user=null | ip=null | op=WRITE_CHUNK {blockData=conID: 3 locID: 102659354227311281 bcsId: 5225} | ret=SUCCESS |  
2019-08-22 07:03:51,507 | INFO  | DNAudit | user=null | ip=null | op=PUT_BLOCK {blockData=[blockId=conID: 3 locID: 102659354227311281 bcsId: 0,size=3145728]} | ret=SUCCESS |  
2019-08-22 07:03:51,508 [grpc-default-executor-1] INFO  client.GrpcClientProtocolClient (GrpcClientProtocolClient.java:onNext(255)) - client-CF63D631FA17->3cf1264f-5f6b-4138-aeee-2ff7d4522ead: receive RaftClientReply:client-CF63D631FA17->3cf1264f-5f6b-4138-aeee-2ff7d4522ead@group-561E16522154, cid=3446, SUCCESS, logIndex=5230, commits[3cf1264f-5f6b-4138-aeee-2ff7d4522ead:c5231, 4f0d1a15-8f14-4d9a-ad4f-8211e1245b5d:c5229, 6999f20e-c3f7-4db4-87ca-141c476f2a88:c5229]
2019-08-22 07:03:51,508 [grpc-default-executor-1] INFO  client.GrpcClientProtocolClient (GrpcClientProtocolClient.java:onNext(255)) - client-CF63D631FA17->3cf1264f-5f6b-4138-aeee-2ff7d4522ead: receive RaftClientReply:client-CF63D631FA17->3cf1264f-5f6b-4138-aeee-2ff7d4522ead@group-561E16522154, cid=3447, SUCCESS, logIndex=5231, commits[3cf1264f-5f6b-4138-aeee-2ff7d4522ead:c5231, 4f0d1a15-8f14-4d9a-ad4f-8211e1245b5d:c5229, 6999f20e-c3f7-4db4-87ca-141c476f2a88:c5229]
2019-08-22 07:03:51,515 | INFO  | DNAudit | user=null | ip=null | op=WRITE_CHUNK {blockData=conID: 3 locID: 102659354227311281 bcsId: 5231} | ret=SUCCESS |  
2019-08-22 07:03:51,518 | INFO  | DNAudit | user=null | ip=null | op=WRITE_CHUNK {blockData=conID: 3 locID: 102659354227311281 bcsId: 5231} | ret=SUCCESS |  
2019-08-22 07:03:51,518 | INFO  | DNAudit | user=null | ip=null | op=WRITE_CHUNK {blockData=conID: 3 locID: 102659354227311281 bcsId: 5225} | ret=SUCCESS |  
2019-08-22 07:03:51,519 | INFO  | DNAudit | user=null | ip=null | op=WRITE_CHUNK {blockData=conID: 3 locID: 102659354227311281 bcsId: 5231} | ret=SUCCESS |  
2019-08-22 07:03:51,519 | INFO  | DNAudit | user=null | ip=null | op=WRITE_CHUNK {blockData=conID: 3 locID: 102659354227311281 bcsId: 5225} | ret=SUCCESS |  
2019-08-22 07:03:51,520 | INFO  | DNAudit | user=null | ip=null | op=PUT_BLOCK {blockData=[blockId=conID: 3 locID: 102659354227311281 bcsId: 0,size=3145728]} | ret=SUCCESS |  
2019-08-22 07:03:51,520 | INFO  | DNAudit | user=null | ip=null | op=WRITE_CHUNK {blockData=conID: 3 locID: 102659354227311281 bcsId: 5231} | ret=SUCCESS |  
2019-08-22 07:03:51,520 | INFO  | DNAudit | user=null | ip=null | op=PUT_BLOCK {blockData=[blockId=conID: 3 locID: 102659354227311281 bcsId: 0,size=3145728]} | ret=SUCCESS |  
2019-08-22 07:03:51,521 | INFO  | DNAudit | user=null | ip=null | op=PUT_BLOCK {blockData=[blockId=conID: 3 locID: 102659354227311281 bcsId: 0,size=4194304]} | ret=SUCCESS |  
2019-08-22 07:03:51,521 [grpc-default-executor-1] INFO  client.GrpcClientProtocolClient (GrpcClientProtocolClient.java:onNext(255)) - client-CF63D631FA17->3cf1264f-5f6b-4138-aeee-2ff7d4522ead: receive RaftClientReply:client-CF63D631FA17->3cf1264f-5f6b-4138-aeee-2ff7d4522ead@group-561E16522154, cid=3448, SUCCESS, logIndex=5234, commits[3cf1264f-5f6b-4138-aeee-2ff7d4522ead:c5235, 4f0d1a15-8f14-4d9a-ad4f-8211e1245b5d:c5231, 6999f20e-c3f7-4db4-87ca-141c476f2a88:c5231]
2019-08-22 07:03:51,521 [grpc-default-executor-1] INFO  client.GrpcClientProtocolClient (GrpcClientProtocolClient.java:onNext(255)) - client-CF63D631FA17->3cf1264f-5f6b-4138-aeee-2ff7d4522ead: receive RaftClientReply:client-CF63D631FA17->3cf1264f-5f6b-4138-aeee-2ff7d4522ead@group-561E16522154, cid=3449, SUCCESS, logIndex=5235, commits[3cf1264f-5f6b-4138-aeee-2ff7d4522ead:c5235, 4f0d1a15-8f14-4d9a-ad4f-8211e1245b5d:c5231, 6999f20e-c3f7-4db4-87ca-141c476f2a88:c5231]
2019-08-22 07:03:51,523 | INFO  | DNAudit | user=null | ip=null | op=WRITE_CHUNK {blockData=conID: 3 locID: 102659354227311281 bcsId: 5231} | ret=SUCCESS |  
2019-08-22 07:03:51,523 | INFO  | DNAudit | user=null | ip=null | op=WRITE_CHUNK {blockData=conID: 3 locID: 102659354227311281 bcsId: 5231} | ret=SUCCESS |  
2019-08-22 07:03:51,524 | INFO  | DNAudit | user=null | ip=null | op=PUT_BLOCK {blockData=[blockId=conID: 3 locID: 102659354227311281 bcsId: 0,size=4194304]} | ret=SUCCESS |  
2019-08-22 07:03:51,535 | INFO  | DNAudit | user=null | ip=null | op=PUT_BLOCK {blockData=[blockId=conID: 3 locID: 102659354227311281 bcsId: 0,size=4194304]} | ret=SUCCESS |  
2019-08-22 07:03:51,535 [grpc-default-executor-5] INFO  client.GrpcClientProtocolClient (GrpcClientProtocolClient.java:onNext(255)) - client-CF63D631FA17->3cf1264f-5f6b-4138-aeee-2ff7d4522ead: receive RaftClientReply:client-CF63D631FA17->3cf1264f-5f6b-4138-aeee-2ff7d4522ead@group-561E16522154, cid=3450, SUCCESS, logIndex=0, commits[3cf1264f-5f6b-4138-aeee-2ff7d4522ead:c5237, 4f0d1a15-8f14-4d9a-ad4f-8211e1245b5d:c5235, 6999f20e-c3f7-4db4-87ca-141c476f2a88:c5235]
2019-08-22 07:03:51,544 | INFO  | SCMAudit | user=jenkins1000 | ip=192.168.34.31 | op=ALLOCATE_BLOCK {owner=04b6d46a-98e2-41b1-9f38-1870289993ea, size=4194304, type=RATIS, factor=THREE} | ret=SUCCESS |  
2019-08-22 07:03:51,550 | INFO  | OMAudit | user=jenkins1000 | ip=127.0.0.1 | op=ALLOCATE_BLOCK {volume=vol-0-14906, bucket=bucket-0-53153, key=key-0-33222, dataSize=0, replicationType=null, replicationFactor=null, keyLocationInfo=null, clientID=102659352017764754} | ret=SUCCESS |  
2019-08-22 07:03:51,558 | INFO  | DNAudit | user=null | ip=null | op=WRITE_CHUNK {blockData=conID: 1 locID: 102659354233668274 bcsId: 0} | ret=SUCCESS |  
2019-08-22 07:03:51,563 | INFO  | DNAudit | user=null | ip=null | op=WRITE_CHUNK {blockData=conID: 1 locID: 102659354233668274 bcsId: 0} | ret=SUCCESS |  
2019-08-22 07:03:51,563 | INFO  | DNAudit | user=null | ip=null | op=WRITE_CHUNK {blockData=conID: 1 locID: 102659354233668274 bcsId: 0} | ret=SUCCESS |  
2019-08-22 07:03:51,564 | INFO  | DNAudit | user=null | ip=null | op=WRITE_CHUNK {blockData=conID: 1 locID: 102659354233668274 bcsId: 0} | ret=SUCCESS |  
2019-08-22 07:03:51,566 | INFO  | DNAudit | user=null | ip=null | op=WRITE_CHUNK {blockData=conID: 1 locID: 102659354233668274 bcsId: 0} | ret=SUCCESS |  
2019-08-22 07:03:51,566 | INFO  | DNAudit | user=null | ip=null | op=WRITE_CHUNK {blockData=conID: 1 locID: 102659354233668274 bcsId: 0} | ret=SUCCESS |  
2019-08-22 07:03:51,574 | INFO  | DNAudit | user=null | ip=null | op=WRITE_CHUNK {blockData=conID: 1 locID: 102659354233668274 bcsId: 0} | ret=SUCCESS |  
2019-08-22 07:03:51,575 | INFO  | DNAudit | user=null | ip=null | op=PUT_BLOCK {blockData=[blockId=conID: 1 locID: 102659354233668274 bcsId: 0,size=1048576]} | ret=SUCCESS |  
2019-08-22 07:03:51,575 [grpc-default-executor-1] INFO  client.GrpcClientProtocolClient (GrpcClientProtocolClient.java:onNext(255)) - client-CF63D631FA17->3cf1264f-5f6b-4138-aeee-2ff7d4522ead: receive RaftClientReply:client-CF63D631FA17->3cf1264f-5f6b-4138-aeee-2ff7d4522ead@group-561E16522154, cid=3451, SUCCESS, logIndex=5238, commits[3cf1264f-5f6b-4138-aeee-2ff7d4522ead:c5239, 4f0d1a15-8f14-4d9a-ad4f-8211e1245b5d:c5237, 6999f20e-c3f7-4db4-87ca-141c476f2a88:c5237]
2019-08-22 07:03:51,576 [grpc-default-executor-1] INFO  client.GrpcClientProtocolClient (GrpcClientProtocolClient.java:onNext(255)) - client-CF63D631FA17->3cf1264f-5f6b-4138-aeee-2ff7d4522ead: receive RaftClientReply:client-CF63D631FA17->3cf1264f-5f6b-4138-aeee-2ff7d4522ead@group-561E16522154, cid=3452, SUCCESS, logIndex=5239, commits[3cf1264f-5f6b-4138-aeee-2ff7d4522ead:c5239, 4f0d1a15-8f14-4d9a-ad4f-8211e1245b5d:c5237, 6999f20e-c3f7-4db4-87ca-141c476f2a88:c5237]
2019-08-22 07:03:51,589 | INFO  | DNAudit | user=null | ip=null | op=WRITE_CHUNK {blockData=conID: 1 locID: 102659354233668274 bcsId: 0} | ret=SUCCESS |  
2019-08-22 07:03:51,589 | INFO  | DNAudit | user=null | ip=null | op=WRITE_CHUNK {blockData=conID: 1 locID: 102659354233668274 bcsId: 0} | ret=SUCCESS |  
2019-08-22 07:03:51,589 | INFO  | DNAudit | user=null | ip=null | op=PUT_BLOCK {blockData=[blockId=conID: 1 locID: 102659354233668274 bcsId: 0,size=1048576]} | ret=SUCCESS |  
2019-08-22 07:03:51,589 | INFO  | DNAudit | user=null | ip=null | op=WRITE_CHUNK {blockData=conID: 1 locID: 102659354233668274 bcsId: 0} | ret=SUCCESS |  
2019-08-22 07:03:51,590 | INFO  | DNAudit | user=null | ip=null | op=PUT_BLOCK {blockData=[blockId=conID: 1 locID: 102659354233668274 bcsId: 0,size=2097152]} | ret=SUCCESS |  
2019-08-22 07:03:51,590 | INFO  | DNAudit | user=null | ip=null | op=PUT_BLOCK {blockData=[blockId=conID: 1 locID: 102659354233668274 bcsId: 0,size=1048576]} | ret=SUCCESS |  
2019-08-22 07:03:51,590 [grpc-default-executor-3] INFO  client.GrpcClientProtocolClient (GrpcClientProtocolClient.java:onNext(255)) - client-CF63D631FA17->3cf1264f-5f6b-4138-aeee-2ff7d4522ead: receive RaftClientReply:client-CF63D631FA17->3cf1264f-5f6b-4138-aeee-2ff7d4522ead@group-561E16522154, cid=3453, SUCCESS, logIndex=5240, commits[3cf1264f-5f6b-4138-aeee-2ff7d4522ead:c5241, 4f0d1a15-8f14-4d9a-ad4f-8211e1245b5d:c5238, 6999f20e-c3f7-4db4-87ca-141c476f2a88:c5237]
2019-08-22 07:03:51,590 [grpc-default-executor-3] INFO  client.GrpcClientProtocolClient (GrpcClientProtocolClient.java:onNext(255)) - client-CF63D631FA17->3cf1264f-5f6b-4138-aeee-2ff7d4522ead: receive RaftClientReply:client-CF63D631FA17->3cf1264f-5f6b-4138-aeee-2ff7d4522ead@group-561E16522154, cid=3454, SUCCESS, logIndex=5241, commits[3cf1264f-5f6b-4138-aeee-2ff7d4522ead:c5243, 4f0d1a15-8f14-4d9a-ad4f-8211e1245b5d:c5239, 6999f20e-c3f7-4db4-87ca-141c476f2a88:c5239]
2019-08-22 07:03:51,599 | INFO  | DNAudit | user=null | ip=null | op=WRITE_CHUNK {blockData=conID: 1 locID: 102659354233668274 bcsId: 5241} | ret=SUCCESS |  
2019-08-22 07:03:51,600 | INFO  | DNAudit | user=null | ip=null | op=WRITE_CHUNK {blockData=conID: 1 locID: 102659354233668274 bcsId: 0} | ret=SUCCESS |  
2019-08-22 07:03:51,601 | INFO  | DNAudit | user=null | ip=null | op=WRITE_CHUNK {blockData=conID: 1 locID: 102659354233668274 bcsId: 0} | ret=SUCCESS |  
2019-08-22 07:03:51,601 | INFO  | DNAudit | user=null | ip=null | op=PUT_BLOCK {blockData=[blockId=conID: 1 locID: 102659354233668274 bcsId: 0,size=2097152]} | ret=SUCCESS |  
2019-08-22 07:03:51,601 | INFO  | DNAudit | user=null | ip=null | op=PUT_BLOCK {blockData=[blockId=conID: 1 locID: 102659354233668274 bcsId: 0,size=2097152]} | ret=SUCCESS |  
2019-08-22 07:03:51,603 | INFO  | DNAudit | user=null | ip=null | op=WRITE_CHUNK {blockData=conID: 1 locID: 102659354233668274 bcsId: 5241} | ret=SUCCESS |  
2019-08-22 07:03:51,603 | INFO  | DNAudit | user=null | ip=null | op=WRITE_CHUNK {blockData=conID: 1 locID: 102659354233668274 bcsId: 5241} | ret=SUCCESS |  
2019-08-22 07:03:51,615 | INFO  | DNAudit | user=null | ip=null | op=WRITE_CHUNK {blockData=conID: 1 locID: 102659354233668274 bcsId: 5241} | ret=SUCCESS |  
2019-08-22 07:03:51,615 | INFO  | DNAudit | user=null | ip=null | op=PUT_BLOCK {blockData=[blockId=conID: 1 locID: 102659354233668274 bcsId: 0,size=3145728]} | ret=SUCCESS |  
2019-08-22 07:03:51,615 [grpc-default-executor-5] INFO  client.GrpcClientProtocolClient (GrpcClientProtocolClient.java:onNext(255)) - client-CF63D631FA17->3cf1264f-5f6b-4138-aeee-2ff7d4522ead: receive RaftClientReply:client-CF63D631FA17->3cf1264f-5f6b-4138-aeee-2ff7d4522ead@group-561E16522154, cid=3455, SUCCESS, logIndex=5246, commits[3cf1264f-5f6b-4138-aeee-2ff7d4522ead:c5247, 4f0d1a15-8f14-4d9a-ad4f-8211e1245b5d:c5243, 6999f20e-c3f7-4db4-87ca-141c476f2a88:c5241]
2019-08-22 07:03:51,615 [grpc-default-executor-5] INFO  client.GrpcClientProtocolClient (GrpcClientProtocolClient.java:onNext(255)) - client-CF63D631FA17->3cf1264f-5f6b-4138-aeee-2ff7d4522ead: receive RaftClientReply:client-CF63D631FA17->3cf1264f-5f6b-4138-aeee-2ff7d4522ead@group-561E16522154, cid=3456, SUCCESS, logIndex=5247, commits[3cf1264f-5f6b-4138-aeee-2ff7d4522ead:c5247, 4f0d1a15-8f14-4d9a-ad4f-8211e1245b5d:c5243, 6999f20e-c3f7-4db4-87ca-141c476f2a88:c5243]
2019-08-22 07:03:51,618 | INFO  | DNAudit | user=null | ip=null | op=WRITE_CHUNK {blockData=conID: 1 locID: 102659354233668274 bcsId: 5241} | ret=SUCCESS |  
2019-08-22 07:03:51,618 | INFO  | DNAudit | user=null | ip=null | op=WRITE_CHUNK {blockData=conID: 1 locID: 102659354233668274 bcsId: 5241} | ret=SUCCESS |  
2019-08-22 07:03:51,618 | INFO  | DNAudit | user=null | ip=null | op=PUT_BLOCK {blockData=[blockId=conID: 1 locID: 102659354233668274 bcsId: 0,size=3145728]} | ret=SUCCESS |  
2019-08-22 07:03:51,623 | INFO  | DNAudit | user=null | ip=null | op=WRITE_CHUNK {blockData=conID: 1 locID: 102659354233668274 bcsId: 5247} | ret=SUCCESS |  
2019-08-22 07:03:51,626 | INFO  | DNAudit | user=null | ip=null | op=WRITE_CHUNK {blockData=conID: 1 locID: 102659354233668274 bcsId: 5247} | ret=SUCCESS |  
2019-08-22 07:03:51,627 | INFO  | DNAudit | user=null | ip=null | op=WRITE_CHUNK {blockData=conID: 1 locID: 102659354233668274 bcsId: 5247} | ret=SUCCESS |  
2019-08-22 07:03:51,629 | INFO  | DNAudit | user=null | ip=null | op=PUT_BLOCK {blockData=[blockId=conID: 1 locID: 102659354233668274 bcsId: 0,size=3145728]} | ret=SUCCESS |  
2019-08-22 07:03:51,631 | INFO  | DNAudit | user=null | ip=null | op=WRITE_CHUNK {blockData=conID: 1 locID: 102659354233668274 bcsId: 5247} | ret=SUCCESS |  
2019-08-22 07:03:51,631 | INFO  | DNAudit | user=null | ip=null | op=PUT_BLOCK {blockData=[blockId=conID: 1 locID: 102659354233668274 bcsId: 0,size=4194304]} | ret=SUCCESS |  
2019-08-22 07:03:51,631 [grpc-default-executor-3] INFO  client.GrpcClientProtocolClient (GrpcClientProtocolClient.java:onNext(255)) - client-CF63D631FA17->3cf1264f-5f6b-4138-aeee-2ff7d4522ead: receive RaftClientReply:client-CF63D631FA17->3cf1264f-5f6b-4138-aeee-2ff7d4522ead@group-561E16522154, cid=3457, SUCCESS, logIndex=5250, commits[3cf1264f-5f6b-4138-aeee-2ff7d4522ead:c5251, 4f0d1a15-8f14-4d9a-ad4f-8211e1245b5d:c5248, 6999f20e-c3f7-4db4-87ca-141c476f2a88:c5248]
2019-08-22 07:03:51,632 [grpc-default-executor-3] INFO  client.GrpcClientProtocolClient (GrpcClientProtocolClient.java:onNext(255)) - client-CF63D631FA17->3cf1264f-5f6b-4138-aeee-2ff7d4522ead: receive RaftClientReply:client-CF63D631FA17->3cf1264f-5f6b-4138-aeee-2ff7d4522ead@group-561E16522154, cid=3458, SUCCESS, logIndex=5251, commits[3cf1264f-5f6b-4138-aeee-2ff7d4522ead:c5251, 4f0d1a15-8f14-4d9a-ad4f-8211e1245b5d:c5248, 6999f20e-c3f7-4db4-87ca-141c476f2a88:c5248]
2019-08-22 07:03:51,634 | INFO  | DNAudit | user=null | ip=null | op=WRITE_CHUNK {blockData=conID: 1 locID: 102659354233668274 bcsId: 5247} | ret=SUCCESS |  
2019-08-22 07:03:51,634 | INFO  | DNAudit | user=null | ip=null | op=WRITE_CHUNK {blockData=conID: 1 locID: 102659354233668274 bcsId: 5247} | ret=SUCCESS |  
2019-08-22 07:03:51,635 | INFO  | DNAudit | user=null | ip=null | op=PUT_BLOCK {blockData=[blockId=conID: 1 locID: 102659354233668274 bcsId: 0,size=4194304]} | ret=SUCCESS |  
2019-08-22 07:03:51,636 | INFO  | DNAudit | user=null | ip=null | op=PUT_BLOCK {blockData=[blockId=conID: 1 locID: 102659354233668274 bcsId: 0,size=4194304]} | ret=SUCCESS |  
2019-08-22 07:03:51,636 [grpc-default-executor-3] INFO  client.GrpcClientProtocolClient (GrpcClientProtocolClient.java:onNext(255)) - client-CF63D631FA17->3cf1264f-5f6b-4138-aeee-2ff7d4522ead: receive RaftClientReply:client-CF63D631FA17->3cf1264f-5f6b-4138-aeee-2ff7d4522ead@group-561E16522154, cid=3459, SUCCESS, logIndex=0, commits[3cf1264f-5f6b-4138-aeee-2ff7d4522ead:c5253, 4f0d1a15-8f14-4d9a-ad4f-8211e1245b5d:c5251, 6999f20e-c3f7-4db4-87ca-141c476f2a88:c5251]
2019-08-22 07:03:51,645 | INFO  | SCMAudit | user=jenkins1000 | ip=192.168.34.31 | op=ALLOCATE_BLOCK {owner=04b6d46a-98e2-41b1-9f38-1870289993ea, size=4194304, type=RATIS, factor=THREE} | ret=SUCCESS |  
2019-08-22 07:03:51,651 | INFO  | OMAudit | user=jenkins1000 | ip=127.0.0.1 | op=ALLOCATE_BLOCK {volume=vol-0-14906, bucket=bucket-0-53153, key=key-0-33222, dataSize=0, replicationType=null, replicationFactor=null, keyLocationInfo=null, clientID=102659352017764754} | ret=SUCCESS |  
2019-08-22 07:03:51,659 | INFO  | DNAudit | user=null | ip=null | op=WRITE_CHUNK {blockData=conID: 2 locID: 102659354240287411 bcsId: 0} | ret=SUCCESS |  
2019-08-22 07:03:51,661 | INFO  | DNAudit | user=null | ip=null | op=WRITE_CHUNK {blockData=conID: 2 locID: 102659354240287411 bcsId: 0} | ret=SUCCESS |  
2019-08-22 07:03:51,662 | INFO  | DNAudit | user=null | ip=null | op=WRITE_CHUNK {blockData=conID: 2 locID: 102659354240287411 bcsId: 0} | ret=SUCCESS |  
2019-08-22 07:03:51,662 | INFO  | DNAudit | user=null | ip=null | op=WRITE_CHUNK {blockData=conID: 2 locID: 102659354240287411 bcsId: 0} | ret=SUCCESS |  
2019-08-22 07:03:51,664 | INFO  | DNAudit | user=null | ip=null | op=WRITE_CHUNK {blockData=conID: 2 locID: 102659354240287411 bcsId: 0} | ret=SUCCESS |  
2019-08-22 07:03:51,664 | INFO  | DNAudit | user=null | ip=null | op=WRITE_CHUNK {blockData=conID: 2 locID: 102659354240287411 bcsId: 0} | ret=SUCCESS |  
2019-08-22 07:03:51,664 | INFO  | DNAudit | user=null | ip=null | op=WRITE_CHUNK {blockData=conID: 2 locID: 102659354240287411 bcsId: 0} | ret=SUCCESS |  
2019-08-22 07:03:51,664 | INFO  | DNAudit | user=null | ip=null | op=PUT_BLOCK {blockData=[blockId=conID: 2 locID: 102659354240287411 bcsId: 0,size=1048576]} | ret=SUCCESS |  
2019-08-22 07:03:51,665 [grpc-default-executor-3] INFO  client.GrpcClientProtocolClient (GrpcClientProtocolClient.java:onNext(255)) - client-CF63D631FA17->3cf1264f-5f6b-4138-aeee-2ff7d4522ead: receive RaftClientReply:client-CF63D631FA17->3cf1264f-5f6b-4138-aeee-2ff7d4522ead@group-561E16522154, cid=3460, SUCCESS, logIndex=5254, commits[3cf1264f-5f6b-4138-aeee-2ff7d4522ead:c5255, 4f0d1a15-8f14-4d9a-ad4f-8211e1245b5d:c5251, 6999f20e-c3f7-4db4-87ca-141c476f2a88:c5253]
2019-08-22 07:03:51,665 [grpc-default-executor-3] INFO  client.GrpcClientProtocolClient (GrpcClientProtocolClient.java:onNext(255)) - client-CF63D631FA17->3cf1264f-5f6b-4138-aeee-2ff7d4522ead: receive RaftClientReply:client-CF63D631FA17->3cf1264f-5f6b-4138-aeee-2ff7d4522ead@group-561E16522154, cid=3461, SUCCESS, logIndex=5255, commits[3cf1264f-5f6b-4138-aeee-2ff7d4522ead:c5255, 4f0d1a15-8f14-4d9a-ad4f-8211e1245b5d:c5251, 6999f20e-c3f7-4db4-87ca-141c476f2a88:c5253]
2019-08-22 07:03:51,666 | INFO  | DNAudit | user=null | ip=null | op=WRITE_CHUNK {blockData=conID: 2 locID: 102659354240287411 bcsId: 0} | ret=SUCCESS |  
2019-08-22 07:03:51,666 | INFO  | DNAudit | user=null | ip=null | op=PUT_BLOCK {blockData=[blockId=conID: 2 locID: 102659354240287411 bcsId: 0,size=2097152]} | ret=SUCCESS |  
2019-08-22 07:03:51,667 | INFO  | DNAudit | user=null | ip=null | op=WRITE_CHUNK {blockData=conID: 2 locID: 102659354240287411 bcsId: 0} | ret=SUCCESS |  
2019-08-22 07:03:51,667 [grpc-default-executor-1] INFO  client.GrpcClientProtocolClient (GrpcClientProtocolClient.java:onNext(255)) - client-CF63D631FA17->3cf1264f-5f6b-4138-aeee-2ff7d4522ead: receive RaftClientReply:client-CF63D631FA17->3cf1264f-5f6b-4138-aeee-2ff7d4522ead@group-561E16522154, cid=3462, SUCCESS, logIndex=5256, commits[3cf1264f-5f6b-4138-aeee-2ff7d4522ead:c5257, 4f0d1a15-8f14-4d9a-ad4f-8211e1245b5d:c5251, 6999f20e-c3f7-4db4-87ca-141c476f2a88:c5253]
2019-08-22 07:03:51,667 | INFO  | DNAudit | user=null | ip=null | op=WRITE_CHUNK {blockData=conID: 2 locID: 102659354240287411 bcsId: 0} | ret=SUCCESS |  
2019-08-22 07:03:51,667 | INFO  | DNAudit | user=null | ip=null | op=PUT_BLOCK {blockData=[blockId=conID: 2 locID: 102659354240287411 bcsId: 0,size=1048576]} | ret=SUCCESS |  
2019-08-22 07:03:51,667 | INFO  | DNAudit | user=null | ip=null | op=PUT_BLOCK {blockData=[blockId=conID: 2 locID: 102659354240287411 bcsId: 0,size=1048576]} | ret=SUCCESS |  
2019-08-22 07:03:51,667 [grpc-default-executor-1] INFO  client.GrpcClientProtocolClient (GrpcClientProtocolClient.java:onNext(255)) - client-CF63D631FA17->3cf1264f-5f6b-4138-aeee-2ff7d4522ead: receive RaftClientReply:client-CF63D631FA17->3cf1264f-5f6b-4138-aeee-2ff7d4522ead@group-561E16522154, cid=3463, SUCCESS, logIndex=5257, commits[3cf1264f-5f6b-4138-aeee-2ff7d4522ead:c5257, 4f0d1a15-8f14-4d9a-ad4f-8211e1245b5d:c5253, 6999f20e-c3f7-4db4-87ca-141c476f2a88:c5253]
2019-08-22 07:03:51,668 | INFO  | DNAudit | user=null | ip=null | op=WRITE_CHUNK {blockData=conID: 2 locID: 102659354240287411 bcsId: 0} | ret=SUCCESS |  
2019-08-22 07:03:51,668 | INFO  | DNAudit | user=null | ip=null | op=PUT_BLOCK {blockData=[blockId=conID: 2 locID: 102659354240287411 bcsId: 0,size=2097152]} | ret=SUCCESS |  
2019-08-22 07:03:51,669 [grpc-default-executor-1] INFO  client.GrpcClientProtocolClient (GrpcClientProtocolClient.java:onNext(255)) - client-CF63D631FA17->3cf1264f-5f6b-4138-aeee-2ff7d4522ead: receive RaftClientReply:client-CF63D631FA17->3cf1264f-5f6b-4138-aeee-2ff7d4522ead@group-561E16522154, cid=3464, SUCCESS, logIndex=0, commits[3cf1264f-5f6b-4138-aeee-2ff7d4522ead:c5259, 4f0d1a15-8f14-4d9a-ad4f-8211e1245b5d:c5256, 6999f20e-c3f7-4db4-87ca-141c476f2a88:c5255]
2019-08-22 07:03:51,669 | INFO  | DNAudit | user=null | ip=null | op=WRITE_CHUNK {blockData=conID: 2 locID: 102659354240287411 bcsId: 0} | ret=SUCCESS |  
2019-08-22 07:03:51,669 | INFO  | DNAudit | user=null | ip=null | op=PUT_BLOCK {blockData=[blockId=conID: 2 locID: 102659354240287411 bcsId: 0,size=2097152]} | ret=SUCCESS |  
2019-08-22 07:03:51,675 | INFO  | DNAudit | user=null | ip=null | op=WRITE_CHUNK {blockData=conID: 2 locID: 102659354240287411 bcsId: 5257} | ret=SUCCESS |  
2019-08-22 07:03:51,677 | INFO  | DNAudit | user=null | ip=null | op=WRITE_CHUNK {blockData=conID: 2 locID: 102659354240287411 bcsId: 5257} | ret=SUCCESS |  
2019-08-22 07:03:51,678 | INFO  | DNAudit | user=null | ip=null | op=WRITE_CHUNK {blockData=conID: 2 locID: 102659354240287411 bcsId: 5257} | ret=SUCCESS |  
2019-08-22 07:03:51,700 | INFO  | DNAudit | user=null | ip=null | op=WRITE_CHUNK {blockData=conID: 2 locID: 102659354240287411 bcsId: 5257} | ret=SUCCESS |  
2019-08-22 07:03:51,700 | INFO  | DNAudit | user=null | ip=null | op=PUT_BLOCK {blockData=[blockId=conID: 2 locID: 102659354240287411 bcsId: 0,size=3145728]} | ret=SUCCESS |  
2019-08-22 07:03:51,700 [grpc-default-executor-1] INFO  client.GrpcClientProtocolClient (GrpcClientProtocolClient.java:onNext(255)) - client-CF63D631FA17->3cf1264f-5f6b-4138-aeee-2ff7d4522ead: receive RaftClientReply:client-CF63D631FA17->3cf1264f-5f6b-4138-aeee-2ff7d4522ead@group-561E16522154, cid=3465, SUCCESS, logIndex=5262, commits[3cf1264f-5f6b-4138-aeee-2ff7d4522ead:c5263, 4f0d1a15-8f14-4d9a-ad4f-8211e1245b5d:c5257, 6999f20e-c3f7-4db4-87ca-141c476f2a88:c5261]
2019-08-22 07:03:51,701 [grpc-default-executor-1] INFO  client.GrpcClientProtocolClient (GrpcClientProtocolClient.java:onNext(255)) - client-CF63D631FA17->3cf1264f-5f6b-4138-aeee-2ff7d4522ead: receive RaftClientReply:client-CF63D631FA17->3cf1264f-5f6b-4138-aeee-2ff7d4522ead@group-561E16522154, cid=3466, SUCCESS, logIndex=5263, commits[3cf1264f-5f6b-4138-aeee-2ff7d4522ead:c5263, 4f0d1a15-8f14-4d9a-ad4f-8211e1245b5d:c5261, 6999f20e-c3f7-4db4-87ca-141c476f2a88:c5261]
2019-08-22 07:03:51,701 | INFO  | DNAudit | user=null | ip=null | op=WRITE_CHUNK {blockData=conID: 2 locID: 102659354240287411 bcsId: 5257} | ret=SUCCESS |  
2019-08-22 07:03:51,701 | INFO  | DNAudit | user=null | ip=null | op=PUT_BLOCK {blockData=[blockId=conID: 2 locID: 102659354240287411 bcsId: 0,size=3145728]} | ret=SUCCESS |  
2019-08-22 07:03:51,702 | INFO  | DNAudit | user=null | ip=null | op=WRITE_CHUNK {blockData=conID: 2 locID: 102659354240287411 bcsId: 5257} | ret=SUCCESS |  
2019-08-22 07:03:51,702 | INFO  | DNAudit | user=null | ip=null | op=PUT_BLOCK {blockData=[blockId=conID: 2 locID: 102659354240287411 bcsId: 0,size=3145728]} | ret=SUCCESS |  
2019-08-22 07:03:51,707 | INFO  | DNAudit | user=null | ip=null | op=WRITE_CHUNK {blockData=conID: 2 locID: 102659354240287411 bcsId: 5263} | ret=SUCCESS |  
2019-08-22 07:03:51,711 | INFO  | DNAudit | user=null | ip=null | op=WRITE_CHUNK {blockData=conID: 2 locID: 102659354240287411 bcsId: 5263} | ret=SUCCESS |  
2019-08-22 07:03:51,712 | INFO  | DNAudit | user=null | ip=null | op=WRITE_CHUNK {blockData=conID: 2 locID: 102659354240287411 bcsId: 5263} | ret=SUCCESS |  
2019-08-22 07:03:51,720 | INFO  | DNAudit | user=null | ip=null | op=WRITE_CHUNK {blockData=conID: 2 locID: 102659354240287411 bcsId: 5263} | ret=SUCCESS |  
2019-08-22 07:03:51,720 | INFO  | DNAudit | user=null | ip=null | op=PUT_BLOCK {blockData=[blockId=conID: 2 locID: 102659354240287411 bcsId: 0,size=4194304]} | ret=SUCCESS |  
2019-08-22 07:03:51,721 [grpc-default-executor-1] INFO  client.GrpcClientProtocolClient (GrpcClientProtocolClient.java:onNext(255)) - client-CF63D631FA17->3cf1264f-5f6b-4138-aeee-2ff7d4522ead: receive RaftClientReply:client-CF63D631FA17->3cf1264f-5f6b-4138-aeee-2ff7d4522ead@group-561E16522154, cid=3467, SUCCESS, logIndex=5266, commits[3cf1264f-5f6b-4138-aeee-2ff7d4522ead:c5267, 4f0d1a15-8f14-4d9a-ad4f-8211e1245b5d:c5265, 6999f20e-c3f7-4db4-87ca-141c476f2a88:c5265]
2019-08-22 07:03:51,721 [grpc-default-executor-1] INFO  client.GrpcClientProtocolClient (GrpcClientProtocolClient.java:onNext(255)) - client-CF63D631FA17->3cf1264f-5f6b-4138-aeee-2ff7d4522ead: receive RaftClientReply:client-CF63D631FA17->3cf1264f-5f6b-4138-aeee-2ff7d4522ead@group-561E16522154, cid=3468, SUCCESS, logIndex=5267, commits[3cf1264f-5f6b-4138-aeee-2ff7d4522ead:c5267, 4f0d1a15-8f14-4d9a-ad4f-8211e1245b5d:c5265, 6999f20e-c3f7-4db4-87ca-141c476f2a88:c5265]
2019-08-22 07:03:51,732 | INFO  | DNAudit | user=null | ip=null | op=WRITE_CHUNK {blockData=conID: 2 locID: 102659354240287411 bcsId: 5263} | ret=SUCCESS |  
2019-08-22 07:03:51,732 | INFO  | DNAudit | user=null | ip=null | op=WRITE_CHUNK {blockData=conID: 2 locID: 102659354240287411 bcsId: 5263} | ret=SUCCESS |  
2019-08-22 07:03:51,732 | INFO  | DNAudit | user=null | ip=null | op=PUT_BLOCK {blockData=[blockId=conID: 2 locID: 102659354240287411 bcsId: 0,size=4194304]} | ret=SUCCESS |  
2019-08-22 07:03:51,732 | INFO  | DNAudit | user=null | ip=null | op=PUT_BLOCK {blockData=[blockId=conID: 2 locID: 102659354240287411 bcsId: 0,size=4194304]} | ret=SUCCESS |  
2019-08-22 07:03:51,733 [grpc-default-executor-1] INFO  client.GrpcClientProtocolClient (GrpcClientProtocolClient.java:onNext(255)) - client-CF63D631FA17->3cf1264f-5f6b-4138-aeee-2ff7d4522ead: receive RaftClientReply:client-CF63D631FA17->3cf1264f-5f6b-4138-aeee-2ff7d4522ead@group-561E16522154, cid=3469, SUCCESS, logIndex=0, commits[3cf1264f-5f6b-4138-aeee-2ff7d4522ead:c5268, 4f0d1a15-8f14-4d9a-ad4f-8211e1245b5d:c5267, 6999f20e-c3f7-4db4-87ca-141c476f2a88:c5267]
2019-08-22 07:03:51,742 | INFO  | SCMAudit | user=jenkins1000 | ip=192.168.34.31 | op=ALLOCATE_BLOCK {owner=04b6d46a-98e2-41b1-9f38-1870289993ea, size=4194304, type=RATIS, factor=THREE} | ret=SUCCESS |  
2019-08-22 07:03:51,748 | INFO  | OMAudit | user=jenkins1000 | ip=127.0.0.1 | op=ALLOCATE_BLOCK {volume=vol-0-14906, bucket=bucket-0-53153, key=key-0-33222, dataSize=0, replicationType=null, replicationFactor=null, keyLocationInfo=null, clientID=102659352017764754} | ret=SUCCESS |  
2019-08-22 07:03:51,755 | INFO  | DNAudit | user=null | ip=null | op=WRITE_CHUNK {blockData=conID: 3 locID: 102659354246644404 bcsId: 0} | ret=SUCCESS |  
2019-08-22 07:03:51,759 | INFO  | DNAudit | user=null | ip=null | op=WRITE_CHUNK {blockData=conID: 3 locID: 102659354246644404 bcsId: 0} | ret=SUCCESS |  
2019-08-22 07:03:51,759 | INFO  | DNAudit | user=null | ip=null | op=WRITE_CHUNK {blockData=conID: 3 locID: 102659354246644404 bcsId: 0} | ret=SUCCESS |  
2019-08-22 07:03:51,909 | INFO  | DNAudit | user=null | ip=null | op=WRITE_CHUNK {blockData=conID: 3 locID: 102659354246644404 bcsId: 0} | ret=SUCCESS |  
2019-08-22 07:03:51,910 | INFO  | DNAudit | user=null | ip=null | op=WRITE_CHUNK {blockData=conID: 3 locID: 102659354246644404 bcsId: 0} | ret=SUCCESS |  
2019-08-22 07:03:51,910 | INFO  | DNAudit | user=null | ip=null | op=PUT_BLOCK {blockData=[blockId=conID: 3 locID: 102659354246644404 bcsId: 0,size=1048576]} | ret=SUCCESS |  
2019-08-22 07:03:51,911 | INFO  | DNAudit | user=null | ip=null | op=WRITE_CHUNK {blockData=conID: 3 locID: 102659354246644404 bcsId: 0} | ret=SUCCESS |  
2019-08-22 07:03:51,911 [grpc-default-executor-5] INFO  client.GrpcClientProtocolClient (GrpcClientProtocolClient.java:onNext(255)) - client-CF63D631FA17->3cf1264f-5f6b-4138-aeee-2ff7d4522ead: receive RaftClientReply:client-CF63D631FA17->3cf1264f-5f6b-4138-aeee-2ff7d4522ead@group-561E16522154, cid=3470, SUCCESS, logIndex=5270, commits[3cf1264f-5f6b-4138-aeee-2ff7d4522ead:c5271, 4f0d1a15-8f14-4d9a-ad4f-8211e1245b5d:c5267, 6999f20e-c3f7-4db4-87ca-141c476f2a88:c5269]
2019-08-22 07:03:51,911 | INFO  | DNAudit | user=null | ip=null | op=WRITE_CHUNK {blockData=conID: 3 locID: 102659354246644404 bcsId: 0} | ret=SUCCESS |  
2019-08-22 07:03:51,911 [grpc-default-executor-5] INFO  client.GrpcClientProtocolClient (GrpcClientProtocolClient.java:onNext(255)) - client-CF63D631FA17->3cf1264f-5f6b-4138-aeee-2ff7d4522ead: receive RaftClientReply:client-CF63D631FA17->3cf1264f-5f6b-4138-aeee-2ff7d4522ead@group-561E16522154, cid=3471, SUCCESS, logIndex=5271, commits[3cf1264f-5f6b-4138-aeee-2ff7d4522ead:c5271, 4f0d1a15-8f14-4d9a-ad4f-8211e1245b5d:c5267, 6999f20e-c3f7-4db4-87ca-141c476f2a88:c5269]
2019-08-22 07:03:51,921 | INFO  | DNAudit | user=null | ip=null | op=WRITE_CHUNK {blockData=conID: 3 locID: 102659354246644404 bcsId: 0} | ret=SUCCESS |  
2019-08-22 07:03:51,921 | INFO  | DNAudit | user=null | ip=null | op=WRITE_CHUNK {blockData=conID: 3 locID: 102659354246644404 bcsId: 0} | ret=SUCCESS |  
2019-08-22 07:03:51,921 | INFO  | DNAudit | user=null | ip=null | op=PUT_BLOCK {blockData=[blockId=conID: 3 locID: 102659354246644404 bcsId: 0,size=1048576]} | ret=SUCCESS |  
2019-08-22 07:03:51,922 | INFO  | DNAudit | user=null | ip=null | op=PUT_BLOCK {blockData=[blockId=conID: 3 locID: 102659354246644404 bcsId: 0,size=2097152]} | ret=SUCCESS |  
2019-08-22 07:03:51,922 [grpc-default-executor-5] INFO  client.GrpcClientProtocolClient (GrpcClientProtocolClient.java:onNext(255)) - client-CF63D631FA17->3cf1264f-5f6b-4138-aeee-2ff7d4522ead: receive RaftClientReply:client-CF63D631FA17->3cf1264f-5f6b-4138-aeee-2ff7d4522ead@group-561E16522154, cid=3472, SUCCESS, logIndex=5272, commits[3cf1264f-5f6b-4138-aeee-2ff7d4522ead:c5274, 4f0d1a15-8f14-4d9a-ad4f-8211e1245b5d:c5269, 6999f20e-c3f7-4db4-87ca-141c476f2a88:c5270]
2019-08-22 07:03:51,922 [grpc-default-executor-5] INFO  client.GrpcClientProtocolClient (GrpcClientProtocolClient.java:onNext(255)) - client-CF63D631FA17->3cf1264f-5f6b-4138-aeee-2ff7d4522ead: receive RaftClientReply:client-CF63D631FA17->3cf1264f-5f6b-4138-aeee-2ff7d4522ead@group-561E16522154, cid=3473, SUCCESS, logIndex=5273, commits[3cf1264f-5f6b-4138-aeee-2ff7d4522ead:c5275, 4f0d1a15-8f14-4d9a-ad4f-8211e1245b5d:c5269, 6999f20e-c3f7-4db4-87ca-141c476f2a88:c5271]
2019-08-22 07:03:51,924 | INFO  | DNAudit | user=null | ip=null | op=WRITE_CHUNK {blockData=conID: 3 locID: 102659354246644404 bcsId: 0} | ret=SUCCESS |  
2019-08-22 07:03:51,924 | INFO  | DNAudit | user=null | ip=null | op=WRITE_CHUNK {blockData=conID: 3 locID: 102659354246644404 bcsId: 0} | ret=SUCCESS |  
2019-08-22 07:03:51,925 | INFO  | DNAudit | user=null | ip=null | op=PUT_BLOCK {blockData=[blockId=conID: 3 locID: 102659354246644404 bcsId: 0,size=1048576]} | ret=SUCCESS |  
2019-08-22 07:03:51,925 [grpc-default-executor-5] INFO  client.GrpcClientProtocolClient (GrpcClientProtocolClient.java:onNext(255)) - client-CF63D631FA17->3cf1264f-5f6b-4138-aeee-2ff7d4522ead: receive RaftClientReply:client-CF63D631FA17->3cf1264f-5f6b-4138-aeee-2ff7d4522ead@group-561E16522154, cid=3474, SUCCESS, logIndex=0, commits[3cf1264f-5f6b-4138-aeee-2ff7d4522ead:c5276, 4f0d1a15-8f14-4d9a-ad4f-8211e1245b5d:c5271, 6999f20e-c3f7-4db4-87ca-141c476f2a88:c5272]
2019-08-22 07:03:51,932 | INFO  | DNAudit | user=null | ip=null | op=WRITE_CHUNK {blockData=conID: 3 locID: 102659354246644404 bcsId: 5273} | ret=SUCCESS |  
2019-08-22 07:03:51,934 | INFO  | DNAudit | user=null | ip=null | op=WRITE_CHUNK {blockData=conID: 3 locID: 102659354246644404 bcsId: 5273} | ret=SUCCESS |  
2019-08-22 07:03:51,935 | INFO  | DNAudit | user=null | ip=null | op=WRITE_CHUNK {blockData=conID: 3 locID: 102659354246644404 bcsId: 5273} | ret=SUCCESS |  
2019-08-22 07:03:51,935 | INFO  | DNAudit | user=null | ip=null | op=PUT_BLOCK {blockData=[blockId=conID: 3 locID: 102659354246644404 bcsId: 0,size=2097152]} | ret=SUCCESS |  
2019-08-22 07:03:51,935 | INFO  | DNAudit | user=null | ip=null | op=WRITE_CHUNK {blockData=conID: 3 locID: 102659354246644404 bcsId: 0} | ret=SUCCESS |  
2019-08-22 07:03:51,935 | INFO  | DNAudit | user=null | ip=null | op=PUT_BLOCK {blockData=[blockId=conID: 3 locID: 102659354246644404 bcsId: 0,size=2097152]} | ret=SUCCESS |  
2019-08-22 07:03:51,937 | INFO  | DNAudit | user=null | ip=null | op=WRITE_CHUNK {blockData=conID: 3 locID: 102659354246644404 bcsId: 5273} | ret=SUCCESS |  
2019-08-22 07:03:51,937 | INFO  | DNAudit | user=null | ip=null | op=PUT_BLOCK {blockData=[blockId=conID: 3 locID: 102659354246644404 bcsId: 0,size=3145728]} | ret=SUCCESS |  
2019-08-22 07:03:51,937 [grpc-default-executor-1] INFO  client.GrpcClientProtocolClient (GrpcClientProtocolClient.java:onNext(255)) - client-CF63D631FA17->3cf1264f-5f6b-4138-aeee-2ff7d4522ead: receive RaftClientReply:client-CF63D631FA17->3cf1264f-5f6b-4138-aeee-2ff7d4522ead@group-561E16522154, cid=3475, SUCCESS, logIndex=5278, commits[3cf1264f-5f6b-4138-aeee-2ff7d4522ead:c5279, 4f0d1a15-8f14-4d9a-ad4f-8211e1245b5d:c5276, 6999f20e-c3f7-4db4-87ca-141c476f2a88:c5276]
2019-08-22 07:03:51,938 [grpc-default-executor-1] INFO  client.GrpcClientProtocolClient (GrpcClientProtocolClient.java:onNext(255)) - client-CF63D631FA17->3cf1264f-5f6b-4138-aeee-2ff7d4522ead: receive RaftClientReply:client-CF63D631FA17->3cf1264f-5f6b-4138-aeee-2ff7d4522ead@group-561E16522154, cid=3476, SUCCESS, logIndex=5279, commits[3cf1264f-5f6b-4138-aeee-2ff7d4522ead:c5279, 4f0d1a15-8f14-4d9a-ad4f-8211e1245b5d:c5276, 6999f20e-c3f7-4db4-87ca-141c476f2a88:c5276]
2019-08-22 07:03:51,944 | INFO  | DNAudit | user=null | ip=null | op=WRITE_CHUNK {blockData=conID: 3 locID: 102659354246644404 bcsId: 5279} | ret=SUCCESS |  
2019-08-22 07:03:51,946 | INFO  | DNAudit | user=null | ip=null | op=WRITE_CHUNK {blockData=conID: 3 locID: 102659354246644404 bcsId: 5279} | ret=SUCCESS |  
2019-08-22 07:03:51,946 | INFO  | DNAudit | user=null | ip=null | op=WRITE_CHUNK {blockData=conID: 3 locID: 102659354246644404 bcsId: 5279} | ret=SUCCESS |  
2019-08-22 07:03:51,949 | INFO  | DNAudit | user=null | ip=null | op=WRITE_CHUNK {blockData=conID: 3 locID: 102659354246644404 bcsId: 5273} | ret=SUCCESS |  
2019-08-22 07:03:51,949 | INFO  | DNAudit | user=null | ip=null | op=WRITE_CHUNK {blockData=conID: 3 locID: 102659354246644404 bcsId: 5273} | ret=SUCCESS |  
2019-08-22 07:03:51,951 | INFO  | DNAudit | user=null | ip=null | op=PUT_BLOCK {blockData=[blockId=conID: 3 locID: 102659354246644404 bcsId: 0,size=3145728]} | ret=SUCCESS |  
2019-08-22 07:03:51,951 | INFO  | DNAudit | user=null | ip=null | op=PUT_BLOCK {blockData=[blockId=conID: 3 locID: 102659354246644404 bcsId: 0,size=3145728]} | ret=SUCCESS |  
2019-08-22 07:03:51,952 | INFO  | DNAudit | user=null | ip=null | op=WRITE_CHUNK {blockData=conID: 3 locID: 102659354246644404 bcsId: 5279} | ret=SUCCESS |  
2019-08-22 07:03:51,953 | INFO  | DNAudit | user=null | ip=null | op=PUT_BLOCK {blockData=[blockId=conID: 3 locID: 102659354246644404 bcsId: 0,size=4194304]} | ret=SUCCESS |  
2019-08-22 07:03:51,953 [grpc-default-executor-1] INFO  client.GrpcClientProtocolClient (GrpcClientProtocolClient.java:onNext(255)) - client-CF63D631FA17->3cf1264f-5f6b-4138-aeee-2ff7d4522ead: receive RaftClientReply:client-CF63D631FA17->3cf1264f-5f6b-4138-aeee-2ff7d4522ead@group-561E16522154, cid=3477, SUCCESS, logIndex=5282, commits[3cf1264f-5f6b-4138-aeee-2ff7d4522ead:c5283, 4f0d1a15-8f14-4d9a-ad4f-8211e1245b5d:c5279, 6999f20e-c3f7-4db4-87ca-141c476f2a88:c5279]
2019-08-22 07:03:51,953 [grpc-default-executor-1] INFO  client.GrpcClientProtocolClient (GrpcClientProtocolClient.java:onNext(255)) - client-CF63D631FA17->3cf1264f-5f6b-4138-aeee-2ff7d4522ead: receive RaftClientReply:client-CF63D631FA17->3cf1264f-5f6b-4138-aeee-2ff7d4522ead@group-561E16522154, cid=3478, SUCCESS, logIndex=5283, commits[3cf1264f-5f6b-4138-aeee-2ff7d4522ead:c5283, 4f0d1a15-8f14-4d9a-ad4f-8211e1245b5d:c5279, 6999f20e-c3f7-4db4-87ca-141c476f2a88:c5279]
2019-08-22 07:03:51,972 | INFO  | SCMAudit | user=jenkins1000 | ip=192.168.34.31 | op=SEND_HEARTBEAT {datanodeUUID=6ab6b5dd-7582-43bd-ad39-1af51ca14a47, command=[]} | ret=SUCCESS |  
2019-08-22 07:03:51,972 | INFO  | SCMAudit | user=jenkins1000 | ip=192.168.34.31 | op=SEND_HEARTBEAT {datanodeUUID=f789f48f-f3d7-45ec-9bba-6a89e2bdcc9c, command=[]} | ret=SUCCESS |  
2019-08-22 07:03:51,973 | INFO  | SCMAudit | user=jenkins1000 | ip=192.168.34.31 | op=SEND_HEARTBEAT {datanodeUUID=3cf1264f-5f6b-4138-aeee-2ff7d4522ead, command=[]} | ret=SUCCESS |  
2019-08-22 07:03:51,973 | INFO  | SCMAudit | user=jenkins1000 | ip=192.168.34.31 | op=SEND_HEARTBEAT {datanodeUUID=6999f20e-c3f7-4db4-87ca-141c476f2a88, command=[]} | ret=SUCCESS |  
 0.00% |█                                                                                                    |  0/1 Time: 0:00:342019-08-22 07:03:51,979 | INFO  | DNAudit | user=null | ip=null | op=WRITE_CHUNK {blockData=conID: 3 locID: 102659354246644404 bcsId: 5279} | ret=SUCCESS |  
2019-08-22 07:03:51,979 | INFO  | DNAudit | user=null | ip=null | op=WRITE_CHUNK {blockData=conID: 3 locID: 102659354246644404 bcsId: 5279} | ret=SUCCESS |  
2019-08-22 07:03:51,979 | INFO  | DNAudit | user=null | ip=null | op=PUT_BLOCK {blockData=[blockId=conID: 3 locID: 102659354246644404 bcsId: 0,size=4194304]} | ret=SUCCESS |  
2019-08-22 07:03:51,979 | INFO  | DNAudit | user=null | ip=null | op=PUT_BLOCK {blockData=[blockId=conID: 3 locID: 102659354246644404 bcsId: 0,size=4194304]} | ret=SUCCESS |  
2019-08-22 07:03:51,980 [grpc-default-executor-1] INFO  client.GrpcClientProtocolClient (GrpcClientProtocolClient.java:onNext(255)) - client-CF63D631FA17->3cf1264f-5f6b-4138-aeee-2ff7d4522ead: receive RaftClientReply:client-CF63D631FA17->3cf1264f-5f6b-4138-aeee-2ff7d4522ead@group-561E16522154, cid=3479, SUCCESS, logIndex=0, commits[3cf1264f-5f6b-4138-aeee-2ff7d4522ead:c5284, 4f0d1a15-8f14-4d9a-ad4f-8211e1245b5d:c5283, 6999f20e-c3f7-4db4-87ca-141c476f2a88:c5283]
2019-08-22 07:03:51,986 | INFO  | SCMAudit | user=jenkins1000 | ip=192.168.34.31 | op=ALLOCATE_BLOCK {owner=04b6d46a-98e2-41b1-9f38-1870289993ea, size=4194304, type=RATIS, factor=THREE} | ret=SUCCESS |  
2019-08-22 07:03:51,990 | INFO  | OMAudit | user=jenkins1000 | ip=127.0.0.1 | op=ALLOCATE_BLOCK {volume=vol-0-14906, bucket=bucket-0-53153, key=key-0-33222, dataSize=0, replicationType=null, replicationFactor=null, keyLocationInfo=null, clientID=102659352017764754} | ret=SUCCESS |  
2019-08-22 07:03:51,997 | INFO  | DNAudit | user=null | ip=null | op=WRITE_CHUNK {blockData=conID: 1 locID: 102659354262635189 bcsId: 0} | ret=SUCCESS |  
2019-08-22 07:03:52,000 | INFO  | DNAudit | user=null | ip=null | op=WRITE_CHUNK {blockData=conID: 1 locID: 102659354262635189 bcsId: 0} | ret=SUCCESS |  
2019-08-22 07:03:52,000 | INFO  | DNAudit | user=null | ip=null | op=WRITE_CHUNK {blockData=conID: 1 locID: 102659354262635189 bcsId: 0} | ret=SUCCESS |  
2019-08-22 07:03:52,000 | INFO  | DNAudit | user=null | ip=null | op=WRITE_CHUNK {blockData=conID: 1 locID: 102659354262635189 bcsId: 0} | ret=SUCCESS |  
2019-08-22 07:03:52,002 | INFO  | DNAudit | user=null | ip=null | op=WRITE_CHUNK {blockData=conID: 1 locID: 102659354262635189 bcsId: 0} | ret=SUCCESS |  
2019-08-22 07:03:52,002 | INFO  | DNAudit | user=null | ip=null | op=WRITE_CHUNK {blockData=conID: 1 locID: 102659354262635189 bcsId: 0} | ret=SUCCESS |  
2019-08-22 07:03:52,012 | INFO  | DNAudit | user=null | ip=null | op=WRITE_CHUNK {blockData=conID: 1 locID: 102659354262635189 bcsId: 0} | ret=SUCCESS |  
2019-08-22 07:03:52,012 | INFO  | DNAudit | user=null | ip=null | op=PUT_BLOCK {blockData=[blockId=conID: 1 locID: 102659354262635189 bcsId: 0,size=1048576]} | ret=SUCCESS |  
2019-08-22 07:03:52,012 [grpc-default-executor-3] INFO  client.GrpcClientProtocolClient (GrpcClientProtocolClient.java:onNext(255)) - client-CF63D631FA17->3cf1264f-5f6b-4138-aeee-2ff7d4522ead: receive RaftClientReply:client-CF63D631FA17->3cf1264f-5f6b-4138-aeee-2ff7d4522ead@group-561E16522154, cid=3480, SUCCESS, logIndex=5286, commits[3cf1264f-5f6b-4138-aeee-2ff7d4522ead:c5287, 4f0d1a15-8f14-4d9a-ad4f-8211e1245b5d:c5285, 6999f20e-c3f7-4db4-87ca-141c476f2a88:c5285]
2019-08-22 07:03:52,013 | INFO  | DNAudit | user=null | ip=null | op=WRITE_CHUNK {blockData=conID: 1 locID: 102659354262635189 bcsId: 0} | ret=SUCCESS |  
2019-08-22 07:03:52,013 [grpc-default-executor-3] INFO  client.GrpcClientProtocolClient (GrpcClientProtocolClient.java:onNext(255)) - client-CF63D631FA17->3cf1264f-5f6b-4138-aeee-2ff7d4522ead: receive RaftClientReply:client-CF63D631FA17->3cf1264f-5f6b-4138-aeee-2ff7d4522ead@group-561E16522154, cid=3481, SUCCESS, logIndex=5287, commits[3cf1264f-5f6b-4138-aeee-2ff7d4522ead:c5287, 4f0d1a15-8f14-4d9a-ad4f-8211e1245b5d:c5285, 6999f20e-c3f7-4db4-87ca-141c476f2a88:c5285]
2019-08-22 07:03:52,013 | INFO  | DNAudit | user=null | ip=null | op=PUT_BLOCK {blockData=[blockId=conID: 1 locID: 102659354262635189 bcsId: 0,size=2097152]} | ret=SUCCESS |  
2019-08-22 07:03:52,013 [grpc-default-executor-3] INFO  client.GrpcClientProtocolClient (GrpcClientProtocolClient.java:onNext(255)) - client-CF63D631FA17->3cf1264f-5f6b-4138-aeee-2ff7d4522ead: receive RaftClientReply:client-CF63D631FA17->3cf1264f-5f6b-4138-aeee-2ff7d4522ead@group-561E16522154, cid=3482, SUCCESS, logIndex=5288, commits[3cf1264f-5f6b-4138-aeee-2ff7d4522ead:c5289, 4f0d1a15-8f14-4d9a-ad4f-8211e1245b5d:c5285, 6999f20e-c3f7-4db4-87ca-141c476f2a88:c5285]
2019-08-22 07:03:52,014 | INFO  | DNAudit | user=null | ip=null | op=WRITE_CHUNK {blockData=conID: 1 locID: 102659354262635189 bcsId: 0} | ret=SUCCESS |  
2019-08-22 07:03:52,014 | INFO  | DNAudit | user=null | ip=null | op=PUT_BLOCK {blockData=[blockId=conID: 1 locID: 102659354262635189 bcsId: 0,size=1048576]} | ret=SUCCESS |  
2019-08-22 07:03:52,014 [grpc-default-executor-3] INFO  client.GrpcClientProtocolClient (GrpcClientProtocolClient.java:onNext(255)) - client-CF63D631FA17->3cf1264f-5f6b-4138-aeee-2ff7d4522ead: receive RaftClientReply:client-CF63D631FA17->3cf1264f-5f6b-4138-aeee-2ff7d4522ead@group-561E16522154, cid=3483, SUCCESS, logIndex=5289, commits[3cf1264f-5f6b-4138-aeee-2ff7d4522ead:c5289, 4f0d1a15-8f14-4d9a-ad4f-8211e1245b5d:c5285, 6999f20e-c3f7-4db4-87ca-141c476f2a88:c5285]
2019-08-22 07:03:52,016 | INFO  | DNAudit | user=null | ip=null | op=WRITE_CHUNK {blockData=conID: 1 locID: 102659354262635189 bcsId: 0} | ret=SUCCESS |  
2019-08-22 07:03:52,016 | INFO  | DNAudit | user=null | ip=null | op=PUT_BLOCK {blockData=[blockId=conID: 1 locID: 102659354262635189 bcsId: 0,size=1048576]} | ret=SUCCESS |  
2019-08-22 07:03:52,016 | INFO  | DNAudit | user=null | ip=null | op=WRITE_CHUNK {blockData=conID: 1 locID: 102659354262635189 bcsId: 0} | ret=SUCCESS |  
2019-08-22 07:03:52,016 [grpc-default-executor-3] INFO  client.GrpcClientProtocolClient (GrpcClientProtocolClient.java:onNext(255)) - client-CF63D631FA17->3cf1264f-5f6b-4138-aeee-2ff7d4522ead: receive RaftClientReply:client-CF63D631FA17->3cf1264f-5f6b-4138-aeee-2ff7d4522ead@group-561E16522154, cid=3484, SUCCESS, logIndex=0, commits[3cf1264f-5f6b-4138-aeee-2ff7d4522ead:c5291, 4f0d1a15-8f14-4d9a-ad4f-8211e1245b5d:c5287, 6999f20e-c3f7-4db4-87ca-141c476f2a88:c5287]
2019-08-22 07:03:52,023 | INFO  | DNAudit | user=null | ip=null | op=WRITE_CHUNK {blockData=conID: 1 locID: 102659354262635189 bcsId: 5289} | ret=SUCCESS |  
2019-08-22 07:03:52,026 | INFO  | DNAudit | user=null | ip=null | op=WRITE_CHUNK {blockData=conID: 1 locID: 102659354262635189 bcsId: 5289} | ret=SUCCESS |  
2019-08-22 07:03:52,026 | INFO  | DNAudit | user=null | ip=null | op=WRITE_CHUNK {blockData=conID: 1 locID: 102659354262635189 bcsId: 5289} | ret=SUCCESS |  
2019-08-22 07:03:52,026 | INFO  | DNAudit | user=null | ip=null | op=WRITE_CHUNK {blockData=conID: 1 locID: 102659354262635189 bcsId: 0} | ret=SUCCESS |  
2019-08-22 07:03:52,027 | INFO  | DNAudit | user=null | ip=null | op=PUT_BLOCK {blockData=[blockId=conID: 1 locID: 102659354262635189 bcsId: 0,size=2097152]} | ret=SUCCESS |  
2019-08-22 07:03:52,027 | INFO  | DNAudit | user=null | ip=null | op=PUT_BLOCK {blockData=[blockId=conID: 1 locID: 102659354262635189 bcsId: 0,size=2097152]} | ret=SUCCESS |  
2019-08-22 07:03:52,028 | INFO  | DNAudit | user=null | ip=null | op=WRITE_CHUNK {blockData=conID: 1 locID: 102659354262635189 bcsId: 5289} | ret=SUCCESS |  
2019-08-22 07:03:52,028 | INFO  | DNAudit | user=null | ip=null | op=PUT_BLOCK {blockData=[blockId=conID: 1 locID: 102659354262635189 bcsId: 0,size=3145728]} | ret=SUCCESS |  
2019-08-22 07:03:52,028 [grpc-default-executor-3] INFO  client.GrpcClientProtocolClient (GrpcClientProtocolClient.java:onNext(255)) - client-CF63D631FA17->3cf1264f-5f6b-4138-aeee-2ff7d4522ead: receive RaftClientReply:client-CF63D631FA17->3cf1264f-5f6b-4138-aeee-2ff7d4522ead@group-561E16522154, cid=3485, SUCCESS, logIndex=5294, commits[3cf1264f-5f6b-4138-aeee-2ff7d4522ead:c5295, 4f0d1a15-8f14-4d9a-ad4f-8211e1245b5d:c5289, 6999f20e-c3f7-4db4-87ca-141c476f2a88:c5292]
2019-08-22 07:03:52,029 [grpc-default-executor-3] INFO  client.GrpcClientProtocolClient (GrpcClientProtocolClient.java:onNext(255)) - client-CF63D631FA17->3cf1264f-5f6b-4138-aeee-2ff7d4522ead: receive RaftClientReply:client-CF63D631FA17->3cf1264f-5f6b-4138-aeee-2ff7d4522ead@group-561E16522154, cid=3486, SUCCESS, logIndex=5295, commits[3cf1264f-5f6b-4138-aeee-2ff7d4522ead:c5295, 4f0d1a15-8f14-4d9a-ad4f-8211e1245b5d:c5292, 6999f20e-c3f7-4db4-87ca-141c476f2a88:c5292]
2019-08-22 07:03:52,031 | INFO  | DNAudit | user=null | ip=null | op=WRITE_CHUNK {blockData=conID: 1 locID: 102659354262635189 bcsId: 5289} | ret=SUCCESS |  
2019-08-22 07:03:52,031 | INFO  | DNAudit | user=null | ip=null | op=PUT_BLOCK {blockData=[blockId=conID: 1 locID: 102659354262635189 bcsId: 0,size=3145728]} | ret=SUCCESS |  
2019-08-22 07:03:52,031 | INFO  | DNAudit | user=null | ip=null | op=WRITE_CHUNK {blockData=conID: 1 locID: 102659354262635189 bcsId: 5289} | ret=SUCCESS |  
2019-08-22 07:03:52,032 | INFO  | DNAudit | user=null | ip=null | op=PUT_BLOCK {blockData=[blockId=conID: 1 locID: 102659354262635189 bcsId: 0,size=3145728]} | ret=SUCCESS |  
2019-08-22 07:03:52,035 | INFO  | DNAudit | user=null | ip=null | op=WRITE_CHUNK {blockData=conID: 1 locID: 102659354262635189 bcsId: 5295} | ret=SUCCESS |  
2019-08-22 07:03:52,038 | INFO  | DNAudit | user=null | ip=null | op=WRITE_CHUNK {blockData=conID: 1 locID: 102659354262635189 bcsId: 5295} | ret=SUCCESS |  
2019-08-22 07:03:52,038 | INFO  | DNAudit | user=null | ip=null | op=WRITE_CHUNK {blockData=conID: 1 locID: 102659354262635189 bcsId: 5295} | ret=SUCCESS |  
2019-08-22 07:03:52,043 | INFO  | DNAudit | user=null | ip=null | op=WRITE_CHUNK {blockData=conID: 1 locID: 102659354262635189 bcsId: 5295} | ret=SUCCESS |  
2019-08-22 07:03:52,044 | INFO  | DNAudit | user=null | ip=null | op=PUT_BLOCK {blockData=[blockId=conID: 1 locID: 102659354262635189 bcsId: 0,size=4194304]} | ret=SUCCESS |  
2019-08-22 07:03:52,044 [grpc-default-executor-3] INFO  client.GrpcClientProtocolClient (GrpcClientProtocolClient.java:onNext(255)) - client-CF63D631FA17->3cf1264f-5f6b-4138-aeee-2ff7d4522ead: receive RaftClientReply:client-CF63D631FA17->3cf1264f-5f6b-4138-aeee-2ff7d4522ead@group-561E16522154, cid=3487, SUCCESS, logIndex=5298, commits[3cf1264f-5f6b-4138-aeee-2ff7d4522ead:c5299, 4f0d1a15-8f14-4d9a-ad4f-8211e1245b5d:c5297, 6999f20e-c3f7-4db4-87ca-141c476f2a88:c5295]
2019-08-22 07:03:52,044 [grpc-default-executor-3] INFO  client.GrpcClientProtocolClient (GrpcClientProtocolClient.java:onNext(255)) - client-CF63D631FA17->3cf1264f-5f6b-4138-aeee-2ff7d4522ead: receive RaftClientReply:client-CF63D631FA17->3cf1264f-5f6b-4138-aeee-2ff7d4522ead@group-561E16522154, cid=3488, SUCCESS, logIndex=5299, commits[3cf1264f-5f6b-4138-aeee-2ff7d4522ead:c5299, 4f0d1a15-8f14-4d9a-ad4f-8211e1245b5d:c5297, 6999f20e-c3f7-4db4-87ca-141c476f2a88:c5297]
2019-08-22 07:03:52,046 | INFO  | DNAudit | user=null | ip=null | op=WRITE_CHUNK {blockData=conID: 1 locID: 102659354262635189 bcsId: 5295} | ret=SUCCESS |  
2019-08-22 07:03:52,046 | INFO  | DNAudit | user=null | ip=null | op=WRITE_CHUNK {blockData=conID: 1 locID: 102659354262635189 bcsId: 5295} | ret=SUCCESS |  
2019-08-22 07:03:52,057 | INFO  | DNAudit | user=null | ip=null | op=PUT_BLOCK {blockData=[blockId=conID: 1 locID: 102659354262635189 bcsId: 0,size=4194304]} | ret=SUCCESS |  
2019-08-22 07:03:52,058 | INFO  | DNAudit | user=null | ip=null | op=PUT_BLOCK {blockData=[blockId=conID: 1 locID: 102659354262635189 bcsId: 0,size=4194304]} | ret=SUCCESS |  
2019-08-22 07:03:52,058 [grpc-default-executor-3] INFO  client.GrpcClientProtocolClient (GrpcClientProtocolClient.java:onNext(255)) - client-CF63D631FA17->3cf1264f-5f6b-4138-aeee-2ff7d4522ead: receive RaftClientReply:client-CF63D631FA17->3cf1264f-5f6b-4138-aeee-2ff7d4522ead@group-561E16522154, cid=3489, SUCCESS, logIndex=0, commits[3cf1264f-5f6b-4138-aeee-2ff7d4522ead:c5301, 4f0d1a15-8f14-4d9a-ad4f-8211e1245b5d:c5299, 6999f20e-c3f7-4db4-87ca-141c476f2a88:c5299]
2019-08-22 07:03:52,066 | INFO  | SCMAudit | user=jenkins1000 | ip=192.168.34.31 | op=ALLOCATE_BLOCK {owner=04b6d46a-98e2-41b1-9f38-1870289993ea, size=4194304, type=RATIS, factor=THREE} | ret=SUCCESS |  
2019-08-22 07:03:52,071 | INFO  | OMAudit | user=jenkins1000 | ip=127.0.0.1 | op=ALLOCATE_BLOCK {volume=vol-0-14906, bucket=bucket-0-53153, key=key-0-33222, dataSize=0, replicationType=null, replicationFactor=null, keyLocationInfo=null, clientID=102659352017764754} | ret=SUCCESS |  
2019-08-22 07:03:52,079 | INFO  | DNAudit | user=null | ip=null | op=WRITE_CHUNK {blockData=conID: 2 locID: 102659354267878070 bcsId: 0} | ret=SUCCESS |  
2019-08-22 07:03:52,081 | INFO  | DNAudit | user=null | ip=null | op=WRITE_CHUNK {blockData=conID: 2 locID: 102659354267878070 bcsId: 0} | ret=SUCCESS |  
2019-08-22 07:03:52,084 | INFO  | DNAudit | user=null | ip=null | op=WRITE_CHUNK {blockData=conID: 2 locID: 102659354267878070 bcsId: 0} | ret=SUCCESS |  
2019-08-22 07:03:52,084 | INFO  | DNAudit | user=null | ip=null | op=WRITE_CHUNK {blockData=conID: 2 locID: 102659354267878070 bcsId: 0} | ret=SUCCESS |  
2019-08-22 07:03:52,086 | INFO  | DNAudit | user=null | ip=null | op=WRITE_CHUNK {blockData=conID: 2 locID: 102659354267878070 bcsId: 0} | ret=SUCCESS |  
2019-08-22 07:03:52,086 | INFO  | DNAudit | user=null | ip=null | op=WRITE_CHUNK {blockData=conID: 2 locID: 102659354267878070 bcsId: 0} | ret=SUCCESS |  
2019-08-22 07:03:52,094 | INFO  | DNAudit | user=null | ip=null | op=WRITE_CHUNK {blockData=conID: 2 locID: 102659354267878070 bcsId: 0} | ret=SUCCESS |  
2019-08-22 07:03:52,094 | INFO  | DNAudit | user=null | ip=null | op=PUT_BLOCK {blockData=[blockId=conID: 2 locID: 102659354267878070 bcsId: 0,size=1048576]} | ret=SUCCESS |  
2019-08-22 07:03:52,094 [grpc-default-executor-1] INFO  client.GrpcClientProtocolClient (GrpcClientProtocolClient.java:onNext(255)) - client-CF63D631FA17->3cf1264f-5f6b-4138-aeee-2ff7d4522ead: receive RaftClientReply:client-CF63D631FA17->3cf1264f-5f6b-4138-aeee-2ff7d4522ead@group-561E16522154, cid=3490, SUCCESS, logIndex=5302, commits[3cf1264f-5f6b-4138-aeee-2ff7d4522ead:c5305, 4f0d1a15-8f14-4d9a-ad4f-8211e1245b5d:c5301, 6999f20e-c3f7-4db4-87ca-141c476f2a88:c5301]
2019-08-22 07:03:52,095 | INFO  | DNAudit | user=null | ip=null | op=WRITE_CHUNK {blockData=conID: 2 locID: 102659354267878070 bcsId: 0} | ret=SUCCESS |  
2019-08-22 07:03:52,095 | INFO  | DNAudit | user=null | ip=null | op=PUT_BLOCK {blockData=[blockId=conID: 2 locID: 102659354267878070 bcsId: 0,size=2097152]} | ret=SUCCESS |  
2019-08-22 07:03:52,095 [grpc-default-executor-1] INFO  client.GrpcClientProtocolClient (GrpcClientProtocolClient.java:onNext(255)) - client-CF63D631FA17->3cf1264f-5f6b-4138-aeee-2ff7d4522ead: receive RaftClientReply:client-CF63D631FA17->3cf1264f-5f6b-4138-aeee-2ff7d4522ead@group-561E16522154, cid=3491, SUCCESS, logIndex=5303, commits[3cf1264f-5f6b-4138-aeee-2ff7d4522ead:c5305, 4f0d1a15-8f14-4d9a-ad4f-8211e1245b5d:c5301, 6999f20e-c3f7-4db4-87ca-141c476f2a88:c5301]
2019-08-22 07:03:52,095 [grpc-default-executor-1] INFO  client.GrpcClientProtocolClient (GrpcClientProtocolClient.java:onNext(255)) - client-CF63D631FA17->3cf1264f-5f6b-4138-aeee-2ff7d4522ead: receive RaftClientReply:client-CF63D631FA17->3cf1264f-5f6b-4138-aeee-2ff7d4522ead@group-561E16522154, cid=3492, SUCCESS, logIndex=5304, commits[3cf1264f-5f6b-4138-aeee-2ff7d4522ead:c5305, 4f0d1a15-8f14-4d9a-ad4f-8211e1245b5d:c5301, 6999f20e-c3f7-4db4-87ca-141c476f2a88:c5301]
2019-08-22 07:03:52,096 [grpc-default-executor-1] INFO  client.GrpcClientProtocolClient (GrpcClientProtocolClient.java:onNext(255)) - client-CF63D631FA17->3cf1264f-5f6b-4138-aeee-2ff7d4522ead: receive RaftClientReply:client-CF63D631FA17->3cf1264f-5f6b-4138-aeee-2ff7d4522ead@group-561E16522154, cid=3493, SUCCESS, logIndex=5305, commits[3cf1264f-5f6b-4138-aeee-2ff7d4522ead:c5305, 4f0d1a15-8f14-4d9a-ad4f-8211e1245b5d:c5301, 6999f20e-c3f7-4db4-87ca-141c476f2a88:c5301]
2019-08-22 07:03:52,105 | INFO  | DNAudit | user=null | ip=null | op=WRITE_CHUNK {blockData=conID: 2 locID: 102659354267878070 bcsId: 0} | ret=SUCCESS |  
2019-08-22 07:03:52,105 | INFO  | DNAudit | user=null | ip=null | op=PUT_BLOCK {blockData=[blockId=conID: 2 locID: 102659354267878070 bcsId: 0,size=1048576]} | ret=SUCCESS |  
2019-08-22 07:03:52,105 | INFO  | DNAudit | user=null | ip=null | op=WRITE_CHUNK {blockData=conID: 2 locID: 102659354267878070 bcsId: 0} | ret=SUCCESS |  
2019-08-22 07:03:52,106 | INFO  | DNAudit | user=null | ip=null | op=PUT_BLOCK {blockData=[blockId=conID: 2 locID: 102659354267878070 bcsId: 0,size=1048576]} | ret=SUCCESS |  
2019-08-22 07:03:52,106 | INFO  | DNAudit | user=null | ip=null | op=WRITE_CHUNK {blockData=conID: 2 locID: 102659354267878070 bcsId: 0} | ret=SUCCESS |  
2019-08-22 07:03:52,106 [grpc-default-executor-1] INFO  client.GrpcClientProtocolClient (GrpcClientProtocolClient.java:onNext(255)) - client-CF63D631FA17->3cf1264f-5f6b-4138-aeee-2ff7d4522ead: receive RaftClientReply:client-CF63D631FA17->3cf1264f-5f6b-4138-aeee-2ff7d4522ead@group-561E16522154, cid=3494, SUCCESS, logIndex=0, commits[3cf1264f-5f6b-4138-aeee-2ff7d4522ead:c5306, 4f0d1a15-8f14-4d9a-ad4f-8211e1245b5d:c5303, 6999f20e-c3f7-4db4-87ca-141c476f2a88:c5303]
2019-08-22 07:03:52,106 | INFO  | DNAudit | user=null | ip=null | op=PUT_BLOCK {blockData=[blockId=conID: 2 locID: 102659354267878070 bcsId: 0,size=2097152]} | ret=SUCCESS |  
2019-08-22 07:03:52,108 | INFO  | DNAudit | user=null | ip=null | op=WRITE_CHUNK {blockData=conID: 2 locID: 102659354267878070 bcsId: 0} | ret=SUCCESS |  
2019-08-22 07:03:52,108 | INFO  | DNAudit | user=null | ip=null | op=PUT_BLOCK {blockData=[blockId=conID: 2 locID: 102659354267878070 bcsId: 0,size=2097152]} | ret=SUCCESS |  
2019-08-22 07:03:52,114 | INFO  | DNAudit | user=null | ip=null | op=WRITE_CHUNK {blockData=conID: 2 locID: 102659354267878070 bcsId: 5305} | ret=SUCCESS |  
2019-08-22 07:03:52,117 | INFO  | DNAudit | user=null | ip=null | op=WRITE_CHUNK {blockData=conID: 2 locID: 102659354267878070 bcsId: 5305} | ret=SUCCESS |  
2019-08-22 07:03:52,117 | INFO  | DNAudit | user=null | ip=null | op=WRITE_CHUNK {blockData=conID: 2 locID: 102659354267878070 bcsId: 5305} | ret=SUCCESS |  
2019-08-22 07:03:52,126 | INFO  | DNAudit | user=null | ip=null | op=WRITE_CHUNK {blockData=conID: 2 locID: 102659354267878070 bcsId: 5305} | ret=SUCCESS |  
2019-08-22 07:03:52,126 | INFO  | DNAudit | user=null | ip=null | op=PUT_BLOCK {blockData=[blockId=conID: 2 locID: 102659354267878070 bcsId: 0,size=3145728]} | ret=SUCCESS |  
2019-08-22 07:03:52,127 [grpc-default-executor-1] INFO  client.GrpcClientProtocolClient (GrpcClientProtocolClient.java:onNext(255)) - client-CF63D631FA17->3cf1264f-5f6b-4138-aeee-2ff7d4522ead: receive RaftClientReply:client-CF63D631FA17->3cf1264f-5f6b-4138-aeee-2ff7d4522ead@group-561E16522154, cid=3495, SUCCESS, logIndex=5310, commits[3cf1264f-5f6b-4138-aeee-2ff7d4522ead:c5311, 4f0d1a15-8f14-4d9a-ad4f-8211e1245b5d:c5309, 6999f20e-c3f7-4db4-87ca-141c476f2a88:c5309]
2019-08-22 07:03:52,127 [grpc-default-executor-1] INFO  client.GrpcClientProtocolClient (GrpcClientProtocolClient.java:onNext(255)) - client-CF63D631FA17->3cf1264f-5f6b-4138-aeee-2ff7d4522ead: receive RaftClientReply:client-CF63D631FA17->3cf1264f-5f6b-4138-aeee-2ff7d4522ead@group-561E16522154, cid=3496, SUCCESS, logIndex=5311, commits[3cf1264f-5f6b-4138-aeee-2ff7d4522ead:c5311, 4f0d1a15-8f14-4d9a-ad4f-8211e1245b5d:c5309, 6999f20e-c3f7-4db4-87ca-141c476f2a88:c5309]
2019-08-22 07:03:52,134 | INFO  | DNAudit | user=null | ip=null | op=WRITE_CHUNK {blockData=conID: 2 locID: 102659354267878070 bcsId: 5311} | ret=SUCCESS |  
2019-08-22 07:03:52,136 | INFO  | SCMAudit | user=jenkins1000 | ip=192.168.34.31 | op=SEND_HEARTBEAT {datanodeUUID=4f0d1a15-8f14-4d9a-ad4f-8211e1245b5d, command=[]} | ret=SUCCESS |  
2019-08-22 07:03:52,137 | INFO  | DNAudit | user=null | ip=null | op=WRITE_CHUNK {blockData=conID: 2 locID: 102659354267878070 bcsId: 5311} | ret=SUCCESS |  
2019-08-22 07:03:52,138 | INFO  | DNAudit | user=null | ip=null | op=WRITE_CHUNK {blockData=conID: 2 locID: 102659354267878070 bcsId: 5305} | ret=SUCCESS |  
2019-08-22 07:03:52,138 | INFO  | DNAudit | user=null | ip=null | op=WRITE_CHUNK {blockData=conID: 2 locID: 102659354267878070 bcsId: 5305} | ret=SUCCESS |  
2019-08-22 07:03:52,138 | INFO  | DNAudit | user=null | ip=null | op=WRITE_CHUNK {blockData=conID: 2 locID: 102659354267878070 bcsId: 5311} | ret=SUCCESS |  
2019-08-22 07:03:52,139 | INFO  | DNAudit | user=null | ip=null | op=PUT_BLOCK {blockData=[blockId=conID: 2 locID: 102659354267878070 bcsId: 0,size=3145728]} | ret=SUCCESS |  
2019-08-22 07:03:52,139 | INFO  | DNAudit | user=null | ip=null | op=WRITE_CHUNK {blockData=conID: 2 locID: 102659354267878070 bcsId: 5311} | ret=SUCCESS |  
2019-08-22 07:03:52,139 | INFO  | DNAudit | user=null | ip=null | op=PUT_BLOCK {blockData=[blockId=conID: 2 locID: 102659354267878070 bcsId: 0,size=3145728]} | ret=SUCCESS |  
2019-08-22 07:03:52,140 | INFO  | DNAudit | user=null | ip=null | op=PUT_BLOCK {blockData=[blockId=conID: 2 locID: 102659354267878070 bcsId: 0,size=4194304]} | ret=SUCCESS |  
2019-08-22 07:03:52,140 [grpc-default-executor-1] INFO  client.GrpcClientProtocolClient (GrpcClientProtocolClient.java:onNext(255)) - client-CF63D631FA17->3cf1264f-5f6b-4138-aeee-2ff7d4522ead: receive RaftClientReply:client-CF63D631FA17->3cf1264f-5f6b-4138-aeee-2ff7d4522ead@group-561E16522154, cid=3497, SUCCESS, logIndex=5314, commits[3cf1264f-5f6b-4138-aeee-2ff7d4522ead:c5315, 4f0d1a15-8f14-4d9a-ad4f-8211e1245b5d:c5311, 6999f20e-c3f7-4db4-87ca-141c476f2a88:c5310]
2019-08-22 07:03:52,140 [grpc-default-executor-1] INFO  client.GrpcClientProtocolClient (GrpcClientProtocolClient.java:onNext(255)) - client-CF63D631FA17->3cf1264f-5f6b-4138-aeee-2ff7d4522ead: receive RaftClientReply:client-CF63D631FA17->3cf1264f-5f6b-4138-aeee-2ff7d4522ead@group-561E16522154, cid=3498, SUCCESS, logIndex=5315, commits[3cf1264f-5f6b-4138-aeee-2ff7d4522ead:c5315, 4f0d1a15-8f14-4d9a-ad4f-8211e1245b5d:c5311, 6999f20e-c3f7-4db4-87ca-141c476f2a88:c5311]
2019-08-22 07:03:52,140 | INFO  | DNAudit | user=null | ip=null | op=WRITE_CHUNK {blockData=conID: 2 locID: 102659354267878070 bcsId: 5311} | ret=SUCCESS |  
2019-08-22 07:03:52,141 | INFO  | DNAudit | user=null | ip=null | op=PUT_BLOCK {blockData=[blockId=conID: 2 locID: 102659354267878070 bcsId: 0,size=4194304]} | ret=SUCCESS |  
2019-08-22 07:03:52,143 | INFO  | DNAudit | user=null | ip=null | op=WRITE_CHUNK {blockData=conID: 2 locID: 102659354267878070 bcsId: 5311} | ret=SUCCESS |  
2019-08-22 07:03:52,143 | INFO  | DNAudit | user=null | ip=null | op=PUT_BLOCK {blockData=[blockId=conID: 2 locID: 102659354267878070 bcsId: 0,size=4194304]} | ret=SUCCESS |  
2019-08-22 07:03:52,143 [grpc-default-executor-1] INFO  client.GrpcClientProtocolClient (GrpcClientProtocolClient.java:onNext(255)) - client-CF63D631FA17->3cf1264f-5f6b-4138-aeee-2ff7d4522ead: receive RaftClientReply:client-CF63D631FA17->3cf1264f-5f6b-4138-aeee-2ff7d4522ead@group-561E16522154, cid=3499, SUCCESS, logIndex=0, commits[3cf1264f-5f6b-4138-aeee-2ff7d4522ead:c5316, 4f0d1a15-8f14-4d9a-ad4f-8211e1245b5d:c5315, 6999f20e-c3f7-4db4-87ca-141c476f2a88:c5315]
2019-08-22 07:03:52,152 | INFO  | SCMAudit | user=jenkins1000 | ip=192.168.34.31 | op=ALLOCATE_BLOCK {owner=04b6d46a-98e2-41b1-9f38-1870289993ea, size=4194304, type=RATIS, factor=THREE} | ret=SUCCESS |  
2019-08-22 07:03:52,158 | INFO  | OMAudit | user=jenkins1000 | ip=127.0.0.1 | op=ALLOCATE_BLOCK {volume=vol-0-14906, bucket=bucket-0-53153, key=key-0-33222, dataSize=0, replicationType=null, replicationFactor=null, keyLocationInfo=null, clientID=102659352017764754} | ret=SUCCESS |  
2019-08-22 07:03:52,165 | INFO  | DNAudit | user=null | ip=null | op=WRITE_CHUNK {blockData=conID: 3 locID: 102659354273514167 bcsId: 0} | ret=SUCCESS |  
2019-08-22 07:03:52,170 | INFO  | DNAudit | user=null | ip=null | op=WRITE_CHUNK {blockData=conID: 3 locID: 102659354273514167 bcsId: 0} | ret=SUCCESS |  
2019-08-22 07:03:52,170 | INFO  | DNAudit | user=null | ip=null | op=WRITE_CHUNK {blockData=conID: 3 locID: 102659354273514167 bcsId: 0} | ret=SUCCESS |  
2019-08-22 07:03:52,170 | INFO  | DNAudit | user=null | ip=null | op=WRITE_CHUNK {blockData=conID: 3 locID: 102659354273514167 bcsId: 0} | ret=SUCCESS |  
2019-08-22 07:03:52,173 | INFO  | DNAudit | user=null | ip=null | op=WRITE_CHUNK {blockData=conID: 3 locID: 102659354273514167 bcsId: 0} | ret=SUCCESS |  
2019-08-22 07:03:52,173 | INFO  | DNAudit | user=null | ip=null | op=WRITE_CHUNK {blockData=conID: 3 locID: 102659354273514167 bcsId: 0} | ret=SUCCESS |  
2019-08-22 07:03:52,178 | INFO  | DNAudit | user=null | ip=null | op=WRITE_CHUNK {blockData=conID: 3 locID: 102659354273514167 bcsId: 0} | ret=SUCCESS |  
2019-08-22 07:03:52,179 | INFO  | DNAudit | user=null | ip=null | op=PUT_BLOCK {blockData=[blockId=conID: 3 locID: 102659354273514167 bcsId: 0,size=1048576]} | ret=SUCCESS |  
2019-08-22 07:03:52,179 [grpc-default-executor-5] INFO  client.GrpcClientProtocolClient (GrpcClientProtocolClient.java:onNext(255)) - client-CF63D631FA17->3cf1264f-5f6b-4138-aeee-2ff7d4522ead: receive RaftClientReply:client-CF63D631FA17->3cf1264f-5f6b-4138-aeee-2ff7d4522ead@group-561E16522154, cid=3500, SUCCESS, logIndex=5318, commits[3cf1264f-5f6b-4138-aeee-2ff7d4522ead:c5319, 4f0d1a15-8f14-4d9a-ad4f-8211e1245b5d:c5317, 6999f20e-c3f7-4db4-87ca-141c476f2a88:c5317]
2019-08-22 07:03:52,179 | INFO  | DNAudit | user=null | ip=null | op=WRITE_CHUNK {blockData=conID: 3 locID: 102659354273514167 bcsId: 0} | ret=SUCCESS |  
2019-08-22 07:03:52,179 [grpc-default-executor-1] INFO  client.GrpcClientProtocolClient (GrpcClientProtocolClient.java:onNext(255)) - client-CF63D631FA17->3cf1264f-5f6b-4138-aeee-2ff7d4522ead: receive RaftClientReply:client-CF63D631FA17->3cf1264f-5f6b-4138-aeee-2ff7d4522ead@group-561E16522154, cid=3501, SUCCESS, logIndex=5319, commits[3cf1264f-5f6b-4138-aeee-2ff7d4522ead:c5319, 4f0d1a15-8f14-4d9a-ad4f-8211e1245b5d:c5317, 6999f20e-c3f7-4db4-87ca-141c476f2a88:c5317]
2019-08-22 07:03:52,179 | INFO  | DNAudit | user=null | ip=null | op=PUT_BLOCK {blockData=[blockId=conID: 3 locID: 102659354273514167 bcsId: 0,size=2097152]} | ret=SUCCESS |  
2019-08-22 07:03:52,180 [grpc-default-executor-1] INFO  client.GrpcClientProtocolClient (GrpcClientProtocolClient.java:onNext(255)) - client-CF63D631FA17->3cf1264f-5f6b-4138-aeee-2ff7d4522ead: receive RaftClientReply:client-CF63D631FA17->3cf1264f-5f6b-4138-aeee-2ff7d4522ead@group-561E16522154, cid=3502, SUCCESS, logIndex=5320, commits[3cf1264f-5f6b-4138-aeee-2ff7d4522ead:c5321, 4f0d1a15-8f14-4d9a-ad4f-8211e1245b5d:c5317, 6999f20e-c3f7-4db4-87ca-141c476f2a88:c5317]
2019-08-22 07:03:52,180 [grpc-default-executor-1] INFO  client.GrpcClientProtocolClient (GrpcClientProtocolClient.java:onNext(255)) - client-CF63D631FA17->3cf1264f-5f6b-4138-aeee-2ff7d4522ead: receive RaftClientReply:client-CF63D631FA17->3cf1264f-5f6b-4138-aeee-2ff7d4522ead@group-561E16522154, cid=3503, SUCCESS, logIndex=5321, commits[3cf1264f-5f6b-4138-aeee-2ff7d4522ead:c5321, 4f0d1a15-8f14-4d9a-ad4f-8211e1245b5d:c5317, 6999f20e-c3f7-4db4-87ca-141c476f2a88:c5317]
2019-08-22 07:03:52,181 | INFO  | DNAudit | user=null | ip=null | op=WRITE_CHUNK {blockData=conID: 3 locID: 102659354273514167 bcsId: 0} | ret=SUCCESS |  
2019-08-22 07:03:52,182 | INFO  | DNAudit | user=null | ip=null | op=PUT_BLOCK {blockData=[blockId=conID: 3 locID: 102659354273514167 bcsId: 0,size=1048576]} | ret=SUCCESS |  
2019-08-22 07:03:52,182 | INFO  | DNAudit | user=null | ip=null | op=WRITE_CHUNK {blockData=conID: 3 locID: 102659354273514167 bcsId: 0} | ret=SUCCESS |  
2019-08-22 07:03:52,182 | INFO  | DNAudit | user=null | ip=null | op=PUT_BLOCK {blockData=[blockId=conID: 3 locID: 102659354273514167 bcsId: 0,size=1048576]} | ret=SUCCESS |  
2019-08-22 07:03:52,182 | INFO  | DNAudit | user=null | ip=null | op=WRITE_CHUNK {blockData=conID: 3 locID: 102659354273514167 bcsId: 0} | ret=SUCCESS |  
2019-08-22 07:03:52,182 | INFO  | DNAudit | user=null | ip=null | op=PUT_BLOCK {blockData=[blockId=conID: 3 locID: 102659354273514167 bcsId: 0,size=2097152]} | ret=SUCCESS |  
2019-08-22 07:03:52,182 | INFO  | DNAudit | user=null | ip=null | op=WRITE_CHUNK {blockData=conID: 3 locID: 102659354273514167 bcsId: 0} | ret=SUCCESS |  
2019-08-22 07:03:52,183 | INFO  | DNAudit | user=null | ip=null | op=PUT_BLOCK {blockData=[blockId=conID: 3 locID: 102659354273514167 bcsId: 0,size=2097152]} | ret=SUCCESS |  
2019-08-22 07:03:52,183 [grpc-default-executor-0] INFO  client.GrpcClientProtocolClient (GrpcClientProtocolClient.java:onNext(255)) - client-CF63D631FA17->3cf1264f-5f6b-4138-aeee-2ff7d4522ead: receive RaftClientReply:client-CF63D631FA17->3cf1264f-5f6b-4138-aeee-2ff7d4522ead@group-561E16522154, cid=3504, SUCCESS, logIndex=0, commits[3cf1264f-5f6b-4138-aeee-2ff7d4522ead:c5323, 4f0d1a15-8f14-4d9a-ad4f-8211e1245b5d:c5319, 6999f20e-c3f7-4db4-87ca-141c476f2a88:c5319]
2019-08-22 07:03:52,189 | INFO  | DNAudit | user=null | ip=null | op=WRITE_CHUNK {blockData=conID: 3 locID: 102659354273514167 bcsId: 5321} | ret=SUCCESS |  
2019-08-22 07:03:52,192 | INFO  | DNAudit | user=null | ip=null | op=WRITE_CHUNK {blockData=conID: 3 locID: 102659354273514167 bcsId: 5321} | ret=SUCCESS |  
2019-08-22 07:03:52,192 | INFO  | DNAudit | user=null | ip=null | op=WRITE_CHUNK {blockData=conID: 3 locID: 102659354273514167 bcsId: 5321} | ret=SUCCESS |  
2019-08-22 07:03:52,207 | INFO  | DNAudit | user=null | ip=null | op=WRITE_CHUNK {blockData=conID: 3 locID: 102659354273514167 bcsId: 5321} | ret=SUCCESS |  
2019-08-22 07:03:52,207 | INFO  | DNAudit | user=null | ip=null | op=PUT_BLOCK {blockData=[blockId=conID: 3 locID: 102659354273514167 bcsId: 0,size=3145728]} | ret=SUCCESS |  
2019-08-22 07:03:52,208 [grpc-default-executor-1] INFO  client.GrpcClientProtocolClient (GrpcClientProtocolClient.java:onNext(255)) - client-CF63D631FA17->3cf1264f-5f6b-4138-aeee-2ff7d4522ead: receive RaftClientReply:client-CF63D631FA17->3cf1264f-5f6b-4138-aeee-2ff7d4522ead@group-561E16522154, cid=3505, SUCCESS, logIndex=5326, commits[3cf1264f-5f6b-4138-aeee-2ff7d4522ead:c5327, 4f0d1a15-8f14-4d9a-ad4f-8211e1245b5d:c5325, 6999f20e-c3f7-4db4-87ca-141c476f2a88:c5321]
2019-08-22 07:03:52,208 [grpc-default-executor-1] INFO  client.GrpcClientProtocolClient (GrpcClientProtocolClient.java:onNext(255)) - client-CF63D631FA17->3cf1264f-5f6b-4138-aeee-2ff7d4522ead: receive RaftClientReply:client-CF63D631FA17->3cf1264f-5f6b-4138-aeee-2ff7d4522ead@group-561E16522154, cid=3506, SUCCESS, logIndex=5327, commits[3cf1264f-5f6b-4138-aeee-2ff7d4522ead:c5327, 4f0d1a15-8f14-4d9a-ad4f-8211e1245b5d:c5325, 6999f20e-c3f7-4db4-87ca-141c476f2a88:c5325]
2019-08-22 07:03:52,208 | INFO  | DNAudit | user=null | ip=null | op=WRITE_CHUNK {blockData=conID: 3 locID: 102659354273514167 bcsId: 5321} | ret=SUCCESS |  
2019-08-22 07:03:52,208 | INFO  | DNAudit | user=null | ip=null | op=WRITE_CHUNK {blockData=conID: 3 locID: 102659354273514167 bcsId: 5321} | ret=SUCCESS |  
2019-08-22 07:03:52,208 | INFO  | DNAudit | user=null | ip=null | op=PUT_BLOCK {blockData=[blockId=conID: 3 locID: 102659354273514167 bcsId: 0,size=3145728]} | ret=SUCCESS |  
2019-08-22 07:03:52,209 | INFO  | DNAudit | user=null | ip=null | op=PUT_BLOCK {blockData=[blockId=conID: 3 locID: 102659354273514167 bcsId: 0,size=3145728]} | ret=SUCCESS |  
2019-08-22 07:03:52,214 | INFO  | DNAudit | user=null | ip=null | op=WRITE_CHUNK {blockData=conID: 3 locID: 102659354273514167 bcsId: 5327} | ret=SUCCESS |  
2019-08-22 07:03:52,217 | INFO  | DNAudit | user=null | ip=null | op=WRITE_CHUNK {blockData=conID: 3 locID: 102659354273514167 bcsId: 5327} | ret=SUCCESS |  
2019-08-22 07:03:52,217 | INFO  | DNAudit | user=null | ip=null | op=WRITE_CHUNK {blockData=conID: 3 locID: 102659354273514167 bcsId: 5327} | ret=SUCCESS |  
2019-08-22 07:03:52,226 | INFO  | DNAudit | user=null | ip=null | op=WRITE_CHUNK {blockData=conID: 3 locID: 102659354273514167 bcsId: 5327} | ret=SUCCESS |  
2019-08-22 07:03:52,227 | INFO  | DNAudit | user=null | ip=null | op=PUT_BLOCK {blockData=[blockId=conID: 3 locID: 102659354273514167 bcsId: 0,size=4194304]} | ret=SUCCESS |  
2019-08-22 07:03:52,227 [grpc-default-executor-5] INFO  client.GrpcClientProtocolClient (GrpcClientProtocolClient.java:onNext(255)) - client-CF63D631FA17->3cf1264f-5f6b-4138-aeee-2ff7d4522ead: receive RaftClientReply:client-CF63D631FA17->3cf1264f-5f6b-4138-aeee-2ff7d4522ead@group-561E16522154, cid=3507, SUCCESS, logIndex=5329, commits[3cf1264f-5f6b-4138-aeee-2ff7d4522ead:c5330, 4f0d1a15-8f14-4d9a-ad4f-8211e1245b5d:c5328, 6999f20e-c3f7-4db4-87ca-141c476f2a88:c5328]
2019-08-22 07:03:52,227 [grpc-default-executor-5] INFO  client.GrpcClientProtocolClient (GrpcClientProtocolClient.java:onNext(255)) - client-CF63D631FA17->3cf1264f-5f6b-4138-aeee-2ff7d4522ead: receive RaftClientReply:client-CF63D631FA17->3cf1264f-5f6b-4138-aeee-2ff7d4522ead@group-561E16522154, cid=3508, SUCCESS, logIndex=5330, commits[3cf1264f-5f6b-4138-aeee-2ff7d4522ead:c5330, 4f0d1a15-8f14-4d9a-ad4f-8211e1245b5d:c5328, 6999f20e-c3f7-4db4-87ca-141c476f2a88:c5328]
2019-08-22 07:03:52,238 | INFO  | DNAudit | user=null | ip=null | op=WRITE_CHUNK {blockData=conID: 3 locID: 102659354273514167 bcsId: 5327} | ret=SUCCESS |  
2019-08-22 07:03:52,238 | INFO  | DNAudit | user=null | ip=null | op=WRITE_CHUNK {blockData=conID: 3 locID: 102659354273514167 bcsId: 5327} | ret=SUCCESS |  
2019-08-22 07:03:52,241 | INFO  | DNAudit | user=null | ip=null | op=PUT_BLOCK {blockData=[blockId=conID: 3 locID: 102659354273514167 bcsId: 0,size=4194304]} | ret=SUCCESS |  
2019-08-22 07:03:52,241 | INFO  | DNAudit | user=null | ip=null | op=PUT_BLOCK {blockData=[blockId=conID: 3 locID: 102659354273514167 bcsId: 0,size=4194304]} | ret=SUCCESS |  
2019-08-22 07:03:52,242 [grpc-default-executor-5] INFO  client.GrpcClientProtocolClient (GrpcClientProtocolClient.java:onNext(255)) - client-CF63D631FA17->3cf1264f-5f6b-4138-aeee-2ff7d4522ead: receive RaftClientReply:client-CF63D631FA17->3cf1264f-5f6b-4138-aeee-2ff7d4522ead@group-561E16522154, cid=3509, SUCCESS, logIndex=0, commits[3cf1264f-5f6b-4138-aeee-2ff7d4522ead:c5332, 4f0d1a15-8f14-4d9a-ad4f-8211e1245b5d:c5330, 6999f20e-c3f7-4db4-87ca-141c476f2a88:c5330]
2019-08-22 07:03:52,248 | INFO  | SCMAudit | user=jenkins1000 | ip=192.168.34.31 | op=ALLOCATE_BLOCK {owner=04b6d46a-98e2-41b1-9f38-1870289993ea, size=4194304, type=RATIS, factor=THREE} | ret=SUCCESS |  
2019-08-22 07:03:52,253 | INFO  | OMAudit | user=jenkins1000 | ip=127.0.0.1 | op=ALLOCATE_BLOCK {volume=vol-0-14906, bucket=bucket-0-53153, key=key-0-33222, dataSize=0, replicationType=null, replicationFactor=null, keyLocationInfo=null, clientID=102659352017764754} | ret=SUCCESS |  
2019-08-22 07:03:52,260 | INFO  | DNAudit | user=null | ip=null | op=WRITE_CHUNK {blockData=conID: 1 locID: 102659354279805624 bcsId: 0} | ret=SUCCESS |  
2019-08-22 07:03:52,264 | INFO  | DNAudit | user=null | ip=null | op=WRITE_CHUNK {blockData=conID: 1 locID: 102659354279805624 bcsId: 0} | ret=SUCCESS |  
2019-08-22 07:03:52,264 | INFO  | DNAudit | user=null | ip=null | op=WRITE_CHUNK {blockData=conID: 1 locID: 102659354279805624 bcsId: 0} | ret=SUCCESS |  
2019-08-22 07:03:52,265 | INFO  | DNAudit | user=null | ip=null | op=WRITE_CHUNK {blockData=conID: 1 locID: 102659354279805624 bcsId: 0} | ret=SUCCESS |  
2019-08-22 07:03:52,267 | INFO  | DNAudit | user=null | ip=null | op=WRITE_CHUNK {blockData=conID: 1 locID: 102659354279805624 bcsId: 0} | ret=SUCCESS |  
2019-08-22 07:03:52,267 | INFO  | DNAudit | user=null | ip=null | op=WRITE_CHUNK {blockData=conID: 1 locID: 102659354279805624 bcsId: 0} | ret=SUCCESS |  
2019-08-22 07:03:52,273 | INFO  | DNAudit | user=null | ip=null | op=WRITE_CHUNK {blockData=conID: 1 locID: 102659354279805624 bcsId: 0} | ret=SUCCESS |  
2019-08-22 07:03:52,273 | INFO  | DNAudit | user=null | ip=null | op=PUT_BLOCK {blockData=[blockId=conID: 1 locID: 102659354279805624 bcsId: 0,size=1048576]} | ret=SUCCESS |  
2019-08-22 07:03:52,274 [grpc-default-executor-0] INFO  client.GrpcClientProtocolClient (GrpcClientProtocolClient.java:onNext(255)) - client-CF63D631FA17->3cf1264f-5f6b-4138-aeee-2ff7d4522ead: receive RaftClientReply:client-CF63D631FA17->3cf1264f-5f6b-4138-aeee-2ff7d4522ead@group-561E16522154, cid=3510, SUCCESS, logIndex=5333, commits[3cf1264f-5f6b-4138-aeee-2ff7d4522ead:c5334, 4f0d1a15-8f14-4d9a-ad4f-8211e1245b5d:c5332, 6999f20e-c3f7-4db4-87ca-141c476f2a88:c5332]
2019-08-22 07:03:52,274 | INFO  | DNAudit | user=null | ip=null | op=WRITE_CHUNK {blockData=conID: 1 locID: 102659354279805624 bcsId: 0} | ret=SUCCESS |  
2019-08-22 07:03:52,274 [grpc-default-executor-0] INFO  client.GrpcClientProtocolClient (GrpcClientProtocolClient.java:onNext(255)) - client-CF63D631FA17->3cf1264f-5f6b-4138-aeee-2ff7d4522ead: receive RaftClientReply:client-CF63D631FA17->3cf1264f-5f6b-4138-aeee-2ff7d4522ead@group-561E16522154, cid=3511, SUCCESS, logIndex=5334, commits[3cf1264f-5f6b-4138-aeee-2ff7d4522ead:c5334, 4f0d1a15-8f14-4d9a-ad4f-8211e1245b5d:c5332, 6999f20e-c3f7-4db4-87ca-141c476f2a88:c5332]
2019-08-22 07:03:52,275 | INFO  | DNAudit | user=null | ip=null | op=PUT_BLOCK {blockData=[blockId=conID: 1 locID: 102659354279805624 bcsId: 0,size=2097152]} | ret=SUCCESS |  
2019-08-22 07:03:52,275 [grpc-default-executor-5] INFO  client.GrpcClientProtocolClient (GrpcClientProtocolClient.java:onNext(255)) - client-CF63D631FA17->3cf1264f-5f6b-4138-aeee-2ff7d4522ead: receive RaftClientReply:client-CF63D631FA17->3cf1264f-5f6b-4138-aeee-2ff7d4522ead@group-561E16522154, cid=3512, SUCCESS, logIndex=5335, commits[3cf1264f-5f6b-4138-aeee-2ff7d4522ead:c5336, 4f0d1a15-8f14-4d9a-ad4f-8211e1245b5d:c5332, 6999f20e-c3f7-4db4-87ca-141c476f2a88:c5332]
2019-08-22 07:03:52,275 [grpc-default-executor-5] INFO  client.GrpcClientProtocolClient (GrpcClientProtocolClient.java:onNext(255)) - client-CF63D631FA17->3cf1264f-5f6b-4138-aeee-2ff7d4522ead: receive RaftClientReply:client-CF63D631FA17->3cf1264f-5f6b-4138-aeee-2ff7d4522ead@group-561E16522154, cid=3513, SUCCESS, logIndex=5336, commits[3cf1264f-5f6b-4138-aeee-2ff7d4522ead:c5336, 4f0d1a15-8f14-4d9a-ad4f-8211e1245b5d:c5332, 6999f20e-c3f7-4db4-87ca-141c476f2a88:c5332]
2019-08-22 07:03:52,287 | INFO  | DNAudit | user=null | ip=null | op=WRITE_CHUNK {blockData=conID: 1 locID: 102659354279805624 bcsId: 0} | ret=SUCCESS |  
2019-08-22 07:03:52,287 | INFO  | DNAudit | user=null | ip=null | op=PUT_BLOCK {blockData=[blockId=conID: 1 locID: 102659354279805624 bcsId: 0,size=1048576]} | ret=SUCCESS |  
2019-08-22 07:03:52,287 | INFO  | DNAudit | user=null | ip=null | op=WRITE_CHUNK {blockData=conID: 1 locID: 102659354279805624 bcsId: 0} | ret=SUCCESS |  
2019-08-22 07:03:52,288 | INFO  | DNAudit | user=null | ip=null | op=PUT_BLOCK {blockData=[blockId=conID: 1 locID: 102659354279805624 bcsId: 0,size=1048576]} | ret=SUCCESS |  
2019-08-22 07:03:52,288 | INFO  | DNAudit | user=null | ip=null | op=WRITE_CHUNK {blockData=conID: 1 locID: 102659354279805624 bcsId: 0} | ret=SUCCESS |  
2019-08-22 07:03:52,288 | INFO  | DNAudit | user=null | ip=null | op=WRITE_CHUNK {blockData=conID: 1 locID: 102659354279805624 bcsId: 0} | ret=SUCCESS |  
2019-08-22 07:03:52,288 | INFO  | DNAudit | user=null | ip=null | op=PUT_BLOCK {blockData=[blockId=conID: 1 locID: 102659354279805624 bcsId: 0,size=2097152]} | ret=SUCCESS |  
2019-08-22 07:03:52,288 [grpc-default-executor-0] INFO  client.GrpcClientProtocolClient (GrpcClientProtocolClient.java:onNext(255)) - client-CF63D631FA17->3cf1264f-5f6b-4138-aeee-2ff7d4522ead: receive RaftClientReply:client-CF63D631FA17->3cf1264f-5f6b-4138-aeee-2ff7d4522ead@group-561E16522154, cid=3514, SUCCESS, logIndex=0, commits[3cf1264f-5f6b-4138-aeee-2ff7d4522ead:c5338, 4f0d1a15-8f14-4d9a-ad4f-8211e1245b5d:c5334, 6999f20e-c3f7-4db4-87ca-141c476f2a88:c5334]
2019-08-22 07:03:52,288 | INFO  | DNAudit | user=null | ip=null | op=PUT_BLOCK {blockData=[blockId=conID: 1 locID: 102659354279805624 bcsId: 0,size=2097152]} | ret=SUCCESS |  
2019-08-22 07:03:52,295 | INFO  | DNAudit | user=null | ip=null | op=WRITE_CHUNK {blockData=conID: 1 locID: 102659354279805624 bcsId: 5336} | ret=SUCCESS |  
2019-08-22 07:03:52,298 | INFO  | DNAudit | user=null | ip=null | op=WRITE_CHUNK {blockData=conID: 1 locID: 102659354279805624 bcsId: 5336} | ret=SUCCESS |  
2019-08-22 07:03:52,298 | INFO  | DNAudit | user=null | ip=null | op=WRITE_CHUNK {blockData=conID: 1 locID: 102659354279805624 bcsId: 5336} | ret=SUCCESS |  
2019-08-22 07:03:52,307 | INFO  | DNAudit | user=null | ip=null | op=WRITE_CHUNK {blockData=conID: 1 locID: 102659354279805624 bcsId: 5336} | ret=SUCCESS |  
2019-08-22 07:03:52,308 | INFO  | DNAudit | user=null | ip=null | op=PUT_BLOCK {blockData=[blockId=conID: 1 locID: 102659354279805624 bcsId: 0,size=3145728]} | ret=SUCCESS |  
2019-08-22 07:03:52,308 [grpc-default-executor-5] INFO  client.GrpcClientProtocolClient (GrpcClientProtocolClient.java:onNext(255)) - client-CF63D631FA17->3cf1264f-5f6b-4138-aeee-2ff7d4522ead: receive RaftClientReply:client-CF63D631FA17->3cf1264f-5f6b-4138-aeee-2ff7d4522ead@group-561E16522154, cid=3515, SUCCESS, logIndex=5341, commits[3cf1264f-5f6b-4138-aeee-2ff7d4522ead:c5342, 4f0d1a15-8f14-4d9a-ad4f-8211e1245b5d:c5340, 6999f20e-c3f7-4db4-87ca-141c476f2a88:c5340]
2019-08-22 07:03:52,308 [grpc-default-executor-5] INFO  client.GrpcClientProtocolClient (GrpcClientProtocolClient.java:onNext(255)) - client-CF63D631FA17->3cf1264f-5f6b-4138-aeee-2ff7d4522ead: receive RaftClientReply:client-CF63D631FA17->3cf1264f-5f6b-4138-aeee-2ff7d4522ead@group-561E16522154, cid=3516, SUCCESS, logIndex=5342, commits[3cf1264f-5f6b-4138-aeee-2ff7d4522ead:c5342, 4f0d1a15-8f14-4d9a-ad4f-8211e1245b5d:c5340, 6999f20e-c3f7-4db4-87ca-141c476f2a88:c5340]
2019-08-22 07:03:52,315 | INFO  | DNAudit | user=null | ip=null | op=WRITE_CHUNK {blockData=conID: 1 locID: 102659354279805624 bcsId: 5342} | ret=SUCCESS |  
2019-08-22 07:03:52,318 | INFO  | DNAudit | user=null | ip=null | op=WRITE_CHUNK {blockData=conID: 1 locID: 102659354279805624 bcsId: 5342} | ret=SUCCESS |  
2019-08-22 07:03:52,318 | INFO  | DNAudit | user=null | ip=null | op=WRITE_CHUNK {blockData=conID: 1 locID: 102659354279805624 bcsId: 5342} | ret=SUCCESS |  
2019-08-22 07:03:52,319 | INFO  | DNAudit | user=null | ip=null | op=WRITE_CHUNK {blockData=conID: 1 locID: 102659354279805624 bcsId: 5336} | ret=SUCCESS |  
2019-08-22 07:03:52,319 | INFO  | DNAudit | user=null | ip=null | op=WRITE_CHUNK {blockData=conID: 1 locID: 102659354279805624 bcsId: 5336} | ret=SUCCESS |  
2019-08-22 07:03:52,320 | INFO  | DNAudit | user=null | ip=null | op=PUT_BLOCK {blockData=[blockId=conID: 1 locID: 102659354279805624 bcsId: 0,size=3145728]} | ret=SUCCESS |  
2019-08-22 07:03:52,320 | INFO  | DNAudit | user=null | ip=null | op=PUT_BLOCK {blockData=[blockId=conID: 1 locID: 102659354279805624 bcsId: 0,size=3145728]} | ret=SUCCESS |  
2019-08-22 07:03:52,320 | INFO  | DNAudit | user=null | ip=null | op=WRITE_CHUNK {blockData=conID: 1 locID: 102659354279805624 bcsId: 5342} | ret=SUCCESS |  
2019-08-22 07:03:52,321 | INFO  | DNAudit | user=null | ip=null | op=PUT_BLOCK {blockData=[blockId=conID: 1 locID: 102659354279805624 bcsId: 0,size=4194304]} | ret=SUCCESS |  
2019-08-22 07:03:52,321 [grpc-default-executor-5] INFO  client.GrpcClientProtocolClient (GrpcClientProtocolClient.java:onNext(255)) - client-CF63D631FA17->3cf1264f-5f6b-4138-aeee-2ff7d4522ead: receive RaftClientReply:client-CF63D631FA17->3cf1264f-5f6b-4138-aeee-2ff7d4522ead@group-561E16522154, cid=3517, SUCCESS, logIndex=5345, commits[3cf1264f-5f6b-4138-aeee-2ff7d4522ead:c5346, 4f0d1a15-8f14-4d9a-ad4f-8211e1245b5d:c5342, 6999f20e-c3f7-4db4-87ca-141c476f2a88:c5342]
2019-08-22 07:03:52,321 [grpc-default-executor-5] INFO  client.GrpcClientProtocolClient (GrpcClientProtocolClient.java:onNext(255)) - client-CF63D631FA17->3cf1264f-5f6b-4138-aeee-2ff7d4522ead: receive RaftClientReply:client-CF63D631FA17->3cf1264f-5f6b-4138-aeee-2ff7d4522ead@group-561E16522154, cid=3518, SUCCESS, logIndex=5346, commits[3cf1264f-5f6b-4138-aeee-2ff7d4522ead:c5346, 4f0d1a15-8f14-4d9a-ad4f-8211e1245b5d:c5342, 6999f20e-c3f7-4db4-87ca-141c476f2a88:c5342]
2019-08-22 07:03:52,332 | INFO  | DNAudit | user=null | ip=null | op=WRITE_CHUNK {blockData=conID: 1 locID: 102659354279805624 bcsId: 5342} | ret=SUCCESS |  
2019-08-22 07:03:52,332 | INFO  | DNAudit | user=null | ip=null | op=WRITE_CHUNK {blockData=conID: 1 locID: 102659354279805624 bcsId: 5342} | ret=SUCCESS |  
2019-08-22 07:03:52,333 | INFO  | DNAudit | user=null | ip=null | op=PUT_BLOCK {blockData=[blockId=conID: 1 locID: 102659354279805624 bcsId: 0,size=4194304]} | ret=SUCCESS |  
2019-08-22 07:03:52,333 | INFO  | DNAudit | user=null | ip=null | op=PUT_BLOCK {blockData=[blockId=conID: 1 locID: 102659354279805624 bcsId: 0,size=4194304]} | ret=SUCCESS |  
2019-08-22 07:03:52,333 [grpc-default-executor-5] INFO  client.GrpcClientProtocolClient (GrpcClientProtocolClient.java:onNext(255)) - client-CF63D631FA17->3cf1264f-5f6b-4138-aeee-2ff7d4522ead: receive RaftClientReply:client-CF63D631FA17->3cf1264f-5f6b-4138-aeee-2ff7d4522ead@group-561E16522154, cid=3519, SUCCESS, logIndex=0, commits[3cf1264f-5f6b-4138-aeee-2ff7d4522ead:c5347, 4f0d1a15-8f14-4d9a-ad4f-8211e1245b5d:c5346, 6999f20e-c3f7-4db4-87ca-141c476f2a88:c5346]
2019-08-22 07:03:52,342 | INFO  | SCMAudit | user=jenkins1000 | ip=192.168.34.31 | op=ALLOCATE_BLOCK {owner=04b6d46a-98e2-41b1-9f38-1870289993ea, size=4194304, type=RATIS, factor=THREE} | ret=SUCCESS |  
2019-08-22 07:03:52,348 | INFO  | OMAudit | user=jenkins1000 | ip=127.0.0.1 | op=ALLOCATE_BLOCK {volume=vol-0-14906, bucket=bucket-0-53153, key=key-0-33222, dataSize=0, replicationType=null, replicationFactor=null, keyLocationInfo=null, clientID=102659352017764754} | ret=SUCCESS |  
2019-08-22 07:03:52,357 | INFO  | DNAudit | user=null | ip=null | op=WRITE_CHUNK {blockData=conID: 2 locID: 102659354285966009 bcsId: 0} | ret=SUCCESS |  
2019-08-22 07:03:52,361 | INFO  | DNAudit | user=null | ip=null | op=WRITE_CHUNK {blockData=conID: 2 locID: 102659354285966009 bcsId: 0} | ret=SUCCESS |  
2019-08-22 07:03:52,361 | INFO  | DNAudit | user=null | ip=null | op=WRITE_CHUNK {blockData=conID: 2 locID: 102659354285966009 bcsId: 0} | ret=SUCCESS |  
2019-08-22 07:03:52,362 | INFO  | DNAudit | user=null | ip=null | op=WRITE_CHUNK {blockData=conID: 2 locID: 102659354285966009 bcsId: 0} | ret=SUCCESS |  
2019-08-22 07:03:52,364 | INFO  | DNAudit | user=null | ip=null | op=WRITE_CHUNK {blockData=conID: 2 locID: 102659354285966009 bcsId: 0} | ret=SUCCESS |  
2019-08-22 07:03:52,364 | INFO  | DNAudit | user=null | ip=null | op=WRITE_CHUNK {blockData=conID: 2 locID: 102659354285966009 bcsId: 0} | ret=SUCCESS |  
2019-08-22 07:03:52,371 | INFO  | DNAudit | user=null | ip=null | op=WRITE_CHUNK {blockData=conID: 2 locID: 102659354285966009 bcsId: 0} | ret=SUCCESS |  
2019-08-22 07:03:52,372 | INFO  | DNAudit | user=null | ip=null | op=PUT_BLOCK {blockData=[blockId=conID: 2 locID: 102659354285966009 bcsId: 0,size=1048576]} | ret=SUCCESS |  
2019-08-22 07:03:52,372 [grpc-default-executor-0] INFO  client.GrpcClientProtocolClient (GrpcClientProtocolClient.java:onNext(255)) - client-CF63D631FA17->3cf1264f-5f6b-4138-aeee-2ff7d4522ead: receive RaftClientReply:client-CF63D631FA17->3cf1264f-5f6b-4138-aeee-2ff7d4522ead@group-561E16522154, cid=3520, SUCCESS, logIndex=5349, commits[3cf1264f-5f6b-4138-aeee-2ff7d4522ead:c5350, 4f0d1a15-8f14-4d9a-ad4f-8211e1245b5d:c5348, 6999f20e-c3f7-4db4-87ca-141c476f2a88:c5348]
2019-08-22 07:03:52,373 [grpc-default-executor-0] INFO  client.GrpcClientProtocolClient (GrpcClientProtocolClient.java:onNext(255)) - client-CF63D631FA17->3cf1264f-5f6b-4138-aeee-2ff7d4522ead: receive RaftClientReply:client-CF63D631FA17->3cf1264f-5f6b-4138-aeee-2ff7d4522ead@group-561E16522154, cid=3521, SUCCESS, logIndex=5350, commits[3cf1264f-5f6b-4138-aeee-2ff7d4522ead:c5350, 4f0d1a15-8f14-4d9a-ad4f-8211e1245b5d:c5348, 6999f20e-c3f7-4db4-87ca-141c476f2a88:c5348]
2019-08-22 07:03:52,373 | INFO  | DNAudit | user=null | ip=null | op=WRITE_CHUNK {blockData=conID: 2 locID: 102659354285966009 bcsId: 0} | ret=SUCCESS |  
2019-08-22 07:03:52,374 | INFO  | DNAudit | user=null | ip=null | op=PUT_BLOCK {blockData=[blockId=conID: 2 locID: 102659354285966009 bcsId: 0,size=2097152]} | ret=SUCCESS |  
2019-08-22 07:03:52,374 [grpc-default-executor-0] INFO  client.GrpcClientProtocolClient (GrpcClientProtocolClient.java:onNext(255)) - client-CF63D631FA17->3cf1264f-5f6b-4138-aeee-2ff7d4522ead: receive RaftClientReply:client-CF63D631FA17->3cf1264f-5f6b-4138-aeee-2ff7d4522ead@group-561E16522154, cid=3522, SUCCESS, logIndex=5351, commits[3cf1264f-5f6b-4138-aeee-2ff7d4522ead:c5352, 4f0d1a15-8f14-4d9a-ad4f-8211e1245b5d:c5348, 6999f20e-c3f7-4db4-87ca-141c476f2a88:c5348]
2019-08-22 07:03:52,374 [grpc-default-executor-0] INFO  client.GrpcClientProtocolClient (GrpcClientProtocolClient.java:onNext(255)) - client-CF63D631FA17->3cf1264f-5f6b-4138-aeee-2ff7d4522ead: receive RaftClientReply:client-CF63D631FA17->3cf1264f-5f6b-4138-aeee-2ff7d4522ead@group-561E16522154, cid=3523, SUCCESS, logIndex=5352, commits[3cf1264f-5f6b-4138-aeee-2ff7d4522ead:c5352, 4f0d1a15-8f14-4d9a-ad4f-8211e1245b5d:c5348, 6999f20e-c3f7-4db4-87ca-141c476f2a88:c5348]
2019-08-22 07:03:52,375 | INFO  | DNAudit | user=null | ip=null | op=WRITE_CHUNK {blockData=conID: 2 locID: 102659354285966009 bcsId: 0} | ret=SUCCESS |  
2019-08-22 07:03:52,375 | INFO  | DNAudit | user=null | ip=null | op=PUT_BLOCK {blockData=[blockId=conID: 2 locID: 102659354285966009 bcsId: 0,size=1048576]} | ret=SUCCESS |  
2019-08-22 07:03:52,387 | INFO  | DNAudit | user=null | ip=null | op=WRITE_CHUNK {blockData=conID: 2 locID: 102659354285966009 bcsId: 0} | ret=SUCCESS |  
2019-08-22 07:03:52,387 | INFO  | DNAudit | user=null | ip=null | op=WRITE_CHUNK {blockData=conID: 2 locID: 102659354285966009 bcsId: 0} | ret=SUCCESS |  
2019-08-22 07:03:52,387 | INFO  | DNAudit | user=null | ip=null | op=PUT_BLOCK {blockData=[blockId=conID: 2 locID: 102659354285966009 bcsId: 0,size=2097152]} | ret=SUCCESS |  
2019-08-22 07:03:52,387 | INFO  | DNAudit | user=null | ip=null | op=PUT_BLOCK {blockData=[blockId=conID: 2 locID: 102659354285966009 bcsId: 0,size=1048576]} | ret=SUCCESS |  
2019-08-22 07:03:52,388 | INFO  | DNAudit | user=null | ip=null | op=WRITE_CHUNK {blockData=conID: 2 locID: 102659354285966009 bcsId: 0} | ret=SUCCESS |  
2019-08-22 07:03:52,388 | INFO  | DNAudit | user=null | ip=null | op=PUT_BLOCK {blockData=[blockId=conID: 2 locID: 102659354285966009 bcsId: 0,size=2097152]} | ret=SUCCESS |  
2019-08-22 07:03:52,388 [grpc-default-executor-1] INFO  client.GrpcClientProtocolClient (GrpcClientProtocolClient.java:onNext(255)) - client-CF63D631FA17->3cf1264f-5f6b-4138-aeee-2ff7d4522ead: receive RaftClientReply:client-CF63D631FA17->3cf1264f-5f6b-4138-aeee-2ff7d4522ead@group-561E16522154, cid=3524, SUCCESS, logIndex=0, commits[3cf1264f-5f6b-4138-aeee-2ff7d4522ead:c5356, 4f0d1a15-8f14-4d9a-ad4f-8211e1245b5d:c5350, 6999f20e-c3f7-4db4-87ca-141c476f2a88:c5352]
2019-08-22 07:03:52,395 | INFO  | DNAudit | user=null | ip=null | op=WRITE_CHUNK {blockData=conID: 2 locID: 102659354285966009 bcsId: 5352} | ret=SUCCESS |  
2019-08-22 07:03:52,398 | INFO  | DNAudit | user=null | ip=null | op=WRITE_CHUNK {blockData=conID: 2 locID: 102659354285966009 bcsId: 5352} | ret=SUCCESS |  
2019-08-22 07:03:52,398 | INFO  | DNAudit | user=null | ip=null | op=WRITE_CHUNK {blockData=conID: 2 locID: 102659354285966009 bcsId: 5352} | ret=SUCCESS |  
2019-08-22 07:03:52,407 | INFO  | DNAudit | user=null | ip=null | op=WRITE_CHUNK {blockData=conID: 2 locID: 102659354285966009 bcsId: 5352} | ret=SUCCESS |  
2019-08-22 07:03:52,407 | INFO  | DNAudit | user=null | ip=null | op=PUT_BLOCK {blockData=[blockId=conID: 2 locID: 102659354285966009 bcsId: 0,size=3145728]} | ret=SUCCESS |  
2019-08-22 07:03:52,407 [grpc-default-executor-5] INFO  client.GrpcClientProtocolClient (GrpcClientProtocolClient.java:onNext(255)) - client-CF63D631FA17->3cf1264f-5f6b-4138-aeee-2ff7d4522ead: receive RaftClientReply:client-CF63D631FA17->3cf1264f-5f6b-4138-aeee-2ff7d4522ead@group-561E16522154, cid=3525, SUCCESS, logIndex=5357, commits[3cf1264f-5f6b-4138-aeee-2ff7d4522ead:c5358, 4f0d1a15-8f14-4d9a-ad4f-8211e1245b5d:c5356, 6999f20e-c3f7-4db4-87ca-141c476f2a88:c5356]
2019-08-22 07:03:52,408 [grpc-default-executor-5] INFO  client.GrpcClientProtocolClient (GrpcClientProtocolClient.java:onNext(255)) - client-CF63D631FA17->3cf1264f-5f6b-4138-aeee-2ff7d4522ead: receive RaftClientReply:client-CF63D631FA17->3cf1264f-5f6b-4138-aeee-2ff7d4522ead@group-561E16522154, cid=3526, SUCCESS, logIndex=5358, commits[3cf1264f-5f6b-4138-aeee-2ff7d4522ead:c5358, 4f0d1a15-8f14-4d9a-ad4f-8211e1245b5d:c5356, 6999f20e-c3f7-4db4-87ca-141c476f2a88:c5356]
2019-08-22 07:03:52,409 | INFO  | DNAudit | user=null | ip=null | op=WRITE_CHUNK {blockData=conID: 2 locID: 102659354285966009 bcsId: 5352} | ret=SUCCESS |  
2019-08-22 07:03:52,409 | INFO  | DNAudit | user=null | ip=null | op=WRITE_CHUNK {blockData=conID: 2 locID: 102659354285966009 bcsId: 5352} | ret=SUCCESS |  
2019-08-22 07:03:52,412 | INFO  | DNAudit | user=null | ip=null | op=PUT_BLOCK {blockData=[blockId=conID: 2 locID: 102659354285966009 bcsId: 0,size=3145728]} | ret=SUCCESS |  
2019-08-22 07:03:52,412 | INFO  | DNAudit | user=null | ip=null | op=PUT_BLOCK {blockData=[blockId=conID: 2 locID: 102659354285966009 bcsId: 0,size=3145728]} | ret=SUCCESS |  
2019-08-22 07:03:52,413 | INFO  | DNAudit | user=null | ip=null | op=WRITE_CHUNK {blockData=conID: 2 locID: 102659354285966009 bcsId: 5358} | ret=SUCCESS |  
2019-08-22 07:03:52,417 | INFO  | DNAudit | user=null | ip=null | op=WRITE_CHUNK {blockData=conID: 2 locID: 102659354285966009 bcsId: 5358} | ret=SUCCESS |  
2019-08-22 07:03:52,417 | INFO  | DNAudit | user=null | ip=null | op=WRITE_CHUNK {blockData=conID: 2 locID: 102659354285966009 bcsId: 5358} | ret=SUCCESS |  
2019-08-22 07:03:52,427 | INFO  | DNAudit | user=null | ip=null | op=WRITE_CHUNK {blockData=conID: 2 locID: 102659354285966009 bcsId: 5358} | ret=SUCCESS |  
2019-08-22 07:03:52,428 | INFO  | DNAudit | user=null | ip=null | op=PUT_BLOCK {blockData=[blockId=conID: 2 locID: 102659354285966009 bcsId: 0,size=4194304]} | ret=SUCCESS |  
2019-08-22 07:03:52,428 [grpc-default-executor-1] INFO  client.GrpcClientProtocolClient (GrpcClientProtocolClient.java:onNext(255)) - client-CF63D631FA17->3cf1264f-5f6b-4138-aeee-2ff7d4522ead: receive RaftClientReply:client-CF63D631FA17->3cf1264f-5f6b-4138-aeee-2ff7d4522ead@group-561E16522154, cid=3527, SUCCESS, logIndex=5361, commits[3cf1264f-5f6b-4138-aeee-2ff7d4522ead:c5362, 4f0d1a15-8f14-4d9a-ad4f-8211e1245b5d:c5360, 6999f20e-c3f7-4db4-87ca-141c476f2a88:c5360]
2019-08-22 07:03:52,429 [grpc-default-executor-1] INFO  client.GrpcClientProtocolClient (GrpcClientProtocolClient.java:onNext(255)) - client-CF63D631FA17->3cf1264f-5f6b-4138-aeee-2ff7d4522ead: receive RaftClientReply:client-CF63D631FA17->3cf1264f-5f6b-4138-aeee-2ff7d4522ead@group-561E16522154, cid=3528, SUCCESS, logIndex=5362, commits[3cf1264f-5f6b-4138-aeee-2ff7d4522ead:c5362, 4f0d1a15-8f14-4d9a-ad4f-8211e1245b5d:c5360, 6999f20e-c3f7-4db4-87ca-141c476f2a88:c5360]
2019-08-22 07:03:52,431 | INFO  | DNAudit | user=null | ip=null | op=WRITE_CHUNK {blockData=conID: 2 locID: 102659354285966009 bcsId: 5358} | ret=SUCCESS |  
2019-08-22 07:03:52,431 | INFO  | DNAudit | user=null | ip=null | op=WRITE_CHUNK {blockData=conID: 2 locID: 102659354285966009 bcsId: 5358} | ret=SUCCESS |  
2019-08-22 07:03:52,433 | INFO  | DNAudit | user=null | ip=null | op=PUT_BLOCK {blockData=[blockId=conID: 2 locID: 102659354285966009 bcsId: 0,size=4194304]} | ret=SUCCESS |  
2019-08-22 07:03:52,433 | INFO  | DNAudit | user=null | ip=null | op=PUT_BLOCK {blockData=[blockId=conID: 2 locID: 102659354285966009 bcsId: 0,size=4194304]} | ret=SUCCESS |  
2019-08-22 07:03:52,433 [grpc-default-executor-1] INFO  client.GrpcClientProtocolClient (GrpcClientProtocolClient.java:onNext(255)) - client-CF63D631FA17->3cf1264f-5f6b-4138-aeee-2ff7d4522ead: receive RaftClientReply:client-CF63D631FA17->3cf1264f-5f6b-4138-aeee-2ff7d4522ead@group-561E16522154, cid=3529, SUCCESS, logIndex=0, commits[3cf1264f-5f6b-4138-aeee-2ff7d4522ead:c5364, 4f0d1a15-8f14-4d9a-ad4f-8211e1245b5d:c5362, 6999f20e-c3f7-4db4-87ca-141c476f2a88:c5362]
2019-08-22 07:03:52,442 | INFO  | SCMAudit | user=jenkins1000 | ip=192.168.34.31 | op=ALLOCATE_BLOCK {owner=04b6d46a-98e2-41b1-9f38-1870289993ea, size=4194304, type=RATIS, factor=THREE} | ret=SUCCESS |  
2019-08-22 07:03:52,447 | INFO  | OMAudit | user=jenkins1000 | ip=127.0.0.1 | op=ALLOCATE_BLOCK {volume=vol-0-14906, bucket=bucket-0-53153, key=key-0-33222, dataSize=0, replicationType=null, replicationFactor=null, keyLocationInfo=null, clientID=102659352017764754} | ret=SUCCESS |  
2019-08-22 07:03:52,455 | INFO  | DNAudit | user=null | ip=null | op=WRITE_CHUNK {blockData=conID: 3 locID: 102659354292454074 bcsId: 0} | ret=SUCCESS |  
2019-08-22 07:03:52,457 | INFO  | DNAudit | user=null | ip=null | op=WRITE_CHUNK {blockData=conID: 3 locID: 102659354292454074 bcsId: 0} | ret=SUCCESS |  
2019-08-22 07:03:52,458 | INFO  | DNAudit | user=null | ip=null | op=WRITE_CHUNK {blockData=conID: 3 locID: 102659354292454074 bcsId: 0} | ret=SUCCESS |  
2019-08-22 07:03:52,458 | INFO  | DNAudit | user=null | ip=null | op=WRITE_CHUNK {blockData=conID: 3 locID: 102659354292454074 bcsId: 0} | ret=SUCCESS |  
2019-08-22 07:03:52,460 | INFO  | DNAudit | user=null | ip=null | op=WRITE_CHUNK {blockData=conID: 3 locID: 102659354292454074 bcsId: 0} | ret=SUCCESS |  
2019-08-22 07:03:52,460 | INFO  | DNAudit | user=null | ip=null | op=WRITE_CHUNK {blockData=conID: 3 locID: 102659354292454074 bcsId: 0} | ret=SUCCESS |  
2019-08-22 07:03:52,471 | INFO  | DNAudit | user=null | ip=null | op=WRITE_CHUNK {blockData=conID: 3 locID: 102659354292454074 bcsId: 0} | ret=SUCCESS |  
2019-08-22 07:03:52,472 | INFO  | DNAudit | user=null | ip=null | op=PUT_BLOCK {blockData=[blockId=conID: 3 locID: 102659354292454074 bcsId: 0,size=1048576]} | ret=SUCCESS |  
2019-08-22 07:03:52,472 | INFO  | DNAudit | user=null | ip=null | op=WRITE_CHUNK {blockData=conID: 3 locID: 102659354292454074 bcsId: 0} | ret=SUCCESS |  
2019-08-22 07:03:52,472 [grpc-default-executor-0] INFO  client.GrpcClientProtocolClient (GrpcClientProtocolClient.java:onNext(255)) - client-CF63D631FA17->3cf1264f-5f6b-4138-aeee-2ff7d4522ead: receive RaftClientReply:client-CF63D631FA17->3cf1264f-5f6b-4138-aeee-2ff7d4522ead@group-561E16522154, cid=3530, SUCCESS, logIndex=5365, commits[3cf1264f-5f6b-4138-aeee-2ff7d4522ead:c5367, 4f0d1a15-8f14-4d9a-ad4f-8211e1245b5d:c5364, 6999f20e-c3f7-4db4-87ca-141c476f2a88:c5364]
2019-08-22 07:03:52,472 | INFO  | DNAudit | user=null | ip=null | op=PUT_BLOCK {blockData=[blockId=conID: 3 locID: 102659354292454074 bcsId: 0,size=2097152]} | ret=SUCCESS |  
2019-08-22 07:03:52,473 [grpc-default-executor-0] INFO  client.GrpcClientProtocolClient (GrpcClientProtocolClient.java:onNext(255)) - client-CF63D631FA17->3cf1264f-5f6b-4138-aeee-2ff7d4522ead: receive RaftClientReply:client-CF63D631FA17->3cf1264f-5f6b-4138-aeee-2ff7d4522ead@group-561E16522154, cid=3531, SUCCESS, logIndex=5366, commits[3cf1264f-5f6b-4138-aeee-2ff7d4522ead:c5368, 4f0d1a15-8f14-4d9a-ad4f-8211e1245b5d:c5364, 6999f20e-c3f7-4db4-87ca-141c476f2a88:c5364]
2019-08-22 07:03:52,473 [grpc-default-executor-0] INFO  client.GrpcClientProtocolClient (GrpcClientProtocolClient.java:onNext(255)) - client-CF63D631FA17->3cf1264f-5f6b-4138-aeee-2ff7d4522ead: receive RaftClientReply:client-CF63D631FA17->3cf1264f-5f6b-4138-aeee-2ff7d4522ead@group-561E16522154, cid=3532, SUCCESS, logIndex=5367, commits[3cf1264f-5f6b-4138-aeee-2ff7d4522ead:c5368, 4f0d1a15-8f14-4d9a-ad4f-8211e1245b5d:c5364, 6999f20e-c3f7-4db4-87ca-141c476f2a88:c5364]
2019-08-22 07:03:52,473 [grpc-default-executor-0] INFO  client.GrpcClientProtocolClient (GrpcClientProtocolClient.java:onNext(255)) - client-CF63D631FA17->3cf1264f-5f6b-4138-aeee-2ff7d4522ead: receive RaftClientReply:client-CF63D631FA17->3cf1264f-5f6b-4138-aeee-2ff7d4522ead@group-561E16522154, cid=3533, SUCCESS, logIndex=5368, commits[3cf1264f-5f6b-4138-aeee-2ff7d4522ead:c5368, 4f0d1a15-8f14-4d9a-ad4f-8211e1245b5d:c5364, 6999f20e-c3f7-4db4-87ca-141c476f2a88:c5364]
2019-08-22 07:03:52,483 | INFO  | DNAudit | user=null | ip=null | op=WRITE_CHUNK {blockData=conID: 3 locID: 102659354292454074 bcsId: 0} | ret=SUCCESS |  
2019-08-22 07:03:52,483 | INFO  | DNAudit | user=null | ip=null | op=WRITE_CHUNK {blockData=conID: 3 locID: 102659354292454074 bcsId: 0} | ret=SUCCESS |  
2019-08-22 07:03:52,483 | INFO  | DNAudit | user=null | ip=null | op=PUT_BLOCK {blockData=[blockId=conID: 3 locID: 102659354292454074 bcsId: 0,size=1048576]} | ret=SUCCESS |  
2019-08-22 07:03:52,483 | INFO  | DNAudit | user=null | ip=null | op=PUT_BLOCK {blockData=[blockId=conID: 3 locID: 102659354292454074 bcsId: 0,size=1048576]} | ret=SUCCESS |  
2019-08-22 07:03:52,483 | INFO  | DNAudit | user=null | ip=null | op=WRITE_CHUNK {blockData=conID: 3 locID: 102659354292454074 bcsId: 0} | ret=SUCCESS |  
2019-08-22 07:03:52,484 | INFO  | DNAudit | user=null | ip=null | op=PUT_BLOCK {blockData=[blockId=conID: 3 locID: 102659354292454074 bcsId: 0,size=2097152]} | ret=SUCCESS |  
2019-08-22 07:03:52,484 [grpc-default-executor-0] INFO  client.GrpcClientProtocolClient (GrpcClientProtocolClient.java:onNext(255)) - client-CF63D631FA17->3cf1264f-5f6b-4138-aeee-2ff7d4522ead: receive RaftClientReply:client-CF63D631FA17->3cf1264f-5f6b-4138-aeee-2ff7d4522ead@group-561E16522154, cid=3534, SUCCESS, logIndex=0, commits[3cf1264f-5f6b-4138-aeee-2ff7d4522ead:c5371, 4f0d1a15-8f14-4d9a-ad4f-8211e1245b5d:c5366, 6999f20e-c3f7-4db4-87ca-141c476f2a88:c5367]
2019-08-22 07:03:52,485 | INFO  | DNAudit | user=null | ip=null | op=WRITE_CHUNK {blockData=conID: 3 locID: 102659354292454074 bcsId: 0} | ret=SUCCESS |  
2019-08-22 07:03:52,485 | INFO  | DNAudit | user=null | ip=null | op=PUT_BLOCK {blockData=[blockId=conID: 3 locID: 102659354292454074 bcsId: 0,size=2097152]} | ret=SUCCESS |  
2019-08-22 07:03:52,491 | INFO  | DNAudit | user=null | ip=null | op=WRITE_CHUNK {blockData=conID: 3 locID: 102659354292454074 bcsId: 5368} | ret=SUCCESS |  
2019-08-22 07:03:52,494 | INFO  | DNAudit | user=null | ip=null | op=WRITE_CHUNK {blockData=conID: 3 locID: 102659354292454074 bcsId: 5368} | ret=SUCCESS |  
2019-08-22 07:03:52,495 | INFO  | DNAudit | user=null | ip=null | op=WRITE_CHUNK {blockData=conID: 3 locID: 102659354292454074 bcsId: 5368} | ret=SUCCESS |  
2019-08-22 07:03:52,505 | INFO  | DNAudit | user=null | ip=null | op=WRITE_CHUNK {blockData=conID: 3 locID: 102659354292454074 bcsId: 5368} | ret=SUCCESS |  
2019-08-22 07:03:52,505 | INFO  | DNAudit | user=null | ip=null | op=PUT_BLOCK {blockData=[blockId=conID: 3 locID: 102659354292454074 bcsId: 0,size=3145728]} | ret=SUCCESS |  
2019-08-22 07:03:52,505 [grpc-default-executor-1] INFO  client.GrpcClientProtocolClient (GrpcClientProtocolClient.java:onNext(255)) - client-CF63D631FA17->3cf1264f-5f6b-4138-aeee-2ff7d4522ead: receive RaftClientReply:client-CF63D631FA17->3cf1264f-5f6b-4138-aeee-2ff7d4522ead@group-561E16522154, cid=3535, SUCCESS, logIndex=5373, commits[3cf1264f-5f6b-4138-aeee-2ff7d4522ead:c5374, 4f0d1a15-8f14-4d9a-ad4f-8211e1245b5d:c5372, 6999f20e-c3f7-4db4-87ca-141c476f2a88:c5372]
2019-08-22 07:03:52,506 [grpc-default-executor-1] INFO  client.GrpcClientProtocolClient (GrpcClientProtocolClient.java:onNext(255)) - client-CF63D631FA17->3cf1264f-5f6b-4138-aeee-2ff7d4522ead: receive RaftClientReply:client-CF63D631FA17->3cf1264f-5f6b-4138-aeee-2ff7d4522ead@group-561E16522154, cid=3536, SUCCESS, logIndex=5374, commits[3cf1264f-5f6b-4138-aeee-2ff7d4522ead:c5374, 4f0d1a15-8f14-4d9a-ad4f-8211e1245b5d:c5372, 6999f20e-c3f7-4db4-87ca-141c476f2a88:c5372]
2019-08-22 07:03:52,514 | INFO  | DNAudit | user=null | ip=null | op=WRITE_CHUNK {blockData=conID: 3 locID: 102659354292454074 bcsId: 5374} | ret=SUCCESS |  
2019-08-22 07:03:52,516 | INFO  | DNAudit | user=null | ip=null | op=WRITE_CHUNK {blockData=conID: 3 locID: 102659354292454074 bcsId: 5374} | ret=SUCCESS |  
2019-08-22 07:03:52,517 | INFO  | DNAudit | user=null | ip=null | op=WRITE_CHUNK {blockData=conID: 3 locID: 102659354292454074 bcsId: 5368} | ret=SUCCESS |  
2019-08-22 07:03:52,517 | INFO  | DNAudit | user=null | ip=null | op=WRITE_CHUNK {blockData=conID: 3 locID: 102659354292454074 bcsId: 5368} | ret=SUCCESS |  
2019-08-22 07:03:52,517 | INFO  | DNAudit | user=null | ip=null | op=PUT_BLOCK {blockData=[blockId=conID: 3 locID: 102659354292454074 bcsId: 0,size=3145728]} | ret=SUCCESS |  
2019-08-22 07:03:52,517 | INFO  | DNAudit | user=null | ip=null | op=PUT_BLOCK {blockData=[blockId=conID: 3 locID: 102659354292454074 bcsId: 0,size=3145728]} | ret=SUCCESS |  
2019-08-22 07:03:52,517 | INFO  | DNAudit | user=null | ip=null | op=WRITE_CHUNK {blockData=conID: 3 locID: 102659354292454074 bcsId: 5374} | ret=SUCCESS |  
2019-08-22 07:03:52,519 | INFO  | DNAudit | user=null | ip=null | op=WRITE_CHUNK {blockData=conID: 3 locID: 102659354292454074 bcsId: 5374} | ret=SUCCESS |  
2019-08-22 07:03:52,519 | INFO  | DNAudit | user=null | ip=null | op=PUT_BLOCK {blockData=[blockId=conID: 3 locID: 102659354292454074 bcsId: 0,size=4194304]} | ret=SUCCESS |  
2019-08-22 07:03:52,519 [grpc-default-executor-1] INFO  client.GrpcClientProtocolClient (GrpcClientProtocolClient.java:onNext(255)) - client-CF63D631FA17->3cf1264f-5f6b-4138-aeee-2ff7d4522ead: receive RaftClientReply:client-CF63D631FA17->3cf1264f-5f6b-4138-aeee-2ff7d4522ead@group-561E16522154, cid=3537, SUCCESS, logIndex=5377, commits[3cf1264f-5f6b-4138-aeee-2ff7d4522ead:c5378, 4f0d1a15-8f14-4d9a-ad4f-8211e1245b5d:c5374, 6999f20e-c3f7-4db4-87ca-141c476f2a88:c5374]
2019-08-22 07:03:52,520 [grpc-default-executor-1] INFO  client.GrpcClientProtocolClient (GrpcClientProtocolClient.java:onNext(255)) - client-CF63D631FA17->3cf1264f-5f6b-4138-aeee-2ff7d4522ead: receive RaftClientReply:client-CF63D631FA17->3cf1264f-5f6b-4138-aeee-2ff7d4522ead@group-561E16522154, cid=3538, SUCCESS, logIndex=5378, commits[3cf1264f-5f6b-4138-aeee-2ff7d4522ead:c5378, 4f0d1a15-8f14-4d9a-ad4f-8211e1245b5d:c5374, 6999f20e-c3f7-4db4-87ca-141c476f2a88:c5374]
2019-08-22 07:03:52,530 | INFO  | DNAudit | user=null | ip=null | op=WRITE_CHUNK {blockData=conID: 3 locID: 102659354292454074 bcsId: 5374} | ret=SUCCESS |  
2019-08-22 07:03:52,530 | INFO  | DNAudit | user=null | ip=null | op=WRITE_CHUNK {blockData=conID: 3 locID: 102659354292454074 bcsId: 5374} | ret=SUCCESS |  
2019-08-22 07:03:52,530 | INFO  | DNAudit | user=null | ip=null | op=PUT_BLOCK {blockData=[blockId=conID: 3 locID: 102659354292454074 bcsId: 0,size=4194304]} | ret=SUCCESS |  
2019-08-22 07:03:52,531 | INFO  | DNAudit | user=null | ip=null | op=PUT_BLOCK {blockData=[blockId=conID: 3 locID: 102659354292454074 bcsId: 0,size=4194304]} | ret=SUCCESS |  
2019-08-22 07:03:52,531 [grpc-default-executor-1] INFO  client.GrpcClientProtocolClient (GrpcClientProtocolClient.java:onNext(255)) - client-CF63D631FA17->3cf1264f-5f6b-4138-aeee-2ff7d4522ead: receive RaftClientReply:client-CF63D631FA17->3cf1264f-5f6b-4138-aeee-2ff7d4522ead@group-561E16522154, cid=3539, SUCCESS, logIndex=0, commits[3cf1264f-5f6b-4138-aeee-2ff7d4522ead:c5380, 4f0d1a15-8f14-4d9a-ad4f-8211e1245b5d:c5378, 6999f20e-c3f7-4db4-87ca-141c476f2a88:c5378]
2019-08-22 07:03:52,540 | INFO  | SCMAudit | user=jenkins1000 | ip=192.168.34.31 | op=ALLOCATE_BLOCK {owner=04b6d46a-98e2-41b1-9f38-1870289993ea, size=4194304, type=RATIS, factor=THREE} | ret=SUCCESS |  
2019-08-22 07:03:52,546 | INFO  | OMAudit | user=jenkins1000 | ip=127.0.0.1 | op=ALLOCATE_BLOCK {volume=vol-0-14906, bucket=bucket-0-53153, key=key-0-33222, dataSize=0, replicationType=null, replicationFactor=null, keyLocationInfo=null, clientID=102659352017764754} | ret=SUCCESS |  
2019-08-22 07:03:52,554 | INFO  | DNAudit | user=null | ip=null | op=WRITE_CHUNK {blockData=conID: 1 locID: 102659354298942139 bcsId: 0} | ret=SUCCESS |  
2019-08-22 07:03:52,558 | INFO  | DNAudit | user=null | ip=null | op=WRITE_CHUNK {blockData=conID: 1 locID: 102659354298942139 bcsId: 0} | ret=SUCCESS |  
2019-08-22 07:03:52,558 | INFO  | DNAudit | user=null | ip=null | op=WRITE_CHUNK {blockData=conID: 1 locID: 102659354298942139 bcsId: 0} | ret=SUCCESS |  
2019-08-22 07:03:52,559 | INFO  | DNAudit | user=null | ip=null | op=WRITE_CHUNK {blockData=conID: 1 locID: 102659354298942139 bcsId: 0} | ret=SUCCESS |  
2019-08-22 07:03:52,563 | INFO  | DNAudit | user=null | ip=null | op=WRITE_CHUNK {blockData=conID: 1 locID: 102659354298942139 bcsId: 0} | ret=SUCCESS |  
2019-08-22 07:03:52,563 | INFO  | DNAudit | user=null | ip=null | op=WRITE_CHUNK {blockData=conID: 1 locID: 102659354298942139 bcsId: 0} | ret=SUCCESS |  
2019-08-22 07:03:52,566 | INFO  | DNAudit | user=null | ip=null | op=WRITE_CHUNK {blockData=conID: 1 locID: 102659354298942139 bcsId: 0} | ret=SUCCESS |  
2019-08-22 07:03:52,567 | INFO  | DNAudit | user=null | ip=null | op=PUT_BLOCK {blockData=[blockId=conID: 1 locID: 102659354298942139 bcsId: 0,size=1048576]} | ret=SUCCESS |  
2019-08-22 07:03:52,567 | INFO  | DNAudit | user=null | ip=null | op=WRITE_CHUNK {blockData=conID: 1 locID: 102659354298942139 bcsId: 0} | ret=SUCCESS |  
2019-08-22 07:03:52,567 [grpc-default-executor-5] INFO  client.GrpcClientProtocolClient (GrpcClientProtocolClient.java:onNext(255)) - client-CF63D631FA17->3cf1264f-5f6b-4138-aeee-2ff7d4522ead: receive RaftClientReply:client-CF63D631FA17->3cf1264f-5f6b-4138-aeee-2ff7d4522ead@group-561E16522154, cid=3540, SUCCESS, logIndex=5381, commits[3cf1264f-5f6b-4138-aeee-2ff7d4522ead:c5382, 4f0d1a15-8f14-4d9a-ad4f-8211e1245b5d:c5380, 6999f20e-c3f7-4db4-87ca-141c476f2a88:c5380]
2019-08-22 07:03:52,568 | INFO  | DNAudit | user=null | ip=null | op=PUT_BLOCK {blockData=[blockId=conID: 1 locID: 102659354298942139 bcsId: 0,size=2097152]} | ret=SUCCESS |  
2019-08-22 07:03:52,568 | INFO  | DNAudit | user=null | ip=null | op=WRITE_CHUNK {blockData=conID: 1 locID: 102659354298942139 bcsId: 0} | ret=SUCCESS |  
2019-08-22 07:03:52,568 [grpc-default-executor-5] INFO  client.GrpcClientProtocolClient (GrpcClientProtocolClient.java:onNext(255)) - client-CF63D631FA17->3cf1264f-5f6b-4138-aeee-2ff7d4522ead: receive RaftClientReply:client-CF63D631FA17->3cf1264f-5f6b-4138-aeee-2ff7d4522ead@group-561E16522154, cid=3541, SUCCESS, logIndex=5382, commits[3cf1264f-5f6b-4138-aeee-2ff7d4522ead:c5384, 4f0d1a15-8f14-4d9a-ad4f-8211e1245b5d:c5380, 6999f20e-c3f7-4db4-87ca-141c476f2a88:c5380]
2019-08-22 07:03:52,568 | INFO  | DNAudit | user=null | ip=null | op=PUT_BLOCK {blockData=[blockId=conID: 1 locID: 102659354298942139 bcsId: 0,size=1048576]} | ret=SUCCESS |  
2019-08-22 07:03:52,568 [grpc-default-executor-5] INFO  client.GrpcClientProtocolClient (GrpcClientProtocolClient.java:onNext(255)) - client-CF63D631FA17->3cf1264f-5f6b-4138-aeee-2ff7d4522ead: receive RaftClientReply:client-CF63D631FA17->3cf1264f-5f6b-4138-aeee-2ff7d4522ead@group-561E16522154, cid=3542, SUCCESS, logIndex=5383, commits[3cf1264f-5f6b-4138-aeee-2ff7d4522ead:c5384, 4f0d1a15-8f14-4d9a-ad4f-8211e1245b5d:c5380, 6999f20e-c3f7-4db4-87ca-141c476f2a88:c5380]
2019-08-22 07:03:52,569 [grpc-default-executor-5] INFO  client.GrpcClientProtocolClient (GrpcClientProtocolClient.java:onNext(255)) - client-CF63D631FA17->3cf1264f-5f6b-4138-aeee-2ff7d4522ead: receive RaftClientReply:client-CF63D631FA17->3cf1264f-5f6b-4138-aeee-2ff7d4522ead@group-561E16522154, cid=3543, SUCCESS, logIndex=5384, commits[3cf1264f-5f6b-4138-aeee-2ff7d4522ead:c5384, 4f0d1a15-8f14-4d9a-ad4f-8211e1245b5d:c5380, 6999f20e-c3f7-4db4-87ca-141c476f2a88:c5380]
2019-08-22 07:03:52,570 | INFO  | DNAudit | user=null | ip=null | op=WRITE_CHUNK {blockData=conID: 1 locID: 102659354298942139 bcsId: 0} | ret=SUCCESS |  
2019-08-22 07:03:52,571 | INFO  | DNAudit | user=null | ip=null | op=PUT_BLOCK {blockData=[blockId=conID: 1 locID: 102659354298942139 bcsId: 0,size=1048576]} | ret=SUCCESS |  
2019-08-22 07:03:52,571 [grpc-default-executor-5] INFO  client.GrpcClientProtocolClient (GrpcClientProtocolClient.java:onNext(255)) - client-CF63D631FA17->3cf1264f-5f6b-4138-aeee-2ff7d4522ead: receive RaftClientReply:client-CF63D631FA17->3cf1264f-5f6b-4138-aeee-2ff7d4522ead@group-561E16522154, cid=3544, SUCCESS, logIndex=0, commits[3cf1264f-5f6b-4138-aeee-2ff7d4522ead:c5386, 4f0d1a15-8f14-4d9a-ad4f-8211e1245b5d:c5382, 6999f20e-c3f7-4db4-87ca-141c476f2a88:c5382]
2019-08-22 07:03:52,578 | INFO  | DNAudit | user=null | ip=null | op=WRITE_CHUNK {blockData=conID: 1 locID: 102659354298942139 bcsId: 5384} | ret=SUCCESS |  
2019-08-22 07:03:52,581 | INFO  | DNAudit | user=null | ip=null | op=WRITE_CHUNK {blockData=conID: 1 locID: 102659354298942139 bcsId: 5384} | ret=SUCCESS |  
2019-08-22 07:03:52,581 | INFO  | DNAudit | user=null | ip=null | op=WRITE_CHUNK {blockData=conID: 1 locID: 102659354298942139 bcsId: 0} | ret=SUCCESS |  
2019-08-22 07:03:52,581 | INFO  | DNAudit | user=null | ip=null | op=PUT_BLOCK {blockData=[blockId=conID: 1 locID: 102659354298942139 bcsId: 0,size=2097152]} | ret=SUCCESS |  
2019-08-22 07:03:52,581 | INFO  | DNAudit | user=null | ip=null | op=WRITE_CHUNK {blockData=conID: 1 locID: 102659354298942139 bcsId: 5384} | ret=SUCCESS |  
2019-08-22 07:03:52,582 | INFO  | DNAudit | user=null | ip=null | op=WRITE_CHUNK {blockData=conID: 1 locID: 102659354298942139 bcsId: 0} | ret=SUCCESS |  
2019-08-22 07:03:52,582 | INFO  | DNAudit | user=null | ip=null | op=PUT_BLOCK {blockData=[blockId=conID: 1 locID: 102659354298942139 bcsId: 0,size=2097152]} | ret=SUCCESS |  
2019-08-22 07:03:52,585 | INFO  | DNAudit | user=null | ip=null | op=WRITE_CHUNK {blockData=conID: 1 locID: 102659354298942139 bcsId: 5384} | ret=SUCCESS |  
2019-08-22 07:03:52,585 | INFO  | DNAudit | user=null | ip=null | op=PUT_BLOCK {blockData=[blockId=conID: 1 locID: 102659354298942139 bcsId: 0,size=3145728]} | ret=SUCCESS |  
2019-08-22 07:03:52,586 [grpc-default-executor-5] INFO  client.GrpcClientProtocolClient (GrpcClientProtocolClient.java:onNext(255)) - client-CF63D631FA17->3cf1264f-5f6b-4138-aeee-2ff7d4522ead: receive RaftClientReply:client-CF63D631FA17->3cf1264f-5f6b-4138-aeee-2ff7d4522ead@group-561E16522154, cid=3545, SUCCESS, logIndex=5388, commits[3cf1264f-5f6b-4138-aeee-2ff7d4522ead:c5388, 4f0d1a15-8f14-4d9a-ad4f-8211e1245b5d:c5386, 6999f20e-c3f7-4db4-87ca-141c476f2a88:c5386]
2019-08-22 07:03:52,586 [grpc-default-executor-5] INFO  client.GrpcClientProtocolClient (GrpcClientProtocolClient.java:onNext(255)) - client-CF63D631FA17->3cf1264f-5f6b-4138-aeee-2ff7d4522ead: receive RaftClientReply:client-CF63D631FA17->3cf1264f-5f6b-4138-aeee-2ff7d4522ead@group-561E16522154, cid=3546, SUCCESS, logIndex=5389, commits[3cf1264f-5f6b-4138-aeee-2ff7d4522ead:c5389, 4f0d1a15-8f14-4d9a-ad4f-8211e1245b5d:c5386, 6999f20e-c3f7-4db4-87ca-141c476f2a88:c5386]
2019-08-22 07:03:52,594 | INFO  | DNAudit | user=null | ip=null | op=WRITE_CHUNK {blockData=conID: 1 locID: 102659354298942139 bcsId: 5389} | ret=SUCCESS |  
2019-08-22 07:03:52,596 | INFO  | DNAudit | user=null | ip=null | op=WRITE_CHUNK {blockData=conID: 1 locID: 102659354298942139 bcsId: 5384} | ret=SUCCESS |  
2019-08-22 07:03:52,596 | INFO  | DNAudit | user=null | ip=null | op=WRITE_CHUNK {blockData=conID: 1 locID: 102659354298942139 bcsId: 5384} | ret=SUCCESS |  
2019-08-22 07:03:52,597 | INFO  | DNAudit | user=null | ip=null | op=WRITE_CHUNK {blockData=conID: 1 locID: 102659354298942139 bcsId: 5389} | ret=SUCCESS |  
2019-08-22 07:03:52,598 | INFO  | DNAudit | user=null | ip=null | op=WRITE_CHUNK {blockData=conID: 1 locID: 102659354298942139 bcsId: 5389} | ret=SUCCESS |  
2019-08-22 07:03:52,609 | INFO  | DNAudit | user=null | ip=null | op=PUT_BLOCK {blockData=[blockId=conID: 1 locID: 102659354298942139 bcsId: 0,size=3145728]} | ret=SUCCESS |  
2019-08-22 07:03:52,609 | INFO  | DNAudit | user=null | ip=null | op=PUT_BLOCK {blockData=[blockId=conID: 1 locID: 102659354298942139 bcsId: 0,size=3145728]} | ret=SUCCESS |  
2019-08-22 07:03:52,609 | INFO  | DNAudit | user=null | ip=null | op=WRITE_CHUNK {blockData=conID: 1 locID: 102659354298942139 bcsId: 5389} | ret=SUCCESS |  
2019-08-22 07:03:52,610 | INFO  | DNAudit | user=null | ip=null | op=PUT_BLOCK {blockData=[blockId=conID: 1 locID: 102659354298942139 bcsId: 0,size=4194304]} | ret=SUCCESS |  
2019-08-22 07:03:52,610 [grpc-default-executor-1] INFO  client.GrpcClientProtocolClient (GrpcClientProtocolClient.java:onNext(255)) - client-CF63D631FA17->3cf1264f-5f6b-4138-aeee-2ff7d4522ead: receive RaftClientReply:client-CF63D631FA17->3cf1264f-5f6b-4138-aeee-2ff7d4522ead@group-561E16522154, cid=3547, SUCCESS, logIndex=5392, commits[3cf1264f-5f6b-4138-aeee-2ff7d4522ead:c5393, 4f0d1a15-8f14-4d9a-ad4f-8211e1245b5d:c5389, 6999f20e-c3f7-4db4-87ca-141c476f2a88:c5389]
2019-08-22 07:03:52,611 [grpc-default-executor-1] INFO  client.GrpcClientProtocolClient (GrpcClientProtocolClient.java:onNext(255)) - client-CF63D631FA17->3cf1264f-5f6b-4138-aeee-2ff7d4522ead: receive RaftClientReply:client-CF63D631FA17->3cf1264f-5f6b-4138-aeee-2ff7d4522ead@group-561E16522154, cid=3548, SUCCESS, logIndex=5393, commits[3cf1264f-5f6b-4138-aeee-2ff7d4522ead:c5393, 4f0d1a15-8f14-4d9a-ad4f-8211e1245b5d:c5389, 6999f20e-c3f7-4db4-87ca-141c476f2a88:c5389]
2019-08-22 07:03:52,621 | INFO  | DNAudit | user=null | ip=null | op=WRITE_CHUNK {blockData=conID: 1 locID: 102659354298942139 bcsId: 5389} | ret=SUCCESS |  
2019-08-22 07:03:52,622 | INFO  | DNAudit | user=null | ip=null | op=WRITE_CHUNK {blockData=conID: 1 locID: 102659354298942139 bcsId: 5389} | ret=SUCCESS |  
2019-08-22 07:03:52,622 | INFO  | DNAudit | user=null | ip=null | op=PUT_BLOCK {blockData=[blockId=conID: 1 locID: 102659354298942139 bcsId: 0,size=4194304]} | ret=SUCCESS |  
2019-08-22 07:03:52,622 | INFO  | DNAudit | user=null | ip=null | op=PUT_BLOCK {blockData=[blockId=conID: 1 locID: 102659354298942139 bcsId: 0,size=4194304]} | ret=SUCCESS |  
2019-08-22 07:03:52,622 [grpc-default-executor-0] INFO  client.GrpcClientProtocolClient (GrpcClientProtocolClient.java:onNext(255)) - client-CF63D631FA17->3cf1264f-5f6b-4138-aeee-2ff7d4522ead: receive RaftClientReply:client-CF63D631FA17->3cf1264f-5f6b-4138-aeee-2ff7d4522ead@group-561E16522154, cid=3549, SUCCESS, logIndex=0, commits[3cf1264f-5f6b-4138-aeee-2ff7d4522ead:c5393, 4f0d1a15-8f14-4d9a-ad4f-8211e1245b5d:c5393, 6999f20e-c3f7-4db4-87ca-141c476f2a88:c5393]
2019-08-22 07:03:52,631 | INFO  | SCMAudit | user=jenkins1000 | ip=192.168.34.31 | op=ALLOCATE_BLOCK {owner=04b6d46a-98e2-41b1-9f38-1870289993ea, size=4194304, type=RATIS, factor=THREE} | ret=SUCCESS |  
2019-08-22 07:03:52,637 | INFO  | OMAudit | user=jenkins1000 | ip=127.0.0.1 | op=ALLOCATE_BLOCK {volume=vol-0-14906, bucket=bucket-0-53153, key=key-0-33222, dataSize=0, replicationType=null, replicationFactor=null, keyLocationInfo=null, clientID=102659352017764754} | ret=SUCCESS |  
2019-08-22 07:03:52,644 | INFO  | DNAudit | user=null | ip=null | op=WRITE_CHUNK {blockData=conID: 2 locID: 102659354304905916 bcsId: 0} | ret=SUCCESS |  
2019-08-22 07:03:52,649 | INFO  | DNAudit | user=null | ip=null | op=WRITE_CHUNK {blockData=conID: 2 locID: 102659354304905916 bcsId: 0} | ret=SUCCESS |  
2019-08-22 07:03:52,649 | INFO  | DNAudit | user=null | ip=null | op=WRITE_CHUNK {blockData=conID: 2 locID: 102659354304905916 bcsId: 0} | ret=SUCCESS |  
2019-08-22 07:03:52,649 | INFO  | DNAudit | user=null | ip=null | op=WRITE_CHUNK {blockData=conID: 2 locID: 102659354304905916 bcsId: 0} | ret=SUCCESS |  
2019-08-22 07:03:52,650 | INFO  | DNAudit | user=null | ip=null | op=WRITE_CHUNK {blockData=conID: 2 locID: 102659354304905916 bcsId: 0} | ret=SUCCESS |  
2019-08-22 07:03:52,651 | INFO  | DNAudit | user=null | ip=null | op=WRITE_CHUNK {blockData=conID: 2 locID: 102659354304905916 bcsId: 0} | ret=SUCCESS |  
2019-08-22 07:03:52,656 | INFO  | DNAudit | user=null | ip=null | op=WRITE_CHUNK {blockData=conID: 2 locID: 102659354304905916 bcsId: 0} | ret=SUCCESS |  
2019-08-22 07:03:52,657 | INFO  | DNAudit | user=null | ip=null | op=PUT_BLOCK {blockData=[blockId=conID: 2 locID: 102659354304905916 bcsId: 0,size=1048576]} | ret=SUCCESS |  
2019-08-22 07:03:52,657 [grpc-default-executor-5] INFO  client.GrpcClientProtocolClient (GrpcClientProtocolClient.java:onNext(255)) - client-CF63D631FA17->3cf1264f-5f6b-4138-aeee-2ff7d4522ead: receive RaftClientReply:client-CF63D631FA17->3cf1264f-5f6b-4138-aeee-2ff7d4522ead@group-561E16522154, cid=3550, SUCCESS, logIndex=5396, commits[3cf1264f-5f6b-4138-aeee-2ff7d4522ead:c5397, 4f0d1a15-8f14-4d9a-ad4f-8211e1245b5d:c5395, 6999f20e-c3f7-4db4-87ca-141c476f2a88:c5395]
2019-08-22 07:03:52,657 | INFO  | DNAudit | user=null | ip=null | op=WRITE_CHUNK {blockData=conID: 2 locID: 102659354304905916 bcsId: 0} | ret=SUCCESS |  
2019-08-22 07:03:52,658 | INFO  | DNAudit | user=null | ip=null | op=PUT_BLOCK {blockData=[blockId=conID: 2 locID: 102659354304905916 bcsId: 0,size=2097152]} | ret=SUCCESS |  
2019-08-22 07:03:52,658 [grpc-default-executor-5] INFO  client.GrpcClientProtocolClient (GrpcClientProtocolClient.java:onNext(255)) - client-CF63D631FA17->3cf1264f-5f6b-4138-aeee-2ff7d4522ead: receive RaftClientReply:client-CF63D631FA17->3cf1264f-5f6b-4138-aeee-2ff7d4522ead@group-561E16522154, cid=3551, SUCCESS, logIndex=5397, commits[3cf1264f-5f6b-4138-aeee-2ff7d4522ead:c5398, 4f0d1a15-8f14-4d9a-ad4f-8211e1245b5d:c5395, 6999f20e-c3f7-4db4-87ca-141c476f2a88:c5395]
2019-08-22 07:03:52,658 [grpc-default-executor-5] INFO  client.GrpcClientProtocolClient (GrpcClientProtocolClient.java:onNext(255)) - client-CF63D631FA17->3cf1264f-5f6b-4138-aeee-2ff7d4522ead: receive RaftClientReply:client-CF63D631FA17->3cf1264f-5f6b-4138-aeee-2ff7d4522ead@group-561E16522154, cid=3552, SUCCESS, logIndex=5398, commits[3cf1264f-5f6b-4138-aeee-2ff7d4522ead:c5399, 4f0d1a15-8f14-4d9a-ad4f-8211e1245b5d:c5395, 6999f20e-c3f7-4db4-87ca-141c476f2a88:c5395]
2019-08-22 07:03:52,658 [grpc-default-executor-5] INFO  client.GrpcClientProtocolClient (GrpcClientProtocolClient.java:onNext(255)) - client-CF63D631FA17->3cf1264f-5f6b-4138-aeee-2ff7d4522ead: receive RaftClientReply:client-CF63D631FA17->3cf1264f-5f6b-4138-aeee-2ff7d4522ead@group-561E16522154, cid=3553, SUCCESS, logIndex=5399, commits[3cf1264f-5f6b-4138-aeee-2ff7d4522ead:c5399, 4f0d1a15-8f14-4d9a-ad4f-8211e1245b5d:c5395, 6999f20e-c3f7-4db4-87ca-141c476f2a88:c5395]
2019-08-22 07:03:52,670 | INFO  | DNAudit | user=null | ip=null | op=WRITE_CHUNK {blockData=conID: 2 locID: 102659354304905916 bcsId: 0} | ret=SUCCESS |  
2019-08-22 07:03:52,670 | INFO  | DNAudit | user=null | ip=null | op=PUT_BLOCK {blockData=[blockId=conID: 2 locID: 102659354304905916 bcsId: 0,size=1048576]} | ret=SUCCESS |  
2019-08-22 07:03:52,671 | INFO  | DNAudit | user=null | ip=null | op=WRITE_CHUNK {blockData=conID: 2 locID: 102659354304905916 bcsId: 0} | ret=SUCCESS |  
2019-08-22 07:03:52,671 | INFO  | DNAudit | user=null | ip=null | op=PUT_BLOCK {blockData=[blockId=conID: 2 locID: 102659354304905916 bcsId: 0,size=1048576]} | ret=SUCCESS |  
2019-08-22 07:03:52,671 | INFO  | DNAudit | user=null | ip=null | op=WRITE_CHUNK {blockData=conID: 2 locID: 102659354304905916 bcsId: 0} | ret=SUCCESS |  
2019-08-22 07:03:52,671 [grpc-default-executor-5] INFO  client.GrpcClientProtocolClient (GrpcClientProtocolClient.java:onNext(255)) - client-CF63D631FA17->3cf1264f-5f6b-4138-aeee-2ff7d4522ead: receive RaftClientReply:client-CF63D631FA17->3cf1264f-5f6b-4138-aeee-2ff7d4522ead@group-561E16522154, cid=3554, SUCCESS, logIndex=0, commits[3cf1264f-5f6b-4138-aeee-2ff7d4522ead:c5401, 4f0d1a15-8f14-4d9a-ad4f-8211e1245b5d:c5397, 6999f20e-c3f7-4db4-87ca-141c476f2a88:c5397]
2019-08-22 07:03:52,671 | INFO  | DNAudit | user=null | ip=null | op=PUT_BLOCK {blockData=[blockId=conID: 2 locID: 102659354304905916 bcsId: 0,size=2097152]} | ret=SUCCESS |  
2019-08-22 07:03:52,671 | INFO  | DNAudit | user=null | ip=null | op=WRITE_CHUNK {blockData=conID: 2 locID: 102659354304905916 bcsId: 0} | ret=SUCCESS |  
2019-08-22 07:03:52,672 | INFO  | DNAudit | user=null | ip=null | op=PUT_BLOCK {blockData=[blockId=conID: 2 locID: 102659354304905916 bcsId: 0,size=2097152]} | ret=SUCCESS |  
2019-08-22 07:03:52,679 | INFO  | DNAudit | user=null | ip=null | op=WRITE_CHUNK {blockData=conID: 2 locID: 102659354304905916 bcsId: 5399} | ret=SUCCESS |  
2019-08-22 07:03:52,682 | INFO  | DNAudit | user=null | ip=null | op=WRITE_CHUNK {blockData=conID: 2 locID: 102659354304905916 bcsId: 5399} | ret=SUCCESS |  
2019-08-22 07:03:52,682 | INFO  | DNAudit | user=null | ip=null | op=WRITE_CHUNK {blockData=conID: 2 locID: 102659354304905916 bcsId: 5399} | ret=SUCCESS |  
2019-08-22 07:03:52,699 | INFO  | DNAudit | user=null | ip=null | op=WRITE_CHUNK {blockData=conID: 2 locID: 102659354304905916 bcsId: 5399} | ret=SUCCESS |  
2019-08-22 07:03:52,699 | INFO  | DNAudit | user=null | ip=null | op=PUT_BLOCK {blockData=[blockId=conID: 2 locID: 102659354304905916 bcsId: 0,size=3145728]} | ret=SUCCESS |  
2019-08-22 07:03:52,700 [grpc-default-executor-1] INFO  client.GrpcClientProtocolClient (GrpcClientProtocolClient.java:onNext(255)) - client-CF63D631FA17->3cf1264f-5f6b-4138-aeee-2ff7d4522ead: receive RaftClientReply:client-CF63D631FA17->3cf1264f-5f6b-4138-aeee-2ff7d4522ead@group-561E16522154, cid=3555, SUCCESS, logIndex=5404, commits[3cf1264f-5f6b-4138-aeee-2ff7d4522ead:c5405, 4f0d1a15-8f14-4d9a-ad4f-8211e1245b5d:c5403, 6999f20e-c3f7-4db4-87ca-141c476f2a88:c5403]
2019-08-22 07:03:52,700 [grpc-default-executor-1] INFO  client.GrpcClientProtocolClient (GrpcClientProtocolClient.java:onNext(255)) - client-CF63D631FA17->3cf1264f-5f6b-4138-aeee-2ff7d4522ead: receive RaftClientReply:client-CF63D631FA17->3cf1264f-5f6b-4138-aeee-2ff7d4522ead@group-561E16522154, cid=3556, SUCCESS, logIndex=5405, commits[3cf1264f-5f6b-4138-aeee-2ff7d4522ead:c5405, 4f0d1a15-8f14-4d9a-ad4f-8211e1245b5d:c5403, 6999f20e-c3f7-4db4-87ca-141c476f2a88:c5403]
2019-08-22 07:03:52,702 | INFO  | DNAudit | user=null | ip=null | op=WRITE_CHUNK {blockData=conID: 2 locID: 102659354304905916 bcsId: 5399} | ret=SUCCESS |  
2019-08-22 07:03:52,702 | INFO  | DNAudit | user=null | ip=null | op=WRITE_CHUNK {blockData=conID: 2 locID: 102659354304905916 bcsId: 5399} | ret=SUCCESS |  
2019-08-22 07:03:52,708 | INFO  | DNAudit | user=null | ip=null | op=WRITE_CHUNK {blockData=conID: 2 locID: 102659354304905916 bcsId: 5405} | ret=SUCCESS |  
2019-08-22 07:03:52,711 | INFO  | DNAudit | user=null | ip=null | op=WRITE_CHUNK {blockData=conID: 2 locID: 102659354304905916 bcsId: 5405} | ret=SUCCESS |  
2019-08-22 07:03:52,711 | INFO  | DNAudit | user=null | ip=null | op=WRITE_CHUNK {blockData=conID: 2 locID: 102659354304905916 bcsId: 5405} | ret=SUCCESS |  
2019-08-22 07:03:52,713 | INFO  | DNAudit | user=null | ip=null | op=PUT_BLOCK {blockData=[blockId=conID: 2 locID: 102659354304905916 bcsId: 0,size=3145728]} | ret=SUCCESS |  
2019-08-22 07:03:52,714 | INFO  | DNAudit | user=null | ip=null | op=PUT_BLOCK {blockData=[blockId=conID: 2 locID: 102659354304905916 bcsId: 0,size=3145728]} | ret=SUCCESS |  
2019-08-22 07:03:52,715 | INFO  | DNAudit | user=null | ip=null | op=WRITE_CHUNK {blockData=conID: 2 locID: 102659354304905916 bcsId: 5405} | ret=SUCCESS |  
2019-08-22 07:03:52,715 | INFO  | DNAudit | user=null | ip=null | op=PUT_BLOCK {blockData=[blockId=conID: 2 locID: 102659354304905916 bcsId: 0,size=4194304]} | ret=SUCCESS |  
2019-08-22 07:03:52,716 [grpc-default-executor-0] INFO  client.GrpcClientProtocolClient (GrpcClientProtocolClient.java:onNext(255)) - client-CF63D631FA17->3cf1264f-5f6b-4138-aeee-2ff7d4522ead: receive RaftClientReply:client-CF63D631FA17->3cf1264f-5f6b-4138-aeee-2ff7d4522ead@group-561E16522154, cid=3557, SUCCESS, logIndex=5408, commits[3cf1264f-5f6b-4138-aeee-2ff7d4522ead:c5409, 4f0d1a15-8f14-4d9a-ad4f-8211e1245b5d:c5406, 6999f20e-c3f7-4db4-87ca-141c476f2a88:c5406]
2019-08-22 07:03:52,716 [grpc-default-executor-0] INFO  client.GrpcClientProtocolClient (GrpcClientProtocolClient.java:onNext(255)) - client-CF63D631FA17->3cf1264f-5f6b-4138-aeee-2ff7d4522ead: receive RaftClientReply:client-CF63D631FA17->3cf1264f-5f6b-4138-aeee-2ff7d4522ead@group-561E16522154, cid=3558, SUCCESS, logIndex=5409, commits[3cf1264f-5f6b-4138-aeee-2ff7d4522ead:c5409, 4f0d1a15-8f14-4d9a-ad4f-8211e1245b5d:c5406, 6999f20e-c3f7-4db4-87ca-141c476f2a88:c5406]
2019-08-22 07:03:52,727 | INFO  | DNAudit | user=null | ip=null | op=WRITE_CHUNK {blockData=conID: 2 locID: 102659354304905916 bcsId: 5405} | ret=SUCCESS |  
2019-08-22 07:03:52,727 | INFO  | DNAudit | user=null | ip=null | op=WRITE_CHUNK {blockData=conID: 2 locID: 102659354304905916 bcsId: 5405} | ret=SUCCESS |  
2019-08-22 07:03:52,730 | INFO  | DNAudit | user=null | ip=null | op=PUT_BLOCK {blockData=[blockId=conID: 2 locID: 102659354304905916 bcsId: 0,size=4194304]} | ret=SUCCESS |  
2019-08-22 07:03:52,730 | INFO  | DNAudit | user=null | ip=null | op=PUT_BLOCK {blockData=[blockId=conID: 2 locID: 102659354304905916 bcsId: 0,size=4194304]} | ret=SUCCESS |  
2019-08-22 07:03:52,730 [grpc-default-executor-0] INFO  client.GrpcClientProtocolClient (GrpcClientProtocolClient.java:onNext(255)) - client-CF63D631FA17->3cf1264f-5f6b-4138-aeee-2ff7d4522ead: receive RaftClientReply:client-CF63D631FA17->3cf1264f-5f6b-4138-aeee-2ff7d4522ead@group-561E16522154, cid=3559, SUCCESS, logIndex=0, commits[3cf1264f-5f6b-4138-aeee-2ff7d4522ead:c5411, 4f0d1a15-8f14-4d9a-ad4f-8211e1245b5d:c5409, 6999f20e-c3f7-4db4-87ca-141c476f2a88:c5409]
2019-08-22 07:03:52,737 | INFO  | SCMAudit | user=jenkins1000 | ip=192.168.34.31 | op=ALLOCATE_BLOCK {owner=04b6d46a-98e2-41b1-9f38-1870289993ea, size=4194304, type=RATIS, factor=THREE} | ret=SUCCESS |  
2019-08-22 07:03:52,741 | INFO  | OMAudit | user=jenkins1000 | ip=127.0.0.1 | op=ALLOCATE_BLOCK {volume=vol-0-14906, bucket=bucket-0-53153, key=key-0-33222, dataSize=0, replicationType=null, replicationFactor=null, keyLocationInfo=null, clientID=102659352017764754} | ret=SUCCESS |  
2019-08-22 07:03:52,748 | INFO  | DNAudit | user=null | ip=null | op=WRITE_CHUNK {blockData=conID: 3 locID: 102659354311787197 bcsId: 0} | ret=SUCCESS |  
2019-08-22 07:03:52,751 | INFO  | DNAudit | user=null | ip=null | op=WRITE_CHUNK {blockData=conID: 3 locID: 102659354311787197 bcsId: 0} | ret=SUCCESS |  
2019-08-22 07:03:52,752 | INFO  | DNAudit | user=null | ip=null | op=WRITE_CHUNK {blockData=conID: 3 locID: 102659354311787197 bcsId: 0} | ret=SUCCESS |  
2019-08-22 07:03:52,752 | INFO  | DNAudit | user=null | ip=null | op=WRITE_CHUNK {blockData=conID: 3 locID: 102659354311787197 bcsId: 0} | ret=SUCCESS |  
2019-08-22 07:03:52,873 | INFO  | DNAudit | user=null | ip=null | op=WRITE_CHUNK {blockData=conID: 3 locID: 102659354311787197 bcsId: 0} | ret=SUCCESS |  
2019-08-22 07:03:52,874 | INFO  | DNAudit | user=null | ip=null | op=WRITE_CHUNK {blockData=conID: 3 locID: 102659354311787197 bcsId: 0} | ret=SUCCESS |  
2019-08-22 07:03:52,875 | INFO  | DNAudit | user=null | ip=null | op=WRITE_CHUNK {blockData=conID: 3 locID: 102659354311787197 bcsId: 0} | ret=SUCCESS |  
2019-08-22 07:03:52,876 | INFO  | DNAudit | user=null | ip=null | op=PUT_BLOCK {blockData=[blockId=conID: 3 locID: 102659354311787197 bcsId: 0,size=1048576]} | ret=SUCCESS |  
2019-08-22 07:03:52,876 [grpc-default-executor-5] INFO  client.GrpcClientProtocolClient (GrpcClientProtocolClient.java:onNext(255)) - client-CF63D631FA17->3cf1264f-5f6b-4138-aeee-2ff7d4522ead: receive RaftClientReply:client-CF63D631FA17->3cf1264f-5f6b-4138-aeee-2ff7d4522ead@group-561E16522154, cid=3560, SUCCESS, logIndex=5412, commits[3cf1264f-5f6b-4138-aeee-2ff7d4522ead:c5413, 4f0d1a15-8f14-4d9a-ad4f-8211e1245b5d:c5411, 6999f20e-c3f7-4db4-87ca-141c476f2a88:c5411]
2019-08-22 07:03:52,877 [grpc-default-executor-5] INFO  client.GrpcClientProtocolClient (GrpcClientProtocolClient.java:onNext(255)) - client-CF63D631FA17->3cf1264f-5f6b-4138-aeee-2ff7d4522ead: receive RaftClientReply:client-CF63D631FA17->3cf1264f-5f6b-4138-aeee-2ff7d4522ead@group-561E16522154, cid=3561, SUCCESS, logIndex=5413, commits[3cf1264f-5f6b-4138-aeee-2ff7d4522ead:c5413, 4f0d1a15-8f14-4d9a-ad4f-8211e1245b5d:c5411, 6999f20e-c3f7-4db4-87ca-141c476f2a88:c5411]
2019-08-22 07:03:52,973 | INFO  | SCMAudit | user=jenkins1000 | ip=192.168.34.31 | op=SEND_HEARTBEAT {datanodeUUID=6ab6b5dd-7582-43bd-ad39-1af51ca14a47, command=[]} | ret=SUCCESS |  
2019-08-22 07:03:52,973 | INFO  | SCMAudit | user=jenkins1000 | ip=192.168.34.31 | op=SEND_HEARTBEAT {datanodeUUID=f789f48f-f3d7-45ec-9bba-6a89e2bdcc9c, command=[]} | ret=SUCCESS |  
2019-08-22 07:03:52,973 | INFO  | SCMAudit | user=jenkins1000 | ip=192.168.34.31 | op=SEND_HEARTBEAT {datanodeUUID=6999f20e-c3f7-4db4-87ca-141c476f2a88, command=[]} | ret=SUCCESS |  
2019-08-22 07:03:52,973 | INFO  | SCMAudit | user=jenkins1000 | ip=192.168.34.31 | op=SEND_HEARTBEAT {datanodeUUID=3cf1264f-5f6b-4138-aeee-2ff7d4522ead, command=[]} | ret=SUCCESS |  
 0.00% |█                                                                                                    |  0/1 Time: 0:00:352019-08-22 07:03:53,137 | INFO  | SCMAudit | user=jenkins1000 | ip=192.168.34.31 | op=SEND_HEARTBEAT {datanodeUUID=4f0d1a15-8f14-4d9a-ad4f-8211e1245b5d, command=[]} | ret=SUCCESS |  
2019-08-22 07:03:53,250 | INFO  | DNAudit | user=null | ip=null | op=WRITE_CHUNK {blockData=conID: 3 locID: 102659354311787197 bcsId: 0} | ret=SUCCESS |  
2019-08-22 07:03:53,251 | INFO  | DNAudit | user=null | ip=null | op=PUT_BLOCK {blockData=[blockId=conID: 3 locID: 102659354311787197 bcsId: 0,size=2097152]} | ret=SUCCESS |  
2019-08-22 07:03:53,251 [grpc-default-executor-5] INFO  client.GrpcClientProtocolClient (GrpcClientProtocolClient.java:onNext(255)) - client-CF63D631FA17->3cf1264f-5f6b-4138-aeee-2ff7d4522ead: receive RaftClientReply:client-CF63D631FA17->3cf1264f-5f6b-4138-aeee-2ff7d4522ead@group-561E16522154, cid=3562, SUCCESS, logIndex=5414, commits[3cf1264f-5f6b-4138-aeee-2ff7d4522ead:c5415, 4f0d1a15-8f14-4d9a-ad4f-8211e1245b5d:c5411, 6999f20e-c3f7-4db4-87ca-141c476f2a88:c5411]
2019-08-22 07:03:53,251 [grpc-default-executor-5] INFO  client.GrpcClientProtocolClient (GrpcClientProtocolClient.java:onNext(255)) - client-CF63D631FA17->3cf1264f-5f6b-4138-aeee-2ff7d4522ead: receive RaftClientReply:client-CF63D631FA17->3cf1264f-5f6b-4138-aeee-2ff7d4522ead@group-561E16522154, cid=3563, SUCCESS, logIndex=5415, commits[3cf1264f-5f6b-4138-aeee-2ff7d4522ead:c5415, 4f0d1a15-8f14-4d9a-ad4f-8211e1245b5d:c5411, 6999f20e-c3f7-4db4-87ca-141c476f2a88:c5411]
2019-08-22 07:03:53,972 | INFO  | SCMAudit | user=jenkins1000 | ip=192.168.34.31 | op=SEND_HEARTBEAT {datanodeUUID=f789f48f-f3d7-45ec-9bba-6a89e2bdcc9c, command=[]} | ret=SUCCESS |  
2019-08-22 07:03:53,973 | INFO  | SCMAudit | user=jenkins1000 | ip=192.168.34.31 | op=SEND_HEARTBEAT {datanodeUUID=6999f20e-c3f7-4db4-87ca-141c476f2a88, command=[]} | ret=SUCCESS |  
2019-08-22 07:03:53,973 | INFO  | SCMAudit | user=jenkins1000 | ip=192.168.34.31 | op=SEND_HEARTBEAT {datanodeUUID=3cf1264f-5f6b-4138-aeee-2ff7d4522ead, command=[]} | ret=SUCCESS |  
2019-08-22 07:03:53,973 | INFO  | SCMAudit | user=jenkins1000 | ip=192.168.34.31 | op=SEND_HEARTBEAT {datanodeUUID=6ab6b5dd-7582-43bd-ad39-1af51ca14a47, command=[]} | ret=SUCCESS |  
 0.00% |█                                                                                                    |  0/1 Time: 0:00:362019-08-22 07:03:54,137 | INFO  | SCMAudit | user=jenkins1000 | ip=192.168.34.31 | op=SEND_HEARTBEAT {datanodeUUID=4f0d1a15-8f14-4d9a-ad4f-8211e1245b5d, command=[]} | ret=SUCCESS |  
2019-08-22 07:03:54,973 | INFO  | SCMAudit | user=jenkins1000 | ip=192.168.34.31 | op=SEND_HEARTBEAT {datanodeUUID=6999f20e-c3f7-4db4-87ca-141c476f2a88, command=[]} | ret=SUCCESS |  
2019-08-22 07:03:54,973 | INFO  | SCMAudit | user=jenkins1000 | ip=192.168.34.31 | op=SEND_HEARTBEAT {datanodeUUID=f789f48f-f3d7-45ec-9bba-6a89e2bdcc9c, command=[]} | ret=SUCCESS |  
2019-08-22 07:03:54,973 | INFO  | SCMAudit | user=jenkins1000 | ip=192.168.34.31 | op=SEND_HEARTBEAT {datanodeUUID=6ab6b5dd-7582-43bd-ad39-1af51ca14a47, command=[]} | ret=SUCCESS |  
2019-08-22 07:03:54,973 | INFO  | SCMAudit | user=jenkins1000 | ip=192.168.34.31 | op=SEND_HEARTBEAT {datanodeUUID=3cf1264f-5f6b-4138-aeee-2ff7d4522ead, command=[]} | ret=SUCCESS |  
 0.00% |█                                                                                                    |  0/1 Time: 0:00:372019-08-22 07:03:55,138 | INFO  | SCMAudit | user=jenkins1000 | ip=192.168.34.31 | op=SEND_HEARTBEAT {datanodeUUID=4f0d1a15-8f14-4d9a-ad4f-8211e1245b5d, command=[]} | ret=SUCCESS |  
2019-08-22 07:03:55,752 | INFO  | DNAudit | user=null | ip=null | op=WRITE_CHUNK {blockData=conID: 3 locID: 102659354311787197 bcsId: 0} | ret=SUCCESS |  
2019-08-22 07:03:55,752 | INFO  | DNAudit | user=null | ip=null | op=WRITE_CHUNK {blockData=conID: 3 locID: 102659354311787197 bcsId: 0} | ret=SUCCESS |  
2019-08-22 07:03:55,753 | INFO  | DNAudit | user=null | ip=null | op=PUT_BLOCK {blockData=[blockId=conID: 3 locID: 102659354311787197 bcsId: 0,size=1048576]} | ret=SUCCESS |  
2019-08-22 07:03:55,753 | INFO  | DNAudit | user=null | ip=null | op=PUT_BLOCK {blockData=[blockId=conID: 3 locID: 102659354311787197 bcsId: 0,size=1048576]} | ret=SUCCESS |  
2019-08-22 07:03:55,753 | INFO  | DNAudit | user=null | ip=null | op=WRITE_CHUNK {blockData=conID: 3 locID: 102659354311787197 bcsId: 0} | ret=SUCCESS |  
2019-08-22 07:03:55,753 | INFO  | DNAudit | user=null | ip=null | op=WRITE_CHUNK {blockData=conID: 3 locID: 102659354311787197 bcsId: 0} | ret=SUCCESS |  
2019-08-22 07:03:55,753 | INFO  | DNAudit | user=null | ip=null | op=PUT_BLOCK {blockData=[blockId=conID: 3 locID: 102659354311787197 bcsId: 0,size=2097152]} | ret=SUCCESS |  
2019-08-22 07:03:55,754 | INFO  | DNAudit | user=null | ip=null | op=PUT_BLOCK {blockData=[blockId=conID: 3 locID: 102659354311787197 bcsId: 0,size=2097152]} | ret=SUCCESS |  
2019-08-22 07:03:55,876 [java.util.concurrent.ThreadPoolExecutor$Worker@45dfd4c4[State = -1, empty queue]] WARN  server.GrpcLogAppender (GrpcLogAppender.java:timeoutAppendRequest(200)) - GrpcLogAppender(3cf1264f-5f6b-4138-aeee-2ff7d4522ead->6999f20e-c3f7-4db4-87ca-141c476f2a88): appendEntries Timeout, request=3cf1264f-5f6b-4138-aeee-2ff7d4522ead->6999f20e-c3f7-4db4-87ca-141c476f2a88#5424-t2, previous=(t:2, i:5415), leaderCommit=5413, initializing? false, entries: size=1, first=(t:2, i:5416), METADATAENTRY(c5412)
2019-08-22 07:03:55,876 [java.util.concurrent.ThreadPoolExecutor$Worker@584488ba[State = -1, empty queue]] WARN  server.GrpcLogAppender (GrpcLogAppender.java:timeoutAppendRequest(200)) - GrpcLogAppender(3cf1264f-5f6b-4138-aeee-2ff7d4522ead->4f0d1a15-8f14-4d9a-ad4f-8211e1245b5d): appendEntries Timeout, request=3cf1264f-5f6b-4138-aeee-2ff7d4522ead->4f0d1a15-8f14-4d9a-ad4f-8211e1245b5d#5424-t2, previous=(t:2, i:5415), leaderCommit=5412, initializing? false, entries: size=1, first=(t:2, i:5416), METADATAENTRY(c5412)
2019-08-22 07:03:55,879 [java.util.concurrent.ThreadPoolExecutor$Worker@45dfd4c4[State = -1, empty queue]] WARN  server.GrpcLogAppender (GrpcLogAppender.java:timeoutAppendRequest(200)) - GrpcLogAppender(3cf1264f-5f6b-4138-aeee-2ff7d4522ead->6999f20e-c3f7-4db4-87ca-141c476f2a88): appendEntries Timeout, request=3cf1264f-5f6b-4138-aeee-2ff7d4522ead->6999f20e-c3f7-4db4-87ca-141c476f2a88#5425-t2, previous=(t:2, i:5416), leaderCommit=5413, initializing? false, entries: size=1, first=(t:2, i:5417), METADATAENTRY(c5413)
2019-08-22 07:03:55,881 [java.util.concurrent.ThreadPoolExecutor$Worker@584488ba[State = -1, empty queue]] WARN  server.GrpcLogAppender (GrpcLogAppender.java:timeoutAppendRequest(200)) - GrpcLogAppender(3cf1264f-5f6b-4138-aeee-2ff7d4522ead->4f0d1a15-8f14-4d9a-ad4f-8211e1245b5d): appendEntries Timeout, request=3cf1264f-5f6b-4138-aeee-2ff7d4522ead->4f0d1a15-8f14-4d9a-ad4f-8211e1245b5d#5425-t2, previous=(t:2, i:5416), leaderCommit=5413, initializing? false, entries: size=1, first=(t:2, i:5417), METADATAENTRY(c5413)
2019-08-22 07:03:55,973 | INFO  | SCMAudit | user=jenkins1000 | ip=192.168.34.31 | op=SEND_HEARTBEAT {datanodeUUID=f789f48f-f3d7-45ec-9bba-6a89e2bdcc9c, command=[]} | ret=SUCCESS |  
2019-08-22 07:03:55,973 | INFO  | SCMAudit | user=jenkins1000 | ip=192.168.34.31 | op=SEND_HEARTBEAT {datanodeUUID=3cf1264f-5f6b-4138-aeee-2ff7d4522ead, command=[]} | ret=SUCCESS |  
2019-08-22 07:03:55,974 | INFO  | SCMAudit | user=jenkins1000 | ip=192.168.34.31 | op=SEND_HEARTBEAT {datanodeUUID=6ab6b5dd-7582-43bd-ad39-1af51ca14a47, command=[]} | ret=SUCCESS |  
2019-08-22 07:03:55,974 | INFO  | SCMAudit | user=jenkins1000 | ip=192.168.34.31 | op=SEND_HEARTBEAT {datanodeUUID=6999f20e-c3f7-4db4-87ca-141c476f2a88, command=[]} | ret=SUCCESS |  
 0.00% |█                                                                                                    |  0/1 Time: 0:00:382019-08-22 07:03:56,137 | INFO  | SCMAudit | user=jenkins1000 | ip=192.168.34.31 | op=SEND_HEARTBEAT {datanodeUUID=4f0d1a15-8f14-4d9a-ad4f-8211e1245b5d, command=[]} | ret=SUCCESS |  
2019-08-22 07:03:56,250 [java.util.concurrent.ThreadPoolExecutor$Worker@584488ba[State = -1, empty queue]] WARN  server.GrpcLogAppender (GrpcLogAppender.java:timeoutAppendRequest(200)) - GrpcLogAppender(3cf1264f-5f6b-4138-aeee-2ff7d4522ead->4f0d1a15-8f14-4d9a-ad4f-8211e1245b5d): appendEntries Timeout, request=3cf1264f-5f6b-4138-aeee-2ff7d4522ead->4f0d1a15-8f14-4d9a-ad4f-8211e1245b5d#5426-t2, previous=(t:2, i:5417), leaderCommit=5415, initializing? false, entries: size=1, first=(t:2, i:5418), METADATAENTRY(c5414)
2019-08-22 07:03:56,250 [java.util.concurrent.ThreadPoolExecutor$Worker@45dfd4c4[State = -1, empty queue]] WARN  server.GrpcLogAppender (GrpcLogAppender.java:timeoutAppendRequest(200)) - GrpcLogAppender(3cf1264f-5f6b-4138-aeee-2ff7d4522ead->6999f20e-c3f7-4db4-87ca-141c476f2a88): appendEntries Timeout, request=3cf1264f-5f6b-4138-aeee-2ff7d4522ead->6999f20e-c3f7-4db4-87ca-141c476f2a88#5426-t2, previous=(t:2, i:5417), leaderCommit=5415, initializing? false, entries: size=1, first=(t:2, i:5418), METADATAENTRY(c5414)
2019-08-22 07:03:56,250 [java.util.concurrent.ThreadPoolExecutor$Worker@584488ba[State = -1, empty queue]] WARN  server.GrpcLogAppender (GrpcLogAppender.java:timeoutAppendRequest(200)) - GrpcLogAppender(3cf1264f-5f6b-4138-aeee-2ff7d4522ead->4f0d1a15-8f14-4d9a-ad4f-8211e1245b5d): appendEntries Timeout, request=3cf1264f-5f6b-4138-aeee-2ff7d4522ead->4f0d1a15-8f14-4d9a-ad4f-8211e1245b5d#5427-t2, previous=(t:2, i:5418), leaderCommit=5415, initializing? false, entries: size=1, first=(t:2, i:5419), METADATAENTRY(c5415)
2019-08-22 07:03:56,255 [java.util.concurrent.ThreadPoolExecutor$Worker@45dfd4c4[State = -1, empty queue]] WARN  server.GrpcLogAppender (GrpcLogAppender.java:timeoutAppendRequest(200)) - GrpcLogAppender(3cf1264f-5f6b-4138-aeee-2ff7d4522ead->6999f20e-c3f7-4db4-87ca-141c476f2a88): appendEntries Timeout, request=3cf1264f-5f6b-4138-aeee-2ff7d4522ead->6999f20e-c3f7-4db4-87ca-141c476f2a88#5427-t2, previous=(t:2, i:5418), leaderCommit=5415, initializing? false, entries: size=1, first=(t:2, i:5419), METADATAENTRY(c5415)
2019-08-22 07:03:56,973 | INFO  | SCMAudit | user=jenkins1000 | ip=192.168.34.31 | op=SEND_HEARTBEAT {datanodeUUID=f789f48f-f3d7-45ec-9bba-6a89e2bdcc9c, command=[]} | ret=SUCCESS |  
2019-08-22 07:03:56,974 | INFO  | SCMAudit | user=jenkins1000 | ip=192.168.34.31 | op=SEND_HEARTBEAT {datanodeUUID=6ab6b5dd-7582-43bd-ad39-1af51ca14a47, command=[]} | ret=SUCCESS |  
2019-08-22 07:03:56,974 | INFO  | SCMAudit | user=jenkins1000 | ip=192.168.34.31 | op=SEND_HEARTBEAT {datanodeUUID=3cf1264f-5f6b-4138-aeee-2ff7d4522ead, command=[]} | ret=SUCCESS |  
2019-08-22 07:03:56,974 | INFO  | SCMAudit | user=jenkins1000 | ip=192.168.34.31 | op=SEND_HEARTBEAT {datanodeUUID=6999f20e-c3f7-4db4-87ca-141c476f2a88, command=[]} | ret=SUCCESS |  
 0.00% |█                                                                                                    |  0/1 Time: 0:00:392019-08-22 07:03:57,138 | INFO  | SCMAudit | user=jenkins1000 | ip=192.168.34.31 | op=SEND_HEARTBEAT {datanodeUUID=4f0d1a15-8f14-4d9a-ad4f-8211e1245b5d, command=[]} | ret=SUCCESS |  
2019-08-22 07:03:57,973 | INFO  | SCMAudit | user=jenkins1000 | ip=192.168.34.31 | op=SEND_HEARTBEAT {datanodeUUID=3cf1264f-5f6b-4138-aeee-2ff7d4522ead, command=[]} | ret=SUCCESS |  
2019-08-22 07:03:57,973 | INFO  | SCMAudit | user=jenkins1000 | ip=192.168.34.31 | op=SEND_HEARTBEAT {datanodeUUID=f789f48f-f3d7-45ec-9bba-6a89e2bdcc9c, command=[]} | ret=SUCCESS |  
2019-08-22 07:03:57,973 | INFO  | SCMAudit | user=jenkins1000 | ip=192.168.34.31 | op=SEND_HEARTBEAT {datanodeUUID=6ab6b5dd-7582-43bd-ad39-1af51ca14a47, command=[]} | ret=SUCCESS |  
2019-08-22 07:03:57,973 | INFO  | SCMAudit | user=jenkins1000 | ip=192.168.34.31 | op=SEND_HEARTBEAT {datanodeUUID=6999f20e-c3f7-4db4-87ca-141c476f2a88, command=[]} | ret=SUCCESS |  
 0.00% |█                                                                                                    |  0/1 Time: 0:00:402019-08-22 07:03:58,138 | INFO  | SCMAudit | user=jenkins1000 | ip=192.168.34.31 | op=SEND_HEARTBEAT {datanodeUUID=4f0d1a15-8f14-4d9a-ad4f-8211e1245b5d, command=[]} | ret=SUCCESS |  
2019-08-22 07:03:58,254 [pool-282-thread-1] WARN  scm.XceiverClientRatis (XceiverClientRatis.java:watchForCommit(262)) - 3 way commit failed on pipeline Pipeline[ Id: f5222b1c-318c-497e-9772-561e16522154, Nodes: 4f0d1a15-8f14-4d9a-ad4f-8211e1245b5d{ip: 192.168.34.31, host: trunk-nightly-pz9vg-1800738566, networkLocation: /default-rack, certSerialId: null}6999f20e-c3f7-4db4-87ca-141c476f2a88{ip: 192.168.34.31, host: trunk-nightly-pz9vg-1800738566, networkLocation: /default-rack, certSerialId: null}3cf1264f-5f6b-4138-aeee-2ff7d4522ead{ip: 192.168.34.31, host: trunk-nightly-pz9vg-1800738566, networkLocation: /default-rack, certSerialId: null}, Type:RATIS, Factor:THREE, State:OPEN]
java.util.concurrent.TimeoutException
	at java.util.concurrent.CompletableFuture.timedGet(CompletableFuture.java:1771)
	at java.util.concurrent.CompletableFuture.get(CompletableFuture.java:1915)
	at org.apache.hadoop.hdds.scm.XceiverClientRatis.watchForCommit(XceiverClientRatis.java:259)
	at org.apache.hadoop.hdds.scm.storage.CommitWatcher.watchForCommit(CommitWatcher.java:194)
	at org.apache.hadoop.hdds.scm.storage.CommitWatcher.watchOnFirstIndex(CommitWatcher.java:135)
	at org.apache.hadoop.hdds.scm.storage.BlockOutputStream.watchForCommit(BlockOutputStream.java:347)
	at org.apache.hadoop.hdds.scm.storage.BlockOutputStream.handleFullBuffer(BlockOutputStream.java:324)
	at org.apache.hadoop.hdds.scm.storage.BlockOutputStream.write(BlockOutputStream.java:251)
	at org.apache.hadoop.ozone.client.io.BlockOutputStreamEntry.write(BlockOutputStreamEntry.java:129)
	at org.apache.hadoop.ozone.client.io.KeyOutputStream.handleWrite(KeyOutputStream.java:211)
	at org.apache.hadoop.ozone.client.io.KeyOutputStream.write(KeyOutputStream.java:193)
	at org.apache.hadoop.ozone.client.io.OzoneOutputStream.write(OzoneOutputStream.java:49)
	at org.apache.hadoop.ozone.freon.RandomKeyGenerator.createKey(RandomKeyGenerator.java:699)
	at org.apache.hadoop.ozone.freon.RandomKeyGenerator.access$1100(RandomKeyGenerator.java:87)
	at org.apache.hadoop.ozone.freon.RandomKeyGenerator$ObjectCreator.run(RandomKeyGenerator.java:606)
	at java.util.concurrent.Executors$RunnableAdapter.call(Executors.java:511)
	at java.util.concurrent.FutureTask.run(FutureTask.java:266)
	at java.util.concurrent.ThreadPoolExecutor.runWorker(ThreadPoolExecutor.java:1149)
	at java.util.concurrent.ThreadPoolExecutor$Worker.run(ThreadPoolExecutor.java:624)
	at java.lang.Thread.run(Thread.java:748)
2019-08-22 07:03:58,400 [grpc-default-executor-1] WARN  server.GrpcLogAppender (GrpcLogAppender.java:onNextImpl(250)) - org.apache.ratis.grpc.server.GrpcLogAppender$AppendLogResponseHandler@3974bf7c: Request not found, ignoring reply: 3cf1264f-5f6b-4138-aeee-2ff7d4522ead<-4f0d1a15-8f14-4d9a-ad4f-8211e1245b5d#5424:OK,SUCCESS,nextIndex:5417,term:2,followerCommit:5415
2019-08-22 07:03:58,400 [grpc-default-executor-5] WARN  server.GrpcLogAppender (GrpcLogAppender.java:onNextImpl(250)) - org.apache.ratis.grpc.server.GrpcLogAppender$AppendLogResponseHandler@4a0b3149: Request not found, ignoring reply: 3cf1264f-5f6b-4138-aeee-2ff7d4522ead<-6999f20e-c3f7-4db4-87ca-141c476f2a88#5424:OK,SUCCESS,nextIndex:5417,term:2,followerCommit:5415
2019-08-22 07:03:58,405 [grpc-default-executor-1] WARN  server.GrpcLogAppender (GrpcLogAppender.java:onNextImpl(250)) - org.apache.ratis.grpc.server.GrpcLogAppender$AppendLogResponseHandler@3974bf7c: Request not found, ignoring reply: 3cf1264f-5f6b-4138-aeee-2ff7d4522ead<-4f0d1a15-8f14-4d9a-ad4f-8211e1245b5d#5425:OK,SUCCESS,nextIndex:5418,term:2,followerCommit:5415
2019-08-22 07:03:58,406 [grpc-default-executor-5] WARN  server.GrpcLogAppender (GrpcLogAppender.java:onNextImpl(250)) - org.apache.ratis.grpc.server.GrpcLogAppender$AppendLogResponseHandler@4a0b3149: Request not found, ignoring reply: 3cf1264f-5f6b-4138-aeee-2ff7d4522ead<-6999f20e-c3f7-4db4-87ca-141c476f2a88#5425:OK,SUCCESS,nextIndex:5418,term:2,followerCommit:5415
2019-08-22 07:03:58,750 [java.util.concurrent.ThreadPoolExecutor$Worker@45dfd4c4[State = -1, empty queue]] WARN  server.GrpcLogAppender (GrpcLogAppender.java:timeoutAppendRequest(200)) - GrpcLogAppender(3cf1264f-5f6b-4138-aeee-2ff7d4522ead->6999f20e-c3f7-4db4-87ca-141c476f2a88): appendEntries Timeout, request=3cf1264f-5f6b-4138-aeee-2ff7d4522ead->6999f20e-c3f7-4db4-87ca-141c476f2a88#5428-t2, previous=(t:2, i:5419), leaderCommit=5415, initializing? false, entries: <empty>
2019-08-22 07:03:58,750 [java.util.concurrent.ThreadPoolExecutor$Worker@584488ba[State = -1, empty queue]] WARN  server.GrpcLogAppender (GrpcLogAppender.java:timeoutAppendRequest(200)) - GrpcLogAppender(3cf1264f-5f6b-4138-aeee-2ff7d4522ead->4f0d1a15-8f14-4d9a-ad4f-8211e1245b5d): appendEntries Timeout, request=3cf1264f-5f6b-4138-aeee-2ff7d4522ead->4f0d1a15-8f14-4d9a-ad4f-8211e1245b5d#5428-t2, previous=(t:2, i:5419), leaderCommit=5415, initializing? false, entries: <empty>
2019-08-22 07:03:58,974 | INFO  | SCMAudit | user=jenkins1000 | ip=192.168.34.31 | op=SEND_HEARTBEAT {datanodeUUID=6ab6b5dd-7582-43bd-ad39-1af51ca14a47, command=[]} | ret=SUCCESS |  
2019-08-22 07:03:58,974 | INFO  | SCMAudit | user=jenkins1000 | ip=192.168.34.31 | op=SEND_HEARTBEAT {datanodeUUID=6999f20e-c3f7-4db4-87ca-141c476f2a88, command=[]} | ret=SUCCESS |  
2019-08-22 07:03:58,974 | INFO  | SCMAudit | user=jenkins1000 | ip=192.168.34.31 | op=SEND_HEARTBEAT {datanodeUUID=3cf1264f-5f6b-4138-aeee-2ff7d4522ead, command=[]} | ret=SUCCESS |  
2019-08-22 07:03:58,974 | INFO  | SCMAudit | user=jenkins1000 | ip=192.168.34.31 | op=SEND_HEARTBEAT {datanodeUUID=f789f48f-f3d7-45ec-9bba-6a89e2bdcc9c, command=[]} | ret=SUCCESS |  
 0.00% |█                                                                                                    |  0/1 Time: 0:00:412019-08-22 07:03:59,138 | INFO  | SCMAudit | user=jenkins1000 | ip=192.168.34.31 | op=SEND_HEARTBEAT {datanodeUUID=4f0d1a15-8f14-4d9a-ad4f-8211e1245b5d, command=[]} | ret=SUCCESS |  
2019-08-22 07:03:59,973 | INFO  | SCMAudit | user=jenkins1000 | ip=192.168.34.31 | op=SEND_HEARTBEAT {datanodeUUID=3cf1264f-5f6b-4138-aeee-2ff7d4522ead, command=[]} | ret=SUCCESS |  
2019-08-22 07:03:59,974 | INFO  | SCMAudit | user=jenkins1000 | ip=192.168.34.31 | op=SEND_HEARTBEAT {datanodeUUID=6ab6b5dd-7582-43bd-ad39-1af51ca14a47, command=[]} | ret=SUCCESS |  
2019-08-22 07:03:59,974 | INFO  | SCMAudit | user=jenkins1000 | ip=192.168.34.31 | op=SEND_HEARTBEAT {datanodeUUID=6999f20e-c3f7-4db4-87ca-141c476f2a88, command=[]} | ret=SUCCESS |  
2019-08-22 07:03:59,974 | INFO  | SCMAudit | user=jenkins1000 | ip=192.168.34.31 | op=SEND_HEARTBEAT {datanodeUUID=f789f48f-f3d7-45ec-9bba-6a89e2bdcc9c, command=[]} | ret=SUCCESS |  
 0.00% |█                                                                                                    |  0/1 Time: 0:00:422019-08-22 07:04:00,139 | INFO  | SCMAudit | user=jenkins1000 | ip=192.168.34.31 | op=SEND_HEARTBEAT {datanodeUUID=4f0d1a15-8f14-4d9a-ad4f-8211e1245b5d, command=[]} | ret=SUCCESS |  
2019-08-22 07:04:00,973 | INFO  | SCMAudit | user=jenkins1000 | ip=192.168.34.31 | op=SEND_HEARTBEAT {datanodeUUID=f789f48f-f3d7-45ec-9bba-6a89e2bdcc9c, command=[]} | ret=SUCCESS |  
2019-08-22 07:04:00,974 | INFO  | SCMAudit | user=jenkins1000 | ip=192.168.34.31 | op=SEND_HEARTBEAT {datanodeUUID=3cf1264f-5f6b-4138-aeee-2ff7d4522ead, command=[]} | ret=SUCCESS |  
2019-08-22 07:04:00,974 | INFO  | SCMAudit | user=jenkins1000 | ip=192.168.34.31 | op=SEND_HEARTBEAT {datanodeUUID=6ab6b5dd-7582-43bd-ad39-1af51ca14a47, command=[]} | ret=SUCCESS |  
2019-08-22 07:04:00,974 | INFO  | SCMAudit | user=jenkins1000 | ip=192.168.34.31 | op=SEND_HEARTBEAT {datanodeUUID=6999f20e-c3f7-4db4-87ca-141c476f2a88, command=[]} | ret=SUCCESS |  
 0.00% |█                                                                                                    |  0/1 Time: 0:00:432019-08-22 07:04:01,138 | INFO  | SCMAudit | user=jenkins1000 | ip=192.168.34.31 | op=SEND_HEARTBEAT {datanodeUUID=4f0d1a15-8f14-4d9a-ad4f-8211e1245b5d, command=[]} | ret=SUCCESS |  
2019-08-22 07:04:01,251 [java.util.concurrent.ThreadPoolExecutor$Worker@45dfd4c4[State = -1, empty queue]] WARN  server.GrpcLogAppender (GrpcLogAppender.java:timeoutAppendRequest(200)) - GrpcLogAppender(3cf1264f-5f6b-4138-aeee-2ff7d4522ead->6999f20e-c3f7-4db4-87ca-141c476f2a88): appendEntries Timeout, request=3cf1264f-5f6b-4138-aeee-2ff7d4522ead->6999f20e-c3f7-4db4-87ca-141c476f2a88#5429-t2, previous=(t:2, i:5419), leaderCommit=5415, initializing? false, entries: <empty>
2019-08-22 07:04:01,251 [java.util.concurrent.ThreadPoolExecutor$Worker@584488ba[State = -1, empty queue]] WARN  server.GrpcLogAppender (GrpcLogAppender.java:timeoutAppendRequest(200)) - GrpcLogAppender(3cf1264f-5f6b-4138-aeee-2ff7d4522ead->4f0d1a15-8f14-4d9a-ad4f-8211e1245b5d): appendEntries Timeout, request=3cf1264f-5f6b-4138-aeee-2ff7d4522ead->4f0d1a15-8f14-4d9a-ad4f-8211e1245b5d#5429-t2, previous=(t:2, i:5419), leaderCommit=5415, initializing? false, entries: <empty>
2019-08-22 07:04:01,974 | INFO  | SCMAudit | user=jenkins1000 | ip=192.168.34.31 | op=SEND_HEARTBEAT {datanodeUUID=f789f48f-f3d7-45ec-9bba-6a89e2bdcc9c, command=[]} | ret=SUCCESS |  
2019-08-22 07:04:01,974 | INFO  | SCMAudit | user=jenkins1000 | ip=192.168.34.31 | op=SEND_HEARTBEAT {datanodeUUID=3cf1264f-5f6b-4138-aeee-2ff7d4522ead, command=[]} | ret=SUCCESS |  
2019-08-22 07:04:01,974 | INFO  | SCMAudit | user=jenkins1000 | ip=192.168.34.31 | op=SEND_HEARTBEAT {datanodeUUID=6ab6b5dd-7582-43bd-ad39-1af51ca14a47, command=[]} | ret=SUCCESS |  
2019-08-22 07:04:01,974 | INFO  | SCMAudit | user=jenkins1000 | ip=192.168.34.31 | op=SEND_HEARTBEAT {datanodeUUID=6999f20e-c3f7-4db4-87ca-141c476f2a88, command=[]} | ret=SUCCESS |  
 0.00% |█                                                                                                    |  0/1 Time: 0:00:442019-08-22 07:04:02,143 | INFO  | SCMAudit | user=jenkins1000 | ip=192.168.34.31 | op=SEND_HEARTBEAT {datanodeUUID=4f0d1a15-8f14-4d9a-ad4f-8211e1245b5d, command=[]} | ret=SUCCESS |  
2019-08-22 07:04:02,974 | INFO  | SCMAudit | user=jenkins1000 | ip=192.168.34.31 | op=SEND_HEARTBEAT {datanodeUUID=f789f48f-f3d7-45ec-9bba-6a89e2bdcc9c, command=[]} | ret=SUCCESS |  
2019-08-22 07:04:02,974 | INFO  | SCMAudit | user=jenkins1000 | ip=192.168.34.31 | op=SEND_HEARTBEAT {datanodeUUID=3cf1264f-5f6b-4138-aeee-2ff7d4522ead, command=[]} | ret=SUCCESS |  
2019-08-22 07:04:02,974 | INFO  | SCMAudit | user=jenkins1000 | ip=192.168.34.31 | op=SEND_HEARTBEAT {datanodeUUID=6999f20e-c3f7-4db4-87ca-141c476f2a88, command=[]} | ret=SUCCESS |  
2019-08-22 07:04:02,974 | INFO  | SCMAudit | user=jenkins1000 | ip=192.168.34.31 | op=SEND_HEARTBEAT {datanodeUUID=6ab6b5dd-7582-43bd-ad39-1af51ca14a47, command=[]} | ret=SUCCESS |  
 0.00% |█                                                                                                    |  0/1 Time: 0:00:452019-08-22 07:04:03,139 | INFO  | SCMAudit | user=jenkins1000 | ip=192.168.34.31 | op=SEND_HEARTBEAT {datanodeUUID=4f0d1a15-8f14-4d9a-ad4f-8211e1245b5d, command=[]} | ret=SUCCESS |  
2019-08-22 07:04:03,261 [pool-282-thread-1] WARN  storage.CommitWatcher (CommitWatcher.java:watchForCommit(203)) - watchForCommit failed for index 5413
java.util.concurrent.TimeoutException
	at java.util.concurrent.CompletableFuture.timedGet(CompletableFuture.java:1771)
	at java.util.concurrent.CompletableFuture.get(CompletableFuture.java:1915)
	at org.apache.hadoop.hdds.scm.XceiverClientRatis.watchForCommit(XceiverClientRatis.java:268)
	at org.apache.hadoop.hdds.scm.storage.CommitWatcher.watchForCommit(CommitWatcher.java:194)
	at org.apache.hadoop.hdds.scm.storage.CommitWatcher.watchOnFirstIndex(CommitWatcher.java:135)
	at org.apache.hadoop.hdds.scm.storage.BlockOutputStream.watchForCommit(BlockOutputStream.java:347)
	at org.apache.hadoop.hdds.scm.storage.BlockOutputStream.handleFullBuffer(BlockOutputStream.java:324)
	at org.apache.hadoop.hdds.scm.storage.BlockOutputStream.write(BlockOutputStream.java:251)
	at org.apache.hadoop.ozone.client.io.BlockOutputStreamEntry.write(BlockOutputStreamEntry.java:129)
	at org.apache.hadoop.ozone.client.io.KeyOutputStream.handleWrite(KeyOutputStream.java:211)
	at org.apache.hadoop.ozone.client.io.KeyOutputStream.write(KeyOutputStream.java:193)
	at org.apache.hadoop.ozone.client.io.OzoneOutputStream.write(OzoneOutputStream.java:49)
	at org.apache.hadoop.ozone.freon.RandomKeyGenerator.createKey(RandomKeyGenerator.java:699)
	at org.apache.hadoop.ozone.freon.RandomKeyGenerator.access$1100(RandomKeyGenerator.java:87)
	at org.apache.hadoop.ozone.freon.RandomKeyGenerator$ObjectCreator.run(RandomKeyGenerator.java:606)
	at java.util.concurrent.Executors$RunnableAdapter.call(Executors.java:511)
	at java.util.concurrent.FutureTask.run(FutureTask.java:266)
	at java.util.concurrent.ThreadPoolExecutor.runWorker(ThreadPoolExecutor.java:1149)
	at java.util.concurrent.ThreadPoolExecutor$Worker.run(ThreadPoolExecutor.java:624)
	at java.lang.Thread.run(Thread.java:748)
2019-08-22 07:04:03,263 [pool-282-thread-1] WARN  io.KeyOutputStream (KeyOutputStream.java:handleException(276)) - Encountered exception java.io.IOException: Unexpected Storage Container Exception: java.io.IOException: Unexpected Storage Container Exception: java.util.concurrent.TimeoutException on the pipeline Pipeline[ Id: f5222b1c-318c-497e-9772-561e16522154, Nodes: 4f0d1a15-8f14-4d9a-ad4f-8211e1245b5d{ip: 192.168.34.31, host: trunk-nightly-pz9vg-1800738566, networkLocation: /default-rack, certSerialId: null}6999f20e-c3f7-4db4-87ca-141c476f2a88{ip: 192.168.34.31, host: trunk-nightly-pz9vg-1800738566, networkLocation: /default-rack, certSerialId: null}3cf1264f-5f6b-4138-aeee-2ff7d4522ead{ip: 192.168.34.31, host: trunk-nightly-pz9vg-1800738566, networkLocation: /default-rack, certSerialId: null}, Type:RATIS, Factor:THREE, State:OPEN]. The last committed block length is 0, uncommitted data length is 2097152 retry count 0
2019-08-22 07:04:03,306 [IPC Server handler 14 on 37754] WARN  block.BlockManagerImpl (BlockManagerImpl.java:allocateBlock(192)) - Pipeline creation failed for type:RATIS factor:THREE. Retrying get pipelines call once.
org.apache.hadoop.hdds.scm.pipeline.InsufficientDatanodesException: Cannot create pipeline of factor 3 using 2 nodes.
	at org.apache.hadoop.hdds.scm.pipeline.RatisPipelineProvider.create(RatisPipelineProvider.java:151)
	at org.apache.hadoop.hdds.scm.pipeline.PipelineFactory.create(PipelineFactory.java:57)
	at org.apache.hadoop.hdds.scm.pipeline.SCMPipelineManager.createPipeline(SCMPipelineManager.java:149)
	at org.apache.hadoop.hdds.scm.block.BlockManagerImpl.allocateBlock(BlockManagerImpl.java:190)
	at org.apache.hadoop.hdds.scm.server.SCMBlockProtocolServer.allocateBlock(SCMBlockProtocolServer.java:175)
	at org.apache.hadoop.ozone.protocolPB.ScmBlockLocationProtocolServerSideTranslatorPB.allocateScmBlock(ScmBlockLocationProtocolServerSideTranslatorPB.java:153)
	at org.apache.hadoop.ozone.protocolPB.ScmBlockLocationProtocolServerSideTranslatorPB.send(ScmBlockLocationProtocolServerSideTranslatorPB.java:112)
	at org.apache.hadoop.hdds.protocol.proto.ScmBlockLocationProtocolProtos$ScmBlockLocationProtocolService$2.callBlockingMethod(ScmBlockLocationProtocolProtos.java:13157)
	at org.apache.hadoop.ipc.ProtobufRpcEngine$Server$ProtoBufRpcInvoker.call(ProtobufRpcEngine.java:524)
	at org.apache.hadoop.ipc.RPC$Server.call(RPC.java:1025)
	at org.apache.hadoop.ipc.Server$RpcCall.run(Server.java:876)
	at org.apache.hadoop.ipc.Server$RpcCall.run(Server.java:822)
	at java.security.AccessController.doPrivileged(Native Method)
	at javax.security.auth.Subject.doAs(Subject.java:422)
	at org.apache.hadoop.security.UserGroupInformation.doAs(UserGroupInformation.java:1730)
	at org.apache.hadoop.ipc.Server$Handler.run(Server.java:2682)
2019-08-22 07:04:03,307 [IPC Server handler 14 on 37754] INFO  block.BlockManagerImpl (BlockManagerImpl.java:allocateBlock(198)) - Could not find available pipeline of type:RATIS and factor:THREE even after retrying
2019-08-22 07:04:03,307 [IPC Server handler 14 on 37754] ERROR block.BlockManagerImpl (BlockManagerImpl.java:allocateBlock(222)) - Unable to allocate a block for the size: 4194304, type: RATIS, factor: THREE
2019-08-22 07:04:03,307 | INFO  | SCMAudit | user=jenkins1000 | ip=192.168.34.31 | op=ALLOCATE_BLOCK {owner=04b6d46a-98e2-41b1-9f38-1870289993ea, size=4194304, type=RATIS, factor=THREE} | ret=SUCCESS |  
2019-08-22 07:04:03,310 | ERROR | OMAudit | user=jenkins1000 | ip=127.0.0.1 | op=ALLOCATE_BLOCK {volume=vol-0-14906, bucket=bucket-0-53153, key=key-0-33222, dataSize=0, replicationType=null, replicationFactor=null, keyLocationInfo=null, clientID=102659352017764754} | ret=FAILURE | org.apache.hadoop.hdds.scm.exceptions.SCMException: Allocated 0 blocks. Requested 1 blocks
	at org.apache.hadoop.hdds.scm.protocolPB.ScmBlockLocationProtocolClientSideTranslatorPB.handleError(ScmBlockLocationProtocolClientSideTranslatorPB.java:118)
	at org.apache.hadoop.hdds.scm.protocolPB.ScmBlockLocationProtocolClientSideTranslatorPB.allocateBlock(ScmBlockLocationProtocolClientSideTranslatorPB.java:156) 
2019-08-22 07:04:03,314 [pool-282-thread-1] ERROR io.BlockOutputStreamEntryPool (BlockOutputStreamEntryPool.java:allocateBlockIfNeeded(299)) - Try to allocate more blocks for write failed, already allocated 0 blocks for this write.
INTERNAL_ERROR org.apache.hadoop.ozone.om.exceptions.OMException: Allocated 0 blocks. Requested 1 blocks
	at org.apache.hadoop.ozone.om.protocolPB.OzoneManagerProtocolClientSideTranslatorPB.handleError(OzoneManagerProtocolClientSideTranslatorPB.java:725)
	at org.apache.hadoop.ozone.om.protocolPB.OzoneManagerProtocolClientSideTranslatorPB.allocateBlock(OzoneManagerProtocolClientSideTranslatorPB.java:757)
	at org.apache.hadoop.ozone.client.io.BlockOutputStreamEntryPool.allocateNewBlock(BlockOutputStreamEntryPool.java:248)
	at org.apache.hadoop.ozone.client.io.BlockOutputStreamEntryPool.allocateBlockIfNeeded(BlockOutputStreamEntryPool.java:296)
	at org.apache.hadoop.ozone.client.io.KeyOutputStream.handleWrite(KeyOutputStream.java:201)
	at org.apache.hadoop.ozone.client.io.KeyOutputStream.handleRetry(KeyOutputStream.java:376)
	at org.apache.hadoop.ozone.client.io.KeyOutputStream.handleException(KeyOutputStream.java:325)
	at org.apache.hadoop.ozone.client.io.KeyOutputStream.handleWrite(KeyOutputStream.java:231)
	at org.apache.hadoop.ozone.client.io.KeyOutputStream.write(KeyOutputStream.java:193)
	at org.apache.hadoop.ozone.client.io.OzoneOutputStream.write(OzoneOutputStream.java:49)
	at org.apache.hadoop.ozone.freon.RandomKeyGenerator.createKey(RandomKeyGenerator.java:699)
	at org.apache.hadoop.ozone.freon.RandomKeyGenerator.access$1100(RandomKeyGenerator.java:87)
	at org.apache.hadoop.ozone.freon.RandomKeyGenerator$ObjectCreator.run(RandomKeyGenerator.java:606)
	at java.util.concurrent.Executors$RunnableAdapter.call(Executors.java:511)
	at java.util.concurrent.FutureTask.run(FutureTask.java:266)
	at java.util.concurrent.ThreadPoolExecutor.runWorker(ThreadPoolExecutor.java:1149)
	at java.util.concurrent.ThreadPoolExecutor$Worker.run(ThreadPoolExecutor.java:624)
	at java.lang.Thread.run(Thread.java:748)
2019-08-22 07:04:03,317 [pool-282-thread-1] ERROR freon.RandomKeyGenerator (RandomKeyGenerator.java:createKey(724)) - Exception while adding key: key-0-33222 in bucket: bucket-0-53153 of volume: vol-0-14906.
INTERNAL_ERROR org.apache.hadoop.ozone.om.exceptions.OMException: Allocated 0 blocks. Requested 1 blocks
	at org.apache.hadoop.ozone.om.protocolPB.OzoneManagerProtocolClientSideTranslatorPB.handleError(OzoneManagerProtocolClientSideTranslatorPB.java:725)
	at org.apache.hadoop.ozone.om.protocolPB.OzoneManagerProtocolClientSideTranslatorPB.allocateBlock(OzoneManagerProtocolClientSideTranslatorPB.java:757)
	at org.apache.hadoop.ozone.client.io.BlockOutputStreamEntryPool.allocateNewBlock(BlockOutputStreamEntryPool.java:248)
	at org.apache.hadoop.ozone.client.io.BlockOutputStreamEntryPool.allocateBlockIfNeeded(BlockOutputStreamEntryPool.java:296)
	at org.apache.hadoop.ozone.client.io.KeyOutputStream.handleWrite(KeyOutputStream.java:201)
	at org.apache.hadoop.ozone.client.io.KeyOutputStream.handleRetry(KeyOutputStream.java:376)
	at org.apache.hadoop.ozone.client.io.KeyOutputStream.handleException(KeyOutputStream.java:325)
	at org.apache.hadoop.ozone.client.io.KeyOutputStream.handleWrite(KeyOutputStream.java:231)
	at org.apache.hadoop.ozone.client.io.KeyOutputStream.write(KeyOutputStream.java:193)
	at org.apache.hadoop.ozone.client.io.OzoneOutputStream.write(OzoneOutputStream.java:49)
	at org.apache.hadoop.ozone.freon.RandomKeyGenerator.createKey(RandomKeyGenerator.java:699)
	at org.apache.hadoop.ozone.freon.RandomKeyGenerator.access$1100(RandomKeyGenerator.java:87)
	at org.apache.hadoop.ozone.freon.RandomKeyGenerator$ObjectCreator.run(RandomKeyGenerator.java:606)
	at java.util.concurrent.Executors$RunnableAdapter.call(Executors.java:511)
	at java.util.concurrent.FutureTask.run(FutureTask.java:266)
	at java.util.concurrent.ThreadPoolExecutor.runWorker(ThreadPoolExecutor.java:1149)
	at java.util.concurrent.ThreadPoolExecutor$Worker.run(ThreadPoolExecutor.java:624)
	at java.lang.Thread.run(Thread.java:748)
2019-08-22 07:04:03,561 [grpc-default-executor-1] WARN  server.GrpcLogAppender (GrpcLogAppender.java:onNextImpl(250)) - org.apache.ratis.grpc.server.GrpcLogAppender$AppendLogResponseHandler@4a0b3149: Request not found, ignoring reply: 3cf1264f-5f6b-4138-aeee-2ff7d4522ead<-6999f20e-c3f7-4db4-87ca-141c476f2a88#5426:OK,SUCCESS,nextIndex:5419,term:2,followerCommit:5415
2019-08-22 07:04:03,562 [grpc-default-executor-1] WARN  server.GrpcLogAppender (GrpcLogAppender.java:onNextImpl(250)) - org.apache.ratis.grpc.server.GrpcLogAppender$AppendLogResponseHandler@4a0b3149: Request not found, ignoring reply: 3cf1264f-5f6b-4138-aeee-2ff7d4522ead<-6999f20e-c3f7-4db4-87ca-141c476f2a88#5427:OK,SUCCESS,nextIndex:5420,term:2,followerCommit:5415
2019-08-22 07:04:03,562 [grpc-default-executor-1] WARN  server.GrpcLogAppender (GrpcLogAppender.java:onNextImpl(250)) - org.apache.ratis.grpc.server.GrpcLogAppender$AppendLogResponseHandler@4a0b3149: Request not found, ignoring reply: 3cf1264f-5f6b-4138-aeee-2ff7d4522ead<-6999f20e-c3f7-4db4-87ca-141c476f2a88#5428:OK,SUCCESS,nextIndex:5420,term:2,followerCommit:5415
2019-08-22 07:04:03,562 [grpc-default-executor-1] WARN  server.GrpcLogAppender (GrpcLogAppender.java:onNextImpl(250)) - org.apache.ratis.grpc.server.GrpcLogAppender$AppendLogResponseHandler@4a0b3149: Request not found, ignoring reply: 3cf1264f-5f6b-4138-aeee-2ff7d4522ead<-6999f20e-c3f7-4db4-87ca-141c476f2a88#5429:OK,SUCCESS,nextIndex:5420,term:2,followerCommit:5415
2019-08-22 07:04:03,564 [grpc-default-executor-1] INFO  client.GrpcClientProtocolClient (GrpcClientProtocolClient.java:onNext(255)) - client-CF63D631FA17->3cf1264f-5f6b-4138-aeee-2ff7d4522ead: receive RaftClientReply:client-CF63D631FA17->3cf1264f-5f6b-4138-aeee-2ff7d4522ead@group-561E16522154, cid=3565, SUCCESS, logIndex=0, commits[3cf1264f-5f6b-4138-aeee-2ff7d4522ead:c5415, 4f0d1a15-8f14-4d9a-ad4f-8211e1245b5d:c5411, 6999f20e-c3f7-4db4-87ca-141c476f2a88:c5415]
2019-08-22 07:04:03,565 [grpc-default-executor-1] WARN  server.GrpcLogAppender (GrpcLogAppender.java:onNextImpl(250)) - org.apache.ratis.grpc.server.GrpcLogAppender$AppendLogResponseHandler@3974bf7c: Request not found, ignoring reply: 3cf1264f-5f6b-4138-aeee-2ff7d4522ead<-4f0d1a15-8f14-4d9a-ad4f-8211e1245b5d#5426:OK,SUCCESS,nextIndex:5419,term:2,followerCommit:5415
2019-08-22 07:04:03,565 [grpc-default-executor-5] INFO  client.GrpcClientProtocolClient (GrpcClientProtocolClient.java:onNext(255)) - client-CF63D631FA17->3cf1264f-5f6b-4138-aeee-2ff7d4522ead: receive RaftClientReply:client-CF63D631FA17->3cf1264f-5f6b-4138-aeee-2ff7d4522ead@group-561E16522154, cid=3565, SUCCESS, logIndex=0, commits[3cf1264f-5f6b-4138-aeee-2ff7d4522ead:c5415, 4f0d1a15-8f14-4d9a-ad4f-8211e1245b5d:c5411, 6999f20e-c3f7-4db4-87ca-141c476f2a88:c5415]
2019-08-22 07:04:03,565 [grpc-default-executor-1] WARN  server.GrpcLogAppender (GrpcLogAppender.java:onNextImpl(250)) - org.apache.ratis.grpc.server.GrpcLogAppender$AppendLogResponseHandler@3974bf7c: Request not found, ignoring reply: 3cf1264f-5f6b-4138-aeee-2ff7d4522ead<-4f0d1a15-8f14-4d9a-ad4f-8211e1245b5d#5427:OK,SUCCESS,nextIndex:5420,term:2,followerCommit:5415
2019-08-22 07:04:03,565 [grpc-default-executor-1] WARN  server.GrpcLogAppender (GrpcLogAppender.java:onNextImpl(250)) - org.apache.ratis.grpc.server.GrpcLogAppender$AppendLogResponseHandler@3974bf7c: Request not found, ignoring reply: 3cf1264f-5f6b-4138-aeee-2ff7d4522ead<-4f0d1a15-8f14-4d9a-ad4f-8211e1245b5d#5428:OK,SUCCESS,nextIndex:5420,term:2,followerCommit:5415
2019-08-22 07:04:03,566 [grpc-default-executor-1] WARN  server.GrpcLogAppender (GrpcLogAppender.java:onNextImpl(250)) - org.apache.ratis.grpc.server.GrpcLogAppender$AppendLogResponseHandler@3974bf7c: Request not found, ignoring reply: 3cf1264f-5f6b-4138-aeee-2ff7d4522ead<-4f0d1a15-8f14-4d9a-ad4f-8211e1245b5d#5429:OK,SUCCESS,nextIndex:5420,term:2,followerCommit:5415
2019-08-22 07:04:03,567 [grpc-default-executor-5] INFO  client.GrpcClientProtocolClient (GrpcClientProtocolClient.java:onNext(255)) - client-CF63D631FA17->3cf1264f-5f6b-4138-aeee-2ff7d4522ead: receive RaftClientReply:client-CF63D631FA17->3cf1264f-5f6b-4138-aeee-2ff7d4522ead@group-561E16522154, cid=3564, SUCCESS, logIndex=0, commits[3cf1264f-5f6b-4138-aeee-2ff7d4522ead:c5419, 4f0d1a15-8f14-4d9a-ad4f-8211e1245b5d:c5415, 6999f20e-c3f7-4db4-87ca-141c476f2a88:c5415]
2019-08-22 07:04:03,567 [grpc-default-executor-5] INFO  client.GrpcClientProtocolClient (GrpcClientProtocolClient.java:onNext(255)) - client-CF63D631FA17->3cf1264f-5f6b-4138-aeee-2ff7d4522ead: receive RaftClientReply:client-CF63D631FA17->3cf1264f-5f6b-4138-aeee-2ff7d4522ead@group-561E16522154, cid=3564, SUCCESS, logIndex=0, commits[3cf1264f-5f6b-4138-aeee-2ff7d4522ead:c5419, 4f0d1a15-8f14-4d9a-ad4f-8211e1245b5d:c5415, 6999f20e-c3f7-4db4-87ca-141c476f2a88:c5415]
2019-08-22 07:04:03,567 [grpc-default-executor-5] INFO  client.GrpcClientProtocolClient (GrpcClientProtocolClient.java:onNext(255)) - client-CF63D631FA17->3cf1264f-5f6b-4138-aeee-2ff7d4522ead: receive RaftClientReply:client-CF63D631FA17->3cf1264f-5f6b-4138-aeee-2ff7d4522ead@group-561E16522154, cid=3564, SUCCESS, logIndex=0, commits[3cf1264f-5f6b-4138-aeee-2ff7d4522ead:c5419, 4f0d1a15-8f14-4d9a-ad4f-8211e1245b5d:c5415, 6999f20e-c3f7-4db4-87ca-141c476f2a88:c5415]
2019-08-22 07:04:03,974 | INFO  | SCMAudit | user=jenkins1000 | ip=192.168.34.31 | op=SEND_HEARTBEAT {datanodeUUID=f789f48f-f3d7-45ec-9bba-6a89e2bdcc9c, command=[]} | ret=SUCCESS |  
2019-08-22 07:04:03,975 | INFO  | SCMAudit | user=jenkins1000 | ip=192.168.34.31 | op=SEND_HEARTBEAT {datanodeUUID=6999f20e-c3f7-4db4-87ca-141c476f2a88, command=[]} | ret=SUCCESS |  
2019-08-22 07:04:03,975 | INFO  | SCMAudit | user=jenkins1000 | ip=192.168.34.31 | op=SEND_HEARTBEAT {datanodeUUID=3cf1264f-5f6b-4138-aeee-2ff7d4522ead, command=[]} | ret=SUCCESS |  
2019-08-22 07:04:03,975 | INFO  | SCMAudit | user=jenkins1000 | ip=192.168.34.31 | op=SEND_HEARTBEAT {datanodeUUID=6ab6b5dd-7582-43bd-ad39-1af51ca14a47, command=[]} | ret=SUCCESS |  
 0.00% |█                                                                                                    |  0/1 Time: 0:00:462019-08-22 07:04:04,138 | INFO  | SCMAudit | user=jenkins1000 | ip=192.168.34.31 | op=SEND_HEARTBEAT {datanodeUUID=4f0d1a15-8f14-4d9a-ad4f-8211e1245b5d, command=[]} | ret=SUCCESS |  
2019-08-22 07:04:04,974 | INFO  | SCMAudit | user=jenkins1000 | ip=192.168.34.31 | op=SEND_HEARTBEAT {datanodeUUID=3cf1264f-5f6b-4138-aeee-2ff7d4522ead, command=[]} | ret=SUCCESS |  
2019-08-22 07:04:04,974 | INFO  | SCMAudit | user=jenkins1000 | ip=192.168.34.31 | op=SEND_HEARTBEAT {datanodeUUID=f789f48f-f3d7-45ec-9bba-6a89e2bdcc9c, command=[]} | ret=SUCCESS |  
2019-08-22 07:04:04,975 | INFO  | SCMAudit | user=jenkins1000 | ip=192.168.34.31 | op=SEND_HEARTBEAT {datanodeUUID=6999f20e-c3f7-4db4-87ca-141c476f2a88, command=[]} | ret=SUCCESS |  
2019-08-22 07:04:04,975 | INFO  | SCMAudit | user=jenkins1000 | ip=192.168.34.31 | op=SEND_HEARTBEAT {datanodeUUID=6ab6b5dd-7582-43bd-ad39-1af51ca14a47, command=[]} | ret=SUCCESS |  
 0.00% |█                                                                                                    |  0/1 Time: 0:00:472019-08-22 07:04:05,139 | INFO  | SCMAudit | user=jenkins1000 | ip=192.168.34.31 | op=SEND_HEARTBEAT {datanodeUUID=4f0d1a15-8f14-4d9a-ad4f-8211e1245b5d, command=[]} | ret=SUCCESS |  
2019-08-22 07:04:05,973 | INFO  | SCMAudit | user=jenkins1000 | ip=192.168.34.31 | op=SEND_HEARTBEAT {datanodeUUID=f789f48f-f3d7-45ec-9bba-6a89e2bdcc9c, command=[]} | ret=SUCCESS |  
2019-08-22 07:04:05,974 | INFO  | SCMAudit | user=jenkins1000 | ip=192.168.34.31 | op=SEND_HEARTBEAT {datanodeUUID=3cf1264f-5f6b-4138-aeee-2ff7d4522ead, command=[]} | ret=SUCCESS |  
2019-08-22 07:04:05,976 | INFO  | SCMAudit | user=jenkins1000 | ip=192.168.34.31 | op=SEND_HEARTBEAT {datanodeUUID=6ab6b5dd-7582-43bd-ad39-1af51ca14a47, command=[]} | ret=SUCCESS |  
2019-08-22 07:04:05,976 | INFO  | SCMAudit | user=jenkins1000 | ip=192.168.34.31 | op=SEND_HEARTBEAT {datanodeUUID=6999f20e-c3f7-4db4-87ca-141c476f2a88, command=[]} | ret=SUCCESS |  
 0.00% |█                                                                                                    |  0/1 Time: 0:00:482019-08-22 07:04:06,138 | INFO  | SCMAudit | user=jenkins1000 | ip=192.168.34.31 | op=SEND_HEARTBEAT {datanodeUUID=4f0d1a15-8f14-4d9a-ad4f-8211e1245b5d, command=[]} | ret=SUCCESS |  
2019-08-22 07:04:06,974 | INFO  | SCMAudit | user=jenkins1000 | ip=192.168.34.31 | op=SEND_HEARTBEAT {datanodeUUID=3cf1264f-5f6b-4138-aeee-2ff7d4522ead, command=[]} | ret=SUCCESS |  
2019-08-22 07:04:06,974 | INFO  | SCMAudit | user=jenkins1000 | ip=192.168.34.31 | op=SEND_HEARTBEAT {datanodeUUID=f789f48f-f3d7-45ec-9bba-6a89e2bdcc9c, command=[]} | ret=SUCCESS |  
2019-08-22 07:04:06,975 | INFO  | SCMAudit | user=jenkins1000 | ip=192.168.34.31 | op=SEND_HEARTBEAT {datanodeUUID=6999f20e-c3f7-4db4-87ca-141c476f2a88, command=[]} | ret=SUCCESS |  
2019-08-22 07:04:06,975 | INFO  | SCMAudit | user=jenkins1000 | ip=192.168.34.31 | op=SEND_HEARTBEAT {datanodeUUID=6ab6b5dd-7582-43bd-ad39-1af51ca14a47, command=[]} | ret=SUCCESS |  
 0.00% |█                                                                                                    |  0/1 Time: 0:00:492019-08-22 07:04:07,139 | INFO  | SCMAudit | user=jenkins1000 | ip=192.168.34.31 | op=SEND_HEARTBEAT {datanodeUUID=4f0d1a15-8f14-4d9a-ad4f-8211e1245b5d, command=[]} | ret=SUCCESS |  
2019-08-22 07:04:07,973 | INFO  | SCMAudit | user=jenkins1000 | ip=192.168.34.31 | op=SEND_HEARTBEAT {datanodeUUID=f789f48f-f3d7-45ec-9bba-6a89e2bdcc9c, command=[]} | ret=SUCCESS |  
2019-08-22 07:04:07,974 | INFO  | SCMAudit | user=jenkins1000 | ip=192.168.34.31 | op=SEND_HEARTBEAT {datanodeUUID=3cf1264f-5f6b-4138-aeee-2ff7d4522ead, command=[]} | ret=SUCCESS |  
2019-08-22 07:04:07,976 | INFO  | SCMAudit | user=jenkins1000 | ip=192.168.34.31 | op=SEND_HEARTBEAT {datanodeUUID=6999f20e-c3f7-4db4-87ca-141c476f2a88, command=[]} | ret=SUCCESS |  
2019-08-22 07:04:07,976 | INFO  | SCMAudit | user=jenkins1000 | ip=192.168.34.31 | op=SEND_HEARTBEAT {datanodeUUID=6ab6b5dd-7582-43bd-ad39-1af51ca14a47, command=[]} | ret=SUCCESS |  
 100.00% |█████████████████████████████████████████████████████████████████████████████████████████████████████|  1/1 Time: 0:00:50
]]></system-out>
  </testcase>
  <testcase name="fileWithSizeZero" classname="org.apache.hadoop.ozone.freon.TestRandomKeyGenerator" time="5.056"/>
  <testcase name="multiThread" classname="org.apache.hadoop.ozone.freon.TestRandomKeyGenerator" time="5.028"/>
</testsuite>