<?xml version="1.0" encoding="UTF-8"?>
<testsuite xmlns:xsi="http://www.w3.org/2001/XMLSchema-instance" xsi:noNamespaceSchemaLocation="https://maven.apache.org/surefire/maven-surefire-plugin/xsd/surefire-test-report.xsd" name="org.apache.hadoop.ozone.client.rpc.TestMultiBlockWritesWithDnFailures" time="21.374" tests="1" errors="1" skipped="0" failures="0">
  <properties>
    <property name="awt.toolkit" value="sun.awt.X11.XToolkit"/>
    <property name="file.encoding.pkg" value="sun.io"/>
    <property name="java.specification.version" value="1.8"/>
    <property name="sun.cpu.isalist" value=""/>
    <property name="sun.jnu.encoding" value="UTF-8"/>
    <property name="java.class.path" value="/workdir/hadoop-ozone/integration-test/target/test-classes:/workdir/hadoop-ozone/integration-test/target/classes:/home/user/.m2/repository/org/apache/hadoop/hadoop-ozone-common/0.4.1-SNAPSHOT/hadoop-ozone-common-0.4.1-SNAPSHOT.jar:/home/user/.m2/repository/org/apache/commons/commons-compress/1.4.1/commons-compress-1.4.1.jar:/home/user/.m2/repository/org/tukaani/xz/1.0/xz-1.0.jar:/home/user/.m2/repository/org/apache/hadoop/hadoop-common/3.2.0/hadoop-common-3.2.0.jar:/home/user/.m2/repository/org/apache/hadoop/hadoop-hdfs/3.2.0/hadoop-hdfs-3.2.0.jar:/home/user/.m2/repository/org/apache/hadoop/hadoop-hdfs-client/3.2.0/hadoop-hdfs-client-3.2.0.jar:/home/user/.m2/repository/com/fasterxml/jackson/core/jackson-annotations/2.9.5/jackson-annotations-2.9.5.jar:/home/user/.m2/repository/org/apache/hadoop/hadoop-hdds-common/0.4.1-SNAPSHOT/hadoop-hdds-common-0.4.1-SNAPSHOT.jar:/home/user/.m2/repository/javax/annotation/javax.annotation-api/1.2/javax.annotation-api-1.2.jar:/home/user/.m2/repository/org/apache/ratis/ratis-server/0.4.0-2337318-SNAPSHOT/ratis-server-0.4.0-2337318-SNAPSHOT.jar:/home/user/.m2/repository/org/apache/ratis/ratis-thirdparty-misc/0.2.0/ratis-thirdparty-misc-0.2.0.jar:/home/user/.m2/repository/org/apache/ratis/ratis-proto/0.4.0-2337318-SNAPSHOT/ratis-proto-0.4.0-2337318-SNAPSHOT.jar:/home/user/.m2/repository/org/apache/ratis/ratis-common/0.4.0-2337318-SNAPSHOT/ratis-common-0.4.0-2337318-SNAPSHOT.jar:/home/user/.m2/repository/org/apache/ratis/ratis-client/0.4.0-2337318-SNAPSHOT/ratis-client-0.4.0-2337318-SNAPSHOT.jar:/home/user/.m2/repository/org/apache/ratis/ratis-metrics/0.4.0-2337318-SNAPSHOT/ratis-metrics-0.4.0-2337318-SNAPSHOT.jar:/home/user/.m2/repository/org/apache/ratis/ratis-netty/0.4.0-2337318-SNAPSHOT/ratis-netty-0.4.0-2337318-SNAPSHOT.jar:/home/user/.m2/repository/org/apache/ratis/ratis-grpc/0.4.0-2337318-SNAPSHOT/ratis-grpc-0.4.0-2337318-SNAPSHOT.jar:/home/user/.m2/repository/org/rocksdb/rocksdbjni/6.0.1/rocksdbjni-6.0.1.jar:/home/user/.m2/repository/org/apache/logging/log4j/log4j-api/2.11.0/log4j-api-2.11.0.jar:/home/user/.m2/repository/org/apache/logging/log4j/log4j-core/2.11.0/log4j-core-2.11.0.jar:/home/user/.m2/repository/com/lmax/disruptor/3.4.2/disruptor-3.4.2.jar:/home/user/.m2/repository/org/apache/commons/commons-pool2/2.6.0/commons-pool2-2.6.0.jar:/home/user/.m2/repository/org/bouncycastle/bcpkix-jdk15on/1.60/bcpkix-jdk15on-1.60.jar:/home/user/.m2/repository/commons-validator/commons-validator/1.6/commons-validator-1.6.jar:/home/user/.m2/repository/commons-digester/commons-digester/1.8.1/commons-digester-1.8.1.jar:/home/user/.m2/repository/io/jaegertracing/jaeger-client/0.33.1/jaeger-client-0.33.1.jar:/home/user/.m2/repository/io/jaegertracing/jaeger-thrift/0.33.1/jaeger-thrift-0.33.1.jar:/home/user/.m2/repository/org/apache/thrift/libthrift/0.11.0/libthrift-0.11.0.jar:/home/user/.m2/repository/com/squareup/okhttp3/okhttp/3.9.0/okhttp-3.9.0.jar:/home/user/.m2/repository/com/squareup/okio/okio/1.13.0/okio-1.13.0.jar:/home/user/.m2/repository/io/jaegertracing/jaeger-core/0.33.1/jaeger-core-0.33.1.jar:/home/user/.m2/repository/io/jaegertracing/jaeger-tracerresolver/0.33.1/jaeger-tracerresolver-0.33.1.jar:/home/user/.m2/repository/io/opentracing/contrib/opentracing-tracerresolver/0.1.5/opentracing-tracerresolver-0.1.5.jar:/home/user/.m2/repository/io/opentracing/opentracing-util/0.31.0/opentracing-util-0.31.0.jar:/home/user/.m2/repository/io/opentracing/opentracing-api/0.31.0/opentracing-api-0.31.0.jar:/home/user/.m2/repository/io/opentracing/opentracing-noop/0.31.0/opentracing-noop-0.31.0.jar:/home/user/.m2/repository/org/apache/hadoop/hadoop-hdds-server-framework/0.4.1-SNAPSHOT/hadoop-hdds-server-framework-0.4.1-SNAPSHOT.jar:/home/user/.m2/repository/org/apache/hadoop/hadoop-hdds-container-service/0.4.1-SNAPSHOT/hadoop-hdds-container-service-0.4.1-SNAPSHOT.jar:/home/user/.m2/repository/org/apache/hadoop/hadoop-hdds-client/0.4.1-SNAPSHOT/hadoop-hdds-client-0.4.1-SNAPSHOT.jar:/home/user/.m2/repository/org/apache/hadoop/hadoop-hdds-tools/0.4.1-SNAPSHOT/hadoop-hdds-tools-0.4.1-SNAPSHOT.jar:/home/user/.m2/repository/org/apache/hadoop/hadoop-hdds-server-scm/0.4.1-SNAPSHOT/hadoop-hdds-server-scm-0.4.1-SNAPSHOT.jar:/home/user/.m2/repository/org/apache/hadoop/hadoop-hdds-docs/0.4.1-SNAPSHOT/hadoop-hdds-docs-0.4.1-SNAPSHOT.jar:/home/user/.m2/repository/io/dropwizard/metrics/metrics-core/3.2.4/metrics-core-3.2.4.jar:/home/user/.m2/repository/org/hamcrest/hamcrest-all/1.3/hamcrest-all-1.3.jar:/home/user/.m2/repository/org/bouncycastle/bcprov-jdk15on/1.60/bcprov-jdk15on-1.60.jar:/home/user/.m2/repository/info/picocli/picocli/3.9.6/picocli-3.9.6.jar:/home/user/.m2/repository/com/google/protobuf/protobuf-java/2.5.0/protobuf-java-2.5.0.jar:/home/user/.m2/repository/com/google/guava/guava/11.0.2/guava-11.0.2.jar:/home/user/.m2/repository/org/apache/hadoop/hadoop-ozone-ozone-manager/0.4.1-SNAPSHOT/hadoop-ozone-ozone-manager-0.4.1-SNAPSHOT.jar:/home/user/.m2/repository/org/apache/hadoop/hadoop-minikdc/3.2.0/hadoop-minikdc-3.2.0.jar:/home/user/.m2/repository/commons-io/commons-io/2.5/commons-io-2.5.jar:/home/user/.m2/repository/org/apache/kerby/kerb-simplekdc/1.0.1/kerb-simplekdc-1.0.1.jar:/home/user/.m2/repository/org/apache/kerby/kerb-client/1.0.1/kerb-client-1.0.1.jar:/home/user/.m2/repository/org/apache/kerby/kerby-config/1.0.1/kerby-config-1.0.1.jar:/home/user/.m2/repository/org/apache/kerby/kerb-core/1.0.1/kerb-core-1.0.1.jar:/home/user/.m2/repository/org/apache/kerby/kerby-pkix/1.0.1/kerby-pkix-1.0.1.jar:/home/user/.m2/repository/org/apache/kerby/kerby-asn1/1.0.1/kerby-asn1-1.0.1.jar:/home/user/.m2/repository/org/apache/kerby/kerby-util/1.0.1/kerby-util-1.0.1.jar:/home/user/.m2/repository/org/apache/kerby/kerb-common/1.0.1/kerb-common-1.0.1.jar:/home/user/.m2/repository/org/apache/kerby/kerb-crypto/1.0.1/kerb-crypto-1.0.1.jar:/home/user/.m2/repository/org/apache/kerby/kerb-util/1.0.1/kerb-util-1.0.1.jar:/home/user/.m2/repository/org/apache/kerby/token-provider/1.0.1/token-provider-1.0.1.jar:/home/user/.m2/repository/org/apache/kerby/kerb-admin/1.0.1/kerb-admin-1.0.1.jar:/home/user/.m2/repository/org/apache/kerby/kerb-server/1.0.1/kerb-server-1.0.1.jar:/home/user/.m2/repository/org/apache/kerby/kerb-identity/1.0.1/kerb-identity-1.0.1.jar:/home/user/.m2/repository/org/apache/kerby/kerby-xdr/1.0.1/kerby-xdr-1.0.1.jar:/home/user/.m2/repository/org/slf4j/slf4j-log4j12/1.7.25/slf4j-log4j12-1.7.25.jar:/home/user/.m2/repository/org/apache/hadoop/hadoop-ozone-objectstore-service/0.4.1-SNAPSHOT/hadoop-ozone-objectstore-service-0.4.1-SNAPSHOT.jar:/home/user/.m2/repository/org/apache/hadoop/hadoop-ozone-s3gateway/0.4.1-SNAPSHOT/hadoop-ozone-s3gateway-0.4.1-SNAPSHOT.jar:/home/user/.m2/repository/org/jboss/weld/servlet/weld-servlet/2.4.7.Final/weld-servlet-2.4.7.Final.jar:/home/user/.m2/repository/org/glassfish/jersey/containers/jersey-container-servlet-core/2.27/jersey-container-servlet-core-2.27.jar:/home/user/.m2/repository/org/glassfish/hk2/external/javax.inject/2.5.0-b42/javax.inject-2.5.0-b42.jar:/home/user/.m2/repository/org/glassfish/jersey/core/jersey-common/2.27/jersey-common-2.27.jar:/home/user/.m2/repository/org/glassfish/hk2/osgi-resource-locator/1.0.1/osgi-resource-locator-1.0.1.jar:/home/user/.m2/repository/javax/ws/rs/javax.ws.rs-api/2.1/javax.ws.rs-api-2.1.jar:/home/user/.m2/repository/org/glassfish/jersey/ext/cdi/jersey-cdi1x/2.27/jersey-cdi1x-2.27.jar:/home/user/.m2/repository/org/glassfish/jersey/inject/jersey-hk2/2.27/jersey-hk2-2.27.jar:/home/user/.m2/repository/org/glassfish/hk2/hk2-locator/2.5.0-b42/hk2-locator-2.5.0-b42.jar:/home/user/.m2/repository/org/javassist/javassist/3.22.0-CR2/javassist-3.22.0-CR2.jar:/home/user/.m2/repository/org/glassfish/hk2/hk2-api/2.5.0/hk2-api-2.5.0.jar:/home/user/.m2/repository/org/glassfish/hk2/external/jakarta.inject/2.5.0/jakarta.inject-2.5.0.jar:/home/user/.m2/repository/org/glassfish/hk2/hk2-utils/2.5.0/hk2-utils-2.5.0.jar:/home/user/.m2/repository/jakarta/annotation/jakarta.annotation-api/1.3.4/jakarta.annotation-api-1.3.4.jar:/home/user/.m2/repository/org/glassfish/hk2/external/aopalliance-repackaged/2.5.0/aopalliance-repackaged-2.5.0.jar:/home/user/.m2/repository/com/fasterxml/jackson/dataformat/jackson-dataformat-xml/2.9.0/jackson-dataformat-xml-2.9.0.jar:/home/user/.m2/repository/com/fasterxml/jackson/core/jackson-core/2.9.5/jackson-core-2.9.5.jar:/home/user/.m2/repository/com/fasterxml/jackson/module/jackson-module-jaxb-annotations/2.9.5/jackson-module-jaxb-annotations-2.9.5.jar:/home/user/.m2/repository/javax/enterprise/cdi-api/1.2/cdi-api-1.2.jar:/home/user/.m2/repository/javax/el/javax.el-api/3.0.0/javax.el-api-3.0.0.jar:/home/user/.m2/repository/javax/interceptor/javax.interceptor-api/1.2/javax.interceptor-api-1.2.jar:/home/user/.m2/repository/javax/inject/javax.inject/1/javax.inject-1.jar:/home/user/.m2/repository/com/sun/xml/bind/jaxb-impl/2.3.0.1/jaxb-impl-2.3.0.1.jar:/home/user/.m2/repository/com/sun/xml/bind/jaxb-core/2.3.0.1/jaxb-core-2.3.0.1.jar:/home/user/.m2/repository/javax/xml/bind/jaxb-api/2.3.0/jaxb-api-2.3.0.jar:/home/user/.m2/repository/javax/activation/activation/1.1.1/activation-1.1.1.jar:/home/user/.m2/repository/org/apache/hadoop/hadoop-ozone-csi/0.4.1-SNAPSHOT/hadoop-ozone-csi-0.4.1-SNAPSHOT.jar:/home/user/.m2/repository/com/google/protobuf/protobuf-java-util/3.5.1/protobuf-java-util-3.5.1.jar:/home/user/.m2/repository/org/apache/hadoop/hadoop-hdds-config/0.4.1-SNAPSHOT/hadoop-hdds-config-0.4.1-SNAPSHOT.jar:/home/user/.m2/repository/io/grpc/grpc-netty/1.17.1/grpc-netty-1.17.1.jar:/home/user/.m2/repository/io/grpc/grpc-core/1.17.1/grpc-core-1.17.1.jar:/home/user/.m2/repository/io/grpc/grpc-context/1.17.1/grpc-context-1.17.1.jar:/home/user/.m2/repository/com/google/errorprone/error_prone_annotations/2.2.0/error_prone_annotations-2.2.0.jar:/home/user/.m2/repository/org/codehaus/mojo/animal-sniffer-annotations/1.17/animal-sniffer-annotations-1.17.jar:/home/user/.m2/repository/io/opencensus/opencensus-api/0.17.0/opencensus-api-0.17.0.jar:/home/user/.m2/repository/io/opencensus/opencensus-contrib-grpc-metrics/0.17.0/opencensus-contrib-grpc-metrics-0.17.0.jar:/home/user/.m2/repository/io/netty/netty-codec-http2/4.1.30.Final/netty-codec-http2-4.1.30.Final.jar:/home/user/.m2/repository/io/netty/netty-codec-http/4.1.30.Final/netty-codec-http-4.1.30.Final.jar:/home/user/.m2/repository/io/netty/netty-codec/4.1.30.Final/netty-codec-4.1.30.Final.jar:/home/user/.m2/repository/io/netty/netty-handler/4.1.30.Final/netty-handler-4.1.30.Final.jar:/home/user/.m2/repository/io/netty/netty-handler-proxy/4.1.30.Final/netty-handler-proxy-4.1.30.Final.jar:/home/user/.m2/repository/io/netty/netty-codec-socks/4.1.30.Final/netty-codec-socks-4.1.30.Final.jar:/home/user/.m2/repository/io/netty/netty-transport-native-epoll/4.1.30.Final/netty-transport-native-epoll-4.1.30.Final.jar:/home/user/.m2/repository/io/netty/netty-common/4.1.30.Final/netty-common-4.1.30.Final.jar:/home/user/.m2/repository/io/netty/netty-buffer/4.1.30.Final/netty-buffer-4.1.30.Final.jar:/home/user/.m2/repository/io/netty/netty-transport/4.1.30.Final/netty-transport-4.1.30.Final.jar:/home/user/.m2/repository/io/netty/netty-resolver/4.1.30.Final/netty-resolver-4.1.30.Final.jar:/home/user/.m2/repository/io/netty/netty-transport-native-unix-common/4.1.30.Final/netty-transport-native-unix-common-4.1.30.Final.jar:/home/user/.m2/repository/io/grpc/grpc-protobuf/1.17.1/grpc-protobuf-1.17.1.jar:/home/user/.m2/repository/com/google/api/grpc/proto-google-common-protos/1.0.0/proto-google-common-protos-1.0.0.jar:/home/user/.m2/repository/io/grpc/grpc-protobuf-lite/1.17.1/grpc-protobuf-lite-1.17.1.jar:/home/user/.m2/repository/io/grpc/grpc-stub/1.17.1/grpc-stub-1.17.1.jar:/home/user/.m2/repository/org/apache/hadoop/hadoop-ozone-recon/0.4.1-SNAPSHOT/hadoop-ozone-recon-0.4.1-SNAPSHOT.jar:/home/user/.m2/repository/org/apache/hadoop/hadoop-ozone-reconcodegen/0.4.1-SNAPSHOT/hadoop-ozone-reconcodegen-0.4.1-SNAPSHOT.jar:/home/user/.m2/repository/com/google/inject/extensions/guice-multibindings/4.0/guice-multibindings-4.0.jar:/home/user/.m2/repository/com/google/inject/guice/4.0/guice-4.0.jar:/home/user/.m2/repository/aopalliance/aopalliance/1.0/aopalliance-1.0.jar:/home/user/.m2/repository/com/google/inject/extensions/guice-servlet/4.0/guice-servlet-4.0.jar:/home/user/.m2/repository/org/glassfish/jersey/containers/jersey-container-servlet/2.27/jersey-container-servlet-2.27.jar:/home/user/.m2/repository/org/glassfish/hk2/guice-bridge/2.5.0/guice-bridge-2.5.0.jar:/home/user/.m2/repository/org/glassfish/jersey/core/jersey-server/2.27/jersey-server-2.27.jar:/home/user/.m2/repository/org/glassfish/jersey/core/jersey-client/2.27/jersey-client-2.27.jar:/home/user/.m2/repository/org/glassfish/jersey/media/jersey-media-jaxb/2.27/jersey-media-jaxb-2.27.jar:/home/user/.m2/repository/javax/validation/validation-api/1.1.0.Final/validation-api-1.1.0.Final.jar:/home/user/.m2/repository/org/glassfish/jersey/media/jersey-media-json-jackson/2.27/jersey-media-json-jackson-2.27.jar:/home/user/.m2/repository/org/glassfish/jersey/ext/jersey-entity-filtering/2.27/jersey-entity-filtering-2.27.jar:/home/user/.m2/repository/com/google/inject/extensions/guice-assistedinject/4.0/guice-assistedinject-4.0.jar:/home/user/.m2/repository/org/jooq/jooq/3.11.10/jooq-3.11.10.jar:/home/user/.m2/repository/org/jooq/jooq-meta/3.11.10/jooq-meta-3.11.10.jar:/home/user/.m2/repository/org/jooq/jooq-codegen/3.11.10/jooq-codegen-3.11.10.jar:/home/user/.m2/repository/com/jolbox/bonecp/0.8.0.RELEASE/bonecp-0.8.0.RELEASE.jar:/home/user/.m2/repository/org/xerial/sqlite-jdbc/3.25.2/sqlite-jdbc-3.25.2.jar:/home/user/.m2/repository/org/springframework/spring-jdbc/5.1.3.RELEASE/spring-jdbc-5.1.3.RELEASE.jar:/home/user/.m2/repository/org/springframework/spring-beans/5.1.3.RELEASE/spring-beans-5.1.3.RELEASE.jar:/home/user/.m2/repository/org/springframework/spring-core/5.1.3.RELEASE/spring-core-5.1.3.RELEASE.jar:/home/user/.m2/repository/org/springframework/spring-jcl/5.1.3.RELEASE/spring-jcl-5.1.3.RELEASE.jar:/home/user/.m2/repository/org/springframework/spring-tx/5.1.3.RELEASE/spring-tx-5.1.3.RELEASE.jar:/home/user/.m2/repository/org/apache/hadoop/hadoop-ozone-client/0.4.1-SNAPSHOT/hadoop-ozone-client-0.4.1-SNAPSHOT.jar:/home/user/.m2/repository/commons-lang/commons-lang/2.6/commons-lang-2.6.jar:/home/user/.m2/repository/org/apache/hadoop/hadoop-ozone-ozone-manager/0.4.1-SNAPSHOT/hadoop-ozone-ozone-manager-0.4.1-SNAPSHOT-tests.jar:/home/user/.m2/repository/junit/junit/4.11/junit-4.11.jar:/home/user/.m2/repository/org/hamcrest/hamcrest-core/1.3/hamcrest-core-1.3.jar:/home/user/.m2/repository/org/openjdk/jmh/jmh-core/1.19/jmh-core-1.19.jar:/home/user/.m2/repository/net/sf/jopt-simple/jopt-simple/4.6/jopt-simple-4.6.jar:/home/user/.m2/repository/org/apache/commons/commons-math3/3.1.1/commons-math3-3.1.1.jar:/home/user/.m2/repository/org/openjdk/jmh/jmh-generator-annprocess/1.19/jmh-generator-annprocess-1.19.jar:/home/user/.m2/repository/org/mockito/mockito-all/1.8.5/mockito-all-1.8.5.jar:/home/user/.m2/repository/org/apache/hadoop/hadoop-kms/3.2.0/hadoop-kms-3.2.0.jar:/home/user/.m2/repository/org/apache/hadoop/hadoop-auth/3.2.0/hadoop-auth-3.2.0.jar:/home/user/.m2/repository/com/nimbusds/nimbus-jose-jwt/4.41.1/nimbus-jose-jwt-4.41.1.jar:/home/user/.m2/repository/com/github/stephenc/jcip/jcip-annotations/1.0-1/jcip-annotations-1.0-1.jar:/home/user/.m2/repository/net/minidev/json-smart/2.3/json-smart-2.3.jar:/home/user/.m2/repository/net/minidev/accessors-smart/1.2/accessors-smart-1.2.jar:/home/user/.m2/repository/org/ow2/asm/asm/5.0.4/asm-5.0.4.jar:/home/user/.m2/repository/org/apache/curator/curator-framework/2.12.0/curator-framework-2.12.0.jar:/home/user/.m2/repository/com/sun/jersey/jersey-core/1.19/jersey-core-1.19.jar:/home/user/.m2/repository/javax/ws/rs/jsr311-api/1.1.1/jsr311-api-1.1.1.jar:/home/user/.m2/repository/com/sun/jersey/jersey-server/1.19/jersey-server-1.19.jar:/home/user/.m2/repository/javax/servlet/javax.servlet-api/3.1.0/javax.servlet-api-3.1.0.jar:/home/user/.m2/repository/org/eclipse/jetty/jetty-server/9.3.24.v20180605/jetty-server-9.3.24.v20180605.jar:/home/user/.m2/repository/org/eclipse/jetty/jetty-http/9.3.24.v20180605/jetty-http-9.3.24.v20180605.jar:/home/user/.m2/repository/org/eclipse/jetty/jetty-io/9.3.24.v20180605/jetty-io-9.3.24.v20180605.jar:/home/user/.m2/repository/org/eclipse/jetty/jetty-webapp/9.3.24.v20180605/jetty-webapp-9.3.24.v20180605.jar:/home/user/.m2/repository/org/eclipse/jetty/jetty-xml/9.3.24.v20180605/jetty-xml-9.3.24.v20180605.jar:/home/user/.m2/repository/log4j/log4j/1.2.17/log4j-1.2.17.jar:/home/user/.m2/repository/org/slf4j/slf4j-api/1.7.25/slf4j-api-1.7.25.jar:/home/user/.m2/repository/org/slf4j/jul-to-slf4j/1.7.25/jul-to-slf4j-1.7.25.jar:/home/user/.m2/repository/org/eclipse/jetty/jetty-util/9.3.24.v20180605/jetty-util-9.3.24.v20180605.jar:/home/user/.m2/repository/com/fasterxml/jackson/core/jackson-databind/2.9.5/jackson-databind-2.9.5.jar:/home/user/.m2/repository/org/apache/hadoop/hadoop-kms/3.2.0/hadoop-kms-3.2.0-tests.jar:/home/user/.m2/repository/org/apache/hadoop/hadoop-hdds-server-scm/0.4.1-SNAPSHOT/hadoop-hdds-server-scm-0.4.1-SNAPSHOT-tests.jar:/home/user/.m2/repository/org/apache/hadoop/hadoop-hdds-container-service/0.4.1-SNAPSHOT/hadoop-hdds-container-service-0.4.1-SNAPSHOT-tests.jar:/home/user/.m2/repository/org/yaml/snakeyaml/1.16/snakeyaml-1.16.jar:/home/user/.m2/repository/org/apache/hadoop/hadoop-common/3.2.0/hadoop-common-3.2.0-tests.jar:/home/user/.m2/repository/org/apache/hadoop/hadoop-annotations/3.2.0/hadoop-annotations-3.2.0.jar:/usr/lib/jvm/java-1.8-openjdk/jre/../lib/tools.jar:/home/user/.m2/repository/commons-cli/commons-cli/1.2/commons-cli-1.2.jar:/home/user/.m2/repository/org/apache/httpcomponents/httpclient/4.5.2/httpclient-4.5.2.jar:/home/user/.m2/repository/org/apache/httpcomponents/httpcore/4.4.4/httpcore-4.4.4.jar:/home/user/.m2/repository/commons-codec/commons-codec/1.11/commons-codec-1.11.jar:/home/user/.m2/repository/commons-net/commons-net/3.6/commons-net-3.6.jar:/home/user/.m2/repository/commons-collections/commons-collections/3.2.2/commons-collections-3.2.2.jar:/home/user/.m2/repository/org/eclipse/jetty/jetty-servlet/9.3.24.v20180605/jetty-servlet-9.3.24.v20180605.jar:/home/user/.m2/repository/org/eclipse/jetty/jetty-security/9.3.24.v20180605/jetty-security-9.3.24.v20180605.jar:/home/user/.m2/repository/javax/servlet/jsp/jsp-api/2.1/jsp-api-2.1.jar:/home/user/.m2/repository/com/sun/jersey/jersey-servlet/1.19/jersey-servlet-1.19.jar:/home/user/.m2/repository/com/sun/jersey/jersey-json/1.19/jersey-json-1.19.jar:/home/user/.m2/repository/org/codehaus/jettison/jettison/1.1/jettison-1.1.jar:/home/user/.m2/repository/org/codehaus/jackson/jackson-core-asl/1.9.13/jackson-core-asl-1.9.13.jar:/home/user/.m2/repository/org/codehaus/jackson/jackson-mapper-asl/1.9.13/jackson-mapper-asl-1.9.13.jar:/home/user/.m2/repository/org/codehaus/jackson/jackson-jaxrs/1.9.13/jackson-jaxrs-1.9.13.jar:/home/user/.m2/repository/org/codehaus/jackson/jackson-xc/1.9.13/jackson-xc-1.9.13.jar:/home/user/.m2/repository/commons-logging/commons-logging/1.1.3/commons-logging-1.1.3.jar:/home/user/.m2/repository/commons-beanutils/commons-beanutils/1.9.3/commons-beanutils-1.9.3.jar:/home/user/.m2/repository/org/apache/commons/commons-configuration2/2.1.1/commons-configuration2-2.1.1.jar:/home/user/.m2/repository/org/apache/commons/commons-lang3/3.7/commons-lang3-3.7.jar:/home/user/.m2/repository/org/apache/commons/commons-text/1.4/commons-text-1.4.jar:/home/user/.m2/repository/org/apache/avro/avro/1.7.7/avro-1.7.7.jar:/home/user/.m2/repository/com/thoughtworks/paranamer/paranamer/2.3/paranamer-2.3.jar:/home/user/.m2/repository/org/xerial/snappy/snappy-java/1.0.5/snappy-java-1.0.5.jar:/home/user/.m2/repository/com/google/re2j/re2j/1.1/re2j-1.1.jar:/home/user/.m2/repository/com/google/code/gson/gson/2.2.4/gson-2.2.4.jar:/home/user/.m2/repository/com/jcraft/jsch/0.1.54/jsch-0.1.54.jar:/home/user/.m2/repository/org/apache/curator/curator-client/2.12.0/curator-client-2.12.0.jar:/home/user/.m2/repository/org/apache/curator/curator-recipes/2.12.0/curator-recipes-2.12.0.jar:/home/user/.m2/repository/com/google/code/findbugs/jsr305/3.0.0/jsr305-3.0.0.jar:/home/user/.m2/repository/org/apache/htrace/htrace-core4/4.1.0-incubating/htrace-core4-4.1.0-incubating.jar:/home/user/.m2/repository/org/apache/zookeeper/zookeeper/3.4.13/zookeeper-3.4.13.jar:/home/user/.m2/repository/org/apache/yetus/audience-annotations/0.5.0/audience-annotations-0.5.0.jar:/home/user/.m2/repository/org/codehaus/woodstox/stax2-api/3.1.4/stax2-api-3.1.4.jar:/home/user/.m2/repository/com/fasterxml/woodstox/woodstox-core/5.0.3/woodstox-core-5.0.3.jar:/home/user/.m2/repository/dnsjava/dnsjava/2.1.7/dnsjava-2.1.7.jar:/home/user/.m2/repository/org/apache/hadoop/hadoop-hdfs/3.2.0/hadoop-hdfs-3.2.0-tests.jar:/home/user/.m2/repository/org/eclipse/jetty/jetty-util-ajax/9.3.24.v20180605/jetty-util-ajax-9.3.24.v20180605.jar:/home/user/.m2/repository/commons-daemon/commons-daemon/1.0.13/commons-daemon-1.0.13.jar:/home/user/.m2/repository/io/netty/netty/3.10.5.Final/netty-3.10.5.Final.jar:/home/user/.m2/repository/io/netty/netty-all/4.0.52.Final/netty-all-4.0.52.Final.jar:/home/user/.m2/repository/org/fusesource/leveldbjni/leveldbjni-all/1.8/leveldbjni-all-1.8.jar:"/>
    <property name="java.vm.vendor" value="IcedTea"/>
    <property name="sun.arch.data.model" value="64"/>
    <property name="test.build.dir" value="/workdir/hadoop-ozone/integration-test/target/test-dir"/>
    <property name="test.cache.data" value=""/>
    <property name="java.vendor.url" value="https://icedtea.classpath.org"/>
    <property name="user.timezone" value=""/>
    <property name="java.vm.specification.version" value="1.8"/>
    <property name="os.name" value="Linux"/>
    <property name="test.build.data" value="/workdir/hadoop-ozone/integration-test/target/test-dir"/>
    <property name="user.country" value="US"/>
    <property name="sun.java.launcher" value="SUN_STANDARD"/>
    <property name="sun.boot.library.path" value="/usr/lib/jvm/java-1.8-openjdk/jre/lib/amd64"/>
    <property name="sun.java.command" value="/workdir/hadoop-ozone/integration-test/target/surefire/surefirebooter1243301737072504239.jar /workdir/hadoop-ozone/integration-test/target/surefire 2019-07-30T20-43-11_089-jvmRun1 surefire1683697556495151536tmp surefire_422511601852051642372tmp"/>
    <property name="surefire.test.class.path" value="/workdir/hadoop-ozone/integration-test/target/test-classes:/workdir/hadoop-ozone/integration-test/target/classes:/home/user/.m2/repository/org/apache/hadoop/hadoop-ozone-common/0.4.1-SNAPSHOT/hadoop-ozone-common-0.4.1-SNAPSHOT.jar:/home/user/.m2/repository/org/apache/commons/commons-compress/1.4.1/commons-compress-1.4.1.jar:/home/user/.m2/repository/org/tukaani/xz/1.0/xz-1.0.jar:/home/user/.m2/repository/org/apache/hadoop/hadoop-common/3.2.0/hadoop-common-3.2.0.jar:/home/user/.m2/repository/org/apache/hadoop/hadoop-hdfs/3.2.0/hadoop-hdfs-3.2.0.jar:/home/user/.m2/repository/org/apache/hadoop/hadoop-hdfs-client/3.2.0/hadoop-hdfs-client-3.2.0.jar:/home/user/.m2/repository/com/fasterxml/jackson/core/jackson-annotations/2.9.5/jackson-annotations-2.9.5.jar:/home/user/.m2/repository/org/apache/hadoop/hadoop-hdds-common/0.4.1-SNAPSHOT/hadoop-hdds-common-0.4.1-SNAPSHOT.jar:/home/user/.m2/repository/javax/annotation/javax.annotation-api/1.2/javax.annotation-api-1.2.jar:/home/user/.m2/repository/org/apache/ratis/ratis-server/0.4.0-2337318-SNAPSHOT/ratis-server-0.4.0-2337318-SNAPSHOT.jar:/home/user/.m2/repository/org/apache/ratis/ratis-thirdparty-misc/0.2.0/ratis-thirdparty-misc-0.2.0.jar:/home/user/.m2/repository/org/apache/ratis/ratis-proto/0.4.0-2337318-SNAPSHOT/ratis-proto-0.4.0-2337318-SNAPSHOT.jar:/home/user/.m2/repository/org/apache/ratis/ratis-common/0.4.0-2337318-SNAPSHOT/ratis-common-0.4.0-2337318-SNAPSHOT.jar:/home/user/.m2/repository/org/apache/ratis/ratis-client/0.4.0-2337318-SNAPSHOT/ratis-client-0.4.0-2337318-SNAPSHOT.jar:/home/user/.m2/repository/org/apache/ratis/ratis-metrics/0.4.0-2337318-SNAPSHOT/ratis-metrics-0.4.0-2337318-SNAPSHOT.jar:/home/user/.m2/repository/org/apache/ratis/ratis-netty/0.4.0-2337318-SNAPSHOT/ratis-netty-0.4.0-2337318-SNAPSHOT.jar:/home/user/.m2/repository/org/apache/ratis/ratis-grpc/0.4.0-2337318-SNAPSHOT/ratis-grpc-0.4.0-2337318-SNAPSHOT.jar:/home/user/.m2/repository/org/rocksdb/rocksdbjni/6.0.1/rocksdbjni-6.0.1.jar:/home/user/.m2/repository/org/apache/logging/log4j/log4j-api/2.11.0/log4j-api-2.11.0.jar:/home/user/.m2/repository/org/apache/logging/log4j/log4j-core/2.11.0/log4j-core-2.11.0.jar:/home/user/.m2/repository/com/lmax/disruptor/3.4.2/disruptor-3.4.2.jar:/home/user/.m2/repository/org/apache/commons/commons-pool2/2.6.0/commons-pool2-2.6.0.jar:/home/user/.m2/repository/org/bouncycastle/bcpkix-jdk15on/1.60/bcpkix-jdk15on-1.60.jar:/home/user/.m2/repository/commons-validator/commons-validator/1.6/commons-validator-1.6.jar:/home/user/.m2/repository/commons-digester/commons-digester/1.8.1/commons-digester-1.8.1.jar:/home/user/.m2/repository/io/jaegertracing/jaeger-client/0.33.1/jaeger-client-0.33.1.jar:/home/user/.m2/repository/io/jaegertracing/jaeger-thrift/0.33.1/jaeger-thrift-0.33.1.jar:/home/user/.m2/repository/org/apache/thrift/libthrift/0.11.0/libthrift-0.11.0.jar:/home/user/.m2/repository/com/squareup/okhttp3/okhttp/3.9.0/okhttp-3.9.0.jar:/home/user/.m2/repository/com/squareup/okio/okio/1.13.0/okio-1.13.0.jar:/home/user/.m2/repository/io/jaegertracing/jaeger-core/0.33.1/jaeger-core-0.33.1.jar:/home/user/.m2/repository/io/jaegertracing/jaeger-tracerresolver/0.33.1/jaeger-tracerresolver-0.33.1.jar:/home/user/.m2/repository/io/opentracing/contrib/opentracing-tracerresolver/0.1.5/opentracing-tracerresolver-0.1.5.jar:/home/user/.m2/repository/io/opentracing/opentracing-util/0.31.0/opentracing-util-0.31.0.jar:/home/user/.m2/repository/io/opentracing/opentracing-api/0.31.0/opentracing-api-0.31.0.jar:/home/user/.m2/repository/io/opentracing/opentracing-noop/0.31.0/opentracing-noop-0.31.0.jar:/home/user/.m2/repository/org/apache/hadoop/hadoop-hdds-server-framework/0.4.1-SNAPSHOT/hadoop-hdds-server-framework-0.4.1-SNAPSHOT.jar:/home/user/.m2/repository/org/apache/hadoop/hadoop-hdds-container-service/0.4.1-SNAPSHOT/hadoop-hdds-container-service-0.4.1-SNAPSHOT.jar:/home/user/.m2/repository/org/apache/hadoop/hadoop-hdds-client/0.4.1-SNAPSHOT/hadoop-hdds-client-0.4.1-SNAPSHOT.jar:/home/user/.m2/repository/org/apache/hadoop/hadoop-hdds-tools/0.4.1-SNAPSHOT/hadoop-hdds-tools-0.4.1-SNAPSHOT.jar:/home/user/.m2/repository/org/apache/hadoop/hadoop-hdds-server-scm/0.4.1-SNAPSHOT/hadoop-hdds-server-scm-0.4.1-SNAPSHOT.jar:/home/user/.m2/repository/org/apache/hadoop/hadoop-hdds-docs/0.4.1-SNAPSHOT/hadoop-hdds-docs-0.4.1-SNAPSHOT.jar:/home/user/.m2/repository/io/dropwizard/metrics/metrics-core/3.2.4/metrics-core-3.2.4.jar:/home/user/.m2/repository/org/hamcrest/hamcrest-all/1.3/hamcrest-all-1.3.jar:/home/user/.m2/repository/org/bouncycastle/bcprov-jdk15on/1.60/bcprov-jdk15on-1.60.jar:/home/user/.m2/repository/info/picocli/picocli/3.9.6/picocli-3.9.6.jar:/home/user/.m2/repository/com/google/protobuf/protobuf-java/2.5.0/protobuf-java-2.5.0.jar:/home/user/.m2/repository/com/google/guava/guava/11.0.2/guava-11.0.2.jar:/home/user/.m2/repository/org/apache/hadoop/hadoop-ozone-ozone-manager/0.4.1-SNAPSHOT/hadoop-ozone-ozone-manager-0.4.1-SNAPSHOT.jar:/home/user/.m2/repository/org/apache/hadoop/hadoop-minikdc/3.2.0/hadoop-minikdc-3.2.0.jar:/home/user/.m2/repository/commons-io/commons-io/2.5/commons-io-2.5.jar:/home/user/.m2/repository/org/apache/kerby/kerb-simplekdc/1.0.1/kerb-simplekdc-1.0.1.jar:/home/user/.m2/repository/org/apache/kerby/kerb-client/1.0.1/kerb-client-1.0.1.jar:/home/user/.m2/repository/org/apache/kerby/kerby-config/1.0.1/kerby-config-1.0.1.jar:/home/user/.m2/repository/org/apache/kerby/kerb-core/1.0.1/kerb-core-1.0.1.jar:/home/user/.m2/repository/org/apache/kerby/kerby-pkix/1.0.1/kerby-pkix-1.0.1.jar:/home/user/.m2/repository/org/apache/kerby/kerby-asn1/1.0.1/kerby-asn1-1.0.1.jar:/home/user/.m2/repository/org/apache/kerby/kerby-util/1.0.1/kerby-util-1.0.1.jar:/home/user/.m2/repository/org/apache/kerby/kerb-common/1.0.1/kerb-common-1.0.1.jar:/home/user/.m2/repository/org/apache/kerby/kerb-crypto/1.0.1/kerb-crypto-1.0.1.jar:/home/user/.m2/repository/org/apache/kerby/kerb-util/1.0.1/kerb-util-1.0.1.jar:/home/user/.m2/repository/org/apache/kerby/token-provider/1.0.1/token-provider-1.0.1.jar:/home/user/.m2/repository/org/apache/kerby/kerb-admin/1.0.1/kerb-admin-1.0.1.jar:/home/user/.m2/repository/org/apache/kerby/kerb-server/1.0.1/kerb-server-1.0.1.jar:/home/user/.m2/repository/org/apache/kerby/kerb-identity/1.0.1/kerb-identity-1.0.1.jar:/home/user/.m2/repository/org/apache/kerby/kerby-xdr/1.0.1/kerby-xdr-1.0.1.jar:/home/user/.m2/repository/org/slf4j/slf4j-log4j12/1.7.25/slf4j-log4j12-1.7.25.jar:/home/user/.m2/repository/org/apache/hadoop/hadoop-ozone-objectstore-service/0.4.1-SNAPSHOT/hadoop-ozone-objectstore-service-0.4.1-SNAPSHOT.jar:/home/user/.m2/repository/org/apache/hadoop/hadoop-ozone-s3gateway/0.4.1-SNAPSHOT/hadoop-ozone-s3gateway-0.4.1-SNAPSHOT.jar:/home/user/.m2/repository/org/jboss/weld/servlet/weld-servlet/2.4.7.Final/weld-servlet-2.4.7.Final.jar:/home/user/.m2/repository/org/glassfish/jersey/containers/jersey-container-servlet-core/2.27/jersey-container-servlet-core-2.27.jar:/home/user/.m2/repository/org/glassfish/hk2/external/javax.inject/2.5.0-b42/javax.inject-2.5.0-b42.jar:/home/user/.m2/repository/org/glassfish/jersey/core/jersey-common/2.27/jersey-common-2.27.jar:/home/user/.m2/repository/org/glassfish/hk2/osgi-resource-locator/1.0.1/osgi-resource-locator-1.0.1.jar:/home/user/.m2/repository/javax/ws/rs/javax.ws.rs-api/2.1/javax.ws.rs-api-2.1.jar:/home/user/.m2/repository/org/glassfish/jersey/ext/cdi/jersey-cdi1x/2.27/jersey-cdi1x-2.27.jar:/home/user/.m2/repository/org/glassfish/jersey/inject/jersey-hk2/2.27/jersey-hk2-2.27.jar:/home/user/.m2/repository/org/glassfish/hk2/hk2-locator/2.5.0-b42/hk2-locator-2.5.0-b42.jar:/home/user/.m2/repository/org/javassist/javassist/3.22.0-CR2/javassist-3.22.0-CR2.jar:/home/user/.m2/repository/org/glassfish/hk2/hk2-api/2.5.0/hk2-api-2.5.0.jar:/home/user/.m2/repository/org/glassfish/hk2/external/jakarta.inject/2.5.0/jakarta.inject-2.5.0.jar:/home/user/.m2/repository/org/glassfish/hk2/hk2-utils/2.5.0/hk2-utils-2.5.0.jar:/home/user/.m2/repository/jakarta/annotation/jakarta.annotation-api/1.3.4/jakarta.annotation-api-1.3.4.jar:/home/user/.m2/repository/org/glassfish/hk2/external/aopalliance-repackaged/2.5.0/aopalliance-repackaged-2.5.0.jar:/home/user/.m2/repository/com/fasterxml/jackson/dataformat/jackson-dataformat-xml/2.9.0/jackson-dataformat-xml-2.9.0.jar:/home/user/.m2/repository/com/fasterxml/jackson/core/jackson-core/2.9.5/jackson-core-2.9.5.jar:/home/user/.m2/repository/com/fasterxml/jackson/module/jackson-module-jaxb-annotations/2.9.5/jackson-module-jaxb-annotations-2.9.5.jar:/home/user/.m2/repository/javax/enterprise/cdi-api/1.2/cdi-api-1.2.jar:/home/user/.m2/repository/javax/el/javax.el-api/3.0.0/javax.el-api-3.0.0.jar:/home/user/.m2/repository/javax/interceptor/javax.interceptor-api/1.2/javax.interceptor-api-1.2.jar:/home/user/.m2/repository/javax/inject/javax.inject/1/javax.inject-1.jar:/home/user/.m2/repository/com/sun/xml/bind/jaxb-impl/2.3.0.1/jaxb-impl-2.3.0.1.jar:/home/user/.m2/repository/com/sun/xml/bind/jaxb-core/2.3.0.1/jaxb-core-2.3.0.1.jar:/home/user/.m2/repository/javax/xml/bind/jaxb-api/2.3.0/jaxb-api-2.3.0.jar:/home/user/.m2/repository/javax/activation/activation/1.1.1/activation-1.1.1.jar:/home/user/.m2/repository/org/apache/hadoop/hadoop-ozone-csi/0.4.1-SNAPSHOT/hadoop-ozone-csi-0.4.1-SNAPSHOT.jar:/home/user/.m2/repository/com/google/protobuf/protobuf-java-util/3.5.1/protobuf-java-util-3.5.1.jar:/home/user/.m2/repository/org/apache/hadoop/hadoop-hdds-config/0.4.1-SNAPSHOT/hadoop-hdds-config-0.4.1-SNAPSHOT.jar:/home/user/.m2/repository/io/grpc/grpc-netty/1.17.1/grpc-netty-1.17.1.jar:/home/user/.m2/repository/io/grpc/grpc-core/1.17.1/grpc-core-1.17.1.jar:/home/user/.m2/repository/io/grpc/grpc-context/1.17.1/grpc-context-1.17.1.jar:/home/user/.m2/repository/com/google/errorprone/error_prone_annotations/2.2.0/error_prone_annotations-2.2.0.jar:/home/user/.m2/repository/org/codehaus/mojo/animal-sniffer-annotations/1.17/animal-sniffer-annotations-1.17.jar:/home/user/.m2/repository/io/opencensus/opencensus-api/0.17.0/opencensus-api-0.17.0.jar:/home/user/.m2/repository/io/opencensus/opencensus-contrib-grpc-metrics/0.17.0/opencensus-contrib-grpc-metrics-0.17.0.jar:/home/user/.m2/repository/io/netty/netty-codec-http2/4.1.30.Final/netty-codec-http2-4.1.30.Final.jar:/home/user/.m2/repository/io/netty/netty-codec-http/4.1.30.Final/netty-codec-http-4.1.30.Final.jar:/home/user/.m2/repository/io/netty/netty-codec/4.1.30.Final/netty-codec-4.1.30.Final.jar:/home/user/.m2/repository/io/netty/netty-handler/4.1.30.Final/netty-handler-4.1.30.Final.jar:/home/user/.m2/repository/io/netty/netty-handler-proxy/4.1.30.Final/netty-handler-proxy-4.1.30.Final.jar:/home/user/.m2/repository/io/netty/netty-codec-socks/4.1.30.Final/netty-codec-socks-4.1.30.Final.jar:/home/user/.m2/repository/io/netty/netty-transport-native-epoll/4.1.30.Final/netty-transport-native-epoll-4.1.30.Final.jar:/home/user/.m2/repository/io/netty/netty-common/4.1.30.Final/netty-common-4.1.30.Final.jar:/home/user/.m2/repository/io/netty/netty-buffer/4.1.30.Final/netty-buffer-4.1.30.Final.jar:/home/user/.m2/repository/io/netty/netty-transport/4.1.30.Final/netty-transport-4.1.30.Final.jar:/home/user/.m2/repository/io/netty/netty-resolver/4.1.30.Final/netty-resolver-4.1.30.Final.jar:/home/user/.m2/repository/io/netty/netty-transport-native-unix-common/4.1.30.Final/netty-transport-native-unix-common-4.1.30.Final.jar:/home/user/.m2/repository/io/grpc/grpc-protobuf/1.17.1/grpc-protobuf-1.17.1.jar:/home/user/.m2/repository/com/google/api/grpc/proto-google-common-protos/1.0.0/proto-google-common-protos-1.0.0.jar:/home/user/.m2/repository/io/grpc/grpc-protobuf-lite/1.17.1/grpc-protobuf-lite-1.17.1.jar:/home/user/.m2/repository/io/grpc/grpc-stub/1.17.1/grpc-stub-1.17.1.jar:/home/user/.m2/repository/org/apache/hadoop/hadoop-ozone-recon/0.4.1-SNAPSHOT/hadoop-ozone-recon-0.4.1-SNAPSHOT.jar:/home/user/.m2/repository/org/apache/hadoop/hadoop-ozone-reconcodegen/0.4.1-SNAPSHOT/hadoop-ozone-reconcodegen-0.4.1-SNAPSHOT.jar:/home/user/.m2/repository/com/google/inject/extensions/guice-multibindings/4.0/guice-multibindings-4.0.jar:/home/user/.m2/repository/com/google/inject/guice/4.0/guice-4.0.jar:/home/user/.m2/repository/aopalliance/aopalliance/1.0/aopalliance-1.0.jar:/home/user/.m2/repository/com/google/inject/extensions/guice-servlet/4.0/guice-servlet-4.0.jar:/home/user/.m2/repository/org/glassfish/jersey/containers/jersey-container-servlet/2.27/jersey-container-servlet-2.27.jar:/home/user/.m2/repository/org/glassfish/hk2/guice-bridge/2.5.0/guice-bridge-2.5.0.jar:/home/user/.m2/repository/org/glassfish/jersey/core/jersey-server/2.27/jersey-server-2.27.jar:/home/user/.m2/repository/org/glassfish/jersey/core/jersey-client/2.27/jersey-client-2.27.jar:/home/user/.m2/repository/org/glassfish/jersey/media/jersey-media-jaxb/2.27/jersey-media-jaxb-2.27.jar:/home/user/.m2/repository/javax/validation/validation-api/1.1.0.Final/validation-api-1.1.0.Final.jar:/home/user/.m2/repository/org/glassfish/jersey/media/jersey-media-json-jackson/2.27/jersey-media-json-jackson-2.27.jar:/home/user/.m2/repository/org/glassfish/jersey/ext/jersey-entity-filtering/2.27/jersey-entity-filtering-2.27.jar:/home/user/.m2/repository/com/google/inject/extensions/guice-assistedinject/4.0/guice-assistedinject-4.0.jar:/home/user/.m2/repository/org/jooq/jooq/3.11.10/jooq-3.11.10.jar:/home/user/.m2/repository/org/jooq/jooq-meta/3.11.10/jooq-meta-3.11.10.jar:/home/user/.m2/repository/org/jooq/jooq-codegen/3.11.10/jooq-codegen-3.11.10.jar:/home/user/.m2/repository/com/jolbox/bonecp/0.8.0.RELEASE/bonecp-0.8.0.RELEASE.jar:/home/user/.m2/repository/org/xerial/sqlite-jdbc/3.25.2/sqlite-jdbc-3.25.2.jar:/home/user/.m2/repository/org/springframework/spring-jdbc/5.1.3.RELEASE/spring-jdbc-5.1.3.RELEASE.jar:/home/user/.m2/repository/org/springframework/spring-beans/5.1.3.RELEASE/spring-beans-5.1.3.RELEASE.jar:/home/user/.m2/repository/org/springframework/spring-core/5.1.3.RELEASE/spring-core-5.1.3.RELEASE.jar:/home/user/.m2/repository/org/springframework/spring-jcl/5.1.3.RELEASE/spring-jcl-5.1.3.RELEASE.jar:/home/user/.m2/repository/org/springframework/spring-tx/5.1.3.RELEASE/spring-tx-5.1.3.RELEASE.jar:/home/user/.m2/repository/org/apache/hadoop/hadoop-ozone-client/0.4.1-SNAPSHOT/hadoop-ozone-client-0.4.1-SNAPSHOT.jar:/home/user/.m2/repository/commons-lang/commons-lang/2.6/commons-lang-2.6.jar:/home/user/.m2/repository/org/apache/hadoop/hadoop-ozone-ozone-manager/0.4.1-SNAPSHOT/hadoop-ozone-ozone-manager-0.4.1-SNAPSHOT-tests.jar:/home/user/.m2/repository/junit/junit/4.11/junit-4.11.jar:/home/user/.m2/repository/org/hamcrest/hamcrest-core/1.3/hamcrest-core-1.3.jar:/home/user/.m2/repository/org/openjdk/jmh/jmh-core/1.19/jmh-core-1.19.jar:/home/user/.m2/repository/net/sf/jopt-simple/jopt-simple/4.6/jopt-simple-4.6.jar:/home/user/.m2/repository/org/apache/commons/commons-math3/3.1.1/commons-math3-3.1.1.jar:/home/user/.m2/repository/org/openjdk/jmh/jmh-generator-annprocess/1.19/jmh-generator-annprocess-1.19.jar:/home/user/.m2/repository/org/mockito/mockito-all/1.8.5/mockito-all-1.8.5.jar:/home/user/.m2/repository/org/apache/hadoop/hadoop-kms/3.2.0/hadoop-kms-3.2.0.jar:/home/user/.m2/repository/org/apache/hadoop/hadoop-auth/3.2.0/hadoop-auth-3.2.0.jar:/home/user/.m2/repository/com/nimbusds/nimbus-jose-jwt/4.41.1/nimbus-jose-jwt-4.41.1.jar:/home/user/.m2/repository/com/github/stephenc/jcip/jcip-annotations/1.0-1/jcip-annotations-1.0-1.jar:/home/user/.m2/repository/net/minidev/json-smart/2.3/json-smart-2.3.jar:/home/user/.m2/repository/net/minidev/accessors-smart/1.2/accessors-smart-1.2.jar:/home/user/.m2/repository/org/ow2/asm/asm/5.0.4/asm-5.0.4.jar:/home/user/.m2/repository/org/apache/curator/curator-framework/2.12.0/curator-framework-2.12.0.jar:/home/user/.m2/repository/com/sun/jersey/jersey-core/1.19/jersey-core-1.19.jar:/home/user/.m2/repository/javax/ws/rs/jsr311-api/1.1.1/jsr311-api-1.1.1.jar:/home/user/.m2/repository/com/sun/jersey/jersey-server/1.19/jersey-server-1.19.jar:/home/user/.m2/repository/javax/servlet/javax.servlet-api/3.1.0/javax.servlet-api-3.1.0.jar:/home/user/.m2/repository/org/eclipse/jetty/jetty-server/9.3.24.v20180605/jetty-server-9.3.24.v20180605.jar:/home/user/.m2/repository/org/eclipse/jetty/jetty-http/9.3.24.v20180605/jetty-http-9.3.24.v20180605.jar:/home/user/.m2/repository/org/eclipse/jetty/jetty-io/9.3.24.v20180605/jetty-io-9.3.24.v20180605.jar:/home/user/.m2/repository/org/eclipse/jetty/jetty-webapp/9.3.24.v20180605/jetty-webapp-9.3.24.v20180605.jar:/home/user/.m2/repository/org/eclipse/jetty/jetty-xml/9.3.24.v20180605/jetty-xml-9.3.24.v20180605.jar:/home/user/.m2/repository/log4j/log4j/1.2.17/log4j-1.2.17.jar:/home/user/.m2/repository/org/slf4j/slf4j-api/1.7.25/slf4j-api-1.7.25.jar:/home/user/.m2/repository/org/slf4j/jul-to-slf4j/1.7.25/jul-to-slf4j-1.7.25.jar:/home/user/.m2/repository/org/eclipse/jetty/jetty-util/9.3.24.v20180605/jetty-util-9.3.24.v20180605.jar:/home/user/.m2/repository/com/fasterxml/jackson/core/jackson-databind/2.9.5/jackson-databind-2.9.5.jar:/home/user/.m2/repository/org/apache/hadoop/hadoop-kms/3.2.0/hadoop-kms-3.2.0-tests.jar:/home/user/.m2/repository/org/apache/hadoop/hadoop-hdds-server-scm/0.4.1-SNAPSHOT/hadoop-hdds-server-scm-0.4.1-SNAPSHOT-tests.jar:/home/user/.m2/repository/org/apache/hadoop/hadoop-hdds-container-service/0.4.1-SNAPSHOT/hadoop-hdds-container-service-0.4.1-SNAPSHOT-tests.jar:/home/user/.m2/repository/org/yaml/snakeyaml/1.16/snakeyaml-1.16.jar:/home/user/.m2/repository/org/apache/hadoop/hadoop-common/3.2.0/hadoop-common-3.2.0-tests.jar:/home/user/.m2/repository/org/apache/hadoop/hadoop-annotations/3.2.0/hadoop-annotations-3.2.0.jar:/usr/lib/jvm/java-1.8-openjdk/jre/../lib/tools.jar:/home/user/.m2/repository/commons-cli/commons-cli/1.2/commons-cli-1.2.jar:/home/user/.m2/repository/org/apache/httpcomponents/httpclient/4.5.2/httpclient-4.5.2.jar:/home/user/.m2/repository/org/apache/httpcomponents/httpcore/4.4.4/httpcore-4.4.4.jar:/home/user/.m2/repository/commons-codec/commons-codec/1.11/commons-codec-1.11.jar:/home/user/.m2/repository/commons-net/commons-net/3.6/commons-net-3.6.jar:/home/user/.m2/repository/commons-collections/commons-collections/3.2.2/commons-collections-3.2.2.jar:/home/user/.m2/repository/org/eclipse/jetty/jetty-servlet/9.3.24.v20180605/jetty-servlet-9.3.24.v20180605.jar:/home/user/.m2/repository/org/eclipse/jetty/jetty-security/9.3.24.v20180605/jetty-security-9.3.24.v20180605.jar:/home/user/.m2/repository/javax/servlet/jsp/jsp-api/2.1/jsp-api-2.1.jar:/home/user/.m2/repository/com/sun/jersey/jersey-servlet/1.19/jersey-servlet-1.19.jar:/home/user/.m2/repository/com/sun/jersey/jersey-json/1.19/jersey-json-1.19.jar:/home/user/.m2/repository/org/codehaus/jettison/jettison/1.1/jettison-1.1.jar:/home/user/.m2/repository/org/codehaus/jackson/jackson-core-asl/1.9.13/jackson-core-asl-1.9.13.jar:/home/user/.m2/repository/org/codehaus/jackson/jackson-mapper-asl/1.9.13/jackson-mapper-asl-1.9.13.jar:/home/user/.m2/repository/org/codehaus/jackson/jackson-jaxrs/1.9.13/jackson-jaxrs-1.9.13.jar:/home/user/.m2/repository/org/codehaus/jackson/jackson-xc/1.9.13/jackson-xc-1.9.13.jar:/home/user/.m2/repository/commons-logging/commons-logging/1.1.3/commons-logging-1.1.3.jar:/home/user/.m2/repository/commons-beanutils/commons-beanutils/1.9.3/commons-beanutils-1.9.3.jar:/home/user/.m2/repository/org/apache/commons/commons-configuration2/2.1.1/commons-configuration2-2.1.1.jar:/home/user/.m2/repository/org/apache/commons/commons-lang3/3.7/commons-lang3-3.7.jar:/home/user/.m2/repository/org/apache/commons/commons-text/1.4/commons-text-1.4.jar:/home/user/.m2/repository/org/apache/avro/avro/1.7.7/avro-1.7.7.jar:/home/user/.m2/repository/com/thoughtworks/paranamer/paranamer/2.3/paranamer-2.3.jar:/home/user/.m2/repository/org/xerial/snappy/snappy-java/1.0.5/snappy-java-1.0.5.jar:/home/user/.m2/repository/com/google/re2j/re2j/1.1/re2j-1.1.jar:/home/user/.m2/repository/com/google/code/gson/gson/2.2.4/gson-2.2.4.jar:/home/user/.m2/repository/com/jcraft/jsch/0.1.54/jsch-0.1.54.jar:/home/user/.m2/repository/org/apache/curator/curator-client/2.12.0/curator-client-2.12.0.jar:/home/user/.m2/repository/org/apache/curator/curator-recipes/2.12.0/curator-recipes-2.12.0.jar:/home/user/.m2/repository/com/google/code/findbugs/jsr305/3.0.0/jsr305-3.0.0.jar:/home/user/.m2/repository/org/apache/htrace/htrace-core4/4.1.0-incubating/htrace-core4-4.1.0-incubating.jar:/home/user/.m2/repository/org/apache/zookeeper/zookeeper/3.4.13/zookeeper-3.4.13.jar:/home/user/.m2/repository/org/apache/yetus/audience-annotations/0.5.0/audience-annotations-0.5.0.jar:/home/user/.m2/repository/org/codehaus/woodstox/stax2-api/3.1.4/stax2-api-3.1.4.jar:/home/user/.m2/repository/com/fasterxml/woodstox/woodstox-core/5.0.3/woodstox-core-5.0.3.jar:/home/user/.m2/repository/dnsjava/dnsjava/2.1.7/dnsjava-2.1.7.jar:/home/user/.m2/repository/org/apache/hadoop/hadoop-hdfs/3.2.0/hadoop-hdfs-3.2.0-tests.jar:/home/user/.m2/repository/org/eclipse/jetty/jetty-util-ajax/9.3.24.v20180605/jetty-util-ajax-9.3.24.v20180605.jar:/home/user/.m2/repository/commons-daemon/commons-daemon/1.0.13/commons-daemon-1.0.13.jar:/home/user/.m2/repository/io/netty/netty/3.10.5.Final/netty-3.10.5.Final.jar:/home/user/.m2/repository/io/netty/netty-all/4.0.52.Final/netty-all-4.0.52.Final.jar:/home/user/.m2/repository/org/fusesource/leveldbjni/leveldbjni-all/1.8/leveldbjni-all-1.8.jar:"/>
    <property name="sun.cpu.endian" value="little"/>
    <property name="user.home" value="/home/user"/>
    <property name="user.language" value="en"/>
    <property name="java.specification.vendor" value="Oracle Corporation"/>
    <property name="java.home" value="/usr/lib/jvm/java-1.8-openjdk/jre"/>
    <property name="java.security.krb5.conf" value="/workdir/hadoop-ozone/integration-test/target/test-classes/krb5.conf"/>
    <property name="basedir" value="/workdir/hadoop-ozone/integration-test"/>
    <property name="file.separator" value="/"/>
    <property name="line.separator" value="&#10;"/>
    <property name="java.vm.specification.vendor" value="Oracle Corporation"/>
    <property name="java.specification.name" value="Java Platform API Specification"/>
    <property name="java.awt.graphicsenv" value="sun.awt.X11GraphicsEnvironment"/>
    <property name="surefire.real.class.path" value="/workdir/hadoop-ozone/integration-test/target/surefire/surefirebooter1243301737072504239.jar"/>
    <property name="hadoop.log.dir" value="/workdir/hadoop-ozone/integration-test/target/log"/>
    <property name="sun.boot.class.path" value="/usr/lib/jvm/java-1.8-openjdk/jre/lib/resources.jar:/usr/lib/jvm/java-1.8-openjdk/jre/lib/rt.jar:/usr/lib/jvm/java-1.8-openjdk/jre/lib/sunrsasign.jar:/usr/lib/jvm/java-1.8-openjdk/jre/lib/jsse.jar:/usr/lib/jvm/java-1.8-openjdk/jre/lib/jce.jar:/usr/lib/jvm/java-1.8-openjdk/jre/lib/charsets.jar:/usr/lib/jvm/java-1.8-openjdk/jre/lib/jfr.jar:/usr/lib/jvm/java-1.8-openjdk/jre/classes"/>
    <property name="sun.management.compiler" value="HotSpot 64-Bit Tiered Compilers"/>
    <property name="java.runtime.version" value="1.8.0_212-b04"/>
    <property name="java.net.preferIPv4Stack" value="true"/>
    <property name="user.name" value="jenkins1000"/>
    <property name="path.separator" value=":"/>
    <property name="java.security.egd" value="file:///dev/urandom"/>
    <property name="os.version" value="3.10.0-957.12.2.el7.x86_64"/>
    <property name="java.endorsed.dirs" value="/usr/lib/jvm/java-1.8-openjdk/jre/lib/endorsed"/>
    <property name="java.runtime.name" value="OpenJDK Runtime Environment"/>
    <property name="file.encoding" value="UTF-8"/>
    <property name="java.vm.name" value="OpenJDK 64-Bit Server VM"/>
    <property name="test.build.webapps" value=""/>
    <property name="localRepository" value="/home/user/.m2/repository"/>
    <property name="java.vendor.url.bug" value="https://icedtea.classpath.org/bugzilla"/>
    <property name="java.io.tmpdir" value="/tmp"/>
    <property name="require.test.libhadoop" value=""/>
    <property name="java.version" value="1.8.0_212"/>
    <property name="user.dir" value="/workdir/hadoop-ozone/integration-test"/>
    <property name="os.arch" value="amd64"/>
    <property name="java.vm.specification.name" value="Java Virtual Machine Specification"/>
    <property name="test.build.classes" value="/workdir/hadoop-ozone/integration-test/target/test-classes"/>
    <property name="java.awt.printerjob" value="sun.print.PSPrinterJob"/>
    <property name="sun.os.patch.level" value="unknown"/>
    <property name="hadoop.tmp.dir" value="/workdir/hadoop-ozone/integration-test/target/tmp"/>
    <property name="java.library.path" value="/usr/lib/jvm/java-1.8-openjdk/jre/lib/amd64/server:/usr/lib/jvm/java-1.8-openjdk/jre/lib/amd64:/usr/lib/jvm/java-1.8-openjdk/jre/../lib/amd64:/workdir/hadoop-ozone/integration-test/target/native/target/usr/local/lib:/workdir/hadoop-ozone/integration-test/../../hadoop-common-project/hadoop-common/target/native/target/usr/local/lib:/usr/java/packages/lib/amd64:/usr/lib64:/lib64:/lib:/usr/lib"/>
    <property name="java.vm.info" value="mixed mode"/>
    <property name="java.vendor" value="IcedTea"/>
    <property name="java.vm.version" value="25.212-b04"/>
    <property name="java.ext.dirs" value="/usr/lib/jvm/java-1.8-openjdk/jre/lib/ext:/usr/java/packages/lib/ext"/>
    <property name="sun.io.unicode.encoding" value="UnicodeLittle"/>
    <property name="java.class.version" value="52.0"/>
  </properties>
  <testcase name="testMultiBlockWritesWithDnFailures" classname="org.apache.hadoop.ozone.client.rpc.TestMultiBlockWritesWithDnFailures" time="21.298">
    <error message="Allocated 0 blocks. Requested 1 blocks" type="INTERNAL_ERROR org.apache.hadoop.ozone.om.exceptions.OMException">INTERNAL_ERROR org.apache.hadoop.ozone.om.exceptions.OMException: Allocated 0 blocks. Requested 1 blocks
	at org.apache.hadoop.ozone.om.protocolPB.OzoneManagerProtocolClientSideTranslatorPB.handleError(OzoneManagerProtocolClientSideTranslatorPB.java:720)
	at org.apache.hadoop.ozone.om.protocolPB.OzoneManagerProtocolClientSideTranslatorPB.allocateBlock(OzoneManagerProtocolClientSideTranslatorPB.java:752)
	at org.apache.hadoop.ozone.client.io.BlockOutputStreamEntryPool.allocateNewBlock(BlockOutputStreamEntryPool.java:248)
	at org.apache.hadoop.ozone.client.io.BlockOutputStreamEntryPool.allocateBlockIfNeeded(BlockOutputStreamEntryPool.java:296)
	at org.apache.hadoop.ozone.client.io.KeyOutputStream.handleWrite(KeyOutputStream.java:201)
	at org.apache.hadoop.ozone.client.io.KeyOutputStream.handleRetry(KeyOutputStream.java:376)
	at org.apache.hadoop.ozone.client.io.KeyOutputStream.handleException(KeyOutputStream.java:325)
	at org.apache.hadoop.ozone.client.io.KeyOutputStream.handleWrite(KeyOutputStream.java:231)
	at org.apache.hadoop.ozone.client.io.KeyOutputStream.handleRetry(KeyOutputStream.java:376)
	at org.apache.hadoop.ozone.client.io.KeyOutputStream.handleException(KeyOutputStream.java:325)
	at org.apache.hadoop.ozone.client.io.KeyOutputStream.handleWrite(KeyOutputStream.java:231)
	at org.apache.hadoop.ozone.client.io.KeyOutputStream.write(KeyOutputStream.java:193)
	at org.apache.hadoop.ozone.client.io.OzoneOutputStream.write(OzoneOutputStream.java:49)
	at java.io.OutputStream.write(OutputStream.java:75)
	at org.apache.hadoop.ozone.client.rpc.TestMultiBlockWritesWithDnFailures.testMultiBlockWritesWithDnFailures(TestMultiBlockWritesWithDnFailures.java:122)
	at sun.reflect.NativeMethodAccessorImpl.invoke0(Native Method)
	at sun.reflect.NativeMethodAccessorImpl.invoke(NativeMethodAccessorImpl.java:62)
	at sun.reflect.DelegatingMethodAccessorImpl.invoke(DelegatingMethodAccessorImpl.java:43)
	at java.lang.reflect.Method.invoke(Method.java:498)
	at org.junit.runners.model.FrameworkMethod$1.runReflectiveCall(FrameworkMethod.java:47)
	at org.junit.internal.runners.model.ReflectiveCallable.run(ReflectiveCallable.java:12)
	at org.junit.runners.model.FrameworkMethod.invokeExplosively(FrameworkMethod.java:44)
	at org.junit.internal.runners.statements.InvokeMethod.evaluate(InvokeMethod.java:17)
	at org.junit.runners.ParentRunner.runLeaf(ParentRunner.java:271)
	at org.junit.runners.BlockJUnit4ClassRunner.runChild(BlockJUnit4ClassRunner.java:70)
	at org.junit.runners.BlockJUnit4ClassRunner.runChild(BlockJUnit4ClassRunner.java:50)
	at org.junit.runners.ParentRunner$3.run(ParentRunner.java:238)
	at org.junit.runners.ParentRunner$1.schedule(ParentRunner.java:63)
	at org.junit.runners.ParentRunner.runChildren(ParentRunner.java:236)
	at org.junit.runners.ParentRunner.access$000(ParentRunner.java:53)
	at org.junit.runners.ParentRunner$2.evaluate(ParentRunner.java:229)
	at org.junit.runners.ParentRunner.run(ParentRunner.java:309)
	at org.apache.maven.surefire.junit4.JUnit4Provider.execute(JUnit4Provider.java:365)
	at org.apache.maven.surefire.junit4.JUnit4Provider.executeWithRerun(JUnit4Provider.java:273)
	at org.apache.maven.surefire.junit4.JUnit4Provider.executeTestSet(JUnit4Provider.java:238)
	at org.apache.maven.surefire.junit4.JUnit4Provider.invoke(JUnit4Provider.java:159)
	at org.apache.maven.surefire.booter.ForkedBooter.invokeProviderInSameClassLoader(ForkedBooter.java:384)
	at org.apache.maven.surefire.booter.ForkedBooter.runSuitesInProcess(ForkedBooter.java:345)
	at org.apache.maven.surefire.booter.ForkedBooter.execute(ForkedBooter.java:126)
	at org.apache.maven.surefire.booter.ForkedBooter.main(ForkedBooter.java:418)
</error>
    <system-out><![CDATA[2019-07-30 21:28:08,377 WARN  server.ServerUtils (ServerUtils.java:getScmDbDir(145)) - ozone.scm.db.dirs is not configured. We recommend adding this setting. Falling back to ozone.metadata.dirs instead.
2019-07-30 21:28:08,487 WARN  server.ServerUtils (ServerUtils.java:getScmDbDir(145)) - ozone.scm.db.dirs is not configured. We recommend adding this setting. Falling back to ozone.metadata.dirs instead.
2019-07-30 21:28:08,490 WARN  server.ServerUtils (ServerUtils.java:getScmDbDir(145)) - ozone.scm.db.dirs is not configured. We recommend adding this setting. Falling back to ozone.metadata.dirs instead.
2019-07-30 21:28:08,507 INFO  util.log (Log.java:initialized(192)) - Logging initialized @872ms
2019-07-30 21:28:08,609 INFO  db.DBStoreBuilder (DBStoreBuilder.java:addTable(110)) - using custom profile for table: deletedBlocks
2019-07-30 21:28:08,610 INFO  db.DBStoreBuilder (DBStoreBuilder.java:processTables(161)) - Using default column profile:DBProfile.DISK for Table:deletedBlocks
2019-07-30 21:28:08,610 INFO  db.DBStoreBuilder (DBStoreBuilder.java:addTable(110)) - using custom profile for table: validCerts
2019-07-30 21:28:08,610 INFO  db.DBStoreBuilder (DBStoreBuilder.java:processTables(161)) - Using default column profile:DBProfile.DISK for Table:validCerts
2019-07-30 21:28:08,611 INFO  db.DBStoreBuilder (DBStoreBuilder.java:addTable(110)) - using custom profile for table: revokedCerts
2019-07-30 21:28:08,611 INFO  db.DBStoreBuilder (DBStoreBuilder.java:processTables(161)) - Using default column profile:DBProfile.DISK for Table:revokedCerts
2019-07-30 21:28:08,623 INFO  db.DBStoreBuilder (DBStoreBuilder.java:addTable(110)) - using custom profile for table: default
2019-07-30 21:28:08,623 INFO  db.DBStoreBuilder (DBStoreBuilder.java:processTables(167)) - Using default column profile:DBProfile.DISK for Table:default
2019-07-30 21:28:08,624 INFO  db.DBStoreBuilder (DBStoreBuilder.java:getDbProfile(198)) - Using default options. DBProfile.DISK
2019-07-30 21:28:08,800 INFO  net.NodeSchemaLoader (NodeSchemaLoader.java:loadSchemaFromFile(125)) - Loading file from sun.misc.CompoundEnumeration@7193666c
2019-07-30 21:28:08,803 INFO  net.NodeSchemaLoader (NodeSchemaLoader.java:loadSchema(171)) - Loading network topology layer schema file
2019-07-30 21:28:08,894 INFO  node.SCMNodeManager (SCMNodeManager.java:<init>(121)) - Entering startup safe mode.
2019-07-30 21:28:08,980 WARN  server.ServerUtils (ServerUtils.java:getScmDbDir(145)) - ozone.scm.db.dirs is not configured. We recommend adding this setting. Falling back to ozone.metadata.dirs instead.
2019-07-30 21:28:09,012 INFO  pipeline.SCMPipelineManager (SCMPipelineManager.java:initializePipelineState(126)) - No pipeline exists in current db
2019-07-30 21:28:09,015 WARN  server.ServerUtils (ServerUtils.java:getScmDbDir(145)) - ozone.scm.db.dirs is not configured. We recommend adding this setting. Falling back to ozone.metadata.dirs instead.
2019-07-30 21:28:09,131 WARN  events.EventQueue (EventQueue.java:fireEvent(175)) - No event handler registered for event TypedEvent{payloadType=SafeModeStatus, name='SafeModeStatus'}
2019-07-30 21:28:09,488 INFO  ipc.CallQueueManager (CallQueueManager.java:<init>(84)) - Using callQueue: class java.util.concurrent.LinkedBlockingQueue, queueCapacity: 2000, scheduler: class org.apache.hadoop.ipc.DefaultRpcScheduler, ipcBackoff: false.
2019-07-30 21:28:09,515 INFO  ipc.Server (Server.java:run(1074)) - Starting Socket Reader #1 for port 33975
2019-07-30 21:28:09,539 INFO  ipc.CallQueueManager (CallQueueManager.java:<init>(84)) - Using callQueue: class java.util.concurrent.LinkedBlockingQueue, queueCapacity: 2000, scheduler: class org.apache.hadoop.ipc.DefaultRpcScheduler, ipcBackoff: false.
2019-07-30 21:28:09,540 INFO  ipc.Server (Server.java:run(1074)) - Starting Socket Reader #1 for port 36025
2019-07-30 21:28:09,546 INFO  ipc.CallQueueManager (CallQueueManager.java:<init>(84)) - Using callQueue: class java.util.concurrent.LinkedBlockingQueue, queueCapacity: 2000, scheduler: class org.apache.hadoop.ipc.DefaultRpcScheduler, ipcBackoff: false.
2019-07-30 21:28:09,547 INFO  ipc.Server (Server.java:run(1074)) - Starting Socket Reader #1 for port 40366
2019-07-30 21:28:09,682 INFO  hdfs.DFSUtil (DFSUtil.java:httpServerTemplateForNNAndJN(1641)) - Starting Web-server for scm at: http://0.0.0.0:0
2019-07-30 21:28:09,850 INFO  server.AuthenticationFilter (AuthenticationFilter.java:constructSecretProvider(240)) - Unable to initialize FileSignerSecretProvider, falling back to use random secrets.
2019-07-30 21:28:09,859 WARN  http.HttpRequestLog (HttpRequestLog.java:getRequestLog(97)) - Jetty request log can only be enabled using Log4j
2019-07-30 21:28:09,867 INFO  http.HttpServer2 (HttpServer2.java:addGlobalFilter(975)) - Added global filter 'safety' (class=org.apache.hadoop.http.HttpServer2$QuotingInputFilter)
2019-07-30 21:28:09,869 INFO  http.HttpServer2 (HttpServer2.java:addFilter(948)) - Added filter static_user_filter (class=org.apache.hadoop.http.lib.StaticUserWebFilter$StaticUserFilter) to context scm
2019-07-30 21:28:09,870 INFO  http.HttpServer2 (HttpServer2.java:addFilter(958)) - Added filter static_user_filter (class=org.apache.hadoop.http.lib.StaticUserWebFilter$StaticUserFilter) to context logs
2019-07-30 21:28:09,870 INFO  http.HttpServer2 (HttpServer2.java:addFilter(958)) - Added filter static_user_filter (class=org.apache.hadoop.http.lib.StaticUserWebFilter$StaticUserFilter) to context static
2019-07-30 21:28:09,897 INFO  server.StorageContainerManager (StorageContainerManager.java:start(758)) - StorageContainerLocationProtocol RPC server is listening at /0.0.0.0:40366
2019-07-30 21:28:09,955 WARN  impl.MetricsConfig (MetricsConfig.java:loadFirst(134)) - Cannot locate configuration: tried hadoop-metrics2-storagecontainermanager.properties,hadoop-metrics2.properties
2019-07-30 21:28:09,968 INFO  impl.MetricsSystemImpl (MetricsSystemImpl.java:startTimer(374)) - Scheduled Metric snapshot period at 10 second(s).
2019-07-30 21:28:09,968 INFO  impl.MetricsSystemImpl (MetricsSystemImpl.java:start(191)) - StorageContainerManager metrics system started
2019-07-30 21:28:10,225 INFO  server.SCMClientProtocolServer (SCMClientProtocolServer.java:start(151)) - RPC server for Client  is listening at /0.0.0.0:40366
2019-07-30 21:28:10,226 INFO  ipc.Server (Server.java:run(1314)) - IPC Server Responder: starting
2019-07-30 21:28:10,226 INFO  ipc.Server (Server.java:run(1153)) - IPC Server listener on 40366: starting
2019-07-30 21:28:10,230 INFO  server.StorageContainerManager (StorageContainerManager.java:start(768)) - ScmBlockLocationProtocol RPC server is listening at /0.0.0.0:36025
2019-07-30 21:28:10,231 INFO  server.SCMBlockProtocolServer (SCMBlockProtocolServer.java:start(140)) - RPC server for Block Protocol is listening at /0.0.0.0:36025
2019-07-30 21:28:10,231 INFO  ipc.Server (Server.java:run(1314)) - IPC Server Responder: starting
2019-07-30 21:28:10,231 INFO  ipc.Server (Server.java:run(1153)) - IPC Server listener on 36025: starting
2019-07-30 21:28:10,236 INFO  server.StorageContainerManager (StorageContainerManager.java:start(772)) - ScmDatanodeProtocl RPC server is listening at /0.0.0.0:33975
2019-07-30 21:28:10,237 INFO  server.SCMDatanodeProtocolServer (SCMDatanodeProtocolServer.java:start(191)) - RPC server for DataNodes is listening at /0.0.0.0:33975
2019-07-30 21:28:10,237 INFO  ipc.Server (Server.java:run(1314)) - IPC Server Responder: starting
2019-07-30 21:28:10,238 INFO  ipc.Server (Server.java:run(1153)) - IPC Server listener on 33975: starting
2019-07-30 21:28:10,246 INFO  http.HttpServer2 (HttpServer2.java:bindListener(1191)) - Jetty bound to port 44500
2019-07-30 21:28:10,248 INFO  server.Server (Server.java:doStart(351)) - jetty-9.3.24.v20180605, build timestamp: 2018-06-05T17:11:56Z, git hash: 84205aa28f11a4f31f2a3b86d1bba2cc8ab69827
2019-07-30 21:28:10,288 INFO  handler.ContextHandler (ContextHandler.java:doStart(781)) - Started o.e.j.s.ServletContextHandler@75f95314{/logs,file:///workdir/hadoop-ozone/integration-test/target/log,AVAILABLE}
2019-07-30 21:28:10,288 INFO  handler.ContextHandler (ContextHandler.java:doStart(781)) - Started o.e.j.s.ServletContextHandler@6bbe2511{/static,file:///workdir/hadoop-ozone/integration-test/target/test-classes/webapps/static,AVAILABLE}
2019-07-30 21:28:10,320 INFO  handler.ContextHandler (ContextHandler.java:doStart(781)) - Started o.e.j.w.WebAppContext@285d851a{/,file:///workdir/hadoop-ozone/integration-test/target/test-classes/webapps/scm/,AVAILABLE}{/scm}
2019-07-30 21:28:10,326 INFO  server.AbstractConnector (AbstractConnector.java:doStart(278)) - Started ServerConnector@32232e55{HTTP/1.1,[http/1.1]}{0.0.0.0:44500}
2019-07-30 21:28:10,326 INFO  server.Server (Server.java:doStart(419)) - Started @2691ms
2019-07-30 21:28:10,328 INFO  server.BaseHttpServer (BaseHttpServer.java:updateConnectorAddress(207)) - HTTP server of SCM is listening at http://0.0.0.0:44500
2019-07-30 21:28:10,337 INFO  util.JvmPauseMonitor (JvmPauseMonitor.java:run(188)) - Starting JVM pause monitor
2019-07-30 21:28:10,342 WARN  server.ServerUtils (ServerUtils.java:getDBPath(222)) - ozone.om.db.dirs is not configured. We recommend adding this setting. Falling back to ozone.metadata.dirs instead.
2019-07-30 21:28:10,476 WARN  server.ServerUtils (ServerUtils.java:getDBPath(222)) - ozone.om.db.dirs is not configured. We recommend adding this setting. Falling back to ozone.metadata.dirs instead.
2019-07-30 21:28:10,477 WARN  server.ServerUtils (ServerUtils.java:getDBPath(222)) - ozone.om.db.dirs is not configured. We recommend adding this setting. Falling back to ozone.metadata.dirs instead.
2019-07-30 21:28:10,478 INFO  om.OzoneManager (OzoneManager.java:setOMNodeDetails(644)) - OM Service ID is not set. Setting it to the default ID: omServiceIdDefault
2019-07-30 21:28:10,478 INFO  om.OzoneManager (OzoneManager.java:setOMNodeDetails(650)) - OM Node ID is not set. Setting it to the OmStorage's OmID: af40d790-3078-40d0-9c68-4bcf818506a6
2019-07-30 21:28:10,480 INFO  om.OzoneManager (OzoneManager.java:loadOMHAConfigs(601)) - Found matching OM address with OMServiceId: null, OMNodeId: null, RPC Address: localhost:0 and Ratis port: 9872
2019-07-30 21:28:11,205 WARN  server.ServerUtils (ServerUtils.java:getDBPath(222)) - ozone.om.db.dirs is not configured. We recommend adding this setting. Falling back to ozone.metadata.dirs instead.
2019-07-30 21:28:11,212 INFO  db.DBStoreBuilder (DBStoreBuilder.java:addTable(110)) - using custom profile for table: userTable
2019-07-30 21:28:11,212 INFO  db.DBStoreBuilder (DBStoreBuilder.java:processTables(161)) - Using default column profile:DBProfile.DISK for Table:userTable
2019-07-30 21:28:11,213 INFO  db.DBStoreBuilder (DBStoreBuilder.java:addTable(110)) - using custom profile for table: volumeTable
2019-07-30 21:28:11,213 INFO  db.DBStoreBuilder (DBStoreBuilder.java:processTables(161)) - Using default column profile:DBProfile.DISK for Table:volumeTable
2019-07-30 21:28:11,213 INFO  db.DBStoreBuilder (DBStoreBuilder.java:addTable(110)) - using custom profile for table: bucketTable
2019-07-30 21:28:11,213 INFO  db.DBStoreBuilder (DBStoreBuilder.java:processTables(161)) - Using default column profile:DBProfile.DISK for Table:bucketTable
2019-07-30 21:28:11,214 INFO  db.DBStoreBuilder (DBStoreBuilder.java:addTable(110)) - using custom profile for table: keyTable
2019-07-30 21:28:11,214 INFO  db.DBStoreBuilder (DBStoreBuilder.java:processTables(161)) - Using default column profile:DBProfile.DISK for Table:keyTable
2019-07-30 21:28:11,214 INFO  db.DBStoreBuilder (DBStoreBuilder.java:addTable(110)) - using custom profile for table: deletedTable
2019-07-30 21:28:11,214 INFO  db.DBStoreBuilder (DBStoreBuilder.java:processTables(161)) - Using default column profile:DBProfile.DISK for Table:deletedTable
2019-07-30 21:28:11,215 INFO  db.DBStoreBuilder (DBStoreBuilder.java:addTable(110)) - using custom profile for table: openKeyTable
2019-07-30 21:28:11,215 INFO  db.DBStoreBuilder (DBStoreBuilder.java:processTables(161)) - Using default column profile:DBProfile.DISK for Table:openKeyTable
2019-07-30 21:28:11,215 INFO  db.DBStoreBuilder (DBStoreBuilder.java:addTable(110)) - using custom profile for table: s3Table
2019-07-30 21:28:11,215 INFO  db.DBStoreBuilder (DBStoreBuilder.java:processTables(161)) - Using default column profile:DBProfile.DISK for Table:s3Table
2019-07-30 21:28:11,216 INFO  db.DBStoreBuilder (DBStoreBuilder.java:addTable(110)) - using custom profile for table: multipartInfoTable
2019-07-30 21:28:11,216 INFO  db.DBStoreBuilder (DBStoreBuilder.java:processTables(161)) - Using default column profile:DBProfile.DISK for Table:multipartInfoTable
2019-07-30 21:28:11,216 INFO  db.DBStoreBuilder (DBStoreBuilder.java:addTable(110)) - using custom profile for table: dTokenTable
2019-07-30 21:28:11,217 INFO  db.DBStoreBuilder (DBStoreBuilder.java:processTables(161)) - Using default column profile:DBProfile.DISK for Table:dTokenTable
2019-07-30 21:28:11,217 INFO  db.DBStoreBuilder (DBStoreBuilder.java:addTable(110)) - using custom profile for table: s3SecretTable
2019-07-30 21:28:11,217 INFO  db.DBStoreBuilder (DBStoreBuilder.java:processTables(161)) - Using default column profile:DBProfile.DISK for Table:s3SecretTable
2019-07-30 21:28:11,217 INFO  db.DBStoreBuilder (DBStoreBuilder.java:addTable(110)) - using custom profile for table: prefixTable
2019-07-30 21:28:11,218 INFO  db.DBStoreBuilder (DBStoreBuilder.java:processTables(161)) - Using default column profile:DBProfile.DISK for Table:prefixTable
2019-07-30 21:28:11,218 INFO  db.DBStoreBuilder (DBStoreBuilder.java:addTable(110)) - using custom profile for table: default
2019-07-30 21:28:11,218 INFO  db.DBStoreBuilder (DBStoreBuilder.java:processTables(167)) - Using default column profile:DBProfile.DISK for Table:default
2019-07-30 21:28:11,218 INFO  db.DBStoreBuilder (DBStoreBuilder.java:getDbProfile(198)) - Using default options. DBProfile.DISK
2019-07-30 21:28:11,628 INFO  ipc.CallQueueManager (CallQueueManager.java:<init>(84)) - Using callQueue: class java.util.concurrent.LinkedBlockingQueue, queueCapacity: 2000, scheduler: class org.apache.hadoop.ipc.DefaultRpcScheduler, ipcBackoff: false.
2019-07-30 21:28:11,630 INFO  ipc.Server (Server.java:run(1074)) - Starting Socket Reader #1 for port 46003
2019-07-30 21:28:11,651 INFO  om.OzoneManager (OzoneManager.java:start(1255)) - OzoneManager RPC server is listening at localhost/127.0.0.1:46003
2019-07-30 21:28:11,651 INFO  impl.MetricsSystemImpl (MetricsSystemImpl.java:init(158)) - OzoneManager metrics system started (again)
2019-07-30 21:28:11,652 INFO  ipc.Server (Server.java:run(1314)) - IPC Server Responder: starting
2019-07-30 21:28:11,652 INFO  ipc.Server (Server.java:run(1153)) - IPC Server listener on 46003: starting
2019-07-30 21:28:11,659 INFO  hdfs.DFSUtil (DFSUtil.java:httpServerTemplateForNNAndJN(1641)) - Starting Web-server for ozoneManager at: http://0.0.0.0:0
2019-07-30 21:28:11,661 INFO  server.AuthenticationFilter (AuthenticationFilter.java:constructSecretProvider(240)) - Unable to initialize FileSignerSecretProvider, falling back to use random secrets.
2019-07-30 21:28:11,662 WARN  http.HttpRequestLog (HttpRequestLog.java:getRequestLog(97)) - Jetty request log can only be enabled using Log4j
2019-07-30 21:28:11,665 INFO  http.HttpServer2 (HttpServer2.java:addGlobalFilter(975)) - Added global filter 'safety' (class=org.apache.hadoop.http.HttpServer2$QuotingInputFilter)
2019-07-30 21:28:11,666 INFO  http.HttpServer2 (HttpServer2.java:addFilter(948)) - Added filter static_user_filter (class=org.apache.hadoop.http.lib.StaticUserWebFilter$StaticUserFilter) to context ozoneManager
2019-07-30 21:28:11,666 INFO  http.HttpServer2 (HttpServer2.java:addFilter(958)) - Added filter static_user_filter (class=org.apache.hadoop.http.lib.StaticUserWebFilter$StaticUserFilter) to context static
2019-07-30 21:28:11,667 INFO  http.HttpServer2 (HttpServer2.java:addFilter(958)) - Added filter static_user_filter (class=org.apache.hadoop.http.lib.StaticUserWebFilter$StaticUserFilter) to context logs
2019-07-30 21:28:11,669 INFO  http.HttpServer2 (HttpServer2.java:bindListener(1191)) - Jetty bound to port 38992
2019-07-30 21:28:11,670 INFO  server.Server (Server.java:doStart(351)) - jetty-9.3.24.v20180605, build timestamp: 2018-06-05T17:11:56Z, git hash: 84205aa28f11a4f31f2a3b86d1bba2cc8ab69827
2019-07-30 21:28:11,672 INFO  handler.ContextHandler (ContextHandler.java:doStart(781)) - Started o.e.j.s.ServletContextHandler@7808fb9{/logs,file:///workdir/hadoop-ozone/integration-test/target/log,AVAILABLE}
2019-07-30 21:28:11,673 INFO  handler.ContextHandler (ContextHandler.java:doStart(781)) - Started o.e.j.s.ServletContextHandler@6b580b88{/static,file:///workdir/hadoop-ozone/integration-test/target/test-classes/webapps/static,AVAILABLE}
2019-07-30 21:28:11,679 INFO  handler.ContextHandler (ContextHandler.java:doStart(781)) - Started o.e.j.w.WebAppContext@4a1c0752{/,file:///workdir/hadoop-ozone/integration-test/target/test-classes/webapps/ozoneManager/,AVAILABLE}{/ozoneManager}
2019-07-30 21:28:11,680 INFO  server.AbstractConnector (AbstractConnector.java:doStart(278)) - Started ServerConnector@332f25c8{HTTP/1.1,[http/1.1]}{0.0.0.0:38992}
2019-07-30 21:28:11,680 INFO  server.Server (Server.java:doStart(419)) - Started @4045ms
2019-07-30 21:28:11,681 INFO  server.BaseHttpServer (BaseHttpServer.java:updateConnectorAddress(207)) - HTTP server of OZONEMANAGER is listening at http://0.0.0.0:38992
2019-07-30 21:28:12,004 INFO  impl.MetricsSystemImpl (MetricsSystemImpl.java:init(158)) - HddsDatanode metrics system started (again)
2019-07-30 21:28:12,095 INFO  ozone.HddsDatanodeService (HddsDatanodeService.java:start(184)) - HddsDatanodeService host:byscane-nightly-xpwgl-1692789119 ip:192.168.5.158
2019-07-30 21:28:12,135 INFO  volume.HddsVolume (HddsVolume.java:<init>(176)) - Creating Volume: /workdir/hadoop-ozone/integration-test/target/test-dir/MiniOzoneClusterImpl-8b77b147-9f33-4cd7-94fe-b73f00faa243/datanode-0/data/containers/hdds of  storage type : DISK and capacity : 52710309888
2019-07-30 21:28:12,137 INFO  volume.VolumeSet (VolumeSet.java:initializeVolumeSet(170)) - Added Volume : /workdir/hadoop-ozone/integration-test/target/test-dir/MiniOzoneClusterImpl-8b77b147-9f33-4cd7-94fe-b73f00faa243/datanode-0/data/containers/hdds to VolumeSet
2019-07-30 21:28:12,140 INFO  volume.ThrottledAsyncChecker (ThrottledAsyncChecker.java:schedule(140)) - Scheduling a check for org.apache.hadoop.ozone.container.common.volume.HddsVolume@29a69a35
2019-07-30 21:28:12,158 INFO  volume.HddsVolumeChecker (HddsVolumeChecker.java:checkAllVolumes(203)) - Scheduled health check for volume org.apache.hadoop.ozone.container.common.volume.HddsVolume@29a69a35
2019-07-30 21:28:12,264 INFO  impl.RaftServerProxy (ConfUtils.java:logGet(43)) - raft.rpc.type = GRPC (default)
2019-07-30 21:28:12,327 INFO  grpc.GrpcFactory (GrpcFactory.java:checkPooledByteBufAllocatorUseCacheForAllThreads(45)) - PERFORMANCE WARNING: useCacheForAllThreads is true that may cause Netty to create a lot garbage objects and, as a result, trigger GC.
	It is recommended to disable useCacheForAllThreads by setting -Dorg.apache.ratis.thirdparty.io.netty.allocator.useCacheForAllThreads=false in command line.
2019-07-30 21:28:12,331 INFO  grpc.GrpcConfigKeys$Server (ConfUtils.java:logGet(43)) - raft.grpc.server.port = 0 (default)
2019-07-30 21:28:12,332 INFO  server.GrpcService (ConfUtils.java:logGet(43)) - raft.grpc.message.size.max = 33570816 (custom)
2019-07-30 21:28:12,334 INFO  server.RaftServerConfigKeys (ConfUtils.java:logGet(43)) - raft.server.log.appender.buffer.byte-limit = 33554432 (custom)
2019-07-30 21:28:12,334 INFO  server.GrpcService (ConfUtils.java:logGet(43)) - raft.grpc.flow.control.window = 1MB (=1048576) (default)
2019-07-30 21:28:12,335 INFO  server.RaftServerConfigKeys (ConfUtils.java:logGet(43)) - raft.server.rpc.request.timeout = 3000ms (default)
2019-07-30 21:28:12,488 INFO  server.RaftServerConfigKeys (ConfUtils.java:logGet(43)) - raft.server.storage.dir = [/workdir/hadoop-ozone/integration-test/target/test-dir/MiniOzoneClusterImpl-8b77b147-9f33-4cd7-94fe-b73f00faa243/datanode-0/data/ratis] (custom)
2019-07-30 21:28:12,548 INFO  replication.SimpleContainerDownloader (SimpleContainerDownloader.java:<init>(72)) - Starting container downloader service to copy containers to replicate.
2019-07-30 21:28:12,566 INFO  hdfs.DFSUtil (DFSUtil.java:httpServerTemplateForNNAndJN(1641)) - Starting Web-server for hddsDatanode at: http://0.0.0.0:0
2019-07-30 21:28:12,571 INFO  server.AuthenticationFilter (AuthenticationFilter.java:constructSecretProvider(240)) - Unable to initialize FileSignerSecretProvider, falling back to use random secrets.
2019-07-30 21:28:12,574 WARN  http.HttpRequestLog (HttpRequestLog.java:getRequestLog(97)) - Jetty request log can only be enabled using Log4j
2019-07-30 21:28:12,581 INFO  http.HttpServer2 (HttpServer2.java:addGlobalFilter(975)) - Added global filter 'safety' (class=org.apache.hadoop.http.HttpServer2$QuotingInputFilter)
2019-07-30 21:28:12,583 INFO  http.HttpServer2 (HttpServer2.java:addFilter(948)) - Added filter static_user_filter (class=org.apache.hadoop.http.lib.StaticUserWebFilter$StaticUserFilter) to context hddsDatanode
2019-07-30 21:28:12,583 INFO  http.HttpServer2 (HttpServer2.java:addFilter(958)) - Added filter static_user_filter (class=org.apache.hadoop.http.lib.StaticUserWebFilter$StaticUserFilter) to context logs
2019-07-30 21:28:12,584 INFO  http.HttpServer2 (HttpServer2.java:addFilter(958)) - Added filter static_user_filter (class=org.apache.hadoop.http.lib.StaticUserWebFilter$StaticUserFilter) to context static
2019-07-30 21:28:12,586 INFO  http.HttpServer2 (HttpServer2.java:bindListener(1191)) - Jetty bound to port 37054
2019-07-30 21:28:12,586 INFO  server.Server (Server.java:doStart(351)) - jetty-9.3.24.v20180605, build timestamp: 2018-06-05T17:11:56Z, git hash: 84205aa28f11a4f31f2a3b86d1bba2cc8ab69827
2019-07-30 21:28:12,590 INFO  handler.ContextHandler (ContextHandler.java:doStart(781)) - Started o.e.j.s.ServletContextHandler@65c33b92{/logs,file:///workdir/hadoop-ozone/integration-test/target/log,AVAILABLE}
2019-07-30 21:28:12,591 INFO  handler.ContextHandler (ContextHandler.java:doStart(781)) - Started o.e.j.s.ServletContextHandler@4e08acf9{/static,jar:file:/home/user/.m2/repository/org/apache/hadoop/hadoop-hdds-container-service/0.4.1-SNAPSHOT/hadoop-hdds-container-service-0.4.1-SNAPSHOT.jar!/webapps/static,AVAILABLE}
2019-07-30 21:28:12,631 INFO  handler.ContextHandler (ContextHandler.java:doStart(781)) - Started o.e.j.w.WebAppContext@36417a54{/,file:///tmp/jetty-0.0.0.0-37054-hddsDatanode-_-any-722122327746659520.dir/webapp/,AVAILABLE}{/hddsDatanode}
2019-07-30 21:28:12,632 INFO  server.AbstractConnector (AbstractConnector.java:doStart(278)) - Started ServerConnector@2b8bb184{HTTP/1.1,[http/1.1]}{0.0.0.0:37054}
2019-07-30 21:28:12,637 INFO  server.Server (Server.java:doStart(419)) - Started @5002ms
2019-07-30 21:28:12,639 INFO  server.BaseHttpServer (BaseHttpServer.java:updateConnectorAddress(207)) - HTTP server of HDDSDATANODE is listening at http://0.0.0.0:37054
2019-07-30 21:28:13,850 INFO  ozone.HddsDatanodeService (HddsDatanodeService.java:startPlugins(395)) - Started plug-in org.apache.hadoop.ozone.web.OzoneHddsDatanodeService@623e0631
2019-07-30 21:28:13,852 INFO  impl.MetricsSystemImpl (MetricsSystemImpl.java:init(158)) - HddsDatanode metrics system started (again)
2019-07-30 21:28:13,855 INFO  ozone.HddsDatanodeService (HddsDatanodeService.java:start(184)) - HddsDatanodeService host:byscane-nightly-xpwgl-1692789119 ip:192.168.5.158
2019-07-30 21:28:13,860 INFO  util.JvmPauseMonitor (JvmPauseMonitor.java:run(188)) - Starting JVM pause monitor
2019-07-30 21:28:13,866 INFO  volume.HddsVolume (HddsVolume.java:<init>(176)) - Creating Volume: /workdir/hadoop-ozone/integration-test/target/test-dir/MiniOzoneClusterImpl-8b77b147-9f33-4cd7-94fe-b73f00faa243/datanode-1/data/containers/hdds of  storage type : DISK and capacity : 52710309888
2019-07-30 21:28:13,866 INFO  volume.VolumeSet (VolumeSet.java:initializeVolumeSet(170)) - Added Volume : /workdir/hadoop-ozone/integration-test/target/test-dir/MiniOzoneClusterImpl-8b77b147-9f33-4cd7-94fe-b73f00faa243/datanode-1/data/containers/hdds to VolumeSet
2019-07-30 21:28:13,867 INFO  volume.ThrottledAsyncChecker (ThrottledAsyncChecker.java:schedule(140)) - Scheduling a check for org.apache.hadoop.ozone.container.common.volume.HddsVolume@6e02721d
2019-07-30 21:28:13,869 INFO  volume.HddsVolumeChecker (HddsVolumeChecker.java:checkAllVolumes(203)) - Scheduled health check for volume org.apache.hadoop.ozone.container.common.volume.HddsVolume@6e02721d
2019-07-30 21:28:13,889 INFO  impl.RaftServerProxy (ConfUtils.java:logGet(43)) - raft.rpc.type = GRPC (default)
2019-07-30 21:28:13,890 INFO  grpc.GrpcFactory (GrpcFactory.java:checkPooledByteBufAllocatorUseCacheForAllThreads(45)) - PERFORMANCE WARNING: useCacheForAllThreads is true that may cause Netty to create a lot garbage objects and, as a result, trigger GC.
	It is recommended to disable useCacheForAllThreads by setting -Dorg.apache.ratis.thirdparty.io.netty.allocator.useCacheForAllThreads=false in command line.
2019-07-30 21:28:13,890 INFO  grpc.GrpcConfigKeys$Server (ConfUtils.java:logGet(43)) - raft.grpc.server.port = 0 (default)
2019-07-30 21:28:13,890 INFO  server.GrpcService (ConfUtils.java:logGet(43)) - raft.grpc.message.size.max = 33570816 (custom)
2019-07-30 21:28:13,891 INFO  server.RaftServerConfigKeys (ConfUtils.java:logGet(43)) - raft.server.log.appender.buffer.byte-limit = 33554432 (custom)
2019-07-30 21:28:13,891 INFO  server.GrpcService (ConfUtils.java:logGet(43)) - raft.grpc.flow.control.window = 1MB (=1048576) (default)
2019-07-30 21:28:13,891 INFO  server.RaftServerConfigKeys (ConfUtils.java:logGet(43)) - raft.server.rpc.request.timeout = 3000ms (default)
2019-07-30 21:28:13,892 INFO  server.RaftServerConfigKeys (ConfUtils.java:logGet(43)) - raft.server.storage.dir = [/workdir/hadoop-ozone/integration-test/target/test-dir/MiniOzoneClusterImpl-8b77b147-9f33-4cd7-94fe-b73f00faa243/datanode-1/data/ratis] (custom)
2019-07-30 21:28:13,892 INFO  replication.SimpleContainerDownloader (SimpleContainerDownloader.java:<init>(72)) - Starting container downloader service to copy containers to replicate.
2019-07-30 21:28:13,894 INFO  hdfs.DFSUtil (DFSUtil.java:httpServerTemplateForNNAndJN(1641)) - Starting Web-server for hddsDatanode at: http://0.0.0.0:0
2019-07-30 21:28:13,895 INFO  server.AuthenticationFilter (AuthenticationFilter.java:constructSecretProvider(240)) - Unable to initialize FileSignerSecretProvider, falling back to use random secrets.
2019-07-30 21:28:13,896 WARN  http.HttpRequestLog (HttpRequestLog.java:getRequestLog(97)) - Jetty request log can only be enabled using Log4j
2019-07-30 21:28:13,897 INFO  http.HttpServer2 (HttpServer2.java:addGlobalFilter(975)) - Added global filter 'safety' (class=org.apache.hadoop.http.HttpServer2$QuotingInputFilter)
2019-07-30 21:28:13,897 INFO  http.HttpServer2 (HttpServer2.java:addFilter(948)) - Added filter static_user_filter (class=org.apache.hadoop.http.lib.StaticUserWebFilter$StaticUserFilter) to context hddsDatanode
2019-07-30 21:28:13,897 INFO  http.HttpServer2 (HttpServer2.java:addFilter(958)) - Added filter static_user_filter (class=org.apache.hadoop.http.lib.StaticUserWebFilter$StaticUserFilter) to context logs
2019-07-30 21:28:13,898 INFO  http.HttpServer2 (HttpServer2.java:addFilter(958)) - Added filter static_user_filter (class=org.apache.hadoop.http.lib.StaticUserWebFilter$StaticUserFilter) to context static
2019-07-30 21:28:13,898 INFO  http.HttpServer2 (HttpServer2.java:bindListener(1191)) - Jetty bound to port 35811
2019-07-30 21:28:13,898 INFO  server.Server (Server.java:doStart(351)) - jetty-9.3.24.v20180605, build timestamp: 2018-06-05T17:11:56Z, git hash: 84205aa28f11a4f31f2a3b86d1bba2cc8ab69827
2019-07-30 21:28:13,902 INFO  handler.ContextHandler (ContextHandler.java:doStart(781)) - Started o.e.j.s.ServletContextHandler@69a024a0{/logs,file:///workdir/hadoop-ozone/integration-test/target/log,AVAILABLE}
2019-07-30 21:28:13,903 INFO  handler.ContextHandler (ContextHandler.java:doStart(781)) - Started o.e.j.s.ServletContextHandler@2d7637e6{/static,jar:file:/home/user/.m2/repository/org/apache/hadoop/hadoop-hdds-container-service/0.4.1-SNAPSHOT/hadoop-hdds-container-service-0.4.1-SNAPSHOT.jar!/webapps/static,AVAILABLE}
2019-07-30 21:28:13,927 INFO  handler.ContextHandler (ContextHandler.java:doStart(781)) - Started o.e.j.w.WebAppContext@2ce03e86{/,file:///tmp/jetty-0.0.0.0-35811-hddsDatanode-_-any-6886200361363786041.dir/webapp/,AVAILABLE}{/hddsDatanode}
2019-07-30 21:28:13,928 INFO  server.AbstractConnector (AbstractConnector.java:doStart(278)) - Started ServerConnector@1c628f6a{HTTP/1.1,[http/1.1]}{0.0.0.0:35811}
2019-07-30 21:28:13,929 INFO  server.Server (Server.java:doStart(419)) - Started @6294ms
2019-07-30 21:28:13,930 INFO  server.BaseHttpServer (BaseHttpServer.java:updateConnectorAddress(207)) - HTTP server of HDDSDATANODE is listening at http://0.0.0.0:35811
2019-07-30 21:28:14,022 INFO  datanode.InitDatanodeState (InitDatanodeState.java:persistContainerDatanodeDetails(140)) - DatanodeDetails is persisted to /workdir/hadoop-ozone/integration-test/target/test-dir/MiniOzoneClusterImpl-8b77b147-9f33-4cd7-94fe-b73f00faa243/datanode-0/meta/datanode.id
2019-07-30 21:28:14,080 INFO  ozone.HddsDatanodeService (HddsDatanodeService.java:startPlugins(395)) - Started plug-in org.apache.hadoop.ozone.web.OzoneHddsDatanodeService@ccd341d
2019-07-30 21:28:14,080 INFO  impl.MetricsSystemImpl (MetricsSystemImpl.java:init(158)) - HddsDatanode metrics system started (again)
2019-07-30 21:28:14,083 INFO  ozone.HddsDatanodeService (HddsDatanodeService.java:start(184)) - HddsDatanodeService host:byscane-nightly-xpwgl-1692789119 ip:192.168.5.158
2019-07-30 21:28:14,083 INFO  util.JvmPauseMonitor (JvmPauseMonitor.java:run(188)) - Starting JVM pause monitor
2019-07-30 21:28:14,091 INFO  volume.HddsVolume (HddsVolume.java:<init>(176)) - Creating Volume: /workdir/hadoop-ozone/integration-test/target/test-dir/MiniOzoneClusterImpl-8b77b147-9f33-4cd7-94fe-b73f00faa243/datanode-2/data/containers/hdds of  storage type : DISK and capacity : 52710309888
2019-07-30 21:28:14,091 INFO  volume.VolumeSet (VolumeSet.java:initializeVolumeSet(170)) - Added Volume : /workdir/hadoop-ozone/integration-test/target/test-dir/MiniOzoneClusterImpl-8b77b147-9f33-4cd7-94fe-b73f00faa243/datanode-2/data/containers/hdds to VolumeSet
2019-07-30 21:28:14,091 INFO  volume.ThrottledAsyncChecker (ThrottledAsyncChecker.java:schedule(140)) - Scheduling a check for org.apache.hadoop.ozone.container.common.volume.HddsVolume@7197b07f
2019-07-30 21:28:14,092 INFO  datanode.InitDatanodeState (InitDatanodeState.java:persistContainerDatanodeDetails(140)) - DatanodeDetails is persisted to /workdir/hadoop-ozone/integration-test/target/test-dir/MiniOzoneClusterImpl-8b77b147-9f33-4cd7-94fe-b73f00faa243/datanode-1/meta/datanode.id
2019-07-30 21:28:14,092 INFO  volume.HddsVolumeChecker (HddsVolumeChecker.java:checkAllVolumes(203)) - Scheduled health check for volume org.apache.hadoop.ozone.container.common.volume.HddsVolume@7197b07f
2019-07-30 21:28:14,103 INFO  impl.RaftServerProxy (ConfUtils.java:logGet(43)) - raft.rpc.type = GRPC (default)
2019-07-30 21:28:14,103 INFO  grpc.GrpcFactory (GrpcFactory.java:checkPooledByteBufAllocatorUseCacheForAllThreads(45)) - PERFORMANCE WARNING: useCacheForAllThreads is true that may cause Netty to create a lot garbage objects and, as a result, trigger GC.
	It is recommended to disable useCacheForAllThreads by setting -Dorg.apache.ratis.thirdparty.io.netty.allocator.useCacheForAllThreads=false in command line.
2019-07-30 21:28:14,104 INFO  grpc.GrpcConfigKeys$Server (ConfUtils.java:logGet(43)) - raft.grpc.server.port = 0 (default)
2019-07-30 21:28:14,104 INFO  server.GrpcService (ConfUtils.java:logGet(43)) - raft.grpc.message.size.max = 33570816 (custom)
2019-07-30 21:28:14,104 INFO  server.RaftServerConfigKeys (ConfUtils.java:logGet(43)) - raft.server.log.appender.buffer.byte-limit = 33554432 (custom)
2019-07-30 21:28:14,104 INFO  server.GrpcService (ConfUtils.java:logGet(43)) - raft.grpc.flow.control.window = 1MB (=1048576) (default)
2019-07-30 21:28:14,104 INFO  server.RaftServerConfigKeys (ConfUtils.java:logGet(43)) - raft.server.rpc.request.timeout = 3000ms (default)
2019-07-30 21:28:14,105 INFO  server.RaftServerConfigKeys (ConfUtils.java:logGet(43)) - raft.server.storage.dir = [/workdir/hadoop-ozone/integration-test/target/test-dir/MiniOzoneClusterImpl-8b77b147-9f33-4cd7-94fe-b73f00faa243/datanode-2/data/ratis] (custom)
2019-07-30 21:28:14,106 INFO  replication.SimpleContainerDownloader (SimpleContainerDownloader.java:<init>(72)) - Starting container downloader service to copy containers to replicate.
2019-07-30 21:28:14,107 INFO  hdfs.DFSUtil (DFSUtil.java:httpServerTemplateForNNAndJN(1641)) - Starting Web-server for hddsDatanode at: http://0.0.0.0:0
2019-07-30 21:28:14,109 INFO  server.AuthenticationFilter (AuthenticationFilter.java:constructSecretProvider(240)) - Unable to initialize FileSignerSecretProvider, falling back to use random secrets.
2019-07-30 21:28:14,110 WARN  http.HttpRequestLog (HttpRequestLog.java:getRequestLog(97)) - Jetty request log can only be enabled using Log4j
2019-07-30 21:28:14,112 INFO  http.HttpServer2 (HttpServer2.java:addGlobalFilter(975)) - Added global filter 'safety' (class=org.apache.hadoop.http.HttpServer2$QuotingInputFilter)
2019-07-30 21:28:14,112 INFO  http.HttpServer2 (HttpServer2.java:addFilter(948)) - Added filter static_user_filter (class=org.apache.hadoop.http.lib.StaticUserWebFilter$StaticUserFilter) to context hddsDatanode
2019-07-30 21:28:14,113 INFO  http.HttpServer2 (HttpServer2.java:addFilter(958)) - Added filter static_user_filter (class=org.apache.hadoop.http.lib.StaticUserWebFilter$StaticUserFilter) to context logs
2019-07-30 21:28:14,113 INFO  http.HttpServer2 (HttpServer2.java:addFilter(958)) - Added filter static_user_filter (class=org.apache.hadoop.http.lib.StaticUserWebFilter$StaticUserFilter) to context static
2019-07-30 21:28:14,114 INFO  http.HttpServer2 (HttpServer2.java:bindListener(1191)) - Jetty bound to port 36515
2019-07-30 21:28:14,114 INFO  server.Server (Server.java:doStart(351)) - jetty-9.3.24.v20180605, build timestamp: 2018-06-05T17:11:56Z, git hash: 84205aa28f11a4f31f2a3b86d1bba2cc8ab69827
2019-07-30 21:28:14,118 INFO  handler.ContextHandler (ContextHandler.java:doStart(781)) - Started o.e.j.s.ServletContextHandler@3e26482{/logs,file:///workdir/hadoop-ozone/integration-test/target/log,AVAILABLE}
2019-07-30 21:28:14,119 INFO  handler.ContextHandler (ContextHandler.java:doStart(781)) - Started o.e.j.s.ServletContextHandler@6b37df8e{/static,jar:file:/home/user/.m2/repository/org/apache/hadoop/hadoop-hdds-container-service/0.4.1-SNAPSHOT/hadoop-hdds-container-service-0.4.1-SNAPSHOT.jar!/webapps/static,AVAILABLE}
2019-07-30 21:28:14,159 INFO  handler.ContextHandler (ContextHandler.java:doStart(781)) - Started o.e.j.w.WebAppContext@6e8fdd19{/,file:///tmp/jetty-0.0.0.0-36515-hddsDatanode-_-any-1010586386539706525.dir/webapp/,AVAILABLE}{/hddsDatanode}
2019-07-30 21:28:14,160 INFO  server.AbstractConnector (AbstractConnector.java:doStart(278)) - Started ServerConnector@35787726{HTTP/1.1,[http/1.1]}{0.0.0.0:36515}
2019-07-30 21:28:14,160 INFO  server.Server (Server.java:doStart(419)) - Started @6525ms
2019-07-30 21:28:14,162 INFO  server.BaseHttpServer (BaseHttpServer.java:updateConnectorAddress(207)) - HTTP server of HDDSDATANODE is listening at http://0.0.0.0:36515
2019-07-30 21:28:14,330 INFO  ozone.HddsDatanodeService (HddsDatanodeService.java:startPlugins(395)) - Started plug-in org.apache.hadoop.ozone.web.OzoneHddsDatanodeService@209f3887
2019-07-30 21:28:14,331 INFO  impl.MetricsSystemImpl (MetricsSystemImpl.java:init(158)) - HddsDatanode metrics system started (again)
2019-07-30 21:28:14,335 INFO  ozone.HddsDatanodeService (HddsDatanodeService.java:start(184)) - HddsDatanodeService host:byscane-nightly-xpwgl-1692789119 ip:192.168.5.158
2019-07-30 21:28:14,335 INFO  util.JvmPauseMonitor (JvmPauseMonitor.java:run(188)) - Starting JVM pause monitor
2019-07-30 21:28:14,338 INFO  datanode.InitDatanodeState (InitDatanodeState.java:persistContainerDatanodeDetails(140)) - DatanodeDetails is persisted to /workdir/hadoop-ozone/integration-test/target/test-dir/MiniOzoneClusterImpl-8b77b147-9f33-4cd7-94fe-b73f00faa243/datanode-2/meta/datanode.id
2019-07-30 21:28:14,344 INFO  volume.HddsVolume (HddsVolume.java:<init>(176)) - Creating Volume: /workdir/hadoop-ozone/integration-test/target/test-dir/MiniOzoneClusterImpl-8b77b147-9f33-4cd7-94fe-b73f00faa243/datanode-3/data/containers/hdds of  storage type : DISK and capacity : 52710309888
2019-07-30 21:28:14,345 INFO  volume.VolumeSet (VolumeSet.java:initializeVolumeSet(170)) - Added Volume : /workdir/hadoop-ozone/integration-test/target/test-dir/MiniOzoneClusterImpl-8b77b147-9f33-4cd7-94fe-b73f00faa243/datanode-3/data/containers/hdds to VolumeSet
2019-07-30 21:28:14,345 INFO  volume.ThrottledAsyncChecker (ThrottledAsyncChecker.java:schedule(140)) - Scheduling a check for org.apache.hadoop.ozone.container.common.volume.HddsVolume@3554bdc0
2019-07-30 21:28:14,346 INFO  volume.HddsVolumeChecker (HddsVolumeChecker.java:checkAllVolumes(203)) - Scheduled health check for volume org.apache.hadoop.ozone.container.common.volume.HddsVolume@3554bdc0
2019-07-30 21:28:14,361 INFO  impl.RaftServerProxy (ConfUtils.java:logGet(43)) - raft.rpc.type = GRPC (default)
2019-07-30 21:28:14,361 INFO  grpc.GrpcFactory (GrpcFactory.java:checkPooledByteBufAllocatorUseCacheForAllThreads(45)) - PERFORMANCE WARNING: useCacheForAllThreads is true that may cause Netty to create a lot garbage objects and, as a result, trigger GC.
	It is recommended to disable useCacheForAllThreads by setting -Dorg.apache.ratis.thirdparty.io.netty.allocator.useCacheForAllThreads=false in command line.
2019-07-30 21:28:14,362 INFO  grpc.GrpcConfigKeys$Server (ConfUtils.java:logGet(43)) - raft.grpc.server.port = 0 (default)
2019-07-30 21:28:14,362 INFO  server.GrpcService (ConfUtils.java:logGet(43)) - raft.grpc.message.size.max = 33570816 (custom)
2019-07-30 21:28:14,362 INFO  server.RaftServerConfigKeys (ConfUtils.java:logGet(43)) - raft.server.log.appender.buffer.byte-limit = 33554432 (custom)
2019-07-30 21:28:14,362 INFO  server.GrpcService (ConfUtils.java:logGet(43)) - raft.grpc.flow.control.window = 1MB (=1048576) (default)
2019-07-30 21:28:14,363 INFO  server.RaftServerConfigKeys (ConfUtils.java:logGet(43)) - raft.server.rpc.request.timeout = 3000ms (default)
2019-07-30 21:28:14,363 INFO  server.RaftServerConfigKeys (ConfUtils.java:logGet(43)) - raft.server.storage.dir = [/workdir/hadoop-ozone/integration-test/target/test-dir/MiniOzoneClusterImpl-8b77b147-9f33-4cd7-94fe-b73f00faa243/datanode-3/data/ratis] (custom)
2019-07-30 21:28:14,364 INFO  replication.SimpleContainerDownloader (SimpleContainerDownloader.java:<init>(72)) - Starting container downloader service to copy containers to replicate.
2019-07-30 21:28:14,365 INFO  hdfs.DFSUtil (DFSUtil.java:httpServerTemplateForNNAndJN(1641)) - Starting Web-server for hddsDatanode at: http://0.0.0.0:0
2019-07-30 21:28:14,368 INFO  server.AuthenticationFilter (AuthenticationFilter.java:constructSecretProvider(240)) - Unable to initialize FileSignerSecretProvider, falling back to use random secrets.
2019-07-30 21:28:14,369 WARN  http.HttpRequestLog (HttpRequestLog.java:getRequestLog(97)) - Jetty request log can only be enabled using Log4j
2019-07-30 21:28:14,371 INFO  http.HttpServer2 (HttpServer2.java:addGlobalFilter(975)) - Added global filter 'safety' (class=org.apache.hadoop.http.HttpServer2$QuotingInputFilter)
2019-07-30 21:28:14,373 INFO  http.HttpServer2 (HttpServer2.java:addFilter(948)) - Added filter static_user_filter (class=org.apache.hadoop.http.lib.StaticUserWebFilter$StaticUserFilter) to context hddsDatanode
2019-07-30 21:28:14,373 INFO  http.HttpServer2 (HttpServer2.java:addFilter(958)) - Added filter static_user_filter (class=org.apache.hadoop.http.lib.StaticUserWebFilter$StaticUserFilter) to context static
2019-07-30 21:28:14,373 INFO  http.HttpServer2 (HttpServer2.java:addFilter(958)) - Added filter static_user_filter (class=org.apache.hadoop.http.lib.StaticUserWebFilter$StaticUserFilter) to context logs
2019-07-30 21:28:14,375 INFO  http.HttpServer2 (HttpServer2.java:bindListener(1191)) - Jetty bound to port 40890
2019-07-30 21:28:14,375 INFO  server.Server (Server.java:doStart(351)) - jetty-9.3.24.v20180605, build timestamp: 2018-06-05T17:11:56Z, git hash: 84205aa28f11a4f31f2a3b86d1bba2cc8ab69827
2019-07-30 21:28:14,378 INFO  handler.ContextHandler (ContextHandler.java:doStart(781)) - Started o.e.j.s.ServletContextHandler@4ed18798{/logs,file:///workdir/hadoop-ozone/integration-test/target/log,AVAILABLE}
2019-07-30 21:28:14,379 INFO  handler.ContextHandler (ContextHandler.java:doStart(781)) - Started o.e.j.s.ServletContextHandler@5b29ab61{/static,jar:file:/home/user/.m2/repository/org/apache/hadoop/hadoop-hdds-container-service/0.4.1-SNAPSHOT/hadoop-hdds-container-service-0.4.1-SNAPSHOT.jar!/webapps/static,AVAILABLE}
2019-07-30 21:28:14,422 INFO  handler.ContextHandler (ContextHandler.java:doStart(781)) - Started o.e.j.w.WebAppContext@3b4086c1{/,file:///tmp/jetty-0.0.0.0-40890-hddsDatanode-_-any-7600285824081122379.dir/webapp/,AVAILABLE}{/hddsDatanode}
2019-07-30 21:28:14,422 INFO  server.AbstractConnector (AbstractConnector.java:doStart(278)) - Started ServerConnector@58aa1d72{HTTP/1.1,[http/1.1]}{0.0.0.0:40890}
2019-07-30 21:28:14,423 INFO  server.Server (Server.java:doStart(419)) - Started @6788ms
2019-07-30 21:28:14,425 INFO  server.BaseHttpServer (BaseHttpServer.java:updateConnectorAddress(207)) - HTTP server of HDDSDATANODE is listening at http://0.0.0.0:40890
2019-07-30 21:28:14,605 INFO  ozone.HddsDatanodeService (HddsDatanodeService.java:startPlugins(395)) - Started plug-in org.apache.hadoop.ozone.web.OzoneHddsDatanodeService@50ec4bfc
2019-07-30 21:28:14,606 INFO  impl.MetricsSystemImpl (MetricsSystemImpl.java:init(158)) - HddsDatanode metrics system started (again)
2019-07-30 21:28:14,610 INFO  ozone.HddsDatanodeService (HddsDatanodeService.java:start(184)) - HddsDatanodeService host:byscane-nightly-xpwgl-1692789119 ip:192.168.5.158
2019-07-30 21:28:14,610 INFO  util.JvmPauseMonitor (JvmPauseMonitor.java:run(188)) - Starting JVM pause monitor
2019-07-30 21:28:14,613 INFO  datanode.InitDatanodeState (InitDatanodeState.java:persistContainerDatanodeDetails(140)) - DatanodeDetails is persisted to /workdir/hadoop-ozone/integration-test/target/test-dir/MiniOzoneClusterImpl-8b77b147-9f33-4cd7-94fe-b73f00faa243/datanode-3/meta/datanode.id
2019-07-30 21:28:14,618 INFO  volume.HddsVolume (HddsVolume.java:<init>(176)) - Creating Volume: /workdir/hadoop-ozone/integration-test/target/test-dir/MiniOzoneClusterImpl-8b77b147-9f33-4cd7-94fe-b73f00faa243/datanode-4/data/containers/hdds of  storage type : DISK and capacity : 52710309888
2019-07-30 21:28:14,619 INFO  volume.VolumeSet (VolumeSet.java:initializeVolumeSet(170)) - Added Volume : /workdir/hadoop-ozone/integration-test/target/test-dir/MiniOzoneClusterImpl-8b77b147-9f33-4cd7-94fe-b73f00faa243/datanode-4/data/containers/hdds to VolumeSet
2019-07-30 21:28:14,619 INFO  volume.ThrottledAsyncChecker (ThrottledAsyncChecker.java:schedule(140)) - Scheduling a check for org.apache.hadoop.ozone.container.common.volume.HddsVolume@71936a92
2019-07-30 21:28:14,620 INFO  volume.HddsVolumeChecker (HddsVolumeChecker.java:checkAllVolumes(203)) - Scheduled health check for volume org.apache.hadoop.ozone.container.common.volume.HddsVolume@71936a92
2019-07-30 21:28:14,638 INFO  impl.RaftServerProxy (ConfUtils.java:logGet(43)) - raft.rpc.type = GRPC (default)
2019-07-30 21:28:14,638 INFO  grpc.GrpcFactory (GrpcFactory.java:checkPooledByteBufAllocatorUseCacheForAllThreads(45)) - PERFORMANCE WARNING: useCacheForAllThreads is true that may cause Netty to create a lot garbage objects and, as a result, trigger GC.
	It is recommended to disable useCacheForAllThreads by setting -Dorg.apache.ratis.thirdparty.io.netty.allocator.useCacheForAllThreads=false in command line.
2019-07-30 21:28:14,638 INFO  grpc.GrpcConfigKeys$Server (ConfUtils.java:logGet(43)) - raft.grpc.server.port = 0 (default)
2019-07-30 21:28:14,638 INFO  server.GrpcService (ConfUtils.java:logGet(43)) - raft.grpc.message.size.max = 33570816 (custom)
2019-07-30 21:28:14,639 INFO  server.RaftServerConfigKeys (ConfUtils.java:logGet(43)) - raft.server.log.appender.buffer.byte-limit = 33554432 (custom)
2019-07-30 21:28:14,639 INFO  server.GrpcService (ConfUtils.java:logGet(43)) - raft.grpc.flow.control.window = 1MB (=1048576) (default)
2019-07-30 21:28:14,639 INFO  server.RaftServerConfigKeys (ConfUtils.java:logGet(43)) - raft.server.rpc.request.timeout = 3000ms (default)
2019-07-30 21:28:14,640 INFO  server.RaftServerConfigKeys (ConfUtils.java:logGet(43)) - raft.server.storage.dir = [/workdir/hadoop-ozone/integration-test/target/test-dir/MiniOzoneClusterImpl-8b77b147-9f33-4cd7-94fe-b73f00faa243/datanode-4/data/ratis] (custom)
2019-07-30 21:28:14,640 INFO  replication.SimpleContainerDownloader (SimpleContainerDownloader.java:<init>(72)) - Starting container downloader service to copy containers to replicate.
2019-07-30 21:28:14,642 INFO  hdfs.DFSUtil (DFSUtil.java:httpServerTemplateForNNAndJN(1641)) - Starting Web-server for hddsDatanode at: http://0.0.0.0:0
2019-07-30 21:28:14,644 INFO  server.AuthenticationFilter (AuthenticationFilter.java:constructSecretProvider(240)) - Unable to initialize FileSignerSecretProvider, falling back to use random secrets.
2019-07-30 21:28:14,645 WARN  http.HttpRequestLog (HttpRequestLog.java:getRequestLog(97)) - Jetty request log can only be enabled using Log4j
2019-07-30 21:28:14,648 INFO  http.HttpServer2 (HttpServer2.java:addGlobalFilter(975)) - Added global filter 'safety' (class=org.apache.hadoop.http.HttpServer2$QuotingInputFilter)
2019-07-30 21:28:14,649 INFO  http.HttpServer2 (HttpServer2.java:addFilter(948)) - Added filter static_user_filter (class=org.apache.hadoop.http.lib.StaticUserWebFilter$StaticUserFilter) to context hddsDatanode
2019-07-30 21:28:14,649 INFO  http.HttpServer2 (HttpServer2.java:addFilter(958)) - Added filter static_user_filter (class=org.apache.hadoop.http.lib.StaticUserWebFilter$StaticUserFilter) to context logs
2019-07-30 21:28:14,650 INFO  http.HttpServer2 (HttpServer2.java:addFilter(958)) - Added filter static_user_filter (class=org.apache.hadoop.http.lib.StaticUserWebFilter$StaticUserFilter) to context static
2019-07-30 21:28:14,651 INFO  http.HttpServer2 (HttpServer2.java:bindListener(1191)) - Jetty bound to port 42445
2019-07-30 21:28:14,651 INFO  server.Server (Server.java:doStart(351)) - jetty-9.3.24.v20180605, build timestamp: 2018-06-05T17:11:56Z, git hash: 84205aa28f11a4f31f2a3b86d1bba2cc8ab69827
2019-07-30 21:28:14,658 INFO  handler.ContextHandler (ContextHandler.java:doStart(781)) - Started o.e.j.s.ServletContextHandler@51e7589f{/logs,file:///workdir/hadoop-ozone/integration-test/target/log,AVAILABLE}
2019-07-30 21:28:14,659 INFO  handler.ContextHandler (ContextHandler.java:doStart(781)) - Started o.e.j.s.ServletContextHandler@42c12b3e{/static,jar:file:/home/user/.m2/repository/org/apache/hadoop/hadoop-hdds-container-service/0.4.1-SNAPSHOT/hadoop-hdds-container-service-0.4.1-SNAPSHOT.jar!/webapps/static,AVAILABLE}
2019-07-30 21:28:14,702 INFO  handler.ContextHandler (ContextHandler.java:doStart(781)) - Started o.e.j.w.WebAppContext@3caee3a8{/,file:///tmp/jetty-0.0.0.0-42445-hddsDatanode-_-any-143718101046132528.dir/webapp/,AVAILABLE}{/hddsDatanode}
2019-07-30 21:28:14,703 INFO  server.AbstractConnector (AbstractConnector.java:doStart(278)) - Started ServerConnector@69a40b3c{HTTP/1.1,[http/1.1]}{0.0.0.0:42445}
2019-07-30 21:28:14,704 INFO  server.Server (Server.java:doStart(419)) - Started @7069ms
2019-07-30 21:28:14,705 INFO  server.BaseHttpServer (BaseHttpServer.java:updateConnectorAddress(207)) - HTTP server of HDDSDATANODE is listening at http://0.0.0.0:42445
2019-07-30 21:28:14,858 INFO  ozone.HddsDatanodeService (HddsDatanodeService.java:startPlugins(395)) - Started plug-in org.apache.hadoop.ozone.web.OzoneHddsDatanodeService@2c9fdb64
2019-07-30 21:28:14,859 INFO  impl.MetricsSystemImpl (MetricsSystemImpl.java:init(158)) - HddsDatanode metrics system started (again)
2019-07-30 21:28:14,864 INFO  util.JvmPauseMonitor (JvmPauseMonitor.java:run(188)) - Starting JVM pause monitor
2019-07-30 21:28:14,865 INFO  ozone.HddsDatanodeService (HddsDatanodeService.java:start(184)) - HddsDatanodeService host:byscane-nightly-xpwgl-1692789119 ip:192.168.5.158
2019-07-30 21:28:14,867 INFO  datanode.InitDatanodeState (InitDatanodeState.java:persistContainerDatanodeDetails(140)) - DatanodeDetails is persisted to /workdir/hadoop-ozone/integration-test/target/test-dir/MiniOzoneClusterImpl-8b77b147-9f33-4cd7-94fe-b73f00faa243/datanode-4/meta/datanode.id
2019-07-30 21:28:14,877 INFO  volume.HddsVolume (HddsVolume.java:<init>(176)) - Creating Volume: /workdir/hadoop-ozone/integration-test/target/test-dir/MiniOzoneClusterImpl-8b77b147-9f33-4cd7-94fe-b73f00faa243/datanode-5/data/containers/hdds of  storage type : DISK and capacity : 52710309888
2019-07-30 21:28:14,877 INFO  volume.VolumeSet (VolumeSet.java:initializeVolumeSet(170)) - Added Volume : /workdir/hadoop-ozone/integration-test/target/test-dir/MiniOzoneClusterImpl-8b77b147-9f33-4cd7-94fe-b73f00faa243/datanode-5/data/containers/hdds to VolumeSet
2019-07-30 21:28:14,878 INFO  volume.ThrottledAsyncChecker (ThrottledAsyncChecker.java:schedule(140)) - Scheduling a check for org.apache.hadoop.ozone.container.common.volume.HddsVolume@79ca7bea
2019-07-30 21:28:14,879 INFO  volume.HddsVolumeChecker (HddsVolumeChecker.java:checkAllVolumes(203)) - Scheduled health check for volume org.apache.hadoop.ozone.container.common.volume.HddsVolume@79ca7bea
2019-07-30 21:28:14,900 INFO  impl.RaftServerProxy (ConfUtils.java:logGet(43)) - raft.rpc.type = GRPC (default)
2019-07-30 21:28:14,900 INFO  grpc.GrpcFactory (GrpcFactory.java:checkPooledByteBufAllocatorUseCacheForAllThreads(45)) - PERFORMANCE WARNING: useCacheForAllThreads is true that may cause Netty to create a lot garbage objects and, as a result, trigger GC.
	It is recommended to disable useCacheForAllThreads by setting -Dorg.apache.ratis.thirdparty.io.netty.allocator.useCacheForAllThreads=false in command line.
2019-07-30 21:28:14,900 INFO  grpc.GrpcConfigKeys$Server (ConfUtils.java:logGet(43)) - raft.grpc.server.port = 0 (default)
2019-07-30 21:28:14,901 INFO  server.GrpcService (ConfUtils.java:logGet(43)) - raft.grpc.message.size.max = 33570816 (custom)
2019-07-30 21:28:14,901 INFO  server.RaftServerConfigKeys (ConfUtils.java:logGet(43)) - raft.server.log.appender.buffer.byte-limit = 33554432 (custom)
2019-07-30 21:28:14,901 INFO  server.GrpcService (ConfUtils.java:logGet(43)) - raft.grpc.flow.control.window = 1MB (=1048576) (default)
2019-07-30 21:28:14,902 INFO  server.RaftServerConfigKeys (ConfUtils.java:logGet(43)) - raft.server.rpc.request.timeout = 3000ms (default)
2019-07-30 21:28:14,903 INFO  server.RaftServerConfigKeys (ConfUtils.java:logGet(43)) - raft.server.storage.dir = [/workdir/hadoop-ozone/integration-test/target/test-dir/MiniOzoneClusterImpl-8b77b147-9f33-4cd7-94fe-b73f00faa243/datanode-5/data/ratis] (custom)
2019-07-30 21:28:14,903 INFO  replication.SimpleContainerDownloader (SimpleContainerDownloader.java:<init>(72)) - Starting container downloader service to copy containers to replicate.
2019-07-30 21:28:14,905 INFO  hdfs.DFSUtil (DFSUtil.java:httpServerTemplateForNNAndJN(1641)) - Starting Web-server for hddsDatanode at: http://0.0.0.0:0
2019-07-30 21:28:14,907 INFO  server.AuthenticationFilter (AuthenticationFilter.java:constructSecretProvider(240)) - Unable to initialize FileSignerSecretProvider, falling back to use random secrets.
2019-07-30 21:28:14,907 WARN  http.HttpRequestLog (HttpRequestLog.java:getRequestLog(97)) - Jetty request log can only be enabled using Log4j
2019-07-30 21:28:14,909 INFO  http.HttpServer2 (HttpServer2.java:addGlobalFilter(975)) - Added global filter 'safety' (class=org.apache.hadoop.http.HttpServer2$QuotingInputFilter)
2019-07-30 21:28:14,910 INFO  http.HttpServer2 (HttpServer2.java:addFilter(948)) - Added filter static_user_filter (class=org.apache.hadoop.http.lib.StaticUserWebFilter$StaticUserFilter) to context hddsDatanode
2019-07-30 21:28:14,910 INFO  http.HttpServer2 (HttpServer2.java:addFilter(958)) - Added filter static_user_filter (class=org.apache.hadoop.http.lib.StaticUserWebFilter$StaticUserFilter) to context static
2019-07-30 21:28:14,910 INFO  http.HttpServer2 (HttpServer2.java:addFilter(958)) - Added filter static_user_filter (class=org.apache.hadoop.http.lib.StaticUserWebFilter$StaticUserFilter) to context logs
2019-07-30 21:28:14,911 INFO  http.HttpServer2 (HttpServer2.java:bindListener(1191)) - Jetty bound to port 43481
2019-07-30 21:28:14,911 INFO  server.Server (Server.java:doStart(351)) - jetty-9.3.24.v20180605, build timestamp: 2018-06-05T17:11:56Z, git hash: 84205aa28f11a4f31f2a3b86d1bba2cc8ab69827
2019-07-30 21:28:14,913 INFO  handler.ContextHandler (ContextHandler.java:doStart(781)) - Started o.e.j.s.ServletContextHandler@6c2a95d5{/logs,file:///workdir/hadoop-ozone/integration-test/target/log,AVAILABLE}
2019-07-30 21:28:14,914 INFO  handler.ContextHandler (ContextHandler.java:doStart(781)) - Started o.e.j.s.ServletContextHandler@3f048c86{/static,jar:file:/home/user/.m2/repository/org/apache/hadoop/hadoop-hdds-container-service/0.4.1-SNAPSHOT/hadoop-hdds-container-service-0.4.1-SNAPSHOT.jar!/webapps/static,AVAILABLE}
2019-07-30 21:28:14,943 INFO  handler.ContextHandler (ContextHandler.java:doStart(781)) - Started o.e.j.w.WebAppContext@4b4969ea{/,file:///tmp/jetty-0.0.0.0-43481-hddsDatanode-_-any-6245268027141730878.dir/webapp/,AVAILABLE}{/hddsDatanode}
2019-07-30 21:28:14,944 INFO  server.AbstractConnector (AbstractConnector.java:doStart(278)) - Started ServerConnector@11c581a0{HTTP/1.1,[http/1.1]}{0.0.0.0:43481}
2019-07-30 21:28:14,945 INFO  server.Server (Server.java:doStart(419)) - Started @7310ms
2019-07-30 21:28:14,946 INFO  server.BaseHttpServer (BaseHttpServer.java:updateConnectorAddress(207)) - HTTP server of HDDSDATANODE is listening at http://0.0.0.0:43481
2019-07-30 21:28:15,116 INFO  ozone.HddsDatanodeService (HddsDatanodeService.java:startPlugins(395)) - Started plug-in org.apache.hadoop.ozone.web.OzoneHddsDatanodeService@44fd7ba4
2019-07-30 21:28:15,119 INFO  ozone.MiniOzoneClusterImpl (MiniOzoneClusterImpl.java:lambda$waitForClusterToBeReady$0(142)) - Waiting for cluster to be ready. Got 0 of 6 DN Heartbeats.
2019-07-30 21:28:15,120 INFO  util.JvmPauseMonitor (JvmPauseMonitor.java:run(188)) - Starting JVM pause monitor
2019-07-30 21:28:15,123 INFO  datanode.InitDatanodeState (InitDatanodeState.java:persistContainerDatanodeDetails(140)) - DatanodeDetails is persisted to /workdir/hadoop-ozone/integration-test/target/test-dir/MiniOzoneClusterImpl-8b77b147-9f33-4cd7-94fe-b73f00faa243/datanode-5/meta/datanode.id
2019-07-30 21:28:16,021 INFO  ozoneimpl.OzoneContainer (OzoneContainer.java:start(186)) - Attempting to start container services.
2019-07-30 21:28:16,023 INFO  ozoneimpl.OzoneContainer (OzoneContainer.java:startContainerScrub(160)) - Background container scrubber has been disabled by hdds.containerscrub.enabled
2019-07-30 21:28:16,023 INFO  ratis.XceiverServerRatis (XceiverServerRatis.java:start(404)) - Starting XceiverServerRatis 30641217-001b-43ca-96c3-aa7aa467b580 at port 0
2019-07-30 21:28:16,047 INFO  impl.RaftServerProxy (RaftServerProxy.java:lambda$start$3(299)) - 30641217-001b-43ca-96c3-aa7aa467b580: start RPC server
2019-07-30 21:28:16,101 INFO  ozoneimpl.OzoneContainer (OzoneContainer.java:start(186)) - Attempting to start container services.
2019-07-30 21:28:16,104 INFO  ozoneimpl.OzoneContainer (OzoneContainer.java:startContainerScrub(160)) - Background container scrubber has been disabled by hdds.containerscrub.enabled
2019-07-30 21:28:16,104 INFO  ratis.XceiverServerRatis (XceiverServerRatis.java:start(404)) - Starting XceiverServerRatis 6f4c258b-71de-4eb0-a684-9bcd9fd337f0 at port 0
2019-07-30 21:28:16,116 INFO  impl.RaftServerProxy (RaftServerProxy.java:lambda$start$3(299)) - 6f4c258b-71de-4eb0-a684-9bcd9fd337f0: start RPC server
2019-07-30 21:28:16,119 INFO  ozone.MiniOzoneClusterImpl (MiniOzoneClusterImpl.java:lambda$waitForClusterToBeReady$0(142)) - Waiting for cluster to be ready. Got 0 of 6 DN Heartbeats.
2019-07-30 21:28:16,213 INFO  server.GrpcService (GrpcService.java:startImpl(149)) - 6f4c258b-71de-4eb0-a684-9bcd9fd337f0: GrpcService started, listening on 0.0.0.0/0.0.0.0:32948
2019-07-30 21:28:16,213 INFO  server.GrpcService (GrpcService.java:startImpl(149)) - 30641217-001b-43ca-96c3-aa7aa467b580: GrpcService started, listening on 0.0.0.0/0.0.0.0:39579
2019-07-30 21:28:16,214 INFO  ratis.XceiverServerRatis (XceiverServerRatis.java:start(414)) - XceiverServerRatis 6f4c258b-71de-4eb0-a684-9bcd9fd337f0 is started using port 32948
2019-07-30 21:28:16,215 INFO  ratis.XceiverServerRatis (XceiverServerRatis.java:start(414)) - XceiverServerRatis 30641217-001b-43ca-96c3-aa7aa467b580 is started using port 39579
2019-07-30 21:28:16,219 INFO  server.XceiverServerGrpc (XceiverServerGrpc.java:start(161)) - XceiverServerGrpc 6f4c258b-71de-4eb0-a684-9bcd9fd337f0 is started using port 34357
2019-07-30 21:28:16,219 INFO  server.XceiverServerGrpc (XceiverServerGrpc.java:start(161)) - XceiverServerGrpc 30641217-001b-43ca-96c3-aa7aa467b580 is started using port 33310
2019-07-30 21:28:16,344 INFO  ozoneimpl.OzoneContainer (OzoneContainer.java:start(186)) - Attempting to start container services.
2019-07-30 21:28:16,346 INFO  ozoneimpl.OzoneContainer (OzoneContainer.java:startContainerScrub(160)) - Background container scrubber has been disabled by hdds.containerscrub.enabled
2019-07-30 21:28:16,346 INFO  ratis.XceiverServerRatis (XceiverServerRatis.java:start(404)) - Starting XceiverServerRatis f2446bf1-ec3a-4e17-8981-4ac50a4360e8 at port 0
2019-07-30 21:28:16,355 INFO  impl.RaftServerProxy (RaftServerProxy.java:lambda$start$3(299)) - f2446bf1-ec3a-4e17-8981-4ac50a4360e8: start RPC server
2019-07-30 21:28:16,358 INFO  server.GrpcService (GrpcService.java:startImpl(149)) - f2446bf1-ec3a-4e17-8981-4ac50a4360e8: GrpcService started, listening on 0.0.0.0/0.0.0.0:39706
2019-07-30 21:28:16,358 INFO  ratis.XceiverServerRatis (XceiverServerRatis.java:start(414)) - XceiverServerRatis f2446bf1-ec3a-4e17-8981-4ac50a4360e8 is started using port 39706
2019-07-30 21:28:16,361 INFO  server.XceiverServerGrpc (XceiverServerGrpc.java:start(161)) - XceiverServerGrpc f2446bf1-ec3a-4e17-8981-4ac50a4360e8 is started using port 38745
2019-07-30 21:28:16,643 INFO  ozoneimpl.OzoneContainer (OzoneContainer.java:start(186)) - Attempting to start container services.
2019-07-30 21:28:16,646 INFO  ozoneimpl.OzoneContainer (OzoneContainer.java:startContainerScrub(160)) - Background container scrubber has been disabled by hdds.containerscrub.enabled
2019-07-30 21:28:16,646 INFO  ratis.XceiverServerRatis (XceiverServerRatis.java:start(404)) - Starting XceiverServerRatis c323af41-fdc3-4b48-bf99-1ba699a1270e at port 0
2019-07-30 21:28:16,656 INFO  impl.RaftServerProxy (RaftServerProxy.java:lambda$start$3(299)) - c323af41-fdc3-4b48-bf99-1ba699a1270e: start RPC server
2019-07-30 21:28:16,659 INFO  server.GrpcService (GrpcService.java:startImpl(149)) - c323af41-fdc3-4b48-bf99-1ba699a1270e: GrpcService started, listening on 0.0.0.0/0.0.0.0:41776
2019-07-30 21:28:16,659 INFO  ratis.XceiverServerRatis (XceiverServerRatis.java:start(414)) - XceiverServerRatis c323af41-fdc3-4b48-bf99-1ba699a1270e is started using port 41776
2019-07-30 21:28:16,663 INFO  server.XceiverServerGrpc (XceiverServerGrpc.java:start(161)) - XceiverServerGrpc c323af41-fdc3-4b48-bf99-1ba699a1270e is started using port 38204
2019-07-30 21:28:16,879 INFO  ozoneimpl.OzoneContainer (OzoneContainer.java:start(186)) - Attempting to start container services.
2019-07-30 21:28:16,886 INFO  ozoneimpl.OzoneContainer (OzoneContainer.java:startContainerScrub(160)) - Background container scrubber has been disabled by hdds.containerscrub.enabled
2019-07-30 21:28:16,886 INFO  ratis.XceiverServerRatis (XceiverServerRatis.java:start(404)) - Starting XceiverServerRatis 22664a15-5b10-44b2-9690-7ea37b8a94ba at port 0
2019-07-30 21:28:16,894 INFO  impl.RaftServerProxy (RaftServerProxy.java:lambda$start$3(299)) - 22664a15-5b10-44b2-9690-7ea37b8a94ba: start RPC server
2019-07-30 21:28:16,897 INFO  server.GrpcService (GrpcService.java:startImpl(149)) - 22664a15-5b10-44b2-9690-7ea37b8a94ba: GrpcService started, listening on 0.0.0.0/0.0.0.0:36003
2019-07-30 21:28:16,898 INFO  ratis.XceiverServerRatis (XceiverServerRatis.java:start(414)) - XceiverServerRatis 22664a15-5b10-44b2-9690-7ea37b8a94ba is started using port 36003
2019-07-30 21:28:16,901 INFO  server.XceiverServerGrpc (XceiverServerGrpc.java:start(161)) - XceiverServerGrpc 22664a15-5b10-44b2-9690-7ea37b8a94ba is started using port 35362
2019-07-30 21:28:17,120 INFO  ozone.MiniOzoneClusterImpl (MiniOzoneClusterImpl.java:lambda$waitForClusterToBeReady$0(142)) - Waiting for cluster to be ready. Got 0 of 6 DN Heartbeats.
2019-07-30 21:28:17,138 INFO  ozoneimpl.OzoneContainer (OzoneContainer.java:start(186)) - Attempting to start container services.
2019-07-30 21:28:17,138 INFO  ozoneimpl.OzoneContainer (OzoneContainer.java:startContainerScrub(160)) - Background container scrubber has been disabled by hdds.containerscrub.enabled
2019-07-30 21:28:17,138 INFO  ratis.XceiverServerRatis (XceiverServerRatis.java:start(404)) - Starting XceiverServerRatis d16e0798-67da-4590-ba10-4a737662f4be at port 0
2019-07-30 21:28:17,144 INFO  impl.RaftServerProxy (RaftServerProxy.java:lambda$start$3(299)) - d16e0798-67da-4590-ba10-4a737662f4be: start RPC server
2019-07-30 21:28:17,148 INFO  server.GrpcService (GrpcService.java:startImpl(149)) - d16e0798-67da-4590-ba10-4a737662f4be: GrpcService started, listening on 0.0.0.0/0.0.0.0:38846
2019-07-30 21:28:17,148 INFO  ratis.XceiverServerRatis (XceiverServerRatis.java:start(414)) - XceiverServerRatis d16e0798-67da-4590-ba10-4a737662f4be is started using port 38846
2019-07-30 21:28:17,151 INFO  server.XceiverServerGrpc (XceiverServerGrpc.java:start(161)) - XceiverServerGrpc d16e0798-67da-4590-ba10-4a737662f4be is started using port 32859
2019-07-30 21:28:17,908 INFO  net.NetworkTopology (NetworkTopologyImpl.java:add(110)) - Added a new node: /default-rack/30641217-001b-43ca-96c3-aa7aa467b580
2019-07-30 21:28:17,909 INFO  node.SCMNodeManager (SCMNodeManager.java:register(273)) - Registered Data node : 30641217-001b-43ca-96c3-aa7aa467b580{ip: 192.168.5.158, host: byscane-nightly-xpwgl-1692789119, networkLocation: /default-rack, certSerialId: null}
2019-07-30 21:28:17,918 INFO  safemode.SCMSafeModeManager (DataNodeSafeModeRule.java:process(71)) - SCM in safe mode. 1 DataNodes registered, 1 required.
2019-07-30 21:28:17,919 INFO  safemode.SCMSafeModeManager (SCMSafeModeManager.java:validateSafeModeExitRules(177)) - ScmSafeModeManager, all rules are successfully validated
2019-07-30 21:28:17,919 INFO  safemode.SCMSafeModeManager (SCMSafeModeManager.java:exitSafeMode(193)) - SCM exiting safe mode.
2019-07-30 21:28:18,087 INFO  net.NetworkTopology (NetworkTopologyImpl.java:add(110)) - Added a new node: /default-rack/6f4c258b-71de-4eb0-a684-9bcd9fd337f0
2019-07-30 21:28:18,088 INFO  node.SCMNodeManager (SCMNodeManager.java:register(273)) - Registered Data node : 6f4c258b-71de-4eb0-a684-9bcd9fd337f0{ip: 192.168.5.158, host: byscane-nightly-xpwgl-1692789119, networkLocation: /default-rack, certSerialId: null}
2019-07-30 21:28:18,121 INFO  ozone.MiniOzoneClusterImpl (MiniOzoneClusterImpl.java:lambda$waitForClusterToBeReady$0(142)) - Waiting for cluster to be ready. Got 2 of 6 DN Heartbeats.
2019-07-30 21:28:18,339 INFO  net.NetworkTopology (NetworkTopologyImpl.java:add(110)) - Added a new node: /default-rack/f2446bf1-ec3a-4e17-8981-4ac50a4360e8
2019-07-30 21:28:18,340 INFO  node.SCMNodeManager (SCMNodeManager.java:register(273)) - Registered Data node : f2446bf1-ec3a-4e17-8981-4ac50a4360e8{ip: 192.168.5.158, host: byscane-nightly-xpwgl-1692789119, networkLocation: /default-rack, certSerialId: null}
2019-07-30 21:28:18,454 INFO  impl.RaftServerProxy (RaftServerProxy.java:addNew(89)) - 30641217-001b-43ca-96c3-aa7aa467b580: addNew group-E09102F14D46:[30641217-001b-43ca-96c3-aa7aa467b580:192.168.5.158:39579] returns group-E09102F14D46:java.util.concurrent.CompletableFuture@63076797[Not completed]
2019-07-30 21:28:18,813 INFO  net.NetworkTopology (NetworkTopologyImpl.java:add(110)) - Added a new node: /default-rack/c323af41-fdc3-4b48-bf99-1ba699a1270e
2019-07-30 21:28:18,813 INFO  node.SCMNodeManager (SCMNodeManager.java:register(273)) - Registered Data node : c323af41-fdc3-4b48-bf99-1ba699a1270e{ip: 192.168.5.158, host: byscane-nightly-xpwgl-1692789119, networkLocation: /default-rack, certSerialId: null}
2019-07-30 21:28:18,820 INFO  impl.RaftServerImpl (RaftServerImpl.java:<init>(93)) - 30641217-001b-43ca-96c3-aa7aa467b580: new RaftServerImpl for group-E09102F14D46:[30641217-001b-43ca-96c3-aa7aa467b580:192.168.5.158:39579] with ContainerStateMachine:uninitialized
2019-07-30 21:28:18,822 INFO  server.RaftServerConfigKeys (ConfUtils.java:logGet(43)) - raft.server.rpc.timeout.min = 5s (custom)
2019-07-30 21:28:18,823 INFO  server.RaftServerConfigKeys (ConfUtils.java:logGet(43)) - raft.server.rpc.timeout.max = 5200ms (custom)
2019-07-30 21:28:18,823 INFO  server.RaftServerConfigKeys (ConfUtils.java:logGet(43)) - raft.server.rpcslowness.timeout = 120s (custom)
2019-07-30 21:28:18,825 INFO  server.RaftServerConfigKeys (ConfUtils.java:logGet(43)) - raft.server.sleep.deviation.threshold = 300 (default)
2019-07-30 21:28:18,826 INFO  server.RaftServerConfigKeys (ConfUtils.java:logGet(43)) - raft.server.log.appender.install.snapshot.enabled = false (custom)
2019-07-30 21:28:18,836 INFO  impl.RaftServerImpl (ServerState.java:<init>(105)) - 30641217-001b-43ca-96c3-aa7aa467b580:group-E09102F14D46 ConfigurationManager, init=-1: [30641217-001b-43ca-96c3-aa7aa467b580:192.168.5.158:39579], old=null, confs=<EMPTY_MAP>
2019-07-30 21:28:18,836 INFO  server.RaftServerConfigKeys (ConfUtils.java:logGet(43)) - raft.server.storage.dir = [/workdir/hadoop-ozone/integration-test/target/test-dir/MiniOzoneClusterImpl-8b77b147-9f33-4cd7-94fe-b73f00faa243/datanode-0/data/ratis] (custom)
2019-07-30 21:28:18,846 INFO  storage.RaftStorageDirectory (RaftStorageDirectory.java:analyzeStorage(246)) - The storage directory /workdir/hadoop-ozone/integration-test/target/test-dir/MiniOzoneClusterImpl-8b77b147-9f33-4cd7-94fe-b73f00faa243/datanode-0/data/ratis/79eadc8e-2a80-487e-8f31-e09102f14d46 does not exist. Creating ...
2019-07-30 21:28:18,865 INFO  storage.RaftStorageDirectory (RaftStorageDirectory.java:tryLock(328)) - Lock on /workdir/hadoop-ozone/integration-test/target/test-dir/MiniOzoneClusterImpl-8b77b147-9f33-4cd7-94fe-b73f00faa243/datanode-0/data/ratis/79eadc8e-2a80-487e-8f31-e09102f14d46/in_use.lock acquired by nodename 10911@byscane-nightly-xpwgl-1692789119
2019-07-30 21:28:18,867 INFO  net.NetworkTopology (NetworkTopologyImpl.java:add(110)) - Added a new node: /default-rack/22664a15-5b10-44b2-9690-7ea37b8a94ba
2019-07-30 21:28:18,868 INFO  node.SCMNodeManager (SCMNodeManager.java:register(273)) - Registered Data node : 22664a15-5b10-44b2-9690-7ea37b8a94ba{ip: 192.168.5.158, host: byscane-nightly-xpwgl-1692789119, networkLocation: /default-rack, certSerialId: null}
2019-07-30 21:28:18,882 INFO  storage.RaftStorage (RaftStorage.java:format(72)) - Storage directory /workdir/hadoop-ozone/integration-test/target/test-dir/MiniOzoneClusterImpl-8b77b147-9f33-4cd7-94fe-b73f00faa243/datanode-0/data/ratis/79eadc8e-2a80-487e-8f31-e09102f14d46 has been successfully formatted.
2019-07-30 21:28:18,885 INFO  ratis.ContainerStateMachine (ContainerStateMachine.java:loadSnapshot(213)) - group-E09102F14D46: The snapshot info is null. Setting the last applied indexto:(t:0, i:~)
2019-07-30 21:28:18,885 INFO  server.RaftServerConfigKeys (ConfUtils.java:logGet(43)) - raft.server.leader.election.timeout = 120s (custom)
2019-07-30 21:28:18,887 INFO  server.RaftServerConfigKeys (ConfUtils.java:logGet(43)) - raft.server.log.use.memory = false (default)
2019-07-30 21:28:18,894 INFO  server.RaftServerConfigKeys (ConfUtils.java:logGet(43)) - raft.server.log.purge.gap = 1000000000 (custom)
2019-07-30 21:28:18,895 INFO  server.RaftServerConfigKeys (ConfUtils.java:logGet(43)) - raft.server.log.appender.buffer.byte-limit = 33554432 (custom)
2019-07-30 21:28:18,897 INFO  server.RaftServerConfigKeys (ConfUtils.java:logGet(43)) - raft.server.log.segment.size.max = 1048576 (custom)
2019-07-30 21:28:18,903 INFO  server.RaftServerConfigKeys (ConfUtils.java:logGet(43)) - raft.server.log.segment.cache.num.max = 2 (custom)
2019-07-30 21:28:18,909 INFO  segmented.SegmentedRaftLogWorker (SegmentedRaftLogWorker.java:<init>(172)) - new 30641217-001b-43ca-96c3-aa7aa467b580-SegmentedRaftLogWorker:Storage Directory /workdir/hadoop-ozone/integration-test/target/test-dir/MiniOzoneClusterImpl-8b77b147-9f33-4cd7-94fe-b73f00faa243/datanode-0/data/ratis/79eadc8e-2a80-487e-8f31-e09102f14d46 for RaftStorage:Storage Directory /workdir/hadoop-ozone/integration-test/target/test-dir/MiniOzoneClusterImpl-8b77b147-9f33-4cd7-94fe-b73f00faa243/datanode-0/data/ratis/79eadc8e-2a80-487e-8f31-e09102f14d46
2019-07-30 21:28:18,923 INFO  server.RaftServerConfigKeys (ConfUtils.java:logGet(43)) - raft.server.log.queue.byte-limit = 2147483647 (custom)
2019-07-30 21:28:18,924 INFO  server.RaftServerConfigKeys (ConfUtils.java:logGet(43)) - raft.server.log.queue.element-limit = 1024 (custom)
2019-07-30 21:28:18,929 INFO  server.RaftServerConfigKeys (ConfUtils.java:logGet(43)) - raft.server.log.segment.size.max = 1048576 (custom)
2019-07-30 21:28:18,929 INFO  server.RaftServerConfigKeys (ConfUtils.java:logGet(43)) - raft.server.log.preallocated.size = 16384 (custom)
2019-07-30 21:28:18,930 INFO  server.RaftServerConfigKeys (ConfUtils.java:logGet(43)) - raft.server.log.write.buffer.size = 33554432 (custom)
2019-07-30 21:28:18,930 INFO  server.RaftServerConfigKeys (ConfUtils.java:logGet(43)) - raft.server.log.force.sync.num = 128 (default)
2019-07-30 21:28:18,932 INFO  server.RaftServerConfigKeys (ConfUtils.java:logGet(43)) - raft.server.log.statemachine.data.sync = true (default)
2019-07-30 21:28:18,932 INFO  server.RaftServerConfigKeys (ConfUtils.java:logGet(43)) - raft.server.log.statemachine.data.sync.timeout = 10s (default)
2019-07-30 21:28:18,932 INFO  server.RaftServerConfigKeys (ConfUtils.java:logGet(43)) - raft.server.log.statemachine.data.sync.timeout.retry = -1 (default)
2019-07-30 21:28:18,941 INFO  server.RaftServerConfigKeys (ConfUtils.java:logGet(43)) - raft.server.log.statemachine.data.caching.enabled = true (custom)
2019-07-30 21:28:18,946 INFO  segmented.SegmentedRaftLogWorker (SegmentedRaftLogWorker.java:lambda$new$0(132)) - 30641217-001b-43ca-96c3-aa7aa467b580-SegmentedRaftLogWorker:Storage Directory /workdir/hadoop-ozone/integration-test/target/test-dir/MiniOzoneClusterImpl-8b77b147-9f33-4cd7-94fe-b73f00faa243/datanode-0/data/ratis/79eadc8e-2a80-487e-8f31-e09102f14d46: flushIndex: setUnconditionally 0 -> -1
2019-07-30 21:28:18,951 INFO  server.RaftServerConfigKeys (ConfUtils.java:logGet(43)) - raft.server.snapshot.auto.trigger.enabled = true (custom)
2019-07-30 21:28:18,952 INFO  server.RaftServerConfigKeys (ConfUtils.java:logGet(43)) - raft.server.snapshot.auto.trigger.threshold = 10000 (custom)
2019-07-30 21:28:18,952 INFO  server.RaftServerConfigKeys (ConfUtils.java:logGet(43)) - raft.server.retrycache.expirytime = 600000ms (custom)
2019-07-30 21:28:18,973 INFO  impl.RaftServerImpl (RaftServerImpl.java:start(180)) - 30641217-001b-43ca-96c3-aa7aa467b580: start group-E09102F14D46
2019-07-30 21:28:18,974 INFO  impl.RaftServerImpl (RaftServerImpl.java:setRole(171)) - 30641217-001b-43ca-96c3-aa7aa467b580:group-E09102F14D46 changes role from null to FOLLOWER at term 0 for startAsFollower
2019-07-30 21:28:18,975 INFO  impl.RoleInfo (RoleInfo.java:updateAndGet(143)) - 30641217-001b-43ca-96c3-aa7aa467b580: start FollowerState
2019-07-30 21:28:18,976 INFO  util.JmxRegister (JmxRegister.java:tryRegister(44)) - Successfully registered JMX Bean with object name Ratis:service=RaftServer,group=group-E09102F14D46,id=30641217-001b-43ca-96c3-aa7aa467b580
2019-07-30 21:28:19,049 INFO  pipeline.PipelineStateManager (PipelineStateManager.java:addPipeline(56)) - Created pipeline Pipeline[ Id: 79eadc8e-2a80-487e-8f31-e09102f14d46, Nodes: 30641217-001b-43ca-96c3-aa7aa467b580{ip: 192.168.5.158, host: byscane-nightly-xpwgl-1692789119, networkLocation: /default-rack, certSerialId: null}, Type:RATIS, Factor:ONE, State:OPEN]
2019-07-30 21:28:19,081 INFO  impl.RaftServerProxy (RaftServerProxy.java:addNew(89)) - 22664a15-5b10-44b2-9690-7ea37b8a94ba: addNew group-8C7E926D18FB:[22664a15-5b10-44b2-9690-7ea37b8a94ba:192.168.5.158:36003] returns group-8C7E926D18FB:java.util.concurrent.CompletableFuture@3f0707ea[Not completed]
2019-07-30 21:28:19,135 INFO  ozone.MiniOzoneClusterImpl (MiniOzoneClusterImpl.java:lambda$waitForClusterToBeReady$0(142)) - Waiting for cluster to be ready. Got 5 of 6 DN Heartbeats.
2019-07-30 21:28:19,138 INFO  impl.RaftServerImpl (RaftServerImpl.java:<init>(93)) - 22664a15-5b10-44b2-9690-7ea37b8a94ba: new RaftServerImpl for group-8C7E926D18FB:[22664a15-5b10-44b2-9690-7ea37b8a94ba:192.168.5.158:36003] with ContainerStateMachine:uninitialized
2019-07-30 21:28:19,139 INFO  server.RaftServerConfigKeys (ConfUtils.java:logGet(43)) - raft.server.rpc.timeout.min = 5s (custom)
2019-07-30 21:28:19,140 INFO  server.RaftServerConfigKeys (ConfUtils.java:logGet(43)) - raft.server.rpc.timeout.max = 5200ms (custom)
2019-07-30 21:28:19,140 INFO  server.RaftServerConfigKeys (ConfUtils.java:logGet(43)) - raft.server.rpcslowness.timeout = 120s (custom)
2019-07-30 21:28:19,140 INFO  server.RaftServerConfigKeys (ConfUtils.java:logGet(43)) - raft.server.sleep.deviation.threshold = 300 (default)
2019-07-30 21:28:19,140 INFO  server.RaftServerConfigKeys (ConfUtils.java:logGet(43)) - raft.server.log.appender.install.snapshot.enabled = false (custom)
2019-07-30 21:28:19,140 INFO  net.NetworkTopology (NetworkTopologyImpl.java:add(110)) - Added a new node: /default-rack/d16e0798-67da-4590-ba10-4a737662f4be
2019-07-30 21:28:19,140 INFO  impl.RaftServerImpl (ServerState.java:<init>(105)) - 22664a15-5b10-44b2-9690-7ea37b8a94ba:group-8C7E926D18FB ConfigurationManager, init=-1: [22664a15-5b10-44b2-9690-7ea37b8a94ba:192.168.5.158:36003], old=null, confs=<EMPTY_MAP>
2019-07-30 21:28:19,140 INFO  node.SCMNodeManager (SCMNodeManager.java:register(273)) - Registered Data node : d16e0798-67da-4590-ba10-4a737662f4be{ip: 192.168.5.158, host: byscane-nightly-xpwgl-1692789119, networkLocation: /default-rack, certSerialId: null}
2019-07-30 21:28:19,141 INFO  server.RaftServerConfigKeys (ConfUtils.java:logGet(43)) - raft.server.storage.dir = [/workdir/hadoop-ozone/integration-test/target/test-dir/MiniOzoneClusterImpl-8b77b147-9f33-4cd7-94fe-b73f00faa243/datanode-4/data/ratis] (custom)
2019-07-30 21:28:19,141 INFO  storage.RaftStorageDirectory (RaftStorageDirectory.java:analyzeStorage(246)) - The storage directory /workdir/hadoop-ozone/integration-test/target/test-dir/MiniOzoneClusterImpl-8b77b147-9f33-4cd7-94fe-b73f00faa243/datanode-4/data/ratis/8b036a37-2480-4d22-8cf7-8c7e926d18fb does not exist. Creating ...
2019-07-30 21:28:19,153 INFO  storage.RaftStorageDirectory (RaftStorageDirectory.java:tryLock(328)) - Lock on /workdir/hadoop-ozone/integration-test/target/test-dir/MiniOzoneClusterImpl-8b77b147-9f33-4cd7-94fe-b73f00faa243/datanode-4/data/ratis/8b036a37-2480-4d22-8cf7-8c7e926d18fb/in_use.lock acquired by nodename 10911@byscane-nightly-xpwgl-1692789119
2019-07-30 21:28:19,156 INFO  storage.RaftStorage (RaftStorage.java:format(72)) - Storage directory /workdir/hadoop-ozone/integration-test/target/test-dir/MiniOzoneClusterImpl-8b77b147-9f33-4cd7-94fe-b73f00faa243/datanode-4/data/ratis/8b036a37-2480-4d22-8cf7-8c7e926d18fb has been successfully formatted.
2019-07-30 21:28:19,158 INFO  ratis.ContainerStateMachine (ContainerStateMachine.java:loadSnapshot(213)) - group-8C7E926D18FB: The snapshot info is null. Setting the last applied indexto:(t:0, i:~)
2019-07-30 21:28:19,159 INFO  server.RaftServerConfigKeys (ConfUtils.java:logGet(43)) - raft.server.leader.election.timeout = 120s (custom)
2019-07-30 21:28:19,159 INFO  server.RaftServerConfigKeys (ConfUtils.java:logGet(43)) - raft.server.log.use.memory = false (default)
2019-07-30 21:28:19,159 INFO  server.RaftServerConfigKeys (ConfUtils.java:logGet(43)) - raft.server.log.purge.gap = 1000000000 (custom)
2019-07-30 21:28:19,159 INFO  server.RaftServerConfigKeys (ConfUtils.java:logGet(43)) - raft.server.log.appender.buffer.byte-limit = 33554432 (custom)
2019-07-30 21:28:19,159 INFO  server.RaftServerConfigKeys (ConfUtils.java:logGet(43)) - raft.server.log.segment.size.max = 1048576 (custom)
2019-07-30 21:28:19,160 INFO  server.RaftServerConfigKeys (ConfUtils.java:logGet(43)) - raft.server.log.segment.cache.num.max = 2 (custom)
2019-07-30 21:28:19,160 INFO  segmented.SegmentedRaftLogWorker (SegmentedRaftLogWorker.java:<init>(172)) - new 22664a15-5b10-44b2-9690-7ea37b8a94ba-SegmentedRaftLogWorker:Storage Directory /workdir/hadoop-ozone/integration-test/target/test-dir/MiniOzoneClusterImpl-8b77b147-9f33-4cd7-94fe-b73f00faa243/datanode-4/data/ratis/8b036a37-2480-4d22-8cf7-8c7e926d18fb for RaftStorage:Storage Directory /workdir/hadoop-ozone/integration-test/target/test-dir/MiniOzoneClusterImpl-8b77b147-9f33-4cd7-94fe-b73f00faa243/datanode-4/data/ratis/8b036a37-2480-4d22-8cf7-8c7e926d18fb
2019-07-30 21:28:19,161 INFO  server.RaftServerConfigKeys (ConfUtils.java:logGet(43)) - raft.server.log.queue.byte-limit = 2147483647 (custom)
2019-07-30 21:28:19,161 INFO  server.RaftServerConfigKeys (ConfUtils.java:logGet(43)) - raft.server.log.queue.element-limit = 1024 (custom)
2019-07-30 21:28:19,161 INFO  server.RaftServerConfigKeys (ConfUtils.java:logGet(43)) - raft.server.log.segment.size.max = 1048576 (custom)
2019-07-30 21:28:19,161 INFO  server.RaftServerConfigKeys (ConfUtils.java:logGet(43)) - raft.server.log.preallocated.size = 16384 (custom)
2019-07-30 21:28:19,162 INFO  server.RaftServerConfigKeys (ConfUtils.java:logGet(43)) - raft.server.log.write.buffer.size = 33554432 (custom)
2019-07-30 21:28:19,162 INFO  server.RaftServerConfigKeys (ConfUtils.java:logGet(43)) - raft.server.log.force.sync.num = 128 (default)
2019-07-30 21:28:19,162 INFO  server.RaftServerConfigKeys (ConfUtils.java:logGet(43)) - raft.server.log.statemachine.data.sync = true (default)
2019-07-30 21:28:19,162 INFO  server.RaftServerConfigKeys (ConfUtils.java:logGet(43)) - raft.server.log.statemachine.data.sync.timeout = 10s (default)
2019-07-30 21:28:19,162 INFO  server.RaftServerConfigKeys (ConfUtils.java:logGet(43)) - raft.server.log.statemachine.data.sync.timeout.retry = -1 (default)
2019-07-30 21:28:19,163 INFO  server.RaftServerConfigKeys (ConfUtils.java:logGet(43)) - raft.server.log.statemachine.data.caching.enabled = true (custom)
2019-07-30 21:28:19,163 INFO  segmented.SegmentedRaftLogWorker (SegmentedRaftLogWorker.java:lambda$new$0(132)) - 22664a15-5b10-44b2-9690-7ea37b8a94ba-SegmentedRaftLogWorker:Storage Directory /workdir/hadoop-ozone/integration-test/target/test-dir/MiniOzoneClusterImpl-8b77b147-9f33-4cd7-94fe-b73f00faa243/datanode-4/data/ratis/8b036a37-2480-4d22-8cf7-8c7e926d18fb: flushIndex: setUnconditionally 0 -> -1
2019-07-30 21:28:19,164 INFO  server.RaftServerConfigKeys (ConfUtils.java:logGet(43)) - raft.server.snapshot.auto.trigger.enabled = true (custom)
2019-07-30 21:28:19,164 INFO  server.RaftServerConfigKeys (ConfUtils.java:logGet(43)) - raft.server.snapshot.auto.trigger.threshold = 10000 (custom)
2019-07-30 21:28:19,164 INFO  server.RaftServerConfigKeys (ConfUtils.java:logGet(43)) - raft.server.retrycache.expirytime = 600000ms (custom)
2019-07-30 21:28:19,164 INFO  impl.RaftServerImpl (RaftServerImpl.java:start(180)) - 22664a15-5b10-44b2-9690-7ea37b8a94ba: start group-8C7E926D18FB
2019-07-30 21:28:19,164 INFO  impl.RaftServerImpl (RaftServerImpl.java:setRole(171)) - 22664a15-5b10-44b2-9690-7ea37b8a94ba:group-8C7E926D18FB changes role from null to FOLLOWER at term 0 for startAsFollower
2019-07-30 21:28:19,165 INFO  impl.RoleInfo (RoleInfo.java:updateAndGet(143)) - 22664a15-5b10-44b2-9690-7ea37b8a94ba: start FollowerState
2019-07-30 21:28:19,166 INFO  util.JmxRegister (JmxRegister.java:tryRegister(44)) - Successfully registered JMX Bean with object name Ratis:service=RaftServer,group=group-8C7E926D18FB,id=22664a15-5b10-44b2-9690-7ea37b8a94ba
2019-07-30 21:28:19,179 INFO  pipeline.PipelineStateManager (PipelineStateManager.java:addPipeline(56)) - Created pipeline Pipeline[ Id: 8b036a37-2480-4d22-8cf7-8c7e926d18fb, Nodes: 22664a15-5b10-44b2-9690-7ea37b8a94ba{ip: 192.168.5.158, host: byscane-nightly-xpwgl-1692789119, networkLocation: /default-rack, certSerialId: null}, Type:RATIS, Factor:ONE, State:OPEN]
2019-07-30 21:28:19,207 INFO  impl.RaftServerProxy (RaftServerProxy.java:addNew(89)) - 6f4c258b-71de-4eb0-a684-9bcd9fd337f0: addNew group-5EAFD70336F0:[6f4c258b-71de-4eb0-a684-9bcd9fd337f0:192.168.5.158:32948] returns group-5EAFD70336F0:java.util.concurrent.CompletableFuture@1967af2[Not completed]
2019-07-30 21:28:19,215 INFO  impl.RaftServerImpl (RaftServerImpl.java:<init>(93)) - 6f4c258b-71de-4eb0-a684-9bcd9fd337f0: new RaftServerImpl for group-5EAFD70336F0:[6f4c258b-71de-4eb0-a684-9bcd9fd337f0:192.168.5.158:32948] with ContainerStateMachine:uninitialized
2019-07-30 21:28:19,215 INFO  server.RaftServerConfigKeys (ConfUtils.java:logGet(43)) - raft.server.rpc.timeout.min = 5s (custom)
2019-07-30 21:28:19,215 INFO  server.RaftServerConfigKeys (ConfUtils.java:logGet(43)) - raft.server.rpc.timeout.max = 5200ms (custom)
2019-07-30 21:28:19,215 INFO  server.RaftServerConfigKeys (ConfUtils.java:logGet(43)) - raft.server.rpcslowness.timeout = 120s (custom)
2019-07-30 21:28:19,215 INFO  server.RaftServerConfigKeys (ConfUtils.java:logGet(43)) - raft.server.sleep.deviation.threshold = 300 (default)
2019-07-30 21:28:19,215 INFO  server.RaftServerConfigKeys (ConfUtils.java:logGet(43)) - raft.server.log.appender.install.snapshot.enabled = false (custom)
2019-07-30 21:28:19,216 INFO  impl.RaftServerImpl (ServerState.java:<init>(105)) - 6f4c258b-71de-4eb0-a684-9bcd9fd337f0:group-5EAFD70336F0 ConfigurationManager, init=-1: [6f4c258b-71de-4eb0-a684-9bcd9fd337f0:192.168.5.158:32948], old=null, confs=<EMPTY_MAP>
2019-07-30 21:28:19,216 INFO  server.RaftServerConfigKeys (ConfUtils.java:logGet(43)) - raft.server.storage.dir = [/workdir/hadoop-ozone/integration-test/target/test-dir/MiniOzoneClusterImpl-8b77b147-9f33-4cd7-94fe-b73f00faa243/datanode-1/data/ratis] (custom)
2019-07-30 21:28:19,216 INFO  storage.RaftStorageDirectory (RaftStorageDirectory.java:analyzeStorage(246)) - The storage directory /workdir/hadoop-ozone/integration-test/target/test-dir/MiniOzoneClusterImpl-8b77b147-9f33-4cd7-94fe-b73f00faa243/datanode-1/data/ratis/bb19a801-5c90-406d-b700-5eafd70336f0 does not exist. Creating ...
2019-07-30 21:28:19,220 INFO  storage.RaftStorageDirectory (RaftStorageDirectory.java:tryLock(328)) - Lock on /workdir/hadoop-ozone/integration-test/target/test-dir/MiniOzoneClusterImpl-8b77b147-9f33-4cd7-94fe-b73f00faa243/datanode-1/data/ratis/bb19a801-5c90-406d-b700-5eafd70336f0/in_use.lock acquired by nodename 10911@byscane-nightly-xpwgl-1692789119
2019-07-30 21:28:19,232 INFO  storage.RaftStorage (RaftStorage.java:format(72)) - Storage directory /workdir/hadoop-ozone/integration-test/target/test-dir/MiniOzoneClusterImpl-8b77b147-9f33-4cd7-94fe-b73f00faa243/datanode-1/data/ratis/bb19a801-5c90-406d-b700-5eafd70336f0 has been successfully formatted.
2019-07-30 21:28:19,232 INFO  ratis.ContainerStateMachine (ContainerStateMachine.java:loadSnapshot(213)) - group-5EAFD70336F0: The snapshot info is null. Setting the last applied indexto:(t:0, i:~)
2019-07-30 21:28:19,232 INFO  server.RaftServerConfigKeys (ConfUtils.java:logGet(43)) - raft.server.leader.election.timeout = 120s (custom)
2019-07-30 21:28:19,233 INFO  server.RaftServerConfigKeys (ConfUtils.java:logGet(43)) - raft.server.log.use.memory = false (default)
2019-07-30 21:28:19,233 INFO  server.RaftServerConfigKeys (ConfUtils.java:logGet(43)) - raft.server.log.purge.gap = 1000000000 (custom)
2019-07-30 21:28:19,233 INFO  server.RaftServerConfigKeys (ConfUtils.java:logGet(43)) - raft.server.log.appender.buffer.byte-limit = 33554432 (custom)
2019-07-30 21:28:19,233 INFO  server.RaftServerConfigKeys (ConfUtils.java:logGet(43)) - raft.server.log.segment.size.max = 1048576 (custom)
2019-07-30 21:28:19,233 INFO  server.RaftServerConfigKeys (ConfUtils.java:logGet(43)) - raft.server.log.segment.cache.num.max = 2 (custom)
2019-07-30 21:28:19,233 INFO  segmented.SegmentedRaftLogWorker (SegmentedRaftLogWorker.java:<init>(172)) - new 6f4c258b-71de-4eb0-a684-9bcd9fd337f0-SegmentedRaftLogWorker:Storage Directory /workdir/hadoop-ozone/integration-test/target/test-dir/MiniOzoneClusterImpl-8b77b147-9f33-4cd7-94fe-b73f00faa243/datanode-1/data/ratis/bb19a801-5c90-406d-b700-5eafd70336f0 for RaftStorage:Storage Directory /workdir/hadoop-ozone/integration-test/target/test-dir/MiniOzoneClusterImpl-8b77b147-9f33-4cd7-94fe-b73f00faa243/datanode-1/data/ratis/bb19a801-5c90-406d-b700-5eafd70336f0
2019-07-30 21:28:19,234 INFO  server.RaftServerConfigKeys (ConfUtils.java:logGet(43)) - raft.server.log.queue.byte-limit = 2147483647 (custom)
2019-07-30 21:28:19,234 INFO  server.RaftServerConfigKeys (ConfUtils.java:logGet(43)) - raft.server.log.queue.element-limit = 1024 (custom)
2019-07-30 21:28:19,234 INFO  server.RaftServerConfigKeys (ConfUtils.java:logGet(43)) - raft.server.log.segment.size.max = 1048576 (custom)
2019-07-30 21:28:19,234 INFO  server.RaftServerConfigKeys (ConfUtils.java:logGet(43)) - raft.server.log.preallocated.size = 16384 (custom)
2019-07-30 21:28:19,235 INFO  server.RaftServerConfigKeys (ConfUtils.java:logGet(43)) - raft.server.log.write.buffer.size = 33554432 (custom)
2019-07-30 21:28:19,235 INFO  server.RaftServerConfigKeys (ConfUtils.java:logGet(43)) - raft.server.log.force.sync.num = 128 (default)
2019-07-30 21:28:19,235 INFO  server.RaftServerConfigKeys (ConfUtils.java:logGet(43)) - raft.server.log.statemachine.data.sync = true (default)
2019-07-30 21:28:19,235 INFO  server.RaftServerConfigKeys (ConfUtils.java:logGet(43)) - raft.server.log.statemachine.data.sync.timeout = 10s (default)
2019-07-30 21:28:19,235 INFO  server.RaftServerConfigKeys (ConfUtils.java:logGet(43)) - raft.server.log.statemachine.data.sync.timeout.retry = -1 (default)
2019-07-30 21:28:19,236 INFO  server.RaftServerConfigKeys (ConfUtils.java:logGet(43)) - raft.server.log.statemachine.data.caching.enabled = true (custom)
2019-07-30 21:28:19,236 INFO  segmented.SegmentedRaftLogWorker (SegmentedRaftLogWorker.java:lambda$new$0(132)) - 6f4c258b-71de-4eb0-a684-9bcd9fd337f0-SegmentedRaftLogWorker:Storage Directory /workdir/hadoop-ozone/integration-test/target/test-dir/MiniOzoneClusterImpl-8b77b147-9f33-4cd7-94fe-b73f00faa243/datanode-1/data/ratis/bb19a801-5c90-406d-b700-5eafd70336f0: flushIndex: setUnconditionally 0 -> -1
2019-07-30 21:28:19,236 INFO  server.RaftServerConfigKeys (ConfUtils.java:logGet(43)) - raft.server.snapshot.auto.trigger.enabled = true (custom)
2019-07-30 21:28:19,236 INFO  server.RaftServerConfigKeys (ConfUtils.java:logGet(43)) - raft.server.snapshot.auto.trigger.threshold = 10000 (custom)
2019-07-30 21:28:19,237 INFO  server.RaftServerConfigKeys (ConfUtils.java:logGet(43)) - raft.server.retrycache.expirytime = 600000ms (custom)
2019-07-30 21:28:19,237 INFO  impl.RaftServerImpl (RaftServerImpl.java:start(180)) - 6f4c258b-71de-4eb0-a684-9bcd9fd337f0: start group-5EAFD70336F0
2019-07-30 21:28:19,237 INFO  impl.RaftServerImpl (RaftServerImpl.java:setRole(171)) - 6f4c258b-71de-4eb0-a684-9bcd9fd337f0:group-5EAFD70336F0 changes role from null to FOLLOWER at term 0 for startAsFollower
2019-07-30 21:28:19,237 INFO  impl.RoleInfo (RoleInfo.java:updateAndGet(143)) - 6f4c258b-71de-4eb0-a684-9bcd9fd337f0: start FollowerState
2019-07-30 21:28:19,238 INFO  util.JmxRegister (JmxRegister.java:tryRegister(44)) - Successfully registered JMX Bean with object name Ratis:service=RaftServer,group=group-5EAFD70336F0,id=6f4c258b-71de-4eb0-a684-9bcd9fd337f0
2019-07-30 21:28:19,248 INFO  pipeline.PipelineStateManager (PipelineStateManager.java:addPipeline(56)) - Created pipeline Pipeline[ Id: bb19a801-5c90-406d-b700-5eafd70336f0, Nodes: 6f4c258b-71de-4eb0-a684-9bcd9fd337f0{ip: 192.168.5.158, host: byscane-nightly-xpwgl-1692789119, networkLocation: /default-rack, certSerialId: null}, Type:RATIS, Factor:ONE, State:OPEN]
2019-07-30 21:28:19,270 INFO  impl.RaftServerProxy (RaftServerProxy.java:addNew(89)) - d16e0798-67da-4590-ba10-4a737662f4be: addNew group-16DB6A3C2CF3:[d16e0798-67da-4590-ba10-4a737662f4be:192.168.5.158:38846] returns group-16DB6A3C2CF3:java.util.concurrent.CompletableFuture@4d65862b[Not completed]
2019-07-30 21:28:19,273 INFO  impl.RaftServerImpl (RaftServerImpl.java:<init>(93)) - d16e0798-67da-4590-ba10-4a737662f4be: new RaftServerImpl for group-16DB6A3C2CF3:[d16e0798-67da-4590-ba10-4a737662f4be:192.168.5.158:38846] with ContainerStateMachine:uninitialized
2019-07-30 21:28:19,273 INFO  server.RaftServerConfigKeys (ConfUtils.java:logGet(43)) - raft.server.rpc.timeout.min = 5s (custom)
2019-07-30 21:28:19,273 INFO  server.RaftServerConfigKeys (ConfUtils.java:logGet(43)) - raft.server.rpc.timeout.max = 5200ms (custom)
2019-07-30 21:28:19,273 INFO  server.RaftServerConfigKeys (ConfUtils.java:logGet(43)) - raft.server.rpcslowness.timeout = 120s (custom)
2019-07-30 21:28:19,273 INFO  server.RaftServerConfigKeys (ConfUtils.java:logGet(43)) - raft.server.sleep.deviation.threshold = 300 (default)
2019-07-30 21:28:19,274 INFO  server.RaftServerConfigKeys (ConfUtils.java:logGet(43)) - raft.server.log.appender.install.snapshot.enabled = false (custom)
2019-07-30 21:28:19,274 INFO  impl.RaftServerImpl (ServerState.java:<init>(105)) - d16e0798-67da-4590-ba10-4a737662f4be:group-16DB6A3C2CF3 ConfigurationManager, init=-1: [d16e0798-67da-4590-ba10-4a737662f4be:192.168.5.158:38846], old=null, confs=<EMPTY_MAP>
2019-07-30 21:28:19,274 INFO  server.RaftServerConfigKeys (ConfUtils.java:logGet(43)) - raft.server.storage.dir = [/workdir/hadoop-ozone/integration-test/target/test-dir/MiniOzoneClusterImpl-8b77b147-9f33-4cd7-94fe-b73f00faa243/datanode-5/data/ratis] (custom)
2019-07-30 21:28:19,274 INFO  storage.RaftStorageDirectory (RaftStorageDirectory.java:analyzeStorage(246)) - The storage directory /workdir/hadoop-ozone/integration-test/target/test-dir/MiniOzoneClusterImpl-8b77b147-9f33-4cd7-94fe-b73f00faa243/datanode-5/data/ratis/c94d3b24-b94d-49d2-8ef9-16db6a3c2cf3 does not exist. Creating ...
2019-07-30 21:28:19,285 INFO  storage.RaftStorageDirectory (RaftStorageDirectory.java:tryLock(328)) - Lock on /workdir/hadoop-ozone/integration-test/target/test-dir/MiniOzoneClusterImpl-8b77b147-9f33-4cd7-94fe-b73f00faa243/datanode-5/data/ratis/c94d3b24-b94d-49d2-8ef9-16db6a3c2cf3/in_use.lock acquired by nodename 10911@byscane-nightly-xpwgl-1692789119
2019-07-30 21:28:19,298 INFO  storage.RaftStorage (RaftStorage.java:format(72)) - Storage directory /workdir/hadoop-ozone/integration-test/target/test-dir/MiniOzoneClusterImpl-8b77b147-9f33-4cd7-94fe-b73f00faa243/datanode-5/data/ratis/c94d3b24-b94d-49d2-8ef9-16db6a3c2cf3 has been successfully formatted.
2019-07-30 21:28:19,299 INFO  ratis.ContainerStateMachine (ContainerStateMachine.java:loadSnapshot(213)) - group-16DB6A3C2CF3: The snapshot info is null. Setting the last applied indexto:(t:0, i:~)
2019-07-30 21:28:19,299 INFO  server.RaftServerConfigKeys (ConfUtils.java:logGet(43)) - raft.server.leader.election.timeout = 120s (custom)
2019-07-30 21:28:19,299 INFO  server.RaftServerConfigKeys (ConfUtils.java:logGet(43)) - raft.server.log.use.memory = false (default)
2019-07-30 21:28:19,299 INFO  server.RaftServerConfigKeys (ConfUtils.java:logGet(43)) - raft.server.log.purge.gap = 1000000000 (custom)
2019-07-30 21:28:19,299 INFO  server.RaftServerConfigKeys (ConfUtils.java:logGet(43)) - raft.server.log.appender.buffer.byte-limit = 33554432 (custom)
2019-07-30 21:28:19,299 INFO  server.RaftServerConfigKeys (ConfUtils.java:logGet(43)) - raft.server.log.segment.size.max = 1048576 (custom)
2019-07-30 21:28:19,299 INFO  server.RaftServerConfigKeys (ConfUtils.java:logGet(43)) - raft.server.log.segment.cache.num.max = 2 (custom)
2019-07-30 21:28:19,300 INFO  segmented.SegmentedRaftLogWorker (SegmentedRaftLogWorker.java:<init>(172)) - new d16e0798-67da-4590-ba10-4a737662f4be-SegmentedRaftLogWorker:Storage Directory /workdir/hadoop-ozone/integration-test/target/test-dir/MiniOzoneClusterImpl-8b77b147-9f33-4cd7-94fe-b73f00faa243/datanode-5/data/ratis/c94d3b24-b94d-49d2-8ef9-16db6a3c2cf3 for RaftStorage:Storage Directory /workdir/hadoop-ozone/integration-test/target/test-dir/MiniOzoneClusterImpl-8b77b147-9f33-4cd7-94fe-b73f00faa243/datanode-5/data/ratis/c94d3b24-b94d-49d2-8ef9-16db6a3c2cf3
2019-07-30 21:28:19,300 INFO  server.RaftServerConfigKeys (ConfUtils.java:logGet(43)) - raft.server.log.queue.byte-limit = 2147483647 (custom)
2019-07-30 21:28:19,300 INFO  server.RaftServerConfigKeys (ConfUtils.java:logGet(43)) - raft.server.log.queue.element-limit = 1024 (custom)
2019-07-30 21:28:19,300 INFO  server.RaftServerConfigKeys (ConfUtils.java:logGet(43)) - raft.server.log.segment.size.max = 1048576 (custom)
2019-07-30 21:28:19,300 INFO  server.RaftServerConfigKeys (ConfUtils.java:logGet(43)) - raft.server.log.preallocated.size = 16384 (custom)
2019-07-30 21:28:19,300 INFO  server.RaftServerConfigKeys (ConfUtils.java:logGet(43)) - raft.server.log.write.buffer.size = 33554432 (custom)
2019-07-30 21:28:19,301 INFO  server.RaftServerConfigKeys (ConfUtils.java:logGet(43)) - raft.server.log.force.sync.num = 128 (default)
2019-07-30 21:28:19,301 INFO  server.RaftServerConfigKeys (ConfUtils.java:logGet(43)) - raft.server.log.statemachine.data.sync = true (default)
2019-07-30 21:28:19,301 INFO  server.RaftServerConfigKeys (ConfUtils.java:logGet(43)) - raft.server.log.statemachine.data.sync.timeout = 10s (default)
2019-07-30 21:28:19,301 INFO  server.RaftServerConfigKeys (ConfUtils.java:logGet(43)) - raft.server.log.statemachine.data.sync.timeout.retry = -1 (default)
2019-07-30 21:28:19,301 INFO  server.RaftServerConfigKeys (ConfUtils.java:logGet(43)) - raft.server.log.statemachine.data.caching.enabled = true (custom)
2019-07-30 21:28:19,302 INFO  segmented.SegmentedRaftLogWorker (SegmentedRaftLogWorker.java:lambda$new$0(132)) - d16e0798-67da-4590-ba10-4a737662f4be-SegmentedRaftLogWorker:Storage Directory /workdir/hadoop-ozone/integration-test/target/test-dir/MiniOzoneClusterImpl-8b77b147-9f33-4cd7-94fe-b73f00faa243/datanode-5/data/ratis/c94d3b24-b94d-49d2-8ef9-16db6a3c2cf3: flushIndex: setUnconditionally 0 -> -1
2019-07-30 21:28:19,302 INFO  server.RaftServerConfigKeys (ConfUtils.java:logGet(43)) - raft.server.snapshot.auto.trigger.enabled = true (custom)
2019-07-30 21:28:19,302 INFO  server.RaftServerConfigKeys (ConfUtils.java:logGet(43)) - raft.server.snapshot.auto.trigger.threshold = 10000 (custom)
2019-07-30 21:28:19,302 INFO  server.RaftServerConfigKeys (ConfUtils.java:logGet(43)) - raft.server.retrycache.expirytime = 600000ms (custom)
2019-07-30 21:28:19,303 INFO  impl.RaftServerImpl (RaftServerImpl.java:start(180)) - d16e0798-67da-4590-ba10-4a737662f4be: start group-16DB6A3C2CF3
2019-07-30 21:28:19,303 INFO  impl.RaftServerImpl (RaftServerImpl.java:setRole(171)) - d16e0798-67da-4590-ba10-4a737662f4be:group-16DB6A3C2CF3 changes role from null to FOLLOWER at term 0 for startAsFollower
2019-07-30 21:28:19,303 INFO  impl.RoleInfo (RoleInfo.java:updateAndGet(143)) - d16e0798-67da-4590-ba10-4a737662f4be: start FollowerState
2019-07-30 21:28:19,303 INFO  util.JmxRegister (JmxRegister.java:tryRegister(44)) - Successfully registered JMX Bean with object name Ratis:service=RaftServer,group=group-16DB6A3C2CF3,id=d16e0798-67da-4590-ba10-4a737662f4be
2019-07-30 21:28:19,314 INFO  pipeline.PipelineStateManager (PipelineStateManager.java:addPipeline(56)) - Created pipeline Pipeline[ Id: c94d3b24-b94d-49d2-8ef9-16db6a3c2cf3, Nodes: d16e0798-67da-4590-ba10-4a737662f4be{ip: 192.168.5.158, host: byscane-nightly-xpwgl-1692789119, networkLocation: /default-rack, certSerialId: null}, Type:RATIS, Factor:ONE, State:OPEN]
2019-07-30 21:28:19,333 INFO  impl.RaftServerProxy (RaftServerProxy.java:addNew(89)) - f2446bf1-ec3a-4e17-8981-4ac50a4360e8: addNew group-0929401ADD0F:[f2446bf1-ec3a-4e17-8981-4ac50a4360e8:192.168.5.158:39706] returns group-0929401ADD0F:java.util.concurrent.CompletableFuture@5aa1f604[Not completed]
2019-07-30 21:28:19,335 INFO  impl.RaftServerImpl (RaftServerImpl.java:<init>(93)) - f2446bf1-ec3a-4e17-8981-4ac50a4360e8: new RaftServerImpl for group-0929401ADD0F:[f2446bf1-ec3a-4e17-8981-4ac50a4360e8:192.168.5.158:39706] with ContainerStateMachine:uninitialized
2019-07-30 21:28:19,335 INFO  server.RaftServerConfigKeys (ConfUtils.java:logGet(43)) - raft.server.rpc.timeout.min = 5s (custom)
2019-07-30 21:28:19,335 INFO  server.RaftServerConfigKeys (ConfUtils.java:logGet(43)) - raft.server.rpc.timeout.max = 5200ms (custom)
2019-07-30 21:28:19,335 INFO  server.RaftServerConfigKeys (ConfUtils.java:logGet(43)) - raft.server.rpcslowness.timeout = 120s (custom)
2019-07-30 21:28:19,336 INFO  server.RaftServerConfigKeys (ConfUtils.java:logGet(43)) - raft.server.sleep.deviation.threshold = 300 (default)
2019-07-30 21:28:19,336 INFO  server.RaftServerConfigKeys (ConfUtils.java:logGet(43)) - raft.server.log.appender.install.snapshot.enabled = false (custom)
2019-07-30 21:28:19,336 INFO  impl.RaftServerImpl (ServerState.java:<init>(105)) - f2446bf1-ec3a-4e17-8981-4ac50a4360e8:group-0929401ADD0F ConfigurationManager, init=-1: [f2446bf1-ec3a-4e17-8981-4ac50a4360e8:192.168.5.158:39706], old=null, confs=<EMPTY_MAP>
2019-07-30 21:28:19,336 INFO  server.RaftServerConfigKeys (ConfUtils.java:logGet(43)) - raft.server.storage.dir = [/workdir/hadoop-ozone/integration-test/target/test-dir/MiniOzoneClusterImpl-8b77b147-9f33-4cd7-94fe-b73f00faa243/datanode-2/data/ratis] (custom)
2019-07-30 21:28:19,336 INFO  storage.RaftStorageDirectory (RaftStorageDirectory.java:analyzeStorage(246)) - The storage directory /workdir/hadoop-ozone/integration-test/target/test-dir/MiniOzoneClusterImpl-8b77b147-9f33-4cd7-94fe-b73f00faa243/datanode-2/data/ratis/48fdf337-f997-4cec-8b4d-0929401add0f does not exist. Creating ...
2019-07-30 21:28:19,349 INFO  storage.RaftStorageDirectory (RaftStorageDirectory.java:tryLock(328)) - Lock on /workdir/hadoop-ozone/integration-test/target/test-dir/MiniOzoneClusterImpl-8b77b147-9f33-4cd7-94fe-b73f00faa243/datanode-2/data/ratis/48fdf337-f997-4cec-8b4d-0929401add0f/in_use.lock acquired by nodename 10911@byscane-nightly-xpwgl-1692789119
2019-07-30 21:28:19,360 INFO  storage.RaftStorage (RaftStorage.java:format(72)) - Storage directory /workdir/hadoop-ozone/integration-test/target/test-dir/MiniOzoneClusterImpl-8b77b147-9f33-4cd7-94fe-b73f00faa243/datanode-2/data/ratis/48fdf337-f997-4cec-8b4d-0929401add0f has been successfully formatted.
2019-07-30 21:28:19,360 INFO  ratis.ContainerStateMachine (ContainerStateMachine.java:loadSnapshot(213)) - group-0929401ADD0F: The snapshot info is null. Setting the last applied indexto:(t:0, i:~)
2019-07-30 21:28:19,360 INFO  server.RaftServerConfigKeys (ConfUtils.java:logGet(43)) - raft.server.leader.election.timeout = 120s (custom)
2019-07-30 21:28:19,360 INFO  server.RaftServerConfigKeys (ConfUtils.java:logGet(43)) - raft.server.log.use.memory = false (default)
2019-07-30 21:28:19,360 INFO  server.RaftServerConfigKeys (ConfUtils.java:logGet(43)) - raft.server.log.purge.gap = 1000000000 (custom)
2019-07-30 21:28:19,361 INFO  server.RaftServerConfigKeys (ConfUtils.java:logGet(43)) - raft.server.log.appender.buffer.byte-limit = 33554432 (custom)
2019-07-30 21:28:19,361 INFO  server.RaftServerConfigKeys (ConfUtils.java:logGet(43)) - raft.server.log.segment.size.max = 1048576 (custom)
2019-07-30 21:28:19,361 INFO  server.RaftServerConfigKeys (ConfUtils.java:logGet(43)) - raft.server.log.segment.cache.num.max = 2 (custom)
2019-07-30 21:28:19,361 INFO  segmented.SegmentedRaftLogWorker (SegmentedRaftLogWorker.java:<init>(172)) - new f2446bf1-ec3a-4e17-8981-4ac50a4360e8-SegmentedRaftLogWorker:Storage Directory /workdir/hadoop-ozone/integration-test/target/test-dir/MiniOzoneClusterImpl-8b77b147-9f33-4cd7-94fe-b73f00faa243/datanode-2/data/ratis/48fdf337-f997-4cec-8b4d-0929401add0f for RaftStorage:Storage Directory /workdir/hadoop-ozone/integration-test/target/test-dir/MiniOzoneClusterImpl-8b77b147-9f33-4cd7-94fe-b73f00faa243/datanode-2/data/ratis/48fdf337-f997-4cec-8b4d-0929401add0f
2019-07-30 21:28:19,361 INFO  server.RaftServerConfigKeys (ConfUtils.java:logGet(43)) - raft.server.log.queue.byte-limit = 2147483647 (custom)
2019-07-30 21:28:19,361 INFO  server.RaftServerConfigKeys (ConfUtils.java:logGet(43)) - raft.server.log.queue.element-limit = 1024 (custom)
2019-07-30 21:28:19,361 INFO  server.RaftServerConfigKeys (ConfUtils.java:logGet(43)) - raft.server.log.segment.size.max = 1048576 (custom)
2019-07-30 21:28:19,362 INFO  server.RaftServerConfigKeys (ConfUtils.java:logGet(43)) - raft.server.log.preallocated.size = 16384 (custom)
2019-07-30 21:28:19,362 INFO  server.RaftServerConfigKeys (ConfUtils.java:logGet(43)) - raft.server.log.write.buffer.size = 33554432 (custom)
2019-07-30 21:28:19,362 INFO  server.RaftServerConfigKeys (ConfUtils.java:logGet(43)) - raft.server.log.force.sync.num = 128 (default)
2019-07-30 21:28:19,362 INFO  server.RaftServerConfigKeys (ConfUtils.java:logGet(43)) - raft.server.log.statemachine.data.sync = true (default)
2019-07-30 21:28:19,362 INFO  server.RaftServerConfigKeys (ConfUtils.java:logGet(43)) - raft.server.log.statemachine.data.sync.timeout = 10s (default)
2019-07-30 21:28:19,362 INFO  server.RaftServerConfigKeys (ConfUtils.java:logGet(43)) - raft.server.log.statemachine.data.sync.timeout.retry = -1 (default)
2019-07-30 21:28:19,362 INFO  server.RaftServerConfigKeys (ConfUtils.java:logGet(43)) - raft.server.log.statemachine.data.caching.enabled = true (custom)
2019-07-30 21:28:19,363 INFO  segmented.SegmentedRaftLogWorker (SegmentedRaftLogWorker.java:lambda$new$0(132)) - f2446bf1-ec3a-4e17-8981-4ac50a4360e8-SegmentedRaftLogWorker:Storage Directory /workdir/hadoop-ozone/integration-test/target/test-dir/MiniOzoneClusterImpl-8b77b147-9f33-4cd7-94fe-b73f00faa243/datanode-2/data/ratis/48fdf337-f997-4cec-8b4d-0929401add0f: flushIndex: setUnconditionally 0 -> -1
2019-07-30 21:28:19,363 INFO  server.RaftServerConfigKeys (ConfUtils.java:logGet(43)) - raft.server.snapshot.auto.trigger.enabled = true (custom)
2019-07-30 21:28:19,363 INFO  server.RaftServerConfigKeys (ConfUtils.java:logGet(43)) - raft.server.snapshot.auto.trigger.threshold = 10000 (custom)
2019-07-30 21:28:19,363 INFO  server.RaftServerConfigKeys (ConfUtils.java:logGet(43)) - raft.server.retrycache.expirytime = 600000ms (custom)
2019-07-30 21:28:19,363 INFO  impl.RaftServerImpl (RaftServerImpl.java:start(180)) - f2446bf1-ec3a-4e17-8981-4ac50a4360e8: start group-0929401ADD0F
2019-07-30 21:28:19,364 INFO  impl.RaftServerImpl (RaftServerImpl.java:setRole(171)) - f2446bf1-ec3a-4e17-8981-4ac50a4360e8:group-0929401ADD0F changes role from null to FOLLOWER at term 0 for startAsFollower
2019-07-30 21:28:19,364 INFO  impl.RoleInfo (RoleInfo.java:updateAndGet(143)) - f2446bf1-ec3a-4e17-8981-4ac50a4360e8: start FollowerState
2019-07-30 21:28:19,364 INFO  util.JmxRegister (JmxRegister.java:tryRegister(44)) - Successfully registered JMX Bean with object name Ratis:service=RaftServer,group=group-0929401ADD0F,id=f2446bf1-ec3a-4e17-8981-4ac50a4360e8
2019-07-30 21:28:19,378 INFO  pipeline.PipelineStateManager (PipelineStateManager.java:addPipeline(56)) - Created pipeline Pipeline[ Id: 48fdf337-f997-4cec-8b4d-0929401add0f, Nodes: f2446bf1-ec3a-4e17-8981-4ac50a4360e8{ip: 192.168.5.158, host: byscane-nightly-xpwgl-1692789119, networkLocation: /default-rack, certSerialId: null}, Type:RATIS, Factor:ONE, State:OPEN]
2019-07-30 21:28:19,407 INFO  impl.RaftServerProxy (RaftServerProxy.java:addNew(89)) - c323af41-fdc3-4b48-bf99-1ba699a1270e: addNew group-A99EDA32C43F:[c323af41-fdc3-4b48-bf99-1ba699a1270e:192.168.5.158:41776] returns group-A99EDA32C43F:java.util.concurrent.CompletableFuture@12f2d168[Not completed]
2019-07-30 21:28:19,409 INFO  impl.RaftServerImpl (RaftServerImpl.java:<init>(93)) - c323af41-fdc3-4b48-bf99-1ba699a1270e: new RaftServerImpl for group-A99EDA32C43F:[c323af41-fdc3-4b48-bf99-1ba699a1270e:192.168.5.158:41776] with ContainerStateMachine:uninitialized
2019-07-30 21:28:19,409 INFO  server.RaftServerConfigKeys (ConfUtils.java:logGet(43)) - raft.server.rpc.timeout.min = 5s (custom)
2019-07-30 21:28:19,409 INFO  server.RaftServerConfigKeys (ConfUtils.java:logGet(43)) - raft.server.rpc.timeout.max = 5200ms (custom)
2019-07-30 21:28:19,409 INFO  server.RaftServerConfigKeys (ConfUtils.java:logGet(43)) - raft.server.rpcslowness.timeout = 120s (custom)
2019-07-30 21:28:19,409 INFO  server.RaftServerConfigKeys (ConfUtils.java:logGet(43)) - raft.server.sleep.deviation.threshold = 300 (default)
2019-07-30 21:28:19,409 INFO  server.RaftServerConfigKeys (ConfUtils.java:logGet(43)) - raft.server.log.appender.install.snapshot.enabled = false (custom)
2019-07-30 21:28:19,409 INFO  impl.RaftServerImpl (ServerState.java:<init>(105)) - c323af41-fdc3-4b48-bf99-1ba699a1270e:group-A99EDA32C43F ConfigurationManager, init=-1: [c323af41-fdc3-4b48-bf99-1ba699a1270e:192.168.5.158:41776], old=null, confs=<EMPTY_MAP>
2019-07-30 21:28:19,410 INFO  server.RaftServerConfigKeys (ConfUtils.java:logGet(43)) - raft.server.storage.dir = [/workdir/hadoop-ozone/integration-test/target/test-dir/MiniOzoneClusterImpl-8b77b147-9f33-4cd7-94fe-b73f00faa243/datanode-3/data/ratis] (custom)
2019-07-30 21:28:19,410 INFO  storage.RaftStorageDirectory (RaftStorageDirectory.java:analyzeStorage(246)) - The storage directory /workdir/hadoop-ozone/integration-test/target/test-dir/MiniOzoneClusterImpl-8b77b147-9f33-4cd7-94fe-b73f00faa243/datanode-3/data/ratis/e5fe0daa-2b69-401d-9b5e-a99eda32c43f does not exist. Creating ...
2019-07-30 21:28:19,421 INFO  storage.RaftStorageDirectory (RaftStorageDirectory.java:tryLock(328)) - Lock on /workdir/hadoop-ozone/integration-test/target/test-dir/MiniOzoneClusterImpl-8b77b147-9f33-4cd7-94fe-b73f00faa243/datanode-3/data/ratis/e5fe0daa-2b69-401d-9b5e-a99eda32c43f/in_use.lock acquired by nodename 10911@byscane-nightly-xpwgl-1692789119
2019-07-30 21:28:19,425 INFO  storage.RaftStorage (RaftStorage.java:format(72)) - Storage directory /workdir/hadoop-ozone/integration-test/target/test-dir/MiniOzoneClusterImpl-8b77b147-9f33-4cd7-94fe-b73f00faa243/datanode-3/data/ratis/e5fe0daa-2b69-401d-9b5e-a99eda32c43f has been successfully formatted.
2019-07-30 21:28:19,425 INFO  ratis.ContainerStateMachine (ContainerStateMachine.java:loadSnapshot(213)) - group-A99EDA32C43F: The snapshot info is null. Setting the last applied indexto:(t:0, i:~)
2019-07-30 21:28:19,425 INFO  server.RaftServerConfigKeys (ConfUtils.java:logGet(43)) - raft.server.leader.election.timeout = 120s (custom)
2019-07-30 21:28:19,425 INFO  server.RaftServerConfigKeys (ConfUtils.java:logGet(43)) - raft.server.log.use.memory = false (default)
2019-07-30 21:28:19,426 INFO  server.RaftServerConfigKeys (ConfUtils.java:logGet(43)) - raft.server.log.purge.gap = 1000000000 (custom)
2019-07-30 21:28:19,426 INFO  server.RaftServerConfigKeys (ConfUtils.java:logGet(43)) - raft.server.log.appender.buffer.byte-limit = 33554432 (custom)
2019-07-30 21:28:19,426 INFO  server.RaftServerConfigKeys (ConfUtils.java:logGet(43)) - raft.server.log.segment.size.max = 1048576 (custom)
2019-07-30 21:28:19,426 INFO  server.RaftServerConfigKeys (ConfUtils.java:logGet(43)) - raft.server.log.segment.cache.num.max = 2 (custom)
2019-07-30 21:28:19,426 INFO  segmented.SegmentedRaftLogWorker (SegmentedRaftLogWorker.java:<init>(172)) - new c323af41-fdc3-4b48-bf99-1ba699a1270e-SegmentedRaftLogWorker:Storage Directory /workdir/hadoop-ozone/integration-test/target/test-dir/MiniOzoneClusterImpl-8b77b147-9f33-4cd7-94fe-b73f00faa243/datanode-3/data/ratis/e5fe0daa-2b69-401d-9b5e-a99eda32c43f for RaftStorage:Storage Directory /workdir/hadoop-ozone/integration-test/target/test-dir/MiniOzoneClusterImpl-8b77b147-9f33-4cd7-94fe-b73f00faa243/datanode-3/data/ratis/e5fe0daa-2b69-401d-9b5e-a99eda32c43f
2019-07-30 21:28:19,426 INFO  server.RaftServerConfigKeys (ConfUtils.java:logGet(43)) - raft.server.log.queue.byte-limit = 2147483647 (custom)
2019-07-30 21:28:19,426 INFO  server.RaftServerConfigKeys (ConfUtils.java:logGet(43)) - raft.server.log.queue.element-limit = 1024 (custom)
2019-07-30 21:28:19,427 INFO  server.RaftServerConfigKeys (ConfUtils.java:logGet(43)) - raft.server.log.segment.size.max = 1048576 (custom)
2019-07-30 21:28:19,427 INFO  server.RaftServerConfigKeys (ConfUtils.java:logGet(43)) - raft.server.log.preallocated.size = 16384 (custom)
2019-07-30 21:28:19,427 INFO  server.RaftServerConfigKeys (ConfUtils.java:logGet(43)) - raft.server.log.write.buffer.size = 33554432 (custom)
2019-07-30 21:28:19,427 INFO  server.RaftServerConfigKeys (ConfUtils.java:logGet(43)) - raft.server.log.force.sync.num = 128 (default)
2019-07-30 21:28:19,427 INFO  server.RaftServerConfigKeys (ConfUtils.java:logGet(43)) - raft.server.log.statemachine.data.sync = true (default)
2019-07-30 21:28:19,427 INFO  server.RaftServerConfigKeys (ConfUtils.java:logGet(43)) - raft.server.log.statemachine.data.sync.timeout = 10s (default)
2019-07-30 21:28:19,427 INFO  server.RaftServerConfigKeys (ConfUtils.java:logGet(43)) - raft.server.log.statemachine.data.sync.timeout.retry = -1 (default)
2019-07-30 21:28:19,428 INFO  server.RaftServerConfigKeys (ConfUtils.java:logGet(43)) - raft.server.log.statemachine.data.caching.enabled = true (custom)
2019-07-30 21:28:19,428 INFO  segmented.SegmentedRaftLogWorker (SegmentedRaftLogWorker.java:lambda$new$0(132)) - c323af41-fdc3-4b48-bf99-1ba699a1270e-SegmentedRaftLogWorker:Storage Directory /workdir/hadoop-ozone/integration-test/target/test-dir/MiniOzoneClusterImpl-8b77b147-9f33-4cd7-94fe-b73f00faa243/datanode-3/data/ratis/e5fe0daa-2b69-401d-9b5e-a99eda32c43f: flushIndex: setUnconditionally 0 -> -1
2019-07-30 21:28:19,428 INFO  server.RaftServerConfigKeys (ConfUtils.java:logGet(43)) - raft.server.snapshot.auto.trigger.enabled = true (custom)
2019-07-30 21:28:19,428 INFO  server.RaftServerConfigKeys (ConfUtils.java:logGet(43)) - raft.server.snapshot.auto.trigger.threshold = 10000 (custom)
2019-07-30 21:28:19,429 INFO  server.RaftServerConfigKeys (ConfUtils.java:logGet(43)) - raft.server.retrycache.expirytime = 600000ms (custom)
2019-07-30 21:28:19,429 INFO  impl.RaftServerImpl (RaftServerImpl.java:start(180)) - c323af41-fdc3-4b48-bf99-1ba699a1270e: start group-A99EDA32C43F
2019-07-30 21:28:19,429 INFO  impl.RaftServerImpl (RaftServerImpl.java:setRole(171)) - c323af41-fdc3-4b48-bf99-1ba699a1270e:group-A99EDA32C43F changes role from null to FOLLOWER at term 0 for startAsFollower
2019-07-30 21:28:19,429 INFO  impl.RoleInfo (RoleInfo.java:updateAndGet(143)) - c323af41-fdc3-4b48-bf99-1ba699a1270e: start FollowerState
2019-07-30 21:28:19,429 INFO  util.JmxRegister (JmxRegister.java:tryRegister(44)) - Successfully registered JMX Bean with object name Ratis:service=RaftServer,group=group-A99EDA32C43F,id=c323af41-fdc3-4b48-bf99-1ba699a1270e
2019-07-30 21:28:19,441 INFO  pipeline.PipelineStateManager (PipelineStateManager.java:addPipeline(56)) - Created pipeline Pipeline[ Id: e5fe0daa-2b69-401d-9b5e-a99eda32c43f, Nodes: c323af41-fdc3-4b48-bf99-1ba699a1270e{ip: 192.168.5.158, host: byscane-nightly-xpwgl-1692789119, networkLocation: /default-rack, certSerialId: null}, Type:RATIS, Factor:ONE, State:OPEN]
2019-07-30 21:28:19,486 INFO  impl.RaftServerProxy (RaftServerProxy.java:addNew(89)) - 22664a15-5b10-44b2-9690-7ea37b8a94ba: addNew group-C5325A1A5C3D:[d16e0798-67da-4590-ba10-4a737662f4be:192.168.5.158:38846, 22664a15-5b10-44b2-9690-7ea37b8a94ba:192.168.5.158:36003, 6f4c258b-71de-4eb0-a684-9bcd9fd337f0:192.168.5.158:32948] returns group-C5325A1A5C3D:java.util.concurrent.CompletableFuture@16535b10[Not completed]
2019-07-30 21:28:19,486 INFO  impl.RaftServerProxy (RaftServerProxy.java:addNew(89)) - d16e0798-67da-4590-ba10-4a737662f4be: addNew group-C5325A1A5C3D:[d16e0798-67da-4590-ba10-4a737662f4be:192.168.5.158:38846, 22664a15-5b10-44b2-9690-7ea37b8a94ba:192.168.5.158:36003, 6f4c258b-71de-4eb0-a684-9bcd9fd337f0:192.168.5.158:32948] returns group-C5325A1A5C3D:java.util.concurrent.CompletableFuture@613356a0[Not completed]
2019-07-30 21:28:19,489 INFO  impl.RaftServerImpl (RaftServerImpl.java:<init>(93)) - 22664a15-5b10-44b2-9690-7ea37b8a94ba: new RaftServerImpl for group-C5325A1A5C3D:[d16e0798-67da-4590-ba10-4a737662f4be:192.168.5.158:38846, 22664a15-5b10-44b2-9690-7ea37b8a94ba:192.168.5.158:36003, 6f4c258b-71de-4eb0-a684-9bcd9fd337f0:192.168.5.158:32948] with ContainerStateMachine:uninitialized
2019-07-30 21:28:19,489 INFO  impl.RaftServerProxy (RaftServerProxy.java:addNew(89)) - 6f4c258b-71de-4eb0-a684-9bcd9fd337f0: addNew group-C5325A1A5C3D:[d16e0798-67da-4590-ba10-4a737662f4be:192.168.5.158:38846, 22664a15-5b10-44b2-9690-7ea37b8a94ba:192.168.5.158:36003, 6f4c258b-71de-4eb0-a684-9bcd9fd337f0:192.168.5.158:32948] returns group-C5325A1A5C3D:java.util.concurrent.CompletableFuture@2431d4e2[Not completed]
2019-07-30 21:28:19,490 INFO  server.RaftServerConfigKeys (ConfUtils.java:logGet(43)) - raft.server.rpc.timeout.min = 5s (custom)
2019-07-30 21:28:19,490 INFO  server.RaftServerConfigKeys (ConfUtils.java:logGet(43)) - raft.server.rpc.timeout.max = 5200ms (custom)
2019-07-30 21:28:19,490 INFO  server.RaftServerConfigKeys (ConfUtils.java:logGet(43)) - raft.server.rpcslowness.timeout = 120s (custom)
2019-07-30 21:28:19,490 INFO  server.RaftServerConfigKeys (ConfUtils.java:logGet(43)) - raft.server.sleep.deviation.threshold = 300 (default)
2019-07-30 21:28:19,490 INFO  impl.RaftServerImpl (RaftServerImpl.java:<init>(93)) - d16e0798-67da-4590-ba10-4a737662f4be: new RaftServerImpl for group-C5325A1A5C3D:[d16e0798-67da-4590-ba10-4a737662f4be:192.168.5.158:38846, 22664a15-5b10-44b2-9690-7ea37b8a94ba:192.168.5.158:36003, 6f4c258b-71de-4eb0-a684-9bcd9fd337f0:192.168.5.158:32948] with ContainerStateMachine:uninitialized
2019-07-30 21:28:19,490 INFO  server.RaftServerConfigKeys (ConfUtils.java:logGet(43)) - raft.server.log.appender.install.snapshot.enabled = false (custom)
2019-07-30 21:28:19,491 INFO  server.RaftServerConfigKeys (ConfUtils.java:logGet(43)) - raft.server.rpc.timeout.min = 5s (custom)
2019-07-30 21:28:19,491 INFO  impl.RaftServerImpl (ServerState.java:<init>(105)) - 22664a15-5b10-44b2-9690-7ea37b8a94ba:group-C5325A1A5C3D ConfigurationManager, init=-1: [d16e0798-67da-4590-ba10-4a737662f4be:192.168.5.158:38846, 22664a15-5b10-44b2-9690-7ea37b8a94ba:192.168.5.158:36003, 6f4c258b-71de-4eb0-a684-9bcd9fd337f0:192.168.5.158:32948], old=null, confs=<EMPTY_MAP>
2019-07-30 21:28:19,491 INFO  server.RaftServerConfigKeys (ConfUtils.java:logGet(43)) - raft.server.rpc.timeout.max = 5200ms (custom)
2019-07-30 21:28:19,491 INFO  impl.RaftServerImpl (RaftServerImpl.java:<init>(93)) - 6f4c258b-71de-4eb0-a684-9bcd9fd337f0: new RaftServerImpl for group-C5325A1A5C3D:[d16e0798-67da-4590-ba10-4a737662f4be:192.168.5.158:38846, 22664a15-5b10-44b2-9690-7ea37b8a94ba:192.168.5.158:36003, 6f4c258b-71de-4eb0-a684-9bcd9fd337f0:192.168.5.158:32948] with ContainerStateMachine:uninitialized
2019-07-30 21:28:19,491 INFO  server.RaftServerConfigKeys (ConfUtils.java:logGet(43)) - raft.server.rpcslowness.timeout = 120s (custom)
2019-07-30 21:28:19,491 INFO  server.RaftServerConfigKeys (ConfUtils.java:logGet(43)) - raft.server.storage.dir = [/workdir/hadoop-ozone/integration-test/target/test-dir/MiniOzoneClusterImpl-8b77b147-9f33-4cd7-94fe-b73f00faa243/datanode-4/data/ratis] (custom)
2019-07-30 21:28:19,492 INFO  server.RaftServerConfigKeys (ConfUtils.java:logGet(43)) - raft.server.sleep.deviation.threshold = 300 (default)
2019-07-30 21:28:19,491 INFO  server.RaftServerConfigKeys (ConfUtils.java:logGet(43)) - raft.server.rpc.timeout.min = 5s (custom)
2019-07-30 21:28:19,492 INFO  server.RaftServerConfigKeys (ConfUtils.java:logGet(43)) - raft.server.log.appender.install.snapshot.enabled = false (custom)
2019-07-30 21:28:19,492 INFO  storage.RaftStorageDirectory (RaftStorageDirectory.java:analyzeStorage(246)) - The storage directory /workdir/hadoop-ozone/integration-test/target/test-dir/MiniOzoneClusterImpl-8b77b147-9f33-4cd7-94fe-b73f00faa243/datanode-4/data/ratis/211664d2-c0f9-415a-93d0-c5325a1a5c3d does not exist. Creating ...
2019-07-30 21:28:19,492 INFO  server.RaftServerConfigKeys (ConfUtils.java:logGet(43)) - raft.server.rpc.timeout.max = 5200ms (custom)
2019-07-30 21:28:19,492 INFO  impl.RaftServerImpl (ServerState.java:<init>(105)) - d16e0798-67da-4590-ba10-4a737662f4be:group-C5325A1A5C3D ConfigurationManager, init=-1: [d16e0798-67da-4590-ba10-4a737662f4be:192.168.5.158:38846, 22664a15-5b10-44b2-9690-7ea37b8a94ba:192.168.5.158:36003, 6f4c258b-71de-4eb0-a684-9bcd9fd337f0:192.168.5.158:32948], old=null, confs=<EMPTY_MAP>
2019-07-30 21:28:19,492 INFO  server.RaftServerConfigKeys (ConfUtils.java:logGet(43)) - raft.server.rpcslowness.timeout = 120s (custom)
2019-07-30 21:28:19,493 INFO  server.RaftServerConfigKeys (ConfUtils.java:logGet(43)) - raft.server.sleep.deviation.threshold = 300 (default)
2019-07-30 21:28:19,493 INFO  server.RaftServerConfigKeys (ConfUtils.java:logGet(43)) - raft.server.storage.dir = [/workdir/hadoop-ozone/integration-test/target/test-dir/MiniOzoneClusterImpl-8b77b147-9f33-4cd7-94fe-b73f00faa243/datanode-5/data/ratis] (custom)
2019-07-30 21:28:19,493 INFO  server.RaftServerConfigKeys (ConfUtils.java:logGet(43)) - raft.server.log.appender.install.snapshot.enabled = false (custom)
2019-07-30 21:28:19,493 INFO  impl.RaftServerImpl (ServerState.java:<init>(105)) - 6f4c258b-71de-4eb0-a684-9bcd9fd337f0:group-C5325A1A5C3D ConfigurationManager, init=-1: [d16e0798-67da-4590-ba10-4a737662f4be:192.168.5.158:38846, 22664a15-5b10-44b2-9690-7ea37b8a94ba:192.168.5.158:36003, 6f4c258b-71de-4eb0-a684-9bcd9fd337f0:192.168.5.158:32948], old=null, confs=<EMPTY_MAP>
2019-07-30 21:28:19,493 INFO  server.RaftServerConfigKeys (ConfUtils.java:logGet(43)) - raft.server.storage.dir = [/workdir/hadoop-ozone/integration-test/target/test-dir/MiniOzoneClusterImpl-8b77b147-9f33-4cd7-94fe-b73f00faa243/datanode-1/data/ratis] (custom)
2019-07-30 21:28:19,493 INFO  storage.RaftStorageDirectory (RaftStorageDirectory.java:analyzeStorage(246)) - The storage directory /workdir/hadoop-ozone/integration-test/target/test-dir/MiniOzoneClusterImpl-8b77b147-9f33-4cd7-94fe-b73f00faa243/datanode-5/data/ratis/211664d2-c0f9-415a-93d0-c5325a1a5c3d does not exist. Creating ...
2019-07-30 21:28:19,494 INFO  storage.RaftStorageDirectory (RaftStorageDirectory.java:analyzeStorage(246)) - The storage directory /workdir/hadoop-ozone/integration-test/target/test-dir/MiniOzoneClusterImpl-8b77b147-9f33-4cd7-94fe-b73f00faa243/datanode-1/data/ratis/211664d2-c0f9-415a-93d0-c5325a1a5c3d does not exist. Creating ...
2019-07-30 21:28:19,498 INFO  storage.RaftStorageDirectory (RaftStorageDirectory.java:tryLock(328)) - Lock on /workdir/hadoop-ozone/integration-test/target/test-dir/MiniOzoneClusterImpl-8b77b147-9f33-4cd7-94fe-b73f00faa243/datanode-4/data/ratis/211664d2-c0f9-415a-93d0-c5325a1a5c3d/in_use.lock acquired by nodename 10911@byscane-nightly-xpwgl-1692789119
2019-07-30 21:28:19,498 INFO  storage.RaftStorageDirectory (RaftStorageDirectory.java:tryLock(328)) - Lock on /workdir/hadoop-ozone/integration-test/target/test-dir/MiniOzoneClusterImpl-8b77b147-9f33-4cd7-94fe-b73f00faa243/datanode-1/data/ratis/211664d2-c0f9-415a-93d0-c5325a1a5c3d/in_use.lock acquired by nodename 10911@byscane-nightly-xpwgl-1692789119
2019-07-30 21:28:19,498 INFO  storage.RaftStorageDirectory (RaftStorageDirectory.java:tryLock(328)) - Lock on /workdir/hadoop-ozone/integration-test/target/test-dir/MiniOzoneClusterImpl-8b77b147-9f33-4cd7-94fe-b73f00faa243/datanode-5/data/ratis/211664d2-c0f9-415a-93d0-c5325a1a5c3d/in_use.lock acquired by nodename 10911@byscane-nightly-xpwgl-1692789119
2019-07-30 21:28:19,510 INFO  storage.RaftStorage (RaftStorage.java:format(72)) - Storage directory /workdir/hadoop-ozone/integration-test/target/test-dir/MiniOzoneClusterImpl-8b77b147-9f33-4cd7-94fe-b73f00faa243/datanode-1/data/ratis/211664d2-c0f9-415a-93d0-c5325a1a5c3d has been successfully formatted.
2019-07-30 21:28:19,510 INFO  storage.RaftStorage (RaftStorage.java:format(72)) - Storage directory /workdir/hadoop-ozone/integration-test/target/test-dir/MiniOzoneClusterImpl-8b77b147-9f33-4cd7-94fe-b73f00faa243/datanode-4/data/ratis/211664d2-c0f9-415a-93d0-c5325a1a5c3d has been successfully formatted.
2019-07-30 21:28:19,510 INFO  storage.RaftStorage (RaftStorage.java:format(72)) - Storage directory /workdir/hadoop-ozone/integration-test/target/test-dir/MiniOzoneClusterImpl-8b77b147-9f33-4cd7-94fe-b73f00faa243/datanode-5/data/ratis/211664d2-c0f9-415a-93d0-c5325a1a5c3d has been successfully formatted.
2019-07-30 21:28:19,511 INFO  ratis.ContainerStateMachine (ContainerStateMachine.java:loadSnapshot(213)) - group-C5325A1A5C3D: The snapshot info is null. Setting the last applied indexto:(t:0, i:~)
2019-07-30 21:28:19,511 INFO  ratis.ContainerStateMachine (ContainerStateMachine.java:loadSnapshot(213)) - group-C5325A1A5C3D: The snapshot info is null. Setting the last applied indexto:(t:0, i:~)
2019-07-30 21:28:19,511 INFO  server.RaftServerConfigKeys (ConfUtils.java:logGet(43)) - raft.server.leader.election.timeout = 120s (custom)
2019-07-30 21:28:19,511 INFO  ratis.ContainerStateMachine (ContainerStateMachine.java:loadSnapshot(213)) - group-C5325A1A5C3D: The snapshot info is null. Setting the last applied indexto:(t:0, i:~)
2019-07-30 21:28:19,511 INFO  server.RaftServerConfigKeys (ConfUtils.java:logGet(43)) - raft.server.log.use.memory = false (default)
2019-07-30 21:28:19,511 INFO  server.RaftServerConfigKeys (ConfUtils.java:logGet(43)) - raft.server.leader.election.timeout = 120s (custom)
2019-07-30 21:28:19,512 INFO  server.RaftServerConfigKeys (ConfUtils.java:logGet(43)) - raft.server.log.purge.gap = 1000000000 (custom)
2019-07-30 21:28:19,512 INFO  server.RaftServerConfigKeys (ConfUtils.java:logGet(43)) - raft.server.leader.election.timeout = 120s (custom)
2019-07-30 21:28:19,512 INFO  server.RaftServerConfigKeys (ConfUtils.java:logGet(43)) - raft.server.log.appender.buffer.byte-limit = 33554432 (custom)
2019-07-30 21:28:19,512 INFO  server.RaftServerConfigKeys (ConfUtils.java:logGet(43)) - raft.server.log.use.memory = false (default)
2019-07-30 21:28:19,512 INFO  server.RaftServerConfigKeys (ConfUtils.java:logGet(43)) - raft.server.log.segment.size.max = 1048576 (custom)
2019-07-30 21:28:19,512 INFO  server.RaftServerConfigKeys (ConfUtils.java:logGet(43)) - raft.server.log.use.memory = false (default)
2019-07-30 21:28:19,512 INFO  server.RaftServerConfigKeys (ConfUtils.java:logGet(43)) - raft.server.log.segment.cache.num.max = 2 (custom)
2019-07-30 21:28:19,512 INFO  server.RaftServerConfigKeys (ConfUtils.java:logGet(43)) - raft.server.log.purge.gap = 1000000000 (custom)
2019-07-30 21:28:19,513 INFO  segmented.SegmentedRaftLogWorker (SegmentedRaftLogWorker.java:<init>(172)) - new 6f4c258b-71de-4eb0-a684-9bcd9fd337f0-SegmentedRaftLogWorker:Storage Directory /workdir/hadoop-ozone/integration-test/target/test-dir/MiniOzoneClusterImpl-8b77b147-9f33-4cd7-94fe-b73f00faa243/datanode-1/data/ratis/211664d2-c0f9-415a-93d0-c5325a1a5c3d for RaftStorage:Storage Directory /workdir/hadoop-ozone/integration-test/target/test-dir/MiniOzoneClusterImpl-8b77b147-9f33-4cd7-94fe-b73f00faa243/datanode-1/data/ratis/211664d2-c0f9-415a-93d0-c5325a1a5c3d
2019-07-30 21:28:19,513 INFO  server.RaftServerConfigKeys (ConfUtils.java:logGet(43)) - raft.server.log.purge.gap = 1000000000 (custom)
2019-07-30 21:28:19,513 INFO  server.RaftServerConfigKeys (ConfUtils.java:logGet(43)) - raft.server.log.queue.byte-limit = 2147483647 (custom)
2019-07-30 21:28:19,513 INFO  server.RaftServerConfigKeys (ConfUtils.java:logGet(43)) - raft.server.log.appender.buffer.byte-limit = 33554432 (custom)
2019-07-30 21:28:19,515 INFO  server.RaftServerConfigKeys (ConfUtils.java:logGet(43)) - raft.server.log.queue.element-limit = 1024 (custom)
2019-07-30 21:28:19,513 INFO  server.RaftServerConfigKeys (ConfUtils.java:logGet(43)) - raft.server.log.appender.buffer.byte-limit = 33554432 (custom)
2019-07-30 21:28:19,516 INFO  server.RaftServerConfigKeys (ConfUtils.java:logGet(43)) - raft.server.log.segment.size.max = 1048576 (custom)
2019-07-30 21:28:19,515 INFO  server.RaftServerConfigKeys (ConfUtils.java:logGet(43)) - raft.server.log.segment.size.max = 1048576 (custom)
2019-07-30 21:28:19,516 INFO  server.RaftServerConfigKeys (ConfUtils.java:logGet(43)) - raft.server.log.preallocated.size = 16384 (custom)
2019-07-30 21:28:19,516 INFO  server.RaftServerConfigKeys (ConfUtils.java:logGet(43)) - raft.server.log.segment.size.max = 1048576 (custom)
2019-07-30 21:28:19,516 INFO  server.RaftServerConfigKeys (ConfUtils.java:logGet(43)) - raft.server.log.write.buffer.size = 33554432 (custom)
2019-07-30 21:28:19,516 INFO  server.RaftServerConfigKeys (ConfUtils.java:logGet(43)) - raft.server.log.segment.cache.num.max = 2 (custom)
2019-07-30 21:28:19,516 INFO  server.RaftServerConfigKeys (ConfUtils.java:logGet(43)) - raft.server.log.force.sync.num = 128 (default)
2019-07-30 21:28:19,516 INFO  server.RaftServerConfigKeys (ConfUtils.java:logGet(43)) - raft.server.log.segment.cache.num.max = 2 (custom)
2019-07-30 21:28:19,517 INFO  server.RaftServerConfigKeys (ConfUtils.java:logGet(43)) - raft.server.log.statemachine.data.sync = true (default)
2019-07-30 21:28:19,517 INFO  segmented.SegmentedRaftLogWorker (SegmentedRaftLogWorker.java:<init>(172)) - new 22664a15-5b10-44b2-9690-7ea37b8a94ba-SegmentedRaftLogWorker:Storage Directory /workdir/hadoop-ozone/integration-test/target/test-dir/MiniOzoneClusterImpl-8b77b147-9f33-4cd7-94fe-b73f00faa243/datanode-4/data/ratis/211664d2-c0f9-415a-93d0-c5325a1a5c3d for RaftStorage:Storage Directory /workdir/hadoop-ozone/integration-test/target/test-dir/MiniOzoneClusterImpl-8b77b147-9f33-4cd7-94fe-b73f00faa243/datanode-4/data/ratis/211664d2-c0f9-415a-93d0-c5325a1a5c3d
2019-07-30 21:28:19,517 INFO  server.RaftServerConfigKeys (ConfUtils.java:logGet(43)) - raft.server.log.statemachine.data.sync.timeout = 10s (default)
2019-07-30 21:28:19,517 INFO  segmented.SegmentedRaftLogWorker (SegmentedRaftLogWorker.java:<init>(172)) - new d16e0798-67da-4590-ba10-4a737662f4be-SegmentedRaftLogWorker:Storage Directory /workdir/hadoop-ozone/integration-test/target/test-dir/MiniOzoneClusterImpl-8b77b147-9f33-4cd7-94fe-b73f00faa243/datanode-5/data/ratis/211664d2-c0f9-415a-93d0-c5325a1a5c3d for RaftStorage:Storage Directory /workdir/hadoop-ozone/integration-test/target/test-dir/MiniOzoneClusterImpl-8b77b147-9f33-4cd7-94fe-b73f00faa243/datanode-5/data/ratis/211664d2-c0f9-415a-93d0-c5325a1a5c3d
2019-07-30 21:28:19,517 INFO  server.RaftServerConfigKeys (ConfUtils.java:logGet(43)) - raft.server.log.statemachine.data.sync.timeout.retry = -1 (default)
2019-07-30 21:28:19,517 INFO  server.RaftServerConfigKeys (ConfUtils.java:logGet(43)) - raft.server.log.queue.byte-limit = 2147483647 (custom)
2019-07-30 21:28:19,521 INFO  server.RaftServerConfigKeys (ConfUtils.java:logGet(43)) - raft.server.log.statemachine.data.caching.enabled = true (custom)
2019-07-30 21:28:19,519 INFO  server.RaftServerConfigKeys (ConfUtils.java:logGet(43)) - raft.server.log.queue.byte-limit = 2147483647 (custom)
2019-07-30 21:28:19,521 INFO  segmented.SegmentedRaftLogWorker (SegmentedRaftLogWorker.java:lambda$new$0(132)) - 6f4c258b-71de-4eb0-a684-9bcd9fd337f0-SegmentedRaftLogWorker:Storage Directory /workdir/hadoop-ozone/integration-test/target/test-dir/MiniOzoneClusterImpl-8b77b147-9f33-4cd7-94fe-b73f00faa243/datanode-1/data/ratis/211664d2-c0f9-415a-93d0-c5325a1a5c3d: flushIndex: setUnconditionally 0 -> -1
2019-07-30 21:28:19,521 INFO  server.RaftServerConfigKeys (ConfUtils.java:logGet(43)) - raft.server.log.queue.element-limit = 1024 (custom)
2019-07-30 21:28:19,522 INFO  server.RaftServerConfigKeys (ConfUtils.java:logGet(43)) - raft.server.log.queue.element-limit = 1024 (custom)
2019-07-30 21:28:19,522 INFO  server.RaftServerConfigKeys (ConfUtils.java:logGet(43)) - raft.server.log.segment.size.max = 1048576 (custom)
2019-07-30 21:28:19,522 INFO  server.RaftServerConfigKeys (ConfUtils.java:logGet(43)) - raft.server.snapshot.auto.trigger.enabled = true (custom)
2019-07-30 21:28:19,522 INFO  server.RaftServerConfigKeys (ConfUtils.java:logGet(43)) - raft.server.log.preallocated.size = 16384 (custom)
2019-07-30 21:28:19,522 INFO  server.RaftServerConfigKeys (ConfUtils.java:logGet(43)) - raft.server.log.segment.size.max = 1048576 (custom)
2019-07-30 21:28:19,522 INFO  server.RaftServerConfigKeys (ConfUtils.java:logGet(43)) - raft.server.log.write.buffer.size = 33554432 (custom)
2019-07-30 21:28:19,522 INFO  server.RaftServerConfigKeys (ConfUtils.java:logGet(43)) - raft.server.snapshot.auto.trigger.threshold = 10000 (custom)
2019-07-30 21:28:19,523 INFO  server.RaftServerConfigKeys (ConfUtils.java:logGet(43)) - raft.server.log.force.sync.num = 128 (default)
2019-07-30 21:28:19,523 INFO  server.RaftServerConfigKeys (ConfUtils.java:logGet(43)) - raft.server.log.preallocated.size = 16384 (custom)
2019-07-30 21:28:19,523 INFO  server.RaftServerConfigKeys (ConfUtils.java:logGet(43)) - raft.server.log.statemachine.data.sync = true (default)
2019-07-30 21:28:19,523 INFO  server.RaftServerConfigKeys (ConfUtils.java:logGet(43)) - raft.server.retrycache.expirytime = 600000ms (custom)
2019-07-30 21:28:19,523 INFO  server.RaftServerConfigKeys (ConfUtils.java:logGet(43)) - raft.server.log.statemachine.data.sync.timeout = 10s (default)
2019-07-30 21:28:19,523 INFO  server.RaftServerConfigKeys (ConfUtils.java:logGet(43)) - raft.server.log.write.buffer.size = 33554432 (custom)
2019-07-30 21:28:19,524 INFO  server.RaftServerConfigKeys (ConfUtils.java:logGet(43)) - raft.server.log.statemachine.data.sync.timeout.retry = -1 (default)
2019-07-30 21:28:19,524 INFO  impl.RaftServerImpl (RaftServerImpl.java:start(180)) - 6f4c258b-71de-4eb0-a684-9bcd9fd337f0: start group-C5325A1A5C3D
2019-07-30 21:28:19,524 INFO  server.RaftServerConfigKeys (ConfUtils.java:logGet(43)) - raft.server.log.force.sync.num = 128 (default)
2019-07-30 21:28:19,524 INFO  server.RaftServerConfigKeys (ConfUtils.java:logGet(43)) - raft.server.log.statemachine.data.caching.enabled = true (custom)
2019-07-30 21:28:19,524 INFO  impl.RaftServerImpl (RaftServerImpl.java:setRole(171)) - 6f4c258b-71de-4eb0-a684-9bcd9fd337f0:group-C5325A1A5C3D changes role from null to FOLLOWER at term 0 for startAsFollower
2019-07-30 21:28:19,524 INFO  server.RaftServerConfigKeys (ConfUtils.java:logGet(43)) - raft.server.log.statemachine.data.sync = true (default)
2019-07-30 21:28:19,525 INFO  impl.RoleInfo (RoleInfo.java:updateAndGet(143)) - 6f4c258b-71de-4eb0-a684-9bcd9fd337f0: start FollowerState
2019-07-30 21:28:19,525 INFO  segmented.SegmentedRaftLogWorker (SegmentedRaftLogWorker.java:lambda$new$0(132)) - 22664a15-5b10-44b2-9690-7ea37b8a94ba-SegmentedRaftLogWorker:Storage Directory /workdir/hadoop-ozone/integration-test/target/test-dir/MiniOzoneClusterImpl-8b77b147-9f33-4cd7-94fe-b73f00faa243/datanode-4/data/ratis/211664d2-c0f9-415a-93d0-c5325a1a5c3d: flushIndex: setUnconditionally 0 -> -1
2019-07-30 21:28:19,525 INFO  server.RaftServerConfigKeys (ConfUtils.java:logGet(43)) - raft.server.log.statemachine.data.sync.timeout = 10s (default)
2019-07-30 21:28:19,525 INFO  server.RaftServerConfigKeys (ConfUtils.java:logGet(43)) - raft.server.log.statemachine.data.sync.timeout.retry = -1 (default)
2019-07-30 21:28:19,525 INFO  server.RaftServerConfigKeys (ConfUtils.java:logGet(43)) - raft.server.snapshot.auto.trigger.enabled = true (custom)
2019-07-30 21:28:19,525 INFO  util.JmxRegister (JmxRegister.java:tryRegister(44)) - Successfully registered JMX Bean with object name Ratis:service=RaftServer,group=group-C5325A1A5C3D,id=6f4c258b-71de-4eb0-a684-9bcd9fd337f0
2019-07-30 21:28:19,525 INFO  server.RaftServerConfigKeys (ConfUtils.java:logGet(43)) - raft.server.snapshot.auto.trigger.threshold = 10000 (custom)
2019-07-30 21:28:19,525 INFO  server.RaftServerConfigKeys (ConfUtils.java:logGet(43)) - raft.server.log.statemachine.data.caching.enabled = true (custom)
2019-07-30 21:28:19,526 INFO  server.RaftServerConfigKeys (ConfUtils.java:logGet(43)) - raft.server.retrycache.expirytime = 600000ms (custom)
2019-07-30 21:28:19,526 INFO  segmented.SegmentedRaftLogWorker (SegmentedRaftLogWorker.java:lambda$new$0(132)) - d16e0798-67da-4590-ba10-4a737662f4be-SegmentedRaftLogWorker:Storage Directory /workdir/hadoop-ozone/integration-test/target/test-dir/MiniOzoneClusterImpl-8b77b147-9f33-4cd7-94fe-b73f00faa243/datanode-5/data/ratis/211664d2-c0f9-415a-93d0-c5325a1a5c3d: flushIndex: setUnconditionally 0 -> -1
2019-07-30 21:28:19,526 INFO  impl.RaftServerImpl (RaftServerImpl.java:start(180)) - 22664a15-5b10-44b2-9690-7ea37b8a94ba: start group-C5325A1A5C3D
2019-07-30 21:28:19,526 INFO  impl.RaftServerImpl (RaftServerImpl.java:setRole(171)) - 22664a15-5b10-44b2-9690-7ea37b8a94ba:group-C5325A1A5C3D changes role from null to FOLLOWER at term 0 for startAsFollower
2019-07-30 21:28:19,526 INFO  server.RaftServerConfigKeys (ConfUtils.java:logGet(43)) - raft.server.snapshot.auto.trigger.enabled = true (custom)
2019-07-30 21:28:19,527 INFO  impl.RoleInfo (RoleInfo.java:updateAndGet(143)) - 22664a15-5b10-44b2-9690-7ea37b8a94ba: start FollowerState
2019-07-30 21:28:19,528 INFO  server.RaftServerConfigKeys (ConfUtils.java:logGet(43)) - raft.server.snapshot.auto.trigger.threshold = 10000 (custom)
2019-07-30 21:28:19,529 INFO  server.RaftServerConfigKeys (ConfUtils.java:logGet(43)) - raft.server.retrycache.expirytime = 600000ms (custom)
2019-07-30 21:28:19,529 INFO  util.JmxRegister (JmxRegister.java:tryRegister(44)) - Successfully registered JMX Bean with object name Ratis:service=RaftServer,group=group-C5325A1A5C3D,id=22664a15-5b10-44b2-9690-7ea37b8a94ba
2019-07-30 21:28:19,529 INFO  impl.RaftServerImpl (RaftServerImpl.java:start(180)) - d16e0798-67da-4590-ba10-4a737662f4be: start group-C5325A1A5C3D
2019-07-30 21:28:19,529 INFO  impl.RaftServerImpl (RaftServerImpl.java:setRole(171)) - d16e0798-67da-4590-ba10-4a737662f4be:group-C5325A1A5C3D changes role from null to FOLLOWER at term 0 for startAsFollower
2019-07-30 21:28:19,531 INFO  impl.RoleInfo (RoleInfo.java:updateAndGet(143)) - d16e0798-67da-4590-ba10-4a737662f4be: start FollowerState
2019-07-30 21:28:19,535 INFO  util.JmxRegister (JmxRegister.java:tryRegister(44)) - Successfully registered JMX Bean with object name Ratis:service=RaftServer,group=group-C5325A1A5C3D,id=d16e0798-67da-4590-ba10-4a737662f4be
2019-07-30 21:28:19,552 INFO  pipeline.PipelineStateManager (PipelineStateManager.java:addPipeline(56)) - Created pipeline Pipeline[ Id: 211664d2-c0f9-415a-93d0-c5325a1a5c3d, Nodes: 22664a15-5b10-44b2-9690-7ea37b8a94ba{ip: 192.168.5.158, host: byscane-nightly-xpwgl-1692789119, networkLocation: /default-rack, certSerialId: null}6f4c258b-71de-4eb0-a684-9bcd9fd337f0{ip: 192.168.5.158, host: byscane-nightly-xpwgl-1692789119, networkLocation: /default-rack, certSerialId: null}d16e0798-67da-4590-ba10-4a737662f4be{ip: 192.168.5.158, host: byscane-nightly-xpwgl-1692789119, networkLocation: /default-rack, certSerialId: null}, Type:RATIS, Factor:THREE, State:OPEN]
2019-07-30 21:28:19,575 INFO  impl.RaftServerProxy (RaftServerProxy.java:addNew(89)) - c323af41-fdc3-4b48-bf99-1ba699a1270e: addNew group-80DEF0EF633B:[f2446bf1-ec3a-4e17-8981-4ac50a4360e8:192.168.5.158:39706, 30641217-001b-43ca-96c3-aa7aa467b580:192.168.5.158:39579, c323af41-fdc3-4b48-bf99-1ba699a1270e:192.168.5.158:41776] returns group-80DEF0EF633B:java.util.concurrent.CompletableFuture@6e2a43b2[Not completed]
2019-07-30 21:28:19,575 INFO  impl.RaftServerProxy (RaftServerProxy.java:addNew(89)) - 30641217-001b-43ca-96c3-aa7aa467b580: addNew group-80DEF0EF633B:[f2446bf1-ec3a-4e17-8981-4ac50a4360e8:192.168.5.158:39706, 30641217-001b-43ca-96c3-aa7aa467b580:192.168.5.158:39579, c323af41-fdc3-4b48-bf99-1ba699a1270e:192.168.5.158:41776] returns group-80DEF0EF633B:java.util.concurrent.CompletableFuture@155fb612[Not completed]
2019-07-30 21:28:19,576 INFO  impl.RaftServerProxy (RaftServerProxy.java:addNew(89)) - f2446bf1-ec3a-4e17-8981-4ac50a4360e8: addNew group-80DEF0EF633B:[f2446bf1-ec3a-4e17-8981-4ac50a4360e8:192.168.5.158:39706, 30641217-001b-43ca-96c3-aa7aa467b580:192.168.5.158:39579, c323af41-fdc3-4b48-bf99-1ba699a1270e:192.168.5.158:41776] returns group-80DEF0EF633B:java.util.concurrent.CompletableFuture@16bcc584[Not completed]
2019-07-30 21:28:19,577 INFO  impl.RaftServerImpl (RaftServerImpl.java:<init>(93)) - c323af41-fdc3-4b48-bf99-1ba699a1270e: new RaftServerImpl for group-80DEF0EF633B:[f2446bf1-ec3a-4e17-8981-4ac50a4360e8:192.168.5.158:39706, 30641217-001b-43ca-96c3-aa7aa467b580:192.168.5.158:39579, c323af41-fdc3-4b48-bf99-1ba699a1270e:192.168.5.158:41776] with ContainerStateMachine:uninitialized
2019-07-30 21:28:19,577 INFO  server.RaftServerConfigKeys (ConfUtils.java:logGet(43)) - raft.server.rpc.timeout.min = 5s (custom)
2019-07-30 21:28:19,578 INFO  server.RaftServerConfigKeys (ConfUtils.java:logGet(43)) - raft.server.rpc.timeout.max = 5200ms (custom)
2019-07-30 21:28:19,578 INFO  server.RaftServerConfigKeys (ConfUtils.java:logGet(43)) - raft.server.rpcslowness.timeout = 120s (custom)
2019-07-30 21:28:19,578 INFO  server.RaftServerConfigKeys (ConfUtils.java:logGet(43)) - raft.server.sleep.deviation.threshold = 300 (default)
2019-07-30 21:28:19,578 INFO  server.RaftServerConfigKeys (ConfUtils.java:logGet(43)) - raft.server.log.appender.install.snapshot.enabled = false (custom)
2019-07-30 21:28:19,578 INFO  impl.RaftServerImpl (ServerState.java:<init>(105)) - c323af41-fdc3-4b48-bf99-1ba699a1270e:group-80DEF0EF633B ConfigurationManager, init=-1: [f2446bf1-ec3a-4e17-8981-4ac50a4360e8:192.168.5.158:39706, 30641217-001b-43ca-96c3-aa7aa467b580:192.168.5.158:39579, c323af41-fdc3-4b48-bf99-1ba699a1270e:192.168.5.158:41776], old=null, confs=<EMPTY_MAP>
2019-07-30 21:28:19,578 INFO  server.RaftServerConfigKeys (ConfUtils.java:logGet(43)) - raft.server.storage.dir = [/workdir/hadoop-ozone/integration-test/target/test-dir/MiniOzoneClusterImpl-8b77b147-9f33-4cd7-94fe-b73f00faa243/datanode-3/data/ratis] (custom)
2019-07-30 21:28:19,578 INFO  impl.RaftServerImpl (RaftServerImpl.java:<init>(93)) - f2446bf1-ec3a-4e17-8981-4ac50a4360e8: new RaftServerImpl for group-80DEF0EF633B:[f2446bf1-ec3a-4e17-8981-4ac50a4360e8:192.168.5.158:39706, 30641217-001b-43ca-96c3-aa7aa467b580:192.168.5.158:39579, c323af41-fdc3-4b48-bf99-1ba699a1270e:192.168.5.158:41776] with ContainerStateMachine:uninitialized
2019-07-30 21:28:19,579 INFO  server.RaftServerConfigKeys (ConfUtils.java:logGet(43)) - raft.server.rpc.timeout.min = 5s (custom)
2019-07-30 21:28:19,579 INFO  storage.RaftStorageDirectory (RaftStorageDirectory.java:analyzeStorage(246)) - The storage directory /workdir/hadoop-ozone/integration-test/target/test-dir/MiniOzoneClusterImpl-8b77b147-9f33-4cd7-94fe-b73f00faa243/datanode-3/data/ratis/c84c3dd0-efd3-451f-bf1e-80def0ef633b does not exist. Creating ...
2019-07-30 21:28:19,579 INFO  impl.RaftServerImpl (RaftServerImpl.java:<init>(93)) - 30641217-001b-43ca-96c3-aa7aa467b580: new RaftServerImpl for group-80DEF0EF633B:[f2446bf1-ec3a-4e17-8981-4ac50a4360e8:192.168.5.158:39706, 30641217-001b-43ca-96c3-aa7aa467b580:192.168.5.158:39579, c323af41-fdc3-4b48-bf99-1ba699a1270e:192.168.5.158:41776] with ContainerStateMachine:uninitialized
2019-07-30 21:28:19,579 INFO  server.RaftServerConfigKeys (ConfUtils.java:logGet(43)) - raft.server.rpc.timeout.max = 5200ms (custom)
2019-07-30 21:28:19,579 INFO  server.RaftServerConfigKeys (ConfUtils.java:logGet(43)) - raft.server.rpc.timeout.min = 5s (custom)
2019-07-30 21:28:19,579 INFO  server.RaftServerConfigKeys (ConfUtils.java:logGet(43)) - raft.server.rpcslowness.timeout = 120s (custom)
2019-07-30 21:28:19,579 INFO  server.RaftServerConfigKeys (ConfUtils.java:logGet(43)) - raft.server.rpc.timeout.max = 5200ms (custom)
2019-07-30 21:28:19,579 INFO  server.RaftServerConfigKeys (ConfUtils.java:logGet(43)) - raft.server.sleep.deviation.threshold = 300 (default)
2019-07-30 21:28:19,579 INFO  server.RaftServerConfigKeys (ConfUtils.java:logGet(43)) - raft.server.rpcslowness.timeout = 120s (custom)
2019-07-30 21:28:19,580 INFO  server.RaftServerConfigKeys (ConfUtils.java:logGet(43)) - raft.server.log.appender.install.snapshot.enabled = false (custom)
2019-07-30 21:28:19,580 INFO  server.RaftServerConfigKeys (ConfUtils.java:logGet(43)) - raft.server.sleep.deviation.threshold = 300 (default)
2019-07-30 21:28:19,580 INFO  impl.RaftServerImpl (ServerState.java:<init>(105)) - f2446bf1-ec3a-4e17-8981-4ac50a4360e8:group-80DEF0EF633B ConfigurationManager, init=-1: [f2446bf1-ec3a-4e17-8981-4ac50a4360e8:192.168.5.158:39706, 30641217-001b-43ca-96c3-aa7aa467b580:192.168.5.158:39579, c323af41-fdc3-4b48-bf99-1ba699a1270e:192.168.5.158:41776], old=null, confs=<EMPTY_MAP>
2019-07-30 21:28:19,580 INFO  server.RaftServerConfigKeys (ConfUtils.java:logGet(43)) - raft.server.log.appender.install.snapshot.enabled = false (custom)
2019-07-30 21:28:19,580 INFO  impl.RaftServerImpl (ServerState.java:<init>(105)) - 30641217-001b-43ca-96c3-aa7aa467b580:group-80DEF0EF633B ConfigurationManager, init=-1: [f2446bf1-ec3a-4e17-8981-4ac50a4360e8:192.168.5.158:39706, 30641217-001b-43ca-96c3-aa7aa467b580:192.168.5.158:39579, c323af41-fdc3-4b48-bf99-1ba699a1270e:192.168.5.158:41776], old=null, confs=<EMPTY_MAP>
2019-07-30 21:28:19,580 INFO  server.RaftServerConfigKeys (ConfUtils.java:logGet(43)) - raft.server.storage.dir = [/workdir/hadoop-ozone/integration-test/target/test-dir/MiniOzoneClusterImpl-8b77b147-9f33-4cd7-94fe-b73f00faa243/datanode-2/data/ratis] (custom)
2019-07-30 21:28:19,580 INFO  server.RaftServerConfigKeys (ConfUtils.java:logGet(43)) - raft.server.storage.dir = [/workdir/hadoop-ozone/integration-test/target/test-dir/MiniOzoneClusterImpl-8b77b147-9f33-4cd7-94fe-b73f00faa243/datanode-0/data/ratis] (custom)
2019-07-30 21:28:19,581 INFO  storage.RaftStorageDirectory (RaftStorageDirectory.java:analyzeStorage(246)) - The storage directory /workdir/hadoop-ozone/integration-test/target/test-dir/MiniOzoneClusterImpl-8b77b147-9f33-4cd7-94fe-b73f00faa243/datanode-0/data/ratis/c84c3dd0-efd3-451f-bf1e-80def0ef633b does not exist. Creating ...
2019-07-30 21:28:19,581 INFO  storage.RaftStorageDirectory (RaftStorageDirectory.java:analyzeStorage(246)) - The storage directory /workdir/hadoop-ozone/integration-test/target/test-dir/MiniOzoneClusterImpl-8b77b147-9f33-4cd7-94fe-b73f00faa243/datanode-2/data/ratis/c84c3dd0-efd3-451f-bf1e-80def0ef633b does not exist. Creating ...
2019-07-30 21:28:19,594 INFO  storage.RaftStorageDirectory (RaftStorageDirectory.java:tryLock(328)) - Lock on /workdir/hadoop-ozone/integration-test/target/test-dir/MiniOzoneClusterImpl-8b77b147-9f33-4cd7-94fe-b73f00faa243/datanode-3/data/ratis/c84c3dd0-efd3-451f-bf1e-80def0ef633b/in_use.lock acquired by nodename 10911@byscane-nightly-xpwgl-1692789119
2019-07-30 21:28:19,594 INFO  storage.RaftStorageDirectory (RaftStorageDirectory.java:tryLock(328)) - Lock on /workdir/hadoop-ozone/integration-test/target/test-dir/MiniOzoneClusterImpl-8b77b147-9f33-4cd7-94fe-b73f00faa243/datanode-2/data/ratis/c84c3dd0-efd3-451f-bf1e-80def0ef633b/in_use.lock acquired by nodename 10911@byscane-nightly-xpwgl-1692789119
2019-07-30 21:28:19,594 INFO  storage.RaftStorageDirectory (RaftStorageDirectory.java:tryLock(328)) - Lock on /workdir/hadoop-ozone/integration-test/target/test-dir/MiniOzoneClusterImpl-8b77b147-9f33-4cd7-94fe-b73f00faa243/datanode-0/data/ratis/c84c3dd0-efd3-451f-bf1e-80def0ef633b/in_use.lock acquired by nodename 10911@byscane-nightly-xpwgl-1692789119
2019-07-30 21:28:19,606 INFO  storage.RaftStorage (RaftStorage.java:format(72)) - Storage directory /workdir/hadoop-ozone/integration-test/target/test-dir/MiniOzoneClusterImpl-8b77b147-9f33-4cd7-94fe-b73f00faa243/datanode-3/data/ratis/c84c3dd0-efd3-451f-bf1e-80def0ef633b has been successfully formatted.
2019-07-30 21:28:19,606 INFO  storage.RaftStorage (RaftStorage.java:format(72)) - Storage directory /workdir/hadoop-ozone/integration-test/target/test-dir/MiniOzoneClusterImpl-8b77b147-9f33-4cd7-94fe-b73f00faa243/datanode-2/data/ratis/c84c3dd0-efd3-451f-bf1e-80def0ef633b has been successfully formatted.
2019-07-30 21:28:19,606 INFO  storage.RaftStorage (RaftStorage.java:format(72)) - Storage directory /workdir/hadoop-ozone/integration-test/target/test-dir/MiniOzoneClusterImpl-8b77b147-9f33-4cd7-94fe-b73f00faa243/datanode-0/data/ratis/c84c3dd0-efd3-451f-bf1e-80def0ef633b has been successfully formatted.
2019-07-30 21:28:19,606 INFO  ratis.ContainerStateMachine (ContainerStateMachine.java:loadSnapshot(213)) - group-80DEF0EF633B: The snapshot info is null. Setting the last applied indexto:(t:0, i:~)
2019-07-30 21:28:19,606 INFO  ratis.ContainerStateMachine (ContainerStateMachine.java:loadSnapshot(213)) - group-80DEF0EF633B: The snapshot info is null. Setting the last applied indexto:(t:0, i:~)
2019-07-30 21:28:19,607 INFO  ratis.ContainerStateMachine (ContainerStateMachine.java:loadSnapshot(213)) - group-80DEF0EF633B: The snapshot info is null. Setting the last applied indexto:(t:0, i:~)
2019-07-30 21:28:19,607 INFO  server.RaftServerConfigKeys (ConfUtils.java:logGet(43)) - raft.server.leader.election.timeout = 120s (custom)
2019-07-30 21:28:19,607 INFO  server.RaftServerConfigKeys (ConfUtils.java:logGet(43)) - raft.server.leader.election.timeout = 120s (custom)
2019-07-30 21:28:19,607 INFO  server.RaftServerConfigKeys (ConfUtils.java:logGet(43)) - raft.server.leader.election.timeout = 120s (custom)
2019-07-30 21:28:19,607 INFO  server.RaftServerConfigKeys (ConfUtils.java:logGet(43)) - raft.server.log.use.memory = false (default)
2019-07-30 21:28:19,607 INFO  server.RaftServerConfigKeys (ConfUtils.java:logGet(43)) - raft.server.log.use.memory = false (default)
2019-07-30 21:28:19,608 INFO  server.RaftServerConfigKeys (ConfUtils.java:logGet(43)) - raft.server.log.purge.gap = 1000000000 (custom)
2019-07-30 21:28:19,607 INFO  server.RaftServerConfigKeys (ConfUtils.java:logGet(43)) - raft.server.log.use.memory = false (default)
2019-07-30 21:28:19,608 INFO  server.RaftServerConfigKeys (ConfUtils.java:logGet(43)) - raft.server.log.appender.buffer.byte-limit = 33554432 (custom)
2019-07-30 21:28:19,608 INFO  server.RaftServerConfigKeys (ConfUtils.java:logGet(43)) - raft.server.log.purge.gap = 1000000000 (custom)
2019-07-30 21:28:19,608 INFO  server.RaftServerConfigKeys (ConfUtils.java:logGet(43)) - raft.server.log.segment.size.max = 1048576 (custom)
2019-07-30 21:28:19,608 INFO  server.RaftServerConfigKeys (ConfUtils.java:logGet(43)) - raft.server.log.purge.gap = 1000000000 (custom)
2019-07-30 21:28:19,608 INFO  server.RaftServerConfigKeys (ConfUtils.java:logGet(43)) - raft.server.log.segment.cache.num.max = 2 (custom)
2019-07-30 21:28:19,608 INFO  server.RaftServerConfigKeys (ConfUtils.java:logGet(43)) - raft.server.log.appender.buffer.byte-limit = 33554432 (custom)
2019-07-30 21:28:19,609 INFO  segmented.SegmentedRaftLogWorker (SegmentedRaftLogWorker.java:<init>(172)) - new 30641217-001b-43ca-96c3-aa7aa467b580-SegmentedRaftLogWorker:Storage Directory /workdir/hadoop-ozone/integration-test/target/test-dir/MiniOzoneClusterImpl-8b77b147-9f33-4cd7-94fe-b73f00faa243/datanode-0/data/ratis/c84c3dd0-efd3-451f-bf1e-80def0ef633b for RaftStorage:Storage Directory /workdir/hadoop-ozone/integration-test/target/test-dir/MiniOzoneClusterImpl-8b77b147-9f33-4cd7-94fe-b73f00faa243/datanode-0/data/ratis/c84c3dd0-efd3-451f-bf1e-80def0ef633b
2019-07-30 21:28:19,609 INFO  server.RaftServerConfigKeys (ConfUtils.java:logGet(43)) - raft.server.log.appender.buffer.byte-limit = 33554432 (custom)
2019-07-30 21:28:19,609 INFO  server.RaftServerConfigKeys (ConfUtils.java:logGet(43)) - raft.server.log.queue.byte-limit = 2147483647 (custom)
2019-07-30 21:28:19,609 INFO  server.RaftServerConfigKeys (ConfUtils.java:logGet(43)) - raft.server.log.segment.size.max = 1048576 (custom)
2019-07-30 21:28:19,611 INFO  server.RaftServerConfigKeys (ConfUtils.java:logGet(43)) - raft.server.log.queue.element-limit = 1024 (custom)
2019-07-30 21:28:19,609 INFO  server.RaftServerConfigKeys (ConfUtils.java:logGet(43)) - raft.server.log.segment.size.max = 1048576 (custom)
2019-07-30 21:28:19,611 INFO  server.RaftServerConfigKeys (ConfUtils.java:logGet(43)) - raft.server.log.segment.size.max = 1048576 (custom)
2019-07-30 21:28:19,611 INFO  server.RaftServerConfigKeys (ConfUtils.java:logGet(43)) - raft.server.log.segment.cache.num.max = 2 (custom)
2019-07-30 21:28:19,612 INFO  server.RaftServerConfigKeys (ConfUtils.java:logGet(43)) - raft.server.log.preallocated.size = 16384 (custom)
2019-07-30 21:28:19,611 INFO  server.RaftServerConfigKeys (ConfUtils.java:logGet(43)) - raft.server.log.segment.cache.num.max = 2 (custom)
2019-07-30 21:28:19,612 INFO  server.RaftServerConfigKeys (ConfUtils.java:logGet(43)) - raft.server.log.write.buffer.size = 33554432 (custom)
2019-07-30 21:28:19,612 INFO  segmented.SegmentedRaftLogWorker (SegmentedRaftLogWorker.java:<init>(172)) - new f2446bf1-ec3a-4e17-8981-4ac50a4360e8-SegmentedRaftLogWorker:Storage Directory /workdir/hadoop-ozone/integration-test/target/test-dir/MiniOzoneClusterImpl-8b77b147-9f33-4cd7-94fe-b73f00faa243/datanode-2/data/ratis/c84c3dd0-efd3-451f-bf1e-80def0ef633b for RaftStorage:Storage Directory /workdir/hadoop-ozone/integration-test/target/test-dir/MiniOzoneClusterImpl-8b77b147-9f33-4cd7-94fe-b73f00faa243/datanode-2/data/ratis/c84c3dd0-efd3-451f-bf1e-80def0ef633b
2019-07-30 21:28:19,612 INFO  server.RaftServerConfigKeys (ConfUtils.java:logGet(43)) - raft.server.log.force.sync.num = 128 (default)
2019-07-30 21:28:19,612 INFO  segmented.SegmentedRaftLogWorker (SegmentedRaftLogWorker.java:<init>(172)) - new c323af41-fdc3-4b48-bf99-1ba699a1270e-SegmentedRaftLogWorker:Storage Directory /workdir/hadoop-ozone/integration-test/target/test-dir/MiniOzoneClusterImpl-8b77b147-9f33-4cd7-94fe-b73f00faa243/datanode-3/data/ratis/c84c3dd0-efd3-451f-bf1e-80def0ef633b for RaftStorage:Storage Directory /workdir/hadoop-ozone/integration-test/target/test-dir/MiniOzoneClusterImpl-8b77b147-9f33-4cd7-94fe-b73f00faa243/datanode-3/data/ratis/c84c3dd0-efd3-451f-bf1e-80def0ef633b
2019-07-30 21:28:19,613 INFO  server.RaftServerConfigKeys (ConfUtils.java:logGet(43)) - raft.server.log.statemachine.data.sync = true (default)
2019-07-30 21:28:19,612 INFO  server.RaftServerConfigKeys (ConfUtils.java:logGet(43)) - raft.server.log.queue.byte-limit = 2147483647 (custom)
2019-07-30 21:28:19,616 INFO  server.RaftServerConfigKeys (ConfUtils.java:logGet(43)) - raft.server.log.statemachine.data.sync.timeout = 10s (default)
2019-07-30 21:28:19,614 INFO  server.RaftServerConfigKeys (ConfUtils.java:logGet(43)) - raft.server.log.queue.byte-limit = 2147483647 (custom)
2019-07-30 21:28:19,616 INFO  server.RaftServerConfigKeys (ConfUtils.java:logGet(43)) - raft.server.log.statemachine.data.sync.timeout.retry = -1 (default)
2019-07-30 21:28:19,616 INFO  server.RaftServerConfigKeys (ConfUtils.java:logGet(43)) - raft.server.log.queue.element-limit = 1024 (custom)
2019-07-30 21:28:19,616 INFO  server.RaftServerConfigKeys (ConfUtils.java:logGet(43)) - raft.server.log.queue.element-limit = 1024 (custom)
2019-07-30 21:28:19,616 INFO  server.RaftServerConfigKeys (ConfUtils.java:logGet(43)) - raft.server.log.statemachine.data.caching.enabled = true (custom)
2019-07-30 21:28:19,616 INFO  server.RaftServerConfigKeys (ConfUtils.java:logGet(43)) - raft.server.log.segment.size.max = 1048576 (custom)
2019-07-30 21:28:19,617 INFO  server.RaftServerConfigKeys (ConfUtils.java:logGet(43)) - raft.server.log.segment.size.max = 1048576 (custom)
2019-07-30 21:28:19,617 INFO  server.RaftServerConfigKeys (ConfUtils.java:logGet(43)) - raft.server.log.preallocated.size = 16384 (custom)
2019-07-30 21:28:19,617 INFO  segmented.SegmentedRaftLogWorker (SegmentedRaftLogWorker.java:lambda$new$0(132)) - 30641217-001b-43ca-96c3-aa7aa467b580-SegmentedRaftLogWorker:Storage Directory /workdir/hadoop-ozone/integration-test/target/test-dir/MiniOzoneClusterImpl-8b77b147-9f33-4cd7-94fe-b73f00faa243/datanode-0/data/ratis/c84c3dd0-efd3-451f-bf1e-80def0ef633b: flushIndex: setUnconditionally 0 -> -1
2019-07-30 21:28:19,617 INFO  server.RaftServerConfigKeys (ConfUtils.java:logGet(43)) - raft.server.log.preallocated.size = 16384 (custom)
2019-07-30 21:28:19,617 INFO  server.RaftServerConfigKeys (ConfUtils.java:logGet(43)) - raft.server.log.write.buffer.size = 33554432 (custom)
2019-07-30 21:28:19,618 INFO  server.RaftServerConfigKeys (ConfUtils.java:logGet(43)) - raft.server.snapshot.auto.trigger.enabled = true (custom)
2019-07-30 21:28:19,618 INFO  server.RaftServerConfigKeys (ConfUtils.java:logGet(43)) - raft.server.log.write.buffer.size = 33554432 (custom)
2019-07-30 21:28:19,618 INFO  server.RaftServerConfigKeys (ConfUtils.java:logGet(43)) - raft.server.snapshot.auto.trigger.threshold = 10000 (custom)
2019-07-30 21:28:19,618 INFO  server.RaftServerConfigKeys (ConfUtils.java:logGet(43)) - raft.server.log.force.sync.num = 128 (default)
2019-07-30 21:28:19,618 INFO  server.RaftServerConfigKeys (ConfUtils.java:logGet(43)) - raft.server.log.force.sync.num = 128 (default)
2019-07-30 21:28:19,618 INFO  server.RaftServerConfigKeys (ConfUtils.java:logGet(43)) - raft.server.retrycache.expirytime = 600000ms (custom)
2019-07-30 21:28:19,618 INFO  server.RaftServerConfigKeys (ConfUtils.java:logGet(43)) - raft.server.log.statemachine.data.sync = true (default)
2019-07-30 21:28:19,618 INFO  server.RaftServerConfigKeys (ConfUtils.java:logGet(43)) - raft.server.log.statemachine.data.sync = true (default)
2019-07-30 21:28:19,619 INFO  impl.RaftServerImpl (RaftServerImpl.java:start(180)) - 30641217-001b-43ca-96c3-aa7aa467b580: start group-80DEF0EF633B
2019-07-30 21:28:19,619 INFO  server.RaftServerConfigKeys (ConfUtils.java:logGet(43)) - raft.server.log.statemachine.data.sync.timeout = 10s (default)
2019-07-30 21:28:19,619 INFO  impl.RaftServerImpl (RaftServerImpl.java:setRole(171)) - 30641217-001b-43ca-96c3-aa7aa467b580:group-80DEF0EF633B changes role from null to FOLLOWER at term 0 for startAsFollower
2019-07-30 21:28:19,619 INFO  server.RaftServerConfigKeys (ConfUtils.java:logGet(43)) - raft.server.log.statemachine.data.sync.timeout = 10s (default)
2019-07-30 21:28:19,619 INFO  impl.RoleInfo (RoleInfo.java:updateAndGet(143)) - 30641217-001b-43ca-96c3-aa7aa467b580: start FollowerState
2019-07-30 21:28:19,619 INFO  server.RaftServerConfigKeys (ConfUtils.java:logGet(43)) - raft.server.log.statemachine.data.sync.timeout.retry = -1 (default)
2019-07-30 21:28:19,619 INFO  server.RaftServerConfigKeys (ConfUtils.java:logGet(43)) - raft.server.log.statemachine.data.sync.timeout.retry = -1 (default)
2019-07-30 21:28:19,620 INFO  server.RaftServerConfigKeys (ConfUtils.java:logGet(43)) - raft.server.log.statemachine.data.caching.enabled = true (custom)
2019-07-30 21:28:19,620 INFO  util.JmxRegister (JmxRegister.java:tryRegister(44)) - Successfully registered JMX Bean with object name Ratis:service=RaftServer,group=group-80DEF0EF633B,id=30641217-001b-43ca-96c3-aa7aa467b580
2019-07-30 21:28:19,620 INFO  segmented.SegmentedRaftLogWorker (SegmentedRaftLogWorker.java:lambda$new$0(132)) - f2446bf1-ec3a-4e17-8981-4ac50a4360e8-SegmentedRaftLogWorker:Storage Directory /workdir/hadoop-ozone/integration-test/target/test-dir/MiniOzoneClusterImpl-8b77b147-9f33-4cd7-94fe-b73f00faa243/datanode-2/data/ratis/c84c3dd0-efd3-451f-bf1e-80def0ef633b: flushIndex: setUnconditionally 0 -> -1
2019-07-30 21:28:19,620 INFO  server.RaftServerConfigKeys (ConfUtils.java:logGet(43)) - raft.server.log.statemachine.data.caching.enabled = true (custom)
2019-07-30 21:28:19,620 INFO  server.RaftServerConfigKeys (ConfUtils.java:logGet(43)) - raft.server.snapshot.auto.trigger.enabled = true (custom)
2019-07-30 21:28:19,620 INFO  segmented.SegmentedRaftLogWorker (SegmentedRaftLogWorker.java:lambda$new$0(132)) - c323af41-fdc3-4b48-bf99-1ba699a1270e-SegmentedRaftLogWorker:Storage Directory /workdir/hadoop-ozone/integration-test/target/test-dir/MiniOzoneClusterImpl-8b77b147-9f33-4cd7-94fe-b73f00faa243/datanode-3/data/ratis/c84c3dd0-efd3-451f-bf1e-80def0ef633b: flushIndex: setUnconditionally 0 -> -1
2019-07-30 21:28:19,620 INFO  server.RaftServerConfigKeys (ConfUtils.java:logGet(43)) - raft.server.snapshot.auto.trigger.threshold = 10000 (custom)
2019-07-30 21:28:19,621 INFO  server.RaftServerConfigKeys (ConfUtils.java:logGet(43)) - raft.server.snapshot.auto.trigger.enabled = true (custom)
2019-07-30 21:28:19,621 INFO  server.RaftServerConfigKeys (ConfUtils.java:logGet(43)) - raft.server.retrycache.expirytime = 600000ms (custom)
2019-07-30 21:28:19,621 INFO  server.RaftServerConfigKeys (ConfUtils.java:logGet(43)) - raft.server.snapshot.auto.trigger.threshold = 10000 (custom)
2019-07-30 21:28:19,621 INFO  impl.RaftServerImpl (RaftServerImpl.java:start(180)) - f2446bf1-ec3a-4e17-8981-4ac50a4360e8: start group-80DEF0EF633B
2019-07-30 21:28:19,621 INFO  impl.RaftServerImpl (RaftServerImpl.java:setRole(171)) - f2446bf1-ec3a-4e17-8981-4ac50a4360e8:group-80DEF0EF633B changes role from null to FOLLOWER at term 0 for startAsFollower
2019-07-30 21:28:19,621 INFO  server.RaftServerConfigKeys (ConfUtils.java:logGet(43)) - raft.server.retrycache.expirytime = 600000ms (custom)
2019-07-30 21:28:19,621 INFO  impl.RoleInfo (RoleInfo.java:updateAndGet(143)) - f2446bf1-ec3a-4e17-8981-4ac50a4360e8: start FollowerState
2019-07-30 21:28:19,621 INFO  impl.RaftServerImpl (RaftServerImpl.java:start(180)) - c323af41-fdc3-4b48-bf99-1ba699a1270e: start group-80DEF0EF633B
2019-07-30 21:28:19,622 INFO  impl.RaftServerImpl (RaftServerImpl.java:setRole(171)) - c323af41-fdc3-4b48-bf99-1ba699a1270e:group-80DEF0EF633B changes role from null to FOLLOWER at term 0 for startAsFollower
2019-07-30 21:28:19,622 INFO  util.JmxRegister (JmxRegister.java:tryRegister(44)) - Successfully registered JMX Bean with object name Ratis:service=RaftServer,group=group-80DEF0EF633B,id=f2446bf1-ec3a-4e17-8981-4ac50a4360e8
2019-07-30 21:28:19,622 INFO  impl.RoleInfo (RoleInfo.java:updateAndGet(143)) - c323af41-fdc3-4b48-bf99-1ba699a1270e: start FollowerState
2019-07-30 21:28:19,622 INFO  util.JmxRegister (JmxRegister.java:tryRegister(44)) - Successfully registered JMX Bean with object name Ratis:service=RaftServer,group=group-80DEF0EF633B,id=c323af41-fdc3-4b48-bf99-1ba699a1270e
2019-07-30 21:28:19,641 INFO  pipeline.PipelineStateManager (PipelineStateManager.java:addPipeline(56)) - Created pipeline Pipeline[ Id: c84c3dd0-efd3-451f-bf1e-80def0ef633b, Nodes: f2446bf1-ec3a-4e17-8981-4ac50a4360e8{ip: 192.168.5.158, host: byscane-nightly-xpwgl-1692789119, networkLocation: /default-rack, certSerialId: null}c323af41-fdc3-4b48-bf99-1ba699a1270e{ip: 192.168.5.158, host: byscane-nightly-xpwgl-1692789119, networkLocation: /default-rack, certSerialId: null}30641217-001b-43ca-96c3-aa7aa467b580{ip: 192.168.5.158, host: byscane-nightly-xpwgl-1692789119, networkLocation: /default-rack, certSerialId: null}, Type:RATIS, Factor:THREE, State:OPEN]
2019-07-30 21:28:20,136 INFO  ozone.MiniOzoneClusterImpl (MiniOzoneClusterImpl.java:lambda$waitForClusterToBeReady$0(142)) - Cluster is ready. Got 6 of 6 DN Heartbeats.
2019-07-30 21:28:20,472 INFO  rpc.RpcClient (RpcClient.java:createVolume(288)) - Creating Volume: datanodefailurehandlingtest, with jenkins1000 as owner.
2019-07-30 21:28:20,509 INFO  rpc.RpcClient (RpcClient.java:createBucket(425)) - Creating Bucket: datanodefailurehandlingtest/datanodefailurehandlingtest, with Versioning false and Storage Type set to DISK and Encryption set to false 
2019-07-30 21:28:20,749 INFO  impl.MetricsSystemImpl (MetricsSystemImpl.java:init(158)) - XceiverClientMetrics metrics system started (again)
2019-07-30 21:28:20,874 INFO  client.GrpcClientProtocolClient (GrpcClientProtocolClient.java:onNext(255)) - client-8953A3B89F9D->f2446bf1-ec3a-4e17-8981-4ac50a4360e8: receive RaftClientReply:client-8953A3B89F9D->f2446bf1-ec3a-4e17-8981-4ac50a4360e8@group-80DEF0EF633B, cid=12, FAILED org.apache.ratis.protocol.NotLeaderException: Server f2446bf1-ec3a-4e17-8981-4ac50a4360e8 is not the leader (null). Request must be sent to leader., logIndex=0, commits[f2446bf1-ec3a-4e17-8981-4ac50a4360e8:c-1]
2019-07-30 21:28:20,921 INFO  container.ReplicationManager (ReplicationManager.java:start(155)) - Starting Replication Monitor Thread.
2019-07-30 21:28:20,926 INFO  container.ReplicationManager (ReplicationManager.java:run(207)) - Replication Monitor Thread took 4 milliseconds for processing 1 containers.
2019-07-30 21:28:21,937 INFO  client.GrpcClientProtocolClient (GrpcClientProtocolClient.java:onNext(255)) - client-8953A3B89F9D->30641217-001b-43ca-96c3-aa7aa467b580: receive RaftClientReply:client-8953A3B89F9D->30641217-001b-43ca-96c3-aa7aa467b580@group-80DEF0EF633B, cid=12, FAILED org.apache.ratis.protocol.NotLeaderException: Server 30641217-001b-43ca-96c3-aa7aa467b580 is not the leader (null). Request must be sent to leader., logIndex=0, commits[30641217-001b-43ca-96c3-aa7aa467b580:c-1]
2019-07-30 21:28:22,975 INFO  client.GrpcClientProtocolClient (GrpcClientProtocolClient.java:onNext(255)) - client-8953A3B89F9D->c323af41-fdc3-4b48-bf99-1ba699a1270e: receive RaftClientReply:client-8953A3B89F9D->c323af41-fdc3-4b48-bf99-1ba699a1270e@group-80DEF0EF633B, cid=12, FAILED org.apache.ratis.protocol.NotLeaderException: Server c323af41-fdc3-4b48-bf99-1ba699a1270e is not the leader (null). Request must be sent to leader., logIndex=0, commits[c323af41-fdc3-4b48-bf99-1ba699a1270e:c-1]
2019-07-30 21:28:24,014 INFO  client.GrpcClientProtocolClient (GrpcClientProtocolClient.java:onNext(255)) - client-8953A3B89F9D->30641217-001b-43ca-96c3-aa7aa467b580: receive RaftClientReply:client-8953A3B89F9D->30641217-001b-43ca-96c3-aa7aa467b580@group-80DEF0EF633B, cid=12, FAILED org.apache.ratis.protocol.NotLeaderException: Server 30641217-001b-43ca-96c3-aa7aa467b580 is not the leader (null). Request must be sent to leader., logIndex=0, commits[30641217-001b-43ca-96c3-aa7aa467b580:c-1]
2019-07-30 21:28:24,145 INFO  impl.FollowerState (FollowerState.java:run(106)) - 30641217-001b-43ca-96c3-aa7aa467b580:group-E09102F14D46 changes to CANDIDATE, lastRpcTime:5170, electionTimeout:5169ms
2019-07-30 21:28:24,145 INFO  impl.RoleInfo (RoleInfo.java:shutdownFollowerState(121)) - 30641217-001b-43ca-96c3-aa7aa467b580: shutdown FollowerState
2019-07-30 21:28:24,145 INFO  impl.RaftServerImpl (RaftServerImpl.java:setRole(171)) - 30641217-001b-43ca-96c3-aa7aa467b580:group-E09102F14D46 changes role from FOLLOWER to CANDIDATE at term 0 for changeToCandidate
2019-07-30 21:28:24,152 INFO  impl.RoleInfo (RoleInfo.java:updateAndGet(143)) - 30641217-001b-43ca-96c3-aa7aa467b580: start LeaderElection
2019-07-30 21:28:24,172 INFO  impl.LeaderElection (LeaderElection.java:askForVotes(181)) - 30641217-001b-43ca-96c3-aa7aa467b580:group-E09102F14D46:LeaderElection1: begin an election at term 1 for -1: [30641217-001b-43ca-96c3-aa7aa467b580:192.168.5.158:39579], old=null
2019-07-30 21:28:24,174 INFO  impl.RoleInfo (RoleInfo.java:shutdownLeaderElection(134)) - 30641217-001b-43ca-96c3-aa7aa467b580: shutdown LeaderElection
2019-07-30 21:28:24,175 INFO  impl.RaftServerImpl (RaftServerImpl.java:setRole(171)) - 30641217-001b-43ca-96c3-aa7aa467b580:group-E09102F14D46 changes role from CANDIDATE to LEADER at term 1 for changeToLeader
2019-07-30 21:28:24,175 INFO  impl.RaftServerImpl (ServerState.java:setLeader(263)) - 30641217-001b-43ca-96c3-aa7aa467b580:group-E09102F14D46 change Leader from null to 30641217-001b-43ca-96c3-aa7aa467b580 at term 1 for becomeLeader, leader elected after 5290ms
2019-07-30 21:28:24,185 INFO  server.RaftServerConfigKeys (ConfUtils.java:logGet(43)) - raft.server.staging.catchup.gap = 1000 (default)
2019-07-30 21:28:24,186 INFO  server.RaftServerConfigKeys (ConfUtils.java:logGet(43)) - raft.server.rpc.sleep.time = 25ms (default)
2019-07-30 21:28:24,189 INFO  server.RaftServerConfigKeys (ConfUtils.java:logGet(43)) - raft.server.write.element-limit = 4096 (default)
2019-07-30 21:28:24,192 INFO  server.RaftServerConfigKeys (ConfUtils.java:logGet(43)) - raft.server.watch.timeout = 10s (default)
2019-07-30 21:28:24,193 INFO  server.RaftServerConfigKeys (ConfUtils.java:logGet(43)) - raft.server.watch.timeout.denomination = 1s (default)
2019-07-30 21:28:24,194 INFO  server.RaftServerConfigKeys (ConfUtils.java:logGet(43)) - raft.server.watch.element-limit = 65536 (default)
2019-07-30 21:28:24,206 INFO  impl.RoleInfo (RoleInfo.java:updateAndGet(143)) - 30641217-001b-43ca-96c3-aa7aa467b580: start LeaderState
2019-07-30 21:28:24,217 INFO  impl.FollowerState (FollowerState.java:run(106)) - 22664a15-5b10-44b2-9690-7ea37b8a94ba:group-8C7E926D18FB changes to CANDIDATE, lastRpcTime:5052, electionTimeout:5051ms
2019-07-30 21:28:24,219 INFO  impl.RoleInfo (RoleInfo.java:shutdownFollowerState(121)) - 22664a15-5b10-44b2-9690-7ea37b8a94ba: shutdown FollowerState
2019-07-30 21:28:24,219 INFO  impl.RaftServerImpl (RaftServerImpl.java:setRole(171)) - 22664a15-5b10-44b2-9690-7ea37b8a94ba:group-8C7E926D18FB changes role from FOLLOWER to CANDIDATE at term 0 for changeToCandidate
2019-07-30 21:28:24,220 INFO  impl.RoleInfo (RoleInfo.java:updateAndGet(143)) - 22664a15-5b10-44b2-9690-7ea37b8a94ba: start LeaderElection
2019-07-30 21:28:24,239 INFO  impl.LeaderElection (LeaderElection.java:askForVotes(181)) - 22664a15-5b10-44b2-9690-7ea37b8a94ba:group-8C7E926D18FB:LeaderElection2: begin an election at term 1 for -1: [22664a15-5b10-44b2-9690-7ea37b8a94ba:192.168.5.158:36003], old=null
2019-07-30 21:28:24,240 INFO  impl.RoleInfo (RoleInfo.java:shutdownLeaderElection(134)) - 22664a15-5b10-44b2-9690-7ea37b8a94ba: shutdown LeaderElection
2019-07-30 21:28:24,241 INFO  impl.RaftServerImpl (RaftServerImpl.java:setRole(171)) - 22664a15-5b10-44b2-9690-7ea37b8a94ba:group-8C7E926D18FB changes role from CANDIDATE to LEADER at term 1 for changeToLeader
2019-07-30 21:28:24,241 INFO  impl.RaftServerImpl (ServerState.java:setLeader(263)) - 22664a15-5b10-44b2-9690-7ea37b8a94ba:group-8C7E926D18FB change Leader from null to 22664a15-5b10-44b2-9690-7ea37b8a94ba at term 1 for becomeLeader, leader elected after 5082ms
2019-07-30 21:28:24,243 INFO  server.RaftServerConfigKeys (ConfUtils.java:logGet(43)) - raft.server.staging.catchup.gap = 1000 (default)
2019-07-30 21:28:24,243 INFO  server.RaftServerConfigKeys (ConfUtils.java:logGet(43)) - raft.server.rpc.sleep.time = 25ms (default)
2019-07-30 21:28:24,243 INFO  server.RaftServerConfigKeys (ConfUtils.java:logGet(43)) - raft.server.write.element-limit = 4096 (default)
2019-07-30 21:28:24,243 INFO  segmented.SegmentedRaftLogWorker (SegmentedRaftLogWorker.java:startLogSegment(380)) - 30641217-001b-43ca-96c3-aa7aa467b580-SegmentedRaftLogWorker:Storage Directory /workdir/hadoop-ozone/integration-test/target/test-dir/MiniOzoneClusterImpl-8b77b147-9f33-4cd7-94fe-b73f00faa243/datanode-0/data/ratis/79eadc8e-2a80-487e-8f31-e09102f14d46: Starting segment from index:0
2019-07-30 21:28:24,243 INFO  server.RaftServerConfigKeys (ConfUtils.java:logGet(43)) - raft.server.watch.timeout = 10s (default)
2019-07-30 21:28:24,244 INFO  server.RaftServerConfigKeys (ConfUtils.java:logGet(43)) - raft.server.watch.timeout.denomination = 1s (default)
2019-07-30 21:28:24,244 INFO  server.RaftServerConfigKeys (ConfUtils.java:logGet(43)) - raft.server.watch.element-limit = 65536 (default)
2019-07-30 21:28:24,244 INFO  impl.RoleInfo (RoleInfo.java:updateAndGet(143)) - 22664a15-5b10-44b2-9690-7ea37b8a94ba: start LeaderState
2019-07-30 21:28:24,245 INFO  segmented.SegmentedRaftLogWorker (SegmentedRaftLogWorker.java:startLogSegment(380)) - 22664a15-5b10-44b2-9690-7ea37b8a94ba-SegmentedRaftLogWorker:Storage Directory /workdir/hadoop-ozone/integration-test/target/test-dir/MiniOzoneClusterImpl-8b77b147-9f33-4cd7-94fe-b73f00faa243/datanode-4/data/ratis/8b036a37-2480-4d22-8cf7-8c7e926d18fb: Starting segment from index:0
2019-07-30 21:28:24,255 INFO  impl.RaftServerImpl (ServerState.java:setRaftConf(361)) - 30641217-001b-43ca-96c3-aa7aa467b580:group-E09102F14D46 set configuration 0: [30641217-001b-43ca-96c3-aa7aa467b580:192.168.5.158:39579], old=null at 0
2019-07-30 21:28:24,255 INFO  impl.RaftServerImpl (ServerState.java:setRaftConf(361)) - 22664a15-5b10-44b2-9690-7ea37b8a94ba:group-8C7E926D18FB set configuration 0: [22664a15-5b10-44b2-9690-7ea37b8a94ba:192.168.5.158:36003], old=null at 0
2019-07-30 21:28:24,347 INFO  impl.FollowerState (FollowerState.java:run(106)) - 6f4c258b-71de-4eb0-a684-9bcd9fd337f0:group-5EAFD70336F0 changes to CANDIDATE, lastRpcTime:5109, electionTimeout:5109ms
2019-07-30 21:28:24,347 INFO  impl.RoleInfo (RoleInfo.java:shutdownFollowerState(121)) - 6f4c258b-71de-4eb0-a684-9bcd9fd337f0: shutdown FollowerState
2019-07-30 21:28:24,347 INFO  impl.RaftServerImpl (RaftServerImpl.java:setRole(171)) - 6f4c258b-71de-4eb0-a684-9bcd9fd337f0:group-5EAFD70336F0 changes role from FOLLOWER to CANDIDATE at term 0 for changeToCandidate
2019-07-30 21:28:24,347 INFO  impl.RoleInfo (RoleInfo.java:updateAndGet(143)) - 6f4c258b-71de-4eb0-a684-9bcd9fd337f0: start LeaderElection
2019-07-30 21:28:24,358 INFO  impl.LeaderElection (LeaderElection.java:askForVotes(181)) - 6f4c258b-71de-4eb0-a684-9bcd9fd337f0:group-5EAFD70336F0:LeaderElection3: begin an election at term 1 for -1: [6f4c258b-71de-4eb0-a684-9bcd9fd337f0:192.168.5.158:32948], old=null
2019-07-30 21:28:24,358 INFO  impl.RoleInfo (RoleInfo.java:shutdownLeaderElection(134)) - 6f4c258b-71de-4eb0-a684-9bcd9fd337f0: shutdown LeaderElection
2019-07-30 21:28:24,358 INFO  impl.RaftServerImpl (RaftServerImpl.java:setRole(171)) - 6f4c258b-71de-4eb0-a684-9bcd9fd337f0:group-5EAFD70336F0 changes role from CANDIDATE to LEADER at term 1 for changeToLeader
2019-07-30 21:28:24,358 INFO  impl.RaftServerImpl (ServerState.java:setLeader(263)) - 6f4c258b-71de-4eb0-a684-9bcd9fd337f0:group-5EAFD70336F0 change Leader from null to 6f4c258b-71de-4eb0-a684-9bcd9fd337f0 at term 1 for becomeLeader, leader elected after 5125ms
2019-07-30 21:28:24,360 INFO  server.RaftServerConfigKeys (ConfUtils.java:logGet(43)) - raft.server.staging.catchup.gap = 1000 (default)
2019-07-30 21:28:24,360 INFO  server.RaftServerConfigKeys (ConfUtils.java:logGet(43)) - raft.server.rpc.sleep.time = 25ms (default)
2019-07-30 21:28:24,360 INFO  server.RaftServerConfigKeys (ConfUtils.java:logGet(43)) - raft.server.write.element-limit = 4096 (default)
2019-07-30 21:28:24,360 INFO  server.RaftServerConfigKeys (ConfUtils.java:logGet(43)) - raft.server.watch.timeout = 10s (default)
2019-07-30 21:28:24,361 INFO  server.RaftServerConfigKeys (ConfUtils.java:logGet(43)) - raft.server.watch.timeout.denomination = 1s (default)
2019-07-30 21:28:24,361 INFO  server.RaftServerConfigKeys (ConfUtils.java:logGet(43)) - raft.server.watch.element-limit = 65536 (default)
2019-07-30 21:28:24,361 INFO  impl.RoleInfo (RoleInfo.java:updateAndGet(143)) - 6f4c258b-71de-4eb0-a684-9bcd9fd337f0: start LeaderState
2019-07-30 21:28:24,361 INFO  segmented.SegmentedRaftLogWorker (SegmentedRaftLogWorker.java:startLogSegment(380)) - 6f4c258b-71de-4eb0-a684-9bcd9fd337f0-SegmentedRaftLogWorker:Storage Directory /workdir/hadoop-ozone/integration-test/target/test-dir/MiniOzoneClusterImpl-8b77b147-9f33-4cd7-94fe-b73f00faa243/datanode-1/data/ratis/bb19a801-5c90-406d-b700-5eafd70336f0: Starting segment from index:0
2019-07-30 21:28:24,362 INFO  impl.RaftServerImpl (ServerState.java:setRaftConf(361)) - 6f4c258b-71de-4eb0-a684-9bcd9fd337f0:group-5EAFD70336F0 set configuration 0: [6f4c258b-71de-4eb0-a684-9bcd9fd337f0:192.168.5.158:32948], old=null at 0
2019-07-30 21:28:24,448 INFO  segmented.SegmentedRaftLogWorker (SegmentedRaftLogWorker.java:execute(569)) - 22664a15-5b10-44b2-9690-7ea37b8a94ba-SegmentedRaftLogWorker:Storage Directory /workdir/hadoop-ozone/integration-test/target/test-dir/MiniOzoneClusterImpl-8b77b147-9f33-4cd7-94fe-b73f00faa243/datanode-4/data/ratis/8b036a37-2480-4d22-8cf7-8c7e926d18fb: created new log segment /workdir/hadoop-ozone/integration-test/target/test-dir/MiniOzoneClusterImpl-8b77b147-9f33-4cd7-94fe-b73f00faa243/datanode-4/data/ratis/8b036a37-2480-4d22-8cf7-8c7e926d18fb/current/log_inprogress_0
2019-07-30 21:28:24,448 INFO  impl.FollowerState (FollowerState.java:run(106)) - d16e0798-67da-4590-ba10-4a737662f4be:group-16DB6A3C2CF3 changes to CANDIDATE, lastRpcTime:5145, electionTimeout:5145ms
2019-07-30 21:28:24,449 INFO  impl.RoleInfo (RoleInfo.java:shutdownFollowerState(121)) - d16e0798-67da-4590-ba10-4a737662f4be: shutdown FollowerState
2019-07-30 21:28:24,449 INFO  impl.RaftServerImpl (RaftServerImpl.java:setRole(171)) - d16e0798-67da-4590-ba10-4a737662f4be:group-16DB6A3C2CF3 changes role from FOLLOWER to CANDIDATE at term 0 for changeToCandidate
2019-07-30 21:28:24,449 INFO  impl.RoleInfo (RoleInfo.java:updateAndGet(143)) - d16e0798-67da-4590-ba10-4a737662f4be: start LeaderElection
2019-07-30 21:28:24,467 INFO  segmented.SegmentedRaftLogWorker (SegmentedRaftLogWorker.java:execute(569)) - 30641217-001b-43ca-96c3-aa7aa467b580-SegmentedRaftLogWorker:Storage Directory /workdir/hadoop-ozone/integration-test/target/test-dir/MiniOzoneClusterImpl-8b77b147-9f33-4cd7-94fe-b73f00faa243/datanode-0/data/ratis/79eadc8e-2a80-487e-8f31-e09102f14d46: created new log segment /workdir/hadoop-ozone/integration-test/target/test-dir/MiniOzoneClusterImpl-8b77b147-9f33-4cd7-94fe-b73f00faa243/datanode-0/data/ratis/79eadc8e-2a80-487e-8f31-e09102f14d46/current/log_inprogress_0
2019-07-30 21:28:24,467 INFO  segmented.SegmentedRaftLogWorker (SegmentedRaftLogWorker.java:execute(569)) - 6f4c258b-71de-4eb0-a684-9bcd9fd337f0-SegmentedRaftLogWorker:Storage Directory /workdir/hadoop-ozone/integration-test/target/test-dir/MiniOzoneClusterImpl-8b77b147-9f33-4cd7-94fe-b73f00faa243/datanode-1/data/ratis/bb19a801-5c90-406d-b700-5eafd70336f0: created new log segment /workdir/hadoop-ozone/integration-test/target/test-dir/MiniOzoneClusterImpl-8b77b147-9f33-4cd7-94fe-b73f00faa243/datanode-1/data/ratis/bb19a801-5c90-406d-b700-5eafd70336f0/current/log_inprogress_0
2019-07-30 21:28:24,473 INFO  impl.LeaderElection (LeaderElection.java:askForVotes(181)) - d16e0798-67da-4590-ba10-4a737662f4be:group-16DB6A3C2CF3:LeaderElection4: begin an election at term 1 for -1: [d16e0798-67da-4590-ba10-4a737662f4be:192.168.5.158:38846], old=null
2019-07-30 21:28:24,475 INFO  impl.FollowerState (FollowerState.java:run(106)) - c323af41-fdc3-4b48-bf99-1ba699a1270e:group-A99EDA32C43F changes to CANDIDATE, lastRpcTime:5045, electionTimeout:5044ms
2019-07-30 21:28:24,476 INFO  impl.RoleInfo (RoleInfo.java:shutdownLeaderElection(134)) - d16e0798-67da-4590-ba10-4a737662f4be: shutdown LeaderElection
2019-07-30 21:28:24,476 INFO  impl.RoleInfo (RoleInfo.java:shutdownFollowerState(121)) - c323af41-fdc3-4b48-bf99-1ba699a1270e: shutdown FollowerState
2019-07-30 21:28:24,476 INFO  impl.RaftServerImpl (RaftServerImpl.java:setRole(171)) - d16e0798-67da-4590-ba10-4a737662f4be:group-16DB6A3C2CF3 changes role from CANDIDATE to LEADER at term 1 for changeToLeader
2019-07-30 21:28:24,477 INFO  impl.RaftServerImpl (RaftServerImpl.java:setRole(171)) - c323af41-fdc3-4b48-bf99-1ba699a1270e:group-A99EDA32C43F changes role from FOLLOWER to CANDIDATE at term 0 for changeToCandidate
2019-07-30 21:28:24,477 INFO  impl.RaftServerImpl (ServerState.java:setLeader(263)) - d16e0798-67da-4590-ba10-4a737662f4be:group-16DB6A3C2CF3 change Leader from null to d16e0798-67da-4590-ba10-4a737662f4be at term 1 for becomeLeader, leader elected after 5177ms
2019-07-30 21:28:24,477 INFO  impl.RoleInfo (RoleInfo.java:updateAndGet(143)) - c323af41-fdc3-4b48-bf99-1ba699a1270e: start LeaderElection
2019-07-30 21:28:24,478 INFO  server.RaftServerConfigKeys (ConfUtils.java:logGet(43)) - raft.server.staging.catchup.gap = 1000 (default)
2019-07-30 21:28:24,478 INFO  server.RaftServerConfigKeys (ConfUtils.java:logGet(43)) - raft.server.rpc.sleep.time = 25ms (default)
2019-07-30 21:28:24,482 INFO  server.RaftServerConfigKeys (ConfUtils.java:logGet(43)) - raft.server.write.element-limit = 4096 (default)
2019-07-30 21:28:24,482 INFO  server.RaftServerConfigKeys (ConfUtils.java:logGet(43)) - raft.server.watch.timeout = 10s (default)
2019-07-30 21:28:24,482 INFO  server.RaftServerConfigKeys (ConfUtils.java:logGet(43)) - raft.server.watch.timeout.denomination = 1s (default)
2019-07-30 21:28:24,482 INFO  server.RaftServerConfigKeys (ConfUtils.java:logGet(43)) - raft.server.watch.element-limit = 65536 (default)
2019-07-30 21:28:24,483 INFO  impl.RoleInfo (RoleInfo.java:updateAndGet(143)) - d16e0798-67da-4590-ba10-4a737662f4be: start LeaderState
2019-07-30 21:28:24,483 INFO  segmented.SegmentedRaftLogWorker (SegmentedRaftLogWorker.java:startLogSegment(380)) - d16e0798-67da-4590-ba10-4a737662f4be-SegmentedRaftLogWorker:Storage Directory /workdir/hadoop-ozone/integration-test/target/test-dir/MiniOzoneClusterImpl-8b77b147-9f33-4cd7-94fe-b73f00faa243/datanode-5/data/ratis/c94d3b24-b94d-49d2-8ef9-16db6a3c2cf3: Starting segment from index:0
2019-07-30 21:28:24,484 INFO  impl.RaftServerImpl (ServerState.java:setRaftConf(361)) - d16e0798-67da-4590-ba10-4a737662f4be:group-16DB6A3C2CF3 set configuration 0: [d16e0798-67da-4590-ba10-4a737662f4be:192.168.5.158:38846], old=null at 0
2019-07-30 21:28:24,500 INFO  impl.FollowerState (FollowerState.java:run(106)) - f2446bf1-ec3a-4e17-8981-4ac50a4360e8:group-0929401ADD0F changes to CANDIDATE, lastRpcTime:5136, electionTimeout:5128ms
2019-07-30 21:28:24,500 INFO  impl.LeaderElection (LeaderElection.java:askForVotes(181)) - c323af41-fdc3-4b48-bf99-1ba699a1270e:group-A99EDA32C43F:LeaderElection5: begin an election at term 1 for -1: [c323af41-fdc3-4b48-bf99-1ba699a1270e:192.168.5.158:41776], old=null
2019-07-30 21:28:24,500 INFO  impl.RoleInfo (RoleInfo.java:shutdownFollowerState(121)) - f2446bf1-ec3a-4e17-8981-4ac50a4360e8: shutdown FollowerState
2019-07-30 21:28:24,500 INFO  impl.RoleInfo (RoleInfo.java:shutdownLeaderElection(134)) - c323af41-fdc3-4b48-bf99-1ba699a1270e: shutdown LeaderElection
2019-07-30 21:28:24,500 INFO  impl.RaftServerImpl (RaftServerImpl.java:setRole(171)) - f2446bf1-ec3a-4e17-8981-4ac50a4360e8:group-0929401ADD0F changes role from FOLLOWER to CANDIDATE at term 0 for changeToCandidate
2019-07-30 21:28:24,501 INFO  impl.RaftServerImpl (RaftServerImpl.java:setRole(171)) - c323af41-fdc3-4b48-bf99-1ba699a1270e:group-A99EDA32C43F changes role from CANDIDATE to LEADER at term 1 for changeToLeader
2019-07-30 21:28:24,501 INFO  impl.RaftServerImpl (ServerState.java:setLeader(263)) - c323af41-fdc3-4b48-bf99-1ba699a1270e:group-A99EDA32C43F change Leader from null to c323af41-fdc3-4b48-bf99-1ba699a1270e at term 1 for becomeLeader, leader elected after 5075ms
2019-07-30 21:28:24,501 INFO  impl.RoleInfo (RoleInfo.java:updateAndGet(143)) - f2446bf1-ec3a-4e17-8981-4ac50a4360e8: start LeaderElection
2019-07-30 21:28:24,502 INFO  server.RaftServerConfigKeys (ConfUtils.java:logGet(43)) - raft.server.staging.catchup.gap = 1000 (default)
2019-07-30 21:28:24,502 INFO  server.RaftServerConfigKeys (ConfUtils.java:logGet(43)) - raft.server.rpc.sleep.time = 25ms (default)
2019-07-30 21:28:24,506 INFO  server.RaftServerConfigKeys (ConfUtils.java:logGet(43)) - raft.server.write.element-limit = 4096 (default)
2019-07-30 21:28:24,506 INFO  server.RaftServerConfigKeys (ConfUtils.java:logGet(43)) - raft.server.watch.timeout = 10s (default)
2019-07-30 21:28:24,506 INFO  server.RaftServerConfigKeys (ConfUtils.java:logGet(43)) - raft.server.watch.timeout.denomination = 1s (default)
2019-07-30 21:28:24,506 INFO  server.RaftServerConfigKeys (ConfUtils.java:logGet(43)) - raft.server.watch.element-limit = 65536 (default)
2019-07-30 21:28:24,507 INFO  impl.RoleInfo (RoleInfo.java:updateAndGet(143)) - c323af41-fdc3-4b48-bf99-1ba699a1270e: start LeaderState
2019-07-30 21:28:24,507 INFO  segmented.SegmentedRaftLogWorker (SegmentedRaftLogWorker.java:startLogSegment(380)) - c323af41-fdc3-4b48-bf99-1ba699a1270e-SegmentedRaftLogWorker:Storage Directory /workdir/hadoop-ozone/integration-test/target/test-dir/MiniOzoneClusterImpl-8b77b147-9f33-4cd7-94fe-b73f00faa243/datanode-3/data/ratis/e5fe0daa-2b69-401d-9b5e-a99eda32c43f: Starting segment from index:0
2019-07-30 21:28:24,508 INFO  impl.RaftServerImpl (ServerState.java:setRaftConf(361)) - c323af41-fdc3-4b48-bf99-1ba699a1270e:group-A99EDA32C43F set configuration 0: [c323af41-fdc3-4b48-bf99-1ba699a1270e:192.168.5.158:41776], old=null at 0
2019-07-30 21:28:24,523 INFO  segmented.SegmentedRaftLogWorker (SegmentedRaftLogWorker.java:execute(569)) - d16e0798-67da-4590-ba10-4a737662f4be-SegmentedRaftLogWorker:Storage Directory /workdir/hadoop-ozone/integration-test/target/test-dir/MiniOzoneClusterImpl-8b77b147-9f33-4cd7-94fe-b73f00faa243/datanode-5/data/ratis/c94d3b24-b94d-49d2-8ef9-16db6a3c2cf3: created new log segment /workdir/hadoop-ozone/integration-test/target/test-dir/MiniOzoneClusterImpl-8b77b147-9f33-4cd7-94fe-b73f00faa243/datanode-5/data/ratis/c94d3b24-b94d-49d2-8ef9-16db6a3c2cf3/current/log_inprogress_0
2019-07-30 21:28:24,523 INFO  impl.LeaderElection (LeaderElection.java:askForVotes(181)) - f2446bf1-ec3a-4e17-8981-4ac50a4360e8:group-0929401ADD0F:LeaderElection6: begin an election at term 1 for -1: [f2446bf1-ec3a-4e17-8981-4ac50a4360e8:192.168.5.158:39706], old=null
2019-07-30 21:28:24,524 INFO  impl.RoleInfo (RoleInfo.java:shutdownLeaderElection(134)) - f2446bf1-ec3a-4e17-8981-4ac50a4360e8: shutdown LeaderElection
2019-07-30 21:28:24,524 INFO  impl.RaftServerImpl (RaftServerImpl.java:setRole(171)) - f2446bf1-ec3a-4e17-8981-4ac50a4360e8:group-0929401ADD0F changes role from CANDIDATE to LEADER at term 1 for changeToLeader
2019-07-30 21:28:24,524 INFO  impl.RaftServerImpl (ServerState.java:setLeader(263)) - f2446bf1-ec3a-4e17-8981-4ac50a4360e8:group-0929401ADD0F change Leader from null to f2446bf1-ec3a-4e17-8981-4ac50a4360e8 at term 1 for becomeLeader, leader elected after 5164ms
2019-07-30 21:28:24,526 INFO  server.RaftServerConfigKeys (ConfUtils.java:logGet(43)) - raft.server.staging.catchup.gap = 1000 (default)
2019-07-30 21:28:24,526 INFO  server.RaftServerConfigKeys (ConfUtils.java:logGet(43)) - raft.server.rpc.sleep.time = 25ms (default)
2019-07-30 21:28:24,526 INFO  server.RaftServerConfigKeys (ConfUtils.java:logGet(43)) - raft.server.write.element-limit = 4096 (default)
2019-07-30 21:28:24,526 INFO  server.RaftServerConfigKeys (ConfUtils.java:logGet(43)) - raft.server.watch.timeout = 10s (default)
2019-07-30 21:28:24,527 INFO  server.RaftServerConfigKeys (ConfUtils.java:logGet(43)) - raft.server.watch.timeout.denomination = 1s (default)
2019-07-30 21:28:24,527 INFO  server.RaftServerConfigKeys (ConfUtils.java:logGet(43)) - raft.server.watch.element-limit = 65536 (default)
2019-07-30 21:28:24,527 INFO  impl.RoleInfo (RoleInfo.java:updateAndGet(143)) - f2446bf1-ec3a-4e17-8981-4ac50a4360e8: start LeaderState
2019-07-30 21:28:24,527 INFO  segmented.SegmentedRaftLogWorker (SegmentedRaftLogWorker.java:startLogSegment(380)) - f2446bf1-ec3a-4e17-8981-4ac50a4360e8-SegmentedRaftLogWorker:Storage Directory /workdir/hadoop-ozone/integration-test/target/test-dir/MiniOzoneClusterImpl-8b77b147-9f33-4cd7-94fe-b73f00faa243/datanode-2/data/ratis/48fdf337-f997-4cec-8b4d-0929401add0f: Starting segment from index:0
2019-07-30 21:28:24,528 INFO  impl.RaftServerImpl (ServerState.java:setRaftConf(361)) - f2446bf1-ec3a-4e17-8981-4ac50a4360e8:group-0929401ADD0F set configuration 0: [f2446bf1-ec3a-4e17-8981-4ac50a4360e8:192.168.5.158:39706], old=null at 0
2019-07-30 21:28:24,543 INFO  impl.FollowerState (FollowerState.java:run(106)) - 22664a15-5b10-44b2-9690-7ea37b8a94ba:group-C5325A1A5C3D changes to CANDIDATE, lastRpcTime:5015, electionTimeout:5009ms
2019-07-30 21:28:24,544 INFO  segmented.SegmentedRaftLogWorker (SegmentedRaftLogWorker.java:execute(569)) - c323af41-fdc3-4b48-bf99-1ba699a1270e-SegmentedRaftLogWorker:Storage Directory /workdir/hadoop-ozone/integration-test/target/test-dir/MiniOzoneClusterImpl-8b77b147-9f33-4cd7-94fe-b73f00faa243/datanode-3/data/ratis/e5fe0daa-2b69-401d-9b5e-a99eda32c43f: created new log segment /workdir/hadoop-ozone/integration-test/target/test-dir/MiniOzoneClusterImpl-8b77b147-9f33-4cd7-94fe-b73f00faa243/datanode-3/data/ratis/e5fe0daa-2b69-401d-9b5e-a99eda32c43f/current/log_inprogress_0
2019-07-30 21:28:24,544 INFO  impl.RoleInfo (RoleInfo.java:shutdownFollowerState(121)) - 22664a15-5b10-44b2-9690-7ea37b8a94ba: shutdown FollowerState
2019-07-30 21:28:24,544 INFO  impl.RaftServerImpl (RaftServerImpl.java:setRole(171)) - 22664a15-5b10-44b2-9690-7ea37b8a94ba:group-C5325A1A5C3D changes role from FOLLOWER to CANDIDATE at term 0 for changeToCandidate
2019-07-30 21:28:24,544 INFO  impl.RoleInfo (RoleInfo.java:updateAndGet(143)) - 22664a15-5b10-44b2-9690-7ea37b8a94ba: start LeaderElection
2019-07-30 21:28:24,558 INFO  segmented.SegmentedRaftLogWorker (SegmentedRaftLogWorker.java:execute(569)) - f2446bf1-ec3a-4e17-8981-4ac50a4360e8-SegmentedRaftLogWorker:Storage Directory /workdir/hadoop-ozone/integration-test/target/test-dir/MiniOzoneClusterImpl-8b77b147-9f33-4cd7-94fe-b73f00faa243/datanode-2/data/ratis/48fdf337-f997-4cec-8b4d-0929401add0f: created new log segment /workdir/hadoop-ozone/integration-test/target/test-dir/MiniOzoneClusterImpl-8b77b147-9f33-4cd7-94fe-b73f00faa243/datanode-2/data/ratis/48fdf337-f997-4cec-8b4d-0929401add0f/current/log_inprogress_0
2019-07-30 21:28:24,559 INFO  impl.LeaderElection (LeaderElection.java:askForVotes(181)) - 22664a15-5b10-44b2-9690-7ea37b8a94ba:group-C5325A1A5C3D:LeaderElection7: begin an election at term 1 for -1: [d16e0798-67da-4590-ba10-4a737662f4be:192.168.5.158:38846, 22664a15-5b10-44b2-9690-7ea37b8a94ba:192.168.5.158:36003, 6f4c258b-71de-4eb0-a684-9bcd9fd337f0:192.168.5.158:32948], old=null
2019-07-30 21:28:24,572 INFO  impl.FollowerState (FollowerState.java:run(106)) - d16e0798-67da-4590-ba10-4a737662f4be:group-C5325A1A5C3D changes to CANDIDATE, lastRpcTime:5040, electionTimeout:5037ms
2019-07-30 21:28:24,578 INFO  impl.RoleInfo (RoleInfo.java:shutdownFollowerState(121)) - d16e0798-67da-4590-ba10-4a737662f4be: shutdown FollowerState
2019-07-30 21:28:24,578 INFO  impl.RaftServerImpl (RaftServerImpl.java:setRole(171)) - d16e0798-67da-4590-ba10-4a737662f4be:group-C5325A1A5C3D changes role from FOLLOWER to CANDIDATE at term 0 for changeToCandidate
2019-07-30 21:28:24,578 INFO  impl.RoleInfo (RoleInfo.java:updateAndGet(143)) - d16e0798-67da-4590-ba10-4a737662f4be: start LeaderElection
2019-07-30 21:28:24,589 INFO  impl.FollowerState (FollowerState.java:run(106)) - 6f4c258b-71de-4eb0-a684-9bcd9fd337f0:group-C5325A1A5C3D changes to CANDIDATE, lastRpcTime:5064, electionTimeout:5063ms
2019-07-30 21:28:24,591 INFO  impl.RoleInfo (RoleInfo.java:shutdownFollowerState(121)) - 6f4c258b-71de-4eb0-a684-9bcd9fd337f0: shutdown FollowerState
2019-07-30 21:28:24,591 INFO  impl.RaftServerImpl (RaftServerImpl.java:setRole(171)) - 6f4c258b-71de-4eb0-a684-9bcd9fd337f0:group-C5325A1A5C3D changes role from FOLLOWER to CANDIDATE at term 0 for changeToCandidate
2019-07-30 21:28:24,591 INFO  impl.RoleInfo (RoleInfo.java:updateAndGet(143)) - 6f4c258b-71de-4eb0-a684-9bcd9fd337f0: start LeaderElection
2019-07-30 21:28:24,597 INFO  impl.LeaderElection (LeaderElection.java:askForVotes(181)) - d16e0798-67da-4590-ba10-4a737662f4be:group-C5325A1A5C3D:LeaderElection8: begin an election at term 1 for -1: [d16e0798-67da-4590-ba10-4a737662f4be:192.168.5.158:38846, 22664a15-5b10-44b2-9690-7ea37b8a94ba:192.168.5.158:36003, 6f4c258b-71de-4eb0-a684-9bcd9fd337f0:192.168.5.158:32948], old=null
2019-07-30 21:28:24,608 INFO  impl.LeaderElection (LeaderElection.java:askForVotes(181)) - 6f4c258b-71de-4eb0-a684-9bcd9fd337f0:group-C5325A1A5C3D:LeaderElection9: begin an election at term 1 for -1: [d16e0798-67da-4590-ba10-4a737662f4be:192.168.5.158:38846, 22664a15-5b10-44b2-9690-7ea37b8a94ba:192.168.5.158:36003, 6f4c258b-71de-4eb0-a684-9bcd9fd337f0:192.168.5.158:32948], old=null
2019-07-30 21:28:24,623 INFO  impl.FollowerState (FollowerState.java:run(106)) - f2446bf1-ec3a-4e17-8981-4ac50a4360e8:group-80DEF0EF633B changes to CANDIDATE, lastRpcTime:5001, electionTimeout:5001ms
2019-07-30 21:28:24,623 INFO  impl.RoleInfo (RoleInfo.java:shutdownFollowerState(121)) - f2446bf1-ec3a-4e17-8981-4ac50a4360e8: shutdown FollowerState
2019-07-30 21:28:24,623 INFO  impl.RaftServerImpl (RaftServerImpl.java:setRole(171)) - f2446bf1-ec3a-4e17-8981-4ac50a4360e8:group-80DEF0EF633B changes role from FOLLOWER to CANDIDATE at term 0 for changeToCandidate
2019-07-30 21:28:24,623 INFO  impl.RoleInfo (RoleInfo.java:updateAndGet(143)) - f2446bf1-ec3a-4e17-8981-4ac50a4360e8: start LeaderElection
2019-07-30 21:28:24,628 INFO  impl.LeaderElection (LeaderElection.java:logAndReturn(56)) - 22664a15-5b10-44b2-9690-7ea37b8a94ba:group-C5325A1A5C3D:LeaderElection7: Election REJECTED; received 2 response(s) [22664a15-5b10-44b2-9690-7ea37b8a94ba<-d16e0798-67da-4590-ba10-4a737662f4be#0:FAIL-t1, 22664a15-5b10-44b2-9690-7ea37b8a94ba<-6f4c258b-71de-4eb0-a684-9bcd9fd337f0#0:FAIL-t1] and 0 exception(s); 22664a15-5b10-44b2-9690-7ea37b8a94ba:t1, leader=null, voted=22664a15-5b10-44b2-9690-7ea37b8a94ba, raftlog=22664a15-5b10-44b2-9690-7ea37b8a94ba-SegmentedRaftLog:OPENED:c-1,f-1,i0, conf=-1: [d16e0798-67da-4590-ba10-4a737662f4be:192.168.5.158:38846, 22664a15-5b10-44b2-9690-7ea37b8a94ba:192.168.5.158:36003, 6f4c258b-71de-4eb0-a684-9bcd9fd337f0:192.168.5.158:32948], old=null
2019-07-30 21:28:24,631 INFO  impl.RaftServerImpl (RaftServerImpl.java:setRole(171)) - 22664a15-5b10-44b2-9690-7ea37b8a94ba:group-C5325A1A5C3D changes role from CANDIDATE to FOLLOWER at term 1 for DISCOVERED_A_NEW_TERM
2019-07-30 21:28:24,631 INFO  impl.RoleInfo (RoleInfo.java:shutdownLeaderElection(134)) - 22664a15-5b10-44b2-9690-7ea37b8a94ba: shutdown LeaderElection
2019-07-30 21:28:24,631 INFO  impl.RoleInfo (RoleInfo.java:updateAndGet(143)) - 22664a15-5b10-44b2-9690-7ea37b8a94ba: start FollowerState
2019-07-30 21:28:24,635 INFO  impl.FollowerState (FollowerState.java:run(106)) - c323af41-fdc3-4b48-bf99-1ba699a1270e:group-80DEF0EF633B changes to CANDIDATE, lastRpcTime:5013, electionTimeout:5011ms
2019-07-30 21:28:24,637 INFO  impl.RoleInfo (RoleInfo.java:shutdownFollowerState(121)) - c323af41-fdc3-4b48-bf99-1ba699a1270e: shutdown FollowerState
2019-07-30 21:28:24,637 INFO  impl.RaftServerImpl (RaftServerImpl.java:setRole(171)) - c323af41-fdc3-4b48-bf99-1ba699a1270e:group-80DEF0EF633B changes role from FOLLOWER to CANDIDATE at term 0 for changeToCandidate
2019-07-30 21:28:24,637 INFO  impl.RoleInfo (RoleInfo.java:updateAndGet(143)) - c323af41-fdc3-4b48-bf99-1ba699a1270e: start LeaderElection
2019-07-30 21:28:24,640 INFO  impl.LeaderElection (LeaderElection.java:askForVotes(181)) - f2446bf1-ec3a-4e17-8981-4ac50a4360e8:group-80DEF0EF633B:LeaderElection10: begin an election at term 1 for -1: [f2446bf1-ec3a-4e17-8981-4ac50a4360e8:192.168.5.158:39706, 30641217-001b-43ca-96c3-aa7aa467b580:192.168.5.158:39579, c323af41-fdc3-4b48-bf99-1ba699a1270e:192.168.5.158:41776], old=null
2019-07-30 21:28:24,654 INFO  impl.LeaderElection (LeaderElection.java:askForVotes(181)) - c323af41-fdc3-4b48-bf99-1ba699a1270e:group-80DEF0EF633B:LeaderElection11: begin an election at term 1 for -1: [f2446bf1-ec3a-4e17-8981-4ac50a4360e8:192.168.5.158:39706, 30641217-001b-43ca-96c3-aa7aa467b580:192.168.5.158:39579, c323af41-fdc3-4b48-bf99-1ba699a1270e:192.168.5.158:41776], old=null
2019-07-30 21:28:24,660 INFO  impl.LeaderElection (LeaderElection.java:logAndReturn(56)) - d16e0798-67da-4590-ba10-4a737662f4be:group-C5325A1A5C3D:LeaderElection8: Election REJECTED; received 2 response(s) [d16e0798-67da-4590-ba10-4a737662f4be<-6f4c258b-71de-4eb0-a684-9bcd9fd337f0#0:FAIL-t1, d16e0798-67da-4590-ba10-4a737662f4be<-22664a15-5b10-44b2-9690-7ea37b8a94ba#0:FAIL-t1] and 0 exception(s); d16e0798-67da-4590-ba10-4a737662f4be:t1, leader=null, voted=d16e0798-67da-4590-ba10-4a737662f4be, raftlog=d16e0798-67da-4590-ba10-4a737662f4be-SegmentedRaftLog:OPENED:c-1,f-1,i0, conf=-1: [d16e0798-67da-4590-ba10-4a737662f4be:192.168.5.158:38846, 22664a15-5b10-44b2-9690-7ea37b8a94ba:192.168.5.158:36003, 6f4c258b-71de-4eb0-a684-9bcd9fd337f0:192.168.5.158:32948], old=null
2019-07-30 21:28:24,660 INFO  impl.RaftServerImpl (RaftServerImpl.java:setRole(171)) - d16e0798-67da-4590-ba10-4a737662f4be:group-C5325A1A5C3D changes role from CANDIDATE to FOLLOWER at term 1 for DISCOVERED_A_NEW_TERM
2019-07-30 21:28:24,660 INFO  impl.RoleInfo (RoleInfo.java:shutdownLeaderElection(134)) - d16e0798-67da-4590-ba10-4a737662f4be: shutdown LeaderElection
2019-07-30 21:28:24,663 INFO  impl.RoleInfo (RoleInfo.java:updateAndGet(143)) - d16e0798-67da-4590-ba10-4a737662f4be: start FollowerState
2019-07-30 21:28:24,669 INFO  impl.RaftServerImpl (RaftServerImpl.java:setRole(171)) - 30641217-001b-43ca-96c3-aa7aa467b580:group-80DEF0EF633B changes role from FOLLOWER to FOLLOWER at term 1 for recognizeCandidate:f2446bf1-ec3a-4e17-8981-4ac50a4360e8
2019-07-30 21:28:24,670 INFO  impl.RoleInfo (RoleInfo.java:shutdownFollowerState(121)) - 30641217-001b-43ca-96c3-aa7aa467b580: shutdown FollowerState
2019-07-30 21:28:24,670 INFO  impl.RoleInfo (RoleInfo.java:updateAndGet(143)) - 30641217-001b-43ca-96c3-aa7aa467b580: start FollowerState
2019-07-30 21:28:24,670 INFO  impl.FollowerState (FollowerState.java:run(114)) - 30641217-001b-43ca-96c3-aa7aa467b580: FollowerState was interrupted: java.lang.InterruptedException: sleep interrupted
2019-07-30 21:28:24,678 INFO  impl.LeaderElection (LeaderElection.java:logAndReturn(56)) - 6f4c258b-71de-4eb0-a684-9bcd9fd337f0:group-C5325A1A5C3D:LeaderElection9: Election REJECTED; received 2 response(s) [6f4c258b-71de-4eb0-a684-9bcd9fd337f0<-d16e0798-67da-4590-ba10-4a737662f4be#0:FAIL-t1, 6f4c258b-71de-4eb0-a684-9bcd9fd337f0<-22664a15-5b10-44b2-9690-7ea37b8a94ba#0:FAIL-t1] and 0 exception(s); 6f4c258b-71de-4eb0-a684-9bcd9fd337f0:t1, leader=null, voted=6f4c258b-71de-4eb0-a684-9bcd9fd337f0, raftlog=6f4c258b-71de-4eb0-a684-9bcd9fd337f0-SegmentedRaftLog:OPENED:c-1,f-1,i0, conf=-1: [d16e0798-67da-4590-ba10-4a737662f4be:192.168.5.158:38846, 22664a15-5b10-44b2-9690-7ea37b8a94ba:192.168.5.158:36003, 6f4c258b-71de-4eb0-a684-9bcd9fd337f0:192.168.5.158:32948], old=null
2019-07-30 21:28:24,678 INFO  impl.RaftServerImpl (RaftServerImpl.java:setRole(171)) - 6f4c258b-71de-4eb0-a684-9bcd9fd337f0:group-C5325A1A5C3D changes role from CANDIDATE to FOLLOWER at term 1 for DISCOVERED_A_NEW_TERM
2019-07-30 21:28:24,680 INFO  impl.RoleInfo (RoleInfo.java:shutdownLeaderElection(134)) - 6f4c258b-71de-4eb0-a684-9bcd9fd337f0: shutdown LeaderElection
2019-07-30 21:28:24,681 INFO  impl.RoleInfo (RoleInfo.java:updateAndGet(143)) - 6f4c258b-71de-4eb0-a684-9bcd9fd337f0: start FollowerState
2019-07-30 21:28:24,691 INFO  impl.LeaderElection (LeaderElection.java:logAndReturn(56)) - f2446bf1-ec3a-4e17-8981-4ac50a4360e8:group-80DEF0EF633B:LeaderElection10: Election PASSED; received 2 response(s) [f2446bf1-ec3a-4e17-8981-4ac50a4360e8<-30641217-001b-43ca-96c3-aa7aa467b580#0:OK-t1, f2446bf1-ec3a-4e17-8981-4ac50a4360e8<-c323af41-fdc3-4b48-bf99-1ba699a1270e#0:FAIL-t1] and 0 exception(s); f2446bf1-ec3a-4e17-8981-4ac50a4360e8:t1, leader=null, voted=f2446bf1-ec3a-4e17-8981-4ac50a4360e8, raftlog=f2446bf1-ec3a-4e17-8981-4ac50a4360e8-SegmentedRaftLog:OPENED:c-1,f-1,i0, conf=-1: [f2446bf1-ec3a-4e17-8981-4ac50a4360e8:192.168.5.158:39706, 30641217-001b-43ca-96c3-aa7aa467b580:192.168.5.158:39579, c323af41-fdc3-4b48-bf99-1ba699a1270e:192.168.5.158:41776], old=null
2019-07-30 21:28:24,692 INFO  impl.RoleInfo (RoleInfo.java:shutdownLeaderElection(134)) - f2446bf1-ec3a-4e17-8981-4ac50a4360e8: shutdown LeaderElection
2019-07-30 21:28:24,693 INFO  impl.RaftServerImpl (RaftServerImpl.java:setRole(171)) - f2446bf1-ec3a-4e17-8981-4ac50a4360e8:group-80DEF0EF633B changes role from CANDIDATE to LEADER at term 1 for changeToLeader
2019-07-30 21:28:24,694 INFO  impl.RaftServerImpl (ServerState.java:setLeader(263)) - f2446bf1-ec3a-4e17-8981-4ac50a4360e8:group-80DEF0EF633B change Leader from null to f2446bf1-ec3a-4e17-8981-4ac50a4360e8 at term 1 for becomeLeader, leader elected after 5087ms
2019-07-30 21:28:24,694 INFO  server.RaftServerConfigKeys (ConfUtils.java:logGet(43)) - raft.server.staging.catchup.gap = 1000 (default)
2019-07-30 21:28:24,694 INFO  server.RaftServerConfigKeys (ConfUtils.java:logGet(43)) - raft.server.rpc.sleep.time = 25ms (default)
2019-07-30 21:28:24,695 INFO  server.RaftServerConfigKeys (ConfUtils.java:logGet(43)) - raft.server.write.element-limit = 4096 (default)
2019-07-30 21:28:24,695 INFO  impl.LeaderElection (LeaderElection.java:logAndReturn(56)) - c323af41-fdc3-4b48-bf99-1ba699a1270e:group-80DEF0EF633B:LeaderElection11: Election REJECTED; received 2 response(s) [c323af41-fdc3-4b48-bf99-1ba699a1270e<-f2446bf1-ec3a-4e17-8981-4ac50a4360e8#0:FAIL-t1, c323af41-fdc3-4b48-bf99-1ba699a1270e<-30641217-001b-43ca-96c3-aa7aa467b580#0:FAIL-t1] and 0 exception(s); c323af41-fdc3-4b48-bf99-1ba699a1270e:t1, leader=null, voted=c323af41-fdc3-4b48-bf99-1ba699a1270e, raftlog=c323af41-fdc3-4b48-bf99-1ba699a1270e-SegmentedRaftLog:OPENED:c-1,f-1,i0, conf=-1: [f2446bf1-ec3a-4e17-8981-4ac50a4360e8:192.168.5.158:39706, 30641217-001b-43ca-96c3-aa7aa467b580:192.168.5.158:39579, c323af41-fdc3-4b48-bf99-1ba699a1270e:192.168.5.158:41776], old=null
2019-07-30 21:28:24,696 INFO  server.RaftServerConfigKeys (ConfUtils.java:logGet(43)) - raft.server.watch.timeout = 10s (default)
2019-07-30 21:28:24,696 INFO  impl.RaftServerImpl (RaftServerImpl.java:setRole(171)) - c323af41-fdc3-4b48-bf99-1ba699a1270e:group-80DEF0EF633B changes role from CANDIDATE to FOLLOWER at term 1 for DISCOVERED_A_NEW_TERM
2019-07-30 21:28:24,699 INFO  server.RaftServerConfigKeys (ConfUtils.java:logGet(43)) - raft.server.watch.timeout.denomination = 1s (default)
2019-07-30 21:28:24,699 INFO  impl.RoleInfo (RoleInfo.java:shutdownLeaderElection(134)) - c323af41-fdc3-4b48-bf99-1ba699a1270e: shutdown LeaderElection
2019-07-30 21:28:24,699 INFO  server.RaftServerConfigKeys (ConfUtils.java:logGet(43)) - raft.server.watch.element-limit = 65536 (default)
2019-07-30 21:28:24,700 INFO  impl.RoleInfo (RoleInfo.java:updateAndGet(143)) - c323af41-fdc3-4b48-bf99-1ba699a1270e: start FollowerState
2019-07-30 21:28:24,706 INFO  server.RaftServerConfigKeys (ConfUtils.java:logGet(43)) - raft.server.log.appender.snapshot.chunk.size.max = 16MB (=16777216) (default)
2019-07-30 21:28:24,707 INFO  server.RaftServerConfigKeys (ConfUtils.java:logGet(43)) - raft.server.log.appender.buffer.byte-limit = 33554432 (custom)
2019-07-30 21:28:24,707 INFO  server.RaftServerConfigKeys (ConfUtils.java:logGet(43)) - raft.server.log.appender.buffer.element-limit = 1 (custom)
2019-07-30 21:28:24,710 INFO  grpc.GrpcConfigKeys$Server (ConfUtils.java:logGet(43)) - raft.grpc.server.leader.outstanding.appends.max = 128 (default)
2019-07-30 21:28:24,711 INFO  server.RaftServerConfigKeys (ConfUtils.java:logGet(43)) - raft.server.rpc.request.timeout = 3000ms (default)
2019-07-30 21:28:24,711 INFO  server.RaftServerConfigKeys (ConfUtils.java:logGet(43)) - raft.server.log.appender.install.snapshot.enabled = false (custom)
2019-07-30 21:28:24,711 INFO  server.RaftServerConfigKeys (ConfUtils.java:logGet(43)) - raft.server.log.appender.snapshot.chunk.size.max = 16MB (=16777216) (default)
2019-07-30 21:28:24,711 INFO  server.RaftServerConfigKeys (ConfUtils.java:logGet(43)) - raft.server.log.appender.buffer.byte-limit = 33554432 (custom)
2019-07-30 21:28:24,712 INFO  server.RaftServerConfigKeys (ConfUtils.java:logGet(43)) - raft.server.log.appender.buffer.element-limit = 1 (custom)
2019-07-30 21:28:24,712 INFO  grpc.GrpcConfigKeys$Server (ConfUtils.java:logGet(43)) - raft.grpc.server.leader.outstanding.appends.max = 128 (default)
2019-07-30 21:28:24,712 INFO  server.RaftServerConfigKeys (ConfUtils.java:logGet(43)) - raft.server.rpc.request.timeout = 3000ms (default)
2019-07-30 21:28:24,712 INFO  server.RaftServerConfigKeys (ConfUtils.java:logGet(43)) - raft.server.log.appender.install.snapshot.enabled = false (custom)
2019-07-30 21:28:24,713 INFO  impl.RoleInfo (RoleInfo.java:updateAndGet(143)) - f2446bf1-ec3a-4e17-8981-4ac50a4360e8: start LeaderState
2019-07-30 21:28:24,713 INFO  segmented.SegmentedRaftLogWorker (SegmentedRaftLogWorker.java:startLogSegment(380)) - f2446bf1-ec3a-4e17-8981-4ac50a4360e8-SegmentedRaftLogWorker:Storage Directory /workdir/hadoop-ozone/integration-test/target/test-dir/MiniOzoneClusterImpl-8b77b147-9f33-4cd7-94fe-b73f00faa243/datanode-2/data/ratis/c84c3dd0-efd3-451f-bf1e-80def0ef633b: Starting segment from index:0
2019-07-30 21:28:24,714 INFO  impl.RaftServerImpl (ServerState.java:setRaftConf(361)) - f2446bf1-ec3a-4e17-8981-4ac50a4360e8:group-80DEF0EF633B set configuration 0: [f2446bf1-ec3a-4e17-8981-4ac50a4360e8:192.168.5.158:39706, 30641217-001b-43ca-96c3-aa7aa467b580:192.168.5.158:39579, c323af41-fdc3-4b48-bf99-1ba699a1270e:192.168.5.158:41776], old=null at 0
2019-07-30 21:28:24,742 INFO  segmented.SegmentedRaftLogWorker (SegmentedRaftLogWorker.java:execute(569)) - f2446bf1-ec3a-4e17-8981-4ac50a4360e8-SegmentedRaftLogWorker:Storage Directory /workdir/hadoop-ozone/integration-test/target/test-dir/MiniOzoneClusterImpl-8b77b147-9f33-4cd7-94fe-b73f00faa243/datanode-2/data/ratis/c84c3dd0-efd3-451f-bf1e-80def0ef633b: created new log segment /workdir/hadoop-ozone/integration-test/target/test-dir/MiniOzoneClusterImpl-8b77b147-9f33-4cd7-94fe-b73f00faa243/datanode-2/data/ratis/c84c3dd0-efd3-451f-bf1e-80def0ef633b/current/log_inprogress_0
2019-07-30 21:28:24,746 INFO  impl.RaftServerImpl (ServerState.java:setLeader(263)) - c323af41-fdc3-4b48-bf99-1ba699a1270e:group-80DEF0EF633B change Leader from null to f2446bf1-ec3a-4e17-8981-4ac50a4360e8 at term 1 for appendEntries, leader elected after 5139ms
2019-07-30 21:28:24,746 INFO  impl.RaftServerImpl (ServerState.java:setLeader(263)) - 30641217-001b-43ca-96c3-aa7aa467b580:group-80DEF0EF633B change Leader from null to f2446bf1-ec3a-4e17-8981-4ac50a4360e8 at term 1 for appendEntries, leader elected after 5138ms
2019-07-30 21:28:24,781 INFO  impl.RaftServerImpl (ServerState.java:setRaftConf(361)) - 30641217-001b-43ca-96c3-aa7aa467b580:group-80DEF0EF633B set configuration 0: [f2446bf1-ec3a-4e17-8981-4ac50a4360e8:192.168.5.158:39706, 30641217-001b-43ca-96c3-aa7aa467b580:192.168.5.158:39579, c323af41-fdc3-4b48-bf99-1ba699a1270e:192.168.5.158:41776], old=null at 0
2019-07-30 21:28:24,781 INFO  impl.RaftServerImpl (ServerState.java:setRaftConf(361)) - c323af41-fdc3-4b48-bf99-1ba699a1270e:group-80DEF0EF633B set configuration 0: [f2446bf1-ec3a-4e17-8981-4ac50a4360e8:192.168.5.158:39706, 30641217-001b-43ca-96c3-aa7aa467b580:192.168.5.158:39579, c323af41-fdc3-4b48-bf99-1ba699a1270e:192.168.5.158:41776], old=null at 0
2019-07-30 21:28:24,782 INFO  segmented.SegmentedRaftLogWorker (SegmentedRaftLogWorker.java:startLogSegment(380)) - 30641217-001b-43ca-96c3-aa7aa467b580-SegmentedRaftLogWorker:Storage Directory /workdir/hadoop-ozone/integration-test/target/test-dir/MiniOzoneClusterImpl-8b77b147-9f33-4cd7-94fe-b73f00faa243/datanode-0/data/ratis/c84c3dd0-efd3-451f-bf1e-80def0ef633b: Starting segment from index:0
2019-07-30 21:28:24,782 INFO  segmented.SegmentedRaftLogWorker (SegmentedRaftLogWorker.java:startLogSegment(380)) - c323af41-fdc3-4b48-bf99-1ba699a1270e-SegmentedRaftLogWorker:Storage Directory /workdir/hadoop-ozone/integration-test/target/test-dir/MiniOzoneClusterImpl-8b77b147-9f33-4cd7-94fe-b73f00faa243/datanode-3/data/ratis/c84c3dd0-efd3-451f-bf1e-80def0ef633b: Starting segment from index:0
2019-07-30 21:28:24,828 INFO  segmented.SegmentedRaftLogWorker (SegmentedRaftLogWorker.java:execute(569)) - c323af41-fdc3-4b48-bf99-1ba699a1270e-SegmentedRaftLogWorker:Storage Directory /workdir/hadoop-ozone/integration-test/target/test-dir/MiniOzoneClusterImpl-8b77b147-9f33-4cd7-94fe-b73f00faa243/datanode-3/data/ratis/c84c3dd0-efd3-451f-bf1e-80def0ef633b: created new log segment /workdir/hadoop-ozone/integration-test/target/test-dir/MiniOzoneClusterImpl-8b77b147-9f33-4cd7-94fe-b73f00faa243/datanode-3/data/ratis/c84c3dd0-efd3-451f-bf1e-80def0ef633b/current/log_inprogress_0
2019-07-30 21:28:24,828 INFO  segmented.SegmentedRaftLogWorker (SegmentedRaftLogWorker.java:execute(569)) - 30641217-001b-43ca-96c3-aa7aa467b580-SegmentedRaftLogWorker:Storage Directory /workdir/hadoop-ozone/integration-test/target/test-dir/MiniOzoneClusterImpl-8b77b147-9f33-4cd7-94fe-b73f00faa243/datanode-0/data/ratis/c84c3dd0-efd3-451f-bf1e-80def0ef633b: created new log segment /workdir/hadoop-ozone/integration-test/target/test-dir/MiniOzoneClusterImpl-8b77b147-9f33-4cd7-94fe-b73f00faa243/datanode-0/data/ratis/c84c3dd0-efd3-451f-bf1e-80def0ef633b/current/log_inprogress_0
2019-07-30 21:28:25,049 INFO  client.GrpcClientProtocolClient (GrpcClientProtocolClient.java:onNext(255)) - client-8953A3B89F9D->c323af41-fdc3-4b48-bf99-1ba699a1270e: receive RaftClientReply:client-8953A3B89F9D->c323af41-fdc3-4b48-bf99-1ba699a1270e@group-80DEF0EF633B, cid=12, FAILED org.apache.ratis.protocol.NotLeaderException: Server c323af41-fdc3-4b48-bf99-1ba699a1270e is not the leader (f2446bf1-ec3a-4e17-8981-4ac50a4360e8:192.168.5.158:39706). Request must be sent to leader., logIndex=0, commits[c323af41-fdc3-4b48-bf99-1ba699a1270e:c0, f2446bf1-ec3a-4e17-8981-4ac50a4360e8:c0, 30641217-001b-43ca-96c3-aa7aa467b580:c-1]
2019-07-30 21:28:25,073 WARN  io.KeyOutputStream (KeyOutputStream.java:handleException(276)) - Encountered exception java.io.IOException: Unexpected Storage Container Exception: java.util.concurrent.CompletionException: java.util.concurrent.CompletionException: org.apache.ratis.protocol.RaftRetryFailureException: Failed RaftClientRequest:client-8953A3B89F9D->c323af41-fdc3-4b48-bf99-1ba699a1270e@group-80DEF0EF633B, cid=12, seq=1*, RW, org.apache.hadoop.hdds.scm.XceiverClientRatis$$Lambda$314/1472633143@10a4f2fb for 5 attempts with RetryLimited(maxAttempts=5, sleepTime=1000ms) on the pipeline Pipeline[ Id: c84c3dd0-efd3-451f-bf1e-80def0ef633b, Nodes: f2446bf1-ec3a-4e17-8981-4ac50a4360e8{ip: 192.168.5.158, host: byscane-nightly-xpwgl-1692789119, networkLocation: /default-rack, certSerialId: null}c323af41-fdc3-4b48-bf99-1ba699a1270e{ip: 192.168.5.158, host: byscane-nightly-xpwgl-1692789119, networkLocation: /default-rack, certSerialId: null}30641217-001b-43ca-96c3-aa7aa467b580{ip: 192.168.5.158, host: byscane-nightly-xpwgl-1692789119, networkLocation: /default-rack, certSerialId: null}, Type:RATIS, Factor:THREE, State:OPEN]. The last committed block length is 0, uncommitted data length is 2097152 retry count 0
2019-07-30 21:28:25,137 INFO  client.GrpcClientProtocolClient (GrpcClientProtocolClient.java:onNext(255)) - client-ABD6B43CB91C->22664a15-5b10-44b2-9690-7ea37b8a94ba: receive RaftClientReply:client-ABD6B43CB91C->22664a15-5b10-44b2-9690-7ea37b8a94ba@group-C5325A1A5C3D, cid=16, FAILED org.apache.ratis.protocol.NotLeaderException: Server 22664a15-5b10-44b2-9690-7ea37b8a94ba is not the leader (null). Request must be sent to leader., logIndex=0, commits[22664a15-5b10-44b2-9690-7ea37b8a94ba:c-1]
2019-07-30 21:28:26,174 INFO  client.GrpcClientProtocolClient (GrpcClientProtocolClient.java:onNext(255)) - client-ABD6B43CB91C->d16e0798-67da-4590-ba10-4a737662f4be: receive RaftClientReply:client-ABD6B43CB91C->d16e0798-67da-4590-ba10-4a737662f4be@group-C5325A1A5C3D, cid=16, FAILED org.apache.ratis.protocol.NotLeaderException: Server d16e0798-67da-4590-ba10-4a737662f4be is not the leader (null). Request must be sent to leader., logIndex=0, commits[d16e0798-67da-4590-ba10-4a737662f4be:c-1]
2019-07-30 21:28:27,214 INFO  client.GrpcClientProtocolClient (GrpcClientProtocolClient.java:onNext(255)) - client-ABD6B43CB91C->22664a15-5b10-44b2-9690-7ea37b8a94ba: receive RaftClientReply:client-ABD6B43CB91C->22664a15-5b10-44b2-9690-7ea37b8a94ba@group-C5325A1A5C3D, cid=16, FAILED org.apache.ratis.protocol.NotLeaderException: Server 22664a15-5b10-44b2-9690-7ea37b8a94ba is not the leader (null). Request must be sent to leader., logIndex=0, commits[22664a15-5b10-44b2-9690-7ea37b8a94ba:c-1]
2019-07-30 21:28:28,252 INFO  client.GrpcClientProtocolClient (GrpcClientProtocolClient.java:onNext(255)) - client-ABD6B43CB91C->d16e0798-67da-4590-ba10-4a737662f4be: receive RaftClientReply:client-ABD6B43CB91C->d16e0798-67da-4590-ba10-4a737662f4be@group-C5325A1A5C3D, cid=16, FAILED org.apache.ratis.protocol.NotLeaderException: Server d16e0798-67da-4590-ba10-4a737662f4be is not the leader (null). Request must be sent to leader., logIndex=0, commits[d16e0798-67da-4590-ba10-4a737662f4be:c-1]
2019-07-30 21:28:29,286 INFO  client.GrpcClientProtocolClient (GrpcClientProtocolClient.java:onNext(255)) - client-ABD6B43CB91C->6f4c258b-71de-4eb0-a684-9bcd9fd337f0: receive RaftClientReply:client-ABD6B43CB91C->6f4c258b-71de-4eb0-a684-9bcd9fd337f0@group-C5325A1A5C3D, cid=16, FAILED org.apache.ratis.protocol.NotLeaderException: Server 6f4c258b-71de-4eb0-a684-9bcd9fd337f0 is not the leader (null). Request must be sent to leader., logIndex=0, commits[6f4c258b-71de-4eb0-a684-9bcd9fd337f0:c-1]
2019-07-30 21:28:29,297 WARN  io.KeyOutputStream (KeyOutputStream.java:handleException(276)) - Encountered exception java.io.IOException: Unexpected Storage Container Exception: java.util.concurrent.CompletionException: java.util.concurrent.CompletionException: org.apache.ratis.protocol.RaftRetryFailureException: Failed RaftClientRequest:client-ABD6B43CB91C->6f4c258b-71de-4eb0-a684-9bcd9fd337f0@group-C5325A1A5C3D, cid=16, seq=1*, RW, org.apache.hadoop.hdds.scm.XceiverClientRatis$$Lambda$314/1472633143@71aefdf7 for 5 attempts with RetryLimited(maxAttempts=5, sleepTime=1000ms) on the pipeline Pipeline[ Id: 211664d2-c0f9-415a-93d0-c5325a1a5c3d, Nodes: 22664a15-5b10-44b2-9690-7ea37b8a94ba{ip: 192.168.5.158, host: byscane-nightly-xpwgl-1692789119, networkLocation: /default-rack, certSerialId: null}6f4c258b-71de-4eb0-a684-9bcd9fd337f0{ip: 192.168.5.158, host: byscane-nightly-xpwgl-1692789119, networkLocation: /default-rack, certSerialId: null}d16e0798-67da-4590-ba10-4a737662f4be{ip: 192.168.5.158, host: byscane-nightly-xpwgl-1692789119, networkLocation: /default-rack, certSerialId: null}, Type:RATIS, Factor:THREE, State:OPEN]. The last committed block length is 0, uncommitted data length is 2097152 retry count 1
2019-07-30 21:28:29,314 WARN  block.BlockManagerImpl (BlockManagerImpl.java:allocateBlock(192)) - Pipeline creation failed for type:RATIS factor:THREE. Retrying get pipelines call once.
org.apache.hadoop.hdds.scm.pipeline.InsufficientDatanodesException: Cannot create pipeline of factor 3 using 0 nodes.
	at org.apache.hadoop.hdds.scm.pipeline.RatisPipelineProvider.create(RatisPipelineProvider.java:151)
	at org.apache.hadoop.hdds.scm.pipeline.PipelineFactory.create(PipelineFactory.java:57)
	at org.apache.hadoop.hdds.scm.pipeline.SCMPipelineManager.createPipeline(SCMPipelineManager.java:149)
	at org.apache.hadoop.hdds.scm.block.BlockManagerImpl.allocateBlock(BlockManagerImpl.java:190)
	at org.apache.hadoop.hdds.scm.server.SCMBlockProtocolServer.allocateBlock(SCMBlockProtocolServer.java:175)
	at org.apache.hadoop.ozone.protocolPB.ScmBlockLocationProtocolServerSideTranslatorPB.allocateScmBlock(ScmBlockLocationProtocolServerSideTranslatorPB.java:153)
	at org.apache.hadoop.ozone.protocolPB.ScmBlockLocationProtocolServerSideTranslatorPB.send(ScmBlockLocationProtocolServerSideTranslatorPB.java:112)
	at org.apache.hadoop.hdds.protocol.proto.ScmBlockLocationProtocolProtos$ScmBlockLocationProtocolService$2.callBlockingMethod(ScmBlockLocationProtocolProtos.java:13157)
	at org.apache.hadoop.ipc.ProtobufRpcEngine$Server$ProtoBufRpcInvoker.call(ProtobufRpcEngine.java:524)
	at org.apache.hadoop.ipc.RPC$Server.call(RPC.java:1025)
	at org.apache.hadoop.ipc.Server$RpcCall.run(Server.java:876)
	at org.apache.hadoop.ipc.Server$RpcCall.run(Server.java:822)
	at java.security.AccessController.doPrivileged(Native Method)
	at javax.security.auth.Subject.doAs(Subject.java:422)
	at org.apache.hadoop.security.UserGroupInformation.doAs(UserGroupInformation.java:1730)
	at org.apache.hadoop.ipc.Server$Handler.run(Server.java:2682)
2019-07-30 21:28:29,319 INFO  block.BlockManagerImpl (BlockManagerImpl.java:allocateBlock(198)) - Could not find available pipeline of type:RATIS and factor:THREE even after retrying
2019-07-30 21:28:29,319 ERROR block.BlockManagerImpl (BlockManagerImpl.java:allocateBlock(222)) - Unable to allocate a block for the size: 4194304, type: RATIS, factor: THREE
21:28:29.324 [IPC Server handler 8 on 46003] ERROR OMAudit - user=jenkins1000 | ip=127.0.0.1 | op=ALLOCATE_BLOCK {volume=datanodefailurehandlingtest, bucket=datanodefailurehandlingtest, key=ratis3, dataSize=0, replicationType=null, replicationFactor=null, keyLocationInfo=null, clientID=102532520382562304} | ret=FAILURE
org.apache.hadoop.hdds.scm.exceptions.SCMException: Allocated 0 blocks. Requested 1 blocks
	at org.apache.hadoop.hdds.scm.protocolPB.ScmBlockLocationProtocolClientSideTranslatorPB.handleError(ScmBlockLocationProtocolClientSideTranslatorPB.java:118) ~[hadoop-hdds-common-0.4.1-SNAPSHOT.jar:?]
	at org.apache.hadoop.hdds.scm.protocolPB.ScmBlockLocationProtocolClientSideTranslatorPB.allocateBlock(ScmBlockLocationProtocolClientSideTranslatorPB.java:156) ~[hadoop-hdds-common-0.4.1-SNAPSHOT.jar:?]
	at sun.reflect.NativeMethodAccessorImpl.invoke0(Native Method) ~[?:1.8.0_212]
	at sun.reflect.NativeMethodAccessorImpl.invoke(NativeMethodAccessorImpl.java:62) ~[?:1.8.0_212]
	at sun.reflect.DelegatingMethodAccessorImpl.invoke(DelegatingMethodAccessorImpl.java:43) ~[?:1.8.0_212]
	at java.lang.reflect.Method.invoke(Method.java:498) ~[?:1.8.0_212]
	at org.apache.hadoop.hdds.tracing.TraceAllMethod.invoke(TraceAllMethod.java:66) ~[hadoop-hdds-common-0.4.1-SNAPSHOT.jar:?]
	at com.sun.proxy.$Proxy25.allocateBlock(Unknown Source) ~[?:?]
	at org.apache.hadoop.ozone.om.KeyManagerImpl.allocateBlock(KeyManagerImpl.java:333) ~[hadoop-ozone-ozone-manager-0.4.1-SNAPSHOT.jar:?]
	at org.apache.hadoop.ozone.om.KeyManagerImpl.allocateBlock(KeyManagerImpl.java:304) ~[hadoop-ozone-ozone-manager-0.4.1-SNAPSHOT.jar:?]
	at org.apache.hadoop.ozone.om.OzoneManager.allocateBlock(OzoneManager.java:2291) [hadoop-ozone-ozone-manager-0.4.1-SNAPSHOT.jar:?]
	at org.apache.hadoop.ozone.protocolPB.OzoneManagerRequestHandler.allocateBlock(OzoneManagerRequestHandler.java:717) [hadoop-ozone-ozone-manager-0.4.1-SNAPSHOT.jar:?]
	at org.apache.hadoop.ozone.protocolPB.OzoneManagerRequestHandler.handle(OzoneManagerRequestHandler.java:240) [hadoop-ozone-ozone-manager-0.4.1-SNAPSHOT.jar:?]
	at org.apache.hadoop.ozone.protocolPB.OzoneManagerProtocolServerSideTranslatorPB.submitRequestDirectlyToOM(OzoneManagerProtocolServerSideTranslatorPB.java:192) [hadoop-ozone-ozone-manager-0.4.1-SNAPSHOT.jar:?]
	at org.apache.hadoop.ozone.protocolPB.OzoneManagerProtocolServerSideTranslatorPB.submitRequest(OzoneManagerProtocolServerSideTranslatorPB.java:110) [hadoop-ozone-ozone-manager-0.4.1-SNAPSHOT.jar:?]
	at org.apache.hadoop.ozone.protocol.proto.OzoneManagerProtocolProtos$OzoneManagerService$2.callBlockingMethod(OzoneManagerProtocolProtos.java) [hadoop-ozone-common-0.4.1-SNAPSHOT.jar:?]
	at org.apache.hadoop.ipc.ProtobufRpcEngine$Server$ProtoBufRpcInvoker.call(ProtobufRpcEngine.java:524) [hadoop-common-3.2.0.jar:?]
	at org.apache.hadoop.ipc.RPC$Server.call(RPC.java:1025) [hadoop-common-3.2.0.jar:?]
	at org.apache.hadoop.ipc.Server$RpcCall.run(Server.java:876) [hadoop-common-3.2.0.jar:?]
	at org.apache.hadoop.ipc.Server$RpcCall.run(Server.java:822) [hadoop-common-3.2.0.jar:?]
	at java.security.AccessController.doPrivileged(Native Method) [?:1.8.0_212]
	at javax.security.auth.Subject.doAs(Subject.java:422) [?:1.8.0_212]
	at org.apache.hadoop.security.UserGroupInformation.doAs(UserGroupInformation.java:1730) [hadoop-common-3.2.0.jar:?]
	at org.apache.hadoop.ipc.Server$Handler.run(Server.java:2682) [hadoop-common-3.2.0.jar:?]
2019-07-30 21:28:29,342 ERROR io.BlockOutputStreamEntryPool (BlockOutputStreamEntryPool.java:allocateBlockIfNeeded(299)) - Try to allocate more blocks for write failed, already allocated 0 blocks for this write.
INTERNAL_ERROR org.apache.hadoop.ozone.om.exceptions.OMException: Allocated 0 blocks. Requested 1 blocks
	at org.apache.hadoop.ozone.om.protocolPB.OzoneManagerProtocolClientSideTranslatorPB.handleError(OzoneManagerProtocolClientSideTranslatorPB.java:720)
	at org.apache.hadoop.ozone.om.protocolPB.OzoneManagerProtocolClientSideTranslatorPB.allocateBlock(OzoneManagerProtocolClientSideTranslatorPB.java:752)
	at org.apache.hadoop.ozone.client.io.BlockOutputStreamEntryPool.allocateNewBlock(BlockOutputStreamEntryPool.java:248)
	at org.apache.hadoop.ozone.client.io.BlockOutputStreamEntryPool.allocateBlockIfNeeded(BlockOutputStreamEntryPool.java:296)
	at org.apache.hadoop.ozone.client.io.KeyOutputStream.handleWrite(KeyOutputStream.java:201)
	at org.apache.hadoop.ozone.client.io.KeyOutputStream.handleRetry(KeyOutputStream.java:376)
	at org.apache.hadoop.ozone.client.io.KeyOutputStream.handleException(KeyOutputStream.java:325)
	at org.apache.hadoop.ozone.client.io.KeyOutputStream.handleWrite(KeyOutputStream.java:231)
	at org.apache.hadoop.ozone.client.io.KeyOutputStream.handleRetry(KeyOutputStream.java:376)
	at org.apache.hadoop.ozone.client.io.KeyOutputStream.handleException(KeyOutputStream.java:325)
	at org.apache.hadoop.ozone.client.io.KeyOutputStream.handleWrite(KeyOutputStream.java:231)
	at org.apache.hadoop.ozone.client.io.KeyOutputStream.write(KeyOutputStream.java:193)
	at org.apache.hadoop.ozone.client.io.OzoneOutputStream.write(OzoneOutputStream.java:49)
	at java.io.OutputStream.write(OutputStream.java:75)
	at org.apache.hadoop.ozone.client.rpc.TestMultiBlockWritesWithDnFailures.testMultiBlockWritesWithDnFailures(TestMultiBlockWritesWithDnFailures.java:122)
	at sun.reflect.NativeMethodAccessorImpl.invoke0(Native Method)
	at sun.reflect.NativeMethodAccessorImpl.invoke(NativeMethodAccessorImpl.java:62)
	at sun.reflect.DelegatingMethodAccessorImpl.invoke(DelegatingMethodAccessorImpl.java:43)
	at java.lang.reflect.Method.invoke(Method.java:498)
	at org.junit.runners.model.FrameworkMethod$1.runReflectiveCall(FrameworkMethod.java:47)
	at org.junit.internal.runners.model.ReflectiveCallable.run(ReflectiveCallable.java:12)
	at org.junit.runners.model.FrameworkMethod.invokeExplosively(FrameworkMethod.java:44)
	at org.junit.internal.runners.statements.InvokeMethod.evaluate(InvokeMethod.java:17)
	at org.junit.runners.ParentRunner.runLeaf(ParentRunner.java:271)
	at org.junit.runners.BlockJUnit4ClassRunner.runChild(BlockJUnit4ClassRunner.java:70)
	at org.junit.runners.BlockJUnit4ClassRunner.runChild(BlockJUnit4ClassRunner.java:50)
	at org.junit.runners.ParentRunner$3.run(ParentRunner.java:238)
	at org.junit.runners.ParentRunner$1.schedule(ParentRunner.java:63)
	at org.junit.runners.ParentRunner.runChildren(ParentRunner.java:236)
	at org.junit.runners.ParentRunner.access$000(ParentRunner.java:53)
	at org.junit.runners.ParentRunner$2.evaluate(ParentRunner.java:229)
	at org.junit.runners.ParentRunner.run(ParentRunner.java:309)
	at org.apache.maven.surefire.junit4.JUnit4Provider.execute(JUnit4Provider.java:365)
	at org.apache.maven.surefire.junit4.JUnit4Provider.executeWithRerun(JUnit4Provider.java:273)
	at org.apache.maven.surefire.junit4.JUnit4Provider.executeTestSet(JUnit4Provider.java:238)
	at org.apache.maven.surefire.junit4.JUnit4Provider.invoke(JUnit4Provider.java:159)
	at org.apache.maven.surefire.booter.ForkedBooter.invokeProviderInSameClassLoader(ForkedBooter.java:384)
	at org.apache.maven.surefire.booter.ForkedBooter.runSuitesInProcess(ForkedBooter.java:345)
	at org.apache.maven.surefire.booter.ForkedBooter.execute(ForkedBooter.java:126)
	at org.apache.maven.surefire.booter.ForkedBooter.main(ForkedBooter.java:418)
]]></system-out>
    <system-err><![CDATA[ERROR StatusLogger No Log4j 2 configuration file found. Using default configuration (logging only errors to the console), or user programmatically provided configurations. Set system property 'log4j2.debug' to show Log4j 2 internal initialization logging. See https://logging.apache.org/log4j/2.x/manual/configuration.html for instructions on how to configure Log4j 2
Jul 30, 2019 9:28:12 PM com.sun.jersey.server.impl.application.WebApplicationImpl _initiate
INFO: Initiating Jersey application, version 'Jersey: 1.19 02/11/2015 03:25 AM'
Jul 30, 2019 9:28:13 PM com.sun.jersey.server.impl.application.WebApplicationImpl _initiate
INFO: Initiating Jersey application, version 'Jersey: 1.19 02/11/2015 03:25 AM'
Jul 30, 2019 9:28:14 PM com.sun.jersey.server.impl.application.WebApplicationImpl _initiate
INFO: Initiating Jersey application, version 'Jersey: 1.19 02/11/2015 03:25 AM'
Jul 30, 2019 9:28:14 PM com.sun.jersey.server.impl.application.WebApplicationImpl _initiate
INFO: Initiating Jersey application, version 'Jersey: 1.19 02/11/2015 03:25 AM'
Jul 30, 2019 9:28:14 PM com.sun.jersey.server.impl.application.WebApplicationImpl _initiate
INFO: Initiating Jersey application, version 'Jersey: 1.19 02/11/2015 03:25 AM'
Jul 30, 2019 9:28:14 PM com.sun.jersey.server.impl.application.WebApplicationImpl _initiate
INFO: Initiating Jersey application, version 'Jersey: 1.19 02/11/2015 03:25 AM'
]]></system-err>
  </testcase>
</testsuite>