<?xml version="1.0" encoding="UTF-8"?>
<testsuite xmlns:xsi="http://www.w3.org/2001/XMLSchema-instance" xsi:noNamespaceSchemaLocation="https://maven.apache.org/surefire/maven-surefire-plugin/xsd/surefire-test-report.xsd" name="org.apache.hadoop.ozone.client.rpc.TestCommitWatcher" time="52.734" tests="2" errors="0" skipped="0" failures="1">
  <properties>
    <property name="awt.toolkit" value="sun.awt.X11.XToolkit"/>
    <property name="file.encoding.pkg" value="sun.io"/>
    <property name="java.specification.version" value="1.8"/>
    <property name="sun.cpu.isalist" value=""/>
    <property name="sun.jnu.encoding" value="UTF-8"/>
    <property name="java.class.path" value="/workdir/hadoop-ozone/integration-test/target/test-classes:/workdir/hadoop-ozone/integration-test/target/classes:/home/user/.m2/repository/org/apache/hadoop/hadoop-ozone-common/0.5.0-SNAPSHOT/hadoop-ozone-common-0.5.0-SNAPSHOT.jar:/home/user/.m2/repository/org/apache/commons/commons-compress/1.4.1/commons-compress-1.4.1.jar:/home/user/.m2/repository/org/tukaani/xz/1.0/xz-1.0.jar:/home/user/.m2/repository/org/apache/hadoop/hadoop-common/3.2.0/hadoop-common-3.2.0.jar:/home/user/.m2/repository/org/apache/hadoop/hadoop-hdfs/3.2.0/hadoop-hdfs-3.2.0.jar:/home/user/.m2/repository/org/apache/hadoop/hadoop-hdfs-client/3.2.0/hadoop-hdfs-client-3.2.0.jar:/home/user/.m2/repository/com/fasterxml/jackson/core/jackson-annotations/2.9.5/jackson-annotations-2.9.5.jar:/home/user/.m2/repository/org/apache/hadoop/hadoop-hdds-common/0.5.0-SNAPSHOT/hadoop-hdds-common-0.5.0-SNAPSHOT.jar:/home/user/.m2/repository/javax/annotation/javax.annotation-api/1.2/javax.annotation-api-1.2.jar:/home/user/.m2/repository/org/apache/ratis/ratis-server/0.4.0-2337318-SNAPSHOT/ratis-server-0.4.0-2337318-SNAPSHOT.jar:/home/user/.m2/repository/org/apache/ratis/ratis-thirdparty-misc/0.2.0/ratis-thirdparty-misc-0.2.0.jar:/home/user/.m2/repository/org/apache/ratis/ratis-proto/0.4.0-2337318-SNAPSHOT/ratis-proto-0.4.0-2337318-SNAPSHOT.jar:/home/user/.m2/repository/org/apache/ratis/ratis-common/0.4.0-2337318-SNAPSHOT/ratis-common-0.4.0-2337318-SNAPSHOT.jar:/home/user/.m2/repository/org/apache/ratis/ratis-client/0.4.0-2337318-SNAPSHOT/ratis-client-0.4.0-2337318-SNAPSHOT.jar:/home/user/.m2/repository/org/apache/ratis/ratis-metrics/0.4.0-2337318-SNAPSHOT/ratis-metrics-0.4.0-2337318-SNAPSHOT.jar:/home/user/.m2/repository/org/apache/ratis/ratis-netty/0.4.0-2337318-SNAPSHOT/ratis-netty-0.4.0-2337318-SNAPSHOT.jar:/home/user/.m2/repository/org/apache/ratis/ratis-grpc/0.4.0-2337318-SNAPSHOT/ratis-grpc-0.4.0-2337318-SNAPSHOT.jar:/home/user/.m2/repository/org/rocksdb/rocksdbjni/6.0.1/rocksdbjni-6.0.1.jar:/home/user/.m2/repository/org/apache/logging/log4j/log4j-api/2.11.0/log4j-api-2.11.0.jar:/home/user/.m2/repository/org/apache/logging/log4j/log4j-core/2.11.0/log4j-core-2.11.0.jar:/home/user/.m2/repository/com/lmax/disruptor/3.4.2/disruptor-3.4.2.jar:/home/user/.m2/repository/org/apache/commons/commons-pool2/2.6.0/commons-pool2-2.6.0.jar:/home/user/.m2/repository/org/bouncycastle/bcpkix-jdk15on/1.60/bcpkix-jdk15on-1.60.jar:/home/user/.m2/repository/commons-validator/commons-validator/1.6/commons-validator-1.6.jar:/home/user/.m2/repository/commons-digester/commons-digester/1.8.1/commons-digester-1.8.1.jar:/home/user/.m2/repository/io/jaegertracing/jaeger-client/0.33.1/jaeger-client-0.33.1.jar:/home/user/.m2/repository/io/jaegertracing/jaeger-thrift/0.33.1/jaeger-thrift-0.33.1.jar:/home/user/.m2/repository/org/apache/thrift/libthrift/0.11.0/libthrift-0.11.0.jar:/home/user/.m2/repository/com/squareup/okhttp3/okhttp/3.9.0/okhttp-3.9.0.jar:/home/user/.m2/repository/com/squareup/okio/okio/1.13.0/okio-1.13.0.jar:/home/user/.m2/repository/io/jaegertracing/jaeger-core/0.33.1/jaeger-core-0.33.1.jar:/home/user/.m2/repository/io/jaegertracing/jaeger-tracerresolver/0.33.1/jaeger-tracerresolver-0.33.1.jar:/home/user/.m2/repository/io/opentracing/contrib/opentracing-tracerresolver/0.1.5/opentracing-tracerresolver-0.1.5.jar:/home/user/.m2/repository/io/opentracing/opentracing-util/0.31.0/opentracing-util-0.31.0.jar:/home/user/.m2/repository/io/opentracing/opentracing-api/0.31.0/opentracing-api-0.31.0.jar:/home/user/.m2/repository/io/opentracing/opentracing-noop/0.31.0/opentracing-noop-0.31.0.jar:/home/user/.m2/repository/org/apache/hadoop/hadoop-hdds-server-framework/0.5.0-SNAPSHOT/hadoop-hdds-server-framework-0.5.0-SNAPSHOT.jar:/home/user/.m2/repository/org/apache/hadoop/hadoop-hdds-container-service/0.5.0-SNAPSHOT/hadoop-hdds-container-service-0.5.0-SNAPSHOT.jar:/home/user/.m2/repository/org/apache/hadoop/hadoop-hdds-client/0.5.0-SNAPSHOT/hadoop-hdds-client-0.5.0-SNAPSHOT.jar:/home/user/.m2/repository/org/apache/hadoop/hadoop-hdds-tools/0.5.0-SNAPSHOT/hadoop-hdds-tools-0.5.0-SNAPSHOT.jar:/home/user/.m2/repository/org/apache/hadoop/hadoop-hdds-server-scm/0.5.0-SNAPSHOT/hadoop-hdds-server-scm-0.5.0-SNAPSHOT.jar:/home/user/.m2/repository/org/apache/hadoop/hadoop-hdds-docs/0.5.0-SNAPSHOT/hadoop-hdds-docs-0.5.0-SNAPSHOT.jar:/home/user/.m2/repository/io/dropwizard/metrics/metrics-core/3.2.4/metrics-core-3.2.4.jar:/home/user/.m2/repository/org/hamcrest/hamcrest-all/1.3/hamcrest-all-1.3.jar:/home/user/.m2/repository/org/bouncycastle/bcprov-jdk15on/1.60/bcprov-jdk15on-1.60.jar:/home/user/.m2/repository/info/picocli/picocli/3.9.6/picocli-3.9.6.jar:/home/user/.m2/repository/com/google/protobuf/protobuf-java/2.5.0/protobuf-java-2.5.0.jar:/home/user/.m2/repository/com/google/guava/guava/11.0.2/guava-11.0.2.jar:/home/user/.m2/repository/org/apache/hadoop/hadoop-ozone-ozone-manager/0.5.0-SNAPSHOT/hadoop-ozone-ozone-manager-0.5.0-SNAPSHOT.jar:/home/user/.m2/repository/org/apache/hadoop/hadoop-minikdc/3.2.0/hadoop-minikdc-3.2.0.jar:/home/user/.m2/repository/commons-io/commons-io/2.5/commons-io-2.5.jar:/home/user/.m2/repository/org/apache/kerby/kerb-simplekdc/1.0.1/kerb-simplekdc-1.0.1.jar:/home/user/.m2/repository/org/apache/kerby/kerb-client/1.0.1/kerb-client-1.0.1.jar:/home/user/.m2/repository/org/apache/kerby/kerby-config/1.0.1/kerby-config-1.0.1.jar:/home/user/.m2/repository/org/apache/kerby/kerb-core/1.0.1/kerb-core-1.0.1.jar:/home/user/.m2/repository/org/apache/kerby/kerby-pkix/1.0.1/kerby-pkix-1.0.1.jar:/home/user/.m2/repository/org/apache/kerby/kerby-asn1/1.0.1/kerby-asn1-1.0.1.jar:/home/user/.m2/repository/org/apache/kerby/kerby-util/1.0.1/kerby-util-1.0.1.jar:/home/user/.m2/repository/org/apache/kerby/kerb-common/1.0.1/kerb-common-1.0.1.jar:/home/user/.m2/repository/org/apache/kerby/kerb-crypto/1.0.1/kerb-crypto-1.0.1.jar:/home/user/.m2/repository/org/apache/kerby/kerb-util/1.0.1/kerb-util-1.0.1.jar:/home/user/.m2/repository/org/apache/kerby/token-provider/1.0.1/token-provider-1.0.1.jar:/home/user/.m2/repository/org/apache/kerby/kerb-admin/1.0.1/kerb-admin-1.0.1.jar:/home/user/.m2/repository/org/apache/kerby/kerb-server/1.0.1/kerb-server-1.0.1.jar:/home/user/.m2/repository/org/apache/kerby/kerb-identity/1.0.1/kerb-identity-1.0.1.jar:/home/user/.m2/repository/org/apache/kerby/kerby-xdr/1.0.1/kerby-xdr-1.0.1.jar:/home/user/.m2/repository/org/slf4j/slf4j-log4j12/1.7.25/slf4j-log4j12-1.7.25.jar:/home/user/.m2/repository/org/apache/hadoop/hadoop-ozone-objectstore-service/0.5.0-SNAPSHOT/hadoop-ozone-objectstore-service-0.5.0-SNAPSHOT.jar:/home/user/.m2/repository/org/apache/hadoop/hadoop-ozone-s3gateway/0.5.0-SNAPSHOT/hadoop-ozone-s3gateway-0.5.0-SNAPSHOT.jar:/home/user/.m2/repository/org/jboss/weld/servlet/weld-servlet/2.4.7.Final/weld-servlet-2.4.7.Final.jar:/home/user/.m2/repository/org/glassfish/jersey/containers/jersey-container-servlet-core/2.27/jersey-container-servlet-core-2.27.jar:/home/user/.m2/repository/org/glassfish/hk2/external/javax.inject/2.5.0-b42/javax.inject-2.5.0-b42.jar:/home/user/.m2/repository/org/glassfish/jersey/core/jersey-common/2.27/jersey-common-2.27.jar:/home/user/.m2/repository/org/glassfish/hk2/osgi-resource-locator/1.0.1/osgi-resource-locator-1.0.1.jar:/home/user/.m2/repository/javax/ws/rs/javax.ws.rs-api/2.1/javax.ws.rs-api-2.1.jar:/home/user/.m2/repository/org/glassfish/jersey/ext/cdi/jersey-cdi1x/2.27/jersey-cdi1x-2.27.jar:/home/user/.m2/repository/org/glassfish/jersey/inject/jersey-hk2/2.27/jersey-hk2-2.27.jar:/home/user/.m2/repository/org/glassfish/hk2/hk2-locator/2.5.0-b42/hk2-locator-2.5.0-b42.jar:/home/user/.m2/repository/org/javassist/javassist/3.22.0-CR2/javassist-3.22.0-CR2.jar:/home/user/.m2/repository/org/glassfish/hk2/hk2-api/2.5.0/hk2-api-2.5.0.jar:/home/user/.m2/repository/org/glassfish/hk2/external/jakarta.inject/2.5.0/jakarta.inject-2.5.0.jar:/home/user/.m2/repository/org/glassfish/hk2/hk2-utils/2.5.0/hk2-utils-2.5.0.jar:/home/user/.m2/repository/jakarta/annotation/jakarta.annotation-api/1.3.4/jakarta.annotation-api-1.3.4.jar:/home/user/.m2/repository/org/glassfish/hk2/external/aopalliance-repackaged/2.5.0/aopalliance-repackaged-2.5.0.jar:/home/user/.m2/repository/com/fasterxml/jackson/dataformat/jackson-dataformat-xml/2.9.0/jackson-dataformat-xml-2.9.0.jar:/home/user/.m2/repository/com/fasterxml/jackson/core/jackson-core/2.9.5/jackson-core-2.9.5.jar:/home/user/.m2/repository/com/fasterxml/jackson/module/jackson-module-jaxb-annotations/2.9.5/jackson-module-jaxb-annotations-2.9.5.jar:/home/user/.m2/repository/javax/enterprise/cdi-api/1.2/cdi-api-1.2.jar:/home/user/.m2/repository/javax/el/javax.el-api/3.0.0/javax.el-api-3.0.0.jar:/home/user/.m2/repository/javax/interceptor/javax.interceptor-api/1.2/javax.interceptor-api-1.2.jar:/home/user/.m2/repository/javax/inject/javax.inject/1/javax.inject-1.jar:/home/user/.m2/repository/com/sun/xml/bind/jaxb-impl/2.3.0.1/jaxb-impl-2.3.0.1.jar:/home/user/.m2/repository/com/sun/xml/bind/jaxb-core/2.3.0.1/jaxb-core-2.3.0.1.jar:/home/user/.m2/repository/javax/xml/bind/jaxb-api/2.3.0/jaxb-api-2.3.0.jar:/home/user/.m2/repository/javax/activation/activation/1.1.1/activation-1.1.1.jar:/home/user/.m2/repository/org/apache/hadoop/hadoop-ozone-csi/0.5.0-SNAPSHOT/hadoop-ozone-csi-0.5.0-SNAPSHOT.jar:/home/user/.m2/repository/com/google/protobuf/protobuf-java-util/3.5.1/protobuf-java-util-3.5.1.jar:/home/user/.m2/repository/org/apache/hadoop/hadoop-hdds-config/0.5.0-SNAPSHOT/hadoop-hdds-config-0.5.0-SNAPSHOT.jar:/home/user/.m2/repository/io/grpc/grpc-netty/1.17.1/grpc-netty-1.17.1.jar:/home/user/.m2/repository/io/grpc/grpc-core/1.17.1/grpc-core-1.17.1.jar:/home/user/.m2/repository/io/grpc/grpc-context/1.17.1/grpc-context-1.17.1.jar:/home/user/.m2/repository/com/google/errorprone/error_prone_annotations/2.2.0/error_prone_annotations-2.2.0.jar:/home/user/.m2/repository/org/codehaus/mojo/animal-sniffer-annotations/1.17/animal-sniffer-annotations-1.17.jar:/home/user/.m2/repository/io/opencensus/opencensus-api/0.17.0/opencensus-api-0.17.0.jar:/home/user/.m2/repository/io/opencensus/opencensus-contrib-grpc-metrics/0.17.0/opencensus-contrib-grpc-metrics-0.17.0.jar:/home/user/.m2/repository/io/netty/netty-codec-http2/4.1.30.Final/netty-codec-http2-4.1.30.Final.jar:/home/user/.m2/repository/io/netty/netty-codec-http/4.1.30.Final/netty-codec-http-4.1.30.Final.jar:/home/user/.m2/repository/io/netty/netty-codec/4.1.30.Final/netty-codec-4.1.30.Final.jar:/home/user/.m2/repository/io/netty/netty-handler/4.1.30.Final/netty-handler-4.1.30.Final.jar:/home/user/.m2/repository/io/netty/netty-handler-proxy/4.1.30.Final/netty-handler-proxy-4.1.30.Final.jar:/home/user/.m2/repository/io/netty/netty-codec-socks/4.1.30.Final/netty-codec-socks-4.1.30.Final.jar:/home/user/.m2/repository/io/netty/netty-transport-native-epoll/4.1.30.Final/netty-transport-native-epoll-4.1.30.Final.jar:/home/user/.m2/repository/io/netty/netty-common/4.1.30.Final/netty-common-4.1.30.Final.jar:/home/user/.m2/repository/io/netty/netty-buffer/4.1.30.Final/netty-buffer-4.1.30.Final.jar:/home/user/.m2/repository/io/netty/netty-transport/4.1.30.Final/netty-transport-4.1.30.Final.jar:/home/user/.m2/repository/io/netty/netty-resolver/4.1.30.Final/netty-resolver-4.1.30.Final.jar:/home/user/.m2/repository/io/netty/netty-transport-native-unix-common/4.1.30.Final/netty-transport-native-unix-common-4.1.30.Final.jar:/home/user/.m2/repository/io/grpc/grpc-protobuf/1.17.1/grpc-protobuf-1.17.1.jar:/home/user/.m2/repository/com/google/api/grpc/proto-google-common-protos/1.0.0/proto-google-common-protos-1.0.0.jar:/home/user/.m2/repository/io/grpc/grpc-protobuf-lite/1.17.1/grpc-protobuf-lite-1.17.1.jar:/home/user/.m2/repository/io/grpc/grpc-stub/1.17.1/grpc-stub-1.17.1.jar:/home/user/.m2/repository/org/apache/hadoop/hadoop-ozone-recon/0.5.0-SNAPSHOT/hadoop-ozone-recon-0.5.0-SNAPSHOT.jar:/home/user/.m2/repository/org/apache/hadoop/hadoop-ozone-reconcodegen/0.5.0-SNAPSHOT/hadoop-ozone-reconcodegen-0.5.0-SNAPSHOT.jar:/home/user/.m2/repository/com/google/inject/extensions/guice-multibindings/4.0/guice-multibindings-4.0.jar:/home/user/.m2/repository/com/google/inject/guice/4.0/guice-4.0.jar:/home/user/.m2/repository/aopalliance/aopalliance/1.0/aopalliance-1.0.jar:/home/user/.m2/repository/com/google/inject/extensions/guice-servlet/4.0/guice-servlet-4.0.jar:/home/user/.m2/repository/org/glassfish/jersey/containers/jersey-container-servlet/2.27/jersey-container-servlet-2.27.jar:/home/user/.m2/repository/org/glassfish/hk2/guice-bridge/2.5.0/guice-bridge-2.5.0.jar:/home/user/.m2/repository/org/glassfish/jersey/core/jersey-server/2.27/jersey-server-2.27.jar:/home/user/.m2/repository/org/glassfish/jersey/core/jersey-client/2.27/jersey-client-2.27.jar:/home/user/.m2/repository/org/glassfish/jersey/media/jersey-media-jaxb/2.27/jersey-media-jaxb-2.27.jar:/home/user/.m2/repository/javax/validation/validation-api/1.1.0.Final/validation-api-1.1.0.Final.jar:/home/user/.m2/repository/org/glassfish/jersey/media/jersey-media-json-jackson/2.27/jersey-media-json-jackson-2.27.jar:/home/user/.m2/repository/org/glassfish/jersey/ext/jersey-entity-filtering/2.27/jersey-entity-filtering-2.27.jar:/home/user/.m2/repository/com/google/inject/extensions/guice-assistedinject/4.0/guice-assistedinject-4.0.jar:/home/user/.m2/repository/org/jooq/jooq/3.11.10/jooq-3.11.10.jar:/home/user/.m2/repository/org/jooq/jooq-meta/3.11.10/jooq-meta-3.11.10.jar:/home/user/.m2/repository/org/jooq/jooq-codegen/3.11.10/jooq-codegen-3.11.10.jar:/home/user/.m2/repository/com/jolbox/bonecp/0.8.0.RELEASE/bonecp-0.8.0.RELEASE.jar:/home/user/.m2/repository/org/xerial/sqlite-jdbc/3.25.2/sqlite-jdbc-3.25.2.jar:/home/user/.m2/repository/org/springframework/spring-jdbc/5.1.3.RELEASE/spring-jdbc-5.1.3.RELEASE.jar:/home/user/.m2/repository/org/springframework/spring-beans/5.1.3.RELEASE/spring-beans-5.1.3.RELEASE.jar:/home/user/.m2/repository/org/springframework/spring-core/5.1.3.RELEASE/spring-core-5.1.3.RELEASE.jar:/home/user/.m2/repository/org/springframework/spring-jcl/5.1.3.RELEASE/spring-jcl-5.1.3.RELEASE.jar:/home/user/.m2/repository/org/springframework/spring-tx/5.1.3.RELEASE/spring-tx-5.1.3.RELEASE.jar:/home/user/.m2/repository/org/apache/hadoop/hadoop-ozone-client/0.5.0-SNAPSHOT/hadoop-ozone-client-0.5.0-SNAPSHOT.jar:/home/user/.m2/repository/commons-lang/commons-lang/2.6/commons-lang-2.6.jar:/home/user/.m2/repository/org/apache/hadoop/hadoop-ozone-ozone-manager/0.5.0-SNAPSHOT/hadoop-ozone-ozone-manager-0.5.0-SNAPSHOT-tests.jar:/home/user/.m2/repository/junit/junit/4.11/junit-4.11.jar:/home/user/.m2/repository/org/hamcrest/hamcrest-core/1.3/hamcrest-core-1.3.jar:/home/user/.m2/repository/org/openjdk/jmh/jmh-core/1.19/jmh-core-1.19.jar:/home/user/.m2/repository/net/sf/jopt-simple/jopt-simple/4.6/jopt-simple-4.6.jar:/home/user/.m2/repository/org/apache/commons/commons-math3/3.1.1/commons-math3-3.1.1.jar:/home/user/.m2/repository/org/openjdk/jmh/jmh-generator-annprocess/1.19/jmh-generator-annprocess-1.19.jar:/home/user/.m2/repository/org/mockito/mockito-all/1.8.5/mockito-all-1.8.5.jar:/home/user/.m2/repository/org/apache/hadoop/hadoop-kms/3.2.0/hadoop-kms-3.2.0.jar:/home/user/.m2/repository/org/apache/hadoop/hadoop-auth/3.2.0/hadoop-auth-3.2.0.jar:/home/user/.m2/repository/com/nimbusds/nimbus-jose-jwt/4.41.1/nimbus-jose-jwt-4.41.1.jar:/home/user/.m2/repository/com/github/stephenc/jcip/jcip-annotations/1.0-1/jcip-annotations-1.0-1.jar:/home/user/.m2/repository/net/minidev/json-smart/2.3/json-smart-2.3.jar:/home/user/.m2/repository/net/minidev/accessors-smart/1.2/accessors-smart-1.2.jar:/home/user/.m2/repository/org/ow2/asm/asm/5.0.4/asm-5.0.4.jar:/home/user/.m2/repository/org/apache/curator/curator-framework/2.12.0/curator-framework-2.12.0.jar:/home/user/.m2/repository/com/sun/jersey/jersey-core/1.19/jersey-core-1.19.jar:/home/user/.m2/repository/javax/ws/rs/jsr311-api/1.1.1/jsr311-api-1.1.1.jar:/home/user/.m2/repository/com/sun/jersey/jersey-server/1.19/jersey-server-1.19.jar:/home/user/.m2/repository/javax/servlet/javax.servlet-api/3.1.0/javax.servlet-api-3.1.0.jar:/home/user/.m2/repository/org/eclipse/jetty/jetty-server/9.3.24.v20180605/jetty-server-9.3.24.v20180605.jar:/home/user/.m2/repository/org/eclipse/jetty/jetty-http/9.3.24.v20180605/jetty-http-9.3.24.v20180605.jar:/home/user/.m2/repository/org/eclipse/jetty/jetty-io/9.3.24.v20180605/jetty-io-9.3.24.v20180605.jar:/home/user/.m2/repository/org/eclipse/jetty/jetty-webapp/9.3.24.v20180605/jetty-webapp-9.3.24.v20180605.jar:/home/user/.m2/repository/org/eclipse/jetty/jetty-xml/9.3.24.v20180605/jetty-xml-9.3.24.v20180605.jar:/home/user/.m2/repository/log4j/log4j/1.2.17/log4j-1.2.17.jar:/home/user/.m2/repository/org/slf4j/slf4j-api/1.7.25/slf4j-api-1.7.25.jar:/home/user/.m2/repository/org/slf4j/jul-to-slf4j/1.7.25/jul-to-slf4j-1.7.25.jar:/home/user/.m2/repository/org/eclipse/jetty/jetty-util/9.3.24.v20180605/jetty-util-9.3.24.v20180605.jar:/home/user/.m2/repository/com/fasterxml/jackson/core/jackson-databind/2.9.5/jackson-databind-2.9.5.jar:/home/user/.m2/repository/org/apache/hadoop/hadoop-kms/3.2.0/hadoop-kms-3.2.0-tests.jar:/home/user/.m2/repository/org/apache/hadoop/hadoop-hdds-server-scm/0.5.0-SNAPSHOT/hadoop-hdds-server-scm-0.5.0-SNAPSHOT-tests.jar:/home/user/.m2/repository/org/apache/hadoop/hadoop-hdds-container-service/0.5.0-SNAPSHOT/hadoop-hdds-container-service-0.5.0-SNAPSHOT-tests.jar:/home/user/.m2/repository/org/yaml/snakeyaml/1.16/snakeyaml-1.16.jar:/home/user/.m2/repository/org/apache/hadoop/hadoop-common/3.2.0/hadoop-common-3.2.0-tests.jar:/home/user/.m2/repository/org/apache/hadoop/hadoop-annotations/3.2.0/hadoop-annotations-3.2.0.jar:/usr/lib/jvm/java-1.8-openjdk/jre/../lib/tools.jar:/home/user/.m2/repository/commons-cli/commons-cli/1.2/commons-cli-1.2.jar:/home/user/.m2/repository/org/apache/httpcomponents/httpclient/4.5.2/httpclient-4.5.2.jar:/home/user/.m2/repository/org/apache/httpcomponents/httpcore/4.4.4/httpcore-4.4.4.jar:/home/user/.m2/repository/commons-codec/commons-codec/1.11/commons-codec-1.11.jar:/home/user/.m2/repository/commons-net/commons-net/3.6/commons-net-3.6.jar:/home/user/.m2/repository/commons-collections/commons-collections/3.2.2/commons-collections-3.2.2.jar:/home/user/.m2/repository/org/eclipse/jetty/jetty-servlet/9.3.24.v20180605/jetty-servlet-9.3.24.v20180605.jar:/home/user/.m2/repository/org/eclipse/jetty/jetty-security/9.3.24.v20180605/jetty-security-9.3.24.v20180605.jar:/home/user/.m2/repository/javax/servlet/jsp/jsp-api/2.1/jsp-api-2.1.jar:/home/user/.m2/repository/com/sun/jersey/jersey-servlet/1.19/jersey-servlet-1.19.jar:/home/user/.m2/repository/com/sun/jersey/jersey-json/1.19/jersey-json-1.19.jar:/home/user/.m2/repository/org/codehaus/jettison/jettison/1.1/jettison-1.1.jar:/home/user/.m2/repository/org/codehaus/jackson/jackson-core-asl/1.9.13/jackson-core-asl-1.9.13.jar:/home/user/.m2/repository/org/codehaus/jackson/jackson-mapper-asl/1.9.13/jackson-mapper-asl-1.9.13.jar:/home/user/.m2/repository/org/codehaus/jackson/jackson-jaxrs/1.9.13/jackson-jaxrs-1.9.13.jar:/home/user/.m2/repository/org/codehaus/jackson/jackson-xc/1.9.13/jackson-xc-1.9.13.jar:/home/user/.m2/repository/commons-logging/commons-logging/1.1.3/commons-logging-1.1.3.jar:/home/user/.m2/repository/commons-beanutils/commons-beanutils/1.9.3/commons-beanutils-1.9.3.jar:/home/user/.m2/repository/org/apache/commons/commons-configuration2/2.1.1/commons-configuration2-2.1.1.jar:/home/user/.m2/repository/org/apache/commons/commons-lang3/3.7/commons-lang3-3.7.jar:/home/user/.m2/repository/org/apache/commons/commons-text/1.4/commons-text-1.4.jar:/home/user/.m2/repository/org/apache/avro/avro/1.7.7/avro-1.7.7.jar:/home/user/.m2/repository/com/thoughtworks/paranamer/paranamer/2.3/paranamer-2.3.jar:/home/user/.m2/repository/org/xerial/snappy/snappy-java/1.0.5/snappy-java-1.0.5.jar:/home/user/.m2/repository/com/google/re2j/re2j/1.1/re2j-1.1.jar:/home/user/.m2/repository/com/google/code/gson/gson/2.2.4/gson-2.2.4.jar:/home/user/.m2/repository/com/jcraft/jsch/0.1.54/jsch-0.1.54.jar:/home/user/.m2/repository/org/apache/curator/curator-client/2.12.0/curator-client-2.12.0.jar:/home/user/.m2/repository/org/apache/curator/curator-recipes/2.12.0/curator-recipes-2.12.0.jar:/home/user/.m2/repository/com/google/code/findbugs/jsr305/3.0.0/jsr305-3.0.0.jar:/home/user/.m2/repository/org/apache/htrace/htrace-core4/4.1.0-incubating/htrace-core4-4.1.0-incubating.jar:/home/user/.m2/repository/org/apache/zookeeper/zookeeper/3.4.13/zookeeper-3.4.13.jar:/home/user/.m2/repository/org/apache/yetus/audience-annotations/0.5.0/audience-annotations-0.5.0.jar:/home/user/.m2/repository/org/codehaus/woodstox/stax2-api/3.1.4/stax2-api-3.1.4.jar:/home/user/.m2/repository/com/fasterxml/woodstox/woodstox-core/5.0.3/woodstox-core-5.0.3.jar:/home/user/.m2/repository/dnsjava/dnsjava/2.1.7/dnsjava-2.1.7.jar:/home/user/.m2/repository/org/apache/hadoop/hadoop-hdfs/3.2.0/hadoop-hdfs-3.2.0-tests.jar:/home/user/.m2/repository/org/eclipse/jetty/jetty-util-ajax/9.3.24.v20180605/jetty-util-ajax-9.3.24.v20180605.jar:/home/user/.m2/repository/commons-daemon/commons-daemon/1.0.13/commons-daemon-1.0.13.jar:/home/user/.m2/repository/io/netty/netty/3.10.5.Final/netty-3.10.5.Final.jar:/home/user/.m2/repository/io/netty/netty-all/4.0.52.Final/netty-all-4.0.52.Final.jar:/home/user/.m2/repository/org/fusesource/leveldbjni/leveldbjni-all/1.8/leveldbjni-all-1.8.jar:"/>
    <property name="java.vm.vendor" value="IcedTea"/>
    <property name="sun.arch.data.model" value="64"/>
    <property name="test.build.dir" value="/workdir/hadoop-ozone/integration-test/target/test-dir"/>
    <property name="test.cache.data" value=""/>
    <property name="java.vendor.url" value="https://icedtea.classpath.org"/>
    <property name="user.timezone" value=""/>
    <property name="java.vm.specification.version" value="1.8"/>
    <property name="os.name" value="Linux"/>
    <property name="test.build.data" value="/workdir/hadoop-ozone/integration-test/target/test-dir"/>
    <property name="user.country" value="US"/>
    <property name="sun.java.launcher" value="SUN_STANDARD"/>
    <property name="sun.boot.library.path" value="/usr/lib/jvm/java-1.8-openjdk/jre/lib/amd64"/>
    <property name="sun.java.command" value="/workdir/hadoop-ozone/integration-test/target/surefire/surefirebooter2069002471689192088.jar /workdir/hadoop-ozone/integration-test/target/surefire 2019-08-27T08-55-21_088-jvmRun1 surefire1660504724513903693tmp surefire_214048789760954598571tmp"/>
    <property name="test" value="!TestMiniChaosOzoneCluster"/>
    <property name="surefire.test.class.path" value="/workdir/hadoop-ozone/integration-test/target/test-classes:/workdir/hadoop-ozone/integration-test/target/classes:/home/user/.m2/repository/org/apache/hadoop/hadoop-ozone-common/0.5.0-SNAPSHOT/hadoop-ozone-common-0.5.0-SNAPSHOT.jar:/home/user/.m2/repository/org/apache/commons/commons-compress/1.4.1/commons-compress-1.4.1.jar:/home/user/.m2/repository/org/tukaani/xz/1.0/xz-1.0.jar:/home/user/.m2/repository/org/apache/hadoop/hadoop-common/3.2.0/hadoop-common-3.2.0.jar:/home/user/.m2/repository/org/apache/hadoop/hadoop-hdfs/3.2.0/hadoop-hdfs-3.2.0.jar:/home/user/.m2/repository/org/apache/hadoop/hadoop-hdfs-client/3.2.0/hadoop-hdfs-client-3.2.0.jar:/home/user/.m2/repository/com/fasterxml/jackson/core/jackson-annotations/2.9.5/jackson-annotations-2.9.5.jar:/home/user/.m2/repository/org/apache/hadoop/hadoop-hdds-common/0.5.0-SNAPSHOT/hadoop-hdds-common-0.5.0-SNAPSHOT.jar:/home/user/.m2/repository/javax/annotation/javax.annotation-api/1.2/javax.annotation-api-1.2.jar:/home/user/.m2/repository/org/apache/ratis/ratis-server/0.4.0-2337318-SNAPSHOT/ratis-server-0.4.0-2337318-SNAPSHOT.jar:/home/user/.m2/repository/org/apache/ratis/ratis-thirdparty-misc/0.2.0/ratis-thirdparty-misc-0.2.0.jar:/home/user/.m2/repository/org/apache/ratis/ratis-proto/0.4.0-2337318-SNAPSHOT/ratis-proto-0.4.0-2337318-SNAPSHOT.jar:/home/user/.m2/repository/org/apache/ratis/ratis-common/0.4.0-2337318-SNAPSHOT/ratis-common-0.4.0-2337318-SNAPSHOT.jar:/home/user/.m2/repository/org/apache/ratis/ratis-client/0.4.0-2337318-SNAPSHOT/ratis-client-0.4.0-2337318-SNAPSHOT.jar:/home/user/.m2/repository/org/apache/ratis/ratis-metrics/0.4.0-2337318-SNAPSHOT/ratis-metrics-0.4.0-2337318-SNAPSHOT.jar:/home/user/.m2/repository/org/apache/ratis/ratis-netty/0.4.0-2337318-SNAPSHOT/ratis-netty-0.4.0-2337318-SNAPSHOT.jar:/home/user/.m2/repository/org/apache/ratis/ratis-grpc/0.4.0-2337318-SNAPSHOT/ratis-grpc-0.4.0-2337318-SNAPSHOT.jar:/home/user/.m2/repository/org/rocksdb/rocksdbjni/6.0.1/rocksdbjni-6.0.1.jar:/home/user/.m2/repository/org/apache/logging/log4j/log4j-api/2.11.0/log4j-api-2.11.0.jar:/home/user/.m2/repository/org/apache/logging/log4j/log4j-core/2.11.0/log4j-core-2.11.0.jar:/home/user/.m2/repository/com/lmax/disruptor/3.4.2/disruptor-3.4.2.jar:/home/user/.m2/repository/org/apache/commons/commons-pool2/2.6.0/commons-pool2-2.6.0.jar:/home/user/.m2/repository/org/bouncycastle/bcpkix-jdk15on/1.60/bcpkix-jdk15on-1.60.jar:/home/user/.m2/repository/commons-validator/commons-validator/1.6/commons-validator-1.6.jar:/home/user/.m2/repository/commons-digester/commons-digester/1.8.1/commons-digester-1.8.1.jar:/home/user/.m2/repository/io/jaegertracing/jaeger-client/0.33.1/jaeger-client-0.33.1.jar:/home/user/.m2/repository/io/jaegertracing/jaeger-thrift/0.33.1/jaeger-thrift-0.33.1.jar:/home/user/.m2/repository/org/apache/thrift/libthrift/0.11.0/libthrift-0.11.0.jar:/home/user/.m2/repository/com/squareup/okhttp3/okhttp/3.9.0/okhttp-3.9.0.jar:/home/user/.m2/repository/com/squareup/okio/okio/1.13.0/okio-1.13.0.jar:/home/user/.m2/repository/io/jaegertracing/jaeger-core/0.33.1/jaeger-core-0.33.1.jar:/home/user/.m2/repository/io/jaegertracing/jaeger-tracerresolver/0.33.1/jaeger-tracerresolver-0.33.1.jar:/home/user/.m2/repository/io/opentracing/contrib/opentracing-tracerresolver/0.1.5/opentracing-tracerresolver-0.1.5.jar:/home/user/.m2/repository/io/opentracing/opentracing-util/0.31.0/opentracing-util-0.31.0.jar:/home/user/.m2/repository/io/opentracing/opentracing-api/0.31.0/opentracing-api-0.31.0.jar:/home/user/.m2/repository/io/opentracing/opentracing-noop/0.31.0/opentracing-noop-0.31.0.jar:/home/user/.m2/repository/org/apache/hadoop/hadoop-hdds-server-framework/0.5.0-SNAPSHOT/hadoop-hdds-server-framework-0.5.0-SNAPSHOT.jar:/home/user/.m2/repository/org/apache/hadoop/hadoop-hdds-container-service/0.5.0-SNAPSHOT/hadoop-hdds-container-service-0.5.0-SNAPSHOT.jar:/home/user/.m2/repository/org/apache/hadoop/hadoop-hdds-client/0.5.0-SNAPSHOT/hadoop-hdds-client-0.5.0-SNAPSHOT.jar:/home/user/.m2/repository/org/apache/hadoop/hadoop-hdds-tools/0.5.0-SNAPSHOT/hadoop-hdds-tools-0.5.0-SNAPSHOT.jar:/home/user/.m2/repository/org/apache/hadoop/hadoop-hdds-server-scm/0.5.0-SNAPSHOT/hadoop-hdds-server-scm-0.5.0-SNAPSHOT.jar:/home/user/.m2/repository/org/apache/hadoop/hadoop-hdds-docs/0.5.0-SNAPSHOT/hadoop-hdds-docs-0.5.0-SNAPSHOT.jar:/home/user/.m2/repository/io/dropwizard/metrics/metrics-core/3.2.4/metrics-core-3.2.4.jar:/home/user/.m2/repository/org/hamcrest/hamcrest-all/1.3/hamcrest-all-1.3.jar:/home/user/.m2/repository/org/bouncycastle/bcprov-jdk15on/1.60/bcprov-jdk15on-1.60.jar:/home/user/.m2/repository/info/picocli/picocli/3.9.6/picocli-3.9.6.jar:/home/user/.m2/repository/com/google/protobuf/protobuf-java/2.5.0/protobuf-java-2.5.0.jar:/home/user/.m2/repository/com/google/guava/guava/11.0.2/guava-11.0.2.jar:/home/user/.m2/repository/org/apache/hadoop/hadoop-ozone-ozone-manager/0.5.0-SNAPSHOT/hadoop-ozone-ozone-manager-0.5.0-SNAPSHOT.jar:/home/user/.m2/repository/org/apache/hadoop/hadoop-minikdc/3.2.0/hadoop-minikdc-3.2.0.jar:/home/user/.m2/repository/commons-io/commons-io/2.5/commons-io-2.5.jar:/home/user/.m2/repository/org/apache/kerby/kerb-simplekdc/1.0.1/kerb-simplekdc-1.0.1.jar:/home/user/.m2/repository/org/apache/kerby/kerb-client/1.0.1/kerb-client-1.0.1.jar:/home/user/.m2/repository/org/apache/kerby/kerby-config/1.0.1/kerby-config-1.0.1.jar:/home/user/.m2/repository/org/apache/kerby/kerb-core/1.0.1/kerb-core-1.0.1.jar:/home/user/.m2/repository/org/apache/kerby/kerby-pkix/1.0.1/kerby-pkix-1.0.1.jar:/home/user/.m2/repository/org/apache/kerby/kerby-asn1/1.0.1/kerby-asn1-1.0.1.jar:/home/user/.m2/repository/org/apache/kerby/kerby-util/1.0.1/kerby-util-1.0.1.jar:/home/user/.m2/repository/org/apache/kerby/kerb-common/1.0.1/kerb-common-1.0.1.jar:/home/user/.m2/repository/org/apache/kerby/kerb-crypto/1.0.1/kerb-crypto-1.0.1.jar:/home/user/.m2/repository/org/apache/kerby/kerb-util/1.0.1/kerb-util-1.0.1.jar:/home/user/.m2/repository/org/apache/kerby/token-provider/1.0.1/token-provider-1.0.1.jar:/home/user/.m2/repository/org/apache/kerby/kerb-admin/1.0.1/kerb-admin-1.0.1.jar:/home/user/.m2/repository/org/apache/kerby/kerb-server/1.0.1/kerb-server-1.0.1.jar:/home/user/.m2/repository/org/apache/kerby/kerb-identity/1.0.1/kerb-identity-1.0.1.jar:/home/user/.m2/repository/org/apache/kerby/kerby-xdr/1.0.1/kerby-xdr-1.0.1.jar:/home/user/.m2/repository/org/slf4j/slf4j-log4j12/1.7.25/slf4j-log4j12-1.7.25.jar:/home/user/.m2/repository/org/apache/hadoop/hadoop-ozone-objectstore-service/0.5.0-SNAPSHOT/hadoop-ozone-objectstore-service-0.5.0-SNAPSHOT.jar:/home/user/.m2/repository/org/apache/hadoop/hadoop-ozone-s3gateway/0.5.0-SNAPSHOT/hadoop-ozone-s3gateway-0.5.0-SNAPSHOT.jar:/home/user/.m2/repository/org/jboss/weld/servlet/weld-servlet/2.4.7.Final/weld-servlet-2.4.7.Final.jar:/home/user/.m2/repository/org/glassfish/jersey/containers/jersey-container-servlet-core/2.27/jersey-container-servlet-core-2.27.jar:/home/user/.m2/repository/org/glassfish/hk2/external/javax.inject/2.5.0-b42/javax.inject-2.5.0-b42.jar:/home/user/.m2/repository/org/glassfish/jersey/core/jersey-common/2.27/jersey-common-2.27.jar:/home/user/.m2/repository/org/glassfish/hk2/osgi-resource-locator/1.0.1/osgi-resource-locator-1.0.1.jar:/home/user/.m2/repository/javax/ws/rs/javax.ws.rs-api/2.1/javax.ws.rs-api-2.1.jar:/home/user/.m2/repository/org/glassfish/jersey/ext/cdi/jersey-cdi1x/2.27/jersey-cdi1x-2.27.jar:/home/user/.m2/repository/org/glassfish/jersey/inject/jersey-hk2/2.27/jersey-hk2-2.27.jar:/home/user/.m2/repository/org/glassfish/hk2/hk2-locator/2.5.0-b42/hk2-locator-2.5.0-b42.jar:/home/user/.m2/repository/org/javassist/javassist/3.22.0-CR2/javassist-3.22.0-CR2.jar:/home/user/.m2/repository/org/glassfish/hk2/hk2-api/2.5.0/hk2-api-2.5.0.jar:/home/user/.m2/repository/org/glassfish/hk2/external/jakarta.inject/2.5.0/jakarta.inject-2.5.0.jar:/home/user/.m2/repository/org/glassfish/hk2/hk2-utils/2.5.0/hk2-utils-2.5.0.jar:/home/user/.m2/repository/jakarta/annotation/jakarta.annotation-api/1.3.4/jakarta.annotation-api-1.3.4.jar:/home/user/.m2/repository/org/glassfish/hk2/external/aopalliance-repackaged/2.5.0/aopalliance-repackaged-2.5.0.jar:/home/user/.m2/repository/com/fasterxml/jackson/dataformat/jackson-dataformat-xml/2.9.0/jackson-dataformat-xml-2.9.0.jar:/home/user/.m2/repository/com/fasterxml/jackson/core/jackson-core/2.9.5/jackson-core-2.9.5.jar:/home/user/.m2/repository/com/fasterxml/jackson/module/jackson-module-jaxb-annotations/2.9.5/jackson-module-jaxb-annotations-2.9.5.jar:/home/user/.m2/repository/javax/enterprise/cdi-api/1.2/cdi-api-1.2.jar:/home/user/.m2/repository/javax/el/javax.el-api/3.0.0/javax.el-api-3.0.0.jar:/home/user/.m2/repository/javax/interceptor/javax.interceptor-api/1.2/javax.interceptor-api-1.2.jar:/home/user/.m2/repository/javax/inject/javax.inject/1/javax.inject-1.jar:/home/user/.m2/repository/com/sun/xml/bind/jaxb-impl/2.3.0.1/jaxb-impl-2.3.0.1.jar:/home/user/.m2/repository/com/sun/xml/bind/jaxb-core/2.3.0.1/jaxb-core-2.3.0.1.jar:/home/user/.m2/repository/javax/xml/bind/jaxb-api/2.3.0/jaxb-api-2.3.0.jar:/home/user/.m2/repository/javax/activation/activation/1.1.1/activation-1.1.1.jar:/home/user/.m2/repository/org/apache/hadoop/hadoop-ozone-csi/0.5.0-SNAPSHOT/hadoop-ozone-csi-0.5.0-SNAPSHOT.jar:/home/user/.m2/repository/com/google/protobuf/protobuf-java-util/3.5.1/protobuf-java-util-3.5.1.jar:/home/user/.m2/repository/org/apache/hadoop/hadoop-hdds-config/0.5.0-SNAPSHOT/hadoop-hdds-config-0.5.0-SNAPSHOT.jar:/home/user/.m2/repository/io/grpc/grpc-netty/1.17.1/grpc-netty-1.17.1.jar:/home/user/.m2/repository/io/grpc/grpc-core/1.17.1/grpc-core-1.17.1.jar:/home/user/.m2/repository/io/grpc/grpc-context/1.17.1/grpc-context-1.17.1.jar:/home/user/.m2/repository/com/google/errorprone/error_prone_annotations/2.2.0/error_prone_annotations-2.2.0.jar:/home/user/.m2/repository/org/codehaus/mojo/animal-sniffer-annotations/1.17/animal-sniffer-annotations-1.17.jar:/home/user/.m2/repository/io/opencensus/opencensus-api/0.17.0/opencensus-api-0.17.0.jar:/home/user/.m2/repository/io/opencensus/opencensus-contrib-grpc-metrics/0.17.0/opencensus-contrib-grpc-metrics-0.17.0.jar:/home/user/.m2/repository/io/netty/netty-codec-http2/4.1.30.Final/netty-codec-http2-4.1.30.Final.jar:/home/user/.m2/repository/io/netty/netty-codec-http/4.1.30.Final/netty-codec-http-4.1.30.Final.jar:/home/user/.m2/repository/io/netty/netty-codec/4.1.30.Final/netty-codec-4.1.30.Final.jar:/home/user/.m2/repository/io/netty/netty-handler/4.1.30.Final/netty-handler-4.1.30.Final.jar:/home/user/.m2/repository/io/netty/netty-handler-proxy/4.1.30.Final/netty-handler-proxy-4.1.30.Final.jar:/home/user/.m2/repository/io/netty/netty-codec-socks/4.1.30.Final/netty-codec-socks-4.1.30.Final.jar:/home/user/.m2/repository/io/netty/netty-transport-native-epoll/4.1.30.Final/netty-transport-native-epoll-4.1.30.Final.jar:/home/user/.m2/repository/io/netty/netty-common/4.1.30.Final/netty-common-4.1.30.Final.jar:/home/user/.m2/repository/io/netty/netty-buffer/4.1.30.Final/netty-buffer-4.1.30.Final.jar:/home/user/.m2/repository/io/netty/netty-transport/4.1.30.Final/netty-transport-4.1.30.Final.jar:/home/user/.m2/repository/io/netty/netty-resolver/4.1.30.Final/netty-resolver-4.1.30.Final.jar:/home/user/.m2/repository/io/netty/netty-transport-native-unix-common/4.1.30.Final/netty-transport-native-unix-common-4.1.30.Final.jar:/home/user/.m2/repository/io/grpc/grpc-protobuf/1.17.1/grpc-protobuf-1.17.1.jar:/home/user/.m2/repository/com/google/api/grpc/proto-google-common-protos/1.0.0/proto-google-common-protos-1.0.0.jar:/home/user/.m2/repository/io/grpc/grpc-protobuf-lite/1.17.1/grpc-protobuf-lite-1.17.1.jar:/home/user/.m2/repository/io/grpc/grpc-stub/1.17.1/grpc-stub-1.17.1.jar:/home/user/.m2/repository/org/apache/hadoop/hadoop-ozone-recon/0.5.0-SNAPSHOT/hadoop-ozone-recon-0.5.0-SNAPSHOT.jar:/home/user/.m2/repository/org/apache/hadoop/hadoop-ozone-reconcodegen/0.5.0-SNAPSHOT/hadoop-ozone-reconcodegen-0.5.0-SNAPSHOT.jar:/home/user/.m2/repository/com/google/inject/extensions/guice-multibindings/4.0/guice-multibindings-4.0.jar:/home/user/.m2/repository/com/google/inject/guice/4.0/guice-4.0.jar:/home/user/.m2/repository/aopalliance/aopalliance/1.0/aopalliance-1.0.jar:/home/user/.m2/repository/com/google/inject/extensions/guice-servlet/4.0/guice-servlet-4.0.jar:/home/user/.m2/repository/org/glassfish/jersey/containers/jersey-container-servlet/2.27/jersey-container-servlet-2.27.jar:/home/user/.m2/repository/org/glassfish/hk2/guice-bridge/2.5.0/guice-bridge-2.5.0.jar:/home/user/.m2/repository/org/glassfish/jersey/core/jersey-server/2.27/jersey-server-2.27.jar:/home/user/.m2/repository/org/glassfish/jersey/core/jersey-client/2.27/jersey-client-2.27.jar:/home/user/.m2/repository/org/glassfish/jersey/media/jersey-media-jaxb/2.27/jersey-media-jaxb-2.27.jar:/home/user/.m2/repository/javax/validation/validation-api/1.1.0.Final/validation-api-1.1.0.Final.jar:/home/user/.m2/repository/org/glassfish/jersey/media/jersey-media-json-jackson/2.27/jersey-media-json-jackson-2.27.jar:/home/user/.m2/repository/org/glassfish/jersey/ext/jersey-entity-filtering/2.27/jersey-entity-filtering-2.27.jar:/home/user/.m2/repository/com/google/inject/extensions/guice-assistedinject/4.0/guice-assistedinject-4.0.jar:/home/user/.m2/repository/org/jooq/jooq/3.11.10/jooq-3.11.10.jar:/home/user/.m2/repository/org/jooq/jooq-meta/3.11.10/jooq-meta-3.11.10.jar:/home/user/.m2/repository/org/jooq/jooq-codegen/3.11.10/jooq-codegen-3.11.10.jar:/home/user/.m2/repository/com/jolbox/bonecp/0.8.0.RELEASE/bonecp-0.8.0.RELEASE.jar:/home/user/.m2/repository/org/xerial/sqlite-jdbc/3.25.2/sqlite-jdbc-3.25.2.jar:/home/user/.m2/repository/org/springframework/spring-jdbc/5.1.3.RELEASE/spring-jdbc-5.1.3.RELEASE.jar:/home/user/.m2/repository/org/springframework/spring-beans/5.1.3.RELEASE/spring-beans-5.1.3.RELEASE.jar:/home/user/.m2/repository/org/springframework/spring-core/5.1.3.RELEASE/spring-core-5.1.3.RELEASE.jar:/home/user/.m2/repository/org/springframework/spring-jcl/5.1.3.RELEASE/spring-jcl-5.1.3.RELEASE.jar:/home/user/.m2/repository/org/springframework/spring-tx/5.1.3.RELEASE/spring-tx-5.1.3.RELEASE.jar:/home/user/.m2/repository/org/apache/hadoop/hadoop-ozone-client/0.5.0-SNAPSHOT/hadoop-ozone-client-0.5.0-SNAPSHOT.jar:/home/user/.m2/repository/commons-lang/commons-lang/2.6/commons-lang-2.6.jar:/home/user/.m2/repository/org/apache/hadoop/hadoop-ozone-ozone-manager/0.5.0-SNAPSHOT/hadoop-ozone-ozone-manager-0.5.0-SNAPSHOT-tests.jar:/home/user/.m2/repository/junit/junit/4.11/junit-4.11.jar:/home/user/.m2/repository/org/hamcrest/hamcrest-core/1.3/hamcrest-core-1.3.jar:/home/user/.m2/repository/org/openjdk/jmh/jmh-core/1.19/jmh-core-1.19.jar:/home/user/.m2/repository/net/sf/jopt-simple/jopt-simple/4.6/jopt-simple-4.6.jar:/home/user/.m2/repository/org/apache/commons/commons-math3/3.1.1/commons-math3-3.1.1.jar:/home/user/.m2/repository/org/openjdk/jmh/jmh-generator-annprocess/1.19/jmh-generator-annprocess-1.19.jar:/home/user/.m2/repository/org/mockito/mockito-all/1.8.5/mockito-all-1.8.5.jar:/home/user/.m2/repository/org/apache/hadoop/hadoop-kms/3.2.0/hadoop-kms-3.2.0.jar:/home/user/.m2/repository/org/apache/hadoop/hadoop-auth/3.2.0/hadoop-auth-3.2.0.jar:/home/user/.m2/repository/com/nimbusds/nimbus-jose-jwt/4.41.1/nimbus-jose-jwt-4.41.1.jar:/home/user/.m2/repository/com/github/stephenc/jcip/jcip-annotations/1.0-1/jcip-annotations-1.0-1.jar:/home/user/.m2/repository/net/minidev/json-smart/2.3/json-smart-2.3.jar:/home/user/.m2/repository/net/minidev/accessors-smart/1.2/accessors-smart-1.2.jar:/home/user/.m2/repository/org/ow2/asm/asm/5.0.4/asm-5.0.4.jar:/home/user/.m2/repository/org/apache/curator/curator-framework/2.12.0/curator-framework-2.12.0.jar:/home/user/.m2/repository/com/sun/jersey/jersey-core/1.19/jersey-core-1.19.jar:/home/user/.m2/repository/javax/ws/rs/jsr311-api/1.1.1/jsr311-api-1.1.1.jar:/home/user/.m2/repository/com/sun/jersey/jersey-server/1.19/jersey-server-1.19.jar:/home/user/.m2/repository/javax/servlet/javax.servlet-api/3.1.0/javax.servlet-api-3.1.0.jar:/home/user/.m2/repository/org/eclipse/jetty/jetty-server/9.3.24.v20180605/jetty-server-9.3.24.v20180605.jar:/home/user/.m2/repository/org/eclipse/jetty/jetty-http/9.3.24.v20180605/jetty-http-9.3.24.v20180605.jar:/home/user/.m2/repository/org/eclipse/jetty/jetty-io/9.3.24.v20180605/jetty-io-9.3.24.v20180605.jar:/home/user/.m2/repository/org/eclipse/jetty/jetty-webapp/9.3.24.v20180605/jetty-webapp-9.3.24.v20180605.jar:/home/user/.m2/repository/org/eclipse/jetty/jetty-xml/9.3.24.v20180605/jetty-xml-9.3.24.v20180605.jar:/home/user/.m2/repository/log4j/log4j/1.2.17/log4j-1.2.17.jar:/home/user/.m2/repository/org/slf4j/slf4j-api/1.7.25/slf4j-api-1.7.25.jar:/home/user/.m2/repository/org/slf4j/jul-to-slf4j/1.7.25/jul-to-slf4j-1.7.25.jar:/home/user/.m2/repository/org/eclipse/jetty/jetty-util/9.3.24.v20180605/jetty-util-9.3.24.v20180605.jar:/home/user/.m2/repository/com/fasterxml/jackson/core/jackson-databind/2.9.5/jackson-databind-2.9.5.jar:/home/user/.m2/repository/org/apache/hadoop/hadoop-kms/3.2.0/hadoop-kms-3.2.0-tests.jar:/home/user/.m2/repository/org/apache/hadoop/hadoop-hdds-server-scm/0.5.0-SNAPSHOT/hadoop-hdds-server-scm-0.5.0-SNAPSHOT-tests.jar:/home/user/.m2/repository/org/apache/hadoop/hadoop-hdds-container-service/0.5.0-SNAPSHOT/hadoop-hdds-container-service-0.5.0-SNAPSHOT-tests.jar:/home/user/.m2/repository/org/yaml/snakeyaml/1.16/snakeyaml-1.16.jar:/home/user/.m2/repository/org/apache/hadoop/hadoop-common/3.2.0/hadoop-common-3.2.0-tests.jar:/home/user/.m2/repository/org/apache/hadoop/hadoop-annotations/3.2.0/hadoop-annotations-3.2.0.jar:/usr/lib/jvm/java-1.8-openjdk/jre/../lib/tools.jar:/home/user/.m2/repository/commons-cli/commons-cli/1.2/commons-cli-1.2.jar:/home/user/.m2/repository/org/apache/httpcomponents/httpclient/4.5.2/httpclient-4.5.2.jar:/home/user/.m2/repository/org/apache/httpcomponents/httpcore/4.4.4/httpcore-4.4.4.jar:/home/user/.m2/repository/commons-codec/commons-codec/1.11/commons-codec-1.11.jar:/home/user/.m2/repository/commons-net/commons-net/3.6/commons-net-3.6.jar:/home/user/.m2/repository/commons-collections/commons-collections/3.2.2/commons-collections-3.2.2.jar:/home/user/.m2/repository/org/eclipse/jetty/jetty-servlet/9.3.24.v20180605/jetty-servlet-9.3.24.v20180605.jar:/home/user/.m2/repository/org/eclipse/jetty/jetty-security/9.3.24.v20180605/jetty-security-9.3.24.v20180605.jar:/home/user/.m2/repository/javax/servlet/jsp/jsp-api/2.1/jsp-api-2.1.jar:/home/user/.m2/repository/com/sun/jersey/jersey-servlet/1.19/jersey-servlet-1.19.jar:/home/user/.m2/repository/com/sun/jersey/jersey-json/1.19/jersey-json-1.19.jar:/home/user/.m2/repository/org/codehaus/jettison/jettison/1.1/jettison-1.1.jar:/home/user/.m2/repository/org/codehaus/jackson/jackson-core-asl/1.9.13/jackson-core-asl-1.9.13.jar:/home/user/.m2/repository/org/codehaus/jackson/jackson-mapper-asl/1.9.13/jackson-mapper-asl-1.9.13.jar:/home/user/.m2/repository/org/codehaus/jackson/jackson-jaxrs/1.9.13/jackson-jaxrs-1.9.13.jar:/home/user/.m2/repository/org/codehaus/jackson/jackson-xc/1.9.13/jackson-xc-1.9.13.jar:/home/user/.m2/repository/commons-logging/commons-logging/1.1.3/commons-logging-1.1.3.jar:/home/user/.m2/repository/commons-beanutils/commons-beanutils/1.9.3/commons-beanutils-1.9.3.jar:/home/user/.m2/repository/org/apache/commons/commons-configuration2/2.1.1/commons-configuration2-2.1.1.jar:/home/user/.m2/repository/org/apache/commons/commons-lang3/3.7/commons-lang3-3.7.jar:/home/user/.m2/repository/org/apache/commons/commons-text/1.4/commons-text-1.4.jar:/home/user/.m2/repository/org/apache/avro/avro/1.7.7/avro-1.7.7.jar:/home/user/.m2/repository/com/thoughtworks/paranamer/paranamer/2.3/paranamer-2.3.jar:/home/user/.m2/repository/org/xerial/snappy/snappy-java/1.0.5/snappy-java-1.0.5.jar:/home/user/.m2/repository/com/google/re2j/re2j/1.1/re2j-1.1.jar:/home/user/.m2/repository/com/google/code/gson/gson/2.2.4/gson-2.2.4.jar:/home/user/.m2/repository/com/jcraft/jsch/0.1.54/jsch-0.1.54.jar:/home/user/.m2/repository/org/apache/curator/curator-client/2.12.0/curator-client-2.12.0.jar:/home/user/.m2/repository/org/apache/curator/curator-recipes/2.12.0/curator-recipes-2.12.0.jar:/home/user/.m2/repository/com/google/code/findbugs/jsr305/3.0.0/jsr305-3.0.0.jar:/home/user/.m2/repository/org/apache/htrace/htrace-core4/4.1.0-incubating/htrace-core4-4.1.0-incubating.jar:/home/user/.m2/repository/org/apache/zookeeper/zookeeper/3.4.13/zookeeper-3.4.13.jar:/home/user/.m2/repository/org/apache/yetus/audience-annotations/0.5.0/audience-annotations-0.5.0.jar:/home/user/.m2/repository/org/codehaus/woodstox/stax2-api/3.1.4/stax2-api-3.1.4.jar:/home/user/.m2/repository/com/fasterxml/woodstox/woodstox-core/5.0.3/woodstox-core-5.0.3.jar:/home/user/.m2/repository/dnsjava/dnsjava/2.1.7/dnsjava-2.1.7.jar:/home/user/.m2/repository/org/apache/hadoop/hadoop-hdfs/3.2.0/hadoop-hdfs-3.2.0-tests.jar:/home/user/.m2/repository/org/eclipse/jetty/jetty-util-ajax/9.3.24.v20180605/jetty-util-ajax-9.3.24.v20180605.jar:/home/user/.m2/repository/commons-daemon/commons-daemon/1.0.13/commons-daemon-1.0.13.jar:/home/user/.m2/repository/io/netty/netty/3.10.5.Final/netty-3.10.5.Final.jar:/home/user/.m2/repository/io/netty/netty-all/4.0.52.Final/netty-all-4.0.52.Final.jar:/home/user/.m2/repository/org/fusesource/leveldbjni/leveldbjni-all/1.8/leveldbjni-all-1.8.jar:"/>
    <property name="sun.cpu.endian" value="little"/>
    <property name="user.home" value="/home/user"/>
    <property name="user.language" value="en"/>
    <property name="java.specification.vendor" value="Oracle Corporation"/>
    <property name="java.home" value="/usr/lib/jvm/java-1.8-openjdk/jre"/>
    <property name="java.security.krb5.conf" value="/workdir/hadoop-ozone/integration-test/target/test-classes/krb5.conf"/>
    <property name="basedir" value="/workdir/hadoop-ozone/integration-test"/>
    <property name="file.separator" value="/"/>
    <property name="line.separator" value="&#10;"/>
    <property name="java.vm.specification.vendor" value="Oracle Corporation"/>
    <property name="java.specification.name" value="Java Platform API Specification"/>
    <property name="java.awt.graphicsenv" value="sun.awt.X11GraphicsEnvironment"/>
    <property name="surefire.real.class.path" value="/workdir/hadoop-ozone/integration-test/target/surefire/surefirebooter2069002471689192088.jar"/>
    <property name="hadoop.log.dir" value="/workdir/hadoop-ozone/integration-test/target/log"/>
    <property name="sun.boot.class.path" value="/usr/lib/jvm/java-1.8-openjdk/jre/lib/resources.jar:/usr/lib/jvm/java-1.8-openjdk/jre/lib/rt.jar:/usr/lib/jvm/java-1.8-openjdk/jre/lib/sunrsasign.jar:/usr/lib/jvm/java-1.8-openjdk/jre/lib/jsse.jar:/usr/lib/jvm/java-1.8-openjdk/jre/lib/jce.jar:/usr/lib/jvm/java-1.8-openjdk/jre/lib/charsets.jar:/usr/lib/jvm/java-1.8-openjdk/jre/lib/jfr.jar:/usr/lib/jvm/java-1.8-openjdk/jre/classes"/>
    <property name="sun.management.compiler" value="HotSpot 64-Bit Tiered Compilers"/>
    <property name="java.runtime.version" value="1.8.0_212-b04"/>
    <property name="java.net.preferIPv4Stack" value="true"/>
    <property name="user.name" value="jenkins1000"/>
    <property name="path.separator" value=":"/>
    <property name="java.security.egd" value="file:///dev/urandom"/>
    <property name="os.version" value="3.10.0-957.12.2.el7.x86_64"/>
    <property name="java.endorsed.dirs" value="/usr/lib/jvm/java-1.8-openjdk/jre/lib/endorsed"/>
    <property name="java.runtime.name" value="OpenJDK Runtime Environment"/>
    <property name="file.encoding" value="UTF-8"/>
    <property name="java.vm.name" value="OpenJDK 64-Bit Server VM"/>
    <property name="test.build.webapps" value=""/>
    <property name="localRepository" value="/home/user/.m2/repository"/>
    <property name="java.vendor.url.bug" value="https://icedtea.classpath.org/bugzilla"/>
    <property name="java.io.tmpdir" value="/tmp"/>
    <property name="require.test.libhadoop" value=""/>
    <property name="java.version" value="1.8.0_212"/>
    <property name="user.dir" value="/workdir/hadoop-ozone/integration-test"/>
    <property name="os.arch" value="amd64"/>
    <property name="java.vm.specification.name" value="Java Virtual Machine Specification"/>
    <property name="test.build.classes" value="/workdir/hadoop-ozone/integration-test/target/test-classes"/>
    <property name="java.awt.printerjob" value="sun.print.PSPrinterJob"/>
    <property name="sun.os.patch.level" value="unknown"/>
    <property name="hadoop.tmp.dir" value="/workdir/hadoop-ozone/integration-test/target/tmp"/>
    <property name="java.library.path" value="/usr/lib/jvm/java-1.8-openjdk/jre/lib/amd64/server:/usr/lib/jvm/java-1.8-openjdk/jre/lib/amd64:/usr/lib/jvm/java-1.8-openjdk/jre/../lib/amd64:/workdir/hadoop-ozone/integration-test/target/native/target/usr/local/lib:/workdir/hadoop-ozone/integration-test/../../hadoop-common-project/hadoop-common/target/native/target/usr/local/lib:/usr/java/packages/lib/amd64:/usr/lib64:/lib64:/lib:/usr/lib"/>
    <property name="java.vm.info" value="mixed mode"/>
    <property name="java.vendor" value="IcedTea"/>
    <property name="java.vm.version" value="25.212-b04"/>
    <property name="java.ext.dirs" value="/usr/lib/jvm/java-1.8-openjdk/jre/lib/ext:/usr/java/packages/lib/ext"/>
    <property name="sun.io.unicode.encoding" value="UnicodeLittle"/>
    <property name="java.class.version" value="52.0"/>
  </properties>
  <testcase name="testReleaseBuffers" classname="org.apache.hadoop.ozone.client.rpc.TestCommitWatcher" time="6.169"/>
  <testcase name="testReleaseBuffersOnException" classname="org.apache.hadoop.ozone.client.rpc.TestCommitWatcher" time="14.919">
    <failure type="java.lang.AssertionError">java.lang.AssertionError
	at org.junit.Assert.fail(Assert.java:86)
	at org.junit.Assert.assertTrue(Assert.java:41)
	at org.junit.Assert.assertTrue(Assert.java:52)
	at org.apache.hadoop.ozone.client.rpc.TestCommitWatcher.testReleaseBuffersOnException(TestCommitWatcher.java:284)
	at sun.reflect.NativeMethodAccessorImpl.invoke0(Native Method)
	at sun.reflect.NativeMethodAccessorImpl.invoke(NativeMethodAccessorImpl.java:62)
	at sun.reflect.DelegatingMethodAccessorImpl.invoke(DelegatingMethodAccessorImpl.java:43)
	at java.lang.reflect.Method.invoke(Method.java:498)
	at org.junit.runners.model.FrameworkMethod$1.runReflectiveCall(FrameworkMethod.java:47)
	at org.junit.internal.runners.model.ReflectiveCallable.run(ReflectiveCallable.java:12)
	at org.junit.runners.model.FrameworkMethod.invokeExplosively(FrameworkMethod.java:44)
	at org.junit.internal.runners.statements.InvokeMethod.evaluate(InvokeMethod.java:17)
	at org.junit.runners.ParentRunner.runLeaf(ParentRunner.java:271)
	at org.junit.runners.BlockJUnit4ClassRunner.runChild(BlockJUnit4ClassRunner.java:70)
	at org.junit.runners.BlockJUnit4ClassRunner.runChild(BlockJUnit4ClassRunner.java:50)
	at org.junit.runners.ParentRunner$3.run(ParentRunner.java:238)
	at org.junit.runners.ParentRunner$1.schedule(ParentRunner.java:63)
	at org.junit.runners.ParentRunner.runChildren(ParentRunner.java:236)
	at org.junit.runners.ParentRunner.access$000(ParentRunner.java:53)
	at org.junit.runners.ParentRunner$2.evaluate(ParentRunner.java:229)
	at org.junit.internal.runners.statements.RunBefores.evaluate(RunBefores.java:26)
	at org.junit.internal.runners.statements.RunAfters.evaluate(RunAfters.java:27)
	at org.junit.runners.ParentRunner.run(ParentRunner.java:309)
	at org.apache.maven.surefire.junit4.JUnit4Provider.execute(JUnit4Provider.java:365)
	at org.apache.maven.surefire.junit4.JUnit4Provider.executeWithRerun(JUnit4Provider.java:273)
	at org.apache.maven.surefire.junit4.JUnit4Provider.executeTestSet(JUnit4Provider.java:238)
	at org.apache.maven.surefire.junit4.JUnit4Provider.invoke(JUnit4Provider.java:159)
	at org.apache.maven.surefire.booter.ForkedBooter.invokeProviderInSameClassLoader(ForkedBooter.java:384)
	at org.apache.maven.surefire.booter.ForkedBooter.runSuitesInProcess(ForkedBooter.java:345)
	at org.apache.maven.surefire.booter.ForkedBooter.execute(ForkedBooter.java:126)
	at org.apache.maven.surefire.booter.ForkedBooter.main(ForkedBooter.java:418)
</failure>
    <system-out><![CDATA[2019-08-27 09:28:12,612 | INFO  | DNAudit | user=null | ip=null | op=PUT_BLOCK {blockData=[blockId=conID: 1 locID: 1566898086503 bcsId: 0,size=1048576]} | ret=SUCCESS |  
2019-08-27 09:28:12,615 | INFO  | DNAudit | user=null | ip=null | op=PUT_BLOCK {blockData=[blockId=conID: 1 locID: 1566898086503 bcsId: 0,size=1048576]} | ret=SUCCESS |  
2019-08-27 09:28:12,616 | INFO  | DNAudit | user=null | ip=null | op=WRITE_CHUNK {blockData=conID: 1 locID: 1566898086503 bcsId: 0} | ret=SUCCESS |  
2019-08-27 09:28:12,617 | INFO  | DNAudit | user=null | ip=null | op=PUT_BLOCK {blockData=[blockId=conID: 1 locID: 1566898086503 bcsId: 0,size=1048576]} | ret=SUCCESS |  
2019-08-27 09:28:12,655 [grpc-default-executor-1] INFO  client.GrpcClientProtocolClient (GrpcClientProtocolClient.java:onNext(255)) - client-D67CE4F4FD2B->220a6c7e-7b18-4d69-ad7f-47b43aec3b9e: receive RaftClientReply:client-D67CE4F4FD2B->220a6c7e-7b18-4d69-ad7f-47b43aec3b9e@group-D876420C677A, cid=17, FAILED org.apache.ratis.protocol.NotLeaderException: Server 220a6c7e-7b18-4d69-ad7f-47b43aec3b9e is not the leader (null). Request must be sent to leader., logIndex=0, commits[220a6c7e-7b18-4d69-ad7f-47b43aec3b9e:c-1]
2019-08-27 09:28:12,848 | INFO  | SCMAudit | user=jenkins1000 | ip=192.168.36.88 | op=SEND_HEARTBEAT {datanodeUUID=0aeb69c1-2162-4da5-9b92-99765a956e23, command=[]} | ret=SUCCESS |  
2019-08-27 09:28:13,024 | INFO  | SCMAudit | user=jenkins1000 | ip=192.168.36.88 | op=SEND_HEARTBEAT {datanodeUUID=705b830a-89d6-4f05-8970-a91004465a9b, command=[]} | ret=SUCCESS |  
2019-08-27 09:28:13,224 | INFO  | SCMAudit | user=jenkins1000 | ip=192.168.36.88 | op=SEND_HEARTBEAT {datanodeUUID=4f4e1c33-1a72-4b0c-846f-19f20a327880, command=[]} | ret=SUCCESS |  
2019-08-27 09:28:13,224 | INFO  | SCMAudit | user=jenkins1000 | ip=192.168.36.88 | op=SEND_HEARTBEAT {datanodeUUID=ff811198-893e-46a7-83b1-3243976e4aab, command=[]} | ret=SUCCESS |  
2019-08-27 09:28:13,224 | INFO  | SCMAudit | user=jenkins1000 | ip=192.168.36.88 | op=SEND_HEARTBEAT {datanodeUUID=3a6faa00-80be-4da0-b977-ba9b2bd3e70e, command=[]} | ret=SUCCESS |  
2019-08-27 09:28:13,236 | INFO  | SCMAudit | user=jenkins1000 | ip=192.168.36.88 | op=SEND_HEARTBEAT {datanodeUUID=220a6c7e-7b18-4d69-ad7f-47b43aec3b9e, command=[]} | ret=SUCCESS |  
2019-08-27 09:28:13,503 | INFO  | SCMAudit | user=jenkins1000 | ip=192.168.36.88 | op=SEND_HEARTBEAT {datanodeUUID=29b7da87-54ec-432d-b9d6-fda55f19c3d7, command=[]} | ret=SUCCESS |  
2019-08-27 09:28:13,689 [grpc-default-executor-1] INFO  client.GrpcClientProtocolClient (GrpcClientProtocolClient.java:onNext(255)) - client-D67CE4F4FD2B->29b7da87-54ec-432d-b9d6-fda55f19c3d7: receive RaftClientReply:client-D67CE4F4FD2B->29b7da87-54ec-432d-b9d6-fda55f19c3d7@group-D876420C677A, cid=17, FAILED org.apache.ratis.protocol.NotLeaderException: Server 29b7da87-54ec-432d-b9d6-fda55f19c3d7 is not the leader (null). Request must be sent to leader., logIndex=0, commits[29b7da87-54ec-432d-b9d6-fda55f19c3d7:c-1]
2019-08-27 09:28:13,848 | INFO  | SCMAudit | user=jenkins1000 | ip=192.168.36.88 | op=SEND_HEARTBEAT {datanodeUUID=0aeb69c1-2162-4da5-9b92-99765a956e23, command=[]} | ret=SUCCESS |  
2019-08-27 09:28:14,024 | INFO  | SCMAudit | user=jenkins1000 | ip=192.168.36.88 | op=SEND_HEARTBEAT {datanodeUUID=705b830a-89d6-4f05-8970-a91004465a9b, command=[]} | ret=SUCCESS |  
2019-08-27 09:28:14,225 | INFO  | SCMAudit | user=jenkins1000 | ip=192.168.36.88 | op=SEND_HEARTBEAT {datanodeUUID=3a6faa00-80be-4da0-b977-ba9b2bd3e70e, command=[]} | ret=SUCCESS |  
2019-08-27 09:28:14,225 | INFO  | SCMAudit | user=jenkins1000 | ip=192.168.36.88 | op=SEND_HEARTBEAT {datanodeUUID=ff811198-893e-46a7-83b1-3243976e4aab, command=[]} | ret=SUCCESS |  
2019-08-27 09:28:14,225 | INFO  | SCMAudit | user=jenkins1000 | ip=192.168.36.88 | op=SEND_HEARTBEAT {datanodeUUID=4f4e1c33-1a72-4b0c-846f-19f20a327880, command=[]} | ret=SUCCESS |  
2019-08-27 09:28:14,236 | INFO  | SCMAudit | user=jenkins1000 | ip=192.168.36.88 | op=SEND_HEARTBEAT {datanodeUUID=220a6c7e-7b18-4d69-ad7f-47b43aec3b9e, command=[]} | ret=SUCCESS |  
2019-08-27 09:28:14,503 | INFO  | SCMAudit | user=jenkins1000 | ip=192.168.36.88 | op=SEND_HEARTBEAT {datanodeUUID=29b7da87-54ec-432d-b9d6-fda55f19c3d7, command=[]} | ret=SUCCESS |  
2019-08-27 09:28:14,727 [grpc-default-executor-1] INFO  client.GrpcClientProtocolClient (GrpcClientProtocolClient.java:onNext(255)) - client-D67CE4F4FD2B->705b830a-89d6-4f05-8970-a91004465a9b: receive RaftClientReply:client-D67CE4F4FD2B->705b830a-89d6-4f05-8970-a91004465a9b@group-D876420C677A, cid=17, FAILED org.apache.ratis.protocol.NotLeaderException: Server 705b830a-89d6-4f05-8970-a91004465a9b is not the leader (null). Request must be sent to leader., logIndex=0, commits[705b830a-89d6-4f05-8970-a91004465a9b:c-1]
2019-08-27 09:28:14,847 | INFO  | SCMAudit | user=jenkins1000 | ip=192.168.36.88 | op=SEND_HEARTBEAT {datanodeUUID=0aeb69c1-2162-4da5-9b92-99765a956e23, command=[]} | ret=SUCCESS |  
2019-08-27 09:28:15,028 | INFO  | SCMAudit | user=jenkins1000 | ip=192.168.36.88 | op=SEND_HEARTBEAT {datanodeUUID=705b830a-89d6-4f05-8970-a91004465a9b, command=[]} | ret=SUCCESS |  
2019-08-27 09:28:15,225 | INFO  | SCMAudit | user=jenkins1000 | ip=192.168.36.88 | op=SEND_HEARTBEAT {datanodeUUID=ff811198-893e-46a7-83b1-3243976e4aab, command=[]} | ret=SUCCESS |  
2019-08-27 09:28:15,225 | INFO  | SCMAudit | user=jenkins1000 | ip=192.168.36.88 | op=SEND_HEARTBEAT {datanodeUUID=3a6faa00-80be-4da0-b977-ba9b2bd3e70e, command=[]} | ret=SUCCESS |  
2019-08-27 09:28:15,225 | INFO  | SCMAudit | user=jenkins1000 | ip=192.168.36.88 | op=SEND_HEARTBEAT {datanodeUUID=4f4e1c33-1a72-4b0c-846f-19f20a327880, command=[]} | ret=SUCCESS |  
2019-08-27 09:28:15,236 | INFO  | SCMAudit | user=jenkins1000 | ip=192.168.36.88 | op=SEND_HEARTBEAT {datanodeUUID=220a6c7e-7b18-4d69-ad7f-47b43aec3b9e, command=[]} | ret=SUCCESS |  
2019-08-27 09:28:15,502 | INFO  | SCMAudit | user=jenkins1000 | ip=192.168.36.88 | op=SEND_HEARTBEAT {datanodeUUID=29b7da87-54ec-432d-b9d6-fda55f19c3d7, command=[]} | ret=SUCCESS |  
2019-08-27 09:28:15,761 [grpc-default-executor-4] INFO  client.GrpcClientProtocolClient (GrpcClientProtocolClient.java:onNext(255)) - client-D67CE4F4FD2B->29b7da87-54ec-432d-b9d6-fda55f19c3d7: receive RaftClientReply:client-D67CE4F4FD2B->29b7da87-54ec-432d-b9d6-fda55f19c3d7@group-D876420C677A, cid=17, FAILED org.apache.ratis.protocol.NotLeaderException: Server 29b7da87-54ec-432d-b9d6-fda55f19c3d7 is not the leader (null). Request must be sent to leader., logIndex=0, commits[29b7da87-54ec-432d-b9d6-fda55f19c3d7:c-1]
2019-08-27 09:28:15,848 | INFO  | SCMAudit | user=jenkins1000 | ip=192.168.36.88 | op=SEND_HEARTBEAT {datanodeUUID=0aeb69c1-2162-4da5-9b92-99765a956e23, command=[]} | ret=SUCCESS |  
2019-08-27 09:28:16,028 | INFO  | SCMAudit | user=jenkins1000 | ip=192.168.36.88 | op=SEND_HEARTBEAT {datanodeUUID=705b830a-89d6-4f05-8970-a91004465a9b, command=[]} | ret=SUCCESS |  
2019-08-27 09:28:16,224 | INFO  | SCMAudit | user=jenkins1000 | ip=192.168.36.88 | op=SEND_HEARTBEAT {datanodeUUID=4f4e1c33-1a72-4b0c-846f-19f20a327880, command=[]} | ret=SUCCESS |  
2019-08-27 09:28:16,224 | INFO  | SCMAudit | user=jenkins1000 | ip=192.168.36.88 | op=SEND_HEARTBEAT {datanodeUUID=3a6faa00-80be-4da0-b977-ba9b2bd3e70e, command=[]} | ret=SUCCESS |  
2019-08-27 09:28:16,224 | INFO  | SCMAudit | user=jenkins1000 | ip=192.168.36.88 | op=SEND_HEARTBEAT {datanodeUUID=ff811198-893e-46a7-83b1-3243976e4aab, command=[]} | ret=SUCCESS |  
2019-08-27 09:28:16,236 | INFO  | SCMAudit | user=jenkins1000 | ip=192.168.36.88 | op=SEND_HEARTBEAT {datanodeUUID=220a6c7e-7b18-4d69-ad7f-47b43aec3b9e, command=[]} | ret=SUCCESS |  
2019-08-27 09:28:16,503 | INFO  | SCMAudit | user=jenkins1000 | ip=192.168.36.88 | op=SEND_HEARTBEAT {datanodeUUID=29b7da87-54ec-432d-b9d6-fda55f19c3d7, command=[]} | ret=SUCCESS |  
2019-08-27 09:28:16,503 [Thread-333] INFO  impl.FollowerState (FollowerState.java:run(106)) - 220a6c7e-7b18-4d69-ad7f-47b43aec3b9e:group-D876420C677A changes to CANDIDATE, lastRpcTime:5013, electionTimeout:5011ms
2019-08-27 09:28:16,506 [Thread-333] INFO  impl.RoleInfo (RoleInfo.java:shutdownFollowerState(121)) - 220a6c7e-7b18-4d69-ad7f-47b43aec3b9e: shutdown FollowerState
2019-08-27 09:28:16,506 [Thread-333] INFO  impl.RaftServerImpl (RaftServerImpl.java:setRole(171)) - 220a6c7e-7b18-4d69-ad7f-47b43aec3b9e:group-D876420C677A changes role from FOLLOWER to CANDIDATE at term 1 for changeToCandidate
2019-08-27 09:28:16,507 [Thread-333] INFO  impl.RoleInfo (RoleInfo.java:updateAndGet(143)) - 220a6c7e-7b18-4d69-ad7f-47b43aec3b9e: start LeaderElection
2019-08-27 09:28:16,534 [220a6c7e-7b18-4d69-ad7f-47b43aec3b9e:group-D876420C677A:LeaderElection12] INFO  impl.LeaderElection (LeaderElection.java:askForVotes(181)) - 220a6c7e-7b18-4d69-ad7f-47b43aec3b9e:group-D876420C677A:LeaderElection12: begin an election at term 2 for -1: [29b7da87-54ec-432d-b9d6-fda55f19c3d7:192.168.36.88:35030, 705b830a-89d6-4f05-8970-a91004465a9b:192.168.36.88:36561, 220a6c7e-7b18-4d69-ad7f-47b43aec3b9e:192.168.36.88:36662], old=null
2019-08-27 09:28:16,545 [grpc-default-executor-1] INFO  impl.RaftServerImpl (RaftServerImpl.java:setRole(171)) - 705b830a-89d6-4f05-8970-a91004465a9b:group-D876420C677A changes role from FOLLOWER to FOLLOWER at term 2 for recognizeCandidate:220a6c7e-7b18-4d69-ad7f-47b43aec3b9e
2019-08-27 09:28:16,545 [grpc-default-executor-4] INFO  impl.RaftServerImpl (RaftServerImpl.java:setRole(171)) - 29b7da87-54ec-432d-b9d6-fda55f19c3d7:group-D876420C677A changes role from FOLLOWER to FOLLOWER at term 2 for recognizeCandidate:220a6c7e-7b18-4d69-ad7f-47b43aec3b9e
2019-08-27 09:28:16,545 [grpc-default-executor-1] INFO  impl.RoleInfo (RoleInfo.java:shutdownFollowerState(121)) - 705b830a-89d6-4f05-8970-a91004465a9b: shutdown FollowerState
2019-08-27 09:28:16,546 [grpc-default-executor-4] INFO  impl.RoleInfo (RoleInfo.java:shutdownFollowerState(121)) - 29b7da87-54ec-432d-b9d6-fda55f19c3d7: shutdown FollowerState
2019-08-27 09:28:16,546 [Thread-332] INFO  impl.FollowerState (FollowerState.java:run(114)) - 705b830a-89d6-4f05-8970-a91004465a9b: FollowerState was interrupted: java.lang.InterruptedException: sleep interrupted
2019-08-27 09:28:16,546 [grpc-default-executor-4] INFO  impl.RoleInfo (RoleInfo.java:updateAndGet(143)) - 29b7da87-54ec-432d-b9d6-fda55f19c3d7: start FollowerState
2019-08-27 09:28:16,546 [grpc-default-executor-1] INFO  impl.RoleInfo (RoleInfo.java:updateAndGet(143)) - 705b830a-89d6-4f05-8970-a91004465a9b: start FollowerState
2019-08-27 09:28:16,546 [Thread-331] INFO  impl.FollowerState (FollowerState.java:run(114)) - 29b7da87-54ec-432d-b9d6-fda55f19c3d7: FollowerState was interrupted: java.lang.InterruptedException: sleep interrupted
2019-08-27 09:28:16,566 [220a6c7e-7b18-4d69-ad7f-47b43aec3b9e:group-D876420C677A:LeaderElection12] INFO  impl.LeaderElection (LeaderElection.java:logAndReturn(56)) - 220a6c7e-7b18-4d69-ad7f-47b43aec3b9e:group-D876420C677A:LeaderElection12: Election PASSED; received 1 response(s) [220a6c7e-7b18-4d69-ad7f-47b43aec3b9e<-705b830a-89d6-4f05-8970-a91004465a9b#0:OK-t2] and 0 exception(s); 220a6c7e-7b18-4d69-ad7f-47b43aec3b9e:t2, leader=null, voted=220a6c7e-7b18-4d69-ad7f-47b43aec3b9e, raftlog=220a6c7e-7b18-4d69-ad7f-47b43aec3b9e-SegmentedRaftLog:OPENED:c-1,f-1,i0, conf=-1: [29b7da87-54ec-432d-b9d6-fda55f19c3d7:192.168.36.88:35030, 705b830a-89d6-4f05-8970-a91004465a9b:192.168.36.88:36561, 220a6c7e-7b18-4d69-ad7f-47b43aec3b9e:192.168.36.88:36662], old=null
2019-08-27 09:28:16,566 [220a6c7e-7b18-4d69-ad7f-47b43aec3b9e:group-D876420C677A:LeaderElection12] INFO  impl.RoleInfo (RoleInfo.java:shutdownLeaderElection(134)) - 220a6c7e-7b18-4d69-ad7f-47b43aec3b9e: shutdown LeaderElection
2019-08-27 09:28:16,578 [220a6c7e-7b18-4d69-ad7f-47b43aec3b9e:group-D876420C677A:LeaderElection12] INFO  impl.RaftServerImpl (RaftServerImpl.java:setRole(171)) - 220a6c7e-7b18-4d69-ad7f-47b43aec3b9e:group-D876420C677A changes role from CANDIDATE to LEADER at term 2 for changeToLeader
2019-08-27 09:28:16,578 [220a6c7e-7b18-4d69-ad7f-47b43aec3b9e:group-D876420C677A:LeaderElection12] INFO  impl.RaftServerImpl (ServerState.java:setLeader(263)) - 220a6c7e-7b18-4d69-ad7f-47b43aec3b9e:group-D876420C677A change Leader from null to 220a6c7e-7b18-4d69-ad7f-47b43aec3b9e at term 2 for becomeLeader, leader elected after 10300ms
2019-08-27 09:28:16,578 [220a6c7e-7b18-4d69-ad7f-47b43aec3b9e:group-D876420C677A:LeaderElection12] INFO  server.RaftServerConfigKeys (ConfUtils.java:logGet(43)) - raft.server.staging.catchup.gap = 1000 (default)
2019-08-27 09:28:16,578 [220a6c7e-7b18-4d69-ad7f-47b43aec3b9e:group-D876420C677A:LeaderElection12] INFO  server.RaftServerConfigKeys (ConfUtils.java:logGet(43)) - raft.server.rpc.sleep.time = 25ms (default)
2019-08-27 09:28:16,579 [220a6c7e-7b18-4d69-ad7f-47b43aec3b9e:group-D876420C677A:LeaderElection12] INFO  server.RaftServerConfigKeys (ConfUtils.java:logGet(43)) - raft.server.write.element-limit = 4096 (default)
2019-08-27 09:28:16,579 [220a6c7e-7b18-4d69-ad7f-47b43aec3b9e:group-D876420C677A:LeaderElection12] INFO  server.RaftServerConfigKeys (ConfUtils.java:logGet(43)) - raft.server.watch.timeout = 10s (default)
2019-08-27 09:28:16,579 [220a6c7e-7b18-4d69-ad7f-47b43aec3b9e:group-D876420C677A:LeaderElection12] INFO  server.RaftServerConfigKeys (ConfUtils.java:logGet(43)) - raft.server.watch.timeout.denomination = 1s (default)
2019-08-27 09:28:16,579 [220a6c7e-7b18-4d69-ad7f-47b43aec3b9e:group-D876420C677A:LeaderElection12] INFO  server.RaftServerConfigKeys (ConfUtils.java:logGet(43)) - raft.server.watch.element-limit = 65536 (default)
2019-08-27 09:28:16,580 [220a6c7e-7b18-4d69-ad7f-47b43aec3b9e:group-D876420C677A:LeaderElection12] INFO  server.RaftServerConfigKeys (ConfUtils.java:logGet(43)) - raft.server.log.appender.snapshot.chunk.size.max = 16MB (=16777216) (default)
2019-08-27 09:28:16,580 [220a6c7e-7b18-4d69-ad7f-47b43aec3b9e:group-D876420C677A:LeaderElection12] INFO  server.RaftServerConfigKeys (ConfUtils.java:logGet(43)) - raft.server.log.appender.buffer.byte-limit = 33554432 (custom)
2019-08-27 09:28:16,580 [220a6c7e-7b18-4d69-ad7f-47b43aec3b9e:group-D876420C677A:LeaderElection12] INFO  server.RaftServerConfigKeys (ConfUtils.java:logGet(43)) - raft.server.log.appender.buffer.element-limit = 1 (custom)
2019-08-27 09:28:16,580 [220a6c7e-7b18-4d69-ad7f-47b43aec3b9e:group-D876420C677A:LeaderElection12] INFO  grpc.GrpcConfigKeys$Server (ConfUtils.java:logGet(43)) - raft.grpc.server.leader.outstanding.appends.max = 128 (default)
2019-08-27 09:28:16,582 [220a6c7e-7b18-4d69-ad7f-47b43aec3b9e:group-D876420C677A:LeaderElection12] INFO  server.RaftServerConfigKeys (ConfUtils.java:logGet(43)) - raft.server.rpc.request.timeout = 3000ms (default)
2019-08-27 09:28:16,583 [220a6c7e-7b18-4d69-ad7f-47b43aec3b9e:group-D876420C677A:LeaderElection12] INFO  server.RaftServerConfigKeys (ConfUtils.java:logGet(43)) - raft.server.log.appender.install.snapshot.enabled = false (custom)
2019-08-27 09:28:16,583 [220a6c7e-7b18-4d69-ad7f-47b43aec3b9e:group-D876420C677A:LeaderElection12] INFO  server.RaftServerConfigKeys (ConfUtils.java:logGet(43)) - raft.server.log.appender.snapshot.chunk.size.max = 16MB (=16777216) (default)
2019-08-27 09:28:16,583 [220a6c7e-7b18-4d69-ad7f-47b43aec3b9e:group-D876420C677A:LeaderElection12] INFO  server.RaftServerConfigKeys (ConfUtils.java:logGet(43)) - raft.server.log.appender.buffer.byte-limit = 33554432 (custom)
2019-08-27 09:28:16,583 [220a6c7e-7b18-4d69-ad7f-47b43aec3b9e:group-D876420C677A:LeaderElection12] INFO  server.RaftServerConfigKeys (ConfUtils.java:logGet(43)) - raft.server.log.appender.buffer.element-limit = 1 (custom)
2019-08-27 09:28:16,584 [220a6c7e-7b18-4d69-ad7f-47b43aec3b9e:group-D876420C677A:LeaderElection12] INFO  grpc.GrpcConfigKeys$Server (ConfUtils.java:logGet(43)) - raft.grpc.server.leader.outstanding.appends.max = 128 (default)
2019-08-27 09:28:16,584 [220a6c7e-7b18-4d69-ad7f-47b43aec3b9e:group-D876420C677A:LeaderElection12] INFO  server.RaftServerConfigKeys (ConfUtils.java:logGet(43)) - raft.server.rpc.request.timeout = 3000ms (default)
2019-08-27 09:28:16,584 [220a6c7e-7b18-4d69-ad7f-47b43aec3b9e:group-D876420C677A:LeaderElection12] INFO  server.RaftServerConfigKeys (ConfUtils.java:logGet(43)) - raft.server.log.appender.install.snapshot.enabled = false (custom)
2019-08-27 09:28:16,584 [220a6c7e-7b18-4d69-ad7f-47b43aec3b9e:group-D876420C677A:LeaderElection12] INFO  impl.RoleInfo (RoleInfo.java:updateAndGet(143)) - 220a6c7e-7b18-4d69-ad7f-47b43aec3b9e: start LeaderState
2019-08-27 09:28:16,584 [220a6c7e-7b18-4d69-ad7f-47b43aec3b9e:group-D876420C677A:LeaderElection12] INFO  segmented.SegmentedRaftLogWorker (SegmentedRaftLogWorker.java:startLogSegment(380)) - 220a6c7e-7b18-4d69-ad7f-47b43aec3b9e-SegmentedRaftLogWorker:Storage Directory /workdir/hadoop-ozone/integration-test/target/test-dir/MiniOzoneClusterImpl-b0c517ef-1cdb-4d30-8625-95ccbbf439ec/datanode-5/data/ratis/dcf14f64-0568-4b35-bf24-d876420c677a: Starting segment from index:0
2019-08-27 09:28:16,585 [220a6c7e-7b18-4d69-ad7f-47b43aec3b9e:group-D876420C677A:LeaderElection12] INFO  impl.RaftServerImpl (ServerState.java:setRaftConf(361)) - 220a6c7e-7b18-4d69-ad7f-47b43aec3b9e:group-D876420C677A set configuration 0: [29b7da87-54ec-432d-b9d6-fda55f19c3d7:192.168.36.88:35030, 705b830a-89d6-4f05-8970-a91004465a9b:192.168.36.88:36561, 220a6c7e-7b18-4d69-ad7f-47b43aec3b9e:192.168.36.88:36662], old=null at 0
2019-08-27 09:28:16,588 [grpc-default-executor-1] INFO  impl.RaftServerImpl (ServerState.java:setLeader(263)) - 29b7da87-54ec-432d-b9d6-fda55f19c3d7:group-D876420C677A change Leader from null to 220a6c7e-7b18-4d69-ad7f-47b43aec3b9e at term 2 for appendEntries, leader elected after 10310ms
2019-08-27 09:28:16,620 [grpc-default-executor-4] INFO  impl.RaftServerImpl (ServerState.java:setLeader(263)) - 705b830a-89d6-4f05-8970-a91004465a9b:group-D876420C677A change Leader from null to 220a6c7e-7b18-4d69-ad7f-47b43aec3b9e at term 2 for appendEntries, leader elected after 10342ms
2019-08-27 09:28:16,624 [grpc-default-executor-4] INFO  impl.RaftServerImpl (ServerState.java:setRaftConf(361)) - 29b7da87-54ec-432d-b9d6-fda55f19c3d7:group-D876420C677A set configuration 0: [29b7da87-54ec-432d-b9d6-fda55f19c3d7:192.168.36.88:35030, 705b830a-89d6-4f05-8970-a91004465a9b:192.168.36.88:36561, 220a6c7e-7b18-4d69-ad7f-47b43aec3b9e:192.168.36.88:36662], old=null at 0
2019-08-27 09:28:16,624 [grpc-default-executor-1] INFO  impl.RaftServerImpl (ServerState.java:setRaftConf(361)) - 705b830a-89d6-4f05-8970-a91004465a9b:group-D876420C677A set configuration 0: [29b7da87-54ec-432d-b9d6-fda55f19c3d7:192.168.36.88:35030, 705b830a-89d6-4f05-8970-a91004465a9b:192.168.36.88:36561, 220a6c7e-7b18-4d69-ad7f-47b43aec3b9e:192.168.36.88:36662], old=null at 0
2019-08-27 09:28:16,624 [grpc-default-executor-4] INFO  segmented.SegmentedRaftLogWorker (SegmentedRaftLogWorker.java:startLogSegment(380)) - 29b7da87-54ec-432d-b9d6-fda55f19c3d7-SegmentedRaftLogWorker:Storage Directory /workdir/hadoop-ozone/integration-test/target/test-dir/MiniOzoneClusterImpl-b0c517ef-1cdb-4d30-8625-95ccbbf439ec/datanode-6/data/ratis/dcf14f64-0568-4b35-bf24-d876420c677a: Starting segment from index:0
2019-08-27 09:28:16,624 [grpc-default-executor-1] INFO  segmented.SegmentedRaftLogWorker (SegmentedRaftLogWorker.java:startLogSegment(380)) - 705b830a-89d6-4f05-8970-a91004465a9b-SegmentedRaftLogWorker:Storage Directory /workdir/hadoop-ozone/integration-test/target/test-dir/MiniOzoneClusterImpl-b0c517ef-1cdb-4d30-8625-95ccbbf439ec/datanode-0/data/ratis/dcf14f64-0568-4b35-bf24-d876420c677a: Starting segment from index:0
2019-08-27 09:28:16,644 [220a6c7e-7b18-4d69-ad7f-47b43aec3b9e-SegmentedRaftLogWorker:Storage Directory /workdir/hadoop-ozone/integration-test/target/test-dir/MiniOzoneClusterImpl-b0c517ef-1cdb-4d30-8625-95ccbbf439ec/datanode-5/data/ratis/dcf14f64-0568-4b35-bf24-d876420c677a] INFO  segmented.SegmentedRaftLogWorker (SegmentedRaftLogWorker.java:execute(569)) - 220a6c7e-7b18-4d69-ad7f-47b43aec3b9e-SegmentedRaftLogWorker:Storage Directory /workdir/hadoop-ozone/integration-test/target/test-dir/MiniOzoneClusterImpl-b0c517ef-1cdb-4d30-8625-95ccbbf439ec/datanode-5/data/ratis/dcf14f64-0568-4b35-bf24-d876420c677a: created new log segment /workdir/hadoop-ozone/integration-test/target/test-dir/MiniOzoneClusterImpl-b0c517ef-1cdb-4d30-8625-95ccbbf439ec/datanode-5/data/ratis/dcf14f64-0568-4b35-bf24-d876420c677a/current/log_inprogress_0
2019-08-27 09:28:16,665 [29b7da87-54ec-432d-b9d6-fda55f19c3d7-SegmentedRaftLogWorker:Storage Directory /workdir/hadoop-ozone/integration-test/target/test-dir/MiniOzoneClusterImpl-b0c517ef-1cdb-4d30-8625-95ccbbf439ec/datanode-6/data/ratis/dcf14f64-0568-4b35-bf24-d876420c677a] INFO  segmented.SegmentedRaftLogWorker (SegmentedRaftLogWorker.java:execute(569)) - 29b7da87-54ec-432d-b9d6-fda55f19c3d7-SegmentedRaftLogWorker:Storage Directory /workdir/hadoop-ozone/integration-test/target/test-dir/MiniOzoneClusterImpl-b0c517ef-1cdb-4d30-8625-95ccbbf439ec/datanode-6/data/ratis/dcf14f64-0568-4b35-bf24-d876420c677a: created new log segment /workdir/hadoop-ozone/integration-test/target/test-dir/MiniOzoneClusterImpl-b0c517ef-1cdb-4d30-8625-95ccbbf439ec/datanode-6/data/ratis/dcf14f64-0568-4b35-bf24-d876420c677a/current/log_inprogress_0
2019-08-27 09:28:16,665 [705b830a-89d6-4f05-8970-a91004465a9b-SegmentedRaftLogWorker:Storage Directory /workdir/hadoop-ozone/integration-test/target/test-dir/MiniOzoneClusterImpl-b0c517ef-1cdb-4d30-8625-95ccbbf439ec/datanode-0/data/ratis/dcf14f64-0568-4b35-bf24-d876420c677a] INFO  segmented.SegmentedRaftLogWorker (SegmentedRaftLogWorker.java:execute(569)) - 705b830a-89d6-4f05-8970-a91004465a9b-SegmentedRaftLogWorker:Storage Directory /workdir/hadoop-ozone/integration-test/target/test-dir/MiniOzoneClusterImpl-b0c517ef-1cdb-4d30-8625-95ccbbf439ec/datanode-0/data/ratis/dcf14f64-0568-4b35-bf24-d876420c677a: created new log segment /workdir/hadoop-ozone/integration-test/target/test-dir/MiniOzoneClusterImpl-b0c517ef-1cdb-4d30-8625-95ccbbf439ec/datanode-0/data/ratis/dcf14f64-0568-4b35-bf24-d876420c677a/current/log_inprogress_0
2019-08-27 09:28:16,797 [grpc-default-executor-1] INFO  client.GrpcClientProtocolClient (GrpcClientProtocolClient.java:onNext(255)) - client-D67CE4F4FD2B->705b830a-89d6-4f05-8970-a91004465a9b: receive RaftClientReply:client-D67CE4F4FD2B->705b830a-89d6-4f05-8970-a91004465a9b@group-D876420C677A, cid=17, FAILED org.apache.ratis.protocol.NotLeaderException: Server 705b830a-89d6-4f05-8970-a91004465a9b is not the leader (220a6c7e-7b18-4d69-ad7f-47b43aec3b9e:192.168.36.88:36662). Request must be sent to leader., logIndex=0, commits[705b830a-89d6-4f05-8970-a91004465a9b:c-1, 29b7da87-54ec-432d-b9d6-fda55f19c3d7:c-1, 220a6c7e-7b18-4d69-ad7f-47b43aec3b9e:c-1]
2019-08-27 09:28:16,847 | INFO  | SCMAudit | user=jenkins1000 | ip=192.168.36.88 | op=SEND_HEARTBEAT {datanodeUUID=0aeb69c1-2162-4da5-9b92-99765a956e23, command=[]} | ret=SUCCESS |  
2019-08-27 09:28:17,006 | INFO  | SCMAudit | user=jenkins1000 | ip=192.168.36.88 | op=SEND_HEARTBEAT {datanodeUUID=29b7da87-54ec-432d-b9d6-fda55f19c3d7, command=[]} | ret=SUCCESS |  
2019-08-27 09:28:17,006 | INFO  | SCMAudit | user=jenkins1000 | ip=192.168.36.88 | op=SEND_HEARTBEAT {datanodeUUID=220a6c7e-7b18-4d69-ad7f-47b43aec3b9e, command=[]} | ret=SUCCESS |  
2019-08-27 09:28:17,006 | INFO  | SCMAudit | user=jenkins1000 | ip=192.168.36.88 | op=SEND_HEARTBEAT {datanodeUUID=705b830a-89d6-4f05-8970-a91004465a9b, command=[]} | ret=SUCCESS |  
2019-08-27 09:28:17,016 | INFO  | DNAudit | user=null | ip=null | op=WRITE_CHUNK {blockData=conID: 2 locID: 1566898092621 bcsId: 0} | ret=SUCCESS |  
2019-08-27 09:28:17,016 | INFO  | DNAudit | user=null | ip=null | op=WRITE_CHUNK {blockData=conID: 2 locID: 1566898092621 bcsId: 0} | ret=SUCCESS |  
2019-08-27 09:28:17,016 | INFO  | DNAudit | user=null | ip=null | op=WRITE_CHUNK {blockData=conID: 2 locID: 1566898092621 bcsId: 0} | ret=SUCCESS |  
2019-08-27 09:28:17,036 | INFO  | DNAudit | user=null | ip=null | op=WRITE_CHUNK {blockData=conID: 2 locID: 1566898092621 bcsId: 0} | ret=SUCCESS |  
2019-08-27 09:28:17,044 [grpc-default-executor-1] INFO  client.GrpcClientProtocolClient (GrpcClientProtocolClient.java:onNext(255)) - client-D67CE4F4FD2B->220a6c7e-7b18-4d69-ad7f-47b43aec3b9e: receive RaftClientReply:client-D67CE4F4FD2B->220a6c7e-7b18-4d69-ad7f-47b43aec3b9e@group-D876420C677A, cid=17, SUCCESS, logIndex=1, commits[220a6c7e-7b18-4d69-ad7f-47b43aec3b9e:c1, 29b7da87-54ec-432d-b9d6-fda55f19c3d7:c0, 705b830a-89d6-4f05-8970-a91004465a9b:c0]
2019-08-27 09:28:17,060 | INFO  | DNAudit | user=null | ip=null | op=WRITE_CHUNK {blockData=conID: 2 locID: 1566898092621 bcsId: 0} | ret=SUCCESS |  
2019-08-27 09:28:17,062 | INFO  | DNAudit | user=null | ip=null | op=WRITE_CHUNK {blockData=conID: 2 locID: 1566898092621 bcsId: 0} | ret=SUCCESS |  
2019-08-27 09:28:17,068 [pool-81-thread-4] WARN  impl.ChunkManagerImpl (ChunkUtils.java:validateChunkForOverwrite(218)) - Duplicate write chunk request. Chunk overwrite without explicit request. ChunkInfo{chunkName='1566898092621.data.0, offset=0, len=1048576}
2019-08-27 09:28:17,069 [pool-81-thread-4] WARN  impl.ChunkManagerImpl (ChunkManagerImpl.java:writeChunk(111)) - ChunkFile already exists/workdir/hadoop-ozone/integration-test/target/test-dir/MiniOzoneClusterImpl-b0c517ef-1cdb-4d30-8625-95ccbbf439ec/datanode-5/data/containers/hdds/7136ab80-d88e-4439-9c4a-e6f105512fc9/current/containerDir0/2/chunks/1566898092621.data.0.Deleting it.
2019-08-27 09:28:17,073 | INFO  | DNAudit | user=null | ip=null | op=WRITE_CHUNK {blockData=conID: 2 locID: 1566898092621 bcsId: 0} | ret=SUCCESS |  
2019-08-27 09:28:17,078 [pool-92-thread-2] WARN  impl.ChunkManagerImpl (ChunkUtils.java:validateChunkForOverwrite(218)) - Duplicate write chunk request. Chunk overwrite without explicit request. ChunkInfo{chunkName='1566898092621.data.0, offset=0, len=1048576}
2019-08-27 09:28:17,079 [pool-92-thread-2] WARN  impl.ChunkManagerImpl (ChunkManagerImpl.java:writeChunk(111)) - ChunkFile already exists/workdir/hadoop-ozone/integration-test/target/test-dir/MiniOzoneClusterImpl-b0c517ef-1cdb-4d30-8625-95ccbbf439ec/datanode-6/data/containers/hdds/7136ab80-d88e-4439-9c4a-e6f105512fc9/current/containerDir0/2/chunks/1566898092621.data.0.Deleting it.
2019-08-27 09:28:17,079 [pool-26-thread-2] WARN  impl.ChunkManagerImpl (ChunkUtils.java:validateChunkForOverwrite(218)) - Duplicate write chunk request. Chunk overwrite without explicit request. ChunkInfo{chunkName='1566898092621.data.0, offset=0, len=1048576}
2019-08-27 09:28:17,079 [pool-26-thread-2] WARN  impl.ChunkManagerImpl (ChunkManagerImpl.java:writeChunk(111)) - ChunkFile already exists/workdir/hadoop-ozone/integration-test/target/test-dir/MiniOzoneClusterImpl-b0c517ef-1cdb-4d30-8625-95ccbbf439ec/datanode-0/data/containers/hdds/7136ab80-d88e-4439-9c4a-e6f105512fc9/current/containerDir0/2/chunks/1566898092621.data.0.Deleting it.
2019-08-27 09:28:17,082 | INFO  | DNAudit | user=null | ip=null | op=WRITE_CHUNK {blockData=conID: 2 locID: 1566898092621 bcsId: 0} | ret=SUCCESS |  
2019-08-27 09:28:17,083 | INFO  | DNAudit | user=null | ip=null | op=WRITE_CHUNK {blockData=conID: 2 locID: 1566898092621 bcsId: 0} | ret=SUCCESS |  
2019-08-27 09:28:17,172 | INFO  | DNAudit | user=null | ip=null | op=PUT_BLOCK {blockData=[blockId=conID: 2 locID: 1566898092621 bcsId: 0,size=1048576]} | ret=SUCCESS |  
2019-08-27 09:28:17,175 | INFO  | DNAudit | user=null | ip=null | op=WRITE_CHUNK {blockData=conID: 2 locID: 1566898092621 bcsId: 0} | ret=SUCCESS |  
2019-08-27 09:28:17,177 [grpc-default-executor-1] INFO  client.GrpcClientProtocolClient (GrpcClientProtocolClient.java:onNext(255)) - client-D67CE4F4FD2B->220a6c7e-7b18-4d69-ad7f-47b43aec3b9e: receive RaftClientReply:client-D67CE4F4FD2B->220a6c7e-7b18-4d69-ad7f-47b43aec3b9e@group-D876420C677A, cid=18, SUCCESS, logIndex=3, commits[220a6c7e-7b18-4d69-ad7f-47b43aec3b9e:c8, 29b7da87-54ec-432d-b9d6-fda55f19c3d7:c6, 705b830a-89d6-4f05-8970-a91004465a9b:c6]
2019-08-27 09:28:17,178 [grpc-default-executor-1] INFO  client.GrpcClientProtocolClient (GrpcClientProtocolClient.java:onNext(255)) - client-D67CE4F4FD2B->220a6c7e-7b18-4d69-ad7f-47b43aec3b9e: receive RaftClientReply:client-D67CE4F4FD2B->220a6c7e-7b18-4d69-ad7f-47b43aec3b9e@group-D876420C677A, cid=19, SUCCESS, logIndex=4, commits[220a6c7e-7b18-4d69-ad7f-47b43aec3b9e:c8, 29b7da87-54ec-432d-b9d6-fda55f19c3d7:c6, 705b830a-89d6-4f05-8970-a91004465a9b:c6]
2019-08-27 09:28:17,224 | INFO  | SCMAudit | user=jenkins1000 | ip=192.168.36.88 | op=SEND_HEARTBEAT {datanodeUUID=4f4e1c33-1a72-4b0c-846f-19f20a327880, command=[]} | ret=SUCCESS |  
2019-08-27 09:28:17,224 | INFO  | SCMAudit | user=jenkins1000 | ip=192.168.36.88 | op=SEND_HEARTBEAT {datanodeUUID=3a6faa00-80be-4da0-b977-ba9b2bd3e70e, command=[]} | ret=SUCCESS |  
2019-08-27 09:28:17,224 | INFO  | SCMAudit | user=jenkins1000 | ip=192.168.36.88 | op=SEND_HEARTBEAT {datanodeUUID=ff811198-893e-46a7-83b1-3243976e4aab, command=[]} | ret=SUCCESS |  
2019-08-27 09:28:17,245 | INFO  | DNAudit | user=null | ip=null | op=PUT_BLOCK {blockData=[blockId=conID: 2 locID: 1566898092621 bcsId: 0,size=1048576]} | ret=SUCCESS |  
2019-08-27 09:28:17,246 | INFO  | DNAudit | user=null | ip=null | op=WRITE_CHUNK {blockData=conID: 2 locID: 1566898092621 bcsId: 0} | ret=SUCCESS |  
2019-08-27 09:28:17,293 | INFO  | DNAudit | user=null | ip=null | op=PUT_BLOCK {blockData=[blockId=conID: 2 locID: 1566898092621 bcsId: 0,size=1048576]} | ret=SUCCESS |  
2019-08-27 09:28:17,293 | INFO  | DNAudit | user=null | ip=null | op=PUT_BLOCK {blockData=[blockId=conID: 2 locID: 1566898092621 bcsId: 0,size=1048576]} | ret=SUCCESS |  
2019-08-27 09:28:17,293 | INFO  | DNAudit | user=null | ip=null | op=PUT_BLOCK {blockData=[blockId=conID: 2 locID: 1566898092621 bcsId: 0,size=1048576]} | ret=SUCCESS |  
2019-08-27 09:28:17,294 | INFO  | DNAudit | user=null | ip=null | op=WRITE_CHUNK {blockData=conID: 2 locID: 1566898092621 bcsId: 0} | ret=SUCCESS |  
2019-08-27 09:28:17,295 | INFO  | DNAudit | user=null | ip=null | op=PUT_BLOCK {blockData=[blockId=conID: 2 locID: 1566898092621 bcsId: 0,size=1048576]} | ret=SUCCESS |  
2019-08-27 09:28:17,296 [grpc-default-executor-1] INFO  client.GrpcClientProtocolClient (GrpcClientProtocolClient.java:onNext(255)) - client-D67CE4F4FD2B->220a6c7e-7b18-4d69-ad7f-47b43aec3b9e: receive RaftClientReply:client-D67CE4F4FD2B->220a6c7e-7b18-4d69-ad7f-47b43aec3b9e@group-D876420C677A, cid=20, SUCCESS, logIndex=5, commits[220a6c7e-7b18-4d69-ad7f-47b43aec3b9e:c8, 29b7da87-54ec-432d-b9d6-fda55f19c3d7:c6, 705b830a-89d6-4f05-8970-a91004465a9b:c6]
2019-08-27 09:28:17,297 [main] INFO  datanode.ObjectStoreHandler (ObjectStoreHandler.java:close(155)) - Closing ObjectStoreHandler.
2019-08-27 09:28:17,299 [main] INFO  ozone.HddsDatanodeService (HddsDatanodeService.java:stop(451)) - Stopped plug-in org.apache.hadoop.ozone.web.OzoneHddsDatanodeService@3a0896b3
2019-08-27 09:28:17,847 | INFO  | SCMAudit | user=jenkins1000 | ip=192.168.36.88 | op=SEND_HEARTBEAT {datanodeUUID=0aeb69c1-2162-4da5-9b92-99765a956e23, command=[]} | ret=SUCCESS |  
2019-08-27 09:28:18,004 [Datanode State Machine Thread - 0] INFO  statemachine.DatanodeStateMachine (DatanodeStateMachine.java:lambda$startDaemon$0(350)) - Ozone container server started.
2019-08-27 09:28:18,004 | INFO  | SCMAudit | user=jenkins1000 | ip=192.168.36.88 | op=SEND_HEARTBEAT {datanodeUUID=29b7da87-54ec-432d-b9d6-fda55f19c3d7, command=[]} | ret=SUCCESS |  
2019-08-27 09:28:18,005 | INFO  | SCMAudit | user=jenkins1000 | ip=192.168.36.88 | op=SEND_HEARTBEAT {datanodeUUID=705b830a-89d6-4f05-8970-a91004465a9b, command=[]} | ret=SUCCESS |  
2019-08-27 09:28:18,225 | INFO  | SCMAudit | user=jenkins1000 | ip=192.168.36.88 | op=SEND_HEARTBEAT {datanodeUUID=4f4e1c33-1a72-4b0c-846f-19f20a327880, command=[]} | ret=SUCCESS |  
2019-08-27 09:28:18,225 | INFO  | SCMAudit | user=jenkins1000 | ip=192.168.36.88 | op=SEND_HEARTBEAT {datanodeUUID=3a6faa00-80be-4da0-b977-ba9b2bd3e70e, command=[]} | ret=SUCCESS |  
2019-08-27 09:28:18,225 | INFO  | SCMAudit | user=jenkins1000 | ip=192.168.36.88 | op=SEND_HEARTBEAT {datanodeUUID=ff811198-893e-46a7-83b1-3243976e4aab, command=[]} | ret=SUCCESS |  
2019-08-27 09:28:18,848 | INFO  | SCMAudit | user=jenkins1000 | ip=192.168.36.88 | op=SEND_HEARTBEAT {datanodeUUID=0aeb69c1-2162-4da5-9b92-99765a956e23, command=[]} | ret=SUCCESS |  
2019-08-27 09:28:19,005 | INFO  | SCMAudit | user=jenkins1000 | ip=192.168.36.88 | op=SEND_HEARTBEAT {datanodeUUID=29b7da87-54ec-432d-b9d6-fda55f19c3d7, command=[]} | ret=SUCCESS |  
2019-08-27 09:28:19,005 | INFO  | SCMAudit | user=jenkins1000 | ip=192.168.36.88 | op=SEND_HEARTBEAT {datanodeUUID=705b830a-89d6-4f05-8970-a91004465a9b, command=[]} | ret=SUCCESS |  
2019-08-27 09:28:19,224 | INFO  | SCMAudit | user=jenkins1000 | ip=192.168.36.88 | op=SEND_HEARTBEAT {datanodeUUID=ff811198-893e-46a7-83b1-3243976e4aab, command=[]} | ret=SUCCESS |  
2019-08-27 09:28:19,224 | INFO  | SCMAudit | user=jenkins1000 | ip=192.168.36.88 | op=SEND_HEARTBEAT {datanodeUUID=4f4e1c33-1a72-4b0c-846f-19f20a327880, command=[]} | ret=SUCCESS |  
2019-08-27 09:28:19,224 | INFO  | SCMAudit | user=jenkins1000 | ip=192.168.36.88 | op=SEND_HEARTBEAT {datanodeUUID=3a6faa00-80be-4da0-b977-ba9b2bd3e70e, command=[]} | ret=SUCCESS |  
2019-08-27 09:28:19,849 | INFO  | SCMAudit | user=jenkins1000 | ip=192.168.36.88 | op=SEND_HEARTBEAT {datanodeUUID=0aeb69c1-2162-4da5-9b92-99765a956e23, command=[]} | ret=SUCCESS |  
2019-08-27 09:28:20,005 | INFO  | SCMAudit | user=jenkins1000 | ip=192.168.36.88 | op=SEND_HEARTBEAT {datanodeUUID=705b830a-89d6-4f05-8970-a91004465a9b, command=[]} | ret=SUCCESS |  
2019-08-27 09:28:20,005 | INFO  | SCMAudit | user=jenkins1000 | ip=192.168.36.88 | op=SEND_HEARTBEAT {datanodeUUID=29b7da87-54ec-432d-b9d6-fda55f19c3d7, command=[]} | ret=SUCCESS |  
2019-08-27 09:28:20,037 [EventQueue-StaleNodeForStaleNodeHandler] INFO  node.StaleNodeHandler (StaleNodeHandler.java:onMessage(58)) - Datanode 220a6c7e-7b18-4d69-ad7f-47b43aec3b9e{ip: 192.168.36.88, host: pr-hdds-2030-scs28-1013675367, networkLocation: /default-rack, certSerialId: null} moved to stale state. Finalizing its pipelines [PipelineID=dcf14f64-0568-4b35-bf24-d876420c677a, PipelineID=a164df84-66ff-438c-a1f5-8050a74dc165]
2019-08-27 09:28:20,037 [EventQueue-StaleNodeForStaleNodeHandler] INFO  pipeline.SCMPipelineManager (SCMPipelineManager.java:finalizeAndDestroyPipeline(309)) - destroying pipeline:Pipeline[ Id: dcf14f64-0568-4b35-bf24-d876420c677a, Nodes: 220a6c7e-7b18-4d69-ad7f-47b43aec3b9e{ip: 192.168.36.88, host: pr-hdds-2030-scs28-1013675367, networkLocation: /default-rack, certSerialId: null}29b7da87-54ec-432d-b9d6-fda55f19c3d7{ip: 192.168.36.88, host: pr-hdds-2030-scs28-1013675367, networkLocation: /default-rack, certSerialId: null}705b830a-89d6-4f05-8970-a91004465a9b{ip: 192.168.36.88, host: pr-hdds-2030-scs28-1013675367, networkLocation: /default-rack, certSerialId: null}, Type:RATIS, Factor:THREE, State:OPEN]
2019-08-27 09:28:20,039 [EventQueue-StaleNodeForStaleNodeHandler] INFO  pipeline.PipelineStateManager (PipelineStateManager.java:finalizePipeline(123)) - Pipeline Pipeline[ Id: dcf14f64-0568-4b35-bf24-d876420c677a, Nodes: 220a6c7e-7b18-4d69-ad7f-47b43aec3b9e{ip: 192.168.36.88, host: pr-hdds-2030-scs28-1013675367, networkLocation: /default-rack, certSerialId: null}29b7da87-54ec-432d-b9d6-fda55f19c3d7{ip: 192.168.36.88, host: pr-hdds-2030-scs28-1013675367, networkLocation: /default-rack, certSerialId: null}705b830a-89d6-4f05-8970-a91004465a9b{ip: 192.168.36.88, host: pr-hdds-2030-scs28-1013675367, networkLocation: /default-rack, certSerialId: null}, Type:RATIS, Factor:THREE, State:CLOSED] moved to CLOSED state
2019-08-27 09:28:20,039 [EventQueue-CloseContainerForCloseContainerEventHandler] INFO  container.CloseContainerEventHandler (CloseContainerEventHandler.java:onMessage(61)) - Close container Event triggered for container : #2
2019-08-27 09:28:20,041 [EventQueue-StaleNodeForStaleNodeHandler] INFO  pipeline.SCMPipelineManager (SCMPipelineManager.java:finalizeAndDestroyPipeline(309)) - destroying pipeline:Pipeline[ Id: a164df84-66ff-438c-a1f5-8050a74dc165, Nodes: 220a6c7e-7b18-4d69-ad7f-47b43aec3b9e{ip: 192.168.36.88, host: pr-hdds-2030-scs28-1013675367, networkLocation: /default-rack, certSerialId: null}, Type:RATIS, Factor:ONE, State:OPEN]
2019-08-27 09:28:20,041 [EventQueue-StaleNodeForStaleNodeHandler] INFO  pipeline.PipelineStateManager (PipelineStateManager.java:finalizePipeline(123)) - Pipeline Pipeline[ Id: a164df84-66ff-438c-a1f5-8050a74dc165, Nodes: 220a6c7e-7b18-4d69-ad7f-47b43aec3b9e{ip: 192.168.36.88, host: pr-hdds-2030-scs28-1013675367, networkLocation: /default-rack, certSerialId: null}, Type:RATIS, Factor:ONE, State:CLOSED] moved to CLOSED state
2019-08-27 09:28:20,225 | INFO  | SCMAudit | user=jenkins1000 | ip=192.168.36.88 | op=SEND_HEARTBEAT {datanodeUUID=ff811198-893e-46a7-83b1-3243976e4aab, command=[]} | ret=SUCCESS |  
2019-08-27 09:28:20,225 | INFO  | SCMAudit | user=jenkins1000 | ip=192.168.36.88 | op=SEND_HEARTBEAT {datanodeUUID=4f4e1c33-1a72-4b0c-846f-19f20a327880, command=[]} | ret=SUCCESS |  
2019-08-27 09:28:20,225 | INFO  | SCMAudit | user=jenkins1000 | ip=192.168.36.88 | op=SEND_HEARTBEAT {datanodeUUID=3a6faa00-80be-4da0-b977-ba9b2bd3e70e, command=[]} | ret=SUCCESS |  
2019-08-27 09:28:20,849 | INFO  | SCMAudit | user=jenkins1000 | ip=192.168.36.88 | op=SEND_HEARTBEAT {datanodeUUID=0aeb69c1-2162-4da5-9b92-99765a956e23, command=[]} | ret=SUCCESS |  
2019-08-27 09:28:21,049 | INFO  | SCMAudit | user=jenkins1000 | ip=192.168.36.88 | op=SEND_HEARTBEAT {datanodeUUID=29b7da87-54ec-432d-b9d6-fda55f19c3d7, command=[commandType: closeContainerCommand closeContainerCommandProto { containerID: 2 pipelineID { id: "dcf14f64-0568-4b35-bf24-d876420c677a" } cmdId: 2 force: false } ]} | ret=SUCCESS |  
2019-08-27 09:28:21,049 | INFO  | SCMAudit | user=jenkins1000 | ip=192.168.36.88 | op=SEND_HEARTBEAT {datanodeUUID=705b830a-89d6-4f05-8970-a91004465a9b, command=[commandType: closeContainerCommand closeContainerCommandProto { containerID: 2 pipelineID { id: "dcf14f64-0568-4b35-bf24-d876420c677a" } cmdId: 2 force: false } ]} | ret=SUCCESS |  
2019-08-27 09:28:21,225 | INFO  | SCMAudit | user=jenkins1000 | ip=192.168.36.88 | op=SEND_HEARTBEAT {datanodeUUID=ff811198-893e-46a7-83b1-3243976e4aab, command=[]} | ret=SUCCESS |  
2019-08-27 09:28:21,225 | INFO  | SCMAudit | user=jenkins1000 | ip=192.168.36.88 | op=SEND_HEARTBEAT {datanodeUUID=3a6faa00-80be-4da0-b977-ba9b2bd3e70e, command=[]} | ret=SUCCESS |  
2019-08-27 09:28:21,225 | INFO  | SCMAudit | user=jenkins1000 | ip=192.168.36.88 | op=SEND_HEARTBEAT {datanodeUUID=4f4e1c33-1a72-4b0c-846f-19f20a327880, command=[]} | ret=SUCCESS |  
2019-08-27 09:28:21,849 | INFO  | SCMAudit | user=jenkins1000 | ip=192.168.36.88 | op=SEND_HEARTBEAT {datanodeUUID=0aeb69c1-2162-4da5-9b92-99765a956e23, command=[]} | ret=SUCCESS |  
2019-08-27 09:28:22,005 | INFO  | SCMAudit | user=jenkins1000 | ip=192.168.36.88 | op=SEND_HEARTBEAT {datanodeUUID=705b830a-89d6-4f05-8970-a91004465a9b, command=[]} | ret=SUCCESS |  
2019-08-27 09:28:22,005 | INFO  | SCMAudit | user=jenkins1000 | ip=192.168.36.88 | op=SEND_HEARTBEAT {datanodeUUID=29b7da87-54ec-432d-b9d6-fda55f19c3d7, command=[]} | ret=SUCCESS |  
2019-08-27 09:28:22,224 | INFO  | SCMAudit | user=jenkins1000 | ip=192.168.36.88 | op=SEND_HEARTBEAT {datanodeUUID=4f4e1c33-1a72-4b0c-846f-19f20a327880, command=[]} | ret=SUCCESS |  
2019-08-27 09:28:22,224 | INFO  | SCMAudit | user=jenkins1000 | ip=192.168.36.88 | op=SEND_HEARTBEAT {datanodeUUID=3a6faa00-80be-4da0-b977-ba9b2bd3e70e, command=[]} | ret=SUCCESS |  
2019-08-27 09:28:22,224 | INFO  | SCMAudit | user=jenkins1000 | ip=192.168.36.88 | op=SEND_HEARTBEAT {datanodeUUID=ff811198-893e-46a7-83b1-3243976e4aab, command=[]} | ret=SUCCESS |  
2019-08-27 09:28:22,301 [main] INFO  ozoneimpl.OzoneContainer (OzoneContainer.java:stop(199)) - Attempting to stop container services.
2019-08-27 09:28:22,302 [main] INFO  impl.RaftServerProxy (RaftServerProxy.java:lambda$close$4(314)) - 220a6c7e-7b18-4d69-ad7f-47b43aec3b9e: close
2019-08-27 09:28:22,305 [main] INFO  impl.RaftServerImpl (RaftServerImpl.java:lambda$shutdown$3(245)) - 220a6c7e-7b18-4d69-ad7f-47b43aec3b9e: shutdown group-D876420C677A
2019-08-27 09:28:22,305 [main] INFO  util.JmxRegister (JmxRegister.java:unregister(73)) - Successfully un-registered JMX Bean with object name Ratis:service=RaftServer,group=group-D876420C677A,id=220a6c7e-7b18-4d69-ad7f-47b43aec3b9e
2019-08-27 09:28:22,306 [main] INFO  impl.RoleInfo (RoleInfo.java:shutdownLeaderState(104)) - 220a6c7e-7b18-4d69-ad7f-47b43aec3b9e: shutdown LeaderState
2019-08-27 09:28:22,312 [main] INFO  impl.PendingRequests (PendingRequests.java:sendNotLeaderResponses(202)) - 220a6c7e-7b18-4d69-ad7f-47b43aec3b9e-PendingRequests: sendNotLeaderResponses
2019-08-27 09:28:22,312 [org.apache.ratis.server.impl.LogAppender$AppenderDaemon$$Lambda$460/2111373930@f9e61db] WARN  server.GrpcLogAppender (GrpcLogAppender.java:mayWait(143)) - GrpcLogAppender(220a6c7e-7b18-4d69-ad7f-47b43aec3b9e->29b7da87-54ec-432d-b9d6-fda55f19c3d7): Wait interrupted by java.lang.InterruptedException
2019-08-27 09:28:22,312 [org.apache.ratis.server.impl.LogAppender$AppenderDaemon$$Lambda$460/2111373930@4a9cee4c] WARN  server.GrpcLogAppender (GrpcLogAppender.java:mayWait(143)) - GrpcLogAppender(220a6c7e-7b18-4d69-ad7f-47b43aec3b9e->705b830a-89d6-4f05-8970-a91004465a9b): Wait interrupted by java.lang.InterruptedException
2019-08-27 09:28:22,318 [grpc-default-executor-1] INFO  server.GrpcServerProtocolService (GrpcServerProtocolService.java:onCompleted(104)) - 29b7da87-54ec-432d-b9d6-fda55f19c3d7: appendEntries completed
2019-08-27 09:28:22,318 [grpc-default-executor-4] INFO  server.GrpcServerProtocolService (GrpcServerProtocolService.java:onCompleted(104)) - 705b830a-89d6-4f05-8970-a91004465a9b: appendEntries completed
2019-08-27 09:28:22,322 [grpc-default-executor-4] INFO  server.GrpcLogAppender (GrpcLogAppender.java:onCompleted(292)) - 220a6c7e-7b18-4d69-ad7f-47b43aec3b9e->29b7da87-54ec-432d-b9d6-fda55f19c3d7: follower responses appendEntries COMPLETED
2019-08-27 09:28:22,324 [grpc-default-executor-1] INFO  server.GrpcLogAppender (GrpcLogAppender.java:onCompleted(292)) - 220a6c7e-7b18-4d69-ad7f-47b43aec3b9e->705b830a-89d6-4f05-8970-a91004465a9b: follower responses appendEntries COMPLETED
2019-08-27 09:28:22,331 [grpc-default-executor-1] INFO  impl.FollowerInfo (FollowerInfo.java:lambda$new$0(50)) - 220a6c7e-7b18-4d69-ad7f-47b43aec3b9e->705b830a-89d6-4f05-8970-a91004465a9b: nextIndex: updateUnconditionally 9 -> 8
2019-08-27 09:28:22,331 [grpc-default-executor-4] INFO  impl.FollowerInfo (FollowerInfo.java:lambda$new$0(50)) - 220a6c7e-7b18-4d69-ad7f-47b43aec3b9e->29b7da87-54ec-432d-b9d6-fda55f19c3d7: nextIndex: updateUnconditionally 9 -> 8
2019-08-27 09:28:22,336 [main] INFO  impl.StateMachineUpdater (StateMachineUpdater.java:stopAndJoin(115)) - StateMachineUpdater:220a6c7e-7b18-4d69-ad7f-47b43aec3b9e:group-D876420C677A: set stopIndex = 8
2019-08-27 09:28:22,337 [StateMachineUpdater:220a6c7e-7b18-4d69-ad7f-47b43aec3b9e:group-D876420C677A] INFO  ratis.ContainerStateMachine (ContainerStateMachine.java:takeSnapshot(283)) - group-D876420C677A: Taking a snapshot at:(t:2, i:8) file /workdir/hadoop-ozone/integration-test/target/test-dir/MiniOzoneClusterImpl-b0c517ef-1cdb-4d30-8625-95ccbbf439ec/datanode-5/data/ratis/dcf14f64-0568-4b35-bf24-d876420c677a/sm/snapshot.2_8
2019-08-27 09:28:22,376 [StateMachineUpdater:220a6c7e-7b18-4d69-ad7f-47b43aec3b9e:group-D876420C677A] INFO  ratis.ContainerStateMachine (ContainerStateMachine.java:takeSnapshot(294)) - group-D876420C677A: Finished taking a snapshot at:(t:2, i:8) file:/workdir/hadoop-ozone/integration-test/target/test-dir/MiniOzoneClusterImpl-b0c517ef-1cdb-4d30-8625-95ccbbf439ec/datanode-5/data/ratis/dcf14f64-0568-4b35-bf24-d876420c677a/sm/snapshot.2_8 time:39
2019-08-27 09:28:22,376 [StateMachineUpdater:220a6c7e-7b18-4d69-ad7f-47b43aec3b9e:group-D876420C677A] INFO  impl.StateMachineUpdater (StateMachineUpdater.java:takeSnapshot(242)) - StateMachineUpdater:220a6c7e-7b18-4d69-ad7f-47b43aec3b9e:group-D876420C677A: Took a snapshot at index 8
2019-08-27 09:28:22,380 [StateMachineUpdater:220a6c7e-7b18-4d69-ad7f-47b43aec3b9e:group-D876420C677A] INFO  impl.StateMachineUpdater (StateMachineUpdater.java:lambda$new$0(80)) - StateMachineUpdater:220a6c7e-7b18-4d69-ad7f-47b43aec3b9e:group-D876420C677A: snapshotIndex: updateIncreasingly -1 -> 8
2019-08-27 09:28:22,385 [main] INFO  impl.RaftServerImpl (ServerState.java:close(394)) - 220a6c7e-7b18-4d69-ad7f-47b43aec3b9e:group-D876420C677A closes. The last applied log index is 8
2019-08-27 09:28:22,387 [220a6c7e-7b18-4d69-ad7f-47b43aec3b9e-SegmentedRaftLogWorker:Storage Directory /workdir/hadoop-ozone/integration-test/target/test-dir/MiniOzoneClusterImpl-b0c517ef-1cdb-4d30-8625-95ccbbf439ec/datanode-5/data/ratis/dcf14f64-0568-4b35-bf24-d876420c677a] INFO  segmented.SegmentedRaftLogWorker (SegmentedRaftLogWorker.java:run(313)) - 220a6c7e-7b18-4d69-ad7f-47b43aec3b9e-SegmentedRaftLogWorker:Storage Directory /workdir/hadoop-ozone/integration-test/target/test-dir/MiniOzoneClusterImpl-b0c517ef-1cdb-4d30-8625-95ccbbf439ec/datanode-5/data/ratis/dcf14f64-0568-4b35-bf24-d876420c677a was interrupted, exiting. There are 0 tasks remaining in the queue.
2019-08-27 09:28:22,390 [main] INFO  segmented.SegmentedRaftLogWorker (SegmentedRaftLogWorker.java:close(228)) - 220a6c7e-7b18-4d69-ad7f-47b43aec3b9e-SegmentedRaftLogWorker:Storage Directory /workdir/hadoop-ozone/integration-test/target/test-dir/MiniOzoneClusterImpl-b0c517ef-1cdb-4d30-8625-95ccbbf439ec/datanode-5/data/ratis/dcf14f64-0568-4b35-bf24-d876420c677a close()
2019-08-27 09:28:22,394 [main] INFO  impl.RaftServerImpl (RaftServerImpl.java:lambda$shutdown$3(245)) - 220a6c7e-7b18-4d69-ad7f-47b43aec3b9e: shutdown group-8050A74DC165
2019-08-27 09:28:22,395 [main] INFO  util.JmxRegister (JmxRegister.java:unregister(73)) - Successfully un-registered JMX Bean with object name Ratis:service=RaftServer,group=group-8050A74DC165,id=220a6c7e-7b18-4d69-ad7f-47b43aec3b9e
2019-08-27 09:28:22,395 [main] INFO  impl.RoleInfo (RoleInfo.java:shutdownLeaderState(104)) - 220a6c7e-7b18-4d69-ad7f-47b43aec3b9e: shutdown LeaderState
2019-08-27 09:28:22,396 [main] INFO  impl.PendingRequests (PendingRequests.java:sendNotLeaderResponses(202)) - 220a6c7e-7b18-4d69-ad7f-47b43aec3b9e-PendingRequests: sendNotLeaderResponses
2019-08-27 09:28:22,396 [main] INFO  impl.StateMachineUpdater (StateMachineUpdater.java:stopAndJoin(115)) - StateMachineUpdater:220a6c7e-7b18-4d69-ad7f-47b43aec3b9e:group-8050A74DC165: set stopIndex = 0
2019-08-27 09:28:22,397 [main] INFO  impl.RaftServerImpl (ServerState.java:close(394)) - 220a6c7e-7b18-4d69-ad7f-47b43aec3b9e:group-8050A74DC165 closes. The last applied log index is 0
2019-08-27 09:28:22,397 [220a6c7e-7b18-4d69-ad7f-47b43aec3b9e-SegmentedRaftLogWorker:Storage Directory /workdir/hadoop-ozone/integration-test/target/test-dir/MiniOzoneClusterImpl-b0c517ef-1cdb-4d30-8625-95ccbbf439ec/datanode-5/data/ratis/a164df84-66ff-438c-a1f5-8050a74dc165] INFO  segmented.SegmentedRaftLogWorker (SegmentedRaftLogWorker.java:run(313)) - 220a6c7e-7b18-4d69-ad7f-47b43aec3b9e-SegmentedRaftLogWorker:Storage Directory /workdir/hadoop-ozone/integration-test/target/test-dir/MiniOzoneClusterImpl-b0c517ef-1cdb-4d30-8625-95ccbbf439ec/datanode-5/data/ratis/a164df84-66ff-438c-a1f5-8050a74dc165 was interrupted, exiting. There are 0 tasks remaining in the queue.
2019-08-27 09:28:22,399 [main] INFO  segmented.SegmentedRaftLogWorker (SegmentedRaftLogWorker.java:close(228)) - 220a6c7e-7b18-4d69-ad7f-47b43aec3b9e-SegmentedRaftLogWorker:Storage Directory /workdir/hadoop-ozone/integration-test/target/test-dir/MiniOzoneClusterImpl-b0c517ef-1cdb-4d30-8625-95ccbbf439ec/datanode-5/data/ratis/a164df84-66ff-438c-a1f5-8050a74dc165 close()
2019-08-27 09:28:22,403 [main] INFO  server.GrpcService (GrpcService.java:closeImpl(155)) - 220a6c7e-7b18-4d69-ad7f-47b43aec3b9e: shutdown server with port 36662 now
2019-08-27 09:28:22,407 [main] INFO  server.GrpcService (GrpcService.java:closeImpl(163)) - 220a6c7e-7b18-4d69-ad7f-47b43aec3b9e: shutdown server with port 36662 successfully
2019-08-27 09:28:22,415 [main] INFO  utils.BackgroundService (BackgroundService.java:shutdown(148)) - Shutting down service BlockDeletingService
2019-08-27 09:28:22,417 [refreshUsed-/workdir/hadoop-ozone/integration-test/target/test-dir/MiniOzoneClusterImpl-b0c517ef-1cdb-4d30-8625-95ccbbf439ec/datanode-5/data/containers] WARN  fs.CachingGetSpaceUsed (CachingGetSpaceUsed.java:run(183)) - Thread Interrupted waiting to refresh disk information: sleep interrupted
2019-08-27 09:28:22,437 [main] INFO  statemachine.DatanodeStateMachine (DatanodeStateMachine.java:stopDaemon(395)) - Ozone container server stopped.
2019-08-27 09:28:22,442 [main] INFO  handler.ContextHandler (ContextHandler.java:doStop(910)) - Stopped o.e.j.w.WebAppContext@7bf018dd{/,null,UNAVAILABLE}{/hddsDatanode}
2019-08-27 09:28:22,448 [main] INFO  server.AbstractConnector (AbstractConnector.java:doStop(318)) - Stopped ServerConnector@15a8cebd{HTTP/1.1,[http/1.1]}{0.0.0.0:0}
2019-08-27 09:28:22,448 [main] INFO  handler.ContextHandler (ContextHandler.java:doStop(910)) - Stopped o.e.j.s.ServletContextHandler@a316f6b{/static,jar:file:/home/user/.m2/repository/org/apache/hadoop/hadoop-hdds-container-service/0.5.0-SNAPSHOT/hadoop-hdds-container-service-0.5.0-SNAPSHOT.jar!/webapps/static,UNAVAILABLE}
2019-08-27 09:28:22,449 [main] INFO  handler.ContextHandler (ContextHandler.java:doStop(910)) - Stopped o.e.j.s.ServletContextHandler@33d230ce{/logs,file:///workdir/hadoop-ozone/integration-test/target/log,UNAVAILABLE}
2019-08-27 09:28:22,451 [main] INFO  datanode.ObjectStoreHandler (ObjectStoreHandler.java:close(155)) - Closing ObjectStoreHandler.
2019-08-27 09:28:22,452 [main] INFO  ozone.HddsDatanodeService (HddsDatanodeService.java:stop(451)) - Stopped plug-in org.apache.hadoop.ozone.web.OzoneHddsDatanodeService@5a06904
2019-08-27 09:28:22,848 | INFO  | SCMAudit | user=jenkins1000 | ip=192.168.36.88 | op=SEND_HEARTBEAT {datanodeUUID=0aeb69c1-2162-4da5-9b92-99765a956e23, command=[]} | ret=SUCCESS |  
2019-08-27 09:28:23,004 [Datanode State Machine Thread - 0] INFO  statemachine.DatanodeStateMachine (DatanodeStateMachine.java:lambda$startDaemon$0(350)) - Ozone container server started.
2019-08-27 09:28:23,006 | INFO  | SCMAudit | user=jenkins1000 | ip=192.168.36.88 | op=SEND_HEARTBEAT {datanodeUUID=705b830a-89d6-4f05-8970-a91004465a9b, command=[]} | ret=SUCCESS |  
2019-08-27 09:28:23,038 | INFO  | SCMAudit | user=jenkins1000 | ip=192.168.36.88 | op=SEND_HEARTBEAT {datanodeUUID=705b830a-89d6-4f05-8970-a91004465a9b, command=[]} | ret=SUCCESS |  
2019-08-27 09:28:23,224 | INFO  | SCMAudit | user=jenkins1000 | ip=192.168.36.88 | op=SEND_HEARTBEAT {datanodeUUID=3a6faa00-80be-4da0-b977-ba9b2bd3e70e, command=[]} | ret=SUCCESS |  
2019-08-27 09:28:23,224 | INFO  | SCMAudit | user=jenkins1000 | ip=192.168.36.88 | op=SEND_HEARTBEAT {datanodeUUID=ff811198-893e-46a7-83b1-3243976e4aab, command=[]} | ret=SUCCESS |  
2019-08-27 09:28:23,224 | INFO  | SCMAudit | user=jenkins1000 | ip=192.168.36.88 | op=SEND_HEARTBEAT {datanodeUUID=4f4e1c33-1a72-4b0c-846f-19f20a327880, command=[]} | ret=SUCCESS |  
2019-08-27 09:28:23,849 | INFO  | SCMAudit | user=jenkins1000 | ip=192.168.36.88 | op=SEND_HEARTBEAT {datanodeUUID=0aeb69c1-2162-4da5-9b92-99765a956e23, command=[]} | ret=SUCCESS |  
2019-08-27 09:28:24,038 | INFO  | SCMAudit | user=jenkins1000 | ip=192.168.36.88 | op=SEND_HEARTBEAT {datanodeUUID=705b830a-89d6-4f05-8970-a91004465a9b, command=[]} | ret=SUCCESS |  
2019-08-27 09:28:24,225 | INFO  | SCMAudit | user=jenkins1000 | ip=192.168.36.88 | op=SEND_HEARTBEAT {datanodeUUID=3a6faa00-80be-4da0-b977-ba9b2bd3e70e, command=[]} | ret=SUCCESS |  
2019-08-27 09:28:24,225 | INFO  | SCMAudit | user=jenkins1000 | ip=192.168.36.88 | op=SEND_HEARTBEAT {datanodeUUID=ff811198-893e-46a7-83b1-3243976e4aab, command=[]} | ret=SUCCESS |  
2019-08-27 09:28:24,225 | INFO  | SCMAudit | user=jenkins1000 | ip=192.168.36.88 | op=SEND_HEARTBEAT {datanodeUUID=4f4e1c33-1a72-4b0c-846f-19f20a327880, command=[]} | ret=SUCCESS |  
2019-08-27 09:28:24,848 | INFO  | SCMAudit | user=jenkins1000 | ip=192.168.36.88 | op=SEND_HEARTBEAT {datanodeUUID=0aeb69c1-2162-4da5-9b92-99765a956e23, command=[]} | ret=SUCCESS |  
2019-08-27 09:28:25,039 | INFO  | SCMAudit | user=jenkins1000 | ip=192.168.36.88 | op=SEND_HEARTBEAT {datanodeUUID=705b830a-89d6-4f05-8970-a91004465a9b, command=[]} | ret=SUCCESS |  
2019-08-27 09:28:25,045 [EventQueue-StaleNodeForStaleNodeHandler] INFO  node.StaleNodeHandler (StaleNodeHandler.java:onMessage(58)) - Datanode 29b7da87-54ec-432d-b9d6-fda55f19c3d7{ip: 192.168.36.88, host: pr-hdds-2030-scs28-1013675367, networkLocation: /default-rack, certSerialId: null} moved to stale state. Finalizing its pipelines [PipelineID=75d85348-7ed4-4ad6-ba5d-528b0f59ddec, PipelineID=dcf14f64-0568-4b35-bf24-d876420c677a]
2019-08-27 09:28:25,046 [EventQueue-StaleNodeForStaleNodeHandler] INFO  pipeline.SCMPipelineManager (SCMPipelineManager.java:finalizeAndDestroyPipeline(309)) - destroying pipeline:Pipeline[ Id: 75d85348-7ed4-4ad6-ba5d-528b0f59ddec, Nodes: 29b7da87-54ec-432d-b9d6-fda55f19c3d7{ip: 192.168.36.88, host: pr-hdds-2030-scs28-1013675367, networkLocation: /default-rack, certSerialId: null}, Type:RATIS, Factor:ONE, State:OPEN]
2019-08-27 09:28:25,046 [EventQueue-StaleNodeForStaleNodeHandler] INFO  pipeline.PipelineStateManager (PipelineStateManager.java:finalizePipeline(123)) - Pipeline Pipeline[ Id: 75d85348-7ed4-4ad6-ba5d-528b0f59ddec, Nodes: 29b7da87-54ec-432d-b9d6-fda55f19c3d7{ip: 192.168.36.88, host: pr-hdds-2030-scs28-1013675367, networkLocation: /default-rack, certSerialId: null}, Type:RATIS, Factor:ONE, State:CLOSED] moved to CLOSED state
2019-08-27 09:28:25,046 [EventQueue-StaleNodeForStaleNodeHandler] INFO  pipeline.SCMPipelineManager (SCMPipelineManager.java:finalizeAndDestroyPipeline(309)) - destroying pipeline:Pipeline[ Id: dcf14f64-0568-4b35-bf24-d876420c677a, Nodes: 220a6c7e-7b18-4d69-ad7f-47b43aec3b9e{ip: 192.168.36.88, host: pr-hdds-2030-scs28-1013675367, networkLocation: /default-rack, certSerialId: null}29b7da87-54ec-432d-b9d6-fda55f19c3d7{ip: 192.168.36.88, host: pr-hdds-2030-scs28-1013675367, networkLocation: /default-rack, certSerialId: null}705b830a-89d6-4f05-8970-a91004465a9b{ip: 192.168.36.88, host: pr-hdds-2030-scs28-1013675367, networkLocation: /default-rack, certSerialId: null}, Type:RATIS, Factor:THREE, State:CLOSED]
2019-08-27 09:28:25,224 | INFO  | SCMAudit | user=jenkins1000 | ip=192.168.36.88 | op=SEND_HEARTBEAT {datanodeUUID=4f4e1c33-1a72-4b0c-846f-19f20a327880, command=[]} | ret=SUCCESS |  
2019-08-27 09:28:25,224 | INFO  | SCMAudit | user=jenkins1000 | ip=192.168.36.88 | op=SEND_HEARTBEAT {datanodeUUID=3a6faa00-80be-4da0-b977-ba9b2bd3e70e, command=[]} | ret=SUCCESS |  
2019-08-27 09:28:25,224 | INFO  | SCMAudit | user=jenkins1000 | ip=192.168.36.88 | op=SEND_HEARTBEAT {datanodeUUID=ff811198-893e-46a7-83b1-3243976e4aab, command=[]} | ret=SUCCESS |  
2019-08-27 09:28:25,849 | INFO  | SCMAudit | user=jenkins1000 | ip=192.168.36.88 | op=SEND_HEARTBEAT {datanodeUUID=0aeb69c1-2162-4da5-9b92-99765a956e23, command=[]} | ret=SUCCESS |  
2019-08-27 09:28:26,039 | INFO  | SCMAudit | user=jenkins1000 | ip=192.168.36.88 | op=SEND_HEARTBEAT {datanodeUUID=705b830a-89d6-4f05-8970-a91004465a9b, command=[]} | ret=SUCCESS |  
2019-08-27 09:28:26,225 | INFO  | SCMAudit | user=jenkins1000 | ip=192.168.36.88 | op=SEND_HEARTBEAT {datanodeUUID=3a6faa00-80be-4da0-b977-ba9b2bd3e70e, command=[]} | ret=SUCCESS |  
2019-08-27 09:28:26,225 | INFO  | SCMAudit | user=jenkins1000 | ip=192.168.36.88 | op=SEND_HEARTBEAT {datanodeUUID=ff811198-893e-46a7-83b1-3243976e4aab, command=[]} | ret=SUCCESS |  
2019-08-27 09:28:26,225 | INFO  | SCMAudit | user=jenkins1000 | ip=192.168.36.88 | op=SEND_HEARTBEAT {datanodeUUID=4f4e1c33-1a72-4b0c-846f-19f20a327880, command=[]} | ret=SUCCESS |  
2019-08-27 09:28:26,849 | INFO  | SCMAudit | user=jenkins1000 | ip=192.168.36.88 | op=SEND_HEARTBEAT {datanodeUUID=0aeb69c1-2162-4da5-9b92-99765a956e23, command=[]} | ret=SUCCESS |  
2019-08-27 09:28:27,043 | INFO  | SCMAudit | user=jenkins1000 | ip=192.168.36.88 | op=SEND_HEARTBEAT {datanodeUUID=705b830a-89d6-4f05-8970-a91004465a9b, command=[]} | ret=SUCCESS |  
2019-08-27 09:28:27,225 | INFO  | SCMAudit | user=jenkins1000 | ip=192.168.36.88 | op=SEND_HEARTBEAT {datanodeUUID=4f4e1c33-1a72-4b0c-846f-19f20a327880, command=[]} | ret=SUCCESS |  
2019-08-27 09:28:27,225 | INFO  | SCMAudit | user=jenkins1000 | ip=192.168.36.88 | op=SEND_HEARTBEAT {datanodeUUID=ff811198-893e-46a7-83b1-3243976e4aab, command=[]} | ret=SUCCESS |  
2019-08-27 09:28:27,225 | INFO  | SCMAudit | user=jenkins1000 | ip=192.168.36.88 | op=SEND_HEARTBEAT {datanodeUUID=3a6faa00-80be-4da0-b977-ba9b2bd3e70e, command=[]} | ret=SUCCESS |  
2019-08-27 09:28:27,452 [main] INFO  ozoneimpl.OzoneContainer (OzoneContainer.java:stop(199)) - Attempting to stop container services.
2019-08-27 09:28:27,453 [main] INFO  impl.RaftServerProxy (RaftServerProxy.java:lambda$close$4(314)) - 29b7da87-54ec-432d-b9d6-fda55f19c3d7: close
2019-08-27 09:28:27,454 [main] INFO  impl.RaftServerImpl (RaftServerImpl.java:lambda$shutdown$3(245)) - 29b7da87-54ec-432d-b9d6-fda55f19c3d7: shutdown group-528B0F59DDEC
2019-08-27 09:28:27,454 [ForkJoinPool.commonPool-worker-1] INFO  impl.RaftServerImpl (RaftServerImpl.java:lambda$shutdown$3(245)) - 29b7da87-54ec-432d-b9d6-fda55f19c3d7: shutdown group-D876420C677A
2019-08-27 09:28:27,454 [main] INFO  util.JmxRegister (JmxRegister.java:unregister(73)) - Successfully un-registered JMX Bean with object name Ratis:service=RaftServer,group=group-528B0F59DDEC,id=29b7da87-54ec-432d-b9d6-fda55f19c3d7
2019-08-27 09:28:27,455 [ForkJoinPool.commonPool-worker-1] INFO  util.JmxRegister (JmxRegister.java:unregister(73)) - Successfully un-registered JMX Bean with object name Ratis:service=RaftServer,group=group-D876420C677A,id=29b7da87-54ec-432d-b9d6-fda55f19c3d7
2019-08-27 09:28:27,455 [main] INFO  impl.RoleInfo (RoleInfo.java:shutdownLeaderState(104)) - 29b7da87-54ec-432d-b9d6-fda55f19c3d7: shutdown LeaderState
2019-08-27 09:28:27,455 [ForkJoinPool.commonPool-worker-1] INFO  impl.RoleInfo (RoleInfo.java:shutdownFollowerState(121)) - 29b7da87-54ec-432d-b9d6-fda55f19c3d7: shutdown FollowerState
2019-08-27 09:28:27,455 [main] INFO  impl.PendingRequests (PendingRequests.java:sendNotLeaderResponses(202)) - 29b7da87-54ec-432d-b9d6-fda55f19c3d7-PendingRequests: sendNotLeaderResponses
2019-08-27 09:28:27,456 [StateMachineUpdater:29b7da87-54ec-432d-b9d6-fda55f19c3d7:group-D876420C677A] INFO  ratis.ContainerStateMachine (ContainerStateMachine.java:takeSnapshot(283)) - group-D876420C677A: Taking a snapshot at:(t:2, i:6) file /workdir/hadoop-ozone/integration-test/target/test-dir/MiniOzoneClusterImpl-b0c517ef-1cdb-4d30-8625-95ccbbf439ec/datanode-6/data/ratis/dcf14f64-0568-4b35-bf24-d876420c677a/sm/snapshot.2_6
2019-08-27 09:28:27,456 [Thread-384] INFO  impl.FollowerState (FollowerState.java:run(114)) - 29b7da87-54ec-432d-b9d6-fda55f19c3d7: FollowerState was interrupted: java.lang.InterruptedException: sleep interrupted
2019-08-27 09:28:27,456 [ForkJoinPool.commonPool-worker-1] INFO  impl.StateMachineUpdater (StateMachineUpdater.java:stopAndJoin(115)) - StateMachineUpdater:29b7da87-54ec-432d-b9d6-fda55f19c3d7:group-D876420C677A: set stopIndex = 8
2019-08-27 09:28:27,456 [main] INFO  impl.StateMachineUpdater (StateMachineUpdater.java:stopAndJoin(115)) - StateMachineUpdater:29b7da87-54ec-432d-b9d6-fda55f19c3d7:group-528B0F59DDEC: set stopIndex = 0
2019-08-27 09:28:27,460 [main] INFO  impl.RaftServerImpl (ServerState.java:close(394)) - 29b7da87-54ec-432d-b9d6-fda55f19c3d7:group-528B0F59DDEC closes. The last applied log index is 0
2019-08-27 09:28:27,460 [29b7da87-54ec-432d-b9d6-fda55f19c3d7-SegmentedRaftLogWorker:Storage Directory /workdir/hadoop-ozone/integration-test/target/test-dir/MiniOzoneClusterImpl-b0c517ef-1cdb-4d30-8625-95ccbbf439ec/datanode-6/data/ratis/75d85348-7ed4-4ad6-ba5d-528b0f59ddec] INFO  segmented.SegmentedRaftLogWorker (SegmentedRaftLogWorker.java:run(313)) - 29b7da87-54ec-432d-b9d6-fda55f19c3d7-SegmentedRaftLogWorker:Storage Directory /workdir/hadoop-ozone/integration-test/target/test-dir/MiniOzoneClusterImpl-b0c517ef-1cdb-4d30-8625-95ccbbf439ec/datanode-6/data/ratis/75d85348-7ed4-4ad6-ba5d-528b0f59ddec was interrupted, exiting. There are 0 tasks remaining in the queue.
2019-08-27 09:28:27,462 [main] INFO  segmented.SegmentedRaftLogWorker (SegmentedRaftLogWorker.java:close(228)) - 29b7da87-54ec-432d-b9d6-fda55f19c3d7-SegmentedRaftLogWorker:Storage Directory /workdir/hadoop-ozone/integration-test/target/test-dir/MiniOzoneClusterImpl-b0c517ef-1cdb-4d30-8625-95ccbbf439ec/datanode-6/data/ratis/75d85348-7ed4-4ad6-ba5d-528b0f59ddec close()
2019-08-27 09:28:27,472 [StateMachineUpdater:29b7da87-54ec-432d-b9d6-fda55f19c3d7:group-D876420C677A] INFO  ratis.ContainerStateMachine (ContainerStateMachine.java:takeSnapshot(294)) - group-D876420C677A: Finished taking a snapshot at:(t:2, i:6) file:/workdir/hadoop-ozone/integration-test/target/test-dir/MiniOzoneClusterImpl-b0c517ef-1cdb-4d30-8625-95ccbbf439ec/datanode-6/data/ratis/dcf14f64-0568-4b35-bf24-d876420c677a/sm/snapshot.2_6 time:17
2019-08-27 09:28:27,473 [StateMachineUpdater:29b7da87-54ec-432d-b9d6-fda55f19c3d7:group-D876420C677A] INFO  impl.StateMachineUpdater (StateMachineUpdater.java:takeSnapshot(242)) - StateMachineUpdater:29b7da87-54ec-432d-b9d6-fda55f19c3d7:group-D876420C677A: Took a snapshot at index 6
2019-08-27 09:28:27,473 [StateMachineUpdater:29b7da87-54ec-432d-b9d6-fda55f19c3d7:group-D876420C677A] INFO  impl.StateMachineUpdater (StateMachineUpdater.java:lambda$new$0(80)) - StateMachineUpdater:29b7da87-54ec-432d-b9d6-fda55f19c3d7:group-D876420C677A: snapshotIndex: updateIncreasingly -1 -> 6
2019-08-27 09:28:27,473 [ForkJoinPool.commonPool-worker-1] INFO  impl.RaftServerImpl (ServerState.java:close(394)) - 29b7da87-54ec-432d-b9d6-fda55f19c3d7:group-D876420C677A closes. The last applied log index is 8
2019-08-27 09:28:27,474 [29b7da87-54ec-432d-b9d6-fda55f19c3d7-SegmentedRaftLogWorker:Storage Directory /workdir/hadoop-ozone/integration-test/target/test-dir/MiniOzoneClusterImpl-b0c517ef-1cdb-4d30-8625-95ccbbf439ec/datanode-6/data/ratis/dcf14f64-0568-4b35-bf24-d876420c677a] INFO  segmented.SegmentedRaftLogWorker (SegmentedRaftLogWorker.java:run(313)) - 29b7da87-54ec-432d-b9d6-fda55f19c3d7-SegmentedRaftLogWorker:Storage Directory /workdir/hadoop-ozone/integration-test/target/test-dir/MiniOzoneClusterImpl-b0c517ef-1cdb-4d30-8625-95ccbbf439ec/datanode-6/data/ratis/dcf14f64-0568-4b35-bf24-d876420c677a was interrupted, exiting. There are 0 tasks remaining in the queue.
2019-08-27 09:28:27,475 [ForkJoinPool.commonPool-worker-1] INFO  segmented.SegmentedRaftLogWorker (SegmentedRaftLogWorker.java:close(228)) - 29b7da87-54ec-432d-b9d6-fda55f19c3d7-SegmentedRaftLogWorker:Storage Directory /workdir/hadoop-ozone/integration-test/target/test-dir/MiniOzoneClusterImpl-b0c517ef-1cdb-4d30-8625-95ccbbf439ec/datanode-6/data/ratis/dcf14f64-0568-4b35-bf24-d876420c677a close()
2019-08-27 09:28:27,479 [main] INFO  server.GrpcService (GrpcService.java:closeImpl(155)) - 29b7da87-54ec-432d-b9d6-fda55f19c3d7: shutdown server with port 35030 now
2019-08-27 09:28:27,483 [main] INFO  server.GrpcService (GrpcService.java:closeImpl(163)) - 29b7da87-54ec-432d-b9d6-fda55f19c3d7: shutdown server with port 35030 successfully
2019-08-27 09:28:27,491 [main] INFO  utils.BackgroundService (BackgroundService.java:shutdown(148)) - Shutting down service BlockDeletingService
2019-08-27 09:28:27,494 [refreshUsed-/workdir/hadoop-ozone/integration-test/target/test-dir/MiniOzoneClusterImpl-b0c517ef-1cdb-4d30-8625-95ccbbf439ec/datanode-6/data/containers] WARN  fs.CachingGetSpaceUsed (CachingGetSpaceUsed.java:run(183)) - Thread Interrupted waiting to refresh disk information: sleep interrupted
2019-08-27 09:28:27,513 [main] INFO  statemachine.DatanodeStateMachine (DatanodeStateMachine.java:stopDaemon(395)) - Ozone container server stopped.
2019-08-27 09:28:27,514 [main] INFO  handler.ContextHandler (ContextHandler.java:doStop(910)) - Stopped o.e.j.w.WebAppContext@609b041c{/,null,UNAVAILABLE}{/hddsDatanode}
2019-08-27 09:28:27,515 [main] INFO  server.AbstractConnector (AbstractConnector.java:doStop(318)) - Stopped ServerConnector@474e34e4{HTTP/1.1,[http/1.1]}{0.0.0.0:0}
2019-08-27 09:28:27,516 [main] INFO  handler.ContextHandler (ContextHandler.java:doStop(910)) - Stopped o.e.j.s.ServletContextHandler@16a6dc21{/static,jar:file:/home/user/.m2/repository/org/apache/hadoop/hadoop-hdds-container-service/0.5.0-SNAPSHOT/hadoop-hdds-container-service-0.5.0-SNAPSHOT.jar!/webapps/static,UNAVAILABLE}
2019-08-27 09:28:27,516 [main] INFO  handler.ContextHandler (ContextHandler.java:doStop(910)) - Stopped o.e.j.s.ServletContextHandler@570b2057{/logs,file:///workdir/hadoop-ozone/integration-test/target/log,UNAVAILABLE}
]]></system-out>
  </testcase>
</testsuite>