<?xml version="1.0" encoding="UTF-8"?>
<testsuite xmlns:xsi="http://www.w3.org/2001/XMLSchema-instance" xsi:noNamespaceSchemaLocation="https://maven.apache.org/surefire/maven-surefire-plugin/xsd/surefire-test-report.xsd" name="org.apache.hadoop.ozone.client.rpc.TestBlockOutputStreamWithFailures" time="702.698" tests="8" errors="0" skipped="0" failures="1">
  <properties>
    <property name="awt.toolkit" value="sun.awt.X11.XToolkit"/>
    <property name="file.encoding.pkg" value="sun.io"/>
    <property name="java.specification.version" value="1.8"/>
    <property name="sun.cpu.isalist" value=""/>
    <property name="sun.jnu.encoding" value="UTF-8"/>
    <property name="java.class.path" value="/workdir/hadoop-ozone/integration-test/target/test-classes:/workdir/hadoop-ozone/integration-test/target/classes:/home/user/.m2/repository/org/apache/hadoop/hadoop-ozone-common/0.5.0-SNAPSHOT/hadoop-ozone-common-0.5.0-SNAPSHOT.jar:/home/user/.m2/repository/org/apache/commons/commons-compress/1.4.1/commons-compress-1.4.1.jar:/home/user/.m2/repository/org/tukaani/xz/1.0/xz-1.0.jar:/home/user/.m2/repository/org/apache/hadoop/hadoop-common/3.2.0/hadoop-common-3.2.0.jar:/home/user/.m2/repository/org/apache/hadoop/hadoop-hdfs/3.2.0/hadoop-hdfs-3.2.0.jar:/home/user/.m2/repository/org/apache/hadoop/hadoop-hdfs-client/3.2.0/hadoop-hdfs-client-3.2.0.jar:/home/user/.m2/repository/com/fasterxml/jackson/core/jackson-annotations/2.9.5/jackson-annotations-2.9.5.jar:/home/user/.m2/repository/org/apache/hadoop/hadoop-hdds-common/0.5.0-SNAPSHOT/hadoop-hdds-common-0.5.0-SNAPSHOT.jar:/home/user/.m2/repository/javax/annotation/javax.annotation-api/1.2/javax.annotation-api-1.2.jar:/home/user/.m2/repository/org/apache/ratis/ratis-server/0.4.0-2337318-SNAPSHOT/ratis-server-0.4.0-2337318-SNAPSHOT.jar:/home/user/.m2/repository/org/apache/ratis/ratis-thirdparty-misc/0.2.0/ratis-thirdparty-misc-0.2.0.jar:/home/user/.m2/repository/org/apache/ratis/ratis-proto/0.4.0-2337318-SNAPSHOT/ratis-proto-0.4.0-2337318-SNAPSHOT.jar:/home/user/.m2/repository/org/apache/ratis/ratis-common/0.4.0-2337318-SNAPSHOT/ratis-common-0.4.0-2337318-SNAPSHOT.jar:/home/user/.m2/repository/org/apache/ratis/ratis-client/0.4.0-2337318-SNAPSHOT/ratis-client-0.4.0-2337318-SNAPSHOT.jar:/home/user/.m2/repository/org/apache/ratis/ratis-metrics/0.4.0-2337318-SNAPSHOT/ratis-metrics-0.4.0-2337318-SNAPSHOT.jar:/home/user/.m2/repository/org/apache/ratis/ratis-netty/0.4.0-2337318-SNAPSHOT/ratis-netty-0.4.0-2337318-SNAPSHOT.jar:/home/user/.m2/repository/org/apache/ratis/ratis-grpc/0.4.0-2337318-SNAPSHOT/ratis-grpc-0.4.0-2337318-SNAPSHOT.jar:/home/user/.m2/repository/org/rocksdb/rocksdbjni/6.0.1/rocksdbjni-6.0.1.jar:/home/user/.m2/repository/org/apache/logging/log4j/log4j-api/2.11.0/log4j-api-2.11.0.jar:/home/user/.m2/repository/org/apache/logging/log4j/log4j-core/2.11.0/log4j-core-2.11.0.jar:/home/user/.m2/repository/com/lmax/disruptor/3.4.2/disruptor-3.4.2.jar:/home/user/.m2/repository/org/apache/commons/commons-pool2/2.6.0/commons-pool2-2.6.0.jar:/home/user/.m2/repository/org/bouncycastle/bcpkix-jdk15on/1.60/bcpkix-jdk15on-1.60.jar:/home/user/.m2/repository/commons-validator/commons-validator/1.6/commons-validator-1.6.jar:/home/user/.m2/repository/commons-digester/commons-digester/1.8.1/commons-digester-1.8.1.jar:/home/user/.m2/repository/io/jaegertracing/jaeger-client/0.33.1/jaeger-client-0.33.1.jar:/home/user/.m2/repository/io/jaegertracing/jaeger-thrift/0.33.1/jaeger-thrift-0.33.1.jar:/home/user/.m2/repository/org/apache/thrift/libthrift/0.11.0/libthrift-0.11.0.jar:/home/user/.m2/repository/com/squareup/okhttp3/okhttp/3.9.0/okhttp-3.9.0.jar:/home/user/.m2/repository/com/squareup/okio/okio/1.13.0/okio-1.13.0.jar:/home/user/.m2/repository/io/jaegertracing/jaeger-core/0.33.1/jaeger-core-0.33.1.jar:/home/user/.m2/repository/io/jaegertracing/jaeger-tracerresolver/0.33.1/jaeger-tracerresolver-0.33.1.jar:/home/user/.m2/repository/io/opentracing/contrib/opentracing-tracerresolver/0.1.5/opentracing-tracerresolver-0.1.5.jar:/home/user/.m2/repository/io/opentracing/opentracing-util/0.31.0/opentracing-util-0.31.0.jar:/home/user/.m2/repository/io/opentracing/opentracing-api/0.31.0/opentracing-api-0.31.0.jar:/home/user/.m2/repository/io/opentracing/opentracing-noop/0.31.0/opentracing-noop-0.31.0.jar:/home/user/.m2/repository/org/apache/hadoop/hadoop-hdds-server-framework/0.5.0-SNAPSHOT/hadoop-hdds-server-framework-0.5.0-SNAPSHOT.jar:/home/user/.m2/repository/org/apache/hadoop/hadoop-hdds-container-service/0.5.0-SNAPSHOT/hadoop-hdds-container-service-0.5.0-SNAPSHOT.jar:/home/user/.m2/repository/org/apache/hadoop/hadoop-hdds-client/0.5.0-SNAPSHOT/hadoop-hdds-client-0.5.0-SNAPSHOT.jar:/home/user/.m2/repository/org/apache/hadoop/hadoop-hdds-tools/0.5.0-SNAPSHOT/hadoop-hdds-tools-0.5.0-SNAPSHOT.jar:/home/user/.m2/repository/org/apache/hadoop/hadoop-hdds-server-scm/0.5.0-SNAPSHOT/hadoop-hdds-server-scm-0.5.0-SNAPSHOT.jar:/home/user/.m2/repository/org/apache/hadoop/hadoop-hdds-docs/0.5.0-SNAPSHOT/hadoop-hdds-docs-0.5.0-SNAPSHOT.jar:/home/user/.m2/repository/io/dropwizard/metrics/metrics-core/3.2.4/metrics-core-3.2.4.jar:/home/user/.m2/repository/org/hamcrest/hamcrest-all/1.3/hamcrest-all-1.3.jar:/home/user/.m2/repository/org/bouncycastle/bcprov-jdk15on/1.60/bcprov-jdk15on-1.60.jar:/home/user/.m2/repository/info/picocli/picocli/3.9.6/picocli-3.9.6.jar:/home/user/.m2/repository/com/google/protobuf/protobuf-java/2.5.0/protobuf-java-2.5.0.jar:/home/user/.m2/repository/com/google/guava/guava/11.0.2/guava-11.0.2.jar:/home/user/.m2/repository/org/apache/hadoop/hadoop-ozone-ozone-manager/0.5.0-SNAPSHOT/hadoop-ozone-ozone-manager-0.5.0-SNAPSHOT.jar:/home/user/.m2/repository/org/apache/hadoop/hadoop-minikdc/3.2.0/hadoop-minikdc-3.2.0.jar:/home/user/.m2/repository/commons-io/commons-io/2.5/commons-io-2.5.jar:/home/user/.m2/repository/org/apache/kerby/kerb-simplekdc/1.0.1/kerb-simplekdc-1.0.1.jar:/home/user/.m2/repository/org/apache/kerby/kerb-client/1.0.1/kerb-client-1.0.1.jar:/home/user/.m2/repository/org/apache/kerby/kerby-config/1.0.1/kerby-config-1.0.1.jar:/home/user/.m2/repository/org/apache/kerby/kerb-core/1.0.1/kerb-core-1.0.1.jar:/home/user/.m2/repository/org/apache/kerby/kerby-pkix/1.0.1/kerby-pkix-1.0.1.jar:/home/user/.m2/repository/org/apache/kerby/kerby-asn1/1.0.1/kerby-asn1-1.0.1.jar:/home/user/.m2/repository/org/apache/kerby/kerby-util/1.0.1/kerby-util-1.0.1.jar:/home/user/.m2/repository/org/apache/kerby/kerb-common/1.0.1/kerb-common-1.0.1.jar:/home/user/.m2/repository/org/apache/kerby/kerb-crypto/1.0.1/kerb-crypto-1.0.1.jar:/home/user/.m2/repository/org/apache/kerby/kerb-util/1.0.1/kerb-util-1.0.1.jar:/home/user/.m2/repository/org/apache/kerby/token-provider/1.0.1/token-provider-1.0.1.jar:/home/user/.m2/repository/org/apache/kerby/kerb-admin/1.0.1/kerb-admin-1.0.1.jar:/home/user/.m2/repository/org/apache/kerby/kerb-server/1.0.1/kerb-server-1.0.1.jar:/home/user/.m2/repository/org/apache/kerby/kerb-identity/1.0.1/kerb-identity-1.0.1.jar:/home/user/.m2/repository/org/apache/kerby/kerby-xdr/1.0.1/kerby-xdr-1.0.1.jar:/home/user/.m2/repository/org/slf4j/slf4j-log4j12/1.7.25/slf4j-log4j12-1.7.25.jar:/home/user/.m2/repository/org/apache/hadoop/hadoop-ozone-s3gateway/0.5.0-SNAPSHOT/hadoop-ozone-s3gateway-0.5.0-SNAPSHOT.jar:/home/user/.m2/repository/org/jboss/weld/servlet/weld-servlet/2.4.7.Final/weld-servlet-2.4.7.Final.jar:/home/user/.m2/repository/org/glassfish/jersey/containers/jersey-container-servlet-core/2.27/jersey-container-servlet-core-2.27.jar:/home/user/.m2/repository/org/glassfish/hk2/external/javax.inject/2.5.0-b42/javax.inject-2.5.0-b42.jar:/home/user/.m2/repository/org/glassfish/jersey/core/jersey-common/2.27/jersey-common-2.27.jar:/home/user/.m2/repository/org/glassfish/hk2/osgi-resource-locator/1.0.1/osgi-resource-locator-1.0.1.jar:/home/user/.m2/repository/javax/ws/rs/javax.ws.rs-api/2.1/javax.ws.rs-api-2.1.jar:/home/user/.m2/repository/org/glassfish/jersey/ext/cdi/jersey-cdi1x/2.27/jersey-cdi1x-2.27.jar:/home/user/.m2/repository/org/glassfish/jersey/inject/jersey-hk2/2.27/jersey-hk2-2.27.jar:/home/user/.m2/repository/org/glassfish/hk2/hk2-locator/2.5.0-b42/hk2-locator-2.5.0-b42.jar:/home/user/.m2/repository/org/javassist/javassist/3.22.0-CR2/javassist-3.22.0-CR2.jar:/home/user/.m2/repository/org/glassfish/hk2/hk2-api/2.5.0/hk2-api-2.5.0.jar:/home/user/.m2/repository/org/glassfish/hk2/external/jakarta.inject/2.5.0/jakarta.inject-2.5.0.jar:/home/user/.m2/repository/org/glassfish/hk2/hk2-utils/2.5.0/hk2-utils-2.5.0.jar:/home/user/.m2/repository/jakarta/annotation/jakarta.annotation-api/1.3.4/jakarta.annotation-api-1.3.4.jar:/home/user/.m2/repository/org/glassfish/hk2/external/aopalliance-repackaged/2.5.0/aopalliance-repackaged-2.5.0.jar:/home/user/.m2/repository/com/fasterxml/jackson/dataformat/jackson-dataformat-xml/2.9.0/jackson-dataformat-xml-2.9.0.jar:/home/user/.m2/repository/com/fasterxml/jackson/core/jackson-core/2.9.5/jackson-core-2.9.5.jar:/home/user/.m2/repository/com/fasterxml/jackson/module/jackson-module-jaxb-annotations/2.9.5/jackson-module-jaxb-annotations-2.9.5.jar:/home/user/.m2/repository/javax/enterprise/cdi-api/1.2/cdi-api-1.2.jar:/home/user/.m2/repository/javax/el/javax.el-api/3.0.0/javax.el-api-3.0.0.jar:/home/user/.m2/repository/javax/interceptor/javax.interceptor-api/1.2/javax.interceptor-api-1.2.jar:/home/user/.m2/repository/javax/inject/javax.inject/1/javax.inject-1.jar:/home/user/.m2/repository/com/sun/xml/bind/jaxb-impl/2.3.0.1/jaxb-impl-2.3.0.1.jar:/home/user/.m2/repository/com/sun/xml/bind/jaxb-core/2.3.0.1/jaxb-core-2.3.0.1.jar:/home/user/.m2/repository/javax/xml/bind/jaxb-api/2.3.0/jaxb-api-2.3.0.jar:/home/user/.m2/repository/javax/activation/activation/1.1.1/activation-1.1.1.jar:/home/user/.m2/repository/org/apache/hadoop/hadoop-ozone-csi/0.5.0-SNAPSHOT/hadoop-ozone-csi-0.5.0-SNAPSHOT.jar:/home/user/.m2/repository/com/google/protobuf/protobuf-java-util/3.5.1/protobuf-java-util-3.5.1.jar:/home/user/.m2/repository/org/apache/hadoop/hadoop-hdds-config/0.5.0-SNAPSHOT/hadoop-hdds-config-0.5.0-SNAPSHOT.jar:/home/user/.m2/repository/io/grpc/grpc-netty/1.17.1/grpc-netty-1.17.1.jar:/home/user/.m2/repository/io/grpc/grpc-core/1.17.1/grpc-core-1.17.1.jar:/home/user/.m2/repository/io/grpc/grpc-context/1.17.1/grpc-context-1.17.1.jar:/home/user/.m2/repository/com/google/errorprone/error_prone_annotations/2.2.0/error_prone_annotations-2.2.0.jar:/home/user/.m2/repository/org/codehaus/mojo/animal-sniffer-annotations/1.17/animal-sniffer-annotations-1.17.jar:/home/user/.m2/repository/io/opencensus/opencensus-api/0.17.0/opencensus-api-0.17.0.jar:/home/user/.m2/repository/io/opencensus/opencensus-contrib-grpc-metrics/0.17.0/opencensus-contrib-grpc-metrics-0.17.0.jar:/home/user/.m2/repository/io/netty/netty-codec-http2/4.1.30.Final/netty-codec-http2-4.1.30.Final.jar:/home/user/.m2/repository/io/netty/netty-codec-http/4.1.30.Final/netty-codec-http-4.1.30.Final.jar:/home/user/.m2/repository/io/netty/netty-codec/4.1.30.Final/netty-codec-4.1.30.Final.jar:/home/user/.m2/repository/io/netty/netty-handler/4.1.30.Final/netty-handler-4.1.30.Final.jar:/home/user/.m2/repository/io/netty/netty-handler-proxy/4.1.30.Final/netty-handler-proxy-4.1.30.Final.jar:/home/user/.m2/repository/io/netty/netty-codec-socks/4.1.30.Final/netty-codec-socks-4.1.30.Final.jar:/home/user/.m2/repository/io/netty/netty-transport-native-epoll/4.1.30.Final/netty-transport-native-epoll-4.1.30.Final.jar:/home/user/.m2/repository/io/netty/netty-common/4.1.30.Final/netty-common-4.1.30.Final.jar:/home/user/.m2/repository/io/netty/netty-buffer/4.1.30.Final/netty-buffer-4.1.30.Final.jar:/home/user/.m2/repository/io/netty/netty-transport/4.1.30.Final/netty-transport-4.1.30.Final.jar:/home/user/.m2/repository/io/netty/netty-resolver/4.1.30.Final/netty-resolver-4.1.30.Final.jar:/home/user/.m2/repository/io/netty/netty-transport-native-unix-common/4.1.30.Final/netty-transport-native-unix-common-4.1.30.Final.jar:/home/user/.m2/repository/io/grpc/grpc-protobuf/1.17.1/grpc-protobuf-1.17.1.jar:/home/user/.m2/repository/com/google/api/grpc/proto-google-common-protos/1.0.0/proto-google-common-protos-1.0.0.jar:/home/user/.m2/repository/io/grpc/grpc-protobuf-lite/1.17.1/grpc-protobuf-lite-1.17.1.jar:/home/user/.m2/repository/io/grpc/grpc-stub/1.17.1/grpc-stub-1.17.1.jar:/home/user/.m2/repository/org/apache/hadoop/hadoop-ozone-recon/0.5.0-SNAPSHOT/hadoop-ozone-recon-0.5.0-SNAPSHOT.jar:/home/user/.m2/repository/org/apache/hadoop/hadoop-ozone-reconcodegen/0.5.0-SNAPSHOT/hadoop-ozone-reconcodegen-0.5.0-SNAPSHOT.jar:/home/user/.m2/repository/com/google/inject/extensions/guice-multibindings/4.0/guice-multibindings-4.0.jar:/home/user/.m2/repository/com/google/inject/guice/4.0/guice-4.0.jar:/home/user/.m2/repository/aopalliance/aopalliance/1.0/aopalliance-1.0.jar:/home/user/.m2/repository/com/google/inject/extensions/guice-servlet/4.0/guice-servlet-4.0.jar:/home/user/.m2/repository/org/glassfish/jersey/containers/jersey-container-servlet/2.27/jersey-container-servlet-2.27.jar:/home/user/.m2/repository/org/glassfish/hk2/guice-bridge/2.5.0/guice-bridge-2.5.0.jar:/home/user/.m2/repository/org/glassfish/jersey/core/jersey-server/2.27/jersey-server-2.27.jar:/home/user/.m2/repository/org/glassfish/jersey/core/jersey-client/2.27/jersey-client-2.27.jar:/home/user/.m2/repository/org/glassfish/jersey/media/jersey-media-jaxb/2.27/jersey-media-jaxb-2.27.jar:/home/user/.m2/repository/javax/validation/validation-api/1.1.0.Final/validation-api-1.1.0.Final.jar:/home/user/.m2/repository/org/glassfish/jersey/media/jersey-media-json-jackson/2.27/jersey-media-json-jackson-2.27.jar:/home/user/.m2/repository/org/glassfish/jersey/ext/jersey-entity-filtering/2.27/jersey-entity-filtering-2.27.jar:/home/user/.m2/repository/com/google/inject/extensions/guice-assistedinject/4.0/guice-assistedinject-4.0.jar:/home/user/.m2/repository/org/jooq/jooq/3.11.10/jooq-3.11.10.jar:/home/user/.m2/repository/org/jooq/jooq-meta/3.11.10/jooq-meta-3.11.10.jar:/home/user/.m2/repository/org/jooq/jooq-codegen/3.11.10/jooq-codegen-3.11.10.jar:/home/user/.m2/repository/com/jolbox/bonecp/0.8.0.RELEASE/bonecp-0.8.0.RELEASE.jar:/home/user/.m2/repository/org/xerial/sqlite-jdbc/3.25.2/sqlite-jdbc-3.25.2.jar:/home/user/.m2/repository/org/springframework/spring-jdbc/5.1.3.RELEASE/spring-jdbc-5.1.3.RELEASE.jar:/home/user/.m2/repository/org/springframework/spring-beans/5.1.3.RELEASE/spring-beans-5.1.3.RELEASE.jar:/home/user/.m2/repository/org/springframework/spring-core/5.1.3.RELEASE/spring-core-5.1.3.RELEASE.jar:/home/user/.m2/repository/org/springframework/spring-jcl/5.1.3.RELEASE/spring-jcl-5.1.3.RELEASE.jar:/home/user/.m2/repository/org/springframework/spring-tx/5.1.3.RELEASE/spring-tx-5.1.3.RELEASE.jar:/home/user/.m2/repository/org/apache/hadoop/hadoop-ozone-client/0.5.0-SNAPSHOT/hadoop-ozone-client-0.5.0-SNAPSHOT.jar:/home/user/.m2/repository/commons-lang/commons-lang/2.6/commons-lang-2.6.jar:/home/user/.m2/repository/org/apache/hadoop/hadoop-ozone-ozone-manager/0.5.0-SNAPSHOT/hadoop-ozone-ozone-manager-0.5.0-SNAPSHOT-tests.jar:/home/user/.m2/repository/junit/junit/4.11/junit-4.11.jar:/home/user/.m2/repository/org/hamcrest/hamcrest-core/1.3/hamcrest-core-1.3.jar:/home/user/.m2/repository/org/openjdk/jmh/jmh-core/1.19/jmh-core-1.19.jar:/home/user/.m2/repository/net/sf/jopt-simple/jopt-simple/4.6/jopt-simple-4.6.jar:/home/user/.m2/repository/org/apache/commons/commons-math3/3.1.1/commons-math3-3.1.1.jar:/home/user/.m2/repository/org/openjdk/jmh/jmh-generator-annprocess/1.19/jmh-generator-annprocess-1.19.jar:/home/user/.m2/repository/org/mockito/mockito-all/1.8.5/mockito-all-1.8.5.jar:/home/user/.m2/repository/org/apache/hadoop/hadoop-kms/3.2.0/hadoop-kms-3.2.0.jar:/home/user/.m2/repository/org/apache/hadoop/hadoop-auth/3.2.0/hadoop-auth-3.2.0.jar:/home/user/.m2/repository/com/nimbusds/nimbus-jose-jwt/4.41.1/nimbus-jose-jwt-4.41.1.jar:/home/user/.m2/repository/com/github/stephenc/jcip/jcip-annotations/1.0-1/jcip-annotations-1.0-1.jar:/home/user/.m2/repository/net/minidev/json-smart/2.3/json-smart-2.3.jar:/home/user/.m2/repository/net/minidev/accessors-smart/1.2/accessors-smart-1.2.jar:/home/user/.m2/repository/org/ow2/asm/asm/5.0.4/asm-5.0.4.jar:/home/user/.m2/repository/org/apache/curator/curator-framework/2.12.0/curator-framework-2.12.0.jar:/home/user/.m2/repository/com/sun/jersey/jersey-core/1.19/jersey-core-1.19.jar:/home/user/.m2/repository/javax/ws/rs/jsr311-api/1.1.1/jsr311-api-1.1.1.jar:/home/user/.m2/repository/com/sun/jersey/jersey-server/1.19/jersey-server-1.19.jar:/home/user/.m2/repository/javax/servlet/javax.servlet-api/3.1.0/javax.servlet-api-3.1.0.jar:/home/user/.m2/repository/org/eclipse/jetty/jetty-server/9.3.24.v20180605/jetty-server-9.3.24.v20180605.jar:/home/user/.m2/repository/org/eclipse/jetty/jetty-http/9.3.24.v20180605/jetty-http-9.3.24.v20180605.jar:/home/user/.m2/repository/org/eclipse/jetty/jetty-io/9.3.24.v20180605/jetty-io-9.3.24.v20180605.jar:/home/user/.m2/repository/org/eclipse/jetty/jetty-webapp/9.3.24.v20180605/jetty-webapp-9.3.24.v20180605.jar:/home/user/.m2/repository/org/eclipse/jetty/jetty-xml/9.3.24.v20180605/jetty-xml-9.3.24.v20180605.jar:/home/user/.m2/repository/log4j/log4j/1.2.17/log4j-1.2.17.jar:/home/user/.m2/repository/org/slf4j/slf4j-api/1.7.25/slf4j-api-1.7.25.jar:/home/user/.m2/repository/org/slf4j/jul-to-slf4j/1.7.25/jul-to-slf4j-1.7.25.jar:/home/user/.m2/repository/org/eclipse/jetty/jetty-util/9.3.24.v20180605/jetty-util-9.3.24.v20180605.jar:/home/user/.m2/repository/com/fasterxml/jackson/core/jackson-databind/2.9.5/jackson-databind-2.9.5.jar:/home/user/.m2/repository/org/apache/hadoop/hadoop-kms/3.2.0/hadoop-kms-3.2.0-tests.jar:/home/user/.m2/repository/org/apache/hadoop/hadoop-hdds-server-scm/0.5.0-SNAPSHOT/hadoop-hdds-server-scm-0.5.0-SNAPSHOT-tests.jar:/home/user/.m2/repository/org/apache/hadoop/hadoop-hdds-container-service/0.5.0-SNAPSHOT/hadoop-hdds-container-service-0.5.0-SNAPSHOT-tests.jar:/home/user/.m2/repository/org/yaml/snakeyaml/1.16/snakeyaml-1.16.jar:/home/user/.m2/repository/org/apache/hadoop/hadoop-common/3.2.0/hadoop-common-3.2.0-tests.jar:/home/user/.m2/repository/org/apache/hadoop/hadoop-annotations/3.2.0/hadoop-annotations-3.2.0.jar:/usr/lib/jvm/java-1.8-openjdk/jre/../lib/tools.jar:/home/user/.m2/repository/commons-cli/commons-cli/1.2/commons-cli-1.2.jar:/home/user/.m2/repository/org/apache/httpcomponents/httpclient/4.5.2/httpclient-4.5.2.jar:/home/user/.m2/repository/org/apache/httpcomponents/httpcore/4.4.4/httpcore-4.4.4.jar:/home/user/.m2/repository/commons-codec/commons-codec/1.11/commons-codec-1.11.jar:/home/user/.m2/repository/commons-net/commons-net/3.6/commons-net-3.6.jar:/home/user/.m2/repository/commons-collections/commons-collections/3.2.2/commons-collections-3.2.2.jar:/home/user/.m2/repository/org/eclipse/jetty/jetty-servlet/9.3.24.v20180605/jetty-servlet-9.3.24.v20180605.jar:/home/user/.m2/repository/org/eclipse/jetty/jetty-security/9.3.24.v20180605/jetty-security-9.3.24.v20180605.jar:/home/user/.m2/repository/javax/servlet/jsp/jsp-api/2.1/jsp-api-2.1.jar:/home/user/.m2/repository/com/sun/jersey/jersey-servlet/1.19/jersey-servlet-1.19.jar:/home/user/.m2/repository/com/sun/jersey/jersey-json/1.19/jersey-json-1.19.jar:/home/user/.m2/repository/org/codehaus/jettison/jettison/1.1/jettison-1.1.jar:/home/user/.m2/repository/org/codehaus/jackson/jackson-core-asl/1.9.13/jackson-core-asl-1.9.13.jar:/home/user/.m2/repository/org/codehaus/jackson/jackson-mapper-asl/1.9.13/jackson-mapper-asl-1.9.13.jar:/home/user/.m2/repository/org/codehaus/jackson/jackson-jaxrs/1.9.13/jackson-jaxrs-1.9.13.jar:/home/user/.m2/repository/org/codehaus/jackson/jackson-xc/1.9.13/jackson-xc-1.9.13.jar:/home/user/.m2/repository/commons-logging/commons-logging/1.1.3/commons-logging-1.1.3.jar:/home/user/.m2/repository/commons-beanutils/commons-beanutils/1.9.3/commons-beanutils-1.9.3.jar:/home/user/.m2/repository/org/apache/commons/commons-configuration2/2.1.1/commons-configuration2-2.1.1.jar:/home/user/.m2/repository/org/apache/commons/commons-lang3/3.7/commons-lang3-3.7.jar:/home/user/.m2/repository/org/apache/commons/commons-text/1.4/commons-text-1.4.jar:/home/user/.m2/repository/org/apache/avro/avro/1.7.7/avro-1.7.7.jar:/home/user/.m2/repository/com/thoughtworks/paranamer/paranamer/2.3/paranamer-2.3.jar:/home/user/.m2/repository/org/xerial/snappy/snappy-java/1.0.5/snappy-java-1.0.5.jar:/home/user/.m2/repository/com/google/re2j/re2j/1.1/re2j-1.1.jar:/home/user/.m2/repository/com/google/code/gson/gson/2.2.4/gson-2.2.4.jar:/home/user/.m2/repository/com/jcraft/jsch/0.1.54/jsch-0.1.54.jar:/home/user/.m2/repository/org/apache/curator/curator-client/2.12.0/curator-client-2.12.0.jar:/home/user/.m2/repository/org/apache/curator/curator-recipes/2.12.0/curator-recipes-2.12.0.jar:/home/user/.m2/repository/com/google/code/findbugs/jsr305/3.0.0/jsr305-3.0.0.jar:/home/user/.m2/repository/org/apache/htrace/htrace-core4/4.1.0-incubating/htrace-core4-4.1.0-incubating.jar:/home/user/.m2/repository/org/apache/zookeeper/zookeeper/3.4.13/zookeeper-3.4.13.jar:/home/user/.m2/repository/org/apache/yetus/audience-annotations/0.5.0/audience-annotations-0.5.0.jar:/home/user/.m2/repository/org/codehaus/woodstox/stax2-api/3.1.4/stax2-api-3.1.4.jar:/home/user/.m2/repository/com/fasterxml/woodstox/woodstox-core/5.0.3/woodstox-core-5.0.3.jar:/home/user/.m2/repository/dnsjava/dnsjava/2.1.7/dnsjava-2.1.7.jar:/home/user/.m2/repository/org/apache/hadoop/hadoop-hdfs/3.2.0/hadoop-hdfs-3.2.0-tests.jar:/home/user/.m2/repository/org/eclipse/jetty/jetty-util-ajax/9.3.24.v20180605/jetty-util-ajax-9.3.24.v20180605.jar:/home/user/.m2/repository/commons-daemon/commons-daemon/1.0.13/commons-daemon-1.0.13.jar:/home/user/.m2/repository/io/netty/netty/3.10.5.Final/netty-3.10.5.Final.jar:/home/user/.m2/repository/io/netty/netty-all/4.0.52.Final/netty-all-4.0.52.Final.jar:/home/user/.m2/repository/org/fusesource/leveldbjni/leveldbjni-all/1.8/leveldbjni-all-1.8.jar:"/>
    <property name="java.vm.vendor" value="IcedTea"/>
    <property name="sun.arch.data.model" value="64"/>
    <property name="test.build.dir" value="/workdir/hadoop-ozone/integration-test/target/test-dir"/>
    <property name="test.cache.data" value=""/>
    <property name="java.vendor.url" value="https://icedtea.classpath.org"/>
    <property name="user.timezone" value=""/>
    <property name="java.vm.specification.version" value="1.8"/>
    <property name="os.name" value="Linux"/>
    <property name="test.build.data" value="/workdir/hadoop-ozone/integration-test/target/test-dir"/>
    <property name="user.country" value="US"/>
    <property name="sun.java.launcher" value="SUN_STANDARD"/>
    <property name="sun.boot.library.path" value="/usr/lib/jvm/java-1.8-openjdk/jre/lib/amd64"/>
    <property name="sun.java.command" value="/workdir/hadoop-ozone/integration-test/target/surefire/surefirebooter4503144803086306661.jar /workdir/hadoop-ozone/integration-test/target/surefire 2019-08-30T22-17-41_944-jvmRun1 surefire2585529071759107257tmp surefire_166551667744543603184tmp"/>
    <property name="test" value="!TestMiniChaosOzoneCluster"/>
    <property name="surefire.test.class.path" value="/workdir/hadoop-ozone/integration-test/target/test-classes:/workdir/hadoop-ozone/integration-test/target/classes:/home/user/.m2/repository/org/apache/hadoop/hadoop-ozone-common/0.5.0-SNAPSHOT/hadoop-ozone-common-0.5.0-SNAPSHOT.jar:/home/user/.m2/repository/org/apache/commons/commons-compress/1.4.1/commons-compress-1.4.1.jar:/home/user/.m2/repository/org/tukaani/xz/1.0/xz-1.0.jar:/home/user/.m2/repository/org/apache/hadoop/hadoop-common/3.2.0/hadoop-common-3.2.0.jar:/home/user/.m2/repository/org/apache/hadoop/hadoop-hdfs/3.2.0/hadoop-hdfs-3.2.0.jar:/home/user/.m2/repository/org/apache/hadoop/hadoop-hdfs-client/3.2.0/hadoop-hdfs-client-3.2.0.jar:/home/user/.m2/repository/com/fasterxml/jackson/core/jackson-annotations/2.9.5/jackson-annotations-2.9.5.jar:/home/user/.m2/repository/org/apache/hadoop/hadoop-hdds-common/0.5.0-SNAPSHOT/hadoop-hdds-common-0.5.0-SNAPSHOT.jar:/home/user/.m2/repository/javax/annotation/javax.annotation-api/1.2/javax.annotation-api-1.2.jar:/home/user/.m2/repository/org/apache/ratis/ratis-server/0.4.0-2337318-SNAPSHOT/ratis-server-0.4.0-2337318-SNAPSHOT.jar:/home/user/.m2/repository/org/apache/ratis/ratis-thirdparty-misc/0.2.0/ratis-thirdparty-misc-0.2.0.jar:/home/user/.m2/repository/org/apache/ratis/ratis-proto/0.4.0-2337318-SNAPSHOT/ratis-proto-0.4.0-2337318-SNAPSHOT.jar:/home/user/.m2/repository/org/apache/ratis/ratis-common/0.4.0-2337318-SNAPSHOT/ratis-common-0.4.0-2337318-SNAPSHOT.jar:/home/user/.m2/repository/org/apache/ratis/ratis-client/0.4.0-2337318-SNAPSHOT/ratis-client-0.4.0-2337318-SNAPSHOT.jar:/home/user/.m2/repository/org/apache/ratis/ratis-metrics/0.4.0-2337318-SNAPSHOT/ratis-metrics-0.4.0-2337318-SNAPSHOT.jar:/home/user/.m2/repository/org/apache/ratis/ratis-netty/0.4.0-2337318-SNAPSHOT/ratis-netty-0.4.0-2337318-SNAPSHOT.jar:/home/user/.m2/repository/org/apache/ratis/ratis-grpc/0.4.0-2337318-SNAPSHOT/ratis-grpc-0.4.0-2337318-SNAPSHOT.jar:/home/user/.m2/repository/org/rocksdb/rocksdbjni/6.0.1/rocksdbjni-6.0.1.jar:/home/user/.m2/repository/org/apache/logging/log4j/log4j-api/2.11.0/log4j-api-2.11.0.jar:/home/user/.m2/repository/org/apache/logging/log4j/log4j-core/2.11.0/log4j-core-2.11.0.jar:/home/user/.m2/repository/com/lmax/disruptor/3.4.2/disruptor-3.4.2.jar:/home/user/.m2/repository/org/apache/commons/commons-pool2/2.6.0/commons-pool2-2.6.0.jar:/home/user/.m2/repository/org/bouncycastle/bcpkix-jdk15on/1.60/bcpkix-jdk15on-1.60.jar:/home/user/.m2/repository/commons-validator/commons-validator/1.6/commons-validator-1.6.jar:/home/user/.m2/repository/commons-digester/commons-digester/1.8.1/commons-digester-1.8.1.jar:/home/user/.m2/repository/io/jaegertracing/jaeger-client/0.33.1/jaeger-client-0.33.1.jar:/home/user/.m2/repository/io/jaegertracing/jaeger-thrift/0.33.1/jaeger-thrift-0.33.1.jar:/home/user/.m2/repository/org/apache/thrift/libthrift/0.11.0/libthrift-0.11.0.jar:/home/user/.m2/repository/com/squareup/okhttp3/okhttp/3.9.0/okhttp-3.9.0.jar:/home/user/.m2/repository/com/squareup/okio/okio/1.13.0/okio-1.13.0.jar:/home/user/.m2/repository/io/jaegertracing/jaeger-core/0.33.1/jaeger-core-0.33.1.jar:/home/user/.m2/repository/io/jaegertracing/jaeger-tracerresolver/0.33.1/jaeger-tracerresolver-0.33.1.jar:/home/user/.m2/repository/io/opentracing/contrib/opentracing-tracerresolver/0.1.5/opentracing-tracerresolver-0.1.5.jar:/home/user/.m2/repository/io/opentracing/opentracing-util/0.31.0/opentracing-util-0.31.0.jar:/home/user/.m2/repository/io/opentracing/opentracing-api/0.31.0/opentracing-api-0.31.0.jar:/home/user/.m2/repository/io/opentracing/opentracing-noop/0.31.0/opentracing-noop-0.31.0.jar:/home/user/.m2/repository/org/apache/hadoop/hadoop-hdds-server-framework/0.5.0-SNAPSHOT/hadoop-hdds-server-framework-0.5.0-SNAPSHOT.jar:/home/user/.m2/repository/org/apache/hadoop/hadoop-hdds-container-service/0.5.0-SNAPSHOT/hadoop-hdds-container-service-0.5.0-SNAPSHOT.jar:/home/user/.m2/repository/org/apache/hadoop/hadoop-hdds-client/0.5.0-SNAPSHOT/hadoop-hdds-client-0.5.0-SNAPSHOT.jar:/home/user/.m2/repository/org/apache/hadoop/hadoop-hdds-tools/0.5.0-SNAPSHOT/hadoop-hdds-tools-0.5.0-SNAPSHOT.jar:/home/user/.m2/repository/org/apache/hadoop/hadoop-hdds-server-scm/0.5.0-SNAPSHOT/hadoop-hdds-server-scm-0.5.0-SNAPSHOT.jar:/home/user/.m2/repository/org/apache/hadoop/hadoop-hdds-docs/0.5.0-SNAPSHOT/hadoop-hdds-docs-0.5.0-SNAPSHOT.jar:/home/user/.m2/repository/io/dropwizard/metrics/metrics-core/3.2.4/metrics-core-3.2.4.jar:/home/user/.m2/repository/org/hamcrest/hamcrest-all/1.3/hamcrest-all-1.3.jar:/home/user/.m2/repository/org/bouncycastle/bcprov-jdk15on/1.60/bcprov-jdk15on-1.60.jar:/home/user/.m2/repository/info/picocli/picocli/3.9.6/picocli-3.9.6.jar:/home/user/.m2/repository/com/google/protobuf/protobuf-java/2.5.0/protobuf-java-2.5.0.jar:/home/user/.m2/repository/com/google/guava/guava/11.0.2/guava-11.0.2.jar:/home/user/.m2/repository/org/apache/hadoop/hadoop-ozone-ozone-manager/0.5.0-SNAPSHOT/hadoop-ozone-ozone-manager-0.5.0-SNAPSHOT.jar:/home/user/.m2/repository/org/apache/hadoop/hadoop-minikdc/3.2.0/hadoop-minikdc-3.2.0.jar:/home/user/.m2/repository/commons-io/commons-io/2.5/commons-io-2.5.jar:/home/user/.m2/repository/org/apache/kerby/kerb-simplekdc/1.0.1/kerb-simplekdc-1.0.1.jar:/home/user/.m2/repository/org/apache/kerby/kerb-client/1.0.1/kerb-client-1.0.1.jar:/home/user/.m2/repository/org/apache/kerby/kerby-config/1.0.1/kerby-config-1.0.1.jar:/home/user/.m2/repository/org/apache/kerby/kerb-core/1.0.1/kerb-core-1.0.1.jar:/home/user/.m2/repository/org/apache/kerby/kerby-pkix/1.0.1/kerby-pkix-1.0.1.jar:/home/user/.m2/repository/org/apache/kerby/kerby-asn1/1.0.1/kerby-asn1-1.0.1.jar:/home/user/.m2/repository/org/apache/kerby/kerby-util/1.0.1/kerby-util-1.0.1.jar:/home/user/.m2/repository/org/apache/kerby/kerb-common/1.0.1/kerb-common-1.0.1.jar:/home/user/.m2/repository/org/apache/kerby/kerb-crypto/1.0.1/kerb-crypto-1.0.1.jar:/home/user/.m2/repository/org/apache/kerby/kerb-util/1.0.1/kerb-util-1.0.1.jar:/home/user/.m2/repository/org/apache/kerby/token-provider/1.0.1/token-provider-1.0.1.jar:/home/user/.m2/repository/org/apache/kerby/kerb-admin/1.0.1/kerb-admin-1.0.1.jar:/home/user/.m2/repository/org/apache/kerby/kerb-server/1.0.1/kerb-server-1.0.1.jar:/home/user/.m2/repository/org/apache/kerby/kerb-identity/1.0.1/kerb-identity-1.0.1.jar:/home/user/.m2/repository/org/apache/kerby/kerby-xdr/1.0.1/kerby-xdr-1.0.1.jar:/home/user/.m2/repository/org/slf4j/slf4j-log4j12/1.7.25/slf4j-log4j12-1.7.25.jar:/home/user/.m2/repository/org/apache/hadoop/hadoop-ozone-s3gateway/0.5.0-SNAPSHOT/hadoop-ozone-s3gateway-0.5.0-SNAPSHOT.jar:/home/user/.m2/repository/org/jboss/weld/servlet/weld-servlet/2.4.7.Final/weld-servlet-2.4.7.Final.jar:/home/user/.m2/repository/org/glassfish/jersey/containers/jersey-container-servlet-core/2.27/jersey-container-servlet-core-2.27.jar:/home/user/.m2/repository/org/glassfish/hk2/external/javax.inject/2.5.0-b42/javax.inject-2.5.0-b42.jar:/home/user/.m2/repository/org/glassfish/jersey/core/jersey-common/2.27/jersey-common-2.27.jar:/home/user/.m2/repository/org/glassfish/hk2/osgi-resource-locator/1.0.1/osgi-resource-locator-1.0.1.jar:/home/user/.m2/repository/javax/ws/rs/javax.ws.rs-api/2.1/javax.ws.rs-api-2.1.jar:/home/user/.m2/repository/org/glassfish/jersey/ext/cdi/jersey-cdi1x/2.27/jersey-cdi1x-2.27.jar:/home/user/.m2/repository/org/glassfish/jersey/inject/jersey-hk2/2.27/jersey-hk2-2.27.jar:/home/user/.m2/repository/org/glassfish/hk2/hk2-locator/2.5.0-b42/hk2-locator-2.5.0-b42.jar:/home/user/.m2/repository/org/javassist/javassist/3.22.0-CR2/javassist-3.22.0-CR2.jar:/home/user/.m2/repository/org/glassfish/hk2/hk2-api/2.5.0/hk2-api-2.5.0.jar:/home/user/.m2/repository/org/glassfish/hk2/external/jakarta.inject/2.5.0/jakarta.inject-2.5.0.jar:/home/user/.m2/repository/org/glassfish/hk2/hk2-utils/2.5.0/hk2-utils-2.5.0.jar:/home/user/.m2/repository/jakarta/annotation/jakarta.annotation-api/1.3.4/jakarta.annotation-api-1.3.4.jar:/home/user/.m2/repository/org/glassfish/hk2/external/aopalliance-repackaged/2.5.0/aopalliance-repackaged-2.5.0.jar:/home/user/.m2/repository/com/fasterxml/jackson/dataformat/jackson-dataformat-xml/2.9.0/jackson-dataformat-xml-2.9.0.jar:/home/user/.m2/repository/com/fasterxml/jackson/core/jackson-core/2.9.5/jackson-core-2.9.5.jar:/home/user/.m2/repository/com/fasterxml/jackson/module/jackson-module-jaxb-annotations/2.9.5/jackson-module-jaxb-annotations-2.9.5.jar:/home/user/.m2/repository/javax/enterprise/cdi-api/1.2/cdi-api-1.2.jar:/home/user/.m2/repository/javax/el/javax.el-api/3.0.0/javax.el-api-3.0.0.jar:/home/user/.m2/repository/javax/interceptor/javax.interceptor-api/1.2/javax.interceptor-api-1.2.jar:/home/user/.m2/repository/javax/inject/javax.inject/1/javax.inject-1.jar:/home/user/.m2/repository/com/sun/xml/bind/jaxb-impl/2.3.0.1/jaxb-impl-2.3.0.1.jar:/home/user/.m2/repository/com/sun/xml/bind/jaxb-core/2.3.0.1/jaxb-core-2.3.0.1.jar:/home/user/.m2/repository/javax/xml/bind/jaxb-api/2.3.0/jaxb-api-2.3.0.jar:/home/user/.m2/repository/javax/activation/activation/1.1.1/activation-1.1.1.jar:/home/user/.m2/repository/org/apache/hadoop/hadoop-ozone-csi/0.5.0-SNAPSHOT/hadoop-ozone-csi-0.5.0-SNAPSHOT.jar:/home/user/.m2/repository/com/google/protobuf/protobuf-java-util/3.5.1/protobuf-java-util-3.5.1.jar:/home/user/.m2/repository/org/apache/hadoop/hadoop-hdds-config/0.5.0-SNAPSHOT/hadoop-hdds-config-0.5.0-SNAPSHOT.jar:/home/user/.m2/repository/io/grpc/grpc-netty/1.17.1/grpc-netty-1.17.1.jar:/home/user/.m2/repository/io/grpc/grpc-core/1.17.1/grpc-core-1.17.1.jar:/home/user/.m2/repository/io/grpc/grpc-context/1.17.1/grpc-context-1.17.1.jar:/home/user/.m2/repository/com/google/errorprone/error_prone_annotations/2.2.0/error_prone_annotations-2.2.0.jar:/home/user/.m2/repository/org/codehaus/mojo/animal-sniffer-annotations/1.17/animal-sniffer-annotations-1.17.jar:/home/user/.m2/repository/io/opencensus/opencensus-api/0.17.0/opencensus-api-0.17.0.jar:/home/user/.m2/repository/io/opencensus/opencensus-contrib-grpc-metrics/0.17.0/opencensus-contrib-grpc-metrics-0.17.0.jar:/home/user/.m2/repository/io/netty/netty-codec-http2/4.1.30.Final/netty-codec-http2-4.1.30.Final.jar:/home/user/.m2/repository/io/netty/netty-codec-http/4.1.30.Final/netty-codec-http-4.1.30.Final.jar:/home/user/.m2/repository/io/netty/netty-codec/4.1.30.Final/netty-codec-4.1.30.Final.jar:/home/user/.m2/repository/io/netty/netty-handler/4.1.30.Final/netty-handler-4.1.30.Final.jar:/home/user/.m2/repository/io/netty/netty-handler-proxy/4.1.30.Final/netty-handler-proxy-4.1.30.Final.jar:/home/user/.m2/repository/io/netty/netty-codec-socks/4.1.30.Final/netty-codec-socks-4.1.30.Final.jar:/home/user/.m2/repository/io/netty/netty-transport-native-epoll/4.1.30.Final/netty-transport-native-epoll-4.1.30.Final.jar:/home/user/.m2/repository/io/netty/netty-common/4.1.30.Final/netty-common-4.1.30.Final.jar:/home/user/.m2/repository/io/netty/netty-buffer/4.1.30.Final/netty-buffer-4.1.30.Final.jar:/home/user/.m2/repository/io/netty/netty-transport/4.1.30.Final/netty-transport-4.1.30.Final.jar:/home/user/.m2/repository/io/netty/netty-resolver/4.1.30.Final/netty-resolver-4.1.30.Final.jar:/home/user/.m2/repository/io/netty/netty-transport-native-unix-common/4.1.30.Final/netty-transport-native-unix-common-4.1.30.Final.jar:/home/user/.m2/repository/io/grpc/grpc-protobuf/1.17.1/grpc-protobuf-1.17.1.jar:/home/user/.m2/repository/com/google/api/grpc/proto-google-common-protos/1.0.0/proto-google-common-protos-1.0.0.jar:/home/user/.m2/repository/io/grpc/grpc-protobuf-lite/1.17.1/grpc-protobuf-lite-1.17.1.jar:/home/user/.m2/repository/io/grpc/grpc-stub/1.17.1/grpc-stub-1.17.1.jar:/home/user/.m2/repository/org/apache/hadoop/hadoop-ozone-recon/0.5.0-SNAPSHOT/hadoop-ozone-recon-0.5.0-SNAPSHOT.jar:/home/user/.m2/repository/org/apache/hadoop/hadoop-ozone-reconcodegen/0.5.0-SNAPSHOT/hadoop-ozone-reconcodegen-0.5.0-SNAPSHOT.jar:/home/user/.m2/repository/com/google/inject/extensions/guice-multibindings/4.0/guice-multibindings-4.0.jar:/home/user/.m2/repository/com/google/inject/guice/4.0/guice-4.0.jar:/home/user/.m2/repository/aopalliance/aopalliance/1.0/aopalliance-1.0.jar:/home/user/.m2/repository/com/google/inject/extensions/guice-servlet/4.0/guice-servlet-4.0.jar:/home/user/.m2/repository/org/glassfish/jersey/containers/jersey-container-servlet/2.27/jersey-container-servlet-2.27.jar:/home/user/.m2/repository/org/glassfish/hk2/guice-bridge/2.5.0/guice-bridge-2.5.0.jar:/home/user/.m2/repository/org/glassfish/jersey/core/jersey-server/2.27/jersey-server-2.27.jar:/home/user/.m2/repository/org/glassfish/jersey/core/jersey-client/2.27/jersey-client-2.27.jar:/home/user/.m2/repository/org/glassfish/jersey/media/jersey-media-jaxb/2.27/jersey-media-jaxb-2.27.jar:/home/user/.m2/repository/javax/validation/validation-api/1.1.0.Final/validation-api-1.1.0.Final.jar:/home/user/.m2/repository/org/glassfish/jersey/media/jersey-media-json-jackson/2.27/jersey-media-json-jackson-2.27.jar:/home/user/.m2/repository/org/glassfish/jersey/ext/jersey-entity-filtering/2.27/jersey-entity-filtering-2.27.jar:/home/user/.m2/repository/com/google/inject/extensions/guice-assistedinject/4.0/guice-assistedinject-4.0.jar:/home/user/.m2/repository/org/jooq/jooq/3.11.10/jooq-3.11.10.jar:/home/user/.m2/repository/org/jooq/jooq-meta/3.11.10/jooq-meta-3.11.10.jar:/home/user/.m2/repository/org/jooq/jooq-codegen/3.11.10/jooq-codegen-3.11.10.jar:/home/user/.m2/repository/com/jolbox/bonecp/0.8.0.RELEASE/bonecp-0.8.0.RELEASE.jar:/home/user/.m2/repository/org/xerial/sqlite-jdbc/3.25.2/sqlite-jdbc-3.25.2.jar:/home/user/.m2/repository/org/springframework/spring-jdbc/5.1.3.RELEASE/spring-jdbc-5.1.3.RELEASE.jar:/home/user/.m2/repository/org/springframework/spring-beans/5.1.3.RELEASE/spring-beans-5.1.3.RELEASE.jar:/home/user/.m2/repository/org/springframework/spring-core/5.1.3.RELEASE/spring-core-5.1.3.RELEASE.jar:/home/user/.m2/repository/org/springframework/spring-jcl/5.1.3.RELEASE/spring-jcl-5.1.3.RELEASE.jar:/home/user/.m2/repository/org/springframework/spring-tx/5.1.3.RELEASE/spring-tx-5.1.3.RELEASE.jar:/home/user/.m2/repository/org/apache/hadoop/hadoop-ozone-client/0.5.0-SNAPSHOT/hadoop-ozone-client-0.5.0-SNAPSHOT.jar:/home/user/.m2/repository/commons-lang/commons-lang/2.6/commons-lang-2.6.jar:/home/user/.m2/repository/org/apache/hadoop/hadoop-ozone-ozone-manager/0.5.0-SNAPSHOT/hadoop-ozone-ozone-manager-0.5.0-SNAPSHOT-tests.jar:/home/user/.m2/repository/junit/junit/4.11/junit-4.11.jar:/home/user/.m2/repository/org/hamcrest/hamcrest-core/1.3/hamcrest-core-1.3.jar:/home/user/.m2/repository/org/openjdk/jmh/jmh-core/1.19/jmh-core-1.19.jar:/home/user/.m2/repository/net/sf/jopt-simple/jopt-simple/4.6/jopt-simple-4.6.jar:/home/user/.m2/repository/org/apache/commons/commons-math3/3.1.1/commons-math3-3.1.1.jar:/home/user/.m2/repository/org/openjdk/jmh/jmh-generator-annprocess/1.19/jmh-generator-annprocess-1.19.jar:/home/user/.m2/repository/org/mockito/mockito-all/1.8.5/mockito-all-1.8.5.jar:/home/user/.m2/repository/org/apache/hadoop/hadoop-kms/3.2.0/hadoop-kms-3.2.0.jar:/home/user/.m2/repository/org/apache/hadoop/hadoop-auth/3.2.0/hadoop-auth-3.2.0.jar:/home/user/.m2/repository/com/nimbusds/nimbus-jose-jwt/4.41.1/nimbus-jose-jwt-4.41.1.jar:/home/user/.m2/repository/com/github/stephenc/jcip/jcip-annotations/1.0-1/jcip-annotations-1.0-1.jar:/home/user/.m2/repository/net/minidev/json-smart/2.3/json-smart-2.3.jar:/home/user/.m2/repository/net/minidev/accessors-smart/1.2/accessors-smart-1.2.jar:/home/user/.m2/repository/org/ow2/asm/asm/5.0.4/asm-5.0.4.jar:/home/user/.m2/repository/org/apache/curator/curator-framework/2.12.0/curator-framework-2.12.0.jar:/home/user/.m2/repository/com/sun/jersey/jersey-core/1.19/jersey-core-1.19.jar:/home/user/.m2/repository/javax/ws/rs/jsr311-api/1.1.1/jsr311-api-1.1.1.jar:/home/user/.m2/repository/com/sun/jersey/jersey-server/1.19/jersey-server-1.19.jar:/home/user/.m2/repository/javax/servlet/javax.servlet-api/3.1.0/javax.servlet-api-3.1.0.jar:/home/user/.m2/repository/org/eclipse/jetty/jetty-server/9.3.24.v20180605/jetty-server-9.3.24.v20180605.jar:/home/user/.m2/repository/org/eclipse/jetty/jetty-http/9.3.24.v20180605/jetty-http-9.3.24.v20180605.jar:/home/user/.m2/repository/org/eclipse/jetty/jetty-io/9.3.24.v20180605/jetty-io-9.3.24.v20180605.jar:/home/user/.m2/repository/org/eclipse/jetty/jetty-webapp/9.3.24.v20180605/jetty-webapp-9.3.24.v20180605.jar:/home/user/.m2/repository/org/eclipse/jetty/jetty-xml/9.3.24.v20180605/jetty-xml-9.3.24.v20180605.jar:/home/user/.m2/repository/log4j/log4j/1.2.17/log4j-1.2.17.jar:/home/user/.m2/repository/org/slf4j/slf4j-api/1.7.25/slf4j-api-1.7.25.jar:/home/user/.m2/repository/org/slf4j/jul-to-slf4j/1.7.25/jul-to-slf4j-1.7.25.jar:/home/user/.m2/repository/org/eclipse/jetty/jetty-util/9.3.24.v20180605/jetty-util-9.3.24.v20180605.jar:/home/user/.m2/repository/com/fasterxml/jackson/core/jackson-databind/2.9.5/jackson-databind-2.9.5.jar:/home/user/.m2/repository/org/apache/hadoop/hadoop-kms/3.2.0/hadoop-kms-3.2.0-tests.jar:/home/user/.m2/repository/org/apache/hadoop/hadoop-hdds-server-scm/0.5.0-SNAPSHOT/hadoop-hdds-server-scm-0.5.0-SNAPSHOT-tests.jar:/home/user/.m2/repository/org/apache/hadoop/hadoop-hdds-container-service/0.5.0-SNAPSHOT/hadoop-hdds-container-service-0.5.0-SNAPSHOT-tests.jar:/home/user/.m2/repository/org/yaml/snakeyaml/1.16/snakeyaml-1.16.jar:/home/user/.m2/repository/org/apache/hadoop/hadoop-common/3.2.0/hadoop-common-3.2.0-tests.jar:/home/user/.m2/repository/org/apache/hadoop/hadoop-annotations/3.2.0/hadoop-annotations-3.2.0.jar:/usr/lib/jvm/java-1.8-openjdk/jre/../lib/tools.jar:/home/user/.m2/repository/commons-cli/commons-cli/1.2/commons-cli-1.2.jar:/home/user/.m2/repository/org/apache/httpcomponents/httpclient/4.5.2/httpclient-4.5.2.jar:/home/user/.m2/repository/org/apache/httpcomponents/httpcore/4.4.4/httpcore-4.4.4.jar:/home/user/.m2/repository/commons-codec/commons-codec/1.11/commons-codec-1.11.jar:/home/user/.m2/repository/commons-net/commons-net/3.6/commons-net-3.6.jar:/home/user/.m2/repository/commons-collections/commons-collections/3.2.2/commons-collections-3.2.2.jar:/home/user/.m2/repository/org/eclipse/jetty/jetty-servlet/9.3.24.v20180605/jetty-servlet-9.3.24.v20180605.jar:/home/user/.m2/repository/org/eclipse/jetty/jetty-security/9.3.24.v20180605/jetty-security-9.3.24.v20180605.jar:/home/user/.m2/repository/javax/servlet/jsp/jsp-api/2.1/jsp-api-2.1.jar:/home/user/.m2/repository/com/sun/jersey/jersey-servlet/1.19/jersey-servlet-1.19.jar:/home/user/.m2/repository/com/sun/jersey/jersey-json/1.19/jersey-json-1.19.jar:/home/user/.m2/repository/org/codehaus/jettison/jettison/1.1/jettison-1.1.jar:/home/user/.m2/repository/org/codehaus/jackson/jackson-core-asl/1.9.13/jackson-core-asl-1.9.13.jar:/home/user/.m2/repository/org/codehaus/jackson/jackson-mapper-asl/1.9.13/jackson-mapper-asl-1.9.13.jar:/home/user/.m2/repository/org/codehaus/jackson/jackson-jaxrs/1.9.13/jackson-jaxrs-1.9.13.jar:/home/user/.m2/repository/org/codehaus/jackson/jackson-xc/1.9.13/jackson-xc-1.9.13.jar:/home/user/.m2/repository/commons-logging/commons-logging/1.1.3/commons-logging-1.1.3.jar:/home/user/.m2/repository/commons-beanutils/commons-beanutils/1.9.3/commons-beanutils-1.9.3.jar:/home/user/.m2/repository/org/apache/commons/commons-configuration2/2.1.1/commons-configuration2-2.1.1.jar:/home/user/.m2/repository/org/apache/commons/commons-lang3/3.7/commons-lang3-3.7.jar:/home/user/.m2/repository/org/apache/commons/commons-text/1.4/commons-text-1.4.jar:/home/user/.m2/repository/org/apache/avro/avro/1.7.7/avro-1.7.7.jar:/home/user/.m2/repository/com/thoughtworks/paranamer/paranamer/2.3/paranamer-2.3.jar:/home/user/.m2/repository/org/xerial/snappy/snappy-java/1.0.5/snappy-java-1.0.5.jar:/home/user/.m2/repository/com/google/re2j/re2j/1.1/re2j-1.1.jar:/home/user/.m2/repository/com/google/code/gson/gson/2.2.4/gson-2.2.4.jar:/home/user/.m2/repository/com/jcraft/jsch/0.1.54/jsch-0.1.54.jar:/home/user/.m2/repository/org/apache/curator/curator-client/2.12.0/curator-client-2.12.0.jar:/home/user/.m2/repository/org/apache/curator/curator-recipes/2.12.0/curator-recipes-2.12.0.jar:/home/user/.m2/repository/com/google/code/findbugs/jsr305/3.0.0/jsr305-3.0.0.jar:/home/user/.m2/repository/org/apache/htrace/htrace-core4/4.1.0-incubating/htrace-core4-4.1.0-incubating.jar:/home/user/.m2/repository/org/apache/zookeeper/zookeeper/3.4.13/zookeeper-3.4.13.jar:/home/user/.m2/repository/org/apache/yetus/audience-annotations/0.5.0/audience-annotations-0.5.0.jar:/home/user/.m2/repository/org/codehaus/woodstox/stax2-api/3.1.4/stax2-api-3.1.4.jar:/home/user/.m2/repository/com/fasterxml/woodstox/woodstox-core/5.0.3/woodstox-core-5.0.3.jar:/home/user/.m2/repository/dnsjava/dnsjava/2.1.7/dnsjava-2.1.7.jar:/home/user/.m2/repository/org/apache/hadoop/hadoop-hdfs/3.2.0/hadoop-hdfs-3.2.0-tests.jar:/home/user/.m2/repository/org/eclipse/jetty/jetty-util-ajax/9.3.24.v20180605/jetty-util-ajax-9.3.24.v20180605.jar:/home/user/.m2/repository/commons-daemon/commons-daemon/1.0.13/commons-daemon-1.0.13.jar:/home/user/.m2/repository/io/netty/netty/3.10.5.Final/netty-3.10.5.Final.jar:/home/user/.m2/repository/io/netty/netty-all/4.0.52.Final/netty-all-4.0.52.Final.jar:/home/user/.m2/repository/org/fusesource/leveldbjni/leveldbjni-all/1.8/leveldbjni-all-1.8.jar:"/>
    <property name="sun.cpu.endian" value="little"/>
    <property name="user.home" value="/home/user"/>
    <property name="user.language" value="en"/>
    <property name="java.specification.vendor" value="Oracle Corporation"/>
    <property name="java.home" value="/usr/lib/jvm/java-1.8-openjdk/jre"/>
    <property name="java.security.krb5.conf" value="/workdir/hadoop-ozone/integration-test/target/test-classes/krb5.conf"/>
    <property name="basedir" value="/workdir/hadoop-ozone/integration-test"/>
    <property name="file.separator" value="/"/>
    <property name="line.separator" value="&#10;"/>
    <property name="java.vm.specification.vendor" value="Oracle Corporation"/>
    <property name="java.specification.name" value="Java Platform API Specification"/>
    <property name="java.awt.graphicsenv" value="sun.awt.X11GraphicsEnvironment"/>
    <property name="surefire.real.class.path" value="/workdir/hadoop-ozone/integration-test/target/surefire/surefirebooter4503144803086306661.jar"/>
    <property name="hadoop.log.dir" value="/workdir/hadoop-ozone/integration-test/target/log"/>
    <property name="sun.boot.class.path" value="/usr/lib/jvm/java-1.8-openjdk/jre/lib/resources.jar:/usr/lib/jvm/java-1.8-openjdk/jre/lib/rt.jar:/usr/lib/jvm/java-1.8-openjdk/jre/lib/sunrsasign.jar:/usr/lib/jvm/java-1.8-openjdk/jre/lib/jsse.jar:/usr/lib/jvm/java-1.8-openjdk/jre/lib/jce.jar:/usr/lib/jvm/java-1.8-openjdk/jre/lib/charsets.jar:/usr/lib/jvm/java-1.8-openjdk/jre/lib/jfr.jar:/usr/lib/jvm/java-1.8-openjdk/jre/classes"/>
    <property name="sun.management.compiler" value="HotSpot 64-Bit Tiered Compilers"/>
    <property name="java.runtime.version" value="1.8.0_212-b04"/>
    <property name="java.net.preferIPv4Stack" value="true"/>
    <property name="user.name" value="jenkins1000"/>
    <property name="path.separator" value=":"/>
    <property name="java.security.egd" value="file:///dev/urandom"/>
    <property name="os.version" value="3.10.0-957.12.2.el7.x86_64"/>
    <property name="java.endorsed.dirs" value="/usr/lib/jvm/java-1.8-openjdk/jre/lib/endorsed"/>
    <property name="java.runtime.name" value="OpenJDK Runtime Environment"/>
    <property name="file.encoding" value="UTF-8"/>
    <property name="java.vm.name" value="OpenJDK 64-Bit Server VM"/>
    <property name="test.build.webapps" value=""/>
    <property name="localRepository" value="/home/user/.m2/repository"/>
    <property name="java.vendor.url.bug" value="https://icedtea.classpath.org/bugzilla"/>
    <property name="java.io.tmpdir" value="/tmp"/>
    <property name="require.test.libhadoop" value=""/>
    <property name="java.version" value="1.8.0_212"/>
    <property name="user.dir" value="/workdir/hadoop-ozone/integration-test"/>
    <property name="os.arch" value="amd64"/>
    <property name="java.vm.specification.name" value="Java Virtual Machine Specification"/>
    <property name="test.build.classes" value="/workdir/hadoop-ozone/integration-test/target/test-classes"/>
    <property name="java.awt.printerjob" value="sun.print.PSPrinterJob"/>
    <property name="sun.os.patch.level" value="unknown"/>
    <property name="hadoop.tmp.dir" value="/workdir/hadoop-ozone/integration-test/target/tmp"/>
    <property name="java.library.path" value="/usr/lib/jvm/java-1.8-openjdk/jre/lib/amd64/server:/usr/lib/jvm/java-1.8-openjdk/jre/lib/amd64:/usr/lib/jvm/java-1.8-openjdk/jre/../lib/amd64:/workdir/hadoop-ozone/integration-test/target/native/target/usr/local/lib:/workdir/hadoop-ozone/integration-test/../../hadoop-common-project/hadoop-common/target/native/target/usr/local/lib:/usr/java/packages/lib/amd64:/usr/lib64:/lib64:/lib:/usr/lib"/>
    <property name="java.vm.info" value="mixed mode"/>
    <property name="java.vendor" value="IcedTea"/>
    <property name="java.vm.version" value="25.212-b04"/>
    <property name="java.ext.dirs" value="/usr/lib/jvm/java-1.8-openjdk/jre/lib/ext:/usr/java/packages/lib/ext"/>
    <property name="sun.io.unicode.encoding" value="UnicodeLittle"/>
    <property name="java.class.version" value="52.0"/>
  </properties>
  <testcase name="test2DatanodesFailure" classname="org.apache.hadoop.ozone.client.rpc.TestBlockOutputStreamWithFailures" time="58.609"/>
  <testcase name="testDatanodeFailureWithPreAllocation" classname="org.apache.hadoop.ozone.client.rpc.TestBlockOutputStreamWithFailures" time="240.778"/>
  <testcase name="testDatanodeFailureWithSingleNodeRatis" classname="org.apache.hadoop.ozone.client.rpc.TestBlockOutputStreamWithFailures" time="225.104"/>
  <testcase name="testWatchForCommitWithSingleNodeRatis" classname="org.apache.hadoop.ozone.client.rpc.TestBlockOutputStreamWithFailures" time="33.68"/>
  <testcase name="testWatchForCommitDatanodeFailure" classname="org.apache.hadoop.ozone.client.rpc.TestBlockOutputStreamWithFailures" time="35.048">
    <failure message="expected:&lt;60&gt; but was:&lt;64&gt;" type="java.lang.AssertionError"><![CDATA[java.lang.AssertionError: expected:<60> but was:<64>
	at org.junit.Assert.fail(Assert.java:88)
	at org.junit.Assert.failNotEquals(Assert.java:743)
	at org.junit.Assert.assertEquals(Assert.java:118)
	at org.junit.Assert.assertEquals(Assert.java:555)
	at org.junit.Assert.assertEquals(Assert.java:542)
	at org.apache.hadoop.ozone.client.rpc.TestBlockOutputStreamWithFailures.testWatchForCommitDatanodeFailure(TestBlockOutputStreamWithFailures.java:292)
	at sun.reflect.NativeMethodAccessorImpl.invoke0(Native Method)
	at sun.reflect.NativeMethodAccessorImpl.invoke(NativeMethodAccessorImpl.java:62)
	at sun.reflect.DelegatingMethodAccessorImpl.invoke(DelegatingMethodAccessorImpl.java:43)
	at java.lang.reflect.Method.invoke(Method.java:498)
	at org.junit.runners.model.FrameworkMethod$1.runReflectiveCall(FrameworkMethod.java:47)
	at org.junit.internal.runners.model.ReflectiveCallable.run(ReflectiveCallable.java:12)
	at org.junit.runners.model.FrameworkMethod.invokeExplosively(FrameworkMethod.java:44)
	at org.junit.internal.runners.statements.InvokeMethod.evaluate(InvokeMethod.java:17)
	at org.junit.internal.runners.statements.RunBefores.evaluate(RunBefores.java:26)
	at org.junit.internal.runners.statements.RunAfters.evaluate(RunAfters.java:27)
	at org.junit.runners.ParentRunner.runLeaf(ParentRunner.java:271)
	at org.junit.runners.BlockJUnit4ClassRunner.runChild(BlockJUnit4ClassRunner.java:70)
	at org.junit.runners.BlockJUnit4ClassRunner.runChild(BlockJUnit4ClassRunner.java:50)
	at org.junit.runners.ParentRunner$3.run(ParentRunner.java:238)
	at org.junit.runners.ParentRunner$1.schedule(ParentRunner.java:63)
	at org.junit.runners.ParentRunner.runChildren(ParentRunner.java:236)
	at org.junit.runners.ParentRunner.access$000(ParentRunner.java:53)
	at org.junit.runners.ParentRunner$2.evaluate(ParentRunner.java:229)
	at org.junit.runners.ParentRunner.run(ParentRunner.java:309)
	at org.apache.maven.surefire.junit4.JUnit4Provider.execute(JUnit4Provider.java:365)
	at org.apache.maven.surefire.junit4.JUnit4Provider.executeWithRerun(JUnit4Provider.java:273)
	at org.apache.maven.surefire.junit4.JUnit4Provider.executeTestSet(JUnit4Provider.java:238)
	at org.apache.maven.surefire.junit4.JUnit4Provider.invoke(JUnit4Provider.java:159)
	at org.apache.maven.surefire.booter.ForkedBooter.invokeProviderInSameClassLoader(ForkedBooter.java:384)
	at org.apache.maven.surefire.booter.ForkedBooter.runSuitesInProcess(ForkedBooter.java:345)
	at org.apache.maven.surefire.booter.ForkedBooter.execute(ForkedBooter.java:126)
	at org.apache.maven.surefire.booter.ForkedBooter.main(ForkedBooter.java:418)
]]></failure>
    <system-out><![CDATA[2019-08-30 22:38:12,795 [main] WARN  server.ServerUtils (ServerUtils.java:getScmDbDir(145)) - ozone.scm.db.dirs is not configured. We recommend adding this setting. Falling back to ozone.metadata.dirs instead.
2019-08-30 22:38:12,827 [main] WARN  server.ServerUtils (ServerUtils.java:getScmDbDir(145)) - ozone.scm.db.dirs is not configured. We recommend adding this setting. Falling back to ozone.metadata.dirs instead.
2019-08-30 22:38:12,828 [main] WARN  server.ServerUtils (ServerUtils.java:getScmDbDir(145)) - ozone.scm.db.dirs is not configured. We recommend adding this setting. Falling back to ozone.metadata.dirs instead.
2019-08-30 22:38:12,828 [main] INFO  db.DBStoreBuilder (DBStoreBuilder.java:addTable(110)) - using custom profile for table: deletedBlocks
2019-08-30 22:38:12,828 [main] INFO  db.DBStoreBuilder (DBStoreBuilder.java:processTables(161)) - Using default column profile:DBProfile.DISK for Table:deletedBlocks
2019-08-30 22:38:12,828 [main] INFO  db.DBStoreBuilder (DBStoreBuilder.java:addTable(110)) - using custom profile for table: validCerts
2019-08-30 22:38:12,828 [main] INFO  db.DBStoreBuilder (DBStoreBuilder.java:processTables(161)) - Using default column profile:DBProfile.DISK for Table:validCerts
2019-08-30 22:38:12,829 [main] INFO  db.DBStoreBuilder (DBStoreBuilder.java:addTable(110)) - using custom profile for table: revokedCerts
2019-08-30 22:38:12,829 [main] INFO  db.DBStoreBuilder (DBStoreBuilder.java:processTables(161)) - Using default column profile:DBProfile.DISK for Table:revokedCerts
2019-08-30 22:38:12,829 [main] INFO  db.DBStoreBuilder (DBStoreBuilder.java:addTable(110)) - using custom profile for table: default
2019-08-30 22:38:12,829 [main] INFO  db.DBStoreBuilder (DBStoreBuilder.java:processTables(167)) - Using default column profile:DBProfile.DISK for Table:default
2019-08-30 22:38:12,829 [main] INFO  db.DBStoreBuilder (DBStoreBuilder.java:getDbProfile(198)) - Using default options. DBProfile.DISK
2019-08-30 22:38:13,194 [main] INFO  net.NodeSchemaLoader (NodeSchemaLoader.java:loadSchemaFromFile(125)) - Loading file from sun.misc.CompoundEnumeration@46b2dcc5
2019-08-30 22:38:13,195 [main] INFO  net.NodeSchemaLoader (NodeSchemaLoader.java:loadSchema(171)) - Loading network topology layer schema file
2019-08-30 22:38:13,199 [main] INFO  node.SCMNodeManager (SCMNodeManager.java:<init>(114)) - Entering startup safe mode.
2019-08-30 22:38:13,200 [main] INFO  algorithms.ContainerPlacementPolicyFactory (ContainerPlacementPolicyFactory.java:getPolicy(55)) - Create container placement policy of type org.apache.hadoop.hdds.scm.container.placement.algorithms.SCMContainerPlacementRandom
2019-08-30 22:38:13,200 [main] WARN  server.ServerUtils (ServerUtils.java:getScmDbDir(145)) - ozone.scm.db.dirs is not configured. We recommend adding this setting. Falling back to ozone.metadata.dirs instead.
2019-08-30 22:38:13,326 [main] INFO  pipeline.SCMPipelineManager (SCMPipelineManager.java:initializePipelineState(126)) - No pipeline exists in current db
2019-08-30 22:38:13,326 [main] WARN  server.ServerUtils (ServerUtils.java:getScmDbDir(145)) - ozone.scm.db.dirs is not configured. We recommend adding this setting. Falling back to ozone.metadata.dirs instead.
2019-08-30 22:38:13,416 [main] WARN  events.EventQueue (EventQueue.java:fireEvent(183)) - No event handler registered for event TypedEvent{payloadType=SafeModeStatus, name='SafeModeStatus'}
2019-08-30 22:38:13,417 [main] INFO  ipc.CallQueueManager (CallQueueManager.java:<init>(84)) - Using callQueue: class java.util.concurrent.LinkedBlockingQueue, queueCapacity: 2000, scheduler: class org.apache.hadoop.ipc.DefaultRpcScheduler, ipcBackoff: false.
2019-08-30 22:38:13,420 [Socket Reader #1 for port 44911] INFO  ipc.Server (Server.java:run(1074)) - Starting Socket Reader #1 for port 44911
2019-08-30 22:38:13,422 [main] INFO  ipc.CallQueueManager (CallQueueManager.java:<init>(84)) - Using callQueue: class java.util.concurrent.LinkedBlockingQueue, queueCapacity: 2000, scheduler: class org.apache.hadoop.ipc.DefaultRpcScheduler, ipcBackoff: false.
2019-08-30 22:38:13,423 [Socket Reader #1 for port 35845] INFO  ipc.Server (Server.java:run(1074)) - Starting Socket Reader #1 for port 35845
2019-08-30 22:38:13,423 [main] INFO  ipc.CallQueueManager (CallQueueManager.java:<init>(84)) - Using callQueue: class java.util.concurrent.LinkedBlockingQueue, queueCapacity: 2000, scheduler: class org.apache.hadoop.ipc.DefaultRpcScheduler, ipcBackoff: false.
2019-08-30 22:38:13,424 [Socket Reader #1 for port 38150] INFO  ipc.Server (Server.java:run(1074)) - Starting Socket Reader #1 for port 38150
2019-08-30 22:38:13,426 [main] INFO  hdfs.DFSUtil (DFSUtil.java:httpServerTemplateForNNAndJN(1641)) - Starting Web-server for scm at: http://0.0.0.0:0
2019-08-30 22:38:13,428 [main] INFO  server.AuthenticationFilter (AuthenticationFilter.java:constructSecretProvider(240)) - Unable to initialize FileSignerSecretProvider, falling back to use random secrets.
2019-08-30 22:38:13,429 [main] WARN  http.HttpRequestLog (HttpRequestLog.java:getRequestLog(97)) - Jetty request log can only be enabled using Log4j
2019-08-30 22:38:13,431 [main] INFO  http.HttpServer2 (HttpServer2.java:addGlobalFilter(975)) - Added global filter 'safety' (class=org.apache.hadoop.http.HttpServer2$QuotingInputFilter)
2019-08-30 22:38:13,431 [main] INFO  http.HttpServer2 (HttpServer2.java:addFilter(948)) - Added filter static_user_filter (class=org.apache.hadoop.http.lib.StaticUserWebFilter$StaticUserFilter) to context scm
2019-08-30 22:38:13,432 [main] INFO  http.HttpServer2 (HttpServer2.java:addFilter(958)) - Added filter static_user_filter (class=org.apache.hadoop.http.lib.StaticUserWebFilter$StaticUserFilter) to context logs
2019-08-30 22:38:13,432 [main] INFO  http.HttpServer2 (HttpServer2.java:addFilter(958)) - Added filter static_user_filter (class=org.apache.hadoop.http.lib.StaticUserWebFilter$StaticUserFilter) to context static
2019-08-30 22:38:13,434 [main] INFO  server.StorageContainerManager (StorageContainerManager.java:start(759)) - StorageContainerLocationProtocol RPC server is listening at /0.0.0.0:38150
2019-08-30 22:38:13,436 [main] WARN  impl.MetricsConfig (MetricsConfig.java:loadFirst(134)) - Cannot locate configuration: tried hadoop-metrics2-storagecontainermanager.properties,hadoop-metrics2.properties
2019-08-30 22:38:13,437 [main] INFO  impl.MetricsSystemImpl (MetricsSystemImpl.java:startTimer(374)) - Scheduled Metric snapshot period at 10 second(s).
2019-08-30 22:38:13,437 [main] INFO  impl.MetricsSystemImpl (MetricsSystemImpl.java:start(191)) - StorageContainerManager metrics system started
2019-08-30 22:38:13,459 [main] WARN  impl.MetricsSystemImpl (MetricsSystemImpl.java:register(276)) - Sink prometheus already exists!
2019-08-30 22:38:13,499 [main] INFO  server.SCMClientProtocolServer (SCMClientProtocolServer.java:start(151)) - RPC server for Client  is listening at /0.0.0.0:38150
2019-08-30 22:38:13,500 [IPC Server Responder] INFO  ipc.Server (Server.java:run(1314)) - IPC Server Responder: starting
2019-08-30 22:38:13,500 [IPC Server listener on 38150] INFO  ipc.Server (Server.java:run(1153)) - IPC Server listener on 38150: starting
2019-08-30 22:38:13,503 [main] INFO  server.StorageContainerManager (StorageContainerManager.java:start(769)) - ScmBlockLocationProtocol RPC server is listening at /0.0.0.0:35845
2019-08-30 22:38:13,503 [main] INFO  server.SCMBlockProtocolServer (SCMBlockProtocolServer.java:start(146)) - RPC server for Block Protocol is listening at /0.0.0.0:35845
2019-08-30 22:38:13,503 [IPC Server Responder] INFO  ipc.Server (Server.java:run(1314)) - IPC Server Responder: starting
2019-08-30 22:38:13,503 [IPC Server listener on 35845] INFO  ipc.Server (Server.java:run(1153)) - IPC Server listener on 35845: starting
2019-08-30 22:38:13,507 [main] INFO  server.StorageContainerManager (StorageContainerManager.java:start(773)) - ScmDatanodeProtocl RPC server is listening at /0.0.0.0:44911
2019-08-30 22:38:13,507 [main] INFO  server.SCMDatanodeProtocolServer (SCMDatanodeProtocolServer.java:start(191)) - RPC server for DataNodes is listening at /0.0.0.0:44911
2019-08-30 22:38:13,508 [IPC Server Responder] INFO  ipc.Server (Server.java:run(1314)) - IPC Server Responder: starting
2019-08-30 22:38:13,508 [IPC Server listener on 44911] INFO  ipc.Server (Server.java:run(1153)) - IPC Server listener on 44911: starting
2019-08-30 22:38:13,512 [main] INFO  http.HttpServer2 (HttpServer2.java:bindListener(1191)) - Jetty bound to port 35004
2019-08-30 22:38:13,512 [main] INFO  server.Server (Server.java:doStart(351)) - jetty-9.3.24.v20180605, build timestamp: 2018-06-05T17:11:56Z, git hash: 84205aa28f11a4f31f2a3b86d1bba2cc8ab69827
2019-08-30 22:38:13,513 [main] INFO  handler.ContextHandler (ContextHandler.java:doStart(781)) - Started o.e.j.s.ServletContextHandler@f5bf288{/logs,file:///workdir/hadoop-ozone/integration-test/target/log,AVAILABLE}
2019-08-30 22:38:13,514 [main] INFO  handler.ContextHandler (ContextHandler.java:doStart(781)) - Started o.e.j.s.ServletContextHandler@26c77f54{/static,file:///workdir/hadoop-ozone/integration-test/target/test-classes/webapps/static,AVAILABLE}
2019-08-30 22:38:13,517 [main] INFO  handler.ContextHandler (ContextHandler.java:doStart(781)) - Started o.e.j.w.WebAppContext@1e6060f1{/,file:///workdir/hadoop-ozone/integration-test/target/test-classes/webapps/scm/,AVAILABLE}{/scm}
2019-08-30 22:38:13,518 [main] INFO  server.AbstractConnector (AbstractConnector.java:doStart(278)) - Started ServerConnector@7e49ded{HTTP/1.1,[http/1.1]}{0.0.0.0:35004}
2019-08-30 22:38:13,518 [main] INFO  server.Server (Server.java:doStart(419)) - Started @559467ms
2019-08-30 22:38:13,519 [main] WARN  impl.MetricsSystemImpl (MetricsSystemImpl.java:register(276)) - Sink prometheus already exists!
2019-08-30 22:38:13,519 [main] INFO  server.BaseHttpServer (BaseHttpServer.java:updateConnectorAddress(215)) - HTTP server of SCM is listening at http://0.0.0.0:35004
2019-08-30 22:38:13,520 [main] WARN  server.ServerUtils (ServerUtils.java:getDBPath(222)) - ozone.om.db.dirs is not configured. We recommend adding this setting. Falling back to ozone.metadata.dirs instead.
2019-08-30 22:38:13,520 [org.apache.hadoop.util.JvmPauseMonitor$Monitor@2478b629] INFO  util.JvmPauseMonitor (JvmPauseMonitor.java:run(188)) - Starting JVM pause monitor
2019-08-30 22:38:13,543 [main] WARN  server.ServerUtils (ServerUtils.java:getDBPath(222)) - ozone.om.db.dirs is not configured. We recommend adding this setting. Falling back to ozone.metadata.dirs instead.
2019-08-30 22:38:13,544 [main] WARN  server.ServerUtils (ServerUtils.java:getDBPath(222)) - ozone.om.db.dirs is not configured. We recommend adding this setting. Falling back to ozone.metadata.dirs instead.
2019-08-30 22:38:13,544 [main] INFO  om.OzoneManager (OzoneManager.java:setOMNodeDetails(649)) - OM Service ID is not set. Setting it to the default ID: omServiceIdDefault
2019-08-30 22:38:13,544 [main] INFO  om.OzoneManager (OzoneManager.java:setOMNodeDetails(655)) - OM Node ID is not set. Setting it to the OmStorage's OmID: 2ea8e7ec-7d3e-4ac2-bef4-91ce2ba6ca57
2019-08-30 22:38:13,545 [main] INFO  om.OzoneManager (OzoneManager.java:loadOMHAConfigs(606)) - Found matching OM address with OMServiceId: null, OMNodeId: null, RPC Address: localhost:0 and Ratis port: 9872
2019-08-30 22:38:13,549 [main] WARN  server.ServerUtils (ServerUtils.java:getDBPath(222)) - ozone.om.db.dirs is not configured. We recommend adding this setting. Falling back to ozone.metadata.dirs instead.
2019-08-30 22:38:13,550 [main] INFO  db.DBStoreBuilder (DBStoreBuilder.java:addTable(110)) - using custom profile for table: userTable
2019-08-30 22:38:13,550 [main] INFO  db.DBStoreBuilder (DBStoreBuilder.java:processTables(161)) - Using default column profile:DBProfile.DISK for Table:userTable
2019-08-30 22:38:13,550 [main] INFO  db.DBStoreBuilder (DBStoreBuilder.java:addTable(110)) - using custom profile for table: volumeTable
2019-08-30 22:38:13,550 [main] INFO  db.DBStoreBuilder (DBStoreBuilder.java:processTables(161)) - Using default column profile:DBProfile.DISK for Table:volumeTable
2019-08-30 22:38:13,550 [main] INFO  db.DBStoreBuilder (DBStoreBuilder.java:addTable(110)) - using custom profile for table: bucketTable
2019-08-30 22:38:13,550 [main] INFO  db.DBStoreBuilder (DBStoreBuilder.java:processTables(161)) - Using default column profile:DBProfile.DISK for Table:bucketTable
2019-08-30 22:38:13,551 [main] INFO  db.DBStoreBuilder (DBStoreBuilder.java:addTable(110)) - using custom profile for table: keyTable
2019-08-30 22:38:13,551 [main] INFO  db.DBStoreBuilder (DBStoreBuilder.java:processTables(161)) - Using default column profile:DBProfile.DISK for Table:keyTable
2019-08-30 22:38:13,551 [main] INFO  db.DBStoreBuilder (DBStoreBuilder.java:addTable(110)) - using custom profile for table: deletedTable
2019-08-30 22:38:13,551 [main] INFO  db.DBStoreBuilder (DBStoreBuilder.java:processTables(161)) - Using default column profile:DBProfile.DISK for Table:deletedTable
2019-08-30 22:38:13,551 [main] INFO  db.DBStoreBuilder (DBStoreBuilder.java:addTable(110)) - using custom profile for table: openKeyTable
2019-08-30 22:38:13,551 [main] INFO  db.DBStoreBuilder (DBStoreBuilder.java:processTables(161)) - Using default column profile:DBProfile.DISK for Table:openKeyTable
2019-08-30 22:38:13,551 [main] INFO  db.DBStoreBuilder (DBStoreBuilder.java:addTable(110)) - using custom profile for table: s3Table
2019-08-30 22:38:13,552 [main] INFO  db.DBStoreBuilder (DBStoreBuilder.java:processTables(161)) - Using default column profile:DBProfile.DISK for Table:s3Table
2019-08-30 22:38:13,552 [main] INFO  db.DBStoreBuilder (DBStoreBuilder.java:addTable(110)) - using custom profile for table: multipartInfoTable
2019-08-30 22:38:13,552 [main] INFO  db.DBStoreBuilder (DBStoreBuilder.java:processTables(161)) - Using default column profile:DBProfile.DISK for Table:multipartInfoTable
2019-08-30 22:38:13,552 [main] INFO  db.DBStoreBuilder (DBStoreBuilder.java:addTable(110)) - using custom profile for table: dTokenTable
2019-08-30 22:38:13,552 [main] INFO  db.DBStoreBuilder (DBStoreBuilder.java:processTables(161)) - Using default column profile:DBProfile.DISK for Table:dTokenTable
2019-08-30 22:38:13,552 [main] INFO  db.DBStoreBuilder (DBStoreBuilder.java:addTable(110)) - using custom profile for table: s3SecretTable
2019-08-30 22:38:13,553 [main] INFO  db.DBStoreBuilder (DBStoreBuilder.java:processTables(161)) - Using default column profile:DBProfile.DISK for Table:s3SecretTable
2019-08-30 22:38:13,553 [main] INFO  db.DBStoreBuilder (DBStoreBuilder.java:addTable(110)) - using custom profile for table: prefixTable
2019-08-30 22:38:13,553 [main] INFO  db.DBStoreBuilder (DBStoreBuilder.java:processTables(161)) - Using default column profile:DBProfile.DISK for Table:prefixTable
2019-08-30 22:38:13,553 [main] INFO  db.DBStoreBuilder (DBStoreBuilder.java:addTable(110)) - using custom profile for table: default
2019-08-30 22:38:13,554 [main] INFO  db.DBStoreBuilder (DBStoreBuilder.java:processTables(167)) - Using default column profile:DBProfile.DISK for Table:default
2019-08-30 22:38:13,554 [main] INFO  db.DBStoreBuilder (DBStoreBuilder.java:getDbProfile(198)) - Using default options. DBProfile.DISK
2019-08-30 22:38:14,148 [main] INFO  ipc.CallQueueManager (CallQueueManager.java:<init>(84)) - Using callQueue: class java.util.concurrent.LinkedBlockingQueue, queueCapacity: 2000, scheduler: class org.apache.hadoop.ipc.DefaultRpcScheduler, ipcBackoff: false.
2019-08-30 22:38:14,149 [Socket Reader #1 for port 40906] INFO  ipc.Server (Server.java:run(1074)) - Starting Socket Reader #1 for port 40906
2019-08-30 22:38:14,169 [main] INFO  om.OzoneManager (OzoneManager.java:start(1240)) - OzoneManager RPC server is listening at localhost/127.0.0.1:40906
2019-08-30 22:38:14,169 [main] INFO  impl.MetricsSystemImpl (MetricsSystemImpl.java:init(158)) - OzoneManager metrics system started (again)
2019-08-30 22:38:14,170 [IPC Server Responder] INFO  ipc.Server (Server.java:run(1314)) - IPC Server Responder: starting
2019-08-30 22:38:14,170 [IPC Server listener on 40906] INFO  ipc.Server (Server.java:run(1153)) - IPC Server listener on 40906: starting
2019-08-30 22:38:14,178 [main] INFO  hdfs.DFSUtil (DFSUtil.java:httpServerTemplateForNNAndJN(1641)) - Starting Web-server for ozoneManager at: http://0.0.0.0:0
2019-08-30 22:38:14,180 [main] INFO  server.AuthenticationFilter (AuthenticationFilter.java:constructSecretProvider(240)) - Unable to initialize FileSignerSecretProvider, falling back to use random secrets.
2019-08-30 22:38:14,180 [main] WARN  http.HttpRequestLog (HttpRequestLog.java:getRequestLog(97)) - Jetty request log can only be enabled using Log4j
2019-08-30 22:38:14,182 [main] INFO  http.HttpServer2 (HttpServer2.java:addGlobalFilter(975)) - Added global filter 'safety' (class=org.apache.hadoop.http.HttpServer2$QuotingInputFilter)
2019-08-30 22:38:14,183 [main] INFO  http.HttpServer2 (HttpServer2.java:addFilter(948)) - Added filter static_user_filter (class=org.apache.hadoop.http.lib.StaticUserWebFilter$StaticUserFilter) to context ozoneManager
2019-08-30 22:38:14,183 [main] INFO  http.HttpServer2 (HttpServer2.java:addFilter(958)) - Added filter static_user_filter (class=org.apache.hadoop.http.lib.StaticUserWebFilter$StaticUserFilter) to context logs
2019-08-30 22:38:14,183 [main] INFO  http.HttpServer2 (HttpServer2.java:addFilter(958)) - Added filter static_user_filter (class=org.apache.hadoop.http.lib.StaticUserWebFilter$StaticUserFilter) to context static
2019-08-30 22:38:14,184 [main] INFO  http.HttpServer2 (HttpServer2.java:bindListener(1191)) - Jetty bound to port 44004
2019-08-30 22:38:14,184 [main] INFO  server.Server (Server.java:doStart(351)) - jetty-9.3.24.v20180605, build timestamp: 2018-06-05T17:11:56Z, git hash: 84205aa28f11a4f31f2a3b86d1bba2cc8ab69827
2019-08-30 22:38:14,186 [main] INFO  handler.ContextHandler (ContextHandler.java:doStart(781)) - Started o.e.j.s.ServletContextHandler@4f1afe8f{/logs,file:///workdir/hadoop-ozone/integration-test/target/log,AVAILABLE}
2019-08-30 22:38:14,186 [main] INFO  handler.ContextHandler (ContextHandler.java:doStart(781)) - Started o.e.j.s.ServletContextHandler@443a06ad{/static,file:///workdir/hadoop-ozone/integration-test/target/test-classes/webapps/static,AVAILABLE}
2019-08-30 22:38:14,191 [main] INFO  handler.ContextHandler (ContextHandler.java:doStart(781)) - Started o.e.j.w.WebAppContext@5438fa43{/,file:///workdir/hadoop-ozone/integration-test/target/test-classes/webapps/ozoneManager/,AVAILABLE}{/ozoneManager}
2019-08-30 22:38:14,192 [main] INFO  server.AbstractConnector (AbstractConnector.java:doStart(278)) - Started ServerConnector@512abf25{HTTP/1.1,[http/1.1]}{0.0.0.0:44004}
2019-08-30 22:38:14,193 [main] INFO  server.Server (Server.java:doStart(419)) - Started @560142ms
2019-08-30 22:38:14,193 [main] WARN  impl.MetricsSystemImpl (MetricsSystemImpl.java:register(276)) - Sink prometheus already exists!
2019-08-30 22:38:14,194 [main] INFO  server.BaseHttpServer (BaseHttpServer.java:updateConnectorAddress(215)) - HTTP server of OZONEMANAGER is listening at http://0.0.0.0:44004
2019-08-30 22:38:14,207 [main] INFO  impl.MetricsSystemImpl (MetricsSystemImpl.java:init(158)) - HddsDatanode metrics system started (again)
2019-08-30 22:38:14,209 [main] INFO  ozone.HddsDatanodeService (HddsDatanodeService.java:start(184)) - HddsDatanodeService host:pr-hdds-1909-plfbr-3209385976 ip:192.168.36.88
2019-08-30 22:38:14,215 [main] INFO  volume.HddsVolume (HddsVolume.java:<init>(176)) - Creating Volume: /workdir/hadoop-ozone/integration-test/target/test-dir/MiniOzoneClusterImpl-8fb4be1f-1f01-4e1a-8b80-1b2fb75ab186/datanode-0/data/containers/hdds of  storage type : DISK and capacity : 1482555576320
2019-08-30 22:38:14,215 [main] INFO  volume.VolumeSet (VolumeSet.java:initializeVolumeSet(170)) - Added Volume : /workdir/hadoop-ozone/integration-test/target/test-dir/MiniOzoneClusterImpl-8fb4be1f-1f01-4e1a-8b80-1b2fb75ab186/datanode-0/data/containers/hdds to VolumeSet
2019-08-30 22:38:14,216 [main] INFO  volume.ThrottledAsyncChecker (ThrottledAsyncChecker.java:schedule(140)) - Scheduling a check for org.apache.hadoop.ozone.container.common.volume.HddsVolume@28be7fec
2019-08-30 22:38:14,216 [main] INFO  volume.HddsVolumeChecker (HddsVolumeChecker.java:checkAllVolumes(203)) - Scheduled health check for volume org.apache.hadoop.ozone.container.common.volume.HddsVolume@28be7fec
2019-08-30 22:38:14,229 [main] INFO  impl.RaftServerProxy (ConfUtils.java:logGet(43)) - raft.rpc.type = GRPC (default)
2019-08-30 22:38:14,229 [main] INFO  grpc.GrpcFactory (GrpcFactory.java:checkPooledByteBufAllocatorUseCacheForAllThreads(45)) - PERFORMANCE WARNING: useCacheForAllThreads is true that may cause Netty to create a lot garbage objects and, as a result, trigger GC.
	It is recommended to disable useCacheForAllThreads by setting -Dorg.apache.ratis.thirdparty.io.netty.allocator.useCacheForAllThreads=false in command line.
2019-08-30 22:38:14,229 [main] INFO  grpc.GrpcConfigKeys$Server (ConfUtils.java:logGet(43)) - raft.grpc.server.port = 0 (default)
2019-08-30 22:38:14,230 [main] INFO  server.GrpcService (ConfUtils.java:logGet(43)) - raft.grpc.message.size.max = 33570816 (custom)
2019-08-30 22:38:14,230 [main] INFO  server.RaftServerConfigKeys (ConfUtils.java:logGet(43)) - raft.server.log.appender.buffer.byte-limit = 33554432 (custom)
2019-08-30 22:38:14,230 [main] INFO  server.GrpcService (ConfUtils.java:logGet(43)) - raft.grpc.flow.control.window = 1MB (=1048576) (default)
2019-08-30 22:38:14,230 [main] INFO  server.RaftServerConfigKeys (ConfUtils.java:logGet(43)) - raft.server.rpc.request.timeout = 3000ms (default)
2019-08-30 22:38:14,231 [main] INFO  server.RaftServerConfigKeys (ConfUtils.java:logGet(43)) - raft.server.storage.dir = [/workdir/hadoop-ozone/integration-test/target/test-dir/MiniOzoneClusterImpl-8fb4be1f-1f01-4e1a-8b80-1b2fb75ab186/datanode-0/data/ratis] (custom)
2019-08-30 22:38:14,232 [main] INFO  hdfs.DFSUtil (DFSUtil.java:httpServerTemplateForNNAndJN(1641)) - Starting Web-server for hddsDatanode at: http://0.0.0.0:0
2019-08-30 22:38:14,233 [main] INFO  server.AuthenticationFilter (AuthenticationFilter.java:constructSecretProvider(240)) - Unable to initialize FileSignerSecretProvider, falling back to use random secrets.
2019-08-30 22:38:14,234 [main] WARN  http.HttpRequestLog (HttpRequestLog.java:getRequestLog(97)) - Jetty request log can only be enabled using Log4j
2019-08-30 22:38:14,235 [main] INFO  http.HttpServer2 (HttpServer2.java:addGlobalFilter(975)) - Added global filter 'safety' (class=org.apache.hadoop.http.HttpServer2$QuotingInputFilter)
2019-08-30 22:38:14,235 [main] INFO  http.HttpServer2 (HttpServer2.java:addFilter(948)) - Added filter static_user_filter (class=org.apache.hadoop.http.lib.StaticUserWebFilter$StaticUserFilter) to context hddsDatanode
2019-08-30 22:38:14,235 [main] INFO  http.HttpServer2 (HttpServer2.java:addFilter(958)) - Added filter static_user_filter (class=org.apache.hadoop.http.lib.StaticUserWebFilter$StaticUserFilter) to context logs
2019-08-30 22:38:14,236 [main] INFO  http.HttpServer2 (HttpServer2.java:addFilter(958)) - Added filter static_user_filter (class=org.apache.hadoop.http.lib.StaticUserWebFilter$StaticUserFilter) to context static
2019-08-30 22:38:14,236 [main] INFO  http.HttpServer2 (HttpServer2.java:bindListener(1191)) - Jetty bound to port 40085
2019-08-30 22:38:14,236 [main] INFO  server.Server (Server.java:doStart(351)) - jetty-9.3.24.v20180605, build timestamp: 2018-06-05T17:11:56Z, git hash: 84205aa28f11a4f31f2a3b86d1bba2cc8ab69827
2019-08-30 22:38:14,238 [main] INFO  handler.ContextHandler (ContextHandler.java:doStart(781)) - Started o.e.j.s.ServletContextHandler@578a5ce8{/logs,file:///workdir/hadoop-ozone/integration-test/target/log,AVAILABLE}
2019-08-30 22:38:14,238 [main] INFO  handler.ContextHandler (ContextHandler.java:doStart(781)) - Started o.e.j.s.ServletContextHandler@16cb9989{/static,jar:file:/home/user/.m2/repository/org/apache/hadoop/hadoop-hdds-container-service/0.5.0-SNAPSHOT/hadoop-hdds-container-service-0.5.0-SNAPSHOT.jar!/webapps/static,AVAILABLE}
2019-08-30 22:38:14,266 [main] INFO  handler.ContextHandler (ContextHandler.java:doStart(781)) - Started o.e.j.w.WebAppContext@46f73ffa{/,file:///tmp/jetty-0.0.0.0-40085-hddsDatanode-_-any-3493968598912508692.dir/webapp/,AVAILABLE}{/hddsDatanode}
2019-08-30 22:38:14,266 [main] INFO  server.AbstractConnector (AbstractConnector.java:doStart(278)) - Started ServerConnector@41aebbb4{HTTP/1.1,[http/1.1]}{0.0.0.0:40085}
2019-08-30 22:38:14,267 [main] INFO  server.Server (Server.java:doStart(419)) - Started @560216ms
2019-08-30 22:38:14,268 [main] WARN  impl.MetricsSystemImpl (MetricsSystemImpl.java:register(276)) - Sink prometheus already exists!
2019-08-30 22:38:14,268 [main] INFO  server.BaseHttpServer (BaseHttpServer.java:updateConnectorAddress(215)) - HTTP server of HDDSDATANODE is listening at http://0.0.0.0:40085
2019-08-30 22:38:14,269 [main] INFO  impl.MetricsSystemImpl (MetricsSystemImpl.java:init(158)) - HddsDatanode metrics system started (again)
2019-08-30 22:38:14,271 [org.apache.hadoop.util.JvmPauseMonitor$Monitor@1626345e] INFO  util.JvmPauseMonitor (JvmPauseMonitor.java:run(188)) - Starting JVM pause monitor
2019-08-30 22:38:14,272 [main] INFO  ozone.HddsDatanodeService (HddsDatanodeService.java:start(184)) - HddsDatanodeService host:pr-hdds-1909-plfbr-3209385976 ip:192.168.36.88
2019-08-30 22:38:14,273 [Datanode State Machine Thread - 0] INFO  datanode.InitDatanodeState (InitDatanodeState.java:persistContainerDatanodeDetails(140)) - DatanodeDetails is persisted to /workdir/hadoop-ozone/integration-test/target/test-dir/MiniOzoneClusterImpl-8fb4be1f-1f01-4e1a-8b80-1b2fb75ab186/datanode-0/meta/datanode.id
2019-08-30 22:38:14,277 [main] INFO  volume.HddsVolume (HddsVolume.java:<init>(176)) - Creating Volume: /workdir/hadoop-ozone/integration-test/target/test-dir/MiniOzoneClusterImpl-8fb4be1f-1f01-4e1a-8b80-1b2fb75ab186/datanode-1/data/containers/hdds of  storage type : DISK and capacity : 1482555576320
2019-08-30 22:38:14,278 [main] INFO  volume.VolumeSet (VolumeSet.java:initializeVolumeSet(170)) - Added Volume : /workdir/hadoop-ozone/integration-test/target/test-dir/MiniOzoneClusterImpl-8fb4be1f-1f01-4e1a-8b80-1b2fb75ab186/datanode-1/data/containers/hdds to VolumeSet
2019-08-30 22:38:14,278 [main] INFO  volume.ThrottledAsyncChecker (ThrottledAsyncChecker.java:schedule(140)) - Scheduling a check for org.apache.hadoop.ozone.container.common.volume.HddsVolume@723e3c17
2019-08-30 22:38:14,278 [main] INFO  volume.HddsVolumeChecker (HddsVolumeChecker.java:checkAllVolumes(203)) - Scheduled health check for volume org.apache.hadoop.ozone.container.common.volume.HddsVolume@723e3c17
2019-08-30 22:38:14,295 [main] INFO  impl.RaftServerProxy (ConfUtils.java:logGet(43)) - raft.rpc.type = GRPC (default)
2019-08-30 22:38:14,295 [main] INFO  grpc.GrpcFactory (GrpcFactory.java:checkPooledByteBufAllocatorUseCacheForAllThreads(45)) - PERFORMANCE WARNING: useCacheForAllThreads is true that may cause Netty to create a lot garbage objects and, as a result, trigger GC.
	It is recommended to disable useCacheForAllThreads by setting -Dorg.apache.ratis.thirdparty.io.netty.allocator.useCacheForAllThreads=false in command line.
2019-08-30 22:38:14,295 [main] INFO  grpc.GrpcConfigKeys$Server (ConfUtils.java:logGet(43)) - raft.grpc.server.port = 0 (default)
2019-08-30 22:38:14,295 [main] INFO  server.GrpcService (ConfUtils.java:logGet(43)) - raft.grpc.message.size.max = 33570816 (custom)
2019-08-30 22:38:14,296 [main] INFO  server.RaftServerConfigKeys (ConfUtils.java:logGet(43)) - raft.server.log.appender.buffer.byte-limit = 33554432 (custom)
2019-08-30 22:38:14,296 [main] INFO  server.GrpcService (ConfUtils.java:logGet(43)) - raft.grpc.flow.control.window = 1MB (=1048576) (default)
2019-08-30 22:38:14,296 [main] INFO  server.RaftServerConfigKeys (ConfUtils.java:logGet(43)) - raft.server.rpc.request.timeout = 3000ms (default)
2019-08-30 22:38:14,296 [main] INFO  server.RaftServerConfigKeys (ConfUtils.java:logGet(43)) - raft.server.storage.dir = [/workdir/hadoop-ozone/integration-test/target/test-dir/MiniOzoneClusterImpl-8fb4be1f-1f01-4e1a-8b80-1b2fb75ab186/datanode-1/data/ratis] (custom)
2019-08-30 22:38:14,298 [main] INFO  hdfs.DFSUtil (DFSUtil.java:httpServerTemplateForNNAndJN(1641)) - Starting Web-server for hddsDatanode at: http://0.0.0.0:0
2019-08-30 22:38:14,299 [main] INFO  server.AuthenticationFilter (AuthenticationFilter.java:constructSecretProvider(240)) - Unable to initialize FileSignerSecretProvider, falling back to use random secrets.
2019-08-30 22:38:14,300 [main] WARN  http.HttpRequestLog (HttpRequestLog.java:getRequestLog(97)) - Jetty request log can only be enabled using Log4j
2019-08-30 22:38:14,301 [main] INFO  http.HttpServer2 (HttpServer2.java:addGlobalFilter(975)) - Added global filter 'safety' (class=org.apache.hadoop.http.HttpServer2$QuotingInputFilter)
2019-08-30 22:38:14,301 [main] INFO  http.HttpServer2 (HttpServer2.java:addFilter(948)) - Added filter static_user_filter (class=org.apache.hadoop.http.lib.StaticUserWebFilter$StaticUserFilter) to context hddsDatanode
2019-08-30 22:38:14,301 [main] INFO  http.HttpServer2 (HttpServer2.java:addFilter(958)) - Added filter static_user_filter (class=org.apache.hadoop.http.lib.StaticUserWebFilter$StaticUserFilter) to context logs
2019-08-30 22:38:14,301 [main] INFO  http.HttpServer2 (HttpServer2.java:addFilter(958)) - Added filter static_user_filter (class=org.apache.hadoop.http.lib.StaticUserWebFilter$StaticUserFilter) to context static
2019-08-30 22:38:14,302 [main] INFO  http.HttpServer2 (HttpServer2.java:bindListener(1191)) - Jetty bound to port 36978
2019-08-30 22:38:14,302 [main] INFO  server.Server (Server.java:doStart(351)) - jetty-9.3.24.v20180605, build timestamp: 2018-06-05T17:11:56Z, git hash: 84205aa28f11a4f31f2a3b86d1bba2cc8ab69827
2019-08-30 22:38:14,304 [main] INFO  handler.ContextHandler (ContextHandler.java:doStart(781)) - Started o.e.j.s.ServletContextHandler@2c9306d3{/logs,file:///workdir/hadoop-ozone/integration-test/target/log,AVAILABLE}
2019-08-30 22:38:14,305 [main] INFO  handler.ContextHandler (ContextHandler.java:doStart(781)) - Started o.e.j.s.ServletContextHandler@2dfa02c1{/static,jar:file:/home/user/.m2/repository/org/apache/hadoop/hadoop-hdds-container-service/0.5.0-SNAPSHOT/hadoop-hdds-container-service-0.5.0-SNAPSHOT.jar!/webapps/static,AVAILABLE}
2019-08-30 22:38:14,343 [main] INFO  handler.ContextHandler (ContextHandler.java:doStart(781)) - Started o.e.j.w.WebAppContext@486bd064{/,file:///tmp/jetty-0.0.0.0-36978-hddsDatanode-_-any-120773984521294053.dir/webapp/,AVAILABLE}{/hddsDatanode}
2019-08-30 22:38:14,344 [main] INFO  server.AbstractConnector (AbstractConnector.java:doStart(278)) - Started ServerConnector@6459f4ea{HTTP/1.1,[http/1.1]}{0.0.0.0:36978}
2019-08-30 22:38:14,345 [main] INFO  server.Server (Server.java:doStart(419)) - Started @560294ms
2019-08-30 22:38:14,345 [main] WARN  impl.MetricsSystemImpl (MetricsSystemImpl.java:register(276)) - Sink prometheus already exists!
2019-08-30 22:38:14,346 [main] INFO  server.BaseHttpServer (BaseHttpServer.java:updateConnectorAddress(215)) - HTTP server of HDDSDATANODE is listening at http://0.0.0.0:36978
2019-08-30 22:38:14,346 [main] INFO  impl.MetricsSystemImpl (MetricsSystemImpl.java:init(158)) - HddsDatanode metrics system started (again)
2019-08-30 22:38:14,349 [org.apache.hadoop.util.JvmPauseMonitor$Monitor@7c0a295b] INFO  util.JvmPauseMonitor (JvmPauseMonitor.java:run(188)) - Starting JVM pause monitor
2019-08-30 22:38:14,349 [main] INFO  ozone.HddsDatanodeService (HddsDatanodeService.java:start(184)) - HddsDatanodeService host:pr-hdds-1909-plfbr-3209385976 ip:192.168.36.88
2019-08-30 22:38:14,350 [Datanode State Machine Thread - 0] INFO  datanode.InitDatanodeState (InitDatanodeState.java:persistContainerDatanodeDetails(140)) - DatanodeDetails is persisted to /workdir/hadoop-ozone/integration-test/target/test-dir/MiniOzoneClusterImpl-8fb4be1f-1f01-4e1a-8b80-1b2fb75ab186/datanode-1/meta/datanode.id
2019-08-30 22:38:14,354 [main] INFO  volume.HddsVolume (HddsVolume.java:<init>(176)) - Creating Volume: /workdir/hadoop-ozone/integration-test/target/test-dir/MiniOzoneClusterImpl-8fb4be1f-1f01-4e1a-8b80-1b2fb75ab186/datanode-2/data/containers/hdds of  storage type : DISK and capacity : 1482555576320
2019-08-30 22:38:14,354 [main] INFO  volume.VolumeSet (VolumeSet.java:initializeVolumeSet(170)) - Added Volume : /workdir/hadoop-ozone/integration-test/target/test-dir/MiniOzoneClusterImpl-8fb4be1f-1f01-4e1a-8b80-1b2fb75ab186/datanode-2/data/containers/hdds to VolumeSet
2019-08-30 22:38:14,355 [main] INFO  volume.ThrottledAsyncChecker (ThrottledAsyncChecker.java:schedule(140)) - Scheduling a check for org.apache.hadoop.ozone.container.common.volume.HddsVolume@55877274
2019-08-30 22:38:14,355 [main] INFO  volume.HddsVolumeChecker (HddsVolumeChecker.java:checkAllVolumes(203)) - Scheduled health check for volume org.apache.hadoop.ozone.container.common.volume.HddsVolume@55877274
2019-08-30 22:38:14,369 [main] INFO  impl.RaftServerProxy (ConfUtils.java:logGet(43)) - raft.rpc.type = GRPC (default)
2019-08-30 22:38:14,370 [main] INFO  grpc.GrpcFactory (GrpcFactory.java:checkPooledByteBufAllocatorUseCacheForAllThreads(45)) - PERFORMANCE WARNING: useCacheForAllThreads is true that may cause Netty to create a lot garbage objects and, as a result, trigger GC.
	It is recommended to disable useCacheForAllThreads by setting -Dorg.apache.ratis.thirdparty.io.netty.allocator.useCacheForAllThreads=false in command line.
2019-08-30 22:38:14,370 [main] INFO  grpc.GrpcConfigKeys$Server (ConfUtils.java:logGet(43)) - raft.grpc.server.port = 0 (default)
2019-08-30 22:38:14,370 [main] INFO  server.GrpcService (ConfUtils.java:logGet(43)) - raft.grpc.message.size.max = 33570816 (custom)
2019-08-30 22:38:14,371 [main] INFO  server.RaftServerConfigKeys (ConfUtils.java:logGet(43)) - raft.server.log.appender.buffer.byte-limit = 33554432 (custom)
2019-08-30 22:38:14,371 [main] INFO  server.GrpcService (ConfUtils.java:logGet(43)) - raft.grpc.flow.control.window = 1MB (=1048576) (default)
2019-08-30 22:38:14,371 [main] INFO  server.RaftServerConfigKeys (ConfUtils.java:logGet(43)) - raft.server.rpc.request.timeout = 3000ms (default)
2019-08-30 22:38:14,371 [main] INFO  server.RaftServerConfigKeys (ConfUtils.java:logGet(43)) - raft.server.storage.dir = [/workdir/hadoop-ozone/integration-test/target/test-dir/MiniOzoneClusterImpl-8fb4be1f-1f01-4e1a-8b80-1b2fb75ab186/datanode-2/data/ratis] (custom)
2019-08-30 22:38:14,373 [main] INFO  hdfs.DFSUtil (DFSUtil.java:httpServerTemplateForNNAndJN(1641)) - Starting Web-server for hddsDatanode at: http://0.0.0.0:0
2019-08-30 22:38:14,375 [main] INFO  server.AuthenticationFilter (AuthenticationFilter.java:constructSecretProvider(240)) - Unable to initialize FileSignerSecretProvider, falling back to use random secrets.
2019-08-30 22:38:14,375 [main] WARN  http.HttpRequestLog (HttpRequestLog.java:getRequestLog(97)) - Jetty request log can only be enabled using Log4j
2019-08-30 22:38:14,377 [main] INFO  http.HttpServer2 (HttpServer2.java:addGlobalFilter(975)) - Added global filter 'safety' (class=org.apache.hadoop.http.HttpServer2$QuotingInputFilter)
2019-08-30 22:38:14,377 [main] INFO  http.HttpServer2 (HttpServer2.java:addFilter(948)) - Added filter static_user_filter (class=org.apache.hadoop.http.lib.StaticUserWebFilter$StaticUserFilter) to context hddsDatanode
2019-08-30 22:38:14,377 [main] INFO  http.HttpServer2 (HttpServer2.java:addFilter(958)) - Added filter static_user_filter (class=org.apache.hadoop.http.lib.StaticUserWebFilter$StaticUserFilter) to context logs
2019-08-30 22:38:14,377 [main] INFO  http.HttpServer2 (HttpServer2.java:addFilter(958)) - Added filter static_user_filter (class=org.apache.hadoop.http.lib.StaticUserWebFilter$StaticUserFilter) to context static
2019-08-30 22:38:14,378 [main] INFO  http.HttpServer2 (HttpServer2.java:bindListener(1191)) - Jetty bound to port 44551
2019-08-30 22:38:14,378 [main] INFO  server.Server (Server.java:doStart(351)) - jetty-9.3.24.v20180605, build timestamp: 2018-06-05T17:11:56Z, git hash: 84205aa28f11a4f31f2a3b86d1bba2cc8ab69827
2019-08-30 22:38:14,380 [main] INFO  handler.ContextHandler (ContextHandler.java:doStart(781)) - Started o.e.j.s.ServletContextHandler@4f235107{/logs,file:///workdir/hadoop-ozone/integration-test/target/log,AVAILABLE}
2019-08-30 22:38:14,380 [main] INFO  handler.ContextHandler (ContextHandler.java:doStart(781)) - Started o.e.j.s.ServletContextHandler@1c5d3a37{/static,jar:file:/home/user/.m2/repository/org/apache/hadoop/hadoop-hdds-container-service/0.5.0-SNAPSHOT/hadoop-hdds-container-service-0.5.0-SNAPSHOT.jar!/webapps/static,AVAILABLE}
2019-08-30 22:38:14,407 [main] INFO  handler.ContextHandler (ContextHandler.java:doStart(781)) - Started o.e.j.w.WebAppContext@5a7b309b{/,file:///tmp/jetty-0.0.0.0-44551-hddsDatanode-_-any-5414144021801124319.dir/webapp/,AVAILABLE}{/hddsDatanode}
2019-08-30 22:38:14,408 [main] INFO  server.AbstractConnector (AbstractConnector.java:doStart(278)) - Started ServerConnector@4602f874{HTTP/1.1,[http/1.1]}{0.0.0.0:44551}
2019-08-30 22:38:14,409 [main] INFO  server.Server (Server.java:doStart(419)) - Started @560358ms
2019-08-30 22:38:14,409 [main] WARN  impl.MetricsSystemImpl (MetricsSystemImpl.java:register(276)) - Sink prometheus already exists!
2019-08-30 22:38:14,410 [main] INFO  server.BaseHttpServer (BaseHttpServer.java:updateConnectorAddress(215)) - HTTP server of HDDSDATANODE is listening at http://0.0.0.0:44551
2019-08-30 22:38:14,411 [main] INFO  impl.MetricsSystemImpl (MetricsSystemImpl.java:init(158)) - HddsDatanode metrics system started (again)
2019-08-30 22:38:14,414 [org.apache.hadoop.util.JvmPauseMonitor$Monitor@603d3dba] INFO  util.JvmPauseMonitor (JvmPauseMonitor.java:run(188)) - Starting JVM pause monitor
2019-08-30 22:38:14,414 [main] INFO  ozone.HddsDatanodeService (HddsDatanodeService.java:start(184)) - HddsDatanodeService host:pr-hdds-1909-plfbr-3209385976 ip:192.168.36.88
2019-08-30 22:38:14,415 [Datanode State Machine Thread - 0] INFO  datanode.InitDatanodeState (InitDatanodeState.java:persistContainerDatanodeDetails(140)) - DatanodeDetails is persisted to /workdir/hadoop-ozone/integration-test/target/test-dir/MiniOzoneClusterImpl-8fb4be1f-1f01-4e1a-8b80-1b2fb75ab186/datanode-2/meta/datanode.id
2019-08-30 22:38:14,421 [main] INFO  volume.HddsVolume (HddsVolume.java:<init>(176)) - Creating Volume: /workdir/hadoop-ozone/integration-test/target/test-dir/MiniOzoneClusterImpl-8fb4be1f-1f01-4e1a-8b80-1b2fb75ab186/datanode-3/data/containers/hdds of  storage type : DISK and capacity : 1482555576320
2019-08-30 22:38:14,421 [main] INFO  volume.VolumeSet (VolumeSet.java:initializeVolumeSet(170)) - Added Volume : /workdir/hadoop-ozone/integration-test/target/test-dir/MiniOzoneClusterImpl-8fb4be1f-1f01-4e1a-8b80-1b2fb75ab186/datanode-3/data/containers/hdds to VolumeSet
2019-08-30 22:38:14,421 [main] INFO  volume.ThrottledAsyncChecker (ThrottledAsyncChecker.java:schedule(140)) - Scheduling a check for org.apache.hadoop.ozone.container.common.volume.HddsVolume@43c7fe8a
2019-08-30 22:38:14,422 [main] INFO  volume.HddsVolumeChecker (HddsVolumeChecker.java:checkAllVolumes(203)) - Scheduled health check for volume org.apache.hadoop.ozone.container.common.volume.HddsVolume@43c7fe8a
2019-08-30 22:38:14,435 [main] INFO  impl.RaftServerProxy (ConfUtils.java:logGet(43)) - raft.rpc.type = GRPC (default)
2019-08-30 22:38:14,435 [main] INFO  grpc.GrpcFactory (GrpcFactory.java:checkPooledByteBufAllocatorUseCacheForAllThreads(45)) - PERFORMANCE WARNING: useCacheForAllThreads is true that may cause Netty to create a lot garbage objects and, as a result, trigger GC.
	It is recommended to disable useCacheForAllThreads by setting -Dorg.apache.ratis.thirdparty.io.netty.allocator.useCacheForAllThreads=false in command line.
2019-08-30 22:38:14,436 [main] INFO  grpc.GrpcConfigKeys$Server (ConfUtils.java:logGet(43)) - raft.grpc.server.port = 0 (default)
2019-08-30 22:38:14,436 [main] INFO  server.GrpcService (ConfUtils.java:logGet(43)) - raft.grpc.message.size.max = 33570816 (custom)
2019-08-30 22:38:14,436 [main] INFO  server.RaftServerConfigKeys (ConfUtils.java:logGet(43)) - raft.server.log.appender.buffer.byte-limit = 33554432 (custom)
2019-08-30 22:38:14,436 [main] INFO  server.GrpcService (ConfUtils.java:logGet(43)) - raft.grpc.flow.control.window = 1MB (=1048576) (default)
2019-08-30 22:38:14,436 [main] INFO  server.RaftServerConfigKeys (ConfUtils.java:logGet(43)) - raft.server.rpc.request.timeout = 3000ms (default)
2019-08-30 22:38:14,437 [main] INFO  server.RaftServerConfigKeys (ConfUtils.java:logGet(43)) - raft.server.storage.dir = [/workdir/hadoop-ozone/integration-test/target/test-dir/MiniOzoneClusterImpl-8fb4be1f-1f01-4e1a-8b80-1b2fb75ab186/datanode-3/data/ratis] (custom)
2019-08-30 22:38:14,438 [main] INFO  hdfs.DFSUtil (DFSUtil.java:httpServerTemplateForNNAndJN(1641)) - Starting Web-server for hddsDatanode at: http://0.0.0.0:0
2019-08-30 22:38:14,439 [main] INFO  server.AuthenticationFilter (AuthenticationFilter.java:constructSecretProvider(240)) - Unable to initialize FileSignerSecretProvider, falling back to use random secrets.
2019-08-30 22:38:14,440 [main] WARN  http.HttpRequestLog (HttpRequestLog.java:getRequestLog(97)) - Jetty request log can only be enabled using Log4j
2019-08-30 22:38:14,442 [main] INFO  http.HttpServer2 (HttpServer2.java:addGlobalFilter(975)) - Added global filter 'safety' (class=org.apache.hadoop.http.HttpServer2$QuotingInputFilter)
2019-08-30 22:38:14,443 [main] INFO  http.HttpServer2 (HttpServer2.java:addFilter(948)) - Added filter static_user_filter (class=org.apache.hadoop.http.lib.StaticUserWebFilter$StaticUserFilter) to context hddsDatanode
2019-08-30 22:38:14,443 [main] INFO  http.HttpServer2 (HttpServer2.java:addFilter(958)) - Added filter static_user_filter (class=org.apache.hadoop.http.lib.StaticUserWebFilter$StaticUserFilter) to context static
2019-08-30 22:38:14,443 [main] INFO  http.HttpServer2 (HttpServer2.java:addFilter(958)) - Added filter static_user_filter (class=org.apache.hadoop.http.lib.StaticUserWebFilter$StaticUserFilter) to context logs
2019-08-30 22:38:14,444 [main] INFO  http.HttpServer2 (HttpServer2.java:bindListener(1191)) - Jetty bound to port 33951
2019-08-30 22:38:14,444 [main] INFO  server.Server (Server.java:doStart(351)) - jetty-9.3.24.v20180605, build timestamp: 2018-06-05T17:11:56Z, git hash: 84205aa28f11a4f31f2a3b86d1bba2cc8ab69827
2019-08-30 22:38:14,446 [main] INFO  handler.ContextHandler (ContextHandler.java:doStart(781)) - Started o.e.j.s.ServletContextHandler@d87d449{/logs,file:///workdir/hadoop-ozone/integration-test/target/log,AVAILABLE}
2019-08-30 22:38:14,446 [main] INFO  handler.ContextHandler (ContextHandler.java:doStart(781)) - Started o.e.j.s.ServletContextHandler@1df9186f{/static,jar:file:/home/user/.m2/repository/org/apache/hadoop/hadoop-hdds-container-service/0.5.0-SNAPSHOT/hadoop-hdds-container-service-0.5.0-SNAPSHOT.jar!/webapps/static,AVAILABLE}
2019-08-30 22:38:14,480 [main] INFO  handler.ContextHandler (ContextHandler.java:doStart(781)) - Started o.e.j.w.WebAppContext@18ffca6c{/,file:///tmp/jetty-0.0.0.0-33951-hddsDatanode-_-any-5942746551344333411.dir/webapp/,AVAILABLE}{/hddsDatanode}
2019-08-30 22:38:14,480 [main] INFO  server.AbstractConnector (AbstractConnector.java:doStart(278)) - Started ServerConnector@46468f0{HTTP/1.1,[http/1.1]}{0.0.0.0:33951}
2019-08-30 22:38:14,481 [main] INFO  server.Server (Server.java:doStart(419)) - Started @560430ms
2019-08-30 22:38:14,482 [main] WARN  impl.MetricsSystemImpl (MetricsSystemImpl.java:register(276)) - Sink prometheus already exists!
2019-08-30 22:38:14,482 [main] INFO  server.BaseHttpServer (BaseHttpServer.java:updateConnectorAddress(215)) - HTTP server of HDDSDATANODE is listening at http://0.0.0.0:33951
2019-08-30 22:38:14,483 [main] INFO  impl.MetricsSystemImpl (MetricsSystemImpl.java:init(158)) - HddsDatanode metrics system started (again)
2019-08-30 22:38:14,485 [org.apache.hadoop.util.JvmPauseMonitor$Monitor@4eca32fa] INFO  util.JvmPauseMonitor (JvmPauseMonitor.java:run(188)) - Starting JVM pause monitor
2019-08-30 22:38:14,486 [main] INFO  ozone.HddsDatanodeService (HddsDatanodeService.java:start(184)) - HddsDatanodeService host:pr-hdds-1909-plfbr-3209385976 ip:192.168.36.88
2019-08-30 22:38:14,487 [Datanode State Machine Thread - 0] INFO  datanode.InitDatanodeState (InitDatanodeState.java:persistContainerDatanodeDetails(140)) - DatanodeDetails is persisted to /workdir/hadoop-ozone/integration-test/target/test-dir/MiniOzoneClusterImpl-8fb4be1f-1f01-4e1a-8b80-1b2fb75ab186/datanode-3/meta/datanode.id
2019-08-30 22:38:14,491 [main] INFO  volume.HddsVolume (HddsVolume.java:<init>(176)) - Creating Volume: /workdir/hadoop-ozone/integration-test/target/test-dir/MiniOzoneClusterImpl-8fb4be1f-1f01-4e1a-8b80-1b2fb75ab186/datanode-4/data/containers/hdds of  storage type : DISK and capacity : 1482555576320
2019-08-30 22:38:14,492 [main] INFO  volume.VolumeSet (VolumeSet.java:initializeVolumeSet(170)) - Added Volume : /workdir/hadoop-ozone/integration-test/target/test-dir/MiniOzoneClusterImpl-8fb4be1f-1f01-4e1a-8b80-1b2fb75ab186/datanode-4/data/containers/hdds to VolumeSet
2019-08-30 22:38:14,492 [main] INFO  volume.ThrottledAsyncChecker (ThrottledAsyncChecker.java:schedule(140)) - Scheduling a check for org.apache.hadoop.ozone.container.common.volume.HddsVolume@71d55b7e
2019-08-30 22:38:14,493 [main] INFO  volume.HddsVolumeChecker (HddsVolumeChecker.java:checkAllVolumes(203)) - Scheduled health check for volume org.apache.hadoop.ozone.container.common.volume.HddsVolume@71d55b7e
2019-08-30 22:38:14,505 [main] INFO  impl.RaftServerProxy (ConfUtils.java:logGet(43)) - raft.rpc.type = GRPC (default)
2019-08-30 22:38:14,505 [main] INFO  grpc.GrpcFactory (GrpcFactory.java:checkPooledByteBufAllocatorUseCacheForAllThreads(45)) - PERFORMANCE WARNING: useCacheForAllThreads is true that may cause Netty to create a lot garbage objects and, as a result, trigger GC.
	It is recommended to disable useCacheForAllThreads by setting -Dorg.apache.ratis.thirdparty.io.netty.allocator.useCacheForAllThreads=false in command line.
2019-08-30 22:38:14,505 [main] INFO  grpc.GrpcConfigKeys$Server (ConfUtils.java:logGet(43)) - raft.grpc.server.port = 0 (default)
2019-08-30 22:38:14,505 [main] INFO  server.GrpcService (ConfUtils.java:logGet(43)) - raft.grpc.message.size.max = 33570816 (custom)
2019-08-30 22:38:14,505 [main] INFO  server.RaftServerConfigKeys (ConfUtils.java:logGet(43)) - raft.server.log.appender.buffer.byte-limit = 33554432 (custom)
2019-08-30 22:38:14,506 [main] INFO  server.GrpcService (ConfUtils.java:logGet(43)) - raft.grpc.flow.control.window = 1MB (=1048576) (default)
2019-08-30 22:38:14,506 [main] INFO  server.RaftServerConfigKeys (ConfUtils.java:logGet(43)) - raft.server.rpc.request.timeout = 3000ms (default)
2019-08-30 22:38:14,506 [main] INFO  server.RaftServerConfigKeys (ConfUtils.java:logGet(43)) - raft.server.storage.dir = [/workdir/hadoop-ozone/integration-test/target/test-dir/MiniOzoneClusterImpl-8fb4be1f-1f01-4e1a-8b80-1b2fb75ab186/datanode-4/data/ratis] (custom)
2019-08-30 22:38:14,507 [main] INFO  hdfs.DFSUtil (DFSUtil.java:httpServerTemplateForNNAndJN(1641)) - Starting Web-server for hddsDatanode at: http://0.0.0.0:0
2019-08-30 22:38:14,510 [main] INFO  server.AuthenticationFilter (AuthenticationFilter.java:constructSecretProvider(240)) - Unable to initialize FileSignerSecretProvider, falling back to use random secrets.
2019-08-30 22:38:14,510 [main] WARN  http.HttpRequestLog (HttpRequestLog.java:getRequestLog(97)) - Jetty request log can only be enabled using Log4j
2019-08-30 22:38:14,512 [main] INFO  http.HttpServer2 (HttpServer2.java:addGlobalFilter(975)) - Added global filter 'safety' (class=org.apache.hadoop.http.HttpServer2$QuotingInputFilter)
2019-08-30 22:38:14,513 [main] INFO  http.HttpServer2 (HttpServer2.java:addFilter(948)) - Added filter static_user_filter (class=org.apache.hadoop.http.lib.StaticUserWebFilter$StaticUserFilter) to context hddsDatanode
2019-08-30 22:38:14,513 [main] INFO  http.HttpServer2 (HttpServer2.java:addFilter(958)) - Added filter static_user_filter (class=org.apache.hadoop.http.lib.StaticUserWebFilter$StaticUserFilter) to context static
2019-08-30 22:38:14,513 [main] INFO  http.HttpServer2 (HttpServer2.java:addFilter(958)) - Added filter static_user_filter (class=org.apache.hadoop.http.lib.StaticUserWebFilter$StaticUserFilter) to context logs
2019-08-30 22:38:14,514 [main] INFO  http.HttpServer2 (HttpServer2.java:bindListener(1191)) - Jetty bound to port 46245
2019-08-30 22:38:14,515 [main] INFO  server.Server (Server.java:doStart(351)) - jetty-9.3.24.v20180605, build timestamp: 2018-06-05T17:11:56Z, git hash: 84205aa28f11a4f31f2a3b86d1bba2cc8ab69827
2019-08-30 22:38:14,517 [main] INFO  handler.ContextHandler (ContextHandler.java:doStart(781)) - Started o.e.j.s.ServletContextHandler@2c06b113{/logs,file:///workdir/hadoop-ozone/integration-test/target/log,AVAILABLE}
2019-08-30 22:38:14,517 [main] INFO  handler.ContextHandler (ContextHandler.java:doStart(781)) - Started o.e.j.s.ServletContextHandler@785ed99c{/static,jar:file:/home/user/.m2/repository/org/apache/hadoop/hadoop-hdds-container-service/0.5.0-SNAPSHOT/hadoop-hdds-container-service-0.5.0-SNAPSHOT.jar!/webapps/static,AVAILABLE}
2019-08-30 22:38:14,560 [main] INFO  handler.ContextHandler (ContextHandler.java:doStart(781)) - Started o.e.j.w.WebAppContext@4fb64a52{/,file:///tmp/jetty-0.0.0.0-46245-hddsDatanode-_-any-1497131011359845671.dir/webapp/,AVAILABLE}{/hddsDatanode}
2019-08-30 22:38:14,560 [main] INFO  server.AbstractConnector (AbstractConnector.java:doStart(278)) - Started ServerConnector@70b48eb3{HTTP/1.1,[http/1.1]}{0.0.0.0:46245}
2019-08-30 22:38:14,562 [main] INFO  server.Server (Server.java:doStart(419)) - Started @560511ms
2019-08-30 22:38:14,562 [main] WARN  impl.MetricsSystemImpl (MetricsSystemImpl.java:register(276)) - Sink prometheus already exists!
2019-08-30 22:38:14,563 [main] INFO  server.BaseHttpServer (BaseHttpServer.java:updateConnectorAddress(215)) - HTTP server of HDDSDATANODE is listening at http://0.0.0.0:46245
2019-08-30 22:38:14,564 [main] INFO  impl.MetricsSystemImpl (MetricsSystemImpl.java:init(158)) - HddsDatanode metrics system started (again)
2019-08-30 22:38:14,567 [org.apache.hadoop.util.JvmPauseMonitor$Monitor@7f6f9512] INFO  util.JvmPauseMonitor (JvmPauseMonitor.java:run(188)) - Starting JVM pause monitor
2019-08-30 22:38:14,568 [main] INFO  ozone.HddsDatanodeService (HddsDatanodeService.java:start(184)) - HddsDatanodeService host:pr-hdds-1909-plfbr-3209385976 ip:192.168.36.88
2019-08-30 22:38:14,569 [Datanode State Machine Thread - 0] INFO  datanode.InitDatanodeState (InitDatanodeState.java:persistContainerDatanodeDetails(140)) - DatanodeDetails is persisted to /workdir/hadoop-ozone/integration-test/target/test-dir/MiniOzoneClusterImpl-8fb4be1f-1f01-4e1a-8b80-1b2fb75ab186/datanode-4/meta/datanode.id
2019-08-30 22:38:14,575 [main] INFO  volume.HddsVolume (HddsVolume.java:<init>(176)) - Creating Volume: /workdir/hadoop-ozone/integration-test/target/test-dir/MiniOzoneClusterImpl-8fb4be1f-1f01-4e1a-8b80-1b2fb75ab186/datanode-5/data/containers/hdds of  storage type : DISK and capacity : 1482555576320
2019-08-30 22:38:14,575 [main] INFO  volume.VolumeSet (VolumeSet.java:initializeVolumeSet(170)) - Added Volume : /workdir/hadoop-ozone/integration-test/target/test-dir/MiniOzoneClusterImpl-8fb4be1f-1f01-4e1a-8b80-1b2fb75ab186/datanode-5/data/containers/hdds to VolumeSet
2019-08-30 22:38:14,576 [main] INFO  volume.ThrottledAsyncChecker (ThrottledAsyncChecker.java:schedule(140)) - Scheduling a check for org.apache.hadoop.ozone.container.common.volume.HddsVolume@74a820bf
2019-08-30 22:38:14,576 [main] INFO  volume.HddsVolumeChecker (HddsVolumeChecker.java:checkAllVolumes(203)) - Scheduled health check for volume org.apache.hadoop.ozone.container.common.volume.HddsVolume@74a820bf
2019-08-30 22:38:14,598 [main] INFO  impl.RaftServerProxy (ConfUtils.java:logGet(43)) - raft.rpc.type = GRPC (default)
2019-08-30 22:38:14,598 [main] INFO  grpc.GrpcFactory (GrpcFactory.java:checkPooledByteBufAllocatorUseCacheForAllThreads(45)) - PERFORMANCE WARNING: useCacheForAllThreads is true that may cause Netty to create a lot garbage objects and, as a result, trigger GC.
	It is recommended to disable useCacheForAllThreads by setting -Dorg.apache.ratis.thirdparty.io.netty.allocator.useCacheForAllThreads=false in command line.
2019-08-30 22:38:14,599 [main] INFO  grpc.GrpcConfigKeys$Server (ConfUtils.java:logGet(43)) - raft.grpc.server.port = 0 (default)
2019-08-30 22:38:14,599 [main] INFO  server.GrpcService (ConfUtils.java:logGet(43)) - raft.grpc.message.size.max = 33570816 (custom)
2019-08-30 22:38:14,599 [main] INFO  server.RaftServerConfigKeys (ConfUtils.java:logGet(43)) - raft.server.log.appender.buffer.byte-limit = 33554432 (custom)
2019-08-30 22:38:14,599 [main] INFO  server.GrpcService (ConfUtils.java:logGet(43)) - raft.grpc.flow.control.window = 1MB (=1048576) (default)
2019-08-30 22:38:14,599 [main] INFO  server.RaftServerConfigKeys (ConfUtils.java:logGet(43)) - raft.server.rpc.request.timeout = 3000ms (default)
2019-08-30 22:38:14,600 [main] INFO  server.RaftServerConfigKeys (ConfUtils.java:logGet(43)) - raft.server.storage.dir = [/workdir/hadoop-ozone/integration-test/target/test-dir/MiniOzoneClusterImpl-8fb4be1f-1f01-4e1a-8b80-1b2fb75ab186/datanode-5/data/ratis] (custom)
2019-08-30 22:38:14,601 [main] INFO  hdfs.DFSUtil (DFSUtil.java:httpServerTemplateForNNAndJN(1641)) - Starting Web-server for hddsDatanode at: http://0.0.0.0:0
2019-08-30 22:38:14,603 [main] INFO  server.AuthenticationFilter (AuthenticationFilter.java:constructSecretProvider(240)) - Unable to initialize FileSignerSecretProvider, falling back to use random secrets.
2019-08-30 22:38:14,603 [main] WARN  http.HttpRequestLog (HttpRequestLog.java:getRequestLog(97)) - Jetty request log can only be enabled using Log4j
2019-08-30 22:38:14,604 [main] INFO  http.HttpServer2 (HttpServer2.java:addGlobalFilter(975)) - Added global filter 'safety' (class=org.apache.hadoop.http.HttpServer2$QuotingInputFilter)
2019-08-30 22:38:14,605 [main] INFO  http.HttpServer2 (HttpServer2.java:addFilter(948)) - Added filter static_user_filter (class=org.apache.hadoop.http.lib.StaticUserWebFilter$StaticUserFilter) to context hddsDatanode
2019-08-30 22:38:14,605 [main] INFO  http.HttpServer2 (HttpServer2.java:addFilter(958)) - Added filter static_user_filter (class=org.apache.hadoop.http.lib.StaticUserWebFilter$StaticUserFilter) to context logs
2019-08-30 22:38:14,605 [main] INFO  http.HttpServer2 (HttpServer2.java:addFilter(958)) - Added filter static_user_filter (class=org.apache.hadoop.http.lib.StaticUserWebFilter$StaticUserFilter) to context static
2019-08-30 22:38:14,606 [main] INFO  http.HttpServer2 (HttpServer2.java:bindListener(1191)) - Jetty bound to port 44846
2019-08-30 22:38:14,606 [main] INFO  server.Server (Server.java:doStart(351)) - jetty-9.3.24.v20180605, build timestamp: 2018-06-05T17:11:56Z, git hash: 84205aa28f11a4f31f2a3b86d1bba2cc8ab69827
2019-08-30 22:38:14,608 [main] INFO  handler.ContextHandler (ContextHandler.java:doStart(781)) - Started o.e.j.s.ServletContextHandler@79252c83{/logs,file:///workdir/hadoop-ozone/integration-test/target/log,AVAILABLE}
2019-08-30 22:38:14,608 [main] INFO  handler.ContextHandler (ContextHandler.java:doStart(781)) - Started o.e.j.s.ServletContextHandler@509a6095{/static,jar:file:/home/user/.m2/repository/org/apache/hadoop/hadoop-hdds-container-service/0.5.0-SNAPSHOT/hadoop-hdds-container-service-0.5.0-SNAPSHOT.jar!/webapps/static,AVAILABLE}
2019-08-30 22:38:14,635 [main] INFO  handler.ContextHandler (ContextHandler.java:doStart(781)) - Started o.e.j.w.WebAppContext@40bd0f8{/,file:///tmp/jetty-0.0.0.0-44846-hddsDatanode-_-any-2913179201594950668.dir/webapp/,AVAILABLE}{/hddsDatanode}
2019-08-30 22:38:14,635 [main] INFO  server.AbstractConnector (AbstractConnector.java:doStart(278)) - Started ServerConnector@7eb27768{HTTP/1.1,[http/1.1]}{0.0.0.0:44846}
2019-08-30 22:38:14,637 [main] INFO  server.Server (Server.java:doStart(419)) - Started @560585ms
2019-08-30 22:38:14,637 [main] WARN  impl.MetricsSystemImpl (MetricsSystemImpl.java:register(276)) - Sink prometheus already exists!
2019-08-30 22:38:14,637 [main] INFO  server.BaseHttpServer (BaseHttpServer.java:updateConnectorAddress(215)) - HTTP server of HDDSDATANODE is listening at http://0.0.0.0:44846
2019-08-30 22:38:14,638 [main] INFO  impl.MetricsSystemImpl (MetricsSystemImpl.java:init(158)) - HddsDatanode metrics system started (again)
2019-08-30 22:38:14,641 [org.apache.hadoop.util.JvmPauseMonitor$Monitor@6b4a64da] INFO  util.JvmPauseMonitor (JvmPauseMonitor.java:run(188)) - Starting JVM pause monitor
2019-08-30 22:38:14,641 [main] INFO  ozone.HddsDatanodeService (HddsDatanodeService.java:start(184)) - HddsDatanodeService host:pr-hdds-1909-plfbr-3209385976 ip:192.168.36.88
2019-08-30 22:38:14,642 [Datanode State Machine Thread - 0] INFO  datanode.InitDatanodeState (InitDatanodeState.java:persistContainerDatanodeDetails(140)) - DatanodeDetails is persisted to /workdir/hadoop-ozone/integration-test/target/test-dir/MiniOzoneClusterImpl-8fb4be1f-1f01-4e1a-8b80-1b2fb75ab186/datanode-5/meta/datanode.id
2019-08-30 22:38:14,646 [main] INFO  volume.HddsVolume (HddsVolume.java:<init>(176)) - Creating Volume: /workdir/hadoop-ozone/integration-test/target/test-dir/MiniOzoneClusterImpl-8fb4be1f-1f01-4e1a-8b80-1b2fb75ab186/datanode-6/data/containers/hdds of  storage type : DISK and capacity : 1482555576320
2019-08-30 22:38:14,646 [main] INFO  volume.VolumeSet (VolumeSet.java:initializeVolumeSet(170)) - Added Volume : /workdir/hadoop-ozone/integration-test/target/test-dir/MiniOzoneClusterImpl-8fb4be1f-1f01-4e1a-8b80-1b2fb75ab186/datanode-6/data/containers/hdds to VolumeSet
2019-08-30 22:38:14,647 [main] INFO  volume.ThrottledAsyncChecker (ThrottledAsyncChecker.java:schedule(140)) - Scheduling a check for org.apache.hadoop.ozone.container.common.volume.HddsVolume@4a22e4d7
2019-08-30 22:38:14,647 [main] INFO  volume.HddsVolumeChecker (HddsVolumeChecker.java:checkAllVolumes(203)) - Scheduled health check for volume org.apache.hadoop.ozone.container.common.volume.HddsVolume@4a22e4d7
2019-08-30 22:38:14,658 [main] INFO  impl.RaftServerProxy (ConfUtils.java:logGet(43)) - raft.rpc.type = GRPC (default)
2019-08-30 22:38:14,659 [main] INFO  grpc.GrpcFactory (GrpcFactory.java:checkPooledByteBufAllocatorUseCacheForAllThreads(45)) - PERFORMANCE WARNING: useCacheForAllThreads is true that may cause Netty to create a lot garbage objects and, as a result, trigger GC.
	It is recommended to disable useCacheForAllThreads by setting -Dorg.apache.ratis.thirdparty.io.netty.allocator.useCacheForAllThreads=false in command line.
2019-08-30 22:38:14,659 [main] INFO  grpc.GrpcConfigKeys$Server (ConfUtils.java:logGet(43)) - raft.grpc.server.port = 0 (default)
2019-08-30 22:38:14,659 [main] INFO  server.GrpcService (ConfUtils.java:logGet(43)) - raft.grpc.message.size.max = 33570816 (custom)
2019-08-30 22:38:14,659 [main] INFO  server.RaftServerConfigKeys (ConfUtils.java:logGet(43)) - raft.server.log.appender.buffer.byte-limit = 33554432 (custom)
2019-08-30 22:38:14,659 [main] INFO  server.GrpcService (ConfUtils.java:logGet(43)) - raft.grpc.flow.control.window = 1MB (=1048576) (default)
2019-08-30 22:38:14,660 [main] INFO  server.RaftServerConfigKeys (ConfUtils.java:logGet(43)) - raft.server.rpc.request.timeout = 3000ms (default)
2019-08-30 22:38:14,660 [main] INFO  server.RaftServerConfigKeys (ConfUtils.java:logGet(43)) - raft.server.storage.dir = [/workdir/hadoop-ozone/integration-test/target/test-dir/MiniOzoneClusterImpl-8fb4be1f-1f01-4e1a-8b80-1b2fb75ab186/datanode-6/data/ratis] (custom)
2019-08-30 22:38:14,661 [main] INFO  hdfs.DFSUtil (DFSUtil.java:httpServerTemplateForNNAndJN(1641)) - Starting Web-server for hddsDatanode at: http://0.0.0.0:0
2019-08-30 22:38:14,663 [main] INFO  server.AuthenticationFilter (AuthenticationFilter.java:constructSecretProvider(240)) - Unable to initialize FileSignerSecretProvider, falling back to use random secrets.
2019-08-30 22:38:14,664 [main] WARN  http.HttpRequestLog (HttpRequestLog.java:getRequestLog(97)) - Jetty request log can only be enabled using Log4j
2019-08-30 22:38:14,666 [main] INFO  http.HttpServer2 (HttpServer2.java:addGlobalFilter(975)) - Added global filter 'safety' (class=org.apache.hadoop.http.HttpServer2$QuotingInputFilter)
2019-08-30 22:38:14,667 [main] INFO  http.HttpServer2 (HttpServer2.java:addFilter(948)) - Added filter static_user_filter (class=org.apache.hadoop.http.lib.StaticUserWebFilter$StaticUserFilter) to context hddsDatanode
2019-08-30 22:38:14,667 [main] INFO  http.HttpServer2 (HttpServer2.java:addFilter(958)) - Added filter static_user_filter (class=org.apache.hadoop.http.lib.StaticUserWebFilter$StaticUserFilter) to context static
2019-08-30 22:38:14,667 [main] INFO  http.HttpServer2 (HttpServer2.java:addFilter(958)) - Added filter static_user_filter (class=org.apache.hadoop.http.lib.StaticUserWebFilter$StaticUserFilter) to context logs
2019-08-30 22:38:14,668 [main] INFO  http.HttpServer2 (HttpServer2.java:bindListener(1191)) - Jetty bound to port 41791
2019-08-30 22:38:14,668 [main] INFO  server.Server (Server.java:doStart(351)) - jetty-9.3.24.v20180605, build timestamp: 2018-06-05T17:11:56Z, git hash: 84205aa28f11a4f31f2a3b86d1bba2cc8ab69827
2019-08-30 22:38:14,670 [main] INFO  handler.ContextHandler (ContextHandler.java:doStart(781)) - Started o.e.j.s.ServletContextHandler@42a0786f{/logs,file:///workdir/hadoop-ozone/integration-test/target/log,AVAILABLE}
2019-08-30 22:38:14,670 [main] INFO  handler.ContextHandler (ContextHandler.java:doStart(781)) - Started o.e.j.s.ServletContextHandler@203e705e{/static,jar:file:/home/user/.m2/repository/org/apache/hadoop/hadoop-hdds-container-service/0.5.0-SNAPSHOT/hadoop-hdds-container-service-0.5.0-SNAPSHOT.jar!/webapps/static,AVAILABLE}
2019-08-30 22:38:14,700 [main] INFO  handler.ContextHandler (ContextHandler.java:doStart(781)) - Started o.e.j.w.WebAppContext@ceb7701{/,file:///tmp/jetty-0.0.0.0-41791-hddsDatanode-_-any-5120494209648768135.dir/webapp/,AVAILABLE}{/hddsDatanode}
2019-08-30 22:38:14,701 [main] INFO  server.AbstractConnector (AbstractConnector.java:doStart(278)) - Started ServerConnector@5e193ef5{HTTP/1.1,[http/1.1]}{0.0.0.0:41791}
2019-08-30 22:38:14,705 [main] INFO  server.Server (Server.java:doStart(419)) - Started @560653ms
2019-08-30 22:38:14,705 [main] WARN  impl.MetricsSystemImpl (MetricsSystemImpl.java:register(276)) - Sink prometheus already exists!
2019-08-30 22:38:14,706 [main] INFO  server.BaseHttpServer (BaseHttpServer.java:updateConnectorAddress(215)) - HTTP server of HDDSDATANODE is listening at http://0.0.0.0:41791
2019-08-30 22:38:14,706 [main] INFO  ozone.MiniOzoneClusterImpl (MiniOzoneClusterImpl.java:lambda$waitForClusterToBeReady$0(140)) - Waiting for cluster to be ready. Got 0 of 7 DN Heartbeats.
2019-08-30 22:38:14,707 [org.apache.hadoop.util.JvmPauseMonitor$Monitor@1274f28c] INFO  util.JvmPauseMonitor (JvmPauseMonitor.java:run(188)) - Starting JVM pause monitor
2019-08-30 22:38:14,708 [Datanode State Machine Thread - 0] INFO  datanode.InitDatanodeState (InitDatanodeState.java:persistContainerDatanodeDetails(140)) - DatanodeDetails is persisted to /workdir/hadoop-ozone/integration-test/target/test-dir/MiniOzoneClusterImpl-8fb4be1f-1f01-4e1a-8b80-1b2fb75ab186/datanode-6/meta/datanode.id
2019-08-30 22:38:15,706 [main] INFO  ozone.MiniOzoneClusterImpl (MiniOzoneClusterImpl.java:lambda$waitForClusterToBeReady$0(140)) - Waiting for cluster to be ready. Got 0 of 7 DN Heartbeats.
2019-08-30 22:38:16,295 [Datanode State Machine Thread - 0] INFO  ozoneimpl.OzoneContainer (OzoneContainer.java:start(201)) - Attempting to start container services.
2019-08-30 22:38:16,295 [Datanode State Machine Thread - 0] INFO  ozoneimpl.OzoneContainer (OzoneContainer.java:startContainerScrub(175)) - Background container scrubber has been disabled by hdds.containerscrub.enabled
2019-08-30 22:38:16,296 [Datanode State Machine Thread - 0] INFO  ratis.XceiverServerRatis (XceiverServerRatis.java:start(393)) - Starting XceiverServerRatis b59e1437-a1c8-4617-9449-130f0635d94e at port 0
2019-08-30 22:38:16,301 [Datanode State Machine Thread - 0] INFO  impl.RaftServerProxy (RaftServerProxy.java:lambda$start$3(299)) - b59e1437-a1c8-4617-9449-130f0635d94e: start RPC server
2019-08-30 22:38:16,309 [Datanode State Machine Thread - 0] INFO  server.GrpcService (GrpcService.java:startImpl(149)) - b59e1437-a1c8-4617-9449-130f0635d94e: GrpcService started, listening on 0.0.0.0/0.0.0.0:39621
2019-08-30 22:38:16,309 [Datanode State Machine Thread - 0] INFO  ratis.XceiverServerRatis (XceiverServerRatis.java:start(403)) - XceiverServerRatis b59e1437-a1c8-4617-9449-130f0635d94e is started using port 39621
2019-08-30 22:38:16,310 [Datanode State Machine Thread - 0] INFO  server.XceiverServerGrpc (XceiverServerGrpc.java:start(163)) - XceiverServerGrpc b59e1437-a1c8-4617-9449-130f0635d94e is started using port 35213
2019-08-30 22:38:16,369 [Datanode State Machine Thread - 0] INFO  ozoneimpl.OzoneContainer (OzoneContainer.java:start(201)) - Attempting to start container services.
2019-08-30 22:38:16,369 [Datanode State Machine Thread - 0] INFO  ozoneimpl.OzoneContainer (OzoneContainer.java:startContainerScrub(175)) - Background container scrubber has been disabled by hdds.containerscrub.enabled
2019-08-30 22:38:16,369 [Datanode State Machine Thread - 0] INFO  ratis.XceiverServerRatis (XceiverServerRatis.java:start(393)) - Starting XceiverServerRatis 2dcb9ef1-393c-4beb-b158-3ac2a1e6a1a8 at port 0
2019-08-30 22:38:16,374 [Datanode State Machine Thread - 0] INFO  impl.RaftServerProxy (RaftServerProxy.java:lambda$start$3(299)) - 2dcb9ef1-393c-4beb-b158-3ac2a1e6a1a8: start RPC server
2019-08-30 22:38:16,375 [Datanode State Machine Thread - 0] INFO  server.GrpcService (GrpcService.java:startImpl(149)) - 2dcb9ef1-393c-4beb-b158-3ac2a1e6a1a8: GrpcService started, listening on 0.0.0.0/0.0.0.0:36570
2019-08-30 22:38:16,375 [Datanode State Machine Thread - 0] INFO  ratis.XceiverServerRatis (XceiverServerRatis.java:start(403)) - XceiverServerRatis 2dcb9ef1-393c-4beb-b158-3ac2a1e6a1a8 is started using port 36570
2019-08-30 22:38:16,377 [Datanode State Machine Thread - 0] INFO  server.XceiverServerGrpc (XceiverServerGrpc.java:start(163)) - XceiverServerGrpc 2dcb9ef1-393c-4beb-b158-3ac2a1e6a1a8 is started using port 37946
2019-08-30 22:38:16,431 [Datanode State Machine Thread - 0] INFO  ozoneimpl.OzoneContainer (OzoneContainer.java:start(201)) - Attempting to start container services.
2019-08-30 22:38:16,431 [Datanode State Machine Thread - 0] INFO  ozoneimpl.OzoneContainer (OzoneContainer.java:startContainerScrub(175)) - Background container scrubber has been disabled by hdds.containerscrub.enabled
2019-08-30 22:38:16,431 [Datanode State Machine Thread - 0] INFO  ratis.XceiverServerRatis (XceiverServerRatis.java:start(393)) - Starting XceiverServerRatis afdb06fd-1848-49aa-a5df-8cd319373775 at port 0
2019-08-30 22:38:16,438 [Datanode State Machine Thread - 0] INFO  impl.RaftServerProxy (RaftServerProxy.java:lambda$start$3(299)) - afdb06fd-1848-49aa-a5df-8cd319373775: start RPC server
2019-08-30 22:38:16,439 [Datanode State Machine Thread - 0] INFO  server.GrpcService (GrpcService.java:startImpl(149)) - afdb06fd-1848-49aa-a5df-8cd319373775: GrpcService started, listening on 0.0.0.0/0.0.0.0:42838
2019-08-30 22:38:16,439 [Datanode State Machine Thread - 0] INFO  ratis.XceiverServerRatis (XceiverServerRatis.java:start(403)) - XceiverServerRatis afdb06fd-1848-49aa-a5df-8cd319373775 is started using port 42838
2019-08-30 22:38:16,440 [Datanode State Machine Thread - 0] INFO  server.XceiverServerGrpc (XceiverServerGrpc.java:start(163)) - XceiverServerGrpc afdb06fd-1848-49aa-a5df-8cd319373775 is started using port 37308
2019-08-30 22:38:16,501 [Datanode State Machine Thread - 0] INFO  ozoneimpl.OzoneContainer (OzoneContainer.java:start(201)) - Attempting to start container services.
2019-08-30 22:38:16,502 [Datanode State Machine Thread - 0] INFO  ozoneimpl.OzoneContainer (OzoneContainer.java:startContainerScrub(175)) - Background container scrubber has been disabled by hdds.containerscrub.enabled
2019-08-30 22:38:16,502 [Datanode State Machine Thread - 0] INFO  ratis.XceiverServerRatis (XceiverServerRatis.java:start(393)) - Starting XceiverServerRatis 7c6fe567-79fd-4e56-aa02-ded5ff9c30c0 at port 0
2019-08-30 22:38:16,508 [Datanode State Machine Thread - 0] INFO  impl.RaftServerProxy (RaftServerProxy.java:lambda$start$3(299)) - 7c6fe567-79fd-4e56-aa02-ded5ff9c30c0: start RPC server
2019-08-30 22:38:16,509 [Datanode State Machine Thread - 0] INFO  server.GrpcService (GrpcService.java:startImpl(149)) - 7c6fe567-79fd-4e56-aa02-ded5ff9c30c0: GrpcService started, listening on 0.0.0.0/0.0.0.0:40251
2019-08-30 22:38:16,509 [Datanode State Machine Thread - 0] INFO  ratis.XceiverServerRatis (XceiverServerRatis.java:start(403)) - XceiverServerRatis 7c6fe567-79fd-4e56-aa02-ded5ff9c30c0 is started using port 40251
2019-08-30 22:38:16,509 [Datanode State Machine Thread - 0] INFO  server.XceiverServerGrpc (XceiverServerGrpc.java:start(163)) - XceiverServerGrpc 7c6fe567-79fd-4e56-aa02-ded5ff9c30c0 is started using port 45664
2019-08-30 22:38:16,584 [Datanode State Machine Thread - 0] INFO  ozoneimpl.OzoneContainer (OzoneContainer.java:start(201)) - Attempting to start container services.
2019-08-30 22:38:16,584 [Datanode State Machine Thread - 0] INFO  ozoneimpl.OzoneContainer (OzoneContainer.java:startContainerScrub(175)) - Background container scrubber has been disabled by hdds.containerscrub.enabled
2019-08-30 22:38:16,584 [Datanode State Machine Thread - 0] INFO  ratis.XceiverServerRatis (XceiverServerRatis.java:start(393)) - Starting XceiverServerRatis a5fefde7-037e-4263-b518-79d76143dac2 at port 0
2019-08-30 22:38:16,590 [Datanode State Machine Thread - 0] INFO  impl.RaftServerProxy (RaftServerProxy.java:lambda$start$3(299)) - a5fefde7-037e-4263-b518-79d76143dac2: start RPC server
2019-08-30 22:38:16,590 [Datanode State Machine Thread - 0] INFO  server.GrpcService (GrpcService.java:startImpl(149)) - a5fefde7-037e-4263-b518-79d76143dac2: GrpcService started, listening on 0.0.0.0/0.0.0.0:37614
2019-08-30 22:38:16,590 [Datanode State Machine Thread - 0] INFO  ratis.XceiverServerRatis (XceiverServerRatis.java:start(403)) - XceiverServerRatis a5fefde7-037e-4263-b518-79d76143dac2 is started using port 37614
2019-08-30 22:38:16,591 [Datanode State Machine Thread - 0] INFO  server.XceiverServerGrpc (XceiverServerGrpc.java:start(163)) - XceiverServerGrpc a5fefde7-037e-4263-b518-79d76143dac2 is started using port 38349
2019-08-30 22:38:16,660 [Datanode State Machine Thread - 0] INFO  ozoneimpl.OzoneContainer (OzoneContainer.java:start(201)) - Attempting to start container services.
2019-08-30 22:38:16,660 [Datanode State Machine Thread - 0] INFO  ozoneimpl.OzoneContainer (OzoneContainer.java:startContainerScrub(175)) - Background container scrubber has been disabled by hdds.containerscrub.enabled
2019-08-30 22:38:16,660 [Datanode State Machine Thread - 0] INFO  ratis.XceiverServerRatis (XceiverServerRatis.java:start(393)) - Starting XceiverServerRatis 04c29368-23fb-4365-aaec-69238c5c9731 at port 0
2019-08-30 22:38:16,666 [Datanode State Machine Thread - 0] INFO  impl.RaftServerProxy (RaftServerProxy.java:lambda$start$3(299)) - 04c29368-23fb-4365-aaec-69238c5c9731: start RPC server
2019-08-30 22:38:16,667 [Datanode State Machine Thread - 0] INFO  server.GrpcService (GrpcService.java:startImpl(149)) - 04c29368-23fb-4365-aaec-69238c5c9731: GrpcService started, listening on 0.0.0.0/0.0.0.0:36284
2019-08-30 22:38:16,667 [Datanode State Machine Thread - 0] INFO  ratis.XceiverServerRatis (XceiverServerRatis.java:start(403)) - XceiverServerRatis 04c29368-23fb-4365-aaec-69238c5c9731 is started using port 36284
2019-08-30 22:38:16,667 [Datanode State Machine Thread - 0] INFO  server.XceiverServerGrpc (XceiverServerGrpc.java:start(163)) - XceiverServerGrpc 04c29368-23fb-4365-aaec-69238c5c9731 is started using port 36069
2019-08-30 22:38:16,707 [main] INFO  ozone.MiniOzoneClusterImpl (MiniOzoneClusterImpl.java:lambda$waitForClusterToBeReady$0(140)) - Waiting for cluster to be ready. Got 0 of 7 DN Heartbeats.
2019-08-30 22:38:16,722 [Datanode State Machine Thread - 0] INFO  ozoneimpl.OzoneContainer (OzoneContainer.java:start(201)) - Attempting to start container services.
2019-08-30 22:38:16,722 [Datanode State Machine Thread - 0] INFO  ozoneimpl.OzoneContainer (OzoneContainer.java:startContainerScrub(175)) - Background container scrubber has been disabled by hdds.containerscrub.enabled
2019-08-30 22:38:16,722 [Datanode State Machine Thread - 0] INFO  ratis.XceiverServerRatis (XceiverServerRatis.java:start(393)) - Starting XceiverServerRatis 08a98e8c-3230-413f-a62d-04417fccf4c4 at port 0
2019-08-30 22:38:16,728 [Datanode State Machine Thread - 0] INFO  impl.RaftServerProxy (RaftServerProxy.java:lambda$start$3(299)) - 08a98e8c-3230-413f-a62d-04417fccf4c4: start RPC server
2019-08-30 22:38:16,729 [Datanode State Machine Thread - 0] INFO  server.GrpcService (GrpcService.java:startImpl(149)) - 08a98e8c-3230-413f-a62d-04417fccf4c4: GrpcService started, listening on 0.0.0.0/0.0.0.0:35865
2019-08-30 22:38:16,729 [Datanode State Machine Thread - 0] INFO  ratis.XceiverServerRatis (XceiverServerRatis.java:start(403)) - XceiverServerRatis 08a98e8c-3230-413f-a62d-04417fccf4c4 is started using port 35865
2019-08-30 22:38:16,730 [Datanode State Machine Thread - 0] INFO  server.XceiverServerGrpc (XceiverServerGrpc.java:start(163)) - XceiverServerGrpc 08a98e8c-3230-413f-a62d-04417fccf4c4 is started using port 45637
2019-08-30 22:38:17,707 [main] INFO  ozone.MiniOzoneClusterImpl (MiniOzoneClusterImpl.java:lambda$waitForClusterToBeReady$0(140)) - Waiting for cluster to be ready. Got 0 of 7 DN Heartbeats.
2019-08-30 22:38:18,276 [IPC Server handler 3 on 44911] INFO  net.NetworkTopology (NetworkTopologyImpl.java:add(110)) - Added a new node: /default-rack/b59e1437-a1c8-4617-9449-130f0635d94e
2019-08-30 22:38:18,277 [IPC Server handler 3 on 44911] INFO  node.SCMNodeManager (SCMNodeManager.java:register(266)) - Registered Data node : b59e1437-a1c8-4617-9449-130f0635d94e{ip: 192.168.36.88, host: pr-hdds-1909-plfbr-3209385976, networkLocation: /default-rack, certSerialId: null}
2019-08-30 22:38:18,278 [EventQueue-NodeRegistrationContainerReportForDataNodeSafeModeRule] INFO  safemode.SCMSafeModeManager (DataNodeSafeModeRule.java:process(71)) - SCM in safe mode. 1 DataNodes registered, 1 required.
2019-08-30 22:38:18,279 [EventQueue-NodeRegistrationContainerReportForDataNodeSafeModeRule] INFO  safemode.SCMSafeModeManager (SCMSafeModeManager.java:validateSafeModeExitRules(177)) - ScmSafeModeManager, all rules are successfully validated
2019-08-30 22:38:18,279 [EventQueue-NodeRegistrationContainerReportForDataNodeSafeModeRule] INFO  safemode.SCMSafeModeManager (SCMSafeModeManager.java:exitSafeMode(193)) - SCM exiting safe mode.
2019-08-30 22:38:18,285 [grpc-default-executor-16] INFO  impl.RaftServerProxy (RaftServerProxy.java:addNew(89)) - b59e1437-a1c8-4617-9449-130f0635d94e: addNew group-7F5DAB3F6D30:[b59e1437-a1c8-4617-9449-130f0635d94e:192.168.36.88:39621] returns group-7F5DAB3F6D30:java.util.concurrent.CompletableFuture@ee5fa13[Not completed]
2019-08-30 22:38:18,287 [pool-409-thread-1] INFO  impl.RaftServerImpl (RaftServerImpl.java:<init>(93)) - b59e1437-a1c8-4617-9449-130f0635d94e: new RaftServerImpl for group-7F5DAB3F6D30:[b59e1437-a1c8-4617-9449-130f0635d94e:192.168.36.88:39621] with ContainerStateMachine:uninitialized
2019-08-30 22:38:18,287 [pool-409-thread-1] INFO  server.RaftServerConfigKeys (ConfUtils.java:logGet(43)) - raft.server.rpc.timeout.min = 5s (custom)
2019-08-30 22:38:18,287 [pool-409-thread-1] INFO  server.RaftServerConfigKeys (ConfUtils.java:logGet(43)) - raft.server.rpc.timeout.max = 5200ms (custom)
2019-08-30 22:38:18,287 [pool-409-thread-1] INFO  server.RaftServerConfigKeys (ConfUtils.java:logGet(43)) - raft.server.rpcslowness.timeout = 120s (custom)
2019-08-30 22:38:18,287 [pool-409-thread-1] INFO  server.RaftServerConfigKeys (ConfUtils.java:logGet(43)) - raft.server.sleep.deviation.threshold = 300 (default)
2019-08-30 22:38:18,288 [pool-409-thread-1] INFO  server.RaftServerConfigKeys (ConfUtils.java:logGet(43)) - raft.server.log.appender.install.snapshot.enabled = false (custom)
2019-08-30 22:38:18,288 [pool-409-thread-1] INFO  impl.RaftServerImpl (ServerState.java:<init>(105)) - b59e1437-a1c8-4617-9449-130f0635d94e:group-7F5DAB3F6D30 ConfigurationManager, init=-1: [b59e1437-a1c8-4617-9449-130f0635d94e:192.168.36.88:39621], old=null, confs=<EMPTY_MAP>
2019-08-30 22:38:18,288 [pool-409-thread-1] INFO  server.RaftServerConfigKeys (ConfUtils.java:logGet(43)) - raft.server.storage.dir = [/workdir/hadoop-ozone/integration-test/target/test-dir/MiniOzoneClusterImpl-8fb4be1f-1f01-4e1a-8b80-1b2fb75ab186/datanode-0/data/ratis] (custom)
2019-08-30 22:38:18,288 [pool-409-thread-1] INFO  storage.RaftStorageDirectory (RaftStorageDirectory.java:analyzeStorage(246)) - The storage directory /workdir/hadoop-ozone/integration-test/target/test-dir/MiniOzoneClusterImpl-8fb4be1f-1f01-4e1a-8b80-1b2fb75ab186/datanode-0/data/ratis/9a697995-1cc6-4981-aea0-7f5dab3f6d30 does not exist. Creating ...
2019-08-30 22:38:18,302 [pool-409-thread-1] INFO  storage.RaftStorageDirectory (RaftStorageDirectory.java:tryLock(328)) - Lock on /workdir/hadoop-ozone/integration-test/target/test-dir/MiniOzoneClusterImpl-8fb4be1f-1f01-4e1a-8b80-1b2fb75ab186/datanode-0/data/ratis/9a697995-1cc6-4981-aea0-7f5dab3f6d30/in_use.lock acquired by nodename 20791@pr-hdds-1909-plfbr-3209385976
2019-08-30 22:38:18,324 [pool-409-thread-1] INFO  storage.RaftStorage (RaftStorage.java:format(72)) - Storage directory /workdir/hadoop-ozone/integration-test/target/test-dir/MiniOzoneClusterImpl-8fb4be1f-1f01-4e1a-8b80-1b2fb75ab186/datanode-0/data/ratis/9a697995-1cc6-4981-aea0-7f5dab3f6d30 has been successfully formatted.
2019-08-30 22:38:18,324 [pool-409-thread-1] INFO  ratis.ContainerStateMachine (ContainerStateMachine.java:loadSnapshot(227)) - group-7F5DAB3F6D30: The snapshot info is null. Setting the last applied indexto:(t:0, i:~)
2019-08-30 22:38:18,324 [pool-409-thread-1] INFO  server.RaftServerConfigKeys (ConfUtils.java:logGet(43)) - raft.server.leader.election.timeout = 120s (custom)
2019-08-30 22:38:18,325 [pool-409-thread-1] INFO  server.RaftServerConfigKeys (ConfUtils.java:logGet(43)) - raft.server.log.use.memory = false (default)
2019-08-30 22:38:18,325 [pool-409-thread-1] INFO  server.RaftServerConfigKeys (ConfUtils.java:logGet(43)) - raft.server.log.purge.gap = 1000000 (custom)
2019-08-30 22:38:18,325 [pool-409-thread-1] INFO  server.RaftServerConfigKeys (ConfUtils.java:logGet(43)) - raft.server.log.appender.buffer.byte-limit = 33554432 (custom)
2019-08-30 22:38:18,325 [pool-409-thread-1] INFO  server.RaftServerConfigKeys (ConfUtils.java:logGet(43)) - raft.server.log.segment.size.max = 1048576 (custom)
2019-08-30 22:38:18,325 [pool-409-thread-1] INFO  server.RaftServerConfigKeys (ConfUtils.java:logGet(43)) - raft.server.log.segment.cache.num.max = 2 (custom)
2019-08-30 22:38:18,326 [pool-409-thread-1] INFO  segmented.SegmentedRaftLogWorker (SegmentedRaftLogWorker.java:<init>(172)) - new b59e1437-a1c8-4617-9449-130f0635d94e-SegmentedRaftLogWorker:Storage Directory /workdir/hadoop-ozone/integration-test/target/test-dir/MiniOzoneClusterImpl-8fb4be1f-1f01-4e1a-8b80-1b2fb75ab186/datanode-0/data/ratis/9a697995-1cc6-4981-aea0-7f5dab3f6d30 for RaftStorage:Storage Directory /workdir/hadoop-ozone/integration-test/target/test-dir/MiniOzoneClusterImpl-8fb4be1f-1f01-4e1a-8b80-1b2fb75ab186/datanode-0/data/ratis/9a697995-1cc6-4981-aea0-7f5dab3f6d30
2019-08-30 22:38:18,326 [pool-409-thread-1] INFO  server.RaftServerConfigKeys (ConfUtils.java:logGet(43)) - raft.server.log.queue.byte-limit = 2147483647 (custom)
2019-08-30 22:38:18,326 [pool-409-thread-1] INFO  server.RaftServerConfigKeys (ConfUtils.java:logGet(43)) - raft.server.log.queue.element-limit = 1024 (custom)
2019-08-30 22:38:18,326 [pool-409-thread-1] INFO  server.RaftServerConfigKeys (ConfUtils.java:logGet(43)) - raft.server.log.segment.size.max = 1048576 (custom)
2019-08-30 22:38:18,327 [pool-409-thread-1] INFO  server.RaftServerConfigKeys (ConfUtils.java:logGet(43)) - raft.server.log.preallocated.size = 16384 (custom)
2019-08-30 22:38:18,327 [pool-409-thread-1] INFO  server.RaftServerConfigKeys (ConfUtils.java:logGet(43)) - raft.server.log.write.buffer.size = 33554432 (custom)
2019-08-30 22:38:18,327 [pool-409-thread-1] INFO  server.RaftServerConfigKeys (ConfUtils.java:logGet(43)) - raft.server.log.force.sync.num = 128 (default)
2019-08-30 22:38:18,327 [pool-409-thread-1] INFO  server.RaftServerConfigKeys (ConfUtils.java:logGet(43)) - raft.server.log.statemachine.data.sync = true (default)
2019-08-30 22:38:18,327 [pool-409-thread-1] INFO  server.RaftServerConfigKeys (ConfUtils.java:logGet(43)) - raft.server.log.statemachine.data.sync.timeout = 10s (default)
2019-08-30 22:38:18,327 [pool-409-thread-1] INFO  server.RaftServerConfigKeys (ConfUtils.java:logGet(43)) - raft.server.log.statemachine.data.sync.timeout.retry = -1 (default)
2019-08-30 22:38:18,328 [pool-409-thread-1] INFO  server.RaftServerConfigKeys (ConfUtils.java:logGet(43)) - raft.server.log.statemachine.data.caching.enabled = true (custom)
2019-08-30 22:38:18,328 [pool-409-thread-1] INFO  segmented.SegmentedRaftLogWorker (SegmentedRaftLogWorker.java:lambda$new$0(132)) - b59e1437-a1c8-4617-9449-130f0635d94e-SegmentedRaftLogWorker:Storage Directory /workdir/hadoop-ozone/integration-test/target/test-dir/MiniOzoneClusterImpl-8fb4be1f-1f01-4e1a-8b80-1b2fb75ab186/datanode-0/data/ratis/9a697995-1cc6-4981-aea0-7f5dab3f6d30: flushIndex: setUnconditionally 0 -> -1
2019-08-30 22:38:18,329 [pool-409-thread-1] INFO  server.RaftServerConfigKeys (ConfUtils.java:logGet(43)) - raft.server.snapshot.auto.trigger.enabled = true (custom)
2019-08-30 22:38:18,329 [pool-409-thread-1] INFO  server.RaftServerConfigKeys (ConfUtils.java:logGet(43)) - raft.server.snapshot.auto.trigger.threshold = 10000 (custom)
2019-08-30 22:38:18,329 [pool-409-thread-1] INFO  server.RaftServerConfigKeys (ConfUtils.java:logGet(43)) - raft.server.retrycache.expirytime = 600000ms (custom)
2019-08-30 22:38:18,329 [pool-409-thread-1] INFO  impl.RaftServerImpl (RaftServerImpl.java:start(180)) - b59e1437-a1c8-4617-9449-130f0635d94e: start group-7F5DAB3F6D30
2019-08-30 22:38:18,330 [pool-409-thread-1] INFO  impl.RaftServerImpl (RaftServerImpl.java:setRole(171)) - b59e1437-a1c8-4617-9449-130f0635d94e:group-7F5DAB3F6D30 changes role from null to FOLLOWER at term 0 for startAsFollower
2019-08-30 22:38:18,330 [pool-409-thread-1] INFO  impl.RoleInfo (RoleInfo.java:updateAndGet(143)) - b59e1437-a1c8-4617-9449-130f0635d94e: start FollowerState
2019-08-30 22:38:18,330 [pool-409-thread-1] INFO  util.JmxRegister (JmxRegister.java:tryRegister(44)) - Successfully registered JMX Bean with object name Ratis:service=RaftServer,group=group-7F5DAB3F6D30,id=b59e1437-a1c8-4617-9449-130f0635d94e
2019-08-30 22:38:18,333 [RatisPipelineUtilsThread] INFO  pipeline.PipelineStateManager (PipelineStateManager.java:addPipeline(56)) - Created pipeline Pipeline[ Id: 9a697995-1cc6-4981-aea0-7f5dab3f6d30, Nodes: b59e1437-a1c8-4617-9449-130f0635d94e{ip: 192.168.36.88, host: pr-hdds-1909-plfbr-3209385976, networkLocation: /default-rack, certSerialId: null}, Type:RATIS, Factor:ONE, State:OPEN]
2019-08-30 22:38:18,350 [IPC Server handler 5 on 44911] INFO  net.NetworkTopology (NetworkTopologyImpl.java:add(110)) - Added a new node: /default-rack/2dcb9ef1-393c-4beb-b158-3ac2a1e6a1a8
2019-08-30 22:38:18,350 [IPC Server handler 5 on 44911] INFO  node.SCMNodeManager (SCMNodeManager.java:register(266)) - Registered Data node : 2dcb9ef1-393c-4beb-b158-3ac2a1e6a1a8{ip: 192.168.36.88, host: pr-hdds-1909-plfbr-3209385976, networkLocation: /default-rack, certSerialId: null}
2019-08-30 22:38:18,356 [grpc-default-executor-16] INFO  impl.RaftServerProxy (RaftServerProxy.java:addNew(89)) - 2dcb9ef1-393c-4beb-b158-3ac2a1e6a1a8: addNew group-98AD8AB274E1:[2dcb9ef1-393c-4beb-b158-3ac2a1e6a1a8:192.168.36.88:36570] returns group-98AD8AB274E1:java.util.concurrent.CompletableFuture@531086d1[Not completed]
2019-08-30 22:38:18,357 [pool-419-thread-1] INFO  impl.RaftServerImpl (RaftServerImpl.java:<init>(93)) - 2dcb9ef1-393c-4beb-b158-3ac2a1e6a1a8: new RaftServerImpl for group-98AD8AB274E1:[2dcb9ef1-393c-4beb-b158-3ac2a1e6a1a8:192.168.36.88:36570] with ContainerStateMachine:uninitialized
2019-08-30 22:38:18,357 [pool-419-thread-1] INFO  server.RaftServerConfigKeys (ConfUtils.java:logGet(43)) - raft.server.rpc.timeout.min = 5s (custom)
2019-08-30 22:38:18,357 [pool-419-thread-1] INFO  server.RaftServerConfigKeys (ConfUtils.java:logGet(43)) - raft.server.rpc.timeout.max = 5200ms (custom)
2019-08-30 22:38:18,357 [pool-419-thread-1] INFO  server.RaftServerConfigKeys (ConfUtils.java:logGet(43)) - raft.server.rpcslowness.timeout = 120s (custom)
2019-08-30 22:38:18,357 [pool-419-thread-1] INFO  server.RaftServerConfigKeys (ConfUtils.java:logGet(43)) - raft.server.sleep.deviation.threshold = 300 (default)
2019-08-30 22:38:18,357 [pool-419-thread-1] INFO  server.RaftServerConfigKeys (ConfUtils.java:logGet(43)) - raft.server.log.appender.install.snapshot.enabled = false (custom)
2019-08-30 22:38:18,357 [pool-419-thread-1] INFO  impl.RaftServerImpl (ServerState.java:<init>(105)) - 2dcb9ef1-393c-4beb-b158-3ac2a1e6a1a8:group-98AD8AB274E1 ConfigurationManager, init=-1: [2dcb9ef1-393c-4beb-b158-3ac2a1e6a1a8:192.168.36.88:36570], old=null, confs=<EMPTY_MAP>
2019-08-30 22:38:18,358 [pool-419-thread-1] INFO  server.RaftServerConfigKeys (ConfUtils.java:logGet(43)) - raft.server.storage.dir = [/workdir/hadoop-ozone/integration-test/target/test-dir/MiniOzoneClusterImpl-8fb4be1f-1f01-4e1a-8b80-1b2fb75ab186/datanode-1/data/ratis] (custom)
2019-08-30 22:38:18,358 [pool-419-thread-1] INFO  storage.RaftStorageDirectory (RaftStorageDirectory.java:analyzeStorage(246)) - The storage directory /workdir/hadoop-ozone/integration-test/target/test-dir/MiniOzoneClusterImpl-8fb4be1f-1f01-4e1a-8b80-1b2fb75ab186/datanode-1/data/ratis/fd3008f1-8f79-46c6-b5d9-98ad8ab274e1 does not exist. Creating ...
2019-08-30 22:38:18,372 [pool-419-thread-1] INFO  storage.RaftStorageDirectory (RaftStorageDirectory.java:tryLock(328)) - Lock on /workdir/hadoop-ozone/integration-test/target/test-dir/MiniOzoneClusterImpl-8fb4be1f-1f01-4e1a-8b80-1b2fb75ab186/datanode-1/data/ratis/fd3008f1-8f79-46c6-b5d9-98ad8ab274e1/in_use.lock acquired by nodename 20791@pr-hdds-1909-plfbr-3209385976
2019-08-30 22:38:18,386 [pool-419-thread-1] INFO  storage.RaftStorage (RaftStorage.java:format(72)) - Storage directory /workdir/hadoop-ozone/integration-test/target/test-dir/MiniOzoneClusterImpl-8fb4be1f-1f01-4e1a-8b80-1b2fb75ab186/datanode-1/data/ratis/fd3008f1-8f79-46c6-b5d9-98ad8ab274e1 has been successfully formatted.
2019-08-30 22:38:18,386 [pool-419-thread-1] INFO  ratis.ContainerStateMachine (ContainerStateMachine.java:loadSnapshot(227)) - group-98AD8AB274E1: The snapshot info is null. Setting the last applied indexto:(t:0, i:~)
2019-08-30 22:38:18,386 [pool-419-thread-1] INFO  server.RaftServerConfigKeys (ConfUtils.java:logGet(43)) - raft.server.leader.election.timeout = 120s (custom)
2019-08-30 22:38:18,386 [pool-419-thread-1] INFO  server.RaftServerConfigKeys (ConfUtils.java:logGet(43)) - raft.server.log.use.memory = false (default)
2019-08-30 22:38:18,386 [pool-419-thread-1] INFO  server.RaftServerConfigKeys (ConfUtils.java:logGet(43)) - raft.server.log.purge.gap = 1000000 (custom)
2019-08-30 22:38:18,387 [pool-419-thread-1] INFO  server.RaftServerConfigKeys (ConfUtils.java:logGet(43)) - raft.server.log.appender.buffer.byte-limit = 33554432 (custom)
2019-08-30 22:38:18,387 [pool-419-thread-1] INFO  server.RaftServerConfigKeys (ConfUtils.java:logGet(43)) - raft.server.log.segment.size.max = 1048576 (custom)
2019-08-30 22:38:18,387 [pool-419-thread-1] INFO  server.RaftServerConfigKeys (ConfUtils.java:logGet(43)) - raft.server.log.segment.cache.num.max = 2 (custom)
2019-08-30 22:38:18,387 [pool-419-thread-1] INFO  segmented.SegmentedRaftLogWorker (SegmentedRaftLogWorker.java:<init>(172)) - new 2dcb9ef1-393c-4beb-b158-3ac2a1e6a1a8-SegmentedRaftLogWorker:Storage Directory /workdir/hadoop-ozone/integration-test/target/test-dir/MiniOzoneClusterImpl-8fb4be1f-1f01-4e1a-8b80-1b2fb75ab186/datanode-1/data/ratis/fd3008f1-8f79-46c6-b5d9-98ad8ab274e1 for RaftStorage:Storage Directory /workdir/hadoop-ozone/integration-test/target/test-dir/MiniOzoneClusterImpl-8fb4be1f-1f01-4e1a-8b80-1b2fb75ab186/datanode-1/data/ratis/fd3008f1-8f79-46c6-b5d9-98ad8ab274e1
2019-08-30 22:38:18,387 [pool-419-thread-1] INFO  server.RaftServerConfigKeys (ConfUtils.java:logGet(43)) - raft.server.log.queue.byte-limit = 2147483647 (custom)
2019-08-30 22:38:18,387 [pool-419-thread-1] INFO  server.RaftServerConfigKeys (ConfUtils.java:logGet(43)) - raft.server.log.queue.element-limit = 1024 (custom)
2019-08-30 22:38:18,387 [pool-419-thread-1] INFO  server.RaftServerConfigKeys (ConfUtils.java:logGet(43)) - raft.server.log.segment.size.max = 1048576 (custom)
2019-08-30 22:38:18,387 [pool-419-thread-1] INFO  server.RaftServerConfigKeys (ConfUtils.java:logGet(43)) - raft.server.log.preallocated.size = 16384 (custom)
2019-08-30 22:38:18,387 [pool-419-thread-1] INFO  server.RaftServerConfigKeys (ConfUtils.java:logGet(43)) - raft.server.log.write.buffer.size = 33554432 (custom)
2019-08-30 22:38:18,388 [pool-419-thread-1] INFO  server.RaftServerConfigKeys (ConfUtils.java:logGet(43)) - raft.server.log.force.sync.num = 128 (default)
2019-08-30 22:38:18,388 [pool-419-thread-1] INFO  server.RaftServerConfigKeys (ConfUtils.java:logGet(43)) - raft.server.log.statemachine.data.sync = true (default)
2019-08-30 22:38:18,388 [pool-419-thread-1] INFO  server.RaftServerConfigKeys (ConfUtils.java:logGet(43)) - raft.server.log.statemachine.data.sync.timeout = 10s (default)
2019-08-30 22:38:18,388 [pool-419-thread-1] INFO  server.RaftServerConfigKeys (ConfUtils.java:logGet(43)) - raft.server.log.statemachine.data.sync.timeout.retry = -1 (default)
2019-08-30 22:38:18,388 [pool-419-thread-1] INFO  server.RaftServerConfigKeys (ConfUtils.java:logGet(43)) - raft.server.log.statemachine.data.caching.enabled = true (custom)
2019-08-30 22:38:18,388 [pool-419-thread-1] INFO  segmented.SegmentedRaftLogWorker (SegmentedRaftLogWorker.java:lambda$new$0(132)) - 2dcb9ef1-393c-4beb-b158-3ac2a1e6a1a8-SegmentedRaftLogWorker:Storage Directory /workdir/hadoop-ozone/integration-test/target/test-dir/MiniOzoneClusterImpl-8fb4be1f-1f01-4e1a-8b80-1b2fb75ab186/datanode-1/data/ratis/fd3008f1-8f79-46c6-b5d9-98ad8ab274e1: flushIndex: setUnconditionally 0 -> -1
2019-08-30 22:38:18,389 [pool-419-thread-1] INFO  server.RaftServerConfigKeys (ConfUtils.java:logGet(43)) - raft.server.snapshot.auto.trigger.enabled = true (custom)
2019-08-30 22:38:18,389 [pool-419-thread-1] INFO  server.RaftServerConfigKeys (ConfUtils.java:logGet(43)) - raft.server.snapshot.auto.trigger.threshold = 10000 (custom)
2019-08-30 22:38:18,389 [pool-419-thread-1] INFO  server.RaftServerConfigKeys (ConfUtils.java:logGet(43)) - raft.server.retrycache.expirytime = 600000ms (custom)
2019-08-30 22:38:18,389 [pool-419-thread-1] INFO  impl.RaftServerImpl (RaftServerImpl.java:start(180)) - 2dcb9ef1-393c-4beb-b158-3ac2a1e6a1a8: start group-98AD8AB274E1
2019-08-30 22:38:18,389 [pool-419-thread-1] INFO  impl.RaftServerImpl (RaftServerImpl.java:setRole(171)) - 2dcb9ef1-393c-4beb-b158-3ac2a1e6a1a8:group-98AD8AB274E1 changes role from null to FOLLOWER at term 0 for startAsFollower
2019-08-30 22:38:18,389 [pool-419-thread-1] INFO  impl.RoleInfo (RoleInfo.java:updateAndGet(143)) - 2dcb9ef1-393c-4beb-b158-3ac2a1e6a1a8: start FollowerState
2019-08-30 22:38:18,389 [pool-419-thread-1] INFO  util.JmxRegister (JmxRegister.java:tryRegister(44)) - Successfully registered JMX Bean with object name Ratis:service=RaftServer,group=group-98AD8AB274E1,id=2dcb9ef1-393c-4beb-b158-3ac2a1e6a1a8
2019-08-30 22:38:18,391 [RatisPipelineUtilsThread] INFO  pipeline.PipelineStateManager (PipelineStateManager.java:addPipeline(56)) - Created pipeline Pipeline[ Id: fd3008f1-8f79-46c6-b5d9-98ad8ab274e1, Nodes: 2dcb9ef1-393c-4beb-b158-3ac2a1e6a1a8{ip: 192.168.36.88, host: pr-hdds-1909-plfbr-3209385976, networkLocation: /default-rack, certSerialId: null}, Type:RATIS, Factor:ONE, State:OPEN]
2019-08-30 22:38:18,415 [IPC Server handler 10 on 44911] INFO  net.NetworkTopology (NetworkTopologyImpl.java:add(110)) - Added a new node: /default-rack/afdb06fd-1848-49aa-a5df-8cd319373775
2019-08-30 22:38:18,415 [IPC Server handler 10 on 44911] INFO  node.SCMNodeManager (SCMNodeManager.java:register(266)) - Registered Data node : afdb06fd-1848-49aa-a5df-8cd319373775{ip: 192.168.36.88, host: pr-hdds-1909-plfbr-3209385976, networkLocation: /default-rack, certSerialId: null}
2019-08-30 22:38:18,421 [grpc-default-executor-16] INFO  impl.RaftServerProxy (RaftServerProxy.java:addNew(89)) - afdb06fd-1848-49aa-a5df-8cd319373775: addNew group-9C3DC2960C92:[afdb06fd-1848-49aa-a5df-8cd319373775:192.168.36.88:42838] returns group-9C3DC2960C92:java.util.concurrent.CompletableFuture@469b707e[Not completed]
2019-08-30 22:38:18,422 [pool-429-thread-1] INFO  impl.RaftServerImpl (RaftServerImpl.java:<init>(93)) - afdb06fd-1848-49aa-a5df-8cd319373775: new RaftServerImpl for group-9C3DC2960C92:[afdb06fd-1848-49aa-a5df-8cd319373775:192.168.36.88:42838] with ContainerStateMachine:uninitialized
2019-08-30 22:38:18,422 [pool-429-thread-1] INFO  server.RaftServerConfigKeys (ConfUtils.java:logGet(43)) - raft.server.rpc.timeout.min = 5s (custom)
2019-08-30 22:38:18,422 [pool-429-thread-1] INFO  server.RaftServerConfigKeys (ConfUtils.java:logGet(43)) - raft.server.rpc.timeout.max = 5200ms (custom)
2019-08-30 22:38:18,422 [pool-429-thread-1] INFO  server.RaftServerConfigKeys (ConfUtils.java:logGet(43)) - raft.server.rpcslowness.timeout = 120s (custom)
2019-08-30 22:38:18,422 [pool-429-thread-1] INFO  server.RaftServerConfigKeys (ConfUtils.java:logGet(43)) - raft.server.sleep.deviation.threshold = 300 (default)
2019-08-30 22:38:18,422 [pool-429-thread-1] INFO  server.RaftServerConfigKeys (ConfUtils.java:logGet(43)) - raft.server.log.appender.install.snapshot.enabled = false (custom)
2019-08-30 22:38:18,422 [pool-429-thread-1] INFO  impl.RaftServerImpl (ServerState.java:<init>(105)) - afdb06fd-1848-49aa-a5df-8cd319373775:group-9C3DC2960C92 ConfigurationManager, init=-1: [afdb06fd-1848-49aa-a5df-8cd319373775:192.168.36.88:42838], old=null, confs=<EMPTY_MAP>
2019-08-30 22:38:18,422 [pool-429-thread-1] INFO  server.RaftServerConfigKeys (ConfUtils.java:logGet(43)) - raft.server.storage.dir = [/workdir/hadoop-ozone/integration-test/target/test-dir/MiniOzoneClusterImpl-8fb4be1f-1f01-4e1a-8b80-1b2fb75ab186/datanode-2/data/ratis] (custom)
2019-08-30 22:38:18,423 [pool-429-thread-1] INFO  storage.RaftStorageDirectory (RaftStorageDirectory.java:analyzeStorage(246)) - The storage directory /workdir/hadoop-ozone/integration-test/target/test-dir/MiniOzoneClusterImpl-8fb4be1f-1f01-4e1a-8b80-1b2fb75ab186/datanode-2/data/ratis/858d0553-cf04-406f-8bbe-9c3dc2960c92 does not exist. Creating ...
2019-08-30 22:38:18,442 [pool-429-thread-1] INFO  storage.RaftStorageDirectory (RaftStorageDirectory.java:tryLock(328)) - Lock on /workdir/hadoop-ozone/integration-test/target/test-dir/MiniOzoneClusterImpl-8fb4be1f-1f01-4e1a-8b80-1b2fb75ab186/datanode-2/data/ratis/858d0553-cf04-406f-8bbe-9c3dc2960c92/in_use.lock acquired by nodename 20791@pr-hdds-1909-plfbr-3209385976
2019-08-30 22:38:18,460 [pool-429-thread-1] INFO  storage.RaftStorage (RaftStorage.java:format(72)) - Storage directory /workdir/hadoop-ozone/integration-test/target/test-dir/MiniOzoneClusterImpl-8fb4be1f-1f01-4e1a-8b80-1b2fb75ab186/datanode-2/data/ratis/858d0553-cf04-406f-8bbe-9c3dc2960c92 has been successfully formatted.
2019-08-30 22:38:18,460 [pool-429-thread-1] INFO  ratis.ContainerStateMachine (ContainerStateMachine.java:loadSnapshot(227)) - group-9C3DC2960C92: The snapshot info is null. Setting the last applied indexto:(t:0, i:~)
2019-08-30 22:38:18,460 [pool-429-thread-1] INFO  server.RaftServerConfigKeys (ConfUtils.java:logGet(43)) - raft.server.leader.election.timeout = 120s (custom)
2019-08-30 22:38:18,460 [pool-429-thread-1] INFO  server.RaftServerConfigKeys (ConfUtils.java:logGet(43)) - raft.server.log.use.memory = false (default)
2019-08-30 22:38:18,460 [pool-429-thread-1] INFO  server.RaftServerConfigKeys (ConfUtils.java:logGet(43)) - raft.server.log.purge.gap = 1000000 (custom)
2019-08-30 22:38:18,460 [pool-429-thread-1] INFO  server.RaftServerConfigKeys (ConfUtils.java:logGet(43)) - raft.server.log.appender.buffer.byte-limit = 33554432 (custom)
2019-08-30 22:38:18,461 [pool-429-thread-1] INFO  server.RaftServerConfigKeys (ConfUtils.java:logGet(43)) - raft.server.log.segment.size.max = 1048576 (custom)
2019-08-30 22:38:18,461 [pool-429-thread-1] INFO  server.RaftServerConfigKeys (ConfUtils.java:logGet(43)) - raft.server.log.segment.cache.num.max = 2 (custom)
2019-08-30 22:38:18,461 [pool-429-thread-1] INFO  segmented.SegmentedRaftLogWorker (SegmentedRaftLogWorker.java:<init>(172)) - new afdb06fd-1848-49aa-a5df-8cd319373775-SegmentedRaftLogWorker:Storage Directory /workdir/hadoop-ozone/integration-test/target/test-dir/MiniOzoneClusterImpl-8fb4be1f-1f01-4e1a-8b80-1b2fb75ab186/datanode-2/data/ratis/858d0553-cf04-406f-8bbe-9c3dc2960c92 for RaftStorage:Storage Directory /workdir/hadoop-ozone/integration-test/target/test-dir/MiniOzoneClusterImpl-8fb4be1f-1f01-4e1a-8b80-1b2fb75ab186/datanode-2/data/ratis/858d0553-cf04-406f-8bbe-9c3dc2960c92
2019-08-30 22:38:18,461 [pool-429-thread-1] INFO  server.RaftServerConfigKeys (ConfUtils.java:logGet(43)) - raft.server.log.queue.byte-limit = 2147483647 (custom)
2019-08-30 22:38:18,461 [pool-429-thread-1] INFO  server.RaftServerConfigKeys (ConfUtils.java:logGet(43)) - raft.server.log.queue.element-limit = 1024 (custom)
2019-08-30 22:38:18,461 [pool-429-thread-1] INFO  server.RaftServerConfigKeys (ConfUtils.java:logGet(43)) - raft.server.log.segment.size.max = 1048576 (custom)
2019-08-30 22:38:18,461 [pool-429-thread-1] INFO  server.RaftServerConfigKeys (ConfUtils.java:logGet(43)) - raft.server.log.preallocated.size = 16384 (custom)
2019-08-30 22:38:18,461 [pool-429-thread-1] INFO  server.RaftServerConfigKeys (ConfUtils.java:logGet(43)) - raft.server.log.write.buffer.size = 33554432 (custom)
2019-08-30 22:38:18,461 [pool-429-thread-1] INFO  server.RaftServerConfigKeys (ConfUtils.java:logGet(43)) - raft.server.log.force.sync.num = 128 (default)
2019-08-30 22:38:18,462 [pool-429-thread-1] INFO  server.RaftServerConfigKeys (ConfUtils.java:logGet(43)) - raft.server.log.statemachine.data.sync = true (default)
2019-08-30 22:38:18,462 [pool-429-thread-1] INFO  server.RaftServerConfigKeys (ConfUtils.java:logGet(43)) - raft.server.log.statemachine.data.sync.timeout = 10s (default)
2019-08-30 22:38:18,462 [pool-429-thread-1] INFO  server.RaftServerConfigKeys (ConfUtils.java:logGet(43)) - raft.server.log.statemachine.data.sync.timeout.retry = -1 (default)
2019-08-30 22:38:18,462 [pool-429-thread-1] INFO  server.RaftServerConfigKeys (ConfUtils.java:logGet(43)) - raft.server.log.statemachine.data.caching.enabled = true (custom)
2019-08-30 22:38:18,462 [pool-429-thread-1] INFO  segmented.SegmentedRaftLogWorker (SegmentedRaftLogWorker.java:lambda$new$0(132)) - afdb06fd-1848-49aa-a5df-8cd319373775-SegmentedRaftLogWorker:Storage Directory /workdir/hadoop-ozone/integration-test/target/test-dir/MiniOzoneClusterImpl-8fb4be1f-1f01-4e1a-8b80-1b2fb75ab186/datanode-2/data/ratis/858d0553-cf04-406f-8bbe-9c3dc2960c92: flushIndex: setUnconditionally 0 -> -1
2019-08-30 22:38:18,462 [pool-429-thread-1] INFO  server.RaftServerConfigKeys (ConfUtils.java:logGet(43)) - raft.server.snapshot.auto.trigger.enabled = true (custom)
2019-08-30 22:38:18,463 [pool-429-thread-1] INFO  server.RaftServerConfigKeys (ConfUtils.java:logGet(43)) - raft.server.snapshot.auto.trigger.threshold = 10000 (custom)
2019-08-30 22:38:18,463 [pool-429-thread-1] INFO  server.RaftServerConfigKeys (ConfUtils.java:logGet(43)) - raft.server.retrycache.expirytime = 600000ms (custom)
2019-08-30 22:38:18,463 [pool-429-thread-1] INFO  impl.RaftServerImpl (RaftServerImpl.java:start(180)) - afdb06fd-1848-49aa-a5df-8cd319373775: start group-9C3DC2960C92
2019-08-30 22:38:18,463 [pool-429-thread-1] INFO  impl.RaftServerImpl (RaftServerImpl.java:setRole(171)) - afdb06fd-1848-49aa-a5df-8cd319373775:group-9C3DC2960C92 changes role from null to FOLLOWER at term 0 for startAsFollower
2019-08-30 22:38:18,463 [pool-429-thread-1] INFO  impl.RoleInfo (RoleInfo.java:updateAndGet(143)) - afdb06fd-1848-49aa-a5df-8cd319373775: start FollowerState
2019-08-30 22:38:18,463 [pool-429-thread-1] INFO  util.JmxRegister (JmxRegister.java:tryRegister(44)) - Successfully registered JMX Bean with object name Ratis:service=RaftServer,group=group-9C3DC2960C92,id=afdb06fd-1848-49aa-a5df-8cd319373775
2019-08-30 22:38:18,465 [RatisPipelineUtilsThread] INFO  pipeline.PipelineStateManager (PipelineStateManager.java:addPipeline(56)) - Created pipeline Pipeline[ Id: 858d0553-cf04-406f-8bbe-9c3dc2960c92, Nodes: afdb06fd-1848-49aa-a5df-8cd319373775{ip: 192.168.36.88, host: pr-hdds-1909-plfbr-3209385976, networkLocation: /default-rack, certSerialId: null}, Type:RATIS, Factor:ONE, State:OPEN]
2019-08-30 22:38:18,480 [grpc-default-executor-16] INFO  impl.RaftServerProxy (RaftServerProxy.java:addNew(89)) - 2dcb9ef1-393c-4beb-b158-3ac2a1e6a1a8: addNew group-FF1A6FF3A075:[b59e1437-a1c8-4617-9449-130f0635d94e:192.168.36.88:39621, 2dcb9ef1-393c-4beb-b158-3ac2a1e6a1a8:192.168.36.88:36570, afdb06fd-1848-49aa-a5df-8cd319373775:192.168.36.88:42838] returns group-FF1A6FF3A075:java.util.concurrent.CompletableFuture@45e45356[Not completed]
2019-08-30 22:38:18,480 [grpc-default-executor-2] INFO  impl.RaftServerProxy (RaftServerProxy.java:addNew(89)) - b59e1437-a1c8-4617-9449-130f0635d94e: addNew group-FF1A6FF3A075:[b59e1437-a1c8-4617-9449-130f0635d94e:192.168.36.88:39621, 2dcb9ef1-393c-4beb-b158-3ac2a1e6a1a8:192.168.36.88:36570, afdb06fd-1848-49aa-a5df-8cd319373775:192.168.36.88:42838] returns group-FF1A6FF3A075:java.util.concurrent.CompletableFuture@60b069a1[Not completed]
2019-08-30 22:38:18,480 [grpc-default-executor-13] INFO  impl.RaftServerProxy (RaftServerProxy.java:addNew(89)) - afdb06fd-1848-49aa-a5df-8cd319373775: addNew group-FF1A6FF3A075:[b59e1437-a1c8-4617-9449-130f0635d94e:192.168.36.88:39621, 2dcb9ef1-393c-4beb-b158-3ac2a1e6a1a8:192.168.36.88:36570, afdb06fd-1848-49aa-a5df-8cd319373775:192.168.36.88:42838] returns group-FF1A6FF3A075:java.util.concurrent.CompletableFuture@5716cd1f[Not completed]
2019-08-30 22:38:18,481 [pool-429-thread-1] INFO  impl.RaftServerImpl (RaftServerImpl.java:<init>(93)) - afdb06fd-1848-49aa-a5df-8cd319373775: new RaftServerImpl for group-FF1A6FF3A075:[b59e1437-a1c8-4617-9449-130f0635d94e:192.168.36.88:39621, 2dcb9ef1-393c-4beb-b158-3ac2a1e6a1a8:192.168.36.88:36570, afdb06fd-1848-49aa-a5df-8cd319373775:192.168.36.88:42838] with ContainerStateMachine:uninitialized
2019-08-30 22:38:18,481 [pool-429-thread-1] INFO  server.RaftServerConfigKeys (ConfUtils.java:logGet(43)) - raft.server.rpc.timeout.min = 5s (custom)
2019-08-30 22:38:18,481 [pool-429-thread-1] INFO  server.RaftServerConfigKeys (ConfUtils.java:logGet(43)) - raft.server.rpc.timeout.max = 5200ms (custom)
2019-08-30 22:38:18,481 [pool-429-thread-1] INFO  server.RaftServerConfigKeys (ConfUtils.java:logGet(43)) - raft.server.rpcslowness.timeout = 120s (custom)
2019-08-30 22:38:18,481 [pool-429-thread-1] INFO  server.RaftServerConfigKeys (ConfUtils.java:logGet(43)) - raft.server.sleep.deviation.threshold = 300 (default)
2019-08-30 22:38:18,481 [pool-429-thread-1] INFO  server.RaftServerConfigKeys (ConfUtils.java:logGet(43)) - raft.server.log.appender.install.snapshot.enabled = false (custom)
2019-08-30 22:38:18,482 [pool-429-thread-1] INFO  impl.RaftServerImpl (ServerState.java:<init>(105)) - afdb06fd-1848-49aa-a5df-8cd319373775:group-FF1A6FF3A075 ConfigurationManager, init=-1: [b59e1437-a1c8-4617-9449-130f0635d94e:192.168.36.88:39621, 2dcb9ef1-393c-4beb-b158-3ac2a1e6a1a8:192.168.36.88:36570, afdb06fd-1848-49aa-a5df-8cd319373775:192.168.36.88:42838], old=null, confs=<EMPTY_MAP>
2019-08-30 22:38:18,482 [pool-429-thread-1] INFO  server.RaftServerConfigKeys (ConfUtils.java:logGet(43)) - raft.server.storage.dir = [/workdir/hadoop-ozone/integration-test/target/test-dir/MiniOzoneClusterImpl-8fb4be1f-1f01-4e1a-8b80-1b2fb75ab186/datanode-2/data/ratis] (custom)
2019-08-30 22:38:18,482 [pool-409-thread-1] INFO  impl.RaftServerImpl (RaftServerImpl.java:<init>(93)) - b59e1437-a1c8-4617-9449-130f0635d94e: new RaftServerImpl for group-FF1A6FF3A075:[b59e1437-a1c8-4617-9449-130f0635d94e:192.168.36.88:39621, 2dcb9ef1-393c-4beb-b158-3ac2a1e6a1a8:192.168.36.88:36570, afdb06fd-1848-49aa-a5df-8cd319373775:192.168.36.88:42838] with ContainerStateMachine:uninitialized
2019-08-30 22:38:18,482 [pool-409-thread-1] INFO  server.RaftServerConfigKeys (ConfUtils.java:logGet(43)) - raft.server.rpc.timeout.min = 5s (custom)
2019-08-30 22:38:18,482 [pool-429-thread-1] INFO  storage.RaftStorageDirectory (RaftStorageDirectory.java:analyzeStorage(246)) - The storage directory /workdir/hadoop-ozone/integration-test/target/test-dir/MiniOzoneClusterImpl-8fb4be1f-1f01-4e1a-8b80-1b2fb75ab186/datanode-2/data/ratis/604ed232-7a43-4b01-a7da-ff1a6ff3a075 does not exist. Creating ...
2019-08-30 22:38:18,482 [pool-409-thread-1] INFO  server.RaftServerConfigKeys (ConfUtils.java:logGet(43)) - raft.server.rpc.timeout.max = 5200ms (custom)
2019-08-30 22:38:18,483 [pool-419-thread-1] INFO  impl.RaftServerImpl (RaftServerImpl.java:<init>(93)) - 2dcb9ef1-393c-4beb-b158-3ac2a1e6a1a8: new RaftServerImpl for group-FF1A6FF3A075:[b59e1437-a1c8-4617-9449-130f0635d94e:192.168.36.88:39621, 2dcb9ef1-393c-4beb-b158-3ac2a1e6a1a8:192.168.36.88:36570, afdb06fd-1848-49aa-a5df-8cd319373775:192.168.36.88:42838] with ContainerStateMachine:uninitialized
2019-08-30 22:38:18,483 [pool-409-thread-1] INFO  server.RaftServerConfigKeys (ConfUtils.java:logGet(43)) - raft.server.rpcslowness.timeout = 120s (custom)
2019-08-30 22:38:18,483 [pool-419-thread-1] INFO  server.RaftServerConfigKeys (ConfUtils.java:logGet(43)) - raft.server.rpc.timeout.min = 5s (custom)
2019-08-30 22:38:18,483 [pool-409-thread-1] INFO  server.RaftServerConfigKeys (ConfUtils.java:logGet(43)) - raft.server.sleep.deviation.threshold = 300 (default)
2019-08-30 22:38:18,483 [pool-419-thread-1] INFO  server.RaftServerConfigKeys (ConfUtils.java:logGet(43)) - raft.server.rpc.timeout.max = 5200ms (custom)
2019-08-30 22:38:18,483 [pool-409-thread-1] INFO  server.RaftServerConfigKeys (ConfUtils.java:logGet(43)) - raft.server.log.appender.install.snapshot.enabled = false (custom)
2019-08-30 22:38:18,483 [pool-419-thread-1] INFO  server.RaftServerConfigKeys (ConfUtils.java:logGet(43)) - raft.server.rpcslowness.timeout = 120s (custom)
2019-08-30 22:38:18,484 [pool-409-thread-1] INFO  impl.RaftServerImpl (ServerState.java:<init>(105)) - b59e1437-a1c8-4617-9449-130f0635d94e:group-FF1A6FF3A075 ConfigurationManager, init=-1: [b59e1437-a1c8-4617-9449-130f0635d94e:192.168.36.88:39621, 2dcb9ef1-393c-4beb-b158-3ac2a1e6a1a8:192.168.36.88:36570, afdb06fd-1848-49aa-a5df-8cd319373775:192.168.36.88:42838], old=null, confs=<EMPTY_MAP>
2019-08-30 22:38:18,484 [pool-419-thread-1] INFO  server.RaftServerConfigKeys (ConfUtils.java:logGet(43)) - raft.server.sleep.deviation.threshold = 300 (default)
2019-08-30 22:38:18,484 [pool-409-thread-1] INFO  server.RaftServerConfigKeys (ConfUtils.java:logGet(43)) - raft.server.storage.dir = [/workdir/hadoop-ozone/integration-test/target/test-dir/MiniOzoneClusterImpl-8fb4be1f-1f01-4e1a-8b80-1b2fb75ab186/datanode-0/data/ratis] (custom)
2019-08-30 22:38:18,484 [pool-419-thread-1] INFO  server.RaftServerConfigKeys (ConfUtils.java:logGet(43)) - raft.server.log.appender.install.snapshot.enabled = false (custom)
2019-08-30 22:38:18,484 [pool-419-thread-1] INFO  impl.RaftServerImpl (ServerState.java:<init>(105)) - 2dcb9ef1-393c-4beb-b158-3ac2a1e6a1a8:group-FF1A6FF3A075 ConfigurationManager, init=-1: [b59e1437-a1c8-4617-9449-130f0635d94e:192.168.36.88:39621, 2dcb9ef1-393c-4beb-b158-3ac2a1e6a1a8:192.168.36.88:36570, afdb06fd-1848-49aa-a5df-8cd319373775:192.168.36.88:42838], old=null, confs=<EMPTY_MAP>
2019-08-30 22:38:18,484 [pool-409-thread-1] INFO  storage.RaftStorageDirectory (RaftStorageDirectory.java:analyzeStorage(246)) - The storage directory /workdir/hadoop-ozone/integration-test/target/test-dir/MiniOzoneClusterImpl-8fb4be1f-1f01-4e1a-8b80-1b2fb75ab186/datanode-0/data/ratis/604ed232-7a43-4b01-a7da-ff1a6ff3a075 does not exist. Creating ...
2019-08-30 22:38:18,484 [pool-419-thread-1] INFO  server.RaftServerConfigKeys (ConfUtils.java:logGet(43)) - raft.server.storage.dir = [/workdir/hadoop-ozone/integration-test/target/test-dir/MiniOzoneClusterImpl-8fb4be1f-1f01-4e1a-8b80-1b2fb75ab186/datanode-1/data/ratis] (custom)
2019-08-30 22:38:18,485 [pool-419-thread-1] INFO  storage.RaftStorageDirectory (RaftStorageDirectory.java:analyzeStorage(246)) - The storage directory /workdir/hadoop-ozone/integration-test/target/test-dir/MiniOzoneClusterImpl-8fb4be1f-1f01-4e1a-8b80-1b2fb75ab186/datanode-1/data/ratis/604ed232-7a43-4b01-a7da-ff1a6ff3a075 does not exist. Creating ...
2019-08-30 22:38:18,487 [IPC Server handler 9 on 44911] INFO  net.NetworkTopology (NetworkTopologyImpl.java:add(110)) - Added a new node: /default-rack/7c6fe567-79fd-4e56-aa02-ded5ff9c30c0
2019-08-30 22:38:18,487 [IPC Server handler 9 on 44911] INFO  node.SCMNodeManager (SCMNodeManager.java:register(266)) - Registered Data node : 7c6fe567-79fd-4e56-aa02-ded5ff9c30c0{ip: 192.168.36.88, host: pr-hdds-1909-plfbr-3209385976, networkLocation: /default-rack, certSerialId: null}
2019-08-30 22:38:18,498 [pool-429-thread-1] INFO  storage.RaftStorageDirectory (RaftStorageDirectory.java:tryLock(328)) - Lock on /workdir/hadoop-ozone/integration-test/target/test-dir/MiniOzoneClusterImpl-8fb4be1f-1f01-4e1a-8b80-1b2fb75ab186/datanode-2/data/ratis/604ed232-7a43-4b01-a7da-ff1a6ff3a075/in_use.lock acquired by nodename 20791@pr-hdds-1909-plfbr-3209385976
2019-08-30 22:38:18,498 [pool-419-thread-1] INFO  storage.RaftStorageDirectory (RaftStorageDirectory.java:tryLock(328)) - Lock on /workdir/hadoop-ozone/integration-test/target/test-dir/MiniOzoneClusterImpl-8fb4be1f-1f01-4e1a-8b80-1b2fb75ab186/datanode-1/data/ratis/604ed232-7a43-4b01-a7da-ff1a6ff3a075/in_use.lock acquired by nodename 20791@pr-hdds-1909-plfbr-3209385976
2019-08-30 22:38:18,498 [pool-409-thread-1] INFO  storage.RaftStorageDirectory (RaftStorageDirectory.java:tryLock(328)) - Lock on /workdir/hadoop-ozone/integration-test/target/test-dir/MiniOzoneClusterImpl-8fb4be1f-1f01-4e1a-8b80-1b2fb75ab186/datanode-0/data/ratis/604ed232-7a43-4b01-a7da-ff1a6ff3a075/in_use.lock acquired by nodename 20791@pr-hdds-1909-plfbr-3209385976
2019-08-30 22:38:18,516 [pool-409-thread-1] INFO  storage.RaftStorage (RaftStorage.java:format(72)) - Storage directory /workdir/hadoop-ozone/integration-test/target/test-dir/MiniOzoneClusterImpl-8fb4be1f-1f01-4e1a-8b80-1b2fb75ab186/datanode-0/data/ratis/604ed232-7a43-4b01-a7da-ff1a6ff3a075 has been successfully formatted.
2019-08-30 22:38:18,516 [pool-419-thread-1] INFO  storage.RaftStorage (RaftStorage.java:format(72)) - Storage directory /workdir/hadoop-ozone/integration-test/target/test-dir/MiniOzoneClusterImpl-8fb4be1f-1f01-4e1a-8b80-1b2fb75ab186/datanode-1/data/ratis/604ed232-7a43-4b01-a7da-ff1a6ff3a075 has been successfully formatted.
2019-08-30 22:38:18,516 [pool-429-thread-1] INFO  storage.RaftStorage (RaftStorage.java:format(72)) - Storage directory /workdir/hadoop-ozone/integration-test/target/test-dir/MiniOzoneClusterImpl-8fb4be1f-1f01-4e1a-8b80-1b2fb75ab186/datanode-2/data/ratis/604ed232-7a43-4b01-a7da-ff1a6ff3a075 has been successfully formatted.
2019-08-30 22:38:18,516 [pool-409-thread-1] INFO  ratis.ContainerStateMachine (ContainerStateMachine.java:loadSnapshot(227)) - group-FF1A6FF3A075: The snapshot info is null. Setting the last applied indexto:(t:0, i:~)
2019-08-30 22:38:18,517 [pool-419-thread-1] INFO  ratis.ContainerStateMachine (ContainerStateMachine.java:loadSnapshot(227)) - group-FF1A6FF3A075: The snapshot info is null. Setting the last applied indexto:(t:0, i:~)
2019-08-30 22:38:18,517 [pool-429-thread-1] INFO  ratis.ContainerStateMachine (ContainerStateMachine.java:loadSnapshot(227)) - group-FF1A6FF3A075: The snapshot info is null. Setting the last applied indexto:(t:0, i:~)
2019-08-30 22:38:18,517 [pool-419-thread-1] INFO  server.RaftServerConfigKeys (ConfUtils.java:logGet(43)) - raft.server.leader.election.timeout = 120s (custom)
2019-08-30 22:38:18,517 [pool-409-thread-1] INFO  server.RaftServerConfigKeys (ConfUtils.java:logGet(43)) - raft.server.leader.election.timeout = 120s (custom)
2019-08-30 22:38:18,517 [pool-419-thread-1] INFO  server.RaftServerConfigKeys (ConfUtils.java:logGet(43)) - raft.server.log.use.memory = false (default)
2019-08-30 22:38:18,517 [pool-429-thread-1] INFO  server.RaftServerConfigKeys (ConfUtils.java:logGet(43)) - raft.server.leader.election.timeout = 120s (custom)
2019-08-30 22:38:18,517 [pool-419-thread-1] INFO  server.RaftServerConfigKeys (ConfUtils.java:logGet(43)) - raft.server.log.purge.gap = 1000000 (custom)
2019-08-30 22:38:18,517 [pool-409-thread-1] INFO  server.RaftServerConfigKeys (ConfUtils.java:logGet(43)) - raft.server.log.use.memory = false (default)
2019-08-30 22:38:18,517 [pool-419-thread-1] INFO  server.RaftServerConfigKeys (ConfUtils.java:logGet(43)) - raft.server.log.appender.buffer.byte-limit = 33554432 (custom)
2019-08-30 22:38:18,517 [pool-429-thread-1] INFO  server.RaftServerConfigKeys (ConfUtils.java:logGet(43)) - raft.server.log.use.memory = false (default)
2019-08-30 22:38:18,518 [pool-419-thread-1] INFO  server.RaftServerConfigKeys (ConfUtils.java:logGet(43)) - raft.server.log.segment.size.max = 1048576 (custom)
2019-08-30 22:38:18,518 [pool-419-thread-1] INFO  server.RaftServerConfigKeys (ConfUtils.java:logGet(43)) - raft.server.log.segment.cache.num.max = 2 (custom)
2019-08-30 22:38:18,518 [pool-419-thread-1] INFO  segmented.SegmentedRaftLogWorker (SegmentedRaftLogWorker.java:<init>(172)) - new 2dcb9ef1-393c-4beb-b158-3ac2a1e6a1a8-SegmentedRaftLogWorker:Storage Directory /workdir/hadoop-ozone/integration-test/target/test-dir/MiniOzoneClusterImpl-8fb4be1f-1f01-4e1a-8b80-1b2fb75ab186/datanode-1/data/ratis/604ed232-7a43-4b01-a7da-ff1a6ff3a075 for RaftStorage:Storage Directory /workdir/hadoop-ozone/integration-test/target/test-dir/MiniOzoneClusterImpl-8fb4be1f-1f01-4e1a-8b80-1b2fb75ab186/datanode-1/data/ratis/604ed232-7a43-4b01-a7da-ff1a6ff3a075
2019-08-30 22:38:18,518 [pool-409-thread-1] INFO  server.RaftServerConfigKeys (ConfUtils.java:logGet(43)) - raft.server.log.purge.gap = 1000000 (custom)
2019-08-30 22:38:18,518 [pool-419-thread-1] INFO  server.RaftServerConfigKeys (ConfUtils.java:logGet(43)) - raft.server.log.queue.byte-limit = 2147483647 (custom)
2019-08-30 22:38:18,518 [pool-429-thread-1] INFO  server.RaftServerConfigKeys (ConfUtils.java:logGet(43)) - raft.server.log.purge.gap = 1000000 (custom)
2019-08-30 22:38:18,518 [pool-419-thread-1] INFO  server.RaftServerConfigKeys (ConfUtils.java:logGet(43)) - raft.server.log.queue.element-limit = 1024 (custom)
2019-08-30 22:38:18,518 [pool-409-thread-1] INFO  server.RaftServerConfigKeys (ConfUtils.java:logGet(43)) - raft.server.log.appender.buffer.byte-limit = 33554432 (custom)
2019-08-30 22:38:18,519 [pool-419-thread-1] INFO  server.RaftServerConfigKeys (ConfUtils.java:logGet(43)) - raft.server.log.segment.size.max = 1048576 (custom)
2019-08-30 22:38:18,518 [pool-429-thread-1] INFO  server.RaftServerConfigKeys (ConfUtils.java:logGet(43)) - raft.server.log.appender.buffer.byte-limit = 33554432 (custom)
2019-08-30 22:38:18,519 [pool-419-thread-1] INFO  server.RaftServerConfigKeys (ConfUtils.java:logGet(43)) - raft.server.log.preallocated.size = 16384 (custom)
2019-08-30 22:38:18,519 [pool-409-thread-1] INFO  server.RaftServerConfigKeys (ConfUtils.java:logGet(43)) - raft.server.log.segment.size.max = 1048576 (custom)
2019-08-30 22:38:18,519 [pool-419-thread-1] INFO  server.RaftServerConfigKeys (ConfUtils.java:logGet(43)) - raft.server.log.write.buffer.size = 33554432 (custom)
2019-08-30 22:38:18,519 [pool-429-thread-1] INFO  server.RaftServerConfigKeys (ConfUtils.java:logGet(43)) - raft.server.log.segment.size.max = 1048576 (custom)
2019-08-30 22:38:18,519 [pool-419-thread-1] INFO  server.RaftServerConfigKeys (ConfUtils.java:logGet(43)) - raft.server.log.force.sync.num = 128 (default)
2019-08-30 22:38:18,519 [pool-409-thread-1] INFO  server.RaftServerConfigKeys (ConfUtils.java:logGet(43)) - raft.server.log.segment.cache.num.max = 2 (custom)
2019-08-30 22:38:18,519 [pool-419-thread-1] INFO  server.RaftServerConfigKeys (ConfUtils.java:logGet(43)) - raft.server.log.statemachine.data.sync = true (default)
2019-08-30 22:38:18,519 [pool-429-thread-1] INFO  server.RaftServerConfigKeys (ConfUtils.java:logGet(43)) - raft.server.log.segment.cache.num.max = 2 (custom)
2019-08-30 22:38:18,520 [pool-419-thread-1] INFO  server.RaftServerConfigKeys (ConfUtils.java:logGet(43)) - raft.server.log.statemachine.data.sync.timeout = 10s (default)
2019-08-30 22:38:18,520 [pool-419-thread-1] INFO  server.RaftServerConfigKeys (ConfUtils.java:logGet(43)) - raft.server.log.statemachine.data.sync.timeout.retry = -1 (default)
2019-08-30 22:38:18,520 [pool-409-thread-1] INFO  segmented.SegmentedRaftLogWorker (SegmentedRaftLogWorker.java:<init>(172)) - new b59e1437-a1c8-4617-9449-130f0635d94e-SegmentedRaftLogWorker:Storage Directory /workdir/hadoop-ozone/integration-test/target/test-dir/MiniOzoneClusterImpl-8fb4be1f-1f01-4e1a-8b80-1b2fb75ab186/datanode-0/data/ratis/604ed232-7a43-4b01-a7da-ff1a6ff3a075 for RaftStorage:Storage Directory /workdir/hadoop-ozone/integration-test/target/test-dir/MiniOzoneClusterImpl-8fb4be1f-1f01-4e1a-8b80-1b2fb75ab186/datanode-0/data/ratis/604ed232-7a43-4b01-a7da-ff1a6ff3a075
2019-08-30 22:38:18,520 [pool-419-thread-1] INFO  server.RaftServerConfigKeys (ConfUtils.java:logGet(43)) - raft.server.log.statemachine.data.caching.enabled = true (custom)
2019-08-30 22:38:18,520 [pool-429-thread-1] INFO  segmented.SegmentedRaftLogWorker (SegmentedRaftLogWorker.java:<init>(172)) - new afdb06fd-1848-49aa-a5df-8cd319373775-SegmentedRaftLogWorker:Storage Directory /workdir/hadoop-ozone/integration-test/target/test-dir/MiniOzoneClusterImpl-8fb4be1f-1f01-4e1a-8b80-1b2fb75ab186/datanode-2/data/ratis/604ed232-7a43-4b01-a7da-ff1a6ff3a075 for RaftStorage:Storage Directory /workdir/hadoop-ozone/integration-test/target/test-dir/MiniOzoneClusterImpl-8fb4be1f-1f01-4e1a-8b80-1b2fb75ab186/datanode-2/data/ratis/604ed232-7a43-4b01-a7da-ff1a6ff3a075
2019-08-30 22:38:18,520 [pool-409-thread-1] INFO  server.RaftServerConfigKeys (ConfUtils.java:logGet(43)) - raft.server.log.queue.byte-limit = 2147483647 (custom)
2019-08-30 22:38:18,520 [pool-419-thread-1] INFO  segmented.SegmentedRaftLogWorker (SegmentedRaftLogWorker.java:lambda$new$0(132)) - 2dcb9ef1-393c-4beb-b158-3ac2a1e6a1a8-SegmentedRaftLogWorker:Storage Directory /workdir/hadoop-ozone/integration-test/target/test-dir/MiniOzoneClusterImpl-8fb4be1f-1f01-4e1a-8b80-1b2fb75ab186/datanode-1/data/ratis/604ed232-7a43-4b01-a7da-ff1a6ff3a075: flushIndex: setUnconditionally 0 -> -1
2019-08-30 22:38:18,520 [pool-429-thread-1] INFO  server.RaftServerConfigKeys (ConfUtils.java:logGet(43)) - raft.server.log.queue.byte-limit = 2147483647 (custom)
2019-08-30 22:38:18,520 [pool-409-thread-1] INFO  server.RaftServerConfigKeys (ConfUtils.java:logGet(43)) - raft.server.log.queue.element-limit = 1024 (custom)
2019-08-30 22:38:18,521 [pool-419-thread-1] INFO  server.RaftServerConfigKeys (ConfUtils.java:logGet(43)) - raft.server.snapshot.auto.trigger.enabled = true (custom)
2019-08-30 22:38:18,521 [pool-429-thread-1] INFO  server.RaftServerConfigKeys (ConfUtils.java:logGet(43)) - raft.server.log.queue.element-limit = 1024 (custom)
2019-08-30 22:38:18,521 [pool-419-thread-1] INFO  server.RaftServerConfigKeys (ConfUtils.java:logGet(43)) - raft.server.snapshot.auto.trigger.threshold = 10000 (custom)
2019-08-30 22:38:18,521 [pool-409-thread-1] INFO  server.RaftServerConfigKeys (ConfUtils.java:logGet(43)) - raft.server.log.segment.size.max = 1048576 (custom)
2019-08-30 22:38:18,521 [pool-419-thread-1] INFO  server.RaftServerConfigKeys (ConfUtils.java:logGet(43)) - raft.server.retrycache.expirytime = 600000ms (custom)
2019-08-30 22:38:18,521 [pool-429-thread-1] INFO  server.RaftServerConfigKeys (ConfUtils.java:logGet(43)) - raft.server.log.segment.size.max = 1048576 (custom)
2019-08-30 22:38:18,521 [pool-409-thread-1] INFO  server.RaftServerConfigKeys (ConfUtils.java:logGet(43)) - raft.server.log.preallocated.size = 16384 (custom)
2019-08-30 22:38:18,521 [pool-429-thread-1] INFO  server.RaftServerConfigKeys (ConfUtils.java:logGet(43)) - raft.server.log.preallocated.size = 16384 (custom)
2019-08-30 22:38:18,521 [pool-419-thread-1] INFO  impl.RaftServerImpl (RaftServerImpl.java:start(180)) - 2dcb9ef1-393c-4beb-b158-3ac2a1e6a1a8: start group-FF1A6FF3A075
2019-08-30 22:38:18,522 [pool-429-thread-1] INFO  server.RaftServerConfigKeys (ConfUtils.java:logGet(43)) - raft.server.log.write.buffer.size = 33554432 (custom)
2019-08-30 22:38:18,522 [pool-409-thread-1] INFO  server.RaftServerConfigKeys (ConfUtils.java:logGet(43)) - raft.server.log.write.buffer.size = 33554432 (custom)
2019-08-30 22:38:18,522 [pool-429-thread-1] INFO  server.RaftServerConfigKeys (ConfUtils.java:logGet(43)) - raft.server.log.force.sync.num = 128 (default)
2019-08-30 22:38:18,522 [pool-419-thread-1] INFO  impl.RaftServerImpl (RaftServerImpl.java:setRole(171)) - 2dcb9ef1-393c-4beb-b158-3ac2a1e6a1a8:group-FF1A6FF3A075 changes role from null to FOLLOWER at term 0 for startAsFollower
2019-08-30 22:38:18,522 [pool-429-thread-1] INFO  server.RaftServerConfigKeys (ConfUtils.java:logGet(43)) - raft.server.log.statemachine.data.sync = true (default)
2019-08-30 22:38:18,522 [pool-409-thread-1] INFO  server.RaftServerConfigKeys (ConfUtils.java:logGet(43)) - raft.server.log.force.sync.num = 128 (default)
2019-08-30 22:38:18,522 [pool-429-thread-1] INFO  server.RaftServerConfigKeys (ConfUtils.java:logGet(43)) - raft.server.log.statemachine.data.sync.timeout = 10s (default)
2019-08-30 22:38:18,522 [pool-419-thread-1] INFO  impl.RoleInfo (RoleInfo.java:updateAndGet(143)) - 2dcb9ef1-393c-4beb-b158-3ac2a1e6a1a8: start FollowerState
2019-08-30 22:38:18,523 [pool-429-thread-1] INFO  server.RaftServerConfigKeys (ConfUtils.java:logGet(43)) - raft.server.log.statemachine.data.sync.timeout.retry = -1 (default)
2019-08-30 22:38:18,523 [pool-409-thread-1] INFO  server.RaftServerConfigKeys (ConfUtils.java:logGet(43)) - raft.server.log.statemachine.data.sync = true (default)
2019-08-30 22:38:18,523 [pool-429-thread-1] INFO  server.RaftServerConfigKeys (ConfUtils.java:logGet(43)) - raft.server.log.statemachine.data.caching.enabled = true (custom)
2019-08-30 22:38:18,523 [pool-409-thread-1] INFO  server.RaftServerConfigKeys (ConfUtils.java:logGet(43)) - raft.server.log.statemachine.data.sync.timeout = 10s (default)
2019-08-30 22:38:18,523 [pool-419-thread-1] INFO  util.JmxRegister (JmxRegister.java:tryRegister(44)) - Successfully registered JMX Bean with object name Ratis:service=RaftServer,group=group-FF1A6FF3A075,id=2dcb9ef1-393c-4beb-b158-3ac2a1e6a1a8
2019-08-30 22:38:18,523 [pool-409-thread-1] INFO  server.RaftServerConfigKeys (ConfUtils.java:logGet(43)) - raft.server.log.statemachine.data.sync.timeout.retry = -1 (default)
2019-08-30 22:38:18,523 [pool-429-thread-1] INFO  segmented.SegmentedRaftLogWorker (SegmentedRaftLogWorker.java:lambda$new$0(132)) - afdb06fd-1848-49aa-a5df-8cd319373775-SegmentedRaftLogWorker:Storage Directory /workdir/hadoop-ozone/integration-test/target/test-dir/MiniOzoneClusterImpl-8fb4be1f-1f01-4e1a-8b80-1b2fb75ab186/datanode-2/data/ratis/604ed232-7a43-4b01-a7da-ff1a6ff3a075: flushIndex: setUnconditionally 0 -> -1
2019-08-30 22:38:18,524 [pool-409-thread-1] INFO  server.RaftServerConfigKeys (ConfUtils.java:logGet(43)) - raft.server.log.statemachine.data.caching.enabled = true (custom)
2019-08-30 22:38:18,524 [pool-429-thread-1] INFO  server.RaftServerConfigKeys (ConfUtils.java:logGet(43)) - raft.server.snapshot.auto.trigger.enabled = true (custom)
2019-08-30 22:38:18,524 [pool-429-thread-1] INFO  server.RaftServerConfigKeys (ConfUtils.java:logGet(43)) - raft.server.snapshot.auto.trigger.threshold = 10000 (custom)
2019-08-30 22:38:18,524 [pool-409-thread-1] INFO  segmented.SegmentedRaftLogWorker (SegmentedRaftLogWorker.java:lambda$new$0(132)) - b59e1437-a1c8-4617-9449-130f0635d94e-SegmentedRaftLogWorker:Storage Directory /workdir/hadoop-ozone/integration-test/target/test-dir/MiniOzoneClusterImpl-8fb4be1f-1f01-4e1a-8b80-1b2fb75ab186/datanode-0/data/ratis/604ed232-7a43-4b01-a7da-ff1a6ff3a075: flushIndex: setUnconditionally 0 -> -1
2019-08-30 22:38:18,524 [pool-429-thread-1] INFO  server.RaftServerConfigKeys (ConfUtils.java:logGet(43)) - raft.server.retrycache.expirytime = 600000ms (custom)
2019-08-30 22:38:18,524 [pool-409-thread-1] INFO  server.RaftServerConfigKeys (ConfUtils.java:logGet(43)) - raft.server.snapshot.auto.trigger.enabled = true (custom)
2019-08-30 22:38:18,524 [pool-429-thread-1] INFO  impl.RaftServerImpl (RaftServerImpl.java:start(180)) - afdb06fd-1848-49aa-a5df-8cd319373775: start group-FF1A6FF3A075
2019-08-30 22:38:18,524 [pool-409-thread-1] INFO  server.RaftServerConfigKeys (ConfUtils.java:logGet(43)) - raft.server.snapshot.auto.trigger.threshold = 10000 (custom)
2019-08-30 22:38:18,525 [pool-429-thread-1] INFO  impl.RaftServerImpl (RaftServerImpl.java:setRole(171)) - afdb06fd-1848-49aa-a5df-8cd319373775:group-FF1A6FF3A075 changes role from null to FOLLOWER at term 0 for startAsFollower
2019-08-30 22:38:18,525 [pool-409-thread-1] INFO  server.RaftServerConfigKeys (ConfUtils.java:logGet(43)) - raft.server.retrycache.expirytime = 600000ms (custom)
2019-08-30 22:38:18,525 [pool-429-thread-1] INFO  impl.RoleInfo (RoleInfo.java:updateAndGet(143)) - afdb06fd-1848-49aa-a5df-8cd319373775: start FollowerState
2019-08-30 22:38:18,525 [pool-409-thread-1] INFO  impl.RaftServerImpl (RaftServerImpl.java:start(180)) - b59e1437-a1c8-4617-9449-130f0635d94e: start group-FF1A6FF3A075
2019-08-30 22:38:18,525 [pool-409-thread-1] INFO  impl.RaftServerImpl (RaftServerImpl.java:setRole(171)) - b59e1437-a1c8-4617-9449-130f0635d94e:group-FF1A6FF3A075 changes role from null to FOLLOWER at term 0 for startAsFollower
2019-08-30 22:38:18,525 [pool-409-thread-1] INFO  impl.RoleInfo (RoleInfo.java:updateAndGet(143)) - b59e1437-a1c8-4617-9449-130f0635d94e: start FollowerState
2019-08-30 22:38:18,525 [pool-429-thread-1] INFO  util.JmxRegister (JmxRegister.java:tryRegister(44)) - Successfully registered JMX Bean with object name Ratis:service=RaftServer,group=group-FF1A6FF3A075,id=afdb06fd-1848-49aa-a5df-8cd319373775
2019-08-30 22:38:18,526 [pool-409-thread-1] INFO  util.JmxRegister (JmxRegister.java:tryRegister(44)) - Successfully registered JMX Bean with object name Ratis:service=RaftServer,group=group-FF1A6FF3A075,id=b59e1437-a1c8-4617-9449-130f0635d94e
2019-08-30 22:38:18,528 [RatisPipelineUtilsThread] INFO  pipeline.PipelineStateManager (PipelineStateManager.java:addPipeline(56)) - Created pipeline Pipeline[ Id: 604ed232-7a43-4b01-a7da-ff1a6ff3a075, Nodes: 2dcb9ef1-393c-4beb-b158-3ac2a1e6a1a8{ip: 192.168.36.88, host: pr-hdds-1909-plfbr-3209385976, networkLocation: /default-rack, certSerialId: null}afdb06fd-1848-49aa-a5df-8cd319373775{ip: 192.168.36.88, host: pr-hdds-1909-plfbr-3209385976, networkLocation: /default-rack, certSerialId: null}b59e1437-a1c8-4617-9449-130f0635d94e{ip: 192.168.36.88, host: pr-hdds-1909-plfbr-3209385976, networkLocation: /default-rack, certSerialId: null}, Type:RATIS, Factor:THREE, State:OPEN]
2019-08-30 22:38:18,569 [IPC Server handler 0 on 44911] INFO  net.NetworkTopology (NetworkTopologyImpl.java:add(110)) - Added a new node: /default-rack/a5fefde7-037e-4263-b518-79d76143dac2
2019-08-30 22:38:18,570 [IPC Server handler 0 on 44911] INFO  node.SCMNodeManager (SCMNodeManager.java:register(266)) - Registered Data node : a5fefde7-037e-4263-b518-79d76143dac2{ip: 192.168.36.88, host: pr-hdds-1909-plfbr-3209385976, networkLocation: /default-rack, certSerialId: null}
2019-08-30 22:38:18,576 [grpc-default-executor-13] INFO  impl.RaftServerProxy (RaftServerProxy.java:addNew(89)) - 7c6fe567-79fd-4e56-aa02-ded5ff9c30c0: addNew group-98DBAE109E70:[7c6fe567-79fd-4e56-aa02-ded5ff9c30c0:192.168.36.88:40251] returns group-98DBAE109E70:java.util.concurrent.CompletableFuture@e205715[Not completed]
2019-08-30 22:38:18,577 [pool-439-thread-1] INFO  impl.RaftServerImpl (RaftServerImpl.java:<init>(93)) - 7c6fe567-79fd-4e56-aa02-ded5ff9c30c0: new RaftServerImpl for group-98DBAE109E70:[7c6fe567-79fd-4e56-aa02-ded5ff9c30c0:192.168.36.88:40251] with ContainerStateMachine:uninitialized
2019-08-30 22:38:18,577 [pool-439-thread-1] INFO  server.RaftServerConfigKeys (ConfUtils.java:logGet(43)) - raft.server.rpc.timeout.min = 5s (custom)
2019-08-30 22:38:18,577 [pool-439-thread-1] INFO  server.RaftServerConfigKeys (ConfUtils.java:logGet(43)) - raft.server.rpc.timeout.max = 5200ms (custom)
2019-08-30 22:38:18,577 [pool-439-thread-1] INFO  server.RaftServerConfigKeys (ConfUtils.java:logGet(43)) - raft.server.rpcslowness.timeout = 120s (custom)
2019-08-30 22:38:18,577 [pool-439-thread-1] INFO  server.RaftServerConfigKeys (ConfUtils.java:logGet(43)) - raft.server.sleep.deviation.threshold = 300 (default)
2019-08-30 22:38:18,577 [pool-439-thread-1] INFO  server.RaftServerConfigKeys (ConfUtils.java:logGet(43)) - raft.server.log.appender.install.snapshot.enabled = false (custom)
2019-08-30 22:38:18,577 [pool-439-thread-1] INFO  impl.RaftServerImpl (ServerState.java:<init>(105)) - 7c6fe567-79fd-4e56-aa02-ded5ff9c30c0:group-98DBAE109E70 ConfigurationManager, init=-1: [7c6fe567-79fd-4e56-aa02-ded5ff9c30c0:192.168.36.88:40251], old=null, confs=<EMPTY_MAP>
2019-08-30 22:38:18,578 [pool-439-thread-1] INFO  server.RaftServerConfigKeys (ConfUtils.java:logGet(43)) - raft.server.storage.dir = [/workdir/hadoop-ozone/integration-test/target/test-dir/MiniOzoneClusterImpl-8fb4be1f-1f01-4e1a-8b80-1b2fb75ab186/datanode-3/data/ratis] (custom)
2019-08-30 22:38:18,578 [pool-439-thread-1] INFO  storage.RaftStorageDirectory (RaftStorageDirectory.java:analyzeStorage(246)) - The storage directory /workdir/hadoop-ozone/integration-test/target/test-dir/MiniOzoneClusterImpl-8fb4be1f-1f01-4e1a-8b80-1b2fb75ab186/datanode-3/data/ratis/767c1b9a-06e7-4b85-83bf-98dbae109e70 does not exist. Creating ...
2019-08-30 22:38:18,596 [pool-439-thread-1] INFO  storage.RaftStorageDirectory (RaftStorageDirectory.java:tryLock(328)) - Lock on /workdir/hadoop-ozone/integration-test/target/test-dir/MiniOzoneClusterImpl-8fb4be1f-1f01-4e1a-8b80-1b2fb75ab186/datanode-3/data/ratis/767c1b9a-06e7-4b85-83bf-98dbae109e70/in_use.lock acquired by nodename 20791@pr-hdds-1909-plfbr-3209385976
2019-08-30 22:38:18,611 [pool-439-thread-1] INFO  storage.RaftStorage (RaftStorage.java:format(72)) - Storage directory /workdir/hadoop-ozone/integration-test/target/test-dir/MiniOzoneClusterImpl-8fb4be1f-1f01-4e1a-8b80-1b2fb75ab186/datanode-3/data/ratis/767c1b9a-06e7-4b85-83bf-98dbae109e70 has been successfully formatted.
2019-08-30 22:38:18,611 [pool-439-thread-1] INFO  ratis.ContainerStateMachine (ContainerStateMachine.java:loadSnapshot(227)) - group-98DBAE109E70: The snapshot info is null. Setting the last applied indexto:(t:0, i:~)
2019-08-30 22:38:18,612 [pool-439-thread-1] INFO  server.RaftServerConfigKeys (ConfUtils.java:logGet(43)) - raft.server.leader.election.timeout = 120s (custom)
2019-08-30 22:38:18,612 [pool-439-thread-1] INFO  server.RaftServerConfigKeys (ConfUtils.java:logGet(43)) - raft.server.log.use.memory = false (default)
2019-08-30 22:38:18,612 [pool-439-thread-1] INFO  server.RaftServerConfigKeys (ConfUtils.java:logGet(43)) - raft.server.log.purge.gap = 1000000 (custom)
2019-08-30 22:38:18,612 [pool-439-thread-1] INFO  server.RaftServerConfigKeys (ConfUtils.java:logGet(43)) - raft.server.log.appender.buffer.byte-limit = 33554432 (custom)
2019-08-30 22:38:18,612 [pool-439-thread-1] INFO  server.RaftServerConfigKeys (ConfUtils.java:logGet(43)) - raft.server.log.segment.size.max = 1048576 (custom)
2019-08-30 22:38:18,612 [pool-439-thread-1] INFO  server.RaftServerConfigKeys (ConfUtils.java:logGet(43)) - raft.server.log.segment.cache.num.max = 2 (custom)
2019-08-30 22:38:18,612 [pool-439-thread-1] INFO  segmented.SegmentedRaftLogWorker (SegmentedRaftLogWorker.java:<init>(172)) - new 7c6fe567-79fd-4e56-aa02-ded5ff9c30c0-SegmentedRaftLogWorker:Storage Directory /workdir/hadoop-ozone/integration-test/target/test-dir/MiniOzoneClusterImpl-8fb4be1f-1f01-4e1a-8b80-1b2fb75ab186/datanode-3/data/ratis/767c1b9a-06e7-4b85-83bf-98dbae109e70 for RaftStorage:Storage Directory /workdir/hadoop-ozone/integration-test/target/test-dir/MiniOzoneClusterImpl-8fb4be1f-1f01-4e1a-8b80-1b2fb75ab186/datanode-3/data/ratis/767c1b9a-06e7-4b85-83bf-98dbae109e70
2019-08-30 22:38:18,612 [pool-439-thread-1] INFO  server.RaftServerConfigKeys (ConfUtils.java:logGet(43)) - raft.server.log.queue.byte-limit = 2147483647 (custom)
2019-08-30 22:38:18,612 [pool-439-thread-1] INFO  server.RaftServerConfigKeys (ConfUtils.java:logGet(43)) - raft.server.log.queue.element-limit = 1024 (custom)
2019-08-30 22:38:18,613 [pool-439-thread-1] INFO  server.RaftServerConfigKeys (ConfUtils.java:logGet(43)) - raft.server.log.segment.size.max = 1048576 (custom)
2019-08-30 22:38:18,613 [pool-439-thread-1] INFO  server.RaftServerConfigKeys (ConfUtils.java:logGet(43)) - raft.server.log.preallocated.size = 16384 (custom)
2019-08-30 22:38:18,613 [pool-439-thread-1] INFO  server.RaftServerConfigKeys (ConfUtils.java:logGet(43)) - raft.server.log.write.buffer.size = 33554432 (custom)
2019-08-30 22:38:18,613 [pool-439-thread-1] INFO  server.RaftServerConfigKeys (ConfUtils.java:logGet(43)) - raft.server.log.force.sync.num = 128 (default)
2019-08-30 22:38:18,613 [pool-439-thread-1] INFO  server.RaftServerConfigKeys (ConfUtils.java:logGet(43)) - raft.server.log.statemachine.data.sync = true (default)
2019-08-30 22:38:18,613 [pool-439-thread-1] INFO  server.RaftServerConfigKeys (ConfUtils.java:logGet(43)) - raft.server.log.statemachine.data.sync.timeout = 10s (default)
2019-08-30 22:38:18,613 [pool-439-thread-1] INFO  server.RaftServerConfigKeys (ConfUtils.java:logGet(43)) - raft.server.log.statemachine.data.sync.timeout.retry = -1 (default)
2019-08-30 22:38:18,613 [pool-439-thread-1] INFO  server.RaftServerConfigKeys (ConfUtils.java:logGet(43)) - raft.server.log.statemachine.data.caching.enabled = true (custom)
2019-08-30 22:38:18,614 [pool-439-thread-1] INFO  segmented.SegmentedRaftLogWorker (SegmentedRaftLogWorker.java:lambda$new$0(132)) - 7c6fe567-79fd-4e56-aa02-ded5ff9c30c0-SegmentedRaftLogWorker:Storage Directory /workdir/hadoop-ozone/integration-test/target/test-dir/MiniOzoneClusterImpl-8fb4be1f-1f01-4e1a-8b80-1b2fb75ab186/datanode-3/data/ratis/767c1b9a-06e7-4b85-83bf-98dbae109e70: flushIndex: setUnconditionally 0 -> -1
2019-08-30 22:38:18,614 [pool-439-thread-1] INFO  server.RaftServerConfigKeys (ConfUtils.java:logGet(43)) - raft.server.snapshot.auto.trigger.enabled = true (custom)
2019-08-30 22:38:18,614 [pool-439-thread-1] INFO  server.RaftServerConfigKeys (ConfUtils.java:logGet(43)) - raft.server.snapshot.auto.trigger.threshold = 10000 (custom)
2019-08-30 22:38:18,614 [pool-439-thread-1] INFO  server.RaftServerConfigKeys (ConfUtils.java:logGet(43)) - raft.server.retrycache.expirytime = 600000ms (custom)
2019-08-30 22:38:18,614 [pool-439-thread-1] INFO  impl.RaftServerImpl (RaftServerImpl.java:start(180)) - 7c6fe567-79fd-4e56-aa02-ded5ff9c30c0: start group-98DBAE109E70
2019-08-30 22:38:18,615 [pool-439-thread-1] INFO  impl.RaftServerImpl (RaftServerImpl.java:setRole(171)) - 7c6fe567-79fd-4e56-aa02-ded5ff9c30c0:group-98DBAE109E70 changes role from null to FOLLOWER at term 0 for startAsFollower
2019-08-30 22:38:18,615 [pool-439-thread-1] INFO  impl.RoleInfo (RoleInfo.java:updateAndGet(143)) - 7c6fe567-79fd-4e56-aa02-ded5ff9c30c0: start FollowerState
2019-08-30 22:38:18,623 [pool-439-thread-1] INFO  util.JmxRegister (JmxRegister.java:tryRegister(44)) - Successfully registered JMX Bean with object name Ratis:service=RaftServer,group=group-98DBAE109E70,id=7c6fe567-79fd-4e56-aa02-ded5ff9c30c0
2019-08-30 22:38:18,632 [RatisPipelineUtilsThread] INFO  pipeline.PipelineStateManager (PipelineStateManager.java:addPipeline(56)) - Created pipeline Pipeline[ Id: 767c1b9a-06e7-4b85-83bf-98dbae109e70, Nodes: 7c6fe567-79fd-4e56-aa02-ded5ff9c30c0{ip: 192.168.36.88, host: pr-hdds-1909-plfbr-3209385976, networkLocation: /default-rack, certSerialId: null}, Type:RATIS, Factor:ONE, State:OPEN]
2019-08-30 22:38:18,639 [grpc-default-executor-13] INFO  impl.RaftServerProxy (RaftServerProxy.java:addNew(89)) - a5fefde7-037e-4263-b518-79d76143dac2: addNew group-34A5D00DBAF9:[a5fefde7-037e-4263-b518-79d76143dac2:192.168.36.88:37614] returns group-34A5D00DBAF9:java.util.concurrent.CompletableFuture@3ad5c91[Not completed]
2019-08-30 22:38:18,642 [IPC Server handler 1 on 44911] INFO  net.NetworkTopology (NetworkTopologyImpl.java:add(110)) - Added a new node: /default-rack/04c29368-23fb-4365-aaec-69238c5c9731
2019-08-30 22:38:18,642 [IPC Server handler 1 on 44911] INFO  node.SCMNodeManager (SCMNodeManager.java:register(266)) - Registered Data node : 04c29368-23fb-4365-aaec-69238c5c9731{ip: 192.168.36.88, host: pr-hdds-1909-plfbr-3209385976, networkLocation: /default-rack, certSerialId: null}
2019-08-30 22:38:18,642 [pool-449-thread-1] INFO  impl.RaftServerImpl (RaftServerImpl.java:<init>(93)) - a5fefde7-037e-4263-b518-79d76143dac2: new RaftServerImpl for group-34A5D00DBAF9:[a5fefde7-037e-4263-b518-79d76143dac2:192.168.36.88:37614] with ContainerStateMachine:uninitialized
2019-08-30 22:38:18,643 [pool-449-thread-1] INFO  server.RaftServerConfigKeys (ConfUtils.java:logGet(43)) - raft.server.rpc.timeout.min = 5s (custom)
2019-08-30 22:38:18,643 [pool-449-thread-1] INFO  server.RaftServerConfigKeys (ConfUtils.java:logGet(43)) - raft.server.rpc.timeout.max = 5200ms (custom)
2019-08-30 22:38:18,643 [pool-449-thread-1] INFO  server.RaftServerConfigKeys (ConfUtils.java:logGet(43)) - raft.server.rpcslowness.timeout = 120s (custom)
2019-08-30 22:38:18,643 [pool-449-thread-1] INFO  server.RaftServerConfigKeys (ConfUtils.java:logGet(43)) - raft.server.sleep.deviation.threshold = 300 (default)
2019-08-30 22:38:18,643 [pool-449-thread-1] INFO  server.RaftServerConfigKeys (ConfUtils.java:logGet(43)) - raft.server.log.appender.install.snapshot.enabled = false (custom)
2019-08-30 22:38:18,643 [pool-449-thread-1] INFO  impl.RaftServerImpl (ServerState.java:<init>(105)) - a5fefde7-037e-4263-b518-79d76143dac2:group-34A5D00DBAF9 ConfigurationManager, init=-1: [a5fefde7-037e-4263-b518-79d76143dac2:192.168.36.88:37614], old=null, confs=<EMPTY_MAP>
2019-08-30 22:38:18,643 [pool-449-thread-1] INFO  server.RaftServerConfigKeys (ConfUtils.java:logGet(43)) - raft.server.storage.dir = [/workdir/hadoop-ozone/integration-test/target/test-dir/MiniOzoneClusterImpl-8fb4be1f-1f01-4e1a-8b80-1b2fb75ab186/datanode-4/data/ratis] (custom)
2019-08-30 22:38:18,644 [pool-449-thread-1] INFO  storage.RaftStorageDirectory (RaftStorageDirectory.java:analyzeStorage(246)) - The storage directory /workdir/hadoop-ozone/integration-test/target/test-dir/MiniOzoneClusterImpl-8fb4be1f-1f01-4e1a-8b80-1b2fb75ab186/datanode-4/data/ratis/79f3e425-6a40-49e0-9d82-34a5d00dbaf9 does not exist. Creating ...
2019-08-30 22:38:18,658 [pool-449-thread-1] INFO  storage.RaftStorageDirectory (RaftStorageDirectory.java:tryLock(328)) - Lock on /workdir/hadoop-ozone/integration-test/target/test-dir/MiniOzoneClusterImpl-8fb4be1f-1f01-4e1a-8b80-1b2fb75ab186/datanode-4/data/ratis/79f3e425-6a40-49e0-9d82-34a5d00dbaf9/in_use.lock acquired by nodename 20791@pr-hdds-1909-plfbr-3209385976
2019-08-30 22:38:18,675 [pool-449-thread-1] INFO  storage.RaftStorage (RaftStorage.java:format(72)) - Storage directory /workdir/hadoop-ozone/integration-test/target/test-dir/MiniOzoneClusterImpl-8fb4be1f-1f01-4e1a-8b80-1b2fb75ab186/datanode-4/data/ratis/79f3e425-6a40-49e0-9d82-34a5d00dbaf9 has been successfully formatted.
2019-08-30 22:38:18,675 [pool-449-thread-1] INFO  ratis.ContainerStateMachine (ContainerStateMachine.java:loadSnapshot(227)) - group-34A5D00DBAF9: The snapshot info is null. Setting the last applied indexto:(t:0, i:~)
2019-08-30 22:38:18,675 [pool-449-thread-1] INFO  server.RaftServerConfigKeys (ConfUtils.java:logGet(43)) - raft.server.leader.election.timeout = 120s (custom)
2019-08-30 22:38:18,675 [pool-449-thread-1] INFO  server.RaftServerConfigKeys (ConfUtils.java:logGet(43)) - raft.server.log.use.memory = false (default)
2019-08-30 22:38:18,675 [pool-449-thread-1] INFO  server.RaftServerConfigKeys (ConfUtils.java:logGet(43)) - raft.server.log.purge.gap = 1000000 (custom)
2019-08-30 22:38:18,675 [pool-449-thread-1] INFO  server.RaftServerConfigKeys (ConfUtils.java:logGet(43)) - raft.server.log.appender.buffer.byte-limit = 33554432 (custom)
2019-08-30 22:38:18,676 [pool-449-thread-1] INFO  server.RaftServerConfigKeys (ConfUtils.java:logGet(43)) - raft.server.log.segment.size.max = 1048576 (custom)
2019-08-30 22:38:18,676 [pool-449-thread-1] INFO  server.RaftServerConfigKeys (ConfUtils.java:logGet(43)) - raft.server.log.segment.cache.num.max = 2 (custom)
2019-08-30 22:38:18,676 [pool-449-thread-1] INFO  segmented.SegmentedRaftLogWorker (SegmentedRaftLogWorker.java:<init>(172)) - new a5fefde7-037e-4263-b518-79d76143dac2-SegmentedRaftLogWorker:Storage Directory /workdir/hadoop-ozone/integration-test/target/test-dir/MiniOzoneClusterImpl-8fb4be1f-1f01-4e1a-8b80-1b2fb75ab186/datanode-4/data/ratis/79f3e425-6a40-49e0-9d82-34a5d00dbaf9 for RaftStorage:Storage Directory /workdir/hadoop-ozone/integration-test/target/test-dir/MiniOzoneClusterImpl-8fb4be1f-1f01-4e1a-8b80-1b2fb75ab186/datanode-4/data/ratis/79f3e425-6a40-49e0-9d82-34a5d00dbaf9
2019-08-30 22:38:18,676 [pool-449-thread-1] INFO  server.RaftServerConfigKeys (ConfUtils.java:logGet(43)) - raft.server.log.queue.byte-limit = 2147483647 (custom)
2019-08-30 22:38:18,676 [pool-449-thread-1] INFO  server.RaftServerConfigKeys (ConfUtils.java:logGet(43)) - raft.server.log.queue.element-limit = 1024 (custom)
2019-08-30 22:38:18,676 [pool-449-thread-1] INFO  server.RaftServerConfigKeys (ConfUtils.java:logGet(43)) - raft.server.log.segment.size.max = 1048576 (custom)
2019-08-30 22:38:18,676 [pool-449-thread-1] INFO  server.RaftServerConfigKeys (ConfUtils.java:logGet(43)) - raft.server.log.preallocated.size = 16384 (custom)
2019-08-30 22:38:18,676 [pool-449-thread-1] INFO  server.RaftServerConfigKeys (ConfUtils.java:logGet(43)) - raft.server.log.write.buffer.size = 33554432 (custom)
2019-08-30 22:38:18,676 [pool-449-thread-1] INFO  server.RaftServerConfigKeys (ConfUtils.java:logGet(43)) - raft.server.log.force.sync.num = 128 (default)
2019-08-30 22:38:18,677 [pool-449-thread-1] INFO  server.RaftServerConfigKeys (ConfUtils.java:logGet(43)) - raft.server.log.statemachine.data.sync = true (default)
2019-08-30 22:38:18,677 [pool-449-thread-1] INFO  server.RaftServerConfigKeys (ConfUtils.java:logGet(43)) - raft.server.log.statemachine.data.sync.timeout = 10s (default)
2019-08-30 22:38:18,677 [pool-449-thread-1] INFO  server.RaftServerConfigKeys (ConfUtils.java:logGet(43)) - raft.server.log.statemachine.data.sync.timeout.retry = -1 (default)
2019-08-30 22:38:18,677 [pool-449-thread-1] INFO  server.RaftServerConfigKeys (ConfUtils.java:logGet(43)) - raft.server.log.statemachine.data.caching.enabled = true (custom)
2019-08-30 22:38:18,677 [pool-449-thread-1] INFO  segmented.SegmentedRaftLogWorker (SegmentedRaftLogWorker.java:lambda$new$0(132)) - a5fefde7-037e-4263-b518-79d76143dac2-SegmentedRaftLogWorker:Storage Directory /workdir/hadoop-ozone/integration-test/target/test-dir/MiniOzoneClusterImpl-8fb4be1f-1f01-4e1a-8b80-1b2fb75ab186/datanode-4/data/ratis/79f3e425-6a40-49e0-9d82-34a5d00dbaf9: flushIndex: setUnconditionally 0 -> -1
2019-08-30 22:38:18,677 [pool-449-thread-1] INFO  server.RaftServerConfigKeys (ConfUtils.java:logGet(43)) - raft.server.snapshot.auto.trigger.enabled = true (custom)
2019-08-30 22:38:18,678 [pool-449-thread-1] INFO  server.RaftServerConfigKeys (ConfUtils.java:logGet(43)) - raft.server.snapshot.auto.trigger.threshold = 10000 (custom)
2019-08-30 22:38:18,678 [pool-449-thread-1] INFO  server.RaftServerConfigKeys (ConfUtils.java:logGet(43)) - raft.server.retrycache.expirytime = 600000ms (custom)
2019-08-30 22:38:18,678 [pool-449-thread-1] INFO  impl.RaftServerImpl (RaftServerImpl.java:start(180)) - a5fefde7-037e-4263-b518-79d76143dac2: start group-34A5D00DBAF9
2019-08-30 22:38:18,678 [pool-449-thread-1] INFO  impl.RaftServerImpl (RaftServerImpl.java:setRole(171)) - a5fefde7-037e-4263-b518-79d76143dac2:group-34A5D00DBAF9 changes role from null to FOLLOWER at term 0 for startAsFollower
2019-08-30 22:38:18,678 [pool-449-thread-1] INFO  impl.RoleInfo (RoleInfo.java:updateAndGet(143)) - a5fefde7-037e-4263-b518-79d76143dac2: start FollowerState
2019-08-30 22:38:18,678 [pool-449-thread-1] INFO  util.JmxRegister (JmxRegister.java:tryRegister(44)) - Successfully registered JMX Bean with object name Ratis:service=RaftServer,group=group-34A5D00DBAF9,id=a5fefde7-037e-4263-b518-79d76143dac2
2019-08-30 22:38:18,680 [RatisPipelineUtilsThread] INFO  pipeline.PipelineStateManager (PipelineStateManager.java:addPipeline(56)) - Created pipeline Pipeline[ Id: 79f3e425-6a40-49e0-9d82-34a5d00dbaf9, Nodes: a5fefde7-037e-4263-b518-79d76143dac2{ip: 192.168.36.88, host: pr-hdds-1909-plfbr-3209385976, networkLocation: /default-rack, certSerialId: null}, Type:RATIS, Factor:ONE, State:OPEN]
2019-08-30 22:38:18,688 [grpc-default-executor-13] INFO  impl.RaftServerProxy (RaftServerProxy.java:addNew(89)) - 04c29368-23fb-4365-aaec-69238c5c9731: addNew group-68F7645E4A5B:[04c29368-23fb-4365-aaec-69238c5c9731:192.168.36.88:36284] returns group-68F7645E4A5B:java.util.concurrent.CompletableFuture@59931596[Not completed]
2019-08-30 22:38:18,689 [pool-459-thread-1] INFO  impl.RaftServerImpl (RaftServerImpl.java:<init>(93)) - 04c29368-23fb-4365-aaec-69238c5c9731: new RaftServerImpl for group-68F7645E4A5B:[04c29368-23fb-4365-aaec-69238c5c9731:192.168.36.88:36284] with ContainerStateMachine:uninitialized
2019-08-30 22:38:18,689 [pool-459-thread-1] INFO  server.RaftServerConfigKeys (ConfUtils.java:logGet(43)) - raft.server.rpc.timeout.min = 5s (custom)
2019-08-30 22:38:18,689 [pool-459-thread-1] INFO  server.RaftServerConfigKeys (ConfUtils.java:logGet(43)) - raft.server.rpc.timeout.max = 5200ms (custom)
2019-08-30 22:38:18,689 [pool-459-thread-1] INFO  server.RaftServerConfigKeys (ConfUtils.java:logGet(43)) - raft.server.rpcslowness.timeout = 120s (custom)
2019-08-30 22:38:18,689 [pool-459-thread-1] INFO  server.RaftServerConfigKeys (ConfUtils.java:logGet(43)) - raft.server.sleep.deviation.threshold = 300 (default)
2019-08-30 22:38:18,689 [pool-459-thread-1] INFO  server.RaftServerConfigKeys (ConfUtils.java:logGet(43)) - raft.server.log.appender.install.snapshot.enabled = false (custom)
2019-08-30 22:38:18,690 [pool-459-thread-1] INFO  impl.RaftServerImpl (ServerState.java:<init>(105)) - 04c29368-23fb-4365-aaec-69238c5c9731:group-68F7645E4A5B ConfigurationManager, init=-1: [04c29368-23fb-4365-aaec-69238c5c9731:192.168.36.88:36284], old=null, confs=<EMPTY_MAP>
2019-08-30 22:38:18,690 [pool-459-thread-1] INFO  server.RaftServerConfigKeys (ConfUtils.java:logGet(43)) - raft.server.storage.dir = [/workdir/hadoop-ozone/integration-test/target/test-dir/MiniOzoneClusterImpl-8fb4be1f-1f01-4e1a-8b80-1b2fb75ab186/datanode-5/data/ratis] (custom)
2019-08-30 22:38:18,690 [pool-459-thread-1] INFO  storage.RaftStorageDirectory (RaftStorageDirectory.java:analyzeStorage(246)) - The storage directory /workdir/hadoop-ozone/integration-test/target/test-dir/MiniOzoneClusterImpl-8fb4be1f-1f01-4e1a-8b80-1b2fb75ab186/datanode-5/data/ratis/9c828e55-2b02-460e-a0cc-68f7645e4a5b does not exist. Creating ...
2019-08-30 22:38:18,703 [pool-459-thread-1] INFO  storage.RaftStorageDirectory (RaftStorageDirectory.java:tryLock(328)) - Lock on /workdir/hadoop-ozone/integration-test/target/test-dir/MiniOzoneClusterImpl-8fb4be1f-1f01-4e1a-8b80-1b2fb75ab186/datanode-5/data/ratis/9c828e55-2b02-460e-a0cc-68f7645e4a5b/in_use.lock acquired by nodename 20791@pr-hdds-1909-plfbr-3209385976
2019-08-30 22:38:18,708 [main] INFO  ozone.MiniOzoneClusterImpl (MiniOzoneClusterImpl.java:lambda$waitForClusterToBeReady$0(140)) - Waiting for cluster to be ready. Got 6 of 7 DN Heartbeats.
2019-08-30 22:38:18,708 [IPC Server handler 3 on 44911] INFO  net.NetworkTopology (NetworkTopologyImpl.java:add(110)) - Added a new node: /default-rack/08a98e8c-3230-413f-a62d-04417fccf4c4
2019-08-30 22:38:18,708 [IPC Server handler 3 on 44911] INFO  node.SCMNodeManager (SCMNodeManager.java:register(266)) - Registered Data node : 08a98e8c-3230-413f-a62d-04417fccf4c4{ip: 192.168.36.88, host: pr-hdds-1909-plfbr-3209385976, networkLocation: /default-rack, certSerialId: null}
2019-08-30 22:38:18,718 [pool-459-thread-1] INFO  storage.RaftStorage (RaftStorage.java:format(72)) - Storage directory /workdir/hadoop-ozone/integration-test/target/test-dir/MiniOzoneClusterImpl-8fb4be1f-1f01-4e1a-8b80-1b2fb75ab186/datanode-5/data/ratis/9c828e55-2b02-460e-a0cc-68f7645e4a5b has been successfully formatted.
2019-08-30 22:38:18,718 [pool-459-thread-1] INFO  ratis.ContainerStateMachine (ContainerStateMachine.java:loadSnapshot(227)) - group-68F7645E4A5B: The snapshot info is null. Setting the last applied indexto:(t:0, i:~)
2019-08-30 22:38:18,718 [pool-459-thread-1] INFO  server.RaftServerConfigKeys (ConfUtils.java:logGet(43)) - raft.server.leader.election.timeout = 120s (custom)
2019-08-30 22:38:18,718 [pool-459-thread-1] INFO  server.RaftServerConfigKeys (ConfUtils.java:logGet(43)) - raft.server.log.use.memory = false (default)
2019-08-30 22:38:18,718 [pool-459-thread-1] INFO  server.RaftServerConfigKeys (ConfUtils.java:logGet(43)) - raft.server.log.purge.gap = 1000000 (custom)
2019-08-30 22:38:18,718 [pool-459-thread-1] INFO  server.RaftServerConfigKeys (ConfUtils.java:logGet(43)) - raft.server.log.appender.buffer.byte-limit = 33554432 (custom)
2019-08-30 22:38:18,718 [pool-459-thread-1] INFO  server.RaftServerConfigKeys (ConfUtils.java:logGet(43)) - raft.server.log.segment.size.max = 1048576 (custom)
2019-08-30 22:38:18,718 [pool-459-thread-1] INFO  server.RaftServerConfigKeys (ConfUtils.java:logGet(43)) - raft.server.log.segment.cache.num.max = 2 (custom)
2019-08-30 22:38:18,719 [pool-459-thread-1] INFO  segmented.SegmentedRaftLogWorker (SegmentedRaftLogWorker.java:<init>(172)) - new 04c29368-23fb-4365-aaec-69238c5c9731-SegmentedRaftLogWorker:Storage Directory /workdir/hadoop-ozone/integration-test/target/test-dir/MiniOzoneClusterImpl-8fb4be1f-1f01-4e1a-8b80-1b2fb75ab186/datanode-5/data/ratis/9c828e55-2b02-460e-a0cc-68f7645e4a5b for RaftStorage:Storage Directory /workdir/hadoop-ozone/integration-test/target/test-dir/MiniOzoneClusterImpl-8fb4be1f-1f01-4e1a-8b80-1b2fb75ab186/datanode-5/data/ratis/9c828e55-2b02-460e-a0cc-68f7645e4a5b
2019-08-30 22:38:18,719 [pool-459-thread-1] INFO  server.RaftServerConfigKeys (ConfUtils.java:logGet(43)) - raft.server.log.queue.byte-limit = 2147483647 (custom)
2019-08-30 22:38:18,719 [pool-459-thread-1] INFO  server.RaftServerConfigKeys (ConfUtils.java:logGet(43)) - raft.server.log.queue.element-limit = 1024 (custom)
2019-08-30 22:38:18,719 [pool-459-thread-1] INFO  server.RaftServerConfigKeys (ConfUtils.java:logGet(43)) - raft.server.log.segment.size.max = 1048576 (custom)
2019-08-30 22:38:18,719 [pool-459-thread-1] INFO  server.RaftServerConfigKeys (ConfUtils.java:logGet(43)) - raft.server.log.preallocated.size = 16384 (custom)
2019-08-30 22:38:18,719 [pool-459-thread-1] INFO  server.RaftServerConfigKeys (ConfUtils.java:logGet(43)) - raft.server.log.write.buffer.size = 33554432 (custom)
2019-08-30 22:38:18,719 [pool-459-thread-1] INFO  server.RaftServerConfigKeys (ConfUtils.java:logGet(43)) - raft.server.log.force.sync.num = 128 (default)
2019-08-30 22:38:18,719 [pool-459-thread-1] INFO  server.RaftServerConfigKeys (ConfUtils.java:logGet(43)) - raft.server.log.statemachine.data.sync = true (default)
2019-08-30 22:38:18,719 [pool-459-thread-1] INFO  server.RaftServerConfigKeys (ConfUtils.java:logGet(43)) - raft.server.log.statemachine.data.sync.timeout = 10s (default)
2019-08-30 22:38:18,720 [pool-459-thread-1] INFO  server.RaftServerConfigKeys (ConfUtils.java:logGet(43)) - raft.server.log.statemachine.data.sync.timeout.retry = -1 (default)
2019-08-30 22:38:18,720 [pool-459-thread-1] INFO  server.RaftServerConfigKeys (ConfUtils.java:logGet(43)) - raft.server.log.statemachine.data.caching.enabled = true (custom)
2019-08-30 22:38:18,720 [pool-459-thread-1] INFO  segmented.SegmentedRaftLogWorker (SegmentedRaftLogWorker.java:lambda$new$0(132)) - 04c29368-23fb-4365-aaec-69238c5c9731-SegmentedRaftLogWorker:Storage Directory /workdir/hadoop-ozone/integration-test/target/test-dir/MiniOzoneClusterImpl-8fb4be1f-1f01-4e1a-8b80-1b2fb75ab186/datanode-5/data/ratis/9c828e55-2b02-460e-a0cc-68f7645e4a5b: flushIndex: setUnconditionally 0 -> -1
2019-08-30 22:38:18,720 [pool-459-thread-1] INFO  server.RaftServerConfigKeys (ConfUtils.java:logGet(43)) - raft.server.snapshot.auto.trigger.enabled = true (custom)
2019-08-30 22:38:18,720 [pool-459-thread-1] INFO  server.RaftServerConfigKeys (ConfUtils.java:logGet(43)) - raft.server.snapshot.auto.trigger.threshold = 10000 (custom)
2019-08-30 22:38:18,720 [pool-459-thread-1] INFO  server.RaftServerConfigKeys (ConfUtils.java:logGet(43)) - raft.server.retrycache.expirytime = 600000ms (custom)
2019-08-30 22:38:18,721 [pool-459-thread-1] INFO  impl.RaftServerImpl (RaftServerImpl.java:start(180)) - 04c29368-23fb-4365-aaec-69238c5c9731: start group-68F7645E4A5B
2019-08-30 22:38:18,721 [pool-459-thread-1] INFO  impl.RaftServerImpl (RaftServerImpl.java:setRole(171)) - 04c29368-23fb-4365-aaec-69238c5c9731:group-68F7645E4A5B changes role from null to FOLLOWER at term 0 for startAsFollower
2019-08-30 22:38:18,721 [pool-459-thread-1] INFO  impl.RoleInfo (RoleInfo.java:updateAndGet(143)) - 04c29368-23fb-4365-aaec-69238c5c9731: start FollowerState
2019-08-30 22:38:18,721 [pool-459-thread-1] INFO  util.JmxRegister (JmxRegister.java:tryRegister(44)) - Successfully registered JMX Bean with object name Ratis:service=RaftServer,group=group-68F7645E4A5B,id=04c29368-23fb-4365-aaec-69238c5c9731
2019-08-30 22:38:18,723 [RatisPipelineUtilsThread] INFO  pipeline.PipelineStateManager (PipelineStateManager.java:addPipeline(56)) - Created pipeline Pipeline[ Id: 9c828e55-2b02-460e-a0cc-68f7645e4a5b, Nodes: 04c29368-23fb-4365-aaec-69238c5c9731{ip: 192.168.36.88, host: pr-hdds-1909-plfbr-3209385976, networkLocation: /default-rack, certSerialId: null}, Type:RATIS, Factor:ONE, State:OPEN]
2019-08-30 22:38:18,730 [grpc-default-executor-13] INFO  impl.RaftServerProxy (RaftServerProxy.java:addNew(89)) - 08a98e8c-3230-413f-a62d-04417fccf4c4: addNew group-8AB3EB773D33:[08a98e8c-3230-413f-a62d-04417fccf4c4:192.168.36.88:35865] returns group-8AB3EB773D33:java.util.concurrent.CompletableFuture@1b79a6b0[Not completed]
2019-08-30 22:38:18,731 [pool-469-thread-1] INFO  impl.RaftServerImpl (RaftServerImpl.java:<init>(93)) - 08a98e8c-3230-413f-a62d-04417fccf4c4: new RaftServerImpl for group-8AB3EB773D33:[08a98e8c-3230-413f-a62d-04417fccf4c4:192.168.36.88:35865] with ContainerStateMachine:uninitialized
2019-08-30 22:38:18,731 [pool-469-thread-1] INFO  server.RaftServerConfigKeys (ConfUtils.java:logGet(43)) - raft.server.rpc.timeout.min = 5s (custom)
2019-08-30 22:38:18,732 [pool-469-thread-1] INFO  server.RaftServerConfigKeys (ConfUtils.java:logGet(43)) - raft.server.rpc.timeout.max = 5200ms (custom)
2019-08-30 22:38:18,732 [pool-469-thread-1] INFO  server.RaftServerConfigKeys (ConfUtils.java:logGet(43)) - raft.server.rpcslowness.timeout = 120s (custom)
2019-08-30 22:38:18,732 [pool-469-thread-1] INFO  server.RaftServerConfigKeys (ConfUtils.java:logGet(43)) - raft.server.sleep.deviation.threshold = 300 (default)
2019-08-30 22:38:18,732 [pool-469-thread-1] INFO  server.RaftServerConfigKeys (ConfUtils.java:logGet(43)) - raft.server.log.appender.install.snapshot.enabled = false (custom)
2019-08-30 22:38:18,732 [pool-469-thread-1] INFO  impl.RaftServerImpl (ServerState.java:<init>(105)) - 08a98e8c-3230-413f-a62d-04417fccf4c4:group-8AB3EB773D33 ConfigurationManager, init=-1: [08a98e8c-3230-413f-a62d-04417fccf4c4:192.168.36.88:35865], old=null, confs=<EMPTY_MAP>
2019-08-30 22:38:18,732 [pool-469-thread-1] INFO  server.RaftServerConfigKeys (ConfUtils.java:logGet(43)) - raft.server.storage.dir = [/workdir/hadoop-ozone/integration-test/target/test-dir/MiniOzoneClusterImpl-8fb4be1f-1f01-4e1a-8b80-1b2fb75ab186/datanode-6/data/ratis] (custom)
2019-08-30 22:38:18,733 [pool-469-thread-1] INFO  storage.RaftStorageDirectory (RaftStorageDirectory.java:analyzeStorage(246)) - The storage directory /workdir/hadoop-ozone/integration-test/target/test-dir/MiniOzoneClusterImpl-8fb4be1f-1f01-4e1a-8b80-1b2fb75ab186/datanode-6/data/ratis/cd09ca85-1c31-4919-b90e-8ab3eb773d33 does not exist. Creating ...
2019-08-30 22:38:18,756 [pool-469-thread-1] INFO  storage.RaftStorageDirectory (RaftStorageDirectory.java:tryLock(328)) - Lock on /workdir/hadoop-ozone/integration-test/target/test-dir/MiniOzoneClusterImpl-8fb4be1f-1f01-4e1a-8b80-1b2fb75ab186/datanode-6/data/ratis/cd09ca85-1c31-4919-b90e-8ab3eb773d33/in_use.lock acquired by nodename 20791@pr-hdds-1909-plfbr-3209385976
2019-08-30 22:38:18,775 [pool-469-thread-1] INFO  storage.RaftStorage (RaftStorage.java:format(72)) - Storage directory /workdir/hadoop-ozone/integration-test/target/test-dir/MiniOzoneClusterImpl-8fb4be1f-1f01-4e1a-8b80-1b2fb75ab186/datanode-6/data/ratis/cd09ca85-1c31-4919-b90e-8ab3eb773d33 has been successfully formatted.
2019-08-30 22:38:18,775 [pool-469-thread-1] INFO  ratis.ContainerStateMachine (ContainerStateMachine.java:loadSnapshot(227)) - group-8AB3EB773D33: The snapshot info is null. Setting the last applied indexto:(t:0, i:~)
2019-08-30 22:38:18,775 [pool-469-thread-1] INFO  server.RaftServerConfigKeys (ConfUtils.java:logGet(43)) - raft.server.leader.election.timeout = 120s (custom)
2019-08-30 22:38:18,775 [pool-469-thread-1] INFO  server.RaftServerConfigKeys (ConfUtils.java:logGet(43)) - raft.server.log.use.memory = false (default)
2019-08-30 22:38:18,776 [pool-469-thread-1] INFO  server.RaftServerConfigKeys (ConfUtils.java:logGet(43)) - raft.server.log.purge.gap = 1000000 (custom)
2019-08-30 22:38:18,776 [pool-469-thread-1] INFO  server.RaftServerConfigKeys (ConfUtils.java:logGet(43)) - raft.server.log.appender.buffer.byte-limit = 33554432 (custom)
2019-08-30 22:38:18,776 [pool-469-thread-1] INFO  server.RaftServerConfigKeys (ConfUtils.java:logGet(43)) - raft.server.log.segment.size.max = 1048576 (custom)
2019-08-30 22:38:18,776 [pool-469-thread-1] INFO  server.RaftServerConfigKeys (ConfUtils.java:logGet(43)) - raft.server.log.segment.cache.num.max = 2 (custom)
2019-08-30 22:38:18,776 [pool-469-thread-1] INFO  segmented.SegmentedRaftLogWorker (SegmentedRaftLogWorker.java:<init>(172)) - new 08a98e8c-3230-413f-a62d-04417fccf4c4-SegmentedRaftLogWorker:Storage Directory /workdir/hadoop-ozone/integration-test/target/test-dir/MiniOzoneClusterImpl-8fb4be1f-1f01-4e1a-8b80-1b2fb75ab186/datanode-6/data/ratis/cd09ca85-1c31-4919-b90e-8ab3eb773d33 for RaftStorage:Storage Directory /workdir/hadoop-ozone/integration-test/target/test-dir/MiniOzoneClusterImpl-8fb4be1f-1f01-4e1a-8b80-1b2fb75ab186/datanode-6/data/ratis/cd09ca85-1c31-4919-b90e-8ab3eb773d33
2019-08-30 22:38:18,776 [pool-469-thread-1] INFO  server.RaftServerConfigKeys (ConfUtils.java:logGet(43)) - raft.server.log.queue.byte-limit = 2147483647 (custom)
2019-08-30 22:38:18,776 [pool-469-thread-1] INFO  server.RaftServerConfigKeys (ConfUtils.java:logGet(43)) - raft.server.log.queue.element-limit = 1024 (custom)
2019-08-30 22:38:18,777 [pool-469-thread-1] INFO  server.RaftServerConfigKeys (ConfUtils.java:logGet(43)) - raft.server.log.segment.size.max = 1048576 (custom)
2019-08-30 22:38:18,777 [pool-469-thread-1] INFO  server.RaftServerConfigKeys (ConfUtils.java:logGet(43)) - raft.server.log.preallocated.size = 16384 (custom)
2019-08-30 22:38:18,777 [pool-469-thread-1] INFO  server.RaftServerConfigKeys (ConfUtils.java:logGet(43)) - raft.server.log.write.buffer.size = 33554432 (custom)
2019-08-30 22:38:18,777 [pool-469-thread-1] INFO  server.RaftServerConfigKeys (ConfUtils.java:logGet(43)) - raft.server.log.force.sync.num = 128 (default)
2019-08-30 22:38:18,777 [pool-469-thread-1] INFO  server.RaftServerConfigKeys (ConfUtils.java:logGet(43)) - raft.server.log.statemachine.data.sync = true (default)
2019-08-30 22:38:18,777 [pool-469-thread-1] INFO  server.RaftServerConfigKeys (ConfUtils.java:logGet(43)) - raft.server.log.statemachine.data.sync.timeout = 10s (default)
2019-08-30 22:38:18,777 [pool-469-thread-1] INFO  server.RaftServerConfigKeys (ConfUtils.java:logGet(43)) - raft.server.log.statemachine.data.sync.timeout.retry = -1 (default)
2019-08-30 22:38:18,778 [pool-469-thread-1] INFO  server.RaftServerConfigKeys (ConfUtils.java:logGet(43)) - raft.server.log.statemachine.data.caching.enabled = true (custom)
2019-08-30 22:38:18,778 [pool-469-thread-1] INFO  segmented.SegmentedRaftLogWorker (SegmentedRaftLogWorker.java:lambda$new$0(132)) - 08a98e8c-3230-413f-a62d-04417fccf4c4-SegmentedRaftLogWorker:Storage Directory /workdir/hadoop-ozone/integration-test/target/test-dir/MiniOzoneClusterImpl-8fb4be1f-1f01-4e1a-8b80-1b2fb75ab186/datanode-6/data/ratis/cd09ca85-1c31-4919-b90e-8ab3eb773d33: flushIndex: setUnconditionally 0 -> -1
2019-08-30 22:38:18,778 [pool-469-thread-1] INFO  server.RaftServerConfigKeys (ConfUtils.java:logGet(43)) - raft.server.snapshot.auto.trigger.enabled = true (custom)
2019-08-30 22:38:18,778 [pool-469-thread-1] INFO  server.RaftServerConfigKeys (ConfUtils.java:logGet(43)) - raft.server.snapshot.auto.trigger.threshold = 10000 (custom)
2019-08-30 22:38:18,779 [pool-469-thread-1] INFO  server.RaftServerConfigKeys (ConfUtils.java:logGet(43)) - raft.server.retrycache.expirytime = 600000ms (custom)
2019-08-30 22:38:18,779 [pool-469-thread-1] INFO  impl.RaftServerImpl (RaftServerImpl.java:start(180)) - 08a98e8c-3230-413f-a62d-04417fccf4c4: start group-8AB3EB773D33
2019-08-30 22:38:18,779 [pool-469-thread-1] INFO  impl.RaftServerImpl (RaftServerImpl.java:setRole(171)) - 08a98e8c-3230-413f-a62d-04417fccf4c4:group-8AB3EB773D33 changes role from null to FOLLOWER at term 0 for startAsFollower
2019-08-30 22:38:18,779 [pool-469-thread-1] INFO  impl.RoleInfo (RoleInfo.java:updateAndGet(143)) - 08a98e8c-3230-413f-a62d-04417fccf4c4: start FollowerState
2019-08-30 22:38:18,779 [pool-469-thread-1] INFO  util.JmxRegister (JmxRegister.java:tryRegister(44)) - Successfully registered JMX Bean with object name Ratis:service=RaftServer,group=group-8AB3EB773D33,id=08a98e8c-3230-413f-a62d-04417fccf4c4
2019-08-30 22:38:18,782 [RatisPipelineUtilsThread] INFO  pipeline.PipelineStateManager (PipelineStateManager.java:addPipeline(56)) - Created pipeline Pipeline[ Id: cd09ca85-1c31-4919-b90e-8ab3eb773d33, Nodes: 08a98e8c-3230-413f-a62d-04417fccf4c4{ip: 192.168.36.88, host: pr-hdds-1909-plfbr-3209385976, networkLocation: /default-rack, certSerialId: null}, Type:RATIS, Factor:ONE, State:OPEN]
2019-08-30 22:38:18,801 [grpc-default-executor-2] INFO  impl.RaftServerProxy (RaftServerProxy.java:addNew(89)) - 04c29368-23fb-4365-aaec-69238c5c9731: addNew group-4741A1B238B0:[04c29368-23fb-4365-aaec-69238c5c9731:192.168.36.88:36284, a5fefde7-037e-4263-b518-79d76143dac2:192.168.36.88:37614, 7c6fe567-79fd-4e56-aa02-ded5ff9c30c0:192.168.36.88:40251] returns group-4741A1B238B0:java.util.concurrent.CompletableFuture@e1c0685[Not completed]
2019-08-30 22:38:18,801 [grpc-default-executor-16] INFO  impl.RaftServerProxy (RaftServerProxy.java:addNew(89)) - a5fefde7-037e-4263-b518-79d76143dac2: addNew group-4741A1B238B0:[04c29368-23fb-4365-aaec-69238c5c9731:192.168.36.88:36284, a5fefde7-037e-4263-b518-79d76143dac2:192.168.36.88:37614, 7c6fe567-79fd-4e56-aa02-ded5ff9c30c0:192.168.36.88:40251] returns group-4741A1B238B0:java.util.concurrent.CompletableFuture@3f164109[Not completed]
2019-08-30 22:38:18,801 [grpc-default-executor-13] INFO  impl.RaftServerProxy (RaftServerProxy.java:addNew(89)) - 7c6fe567-79fd-4e56-aa02-ded5ff9c30c0: addNew group-4741A1B238B0:[04c29368-23fb-4365-aaec-69238c5c9731:192.168.36.88:36284, a5fefde7-037e-4263-b518-79d76143dac2:192.168.36.88:37614, 7c6fe567-79fd-4e56-aa02-ded5ff9c30c0:192.168.36.88:40251] returns group-4741A1B238B0:java.util.concurrent.CompletableFuture@768783d6[Not completed]
2019-08-30 22:38:18,802 [pool-449-thread-1] INFO  impl.RaftServerImpl (RaftServerImpl.java:<init>(93)) - a5fefde7-037e-4263-b518-79d76143dac2: new RaftServerImpl for group-4741A1B238B0:[04c29368-23fb-4365-aaec-69238c5c9731:192.168.36.88:36284, a5fefde7-037e-4263-b518-79d76143dac2:192.168.36.88:37614, 7c6fe567-79fd-4e56-aa02-ded5ff9c30c0:192.168.36.88:40251] with ContainerStateMachine:uninitialized
2019-08-30 22:38:18,802 [pool-449-thread-1] INFO  server.RaftServerConfigKeys (ConfUtils.java:logGet(43)) - raft.server.rpc.timeout.min = 5s (custom)
2019-08-30 22:38:18,803 [pool-449-thread-1] INFO  server.RaftServerConfigKeys (ConfUtils.java:logGet(43)) - raft.server.rpc.timeout.max = 5200ms (custom)
2019-08-30 22:38:18,803 [pool-449-thread-1] INFO  server.RaftServerConfigKeys (ConfUtils.java:logGet(43)) - raft.server.rpcslowness.timeout = 120s (custom)
2019-08-30 22:38:18,803 [pool-449-thread-1] INFO  server.RaftServerConfigKeys (ConfUtils.java:logGet(43)) - raft.server.sleep.deviation.threshold = 300 (default)
2019-08-30 22:38:18,803 [pool-449-thread-1] INFO  server.RaftServerConfigKeys (ConfUtils.java:logGet(43)) - raft.server.log.appender.install.snapshot.enabled = false (custom)
2019-08-30 22:38:18,803 [pool-449-thread-1] INFO  impl.RaftServerImpl (ServerState.java:<init>(105)) - a5fefde7-037e-4263-b518-79d76143dac2:group-4741A1B238B0 ConfigurationManager, init=-1: [04c29368-23fb-4365-aaec-69238c5c9731:192.168.36.88:36284, a5fefde7-037e-4263-b518-79d76143dac2:192.168.36.88:37614, 7c6fe567-79fd-4e56-aa02-ded5ff9c30c0:192.168.36.88:40251], old=null, confs=<EMPTY_MAP>
2019-08-30 22:38:18,803 [pool-439-thread-1] INFO  impl.RaftServerImpl (RaftServerImpl.java:<init>(93)) - 7c6fe567-79fd-4e56-aa02-ded5ff9c30c0: new RaftServerImpl for group-4741A1B238B0:[04c29368-23fb-4365-aaec-69238c5c9731:192.168.36.88:36284, a5fefde7-037e-4263-b518-79d76143dac2:192.168.36.88:37614, 7c6fe567-79fd-4e56-aa02-ded5ff9c30c0:192.168.36.88:40251] with ContainerStateMachine:uninitialized
2019-08-30 22:38:18,803 [pool-449-thread-1] INFO  server.RaftServerConfigKeys (ConfUtils.java:logGet(43)) - raft.server.storage.dir = [/workdir/hadoop-ozone/integration-test/target/test-dir/MiniOzoneClusterImpl-8fb4be1f-1f01-4e1a-8b80-1b2fb75ab186/datanode-4/data/ratis] (custom)
2019-08-30 22:38:18,803 [pool-439-thread-1] INFO  server.RaftServerConfigKeys (ConfUtils.java:logGet(43)) - raft.server.rpc.timeout.min = 5s (custom)
2019-08-30 22:38:18,803 [pool-459-thread-1] INFO  impl.RaftServerImpl (RaftServerImpl.java:<init>(93)) - 04c29368-23fb-4365-aaec-69238c5c9731: new RaftServerImpl for group-4741A1B238B0:[04c29368-23fb-4365-aaec-69238c5c9731:192.168.36.88:36284, a5fefde7-037e-4263-b518-79d76143dac2:192.168.36.88:37614, 7c6fe567-79fd-4e56-aa02-ded5ff9c30c0:192.168.36.88:40251] with ContainerStateMachine:uninitialized
2019-08-30 22:38:18,804 [pool-439-thread-1] INFO  server.RaftServerConfigKeys (ConfUtils.java:logGet(43)) - raft.server.rpc.timeout.max = 5200ms (custom)
2019-08-30 22:38:18,804 [pool-449-thread-1] INFO  storage.RaftStorageDirectory (RaftStorageDirectory.java:analyzeStorage(246)) - The storage directory /workdir/hadoop-ozone/integration-test/target/test-dir/MiniOzoneClusterImpl-8fb4be1f-1f01-4e1a-8b80-1b2fb75ab186/datanode-4/data/ratis/1f1ac4e9-94b1-45e8-9b2b-4741a1b238b0 does not exist. Creating ...
2019-08-30 22:38:18,804 [pool-459-thread-1] INFO  server.RaftServerConfigKeys (ConfUtils.java:logGet(43)) - raft.server.rpc.timeout.min = 5s (custom)
2019-08-30 22:38:18,804 [pool-439-thread-1] INFO  server.RaftServerConfigKeys (ConfUtils.java:logGet(43)) - raft.server.rpcslowness.timeout = 120s (custom)
2019-08-30 22:38:18,804 [pool-459-thread-1] INFO  server.RaftServerConfigKeys (ConfUtils.java:logGet(43)) - raft.server.rpc.timeout.max = 5200ms (custom)
2019-08-30 22:38:18,804 [pool-439-thread-1] INFO  server.RaftServerConfigKeys (ConfUtils.java:logGet(43)) - raft.server.sleep.deviation.threshold = 300 (default)
2019-08-30 22:38:18,804 [pool-459-thread-1] INFO  server.RaftServerConfigKeys (ConfUtils.java:logGet(43)) - raft.server.rpcslowness.timeout = 120s (custom)
2019-08-30 22:38:18,804 [pool-439-thread-1] INFO  server.RaftServerConfigKeys (ConfUtils.java:logGet(43)) - raft.server.log.appender.install.snapshot.enabled = false (custom)
2019-08-30 22:38:18,804 [pool-459-thread-1] INFO  server.RaftServerConfigKeys (ConfUtils.java:logGet(43)) - raft.server.sleep.deviation.threshold = 300 (default)
2019-08-30 22:38:18,805 [pool-439-thread-1] INFO  impl.RaftServerImpl (ServerState.java:<init>(105)) - 7c6fe567-79fd-4e56-aa02-ded5ff9c30c0:group-4741A1B238B0 ConfigurationManager, init=-1: [04c29368-23fb-4365-aaec-69238c5c9731:192.168.36.88:36284, a5fefde7-037e-4263-b518-79d76143dac2:192.168.36.88:37614, 7c6fe567-79fd-4e56-aa02-ded5ff9c30c0:192.168.36.88:40251], old=null, confs=<EMPTY_MAP>
2019-08-30 22:38:18,805 [pool-459-thread-1] INFO  server.RaftServerConfigKeys (ConfUtils.java:logGet(43)) - raft.server.log.appender.install.snapshot.enabled = false (custom)
2019-08-30 22:38:18,805 [pool-439-thread-1] INFO  server.RaftServerConfigKeys (ConfUtils.java:logGet(43)) - raft.server.storage.dir = [/workdir/hadoop-ozone/integration-test/target/test-dir/MiniOzoneClusterImpl-8fb4be1f-1f01-4e1a-8b80-1b2fb75ab186/datanode-3/data/ratis] (custom)
2019-08-30 22:38:18,805 [pool-459-thread-1] INFO  impl.RaftServerImpl (ServerState.java:<init>(105)) - 04c29368-23fb-4365-aaec-69238c5c9731:group-4741A1B238B0 ConfigurationManager, init=-1: [04c29368-23fb-4365-aaec-69238c5c9731:192.168.36.88:36284, a5fefde7-037e-4263-b518-79d76143dac2:192.168.36.88:37614, 7c6fe567-79fd-4e56-aa02-ded5ff9c30c0:192.168.36.88:40251], old=null, confs=<EMPTY_MAP>
2019-08-30 22:38:18,805 [pool-459-thread-1] INFO  server.RaftServerConfigKeys (ConfUtils.java:logGet(43)) - raft.server.storage.dir = [/workdir/hadoop-ozone/integration-test/target/test-dir/MiniOzoneClusterImpl-8fb4be1f-1f01-4e1a-8b80-1b2fb75ab186/datanode-5/data/ratis] (custom)
2019-08-30 22:38:18,805 [pool-439-thread-1] INFO  storage.RaftStorageDirectory (RaftStorageDirectory.java:analyzeStorage(246)) - The storage directory /workdir/hadoop-ozone/integration-test/target/test-dir/MiniOzoneClusterImpl-8fb4be1f-1f01-4e1a-8b80-1b2fb75ab186/datanode-3/data/ratis/1f1ac4e9-94b1-45e8-9b2b-4741a1b238b0 does not exist. Creating ...
2019-08-30 22:38:18,805 [pool-459-thread-1] INFO  storage.RaftStorageDirectory (RaftStorageDirectory.java:analyzeStorage(246)) - The storage directory /workdir/hadoop-ozone/integration-test/target/test-dir/MiniOzoneClusterImpl-8fb4be1f-1f01-4e1a-8b80-1b2fb75ab186/datanode-5/data/ratis/1f1ac4e9-94b1-45e8-9b2b-4741a1b238b0 does not exist. Creating ...
2019-08-30 22:38:18,819 [pool-439-thread-1] INFO  storage.RaftStorageDirectory (RaftStorageDirectory.java:tryLock(328)) - Lock on /workdir/hadoop-ozone/integration-test/target/test-dir/MiniOzoneClusterImpl-8fb4be1f-1f01-4e1a-8b80-1b2fb75ab186/datanode-3/data/ratis/1f1ac4e9-94b1-45e8-9b2b-4741a1b238b0/in_use.lock acquired by nodename 20791@pr-hdds-1909-plfbr-3209385976
2019-08-30 22:38:18,820 [pool-459-thread-1] INFO  storage.RaftStorageDirectory (RaftStorageDirectory.java:tryLock(328)) - Lock on /workdir/hadoop-ozone/integration-test/target/test-dir/MiniOzoneClusterImpl-8fb4be1f-1f01-4e1a-8b80-1b2fb75ab186/datanode-5/data/ratis/1f1ac4e9-94b1-45e8-9b2b-4741a1b238b0/in_use.lock acquired by nodename 20791@pr-hdds-1909-plfbr-3209385976
2019-08-30 22:38:18,820 [pool-449-thread-1] INFO  storage.RaftStorageDirectory (RaftStorageDirectory.java:tryLock(328)) - Lock on /workdir/hadoop-ozone/integration-test/target/test-dir/MiniOzoneClusterImpl-8fb4be1f-1f01-4e1a-8b80-1b2fb75ab186/datanode-4/data/ratis/1f1ac4e9-94b1-45e8-9b2b-4741a1b238b0/in_use.lock acquired by nodename 20791@pr-hdds-1909-plfbr-3209385976
2019-08-30 22:38:18,870 [pool-449-thread-1] INFO  storage.RaftStorage (RaftStorage.java:format(72)) - Storage directory /workdir/hadoop-ozone/integration-test/target/test-dir/MiniOzoneClusterImpl-8fb4be1f-1f01-4e1a-8b80-1b2fb75ab186/datanode-4/data/ratis/1f1ac4e9-94b1-45e8-9b2b-4741a1b238b0 has been successfully formatted.
2019-08-30 22:38:18,870 [pool-459-thread-1] INFO  storage.RaftStorage (RaftStorage.java:format(72)) - Storage directory /workdir/hadoop-ozone/integration-test/target/test-dir/MiniOzoneClusterImpl-8fb4be1f-1f01-4e1a-8b80-1b2fb75ab186/datanode-5/data/ratis/1f1ac4e9-94b1-45e8-9b2b-4741a1b238b0 has been successfully formatted.
2019-08-30 22:38:18,871 [pool-449-thread-1] INFO  ratis.ContainerStateMachine (ContainerStateMachine.java:loadSnapshot(227)) - group-4741A1B238B0: The snapshot info is null. Setting the last applied indexto:(t:0, i:~)
2019-08-30 22:38:18,870 [pool-439-thread-1] INFO  storage.RaftStorage (RaftStorage.java:format(72)) - Storage directory /workdir/hadoop-ozone/integration-test/target/test-dir/MiniOzoneClusterImpl-8fb4be1f-1f01-4e1a-8b80-1b2fb75ab186/datanode-3/data/ratis/1f1ac4e9-94b1-45e8-9b2b-4741a1b238b0 has been successfully formatted.
2019-08-30 22:38:18,871 [pool-449-thread-1] INFO  server.RaftServerConfigKeys (ConfUtils.java:logGet(43)) - raft.server.leader.election.timeout = 120s (custom)
2019-08-30 22:38:18,871 [pool-459-thread-1] INFO  ratis.ContainerStateMachine (ContainerStateMachine.java:loadSnapshot(227)) - group-4741A1B238B0: The snapshot info is null. Setting the last applied indexto:(t:0, i:~)
2019-08-30 22:38:18,871 [pool-439-thread-1] INFO  ratis.ContainerStateMachine (ContainerStateMachine.java:loadSnapshot(227)) - group-4741A1B238B0: The snapshot info is null. Setting the last applied indexto:(t:0, i:~)
2019-08-30 22:38:18,871 [pool-449-thread-1] INFO  server.RaftServerConfigKeys (ConfUtils.java:logGet(43)) - raft.server.log.use.memory = false (default)
2019-08-30 22:38:18,872 [pool-439-thread-1] INFO  server.RaftServerConfigKeys (ConfUtils.java:logGet(43)) - raft.server.leader.election.timeout = 120s (custom)
2019-08-30 22:38:18,871 [pool-459-thread-1] INFO  server.RaftServerConfigKeys (ConfUtils.java:logGet(43)) - raft.server.leader.election.timeout = 120s (custom)
2019-08-30 22:38:18,872 [pool-439-thread-1] INFO  server.RaftServerConfigKeys (ConfUtils.java:logGet(43)) - raft.server.log.use.memory = false (default)
2019-08-30 22:38:18,872 [pool-449-thread-1] INFO  server.RaftServerConfigKeys (ConfUtils.java:logGet(43)) - raft.server.log.purge.gap = 1000000 (custom)
2019-08-30 22:38:18,872 [pool-439-thread-1] INFO  server.RaftServerConfigKeys (ConfUtils.java:logGet(43)) - raft.server.log.purge.gap = 1000000 (custom)
2019-08-30 22:38:18,872 [pool-439-thread-1] INFO  server.RaftServerConfigKeys (ConfUtils.java:logGet(43)) - raft.server.log.appender.buffer.byte-limit = 33554432 (custom)
2019-08-30 22:38:18,872 [pool-459-thread-1] INFO  server.RaftServerConfigKeys (ConfUtils.java:logGet(43)) - raft.server.log.use.memory = false (default)
2019-08-30 22:38:18,872 [pool-439-thread-1] INFO  server.RaftServerConfigKeys (ConfUtils.java:logGet(43)) - raft.server.log.segment.size.max = 1048576 (custom)
2019-08-30 22:38:18,872 [pool-449-thread-1] INFO  server.RaftServerConfigKeys (ConfUtils.java:logGet(43)) - raft.server.log.appender.buffer.byte-limit = 33554432 (custom)
2019-08-30 22:38:18,873 [pool-439-thread-1] INFO  server.RaftServerConfigKeys (ConfUtils.java:logGet(43)) - raft.server.log.segment.cache.num.max = 2 (custom)
2019-08-30 22:38:18,873 [pool-459-thread-1] INFO  server.RaftServerConfigKeys (ConfUtils.java:logGet(43)) - raft.server.log.purge.gap = 1000000 (custom)
2019-08-30 22:38:18,873 [pool-439-thread-1] INFO  segmented.SegmentedRaftLogWorker (SegmentedRaftLogWorker.java:<init>(172)) - new 7c6fe567-79fd-4e56-aa02-ded5ff9c30c0-SegmentedRaftLogWorker:Storage Directory /workdir/hadoop-ozone/integration-test/target/test-dir/MiniOzoneClusterImpl-8fb4be1f-1f01-4e1a-8b80-1b2fb75ab186/datanode-3/data/ratis/1f1ac4e9-94b1-45e8-9b2b-4741a1b238b0 for RaftStorage:Storage Directory /workdir/hadoop-ozone/integration-test/target/test-dir/MiniOzoneClusterImpl-8fb4be1f-1f01-4e1a-8b80-1b2fb75ab186/datanode-3/data/ratis/1f1ac4e9-94b1-45e8-9b2b-4741a1b238b0
2019-08-30 22:38:18,873 [pool-449-thread-1] INFO  server.RaftServerConfigKeys (ConfUtils.java:logGet(43)) - raft.server.log.segment.size.max = 1048576 (custom)
2019-08-30 22:38:18,873 [pool-439-thread-1] INFO  server.RaftServerConfigKeys (ConfUtils.java:logGet(43)) - raft.server.log.queue.byte-limit = 2147483647 (custom)
2019-08-30 22:38:18,873 [pool-459-thread-1] INFO  server.RaftServerConfigKeys (ConfUtils.java:logGet(43)) - raft.server.log.appender.buffer.byte-limit = 33554432 (custom)
2019-08-30 22:38:18,873 [pool-439-thread-1] INFO  server.RaftServerConfigKeys (ConfUtils.java:logGet(43)) - raft.server.log.queue.element-limit = 1024 (custom)
2019-08-30 22:38:18,873 [pool-449-thread-1] INFO  server.RaftServerConfigKeys (ConfUtils.java:logGet(43)) - raft.server.log.segment.cache.num.max = 2 (custom)
2019-08-30 22:38:18,874 [pool-439-thread-1] INFO  server.RaftServerConfigKeys (ConfUtils.java:logGet(43)) - raft.server.log.segment.size.max = 1048576 (custom)
2019-08-30 22:38:18,874 [pool-439-thread-1] INFO  server.RaftServerConfigKeys (ConfUtils.java:logGet(43)) - raft.server.log.preallocated.size = 16384 (custom)
2019-08-30 22:38:18,874 [pool-459-thread-1] INFO  server.RaftServerConfigKeys (ConfUtils.java:logGet(43)) - raft.server.log.segment.size.max = 1048576 (custom)
2019-08-30 22:38:18,874 [pool-439-thread-1] INFO  server.RaftServerConfigKeys (ConfUtils.java:logGet(43)) - raft.server.log.write.buffer.size = 33554432 (custom)
2019-08-30 22:38:18,874 [pool-449-thread-1] INFO  segmented.SegmentedRaftLogWorker (SegmentedRaftLogWorker.java:<init>(172)) - new a5fefde7-037e-4263-b518-79d76143dac2-SegmentedRaftLogWorker:Storage Directory /workdir/hadoop-ozone/integration-test/target/test-dir/MiniOzoneClusterImpl-8fb4be1f-1f01-4e1a-8b80-1b2fb75ab186/datanode-4/data/ratis/1f1ac4e9-94b1-45e8-9b2b-4741a1b238b0 for RaftStorage:Storage Directory /workdir/hadoop-ozone/integration-test/target/test-dir/MiniOzoneClusterImpl-8fb4be1f-1f01-4e1a-8b80-1b2fb75ab186/datanode-4/data/ratis/1f1ac4e9-94b1-45e8-9b2b-4741a1b238b0
2019-08-30 22:38:18,874 [pool-439-thread-1] INFO  server.RaftServerConfigKeys (ConfUtils.java:logGet(43)) - raft.server.log.force.sync.num = 128 (default)
2019-08-30 22:38:18,874 [pool-459-thread-1] INFO  server.RaftServerConfigKeys (ConfUtils.java:logGet(43)) - raft.server.log.segment.cache.num.max = 2 (custom)
2019-08-30 22:38:18,875 [pool-439-thread-1] INFO  server.RaftServerConfigKeys (ConfUtils.java:logGet(43)) - raft.server.log.statemachine.data.sync = true (default)
2019-08-30 22:38:18,875 [pool-439-thread-1] INFO  server.RaftServerConfigKeys (ConfUtils.java:logGet(43)) - raft.server.log.statemachine.data.sync.timeout = 10s (default)
2019-08-30 22:38:18,874 [pool-449-thread-1] INFO  server.RaftServerConfigKeys (ConfUtils.java:logGet(43)) - raft.server.log.queue.byte-limit = 2147483647 (custom)
2019-08-30 22:38:18,875 [pool-439-thread-1] INFO  server.RaftServerConfigKeys (ConfUtils.java:logGet(43)) - raft.server.log.statemachine.data.sync.timeout.retry = -1 (default)
2019-08-30 22:38:18,875 [pool-459-thread-1] INFO  segmented.SegmentedRaftLogWorker (SegmentedRaftLogWorker.java:<init>(172)) - new 04c29368-23fb-4365-aaec-69238c5c9731-SegmentedRaftLogWorker:Storage Directory /workdir/hadoop-ozone/integration-test/target/test-dir/MiniOzoneClusterImpl-8fb4be1f-1f01-4e1a-8b80-1b2fb75ab186/datanode-5/data/ratis/1f1ac4e9-94b1-45e8-9b2b-4741a1b238b0 for RaftStorage:Storage Directory /workdir/hadoop-ozone/integration-test/target/test-dir/MiniOzoneClusterImpl-8fb4be1f-1f01-4e1a-8b80-1b2fb75ab186/datanode-5/data/ratis/1f1ac4e9-94b1-45e8-9b2b-4741a1b238b0
2019-08-30 22:38:18,875 [pool-439-thread-1] INFO  server.RaftServerConfigKeys (ConfUtils.java:logGet(43)) - raft.server.log.statemachine.data.caching.enabled = true (custom)
2019-08-30 22:38:18,875 [pool-449-thread-1] INFO  server.RaftServerConfigKeys (ConfUtils.java:logGet(43)) - raft.server.log.queue.element-limit = 1024 (custom)
2019-08-30 22:38:18,876 [pool-439-thread-1] INFO  segmented.SegmentedRaftLogWorker (SegmentedRaftLogWorker.java:lambda$new$0(132)) - 7c6fe567-79fd-4e56-aa02-ded5ff9c30c0-SegmentedRaftLogWorker:Storage Directory /workdir/hadoop-ozone/integration-test/target/test-dir/MiniOzoneClusterImpl-8fb4be1f-1f01-4e1a-8b80-1b2fb75ab186/datanode-3/data/ratis/1f1ac4e9-94b1-45e8-9b2b-4741a1b238b0: flushIndex: setUnconditionally 0 -> -1
2019-08-30 22:38:18,875 [pool-459-thread-1] INFO  server.RaftServerConfigKeys (ConfUtils.java:logGet(43)) - raft.server.log.queue.byte-limit = 2147483647 (custom)
2019-08-30 22:38:18,876 [pool-449-thread-1] INFO  server.RaftServerConfigKeys (ConfUtils.java:logGet(43)) - raft.server.log.segment.size.max = 1048576 (custom)
2019-08-30 22:38:18,876 [pool-439-thread-1] INFO  server.RaftServerConfigKeys (ConfUtils.java:logGet(43)) - raft.server.snapshot.auto.trigger.enabled = true (custom)
2019-08-30 22:38:18,876 [pool-459-thread-1] INFO  server.RaftServerConfigKeys (ConfUtils.java:logGet(43)) - raft.server.log.queue.element-limit = 1024 (custom)
2019-08-30 22:38:18,876 [pool-439-thread-1] INFO  server.RaftServerConfigKeys (ConfUtils.java:logGet(43)) - raft.server.snapshot.auto.trigger.threshold = 10000 (custom)
2019-08-30 22:38:18,876 [pool-449-thread-1] INFO  server.RaftServerConfigKeys (ConfUtils.java:logGet(43)) - raft.server.log.preallocated.size = 16384 (custom)
2019-08-30 22:38:18,877 [pool-439-thread-1] INFO  server.RaftServerConfigKeys (ConfUtils.java:logGet(43)) - raft.server.retrycache.expirytime = 600000ms (custom)
2019-08-30 22:38:18,876 [pool-459-thread-1] INFO  server.RaftServerConfigKeys (ConfUtils.java:logGet(43)) - raft.server.log.segment.size.max = 1048576 (custom)
2019-08-30 22:38:18,877 [pool-439-thread-1] INFO  impl.RaftServerImpl (RaftServerImpl.java:start(180)) - 7c6fe567-79fd-4e56-aa02-ded5ff9c30c0: start group-4741A1B238B0
2019-08-30 22:38:18,877 [pool-449-thread-1] INFO  server.RaftServerConfigKeys (ConfUtils.java:logGet(43)) - raft.server.log.write.buffer.size = 33554432 (custom)
2019-08-30 22:38:18,877 [pool-439-thread-1] INFO  impl.RaftServerImpl (RaftServerImpl.java:setRole(171)) - 7c6fe567-79fd-4e56-aa02-ded5ff9c30c0:group-4741A1B238B0 changes role from null to FOLLOWER at term 0 for startAsFollower
2019-08-30 22:38:18,877 [pool-459-thread-1] INFO  server.RaftServerConfigKeys (ConfUtils.java:logGet(43)) - raft.server.log.preallocated.size = 16384 (custom)
2019-08-30 22:38:18,877 [pool-439-thread-1] INFO  impl.RoleInfo (RoleInfo.java:updateAndGet(143)) - 7c6fe567-79fd-4e56-aa02-ded5ff9c30c0: start FollowerState
2019-08-30 22:38:18,877 [pool-449-thread-1] INFO  server.RaftServerConfigKeys (ConfUtils.java:logGet(43)) - raft.server.log.force.sync.num = 128 (default)
2019-08-30 22:38:18,877 [pool-459-thread-1] INFO  server.RaftServerConfigKeys (ConfUtils.java:logGet(43)) - raft.server.log.write.buffer.size = 33554432 (custom)
2019-08-30 22:38:18,878 [pool-449-thread-1] INFO  server.RaftServerConfigKeys (ConfUtils.java:logGet(43)) - raft.server.log.statemachine.data.sync = true (default)
2019-08-30 22:38:18,878 [pool-439-thread-1] INFO  util.JmxRegister (JmxRegister.java:tryRegister(44)) - Successfully registered JMX Bean with object name Ratis:service=RaftServer,group=group-4741A1B238B0,id=7c6fe567-79fd-4e56-aa02-ded5ff9c30c0
2019-08-30 22:38:18,878 [pool-459-thread-1] INFO  server.RaftServerConfigKeys (ConfUtils.java:logGet(43)) - raft.server.log.force.sync.num = 128 (default)
2019-08-30 22:38:18,878 [pool-449-thread-1] INFO  server.RaftServerConfigKeys (ConfUtils.java:logGet(43)) - raft.server.log.statemachine.data.sync.timeout = 10s (default)
2019-08-30 22:38:18,878 [pool-459-thread-1] INFO  server.RaftServerConfigKeys (ConfUtils.java:logGet(43)) - raft.server.log.statemachine.data.sync = true (default)
2019-08-30 22:38:18,878 [pool-449-thread-1] INFO  server.RaftServerConfigKeys (ConfUtils.java:logGet(43)) - raft.server.log.statemachine.data.sync.timeout.retry = -1 (default)
2019-08-30 22:38:18,878 [pool-459-thread-1] INFO  server.RaftServerConfigKeys (ConfUtils.java:logGet(43)) - raft.server.log.statemachine.data.sync.timeout = 10s (default)
2019-08-30 22:38:18,879 [pool-449-thread-1] INFO  server.RaftServerConfigKeys (ConfUtils.java:logGet(43)) - raft.server.log.statemachine.data.caching.enabled = true (custom)
2019-08-30 22:38:18,879 [pool-459-thread-1] INFO  server.RaftServerConfigKeys (ConfUtils.java:logGet(43)) - raft.server.log.statemachine.data.sync.timeout.retry = -1 (default)
2019-08-30 22:38:18,879 [pool-449-thread-1] INFO  segmented.SegmentedRaftLogWorker (SegmentedRaftLogWorker.java:lambda$new$0(132)) - a5fefde7-037e-4263-b518-79d76143dac2-SegmentedRaftLogWorker:Storage Directory /workdir/hadoop-ozone/integration-test/target/test-dir/MiniOzoneClusterImpl-8fb4be1f-1f01-4e1a-8b80-1b2fb75ab186/datanode-4/data/ratis/1f1ac4e9-94b1-45e8-9b2b-4741a1b238b0: flushIndex: setUnconditionally 0 -> -1
2019-08-30 22:38:18,879 [pool-459-thread-1] INFO  server.RaftServerConfigKeys (ConfUtils.java:logGet(43)) - raft.server.log.statemachine.data.caching.enabled = true (custom)
2019-08-30 22:38:18,879 [pool-449-thread-1] INFO  server.RaftServerConfigKeys (ConfUtils.java:logGet(43)) - raft.server.snapshot.auto.trigger.enabled = true (custom)
2019-08-30 22:38:18,879 [pool-449-thread-1] INFO  server.RaftServerConfigKeys (ConfUtils.java:logGet(43)) - raft.server.snapshot.auto.trigger.threshold = 10000 (custom)
2019-08-30 22:38:18,879 [pool-449-thread-1] INFO  server.RaftServerConfigKeys (ConfUtils.java:logGet(43)) - raft.server.retrycache.expirytime = 600000ms (custom)
2019-08-30 22:38:18,880 [pool-449-thread-1] INFO  impl.RaftServerImpl (RaftServerImpl.java:start(180)) - a5fefde7-037e-4263-b518-79d76143dac2: start group-4741A1B238B0
2019-08-30 22:38:18,880 [pool-449-thread-1] INFO  impl.RaftServerImpl (RaftServerImpl.java:setRole(171)) - a5fefde7-037e-4263-b518-79d76143dac2:group-4741A1B238B0 changes role from null to FOLLOWER at term 0 for startAsFollower
2019-08-30 22:38:18,880 [pool-449-thread-1] INFO  impl.RoleInfo (RoleInfo.java:updateAndGet(143)) - a5fefde7-037e-4263-b518-79d76143dac2: start FollowerState
2019-08-30 22:38:18,880 [pool-459-thread-1] INFO  segmented.SegmentedRaftLogWorker (SegmentedRaftLogWorker.java:lambda$new$0(132)) - 04c29368-23fb-4365-aaec-69238c5c9731-SegmentedRaftLogWorker:Storage Directory /workdir/hadoop-ozone/integration-test/target/test-dir/MiniOzoneClusterImpl-8fb4be1f-1f01-4e1a-8b80-1b2fb75ab186/datanode-5/data/ratis/1f1ac4e9-94b1-45e8-9b2b-4741a1b238b0: flushIndex: setUnconditionally 0 -> -1
2019-08-30 22:38:18,880 [pool-449-thread-1] INFO  util.JmxRegister (JmxRegister.java:tryRegister(44)) - Successfully registered JMX Bean with object name Ratis:service=RaftServer,group=group-4741A1B238B0,id=a5fefde7-037e-4263-b518-79d76143dac2
2019-08-30 22:38:18,880 [pool-459-thread-1] INFO  server.RaftServerConfigKeys (ConfUtils.java:logGet(43)) - raft.server.snapshot.auto.trigger.enabled = true (custom)
2019-08-30 22:38:18,880 [pool-459-thread-1] INFO  server.RaftServerConfigKeys (ConfUtils.java:logGet(43)) - raft.server.snapshot.auto.trigger.threshold = 10000 (custom)
2019-08-30 22:38:18,881 [pool-459-thread-1] INFO  server.RaftServerConfigKeys (ConfUtils.java:logGet(43)) - raft.server.retrycache.expirytime = 600000ms (custom)
2019-08-30 22:38:18,881 [pool-459-thread-1] INFO  impl.RaftServerImpl (RaftServerImpl.java:start(180)) - 04c29368-23fb-4365-aaec-69238c5c9731: start group-4741A1B238B0
2019-08-30 22:38:18,881 [pool-459-thread-1] INFO  impl.RaftServerImpl (RaftServerImpl.java:setRole(171)) - 04c29368-23fb-4365-aaec-69238c5c9731:group-4741A1B238B0 changes role from null to FOLLOWER at term 0 for startAsFollower
2019-08-30 22:38:18,881 [pool-459-thread-1] INFO  impl.RoleInfo (RoleInfo.java:updateAndGet(143)) - 04c29368-23fb-4365-aaec-69238c5c9731: start FollowerState
2019-08-30 22:38:18,881 [pool-459-thread-1] INFO  util.JmxRegister (JmxRegister.java:tryRegister(44)) - Successfully registered JMX Bean with object name Ratis:service=RaftServer,group=group-4741A1B238B0,id=04c29368-23fb-4365-aaec-69238c5c9731
2019-08-30 22:38:18,883 [RatisPipelineUtilsThread] INFO  pipeline.PipelineStateManager (PipelineStateManager.java:addPipeline(56)) - Created pipeline Pipeline[ Id: 1f1ac4e9-94b1-45e8-9b2b-4741a1b238b0, Nodes: 04c29368-23fb-4365-aaec-69238c5c9731{ip: 192.168.36.88, host: pr-hdds-1909-plfbr-3209385976, networkLocation: /default-rack, certSerialId: null}7c6fe567-79fd-4e56-aa02-ded5ff9c30c0{ip: 192.168.36.88, host: pr-hdds-1909-plfbr-3209385976, networkLocation: /default-rack, certSerialId: null}a5fefde7-037e-4263-b518-79d76143dac2{ip: 192.168.36.88, host: pr-hdds-1909-plfbr-3209385976, networkLocation: /default-rack, certSerialId: null}, Type:RATIS, Factor:THREE, State:OPEN]
2019-08-30 22:38:19,708 [main] INFO  ozone.MiniOzoneClusterImpl (MiniOzoneClusterImpl.java:lambda$waitForClusterToBeReady$0(140)) - Cluster is ready. Got 7 of 7 DN Heartbeats.
2019-08-30 22:38:19,736 [main] INFO  rpc.RpcClient (RpcClient.java:createVolume(293)) - Creating Volume: testblockoutputstream, with jenkins1000 as owner.
2019-08-30 22:38:19,738 [IPC Server handler 1 on 40906] INFO  volume.OMVolumeCreateRequest (OMVolumeCreateRequest.java:validateAndUpdateCache(189)) - created volume:testblockoutputstream for user:jenkins1000
2019-08-30 22:38:19,749 [main] INFO  rpc.RpcClient (RpcClient.java:createBucket(432)) - Creating Bucket: testblockoutputstream/testblockoutputstream, with Versioning false and Storage Type set to DISK and Encryption set to false 
2019-08-30 22:38:19,772 [grpc-default-executor-13] INFO  client.GrpcClientProtocolClient (GrpcClientProtocolClient.java:onNext(255)) - client-7B13BF8A455B->04c29368-23fb-4365-aaec-69238c5c9731: receive RaftClientReply:client-7B13BF8A455B->04c29368-23fb-4365-aaec-69238c5c9731@group-4741A1B238B0, cid=168, FAILED org.apache.ratis.protocol.NotLeaderException: Server 04c29368-23fb-4365-aaec-69238c5c9731 is not the leader (null). Request must be sent to leader., logIndex=0, commits[04c29368-23fb-4365-aaec-69238c5c9731:c-1]
2019-08-30 22:38:20,790 [grpc-default-executor-13] INFO  client.GrpcClientProtocolClient (GrpcClientProtocolClient.java:onNext(255)) - client-7B13BF8A455B->7c6fe567-79fd-4e56-aa02-ded5ff9c30c0: receive RaftClientReply:client-7B13BF8A455B->7c6fe567-79fd-4e56-aa02-ded5ff9c30c0@group-4741A1B238B0, cid=168, FAILED org.apache.ratis.protocol.NotLeaderException: Server 7c6fe567-79fd-4e56-aa02-ded5ff9c30c0 is not the leader (null). Request must be sent to leader., logIndex=0, commits[7c6fe567-79fd-4e56-aa02-ded5ff9c30c0:c-1]
2019-08-30 22:38:21,281 [Thread-3369] INFO  container.ReplicationManager (ReplicationManager.java:start(162)) - Starting Replication Monitor Thread.
2019-08-30 22:38:21,284 [ReplicationMonitor] INFO  container.ReplicationManager (ReplicationManager.java:run(225)) - Replication Monitor Thread took 0 milliseconds for processing 1 containers.
2019-08-30 22:38:21,798 [grpc-default-executor-13] INFO  client.GrpcClientProtocolClient (GrpcClientProtocolClient.java:onNext(255)) - client-7B13BF8A455B->a5fefde7-037e-4263-b518-79d76143dac2: receive RaftClientReply:client-7B13BF8A455B->a5fefde7-037e-4263-b518-79d76143dac2@group-4741A1B238B0, cid=168, FAILED org.apache.ratis.protocol.NotLeaderException: Server a5fefde7-037e-4263-b518-79d76143dac2 is not the leader (null). Request must be sent to leader., logIndex=0, commits[a5fefde7-037e-4263-b518-79d76143dac2:c-1]
2019-08-30 22:38:22,811 [grpc-default-executor-16] INFO  client.GrpcClientProtocolClient (GrpcClientProtocolClient.java:onNext(255)) - client-7B13BF8A455B->04c29368-23fb-4365-aaec-69238c5c9731: receive RaftClientReply:client-7B13BF8A455B->04c29368-23fb-4365-aaec-69238c5c9731@group-4741A1B238B0, cid=168, FAILED org.apache.ratis.protocol.NotLeaderException: Server 04c29368-23fb-4365-aaec-69238c5c9731 is not the leader (null). Request must be sent to leader., logIndex=0, commits[04c29368-23fb-4365-aaec-69238c5c9731:c-1]
2019-08-30 22:38:23,423 [Thread-3374] INFO  impl.FollowerState (FollowerState.java:run(106)) - 2dcb9ef1-393c-4beb-b158-3ac2a1e6a1a8:group-98AD8AB274E1 changes to CANDIDATE, lastRpcTime:5033, electionTimeout:5033ms
2019-08-30 22:38:23,423 [Thread-3374] INFO  impl.RoleInfo (RoleInfo.java:shutdownFollowerState(121)) - 2dcb9ef1-393c-4beb-b158-3ac2a1e6a1a8: shutdown FollowerState
2019-08-30 22:38:23,423 [Thread-3374] INFO  impl.RaftServerImpl (RaftServerImpl.java:setRole(171)) - 2dcb9ef1-393c-4beb-b158-3ac2a1e6a1a8:group-98AD8AB274E1 changes role from FOLLOWER to CANDIDATE at term 0 for changeToCandidate
2019-08-30 22:38:23,423 [Thread-3374] INFO  impl.RoleInfo (RoleInfo.java:updateAndGet(143)) - 2dcb9ef1-393c-4beb-b158-3ac2a1e6a1a8: start LeaderElection
2019-08-30 22:38:23,450 [2dcb9ef1-393c-4beb-b158-3ac2a1e6a1a8:group-98AD8AB274E1:LeaderElection68] INFO  impl.LeaderElection (LeaderElection.java:askForVotes(181)) - 2dcb9ef1-393c-4beb-b158-3ac2a1e6a1a8:group-98AD8AB274E1:LeaderElection68: begin an election at term 1 for -1: [2dcb9ef1-393c-4beb-b158-3ac2a1e6a1a8:192.168.36.88:36570], old=null
2019-08-30 22:38:23,450 [2dcb9ef1-393c-4beb-b158-3ac2a1e6a1a8:group-98AD8AB274E1:LeaderElection68] INFO  impl.RoleInfo (RoleInfo.java:shutdownLeaderElection(134)) - 2dcb9ef1-393c-4beb-b158-3ac2a1e6a1a8: shutdown LeaderElection
2019-08-30 22:38:23,451 [2dcb9ef1-393c-4beb-b158-3ac2a1e6a1a8:group-98AD8AB274E1:LeaderElection68] INFO  impl.RaftServerImpl (RaftServerImpl.java:setRole(171)) - 2dcb9ef1-393c-4beb-b158-3ac2a1e6a1a8:group-98AD8AB274E1 changes role from CANDIDATE to LEADER at term 1 for changeToLeader
2019-08-30 22:38:23,451 [2dcb9ef1-393c-4beb-b158-3ac2a1e6a1a8:group-98AD8AB274E1:LeaderElection68] INFO  impl.RaftServerImpl (ServerState.java:setLeader(263)) - 2dcb9ef1-393c-4beb-b158-3ac2a1e6a1a8:group-98AD8AB274E1 change Leader from null to 2dcb9ef1-393c-4beb-b158-3ac2a1e6a1a8 at term 1 for becomeLeader, leader elected after 5064ms
2019-08-30 22:38:23,451 [2dcb9ef1-393c-4beb-b158-3ac2a1e6a1a8:group-98AD8AB274E1:LeaderElection68] INFO  server.RaftServerConfigKeys (ConfUtils.java:logGet(43)) - raft.server.staging.catchup.gap = 1000 (default)
2019-08-30 22:38:23,451 [2dcb9ef1-393c-4beb-b158-3ac2a1e6a1a8:group-98AD8AB274E1:LeaderElection68] INFO  server.RaftServerConfigKeys (ConfUtils.java:logGet(43)) - raft.server.rpc.sleep.time = 25ms (default)
2019-08-30 22:38:23,451 [2dcb9ef1-393c-4beb-b158-3ac2a1e6a1a8:group-98AD8AB274E1:LeaderElection68] INFO  server.RaftServerConfigKeys (ConfUtils.java:logGet(43)) - raft.server.write.element-limit = 4096 (default)
2019-08-30 22:38:23,452 [2dcb9ef1-393c-4beb-b158-3ac2a1e6a1a8:group-98AD8AB274E1:LeaderElection68] INFO  server.RaftServerConfigKeys (ConfUtils.java:logGet(43)) - raft.server.watch.timeout = 10s (default)
2019-08-30 22:38:23,452 [2dcb9ef1-393c-4beb-b158-3ac2a1e6a1a8:group-98AD8AB274E1:LeaderElection68] INFO  server.RaftServerConfigKeys (ConfUtils.java:logGet(43)) - raft.server.watch.timeout.denomination = 1s (default)
2019-08-30 22:38:23,452 [2dcb9ef1-393c-4beb-b158-3ac2a1e6a1a8:group-98AD8AB274E1:LeaderElection68] INFO  server.RaftServerConfigKeys (ConfUtils.java:logGet(43)) - raft.server.watch.element-limit = 65536 (default)
2019-08-30 22:38:23,452 [2dcb9ef1-393c-4beb-b158-3ac2a1e6a1a8:group-98AD8AB274E1:LeaderElection68] INFO  impl.RoleInfo (RoleInfo.java:updateAndGet(143)) - 2dcb9ef1-393c-4beb-b158-3ac2a1e6a1a8: start LeaderState
2019-08-30 22:38:23,453 [2dcb9ef1-393c-4beb-b158-3ac2a1e6a1a8:group-98AD8AB274E1:LeaderElection68] INFO  segmented.SegmentedRaftLogWorker (SegmentedRaftLogWorker.java:startLogSegment(380)) - 2dcb9ef1-393c-4beb-b158-3ac2a1e6a1a8-SegmentedRaftLogWorker:Storage Directory /workdir/hadoop-ozone/integration-test/target/test-dir/MiniOzoneClusterImpl-8fb4be1f-1f01-4e1a-8b80-1b2fb75ab186/datanode-1/data/ratis/fd3008f1-8f79-46c6-b5d9-98ad8ab274e1: Starting segment from index:0
2019-08-30 22:38:23,453 [2dcb9ef1-393c-4beb-b158-3ac2a1e6a1a8:group-98AD8AB274E1:LeaderElection68] INFO  impl.RaftServerImpl (ServerState.java:setRaftConf(361)) - 2dcb9ef1-393c-4beb-b158-3ac2a1e6a1a8:group-98AD8AB274E1 set configuration 0: [2dcb9ef1-393c-4beb-b158-3ac2a1e6a1a8:192.168.36.88:36570], old=null at 0
2019-08-30 22:38:23,505 [2dcb9ef1-393c-4beb-b158-3ac2a1e6a1a8-SegmentedRaftLogWorker:Storage Directory /workdir/hadoop-ozone/integration-test/target/test-dir/MiniOzoneClusterImpl-8fb4be1f-1f01-4e1a-8b80-1b2fb75ab186/datanode-1/data/ratis/fd3008f1-8f79-46c6-b5d9-98ad8ab274e1] INFO  segmented.SegmentedRaftLogWorker (SegmentedRaftLogWorker.java:execute(569)) - 2dcb9ef1-393c-4beb-b158-3ac2a1e6a1a8-SegmentedRaftLogWorker:Storage Directory /workdir/hadoop-ozone/integration-test/target/test-dir/MiniOzoneClusterImpl-8fb4be1f-1f01-4e1a-8b80-1b2fb75ab186/datanode-1/data/ratis/fd3008f1-8f79-46c6-b5d9-98ad8ab274e1: created new log segment /workdir/hadoop-ozone/integration-test/target/test-dir/MiniOzoneClusterImpl-8fb4be1f-1f01-4e1a-8b80-1b2fb75ab186/datanode-1/data/ratis/fd3008f1-8f79-46c6-b5d9-98ad8ab274e1/current/log_inprogress_0
2019-08-30 22:38:23,530 [Thread-3371] INFO  impl.FollowerState (FollowerState.java:run(106)) - b59e1437-a1c8-4617-9449-130f0635d94e:group-7F5DAB3F6D30 changes to CANDIDATE, lastRpcTime:5200, electionTimeout:5200ms
2019-08-30 22:38:23,530 [Thread-3371] INFO  impl.RoleInfo (RoleInfo.java:shutdownFollowerState(121)) - b59e1437-a1c8-4617-9449-130f0635d94e: shutdown FollowerState
2019-08-30 22:38:23,531 [Thread-3371] INFO  impl.RaftServerImpl (RaftServerImpl.java:setRole(171)) - b59e1437-a1c8-4617-9449-130f0635d94e:group-7F5DAB3F6D30 changes role from FOLLOWER to CANDIDATE at term 0 for changeToCandidate
2019-08-30 22:38:23,531 [Thread-3371] INFO  impl.RoleInfo (RoleInfo.java:updateAndGet(143)) - b59e1437-a1c8-4617-9449-130f0635d94e: start LeaderElection
2019-08-30 22:38:23,554 [b59e1437-a1c8-4617-9449-130f0635d94e:group-7F5DAB3F6D30:LeaderElection69] INFO  impl.LeaderElection (LeaderElection.java:askForVotes(181)) - b59e1437-a1c8-4617-9449-130f0635d94e:group-7F5DAB3F6D30:LeaderElection69: begin an election at term 1 for -1: [b59e1437-a1c8-4617-9449-130f0635d94e:192.168.36.88:39621], old=null
2019-08-30 22:38:23,554 [b59e1437-a1c8-4617-9449-130f0635d94e:group-7F5DAB3F6D30:LeaderElection69] INFO  impl.RoleInfo (RoleInfo.java:shutdownLeaderElection(134)) - b59e1437-a1c8-4617-9449-130f0635d94e: shutdown LeaderElection
2019-08-30 22:38:23,554 [b59e1437-a1c8-4617-9449-130f0635d94e:group-7F5DAB3F6D30:LeaderElection69] INFO  impl.RaftServerImpl (RaftServerImpl.java:setRole(171)) - b59e1437-a1c8-4617-9449-130f0635d94e:group-7F5DAB3F6D30 changes role from CANDIDATE to LEADER at term 1 for changeToLeader
2019-08-30 22:38:23,554 [b59e1437-a1c8-4617-9449-130f0635d94e:group-7F5DAB3F6D30:LeaderElection69] INFO  impl.RaftServerImpl (ServerState.java:setLeader(263)) - b59e1437-a1c8-4617-9449-130f0635d94e:group-7F5DAB3F6D30 change Leader from null to b59e1437-a1c8-4617-9449-130f0635d94e at term 1 for becomeLeader, leader elected after 5229ms
2019-08-30 22:38:23,554 [b59e1437-a1c8-4617-9449-130f0635d94e:group-7F5DAB3F6D30:LeaderElection69] INFO  server.RaftServerConfigKeys (ConfUtils.java:logGet(43)) - raft.server.staging.catchup.gap = 1000 (default)
2019-08-30 22:38:23,555 [b59e1437-a1c8-4617-9449-130f0635d94e:group-7F5DAB3F6D30:LeaderElection69] INFO  server.RaftServerConfigKeys (ConfUtils.java:logGet(43)) - raft.server.rpc.sleep.time = 25ms (default)
2019-08-30 22:38:23,555 [b59e1437-a1c8-4617-9449-130f0635d94e:group-7F5DAB3F6D30:LeaderElection69] INFO  server.RaftServerConfigKeys (ConfUtils.java:logGet(43)) - raft.server.write.element-limit = 4096 (default)
2019-08-30 22:38:23,555 [b59e1437-a1c8-4617-9449-130f0635d94e:group-7F5DAB3F6D30:LeaderElection69] INFO  server.RaftServerConfigKeys (ConfUtils.java:logGet(43)) - raft.server.watch.timeout = 10s (default)
2019-08-30 22:38:23,555 [b59e1437-a1c8-4617-9449-130f0635d94e:group-7F5DAB3F6D30:LeaderElection69] INFO  server.RaftServerConfigKeys (ConfUtils.java:logGet(43)) - raft.server.watch.timeout.denomination = 1s (default)
2019-08-30 22:38:23,555 [b59e1437-a1c8-4617-9449-130f0635d94e:group-7F5DAB3F6D30:LeaderElection69] INFO  server.RaftServerConfigKeys (ConfUtils.java:logGet(43)) - raft.server.watch.element-limit = 65536 (default)
2019-08-30 22:38:23,555 [b59e1437-a1c8-4617-9449-130f0635d94e:group-7F5DAB3F6D30:LeaderElection69] INFO  impl.RoleInfo (RoleInfo.java:updateAndGet(143)) - b59e1437-a1c8-4617-9449-130f0635d94e: start LeaderState
2019-08-30 22:38:23,556 [b59e1437-a1c8-4617-9449-130f0635d94e:group-7F5DAB3F6D30:LeaderElection69] INFO  segmented.SegmentedRaftLogWorker (SegmentedRaftLogWorker.java:startLogSegment(380)) - b59e1437-a1c8-4617-9449-130f0635d94e-SegmentedRaftLogWorker:Storage Directory /workdir/hadoop-ozone/integration-test/target/test-dir/MiniOzoneClusterImpl-8fb4be1f-1f01-4e1a-8b80-1b2fb75ab186/datanode-0/data/ratis/9a697995-1cc6-4981-aea0-7f5dab3f6d30: Starting segment from index:0
2019-08-30 22:38:23,556 [b59e1437-a1c8-4617-9449-130f0635d94e:group-7F5DAB3F6D30:LeaderElection69] INFO  impl.RaftServerImpl (ServerState.java:setRaftConf(361)) - b59e1437-a1c8-4617-9449-130f0635d94e:group-7F5DAB3F6D30 set configuration 0: [b59e1437-a1c8-4617-9449-130f0635d94e:192.168.36.88:39621], old=null at 0
2019-08-30 22:38:23,594 [Thread-3380] INFO  impl.FollowerState (FollowerState.java:run(106)) - 2dcb9ef1-393c-4beb-b158-3ac2a1e6a1a8:group-FF1A6FF3A075 changes to CANDIDATE, lastRpcTime:5071, electionTimeout:5071ms
2019-08-30 22:38:23,594 [Thread-3380] INFO  impl.RoleInfo (RoleInfo.java:shutdownFollowerState(121)) - 2dcb9ef1-393c-4beb-b158-3ac2a1e6a1a8: shutdown FollowerState
2019-08-30 22:38:23,594 [Thread-3380] INFO  impl.RaftServerImpl (RaftServerImpl.java:setRole(171)) - 2dcb9ef1-393c-4beb-b158-3ac2a1e6a1a8:group-FF1A6FF3A075 changes role from FOLLOWER to CANDIDATE at term 0 for changeToCandidate
2019-08-30 22:38:23,595 [Thread-3380] INFO  impl.RoleInfo (RoleInfo.java:updateAndGet(143)) - 2dcb9ef1-393c-4beb-b158-3ac2a1e6a1a8: start LeaderElection
2019-08-30 22:38:23,605 [b59e1437-a1c8-4617-9449-130f0635d94e-SegmentedRaftLogWorker:Storage Directory /workdir/hadoop-ozone/integration-test/target/test-dir/MiniOzoneClusterImpl-8fb4be1f-1f01-4e1a-8b80-1b2fb75ab186/datanode-0/data/ratis/9a697995-1cc6-4981-aea0-7f5dab3f6d30] INFO  segmented.SegmentedRaftLogWorker (SegmentedRaftLogWorker.java:execute(569)) - b59e1437-a1c8-4617-9449-130f0635d94e-SegmentedRaftLogWorker:Storage Directory /workdir/hadoop-ozone/integration-test/target/test-dir/MiniOzoneClusterImpl-8fb4be1f-1f01-4e1a-8b80-1b2fb75ab186/datanode-0/data/ratis/9a697995-1cc6-4981-aea0-7f5dab3f6d30: created new log segment /workdir/hadoop-ozone/integration-test/target/test-dir/MiniOzoneClusterImpl-8fb4be1f-1f01-4e1a-8b80-1b2fb75ab186/datanode-0/data/ratis/9a697995-1cc6-4981-aea0-7f5dab3f6d30/current/log_inprogress_0
2019-08-30 22:38:23,618 [2dcb9ef1-393c-4beb-b158-3ac2a1e6a1a8:group-FF1A6FF3A075:LeaderElection70] INFO  impl.LeaderElection (LeaderElection.java:askForVotes(181)) - 2dcb9ef1-393c-4beb-b158-3ac2a1e6a1a8:group-FF1A6FF3A075:LeaderElection70: begin an election at term 1 for -1: [b59e1437-a1c8-4617-9449-130f0635d94e:192.168.36.88:39621, 2dcb9ef1-393c-4beb-b158-3ac2a1e6a1a8:192.168.36.88:36570, afdb06fd-1848-49aa-a5df-8cd319373775:192.168.36.88:42838], old=null
2019-08-30 22:38:23,639 [Thread-3389] INFO  impl.FollowerState (FollowerState.java:run(106)) - 7c6fe567-79fd-4e56-aa02-ded5ff9c30c0:group-98DBAE109E70 changes to CANDIDATE, lastRpcTime:5024, electionTimeout:5008ms
2019-08-30 22:38:23,639 [Thread-3377] INFO  impl.FollowerState (FollowerState.java:run(106)) - afdb06fd-1848-49aa-a5df-8cd319373775:group-9C3DC2960C92 changes to CANDIDATE, lastRpcTime:5176, electionTimeout:5158ms
2019-08-30 22:38:23,640 [Thread-3389] INFO  impl.RoleInfo (RoleInfo.java:shutdownFollowerState(121)) - 7c6fe567-79fd-4e56-aa02-ded5ff9c30c0: shutdown FollowerState
2019-08-30 22:38:23,640 [Thread-3377] INFO  impl.RoleInfo (RoleInfo.java:shutdownFollowerState(121)) - afdb06fd-1848-49aa-a5df-8cd319373775: shutdown FollowerState
2019-08-30 22:38:23,640 [Thread-3389] INFO  impl.RaftServerImpl (RaftServerImpl.java:setRole(171)) - 7c6fe567-79fd-4e56-aa02-ded5ff9c30c0:group-98DBAE109E70 changes role from FOLLOWER to CANDIDATE at term 0 for changeToCandidate
2019-08-30 22:38:23,640 [Thread-3377] INFO  impl.RaftServerImpl (RaftServerImpl.java:setRole(171)) - afdb06fd-1848-49aa-a5df-8cd319373775:group-9C3DC2960C92 changes role from FOLLOWER to CANDIDATE at term 0 for changeToCandidate
2019-08-30 22:38:23,640 [Thread-3389] INFO  impl.RoleInfo (RoleInfo.java:updateAndGet(143)) - 7c6fe567-79fd-4e56-aa02-ded5ff9c30c0: start LeaderElection
2019-08-30 22:38:23,640 [Thread-3377] INFO  impl.RoleInfo (RoleInfo.java:updateAndGet(143)) - afdb06fd-1848-49aa-a5df-8cd319373775: start LeaderElection
2019-08-30 22:38:23,660 [grpc-default-executor-13] INFO  impl.RaftServerImpl (RaftServerImpl.java:setRole(171)) - b59e1437-a1c8-4617-9449-130f0635d94e:group-FF1A6FF3A075 changes role from FOLLOWER to FOLLOWER at term 1 for recognizeCandidate:2dcb9ef1-393c-4beb-b158-3ac2a1e6a1a8
2019-08-30 22:38:23,661 [grpc-default-executor-13] INFO  impl.RoleInfo (RoleInfo.java:shutdownFollowerState(121)) - b59e1437-a1c8-4617-9449-130f0635d94e: shutdown FollowerState
2019-08-30 22:38:23,661 [grpc-default-executor-16] INFO  impl.RaftServerImpl (RaftServerImpl.java:setRole(171)) - afdb06fd-1848-49aa-a5df-8cd319373775:group-FF1A6FF3A075 changes role from FOLLOWER to FOLLOWER at term 1 for recognizeCandidate:2dcb9ef1-393c-4beb-b158-3ac2a1e6a1a8
2019-08-30 22:38:23,661 [Thread-3385] INFO  impl.FollowerState (FollowerState.java:run(114)) - b59e1437-a1c8-4617-9449-130f0635d94e: FollowerState was interrupted: java.lang.InterruptedException: sleep interrupted
2019-08-30 22:38:23,661 [grpc-default-executor-13] INFO  impl.RoleInfo (RoleInfo.java:updateAndGet(143)) - b59e1437-a1c8-4617-9449-130f0635d94e: start FollowerState
2019-08-30 22:38:23,661 [grpc-default-executor-16] INFO  impl.RoleInfo (RoleInfo.java:shutdownFollowerState(121)) - afdb06fd-1848-49aa-a5df-8cd319373775: shutdown FollowerState
2019-08-30 22:38:23,664 [grpc-default-executor-16] INFO  impl.RoleInfo (RoleInfo.java:updateAndGet(143)) - afdb06fd-1848-49aa-a5df-8cd319373775: start FollowerState
2019-08-30 22:38:23,664 [Thread-3384] INFO  impl.FollowerState (FollowerState.java:run(114)) - afdb06fd-1848-49aa-a5df-8cd319373775: FollowerState was interrupted: java.lang.InterruptedException: sleep interrupted
2019-08-30 22:38:23,673 [7c6fe567-79fd-4e56-aa02-ded5ff9c30c0:group-98DBAE109E70:LeaderElection71] INFO  impl.LeaderElection (LeaderElection.java:askForVotes(181)) - 7c6fe567-79fd-4e56-aa02-ded5ff9c30c0:group-98DBAE109E70:LeaderElection71: begin an election at term 1 for -1: [7c6fe567-79fd-4e56-aa02-ded5ff9c30c0:192.168.36.88:40251], old=null
2019-08-30 22:38:23,673 [afdb06fd-1848-49aa-a5df-8cd319373775:group-9C3DC2960C92:LeaderElection72] INFO  impl.LeaderElection (LeaderElection.java:askForVotes(181)) - afdb06fd-1848-49aa-a5df-8cd319373775:group-9C3DC2960C92:LeaderElection72: begin an election at term 1 for -1: [afdb06fd-1848-49aa-a5df-8cd319373775:192.168.36.88:42838], old=null
2019-08-30 22:38:23,673 [7c6fe567-79fd-4e56-aa02-ded5ff9c30c0:group-98DBAE109E70:LeaderElection71] INFO  impl.RoleInfo (RoleInfo.java:shutdownLeaderElection(134)) - 7c6fe567-79fd-4e56-aa02-ded5ff9c30c0: shutdown LeaderElection
2019-08-30 22:38:23,673 [afdb06fd-1848-49aa-a5df-8cd319373775:group-9C3DC2960C92:LeaderElection72] INFO  impl.RoleInfo (RoleInfo.java:shutdownLeaderElection(134)) - afdb06fd-1848-49aa-a5df-8cd319373775: shutdown LeaderElection
2019-08-30 22:38:23,673 [7c6fe567-79fd-4e56-aa02-ded5ff9c30c0:group-98DBAE109E70:LeaderElection71] INFO  impl.RaftServerImpl (RaftServerImpl.java:setRole(171)) - 7c6fe567-79fd-4e56-aa02-ded5ff9c30c0:group-98DBAE109E70 changes role from CANDIDATE to LEADER at term 1 for changeToLeader
2019-08-30 22:38:23,674 [afdb06fd-1848-49aa-a5df-8cd319373775:group-9C3DC2960C92:LeaderElection72] INFO  impl.RaftServerImpl (RaftServerImpl.java:setRole(171)) - afdb06fd-1848-49aa-a5df-8cd319373775:group-9C3DC2960C92 changes role from CANDIDATE to LEADER at term 1 for changeToLeader
2019-08-30 22:38:23,674 [7c6fe567-79fd-4e56-aa02-ded5ff9c30c0:group-98DBAE109E70:LeaderElection71] INFO  impl.RaftServerImpl (ServerState.java:setLeader(263)) - 7c6fe567-79fd-4e56-aa02-ded5ff9c30c0:group-98DBAE109E70 change Leader from null to 7c6fe567-79fd-4e56-aa02-ded5ff9c30c0 at term 1 for becomeLeader, leader elected after 5062ms
2019-08-30 22:38:23,674 [afdb06fd-1848-49aa-a5df-8cd319373775:group-9C3DC2960C92:LeaderElection72] INFO  impl.RaftServerImpl (ServerState.java:setLeader(263)) - afdb06fd-1848-49aa-a5df-8cd319373775:group-9C3DC2960C92 change Leader from null to afdb06fd-1848-49aa-a5df-8cd319373775 at term 1 for becomeLeader, leader elected after 5213ms
2019-08-30 22:38:23,674 [7c6fe567-79fd-4e56-aa02-ded5ff9c30c0:group-98DBAE109E70:LeaderElection71] INFO  server.RaftServerConfigKeys (ConfUtils.java:logGet(43)) - raft.server.staging.catchup.gap = 1000 (default)
2019-08-30 22:38:23,674 [afdb06fd-1848-49aa-a5df-8cd319373775:group-9C3DC2960C92:LeaderElection72] INFO  server.RaftServerConfigKeys (ConfUtils.java:logGet(43)) - raft.server.staging.catchup.gap = 1000 (default)
2019-08-30 22:38:23,674 [7c6fe567-79fd-4e56-aa02-ded5ff9c30c0:group-98DBAE109E70:LeaderElection71] INFO  server.RaftServerConfigKeys (ConfUtils.java:logGet(43)) - raft.server.rpc.sleep.time = 25ms (default)
2019-08-30 22:38:23,674 [afdb06fd-1848-49aa-a5df-8cd319373775:group-9C3DC2960C92:LeaderElection72] INFO  server.RaftServerConfigKeys (ConfUtils.java:logGet(43)) - raft.server.rpc.sleep.time = 25ms (default)
2019-08-30 22:38:23,674 [7c6fe567-79fd-4e56-aa02-ded5ff9c30c0:group-98DBAE109E70:LeaderElection71] INFO  server.RaftServerConfigKeys (ConfUtils.java:logGet(43)) - raft.server.write.element-limit = 4096 (default)
2019-08-30 22:38:23,674 [afdb06fd-1848-49aa-a5df-8cd319373775:group-9C3DC2960C92:LeaderElection72] INFO  server.RaftServerConfigKeys (ConfUtils.java:logGet(43)) - raft.server.write.element-limit = 4096 (default)
2019-08-30 22:38:23,675 [7c6fe567-79fd-4e56-aa02-ded5ff9c30c0:group-98DBAE109E70:LeaderElection71] INFO  server.RaftServerConfigKeys (ConfUtils.java:logGet(43)) - raft.server.watch.timeout = 10s (default)
2019-08-30 22:38:23,675 [afdb06fd-1848-49aa-a5df-8cd319373775:group-9C3DC2960C92:LeaderElection72] INFO  server.RaftServerConfigKeys (ConfUtils.java:logGet(43)) - raft.server.watch.timeout = 10s (default)
2019-08-30 22:38:23,675 [7c6fe567-79fd-4e56-aa02-ded5ff9c30c0:group-98DBAE109E70:LeaderElection71] INFO  server.RaftServerConfigKeys (ConfUtils.java:logGet(43)) - raft.server.watch.timeout.denomination = 1s (default)
2019-08-30 22:38:23,675 [afdb06fd-1848-49aa-a5df-8cd319373775:group-9C3DC2960C92:LeaderElection72] INFO  server.RaftServerConfigKeys (ConfUtils.java:logGet(43)) - raft.server.watch.timeout.denomination = 1s (default)
2019-08-30 22:38:23,675 [7c6fe567-79fd-4e56-aa02-ded5ff9c30c0:group-98DBAE109E70:LeaderElection71] INFO  server.RaftServerConfigKeys (ConfUtils.java:logGet(43)) - raft.server.watch.element-limit = 65536 (default)
2019-08-30 22:38:23,675 [afdb06fd-1848-49aa-a5df-8cd319373775:group-9C3DC2960C92:LeaderElection72] INFO  server.RaftServerConfigKeys (ConfUtils.java:logGet(43)) - raft.server.watch.element-limit = 65536 (default)
2019-08-30 22:38:23,675 [7c6fe567-79fd-4e56-aa02-ded5ff9c30c0:group-98DBAE109E70:LeaderElection71] INFO  impl.RoleInfo (RoleInfo.java:updateAndGet(143)) - 7c6fe567-79fd-4e56-aa02-ded5ff9c30c0: start LeaderState
2019-08-30 22:38:23,676 [afdb06fd-1848-49aa-a5df-8cd319373775:group-9C3DC2960C92:LeaderElection72] INFO  impl.RoleInfo (RoleInfo.java:updateAndGet(143)) - afdb06fd-1848-49aa-a5df-8cd319373775: start LeaderState
2019-08-30 22:38:23,676 [7c6fe567-79fd-4e56-aa02-ded5ff9c30c0:group-98DBAE109E70:LeaderElection71] INFO  segmented.SegmentedRaftLogWorker (SegmentedRaftLogWorker.java:startLogSegment(380)) - 7c6fe567-79fd-4e56-aa02-ded5ff9c30c0-SegmentedRaftLogWorker:Storage Directory /workdir/hadoop-ozone/integration-test/target/test-dir/MiniOzoneClusterImpl-8fb4be1f-1f01-4e1a-8b80-1b2fb75ab186/datanode-3/data/ratis/767c1b9a-06e7-4b85-83bf-98dbae109e70: Starting segment from index:0
2019-08-30 22:38:23,676 [afdb06fd-1848-49aa-a5df-8cd319373775:group-9C3DC2960C92:LeaderElection72] INFO  segmented.SegmentedRaftLogWorker (SegmentedRaftLogWorker.java:startLogSegment(380)) - afdb06fd-1848-49aa-a5df-8cd319373775-SegmentedRaftLogWorker:Storage Directory /workdir/hadoop-ozone/integration-test/target/test-dir/MiniOzoneClusterImpl-8fb4be1f-1f01-4e1a-8b80-1b2fb75ab186/datanode-2/data/ratis/858d0553-cf04-406f-8bbe-9c3dc2960c92: Starting segment from index:0
2019-08-30 22:38:23,676 [7c6fe567-79fd-4e56-aa02-ded5ff9c30c0:group-98DBAE109E70:LeaderElection71] INFO  impl.RaftServerImpl (ServerState.java:setRaftConf(361)) - 7c6fe567-79fd-4e56-aa02-ded5ff9c30c0:group-98DBAE109E70 set configuration 0: [7c6fe567-79fd-4e56-aa02-ded5ff9c30c0:192.168.36.88:40251], old=null at 0
2019-08-30 22:38:23,677 [afdb06fd-1848-49aa-a5df-8cd319373775:group-9C3DC2960C92:LeaderElection72] INFO  impl.RaftServerImpl (ServerState.java:setRaftConf(361)) - afdb06fd-1848-49aa-a5df-8cd319373775:group-9C3DC2960C92 set configuration 0: [afdb06fd-1848-49aa-a5df-8cd319373775:192.168.36.88:42838], old=null at 0
2019-08-30 22:38:23,719 [Thread-3392] INFO  impl.FollowerState (FollowerState.java:run(106)) - a5fefde7-037e-4263-b518-79d76143dac2:group-34A5D00DBAF9 changes to CANDIDATE, lastRpcTime:5041, electionTimeout:5038ms
2019-08-30 22:38:23,722 [Thread-3392] INFO  impl.RoleInfo (RoleInfo.java:shutdownFollowerState(121)) - a5fefde7-037e-4263-b518-79d76143dac2: shutdown FollowerState
2019-08-30 22:38:23,722 [Thread-3392] INFO  impl.RaftServerImpl (RaftServerImpl.java:setRole(171)) - a5fefde7-037e-4263-b518-79d76143dac2:group-34A5D00DBAF9 changes role from FOLLOWER to CANDIDATE at term 0 for changeToCandidate
2019-08-30 22:38:23,723 [Thread-3392] INFO  impl.RoleInfo (RoleInfo.java:updateAndGet(143)) - a5fefde7-037e-4263-b518-79d76143dac2: start LeaderElection
2019-08-30 22:38:23,727 [2dcb9ef1-393c-4beb-b158-3ac2a1e6a1a8:group-FF1A6FF3A075:LeaderElection70] INFO  impl.LeaderElection (LeaderElection.java:logAndReturn(56)) - 2dcb9ef1-393c-4beb-b158-3ac2a1e6a1a8:group-FF1A6FF3A075:LeaderElection70: Election PASSED; received 1 response(s) [2dcb9ef1-393c-4beb-b158-3ac2a1e6a1a8<-b59e1437-a1c8-4617-9449-130f0635d94e#0:OK-t1] and 0 exception(s); 2dcb9ef1-393c-4beb-b158-3ac2a1e6a1a8:t1, leader=null, voted=2dcb9ef1-393c-4beb-b158-3ac2a1e6a1a8, raftlog=2dcb9ef1-393c-4beb-b158-3ac2a1e6a1a8-SegmentedRaftLog:OPENED:c-1,f-1,i0, conf=-1: [b59e1437-a1c8-4617-9449-130f0635d94e:192.168.36.88:39621, 2dcb9ef1-393c-4beb-b158-3ac2a1e6a1a8:192.168.36.88:36570, afdb06fd-1848-49aa-a5df-8cd319373775:192.168.36.88:42838], old=null
2019-08-30 22:38:23,728 [2dcb9ef1-393c-4beb-b158-3ac2a1e6a1a8:group-FF1A6FF3A075:LeaderElection70] INFO  impl.RoleInfo (RoleInfo.java:shutdownLeaderElection(134)) - 2dcb9ef1-393c-4beb-b158-3ac2a1e6a1a8: shutdown LeaderElection
2019-08-30 22:38:23,728 [2dcb9ef1-393c-4beb-b158-3ac2a1e6a1a8:group-FF1A6FF3A075:LeaderElection70] INFO  impl.RaftServerImpl (RaftServerImpl.java:setRole(171)) - 2dcb9ef1-393c-4beb-b158-3ac2a1e6a1a8:group-FF1A6FF3A075 changes role from CANDIDATE to LEADER at term 1 for changeToLeader
2019-08-30 22:38:23,728 [2dcb9ef1-393c-4beb-b158-3ac2a1e6a1a8:group-FF1A6FF3A075:LeaderElection70] INFO  impl.RaftServerImpl (ServerState.java:setLeader(263)) - 2dcb9ef1-393c-4beb-b158-3ac2a1e6a1a8:group-FF1A6FF3A075 change Leader from null to 2dcb9ef1-393c-4beb-b158-3ac2a1e6a1a8 at term 1 for becomeLeader, leader elected after 5211ms
2019-08-30 22:38:23,728 [2dcb9ef1-393c-4beb-b158-3ac2a1e6a1a8:group-FF1A6FF3A075:LeaderElection70] INFO  server.RaftServerConfigKeys (ConfUtils.java:logGet(43)) - raft.server.staging.catchup.gap = 1000 (default)
2019-08-30 22:38:23,728 [2dcb9ef1-393c-4beb-b158-3ac2a1e6a1a8:group-FF1A6FF3A075:LeaderElection70] INFO  server.RaftServerConfigKeys (ConfUtils.java:logGet(43)) - raft.server.rpc.sleep.time = 25ms (default)
2019-08-30 22:38:23,729 [2dcb9ef1-393c-4beb-b158-3ac2a1e6a1a8:group-FF1A6FF3A075:LeaderElection70] INFO  server.RaftServerConfigKeys (ConfUtils.java:logGet(43)) - raft.server.write.element-limit = 4096 (default)
2019-08-30 22:38:23,729 [2dcb9ef1-393c-4beb-b158-3ac2a1e6a1a8:group-FF1A6FF3A075:LeaderElection70] INFO  server.RaftServerConfigKeys (ConfUtils.java:logGet(43)) - raft.server.watch.timeout = 10s (default)
2019-08-30 22:38:23,729 [2dcb9ef1-393c-4beb-b158-3ac2a1e6a1a8:group-FF1A6FF3A075:LeaderElection70] INFO  server.RaftServerConfigKeys (ConfUtils.java:logGet(43)) - raft.server.watch.timeout.denomination = 1s (default)
2019-08-30 22:38:23,729 [2dcb9ef1-393c-4beb-b158-3ac2a1e6a1a8:group-FF1A6FF3A075:LeaderElection70] INFO  server.RaftServerConfigKeys (ConfUtils.java:logGet(43)) - raft.server.watch.element-limit = 65536 (default)
2019-08-30 22:38:23,729 [2dcb9ef1-393c-4beb-b158-3ac2a1e6a1a8:group-FF1A6FF3A075:LeaderElection70] INFO  server.RaftServerConfigKeys (ConfUtils.java:logGet(43)) - raft.server.log.appender.snapshot.chunk.size.max = 16MB (=16777216) (default)
2019-08-30 22:38:23,730 [2dcb9ef1-393c-4beb-b158-3ac2a1e6a1a8:group-FF1A6FF3A075:LeaderElection70] INFO  server.RaftServerConfigKeys (ConfUtils.java:logGet(43)) - raft.server.log.appender.buffer.byte-limit = 33554432 (custom)
2019-08-30 22:38:23,730 [2dcb9ef1-393c-4beb-b158-3ac2a1e6a1a8:group-FF1A6FF3A075:LeaderElection70] INFO  server.RaftServerConfigKeys (ConfUtils.java:logGet(43)) - raft.server.log.appender.buffer.element-limit = 1 (custom)
2019-08-30 22:38:23,730 [2dcb9ef1-393c-4beb-b158-3ac2a1e6a1a8:group-FF1A6FF3A075:LeaderElection70] INFO  grpc.GrpcConfigKeys$Server (ConfUtils.java:logGet(43)) - raft.grpc.server.leader.outstanding.appends.max = 128 (default)
2019-08-30 22:38:23,730 [2dcb9ef1-393c-4beb-b158-3ac2a1e6a1a8:group-FF1A6FF3A075:LeaderElection70] INFO  server.RaftServerConfigKeys (ConfUtils.java:logGet(43)) - raft.server.rpc.request.timeout = 3000ms (default)
2019-08-30 22:38:23,731 [2dcb9ef1-393c-4beb-b158-3ac2a1e6a1a8:group-FF1A6FF3A075:LeaderElection70] INFO  server.RaftServerConfigKeys (ConfUtils.java:logGet(43)) - raft.server.log.appender.install.snapshot.enabled = false (custom)
2019-08-30 22:38:23,731 [2dcb9ef1-393c-4beb-b158-3ac2a1e6a1a8:group-FF1A6FF3A075:LeaderElection70] INFO  server.RaftServerConfigKeys (ConfUtils.java:logGet(43)) - raft.server.log.appender.snapshot.chunk.size.max = 16MB (=16777216) (default)
2019-08-30 22:38:23,731 [2dcb9ef1-393c-4beb-b158-3ac2a1e6a1a8:group-FF1A6FF3A075:LeaderElection70] INFO  server.RaftServerConfigKeys (ConfUtils.java:logGet(43)) - raft.server.log.appender.buffer.byte-limit = 33554432 (custom)
2019-08-30 22:38:23,731 [2dcb9ef1-393c-4beb-b158-3ac2a1e6a1a8:group-FF1A6FF3A075:LeaderElection70] INFO  server.RaftServerConfigKeys (ConfUtils.java:logGet(43)) - raft.server.log.appender.buffer.element-limit = 1 (custom)
2019-08-30 22:38:23,731 [2dcb9ef1-393c-4beb-b158-3ac2a1e6a1a8:group-FF1A6FF3A075:LeaderElection70] INFO  grpc.GrpcConfigKeys$Server (ConfUtils.java:logGet(43)) - raft.grpc.server.leader.outstanding.appends.max = 128 (default)
2019-08-30 22:38:23,732 [2dcb9ef1-393c-4beb-b158-3ac2a1e6a1a8:group-FF1A6FF3A075:LeaderElection70] INFO  server.RaftServerConfigKeys (ConfUtils.java:logGet(43)) - raft.server.rpc.request.timeout = 3000ms (default)
2019-08-30 22:38:23,732 [2dcb9ef1-393c-4beb-b158-3ac2a1e6a1a8:group-FF1A6FF3A075:LeaderElection70] INFO  server.RaftServerConfigKeys (ConfUtils.java:logGet(43)) - raft.server.log.appender.install.snapshot.enabled = false (custom)
2019-08-30 22:38:23,732 [2dcb9ef1-393c-4beb-b158-3ac2a1e6a1a8:group-FF1A6FF3A075:LeaderElection70] INFO  impl.RoleInfo (RoleInfo.java:updateAndGet(143)) - 2dcb9ef1-393c-4beb-b158-3ac2a1e6a1a8: start LeaderState
2019-08-30 22:38:23,732 [2dcb9ef1-393c-4beb-b158-3ac2a1e6a1a8:group-FF1A6FF3A075:LeaderElection70] INFO  segmented.SegmentedRaftLogWorker (SegmentedRaftLogWorker.java:startLogSegment(380)) - 2dcb9ef1-393c-4beb-b158-3ac2a1e6a1a8-SegmentedRaftLogWorker:Storage Directory /workdir/hadoop-ozone/integration-test/target/test-dir/MiniOzoneClusterImpl-8fb4be1f-1f01-4e1a-8b80-1b2fb75ab186/datanode-1/data/ratis/604ed232-7a43-4b01-a7da-ff1a6ff3a075: Starting segment from index:0
2019-08-30 22:38:23,733 [2dcb9ef1-393c-4beb-b158-3ac2a1e6a1a8:group-FF1A6FF3A075:LeaderElection70] INFO  impl.RaftServerImpl (ServerState.java:setRaftConf(361)) - 2dcb9ef1-393c-4beb-b158-3ac2a1e6a1a8:group-FF1A6FF3A075 set configuration 0: [b59e1437-a1c8-4617-9449-130f0635d94e:192.168.36.88:39621, 2dcb9ef1-393c-4beb-b158-3ac2a1e6a1a8:192.168.36.88:36570, afdb06fd-1848-49aa-a5df-8cd319373775:192.168.36.88:42838], old=null at 0
2019-08-30 22:38:23,735 [grpc-default-executor-13] INFO  impl.RaftServerImpl (ServerState.java:setLeader(263)) - b59e1437-a1c8-4617-9449-130f0635d94e:group-FF1A6FF3A075 change Leader from null to 2dcb9ef1-393c-4beb-b158-3ac2a1e6a1a8 at term 1 for appendEntries, leader elected after 5218ms
2019-08-30 22:38:23,735 [grpc-default-executor-16] INFO  impl.RaftServerImpl (ServerState.java:setLeader(263)) - afdb06fd-1848-49aa-a5df-8cd319373775:group-FF1A6FF3A075 change Leader from null to 2dcb9ef1-393c-4beb-b158-3ac2a1e6a1a8 at term 1 for appendEntries, leader elected after 5218ms
2019-08-30 22:38:23,774 [a5fefde7-037e-4263-b518-79d76143dac2:group-34A5D00DBAF9:LeaderElection73] INFO  impl.LeaderElection (LeaderElection.java:askForVotes(181)) - a5fefde7-037e-4263-b518-79d76143dac2:group-34A5D00DBAF9:LeaderElection73: begin an election at term 1 for -1: [a5fefde7-037e-4263-b518-79d76143dac2:192.168.36.88:37614], old=null
2019-08-30 22:38:23,773 [afdb06fd-1848-49aa-a5df-8cd319373775-SegmentedRaftLogWorker:Storage Directory /workdir/hadoop-ozone/integration-test/target/test-dir/MiniOzoneClusterImpl-8fb4be1f-1f01-4e1a-8b80-1b2fb75ab186/datanode-2/data/ratis/858d0553-cf04-406f-8bbe-9c3dc2960c92] INFO  segmented.SegmentedRaftLogWorker (SegmentedRaftLogWorker.java:execute(569)) - afdb06fd-1848-49aa-a5df-8cd319373775-SegmentedRaftLogWorker:Storage Directory /workdir/hadoop-ozone/integration-test/target/test-dir/MiniOzoneClusterImpl-8fb4be1f-1f01-4e1a-8b80-1b2fb75ab186/datanode-2/data/ratis/858d0553-cf04-406f-8bbe-9c3dc2960c92: created new log segment /workdir/hadoop-ozone/integration-test/target/test-dir/MiniOzoneClusterImpl-8fb4be1f-1f01-4e1a-8b80-1b2fb75ab186/datanode-2/data/ratis/858d0553-cf04-406f-8bbe-9c3dc2960c92/current/log_inprogress_0
2019-08-30 22:38:23,773 [7c6fe567-79fd-4e56-aa02-ded5ff9c30c0-SegmentedRaftLogWorker:Storage Directory /workdir/hadoop-ozone/integration-test/target/test-dir/MiniOzoneClusterImpl-8fb4be1f-1f01-4e1a-8b80-1b2fb75ab186/datanode-3/data/ratis/767c1b9a-06e7-4b85-83bf-98dbae109e70] INFO  segmented.SegmentedRaftLogWorker (SegmentedRaftLogWorker.java:execute(569)) - 7c6fe567-79fd-4e56-aa02-ded5ff9c30c0-SegmentedRaftLogWorker:Storage Directory /workdir/hadoop-ozone/integration-test/target/test-dir/MiniOzoneClusterImpl-8fb4be1f-1f01-4e1a-8b80-1b2fb75ab186/datanode-3/data/ratis/767c1b9a-06e7-4b85-83bf-98dbae109e70: created new log segment /workdir/hadoop-ozone/integration-test/target/test-dir/MiniOzoneClusterImpl-8fb4be1f-1f01-4e1a-8b80-1b2fb75ab186/datanode-3/data/ratis/767c1b9a-06e7-4b85-83bf-98dbae109e70/current/log_inprogress_0
2019-08-30 22:38:23,774 [a5fefde7-037e-4263-b518-79d76143dac2:group-34A5D00DBAF9:LeaderElection73] INFO  impl.RoleInfo (RoleInfo.java:shutdownLeaderElection(134)) - a5fefde7-037e-4263-b518-79d76143dac2: shutdown LeaderElection
2019-08-30 22:38:23,779 [a5fefde7-037e-4263-b518-79d76143dac2:group-34A5D00DBAF9:LeaderElection73] INFO  impl.RaftServerImpl (RaftServerImpl.java:setRole(171)) - a5fefde7-037e-4263-b518-79d76143dac2:group-34A5D00DBAF9 changes role from CANDIDATE to LEADER at term 1 for changeToLeader
2019-08-30 22:38:23,779 [a5fefde7-037e-4263-b518-79d76143dac2:group-34A5D00DBAF9:LeaderElection73] INFO  impl.RaftServerImpl (ServerState.java:setLeader(263)) - a5fefde7-037e-4263-b518-79d76143dac2:group-34A5D00DBAF9 change Leader from null to a5fefde7-037e-4263-b518-79d76143dac2 at term 1 for becomeLeader, leader elected after 5103ms
2019-08-30 22:38:23,779 [a5fefde7-037e-4263-b518-79d76143dac2:group-34A5D00DBAF9:LeaderElection73] INFO  server.RaftServerConfigKeys (ConfUtils.java:logGet(43)) - raft.server.staging.catchup.gap = 1000 (default)
2019-08-30 22:38:23,780 [a5fefde7-037e-4263-b518-79d76143dac2:group-34A5D00DBAF9:LeaderElection73] INFO  server.RaftServerConfigKeys (ConfUtils.java:logGet(43)) - raft.server.rpc.sleep.time = 25ms (default)
2019-08-30 22:38:23,780 [a5fefde7-037e-4263-b518-79d76143dac2:group-34A5D00DBAF9:LeaderElection73] INFO  server.RaftServerConfigKeys (ConfUtils.java:logGet(43)) - raft.server.write.element-limit = 4096 (default)
2019-08-30 22:38:23,780 [a5fefde7-037e-4263-b518-79d76143dac2:group-34A5D00DBAF9:LeaderElection73] INFO  server.RaftServerConfigKeys (ConfUtils.java:logGet(43)) - raft.server.watch.timeout = 10s (default)
2019-08-30 22:38:23,782 [a5fefde7-037e-4263-b518-79d76143dac2:group-34A5D00DBAF9:LeaderElection73] INFO  server.RaftServerConfigKeys (ConfUtils.java:logGet(43)) - raft.server.watch.timeout.denomination = 1s (default)
2019-08-30 22:38:23,782 [grpc-default-executor-13] INFO  impl.RaftServerImpl (ServerState.java:setRaftConf(361)) - afdb06fd-1848-49aa-a5df-8cd319373775:group-FF1A6FF3A075 set configuration 0: [b59e1437-a1c8-4617-9449-130f0635d94e:192.168.36.88:39621, 2dcb9ef1-393c-4beb-b158-3ac2a1e6a1a8:192.168.36.88:36570, afdb06fd-1848-49aa-a5df-8cd319373775:192.168.36.88:42838], old=null at 0
2019-08-30 22:38:23,782 [grpc-default-executor-16] INFO  impl.RaftServerImpl (ServerState.java:setRaftConf(361)) - b59e1437-a1c8-4617-9449-130f0635d94e:group-FF1A6FF3A075 set configuration 0: [b59e1437-a1c8-4617-9449-130f0635d94e:192.168.36.88:39621, 2dcb9ef1-393c-4beb-b158-3ac2a1e6a1a8:192.168.36.88:36570, afdb06fd-1848-49aa-a5df-8cd319373775:192.168.36.88:42838], old=null at 0
2019-08-30 22:38:23,782 [a5fefde7-037e-4263-b518-79d76143dac2:group-34A5D00DBAF9:LeaderElection73] INFO  server.RaftServerConfigKeys (ConfUtils.java:logGet(43)) - raft.server.watch.element-limit = 65536 (default)
2019-08-30 22:38:23,783 [grpc-default-executor-16] INFO  segmented.SegmentedRaftLogWorker (SegmentedRaftLogWorker.java:startLogSegment(380)) - b59e1437-a1c8-4617-9449-130f0635d94e-SegmentedRaftLogWorker:Storage Directory /workdir/hadoop-ozone/integration-test/target/test-dir/MiniOzoneClusterImpl-8fb4be1f-1f01-4e1a-8b80-1b2fb75ab186/datanode-0/data/ratis/604ed232-7a43-4b01-a7da-ff1a6ff3a075: Starting segment from index:0
2019-08-30 22:38:23,782 [grpc-default-executor-13] INFO  segmented.SegmentedRaftLogWorker (SegmentedRaftLogWorker.java:startLogSegment(380)) - afdb06fd-1848-49aa-a5df-8cd319373775-SegmentedRaftLogWorker:Storage Directory /workdir/hadoop-ozone/integration-test/target/test-dir/MiniOzoneClusterImpl-8fb4be1f-1f01-4e1a-8b80-1b2fb75ab186/datanode-2/data/ratis/604ed232-7a43-4b01-a7da-ff1a6ff3a075: Starting segment from index:0
2019-08-30 22:38:23,783 [a5fefde7-037e-4263-b518-79d76143dac2:group-34A5D00DBAF9:LeaderElection73] INFO  impl.RoleInfo (RoleInfo.java:updateAndGet(143)) - a5fefde7-037e-4263-b518-79d76143dac2: start LeaderState
2019-08-30 22:38:23,784 [a5fefde7-037e-4263-b518-79d76143dac2:group-34A5D00DBAF9:LeaderElection73] INFO  segmented.SegmentedRaftLogWorker (SegmentedRaftLogWorker.java:startLogSegment(380)) - a5fefde7-037e-4263-b518-79d76143dac2-SegmentedRaftLogWorker:Storage Directory /workdir/hadoop-ozone/integration-test/target/test-dir/MiniOzoneClusterImpl-8fb4be1f-1f01-4e1a-8b80-1b2fb75ab186/datanode-4/data/ratis/79f3e425-6a40-49e0-9d82-34a5d00dbaf9: Starting segment from index:0
2019-08-30 22:38:23,784 [a5fefde7-037e-4263-b518-79d76143dac2:group-34A5D00DBAF9:LeaderElection73] INFO  impl.RaftServerImpl (ServerState.java:setRaftConf(361)) - a5fefde7-037e-4263-b518-79d76143dac2:group-34A5D00DBAF9 set configuration 0: [a5fefde7-037e-4263-b518-79d76143dac2:192.168.36.88:37614], old=null at 0
2019-08-30 22:38:23,825 [2dcb9ef1-393c-4beb-b158-3ac2a1e6a1a8-SegmentedRaftLogWorker:Storage Directory /workdir/hadoop-ozone/integration-test/target/test-dir/MiniOzoneClusterImpl-8fb4be1f-1f01-4e1a-8b80-1b2fb75ab186/datanode-1/data/ratis/604ed232-7a43-4b01-a7da-ff1a6ff3a075] INFO  segmented.SegmentedRaftLogWorker (SegmentedRaftLogWorker.java:execute(569)) - 2dcb9ef1-393c-4beb-b158-3ac2a1e6a1a8-SegmentedRaftLogWorker:Storage Directory /workdir/hadoop-ozone/integration-test/target/test-dir/MiniOzoneClusterImpl-8fb4be1f-1f01-4e1a-8b80-1b2fb75ab186/datanode-1/data/ratis/604ed232-7a43-4b01-a7da-ff1a6ff3a075: created new log segment /workdir/hadoop-ozone/integration-test/target/test-dir/MiniOzoneClusterImpl-8fb4be1f-1f01-4e1a-8b80-1b2fb75ab186/datanode-1/data/ratis/604ed232-7a43-4b01-a7da-ff1a6ff3a075/current/log_inprogress_0
2019-08-30 22:38:23,867 [Thread-3395] INFO  impl.FollowerState (FollowerState.java:run(106)) - 04c29368-23fb-4365-aaec-69238c5c9731:group-68F7645E4A5B changes to CANDIDATE, lastRpcTime:5146, electionTimeout:5144ms
2019-08-30 22:38:23,867 [b59e1437-a1c8-4617-9449-130f0635d94e-SegmentedRaftLogWorker:Storage Directory /workdir/hadoop-ozone/integration-test/target/test-dir/MiniOzoneClusterImpl-8fb4be1f-1f01-4e1a-8b80-1b2fb75ab186/datanode-0/data/ratis/604ed232-7a43-4b01-a7da-ff1a6ff3a075] INFO  segmented.SegmentedRaftLogWorker (SegmentedRaftLogWorker.java:execute(569)) - b59e1437-a1c8-4617-9449-130f0635d94e-SegmentedRaftLogWorker:Storage Directory /workdir/hadoop-ozone/integration-test/target/test-dir/MiniOzoneClusterImpl-8fb4be1f-1f01-4e1a-8b80-1b2fb75ab186/datanode-0/data/ratis/604ed232-7a43-4b01-a7da-ff1a6ff3a075: created new log segment /workdir/hadoop-ozone/integration-test/target/test-dir/MiniOzoneClusterImpl-8fb4be1f-1f01-4e1a-8b80-1b2fb75ab186/datanode-0/data/ratis/604ed232-7a43-4b01-a7da-ff1a6ff3a075/current/log_inprogress_0
2019-08-30 22:38:23,868 [Thread-3395] INFO  impl.RoleInfo (RoleInfo.java:shutdownFollowerState(121)) - 04c29368-23fb-4365-aaec-69238c5c9731: shutdown FollowerState
2019-08-30 22:38:23,867 [afdb06fd-1848-49aa-a5df-8cd319373775-SegmentedRaftLogWorker:Storage Directory /workdir/hadoop-ozone/integration-test/target/test-dir/MiniOzoneClusterImpl-8fb4be1f-1f01-4e1a-8b80-1b2fb75ab186/datanode-2/data/ratis/604ed232-7a43-4b01-a7da-ff1a6ff3a075] INFO  segmented.SegmentedRaftLogWorker (SegmentedRaftLogWorker.java:execute(569)) - afdb06fd-1848-49aa-a5df-8cd319373775-SegmentedRaftLogWorker:Storage Directory /workdir/hadoop-ozone/integration-test/target/test-dir/MiniOzoneClusterImpl-8fb4be1f-1f01-4e1a-8b80-1b2fb75ab186/datanode-2/data/ratis/604ed232-7a43-4b01-a7da-ff1a6ff3a075: created new log segment /workdir/hadoop-ozone/integration-test/target/test-dir/MiniOzoneClusterImpl-8fb4be1f-1f01-4e1a-8b80-1b2fb75ab186/datanode-2/data/ratis/604ed232-7a43-4b01-a7da-ff1a6ff3a075/current/log_inprogress_0
2019-08-30 22:38:23,868 [Thread-3395] INFO  impl.RaftServerImpl (RaftServerImpl.java:setRole(171)) - 04c29368-23fb-4365-aaec-69238c5c9731:group-68F7645E4A5B changes role from FOLLOWER to CANDIDATE at term 0 for changeToCandidate
2019-08-30 22:38:23,868 [Thread-3395] INFO  impl.RoleInfo (RoleInfo.java:updateAndGet(143)) - 04c29368-23fb-4365-aaec-69238c5c9731: start LeaderElection
2019-08-30 22:38:23,872 [Thread-3398] INFO  impl.FollowerState (FollowerState.java:run(106)) - 08a98e8c-3230-413f-a62d-04417fccf4c4:group-8AB3EB773D33 changes to CANDIDATE, lastRpcTime:5092, electionTimeout:5092ms
2019-08-30 22:38:23,874 [Thread-3398] INFO  impl.RoleInfo (RoleInfo.java:shutdownFollowerState(121)) - 08a98e8c-3230-413f-a62d-04417fccf4c4: shutdown FollowerState
2019-08-30 22:38:23,874 [grpc-default-executor-13] INFO  client.GrpcClientProtocolClient (GrpcClientProtocolClient.java:onNext(255)) - client-7B13BF8A455B->a5fefde7-037e-4263-b518-79d76143dac2: receive RaftClientReply:client-7B13BF8A455B->a5fefde7-037e-4263-b518-79d76143dac2@group-4741A1B238B0, cid=168, FAILED org.apache.ratis.protocol.NotLeaderException: Server a5fefde7-037e-4263-b518-79d76143dac2 is not the leader (null). Request must be sent to leader., logIndex=0, commits[a5fefde7-037e-4263-b518-79d76143dac2:c-1]
2019-08-30 22:38:23,874 [Thread-3398] INFO  impl.RaftServerImpl (RaftServerImpl.java:setRole(171)) - 08a98e8c-3230-413f-a62d-04417fccf4c4:group-8AB3EB773D33 changes role from FOLLOWER to CANDIDATE at term 0 for changeToCandidate
2019-08-30 22:38:23,875 [Thread-3398] INFO  impl.RoleInfo (RoleInfo.java:updateAndGet(143)) - 08a98e8c-3230-413f-a62d-04417fccf4c4: start LeaderElection
2019-08-30 22:38:23,893 [a5fefde7-037e-4263-b518-79d76143dac2-SegmentedRaftLogWorker:Storage Directory /workdir/hadoop-ozone/integration-test/target/test-dir/MiniOzoneClusterImpl-8fb4be1f-1f01-4e1a-8b80-1b2fb75ab186/datanode-4/data/ratis/79f3e425-6a40-49e0-9d82-34a5d00dbaf9] INFO  segmented.SegmentedRaftLogWorker (SegmentedRaftLogWorker.java:execute(569)) - a5fefde7-037e-4263-b518-79d76143dac2-SegmentedRaftLogWorker:Storage Directory /workdir/hadoop-ozone/integration-test/target/test-dir/MiniOzoneClusterImpl-8fb4be1f-1f01-4e1a-8b80-1b2fb75ab186/datanode-4/data/ratis/79f3e425-6a40-49e0-9d82-34a5d00dbaf9: created new log segment /workdir/hadoop-ozone/integration-test/target/test-dir/MiniOzoneClusterImpl-8fb4be1f-1f01-4e1a-8b80-1b2fb75ab186/datanode-4/data/ratis/79f3e425-6a40-49e0-9d82-34a5d00dbaf9/current/log_inprogress_0
2019-08-30 22:38:23,893 [04c29368-23fb-4365-aaec-69238c5c9731:group-68F7645E4A5B:LeaderElection74] INFO  impl.LeaderElection (LeaderElection.java:askForVotes(181)) - 04c29368-23fb-4365-aaec-69238c5c9731:group-68F7645E4A5B:LeaderElection74: begin an election at term 1 for -1: [04c29368-23fb-4365-aaec-69238c5c9731:192.168.36.88:36284], old=null
2019-08-30 22:38:23,893 [04c29368-23fb-4365-aaec-69238c5c9731:group-68F7645E4A5B:LeaderElection74] INFO  impl.RoleInfo (RoleInfo.java:shutdownLeaderElection(134)) - 04c29368-23fb-4365-aaec-69238c5c9731: shutdown LeaderElection
2019-08-30 22:38:23,894 [04c29368-23fb-4365-aaec-69238c5c9731:group-68F7645E4A5B:LeaderElection74] INFO  impl.RaftServerImpl (RaftServerImpl.java:setRole(171)) - 04c29368-23fb-4365-aaec-69238c5c9731:group-68F7645E4A5B changes role from CANDIDATE to LEADER at term 1 for changeToLeader
2019-08-30 22:38:23,894 [04c29368-23fb-4365-aaec-69238c5c9731:group-68F7645E4A5B:LeaderElection74] INFO  impl.RaftServerImpl (ServerState.java:setLeader(263)) - 04c29368-23fb-4365-aaec-69238c5c9731:group-68F7645E4A5B change Leader from null to 04c29368-23fb-4365-aaec-69238c5c9731 at term 1 for becomeLeader, leader elected after 5175ms
2019-08-30 22:38:23,894 [04c29368-23fb-4365-aaec-69238c5c9731:group-68F7645E4A5B:LeaderElection74] INFO  server.RaftServerConfigKeys (ConfUtils.java:logGet(43)) - raft.server.staging.catchup.gap = 1000 (default)
2019-08-30 22:38:23,894 [04c29368-23fb-4365-aaec-69238c5c9731:group-68F7645E4A5B:LeaderElection74] INFO  server.RaftServerConfigKeys (ConfUtils.java:logGet(43)) - raft.server.rpc.sleep.time = 25ms (default)
2019-08-30 22:38:23,894 [04c29368-23fb-4365-aaec-69238c5c9731:group-68F7645E4A5B:LeaderElection74] INFO  server.RaftServerConfigKeys (ConfUtils.java:logGet(43)) - raft.server.write.element-limit = 4096 (default)
2019-08-30 22:38:23,894 [04c29368-23fb-4365-aaec-69238c5c9731:group-68F7645E4A5B:LeaderElection74] INFO  server.RaftServerConfigKeys (ConfUtils.java:logGet(43)) - raft.server.watch.timeout = 10s (default)
2019-08-30 22:38:23,895 [04c29368-23fb-4365-aaec-69238c5c9731:group-68F7645E4A5B:LeaderElection74] INFO  server.RaftServerConfigKeys (ConfUtils.java:logGet(43)) - raft.server.watch.timeout.denomination = 1s (default)
2019-08-30 22:38:23,895 [04c29368-23fb-4365-aaec-69238c5c9731:group-68F7645E4A5B:LeaderElection74] INFO  server.RaftServerConfigKeys (ConfUtils.java:logGet(43)) - raft.server.watch.element-limit = 65536 (default)
2019-08-30 22:38:23,895 [04c29368-23fb-4365-aaec-69238c5c9731:group-68F7645E4A5B:LeaderElection74] INFO  impl.RoleInfo (RoleInfo.java:updateAndGet(143)) - 04c29368-23fb-4365-aaec-69238c5c9731: start LeaderState
2019-08-30 22:38:23,895 [04c29368-23fb-4365-aaec-69238c5c9731:group-68F7645E4A5B:LeaderElection74] INFO  segmented.SegmentedRaftLogWorker (SegmentedRaftLogWorker.java:startLogSegment(380)) - 04c29368-23fb-4365-aaec-69238c5c9731-SegmentedRaftLogWorker:Storage Directory /workdir/hadoop-ozone/integration-test/target/test-dir/MiniOzoneClusterImpl-8fb4be1f-1f01-4e1a-8b80-1b2fb75ab186/datanode-5/data/ratis/9c828e55-2b02-460e-a0cc-68f7645e4a5b: Starting segment from index:0
2019-08-30 22:38:23,896 [04c29368-23fb-4365-aaec-69238c5c9731:group-68F7645E4A5B:LeaderElection74] INFO  impl.RaftServerImpl (ServerState.java:setRaftConf(361)) - 04c29368-23fb-4365-aaec-69238c5c9731:group-68F7645E4A5B set configuration 0: [04c29368-23fb-4365-aaec-69238c5c9731:192.168.36.88:36284], old=null at 0
2019-08-30 22:38:23,899 [08a98e8c-3230-413f-a62d-04417fccf4c4:group-8AB3EB773D33:LeaderElection75] INFO  impl.LeaderElection (LeaderElection.java:askForVotes(181)) - 08a98e8c-3230-413f-a62d-04417fccf4c4:group-8AB3EB773D33:LeaderElection75: begin an election at term 1 for -1: [08a98e8c-3230-413f-a62d-04417fccf4c4:192.168.36.88:35865], old=null
2019-08-30 22:38:23,899 [08a98e8c-3230-413f-a62d-04417fccf4c4:group-8AB3EB773D33:LeaderElection75] INFO  impl.RoleInfo (RoleInfo.java:shutdownLeaderElection(134)) - 08a98e8c-3230-413f-a62d-04417fccf4c4: shutdown LeaderElection
2019-08-30 22:38:23,899 [08a98e8c-3230-413f-a62d-04417fccf4c4:group-8AB3EB773D33:LeaderElection75] INFO  impl.RaftServerImpl (RaftServerImpl.java:setRole(171)) - 08a98e8c-3230-413f-a62d-04417fccf4c4:group-8AB3EB773D33 changes role from CANDIDATE to LEADER at term 1 for changeToLeader
2019-08-30 22:38:23,899 [08a98e8c-3230-413f-a62d-04417fccf4c4:group-8AB3EB773D33:LeaderElection75] INFO  impl.RaftServerImpl (ServerState.java:setLeader(263)) - 08a98e8c-3230-413f-a62d-04417fccf4c4:group-8AB3EB773D33 change Leader from null to 08a98e8c-3230-413f-a62d-04417fccf4c4 at term 1 for becomeLeader, leader elected after 5124ms
2019-08-30 22:38:23,900 [08a98e8c-3230-413f-a62d-04417fccf4c4:group-8AB3EB773D33:LeaderElection75] INFO  server.RaftServerConfigKeys (ConfUtils.java:logGet(43)) - raft.server.staging.catchup.gap = 1000 (default)
2019-08-30 22:38:23,900 [08a98e8c-3230-413f-a62d-04417fccf4c4:group-8AB3EB773D33:LeaderElection75] INFO  server.RaftServerConfigKeys (ConfUtils.java:logGet(43)) - raft.server.rpc.sleep.time = 25ms (default)
2019-08-30 22:38:23,900 [08a98e8c-3230-413f-a62d-04417fccf4c4:group-8AB3EB773D33:LeaderElection75] INFO  server.RaftServerConfigKeys (ConfUtils.java:logGet(43)) - raft.server.write.element-limit = 4096 (default)
2019-08-30 22:38:23,900 [08a98e8c-3230-413f-a62d-04417fccf4c4:group-8AB3EB773D33:LeaderElection75] INFO  server.RaftServerConfigKeys (ConfUtils.java:logGet(43)) - raft.server.watch.timeout = 10s (default)
2019-08-30 22:38:23,900 [08a98e8c-3230-413f-a62d-04417fccf4c4:group-8AB3EB773D33:LeaderElection75] INFO  server.RaftServerConfigKeys (ConfUtils.java:logGet(43)) - raft.server.watch.timeout.denomination = 1s (default)
2019-08-30 22:38:23,900 [08a98e8c-3230-413f-a62d-04417fccf4c4:group-8AB3EB773D33:LeaderElection75] INFO  server.RaftServerConfigKeys (ConfUtils.java:logGet(43)) - raft.server.watch.element-limit = 65536 (default)
2019-08-30 22:38:23,901 [08a98e8c-3230-413f-a62d-04417fccf4c4:group-8AB3EB773D33:LeaderElection75] INFO  impl.RoleInfo (RoleInfo.java:updateAndGet(143)) - 08a98e8c-3230-413f-a62d-04417fccf4c4: start LeaderState
2019-08-30 22:38:23,901 [08a98e8c-3230-413f-a62d-04417fccf4c4:group-8AB3EB773D33:LeaderElection75] INFO  segmented.SegmentedRaftLogWorker (SegmentedRaftLogWorker.java:startLogSegment(380)) - 08a98e8c-3230-413f-a62d-04417fccf4c4-SegmentedRaftLogWorker:Storage Directory /workdir/hadoop-ozone/integration-test/target/test-dir/MiniOzoneClusterImpl-8fb4be1f-1f01-4e1a-8b80-1b2fb75ab186/datanode-6/data/ratis/cd09ca85-1c31-4919-b90e-8ab3eb773d33: Starting segment from index:0
2019-08-30 22:38:23,901 [08a98e8c-3230-413f-a62d-04417fccf4c4:group-8AB3EB773D33:LeaderElection75] INFO  impl.RaftServerImpl (ServerState.java:setRaftConf(361)) - 08a98e8c-3230-413f-a62d-04417fccf4c4:group-8AB3EB773D33 set configuration 0: [08a98e8c-3230-413f-a62d-04417fccf4c4:192.168.36.88:35865], old=null at 0
2019-08-30 22:38:23,953 [Thread-3401] INFO  impl.FollowerState (FollowerState.java:run(106)) - 7c6fe567-79fd-4e56-aa02-ded5ff9c30c0:group-4741A1B238B0 changes to CANDIDATE, lastRpcTime:5075, electionTimeout:5075ms
2019-08-30 22:38:23,953 [Thread-3401] INFO  impl.RoleInfo (RoleInfo.java:shutdownFollowerState(121)) - 7c6fe567-79fd-4e56-aa02-ded5ff9c30c0: shutdown FollowerState
2019-08-30 22:38:23,953 [Thread-3401] INFO  impl.RaftServerImpl (RaftServerImpl.java:setRole(171)) - 7c6fe567-79fd-4e56-aa02-ded5ff9c30c0:group-4741A1B238B0 changes role from FOLLOWER to CANDIDATE at term 0 for changeToCandidate
2019-08-30 22:38:23,953 [Thread-3401] INFO  impl.RoleInfo (RoleInfo.java:updateAndGet(143)) - 7c6fe567-79fd-4e56-aa02-ded5ff9c30c0: start LeaderElection
2019-08-30 22:38:23,959 [Thread-3407] INFO  impl.FollowerState (FollowerState.java:run(106)) - 04c29368-23fb-4365-aaec-69238c5c9731:group-4741A1B238B0 changes to CANDIDATE, lastRpcTime:5078, electionTimeout:5077ms
2019-08-30 22:38:23,960 [Thread-3407] INFO  impl.RoleInfo (RoleInfo.java:shutdownFollowerState(121)) - 04c29368-23fb-4365-aaec-69238c5c9731: shutdown FollowerState
2019-08-30 22:38:23,960 [Thread-3407] INFO  impl.RaftServerImpl (RaftServerImpl.java:setRole(171)) - 04c29368-23fb-4365-aaec-69238c5c9731:group-4741A1B238B0 changes role from FOLLOWER to CANDIDATE at term 0 for changeToCandidate
2019-08-30 22:38:23,960 [Thread-3407] INFO  impl.RoleInfo (RoleInfo.java:updateAndGet(143)) - 04c29368-23fb-4365-aaec-69238c5c9731: start LeaderElection
2019-08-30 22:38:23,964 [08a98e8c-3230-413f-a62d-04417fccf4c4-SegmentedRaftLogWorker:Storage Directory /workdir/hadoop-ozone/integration-test/target/test-dir/MiniOzoneClusterImpl-8fb4be1f-1f01-4e1a-8b80-1b2fb75ab186/datanode-6/data/ratis/cd09ca85-1c31-4919-b90e-8ab3eb773d33] INFO  segmented.SegmentedRaftLogWorker (SegmentedRaftLogWorker.java:execute(569)) - 08a98e8c-3230-413f-a62d-04417fccf4c4-SegmentedRaftLogWorker:Storage Directory /workdir/hadoop-ozone/integration-test/target/test-dir/MiniOzoneClusterImpl-8fb4be1f-1f01-4e1a-8b80-1b2fb75ab186/datanode-6/data/ratis/cd09ca85-1c31-4919-b90e-8ab3eb773d33: created new log segment /workdir/hadoop-ozone/integration-test/target/test-dir/MiniOzoneClusterImpl-8fb4be1f-1f01-4e1a-8b80-1b2fb75ab186/datanode-6/data/ratis/cd09ca85-1c31-4919-b90e-8ab3eb773d33/current/log_inprogress_0
2019-08-30 22:38:23,964 [04c29368-23fb-4365-aaec-69238c5c9731-SegmentedRaftLogWorker:Storage Directory /workdir/hadoop-ozone/integration-test/target/test-dir/MiniOzoneClusterImpl-8fb4be1f-1f01-4e1a-8b80-1b2fb75ab186/datanode-5/data/ratis/9c828e55-2b02-460e-a0cc-68f7645e4a5b] INFO  segmented.SegmentedRaftLogWorker (SegmentedRaftLogWorker.java:execute(569)) - 04c29368-23fb-4365-aaec-69238c5c9731-SegmentedRaftLogWorker:Storage Directory /workdir/hadoop-ozone/integration-test/target/test-dir/MiniOzoneClusterImpl-8fb4be1f-1f01-4e1a-8b80-1b2fb75ab186/datanode-5/data/ratis/9c828e55-2b02-460e-a0cc-68f7645e4a5b: created new log segment /workdir/hadoop-ozone/integration-test/target/test-dir/MiniOzoneClusterImpl-8fb4be1f-1f01-4e1a-8b80-1b2fb75ab186/datanode-5/data/ratis/9c828e55-2b02-460e-a0cc-68f7645e4a5b/current/log_inprogress_0
2019-08-30 22:38:23,993 [04c29368-23fb-4365-aaec-69238c5c9731:group-4741A1B238B0:LeaderElection77] INFO  impl.LeaderElection (LeaderElection.java:askForVotes(181)) - 04c29368-23fb-4365-aaec-69238c5c9731:group-4741A1B238B0:LeaderElection77: begin an election at term 1 for -1: [04c29368-23fb-4365-aaec-69238c5c9731:192.168.36.88:36284, a5fefde7-037e-4263-b518-79d76143dac2:192.168.36.88:37614, 7c6fe567-79fd-4e56-aa02-ded5ff9c30c0:192.168.36.88:40251], old=null
2019-08-30 22:38:23,993 [7c6fe567-79fd-4e56-aa02-ded5ff9c30c0:group-4741A1B238B0:LeaderElection76] INFO  impl.LeaderElection (LeaderElection.java:askForVotes(181)) - 7c6fe567-79fd-4e56-aa02-ded5ff9c30c0:group-4741A1B238B0:LeaderElection76: begin an election at term 1 for -1: [04c29368-23fb-4365-aaec-69238c5c9731:192.168.36.88:36284, a5fefde7-037e-4263-b518-79d76143dac2:192.168.36.88:37614, 7c6fe567-79fd-4e56-aa02-ded5ff9c30c0:192.168.36.88:40251], old=null
2019-08-30 22:38:23,998 [grpc-default-executor-16] INFO  impl.RaftServerImpl (RaftServerImpl.java:setRole(171)) - a5fefde7-037e-4263-b518-79d76143dac2:group-4741A1B238B0 changes role from FOLLOWER to FOLLOWER at term 1 for recognizeCandidate:04c29368-23fb-4365-aaec-69238c5c9731
2019-08-30 22:38:23,998 [grpc-default-executor-16] INFO  impl.RoleInfo (RoleInfo.java:shutdownFollowerState(121)) - a5fefde7-037e-4263-b518-79d76143dac2: shutdown FollowerState
2019-08-30 22:38:24,002 [grpc-default-executor-16] INFO  impl.RoleInfo (RoleInfo.java:updateAndGet(143)) - a5fefde7-037e-4263-b518-79d76143dac2: start FollowerState
2019-08-30 22:38:24,002 [Thread-3404] INFO  impl.FollowerState (FollowerState.java:run(114)) - a5fefde7-037e-4263-b518-79d76143dac2: FollowerState was interrupted: java.lang.InterruptedException: sleep interrupted
2019-08-30 22:38:24,024 [7c6fe567-79fd-4e56-aa02-ded5ff9c30c0:group-4741A1B238B0:LeaderElection76] INFO  impl.LeaderElection (LeaderElection.java:logAndReturn(56)) - 7c6fe567-79fd-4e56-aa02-ded5ff9c30c0:group-4741A1B238B0:LeaderElection76: Election REJECTED; received 2 response(s) [7c6fe567-79fd-4e56-aa02-ded5ff9c30c0<-04c29368-23fb-4365-aaec-69238c5c9731#0:FAIL-t1, 7c6fe567-79fd-4e56-aa02-ded5ff9c30c0<-a5fefde7-037e-4263-b518-79d76143dac2#0:FAIL-t1] and 0 exception(s); 7c6fe567-79fd-4e56-aa02-ded5ff9c30c0:t1, leader=null, voted=7c6fe567-79fd-4e56-aa02-ded5ff9c30c0, raftlog=7c6fe567-79fd-4e56-aa02-ded5ff9c30c0-SegmentedRaftLog:OPENED:c-1,f-1,i0, conf=-1: [04c29368-23fb-4365-aaec-69238c5c9731:192.168.36.88:36284, a5fefde7-037e-4263-b518-79d76143dac2:192.168.36.88:37614, 7c6fe567-79fd-4e56-aa02-ded5ff9c30c0:192.168.36.88:40251], old=null
2019-08-30 22:38:24,024 [04c29368-23fb-4365-aaec-69238c5c9731:group-4741A1B238B0:LeaderElection77] INFO  impl.LeaderElection (LeaderElection.java:logAndReturn(56)) - 04c29368-23fb-4365-aaec-69238c5c9731:group-4741A1B238B0:LeaderElection77: Election PASSED; received 2 response(s) [04c29368-23fb-4365-aaec-69238c5c9731<-a5fefde7-037e-4263-b518-79d76143dac2#0:OK-t1, 04c29368-23fb-4365-aaec-69238c5c9731<-7c6fe567-79fd-4e56-aa02-ded5ff9c30c0#0:FAIL-t1] and 0 exception(s); 04c29368-23fb-4365-aaec-69238c5c9731:t1, leader=null, voted=04c29368-23fb-4365-aaec-69238c5c9731, raftlog=04c29368-23fb-4365-aaec-69238c5c9731-SegmentedRaftLog:OPENED:c-1,f-1,i0, conf=-1: [04c29368-23fb-4365-aaec-69238c5c9731:192.168.36.88:36284, a5fefde7-037e-4263-b518-79d76143dac2:192.168.36.88:37614, 7c6fe567-79fd-4e56-aa02-ded5ff9c30c0:192.168.36.88:40251], old=null
2019-08-30 22:38:24,025 [7c6fe567-79fd-4e56-aa02-ded5ff9c30c0:group-4741A1B238B0:LeaderElection76] INFO  impl.RaftServerImpl (RaftServerImpl.java:setRole(171)) - 7c6fe567-79fd-4e56-aa02-ded5ff9c30c0:group-4741A1B238B0 changes role from CANDIDATE to FOLLOWER at term 1 for DISCOVERED_A_NEW_TERM
2019-08-30 22:38:24,025 [04c29368-23fb-4365-aaec-69238c5c9731:group-4741A1B238B0:LeaderElection77] INFO  impl.RoleInfo (RoleInfo.java:shutdownLeaderElection(134)) - 04c29368-23fb-4365-aaec-69238c5c9731: shutdown LeaderElection
2019-08-30 22:38:24,025 [7c6fe567-79fd-4e56-aa02-ded5ff9c30c0:group-4741A1B238B0:LeaderElection76] INFO  impl.RoleInfo (RoleInfo.java:shutdownLeaderElection(134)) - 7c6fe567-79fd-4e56-aa02-ded5ff9c30c0: shutdown LeaderElection
2019-08-30 22:38:24,025 [04c29368-23fb-4365-aaec-69238c5c9731:group-4741A1B238B0:LeaderElection77] INFO  impl.RaftServerImpl (RaftServerImpl.java:setRole(171)) - 04c29368-23fb-4365-aaec-69238c5c9731:group-4741A1B238B0 changes role from CANDIDATE to LEADER at term 1 for changeToLeader
2019-08-30 22:38:24,025 [7c6fe567-79fd-4e56-aa02-ded5ff9c30c0:group-4741A1B238B0:LeaderElection76] INFO  impl.RoleInfo (RoleInfo.java:updateAndGet(143)) - 7c6fe567-79fd-4e56-aa02-ded5ff9c30c0: start FollowerState
2019-08-30 22:38:24,025 [04c29368-23fb-4365-aaec-69238c5c9731:group-4741A1B238B0:LeaderElection77] INFO  impl.RaftServerImpl (ServerState.java:setLeader(263)) - 04c29368-23fb-4365-aaec-69238c5c9731:group-4741A1B238B0 change Leader from null to 04c29368-23fb-4365-aaec-69238c5c9731 at term 1 for becomeLeader, leader elected after 5153ms
2019-08-30 22:38:24,031 [04c29368-23fb-4365-aaec-69238c5c9731:group-4741A1B238B0:LeaderElection77] INFO  server.RaftServerConfigKeys (ConfUtils.java:logGet(43)) - raft.server.staging.catchup.gap = 1000 (default)
2019-08-30 22:38:24,031 [04c29368-23fb-4365-aaec-69238c5c9731:group-4741A1B238B0:LeaderElection77] INFO  server.RaftServerConfigKeys (ConfUtils.java:logGet(43)) - raft.server.rpc.sleep.time = 25ms (default)
2019-08-30 22:38:24,032 [04c29368-23fb-4365-aaec-69238c5c9731:group-4741A1B238B0:LeaderElection77] INFO  server.RaftServerConfigKeys (ConfUtils.java:logGet(43)) - raft.server.write.element-limit = 4096 (default)
2019-08-30 22:38:24,032 [04c29368-23fb-4365-aaec-69238c5c9731:group-4741A1B238B0:LeaderElection77] INFO  server.RaftServerConfigKeys (ConfUtils.java:logGet(43)) - raft.server.watch.timeout = 10s (default)
2019-08-30 22:38:24,032 [04c29368-23fb-4365-aaec-69238c5c9731:group-4741A1B238B0:LeaderElection77] INFO  server.RaftServerConfigKeys (ConfUtils.java:logGet(43)) - raft.server.watch.timeout.denomination = 1s (default)
2019-08-30 22:38:24,032 [04c29368-23fb-4365-aaec-69238c5c9731:group-4741A1B238B0:LeaderElection77] INFO  server.RaftServerConfigKeys (ConfUtils.java:logGet(43)) - raft.server.watch.element-limit = 65536 (default)
2019-08-30 22:38:24,032 [04c29368-23fb-4365-aaec-69238c5c9731:group-4741A1B238B0:LeaderElection77] INFO  server.RaftServerConfigKeys (ConfUtils.java:logGet(43)) - raft.server.log.appender.snapshot.chunk.size.max = 16MB (=16777216) (default)
2019-08-30 22:38:24,033 [04c29368-23fb-4365-aaec-69238c5c9731:group-4741A1B238B0:LeaderElection77] INFO  server.RaftServerConfigKeys (ConfUtils.java:logGet(43)) - raft.server.log.appender.buffer.byte-limit = 33554432 (custom)
2019-08-30 22:38:24,033 [04c29368-23fb-4365-aaec-69238c5c9731:group-4741A1B238B0:LeaderElection77] INFO  server.RaftServerConfigKeys (ConfUtils.java:logGet(43)) - raft.server.log.appender.buffer.element-limit = 1 (custom)
2019-08-30 22:38:24,033 [04c29368-23fb-4365-aaec-69238c5c9731:group-4741A1B238B0:LeaderElection77] INFO  grpc.GrpcConfigKeys$Server (ConfUtils.java:logGet(43)) - raft.grpc.server.leader.outstanding.appends.max = 128 (default)
2019-08-30 22:38:24,033 [04c29368-23fb-4365-aaec-69238c5c9731:group-4741A1B238B0:LeaderElection77] INFO  server.RaftServerConfigKeys (ConfUtils.java:logGet(43)) - raft.server.rpc.request.timeout = 3000ms (default)
2019-08-30 22:38:24,034 [04c29368-23fb-4365-aaec-69238c5c9731:group-4741A1B238B0:LeaderElection77] INFO  server.RaftServerConfigKeys (ConfUtils.java:logGet(43)) - raft.server.log.appender.install.snapshot.enabled = false (custom)
2019-08-30 22:38:24,034 [04c29368-23fb-4365-aaec-69238c5c9731:group-4741A1B238B0:LeaderElection77] INFO  server.RaftServerConfigKeys (ConfUtils.java:logGet(43)) - raft.server.log.appender.snapshot.chunk.size.max = 16MB (=16777216) (default)
2019-08-30 22:38:24,034 [04c29368-23fb-4365-aaec-69238c5c9731:group-4741A1B238B0:LeaderElection77] INFO  server.RaftServerConfigKeys (ConfUtils.java:logGet(43)) - raft.server.log.appender.buffer.byte-limit = 33554432 (custom)
2019-08-30 22:38:24,034 [04c29368-23fb-4365-aaec-69238c5c9731:group-4741A1B238B0:LeaderElection77] INFO  server.RaftServerConfigKeys (ConfUtils.java:logGet(43)) - raft.server.log.appender.buffer.element-limit = 1 (custom)
2019-08-30 22:38:24,034 [04c29368-23fb-4365-aaec-69238c5c9731:group-4741A1B238B0:LeaderElection77] INFO  grpc.GrpcConfigKeys$Server (ConfUtils.java:logGet(43)) - raft.grpc.server.leader.outstanding.appends.max = 128 (default)
2019-08-30 22:38:24,034 [04c29368-23fb-4365-aaec-69238c5c9731:group-4741A1B238B0:LeaderElection77] INFO  server.RaftServerConfigKeys (ConfUtils.java:logGet(43)) - raft.server.rpc.request.timeout = 3000ms (default)
2019-08-30 22:38:24,035 [04c29368-23fb-4365-aaec-69238c5c9731:group-4741A1B238B0:LeaderElection77] INFO  server.RaftServerConfigKeys (ConfUtils.java:logGet(43)) - raft.server.log.appender.install.snapshot.enabled = false (custom)
2019-08-30 22:38:24,035 [04c29368-23fb-4365-aaec-69238c5c9731:group-4741A1B238B0:LeaderElection77] INFO  impl.RoleInfo (RoleInfo.java:updateAndGet(143)) - 04c29368-23fb-4365-aaec-69238c5c9731: start LeaderState
2019-08-30 22:38:24,035 [04c29368-23fb-4365-aaec-69238c5c9731:group-4741A1B238B0:LeaderElection77] INFO  segmented.SegmentedRaftLogWorker (SegmentedRaftLogWorker.java:startLogSegment(380)) - 04c29368-23fb-4365-aaec-69238c5c9731-SegmentedRaftLogWorker:Storage Directory /workdir/hadoop-ozone/integration-test/target/test-dir/MiniOzoneClusterImpl-8fb4be1f-1f01-4e1a-8b80-1b2fb75ab186/datanode-5/data/ratis/1f1ac4e9-94b1-45e8-9b2b-4741a1b238b0: Starting segment from index:0
2019-08-30 22:38:24,036 [04c29368-23fb-4365-aaec-69238c5c9731:group-4741A1B238B0:LeaderElection77] INFO  impl.RaftServerImpl (ServerState.java:setRaftConf(361)) - 04c29368-23fb-4365-aaec-69238c5c9731:group-4741A1B238B0 set configuration 0: [04c29368-23fb-4365-aaec-69238c5c9731:192.168.36.88:36284, a5fefde7-037e-4263-b518-79d76143dac2:192.168.36.88:37614, 7c6fe567-79fd-4e56-aa02-ded5ff9c30c0:192.168.36.88:40251], old=null at 0
2019-08-30 22:38:24,039 [grpc-default-executor-16] INFO  impl.RaftServerImpl (ServerState.java:setLeader(263)) - a5fefde7-037e-4263-b518-79d76143dac2:group-4741A1B238B0 change Leader from null to 04c29368-23fb-4365-aaec-69238c5c9731 at term 1 for appendEntries, leader elected after 5167ms
2019-08-30 22:38:24,039 [grpc-default-executor-13] INFO  impl.RaftServerImpl (ServerState.java:setLeader(263)) - 7c6fe567-79fd-4e56-aa02-ded5ff9c30c0:group-4741A1B238B0 change Leader from null to 04c29368-23fb-4365-aaec-69238c5c9731 at term 1 for appendEntries, leader elected after 5167ms
2019-08-30 22:38:24,042 [grpc-default-executor-13] INFO  impl.RaftServerImpl (ServerState.java:setRaftConf(361)) - a5fefde7-037e-4263-b518-79d76143dac2:group-4741A1B238B0 set configuration 0: [04c29368-23fb-4365-aaec-69238c5c9731:192.168.36.88:36284, a5fefde7-037e-4263-b518-79d76143dac2:192.168.36.88:37614, 7c6fe567-79fd-4e56-aa02-ded5ff9c30c0:192.168.36.88:40251], old=null at 0
2019-08-30 22:38:24,042 [grpc-default-executor-16] INFO  impl.RaftServerImpl (ServerState.java:setRaftConf(361)) - 7c6fe567-79fd-4e56-aa02-ded5ff9c30c0:group-4741A1B238B0 set configuration 0: [04c29368-23fb-4365-aaec-69238c5c9731:192.168.36.88:36284, a5fefde7-037e-4263-b518-79d76143dac2:192.168.36.88:37614, 7c6fe567-79fd-4e56-aa02-ded5ff9c30c0:192.168.36.88:40251], old=null at 0
2019-08-30 22:38:24,042 [grpc-default-executor-13] INFO  segmented.SegmentedRaftLogWorker (SegmentedRaftLogWorker.java:startLogSegment(380)) - a5fefde7-037e-4263-b518-79d76143dac2-SegmentedRaftLogWorker:Storage Directory /workdir/hadoop-ozone/integration-test/target/test-dir/MiniOzoneClusterImpl-8fb4be1f-1f01-4e1a-8b80-1b2fb75ab186/datanode-4/data/ratis/1f1ac4e9-94b1-45e8-9b2b-4741a1b238b0: Starting segment from index:0
2019-08-30 22:38:24,042 [grpc-default-executor-16] INFO  segmented.SegmentedRaftLogWorker (SegmentedRaftLogWorker.java:startLogSegment(380)) - 7c6fe567-79fd-4e56-aa02-ded5ff9c30c0-SegmentedRaftLogWorker:Storage Directory /workdir/hadoop-ozone/integration-test/target/test-dir/MiniOzoneClusterImpl-8fb4be1f-1f01-4e1a-8b80-1b2fb75ab186/datanode-3/data/ratis/1f1ac4e9-94b1-45e8-9b2b-4741a1b238b0: Starting segment from index:0
2019-08-30 22:38:24,113 [a5fefde7-037e-4263-b518-79d76143dac2-SegmentedRaftLogWorker:Storage Directory /workdir/hadoop-ozone/integration-test/target/test-dir/MiniOzoneClusterImpl-8fb4be1f-1f01-4e1a-8b80-1b2fb75ab186/datanode-4/data/ratis/1f1ac4e9-94b1-45e8-9b2b-4741a1b238b0] INFO  segmented.SegmentedRaftLogWorker (SegmentedRaftLogWorker.java:execute(569)) - a5fefde7-037e-4263-b518-79d76143dac2-SegmentedRaftLogWorker:Storage Directory /workdir/hadoop-ozone/integration-test/target/test-dir/MiniOzoneClusterImpl-8fb4be1f-1f01-4e1a-8b80-1b2fb75ab186/datanode-4/data/ratis/1f1ac4e9-94b1-45e8-9b2b-4741a1b238b0: created new log segment /workdir/hadoop-ozone/integration-test/target/test-dir/MiniOzoneClusterImpl-8fb4be1f-1f01-4e1a-8b80-1b2fb75ab186/datanode-4/data/ratis/1f1ac4e9-94b1-45e8-9b2b-4741a1b238b0/current/log_inprogress_0
2019-08-30 22:38:24,113 [04c29368-23fb-4365-aaec-69238c5c9731-SegmentedRaftLogWorker:Storage Directory /workdir/hadoop-ozone/integration-test/target/test-dir/MiniOzoneClusterImpl-8fb4be1f-1f01-4e1a-8b80-1b2fb75ab186/datanode-5/data/ratis/1f1ac4e9-94b1-45e8-9b2b-4741a1b238b0] INFO  segmented.SegmentedRaftLogWorker (SegmentedRaftLogWorker.java:execute(569)) - 04c29368-23fb-4365-aaec-69238c5c9731-SegmentedRaftLogWorker:Storage Directory /workdir/hadoop-ozone/integration-test/target/test-dir/MiniOzoneClusterImpl-8fb4be1f-1f01-4e1a-8b80-1b2fb75ab186/datanode-5/data/ratis/1f1ac4e9-94b1-45e8-9b2b-4741a1b238b0: created new log segment /workdir/hadoop-ozone/integration-test/target/test-dir/MiniOzoneClusterImpl-8fb4be1f-1f01-4e1a-8b80-1b2fb75ab186/datanode-5/data/ratis/1f1ac4e9-94b1-45e8-9b2b-4741a1b238b0/current/log_inprogress_0
2019-08-30 22:38:24,113 [7c6fe567-79fd-4e56-aa02-ded5ff9c30c0-SegmentedRaftLogWorker:Storage Directory /workdir/hadoop-ozone/integration-test/target/test-dir/MiniOzoneClusterImpl-8fb4be1f-1f01-4e1a-8b80-1b2fb75ab186/datanode-3/data/ratis/1f1ac4e9-94b1-45e8-9b2b-4741a1b238b0] INFO  segmented.SegmentedRaftLogWorker (SegmentedRaftLogWorker.java:execute(569)) - 7c6fe567-79fd-4e56-aa02-ded5ff9c30c0-SegmentedRaftLogWorker:Storage Directory /workdir/hadoop-ozone/integration-test/target/test-dir/MiniOzoneClusterImpl-8fb4be1f-1f01-4e1a-8b80-1b2fb75ab186/datanode-3/data/ratis/1f1ac4e9-94b1-45e8-9b2b-4741a1b238b0: created new log segment /workdir/hadoop-ozone/integration-test/target/test-dir/MiniOzoneClusterImpl-8fb4be1f-1f01-4e1a-8b80-1b2fb75ab186/datanode-3/data/ratis/1f1ac4e9-94b1-45e8-9b2b-4741a1b238b0/current/log_inprogress_0
2019-08-30 22:38:24,890 [grpc-default-executor-16] INFO  client.GrpcClientProtocolClient (GrpcClientProtocolClient.java:onNext(255)) - client-7B13BF8A455B->7c6fe567-79fd-4e56-aa02-ded5ff9c30c0: receive RaftClientReply:client-7B13BF8A455B->7c6fe567-79fd-4e56-aa02-ded5ff9c30c0@group-4741A1B238B0, cid=168, FAILED org.apache.ratis.protocol.NotLeaderException: Server 7c6fe567-79fd-4e56-aa02-ded5ff9c30c0 is not the leader (04c29368-23fb-4365-aaec-69238c5c9731:192.168.36.88:36284). Request must be sent to leader., logIndex=0, commits[7c6fe567-79fd-4e56-aa02-ded5ff9c30c0:c-1, 04c29368-23fb-4365-aaec-69238c5c9731:c-1, a5fefde7-037e-4263-b518-79d76143dac2:c-1]
2019-08-30 22:38:25,068 [grpc-default-executor-15] INFO  client.GrpcClientProtocolClient (GrpcClientProtocolClient.java:onNext(255)) - client-7B13BF8A455B->04c29368-23fb-4365-aaec-69238c5c9731: receive RaftClientReply:client-7B13BF8A455B->04c29368-23fb-4365-aaec-69238c5c9731@group-4741A1B238B0, cid=168, SUCCESS, logIndex=1, commits[04c29368-23fb-4365-aaec-69238c5c9731:c1, a5fefde7-037e-4263-b518-79d76143dac2:c0, 7c6fe567-79fd-4e56-aa02-ded5ff9c30c0:c0]
2019-08-30 22:38:25,085 [grpc-default-executor-13] INFO  client.GrpcClientProtocolClient (GrpcClientProtocolClient.java:onNext(255)) - client-7B13BF8A455B->04c29368-23fb-4365-aaec-69238c5c9731: receive RaftClientReply:client-7B13BF8A455B->04c29368-23fb-4365-aaec-69238c5c9731@group-4741A1B238B0, cid=169, SUCCESS, logIndex=3, commits[04c29368-23fb-4365-aaec-69238c5c9731:c3, a5fefde7-037e-4263-b518-79d76143dac2:c2, 7c6fe567-79fd-4e56-aa02-ded5ff9c30c0:c1]
2019-08-30 22:38:25,176 [grpc-default-executor-13] INFO  client.GrpcClientProtocolClient (GrpcClientProtocolClient.java:onNext(255)) - client-7B13BF8A455B->04c29368-23fb-4365-aaec-69238c5c9731: receive RaftClientReply:client-7B13BF8A455B->04c29368-23fb-4365-aaec-69238c5c9731@group-4741A1B238B0, cid=170, SUCCESS, logIndex=4, commits[04c29368-23fb-4365-aaec-69238c5c9731:c9, a5fefde7-037e-4263-b518-79d76143dac2:c3, 7c6fe567-79fd-4e56-aa02-ded5ff9c30c0:c3]
2019-08-30 22:38:25,177 [grpc-default-executor-13] INFO  client.GrpcClientProtocolClient (GrpcClientProtocolClient.java:onNext(255)) - client-7B13BF8A455B->04c29368-23fb-4365-aaec-69238c5c9731: receive RaftClientReply:client-7B13BF8A455B->04c29368-23fb-4365-aaec-69238c5c9731@group-4741A1B238B0, cid=171, SUCCESS, logIndex=5, commits[04c29368-23fb-4365-aaec-69238c5c9731:c9, a5fefde7-037e-4263-b518-79d76143dac2:c3, 7c6fe567-79fd-4e56-aa02-ded5ff9c30c0:c3]
2019-08-30 22:38:25,177 [grpc-default-executor-13] INFO  client.GrpcClientProtocolClient (GrpcClientProtocolClient.java:onNext(255)) - client-7B13BF8A455B->04c29368-23fb-4365-aaec-69238c5c9731: receive RaftClientReply:client-7B13BF8A455B->04c29368-23fb-4365-aaec-69238c5c9731@group-4741A1B238B0, cid=172, SUCCESS, logIndex=6, commits[04c29368-23fb-4365-aaec-69238c5c9731:c9, a5fefde7-037e-4263-b518-79d76143dac2:c3, 7c6fe567-79fd-4e56-aa02-ded5ff9c30c0:c3]
2019-08-30 22:38:25,178 [grpc-default-executor-13] INFO  client.GrpcClientProtocolClient (GrpcClientProtocolClient.java:onNext(255)) - client-7B13BF8A455B->04c29368-23fb-4365-aaec-69238c5c9731: receive RaftClientReply:client-7B13BF8A455B->04c29368-23fb-4365-aaec-69238c5c9731@group-4741A1B238B0, cid=173, SUCCESS, logIndex=7, commits[04c29368-23fb-4365-aaec-69238c5c9731:c9, a5fefde7-037e-4263-b518-79d76143dac2:c3, 7c6fe567-79fd-4e56-aa02-ded5ff9c30c0:c3]
2019-08-30 22:38:26,179 [main] WARN  scm.XceiverClientRatis (XceiverClientRatis.java:watchForCommit(262)) - 3 way commit failed on pipeline Pipeline[ Id: 1f1ac4e9-94b1-45e8-9b2b-4741a1b238b0, Nodes: 04c29368-23fb-4365-aaec-69238c5c9731{ip: 192.168.36.88, host: pr-hdds-1909-plfbr-3209385976, networkLocation: /default-rack, certSerialId: null}7c6fe567-79fd-4e56-aa02-ded5ff9c30c0{ip: 192.168.36.88, host: pr-hdds-1909-plfbr-3209385976, networkLocation: /default-rack, certSerialId: null}a5fefde7-037e-4263-b518-79d76143dac2{ip: 192.168.36.88, host: pr-hdds-1909-plfbr-3209385976, networkLocation: /default-rack, certSerialId: null}, Type:RATIS, Factor:THREE, State:OPEN]
java.util.concurrent.TimeoutException
	at java.util.concurrent.CompletableFuture.timedGet(CompletableFuture.java:1771)
	at java.util.concurrent.CompletableFuture.get(CompletableFuture.java:1915)
	at org.apache.hadoop.hdds.scm.XceiverClientRatis.watchForCommit(XceiverClientRatis.java:259)
	at org.apache.hadoop.hdds.scm.storage.CommitWatcher.watchForCommit(CommitWatcher.java:194)
	at org.apache.hadoop.hdds.scm.storage.CommitWatcher.watchOnFirstIndex(CommitWatcher.java:135)
	at org.apache.hadoop.hdds.scm.storage.BlockOutputStream.watchForCommit(BlockOutputStream.java:347)
	at org.apache.hadoop.hdds.scm.storage.BlockOutputStream.handleFullBuffer(BlockOutputStream.java:324)
	at org.apache.hadoop.hdds.scm.storage.BlockOutputStream.write(BlockOutputStream.java:251)
	at org.apache.hadoop.ozone.client.io.BlockOutputStreamEntry.write(BlockOutputStreamEntry.java:129)
	at org.apache.hadoop.ozone.client.io.KeyOutputStream.handleWrite(KeyOutputStream.java:211)
	at org.apache.hadoop.ozone.client.io.KeyOutputStream.write(KeyOutputStream.java:193)
	at org.apache.hadoop.ozone.client.io.OzoneOutputStream.write(OzoneOutputStream.java:49)
	at java.io.OutputStream.write(OutputStream.java:75)
	at org.apache.hadoop.ozone.client.rpc.TestBlockOutputStreamWithFailures.testWatchForCommitDatanodeFailure(TestBlockOutputStreamWithFailures.java:283)
	at sun.reflect.NativeMethodAccessorImpl.invoke0(Native Method)
	at sun.reflect.NativeMethodAccessorImpl.invoke(NativeMethodAccessorImpl.java:62)
	at sun.reflect.DelegatingMethodAccessorImpl.invoke(DelegatingMethodAccessorImpl.java:43)
	at java.lang.reflect.Method.invoke(Method.java:498)
	at org.junit.runners.model.FrameworkMethod$1.runReflectiveCall(FrameworkMethod.java:47)
	at org.junit.internal.runners.model.ReflectiveCallable.run(ReflectiveCallable.java:12)
	at org.junit.runners.model.FrameworkMethod.invokeExplosively(FrameworkMethod.java:44)
	at org.junit.internal.runners.statements.InvokeMethod.evaluate(InvokeMethod.java:17)
	at org.junit.internal.runners.statements.RunBefores.evaluate(RunBefores.java:26)
	at org.junit.internal.runners.statements.RunAfters.evaluate(RunAfters.java:27)
	at org.junit.runners.ParentRunner.runLeaf(ParentRunner.java:271)
	at org.junit.runners.BlockJUnit4ClassRunner.runChild(BlockJUnit4ClassRunner.java:70)
	at org.junit.runners.BlockJUnit4ClassRunner.runChild(BlockJUnit4ClassRunner.java:50)
	at org.junit.runners.ParentRunner$3.run(ParentRunner.java:238)
	at org.junit.runners.ParentRunner$1.schedule(ParentRunner.java:63)
	at org.junit.runners.ParentRunner.runChildren(ParentRunner.java:236)
	at org.junit.runners.ParentRunner.access$000(ParentRunner.java:53)
	at org.junit.runners.ParentRunner$2.evaluate(ParentRunner.java:229)
	at org.junit.runners.ParentRunner.run(ParentRunner.java:309)
	at org.apache.maven.surefire.junit4.JUnit4Provider.execute(JUnit4Provider.java:365)
	at org.apache.maven.surefire.junit4.JUnit4Provider.executeWithRerun(JUnit4Provider.java:273)
	at org.apache.maven.surefire.junit4.JUnit4Provider.executeTestSet(JUnit4Provider.java:238)
	at org.apache.maven.surefire.junit4.JUnit4Provider.invoke(JUnit4Provider.java:159)
	at org.apache.maven.surefire.booter.ForkedBooter.invokeProviderInSameClassLoader(ForkedBooter.java:384)
	at org.apache.maven.surefire.booter.ForkedBooter.runSuitesInProcess(ForkedBooter.java:345)
	at org.apache.maven.surefire.booter.ForkedBooter.execute(ForkedBooter.java:126)
	at org.apache.maven.surefire.booter.ForkedBooter.main(ForkedBooter.java:418)
2019-08-30 22:38:27,190 [main] WARN  storage.CommitWatcher (CommitWatcher.java:watchForCommit(203)) - watchForCommit failed for index 4
java.util.concurrent.TimeoutException
	at java.util.concurrent.CompletableFuture.timedGet(CompletableFuture.java:1771)
	at java.util.concurrent.CompletableFuture.get(CompletableFuture.java:1915)
	at org.apache.hadoop.hdds.scm.XceiverClientRatis.watchForCommit(XceiverClientRatis.java:268)
	at org.apache.hadoop.hdds.scm.storage.CommitWatcher.watchForCommit(CommitWatcher.java:194)
	at org.apache.hadoop.hdds.scm.storage.CommitWatcher.watchOnFirstIndex(CommitWatcher.java:135)
	at org.apache.hadoop.hdds.scm.storage.BlockOutputStream.watchForCommit(BlockOutputStream.java:347)
	at org.apache.hadoop.hdds.scm.storage.BlockOutputStream.handleFullBuffer(BlockOutputStream.java:324)
	at org.apache.hadoop.hdds.scm.storage.BlockOutputStream.write(BlockOutputStream.java:251)
	at org.apache.hadoop.ozone.client.io.BlockOutputStreamEntry.write(BlockOutputStreamEntry.java:129)
	at org.apache.hadoop.ozone.client.io.KeyOutputStream.handleWrite(KeyOutputStream.java:211)
	at org.apache.hadoop.ozone.client.io.KeyOutputStream.write(KeyOutputStream.java:193)
	at org.apache.hadoop.ozone.client.io.OzoneOutputStream.write(OzoneOutputStream.java:49)
	at java.io.OutputStream.write(OutputStream.java:75)
	at org.apache.hadoop.ozone.client.rpc.TestBlockOutputStreamWithFailures.testWatchForCommitDatanodeFailure(TestBlockOutputStreamWithFailures.java:283)
	at sun.reflect.NativeMethodAccessorImpl.invoke0(Native Method)
	at sun.reflect.NativeMethodAccessorImpl.invoke(NativeMethodAccessorImpl.java:62)
	at sun.reflect.DelegatingMethodAccessorImpl.invoke(DelegatingMethodAccessorImpl.java:43)
	at java.lang.reflect.Method.invoke(Method.java:498)
	at org.junit.runners.model.FrameworkMethod$1.runReflectiveCall(FrameworkMethod.java:47)
	at org.junit.internal.runners.model.ReflectiveCallable.run(ReflectiveCallable.java:12)
	at org.junit.runners.model.FrameworkMethod.invokeExplosively(FrameworkMethod.java:44)
	at org.junit.internal.runners.statements.InvokeMethod.evaluate(InvokeMethod.java:17)
	at org.junit.internal.runners.statements.RunBefores.evaluate(RunBefores.java:26)
	at org.junit.internal.runners.statements.RunAfters.evaluate(RunAfters.java:27)
	at org.junit.runners.ParentRunner.runLeaf(ParentRunner.java:271)
	at org.junit.runners.BlockJUnit4ClassRunner.runChild(BlockJUnit4ClassRunner.java:70)
	at org.junit.runners.BlockJUnit4ClassRunner.runChild(BlockJUnit4ClassRunner.java:50)
	at org.junit.runners.ParentRunner$3.run(ParentRunner.java:238)
	at org.junit.runners.ParentRunner$1.schedule(ParentRunner.java:63)
	at org.junit.runners.ParentRunner.runChildren(ParentRunner.java:236)
	at org.junit.runners.ParentRunner.access$000(ParentRunner.java:53)
	at org.junit.runners.ParentRunner$2.evaluate(ParentRunner.java:229)
	at org.junit.runners.ParentRunner.run(ParentRunner.java:309)
	at org.apache.maven.surefire.junit4.JUnit4Provider.execute(JUnit4Provider.java:365)
	at org.apache.maven.surefire.junit4.JUnit4Provider.executeWithRerun(JUnit4Provider.java:273)
	at org.apache.maven.surefire.junit4.JUnit4Provider.executeTestSet(JUnit4Provider.java:238)
	at org.apache.maven.surefire.junit4.JUnit4Provider.invoke(JUnit4Provider.java:159)
	at org.apache.maven.surefire.booter.ForkedBooter.invokeProviderInSameClassLoader(ForkedBooter.java:384)
	at org.apache.maven.surefire.booter.ForkedBooter.runSuitesInProcess(ForkedBooter.java:345)
	at org.apache.maven.surefire.booter.ForkedBooter.execute(ForkedBooter.java:126)
	at org.apache.maven.surefire.booter.ForkedBooter.main(ForkedBooter.java:418)
2019-08-30 22:38:27,191 [main] WARN  io.KeyOutputStream (KeyOutputStream.java:handleException(276)) - Encountered exception java.io.IOException: Unexpected Storage Container Exception: java.io.IOException: Unexpected Storage Container Exception: java.util.concurrent.TimeoutException on the pipeline Pipeline[ Id: 1f1ac4e9-94b1-45e8-9b2b-4741a1b238b0, Nodes: 04c29368-23fb-4365-aaec-69238c5c9731{ip: 192.168.36.88, host: pr-hdds-1909-plfbr-3209385976, networkLocation: /default-rack, certSerialId: null}7c6fe567-79fd-4e56-aa02-ded5ff9c30c0{ip: 192.168.36.88, host: pr-hdds-1909-plfbr-3209385976, networkLocation: /default-rack, certSerialId: null}a5fefde7-037e-4263-b518-79d76143dac2{ip: 192.168.36.88, host: pr-hdds-1909-plfbr-3209385976, networkLocation: /default-rack, certSerialId: null}, Type:RATIS, Factor:THREE, State:OPEN]. The last committed block length is 0, uncommitted data length is 400 retry count 0
2019-08-30 22:38:27,322 [grpc-default-executor-15] INFO  client.GrpcClientProtocolClient (GrpcClientProtocolClient.java:onNext(255)) - client-467348823E2A->2dcb9ef1-393c-4beb-b158-3ac2a1e6a1a8: receive RaftClientReply:client-467348823E2A->2dcb9ef1-393c-4beb-b158-3ac2a1e6a1a8@group-FF1A6FF3A075, cid=176, SUCCESS, logIndex=1, commits[2dcb9ef1-393c-4beb-b158-3ac2a1e6a1a8:c1, b59e1437-a1c8-4617-9449-130f0635d94e:c0, afdb06fd-1848-49aa-a5df-8cd319373775:c0]
2019-08-30 22:38:27,333 [grpc-default-executor-13] INFO  client.GrpcClientProtocolClient (GrpcClientProtocolClient.java:onNext(255)) - client-467348823E2A->2dcb9ef1-393c-4beb-b158-3ac2a1e6a1a8: receive RaftClientReply:client-467348823E2A->2dcb9ef1-393c-4beb-b158-3ac2a1e6a1a8@group-FF1A6FF3A075, cid=177, SUCCESS, logIndex=3, commits[2dcb9ef1-393c-4beb-b158-3ac2a1e6a1a8:c4, b59e1437-a1c8-4617-9449-130f0635d94e:c2, afdb06fd-1848-49aa-a5df-8cd319373775:c0]
2019-08-30 22:38:27,378 [grpc-default-executor-15] INFO  client.GrpcClientProtocolClient (GrpcClientProtocolClient.java:onNext(255)) - client-467348823E2A->2dcb9ef1-393c-4beb-b158-3ac2a1e6a1a8: receive RaftClientReply:client-467348823E2A->2dcb9ef1-393c-4beb-b158-3ac2a1e6a1a8@group-FF1A6FF3A075, cid=178, SUCCESS, logIndex=4, commits[2dcb9ef1-393c-4beb-b158-3ac2a1e6a1a8:c12, b59e1437-a1c8-4617-9449-130f0635d94e:c7, afdb06fd-1848-49aa-a5df-8cd319373775:c7]
2019-08-30 22:38:27,379 [grpc-default-executor-15] INFO  client.GrpcClientProtocolClient (GrpcClientProtocolClient.java:onNext(255)) - client-467348823E2A->2dcb9ef1-393c-4beb-b158-3ac2a1e6a1a8: receive RaftClientReply:client-467348823E2A->2dcb9ef1-393c-4beb-b158-3ac2a1e6a1a8@group-FF1A6FF3A075, cid=179, SUCCESS, logIndex=5, commits[2dcb9ef1-393c-4beb-b158-3ac2a1e6a1a8:c12, b59e1437-a1c8-4617-9449-130f0635d94e:c7, afdb06fd-1848-49aa-a5df-8cd319373775:c7]
2019-08-30 22:38:27,379 [grpc-default-executor-15] INFO  client.GrpcClientProtocolClient (GrpcClientProtocolClient.java:onNext(255)) - client-467348823E2A->2dcb9ef1-393c-4beb-b158-3ac2a1e6a1a8: receive RaftClientReply:client-467348823E2A->2dcb9ef1-393c-4beb-b158-3ac2a1e6a1a8@group-FF1A6FF3A075, cid=180, SUCCESS, logIndex=6, commits[2dcb9ef1-393c-4beb-b158-3ac2a1e6a1a8:c12, b59e1437-a1c8-4617-9449-130f0635d94e:c7, afdb06fd-1848-49aa-a5df-8cd319373775:c7]
2019-08-30 22:38:27,422 [grpc-default-executor-15] INFO  client.GrpcClientProtocolClient (GrpcClientProtocolClient.java:onNext(255)) - client-467348823E2A->2dcb9ef1-393c-4beb-b158-3ac2a1e6a1a8: receive RaftClientReply:client-467348823E2A->2dcb9ef1-393c-4beb-b158-3ac2a1e6a1a8@group-FF1A6FF3A075, cid=181, SUCCESS, logIndex=7, commits[2dcb9ef1-393c-4beb-b158-3ac2a1e6a1a8:c12, b59e1437-a1c8-4617-9449-130f0635d94e:c7, afdb06fd-1848-49aa-a5df-8cd319373775:c7]
2019-08-30 22:38:27,423 [main] INFO  ozone.MiniOzoneClusterImpl (MiniOzoneClusterImpl.java:shutdown(307)) - Shutting down the Mini Ozone Cluster
2019-08-30 22:38:27,423 [main] INFO  ozone.MiniOzoneClusterImpl (MiniOzoneClusterImpl.java:stop(322)) - Stopping the Mini Ozone Cluster
2019-08-30 22:38:27,424 [main] INFO  ozone.MiniOzoneClusterImpl (MiniOzoneClusterImpl.java:stop(324)) - Stopping the OzoneManager
2019-08-30 22:38:27,424 [main] INFO  ipc.Server (Server.java:stop(3082)) - Stopping server on 40906
2019-08-30 22:38:27,424 [IPC Server listener on 40906] INFO  ipc.Server (Server.java:run(1185)) - Stopping IPC Server listener on 40906
2019-08-30 22:38:27,435 [IPC Server Responder] INFO  ipc.Server (Server.java:run(1319)) - Stopping IPC Server Responder
2019-08-30 22:38:27,436 [main] INFO  ratis.OzoneManagerDoubleBuffer (OzoneManagerDoubleBuffer.java:stop(248)) - Stopping OMDoubleBuffer flush thread
2019-08-30 22:38:27,440 [OMDoubleBufferFlushThread] INFO  ratis.OzoneManagerDoubleBuffer (OzoneManagerDoubleBuffer.java:flushTransactions(191)) - OMDoubleBuffer flush thread OMDoubleBufferFlushThread is interrupted and will exit. OMDoubleBufferFlushThread
2019-08-30 22:38:27,446 [main] INFO  utils.BackgroundService (BackgroundService.java:shutdown(148)) - Shutting down service KeyDeletingService
2019-08-30 22:38:27,447 [main] INFO  handler.ContextHandler (ContextHandler.java:doStop(910)) - Stopped o.e.j.w.WebAppContext@5438fa43{/,null,UNAVAILABLE}{/ozoneManager}
2019-08-30 22:38:27,448 [main] INFO  server.AbstractConnector (AbstractConnector.java:doStop(318)) - Stopped ServerConnector@512abf25{HTTP/1.1,[http/1.1]}{0.0.0.0:0}
2019-08-30 22:38:27,448 [main] INFO  handler.ContextHandler (ContextHandler.java:doStop(910)) - Stopped o.e.j.s.ServletContextHandler@443a06ad{/static,file:///workdir/hadoop-ozone/integration-test/target/test-classes/webapps/static,UNAVAILABLE}
2019-08-30 22:38:27,449 [main] INFO  handler.ContextHandler (ContextHandler.java:doStop(910)) - Stopped o.e.j.s.ServletContextHandler@4f1afe8f{/logs,file:///workdir/hadoop-ozone/integration-test/target/log,UNAVAILABLE}
2019-08-30 22:38:27,451 [main] INFO  ozone.MiniOzoneClusterImpl (MiniOzoneClusterImpl.java:stop(330)) - Shutting the HddsDatanodes
2019-08-30 22:38:27,604 [grpc-default-executor-15] INFO  client.GrpcClientProtocolClient (GrpcClientProtocolClient.java:onNext(255)) - client-7B13BF8A455B->04c29368-23fb-4365-aaec-69238c5c9731: receive RaftClientReply:client-7B13BF8A455B->04c29368-23fb-4365-aaec-69238c5c9731@group-4741A1B238B0, cid=175, SUCCESS, logIndex=0, commits[04c29368-23fb-4365-aaec-69238c5c9731:c9, a5fefde7-037e-4263-b518-79d76143dac2:c9, 7c6fe567-79fd-4e56-aa02-ded5ff9c30c0:c3]
2019-08-30 22:38:27,615 [grpc-default-executor-15] INFO  client.GrpcClientProtocolClient (GrpcClientProtocolClient.java:onNext(255)) - client-7B13BF8A455B->04c29368-23fb-4365-aaec-69238c5c9731: receive RaftClientReply:client-7B13BF8A455B->04c29368-23fb-4365-aaec-69238c5c9731@group-4741A1B238B0, cid=174, SUCCESS, logIndex=0, commits[04c29368-23fb-4365-aaec-69238c5c9731:c9, a5fefde7-037e-4263-b518-79d76143dac2:c9, 7c6fe567-79fd-4e56-aa02-ded5ff9c30c0:c9]
2019-08-30 22:38:28,035 [Datanode State Machine Thread - 0] INFO  statemachine.DatanodeStateMachine (DatanodeStateMachine.java:lambda$startDaemon$0(350)) - Ozone container server started.
2019-08-30 22:38:28,314 [Datanode State Machine Thread - 0] INFO  statemachine.DatanodeStateMachine (DatanodeStateMachine.java:lambda$startDaemon$0(350)) - Ozone container server started.
2019-08-30 22:38:32,052 [EventQueue-StaleNodeForStaleNodeHandler] INFO  node.StaleNodeHandler (StaleNodeHandler.java:onMessage(58)) - Datanode a5fefde7-037e-4263-b518-79d76143dac2{ip: 192.168.36.88, host: pr-hdds-1909-plfbr-3209385976, networkLocation: /default-rack, certSerialId: null} moved to stale state. Finalizing its pipelines [PipelineID=1f1ac4e9-94b1-45e8-9b2b-4741a1b238b0, PipelineID=79f3e425-6a40-49e0-9d82-34a5d00dbaf9]
2019-08-30 22:38:32,052 [EventQueue-StaleNodeForStaleNodeHandler] INFO  pipeline.SCMPipelineManager (SCMPipelineManager.java:finalizeAndDestroyPipeline(309)) - destroying pipeline:Pipeline[ Id: 1f1ac4e9-94b1-45e8-9b2b-4741a1b238b0, Nodes: 04c29368-23fb-4365-aaec-69238c5c9731{ip: 192.168.36.88, host: pr-hdds-1909-plfbr-3209385976, networkLocation: /default-rack, certSerialId: null}7c6fe567-79fd-4e56-aa02-ded5ff9c30c0{ip: 192.168.36.88, host: pr-hdds-1909-plfbr-3209385976, networkLocation: /default-rack, certSerialId: null}a5fefde7-037e-4263-b518-79d76143dac2{ip: 192.168.36.88, host: pr-hdds-1909-plfbr-3209385976, networkLocation: /default-rack, certSerialId: null}, Type:RATIS, Factor:THREE, State:OPEN]
2019-08-30 22:38:32,052 [EventQueue-StaleNodeForStaleNodeHandler] INFO  pipeline.PipelineStateManager (PipelineStateManager.java:finalizePipeline(123)) - Pipeline Pipeline[ Id: 1f1ac4e9-94b1-45e8-9b2b-4741a1b238b0, Nodes: 04c29368-23fb-4365-aaec-69238c5c9731{ip: 192.168.36.88, host: pr-hdds-1909-plfbr-3209385976, networkLocation: /default-rack, certSerialId: null}7c6fe567-79fd-4e56-aa02-ded5ff9c30c0{ip: 192.168.36.88, host: pr-hdds-1909-plfbr-3209385976, networkLocation: /default-rack, certSerialId: null}a5fefde7-037e-4263-b518-79d76143dac2{ip: 192.168.36.88, host: pr-hdds-1909-plfbr-3209385976, networkLocation: /default-rack, certSerialId: null}, Type:RATIS, Factor:THREE, State:CLOSED] moved to CLOSED state
2019-08-30 22:38:32,053 [EventQueue-StaleNodeForStaleNodeHandler] INFO  pipeline.SCMPipelineManager (SCMPipelineManager.java:finalizeAndDestroyPipeline(309)) - destroying pipeline:Pipeline[ Id: 79f3e425-6a40-49e0-9d82-34a5d00dbaf9, Nodes: a5fefde7-037e-4263-b518-79d76143dac2{ip: 192.168.36.88, host: pr-hdds-1909-plfbr-3209385976, networkLocation: /default-rack, certSerialId: null}, Type:RATIS, Factor:ONE, State:OPEN]
2019-08-30 22:38:32,053 [EventQueue-CloseContainerForCloseContainerEventHandler] INFO  container.CloseContainerEventHandler (CloseContainerEventHandler.java:onMessage(61)) - Close container Event triggered for container : #1
2019-08-30 22:38:32,053 [EventQueue-StaleNodeForStaleNodeHandler] INFO  pipeline.PipelineStateManager (PipelineStateManager.java:finalizePipeline(123)) - Pipeline Pipeline[ Id: 79f3e425-6a40-49e0-9d82-34a5d00dbaf9, Nodes: a5fefde7-037e-4263-b518-79d76143dac2{ip: 192.168.36.88, host: pr-hdds-1909-plfbr-3209385976, networkLocation: /default-rack, certSerialId: null}, Type:RATIS, Factor:ONE, State:CLOSED] moved to CLOSED state
2019-08-30 22:38:32,352 [EventQueue-StaleNodeForStaleNodeHandler] INFO  node.StaleNodeHandler (StaleNodeHandler.java:onMessage(58)) - Datanode 2dcb9ef1-393c-4beb-b158-3ac2a1e6a1a8{ip: 192.168.36.88, host: pr-hdds-1909-plfbr-3209385976, networkLocation: /default-rack, certSerialId: null} moved to stale state. Finalizing its pipelines [PipelineID=604ed232-7a43-4b01-a7da-ff1a6ff3a075, PipelineID=fd3008f1-8f79-46c6-b5d9-98ad8ab274e1]
2019-08-30 22:38:32,353 [EventQueue-StaleNodeForStaleNodeHandler] INFO  pipeline.SCMPipelineManager (SCMPipelineManager.java:finalizeAndDestroyPipeline(309)) - destroying pipeline:Pipeline[ Id: 604ed232-7a43-4b01-a7da-ff1a6ff3a075, Nodes: 2dcb9ef1-393c-4beb-b158-3ac2a1e6a1a8{ip: 192.168.36.88, host: pr-hdds-1909-plfbr-3209385976, networkLocation: /default-rack, certSerialId: null}afdb06fd-1848-49aa-a5df-8cd319373775{ip: 192.168.36.88, host: pr-hdds-1909-plfbr-3209385976, networkLocation: /default-rack, certSerialId: null}b59e1437-a1c8-4617-9449-130f0635d94e{ip: 192.168.36.88, host: pr-hdds-1909-plfbr-3209385976, networkLocation: /default-rack, certSerialId: null}, Type:RATIS, Factor:THREE, State:OPEN]
2019-08-30 22:38:32,353 [EventQueue-StaleNodeForStaleNodeHandler] INFO  pipeline.PipelineStateManager (PipelineStateManager.java:finalizePipeline(123)) - Pipeline Pipeline[ Id: 604ed232-7a43-4b01-a7da-ff1a6ff3a075, Nodes: 2dcb9ef1-393c-4beb-b158-3ac2a1e6a1a8{ip: 192.168.36.88, host: pr-hdds-1909-plfbr-3209385976, networkLocation: /default-rack, certSerialId: null}afdb06fd-1848-49aa-a5df-8cd319373775{ip: 192.168.36.88, host: pr-hdds-1909-plfbr-3209385976, networkLocation: /default-rack, certSerialId: null}b59e1437-a1c8-4617-9449-130f0635d94e{ip: 192.168.36.88, host: pr-hdds-1909-plfbr-3209385976, networkLocation: /default-rack, certSerialId: null}, Type:RATIS, Factor:THREE, State:CLOSED] moved to CLOSED state
2019-08-30 22:38:32,353 [EventQueue-CloseContainerForCloseContainerEventHandler] INFO  container.CloseContainerEventHandler (CloseContainerEventHandler.java:onMessage(61)) - Close container Event triggered for container : #2
2019-08-30 22:38:32,353 [EventQueue-StaleNodeForStaleNodeHandler] INFO  pipeline.SCMPipelineManager (SCMPipelineManager.java:finalizeAndDestroyPipeline(309)) - destroying pipeline:Pipeline[ Id: fd3008f1-8f79-46c6-b5d9-98ad8ab274e1, Nodes: 2dcb9ef1-393c-4beb-b158-3ac2a1e6a1a8{ip: 192.168.36.88, host: pr-hdds-1909-plfbr-3209385976, networkLocation: /default-rack, certSerialId: null}, Type:RATIS, Factor:ONE, State:OPEN]
2019-08-30 22:38:32,353 [EventQueue-StaleNodeForStaleNodeHandler] INFO  pipeline.PipelineStateManager (PipelineStateManager.java:finalizePipeline(123)) - Pipeline Pipeline[ Id: fd3008f1-8f79-46c6-b5d9-98ad8ab274e1, Nodes: 2dcb9ef1-393c-4beb-b158-3ac2a1e6a1a8{ip: 192.168.36.88, host: pr-hdds-1909-plfbr-3209385976, networkLocation: /default-rack, certSerialId: null}, Type:RATIS, Factor:ONE, State:CLOSED] moved to CLOSED state
2019-08-30 22:38:32,452 [main] INFO  ozoneimpl.OzoneContainer (OzoneContainer.java:stop(215)) - Attempting to stop container services.
2019-08-30 22:38:32,452 [ForkJoinPool.commonPool-worker-1] INFO  ozoneimpl.OzoneContainer (OzoneContainer.java:stop(215)) - Attempting to stop container services.
2019-08-30 22:38:32,453 [main] INFO  impl.RaftServerProxy (RaftServerProxy.java:lambda$close$4(314)) - a5fefde7-037e-4263-b518-79d76143dac2: close
2019-08-30 22:38:32,453 [ForkJoinPool.commonPool-worker-1] INFO  impl.RaftServerProxy (RaftServerProxy.java:lambda$close$4(314)) - 2dcb9ef1-393c-4beb-b158-3ac2a1e6a1a8: close
2019-08-30 22:38:32,453 [main] INFO  impl.RaftServerImpl (RaftServerImpl.java:lambda$shutdown$3(245)) - a5fefde7-037e-4263-b518-79d76143dac2: shutdown group-4741A1B238B0
2019-08-30 22:38:32,454 [ForkJoinPool.commonPool-worker-1] INFO  impl.RaftServerImpl (RaftServerImpl.java:lambda$shutdown$3(245)) - 2dcb9ef1-393c-4beb-b158-3ac2a1e6a1a8: shutdown group-FF1A6FF3A075
2019-08-30 22:38:32,454 [main] INFO  util.JmxRegister (JmxRegister.java:unregister(73)) - Successfully un-registered JMX Bean with object name Ratis:service=RaftServer,group=group-4741A1B238B0,id=a5fefde7-037e-4263-b518-79d76143dac2
2019-08-30 22:38:32,454 [ForkJoinPool.commonPool-worker-1] INFO  util.JmxRegister (JmxRegister.java:unregister(73)) - Successfully un-registered JMX Bean with object name Ratis:service=RaftServer,group=group-FF1A6FF3A075,id=2dcb9ef1-393c-4beb-b158-3ac2a1e6a1a8
2019-08-30 22:38:32,455 [main] INFO  impl.RoleInfo (RoleInfo.java:shutdownFollowerState(121)) - a5fefde7-037e-4263-b518-79d76143dac2: shutdown FollowerState
2019-08-30 22:38:32,455 [ForkJoinPool.commonPool-worker-1] INFO  impl.RoleInfo (RoleInfo.java:shutdownLeaderState(104)) - 2dcb9ef1-393c-4beb-b158-3ac2a1e6a1a8: shutdown LeaderState
2019-08-30 22:38:32,456 [Thread-3461] INFO  impl.FollowerState (FollowerState.java:run(114)) - a5fefde7-037e-4263-b518-79d76143dac2: FollowerState was interrupted: java.lang.InterruptedException: sleep interrupted
2019-08-30 22:38:32,456 [StateMachineUpdater:a5fefde7-037e-4263-b518-79d76143dac2:group-4741A1B238B0] INFO  ratis.ContainerStateMachine (ContainerStateMachine.java:takeSnapshot(284)) - group-4741A1B238B0: Taking a snapshot at:(t:1, i:9) file /workdir/hadoop-ozone/integration-test/target/test-dir/MiniOzoneClusterImpl-8fb4be1f-1f01-4e1a-8b80-1b2fb75ab186/datanode-4/data/ratis/1f1ac4e9-94b1-45e8-9b2b-4741a1b238b0/sm/snapshot.1_9
2019-08-30 22:38:32,455 [main] INFO  impl.StateMachineUpdater (StateMachineUpdater.java:stopAndJoin(115)) - StateMachineUpdater:a5fefde7-037e-4263-b518-79d76143dac2:group-4741A1B238B0: set stopIndex = 9
2019-08-30 22:38:32,475 [ForkJoinPool.commonPool-worker-1] INFO  impl.PendingRequests (PendingRequests.java:sendNotLeaderResponses(202)) - 2dcb9ef1-393c-4beb-b158-3ac2a1e6a1a8-PendingRequests: sendNotLeaderResponses
2019-08-30 22:38:32,475 [org.apache.ratis.server.impl.LogAppender$AppenderDaemon$$Lambda$538/968503794@3b0aab1e] WARN  server.GrpcLogAppender (GrpcLogAppender.java:mayWait(143)) - GrpcLogAppender(2dcb9ef1-393c-4beb-b158-3ac2a1e6a1a8->b59e1437-a1c8-4617-9449-130f0635d94e): Wait interrupted by java.lang.InterruptedException
2019-08-30 22:38:32,475 [org.apache.ratis.server.impl.LogAppender$AppenderDaemon$$Lambda$538/968503794@7e08321b] WARN  server.GrpcLogAppender (GrpcLogAppender.java:mayWait(143)) - GrpcLogAppender(2dcb9ef1-393c-4beb-b158-3ac2a1e6a1a8->afdb06fd-1848-49aa-a5df-8cd319373775): Wait interrupted by java.lang.InterruptedException
2019-08-30 22:38:32,485 [ForkJoinPool.commonPool-worker-1] INFO  impl.StateMachineUpdater (StateMachineUpdater.java:stopAndJoin(115)) - StateMachineUpdater:2dcb9ef1-393c-4beb-b158-3ac2a1e6a1a8:group-FF1A6FF3A075: set stopIndex = 12
2019-08-30 22:38:32,485 [StateMachineUpdater:2dcb9ef1-393c-4beb-b158-3ac2a1e6a1a8:group-FF1A6FF3A075] INFO  ratis.ContainerStateMachine (ContainerStateMachine.java:takeSnapshot(284)) - group-FF1A6FF3A075: Taking a snapshot at:(t:1, i:12) file /workdir/hadoop-ozone/integration-test/target/test-dir/MiniOzoneClusterImpl-8fb4be1f-1f01-4e1a-8b80-1b2fb75ab186/datanode-1/data/ratis/604ed232-7a43-4b01-a7da-ff1a6ff3a075/sm/snapshot.1_12
2019-08-30 22:38:32,485 [grpc-default-executor-15] INFO  server.GrpcServerProtocolService (GrpcServerProtocolService.java:onCompleted(104)) - b59e1437-a1c8-4617-9449-130f0635d94e: appendEntries completed
2019-08-30 22:38:32,485 [grpc-default-executor-13] INFO  server.GrpcServerProtocolService (GrpcServerProtocolService.java:onCompleted(104)) - afdb06fd-1848-49aa-a5df-8cd319373775: appendEntries completed
2019-08-30 22:38:32,485 [grpc-default-executor-15] INFO  server.GrpcLogAppender (GrpcLogAppender.java:onCompleted(292)) - 2dcb9ef1-393c-4beb-b158-3ac2a1e6a1a8->b59e1437-a1c8-4617-9449-130f0635d94e: follower responses appendEntries COMPLETED
2019-08-30 22:38:32,486 [grpc-default-executor-13] INFO  server.GrpcLogAppender (GrpcLogAppender.java:onCompleted(292)) - 2dcb9ef1-393c-4beb-b158-3ac2a1e6a1a8->afdb06fd-1848-49aa-a5df-8cd319373775: follower responses appendEntries COMPLETED
2019-08-30 22:38:32,486 [grpc-default-executor-15] INFO  impl.FollowerInfo (FollowerInfo.java:lambda$new$0(50)) - 2dcb9ef1-393c-4beb-b158-3ac2a1e6a1a8->b59e1437-a1c8-4617-9449-130f0635d94e: nextIndex: updateUnconditionally 13 -> 12
2019-08-30 22:38:32,486 [grpc-default-executor-13] INFO  impl.FollowerInfo (FollowerInfo.java:lambda$new$0(50)) - 2dcb9ef1-393c-4beb-b158-3ac2a1e6a1a8->afdb06fd-1848-49aa-a5df-8cd319373775: nextIndex: updateUnconditionally 13 -> 12
2019-08-30 22:38:32,493 [StateMachineUpdater:a5fefde7-037e-4263-b518-79d76143dac2:group-4741A1B238B0] INFO  ratis.ContainerStateMachine (ContainerStateMachine.java:takeSnapshot(295)) - group-4741A1B238B0: Finished taking a snapshot at:(t:1, i:9) file:/workdir/hadoop-ozone/integration-test/target/test-dir/MiniOzoneClusterImpl-8fb4be1f-1f01-4e1a-8b80-1b2fb75ab186/datanode-4/data/ratis/1f1ac4e9-94b1-45e8-9b2b-4741a1b238b0/sm/snapshot.1_9 time:38
2019-08-30 22:38:32,494 [StateMachineUpdater:a5fefde7-037e-4263-b518-79d76143dac2:group-4741A1B238B0] INFO  impl.StateMachineUpdater (StateMachineUpdater.java:takeSnapshot(242)) - StateMachineUpdater:a5fefde7-037e-4263-b518-79d76143dac2:group-4741A1B238B0: Took a snapshot at index 9
2019-08-30 22:38:32,494 [StateMachineUpdater:a5fefde7-037e-4263-b518-79d76143dac2:group-4741A1B238B0] INFO  impl.StateMachineUpdater (StateMachineUpdater.java:lambda$new$0(80)) - StateMachineUpdater:a5fefde7-037e-4263-b518-79d76143dac2:group-4741A1B238B0: snapshotIndex: updateIncreasingly -1 -> 9
2019-08-30 22:38:32,494 [main] INFO  impl.RaftServerImpl (ServerState.java:close(394)) - a5fefde7-037e-4263-b518-79d76143dac2:group-4741A1B238B0 closes. The last applied log index is 9
2019-08-30 22:38:32,495 [a5fefde7-037e-4263-b518-79d76143dac2-SegmentedRaftLogWorker:Storage Directory /workdir/hadoop-ozone/integration-test/target/test-dir/MiniOzoneClusterImpl-8fb4be1f-1f01-4e1a-8b80-1b2fb75ab186/datanode-4/data/ratis/1f1ac4e9-94b1-45e8-9b2b-4741a1b238b0] INFO  segmented.SegmentedRaftLogWorker (SegmentedRaftLogWorker.java:run(313)) - a5fefde7-037e-4263-b518-79d76143dac2-SegmentedRaftLogWorker:Storage Directory /workdir/hadoop-ozone/integration-test/target/test-dir/MiniOzoneClusterImpl-8fb4be1f-1f01-4e1a-8b80-1b2fb75ab186/datanode-4/data/ratis/1f1ac4e9-94b1-45e8-9b2b-4741a1b238b0 was interrupted, exiting. There are 0 tasks remaining in the queue.
2019-08-30 22:38:32,497 [main] INFO  segmented.SegmentedRaftLogWorker (SegmentedRaftLogWorker.java:close(228)) - a5fefde7-037e-4263-b518-79d76143dac2-SegmentedRaftLogWorker:Storage Directory /workdir/hadoop-ozone/integration-test/target/test-dir/MiniOzoneClusterImpl-8fb4be1f-1f01-4e1a-8b80-1b2fb75ab186/datanode-4/data/ratis/1f1ac4e9-94b1-45e8-9b2b-4741a1b238b0 close()
2019-08-30 22:38:32,501 [main] INFO  impl.RaftServerImpl (RaftServerImpl.java:lambda$shutdown$3(245)) - a5fefde7-037e-4263-b518-79d76143dac2: shutdown group-34A5D00DBAF9
2019-08-30 22:38:32,501 [main] INFO  util.JmxRegister (JmxRegister.java:unregister(73)) - Successfully un-registered JMX Bean with object name Ratis:service=RaftServer,group=group-34A5D00DBAF9,id=a5fefde7-037e-4263-b518-79d76143dac2
2019-08-30 22:38:32,502 [main] INFO  impl.RoleInfo (RoleInfo.java:shutdownLeaderState(104)) - a5fefde7-037e-4263-b518-79d76143dac2: shutdown LeaderState
2019-08-30 22:38:32,502 [main] INFO  impl.PendingRequests (PendingRequests.java:sendNotLeaderResponses(202)) - a5fefde7-037e-4263-b518-79d76143dac2-PendingRequests: sendNotLeaderResponses
2019-08-30 22:38:32,503 [main] INFO  impl.StateMachineUpdater (StateMachineUpdater.java:stopAndJoin(115)) - StateMachineUpdater:a5fefde7-037e-4263-b518-79d76143dac2:group-34A5D00DBAF9: set stopIndex = 0
2019-08-30 22:38:32,503 [main] INFO  impl.RaftServerImpl (ServerState.java:close(394)) - a5fefde7-037e-4263-b518-79d76143dac2:group-34A5D00DBAF9 closes. The last applied log index is 0
2019-08-30 22:38:32,504 [a5fefde7-037e-4263-b518-79d76143dac2-SegmentedRaftLogWorker:Storage Directory /workdir/hadoop-ozone/integration-test/target/test-dir/MiniOzoneClusterImpl-8fb4be1f-1f01-4e1a-8b80-1b2fb75ab186/datanode-4/data/ratis/79f3e425-6a40-49e0-9d82-34a5d00dbaf9] INFO  segmented.SegmentedRaftLogWorker (SegmentedRaftLogWorker.java:run(313)) - a5fefde7-037e-4263-b518-79d76143dac2-SegmentedRaftLogWorker:Storage Directory /workdir/hadoop-ozone/integration-test/target/test-dir/MiniOzoneClusterImpl-8fb4be1f-1f01-4e1a-8b80-1b2fb75ab186/datanode-4/data/ratis/79f3e425-6a40-49e0-9d82-34a5d00dbaf9 was interrupted, exiting. There are 0 tasks remaining in the queue.
2019-08-30 22:38:32,506 [main] INFO  segmented.SegmentedRaftLogWorker (SegmentedRaftLogWorker.java:close(228)) - a5fefde7-037e-4263-b518-79d76143dac2-SegmentedRaftLogWorker:Storage Directory /workdir/hadoop-ozone/integration-test/target/test-dir/MiniOzoneClusterImpl-8fb4be1f-1f01-4e1a-8b80-1b2fb75ab186/datanode-4/data/ratis/79f3e425-6a40-49e0-9d82-34a5d00dbaf9 close()
2019-08-30 22:38:32,510 [main] INFO  server.GrpcService (GrpcService.java:closeImpl(155)) - a5fefde7-037e-4263-b518-79d76143dac2: shutdown server with port 37614 now
2019-08-30 22:38:32,510 [StateMachineUpdater:2dcb9ef1-393c-4beb-b158-3ac2a1e6a1a8:group-FF1A6FF3A075] INFO  ratis.ContainerStateMachine (ContainerStateMachine.java:takeSnapshot(295)) - group-FF1A6FF3A075: Finished taking a snapshot at:(t:1, i:12) file:/workdir/hadoop-ozone/integration-test/target/test-dir/MiniOzoneClusterImpl-8fb4be1f-1f01-4e1a-8b80-1b2fb75ab186/datanode-1/data/ratis/604ed232-7a43-4b01-a7da-ff1a6ff3a075/sm/snapshot.1_12 time:23
2019-08-30 22:38:32,510 [StateMachineUpdater:2dcb9ef1-393c-4beb-b158-3ac2a1e6a1a8:group-FF1A6FF3A075] INFO  impl.StateMachineUpdater (StateMachineUpdater.java:takeSnapshot(242)) - StateMachineUpdater:2dcb9ef1-393c-4beb-b158-3ac2a1e6a1a8:group-FF1A6FF3A075: Took a snapshot at index 12
2019-08-30 22:38:32,511 [StateMachineUpdater:2dcb9ef1-393c-4beb-b158-3ac2a1e6a1a8:group-FF1A6FF3A075] INFO  impl.StateMachineUpdater (StateMachineUpdater.java:lambda$new$0(80)) - StateMachineUpdater:2dcb9ef1-393c-4beb-b158-3ac2a1e6a1a8:group-FF1A6FF3A075: snapshotIndex: updateIncreasingly -1 -> 12
2019-08-30 22:38:32,511 [ForkJoinPool.commonPool-worker-1] INFO  impl.RaftServerImpl (ServerState.java:close(394)) - 2dcb9ef1-393c-4beb-b158-3ac2a1e6a1a8:group-FF1A6FF3A075 closes. The last applied log index is 12
2019-08-30 22:38:32,511 [main] INFO  server.GrpcService (GrpcService.java:closeImpl(163)) - a5fefde7-037e-4263-b518-79d76143dac2: shutdown server with port 37614 successfully
2019-08-30 22:38:32,511 [2dcb9ef1-393c-4beb-b158-3ac2a1e6a1a8-SegmentedRaftLogWorker:Storage Directory /workdir/hadoop-ozone/integration-test/target/test-dir/MiniOzoneClusterImpl-8fb4be1f-1f01-4e1a-8b80-1b2fb75ab186/datanode-1/data/ratis/604ed232-7a43-4b01-a7da-ff1a6ff3a075] INFO  segmented.SegmentedRaftLogWorker (SegmentedRaftLogWorker.java:run(313)) - 2dcb9ef1-393c-4beb-b158-3ac2a1e6a1a8-SegmentedRaftLogWorker:Storage Directory /workdir/hadoop-ozone/integration-test/target/test-dir/MiniOzoneClusterImpl-8fb4be1f-1f01-4e1a-8b80-1b2fb75ab186/datanode-1/data/ratis/604ed232-7a43-4b01-a7da-ff1a6ff3a075 was interrupted, exiting. There are 0 tasks remaining in the queue.
2019-08-30 22:38:32,511 [grpc-default-executor-15] WARN  server.GrpcServerProtocolService (LogUtils.java:warn(134)) - a5fefde7-037e-4263-b518-79d76143dac2: appendEntries onError: org.apache.ratis.thirdparty.io.grpc.StatusRuntimeException: CANCELLED: cancelled before receiving half close
2019-08-30 22:38:32,519 [ForkJoinPool.commonPool-worker-1] INFO  segmented.SegmentedRaftLogWorker (SegmentedRaftLogWorker.java:close(228)) - 2dcb9ef1-393c-4beb-b158-3ac2a1e6a1a8-SegmentedRaftLogWorker:Storage Directory /workdir/hadoop-ozone/integration-test/target/test-dir/MiniOzoneClusterImpl-8fb4be1f-1f01-4e1a-8b80-1b2fb75ab186/datanode-1/data/ratis/604ed232-7a43-4b01-a7da-ff1a6ff3a075 close()
2019-08-30 22:38:32,523 [ForkJoinPool.commonPool-worker-1] INFO  impl.RaftServerImpl (RaftServerImpl.java:lambda$shutdown$3(245)) - 2dcb9ef1-393c-4beb-b158-3ac2a1e6a1a8: shutdown group-98AD8AB274E1
2019-08-30 22:38:32,523 [grpc-default-executor-13] WARN  server.GrpcLogAppender (LogUtils.java:warn(134)) - 04c29368-23fb-4365-aaec-69238c5c9731->a5fefde7-037e-4263-b518-79d76143dac2: Failed appendEntries: org.apache.ratis.thirdparty.io.grpc.StatusRuntimeException: CANCELLED: HTTP/2 error code: CANCEL
Received Rst Stream
2019-08-30 22:38:32,523 [ForkJoinPool.commonPool-worker-1] INFO  util.JmxRegister (JmxRegister.java:unregister(73)) - Successfully un-registered JMX Bean with object name Ratis:service=RaftServer,group=group-98AD8AB274E1,id=2dcb9ef1-393c-4beb-b158-3ac2a1e6a1a8
2019-08-30 22:38:32,524 [ForkJoinPool.commonPool-worker-1] INFO  impl.RoleInfo (RoleInfo.java:shutdownLeaderState(104)) - 2dcb9ef1-393c-4beb-b158-3ac2a1e6a1a8: shutdown LeaderState
2019-08-30 22:38:32,524 [grpc-default-executor-13] INFO  impl.FollowerInfo (FollowerInfo.java:lambda$new$0(50)) - 04c29368-23fb-4365-aaec-69238c5c9731->a5fefde7-037e-4263-b518-79d76143dac2: nextIndex: updateUnconditionally 10 -> 9
2019-08-30 22:38:32,526 [refreshUsed-/workdir/hadoop-ozone/integration-test/target/test-dir/MiniOzoneClusterImpl-8fb4be1f-1f01-4e1a-8b80-1b2fb75ab186/datanode-4/data/containers] WARN  fs.CachingGetSpaceUsed (CachingGetSpaceUsed.java:run(183)) - Thread Interrupted waiting to refresh disk information: sleep interrupted
2019-08-30 22:38:32,526 [ForkJoinPool.commonPool-worker-1] INFO  impl.PendingRequests (PendingRequests.java:sendNotLeaderResponses(202)) - 2dcb9ef1-393c-4beb-b158-3ac2a1e6a1a8-PendingRequests: sendNotLeaderResponses
2019-08-30 22:38:32,527 [ForkJoinPool.commonPool-worker-1] INFO  impl.StateMachineUpdater (StateMachineUpdater.java:stopAndJoin(115)) - StateMachineUpdater:2dcb9ef1-393c-4beb-b158-3ac2a1e6a1a8:group-98AD8AB274E1: set stopIndex = 0
2019-08-30 22:38:32,527 [ForkJoinPool.commonPool-worker-1] INFO  impl.RaftServerImpl (ServerState.java:close(394)) - 2dcb9ef1-393c-4beb-b158-3ac2a1e6a1a8:group-98AD8AB274E1 closes. The last applied log index is 0
2019-08-30 22:38:32,529 [2dcb9ef1-393c-4beb-b158-3ac2a1e6a1a8-SegmentedRaftLogWorker:Storage Directory /workdir/hadoop-ozone/integration-test/target/test-dir/MiniOzoneClusterImpl-8fb4be1f-1f01-4e1a-8b80-1b2fb75ab186/datanode-1/data/ratis/fd3008f1-8f79-46c6-b5d9-98ad8ab274e1] INFO  segmented.SegmentedRaftLogWorker (SegmentedRaftLogWorker.java:run(313)) - 2dcb9ef1-393c-4beb-b158-3ac2a1e6a1a8-SegmentedRaftLogWorker:Storage Directory /workdir/hadoop-ozone/integration-test/target/test-dir/MiniOzoneClusterImpl-8fb4be1f-1f01-4e1a-8b80-1b2fb75ab186/datanode-1/data/ratis/fd3008f1-8f79-46c6-b5d9-98ad8ab274e1 was interrupted, exiting. There are 0 tasks remaining in the queue.
2019-08-30 22:38:32,531 [ForkJoinPool.commonPool-worker-1] INFO  segmented.SegmentedRaftLogWorker (SegmentedRaftLogWorker.java:close(228)) - 2dcb9ef1-393c-4beb-b158-3ac2a1e6a1a8-SegmentedRaftLogWorker:Storage Directory /workdir/hadoop-ozone/integration-test/target/test-dir/MiniOzoneClusterImpl-8fb4be1f-1f01-4e1a-8b80-1b2fb75ab186/datanode-1/data/ratis/fd3008f1-8f79-46c6-b5d9-98ad8ab274e1 close()
2019-08-30 22:38:32,534 [ForkJoinPool.commonPool-worker-1] INFO  server.GrpcService (GrpcService.java:closeImpl(155)) - 2dcb9ef1-393c-4beb-b158-3ac2a1e6a1a8: shutdown server with port 36570 now
2019-08-30 22:38:32,535 [ForkJoinPool.commonPool-worker-1] INFO  server.GrpcService (GrpcService.java:closeImpl(163)) - 2dcb9ef1-393c-4beb-b158-3ac2a1e6a1a8: shutdown server with port 36570 successfully
2019-08-30 22:38:32,537 [refreshUsed-/workdir/hadoop-ozone/integration-test/target/test-dir/MiniOzoneClusterImpl-8fb4be1f-1f01-4e1a-8b80-1b2fb75ab186/datanode-1/data/containers] WARN  fs.CachingGetSpaceUsed (CachingGetSpaceUsed.java:run(183)) - Thread Interrupted waiting to refresh disk information: sleep interrupted
2019-08-30 22:38:32,550 [main] INFO  utils.BackgroundService (BackgroundService.java:shutdown(148)) - Shutting down service BlockDeletingService
2019-08-30 22:38:32,559 [main] INFO  statemachine.DatanodeStateMachine (DatanodeStateMachine.java:stopDaemon(395)) - Ozone container server stopped.
2019-08-30 22:38:32,561 [main] INFO  handler.ContextHandler (ContextHandler.java:doStop(910)) - Stopped o.e.j.w.WebAppContext@4fb64a52{/,null,UNAVAILABLE}{/hddsDatanode}
2019-08-30 22:38:32,561 [ForkJoinPool.commonPool-worker-1] INFO  utils.BackgroundService (BackgroundService.java:shutdown(148)) - Shutting down service BlockDeletingService
2019-08-30 22:38:32,561 [main] INFO  server.AbstractConnector (AbstractConnector.java:doStop(318)) - Stopped ServerConnector@70b48eb3{HTTP/1.1,[http/1.1]}{0.0.0.0:0}
2019-08-30 22:38:32,565 [ForkJoinPool.commonPool-worker-1] INFO  statemachine.DatanodeStateMachine (DatanodeStateMachine.java:stopDaemon(395)) - Ozone container server stopped.
2019-08-30 22:38:32,565 [main] INFO  handler.ContextHandler (ContextHandler.java:doStop(910)) - Stopped o.e.j.s.ServletContextHandler@785ed99c{/static,jar:file:/home/user/.m2/repository/org/apache/hadoop/hadoop-hdds-container-service/0.5.0-SNAPSHOT/hadoop-hdds-container-service-0.5.0-SNAPSHOT.jar!/webapps/static,UNAVAILABLE}
2019-08-30 22:38:32,570 [main] INFO  handler.ContextHandler (ContextHandler.java:doStop(910)) - Stopped o.e.j.s.ServletContextHandler@2c06b113{/logs,file:///workdir/hadoop-ozone/integration-test/target/log,UNAVAILABLE}
2019-08-30 22:38:32,570 [ForkJoinPool.commonPool-worker-1] INFO  handler.ContextHandler (ContextHandler.java:doStop(910)) - Stopped o.e.j.w.WebAppContext@486bd064{/,null,UNAVAILABLE}{/hddsDatanode}
2019-08-30 22:38:32,571 [ForkJoinPool.commonPool-worker-1] INFO  server.AbstractConnector (AbstractConnector.java:doStop(318)) - Stopped ServerConnector@6459f4ea{HTTP/1.1,[http/1.1]}{0.0.0.0:0}
2019-08-30 22:38:32,572 [ForkJoinPool.commonPool-worker-1] INFO  handler.ContextHandler (ContextHandler.java:doStop(910)) - Stopped o.e.j.s.ServletContextHandler@2dfa02c1{/static,jar:file:/home/user/.m2/repository/org/apache/hadoop/hadoop-hdds-container-service/0.5.0-SNAPSHOT/hadoop-hdds-container-service-0.5.0-SNAPSHOT.jar!/webapps/static,UNAVAILABLE}
2019-08-30 22:38:32,574 [ForkJoinPool.commonPool-worker-1] INFO  handler.ContextHandler (ContextHandler.java:doStop(910)) - Stopped o.e.j.s.ServletContextHandler@2c9306d3{/logs,file:///workdir/hadoop-ozone/integration-test/target/log,UNAVAILABLE}
2019-08-30 22:38:32,603 [grpc-default-executor-16] WARN  server.GrpcLogAppender (LogUtils.java:warn(134)) - 04c29368-23fb-4365-aaec-69238c5c9731->a5fefde7-037e-4263-b518-79d76143dac2: Failed appendEntries: org.apache.ratis.thirdparty.io.grpc.StatusRuntimeException: UNAVAILABLE: io exception
2019-08-30 22:38:32,604 [grpc-default-executor-16] INFO  impl.FollowerInfo (FollowerInfo.java:lambda$new$0(50)) - 04c29368-23fb-4365-aaec-69238c5c9731->a5fefde7-037e-4263-b518-79d76143dac2: nextIndex: updateUnconditionally 9 -> 8
2019-08-30 22:38:33,053 [Datanode State Machine Thread - 0] INFO  statemachine.DatanodeStateMachine (DatanodeStateMachine.java:lambda$startDaemon$0(350)) - Ozone container server started.
2019-08-30 22:38:33,315 [Datanode State Machine Thread - 0] INFO  statemachine.DatanodeStateMachine (DatanodeStateMachine.java:lambda$startDaemon$0(350)) - Ozone container server started.
2019-08-30 22:38:35,072 [grpc-default-executor-13] WARN  server.GrpcLogAppender (LogUtils.java:warn(134)) - 04c29368-23fb-4365-aaec-69238c5c9731->a5fefde7-037e-4263-b518-79d76143dac2: Failed appendEntries: org.apache.ratis.thirdparty.io.grpc.StatusRuntimeException: UNAVAILABLE: io exception
2019-08-30 22:38:35,072 [grpc-default-executor-13] INFO  impl.FollowerInfo (FollowerInfo.java:lambda$new$0(50)) - 04c29368-23fb-4365-aaec-69238c5c9731->a5fefde7-037e-4263-b518-79d76143dac2: nextIndex: updateUnconditionally 9 -> 8
2019-08-30 22:38:35,080 [grpc-default-executor-15] WARN  server.GrpcLogAppender (LogUtils.java:warn(134)) - 04c29368-23fb-4365-aaec-69238c5c9731->a5fefde7-037e-4263-b518-79d76143dac2: Failed appendEntries: org.apache.ratis.thirdparty.io.grpc.StatusRuntimeException: UNAVAILABLE: io exception
2019-08-30 22:38:35,080 [grpc-default-executor-15] INFO  impl.FollowerInfo (FollowerInfo.java:lambda$new$0(50)) - 04c29368-23fb-4365-aaec-69238c5c9731->a5fefde7-037e-4263-b518-79d76143dac2: nextIndex: updateUnconditionally 9 -> 8
2019-08-30 22:38:35,088 [grpc-default-executor-16] WARN  server.GrpcLogAppender (LogUtils.java:warn(134)) - 04c29368-23fb-4365-aaec-69238c5c9731->a5fefde7-037e-4263-b518-79d76143dac2: Failed appendEntries: org.apache.ratis.thirdparty.io.grpc.StatusRuntimeException: UNAVAILABLE: io exception
2019-08-30 22:38:35,089 [grpc-default-executor-16] INFO  impl.FollowerInfo (FollowerInfo.java:lambda$new$0(50)) - 04c29368-23fb-4365-aaec-69238c5c9731->a5fefde7-037e-4263-b518-79d76143dac2: nextIndex: updateUnconditionally 9 -> 8
2019-08-30 22:38:35,110 [RatisApplyTransactionExecutor 1] INFO  interfaces.Container (KeyValueContainer.java:flushAndSyncDB(382)) - Container 1 is synced with bcsId 7.
2019-08-30 22:38:35,110 [RatisApplyTransactionExecutor 1] INFO  interfaces.Container (KeyValueContainer.java:flushAndSyncDB(382)) - Container 1 is synced with bcsId 7.
2019-08-30 22:38:35,124 [RatisApplyTransactionExecutor 1] INFO  interfaces.Container (KeyValueContainer.java:flushAndSyncDB(382)) - Container 1 is synced with bcsId 7.
2019-08-30 22:38:35,125 [RatisApplyTransactionExecutor 1] INFO  interfaces.Container (KeyValueContainer.java:flushAndSyncDB(382)) - Container 1 is synced with bcsId 7.
2019-08-30 22:38:35,125 [EventQueue-IncrementalContainerReportForIncrementalContainerReportHandler] INFO  container.IncrementalContainerReportHandler (AbstractContainerReportHandler.java:updateContainerState(176)) - Moving container #1 to CLOSED state, datanode 04c29368-23fb-4365-aaec-69238c5c9731{ip: 192.168.36.88, host: pr-hdds-1909-plfbr-3209385976, networkLocation: /default-rack, certSerialId: null} reported CLOSED replica.
2019-08-30 22:38:37,064 [EventQueue-StaleNodeForStaleNodeHandler] INFO  node.StaleNodeHandler (StaleNodeHandler.java:onMessage(58)) - Datanode 7c6fe567-79fd-4e56-aa02-ded5ff9c30c0{ip: 192.168.36.88, host: pr-hdds-1909-plfbr-3209385976, networkLocation: /default-rack, certSerialId: null} moved to stale state. Finalizing its pipelines [PipelineID=767c1b9a-06e7-4b85-83bf-98dbae109e70, PipelineID=1f1ac4e9-94b1-45e8-9b2b-4741a1b238b0]
2019-08-30 22:38:37,064 [EventQueue-StaleNodeForStaleNodeHandler] INFO  pipeline.SCMPipelineManager (SCMPipelineManager.java:finalizeAndDestroyPipeline(309)) - destroying pipeline:Pipeline[ Id: 767c1b9a-06e7-4b85-83bf-98dbae109e70, Nodes: 7c6fe567-79fd-4e56-aa02-ded5ff9c30c0{ip: 192.168.36.88, host: pr-hdds-1909-plfbr-3209385976, networkLocation: /default-rack, certSerialId: null}, Type:RATIS, Factor:ONE, State:OPEN]
2019-08-30 22:38:37,064 [EventQueue-StaleNodeForStaleNodeHandler] INFO  pipeline.PipelineStateManager (PipelineStateManager.java:finalizePipeline(123)) - Pipeline Pipeline[ Id: 767c1b9a-06e7-4b85-83bf-98dbae109e70, Nodes: 7c6fe567-79fd-4e56-aa02-ded5ff9c30c0{ip: 192.168.36.88, host: pr-hdds-1909-plfbr-3209385976, networkLocation: /default-rack, certSerialId: null}, Type:RATIS, Factor:ONE, State:CLOSED] moved to CLOSED state
2019-08-30 22:38:37,065 [EventQueue-StaleNodeForStaleNodeHandler] INFO  pipeline.SCMPipelineManager (SCMPipelineManager.java:finalizeAndDestroyPipeline(309)) - destroying pipeline:Pipeline[ Id: 1f1ac4e9-94b1-45e8-9b2b-4741a1b238b0, Nodes: 04c29368-23fb-4365-aaec-69238c5c9731{ip: 192.168.36.88, host: pr-hdds-1909-plfbr-3209385976, networkLocation: /default-rack, certSerialId: null}7c6fe567-79fd-4e56-aa02-ded5ff9c30c0{ip: 192.168.36.88, host: pr-hdds-1909-plfbr-3209385976, networkLocation: /default-rack, certSerialId: null}a5fefde7-037e-4263-b518-79d76143dac2{ip: 192.168.36.88, host: pr-hdds-1909-plfbr-3209385976, networkLocation: /default-rack, certSerialId: null}, Type:RATIS, Factor:THREE, State:CLOSED]
2019-08-30 22:38:37,364 [EventQueue-StaleNodeForStaleNodeHandler] INFO  node.StaleNodeHandler (StaleNodeHandler.java:onMessage(58)) - Datanode afdb06fd-1848-49aa-a5df-8cd319373775{ip: 192.168.36.88, host: pr-hdds-1909-plfbr-3209385976, networkLocation: /default-rack, certSerialId: null} moved to stale state. Finalizing its pipelines [PipelineID=858d0553-cf04-406f-8bbe-9c3dc2960c92, PipelineID=604ed232-7a43-4b01-a7da-ff1a6ff3a075]
2019-08-30 22:38:37,365 [EventQueue-StaleNodeForStaleNodeHandler] INFO  pipeline.SCMPipelineManager (SCMPipelineManager.java:finalizeAndDestroyPipeline(309)) - destroying pipeline:Pipeline[ Id: 858d0553-cf04-406f-8bbe-9c3dc2960c92, Nodes: afdb06fd-1848-49aa-a5df-8cd319373775{ip: 192.168.36.88, host: pr-hdds-1909-plfbr-3209385976, networkLocation: /default-rack, certSerialId: null}, Type:RATIS, Factor:ONE, State:OPEN]
2019-08-30 22:38:37,365 [EventQueue-StaleNodeForStaleNodeHandler] INFO  pipeline.PipelineStateManager (PipelineStateManager.java:finalizePipeline(123)) - Pipeline Pipeline[ Id: 858d0553-cf04-406f-8bbe-9c3dc2960c92, Nodes: afdb06fd-1848-49aa-a5df-8cd319373775{ip: 192.168.36.88, host: pr-hdds-1909-plfbr-3209385976, networkLocation: /default-rack, certSerialId: null}, Type:RATIS, Factor:ONE, State:CLOSED] moved to CLOSED state
2019-08-30 22:38:37,365 [EventQueue-StaleNodeForStaleNodeHandler] INFO  pipeline.SCMPipelineManager (SCMPipelineManager.java:finalizeAndDestroyPipeline(309)) - destroying pipeline:Pipeline[ Id: 604ed232-7a43-4b01-a7da-ff1a6ff3a075, Nodes: 2dcb9ef1-393c-4beb-b158-3ac2a1e6a1a8{ip: 192.168.36.88, host: pr-hdds-1909-plfbr-3209385976, networkLocation: /default-rack, certSerialId: null}afdb06fd-1848-49aa-a5df-8cd319373775{ip: 192.168.36.88, host: pr-hdds-1909-plfbr-3209385976, networkLocation: /default-rack, certSerialId: null}b59e1437-a1c8-4617-9449-130f0635d94e{ip: 192.168.36.88, host: pr-hdds-1909-plfbr-3209385976, networkLocation: /default-rack, certSerialId: null}, Type:RATIS, Factor:THREE, State:CLOSED]
2019-08-30 22:38:37,573 [main] INFO  ozoneimpl.OzoneContainer (OzoneContainer.java:stop(215)) - Attempting to stop container services.
2019-08-30 22:38:37,573 [main] INFO  impl.RaftServerProxy (RaftServerProxy.java:lambda$close$4(314)) - 7c6fe567-79fd-4e56-aa02-ded5ff9c30c0: close
2019-08-30 22:38:37,574 [main] INFO  impl.RaftServerImpl (RaftServerImpl.java:lambda$shutdown$3(245)) - 7c6fe567-79fd-4e56-aa02-ded5ff9c30c0: shutdown group-98DBAE109E70
2019-08-30 22:38:37,574 [main] INFO  util.JmxRegister (JmxRegister.java:unregister(73)) - Successfully un-registered JMX Bean with object name Ratis:service=RaftServer,group=group-98DBAE109E70,id=7c6fe567-79fd-4e56-aa02-ded5ff9c30c0
2019-08-30 22:38:37,574 [main] INFO  impl.RoleInfo (RoleInfo.java:shutdownLeaderState(104)) - 7c6fe567-79fd-4e56-aa02-ded5ff9c30c0: shutdown LeaderState
2019-08-30 22:38:37,574 [main] INFO  impl.PendingRequests (PendingRequests.java:sendNotLeaderResponses(202)) - 7c6fe567-79fd-4e56-aa02-ded5ff9c30c0-PendingRequests: sendNotLeaderResponses
2019-08-30 22:38:37,575 [main] INFO  impl.StateMachineUpdater (StateMachineUpdater.java:stopAndJoin(115)) - StateMachineUpdater:7c6fe567-79fd-4e56-aa02-ded5ff9c30c0:group-98DBAE109E70: set stopIndex = 0
2019-08-30 22:38:37,575 [main] INFO  impl.RaftServerImpl (ServerState.java:close(394)) - 7c6fe567-79fd-4e56-aa02-ded5ff9c30c0:group-98DBAE109E70 closes. The last applied log index is 0
2019-08-30 22:38:37,575 [7c6fe567-79fd-4e56-aa02-ded5ff9c30c0-SegmentedRaftLogWorker:Storage Directory /workdir/hadoop-ozone/integration-test/target/test-dir/MiniOzoneClusterImpl-8fb4be1f-1f01-4e1a-8b80-1b2fb75ab186/datanode-3/data/ratis/767c1b9a-06e7-4b85-83bf-98dbae109e70] INFO  segmented.SegmentedRaftLogWorker (SegmentedRaftLogWorker.java:run(313)) - 7c6fe567-79fd-4e56-aa02-ded5ff9c30c0-SegmentedRaftLogWorker:Storage Directory /workdir/hadoop-ozone/integration-test/target/test-dir/MiniOzoneClusterImpl-8fb4be1f-1f01-4e1a-8b80-1b2fb75ab186/datanode-3/data/ratis/767c1b9a-06e7-4b85-83bf-98dbae109e70 was interrupted, exiting. There are 0 tasks remaining in the queue.
2019-08-30 22:38:37,575 [ForkJoinPool.commonPool-worker-1] INFO  ozoneimpl.OzoneContainer (OzoneContainer.java:stop(215)) - Attempting to stop container services.
2019-08-30 22:38:37,577 [main] INFO  segmented.SegmentedRaftLogWorker (SegmentedRaftLogWorker.java:close(228)) - 7c6fe567-79fd-4e56-aa02-ded5ff9c30c0-SegmentedRaftLogWorker:Storage Directory /workdir/hadoop-ozone/integration-test/target/test-dir/MiniOzoneClusterImpl-8fb4be1f-1f01-4e1a-8b80-1b2fb75ab186/datanode-3/data/ratis/767c1b9a-06e7-4b85-83bf-98dbae109e70 close()
2019-08-30 22:38:37,577 [ForkJoinPool.commonPool-worker-1] INFO  impl.RaftServerProxy (RaftServerProxy.java:lambda$close$4(314)) - afdb06fd-1848-49aa-a5df-8cd319373775: close
2019-08-30 22:38:37,579 [main] INFO  impl.RaftServerImpl (RaftServerImpl.java:lambda$shutdown$3(245)) - 7c6fe567-79fd-4e56-aa02-ded5ff9c30c0: shutdown group-4741A1B238B0
2019-08-30 22:38:37,579 [ForkJoinPool.commonPool-worker-1] INFO  impl.RaftServerImpl (RaftServerImpl.java:lambda$shutdown$3(245)) - afdb06fd-1848-49aa-a5df-8cd319373775: shutdown group-9C3DC2960C92
2019-08-30 22:38:37,580 [main] INFO  util.JmxRegister (JmxRegister.java:unregister(73)) - Successfully un-registered JMX Bean with object name Ratis:service=RaftServer,group=group-4741A1B238B0,id=7c6fe567-79fd-4e56-aa02-ded5ff9c30c0
2019-08-30 22:38:37,580 [ForkJoinPool.commonPool-worker-1] INFO  util.JmxRegister (JmxRegister.java:unregister(73)) - Successfully un-registered JMX Bean with object name Ratis:service=RaftServer,group=group-9C3DC2960C92,id=afdb06fd-1848-49aa-a5df-8cd319373775
2019-08-30 22:38:37,580 [main] INFO  impl.RoleInfo (RoleInfo.java:shutdownFollowerState(121)) - 7c6fe567-79fd-4e56-aa02-ded5ff9c30c0: shutdown FollowerState
2019-08-30 22:38:37,580 [ForkJoinPool.commonPool-worker-1] INFO  impl.RoleInfo (RoleInfo.java:shutdownLeaderState(104)) - afdb06fd-1848-49aa-a5df-8cd319373775: shutdown LeaderState
2019-08-30 22:38:37,580 [StateMachineUpdater:7c6fe567-79fd-4e56-aa02-ded5ff9c30c0:group-4741A1B238B0] INFO  ratis.ContainerStateMachine (ContainerStateMachine.java:takeSnapshot(284)) - group-4741A1B238B0: Taking a snapshot at:(t:1, i:10) file /workdir/hadoop-ozone/integration-test/target/test-dir/MiniOzoneClusterImpl-8fb4be1f-1f01-4e1a-8b80-1b2fb75ab186/datanode-3/data/ratis/1f1ac4e9-94b1-45e8-9b2b-4741a1b238b0/sm/snapshot.1_10
2019-08-30 22:38:37,580 [main] INFO  impl.StateMachineUpdater (StateMachineUpdater.java:stopAndJoin(115)) - StateMachineUpdater:7c6fe567-79fd-4e56-aa02-ded5ff9c30c0:group-4741A1B238B0: set stopIndex = 10
2019-08-30 22:38:37,580 [ForkJoinPool.commonPool-worker-1] INFO  impl.PendingRequests (PendingRequests.java:sendNotLeaderResponses(202)) - afdb06fd-1848-49aa-a5df-8cd319373775-PendingRequests: sendNotLeaderResponses
2019-08-30 22:38:37,580 [Thread-3462] INFO  impl.FollowerState (FollowerState.java:run(114)) - 7c6fe567-79fd-4e56-aa02-ded5ff9c30c0: FollowerState was interrupted: java.lang.InterruptedException: sleep interrupted
2019-08-30 22:38:37,581 [ForkJoinPool.commonPool-worker-1] INFO  impl.StateMachineUpdater (StateMachineUpdater.java:stopAndJoin(115)) - StateMachineUpdater:afdb06fd-1848-49aa-a5df-8cd319373775:group-9C3DC2960C92: set stopIndex = 0
2019-08-30 22:38:37,582 [ForkJoinPool.commonPool-worker-1] INFO  impl.RaftServerImpl (ServerState.java:close(394)) - afdb06fd-1848-49aa-a5df-8cd319373775:group-9C3DC2960C92 closes. The last applied log index is 0
2019-08-30 22:38:37,583 [afdb06fd-1848-49aa-a5df-8cd319373775-SegmentedRaftLogWorker:Storage Directory /workdir/hadoop-ozone/integration-test/target/test-dir/MiniOzoneClusterImpl-8fb4be1f-1f01-4e1a-8b80-1b2fb75ab186/datanode-2/data/ratis/858d0553-cf04-406f-8bbe-9c3dc2960c92] INFO  segmented.SegmentedRaftLogWorker (SegmentedRaftLogWorker.java:run(313)) - afdb06fd-1848-49aa-a5df-8cd319373775-SegmentedRaftLogWorker:Storage Directory /workdir/hadoop-ozone/integration-test/target/test-dir/MiniOzoneClusterImpl-8fb4be1f-1f01-4e1a-8b80-1b2fb75ab186/datanode-2/data/ratis/858d0553-cf04-406f-8bbe-9c3dc2960c92 was interrupted, exiting. There are 0 tasks remaining in the queue.
2019-08-30 22:38:37,584 [ForkJoinPool.commonPool-worker-1] INFO  segmented.SegmentedRaftLogWorker (SegmentedRaftLogWorker.java:close(228)) - afdb06fd-1848-49aa-a5df-8cd319373775-SegmentedRaftLogWorker:Storage Directory /workdir/hadoop-ozone/integration-test/target/test-dir/MiniOzoneClusterImpl-8fb4be1f-1f01-4e1a-8b80-1b2fb75ab186/datanode-2/data/ratis/858d0553-cf04-406f-8bbe-9c3dc2960c92 close()
2019-08-30 22:38:37,586 [ForkJoinPool.commonPool-worker-1] INFO  impl.RaftServerImpl (RaftServerImpl.java:lambda$shutdown$3(245)) - afdb06fd-1848-49aa-a5df-8cd319373775: shutdown group-FF1A6FF3A075
2019-08-30 22:38:37,586 [ForkJoinPool.commonPool-worker-1] INFO  util.JmxRegister (JmxRegister.java:unregister(73)) - Successfully un-registered JMX Bean with object name Ratis:service=RaftServer,group=group-FF1A6FF3A075,id=afdb06fd-1848-49aa-a5df-8cd319373775
2019-08-30 22:38:37,586 [ForkJoinPool.commonPool-worker-1] INFO  impl.RoleInfo (RoleInfo.java:shutdownFollowerState(121)) - afdb06fd-1848-49aa-a5df-8cd319373775: shutdown FollowerState
2019-08-30 22:38:37,586 [ForkJoinPool.commonPool-worker-1] INFO  impl.StateMachineUpdater (StateMachineUpdater.java:stopAndJoin(115)) - StateMachineUpdater:afdb06fd-1848-49aa-a5df-8cd319373775:group-FF1A6FF3A075: set stopIndex = 12
2019-08-30 22:38:37,587 [Thread-3434] INFO  impl.FollowerState (FollowerState.java:run(114)) - afdb06fd-1848-49aa-a5df-8cd319373775: FollowerState was interrupted: java.lang.InterruptedException: sleep interrupted
2019-08-30 22:38:37,587 [StateMachineUpdater:afdb06fd-1848-49aa-a5df-8cd319373775:group-FF1A6FF3A075] INFO  ratis.ContainerStateMachine (ContainerStateMachine.java:takeSnapshot(284)) - group-FF1A6FF3A075: Taking a snapshot at:(t:1, i:7) file /workdir/hadoop-ozone/integration-test/target/test-dir/MiniOzoneClusterImpl-8fb4be1f-1f01-4e1a-8b80-1b2fb75ab186/datanode-2/data/ratis/604ed232-7a43-4b01-a7da-ff1a6ff3a075/sm/snapshot.1_7
2019-08-30 22:38:37,589 [grpc-default-executor-13] WARN  server.GrpcLogAppender (LogUtils.java:warn(134)) - 04c29368-23fb-4365-aaec-69238c5c9731->a5fefde7-037e-4263-b518-79d76143dac2: Failed appendEntries: org.apache.ratis.thirdparty.io.grpc.StatusRuntimeException: UNAVAILABLE: io exception
2019-08-30 22:38:37,589 [grpc-default-executor-13] INFO  impl.FollowerInfo (FollowerInfo.java:lambda$new$0(50)) - 04c29368-23fb-4365-aaec-69238c5c9731->a5fefde7-037e-4263-b518-79d76143dac2: nextIndex: updateUnconditionally 8 -> 7
2019-08-30 22:38:37,598 [StateMachineUpdater:7c6fe567-79fd-4e56-aa02-ded5ff9c30c0:group-4741A1B238B0] INFO  ratis.ContainerStateMachine (ContainerStateMachine.java:takeSnapshot(295)) - group-4741A1B238B0: Finished taking a snapshot at:(t:1, i:10) file:/workdir/hadoop-ozone/integration-test/target/test-dir/MiniOzoneClusterImpl-8fb4be1f-1f01-4e1a-8b80-1b2fb75ab186/datanode-3/data/ratis/1f1ac4e9-94b1-45e8-9b2b-4741a1b238b0/sm/snapshot.1_10 time:17
2019-08-30 22:38:37,598 [StateMachineUpdater:7c6fe567-79fd-4e56-aa02-ded5ff9c30c0:group-4741A1B238B0] INFO  impl.StateMachineUpdater (StateMachineUpdater.java:takeSnapshot(242)) - StateMachineUpdater:7c6fe567-79fd-4e56-aa02-ded5ff9c30c0:group-4741A1B238B0: Took a snapshot at index 10
2019-08-30 22:38:37,598 [StateMachineUpdater:7c6fe567-79fd-4e56-aa02-ded5ff9c30c0:group-4741A1B238B0] INFO  impl.StateMachineUpdater (StateMachineUpdater.java:lambda$new$0(80)) - StateMachineUpdater:7c6fe567-79fd-4e56-aa02-ded5ff9c30c0:group-4741A1B238B0: snapshotIndex: updateIncreasingly -1 -> 10
2019-08-30 22:38:37,599 [main] INFO  impl.RaftServerImpl (ServerState.java:close(394)) - 7c6fe567-79fd-4e56-aa02-ded5ff9c30c0:group-4741A1B238B0 closes. The last applied log index is 10
2019-08-30 22:38:37,599 [7c6fe567-79fd-4e56-aa02-ded5ff9c30c0-SegmentedRaftLogWorker:Storage Directory /workdir/hadoop-ozone/integration-test/target/test-dir/MiniOzoneClusterImpl-8fb4be1f-1f01-4e1a-8b80-1b2fb75ab186/datanode-3/data/ratis/1f1ac4e9-94b1-45e8-9b2b-4741a1b238b0] INFO  segmented.SegmentedRaftLogWorker (SegmentedRaftLogWorker.java:run(313)) - 7c6fe567-79fd-4e56-aa02-ded5ff9c30c0-SegmentedRaftLogWorker:Storage Directory /workdir/hadoop-ozone/integration-test/target/test-dir/MiniOzoneClusterImpl-8fb4be1f-1f01-4e1a-8b80-1b2fb75ab186/datanode-3/data/ratis/1f1ac4e9-94b1-45e8-9b2b-4741a1b238b0 was interrupted, exiting. There are 0 tasks remaining in the queue.
2019-08-30 22:38:37,601 [main] INFO  segmented.SegmentedRaftLogWorker (SegmentedRaftLogWorker.java:close(228)) - 7c6fe567-79fd-4e56-aa02-ded5ff9c30c0-SegmentedRaftLogWorker:Storage Directory /workdir/hadoop-ozone/integration-test/target/test-dir/MiniOzoneClusterImpl-8fb4be1f-1f01-4e1a-8b80-1b2fb75ab186/datanode-3/data/ratis/1f1ac4e9-94b1-45e8-9b2b-4741a1b238b0 close()
2019-08-30 22:38:37,603 [main] INFO  server.GrpcService (GrpcService.java:closeImpl(155)) - 7c6fe567-79fd-4e56-aa02-ded5ff9c30c0: shutdown server with port 40251 now
2019-08-30 22:38:37,604 [grpc-default-executor-15] WARN  server.GrpcServerProtocolService (LogUtils.java:warn(134)) - 7c6fe567-79fd-4e56-aa02-ded5ff9c30c0: appendEntries onError: org.apache.ratis.thirdparty.io.grpc.StatusRuntimeException: CANCELLED: cancelled before receiving half close
2019-08-30 22:38:37,604 [main] INFO  server.GrpcService (GrpcService.java:closeImpl(163)) - 7c6fe567-79fd-4e56-aa02-ded5ff9c30c0: shutdown server with port 40251 successfully
2019-08-30 22:38:37,604 [grpc-default-executor-15] WARN  server.GrpcLogAppender (LogUtils.java:warn(134)) - 04c29368-23fb-4365-aaec-69238c5c9731->7c6fe567-79fd-4e56-aa02-ded5ff9c30c0: Failed appendEntries: org.apache.ratis.thirdparty.io.grpc.StatusRuntimeException: CANCELLED: HTTP/2 error code: CANCEL
Received Rst Stream
2019-08-30 22:38:37,605 [grpc-default-executor-15] INFO  impl.FollowerInfo (FollowerInfo.java:lambda$new$0(50)) - 04c29368-23fb-4365-aaec-69238c5c9731->7c6fe567-79fd-4e56-aa02-ded5ff9c30c0: nextIndex: updateUnconditionally 12 -> 11
2019-08-30 22:38:37,615 [refreshUsed-/workdir/hadoop-ozone/integration-test/target/test-dir/MiniOzoneClusterImpl-8fb4be1f-1f01-4e1a-8b80-1b2fb75ab186/datanode-3/data/containers] WARN  fs.CachingGetSpaceUsed (CachingGetSpaceUsed.java:run(183)) - Thread Interrupted waiting to refresh disk information: sleep interrupted
2019-08-30 22:38:37,616 [StateMachineUpdater:afdb06fd-1848-49aa-a5df-8cd319373775:group-FF1A6FF3A075] INFO  ratis.ContainerStateMachine (ContainerStateMachine.java:takeSnapshot(295)) - group-FF1A6FF3A075: Finished taking a snapshot at:(t:1, i:7) file:/workdir/hadoop-ozone/integration-test/target/test-dir/MiniOzoneClusterImpl-8fb4be1f-1f01-4e1a-8b80-1b2fb75ab186/datanode-2/data/ratis/604ed232-7a43-4b01-a7da-ff1a6ff3a075/sm/snapshot.1_7 time:29
2019-08-30 22:38:37,616 [StateMachineUpdater:afdb06fd-1848-49aa-a5df-8cd319373775:group-FF1A6FF3A075] INFO  impl.StateMachineUpdater (StateMachineUpdater.java:takeSnapshot(242)) - StateMachineUpdater:afdb06fd-1848-49aa-a5df-8cd319373775:group-FF1A6FF3A075: Took a snapshot at index 7
2019-08-30 22:38:37,616 [StateMachineUpdater:afdb06fd-1848-49aa-a5df-8cd319373775:group-FF1A6FF3A075] INFO  impl.StateMachineUpdater (StateMachineUpdater.java:lambda$new$0(80)) - StateMachineUpdater:afdb06fd-1848-49aa-a5df-8cd319373775:group-FF1A6FF3A075: snapshotIndex: updateIncreasingly -1 -> 7
2019-08-30 22:38:37,616 [ForkJoinPool.commonPool-worker-1] INFO  impl.RaftServerImpl (ServerState.java:close(394)) - afdb06fd-1848-49aa-a5df-8cd319373775:group-FF1A6FF3A075 closes. The last applied log index is 12
2019-08-30 22:38:37,616 [afdb06fd-1848-49aa-a5df-8cd319373775-SegmentedRaftLogWorker:Storage Directory /workdir/hadoop-ozone/integration-test/target/test-dir/MiniOzoneClusterImpl-8fb4be1f-1f01-4e1a-8b80-1b2fb75ab186/datanode-2/data/ratis/604ed232-7a43-4b01-a7da-ff1a6ff3a075] INFO  segmented.SegmentedRaftLogWorker (SegmentedRaftLogWorker.java:run(313)) - afdb06fd-1848-49aa-a5df-8cd319373775-SegmentedRaftLogWorker:Storage Directory /workdir/hadoop-ozone/integration-test/target/test-dir/MiniOzoneClusterImpl-8fb4be1f-1f01-4e1a-8b80-1b2fb75ab186/datanode-2/data/ratis/604ed232-7a43-4b01-a7da-ff1a6ff3a075 was interrupted, exiting. There are 0 tasks remaining in the queue.
2019-08-30 22:38:37,618 [ForkJoinPool.commonPool-worker-1] INFO  segmented.SegmentedRaftLogWorker (SegmentedRaftLogWorker.java:close(228)) - afdb06fd-1848-49aa-a5df-8cd319373775-SegmentedRaftLogWorker:Storage Directory /workdir/hadoop-ozone/integration-test/target/test-dir/MiniOzoneClusterImpl-8fb4be1f-1f01-4e1a-8b80-1b2fb75ab186/datanode-2/data/ratis/604ed232-7a43-4b01-a7da-ff1a6ff3a075 close()
2019-08-30 22:38:37,620 [ForkJoinPool.commonPool-worker-1] INFO  server.GrpcService (GrpcService.java:closeImpl(155)) - afdb06fd-1848-49aa-a5df-8cd319373775: shutdown server with port 42838 now
2019-08-30 22:38:37,621 [ForkJoinPool.commonPool-worker-1] INFO  server.GrpcService (GrpcService.java:closeImpl(163)) - afdb06fd-1848-49aa-a5df-8cd319373775: shutdown server with port 42838 successfully
2019-08-30 22:38:37,622 [refreshUsed-/workdir/hadoop-ozone/integration-test/target/test-dir/MiniOzoneClusterImpl-8fb4be1f-1f01-4e1a-8b80-1b2fb75ab186/datanode-2/data/containers] WARN  fs.CachingGetSpaceUsed (CachingGetSpaceUsed.java:run(183)) - Thread Interrupted waiting to refresh disk information: sleep interrupted
2019-08-30 22:38:37,631 [main] INFO  utils.BackgroundService (BackgroundService.java:shutdown(148)) - Shutting down service BlockDeletingService
2019-08-30 22:38:37,633 [main] INFO  statemachine.DatanodeStateMachine (DatanodeStateMachine.java:stopDaemon(395)) - Ozone container server stopped.
2019-08-30 22:38:37,634 [main] INFO  handler.ContextHandler (ContextHandler.java:doStop(910)) - Stopped o.e.j.w.WebAppContext@18ffca6c{/,null,UNAVAILABLE}{/hddsDatanode}
2019-08-30 22:38:37,634 [main] INFO  server.AbstractConnector (AbstractConnector.java:doStop(318)) - Stopped ServerConnector@46468f0{HTTP/1.1,[http/1.1]}{0.0.0.0:0}
2019-08-30 22:38:37,634 [main] INFO  handler.ContextHandler (ContextHandler.java:doStop(910)) - Stopped o.e.j.s.ServletContextHandler@1df9186f{/static,jar:file:/home/user/.m2/repository/org/apache/hadoop/hadoop-hdds-container-service/0.5.0-SNAPSHOT/hadoop-hdds-container-service-0.5.0-SNAPSHOT.jar!/webapps/static,UNAVAILABLE}
2019-08-30 22:38:37,634 [ForkJoinPool.commonPool-worker-1] INFO  utils.BackgroundService (BackgroundService.java:shutdown(148)) - Shutting down service BlockDeletingService
2019-08-30 22:38:37,635 [main] INFO  handler.ContextHandler (ContextHandler.java:doStop(910)) - Stopped o.e.j.s.ServletContextHandler@d87d449{/logs,file:///workdir/hadoop-ozone/integration-test/target/log,UNAVAILABLE}
2019-08-30 22:38:37,637 [ForkJoinPool.commonPool-worker-1] INFO  statemachine.DatanodeStateMachine (DatanodeStateMachine.java:stopDaemon(395)) - Ozone container server stopped.
2019-08-30 22:38:37,640 [ForkJoinPool.commonPool-worker-1] INFO  handler.ContextHandler (ContextHandler.java:doStop(910)) - Stopped o.e.j.w.WebAppContext@5a7b309b{/,null,UNAVAILABLE}{/hddsDatanode}
2019-08-30 22:38:37,640 [ForkJoinPool.commonPool-worker-1] INFO  server.AbstractConnector (AbstractConnector.java:doStop(318)) - Stopped ServerConnector@4602f874{HTTP/1.1,[http/1.1]}{0.0.0.0:0}
2019-08-30 22:38:37,641 [ForkJoinPool.commonPool-worker-1] INFO  handler.ContextHandler (ContextHandler.java:doStop(910)) - Stopped o.e.j.s.ServletContextHandler@1c5d3a37{/static,jar:file:/home/user/.m2/repository/org/apache/hadoop/hadoop-hdds-container-service/0.5.0-SNAPSHOT/hadoop-hdds-container-service-0.5.0-SNAPSHOT.jar!/webapps/static,UNAVAILABLE}
2019-08-30 22:38:37,642 [ForkJoinPool.commonPool-worker-1] INFO  handler.ContextHandler (ContextHandler.java:doStop(910)) - Stopped o.e.j.s.ServletContextHandler@4f235107{/logs,file:///workdir/hadoop-ozone/integration-test/target/log,UNAVAILABLE}
2019-08-30 22:38:37,722 [Datanode State Machine Thread - 0] INFO  statemachine.DatanodeStateMachine (DatanodeStateMachine.java:lambda$startDaemon$0(350)) - Ozone container server started.
2019-08-30 22:38:38,347 [Datanode State Machine Thread - 0] INFO  statemachine.DatanodeStateMachine (DatanodeStateMachine.java:lambda$startDaemon$0(350)) - Ozone container server started.
2019-08-30 22:38:38,859 [Thread-3433] INFO  impl.FollowerState (FollowerState.java:run(106)) - b59e1437-a1c8-4617-9449-130f0635d94e:group-FF1A6FF3A075 changes to CANDIDATE, lastRpcTime:6516, electionTimeout:5060ms
2019-08-30 22:38:38,860 [Thread-3433] INFO  impl.RoleInfo (RoleInfo.java:shutdownFollowerState(121)) - b59e1437-a1c8-4617-9449-130f0635d94e: shutdown FollowerState
2019-08-30 22:38:38,860 [Thread-3433] INFO  impl.RaftServerImpl (RaftServerImpl.java:setRole(171)) - b59e1437-a1c8-4617-9449-130f0635d94e:group-FF1A6FF3A075 changes role from FOLLOWER to CANDIDATE at term 1 for changeToCandidate
2019-08-30 22:38:38,860 [Thread-3433] INFO  impl.RoleInfo (RoleInfo.java:updateAndGet(143)) - b59e1437-a1c8-4617-9449-130f0635d94e: start LeaderElection
2019-08-30 22:38:38,863 [b59e1437-a1c8-4617-9449-130f0635d94e:group-FF1A6FF3A075:LeaderElection78] INFO  impl.RaftServerImpl (ServerState.java:setLeader(263)) - b59e1437-a1c8-4617-9449-130f0635d94e:group-FF1A6FF3A075 change Leader from 2dcb9ef1-393c-4beb-b158-3ac2a1e6a1a8 to null at term 1 for initElection
2019-08-30 22:38:38,895 [b59e1437-a1c8-4617-9449-130f0635d94e:group-FF1A6FF3A075:LeaderElection78] INFO  impl.LeaderElection (LeaderElection.java:askForVotes(181)) - b59e1437-a1c8-4617-9449-130f0635d94e:group-FF1A6FF3A075:LeaderElection78: begin an election at term 2 for 0: [b59e1437-a1c8-4617-9449-130f0635d94e:192.168.36.88:39621, 2dcb9ef1-393c-4beb-b158-3ac2a1e6a1a8:192.168.36.88:36570, afdb06fd-1848-49aa-a5df-8cd319373775:192.168.36.88:42838], old=null
2019-08-30 22:38:38,898 [b59e1437-a1c8-4617-9449-130f0635d94e:group-FF1A6FF3A075:LeaderElection78] INFO  impl.LeaderElection (LogUtils.java:infoOrTrace(149)) - b59e1437-a1c8-4617-9449-130f0635d94e:group-FF1A6FF3A075:LeaderElection78 got exception when requesting votes: {}
java.util.concurrent.ExecutionException: org.apache.ratis.thirdparty.io.grpc.StatusRuntimeException: UNAVAILABLE: io exception
	at java.util.concurrent.FutureTask.report(FutureTask.java:122)
	at java.util.concurrent.FutureTask.get(FutureTask.java:192)
	at org.apache.ratis.server.impl.LeaderElection.waitForResults(LeaderElection.java:262)
	at org.apache.ratis.server.impl.LeaderElection.askForVotes(LeaderElection.java:200)
	at org.apache.ratis.server.impl.LeaderElection.run(LeaderElection.java:130)
	at java.lang.Thread.run(Thread.java:748)
Caused by: org.apache.ratis.thirdparty.io.grpc.StatusRuntimeException: UNAVAILABLE: io exception
	at org.apache.ratis.thirdparty.io.grpc.stub.ClientCalls.toStatusRuntimeException(ClientCalls.java:233)
	at org.apache.ratis.thirdparty.io.grpc.stub.ClientCalls.getUnchecked(ClientCalls.java:214)
	at org.apache.ratis.thirdparty.io.grpc.stub.ClientCalls.blockingUnaryCall(ClientCalls.java:139)
	at org.apache.ratis.proto.grpc.RaftServerProtocolServiceGrpc$RaftServerProtocolServiceBlockingStub.requestVote(RaftServerProtocolServiceGrpc.java:265)
	at org.apache.ratis.grpc.server.GrpcServerProtocolClient.requestVote(GrpcServerProtocolClient.java:83)
	at org.apache.ratis.grpc.server.GrpcService.requestVote(GrpcService.java:195)
	at org.apache.ratis.server.impl.LeaderElection.lambda$submitRequests$1(LeaderElection.java:237)
	at java.util.concurrent.FutureTask.run(FutureTask.java:266)
	at java.util.concurrent.Executors$RunnableAdapter.call(Executors.java:511)
	at java.util.concurrent.FutureTask.run(FutureTask.java:266)
	at java.util.concurrent.ThreadPoolExecutor.runWorker(ThreadPoolExecutor.java:1149)
	at java.util.concurrent.ThreadPoolExecutor$Worker.run(ThreadPoolExecutor.java:624)
	... 1 more
Caused by: org.apache.ratis.thirdparty.io.netty.channel.AbstractChannel$AnnotatedConnectException: Connection refused: /192.168.36.88:42838
	at sun.nio.ch.SocketChannelImpl.checkConnect(Native Method)
	at sun.nio.ch.SocketChannelImpl.finishConnect(SocketChannelImpl.java:717)
	at org.apache.ratis.thirdparty.io.netty.channel.socket.nio.NioSocketChannel.doFinishConnect(NioSocketChannel.java:327)
	at org.apache.ratis.thirdparty.io.netty.channel.nio.AbstractNioChannel$AbstractNioUnsafe.finishConnect(AbstractNioChannel.java:340)
	at org.apache.ratis.thirdparty.io.netty.channel.nio.NioEventLoop.processSelectedKey(NioEventLoop.java:632)
	at org.apache.ratis.thirdparty.io.netty.channel.nio.NioEventLoop.processSelectedKeysOptimized(NioEventLoop.java:579)
	at org.apache.ratis.thirdparty.io.netty.channel.nio.NioEventLoop.processSelectedKeys(NioEventLoop.java:496)
	at org.apache.ratis.thirdparty.io.netty.channel.nio.NioEventLoop.run(NioEventLoop.java:458)
	at org.apache.ratis.thirdparty.io.netty.util.concurrent.SingleThreadEventExecutor$5.run(SingleThreadEventExecutor.java:897)
	at org.apache.ratis.thirdparty.io.netty.util.concurrent.FastThreadLocalRunnable.run(FastThreadLocalRunnable.java:30)
	... 1 more
Caused by: java.net.ConnectException: Connection refused
	... 11 more
2019-08-30 22:38:38,901 [b59e1437-a1c8-4617-9449-130f0635d94e:group-FF1A6FF3A075:LeaderElection78] INFO  impl.LeaderElection (LogUtils.java:infoOrTrace(149)) - b59e1437-a1c8-4617-9449-130f0635d94e:group-FF1A6FF3A075:LeaderElection78 got exception when requesting votes: {}
java.util.concurrent.ExecutionException: org.apache.ratis.thirdparty.io.grpc.StatusRuntimeException: UNAVAILABLE: io exception
	at java.util.concurrent.FutureTask.report(FutureTask.java:122)
	at java.util.concurrent.FutureTask.get(FutureTask.java:192)
	at org.apache.ratis.server.impl.LeaderElection.waitForResults(LeaderElection.java:262)
	at org.apache.ratis.server.impl.LeaderElection.askForVotes(LeaderElection.java:200)
	at org.apache.ratis.server.impl.LeaderElection.run(LeaderElection.java:130)
	at java.lang.Thread.run(Thread.java:748)
Caused by: org.apache.ratis.thirdparty.io.grpc.StatusRuntimeException: UNAVAILABLE: io exception
	at org.apache.ratis.thirdparty.io.grpc.stub.ClientCalls.toStatusRuntimeException(ClientCalls.java:233)
	at org.apache.ratis.thirdparty.io.grpc.stub.ClientCalls.getUnchecked(ClientCalls.java:214)
	at org.apache.ratis.thirdparty.io.grpc.stub.ClientCalls.blockingUnaryCall(ClientCalls.java:139)
	at org.apache.ratis.proto.grpc.RaftServerProtocolServiceGrpc$RaftServerProtocolServiceBlockingStub.requestVote(RaftServerProtocolServiceGrpc.java:265)
	at org.apache.ratis.grpc.server.GrpcServerProtocolClient.requestVote(GrpcServerProtocolClient.java:83)
	at org.apache.ratis.grpc.server.GrpcService.requestVote(GrpcService.java:195)
	at org.apache.ratis.server.impl.LeaderElection.lambda$submitRequests$1(LeaderElection.java:237)
	at java.util.concurrent.FutureTask.run(FutureTask.java:266)
	at java.util.concurrent.Executors$RunnableAdapter.call(Executors.java:511)
	at java.util.concurrent.FutureTask.run(FutureTask.java:266)
	at java.util.concurrent.ThreadPoolExecutor.runWorker(ThreadPoolExecutor.java:1149)
	at java.util.concurrent.ThreadPoolExecutor$Worker.run(ThreadPoolExecutor.java:624)
	... 1 more
Caused by: org.apache.ratis.thirdparty.io.netty.channel.AbstractChannel$AnnotatedConnectException: Connection refused: /192.168.36.88:36570
	at sun.nio.ch.SocketChannelImpl.checkConnect(Native Method)
	at sun.nio.ch.SocketChannelImpl.finishConnect(SocketChannelImpl.java:717)
	at org.apache.ratis.thirdparty.io.netty.channel.socket.nio.NioSocketChannel.doFinishConnect(NioSocketChannel.java:327)
	at org.apache.ratis.thirdparty.io.netty.channel.nio.AbstractNioChannel$AbstractNioUnsafe.finishConnect(AbstractNioChannel.java:340)
	at org.apache.ratis.thirdparty.io.netty.channel.nio.NioEventLoop.processSelectedKey(NioEventLoop.java:632)
	at org.apache.ratis.thirdparty.io.netty.channel.nio.NioEventLoop.processSelectedKeysOptimized(NioEventLoop.java:579)
	at org.apache.ratis.thirdparty.io.netty.channel.nio.NioEventLoop.processSelectedKeys(NioEventLoop.java:496)
	at org.apache.ratis.thirdparty.io.netty.channel.nio.NioEventLoop.run(NioEventLoop.java:458)
	at org.apache.ratis.thirdparty.io.netty.util.concurrent.SingleThreadEventExecutor$5.run(SingleThreadEventExecutor.java:897)
	at org.apache.ratis.thirdparty.io.netty.util.concurrent.FastThreadLocalRunnable.run(FastThreadLocalRunnable.java:30)
	... 1 more
Caused by: java.net.ConnectException: Connection refused
	... 11 more
2019-08-30 22:38:38,903 [b59e1437-a1c8-4617-9449-130f0635d94e:group-FF1A6FF3A075:LeaderElection78] INFO  impl.LeaderElection (LeaderElection.java:logAndReturn(56)) - b59e1437-a1c8-4617-9449-130f0635d94e:group-FF1A6FF3A075:LeaderElection78: Election REJECTED; received 0 response(s) [] and 2 exception(s); b59e1437-a1c8-4617-9449-130f0635d94e:t2, leader=null, voted=b59e1437-a1c8-4617-9449-130f0635d94e, raftlog=b59e1437-a1c8-4617-9449-130f0635d94e-SegmentedRaftLog:OPENED:c12,f12,i12, conf=0: [b59e1437-a1c8-4617-9449-130f0635d94e:192.168.36.88:39621, 2dcb9ef1-393c-4beb-b158-3ac2a1e6a1a8:192.168.36.88:36570, afdb06fd-1848-49aa-a5df-8cd319373775:192.168.36.88:42838], old=null
2019-08-30 22:38:38,903 [b59e1437-a1c8-4617-9449-130f0635d94e:group-FF1A6FF3A075:LeaderElection78] INFO  impl.LeaderElection (LogUtils.java:infoOrTrace(149)) -   Exception 0: {}
java.util.concurrent.ExecutionException: org.apache.ratis.thirdparty.io.grpc.StatusRuntimeException: UNAVAILABLE: io exception
	at java.util.concurrent.FutureTask.report(FutureTask.java:122)
	at java.util.concurrent.FutureTask.get(FutureTask.java:192)
	at org.apache.ratis.server.impl.LeaderElection.waitForResults(LeaderElection.java:262)
	at org.apache.ratis.server.impl.LeaderElection.askForVotes(LeaderElection.java:200)
	at org.apache.ratis.server.impl.LeaderElection.run(LeaderElection.java:130)
	at java.lang.Thread.run(Thread.java:748)
Caused by: org.apache.ratis.thirdparty.io.grpc.StatusRuntimeException: UNAVAILABLE: io exception
	at org.apache.ratis.thirdparty.io.grpc.stub.ClientCalls.toStatusRuntimeException(ClientCalls.java:233)
	at org.apache.ratis.thirdparty.io.grpc.stub.ClientCalls.getUnchecked(ClientCalls.java:214)
	at org.apache.ratis.thirdparty.io.grpc.stub.ClientCalls.blockingUnaryCall(ClientCalls.java:139)
	at org.apache.ratis.proto.grpc.RaftServerProtocolServiceGrpc$RaftServerProtocolServiceBlockingStub.requestVote(RaftServerProtocolServiceGrpc.java:265)
	at org.apache.ratis.grpc.server.GrpcServerProtocolClient.requestVote(GrpcServerProtocolClient.java:83)
	at org.apache.ratis.grpc.server.GrpcService.requestVote(GrpcService.java:195)
	at org.apache.ratis.server.impl.LeaderElection.lambda$submitRequests$1(LeaderElection.java:237)
	at java.util.concurrent.FutureTask.run(FutureTask.java:266)
	at java.util.concurrent.Executors$RunnableAdapter.call(Executors.java:511)
	at java.util.concurrent.FutureTask.run(FutureTask.java:266)
	at java.util.concurrent.ThreadPoolExecutor.runWorker(ThreadPoolExecutor.java:1149)
	at java.util.concurrent.ThreadPoolExecutor$Worker.run(ThreadPoolExecutor.java:624)
	... 1 more
Caused by: org.apache.ratis.thirdparty.io.netty.channel.AbstractChannel$AnnotatedConnectException: Connection refused: /192.168.36.88:42838
	at sun.nio.ch.SocketChannelImpl.checkConnect(Native Method)
	at sun.nio.ch.SocketChannelImpl.finishConnect(SocketChannelImpl.java:717)
	at org.apache.ratis.thirdparty.io.netty.channel.socket.nio.NioSocketChannel.doFinishConnect(NioSocketChannel.java:327)
	at org.apache.ratis.thirdparty.io.netty.channel.nio.AbstractNioChannel$AbstractNioUnsafe.finishConnect(AbstractNioChannel.java:340)
	at org.apache.ratis.thirdparty.io.netty.channel.nio.NioEventLoop.processSelectedKey(NioEventLoop.java:632)
	at org.apache.ratis.thirdparty.io.netty.channel.nio.NioEventLoop.processSelectedKeysOptimized(NioEventLoop.java:579)
	at org.apache.ratis.thirdparty.io.netty.channel.nio.NioEventLoop.processSelectedKeys(NioEventLoop.java:496)
	at org.apache.ratis.thirdparty.io.netty.channel.nio.NioEventLoop.run(NioEventLoop.java:458)
	at org.apache.ratis.thirdparty.io.netty.util.concurrent.SingleThreadEventExecutor$5.run(SingleThreadEventExecutor.java:897)
	at org.apache.ratis.thirdparty.io.netty.util.concurrent.FastThreadLocalRunnable.run(FastThreadLocalRunnable.java:30)
	... 1 more
Caused by: java.net.ConnectException: Connection refused
	... 11 more
2019-08-30 22:38:38,903 [b59e1437-a1c8-4617-9449-130f0635d94e:group-FF1A6FF3A075:LeaderElection78] INFO  impl.LeaderElection (LogUtils.java:infoOrTrace(149)) -   Exception 1: {}
java.util.concurrent.ExecutionException: org.apache.ratis.thirdparty.io.grpc.StatusRuntimeException: UNAVAILABLE: io exception
	at java.util.concurrent.FutureTask.report(FutureTask.java:122)
	at java.util.concurrent.FutureTask.get(FutureTask.java:192)
	at org.apache.ratis.server.impl.LeaderElection.waitForResults(LeaderElection.java:262)
	at org.apache.ratis.server.impl.LeaderElection.askForVotes(LeaderElection.java:200)
	at org.apache.ratis.server.impl.LeaderElection.run(LeaderElection.java:130)
	at java.lang.Thread.run(Thread.java:748)
Caused by: org.apache.ratis.thirdparty.io.grpc.StatusRuntimeException: UNAVAILABLE: io exception
	at org.apache.ratis.thirdparty.io.grpc.stub.ClientCalls.toStatusRuntimeException(ClientCalls.java:233)
	at org.apache.ratis.thirdparty.io.grpc.stub.ClientCalls.getUnchecked(ClientCalls.java:214)
	at org.apache.ratis.thirdparty.io.grpc.stub.ClientCalls.blockingUnaryCall(ClientCalls.java:139)
	at org.apache.ratis.proto.grpc.RaftServerProtocolServiceGrpc$RaftServerProtocolServiceBlockingStub.requestVote(RaftServerProtocolServiceGrpc.java:265)
	at org.apache.ratis.grpc.server.GrpcServerProtocolClient.requestVote(GrpcServerProtocolClient.java:83)
	at org.apache.ratis.grpc.server.GrpcService.requestVote(GrpcService.java:195)
	at org.apache.ratis.server.impl.LeaderElection.lambda$submitRequests$1(LeaderElection.java:237)
	at java.util.concurrent.FutureTask.run(FutureTask.java:266)
	at java.util.concurrent.Executors$RunnableAdapter.call(Executors.java:511)
	at java.util.concurrent.FutureTask.run(FutureTask.java:266)
	at java.util.concurrent.ThreadPoolExecutor.runWorker(ThreadPoolExecutor.java:1149)
	at java.util.concurrent.ThreadPoolExecutor$Worker.run(ThreadPoolExecutor.java:624)
	... 1 more
Caused by: org.apache.ratis.thirdparty.io.netty.channel.AbstractChannel$AnnotatedConnectException: Connection refused: /192.168.36.88:36570
	at sun.nio.ch.SocketChannelImpl.checkConnect(Native Method)
	at sun.nio.ch.SocketChannelImpl.finishConnect(SocketChannelImpl.java:717)
	at org.apache.ratis.thirdparty.io.netty.channel.socket.nio.NioSocketChannel.doFinishConnect(NioSocketChannel.java:327)
	at org.apache.ratis.thirdparty.io.netty.channel.nio.AbstractNioChannel$AbstractNioUnsafe.finishConnect(AbstractNioChannel.java:340)
	at org.apache.ratis.thirdparty.io.netty.channel.nio.NioEventLoop.processSelectedKey(NioEventLoop.java:632)
	at org.apache.ratis.thirdparty.io.netty.channel.nio.NioEventLoop.processSelectedKeysOptimized(NioEventLoop.java:579)
	at org.apache.ratis.thirdparty.io.netty.channel.nio.NioEventLoop.processSelectedKeys(NioEventLoop.java:496)
	at org.apache.ratis.thirdparty.io.netty.channel.nio.NioEventLoop.run(NioEventLoop.java:458)
	at org.apache.ratis.thirdparty.io.netty.util.concurrent.SingleThreadEventExecutor$5.run(SingleThreadEventExecutor.java:897)
	at org.apache.ratis.thirdparty.io.netty.util.concurrent.FastThreadLocalRunnable.run(FastThreadLocalRunnable.java:30)
	... 1 more
Caused by: java.net.ConnectException: Connection refused
	... 11 more
2019-08-30 22:38:38,903 [b59e1437-a1c8-4617-9449-130f0635d94e:group-FF1A6FF3A075:LeaderElection78] INFO  impl.RaftServerImpl (RaftServerImpl.java:setRole(171)) - b59e1437-a1c8-4617-9449-130f0635d94e:group-FF1A6FF3A075 changes role from CANDIDATE to FOLLOWER at term 2 for DISCOVERED_A_NEW_TERM
2019-08-30 22:38:38,904 [b59e1437-a1c8-4617-9449-130f0635d94e:group-FF1A6FF3A075:LeaderElection78] INFO  impl.RoleInfo (RoleInfo.java:shutdownLeaderElection(134)) - b59e1437-a1c8-4617-9449-130f0635d94e: shutdown LeaderElection
2019-08-30 22:38:38,904 [b59e1437-a1c8-4617-9449-130f0635d94e:group-FF1A6FF3A075:LeaderElection78] INFO  impl.RoleInfo (RoleInfo.java:updateAndGet(143)) - b59e1437-a1c8-4617-9449-130f0635d94e: start FollowerState
2019-08-30 22:38:40,090 [grpc-default-executor-15] WARN  server.GrpcLogAppender (LogUtils.java:warn(134)) - 04c29368-23fb-4365-aaec-69238c5c9731->a5fefde7-037e-4263-b518-79d76143dac2: Failed appendEntries: org.apache.ratis.thirdparty.io.grpc.StatusRuntimeException: UNAVAILABLE: io exception
2019-08-30 22:38:40,090 [grpc-default-executor-12] WARN  server.GrpcLogAppender (LogUtils.java:warn(134)) - 04c29368-23fb-4365-aaec-69238c5c9731->7c6fe567-79fd-4e56-aa02-ded5ff9c30c0: Failed appendEntries: org.apache.ratis.thirdparty.io.grpc.StatusRuntimeException: UNAVAILABLE: io exception
2019-08-30 22:38:40,090 [grpc-default-executor-15] INFO  impl.FollowerInfo (FollowerInfo.java:lambda$new$0(50)) - 04c29368-23fb-4365-aaec-69238c5c9731->a5fefde7-037e-4263-b518-79d76143dac2: nextIndex: updateUnconditionally 7 -> 6
2019-08-30 22:38:40,091 [grpc-default-executor-12] INFO  impl.FollowerInfo (FollowerInfo.java:lambda$new$0(50)) - 04c29368-23fb-4365-aaec-69238c5c9731->7c6fe567-79fd-4e56-aa02-ded5ff9c30c0: nextIndex: updateUnconditionally 11 -> 10
2019-08-30 22:38:41,770 [EventQueue-StaleNodeForStaleNodeHandler] INFO  node.StaleNodeHandler (StaleNodeHandler.java:onMessage(58)) - Datanode 08a98e8c-3230-413f-a62d-04417fccf4c4{ip: 192.168.36.88, host: pr-hdds-1909-plfbr-3209385976, networkLocation: /default-rack, certSerialId: null} moved to stale state. Finalizing its pipelines [PipelineID=cd09ca85-1c31-4919-b90e-8ab3eb773d33]
2019-08-30 22:38:41,771 [EventQueue-StaleNodeForStaleNodeHandler] INFO  pipeline.SCMPipelineManager (SCMPipelineManager.java:finalizeAndDestroyPipeline(309)) - destroying pipeline:Pipeline[ Id: cd09ca85-1c31-4919-b90e-8ab3eb773d33, Nodes: 08a98e8c-3230-413f-a62d-04417fccf4c4{ip: 192.168.36.88, host: pr-hdds-1909-plfbr-3209385976, networkLocation: /default-rack, certSerialId: null}, Type:RATIS, Factor:ONE, State:OPEN]
2019-08-30 22:38:41,771 [EventQueue-StaleNodeForStaleNodeHandler] INFO  pipeline.PipelineStateManager (PipelineStateManager.java:finalizePipeline(123)) - Pipeline Pipeline[ Id: cd09ca85-1c31-4919-b90e-8ab3eb773d33, Nodes: 08a98e8c-3230-413f-a62d-04417fccf4c4{ip: 192.168.36.88, host: pr-hdds-1909-plfbr-3209385976, networkLocation: /default-rack, certSerialId: null}, Type:RATIS, Factor:ONE, State:CLOSED] moved to CLOSED state
2019-08-30 22:38:42,371 [EventQueue-StaleNodeForStaleNodeHandler] INFO  node.StaleNodeHandler (StaleNodeHandler.java:onMessage(58)) - Datanode b59e1437-a1c8-4617-9449-130f0635d94e{ip: 192.168.36.88, host: pr-hdds-1909-plfbr-3209385976, networkLocation: /default-rack, certSerialId: null} moved to stale state. Finalizing its pipelines [PipelineID=604ed232-7a43-4b01-a7da-ff1a6ff3a075, PipelineID=9a697995-1cc6-4981-aea0-7f5dab3f6d30]
2019-08-30 22:38:42,371 [EventQueue-StaleNodeForStaleNodeHandler] INFO  pipeline.SCMPipelineManager (SCMPipelineManager.java:finalizeAndDestroyPipeline(309)) - destroying pipeline:Pipeline[ Id: 604ed232-7a43-4b01-a7da-ff1a6ff3a075, Nodes: 2dcb9ef1-393c-4beb-b158-3ac2a1e6a1a8{ip: 192.168.36.88, host: pr-hdds-1909-plfbr-3209385976, networkLocation: /default-rack, certSerialId: null}afdb06fd-1848-49aa-a5df-8cd319373775{ip: 192.168.36.88, host: pr-hdds-1909-plfbr-3209385976, networkLocation: /default-rack, certSerialId: null}b59e1437-a1c8-4617-9449-130f0635d94e{ip: 192.168.36.88, host: pr-hdds-1909-plfbr-3209385976, networkLocation: /default-rack, certSerialId: null}, Type:RATIS, Factor:THREE, State:CLOSED]
2019-08-30 22:38:42,372 [EventQueue-StaleNodeForStaleNodeHandler] INFO  pipeline.SCMPipelineManager (SCMPipelineManager.java:finalizeAndDestroyPipeline(309)) - destroying pipeline:Pipeline[ Id: 9a697995-1cc6-4981-aea0-7f5dab3f6d30, Nodes: b59e1437-a1c8-4617-9449-130f0635d94e{ip: 192.168.36.88, host: pr-hdds-1909-plfbr-3209385976, networkLocation: /default-rack, certSerialId: null}, Type:RATIS, Factor:ONE, State:OPEN]
2019-08-30 22:38:42,372 [EventQueue-StaleNodeForStaleNodeHandler] INFO  pipeline.PipelineStateManager (PipelineStateManager.java:finalizePipeline(123)) - Pipeline Pipeline[ Id: 9a697995-1cc6-4981-aea0-7f5dab3f6d30, Nodes: b59e1437-a1c8-4617-9449-130f0635d94e{ip: 192.168.36.88, host: pr-hdds-1909-plfbr-3209385976, networkLocation: /default-rack, certSerialId: null}, Type:RATIS, Factor:ONE, State:CLOSED] moved to CLOSED state
2019-08-30 22:38:42,590 [grpc-default-executor-13] WARN  server.GrpcLogAppender (LogUtils.java:warn(134)) - 04c29368-23fb-4365-aaec-69238c5c9731->7c6fe567-79fd-4e56-aa02-ded5ff9c30c0: Failed appendEntries: org.apache.ratis.thirdparty.io.grpc.StatusRuntimeException: UNAVAILABLE: io exception
2019-08-30 22:38:42,591 [grpc-default-executor-13] INFO  impl.FollowerInfo (FollowerInfo.java:lambda$new$0(50)) - 04c29368-23fb-4365-aaec-69238c5c9731->7c6fe567-79fd-4e56-aa02-ded5ff9c30c0: nextIndex: updateUnconditionally 10 -> 9
2019-08-30 22:38:42,591 [grpc-default-executor-17] WARN  server.GrpcLogAppender (LogUtils.java:warn(134)) - 04c29368-23fb-4365-aaec-69238c5c9731->a5fefde7-037e-4263-b518-79d76143dac2: Failed appendEntries: org.apache.ratis.thirdparty.io.grpc.StatusRuntimeException: UNAVAILABLE: io exception
2019-08-30 22:38:42,591 [grpc-default-executor-17] INFO  impl.FollowerInfo (FollowerInfo.java:lambda$new$0(50)) - 04c29368-23fb-4365-aaec-69238c5c9731->a5fefde7-037e-4263-b518-79d76143dac2: nextIndex: updateUnconditionally 6 -> 5
2019-08-30 22:38:42,639 [main] INFO  ozoneimpl.OzoneContainer (OzoneContainer.java:stop(215)) - Attempting to stop container services.
2019-08-30 22:38:42,640 [main] INFO  impl.RaftServerProxy (RaftServerProxy.java:lambda$close$4(314)) - 08a98e8c-3230-413f-a62d-04417fccf4c4: close
2019-08-30 22:38:42,640 [main] INFO  impl.RaftServerImpl (RaftServerImpl.java:lambda$shutdown$3(245)) - 08a98e8c-3230-413f-a62d-04417fccf4c4: shutdown group-8AB3EB773D33
2019-08-30 22:38:42,641 [main] INFO  util.JmxRegister (JmxRegister.java:unregister(73)) - Successfully un-registered JMX Bean with object name Ratis:service=RaftServer,group=group-8AB3EB773D33,id=08a98e8c-3230-413f-a62d-04417fccf4c4
2019-08-30 22:38:42,641 [main] INFO  impl.RoleInfo (RoleInfo.java:shutdownLeaderState(104)) - 08a98e8c-3230-413f-a62d-04417fccf4c4: shutdown LeaderState
2019-08-30 22:38:42,641 [main] INFO  impl.PendingRequests (PendingRequests.java:sendNotLeaderResponses(202)) - 08a98e8c-3230-413f-a62d-04417fccf4c4-PendingRequests: sendNotLeaderResponses
2019-08-30 22:38:42,642 [main] INFO  impl.StateMachineUpdater (StateMachineUpdater.java:stopAndJoin(115)) - StateMachineUpdater:08a98e8c-3230-413f-a62d-04417fccf4c4:group-8AB3EB773D33: set stopIndex = 0
2019-08-30 22:38:42,642 [main] INFO  impl.RaftServerImpl (ServerState.java:close(394)) - 08a98e8c-3230-413f-a62d-04417fccf4c4:group-8AB3EB773D33 closes. The last applied log index is 0
2019-08-30 22:38:42,642 [08a98e8c-3230-413f-a62d-04417fccf4c4-SegmentedRaftLogWorker:Storage Directory /workdir/hadoop-ozone/integration-test/target/test-dir/MiniOzoneClusterImpl-8fb4be1f-1f01-4e1a-8b80-1b2fb75ab186/datanode-6/data/ratis/cd09ca85-1c31-4919-b90e-8ab3eb773d33] INFO  segmented.SegmentedRaftLogWorker (SegmentedRaftLogWorker.java:run(313)) - 08a98e8c-3230-413f-a62d-04417fccf4c4-SegmentedRaftLogWorker:Storage Directory /workdir/hadoop-ozone/integration-test/target/test-dir/MiniOzoneClusterImpl-8fb4be1f-1f01-4e1a-8b80-1b2fb75ab186/datanode-6/data/ratis/cd09ca85-1c31-4919-b90e-8ab3eb773d33 was interrupted, exiting. There are 0 tasks remaining in the queue.
2019-08-30 22:38:42,645 [main] INFO  segmented.SegmentedRaftLogWorker (SegmentedRaftLogWorker.java:close(228)) - 08a98e8c-3230-413f-a62d-04417fccf4c4-SegmentedRaftLogWorker:Storage Directory /workdir/hadoop-ozone/integration-test/target/test-dir/MiniOzoneClusterImpl-8fb4be1f-1f01-4e1a-8b80-1b2fb75ab186/datanode-6/data/ratis/cd09ca85-1c31-4919-b90e-8ab3eb773d33 close()
2019-08-30 22:38:42,645 [ForkJoinPool.commonPool-worker-1] INFO  ozoneimpl.OzoneContainer (OzoneContainer.java:stop(215)) - Attempting to stop container services.
2019-08-30 22:38:42,648 [main] INFO  server.GrpcService (GrpcService.java:closeImpl(155)) - 08a98e8c-3230-413f-a62d-04417fccf4c4: shutdown server with port 35865 now
2019-08-30 22:38:42,648 [ForkJoinPool.commonPool-worker-1] INFO  impl.RaftServerProxy (RaftServerProxy.java:lambda$close$4(314)) - b59e1437-a1c8-4617-9449-130f0635d94e: close
2019-08-30 22:38:42,649 [main] INFO  server.GrpcService (GrpcService.java:closeImpl(163)) - 08a98e8c-3230-413f-a62d-04417fccf4c4: shutdown server with port 35865 successfully
2019-08-30 22:38:42,649 [ForkJoinPool.commonPool-worker-1] INFO  impl.RaftServerImpl (RaftServerImpl.java:lambda$shutdown$3(245)) - b59e1437-a1c8-4617-9449-130f0635d94e: shutdown group-FF1A6FF3A075
2019-08-30 22:38:42,649 [ForkJoinPool.commonPool-worker-1] INFO  util.JmxRegister (JmxRegister.java:unregister(73)) - Successfully un-registered JMX Bean with object name Ratis:service=RaftServer,group=group-FF1A6FF3A075,id=b59e1437-a1c8-4617-9449-130f0635d94e
2019-08-30 22:38:42,649 [ForkJoinPool.commonPool-worker-1] INFO  impl.RoleInfo (RoleInfo.java:shutdownFollowerState(121)) - b59e1437-a1c8-4617-9449-130f0635d94e: shutdown FollowerState
2019-08-30 22:38:42,650 [ForkJoinPool.commonPool-worker-1] INFO  impl.StateMachineUpdater (StateMachineUpdater.java:stopAndJoin(115)) - StateMachineUpdater:b59e1437-a1c8-4617-9449-130f0635d94e:group-FF1A6FF3A075: set stopIndex = 12
2019-08-30 22:38:42,650 [Thread-3570] INFO  impl.FollowerState (FollowerState.java:run(114)) - b59e1437-a1c8-4617-9449-130f0635d94e: FollowerState was interrupted: java.lang.InterruptedException: sleep interrupted
2019-08-30 22:38:42,650 [StateMachineUpdater:b59e1437-a1c8-4617-9449-130f0635d94e:group-FF1A6FF3A075] INFO  ratis.ContainerStateMachine (ContainerStateMachine.java:takeSnapshot(284)) - group-FF1A6FF3A075: Taking a snapshot at:(t:1, i:7) file /workdir/hadoop-ozone/integration-test/target/test-dir/MiniOzoneClusterImpl-8fb4be1f-1f01-4e1a-8b80-1b2fb75ab186/datanode-0/data/ratis/604ed232-7a43-4b01-a7da-ff1a6ff3a075/sm/snapshot.1_7
2019-08-30 22:38:42,650 [refreshUsed-/workdir/hadoop-ozone/integration-test/target/test-dir/MiniOzoneClusterImpl-8fb4be1f-1f01-4e1a-8b80-1b2fb75ab186/datanode-6/data/containers] WARN  fs.CachingGetSpaceUsed (CachingGetSpaceUsed.java:run(183)) - Thread Interrupted waiting to refresh disk information: sleep interrupted
2019-08-30 22:38:42,664 [main] INFO  utils.BackgroundService (BackgroundService.java:shutdown(148)) - Shutting down service BlockDeletingService
2019-08-30 22:38:42,667 [main] INFO  statemachine.DatanodeStateMachine (DatanodeStateMachine.java:stopDaemon(395)) - Ozone container server stopped.
2019-08-30 22:38:42,668 [main] INFO  handler.ContextHandler (ContextHandler.java:doStop(910)) - Stopped o.e.j.w.WebAppContext@ceb7701{/,null,UNAVAILABLE}{/hddsDatanode}
2019-08-30 22:38:42,669 [main] INFO  server.AbstractConnector (AbstractConnector.java:doStop(318)) - Stopped ServerConnector@5e193ef5{HTTP/1.1,[http/1.1]}{0.0.0.0:0}
2019-08-30 22:38:42,669 [main] INFO  handler.ContextHandler (ContextHandler.java:doStop(910)) - Stopped o.e.j.s.ServletContextHandler@203e705e{/static,jar:file:/home/user/.m2/repository/org/apache/hadoop/hadoop-hdds-container-service/0.5.0-SNAPSHOT/hadoop-hdds-container-service-0.5.0-SNAPSHOT.jar!/webapps/static,UNAVAILABLE}
2019-08-30 22:38:42,670 [StateMachineUpdater:b59e1437-a1c8-4617-9449-130f0635d94e:group-FF1A6FF3A075] INFO  ratis.ContainerStateMachine (ContainerStateMachine.java:takeSnapshot(295)) - group-FF1A6FF3A075: Finished taking a snapshot at:(t:1, i:7) file:/workdir/hadoop-ozone/integration-test/target/test-dir/MiniOzoneClusterImpl-8fb4be1f-1f01-4e1a-8b80-1b2fb75ab186/datanode-0/data/ratis/604ed232-7a43-4b01-a7da-ff1a6ff3a075/sm/snapshot.1_7 time:20
2019-08-30 22:38:42,670 [main] INFO  handler.ContextHandler (ContextHandler.java:doStop(910)) - Stopped o.e.j.s.ServletContextHandler@42a0786f{/logs,file:///workdir/hadoop-ozone/integration-test/target/log,UNAVAILABLE}
2019-08-30 22:38:42,670 [StateMachineUpdater:b59e1437-a1c8-4617-9449-130f0635d94e:group-FF1A6FF3A075] INFO  impl.StateMachineUpdater (StateMachineUpdater.java:takeSnapshot(242)) - StateMachineUpdater:b59e1437-a1c8-4617-9449-130f0635d94e:group-FF1A6FF3A075: Took a snapshot at index 7
2019-08-30 22:38:42,670 [StateMachineUpdater:b59e1437-a1c8-4617-9449-130f0635d94e:group-FF1A6FF3A075] INFO  impl.StateMachineUpdater (StateMachineUpdater.java:lambda$new$0(80)) - StateMachineUpdater:b59e1437-a1c8-4617-9449-130f0635d94e:group-FF1A6FF3A075: snapshotIndex: updateIncreasingly -1 -> 7
2019-08-30 22:38:42,671 [ForkJoinPool.commonPool-worker-1] INFO  impl.RaftServerImpl (ServerState.java:close(394)) - b59e1437-a1c8-4617-9449-130f0635d94e:group-FF1A6FF3A075 closes. The last applied log index is 12
2019-08-30 22:38:42,671 [b59e1437-a1c8-4617-9449-130f0635d94e-SegmentedRaftLogWorker:Storage Directory /workdir/hadoop-ozone/integration-test/target/test-dir/MiniOzoneClusterImpl-8fb4be1f-1f01-4e1a-8b80-1b2fb75ab186/datanode-0/data/ratis/604ed232-7a43-4b01-a7da-ff1a6ff3a075] INFO  segmented.SegmentedRaftLogWorker (SegmentedRaftLogWorker.java:run(313)) - b59e1437-a1c8-4617-9449-130f0635d94e-SegmentedRaftLogWorker:Storage Directory /workdir/hadoop-ozone/integration-test/target/test-dir/MiniOzoneClusterImpl-8fb4be1f-1f01-4e1a-8b80-1b2fb75ab186/datanode-0/data/ratis/604ed232-7a43-4b01-a7da-ff1a6ff3a075 was interrupted, exiting. There are 0 tasks remaining in the queue.
2019-08-30 22:38:42,672 [ForkJoinPool.commonPool-worker-1] INFO  segmented.SegmentedRaftLogWorker (SegmentedRaftLogWorker.java:close(228)) - b59e1437-a1c8-4617-9449-130f0635d94e-SegmentedRaftLogWorker:Storage Directory /workdir/hadoop-ozone/integration-test/target/test-dir/MiniOzoneClusterImpl-8fb4be1f-1f01-4e1a-8b80-1b2fb75ab186/datanode-0/data/ratis/604ed232-7a43-4b01-a7da-ff1a6ff3a075 close()
2019-08-30 22:38:42,675 [ForkJoinPool.commonPool-worker-1] INFO  impl.RaftServerImpl (RaftServerImpl.java:lambda$shutdown$3(245)) - b59e1437-a1c8-4617-9449-130f0635d94e: shutdown group-7F5DAB3F6D30
2019-08-30 22:38:42,675 [ForkJoinPool.commonPool-worker-1] INFO  util.JmxRegister (JmxRegister.java:unregister(73)) - Successfully un-registered JMX Bean with object name Ratis:service=RaftServer,group=group-7F5DAB3F6D30,id=b59e1437-a1c8-4617-9449-130f0635d94e
2019-08-30 22:38:42,675 [ForkJoinPool.commonPool-worker-1] INFO  impl.RoleInfo (RoleInfo.java:shutdownLeaderState(104)) - b59e1437-a1c8-4617-9449-130f0635d94e: shutdown LeaderState
2019-08-30 22:38:42,676 [ForkJoinPool.commonPool-worker-1] INFO  impl.PendingRequests (PendingRequests.java:sendNotLeaderResponses(202)) - b59e1437-a1c8-4617-9449-130f0635d94e-PendingRequests: sendNotLeaderResponses
2019-08-30 22:38:42,676 [ForkJoinPool.commonPool-worker-1] INFO  impl.StateMachineUpdater (StateMachineUpdater.java:stopAndJoin(115)) - StateMachineUpdater:b59e1437-a1c8-4617-9449-130f0635d94e:group-7F5DAB3F6D30: set stopIndex = 0
2019-08-30 22:38:42,676 [ForkJoinPool.commonPool-worker-1] INFO  impl.RaftServerImpl (ServerState.java:close(394)) - b59e1437-a1c8-4617-9449-130f0635d94e:group-7F5DAB3F6D30 closes. The last applied log index is 0
2019-08-30 22:38:42,676 [b59e1437-a1c8-4617-9449-130f0635d94e-SegmentedRaftLogWorker:Storage Directory /workdir/hadoop-ozone/integration-test/target/test-dir/MiniOzoneClusterImpl-8fb4be1f-1f01-4e1a-8b80-1b2fb75ab186/datanode-0/data/ratis/9a697995-1cc6-4981-aea0-7f5dab3f6d30] INFO  segmented.SegmentedRaftLogWorker (SegmentedRaftLogWorker.java:run(313)) - b59e1437-a1c8-4617-9449-130f0635d94e-SegmentedRaftLogWorker:Storage Directory /workdir/hadoop-ozone/integration-test/target/test-dir/MiniOzoneClusterImpl-8fb4be1f-1f01-4e1a-8b80-1b2fb75ab186/datanode-0/data/ratis/9a697995-1cc6-4981-aea0-7f5dab3f6d30 was interrupted, exiting. There are 0 tasks remaining in the queue.
2019-08-30 22:38:42,678 [ForkJoinPool.commonPool-worker-1] INFO  segmented.SegmentedRaftLogWorker (SegmentedRaftLogWorker.java:close(228)) - b59e1437-a1c8-4617-9449-130f0635d94e-SegmentedRaftLogWorker:Storage Directory /workdir/hadoop-ozone/integration-test/target/test-dir/MiniOzoneClusterImpl-8fb4be1f-1f01-4e1a-8b80-1b2fb75ab186/datanode-0/data/ratis/9a697995-1cc6-4981-aea0-7f5dab3f6d30 close()
2019-08-30 22:38:42,680 [ForkJoinPool.commonPool-worker-1] INFO  server.GrpcService (GrpcService.java:closeImpl(155)) - b59e1437-a1c8-4617-9449-130f0635d94e: shutdown server with port 39621 now
2019-08-30 22:38:42,681 [ForkJoinPool.commonPool-worker-1] INFO  server.GrpcService (GrpcService.java:closeImpl(163)) - b59e1437-a1c8-4617-9449-130f0635d94e: shutdown server with port 39621 successfully
2019-08-30 22:38:42,682 [refreshUsed-/workdir/hadoop-ozone/integration-test/target/test-dir/MiniOzoneClusterImpl-8fb4be1f-1f01-4e1a-8b80-1b2fb75ab186/datanode-0/data/containers] WARN  fs.CachingGetSpaceUsed (CachingGetSpaceUsed.java:run(183)) - Thread Interrupted waiting to refresh disk information: sleep interrupted
2019-08-30 22:38:42,694 [ForkJoinPool.commonPool-worker-1] INFO  utils.BackgroundService (BackgroundService.java:shutdown(148)) - Shutting down service BlockDeletingService
2019-08-30 22:38:42,696 [ForkJoinPool.commonPool-worker-1] INFO  statemachine.DatanodeStateMachine (DatanodeStateMachine.java:stopDaemon(395)) - Ozone container server stopped.
2019-08-30 22:38:42,699 [ForkJoinPool.commonPool-worker-1] INFO  handler.ContextHandler (ContextHandler.java:doStop(910)) - Stopped o.e.j.w.WebAppContext@46f73ffa{/,null,UNAVAILABLE}{/hddsDatanode}
2019-08-30 22:38:42,700 [ForkJoinPool.commonPool-worker-1] INFO  server.AbstractConnector (AbstractConnector.java:doStop(318)) - Stopped ServerConnector@41aebbb4{HTTP/1.1,[http/1.1]}{0.0.0.0:0}
2019-08-30 22:38:42,701 [ForkJoinPool.commonPool-worker-1] INFO  handler.ContextHandler (ContextHandler.java:doStop(910)) - Stopped o.e.j.s.ServletContextHandler@16cb9989{/static,jar:file:/home/user/.m2/repository/org/apache/hadoop/hadoop-hdds-container-service/0.5.0-SNAPSHOT/hadoop-hdds-container-service-0.5.0-SNAPSHOT.jar!/webapps/static,UNAVAILABLE}
2019-08-30 22:38:42,702 [ForkJoinPool.commonPool-worker-1] INFO  handler.ContextHandler (ContextHandler.java:doStop(910)) - Stopped o.e.j.s.ServletContextHandler@578a5ce8{/logs,file:///workdir/hadoop-ozone/integration-test/target/log,UNAVAILABLE}
2019-08-30 22:38:43,125 [Datanode State Machine Thread - 0] INFO  statemachine.DatanodeStateMachine (DatanodeStateMachine.java:lambda$startDaemon$0(350)) - Ozone container server started.
2019-08-30 22:38:45,091 [grpc-default-executor-16] WARN  server.GrpcLogAppender (LogUtils.java:warn(134)) - 04c29368-23fb-4365-aaec-69238c5c9731->a5fefde7-037e-4263-b518-79d76143dac2: Failed appendEntries: org.apache.ratis.thirdparty.io.grpc.StatusRuntimeException: UNAVAILABLE: io exception
2019-08-30 22:38:45,091 [grpc-default-executor-12] WARN  server.GrpcLogAppender (LogUtils.java:warn(134)) - 04c29368-23fb-4365-aaec-69238c5c9731->7c6fe567-79fd-4e56-aa02-ded5ff9c30c0: Failed appendEntries: org.apache.ratis.thirdparty.io.grpc.StatusRuntimeException: UNAVAILABLE: io exception
2019-08-30 22:38:45,092 [grpc-default-executor-16] INFO  impl.FollowerInfo (FollowerInfo.java:lambda$new$0(50)) - 04c29368-23fb-4365-aaec-69238c5c9731->a5fefde7-037e-4263-b518-79d76143dac2: nextIndex: updateUnconditionally 5 -> 4
2019-08-30 22:38:45,092 [grpc-default-executor-12] INFO  impl.FollowerInfo (FollowerInfo.java:lambda$new$0(50)) - 04c29368-23fb-4365-aaec-69238c5c9731->7c6fe567-79fd-4e56-aa02-ded5ff9c30c0: nextIndex: updateUnconditionally 9 -> 8
2019-08-30 22:38:47,178 [EventQueue-StaleNodeForStaleNodeHandler] INFO  node.StaleNodeHandler (StaleNodeHandler.java:onMessage(58)) - Datanode 04c29368-23fb-4365-aaec-69238c5c9731{ip: 192.168.36.88, host: pr-hdds-1909-plfbr-3209385976, networkLocation: /default-rack, certSerialId: null} moved to stale state. Finalizing its pipelines [PipelineID=1f1ac4e9-94b1-45e8-9b2b-4741a1b238b0, PipelineID=9c828e55-2b02-460e-a0cc-68f7645e4a5b]
2019-08-30 22:38:47,178 [EventQueue-StaleNodeForStaleNodeHandler] INFO  pipeline.SCMPipelineManager (SCMPipelineManager.java:finalizeAndDestroyPipeline(309)) - destroying pipeline:Pipeline[ Id: 1f1ac4e9-94b1-45e8-9b2b-4741a1b238b0, Nodes: 04c29368-23fb-4365-aaec-69238c5c9731{ip: 192.168.36.88, host: pr-hdds-1909-plfbr-3209385976, networkLocation: /default-rack, certSerialId: null}7c6fe567-79fd-4e56-aa02-ded5ff9c30c0{ip: 192.168.36.88, host: pr-hdds-1909-plfbr-3209385976, networkLocation: /default-rack, certSerialId: null}a5fefde7-037e-4263-b518-79d76143dac2{ip: 192.168.36.88, host: pr-hdds-1909-plfbr-3209385976, networkLocation: /default-rack, certSerialId: null}, Type:RATIS, Factor:THREE, State:CLOSED]
2019-08-30 22:38:47,178 [EventQueue-StaleNodeForStaleNodeHandler] INFO  pipeline.SCMPipelineManager (SCMPipelineManager.java:finalizeAndDestroyPipeline(309)) - destroying pipeline:Pipeline[ Id: 9c828e55-2b02-460e-a0cc-68f7645e4a5b, Nodes: 04c29368-23fb-4365-aaec-69238c5c9731{ip: 192.168.36.88, host: pr-hdds-1909-plfbr-3209385976, networkLocation: /default-rack, certSerialId: null}, Type:RATIS, Factor:ONE, State:OPEN]
2019-08-30 22:38:47,179 [EventQueue-StaleNodeForStaleNodeHandler] INFO  pipeline.PipelineStateManager (PipelineStateManager.java:finalizePipeline(123)) - Pipeline Pipeline[ Id: 9c828e55-2b02-460e-a0cc-68f7645e4a5b, Nodes: 04c29368-23fb-4365-aaec-69238c5c9731{ip: 192.168.36.88, host: pr-hdds-1909-plfbr-3209385976, networkLocation: /default-rack, certSerialId: null}, Type:RATIS, Factor:ONE, State:CLOSED] moved to CLOSED state
2019-08-30 22:38:47,591 [grpc-default-executor-15] WARN  server.GrpcLogAppender (LogUtils.java:warn(134)) - 04c29368-23fb-4365-aaec-69238c5c9731->a5fefde7-037e-4263-b518-79d76143dac2: Failed appendEntries: org.apache.ratis.thirdparty.io.grpc.StatusRuntimeException: UNAVAILABLE: io exception
2019-08-30 22:38:47,591 [grpc-default-executor-2] WARN  server.GrpcLogAppender (LogUtils.java:warn(134)) - 04c29368-23fb-4365-aaec-69238c5c9731->7c6fe567-79fd-4e56-aa02-ded5ff9c30c0: Failed appendEntries: org.apache.ratis.thirdparty.io.grpc.StatusRuntimeException: UNAVAILABLE: io exception
2019-08-30 22:38:47,592 [grpc-default-executor-15] INFO  impl.FollowerInfo (FollowerInfo.java:lambda$new$0(50)) - 04c29368-23fb-4365-aaec-69238c5c9731->a5fefde7-037e-4263-b518-79d76143dac2: nextIndex: updateUnconditionally 4 -> 3
2019-08-30 22:38:47,592 [grpc-default-executor-2] INFO  impl.FollowerInfo (FollowerInfo.java:lambda$new$0(50)) - 04c29368-23fb-4365-aaec-69238c5c9731->7c6fe567-79fd-4e56-aa02-ded5ff9c30c0: nextIndex: updateUnconditionally 8 -> 7
2019-08-30 22:38:47,671 [main] INFO  ozoneimpl.OzoneContainer (OzoneContainer.java:stop(215)) - Attempting to stop container services.
2019-08-30 22:38:47,672 [main] INFO  impl.RaftServerProxy (RaftServerProxy.java:lambda$close$4(314)) - 04c29368-23fb-4365-aaec-69238c5c9731: close
2019-08-30 22:38:47,672 [main] INFO  impl.RaftServerImpl (RaftServerImpl.java:lambda$shutdown$3(245)) - 04c29368-23fb-4365-aaec-69238c5c9731: shutdown group-4741A1B238B0
2019-08-30 22:38:47,672 [main] INFO  util.JmxRegister (JmxRegister.java:unregister(73)) - Successfully un-registered JMX Bean with object name Ratis:service=RaftServer,group=group-4741A1B238B0,id=04c29368-23fb-4365-aaec-69238c5c9731
2019-08-30 22:38:47,673 [main] INFO  impl.RoleInfo (RoleInfo.java:shutdownLeaderState(104)) - 04c29368-23fb-4365-aaec-69238c5c9731: shutdown LeaderState
2019-08-30 22:38:47,673 [main] INFO  impl.PendingRequests (PendingRequests.java:sendNotLeaderResponses(202)) - 04c29368-23fb-4365-aaec-69238c5c9731-PendingRequests: sendNotLeaderResponses
2019-08-30 22:38:47,673 [org.apache.ratis.server.impl.LogAppender$AppenderDaemon$$Lambda$538/968503794@45424694] WARN  server.GrpcLogAppender (GrpcLogAppender.java:mayWait(143)) - GrpcLogAppender(04c29368-23fb-4365-aaec-69238c5c9731->a5fefde7-037e-4263-b518-79d76143dac2): Wait interrupted by java.lang.InterruptedException
2019-08-30 22:38:47,673 [org.apache.ratis.server.impl.LogAppender$AppenderDaemon$$Lambda$538/968503794@40d058] WARN  server.GrpcLogAppender (GrpcLogAppender.java:mayWait(143)) - GrpcLogAppender(04c29368-23fb-4365-aaec-69238c5c9731->7c6fe567-79fd-4e56-aa02-ded5ff9c30c0): Wait interrupted by java.lang.InterruptedException
2019-08-30 22:38:47,678 [main] INFO  impl.StateMachineUpdater (StateMachineUpdater.java:stopAndJoin(115)) - StateMachineUpdater:04c29368-23fb-4365-aaec-69238c5c9731:group-4741A1B238B0: set stopIndex = 11
2019-08-30 22:38:47,678 [StateMachineUpdater:04c29368-23fb-4365-aaec-69238c5c9731:group-4741A1B238B0] INFO  ratis.ContainerStateMachine (ContainerStateMachine.java:takeSnapshot(284)) - group-4741A1B238B0: Taking a snapshot at:(t:1, i:11) file /workdir/hadoop-ozone/integration-test/target/test-dir/MiniOzoneClusterImpl-8fb4be1f-1f01-4e1a-8b80-1b2fb75ab186/datanode-5/data/ratis/1f1ac4e9-94b1-45e8-9b2b-4741a1b238b0/sm/snapshot.1_11
2019-08-30 22:38:47,705 [StateMachineUpdater:04c29368-23fb-4365-aaec-69238c5c9731:group-4741A1B238B0] INFO  ratis.ContainerStateMachine (ContainerStateMachine.java:takeSnapshot(295)) - group-4741A1B238B0: Finished taking a snapshot at:(t:1, i:11) file:/workdir/hadoop-ozone/integration-test/target/test-dir/MiniOzoneClusterImpl-8fb4be1f-1f01-4e1a-8b80-1b2fb75ab186/datanode-5/data/ratis/1f1ac4e9-94b1-45e8-9b2b-4741a1b238b0/sm/snapshot.1_11 time:28
2019-08-30 22:38:47,706 [StateMachineUpdater:04c29368-23fb-4365-aaec-69238c5c9731:group-4741A1B238B0] INFO  impl.StateMachineUpdater (StateMachineUpdater.java:takeSnapshot(242)) - StateMachineUpdater:04c29368-23fb-4365-aaec-69238c5c9731:group-4741A1B238B0: Took a snapshot at index 11
2019-08-30 22:38:47,706 [StateMachineUpdater:04c29368-23fb-4365-aaec-69238c5c9731:group-4741A1B238B0] INFO  impl.StateMachineUpdater (StateMachineUpdater.java:lambda$new$0(80)) - StateMachineUpdater:04c29368-23fb-4365-aaec-69238c5c9731:group-4741A1B238B0: snapshotIndex: updateIncreasingly -1 -> 11
2019-08-30 22:38:47,706 [main] INFO  impl.RaftServerImpl (ServerState.java:close(394)) - 04c29368-23fb-4365-aaec-69238c5c9731:group-4741A1B238B0 closes. The last applied log index is 11
2019-08-30 22:38:47,706 [04c29368-23fb-4365-aaec-69238c5c9731-SegmentedRaftLogWorker:Storage Directory /workdir/hadoop-ozone/integration-test/target/test-dir/MiniOzoneClusterImpl-8fb4be1f-1f01-4e1a-8b80-1b2fb75ab186/datanode-5/data/ratis/1f1ac4e9-94b1-45e8-9b2b-4741a1b238b0] INFO  segmented.SegmentedRaftLogWorker (SegmentedRaftLogWorker.java:run(313)) - 04c29368-23fb-4365-aaec-69238c5c9731-SegmentedRaftLogWorker:Storage Directory /workdir/hadoop-ozone/integration-test/target/test-dir/MiniOzoneClusterImpl-8fb4be1f-1f01-4e1a-8b80-1b2fb75ab186/datanode-5/data/ratis/1f1ac4e9-94b1-45e8-9b2b-4741a1b238b0 was interrupted, exiting. There are 0 tasks remaining in the queue.
2019-08-30 22:38:47,708 [main] INFO  segmented.SegmentedRaftLogWorker (SegmentedRaftLogWorker.java:close(228)) - 04c29368-23fb-4365-aaec-69238c5c9731-SegmentedRaftLogWorker:Storage Directory /workdir/hadoop-ozone/integration-test/target/test-dir/MiniOzoneClusterImpl-8fb4be1f-1f01-4e1a-8b80-1b2fb75ab186/datanode-5/data/ratis/1f1ac4e9-94b1-45e8-9b2b-4741a1b238b0 close()
2019-08-30 22:38:47,709 [main] INFO  impl.RaftServerImpl (RaftServerImpl.java:lambda$shutdown$3(245)) - 04c29368-23fb-4365-aaec-69238c5c9731: shutdown group-68F7645E4A5B
2019-08-30 22:38:47,709 [main] INFO  util.JmxRegister (JmxRegister.java:unregister(73)) - Successfully un-registered JMX Bean with object name Ratis:service=RaftServer,group=group-68F7645E4A5B,id=04c29368-23fb-4365-aaec-69238c5c9731
2019-08-30 22:38:47,710 [main] INFO  impl.RoleInfo (RoleInfo.java:shutdownLeaderState(104)) - 04c29368-23fb-4365-aaec-69238c5c9731: shutdown LeaderState
2019-08-30 22:38:47,710 [main] INFO  impl.PendingRequests (PendingRequests.java:sendNotLeaderResponses(202)) - 04c29368-23fb-4365-aaec-69238c5c9731-PendingRequests: sendNotLeaderResponses
2019-08-30 22:38:47,710 [main] INFO  impl.StateMachineUpdater (StateMachineUpdater.java:stopAndJoin(115)) - StateMachineUpdater:04c29368-23fb-4365-aaec-69238c5c9731:group-68F7645E4A5B: set stopIndex = 0
2019-08-30 22:38:47,711 [main] INFO  impl.RaftServerImpl (ServerState.java:close(394)) - 04c29368-23fb-4365-aaec-69238c5c9731:group-68F7645E4A5B closes. The last applied log index is 0
2019-08-30 22:38:47,711 [04c29368-23fb-4365-aaec-69238c5c9731-SegmentedRaftLogWorker:Storage Directory /workdir/hadoop-ozone/integration-test/target/test-dir/MiniOzoneClusterImpl-8fb4be1f-1f01-4e1a-8b80-1b2fb75ab186/datanode-5/data/ratis/9c828e55-2b02-460e-a0cc-68f7645e4a5b] INFO  segmented.SegmentedRaftLogWorker (SegmentedRaftLogWorker.java:run(313)) - 04c29368-23fb-4365-aaec-69238c5c9731-SegmentedRaftLogWorker:Storage Directory /workdir/hadoop-ozone/integration-test/target/test-dir/MiniOzoneClusterImpl-8fb4be1f-1f01-4e1a-8b80-1b2fb75ab186/datanode-5/data/ratis/9c828e55-2b02-460e-a0cc-68f7645e4a5b was interrupted, exiting. There are 0 tasks remaining in the queue.
2019-08-30 22:38:47,712 [main] INFO  segmented.SegmentedRaftLogWorker (SegmentedRaftLogWorker.java:close(228)) - 04c29368-23fb-4365-aaec-69238c5c9731-SegmentedRaftLogWorker:Storage Directory /workdir/hadoop-ozone/integration-test/target/test-dir/MiniOzoneClusterImpl-8fb4be1f-1f01-4e1a-8b80-1b2fb75ab186/datanode-5/data/ratis/9c828e55-2b02-460e-a0cc-68f7645e4a5b close()
2019-08-30 22:38:47,714 [main] INFO  server.GrpcService (GrpcService.java:closeImpl(155)) - 04c29368-23fb-4365-aaec-69238c5c9731: shutdown server with port 36284 now
2019-08-30 22:38:47,715 [grpc-default-executor-15] WARN  client.GrpcClientProtocolService (LogUtils.java:warn(134)) - 3-UnorderedRequestStreamObserver3: onError: org.apache.ratis.thirdparty.io.grpc.StatusRuntimeException: CANCELLED: cancelled before receiving half close
2019-08-30 22:38:47,715 [main] INFO  server.GrpcService (GrpcService.java:closeImpl(163)) - 04c29368-23fb-4365-aaec-69238c5c9731: shutdown server with port 36284 successfully
2019-08-30 22:38:47,720 [refreshUsed-/workdir/hadoop-ozone/integration-test/target/test-dir/MiniOzoneClusterImpl-8fb4be1f-1f01-4e1a-8b80-1b2fb75ab186/datanode-5/data/containers] WARN  fs.CachingGetSpaceUsed (CachingGetSpaceUsed.java:run(183)) - Thread Interrupted waiting to refresh disk information: sleep interrupted
2019-08-30 22:38:47,733 [main] INFO  utils.BackgroundService (BackgroundService.java:shutdown(148)) - Shutting down service BlockDeletingService
2019-08-30 22:38:47,735 [main] INFO  statemachine.DatanodeStateMachine (DatanodeStateMachine.java:stopDaemon(395)) - Ozone container server stopped.
2019-08-30 22:38:47,736 [main] INFO  handler.ContextHandler (ContextHandler.java:doStop(910)) - Stopped o.e.j.w.WebAppContext@40bd0f8{/,null,UNAVAILABLE}{/hddsDatanode}
2019-08-30 22:38:47,736 [main] INFO  server.AbstractConnector (AbstractConnector.java:doStop(318)) - Stopped ServerConnector@7eb27768{HTTP/1.1,[http/1.1]}{0.0.0.0:0}
2019-08-30 22:38:47,737 [main] INFO  handler.ContextHandler (ContextHandler.java:doStop(910)) - Stopped o.e.j.s.ServletContextHandler@509a6095{/static,jar:file:/home/user/.m2/repository/org/apache/hadoop/hadoop-hdds-container-service/0.5.0-SNAPSHOT/hadoop-hdds-container-service-0.5.0-SNAPSHOT.jar!/webapps/static,UNAVAILABLE}
2019-08-30 22:38:47,737 [main] INFO  handler.ContextHandler (ContextHandler.java:doStop(910)) - Stopped o.e.j.s.ServletContextHandler@79252c83{/logs,file:///workdir/hadoop-ozone/integration-test/target/log,UNAVAILABLE}
2019-08-30 22:38:47,738 [main] INFO  ozone.MiniOzoneClusterImpl (MiniOzoneClusterImpl.java:stop(339)) - Stopping the StorageContainerManager
2019-08-30 22:38:47,738 [main] INFO  server.StorageContainerManager (StorageContainerManager.java:stop(797)) - Stopping Replication Manager Service.
2019-08-30 22:38:47,738 [main] INFO  container.ReplicationManager (ReplicationManager.java:stop(203)) - Stopping Replication Monitor Thread.
2019-08-30 22:38:47,738 [main] INFO  server.StorageContainerManager (StorageContainerManager.java:stop(804)) - Stopping Lease Manager of the command watchers
2019-08-30 22:38:47,739 [main] INFO  server.StorageContainerManager (StorageContainerManager.java:stop(811)) - Stopping datanode service RPC server
2019-08-30 22:38:47,739 [main] INFO  server.SCMDatanodeProtocolServer (SCMDatanodeProtocolServer.java:stop(367)) - Stopping the RPC server for DataNodes
2019-08-30 22:38:47,739 [main] INFO  ipc.Server (Server.java:stop(3082)) - Stopping server on 44911
2019-08-30 22:38:47,741 [IPC Server listener on 44911] INFO  ipc.Server (Server.java:run(1185)) - Stopping IPC Server listener on 44911
2019-08-30 22:38:47,741 [IPC Server Responder] INFO  ipc.Server (Server.java:run(1319)) - Stopping IPC Server Responder
2019-08-30 22:38:47,778 [SCM Heartbeat Processing Thread - 0] WARN  node.NodeStateManager (NodeStateManager.java:scheduleNextHealthCheck(646)) - Current Thread is interrupted, shutting down HB processing thread for Node Manager.
2019-08-30 22:38:47,779 [main] INFO  server.StorageContainerManager (StorageContainerManager.java:stop(819)) - Stopping block service RPC server
2019-08-30 22:38:47,779 [main] INFO  server.SCMBlockProtocolServer (SCMBlockProtocolServer.java:stop(155)) - Stopping the RPC server for Block Protocol
2019-08-30 22:38:47,779 [main] INFO  ipc.Server (Server.java:stop(3082)) - Stopping server on 35845
2019-08-30 22:38:47,780 [IPC Server listener on 35845] INFO  ipc.Server (Server.java:run(1185)) - Stopping IPC Server listener on 35845
2019-08-30 22:38:47,781 [IPC Server Responder] INFO  ipc.Server (Server.java:run(1319)) - Stopping IPC Server Responder
2019-08-30 22:38:47,781 [main] INFO  server.StorageContainerManager (StorageContainerManager.java:stop(826)) - Stopping the StorageContainerLocationProtocol RPC server
2019-08-30 22:38:47,782 [main] INFO  server.SCMClientProtocolServer (SCMClientProtocolServer.java:stop(159)) - Stopping the RPC server for Client Protocol
2019-08-30 22:38:47,782 [main] INFO  ipc.Server (Server.java:stop(3082)) - Stopping server on 38150
2019-08-30 22:38:47,785 [main] INFO  server.StorageContainerManager (StorageContainerManager.java:stop(833)) - Stopping Storage Container Manager HTTP server.
2019-08-30 22:38:47,785 [IPC Server listener on 38150] INFO  ipc.Server (Server.java:run(1185)) - Stopping IPC Server listener on 38150
2019-08-30 22:38:47,785 [IPC Server Responder] INFO  ipc.Server (Server.java:run(1319)) - Stopping IPC Server Responder
2019-08-30 22:38:47,787 [main] INFO  handler.ContextHandler (ContextHandler.java:doStop(910)) - Stopped o.e.j.w.WebAppContext@1e6060f1{/,null,UNAVAILABLE}{/scm}
2019-08-30 22:38:47,787 [main] INFO  server.AbstractConnector (AbstractConnector.java:doStop(318)) - Stopped ServerConnector@7e49ded{HTTP/1.1,[http/1.1]}{0.0.0.0:0}
2019-08-30 22:38:47,788 [main] INFO  handler.ContextHandler (ContextHandler.java:doStop(910)) - Stopped o.e.j.s.ServletContextHandler@26c77f54{/static,file:///workdir/hadoop-ozone/integration-test/target/test-classes/webapps/static,UNAVAILABLE}
2019-08-30 22:38:47,788 [main] INFO  handler.ContextHandler (ContextHandler.java:doStop(910)) - Stopped o.e.j.s.ServletContextHandler@f5bf288{/logs,file:///workdir/hadoop-ozone/integration-test/target/log,UNAVAILABLE}
2019-08-30 22:38:47,788 [main] INFO  server.StorageContainerManager (StorageContainerManager.java:stop(844)) - Stopping Block Manager Service.
2019-08-30 22:38:47,789 [main] INFO  utils.BackgroundService (BackgroundService.java:shutdown(148)) - Shutting down service SCMBlockDeletingService
2019-08-30 22:38:47,789 [main] INFO  utils.BackgroundService (BackgroundService.java:shutdown(148)) - Shutting down service SCMBlockDeletingService
2019-08-30 22:38:47,789 [main] INFO  server.StorageContainerManager (StorageContainerManager.java:stop(866)) - Stopping SCM Event Queue.
2019-08-30 22:38:47,792 [main] INFO  impl.MetricsSystemImpl (MetricsSystemImpl.java:stop(210)) - Stopping HddsDatanode metrics system...
2019-08-30 22:38:47,799 [main] INFO  impl.MetricsSystemImpl (MetricsSystemImpl.java:stop(216)) - HddsDatanode metrics system stopped.
]]></system-out>
  </testcase>
  <testcase name="testFailureWithPrimeSizedData" classname="org.apache.hadoop.ozone.client.rpc.TestBlockOutputStreamWithFailures" time="33.692"/>
  <testcase name="testWatchForCommitWithCloseContainerException" classname="org.apache.hadoop.ozone.client.rpc.TestBlockOutputStreamWithFailures" time="36.398"/>
  <testcase name="testExceptionDuringClose" classname="org.apache.hadoop.ozone.client.rpc.TestBlockOutputStreamWithFailures" time="39.15"/>
</testsuite>